<?xml version="1.0" encoding="UTF-8"?>
<testsuite xmlns:xsi="http://www.w3.org/2001/XMLSchema-instance" xsi:noNamespaceSchemaLocation="https://maven.apache.org/surefire/maven-surefire-plugin/xsd/surefire-test-report.xsd" name="org.apache.hadoop.ozone.client.rpc.TestFailureHandlingByClient" time="713.679" tests="5" errors="5" skipped="0" failures="0">
  <properties>
    <property name="awt.toolkit" value="sun.awt.X11.XToolkit"/>
    <property name="file.encoding.pkg" value="sun.io"/>
    <property name="java.specification.version" value="1.8"/>
    <property name="sun.cpu.isalist" value=""/>
    <property name="sun.jnu.encoding" value="UTF-8"/>
    <property name="java.class.path" value="/workdir/hadoop-ozone/integration-test/target/test-classes:/workdir/hadoop-ozone/integration-test/target/classes:/home/user/.m2/repository/org/apache/hadoop/hadoop-ozone-common/0.5.0-SNAPSHOT/hadoop-ozone-common-0.5.0-SNAPSHOT.jar:/home/user/.m2/repository/org/apache/commons/commons-compress/1.4.1/commons-compress-1.4.1.jar:/home/user/.m2/repository/org/tukaani/xz/1.0/xz-1.0.jar:/home/user/.m2/repository/org/apache/hadoop/hadoop-common/3.2.0/hadoop-common-3.2.0.jar:/home/user/.m2/repository/org/apache/hadoop/hadoop-hdfs/3.2.0/hadoop-hdfs-3.2.0.jar:/home/user/.m2/repository/org/apache/hadoop/hadoop-hdfs-client/3.2.0/hadoop-hdfs-client-3.2.0.jar:/home/user/.m2/repository/com/fasterxml/jackson/core/jackson-annotations/2.9.9/jackson-annotations-2.9.9.jar:/home/user/.m2/repository/org/apache/hadoop/hadoop-hdds-common/0.5.0-SNAPSHOT/hadoop-hdds-common-0.5.0-SNAPSHOT.jar:/home/user/.m2/repository/javax/annotation/javax.annotation-api/1.2/javax.annotation-api-1.2.jar:/home/user/.m2/repository/org/apache/ratis/ratis-server/0.4.0/ratis-server-0.4.0.jar:/home/user/.m2/repository/org/apache/ratis/ratis-thirdparty-misc/0.2.0/ratis-thirdparty-misc-0.2.0.jar:/home/user/.m2/repository/org/apache/ratis/ratis-proto/0.4.0/ratis-proto-0.4.0.jar:/home/user/.m2/repository/org/apache/ratis/ratis-common/0.4.0/ratis-common-0.4.0.jar:/home/user/.m2/repository/org/apache/ratis/ratis-client/0.4.0/ratis-client-0.4.0.jar:/home/user/.m2/repository/org/apache/ratis/ratis-metrics/0.4.0/ratis-metrics-0.4.0.jar:/home/user/.m2/repository/com/github/joshelser/dropwizard-metrics-hadoop-metrics2-reporter/0.1.2/dropwizard-metrics-hadoop-metrics2-reporter-0.1.2.jar:/home/user/.m2/repository/io/dropwizard/metrics/metrics-jvm/3.2.5/metrics-jvm-3.2.5.jar:/home/user/.m2/repository/io/dropwizard/metrics/metrics-ganglia/3.2.5/metrics-ganglia-3.2.5.jar:/home/user/.m2/repository/info/ganglia/gmetric4j/gmetric4j/1.0.7/gmetric4j-1.0.7.jar:/home/user/.m2/repository/org/apache/ratis/ratis-netty/0.4.0/ratis-netty-0.4.0.jar:/home/user/.m2/repository/org/apache/ratis/ratis-grpc/0.4.0/ratis-grpc-0.4.0.jar:/home/user/.m2/repository/org/rocksdb/rocksdbjni/6.0.1/rocksdbjni-6.0.1.jar:/home/user/.m2/repository/org/apache/logging/log4j/log4j-api/2.11.0/log4j-api-2.11.0.jar:/home/user/.m2/repository/org/apache/logging/log4j/log4j-core/2.11.0/log4j-core-2.11.0.jar:/home/user/.m2/repository/com/lmax/disruptor/3.4.2/disruptor-3.4.2.jar:/home/user/.m2/repository/org/apache/commons/commons-pool2/2.6.0/commons-pool2-2.6.0.jar:/home/user/.m2/repository/org/bouncycastle/bcpkix-jdk15on/1.60/bcpkix-jdk15on-1.60.jar:/home/user/.m2/repository/commons-validator/commons-validator/1.6/commons-validator-1.6.jar:/home/user/.m2/repository/commons-digester/commons-digester/1.8.1/commons-digester-1.8.1.jar:/home/user/.m2/repository/io/jaegertracing/jaeger-client/0.34.0/jaeger-client-0.34.0.jar:/home/user/.m2/repository/io/jaegertracing/jaeger-thrift/0.34.0/jaeger-thrift-0.34.0.jar:/home/user/.m2/repository/org/apache/thrift/libthrift/0.12.0/libthrift-0.12.0.jar:/home/user/.m2/repository/com/squareup/okhttp3/okhttp/3.9.0/okhttp-3.9.0.jar:/home/user/.m2/repository/com/squareup/okio/okio/1.13.0/okio-1.13.0.jar:/home/user/.m2/repository/io/jaegertracing/jaeger-core/0.34.0/jaeger-core-0.34.0.jar:/home/user/.m2/repository/io/jaegertracing/jaeger-tracerresolver/0.34.0/jaeger-tracerresolver-0.34.0.jar:/home/user/.m2/repository/io/opentracing/contrib/opentracing-tracerresolver/0.1.5/opentracing-tracerresolver-0.1.5.jar:/home/user/.m2/repository/io/opentracing/opentracing-util/0.31.0/opentracing-util-0.31.0.jar:/home/user/.m2/repository/io/opentracing/opentracing-api/0.31.0/opentracing-api-0.31.0.jar:/home/user/.m2/repository/io/opentracing/opentracing-noop/0.31.0/opentracing-noop-0.31.0.jar:/home/user/.m2/repository/org/apache/hadoop/hadoop-hdds-server-framework/0.5.0-SNAPSHOT/hadoop-hdds-server-framework-0.5.0-SNAPSHOT.jar:/home/user/.m2/repository/org/apache/hadoop/hadoop-hdds-container-service/0.5.0-SNAPSHOT/hadoop-hdds-container-service-0.5.0-SNAPSHOT.jar:/home/user/.m2/repository/org/apache/hadoop/hadoop-hdds-client/0.5.0-SNAPSHOT/hadoop-hdds-client-0.5.0-SNAPSHOT.jar:/home/user/.m2/repository/org/apache/hadoop/hadoop-hdds-tools/0.5.0-SNAPSHOT/hadoop-hdds-tools-0.5.0-SNAPSHOT.jar:/home/user/.m2/repository/org/apache/hadoop/hadoop-hdds-server-scm/0.5.0-SNAPSHOT/hadoop-hdds-server-scm-0.5.0-SNAPSHOT.jar:/home/user/.m2/repository/org/apache/hadoop/hadoop-hdds-docs/0.5.0-SNAPSHOT/hadoop-hdds-docs-0.5.0-SNAPSHOT.jar:/home/user/.m2/repository/io/dropwizard/metrics/metrics-core/3.2.4/metrics-core-3.2.4.jar:/home/user/.m2/repository/org/hamcrest/hamcrest-all/1.3/hamcrest-all-1.3.jar:/home/user/.m2/repository/org/bouncycastle/bcprov-jdk15on/1.60/bcprov-jdk15on-1.60.jar:/home/user/.m2/repository/info/picocli/picocli/3.9.6/picocli-3.9.6.jar:/home/user/.m2/repository/com/google/protobuf/protobuf-java/2.5.0/protobuf-java-2.5.0.jar:/home/user/.m2/repository/com/google/guava/guava/11.0.2/guava-11.0.2.jar:/home/user/.m2/repository/org/apache/hadoop/hadoop-ozone-ozone-manager/0.5.0-SNAPSHOT/hadoop-ozone-ozone-manager-0.5.0-SNAPSHOT.jar:/home/user/.m2/repository/org/apache/hadoop/hadoop-minikdc/3.2.0/hadoop-minikdc-3.2.0.jar:/home/user/.m2/repository/commons-io/commons-io/2.5/commons-io-2.5.jar:/home/user/.m2/repository/org/apache/kerby/kerb-simplekdc/1.0.1/kerb-simplekdc-1.0.1.jar:/home/user/.m2/repository/org/apache/kerby/kerb-client/1.0.1/kerb-client-1.0.1.jar:/home/user/.m2/repository/org/apache/kerby/kerby-config/1.0.1/kerby-config-1.0.1.jar:/home/user/.m2/repository/org/apache/kerby/kerb-core/1.0.1/kerb-core-1.0.1.jar:/home/user/.m2/repository/org/apache/kerby/kerby-pkix/1.0.1/kerby-pkix-1.0.1.jar:/home/user/.m2/repository/org/apache/kerby/kerby-asn1/1.0.1/kerby-asn1-1.0.1.jar:/home/user/.m2/repository/org/apache/kerby/kerby-util/1.0.1/kerby-util-1.0.1.jar:/home/user/.m2/repository/org/apache/kerby/kerb-common/1.0.1/kerb-common-1.0.1.jar:/home/user/.m2/repository/org/apache/kerby/kerb-crypto/1.0.1/kerb-crypto-1.0.1.jar:/home/user/.m2/repository/org/apache/kerby/kerb-util/1.0.1/kerb-util-1.0.1.jar:/home/user/.m2/repository/org/apache/kerby/token-provider/1.0.1/token-provider-1.0.1.jar:/home/user/.m2/repository/org/apache/kerby/kerb-admin/1.0.1/kerb-admin-1.0.1.jar:/home/user/.m2/repository/org/apache/kerby/kerb-server/1.0.1/kerb-server-1.0.1.jar:/home/user/.m2/repository/org/apache/kerby/kerb-identity/1.0.1/kerb-identity-1.0.1.jar:/home/user/.m2/repository/org/apache/kerby/kerby-xdr/1.0.1/kerby-xdr-1.0.1.jar:/home/user/.m2/repository/org/slf4j/slf4j-log4j12/1.7.25/slf4j-log4j12-1.7.25.jar:/home/user/.m2/repository/org/apache/hadoop/hadoop-ozone-s3gateway/0.5.0-SNAPSHOT/hadoop-ozone-s3gateway-0.5.0-SNAPSHOT.jar:/home/user/.m2/repository/org/jboss/weld/servlet/weld-servlet/2.4.7.Final/weld-servlet-2.4.7.Final.jar:/home/user/.m2/repository/org/glassfish/jersey/containers/jersey-container-servlet-core/2.27/jersey-container-servlet-core-2.27.jar:/home/user/.m2/repository/org/glassfish/hk2/external/javax.inject/2.5.0-b42/javax.inject-2.5.0-b42.jar:/home/user/.m2/repository/org/glassfish/jersey/core/jersey-common/2.27/jersey-common-2.27.jar:/home/user/.m2/repository/org/glassfish/hk2/osgi-resource-locator/1.0.1/osgi-resource-locator-1.0.1.jar:/home/user/.m2/repository/javax/ws/rs/javax.ws.rs-api/2.1/javax.ws.rs-api-2.1.jar:/home/user/.m2/repository/org/glassfish/jersey/ext/cdi/jersey-cdi1x/2.27/jersey-cdi1x-2.27.jar:/home/user/.m2/repository/org/glassfish/jersey/inject/jersey-hk2/2.27/jersey-hk2-2.27.jar:/home/user/.m2/repository/org/glassfish/hk2/hk2-locator/2.5.0-b42/hk2-locator-2.5.0-b42.jar:/home/user/.m2/repository/org/javassist/javassist/3.22.0-CR2/javassist-3.22.0-CR2.jar:/home/user/.m2/repository/org/glassfish/hk2/hk2-api/2.5.0/hk2-api-2.5.0.jar:/home/user/.m2/repository/org/glassfish/hk2/external/jakarta.inject/2.5.0/jakarta.inject-2.5.0.jar:/home/user/.m2/repository/org/glassfish/hk2/hk2-utils/2.5.0/hk2-utils-2.5.0.jar:/home/user/.m2/repository/jakarta/annotation/jakarta.annotation-api/1.3.4/jakarta.annotation-api-1.3.4.jar:/home/user/.m2/repository/org/glassfish/hk2/external/aopalliance-repackaged/2.5.0/aopalliance-repackaged-2.5.0.jar:/home/user/.m2/repository/com/fasterxml/jackson/dataformat/jackson-dataformat-xml/2.9.0/jackson-dataformat-xml-2.9.0.jar:/home/user/.m2/repository/com/fasterxml/jackson/core/jackson-core/2.9.9/jackson-core-2.9.9.jar:/home/user/.m2/repository/com/fasterxml/jackson/module/jackson-module-jaxb-annotations/2.9.9/jackson-module-jaxb-annotations-2.9.9.jar:/home/user/.m2/repository/javax/enterprise/cdi-api/1.2/cdi-api-1.2.jar:/home/user/.m2/repository/javax/el/javax.el-api/3.0.0/javax.el-api-3.0.0.jar:/home/user/.m2/repository/javax/interceptor/javax.interceptor-api/1.2/javax.interceptor-api-1.2.jar:/home/user/.m2/repository/javax/inject/javax.inject/1/javax.inject-1.jar:/home/user/.m2/repository/com/sun/xml/bind/jaxb-impl/2.3.0.1/jaxb-impl-2.3.0.1.jar:/home/user/.m2/repository/com/sun/xml/bind/jaxb-core/2.3.0.1/jaxb-core-2.3.0.1.jar:/home/user/.m2/repository/javax/xml/bind/jaxb-api/2.3.0/jaxb-api-2.3.0.jar:/home/user/.m2/repository/javax/activation/activation/1.1.1/activation-1.1.1.jar:/home/user/.m2/repository/org/apache/hadoop/hadoop-ozone-csi/0.5.0-SNAPSHOT/hadoop-ozone-csi-0.5.0-SNAPSHOT.jar:/home/user/.m2/repository/com/google/protobuf/protobuf-java-util/3.5.1/protobuf-java-util-3.5.1.jar:/home/user/.m2/repository/org/apache/hadoop/hadoop-hdds-config/0.5.0-SNAPSHOT/hadoop-hdds-config-0.5.0-SNAPSHOT.jar:/home/user/.m2/repository/io/grpc/grpc-netty/1.17.1/grpc-netty-1.17.1.jar:/home/user/.m2/repository/io/grpc/grpc-core/1.17.1/grpc-core-1.17.1.jar:/home/user/.m2/repository/io/grpc/grpc-context/1.17.1/grpc-context-1.17.1.jar:/home/user/.m2/repository/com/google/errorprone/error_prone_annotations/2.2.0/error_prone_annotations-2.2.0.jar:/home/user/.m2/repository/org/codehaus/mojo/animal-sniffer-annotations/1.17/animal-sniffer-annotations-1.17.jar:/home/user/.m2/repository/io/opencensus/opencensus-api/0.17.0/opencensus-api-0.17.0.jar:/home/user/.m2/repository/io/opencensus/opencensus-contrib-grpc-metrics/0.17.0/opencensus-contrib-grpc-metrics-0.17.0.jar:/home/user/.m2/repository/io/netty/netty-codec-http2/4.1.30.Final/netty-codec-http2-4.1.30.Final.jar:/home/user/.m2/repository/io/netty/netty-codec-http/4.1.30.Final/netty-codec-http-4.1.30.Final.jar:/home/user/.m2/repository/io/netty/netty-codec/4.1.30.Final/netty-codec-4.1.30.Final.jar:/home/user/.m2/repository/io/netty/netty-handler/4.1.30.Final/netty-handler-4.1.30.Final.jar:/home/user/.m2/repository/io/netty/netty-handler-proxy/4.1.30.Final/netty-handler-proxy-4.1.30.Final.jar:/home/user/.m2/repository/io/netty/netty-codec-socks/4.1.30.Final/netty-codec-socks-4.1.30.Final.jar:/home/user/.m2/repository/io/netty/netty-transport-native-epoll/4.1.30.Final/netty-transport-native-epoll-4.1.30.Final.jar:/home/user/.m2/repository/io/netty/netty-common/4.1.30.Final/netty-common-4.1.30.Final.jar:/home/user/.m2/repository/io/netty/netty-buffer/4.1.30.Final/netty-buffer-4.1.30.Final.jar:/home/user/.m2/repository/io/netty/netty-transport/4.1.30.Final/netty-transport-4.1.30.Final.jar:/home/user/.m2/repository/io/netty/netty-resolver/4.1.30.Final/netty-resolver-4.1.30.Final.jar:/home/user/.m2/repository/io/netty/netty-transport-native-unix-common/4.1.30.Final/netty-transport-native-unix-common-4.1.30.Final.jar:/home/user/.m2/repository/io/grpc/grpc-protobuf/1.17.1/grpc-protobuf-1.17.1.jar:/home/user/.m2/repository/com/google/api/grpc/proto-google-common-protos/1.0.0/proto-google-common-protos-1.0.0.jar:/home/user/.m2/repository/io/grpc/grpc-protobuf-lite/1.17.1/grpc-protobuf-lite-1.17.1.jar:/home/user/.m2/repository/io/grpc/grpc-stub/1.17.1/grpc-stub-1.17.1.jar:/home/user/.m2/repository/org/apache/hadoop/hadoop-ozone-recon/0.5.0-SNAPSHOT/hadoop-ozone-recon-0.5.0-SNAPSHOT.jar:/home/user/.m2/repository/org/apache/hadoop/hadoop-ozone-reconcodegen/0.5.0-SNAPSHOT/hadoop-ozone-reconcodegen-0.5.0-SNAPSHOT.jar:/home/user/.m2/repository/com/google/inject/extensions/guice-multibindings/4.0/guice-multibindings-4.0.jar:/home/user/.m2/repository/com/google/inject/guice/4.0/guice-4.0.jar:/home/user/.m2/repository/aopalliance/aopalliance/1.0/aopalliance-1.0.jar:/home/user/.m2/repository/com/google/inject/extensions/guice-servlet/4.0/guice-servlet-4.0.jar:/home/user/.m2/repository/org/glassfish/jersey/containers/jersey-container-servlet/2.27/jersey-container-servlet-2.27.jar:/home/user/.m2/repository/org/glassfish/hk2/guice-bridge/2.5.0/guice-bridge-2.5.0.jar:/home/user/.m2/repository/org/glassfish/jersey/core/jersey-server/2.27/jersey-server-2.27.jar:/home/user/.m2/repository/org/glassfish/jersey/core/jersey-client/2.27/jersey-client-2.27.jar:/home/user/.m2/repository/org/glassfish/jersey/media/jersey-media-jaxb/2.27/jersey-media-jaxb-2.27.jar:/home/user/.m2/repository/javax/validation/validation-api/1.1.0.Final/validation-api-1.1.0.Final.jar:/home/user/.m2/repository/org/glassfish/jersey/media/jersey-media-json-jackson/2.27/jersey-media-json-jackson-2.27.jar:/home/user/.m2/repository/org/glassfish/jersey/ext/jersey-entity-filtering/2.27/jersey-entity-filtering-2.27.jar:/home/user/.m2/repository/com/google/inject/extensions/guice-assistedinject/4.0/guice-assistedinject-4.0.jar:/home/user/.m2/repository/org/jooq/jooq/3.11.10/jooq-3.11.10.jar:/home/user/.m2/repository/org/jooq/jooq-meta/3.11.10/jooq-meta-3.11.10.jar:/home/user/.m2/repository/org/jooq/jooq-codegen/3.11.10/jooq-codegen-3.11.10.jar:/home/user/.m2/repository/com/jolbox/bonecp/0.8.0.RELEASE/bonecp-0.8.0.RELEASE.jar:/home/user/.m2/repository/org/xerial/sqlite-jdbc/3.25.2/sqlite-jdbc-3.25.2.jar:/home/user/.m2/repository/org/springframework/spring-jdbc/5.1.3.RELEASE/spring-jdbc-5.1.3.RELEASE.jar:/home/user/.m2/repository/org/springframework/spring-beans/5.1.3.RELEASE/spring-beans-5.1.3.RELEASE.jar:/home/user/.m2/repository/org/springframework/spring-core/5.1.3.RELEASE/spring-core-5.1.3.RELEASE.jar:/home/user/.m2/repository/org/springframework/spring-jcl/5.1.3.RELEASE/spring-jcl-5.1.3.RELEASE.jar:/home/user/.m2/repository/org/springframework/spring-tx/5.1.3.RELEASE/spring-tx-5.1.3.RELEASE.jar:/home/user/.m2/repository/org/apache/hadoop/hadoop-ozone-client/0.5.0-SNAPSHOT/hadoop-ozone-client-0.5.0-SNAPSHOT.jar:/home/user/.m2/repository/commons-lang/commons-lang/2.6/commons-lang-2.6.jar:/home/user/.m2/repository/org/apache/hadoop/hadoop-ozone-ozone-manager/0.5.0-SNAPSHOT/hadoop-ozone-ozone-manager-0.5.0-SNAPSHOT-tests.jar:/home/user/.m2/repository/junit/junit/4.11/junit-4.11.jar:/home/user/.m2/repository/org/hamcrest/hamcrest-core/1.3/hamcrest-core-1.3.jar:/home/user/.m2/repository/org/openjdk/jmh/jmh-core/1.19/jmh-core-1.19.jar:/home/user/.m2/repository/net/sf/jopt-simple/jopt-simple/4.6/jopt-simple-4.6.jar:/home/user/.m2/repository/org/apache/commons/commons-math3/3.1.1/commons-math3-3.1.1.jar:/home/user/.m2/repository/org/openjdk/jmh/jmh-generator-annprocess/1.19/jmh-generator-annprocess-1.19.jar:/home/user/.m2/repository/org/mockito/mockito-all/1.8.5/mockito-all-1.8.5.jar:/home/user/.m2/repository/org/apache/hadoop/hadoop-kms/3.2.0/hadoop-kms-3.2.0.jar:/home/user/.m2/repository/org/apache/hadoop/hadoop-auth/3.2.0/hadoop-auth-3.2.0.jar:/home/user/.m2/repository/com/nimbusds/nimbus-jose-jwt/4.41.1/nimbus-jose-jwt-4.41.1.jar:/home/user/.m2/repository/com/github/stephenc/jcip/jcip-annotations/1.0-1/jcip-annotations-1.0-1.jar:/home/user/.m2/repository/net/minidev/json-smart/2.3/json-smart-2.3.jar:/home/user/.m2/repository/net/minidev/accessors-smart/1.2/accessors-smart-1.2.jar:/home/user/.m2/repository/org/ow2/asm/asm/5.0.4/asm-5.0.4.jar:/home/user/.m2/repository/org/apache/curator/curator-framework/2.12.0/curator-framework-2.12.0.jar:/home/user/.m2/repository/com/sun/jersey/jersey-core/1.19/jersey-core-1.19.jar:/home/user/.m2/repository/javax/ws/rs/jsr311-api/1.1.1/jsr311-api-1.1.1.jar:/home/user/.m2/repository/com/sun/jersey/jersey-server/1.19/jersey-server-1.19.jar:/home/user/.m2/repository/javax/servlet/javax.servlet-api/3.1.0/javax.servlet-api-3.1.0.jar:/home/user/.m2/repository/org/eclipse/jetty/jetty-server/9.3.25.v20180904/jetty-server-9.3.25.v20180904.jar:/home/user/.m2/repository/org/eclipse/jetty/jetty-http/9.3.25.v20180904/jetty-http-9.3.25.v20180904.jar:/home/user/.m2/repository/org/eclipse/jetty/jetty-io/9.3.25.v20180904/jetty-io-9.3.25.v20180904.jar:/home/user/.m2/repository/org/eclipse/jetty/jetty-webapp/9.3.25.v20180904/jetty-webapp-9.3.25.v20180904.jar:/home/user/.m2/repository/org/eclipse/jetty/jetty-xml/9.3.25.v20180904/jetty-xml-9.3.25.v20180904.jar:/home/user/.m2/repository/log4j/log4j/1.2.17/log4j-1.2.17.jar:/home/user/.m2/repository/org/slf4j/slf4j-api/1.7.25/slf4j-api-1.7.25.jar:/home/user/.m2/repository/org/slf4j/jul-to-slf4j/1.7.25/jul-to-slf4j-1.7.25.jar:/home/user/.m2/repository/org/eclipse/jetty/jetty-util/9.3.25.v20180904/jetty-util-9.3.25.v20180904.jar:/home/user/.m2/repository/com/fasterxml/jackson/core/jackson-databind/2.9.9/jackson-databind-2.9.9.jar:/home/user/.m2/repository/org/apache/hadoop/hadoop-kms/3.2.0/hadoop-kms-3.2.0-tests.jar:/home/user/.m2/repository/org/apache/hadoop/hadoop-hdds-server-scm/0.5.0-SNAPSHOT/hadoop-hdds-server-scm-0.5.0-SNAPSHOT-tests.jar:/home/user/.m2/repository/org/apache/hadoop/hadoop-hdds-container-service/0.5.0-SNAPSHOT/hadoop-hdds-container-service-0.5.0-SNAPSHOT-tests.jar:/home/user/.m2/repository/org/yaml/snakeyaml/1.16/snakeyaml-1.16.jar:/home/user/.m2/repository/org/apache/hadoop/hadoop-common/3.2.0/hadoop-common-3.2.0-tests.jar:/home/user/.m2/repository/org/apache/hadoop/hadoop-annotations/3.2.0/hadoop-annotations-3.2.0.jar:/usr/lib/jvm/java-1.8-openjdk/jre/../lib/tools.jar:/home/user/.m2/repository/commons-cli/commons-cli/1.2/commons-cli-1.2.jar:/home/user/.m2/repository/org/apache/httpcomponents/httpclient/4.5.2/httpclient-4.5.2.jar:/home/user/.m2/repository/org/apache/httpcomponents/httpcore/4.4.4/httpcore-4.4.4.jar:/home/user/.m2/repository/commons-codec/commons-codec/1.11/commons-codec-1.11.jar:/home/user/.m2/repository/commons-net/commons-net/3.6/commons-net-3.6.jar:/home/user/.m2/repository/commons-collections/commons-collections/3.2.2/commons-collections-3.2.2.jar:/home/user/.m2/repository/org/eclipse/jetty/jetty-servlet/9.3.25.v20180904/jetty-servlet-9.3.25.v20180904.jar:/home/user/.m2/repository/org/eclipse/jetty/jetty-security/9.3.25.v20180904/jetty-security-9.3.25.v20180904.jar:/home/user/.m2/repository/javax/servlet/jsp/jsp-api/2.1/jsp-api-2.1.jar:/home/user/.m2/repository/com/sun/jersey/jersey-servlet/1.19/jersey-servlet-1.19.jar:/home/user/.m2/repository/com/sun/jersey/jersey-json/1.19/jersey-json-1.19.jar:/home/user/.m2/repository/org/codehaus/jettison/jettison/1.1/jettison-1.1.jar:/home/user/.m2/repository/org/codehaus/jackson/jackson-core-asl/1.9.13/jackson-core-asl-1.9.13.jar:/home/user/.m2/repository/org/codehaus/jackson/jackson-mapper-asl/1.9.13/jackson-mapper-asl-1.9.13.jar:/home/user/.m2/repository/org/codehaus/jackson/jackson-jaxrs/1.9.13/jackson-jaxrs-1.9.13.jar:/home/user/.m2/repository/org/codehaus/jackson/jackson-xc/1.9.13/jackson-xc-1.9.13.jar:/home/user/.m2/repository/commons-logging/commons-logging/1.1.3/commons-logging-1.1.3.jar:/home/user/.m2/repository/commons-beanutils/commons-beanutils/1.9.4/commons-beanutils-1.9.4.jar:/home/user/.m2/repository/org/apache/commons/commons-configuration2/2.1.1/commons-configuration2-2.1.1.jar:/home/user/.m2/repository/org/apache/commons/commons-lang3/3.7/commons-lang3-3.7.jar:/home/user/.m2/repository/org/apache/commons/commons-text/1.4/commons-text-1.4.jar:/home/user/.m2/repository/org/apache/avro/avro/1.7.7/avro-1.7.7.jar:/home/user/.m2/repository/com/thoughtworks/paranamer/paranamer/2.3/paranamer-2.3.jar:/home/user/.m2/repository/org/xerial/snappy/snappy-java/1.0.5/snappy-java-1.0.5.jar:/home/user/.m2/repository/com/google/re2j/re2j/1.1/re2j-1.1.jar:/home/user/.m2/repository/com/google/code/gson/gson/2.2.4/gson-2.2.4.jar:/home/user/.m2/repository/com/jcraft/jsch/0.1.54/jsch-0.1.54.jar:/home/user/.m2/repository/org/apache/curator/curator-client/2.12.0/curator-client-2.12.0.jar:/home/user/.m2/repository/org/apache/curator/curator-recipes/2.12.0/curator-recipes-2.12.0.jar:/home/user/.m2/repository/com/google/code/findbugs/jsr305/3.0.0/jsr305-3.0.0.jar:/home/user/.m2/repository/org/apache/htrace/htrace-core4/4.1.0-incubating/htrace-core4-4.1.0-incubating.jar:/home/user/.m2/repository/org/apache/zookeeper/zookeeper/3.4.13/zookeeper-3.4.13.jar:/home/user/.m2/repository/jline/jline/0.9.94/jline-0.9.94.jar:/home/user/.m2/repository/org/apache/yetus/audience-annotations/0.5.0/audience-annotations-0.5.0.jar:/home/user/.m2/repository/org/codehaus/woodstox/stax2-api/3.1.4/stax2-api-3.1.4.jar:/home/user/.m2/repository/com/fasterxml/woodstox/woodstox-core/5.0.3/woodstox-core-5.0.3.jar:/home/user/.m2/repository/dnsjava/dnsjava/2.1.7/dnsjava-2.1.7.jar:/home/user/.m2/repository/org/apache/hadoop/hadoop-hdfs/3.2.0/hadoop-hdfs-3.2.0-tests.jar:/home/user/.m2/repository/org/eclipse/jetty/jetty-util-ajax/9.3.25.v20180904/jetty-util-ajax-9.3.25.v20180904.jar:/home/user/.m2/repository/commons-daemon/commons-daemon/1.0.13/commons-daemon-1.0.13.jar:/home/user/.m2/repository/io/netty/netty/3.10.5.Final/netty-3.10.5.Final.jar:/home/user/.m2/repository/io/netty/netty-all/4.0.52.Final/netty-all-4.0.52.Final.jar:/home/user/.m2/repository/org/fusesource/leveldbjni/leveldbjni-all/1.8/leveldbjni-all-1.8.jar:"/>
    <property name="java.vm.vendor" value="IcedTea"/>
    <property name="sun.arch.data.model" value="64"/>
    <property name="test.build.dir" value="/workdir/hadoop-ozone/integration-test/target/test-dir"/>
    <property name="test.cache.data" value=""/>
    <property name="java.vendor.url" value="https://icedtea.classpath.org"/>
    <property name="user.timezone" value=""/>
    <property name="java.vm.specification.version" value="1.8"/>
    <property name="os.name" value="Linux"/>
    <property name="test.build.data" value="/workdir/hadoop-ozone/integration-test/target/test-dir"/>
    <property name="user.country" value="US"/>
    <property name="sun.java.launcher" value="SUN_STANDARD"/>
    <property name="sun.boot.library.path" value="/usr/lib/jvm/java-1.8-openjdk/jre/lib/amd64"/>
    <property name="sun.java.command" value="/workdir/hadoop-ozone/integration-test/target/surefire/surefirebooter7184382642517009052.jar /workdir/hadoop-ozone/integration-test/target/surefire 2019-09-27T08-07-59_298-jvmRun1 surefire529017697049208788tmp surefire_586653837144509811039tmp"/>
    <property name="test" value="!TestMiniChaosOzoneCluster"/>
    <property name="surefire.test.class.path" value="/workdir/hadoop-ozone/integration-test/target/test-classes:/workdir/hadoop-ozone/integration-test/target/classes:/home/user/.m2/repository/org/apache/hadoop/hadoop-ozone-common/0.5.0-SNAPSHOT/hadoop-ozone-common-0.5.0-SNAPSHOT.jar:/home/user/.m2/repository/org/apache/commons/commons-compress/1.4.1/commons-compress-1.4.1.jar:/home/user/.m2/repository/org/tukaani/xz/1.0/xz-1.0.jar:/home/user/.m2/repository/org/apache/hadoop/hadoop-common/3.2.0/hadoop-common-3.2.0.jar:/home/user/.m2/repository/org/apache/hadoop/hadoop-hdfs/3.2.0/hadoop-hdfs-3.2.0.jar:/home/user/.m2/repository/org/apache/hadoop/hadoop-hdfs-client/3.2.0/hadoop-hdfs-client-3.2.0.jar:/home/user/.m2/repository/com/fasterxml/jackson/core/jackson-annotations/2.9.9/jackson-annotations-2.9.9.jar:/home/user/.m2/repository/org/apache/hadoop/hadoop-hdds-common/0.5.0-SNAPSHOT/hadoop-hdds-common-0.5.0-SNAPSHOT.jar:/home/user/.m2/repository/javax/annotation/javax.annotation-api/1.2/javax.annotation-api-1.2.jar:/home/user/.m2/repository/org/apache/ratis/ratis-server/0.4.0/ratis-server-0.4.0.jar:/home/user/.m2/repository/org/apache/ratis/ratis-thirdparty-misc/0.2.0/ratis-thirdparty-misc-0.2.0.jar:/home/user/.m2/repository/org/apache/ratis/ratis-proto/0.4.0/ratis-proto-0.4.0.jar:/home/user/.m2/repository/org/apache/ratis/ratis-common/0.4.0/ratis-common-0.4.0.jar:/home/user/.m2/repository/org/apache/ratis/ratis-client/0.4.0/ratis-client-0.4.0.jar:/home/user/.m2/repository/org/apache/ratis/ratis-metrics/0.4.0/ratis-metrics-0.4.0.jar:/home/user/.m2/repository/com/github/joshelser/dropwizard-metrics-hadoop-metrics2-reporter/0.1.2/dropwizard-metrics-hadoop-metrics2-reporter-0.1.2.jar:/home/user/.m2/repository/io/dropwizard/metrics/metrics-jvm/3.2.5/metrics-jvm-3.2.5.jar:/home/user/.m2/repository/io/dropwizard/metrics/metrics-ganglia/3.2.5/metrics-ganglia-3.2.5.jar:/home/user/.m2/repository/info/ganglia/gmetric4j/gmetric4j/1.0.7/gmetric4j-1.0.7.jar:/home/user/.m2/repository/org/apache/ratis/ratis-netty/0.4.0/ratis-netty-0.4.0.jar:/home/user/.m2/repository/org/apache/ratis/ratis-grpc/0.4.0/ratis-grpc-0.4.0.jar:/home/user/.m2/repository/org/rocksdb/rocksdbjni/6.0.1/rocksdbjni-6.0.1.jar:/home/user/.m2/repository/org/apache/logging/log4j/log4j-api/2.11.0/log4j-api-2.11.0.jar:/home/user/.m2/repository/org/apache/logging/log4j/log4j-core/2.11.0/log4j-core-2.11.0.jar:/home/user/.m2/repository/com/lmax/disruptor/3.4.2/disruptor-3.4.2.jar:/home/user/.m2/repository/org/apache/commons/commons-pool2/2.6.0/commons-pool2-2.6.0.jar:/home/user/.m2/repository/org/bouncycastle/bcpkix-jdk15on/1.60/bcpkix-jdk15on-1.60.jar:/home/user/.m2/repository/commons-validator/commons-validator/1.6/commons-validator-1.6.jar:/home/user/.m2/repository/commons-digester/commons-digester/1.8.1/commons-digester-1.8.1.jar:/home/user/.m2/repository/io/jaegertracing/jaeger-client/0.34.0/jaeger-client-0.34.0.jar:/home/user/.m2/repository/io/jaegertracing/jaeger-thrift/0.34.0/jaeger-thrift-0.34.0.jar:/home/user/.m2/repository/org/apache/thrift/libthrift/0.12.0/libthrift-0.12.0.jar:/home/user/.m2/repository/com/squareup/okhttp3/okhttp/3.9.0/okhttp-3.9.0.jar:/home/user/.m2/repository/com/squareup/okio/okio/1.13.0/okio-1.13.0.jar:/home/user/.m2/repository/io/jaegertracing/jaeger-core/0.34.0/jaeger-core-0.34.0.jar:/home/user/.m2/repository/io/jaegertracing/jaeger-tracerresolver/0.34.0/jaeger-tracerresolver-0.34.0.jar:/home/user/.m2/repository/io/opentracing/contrib/opentracing-tracerresolver/0.1.5/opentracing-tracerresolver-0.1.5.jar:/home/user/.m2/repository/io/opentracing/opentracing-util/0.31.0/opentracing-util-0.31.0.jar:/home/user/.m2/repository/io/opentracing/opentracing-api/0.31.0/opentracing-api-0.31.0.jar:/home/user/.m2/repository/io/opentracing/opentracing-noop/0.31.0/opentracing-noop-0.31.0.jar:/home/user/.m2/repository/org/apache/hadoop/hadoop-hdds-server-framework/0.5.0-SNAPSHOT/hadoop-hdds-server-framework-0.5.0-SNAPSHOT.jar:/home/user/.m2/repository/org/apache/hadoop/hadoop-hdds-container-service/0.5.0-SNAPSHOT/hadoop-hdds-container-service-0.5.0-SNAPSHOT.jar:/home/user/.m2/repository/org/apache/hadoop/hadoop-hdds-client/0.5.0-SNAPSHOT/hadoop-hdds-client-0.5.0-SNAPSHOT.jar:/home/user/.m2/repository/org/apache/hadoop/hadoop-hdds-tools/0.5.0-SNAPSHOT/hadoop-hdds-tools-0.5.0-SNAPSHOT.jar:/home/user/.m2/repository/org/apache/hadoop/hadoop-hdds-server-scm/0.5.0-SNAPSHOT/hadoop-hdds-server-scm-0.5.0-SNAPSHOT.jar:/home/user/.m2/repository/org/apache/hadoop/hadoop-hdds-docs/0.5.0-SNAPSHOT/hadoop-hdds-docs-0.5.0-SNAPSHOT.jar:/home/user/.m2/repository/io/dropwizard/metrics/metrics-core/3.2.4/metrics-core-3.2.4.jar:/home/user/.m2/repository/org/hamcrest/hamcrest-all/1.3/hamcrest-all-1.3.jar:/home/user/.m2/repository/org/bouncycastle/bcprov-jdk15on/1.60/bcprov-jdk15on-1.60.jar:/home/user/.m2/repository/info/picocli/picocli/3.9.6/picocli-3.9.6.jar:/home/user/.m2/repository/com/google/protobuf/protobuf-java/2.5.0/protobuf-java-2.5.0.jar:/home/user/.m2/repository/com/google/guava/guava/11.0.2/guava-11.0.2.jar:/home/user/.m2/repository/org/apache/hadoop/hadoop-ozone-ozone-manager/0.5.0-SNAPSHOT/hadoop-ozone-ozone-manager-0.5.0-SNAPSHOT.jar:/home/user/.m2/repository/org/apache/hadoop/hadoop-minikdc/3.2.0/hadoop-minikdc-3.2.0.jar:/home/user/.m2/repository/commons-io/commons-io/2.5/commons-io-2.5.jar:/home/user/.m2/repository/org/apache/kerby/kerb-simplekdc/1.0.1/kerb-simplekdc-1.0.1.jar:/home/user/.m2/repository/org/apache/kerby/kerb-client/1.0.1/kerb-client-1.0.1.jar:/home/user/.m2/repository/org/apache/kerby/kerby-config/1.0.1/kerby-config-1.0.1.jar:/home/user/.m2/repository/org/apache/kerby/kerb-core/1.0.1/kerb-core-1.0.1.jar:/home/user/.m2/repository/org/apache/kerby/kerby-pkix/1.0.1/kerby-pkix-1.0.1.jar:/home/user/.m2/repository/org/apache/kerby/kerby-asn1/1.0.1/kerby-asn1-1.0.1.jar:/home/user/.m2/repository/org/apache/kerby/kerby-util/1.0.1/kerby-util-1.0.1.jar:/home/user/.m2/repository/org/apache/kerby/kerb-common/1.0.1/kerb-common-1.0.1.jar:/home/user/.m2/repository/org/apache/kerby/kerb-crypto/1.0.1/kerb-crypto-1.0.1.jar:/home/user/.m2/repository/org/apache/kerby/kerb-util/1.0.1/kerb-util-1.0.1.jar:/home/user/.m2/repository/org/apache/kerby/token-provider/1.0.1/token-provider-1.0.1.jar:/home/user/.m2/repository/org/apache/kerby/kerb-admin/1.0.1/kerb-admin-1.0.1.jar:/home/user/.m2/repository/org/apache/kerby/kerb-server/1.0.1/kerb-server-1.0.1.jar:/home/user/.m2/repository/org/apache/kerby/kerb-identity/1.0.1/kerb-identity-1.0.1.jar:/home/user/.m2/repository/org/apache/kerby/kerby-xdr/1.0.1/kerby-xdr-1.0.1.jar:/home/user/.m2/repository/org/slf4j/slf4j-log4j12/1.7.25/slf4j-log4j12-1.7.25.jar:/home/user/.m2/repository/org/apache/hadoop/hadoop-ozone-s3gateway/0.5.0-SNAPSHOT/hadoop-ozone-s3gateway-0.5.0-SNAPSHOT.jar:/home/user/.m2/repository/org/jboss/weld/servlet/weld-servlet/2.4.7.Final/weld-servlet-2.4.7.Final.jar:/home/user/.m2/repository/org/glassfish/jersey/containers/jersey-container-servlet-core/2.27/jersey-container-servlet-core-2.27.jar:/home/user/.m2/repository/org/glassfish/hk2/external/javax.inject/2.5.0-b42/javax.inject-2.5.0-b42.jar:/home/user/.m2/repository/org/glassfish/jersey/core/jersey-common/2.27/jersey-common-2.27.jar:/home/user/.m2/repository/org/glassfish/hk2/osgi-resource-locator/1.0.1/osgi-resource-locator-1.0.1.jar:/home/user/.m2/repository/javax/ws/rs/javax.ws.rs-api/2.1/javax.ws.rs-api-2.1.jar:/home/user/.m2/repository/org/glassfish/jersey/ext/cdi/jersey-cdi1x/2.27/jersey-cdi1x-2.27.jar:/home/user/.m2/repository/org/glassfish/jersey/inject/jersey-hk2/2.27/jersey-hk2-2.27.jar:/home/user/.m2/repository/org/glassfish/hk2/hk2-locator/2.5.0-b42/hk2-locator-2.5.0-b42.jar:/home/user/.m2/repository/org/javassist/javassist/3.22.0-CR2/javassist-3.22.0-CR2.jar:/home/user/.m2/repository/org/glassfish/hk2/hk2-api/2.5.0/hk2-api-2.5.0.jar:/home/user/.m2/repository/org/glassfish/hk2/external/jakarta.inject/2.5.0/jakarta.inject-2.5.0.jar:/home/user/.m2/repository/org/glassfish/hk2/hk2-utils/2.5.0/hk2-utils-2.5.0.jar:/home/user/.m2/repository/jakarta/annotation/jakarta.annotation-api/1.3.4/jakarta.annotation-api-1.3.4.jar:/home/user/.m2/repository/org/glassfish/hk2/external/aopalliance-repackaged/2.5.0/aopalliance-repackaged-2.5.0.jar:/home/user/.m2/repository/com/fasterxml/jackson/dataformat/jackson-dataformat-xml/2.9.0/jackson-dataformat-xml-2.9.0.jar:/home/user/.m2/repository/com/fasterxml/jackson/core/jackson-core/2.9.9/jackson-core-2.9.9.jar:/home/user/.m2/repository/com/fasterxml/jackson/module/jackson-module-jaxb-annotations/2.9.9/jackson-module-jaxb-annotations-2.9.9.jar:/home/user/.m2/repository/javax/enterprise/cdi-api/1.2/cdi-api-1.2.jar:/home/user/.m2/repository/javax/el/javax.el-api/3.0.0/javax.el-api-3.0.0.jar:/home/user/.m2/repository/javax/interceptor/javax.interceptor-api/1.2/javax.interceptor-api-1.2.jar:/home/user/.m2/repository/javax/inject/javax.inject/1/javax.inject-1.jar:/home/user/.m2/repository/com/sun/xml/bind/jaxb-impl/2.3.0.1/jaxb-impl-2.3.0.1.jar:/home/user/.m2/repository/com/sun/xml/bind/jaxb-core/2.3.0.1/jaxb-core-2.3.0.1.jar:/home/user/.m2/repository/javax/xml/bind/jaxb-api/2.3.0/jaxb-api-2.3.0.jar:/home/user/.m2/repository/javax/activation/activation/1.1.1/activation-1.1.1.jar:/home/user/.m2/repository/org/apache/hadoop/hadoop-ozone-csi/0.5.0-SNAPSHOT/hadoop-ozone-csi-0.5.0-SNAPSHOT.jar:/home/user/.m2/repository/com/google/protobuf/protobuf-java-util/3.5.1/protobuf-java-util-3.5.1.jar:/home/user/.m2/repository/org/apache/hadoop/hadoop-hdds-config/0.5.0-SNAPSHOT/hadoop-hdds-config-0.5.0-SNAPSHOT.jar:/home/user/.m2/repository/io/grpc/grpc-netty/1.17.1/grpc-netty-1.17.1.jar:/home/user/.m2/repository/io/grpc/grpc-core/1.17.1/grpc-core-1.17.1.jar:/home/user/.m2/repository/io/grpc/grpc-context/1.17.1/grpc-context-1.17.1.jar:/home/user/.m2/repository/com/google/errorprone/error_prone_annotations/2.2.0/error_prone_annotations-2.2.0.jar:/home/user/.m2/repository/org/codehaus/mojo/animal-sniffer-annotations/1.17/animal-sniffer-annotations-1.17.jar:/home/user/.m2/repository/io/opencensus/opencensus-api/0.17.0/opencensus-api-0.17.0.jar:/home/user/.m2/repository/io/opencensus/opencensus-contrib-grpc-metrics/0.17.0/opencensus-contrib-grpc-metrics-0.17.0.jar:/home/user/.m2/repository/io/netty/netty-codec-http2/4.1.30.Final/netty-codec-http2-4.1.30.Final.jar:/home/user/.m2/repository/io/netty/netty-codec-http/4.1.30.Final/netty-codec-http-4.1.30.Final.jar:/home/user/.m2/repository/io/netty/netty-codec/4.1.30.Final/netty-codec-4.1.30.Final.jar:/home/user/.m2/repository/io/netty/netty-handler/4.1.30.Final/netty-handler-4.1.30.Final.jar:/home/user/.m2/repository/io/netty/netty-handler-proxy/4.1.30.Final/netty-handler-proxy-4.1.30.Final.jar:/home/user/.m2/repository/io/netty/netty-codec-socks/4.1.30.Final/netty-codec-socks-4.1.30.Final.jar:/home/user/.m2/repository/io/netty/netty-transport-native-epoll/4.1.30.Final/netty-transport-native-epoll-4.1.30.Final.jar:/home/user/.m2/repository/io/netty/netty-common/4.1.30.Final/netty-common-4.1.30.Final.jar:/home/user/.m2/repository/io/netty/netty-buffer/4.1.30.Final/netty-buffer-4.1.30.Final.jar:/home/user/.m2/repository/io/netty/netty-transport/4.1.30.Final/netty-transport-4.1.30.Final.jar:/home/user/.m2/repository/io/netty/netty-resolver/4.1.30.Final/netty-resolver-4.1.30.Final.jar:/home/user/.m2/repository/io/netty/netty-transport-native-unix-common/4.1.30.Final/netty-transport-native-unix-common-4.1.30.Final.jar:/home/user/.m2/repository/io/grpc/grpc-protobuf/1.17.1/grpc-protobuf-1.17.1.jar:/home/user/.m2/repository/com/google/api/grpc/proto-google-common-protos/1.0.0/proto-google-common-protos-1.0.0.jar:/home/user/.m2/repository/io/grpc/grpc-protobuf-lite/1.17.1/grpc-protobuf-lite-1.17.1.jar:/home/user/.m2/repository/io/grpc/grpc-stub/1.17.1/grpc-stub-1.17.1.jar:/home/user/.m2/repository/org/apache/hadoop/hadoop-ozone-recon/0.5.0-SNAPSHOT/hadoop-ozone-recon-0.5.0-SNAPSHOT.jar:/home/user/.m2/repository/org/apache/hadoop/hadoop-ozone-reconcodegen/0.5.0-SNAPSHOT/hadoop-ozone-reconcodegen-0.5.0-SNAPSHOT.jar:/home/user/.m2/repository/com/google/inject/extensions/guice-multibindings/4.0/guice-multibindings-4.0.jar:/home/user/.m2/repository/com/google/inject/guice/4.0/guice-4.0.jar:/home/user/.m2/repository/aopalliance/aopalliance/1.0/aopalliance-1.0.jar:/home/user/.m2/repository/com/google/inject/extensions/guice-servlet/4.0/guice-servlet-4.0.jar:/home/user/.m2/repository/org/glassfish/jersey/containers/jersey-container-servlet/2.27/jersey-container-servlet-2.27.jar:/home/user/.m2/repository/org/glassfish/hk2/guice-bridge/2.5.0/guice-bridge-2.5.0.jar:/home/user/.m2/repository/org/glassfish/jersey/core/jersey-server/2.27/jersey-server-2.27.jar:/home/user/.m2/repository/org/glassfish/jersey/core/jersey-client/2.27/jersey-client-2.27.jar:/home/user/.m2/repository/org/glassfish/jersey/media/jersey-media-jaxb/2.27/jersey-media-jaxb-2.27.jar:/home/user/.m2/repository/javax/validation/validation-api/1.1.0.Final/validation-api-1.1.0.Final.jar:/home/user/.m2/repository/org/glassfish/jersey/media/jersey-media-json-jackson/2.27/jersey-media-json-jackson-2.27.jar:/home/user/.m2/repository/org/glassfish/jersey/ext/jersey-entity-filtering/2.27/jersey-entity-filtering-2.27.jar:/home/user/.m2/repository/com/google/inject/extensions/guice-assistedinject/4.0/guice-assistedinject-4.0.jar:/home/user/.m2/repository/org/jooq/jooq/3.11.10/jooq-3.11.10.jar:/home/user/.m2/repository/org/jooq/jooq-meta/3.11.10/jooq-meta-3.11.10.jar:/home/user/.m2/repository/org/jooq/jooq-codegen/3.11.10/jooq-codegen-3.11.10.jar:/home/user/.m2/repository/com/jolbox/bonecp/0.8.0.RELEASE/bonecp-0.8.0.RELEASE.jar:/home/user/.m2/repository/org/xerial/sqlite-jdbc/3.25.2/sqlite-jdbc-3.25.2.jar:/home/user/.m2/repository/org/springframework/spring-jdbc/5.1.3.RELEASE/spring-jdbc-5.1.3.RELEASE.jar:/home/user/.m2/repository/org/springframework/spring-beans/5.1.3.RELEASE/spring-beans-5.1.3.RELEASE.jar:/home/user/.m2/repository/org/springframework/spring-core/5.1.3.RELEASE/spring-core-5.1.3.RELEASE.jar:/home/user/.m2/repository/org/springframework/spring-jcl/5.1.3.RELEASE/spring-jcl-5.1.3.RELEASE.jar:/home/user/.m2/repository/org/springframework/spring-tx/5.1.3.RELEASE/spring-tx-5.1.3.RELEASE.jar:/home/user/.m2/repository/org/apache/hadoop/hadoop-ozone-client/0.5.0-SNAPSHOT/hadoop-ozone-client-0.5.0-SNAPSHOT.jar:/home/user/.m2/repository/commons-lang/commons-lang/2.6/commons-lang-2.6.jar:/home/user/.m2/repository/org/apache/hadoop/hadoop-ozone-ozone-manager/0.5.0-SNAPSHOT/hadoop-ozone-ozone-manager-0.5.0-SNAPSHOT-tests.jar:/home/user/.m2/repository/junit/junit/4.11/junit-4.11.jar:/home/user/.m2/repository/org/hamcrest/hamcrest-core/1.3/hamcrest-core-1.3.jar:/home/user/.m2/repository/org/openjdk/jmh/jmh-core/1.19/jmh-core-1.19.jar:/home/user/.m2/repository/net/sf/jopt-simple/jopt-simple/4.6/jopt-simple-4.6.jar:/home/user/.m2/repository/org/apache/commons/commons-math3/3.1.1/commons-math3-3.1.1.jar:/home/user/.m2/repository/org/openjdk/jmh/jmh-generator-annprocess/1.19/jmh-generator-annprocess-1.19.jar:/home/user/.m2/repository/org/mockito/mockito-all/1.8.5/mockito-all-1.8.5.jar:/home/user/.m2/repository/org/apache/hadoop/hadoop-kms/3.2.0/hadoop-kms-3.2.0.jar:/home/user/.m2/repository/org/apache/hadoop/hadoop-auth/3.2.0/hadoop-auth-3.2.0.jar:/home/user/.m2/repository/com/nimbusds/nimbus-jose-jwt/4.41.1/nimbus-jose-jwt-4.41.1.jar:/home/user/.m2/repository/com/github/stephenc/jcip/jcip-annotations/1.0-1/jcip-annotations-1.0-1.jar:/home/user/.m2/repository/net/minidev/json-smart/2.3/json-smart-2.3.jar:/home/user/.m2/repository/net/minidev/accessors-smart/1.2/accessors-smart-1.2.jar:/home/user/.m2/repository/org/ow2/asm/asm/5.0.4/asm-5.0.4.jar:/home/user/.m2/repository/org/apache/curator/curator-framework/2.12.0/curator-framework-2.12.0.jar:/home/user/.m2/repository/com/sun/jersey/jersey-core/1.19/jersey-core-1.19.jar:/home/user/.m2/repository/javax/ws/rs/jsr311-api/1.1.1/jsr311-api-1.1.1.jar:/home/user/.m2/repository/com/sun/jersey/jersey-server/1.19/jersey-server-1.19.jar:/home/user/.m2/repository/javax/servlet/javax.servlet-api/3.1.0/javax.servlet-api-3.1.0.jar:/home/user/.m2/repository/org/eclipse/jetty/jetty-server/9.3.25.v20180904/jetty-server-9.3.25.v20180904.jar:/home/user/.m2/repository/org/eclipse/jetty/jetty-http/9.3.25.v20180904/jetty-http-9.3.25.v20180904.jar:/home/user/.m2/repository/org/eclipse/jetty/jetty-io/9.3.25.v20180904/jetty-io-9.3.25.v20180904.jar:/home/user/.m2/repository/org/eclipse/jetty/jetty-webapp/9.3.25.v20180904/jetty-webapp-9.3.25.v20180904.jar:/home/user/.m2/repository/org/eclipse/jetty/jetty-xml/9.3.25.v20180904/jetty-xml-9.3.25.v20180904.jar:/home/user/.m2/repository/log4j/log4j/1.2.17/log4j-1.2.17.jar:/home/user/.m2/repository/org/slf4j/slf4j-api/1.7.25/slf4j-api-1.7.25.jar:/home/user/.m2/repository/org/slf4j/jul-to-slf4j/1.7.25/jul-to-slf4j-1.7.25.jar:/home/user/.m2/repository/org/eclipse/jetty/jetty-util/9.3.25.v20180904/jetty-util-9.3.25.v20180904.jar:/home/user/.m2/repository/com/fasterxml/jackson/core/jackson-databind/2.9.9/jackson-databind-2.9.9.jar:/home/user/.m2/repository/org/apache/hadoop/hadoop-kms/3.2.0/hadoop-kms-3.2.0-tests.jar:/home/user/.m2/repository/org/apache/hadoop/hadoop-hdds-server-scm/0.5.0-SNAPSHOT/hadoop-hdds-server-scm-0.5.0-SNAPSHOT-tests.jar:/home/user/.m2/repository/org/apache/hadoop/hadoop-hdds-container-service/0.5.0-SNAPSHOT/hadoop-hdds-container-service-0.5.0-SNAPSHOT-tests.jar:/home/user/.m2/repository/org/yaml/snakeyaml/1.16/snakeyaml-1.16.jar:/home/user/.m2/repository/org/apache/hadoop/hadoop-common/3.2.0/hadoop-common-3.2.0-tests.jar:/home/user/.m2/repository/org/apache/hadoop/hadoop-annotations/3.2.0/hadoop-annotations-3.2.0.jar:/usr/lib/jvm/java-1.8-openjdk/jre/../lib/tools.jar:/home/user/.m2/repository/commons-cli/commons-cli/1.2/commons-cli-1.2.jar:/home/user/.m2/repository/org/apache/httpcomponents/httpclient/4.5.2/httpclient-4.5.2.jar:/home/user/.m2/repository/org/apache/httpcomponents/httpcore/4.4.4/httpcore-4.4.4.jar:/home/user/.m2/repository/commons-codec/commons-codec/1.11/commons-codec-1.11.jar:/home/user/.m2/repository/commons-net/commons-net/3.6/commons-net-3.6.jar:/home/user/.m2/repository/commons-collections/commons-collections/3.2.2/commons-collections-3.2.2.jar:/home/user/.m2/repository/org/eclipse/jetty/jetty-servlet/9.3.25.v20180904/jetty-servlet-9.3.25.v20180904.jar:/home/user/.m2/repository/org/eclipse/jetty/jetty-security/9.3.25.v20180904/jetty-security-9.3.25.v20180904.jar:/home/user/.m2/repository/javax/servlet/jsp/jsp-api/2.1/jsp-api-2.1.jar:/home/user/.m2/repository/com/sun/jersey/jersey-servlet/1.19/jersey-servlet-1.19.jar:/home/user/.m2/repository/com/sun/jersey/jersey-json/1.19/jersey-json-1.19.jar:/home/user/.m2/repository/org/codehaus/jettison/jettison/1.1/jettison-1.1.jar:/home/user/.m2/repository/org/codehaus/jackson/jackson-core-asl/1.9.13/jackson-core-asl-1.9.13.jar:/home/user/.m2/repository/org/codehaus/jackson/jackson-mapper-asl/1.9.13/jackson-mapper-asl-1.9.13.jar:/home/user/.m2/repository/org/codehaus/jackson/jackson-jaxrs/1.9.13/jackson-jaxrs-1.9.13.jar:/home/user/.m2/repository/org/codehaus/jackson/jackson-xc/1.9.13/jackson-xc-1.9.13.jar:/home/user/.m2/repository/commons-logging/commons-logging/1.1.3/commons-logging-1.1.3.jar:/home/user/.m2/repository/commons-beanutils/commons-beanutils/1.9.4/commons-beanutils-1.9.4.jar:/home/user/.m2/repository/org/apache/commons/commons-configuration2/2.1.1/commons-configuration2-2.1.1.jar:/home/user/.m2/repository/org/apache/commons/commons-lang3/3.7/commons-lang3-3.7.jar:/home/user/.m2/repository/org/apache/commons/commons-text/1.4/commons-text-1.4.jar:/home/user/.m2/repository/org/apache/avro/avro/1.7.7/avro-1.7.7.jar:/home/user/.m2/repository/com/thoughtworks/paranamer/paranamer/2.3/paranamer-2.3.jar:/home/user/.m2/repository/org/xerial/snappy/snappy-java/1.0.5/snappy-java-1.0.5.jar:/home/user/.m2/repository/com/google/re2j/re2j/1.1/re2j-1.1.jar:/home/user/.m2/repository/com/google/code/gson/gson/2.2.4/gson-2.2.4.jar:/home/user/.m2/repository/com/jcraft/jsch/0.1.54/jsch-0.1.54.jar:/home/user/.m2/repository/org/apache/curator/curator-client/2.12.0/curator-client-2.12.0.jar:/home/user/.m2/repository/org/apache/curator/curator-recipes/2.12.0/curator-recipes-2.12.0.jar:/home/user/.m2/repository/com/google/code/findbugs/jsr305/3.0.0/jsr305-3.0.0.jar:/home/user/.m2/repository/org/apache/htrace/htrace-core4/4.1.0-incubating/htrace-core4-4.1.0-incubating.jar:/home/user/.m2/repository/org/apache/zookeeper/zookeeper/3.4.13/zookeeper-3.4.13.jar:/home/user/.m2/repository/jline/jline/0.9.94/jline-0.9.94.jar:/home/user/.m2/repository/org/apache/yetus/audience-annotations/0.5.0/audience-annotations-0.5.0.jar:/home/user/.m2/repository/org/codehaus/woodstox/stax2-api/3.1.4/stax2-api-3.1.4.jar:/home/user/.m2/repository/com/fasterxml/woodstox/woodstox-core/5.0.3/woodstox-core-5.0.3.jar:/home/user/.m2/repository/dnsjava/dnsjava/2.1.7/dnsjava-2.1.7.jar:/home/user/.m2/repository/org/apache/hadoop/hadoop-hdfs/3.2.0/hadoop-hdfs-3.2.0-tests.jar:/home/user/.m2/repository/org/eclipse/jetty/jetty-util-ajax/9.3.25.v20180904/jetty-util-ajax-9.3.25.v20180904.jar:/home/user/.m2/repository/commons-daemon/commons-daemon/1.0.13/commons-daemon-1.0.13.jar:/home/user/.m2/repository/io/netty/netty/3.10.5.Final/netty-3.10.5.Final.jar:/home/user/.m2/repository/io/netty/netty-all/4.0.52.Final/netty-all-4.0.52.Final.jar:/home/user/.m2/repository/org/fusesource/leveldbjni/leveldbjni-all/1.8/leveldbjni-all-1.8.jar:"/>
    <property name="sun.cpu.endian" value="little"/>
    <property name="user.home" value="/home/user"/>
    <property name="user.language" value="en"/>
    <property name="java.specification.vendor" value="Oracle Corporation"/>
    <property name="java.home" value="/usr/lib/jvm/java-1.8-openjdk/jre"/>
    <property name="java.security.krb5.conf" value="/workdir/hadoop-ozone/integration-test/target/test-classes/krb5.conf"/>
    <property name="basedir" value="/workdir/hadoop-ozone/integration-test"/>
    <property name="file.separator" value="/"/>
    <property name="line.separator" value="&#10;"/>
    <property name="java.vm.specification.vendor" value="Oracle Corporation"/>
    <property name="java.specification.name" value="Java Platform API Specification"/>
    <property name="java.awt.graphicsenv" value="sun.awt.X11GraphicsEnvironment"/>
    <property name="surefire.real.class.path" value="/workdir/hadoop-ozone/integration-test/target/surefire/surefirebooter7184382642517009052.jar"/>
    <property name="hadoop.log.dir" value="/workdir/hadoop-ozone/integration-test/target/log"/>
    <property name="sun.boot.class.path" value="/usr/lib/jvm/java-1.8-openjdk/jre/lib/resources.jar:/usr/lib/jvm/java-1.8-openjdk/jre/lib/rt.jar:/usr/lib/jvm/java-1.8-openjdk/jre/lib/sunrsasign.jar:/usr/lib/jvm/java-1.8-openjdk/jre/lib/jsse.jar:/usr/lib/jvm/java-1.8-openjdk/jre/lib/jce.jar:/usr/lib/jvm/java-1.8-openjdk/jre/lib/charsets.jar:/usr/lib/jvm/java-1.8-openjdk/jre/lib/jfr.jar:/usr/lib/jvm/java-1.8-openjdk/jre/classes"/>
    <property name="sun.management.compiler" value="HotSpot 64-Bit Tiered Compilers"/>
    <property name="java.runtime.version" value="1.8.0_212-b04"/>
    <property name="java.net.preferIPv4Stack" value="true"/>
    <property name="user.name" value="jenkins1000"/>
    <property name="path.separator" value=":"/>
    <property name="java.security.egd" value="file:///dev/urandom"/>
    <property name="os.version" value="3.10.0-957.12.2.el7.x86_64"/>
    <property name="java.endorsed.dirs" value="/usr/lib/jvm/java-1.8-openjdk/jre/lib/endorsed"/>
    <property name="java.runtime.name" value="OpenJDK Runtime Environment"/>
    <property name="file.encoding" value="UTF-8"/>
    <property name="java.vm.name" value="OpenJDK 64-Bit Server VM"/>
    <property name="test.build.webapps" value=""/>
    <property name="localRepository" value="/home/user/.m2/repository"/>
    <property name="java.vendor.url.bug" value="https://icedtea.classpath.org/bugzilla"/>
    <property name="java.io.tmpdir" value="/tmp"/>
    <property name="require.test.libhadoop" value=""/>
    <property name="java.version" value="1.8.0_212"/>
    <property name="user.dir" value="/workdir/hadoop-ozone/integration-test"/>
    <property name="os.arch" value="amd64"/>
    <property name="java.vm.specification.name" value="Java Virtual Machine Specification"/>
    <property name="test.build.classes" value="/workdir/hadoop-ozone/integration-test/target/test-classes"/>
    <property name="java.awt.printerjob" value="sun.print.PSPrinterJob"/>
    <property name="sun.os.patch.level" value="unknown"/>
    <property name="hadoop.tmp.dir" value="/workdir/hadoop-ozone/integration-test/target/tmp"/>
    <property name="java.library.path" value="/usr/lib/jvm/java-1.8-openjdk/jre/lib/amd64/server:/usr/lib/jvm/java-1.8-openjdk/jre/lib/amd64:/usr/lib/jvm/java-1.8-openjdk/jre/../lib/amd64:/workdir/hadoop-ozone/integration-test/target/native/target/usr/local/lib:/workdir/hadoop-ozone/integration-test/../../hadoop-common-project/hadoop-common/target/native/target/usr/local/lib:/usr/java/packages/lib/amd64:/usr/lib64:/lib64:/lib:/usr/lib"/>
    <property name="java.vm.info" value="mixed mode"/>
    <property name="java.vendor" value="IcedTea"/>
    <property name="java.vm.version" value="25.212-b04"/>
    <property name="java.ext.dirs" value="/usr/lib/jvm/java-1.8-openjdk/jre/lib/ext:/usr/java/packages/lib/ext"/>
    <property name="sun.io.unicode.encoding" value="UnicodeLittle"/>
    <property name="java.class.version" value="52.0"/>
  </properties>
  <testcase name="testPipelineExclusionWithPipelineFailure" classname="org.apache.hadoop.ozone.client.rpc.TestFailureHandlingByClient" time="147.029">
    <error message="Connection refused" type="java.net.ConnectException"><![CDATA[java.net.ConnectException: Connection refused
	at sun.nio.ch.SocketChannelImpl.checkConnect(Native Method)
	at sun.nio.ch.SocketChannelImpl.finishConnect(SocketChannelImpl.java:717)
	at org.apache.hadoop.net.SocketIOWithTimeout.connect(SocketIOWithTimeout.java:206)
	at org.apache.hadoop.net.NetUtils.connect(NetUtils.java:531)
	at org.apache.hadoop.ipc.Client$Connection.setupConnection(Client.java:690)
	at org.apache.hadoop.ipc.Client$Connection.setupIOstreams(Client.java:794)
	at org.apache.hadoop.ipc.Client$Connection.access$3700(Client.java:411)
	at org.apache.hadoop.ipc.Client.getConnection(Client.java:1572)
	at org.apache.hadoop.ipc.Client.call(Client.java:1403)
	at org.apache.hadoop.ipc.Client.call(Client.java:1367)
	at org.apache.hadoop.ipc.ProtobufRpcEngine$Invoker.invoke(ProtobufRpcEngine.java:228)
	at org.apache.hadoop.ipc.ProtobufRpcEngine$Invoker.invoke(ProtobufRpcEngine.java:116)
	at com.sun.proxy.$Proxy35.submitRequest(Unknown Source)
	at sun.reflect.NativeMethodAccessorImpl.invoke0(Native Method)
	at sun.reflect.NativeMethodAccessorImpl.invoke(NativeMethodAccessorImpl.java:62)
	at sun.reflect.DelegatingMethodAccessorImpl.invoke(DelegatingMethodAccessorImpl.java:43)
	at java.lang.reflect.Method.invoke(Method.java:498)
	at org.apache.hadoop.io.retry.RetryInvocationHandler.invokeMethod(RetryInvocationHandler.java:422)
	at org.apache.hadoop.io.retry.RetryInvocationHandler$Call.invokeMethod(RetryInvocationHandler.java:165)
	at org.apache.hadoop.io.retry.RetryInvocationHandler$Call.invoke(RetryInvocationHandler.java:157)
	at org.apache.hadoop.io.retry.RetryInvocationHandler$Call.invokeOnce(RetryInvocationHandler.java:95)
	at org.apache.hadoop.io.retry.RetryInvocationHandler.invoke(RetryInvocationHandler.java:359)
	at com.sun.proxy.$Proxy35.submitRequest(Unknown Source)
	at org.apache.hadoop.ozone.om.protocolPB.OzoneManagerProtocolClientSideTranslatorPB.submitRequest(OzoneManagerProtocolClientSideTranslatorPB.java:338)
	at org.apache.hadoop.ozone.om.protocolPB.OzoneManagerProtocolClientSideTranslatorPB.getServiceInfo(OzoneManagerProtocolClientSideTranslatorPB.java:1223)
	at sun.reflect.NativeMethodAccessorImpl.invoke0(Native Method)
	at sun.reflect.NativeMethodAccessorImpl.invoke(NativeMethodAccessorImpl.java:62)
	at sun.reflect.DelegatingMethodAccessorImpl.invoke(DelegatingMethodAccessorImpl.java:43)
	at java.lang.reflect.Method.invoke(Method.java:498)
	at org.apache.hadoop.hdds.tracing.TraceAllMethod.invoke(TraceAllMethod.java:66)
	at com.sun.proxy.$Proxy36.getServiceInfo(Unknown Source)
	at org.apache.hadoop.ozone.client.rpc.RpcClient.<init>(RpcClient.java:154)
	at org.apache.hadoop.ozone.client.OzoneClientFactory.getClientProtocol(OzoneClientFactory.java:256)
	at org.apache.hadoop.ozone.client.OzoneClientFactory.getClientProtocol(OzoneClientFactory.java:239)
	at org.apache.hadoop.ozone.client.OzoneClientFactory.getClient(OzoneClientFactory.java:75)
	at org.apache.hadoop.ozone.client.rpc.TestFailureHandlingByClient.init(TestFailureHandlingByClient.java:111)
	at org.apache.hadoop.ozone.client.rpc.TestFailureHandlingByClient.startCluster(TestFailureHandlingByClient.java:121)
	at org.apache.hadoop.ozone.client.rpc.TestFailureHandlingByClient.testPipelineExclusionWithPipelineFailure(TestFailureHandlingByClient.java:345)
	at sun.reflect.NativeMethodAccessorImpl.invoke0(Native Method)
	at sun.reflect.NativeMethodAccessorImpl.invoke(NativeMethodAccessorImpl.java:62)
	at sun.reflect.DelegatingMethodAccessorImpl.invoke(DelegatingMethodAccessorImpl.java:43)
	at java.lang.reflect.Method.invoke(Method.java:498)
	at org.junit.runners.model.FrameworkMethod$1.runReflectiveCall(FrameworkMethod.java:47)
	at org.junit.internal.runners.model.ReflectiveCallable.run(ReflectiveCallable.java:12)
	at org.junit.runners.model.FrameworkMethod.invokeExplosively(FrameworkMethod.java:44)
	at org.junit.internal.runners.statements.InvokeMethod.evaluate(InvokeMethod.java:17)
	at org.junit.internal.runners.statements.RunAfters.evaluate(RunAfters.java:27)
	at org.junit.runners.ParentRunner.runLeaf(ParentRunner.java:271)
	at org.junit.runners.BlockJUnit4ClassRunner.runChild(BlockJUnit4ClassRunner.java:70)
	at org.junit.runners.BlockJUnit4ClassRunner.runChild(BlockJUnit4ClassRunner.java:50)
	at org.junit.runners.ParentRunner$3.run(ParentRunner.java:238)
	at org.junit.runners.ParentRunner$1.schedule(ParentRunner.java:63)
	at org.junit.runners.ParentRunner.runChildren(ParentRunner.java:236)
	at org.junit.runners.ParentRunner.access$000(ParentRunner.java:53)
	at org.junit.runners.ParentRunner$2.evaluate(ParentRunner.java:229)
	at org.junit.runners.ParentRunner.run(ParentRunner.java:309)
	at org.apache.maven.surefire.junit4.JUnit4Provider.execute(JUnit4Provider.java:365)
	at org.apache.maven.surefire.junit4.JUnit4Provider.executeWithRerun(JUnit4Provider.java:273)
	at org.apache.maven.surefire.junit4.JUnit4Provider.executeTestSet(JUnit4Provider.java:238)
	at org.apache.maven.surefire.junit4.JUnit4Provider.invoke(JUnit4Provider.java:159)
	at org.apache.maven.surefire.booter.ForkedBooter.invokeProviderInSameClassLoader(ForkedBooter.java:384)
	at org.apache.maven.surefire.booter.ForkedBooter.runSuitesInProcess(ForkedBooter.java:345)
	at org.apache.maven.surefire.booter.ForkedBooter.execute(ForkedBooter.java:126)
	at org.apache.maven.surefire.booter.ForkedBooter.main(ForkedBooter.java:418)
]]></error>
    <system-out><![CDATA[2019-09-27 09:14:14,533 [main] WARN  server.ServerUtils (ServerUtils.java:getScmDbDir(145)) - ozone.scm.db.dirs is not configured. We recommend adding this setting. Falling back to ozone.metadata.dirs instead.
2019-09-27 09:14:14,657 [main] WARN  server.ServerUtils (ServerUtils.java:getScmDbDir(145)) - ozone.scm.db.dirs is not configured. We recommend adding this setting. Falling back to ozone.metadata.dirs instead.
2019-09-27 09:14:14,660 [main] WARN  server.ServerUtils (ServerUtils.java:getScmDbDir(145)) - ozone.scm.db.dirs is not configured. We recommend adding this setting. Falling back to ozone.metadata.dirs instead.
2019-09-27 09:14:14,688 [main] INFO  util.log (Log.java:initialized(192)) - Logging initialized @969ms
2019-09-27 09:14:14,803 [main] INFO  db.DBStoreBuilder (DBStoreBuilder.java:addTable(110)) - using custom profile for table: deletedBlocks
2019-09-27 09:14:14,804 [main] INFO  db.DBStoreBuilder (DBStoreBuilder.java:processTables(161)) - Using default column profile:DBProfile.DISK for Table:deletedBlocks
2019-09-27 09:14:14,804 [main] INFO  db.DBStoreBuilder (DBStoreBuilder.java:addTable(110)) - using custom profile for table: validCerts
2019-09-27 09:14:14,804 [main] INFO  db.DBStoreBuilder (DBStoreBuilder.java:processTables(161)) - Using default column profile:DBProfile.DISK for Table:validCerts
2019-09-27 09:14:14,805 [main] INFO  db.DBStoreBuilder (DBStoreBuilder.java:addTable(110)) - using custom profile for table: revokedCerts
2019-09-27 09:14:14,805 [main] INFO  db.DBStoreBuilder (DBStoreBuilder.java:processTables(161)) - Using default column profile:DBProfile.DISK for Table:revokedCerts
2019-09-27 09:14:14,818 [main] INFO  db.DBStoreBuilder (DBStoreBuilder.java:addTable(110)) - using custom profile for table: default
2019-09-27 09:14:14,818 [main] INFO  db.DBStoreBuilder (DBStoreBuilder.java:processTables(167)) - Using default column profile:DBProfile.DISK for Table:default
2019-09-27 09:14:14,820 [main] INFO  db.DBStoreBuilder (DBStoreBuilder.java:getDbProfile(198)) - Using default options. DBProfile.DISK
2019-09-27 09:14:15,054 [main] INFO  net.NodeSchemaLoader (NodeSchemaLoader.java:loadSchemaFromFile(125)) - Loading file from sun.misc.CompoundEnumeration@515c6049
2019-09-27 09:14:15,056 [main] INFO  net.NodeSchemaLoader (NodeSchemaLoader.java:loadSchema(171)) - Loading network topology layer schema file
2019-09-27 09:14:15,123 [main] INFO  node.SCMNodeManager (SCMNodeManager.java:<init>(114)) - Entering startup safe mode.
2019-09-27 09:14:15,195 [main] INFO  Configuration.deprecation (Configuration.java:logDeprecation(1394)) - hadoop.configured.node.mapping is deprecated. Instead, use net.topology.configured.node.mapping
2019-09-27 09:14:15,199 [main] INFO  algorithms.ContainerPlacementPolicyFactory (ContainerPlacementPolicyFactory.java:getPolicy(57)) - Create container placement policy of type org.apache.hadoop.hdds.scm.container.placement.algorithms.SCMContainerPlacementRandom
2019-09-27 09:14:15,214 [main] WARN  server.ServerUtils (ServerUtils.java:getScmDbDir(145)) - ozone.scm.db.dirs is not configured. We recommend adding this setting. Falling back to ozone.metadata.dirs instead.
2019-09-27 09:14:15,280 [main] INFO  pipeline.SCMPipelineManager (SCMPipelineManager.java:initializePipelineState(132)) - No pipeline exists in current db
2019-09-27 09:14:15,284 [main] WARN  server.ServerUtils (ServerUtils.java:getScmDbDir(145)) - ozone.scm.db.dirs is not configured. We recommend adding this setting. Falling back to ozone.metadata.dirs instead.
2019-09-27 09:14:15,401 [main] WARN  events.EventQueue (EventQueue.java:fireEvent(183)) - No event handler registered for event TypedEvent{payloadType=SafeModeStatus, name='SafeModeStatus'}
2019-09-27 09:14:15,816 [main] INFO  ipc.CallQueueManager (CallQueueManager.java:<init>(84)) - Using callQueue: class java.util.concurrent.LinkedBlockingQueue, queueCapacity: 2000, scheduler: class org.apache.hadoop.ipc.DefaultRpcScheduler, ipcBackoff: false.
2019-09-27 09:14:15,846 [Socket Reader #1 for port 38113] INFO  ipc.Server (Server.java:run(1074)) - Starting Socket Reader #1 for port 38113
2019-09-27 09:14:15,979 [main] INFO  ipc.CallQueueManager (CallQueueManager.java:<init>(84)) - Using callQueue: class java.util.concurrent.LinkedBlockingQueue, queueCapacity: 2000, scheduler: class org.apache.hadoop.ipc.DefaultRpcScheduler, ipcBackoff: false.
2019-09-27 09:14:15,980 [Socket Reader #1 for port 35894] INFO  ipc.Server (Server.java:run(1074)) - Starting Socket Reader #1 for port 35894
2019-09-27 09:14:15,991 [main] INFO  ipc.CallQueueManager (CallQueueManager.java:<init>(84)) - Using callQueue: class java.util.concurrent.LinkedBlockingQueue, queueCapacity: 2000, scheduler: class org.apache.hadoop.ipc.DefaultRpcScheduler, ipcBackoff: false.
2019-09-27 09:14:15,992 [Socket Reader #1 for port 45965] INFO  ipc.Server (Server.java:run(1074)) - Starting Socket Reader #1 for port 45965
2019-09-27 09:14:16,018 [main] INFO  hdfs.DFSUtil (DFSUtil.java:httpServerTemplateForNNAndJN(1641)) - Starting Web-server for scm at: http://0.0.0.0:0
2019-09-27 09:14:16,196 [main] INFO  server.AuthenticationFilter (AuthenticationFilter.java:constructSecretProvider(240)) - Unable to initialize FileSignerSecretProvider, falling back to use random secrets.
2019-09-27 09:14:16,209 [main] WARN  http.HttpRequestLog (HttpRequestLog.java:getRequestLog(97)) - Jetty request log can only be enabled using Log4j
2019-09-27 09:14:16,221 [main] INFO  http.HttpServer2 (HttpServer2.java:addGlobalFilter(975)) - Added global filter 'safety' (class=org.apache.hadoop.http.HttpServer2$QuotingInputFilter)
2019-09-27 09:14:16,225 [main] INFO  http.HttpServer2 (HttpServer2.java:addFilter(948)) - Added filter static_user_filter (class=org.apache.hadoop.http.lib.StaticUserWebFilter$StaticUserFilter) to context scm
2019-09-27 09:14:16,226 [main] INFO  http.HttpServer2 (HttpServer2.java:addFilter(958)) - Added filter static_user_filter (class=org.apache.hadoop.http.lib.StaticUserWebFilter$StaticUserFilter) to context static
2019-09-27 09:14:16,226 [main] INFO  http.HttpServer2 (HttpServer2.java:addFilter(958)) - Added filter static_user_filter (class=org.apache.hadoop.http.lib.StaticUserWebFilter$StaticUserFilter) to context logs
2019-09-27 09:14:16,269 [main] INFO  server.StorageContainerManager (StorageContainerManager.java:start(770)) - StorageContainerLocationProtocol RPC server is listening at /0.0.0.0:45965
2019-09-27 09:14:16,337 [main] WARN  impl.MetricsConfig (MetricsConfig.java:loadFirst(134)) - Cannot locate configuration: tried hadoop-metrics2-storagecontainermanager.properties,hadoop-metrics2.properties
2019-09-27 09:14:16,351 [main] INFO  impl.MetricsSystemImpl (MetricsSystemImpl.java:startTimer(374)) - Scheduled Metric snapshot period at 10 second(s).
2019-09-27 09:14:16,351 [main] INFO  impl.MetricsSystemImpl (MetricsSystemImpl.java:start(191)) - StorageContainerManager metrics system started
2019-09-27 09:14:16,599 [main] INFO  server.SCMClientProtocolServer (SCMClientProtocolServer.java:start(151)) - RPC server for Client  is listening at /0.0.0.0:45965
2019-09-27 09:14:16,600 [IPC Server listener on 45965] INFO  ipc.Server (Server.java:run(1153)) - IPC Server listener on 45965: starting
2019-09-27 09:14:16,600 [IPC Server Responder] INFO  ipc.Server (Server.java:run(1314)) - IPC Server Responder: starting
2019-09-27 09:14:16,603 [main] INFO  server.StorageContainerManager (StorageContainerManager.java:start(780)) - ScmBlockLocationProtocol RPC server is listening at /0.0.0.0:35894
2019-09-27 09:14:16,604 [main] INFO  server.SCMBlockProtocolServer (SCMBlockProtocolServer.java:start(146)) - RPC server for Block Protocol is listening at /0.0.0.0:35894
2019-09-27 09:14:16,605 [IPC Server Responder] INFO  ipc.Server (Server.java:run(1314)) - IPC Server Responder: starting
2019-09-27 09:14:16,605 [IPC Server listener on 35894] INFO  ipc.Server (Server.java:run(1153)) - IPC Server listener on 35894: starting
2019-09-27 09:14:16,608 [main] INFO  server.StorageContainerManager (StorageContainerManager.java:start(784)) - ScmDatanodeProtocl RPC server is listening at /0.0.0.0:38113
2019-09-27 09:14:16,608 [main] INFO  server.SCMDatanodeProtocolServer (SCMDatanodeProtocolServer.java:start(191)) - RPC server for DataNodes is listening at /0.0.0.0:38113
2019-09-27 09:14:16,608 [IPC Server Responder] INFO  ipc.Server (Server.java:run(1314)) - IPC Server Responder: starting
2019-09-27 09:14:16,608 [IPC Server listener on 38113] INFO  ipc.Server (Server.java:run(1153)) - IPC Server listener on 38113: starting
2019-09-27 09:14:16,613 [main] INFO  http.HttpServer2 (HttpServer2.java:bindListener(1191)) - Jetty bound to port 35016
2019-09-27 09:14:16,615 [main] INFO  server.Server (Server.java:doStart(351)) - jetty-9.3.25.v20180904, build timestamp: 2018-09-04T21:11:46Z, git hash: 3ce520221d0240229c862b122d2b06c12a625732
2019-09-27 09:14:16,656 [main] INFO  handler.ContextHandler (ContextHandler.java:doStart(781)) - Started o.e.j.s.ServletContextHandler@2f17e30d{/logs,file:///workdir/hadoop-ozone/integration-test/target/log,AVAILABLE}
2019-09-27 09:14:16,657 [main] INFO  handler.ContextHandler (ContextHandler.java:doStart(781)) - Started o.e.j.s.ServletContextHandler@1d131e1b{/static,file:///workdir/hadoop-ozone/integration-test/target/test-classes/webapps/static,AVAILABLE}
2019-09-27 09:14:16,693 [main] INFO  handler.ContextHandler (ContextHandler.java:doStart(781)) - Started o.e.j.w.WebAppContext@660e9100{/,file:///workdir/hadoop-ozone/integration-test/target/test-classes/webapps/scm/,AVAILABLE}{/scm}
2019-09-27 09:14:16,700 [main] INFO  server.AbstractConnector (AbstractConnector.java:doStart(278)) - Started ServerConnector@6086d044{HTTP/1.1,[http/1.1]}{0.0.0.0:35016}
2019-09-27 09:14:16,701 [main] INFO  server.Server (Server.java:doStart(419)) - Started @2982ms
2019-09-27 09:14:16,704 [main] INFO  impl.MetricsSinkAdapter (MetricsSinkAdapter.java:start(204)) - Sink prometheus started
2019-09-27 09:14:16,705 [main] INFO  impl.MetricsSystemImpl (MetricsSystemImpl.java:registerSink(301)) - Registered sink prometheus
2019-09-27 09:14:16,706 [main] INFO  server.BaseHttpServer (BaseHttpServer.java:updateConnectorAddress(215)) - HTTP server of SCM is listening at http://0.0.0.0:35016
2019-09-27 09:14:16,714 [org.apache.hadoop.util.JvmPauseMonitor$Monitor@73511076] INFO  util.JvmPauseMonitor (JvmPauseMonitor.java:run(188)) - Starting JVM pause monitor
2019-09-27 09:14:16,717 [main] WARN  server.ServerUtils (ServerUtils.java:getDBPath(222)) - ozone.om.db.dirs is not configured. We recommend adding this setting. Falling back to ozone.metadata.dirs instead.
2019-09-27 09:14:16,831 [main] INFO  ha.OMHANodeDetails (OMHANodeDetails.java:loadOMHAConfig(194)) - Configuration either no ozone.om.address set. Falling back to the default OM address /127.0.0.1:0
2019-09-27 09:14:16,832 [main] INFO  ha.OMHANodeDetails (OMHANodeDetails.java:getOMNodeDetails(224)) - OM Service ID is not set. Setting it to the default ID: omServiceIdDefault
2019-09-27 09:14:16,833 [main] WARN  server.ServerUtils (ServerUtils.java:getDBPath(222)) - ozone.om.db.dirs is not configured. We recommend adding this setting. Falling back to ozone.metadata.dirs instead.
2019-09-27 09:14:16,834 [main] WARN  server.ServerUtils (ServerUtils.java:getDBPath(222)) - ozone.om.db.dirs is not configured. We recommend adding this setting. Falling back to ozone.metadata.dirs instead.
2019-09-27 09:14:17,557 [main] WARN  server.ServerUtils (ServerUtils.java:getDBPath(222)) - ozone.om.db.dirs is not configured. We recommend adding this setting. Falling back to ozone.metadata.dirs instead.
2019-09-27 09:14:17,566 [main] INFO  db.DBStoreBuilder (DBStoreBuilder.java:addTable(110)) - using custom profile for table: userTable
2019-09-27 09:14:17,566 [main] INFO  db.DBStoreBuilder (DBStoreBuilder.java:processTables(161)) - Using default column profile:DBProfile.DISK for Table:userTable
2019-09-27 09:14:17,566 [main] INFO  db.DBStoreBuilder (DBStoreBuilder.java:addTable(110)) - using custom profile for table: volumeTable
2019-09-27 09:14:17,567 [main] INFO  db.DBStoreBuilder (DBStoreBuilder.java:processTables(161)) - Using default column profile:DBProfile.DISK for Table:volumeTable
2019-09-27 09:14:17,567 [main] INFO  db.DBStoreBuilder (DBStoreBuilder.java:addTable(110)) - using custom profile for table: bucketTable
2019-09-27 09:14:17,567 [main] INFO  db.DBStoreBuilder (DBStoreBuilder.java:processTables(161)) - Using default column profile:DBProfile.DISK for Table:bucketTable
2019-09-27 09:14:17,567 [main] INFO  db.DBStoreBuilder (DBStoreBuilder.java:addTable(110)) - using custom profile for table: keyTable
2019-09-27 09:14:17,568 [main] INFO  db.DBStoreBuilder (DBStoreBuilder.java:processTables(161)) - Using default column profile:DBProfile.DISK for Table:keyTable
2019-09-27 09:14:17,568 [main] INFO  db.DBStoreBuilder (DBStoreBuilder.java:addTable(110)) - using custom profile for table: deletedTable
2019-09-27 09:14:17,568 [main] INFO  db.DBStoreBuilder (DBStoreBuilder.java:processTables(161)) - Using default column profile:DBProfile.DISK for Table:deletedTable
2019-09-27 09:14:17,568 [main] INFO  db.DBStoreBuilder (DBStoreBuilder.java:addTable(110)) - using custom profile for table: openKeyTable
2019-09-27 09:14:17,569 [main] INFO  db.DBStoreBuilder (DBStoreBuilder.java:processTables(161)) - Using default column profile:DBProfile.DISK for Table:openKeyTable
2019-09-27 09:14:17,569 [main] INFO  db.DBStoreBuilder (DBStoreBuilder.java:addTable(110)) - using custom profile for table: s3Table
2019-09-27 09:14:17,569 [main] INFO  db.DBStoreBuilder (DBStoreBuilder.java:processTables(161)) - Using default column profile:DBProfile.DISK for Table:s3Table
2019-09-27 09:14:17,569 [main] INFO  db.DBStoreBuilder (DBStoreBuilder.java:addTable(110)) - using custom profile for table: multipartInfoTable
2019-09-27 09:14:17,570 [main] INFO  db.DBStoreBuilder (DBStoreBuilder.java:processTables(161)) - Using default column profile:DBProfile.DISK for Table:multipartInfoTable
2019-09-27 09:14:17,570 [main] INFO  db.DBStoreBuilder (DBStoreBuilder.java:addTable(110)) - using custom profile for table: dTokenTable
2019-09-27 09:14:17,570 [main] INFO  db.DBStoreBuilder (DBStoreBuilder.java:processTables(161)) - Using default column profile:DBProfile.DISK for Table:dTokenTable
2019-09-27 09:14:17,571 [main] INFO  db.DBStoreBuilder (DBStoreBuilder.java:addTable(110)) - using custom profile for table: s3SecretTable
2019-09-27 09:14:17,571 [main] INFO  db.DBStoreBuilder (DBStoreBuilder.java:processTables(161)) - Using default column profile:DBProfile.DISK for Table:s3SecretTable
2019-09-27 09:14:17,571 [main] INFO  db.DBStoreBuilder (DBStoreBuilder.java:addTable(110)) - using custom profile for table: prefixTable
2019-09-27 09:14:17,571 [main] INFO  db.DBStoreBuilder (DBStoreBuilder.java:processTables(161)) - Using default column profile:DBProfile.DISK for Table:prefixTable
2019-09-27 09:14:17,572 [main] INFO  db.DBStoreBuilder (DBStoreBuilder.java:addTable(110)) - using custom profile for table: default
2019-09-27 09:14:17,572 [main] INFO  db.DBStoreBuilder (DBStoreBuilder.java:processTables(167)) - Using default column profile:DBProfile.DISK for Table:default
2019-09-27 09:14:17,572 [main] INFO  db.DBStoreBuilder (DBStoreBuilder.java:getDbProfile(198)) - Using default options. DBProfile.DISK
2019-09-27 09:14:17,985 [main] INFO  ipc.CallQueueManager (CallQueueManager.java:<init>(84)) - Using callQueue: class java.util.concurrent.LinkedBlockingQueue, queueCapacity: 2000, scheduler: class org.apache.hadoop.ipc.DefaultRpcScheduler, ipcBackoff: false.
2019-09-27 09:14:17,986 [Socket Reader #1 for port 34454] INFO  ipc.Server (Server.java:run(1074)) - Starting Socket Reader #1 for port 34454
2019-09-27 09:14:18,006 [main] INFO  om.OzoneManager (OzoneManager.java:start(1069)) - OzoneManager RPC server is listening at localhost/127.0.0.1:34454
2019-09-27 09:14:18,006 [main] INFO  impl.MetricsSystemImpl (MetricsSystemImpl.java:init(158)) - OzoneManager metrics system started (again)
2019-09-27 09:14:18,007 [IPC Server Responder] INFO  ipc.Server (Server.java:run(1314)) - IPC Server Responder: starting
2019-09-27 09:14:18,008 [IPC Server listener on 34454] INFO  ipc.Server (Server.java:run(1153)) - IPC Server listener on 34454: starting
2019-09-27 09:14:18,012 [main] INFO  hdfs.DFSUtil (DFSUtil.java:httpServerTemplateForNNAndJN(1641)) - Starting Web-server for ozoneManager at: http://0.0.0.0:0
2019-09-27 09:14:18,015 [main] INFO  server.AuthenticationFilter (AuthenticationFilter.java:constructSecretProvider(240)) - Unable to initialize FileSignerSecretProvider, falling back to use random secrets.
2019-09-27 09:14:18,016 [main] WARN  http.HttpRequestLog (HttpRequestLog.java:getRequestLog(97)) - Jetty request log can only be enabled using Log4j
2019-09-27 09:14:18,019 [main] INFO  http.HttpServer2 (HttpServer2.java:addGlobalFilter(975)) - Added global filter 'safety' (class=org.apache.hadoop.http.HttpServer2$QuotingInputFilter)
2019-09-27 09:14:18,020 [main] INFO  http.HttpServer2 (HttpServer2.java:addFilter(948)) - Added filter static_user_filter (class=org.apache.hadoop.http.lib.StaticUserWebFilter$StaticUserFilter) to context ozoneManager
2019-09-27 09:14:18,020 [main] INFO  http.HttpServer2 (HttpServer2.java:addFilter(958)) - Added filter static_user_filter (class=org.apache.hadoop.http.lib.StaticUserWebFilter$StaticUserFilter) to context static
2019-09-27 09:14:18,021 [main] INFO  http.HttpServer2 (HttpServer2.java:addFilter(958)) - Added filter static_user_filter (class=org.apache.hadoop.http.lib.StaticUserWebFilter$StaticUserFilter) to context logs
2019-09-27 09:14:18,024 [main] INFO  http.HttpServer2 (HttpServer2.java:bindListener(1191)) - Jetty bound to port 37994
2019-09-27 09:14:18,024 [main] INFO  server.Server (Server.java:doStart(351)) - jetty-9.3.25.v20180904, build timestamp: 2018-09-04T21:11:46Z, git hash: 3ce520221d0240229c862b122d2b06c12a625732
2019-09-27 09:14:18,027 [main] INFO  handler.ContextHandler (ContextHandler.java:doStart(781)) - Started o.e.j.s.ServletContextHandler@3a627c80{/logs,file:///workdir/hadoop-ozone/integration-test/target/log,AVAILABLE}
2019-09-27 09:14:18,027 [main] INFO  handler.ContextHandler (ContextHandler.java:doStart(781)) - Started o.e.j.s.ServletContextHandler@963176{/static,file:///workdir/hadoop-ozone/integration-test/target/test-classes/webapps/static,AVAILABLE}
2019-09-27 09:14:18,035 [main] INFO  handler.ContextHandler (ContextHandler.java:doStart(781)) - Started o.e.j.w.WebAppContext@4af46df3{/,file:///workdir/hadoop-ozone/integration-test/target/test-classes/webapps/ozoneManager/,AVAILABLE}{/ozoneManager}
2019-09-27 09:14:18,036 [main] INFO  server.AbstractConnector (AbstractConnector.java:doStart(278)) - Started ServerConnector@4158debd{HTTP/1.1,[http/1.1]}{0.0.0.0:37994}
2019-09-27 09:14:18,037 [main] INFO  server.Server (Server.java:doStart(419)) - Started @4318ms
2019-09-27 09:14:18,037 [main] WARN  impl.MetricsSystemImpl (MetricsSystemImpl.java:register(276)) - Sink prometheus already exists!
2019-09-27 09:14:18,038 [main] INFO  server.BaseHttpServer (BaseHttpServer.java:updateConnectorAddress(215)) - HTTP server of OZONEMANAGER is listening at http://0.0.0.0:37994
2019-09-27 09:14:18,342 [main] INFO  impl.MetricsSystemImpl (MetricsSystemImpl.java:init(158)) - HddsDatanode metrics system started (again)
2019-09-27 09:14:18,404 [main] INFO  ozone.HddsDatanodeService (HddsDatanodeService.java:start(184)) - HddsDatanodeService host:pr-hdds2162-4fxhj-20988671 ip:192.168.151.103
2019-09-27 09:14:18,441 [main] INFO  volume.HddsVolume (HddsVolume.java:<init>(176)) - Creating Volume: /workdir/hadoop-ozone/integration-test/target/test-dir/MiniOzoneClusterImpl-306848a7-f3db-4b9e-8a0f-7b9627716070/datanode-0/data/containers/hdds of  storage type : DISK and capacity : 1482555576320
2019-09-27 09:14:18,443 [main] INFO  volume.VolumeSet (VolumeSet.java:initializeVolumeSet(170)) - Added Volume : /workdir/hadoop-ozone/integration-test/target/test-dir/MiniOzoneClusterImpl-306848a7-f3db-4b9e-8a0f-7b9627716070/datanode-0/data/containers/hdds to VolumeSet
2019-09-27 09:14:18,446 [main] INFO  volume.ThrottledAsyncChecker (ThrottledAsyncChecker.java:schedule(139)) - Scheduling a check for org.apache.hadoop.ozone.container.common.volume.HddsVolume@787f32b7
2019-09-27 09:14:18,464 [main] INFO  volume.HddsVolumeChecker (HddsVolumeChecker.java:checkAllVolumes(202)) - Scheduled health check for volume org.apache.hadoop.ozone.container.common.volume.HddsVolume@787f32b7
2019-09-27 09:14:18,584 [main] INFO  impl.RaftServerProxy (ConfUtils.java:logGet(43)) - raft.rpc.type = GRPC (default)
2019-09-27 09:14:18,655 [main] INFO  grpc.GrpcFactory (GrpcFactory.java:checkPooledByteBufAllocatorUseCacheForAllThreads(45)) - PERFORMANCE WARNING: useCacheForAllThreads is true that may cause Netty to create a lot garbage objects and, as a result, trigger GC.
	It is recommended to disable useCacheForAllThreads by setting -Dorg.apache.ratis.thirdparty.io.netty.allocator.useCacheForAllThreads=false in command line.
2019-09-27 09:14:18,660 [main] INFO  grpc.GrpcConfigKeys$Server (ConfUtils.java:logGet(43)) - raft.grpc.server.port = 0 (default)
2019-09-27 09:14:18,661 [main] INFO  server.GrpcService (ConfUtils.java:logGet(43)) - raft.grpc.message.size.max = 33570816 (custom)
2019-09-27 09:14:18,662 [main] INFO  server.RaftServerConfigKeys (ConfUtils.java:logGet(43)) - raft.server.log.appender.buffer.byte-limit = 33554432 (custom)
2019-09-27 09:14:18,663 [main] INFO  server.GrpcService (ConfUtils.java:logGet(43)) - raft.grpc.flow.control.window = 1MB (=1048576) (default)
2019-09-27 09:14:18,664 [main] INFO  server.RaftServerConfigKeys (ConfUtils.java:logGet(43)) - raft.server.rpc.request.timeout = 3000ms (default)
2019-09-27 09:14:18,829 [main] INFO  server.RaftServerConfigKeys (ConfUtils.java:logGet(43)) - raft.server.storage.dir = [/workdir/hadoop-ozone/integration-test/target/test-dir/MiniOzoneClusterImpl-306848a7-f3db-4b9e-8a0f-7b9627716070/datanode-0/data/ratis] (custom)
2019-09-27 09:14:18,876 [main] INFO  hdfs.DFSUtil (DFSUtil.java:httpServerTemplateForNNAndJN(1641)) - Starting Web-server for hddsDatanode at: http://0.0.0.0:0
2019-09-27 09:14:18,878 [main] INFO  server.AuthenticationFilter (AuthenticationFilter.java:constructSecretProvider(240)) - Unable to initialize FileSignerSecretProvider, falling back to use random secrets.
2019-09-27 09:14:18,879 [main] WARN  http.HttpRequestLog (HttpRequestLog.java:getRequestLog(97)) - Jetty request log can only be enabled using Log4j
2019-09-27 09:14:18,881 [main] INFO  http.HttpServer2 (HttpServer2.java:addGlobalFilter(975)) - Added global filter 'safety' (class=org.apache.hadoop.http.HttpServer2$QuotingInputFilter)
2019-09-27 09:14:18,882 [main] INFO  http.HttpServer2 (HttpServer2.java:addFilter(948)) - Added filter static_user_filter (class=org.apache.hadoop.http.lib.StaticUserWebFilter$StaticUserFilter) to context hddsDatanode
2019-09-27 09:14:18,882 [main] INFO  http.HttpServer2 (HttpServer2.java:addFilter(958)) - Added filter static_user_filter (class=org.apache.hadoop.http.lib.StaticUserWebFilter$StaticUserFilter) to context logs
2019-09-27 09:14:18,882 [main] INFO  http.HttpServer2 (HttpServer2.java:addFilter(958)) - Added filter static_user_filter (class=org.apache.hadoop.http.lib.StaticUserWebFilter$StaticUserFilter) to context static
2019-09-27 09:14:18,884 [main] INFO  http.HttpServer2 (HttpServer2.java:bindListener(1191)) - Jetty bound to port 46338
2019-09-27 09:14:18,884 [main] INFO  server.Server (Server.java:doStart(351)) - jetty-9.3.25.v20180904, build timestamp: 2018-09-04T21:11:46Z, git hash: 3ce520221d0240229c862b122d2b06c12a625732
2019-09-27 09:14:18,886 [main] INFO  handler.ContextHandler (ContextHandler.java:doStart(781)) - Started o.e.j.s.ServletContextHandler@767a014e{/logs,file:///workdir/hadoop-ozone/integration-test/target/log,AVAILABLE}
2019-09-27 09:14:18,887 [main] INFO  handler.ContextHandler (ContextHandler.java:doStart(781)) - Started o.e.j.s.ServletContextHandler@3968bc60{/static,jar:file:/home/user/.m2/repository/org/apache/hadoop/hadoop-hdds-container-service/0.5.0-SNAPSHOT/hadoop-hdds-container-service-0.5.0-SNAPSHOT.jar!/webapps/static,AVAILABLE}
2019-09-27 09:14:18,920 [main] INFO  handler.ContextHandler (ContextHandler.java:doStart(781)) - Started o.e.j.w.WebAppContext@4c6007fb{/,file:///tmp/jetty-0.0.0.0-46338-hddsDatanode-_-any-8583975086226275279.dir/webapp/,AVAILABLE}{/hddsDatanode}
2019-09-27 09:14:18,921 [main] INFO  server.AbstractConnector (AbstractConnector.java:doStart(278)) - Started ServerConnector@3e33d73e{HTTP/1.1,[http/1.1]}{0.0.0.0:46338}
2019-09-27 09:14:18,923 [main] INFO  server.Server (Server.java:doStart(419)) - Started @5203ms
2019-09-27 09:14:18,923 [main] WARN  impl.MetricsSystemImpl (MetricsSystemImpl.java:register(276)) - Sink prometheus already exists!
2019-09-27 09:14:18,924 [main] INFO  server.BaseHttpServer (BaseHttpServer.java:updateConnectorAddress(215)) - HTTP server of HDDSDATANODE is listening at http://0.0.0.0:46338
2019-09-27 09:14:18,925 [main] INFO  impl.MetricsSystemImpl (MetricsSystemImpl.java:init(158)) - HddsDatanode metrics system started (again)
2019-09-27 09:14:18,927 [main] INFO  ozone.HddsDatanodeService (HddsDatanodeService.java:start(184)) - HddsDatanodeService host:pr-hdds2162-4fxhj-20988671 ip:192.168.151.103
2019-09-27 09:14:18,930 [org.apache.hadoop.util.JvmPauseMonitor$Monitor@750e4897] INFO  util.JvmPauseMonitor (JvmPauseMonitor.java:run(188)) - Starting JVM pause monitor
2019-09-27 09:14:18,934 [main] INFO  volume.HddsVolume (HddsVolume.java:<init>(176)) - Creating Volume: /workdir/hadoop-ozone/integration-test/target/test-dir/MiniOzoneClusterImpl-306848a7-f3db-4b9e-8a0f-7b9627716070/datanode-1/data/containers/hdds of  storage type : DISK and capacity : 1482555576320
2019-09-27 09:14:18,935 [main] INFO  volume.VolumeSet (VolumeSet.java:initializeVolumeSet(170)) - Added Volume : /workdir/hadoop-ozone/integration-test/target/test-dir/MiniOzoneClusterImpl-306848a7-f3db-4b9e-8a0f-7b9627716070/datanode-1/data/containers/hdds to VolumeSet
2019-09-27 09:14:18,935 [main] INFO  volume.ThrottledAsyncChecker (ThrottledAsyncChecker.java:schedule(139)) - Scheduling a check for org.apache.hadoop.ozone.container.common.volume.HddsVolume@cb7fa71
2019-09-27 09:14:18,936 [main] INFO  volume.HddsVolumeChecker (HddsVolumeChecker.java:checkAllVolumes(202)) - Scheduled health check for volume org.apache.hadoop.ozone.container.common.volume.HddsVolume@cb7fa71
2019-09-27 09:14:18,949 [main] INFO  impl.RaftServerProxy (ConfUtils.java:logGet(43)) - raft.rpc.type = GRPC (default)
2019-09-27 09:14:18,950 [main] INFO  grpc.GrpcFactory (GrpcFactory.java:checkPooledByteBufAllocatorUseCacheForAllThreads(45)) - PERFORMANCE WARNING: useCacheForAllThreads is true that may cause Netty to create a lot garbage objects and, as a result, trigger GC.
	It is recommended to disable useCacheForAllThreads by setting -Dorg.apache.ratis.thirdparty.io.netty.allocator.useCacheForAllThreads=false in command line.
2019-09-27 09:14:18,950 [main] INFO  grpc.GrpcConfigKeys$Server (ConfUtils.java:logGet(43)) - raft.grpc.server.port = 0 (default)
2019-09-27 09:14:18,950 [main] INFO  server.GrpcService (ConfUtils.java:logGet(43)) - raft.grpc.message.size.max = 33570816 (custom)
2019-09-27 09:14:18,951 [main] INFO  server.RaftServerConfigKeys (ConfUtils.java:logGet(43)) - raft.server.log.appender.buffer.byte-limit = 33554432 (custom)
2019-09-27 09:14:18,951 [main] INFO  server.GrpcService (ConfUtils.java:logGet(43)) - raft.grpc.flow.control.window = 1MB (=1048576) (default)
2019-09-27 09:14:18,951 [main] INFO  server.RaftServerConfigKeys (ConfUtils.java:logGet(43)) - raft.server.rpc.request.timeout = 3000ms (default)
2019-09-27 09:14:18,952 [main] INFO  server.RaftServerConfigKeys (ConfUtils.java:logGet(43)) - raft.server.storage.dir = [/workdir/hadoop-ozone/integration-test/target/test-dir/MiniOzoneClusterImpl-306848a7-f3db-4b9e-8a0f-7b9627716070/datanode-1/data/ratis] (custom)
2019-09-27 09:14:18,953 [main] INFO  hdfs.DFSUtil (DFSUtil.java:httpServerTemplateForNNAndJN(1641)) - Starting Web-server for hddsDatanode at: http://0.0.0.0:0
2019-09-27 09:14:18,955 [main] INFO  server.AuthenticationFilter (AuthenticationFilter.java:constructSecretProvider(240)) - Unable to initialize FileSignerSecretProvider, falling back to use random secrets.
2019-09-27 09:14:18,955 [main] WARN  http.HttpRequestLog (HttpRequestLog.java:getRequestLog(97)) - Jetty request log can only be enabled using Log4j
2019-09-27 09:14:18,957 [main] INFO  http.HttpServer2 (HttpServer2.java:addGlobalFilter(975)) - Added global filter 'safety' (class=org.apache.hadoop.http.HttpServer2$QuotingInputFilter)
2019-09-27 09:14:18,958 [main] INFO  http.HttpServer2 (HttpServer2.java:addFilter(948)) - Added filter static_user_filter (class=org.apache.hadoop.http.lib.StaticUserWebFilter$StaticUserFilter) to context hddsDatanode
2019-09-27 09:14:18,958 [main] INFO  http.HttpServer2 (HttpServer2.java:addFilter(958)) - Added filter static_user_filter (class=org.apache.hadoop.http.lib.StaticUserWebFilter$StaticUserFilter) to context static
2019-09-27 09:14:18,958 [main] INFO  http.HttpServer2 (HttpServer2.java:addFilter(958)) - Added filter static_user_filter (class=org.apache.hadoop.http.lib.StaticUserWebFilter$StaticUserFilter) to context logs
2019-09-27 09:14:18,959 [main] INFO  http.HttpServer2 (HttpServer2.java:bindListener(1191)) - Jetty bound to port 41319
2019-09-27 09:14:18,959 [main] INFO  server.Server (Server.java:doStart(351)) - jetty-9.3.25.v20180904, build timestamp: 2018-09-04T21:11:46Z, git hash: 3ce520221d0240229c862b122d2b06c12a625732
2019-09-27 09:14:18,962 [main] INFO  handler.ContextHandler (ContextHandler.java:doStart(781)) - Started o.e.j.s.ServletContextHandler@59dc36d4{/logs,file:///workdir/hadoop-ozone/integration-test/target/log,AVAILABLE}
2019-09-27 09:14:18,963 [main] INFO  handler.ContextHandler (ContextHandler.java:doStart(781)) - Started o.e.j.s.ServletContextHandler@5679e96b{/static,jar:file:/home/user/.m2/repository/org/apache/hadoop/hadoop-hdds-container-service/0.5.0-SNAPSHOT/hadoop-hdds-container-service-0.5.0-SNAPSHOT.jar!/webapps/static,AVAILABLE}
2019-09-27 09:14:18,992 [main] INFO  handler.ContextHandler (ContextHandler.java:doStart(781)) - Started o.e.j.w.WebAppContext@2924f1d8{/,file:///tmp/jetty-0.0.0.0-41319-hddsDatanode-_-any-2967413722662311472.dir/webapp/,AVAILABLE}{/hddsDatanode}
2019-09-27 09:14:18,993 [main] INFO  server.AbstractConnector (AbstractConnector.java:doStart(278)) - Started ServerConnector@524a076e{HTTP/1.1,[http/1.1]}{0.0.0.0:41319}
2019-09-27 09:14:18,996 [main] INFO  server.Server (Server.java:doStart(419)) - Started @5278ms
2019-09-27 09:14:18,997 [main] WARN  impl.MetricsSystemImpl (MetricsSystemImpl.java:register(276)) - Sink prometheus already exists!
2019-09-27 09:14:18,997 [main] INFO  server.BaseHttpServer (BaseHttpServer.java:updateConnectorAddress(215)) - HTTP server of HDDSDATANODE is listening at http://0.0.0.0:41319
2019-09-27 09:14:18,998 [main] INFO  impl.MetricsSystemImpl (MetricsSystemImpl.java:init(158)) - HddsDatanode metrics system started (again)
2019-09-27 09:14:19,000 [org.apache.hadoop.util.JvmPauseMonitor$Monitor@778e76c9] INFO  util.JvmPauseMonitor (JvmPauseMonitor.java:run(188)) - Starting JVM pause monitor
2019-09-27 09:14:19,001 [main] INFO  ozone.HddsDatanodeService (HddsDatanodeService.java:start(184)) - HddsDatanodeService host:pr-hdds2162-4fxhj-20988671 ip:192.168.151.103
2019-09-27 09:14:19,008 [main] INFO  volume.HddsVolume (HddsVolume.java:<init>(176)) - Creating Volume: /workdir/hadoop-ozone/integration-test/target/test-dir/MiniOzoneClusterImpl-306848a7-f3db-4b9e-8a0f-7b9627716070/datanode-2/data/containers/hdds of  storage type : DISK and capacity : 1482555576320
2019-09-27 09:14:19,008 [main] INFO  volume.VolumeSet (VolumeSet.java:initializeVolumeSet(170)) - Added Volume : /workdir/hadoop-ozone/integration-test/target/test-dir/MiniOzoneClusterImpl-306848a7-f3db-4b9e-8a0f-7b9627716070/datanode-2/data/containers/hdds to VolumeSet
2019-09-27 09:14:19,008 [main] INFO  volume.ThrottledAsyncChecker (ThrottledAsyncChecker.java:schedule(139)) - Scheduling a check for org.apache.hadoop.ozone.container.common.volume.HddsVolume@1aad0b1
2019-09-27 09:14:19,009 [main] INFO  volume.HddsVolumeChecker (HddsVolumeChecker.java:checkAllVolumes(202)) - Scheduled health check for volume org.apache.hadoop.ozone.container.common.volume.HddsVolume@1aad0b1
2019-09-27 09:14:19,023 [main] INFO  impl.RaftServerProxy (ConfUtils.java:logGet(43)) - raft.rpc.type = GRPC (default)
2019-09-27 09:14:19,023 [main] INFO  grpc.GrpcFactory (GrpcFactory.java:checkPooledByteBufAllocatorUseCacheForAllThreads(45)) - PERFORMANCE WARNING: useCacheForAllThreads is true that may cause Netty to create a lot garbage objects and, as a result, trigger GC.
	It is recommended to disable useCacheForAllThreads by setting -Dorg.apache.ratis.thirdparty.io.netty.allocator.useCacheForAllThreads=false in command line.
2019-09-27 09:14:19,023 [main] INFO  grpc.GrpcConfigKeys$Server (ConfUtils.java:logGet(43)) - raft.grpc.server.port = 0 (default)
2019-09-27 09:14:19,023 [main] INFO  server.GrpcService (ConfUtils.java:logGet(43)) - raft.grpc.message.size.max = 33570816 (custom)
2019-09-27 09:14:19,024 [main] INFO  server.RaftServerConfigKeys (ConfUtils.java:logGet(43)) - raft.server.log.appender.buffer.byte-limit = 33554432 (custom)
2019-09-27 09:14:19,024 [main] INFO  server.GrpcService (ConfUtils.java:logGet(43)) - raft.grpc.flow.control.window = 1MB (=1048576) (default)
2019-09-27 09:14:19,024 [main] INFO  server.RaftServerConfigKeys (ConfUtils.java:logGet(43)) - raft.server.rpc.request.timeout = 3000ms (default)
2019-09-27 09:14:19,025 [main] INFO  server.RaftServerConfigKeys (ConfUtils.java:logGet(43)) - raft.server.storage.dir = [/workdir/hadoop-ozone/integration-test/target/test-dir/MiniOzoneClusterImpl-306848a7-f3db-4b9e-8a0f-7b9627716070/datanode-2/data/ratis] (custom)
2019-09-27 09:14:19,027 [main] INFO  hdfs.DFSUtil (DFSUtil.java:httpServerTemplateForNNAndJN(1641)) - Starting Web-server for hddsDatanode at: http://0.0.0.0:0
2019-09-27 09:14:19,028 [main] INFO  server.AuthenticationFilter (AuthenticationFilter.java:constructSecretProvider(240)) - Unable to initialize FileSignerSecretProvider, falling back to use random secrets.
2019-09-27 09:14:19,029 [main] WARN  http.HttpRequestLog (HttpRequestLog.java:getRequestLog(97)) - Jetty request log can only be enabled using Log4j
2019-09-27 09:14:19,030 [main] INFO  http.HttpServer2 (HttpServer2.java:addGlobalFilter(975)) - Added global filter 'safety' (class=org.apache.hadoop.http.HttpServer2$QuotingInputFilter)
2019-09-27 09:14:19,031 [main] INFO  http.HttpServer2 (HttpServer2.java:addFilter(948)) - Added filter static_user_filter (class=org.apache.hadoop.http.lib.StaticUserWebFilter$StaticUserFilter) to context hddsDatanode
2019-09-27 09:14:19,031 [main] INFO  http.HttpServer2 (HttpServer2.java:addFilter(958)) - Added filter static_user_filter (class=org.apache.hadoop.http.lib.StaticUserWebFilter$StaticUserFilter) to context logs
2019-09-27 09:14:19,031 [main] INFO  http.HttpServer2 (HttpServer2.java:addFilter(958)) - Added filter static_user_filter (class=org.apache.hadoop.http.lib.StaticUserWebFilter$StaticUserFilter) to context static
2019-09-27 09:14:19,032 [main] INFO  http.HttpServer2 (HttpServer2.java:bindListener(1191)) - Jetty bound to port 43088
2019-09-27 09:14:19,032 [main] INFO  server.Server (Server.java:doStart(351)) - jetty-9.3.25.v20180904, build timestamp: 2018-09-04T21:11:46Z, git hash: 3ce520221d0240229c862b122d2b06c12a625732
2019-09-27 09:14:19,034 [main] INFO  handler.ContextHandler (ContextHandler.java:doStart(781)) - Started o.e.j.s.ServletContextHandler@4faa298{/logs,file:///workdir/hadoop-ozone/integration-test/target/log,AVAILABLE}
2019-09-27 09:14:19,034 [main] INFO  handler.ContextHandler (ContextHandler.java:doStart(781)) - Started o.e.j.s.ServletContextHandler@151bf776{/static,jar:file:/home/user/.m2/repository/org/apache/hadoop/hadoop-hdds-container-service/0.5.0-SNAPSHOT/hadoop-hdds-container-service-0.5.0-SNAPSHOT.jar!/webapps/static,AVAILABLE}
2019-09-27 09:14:19,056 [Datanode State Machine Thread - 0] INFO  datanode.InitDatanodeState (InitDatanodeState.java:persistContainerDatanodeDetails(140)) - DatanodeDetails is persisted to /workdir/hadoop-ozone/integration-test/target/test-dir/MiniOzoneClusterImpl-306848a7-f3db-4b9e-8a0f-7b9627716070/datanode-0/meta/datanode.id
2019-09-27 09:14:19,059 [Datanode State Machine Thread - 0] INFO  datanode.InitDatanodeState (InitDatanodeState.java:persistContainerDatanodeDetails(140)) - DatanodeDetails is persisted to /workdir/hadoop-ozone/integration-test/target/test-dir/MiniOzoneClusterImpl-306848a7-f3db-4b9e-8a0f-7b9627716070/datanode-1/meta/datanode.id
2019-09-27 09:14:19,065 [main] INFO  handler.ContextHandler (ContextHandler.java:doStart(781)) - Started o.e.j.w.WebAppContext@74174a23{/,file:///tmp/jetty-0.0.0.0-43088-hddsDatanode-_-any-5538649130742392746.dir/webapp/,AVAILABLE}{/hddsDatanode}
2019-09-27 09:14:19,065 [main] INFO  server.AbstractConnector (AbstractConnector.java:doStart(278)) - Started ServerConnector@6342d610{HTTP/1.1,[http/1.1]}{0.0.0.0:43088}
2019-09-27 09:14:19,066 [main] INFO  server.Server (Server.java:doStart(419)) - Started @5347ms
2019-09-27 09:14:19,067 [main] WARN  impl.MetricsSystemImpl (MetricsSystemImpl.java:register(276)) - Sink prometheus already exists!
2019-09-27 09:14:19,067 [main] INFO  server.BaseHttpServer (BaseHttpServer.java:updateConnectorAddress(215)) - HTTP server of HDDSDATANODE is listening at http://0.0.0.0:43088
2019-09-27 09:14:19,068 [main] INFO  impl.MetricsSystemImpl (MetricsSystemImpl.java:init(158)) - HddsDatanode metrics system started (again)
2019-09-27 09:14:19,070 [org.apache.hadoop.util.JvmPauseMonitor$Monitor@70d6e39b] INFO  util.JvmPauseMonitor (JvmPauseMonitor.java:run(188)) - Starting JVM pause monitor
2019-09-27 09:14:19,070 [main] INFO  ozone.HddsDatanodeService (HddsDatanodeService.java:start(184)) - HddsDatanodeService host:pr-hdds2162-4fxhj-20988671 ip:192.168.151.103
2019-09-27 09:14:19,073 [Datanode State Machine Thread - 0] INFO  datanode.InitDatanodeState (InitDatanodeState.java:persistContainerDatanodeDetails(140)) - DatanodeDetails is persisted to /workdir/hadoop-ozone/integration-test/target/test-dir/MiniOzoneClusterImpl-306848a7-f3db-4b9e-8a0f-7b9627716070/datanode-2/meta/datanode.id
2019-09-27 09:14:19,077 [main] INFO  volume.HddsVolume (HddsVolume.java:<init>(176)) - Creating Volume: /workdir/hadoop-ozone/integration-test/target/test-dir/MiniOzoneClusterImpl-306848a7-f3db-4b9e-8a0f-7b9627716070/datanode-3/data/containers/hdds of  storage type : DISK and capacity : 1482555576320
2019-09-27 09:14:19,077 [main] INFO  volume.VolumeSet (VolumeSet.java:initializeVolumeSet(170)) - Added Volume : /workdir/hadoop-ozone/integration-test/target/test-dir/MiniOzoneClusterImpl-306848a7-f3db-4b9e-8a0f-7b9627716070/datanode-3/data/containers/hdds to VolumeSet
2019-09-27 09:14:19,078 [main] INFO  volume.ThrottledAsyncChecker (ThrottledAsyncChecker.java:schedule(139)) - Scheduling a check for org.apache.hadoop.ozone.container.common.volume.HddsVolume@3cd9aa64
2019-09-27 09:14:19,078 [main] INFO  volume.HddsVolumeChecker (HddsVolumeChecker.java:checkAllVolumes(202)) - Scheduled health check for volume org.apache.hadoop.ozone.container.common.volume.HddsVolume@3cd9aa64
2019-09-27 09:14:19,090 [main] INFO  impl.RaftServerProxy (ConfUtils.java:logGet(43)) - raft.rpc.type = GRPC (default)
2019-09-27 09:14:19,090 [main] INFO  grpc.GrpcFactory (GrpcFactory.java:checkPooledByteBufAllocatorUseCacheForAllThreads(45)) - PERFORMANCE WARNING: useCacheForAllThreads is true that may cause Netty to create a lot garbage objects and, as a result, trigger GC.
	It is recommended to disable useCacheForAllThreads by setting -Dorg.apache.ratis.thirdparty.io.netty.allocator.useCacheForAllThreads=false in command line.
2019-09-27 09:14:19,091 [main] INFO  grpc.GrpcConfigKeys$Server (ConfUtils.java:logGet(43)) - raft.grpc.server.port = 0 (default)
2019-09-27 09:14:19,091 [main] INFO  server.GrpcService (ConfUtils.java:logGet(43)) - raft.grpc.message.size.max = 33570816 (custom)
2019-09-27 09:14:19,091 [main] INFO  server.RaftServerConfigKeys (ConfUtils.java:logGet(43)) - raft.server.log.appender.buffer.byte-limit = 33554432 (custom)
2019-09-27 09:14:19,091 [main] INFO  server.GrpcService (ConfUtils.java:logGet(43)) - raft.grpc.flow.control.window = 1MB (=1048576) (default)
2019-09-27 09:14:19,092 [main] INFO  server.RaftServerConfigKeys (ConfUtils.java:logGet(43)) - raft.server.rpc.request.timeout = 3000ms (default)
2019-09-27 09:14:19,092 [main] INFO  server.RaftServerConfigKeys (ConfUtils.java:logGet(43)) - raft.server.storage.dir = [/workdir/hadoop-ozone/integration-test/target/test-dir/MiniOzoneClusterImpl-306848a7-f3db-4b9e-8a0f-7b9627716070/datanode-3/data/ratis] (custom)
2019-09-27 09:14:19,094 [main] INFO  hdfs.DFSUtil (DFSUtil.java:httpServerTemplateForNNAndJN(1641)) - Starting Web-server for hddsDatanode at: http://0.0.0.0:0
2019-09-27 09:14:19,095 [main] INFO  server.AuthenticationFilter (AuthenticationFilter.java:constructSecretProvider(240)) - Unable to initialize FileSignerSecretProvider, falling back to use random secrets.
2019-09-27 09:14:19,095 [main] WARN  http.HttpRequestLog (HttpRequestLog.java:getRequestLog(97)) - Jetty request log can only be enabled using Log4j
2019-09-27 09:14:19,096 [main] INFO  http.HttpServer2 (HttpServer2.java:addGlobalFilter(975)) - Added global filter 'safety' (class=org.apache.hadoop.http.HttpServer2$QuotingInputFilter)
2019-09-27 09:14:19,097 [main] INFO  http.HttpServer2 (HttpServer2.java:addFilter(948)) - Added filter static_user_filter (class=org.apache.hadoop.http.lib.StaticUserWebFilter$StaticUserFilter) to context hddsDatanode
2019-09-27 09:14:19,097 [main] INFO  http.HttpServer2 (HttpServer2.java:addFilter(958)) - Added filter static_user_filter (class=org.apache.hadoop.http.lib.StaticUserWebFilter$StaticUserFilter) to context static
2019-09-27 09:14:19,097 [main] INFO  http.HttpServer2 (HttpServer2.java:addFilter(958)) - Added filter static_user_filter (class=org.apache.hadoop.http.lib.StaticUserWebFilter$StaticUserFilter) to context logs
2019-09-27 09:14:19,098 [main] INFO  http.HttpServer2 (HttpServer2.java:bindListener(1191)) - Jetty bound to port 33501
2019-09-27 09:14:19,098 [main] INFO  server.Server (Server.java:doStart(351)) - jetty-9.3.25.v20180904, build timestamp: 2018-09-04T21:11:46Z, git hash: 3ce520221d0240229c862b122d2b06c12a625732
2019-09-27 09:14:19,102 [main] INFO  handler.ContextHandler (ContextHandler.java:doStart(781)) - Started o.e.j.s.ServletContextHandler@642f9a77{/logs,file:///workdir/hadoop-ozone/integration-test/target/log,AVAILABLE}
2019-09-27 09:14:19,103 [main] INFO  handler.ContextHandler (ContextHandler.java:doStart(781)) - Started o.e.j.s.ServletContextHandler@5634d0f4{/static,jar:file:/home/user/.m2/repository/org/apache/hadoop/hadoop-hdds-container-service/0.5.0-SNAPSHOT/hadoop-hdds-container-service-0.5.0-SNAPSHOT.jar!/webapps/static,AVAILABLE}
2019-09-27 09:14:19,131 [main] INFO  handler.ContextHandler (ContextHandler.java:doStart(781)) - Started o.e.j.w.WebAppContext@73844119{/,file:///tmp/jetty-0.0.0.0-33501-hddsDatanode-_-any-561831976072449187.dir/webapp/,AVAILABLE}{/hddsDatanode}
2019-09-27 09:14:19,133 [main] INFO  server.AbstractConnector (AbstractConnector.java:doStart(278)) - Started ServerConnector@44f24a20{HTTP/1.1,[http/1.1]}{0.0.0.0:33501}
2019-09-27 09:14:19,134 [main] INFO  server.Server (Server.java:doStart(419)) - Started @5415ms
2019-09-27 09:14:19,134 [main] WARN  impl.MetricsSystemImpl (MetricsSystemImpl.java:register(276)) - Sink prometheus already exists!
2019-09-27 09:14:19,135 [main] INFO  server.BaseHttpServer (BaseHttpServer.java:updateConnectorAddress(215)) - HTTP server of HDDSDATANODE is listening at http://0.0.0.0:33501
2019-09-27 09:14:19,135 [main] INFO  impl.MetricsSystemImpl (MetricsSystemImpl.java:init(158)) - HddsDatanode metrics system started (again)
2019-09-27 09:14:19,138 [org.apache.hadoop.util.JvmPauseMonitor$Monitor@183a815f] INFO  util.JvmPauseMonitor (JvmPauseMonitor.java:run(188)) - Starting JVM pause monitor
2019-09-27 09:14:19,138 [main] INFO  ozone.HddsDatanodeService (HddsDatanodeService.java:start(184)) - HddsDatanodeService host:pr-hdds2162-4fxhj-20988671 ip:192.168.151.103
2019-09-27 09:14:19,140 [Datanode State Machine Thread - 0] INFO  datanode.InitDatanodeState (InitDatanodeState.java:persistContainerDatanodeDetails(140)) - DatanodeDetails is persisted to /workdir/hadoop-ozone/integration-test/target/test-dir/MiniOzoneClusterImpl-306848a7-f3db-4b9e-8a0f-7b9627716070/datanode-3/meta/datanode.id
2019-09-27 09:14:19,146 [main] INFO  volume.HddsVolume (HddsVolume.java:<init>(176)) - Creating Volume: /workdir/hadoop-ozone/integration-test/target/test-dir/MiniOzoneClusterImpl-306848a7-f3db-4b9e-8a0f-7b9627716070/datanode-4/data/containers/hdds of  storage type : DISK and capacity : 1482555576320
2019-09-27 09:14:19,147 [main] INFO  volume.VolumeSet (VolumeSet.java:initializeVolumeSet(170)) - Added Volume : /workdir/hadoop-ozone/integration-test/target/test-dir/MiniOzoneClusterImpl-306848a7-f3db-4b9e-8a0f-7b9627716070/datanode-4/data/containers/hdds to VolumeSet
2019-09-27 09:14:19,147 [main] INFO  volume.ThrottledAsyncChecker (ThrottledAsyncChecker.java:schedule(139)) - Scheduling a check for org.apache.hadoop.ozone.container.common.volume.HddsVolume@58f39564
2019-09-27 09:14:19,147 [main] INFO  volume.HddsVolumeChecker (HddsVolumeChecker.java:checkAllVolumes(202)) - Scheduled health check for volume org.apache.hadoop.ozone.container.common.volume.HddsVolume@58f39564
2019-09-27 09:14:19,161 [main] INFO  impl.RaftServerProxy (ConfUtils.java:logGet(43)) - raft.rpc.type = GRPC (default)
2019-09-27 09:14:19,162 [main] INFO  grpc.GrpcFactory (GrpcFactory.java:checkPooledByteBufAllocatorUseCacheForAllThreads(45)) - PERFORMANCE WARNING: useCacheForAllThreads is true that may cause Netty to create a lot garbage objects and, as a result, trigger GC.
	It is recommended to disable useCacheForAllThreads by setting -Dorg.apache.ratis.thirdparty.io.netty.allocator.useCacheForAllThreads=false in command line.
2019-09-27 09:14:19,162 [main] INFO  grpc.GrpcConfigKeys$Server (ConfUtils.java:logGet(43)) - raft.grpc.server.port = 0 (default)
2019-09-27 09:14:19,162 [main] INFO  server.GrpcService (ConfUtils.java:logGet(43)) - raft.grpc.message.size.max = 33570816 (custom)
2019-09-27 09:14:19,163 [main] INFO  server.RaftServerConfigKeys (ConfUtils.java:logGet(43)) - raft.server.log.appender.buffer.byte-limit = 33554432 (custom)
2019-09-27 09:14:19,163 [main] INFO  server.GrpcService (ConfUtils.java:logGet(43)) - raft.grpc.flow.control.window = 1MB (=1048576) (default)
2019-09-27 09:14:19,163 [main] INFO  server.RaftServerConfigKeys (ConfUtils.java:logGet(43)) - raft.server.rpc.request.timeout = 3000ms (default)
2019-09-27 09:14:19,164 [main] INFO  server.RaftServerConfigKeys (ConfUtils.java:logGet(43)) - raft.server.storage.dir = [/workdir/hadoop-ozone/integration-test/target/test-dir/MiniOzoneClusterImpl-306848a7-f3db-4b9e-8a0f-7b9627716070/datanode-4/data/ratis] (custom)
2019-09-27 09:14:19,166 [main] INFO  hdfs.DFSUtil (DFSUtil.java:httpServerTemplateForNNAndJN(1641)) - Starting Web-server for hddsDatanode at: http://0.0.0.0:0
2019-09-27 09:14:19,167 [main] INFO  server.AuthenticationFilter (AuthenticationFilter.java:constructSecretProvider(240)) - Unable to initialize FileSignerSecretProvider, falling back to use random secrets.
2019-09-27 09:14:19,168 [main] WARN  http.HttpRequestLog (HttpRequestLog.java:getRequestLog(97)) - Jetty request log can only be enabled using Log4j
2019-09-27 09:14:19,169 [main] INFO  http.HttpServer2 (HttpServer2.java:addGlobalFilter(975)) - Added global filter 'safety' (class=org.apache.hadoop.http.HttpServer2$QuotingInputFilter)
2019-09-27 09:14:19,170 [main] INFO  http.HttpServer2 (HttpServer2.java:addFilter(948)) - Added filter static_user_filter (class=org.apache.hadoop.http.lib.StaticUserWebFilter$StaticUserFilter) to context hddsDatanode
2019-09-27 09:14:19,170 [main] INFO  http.HttpServer2 (HttpServer2.java:addFilter(958)) - Added filter static_user_filter (class=org.apache.hadoop.http.lib.StaticUserWebFilter$StaticUserFilter) to context logs
2019-09-27 09:14:19,170 [main] INFO  http.HttpServer2 (HttpServer2.java:addFilter(958)) - Added filter static_user_filter (class=org.apache.hadoop.http.lib.StaticUserWebFilter$StaticUserFilter) to context static
2019-09-27 09:14:19,171 [main] INFO  http.HttpServer2 (HttpServer2.java:bindListener(1191)) - Jetty bound to port 35664
2019-09-27 09:14:19,171 [main] INFO  server.Server (Server.java:doStart(351)) - jetty-9.3.25.v20180904, build timestamp: 2018-09-04T21:11:46Z, git hash: 3ce520221d0240229c862b122d2b06c12a625732
2019-09-27 09:14:19,173 [main] INFO  handler.ContextHandler (ContextHandler.java:doStart(781)) - Started o.e.j.s.ServletContextHandler@671d1157{/logs,file:///workdir/hadoop-ozone/integration-test/target/log,AVAILABLE}
2019-09-27 09:14:19,174 [main] INFO  handler.ContextHandler (ContextHandler.java:doStart(781)) - Started o.e.j.s.ServletContextHandler@44cffc25{/static,jar:file:/home/user/.m2/repository/org/apache/hadoop/hadoop-hdds-container-service/0.5.0-SNAPSHOT/hadoop-hdds-container-service-0.5.0-SNAPSHOT.jar!/webapps/static,AVAILABLE}
2019-09-27 09:14:19,202 [main] INFO  handler.ContextHandler (ContextHandler.java:doStart(781)) - Started o.e.j.w.WebAppContext@2938127d{/,file:///tmp/jetty-0.0.0.0-35664-hddsDatanode-_-any-5293246081204274428.dir/webapp/,AVAILABLE}{/hddsDatanode}
2019-09-27 09:14:19,204 [main] INFO  server.AbstractConnector (AbstractConnector.java:doStart(278)) - Started ServerConnector@127a7272{HTTP/1.1,[http/1.1]}{0.0.0.0:35664}
2019-09-27 09:14:19,205 [main] INFO  server.Server (Server.java:doStart(419)) - Started @5486ms
2019-09-27 09:14:19,205 [main] WARN  impl.MetricsSystemImpl (MetricsSystemImpl.java:register(276)) - Sink prometheus already exists!
2019-09-27 09:14:19,206 [main] INFO  server.BaseHttpServer (BaseHttpServer.java:updateConnectorAddress(215)) - HTTP server of HDDSDATANODE is listening at http://0.0.0.0:35664
2019-09-27 09:14:19,206 [main] INFO  impl.MetricsSystemImpl (MetricsSystemImpl.java:init(158)) - HddsDatanode metrics system started (again)
2019-09-27 09:14:19,210 [org.apache.hadoop.util.JvmPauseMonitor$Monitor@295fb5cb] INFO  util.JvmPauseMonitor (JvmPauseMonitor.java:run(188)) - Starting JVM pause monitor
2019-09-27 09:14:19,211 [main] INFO  ozone.HddsDatanodeService (HddsDatanodeService.java:start(184)) - HddsDatanodeService host:pr-hdds2162-4fxhj-20988671 ip:192.168.151.103
2019-09-27 09:14:19,213 [Datanode State Machine Thread - 0] INFO  datanode.InitDatanodeState (InitDatanodeState.java:persistContainerDatanodeDetails(140)) - DatanodeDetails is persisted to /workdir/hadoop-ozone/integration-test/target/test-dir/MiniOzoneClusterImpl-306848a7-f3db-4b9e-8a0f-7b9627716070/datanode-4/meta/datanode.id
2019-09-27 09:14:19,228 [main] INFO  volume.HddsVolume (HddsVolume.java:<init>(176)) - Creating Volume: /workdir/hadoop-ozone/integration-test/target/test-dir/MiniOzoneClusterImpl-306848a7-f3db-4b9e-8a0f-7b9627716070/datanode-5/data/containers/hdds of  storage type : DISK and capacity : 1482555576320
2019-09-27 09:14:19,228 [main] INFO  volume.VolumeSet (VolumeSet.java:initializeVolumeSet(170)) - Added Volume : /workdir/hadoop-ozone/integration-test/target/test-dir/MiniOzoneClusterImpl-306848a7-f3db-4b9e-8a0f-7b9627716070/datanode-5/data/containers/hdds to VolumeSet
2019-09-27 09:14:19,229 [main] INFO  volume.ThrottledAsyncChecker (ThrottledAsyncChecker.java:schedule(139)) - Scheduling a check for org.apache.hadoop.ozone.container.common.volume.HddsVolume@315f09ef
2019-09-27 09:14:19,229 [main] INFO  volume.HddsVolumeChecker (HddsVolumeChecker.java:checkAllVolumes(202)) - Scheduled health check for volume org.apache.hadoop.ozone.container.common.volume.HddsVolume@315f09ef
2019-09-27 09:14:19,255 [main] INFO  impl.RaftServerProxy (ConfUtils.java:logGet(43)) - raft.rpc.type = GRPC (default)
2019-09-27 09:14:19,255 [main] INFO  grpc.GrpcFactory (GrpcFactory.java:checkPooledByteBufAllocatorUseCacheForAllThreads(45)) - PERFORMANCE WARNING: useCacheForAllThreads is true that may cause Netty to create a lot garbage objects and, as a result, trigger GC.
	It is recommended to disable useCacheForAllThreads by setting -Dorg.apache.ratis.thirdparty.io.netty.allocator.useCacheForAllThreads=false in command line.
2019-09-27 09:14:19,256 [main] INFO  grpc.GrpcConfigKeys$Server (ConfUtils.java:logGet(43)) - raft.grpc.server.port = 0 (default)
2019-09-27 09:14:19,256 [main] INFO  server.GrpcService (ConfUtils.java:logGet(43)) - raft.grpc.message.size.max = 33570816 (custom)
2019-09-27 09:14:19,256 [main] INFO  server.RaftServerConfigKeys (ConfUtils.java:logGet(43)) - raft.server.log.appender.buffer.byte-limit = 33554432 (custom)
2019-09-27 09:14:19,256 [main] INFO  server.GrpcService (ConfUtils.java:logGet(43)) - raft.grpc.flow.control.window = 1MB (=1048576) (default)
2019-09-27 09:14:19,257 [main] INFO  server.RaftServerConfigKeys (ConfUtils.java:logGet(43)) - raft.server.rpc.request.timeout = 3000ms (default)
2019-09-27 09:14:19,257 [main] INFO  server.RaftServerConfigKeys (ConfUtils.java:logGet(43)) - raft.server.storage.dir = [/workdir/hadoop-ozone/integration-test/target/test-dir/MiniOzoneClusterImpl-306848a7-f3db-4b9e-8a0f-7b9627716070/datanode-5/data/ratis] (custom)
2019-09-27 09:14:19,259 [main] INFO  hdfs.DFSUtil (DFSUtil.java:httpServerTemplateForNNAndJN(1641)) - Starting Web-server for hddsDatanode at: http://0.0.0.0:0
2019-09-27 09:14:19,262 [main] INFO  server.AuthenticationFilter (AuthenticationFilter.java:constructSecretProvider(240)) - Unable to initialize FileSignerSecretProvider, falling back to use random secrets.
2019-09-27 09:14:19,263 [main] WARN  http.HttpRequestLog (HttpRequestLog.java:getRequestLog(97)) - Jetty request log can only be enabled using Log4j
2019-09-27 09:14:19,266 [main] INFO  http.HttpServer2 (HttpServer2.java:addGlobalFilter(975)) - Added global filter 'safety' (class=org.apache.hadoop.http.HttpServer2$QuotingInputFilter)
2019-09-27 09:14:19,267 [main] INFO  http.HttpServer2 (HttpServer2.java:addFilter(948)) - Added filter static_user_filter (class=org.apache.hadoop.http.lib.StaticUserWebFilter$StaticUserFilter) to context hddsDatanode
2019-09-27 09:14:19,268 [main] INFO  http.HttpServer2 (HttpServer2.java:addFilter(958)) - Added filter static_user_filter (class=org.apache.hadoop.http.lib.StaticUserWebFilter$StaticUserFilter) to context logs
2019-09-27 09:14:19,268 [main] INFO  http.HttpServer2 (HttpServer2.java:addFilter(958)) - Added filter static_user_filter (class=org.apache.hadoop.http.lib.StaticUserWebFilter$StaticUserFilter) to context static
2019-09-27 09:14:19,269 [main] INFO  http.HttpServer2 (HttpServer2.java:bindListener(1191)) - Jetty bound to port 45227
2019-09-27 09:14:19,269 [main] INFO  server.Server (Server.java:doStart(351)) - jetty-9.3.25.v20180904, build timestamp: 2018-09-04T21:11:46Z, git hash: 3ce520221d0240229c862b122d2b06c12a625732
2019-09-27 09:14:19,272 [main] INFO  handler.ContextHandler (ContextHandler.java:doStart(781)) - Started o.e.j.s.ServletContextHandler@74170687{/logs,file:///workdir/hadoop-ozone/integration-test/target/log,AVAILABLE}
2019-09-27 09:14:19,273 [main] INFO  handler.ContextHandler (ContextHandler.java:doStart(781)) - Started o.e.j.s.ServletContextHandler@3d96fa9e{/static,jar:file:/home/user/.m2/repository/org/apache/hadoop/hadoop-hdds-container-service/0.5.0-SNAPSHOT/hadoop-hdds-container-service-0.5.0-SNAPSHOT.jar!/webapps/static,AVAILABLE}
2019-09-27 09:14:19,315 [main] INFO  handler.ContextHandler (ContextHandler.java:doStart(781)) - Started o.e.j.w.WebAppContext@254f906e{/,file:///tmp/jetty-0.0.0.0-45227-hddsDatanode-_-any-3495530996710698221.dir/webapp/,AVAILABLE}{/hddsDatanode}
2019-09-27 09:14:19,317 [main] INFO  server.AbstractConnector (AbstractConnector.java:doStart(278)) - Started ServerConnector@3d0035d2{HTTP/1.1,[http/1.1]}{0.0.0.0:45227}
2019-09-27 09:14:19,317 [main] INFO  server.Server (Server.java:doStart(419)) - Started @5598ms
2019-09-27 09:14:19,317 [main] WARN  impl.MetricsSystemImpl (MetricsSystemImpl.java:register(276)) - Sink prometheus already exists!
2019-09-27 09:14:19,318 [main] INFO  server.BaseHttpServer (BaseHttpServer.java:updateConnectorAddress(215)) - HTTP server of HDDSDATANODE is listening at http://0.0.0.0:45227
2019-09-27 09:14:19,319 [main] INFO  impl.MetricsSystemImpl (MetricsSystemImpl.java:init(158)) - HddsDatanode metrics system started (again)
2019-09-27 09:14:19,323 [org.apache.hadoop.util.JvmPauseMonitor$Monitor@1acc0e6b] INFO  util.JvmPauseMonitor (JvmPauseMonitor.java:run(188)) - Starting JVM pause monitor
2019-09-27 09:14:19,324 [main] INFO  ozone.HddsDatanodeService (HddsDatanodeService.java:start(184)) - HddsDatanodeService host:pr-hdds2162-4fxhj-20988671 ip:192.168.151.103
2019-09-27 09:14:19,326 [Datanode State Machine Thread - 0] INFO  datanode.InitDatanodeState (InitDatanodeState.java:persistContainerDatanodeDetails(140)) - DatanodeDetails is persisted to /workdir/hadoop-ozone/integration-test/target/test-dir/MiniOzoneClusterImpl-306848a7-f3db-4b9e-8a0f-7b9627716070/datanode-5/meta/datanode.id
2019-09-27 09:14:19,331 [main] INFO  volume.HddsVolume (HddsVolume.java:<init>(176)) - Creating Volume: /workdir/hadoop-ozone/integration-test/target/test-dir/MiniOzoneClusterImpl-306848a7-f3db-4b9e-8a0f-7b9627716070/datanode-6/data/containers/hdds of  storage type : DISK and capacity : 1482555576320
2019-09-27 09:14:19,331 [main] INFO  volume.VolumeSet (VolumeSet.java:initializeVolumeSet(170)) - Added Volume : /workdir/hadoop-ozone/integration-test/target/test-dir/MiniOzoneClusterImpl-306848a7-f3db-4b9e-8a0f-7b9627716070/datanode-6/data/containers/hdds to VolumeSet
2019-09-27 09:14:19,331 [main] INFO  volume.ThrottledAsyncChecker (ThrottledAsyncChecker.java:schedule(139)) - Scheduling a check for org.apache.hadoop.ozone.container.common.volume.HddsVolume@68868328
2019-09-27 09:14:19,332 [main] INFO  volume.HddsVolumeChecker (HddsVolumeChecker.java:checkAllVolumes(202)) - Scheduled health check for volume org.apache.hadoop.ozone.container.common.volume.HddsVolume@68868328
2019-09-27 09:14:19,344 [main] INFO  impl.RaftServerProxy (ConfUtils.java:logGet(43)) - raft.rpc.type = GRPC (default)
2019-09-27 09:14:19,345 [main] INFO  grpc.GrpcFactory (GrpcFactory.java:checkPooledByteBufAllocatorUseCacheForAllThreads(45)) - PERFORMANCE WARNING: useCacheForAllThreads is true that may cause Netty to create a lot garbage objects and, as a result, trigger GC.
	It is recommended to disable useCacheForAllThreads by setting -Dorg.apache.ratis.thirdparty.io.netty.allocator.useCacheForAllThreads=false in command line.
2019-09-27 09:14:19,345 [main] INFO  grpc.GrpcConfigKeys$Server (ConfUtils.java:logGet(43)) - raft.grpc.server.port = 0 (default)
2019-09-27 09:14:19,345 [main] INFO  server.GrpcService (ConfUtils.java:logGet(43)) - raft.grpc.message.size.max = 33570816 (custom)
2019-09-27 09:14:19,345 [main] INFO  server.RaftServerConfigKeys (ConfUtils.java:logGet(43)) - raft.server.log.appender.buffer.byte-limit = 33554432 (custom)
2019-09-27 09:14:19,346 [main] INFO  server.GrpcService (ConfUtils.java:logGet(43)) - raft.grpc.flow.control.window = 1MB (=1048576) (default)
2019-09-27 09:14:19,346 [main] INFO  server.RaftServerConfigKeys (ConfUtils.java:logGet(43)) - raft.server.rpc.request.timeout = 3000ms (default)
2019-09-27 09:14:19,346 [main] INFO  server.RaftServerConfigKeys (ConfUtils.java:logGet(43)) - raft.server.storage.dir = [/workdir/hadoop-ozone/integration-test/target/test-dir/MiniOzoneClusterImpl-306848a7-f3db-4b9e-8a0f-7b9627716070/datanode-6/data/ratis] (custom)
2019-09-27 09:14:19,348 [main] INFO  hdfs.DFSUtil (DFSUtil.java:httpServerTemplateForNNAndJN(1641)) - Starting Web-server for hddsDatanode at: http://0.0.0.0:0
2019-09-27 09:14:19,350 [main] INFO  server.AuthenticationFilter (AuthenticationFilter.java:constructSecretProvider(240)) - Unable to initialize FileSignerSecretProvider, falling back to use random secrets.
2019-09-27 09:14:19,350 [main] WARN  http.HttpRequestLog (HttpRequestLog.java:getRequestLog(97)) - Jetty request log can only be enabled using Log4j
2019-09-27 09:14:19,351 [main] INFO  http.HttpServer2 (HttpServer2.java:addGlobalFilter(975)) - Added global filter 'safety' (class=org.apache.hadoop.http.HttpServer2$QuotingInputFilter)
2019-09-27 09:14:19,352 [main] INFO  http.HttpServer2 (HttpServer2.java:addFilter(948)) - Added filter static_user_filter (class=org.apache.hadoop.http.lib.StaticUserWebFilter$StaticUserFilter) to context hddsDatanode
2019-09-27 09:14:19,352 [main] INFO  http.HttpServer2 (HttpServer2.java:addFilter(958)) - Added filter static_user_filter (class=org.apache.hadoop.http.lib.StaticUserWebFilter$StaticUserFilter) to context static
2019-09-27 09:14:19,352 [main] INFO  http.HttpServer2 (HttpServer2.java:addFilter(958)) - Added filter static_user_filter (class=org.apache.hadoop.http.lib.StaticUserWebFilter$StaticUserFilter) to context logs
2019-09-27 09:14:19,353 [main] INFO  http.HttpServer2 (HttpServer2.java:bindListener(1191)) - Jetty bound to port 43118
2019-09-27 09:14:19,353 [main] INFO  server.Server (Server.java:doStart(351)) - jetty-9.3.25.v20180904, build timestamp: 2018-09-04T21:11:46Z, git hash: 3ce520221d0240229c862b122d2b06c12a625732
2019-09-27 09:14:19,355 [main] INFO  handler.ContextHandler (ContextHandler.java:doStart(781)) - Started o.e.j.s.ServletContextHandler@574a89e2{/logs,file:///workdir/hadoop-ozone/integration-test/target/log,AVAILABLE}
2019-09-27 09:14:19,355 [main] INFO  handler.ContextHandler (ContextHandler.java:doStart(781)) - Started o.e.j.s.ServletContextHandler@3dd31157{/static,jar:file:/home/user/.m2/repository/org/apache/hadoop/hadoop-hdds-container-service/0.5.0-SNAPSHOT/hadoop-hdds-container-service-0.5.0-SNAPSHOT.jar!/webapps/static,AVAILABLE}
2019-09-27 09:14:19,384 [main] INFO  handler.ContextHandler (ContextHandler.java:doStart(781)) - Started o.e.j.w.WebAppContext@6d6bbd35{/,file:///tmp/jetty-0.0.0.0-43118-hddsDatanode-_-any-3840355383372158639.dir/webapp/,AVAILABLE}{/hddsDatanode}
2019-09-27 09:14:19,384 [main] INFO  server.AbstractConnector (AbstractConnector.java:doStart(278)) - Started ServerConnector@5c5d6175{HTTP/1.1,[http/1.1]}{0.0.0.0:43118}
2019-09-27 09:14:19,386 [main] INFO  server.Server (Server.java:doStart(419)) - Started @5667ms
2019-09-27 09:14:19,386 [main] WARN  impl.MetricsSystemImpl (MetricsSystemImpl.java:register(276)) - Sink prometheus already exists!
2019-09-27 09:14:19,387 [main] INFO  server.BaseHttpServer (BaseHttpServer.java:updateConnectorAddress(215)) - HTTP server of HDDSDATANODE is listening at http://0.0.0.0:43118
2019-09-27 09:14:19,387 [main] INFO  impl.MetricsSystemImpl (MetricsSystemImpl.java:init(158)) - HddsDatanode metrics system started (again)
2019-09-27 09:14:19,391 [org.apache.hadoop.util.JvmPauseMonitor$Monitor@4b58a8be] INFO  util.JvmPauseMonitor (JvmPauseMonitor.java:run(188)) - Starting JVM pause monitor
2019-09-27 09:14:19,392 [main] INFO  ozone.HddsDatanodeService (HddsDatanodeService.java:start(184)) - HddsDatanodeService host:pr-hdds2162-4fxhj-20988671 ip:192.168.151.103
2019-09-27 09:14:19,393 [Datanode State Machine Thread - 0] INFO  datanode.InitDatanodeState (InitDatanodeState.java:persistContainerDatanodeDetails(140)) - DatanodeDetails is persisted to /workdir/hadoop-ozone/integration-test/target/test-dir/MiniOzoneClusterImpl-306848a7-f3db-4b9e-8a0f-7b9627716070/datanode-6/meta/datanode.id
2019-09-27 09:14:19,399 [main] INFO  volume.HddsVolume (HddsVolume.java:<init>(176)) - Creating Volume: /workdir/hadoop-ozone/integration-test/target/test-dir/MiniOzoneClusterImpl-306848a7-f3db-4b9e-8a0f-7b9627716070/datanode-7/data/containers/hdds of  storage type : DISK and capacity : 1482555576320
2019-09-27 09:14:19,400 [main] INFO  volume.VolumeSet (VolumeSet.java:initializeVolumeSet(170)) - Added Volume : /workdir/hadoop-ozone/integration-test/target/test-dir/MiniOzoneClusterImpl-306848a7-f3db-4b9e-8a0f-7b9627716070/datanode-7/data/containers/hdds to VolumeSet
2019-09-27 09:14:19,400 [main] INFO  volume.ThrottledAsyncChecker (ThrottledAsyncChecker.java:schedule(139)) - Scheduling a check for org.apache.hadoop.ozone.container.common.volume.HddsVolume@2cc75074
2019-09-27 09:14:19,401 [main] INFO  volume.HddsVolumeChecker (HddsVolumeChecker.java:checkAllVolumes(202)) - Scheduled health check for volume org.apache.hadoop.ozone.container.common.volume.HddsVolume@2cc75074
2019-09-27 09:14:19,415 [main] INFO  impl.RaftServerProxy (ConfUtils.java:logGet(43)) - raft.rpc.type = GRPC (default)
2019-09-27 09:14:19,415 [main] INFO  grpc.GrpcFactory (GrpcFactory.java:checkPooledByteBufAllocatorUseCacheForAllThreads(45)) - PERFORMANCE WARNING: useCacheForAllThreads is true that may cause Netty to create a lot garbage objects and, as a result, trigger GC.
	It is recommended to disable useCacheForAllThreads by setting -Dorg.apache.ratis.thirdparty.io.netty.allocator.useCacheForAllThreads=false in command line.
2019-09-27 09:14:19,416 [main] INFO  grpc.GrpcConfigKeys$Server (ConfUtils.java:logGet(43)) - raft.grpc.server.port = 0 (default)
2019-09-27 09:14:19,416 [main] INFO  server.GrpcService (ConfUtils.java:logGet(43)) - raft.grpc.message.size.max = 33570816 (custom)
2019-09-27 09:14:19,416 [main] INFO  server.RaftServerConfigKeys (ConfUtils.java:logGet(43)) - raft.server.log.appender.buffer.byte-limit = 33554432 (custom)
2019-09-27 09:14:19,416 [main] INFO  server.GrpcService (ConfUtils.java:logGet(43)) - raft.grpc.flow.control.window = 1MB (=1048576) (default)
2019-09-27 09:14:19,416 [main] INFO  server.RaftServerConfigKeys (ConfUtils.java:logGet(43)) - raft.server.rpc.request.timeout = 3000ms (default)
2019-09-27 09:14:19,417 [main] INFO  server.RaftServerConfigKeys (ConfUtils.java:logGet(43)) - raft.server.storage.dir = [/workdir/hadoop-ozone/integration-test/target/test-dir/MiniOzoneClusterImpl-306848a7-f3db-4b9e-8a0f-7b9627716070/datanode-7/data/ratis] (custom)
2019-09-27 09:14:19,419 [main] INFO  hdfs.DFSUtil (DFSUtil.java:httpServerTemplateForNNAndJN(1641)) - Starting Web-server for hddsDatanode at: http://0.0.0.0:0
2019-09-27 09:14:19,420 [main] INFO  server.AuthenticationFilter (AuthenticationFilter.java:constructSecretProvider(240)) - Unable to initialize FileSignerSecretProvider, falling back to use random secrets.
2019-09-27 09:14:19,421 [main] WARN  http.HttpRequestLog (HttpRequestLog.java:getRequestLog(97)) - Jetty request log can only be enabled using Log4j
2019-09-27 09:14:19,423 [main] INFO  http.HttpServer2 (HttpServer2.java:addGlobalFilter(975)) - Added global filter 'safety' (class=org.apache.hadoop.http.HttpServer2$QuotingInputFilter)
2019-09-27 09:14:19,424 [main] INFO  http.HttpServer2 (HttpServer2.java:addFilter(948)) - Added filter static_user_filter (class=org.apache.hadoop.http.lib.StaticUserWebFilter$StaticUserFilter) to context hddsDatanode
2019-09-27 09:14:19,425 [main] INFO  http.HttpServer2 (HttpServer2.java:addFilter(958)) - Added filter static_user_filter (class=org.apache.hadoop.http.lib.StaticUserWebFilter$StaticUserFilter) to context static
2019-09-27 09:14:19,425 [main] INFO  http.HttpServer2 (HttpServer2.java:addFilter(958)) - Added filter static_user_filter (class=org.apache.hadoop.http.lib.StaticUserWebFilter$StaticUserFilter) to context logs
2019-09-27 09:14:19,426 [main] INFO  http.HttpServer2 (HttpServer2.java:bindListener(1191)) - Jetty bound to port 37746
2019-09-27 09:14:19,426 [main] INFO  server.Server (Server.java:doStart(351)) - jetty-9.3.25.v20180904, build timestamp: 2018-09-04T21:11:46Z, git hash: 3ce520221d0240229c862b122d2b06c12a625732
2019-09-27 09:14:19,430 [main] INFO  handler.ContextHandler (ContextHandler.java:doStart(781)) - Started o.e.j.s.ServletContextHandler@1a96d94c{/logs,file:///workdir/hadoop-ozone/integration-test/target/log,AVAILABLE}
2019-09-27 09:14:19,430 [main] INFO  handler.ContextHandler (ContextHandler.java:doStart(781)) - Started o.e.j.s.ServletContextHandler@ae202c6{/static,jar:file:/home/user/.m2/repository/org/apache/hadoop/hadoop-hdds-container-service/0.5.0-SNAPSHOT/hadoop-hdds-container-service-0.5.0-SNAPSHOT.jar!/webapps/static,AVAILABLE}
2019-09-27 09:14:19,459 [main] INFO  handler.ContextHandler (ContextHandler.java:doStart(781)) - Started o.e.j.w.WebAppContext@1947596f{/,file:///tmp/jetty-0.0.0.0-37746-hddsDatanode-_-any-2867792722737123550.dir/webapp/,AVAILABLE}{/hddsDatanode}
2019-09-27 09:14:19,461 [main] INFO  server.AbstractConnector (AbstractConnector.java:doStart(278)) - Started ServerConnector@3078cac{HTTP/1.1,[http/1.1]}{0.0.0.0:37746}
2019-09-27 09:14:19,461 [main] INFO  server.Server (Server.java:doStart(419)) - Started @5742ms
2019-09-27 09:14:19,461 [main] WARN  impl.MetricsSystemImpl (MetricsSystemImpl.java:register(276)) - Sink prometheus already exists!
2019-09-27 09:14:19,462 [main] INFO  server.BaseHttpServer (BaseHttpServer.java:updateConnectorAddress(215)) - HTTP server of HDDSDATANODE is listening at http://0.0.0.0:37746
2019-09-27 09:14:19,463 [main] INFO  impl.MetricsSystemImpl (MetricsSystemImpl.java:init(158)) - HddsDatanode metrics system started (again)
2019-09-27 09:14:19,466 [org.apache.hadoop.util.JvmPauseMonitor$Monitor@54d4b274] INFO  util.JvmPauseMonitor (JvmPauseMonitor.java:run(188)) - Starting JVM pause monitor
2019-09-27 09:14:19,468 [main] INFO  ozone.HddsDatanodeService (HddsDatanodeService.java:start(184)) - HddsDatanodeService host:pr-hdds2162-4fxhj-20988671 ip:192.168.151.103
2019-09-27 09:14:19,469 [Datanode State Machine Thread - 0] INFO  datanode.InitDatanodeState (InitDatanodeState.java:persistContainerDatanodeDetails(140)) - DatanodeDetails is persisted to /workdir/hadoop-ozone/integration-test/target/test-dir/MiniOzoneClusterImpl-306848a7-f3db-4b9e-8a0f-7b9627716070/datanode-7/meta/datanode.id
2019-09-27 09:14:19,477 [main] INFO  volume.HddsVolume (HddsVolume.java:<init>(176)) - Creating Volume: /workdir/hadoop-ozone/integration-test/target/test-dir/MiniOzoneClusterImpl-306848a7-f3db-4b9e-8a0f-7b9627716070/datanode-8/data/containers/hdds of  storage type : DISK and capacity : 1482555576320
2019-09-27 09:14:19,477 [main] INFO  volume.VolumeSet (VolumeSet.java:initializeVolumeSet(170)) - Added Volume : /workdir/hadoop-ozone/integration-test/target/test-dir/MiniOzoneClusterImpl-306848a7-f3db-4b9e-8a0f-7b9627716070/datanode-8/data/containers/hdds to VolumeSet
2019-09-27 09:14:19,478 [main] INFO  volume.ThrottledAsyncChecker (ThrottledAsyncChecker.java:schedule(139)) - Scheduling a check for org.apache.hadoop.ozone.container.common.volume.HddsVolume@4af45442
2019-09-27 09:14:19,478 [main] INFO  volume.HddsVolumeChecker (HddsVolumeChecker.java:checkAllVolumes(202)) - Scheduled health check for volume org.apache.hadoop.ozone.container.common.volume.HddsVolume@4af45442
2019-09-27 09:14:19,492 [main] INFO  impl.RaftServerProxy (ConfUtils.java:logGet(43)) - raft.rpc.type = GRPC (default)
2019-09-27 09:14:19,492 [main] INFO  grpc.GrpcFactory (GrpcFactory.java:checkPooledByteBufAllocatorUseCacheForAllThreads(45)) - PERFORMANCE WARNING: useCacheForAllThreads is true that may cause Netty to create a lot garbage objects and, as a result, trigger GC.
	It is recommended to disable useCacheForAllThreads by setting -Dorg.apache.ratis.thirdparty.io.netty.allocator.useCacheForAllThreads=false in command line.
2019-09-27 09:14:19,492 [main] INFO  grpc.GrpcConfigKeys$Server (ConfUtils.java:logGet(43)) - raft.grpc.server.port = 0 (default)
2019-09-27 09:14:19,492 [main] INFO  server.GrpcService (ConfUtils.java:logGet(43)) - raft.grpc.message.size.max = 33570816 (custom)
2019-09-27 09:14:19,493 [main] INFO  server.RaftServerConfigKeys (ConfUtils.java:logGet(43)) - raft.server.log.appender.buffer.byte-limit = 33554432 (custom)
2019-09-27 09:14:19,493 [main] INFO  server.GrpcService (ConfUtils.java:logGet(43)) - raft.grpc.flow.control.window = 1MB (=1048576) (default)
2019-09-27 09:14:19,493 [main] INFO  server.RaftServerConfigKeys (ConfUtils.java:logGet(43)) - raft.server.rpc.request.timeout = 3000ms (default)
2019-09-27 09:14:19,494 [main] INFO  server.RaftServerConfigKeys (ConfUtils.java:logGet(43)) - raft.server.storage.dir = [/workdir/hadoop-ozone/integration-test/target/test-dir/MiniOzoneClusterImpl-306848a7-f3db-4b9e-8a0f-7b9627716070/datanode-8/data/ratis] (custom)
2019-09-27 09:14:19,495 [main] INFO  hdfs.DFSUtil (DFSUtil.java:httpServerTemplateForNNAndJN(1641)) - Starting Web-server for hddsDatanode at: http://0.0.0.0:0
2019-09-27 09:14:19,497 [main] INFO  server.AuthenticationFilter (AuthenticationFilter.java:constructSecretProvider(240)) - Unable to initialize FileSignerSecretProvider, falling back to use random secrets.
2019-09-27 09:14:19,498 [main] WARN  http.HttpRequestLog (HttpRequestLog.java:getRequestLog(97)) - Jetty request log can only be enabled using Log4j
2019-09-27 09:14:19,499 [main] INFO  http.HttpServer2 (HttpServer2.java:addGlobalFilter(975)) - Added global filter 'safety' (class=org.apache.hadoop.http.HttpServer2$QuotingInputFilter)
2019-09-27 09:14:19,500 [main] INFO  http.HttpServer2 (HttpServer2.java:addFilter(948)) - Added filter static_user_filter (class=org.apache.hadoop.http.lib.StaticUserWebFilter$StaticUserFilter) to context hddsDatanode
2019-09-27 09:14:19,500 [main] INFO  http.HttpServer2 (HttpServer2.java:addFilter(958)) - Added filter static_user_filter (class=org.apache.hadoop.http.lib.StaticUserWebFilter$StaticUserFilter) to context logs
2019-09-27 09:14:19,500 [main] INFO  http.HttpServer2 (HttpServer2.java:addFilter(958)) - Added filter static_user_filter (class=org.apache.hadoop.http.lib.StaticUserWebFilter$StaticUserFilter) to context static
2019-09-27 09:14:19,501 [main] INFO  http.HttpServer2 (HttpServer2.java:bindListener(1191)) - Jetty bound to port 38949
2019-09-27 09:14:19,501 [main] INFO  server.Server (Server.java:doStart(351)) - jetty-9.3.25.v20180904, build timestamp: 2018-09-04T21:11:46Z, git hash: 3ce520221d0240229c862b122d2b06c12a625732
2019-09-27 09:14:19,503 [main] INFO  handler.ContextHandler (ContextHandler.java:doStart(781)) - Started o.e.j.s.ServletContextHandler@1f53481b{/logs,file:///workdir/hadoop-ozone/integration-test/target/log,AVAILABLE}
2019-09-27 09:14:19,503 [main] INFO  handler.ContextHandler (ContextHandler.java:doStart(781)) - Started o.e.j.s.ServletContextHandler@27e7c77f{/static,jar:file:/home/user/.m2/repository/org/apache/hadoop/hadoop-hdds-container-service/0.5.0-SNAPSHOT/hadoop-hdds-container-service-0.5.0-SNAPSHOT.jar!/webapps/static,AVAILABLE}
2019-09-27 09:14:19,530 [main] INFO  handler.ContextHandler (ContextHandler.java:doStart(781)) - Started o.e.j.w.WebAppContext@765ffb14{/,file:///tmp/jetty-0.0.0.0-38949-hddsDatanode-_-any-2265600292980953220.dir/webapp/,AVAILABLE}{/hddsDatanode}
2019-09-27 09:14:19,531 [main] INFO  server.AbstractConnector (AbstractConnector.java:doStart(278)) - Started ServerConnector@57562473{HTTP/1.1,[http/1.1]}{0.0.0.0:38949}
2019-09-27 09:14:19,532 [main] INFO  server.Server (Server.java:doStart(419)) - Started @5813ms
2019-09-27 09:14:19,532 [main] WARN  impl.MetricsSystemImpl (MetricsSystemImpl.java:register(276)) - Sink prometheus already exists!
2019-09-27 09:14:19,533 [main] INFO  server.BaseHttpServer (BaseHttpServer.java:updateConnectorAddress(215)) - HTTP server of HDDSDATANODE is listening at http://0.0.0.0:38949
2019-09-27 09:14:19,534 [main] INFO  impl.MetricsSystemImpl (MetricsSystemImpl.java:init(158)) - HddsDatanode metrics system started (again)
2019-09-27 09:14:19,537 [org.apache.hadoop.util.JvmPauseMonitor$Monitor@5c286595] INFO  util.JvmPauseMonitor (JvmPauseMonitor.java:run(188)) - Starting JVM pause monitor
2019-09-27 09:14:19,539 [main] INFO  ozone.HddsDatanodeService (HddsDatanodeService.java:start(184)) - HddsDatanodeService host:pr-hdds2162-4fxhj-20988671 ip:192.168.151.103
2019-09-27 09:14:19,540 [Datanode State Machine Thread - 0] INFO  datanode.InitDatanodeState (InitDatanodeState.java:persistContainerDatanodeDetails(140)) - DatanodeDetails is persisted to /workdir/hadoop-ozone/integration-test/target/test-dir/MiniOzoneClusterImpl-306848a7-f3db-4b9e-8a0f-7b9627716070/datanode-8/meta/datanode.id
2019-09-27 09:14:19,545 [main] INFO  volume.HddsVolume (HddsVolume.java:<init>(176)) - Creating Volume: /workdir/hadoop-ozone/integration-test/target/test-dir/MiniOzoneClusterImpl-306848a7-f3db-4b9e-8a0f-7b9627716070/datanode-9/data/containers/hdds of  storage type : DISK and capacity : 1482555576320
2019-09-27 09:14:19,546 [main] INFO  volume.VolumeSet (VolumeSet.java:initializeVolumeSet(170)) - Added Volume : /workdir/hadoop-ozone/integration-test/target/test-dir/MiniOzoneClusterImpl-306848a7-f3db-4b9e-8a0f-7b9627716070/datanode-9/data/containers/hdds to VolumeSet
2019-09-27 09:14:19,546 [main] INFO  volume.ThrottledAsyncChecker (ThrottledAsyncChecker.java:schedule(139)) - Scheduling a check for org.apache.hadoop.ozone.container.common.volume.HddsVolume@4c2af006
2019-09-27 09:14:19,546 [main] INFO  volume.HddsVolumeChecker (HddsVolumeChecker.java:checkAllVolumes(202)) - Scheduled health check for volume org.apache.hadoop.ozone.container.common.volume.HddsVolume@4c2af006
2019-09-27 09:14:19,559 [main] INFO  impl.RaftServerProxy (ConfUtils.java:logGet(43)) - raft.rpc.type = GRPC (default)
2019-09-27 09:14:19,559 [main] INFO  grpc.GrpcFactory (GrpcFactory.java:checkPooledByteBufAllocatorUseCacheForAllThreads(45)) - PERFORMANCE WARNING: useCacheForAllThreads is true that may cause Netty to create a lot garbage objects and, as a result, trigger GC.
	It is recommended to disable useCacheForAllThreads by setting -Dorg.apache.ratis.thirdparty.io.netty.allocator.useCacheForAllThreads=false in command line.
2019-09-27 09:14:19,560 [main] INFO  grpc.GrpcConfigKeys$Server (ConfUtils.java:logGet(43)) - raft.grpc.server.port = 0 (default)
2019-09-27 09:14:19,560 [main] INFO  server.GrpcService (ConfUtils.java:logGet(43)) - raft.grpc.message.size.max = 33570816 (custom)
2019-09-27 09:14:19,560 [main] INFO  server.RaftServerConfigKeys (ConfUtils.java:logGet(43)) - raft.server.log.appender.buffer.byte-limit = 33554432 (custom)
2019-09-27 09:14:19,560 [main] INFO  server.GrpcService (ConfUtils.java:logGet(43)) - raft.grpc.flow.control.window = 1MB (=1048576) (default)
2019-09-27 09:14:19,560 [main] INFO  server.RaftServerConfigKeys (ConfUtils.java:logGet(43)) - raft.server.rpc.request.timeout = 3000ms (default)
2019-09-27 09:14:19,561 [main] INFO  server.RaftServerConfigKeys (ConfUtils.java:logGet(43)) - raft.server.storage.dir = [/workdir/hadoop-ozone/integration-test/target/test-dir/MiniOzoneClusterImpl-306848a7-f3db-4b9e-8a0f-7b9627716070/datanode-9/data/ratis] (custom)
2019-09-27 09:14:19,562 [main] INFO  hdfs.DFSUtil (DFSUtil.java:httpServerTemplateForNNAndJN(1641)) - Starting Web-server for hddsDatanode at: http://0.0.0.0:0
2019-09-27 09:14:19,564 [main] INFO  server.AuthenticationFilter (AuthenticationFilter.java:constructSecretProvider(240)) - Unable to initialize FileSignerSecretProvider, falling back to use random secrets.
2019-09-27 09:14:19,564 [main] WARN  http.HttpRequestLog (HttpRequestLog.java:getRequestLog(97)) - Jetty request log can only be enabled using Log4j
2019-09-27 09:14:19,565 [main] INFO  http.HttpServer2 (HttpServer2.java:addGlobalFilter(975)) - Added global filter 'safety' (class=org.apache.hadoop.http.HttpServer2$QuotingInputFilter)
2019-09-27 09:14:19,566 [main] INFO  http.HttpServer2 (HttpServer2.java:addFilter(948)) - Added filter static_user_filter (class=org.apache.hadoop.http.lib.StaticUserWebFilter$StaticUserFilter) to context hddsDatanode
2019-09-27 09:14:19,566 [main] INFO  http.HttpServer2 (HttpServer2.java:addFilter(958)) - Added filter static_user_filter (class=org.apache.hadoop.http.lib.StaticUserWebFilter$StaticUserFilter) to context static
2019-09-27 09:14:19,566 [main] INFO  http.HttpServer2 (HttpServer2.java:addFilter(958)) - Added filter static_user_filter (class=org.apache.hadoop.http.lib.StaticUserWebFilter$StaticUserFilter) to context logs
2019-09-27 09:14:19,567 [main] INFO  http.HttpServer2 (HttpServer2.java:bindListener(1191)) - Jetty bound to port 35858
2019-09-27 09:14:19,567 [main] INFO  server.Server (Server.java:doStart(351)) - jetty-9.3.25.v20180904, build timestamp: 2018-09-04T21:11:46Z, git hash: 3ce520221d0240229c862b122d2b06c12a625732
2019-09-27 09:14:19,569 [main] INFO  handler.ContextHandler (ContextHandler.java:doStart(781)) - Started o.e.j.s.ServletContextHandler@f88bfbe{/logs,file:///workdir/hadoop-ozone/integration-test/target/log,AVAILABLE}
2019-09-27 09:14:19,570 [main] INFO  handler.ContextHandler (ContextHandler.java:doStart(781)) - Started o.e.j.s.ServletContextHandler@5d8ab698{/static,jar:file:/home/user/.m2/repository/org/apache/hadoop/hadoop-hdds-container-service/0.5.0-SNAPSHOT/hadoop-hdds-container-service-0.5.0-SNAPSHOT.jar!/webapps/static,AVAILABLE}
2019-09-27 09:14:19,597 [main] INFO  handler.ContextHandler (ContextHandler.java:doStart(781)) - Started o.e.j.w.WebAppContext@1e0a864d{/,file:///tmp/jetty-0.0.0.0-35858-hddsDatanode-_-any-933248073491276585.dir/webapp/,AVAILABLE}{/hddsDatanode}
2019-09-27 09:14:19,599 [main] INFO  server.AbstractConnector (AbstractConnector.java:doStart(278)) - Started ServerConnector@440e3ce6{HTTP/1.1,[http/1.1]}{0.0.0.0:35858}
2019-09-27 09:14:19,599 [main] INFO  server.Server (Server.java:doStart(419)) - Started @5880ms
2019-09-27 09:14:19,599 [main] WARN  impl.MetricsSystemImpl (MetricsSystemImpl.java:register(276)) - Sink prometheus already exists!
2019-09-27 09:14:19,600 [main] INFO  server.BaseHttpServer (BaseHttpServer.java:updateConnectorAddress(215)) - HTTP server of HDDSDATANODE is listening at http://0.0.0.0:35858
2019-09-27 09:14:19,604 [org.apache.hadoop.util.JvmPauseMonitor$Monitor@49f3d757] INFO  util.JvmPauseMonitor (JvmPauseMonitor.java:run(188)) - Starting JVM pause monitor
2019-09-27 09:14:19,604 [main] INFO  ozone.MiniOzoneClusterImpl (MiniOzoneClusterImpl.java:lambda$waitForClusterToBeReady$0(147)) - Waiting for cluster to be ready. Got 0 of 10 DN Heartbeats.
2019-09-27 09:14:19,608 [Datanode State Machine Thread - 0] INFO  datanode.InitDatanodeState (InitDatanodeState.java:persistContainerDatanodeDetails(140)) - DatanodeDetails is persisted to /workdir/hadoop-ozone/integration-test/target/test-dir/MiniOzoneClusterImpl-306848a7-f3db-4b9e-8a0f-7b9627716070/datanode-9/meta/datanode.id
2019-09-27 09:14:20,606 [main] INFO  ozone.MiniOzoneClusterImpl (MiniOzoneClusterImpl.java:lambda$waitForClusterToBeReady$0(147)) - Waiting for cluster to be ready. Got 0 of 10 DN Heartbeats.
2019-09-27 09:14:20,992 [Datanode State Machine Thread - 0] INFO  ozoneimpl.OzoneContainer (OzoneContainer.java:start(217)) - Attempting to start container services.
2019-09-27 09:14:20,995 [Datanode State Machine Thread - 0] INFO  ozoneimpl.OzoneContainer (OzoneContainer.java:startContainerScrub(179)) - Background container scanner has been disabled.
2019-09-27 09:14:20,995 [Datanode State Machine Thread - 0] INFO  ratis.XceiverServerRatis (XceiverServerRatis.java:start(411)) - Starting XceiverServerRatis a8cc1a37-a8a6-4a7f-81dc-bc9c8df542bb at port 0
2019-09-27 09:14:21,019 [Datanode State Machine Thread - 0] INFO  ozoneimpl.OzoneContainer (OzoneContainer.java:start(217)) - Attempting to start container services.
2019-09-27 09:14:21,028 [Datanode State Machine Thread - 0] INFO  ozoneimpl.OzoneContainer (OzoneContainer.java:startContainerScrub(179)) - Background container scanner has been disabled.
2019-09-27 09:14:21,028 [Datanode State Machine Thread - 0] INFO  ratis.XceiverServerRatis (XceiverServerRatis.java:start(411)) - Starting XceiverServerRatis 0821efe4-c707-4fcc-94f8-cb827e7ada87 at port 0
2019-09-27 09:14:21,032 [Datanode State Machine Thread - 0] INFO  impl.RaftServerProxy (RaftServerProxy.java:lambda$start$3(299)) - a8cc1a37-a8a6-4a7f-81dc-bc9c8df542bb: start RPC server
2019-09-27 09:14:21,039 [Datanode State Machine Thread - 0] INFO  impl.RaftServerProxy (RaftServerProxy.java:lambda$start$3(299)) - 0821efe4-c707-4fcc-94f8-cb827e7ada87: start RPC server
2019-09-27 09:14:21,086 [Datanode State Machine Thread - 0] INFO  ozoneimpl.OzoneContainer (OzoneContainer.java:start(217)) - Attempting to start container services.
2019-09-27 09:14:21,087 [Datanode State Machine Thread - 0] INFO  ozoneimpl.OzoneContainer (OzoneContainer.java:startContainerScrub(179)) - Background container scanner has been disabled.
2019-09-27 09:14:21,087 [Datanode State Machine Thread - 0] INFO  ratis.XceiverServerRatis (XceiverServerRatis.java:start(411)) - Starting XceiverServerRatis e31a64e7-7f72-4df5-b5f7-b27bcc72e3f7 at port 0
2019-09-27 09:14:21,095 [Datanode State Machine Thread - 0] INFO  impl.RaftServerProxy (RaftServerProxy.java:lambda$start$3(299)) - e31a64e7-7f72-4df5-b5f7-b27bcc72e3f7: start RPC server
2019-09-27 09:14:21,155 [Datanode State Machine Thread - 0] INFO  ozoneimpl.OzoneContainer (OzoneContainer.java:start(217)) - Attempting to start container services.
2019-09-27 09:14:21,156 [Datanode State Machine Thread - 0] INFO  ozoneimpl.OzoneContainer (OzoneContainer.java:startContainerScrub(179)) - Background container scanner has been disabled.
2019-09-27 09:14:21,156 [Datanode State Machine Thread - 0] INFO  ratis.XceiverServerRatis (XceiverServerRatis.java:start(411)) - Starting XceiverServerRatis 4916977c-f509-42a3-882a-78b49d0e3baf at port 0
2019-09-27 09:14:21,182 [Datanode State Machine Thread - 0] INFO  impl.RaftServerProxy (RaftServerProxy.java:lambda$start$3(299)) - 4916977c-f509-42a3-882a-78b49d0e3baf: start RPC server
2019-09-27 09:14:21,195 [Datanode State Machine Thread - 0] INFO  server.GrpcService (GrpcService.java:startImpl(158)) - e31a64e7-7f72-4df5-b5f7-b27bcc72e3f7: GrpcService started, listening on 0.0.0.0/0.0.0.0:40680
2019-09-27 09:14:21,195 [Datanode State Machine Thread - 0] INFO  server.GrpcService (GrpcService.java:startImpl(158)) - a8cc1a37-a8a6-4a7f-81dc-bc9c8df542bb: GrpcService started, listening on 0.0.0.0/0.0.0.0:41868
2019-09-27 09:14:21,195 [Datanode State Machine Thread - 0] INFO  server.GrpcService (GrpcService.java:startImpl(158)) - 4916977c-f509-42a3-882a-78b49d0e3baf: GrpcService started, listening on 0.0.0.0/0.0.0.0:37593
2019-09-27 09:14:21,195 [Datanode State Machine Thread - 0] INFO  server.GrpcService (GrpcService.java:startImpl(158)) - 0821efe4-c707-4fcc-94f8-cb827e7ada87: GrpcService started, listening on 0.0.0.0/0.0.0.0:33210
2019-09-27 09:14:21,197 [Datanode State Machine Thread - 0] INFO  ratis.XceiverServerRatis (XceiverServerRatis.java:start(421)) - XceiverServerRatis 4916977c-f509-42a3-882a-78b49d0e3baf is started using port 37593
2019-09-27 09:14:21,197 [Datanode State Machine Thread - 0] INFO  ratis.XceiverServerRatis (XceiverServerRatis.java:start(421)) - XceiverServerRatis a8cc1a37-a8a6-4a7f-81dc-bc9c8df542bb is started using port 41868
2019-09-27 09:14:21,196 [Datanode State Machine Thread - 0] INFO  ratis.XceiverServerRatis (XceiverServerRatis.java:start(421)) - XceiverServerRatis e31a64e7-7f72-4df5-b5f7-b27bcc72e3f7 is started using port 40680
2019-09-27 09:14:21,197 [Datanode State Machine Thread - 0] INFO  ratis.XceiverServerRatis (XceiverServerRatis.java:start(421)) - XceiverServerRatis 0821efe4-c707-4fcc-94f8-cb827e7ada87 is started using port 33210
2019-09-27 09:14:21,206 [Datanode State Machine Thread - 0] INFO  server.XceiverServerGrpc (XceiverServerGrpc.java:start(149)) - XceiverServerGrpc a8cc1a37-a8a6-4a7f-81dc-bc9c8df542bb is started using port 44256
2019-09-27 09:14:21,206 [Datanode State Machine Thread - 0] INFO  server.XceiverServerGrpc (XceiverServerGrpc.java:start(149)) - XceiverServerGrpc e31a64e7-7f72-4df5-b5f7-b27bcc72e3f7 is started using port 35423
2019-09-27 09:14:21,206 [Datanode State Machine Thread - 0] INFO  server.XceiverServerGrpc (XceiverServerGrpc.java:start(149)) - XceiverServerGrpc 4916977c-f509-42a3-882a-78b49d0e3baf is started using port 36261
2019-09-27 09:14:21,206 [Datanode State Machine Thread - 0] INFO  server.XceiverServerGrpc (XceiverServerGrpc.java:start(149)) - XceiverServerGrpc 0821efe4-c707-4fcc-94f8-cb827e7ada87 is started using port 35441
2019-09-27 09:14:21,229 [Datanode State Machine Thread - 0] INFO  ozoneimpl.OzoneContainer (OzoneContainer.java:start(217)) - Attempting to start container services.
2019-09-27 09:14:21,229 [Datanode State Machine Thread - 0] INFO  ozoneimpl.OzoneContainer (OzoneContainer.java:startContainerScrub(179)) - Background container scanner has been disabled.
2019-09-27 09:14:21,229 [Datanode State Machine Thread - 0] INFO  ratis.XceiverServerRatis (XceiverServerRatis.java:start(411)) - Starting XceiverServerRatis a7400050-0947-41b0-8512-caed91bc5dce at port 0
2019-09-27 09:14:21,235 [Datanode State Machine Thread - 0] INFO  impl.RaftServerProxy (RaftServerProxy.java:lambda$start$3(299)) - a7400050-0947-41b0-8512-caed91bc5dce: start RPC server
2019-09-27 09:14:21,247 [Datanode State Machine Thread - 0] INFO  server.GrpcService (GrpcService.java:startImpl(158)) - a7400050-0947-41b0-8512-caed91bc5dce: GrpcService started, listening on 0.0.0.0/0.0.0.0:33851
2019-09-27 09:14:21,247 [Datanode State Machine Thread - 0] INFO  ratis.XceiverServerRatis (XceiverServerRatis.java:start(421)) - XceiverServerRatis a7400050-0947-41b0-8512-caed91bc5dce is started using port 33851
2019-09-27 09:14:21,250 [Datanode State Machine Thread - 0] INFO  server.XceiverServerGrpc (XceiverServerGrpc.java:start(149)) - XceiverServerGrpc a7400050-0947-41b0-8512-caed91bc5dce is started using port 34859
2019-09-27 09:14:21,340 [Datanode State Machine Thread - 0] INFO  ozoneimpl.OzoneContainer (OzoneContainer.java:start(217)) - Attempting to start container services.
2019-09-27 09:14:21,340 [Datanode State Machine Thread - 0] INFO  ozoneimpl.OzoneContainer (OzoneContainer.java:startContainerScrub(179)) - Background container scanner has been disabled.
2019-09-27 09:14:21,341 [Datanode State Machine Thread - 0] INFO  ratis.XceiverServerRatis (XceiverServerRatis.java:start(411)) - Starting XceiverServerRatis d31f9c36-f111-497e-b7b9-765da331cca9 at port 0
2019-09-27 09:14:21,348 [Datanode State Machine Thread - 0] INFO  impl.RaftServerProxy (RaftServerProxy.java:lambda$start$3(299)) - d31f9c36-f111-497e-b7b9-765da331cca9: start RPC server
2019-09-27 09:14:21,352 [Datanode State Machine Thread - 0] INFO  server.GrpcService (GrpcService.java:startImpl(158)) - d31f9c36-f111-497e-b7b9-765da331cca9: GrpcService started, listening on 0.0.0.0/0.0.0.0:34138
2019-09-27 09:14:21,352 [Datanode State Machine Thread - 0] INFO  ratis.XceiverServerRatis (XceiverServerRatis.java:start(421)) - XceiverServerRatis d31f9c36-f111-497e-b7b9-765da331cca9 is started using port 34138
2019-09-27 09:14:21,355 [Datanode State Machine Thread - 0] INFO  server.XceiverServerGrpc (XceiverServerGrpc.java:start(149)) - XceiverServerGrpc d31f9c36-f111-497e-b7b9-765da331cca9 is started using port 44974
2019-09-27 09:14:21,409 [Datanode State Machine Thread - 0] INFO  ozoneimpl.OzoneContainer (OzoneContainer.java:start(217)) - Attempting to start container services.
2019-09-27 09:14:21,409 [Datanode State Machine Thread - 0] INFO  ozoneimpl.OzoneContainer (OzoneContainer.java:startContainerScrub(179)) - Background container scanner has been disabled.
2019-09-27 09:14:21,409 [Datanode State Machine Thread - 0] INFO  ratis.XceiverServerRatis (XceiverServerRatis.java:start(411)) - Starting XceiverServerRatis 61fa1b65-b974-45b4-9851-06f065a159ca at port 0
2019-09-27 09:14:21,416 [Datanode State Machine Thread - 0] INFO  impl.RaftServerProxy (RaftServerProxy.java:lambda$start$3(299)) - 61fa1b65-b974-45b4-9851-06f065a159ca: start RPC server
2019-09-27 09:14:21,422 [Datanode State Machine Thread - 0] INFO  server.GrpcService (GrpcService.java:startImpl(158)) - 61fa1b65-b974-45b4-9851-06f065a159ca: GrpcService started, listening on 0.0.0.0/0.0.0.0:33766
2019-09-27 09:14:21,422 [Datanode State Machine Thread - 0] INFO  ratis.XceiverServerRatis (XceiverServerRatis.java:start(421)) - XceiverServerRatis 61fa1b65-b974-45b4-9851-06f065a159ca is started using port 33766
2019-09-27 09:14:21,428 [Datanode State Machine Thread - 0] INFO  server.XceiverServerGrpc (XceiverServerGrpc.java:start(149)) - XceiverServerGrpc 61fa1b65-b974-45b4-9851-06f065a159ca is started using port 38677
2019-09-27 09:14:21,483 [Datanode State Machine Thread - 0] INFO  ozoneimpl.OzoneContainer (OzoneContainer.java:start(217)) - Attempting to start container services.
2019-09-27 09:14:21,483 [Datanode State Machine Thread - 0] INFO  ozoneimpl.OzoneContainer (OzoneContainer.java:startContainerScrub(179)) - Background container scanner has been disabled.
2019-09-27 09:14:21,483 [Datanode State Machine Thread - 0] INFO  ratis.XceiverServerRatis (XceiverServerRatis.java:start(411)) - Starting XceiverServerRatis b93e8517-84f8-4f68-bef3-e117f2a0c787 at port 0
2019-09-27 09:14:21,490 [Datanode State Machine Thread - 0] INFO  impl.RaftServerProxy (RaftServerProxy.java:lambda$start$3(299)) - b93e8517-84f8-4f68-bef3-e117f2a0c787: start RPC server
2019-09-27 09:14:21,494 [Datanode State Machine Thread - 0] INFO  server.GrpcService (GrpcService.java:startImpl(158)) - b93e8517-84f8-4f68-bef3-e117f2a0c787: GrpcService started, listening on 0.0.0.0/0.0.0.0:46577
2019-09-27 09:14:21,494 [Datanode State Machine Thread - 0] INFO  ratis.XceiverServerRatis (XceiverServerRatis.java:start(421)) - XceiverServerRatis b93e8517-84f8-4f68-bef3-e117f2a0c787 is started using port 46577
2019-09-27 09:14:21,498 [Datanode State Machine Thread - 0] INFO  server.XceiverServerGrpc (XceiverServerGrpc.java:start(149)) - XceiverServerGrpc b93e8517-84f8-4f68-bef3-e117f2a0c787 is started using port 35228
2019-09-27 09:14:21,554 [Datanode State Machine Thread - 0] INFO  ozoneimpl.OzoneContainer (OzoneContainer.java:start(217)) - Attempting to start container services.
2019-09-27 09:14:21,554 [Datanode State Machine Thread - 0] INFO  ozoneimpl.OzoneContainer (OzoneContainer.java:startContainerScrub(179)) - Background container scanner has been disabled.
2019-09-27 09:14:21,555 [Datanode State Machine Thread - 0] INFO  ratis.XceiverServerRatis (XceiverServerRatis.java:start(411)) - Starting XceiverServerRatis 1b1c50e1-42fe-4038-95e1-cf5ebbb85fbb at port 0
2019-09-27 09:14:21,560 [Datanode State Machine Thread - 0] INFO  impl.RaftServerProxy (RaftServerProxy.java:lambda$start$3(299)) - 1b1c50e1-42fe-4038-95e1-cf5ebbb85fbb: start RPC server
2019-09-27 09:14:21,564 [Datanode State Machine Thread - 0] INFO  server.GrpcService (GrpcService.java:startImpl(158)) - 1b1c50e1-42fe-4038-95e1-cf5ebbb85fbb: GrpcService started, listening on 0.0.0.0/0.0.0.0:40816
2019-09-27 09:14:21,564 [Datanode State Machine Thread - 0] INFO  ratis.XceiverServerRatis (XceiverServerRatis.java:start(421)) - XceiverServerRatis 1b1c50e1-42fe-4038-95e1-cf5ebbb85fbb is started using port 40816
2019-09-27 09:14:21,569 [Datanode State Machine Thread - 0] INFO  server.XceiverServerGrpc (XceiverServerGrpc.java:start(149)) - XceiverServerGrpc 1b1c50e1-42fe-4038-95e1-cf5ebbb85fbb is started using port 33975
2019-09-27 09:14:21,607 [main] INFO  ozone.MiniOzoneClusterImpl (MiniOzoneClusterImpl.java:lambda$waitForClusterToBeReady$0(147)) - Waiting for cluster to be ready. Got 0 of 10 DN Heartbeats.
2019-09-27 09:14:21,622 [Datanode State Machine Thread - 0] INFO  ozoneimpl.OzoneContainer (OzoneContainer.java:start(217)) - Attempting to start container services.
2019-09-27 09:14:21,622 [Datanode State Machine Thread - 0] INFO  ozoneimpl.OzoneContainer (OzoneContainer.java:startContainerScrub(179)) - Background container scanner has been disabled.
2019-09-27 09:14:21,622 [Datanode State Machine Thread - 0] INFO  ratis.XceiverServerRatis (XceiverServerRatis.java:start(411)) - Starting XceiverServerRatis 6bbd184a-0336-4d81-9e16-b14f69eef1c7 at port 0
2019-09-27 09:14:21,630 [Datanode State Machine Thread - 0] INFO  impl.RaftServerProxy (RaftServerProxy.java:lambda$start$3(299)) - 6bbd184a-0336-4d81-9e16-b14f69eef1c7: start RPC server
2019-09-27 09:14:21,635 [Datanode State Machine Thread - 0] INFO  server.GrpcService (GrpcService.java:startImpl(158)) - 6bbd184a-0336-4d81-9e16-b14f69eef1c7: GrpcService started, listening on 0.0.0.0/0.0.0.0:36847
2019-09-27 09:14:21,635 [Datanode State Machine Thread - 0] INFO  ratis.XceiverServerRatis (XceiverServerRatis.java:start(421)) - XceiverServerRatis 6bbd184a-0336-4d81-9e16-b14f69eef1c7 is started using port 36847
2019-09-27 09:14:21,660 [Datanode State Machine Thread - 0] INFO  server.XceiverServerGrpc (XceiverServerGrpc.java:start(149)) - XceiverServerGrpc 6bbd184a-0336-4d81-9e16-b14f69eef1c7 is started using port 42209
2019-09-27 09:14:22,607 [main] INFO  ozone.MiniOzoneClusterImpl (MiniOzoneClusterImpl.java:lambda$waitForClusterToBeReady$0(147)) - Waiting for cluster to be ready. Got 0 of 10 DN Heartbeats.
2019-09-27 09:14:22,979 [IPC Server handler 1 on 38113] INFO  net.NetworkTopology (NetworkTopologyImpl.java:add(111)) - Added a new node: /rack1/a8cc1a37-a8a6-4a7f-81dc-bc9c8df542bb
2019-09-27 09:14:22,981 [IPC Server handler 1 on 38113] INFO  node.SCMNodeManager (SCMNodeManager.java:register(266)) - Registered Data node : a8cc1a37-a8a6-4a7f-81dc-bc9c8df542bb{ip: 192.168.151.103, host: pr-hdds2162-4fxhj-20988671, networkLocation: /rack1, certSerialId: null}
2019-09-27 09:14:22,986 [EventQueue-NodeRegistrationContainerReportForDataNodeSafeModeRule] INFO  safemode.SCMSafeModeManager (DataNodeSafeModeRule.java:process(71)) - SCM in safe mode. 1 DataNodes registered, 1 required.
2019-09-27 09:14:22,986 [EventQueue-NodeRegistrationContainerReportForDataNodeSafeModeRule] INFO  safemode.SCMSafeModeManager (SCMSafeModeManager.java:validateSafeModeExitRules(177)) - ScmSafeModeManager, all rules are successfully validated
2019-09-27 09:14:22,986 [EventQueue-NodeRegistrationContainerReportForDataNodeSafeModeRule] INFO  safemode.SCMSafeModeManager (SCMSafeModeManager.java:exitSafeMode(193)) - SCM exiting safe mode.
2019-09-27 09:14:23,003 [IPC Server handler 3 on 38113] INFO  net.NetworkTopology (NetworkTopologyImpl.java:add(111)) - Added a new node: /rack1/0821efe4-c707-4fcc-94f8-cb827e7ada87
2019-09-27 09:14:23,004 [IPC Server handler 3 on 38113] INFO  node.SCMNodeManager (SCMNodeManager.java:register(266)) - Registered Data node : 0821efe4-c707-4fcc-94f8-cb827e7ada87{ip: 192.168.151.103, host: pr-hdds2162-4fxhj-20988671, networkLocation: /rack1, certSerialId: null}
2019-09-27 09:14:23,074 [IPC Server handler 4 on 38113] INFO  net.NetworkTopology (NetworkTopologyImpl.java:add(111)) - Added a new node: /rack1/e31a64e7-7f72-4df5-b5f7-b27bcc72e3f7
2019-09-27 09:14:23,074 [IPC Server handler 4 on 38113] INFO  node.SCMNodeManager (SCMNodeManager.java:register(266)) - Registered Data node : e31a64e7-7f72-4df5-b5f7-b27bcc72e3f7{ip: 192.168.151.103, host: pr-hdds2162-4fxhj-20988671, networkLocation: /rack1, certSerialId: null}
2019-09-27 09:14:23,143 [IPC Server handler 2 on 38113] INFO  net.NetworkTopology (NetworkTopologyImpl.java:add(111)) - Added a new node: /rack1/4916977c-f509-42a3-882a-78b49d0e3baf
2019-09-27 09:14:23,143 [IPC Server handler 2 on 38113] INFO  node.SCMNodeManager (SCMNodeManager.java:register(266)) - Registered Data node : 4916977c-f509-42a3-882a-78b49d0e3baf{ip: 192.168.151.103, host: pr-hdds2162-4fxhj-20988671, networkLocation: /rack1, certSerialId: null}
2019-09-27 09:14:23,215 [IPC Server handler 5 on 38113] INFO  net.NetworkTopology (NetworkTopologyImpl.java:add(111)) - Added a new node: /rack1/a7400050-0947-41b0-8512-caed91bc5dce
2019-09-27 09:14:23,216 [IPC Server handler 5 on 38113] INFO  node.SCMNodeManager (SCMNodeManager.java:register(266)) - Registered Data node : a7400050-0947-41b0-8512-caed91bc5dce{ip: 192.168.151.103, host: pr-hdds2162-4fxhj-20988671, networkLocation: /rack1, certSerialId: null}
2019-09-27 09:14:23,327 [IPC Server handler 6 on 38113] INFO  net.NetworkTopology (NetworkTopologyImpl.java:add(111)) - Added a new node: /rack1/d31f9c36-f111-497e-b7b9-765da331cca9
2019-09-27 09:14:23,328 [IPC Server handler 6 on 38113] INFO  node.SCMNodeManager (SCMNodeManager.java:register(266)) - Registered Data node : d31f9c36-f111-497e-b7b9-765da331cca9{ip: 192.168.151.103, host: pr-hdds2162-4fxhj-20988671, networkLocation: /rack1, certSerialId: null}
2019-09-27 09:14:23,403 [IPC Server handler 7 on 38113] INFO  net.NetworkTopology (NetworkTopologyImpl.java:add(111)) - Added a new node: /rack1/61fa1b65-b974-45b4-9851-06f065a159ca
2019-09-27 09:14:23,403 [IPC Server handler 7 on 38113] INFO  node.SCMNodeManager (SCMNodeManager.java:register(266)) - Registered Data node : 61fa1b65-b974-45b4-9851-06f065a159ca{ip: 192.168.151.103, host: pr-hdds2162-4fxhj-20988671, networkLocation: /rack1, certSerialId: null}
2019-09-27 09:14:23,472 [IPC Server handler 8 on 38113] INFO  net.NetworkTopology (NetworkTopologyImpl.java:add(111)) - Added a new node: /rack1/b93e8517-84f8-4f68-bef3-e117f2a0c787
2019-09-27 09:14:23,472 [IPC Server handler 8 on 38113] INFO  node.SCMNodeManager (SCMNodeManager.java:register(266)) - Registered Data node : b93e8517-84f8-4f68-bef3-e117f2a0c787{ip: 192.168.151.103, host: pr-hdds2162-4fxhj-20988671, networkLocation: /rack1, certSerialId: null}
2019-09-27 09:14:23,544 [IPC Server handler 9 on 38113] INFO  net.NetworkTopology (NetworkTopologyImpl.java:add(111)) - Added a new node: /rack1/1b1c50e1-42fe-4038-95e1-cf5ebbb85fbb
2019-09-27 09:14:23,544 [IPC Server handler 9 on 38113] INFO  node.SCMNodeManager (SCMNodeManager.java:register(266)) - Registered Data node : 1b1c50e1-42fe-4038-95e1-cf5ebbb85fbb{ip: 192.168.151.103, host: pr-hdds2162-4fxhj-20988671, networkLocation: /rack1, certSerialId: null}
2019-09-27 09:14:23,585 [grpc-default-executor-0] INFO  impl.RaftServerProxy (RaftServerProxy.java:addNew(89)) - a8cc1a37-a8a6-4a7f-81dc-bc9c8df542bb: addNew group-37875B9A5262:[a8cc1a37-a8a6-4a7f-81dc-bc9c8df542bb:192.168.151.103:41868] returns group-37875B9A5262:java.util.concurrent.CompletableFuture@49c51f95[Not completed]
2019-09-27 09:14:23,622 [main] INFO  ozone.MiniOzoneClusterImpl (MiniOzoneClusterImpl.java:lambda$waitForClusterToBeReady$0(147)) - Waiting for cluster to be ready. Got 9 of 10 DN Heartbeats.
2019-09-27 09:14:23,623 [IPC Server handler 17 on 38113] INFO  net.NetworkTopology (NetworkTopologyImpl.java:add(111)) - Added a new node: /rack1/6bbd184a-0336-4d81-9e16-b14f69eef1c7
2019-09-27 09:14:23,623 [IPC Server handler 17 on 38113] INFO  node.SCMNodeManager (SCMNodeManager.java:register(266)) - Registered Data node : 6bbd184a-0336-4d81-9e16-b14f69eef1c7{ip: 192.168.151.103, host: pr-hdds2162-4fxhj-20988671, networkLocation: /rack1, certSerialId: null}
2019-09-27 09:14:23,635 [pool-27-thread-1] INFO  impl.RaftServerImpl (RaftServerImpl.java:<init>(95)) - a8cc1a37-a8a6-4a7f-81dc-bc9c8df542bb: new RaftServerImpl for group-37875B9A5262:[a8cc1a37-a8a6-4a7f-81dc-bc9c8df542bb:192.168.151.103:41868] with ContainerStateMachine:uninitialized
2019-09-27 09:14:23,637 [pool-27-thread-1] INFO  server.RaftServerConfigKeys (ConfUtils.java:logGet(43)) - raft.server.rpc.timeout.min = 1s (custom)
2019-09-27 09:14:23,640 [pool-27-thread-1] INFO  server.RaftServerConfigKeys (ConfUtils.java:logGet(43)) - raft.server.rpc.timeout.max = 1200ms (custom)
2019-09-27 09:14:23,640 [pool-27-thread-1] INFO  server.RaftServerConfigKeys (ConfUtils.java:logGet(43)) - raft.server.rpcslowness.timeout = 120s (custom)
2019-09-27 09:14:23,641 [pool-27-thread-1] INFO  server.RaftServerConfigKeys (ConfUtils.java:logGet(43)) - raft.server.sleep.deviation.threshold = 300 (default)
2019-09-27 09:14:23,642 [pool-27-thread-1] INFO  server.RaftServerConfigKeys (ConfUtils.java:logGet(43)) - raft.server.log.appender.install.snapshot.enabled = false (custom)
2019-09-27 09:14:23,652 [pool-27-thread-1] INFO  impl.RaftServerImpl (ServerState.java:<init>(103)) - a8cc1a37-a8a6-4a7f-81dc-bc9c8df542bb@group-37875B9A5262: ConfigurationManager, init=-1: [a8cc1a37-a8a6-4a7f-81dc-bc9c8df542bb:192.168.151.103:41868], old=null, confs=<EMPTY_MAP>
2019-09-27 09:14:23,652 [pool-27-thread-1] INFO  server.RaftServerConfigKeys (ConfUtils.java:logGet(43)) - raft.server.storage.dir = [/workdir/hadoop-ozone/integration-test/target/test-dir/MiniOzoneClusterImpl-306848a7-f3db-4b9e-8a0f-7b9627716070/datanode-0/data/ratis] (custom)
2019-09-27 09:14:23,663 [pool-27-thread-1] INFO  storage.RaftStorageDirectory (RaftStorageDirectory.java:analyzeStorage(246)) - The storage directory /workdir/hadoop-ozone/integration-test/target/test-dir/MiniOzoneClusterImpl-306848a7-f3db-4b9e-8a0f-7b9627716070/datanode-0/data/ratis/a07390b4-39c1-43d8-9b24-37875b9a5262 does not exist. Creating ...
2019-09-27 09:14:23,681 [pool-27-thread-1] INFO  storage.RaftStorageDirectory (RaftStorageDirectory.java:tryLock(328)) - Lock on /workdir/hadoop-ozone/integration-test/target/test-dir/MiniOzoneClusterImpl-306848a7-f3db-4b9e-8a0f-7b9627716070/datanode-0/data/ratis/a07390b4-39c1-43d8-9b24-37875b9a5262/in_use.lock acquired by nodename 29571@pr-hdds2162-4fxhj-20988671
2019-09-27 09:14:23,697 [pool-27-thread-1] INFO  storage.RaftStorage (RaftStorage.java:format(72)) - Storage directory /workdir/hadoop-ozone/integration-test/target/test-dir/MiniOzoneClusterImpl-306848a7-f3db-4b9e-8a0f-7b9627716070/datanode-0/data/ratis/a07390b4-39c1-43d8-9b24-37875b9a5262 has been successfully formatted.
2019-09-27 09:14:23,700 [pool-27-thread-1] INFO  ratis.ContainerStateMachine (ContainerStateMachine.java:loadSnapshot(230)) - group-37875B9A5262: The snapshot info is null. Setting the last applied indexto:(t:0, i:~)
2019-09-27 09:14:23,700 [pool-27-thread-1] INFO  server.RaftServerConfigKeys (ConfUtils.java:logGet(43)) - raft.server.notification.no-leader.timeout = 120s (custom)
2019-09-27 09:14:23,703 [pool-27-thread-1] INFO  server.RaftServerConfigKeys (ConfUtils.java:logGet(43)) - raft.server.log.use.memory = false (default)
2019-09-27 09:14:23,709 [pool-27-thread-1] INFO  server.RaftServerConfigKeys (ConfUtils.java:logGet(43)) - raft.server.log.purge.gap = 1000000 (custom)
2019-09-27 09:14:23,709 [pool-27-thread-1] INFO  server.RaftServerConfigKeys (ConfUtils.java:logGet(43)) - raft.server.log.appender.buffer.byte-limit = 33554432 (custom)
2019-09-27 09:14:23,711 [pool-27-thread-1] INFO  server.RaftServerConfigKeys (ConfUtils.java:logGet(43)) - raft.server.log.segment.size.max = 1048576 (custom)
2019-09-27 09:14:23,716 [pool-27-thread-1] INFO  server.RaftServerConfigKeys (ConfUtils.java:logGet(43)) - raft.server.log.segment.cache.num.max = 2 (custom)
2019-09-27 09:14:23,721 [pool-27-thread-1] INFO  segmented.SegmentedRaftLogWorker (SegmentedRaftLogWorker.java:<init>(172)) - new a8cc1a37-a8a6-4a7f-81dc-bc9c8df542bb@group-37875B9A5262-SegmentedRaftLogWorker for RaftStorage:Storage Directory /workdir/hadoop-ozone/integration-test/target/test-dir/MiniOzoneClusterImpl-306848a7-f3db-4b9e-8a0f-7b9627716070/datanode-0/data/ratis/a07390b4-39c1-43d8-9b24-37875b9a5262
2019-09-27 09:14:23,722 [pool-27-thread-1] INFO  impl.MetricsSystemImpl (MetricsSystemImpl.java:init(158)) - ratis metrics system started (again)
2019-09-27 09:14:23,729 [pool-27-thread-1] INFO  metrics.MetricRegistries (MetricRegistriesLoader.java:load(64)) - Loaded MetricRegistries class org.apache.ratis.metrics.impl.MetricRegistriesImpl
2019-09-27 09:14:23,757 [pool-27-thread-1] INFO  server.RaftServerConfigKeys (ConfUtils.java:logGet(43)) - raft.server.log.queue.byte-limit = 2147483647 (custom)
2019-09-27 09:14:23,758 [pool-27-thread-1] INFO  server.RaftServerConfigKeys (ConfUtils.java:logGet(43)) - raft.server.log.queue.element-limit = 1024 (custom)
2019-09-27 09:14:23,761 [pool-27-thread-1] INFO  server.RaftServerConfigKeys (ConfUtils.java:logGet(43)) - raft.server.log.segment.size.max = 1048576 (custom)
2019-09-27 09:14:23,762 [pool-27-thread-1] INFO  server.RaftServerConfigKeys (ConfUtils.java:logGet(43)) - raft.server.log.preallocated.size = 16384 (custom)
2019-09-27 09:14:23,762 [pool-27-thread-1] INFO  server.RaftServerConfigKeys (ConfUtils.java:logGet(43)) - raft.server.log.write.buffer.size = 33554432 (custom)
2019-09-27 09:14:23,762 [pool-27-thread-1] INFO  server.RaftServerConfigKeys (ConfUtils.java:logGet(43)) - raft.server.log.force.sync.num = 128 (default)
2019-09-27 09:14:23,763 [pool-27-thread-1] INFO  server.RaftServerConfigKeys (ConfUtils.java:logGet(43)) - raft.server.log.statemachine.data.sync = true (default)
2019-09-27 09:14:23,763 [pool-27-thread-1] INFO  server.RaftServerConfigKeys (ConfUtils.java:logGet(43)) - raft.server.log.statemachine.data.sync.timeout = 10s (default)
2019-09-27 09:14:23,764 [pool-27-thread-1] INFO  server.RaftServerConfigKeys (ConfUtils.java:logGet(43)) - raft.server.log.statemachine.data.sync.timeout.retry = -1 (default)
2019-09-27 09:14:23,773 [pool-27-thread-1] INFO  server.RaftServerConfigKeys (ConfUtils.java:logGet(43)) - raft.server.log.statemachine.data.caching.enabled = true (custom)
2019-09-27 09:14:23,778 [pool-27-thread-1] INFO  segmented.SegmentedRaftLogWorker (SegmentedRaftLogWorker.java:lambda$new$0(132)) - a8cc1a37-a8a6-4a7f-81dc-bc9c8df542bb@group-37875B9A5262-SegmentedRaftLogWorker: flushIndex: setUnconditionally 0 -> -1
2019-09-27 09:14:23,782 [pool-27-thread-1] INFO  server.RaftServerConfigKeys (ConfUtils.java:logGet(43)) - raft.server.snapshot.auto.trigger.enabled = true (custom)
2019-09-27 09:14:23,783 [pool-27-thread-1] INFO  server.RaftServerConfigKeys (ConfUtils.java:logGet(43)) - raft.server.snapshot.auto.trigger.threshold = 10000 (custom)
2019-09-27 09:14:23,784 [pool-27-thread-1] INFO  server.RaftServerConfigKeys (ConfUtils.java:logGet(43)) - raft.server.snapshot.retention.num.files = 5 (custom)
2019-09-27 09:14:23,784 [pool-27-thread-1] INFO  server.RaftServerConfigKeys (ConfUtils.java:logGet(43)) - raft.server.retrycache.expirytime = 600000ms (custom)
2019-09-27 09:14:23,811 [pool-27-thread-1] INFO  impl.RaftServerImpl (RaftServerImpl.java:start(185)) - a8cc1a37-a8a6-4a7f-81dc-bc9c8df542bb@group-37875B9A5262: start as a follower, conf=-1: [a8cc1a37-a8a6-4a7f-81dc-bc9c8df542bb:192.168.151.103:41868], old=null
2019-09-27 09:14:23,813 [pool-27-thread-1] INFO  impl.RaftServerImpl (RaftServerImpl.java:setRole(174)) - a8cc1a37-a8a6-4a7f-81dc-bc9c8df542bb@group-37875B9A5262: changes role from      null to FOLLOWER at term 0 for startAsFollower
2019-09-27 09:14:23,814 [pool-27-thread-1] INFO  impl.RoleInfo (RoleInfo.java:updateAndGet(143)) - a8cc1a37-a8a6-4a7f-81dc-bc9c8df542bb: start FollowerState
2019-09-27 09:14:23,815 [pool-27-thread-1] INFO  util.JmxRegister (JmxRegister.java:tryRegister(44)) - Successfully registered JMX Bean with object name Ratis:service=RaftServer,group=group-37875B9A5262,id=a8cc1a37-a8a6-4a7f-81dc-bc9c8df542bb
2019-09-27 09:14:23,878 [RatisPipelineUtilsThread] INFO  pipeline.PipelineStateManager (PipelineStateManager.java:addPipeline(56)) - Created pipeline Pipeline[ Id: a07390b4-39c1-43d8-9b24-37875b9a5262, Nodes: a8cc1a37-a8a6-4a7f-81dc-bc9c8df542bb{ip: 192.168.151.103, host: pr-hdds2162-4fxhj-20988671, networkLocation: /rack1, certSerialId: null}, Type:RATIS, Factor:ONE, State:OPEN]
2019-09-27 09:14:23,912 [grpc-default-executor-0] INFO  impl.RaftServerProxy (RaftServerProxy.java:addNew(89)) - 6bbd184a-0336-4d81-9e16-b14f69eef1c7: addNew group-F864A8908A72:[6bbd184a-0336-4d81-9e16-b14f69eef1c7:192.168.151.103:36847] returns group-F864A8908A72:java.util.concurrent.CompletableFuture@5e01fff1[Not completed]
2019-09-27 09:14:23,973 [pool-117-thread-1] INFO  impl.RaftServerImpl (RaftServerImpl.java:<init>(95)) - 6bbd184a-0336-4d81-9e16-b14f69eef1c7: new RaftServerImpl for group-F864A8908A72:[6bbd184a-0336-4d81-9e16-b14f69eef1c7:192.168.151.103:36847] with ContainerStateMachine:uninitialized
2019-09-27 09:14:23,975 [pool-117-thread-1] INFO  server.RaftServerConfigKeys (ConfUtils.java:logGet(43)) - raft.server.rpc.timeout.min = 1s (custom)
2019-09-27 09:14:23,975 [pool-117-thread-1] INFO  server.RaftServerConfigKeys (ConfUtils.java:logGet(43)) - raft.server.rpc.timeout.max = 1200ms (custom)
2019-09-27 09:14:23,975 [pool-117-thread-1] INFO  server.RaftServerConfigKeys (ConfUtils.java:logGet(43)) - raft.server.rpcslowness.timeout = 120s (custom)
2019-09-27 09:14:23,975 [pool-117-thread-1] INFO  server.RaftServerConfigKeys (ConfUtils.java:logGet(43)) - raft.server.sleep.deviation.threshold = 300 (default)
2019-09-27 09:14:23,975 [pool-117-thread-1] INFO  server.RaftServerConfigKeys (ConfUtils.java:logGet(43)) - raft.server.log.appender.install.snapshot.enabled = false (custom)
2019-09-27 09:14:23,976 [pool-117-thread-1] INFO  impl.RaftServerImpl (ServerState.java:<init>(103)) - 6bbd184a-0336-4d81-9e16-b14f69eef1c7@group-F864A8908A72: ConfigurationManager, init=-1: [6bbd184a-0336-4d81-9e16-b14f69eef1c7:192.168.151.103:36847], old=null, confs=<EMPTY_MAP>
2019-09-27 09:14:23,976 [pool-117-thread-1] INFO  server.RaftServerConfigKeys (ConfUtils.java:logGet(43)) - raft.server.storage.dir = [/workdir/hadoop-ozone/integration-test/target/test-dir/MiniOzoneClusterImpl-306848a7-f3db-4b9e-8a0f-7b9627716070/datanode-9/data/ratis] (custom)
2019-09-27 09:14:23,976 [pool-117-thread-1] INFO  storage.RaftStorageDirectory (RaftStorageDirectory.java:analyzeStorage(246)) - The storage directory /workdir/hadoop-ozone/integration-test/target/test-dir/MiniOzoneClusterImpl-306848a7-f3db-4b9e-8a0f-7b9627716070/datanode-9/data/ratis/82186a00-388b-41fa-8ca4-f864a8908a72 does not exist. Creating ...
2019-09-27 09:14:23,987 [pool-117-thread-1] INFO  storage.RaftStorageDirectory (RaftStorageDirectory.java:tryLock(328)) - Lock on /workdir/hadoop-ozone/integration-test/target/test-dir/MiniOzoneClusterImpl-306848a7-f3db-4b9e-8a0f-7b9627716070/datanode-9/data/ratis/82186a00-388b-41fa-8ca4-f864a8908a72/in_use.lock acquired by nodename 29571@pr-hdds2162-4fxhj-20988671
2019-09-27 09:14:24,000 [pool-117-thread-1] INFO  storage.RaftStorage (RaftStorage.java:format(72)) - Storage directory /workdir/hadoop-ozone/integration-test/target/test-dir/MiniOzoneClusterImpl-306848a7-f3db-4b9e-8a0f-7b9627716070/datanode-9/data/ratis/82186a00-388b-41fa-8ca4-f864a8908a72 has been successfully formatted.
2019-09-27 09:14:24,003 [pool-117-thread-1] INFO  ratis.ContainerStateMachine (ContainerStateMachine.java:loadSnapshot(230)) - group-F864A8908A72: The snapshot info is null. Setting the last applied indexto:(t:0, i:~)
2019-09-27 09:14:24,005 [pool-117-thread-1] INFO  server.RaftServerConfigKeys (ConfUtils.java:logGet(43)) - raft.server.notification.no-leader.timeout = 120s (custom)
2019-09-27 09:14:24,005 [pool-117-thread-1] INFO  server.RaftServerConfigKeys (ConfUtils.java:logGet(43)) - raft.server.log.use.memory = false (default)
2019-09-27 09:14:24,005 [pool-117-thread-1] INFO  server.RaftServerConfigKeys (ConfUtils.java:logGet(43)) - raft.server.log.purge.gap = 1000000 (custom)
2019-09-27 09:14:24,005 [pool-117-thread-1] INFO  server.RaftServerConfigKeys (ConfUtils.java:logGet(43)) - raft.server.log.appender.buffer.byte-limit = 33554432 (custom)
2019-09-27 09:14:24,005 [pool-117-thread-1] INFO  server.RaftServerConfigKeys (ConfUtils.java:logGet(43)) - raft.server.log.segment.size.max = 1048576 (custom)
2019-09-27 09:14:24,005 [pool-117-thread-1] INFO  server.RaftServerConfigKeys (ConfUtils.java:logGet(43)) - raft.server.log.segment.cache.num.max = 2 (custom)
2019-09-27 09:14:24,005 [pool-117-thread-1] INFO  segmented.SegmentedRaftLogWorker (SegmentedRaftLogWorker.java:<init>(172)) - new 6bbd184a-0336-4d81-9e16-b14f69eef1c7@group-F864A8908A72-SegmentedRaftLogWorker for RaftStorage:Storage Directory /workdir/hadoop-ozone/integration-test/target/test-dir/MiniOzoneClusterImpl-306848a7-f3db-4b9e-8a0f-7b9627716070/datanode-9/data/ratis/82186a00-388b-41fa-8ca4-f864a8908a72
2019-09-27 09:14:24,011 [pool-117-thread-1] INFO  server.RaftServerConfigKeys (ConfUtils.java:logGet(43)) - raft.server.log.queue.byte-limit = 2147483647 (custom)
2019-09-27 09:14:24,011 [pool-117-thread-1] INFO  server.RaftServerConfigKeys (ConfUtils.java:logGet(43)) - raft.server.log.queue.element-limit = 1024 (custom)
2019-09-27 09:14:24,011 [pool-117-thread-1] INFO  server.RaftServerConfigKeys (ConfUtils.java:logGet(43)) - raft.server.log.segment.size.max = 1048576 (custom)
2019-09-27 09:14:24,012 [pool-117-thread-1] INFO  server.RaftServerConfigKeys (ConfUtils.java:logGet(43)) - raft.server.log.preallocated.size = 16384 (custom)
2019-09-27 09:14:24,012 [pool-117-thread-1] INFO  server.RaftServerConfigKeys (ConfUtils.java:logGet(43)) - raft.server.log.write.buffer.size = 33554432 (custom)
2019-09-27 09:14:24,012 [pool-117-thread-1] INFO  server.RaftServerConfigKeys (ConfUtils.java:logGet(43)) - raft.server.log.force.sync.num = 128 (default)
2019-09-27 09:14:24,012 [pool-117-thread-1] INFO  server.RaftServerConfigKeys (ConfUtils.java:logGet(43)) - raft.server.log.statemachine.data.sync = true (default)
2019-09-27 09:14:24,012 [pool-117-thread-1] INFO  server.RaftServerConfigKeys (ConfUtils.java:logGet(43)) - raft.server.log.statemachine.data.sync.timeout = 10s (default)
2019-09-27 09:14:24,012 [pool-117-thread-1] INFO  server.RaftServerConfigKeys (ConfUtils.java:logGet(43)) - raft.server.log.statemachine.data.sync.timeout.retry = -1 (default)
2019-09-27 09:14:24,012 [pool-117-thread-1] INFO  server.RaftServerConfigKeys (ConfUtils.java:logGet(43)) - raft.server.log.statemachine.data.caching.enabled = true (custom)
2019-09-27 09:14:24,013 [pool-117-thread-1] INFO  segmented.SegmentedRaftLogWorker (SegmentedRaftLogWorker.java:lambda$new$0(132)) - 6bbd184a-0336-4d81-9e16-b14f69eef1c7@group-F864A8908A72-SegmentedRaftLogWorker: flushIndex: setUnconditionally 0 -> -1
2019-09-27 09:14:24,013 [pool-117-thread-1] INFO  server.RaftServerConfigKeys (ConfUtils.java:logGet(43)) - raft.server.snapshot.auto.trigger.enabled = true (custom)
2019-09-27 09:14:24,013 [pool-117-thread-1] INFO  server.RaftServerConfigKeys (ConfUtils.java:logGet(43)) - raft.server.snapshot.auto.trigger.threshold = 10000 (custom)
2019-09-27 09:14:24,013 [pool-117-thread-1] INFO  server.RaftServerConfigKeys (ConfUtils.java:logGet(43)) - raft.server.snapshot.retention.num.files = 5 (custom)
2019-09-27 09:14:24,013 [pool-117-thread-1] INFO  server.RaftServerConfigKeys (ConfUtils.java:logGet(43)) - raft.server.retrycache.expirytime = 600000ms (custom)
2019-09-27 09:14:24,018 [pool-117-thread-1] INFO  impl.RaftServerImpl (RaftServerImpl.java:start(185)) - 6bbd184a-0336-4d81-9e16-b14f69eef1c7@group-F864A8908A72: start as a follower, conf=-1: [6bbd184a-0336-4d81-9e16-b14f69eef1c7:192.168.151.103:36847], old=null
2019-09-27 09:14:24,018 [pool-117-thread-1] INFO  impl.RaftServerImpl (RaftServerImpl.java:setRole(174)) - 6bbd184a-0336-4d81-9e16-b14f69eef1c7@group-F864A8908A72: changes role from      null to FOLLOWER at term 0 for startAsFollower
2019-09-27 09:14:24,018 [pool-117-thread-1] INFO  impl.RoleInfo (RoleInfo.java:updateAndGet(143)) - 6bbd184a-0336-4d81-9e16-b14f69eef1c7: start FollowerState
2019-09-27 09:14:24,021 [pool-117-thread-1] INFO  util.JmxRegister (JmxRegister.java:tryRegister(44)) - Successfully registered JMX Bean with object name Ratis:service=RaftServer,group=group-F864A8908A72,id=6bbd184a-0336-4d81-9e16-b14f69eef1c7
2019-09-27 09:14:24,042 [RatisPipelineUtilsThread] INFO  pipeline.PipelineStateManager (PipelineStateManager.java:addPipeline(56)) - Created pipeline Pipeline[ Id: 82186a00-388b-41fa-8ca4-f864a8908a72, Nodes: 6bbd184a-0336-4d81-9e16-b14f69eef1c7{ip: 192.168.151.103, host: pr-hdds2162-4fxhj-20988671, networkLocation: /rack1, certSerialId: null}, Type:RATIS, Factor:ONE, State:OPEN]
2019-09-27 09:14:24,068 [grpc-default-executor-0] INFO  impl.RaftServerProxy (RaftServerProxy.java:addNew(89)) - e31a64e7-7f72-4df5-b5f7-b27bcc72e3f7: addNew group-5E9CB7C49846:[e31a64e7-7f72-4df5-b5f7-b27bcc72e3f7:192.168.151.103:40680] returns group-5E9CB7C49846:java.util.concurrent.CompletableFuture@1d2b3560[Not completed]
2019-09-27 09:14:24,099 [pool-47-thread-1] INFO  impl.RaftServerImpl (RaftServerImpl.java:<init>(95)) - e31a64e7-7f72-4df5-b5f7-b27bcc72e3f7: new RaftServerImpl for group-5E9CB7C49846:[e31a64e7-7f72-4df5-b5f7-b27bcc72e3f7:192.168.151.103:40680] with ContainerStateMachine:uninitialized
2019-09-27 09:14:24,100 [pool-47-thread-1] INFO  server.RaftServerConfigKeys (ConfUtils.java:logGet(43)) - raft.server.rpc.timeout.min = 1s (custom)
2019-09-27 09:14:24,100 [pool-47-thread-1] INFO  server.RaftServerConfigKeys (ConfUtils.java:logGet(43)) - raft.server.rpc.timeout.max = 1200ms (custom)
2019-09-27 09:14:24,100 [pool-47-thread-1] INFO  server.RaftServerConfigKeys (ConfUtils.java:logGet(43)) - raft.server.rpcslowness.timeout = 120s (custom)
2019-09-27 09:14:24,100 [pool-47-thread-1] INFO  server.RaftServerConfigKeys (ConfUtils.java:logGet(43)) - raft.server.sleep.deviation.threshold = 300 (default)
2019-09-27 09:14:24,100 [pool-47-thread-1] INFO  server.RaftServerConfigKeys (ConfUtils.java:logGet(43)) - raft.server.log.appender.install.snapshot.enabled = false (custom)
2019-09-27 09:14:24,100 [pool-47-thread-1] INFO  impl.RaftServerImpl (ServerState.java:<init>(103)) - e31a64e7-7f72-4df5-b5f7-b27bcc72e3f7@group-5E9CB7C49846: ConfigurationManager, init=-1: [e31a64e7-7f72-4df5-b5f7-b27bcc72e3f7:192.168.151.103:40680], old=null, confs=<EMPTY_MAP>
2019-09-27 09:14:24,101 [pool-47-thread-1] INFO  server.RaftServerConfigKeys (ConfUtils.java:logGet(43)) - raft.server.storage.dir = [/workdir/hadoop-ozone/integration-test/target/test-dir/MiniOzoneClusterImpl-306848a7-f3db-4b9e-8a0f-7b9627716070/datanode-2/data/ratis] (custom)
2019-09-27 09:14:24,101 [pool-47-thread-1] INFO  storage.RaftStorageDirectory (RaftStorageDirectory.java:analyzeStorage(246)) - The storage directory /workdir/hadoop-ozone/integration-test/target/test-dir/MiniOzoneClusterImpl-306848a7-f3db-4b9e-8a0f-7b9627716070/datanode-2/data/ratis/a160920c-d5cc-4d69-837c-5e9cb7c49846 does not exist. Creating ...
2019-09-27 09:14:24,115 [pool-47-thread-1] INFO  storage.RaftStorageDirectory (RaftStorageDirectory.java:tryLock(328)) - Lock on /workdir/hadoop-ozone/integration-test/target/test-dir/MiniOzoneClusterImpl-306848a7-f3db-4b9e-8a0f-7b9627716070/datanode-2/data/ratis/a160920c-d5cc-4d69-837c-5e9cb7c49846/in_use.lock acquired by nodename 29571@pr-hdds2162-4fxhj-20988671
2019-09-27 09:14:24,128 [pool-47-thread-1] INFO  storage.RaftStorage (RaftStorage.java:format(72)) - Storage directory /workdir/hadoop-ozone/integration-test/target/test-dir/MiniOzoneClusterImpl-306848a7-f3db-4b9e-8a0f-7b9627716070/datanode-2/data/ratis/a160920c-d5cc-4d69-837c-5e9cb7c49846 has been successfully formatted.
2019-09-27 09:14:24,128 [pool-47-thread-1] INFO  ratis.ContainerStateMachine (ContainerStateMachine.java:loadSnapshot(230)) - group-5E9CB7C49846: The snapshot info is null. Setting the last applied indexto:(t:0, i:~)
2019-09-27 09:14:24,129 [pool-47-thread-1] INFO  server.RaftServerConfigKeys (ConfUtils.java:logGet(43)) - raft.server.notification.no-leader.timeout = 120s (custom)
2019-09-27 09:14:24,129 [pool-47-thread-1] INFO  server.RaftServerConfigKeys (ConfUtils.java:logGet(43)) - raft.server.log.use.memory = false (default)
2019-09-27 09:14:24,129 [pool-47-thread-1] INFO  server.RaftServerConfigKeys (ConfUtils.java:logGet(43)) - raft.server.log.purge.gap = 1000000 (custom)
2019-09-27 09:14:24,129 [pool-47-thread-1] INFO  server.RaftServerConfigKeys (ConfUtils.java:logGet(43)) - raft.server.log.appender.buffer.byte-limit = 33554432 (custom)
2019-09-27 09:14:24,129 [pool-47-thread-1] INFO  server.RaftServerConfigKeys (ConfUtils.java:logGet(43)) - raft.server.log.segment.size.max = 1048576 (custom)
2019-09-27 09:14:24,129 [pool-47-thread-1] INFO  server.RaftServerConfigKeys (ConfUtils.java:logGet(43)) - raft.server.log.segment.cache.num.max = 2 (custom)
2019-09-27 09:14:24,129 [pool-47-thread-1] INFO  segmented.SegmentedRaftLogWorker (SegmentedRaftLogWorker.java:<init>(172)) - new e31a64e7-7f72-4df5-b5f7-b27bcc72e3f7@group-5E9CB7C49846-SegmentedRaftLogWorker for RaftStorage:Storage Directory /workdir/hadoop-ozone/integration-test/target/test-dir/MiniOzoneClusterImpl-306848a7-f3db-4b9e-8a0f-7b9627716070/datanode-2/data/ratis/a160920c-d5cc-4d69-837c-5e9cb7c49846
2019-09-27 09:14:24,172 [pool-47-thread-1] INFO  server.RaftServerConfigKeys (ConfUtils.java:logGet(43)) - raft.server.log.queue.byte-limit = 2147483647 (custom)
2019-09-27 09:14:24,172 [pool-47-thread-1] INFO  server.RaftServerConfigKeys (ConfUtils.java:logGet(43)) - raft.server.log.queue.element-limit = 1024 (custom)
2019-09-27 09:14:24,173 [pool-47-thread-1] INFO  server.RaftServerConfigKeys (ConfUtils.java:logGet(43)) - raft.server.log.segment.size.max = 1048576 (custom)
2019-09-27 09:14:24,173 [pool-47-thread-1] INFO  server.RaftServerConfigKeys (ConfUtils.java:logGet(43)) - raft.server.log.preallocated.size = 16384 (custom)
2019-09-27 09:14:24,173 [pool-47-thread-1] INFO  server.RaftServerConfigKeys (ConfUtils.java:logGet(43)) - raft.server.log.write.buffer.size = 33554432 (custom)
2019-09-27 09:14:24,173 [pool-47-thread-1] INFO  server.RaftServerConfigKeys (ConfUtils.java:logGet(43)) - raft.server.log.force.sync.num = 128 (default)
2019-09-27 09:14:24,173 [pool-47-thread-1] INFO  server.RaftServerConfigKeys (ConfUtils.java:logGet(43)) - raft.server.log.statemachine.data.sync = true (default)
2019-09-27 09:14:24,173 [pool-47-thread-1] INFO  server.RaftServerConfigKeys (ConfUtils.java:logGet(43)) - raft.server.log.statemachine.data.sync.timeout = 10s (default)
2019-09-27 09:14:24,173 [pool-47-thread-1] INFO  server.RaftServerConfigKeys (ConfUtils.java:logGet(43)) - raft.server.log.statemachine.data.sync.timeout.retry = -1 (default)
2019-09-27 09:14:24,174 [pool-47-thread-1] INFO  server.RaftServerConfigKeys (ConfUtils.java:logGet(43)) - raft.server.log.statemachine.data.caching.enabled = true (custom)
2019-09-27 09:14:24,174 [pool-47-thread-1] INFO  segmented.SegmentedRaftLogWorker (SegmentedRaftLogWorker.java:lambda$new$0(132)) - e31a64e7-7f72-4df5-b5f7-b27bcc72e3f7@group-5E9CB7C49846-SegmentedRaftLogWorker: flushIndex: setUnconditionally 0 -> -1
2019-09-27 09:14:24,175 [pool-47-thread-1] INFO  server.RaftServerConfigKeys (ConfUtils.java:logGet(43)) - raft.server.snapshot.auto.trigger.enabled = true (custom)
2019-09-27 09:14:24,175 [pool-47-thread-1] INFO  server.RaftServerConfigKeys (ConfUtils.java:logGet(43)) - raft.server.snapshot.auto.trigger.threshold = 10000 (custom)
2019-09-27 09:14:24,175 [pool-47-thread-1] INFO  server.RaftServerConfigKeys (ConfUtils.java:logGet(43)) - raft.server.snapshot.retention.num.files = 5 (custom)
2019-09-27 09:14:24,175 [pool-47-thread-1] INFO  server.RaftServerConfigKeys (ConfUtils.java:logGet(43)) - raft.server.retrycache.expirytime = 600000ms (custom)
2019-09-27 09:14:24,179 [pool-47-thread-1] INFO  impl.RaftServerImpl (RaftServerImpl.java:start(185)) - e31a64e7-7f72-4df5-b5f7-b27bcc72e3f7@group-5E9CB7C49846: start as a follower, conf=-1: [e31a64e7-7f72-4df5-b5f7-b27bcc72e3f7:192.168.151.103:40680], old=null
2019-09-27 09:14:24,180 [pool-47-thread-1] INFO  impl.RaftServerImpl (RaftServerImpl.java:setRole(174)) - e31a64e7-7f72-4df5-b5f7-b27bcc72e3f7@group-5E9CB7C49846: changes role from      null to FOLLOWER at term 0 for startAsFollower
2019-09-27 09:14:24,180 [pool-47-thread-1] INFO  impl.RoleInfo (RoleInfo.java:updateAndGet(143)) - e31a64e7-7f72-4df5-b5f7-b27bcc72e3f7: start FollowerState
2019-09-27 09:14:24,180 [pool-47-thread-1] INFO  util.JmxRegister (JmxRegister.java:tryRegister(44)) - Successfully registered JMX Bean with object name Ratis:service=RaftServer,group=group-5E9CB7C49846,id=e31a64e7-7f72-4df5-b5f7-b27bcc72e3f7
2019-09-27 09:14:24,195 [RatisPipelineUtilsThread] INFO  pipeline.PipelineStateManager (PipelineStateManager.java:addPipeline(56)) - Created pipeline Pipeline[ Id: a160920c-d5cc-4d69-837c-5e9cb7c49846, Nodes: e31a64e7-7f72-4df5-b5f7-b27bcc72e3f7{ip: 192.168.151.103, host: pr-hdds2162-4fxhj-20988671, networkLocation: /rack1, certSerialId: null}, Type:RATIS, Factor:ONE, State:OPEN]
2019-09-27 09:14:24,219 [grpc-default-executor-0] INFO  impl.RaftServerProxy (RaftServerProxy.java:addNew(89)) - 61fa1b65-b974-45b4-9851-06f065a159ca: addNew group-3BAA14CF0875:[61fa1b65-b974-45b4-9851-06f065a159ca:192.168.151.103:33766] returns group-3BAA14CF0875:java.util.concurrent.CompletableFuture@6f9a9cb8[Not completed]
2019-09-27 09:14:24,225 [pool-87-thread-1] INFO  impl.RaftServerImpl (RaftServerImpl.java:<init>(95)) - 61fa1b65-b974-45b4-9851-06f065a159ca: new RaftServerImpl for group-3BAA14CF0875:[61fa1b65-b974-45b4-9851-06f065a159ca:192.168.151.103:33766] with ContainerStateMachine:uninitialized
2019-09-27 09:14:24,225 [pool-87-thread-1] INFO  server.RaftServerConfigKeys (ConfUtils.java:logGet(43)) - raft.server.rpc.timeout.min = 1s (custom)
2019-09-27 09:14:24,225 [pool-87-thread-1] INFO  server.RaftServerConfigKeys (ConfUtils.java:logGet(43)) - raft.server.rpc.timeout.max = 1200ms (custom)
2019-09-27 09:14:24,225 [pool-87-thread-1] INFO  server.RaftServerConfigKeys (ConfUtils.java:logGet(43)) - raft.server.rpcslowness.timeout = 120s (custom)
2019-09-27 09:14:24,225 [pool-87-thread-1] INFO  server.RaftServerConfigKeys (ConfUtils.java:logGet(43)) - raft.server.sleep.deviation.threshold = 300 (default)
2019-09-27 09:14:24,225 [pool-87-thread-1] INFO  server.RaftServerConfigKeys (ConfUtils.java:logGet(43)) - raft.server.log.appender.install.snapshot.enabled = false (custom)
2019-09-27 09:14:24,226 [pool-87-thread-1] INFO  impl.RaftServerImpl (ServerState.java:<init>(103)) - 61fa1b65-b974-45b4-9851-06f065a159ca@group-3BAA14CF0875: ConfigurationManager, init=-1: [61fa1b65-b974-45b4-9851-06f065a159ca:192.168.151.103:33766], old=null, confs=<EMPTY_MAP>
2019-09-27 09:14:24,226 [pool-87-thread-1] INFO  server.RaftServerConfigKeys (ConfUtils.java:logGet(43)) - raft.server.storage.dir = [/workdir/hadoop-ozone/integration-test/target/test-dir/MiniOzoneClusterImpl-306848a7-f3db-4b9e-8a0f-7b9627716070/datanode-6/data/ratis] (custom)
2019-09-27 09:14:24,226 [pool-87-thread-1] INFO  storage.RaftStorageDirectory (RaftStorageDirectory.java:analyzeStorage(246)) - The storage directory /workdir/hadoop-ozone/integration-test/target/test-dir/MiniOzoneClusterImpl-306848a7-f3db-4b9e-8a0f-7b9627716070/datanode-6/data/ratis/8bc62697-3f89-4eb9-9529-3baa14cf0875 does not exist. Creating ...
2019-09-27 09:14:24,239 [pool-87-thread-1] INFO  storage.RaftStorageDirectory (RaftStorageDirectory.java:tryLock(328)) - Lock on /workdir/hadoop-ozone/integration-test/target/test-dir/MiniOzoneClusterImpl-306848a7-f3db-4b9e-8a0f-7b9627716070/datanode-6/data/ratis/8bc62697-3f89-4eb9-9529-3baa14cf0875/in_use.lock acquired by nodename 29571@pr-hdds2162-4fxhj-20988671
2019-09-27 09:14:24,252 [pool-87-thread-1] INFO  storage.RaftStorage (RaftStorage.java:format(72)) - Storage directory /workdir/hadoop-ozone/integration-test/target/test-dir/MiniOzoneClusterImpl-306848a7-f3db-4b9e-8a0f-7b9627716070/datanode-6/data/ratis/8bc62697-3f89-4eb9-9529-3baa14cf0875 has been successfully formatted.
2019-09-27 09:14:24,252 [pool-87-thread-1] INFO  ratis.ContainerStateMachine (ContainerStateMachine.java:loadSnapshot(230)) - group-3BAA14CF0875: The snapshot info is null. Setting the last applied indexto:(t:0, i:~)
2019-09-27 09:14:24,252 [pool-87-thread-1] INFO  server.RaftServerConfigKeys (ConfUtils.java:logGet(43)) - raft.server.notification.no-leader.timeout = 120s (custom)
2019-09-27 09:14:24,252 [pool-87-thread-1] INFO  server.RaftServerConfigKeys (ConfUtils.java:logGet(43)) - raft.server.log.use.memory = false (default)
2019-09-27 09:14:24,252 [pool-87-thread-1] INFO  server.RaftServerConfigKeys (ConfUtils.java:logGet(43)) - raft.server.log.purge.gap = 1000000 (custom)
2019-09-27 09:14:24,253 [pool-87-thread-1] INFO  server.RaftServerConfigKeys (ConfUtils.java:logGet(43)) - raft.server.log.appender.buffer.byte-limit = 33554432 (custom)
2019-09-27 09:14:24,253 [pool-87-thread-1] INFO  server.RaftServerConfigKeys (ConfUtils.java:logGet(43)) - raft.server.log.segment.size.max = 1048576 (custom)
2019-09-27 09:14:24,253 [pool-87-thread-1] INFO  server.RaftServerConfigKeys (ConfUtils.java:logGet(43)) - raft.server.log.segment.cache.num.max = 2 (custom)
2019-09-27 09:14:24,253 [pool-87-thread-1] INFO  segmented.SegmentedRaftLogWorker (SegmentedRaftLogWorker.java:<init>(172)) - new 61fa1b65-b974-45b4-9851-06f065a159ca@group-3BAA14CF0875-SegmentedRaftLogWorker for RaftStorage:Storage Directory /workdir/hadoop-ozone/integration-test/target/test-dir/MiniOzoneClusterImpl-306848a7-f3db-4b9e-8a0f-7b9627716070/datanode-6/data/ratis/8bc62697-3f89-4eb9-9529-3baa14cf0875
2019-09-27 09:14:24,257 [pool-87-thread-1] INFO  server.RaftServerConfigKeys (ConfUtils.java:logGet(43)) - raft.server.log.queue.byte-limit = 2147483647 (custom)
2019-09-27 09:14:24,257 [pool-87-thread-1] INFO  server.RaftServerConfigKeys (ConfUtils.java:logGet(43)) - raft.server.log.queue.element-limit = 1024 (custom)
2019-09-27 09:14:24,257 [pool-87-thread-1] INFO  server.RaftServerConfigKeys (ConfUtils.java:logGet(43)) - raft.server.log.segment.size.max = 1048576 (custom)
2019-09-27 09:14:24,257 [pool-87-thread-1] INFO  server.RaftServerConfigKeys (ConfUtils.java:logGet(43)) - raft.server.log.preallocated.size = 16384 (custom)
2019-09-27 09:14:24,257 [pool-87-thread-1] INFO  server.RaftServerConfigKeys (ConfUtils.java:logGet(43)) - raft.server.log.write.buffer.size = 33554432 (custom)
2019-09-27 09:14:24,257 [pool-87-thread-1] INFO  server.RaftServerConfigKeys (ConfUtils.java:logGet(43)) - raft.server.log.force.sync.num = 128 (default)
2019-09-27 09:14:24,257 [pool-87-thread-1] INFO  server.RaftServerConfigKeys (ConfUtils.java:logGet(43)) - raft.server.log.statemachine.data.sync = true (default)
2019-09-27 09:14:24,258 [pool-87-thread-1] INFO  server.RaftServerConfigKeys (ConfUtils.java:logGet(43)) - raft.server.log.statemachine.data.sync.timeout = 10s (default)
2019-09-27 09:14:24,258 [pool-87-thread-1] INFO  server.RaftServerConfigKeys (ConfUtils.java:logGet(43)) - raft.server.log.statemachine.data.sync.timeout.retry = -1 (default)
2019-09-27 09:14:24,258 [pool-87-thread-1] INFO  server.RaftServerConfigKeys (ConfUtils.java:logGet(43)) - raft.server.log.statemachine.data.caching.enabled = true (custom)
2019-09-27 09:14:24,258 [pool-87-thread-1] INFO  segmented.SegmentedRaftLogWorker (SegmentedRaftLogWorker.java:lambda$new$0(132)) - 61fa1b65-b974-45b4-9851-06f065a159ca@group-3BAA14CF0875-SegmentedRaftLogWorker: flushIndex: setUnconditionally 0 -> -1
2019-09-27 09:14:24,258 [pool-87-thread-1] INFO  server.RaftServerConfigKeys (ConfUtils.java:logGet(43)) - raft.server.snapshot.auto.trigger.enabled = true (custom)
2019-09-27 09:14:24,259 [pool-87-thread-1] INFO  server.RaftServerConfigKeys (ConfUtils.java:logGet(43)) - raft.server.snapshot.auto.trigger.threshold = 10000 (custom)
2019-09-27 09:14:24,259 [pool-87-thread-1] INFO  server.RaftServerConfigKeys (ConfUtils.java:logGet(43)) - raft.server.snapshot.retention.num.files = 5 (custom)
2019-09-27 09:14:24,259 [pool-87-thread-1] INFO  server.RaftServerConfigKeys (ConfUtils.java:logGet(43)) - raft.server.retrycache.expirytime = 600000ms (custom)
2019-09-27 09:14:24,262 [pool-87-thread-1] INFO  impl.RaftServerImpl (RaftServerImpl.java:start(185)) - 61fa1b65-b974-45b4-9851-06f065a159ca@group-3BAA14CF0875: start as a follower, conf=-1: [61fa1b65-b974-45b4-9851-06f065a159ca:192.168.151.103:33766], old=null
2019-09-27 09:14:24,262 [pool-87-thread-1] INFO  impl.RaftServerImpl (RaftServerImpl.java:setRole(174)) - 61fa1b65-b974-45b4-9851-06f065a159ca@group-3BAA14CF0875: changes role from      null to FOLLOWER at term 0 for startAsFollower
2019-09-27 09:14:24,262 [pool-87-thread-1] INFO  impl.RoleInfo (RoleInfo.java:updateAndGet(143)) - 61fa1b65-b974-45b4-9851-06f065a159ca: start FollowerState
2019-09-27 09:14:24,263 [pool-87-thread-1] INFO  util.JmxRegister (JmxRegister.java:tryRegister(44)) - Successfully registered JMX Bean with object name Ratis:service=RaftServer,group=group-3BAA14CF0875,id=61fa1b65-b974-45b4-9851-06f065a159ca
2019-09-27 09:14:24,283 [RatisPipelineUtilsThread] INFO  pipeline.PipelineStateManager (PipelineStateManager.java:addPipeline(56)) - Created pipeline Pipeline[ Id: 8bc62697-3f89-4eb9-9529-3baa14cf0875, Nodes: 61fa1b65-b974-45b4-9851-06f065a159ca{ip: 192.168.151.103, host: pr-hdds2162-4fxhj-20988671, networkLocation: /rack1, certSerialId: null}, Type:RATIS, Factor:ONE, State:OPEN]
2019-09-27 09:14:24,303 [grpc-default-executor-0] INFO  impl.RaftServerProxy (RaftServerProxy.java:addNew(89)) - 1b1c50e1-42fe-4038-95e1-cf5ebbb85fbb: addNew group-8B38F324D59E:[1b1c50e1-42fe-4038-95e1-cf5ebbb85fbb:192.168.151.103:40816] returns group-8B38F324D59E:java.util.concurrent.CompletableFuture@7a5a2bbe[Not completed]
2019-09-27 09:14:24,308 [pool-107-thread-1] INFO  impl.RaftServerImpl (RaftServerImpl.java:<init>(95)) - 1b1c50e1-42fe-4038-95e1-cf5ebbb85fbb: new RaftServerImpl for group-8B38F324D59E:[1b1c50e1-42fe-4038-95e1-cf5ebbb85fbb:192.168.151.103:40816] with ContainerStateMachine:uninitialized
2019-09-27 09:14:24,309 [pool-107-thread-1] INFO  server.RaftServerConfigKeys (ConfUtils.java:logGet(43)) - raft.server.rpc.timeout.min = 1s (custom)
2019-09-27 09:14:24,309 [pool-107-thread-1] INFO  server.RaftServerConfigKeys (ConfUtils.java:logGet(43)) - raft.server.rpc.timeout.max = 1200ms (custom)
2019-09-27 09:14:24,309 [pool-107-thread-1] INFO  server.RaftServerConfigKeys (ConfUtils.java:logGet(43)) - raft.server.rpcslowness.timeout = 120s (custom)
2019-09-27 09:14:24,309 [pool-107-thread-1] INFO  server.RaftServerConfigKeys (ConfUtils.java:logGet(43)) - raft.server.sleep.deviation.threshold = 300 (default)
2019-09-27 09:14:24,309 [pool-107-thread-1] INFO  server.RaftServerConfigKeys (ConfUtils.java:logGet(43)) - raft.server.log.appender.install.snapshot.enabled = false (custom)
2019-09-27 09:14:24,310 [pool-107-thread-1] INFO  impl.RaftServerImpl (ServerState.java:<init>(103)) - 1b1c50e1-42fe-4038-95e1-cf5ebbb85fbb@group-8B38F324D59E: ConfigurationManager, init=-1: [1b1c50e1-42fe-4038-95e1-cf5ebbb85fbb:192.168.151.103:40816], old=null, confs=<EMPTY_MAP>
2019-09-27 09:14:24,310 [pool-107-thread-1] INFO  server.RaftServerConfigKeys (ConfUtils.java:logGet(43)) - raft.server.storage.dir = [/workdir/hadoop-ozone/integration-test/target/test-dir/MiniOzoneClusterImpl-306848a7-f3db-4b9e-8a0f-7b9627716070/datanode-8/data/ratis] (custom)
2019-09-27 09:14:24,310 [pool-107-thread-1] INFO  storage.RaftStorageDirectory (RaftStorageDirectory.java:analyzeStorage(246)) - The storage directory /workdir/hadoop-ozone/integration-test/target/test-dir/MiniOzoneClusterImpl-306848a7-f3db-4b9e-8a0f-7b9627716070/datanode-8/data/ratis/b4075bb4-9860-4828-846b-8b38f324d59e does not exist. Creating ...
2019-09-27 09:14:24,323 [pool-107-thread-1] INFO  storage.RaftStorageDirectory (RaftStorageDirectory.java:tryLock(328)) - Lock on /workdir/hadoop-ozone/integration-test/target/test-dir/MiniOzoneClusterImpl-306848a7-f3db-4b9e-8a0f-7b9627716070/datanode-8/data/ratis/b4075bb4-9860-4828-846b-8b38f324d59e/in_use.lock acquired by nodename 29571@pr-hdds2162-4fxhj-20988671
2019-09-27 09:14:24,337 [pool-107-thread-1] INFO  storage.RaftStorage (RaftStorage.java:format(72)) - Storage directory /workdir/hadoop-ozone/integration-test/target/test-dir/MiniOzoneClusterImpl-306848a7-f3db-4b9e-8a0f-7b9627716070/datanode-8/data/ratis/b4075bb4-9860-4828-846b-8b38f324d59e has been successfully formatted.
2019-09-27 09:14:24,337 [pool-107-thread-1] INFO  ratis.ContainerStateMachine (ContainerStateMachine.java:loadSnapshot(230)) - group-8B38F324D59E: The snapshot info is null. Setting the last applied indexto:(t:0, i:~)
2019-09-27 09:14:24,337 [pool-107-thread-1] INFO  server.RaftServerConfigKeys (ConfUtils.java:logGet(43)) - raft.server.notification.no-leader.timeout = 120s (custom)
2019-09-27 09:14:24,338 [pool-107-thread-1] INFO  server.RaftServerConfigKeys (ConfUtils.java:logGet(43)) - raft.server.log.use.memory = false (default)
2019-09-27 09:14:24,338 [pool-107-thread-1] INFO  server.RaftServerConfigKeys (ConfUtils.java:logGet(43)) - raft.server.log.purge.gap = 1000000 (custom)
2019-09-27 09:14:24,338 [pool-107-thread-1] INFO  server.RaftServerConfigKeys (ConfUtils.java:logGet(43)) - raft.server.log.appender.buffer.byte-limit = 33554432 (custom)
2019-09-27 09:14:24,338 [pool-107-thread-1] INFO  server.RaftServerConfigKeys (ConfUtils.java:logGet(43)) - raft.server.log.segment.size.max = 1048576 (custom)
2019-09-27 09:14:24,338 [pool-107-thread-1] INFO  server.RaftServerConfigKeys (ConfUtils.java:logGet(43)) - raft.server.log.segment.cache.num.max = 2 (custom)
2019-09-27 09:14:24,338 [pool-107-thread-1] INFO  segmented.SegmentedRaftLogWorker (SegmentedRaftLogWorker.java:<init>(172)) - new 1b1c50e1-42fe-4038-95e1-cf5ebbb85fbb@group-8B38F324D59E-SegmentedRaftLogWorker for RaftStorage:Storage Directory /workdir/hadoop-ozone/integration-test/target/test-dir/MiniOzoneClusterImpl-306848a7-f3db-4b9e-8a0f-7b9627716070/datanode-8/data/ratis/b4075bb4-9860-4828-846b-8b38f324d59e
2019-09-27 09:14:24,342 [pool-107-thread-1] INFO  server.RaftServerConfigKeys (ConfUtils.java:logGet(43)) - raft.server.log.queue.byte-limit = 2147483647 (custom)
2019-09-27 09:14:24,343 [pool-107-thread-1] INFO  server.RaftServerConfigKeys (ConfUtils.java:logGet(43)) - raft.server.log.queue.element-limit = 1024 (custom)
2019-09-27 09:14:24,343 [pool-107-thread-1] INFO  server.RaftServerConfigKeys (ConfUtils.java:logGet(43)) - raft.server.log.segment.size.max = 1048576 (custom)
2019-09-27 09:14:24,343 [pool-107-thread-1] INFO  server.RaftServerConfigKeys (ConfUtils.java:logGet(43)) - raft.server.log.preallocated.size = 16384 (custom)
2019-09-27 09:14:24,343 [pool-107-thread-1] INFO  server.RaftServerConfigKeys (ConfUtils.java:logGet(43)) - raft.server.log.write.buffer.size = 33554432 (custom)
2019-09-27 09:14:24,343 [pool-107-thread-1] INFO  server.RaftServerConfigKeys (ConfUtils.java:logGet(43)) - raft.server.log.force.sync.num = 128 (default)
2019-09-27 09:14:24,343 [pool-107-thread-1] INFO  server.RaftServerConfigKeys (ConfUtils.java:logGet(43)) - raft.server.log.statemachine.data.sync = true (default)
2019-09-27 09:14:24,344 [pool-107-thread-1] INFO  server.RaftServerConfigKeys (ConfUtils.java:logGet(43)) - raft.server.log.statemachine.data.sync.timeout = 10s (default)
2019-09-27 09:14:24,344 [pool-107-thread-1] INFO  server.RaftServerConfigKeys (ConfUtils.java:logGet(43)) - raft.server.log.statemachine.data.sync.timeout.retry = -1 (default)
2019-09-27 09:14:24,344 [pool-107-thread-1] INFO  server.RaftServerConfigKeys (ConfUtils.java:logGet(43)) - raft.server.log.statemachine.data.caching.enabled = true (custom)
2019-09-27 09:14:24,344 [pool-107-thread-1] INFO  segmented.SegmentedRaftLogWorker (SegmentedRaftLogWorker.java:lambda$new$0(132)) - 1b1c50e1-42fe-4038-95e1-cf5ebbb85fbb@group-8B38F324D59E-SegmentedRaftLogWorker: flushIndex: setUnconditionally 0 -> -1
2019-09-27 09:14:24,345 [pool-107-thread-1] INFO  server.RaftServerConfigKeys (ConfUtils.java:logGet(43)) - raft.server.snapshot.auto.trigger.enabled = true (custom)
2019-09-27 09:14:24,345 [pool-107-thread-1] INFO  server.RaftServerConfigKeys (ConfUtils.java:logGet(43)) - raft.server.snapshot.auto.trigger.threshold = 10000 (custom)
2019-09-27 09:14:24,345 [pool-107-thread-1] INFO  server.RaftServerConfigKeys (ConfUtils.java:logGet(43)) - raft.server.snapshot.retention.num.files = 5 (custom)
2019-09-27 09:14:24,345 [pool-107-thread-1] INFO  server.RaftServerConfigKeys (ConfUtils.java:logGet(43)) - raft.server.retrycache.expirytime = 600000ms (custom)
2019-09-27 09:14:24,349 [pool-107-thread-1] INFO  impl.RaftServerImpl (RaftServerImpl.java:start(185)) - 1b1c50e1-42fe-4038-95e1-cf5ebbb85fbb@group-8B38F324D59E: start as a follower, conf=-1: [1b1c50e1-42fe-4038-95e1-cf5ebbb85fbb:192.168.151.103:40816], old=null
2019-09-27 09:14:24,349 [pool-107-thread-1] INFO  impl.RaftServerImpl (RaftServerImpl.java:setRole(174)) - 1b1c50e1-42fe-4038-95e1-cf5ebbb85fbb@group-8B38F324D59E: changes role from      null to FOLLOWER at term 0 for startAsFollower
2019-09-27 09:14:24,349 [pool-107-thread-1] INFO  impl.RoleInfo (RoleInfo.java:updateAndGet(143)) - 1b1c50e1-42fe-4038-95e1-cf5ebbb85fbb: start FollowerState
2019-09-27 09:14:24,350 [pool-107-thread-1] INFO  util.JmxRegister (JmxRegister.java:tryRegister(44)) - Successfully registered JMX Bean with object name Ratis:service=RaftServer,group=group-8B38F324D59E,id=1b1c50e1-42fe-4038-95e1-cf5ebbb85fbb
2019-09-27 09:14:24,363 [RatisPipelineUtilsThread] INFO  pipeline.PipelineStateManager (PipelineStateManager.java:addPipeline(56)) - Created pipeline Pipeline[ Id: b4075bb4-9860-4828-846b-8b38f324d59e, Nodes: 1b1c50e1-42fe-4038-95e1-cf5ebbb85fbb{ip: 192.168.151.103, host: pr-hdds2162-4fxhj-20988671, networkLocation: /rack1, certSerialId: null}, Type:RATIS, Factor:ONE, State:OPEN]
2019-09-27 09:14:24,380 [grpc-default-executor-0] INFO  impl.RaftServerProxy (RaftServerProxy.java:addNew(89)) - 0821efe4-c707-4fcc-94f8-cb827e7ada87: addNew group-186A4FA27B4F:[0821efe4-c707-4fcc-94f8-cb827e7ada87:192.168.151.103:33210] returns group-186A4FA27B4F:java.util.concurrent.CompletableFuture@16bacb7e[Not completed]
2019-09-27 09:14:24,387 [pool-37-thread-1] INFO  impl.RaftServerImpl (RaftServerImpl.java:<init>(95)) - 0821efe4-c707-4fcc-94f8-cb827e7ada87: new RaftServerImpl for group-186A4FA27B4F:[0821efe4-c707-4fcc-94f8-cb827e7ada87:192.168.151.103:33210] with ContainerStateMachine:uninitialized
2019-09-27 09:14:24,387 [pool-37-thread-1] INFO  server.RaftServerConfigKeys (ConfUtils.java:logGet(43)) - raft.server.rpc.timeout.min = 1s (custom)
2019-09-27 09:14:24,387 [pool-37-thread-1] INFO  server.RaftServerConfigKeys (ConfUtils.java:logGet(43)) - raft.server.rpc.timeout.max = 1200ms (custom)
2019-09-27 09:14:24,388 [pool-37-thread-1] INFO  server.RaftServerConfigKeys (ConfUtils.java:logGet(43)) - raft.server.rpcslowness.timeout = 120s (custom)
2019-09-27 09:14:24,388 [pool-37-thread-1] INFO  server.RaftServerConfigKeys (ConfUtils.java:logGet(43)) - raft.server.sleep.deviation.threshold = 300 (default)
2019-09-27 09:14:24,388 [pool-37-thread-1] INFO  server.RaftServerConfigKeys (ConfUtils.java:logGet(43)) - raft.server.log.appender.install.snapshot.enabled = false (custom)
2019-09-27 09:14:24,389 [pool-37-thread-1] INFO  impl.RaftServerImpl (ServerState.java:<init>(103)) - 0821efe4-c707-4fcc-94f8-cb827e7ada87@group-186A4FA27B4F: ConfigurationManager, init=-1: [0821efe4-c707-4fcc-94f8-cb827e7ada87:192.168.151.103:33210], old=null, confs=<EMPTY_MAP>
2019-09-27 09:14:24,389 [pool-37-thread-1] INFO  server.RaftServerConfigKeys (ConfUtils.java:logGet(43)) - raft.server.storage.dir = [/workdir/hadoop-ozone/integration-test/target/test-dir/MiniOzoneClusterImpl-306848a7-f3db-4b9e-8a0f-7b9627716070/datanode-1/data/ratis] (custom)
2019-09-27 09:14:24,390 [pool-37-thread-1] INFO  storage.RaftStorageDirectory (RaftStorageDirectory.java:analyzeStorage(246)) - The storage directory /workdir/hadoop-ozone/integration-test/target/test-dir/MiniOzoneClusterImpl-306848a7-f3db-4b9e-8a0f-7b9627716070/datanode-1/data/ratis/0deb7986-ac3b-48bc-9e3d-186a4fa27b4f does not exist. Creating ...
2019-09-27 09:14:24,403 [pool-37-thread-1] INFO  storage.RaftStorageDirectory (RaftStorageDirectory.java:tryLock(328)) - Lock on /workdir/hadoop-ozone/integration-test/target/test-dir/MiniOzoneClusterImpl-306848a7-f3db-4b9e-8a0f-7b9627716070/datanode-1/data/ratis/0deb7986-ac3b-48bc-9e3d-186a4fa27b4f/in_use.lock acquired by nodename 29571@pr-hdds2162-4fxhj-20988671
2019-09-27 09:14:24,416 [pool-37-thread-1] INFO  storage.RaftStorage (RaftStorage.java:format(72)) - Storage directory /workdir/hadoop-ozone/integration-test/target/test-dir/MiniOzoneClusterImpl-306848a7-f3db-4b9e-8a0f-7b9627716070/datanode-1/data/ratis/0deb7986-ac3b-48bc-9e3d-186a4fa27b4f has been successfully formatted.
2019-09-27 09:14:24,417 [pool-37-thread-1] INFO  ratis.ContainerStateMachine (ContainerStateMachine.java:loadSnapshot(230)) - group-186A4FA27B4F: The snapshot info is null. Setting the last applied indexto:(t:0, i:~)
2019-09-27 09:14:24,417 [pool-37-thread-1] INFO  server.RaftServerConfigKeys (ConfUtils.java:logGet(43)) - raft.server.notification.no-leader.timeout = 120s (custom)
2019-09-27 09:14:24,417 [pool-37-thread-1] INFO  server.RaftServerConfigKeys (ConfUtils.java:logGet(43)) - raft.server.log.use.memory = false (default)
2019-09-27 09:14:24,417 [pool-37-thread-1] INFO  server.RaftServerConfigKeys (ConfUtils.java:logGet(43)) - raft.server.log.purge.gap = 1000000 (custom)
2019-09-27 09:14:24,418 [pool-37-thread-1] INFO  server.RaftServerConfigKeys (ConfUtils.java:logGet(43)) - raft.server.log.appender.buffer.byte-limit = 33554432 (custom)
2019-09-27 09:14:24,418 [pool-37-thread-1] INFO  server.RaftServerConfigKeys (ConfUtils.java:logGet(43)) - raft.server.log.segment.size.max = 1048576 (custom)
2019-09-27 09:14:24,418 [pool-37-thread-1] INFO  server.RaftServerConfigKeys (ConfUtils.java:logGet(43)) - raft.server.log.segment.cache.num.max = 2 (custom)
2019-09-27 09:14:24,418 [pool-37-thread-1] INFO  segmented.SegmentedRaftLogWorker (SegmentedRaftLogWorker.java:<init>(172)) - new 0821efe4-c707-4fcc-94f8-cb827e7ada87@group-186A4FA27B4F-SegmentedRaftLogWorker for RaftStorage:Storage Directory /workdir/hadoop-ozone/integration-test/target/test-dir/MiniOzoneClusterImpl-306848a7-f3db-4b9e-8a0f-7b9627716070/datanode-1/data/ratis/0deb7986-ac3b-48bc-9e3d-186a4fa27b4f
2019-09-27 09:14:24,478 [pool-37-thread-1] INFO  server.RaftServerConfigKeys (ConfUtils.java:logGet(43)) - raft.server.log.queue.byte-limit = 2147483647 (custom)
2019-09-27 09:14:24,478 [pool-37-thread-1] INFO  server.RaftServerConfigKeys (ConfUtils.java:logGet(43)) - raft.server.log.queue.element-limit = 1024 (custom)
2019-09-27 09:14:24,478 [pool-37-thread-1] INFO  server.RaftServerConfigKeys (ConfUtils.java:logGet(43)) - raft.server.log.segment.size.max = 1048576 (custom)
2019-09-27 09:14:24,480 [pool-37-thread-1] INFO  server.RaftServerConfigKeys (ConfUtils.java:logGet(43)) - raft.server.log.preallocated.size = 16384 (custom)
2019-09-27 09:14:24,484 [pool-37-thread-1] INFO  server.RaftServerConfigKeys (ConfUtils.java:logGet(43)) - raft.server.log.write.buffer.size = 33554432 (custom)
2019-09-27 09:14:24,484 [pool-37-thread-1] INFO  server.RaftServerConfigKeys (ConfUtils.java:logGet(43)) - raft.server.log.force.sync.num = 128 (default)
2019-09-27 09:14:24,484 [pool-37-thread-1] INFO  server.RaftServerConfigKeys (ConfUtils.java:logGet(43)) - raft.server.log.statemachine.data.sync = true (default)
2019-09-27 09:14:24,484 [pool-37-thread-1] INFO  server.RaftServerConfigKeys (ConfUtils.java:logGet(43)) - raft.server.log.statemachine.data.sync.timeout = 10s (default)
2019-09-27 09:14:24,485 [pool-37-thread-1] INFO  server.RaftServerConfigKeys (ConfUtils.java:logGet(43)) - raft.server.log.statemachine.data.sync.timeout.retry = -1 (default)
2019-09-27 09:14:24,485 [pool-37-thread-1] INFO  server.RaftServerConfigKeys (ConfUtils.java:logGet(43)) - raft.server.log.statemachine.data.caching.enabled = true (custom)
2019-09-27 09:14:24,486 [pool-37-thread-1] INFO  segmented.SegmentedRaftLogWorker (SegmentedRaftLogWorker.java:lambda$new$0(132)) - 0821efe4-c707-4fcc-94f8-cb827e7ada87@group-186A4FA27B4F-SegmentedRaftLogWorker: flushIndex: setUnconditionally 0 -> -1
2019-09-27 09:14:24,486 [pool-37-thread-1] INFO  server.RaftServerConfigKeys (ConfUtils.java:logGet(43)) - raft.server.snapshot.auto.trigger.enabled = true (custom)
2019-09-27 09:14:24,486 [pool-37-thread-1] INFO  server.RaftServerConfigKeys (ConfUtils.java:logGet(43)) - raft.server.snapshot.auto.trigger.threshold = 10000 (custom)
2019-09-27 09:14:24,486 [pool-37-thread-1] INFO  server.RaftServerConfigKeys (ConfUtils.java:logGet(43)) - raft.server.snapshot.retention.num.files = 5 (custom)
2019-09-27 09:14:24,486 [pool-37-thread-1] INFO  server.RaftServerConfigKeys (ConfUtils.java:logGet(43)) - raft.server.retrycache.expirytime = 600000ms (custom)
2019-09-27 09:14:24,504 [pool-37-thread-1] INFO  impl.RaftServerImpl (RaftServerImpl.java:start(185)) - 0821efe4-c707-4fcc-94f8-cb827e7ada87@group-186A4FA27B4F: start as a follower, conf=-1: [0821efe4-c707-4fcc-94f8-cb827e7ada87:192.168.151.103:33210], old=null
2019-09-27 09:14:24,505 [pool-37-thread-1] INFO  impl.RaftServerImpl (RaftServerImpl.java:setRole(174)) - 0821efe4-c707-4fcc-94f8-cb827e7ada87@group-186A4FA27B4F: changes role from      null to FOLLOWER at term 0 for startAsFollower
2019-09-27 09:14:24,505 [pool-37-thread-1] INFO  impl.RoleInfo (RoleInfo.java:updateAndGet(143)) - 0821efe4-c707-4fcc-94f8-cb827e7ada87: start FollowerState
2019-09-27 09:14:24,506 [pool-37-thread-1] INFO  util.JmxRegister (JmxRegister.java:tryRegister(44)) - Successfully registered JMX Bean with object name Ratis:service=RaftServer,group=group-186A4FA27B4F,id=0821efe4-c707-4fcc-94f8-cb827e7ada87
2019-09-27 09:14:24,538 [RatisPipelineUtilsThread] INFO  pipeline.PipelineStateManager (PipelineStateManager.java:addPipeline(56)) - Created pipeline Pipeline[ Id: 0deb7986-ac3b-48bc-9e3d-186a4fa27b4f, Nodes: 0821efe4-c707-4fcc-94f8-cb827e7ada87{ip: 192.168.151.103, host: pr-hdds2162-4fxhj-20988671, networkLocation: /rack1, certSerialId: null}, Type:RATIS, Factor:ONE, State:OPEN]
2019-09-27 09:14:24,553 [grpc-default-executor-0] INFO  impl.RaftServerProxy (RaftServerProxy.java:addNew(89)) - a7400050-0947-41b0-8512-caed91bc5dce: addNew group-DC1EF03DFD46:[a7400050-0947-41b0-8512-caed91bc5dce:192.168.151.103:33851] returns group-DC1EF03DFD46:java.util.concurrent.CompletableFuture@465edafd[Not completed]
2019-09-27 09:14:24,557 [pool-67-thread-1] INFO  impl.RaftServerImpl (RaftServerImpl.java:<init>(95)) - a7400050-0947-41b0-8512-caed91bc5dce: new RaftServerImpl for group-DC1EF03DFD46:[a7400050-0947-41b0-8512-caed91bc5dce:192.168.151.103:33851] with ContainerStateMachine:uninitialized
2019-09-27 09:14:24,558 [pool-67-thread-1] INFO  server.RaftServerConfigKeys (ConfUtils.java:logGet(43)) - raft.server.rpc.timeout.min = 1s (custom)
2019-09-27 09:14:24,558 [pool-67-thread-1] INFO  server.RaftServerConfigKeys (ConfUtils.java:logGet(43)) - raft.server.rpc.timeout.max = 1200ms (custom)
2019-09-27 09:14:24,558 [pool-67-thread-1] INFO  server.RaftServerConfigKeys (ConfUtils.java:logGet(43)) - raft.server.rpcslowness.timeout = 120s (custom)
2019-09-27 09:14:24,558 [pool-67-thread-1] INFO  server.RaftServerConfigKeys (ConfUtils.java:logGet(43)) - raft.server.sleep.deviation.threshold = 300 (default)
2019-09-27 09:14:24,558 [pool-67-thread-1] INFO  server.RaftServerConfigKeys (ConfUtils.java:logGet(43)) - raft.server.log.appender.install.snapshot.enabled = false (custom)
2019-09-27 09:14:24,558 [pool-67-thread-1] INFO  impl.RaftServerImpl (ServerState.java:<init>(103)) - a7400050-0947-41b0-8512-caed91bc5dce@group-DC1EF03DFD46: ConfigurationManager, init=-1: [a7400050-0947-41b0-8512-caed91bc5dce:192.168.151.103:33851], old=null, confs=<EMPTY_MAP>
2019-09-27 09:14:24,559 [pool-67-thread-1] INFO  server.RaftServerConfigKeys (ConfUtils.java:logGet(43)) - raft.server.storage.dir = [/workdir/hadoop-ozone/integration-test/target/test-dir/MiniOzoneClusterImpl-306848a7-f3db-4b9e-8a0f-7b9627716070/datanode-4/data/ratis] (custom)
2019-09-27 09:14:24,559 [pool-67-thread-1] INFO  storage.RaftStorageDirectory (RaftStorageDirectory.java:analyzeStorage(246)) - The storage directory /workdir/hadoop-ozone/integration-test/target/test-dir/MiniOzoneClusterImpl-306848a7-f3db-4b9e-8a0f-7b9627716070/datanode-4/data/ratis/126423b5-a8dd-42c2-8d7f-dc1ef03dfd46 does not exist. Creating ...
2019-09-27 09:14:24,572 [pool-67-thread-1] INFO  storage.RaftStorageDirectory (RaftStorageDirectory.java:tryLock(328)) - Lock on /workdir/hadoop-ozone/integration-test/target/test-dir/MiniOzoneClusterImpl-306848a7-f3db-4b9e-8a0f-7b9627716070/datanode-4/data/ratis/126423b5-a8dd-42c2-8d7f-dc1ef03dfd46/in_use.lock acquired by nodename 29571@pr-hdds2162-4fxhj-20988671
2019-09-27 09:14:24,585 [pool-67-thread-1] INFO  storage.RaftStorage (RaftStorage.java:format(72)) - Storage directory /workdir/hadoop-ozone/integration-test/target/test-dir/MiniOzoneClusterImpl-306848a7-f3db-4b9e-8a0f-7b9627716070/datanode-4/data/ratis/126423b5-a8dd-42c2-8d7f-dc1ef03dfd46 has been successfully formatted.
2019-09-27 09:14:24,585 [pool-67-thread-1] INFO  ratis.ContainerStateMachine (ContainerStateMachine.java:loadSnapshot(230)) - group-DC1EF03DFD46: The snapshot info is null. Setting the last applied indexto:(t:0, i:~)
2019-09-27 09:14:24,585 [pool-67-thread-1] INFO  server.RaftServerConfigKeys (ConfUtils.java:logGet(43)) - raft.server.notification.no-leader.timeout = 120s (custom)
2019-09-27 09:14:24,585 [pool-67-thread-1] INFO  server.RaftServerConfigKeys (ConfUtils.java:logGet(43)) - raft.server.log.use.memory = false (default)
2019-09-27 09:14:24,585 [pool-67-thread-1] INFO  server.RaftServerConfigKeys (ConfUtils.java:logGet(43)) - raft.server.log.purge.gap = 1000000 (custom)
2019-09-27 09:14:24,586 [pool-67-thread-1] INFO  server.RaftServerConfigKeys (ConfUtils.java:logGet(43)) - raft.server.log.appender.buffer.byte-limit = 33554432 (custom)
2019-09-27 09:14:24,586 [pool-67-thread-1] INFO  server.RaftServerConfigKeys (ConfUtils.java:logGet(43)) - raft.server.log.segment.size.max = 1048576 (custom)
2019-09-27 09:14:24,586 [pool-67-thread-1] INFO  server.RaftServerConfigKeys (ConfUtils.java:logGet(43)) - raft.server.log.segment.cache.num.max = 2 (custom)
2019-09-27 09:14:24,586 [pool-67-thread-1] INFO  segmented.SegmentedRaftLogWorker (SegmentedRaftLogWorker.java:<init>(172)) - new a7400050-0947-41b0-8512-caed91bc5dce@group-DC1EF03DFD46-SegmentedRaftLogWorker for RaftStorage:Storage Directory /workdir/hadoop-ozone/integration-test/target/test-dir/MiniOzoneClusterImpl-306848a7-f3db-4b9e-8a0f-7b9627716070/datanode-4/data/ratis/126423b5-a8dd-42c2-8d7f-dc1ef03dfd46
2019-09-27 09:14:24,588 [pool-67-thread-1] INFO  server.RaftServerConfigKeys (ConfUtils.java:logGet(43)) - raft.server.log.queue.byte-limit = 2147483647 (custom)
2019-09-27 09:14:24,588 [pool-67-thread-1] INFO  server.RaftServerConfigKeys (ConfUtils.java:logGet(43)) - raft.server.log.queue.element-limit = 1024 (custom)
2019-09-27 09:14:24,589 [pool-67-thread-1] INFO  server.RaftServerConfigKeys (ConfUtils.java:logGet(43)) - raft.server.log.segment.size.max = 1048576 (custom)
2019-09-27 09:14:24,589 [pool-67-thread-1] INFO  server.RaftServerConfigKeys (ConfUtils.java:logGet(43)) - raft.server.log.preallocated.size = 16384 (custom)
2019-09-27 09:14:24,589 [pool-67-thread-1] INFO  server.RaftServerConfigKeys (ConfUtils.java:logGet(43)) - raft.server.log.write.buffer.size = 33554432 (custom)
2019-09-27 09:14:24,589 [pool-67-thread-1] INFO  server.RaftServerConfigKeys (ConfUtils.java:logGet(43)) - raft.server.log.force.sync.num = 128 (default)
2019-09-27 09:14:24,589 [pool-67-thread-1] INFO  server.RaftServerConfigKeys (ConfUtils.java:logGet(43)) - raft.server.log.statemachine.data.sync = true (default)
2019-09-27 09:14:24,589 [pool-67-thread-1] INFO  server.RaftServerConfigKeys (ConfUtils.java:logGet(43)) - raft.server.log.statemachine.data.sync.timeout = 10s (default)
2019-09-27 09:14:24,589 [pool-67-thread-1] INFO  server.RaftServerConfigKeys (ConfUtils.java:logGet(43)) - raft.server.log.statemachine.data.sync.timeout.retry = -1 (default)
2019-09-27 09:14:24,590 [pool-67-thread-1] INFO  server.RaftServerConfigKeys (ConfUtils.java:logGet(43)) - raft.server.log.statemachine.data.caching.enabled = true (custom)
2019-09-27 09:14:24,590 [pool-67-thread-1] INFO  segmented.SegmentedRaftLogWorker (SegmentedRaftLogWorker.java:lambda$new$0(132)) - a7400050-0947-41b0-8512-caed91bc5dce@group-DC1EF03DFD46-SegmentedRaftLogWorker: flushIndex: setUnconditionally 0 -> -1
2019-09-27 09:14:24,591 [pool-67-thread-1] INFO  server.RaftServerConfigKeys (ConfUtils.java:logGet(43)) - raft.server.snapshot.auto.trigger.enabled = true (custom)
2019-09-27 09:14:24,591 [pool-67-thread-1] INFO  server.RaftServerConfigKeys (ConfUtils.java:logGet(43)) - raft.server.snapshot.auto.trigger.threshold = 10000 (custom)
2019-09-27 09:14:24,591 [pool-67-thread-1] INFO  server.RaftServerConfigKeys (ConfUtils.java:logGet(43)) - raft.server.snapshot.retention.num.files = 5 (custom)
2019-09-27 09:14:24,591 [pool-67-thread-1] INFO  server.RaftServerConfigKeys (ConfUtils.java:logGet(43)) - raft.server.retrycache.expirytime = 600000ms (custom)
2019-09-27 09:14:24,594 [pool-67-thread-1] INFO  impl.RaftServerImpl (RaftServerImpl.java:start(185)) - a7400050-0947-41b0-8512-caed91bc5dce@group-DC1EF03DFD46: start as a follower, conf=-1: [a7400050-0947-41b0-8512-caed91bc5dce:192.168.151.103:33851], old=null
2019-09-27 09:14:24,594 [pool-67-thread-1] INFO  impl.RaftServerImpl (RaftServerImpl.java:setRole(174)) - a7400050-0947-41b0-8512-caed91bc5dce@group-DC1EF03DFD46: changes role from      null to FOLLOWER at term 0 for startAsFollower
2019-09-27 09:14:24,595 [pool-67-thread-1] INFO  impl.RoleInfo (RoleInfo.java:updateAndGet(143)) - a7400050-0947-41b0-8512-caed91bc5dce: start FollowerState
2019-09-27 09:14:24,595 [pool-67-thread-1] INFO  util.JmxRegister (JmxRegister.java:tryRegister(44)) - Successfully registered JMX Bean with object name Ratis:service=RaftServer,group=group-DC1EF03DFD46,id=a7400050-0947-41b0-8512-caed91bc5dce
2019-09-27 09:14:24,615 [RatisPipelineUtilsThread] INFO  pipeline.PipelineStateManager (PipelineStateManager.java:addPipeline(56)) - Created pipeline Pipeline[ Id: 126423b5-a8dd-42c2-8d7f-dc1ef03dfd46, Nodes: a7400050-0947-41b0-8512-caed91bc5dce{ip: 192.168.151.103, host: pr-hdds2162-4fxhj-20988671, networkLocation: /rack1, certSerialId: null}, Type:RATIS, Factor:ONE, State:OPEN]
2019-09-27 09:14:24,623 [main] INFO  ozone.MiniOzoneClusterImpl (MiniOzoneClusterImpl.java:lambda$waitForClusterToBeReady$0(147)) - Cluster is ready. Got 10 of 10 DN Heartbeats.
2019-09-27 09:14:24,632 [grpc-default-executor-0] INFO  impl.RaftServerProxy (RaftServerProxy.java:addNew(89)) - d31f9c36-f111-497e-b7b9-765da331cca9: addNew group-00187214588B:[d31f9c36-f111-497e-b7b9-765da331cca9:192.168.151.103:34138] returns group-00187214588B:java.util.concurrent.CompletableFuture@a15b1b7[Not completed]
2019-09-27 09:14:24,637 [pool-77-thread-1] INFO  impl.RaftServerImpl (RaftServerImpl.java:<init>(95)) - d31f9c36-f111-497e-b7b9-765da331cca9: new RaftServerImpl for group-00187214588B:[d31f9c36-f111-497e-b7b9-765da331cca9:192.168.151.103:34138] with ContainerStateMachine:uninitialized
2019-09-27 09:14:24,638 [pool-77-thread-1] INFO  server.RaftServerConfigKeys (ConfUtils.java:logGet(43)) - raft.server.rpc.timeout.min = 1s (custom)
2019-09-27 09:14:24,638 [pool-77-thread-1] INFO  server.RaftServerConfigKeys (ConfUtils.java:logGet(43)) - raft.server.rpc.timeout.max = 1200ms (custom)
2019-09-27 09:14:24,638 [pool-77-thread-1] INFO  server.RaftServerConfigKeys (ConfUtils.java:logGet(43)) - raft.server.rpcslowness.timeout = 120s (custom)
2019-09-27 09:14:24,638 [pool-77-thread-1] INFO  server.RaftServerConfigKeys (ConfUtils.java:logGet(43)) - raft.server.sleep.deviation.threshold = 300 (default)
2019-09-27 09:14:24,638 [pool-77-thread-1] INFO  server.RaftServerConfigKeys (ConfUtils.java:logGet(43)) - raft.server.log.appender.install.snapshot.enabled = false (custom)
2019-09-27 09:14:24,638 [pool-77-thread-1] INFO  impl.RaftServerImpl (ServerState.java:<init>(103)) - d31f9c36-f111-497e-b7b9-765da331cca9@group-00187214588B: ConfigurationManager, init=-1: [d31f9c36-f111-497e-b7b9-765da331cca9:192.168.151.103:34138], old=null, confs=<EMPTY_MAP>
2019-09-27 09:14:24,638 [pool-77-thread-1] INFO  server.RaftServerConfigKeys (ConfUtils.java:logGet(43)) - raft.server.storage.dir = [/workdir/hadoop-ozone/integration-test/target/test-dir/MiniOzoneClusterImpl-306848a7-f3db-4b9e-8a0f-7b9627716070/datanode-5/data/ratis] (custom)
2019-09-27 09:14:24,639 [pool-77-thread-1] INFO  storage.RaftStorageDirectory (RaftStorageDirectory.java:analyzeStorage(246)) - The storage directory /workdir/hadoop-ozone/integration-test/target/test-dir/MiniOzoneClusterImpl-306848a7-f3db-4b9e-8a0f-7b9627716070/datanode-5/data/ratis/911a8c86-41c6-45d8-8cd4-00187214588b does not exist. Creating ...
2019-09-27 09:14:24,652 [pool-77-thread-1] INFO  storage.RaftStorageDirectory (RaftStorageDirectory.java:tryLock(328)) - Lock on /workdir/hadoop-ozone/integration-test/target/test-dir/MiniOzoneClusterImpl-306848a7-f3db-4b9e-8a0f-7b9627716070/datanode-5/data/ratis/911a8c86-41c6-45d8-8cd4-00187214588b/in_use.lock acquired by nodename 29571@pr-hdds2162-4fxhj-20988671
2019-09-27 09:14:24,665 [pool-77-thread-1] INFO  storage.RaftStorage (RaftStorage.java:format(72)) - Storage directory /workdir/hadoop-ozone/integration-test/target/test-dir/MiniOzoneClusterImpl-306848a7-f3db-4b9e-8a0f-7b9627716070/datanode-5/data/ratis/911a8c86-41c6-45d8-8cd4-00187214588b has been successfully formatted.
2019-09-27 09:14:24,665 [pool-77-thread-1] INFO  ratis.ContainerStateMachine (ContainerStateMachine.java:loadSnapshot(230)) - group-00187214588B: The snapshot info is null. Setting the last applied indexto:(t:0, i:~)
2019-09-27 09:14:24,665 [pool-77-thread-1] INFO  server.RaftServerConfigKeys (ConfUtils.java:logGet(43)) - raft.server.notification.no-leader.timeout = 120s (custom)
2019-09-27 09:14:24,665 [pool-77-thread-1] INFO  server.RaftServerConfigKeys (ConfUtils.java:logGet(43)) - raft.server.log.use.memory = false (default)
2019-09-27 09:14:24,666 [pool-77-thread-1] INFO  server.RaftServerConfigKeys (ConfUtils.java:logGet(43)) - raft.server.log.purge.gap = 1000000 (custom)
2019-09-27 09:14:24,666 [pool-77-thread-1] INFO  server.RaftServerConfigKeys (ConfUtils.java:logGet(43)) - raft.server.log.appender.buffer.byte-limit = 33554432 (custom)
2019-09-27 09:14:24,666 [pool-77-thread-1] INFO  server.RaftServerConfigKeys (ConfUtils.java:logGet(43)) - raft.server.log.segment.size.max = 1048576 (custom)
2019-09-27 09:14:24,666 [pool-77-thread-1] INFO  server.RaftServerConfigKeys (ConfUtils.java:logGet(43)) - raft.server.log.segment.cache.num.max = 2 (custom)
2019-09-27 09:14:24,666 [pool-77-thread-1] INFO  segmented.SegmentedRaftLogWorker (SegmentedRaftLogWorker.java:<init>(172)) - new d31f9c36-f111-497e-b7b9-765da331cca9@group-00187214588B-SegmentedRaftLogWorker for RaftStorage:Storage Directory /workdir/hadoop-ozone/integration-test/target/test-dir/MiniOzoneClusterImpl-306848a7-f3db-4b9e-8a0f-7b9627716070/datanode-5/data/ratis/911a8c86-41c6-45d8-8cd4-00187214588b
2019-09-27 09:14:24,673 [pool-77-thread-1] INFO  server.RaftServerConfigKeys (ConfUtils.java:logGet(43)) - raft.server.log.queue.byte-limit = 2147483647 (custom)
2019-09-27 09:14:24,673 [pool-77-thread-1] INFO  server.RaftServerConfigKeys (ConfUtils.java:logGet(43)) - raft.server.log.queue.element-limit = 1024 (custom)
2019-09-27 09:14:24,673 [pool-77-thread-1] INFO  server.RaftServerConfigKeys (ConfUtils.java:logGet(43)) - raft.server.log.segment.size.max = 1048576 (custom)
2019-09-27 09:14:24,673 [pool-77-thread-1] INFO  server.RaftServerConfigKeys (ConfUtils.java:logGet(43)) - raft.server.log.preallocated.size = 16384 (custom)
2019-09-27 09:14:24,673 [pool-77-thread-1] INFO  server.RaftServerConfigKeys (ConfUtils.java:logGet(43)) - raft.server.log.write.buffer.size = 33554432 (custom)
2019-09-27 09:14:24,673 [pool-77-thread-1] INFO  server.RaftServerConfigKeys (ConfUtils.java:logGet(43)) - raft.server.log.force.sync.num = 128 (default)
2019-09-27 09:14:24,674 [pool-77-thread-1] INFO  server.RaftServerConfigKeys (ConfUtils.java:logGet(43)) - raft.server.log.statemachine.data.sync = true (default)
2019-09-27 09:14:24,674 [pool-77-thread-1] INFO  server.RaftServerConfigKeys (ConfUtils.java:logGet(43)) - raft.server.log.statemachine.data.sync.timeout = 10s (default)
2019-09-27 09:14:24,674 [pool-77-thread-1] INFO  server.RaftServerConfigKeys (ConfUtils.java:logGet(43)) - raft.server.log.statemachine.data.sync.timeout.retry = -1 (default)
2019-09-27 09:14:24,674 [pool-77-thread-1] INFO  server.RaftServerConfigKeys (ConfUtils.java:logGet(43)) - raft.server.log.statemachine.data.caching.enabled = true (custom)
2019-09-27 09:14:24,675 [pool-77-thread-1] INFO  segmented.SegmentedRaftLogWorker (SegmentedRaftLogWorker.java:lambda$new$0(132)) - d31f9c36-f111-497e-b7b9-765da331cca9@group-00187214588B-SegmentedRaftLogWorker: flushIndex: setUnconditionally 0 -> -1
2019-09-27 09:14:24,675 [pool-77-thread-1] INFO  server.RaftServerConfigKeys (ConfUtils.java:logGet(43)) - raft.server.snapshot.auto.trigger.enabled = true (custom)
2019-09-27 09:14:24,676 [pool-77-thread-1] INFO  server.RaftServerConfigKeys (ConfUtils.java:logGet(43)) - raft.server.snapshot.auto.trigger.threshold = 10000 (custom)
2019-09-27 09:14:24,676 [pool-77-thread-1] INFO  server.RaftServerConfigKeys (ConfUtils.java:logGet(43)) - raft.server.snapshot.retention.num.files = 5 (custom)
2019-09-27 09:14:24,679 [pool-77-thread-1] INFO  server.RaftServerConfigKeys (ConfUtils.java:logGet(43)) - raft.server.retrycache.expirytime = 600000ms (custom)
2019-09-27 09:14:24,682 [pool-77-thread-1] INFO  impl.RaftServerImpl (RaftServerImpl.java:start(185)) - d31f9c36-f111-497e-b7b9-765da331cca9@group-00187214588B: start as a follower, conf=-1: [d31f9c36-f111-497e-b7b9-765da331cca9:192.168.151.103:34138], old=null
2019-09-27 09:14:24,682 [pool-77-thread-1] INFO  impl.RaftServerImpl (RaftServerImpl.java:setRole(174)) - d31f9c36-f111-497e-b7b9-765da331cca9@group-00187214588B: changes role from      null to FOLLOWER at term 0 for startAsFollower
2019-09-27 09:14:24,682 [pool-77-thread-1] INFO  impl.RoleInfo (RoleInfo.java:updateAndGet(143)) - d31f9c36-f111-497e-b7b9-765da331cca9: start FollowerState
2019-09-27 09:14:24,683 [pool-77-thread-1] INFO  util.JmxRegister (JmxRegister.java:tryRegister(44)) - Successfully registered JMX Bean with object name Ratis:service=RaftServer,group=group-00187214588B,id=d31f9c36-f111-497e-b7b9-765da331cca9
2019-09-27 09:14:24,693 [RatisPipelineUtilsThread] INFO  pipeline.PipelineStateManager (PipelineStateManager.java:addPipeline(56)) - Created pipeline Pipeline[ Id: 911a8c86-41c6-45d8-8cd4-00187214588b, Nodes: d31f9c36-f111-497e-b7b9-765da331cca9{ip: 192.168.151.103, host: pr-hdds2162-4fxhj-20988671, networkLocation: /rack1, certSerialId: null}, Type:RATIS, Factor:ONE, State:OPEN]
2019-09-27 09:14:24,713 [grpc-default-executor-0] INFO  impl.RaftServerProxy (RaftServerProxy.java:addNew(89)) - b93e8517-84f8-4f68-bef3-e117f2a0c787: addNew group-FAA1371BD231:[b93e8517-84f8-4f68-bef3-e117f2a0c787:192.168.151.103:46577] returns group-FAA1371BD231:java.util.concurrent.CompletableFuture@1d55a769[Not completed]
2019-09-27 09:14:24,718 [pool-97-thread-1] INFO  impl.RaftServerImpl (RaftServerImpl.java:<init>(95)) - b93e8517-84f8-4f68-bef3-e117f2a0c787: new RaftServerImpl for group-FAA1371BD231:[b93e8517-84f8-4f68-bef3-e117f2a0c787:192.168.151.103:46577] with ContainerStateMachine:uninitialized
2019-09-27 09:14:24,718 [pool-97-thread-1] INFO  server.RaftServerConfigKeys (ConfUtils.java:logGet(43)) - raft.server.rpc.timeout.min = 1s (custom)
2019-09-27 09:14:24,718 [pool-97-thread-1] INFO  server.RaftServerConfigKeys (ConfUtils.java:logGet(43)) - raft.server.rpc.timeout.max = 1200ms (custom)
2019-09-27 09:14:24,718 [pool-97-thread-1] INFO  server.RaftServerConfigKeys (ConfUtils.java:logGet(43)) - raft.server.rpcslowness.timeout = 120s (custom)
2019-09-27 09:14:24,719 [pool-97-thread-1] INFO  server.RaftServerConfigKeys (ConfUtils.java:logGet(43)) - raft.server.sleep.deviation.threshold = 300 (default)
2019-09-27 09:14:24,719 [pool-97-thread-1] INFO  server.RaftServerConfigKeys (ConfUtils.java:logGet(43)) - raft.server.log.appender.install.snapshot.enabled = false (custom)
2019-09-27 09:14:24,719 [pool-97-thread-1] INFO  impl.RaftServerImpl (ServerState.java:<init>(103)) - b93e8517-84f8-4f68-bef3-e117f2a0c787@group-FAA1371BD231: ConfigurationManager, init=-1: [b93e8517-84f8-4f68-bef3-e117f2a0c787:192.168.151.103:46577], old=null, confs=<EMPTY_MAP>
2019-09-27 09:14:24,719 [pool-97-thread-1] INFO  server.RaftServerConfigKeys (ConfUtils.java:logGet(43)) - raft.server.storage.dir = [/workdir/hadoop-ozone/integration-test/target/test-dir/MiniOzoneClusterImpl-306848a7-f3db-4b9e-8a0f-7b9627716070/datanode-7/data/ratis] (custom)
2019-09-27 09:14:24,719 [pool-97-thread-1] INFO  storage.RaftStorageDirectory (RaftStorageDirectory.java:analyzeStorage(246)) - The storage directory /workdir/hadoop-ozone/integration-test/target/test-dir/MiniOzoneClusterImpl-306848a7-f3db-4b9e-8a0f-7b9627716070/datanode-7/data/ratis/c5f07b5a-7117-4845-8fc5-faa1371bd231 does not exist. Creating ...
2019-09-27 09:14:24,732 [pool-97-thread-1] INFO  storage.RaftStorageDirectory (RaftStorageDirectory.java:tryLock(328)) - Lock on /workdir/hadoop-ozone/integration-test/target/test-dir/MiniOzoneClusterImpl-306848a7-f3db-4b9e-8a0f-7b9627716070/datanode-7/data/ratis/c5f07b5a-7117-4845-8fc5-faa1371bd231/in_use.lock acquired by nodename 29571@pr-hdds2162-4fxhj-20988671
2019-09-27 09:14:24,744 [pool-97-thread-1] INFO  storage.RaftStorage (RaftStorage.java:format(72)) - Storage directory /workdir/hadoop-ozone/integration-test/target/test-dir/MiniOzoneClusterImpl-306848a7-f3db-4b9e-8a0f-7b9627716070/datanode-7/data/ratis/c5f07b5a-7117-4845-8fc5-faa1371bd231 has been successfully formatted.
2019-09-27 09:14:24,745 [pool-97-thread-1] INFO  ratis.ContainerStateMachine (ContainerStateMachine.java:loadSnapshot(230)) - group-FAA1371BD231: The snapshot info is null. Setting the last applied indexto:(t:0, i:~)
2019-09-27 09:14:24,745 [pool-97-thread-1] INFO  server.RaftServerConfigKeys (ConfUtils.java:logGet(43)) - raft.server.notification.no-leader.timeout = 120s (custom)
2019-09-27 09:14:24,745 [pool-97-thread-1] INFO  server.RaftServerConfigKeys (ConfUtils.java:logGet(43)) - raft.server.log.use.memory = false (default)
2019-09-27 09:14:24,745 [pool-97-thread-1] INFO  server.RaftServerConfigKeys (ConfUtils.java:logGet(43)) - raft.server.log.purge.gap = 1000000 (custom)
2019-09-27 09:14:24,745 [pool-97-thread-1] INFO  server.RaftServerConfigKeys (ConfUtils.java:logGet(43)) - raft.server.log.appender.buffer.byte-limit = 33554432 (custom)
2019-09-27 09:14:24,745 [pool-97-thread-1] INFO  server.RaftServerConfigKeys (ConfUtils.java:logGet(43)) - raft.server.log.segment.size.max = 1048576 (custom)
2019-09-27 09:14:24,745 [pool-97-thread-1] INFO  server.RaftServerConfigKeys (ConfUtils.java:logGet(43)) - raft.server.log.segment.cache.num.max = 2 (custom)
2019-09-27 09:14:24,745 [pool-97-thread-1] INFO  segmented.SegmentedRaftLogWorker (SegmentedRaftLogWorker.java:<init>(172)) - new b93e8517-84f8-4f68-bef3-e117f2a0c787@group-FAA1371BD231-SegmentedRaftLogWorker for RaftStorage:Storage Directory /workdir/hadoop-ozone/integration-test/target/test-dir/MiniOzoneClusterImpl-306848a7-f3db-4b9e-8a0f-7b9627716070/datanode-7/data/ratis/c5f07b5a-7117-4845-8fc5-faa1371bd231
2019-09-27 09:14:24,747 [pool-97-thread-1] INFO  server.RaftServerConfigKeys (ConfUtils.java:logGet(43)) - raft.server.log.queue.byte-limit = 2147483647 (custom)
2019-09-27 09:14:24,747 [pool-97-thread-1] INFO  server.RaftServerConfigKeys (ConfUtils.java:logGet(43)) - raft.server.log.queue.element-limit = 1024 (custom)
2019-09-27 09:14:24,747 [pool-97-thread-1] INFO  server.RaftServerConfigKeys (ConfUtils.java:logGet(43)) - raft.server.log.segment.size.max = 1048576 (custom)
2019-09-27 09:14:24,747 [pool-97-thread-1] INFO  server.RaftServerConfigKeys (ConfUtils.java:logGet(43)) - raft.server.log.preallocated.size = 16384 (custom)
2019-09-27 09:14:24,748 [pool-97-thread-1] INFO  server.RaftServerConfigKeys (ConfUtils.java:logGet(43)) - raft.server.log.write.buffer.size = 33554432 (custom)
2019-09-27 09:14:24,748 [pool-97-thread-1] INFO  server.RaftServerConfigKeys (ConfUtils.java:logGet(43)) - raft.server.log.force.sync.num = 128 (default)
2019-09-27 09:14:24,748 [pool-97-thread-1] INFO  server.RaftServerConfigKeys (ConfUtils.java:logGet(43)) - raft.server.log.statemachine.data.sync = true (default)
2019-09-27 09:14:24,748 [pool-97-thread-1] INFO  server.RaftServerConfigKeys (ConfUtils.java:logGet(43)) - raft.server.log.statemachine.data.sync.timeout = 10s (default)
2019-09-27 09:14:24,748 [pool-97-thread-1] INFO  server.RaftServerConfigKeys (ConfUtils.java:logGet(43)) - raft.server.log.statemachine.data.sync.timeout.retry = -1 (default)
2019-09-27 09:14:24,748 [pool-97-thread-1] INFO  server.RaftServerConfigKeys (ConfUtils.java:logGet(43)) - raft.server.log.statemachine.data.caching.enabled = true (custom)
2019-09-27 09:14:24,748 [pool-97-thread-1] INFO  segmented.SegmentedRaftLogWorker (SegmentedRaftLogWorker.java:lambda$new$0(132)) - b93e8517-84f8-4f68-bef3-e117f2a0c787@group-FAA1371BD231-SegmentedRaftLogWorker: flushIndex: setUnconditionally 0 -> -1
2019-09-27 09:14:24,749 [pool-97-thread-1] INFO  server.RaftServerConfigKeys (ConfUtils.java:logGet(43)) - raft.server.snapshot.auto.trigger.enabled = true (custom)
2019-09-27 09:14:24,749 [pool-97-thread-1] INFO  server.RaftServerConfigKeys (ConfUtils.java:logGet(43)) - raft.server.snapshot.auto.trigger.threshold = 10000 (custom)
2019-09-27 09:14:24,749 [pool-97-thread-1] INFO  server.RaftServerConfigKeys (ConfUtils.java:logGet(43)) - raft.server.snapshot.retention.num.files = 5 (custom)
2019-09-27 09:14:24,749 [pool-97-thread-1] INFO  server.RaftServerConfigKeys (ConfUtils.java:logGet(43)) - raft.server.retrycache.expirytime = 600000ms (custom)
2019-09-27 09:14:24,751 [pool-97-thread-1] INFO  impl.RaftServerImpl (RaftServerImpl.java:start(185)) - b93e8517-84f8-4f68-bef3-e117f2a0c787@group-FAA1371BD231: start as a follower, conf=-1: [b93e8517-84f8-4f68-bef3-e117f2a0c787:192.168.151.103:46577], old=null
2019-09-27 09:14:24,751 [pool-97-thread-1] INFO  impl.RaftServerImpl (RaftServerImpl.java:setRole(174)) - b93e8517-84f8-4f68-bef3-e117f2a0c787@group-FAA1371BD231: changes role from      null to FOLLOWER at term 0 for startAsFollower
2019-09-27 09:14:24,751 [pool-97-thread-1] INFO  impl.RoleInfo (RoleInfo.java:updateAndGet(143)) - b93e8517-84f8-4f68-bef3-e117f2a0c787: start FollowerState
2019-09-27 09:14:24,751 [pool-97-thread-1] INFO  util.JmxRegister (JmxRegister.java:tryRegister(44)) - Successfully registered JMX Bean with object name Ratis:service=RaftServer,group=group-FAA1371BD231,id=b93e8517-84f8-4f68-bef3-e117f2a0c787
2019-09-27 09:14:24,771 [RatisPipelineUtilsThread] INFO  pipeline.PipelineStateManager (PipelineStateManager.java:addPipeline(56)) - Created pipeline Pipeline[ Id: c5f07b5a-7117-4845-8fc5-faa1371bd231, Nodes: b93e8517-84f8-4f68-bef3-e117f2a0c787{ip: 192.168.151.103, host: pr-hdds2162-4fxhj-20988671, networkLocation: /rack1, certSerialId: null}, Type:RATIS, Factor:ONE, State:OPEN]
2019-09-27 09:14:24,795 [grpc-default-executor-0] INFO  impl.RaftServerProxy (RaftServerProxy.java:addNew(89)) - 4916977c-f509-42a3-882a-78b49d0e3baf: addNew group-F50C95E09A97:[4916977c-f509-42a3-882a-78b49d0e3baf:192.168.151.103:37593] returns group-F50C95E09A97:java.util.concurrent.CompletableFuture@551aaa85[Not completed]
2019-09-27 09:14:24,804 [pool-57-thread-1] INFO  impl.RaftServerImpl (RaftServerImpl.java:<init>(95)) - 4916977c-f509-42a3-882a-78b49d0e3baf: new RaftServerImpl for group-F50C95E09A97:[4916977c-f509-42a3-882a-78b49d0e3baf:192.168.151.103:37593] with ContainerStateMachine:uninitialized
2019-09-27 09:14:24,804 [pool-57-thread-1] INFO  server.RaftServerConfigKeys (ConfUtils.java:logGet(43)) - raft.server.rpc.timeout.min = 1s (custom)
2019-09-27 09:14:24,804 [pool-57-thread-1] INFO  server.RaftServerConfigKeys (ConfUtils.java:logGet(43)) - raft.server.rpc.timeout.max = 1200ms (custom)
2019-09-27 09:14:24,805 [pool-57-thread-1] INFO  server.RaftServerConfigKeys (ConfUtils.java:logGet(43)) - raft.server.rpcslowness.timeout = 120s (custom)
2019-09-27 09:14:24,805 [pool-57-thread-1] INFO  server.RaftServerConfigKeys (ConfUtils.java:logGet(43)) - raft.server.sleep.deviation.threshold = 300 (default)
2019-09-27 09:14:24,805 [pool-57-thread-1] INFO  server.RaftServerConfigKeys (ConfUtils.java:logGet(43)) - raft.server.log.appender.install.snapshot.enabled = false (custom)
2019-09-27 09:14:24,805 [pool-57-thread-1] INFO  impl.RaftServerImpl (ServerState.java:<init>(103)) - 4916977c-f509-42a3-882a-78b49d0e3baf@group-F50C95E09A97: ConfigurationManager, init=-1: [4916977c-f509-42a3-882a-78b49d0e3baf:192.168.151.103:37593], old=null, confs=<EMPTY_MAP>
2019-09-27 09:14:24,805 [pool-57-thread-1] INFO  server.RaftServerConfigKeys (ConfUtils.java:logGet(43)) - raft.server.storage.dir = [/workdir/hadoop-ozone/integration-test/target/test-dir/MiniOzoneClusterImpl-306848a7-f3db-4b9e-8a0f-7b9627716070/datanode-3/data/ratis] (custom)
2019-09-27 09:14:24,806 [pool-57-thread-1] INFO  storage.RaftStorageDirectory (RaftStorageDirectory.java:analyzeStorage(246)) - The storage directory /workdir/hadoop-ozone/integration-test/target/test-dir/MiniOzoneClusterImpl-306848a7-f3db-4b9e-8a0f-7b9627716070/datanode-3/data/ratis/3e78cf6d-1e19-43fe-87ab-f50c95e09a97 does not exist. Creating ...
2019-09-27 09:14:24,819 [pool-57-thread-1] INFO  storage.RaftStorageDirectory (RaftStorageDirectory.java:tryLock(328)) - Lock on /workdir/hadoop-ozone/integration-test/target/test-dir/MiniOzoneClusterImpl-306848a7-f3db-4b9e-8a0f-7b9627716070/datanode-3/data/ratis/3e78cf6d-1e19-43fe-87ab-f50c95e09a97/in_use.lock acquired by nodename 29571@pr-hdds2162-4fxhj-20988671
2019-09-27 09:14:24,839 [pool-57-thread-1] INFO  storage.RaftStorage (RaftStorage.java:format(72)) - Storage directory /workdir/hadoop-ozone/integration-test/target/test-dir/MiniOzoneClusterImpl-306848a7-f3db-4b9e-8a0f-7b9627716070/datanode-3/data/ratis/3e78cf6d-1e19-43fe-87ab-f50c95e09a97 has been successfully formatted.
2019-09-27 09:14:24,839 [pool-57-thread-1] INFO  ratis.ContainerStateMachine (ContainerStateMachine.java:loadSnapshot(230)) - group-F50C95E09A97: The snapshot info is null. Setting the last applied indexto:(t:0, i:~)
2019-09-27 09:14:24,839 [pool-57-thread-1] INFO  server.RaftServerConfigKeys (ConfUtils.java:logGet(43)) - raft.server.notification.no-leader.timeout = 120s (custom)
2019-09-27 09:14:24,839 [pool-57-thread-1] INFO  server.RaftServerConfigKeys (ConfUtils.java:logGet(43)) - raft.server.log.use.memory = false (default)
2019-09-27 09:14:24,839 [pool-57-thread-1] INFO  server.RaftServerConfigKeys (ConfUtils.java:logGet(43)) - raft.server.log.purge.gap = 1000000 (custom)
2019-09-27 09:14:24,840 [pool-57-thread-1] INFO  server.RaftServerConfigKeys (ConfUtils.java:logGet(43)) - raft.server.log.appender.buffer.byte-limit = 33554432 (custom)
2019-09-27 09:14:24,842 [pool-57-thread-1] INFO  server.RaftServerConfigKeys (ConfUtils.java:logGet(43)) - raft.server.log.segment.size.max = 1048576 (custom)
2019-09-27 09:14:24,843 [pool-57-thread-1] INFO  server.RaftServerConfigKeys (ConfUtils.java:logGet(43)) - raft.server.log.segment.cache.num.max = 2 (custom)
2019-09-27 09:14:24,843 [pool-57-thread-1] INFO  segmented.SegmentedRaftLogWorker (SegmentedRaftLogWorker.java:<init>(172)) - new 4916977c-f509-42a3-882a-78b49d0e3baf@group-F50C95E09A97-SegmentedRaftLogWorker for RaftStorage:Storage Directory /workdir/hadoop-ozone/integration-test/target/test-dir/MiniOzoneClusterImpl-306848a7-f3db-4b9e-8a0f-7b9627716070/datanode-3/data/ratis/3e78cf6d-1e19-43fe-87ab-f50c95e09a97
2019-09-27 09:14:24,845 [pool-57-thread-1] INFO  server.RaftServerConfigKeys (ConfUtils.java:logGet(43)) - raft.server.log.queue.byte-limit = 2147483647 (custom)
2019-09-27 09:14:24,846 [pool-57-thread-1] INFO  server.RaftServerConfigKeys (ConfUtils.java:logGet(43)) - raft.server.log.queue.element-limit = 1024 (custom)
2019-09-27 09:14:24,846 [pool-57-thread-1] INFO  server.RaftServerConfigKeys (ConfUtils.java:logGet(43)) - raft.server.log.segment.size.max = 1048576 (custom)
2019-09-27 09:14:24,846 [pool-57-thread-1] INFO  server.RaftServerConfigKeys (ConfUtils.java:logGet(43)) - raft.server.log.preallocated.size = 16384 (custom)
2019-09-27 09:14:24,846 [pool-57-thread-1] INFO  server.RaftServerConfigKeys (ConfUtils.java:logGet(43)) - raft.server.log.write.buffer.size = 33554432 (custom)
2019-09-27 09:14:24,849 [pool-57-thread-1] INFO  server.RaftServerConfigKeys (ConfUtils.java:logGet(43)) - raft.server.log.force.sync.num = 128 (default)
2019-09-27 09:14:24,849 [pool-57-thread-1] INFO  server.RaftServerConfigKeys (ConfUtils.java:logGet(43)) - raft.server.log.statemachine.data.sync = true (default)
2019-09-27 09:14:24,849 [pool-57-thread-1] INFO  server.RaftServerConfigKeys (ConfUtils.java:logGet(43)) - raft.server.log.statemachine.data.sync.timeout = 10s (default)
2019-09-27 09:14:24,849 [pool-57-thread-1] INFO  server.RaftServerConfigKeys (ConfUtils.java:logGet(43)) - raft.server.log.statemachine.data.sync.timeout.retry = -1 (default)
2019-09-27 09:14:24,850 [pool-57-thread-1] INFO  server.RaftServerConfigKeys (ConfUtils.java:logGet(43)) - raft.server.log.statemachine.data.caching.enabled = true (custom)
2019-09-27 09:14:24,850 [pool-57-thread-1] INFO  segmented.SegmentedRaftLogWorker (SegmentedRaftLogWorker.java:lambda$new$0(132)) - 4916977c-f509-42a3-882a-78b49d0e3baf@group-F50C95E09A97-SegmentedRaftLogWorker: flushIndex: setUnconditionally 0 -> -1
2019-09-27 09:14:24,850 [pool-57-thread-1] INFO  server.RaftServerConfigKeys (ConfUtils.java:logGet(43)) - raft.server.snapshot.auto.trigger.enabled = true (custom)
2019-09-27 09:14:24,851 [pool-57-thread-1] INFO  server.RaftServerConfigKeys (ConfUtils.java:logGet(43)) - raft.server.snapshot.auto.trigger.threshold = 10000 (custom)
2019-09-27 09:14:24,851 [pool-57-thread-1] INFO  server.RaftServerConfigKeys (ConfUtils.java:logGet(43)) - raft.server.snapshot.retention.num.files = 5 (custom)
2019-09-27 09:14:24,851 [pool-57-thread-1] INFO  server.RaftServerConfigKeys (ConfUtils.java:logGet(43)) - raft.server.retrycache.expirytime = 600000ms (custom)
2019-09-27 09:14:24,854 [pool-57-thread-1] INFO  impl.RaftServerImpl (RaftServerImpl.java:start(185)) - 4916977c-f509-42a3-882a-78b49d0e3baf@group-F50C95E09A97: start as a follower, conf=-1: [4916977c-f509-42a3-882a-78b49d0e3baf:192.168.151.103:37593], old=null
2019-09-27 09:14:24,854 [pool-57-thread-1] INFO  impl.RaftServerImpl (RaftServerImpl.java:setRole(174)) - 4916977c-f509-42a3-882a-78b49d0e3baf@group-F50C95E09A97: changes role from      null to FOLLOWER at term 0 for startAsFollower
2019-09-27 09:14:24,854 [pool-57-thread-1] INFO  impl.RoleInfo (RoleInfo.java:updateAndGet(143)) - 4916977c-f509-42a3-882a-78b49d0e3baf: start FollowerState
2019-09-27 09:14:24,854 [pool-57-thread-1] INFO  util.JmxRegister (JmxRegister.java:tryRegister(44)) - Successfully registered JMX Bean with object name Ratis:service=RaftServer,group=group-F50C95E09A97,id=4916977c-f509-42a3-882a-78b49d0e3baf
2019-09-27 09:14:24,868 [RatisPipelineUtilsThread] INFO  pipeline.PipelineStateManager (PipelineStateManager.java:addPipeline(56)) - Created pipeline Pipeline[ Id: 3e78cf6d-1e19-43fe-87ab-f50c95e09a97, Nodes: 4916977c-f509-42a3-882a-78b49d0e3baf{ip: 192.168.151.103, host: pr-hdds2162-4fxhj-20988671, networkLocation: /rack1, certSerialId: null}, Type:RATIS, Factor:ONE, State:OPEN]
2019-09-27 09:14:24,901 [grpc-default-executor-1] INFO  impl.RaftServerProxy (RaftServerProxy.java:addNew(89)) - e31a64e7-7f72-4df5-b5f7-b27bcc72e3f7: addNew group-99BA15B9EFBE:[61fa1b65-b974-45b4-9851-06f065a159ca:192.168.151.103:33766, 6bbd184a-0336-4d81-9e16-b14f69eef1c7:192.168.151.103:36847, e31a64e7-7f72-4df5-b5f7-b27bcc72e3f7:192.168.151.103:40680] returns group-99BA15B9EFBE:java.util.concurrent.CompletableFuture@2a008a31[Not completed]
2019-09-27 09:14:24,901 [grpc-default-executor-0] INFO  impl.RaftServerProxy (RaftServerProxy.java:addNew(89)) - 61fa1b65-b974-45b4-9851-06f065a159ca: addNew group-99BA15B9EFBE:[61fa1b65-b974-45b4-9851-06f065a159ca:192.168.151.103:33766, 6bbd184a-0336-4d81-9e16-b14f69eef1c7:192.168.151.103:36847, e31a64e7-7f72-4df5-b5f7-b27bcc72e3f7:192.168.151.103:40680] returns group-99BA15B9EFBE:java.util.concurrent.CompletableFuture@e6ea1b8[Not completed]
2019-09-27 09:14:24,902 [grpc-default-executor-2] INFO  impl.RaftServerProxy (RaftServerProxy.java:addNew(89)) - 6bbd184a-0336-4d81-9e16-b14f69eef1c7: addNew group-99BA15B9EFBE:[61fa1b65-b974-45b4-9851-06f065a159ca:192.168.151.103:33766, 6bbd184a-0336-4d81-9e16-b14f69eef1c7:192.168.151.103:36847, e31a64e7-7f72-4df5-b5f7-b27bcc72e3f7:192.168.151.103:40680] returns group-99BA15B9EFBE:java.util.concurrent.CompletableFuture@13ebe58b[Not completed]
2019-09-27 09:14:24,902 [pool-47-thread-1] INFO  impl.RaftServerImpl (RaftServerImpl.java:<init>(95)) - e31a64e7-7f72-4df5-b5f7-b27bcc72e3f7: new RaftServerImpl for group-99BA15B9EFBE:[61fa1b65-b974-45b4-9851-06f065a159ca:192.168.151.103:33766, 6bbd184a-0336-4d81-9e16-b14f69eef1c7:192.168.151.103:36847, e31a64e7-7f72-4df5-b5f7-b27bcc72e3f7:192.168.151.103:40680] with ContainerStateMachine:uninitialized
2019-09-27 09:14:24,902 [pool-47-thread-1] INFO  server.RaftServerConfigKeys (ConfUtils.java:logGet(43)) - raft.server.rpc.timeout.min = 1s (custom)
2019-09-27 09:14:24,903 [pool-47-thread-1] INFO  server.RaftServerConfigKeys (ConfUtils.java:logGet(43)) - raft.server.rpc.timeout.max = 1200ms (custom)
2019-09-27 09:14:24,903 [pool-47-thread-1] INFO  server.RaftServerConfigKeys (ConfUtils.java:logGet(43)) - raft.server.rpcslowness.timeout = 120s (custom)
2019-09-27 09:14:24,903 [pool-117-thread-1] INFO  impl.RaftServerImpl (RaftServerImpl.java:<init>(95)) - 6bbd184a-0336-4d81-9e16-b14f69eef1c7: new RaftServerImpl for group-99BA15B9EFBE:[61fa1b65-b974-45b4-9851-06f065a159ca:192.168.151.103:33766, 6bbd184a-0336-4d81-9e16-b14f69eef1c7:192.168.151.103:36847, e31a64e7-7f72-4df5-b5f7-b27bcc72e3f7:192.168.151.103:40680] with ContainerStateMachine:uninitialized
2019-09-27 09:14:24,903 [pool-47-thread-1] INFO  server.RaftServerConfigKeys (ConfUtils.java:logGet(43)) - raft.server.sleep.deviation.threshold = 300 (default)
2019-09-27 09:14:24,903 [pool-117-thread-1] INFO  server.RaftServerConfigKeys (ConfUtils.java:logGet(43)) - raft.server.rpc.timeout.min = 1s (custom)
2019-09-27 09:14:24,903 [pool-47-thread-1] INFO  server.RaftServerConfigKeys (ConfUtils.java:logGet(43)) - raft.server.log.appender.install.snapshot.enabled = false (custom)
2019-09-27 09:14:24,903 [pool-87-thread-1] INFO  impl.RaftServerImpl (RaftServerImpl.java:<init>(95)) - 61fa1b65-b974-45b4-9851-06f065a159ca: new RaftServerImpl for group-99BA15B9EFBE:[61fa1b65-b974-45b4-9851-06f065a159ca:192.168.151.103:33766, 6bbd184a-0336-4d81-9e16-b14f69eef1c7:192.168.151.103:36847, e31a64e7-7f72-4df5-b5f7-b27bcc72e3f7:192.168.151.103:40680] with ContainerStateMachine:uninitialized
2019-09-27 09:14:24,903 [pool-117-thread-1] INFO  server.RaftServerConfigKeys (ConfUtils.java:logGet(43)) - raft.server.rpc.timeout.max = 1200ms (custom)
2019-09-27 09:14:24,904 [pool-87-thread-1] INFO  server.RaftServerConfigKeys (ConfUtils.java:logGet(43)) - raft.server.rpc.timeout.min = 1s (custom)
2019-09-27 09:14:24,904 [pool-47-thread-1] INFO  impl.RaftServerImpl (ServerState.java:<init>(103)) - e31a64e7-7f72-4df5-b5f7-b27bcc72e3f7@group-99BA15B9EFBE: ConfigurationManager, init=-1: [61fa1b65-b974-45b4-9851-06f065a159ca:192.168.151.103:33766, 6bbd184a-0336-4d81-9e16-b14f69eef1c7:192.168.151.103:36847, e31a64e7-7f72-4df5-b5f7-b27bcc72e3f7:192.168.151.103:40680], old=null, confs=<EMPTY_MAP>
2019-09-27 09:14:24,904 [pool-87-thread-1] INFO  server.RaftServerConfigKeys (ConfUtils.java:logGet(43)) - raft.server.rpc.timeout.max = 1200ms (custom)
2019-09-27 09:14:24,904 [pool-87-thread-1] INFO  server.RaftServerConfigKeys (ConfUtils.java:logGet(43)) - raft.server.rpcslowness.timeout = 120s (custom)
2019-09-27 09:14:24,904 [pool-117-thread-1] INFO  server.RaftServerConfigKeys (ConfUtils.java:logGet(43)) - raft.server.rpcslowness.timeout = 120s (custom)
2019-09-27 09:14:24,904 [pool-87-thread-1] INFO  server.RaftServerConfigKeys (ConfUtils.java:logGet(43)) - raft.server.sleep.deviation.threshold = 300 (default)
2019-09-27 09:14:24,904 [pool-47-thread-1] INFO  server.RaftServerConfigKeys (ConfUtils.java:logGet(43)) - raft.server.storage.dir = [/workdir/hadoop-ozone/integration-test/target/test-dir/MiniOzoneClusterImpl-306848a7-f3db-4b9e-8a0f-7b9627716070/datanode-2/data/ratis] (custom)
2019-09-27 09:14:24,904 [pool-87-thread-1] INFO  server.RaftServerConfigKeys (ConfUtils.java:logGet(43)) - raft.server.log.appender.install.snapshot.enabled = false (custom)
2019-09-27 09:14:24,904 [pool-117-thread-1] INFO  server.RaftServerConfigKeys (ConfUtils.java:logGet(43)) - raft.server.sleep.deviation.threshold = 300 (default)
2019-09-27 09:14:24,905 [pool-87-thread-1] INFO  impl.RaftServerImpl (ServerState.java:<init>(103)) - 61fa1b65-b974-45b4-9851-06f065a159ca@group-99BA15B9EFBE: ConfigurationManager, init=-1: [61fa1b65-b974-45b4-9851-06f065a159ca:192.168.151.103:33766, 6bbd184a-0336-4d81-9e16-b14f69eef1c7:192.168.151.103:36847, e31a64e7-7f72-4df5-b5f7-b27bcc72e3f7:192.168.151.103:40680], old=null, confs=<EMPTY_MAP>
2019-09-27 09:14:24,905 [pool-117-thread-1] INFO  server.RaftServerConfigKeys (ConfUtils.java:logGet(43)) - raft.server.log.appender.install.snapshot.enabled = false (custom)
2019-09-27 09:14:24,905 [pool-87-thread-1] INFO  server.RaftServerConfigKeys (ConfUtils.java:logGet(43)) - raft.server.storage.dir = [/workdir/hadoop-ozone/integration-test/target/test-dir/MiniOzoneClusterImpl-306848a7-f3db-4b9e-8a0f-7b9627716070/datanode-6/data/ratis] (custom)
2019-09-27 09:14:24,905 [pool-47-thread-1] INFO  storage.RaftStorageDirectory (RaftStorageDirectory.java:analyzeStorage(246)) - The storage directory /workdir/hadoop-ozone/integration-test/target/test-dir/MiniOzoneClusterImpl-306848a7-f3db-4b9e-8a0f-7b9627716070/datanode-2/data/ratis/91bfaadc-fd8b-4325-910d-99ba15b9efbe does not exist. Creating ...
2019-09-27 09:14:24,905 [pool-117-thread-1] INFO  impl.RaftServerImpl (ServerState.java:<init>(103)) - 6bbd184a-0336-4d81-9e16-b14f69eef1c7@group-99BA15B9EFBE: ConfigurationManager, init=-1: [61fa1b65-b974-45b4-9851-06f065a159ca:192.168.151.103:33766, 6bbd184a-0336-4d81-9e16-b14f69eef1c7:192.168.151.103:36847, e31a64e7-7f72-4df5-b5f7-b27bcc72e3f7:192.168.151.103:40680], old=null, confs=<EMPTY_MAP>
2019-09-27 09:14:24,905 [pool-87-thread-1] INFO  storage.RaftStorageDirectory (RaftStorageDirectory.java:analyzeStorage(246)) - The storage directory /workdir/hadoop-ozone/integration-test/target/test-dir/MiniOzoneClusterImpl-306848a7-f3db-4b9e-8a0f-7b9627716070/datanode-6/data/ratis/91bfaadc-fd8b-4325-910d-99ba15b9efbe does not exist. Creating ...
2019-09-27 09:14:24,905 [pool-117-thread-1] INFO  server.RaftServerConfigKeys (ConfUtils.java:logGet(43)) - raft.server.storage.dir = [/workdir/hadoop-ozone/integration-test/target/test-dir/MiniOzoneClusterImpl-306848a7-f3db-4b9e-8a0f-7b9627716070/datanode-9/data/ratis] (custom)
2019-09-27 09:14:24,906 [pool-117-thread-1] INFO  storage.RaftStorageDirectory (RaftStorageDirectory.java:analyzeStorage(246)) - The storage directory /workdir/hadoop-ozone/integration-test/target/test-dir/MiniOzoneClusterImpl-306848a7-f3db-4b9e-8a0f-7b9627716070/datanode-9/data/ratis/91bfaadc-fd8b-4325-910d-99ba15b9efbe does not exist. Creating ...
2019-09-27 09:14:24,919 [pool-117-thread-1] INFO  storage.RaftStorageDirectory (RaftStorageDirectory.java:tryLock(328)) - Lock on /workdir/hadoop-ozone/integration-test/target/test-dir/MiniOzoneClusterImpl-306848a7-f3db-4b9e-8a0f-7b9627716070/datanode-9/data/ratis/91bfaadc-fd8b-4325-910d-99ba15b9efbe/in_use.lock acquired by nodename 29571@pr-hdds2162-4fxhj-20988671
2019-09-27 09:14:24,919 [pool-47-thread-1] INFO  storage.RaftStorageDirectory (RaftStorageDirectory.java:tryLock(328)) - Lock on /workdir/hadoop-ozone/integration-test/target/test-dir/MiniOzoneClusterImpl-306848a7-f3db-4b9e-8a0f-7b9627716070/datanode-2/data/ratis/91bfaadc-fd8b-4325-910d-99ba15b9efbe/in_use.lock acquired by nodename 29571@pr-hdds2162-4fxhj-20988671
2019-09-27 09:14:24,919 [pool-87-thread-1] INFO  storage.RaftStorageDirectory (RaftStorageDirectory.java:tryLock(328)) - Lock on /workdir/hadoop-ozone/integration-test/target/test-dir/MiniOzoneClusterImpl-306848a7-f3db-4b9e-8a0f-7b9627716070/datanode-6/data/ratis/91bfaadc-fd8b-4325-910d-99ba15b9efbe/in_use.lock acquired by nodename 29571@pr-hdds2162-4fxhj-20988671
2019-09-27 09:14:24,935 [pool-117-thread-1] INFO  storage.RaftStorage (RaftStorage.java:format(72)) - Storage directory /workdir/hadoop-ozone/integration-test/target/test-dir/MiniOzoneClusterImpl-306848a7-f3db-4b9e-8a0f-7b9627716070/datanode-9/data/ratis/91bfaadc-fd8b-4325-910d-99ba15b9efbe has been successfully formatted.
2019-09-27 09:14:24,935 [pool-47-thread-1] INFO  storage.RaftStorage (RaftStorage.java:format(72)) - Storage directory /workdir/hadoop-ozone/integration-test/target/test-dir/MiniOzoneClusterImpl-306848a7-f3db-4b9e-8a0f-7b9627716070/datanode-2/data/ratis/91bfaadc-fd8b-4325-910d-99ba15b9efbe has been successfully formatted.
2019-09-27 09:14:24,935 [pool-87-thread-1] INFO  storage.RaftStorage (RaftStorage.java:format(72)) - Storage directory /workdir/hadoop-ozone/integration-test/target/test-dir/MiniOzoneClusterImpl-306848a7-f3db-4b9e-8a0f-7b9627716070/datanode-6/data/ratis/91bfaadc-fd8b-4325-910d-99ba15b9efbe has been successfully formatted.
2019-09-27 09:14:24,935 [pool-117-thread-1] INFO  ratis.ContainerStateMachine (ContainerStateMachine.java:loadSnapshot(230)) - group-99BA15B9EFBE: The snapshot info is null. Setting the last applied indexto:(t:0, i:~)
2019-09-27 09:14:24,935 [pool-87-thread-1] INFO  ratis.ContainerStateMachine (ContainerStateMachine.java:loadSnapshot(230)) - group-99BA15B9EFBE: The snapshot info is null. Setting the last applied indexto:(t:0, i:~)
2019-09-27 09:14:24,935 [pool-47-thread-1] INFO  ratis.ContainerStateMachine (ContainerStateMachine.java:loadSnapshot(230)) - group-99BA15B9EFBE: The snapshot info is null. Setting the last applied indexto:(t:0, i:~)
2019-09-27 09:14:24,936 [pool-87-thread-1] INFO  server.RaftServerConfigKeys (ConfUtils.java:logGet(43)) - raft.server.notification.no-leader.timeout = 120s (custom)
2019-09-27 09:14:24,936 [pool-117-thread-1] INFO  server.RaftServerConfigKeys (ConfUtils.java:logGet(43)) - raft.server.notification.no-leader.timeout = 120s (custom)
2019-09-27 09:14:24,936 [pool-87-thread-1] INFO  server.RaftServerConfigKeys (ConfUtils.java:logGet(43)) - raft.server.log.use.memory = false (default)
2019-09-27 09:14:24,936 [pool-47-thread-1] INFO  server.RaftServerConfigKeys (ConfUtils.java:logGet(43)) - raft.server.notification.no-leader.timeout = 120s (custom)
2019-09-27 09:14:24,936 [pool-87-thread-1] INFO  server.RaftServerConfigKeys (ConfUtils.java:logGet(43)) - raft.server.log.purge.gap = 1000000 (custom)
2019-09-27 09:14:24,936 [pool-117-thread-1] INFO  server.RaftServerConfigKeys (ConfUtils.java:logGet(43)) - raft.server.log.use.memory = false (default)
2019-09-27 09:14:24,936 [pool-87-thread-1] INFO  server.RaftServerConfigKeys (ConfUtils.java:logGet(43)) - raft.server.log.appender.buffer.byte-limit = 33554432 (custom)
2019-09-27 09:14:24,936 [pool-47-thread-1] INFO  server.RaftServerConfigKeys (ConfUtils.java:logGet(43)) - raft.server.log.use.memory = false (default)
2019-09-27 09:14:24,937 [pool-87-thread-1] INFO  server.RaftServerConfigKeys (ConfUtils.java:logGet(43)) - raft.server.log.segment.size.max = 1048576 (custom)
2019-09-27 09:14:24,937 [pool-117-thread-1] INFO  server.RaftServerConfigKeys (ConfUtils.java:logGet(43)) - raft.server.log.purge.gap = 1000000 (custom)
2019-09-27 09:14:24,937 [pool-87-thread-1] INFO  server.RaftServerConfigKeys (ConfUtils.java:logGet(43)) - raft.server.log.segment.cache.num.max = 2 (custom)
2019-09-27 09:14:24,937 [pool-47-thread-1] INFO  server.RaftServerConfigKeys (ConfUtils.java:logGet(43)) - raft.server.log.purge.gap = 1000000 (custom)
2019-09-27 09:14:24,937 [pool-87-thread-1] INFO  segmented.SegmentedRaftLogWorker (SegmentedRaftLogWorker.java:<init>(172)) - new 61fa1b65-b974-45b4-9851-06f065a159ca@group-99BA15B9EFBE-SegmentedRaftLogWorker for RaftStorage:Storage Directory /workdir/hadoop-ozone/integration-test/target/test-dir/MiniOzoneClusterImpl-306848a7-f3db-4b9e-8a0f-7b9627716070/datanode-6/data/ratis/91bfaadc-fd8b-4325-910d-99ba15b9efbe
2019-09-27 09:14:24,937 [pool-117-thread-1] INFO  server.RaftServerConfigKeys (ConfUtils.java:logGet(43)) - raft.server.log.appender.buffer.byte-limit = 33554432 (custom)
2019-09-27 09:14:24,937 [pool-87-thread-1] INFO  server.RaftServerConfigKeys (ConfUtils.java:logGet(43)) - raft.server.log.queue.byte-limit = 2147483647 (custom)
2019-09-27 09:14:24,938 [pool-117-thread-1] INFO  server.RaftServerConfigKeys (ConfUtils.java:logGet(43)) - raft.server.log.segment.size.max = 1048576 (custom)
2019-09-27 09:14:24,937 [pool-47-thread-1] INFO  server.RaftServerConfigKeys (ConfUtils.java:logGet(43)) - raft.server.log.appender.buffer.byte-limit = 33554432 (custom)
2019-09-27 09:14:24,938 [pool-87-thread-1] INFO  server.RaftServerConfigKeys (ConfUtils.java:logGet(43)) - raft.server.log.queue.element-limit = 1024 (custom)
2019-09-27 09:14:24,938 [pool-117-thread-1] INFO  server.RaftServerConfigKeys (ConfUtils.java:logGet(43)) - raft.server.log.segment.cache.num.max = 2 (custom)
2019-09-27 09:14:24,938 [pool-47-thread-1] INFO  server.RaftServerConfigKeys (ConfUtils.java:logGet(43)) - raft.server.log.segment.size.max = 1048576 (custom)
2019-09-27 09:14:24,938 [pool-117-thread-1] INFO  segmented.SegmentedRaftLogWorker (SegmentedRaftLogWorker.java:<init>(172)) - new 6bbd184a-0336-4d81-9e16-b14f69eef1c7@group-99BA15B9EFBE-SegmentedRaftLogWorker for RaftStorage:Storage Directory /workdir/hadoop-ozone/integration-test/target/test-dir/MiniOzoneClusterImpl-306848a7-f3db-4b9e-8a0f-7b9627716070/datanode-9/data/ratis/91bfaadc-fd8b-4325-910d-99ba15b9efbe
2019-09-27 09:14:24,938 [pool-87-thread-1] INFO  server.RaftServerConfigKeys (ConfUtils.java:logGet(43)) - raft.server.log.segment.size.max = 1048576 (custom)
2019-09-27 09:14:24,939 [pool-117-thread-1] INFO  server.RaftServerConfigKeys (ConfUtils.java:logGet(43)) - raft.server.log.queue.byte-limit = 2147483647 (custom)
2019-09-27 09:14:24,938 [pool-47-thread-1] INFO  server.RaftServerConfigKeys (ConfUtils.java:logGet(43)) - raft.server.log.segment.cache.num.max = 2 (custom)
2019-09-27 09:14:24,939 [pool-117-thread-1] INFO  server.RaftServerConfigKeys (ConfUtils.java:logGet(43)) - raft.server.log.queue.element-limit = 1024 (custom)
2019-09-27 09:14:24,939 [pool-87-thread-1] INFO  server.RaftServerConfigKeys (ConfUtils.java:logGet(43)) - raft.server.log.preallocated.size = 16384 (custom)
2019-09-27 09:14:24,946 [pool-117-thread-1] INFO  server.RaftServerConfigKeys (ConfUtils.java:logGet(43)) - raft.server.log.segment.size.max = 1048576 (custom)
2019-09-27 09:14:24,939 [pool-47-thread-1] INFO  segmented.SegmentedRaftLogWorker (SegmentedRaftLogWorker.java:<init>(172)) - new e31a64e7-7f72-4df5-b5f7-b27bcc72e3f7@group-99BA15B9EFBE-SegmentedRaftLogWorker for RaftStorage:Storage Directory /workdir/hadoop-ozone/integration-test/target/test-dir/MiniOzoneClusterImpl-306848a7-f3db-4b9e-8a0f-7b9627716070/datanode-2/data/ratis/91bfaadc-fd8b-4325-910d-99ba15b9efbe
2019-09-27 09:14:24,946 [pool-117-thread-1] INFO  server.RaftServerConfigKeys (ConfUtils.java:logGet(43)) - raft.server.log.preallocated.size = 16384 (custom)
2019-09-27 09:14:24,946 [pool-87-thread-1] INFO  server.RaftServerConfigKeys (ConfUtils.java:logGet(43)) - raft.server.log.write.buffer.size = 33554432 (custom)
2019-09-27 09:14:24,946 [pool-117-thread-1] INFO  server.RaftServerConfigKeys (ConfUtils.java:logGet(43)) - raft.server.log.write.buffer.size = 33554432 (custom)
2019-09-27 09:14:24,946 [pool-47-thread-1] INFO  server.RaftServerConfigKeys (ConfUtils.java:logGet(43)) - raft.server.log.queue.byte-limit = 2147483647 (custom)
2019-09-27 09:14:24,947 [pool-117-thread-1] INFO  server.RaftServerConfigKeys (ConfUtils.java:logGet(43)) - raft.server.log.force.sync.num = 128 (default)
2019-09-27 09:14:24,946 [pool-87-thread-1] INFO  server.RaftServerConfigKeys (ConfUtils.java:logGet(43)) - raft.server.log.force.sync.num = 128 (default)
2019-09-27 09:14:24,947 [pool-117-thread-1] INFO  server.RaftServerConfigKeys (ConfUtils.java:logGet(43)) - raft.server.log.statemachine.data.sync = true (default)
2019-09-27 09:14:24,947 [pool-47-thread-1] INFO  server.RaftServerConfigKeys (ConfUtils.java:logGet(43)) - raft.server.log.queue.element-limit = 1024 (custom)
2019-09-27 09:14:24,947 [pool-117-thread-1] INFO  server.RaftServerConfigKeys (ConfUtils.java:logGet(43)) - raft.server.log.statemachine.data.sync.timeout = 10s (default)
2019-09-27 09:14:24,947 [pool-87-thread-1] INFO  server.RaftServerConfigKeys (ConfUtils.java:logGet(43)) - raft.server.log.statemachine.data.sync = true (default)
2019-09-27 09:14:24,948 [pool-117-thread-1] INFO  server.RaftServerConfigKeys (ConfUtils.java:logGet(43)) - raft.server.log.statemachine.data.sync.timeout.retry = -1 (default)
2019-09-27 09:14:24,947 [pool-47-thread-1] INFO  server.RaftServerConfigKeys (ConfUtils.java:logGet(43)) - raft.server.log.segment.size.max = 1048576 (custom)
2019-09-27 09:14:24,948 [pool-87-thread-1] INFO  server.RaftServerConfigKeys (ConfUtils.java:logGet(43)) - raft.server.log.statemachine.data.sync.timeout = 10s (default)
2019-09-27 09:14:24,948 [pool-117-thread-1] INFO  server.RaftServerConfigKeys (ConfUtils.java:logGet(43)) - raft.server.log.statemachine.data.caching.enabled = true (custom)
2019-09-27 09:14:24,948 [pool-47-thread-1] INFO  server.RaftServerConfigKeys (ConfUtils.java:logGet(43)) - raft.server.log.preallocated.size = 16384 (custom)
2019-09-27 09:14:24,948 [pool-87-thread-1] INFO  server.RaftServerConfigKeys (ConfUtils.java:logGet(43)) - raft.server.log.statemachine.data.sync.timeout.retry = -1 (default)
2019-09-27 09:14:24,948 [pool-47-thread-1] INFO  server.RaftServerConfigKeys (ConfUtils.java:logGet(43)) - raft.server.log.write.buffer.size = 33554432 (custom)
2019-09-27 09:14:24,948 [pool-87-thread-1] INFO  server.RaftServerConfigKeys (ConfUtils.java:logGet(43)) - raft.server.log.statemachine.data.caching.enabled = true (custom)
2019-09-27 09:14:24,948 [pool-117-thread-1] INFO  segmented.SegmentedRaftLogWorker (SegmentedRaftLogWorker.java:lambda$new$0(132)) - 6bbd184a-0336-4d81-9e16-b14f69eef1c7@group-99BA15B9EFBE-SegmentedRaftLogWorker: flushIndex: setUnconditionally 0 -> -1
2019-09-27 09:14:24,949 [pool-87-thread-1] INFO  segmented.SegmentedRaftLogWorker (SegmentedRaftLogWorker.java:lambda$new$0(132)) - 61fa1b65-b974-45b4-9851-06f065a159ca@group-99BA15B9EFBE-SegmentedRaftLogWorker: flushIndex: setUnconditionally 0 -> -1
2019-09-27 09:14:24,948 [pool-47-thread-1] INFO  server.RaftServerConfigKeys (ConfUtils.java:logGet(43)) - raft.server.log.force.sync.num = 128 (default)
2019-09-27 09:14:24,949 [pool-117-thread-1] INFO  server.RaftServerConfigKeys (ConfUtils.java:logGet(43)) - raft.server.snapshot.auto.trigger.enabled = true (custom)
2019-09-27 09:14:24,949 [pool-87-thread-1] INFO  server.RaftServerConfigKeys (ConfUtils.java:logGet(43)) - raft.server.snapshot.auto.trigger.enabled = true (custom)
2019-09-27 09:14:24,949 [pool-47-thread-1] INFO  server.RaftServerConfigKeys (ConfUtils.java:logGet(43)) - raft.server.log.statemachine.data.sync = true (default)
2019-09-27 09:14:24,949 [pool-87-thread-1] INFO  server.RaftServerConfigKeys (ConfUtils.java:logGet(43)) - raft.server.snapshot.auto.trigger.threshold = 10000 (custom)
2019-09-27 09:14:24,949 [pool-117-thread-1] INFO  server.RaftServerConfigKeys (ConfUtils.java:logGet(43)) - raft.server.snapshot.auto.trigger.threshold = 10000 (custom)
2019-09-27 09:14:24,949 [pool-87-thread-1] INFO  server.RaftServerConfigKeys (ConfUtils.java:logGet(43)) - raft.server.snapshot.retention.num.files = 5 (custom)
2019-09-27 09:14:24,949 [pool-47-thread-1] INFO  server.RaftServerConfigKeys (ConfUtils.java:logGet(43)) - raft.server.log.statemachine.data.sync.timeout = 10s (default)
2019-09-27 09:14:24,950 [pool-87-thread-1] INFO  server.RaftServerConfigKeys (ConfUtils.java:logGet(43)) - raft.server.retrycache.expirytime = 600000ms (custom)
2019-09-27 09:14:24,950 [pool-117-thread-1] INFO  server.RaftServerConfigKeys (ConfUtils.java:logGet(43)) - raft.server.snapshot.retention.num.files = 5 (custom)
2019-09-27 09:14:24,950 [pool-47-thread-1] INFO  server.RaftServerConfigKeys (ConfUtils.java:logGet(43)) - raft.server.log.statemachine.data.sync.timeout.retry = -1 (default)
2019-09-27 09:14:24,950 [pool-117-thread-1] INFO  server.RaftServerConfigKeys (ConfUtils.java:logGet(43)) - raft.server.retrycache.expirytime = 600000ms (custom)
2019-09-27 09:14:24,950 [pool-47-thread-1] INFO  server.RaftServerConfigKeys (ConfUtils.java:logGet(43)) - raft.server.log.statemachine.data.caching.enabled = true (custom)
2019-09-27 09:14:24,951 [pool-47-thread-1] INFO  segmented.SegmentedRaftLogWorker (SegmentedRaftLogWorker.java:lambda$new$0(132)) - e31a64e7-7f72-4df5-b5f7-b27bcc72e3f7@group-99BA15B9EFBE-SegmentedRaftLogWorker: flushIndex: setUnconditionally 0 -> -1
2019-09-27 09:14:24,951 [pool-47-thread-1] INFO  server.RaftServerConfigKeys (ConfUtils.java:logGet(43)) - raft.server.snapshot.auto.trigger.enabled = true (custom)
2019-09-27 09:14:24,951 [pool-47-thread-1] INFO  server.RaftServerConfigKeys (ConfUtils.java:logGet(43)) - raft.server.snapshot.auto.trigger.threshold = 10000 (custom)
2019-09-27 09:14:24,951 [pool-47-thread-1] INFO  server.RaftServerConfigKeys (ConfUtils.java:logGet(43)) - raft.server.snapshot.retention.num.files = 5 (custom)
2019-09-27 09:14:24,952 [pool-47-thread-1] INFO  server.RaftServerConfigKeys (ConfUtils.java:logGet(43)) - raft.server.retrycache.expirytime = 600000ms (custom)
2019-09-27 09:14:24,952 [pool-87-thread-1] INFO  impl.RaftServerImpl (RaftServerImpl.java:start(185)) - 61fa1b65-b974-45b4-9851-06f065a159ca@group-99BA15B9EFBE: start as a follower, conf=-1: [61fa1b65-b974-45b4-9851-06f065a159ca:192.168.151.103:33766, 6bbd184a-0336-4d81-9e16-b14f69eef1c7:192.168.151.103:36847, e31a64e7-7f72-4df5-b5f7-b27bcc72e3f7:192.168.151.103:40680], old=null
2019-09-27 09:14:24,952 [pool-87-thread-1] INFO  impl.RaftServerImpl (RaftServerImpl.java:setRole(174)) - 61fa1b65-b974-45b4-9851-06f065a159ca@group-99BA15B9EFBE: changes role from      null to FOLLOWER at term 0 for startAsFollower
2019-09-27 09:14:24,953 [pool-87-thread-1] INFO  impl.RoleInfo (RoleInfo.java:updateAndGet(143)) - 61fa1b65-b974-45b4-9851-06f065a159ca: start FollowerState
2019-09-27 09:14:24,953 [pool-87-thread-1] INFO  util.JmxRegister (JmxRegister.java:tryRegister(44)) - Successfully registered JMX Bean with object name Ratis:service=RaftServer,group=group-99BA15B9EFBE,id=61fa1b65-b974-45b4-9851-06f065a159ca
2019-09-27 09:14:24,955 [pool-117-thread-1] INFO  impl.RaftServerImpl (RaftServerImpl.java:start(185)) - 6bbd184a-0336-4d81-9e16-b14f69eef1c7@group-99BA15B9EFBE: start as a follower, conf=-1: [61fa1b65-b974-45b4-9851-06f065a159ca:192.168.151.103:33766, 6bbd184a-0336-4d81-9e16-b14f69eef1c7:192.168.151.103:36847, e31a64e7-7f72-4df5-b5f7-b27bcc72e3f7:192.168.151.103:40680], old=null
2019-09-27 09:14:24,956 [pool-117-thread-1] INFO  impl.RaftServerImpl (RaftServerImpl.java:setRole(174)) - 6bbd184a-0336-4d81-9e16-b14f69eef1c7@group-99BA15B9EFBE: changes role from      null to FOLLOWER at term 0 for startAsFollower
2019-09-27 09:14:24,956 [pool-47-thread-1] INFO  impl.RaftServerImpl (RaftServerImpl.java:start(185)) - e31a64e7-7f72-4df5-b5f7-b27bcc72e3f7@group-99BA15B9EFBE: start as a follower, conf=-1: [61fa1b65-b974-45b4-9851-06f065a159ca:192.168.151.103:33766, 6bbd184a-0336-4d81-9e16-b14f69eef1c7:192.168.151.103:36847, e31a64e7-7f72-4df5-b5f7-b27bcc72e3f7:192.168.151.103:40680], old=null
2019-09-27 09:14:24,959 [pool-117-thread-1] INFO  impl.RoleInfo (RoleInfo.java:updateAndGet(143)) - 6bbd184a-0336-4d81-9e16-b14f69eef1c7: start FollowerState
2019-09-27 09:14:24,959 [pool-47-thread-1] INFO  impl.RaftServerImpl (RaftServerImpl.java:setRole(174)) - e31a64e7-7f72-4df5-b5f7-b27bcc72e3f7@group-99BA15B9EFBE: changes role from      null to FOLLOWER at term 0 for startAsFollower
2019-09-27 09:14:24,959 [pool-47-thread-1] INFO  impl.RoleInfo (RoleInfo.java:updateAndGet(143)) - e31a64e7-7f72-4df5-b5f7-b27bcc72e3f7: start FollowerState
2019-09-27 09:14:24,959 [pool-117-thread-1] INFO  util.JmxRegister (JmxRegister.java:tryRegister(44)) - Successfully registered JMX Bean with object name Ratis:service=RaftServer,group=group-99BA15B9EFBE,id=6bbd184a-0336-4d81-9e16-b14f69eef1c7
2019-09-27 09:14:24,962 [Thread-285] INFO  impl.FollowerState (FollowerState.java:run(106)) - a8cc1a37-a8a6-4a7f-81dc-bc9c8df542bb:group-37875B9A5262 changes to CANDIDATE, lastRpcTime:1148, electionTimeout:1145ms
2019-09-27 09:14:24,962 [pool-47-thread-1] INFO  util.JmxRegister (JmxRegister.java:tryRegister(44)) - Successfully registered JMX Bean with object name Ratis:service=RaftServer,group=group-99BA15B9EFBE,id=e31a64e7-7f72-4df5-b5f7-b27bcc72e3f7
2019-09-27 09:14:24,967 [Thread-285] INFO  impl.RoleInfo (RoleInfo.java:shutdownFollowerState(121)) - a8cc1a37-a8a6-4a7f-81dc-bc9c8df542bb: shutdown FollowerState
2019-09-27 09:14:24,967 [Thread-285] INFO  impl.RaftServerImpl (RaftServerImpl.java:setRole(174)) - a8cc1a37-a8a6-4a7f-81dc-bc9c8df542bb@group-37875B9A5262: changes role from  FOLLOWER to CANDIDATE at term 0 for changeToCandidate
2019-09-27 09:14:24,985 [Thread-285] INFO  impl.RoleInfo (RoleInfo.java:updateAndGet(143)) - a8cc1a37-a8a6-4a7f-81dc-bc9c8df542bb: start LeaderElection
2019-09-27 09:14:24,992 [RatisPipelineUtilsThread] INFO  pipeline.PipelineStateManager (PipelineStateManager.java:addPipeline(56)) - Created pipeline Pipeline[ Id: 91bfaadc-fd8b-4325-910d-99ba15b9efbe, Nodes: 6bbd184a-0336-4d81-9e16-b14f69eef1c7{ip: 192.168.151.103, host: pr-hdds2162-4fxhj-20988671, networkLocation: /rack1, certSerialId: null}e31a64e7-7f72-4df5-b5f7-b27bcc72e3f7{ip: 192.168.151.103, host: pr-hdds2162-4fxhj-20988671, networkLocation: /rack1, certSerialId: null}61fa1b65-b974-45b4-9851-06f065a159ca{ip: 192.168.151.103, host: pr-hdds2162-4fxhj-20988671, networkLocation: /rack1, certSerialId: null}, Type:RATIS, Factor:THREE, State:OPEN]
2019-09-27 09:14:25,006 [a8cc1a37-a8a6-4a7f-81dc-bc9c8df542bb@group-37875B9A5262:LeaderElection1] INFO  impl.LeaderElection (LeaderElection.java:askForVotes(182)) - a8cc1a37-a8a6-4a7f-81dc-bc9c8df542bb@group-37875B9A5262:LeaderElection1: begin an election at term 1 for -1: [a8cc1a37-a8a6-4a7f-81dc-bc9c8df542bb:192.168.151.103:41868], old=null
2019-09-27 09:14:25,009 [a8cc1a37-a8a6-4a7f-81dc-bc9c8df542bb@group-37875B9A5262:LeaderElection1] INFO  impl.RoleInfo (RoleInfo.java:shutdownLeaderElection(134)) - a8cc1a37-a8a6-4a7f-81dc-bc9c8df542bb: shutdown LeaderElection
2019-09-27 09:14:25,009 [a8cc1a37-a8a6-4a7f-81dc-bc9c8df542bb@group-37875B9A5262:LeaderElection1] INFO  impl.RaftServerImpl (RaftServerImpl.java:setRole(174)) - a8cc1a37-a8a6-4a7f-81dc-bc9c8df542bb@group-37875B9A5262: changes role from CANDIDATE to LEADER at term 1 for changeToLeader
2019-09-27 09:14:25,010 [a8cc1a37-a8a6-4a7f-81dc-bc9c8df542bb@group-37875B9A5262:LeaderElection1] INFO  impl.RaftServerImpl (ServerState.java:setLeader(253)) - a8cc1a37-a8a6-4a7f-81dc-bc9c8df542bb@group-37875B9A5262: change Leader from null to a8cc1a37-a8a6-4a7f-81dc-bc9c8df542bb at term 1 for becomeLeader, leader elected after 1309ms
2019-09-27 09:14:25,016 [grpc-default-executor-1] INFO  impl.RaftServerProxy (RaftServerProxy.java:addNew(89)) - a7400050-0947-41b0-8512-caed91bc5dce: addNew group-4DD0B4D884A5:[a7400050-0947-41b0-8512-caed91bc5dce:192.168.151.103:33851, 1b1c50e1-42fe-4038-95e1-cf5ebbb85fbb:192.168.151.103:40816, 0821efe4-c707-4fcc-94f8-cb827e7ada87:192.168.151.103:33210] returns group-4DD0B4D884A5:java.util.concurrent.CompletableFuture@5ea79b1a[Not completed]
2019-09-27 09:14:25,018 [grpc-default-executor-0] INFO  impl.RaftServerProxy (RaftServerProxy.java:addNew(89)) - 1b1c50e1-42fe-4038-95e1-cf5ebbb85fbb: addNew group-4DD0B4D884A5:[a7400050-0947-41b0-8512-caed91bc5dce:192.168.151.103:33851, 1b1c50e1-42fe-4038-95e1-cf5ebbb85fbb:192.168.151.103:40816, 0821efe4-c707-4fcc-94f8-cb827e7ada87:192.168.151.103:33210] returns group-4DD0B4D884A5:java.util.concurrent.CompletableFuture@424fd3e7[Not completed]
2019-09-27 09:14:25,020 [grpc-default-executor-1] INFO  impl.RaftServerProxy (RaftServerProxy.java:addNew(89)) - 0821efe4-c707-4fcc-94f8-cb827e7ada87: addNew group-4DD0B4D884A5:[a7400050-0947-41b0-8512-caed91bc5dce:192.168.151.103:33851, 1b1c50e1-42fe-4038-95e1-cf5ebbb85fbb:192.168.151.103:40816, 0821efe4-c707-4fcc-94f8-cb827e7ada87:192.168.151.103:33210] returns group-4DD0B4D884A5:java.util.concurrent.CompletableFuture@7058c3fd[Not completed]
2019-09-27 09:14:25,021 [pool-67-thread-1] INFO  impl.RaftServerImpl (RaftServerImpl.java:<init>(95)) - a7400050-0947-41b0-8512-caed91bc5dce: new RaftServerImpl for group-4DD0B4D884A5:[a7400050-0947-41b0-8512-caed91bc5dce:192.168.151.103:33851, 1b1c50e1-42fe-4038-95e1-cf5ebbb85fbb:192.168.151.103:40816, 0821efe4-c707-4fcc-94f8-cb827e7ada87:192.168.151.103:33210] with ContainerStateMachine:uninitialized
2019-09-27 09:14:25,021 [pool-67-thread-1] INFO  server.RaftServerConfigKeys (ConfUtils.java:logGet(43)) - raft.server.rpc.timeout.min = 1s (custom)
2019-09-27 09:14:25,021 [pool-67-thread-1] INFO  server.RaftServerConfigKeys (ConfUtils.java:logGet(43)) - raft.server.rpc.timeout.max = 1200ms (custom)
2019-09-27 09:14:25,021 [pool-37-thread-1] INFO  impl.RaftServerImpl (RaftServerImpl.java:<init>(95)) - 0821efe4-c707-4fcc-94f8-cb827e7ada87: new RaftServerImpl for group-4DD0B4D884A5:[a7400050-0947-41b0-8512-caed91bc5dce:192.168.151.103:33851, 1b1c50e1-42fe-4038-95e1-cf5ebbb85fbb:192.168.151.103:40816, 0821efe4-c707-4fcc-94f8-cb827e7ada87:192.168.151.103:33210] with ContainerStateMachine:uninitialized
2019-09-27 09:14:25,022 [pool-67-thread-1] INFO  server.RaftServerConfigKeys (ConfUtils.java:logGet(43)) - raft.server.rpcslowness.timeout = 120s (custom)
2019-09-27 09:14:25,022 [pool-37-thread-1] INFO  server.RaftServerConfigKeys (ConfUtils.java:logGet(43)) - raft.server.rpc.timeout.min = 1s (custom)
2019-09-27 09:14:25,022 [pool-67-thread-1] INFO  server.RaftServerConfigKeys (ConfUtils.java:logGet(43)) - raft.server.sleep.deviation.threshold = 300 (default)
2019-09-27 09:14:25,022 [pool-37-thread-1] INFO  server.RaftServerConfigKeys (ConfUtils.java:logGet(43)) - raft.server.rpc.timeout.max = 1200ms (custom)
2019-09-27 09:14:25,022 [pool-67-thread-1] INFO  server.RaftServerConfigKeys (ConfUtils.java:logGet(43)) - raft.server.log.appender.install.snapshot.enabled = false (custom)
2019-09-27 09:14:25,022 [pool-37-thread-1] INFO  server.RaftServerConfigKeys (ConfUtils.java:logGet(43)) - raft.server.rpcslowness.timeout = 120s (custom)
2019-09-27 09:14:25,022 [pool-67-thread-1] INFO  impl.RaftServerImpl (ServerState.java:<init>(103)) - a7400050-0947-41b0-8512-caed91bc5dce@group-4DD0B4D884A5: ConfigurationManager, init=-1: [a7400050-0947-41b0-8512-caed91bc5dce:192.168.151.103:33851, 1b1c50e1-42fe-4038-95e1-cf5ebbb85fbb:192.168.151.103:40816, 0821efe4-c707-4fcc-94f8-cb827e7ada87:192.168.151.103:33210], old=null, confs=<EMPTY_MAP>
2019-09-27 09:14:25,022 [pool-37-thread-1] INFO  server.RaftServerConfigKeys (ConfUtils.java:logGet(43)) - raft.server.sleep.deviation.threshold = 300 (default)
2019-09-27 09:14:25,022 [pool-37-thread-1] INFO  server.RaftServerConfigKeys (ConfUtils.java:logGet(43)) - raft.server.log.appender.install.snapshot.enabled = false (custom)
2019-09-27 09:14:25,022 [pool-67-thread-1] INFO  server.RaftServerConfigKeys (ConfUtils.java:logGet(43)) - raft.server.storage.dir = [/workdir/hadoop-ozone/integration-test/target/test-dir/MiniOzoneClusterImpl-306848a7-f3db-4b9e-8a0f-7b9627716070/datanode-4/data/ratis] (custom)
2019-09-27 09:14:25,022 [pool-37-thread-1] INFO  impl.RaftServerImpl (ServerState.java:<init>(103)) - 0821efe4-c707-4fcc-94f8-cb827e7ada87@group-4DD0B4D884A5: ConfigurationManager, init=-1: [a7400050-0947-41b0-8512-caed91bc5dce:192.168.151.103:33851, 1b1c50e1-42fe-4038-95e1-cf5ebbb85fbb:192.168.151.103:40816, 0821efe4-c707-4fcc-94f8-cb827e7ada87:192.168.151.103:33210], old=null, confs=<EMPTY_MAP>
2019-09-27 09:14:25,022 [a8cc1a37-a8a6-4a7f-81dc-bc9c8df542bb@group-37875B9A5262:LeaderElection1] INFO  server.RaftServerConfigKeys (ConfUtils.java:logGet(43)) - raft.server.staging.catchup.gap = 1000 (default)
2019-09-27 09:14:25,023 [pool-37-thread-1] INFO  server.RaftServerConfigKeys (ConfUtils.java:logGet(43)) - raft.server.storage.dir = [/workdir/hadoop-ozone/integration-test/target/test-dir/MiniOzoneClusterImpl-306848a7-f3db-4b9e-8a0f-7b9627716070/datanode-1/data/ratis] (custom)
2019-09-27 09:14:25,023 [pool-107-thread-1] INFO  impl.RaftServerImpl (RaftServerImpl.java:<init>(95)) - 1b1c50e1-42fe-4038-95e1-cf5ebbb85fbb: new RaftServerImpl for group-4DD0B4D884A5:[a7400050-0947-41b0-8512-caed91bc5dce:192.168.151.103:33851, 1b1c50e1-42fe-4038-95e1-cf5ebbb85fbb:192.168.151.103:40816, 0821efe4-c707-4fcc-94f8-cb827e7ada87:192.168.151.103:33210] with ContainerStateMachine:uninitialized
2019-09-27 09:14:25,023 [a8cc1a37-a8a6-4a7f-81dc-bc9c8df542bb@group-37875B9A5262:LeaderElection1] INFO  server.RaftServerConfigKeys (ConfUtils.java:logGet(43)) - raft.server.rpc.sleep.time = 25ms (default)
2019-09-27 09:14:25,023 [pool-67-thread-1] INFO  storage.RaftStorageDirectory (RaftStorageDirectory.java:analyzeStorage(246)) - The storage directory /workdir/hadoop-ozone/integration-test/target/test-dir/MiniOzoneClusterImpl-306848a7-f3db-4b9e-8a0f-7b9627716070/datanode-4/data/ratis/0c75af4e-b7a5-4c44-9fa7-4dd0b4d884a5 does not exist. Creating ...
2019-09-27 09:14:25,023 [pool-107-thread-1] INFO  server.RaftServerConfigKeys (ConfUtils.java:logGet(43)) - raft.server.rpc.timeout.min = 1s (custom)
2019-09-27 09:14:25,023 [pool-37-thread-1] INFO  storage.RaftStorageDirectory (RaftStorageDirectory.java:analyzeStorage(246)) - The storage directory /workdir/hadoop-ozone/integration-test/target/test-dir/MiniOzoneClusterImpl-306848a7-f3db-4b9e-8a0f-7b9627716070/datanode-1/data/ratis/0c75af4e-b7a5-4c44-9fa7-4dd0b4d884a5 does not exist. Creating ...
2019-09-27 09:14:25,024 [pool-107-thread-1] INFO  server.RaftServerConfigKeys (ConfUtils.java:logGet(43)) - raft.server.rpc.timeout.max = 1200ms (custom)
2019-09-27 09:14:25,024 [pool-107-thread-1] INFO  server.RaftServerConfigKeys (ConfUtils.java:logGet(43)) - raft.server.rpcslowness.timeout = 120s (custom)
2019-09-27 09:14:25,024 [pool-107-thread-1] INFO  server.RaftServerConfigKeys (ConfUtils.java:logGet(43)) - raft.server.sleep.deviation.threshold = 300 (default)
2019-09-27 09:14:25,024 [pool-107-thread-1] INFO  server.RaftServerConfigKeys (ConfUtils.java:logGet(43)) - raft.server.log.appender.install.snapshot.enabled = false (custom)
2019-09-27 09:14:25,025 [pool-107-thread-1] INFO  impl.RaftServerImpl (ServerState.java:<init>(103)) - 1b1c50e1-42fe-4038-95e1-cf5ebbb85fbb@group-4DD0B4D884A5: ConfigurationManager, init=-1: [a7400050-0947-41b0-8512-caed91bc5dce:192.168.151.103:33851, 1b1c50e1-42fe-4038-95e1-cf5ebbb85fbb:192.168.151.103:40816, 0821efe4-c707-4fcc-94f8-cb827e7ada87:192.168.151.103:33210], old=null, confs=<EMPTY_MAP>
2019-09-27 09:14:25,025 [pool-107-thread-1] INFO  server.RaftServerConfigKeys (ConfUtils.java:logGet(43)) - raft.server.storage.dir = [/workdir/hadoop-ozone/integration-test/target/test-dir/MiniOzoneClusterImpl-306848a7-f3db-4b9e-8a0f-7b9627716070/datanode-8/data/ratis] (custom)
2019-09-27 09:14:25,025 [pool-107-thread-1] INFO  storage.RaftStorageDirectory (RaftStorageDirectory.java:analyzeStorage(246)) - The storage directory /workdir/hadoop-ozone/integration-test/target/test-dir/MiniOzoneClusterImpl-306848a7-f3db-4b9e-8a0f-7b9627716070/datanode-8/data/ratis/0c75af4e-b7a5-4c44-9fa7-4dd0b4d884a5 does not exist. Creating ...
2019-09-27 09:14:25,027 [a8cc1a37-a8a6-4a7f-81dc-bc9c8df542bb@group-37875B9A5262:LeaderElection1] INFO  server.RaftServerConfigKeys (ConfUtils.java:logGet(43)) - raft.server.write.element-limit = 4096 (default)
2019-09-27 09:14:25,030 [a8cc1a37-a8a6-4a7f-81dc-bc9c8df542bb@group-37875B9A5262:LeaderElection1] INFO  server.RaftServerConfigKeys (ConfUtils.java:logGet(43)) - raft.server.watch.timeout = 10s (default)
2019-09-27 09:14:25,030 [a8cc1a37-a8a6-4a7f-81dc-bc9c8df542bb@group-37875B9A5262:LeaderElection1] INFO  server.RaftServerConfigKeys (ConfUtils.java:logGet(43)) - raft.server.watch.timeout.denomination = 1s (default)
2019-09-27 09:14:25,031 [a8cc1a37-a8a6-4a7f-81dc-bc9c8df542bb@group-37875B9A5262:LeaderElection1] INFO  server.RaftServerConfigKeys (ConfUtils.java:logGet(43)) - raft.server.watch.element-limit = 65536 (default)
2019-09-27 09:14:25,037 [pool-107-thread-1] INFO  storage.RaftStorageDirectory (RaftStorageDirectory.java:tryLock(328)) - Lock on /workdir/hadoop-ozone/integration-test/target/test-dir/MiniOzoneClusterImpl-306848a7-f3db-4b9e-8a0f-7b9627716070/datanode-8/data/ratis/0c75af4e-b7a5-4c44-9fa7-4dd0b4d884a5/in_use.lock acquired by nodename 29571@pr-hdds2162-4fxhj-20988671
2019-09-27 09:14:25,037 [pool-37-thread-1] INFO  storage.RaftStorageDirectory (RaftStorageDirectory.java:tryLock(328)) - Lock on /workdir/hadoop-ozone/integration-test/target/test-dir/MiniOzoneClusterImpl-306848a7-f3db-4b9e-8a0f-7b9627716070/datanode-1/data/ratis/0c75af4e-b7a5-4c44-9fa7-4dd0b4d884a5/in_use.lock acquired by nodename 29571@pr-hdds2162-4fxhj-20988671
2019-09-27 09:14:25,037 [pool-67-thread-1] INFO  storage.RaftStorageDirectory (RaftStorageDirectory.java:tryLock(328)) - Lock on /workdir/hadoop-ozone/integration-test/target/test-dir/MiniOzoneClusterImpl-306848a7-f3db-4b9e-8a0f-7b9627716070/datanode-4/data/ratis/0c75af4e-b7a5-4c44-9fa7-4dd0b4d884a5/in_use.lock acquired by nodename 29571@pr-hdds2162-4fxhj-20988671
2019-09-27 09:14:25,042 [a8cc1a37-a8a6-4a7f-81dc-bc9c8df542bb@group-37875B9A5262:LeaderElection1] INFO  impl.RoleInfo (RoleInfo.java:updateAndGet(143)) - a8cc1a37-a8a6-4a7f-81dc-bc9c8df542bb: start LeaderState
2019-09-27 09:14:25,050 [pool-37-thread-1] INFO  storage.RaftStorage (RaftStorage.java:format(72)) - Storage directory /workdir/hadoop-ozone/integration-test/target/test-dir/MiniOzoneClusterImpl-306848a7-f3db-4b9e-8a0f-7b9627716070/datanode-1/data/ratis/0c75af4e-b7a5-4c44-9fa7-4dd0b4d884a5 has been successfully formatted.
2019-09-27 09:14:25,050 [pool-107-thread-1] INFO  storage.RaftStorage (RaftStorage.java:format(72)) - Storage directory /workdir/hadoop-ozone/integration-test/target/test-dir/MiniOzoneClusterImpl-306848a7-f3db-4b9e-8a0f-7b9627716070/datanode-8/data/ratis/0c75af4e-b7a5-4c44-9fa7-4dd0b4d884a5 has been successfully formatted.
2019-09-27 09:14:25,050 [pool-67-thread-1] INFO  storage.RaftStorage (RaftStorage.java:format(72)) - Storage directory /workdir/hadoop-ozone/integration-test/target/test-dir/MiniOzoneClusterImpl-306848a7-f3db-4b9e-8a0f-7b9627716070/datanode-4/data/ratis/0c75af4e-b7a5-4c44-9fa7-4dd0b4d884a5 has been successfully formatted.
2019-09-27 09:14:25,051 [pool-37-thread-1] INFO  ratis.ContainerStateMachine (ContainerStateMachine.java:loadSnapshot(230)) - group-4DD0B4D884A5: The snapshot info is null. Setting the last applied indexto:(t:0, i:~)
2019-09-27 09:14:25,051 [pool-107-thread-1] INFO  ratis.ContainerStateMachine (ContainerStateMachine.java:loadSnapshot(230)) - group-4DD0B4D884A5: The snapshot info is null. Setting the last applied indexto:(t:0, i:~)
2019-09-27 09:14:25,051 [pool-37-thread-1] INFO  server.RaftServerConfigKeys (ConfUtils.java:logGet(43)) - raft.server.notification.no-leader.timeout = 120s (custom)
2019-09-27 09:14:25,051 [pool-67-thread-1] INFO  ratis.ContainerStateMachine (ContainerStateMachine.java:loadSnapshot(230)) - group-4DD0B4D884A5: The snapshot info is null. Setting the last applied indexto:(t:0, i:~)
2019-09-27 09:14:25,051 [pool-37-thread-1] INFO  server.RaftServerConfigKeys (ConfUtils.java:logGet(43)) - raft.server.log.use.memory = false (default)
2019-09-27 09:14:25,051 [pool-107-thread-1] INFO  server.RaftServerConfigKeys (ConfUtils.java:logGet(43)) - raft.server.notification.no-leader.timeout = 120s (custom)
2019-09-27 09:14:25,051 [pool-37-thread-1] INFO  server.RaftServerConfigKeys (ConfUtils.java:logGet(43)) - raft.server.log.purge.gap = 1000000 (custom)
2019-09-27 09:14:25,051 [pool-67-thread-1] INFO  server.RaftServerConfigKeys (ConfUtils.java:logGet(43)) - raft.server.notification.no-leader.timeout = 120s (custom)
2019-09-27 09:14:25,051 [pool-37-thread-1] INFO  server.RaftServerConfigKeys (ConfUtils.java:logGet(43)) - raft.server.log.appender.buffer.byte-limit = 33554432 (custom)
2019-09-27 09:14:25,051 [pool-107-thread-1] INFO  server.RaftServerConfigKeys (ConfUtils.java:logGet(43)) - raft.server.log.use.memory = false (default)
2019-09-27 09:14:25,052 [pool-37-thread-1] INFO  server.RaftServerConfigKeys (ConfUtils.java:logGet(43)) - raft.server.log.segment.size.max = 1048576 (custom)
2019-09-27 09:14:25,052 [pool-67-thread-1] INFO  server.RaftServerConfigKeys (ConfUtils.java:logGet(43)) - raft.server.log.use.memory = false (default)
2019-09-27 09:14:25,052 [pool-37-thread-1] INFO  server.RaftServerConfigKeys (ConfUtils.java:logGet(43)) - raft.server.log.segment.cache.num.max = 2 (custom)
2019-09-27 09:14:25,052 [pool-107-thread-1] INFO  server.RaftServerConfigKeys (ConfUtils.java:logGet(43)) - raft.server.log.purge.gap = 1000000 (custom)
2019-09-27 09:14:25,052 [pool-37-thread-1] INFO  segmented.SegmentedRaftLogWorker (SegmentedRaftLogWorker.java:<init>(172)) - new 0821efe4-c707-4fcc-94f8-cb827e7ada87@group-4DD0B4D884A5-SegmentedRaftLogWorker for RaftStorage:Storage Directory /workdir/hadoop-ozone/integration-test/target/test-dir/MiniOzoneClusterImpl-306848a7-f3db-4b9e-8a0f-7b9627716070/datanode-1/data/ratis/0c75af4e-b7a5-4c44-9fa7-4dd0b4d884a5
2019-09-27 09:14:25,052 [pool-67-thread-1] INFO  server.RaftServerConfigKeys (ConfUtils.java:logGet(43)) - raft.server.log.purge.gap = 1000000 (custom)
2019-09-27 09:14:25,052 [pool-37-thread-1] INFO  server.RaftServerConfigKeys (ConfUtils.java:logGet(43)) - raft.server.log.queue.byte-limit = 2147483647 (custom)
2019-09-27 09:14:25,052 [pool-107-thread-1] INFO  server.RaftServerConfigKeys (ConfUtils.java:logGet(43)) - raft.server.log.appender.buffer.byte-limit = 33554432 (custom)
2019-09-27 09:14:25,052 [pool-37-thread-1] INFO  server.RaftServerConfigKeys (ConfUtils.java:logGet(43)) - raft.server.log.queue.element-limit = 1024 (custom)
2019-09-27 09:14:25,052 [pool-67-thread-1] INFO  server.RaftServerConfigKeys (ConfUtils.java:logGet(43)) - raft.server.log.appender.buffer.byte-limit = 33554432 (custom)
2019-09-27 09:14:25,053 [pool-37-thread-1] INFO  server.RaftServerConfigKeys (ConfUtils.java:logGet(43)) - raft.server.log.segment.size.max = 1048576 (custom)
2019-09-27 09:14:25,053 [pool-107-thread-1] INFO  server.RaftServerConfigKeys (ConfUtils.java:logGet(43)) - raft.server.log.segment.size.max = 1048576 (custom)
2019-09-27 09:14:25,053 [pool-37-thread-1] INFO  server.RaftServerConfigKeys (ConfUtils.java:logGet(43)) - raft.server.log.preallocated.size = 16384 (custom)
2019-09-27 09:14:25,053 [pool-67-thread-1] INFO  server.RaftServerConfigKeys (ConfUtils.java:logGet(43)) - raft.server.log.segment.size.max = 1048576 (custom)
2019-09-27 09:14:25,053 [pool-37-thread-1] INFO  server.RaftServerConfigKeys (ConfUtils.java:logGet(43)) - raft.server.log.write.buffer.size = 33554432 (custom)
2019-09-27 09:14:25,053 [pool-107-thread-1] INFO  server.RaftServerConfigKeys (ConfUtils.java:logGet(43)) - raft.server.log.segment.cache.num.max = 2 (custom)
2019-09-27 09:14:25,053 [pool-37-thread-1] INFO  server.RaftServerConfigKeys (ConfUtils.java:logGet(43)) - raft.server.log.force.sync.num = 128 (default)
2019-09-27 09:14:25,053 [pool-67-thread-1] INFO  server.RaftServerConfigKeys (ConfUtils.java:logGet(43)) - raft.server.log.segment.cache.num.max = 2 (custom)
2019-09-27 09:14:25,053 [pool-37-thread-1] INFO  server.RaftServerConfigKeys (ConfUtils.java:logGet(43)) - raft.server.log.statemachine.data.sync = true (default)
2019-09-27 09:14:25,053 [pool-107-thread-1] INFO  segmented.SegmentedRaftLogWorker (SegmentedRaftLogWorker.java:<init>(172)) - new 1b1c50e1-42fe-4038-95e1-cf5ebbb85fbb@group-4DD0B4D884A5-SegmentedRaftLogWorker for RaftStorage:Storage Directory /workdir/hadoop-ozone/integration-test/target/test-dir/MiniOzoneClusterImpl-306848a7-f3db-4b9e-8a0f-7b9627716070/datanode-8/data/ratis/0c75af4e-b7a5-4c44-9fa7-4dd0b4d884a5
2019-09-27 09:14:25,054 [pool-37-thread-1] INFO  server.RaftServerConfigKeys (ConfUtils.java:logGet(43)) - raft.server.log.statemachine.data.sync.timeout = 10s (default)
2019-09-27 09:14:25,053 [pool-67-thread-1] INFO  segmented.SegmentedRaftLogWorker (SegmentedRaftLogWorker.java:<init>(172)) - new a7400050-0947-41b0-8512-caed91bc5dce@group-4DD0B4D884A5-SegmentedRaftLogWorker for RaftStorage:Storage Directory /workdir/hadoop-ozone/integration-test/target/test-dir/MiniOzoneClusterImpl-306848a7-f3db-4b9e-8a0f-7b9627716070/datanode-4/data/ratis/0c75af4e-b7a5-4c44-9fa7-4dd0b4d884a5
2019-09-27 09:14:25,054 [pool-37-thread-1] INFO  server.RaftServerConfigKeys (ConfUtils.java:logGet(43)) - raft.server.log.statemachine.data.sync.timeout.retry = -1 (default)
2019-09-27 09:14:25,054 [pool-107-thread-1] INFO  server.RaftServerConfigKeys (ConfUtils.java:logGet(43)) - raft.server.log.queue.byte-limit = 2147483647 (custom)
2019-09-27 09:14:25,054 [pool-37-thread-1] INFO  server.RaftServerConfigKeys (ConfUtils.java:logGet(43)) - raft.server.log.statemachine.data.caching.enabled = true (custom)
2019-09-27 09:14:25,054 [pool-67-thread-1] INFO  server.RaftServerConfigKeys (ConfUtils.java:logGet(43)) - raft.server.log.queue.byte-limit = 2147483647 (custom)
2019-09-27 09:14:25,054 [pool-107-thread-1] INFO  server.RaftServerConfigKeys (ConfUtils.java:logGet(43)) - raft.server.log.queue.element-limit = 1024 (custom)
2019-09-27 09:14:25,054 [pool-37-thread-1] INFO  segmented.SegmentedRaftLogWorker (SegmentedRaftLogWorker.java:lambda$new$0(132)) - 0821efe4-c707-4fcc-94f8-cb827e7ada87@group-4DD0B4D884A5-SegmentedRaftLogWorker: flushIndex: setUnconditionally 0 -> -1
2019-09-27 09:14:25,054 [pool-67-thread-1] INFO  server.RaftServerConfigKeys (ConfUtils.java:logGet(43)) - raft.server.log.queue.element-limit = 1024 (custom)
2019-09-27 09:14:25,054 [pool-107-thread-1] INFO  server.RaftServerConfigKeys (ConfUtils.java:logGet(43)) - raft.server.log.segment.size.max = 1048576 (custom)
2019-09-27 09:14:25,055 [pool-67-thread-1] INFO  server.RaftServerConfigKeys (ConfUtils.java:logGet(43)) - raft.server.log.segment.size.max = 1048576 (custom)
2019-09-27 09:14:25,055 [pool-37-thread-1] INFO  server.RaftServerConfigKeys (ConfUtils.java:logGet(43)) - raft.server.snapshot.auto.trigger.enabled = true (custom)
2019-09-27 09:14:25,055 [pool-67-thread-1] INFO  server.RaftServerConfigKeys (ConfUtils.java:logGet(43)) - raft.server.log.preallocated.size = 16384 (custom)
2019-09-27 09:14:25,055 [pool-107-thread-1] INFO  server.RaftServerConfigKeys (ConfUtils.java:logGet(43)) - raft.server.log.preallocated.size = 16384 (custom)
2019-09-27 09:14:25,055 [pool-67-thread-1] INFO  server.RaftServerConfigKeys (ConfUtils.java:logGet(43)) - raft.server.log.write.buffer.size = 33554432 (custom)
2019-09-27 09:14:25,055 [pool-37-thread-1] INFO  server.RaftServerConfigKeys (ConfUtils.java:logGet(43)) - raft.server.snapshot.auto.trigger.threshold = 10000 (custom)
2019-09-27 09:14:25,055 [pool-67-thread-1] INFO  server.RaftServerConfigKeys (ConfUtils.java:logGet(43)) - raft.server.log.force.sync.num = 128 (default)
2019-09-27 09:14:25,055 [pool-107-thread-1] INFO  server.RaftServerConfigKeys (ConfUtils.java:logGet(43)) - raft.server.log.write.buffer.size = 33554432 (custom)
2019-09-27 09:14:25,055 [pool-67-thread-1] INFO  server.RaftServerConfigKeys (ConfUtils.java:logGet(43)) - raft.server.log.statemachine.data.sync = true (default)
2019-09-27 09:14:25,055 [pool-37-thread-1] INFO  server.RaftServerConfigKeys (ConfUtils.java:logGet(43)) - raft.server.snapshot.retention.num.files = 5 (custom)
2019-09-27 09:14:25,055 [pool-67-thread-1] INFO  server.RaftServerConfigKeys (ConfUtils.java:logGet(43)) - raft.server.log.statemachine.data.sync.timeout = 10s (default)
2019-09-27 09:14:25,055 [pool-107-thread-1] INFO  server.RaftServerConfigKeys (ConfUtils.java:logGet(43)) - raft.server.log.force.sync.num = 128 (default)
2019-09-27 09:14:25,056 [pool-67-thread-1] INFO  server.RaftServerConfigKeys (ConfUtils.java:logGet(43)) - raft.server.log.statemachine.data.sync.timeout.retry = -1 (default)
2019-09-27 09:14:25,056 [pool-37-thread-1] INFO  server.RaftServerConfigKeys (ConfUtils.java:logGet(43)) - raft.server.retrycache.expirytime = 600000ms (custom)
2019-09-27 09:14:25,056 [pool-67-thread-1] INFO  server.RaftServerConfigKeys (ConfUtils.java:logGet(43)) - raft.server.log.statemachine.data.caching.enabled = true (custom)
2019-09-27 09:14:25,056 [pool-107-thread-1] INFO  server.RaftServerConfigKeys (ConfUtils.java:logGet(43)) - raft.server.log.statemachine.data.sync = true (default)
2019-09-27 09:14:25,056 [pool-67-thread-1] INFO  segmented.SegmentedRaftLogWorker (SegmentedRaftLogWorker.java:lambda$new$0(132)) - a7400050-0947-41b0-8512-caed91bc5dce@group-4DD0B4D884A5-SegmentedRaftLogWorker: flushIndex: setUnconditionally 0 -> -1
2019-09-27 09:14:25,056 [pool-107-thread-1] INFO  server.RaftServerConfigKeys (ConfUtils.java:logGet(43)) - raft.server.log.statemachine.data.sync.timeout = 10s (default)
2019-09-27 09:14:25,056 [pool-67-thread-1] INFO  server.RaftServerConfigKeys (ConfUtils.java:logGet(43)) - raft.server.snapshot.auto.trigger.enabled = true (custom)
2019-09-27 09:14:25,056 [pool-107-thread-1] INFO  server.RaftServerConfigKeys (ConfUtils.java:logGet(43)) - raft.server.log.statemachine.data.sync.timeout.retry = -1 (default)
2019-09-27 09:14:25,056 [pool-67-thread-1] INFO  server.RaftServerConfigKeys (ConfUtils.java:logGet(43)) - raft.server.snapshot.auto.trigger.threshold = 10000 (custom)
2019-09-27 09:14:25,057 [pool-107-thread-1] INFO  server.RaftServerConfigKeys (ConfUtils.java:logGet(43)) - raft.server.log.statemachine.data.caching.enabled = true (custom)
2019-09-27 09:14:25,057 [pool-67-thread-1] INFO  server.RaftServerConfigKeys (ConfUtils.java:logGet(43)) - raft.server.snapshot.retention.num.files = 5 (custom)
2019-09-27 09:14:25,057 [pool-67-thread-1] INFO  server.RaftServerConfigKeys (ConfUtils.java:logGet(43)) - raft.server.retrycache.expirytime = 600000ms (custom)
2019-09-27 09:14:25,057 [pool-107-thread-1] INFO  segmented.SegmentedRaftLogWorker (SegmentedRaftLogWorker.java:lambda$new$0(132)) - 1b1c50e1-42fe-4038-95e1-cf5ebbb85fbb@group-4DD0B4D884A5-SegmentedRaftLogWorker: flushIndex: setUnconditionally 0 -> -1
2019-09-27 09:14:25,057 [pool-107-thread-1] INFO  server.RaftServerConfigKeys (ConfUtils.java:logGet(43)) - raft.server.snapshot.auto.trigger.enabled = true (custom)
2019-09-27 09:14:25,057 [pool-107-thread-1] INFO  server.RaftServerConfigKeys (ConfUtils.java:logGet(43)) - raft.server.snapshot.auto.trigger.threshold = 10000 (custom)
2019-09-27 09:14:25,057 [pool-107-thread-1] INFO  server.RaftServerConfigKeys (ConfUtils.java:logGet(43)) - raft.server.snapshot.retention.num.files = 5 (custom)
2019-09-27 09:14:25,058 [pool-107-thread-1] INFO  server.RaftServerConfigKeys (ConfUtils.java:logGet(43)) - raft.server.retrycache.expirytime = 600000ms (custom)
2019-09-27 09:14:25,058 [pool-37-thread-1] INFO  impl.RaftServerImpl (RaftServerImpl.java:start(185)) - 0821efe4-c707-4fcc-94f8-cb827e7ada87@group-4DD0B4D884A5: start as a follower, conf=-1: [a7400050-0947-41b0-8512-caed91bc5dce:192.168.151.103:33851, 1b1c50e1-42fe-4038-95e1-cf5ebbb85fbb:192.168.151.103:40816, 0821efe4-c707-4fcc-94f8-cb827e7ada87:192.168.151.103:33210], old=null
2019-09-27 09:14:25,058 [pool-37-thread-1] INFO  impl.RaftServerImpl (RaftServerImpl.java:setRole(174)) - 0821efe4-c707-4fcc-94f8-cb827e7ada87@group-4DD0B4D884A5: changes role from      null to FOLLOWER at term 0 for startAsFollower
2019-09-27 09:14:25,058 [pool-37-thread-1] INFO  impl.RoleInfo (RoleInfo.java:updateAndGet(143)) - 0821efe4-c707-4fcc-94f8-cb827e7ada87: start FollowerState
2019-09-27 09:14:25,061 [pool-37-thread-1] INFO  util.JmxRegister (JmxRegister.java:tryRegister(44)) - Successfully registered JMX Bean with object name Ratis:service=RaftServer,group=group-4DD0B4D884A5,id=0821efe4-c707-4fcc-94f8-cb827e7ada87
2019-09-27 09:14:25,063 [pool-67-thread-1] INFO  impl.RaftServerImpl (RaftServerImpl.java:start(185)) - a7400050-0947-41b0-8512-caed91bc5dce@group-4DD0B4D884A5: start as a follower, conf=-1: [a7400050-0947-41b0-8512-caed91bc5dce:192.168.151.103:33851, 1b1c50e1-42fe-4038-95e1-cf5ebbb85fbb:192.168.151.103:40816, 0821efe4-c707-4fcc-94f8-cb827e7ada87:192.168.151.103:33210], old=null
2019-09-27 09:14:25,063 [pool-67-thread-1] INFO  impl.RaftServerImpl (RaftServerImpl.java:setRole(174)) - a7400050-0947-41b0-8512-caed91bc5dce@group-4DD0B4D884A5: changes role from      null to FOLLOWER at term 0 for startAsFollower
2019-09-27 09:14:25,063 [pool-67-thread-1] INFO  impl.RoleInfo (RoleInfo.java:updateAndGet(143)) - a7400050-0947-41b0-8512-caed91bc5dce: start FollowerState
2019-09-27 09:14:25,063 [pool-67-thread-1] INFO  util.JmxRegister (JmxRegister.java:tryRegister(44)) - Successfully registered JMX Bean with object name Ratis:service=RaftServer,group=group-4DD0B4D884A5,id=a7400050-0947-41b0-8512-caed91bc5dce
2019-09-27 09:14:25,064 [pool-107-thread-1] INFO  impl.RaftServerImpl (RaftServerImpl.java:start(185)) - 1b1c50e1-42fe-4038-95e1-cf5ebbb85fbb@group-4DD0B4D884A5: start as a follower, conf=-1: [a7400050-0947-41b0-8512-caed91bc5dce:192.168.151.103:33851, 1b1c50e1-42fe-4038-95e1-cf5ebbb85fbb:192.168.151.103:40816, 0821efe4-c707-4fcc-94f8-cb827e7ada87:192.168.151.103:33210], old=null
2019-09-27 09:14:25,064 [pool-107-thread-1] INFO  impl.RaftServerImpl (RaftServerImpl.java:setRole(174)) - 1b1c50e1-42fe-4038-95e1-cf5ebbb85fbb@group-4DD0B4D884A5: changes role from      null to FOLLOWER at term 0 for startAsFollower
2019-09-27 09:14:25,064 [pool-107-thread-1] INFO  impl.RoleInfo (RoleInfo.java:updateAndGet(143)) - 1b1c50e1-42fe-4038-95e1-cf5ebbb85fbb: start FollowerState
2019-09-27 09:14:25,064 [a8cc1a37-a8a6-4a7f-81dc-bc9c8df542bb@group-37875B9A5262:LeaderElection1] INFO  segmented.SegmentedRaftLogWorker (SegmentedRaftLogWorker.java:startLogSegment(380)) - a8cc1a37-a8a6-4a7f-81dc-bc9c8df542bb@group-37875B9A5262-SegmentedRaftLogWorker: Starting segment from index:0
2019-09-27 09:14:25,064 [pool-107-thread-1] INFO  util.JmxRegister (JmxRegister.java:tryRegister(44)) - Successfully registered JMX Bean with object name Ratis:service=RaftServer,group=group-4DD0B4D884A5,id=1b1c50e1-42fe-4038-95e1-cf5ebbb85fbb
2019-09-27 09:14:25,080 [RatisPipelineUtilsThread] INFO  pipeline.PipelineStateManager (PipelineStateManager.java:addPipeline(56)) - Created pipeline Pipeline[ Id: 0c75af4e-b7a5-4c44-9fa7-4dd0b4d884a5, Nodes: 1b1c50e1-42fe-4038-95e1-cf5ebbb85fbb{ip: 192.168.151.103, host: pr-hdds2162-4fxhj-20988671, networkLocation: /rack1, certSerialId: null}0821efe4-c707-4fcc-94f8-cb827e7ada87{ip: 192.168.151.103, host: pr-hdds2162-4fxhj-20988671, networkLocation: /rack1, certSerialId: null}a7400050-0947-41b0-8512-caed91bc5dce{ip: 192.168.151.103, host: pr-hdds2162-4fxhj-20988671, networkLocation: /rack1, certSerialId: null}, Type:RATIS, Factor:THREE, State:OPEN]
2019-09-27 09:14:25,097 [a8cc1a37-a8a6-4a7f-81dc-bc9c8df542bb@group-37875B9A5262:LeaderElection1] INFO  impl.RaftServerImpl (ServerState.java:setRaftConf(354)) - a8cc1a37-a8a6-4a7f-81dc-bc9c8df542bb@group-37875B9A5262: set configuration 0: [a8cc1a37-a8a6-4a7f-81dc-bc9c8df542bb:192.168.151.103:41868], old=null at 0
2019-09-27 09:14:25,101 [grpc-default-executor-2] INFO  impl.RaftServerProxy (RaftServerProxy.java:addNew(89)) - a8cc1a37-a8a6-4a7f-81dc-bc9c8df542bb: addNew group-27CEAF660913:[a8cc1a37-a8a6-4a7f-81dc-bc9c8df542bb:192.168.151.103:41868, b93e8517-84f8-4f68-bef3-e117f2a0c787:192.168.151.103:46577, d31f9c36-f111-497e-b7b9-765da331cca9:192.168.151.103:34138] returns group-27CEAF660913:java.util.concurrent.CompletableFuture@2b7edfd9[Not completed]
2019-09-27 09:14:25,105 [grpc-default-executor-2] INFO  impl.RaftServerProxy (RaftServerProxy.java:addNew(89)) - d31f9c36-f111-497e-b7b9-765da331cca9: addNew group-27CEAF660913:[a8cc1a37-a8a6-4a7f-81dc-bc9c8df542bb:192.168.151.103:41868, b93e8517-84f8-4f68-bef3-e117f2a0c787:192.168.151.103:46577, d31f9c36-f111-497e-b7b9-765da331cca9:192.168.151.103:34138] returns group-27CEAF660913:java.util.concurrent.CompletableFuture@36c696dd[Not completed]
2019-09-27 09:14:25,105 [grpc-default-executor-0] INFO  impl.RaftServerProxy (RaftServerProxy.java:addNew(89)) - b93e8517-84f8-4f68-bef3-e117f2a0c787: addNew group-27CEAF660913:[a8cc1a37-a8a6-4a7f-81dc-bc9c8df542bb:192.168.151.103:41868, b93e8517-84f8-4f68-bef3-e117f2a0c787:192.168.151.103:46577, d31f9c36-f111-497e-b7b9-765da331cca9:192.168.151.103:34138] returns group-27CEAF660913:java.util.concurrent.CompletableFuture@372c9522[Not completed]
2019-09-27 09:14:25,106 [pool-27-thread-1] INFO  impl.RaftServerImpl (RaftServerImpl.java:<init>(95)) - a8cc1a37-a8a6-4a7f-81dc-bc9c8df542bb: new RaftServerImpl for group-27CEAF660913:[a8cc1a37-a8a6-4a7f-81dc-bc9c8df542bb:192.168.151.103:41868, b93e8517-84f8-4f68-bef3-e117f2a0c787:192.168.151.103:46577, d31f9c36-f111-497e-b7b9-765da331cca9:192.168.151.103:34138] with ContainerStateMachine:uninitialized
2019-09-27 09:14:25,106 [pool-27-thread-1] INFO  server.RaftServerConfigKeys (ConfUtils.java:logGet(43)) - raft.server.rpc.timeout.min = 1s (custom)
2019-09-27 09:14:25,106 [pool-27-thread-1] INFO  server.RaftServerConfigKeys (ConfUtils.java:logGet(43)) - raft.server.rpc.timeout.max = 1200ms (custom)
2019-09-27 09:14:25,106 [pool-27-thread-1] INFO  server.RaftServerConfigKeys (ConfUtils.java:logGet(43)) - raft.server.rpcslowness.timeout = 120s (custom)
2019-09-27 09:14:25,106 [pool-27-thread-1] INFO  server.RaftServerConfigKeys (ConfUtils.java:logGet(43)) - raft.server.sleep.deviation.threshold = 300 (default)
2019-09-27 09:14:25,107 [pool-27-thread-1] INFO  server.RaftServerConfigKeys (ConfUtils.java:logGet(43)) - raft.server.log.appender.install.snapshot.enabled = false (custom)
2019-09-27 09:14:25,107 [pool-27-thread-1] INFO  impl.RaftServerImpl (ServerState.java:<init>(103)) - a8cc1a37-a8a6-4a7f-81dc-bc9c8df542bb@group-27CEAF660913: ConfigurationManager, init=-1: [a8cc1a37-a8a6-4a7f-81dc-bc9c8df542bb:192.168.151.103:41868, b93e8517-84f8-4f68-bef3-e117f2a0c787:192.168.151.103:46577, d31f9c36-f111-497e-b7b9-765da331cca9:192.168.151.103:34138], old=null, confs=<EMPTY_MAP>
2019-09-27 09:14:25,107 [pool-77-thread-1] INFO  impl.RaftServerImpl (RaftServerImpl.java:<init>(95)) - d31f9c36-f111-497e-b7b9-765da331cca9: new RaftServerImpl for group-27CEAF660913:[a8cc1a37-a8a6-4a7f-81dc-bc9c8df542bb:192.168.151.103:41868, b93e8517-84f8-4f68-bef3-e117f2a0c787:192.168.151.103:46577, d31f9c36-f111-497e-b7b9-765da331cca9:192.168.151.103:34138] with ContainerStateMachine:uninitialized
2019-09-27 09:14:25,107 [pool-27-thread-1] INFO  server.RaftServerConfigKeys (ConfUtils.java:logGet(43)) - raft.server.storage.dir = [/workdir/hadoop-ozone/integration-test/target/test-dir/MiniOzoneClusterImpl-306848a7-f3db-4b9e-8a0f-7b9627716070/datanode-0/data/ratis] (custom)
2019-09-27 09:14:25,107 [pool-77-thread-1] INFO  server.RaftServerConfigKeys (ConfUtils.java:logGet(43)) - raft.server.rpc.timeout.min = 1s (custom)
2019-09-27 09:14:25,107 [pool-77-thread-1] INFO  server.RaftServerConfigKeys (ConfUtils.java:logGet(43)) - raft.server.rpc.timeout.max = 1200ms (custom)
2019-09-27 09:14:25,107 [pool-97-thread-1] INFO  impl.RaftServerImpl (RaftServerImpl.java:<init>(95)) - b93e8517-84f8-4f68-bef3-e117f2a0c787: new RaftServerImpl for group-27CEAF660913:[a8cc1a37-a8a6-4a7f-81dc-bc9c8df542bb:192.168.151.103:41868, b93e8517-84f8-4f68-bef3-e117f2a0c787:192.168.151.103:46577, d31f9c36-f111-497e-b7b9-765da331cca9:192.168.151.103:34138] with ContainerStateMachine:uninitialized
2019-09-27 09:14:25,107 [pool-27-thread-1] INFO  storage.RaftStorageDirectory (RaftStorageDirectory.java:analyzeStorage(246)) - The storage directory /workdir/hadoop-ozone/integration-test/target/test-dir/MiniOzoneClusterImpl-306848a7-f3db-4b9e-8a0f-7b9627716070/datanode-0/data/ratis/438e19ef-e351-4d68-a90b-27ceaf660913 does not exist. Creating ...
2019-09-27 09:14:25,107 [pool-77-thread-1] INFO  server.RaftServerConfigKeys (ConfUtils.java:logGet(43)) - raft.server.rpcslowness.timeout = 120s (custom)
2019-09-27 09:14:25,107 [pool-97-thread-1] INFO  server.RaftServerConfigKeys (ConfUtils.java:logGet(43)) - raft.server.rpc.timeout.min = 1s (custom)
2019-09-27 09:14:25,107 [pool-77-thread-1] INFO  server.RaftServerConfigKeys (ConfUtils.java:logGet(43)) - raft.server.sleep.deviation.threshold = 300 (default)
2019-09-27 09:14:25,107 [pool-97-thread-1] INFO  server.RaftServerConfigKeys (ConfUtils.java:logGet(43)) - raft.server.rpc.timeout.max = 1200ms (custom)
2019-09-27 09:14:25,108 [pool-77-thread-1] INFO  server.RaftServerConfigKeys (ConfUtils.java:logGet(43)) - raft.server.log.appender.install.snapshot.enabled = false (custom)
2019-09-27 09:14:25,108 [pool-97-thread-1] INFO  server.RaftServerConfigKeys (ConfUtils.java:logGet(43)) - raft.server.rpcslowness.timeout = 120s (custom)
2019-09-27 09:14:25,108 [pool-77-thread-1] INFO  impl.RaftServerImpl (ServerState.java:<init>(103)) - d31f9c36-f111-497e-b7b9-765da331cca9@group-27CEAF660913: ConfigurationManager, init=-1: [a8cc1a37-a8a6-4a7f-81dc-bc9c8df542bb:192.168.151.103:41868, b93e8517-84f8-4f68-bef3-e117f2a0c787:192.168.151.103:46577, d31f9c36-f111-497e-b7b9-765da331cca9:192.168.151.103:34138], old=null, confs=<EMPTY_MAP>
2019-09-27 09:14:25,108 [pool-97-thread-1] INFO  server.RaftServerConfigKeys (ConfUtils.java:logGet(43)) - raft.server.sleep.deviation.threshold = 300 (default)
2019-09-27 09:14:25,108 [pool-97-thread-1] INFO  server.RaftServerConfigKeys (ConfUtils.java:logGet(43)) - raft.server.log.appender.install.snapshot.enabled = false (custom)
2019-09-27 09:14:25,108 [pool-77-thread-1] INFO  server.RaftServerConfigKeys (ConfUtils.java:logGet(43)) - raft.server.storage.dir = [/workdir/hadoop-ozone/integration-test/target/test-dir/MiniOzoneClusterImpl-306848a7-f3db-4b9e-8a0f-7b9627716070/datanode-5/data/ratis] (custom)
2019-09-27 09:14:25,108 [pool-97-thread-1] INFO  impl.RaftServerImpl (ServerState.java:<init>(103)) - b93e8517-84f8-4f68-bef3-e117f2a0c787@group-27CEAF660913: ConfigurationManager, init=-1: [a8cc1a37-a8a6-4a7f-81dc-bc9c8df542bb:192.168.151.103:41868, b93e8517-84f8-4f68-bef3-e117f2a0c787:192.168.151.103:46577, d31f9c36-f111-497e-b7b9-765da331cca9:192.168.151.103:34138], old=null, confs=<EMPTY_MAP>
2019-09-27 09:14:25,108 [pool-97-thread-1] INFO  server.RaftServerConfigKeys (ConfUtils.java:logGet(43)) - raft.server.storage.dir = [/workdir/hadoop-ozone/integration-test/target/test-dir/MiniOzoneClusterImpl-306848a7-f3db-4b9e-8a0f-7b9627716070/datanode-7/data/ratis] (custom)
2019-09-27 09:14:25,108 [pool-77-thread-1] INFO  storage.RaftStorageDirectory (RaftStorageDirectory.java:analyzeStorage(246)) - The storage directory /workdir/hadoop-ozone/integration-test/target/test-dir/MiniOzoneClusterImpl-306848a7-f3db-4b9e-8a0f-7b9627716070/datanode-5/data/ratis/438e19ef-e351-4d68-a90b-27ceaf660913 does not exist. Creating ...
2019-09-27 09:14:25,108 [pool-97-thread-1] INFO  storage.RaftStorageDirectory (RaftStorageDirectory.java:analyzeStorage(246)) - The storage directory /workdir/hadoop-ozone/integration-test/target/test-dir/MiniOzoneClusterImpl-306848a7-f3db-4b9e-8a0f-7b9627716070/datanode-7/data/ratis/438e19ef-e351-4d68-a90b-27ceaf660913 does not exist. Creating ...
2019-09-27 09:14:25,121 [pool-77-thread-1] INFO  storage.RaftStorageDirectory (RaftStorageDirectory.java:tryLock(328)) - Lock on /workdir/hadoop-ozone/integration-test/target/test-dir/MiniOzoneClusterImpl-306848a7-f3db-4b9e-8a0f-7b9627716070/datanode-5/data/ratis/438e19ef-e351-4d68-a90b-27ceaf660913/in_use.lock acquired by nodename 29571@pr-hdds2162-4fxhj-20988671
2019-09-27 09:14:25,121 [pool-27-thread-1] INFO  storage.RaftStorageDirectory (RaftStorageDirectory.java:tryLock(328)) - Lock on /workdir/hadoop-ozone/integration-test/target/test-dir/MiniOzoneClusterImpl-306848a7-f3db-4b9e-8a0f-7b9627716070/datanode-0/data/ratis/438e19ef-e351-4d68-a90b-27ceaf660913/in_use.lock acquired by nodename 29571@pr-hdds2162-4fxhj-20988671
2019-09-27 09:14:25,121 [pool-97-thread-1] INFO  storage.RaftStorageDirectory (RaftStorageDirectory.java:tryLock(328)) - Lock on /workdir/hadoop-ozone/integration-test/target/test-dir/MiniOzoneClusterImpl-306848a7-f3db-4b9e-8a0f-7b9627716070/datanode-7/data/ratis/438e19ef-e351-4d68-a90b-27ceaf660913/in_use.lock acquired by nodename 29571@pr-hdds2162-4fxhj-20988671
2019-09-27 09:14:25,134 [pool-97-thread-1] INFO  storage.RaftStorage (RaftStorage.java:format(72)) - Storage directory /workdir/hadoop-ozone/integration-test/target/test-dir/MiniOzoneClusterImpl-306848a7-f3db-4b9e-8a0f-7b9627716070/datanode-7/data/ratis/438e19ef-e351-4d68-a90b-27ceaf660913 has been successfully formatted.
2019-09-27 09:14:25,134 [pool-27-thread-1] INFO  storage.RaftStorage (RaftStorage.java:format(72)) - Storage directory /workdir/hadoop-ozone/integration-test/target/test-dir/MiniOzoneClusterImpl-306848a7-f3db-4b9e-8a0f-7b9627716070/datanode-0/data/ratis/438e19ef-e351-4d68-a90b-27ceaf660913 has been successfully formatted.
2019-09-27 09:14:25,134 [pool-77-thread-1] INFO  storage.RaftStorage (RaftStorage.java:format(72)) - Storage directory /workdir/hadoop-ozone/integration-test/target/test-dir/MiniOzoneClusterImpl-306848a7-f3db-4b9e-8a0f-7b9627716070/datanode-5/data/ratis/438e19ef-e351-4d68-a90b-27ceaf660913 has been successfully formatted.
2019-09-27 09:14:25,134 [pool-27-thread-1] INFO  ratis.ContainerStateMachine (ContainerStateMachine.java:loadSnapshot(230)) - group-27CEAF660913: The snapshot info is null. Setting the last applied indexto:(t:0, i:~)
2019-09-27 09:14:25,134 [pool-97-thread-1] INFO  ratis.ContainerStateMachine (ContainerStateMachine.java:loadSnapshot(230)) - group-27CEAF660913: The snapshot info is null. Setting the last applied indexto:(t:0, i:~)
2019-09-27 09:14:25,135 [pool-77-thread-1] INFO  ratis.ContainerStateMachine (ContainerStateMachine.java:loadSnapshot(230)) - group-27CEAF660913: The snapshot info is null. Setting the last applied indexto:(t:0, i:~)
2019-09-27 09:14:25,135 [pool-27-thread-1] INFO  server.RaftServerConfigKeys (ConfUtils.java:logGet(43)) - raft.server.notification.no-leader.timeout = 120s (custom)
2019-09-27 09:14:25,135 [pool-77-thread-1] INFO  server.RaftServerConfigKeys (ConfUtils.java:logGet(43)) - raft.server.notification.no-leader.timeout = 120s (custom)
2019-09-27 09:14:25,135 [pool-97-thread-1] INFO  server.RaftServerConfigKeys (ConfUtils.java:logGet(43)) - raft.server.notification.no-leader.timeout = 120s (custom)
2019-09-27 09:14:25,135 [pool-77-thread-1] INFO  server.RaftServerConfigKeys (ConfUtils.java:logGet(43)) - raft.server.log.use.memory = false (default)
2019-09-27 09:14:25,135 [pool-27-thread-1] INFO  server.RaftServerConfigKeys (ConfUtils.java:logGet(43)) - raft.server.log.use.memory = false (default)
2019-09-27 09:14:25,136 [pool-77-thread-1] INFO  server.RaftServerConfigKeys (ConfUtils.java:logGet(43)) - raft.server.log.purge.gap = 1000000 (custom)
2019-09-27 09:14:25,135 [pool-97-thread-1] INFO  server.RaftServerConfigKeys (ConfUtils.java:logGet(43)) - raft.server.log.use.memory = false (default)
2019-09-27 09:14:25,136 [pool-77-thread-1] INFO  server.RaftServerConfigKeys (ConfUtils.java:logGet(43)) - raft.server.log.appender.buffer.byte-limit = 33554432 (custom)
2019-09-27 09:14:25,136 [pool-27-thread-1] INFO  server.RaftServerConfigKeys (ConfUtils.java:logGet(43)) - raft.server.log.purge.gap = 1000000 (custom)
2019-09-27 09:14:25,136 [pool-77-thread-1] INFO  server.RaftServerConfigKeys (ConfUtils.java:logGet(43)) - raft.server.log.segment.size.max = 1048576 (custom)
2019-09-27 09:14:25,136 [pool-97-thread-1] INFO  server.RaftServerConfigKeys (ConfUtils.java:logGet(43)) - raft.server.log.purge.gap = 1000000 (custom)
2019-09-27 09:14:25,136 [pool-77-thread-1] INFO  server.RaftServerConfigKeys (ConfUtils.java:logGet(43)) - raft.server.log.segment.cache.num.max = 2 (custom)
2019-09-27 09:14:25,136 [pool-27-thread-1] INFO  server.RaftServerConfigKeys (ConfUtils.java:logGet(43)) - raft.server.log.appender.buffer.byte-limit = 33554432 (custom)
2019-09-27 09:14:25,136 [pool-77-thread-1] INFO  segmented.SegmentedRaftLogWorker (SegmentedRaftLogWorker.java:<init>(172)) - new d31f9c36-f111-497e-b7b9-765da331cca9@group-27CEAF660913-SegmentedRaftLogWorker for RaftStorage:Storage Directory /workdir/hadoop-ozone/integration-test/target/test-dir/MiniOzoneClusterImpl-306848a7-f3db-4b9e-8a0f-7b9627716070/datanode-5/data/ratis/438e19ef-e351-4d68-a90b-27ceaf660913
2019-09-27 09:14:25,136 [pool-97-thread-1] INFO  server.RaftServerConfigKeys (ConfUtils.java:logGet(43)) - raft.server.log.appender.buffer.byte-limit = 33554432 (custom)
2019-09-27 09:14:25,136 [pool-77-thread-1] INFO  server.RaftServerConfigKeys (ConfUtils.java:logGet(43)) - raft.server.log.queue.byte-limit = 2147483647 (custom)
2019-09-27 09:14:25,136 [pool-27-thread-1] INFO  server.RaftServerConfigKeys (ConfUtils.java:logGet(43)) - raft.server.log.segment.size.max = 1048576 (custom)
2019-09-27 09:14:25,137 [pool-77-thread-1] INFO  server.RaftServerConfigKeys (ConfUtils.java:logGet(43)) - raft.server.log.queue.element-limit = 1024 (custom)
2019-09-27 09:14:25,136 [pool-97-thread-1] INFO  server.RaftServerConfigKeys (ConfUtils.java:logGet(43)) - raft.server.log.segment.size.max = 1048576 (custom)
2019-09-27 09:14:25,137 [pool-77-thread-1] INFO  server.RaftServerConfigKeys (ConfUtils.java:logGet(43)) - raft.server.log.segment.size.max = 1048576 (custom)
2019-09-27 09:14:25,137 [pool-27-thread-1] INFO  server.RaftServerConfigKeys (ConfUtils.java:logGet(43)) - raft.server.log.segment.cache.num.max = 2 (custom)
2019-09-27 09:14:25,137 [pool-97-thread-1] INFO  server.RaftServerConfigKeys (ConfUtils.java:logGet(43)) - raft.server.log.segment.cache.num.max = 2 (custom)
2019-09-27 09:14:25,137 [pool-77-thread-1] INFO  server.RaftServerConfigKeys (ConfUtils.java:logGet(43)) - raft.server.log.preallocated.size = 16384 (custom)
2019-09-27 09:14:25,137 [pool-97-thread-1] INFO  segmented.SegmentedRaftLogWorker (SegmentedRaftLogWorker.java:<init>(172)) - new b93e8517-84f8-4f68-bef3-e117f2a0c787@group-27CEAF660913-SegmentedRaftLogWorker for RaftStorage:Storage Directory /workdir/hadoop-ozone/integration-test/target/test-dir/MiniOzoneClusterImpl-306848a7-f3db-4b9e-8a0f-7b9627716070/datanode-7/data/ratis/438e19ef-e351-4d68-a90b-27ceaf660913
2019-09-27 09:14:25,137 [pool-27-thread-1] INFO  segmented.SegmentedRaftLogWorker (SegmentedRaftLogWorker.java:<init>(172)) - new a8cc1a37-a8a6-4a7f-81dc-bc9c8df542bb@group-27CEAF660913-SegmentedRaftLogWorker for RaftStorage:Storage Directory /workdir/hadoop-ozone/integration-test/target/test-dir/MiniOzoneClusterImpl-306848a7-f3db-4b9e-8a0f-7b9627716070/datanode-0/data/ratis/438e19ef-e351-4d68-a90b-27ceaf660913
2019-09-27 09:14:25,137 [pool-97-thread-1] INFO  server.RaftServerConfigKeys (ConfUtils.java:logGet(43)) - raft.server.log.queue.byte-limit = 2147483647 (custom)
2019-09-27 09:14:25,137 [pool-77-thread-1] INFO  server.RaftServerConfigKeys (ConfUtils.java:logGet(43)) - raft.server.log.write.buffer.size = 33554432 (custom)
2019-09-27 09:14:25,137 [pool-97-thread-1] INFO  server.RaftServerConfigKeys (ConfUtils.java:logGet(43)) - raft.server.log.queue.element-limit = 1024 (custom)
2019-09-27 09:14:25,137 [pool-27-thread-1] INFO  server.RaftServerConfigKeys (ConfUtils.java:logGet(43)) - raft.server.log.queue.byte-limit = 2147483647 (custom)
2019-09-27 09:14:25,138 [pool-97-thread-1] INFO  server.RaftServerConfigKeys (ConfUtils.java:logGet(43)) - raft.server.log.segment.size.max = 1048576 (custom)
2019-09-27 09:14:25,137 [pool-77-thread-1] INFO  server.RaftServerConfigKeys (ConfUtils.java:logGet(43)) - raft.server.log.force.sync.num = 128 (default)
2019-09-27 09:14:25,138 [pool-97-thread-1] INFO  server.RaftServerConfigKeys (ConfUtils.java:logGet(43)) - raft.server.log.preallocated.size = 16384 (custom)
2019-09-27 09:14:25,138 [pool-27-thread-1] INFO  server.RaftServerConfigKeys (ConfUtils.java:logGet(43)) - raft.server.log.queue.element-limit = 1024 (custom)
2019-09-27 09:14:25,138 [pool-97-thread-1] INFO  server.RaftServerConfigKeys (ConfUtils.java:logGet(43)) - raft.server.log.write.buffer.size = 33554432 (custom)
2019-09-27 09:14:25,138 [pool-77-thread-1] INFO  server.RaftServerConfigKeys (ConfUtils.java:logGet(43)) - raft.server.log.statemachine.data.sync = true (default)
2019-09-27 09:14:25,138 [pool-97-thread-1] INFO  server.RaftServerConfigKeys (ConfUtils.java:logGet(43)) - raft.server.log.force.sync.num = 128 (default)
2019-09-27 09:14:25,138 [pool-27-thread-1] INFO  server.RaftServerConfigKeys (ConfUtils.java:logGet(43)) - raft.server.log.segment.size.max = 1048576 (custom)
2019-09-27 09:14:25,138 [pool-97-thread-1] INFO  server.RaftServerConfigKeys (ConfUtils.java:logGet(43)) - raft.server.log.statemachine.data.sync = true (default)
2019-09-27 09:14:25,138 [pool-77-thread-1] INFO  server.RaftServerConfigKeys (ConfUtils.java:logGet(43)) - raft.server.log.statemachine.data.sync.timeout = 10s (default)
2019-09-27 09:14:25,141 [pool-97-thread-1] INFO  server.RaftServerConfigKeys (ConfUtils.java:logGet(43)) - raft.server.log.statemachine.data.sync.timeout = 10s (default)
2019-09-27 09:14:25,138 [pool-27-thread-1] INFO  server.RaftServerConfigKeys (ConfUtils.java:logGet(43)) - raft.server.log.preallocated.size = 16384 (custom)
2019-09-27 09:14:25,141 [pool-97-thread-1] INFO  server.RaftServerConfigKeys (ConfUtils.java:logGet(43)) - raft.server.log.statemachine.data.sync.timeout.retry = -1 (default)
2019-09-27 09:14:25,141 [pool-77-thread-1] INFO  server.RaftServerConfigKeys (ConfUtils.java:logGet(43)) - raft.server.log.statemachine.data.sync.timeout.retry = -1 (default)
2019-09-27 09:14:25,141 [pool-27-thread-1] INFO  server.RaftServerConfigKeys (ConfUtils.java:logGet(43)) - raft.server.log.write.buffer.size = 33554432 (custom)
2019-09-27 09:14:25,141 [pool-77-thread-1] INFO  server.RaftServerConfigKeys (ConfUtils.java:logGet(43)) - raft.server.log.statemachine.data.caching.enabled = true (custom)
2019-09-27 09:14:25,141 [pool-97-thread-1] INFO  server.RaftServerConfigKeys (ConfUtils.java:logGet(43)) - raft.server.log.statemachine.data.caching.enabled = true (custom)
2019-09-27 09:14:25,141 [pool-27-thread-1] INFO  server.RaftServerConfigKeys (ConfUtils.java:logGet(43)) - raft.server.log.force.sync.num = 128 (default)
2019-09-27 09:14:25,142 [pool-77-thread-1] INFO  segmented.SegmentedRaftLogWorker (SegmentedRaftLogWorker.java:lambda$new$0(132)) - d31f9c36-f111-497e-b7b9-765da331cca9@group-27CEAF660913-SegmentedRaftLogWorker: flushIndex: setUnconditionally 0 -> -1
2019-09-27 09:14:25,142 [pool-27-thread-1] INFO  server.RaftServerConfigKeys (ConfUtils.java:logGet(43)) - raft.server.log.statemachine.data.sync = true (default)
2019-09-27 09:14:25,142 [pool-97-thread-1] INFO  segmented.SegmentedRaftLogWorker (SegmentedRaftLogWorker.java:lambda$new$0(132)) - b93e8517-84f8-4f68-bef3-e117f2a0c787@group-27CEAF660913-SegmentedRaftLogWorker: flushIndex: setUnconditionally 0 -> -1
2019-09-27 09:14:25,142 [pool-77-thread-1] INFO  server.RaftServerConfigKeys (ConfUtils.java:logGet(43)) - raft.server.snapshot.auto.trigger.enabled = true (custom)
2019-09-27 09:14:25,142 [pool-27-thread-1] INFO  server.RaftServerConfigKeys (ConfUtils.java:logGet(43)) - raft.server.log.statemachine.data.sync.timeout = 10s (default)
2019-09-27 09:14:25,142 [pool-97-thread-1] INFO  server.RaftServerConfigKeys (ConfUtils.java:logGet(43)) - raft.server.snapshot.auto.trigger.enabled = true (custom)
2019-09-27 09:14:25,142 [pool-77-thread-1] INFO  server.RaftServerConfigKeys (ConfUtils.java:logGet(43)) - raft.server.snapshot.auto.trigger.threshold = 10000 (custom)
2019-09-27 09:14:25,142 [pool-97-thread-1] INFO  server.RaftServerConfigKeys (ConfUtils.java:logGet(43)) - raft.server.snapshot.auto.trigger.threshold = 10000 (custom)
2019-09-27 09:14:25,142 [pool-27-thread-1] INFO  server.RaftServerConfigKeys (ConfUtils.java:logGet(43)) - raft.server.log.statemachine.data.sync.timeout.retry = -1 (default)
2019-09-27 09:14:25,143 [pool-97-thread-1] INFO  server.RaftServerConfigKeys (ConfUtils.java:logGet(43)) - raft.server.snapshot.retention.num.files = 5 (custom)
2019-09-27 09:14:25,143 [pool-77-thread-1] INFO  server.RaftServerConfigKeys (ConfUtils.java:logGet(43)) - raft.server.snapshot.retention.num.files = 5 (custom)
2019-09-27 09:14:25,143 [pool-97-thread-1] INFO  server.RaftServerConfigKeys (ConfUtils.java:logGet(43)) - raft.server.retrycache.expirytime = 600000ms (custom)
2019-09-27 09:14:25,143 [pool-27-thread-1] INFO  server.RaftServerConfigKeys (ConfUtils.java:logGet(43)) - raft.server.log.statemachine.data.caching.enabled = true (custom)
2019-09-27 09:14:25,143 [pool-77-thread-1] INFO  server.RaftServerConfigKeys (ConfUtils.java:logGet(43)) - raft.server.retrycache.expirytime = 600000ms (custom)
2019-09-27 09:14:25,143 [pool-27-thread-1] INFO  segmented.SegmentedRaftLogWorker (SegmentedRaftLogWorker.java:lambda$new$0(132)) - a8cc1a37-a8a6-4a7f-81dc-bc9c8df542bb@group-27CEAF660913-SegmentedRaftLogWorker: flushIndex: setUnconditionally 0 -> -1
2019-09-27 09:14:25,144 [pool-27-thread-1] INFO  server.RaftServerConfigKeys (ConfUtils.java:logGet(43)) - raft.server.snapshot.auto.trigger.enabled = true (custom)
2019-09-27 09:14:25,144 [pool-27-thread-1] INFO  server.RaftServerConfigKeys (ConfUtils.java:logGet(43)) - raft.server.snapshot.auto.trigger.threshold = 10000 (custom)
2019-09-27 09:14:25,144 [pool-27-thread-1] INFO  server.RaftServerConfigKeys (ConfUtils.java:logGet(43)) - raft.server.snapshot.retention.num.files = 5 (custom)
2019-09-27 09:14:25,144 [pool-27-thread-1] INFO  server.RaftServerConfigKeys (ConfUtils.java:logGet(43)) - raft.server.retrycache.expirytime = 600000ms (custom)
2019-09-27 09:14:25,148 [pool-77-thread-1] INFO  impl.RaftServerImpl (RaftServerImpl.java:start(185)) - d31f9c36-f111-497e-b7b9-765da331cca9@group-27CEAF660913: start as a follower, conf=-1: [a8cc1a37-a8a6-4a7f-81dc-bc9c8df542bb:192.168.151.103:41868, b93e8517-84f8-4f68-bef3-e117f2a0c787:192.168.151.103:46577, d31f9c36-f111-497e-b7b9-765da331cca9:192.168.151.103:34138], old=null
2019-09-27 09:14:25,148 [pool-97-thread-1] INFO  impl.RaftServerImpl (RaftServerImpl.java:start(185)) - b93e8517-84f8-4f68-bef3-e117f2a0c787@group-27CEAF660913: start as a follower, conf=-1: [a8cc1a37-a8a6-4a7f-81dc-bc9c8df542bb:192.168.151.103:41868, b93e8517-84f8-4f68-bef3-e117f2a0c787:192.168.151.103:46577, d31f9c36-f111-497e-b7b9-765da331cca9:192.168.151.103:34138], old=null
2019-09-27 09:14:25,148 [pool-77-thread-1] INFO  impl.RaftServerImpl (RaftServerImpl.java:setRole(174)) - d31f9c36-f111-497e-b7b9-765da331cca9@group-27CEAF660913: changes role from      null to FOLLOWER at term 0 for startAsFollower
2019-09-27 09:14:25,148 [pool-97-thread-1] INFO  impl.RaftServerImpl (RaftServerImpl.java:setRole(174)) - b93e8517-84f8-4f68-bef3-e117f2a0c787@group-27CEAF660913: changes role from      null to FOLLOWER at term 0 for startAsFollower
2019-09-27 09:14:25,148 [pool-77-thread-1] INFO  impl.RoleInfo (RoleInfo.java:updateAndGet(143)) - d31f9c36-f111-497e-b7b9-765da331cca9: start FollowerState
2019-09-27 09:14:25,148 [pool-97-thread-1] INFO  impl.RoleInfo (RoleInfo.java:updateAndGet(143)) - b93e8517-84f8-4f68-bef3-e117f2a0c787: start FollowerState
2019-09-27 09:14:25,148 [pool-27-thread-1] INFO  impl.RaftServerImpl (RaftServerImpl.java:start(185)) - a8cc1a37-a8a6-4a7f-81dc-bc9c8df542bb@group-27CEAF660913: start as a follower, conf=-1: [a8cc1a37-a8a6-4a7f-81dc-bc9c8df542bb:192.168.151.103:41868, b93e8517-84f8-4f68-bef3-e117f2a0c787:192.168.151.103:46577, d31f9c36-f111-497e-b7b9-765da331cca9:192.168.151.103:34138], old=null
2019-09-27 09:14:25,148 [pool-77-thread-1] INFO  util.JmxRegister (JmxRegister.java:tryRegister(44)) - Successfully registered JMX Bean with object name Ratis:service=RaftServer,group=group-27CEAF660913,id=d31f9c36-f111-497e-b7b9-765da331cca9
2019-09-27 09:14:25,148 [pool-27-thread-1] INFO  impl.RaftServerImpl (RaftServerImpl.java:setRole(174)) - a8cc1a37-a8a6-4a7f-81dc-bc9c8df542bb@group-27CEAF660913: changes role from      null to FOLLOWER at term 0 for startAsFollower
2019-09-27 09:14:25,148 [pool-97-thread-1] INFO  util.JmxRegister (JmxRegister.java:tryRegister(44)) - Successfully registered JMX Bean with object name Ratis:service=RaftServer,group=group-27CEAF660913,id=b93e8517-84f8-4f68-bef3-e117f2a0c787
2019-09-27 09:14:25,149 [pool-27-thread-1] INFO  impl.RoleInfo (RoleInfo.java:updateAndGet(143)) - a8cc1a37-a8a6-4a7f-81dc-bc9c8df542bb: start FollowerState
2019-09-27 09:14:25,149 [Thread-288] INFO  impl.FollowerState (FollowerState.java:run(106)) - 6bbd184a-0336-4d81-9e16-b14f69eef1c7:group-F864A8908A72 changes to CANDIDATE, lastRpcTime:1130, electionTimeout:1128ms
2019-09-27 09:14:25,157 [Thread-288] INFO  impl.RoleInfo (RoleInfo.java:shutdownFollowerState(121)) - 6bbd184a-0336-4d81-9e16-b14f69eef1c7: shutdown FollowerState
2019-09-27 09:14:25,157 [pool-27-thread-1] INFO  util.JmxRegister (JmxRegister.java:tryRegister(44)) - Successfully registered JMX Bean with object name Ratis:service=RaftServer,group=group-27CEAF660913,id=a8cc1a37-a8a6-4a7f-81dc-bc9c8df542bb
2019-09-27 09:14:25,157 [Thread-288] INFO  impl.RaftServerImpl (RaftServerImpl.java:setRole(174)) - 6bbd184a-0336-4d81-9e16-b14f69eef1c7@group-F864A8908A72: changes role from  FOLLOWER to CANDIDATE at term 0 for changeToCandidate
2019-09-27 09:14:25,158 [Thread-288] INFO  impl.RoleInfo (RoleInfo.java:updateAndGet(143)) - 6bbd184a-0336-4d81-9e16-b14f69eef1c7: start LeaderElection
2019-09-27 09:14:25,172 [RatisPipelineUtilsThread] INFO  pipeline.PipelineStateManager (PipelineStateManager.java:addPipeline(56)) - Created pipeline Pipeline[ Id: 438e19ef-e351-4d68-a90b-27ceaf660913, Nodes: d31f9c36-f111-497e-b7b9-765da331cca9{ip: 192.168.151.103, host: pr-hdds2162-4fxhj-20988671, networkLocation: /rack1, certSerialId: null}b93e8517-84f8-4f68-bef3-e117f2a0c787{ip: 192.168.151.103, host: pr-hdds2162-4fxhj-20988671, networkLocation: /rack1, certSerialId: null}a8cc1a37-a8a6-4a7f-81dc-bc9c8df542bb{ip: 192.168.151.103, host: pr-hdds2162-4fxhj-20988671, networkLocation: /rack1, certSerialId: null}, Type:RATIS, Factor:THREE, State:OPEN]
2019-09-27 09:14:25,178 [6bbd184a-0336-4d81-9e16-b14f69eef1c7@group-F864A8908A72:LeaderElection2] INFO  impl.LeaderElection (LeaderElection.java:askForVotes(182)) - 6bbd184a-0336-4d81-9e16-b14f69eef1c7@group-F864A8908A72:LeaderElection2: begin an election at term 1 for -1: [6bbd184a-0336-4d81-9e16-b14f69eef1c7:192.168.151.103:36847], old=null
2019-09-27 09:14:25,178 [6bbd184a-0336-4d81-9e16-b14f69eef1c7@group-F864A8908A72:LeaderElection2] INFO  impl.RoleInfo (RoleInfo.java:shutdownLeaderElection(134)) - 6bbd184a-0336-4d81-9e16-b14f69eef1c7: shutdown LeaderElection
2019-09-27 09:14:25,178 [6bbd184a-0336-4d81-9e16-b14f69eef1c7@group-F864A8908A72:LeaderElection2] INFO  impl.RaftServerImpl (RaftServerImpl.java:setRole(174)) - 6bbd184a-0336-4d81-9e16-b14f69eef1c7@group-F864A8908A72: changes role from CANDIDATE to LEADER at term 1 for changeToLeader
2019-09-27 09:14:25,178 [6bbd184a-0336-4d81-9e16-b14f69eef1c7@group-F864A8908A72:LeaderElection2] INFO  impl.RaftServerImpl (ServerState.java:setLeader(253)) - 6bbd184a-0336-4d81-9e16-b14f69eef1c7@group-F864A8908A72: change Leader from null to 6bbd184a-0336-4d81-9e16-b14f69eef1c7 at term 1 for becomeLeader, leader elected after 1173ms
2019-09-27 09:14:25,178 [6bbd184a-0336-4d81-9e16-b14f69eef1c7@group-F864A8908A72:LeaderElection2] INFO  server.RaftServerConfigKeys (ConfUtils.java:logGet(43)) - raft.server.staging.catchup.gap = 1000 (default)
2019-09-27 09:14:25,178 [6bbd184a-0336-4d81-9e16-b14f69eef1c7@group-F864A8908A72:LeaderElection2] INFO  server.RaftServerConfigKeys (ConfUtils.java:logGet(43)) - raft.server.rpc.sleep.time = 25ms (default)
2019-09-27 09:14:25,179 [6bbd184a-0336-4d81-9e16-b14f69eef1c7@group-F864A8908A72:LeaderElection2] INFO  server.RaftServerConfigKeys (ConfUtils.java:logGet(43)) - raft.server.write.element-limit = 4096 (default)
2019-09-27 09:14:25,179 [6bbd184a-0336-4d81-9e16-b14f69eef1c7@group-F864A8908A72:LeaderElection2] INFO  server.RaftServerConfigKeys (ConfUtils.java:logGet(43)) - raft.server.watch.timeout = 10s (default)
2019-09-27 09:14:25,179 [6bbd184a-0336-4d81-9e16-b14f69eef1c7@group-F864A8908A72:LeaderElection2] INFO  server.RaftServerConfigKeys (ConfUtils.java:logGet(43)) - raft.server.watch.timeout.denomination = 1s (default)
2019-09-27 09:14:25,179 [6bbd184a-0336-4d81-9e16-b14f69eef1c7@group-F864A8908A72:LeaderElection2] INFO  server.RaftServerConfigKeys (ConfUtils.java:logGet(43)) - raft.server.watch.element-limit = 65536 (default)
2019-09-27 09:14:25,184 [6bbd184a-0336-4d81-9e16-b14f69eef1c7@group-F864A8908A72:LeaderElection2] INFO  impl.RoleInfo (RoleInfo.java:updateAndGet(143)) - 6bbd184a-0336-4d81-9e16-b14f69eef1c7: start LeaderState
2019-09-27 09:14:25,184 [6bbd184a-0336-4d81-9e16-b14f69eef1c7@group-F864A8908A72:LeaderElection2] INFO  segmented.SegmentedRaftLogWorker (SegmentedRaftLogWorker.java:startLogSegment(380)) - 6bbd184a-0336-4d81-9e16-b14f69eef1c7@group-F864A8908A72-SegmentedRaftLogWorker: Starting segment from index:0
2019-09-27 09:14:25,184 [6bbd184a-0336-4d81-9e16-b14f69eef1c7@group-F864A8908A72:LeaderElection2] INFO  impl.RaftServerImpl (ServerState.java:setRaftConf(354)) - 6bbd184a-0336-4d81-9e16-b14f69eef1c7@group-F864A8908A72: set configuration 0: [6bbd184a-0336-4d81-9e16-b14f69eef1c7:192.168.151.103:36847], old=null at 0
2019-09-27 09:14:25,314 [a8cc1a37-a8a6-4a7f-81dc-bc9c8df542bb@group-37875B9A5262-SegmentedRaftLogWorker] INFO  segmented.SegmentedRaftLogWorker (SegmentedRaftLogWorker.java:execute(569)) - a8cc1a37-a8a6-4a7f-81dc-bc9c8df542bb@group-37875B9A5262-SegmentedRaftLogWorker: created new log segment /workdir/hadoop-ozone/integration-test/target/test-dir/MiniOzoneClusterImpl-306848a7-f3db-4b9e-8a0f-7b9627716070/datanode-0/data/ratis/a07390b4-39c1-43d8-9b24-37875b9a5262/current/log_inprogress_0
2019-09-27 09:14:25,314 [6bbd184a-0336-4d81-9e16-b14f69eef1c7@group-F864A8908A72-SegmentedRaftLogWorker] INFO  segmented.SegmentedRaftLogWorker (SegmentedRaftLogWorker.java:execute(569)) - 6bbd184a-0336-4d81-9e16-b14f69eef1c7@group-F864A8908A72-SegmentedRaftLogWorker: created new log segment /workdir/hadoop-ozone/integration-test/target/test-dir/MiniOzoneClusterImpl-306848a7-f3db-4b9e-8a0f-7b9627716070/datanode-9/data/ratis/82186a00-388b-41fa-8ca4-f864a8908a72/current/log_inprogress_0
2019-09-27 09:14:25,362 [Thread-294] INFO  impl.FollowerState (FollowerState.java:run(106)) - 61fa1b65-b974-45b4-9851-06f065a159ca:group-3BAA14CF0875 changes to CANDIDATE, lastRpcTime:1099, electionTimeout:1099ms
2019-09-27 09:14:25,365 [Thread-291] INFO  impl.FollowerState (FollowerState.java:run(106)) - e31a64e7-7f72-4df5-b5f7-b27bcc72e3f7:group-5E9CB7C49846 changes to CANDIDATE, lastRpcTime:1185, electionTimeout:1183ms
2019-09-27 09:14:25,365 [Thread-294] INFO  impl.RoleInfo (RoleInfo.java:shutdownFollowerState(121)) - 61fa1b65-b974-45b4-9851-06f065a159ca: shutdown FollowerState
2019-09-27 09:14:25,365 [Thread-291] INFO  impl.RoleInfo (RoleInfo.java:shutdownFollowerState(121)) - e31a64e7-7f72-4df5-b5f7-b27bcc72e3f7: shutdown FollowerState
2019-09-27 09:14:25,365 [Thread-294] INFO  impl.RaftServerImpl (RaftServerImpl.java:setRole(174)) - 61fa1b65-b974-45b4-9851-06f065a159ca@group-3BAA14CF0875: changes role from  FOLLOWER to CANDIDATE at term 0 for changeToCandidate
2019-09-27 09:14:25,365 [Thread-291] INFO  impl.RaftServerImpl (RaftServerImpl.java:setRole(174)) - e31a64e7-7f72-4df5-b5f7-b27bcc72e3f7@group-5E9CB7C49846: changes role from  FOLLOWER to CANDIDATE at term 0 for changeToCandidate
2019-09-27 09:14:25,365 [Thread-294] INFO  impl.RoleInfo (RoleInfo.java:updateAndGet(143)) - 61fa1b65-b974-45b4-9851-06f065a159ca: start LeaderElection
2019-09-27 09:14:25,366 [Thread-291] INFO  impl.RoleInfo (RoleInfo.java:updateAndGet(143)) - e31a64e7-7f72-4df5-b5f7-b27bcc72e3f7: start LeaderElection
2019-09-27 09:14:25,389 [61fa1b65-b974-45b4-9851-06f065a159ca@group-3BAA14CF0875:LeaderElection3] INFO  impl.LeaderElection (LeaderElection.java:askForVotes(182)) - 61fa1b65-b974-45b4-9851-06f065a159ca@group-3BAA14CF0875:LeaderElection3: begin an election at term 1 for -1: [61fa1b65-b974-45b4-9851-06f065a159ca:192.168.151.103:33766], old=null
2019-09-27 09:14:25,391 [e31a64e7-7f72-4df5-b5f7-b27bcc72e3f7@group-5E9CB7C49846:LeaderElection4] INFO  impl.LeaderElection (LeaderElection.java:askForVotes(182)) - e31a64e7-7f72-4df5-b5f7-b27bcc72e3f7@group-5E9CB7C49846:LeaderElection4: begin an election at term 1 for -1: [e31a64e7-7f72-4df5-b5f7-b27bcc72e3f7:192.168.151.103:40680], old=null
2019-09-27 09:14:25,391 [61fa1b65-b974-45b4-9851-06f065a159ca@group-3BAA14CF0875:LeaderElection3] INFO  impl.RoleInfo (RoleInfo.java:shutdownLeaderElection(134)) - 61fa1b65-b974-45b4-9851-06f065a159ca: shutdown LeaderElection
2019-09-27 09:14:25,391 [e31a64e7-7f72-4df5-b5f7-b27bcc72e3f7@group-5E9CB7C49846:LeaderElection4] INFO  impl.RoleInfo (RoleInfo.java:shutdownLeaderElection(134)) - e31a64e7-7f72-4df5-b5f7-b27bcc72e3f7: shutdown LeaderElection
2019-09-27 09:14:25,391 [61fa1b65-b974-45b4-9851-06f065a159ca@group-3BAA14CF0875:LeaderElection3] INFO  impl.RaftServerImpl (RaftServerImpl.java:setRole(174)) - 61fa1b65-b974-45b4-9851-06f065a159ca@group-3BAA14CF0875: changes role from CANDIDATE to LEADER at term 1 for changeToLeader
2019-09-27 09:14:25,391 [e31a64e7-7f72-4df5-b5f7-b27bcc72e3f7@group-5E9CB7C49846:LeaderElection4] INFO  impl.RaftServerImpl (RaftServerImpl.java:setRole(174)) - e31a64e7-7f72-4df5-b5f7-b27bcc72e3f7@group-5E9CB7C49846: changes role from CANDIDATE to LEADER at term 1 for changeToLeader
2019-09-27 09:14:25,391 [61fa1b65-b974-45b4-9851-06f065a159ca@group-3BAA14CF0875:LeaderElection3] INFO  impl.RaftServerImpl (ServerState.java:setLeader(253)) - 61fa1b65-b974-45b4-9851-06f065a159ca@group-3BAA14CF0875: change Leader from null to 61fa1b65-b974-45b4-9851-06f065a159ca at term 1 for becomeLeader, leader elected after 1139ms
2019-09-27 09:14:25,391 [e31a64e7-7f72-4df5-b5f7-b27bcc72e3f7@group-5E9CB7C49846:LeaderElection4] INFO  impl.RaftServerImpl (ServerState.java:setLeader(253)) - e31a64e7-7f72-4df5-b5f7-b27bcc72e3f7@group-5E9CB7C49846: change Leader from null to e31a64e7-7f72-4df5-b5f7-b27bcc72e3f7 at term 1 for becomeLeader, leader elected after 1262ms
2019-09-27 09:14:25,391 [61fa1b65-b974-45b4-9851-06f065a159ca@group-3BAA14CF0875:LeaderElection3] INFO  server.RaftServerConfigKeys (ConfUtils.java:logGet(43)) - raft.server.staging.catchup.gap = 1000 (default)
2019-09-27 09:14:25,392 [e31a64e7-7f72-4df5-b5f7-b27bcc72e3f7@group-5E9CB7C49846:LeaderElection4] INFO  server.RaftServerConfigKeys (ConfUtils.java:logGet(43)) - raft.server.staging.catchup.gap = 1000 (default)
2019-09-27 09:14:25,392 [61fa1b65-b974-45b4-9851-06f065a159ca@group-3BAA14CF0875:LeaderElection3] INFO  server.RaftServerConfigKeys (ConfUtils.java:logGet(43)) - raft.server.rpc.sleep.time = 25ms (default)
2019-09-27 09:14:25,392 [e31a64e7-7f72-4df5-b5f7-b27bcc72e3f7@group-5E9CB7C49846:LeaderElection4] INFO  server.RaftServerConfigKeys (ConfUtils.java:logGet(43)) - raft.server.rpc.sleep.time = 25ms (default)
2019-09-27 09:14:25,392 [61fa1b65-b974-45b4-9851-06f065a159ca@group-3BAA14CF0875:LeaderElection3] INFO  server.RaftServerConfigKeys (ConfUtils.java:logGet(43)) - raft.server.write.element-limit = 4096 (default)
2019-09-27 09:14:25,392 [e31a64e7-7f72-4df5-b5f7-b27bcc72e3f7@group-5E9CB7C49846:LeaderElection4] INFO  server.RaftServerConfigKeys (ConfUtils.java:logGet(43)) - raft.server.write.element-limit = 4096 (default)
2019-09-27 09:14:25,392 [61fa1b65-b974-45b4-9851-06f065a159ca@group-3BAA14CF0875:LeaderElection3] INFO  server.RaftServerConfigKeys (ConfUtils.java:logGet(43)) - raft.server.watch.timeout = 10s (default)
2019-09-27 09:14:25,392 [e31a64e7-7f72-4df5-b5f7-b27bcc72e3f7@group-5E9CB7C49846:LeaderElection4] INFO  server.RaftServerConfigKeys (ConfUtils.java:logGet(43)) - raft.server.watch.timeout = 10s (default)
2019-09-27 09:14:25,392 [61fa1b65-b974-45b4-9851-06f065a159ca@group-3BAA14CF0875:LeaderElection3] INFO  server.RaftServerConfigKeys (ConfUtils.java:logGet(43)) - raft.server.watch.timeout.denomination = 1s (default)
2019-09-27 09:14:25,392 [e31a64e7-7f72-4df5-b5f7-b27bcc72e3f7@group-5E9CB7C49846:LeaderElection4] INFO  server.RaftServerConfigKeys (ConfUtils.java:logGet(43)) - raft.server.watch.timeout.denomination = 1s (default)
2019-09-27 09:14:25,392 [61fa1b65-b974-45b4-9851-06f065a159ca@group-3BAA14CF0875:LeaderElection3] INFO  server.RaftServerConfigKeys (ConfUtils.java:logGet(43)) - raft.server.watch.element-limit = 65536 (default)
2019-09-27 09:14:25,393 [e31a64e7-7f72-4df5-b5f7-b27bcc72e3f7@group-5E9CB7C49846:LeaderElection4] INFO  server.RaftServerConfigKeys (ConfUtils.java:logGet(43)) - raft.server.watch.element-limit = 65536 (default)
2019-09-27 09:14:25,395 [61fa1b65-b974-45b4-9851-06f065a159ca@group-3BAA14CF0875:LeaderElection3] INFO  impl.RoleInfo (RoleInfo.java:updateAndGet(143)) - 61fa1b65-b974-45b4-9851-06f065a159ca: start LeaderState
2019-09-27 09:14:25,395 [61fa1b65-b974-45b4-9851-06f065a159ca@group-3BAA14CF0875:LeaderElection3] INFO  segmented.SegmentedRaftLogWorker (SegmentedRaftLogWorker.java:startLogSegment(380)) - 61fa1b65-b974-45b4-9851-06f065a159ca@group-3BAA14CF0875-SegmentedRaftLogWorker: Starting segment from index:0
2019-09-27 09:14:25,396 [61fa1b65-b974-45b4-9851-06f065a159ca@group-3BAA14CF0875:LeaderElection3] INFO  impl.RaftServerImpl (ServerState.java:setRaftConf(354)) - 61fa1b65-b974-45b4-9851-06f065a159ca@group-3BAA14CF0875: set configuration 0: [61fa1b65-b974-45b4-9851-06f065a159ca:192.168.151.103:33766], old=null at 0
2019-09-27 09:14:25,425 [e31a64e7-7f72-4df5-b5f7-b27bcc72e3f7@group-5E9CB7C49846:LeaderElection4] INFO  impl.RoleInfo (RoleInfo.java:updateAndGet(143)) - e31a64e7-7f72-4df5-b5f7-b27bcc72e3f7: start LeaderState
2019-09-27 09:14:25,426 [e31a64e7-7f72-4df5-b5f7-b27bcc72e3f7@group-5E9CB7C49846:LeaderElection4] INFO  segmented.SegmentedRaftLogWorker (SegmentedRaftLogWorker.java:startLogSegment(380)) - e31a64e7-7f72-4df5-b5f7-b27bcc72e3f7@group-5E9CB7C49846-SegmentedRaftLogWorker: Starting segment from index:0
2019-09-27 09:14:25,427 [e31a64e7-7f72-4df5-b5f7-b27bcc72e3f7@group-5E9CB7C49846:LeaderElection4] INFO  impl.RaftServerImpl (ServerState.java:setRaftConf(354)) - e31a64e7-7f72-4df5-b5f7-b27bcc72e3f7@group-5E9CB7C49846: set configuration 0: [e31a64e7-7f72-4df5-b5f7-b27bcc72e3f7:192.168.151.103:40680], old=null at 0
2019-09-27 09:14:25,456 [Thread-297] INFO  impl.FollowerState (FollowerState.java:run(106)) - 1b1c50e1-42fe-4038-95e1-cf5ebbb85fbb:group-8B38F324D59E changes to CANDIDATE, lastRpcTime:1106, electionTimeout:1081ms
2019-09-27 09:14:25,456 [61fa1b65-b974-45b4-9851-06f065a159ca@group-3BAA14CF0875-SegmentedRaftLogWorker] INFO  segmented.SegmentedRaftLogWorker (SegmentedRaftLogWorker.java:execute(569)) - 61fa1b65-b974-45b4-9851-06f065a159ca@group-3BAA14CF0875-SegmentedRaftLogWorker: created new log segment /workdir/hadoop-ozone/integration-test/target/test-dir/MiniOzoneClusterImpl-306848a7-f3db-4b9e-8a0f-7b9627716070/datanode-6/data/ratis/8bc62697-3f89-4eb9-9529-3baa14cf0875/current/log_inprogress_0
2019-09-27 09:14:25,456 [Thread-297] INFO  impl.RoleInfo (RoleInfo.java:shutdownFollowerState(121)) - 1b1c50e1-42fe-4038-95e1-cf5ebbb85fbb: shutdown FollowerState
2019-09-27 09:14:25,456 [Thread-297] INFO  impl.RaftServerImpl (RaftServerImpl.java:setRole(174)) - 1b1c50e1-42fe-4038-95e1-cf5ebbb85fbb@group-8B38F324D59E: changes role from  FOLLOWER to CANDIDATE at term 0 for changeToCandidate
2019-09-27 09:14:25,457 [Thread-297] INFO  impl.RoleInfo (RoleInfo.java:updateAndGet(143)) - 1b1c50e1-42fe-4038-95e1-cf5ebbb85fbb: start LeaderElection
2019-09-27 09:14:25,468 [e31a64e7-7f72-4df5-b5f7-b27bcc72e3f7@group-5E9CB7C49846-SegmentedRaftLogWorker] INFO  segmented.SegmentedRaftLogWorker (SegmentedRaftLogWorker.java:execute(569)) - e31a64e7-7f72-4df5-b5f7-b27bcc72e3f7@group-5E9CB7C49846-SegmentedRaftLogWorker: created new log segment /workdir/hadoop-ozone/integration-test/target/test-dir/MiniOzoneClusterImpl-306848a7-f3db-4b9e-8a0f-7b9627716070/datanode-2/data/ratis/a160920c-d5cc-4d69-837c-5e9cb7c49846/current/log_inprogress_0
2019-09-27 09:14:25,469 [1b1c50e1-42fe-4038-95e1-cf5ebbb85fbb@group-8B38F324D59E:LeaderElection5] INFO  impl.LeaderElection (LeaderElection.java:askForVotes(182)) - 1b1c50e1-42fe-4038-95e1-cf5ebbb85fbb@group-8B38F324D59E:LeaderElection5: begin an election at term 1 for -1: [1b1c50e1-42fe-4038-95e1-cf5ebbb85fbb:192.168.151.103:40816], old=null
2019-09-27 09:14:25,469 [1b1c50e1-42fe-4038-95e1-cf5ebbb85fbb@group-8B38F324D59E:LeaderElection5] INFO  impl.RoleInfo (RoleInfo.java:shutdownLeaderElection(134)) - 1b1c50e1-42fe-4038-95e1-cf5ebbb85fbb: shutdown LeaderElection
2019-09-27 09:14:25,469 [1b1c50e1-42fe-4038-95e1-cf5ebbb85fbb@group-8B38F324D59E:LeaderElection5] INFO  impl.RaftServerImpl (RaftServerImpl.java:setRole(174)) - 1b1c50e1-42fe-4038-95e1-cf5ebbb85fbb@group-8B38F324D59E: changes role from CANDIDATE to LEADER at term 1 for changeToLeader
2019-09-27 09:14:25,469 [1b1c50e1-42fe-4038-95e1-cf5ebbb85fbb@group-8B38F324D59E:LeaderElection5] INFO  impl.RaftServerImpl (ServerState.java:setLeader(253)) - 1b1c50e1-42fe-4038-95e1-cf5ebbb85fbb@group-8B38F324D59E: change Leader from null to 1b1c50e1-42fe-4038-95e1-cf5ebbb85fbb at term 1 for becomeLeader, leader elected after 1131ms
2019-09-27 09:14:25,469 [1b1c50e1-42fe-4038-95e1-cf5ebbb85fbb@group-8B38F324D59E:LeaderElection5] INFO  server.RaftServerConfigKeys (ConfUtils.java:logGet(43)) - raft.server.staging.catchup.gap = 1000 (default)
2019-09-27 09:14:25,469 [1b1c50e1-42fe-4038-95e1-cf5ebbb85fbb@group-8B38F324D59E:LeaderElection5] INFO  server.RaftServerConfigKeys (ConfUtils.java:logGet(43)) - raft.server.rpc.sleep.time = 25ms (default)
2019-09-27 09:14:25,470 [1b1c50e1-42fe-4038-95e1-cf5ebbb85fbb@group-8B38F324D59E:LeaderElection5] INFO  server.RaftServerConfigKeys (ConfUtils.java:logGet(43)) - raft.server.write.element-limit = 4096 (default)
2019-09-27 09:14:25,470 [1b1c50e1-42fe-4038-95e1-cf5ebbb85fbb@group-8B38F324D59E:LeaderElection5] INFO  server.RaftServerConfigKeys (ConfUtils.java:logGet(43)) - raft.server.watch.timeout = 10s (default)
2019-09-27 09:14:25,470 [1b1c50e1-42fe-4038-95e1-cf5ebbb85fbb@group-8B38F324D59E:LeaderElection5] INFO  server.RaftServerConfigKeys (ConfUtils.java:logGet(43)) - raft.server.watch.timeout.denomination = 1s (default)
2019-09-27 09:14:25,470 [1b1c50e1-42fe-4038-95e1-cf5ebbb85fbb@group-8B38F324D59E:LeaderElection5] INFO  server.RaftServerConfigKeys (ConfUtils.java:logGet(43)) - raft.server.watch.element-limit = 65536 (default)
2019-09-27 09:14:25,472 [1b1c50e1-42fe-4038-95e1-cf5ebbb85fbb@group-8B38F324D59E:LeaderElection5] INFO  impl.RoleInfo (RoleInfo.java:updateAndGet(143)) - 1b1c50e1-42fe-4038-95e1-cf5ebbb85fbb: start LeaderState
2019-09-27 09:14:25,473 [1b1c50e1-42fe-4038-95e1-cf5ebbb85fbb@group-8B38F324D59E:LeaderElection5] INFO  segmented.SegmentedRaftLogWorker (SegmentedRaftLogWorker.java:startLogSegment(380)) - 1b1c50e1-42fe-4038-95e1-cf5ebbb85fbb@group-8B38F324D59E-SegmentedRaftLogWorker: Starting segment from index:0
2019-09-27 09:14:25,473 [1b1c50e1-42fe-4038-95e1-cf5ebbb85fbb@group-8B38F324D59E:LeaderElection5] INFO  impl.RaftServerImpl (ServerState.java:setRaftConf(354)) - 1b1c50e1-42fe-4038-95e1-cf5ebbb85fbb@group-8B38F324D59E: set configuration 0: [1b1c50e1-42fe-4038-95e1-cf5ebbb85fbb:192.168.151.103:40816], old=null at 0
2019-09-27 09:14:25,510 [1b1c50e1-42fe-4038-95e1-cf5ebbb85fbb@group-8B38F324D59E-SegmentedRaftLogWorker] INFO  segmented.SegmentedRaftLogWorker (SegmentedRaftLogWorker.java:execute(569)) - 1b1c50e1-42fe-4038-95e1-cf5ebbb85fbb@group-8B38F324D59E-SegmentedRaftLogWorker: created new log segment /workdir/hadoop-ozone/integration-test/target/test-dir/MiniOzoneClusterImpl-306848a7-f3db-4b9e-8a0f-7b9627716070/datanode-8/data/ratis/b4075bb4-9860-4828-846b-8b38f324d59e/current/log_inprogress_0
2019-09-27 09:14:25,703 [Thread-300] INFO  impl.FollowerState (FollowerState.java:run(106)) - 0821efe4-c707-4fcc-94f8-cb827e7ada87:group-186A4FA27B4F changes to CANDIDATE, lastRpcTime:1197, electionTimeout:1197ms
2019-09-27 09:14:25,704 [Thread-300] INFO  impl.RoleInfo (RoleInfo.java:shutdownFollowerState(121)) - 0821efe4-c707-4fcc-94f8-cb827e7ada87: shutdown FollowerState
2019-09-27 09:14:25,704 [Thread-300] INFO  impl.RaftServerImpl (RaftServerImpl.java:setRole(174)) - 0821efe4-c707-4fcc-94f8-cb827e7ada87@group-186A4FA27B4F: changes role from  FOLLOWER to CANDIDATE at term 0 for changeToCandidate
2019-09-27 09:14:25,704 [Thread-300] INFO  impl.RoleInfo (RoleInfo.java:updateAndGet(143)) - 0821efe4-c707-4fcc-94f8-cb827e7ada87: start LeaderElection
2019-09-27 09:14:25,724 [0821efe4-c707-4fcc-94f8-cb827e7ada87@group-186A4FA27B4F:LeaderElection6] INFO  impl.LeaderElection (LeaderElection.java:askForVotes(182)) - 0821efe4-c707-4fcc-94f8-cb827e7ada87@group-186A4FA27B4F:LeaderElection6: begin an election at term 1 for -1: [0821efe4-c707-4fcc-94f8-cb827e7ada87:192.168.151.103:33210], old=null
2019-09-27 09:14:25,724 [0821efe4-c707-4fcc-94f8-cb827e7ada87@group-186A4FA27B4F:LeaderElection6] INFO  impl.RoleInfo (RoleInfo.java:shutdownLeaderElection(134)) - 0821efe4-c707-4fcc-94f8-cb827e7ada87: shutdown LeaderElection
2019-09-27 09:14:25,724 [0821efe4-c707-4fcc-94f8-cb827e7ada87@group-186A4FA27B4F:LeaderElection6] INFO  impl.RaftServerImpl (RaftServerImpl.java:setRole(174)) - 0821efe4-c707-4fcc-94f8-cb827e7ada87@group-186A4FA27B4F: changes role from CANDIDATE to LEADER at term 1 for changeToLeader
2019-09-27 09:14:25,724 [0821efe4-c707-4fcc-94f8-cb827e7ada87@group-186A4FA27B4F:LeaderElection6] INFO  impl.RaftServerImpl (ServerState.java:setLeader(253)) - 0821efe4-c707-4fcc-94f8-cb827e7ada87@group-186A4FA27B4F: change Leader from null to 0821efe4-c707-4fcc-94f8-cb827e7ada87 at term 1 for becomeLeader, leader elected after 1307ms
2019-09-27 09:14:25,724 [0821efe4-c707-4fcc-94f8-cb827e7ada87@group-186A4FA27B4F:LeaderElection6] INFO  server.RaftServerConfigKeys (ConfUtils.java:logGet(43)) - raft.server.staging.catchup.gap = 1000 (default)
2019-09-27 09:14:25,725 [0821efe4-c707-4fcc-94f8-cb827e7ada87@group-186A4FA27B4F:LeaderElection6] INFO  server.RaftServerConfigKeys (ConfUtils.java:logGet(43)) - raft.server.rpc.sleep.time = 25ms (default)
2019-09-27 09:14:25,725 [0821efe4-c707-4fcc-94f8-cb827e7ada87@group-186A4FA27B4F:LeaderElection6] INFO  server.RaftServerConfigKeys (ConfUtils.java:logGet(43)) - raft.server.write.element-limit = 4096 (default)
2019-09-27 09:14:25,725 [0821efe4-c707-4fcc-94f8-cb827e7ada87@group-186A4FA27B4F:LeaderElection6] INFO  server.RaftServerConfigKeys (ConfUtils.java:logGet(43)) - raft.server.watch.timeout = 10s (default)
2019-09-27 09:14:25,725 [0821efe4-c707-4fcc-94f8-cb827e7ada87@group-186A4FA27B4F:LeaderElection6] INFO  server.RaftServerConfigKeys (ConfUtils.java:logGet(43)) - raft.server.watch.timeout.denomination = 1s (default)
2019-09-27 09:14:25,726 [0821efe4-c707-4fcc-94f8-cb827e7ada87@group-186A4FA27B4F:LeaderElection6] INFO  server.RaftServerConfigKeys (ConfUtils.java:logGet(43)) - raft.server.watch.element-limit = 65536 (default)
2019-09-27 09:14:25,729 [0821efe4-c707-4fcc-94f8-cb827e7ada87@group-186A4FA27B4F:LeaderElection6] INFO  impl.RoleInfo (RoleInfo.java:updateAndGet(143)) - 0821efe4-c707-4fcc-94f8-cb827e7ada87: start LeaderState
2019-09-27 09:14:25,729 [0821efe4-c707-4fcc-94f8-cb827e7ada87@group-186A4FA27B4F:LeaderElection6] INFO  segmented.SegmentedRaftLogWorker (SegmentedRaftLogWorker.java:startLogSegment(380)) - 0821efe4-c707-4fcc-94f8-cb827e7ada87@group-186A4FA27B4F-SegmentedRaftLogWorker: Starting segment from index:0
2019-09-27 09:14:25,729 [0821efe4-c707-4fcc-94f8-cb827e7ada87@group-186A4FA27B4F:LeaderElection6] INFO  impl.RaftServerImpl (ServerState.java:setRaftConf(354)) - 0821efe4-c707-4fcc-94f8-cb827e7ada87@group-186A4FA27B4F: set configuration 0: [0821efe4-c707-4fcc-94f8-cb827e7ada87:192.168.151.103:33210], old=null at 0
2019-09-27 09:14:25,768 [Thread-303] INFO  impl.FollowerState (FollowerState.java:run(106)) - a7400050-0947-41b0-8512-caed91bc5dce:group-DC1EF03DFD46 changes to CANDIDATE, lastRpcTime:1173, electionTimeout:1153ms
2019-09-27 09:14:25,768 [Thread-303] INFO  impl.RoleInfo (RoleInfo.java:shutdownFollowerState(121)) - a7400050-0947-41b0-8512-caed91bc5dce: shutdown FollowerState
2019-09-27 09:14:25,769 [Thread-303] INFO  impl.RaftServerImpl (RaftServerImpl.java:setRole(174)) - a7400050-0947-41b0-8512-caed91bc5dce@group-DC1EF03DFD46: changes role from  FOLLOWER to CANDIDATE at term 0 for changeToCandidate
2019-09-27 09:14:25,769 [Thread-303] INFO  impl.RoleInfo (RoleInfo.java:updateAndGet(143)) - a7400050-0947-41b0-8512-caed91bc5dce: start LeaderElection
2019-09-27 09:14:25,777 [Thread-306] INFO  impl.FollowerState (FollowerState.java:run(106)) - d31f9c36-f111-497e-b7b9-765da331cca9:group-00187214588B changes to CANDIDATE, lastRpcTime:1094, electionTimeout:1094ms
2019-09-27 09:14:25,777 [Thread-306] INFO  impl.RoleInfo (RoleInfo.java:shutdownFollowerState(121)) - d31f9c36-f111-497e-b7b9-765da331cca9: shutdown FollowerState
2019-09-27 09:14:25,777 [Thread-306] INFO  impl.RaftServerImpl (RaftServerImpl.java:setRole(174)) - d31f9c36-f111-497e-b7b9-765da331cca9@group-00187214588B: changes role from  FOLLOWER to CANDIDATE at term 0 for changeToCandidate
2019-09-27 09:14:25,777 [Thread-306] INFO  impl.RoleInfo (RoleInfo.java:updateAndGet(143)) - d31f9c36-f111-497e-b7b9-765da331cca9: start LeaderElection
2019-09-27 09:14:25,783 [a7400050-0947-41b0-8512-caed91bc5dce@group-DC1EF03DFD46:LeaderElection7] INFO  impl.LeaderElection (LeaderElection.java:askForVotes(182)) - a7400050-0947-41b0-8512-caed91bc5dce@group-DC1EF03DFD46:LeaderElection7: begin an election at term 1 for -1: [a7400050-0947-41b0-8512-caed91bc5dce:192.168.151.103:33851], old=null
2019-09-27 09:14:25,783 [0821efe4-c707-4fcc-94f8-cb827e7ada87@group-186A4FA27B4F-SegmentedRaftLogWorker] INFO  segmented.SegmentedRaftLogWorker (SegmentedRaftLogWorker.java:execute(569)) - 0821efe4-c707-4fcc-94f8-cb827e7ada87@group-186A4FA27B4F-SegmentedRaftLogWorker: created new log segment /workdir/hadoop-ozone/integration-test/target/test-dir/MiniOzoneClusterImpl-306848a7-f3db-4b9e-8a0f-7b9627716070/datanode-1/data/ratis/0deb7986-ac3b-48bc-9e3d-186a4fa27b4f/current/log_inprogress_0
2019-09-27 09:14:25,784 [a7400050-0947-41b0-8512-caed91bc5dce@group-DC1EF03DFD46:LeaderElection7] INFO  impl.RoleInfo (RoleInfo.java:shutdownLeaderElection(134)) - a7400050-0947-41b0-8512-caed91bc5dce: shutdown LeaderElection
2019-09-27 09:14:25,784 [a7400050-0947-41b0-8512-caed91bc5dce@group-DC1EF03DFD46:LeaderElection7] INFO  impl.RaftServerImpl (RaftServerImpl.java:setRole(174)) - a7400050-0947-41b0-8512-caed91bc5dce@group-DC1EF03DFD46: changes role from CANDIDATE to LEADER at term 1 for changeToLeader
2019-09-27 09:14:25,784 [a7400050-0947-41b0-8512-caed91bc5dce@group-DC1EF03DFD46:LeaderElection7] INFO  impl.RaftServerImpl (ServerState.java:setLeader(253)) - a7400050-0947-41b0-8512-caed91bc5dce@group-DC1EF03DFD46: change Leader from null to a7400050-0947-41b0-8512-caed91bc5dce at term 1 for becomeLeader, leader elected after 1198ms
2019-09-27 09:14:25,784 [a7400050-0947-41b0-8512-caed91bc5dce@group-DC1EF03DFD46:LeaderElection7] INFO  server.RaftServerConfigKeys (ConfUtils.java:logGet(43)) - raft.server.staging.catchup.gap = 1000 (default)
2019-09-27 09:14:25,784 [a7400050-0947-41b0-8512-caed91bc5dce@group-DC1EF03DFD46:LeaderElection7] INFO  server.RaftServerConfigKeys (ConfUtils.java:logGet(43)) - raft.server.rpc.sleep.time = 25ms (default)
2019-09-27 09:14:25,785 [a7400050-0947-41b0-8512-caed91bc5dce@group-DC1EF03DFD46:LeaderElection7] INFO  server.RaftServerConfigKeys (ConfUtils.java:logGet(43)) - raft.server.write.element-limit = 4096 (default)
2019-09-27 09:14:25,785 [a7400050-0947-41b0-8512-caed91bc5dce@group-DC1EF03DFD46:LeaderElection7] INFO  server.RaftServerConfigKeys (ConfUtils.java:logGet(43)) - raft.server.watch.timeout = 10s (default)
2019-09-27 09:14:25,785 [a7400050-0947-41b0-8512-caed91bc5dce@group-DC1EF03DFD46:LeaderElection7] INFO  server.RaftServerConfigKeys (ConfUtils.java:logGet(43)) - raft.server.watch.timeout.denomination = 1s (default)
2019-09-27 09:14:25,785 [a7400050-0947-41b0-8512-caed91bc5dce@group-DC1EF03DFD46:LeaderElection7] INFO  server.RaftServerConfigKeys (ConfUtils.java:logGet(43)) - raft.server.watch.element-limit = 65536 (default)
2019-09-27 09:14:25,789 [a7400050-0947-41b0-8512-caed91bc5dce@group-DC1EF03DFD46:LeaderElection7] INFO  impl.RoleInfo (RoleInfo.java:updateAndGet(143)) - a7400050-0947-41b0-8512-caed91bc5dce: start LeaderState
2019-09-27 09:14:25,789 [a7400050-0947-41b0-8512-caed91bc5dce@group-DC1EF03DFD46:LeaderElection7] INFO  segmented.SegmentedRaftLogWorker (SegmentedRaftLogWorker.java:startLogSegment(380)) - a7400050-0947-41b0-8512-caed91bc5dce@group-DC1EF03DFD46-SegmentedRaftLogWorker: Starting segment from index:0
2019-09-27 09:14:25,790 [a7400050-0947-41b0-8512-caed91bc5dce@group-DC1EF03DFD46:LeaderElection7] INFO  impl.RaftServerImpl (ServerState.java:setRaftConf(354)) - a7400050-0947-41b0-8512-caed91bc5dce@group-DC1EF03DFD46: set configuration 0: [a7400050-0947-41b0-8512-caed91bc5dce:192.168.151.103:33851], old=null at 0
2019-09-27 09:14:25,825 [d31f9c36-f111-497e-b7b9-765da331cca9@group-00187214588B:LeaderElection8] INFO  impl.LeaderElection (LeaderElection.java:askForVotes(182)) - d31f9c36-f111-497e-b7b9-765da331cca9@group-00187214588B:LeaderElection8: begin an election at term 1 for -1: [d31f9c36-f111-497e-b7b9-765da331cca9:192.168.151.103:34138], old=null
2019-09-27 09:14:25,825 [d31f9c36-f111-497e-b7b9-765da331cca9@group-00187214588B:LeaderElection8] INFO  impl.RoleInfo (RoleInfo.java:shutdownLeaderElection(134)) - d31f9c36-f111-497e-b7b9-765da331cca9: shutdown LeaderElection
2019-09-27 09:14:25,826 [d31f9c36-f111-497e-b7b9-765da331cca9@group-00187214588B:LeaderElection8] INFO  impl.RaftServerImpl (RaftServerImpl.java:setRole(174)) - d31f9c36-f111-497e-b7b9-765da331cca9@group-00187214588B: changes role from CANDIDATE to LEADER at term 1 for changeToLeader
2019-09-27 09:14:25,826 [d31f9c36-f111-497e-b7b9-765da331cca9@group-00187214588B:LeaderElection8] INFO  impl.RaftServerImpl (ServerState.java:setLeader(253)) - d31f9c36-f111-497e-b7b9-765da331cca9@group-00187214588B: change Leader from null to d31f9c36-f111-497e-b7b9-765da331cca9 at term 1 for becomeLeader, leader elected after 1160ms
2019-09-27 09:14:25,826 [d31f9c36-f111-497e-b7b9-765da331cca9@group-00187214588B:LeaderElection8] INFO  server.RaftServerConfigKeys (ConfUtils.java:logGet(43)) - raft.server.staging.catchup.gap = 1000 (default)
2019-09-27 09:14:25,826 [d31f9c36-f111-497e-b7b9-765da331cca9@group-00187214588B:LeaderElection8] INFO  server.RaftServerConfigKeys (ConfUtils.java:logGet(43)) - raft.server.rpc.sleep.time = 25ms (default)
2019-09-27 09:14:25,827 [d31f9c36-f111-497e-b7b9-765da331cca9@group-00187214588B:LeaderElection8] INFO  server.RaftServerConfigKeys (ConfUtils.java:logGet(43)) - raft.server.write.element-limit = 4096 (default)
2019-09-27 09:14:25,827 [d31f9c36-f111-497e-b7b9-765da331cca9@group-00187214588B:LeaderElection8] INFO  server.RaftServerConfigKeys (ConfUtils.java:logGet(43)) - raft.server.watch.timeout = 10s (default)
2019-09-27 09:14:25,827 [d31f9c36-f111-497e-b7b9-765da331cca9@group-00187214588B:LeaderElection8] INFO  server.RaftServerConfigKeys (ConfUtils.java:logGet(43)) - raft.server.watch.timeout.denomination = 1s (default)
2019-09-27 09:14:25,827 [d31f9c36-f111-497e-b7b9-765da331cca9@group-00187214588B:LeaderElection8] INFO  server.RaftServerConfigKeys (ConfUtils.java:logGet(43)) - raft.server.watch.element-limit = 65536 (default)
2019-09-27 09:14:25,832 [d31f9c36-f111-497e-b7b9-765da331cca9@group-00187214588B:LeaderElection8] INFO  impl.RoleInfo (RoleInfo.java:updateAndGet(143)) - d31f9c36-f111-497e-b7b9-765da331cca9: start LeaderState
2019-09-27 09:14:25,832 [d31f9c36-f111-497e-b7b9-765da331cca9@group-00187214588B:LeaderElection8] INFO  segmented.SegmentedRaftLogWorker (SegmentedRaftLogWorker.java:startLogSegment(380)) - d31f9c36-f111-497e-b7b9-765da331cca9@group-00187214588B-SegmentedRaftLogWorker: Starting segment from index:0
2019-09-27 09:14:25,833 [d31f9c36-f111-497e-b7b9-765da331cca9@group-00187214588B:LeaderElection8] INFO  impl.RaftServerImpl (ServerState.java:setRaftConf(354)) - d31f9c36-f111-497e-b7b9-765da331cca9@group-00187214588B: set configuration 0: [d31f9c36-f111-497e-b7b9-765da331cca9:192.168.151.103:34138], old=null at 0
2019-09-27 09:14:25,837 [a7400050-0947-41b0-8512-caed91bc5dce@group-DC1EF03DFD46-SegmentedRaftLogWorker] INFO  segmented.SegmentedRaftLogWorker (SegmentedRaftLogWorker.java:execute(569)) - a7400050-0947-41b0-8512-caed91bc5dce@group-DC1EF03DFD46-SegmentedRaftLogWorker: created new log segment /workdir/hadoop-ozone/integration-test/target/test-dir/MiniOzoneClusterImpl-306848a7-f3db-4b9e-8a0f-7b9627716070/datanode-4/data/ratis/126423b5-a8dd-42c2-8d7f-dc1ef03dfd46/current/log_inprogress_0
2019-09-27 09:14:25,877 [d31f9c36-f111-497e-b7b9-765da331cca9@group-00187214588B-SegmentedRaftLogWorker] INFO  segmented.SegmentedRaftLogWorker (SegmentedRaftLogWorker.java:execute(569)) - d31f9c36-f111-497e-b7b9-765da331cca9@group-00187214588B-SegmentedRaftLogWorker: created new log segment /workdir/hadoop-ozone/integration-test/target/test-dir/MiniOzoneClusterImpl-306848a7-f3db-4b9e-8a0f-7b9627716070/datanode-5/data/ratis/911a8c86-41c6-45d8-8cd4-00187214588b/current/log_inprogress_0
2019-09-27 09:14:25,883 [Thread-312] INFO  impl.FollowerState (FollowerState.java:run(106)) - 4916977c-f509-42a3-882a-78b49d0e3baf:group-F50C95E09A97 changes to CANDIDATE, lastRpcTime:1029, electionTimeout:1029ms
2019-09-27 09:14:25,884 [Thread-312] INFO  impl.RoleInfo (RoleInfo.java:shutdownFollowerState(121)) - 4916977c-f509-42a3-882a-78b49d0e3baf: shutdown FollowerState
2019-09-27 09:14:25,884 [Thread-312] INFO  impl.RaftServerImpl (RaftServerImpl.java:setRole(174)) - 4916977c-f509-42a3-882a-78b49d0e3baf@group-F50C95E09A97: changes role from  FOLLOWER to CANDIDATE at term 0 for changeToCandidate
2019-09-27 09:14:25,884 [Thread-312] INFO  impl.RoleInfo (RoleInfo.java:updateAndGet(143)) - 4916977c-f509-42a3-882a-78b49d0e3baf: start LeaderElection
2019-09-27 09:14:25,910 [4916977c-f509-42a3-882a-78b49d0e3baf@group-F50C95E09A97:LeaderElection9] INFO  impl.LeaderElection (LeaderElection.java:askForVotes(182)) - 4916977c-f509-42a3-882a-78b49d0e3baf@group-F50C95E09A97:LeaderElection9: begin an election at term 1 for -1: [4916977c-f509-42a3-882a-78b49d0e3baf:192.168.151.103:37593], old=null
2019-09-27 09:14:25,910 [4916977c-f509-42a3-882a-78b49d0e3baf@group-F50C95E09A97:LeaderElection9] INFO  impl.RoleInfo (RoleInfo.java:shutdownLeaderElection(134)) - 4916977c-f509-42a3-882a-78b49d0e3baf: shutdown LeaderElection
2019-09-27 09:14:25,910 [4916977c-f509-42a3-882a-78b49d0e3baf@group-F50C95E09A97:LeaderElection9] INFO  impl.RaftServerImpl (RaftServerImpl.java:setRole(174)) - 4916977c-f509-42a3-882a-78b49d0e3baf@group-F50C95E09A97: changes role from CANDIDATE to LEADER at term 1 for changeToLeader
2019-09-27 09:14:25,910 [4916977c-f509-42a3-882a-78b49d0e3baf@group-F50C95E09A97:LeaderElection9] INFO  impl.RaftServerImpl (ServerState.java:setLeader(253)) - 4916977c-f509-42a3-882a-78b49d0e3baf@group-F50C95E09A97: change Leader from null to 4916977c-f509-42a3-882a-78b49d0e3baf at term 1 for becomeLeader, leader elected after 1071ms
2019-09-27 09:14:25,910 [4916977c-f509-42a3-882a-78b49d0e3baf@group-F50C95E09A97:LeaderElection9] INFO  server.RaftServerConfigKeys (ConfUtils.java:logGet(43)) - raft.server.staging.catchup.gap = 1000 (default)
2019-09-27 09:14:25,911 [4916977c-f509-42a3-882a-78b49d0e3baf@group-F50C95E09A97:LeaderElection9] INFO  server.RaftServerConfigKeys (ConfUtils.java:logGet(43)) - raft.server.rpc.sleep.time = 25ms (default)
2019-09-27 09:14:25,911 [4916977c-f509-42a3-882a-78b49d0e3baf@group-F50C95E09A97:LeaderElection9] INFO  server.RaftServerConfigKeys (ConfUtils.java:logGet(43)) - raft.server.write.element-limit = 4096 (default)
2019-09-27 09:14:25,911 [4916977c-f509-42a3-882a-78b49d0e3baf@group-F50C95E09A97:LeaderElection9] INFO  server.RaftServerConfigKeys (ConfUtils.java:logGet(43)) - raft.server.watch.timeout = 10s (default)
2019-09-27 09:14:25,911 [4916977c-f509-42a3-882a-78b49d0e3baf@group-F50C95E09A97:LeaderElection9] INFO  server.RaftServerConfigKeys (ConfUtils.java:logGet(43)) - raft.server.watch.timeout.denomination = 1s (default)
2019-09-27 09:14:25,911 [4916977c-f509-42a3-882a-78b49d0e3baf@group-F50C95E09A97:LeaderElection9] INFO  server.RaftServerConfigKeys (ConfUtils.java:logGet(43)) - raft.server.watch.element-limit = 65536 (default)
2019-09-27 09:14:25,914 [4916977c-f509-42a3-882a-78b49d0e3baf@group-F50C95E09A97:LeaderElection9] INFO  impl.RoleInfo (RoleInfo.java:updateAndGet(143)) - 4916977c-f509-42a3-882a-78b49d0e3baf: start LeaderState
2019-09-27 09:14:25,914 [4916977c-f509-42a3-882a-78b49d0e3baf@group-F50C95E09A97:LeaderElection9] INFO  segmented.SegmentedRaftLogWorker (SegmentedRaftLogWorker.java:startLogSegment(380)) - 4916977c-f509-42a3-882a-78b49d0e3baf@group-F50C95E09A97-SegmentedRaftLogWorker: Starting segment from index:0
2019-09-27 09:14:25,915 [4916977c-f509-42a3-882a-78b49d0e3baf@group-F50C95E09A97:LeaderElection9] INFO  impl.RaftServerImpl (ServerState.java:setRaftConf(354)) - 4916977c-f509-42a3-882a-78b49d0e3baf@group-F50C95E09A97: set configuration 0: [4916977c-f509-42a3-882a-78b49d0e3baf:192.168.151.103:37593], old=null at 0
2019-09-27 09:14:25,943 [Thread-309] INFO  impl.FollowerState (FollowerState.java:run(106)) - b93e8517-84f8-4f68-bef3-e117f2a0c787:group-FAA1371BD231 changes to CANDIDATE, lastRpcTime:1192, electionTimeout:1190ms
2019-09-27 09:14:25,944 [Thread-309] INFO  impl.RoleInfo (RoleInfo.java:shutdownFollowerState(121)) - b93e8517-84f8-4f68-bef3-e117f2a0c787: shutdown FollowerState
2019-09-27 09:14:25,944 [Thread-309] INFO  impl.RaftServerImpl (RaftServerImpl.java:setRole(174)) - b93e8517-84f8-4f68-bef3-e117f2a0c787@group-FAA1371BD231: changes role from  FOLLOWER to CANDIDATE at term 0 for changeToCandidate
2019-09-27 09:14:25,944 [Thread-309] INFO  impl.RoleInfo (RoleInfo.java:updateAndGet(143)) - b93e8517-84f8-4f68-bef3-e117f2a0c787: start LeaderElection
2019-09-27 09:14:25,950 [main] INFO  ipc.Client (Client.java:handleConnectionFailure(948)) - Retrying connect to server: localhost/127.0.0.1:0. Already tried 0 time(s); retry policy is RetryUpToMaximumCountWithFixedSleep(maxRetries=10, sleepTime=1000 MILLISECONDS)
2019-09-27 09:14:25,954 [4916977c-f509-42a3-882a-78b49d0e3baf@group-F50C95E09A97-SegmentedRaftLogWorker] INFO  segmented.SegmentedRaftLogWorker (SegmentedRaftLogWorker.java:execute(569)) - 4916977c-f509-42a3-882a-78b49d0e3baf@group-F50C95E09A97-SegmentedRaftLogWorker: created new log segment /workdir/hadoop-ozone/integration-test/target/test-dir/MiniOzoneClusterImpl-306848a7-f3db-4b9e-8a0f-7b9627716070/datanode-3/data/ratis/3e78cf6d-1e19-43fe-87ab-f50c95e09a97/current/log_inprogress_0
2019-09-27 09:14:25,954 [b93e8517-84f8-4f68-bef3-e117f2a0c787@group-FAA1371BD231:LeaderElection10] INFO  impl.LeaderElection (LeaderElection.java:askForVotes(182)) - b93e8517-84f8-4f68-bef3-e117f2a0c787@group-FAA1371BD231:LeaderElection10: begin an election at term 1 for -1: [b93e8517-84f8-4f68-bef3-e117f2a0c787:192.168.151.103:46577], old=null
2019-09-27 09:14:25,954 [b93e8517-84f8-4f68-bef3-e117f2a0c787@group-FAA1371BD231:LeaderElection10] INFO  impl.RoleInfo (RoleInfo.java:shutdownLeaderElection(134)) - b93e8517-84f8-4f68-bef3-e117f2a0c787: shutdown LeaderElection
2019-09-27 09:14:25,954 [b93e8517-84f8-4f68-bef3-e117f2a0c787@group-FAA1371BD231:LeaderElection10] INFO  impl.RaftServerImpl (RaftServerImpl.java:setRole(174)) - b93e8517-84f8-4f68-bef3-e117f2a0c787@group-FAA1371BD231: changes role from CANDIDATE to LEADER at term 1 for changeToLeader
2019-09-27 09:14:25,954 [b93e8517-84f8-4f68-bef3-e117f2a0c787@group-FAA1371BD231:LeaderElection10] INFO  impl.RaftServerImpl (ServerState.java:setLeader(253)) - b93e8517-84f8-4f68-bef3-e117f2a0c787@group-FAA1371BD231: change Leader from null to b93e8517-84f8-4f68-bef3-e117f2a0c787 at term 1 for becomeLeader, leader elected after 1209ms
2019-09-27 09:14:25,954 [b93e8517-84f8-4f68-bef3-e117f2a0c787@group-FAA1371BD231:LeaderElection10] INFO  server.RaftServerConfigKeys (ConfUtils.java:logGet(43)) - raft.server.staging.catchup.gap = 1000 (default)
2019-09-27 09:14:25,954 [b93e8517-84f8-4f68-bef3-e117f2a0c787@group-FAA1371BD231:LeaderElection10] INFO  server.RaftServerConfigKeys (ConfUtils.java:logGet(43)) - raft.server.rpc.sleep.time = 25ms (default)
2019-09-27 09:14:25,954 [b93e8517-84f8-4f68-bef3-e117f2a0c787@group-FAA1371BD231:LeaderElection10] INFO  server.RaftServerConfigKeys (ConfUtils.java:logGet(43)) - raft.server.write.element-limit = 4096 (default)
2019-09-27 09:14:25,955 [b93e8517-84f8-4f68-bef3-e117f2a0c787@group-FAA1371BD231:LeaderElection10] INFO  server.RaftServerConfigKeys (ConfUtils.java:logGet(43)) - raft.server.watch.timeout = 10s (default)
2019-09-27 09:14:25,955 [b93e8517-84f8-4f68-bef3-e117f2a0c787@group-FAA1371BD231:LeaderElection10] INFO  server.RaftServerConfigKeys (ConfUtils.java:logGet(43)) - raft.server.watch.timeout.denomination = 1s (default)
2019-09-27 09:14:25,955 [b93e8517-84f8-4f68-bef3-e117f2a0c787@group-FAA1371BD231:LeaderElection10] INFO  server.RaftServerConfigKeys (ConfUtils.java:logGet(43)) - raft.server.watch.element-limit = 65536 (default)
2019-09-27 09:14:25,957 [b93e8517-84f8-4f68-bef3-e117f2a0c787@group-FAA1371BD231:LeaderElection10] INFO  impl.RoleInfo (RoleInfo.java:updateAndGet(143)) - b93e8517-84f8-4f68-bef3-e117f2a0c787: start LeaderState
2019-09-27 09:14:25,957 [b93e8517-84f8-4f68-bef3-e117f2a0c787@group-FAA1371BD231:LeaderElection10] INFO  segmented.SegmentedRaftLogWorker (SegmentedRaftLogWorker.java:startLogSegment(380)) - b93e8517-84f8-4f68-bef3-e117f2a0c787@group-FAA1371BD231-SegmentedRaftLogWorker: Starting segment from index:0
2019-09-27 09:14:25,958 [b93e8517-84f8-4f68-bef3-e117f2a0c787@group-FAA1371BD231:LeaderElection10] INFO  impl.RaftServerImpl (ServerState.java:setRaftConf(354)) - b93e8517-84f8-4f68-bef3-e117f2a0c787@group-FAA1371BD231: set configuration 0: [b93e8517-84f8-4f68-bef3-e117f2a0c787:192.168.151.103:46577], old=null at 0
2019-09-27 09:14:25,999 [Thread-283] INFO  container.ReplicationManager (ReplicationManager.java:start(162)) - Starting Replication Monitor Thread.
2019-09-27 09:14:26,001 [ReplicationMonitor] INFO  container.ReplicationManager (ReplicationManager.java:run(225)) - Replication Monitor Thread took 0 milliseconds for processing 0 containers.
2019-09-27 09:14:26,004 [b93e8517-84f8-4f68-bef3-e117f2a0c787@group-FAA1371BD231-SegmentedRaftLogWorker] INFO  segmented.SegmentedRaftLogWorker (SegmentedRaftLogWorker.java:execute(569)) - b93e8517-84f8-4f68-bef3-e117f2a0c787@group-FAA1371BD231-SegmentedRaftLogWorker: created new log segment /workdir/hadoop-ozone/integration-test/target/test-dir/MiniOzoneClusterImpl-306848a7-f3db-4b9e-8a0f-7b9627716070/datanode-7/data/ratis/c5f07b5a-7117-4845-8fc5-faa1371bd231/current/log_inprogress_0
2019-09-27 09:14:26,012 [Thread-318] INFO  impl.FollowerState (FollowerState.java:run(106)) - 61fa1b65-b974-45b4-9851-06f065a159ca:group-99BA15B9EFBE changes to CANDIDATE, lastRpcTime:1059, electionTimeout:1059ms
2019-09-27 09:14:26,012 [Thread-318] INFO  impl.RoleInfo (RoleInfo.java:shutdownFollowerState(121)) - 61fa1b65-b974-45b4-9851-06f065a159ca: shutdown FollowerState
2019-09-27 09:14:26,012 [Thread-318] INFO  impl.RaftServerImpl (RaftServerImpl.java:setRole(174)) - 61fa1b65-b974-45b4-9851-06f065a159ca@group-99BA15B9EFBE: changes role from  FOLLOWER to CANDIDATE at term 0 for changeToCandidate
2019-09-27 09:14:26,013 [Thread-318] INFO  impl.RoleInfo (RoleInfo.java:updateAndGet(143)) - 61fa1b65-b974-45b4-9851-06f065a159ca: start LeaderElection
2019-09-27 09:14:26,030 [61fa1b65-b974-45b4-9851-06f065a159ca@group-99BA15B9EFBE:LeaderElection11] INFO  impl.LeaderElection (LeaderElection.java:askForVotes(182)) - 61fa1b65-b974-45b4-9851-06f065a159ca@group-99BA15B9EFBE:LeaderElection11: begin an election at term 1 for -1: [61fa1b65-b974-45b4-9851-06f065a159ca:192.168.151.103:33766, 6bbd184a-0336-4d81-9e16-b14f69eef1c7:192.168.151.103:36847, e31a64e7-7f72-4df5-b5f7-b27bcc72e3f7:192.168.151.103:40680], old=null
2019-09-27 09:14:26,075 [grpc-default-executor-1] INFO  impl.RaftServerImpl (RaftServerImpl.java:setRole(174)) - 6bbd184a-0336-4d81-9e16-b14f69eef1c7@group-99BA15B9EFBE: changes role from  FOLLOWER to FOLLOWER at term 1 for recognizeCandidate:61fa1b65-b974-45b4-9851-06f065a159ca
2019-09-27 09:14:26,075 [grpc-default-executor-2] INFO  impl.RaftServerImpl (RaftServerImpl.java:setRole(174)) - e31a64e7-7f72-4df5-b5f7-b27bcc72e3f7@group-99BA15B9EFBE: changes role from  FOLLOWER to FOLLOWER at term 1 for recognizeCandidate:61fa1b65-b974-45b4-9851-06f065a159ca
2019-09-27 09:14:26,076 [grpc-default-executor-1] INFO  impl.RoleInfo (RoleInfo.java:shutdownFollowerState(121)) - 6bbd184a-0336-4d81-9e16-b14f69eef1c7: shutdown FollowerState
2019-09-27 09:14:26,076 [grpc-default-executor-2] INFO  impl.RoleInfo (RoleInfo.java:shutdownFollowerState(121)) - e31a64e7-7f72-4df5-b5f7-b27bcc72e3f7: shutdown FollowerState
2019-09-27 09:14:26,076 [grpc-default-executor-1] INFO  impl.RoleInfo (RoleInfo.java:updateAndGet(143)) - 6bbd184a-0336-4d81-9e16-b14f69eef1c7: start FollowerState
2019-09-27 09:14:26,076 [Thread-321] INFO  impl.FollowerState (FollowerState.java:run(115)) - e31a64e7-7f72-4df5-b5f7-b27bcc72e3f7: FollowerState was interrupted: java.lang.InterruptedException: sleep interrupted
2019-09-27 09:14:26,076 [grpc-default-executor-2] INFO  impl.RoleInfo (RoleInfo.java:updateAndGet(143)) - e31a64e7-7f72-4df5-b5f7-b27bcc72e3f7: start FollowerState
2019-09-27 09:14:26,076 [Thread-320] INFO  impl.FollowerState (FollowerState.java:run(115)) - 6bbd184a-0336-4d81-9e16-b14f69eef1c7: FollowerState was interrupted: java.lang.InterruptedException: sleep interrupted
2019-09-27 09:14:26,114 [61fa1b65-b974-45b4-9851-06f065a159ca@group-99BA15B9EFBE:LeaderElection11] INFO  impl.LeaderElection (LeaderElection.java:logAndReturn(56)) - 61fa1b65-b974-45b4-9851-06f065a159ca@group-99BA15B9EFBE:LeaderElection11: Election PASSED; received 1 response(s) [61fa1b65-b974-45b4-9851-06f065a159ca<-6bbd184a-0336-4d81-9e16-b14f69eef1c7#0:OK-t1] and 0 exception(s); 61fa1b65-b974-45b4-9851-06f065a159ca@group-99BA15B9EFBE:t1, leader=null, voted=61fa1b65-b974-45b4-9851-06f065a159ca, raftlog=61fa1b65-b974-45b4-9851-06f065a159ca@group-99BA15B9EFBE-SegmentedRaftLog:OPENED:c-1,f-1,i0, conf=-1: [61fa1b65-b974-45b4-9851-06f065a159ca:192.168.151.103:33766, 6bbd184a-0336-4d81-9e16-b14f69eef1c7:192.168.151.103:36847, e31a64e7-7f72-4df5-b5f7-b27bcc72e3f7:192.168.151.103:40680], old=null
2019-09-27 09:14:26,114 [61fa1b65-b974-45b4-9851-06f065a159ca@group-99BA15B9EFBE:LeaderElection11] INFO  impl.RoleInfo (RoleInfo.java:shutdownLeaderElection(134)) - 61fa1b65-b974-45b4-9851-06f065a159ca: shutdown LeaderElection
2019-09-27 09:14:26,114 [61fa1b65-b974-45b4-9851-06f065a159ca@group-99BA15B9EFBE:LeaderElection11] INFO  impl.RaftServerImpl (RaftServerImpl.java:setRole(174)) - 61fa1b65-b974-45b4-9851-06f065a159ca@group-99BA15B9EFBE: changes role from CANDIDATE to LEADER at term 1 for changeToLeader
2019-09-27 09:14:26,117 [61fa1b65-b974-45b4-9851-06f065a159ca@group-99BA15B9EFBE:LeaderElection11] INFO  impl.RaftServerImpl (ServerState.java:setLeader(253)) - 61fa1b65-b974-45b4-9851-06f065a159ca@group-99BA15B9EFBE: change Leader from null to 61fa1b65-b974-45b4-9851-06f065a159ca at term 1 for becomeLeader, leader elected after 1181ms
2019-09-27 09:14:26,117 [61fa1b65-b974-45b4-9851-06f065a159ca@group-99BA15B9EFBE:LeaderElection11] INFO  server.RaftServerConfigKeys (ConfUtils.java:logGet(43)) - raft.server.staging.catchup.gap = 1000 (default)
2019-09-27 09:14:26,117 [61fa1b65-b974-45b4-9851-06f065a159ca@group-99BA15B9EFBE:LeaderElection11] INFO  server.RaftServerConfigKeys (ConfUtils.java:logGet(43)) - raft.server.rpc.sleep.time = 25ms (default)
2019-09-27 09:14:26,117 [61fa1b65-b974-45b4-9851-06f065a159ca@group-99BA15B9EFBE:LeaderElection11] INFO  server.RaftServerConfigKeys (ConfUtils.java:logGet(43)) - raft.server.write.element-limit = 4096 (default)
2019-09-27 09:14:26,118 [61fa1b65-b974-45b4-9851-06f065a159ca@group-99BA15B9EFBE:LeaderElection11] INFO  server.RaftServerConfigKeys (ConfUtils.java:logGet(43)) - raft.server.watch.timeout = 10s (default)
2019-09-27 09:14:26,118 [61fa1b65-b974-45b4-9851-06f065a159ca@group-99BA15B9EFBE:LeaderElection11] INFO  server.RaftServerConfigKeys (ConfUtils.java:logGet(43)) - raft.server.watch.timeout.denomination = 1s (default)
2019-09-27 09:14:26,118 [61fa1b65-b974-45b4-9851-06f065a159ca@group-99BA15B9EFBE:LeaderElection11] INFO  server.RaftServerConfigKeys (ConfUtils.java:logGet(43)) - raft.server.watch.element-limit = 65536 (default)
2019-09-27 09:14:26,123 [61fa1b65-b974-45b4-9851-06f065a159ca@group-99BA15B9EFBE:LeaderElection11] INFO  server.RaftServerConfigKeys (ConfUtils.java:logGet(43)) - raft.server.log.appender.snapshot.chunk.size.max = 16MB (=16777216) (default)
2019-09-27 09:14:26,123 [61fa1b65-b974-45b4-9851-06f065a159ca@group-99BA15B9EFBE:LeaderElection11] INFO  server.RaftServerConfigKeys (ConfUtils.java:logGet(43)) - raft.server.log.appender.buffer.byte-limit = 33554432 (custom)
2019-09-27 09:14:26,123 [61fa1b65-b974-45b4-9851-06f065a159ca@group-99BA15B9EFBE:LeaderElection11] INFO  server.RaftServerConfigKeys (ConfUtils.java:logGet(43)) - raft.server.log.appender.buffer.element-limit = 1 (custom)
2019-09-27 09:14:26,127 [61fa1b65-b974-45b4-9851-06f065a159ca@group-99BA15B9EFBE:LeaderElection11] INFO  grpc.GrpcConfigKeys$Server (ConfUtils.java:logGet(43)) - raft.grpc.server.leader.outstanding.appends.max = 128 (default)
2019-09-27 09:14:26,127 [61fa1b65-b974-45b4-9851-06f065a159ca@group-99BA15B9EFBE:LeaderElection11] INFO  server.RaftServerConfigKeys (ConfUtils.java:logGet(43)) - raft.server.rpc.request.timeout = 3000ms (default)
2019-09-27 09:14:26,127 [61fa1b65-b974-45b4-9851-06f065a159ca@group-99BA15B9EFBE:LeaderElection11] INFO  server.RaftServerConfigKeys (ConfUtils.java:logGet(43)) - raft.server.log.appender.install.snapshot.enabled = false (custom)
2019-09-27 09:14:26,128 [61fa1b65-b974-45b4-9851-06f065a159ca@group-99BA15B9EFBE:LeaderElection11] INFO  server.RaftServerConfigKeys (ConfUtils.java:logGet(43)) - raft.server.log.appender.snapshot.chunk.size.max = 16MB (=16777216) (default)
2019-09-27 09:14:26,128 [61fa1b65-b974-45b4-9851-06f065a159ca@group-99BA15B9EFBE:LeaderElection11] INFO  server.RaftServerConfigKeys (ConfUtils.java:logGet(43)) - raft.server.log.appender.buffer.byte-limit = 33554432 (custom)
2019-09-27 09:14:26,128 [61fa1b65-b974-45b4-9851-06f065a159ca@group-99BA15B9EFBE:LeaderElection11] INFO  server.RaftServerConfigKeys (ConfUtils.java:logGet(43)) - raft.server.log.appender.buffer.element-limit = 1 (custom)
2019-09-27 09:14:26,129 [61fa1b65-b974-45b4-9851-06f065a159ca@group-99BA15B9EFBE:LeaderElection11] INFO  grpc.GrpcConfigKeys$Server (ConfUtils.java:logGet(43)) - raft.grpc.server.leader.outstanding.appends.max = 128 (default)
2019-09-27 09:14:26,129 [61fa1b65-b974-45b4-9851-06f065a159ca@group-99BA15B9EFBE:LeaderElection11] INFO  server.RaftServerConfigKeys (ConfUtils.java:logGet(43)) - raft.server.rpc.request.timeout = 3000ms (default)
2019-09-27 09:14:26,129 [61fa1b65-b974-45b4-9851-06f065a159ca@group-99BA15B9EFBE:LeaderElection11] INFO  server.RaftServerConfigKeys (ConfUtils.java:logGet(43)) - raft.server.log.appender.install.snapshot.enabled = false (custom)
2019-09-27 09:14:26,132 [61fa1b65-b974-45b4-9851-06f065a159ca@group-99BA15B9EFBE:LeaderElection11] INFO  impl.RoleInfo (RoleInfo.java:updateAndGet(143)) - 61fa1b65-b974-45b4-9851-06f065a159ca: start LeaderState
2019-09-27 09:14:26,132 [61fa1b65-b974-45b4-9851-06f065a159ca@group-99BA15B9EFBE:LeaderElection11] INFO  segmented.SegmentedRaftLogWorker (SegmentedRaftLogWorker.java:startLogSegment(380)) - 61fa1b65-b974-45b4-9851-06f065a159ca@group-99BA15B9EFBE-SegmentedRaftLogWorker: Starting segment from index:0
2019-09-27 09:14:26,133 [61fa1b65-b974-45b4-9851-06f065a159ca@group-99BA15B9EFBE:LeaderElection11] INFO  impl.RaftServerImpl (ServerState.java:setRaftConf(354)) - 61fa1b65-b974-45b4-9851-06f065a159ca@group-99BA15B9EFBE: set configuration 0: [61fa1b65-b974-45b4-9851-06f065a159ca:192.168.151.103:33766, 6bbd184a-0336-4d81-9e16-b14f69eef1c7:192.168.151.103:36847, e31a64e7-7f72-4df5-b5f7-b27bcc72e3f7:192.168.151.103:40680], old=null at 0
2019-09-27 09:14:26,161 [Thread-333] INFO  impl.FollowerState (FollowerState.java:run(106)) - 1b1c50e1-42fe-4038-95e1-cf5ebbb85fbb:group-4DD0B4D884A5 changes to CANDIDATE, lastRpcTime:1097, electionTimeout:1093ms
2019-09-27 09:14:26,164 [Thread-333] INFO  impl.RoleInfo (RoleInfo.java:shutdownFollowerState(121)) - 1b1c50e1-42fe-4038-95e1-cf5ebbb85fbb: shutdown FollowerState
2019-09-27 09:14:26,164 [Thread-333] INFO  impl.RaftServerImpl (RaftServerImpl.java:setRole(174)) - 1b1c50e1-42fe-4038-95e1-cf5ebbb85fbb@group-4DD0B4D884A5: changes role from  FOLLOWER to CANDIDATE at term 0 for changeToCandidate
2019-09-27 09:14:26,164 [Thread-333] INFO  impl.RoleInfo (RoleInfo.java:updateAndGet(143)) - 1b1c50e1-42fe-4038-95e1-cf5ebbb85fbb: start LeaderElection
2019-09-27 09:14:26,184 [61fa1b65-b974-45b4-9851-06f065a159ca@group-99BA15B9EFBE-SegmentedRaftLogWorker] INFO  segmented.SegmentedRaftLogWorker (SegmentedRaftLogWorker.java:execute(569)) - 61fa1b65-b974-45b4-9851-06f065a159ca@group-99BA15B9EFBE-SegmentedRaftLogWorker: created new log segment /workdir/hadoop-ozone/integration-test/target/test-dir/MiniOzoneClusterImpl-306848a7-f3db-4b9e-8a0f-7b9627716070/datanode-6/data/ratis/91bfaadc-fd8b-4325-910d-99ba15b9efbe/current/log_inprogress_0
2019-09-27 09:14:26,184 [1b1c50e1-42fe-4038-95e1-cf5ebbb85fbb@group-4DD0B4D884A5:LeaderElection12] INFO  impl.LeaderElection (LeaderElection.java:askForVotes(182)) - 1b1c50e1-42fe-4038-95e1-cf5ebbb85fbb@group-4DD0B4D884A5:LeaderElection12: begin an election at term 1 for -1: [a7400050-0947-41b0-8512-caed91bc5dce:192.168.151.103:33851, 1b1c50e1-42fe-4038-95e1-cf5ebbb85fbb:192.168.151.103:40816, 0821efe4-c707-4fcc-94f8-cb827e7ada87:192.168.151.103:33210], old=null
2019-09-27 09:14:26,197 [Thread-338] INFO  impl.FollowerState (FollowerState.java:run(106)) - d31f9c36-f111-497e-b7b9-765da331cca9:group-27CEAF660913 changes to CANDIDATE, lastRpcTime:1048, electionTimeout:1047ms
2019-09-27 09:14:26,197 [Thread-338] INFO  impl.RoleInfo (RoleInfo.java:shutdownFollowerState(121)) - d31f9c36-f111-497e-b7b9-765da331cca9: shutdown FollowerState
2019-09-27 09:14:26,197 [Thread-338] INFO  impl.RaftServerImpl (RaftServerImpl.java:setRole(174)) - d31f9c36-f111-497e-b7b9-765da331cca9@group-27CEAF660913: changes role from  FOLLOWER to CANDIDATE at term 0 for changeToCandidate
2019-09-27 09:14:26,197 [Thread-338] INFO  impl.RoleInfo (RoleInfo.java:updateAndGet(143)) - d31f9c36-f111-497e-b7b9-765da331cca9: start LeaderElection
2019-09-27 09:14:26,197 [Thread-340] INFO  impl.FollowerState (FollowerState.java:run(106)) - a8cc1a37-a8a6-4a7f-81dc-bc9c8df542bb:group-27CEAF660913 changes to CANDIDATE, lastRpcTime:1048, electionTimeout:1040ms
2019-09-27 09:14:26,198 [Thread-340] INFO  impl.RoleInfo (RoleInfo.java:shutdownFollowerState(121)) - a8cc1a37-a8a6-4a7f-81dc-bc9c8df542bb: shutdown FollowerState
2019-09-27 09:14:26,198 [Thread-340] INFO  impl.RaftServerImpl (RaftServerImpl.java:setRole(174)) - a8cc1a37-a8a6-4a7f-81dc-bc9c8df542bb@group-27CEAF660913: changes role from  FOLLOWER to CANDIDATE at term 0 for changeToCandidate
2019-09-27 09:14:26,203 [Thread-331] INFO  impl.FollowerState (FollowerState.java:run(106)) - a7400050-0947-41b0-8512-caed91bc5dce:group-4DD0B4D884A5 changes to CANDIDATE, lastRpcTime:1139, electionTimeout:1139ms
2019-09-27 09:14:26,203 [Thread-340] INFO  impl.RoleInfo (RoleInfo.java:updateAndGet(143)) - a8cc1a37-a8a6-4a7f-81dc-bc9c8df542bb: start LeaderElection
2019-09-27 09:14:26,205 [Thread-331] INFO  impl.RoleInfo (RoleInfo.java:shutdownFollowerState(121)) - a7400050-0947-41b0-8512-caed91bc5dce: shutdown FollowerState
2019-09-27 09:14:26,207 [Thread-329] INFO  impl.FollowerState (FollowerState.java:run(106)) - 0821efe4-c707-4fcc-94f8-cb827e7ada87:group-4DD0B4D884A5 changes to CANDIDATE, lastRpcTime:1149, electionTimeout:1147ms
2019-09-27 09:14:26,205 [grpc-default-executor-1] INFO  impl.RaftServerImpl (ServerState.java:setLeader(253)) - 6bbd184a-0336-4d81-9e16-b14f69eef1c7@group-99BA15B9EFBE: change Leader from null to 61fa1b65-b974-45b4-9851-06f065a159ca at term 1 for appendEntries, leader elected after 1269ms
2019-09-27 09:14:26,210 [Thread-329] INFO  impl.RoleInfo (RoleInfo.java:shutdownFollowerState(121)) - 0821efe4-c707-4fcc-94f8-cb827e7ada87: shutdown FollowerState
2019-09-27 09:14:26,210 [Thread-331] INFO  impl.RaftServerImpl (RaftServerImpl.java:setRole(174)) - a7400050-0947-41b0-8512-caed91bc5dce@group-4DD0B4D884A5: changes role from  FOLLOWER to CANDIDATE at term 0 for changeToCandidate
2019-09-27 09:14:26,212 [grpc-default-executor-2] INFO  impl.RaftServerImpl (ServerState.java:setLeader(253)) - e31a64e7-7f72-4df5-b5f7-b27bcc72e3f7@group-99BA15B9EFBE: change Leader from null to 61fa1b65-b974-45b4-9851-06f065a159ca at term 1 for appendEntries, leader elected after 1276ms
2019-09-27 09:14:26,214 [Thread-329] INFO  impl.RaftServerImpl (RaftServerImpl.java:setRole(174)) - 0821efe4-c707-4fcc-94f8-cb827e7ada87@group-4DD0B4D884A5: changes role from  FOLLOWER to CANDIDATE at term 0 for changeToCandidate
2019-09-27 09:14:26,217 [Thread-331] INFO  impl.RoleInfo (RoleInfo.java:updateAndGet(143)) - a7400050-0947-41b0-8512-caed91bc5dce: start LeaderElection
2019-09-27 09:14:26,217 [Thread-329] INFO  impl.RoleInfo (RoleInfo.java:updateAndGet(143)) - 0821efe4-c707-4fcc-94f8-cb827e7ada87: start LeaderElection
2019-09-27 09:14:26,221 [grpc-default-executor-3] INFO  impl.RaftServerImpl (RaftServerImpl.java:setRole(174)) - a7400050-0947-41b0-8512-caed91bc5dce@group-4DD0B4D884A5: changes role from CANDIDATE to FOLLOWER at term 1 for recognizeCandidate:1b1c50e1-42fe-4038-95e1-cf5ebbb85fbb
2019-09-27 09:14:26,223 [grpc-default-executor-0] INFO  impl.RaftServerImpl (RaftServerImpl.java:setRole(174)) - 0821efe4-c707-4fcc-94f8-cb827e7ada87@group-4DD0B4D884A5: changes role from CANDIDATE to FOLLOWER at term 1 for recognizeCandidate:1b1c50e1-42fe-4038-95e1-cf5ebbb85fbb
2019-09-27 09:14:26,224 [grpc-default-executor-3] INFO  impl.RoleInfo (RoleInfo.java:shutdownLeaderElection(134)) - a7400050-0947-41b0-8512-caed91bc5dce: shutdown LeaderElection
2019-09-27 09:14:26,224 [grpc-default-executor-0] INFO  impl.RoleInfo (RoleInfo.java:shutdownLeaderElection(134)) - 0821efe4-c707-4fcc-94f8-cb827e7ada87: shutdown LeaderElection
2019-09-27 09:14:26,224 [grpc-default-executor-3] INFO  impl.RoleInfo (RoleInfo.java:updateAndGet(143)) - a7400050-0947-41b0-8512-caed91bc5dce: start FollowerState
2019-09-27 09:14:26,224 [grpc-default-executor-0] INFO  impl.RoleInfo (RoleInfo.java:updateAndGet(143)) - 0821efe4-c707-4fcc-94f8-cb827e7ada87: start FollowerState
2019-09-27 09:14:26,234 [a8cc1a37-a8a6-4a7f-81dc-bc9c8df542bb@group-27CEAF660913:LeaderElection14] INFO  impl.LeaderElection (LeaderElection.java:askForVotes(182)) - a8cc1a37-a8a6-4a7f-81dc-bc9c8df542bb@group-27CEAF660913:LeaderElection14: begin an election at term 1 for -1: [a8cc1a37-a8a6-4a7f-81dc-bc9c8df542bb:192.168.151.103:41868, b93e8517-84f8-4f68-bef3-e117f2a0c787:192.168.151.103:46577, d31f9c36-f111-497e-b7b9-765da331cca9:192.168.151.103:34138], old=null
2019-09-27 09:14:26,234 [d31f9c36-f111-497e-b7b9-765da331cca9@group-27CEAF660913:LeaderElection13] INFO  impl.LeaderElection (LeaderElection.java:askForVotes(182)) - d31f9c36-f111-497e-b7b9-765da331cca9@group-27CEAF660913:LeaderElection13: begin an election at term 1 for -1: [a8cc1a37-a8a6-4a7f-81dc-bc9c8df542bb:192.168.151.103:41868, b93e8517-84f8-4f68-bef3-e117f2a0c787:192.168.151.103:46577, d31f9c36-f111-497e-b7b9-765da331cca9:192.168.151.103:34138], old=null
2019-09-27 09:14:26,247 [1b1c50e1-42fe-4038-95e1-cf5ebbb85fbb@group-4DD0B4D884A5:LeaderElection12] INFO  impl.LeaderElection (LeaderElection.java:logAndReturn(56)) - 1b1c50e1-42fe-4038-95e1-cf5ebbb85fbb@group-4DD0B4D884A5:LeaderElection12: Election REJECTED; received 2 response(s) [1b1c50e1-42fe-4038-95e1-cf5ebbb85fbb<-a7400050-0947-41b0-8512-caed91bc5dce#0:FAIL-t1, 1b1c50e1-42fe-4038-95e1-cf5ebbb85fbb<-0821efe4-c707-4fcc-94f8-cb827e7ada87#0:FAIL-t1] and 0 exception(s); 1b1c50e1-42fe-4038-95e1-cf5ebbb85fbb@group-4DD0B4D884A5:t1, leader=null, voted=1b1c50e1-42fe-4038-95e1-cf5ebbb85fbb, raftlog=1b1c50e1-42fe-4038-95e1-cf5ebbb85fbb@group-4DD0B4D884A5-SegmentedRaftLog:OPENED:c-1,f-1,i0, conf=-1: [a7400050-0947-41b0-8512-caed91bc5dce:192.168.151.103:33851, 1b1c50e1-42fe-4038-95e1-cf5ebbb85fbb:192.168.151.103:40816, 0821efe4-c707-4fcc-94f8-cb827e7ada87:192.168.151.103:33210], old=null
2019-09-27 09:14:26,250 [0821efe4-c707-4fcc-94f8-cb827e7ada87@group-4DD0B4D884A5:LeaderElection16] INFO  impl.LeaderElection (LeaderElection.java:askForVotes(182)) - 0821efe4-c707-4fcc-94f8-cb827e7ada87@group-4DD0B4D884A5:LeaderElection16: begin an election at term 2 for -1: [a7400050-0947-41b0-8512-caed91bc5dce:192.168.151.103:33851, 1b1c50e1-42fe-4038-95e1-cf5ebbb85fbb:192.168.151.103:40816, 0821efe4-c707-4fcc-94f8-cb827e7ada87:192.168.151.103:33210], old=null
2019-09-27 09:14:26,250 [1b1c50e1-42fe-4038-95e1-cf5ebbb85fbb@group-4DD0B4D884A5:LeaderElection12] INFO  impl.RaftServerImpl (RaftServerImpl.java:setRole(174)) - 1b1c50e1-42fe-4038-95e1-cf5ebbb85fbb@group-4DD0B4D884A5: changes role from CANDIDATE to FOLLOWER at term 1 for DISCOVERED_A_NEW_TERM
2019-09-27 09:14:26,253 [1b1c50e1-42fe-4038-95e1-cf5ebbb85fbb@group-4DD0B4D884A5:LeaderElection12] INFO  impl.RoleInfo (RoleInfo.java:shutdownLeaderElection(134)) - 1b1c50e1-42fe-4038-95e1-cf5ebbb85fbb: shutdown LeaderElection
2019-09-27 09:14:26,250 [a7400050-0947-41b0-8512-caed91bc5dce@group-4DD0B4D884A5:LeaderElection15] INFO  impl.LeaderElection (LeaderElection.java:askForVotes(182)) - a7400050-0947-41b0-8512-caed91bc5dce@group-4DD0B4D884A5:LeaderElection15: begin an election at term 2 for -1: [a7400050-0947-41b0-8512-caed91bc5dce:192.168.151.103:33851, 1b1c50e1-42fe-4038-95e1-cf5ebbb85fbb:192.168.151.103:40816, 0821efe4-c707-4fcc-94f8-cb827e7ada87:192.168.151.103:33210], old=null
2019-09-27 09:14:26,256 [1b1c50e1-42fe-4038-95e1-cf5ebbb85fbb@group-4DD0B4D884A5:LeaderElection12] INFO  impl.RoleInfo (RoleInfo.java:updateAndGet(143)) - 1b1c50e1-42fe-4038-95e1-cf5ebbb85fbb: start FollowerState
2019-09-27 09:14:26,256 [0821efe4-c707-4fcc-94f8-cb827e7ada87@group-4DD0B4D884A5:LeaderElection16] INFO  impl.LeaderElection (LeaderElection.java:logAndReturn(56)) - 0821efe4-c707-4fcc-94f8-cb827e7ada87@group-4DD0B4D884A5:LeaderElection16: Election REJECTED; received 0 response(s) [] and 0 exception(s); 0821efe4-c707-4fcc-94f8-cb827e7ada87@group-4DD0B4D884A5:t2, leader=null, voted=0821efe4-c707-4fcc-94f8-cb827e7ada87, raftlog=0821efe4-c707-4fcc-94f8-cb827e7ada87@group-4DD0B4D884A5-SegmentedRaftLog:OPENED:c-1,f-1,i0, conf=-1: [a7400050-0947-41b0-8512-caed91bc5dce:192.168.151.103:33851, 1b1c50e1-42fe-4038-95e1-cf5ebbb85fbb:192.168.151.103:40816, 0821efe4-c707-4fcc-94f8-cb827e7ada87:192.168.151.103:33210], old=null
2019-09-27 09:14:26,265 [a7400050-0947-41b0-8512-caed91bc5dce@group-4DD0B4D884A5:LeaderElection15] INFO  impl.LeaderElection (LeaderElection.java:logAndReturn(56)) - a7400050-0947-41b0-8512-caed91bc5dce@group-4DD0B4D884A5:LeaderElection15: Election REJECTED; received 0 response(s) [] and 0 exception(s); a7400050-0947-41b0-8512-caed91bc5dce@group-4DD0B4D884A5:t2, leader=null, voted=a7400050-0947-41b0-8512-caed91bc5dce, raftlog=a7400050-0947-41b0-8512-caed91bc5dce@group-4DD0B4D884A5-SegmentedRaftLog:OPENED:c-1,f-1,i0, conf=-1: [a7400050-0947-41b0-8512-caed91bc5dce:192.168.151.103:33851, 1b1c50e1-42fe-4038-95e1-cf5ebbb85fbb:192.168.151.103:40816, 0821efe4-c707-4fcc-94f8-cb827e7ada87:192.168.151.103:33210], old=null
2019-09-27 09:14:26,274 [Thread-339] INFO  impl.FollowerState (FollowerState.java:run(106)) - b93e8517-84f8-4f68-bef3-e117f2a0c787:group-27CEAF660913 changes to CANDIDATE, lastRpcTime:1125, electionTimeout:1123ms
2019-09-27 09:14:26,277 [Thread-339] INFO  impl.RoleInfo (RoleInfo.java:shutdownFollowerState(121)) - b93e8517-84f8-4f68-bef3-e117f2a0c787: shutdown FollowerState
2019-09-27 09:14:26,277 [Thread-339] INFO  impl.RaftServerImpl (RaftServerImpl.java:setRole(174)) - b93e8517-84f8-4f68-bef3-e117f2a0c787@group-27CEAF660913: changes role from  FOLLOWER to CANDIDATE at term 0 for changeToCandidate
2019-09-27 09:14:26,277 [Thread-339] INFO  impl.RoleInfo (RoleInfo.java:updateAndGet(143)) - b93e8517-84f8-4f68-bef3-e117f2a0c787: start LeaderElection
2019-09-27 09:14:26,297 [b93e8517-84f8-4f68-bef3-e117f2a0c787@group-27CEAF660913:LeaderElection17] INFO  impl.LeaderElection (LeaderElection.java:askForVotes(182)) - b93e8517-84f8-4f68-bef3-e117f2a0c787@group-27CEAF660913:LeaderElection17: begin an election at term 1 for -1: [a8cc1a37-a8a6-4a7f-81dc-bc9c8df542bb:192.168.151.103:41868, b93e8517-84f8-4f68-bef3-e117f2a0c787:192.168.151.103:46577, d31f9c36-f111-497e-b7b9-765da331cca9:192.168.151.103:34138], old=null
2019-09-27 09:14:26,346 [grpc-default-executor-0] INFO  impl.RaftServerImpl (RaftServerImpl.java:setRole(174)) - 1b1c50e1-42fe-4038-95e1-cf5ebbb85fbb@group-4DD0B4D884A5: changes role from  FOLLOWER to FOLLOWER at term 2 for recognizeCandidate:0821efe4-c707-4fcc-94f8-cb827e7ada87
2019-09-27 09:14:26,350 [grpc-default-executor-0] INFO  impl.RoleInfo (RoleInfo.java:shutdownFollowerState(121)) - 1b1c50e1-42fe-4038-95e1-cf5ebbb85fbb: shutdown FollowerState
2019-09-27 09:14:26,351 [Thread-389] INFO  impl.FollowerState (FollowerState.java:run(115)) - 1b1c50e1-42fe-4038-95e1-cf5ebbb85fbb: FollowerState was interrupted: java.lang.InterruptedException: sleep interrupted
2019-09-27 09:14:26,351 [grpc-default-executor-0] INFO  impl.RoleInfo (RoleInfo.java:updateAndGet(143)) - 1b1c50e1-42fe-4038-95e1-cf5ebbb85fbb: start FollowerState
2019-09-27 09:14:26,369 [a8cc1a37-a8a6-4a7f-81dc-bc9c8df542bb@group-27CEAF660913:LeaderElection14] INFO  impl.LeaderElection (LeaderElection.java:logAndReturn(56)) - a8cc1a37-a8a6-4a7f-81dc-bc9c8df542bb@group-27CEAF660913:LeaderElection14: Election REJECTED; received 2 response(s) [a8cc1a37-a8a6-4a7f-81dc-bc9c8df542bb<-b93e8517-84f8-4f68-bef3-e117f2a0c787#0:FAIL-t1, a8cc1a37-a8a6-4a7f-81dc-bc9c8df542bb<-d31f9c36-f111-497e-b7b9-765da331cca9#0:FAIL-t1] and 0 exception(s); a8cc1a37-a8a6-4a7f-81dc-bc9c8df542bb@group-27CEAF660913:t1, leader=null, voted=a8cc1a37-a8a6-4a7f-81dc-bc9c8df542bb, raftlog=a8cc1a37-a8a6-4a7f-81dc-bc9c8df542bb@group-27CEAF660913-SegmentedRaftLog:OPENED:c-1,f-1,i0, conf=-1: [a8cc1a37-a8a6-4a7f-81dc-bc9c8df542bb:192.168.151.103:41868, b93e8517-84f8-4f68-bef3-e117f2a0c787:192.168.151.103:46577, d31f9c36-f111-497e-b7b9-765da331cca9:192.168.151.103:34138], old=null
2019-09-27 09:14:26,431 [a8cc1a37-a8a6-4a7f-81dc-bc9c8df542bb@group-27CEAF660913:LeaderElection14] INFO  impl.RaftServerImpl (RaftServerImpl.java:setRole(174)) - a8cc1a37-a8a6-4a7f-81dc-bc9c8df542bb@group-27CEAF660913: changes role from CANDIDATE to FOLLOWER at term 1 for DISCOVERED_A_NEW_TERM
2019-09-27 09:14:26,435 [a8cc1a37-a8a6-4a7f-81dc-bc9c8df542bb@group-27CEAF660913:LeaderElection14] INFO  impl.RoleInfo (RoleInfo.java:shutdownLeaderElection(134)) - a8cc1a37-a8a6-4a7f-81dc-bc9c8df542bb: shutdown LeaderElection
2019-09-27 09:14:26,439 [a8cc1a37-a8a6-4a7f-81dc-bc9c8df542bb@group-27CEAF660913:LeaderElection14] INFO  impl.RoleInfo (RoleInfo.java:updateAndGet(143)) - a8cc1a37-a8a6-4a7f-81dc-bc9c8df542bb: start FollowerState
2019-09-27 09:14:26,439 [d31f9c36-f111-497e-b7b9-765da331cca9@group-27CEAF660913:LeaderElection13] INFO  impl.LeaderElection (LeaderElection.java:logAndReturn(56)) - d31f9c36-f111-497e-b7b9-765da331cca9@group-27CEAF660913:LeaderElection13: Election REJECTED; received 2 response(s) [d31f9c36-f111-497e-b7b9-765da331cca9<-a8cc1a37-a8a6-4a7f-81dc-bc9c8df542bb#0:FAIL-t1, d31f9c36-f111-497e-b7b9-765da331cca9<-b93e8517-84f8-4f68-bef3-e117f2a0c787#0:FAIL-t1] and 0 exception(s); d31f9c36-f111-497e-b7b9-765da331cca9@group-27CEAF660913:t1, leader=null, voted=d31f9c36-f111-497e-b7b9-765da331cca9, raftlog=d31f9c36-f111-497e-b7b9-765da331cca9@group-27CEAF660913-SegmentedRaftLog:OPENED:c-1,f-1,i0, conf=-1: [a8cc1a37-a8a6-4a7f-81dc-bc9c8df542bb:192.168.151.103:41868, b93e8517-84f8-4f68-bef3-e117f2a0c787:192.168.151.103:46577, d31f9c36-f111-497e-b7b9-765da331cca9:192.168.151.103:34138], old=null
2019-09-27 09:14:26,445 [d31f9c36-f111-497e-b7b9-765da331cca9@group-27CEAF660913:LeaderElection13] INFO  impl.RaftServerImpl (RaftServerImpl.java:setRole(174)) - d31f9c36-f111-497e-b7b9-765da331cca9@group-27CEAF660913: changes role from CANDIDATE to FOLLOWER at term 1 for DISCOVERED_A_NEW_TERM
2019-09-27 09:14:26,446 [d31f9c36-f111-497e-b7b9-765da331cca9@group-27CEAF660913:LeaderElection13] INFO  impl.RoleInfo (RoleInfo.java:shutdownLeaderElection(134)) - d31f9c36-f111-497e-b7b9-765da331cca9: shutdown LeaderElection
2019-09-27 09:14:26,446 [d31f9c36-f111-497e-b7b9-765da331cca9@group-27CEAF660913:LeaderElection13] INFO  impl.RoleInfo (RoleInfo.java:updateAndGet(143)) - d31f9c36-f111-497e-b7b9-765da331cca9: start FollowerState
2019-09-27 09:14:26,465 [grpc-default-executor-1] INFO  impl.RaftServerImpl (ServerState.java:setRaftConf(354)) - 6bbd184a-0336-4d81-9e16-b14f69eef1c7@group-99BA15B9EFBE: set configuration 0: [61fa1b65-b974-45b4-9851-06f065a159ca:192.168.151.103:33766, 6bbd184a-0336-4d81-9e16-b14f69eef1c7:192.168.151.103:36847, e31a64e7-7f72-4df5-b5f7-b27bcc72e3f7:192.168.151.103:40680], old=null at 0
2019-09-27 09:14:26,467 [grpc-default-executor-2] INFO  impl.RaftServerImpl (ServerState.java:setRaftConf(354)) - e31a64e7-7f72-4df5-b5f7-b27bcc72e3f7@group-99BA15B9EFBE: set configuration 0: [61fa1b65-b974-45b4-9851-06f065a159ca:192.168.151.103:33766, 6bbd184a-0336-4d81-9e16-b14f69eef1c7:192.168.151.103:36847, e31a64e7-7f72-4df5-b5f7-b27bcc72e3f7:192.168.151.103:40680], old=null at 0
2019-09-27 09:14:26,467 [grpc-default-executor-1] INFO  segmented.SegmentedRaftLogWorker (SegmentedRaftLogWorker.java:startLogSegment(380)) - 6bbd184a-0336-4d81-9e16-b14f69eef1c7@group-99BA15B9EFBE-SegmentedRaftLogWorker: Starting segment from index:0
2019-09-27 09:14:26,467 [grpc-default-executor-2] INFO  segmented.SegmentedRaftLogWorker (SegmentedRaftLogWorker.java:startLogSegment(380)) - e31a64e7-7f72-4df5-b5f7-b27bcc72e3f7@group-99BA15B9EFBE-SegmentedRaftLogWorker: Starting segment from index:0
2019-09-27 09:14:26,504 [b93e8517-84f8-4f68-bef3-e117f2a0c787@group-27CEAF660913:LeaderElection17] INFO  impl.LeaderElection (LeaderElection.java:logAndReturn(56)) - b93e8517-84f8-4f68-bef3-e117f2a0c787@group-27CEAF660913:LeaderElection17: Election REJECTED; received 2 response(s) [b93e8517-84f8-4f68-bef3-e117f2a0c787<-a8cc1a37-a8a6-4a7f-81dc-bc9c8df542bb#0:FAIL-t1, b93e8517-84f8-4f68-bef3-e117f2a0c787<-d31f9c36-f111-497e-b7b9-765da331cca9#0:FAIL-t1] and 0 exception(s); b93e8517-84f8-4f68-bef3-e117f2a0c787@group-27CEAF660913:t1, leader=null, voted=b93e8517-84f8-4f68-bef3-e117f2a0c787, raftlog=b93e8517-84f8-4f68-bef3-e117f2a0c787@group-27CEAF660913-SegmentedRaftLog:OPENED:c-1,f-1,i0, conf=-1: [a8cc1a37-a8a6-4a7f-81dc-bc9c8df542bb:192.168.151.103:41868, b93e8517-84f8-4f68-bef3-e117f2a0c787:192.168.151.103:46577, d31f9c36-f111-497e-b7b9-765da331cca9:192.168.151.103:34138], old=null
2019-09-27 09:14:26,504 [b93e8517-84f8-4f68-bef3-e117f2a0c787@group-27CEAF660913:LeaderElection17] INFO  impl.RaftServerImpl (RaftServerImpl.java:setRole(174)) - b93e8517-84f8-4f68-bef3-e117f2a0c787@group-27CEAF660913: changes role from CANDIDATE to FOLLOWER at term 1 for DISCOVERED_A_NEW_TERM
2019-09-27 09:14:26,504 [b93e8517-84f8-4f68-bef3-e117f2a0c787@group-27CEAF660913:LeaderElection17] INFO  impl.RoleInfo (RoleInfo.java:shutdownLeaderElection(134)) - b93e8517-84f8-4f68-bef3-e117f2a0c787: shutdown LeaderElection
2019-09-27 09:14:26,505 [b93e8517-84f8-4f68-bef3-e117f2a0c787@group-27CEAF660913:LeaderElection17] INFO  impl.RoleInfo (RoleInfo.java:updateAndGet(143)) - b93e8517-84f8-4f68-bef3-e117f2a0c787: start FollowerState
2019-09-27 09:14:26,515 [6bbd184a-0336-4d81-9e16-b14f69eef1c7@group-99BA15B9EFBE-SegmentedRaftLogWorker] INFO  segmented.SegmentedRaftLogWorker (SegmentedRaftLogWorker.java:execute(569)) - 6bbd184a-0336-4d81-9e16-b14f69eef1c7@group-99BA15B9EFBE-SegmentedRaftLogWorker: created new log segment /workdir/hadoop-ozone/integration-test/target/test-dir/MiniOzoneClusterImpl-306848a7-f3db-4b9e-8a0f-7b9627716070/datanode-9/data/ratis/91bfaadc-fd8b-4325-910d-99ba15b9efbe/current/log_inprogress_0
2019-09-27 09:14:26,515 [e31a64e7-7f72-4df5-b5f7-b27bcc72e3f7@group-99BA15B9EFBE-SegmentedRaftLogWorker] INFO  segmented.SegmentedRaftLogWorker (SegmentedRaftLogWorker.java:execute(569)) - e31a64e7-7f72-4df5-b5f7-b27bcc72e3f7@group-99BA15B9EFBE-SegmentedRaftLogWorker: created new log segment /workdir/hadoop-ozone/integration-test/target/test-dir/MiniOzoneClusterImpl-306848a7-f3db-4b9e-8a0f-7b9627716070/datanode-2/data/ratis/91bfaadc-fd8b-4325-910d-99ba15b9efbe/current/log_inprogress_0
2019-09-27 09:14:26,950 [main] INFO  ipc.Client (Client.java:handleConnectionFailure(948)) - Retrying connect to server: localhost/127.0.0.1:0. Already tried 1 time(s); retry policy is RetryUpToMaximumCountWithFixedSleep(maxRetries=10, sleepTime=1000 MILLISECONDS)
2019-09-27 09:14:27,262 [Thread-382] INFO  impl.FollowerState (FollowerState.java:run(106)) - a7400050-0947-41b0-8512-caed91bc5dce:group-4DD0B4D884A5 changes to CANDIDATE, lastRpcTime:1037, electionTimeout:1037ms
2019-09-27 09:14:27,262 [Thread-382] INFO  impl.RoleInfo (RoleInfo.java:shutdownFollowerState(121)) - a7400050-0947-41b0-8512-caed91bc5dce: shutdown FollowerState
2019-09-27 09:14:27,262 [Thread-382] INFO  impl.RaftServerImpl (RaftServerImpl.java:setRole(174)) - a7400050-0947-41b0-8512-caed91bc5dce@group-4DD0B4D884A5: changes role from  FOLLOWER to CANDIDATE at term 2 for changeToCandidate
2019-09-27 09:14:27,263 [Thread-382] INFO  impl.RoleInfo (RoleInfo.java:updateAndGet(143)) - a7400050-0947-41b0-8512-caed91bc5dce: start LeaderElection
2019-09-27 09:14:27,276 [a7400050-0947-41b0-8512-caed91bc5dce@group-4DD0B4D884A5:LeaderElection18] INFO  impl.LeaderElection (LeaderElection.java:askForVotes(182)) - a7400050-0947-41b0-8512-caed91bc5dce@group-4DD0B4D884A5:LeaderElection18: begin an election at term 3 for -1: [a7400050-0947-41b0-8512-caed91bc5dce:192.168.151.103:33851, 1b1c50e1-42fe-4038-95e1-cf5ebbb85fbb:192.168.151.103:40816, 0821efe4-c707-4fcc-94f8-cb827e7ada87:192.168.151.103:33210], old=null
2019-09-27 09:14:27,285 [grpc-default-executor-1] INFO  impl.RaftServerImpl (RaftServerImpl.java:setRole(174)) - 1b1c50e1-42fe-4038-95e1-cf5ebbb85fbb@group-4DD0B4D884A5: changes role from  FOLLOWER to FOLLOWER at term 3 for recognizeCandidate:a7400050-0947-41b0-8512-caed91bc5dce
2019-09-27 09:14:27,285 [grpc-default-executor-2] INFO  impl.RaftServerImpl (RaftServerImpl.java:setRole(174)) - 0821efe4-c707-4fcc-94f8-cb827e7ada87@group-4DD0B4D884A5: changes role from  FOLLOWER to FOLLOWER at term 3 for recognizeCandidate:a7400050-0947-41b0-8512-caed91bc5dce
2019-09-27 09:14:27,285 [grpc-default-executor-1] INFO  impl.RoleInfo (RoleInfo.java:shutdownFollowerState(121)) - 1b1c50e1-42fe-4038-95e1-cf5ebbb85fbb: shutdown FollowerState
2019-09-27 09:14:27,285 [grpc-default-executor-2] INFO  impl.RoleInfo (RoleInfo.java:shutdownFollowerState(121)) - 0821efe4-c707-4fcc-94f8-cb827e7ada87: shutdown FollowerState
2019-09-27 09:14:27,285 [Thread-396] INFO  impl.FollowerState (FollowerState.java:run(115)) - 1b1c50e1-42fe-4038-95e1-cf5ebbb85fbb: FollowerState was interrupted: java.lang.InterruptedException: sleep interrupted
2019-09-27 09:14:27,286 [Thread-383] INFO  impl.FollowerState (FollowerState.java:run(115)) - 0821efe4-c707-4fcc-94f8-cb827e7ada87: FollowerState was interrupted: java.lang.InterruptedException: sleep interrupted
2019-09-27 09:14:27,285 [grpc-default-executor-1] INFO  impl.RoleInfo (RoleInfo.java:updateAndGet(143)) - 1b1c50e1-42fe-4038-95e1-cf5ebbb85fbb: start FollowerState
2019-09-27 09:14:27,286 [grpc-default-executor-2] INFO  impl.RoleInfo (RoleInfo.java:updateAndGet(143)) - 0821efe4-c707-4fcc-94f8-cb827e7ada87: start FollowerState
2019-09-27 09:14:27,305 [a7400050-0947-41b0-8512-caed91bc5dce@group-4DD0B4D884A5:LeaderElection18] INFO  impl.LeaderElection (LeaderElection.java:logAndReturn(56)) - a7400050-0947-41b0-8512-caed91bc5dce@group-4DD0B4D884A5:LeaderElection18: Election PASSED; received 1 response(s) [a7400050-0947-41b0-8512-caed91bc5dce<-1b1c50e1-42fe-4038-95e1-cf5ebbb85fbb#0:OK-t3] and 0 exception(s); a7400050-0947-41b0-8512-caed91bc5dce@group-4DD0B4D884A5:t3, leader=null, voted=a7400050-0947-41b0-8512-caed91bc5dce, raftlog=a7400050-0947-41b0-8512-caed91bc5dce@group-4DD0B4D884A5-SegmentedRaftLog:OPENED:c-1,f-1,i0, conf=-1: [a7400050-0947-41b0-8512-caed91bc5dce:192.168.151.103:33851, 1b1c50e1-42fe-4038-95e1-cf5ebbb85fbb:192.168.151.103:40816, 0821efe4-c707-4fcc-94f8-cb827e7ada87:192.168.151.103:33210], old=null
2019-09-27 09:14:27,306 [a7400050-0947-41b0-8512-caed91bc5dce@group-4DD0B4D884A5:LeaderElection18] INFO  impl.RoleInfo (RoleInfo.java:shutdownLeaderElection(134)) - a7400050-0947-41b0-8512-caed91bc5dce: shutdown LeaderElection
2019-09-27 09:14:27,309 [a7400050-0947-41b0-8512-caed91bc5dce@group-4DD0B4D884A5:LeaderElection18] INFO  impl.RaftServerImpl (RaftServerImpl.java:setRole(174)) - a7400050-0947-41b0-8512-caed91bc5dce@group-4DD0B4D884A5: changes role from CANDIDATE to LEADER at term 3 for changeToLeader
2019-09-27 09:14:27,309 [a7400050-0947-41b0-8512-caed91bc5dce@group-4DD0B4D884A5:LeaderElection18] INFO  impl.RaftServerImpl (ServerState.java:setLeader(253)) - a7400050-0947-41b0-8512-caed91bc5dce@group-4DD0B4D884A5: change Leader from null to a7400050-0947-41b0-8512-caed91bc5dce at term 3 for becomeLeader, leader elected after 2257ms
2019-09-27 09:14:27,309 [a7400050-0947-41b0-8512-caed91bc5dce@group-4DD0B4D884A5:LeaderElection18] INFO  server.RaftServerConfigKeys (ConfUtils.java:logGet(43)) - raft.server.staging.catchup.gap = 1000 (default)
2019-09-27 09:14:27,309 [a7400050-0947-41b0-8512-caed91bc5dce@group-4DD0B4D884A5:LeaderElection18] INFO  server.RaftServerConfigKeys (ConfUtils.java:logGet(43)) - raft.server.rpc.sleep.time = 25ms (default)
2019-09-27 09:14:27,310 [a7400050-0947-41b0-8512-caed91bc5dce@group-4DD0B4D884A5:LeaderElection18] INFO  server.RaftServerConfigKeys (ConfUtils.java:logGet(43)) - raft.server.write.element-limit = 4096 (default)
2019-09-27 09:14:27,310 [a7400050-0947-41b0-8512-caed91bc5dce@group-4DD0B4D884A5:LeaderElection18] INFO  server.RaftServerConfigKeys (ConfUtils.java:logGet(43)) - raft.server.watch.timeout = 10s (default)
2019-09-27 09:14:27,310 [a7400050-0947-41b0-8512-caed91bc5dce@group-4DD0B4D884A5:LeaderElection18] INFO  server.RaftServerConfigKeys (ConfUtils.java:logGet(43)) - raft.server.watch.timeout.denomination = 1s (default)
2019-09-27 09:14:27,310 [a7400050-0947-41b0-8512-caed91bc5dce@group-4DD0B4D884A5:LeaderElection18] INFO  server.RaftServerConfigKeys (ConfUtils.java:logGet(43)) - raft.server.watch.element-limit = 65536 (default)
2019-09-27 09:14:27,314 [a7400050-0947-41b0-8512-caed91bc5dce@group-4DD0B4D884A5:LeaderElection18] INFO  server.RaftServerConfigKeys (ConfUtils.java:logGet(43)) - raft.server.log.appender.snapshot.chunk.size.max = 16MB (=16777216) (default)
2019-09-27 09:14:27,314 [a7400050-0947-41b0-8512-caed91bc5dce@group-4DD0B4D884A5:LeaderElection18] INFO  server.RaftServerConfigKeys (ConfUtils.java:logGet(43)) - raft.server.log.appender.buffer.byte-limit = 33554432 (custom)
2019-09-27 09:14:27,314 [a7400050-0947-41b0-8512-caed91bc5dce@group-4DD0B4D884A5:LeaderElection18] INFO  server.RaftServerConfigKeys (ConfUtils.java:logGet(43)) - raft.server.log.appender.buffer.element-limit = 1 (custom)
2019-09-27 09:14:27,315 [a7400050-0947-41b0-8512-caed91bc5dce@group-4DD0B4D884A5:LeaderElection18] INFO  grpc.GrpcConfigKeys$Server (ConfUtils.java:logGet(43)) - raft.grpc.server.leader.outstanding.appends.max = 128 (default)
2019-09-27 09:14:27,317 [a7400050-0947-41b0-8512-caed91bc5dce@group-4DD0B4D884A5:LeaderElection18] INFO  server.RaftServerConfigKeys (ConfUtils.java:logGet(43)) - raft.server.rpc.request.timeout = 3000ms (default)
2019-09-27 09:14:27,318 [a7400050-0947-41b0-8512-caed91bc5dce@group-4DD0B4D884A5:LeaderElection18] INFO  server.RaftServerConfigKeys (ConfUtils.java:logGet(43)) - raft.server.log.appender.install.snapshot.enabled = false (custom)
2019-09-27 09:14:27,318 [a7400050-0947-41b0-8512-caed91bc5dce@group-4DD0B4D884A5:LeaderElection18] INFO  server.RaftServerConfigKeys (ConfUtils.java:logGet(43)) - raft.server.log.appender.snapshot.chunk.size.max = 16MB (=16777216) (default)
2019-09-27 09:14:27,318 [a7400050-0947-41b0-8512-caed91bc5dce@group-4DD0B4D884A5:LeaderElection18] INFO  server.RaftServerConfigKeys (ConfUtils.java:logGet(43)) - raft.server.log.appender.buffer.byte-limit = 33554432 (custom)
2019-09-27 09:14:27,318 [a7400050-0947-41b0-8512-caed91bc5dce@group-4DD0B4D884A5:LeaderElection18] INFO  server.RaftServerConfigKeys (ConfUtils.java:logGet(43)) - raft.server.log.appender.buffer.element-limit = 1 (custom)
2019-09-27 09:14:27,319 [a7400050-0947-41b0-8512-caed91bc5dce@group-4DD0B4D884A5:LeaderElection18] INFO  grpc.GrpcConfigKeys$Server (ConfUtils.java:logGet(43)) - raft.grpc.server.leader.outstanding.appends.max = 128 (default)
2019-09-27 09:14:27,319 [a7400050-0947-41b0-8512-caed91bc5dce@group-4DD0B4D884A5:LeaderElection18] INFO  server.RaftServerConfigKeys (ConfUtils.java:logGet(43)) - raft.server.rpc.request.timeout = 3000ms (default)
2019-09-27 09:14:27,319 [a7400050-0947-41b0-8512-caed91bc5dce@group-4DD0B4D884A5:LeaderElection18] INFO  server.RaftServerConfigKeys (ConfUtils.java:logGet(43)) - raft.server.log.appender.install.snapshot.enabled = false (custom)
2019-09-27 09:14:27,319 [a7400050-0947-41b0-8512-caed91bc5dce@group-4DD0B4D884A5:LeaderElection18] INFO  impl.RoleInfo (RoleInfo.java:updateAndGet(143)) - a7400050-0947-41b0-8512-caed91bc5dce: start LeaderState
2019-09-27 09:14:27,320 [a7400050-0947-41b0-8512-caed91bc5dce@group-4DD0B4D884A5:LeaderElection18] INFO  segmented.SegmentedRaftLogWorker (SegmentedRaftLogWorker.java:startLogSegment(380)) - a7400050-0947-41b0-8512-caed91bc5dce@group-4DD0B4D884A5-SegmentedRaftLogWorker: Starting segment from index:0
2019-09-27 09:14:27,320 [a7400050-0947-41b0-8512-caed91bc5dce@group-4DD0B4D884A5:LeaderElection18] INFO  impl.RaftServerImpl (ServerState.java:setRaftConf(354)) - a7400050-0947-41b0-8512-caed91bc5dce@group-4DD0B4D884A5: set configuration 0: [a7400050-0947-41b0-8512-caed91bc5dce:192.168.151.103:33851, 1b1c50e1-42fe-4038-95e1-cf5ebbb85fbb:192.168.151.103:40816, 0821efe4-c707-4fcc-94f8-cb827e7ada87:192.168.151.103:33210], old=null at 0
2019-09-27 09:14:27,353 [grpc-default-executor-2] INFO  impl.RaftServerImpl (ServerState.java:setLeader(253)) - 1b1c50e1-42fe-4038-95e1-cf5ebbb85fbb@group-4DD0B4D884A5: change Leader from null to a7400050-0947-41b0-8512-caed91bc5dce at term 3 for appendEntries, leader elected after 2302ms
2019-09-27 09:14:27,357 [grpc-default-executor-1] INFO  impl.RaftServerImpl (ServerState.java:setLeader(253)) - 0821efe4-c707-4fcc-94f8-cb827e7ada87@group-4DD0B4D884A5: change Leader from null to a7400050-0947-41b0-8512-caed91bc5dce at term 3 for appendEntries, leader elected after 2305ms
2019-09-27 09:14:27,376 [a7400050-0947-41b0-8512-caed91bc5dce@group-4DD0B4D884A5-SegmentedRaftLogWorker] INFO  segmented.SegmentedRaftLogWorker (SegmentedRaftLogWorker.java:execute(569)) - a7400050-0947-41b0-8512-caed91bc5dce@group-4DD0B4D884A5-SegmentedRaftLogWorker: created new log segment /workdir/hadoop-ozone/integration-test/target/test-dir/MiniOzoneClusterImpl-306848a7-f3db-4b9e-8a0f-7b9627716070/datanode-4/data/ratis/0c75af4e-b7a5-4c44-9fa7-4dd0b4d884a5/current/log_inprogress_0
2019-09-27 09:14:27,378 [grpc-default-executor-2] INFO  impl.RaftServerImpl (ServerState.java:setRaftConf(354)) - 0821efe4-c707-4fcc-94f8-cb827e7ada87@group-4DD0B4D884A5: set configuration 0: [a7400050-0947-41b0-8512-caed91bc5dce:192.168.151.103:33851, 1b1c50e1-42fe-4038-95e1-cf5ebbb85fbb:192.168.151.103:40816, 0821efe4-c707-4fcc-94f8-cb827e7ada87:192.168.151.103:33210], old=null at 0
2019-09-27 09:14:27,378 [grpc-default-executor-1] INFO  impl.RaftServerImpl (ServerState.java:setRaftConf(354)) - 1b1c50e1-42fe-4038-95e1-cf5ebbb85fbb@group-4DD0B4D884A5: set configuration 0: [a7400050-0947-41b0-8512-caed91bc5dce:192.168.151.103:33851, 1b1c50e1-42fe-4038-95e1-cf5ebbb85fbb:192.168.151.103:40816, 0821efe4-c707-4fcc-94f8-cb827e7ada87:192.168.151.103:33210], old=null at 0
2019-09-27 09:14:27,378 [grpc-default-executor-2] INFO  segmented.SegmentedRaftLogWorker (SegmentedRaftLogWorker.java:startLogSegment(380)) - 0821efe4-c707-4fcc-94f8-cb827e7ada87@group-4DD0B4D884A5-SegmentedRaftLogWorker: Starting segment from index:0
2019-09-27 09:14:27,378 [grpc-default-executor-1] INFO  segmented.SegmentedRaftLogWorker (SegmentedRaftLogWorker.java:startLogSegment(380)) - 1b1c50e1-42fe-4038-95e1-cf5ebbb85fbb@group-4DD0B4D884A5-SegmentedRaftLogWorker: Starting segment from index:0
2019-09-27 09:14:27,416 [1b1c50e1-42fe-4038-95e1-cf5ebbb85fbb@group-4DD0B4D884A5-SegmentedRaftLogWorker] INFO  segmented.SegmentedRaftLogWorker (SegmentedRaftLogWorker.java:execute(569)) - 1b1c50e1-42fe-4038-95e1-cf5ebbb85fbb@group-4DD0B4D884A5-SegmentedRaftLogWorker: created new log segment /workdir/hadoop-ozone/integration-test/target/test-dir/MiniOzoneClusterImpl-306848a7-f3db-4b9e-8a0f-7b9627716070/datanode-8/data/ratis/0c75af4e-b7a5-4c44-9fa7-4dd0b4d884a5/current/log_inprogress_0
2019-09-27 09:14:27,416 [0821efe4-c707-4fcc-94f8-cb827e7ada87@group-4DD0B4D884A5-SegmentedRaftLogWorker] INFO  segmented.SegmentedRaftLogWorker (SegmentedRaftLogWorker.java:execute(569)) - 0821efe4-c707-4fcc-94f8-cb827e7ada87@group-4DD0B4D884A5-SegmentedRaftLogWorker: created new log segment /workdir/hadoop-ozone/integration-test/target/test-dir/MiniOzoneClusterImpl-306848a7-f3db-4b9e-8a0f-7b9627716070/datanode-1/data/ratis/0c75af4e-b7a5-4c44-9fa7-4dd0b4d884a5/current/log_inprogress_0
2019-09-27 09:14:27,518 [Thread-399] INFO  impl.FollowerState (FollowerState.java:run(106)) - b93e8517-84f8-4f68-bef3-e117f2a0c787:group-27CEAF660913 changes to CANDIDATE, lastRpcTime:1013, electionTimeout:1013ms
2019-09-27 09:14:27,518 [Thread-399] INFO  impl.RoleInfo (RoleInfo.java:shutdownFollowerState(121)) - b93e8517-84f8-4f68-bef3-e117f2a0c787: shutdown FollowerState
2019-09-27 09:14:27,519 [Thread-399] INFO  impl.RaftServerImpl (RaftServerImpl.java:setRole(174)) - b93e8517-84f8-4f68-bef3-e117f2a0c787@group-27CEAF660913: changes role from  FOLLOWER to CANDIDATE at term 1 for changeToCandidate
2019-09-27 09:14:27,519 [Thread-399] INFO  impl.RoleInfo (RoleInfo.java:updateAndGet(143)) - b93e8517-84f8-4f68-bef3-e117f2a0c787: start LeaderElection
2019-09-27 09:14:27,536 [b93e8517-84f8-4f68-bef3-e117f2a0c787@group-27CEAF660913:LeaderElection19] INFO  impl.LeaderElection (LeaderElection.java:askForVotes(182)) - b93e8517-84f8-4f68-bef3-e117f2a0c787@group-27CEAF660913:LeaderElection19: begin an election at term 2 for -1: [a8cc1a37-a8a6-4a7f-81dc-bc9c8df542bb:192.168.151.103:41868, b93e8517-84f8-4f68-bef3-e117f2a0c787:192.168.151.103:46577, d31f9c36-f111-497e-b7b9-765da331cca9:192.168.151.103:34138], old=null
2019-09-27 09:14:27,545 [grpc-default-executor-1] INFO  impl.RaftServerImpl (RaftServerImpl.java:setRole(174)) - a8cc1a37-a8a6-4a7f-81dc-bc9c8df542bb@group-27CEAF660913: changes role from  FOLLOWER to FOLLOWER at term 2 for recognizeCandidate:b93e8517-84f8-4f68-bef3-e117f2a0c787
2019-09-27 09:14:27,545 [grpc-default-executor-2] INFO  impl.RaftServerImpl (RaftServerImpl.java:setRole(174)) - d31f9c36-f111-497e-b7b9-765da331cca9@group-27CEAF660913: changes role from  FOLLOWER to FOLLOWER at term 2 for recognizeCandidate:b93e8517-84f8-4f68-bef3-e117f2a0c787
2019-09-27 09:14:27,545 [grpc-default-executor-1] INFO  impl.RoleInfo (RoleInfo.java:shutdownFollowerState(121)) - a8cc1a37-a8a6-4a7f-81dc-bc9c8df542bb: shutdown FollowerState
2019-09-27 09:14:27,545 [grpc-default-executor-2] INFO  impl.RoleInfo (RoleInfo.java:shutdownFollowerState(121)) - d31f9c36-f111-497e-b7b9-765da331cca9: shutdown FollowerState
2019-09-27 09:14:27,546 [grpc-default-executor-1] INFO  impl.RoleInfo (RoleInfo.java:updateAndGet(143)) - a8cc1a37-a8a6-4a7f-81dc-bc9c8df542bb: start FollowerState
2019-09-27 09:14:27,546 [Thread-397] INFO  impl.FollowerState (FollowerState.java:run(115)) - a8cc1a37-a8a6-4a7f-81dc-bc9c8df542bb: FollowerState was interrupted: java.lang.InterruptedException: sleep interrupted
2019-09-27 09:14:27,546 [Thread-398] INFO  impl.FollowerState (FollowerState.java:run(115)) - d31f9c36-f111-497e-b7b9-765da331cca9: FollowerState was interrupted: java.lang.InterruptedException: sleep interrupted
2019-09-27 09:14:27,546 [grpc-default-executor-2] INFO  impl.RoleInfo (RoleInfo.java:updateAndGet(143)) - d31f9c36-f111-497e-b7b9-765da331cca9: start FollowerState
2019-09-27 09:14:27,567 [b93e8517-84f8-4f68-bef3-e117f2a0c787@group-27CEAF660913:LeaderElection19] INFO  impl.LeaderElection (LeaderElection.java:logAndReturn(56)) - b93e8517-84f8-4f68-bef3-e117f2a0c787@group-27CEAF660913:LeaderElection19: Election PASSED; received 1 response(s) [b93e8517-84f8-4f68-bef3-e117f2a0c787<-d31f9c36-f111-497e-b7b9-765da331cca9#0:OK-t2] and 0 exception(s); b93e8517-84f8-4f68-bef3-e117f2a0c787@group-27CEAF660913:t2, leader=null, voted=b93e8517-84f8-4f68-bef3-e117f2a0c787, raftlog=b93e8517-84f8-4f68-bef3-e117f2a0c787@group-27CEAF660913-SegmentedRaftLog:OPENED:c-1,f-1,i0, conf=-1: [a8cc1a37-a8a6-4a7f-81dc-bc9c8df542bb:192.168.151.103:41868, b93e8517-84f8-4f68-bef3-e117f2a0c787:192.168.151.103:46577, d31f9c36-f111-497e-b7b9-765da331cca9:192.168.151.103:34138], old=null
2019-09-27 09:14:27,568 [b93e8517-84f8-4f68-bef3-e117f2a0c787@group-27CEAF660913:LeaderElection19] INFO  impl.RoleInfo (RoleInfo.java:shutdownLeaderElection(134)) - b93e8517-84f8-4f68-bef3-e117f2a0c787: shutdown LeaderElection
2019-09-27 09:14:27,571 [b93e8517-84f8-4f68-bef3-e117f2a0c787@group-27CEAF660913:LeaderElection19] INFO  impl.RaftServerImpl (RaftServerImpl.java:setRole(174)) - b93e8517-84f8-4f68-bef3-e117f2a0c787@group-27CEAF660913: changes role from CANDIDATE to LEADER at term 2 for changeToLeader
2019-09-27 09:14:27,571 [b93e8517-84f8-4f68-bef3-e117f2a0c787@group-27CEAF660913:LeaderElection19] INFO  impl.RaftServerImpl (ServerState.java:setLeader(253)) - b93e8517-84f8-4f68-bef3-e117f2a0c787@group-27CEAF660913: change Leader from null to b93e8517-84f8-4f68-bef3-e117f2a0c787 at term 2 for becomeLeader, leader elected after 2435ms
2019-09-27 09:14:27,571 [b93e8517-84f8-4f68-bef3-e117f2a0c787@group-27CEAF660913:LeaderElection19] INFO  server.RaftServerConfigKeys (ConfUtils.java:logGet(43)) - raft.server.staging.catchup.gap = 1000 (default)
2019-09-27 09:14:27,571 [b93e8517-84f8-4f68-bef3-e117f2a0c787@group-27CEAF660913:LeaderElection19] INFO  server.RaftServerConfigKeys (ConfUtils.java:logGet(43)) - raft.server.rpc.sleep.time = 25ms (default)
2019-09-27 09:14:27,572 [b93e8517-84f8-4f68-bef3-e117f2a0c787@group-27CEAF660913:LeaderElection19] INFO  server.RaftServerConfigKeys (ConfUtils.java:logGet(43)) - raft.server.write.element-limit = 4096 (default)
2019-09-27 09:14:27,572 [b93e8517-84f8-4f68-bef3-e117f2a0c787@group-27CEAF660913:LeaderElection19] INFO  server.RaftServerConfigKeys (ConfUtils.java:logGet(43)) - raft.server.watch.timeout = 10s (default)
2019-09-27 09:14:27,572 [b93e8517-84f8-4f68-bef3-e117f2a0c787@group-27CEAF660913:LeaderElection19] INFO  server.RaftServerConfigKeys (ConfUtils.java:logGet(43)) - raft.server.watch.timeout.denomination = 1s (default)
2019-09-27 09:14:27,572 [b93e8517-84f8-4f68-bef3-e117f2a0c787@group-27CEAF660913:LeaderElection19] INFO  server.RaftServerConfigKeys (ConfUtils.java:logGet(43)) - raft.server.watch.element-limit = 65536 (default)
2019-09-27 09:14:27,577 [b93e8517-84f8-4f68-bef3-e117f2a0c787@group-27CEAF660913:LeaderElection19] INFO  server.RaftServerConfigKeys (ConfUtils.java:logGet(43)) - raft.server.log.appender.snapshot.chunk.size.max = 16MB (=16777216) (default)
2019-09-27 09:14:27,577 [b93e8517-84f8-4f68-bef3-e117f2a0c787@group-27CEAF660913:LeaderElection19] INFO  server.RaftServerConfigKeys (ConfUtils.java:logGet(43)) - raft.server.log.appender.buffer.byte-limit = 33554432 (custom)
2019-09-27 09:14:27,578 [b93e8517-84f8-4f68-bef3-e117f2a0c787@group-27CEAF660913:LeaderElection19] INFO  server.RaftServerConfigKeys (ConfUtils.java:logGet(43)) - raft.server.log.appender.buffer.element-limit = 1 (custom)
2019-09-27 09:14:27,578 [b93e8517-84f8-4f68-bef3-e117f2a0c787@group-27CEAF660913:LeaderElection19] INFO  grpc.GrpcConfigKeys$Server (ConfUtils.java:logGet(43)) - raft.grpc.server.leader.outstanding.appends.max = 128 (default)
2019-09-27 09:14:27,578 [b93e8517-84f8-4f68-bef3-e117f2a0c787@group-27CEAF660913:LeaderElection19] INFO  server.RaftServerConfigKeys (ConfUtils.java:logGet(43)) - raft.server.rpc.request.timeout = 3000ms (default)
2019-09-27 09:14:27,579 [b93e8517-84f8-4f68-bef3-e117f2a0c787@group-27CEAF660913:LeaderElection19] INFO  server.RaftServerConfigKeys (ConfUtils.java:logGet(43)) - raft.server.log.appender.install.snapshot.enabled = false (custom)
2019-09-27 09:14:27,579 [b93e8517-84f8-4f68-bef3-e117f2a0c787@group-27CEAF660913:LeaderElection19] INFO  server.RaftServerConfigKeys (ConfUtils.java:logGet(43)) - raft.server.log.appender.snapshot.chunk.size.max = 16MB (=16777216) (default)
2019-09-27 09:14:27,579 [b93e8517-84f8-4f68-bef3-e117f2a0c787@group-27CEAF660913:LeaderElection19] INFO  server.RaftServerConfigKeys (ConfUtils.java:logGet(43)) - raft.server.log.appender.buffer.byte-limit = 33554432 (custom)
2019-09-27 09:14:27,580 [b93e8517-84f8-4f68-bef3-e117f2a0c787@group-27CEAF660913:LeaderElection19] INFO  server.RaftServerConfigKeys (ConfUtils.java:logGet(43)) - raft.server.log.appender.buffer.element-limit = 1 (custom)
2019-09-27 09:14:27,580 [b93e8517-84f8-4f68-bef3-e117f2a0c787@group-27CEAF660913:LeaderElection19] INFO  grpc.GrpcConfigKeys$Server (ConfUtils.java:logGet(43)) - raft.grpc.server.leader.outstanding.appends.max = 128 (default)
2019-09-27 09:14:27,580 [b93e8517-84f8-4f68-bef3-e117f2a0c787@group-27CEAF660913:LeaderElection19] INFO  server.RaftServerConfigKeys (ConfUtils.java:logGet(43)) - raft.server.rpc.request.timeout = 3000ms (default)
2019-09-27 09:14:27,581 [b93e8517-84f8-4f68-bef3-e117f2a0c787@group-27CEAF660913:LeaderElection19] INFO  server.RaftServerConfigKeys (ConfUtils.java:logGet(43)) - raft.server.log.appender.install.snapshot.enabled = false (custom)
2019-09-27 09:14:27,581 [b93e8517-84f8-4f68-bef3-e117f2a0c787@group-27CEAF660913:LeaderElection19] INFO  impl.RoleInfo (RoleInfo.java:updateAndGet(143)) - b93e8517-84f8-4f68-bef3-e117f2a0c787: start LeaderState
2019-09-27 09:14:27,581 [b93e8517-84f8-4f68-bef3-e117f2a0c787@group-27CEAF660913:LeaderElection19] INFO  segmented.SegmentedRaftLogWorker (SegmentedRaftLogWorker.java:startLogSegment(380)) - b93e8517-84f8-4f68-bef3-e117f2a0c787@group-27CEAF660913-SegmentedRaftLogWorker: Starting segment from index:0
2019-09-27 09:14:27,583 [b93e8517-84f8-4f68-bef3-e117f2a0c787@group-27CEAF660913:LeaderElection19] INFO  impl.RaftServerImpl (ServerState.java:setRaftConf(354)) - b93e8517-84f8-4f68-bef3-e117f2a0c787@group-27CEAF660913: set configuration 0: [a8cc1a37-a8a6-4a7f-81dc-bc9c8df542bb:192.168.151.103:41868, b93e8517-84f8-4f68-bef3-e117f2a0c787:192.168.151.103:46577, d31f9c36-f111-497e-b7b9-765da331cca9:192.168.151.103:34138], old=null at 0
2019-09-27 09:14:27,623 [grpc-default-executor-2] INFO  impl.RaftServerImpl (ServerState.java:setLeader(253)) - d31f9c36-f111-497e-b7b9-765da331cca9@group-27CEAF660913: change Leader from null to b93e8517-84f8-4f68-bef3-e117f2a0c787 at term 2 for appendEntries, leader elected after 2487ms
2019-09-27 09:14:27,623 [grpc-default-executor-1] INFO  impl.RaftServerImpl (ServerState.java:setLeader(253)) - a8cc1a37-a8a6-4a7f-81dc-bc9c8df542bb@group-27CEAF660913: change Leader from null to b93e8517-84f8-4f68-bef3-e117f2a0c787 at term 2 for appendEntries, leader elected after 2488ms
2019-09-27 09:14:27,628 [grpc-default-executor-2] INFO  impl.RaftServerImpl (ServerState.java:setRaftConf(354)) - d31f9c36-f111-497e-b7b9-765da331cca9@group-27CEAF660913: set configuration 0: [a8cc1a37-a8a6-4a7f-81dc-bc9c8df542bb:192.168.151.103:41868, b93e8517-84f8-4f68-bef3-e117f2a0c787:192.168.151.103:46577, d31f9c36-f111-497e-b7b9-765da331cca9:192.168.151.103:34138], old=null at 0
2019-09-27 09:14:27,629 [grpc-default-executor-2] INFO  segmented.SegmentedRaftLogWorker (SegmentedRaftLogWorker.java:startLogSegment(380)) - d31f9c36-f111-497e-b7b9-765da331cca9@group-27CEAF660913-SegmentedRaftLogWorker: Starting segment from index:0
2019-09-27 09:14:27,629 [grpc-default-executor-1] INFO  impl.RaftServerImpl (ServerState.java:setRaftConf(354)) - a8cc1a37-a8a6-4a7f-81dc-bc9c8df542bb@group-27CEAF660913: set configuration 0: [a8cc1a37-a8a6-4a7f-81dc-bc9c8df542bb:192.168.151.103:41868, b93e8517-84f8-4f68-bef3-e117f2a0c787:192.168.151.103:46577, d31f9c36-f111-497e-b7b9-765da331cca9:192.168.151.103:34138], old=null at 0
2019-09-27 09:14:27,630 [grpc-default-executor-1] INFO  segmented.SegmentedRaftLogWorker (SegmentedRaftLogWorker.java:startLogSegment(380)) - a8cc1a37-a8a6-4a7f-81dc-bc9c8df542bb@group-27CEAF660913-SegmentedRaftLogWorker: Starting segment from index:0
2019-09-27 09:14:27,638 [b93e8517-84f8-4f68-bef3-e117f2a0c787@group-27CEAF660913-SegmentedRaftLogWorker] INFO  segmented.SegmentedRaftLogWorker (SegmentedRaftLogWorker.java:execute(569)) - b93e8517-84f8-4f68-bef3-e117f2a0c787@group-27CEAF660913-SegmentedRaftLogWorker: created new log segment /workdir/hadoop-ozone/integration-test/target/test-dir/MiniOzoneClusterImpl-306848a7-f3db-4b9e-8a0f-7b9627716070/datanode-7/data/ratis/438e19ef-e351-4d68-a90b-27ceaf660913/current/log_inprogress_0
2019-09-27 09:14:27,677 [d31f9c36-f111-497e-b7b9-765da331cca9@group-27CEAF660913-SegmentedRaftLogWorker] INFO  segmented.SegmentedRaftLogWorker (SegmentedRaftLogWorker.java:execute(569)) - d31f9c36-f111-497e-b7b9-765da331cca9@group-27CEAF660913-SegmentedRaftLogWorker: created new log segment /workdir/hadoop-ozone/integration-test/target/test-dir/MiniOzoneClusterImpl-306848a7-f3db-4b9e-8a0f-7b9627716070/datanode-5/data/ratis/438e19ef-e351-4d68-a90b-27ceaf660913/current/log_inprogress_0
2019-09-27 09:14:27,677 [a8cc1a37-a8a6-4a7f-81dc-bc9c8df542bb@group-27CEAF660913-SegmentedRaftLogWorker] INFO  segmented.SegmentedRaftLogWorker (SegmentedRaftLogWorker.java:execute(569)) - a8cc1a37-a8a6-4a7f-81dc-bc9c8df542bb@group-27CEAF660913-SegmentedRaftLogWorker: created new log segment /workdir/hadoop-ozone/integration-test/target/test-dir/MiniOzoneClusterImpl-306848a7-f3db-4b9e-8a0f-7b9627716070/datanode-0/data/ratis/438e19ef-e351-4d68-a90b-27ceaf660913/current/log_inprogress_0
2019-09-27 09:14:27,951 [main] INFO  ipc.Client (Client.java:handleConnectionFailure(948)) - Retrying connect to server: localhost/127.0.0.1:0. Already tried 2 time(s); retry policy is RetryUpToMaximumCountWithFixedSleep(maxRetries=10, sleepTime=1000 MILLISECONDS)
2019-09-27 09:14:28,952 [main] INFO  ipc.Client (Client.java:handleConnectionFailure(948)) - Retrying connect to server: localhost/127.0.0.1:0. Already tried 3 time(s); retry policy is RetryUpToMaximumCountWithFixedSleep(maxRetries=10, sleepTime=1000 MILLISECONDS)
2019-09-27 09:14:29,954 [main] INFO  ipc.Client (Client.java:handleConnectionFailure(948)) - Retrying connect to server: localhost/127.0.0.1:0. Already tried 4 time(s); retry policy is RetryUpToMaximumCountWithFixedSleep(maxRetries=10, sleepTime=1000 MILLISECONDS)
2019-09-27 09:14:30,955 [main] INFO  ipc.Client (Client.java:handleConnectionFailure(948)) - Retrying connect to server: localhost/127.0.0.1:0. Already tried 5 time(s); retry policy is RetryUpToMaximumCountWithFixedSleep(maxRetries=10, sleepTime=1000 MILLISECONDS)
2019-09-27 09:14:31,956 [main] INFO  ipc.Client (Client.java:handleConnectionFailure(948)) - Retrying connect to server: localhost/127.0.0.1:0. Already tried 6 time(s); retry policy is RetryUpToMaximumCountWithFixedSleep(maxRetries=10, sleepTime=1000 MILLISECONDS)
2019-09-27 09:14:32,958 [main] INFO  ipc.Client (Client.java:handleConnectionFailure(948)) - Retrying connect to server: localhost/127.0.0.1:0. Already tried 7 time(s); retry policy is RetryUpToMaximumCountWithFixedSleep(maxRetries=10, sleepTime=1000 MILLISECONDS)
2019-09-27 09:14:33,959 [main] INFO  ipc.Client (Client.java:handleConnectionFailure(948)) - Retrying connect to server: localhost/127.0.0.1:0. Already tried 8 time(s); retry policy is RetryUpToMaximumCountWithFixedSleep(maxRetries=10, sleepTime=1000 MILLISECONDS)
2019-09-27 09:14:34,961 [main] INFO  ipc.Client (Client.java:handleConnectionFailure(948)) - Retrying connect to server: localhost/127.0.0.1:0. Already tried 9 time(s); retry policy is RetryUpToMaximumCountWithFixedSleep(maxRetries=10, sleepTime=1000 MILLISECONDS)
2019-09-27 09:14:35,965 [main] INFO  ipc.Client (Client.java:handleConnectionFailure(948)) - Retrying connect to server: localhost/127.0.0.1:0. Already tried 0 time(s); retry policy is RetryUpToMaximumCountWithFixedSleep(maxRetries=10, sleepTime=1000 MILLISECONDS)
2019-09-27 09:14:36,966 [main] INFO  ipc.Client (Client.java:handleConnectionFailure(948)) - Retrying connect to server: localhost/127.0.0.1:0. Already tried 1 time(s); retry policy is RetryUpToMaximumCountWithFixedSleep(maxRetries=10, sleepTime=1000 MILLISECONDS)
2019-09-27 09:14:37,967 [main] INFO  ipc.Client (Client.java:handleConnectionFailure(948)) - Retrying connect to server: localhost/127.0.0.1:0. Already tried 2 time(s); retry policy is RetryUpToMaximumCountWithFixedSleep(maxRetries=10, sleepTime=1000 MILLISECONDS)
2019-09-27 09:14:38,969 [main] INFO  ipc.Client (Client.java:handleConnectionFailure(948)) - Retrying connect to server: localhost/127.0.0.1:0. Already tried 3 time(s); retry policy is RetryUpToMaximumCountWithFixedSleep(maxRetries=10, sleepTime=1000 MILLISECONDS)
2019-09-27 09:14:39,971 [main] INFO  ipc.Client (Client.java:handleConnectionFailure(948)) - Retrying connect to server: localhost/127.0.0.1:0. Already tried 4 time(s); retry policy is RetryUpToMaximumCountWithFixedSleep(maxRetries=10, sleepTime=1000 MILLISECONDS)
2019-09-27 09:14:40,972 [main] INFO  ipc.Client (Client.java:handleConnectionFailure(948)) - Retrying connect to server: localhost/127.0.0.1:0. Already tried 5 time(s); retry policy is RetryUpToMaximumCountWithFixedSleep(maxRetries=10, sleepTime=1000 MILLISECONDS)
2019-09-27 09:14:41,973 [main] INFO  ipc.Client (Client.java:handleConnectionFailure(948)) - Retrying connect to server: localhost/127.0.0.1:0. Already tried 6 time(s); retry policy is RetryUpToMaximumCountWithFixedSleep(maxRetries=10, sleepTime=1000 MILLISECONDS)
2019-09-27 09:14:42,974 [main] INFO  ipc.Client (Client.java:handleConnectionFailure(948)) - Retrying connect to server: localhost/127.0.0.1:0. Already tried 7 time(s); retry policy is RetryUpToMaximumCountWithFixedSleep(maxRetries=10, sleepTime=1000 MILLISECONDS)
2019-09-27 09:14:43,976 [main] INFO  ipc.Client (Client.java:handleConnectionFailure(948)) - Retrying connect to server: localhost/127.0.0.1:0. Already tried 8 time(s); retry policy is RetryUpToMaximumCountWithFixedSleep(maxRetries=10, sleepTime=1000 MILLISECONDS)
2019-09-27 09:14:44,977 [main] INFO  ipc.Client (Client.java:handleConnectionFailure(948)) - Retrying connect to server: localhost/127.0.0.1:0. Already tried 9 time(s); retry policy is RetryUpToMaximumCountWithFixedSleep(maxRetries=10, sleepTime=1000 MILLISECONDS)
2019-09-27 09:14:44,979 [main] INFO  retry.RetryInvocationHandler (RetryInvocationHandler.java:log(411)) - com.google.protobuf.ServiceException: java.net.ConnectException: Your endpoint configuration is wrong; For more details see:  http://wiki.apache.org/hadoop/UnsetHostnameOrPort, while invoking $Proxy35.submitRequest over nodeId=null,nodeAddress=127.0.0.1:0 after 1 failover attempts. Trying to failover immediately.
2019-09-27 09:14:45,980 [main] INFO  ipc.Client (Client.java:handleConnectionFailure(948)) - Retrying connect to server: localhost/127.0.0.1:0. Already tried 0 time(s); retry policy is RetryUpToMaximumCountWithFixedSleep(maxRetries=10, sleepTime=1000 MILLISECONDS)
2019-09-27 09:14:46,981 [main] INFO  ipc.Client (Client.java:handleConnectionFailure(948)) - Retrying connect to server: localhost/127.0.0.1:0. Already tried 1 time(s); retry policy is RetryUpToMaximumCountWithFixedSleep(maxRetries=10, sleepTime=1000 MILLISECONDS)
2019-09-27 09:14:47,982 [main] INFO  ipc.Client (Client.java:handleConnectionFailure(948)) - Retrying connect to server: localhost/127.0.0.1:0. Already tried 2 time(s); retry policy is RetryUpToMaximumCountWithFixedSleep(maxRetries=10, sleepTime=1000 MILLISECONDS)
2019-09-27 09:14:48,984 [main] INFO  ipc.Client (Client.java:handleConnectionFailure(948)) - Retrying connect to server: localhost/127.0.0.1:0. Already tried 3 time(s); retry policy is RetryUpToMaximumCountWithFixedSleep(maxRetries=10, sleepTime=1000 MILLISECONDS)
2019-09-27 09:14:49,985 [main] INFO  ipc.Client (Client.java:handleConnectionFailure(948)) - Retrying connect to server: localhost/127.0.0.1:0. Already tried 4 time(s); retry policy is RetryUpToMaximumCountWithFixedSleep(maxRetries=10, sleepTime=1000 MILLISECONDS)
2019-09-27 09:14:50,986 [main] INFO  ipc.Client (Client.java:handleConnectionFailure(948)) - Retrying connect to server: localhost/127.0.0.1:0. Already tried 5 time(s); retry policy is RetryUpToMaximumCountWithFixedSleep(maxRetries=10, sleepTime=1000 MILLISECONDS)
2019-09-27 09:14:51,987 [main] INFO  ipc.Client (Client.java:handleConnectionFailure(948)) - Retrying connect to server: localhost/127.0.0.1:0. Already tried 6 time(s); retry policy is RetryUpToMaximumCountWithFixedSleep(maxRetries=10, sleepTime=1000 MILLISECONDS)
2019-09-27 09:14:52,989 [main] INFO  ipc.Client (Client.java:handleConnectionFailure(948)) - Retrying connect to server: localhost/127.0.0.1:0. Already tried 7 time(s); retry policy is RetryUpToMaximumCountWithFixedSleep(maxRetries=10, sleepTime=1000 MILLISECONDS)
2019-09-27 09:14:53,990 [main] INFO  ipc.Client (Client.java:handleConnectionFailure(948)) - Retrying connect to server: localhost/127.0.0.1:0. Already tried 8 time(s); retry policy is RetryUpToMaximumCountWithFixedSleep(maxRetries=10, sleepTime=1000 MILLISECONDS)
2019-09-27 09:14:54,991 [main] INFO  ipc.Client (Client.java:handleConnectionFailure(948)) - Retrying connect to server: localhost/127.0.0.1:0. Already tried 9 time(s); retry policy is RetryUpToMaximumCountWithFixedSleep(maxRetries=10, sleepTime=1000 MILLISECONDS)
2019-09-27 09:14:54,993 [main] INFO  retry.RetryInvocationHandler (RetryInvocationHandler.java:log(411)) - com.google.protobuf.ServiceException: java.net.ConnectException: Your endpoint configuration is wrong; For more details see:  http://wiki.apache.org/hadoop/UnsetHostnameOrPort, while invoking $Proxy35.submitRequest over nodeId=null,nodeAddress=127.0.0.1:0 after 2 failover attempts. Trying to failover immediately.
2019-09-27 09:14:55,993 [main] INFO  ipc.Client (Client.java:handleConnectionFailure(948)) - Retrying connect to server: localhost/127.0.0.1:0. Already tried 0 time(s); retry policy is RetryUpToMaximumCountWithFixedSleep(maxRetries=10, sleepTime=1000 MILLISECONDS)
2019-09-27 09:14:56,995 [main] INFO  ipc.Client (Client.java:handleConnectionFailure(948)) - Retrying connect to server: localhost/127.0.0.1:0. Already tried 1 time(s); retry policy is RetryUpToMaximumCountWithFixedSleep(maxRetries=10, sleepTime=1000 MILLISECONDS)
2019-09-27 09:14:57,997 [main] INFO  ipc.Client (Client.java:handleConnectionFailure(948)) - Retrying connect to server: localhost/127.0.0.1:0. Already tried 2 time(s); retry policy is RetryUpToMaximumCountWithFixedSleep(maxRetries=10, sleepTime=1000 MILLISECONDS)
2019-09-27 09:14:58,998 [main] INFO  ipc.Client (Client.java:handleConnectionFailure(948)) - Retrying connect to server: localhost/127.0.0.1:0. Already tried 3 time(s); retry policy is RetryUpToMaximumCountWithFixedSleep(maxRetries=10, sleepTime=1000 MILLISECONDS)
2019-09-27 09:15:00,000 [main] INFO  ipc.Client (Client.java:handleConnectionFailure(948)) - Retrying connect to server: localhost/127.0.0.1:0. Already tried 4 time(s); retry policy is RetryUpToMaximumCountWithFixedSleep(maxRetries=10, sleepTime=1000 MILLISECONDS)
2019-09-27 09:15:01,002 [main] INFO  ipc.Client (Client.java:handleConnectionFailure(948)) - Retrying connect to server: localhost/127.0.0.1:0. Already tried 5 time(s); retry policy is RetryUpToMaximumCountWithFixedSleep(maxRetries=10, sleepTime=1000 MILLISECONDS)
2019-09-27 09:15:02,003 [main] INFO  ipc.Client (Client.java:handleConnectionFailure(948)) - Retrying connect to server: localhost/127.0.0.1:0. Already tried 6 time(s); retry policy is RetryUpToMaximumCountWithFixedSleep(maxRetries=10, sleepTime=1000 MILLISECONDS)
2019-09-27 09:15:03,004 [main] INFO  ipc.Client (Client.java:handleConnectionFailure(948)) - Retrying connect to server: localhost/127.0.0.1:0. Already tried 7 time(s); retry policy is RetryUpToMaximumCountWithFixedSleep(maxRetries=10, sleepTime=1000 MILLISECONDS)
2019-09-27 09:15:04,006 [main] INFO  ipc.Client (Client.java:handleConnectionFailure(948)) - Retrying connect to server: localhost/127.0.0.1:0. Already tried 8 time(s); retry policy is RetryUpToMaximumCountWithFixedSleep(maxRetries=10, sleepTime=1000 MILLISECONDS)
2019-09-27 09:15:05,007 [main] INFO  ipc.Client (Client.java:handleConnectionFailure(948)) - Retrying connect to server: localhost/127.0.0.1:0. Already tried 9 time(s); retry policy is RetryUpToMaximumCountWithFixedSleep(maxRetries=10, sleepTime=1000 MILLISECONDS)
2019-09-27 09:15:05,009 [main] INFO  retry.RetryInvocationHandler (RetryInvocationHandler.java:log(411)) - com.google.protobuf.ServiceException: java.net.ConnectException: Your endpoint configuration is wrong; For more details see:  http://wiki.apache.org/hadoop/UnsetHostnameOrPort, while invoking $Proxy35.submitRequest over nodeId=null,nodeAddress=127.0.0.1:0 after 3 failover attempts. Trying to failover immediately.
2019-09-27 09:15:06,011 [main] INFO  ipc.Client (Client.java:handleConnectionFailure(948)) - Retrying connect to server: localhost/127.0.0.1:0. Already tried 0 time(s); retry policy is RetryUpToMaximumCountWithFixedSleep(maxRetries=10, sleepTime=1000 MILLISECONDS)
2019-09-27 09:15:07,012 [main] INFO  ipc.Client (Client.java:handleConnectionFailure(948)) - Retrying connect to server: localhost/127.0.0.1:0. Already tried 1 time(s); retry policy is RetryUpToMaximumCountWithFixedSleep(maxRetries=10, sleepTime=1000 MILLISECONDS)
2019-09-27 09:15:08,013 [main] INFO  ipc.Client (Client.java:handleConnectionFailure(948)) - Retrying connect to server: localhost/127.0.0.1:0. Already tried 2 time(s); retry policy is RetryUpToMaximumCountWithFixedSleep(maxRetries=10, sleepTime=1000 MILLISECONDS)
2019-09-27 09:15:09,015 [main] INFO  ipc.Client (Client.java:handleConnectionFailure(948)) - Retrying connect to server: localhost/127.0.0.1:0. Already tried 3 time(s); retry policy is RetryUpToMaximumCountWithFixedSleep(maxRetries=10, sleepTime=1000 MILLISECONDS)
2019-09-27 09:15:10,016 [main] INFO  ipc.Client (Client.java:handleConnectionFailure(948)) - Retrying connect to server: localhost/127.0.0.1:0. Already tried 4 time(s); retry policy is RetryUpToMaximumCountWithFixedSleep(maxRetries=10, sleepTime=1000 MILLISECONDS)
2019-09-27 09:15:11,017 [main] INFO  ipc.Client (Client.java:handleConnectionFailure(948)) - Retrying connect to server: localhost/127.0.0.1:0. Already tried 5 time(s); retry policy is RetryUpToMaximumCountWithFixedSleep(maxRetries=10, sleepTime=1000 MILLISECONDS)
2019-09-27 09:15:12,018 [main] INFO  ipc.Client (Client.java:handleConnectionFailure(948)) - Retrying connect to server: localhost/127.0.0.1:0. Already tried 6 time(s); retry policy is RetryUpToMaximumCountWithFixedSleep(maxRetries=10, sleepTime=1000 MILLISECONDS)
2019-09-27 09:15:13,020 [main] INFO  ipc.Client (Client.java:handleConnectionFailure(948)) - Retrying connect to server: localhost/127.0.0.1:0. Already tried 7 time(s); retry policy is RetryUpToMaximumCountWithFixedSleep(maxRetries=10, sleepTime=1000 MILLISECONDS)
2019-09-27 09:15:14,022 [main] INFO  ipc.Client (Client.java:handleConnectionFailure(948)) - Retrying connect to server: localhost/127.0.0.1:0. Already tried 8 time(s); retry policy is RetryUpToMaximumCountWithFixedSleep(maxRetries=10, sleepTime=1000 MILLISECONDS)
2019-09-27 09:15:15,023 [main] INFO  ipc.Client (Client.java:handleConnectionFailure(948)) - Retrying connect to server: localhost/127.0.0.1:0. Already tried 9 time(s); retry policy is RetryUpToMaximumCountWithFixedSleep(maxRetries=10, sleepTime=1000 MILLISECONDS)
2019-09-27 09:15:15,025 [main] INFO  retry.RetryInvocationHandler (RetryInvocationHandler.java:log(411)) - com.google.protobuf.ServiceException: java.net.ConnectException: Your endpoint configuration is wrong; For more details see:  http://wiki.apache.org/hadoop/UnsetHostnameOrPort, while invoking $Proxy35.submitRequest over nodeId=null,nodeAddress=127.0.0.1:0 after 4 failover attempts. Trying to failover immediately.
2019-09-27 09:15:16,026 [main] INFO  ipc.Client (Client.java:handleConnectionFailure(948)) - Retrying connect to server: localhost/127.0.0.1:0. Already tried 0 time(s); retry policy is RetryUpToMaximumCountWithFixedSleep(maxRetries=10, sleepTime=1000 MILLISECONDS)
2019-09-27 09:15:17,056 [main] INFO  ipc.Client (Client.java:handleConnectionFailure(948)) - Retrying connect to server: localhost/127.0.0.1:0. Already tried 1 time(s); retry policy is RetryUpToMaximumCountWithFixedSleep(maxRetries=10, sleepTime=1000 MILLISECONDS)
2019-09-27 09:15:17,068 [Thread-367] WARN  util.JavaUtils (JavaUtils.java:sleep(250)) - Unexpected long sleep: sleep(1131ms) actually took 1818ms which is over the threshold 300ms
2019-09-27 09:15:17,067 [Thread-407] WARN  util.JavaUtils (JavaUtils.java:sleep(250)) - Unexpected long sleep: sleep(1159ms) actually took 1598ms which is over the threshold 300ms
2019-09-27 09:15:17,065 [Thread-408] INFO  impl.FollowerState (FollowerState.java:run(106)) - 0821efe4-c707-4fcc-94f8-cb827e7ada87:group-4DD0B4D884A5 changes to CANDIDATE, lastRpcTime:1170, electionTimeout:1147ms
2019-09-27 09:15:17,094 [Thread-408] INFO  impl.RoleInfo (RoleInfo.java:shutdownFollowerState(121)) - 0821efe4-c707-4fcc-94f8-cb827e7ada87: shutdown FollowerState
2019-09-27 09:15:17,095 [Thread-408] INFO  impl.RaftServerImpl (RaftServerImpl.java:setRole(174)) - 0821efe4-c707-4fcc-94f8-cb827e7ada87@group-4DD0B4D884A5: changes role from  FOLLOWER to CANDIDATE at term 3 for changeToCandidate
2019-09-27 09:15:17,095 [Thread-408] INFO  impl.RoleInfo (RoleInfo.java:updateAndGet(143)) - 0821efe4-c707-4fcc-94f8-cb827e7ada87: start LeaderElection
2019-09-27 09:15:17,098 [grpc-default-executor-2] INFO  impl.RaftServerImpl (RaftServerImpl.java:setRole(174)) - 0821efe4-c707-4fcc-94f8-cb827e7ada87@group-4DD0B4D884A5: changes role from CANDIDATE to FOLLOWER at term 3 for appendEntries
2019-09-27 09:15:17,098 [grpc-default-executor-2] INFO  impl.RoleInfo (RoleInfo.java:shutdownLeaderElection(134)) - 0821efe4-c707-4fcc-94f8-cb827e7ada87: shutdown LeaderElection
2019-09-27 09:15:17,098 [grpc-default-executor-2] INFO  impl.RoleInfo (RoleInfo.java:updateAndGet(143)) - 0821efe4-c707-4fcc-94f8-cb827e7ada87: start FollowerState
2019-09-27 09:15:17,099 [0821efe4-c707-4fcc-94f8-cb827e7ada87@group-4DD0B4D884A5:LeaderElection20] INFO  impl.RaftServerImpl (ServerState.java:setLeader(253)) - 0821efe4-c707-4fcc-94f8-cb827e7ada87@group-4DD0B4D884A5: change Leader from a7400050-0947-41b0-8512-caed91bc5dce to null at term 3 for initElection
2019-09-27 09:15:17,121 [0821efe4-c707-4fcc-94f8-cb827e7ada87@group-4DD0B4D884A5:LeaderElection20] INFO  impl.LeaderElection (LeaderElection.java:askForVotes(182)) - 0821efe4-c707-4fcc-94f8-cb827e7ada87@group-4DD0B4D884A5:LeaderElection20: begin an election at term 4 for 0: [a7400050-0947-41b0-8512-caed91bc5dce:192.168.151.103:33851, 1b1c50e1-42fe-4038-95e1-cf5ebbb85fbb:192.168.151.103:40816, 0821efe4-c707-4fcc-94f8-cb827e7ada87:192.168.151.103:33210], old=null
2019-09-27 09:15:17,127 [0821efe4-c707-4fcc-94f8-cb827e7ada87@group-4DD0B4D884A5:LeaderElection20] INFO  impl.LeaderElection (LeaderElection.java:logAndReturn(56)) - 0821efe4-c707-4fcc-94f8-cb827e7ada87@group-4DD0B4D884A5:LeaderElection20: Election REJECTED; received 0 response(s) [] and 0 exception(s); 0821efe4-c707-4fcc-94f8-cb827e7ada87@group-4DD0B4D884A5:t4, leader=null, voted=0821efe4-c707-4fcc-94f8-cb827e7ada87, raftlog=0821efe4-c707-4fcc-94f8-cb827e7ada87@group-4DD0B4D884A5-SegmentedRaftLog:OPENED:c0,f0,i0, conf=0: [a7400050-0947-41b0-8512-caed91bc5dce:192.168.151.103:33851, 1b1c50e1-42fe-4038-95e1-cf5ebbb85fbb:192.168.151.103:40816, 0821efe4-c707-4fcc-94f8-cb827e7ada87:192.168.151.103:33210], old=null
2019-09-27 09:15:17,159 [grpc-default-executor-5] INFO  impl.RaftServerImpl (ServerState.java:setLeader(253)) - 1b1c50e1-42fe-4038-95e1-cf5ebbb85fbb@group-4DD0B4D884A5: change Leader from a7400050-0947-41b0-8512-caed91bc5dce to null at term 4 for updateCurrentTerm
2019-09-27 09:15:17,159 [grpc-default-executor-2] INFO  impl.RaftServerImpl (ServerState.java:setLeader(253)) - a7400050-0947-41b0-8512-caed91bc5dce@group-4DD0B4D884A5: change Leader from a7400050-0947-41b0-8512-caed91bc5dce to null at term 4 for updateCurrentTerm
2019-09-27 09:15:17,161 [grpc-default-executor-2] INFO  impl.RaftServerImpl (RaftServerImpl.java:setRole(174)) - a7400050-0947-41b0-8512-caed91bc5dce@group-4DD0B4D884A5: changes role from    LEADER to FOLLOWER at term 4 for recognizeCandidate:0821efe4-c707-4fcc-94f8-cb827e7ada87
2019-09-27 09:15:17,159 [grpc-default-executor-5] INFO  impl.RaftServerImpl (RaftServerImpl.java:setRole(174)) - 1b1c50e1-42fe-4038-95e1-cf5ebbb85fbb@group-4DD0B4D884A5: changes role from  FOLLOWER to FOLLOWER at term 4 for recognizeCandidate:0821efe4-c707-4fcc-94f8-cb827e7ada87
2019-09-27 09:15:17,161 [grpc-default-executor-2] INFO  impl.RoleInfo (RoleInfo.java:shutdownLeaderState(104)) - a7400050-0947-41b0-8512-caed91bc5dce: shutdown LeaderState
2019-09-27 09:15:17,161 [grpc-default-executor-5] INFO  impl.RoleInfo (RoleInfo.java:shutdownFollowerState(121)) - 1b1c50e1-42fe-4038-95e1-cf5ebbb85fbb: shutdown FollowerState
2019-09-27 09:15:17,162 [grpc-default-executor-5] INFO  impl.RoleInfo (RoleInfo.java:updateAndGet(143)) - 1b1c50e1-42fe-4038-95e1-cf5ebbb85fbb: start FollowerState
2019-09-27 09:15:17,162 [Thread-407] INFO  impl.FollowerState (FollowerState.java:run(115)) - 1b1c50e1-42fe-4038-95e1-cf5ebbb85fbb: FollowerState was interrupted: java.lang.InterruptedException: sleep interrupted
2019-09-27 09:15:17,167 [org.apache.ratis.server.impl.LogAppender$AppenderDaemon$$Lambda$400/247186050@66372fb4] WARN  server.GrpcLogAppender (GrpcLogAppender.java:mayWait(143)) - a7400050-0947-41b0-8512-caed91bc5dce@group-4DD0B4D884A5->1b1c50e1-42fe-4038-95e1-cf5ebbb85fbb-GrpcLogAppender: Wait interrupted by java.lang.InterruptedException
2019-09-27 09:15:17,167 [org.apache.ratis.server.impl.LogAppender$AppenderDaemon$$Lambda$400/247186050@214be65a] WARN  server.GrpcLogAppender (GrpcLogAppender.java:mayWait(143)) - a7400050-0947-41b0-8512-caed91bc5dce@group-4DD0B4D884A5->0821efe4-c707-4fcc-94f8-cb827e7ada87-GrpcLogAppender: Wait interrupted by java.lang.InterruptedException
2019-09-27 09:15:17,172 [grpc-default-executor-2] INFO  impl.PendingRequests (PendingRequests.java:sendNotLeaderResponses(202)) - a7400050-0947-41b0-8512-caed91bc5dce-PendingRequests: sendNotLeaderResponses
2019-09-27 09:15:17,175 [grpc-default-executor-4] INFO  server.GrpcServerProtocolService (GrpcServerProtocolService.java:onCompleted(113)) - 1b1c50e1-42fe-4038-95e1-cf5ebbb85fbb: Completed APPEND_ENTRIES, lastRequest: a7400050-0947-41b0-8512-caed91bc5dce->1b1c50e1-42fe-4038-95e1-cf5ebbb85fbb#98-t3, previous=(t:3, i:0), leaderCommit=0, initializing? false, entries: <empty>
2019-09-27 09:15:17,176 [grpc-default-executor-0] INFO  server.GrpcLogAppender (GrpcLogAppender.java:onCompleted(293)) - a7400050-0947-41b0-8512-caed91bc5dce@group-4DD0B4D884A5->1b1c50e1-42fe-4038-95e1-cf5ebbb85fbb-AppendLogResponseHandler: follower responses appendEntries COMPLETED
2019-09-27 09:15:17,197 [grpc-default-executor-2] INFO  impl.RoleInfo (RoleInfo.java:updateAndGet(143)) - a7400050-0947-41b0-8512-caed91bc5dce: start FollowerState
2019-09-27 09:15:17,175 [grpc-default-executor-1] INFO  server.GrpcServerProtocolService (GrpcServerProtocolService.java:onCompleted(113)) - 0821efe4-c707-4fcc-94f8-cb827e7ada87: Completed APPEND_ENTRIES, lastRequest: a7400050-0947-41b0-8512-caed91bc5dce->0821efe4-c707-4fcc-94f8-cb827e7ada87#98-t3, previous=(t:3, i:0), leaderCommit=0, initializing? false, entries: <empty>
2019-09-27 09:15:17,203 [grpc-default-executor-0] INFO  impl.FollowerInfo (FollowerInfo.java:lambda$new$0(51)) - a7400050-0947-41b0-8512-caed91bc5dce@group-4DD0B4D884A5->1b1c50e1-42fe-4038-95e1-cf5ebbb85fbb: nextIndex: updateUnconditionally 1 -> 0
2019-09-27 09:15:17,204 [grpc-default-executor-2] INFO  server.GrpcLogAppender (GrpcLogAppender.java:onCompleted(293)) - a7400050-0947-41b0-8512-caed91bc5dce@group-4DD0B4D884A5->0821efe4-c707-4fcc-94f8-cb827e7ada87-AppendLogResponseHandler: follower responses appendEntries COMPLETED
2019-09-27 09:15:17,206 [grpc-default-executor-2] INFO  impl.FollowerInfo (FollowerInfo.java:lambda$new$0(51)) - a7400050-0947-41b0-8512-caed91bc5dce@group-4DD0B4D884A5->0821efe4-c707-4fcc-94f8-cb827e7ada87: nextIndex: updateUnconditionally 1 -> 0
2019-09-27 09:15:18,095 [main] INFO  ipc.Client (Client.java:handleConnectionFailure(948)) - Retrying connect to server: localhost/127.0.0.1:0. Already tried 2 time(s); retry policy is RetryUpToMaximumCountWithFixedSleep(maxRetries=10, sleepTime=1000 MILLISECONDS)
2019-09-27 09:15:18,187 [Thread-1021] INFO  impl.FollowerState (FollowerState.java:run(106)) - 0821efe4-c707-4fcc-94f8-cb827e7ada87:group-4DD0B4D884A5 changes to CANDIDATE, lastRpcTime:1088, electionTimeout:1088ms
2019-09-27 09:15:18,187 [Thread-1021] INFO  impl.RoleInfo (RoleInfo.java:shutdownFollowerState(121)) - 0821efe4-c707-4fcc-94f8-cb827e7ada87: shutdown FollowerState
2019-09-27 09:15:18,188 [Thread-1021] INFO  impl.RaftServerImpl (RaftServerImpl.java:setRole(174)) - 0821efe4-c707-4fcc-94f8-cb827e7ada87@group-4DD0B4D884A5: changes role from  FOLLOWER to CANDIDATE at term 4 for changeToCandidate
2019-09-27 09:15:18,188 [Thread-1021] INFO  impl.RoleInfo (RoleInfo.java:updateAndGet(143)) - 0821efe4-c707-4fcc-94f8-cb827e7ada87: start LeaderElection
2019-09-27 09:15:18,206 [0821efe4-c707-4fcc-94f8-cb827e7ada87@group-4DD0B4D884A5:LeaderElection21] INFO  impl.LeaderElection (LeaderElection.java:askForVotes(182)) - 0821efe4-c707-4fcc-94f8-cb827e7ada87@group-4DD0B4D884A5:LeaderElection21: begin an election at term 5 for 0: [a7400050-0947-41b0-8512-caed91bc5dce:192.168.151.103:33851, 1b1c50e1-42fe-4038-95e1-cf5ebbb85fbb:192.168.151.103:40816, 0821efe4-c707-4fcc-94f8-cb827e7ada87:192.168.151.103:33210], old=null
2019-09-27 09:15:18,213 [grpc-default-executor-2] INFO  impl.RaftServerImpl (RaftServerImpl.java:setRole(174)) - a7400050-0947-41b0-8512-caed91bc5dce@group-4DD0B4D884A5: changes role from  FOLLOWER to FOLLOWER at term 5 for recognizeCandidate:0821efe4-c707-4fcc-94f8-cb827e7ada87
2019-09-27 09:15:18,213 [grpc-default-executor-2] INFO  impl.RoleInfo (RoleInfo.java:shutdownFollowerState(121)) - a7400050-0947-41b0-8512-caed91bc5dce: shutdown FollowerState
2019-09-27 09:15:18,216 [grpc-default-executor-2] INFO  impl.RoleInfo (RoleInfo.java:updateAndGet(143)) - a7400050-0947-41b0-8512-caed91bc5dce: start FollowerState
2019-09-27 09:15:18,216 [Thread-1026] INFO  impl.FollowerState (FollowerState.java:run(115)) - a7400050-0947-41b0-8512-caed91bc5dce: FollowerState was interrupted: java.lang.InterruptedException: sleep interrupted
2019-09-27 09:15:18,216 [grpc-default-executor-1] INFO  impl.RaftServerImpl (RaftServerImpl.java:setRole(174)) - 1b1c50e1-42fe-4038-95e1-cf5ebbb85fbb@group-4DD0B4D884A5: changes role from  FOLLOWER to FOLLOWER at term 5 for recognizeCandidate:0821efe4-c707-4fcc-94f8-cb827e7ada87
2019-09-27 09:15:18,219 [grpc-default-executor-1] INFO  impl.RoleInfo (RoleInfo.java:shutdownFollowerState(121)) - 1b1c50e1-42fe-4038-95e1-cf5ebbb85fbb: shutdown FollowerState
2019-09-27 09:15:18,219 [grpc-default-executor-1] INFO  impl.RoleInfo (RoleInfo.java:updateAndGet(143)) - 1b1c50e1-42fe-4038-95e1-cf5ebbb85fbb: start FollowerState
2019-09-27 09:15:18,219 [Thread-1025] INFO  impl.FollowerState (FollowerState.java:run(115)) - 1b1c50e1-42fe-4038-95e1-cf5ebbb85fbb: FollowerState was interrupted: java.lang.InterruptedException: sleep interrupted
2019-09-27 09:15:18,236 [0821efe4-c707-4fcc-94f8-cb827e7ada87@group-4DD0B4D884A5:LeaderElection21] INFO  impl.LeaderElection (LeaderElection.java:logAndReturn(56)) - 0821efe4-c707-4fcc-94f8-cb827e7ada87@group-4DD0B4D884A5:LeaderElection21: Election PASSED; received 1 response(s) [0821efe4-c707-4fcc-94f8-cb827e7ada87<-a7400050-0947-41b0-8512-caed91bc5dce#0:OK-t5] and 0 exception(s); 0821efe4-c707-4fcc-94f8-cb827e7ada87@group-4DD0B4D884A5:t5, leader=null, voted=0821efe4-c707-4fcc-94f8-cb827e7ada87, raftlog=0821efe4-c707-4fcc-94f8-cb827e7ada87@group-4DD0B4D884A5-SegmentedRaftLog:OPENED:c0,f0,i0, conf=0: [a7400050-0947-41b0-8512-caed91bc5dce:192.168.151.103:33851, 1b1c50e1-42fe-4038-95e1-cf5ebbb85fbb:192.168.151.103:40816, 0821efe4-c707-4fcc-94f8-cb827e7ada87:192.168.151.103:33210], old=null
2019-09-27 09:15:18,237 [0821efe4-c707-4fcc-94f8-cb827e7ada87@group-4DD0B4D884A5:LeaderElection21] INFO  impl.RoleInfo (RoleInfo.java:shutdownLeaderElection(134)) - 0821efe4-c707-4fcc-94f8-cb827e7ada87: shutdown LeaderElection
2019-09-27 09:15:18,239 [0821efe4-c707-4fcc-94f8-cb827e7ada87@group-4DD0B4D884A5:LeaderElection21] INFO  impl.RaftServerImpl (RaftServerImpl.java:setRole(174)) - 0821efe4-c707-4fcc-94f8-cb827e7ada87@group-4DD0B4D884A5: changes role from CANDIDATE to LEADER at term 5 for changeToLeader
2019-09-27 09:15:18,239 [0821efe4-c707-4fcc-94f8-cb827e7ada87@group-4DD0B4D884A5:LeaderElection21] INFO  impl.RaftServerImpl (ServerState.java:setLeader(253)) - 0821efe4-c707-4fcc-94f8-cb827e7ada87@group-4DD0B4D884A5: change Leader from null to 0821efe4-c707-4fcc-94f8-cb827e7ada87 at term 5 for becomeLeader, leader elected after 1140ms
2019-09-27 09:15:18,239 [0821efe4-c707-4fcc-94f8-cb827e7ada87@group-4DD0B4D884A5:LeaderElection21] INFO  server.RaftServerConfigKeys (ConfUtils.java:logGet(43)) - raft.server.staging.catchup.gap = 1000 (default)
2019-09-27 09:15:18,240 [0821efe4-c707-4fcc-94f8-cb827e7ada87@group-4DD0B4D884A5:LeaderElection21] INFO  server.RaftServerConfigKeys (ConfUtils.java:logGet(43)) - raft.server.rpc.sleep.time = 25ms (default)
2019-09-27 09:15:18,240 [0821efe4-c707-4fcc-94f8-cb827e7ada87@group-4DD0B4D884A5:LeaderElection21] INFO  server.RaftServerConfigKeys (ConfUtils.java:logGet(43)) - raft.server.write.element-limit = 4096 (default)
2019-09-27 09:15:18,240 [0821efe4-c707-4fcc-94f8-cb827e7ada87@group-4DD0B4D884A5:LeaderElection21] INFO  server.RaftServerConfigKeys (ConfUtils.java:logGet(43)) - raft.server.watch.timeout = 10s (default)
2019-09-27 09:15:18,240 [0821efe4-c707-4fcc-94f8-cb827e7ada87@group-4DD0B4D884A5:LeaderElection21] INFO  server.RaftServerConfigKeys (ConfUtils.java:logGet(43)) - raft.server.watch.timeout.denomination = 1s (default)
2019-09-27 09:15:18,240 [0821efe4-c707-4fcc-94f8-cb827e7ada87@group-4DD0B4D884A5:LeaderElection21] INFO  server.RaftServerConfigKeys (ConfUtils.java:logGet(43)) - raft.server.watch.element-limit = 65536 (default)
2019-09-27 09:15:18,244 [0821efe4-c707-4fcc-94f8-cb827e7ada87@group-4DD0B4D884A5:LeaderElection21] INFO  server.RaftServerConfigKeys (ConfUtils.java:logGet(43)) - raft.server.log.appender.snapshot.chunk.size.max = 16MB (=16777216) (default)
2019-09-27 09:15:18,244 [0821efe4-c707-4fcc-94f8-cb827e7ada87@group-4DD0B4D884A5:LeaderElection21] INFO  server.RaftServerConfigKeys (ConfUtils.java:logGet(43)) - raft.server.log.appender.buffer.byte-limit = 33554432 (custom)
2019-09-27 09:15:18,244 [0821efe4-c707-4fcc-94f8-cb827e7ada87@group-4DD0B4D884A5:LeaderElection21] INFO  server.RaftServerConfigKeys (ConfUtils.java:logGet(43)) - raft.server.log.appender.buffer.element-limit = 1 (custom)
2019-09-27 09:15:18,245 [0821efe4-c707-4fcc-94f8-cb827e7ada87@group-4DD0B4D884A5:LeaderElection21] INFO  grpc.GrpcConfigKeys$Server (ConfUtils.java:logGet(43)) - raft.grpc.server.leader.outstanding.appends.max = 128 (default)
2019-09-27 09:15:18,245 [0821efe4-c707-4fcc-94f8-cb827e7ada87@group-4DD0B4D884A5:LeaderElection21] INFO  server.RaftServerConfigKeys (ConfUtils.java:logGet(43)) - raft.server.rpc.request.timeout = 3000ms (default)
2019-09-27 09:15:18,245 [0821efe4-c707-4fcc-94f8-cb827e7ada87@group-4DD0B4D884A5:LeaderElection21] INFO  server.RaftServerConfigKeys (ConfUtils.java:logGet(43)) - raft.server.log.appender.install.snapshot.enabled = false (custom)
2019-09-27 09:15:18,245 [0821efe4-c707-4fcc-94f8-cb827e7ada87@group-4DD0B4D884A5:LeaderElection21] INFO  server.RaftServerConfigKeys (ConfUtils.java:logGet(43)) - raft.server.log.appender.snapshot.chunk.size.max = 16MB (=16777216) (default)
2019-09-27 09:15:18,245 [0821efe4-c707-4fcc-94f8-cb827e7ada87@group-4DD0B4D884A5:LeaderElection21] INFO  server.RaftServerConfigKeys (ConfUtils.java:logGet(43)) - raft.server.log.appender.buffer.byte-limit = 33554432 (custom)
2019-09-27 09:15:18,246 [0821efe4-c707-4fcc-94f8-cb827e7ada87@group-4DD0B4D884A5:LeaderElection21] INFO  server.RaftServerConfigKeys (ConfUtils.java:logGet(43)) - raft.server.log.appender.buffer.element-limit = 1 (custom)
2019-09-27 09:15:18,246 [0821efe4-c707-4fcc-94f8-cb827e7ada87@group-4DD0B4D884A5:LeaderElection21] INFO  grpc.GrpcConfigKeys$Server (ConfUtils.java:logGet(43)) - raft.grpc.server.leader.outstanding.appends.max = 128 (default)
2019-09-27 09:15:18,246 [0821efe4-c707-4fcc-94f8-cb827e7ada87@group-4DD0B4D884A5:LeaderElection21] INFO  server.RaftServerConfigKeys (ConfUtils.java:logGet(43)) - raft.server.rpc.request.timeout = 3000ms (default)
2019-09-27 09:15:18,246 [0821efe4-c707-4fcc-94f8-cb827e7ada87@group-4DD0B4D884A5:LeaderElection21] INFO  server.RaftServerConfigKeys (ConfUtils.java:logGet(43)) - raft.server.log.appender.install.snapshot.enabled = false (custom)
2019-09-27 09:15:18,247 [0821efe4-c707-4fcc-94f8-cb827e7ada87@group-4DD0B4D884A5:LeaderElection21] INFO  impl.RoleInfo (RoleInfo.java:updateAndGet(143)) - 0821efe4-c707-4fcc-94f8-cb827e7ada87: start LeaderState
2019-09-27 09:15:18,248 [0821efe4-c707-4fcc-94f8-cb827e7ada87@group-4DD0B4D884A5:LeaderElection21] INFO  segmented.SegmentedRaftLogWorker (SegmentedRaftLogWorker.java:rollLogSegment(385)) - 0821efe4-c707-4fcc-94f8-cb827e7ada87@group-4DD0B4D884A5-SegmentedRaftLogWorker: Rolling segment log-0_0 to index:0
2019-09-27 09:15:18,252 [0821efe4-c707-4fcc-94f8-cb827e7ada87@group-4DD0B4D884A5-SegmentedRaftLogWorker] INFO  segmented.SegmentedRaftLogWorker (SegmentedRaftLogWorker.java:execute(526)) - 0821efe4-c707-4fcc-94f8-cb827e7ada87@group-4DD0B4D884A5-SegmentedRaftLogWorker: Rolled log segment from /workdir/hadoop-ozone/integration-test/target/test-dir/MiniOzoneClusterImpl-306848a7-f3db-4b9e-8a0f-7b9627716070/datanode-1/data/ratis/0c75af4e-b7a5-4c44-9fa7-4dd0b4d884a5/current/log_inprogress_0 to /workdir/hadoop-ozone/integration-test/target/test-dir/MiniOzoneClusterImpl-306848a7-f3db-4b9e-8a0f-7b9627716070/datanode-1/data/ratis/0c75af4e-b7a5-4c44-9fa7-4dd0b4d884a5/current/log_0-0
2019-09-27 09:15:18,258 [0821efe4-c707-4fcc-94f8-cb827e7ada87@group-4DD0B4D884A5:LeaderElection21] INFO  impl.RaftServerImpl (ServerState.java:setRaftConf(354)) - 0821efe4-c707-4fcc-94f8-cb827e7ada87@group-4DD0B4D884A5: set configuration 1: [a7400050-0947-41b0-8512-caed91bc5dce:192.168.151.103:33851, 1b1c50e1-42fe-4038-95e1-cf5ebbb85fbb:192.168.151.103:40816, 0821efe4-c707-4fcc-94f8-cb827e7ada87:192.168.151.103:33210], old=null at 1
2019-09-27 09:15:18,295 [grpc-default-executor-1] INFO  impl.RaftServerImpl (ServerState.java:setLeader(253)) - 1b1c50e1-42fe-4038-95e1-cf5ebbb85fbb@group-4DD0B4D884A5: change Leader from null to 0821efe4-c707-4fcc-94f8-cb827e7ada87 at term 5 for appendEntries, leader elected after 1136ms
2019-09-27 09:15:18,295 [grpc-default-executor-2] INFO  impl.RaftServerImpl (ServerState.java:setLeader(253)) - a7400050-0947-41b0-8512-caed91bc5dce@group-4DD0B4D884A5: change Leader from null to 0821efe4-c707-4fcc-94f8-cb827e7ada87 at term 5 for appendEntries, leader elected after 1136ms
2019-09-27 09:15:18,305 [0821efe4-c707-4fcc-94f8-cb827e7ada87@group-4DD0B4D884A5-SegmentedRaftLogWorker] INFO  segmented.SegmentedRaftLogWorker (SegmentedRaftLogWorker.java:execute(569)) - 0821efe4-c707-4fcc-94f8-cb827e7ada87@group-4DD0B4D884A5-SegmentedRaftLogWorker: created new log segment /workdir/hadoop-ozone/integration-test/target/test-dir/MiniOzoneClusterImpl-306848a7-f3db-4b9e-8a0f-7b9627716070/datanode-1/data/ratis/0c75af4e-b7a5-4c44-9fa7-4dd0b4d884a5/current/log_inprogress_1
2019-09-27 09:15:18,307 [grpc-default-executor-2] INFO  impl.RaftServerImpl (ServerState.java:setRaftConf(354)) - 1b1c50e1-42fe-4038-95e1-cf5ebbb85fbb@group-4DD0B4D884A5: set configuration 1: [a7400050-0947-41b0-8512-caed91bc5dce:192.168.151.103:33851, 1b1c50e1-42fe-4038-95e1-cf5ebbb85fbb:192.168.151.103:40816, 0821efe4-c707-4fcc-94f8-cb827e7ada87:192.168.151.103:33210], old=null at 1
2019-09-27 09:15:18,307 [grpc-default-executor-1] INFO  impl.RaftServerImpl (ServerState.java:setRaftConf(354)) - a7400050-0947-41b0-8512-caed91bc5dce@group-4DD0B4D884A5: set configuration 1: [a7400050-0947-41b0-8512-caed91bc5dce:192.168.151.103:33851, 1b1c50e1-42fe-4038-95e1-cf5ebbb85fbb:192.168.151.103:40816, 0821efe4-c707-4fcc-94f8-cb827e7ada87:192.168.151.103:33210], old=null at 1
2019-09-27 09:15:18,307 [grpc-default-executor-2] INFO  segmented.SegmentedRaftLogWorker (SegmentedRaftLogWorker.java:rollLogSegment(385)) - 1b1c50e1-42fe-4038-95e1-cf5ebbb85fbb@group-4DD0B4D884A5-SegmentedRaftLogWorker: Rolling segment log-0_0 to index:0
2019-09-27 09:15:18,307 [grpc-default-executor-1] INFO  segmented.SegmentedRaftLogWorker (SegmentedRaftLogWorker.java:rollLogSegment(385)) - a7400050-0947-41b0-8512-caed91bc5dce@group-4DD0B4D884A5-SegmentedRaftLogWorker: Rolling segment log-0_0 to index:0
2019-09-27 09:15:18,308 [1b1c50e1-42fe-4038-95e1-cf5ebbb85fbb@group-4DD0B4D884A5-SegmentedRaftLogWorker] INFO  segmented.SegmentedRaftLogWorker (SegmentedRaftLogWorker.java:execute(526)) - 1b1c50e1-42fe-4038-95e1-cf5ebbb85fbb@group-4DD0B4D884A5-SegmentedRaftLogWorker: Rolled log segment from /workdir/hadoop-ozone/integration-test/target/test-dir/MiniOzoneClusterImpl-306848a7-f3db-4b9e-8a0f-7b9627716070/datanode-8/data/ratis/0c75af4e-b7a5-4c44-9fa7-4dd0b4d884a5/current/log_inprogress_0 to /workdir/hadoop-ozone/integration-test/target/test-dir/MiniOzoneClusterImpl-306848a7-f3db-4b9e-8a0f-7b9627716070/datanode-8/data/ratis/0c75af4e-b7a5-4c44-9fa7-4dd0b4d884a5/current/log_0-0
2019-09-27 09:15:18,308 [a7400050-0947-41b0-8512-caed91bc5dce@group-4DD0B4D884A5-SegmentedRaftLogWorker] INFO  segmented.SegmentedRaftLogWorker (SegmentedRaftLogWorker.java:execute(526)) - a7400050-0947-41b0-8512-caed91bc5dce@group-4DD0B4D884A5-SegmentedRaftLogWorker: Rolled log segment from /workdir/hadoop-ozone/integration-test/target/test-dir/MiniOzoneClusterImpl-306848a7-f3db-4b9e-8a0f-7b9627716070/datanode-4/data/ratis/0c75af4e-b7a5-4c44-9fa7-4dd0b4d884a5/current/log_inprogress_0 to /workdir/hadoop-ozone/integration-test/target/test-dir/MiniOzoneClusterImpl-306848a7-f3db-4b9e-8a0f-7b9627716070/datanode-4/data/ratis/0c75af4e-b7a5-4c44-9fa7-4dd0b4d884a5/current/log_0-0
2019-09-27 09:15:18,357 [1b1c50e1-42fe-4038-95e1-cf5ebbb85fbb@group-4DD0B4D884A5-SegmentedRaftLogWorker] INFO  segmented.SegmentedRaftLogWorker (SegmentedRaftLogWorker.java:execute(569)) - 1b1c50e1-42fe-4038-95e1-cf5ebbb85fbb@group-4DD0B4D884A5-SegmentedRaftLogWorker: created new log segment /workdir/hadoop-ozone/integration-test/target/test-dir/MiniOzoneClusterImpl-306848a7-f3db-4b9e-8a0f-7b9627716070/datanode-8/data/ratis/0c75af4e-b7a5-4c44-9fa7-4dd0b4d884a5/current/log_inprogress_1
2019-09-27 09:15:18,357 [a7400050-0947-41b0-8512-caed91bc5dce@group-4DD0B4D884A5-SegmentedRaftLogWorker] INFO  segmented.SegmentedRaftLogWorker (SegmentedRaftLogWorker.java:execute(569)) - a7400050-0947-41b0-8512-caed91bc5dce@group-4DD0B4D884A5-SegmentedRaftLogWorker: created new log segment /workdir/hadoop-ozone/integration-test/target/test-dir/MiniOzoneClusterImpl-306848a7-f3db-4b9e-8a0f-7b9627716070/datanode-4/data/ratis/0c75af4e-b7a5-4c44-9fa7-4dd0b4d884a5/current/log_inprogress_1
2019-09-27 09:15:19,096 [main] INFO  ipc.Client (Client.java:handleConnectionFailure(948)) - Retrying connect to server: localhost/127.0.0.1:0. Already tried 3 time(s); retry policy is RetryUpToMaximumCountWithFixedSleep(maxRetries=10, sleepTime=1000 MILLISECONDS)
2019-09-27 09:15:20,097 [main] INFO  ipc.Client (Client.java:handleConnectionFailure(948)) - Retrying connect to server: localhost/127.0.0.1:0. Already tried 4 time(s); retry policy is RetryUpToMaximumCountWithFixedSleep(maxRetries=10, sleepTime=1000 MILLISECONDS)
2019-09-27 09:15:21,098 [main] INFO  ipc.Client (Client.java:handleConnectionFailure(948)) - Retrying connect to server: localhost/127.0.0.1:0. Already tried 5 time(s); retry policy is RetryUpToMaximumCountWithFixedSleep(maxRetries=10, sleepTime=1000 MILLISECONDS)
2019-09-27 09:15:22,099 [main] INFO  ipc.Client (Client.java:handleConnectionFailure(948)) - Retrying connect to server: localhost/127.0.0.1:0. Already tried 6 time(s); retry policy is RetryUpToMaximumCountWithFixedSleep(maxRetries=10, sleepTime=1000 MILLISECONDS)
2019-09-27 09:15:23,100 [main] INFO  ipc.Client (Client.java:handleConnectionFailure(948)) - Retrying connect to server: localhost/127.0.0.1:0. Already tried 7 time(s); retry policy is RetryUpToMaximumCountWithFixedSleep(maxRetries=10, sleepTime=1000 MILLISECONDS)
2019-09-27 09:15:24,102 [main] INFO  ipc.Client (Client.java:handleConnectionFailure(948)) - Retrying connect to server: localhost/127.0.0.1:0. Already tried 8 time(s); retry policy is RetryUpToMaximumCountWithFixedSleep(maxRetries=10, sleepTime=1000 MILLISECONDS)
2019-09-27 09:15:25,103 [main] INFO  ipc.Client (Client.java:handleConnectionFailure(948)) - Retrying connect to server: localhost/127.0.0.1:0. Already tried 9 time(s); retry policy is RetryUpToMaximumCountWithFixedSleep(maxRetries=10, sleepTime=1000 MILLISECONDS)
2019-09-27 09:15:25,104 [main] INFO  retry.RetryInvocationHandler (RetryInvocationHandler.java:log(411)) - com.google.protobuf.ServiceException: java.net.ConnectException: Your endpoint configuration is wrong; For more details see:  http://wiki.apache.org/hadoop/UnsetHostnameOrPort, while invoking $Proxy35.submitRequest over nodeId=null,nodeAddress=127.0.0.1:0 after 5 failover attempts. Trying to failover immediately.
2019-09-27 09:15:26,105 [main] INFO  ipc.Client (Client.java:handleConnectionFailure(948)) - Retrying connect to server: localhost/127.0.0.1:0. Already tried 0 time(s); retry policy is RetryUpToMaximumCountWithFixedSleep(maxRetries=10, sleepTime=1000 MILLISECONDS)
2019-09-27 09:15:27,106 [main] INFO  ipc.Client (Client.java:handleConnectionFailure(948)) - Retrying connect to server: localhost/127.0.0.1:0. Already tried 1 time(s); retry policy is RetryUpToMaximumCountWithFixedSleep(maxRetries=10, sleepTime=1000 MILLISECONDS)
2019-09-27 09:15:28,107 [main] INFO  ipc.Client (Client.java:handleConnectionFailure(948)) - Retrying connect to server: localhost/127.0.0.1:0. Already tried 2 time(s); retry policy is RetryUpToMaximumCountWithFixedSleep(maxRetries=10, sleepTime=1000 MILLISECONDS)
2019-09-27 09:15:29,109 [main] INFO  ipc.Client (Client.java:handleConnectionFailure(948)) - Retrying connect to server: localhost/127.0.0.1:0. Already tried 3 time(s); retry policy is RetryUpToMaximumCountWithFixedSleep(maxRetries=10, sleepTime=1000 MILLISECONDS)
2019-09-27 09:15:30,110 [main] INFO  ipc.Client (Client.java:handleConnectionFailure(948)) - Retrying connect to server: localhost/127.0.0.1:0. Already tried 4 time(s); retry policy is RetryUpToMaximumCountWithFixedSleep(maxRetries=10, sleepTime=1000 MILLISECONDS)
2019-09-27 09:15:31,111 [main] INFO  ipc.Client (Client.java:handleConnectionFailure(948)) - Retrying connect to server: localhost/127.0.0.1:0. Already tried 5 time(s); retry policy is RetryUpToMaximumCountWithFixedSleep(maxRetries=10, sleepTime=1000 MILLISECONDS)
2019-09-27 09:15:32,113 [main] INFO  ipc.Client (Client.java:handleConnectionFailure(948)) - Retrying connect to server: localhost/127.0.0.1:0. Already tried 6 time(s); retry policy is RetryUpToMaximumCountWithFixedSleep(maxRetries=10, sleepTime=1000 MILLISECONDS)
2019-09-27 09:15:33,114 [main] INFO  ipc.Client (Client.java:handleConnectionFailure(948)) - Retrying connect to server: localhost/127.0.0.1:0. Already tried 7 time(s); retry policy is RetryUpToMaximumCountWithFixedSleep(maxRetries=10, sleepTime=1000 MILLISECONDS)
2019-09-27 09:15:34,116 [main] INFO  ipc.Client (Client.java:handleConnectionFailure(948)) - Retrying connect to server: localhost/127.0.0.1:0. Already tried 8 time(s); retry policy is RetryUpToMaximumCountWithFixedSleep(maxRetries=10, sleepTime=1000 MILLISECONDS)
2019-09-27 09:15:35,117 [main] INFO  ipc.Client (Client.java:handleConnectionFailure(948)) - Retrying connect to server: localhost/127.0.0.1:0. Already tried 9 time(s); retry policy is RetryUpToMaximumCountWithFixedSleep(maxRetries=10, sleepTime=1000 MILLISECONDS)
2019-09-27 09:15:35,119 [main] INFO  retry.RetryInvocationHandler (RetryInvocationHandler.java:log(411)) - com.google.protobuf.ServiceException: java.net.ConnectException: Your endpoint configuration is wrong; For more details see:  http://wiki.apache.org/hadoop/UnsetHostnameOrPort, while invoking $Proxy35.submitRequest over nodeId=null,nodeAddress=127.0.0.1:0 after 6 failover attempts. Trying to failover immediately.
2019-09-27 09:15:36,120 [main] INFO  ipc.Client (Client.java:handleConnectionFailure(948)) - Retrying connect to server: localhost/127.0.0.1:0. Already tried 0 time(s); retry policy is RetryUpToMaximumCountWithFixedSleep(maxRetries=10, sleepTime=1000 MILLISECONDS)
2019-09-27 09:15:37,121 [main] INFO  ipc.Client (Client.java:handleConnectionFailure(948)) - Retrying connect to server: localhost/127.0.0.1:0. Already tried 1 time(s); retry policy is RetryUpToMaximumCountWithFixedSleep(maxRetries=10, sleepTime=1000 MILLISECONDS)
2019-09-27 09:15:38,123 [main] INFO  ipc.Client (Client.java:handleConnectionFailure(948)) - Retrying connect to server: localhost/127.0.0.1:0. Already tried 2 time(s); retry policy is RetryUpToMaximumCountWithFixedSleep(maxRetries=10, sleepTime=1000 MILLISECONDS)
2019-09-27 09:15:39,125 [main] INFO  ipc.Client (Client.java:handleConnectionFailure(948)) - Retrying connect to server: localhost/127.0.0.1:0. Already tried 3 time(s); retry policy is RetryUpToMaximumCountWithFixedSleep(maxRetries=10, sleepTime=1000 MILLISECONDS)
2019-09-27 09:15:40,126 [main] INFO  ipc.Client (Client.java:handleConnectionFailure(948)) - Retrying connect to server: localhost/127.0.0.1:0. Already tried 4 time(s); retry policy is RetryUpToMaximumCountWithFixedSleep(maxRetries=10, sleepTime=1000 MILLISECONDS)
2019-09-27 09:15:41,127 [main] INFO  ipc.Client (Client.java:handleConnectionFailure(948)) - Retrying connect to server: localhost/127.0.0.1:0. Already tried 5 time(s); retry policy is RetryUpToMaximumCountWithFixedSleep(maxRetries=10, sleepTime=1000 MILLISECONDS)
2019-09-27 09:15:42,128 [main] INFO  ipc.Client (Client.java:handleConnectionFailure(948)) - Retrying connect to server: localhost/127.0.0.1:0. Already tried 6 time(s); retry policy is RetryUpToMaximumCountWithFixedSleep(maxRetries=10, sleepTime=1000 MILLISECONDS)
2019-09-27 09:15:43,130 [main] INFO  ipc.Client (Client.java:handleConnectionFailure(948)) - Retrying connect to server: localhost/127.0.0.1:0. Already tried 7 time(s); retry policy is RetryUpToMaximumCountWithFixedSleep(maxRetries=10, sleepTime=1000 MILLISECONDS)
2019-09-27 09:15:44,131 [main] INFO  ipc.Client (Client.java:handleConnectionFailure(948)) - Retrying connect to server: localhost/127.0.0.1:0. Already tried 8 time(s); retry policy is RetryUpToMaximumCountWithFixedSleep(maxRetries=10, sleepTime=1000 MILLISECONDS)
2019-09-27 09:15:45,132 [main] INFO  ipc.Client (Client.java:handleConnectionFailure(948)) - Retrying connect to server: localhost/127.0.0.1:0. Already tried 9 time(s); retry policy is RetryUpToMaximumCountWithFixedSleep(maxRetries=10, sleepTime=1000 MILLISECONDS)
2019-09-27 09:15:45,134 [main] INFO  retry.RetryInvocationHandler (RetryInvocationHandler.java:log(411)) - com.google.protobuf.ServiceException: java.net.ConnectException: Your endpoint configuration is wrong; For more details see:  http://wiki.apache.org/hadoop/UnsetHostnameOrPort, while invoking $Proxy35.submitRequest over nodeId=null,nodeAddress=127.0.0.1:0 after 7 failover attempts. Trying to failover immediately.
2019-09-27 09:15:46,135 [main] INFO  ipc.Client (Client.java:handleConnectionFailure(948)) - Retrying connect to server: localhost/127.0.0.1:0. Already tried 0 time(s); retry policy is RetryUpToMaximumCountWithFixedSleep(maxRetries=10, sleepTime=1000 MILLISECONDS)
2019-09-27 09:15:47,136 [main] INFO  ipc.Client (Client.java:handleConnectionFailure(948)) - Retrying connect to server: localhost/127.0.0.1:0. Already tried 1 time(s); retry policy is RetryUpToMaximumCountWithFixedSleep(maxRetries=10, sleepTime=1000 MILLISECONDS)
2019-09-27 09:15:48,139 [main] INFO  ipc.Client (Client.java:handleConnectionFailure(948)) - Retrying connect to server: localhost/127.0.0.1:0. Already tried 2 time(s); retry policy is RetryUpToMaximumCountWithFixedSleep(maxRetries=10, sleepTime=1000 MILLISECONDS)
2019-09-27 09:15:49,141 [main] INFO  ipc.Client (Client.java:handleConnectionFailure(948)) - Retrying connect to server: localhost/127.0.0.1:0. Already tried 3 time(s); retry policy is RetryUpToMaximumCountWithFixedSleep(maxRetries=10, sleepTime=1000 MILLISECONDS)
2019-09-27 09:15:50,142 [main] INFO  ipc.Client (Client.java:handleConnectionFailure(948)) - Retrying connect to server: localhost/127.0.0.1:0. Already tried 4 time(s); retry policy is RetryUpToMaximumCountWithFixedSleep(maxRetries=10, sleepTime=1000 MILLISECONDS)
2019-09-27 09:15:51,143 [main] INFO  ipc.Client (Client.java:handleConnectionFailure(948)) - Retrying connect to server: localhost/127.0.0.1:0. Already tried 5 time(s); retry policy is RetryUpToMaximumCountWithFixedSleep(maxRetries=10, sleepTime=1000 MILLISECONDS)
2019-09-27 09:15:52,144 [main] INFO  ipc.Client (Client.java:handleConnectionFailure(948)) - Retrying connect to server: localhost/127.0.0.1:0. Already tried 6 time(s); retry policy is RetryUpToMaximumCountWithFixedSleep(maxRetries=10, sleepTime=1000 MILLISECONDS)
2019-09-27 09:15:53,145 [main] INFO  ipc.Client (Client.java:handleConnectionFailure(948)) - Retrying connect to server: localhost/127.0.0.1:0. Already tried 7 time(s); retry policy is RetryUpToMaximumCountWithFixedSleep(maxRetries=10, sleepTime=1000 MILLISECONDS)
2019-09-27 09:15:54,147 [main] INFO  ipc.Client (Client.java:handleConnectionFailure(948)) - Retrying connect to server: localhost/127.0.0.1:0. Already tried 8 time(s); retry policy is RetryUpToMaximumCountWithFixedSleep(maxRetries=10, sleepTime=1000 MILLISECONDS)
2019-09-27 09:15:55,148 [main] INFO  ipc.Client (Client.java:handleConnectionFailure(948)) - Retrying connect to server: localhost/127.0.0.1:0. Already tried 9 time(s); retry policy is RetryUpToMaximumCountWithFixedSleep(maxRetries=10, sleepTime=1000 MILLISECONDS)
2019-09-27 09:15:55,150 [main] INFO  retry.RetryInvocationHandler (RetryInvocationHandler.java:log(411)) - com.google.protobuf.ServiceException: java.net.ConnectException: Your endpoint configuration is wrong; For more details see:  http://wiki.apache.org/hadoop/UnsetHostnameOrPort, while invoking $Proxy35.submitRequest over nodeId=null,nodeAddress=127.0.0.1:0 after 8 failover attempts. Trying to failover immediately.
2019-09-27 09:15:56,151 [main] INFO  ipc.Client (Client.java:handleConnectionFailure(948)) - Retrying connect to server: localhost/127.0.0.1:0. Already tried 0 time(s); retry policy is RetryUpToMaximumCountWithFixedSleep(maxRetries=10, sleepTime=1000 MILLISECONDS)
2019-09-27 09:15:57,153 [main] INFO  ipc.Client (Client.java:handleConnectionFailure(948)) - Retrying connect to server: localhost/127.0.0.1:0. Already tried 1 time(s); retry policy is RetryUpToMaximumCountWithFixedSleep(maxRetries=10, sleepTime=1000 MILLISECONDS)
2019-09-27 09:15:58,154 [main] INFO  ipc.Client (Client.java:handleConnectionFailure(948)) - Retrying connect to server: localhost/127.0.0.1:0. Already tried 2 time(s); retry policy is RetryUpToMaximumCountWithFixedSleep(maxRetries=10, sleepTime=1000 MILLISECONDS)
2019-09-27 09:15:59,156 [main] INFO  ipc.Client (Client.java:handleConnectionFailure(948)) - Retrying connect to server: localhost/127.0.0.1:0. Already tried 3 time(s); retry policy is RetryUpToMaximumCountWithFixedSleep(maxRetries=10, sleepTime=1000 MILLISECONDS)
2019-09-27 09:16:00,157 [main] INFO  ipc.Client (Client.java:handleConnectionFailure(948)) - Retrying connect to server: localhost/127.0.0.1:0. Already tried 4 time(s); retry policy is RetryUpToMaximumCountWithFixedSleep(maxRetries=10, sleepTime=1000 MILLISECONDS)
2019-09-27 09:16:01,158 [main] INFO  ipc.Client (Client.java:handleConnectionFailure(948)) - Retrying connect to server: localhost/127.0.0.1:0. Already tried 5 time(s); retry policy is RetryUpToMaximumCountWithFixedSleep(maxRetries=10, sleepTime=1000 MILLISECONDS)
2019-09-27 09:16:02,160 [main] INFO  ipc.Client (Client.java:handleConnectionFailure(948)) - Retrying connect to server: localhost/127.0.0.1:0. Already tried 6 time(s); retry policy is RetryUpToMaximumCountWithFixedSleep(maxRetries=10, sleepTime=1000 MILLISECONDS)
2019-09-27 09:16:03,161 [main] INFO  ipc.Client (Client.java:handleConnectionFailure(948)) - Retrying connect to server: localhost/127.0.0.1:0. Already tried 7 time(s); retry policy is RetryUpToMaximumCountWithFixedSleep(maxRetries=10, sleepTime=1000 MILLISECONDS)
2019-09-27 09:16:04,162 [main] INFO  ipc.Client (Client.java:handleConnectionFailure(948)) - Retrying connect to server: localhost/127.0.0.1:0. Already tried 8 time(s); retry policy is RetryUpToMaximumCountWithFixedSleep(maxRetries=10, sleepTime=1000 MILLISECONDS)
2019-09-27 09:16:05,163 [main] INFO  ipc.Client (Client.java:handleConnectionFailure(948)) - Retrying connect to server: localhost/127.0.0.1:0. Already tried 9 time(s); retry policy is RetryUpToMaximumCountWithFixedSleep(maxRetries=10, sleepTime=1000 MILLISECONDS)
2019-09-27 09:16:05,165 [main] INFO  retry.RetryInvocationHandler (RetryInvocationHandler.java:log(411)) - com.google.protobuf.ServiceException: java.net.ConnectException: Your endpoint configuration is wrong; For more details see:  http://wiki.apache.org/hadoop/UnsetHostnameOrPort, while invoking $Proxy35.submitRequest over nodeId=null,nodeAddress=127.0.0.1:0 after 9 failover attempts. Trying to failover immediately.
2019-09-27 09:16:06,166 [main] INFO  ipc.Client (Client.java:handleConnectionFailure(948)) - Retrying connect to server: localhost/127.0.0.1:0. Already tried 0 time(s); retry policy is RetryUpToMaximumCountWithFixedSleep(maxRetries=10, sleepTime=1000 MILLISECONDS)
2019-09-27 09:16:07,167 [main] INFO  ipc.Client (Client.java:handleConnectionFailure(948)) - Retrying connect to server: localhost/127.0.0.1:0. Already tried 1 time(s); retry policy is RetryUpToMaximumCountWithFixedSleep(maxRetries=10, sleepTime=1000 MILLISECONDS)
2019-09-27 09:16:08,168 [main] INFO  ipc.Client (Client.java:handleConnectionFailure(948)) - Retrying connect to server: localhost/127.0.0.1:0. Already tried 2 time(s); retry policy is RetryUpToMaximumCountWithFixedSleep(maxRetries=10, sleepTime=1000 MILLISECONDS)
2019-09-27 09:16:09,169 [main] INFO  ipc.Client (Client.java:handleConnectionFailure(948)) - Retrying connect to server: localhost/127.0.0.1:0. Already tried 3 time(s); retry policy is RetryUpToMaximumCountWithFixedSleep(maxRetries=10, sleepTime=1000 MILLISECONDS)
2019-09-27 09:16:10,171 [main] INFO  ipc.Client (Client.java:handleConnectionFailure(948)) - Retrying connect to server: localhost/127.0.0.1:0. Already tried 4 time(s); retry policy is RetryUpToMaximumCountWithFixedSleep(maxRetries=10, sleepTime=1000 MILLISECONDS)
2019-09-27 09:16:11,172 [main] INFO  ipc.Client (Client.java:handleConnectionFailure(948)) - Retrying connect to server: localhost/127.0.0.1:0. Already tried 5 time(s); retry policy is RetryUpToMaximumCountWithFixedSleep(maxRetries=10, sleepTime=1000 MILLISECONDS)
2019-09-27 09:16:12,173 [main] INFO  ipc.Client (Client.java:handleConnectionFailure(948)) - Retrying connect to server: localhost/127.0.0.1:0. Already tried 6 time(s); retry policy is RetryUpToMaximumCountWithFixedSleep(maxRetries=10, sleepTime=1000 MILLISECONDS)
2019-09-27 09:16:13,175 [main] INFO  ipc.Client (Client.java:handleConnectionFailure(948)) - Retrying connect to server: localhost/127.0.0.1:0. Already tried 7 time(s); retry policy is RetryUpToMaximumCountWithFixedSleep(maxRetries=10, sleepTime=1000 MILLISECONDS)
2019-09-27 09:16:14,178 [main] INFO  ipc.Client (Client.java:handleConnectionFailure(948)) - Retrying connect to server: localhost/127.0.0.1:0. Already tried 8 time(s); retry policy is RetryUpToMaximumCountWithFixedSleep(maxRetries=10, sleepTime=1000 MILLISECONDS)
2019-09-27 09:16:15,179 [main] INFO  ipc.Client (Client.java:handleConnectionFailure(948)) - Retrying connect to server: localhost/127.0.0.1:0. Already tried 9 time(s); retry policy is RetryUpToMaximumCountWithFixedSleep(maxRetries=10, sleepTime=1000 MILLISECONDS)
2019-09-27 09:16:15,181 [main] ERROR ha.OMFailoverProxyProvider (OzoneManagerProtocolClientSideTranslatorPB.java:getRetryAction(268)) - Failed to connect to OM. Attempted 10 retries and 10 failovers
2019-09-27 09:16:15,186 [main] ERROR client.OzoneClientFactory (OzoneClientFactory.java:getClientProtocol(259)) - Couldn't create RpcClient protocol exception: 
java.net.ConnectException: Your endpoint configuration is wrong; For more details see:  http://wiki.apache.org/hadoop/UnsetHostnameOrPort
	at sun.reflect.NativeConstructorAccessorImpl.newInstance0(Native Method)
	at sun.reflect.NativeConstructorAccessorImpl.newInstance(NativeConstructorAccessorImpl.java:62)
	at sun.reflect.DelegatingConstructorAccessorImpl.newInstance(DelegatingConstructorAccessorImpl.java:45)
	at java.lang.reflect.Constructor.newInstance(Constructor.java:423)
	at org.apache.hadoop.net.NetUtils.wrapWithMessage(NetUtils.java:831)
	at org.apache.hadoop.net.NetUtils.wrapException(NetUtils.java:751)
	at org.apache.hadoop.ipc.Client.getRpcResponse(Client.java:1515)
	at org.apache.hadoop.ipc.Client.call(Client.java:1457)
	at org.apache.hadoop.ipc.Client.call(Client.java:1367)
	at org.apache.hadoop.ipc.ProtobufRpcEngine$Invoker.invoke(ProtobufRpcEngine.java:228)
	at org.apache.hadoop.ipc.ProtobufRpcEngine$Invoker.invoke(ProtobufRpcEngine.java:116)
	at com.sun.proxy.$Proxy35.submitRequest(Unknown Source)
	at sun.reflect.NativeMethodAccessorImpl.invoke0(Native Method)
	at sun.reflect.NativeMethodAccessorImpl.invoke(NativeMethodAccessorImpl.java:62)
	at sun.reflect.DelegatingMethodAccessorImpl.invoke(DelegatingMethodAccessorImpl.java:43)
	at java.lang.reflect.Method.invoke(Method.java:498)
	at org.apache.hadoop.io.retry.RetryInvocationHandler.invokeMethod(RetryInvocationHandler.java:422)
	at org.apache.hadoop.io.retry.RetryInvocationHandler$Call.invokeMethod(RetryInvocationHandler.java:165)
	at org.apache.hadoop.io.retry.RetryInvocationHandler$Call.invoke(RetryInvocationHandler.java:157)
	at org.apache.hadoop.io.retry.RetryInvocationHandler$Call.invokeOnce(RetryInvocationHandler.java:95)
	at org.apache.hadoop.io.retry.RetryInvocationHandler.invoke(RetryInvocationHandler.java:359)
	at com.sun.proxy.$Proxy35.submitRequest(Unknown Source)
	at org.apache.hadoop.ozone.om.protocolPB.OzoneManagerProtocolClientSideTranslatorPB.submitRequest(OzoneManagerProtocolClientSideTranslatorPB.java:338)
	at org.apache.hadoop.ozone.om.protocolPB.OzoneManagerProtocolClientSideTranslatorPB.getServiceInfo(OzoneManagerProtocolClientSideTranslatorPB.java:1223)
	at sun.reflect.NativeMethodAccessorImpl.invoke0(Native Method)
	at sun.reflect.NativeMethodAccessorImpl.invoke(NativeMethodAccessorImpl.java:62)
	at sun.reflect.DelegatingMethodAccessorImpl.invoke(DelegatingMethodAccessorImpl.java:43)
	at java.lang.reflect.Method.invoke(Method.java:498)
	at org.apache.hadoop.hdds.tracing.TraceAllMethod.invoke(TraceAllMethod.java:66)
	at com.sun.proxy.$Proxy36.getServiceInfo(Unknown Source)
	at org.apache.hadoop.ozone.client.rpc.RpcClient.<init>(RpcClient.java:154)
	at org.apache.hadoop.ozone.client.OzoneClientFactory.getClientProtocol(OzoneClientFactory.java:256)
	at org.apache.hadoop.ozone.client.OzoneClientFactory.getClientProtocol(OzoneClientFactory.java:239)
	at org.apache.hadoop.ozone.client.OzoneClientFactory.getClient(OzoneClientFactory.java:75)
	at org.apache.hadoop.ozone.client.rpc.TestFailureHandlingByClient.init(TestFailureHandlingByClient.java:111)
	at org.apache.hadoop.ozone.client.rpc.TestFailureHandlingByClient.startCluster(TestFailureHandlingByClient.java:121)
	at org.apache.hadoop.ozone.client.rpc.TestFailureHandlingByClient.testPipelineExclusionWithPipelineFailure(TestFailureHandlingByClient.java:345)
	at sun.reflect.NativeMethodAccessorImpl.invoke0(Native Method)
	at sun.reflect.NativeMethodAccessorImpl.invoke(NativeMethodAccessorImpl.java:62)
	at sun.reflect.DelegatingMethodAccessorImpl.invoke(DelegatingMethodAccessorImpl.java:43)
	at java.lang.reflect.Method.invoke(Method.java:498)
	at org.junit.runners.model.FrameworkMethod$1.runReflectiveCall(FrameworkMethod.java:47)
	at org.junit.internal.runners.model.ReflectiveCallable.run(ReflectiveCallable.java:12)
	at org.junit.runners.model.FrameworkMethod.invokeExplosively(FrameworkMethod.java:44)
	at org.junit.internal.runners.statements.InvokeMethod.evaluate(InvokeMethod.java:17)
	at org.junit.internal.runners.statements.RunAfters.evaluate(RunAfters.java:27)
	at org.junit.runners.ParentRunner.runLeaf(ParentRunner.java:271)
	at org.junit.runners.BlockJUnit4ClassRunner.runChild(BlockJUnit4ClassRunner.java:70)
	at org.junit.runners.BlockJUnit4ClassRunner.runChild(BlockJUnit4ClassRunner.java:50)
	at org.junit.runners.ParentRunner$3.run(ParentRunner.java:238)
	at org.junit.runners.ParentRunner$1.schedule(ParentRunner.java:63)
	at org.junit.runners.ParentRunner.runChildren(ParentRunner.java:236)
	at org.junit.runners.ParentRunner.access$000(ParentRunner.java:53)
	at org.junit.runners.ParentRunner$2.evaluate(ParentRunner.java:229)
	at org.junit.runners.ParentRunner.run(ParentRunner.java:309)
	at org.apache.maven.surefire.junit4.JUnit4Provider.execute(JUnit4Provider.java:365)
	at org.apache.maven.surefire.junit4.JUnit4Provider.executeWithRerun(JUnit4Provider.java:273)
	at org.apache.maven.surefire.junit4.JUnit4Provider.executeTestSet(JUnit4Provider.java:238)
	at org.apache.maven.surefire.junit4.JUnit4Provider.invoke(JUnit4Provider.java:159)
	at org.apache.maven.surefire.booter.ForkedBooter.invokeProviderInSameClassLoader(ForkedBooter.java:384)
	at org.apache.maven.surefire.booter.ForkedBooter.runSuitesInProcess(ForkedBooter.java:345)
	at org.apache.maven.surefire.booter.ForkedBooter.execute(ForkedBooter.java:126)
	at org.apache.maven.surefire.booter.ForkedBooter.main(ForkedBooter.java:418)
Caused by: java.net.ConnectException: Connection refused
	at sun.nio.ch.SocketChannelImpl.checkConnect(Native Method)
	at sun.nio.ch.SocketChannelImpl.finishConnect(SocketChannelImpl.java:717)
	at org.apache.hadoop.net.SocketIOWithTimeout.connect(SocketIOWithTimeout.java:206)
	at org.apache.hadoop.net.NetUtils.connect(NetUtils.java:531)
	at org.apache.hadoop.ipc.Client$Connection.setupConnection(Client.java:690)
	at org.apache.hadoop.ipc.Client$Connection.setupIOstreams(Client.java:794)
	at org.apache.hadoop.ipc.Client$Connection.access$3700(Client.java:411)
	at org.apache.hadoop.ipc.Client.getConnection(Client.java:1572)
	at org.apache.hadoop.ipc.Client.call(Client.java:1403)
	... 55 more
2019-09-27 09:16:15,191 [main] INFO  ozone.MiniOzoneClusterImpl (MiniOzoneClusterImpl.java:shutdown(314)) - Shutting down the Mini Ozone Cluster
2019-09-27 09:16:15,192 [main] INFO  ozone.MiniOzoneClusterImpl (MiniOzoneClusterImpl.java:stop(330)) - Stopping the Mini Ozone Cluster
2019-09-27 09:16:15,193 [main] INFO  ozone.MiniOzoneClusterImpl (MiniOzoneClusterImpl.java:stopOM(400)) - Stopping the OzoneManager
2019-09-27 09:16:15,193 [main] INFO  ipc.Server (Server.java:stop(3082)) - Stopping server on 34454
2019-09-27 09:16:15,208 [IPC Server listener on 34454] INFO  ipc.Server (Server.java:run(1185)) - Stopping IPC Server listener on 34454
2019-09-27 09:16:15,208 [main] INFO  ratis.OzoneManagerDoubleBuffer (OzoneManagerDoubleBuffer.java:stop(248)) - Stopping OMDoubleBuffer flush thread
2019-09-27 09:16:15,214 [IPC Server Responder] INFO  ipc.Server (Server.java:run(1319)) - Stopping IPC Server Responder
2019-09-27 09:16:15,227 [OMDoubleBufferFlushThread] INFO  ratis.OzoneManagerDoubleBuffer (OzoneManagerDoubleBuffer.java:flushTransactions(191)) - OMDoubleBuffer flush thread OMDoubleBufferFlushThread is interrupted and will exit. OMDoubleBufferFlushThread
2019-09-27 09:16:15,247 [main] INFO  utils.BackgroundService (BackgroundService.java:shutdown(148)) - Shutting down service KeyDeletingService
2019-09-27 09:16:15,273 [main] INFO  handler.ContextHandler (ContextHandler.java:doStop(910)) - Stopped o.e.j.w.WebAppContext@4af46df3{/,null,UNAVAILABLE}{/ozoneManager}
2019-09-27 09:16:15,280 [main] INFO  server.AbstractConnector (AbstractConnector.java:doStop(318)) - Stopped ServerConnector@4158debd{HTTP/1.1,[http/1.1]}{0.0.0.0:0}
2019-09-27 09:16:15,280 [main] INFO  handler.ContextHandler (ContextHandler.java:doStop(910)) - Stopped o.e.j.s.ServletContextHandler@963176{/static,file:///workdir/hadoop-ozone/integration-test/target/test-classes/webapps/static,UNAVAILABLE}
2019-09-27 09:16:15,281 [main] INFO  handler.ContextHandler (ContextHandler.java:doStop(910)) - Stopped o.e.j.s.ServletContextHandler@3a627c80{/logs,file:///workdir/hadoop-ozone/integration-test/target/log,UNAVAILABLE}
2019-09-27 09:16:15,287 [main] INFO  ozone.MiniOzoneClusterImpl (MiniOzoneClusterImpl.java:stopDatanodes(377)) - Stopping the HddsDatanodes
2019-09-27 09:16:16,088 [Datanode State Machine Thread - 0] INFO  statemachine.DatanodeStateMachine (DatanodeStateMachine.java:lambda$startDaemon$0(350)) - Ozone container server started.
2019-09-27 09:16:16,089 [Datanode State Machine Thread - 0] INFO  statemachine.DatanodeStateMachine (DatanodeStateMachine.java:lambda$startDaemon$0(350)) - Ozone container server started.
2019-09-27 09:16:20,290 [ForkJoinPool.commonPool-worker-0] INFO  ozoneimpl.OzoneContainer (OzoneContainer.java:stop(231)) - Attempting to stop container services.
2019-09-27 09:16:20,290 [main] INFO  ozoneimpl.OzoneContainer (OzoneContainer.java:stop(231)) - Attempting to stop container services.
2019-09-27 09:16:20,291 [ForkJoinPool.commonPool-worker-0] INFO  impl.RaftServerProxy (RaftServerProxy.java:lambda$close$4(314)) - e31a64e7-7f72-4df5-b5f7-b27bcc72e3f7: close
2019-09-27 09:16:20,292 [main] INFO  impl.RaftServerProxy (RaftServerProxy.java:lambda$close$4(314)) - d31f9c36-f111-497e-b7b9-765da331cca9: close
2019-09-27 09:16:20,293 [main] INFO  impl.RaftServerImpl (RaftServerImpl.java:lambda$shutdown$3(251)) - d31f9c36-f111-497e-b7b9-765da331cca9@group-00187214588B: shutdown
2019-09-27 09:16:20,293 [ForkJoinPool.commonPool-worker-0] INFO  impl.RaftServerImpl (RaftServerImpl.java:lambda$shutdown$3(251)) - e31a64e7-7f72-4df5-b5f7-b27bcc72e3f7@group-5E9CB7C49846: shutdown
2019-09-27 09:16:20,293 [main] INFO  util.JmxRegister (JmxRegister.java:unregister(73)) - Successfully un-registered JMX Bean with object name Ratis:service=RaftServer,group=group-00187214588B,id=d31f9c36-f111-497e-b7b9-765da331cca9
2019-09-27 09:16:20,294 [ForkJoinPool.commonPool-worker-0] INFO  util.JmxRegister (JmxRegister.java:unregister(73)) - Successfully un-registered JMX Bean with object name Ratis:service=RaftServer,group=group-5E9CB7C49846,id=e31a64e7-7f72-4df5-b5f7-b27bcc72e3f7
2019-09-27 09:16:20,294 [main] INFO  impl.RoleInfo (RoleInfo.java:shutdownLeaderState(104)) - d31f9c36-f111-497e-b7b9-765da331cca9: shutdown LeaderState
2019-09-27 09:16:20,294 [ForkJoinPool.commonPool-worker-0] INFO  impl.RoleInfo (RoleInfo.java:shutdownLeaderState(104)) - e31a64e7-7f72-4df5-b5f7-b27bcc72e3f7: shutdown LeaderState
2019-09-27 09:16:20,294 [main] INFO  impl.PendingRequests (PendingRequests.java:sendNotLeaderResponses(202)) - d31f9c36-f111-497e-b7b9-765da331cca9-PendingRequests: sendNotLeaderResponses
2019-09-27 09:16:20,294 [ForkJoinPool.commonPool-worker-0] INFO  impl.PendingRequests (PendingRequests.java:sendNotLeaderResponses(202)) - e31a64e7-7f72-4df5-b5f7-b27bcc72e3f7-PendingRequests: sendNotLeaderResponses
2019-09-27 09:16:20,299 [main] INFO  impl.StateMachineUpdater (StateMachineUpdater.java:stopAndJoin(125)) - d31f9c36-f111-497e-b7b9-765da331cca9@group-00187214588B-StateMachineUpdater: set stopIndex = 0
2019-09-27 09:16:20,299 [ForkJoinPool.commonPool-worker-0] INFO  impl.StateMachineUpdater (StateMachineUpdater.java:stopAndJoin(125)) - e31a64e7-7f72-4df5-b5f7-b27bcc72e3f7@group-5E9CB7C49846-StateMachineUpdater: set stopIndex = 0
2019-09-27 09:16:20,301 [ForkJoinPool.commonPool-worker-0] INFO  impl.RaftServerImpl (ServerState.java:close(385)) - e31a64e7-7f72-4df5-b5f7-b27bcc72e3f7@group-5E9CB7C49846: closes. applyIndex: 0
2019-09-27 09:16:20,302 [main] INFO  impl.RaftServerImpl (ServerState.java:close(385)) - d31f9c36-f111-497e-b7b9-765da331cca9@group-00187214588B: closes. applyIndex: 0
2019-09-27 09:16:20,304 [e31a64e7-7f72-4df5-b5f7-b27bcc72e3f7@group-5E9CB7C49846-SegmentedRaftLogWorker] INFO  segmented.SegmentedRaftLogWorker (SegmentedRaftLogWorker.java:run(313)) - e31a64e7-7f72-4df5-b5f7-b27bcc72e3f7@group-5E9CB7C49846-SegmentedRaftLogWorker was interrupted, exiting. There are 0 tasks remaining in the queue.
2019-09-27 09:16:20,304 [d31f9c36-f111-497e-b7b9-765da331cca9@group-00187214588B-SegmentedRaftLogWorker] INFO  segmented.SegmentedRaftLogWorker (SegmentedRaftLogWorker.java:run(313)) - d31f9c36-f111-497e-b7b9-765da331cca9@group-00187214588B-SegmentedRaftLogWorker was interrupted, exiting. There are 0 tasks remaining in the queue.
2019-09-27 09:16:20,307 [ForkJoinPool.commonPool-worker-0] INFO  segmented.SegmentedRaftLogWorker (SegmentedRaftLogWorker.java:close(228)) - e31a64e7-7f72-4df5-b5f7-b27bcc72e3f7@group-5E9CB7C49846-SegmentedRaftLogWorker close()
2019-09-27 09:16:20,307 [main] INFO  segmented.SegmentedRaftLogWorker (SegmentedRaftLogWorker.java:close(228)) - d31f9c36-f111-497e-b7b9-765da331cca9@group-00187214588B-SegmentedRaftLogWorker close()
2019-09-27 09:16:20,314 [ForkJoinPool.commonPool-worker-0] INFO  impl.RaftServerImpl (RaftServerImpl.java:lambda$shutdown$3(251)) - e31a64e7-7f72-4df5-b5f7-b27bcc72e3f7@group-99BA15B9EFBE: shutdown
2019-09-27 09:16:20,314 [main] INFO  impl.RaftServerImpl (RaftServerImpl.java:lambda$shutdown$3(251)) - d31f9c36-f111-497e-b7b9-765da331cca9@group-27CEAF660913: shutdown
2019-09-27 09:16:20,314 [ForkJoinPool.commonPool-worker-0] INFO  util.JmxRegister (JmxRegister.java:unregister(73)) - Successfully un-registered JMX Bean with object name Ratis:service=RaftServer,group=group-99BA15B9EFBE,id=e31a64e7-7f72-4df5-b5f7-b27bcc72e3f7
2019-09-27 09:16:20,314 [main] INFO  util.JmxRegister (JmxRegister.java:unregister(73)) - Successfully un-registered JMX Bean with object name Ratis:service=RaftServer,group=group-27CEAF660913,id=d31f9c36-f111-497e-b7b9-765da331cca9
2019-09-27 09:16:20,314 [ForkJoinPool.commonPool-worker-0] INFO  impl.RoleInfo (RoleInfo.java:shutdownFollowerState(121)) - e31a64e7-7f72-4df5-b5f7-b27bcc72e3f7: shutdown FollowerState
2019-09-27 09:16:20,314 [main] INFO  impl.RoleInfo (RoleInfo.java:shutdownFollowerState(121)) - d31f9c36-f111-497e-b7b9-765da331cca9: shutdown FollowerState
2019-09-27 09:16:20,315 [Thread-367] INFO  impl.FollowerState (FollowerState.java:run(115)) - e31a64e7-7f72-4df5-b5f7-b27bcc72e3f7: FollowerState was interrupted: java.lang.InterruptedException: sleep interrupted
2019-09-27 09:16:20,315 [Thread-422] INFO  impl.FollowerState (FollowerState.java:run(115)) - d31f9c36-f111-497e-b7b9-765da331cca9: FollowerState was interrupted: java.lang.InterruptedException: sleep interrupted
2019-09-27 09:16:20,315 [ForkJoinPool.commonPool-worker-0] INFO  impl.StateMachineUpdater (StateMachineUpdater.java:stopAndJoin(125)) - e31a64e7-7f72-4df5-b5f7-b27bcc72e3f7@group-99BA15B9EFBE-StateMachineUpdater: set stopIndex = 0
2019-09-27 09:16:20,317 [ForkJoinPool.commonPool-worker-0] INFO  impl.RaftServerImpl (ServerState.java:close(385)) - e31a64e7-7f72-4df5-b5f7-b27bcc72e3f7@group-99BA15B9EFBE: closes. applyIndex: 0
2019-09-27 09:16:20,315 [main] INFO  impl.StateMachineUpdater (StateMachineUpdater.java:stopAndJoin(125)) - d31f9c36-f111-497e-b7b9-765da331cca9@group-27CEAF660913-StateMachineUpdater: set stopIndex = 0
2019-09-27 09:16:20,318 [e31a64e7-7f72-4df5-b5f7-b27bcc72e3f7@group-99BA15B9EFBE-SegmentedRaftLogWorker] INFO  segmented.SegmentedRaftLogWorker (SegmentedRaftLogWorker.java:run(313)) - e31a64e7-7f72-4df5-b5f7-b27bcc72e3f7@group-99BA15B9EFBE-SegmentedRaftLogWorker was interrupted, exiting. There are 0 tasks remaining in the queue.
2019-09-27 09:16:20,318 [main] INFO  impl.RaftServerImpl (ServerState.java:close(385)) - d31f9c36-f111-497e-b7b9-765da331cca9@group-27CEAF660913: closes. applyIndex: 0
2019-09-27 09:16:20,320 [ForkJoinPool.commonPool-worker-0] INFO  segmented.SegmentedRaftLogWorker (SegmentedRaftLogWorker.java:close(228)) - e31a64e7-7f72-4df5-b5f7-b27bcc72e3f7@group-99BA15B9EFBE-SegmentedRaftLogWorker close()
2019-09-27 09:16:20,325 [d31f9c36-f111-497e-b7b9-765da331cca9@group-27CEAF660913-SegmentedRaftLogWorker] INFO  segmented.SegmentedRaftLogWorker (SegmentedRaftLogWorker.java:run(313)) - d31f9c36-f111-497e-b7b9-765da331cca9@group-27CEAF660913-SegmentedRaftLogWorker was interrupted, exiting. There are 0 tasks remaining in the queue.
2019-09-27 09:16:20,327 [main] INFO  segmented.SegmentedRaftLogWorker (SegmentedRaftLogWorker.java:close(228)) - d31f9c36-f111-497e-b7b9-765da331cca9@group-27CEAF660913-SegmentedRaftLogWorker close()
2019-09-27 09:16:20,327 [ForkJoinPool.commonPool-worker-0] INFO  server.GrpcService (GrpcService.java:closeImpl(164)) - e31a64e7-7f72-4df5-b5f7-b27bcc72e3f7: shutdown server with port 40680 now
2019-09-27 09:16:20,330 [main] INFO  server.GrpcService (GrpcService.java:closeImpl(164)) - d31f9c36-f111-497e-b7b9-765da331cca9: shutdown server with port 34138 now
2019-09-27 09:16:20,345 [grpc-default-executor-1] WARN  server.GrpcServerProtocolService (LogUtils.java:warn(134)) - d31f9c36-f111-497e-b7b9-765da331cca9: installSnapshot onError, lastRequest: b93e8517-84f8-4f68-bef3-e117f2a0c787->d31f9c36-f111-497e-b7b9-765da331cca9#223-t2, previous=(t:2, i:0), leaderCommit=0, initializing? false, entries: <empty>: org.apache.ratis.thirdparty.io.grpc.StatusRuntimeException: CANCELLED: cancelled before receiving half close
2019-09-27 09:16:20,348 [ForkJoinPool.commonPool-worker-0] INFO  server.GrpcService (GrpcService.java:closeImpl(172)) - e31a64e7-7f72-4df5-b5f7-b27bcc72e3f7: shutdown server with port 40680 successfully
2019-09-27 09:16:20,348 [main] INFO  server.GrpcService (GrpcService.java:closeImpl(172)) - d31f9c36-f111-497e-b7b9-765da331cca9: shutdown server with port 34138 successfully
2019-09-27 09:16:20,345 [grpc-default-executor-2] WARN  server.GrpcServerProtocolService (LogUtils.java:warn(134)) - e31a64e7-7f72-4df5-b5f7-b27bcc72e3f7: installSnapshot onError, lastRequest: 61fa1b65-b974-45b4-9851-06f065a159ca->e31a64e7-7f72-4df5-b5f7-b27bcc72e3f7#225-t1, previous=(t:1, i:0), leaderCommit=0, initializing? false, entries: <empty>: org.apache.ratis.thirdparty.io.grpc.StatusRuntimeException: CANCELLED: cancelled before receiving half close
2019-09-27 09:16:20,349 [grpc-default-executor-4] WARN  server.GrpcLogAppender (LogUtils.java:warn(134)) - 61fa1b65-b974-45b4-9851-06f065a159ca@group-99BA15B9EFBE->e31a64e7-7f72-4df5-b5f7-b27bcc72e3f7-AppendLogResponseHandler: Failed appendEntries: org.apache.ratis.thirdparty.io.grpc.StatusRuntimeException: CANCELLED: HTTP/2 error code: CANCEL
Received Rst Stream
2019-09-27 09:16:20,352 [grpc-default-executor-4] INFO  impl.FollowerInfo (FollowerInfo.java:lambda$new$0(51)) - 61fa1b65-b974-45b4-9851-06f065a159ca@group-99BA15B9EFBE->e31a64e7-7f72-4df5-b5f7-b27bcc72e3f7: nextIndex: updateUnconditionally 1 -> 0
2019-09-27 09:16:20,353 [grpc-default-executor-6] WARN  server.GrpcLogAppender (LogUtils.java:warn(134)) - b93e8517-84f8-4f68-bef3-e117f2a0c787@group-27CEAF660913->d31f9c36-f111-497e-b7b9-765da331cca9-AppendLogResponseHandler: Failed appendEntries: org.apache.ratis.thirdparty.io.grpc.StatusRuntimeException: CANCELLED: HTTP/2 error code: CANCEL
Received Rst Stream
2019-09-27 09:16:20,355 [grpc-default-executor-6] INFO  impl.FollowerInfo (FollowerInfo.java:lambda$new$0(51)) - b93e8517-84f8-4f68-bef3-e117f2a0c787@group-27CEAF660913->d31f9c36-f111-497e-b7b9-765da331cca9: nextIndex: updateUnconditionally 1 -> 0
2019-09-27 09:16:20,367 [refreshUsed-/workdir/hadoop-ozone/integration-test/target/test-dir/MiniOzoneClusterImpl-306848a7-f3db-4b9e-8a0f-7b9627716070/datanode-2/data/containers] WARN  fs.CachingGetSpaceUsed (CachingGetSpaceUsed.java:run(183)) - Thread Interrupted waiting to refresh disk information: sleep interrupted
2019-09-27 09:16:20,367 [refreshUsed-/workdir/hadoop-ozone/integration-test/target/test-dir/MiniOzoneClusterImpl-306848a7-f3db-4b9e-8a0f-7b9627716070/datanode-5/data/containers] WARN  fs.CachingGetSpaceUsed (CachingGetSpaceUsed.java:run(183)) - Thread Interrupted waiting to refresh disk information: sleep interrupted
2019-09-27 09:16:20,385 [main] INFO  utils.BackgroundService (BackgroundService.java:shutdown(148)) - Shutting down service BlockDeletingService
2019-09-27 09:16:20,388 [ForkJoinPool.commonPool-worker-0] INFO  utils.BackgroundService (BackgroundService.java:shutdown(148)) - Shutting down service BlockDeletingService
2019-09-27 09:16:20,393 [main] INFO  statemachine.DatanodeStateMachine (DatanodeStateMachine.java:stopDaemon(395)) - Ozone container server stopped.
2019-09-27 09:16:20,395 [ForkJoinPool.commonPool-worker-0] INFO  statemachine.DatanodeStateMachine (DatanodeStateMachine.java:stopDaemon(395)) - Ozone container server stopped.
2019-09-27 09:16:20,400 [ForkJoinPool.commonPool-worker-0] INFO  handler.ContextHandler (ContextHandler.java:doStop(910)) - Stopped o.e.j.w.WebAppContext@74174a23{/,null,UNAVAILABLE}{/hddsDatanode}
2019-09-27 09:16:20,400 [main] INFO  handler.ContextHandler (ContextHandler.java:doStop(910)) - Stopped o.e.j.w.WebAppContext@254f906e{/,null,UNAVAILABLE}{/hddsDatanode}
2019-09-27 09:16:20,401 [ForkJoinPool.commonPool-worker-0] INFO  server.AbstractConnector (AbstractConnector.java:doStop(318)) - Stopped ServerConnector@6342d610{HTTP/1.1,[http/1.1]}{0.0.0.0:0}
2019-09-27 09:16:20,401 [main] INFO  server.AbstractConnector (AbstractConnector.java:doStop(318)) - Stopped ServerConnector@3d0035d2{HTTP/1.1,[http/1.1]}{0.0.0.0:0}
2019-09-27 09:16:20,402 [ForkJoinPool.commonPool-worker-0] INFO  handler.ContextHandler (ContextHandler.java:doStop(910)) - Stopped o.e.j.s.ServletContextHandler@151bf776{/static,jar:file:/home/user/.m2/repository/org/apache/hadoop/hadoop-hdds-container-service/0.5.0-SNAPSHOT/hadoop-hdds-container-service-0.5.0-SNAPSHOT.jar!/webapps/static,UNAVAILABLE}
2019-09-27 09:16:20,403 [main] INFO  handler.ContextHandler (ContextHandler.java:doStop(910)) - Stopped o.e.j.s.ServletContextHandler@3d96fa9e{/static,jar:file:/home/user/.m2/repository/org/apache/hadoop/hadoop-hdds-container-service/0.5.0-SNAPSHOT/hadoop-hdds-container-service-0.5.0-SNAPSHOT.jar!/webapps/static,UNAVAILABLE}
2019-09-27 09:16:20,404 [ForkJoinPool.commonPool-worker-0] INFO  handler.ContextHandler (ContextHandler.java:doStop(910)) - Stopped o.e.j.s.ServletContextHandler@4faa298{/logs,file:///workdir/hadoop-ozone/integration-test/target/log,UNAVAILABLE}
2019-09-27 09:16:20,404 [main] INFO  handler.ContextHandler (ContextHandler.java:doStop(910)) - Stopped o.e.j.s.ServletContextHandler@74170687{/logs,file:///workdir/hadoop-ozone/integration-test/target/log,UNAVAILABLE}
2019-09-27 09:16:20,442 [grpc-default-executor-6] WARN  server.GrpcLogAppender (LogUtils.java:warn(134)) - 61fa1b65-b974-45b4-9851-06f065a159ca@group-99BA15B9EFBE->e31a64e7-7f72-4df5-b5f7-b27bcc72e3f7-AppendLogResponseHandler: Failed appendEntries: org.apache.ratis.thirdparty.io.grpc.StatusRuntimeException: UNAVAILABLE: io exception
2019-09-27 09:16:20,442 [grpc-default-executor-4] WARN  server.GrpcLogAppender (LogUtils.java:warn(134)) - b93e8517-84f8-4f68-bef3-e117f2a0c787@group-27CEAF660913->d31f9c36-f111-497e-b7b9-765da331cca9-AppendLogResponseHandler: Failed appendEntries: org.apache.ratis.thirdparty.io.grpc.StatusRuntimeException: UNAVAILABLE: io exception
2019-09-27 09:16:20,445 [grpc-default-executor-6] INFO  impl.FollowerInfo (FollowerInfo.java:lambda$new$0(51)) - 61fa1b65-b974-45b4-9851-06f065a159ca@group-99BA15B9EFBE->e31a64e7-7f72-4df5-b5f7-b27bcc72e3f7: nextIndex: updateUnconditionally 0 -> 0
2019-09-27 09:16:20,445 [grpc-default-executor-4] INFO  impl.FollowerInfo (FollowerInfo.java:lambda$new$0(51)) - b93e8517-84f8-4f68-bef3-e117f2a0c787@group-27CEAF660913->d31f9c36-f111-497e-b7b9-765da331cca9: nextIndex: updateUnconditionally 0 -> 0
2019-09-27 09:16:20,940 [grpc-default-executor-0] WARN  server.GrpcLogAppender (LogUtils.java:warn(134)) - b93e8517-84f8-4f68-bef3-e117f2a0c787@group-27CEAF660913->d31f9c36-f111-497e-b7b9-765da331cca9-AppendLogResponseHandler: Failed appendEntries: org.apache.ratis.thirdparty.io.grpc.StatusRuntimeException: UNAVAILABLE: io exception
2019-09-27 09:16:20,940 [grpc-default-executor-4] WARN  server.GrpcLogAppender (LogUtils.java:warn(134)) - 61fa1b65-b974-45b4-9851-06f065a159ca@group-99BA15B9EFBE->e31a64e7-7f72-4df5-b5f7-b27bcc72e3f7-AppendLogResponseHandler: Failed appendEntries: org.apache.ratis.thirdparty.io.grpc.StatusRuntimeException: UNAVAILABLE: io exception
2019-09-27 09:16:20,944 [grpc-default-executor-0] INFO  impl.FollowerInfo (FollowerInfo.java:lambda$new$0(51)) - b93e8517-84f8-4f68-bef3-e117f2a0c787@group-27CEAF660913->d31f9c36-f111-497e-b7b9-765da331cca9: nextIndex: updateUnconditionally 0 -> 0
2019-09-27 09:16:20,946 [grpc-default-executor-4] INFO  impl.FollowerInfo (FollowerInfo.java:lambda$new$0(51)) - 61fa1b65-b974-45b4-9851-06f065a159ca@group-99BA15B9EFBE->e31a64e7-7f72-4df5-b5f7-b27bcc72e3f7: nextIndex: updateUnconditionally 0 -> 0
2019-09-27 09:16:21,082 [Datanode State Machine Thread - 0] INFO  statemachine.DatanodeStateMachine (DatanodeStateMachine.java:lambda$startDaemon$0(350)) - Ozone container server started.
2019-09-27 09:16:21,174 [Datanode State Machine Thread - 0] INFO  statemachine.DatanodeStateMachine (DatanodeStateMachine.java:lambda$startDaemon$0(350)) - Ozone container server started.
2019-09-27 09:16:21,439 [grpc-default-executor-1] WARN  server.GrpcLogAppender (LogUtils.java:warn(134)) - b93e8517-84f8-4f68-bef3-e117f2a0c787@group-27CEAF660913->d31f9c36-f111-497e-b7b9-765da331cca9-AppendLogResponseHandler: Failed appendEntries: org.apache.ratis.thirdparty.io.grpc.StatusRuntimeException: UNAVAILABLE: io exception
2019-09-27 09:16:21,442 [grpc-default-executor-0] WARN  server.GrpcLogAppender (LogUtils.java:warn(134)) - 61fa1b65-b974-45b4-9851-06f065a159ca@group-99BA15B9EFBE->e31a64e7-7f72-4df5-b5f7-b27bcc72e3f7-AppendLogResponseHandler: Failed appendEntries: org.apache.ratis.thirdparty.io.grpc.StatusRuntimeException: UNAVAILABLE: io exception
2019-09-27 09:16:21,442 [grpc-default-executor-1] INFO  impl.FollowerInfo (FollowerInfo.java:lambda$new$0(51)) - b93e8517-84f8-4f68-bef3-e117f2a0c787@group-27CEAF660913->d31f9c36-f111-497e-b7b9-765da331cca9: nextIndex: updateUnconditionally 0 -> 0
2019-09-27 09:16:21,444 [grpc-default-executor-0] INFO  impl.FollowerInfo (FollowerInfo.java:lambda$new$0(51)) - 61fa1b65-b974-45b4-9851-06f065a159ca@group-99BA15B9EFBE->e31a64e7-7f72-4df5-b5f7-b27bcc72e3f7: nextIndex: updateUnconditionally 0 -> 0
2019-09-27 09:16:21,944 [grpc-default-executor-2] WARN  server.GrpcLogAppender (LogUtils.java:warn(134)) - b93e8517-84f8-4f68-bef3-e117f2a0c787@group-27CEAF660913->d31f9c36-f111-497e-b7b9-765da331cca9-AppendLogResponseHandler: Failed appendEntries: org.apache.ratis.thirdparty.io.grpc.StatusRuntimeException: UNAVAILABLE: io exception
2019-09-27 09:16:21,944 [grpc-default-executor-0] WARN  server.GrpcLogAppender (LogUtils.java:warn(134)) - 61fa1b65-b974-45b4-9851-06f065a159ca@group-99BA15B9EFBE->e31a64e7-7f72-4df5-b5f7-b27bcc72e3f7-AppendLogResponseHandler: Failed appendEntries: org.apache.ratis.thirdparty.io.grpc.StatusRuntimeException: UNAVAILABLE: io exception
2019-09-27 09:16:21,947 [grpc-default-executor-2] INFO  impl.FollowerInfo (FollowerInfo.java:lambda$new$0(51)) - b93e8517-84f8-4f68-bef3-e117f2a0c787@group-27CEAF660913->d31f9c36-f111-497e-b7b9-765da331cca9: nextIndex: updateUnconditionally 0 -> 0
2019-09-27 09:16:21,949 [grpc-default-executor-0] INFO  impl.FollowerInfo (FollowerInfo.java:lambda$new$0(51)) - 61fa1b65-b974-45b4-9851-06f065a159ca@group-99BA15B9EFBE->e31a64e7-7f72-4df5-b5f7-b27bcc72e3f7: nextIndex: updateUnconditionally 0 -> 0
2019-09-27 09:16:22,447 [grpc-default-executor-4] WARN  server.GrpcLogAppender (LogUtils.java:warn(134)) - b93e8517-84f8-4f68-bef3-e117f2a0c787@group-27CEAF660913->d31f9c36-f111-497e-b7b9-765da331cca9-AppendLogResponseHandler: Failed appendEntries: org.apache.ratis.thirdparty.io.grpc.StatusRuntimeException: UNAVAILABLE: io exception
2019-09-27 09:16:22,449 [grpc-default-executor-7] WARN  server.GrpcLogAppender (LogUtils.java:warn(134)) - 61fa1b65-b974-45b4-9851-06f065a159ca@group-99BA15B9EFBE->e31a64e7-7f72-4df5-b5f7-b27bcc72e3f7-AppendLogResponseHandler: Failed appendEntries: org.apache.ratis.thirdparty.io.grpc.StatusRuntimeException: UNAVAILABLE: io exception
2019-09-27 09:16:22,452 [grpc-default-executor-7] INFO  impl.FollowerInfo (FollowerInfo.java:lambda$new$0(51)) - 61fa1b65-b974-45b4-9851-06f065a159ca@group-99BA15B9EFBE->e31a64e7-7f72-4df5-b5f7-b27bcc72e3f7: nextIndex: updateUnconditionally 0 -> 0
2019-09-27 09:16:22,452 [grpc-default-executor-4] INFO  impl.FollowerInfo (FollowerInfo.java:lambda$new$0(51)) - b93e8517-84f8-4f68-bef3-e117f2a0c787@group-27CEAF660913->d31f9c36-f111-497e-b7b9-765da331cca9: nextIndex: updateUnconditionally 0 -> 0
2019-09-27 09:16:22,949 [grpc-default-executor-0] WARN  server.GrpcLogAppender (LogUtils.java:warn(134)) - b93e8517-84f8-4f68-bef3-e117f2a0c787@group-27CEAF660913->d31f9c36-f111-497e-b7b9-765da331cca9-AppendLogResponseHandler: Failed appendEntries: org.apache.ratis.thirdparty.io.grpc.StatusRuntimeException: UNAVAILABLE: io exception
2019-09-27 09:16:22,949 [grpc-default-executor-7] WARN  server.GrpcLogAppender (LogUtils.java:warn(134)) - 61fa1b65-b974-45b4-9851-06f065a159ca@group-99BA15B9EFBE->e31a64e7-7f72-4df5-b5f7-b27bcc72e3f7-AppendLogResponseHandler: Failed appendEntries: org.apache.ratis.thirdparty.io.grpc.StatusRuntimeException: UNAVAILABLE: io exception
2019-09-27 09:16:22,952 [grpc-default-executor-0] INFO  impl.FollowerInfo (FollowerInfo.java:lambda$new$0(51)) - b93e8517-84f8-4f68-bef3-e117f2a0c787@group-27CEAF660913->d31f9c36-f111-497e-b7b9-765da331cca9: nextIndex: updateUnconditionally 0 -> 0
2019-09-27 09:16:22,954 [grpc-default-executor-7] INFO  impl.FollowerInfo (FollowerInfo.java:lambda$new$0(51)) - 61fa1b65-b974-45b4-9851-06f065a159ca@group-99BA15B9EFBE->e31a64e7-7f72-4df5-b5f7-b27bcc72e3f7: nextIndex: updateUnconditionally 0 -> 0
2019-09-27 09:16:23,450 [grpc-default-executor-6] WARN  server.GrpcLogAppender (LogUtils.java:warn(134)) - b93e8517-84f8-4f68-bef3-e117f2a0c787@group-27CEAF660913->d31f9c36-f111-497e-b7b9-765da331cca9-AppendLogResponseHandler: Failed appendEntries: org.apache.ratis.thirdparty.io.grpc.StatusRuntimeException: UNAVAILABLE: io exception
2019-09-27 09:16:23,450 [grpc-default-executor-2] WARN  server.GrpcLogAppender (LogUtils.java:warn(134)) - 61fa1b65-b974-45b4-9851-06f065a159ca@group-99BA15B9EFBE->e31a64e7-7f72-4df5-b5f7-b27bcc72e3f7-AppendLogResponseHandler: Failed appendEntries: org.apache.ratis.thirdparty.io.grpc.StatusRuntimeException: UNAVAILABLE: io exception
2019-09-27 09:16:23,466 [grpc-default-executor-6] INFO  impl.FollowerInfo (FollowerInfo.java:lambda$new$0(51)) - b93e8517-84f8-4f68-bef3-e117f2a0c787@group-27CEAF660913->d31f9c36-f111-497e-b7b9-765da331cca9: nextIndex: updateUnconditionally 0 -> 0
2019-09-27 09:16:23,466 [grpc-default-executor-2] INFO  impl.FollowerInfo (FollowerInfo.java:lambda$new$0(51)) - 61fa1b65-b974-45b4-9851-06f065a159ca@group-99BA15B9EFBE->e31a64e7-7f72-4df5-b5f7-b27bcc72e3f7: nextIndex: updateUnconditionally 0 -> 0
2019-09-27 09:16:23,957 [grpc-default-executor-2] WARN  server.GrpcLogAppender (LogUtils.java:warn(134)) - 61fa1b65-b974-45b4-9851-06f065a159ca@group-99BA15B9EFBE->e31a64e7-7f72-4df5-b5f7-b27bcc72e3f7-AppendLogResponseHandler: Failed appendEntries: org.apache.ratis.thirdparty.io.grpc.StatusRuntimeException: UNAVAILABLE: io exception
2019-09-27 09:16:23,957 [grpc-default-executor-0] WARN  server.GrpcLogAppender (LogUtils.java:warn(134)) - b93e8517-84f8-4f68-bef3-e117f2a0c787@group-27CEAF660913->d31f9c36-f111-497e-b7b9-765da331cca9-AppendLogResponseHandler: Failed appendEntries: org.apache.ratis.thirdparty.io.grpc.StatusRuntimeException: UNAVAILABLE: io exception
2019-09-27 09:16:23,960 [grpc-default-executor-2] INFO  impl.FollowerInfo (FollowerInfo.java:lambda$new$0(51)) - 61fa1b65-b974-45b4-9851-06f065a159ca@group-99BA15B9EFBE->e31a64e7-7f72-4df5-b5f7-b27bcc72e3f7: nextIndex: updateUnconditionally 0 -> 0
2019-09-27 09:16:23,962 [grpc-default-executor-0] INFO  impl.FollowerInfo (FollowerInfo.java:lambda$new$0(51)) - b93e8517-84f8-4f68-bef3-e117f2a0c787@group-27CEAF660913->d31f9c36-f111-497e-b7b9-765da331cca9: nextIndex: updateUnconditionally 0 -> 0
2019-09-27 09:16:24,472 [grpc-default-executor-7] WARN  server.GrpcLogAppender (LogUtils.java:warn(134)) - 61fa1b65-b974-45b4-9851-06f065a159ca@group-99BA15B9EFBE->e31a64e7-7f72-4df5-b5f7-b27bcc72e3f7-AppendLogResponseHandler: Failed appendEntries: org.apache.ratis.thirdparty.io.grpc.StatusRuntimeException: UNAVAILABLE: io exception
2019-09-27 09:16:24,472 [grpc-default-executor-0] WARN  server.GrpcLogAppender (LogUtils.java:warn(134)) - b93e8517-84f8-4f68-bef3-e117f2a0c787@group-27CEAF660913->d31f9c36-f111-497e-b7b9-765da331cca9-AppendLogResponseHandler: Failed appendEntries: org.apache.ratis.thirdparty.io.grpc.StatusRuntimeException: UNAVAILABLE: io exception
2019-09-27 09:16:24,475 [grpc-default-executor-7] INFO  impl.FollowerInfo (FollowerInfo.java:lambda$new$0(51)) - 61fa1b65-b974-45b4-9851-06f065a159ca@group-99BA15B9EFBE->e31a64e7-7f72-4df5-b5f7-b27bcc72e3f7: nextIndex: updateUnconditionally 0 -> 0
2019-09-27 09:16:24,477 [grpc-default-executor-0] INFO  impl.FollowerInfo (FollowerInfo.java:lambda$new$0(51)) - b93e8517-84f8-4f68-bef3-e117f2a0c787@group-27CEAF660913->d31f9c36-f111-497e-b7b9-765da331cca9: nextIndex: updateUnconditionally 0 -> 0
2019-09-27 09:16:24,987 [grpc-default-executor-4] WARN  server.GrpcLogAppender (LogUtils.java:warn(134)) - 61fa1b65-b974-45b4-9851-06f065a159ca@group-99BA15B9EFBE->e31a64e7-7f72-4df5-b5f7-b27bcc72e3f7-AppendLogResponseHandler: Failed appendEntries: org.apache.ratis.thirdparty.io.grpc.StatusRuntimeException: UNAVAILABLE: io exception
2019-09-27 09:16:24,987 [grpc-default-executor-0] WARN  server.GrpcLogAppender (LogUtils.java:warn(134)) - b93e8517-84f8-4f68-bef3-e117f2a0c787@group-27CEAF660913->d31f9c36-f111-497e-b7b9-765da331cca9-AppendLogResponseHandler: Failed appendEntries: org.apache.ratis.thirdparty.io.grpc.StatusRuntimeException: UNAVAILABLE: io exception
2019-09-27 09:16:24,990 [grpc-default-executor-4] INFO  impl.FollowerInfo (FollowerInfo.java:lambda$new$0(51)) - 61fa1b65-b974-45b4-9851-06f065a159ca@group-99BA15B9EFBE->e31a64e7-7f72-4df5-b5f7-b27bcc72e3f7: nextIndex: updateUnconditionally 0 -> 0
2019-09-27 09:16:24,992 [grpc-default-executor-0] INFO  impl.FollowerInfo (FollowerInfo.java:lambda$new$0(51)) - b93e8517-84f8-4f68-bef3-e117f2a0c787@group-27CEAF660913->d31f9c36-f111-497e-b7b9-765da331cca9: nextIndex: updateUnconditionally 0 -> 0
2019-09-27 09:16:25,406 [main] INFO  ozoneimpl.OzoneContainer (OzoneContainer.java:stop(231)) - Attempting to stop container services.
2019-09-27 09:16:25,407 [ForkJoinPool.commonPool-worker-0] INFO  ozoneimpl.OzoneContainer (OzoneContainer.java:stop(231)) - Attempting to stop container services.
2019-09-27 09:16:25,410 [main] INFO  impl.RaftServerProxy (RaftServerProxy.java:lambda$close$4(314)) - 61fa1b65-b974-45b4-9851-06f065a159ca: close
2019-09-27 09:16:25,410 [ForkJoinPool.commonPool-worker-0] INFO  impl.RaftServerProxy (RaftServerProxy.java:lambda$close$4(314)) - 4916977c-f509-42a3-882a-78b49d0e3baf: close
2019-09-27 09:16:25,410 [main] INFO  impl.RaftServerImpl (RaftServerImpl.java:lambda$shutdown$3(251)) - 61fa1b65-b974-45b4-9851-06f065a159ca@group-3BAA14CF0875: shutdown
2019-09-27 09:16:25,410 [ForkJoinPool.commonPool-worker-0] INFO  impl.RaftServerImpl (RaftServerImpl.java:lambda$shutdown$3(251)) - 4916977c-f509-42a3-882a-78b49d0e3baf@group-F50C95E09A97: shutdown
2019-09-27 09:16:25,410 [main] INFO  util.JmxRegister (JmxRegister.java:unregister(73)) - Successfully un-registered JMX Bean with object name Ratis:service=RaftServer,group=group-3BAA14CF0875,id=61fa1b65-b974-45b4-9851-06f065a159ca
2019-09-27 09:16:25,411 [ForkJoinPool.commonPool-worker-0] INFO  util.JmxRegister (JmxRegister.java:unregister(73)) - Successfully un-registered JMX Bean with object name Ratis:service=RaftServer,group=group-F50C95E09A97,id=4916977c-f509-42a3-882a-78b49d0e3baf
2019-09-27 09:16:25,411 [main] INFO  impl.RoleInfo (RoleInfo.java:shutdownLeaderState(104)) - 61fa1b65-b974-45b4-9851-06f065a159ca: shutdown LeaderState
2019-09-27 09:16:25,411 [ForkJoinPool.commonPool-worker-0] INFO  impl.RoleInfo (RoleInfo.java:shutdownLeaderState(104)) - 4916977c-f509-42a3-882a-78b49d0e3baf: shutdown LeaderState
2019-09-27 09:16:25,412 [main] INFO  impl.PendingRequests (PendingRequests.java:sendNotLeaderResponses(202)) - 61fa1b65-b974-45b4-9851-06f065a159ca-PendingRequests: sendNotLeaderResponses
2019-09-27 09:16:25,412 [ForkJoinPool.commonPool-worker-0] INFO  impl.PendingRequests (PendingRequests.java:sendNotLeaderResponses(202)) - 4916977c-f509-42a3-882a-78b49d0e3baf-PendingRequests: sendNotLeaderResponses
2019-09-27 09:16:25,412 [main] INFO  impl.StateMachineUpdater (StateMachineUpdater.java:stopAndJoin(125)) - 61fa1b65-b974-45b4-9851-06f065a159ca@group-3BAA14CF0875-StateMachineUpdater: set stopIndex = 0
2019-09-27 09:16:25,413 [ForkJoinPool.commonPool-worker-0] INFO  impl.StateMachineUpdater (StateMachineUpdater.java:stopAndJoin(125)) - 4916977c-f509-42a3-882a-78b49d0e3baf@group-F50C95E09A97-StateMachineUpdater: set stopIndex = 0
2019-09-27 09:16:25,413 [main] INFO  impl.RaftServerImpl (ServerState.java:close(385)) - 61fa1b65-b974-45b4-9851-06f065a159ca@group-3BAA14CF0875: closes. applyIndex: 0
2019-09-27 09:16:25,413 [ForkJoinPool.commonPool-worker-0] INFO  impl.RaftServerImpl (ServerState.java:close(385)) - 4916977c-f509-42a3-882a-78b49d0e3baf@group-F50C95E09A97: closes. applyIndex: 0
2019-09-27 09:16:25,414 [61fa1b65-b974-45b4-9851-06f065a159ca@group-3BAA14CF0875-SegmentedRaftLogWorker] INFO  segmented.SegmentedRaftLogWorker (SegmentedRaftLogWorker.java:run(313)) - 61fa1b65-b974-45b4-9851-06f065a159ca@group-3BAA14CF0875-SegmentedRaftLogWorker was interrupted, exiting. There are 0 tasks remaining in the queue.
2019-09-27 09:16:25,414 [4916977c-f509-42a3-882a-78b49d0e3baf@group-F50C95E09A97-SegmentedRaftLogWorker] INFO  segmented.SegmentedRaftLogWorker (SegmentedRaftLogWorker.java:run(313)) - 4916977c-f509-42a3-882a-78b49d0e3baf@group-F50C95E09A97-SegmentedRaftLogWorker was interrupted, exiting. There are 0 tasks remaining in the queue.
2019-09-27 09:16:25,418 [main] INFO  segmented.SegmentedRaftLogWorker (SegmentedRaftLogWorker.java:close(228)) - 61fa1b65-b974-45b4-9851-06f065a159ca@group-3BAA14CF0875-SegmentedRaftLogWorker close()
2019-09-27 09:16:25,421 [main] INFO  impl.RaftServerImpl (RaftServerImpl.java:lambda$shutdown$3(251)) - 61fa1b65-b974-45b4-9851-06f065a159ca@group-99BA15B9EFBE: shutdown
2019-09-27 09:16:25,422 [main] INFO  util.JmxRegister (JmxRegister.java:unregister(73)) - Successfully un-registered JMX Bean with object name Ratis:service=RaftServer,group=group-99BA15B9EFBE,id=61fa1b65-b974-45b4-9851-06f065a159ca
2019-09-27 09:16:25,422 [main] INFO  impl.RoleInfo (RoleInfo.java:shutdownLeaderState(104)) - 61fa1b65-b974-45b4-9851-06f065a159ca: shutdown LeaderState
2019-09-27 09:16:25,425 [main] INFO  impl.PendingRequests (PendingRequests.java:sendNotLeaderResponses(202)) - 61fa1b65-b974-45b4-9851-06f065a159ca-PendingRequests: sendNotLeaderResponses
2019-09-27 09:16:25,425 [org.apache.ratis.server.impl.LogAppender$AppenderDaemon$$Lambda$400/247186050@15019ca7] WARN  server.GrpcLogAppender (GrpcLogAppender.java:mayWait(143)) - 61fa1b65-b974-45b4-9851-06f065a159ca@group-99BA15B9EFBE->e31a64e7-7f72-4df5-b5f7-b27bcc72e3f7-GrpcLogAppender: Wait interrupted by java.lang.InterruptedException
2019-09-27 09:16:25,425 [org.apache.ratis.server.impl.LogAppender$AppenderDaemon$$Lambda$400/247186050@5aab312a] WARN  server.GrpcLogAppender (GrpcLogAppender.java:mayWait(143)) - 61fa1b65-b974-45b4-9851-06f065a159ca@group-99BA15B9EFBE->6bbd184a-0336-4d81-9e16-b14f69eef1c7-GrpcLogAppender: Wait interrupted by java.lang.InterruptedException
2019-09-27 09:16:25,425 [main] INFO  impl.StateMachineUpdater (StateMachineUpdater.java:stopAndJoin(125)) - 61fa1b65-b974-45b4-9851-06f065a159ca@group-99BA15B9EFBE-StateMachineUpdater: set stopIndex = 0
2019-09-27 09:16:25,426 [main] INFO  impl.RaftServerImpl (ServerState.java:close(385)) - 61fa1b65-b974-45b4-9851-06f065a159ca@group-99BA15B9EFBE: closes. applyIndex: 0
2019-09-27 09:16:25,426 [61fa1b65-b974-45b4-9851-06f065a159ca@group-99BA15B9EFBE-SegmentedRaftLogWorker] INFO  segmented.SegmentedRaftLogWorker (SegmentedRaftLogWorker.java:run(313)) - 61fa1b65-b974-45b4-9851-06f065a159ca@group-99BA15B9EFBE-SegmentedRaftLogWorker was interrupted, exiting. There are 0 tasks remaining in the queue.
2019-09-27 09:16:25,426 [grpc-default-executor-1] INFO  server.GrpcServerProtocolService (GrpcServerProtocolService.java:onCompleted(113)) - 6bbd184a-0336-4d81-9e16-b14f69eef1c7: Completed APPEND_ENTRIES, lastRequest: 61fa1b65-b974-45b4-9851-06f065a159ca->6bbd184a-0336-4d81-9e16-b14f69eef1c7#235-t1, previous=(t:1, i:0), leaderCommit=0, initializing? false, entries: <empty>
2019-09-27 09:16:25,428 [main] INFO  segmented.SegmentedRaftLogWorker (SegmentedRaftLogWorker.java:close(228)) - 61fa1b65-b974-45b4-9851-06f065a159ca@group-99BA15B9EFBE-SegmentedRaftLogWorker close()
2019-09-27 09:16:25,428 [ForkJoinPool.commonPool-worker-0] INFO  segmented.SegmentedRaftLogWorker (SegmentedRaftLogWorker.java:close(228)) - 4916977c-f509-42a3-882a-78b49d0e3baf@group-F50C95E09A97-SegmentedRaftLogWorker close()
2019-09-27 09:16:25,431 [main] INFO  server.GrpcService (GrpcService.java:closeImpl(164)) - 61fa1b65-b974-45b4-9851-06f065a159ca: shutdown server with port 33766 now
2019-09-27 09:16:25,429 [grpc-default-executor-1] INFO  server.GrpcLogAppender (GrpcLogAppender.java:onCompleted(293)) - 61fa1b65-b974-45b4-9851-06f065a159ca@group-99BA15B9EFBE->6bbd184a-0336-4d81-9e16-b14f69eef1c7-AppendLogResponseHandler: follower responses appendEntries COMPLETED
2019-09-27 09:16:25,434 [ForkJoinPool.commonPool-worker-0] INFO  server.GrpcService (GrpcService.java:closeImpl(164)) - 4916977c-f509-42a3-882a-78b49d0e3baf: shutdown server with port 37593 now
2019-09-27 09:16:25,437 [grpc-default-executor-1] INFO  impl.FollowerInfo (FollowerInfo.java:lambda$new$0(51)) - 61fa1b65-b974-45b4-9851-06f065a159ca@group-99BA15B9EFBE->6bbd184a-0336-4d81-9e16-b14f69eef1c7: nextIndex: updateUnconditionally 1 -> 0
2019-09-27 09:16:25,439 [ForkJoinPool.commonPool-worker-0] INFO  server.GrpcService (GrpcService.java:closeImpl(172)) - 4916977c-f509-42a3-882a-78b49d0e3baf: shutdown server with port 37593 successfully
2019-09-27 09:16:25,437 [main] INFO  server.GrpcService (GrpcService.java:closeImpl(172)) - 61fa1b65-b974-45b4-9851-06f065a159ca: shutdown server with port 33766 successfully
2019-09-27 09:16:25,805 [grpc-default-executor-4] WARN  server.GrpcLogAppender (LogUtils.java:warn(134)) - b93e8517-84f8-4f68-bef3-e117f2a0c787@group-27CEAF660913->d31f9c36-f111-497e-b7b9-765da331cca9-AppendLogResponseHandler: Failed appendEntries: org.apache.ratis.thirdparty.io.grpc.StatusRuntimeException: UNAVAILABLE: io exception
2019-09-27 09:16:25,805 [refreshUsed-/workdir/hadoop-ozone/integration-test/target/test-dir/MiniOzoneClusterImpl-306848a7-f3db-4b9e-8a0f-7b9627716070/datanode-6/data/containers] WARN  fs.CachingGetSpaceUsed (CachingGetSpaceUsed.java:run(183)) - Thread Interrupted waiting to refresh disk information: sleep interrupted
2019-09-27 09:16:25,805 [refreshUsed-/workdir/hadoop-ozone/integration-test/target/test-dir/MiniOzoneClusterImpl-306848a7-f3db-4b9e-8a0f-7b9627716070/datanode-3/data/containers] WARN  fs.CachingGetSpaceUsed (CachingGetSpaceUsed.java:run(183)) - Thread Interrupted waiting to refresh disk information: sleep interrupted
2019-09-27 09:16:25,809 [grpc-default-executor-4] INFO  impl.FollowerInfo (FollowerInfo.java:lambda$new$0(51)) - b93e8517-84f8-4f68-bef3-e117f2a0c787@group-27CEAF660913->d31f9c36-f111-497e-b7b9-765da331cca9: nextIndex: updateUnconditionally 0 -> 0
2019-09-27 09:16:25,834 [ForkJoinPool.commonPool-worker-0] INFO  utils.BackgroundService (BackgroundService.java:shutdown(148)) - Shutting down service BlockDeletingService
2019-09-27 09:16:25,834 [main] INFO  utils.BackgroundService (BackgroundService.java:shutdown(148)) - Shutting down service BlockDeletingService
2019-09-27 09:16:25,844 [ForkJoinPool.commonPool-worker-0] INFO  statemachine.DatanodeStateMachine (DatanodeStateMachine.java:stopDaemon(395)) - Ozone container server stopped.
2019-09-27 09:16:25,845 [main] INFO  statemachine.DatanodeStateMachine (DatanodeStateMachine.java:stopDaemon(395)) - Ozone container server stopped.
2019-09-27 09:16:25,852 [ForkJoinPool.commonPool-worker-0] INFO  handler.ContextHandler (ContextHandler.java:doStop(910)) - Stopped o.e.j.w.WebAppContext@73844119{/,null,UNAVAILABLE}{/hddsDatanode}
2019-09-27 09:16:25,853 [main] INFO  handler.ContextHandler (ContextHandler.java:doStop(910)) - Stopped o.e.j.w.WebAppContext@6d6bbd35{/,null,UNAVAILABLE}{/hddsDatanode}
2019-09-27 09:16:25,853 [ForkJoinPool.commonPool-worker-0] INFO  server.AbstractConnector (AbstractConnector.java:doStop(318)) - Stopped ServerConnector@44f24a20{HTTP/1.1,[http/1.1]}{0.0.0.0:0}
2019-09-27 09:16:25,855 [ForkJoinPool.commonPool-worker-0] INFO  handler.ContextHandler (ContextHandler.java:doStop(910)) - Stopped o.e.j.s.ServletContextHandler@5634d0f4{/static,jar:file:/home/user/.m2/repository/org/apache/hadoop/hadoop-hdds-container-service/0.5.0-SNAPSHOT/hadoop-hdds-container-service-0.5.0-SNAPSHOT.jar!/webapps/static,UNAVAILABLE}
2019-09-27 09:16:25,855 [main] INFO  server.AbstractConnector (AbstractConnector.java:doStop(318)) - Stopped ServerConnector@5c5d6175{HTTP/1.1,[http/1.1]}{0.0.0.0:0}
2019-09-27 09:16:25,857 [ForkJoinPool.commonPool-worker-0] INFO  handler.ContextHandler (ContextHandler.java:doStop(910)) - Stopped o.e.j.s.ServletContextHandler@642f9a77{/logs,file:///workdir/hadoop-ozone/integration-test/target/log,UNAVAILABLE}
2019-09-27 09:16:25,857 [main] INFO  handler.ContextHandler (ContextHandler.java:doStop(910)) - Stopped o.e.j.s.ServletContextHandler@3dd31157{/static,jar:file:/home/user/.m2/repository/org/apache/hadoop/hadoop-hdds-container-service/0.5.0-SNAPSHOT/hadoop-hdds-container-service-0.5.0-SNAPSHOT.jar!/webapps/static,UNAVAILABLE}
2019-09-27 09:16:25,858 [main] INFO  handler.ContextHandler (ContextHandler.java:doStop(910)) - Stopped o.e.j.s.ServletContextHandler@574a89e2{/logs,file:///workdir/hadoop-ozone/integration-test/target/log,UNAVAILABLE}
2019-09-27 09:16:26,076 [Datanode State Machine Thread - 0] INFO  statemachine.DatanodeStateMachine (DatanodeStateMachine.java:lambda$startDaemon$0(350)) - Ozone container server started.
2019-09-27 09:16:26,228 [Datanode State Machine Thread - 0] INFO  statemachine.DatanodeStateMachine (DatanodeStateMachine.java:lambda$startDaemon$0(350)) - Ozone container server started.
2019-09-27 09:16:26,231 [Thread-366] INFO  impl.FollowerState (FollowerState.java:run(106)) - 6bbd184a-0336-4d81-9e16-b14f69eef1c7:group-99BA15B9EFBE changes to CANDIDATE, lastRpcTime:1241, electionTimeout:1182ms
2019-09-27 09:16:26,232 [Thread-366] INFO  impl.RoleInfo (RoleInfo.java:shutdownFollowerState(121)) - 6bbd184a-0336-4d81-9e16-b14f69eef1c7: shutdown FollowerState
2019-09-27 09:16:26,232 [Thread-366] INFO  impl.RaftServerImpl (RaftServerImpl.java:setRole(174)) - 6bbd184a-0336-4d81-9e16-b14f69eef1c7@group-99BA15B9EFBE: changes role from  FOLLOWER to CANDIDATE at term 1 for changeToCandidate
2019-09-27 09:16:26,232 [Thread-366] INFO  impl.RoleInfo (RoleInfo.java:updateAndGet(143)) - 6bbd184a-0336-4d81-9e16-b14f69eef1c7: start LeaderElection
2019-09-27 09:16:26,270 [6bbd184a-0336-4d81-9e16-b14f69eef1c7@group-99BA15B9EFBE:LeaderElection22] INFO  impl.RaftServerImpl (ServerState.java:setLeader(253)) - 6bbd184a-0336-4d81-9e16-b14f69eef1c7@group-99BA15B9EFBE: change Leader from 61fa1b65-b974-45b4-9851-06f065a159ca to null at term 1 for initElection
2019-09-27 09:16:26,286 [6bbd184a-0336-4d81-9e16-b14f69eef1c7@group-99BA15B9EFBE:LeaderElection22] INFO  impl.LeaderElection (LeaderElection.java:askForVotes(182)) - 6bbd184a-0336-4d81-9e16-b14f69eef1c7@group-99BA15B9EFBE:LeaderElection22: begin an election at term 2 for 0: [61fa1b65-b974-45b4-9851-06f065a159ca:192.168.151.103:33766, 6bbd184a-0336-4d81-9e16-b14f69eef1c7:192.168.151.103:36847, e31a64e7-7f72-4df5-b5f7-b27bcc72e3f7:192.168.151.103:40680], old=null
2019-09-27 09:16:26,292 [grpc-default-executor-0] WARN  server.GrpcLogAppender (LogUtils.java:warn(134)) - b93e8517-84f8-4f68-bef3-e117f2a0c787@group-27CEAF660913->d31f9c36-f111-497e-b7b9-765da331cca9-AppendLogResponseHandler: Failed appendEntries: org.apache.ratis.thirdparty.io.grpc.StatusRuntimeException: UNAVAILABLE: io exception
2019-09-27 09:16:26,295 [grpc-default-executor-0] INFO  impl.FollowerInfo (FollowerInfo.java:lambda$new$0(51)) - b93e8517-84f8-4f68-bef3-e117f2a0c787@group-27CEAF660913->d31f9c36-f111-497e-b7b9-765da331cca9: nextIndex: updateUnconditionally 0 -> 0
2019-09-27 09:16:26,299 [6bbd184a-0336-4d81-9e16-b14f69eef1c7@group-99BA15B9EFBE:LeaderElection22] INFO  impl.LeaderElection (LogUtils.java:infoOrTrace(149)) - 6bbd184a-0336-4d81-9e16-b14f69eef1c7@group-99BA15B9EFBE:LeaderElection22 got exception when requesting votes: {}
java.util.concurrent.ExecutionException: org.apache.ratis.thirdparty.io.grpc.StatusRuntimeException: UNAVAILABLE: io exception
	at java.util.concurrent.FutureTask.report(FutureTask.java:122)
	at java.util.concurrent.FutureTask.get(FutureTask.java:192)
	at org.apache.ratis.server.impl.LeaderElection.waitForResults(LeaderElection.java:263)
	at org.apache.ratis.server.impl.LeaderElection.askForVotes(LeaderElection.java:201)
	at org.apache.ratis.server.impl.LeaderElection.run(LeaderElection.java:133)
	at java.lang.Thread.run(Thread.java:748)
Caused by: org.apache.ratis.thirdparty.io.grpc.StatusRuntimeException: UNAVAILABLE: io exception
	at org.apache.ratis.thirdparty.io.grpc.stub.ClientCalls.toStatusRuntimeException(ClientCalls.java:233)
	at org.apache.ratis.thirdparty.io.grpc.stub.ClientCalls.getUnchecked(ClientCalls.java:214)
	at org.apache.ratis.thirdparty.io.grpc.stub.ClientCalls.blockingUnaryCall(ClientCalls.java:139)
	at org.apache.ratis.proto.grpc.RaftServerProtocolServiceGrpc$RaftServerProtocolServiceBlockingStub.requestVote(RaftServerProtocolServiceGrpc.java:265)
	at org.apache.ratis.grpc.server.GrpcServerProtocolClient.requestVote(GrpcServerProtocolClient.java:90)
	at org.apache.ratis.grpc.server.GrpcService.requestVote(GrpcService.java:204)
	at org.apache.ratis.server.impl.LeaderElection.lambda$submitRequests$1(LeaderElection.java:238)
	at java.util.concurrent.FutureTask.run(FutureTask.java:266)
	at java.util.concurrent.Executors$RunnableAdapter.call(Executors.java:511)
	at java.util.concurrent.FutureTask.run(FutureTask.java:266)
	at java.util.concurrent.ThreadPoolExecutor.runWorker(ThreadPoolExecutor.java:1149)
	at java.util.concurrent.ThreadPoolExecutor$Worker.run(ThreadPoolExecutor.java:624)
	... 1 more
Caused by: org.apache.ratis.thirdparty.io.netty.channel.AbstractChannel$AnnotatedConnectException: Connection refused: /192.168.151.103:33766
	at sun.nio.ch.SocketChannelImpl.checkConnect(Native Method)
	at sun.nio.ch.SocketChannelImpl.finishConnect(SocketChannelImpl.java:717)
	at org.apache.ratis.thirdparty.io.netty.channel.socket.nio.NioSocketChannel.doFinishConnect(NioSocketChannel.java:327)
	at org.apache.ratis.thirdparty.io.netty.channel.nio.AbstractNioChannel$AbstractNioUnsafe.finishConnect(AbstractNioChannel.java:340)
	at org.apache.ratis.thirdparty.io.netty.channel.nio.NioEventLoop.processSelectedKey(NioEventLoop.java:632)
	at org.apache.ratis.thirdparty.io.netty.channel.nio.NioEventLoop.processSelectedKeysOptimized(NioEventLoop.java:579)
	at org.apache.ratis.thirdparty.io.netty.channel.nio.NioEventLoop.processSelectedKeys(NioEventLoop.java:496)
	at org.apache.ratis.thirdparty.io.netty.channel.nio.NioEventLoop.run(NioEventLoop.java:458)
	at org.apache.ratis.thirdparty.io.netty.util.concurrent.SingleThreadEventExecutor$5.run(SingleThreadEventExecutor.java:897)
	at org.apache.ratis.thirdparty.io.netty.util.concurrent.FastThreadLocalRunnable.run(FastThreadLocalRunnable.java:30)
	... 1 more
Caused by: java.net.ConnectException: Connection refused
	... 11 more
2019-09-27 09:16:26,301 [6bbd184a-0336-4d81-9e16-b14f69eef1c7@group-99BA15B9EFBE:LeaderElection22] INFO  impl.LeaderElection (LogUtils.java:infoOrTrace(149)) - 6bbd184a-0336-4d81-9e16-b14f69eef1c7@group-99BA15B9EFBE:LeaderElection22 got exception when requesting votes: {}
java.util.concurrent.ExecutionException: org.apache.ratis.thirdparty.io.grpc.StatusRuntimeException: UNAVAILABLE: io exception
	at java.util.concurrent.FutureTask.report(FutureTask.java:122)
	at java.util.concurrent.FutureTask.get(FutureTask.java:192)
	at org.apache.ratis.server.impl.LeaderElection.waitForResults(LeaderElection.java:263)
	at org.apache.ratis.server.impl.LeaderElection.askForVotes(LeaderElection.java:201)
	at org.apache.ratis.server.impl.LeaderElection.run(LeaderElection.java:133)
	at java.lang.Thread.run(Thread.java:748)
Caused by: org.apache.ratis.thirdparty.io.grpc.StatusRuntimeException: UNAVAILABLE: io exception
	at org.apache.ratis.thirdparty.io.grpc.stub.ClientCalls.toStatusRuntimeException(ClientCalls.java:233)
	at org.apache.ratis.thirdparty.io.grpc.stub.ClientCalls.getUnchecked(ClientCalls.java:214)
	at org.apache.ratis.thirdparty.io.grpc.stub.ClientCalls.blockingUnaryCall(ClientCalls.java:139)
	at org.apache.ratis.proto.grpc.RaftServerProtocolServiceGrpc$RaftServerProtocolServiceBlockingStub.requestVote(RaftServerProtocolServiceGrpc.java:265)
	at org.apache.ratis.grpc.server.GrpcServerProtocolClient.requestVote(GrpcServerProtocolClient.java:90)
	at org.apache.ratis.grpc.server.GrpcService.requestVote(GrpcService.java:204)
	at org.apache.ratis.server.impl.LeaderElection.lambda$submitRequests$1(LeaderElection.java:238)
	at java.util.concurrent.FutureTask.run(FutureTask.java:266)
	at java.util.concurrent.Executors$RunnableAdapter.call(Executors.java:511)
	at java.util.concurrent.FutureTask.run(FutureTask.java:266)
	at java.util.concurrent.ThreadPoolExecutor.runWorker(ThreadPoolExecutor.java:1149)
	at java.util.concurrent.ThreadPoolExecutor$Worker.run(ThreadPoolExecutor.java:624)
	... 1 more
Caused by: org.apache.ratis.thirdparty.io.netty.channel.AbstractChannel$AnnotatedConnectException: Connection refused: /192.168.151.103:40680
	at sun.nio.ch.SocketChannelImpl.checkConnect(Native Method)
	at sun.nio.ch.SocketChannelImpl.finishConnect(SocketChannelImpl.java:717)
	at org.apache.ratis.thirdparty.io.netty.channel.socket.nio.NioSocketChannel.doFinishConnect(NioSocketChannel.java:327)
	at org.apache.ratis.thirdparty.io.netty.channel.nio.AbstractNioChannel$AbstractNioUnsafe.finishConnect(AbstractNioChannel.java:340)
	at org.apache.ratis.thirdparty.io.netty.channel.nio.NioEventLoop.processSelectedKey(NioEventLoop.java:632)
	at org.apache.ratis.thirdparty.io.netty.channel.nio.NioEventLoop.processSelectedKeysOptimized(NioEventLoop.java:579)
	at org.apache.ratis.thirdparty.io.netty.channel.nio.NioEventLoop.processSelectedKeys(NioEventLoop.java:496)
	at org.apache.ratis.thirdparty.io.netty.channel.nio.NioEventLoop.run(NioEventLoop.java:458)
	at org.apache.ratis.thirdparty.io.netty.util.concurrent.SingleThreadEventExecutor$5.run(SingleThreadEventExecutor.java:897)
	at org.apache.ratis.thirdparty.io.netty.util.concurrent.FastThreadLocalRunnable.run(FastThreadLocalRunnable.java:30)
	... 1 more
Caused by: java.net.ConnectException: Connection refused
	... 11 more
2019-09-27 09:16:26,304 [6bbd184a-0336-4d81-9e16-b14f69eef1c7@group-99BA15B9EFBE:LeaderElection22] INFO  impl.LeaderElection (LeaderElection.java:logAndReturn(56)) - 6bbd184a-0336-4d81-9e16-b14f69eef1c7@group-99BA15B9EFBE:LeaderElection22: Election REJECTED; received 0 response(s) [] and 2 exception(s); 6bbd184a-0336-4d81-9e16-b14f69eef1c7@group-99BA15B9EFBE:t2, leader=null, voted=6bbd184a-0336-4d81-9e16-b14f69eef1c7, raftlog=6bbd184a-0336-4d81-9e16-b14f69eef1c7@group-99BA15B9EFBE-SegmentedRaftLog:OPENED:c0,f0,i0, conf=0: [61fa1b65-b974-45b4-9851-06f065a159ca:192.168.151.103:33766, 6bbd184a-0336-4d81-9e16-b14f69eef1c7:192.168.151.103:36847, e31a64e7-7f72-4df5-b5f7-b27bcc72e3f7:192.168.151.103:40680], old=null
2019-09-27 09:16:26,305 [6bbd184a-0336-4d81-9e16-b14f69eef1c7@group-99BA15B9EFBE:LeaderElection22] INFO  impl.LeaderElection (LogUtils.java:infoOrTrace(149)) -   Exception 0: {}
java.util.concurrent.ExecutionException: org.apache.ratis.thirdparty.io.grpc.StatusRuntimeException: UNAVAILABLE: io exception
	at java.util.concurrent.FutureTask.report(FutureTask.java:122)
	at java.util.concurrent.FutureTask.get(FutureTask.java:192)
	at org.apache.ratis.server.impl.LeaderElection.waitForResults(LeaderElection.java:263)
	at org.apache.ratis.server.impl.LeaderElection.askForVotes(LeaderElection.java:201)
	at org.apache.ratis.server.impl.LeaderElection.run(LeaderElection.java:133)
	at java.lang.Thread.run(Thread.java:748)
Caused by: org.apache.ratis.thirdparty.io.grpc.StatusRuntimeException: UNAVAILABLE: io exception
	at org.apache.ratis.thirdparty.io.grpc.stub.ClientCalls.toStatusRuntimeException(ClientCalls.java:233)
	at org.apache.ratis.thirdparty.io.grpc.stub.ClientCalls.getUnchecked(ClientCalls.java:214)
	at org.apache.ratis.thirdparty.io.grpc.stub.ClientCalls.blockingUnaryCall(ClientCalls.java:139)
	at org.apache.ratis.proto.grpc.RaftServerProtocolServiceGrpc$RaftServerProtocolServiceBlockingStub.requestVote(RaftServerProtocolServiceGrpc.java:265)
	at org.apache.ratis.grpc.server.GrpcServerProtocolClient.requestVote(GrpcServerProtocolClient.java:90)
	at org.apache.ratis.grpc.server.GrpcService.requestVote(GrpcService.java:204)
	at org.apache.ratis.server.impl.LeaderElection.lambda$submitRequests$1(LeaderElection.java:238)
	at java.util.concurrent.FutureTask.run(FutureTask.java:266)
	at java.util.concurrent.Executors$RunnableAdapter.call(Executors.java:511)
	at java.util.concurrent.FutureTask.run(FutureTask.java:266)
	at java.util.concurrent.ThreadPoolExecutor.runWorker(ThreadPoolExecutor.java:1149)
	at java.util.concurrent.ThreadPoolExecutor$Worker.run(ThreadPoolExecutor.java:624)
	... 1 more
Caused by: org.apache.ratis.thirdparty.io.netty.channel.AbstractChannel$AnnotatedConnectException: Connection refused: /192.168.151.103:33766
	at sun.nio.ch.SocketChannelImpl.checkConnect(Native Method)
	at sun.nio.ch.SocketChannelImpl.finishConnect(SocketChannelImpl.java:717)
	at org.apache.ratis.thirdparty.io.netty.channel.socket.nio.NioSocketChannel.doFinishConnect(NioSocketChannel.java:327)
	at org.apache.ratis.thirdparty.io.netty.channel.nio.AbstractNioChannel$AbstractNioUnsafe.finishConnect(AbstractNioChannel.java:340)
	at org.apache.ratis.thirdparty.io.netty.channel.nio.NioEventLoop.processSelectedKey(NioEventLoop.java:632)
	at org.apache.ratis.thirdparty.io.netty.channel.nio.NioEventLoop.processSelectedKeysOptimized(NioEventLoop.java:579)
	at org.apache.ratis.thirdparty.io.netty.channel.nio.NioEventLoop.processSelectedKeys(NioEventLoop.java:496)
	at org.apache.ratis.thirdparty.io.netty.channel.nio.NioEventLoop.run(NioEventLoop.java:458)
	at org.apache.ratis.thirdparty.io.netty.util.concurrent.SingleThreadEventExecutor$5.run(SingleThreadEventExecutor.java:897)
	at org.apache.ratis.thirdparty.io.netty.util.concurrent.FastThreadLocalRunnable.run(FastThreadLocalRunnable.java:30)
	... 1 more
Caused by: java.net.ConnectException: Connection refused
	... 11 more
2019-09-27 09:16:26,305 [6bbd184a-0336-4d81-9e16-b14f69eef1c7@group-99BA15B9EFBE:LeaderElection22] INFO  impl.LeaderElection (LogUtils.java:infoOrTrace(149)) -   Exception 1: {}
java.util.concurrent.ExecutionException: org.apache.ratis.thirdparty.io.grpc.StatusRuntimeException: UNAVAILABLE: io exception
	at java.util.concurrent.FutureTask.report(FutureTask.java:122)
	at java.util.concurrent.FutureTask.get(FutureTask.java:192)
	at org.apache.ratis.server.impl.LeaderElection.waitForResults(LeaderElection.java:263)
	at org.apache.ratis.server.impl.LeaderElection.askForVotes(LeaderElection.java:201)
	at org.apache.ratis.server.impl.LeaderElection.run(LeaderElection.java:133)
	at java.lang.Thread.run(Thread.java:748)
Caused by: org.apache.ratis.thirdparty.io.grpc.StatusRuntimeException: UNAVAILABLE: io exception
	at org.apache.ratis.thirdparty.io.grpc.stub.ClientCalls.toStatusRuntimeException(ClientCalls.java:233)
	at org.apache.ratis.thirdparty.io.grpc.stub.ClientCalls.getUnchecked(ClientCalls.java:214)
	at org.apache.ratis.thirdparty.io.grpc.stub.ClientCalls.blockingUnaryCall(ClientCalls.java:139)
	at org.apache.ratis.proto.grpc.RaftServerProtocolServiceGrpc$RaftServerProtocolServiceBlockingStub.requestVote(RaftServerProtocolServiceGrpc.java:265)
	at org.apache.ratis.grpc.server.GrpcServerProtocolClient.requestVote(GrpcServerProtocolClient.java:90)
	at org.apache.ratis.grpc.server.GrpcService.requestVote(GrpcService.java:204)
	at org.apache.ratis.server.impl.LeaderElection.lambda$submitRequests$1(LeaderElection.java:238)
	at java.util.concurrent.FutureTask.run(FutureTask.java:266)
	at java.util.concurrent.Executors$RunnableAdapter.call(Executors.java:511)
	at java.util.concurrent.FutureTask.run(FutureTask.java:266)
	at java.util.concurrent.ThreadPoolExecutor.runWorker(ThreadPoolExecutor.java:1149)
	at java.util.concurrent.ThreadPoolExecutor$Worker.run(ThreadPoolExecutor.java:624)
	... 1 more
Caused by: org.apache.ratis.thirdparty.io.netty.channel.AbstractChannel$AnnotatedConnectException: Connection refused: /192.168.151.103:40680
	at sun.nio.ch.SocketChannelImpl.checkConnect(Native Method)
	at sun.nio.ch.SocketChannelImpl.finishConnect(SocketChannelImpl.java:717)
	at org.apache.ratis.thirdparty.io.netty.channel.socket.nio.NioSocketChannel.doFinishConnect(NioSocketChannel.java:327)
	at org.apache.ratis.thirdparty.io.netty.channel.nio.AbstractNioChannel$AbstractNioUnsafe.finishConnect(AbstractNioChannel.java:340)
	at org.apache.ratis.thirdparty.io.netty.channel.nio.NioEventLoop.processSelectedKey(NioEventLoop.java:632)
	at org.apache.ratis.thirdparty.io.netty.channel.nio.NioEventLoop.processSelectedKeysOptimized(NioEventLoop.java:579)
	at org.apache.ratis.thirdparty.io.netty.channel.nio.NioEventLoop.processSelectedKeys(NioEventLoop.java:496)
	at org.apache.ratis.thirdparty.io.netty.channel.nio.NioEventLoop.run(NioEventLoop.java:458)
	at org.apache.ratis.thirdparty.io.netty.util.concurrent.SingleThreadEventExecutor$5.run(SingleThreadEventExecutor.java:897)
	at org.apache.ratis.thirdparty.io.netty.util.concurrent.FastThreadLocalRunnable.run(FastThreadLocalRunnable.java:30)
	... 1 more
Caused by: java.net.ConnectException: Connection refused
	... 11 more
2019-09-27 09:16:26,306 [6bbd184a-0336-4d81-9e16-b14f69eef1c7@group-99BA15B9EFBE:LeaderElection22] INFO  impl.RaftServerImpl (RaftServerImpl.java:setRole(174)) - 6bbd184a-0336-4d81-9e16-b14f69eef1c7@group-99BA15B9EFBE: changes role from CANDIDATE to FOLLOWER at term 2 for DISCOVERED_A_NEW_TERM
2019-09-27 09:16:26,308 [6bbd184a-0336-4d81-9e16-b14f69eef1c7@group-99BA15B9EFBE:LeaderElection22] INFO  impl.RoleInfo (RoleInfo.java:shutdownLeaderElection(134)) - 6bbd184a-0336-4d81-9e16-b14f69eef1c7: shutdown LeaderElection
2019-09-27 09:16:26,308 [6bbd184a-0336-4d81-9e16-b14f69eef1c7@group-99BA15B9EFBE:LeaderElection22] INFO  impl.RoleInfo (RoleInfo.java:updateAndGet(143)) - 6bbd184a-0336-4d81-9e16-b14f69eef1c7: start FollowerState
2019-09-27 09:16:26,789 [grpc-default-executor-1] WARN  server.GrpcLogAppender (LogUtils.java:warn(134)) - b93e8517-84f8-4f68-bef3-e117f2a0c787@group-27CEAF660913->d31f9c36-f111-497e-b7b9-765da331cca9-AppendLogResponseHandler: Failed appendEntries: org.apache.ratis.thirdparty.io.grpc.StatusRuntimeException: UNAVAILABLE: io exception
2019-09-27 09:16:26,794 [grpc-default-executor-1] INFO  impl.FollowerInfo (FollowerInfo.java:lambda$new$0(51)) - b93e8517-84f8-4f68-bef3-e117f2a0c787@group-27CEAF660913->d31f9c36-f111-497e-b7b9-765da331cca9: nextIndex: updateUnconditionally 0 -> 0
2019-09-27 09:16:27,290 [grpc-default-executor-0] WARN  server.GrpcLogAppender (LogUtils.java:warn(134)) - b93e8517-84f8-4f68-bef3-e117f2a0c787@group-27CEAF660913->d31f9c36-f111-497e-b7b9-765da331cca9-AppendLogResponseHandler: Failed appendEntries: org.apache.ratis.thirdparty.io.grpc.StatusRuntimeException: UNAVAILABLE: io exception
2019-09-27 09:16:27,293 [grpc-default-executor-0] INFO  impl.FollowerInfo (FollowerInfo.java:lambda$new$0(51)) - b93e8517-84f8-4f68-bef3-e117f2a0c787@group-27CEAF660913->d31f9c36-f111-497e-b7b9-765da331cca9: nextIndex: updateUnconditionally 0 -> 0
2019-09-27 09:16:27,445 [Thread-1861] INFO  impl.FollowerState (FollowerState.java:run(106)) - 6bbd184a-0336-4d81-9e16-b14f69eef1c7:group-99BA15B9EFBE changes to CANDIDATE, lastRpcTime:1136, electionTimeout:1134ms
2019-09-27 09:16:27,445 [Thread-1861] INFO  impl.RoleInfo (RoleInfo.java:shutdownFollowerState(121)) - 6bbd184a-0336-4d81-9e16-b14f69eef1c7: shutdown FollowerState
2019-09-27 09:16:27,446 [Thread-1861] INFO  impl.RaftServerImpl (RaftServerImpl.java:setRole(174)) - 6bbd184a-0336-4d81-9e16-b14f69eef1c7@group-99BA15B9EFBE: changes role from  FOLLOWER to CANDIDATE at term 2 for changeToCandidate
2019-09-27 09:16:27,446 [Thread-1861] INFO  impl.RoleInfo (RoleInfo.java:updateAndGet(143)) - 6bbd184a-0336-4d81-9e16-b14f69eef1c7: start LeaderElection
2019-09-27 09:16:27,462 [6bbd184a-0336-4d81-9e16-b14f69eef1c7@group-99BA15B9EFBE:LeaderElection23] INFO  impl.LeaderElection (LeaderElection.java:askForVotes(182)) - 6bbd184a-0336-4d81-9e16-b14f69eef1c7@group-99BA15B9EFBE:LeaderElection23: begin an election at term 3 for 0: [61fa1b65-b974-45b4-9851-06f065a159ca:192.168.151.103:33766, 6bbd184a-0336-4d81-9e16-b14f69eef1c7:192.168.151.103:36847, e31a64e7-7f72-4df5-b5f7-b27bcc72e3f7:192.168.151.103:40680], old=null
2019-09-27 09:16:27,464 [6bbd184a-0336-4d81-9e16-b14f69eef1c7@group-99BA15B9EFBE:LeaderElection23] INFO  impl.LeaderElection (LogUtils.java:infoOrTrace(149)) - 6bbd184a-0336-4d81-9e16-b14f69eef1c7@group-99BA15B9EFBE:LeaderElection23 got exception when requesting votes: {}
java.util.concurrent.ExecutionException: org.apache.ratis.thirdparty.io.grpc.StatusRuntimeException: UNAVAILABLE: io exception
	at java.util.concurrent.FutureTask.report(FutureTask.java:122)
	at java.util.concurrent.FutureTask.get(FutureTask.java:192)
	at org.apache.ratis.server.impl.LeaderElection.waitForResults(LeaderElection.java:263)
	at org.apache.ratis.server.impl.LeaderElection.askForVotes(LeaderElection.java:201)
	at org.apache.ratis.server.impl.LeaderElection.run(LeaderElection.java:133)
	at java.lang.Thread.run(Thread.java:748)
Caused by: org.apache.ratis.thirdparty.io.grpc.StatusRuntimeException: UNAVAILABLE: io exception
	at org.apache.ratis.thirdparty.io.grpc.stub.ClientCalls.toStatusRuntimeException(ClientCalls.java:233)
	at org.apache.ratis.thirdparty.io.grpc.stub.ClientCalls.getUnchecked(ClientCalls.java:214)
	at org.apache.ratis.thirdparty.io.grpc.stub.ClientCalls.blockingUnaryCall(ClientCalls.java:139)
	at org.apache.ratis.proto.grpc.RaftServerProtocolServiceGrpc$RaftServerProtocolServiceBlockingStub.requestVote(RaftServerProtocolServiceGrpc.java:265)
	at org.apache.ratis.grpc.server.GrpcServerProtocolClient.requestVote(GrpcServerProtocolClient.java:90)
	at org.apache.ratis.grpc.server.GrpcService.requestVote(GrpcService.java:204)
	at org.apache.ratis.server.impl.LeaderElection.lambda$submitRequests$1(LeaderElection.java:238)
	at java.util.concurrent.FutureTask.run(FutureTask.java:266)
	at java.util.concurrent.Executors$RunnableAdapter.call(Executors.java:511)
	at java.util.concurrent.FutureTask.run(FutureTask.java:266)
	at java.util.concurrent.ThreadPoolExecutor.runWorker(ThreadPoolExecutor.java:1149)
	at java.util.concurrent.ThreadPoolExecutor$Worker.run(ThreadPoolExecutor.java:624)
	... 1 more
Caused by: org.apache.ratis.thirdparty.io.netty.channel.AbstractChannel$AnnotatedConnectException: Connection refused: /192.168.151.103:33766
	at sun.nio.ch.SocketChannelImpl.checkConnect(Native Method)
	at sun.nio.ch.SocketChannelImpl.finishConnect(SocketChannelImpl.java:717)
	at org.apache.ratis.thirdparty.io.netty.channel.socket.nio.NioSocketChannel.doFinishConnect(NioSocketChannel.java:327)
	at org.apache.ratis.thirdparty.io.netty.channel.nio.AbstractNioChannel$AbstractNioUnsafe.finishConnect(AbstractNioChannel.java:340)
	at org.apache.ratis.thirdparty.io.netty.channel.nio.NioEventLoop.processSelectedKey(NioEventLoop.java:632)
	at org.apache.ratis.thirdparty.io.netty.channel.nio.NioEventLoop.processSelectedKeysOptimized(NioEventLoop.java:579)
	at org.apache.ratis.thirdparty.io.netty.channel.nio.NioEventLoop.processSelectedKeys(NioEventLoop.java:496)
	at org.apache.ratis.thirdparty.io.netty.channel.nio.NioEventLoop.run(NioEventLoop.java:458)
	at org.apache.ratis.thirdparty.io.netty.util.concurrent.SingleThreadEventExecutor$5.run(SingleThreadEventExecutor.java:897)
	at org.apache.ratis.thirdparty.io.netty.util.concurrent.FastThreadLocalRunnable.run(FastThreadLocalRunnable.java:30)
	... 1 more
Caused by: java.net.ConnectException: Connection refused
	... 11 more
2019-09-27 09:16:27,466 [6bbd184a-0336-4d81-9e16-b14f69eef1c7@group-99BA15B9EFBE:LeaderElection23] INFO  impl.LeaderElection (LogUtils.java:infoOrTrace(149)) - 6bbd184a-0336-4d81-9e16-b14f69eef1c7@group-99BA15B9EFBE:LeaderElection23 got exception when requesting votes: {}
java.util.concurrent.ExecutionException: org.apache.ratis.thirdparty.io.grpc.StatusRuntimeException: UNAVAILABLE: io exception
	at java.util.concurrent.FutureTask.report(FutureTask.java:122)
	at java.util.concurrent.FutureTask.get(FutureTask.java:192)
	at org.apache.ratis.server.impl.LeaderElection.waitForResults(LeaderElection.java:263)
	at org.apache.ratis.server.impl.LeaderElection.askForVotes(LeaderElection.java:201)
	at org.apache.ratis.server.impl.LeaderElection.run(LeaderElection.java:133)
	at java.lang.Thread.run(Thread.java:748)
Caused by: org.apache.ratis.thirdparty.io.grpc.StatusRuntimeException: UNAVAILABLE: io exception
	at org.apache.ratis.thirdparty.io.grpc.stub.ClientCalls.toStatusRuntimeException(ClientCalls.java:233)
	at org.apache.ratis.thirdparty.io.grpc.stub.ClientCalls.getUnchecked(ClientCalls.java:214)
	at org.apache.ratis.thirdparty.io.grpc.stub.ClientCalls.blockingUnaryCall(ClientCalls.java:139)
	at org.apache.ratis.proto.grpc.RaftServerProtocolServiceGrpc$RaftServerProtocolServiceBlockingStub.requestVote(RaftServerProtocolServiceGrpc.java:265)
	at org.apache.ratis.grpc.server.GrpcServerProtocolClient.requestVote(GrpcServerProtocolClient.java:90)
	at org.apache.ratis.grpc.server.GrpcService.requestVote(GrpcService.java:204)
	at org.apache.ratis.server.impl.LeaderElection.lambda$submitRequests$1(LeaderElection.java:238)
	at java.util.concurrent.FutureTask.run(FutureTask.java:266)
	at java.util.concurrent.Executors$RunnableAdapter.call(Executors.java:511)
	at java.util.concurrent.FutureTask.run(FutureTask.java:266)
	at java.util.concurrent.ThreadPoolExecutor.runWorker(ThreadPoolExecutor.java:1149)
	at java.util.concurrent.ThreadPoolExecutor$Worker.run(ThreadPoolExecutor.java:624)
	... 1 more
Caused by: org.apache.ratis.thirdparty.io.netty.channel.AbstractChannel$AnnotatedConnectException: Connection refused: /192.168.151.103:40680
	at sun.nio.ch.SocketChannelImpl.checkConnect(Native Method)
	at sun.nio.ch.SocketChannelImpl.finishConnect(SocketChannelImpl.java:717)
	at org.apache.ratis.thirdparty.io.netty.channel.socket.nio.NioSocketChannel.doFinishConnect(NioSocketChannel.java:327)
	at org.apache.ratis.thirdparty.io.netty.channel.nio.AbstractNioChannel$AbstractNioUnsafe.finishConnect(AbstractNioChannel.java:340)
	at org.apache.ratis.thirdparty.io.netty.channel.nio.NioEventLoop.processSelectedKey(NioEventLoop.java:632)
	at org.apache.ratis.thirdparty.io.netty.channel.nio.NioEventLoop.processSelectedKeysOptimized(NioEventLoop.java:579)
	at org.apache.ratis.thirdparty.io.netty.channel.nio.NioEventLoop.processSelectedKeys(NioEventLoop.java:496)
	at org.apache.ratis.thirdparty.io.netty.channel.nio.NioEventLoop.run(NioEventLoop.java:458)
	at org.apache.ratis.thirdparty.io.netty.util.concurrent.SingleThreadEventExecutor$5.run(SingleThreadEventExecutor.java:897)
	at org.apache.ratis.thirdparty.io.netty.util.concurrent.FastThreadLocalRunnable.run(FastThreadLocalRunnable.java:30)
	... 1 more
Caused by: java.net.ConnectException: Connection refused
	... 11 more
2019-09-27 09:16:27,469 [6bbd184a-0336-4d81-9e16-b14f69eef1c7@group-99BA15B9EFBE:LeaderElection23] INFO  impl.LeaderElection (LeaderElection.java:logAndReturn(56)) - 6bbd184a-0336-4d81-9e16-b14f69eef1c7@group-99BA15B9EFBE:LeaderElection23: Election REJECTED; received 0 response(s) [] and 2 exception(s); 6bbd184a-0336-4d81-9e16-b14f69eef1c7@group-99BA15B9EFBE:t3, leader=null, voted=6bbd184a-0336-4d81-9e16-b14f69eef1c7, raftlog=6bbd184a-0336-4d81-9e16-b14f69eef1c7@group-99BA15B9EFBE-SegmentedRaftLog:OPENED:c0,f0,i0, conf=0: [61fa1b65-b974-45b4-9851-06f065a159ca:192.168.151.103:33766, 6bbd184a-0336-4d81-9e16-b14f69eef1c7:192.168.151.103:36847, e31a64e7-7f72-4df5-b5f7-b27bcc72e3f7:192.168.151.103:40680], old=null
2019-09-27 09:16:27,469 [6bbd184a-0336-4d81-9e16-b14f69eef1c7@group-99BA15B9EFBE:LeaderElection23] INFO  impl.LeaderElection (LogUtils.java:infoOrTrace(149)) -   Exception 0: {}
java.util.concurrent.ExecutionException: org.apache.ratis.thirdparty.io.grpc.StatusRuntimeException: UNAVAILABLE: io exception
	at java.util.concurrent.FutureTask.report(FutureTask.java:122)
	at java.util.concurrent.FutureTask.get(FutureTask.java:192)
	at org.apache.ratis.server.impl.LeaderElection.waitForResults(LeaderElection.java:263)
	at org.apache.ratis.server.impl.LeaderElection.askForVotes(LeaderElection.java:201)
	at org.apache.ratis.server.impl.LeaderElection.run(LeaderElection.java:133)
	at java.lang.Thread.run(Thread.java:748)
Caused by: org.apache.ratis.thirdparty.io.grpc.StatusRuntimeException: UNAVAILABLE: io exception
	at org.apache.ratis.thirdparty.io.grpc.stub.ClientCalls.toStatusRuntimeException(ClientCalls.java:233)
	at org.apache.ratis.thirdparty.io.grpc.stub.ClientCalls.getUnchecked(ClientCalls.java:214)
	at org.apache.ratis.thirdparty.io.grpc.stub.ClientCalls.blockingUnaryCall(ClientCalls.java:139)
	at org.apache.ratis.proto.grpc.RaftServerProtocolServiceGrpc$RaftServerProtocolServiceBlockingStub.requestVote(RaftServerProtocolServiceGrpc.java:265)
	at org.apache.ratis.grpc.server.GrpcServerProtocolClient.requestVote(GrpcServerProtocolClient.java:90)
	at org.apache.ratis.grpc.server.GrpcService.requestVote(GrpcService.java:204)
	at org.apache.ratis.server.impl.LeaderElection.lambda$submitRequests$1(LeaderElection.java:238)
	at java.util.concurrent.FutureTask.run(FutureTask.java:266)
	at java.util.concurrent.Executors$RunnableAdapter.call(Executors.java:511)
	at java.util.concurrent.FutureTask.run(FutureTask.java:266)
	at java.util.concurrent.ThreadPoolExecutor.runWorker(ThreadPoolExecutor.java:1149)
	at java.util.concurrent.ThreadPoolExecutor$Worker.run(ThreadPoolExecutor.java:624)
	... 1 more
Caused by: org.apache.ratis.thirdparty.io.netty.channel.AbstractChannel$AnnotatedConnectException: Connection refused: /192.168.151.103:33766
	at sun.nio.ch.SocketChannelImpl.checkConnect(Native Method)
	at sun.nio.ch.SocketChannelImpl.finishConnect(SocketChannelImpl.java:717)
	at org.apache.ratis.thirdparty.io.netty.channel.socket.nio.NioSocketChannel.doFinishConnect(NioSocketChannel.java:327)
	at org.apache.ratis.thirdparty.io.netty.channel.nio.AbstractNioChannel$AbstractNioUnsafe.finishConnect(AbstractNioChannel.java:340)
	at org.apache.ratis.thirdparty.io.netty.channel.nio.NioEventLoop.processSelectedKey(NioEventLoop.java:632)
	at org.apache.ratis.thirdparty.io.netty.channel.nio.NioEventLoop.processSelectedKeysOptimized(NioEventLoop.java:579)
	at org.apache.ratis.thirdparty.io.netty.channel.nio.NioEventLoop.processSelectedKeys(NioEventLoop.java:496)
	at org.apache.ratis.thirdparty.io.netty.channel.nio.NioEventLoop.run(NioEventLoop.java:458)
	at org.apache.ratis.thirdparty.io.netty.util.concurrent.SingleThreadEventExecutor$5.run(SingleThreadEventExecutor.java:897)
	at org.apache.ratis.thirdparty.io.netty.util.concurrent.FastThreadLocalRunnable.run(FastThreadLocalRunnable.java:30)
	... 1 more
Caused by: java.net.ConnectException: Connection refused
	... 11 more
2019-09-27 09:16:27,469 [6bbd184a-0336-4d81-9e16-b14f69eef1c7@group-99BA15B9EFBE:LeaderElection23] INFO  impl.LeaderElection (LogUtils.java:infoOrTrace(149)) -   Exception 1: {}
java.util.concurrent.ExecutionException: org.apache.ratis.thirdparty.io.grpc.StatusRuntimeException: UNAVAILABLE: io exception
	at java.util.concurrent.FutureTask.report(FutureTask.java:122)
	at java.util.concurrent.FutureTask.get(FutureTask.java:192)
	at org.apache.ratis.server.impl.LeaderElection.waitForResults(LeaderElection.java:263)
	at org.apache.ratis.server.impl.LeaderElection.askForVotes(LeaderElection.java:201)
	at org.apache.ratis.server.impl.LeaderElection.run(LeaderElection.java:133)
	at java.lang.Thread.run(Thread.java:748)
Caused by: org.apache.ratis.thirdparty.io.grpc.StatusRuntimeException: UNAVAILABLE: io exception
	at org.apache.ratis.thirdparty.io.grpc.stub.ClientCalls.toStatusRuntimeException(ClientCalls.java:233)
	at org.apache.ratis.thirdparty.io.grpc.stub.ClientCalls.getUnchecked(ClientCalls.java:214)
	at org.apache.ratis.thirdparty.io.grpc.stub.ClientCalls.blockingUnaryCall(ClientCalls.java:139)
	at org.apache.ratis.proto.grpc.RaftServerProtocolServiceGrpc$RaftServerProtocolServiceBlockingStub.requestVote(RaftServerProtocolServiceGrpc.java:265)
	at org.apache.ratis.grpc.server.GrpcServerProtocolClient.requestVote(GrpcServerProtocolClient.java:90)
	at org.apache.ratis.grpc.server.GrpcService.requestVote(GrpcService.java:204)
	at org.apache.ratis.server.impl.LeaderElection.lambda$submitRequests$1(LeaderElection.java:238)
	at java.util.concurrent.FutureTask.run(FutureTask.java:266)
	at java.util.concurrent.Executors$RunnableAdapter.call(Executors.java:511)
	at java.util.concurrent.FutureTask.run(FutureTask.java:266)
	at java.util.concurrent.ThreadPoolExecutor.runWorker(ThreadPoolExecutor.java:1149)
	at java.util.concurrent.ThreadPoolExecutor$Worker.run(ThreadPoolExecutor.java:624)
	... 1 more
Caused by: org.apache.ratis.thirdparty.io.netty.channel.AbstractChannel$AnnotatedConnectException: Connection refused: /192.168.151.103:40680
	at sun.nio.ch.SocketChannelImpl.checkConnect(Native Method)
	at sun.nio.ch.SocketChannelImpl.finishConnect(SocketChannelImpl.java:717)
	at org.apache.ratis.thirdparty.io.netty.channel.socket.nio.NioSocketChannel.doFinishConnect(NioSocketChannel.java:327)
	at org.apache.ratis.thirdparty.io.netty.channel.nio.AbstractNioChannel$AbstractNioUnsafe.finishConnect(AbstractNioChannel.java:340)
	at org.apache.ratis.thirdparty.io.netty.channel.nio.NioEventLoop.processSelectedKey(NioEventLoop.java:632)
	at org.apache.ratis.thirdparty.io.netty.channel.nio.NioEventLoop.processSelectedKeysOptimized(NioEventLoop.java:579)
	at org.apache.ratis.thirdparty.io.netty.channel.nio.NioEventLoop.processSelectedKeys(NioEventLoop.java:496)
	at org.apache.ratis.thirdparty.io.netty.channel.nio.NioEventLoop.run(NioEventLoop.java:458)
	at org.apache.ratis.thirdparty.io.netty.util.concurrent.SingleThreadEventExecutor$5.run(SingleThreadEventExecutor.java:897)
	at org.apache.ratis.thirdparty.io.netty.util.concurrent.FastThreadLocalRunnable.run(FastThreadLocalRunnable.java:30)
	... 1 more
Caused by: java.net.ConnectException: Connection refused
	... 11 more
2019-09-27 09:16:27,470 [6bbd184a-0336-4d81-9e16-b14f69eef1c7@group-99BA15B9EFBE:LeaderElection23] INFO  impl.RaftServerImpl (RaftServerImpl.java:setRole(174)) - 6bbd184a-0336-4d81-9e16-b14f69eef1c7@group-99BA15B9EFBE: changes role from CANDIDATE to FOLLOWER at term 3 for DISCOVERED_A_NEW_TERM
2019-09-27 09:16:27,477 [6bbd184a-0336-4d81-9e16-b14f69eef1c7@group-99BA15B9EFBE:LeaderElection23] INFO  impl.RoleInfo (RoleInfo.java:shutdownLeaderElection(134)) - 6bbd184a-0336-4d81-9e16-b14f69eef1c7: shutdown LeaderElection
2019-09-27 09:16:27,477 [6bbd184a-0336-4d81-9e16-b14f69eef1c7@group-99BA15B9EFBE:LeaderElection23] INFO  impl.RoleInfo (RoleInfo.java:updateAndGet(143)) - 6bbd184a-0336-4d81-9e16-b14f69eef1c7: start FollowerState
2019-09-27 09:16:27,791 [grpc-default-executor-1] WARN  server.GrpcLogAppender (LogUtils.java:warn(134)) - b93e8517-84f8-4f68-bef3-e117f2a0c787@group-27CEAF660913->d31f9c36-f111-497e-b7b9-765da331cca9-AppendLogResponseHandler: Failed appendEntries: org.apache.ratis.thirdparty.io.grpc.StatusRuntimeException: UNAVAILABLE: io exception
2019-09-27 09:16:27,796 [grpc-default-executor-1] INFO  impl.FollowerInfo (FollowerInfo.java:lambda$new$0(51)) - b93e8517-84f8-4f68-bef3-e117f2a0c787@group-27CEAF660913->d31f9c36-f111-497e-b7b9-765da331cca9: nextIndex: updateUnconditionally 0 -> 0
2019-09-27 09:16:28,293 [grpc-default-executor-4] WARN  server.GrpcLogAppender (LogUtils.java:warn(134)) - b93e8517-84f8-4f68-bef3-e117f2a0c787@group-27CEAF660913->d31f9c36-f111-497e-b7b9-765da331cca9-AppendLogResponseHandler: Failed appendEntries: org.apache.ratis.thirdparty.io.grpc.StatusRuntimeException: UNAVAILABLE: io exception
2019-09-27 09:16:28,302 [grpc-default-executor-4] INFO  impl.FollowerInfo (FollowerInfo.java:lambda$new$0(51)) - b93e8517-84f8-4f68-bef3-e117f2a0c787@group-27CEAF660913->d31f9c36-f111-497e-b7b9-765da331cca9: nextIndex: updateUnconditionally 0 -> 0
2019-09-27 09:16:28,611 [Thread-1872] INFO  impl.FollowerState (FollowerState.java:run(106)) - 6bbd184a-0336-4d81-9e16-b14f69eef1c7:group-99BA15B9EFBE changes to CANDIDATE, lastRpcTime:1133, electionTimeout:1133ms
2019-09-27 09:16:28,611 [Thread-1872] INFO  impl.RoleInfo (RoleInfo.java:shutdownFollowerState(121)) - 6bbd184a-0336-4d81-9e16-b14f69eef1c7: shutdown FollowerState
2019-09-27 09:16:28,611 [Thread-1872] INFO  impl.RaftServerImpl (RaftServerImpl.java:setRole(174)) - 6bbd184a-0336-4d81-9e16-b14f69eef1c7@group-99BA15B9EFBE: changes role from  FOLLOWER to CANDIDATE at term 3 for changeToCandidate
2019-09-27 09:16:28,611 [Thread-1872] INFO  impl.RoleInfo (RoleInfo.java:updateAndGet(143)) - 6bbd184a-0336-4d81-9e16-b14f69eef1c7: start LeaderElection
2019-09-27 09:16:28,629 [6bbd184a-0336-4d81-9e16-b14f69eef1c7@group-99BA15B9EFBE:LeaderElection24] INFO  impl.LeaderElection (LeaderElection.java:askForVotes(182)) - 6bbd184a-0336-4d81-9e16-b14f69eef1c7@group-99BA15B9EFBE:LeaderElection24: begin an election at term 4 for 0: [61fa1b65-b974-45b4-9851-06f065a159ca:192.168.151.103:33766, 6bbd184a-0336-4d81-9e16-b14f69eef1c7:192.168.151.103:36847, e31a64e7-7f72-4df5-b5f7-b27bcc72e3f7:192.168.151.103:40680], old=null
2019-09-27 09:16:28,631 [6bbd184a-0336-4d81-9e16-b14f69eef1c7@group-99BA15B9EFBE:LeaderElection24] INFO  impl.LeaderElection (LogUtils.java:infoOrTrace(149)) - 6bbd184a-0336-4d81-9e16-b14f69eef1c7@group-99BA15B9EFBE:LeaderElection24 got exception when requesting votes: {}
java.util.concurrent.ExecutionException: org.apache.ratis.thirdparty.io.grpc.StatusRuntimeException: UNAVAILABLE: io exception
	at java.util.concurrent.FutureTask.report(FutureTask.java:122)
	at java.util.concurrent.FutureTask.get(FutureTask.java:192)
	at org.apache.ratis.server.impl.LeaderElection.waitForResults(LeaderElection.java:263)
	at org.apache.ratis.server.impl.LeaderElection.askForVotes(LeaderElection.java:201)
	at org.apache.ratis.server.impl.LeaderElection.run(LeaderElection.java:133)
	at java.lang.Thread.run(Thread.java:748)
Caused by: org.apache.ratis.thirdparty.io.grpc.StatusRuntimeException: UNAVAILABLE: io exception
	at org.apache.ratis.thirdparty.io.grpc.stub.ClientCalls.toStatusRuntimeException(ClientCalls.java:233)
	at org.apache.ratis.thirdparty.io.grpc.stub.ClientCalls.getUnchecked(ClientCalls.java:214)
	at org.apache.ratis.thirdparty.io.grpc.stub.ClientCalls.blockingUnaryCall(ClientCalls.java:139)
	at org.apache.ratis.proto.grpc.RaftServerProtocolServiceGrpc$RaftServerProtocolServiceBlockingStub.requestVote(RaftServerProtocolServiceGrpc.java:265)
	at org.apache.ratis.grpc.server.GrpcServerProtocolClient.requestVote(GrpcServerProtocolClient.java:90)
	at org.apache.ratis.grpc.server.GrpcService.requestVote(GrpcService.java:204)
	at org.apache.ratis.server.impl.LeaderElection.lambda$submitRequests$1(LeaderElection.java:238)
	at java.util.concurrent.FutureTask.run(FutureTask.java:266)
	at java.util.concurrent.Executors$RunnableAdapter.call(Executors.java:511)
	at java.util.concurrent.FutureTask.run(FutureTask.java:266)
	at java.util.concurrent.ThreadPoolExecutor.runWorker(ThreadPoolExecutor.java:1149)
	at java.util.concurrent.ThreadPoolExecutor$Worker.run(ThreadPoolExecutor.java:624)
	... 1 more
Caused by: org.apache.ratis.thirdparty.io.netty.channel.AbstractChannel$AnnotatedConnectException: Connection refused: /192.168.151.103:33766
	at sun.nio.ch.SocketChannelImpl.checkConnect(Native Method)
	at sun.nio.ch.SocketChannelImpl.finishConnect(SocketChannelImpl.java:717)
	at org.apache.ratis.thirdparty.io.netty.channel.socket.nio.NioSocketChannel.doFinishConnect(NioSocketChannel.java:327)
	at org.apache.ratis.thirdparty.io.netty.channel.nio.AbstractNioChannel$AbstractNioUnsafe.finishConnect(AbstractNioChannel.java:340)
	at org.apache.ratis.thirdparty.io.netty.channel.nio.NioEventLoop.processSelectedKey(NioEventLoop.java:632)
	at org.apache.ratis.thirdparty.io.netty.channel.nio.NioEventLoop.processSelectedKeysOptimized(NioEventLoop.java:579)
	at org.apache.ratis.thirdparty.io.netty.channel.nio.NioEventLoop.processSelectedKeys(NioEventLoop.java:496)
	at org.apache.ratis.thirdparty.io.netty.channel.nio.NioEventLoop.run(NioEventLoop.java:458)
	at org.apache.ratis.thirdparty.io.netty.util.concurrent.SingleThreadEventExecutor$5.run(SingleThreadEventExecutor.java:897)
	at org.apache.ratis.thirdparty.io.netty.util.concurrent.FastThreadLocalRunnable.run(FastThreadLocalRunnable.java:30)
	... 1 more
Caused by: java.net.ConnectException: Connection refused
	... 11 more
2019-09-27 09:16:28,641 [6bbd184a-0336-4d81-9e16-b14f69eef1c7@group-99BA15B9EFBE:LeaderElection24] INFO  impl.LeaderElection (LogUtils.java:infoOrTrace(149)) - 6bbd184a-0336-4d81-9e16-b14f69eef1c7@group-99BA15B9EFBE:LeaderElection24 got exception when requesting votes: {}
java.util.concurrent.ExecutionException: org.apache.ratis.thirdparty.io.grpc.StatusRuntimeException: UNAVAILABLE: io exception
	at java.util.concurrent.FutureTask.report(FutureTask.java:122)
	at java.util.concurrent.FutureTask.get(FutureTask.java:192)
	at org.apache.ratis.server.impl.LeaderElection.waitForResults(LeaderElection.java:263)
	at org.apache.ratis.server.impl.LeaderElection.askForVotes(LeaderElection.java:201)
	at org.apache.ratis.server.impl.LeaderElection.run(LeaderElection.java:133)
	at java.lang.Thread.run(Thread.java:748)
Caused by: org.apache.ratis.thirdparty.io.grpc.StatusRuntimeException: UNAVAILABLE: io exception
	at org.apache.ratis.thirdparty.io.grpc.stub.ClientCalls.toStatusRuntimeException(ClientCalls.java:233)
	at org.apache.ratis.thirdparty.io.grpc.stub.ClientCalls.getUnchecked(ClientCalls.java:214)
	at org.apache.ratis.thirdparty.io.grpc.stub.ClientCalls.blockingUnaryCall(ClientCalls.java:139)
	at org.apache.ratis.proto.grpc.RaftServerProtocolServiceGrpc$RaftServerProtocolServiceBlockingStub.requestVote(RaftServerProtocolServiceGrpc.java:265)
	at org.apache.ratis.grpc.server.GrpcServerProtocolClient.requestVote(GrpcServerProtocolClient.java:90)
	at org.apache.ratis.grpc.server.GrpcService.requestVote(GrpcService.java:204)
	at org.apache.ratis.server.impl.LeaderElection.lambda$submitRequests$1(LeaderElection.java:238)
	at java.util.concurrent.FutureTask.run(FutureTask.java:266)
	at java.util.concurrent.Executors$RunnableAdapter.call(Executors.java:511)
	at java.util.concurrent.FutureTask.run(FutureTask.java:266)
	at java.util.concurrent.ThreadPoolExecutor.runWorker(ThreadPoolExecutor.java:1149)
	at java.util.concurrent.ThreadPoolExecutor$Worker.run(ThreadPoolExecutor.java:624)
	... 1 more
Caused by: org.apache.ratis.thirdparty.io.netty.channel.AbstractChannel$AnnotatedConnectException: Connection refused: /192.168.151.103:40680
	at sun.nio.ch.SocketChannelImpl.checkConnect(Native Method)
	at sun.nio.ch.SocketChannelImpl.finishConnect(SocketChannelImpl.java:717)
	at org.apache.ratis.thirdparty.io.netty.channel.socket.nio.NioSocketChannel.doFinishConnect(NioSocketChannel.java:327)
	at org.apache.ratis.thirdparty.io.netty.channel.nio.AbstractNioChannel$AbstractNioUnsafe.finishConnect(AbstractNioChannel.java:340)
	at org.apache.ratis.thirdparty.io.netty.channel.nio.NioEventLoop.processSelectedKey(NioEventLoop.java:632)
	at org.apache.ratis.thirdparty.io.netty.channel.nio.NioEventLoop.processSelectedKeysOptimized(NioEventLoop.java:579)
	at org.apache.ratis.thirdparty.io.netty.channel.nio.NioEventLoop.processSelectedKeys(NioEventLoop.java:496)
	at org.apache.ratis.thirdparty.io.netty.channel.nio.NioEventLoop.run(NioEventLoop.java:458)
	at org.apache.ratis.thirdparty.io.netty.util.concurrent.SingleThreadEventExecutor$5.run(SingleThreadEventExecutor.java:897)
	at org.apache.ratis.thirdparty.io.netty.util.concurrent.FastThreadLocalRunnable.run(FastThreadLocalRunnable.java:30)
	... 1 more
Caused by: java.net.ConnectException: Connection refused
	... 11 more
2019-09-27 09:16:28,644 [6bbd184a-0336-4d81-9e16-b14f69eef1c7@group-99BA15B9EFBE:LeaderElection24] INFO  impl.LeaderElection (LeaderElection.java:logAndReturn(56)) - 6bbd184a-0336-4d81-9e16-b14f69eef1c7@group-99BA15B9EFBE:LeaderElection24: Election REJECTED; received 0 response(s) [] and 2 exception(s); 6bbd184a-0336-4d81-9e16-b14f69eef1c7@group-99BA15B9EFBE:t4, leader=null, voted=6bbd184a-0336-4d81-9e16-b14f69eef1c7, raftlog=6bbd184a-0336-4d81-9e16-b14f69eef1c7@group-99BA15B9EFBE-SegmentedRaftLog:OPENED:c0,f0,i0, conf=0: [61fa1b65-b974-45b4-9851-06f065a159ca:192.168.151.103:33766, 6bbd184a-0336-4d81-9e16-b14f69eef1c7:192.168.151.103:36847, e31a64e7-7f72-4df5-b5f7-b27bcc72e3f7:192.168.151.103:40680], old=null
2019-09-27 09:16:28,644 [6bbd184a-0336-4d81-9e16-b14f69eef1c7@group-99BA15B9EFBE:LeaderElection24] INFO  impl.LeaderElection (LogUtils.java:infoOrTrace(149)) -   Exception 0: {}
java.util.concurrent.ExecutionException: org.apache.ratis.thirdparty.io.grpc.StatusRuntimeException: UNAVAILABLE: io exception
	at java.util.concurrent.FutureTask.report(FutureTask.java:122)
	at java.util.concurrent.FutureTask.get(FutureTask.java:192)
	at org.apache.ratis.server.impl.LeaderElection.waitForResults(LeaderElection.java:263)
	at org.apache.ratis.server.impl.LeaderElection.askForVotes(LeaderElection.java:201)
	at org.apache.ratis.server.impl.LeaderElection.run(LeaderElection.java:133)
	at java.lang.Thread.run(Thread.java:748)
Caused by: org.apache.ratis.thirdparty.io.grpc.StatusRuntimeException: UNAVAILABLE: io exception
	at org.apache.ratis.thirdparty.io.grpc.stub.ClientCalls.toStatusRuntimeException(ClientCalls.java:233)
	at org.apache.ratis.thirdparty.io.grpc.stub.ClientCalls.getUnchecked(ClientCalls.java:214)
	at org.apache.ratis.thirdparty.io.grpc.stub.ClientCalls.blockingUnaryCall(ClientCalls.java:139)
	at org.apache.ratis.proto.grpc.RaftServerProtocolServiceGrpc$RaftServerProtocolServiceBlockingStub.requestVote(RaftServerProtocolServiceGrpc.java:265)
	at org.apache.ratis.grpc.server.GrpcServerProtocolClient.requestVote(GrpcServerProtocolClient.java:90)
	at org.apache.ratis.grpc.server.GrpcService.requestVote(GrpcService.java:204)
	at org.apache.ratis.server.impl.LeaderElection.lambda$submitRequests$1(LeaderElection.java:238)
	at java.util.concurrent.FutureTask.run(FutureTask.java:266)
	at java.util.concurrent.Executors$RunnableAdapter.call(Executors.java:511)
	at java.util.concurrent.FutureTask.run(FutureTask.java:266)
	at java.util.concurrent.ThreadPoolExecutor.runWorker(ThreadPoolExecutor.java:1149)
	at java.util.concurrent.ThreadPoolExecutor$Worker.run(ThreadPoolExecutor.java:624)
	... 1 more
Caused by: org.apache.ratis.thirdparty.io.netty.channel.AbstractChannel$AnnotatedConnectException: Connection refused: /192.168.151.103:33766
	at sun.nio.ch.SocketChannelImpl.checkConnect(Native Method)
	at sun.nio.ch.SocketChannelImpl.finishConnect(SocketChannelImpl.java:717)
	at org.apache.ratis.thirdparty.io.netty.channel.socket.nio.NioSocketChannel.doFinishConnect(NioSocketChannel.java:327)
	at org.apache.ratis.thirdparty.io.netty.channel.nio.AbstractNioChannel$AbstractNioUnsafe.finishConnect(AbstractNioChannel.java:340)
	at org.apache.ratis.thirdparty.io.netty.channel.nio.NioEventLoop.processSelectedKey(NioEventLoop.java:632)
	at org.apache.ratis.thirdparty.io.netty.channel.nio.NioEventLoop.processSelectedKeysOptimized(NioEventLoop.java:579)
	at org.apache.ratis.thirdparty.io.netty.channel.nio.NioEventLoop.processSelectedKeys(NioEventLoop.java:496)
	at org.apache.ratis.thirdparty.io.netty.channel.nio.NioEventLoop.run(NioEventLoop.java:458)
	at org.apache.ratis.thirdparty.io.netty.util.concurrent.SingleThreadEventExecutor$5.run(SingleThreadEventExecutor.java:897)
	at org.apache.ratis.thirdparty.io.netty.util.concurrent.FastThreadLocalRunnable.run(FastThreadLocalRunnable.java:30)
	... 1 more
Caused by: java.net.ConnectException: Connection refused
	... 11 more
2019-09-27 09:16:28,645 [6bbd184a-0336-4d81-9e16-b14f69eef1c7@group-99BA15B9EFBE:LeaderElection24] INFO  impl.LeaderElection (LogUtils.java:infoOrTrace(149)) -   Exception 1: {}
java.util.concurrent.ExecutionException: org.apache.ratis.thirdparty.io.grpc.StatusRuntimeException: UNAVAILABLE: io exception
	at java.util.concurrent.FutureTask.report(FutureTask.java:122)
	at java.util.concurrent.FutureTask.get(FutureTask.java:192)
	at org.apache.ratis.server.impl.LeaderElection.waitForResults(LeaderElection.java:263)
	at org.apache.ratis.server.impl.LeaderElection.askForVotes(LeaderElection.java:201)
	at org.apache.ratis.server.impl.LeaderElection.run(LeaderElection.java:133)
	at java.lang.Thread.run(Thread.java:748)
Caused by: org.apache.ratis.thirdparty.io.grpc.StatusRuntimeException: UNAVAILABLE: io exception
	at org.apache.ratis.thirdparty.io.grpc.stub.ClientCalls.toStatusRuntimeException(ClientCalls.java:233)
	at org.apache.ratis.thirdparty.io.grpc.stub.ClientCalls.getUnchecked(ClientCalls.java:214)
	at org.apache.ratis.thirdparty.io.grpc.stub.ClientCalls.blockingUnaryCall(ClientCalls.java:139)
	at org.apache.ratis.proto.grpc.RaftServerProtocolServiceGrpc$RaftServerProtocolServiceBlockingStub.requestVote(RaftServerProtocolServiceGrpc.java:265)
	at org.apache.ratis.grpc.server.GrpcServerProtocolClient.requestVote(GrpcServerProtocolClient.java:90)
	at org.apache.ratis.grpc.server.GrpcService.requestVote(GrpcService.java:204)
	at org.apache.ratis.server.impl.LeaderElection.lambda$submitRequests$1(LeaderElection.java:238)
	at java.util.concurrent.FutureTask.run(FutureTask.java:266)
	at java.util.concurrent.Executors$RunnableAdapter.call(Executors.java:511)
	at java.util.concurrent.FutureTask.run(FutureTask.java:266)
	at java.util.concurrent.ThreadPoolExecutor.runWorker(ThreadPoolExecutor.java:1149)
	at java.util.concurrent.ThreadPoolExecutor$Worker.run(ThreadPoolExecutor.java:624)
	... 1 more
Caused by: org.apache.ratis.thirdparty.io.netty.channel.AbstractChannel$AnnotatedConnectException: Connection refused: /192.168.151.103:40680
	at sun.nio.ch.SocketChannelImpl.checkConnect(Native Method)
	at sun.nio.ch.SocketChannelImpl.finishConnect(SocketChannelImpl.java:717)
	at org.apache.ratis.thirdparty.io.netty.channel.socket.nio.NioSocketChannel.doFinishConnect(NioSocketChannel.java:327)
	at org.apache.ratis.thirdparty.io.netty.channel.nio.AbstractNioChannel$AbstractNioUnsafe.finishConnect(AbstractNioChannel.java:340)
	at org.apache.ratis.thirdparty.io.netty.channel.nio.NioEventLoop.processSelectedKey(NioEventLoop.java:632)
	at org.apache.ratis.thirdparty.io.netty.channel.nio.NioEventLoop.processSelectedKeysOptimized(NioEventLoop.java:579)
	at org.apache.ratis.thirdparty.io.netty.channel.nio.NioEventLoop.processSelectedKeys(NioEventLoop.java:496)
	at org.apache.ratis.thirdparty.io.netty.channel.nio.NioEventLoop.run(NioEventLoop.java:458)
	at org.apache.ratis.thirdparty.io.netty.util.concurrent.SingleThreadEventExecutor$5.run(SingleThreadEventExecutor.java:897)
	at org.apache.ratis.thirdparty.io.netty.util.concurrent.FastThreadLocalRunnable.run(FastThreadLocalRunnable.java:30)
	... 1 more
Caused by: java.net.ConnectException: Connection refused
	... 11 more
2019-09-27 09:16:28,645 [6bbd184a-0336-4d81-9e16-b14f69eef1c7@group-99BA15B9EFBE:LeaderElection24] INFO  impl.RaftServerImpl (RaftServerImpl.java:setRole(174)) - 6bbd184a-0336-4d81-9e16-b14f69eef1c7@group-99BA15B9EFBE: changes role from CANDIDATE to FOLLOWER at term 4 for DISCOVERED_A_NEW_TERM
2019-09-27 09:16:28,648 [6bbd184a-0336-4d81-9e16-b14f69eef1c7@group-99BA15B9EFBE:LeaderElection24] INFO  impl.RoleInfo (RoleInfo.java:shutdownLeaderElection(134)) - 6bbd184a-0336-4d81-9e16-b14f69eef1c7: shutdown LeaderElection
2019-09-27 09:16:28,648 [6bbd184a-0336-4d81-9e16-b14f69eef1c7@group-99BA15B9EFBE:LeaderElection24] INFO  impl.RoleInfo (RoleInfo.java:updateAndGet(143)) - 6bbd184a-0336-4d81-9e16-b14f69eef1c7: start FollowerState
2019-09-27 09:16:28,796 [grpc-default-executor-1] WARN  server.GrpcLogAppender (LogUtils.java:warn(134)) - b93e8517-84f8-4f68-bef3-e117f2a0c787@group-27CEAF660913->d31f9c36-f111-497e-b7b9-765da331cca9-AppendLogResponseHandler: Failed appendEntries: org.apache.ratis.thirdparty.io.grpc.StatusRuntimeException: UNAVAILABLE: io exception
2019-09-27 09:16:28,816 [grpc-default-executor-1] INFO  impl.FollowerInfo (FollowerInfo.java:lambda$new$0(51)) - b93e8517-84f8-4f68-bef3-e117f2a0c787@group-27CEAF660913->d31f9c36-f111-497e-b7b9-765da331cca9: nextIndex: updateUnconditionally 0 -> 0
2019-09-27 09:16:29,299 [grpc-default-executor-4] WARN  server.GrpcLogAppender (LogUtils.java:warn(134)) - b93e8517-84f8-4f68-bef3-e117f2a0c787@group-27CEAF660913->d31f9c36-f111-497e-b7b9-765da331cca9-AppendLogResponseHandler: Failed appendEntries: org.apache.ratis.thirdparty.io.grpc.StatusRuntimeException: UNAVAILABLE: io exception
2019-09-27 09:16:29,303 [grpc-default-executor-4] INFO  impl.FollowerInfo (FollowerInfo.java:lambda$new$0(51)) - b93e8517-84f8-4f68-bef3-e117f2a0c787@group-27CEAF660913->d31f9c36-f111-497e-b7b9-765da331cca9: nextIndex: updateUnconditionally 0 -> 0
2019-09-27 09:16:29,799 [grpc-default-executor-1] WARN  server.GrpcLogAppender (LogUtils.java:warn(134)) - b93e8517-84f8-4f68-bef3-e117f2a0c787@group-27CEAF660913->d31f9c36-f111-497e-b7b9-765da331cca9-AppendLogResponseHandler: Failed appendEntries: org.apache.ratis.thirdparty.io.grpc.StatusRuntimeException: UNAVAILABLE: io exception
2019-09-27 09:16:29,801 [grpc-default-executor-1] INFO  impl.FollowerInfo (FollowerInfo.java:lambda$new$0(51)) - b93e8517-84f8-4f68-bef3-e117f2a0c787@group-27CEAF660913->d31f9c36-f111-497e-b7b9-765da331cca9: nextIndex: updateUnconditionally 0 -> 0
2019-09-27 09:16:29,813 [Thread-1882] INFO  impl.FollowerState (FollowerState.java:run(106)) - 6bbd184a-0336-4d81-9e16-b14f69eef1c7:group-99BA15B9EFBE changes to CANDIDATE, lastRpcTime:1165, electionTimeout:1163ms
2019-09-27 09:16:29,814 [Thread-1882] INFO  impl.RoleInfo (RoleInfo.java:shutdownFollowerState(121)) - 6bbd184a-0336-4d81-9e16-b14f69eef1c7: shutdown FollowerState
2019-09-27 09:16:29,814 [Thread-1882] INFO  impl.RaftServerImpl (RaftServerImpl.java:setRole(174)) - 6bbd184a-0336-4d81-9e16-b14f69eef1c7@group-99BA15B9EFBE: changes role from  FOLLOWER to CANDIDATE at term 4 for changeToCandidate
2019-09-27 09:16:29,814 [Thread-1882] INFO  impl.RoleInfo (RoleInfo.java:updateAndGet(143)) - 6bbd184a-0336-4d81-9e16-b14f69eef1c7: start LeaderElection
2019-09-27 09:16:29,831 [6bbd184a-0336-4d81-9e16-b14f69eef1c7@group-99BA15B9EFBE:LeaderElection25] INFO  impl.LeaderElection (LeaderElection.java:askForVotes(182)) - 6bbd184a-0336-4d81-9e16-b14f69eef1c7@group-99BA15B9EFBE:LeaderElection25: begin an election at term 5 for 0: [61fa1b65-b974-45b4-9851-06f065a159ca:192.168.151.103:33766, 6bbd184a-0336-4d81-9e16-b14f69eef1c7:192.168.151.103:36847, e31a64e7-7f72-4df5-b5f7-b27bcc72e3f7:192.168.151.103:40680], old=null
2019-09-27 09:16:29,833 [6bbd184a-0336-4d81-9e16-b14f69eef1c7@group-99BA15B9EFBE:LeaderElection25] INFO  impl.LeaderElection (LogUtils.java:infoOrTrace(149)) - 6bbd184a-0336-4d81-9e16-b14f69eef1c7@group-99BA15B9EFBE:LeaderElection25 got exception when requesting votes: {}
java.util.concurrent.ExecutionException: org.apache.ratis.thirdparty.io.grpc.StatusRuntimeException: UNAVAILABLE: io exception
	at java.util.concurrent.FutureTask.report(FutureTask.java:122)
	at java.util.concurrent.FutureTask.get(FutureTask.java:192)
	at org.apache.ratis.server.impl.LeaderElection.waitForResults(LeaderElection.java:263)
	at org.apache.ratis.server.impl.LeaderElection.askForVotes(LeaderElection.java:201)
	at org.apache.ratis.server.impl.LeaderElection.run(LeaderElection.java:133)
	at java.lang.Thread.run(Thread.java:748)
Caused by: org.apache.ratis.thirdparty.io.grpc.StatusRuntimeException: UNAVAILABLE: io exception
	at org.apache.ratis.thirdparty.io.grpc.stub.ClientCalls.toStatusRuntimeException(ClientCalls.java:233)
	at org.apache.ratis.thirdparty.io.grpc.stub.ClientCalls.getUnchecked(ClientCalls.java:214)
	at org.apache.ratis.thirdparty.io.grpc.stub.ClientCalls.blockingUnaryCall(ClientCalls.java:139)
	at org.apache.ratis.proto.grpc.RaftServerProtocolServiceGrpc$RaftServerProtocolServiceBlockingStub.requestVote(RaftServerProtocolServiceGrpc.java:265)
	at org.apache.ratis.grpc.server.GrpcServerProtocolClient.requestVote(GrpcServerProtocolClient.java:90)
	at org.apache.ratis.grpc.server.GrpcService.requestVote(GrpcService.java:204)
	at org.apache.ratis.server.impl.LeaderElection.lambda$submitRequests$1(LeaderElection.java:238)
	at java.util.concurrent.FutureTask.run(FutureTask.java:266)
	at java.util.concurrent.Executors$RunnableAdapter.call(Executors.java:511)
	at java.util.concurrent.FutureTask.run(FutureTask.java:266)
	at java.util.concurrent.ThreadPoolExecutor.runWorker(ThreadPoolExecutor.java:1149)
	at java.util.concurrent.ThreadPoolExecutor$Worker.run(ThreadPoolExecutor.java:624)
	... 1 more
Caused by: org.apache.ratis.thirdparty.io.netty.channel.AbstractChannel$AnnotatedConnectException: Connection refused: /192.168.151.103:40680
	at sun.nio.ch.SocketChannelImpl.checkConnect(Native Method)
	at sun.nio.ch.SocketChannelImpl.finishConnect(SocketChannelImpl.java:717)
	at org.apache.ratis.thirdparty.io.netty.channel.socket.nio.NioSocketChannel.doFinishConnect(NioSocketChannel.java:327)
	at org.apache.ratis.thirdparty.io.netty.channel.nio.AbstractNioChannel$AbstractNioUnsafe.finishConnect(AbstractNioChannel.java:340)
	at org.apache.ratis.thirdparty.io.netty.channel.nio.NioEventLoop.processSelectedKey(NioEventLoop.java:632)
	at org.apache.ratis.thirdparty.io.netty.channel.nio.NioEventLoop.processSelectedKeysOptimized(NioEventLoop.java:579)
	at org.apache.ratis.thirdparty.io.netty.channel.nio.NioEventLoop.processSelectedKeys(NioEventLoop.java:496)
	at org.apache.ratis.thirdparty.io.netty.channel.nio.NioEventLoop.run(NioEventLoop.java:458)
	at org.apache.ratis.thirdparty.io.netty.util.concurrent.SingleThreadEventExecutor$5.run(SingleThreadEventExecutor.java:897)
	at org.apache.ratis.thirdparty.io.netty.util.concurrent.FastThreadLocalRunnable.run(FastThreadLocalRunnable.java:30)
	... 1 more
Caused by: java.net.ConnectException: Connection refused
	... 11 more
2019-09-27 09:16:29,837 [6bbd184a-0336-4d81-9e16-b14f69eef1c7@group-99BA15B9EFBE:LeaderElection25] INFO  impl.LeaderElection (LogUtils.java:infoOrTrace(149)) - 6bbd184a-0336-4d81-9e16-b14f69eef1c7@group-99BA15B9EFBE:LeaderElection25 got exception when requesting votes: {}
java.util.concurrent.ExecutionException: org.apache.ratis.thirdparty.io.grpc.StatusRuntimeException: UNAVAILABLE: io exception
	at java.util.concurrent.FutureTask.report(FutureTask.java:122)
	at java.util.concurrent.FutureTask.get(FutureTask.java:192)
	at org.apache.ratis.server.impl.LeaderElection.waitForResults(LeaderElection.java:263)
	at org.apache.ratis.server.impl.LeaderElection.askForVotes(LeaderElection.java:201)
	at org.apache.ratis.server.impl.LeaderElection.run(LeaderElection.java:133)
	at java.lang.Thread.run(Thread.java:748)
Caused by: org.apache.ratis.thirdparty.io.grpc.StatusRuntimeException: UNAVAILABLE: io exception
	at org.apache.ratis.thirdparty.io.grpc.stub.ClientCalls.toStatusRuntimeException(ClientCalls.java:233)
	at org.apache.ratis.thirdparty.io.grpc.stub.ClientCalls.getUnchecked(ClientCalls.java:214)
	at org.apache.ratis.thirdparty.io.grpc.stub.ClientCalls.blockingUnaryCall(ClientCalls.java:139)
	at org.apache.ratis.proto.grpc.RaftServerProtocolServiceGrpc$RaftServerProtocolServiceBlockingStub.requestVote(RaftServerProtocolServiceGrpc.java:265)
	at org.apache.ratis.grpc.server.GrpcServerProtocolClient.requestVote(GrpcServerProtocolClient.java:90)
	at org.apache.ratis.grpc.server.GrpcService.requestVote(GrpcService.java:204)
	at org.apache.ratis.server.impl.LeaderElection.lambda$submitRequests$1(LeaderElection.java:238)
	at java.util.concurrent.FutureTask.run(FutureTask.java:266)
	at java.util.concurrent.Executors$RunnableAdapter.call(Executors.java:511)
	at java.util.concurrent.FutureTask.run(FutureTask.java:266)
	at java.util.concurrent.ThreadPoolExecutor.runWorker(ThreadPoolExecutor.java:1149)
	at java.util.concurrent.ThreadPoolExecutor$Worker.run(ThreadPoolExecutor.java:624)
	... 1 more
Caused by: org.apache.ratis.thirdparty.io.netty.channel.AbstractChannel$AnnotatedConnectException: Connection refused: /192.168.151.103:33766
	at sun.nio.ch.SocketChannelImpl.checkConnect(Native Method)
	at sun.nio.ch.SocketChannelImpl.finishConnect(SocketChannelImpl.java:717)
	at org.apache.ratis.thirdparty.io.netty.channel.socket.nio.NioSocketChannel.doFinishConnect(NioSocketChannel.java:327)
	at org.apache.ratis.thirdparty.io.netty.channel.nio.AbstractNioChannel$AbstractNioUnsafe.finishConnect(AbstractNioChannel.java:340)
	at org.apache.ratis.thirdparty.io.netty.channel.nio.NioEventLoop.processSelectedKey(NioEventLoop.java:632)
	at org.apache.ratis.thirdparty.io.netty.channel.nio.NioEventLoop.processSelectedKeysOptimized(NioEventLoop.java:579)
	at org.apache.ratis.thirdparty.io.netty.channel.nio.NioEventLoop.processSelectedKeys(NioEventLoop.java:496)
	at org.apache.ratis.thirdparty.io.netty.channel.nio.NioEventLoop.run(NioEventLoop.java:458)
	at org.apache.ratis.thirdparty.io.netty.util.concurrent.SingleThreadEventExecutor$5.run(SingleThreadEventExecutor.java:897)
	at org.apache.ratis.thirdparty.io.netty.util.concurrent.FastThreadLocalRunnable.run(FastThreadLocalRunnable.java:30)
	... 1 more
Caused by: java.net.ConnectException: Connection refused
	... 11 more
2019-09-27 09:16:29,841 [6bbd184a-0336-4d81-9e16-b14f69eef1c7@group-99BA15B9EFBE:LeaderElection25] INFO  impl.LeaderElection (LeaderElection.java:logAndReturn(56)) - 6bbd184a-0336-4d81-9e16-b14f69eef1c7@group-99BA15B9EFBE:LeaderElection25: Election REJECTED; received 0 response(s) [] and 2 exception(s); 6bbd184a-0336-4d81-9e16-b14f69eef1c7@group-99BA15B9EFBE:t5, leader=null, voted=6bbd184a-0336-4d81-9e16-b14f69eef1c7, raftlog=6bbd184a-0336-4d81-9e16-b14f69eef1c7@group-99BA15B9EFBE-SegmentedRaftLog:OPENED:c0,f0,i0, conf=0: [61fa1b65-b974-45b4-9851-06f065a159ca:192.168.151.103:33766, 6bbd184a-0336-4d81-9e16-b14f69eef1c7:192.168.151.103:36847, e31a64e7-7f72-4df5-b5f7-b27bcc72e3f7:192.168.151.103:40680], old=null
2019-09-27 09:16:29,841 [6bbd184a-0336-4d81-9e16-b14f69eef1c7@group-99BA15B9EFBE:LeaderElection25] INFO  impl.LeaderElection (LogUtils.java:infoOrTrace(149)) -   Exception 0: {}
java.util.concurrent.ExecutionException: org.apache.ratis.thirdparty.io.grpc.StatusRuntimeException: UNAVAILABLE: io exception
	at java.util.concurrent.FutureTask.report(FutureTask.java:122)
	at java.util.concurrent.FutureTask.get(FutureTask.java:192)
	at org.apache.ratis.server.impl.LeaderElection.waitForResults(LeaderElection.java:263)
	at org.apache.ratis.server.impl.LeaderElection.askForVotes(LeaderElection.java:201)
	at org.apache.ratis.server.impl.LeaderElection.run(LeaderElection.java:133)
	at java.lang.Thread.run(Thread.java:748)
Caused by: org.apache.ratis.thirdparty.io.grpc.StatusRuntimeException: UNAVAILABLE: io exception
	at org.apache.ratis.thirdparty.io.grpc.stub.ClientCalls.toStatusRuntimeException(ClientCalls.java:233)
	at org.apache.ratis.thirdparty.io.grpc.stub.ClientCalls.getUnchecked(ClientCalls.java:214)
	at org.apache.ratis.thirdparty.io.grpc.stub.ClientCalls.blockingUnaryCall(ClientCalls.java:139)
	at org.apache.ratis.proto.grpc.RaftServerProtocolServiceGrpc$RaftServerProtocolServiceBlockingStub.requestVote(RaftServerProtocolServiceGrpc.java:265)
	at org.apache.ratis.grpc.server.GrpcServerProtocolClient.requestVote(GrpcServerProtocolClient.java:90)
	at org.apache.ratis.grpc.server.GrpcService.requestVote(GrpcService.java:204)
	at org.apache.ratis.server.impl.LeaderElection.lambda$submitRequests$1(LeaderElection.java:238)
	at java.util.concurrent.FutureTask.run(FutureTask.java:266)
	at java.util.concurrent.Executors$RunnableAdapter.call(Executors.java:511)
	at java.util.concurrent.FutureTask.run(FutureTask.java:266)
	at java.util.concurrent.ThreadPoolExecutor.runWorker(ThreadPoolExecutor.java:1149)
	at java.util.concurrent.ThreadPoolExecutor$Worker.run(ThreadPoolExecutor.java:624)
	... 1 more
Caused by: org.apache.ratis.thirdparty.io.netty.channel.AbstractChannel$AnnotatedConnectException: Connection refused: /192.168.151.103:40680
	at sun.nio.ch.SocketChannelImpl.checkConnect(Native Method)
	at sun.nio.ch.SocketChannelImpl.finishConnect(SocketChannelImpl.java:717)
	at org.apache.ratis.thirdparty.io.netty.channel.socket.nio.NioSocketChannel.doFinishConnect(NioSocketChannel.java:327)
	at org.apache.ratis.thirdparty.io.netty.channel.nio.AbstractNioChannel$AbstractNioUnsafe.finishConnect(AbstractNioChannel.java:340)
	at org.apache.ratis.thirdparty.io.netty.channel.nio.NioEventLoop.processSelectedKey(NioEventLoop.java:632)
	at org.apache.ratis.thirdparty.io.netty.channel.nio.NioEventLoop.processSelectedKeysOptimized(NioEventLoop.java:579)
	at org.apache.ratis.thirdparty.io.netty.channel.nio.NioEventLoop.processSelectedKeys(NioEventLoop.java:496)
	at org.apache.ratis.thirdparty.io.netty.channel.nio.NioEventLoop.run(NioEventLoop.java:458)
	at org.apache.ratis.thirdparty.io.netty.util.concurrent.SingleThreadEventExecutor$5.run(SingleThreadEventExecutor.java:897)
	at org.apache.ratis.thirdparty.io.netty.util.concurrent.FastThreadLocalRunnable.run(FastThreadLocalRunnable.java:30)
	... 1 more
Caused by: java.net.ConnectException: Connection refused
	... 11 more
2019-09-27 09:16:29,841 [6bbd184a-0336-4d81-9e16-b14f69eef1c7@group-99BA15B9EFBE:LeaderElection25] INFO  impl.LeaderElection (LogUtils.java:infoOrTrace(149)) -   Exception 1: {}
java.util.concurrent.ExecutionException: org.apache.ratis.thirdparty.io.grpc.StatusRuntimeException: UNAVAILABLE: io exception
	at java.util.concurrent.FutureTask.report(FutureTask.java:122)
	at java.util.concurrent.FutureTask.get(FutureTask.java:192)
	at org.apache.ratis.server.impl.LeaderElection.waitForResults(LeaderElection.java:263)
	at org.apache.ratis.server.impl.LeaderElection.askForVotes(LeaderElection.java:201)
	at org.apache.ratis.server.impl.LeaderElection.run(LeaderElection.java:133)
	at java.lang.Thread.run(Thread.java:748)
Caused by: org.apache.ratis.thirdparty.io.grpc.StatusRuntimeException: UNAVAILABLE: io exception
	at org.apache.ratis.thirdparty.io.grpc.stub.ClientCalls.toStatusRuntimeException(ClientCalls.java:233)
	at org.apache.ratis.thirdparty.io.grpc.stub.ClientCalls.getUnchecked(ClientCalls.java:214)
	at org.apache.ratis.thirdparty.io.grpc.stub.ClientCalls.blockingUnaryCall(ClientCalls.java:139)
	at org.apache.ratis.proto.grpc.RaftServerProtocolServiceGrpc$RaftServerProtocolServiceBlockingStub.requestVote(RaftServerProtocolServiceGrpc.java:265)
	at org.apache.ratis.grpc.server.GrpcServerProtocolClient.requestVote(GrpcServerProtocolClient.java:90)
	at org.apache.ratis.grpc.server.GrpcService.requestVote(GrpcService.java:204)
	at org.apache.ratis.server.impl.LeaderElection.lambda$submitRequests$1(LeaderElection.java:238)
	at java.util.concurrent.FutureTask.run(FutureTask.java:266)
	at java.util.concurrent.Executors$RunnableAdapter.call(Executors.java:511)
	at java.util.concurrent.FutureTask.run(FutureTask.java:266)
	at java.util.concurrent.ThreadPoolExecutor.runWorker(ThreadPoolExecutor.java:1149)
	at java.util.concurrent.ThreadPoolExecutor$Worker.run(ThreadPoolExecutor.java:624)
	... 1 more
Caused by: org.apache.ratis.thirdparty.io.netty.channel.AbstractChannel$AnnotatedConnectException: Connection refused: /192.168.151.103:33766
	at sun.nio.ch.SocketChannelImpl.checkConnect(Native Method)
	at sun.nio.ch.SocketChannelImpl.finishConnect(SocketChannelImpl.java:717)
	at org.apache.ratis.thirdparty.io.netty.channel.socket.nio.NioSocketChannel.doFinishConnect(NioSocketChannel.java:327)
	at org.apache.ratis.thirdparty.io.netty.channel.nio.AbstractNioChannel$AbstractNioUnsafe.finishConnect(AbstractNioChannel.java:340)
	at org.apache.ratis.thirdparty.io.netty.channel.nio.NioEventLoop.processSelectedKey(NioEventLoop.java:632)
	at org.apache.ratis.thirdparty.io.netty.channel.nio.NioEventLoop.processSelectedKeysOptimized(NioEventLoop.java:579)
	at org.apache.ratis.thirdparty.io.netty.channel.nio.NioEventLoop.processSelectedKeys(NioEventLoop.java:496)
	at org.apache.ratis.thirdparty.io.netty.channel.nio.NioEventLoop.run(NioEventLoop.java:458)
	at org.apache.ratis.thirdparty.io.netty.util.concurrent.SingleThreadEventExecutor$5.run(SingleThreadEventExecutor.java:897)
	at org.apache.ratis.thirdparty.io.netty.util.concurrent.FastThreadLocalRunnable.run(FastThreadLocalRunnable.java:30)
	... 1 more
Caused by: java.net.ConnectException: Connection refused
	... 11 more
2019-09-27 09:16:29,842 [6bbd184a-0336-4d81-9e16-b14f69eef1c7@group-99BA15B9EFBE:LeaderElection25] INFO  impl.RaftServerImpl (RaftServerImpl.java:setRole(174)) - 6bbd184a-0336-4d81-9e16-b14f69eef1c7@group-99BA15B9EFBE: changes role from CANDIDATE to FOLLOWER at term 5 for DISCOVERED_A_NEW_TERM
2019-09-27 09:16:29,845 [6bbd184a-0336-4d81-9e16-b14f69eef1c7@group-99BA15B9EFBE:LeaderElection25] INFO  impl.RoleInfo (RoleInfo.java:shutdownLeaderElection(134)) - 6bbd184a-0336-4d81-9e16-b14f69eef1c7: shutdown LeaderElection
2019-09-27 09:16:29,845 [6bbd184a-0336-4d81-9e16-b14f69eef1c7@group-99BA15B9EFBE:LeaderElection25] INFO  impl.RoleInfo (RoleInfo.java:updateAndGet(143)) - 6bbd184a-0336-4d81-9e16-b14f69eef1c7: start FollowerState
2019-09-27 09:16:30,302 [grpc-default-executor-1] WARN  server.GrpcLogAppender (LogUtils.java:warn(134)) - b93e8517-84f8-4f68-bef3-e117f2a0c787@group-27CEAF660913->d31f9c36-f111-497e-b7b9-765da331cca9-AppendLogResponseHandler: Failed appendEntries: org.apache.ratis.thirdparty.io.grpc.StatusRuntimeException: UNAVAILABLE: io exception
2019-09-27 09:16:30,306 [grpc-default-executor-1] INFO  impl.FollowerInfo (FollowerInfo.java:lambda$new$0(51)) - b93e8517-84f8-4f68-bef3-e117f2a0c787@group-27CEAF660913->d31f9c36-f111-497e-b7b9-765da331cca9: nextIndex: updateUnconditionally 0 -> 0
2019-09-27 09:16:30,803 [grpc-default-executor-4] WARN  server.GrpcLogAppender (LogUtils.java:warn(134)) - b93e8517-84f8-4f68-bef3-e117f2a0c787@group-27CEAF660913->d31f9c36-f111-497e-b7b9-765da331cca9-AppendLogResponseHandler: Failed appendEntries: org.apache.ratis.thirdparty.io.grpc.StatusRuntimeException: UNAVAILABLE: io exception
2019-09-27 09:16:30,805 [grpc-default-executor-4] INFO  impl.FollowerInfo (FollowerInfo.java:lambda$new$0(51)) - b93e8517-84f8-4f68-bef3-e117f2a0c787@group-27CEAF660913->d31f9c36-f111-497e-b7b9-765da331cca9: nextIndex: updateUnconditionally 0 -> 0
2019-09-27 09:16:30,859 [ForkJoinPool.commonPool-worker-0] INFO  ozoneimpl.OzoneContainer (OzoneContainer.java:stop(231)) - Attempting to stop container services.
2019-09-27 09:16:30,859 [main] INFO  ozoneimpl.OzoneContainer (OzoneContainer.java:stop(231)) - Attempting to stop container services.
2019-09-27 09:16:30,860 [main] INFO  impl.RaftServerProxy (RaftServerProxy.java:lambda$close$4(314)) - 1b1c50e1-42fe-4038-95e1-cf5ebbb85fbb: close
2019-09-27 09:16:30,860 [ForkJoinPool.commonPool-worker-0] INFO  impl.RaftServerProxy (RaftServerProxy.java:lambda$close$4(314)) - a7400050-0947-41b0-8512-caed91bc5dce: close
2019-09-27 09:16:30,860 [main] INFO  impl.RaftServerImpl (RaftServerImpl.java:lambda$shutdown$3(251)) - 1b1c50e1-42fe-4038-95e1-cf5ebbb85fbb@group-4DD0B4D884A5: shutdown
2019-09-27 09:16:30,861 [ForkJoinPool.commonPool-worker-0] INFO  impl.RaftServerImpl (RaftServerImpl.java:lambda$shutdown$3(251)) - a7400050-0947-41b0-8512-caed91bc5dce@group-4DD0B4D884A5: shutdown
2019-09-27 09:16:30,861 [main] INFO  util.JmxRegister (JmxRegister.java:unregister(73)) - Successfully un-registered JMX Bean with object name Ratis:service=RaftServer,group=group-4DD0B4D884A5,id=1b1c50e1-42fe-4038-95e1-cf5ebbb85fbb
2019-09-27 09:16:30,861 [ForkJoinPool.commonPool-worker-0] INFO  util.JmxRegister (JmxRegister.java:unregister(73)) - Successfully un-registered JMX Bean with object name Ratis:service=RaftServer,group=group-4DD0B4D884A5,id=a7400050-0947-41b0-8512-caed91bc5dce
2019-09-27 09:16:30,861 [main] INFO  impl.RoleInfo (RoleInfo.java:shutdownFollowerState(121)) - 1b1c50e1-42fe-4038-95e1-cf5ebbb85fbb: shutdown FollowerState
2019-09-27 09:16:30,862 [ForkJoinPool.commonPool-worker-0] INFO  impl.RoleInfo (RoleInfo.java:shutdownFollowerState(121)) - a7400050-0947-41b0-8512-caed91bc5dce: shutdown FollowerState
2019-09-27 09:16:30,862 [Thread-1039] INFO  impl.FollowerState (FollowerState.java:run(115)) - 1b1c50e1-42fe-4038-95e1-cf5ebbb85fbb: FollowerState was interrupted: java.lang.InterruptedException: sleep interrupted
2019-09-27 09:16:30,862 [main] INFO  impl.StateMachineUpdater (StateMachineUpdater.java:stopAndJoin(125)) - 1b1c50e1-42fe-4038-95e1-cf5ebbb85fbb@group-4DD0B4D884A5-StateMachineUpdater: set stopIndex = 2
2019-09-27 09:16:30,862 [Thread-1038] INFO  impl.FollowerState (FollowerState.java:run(115)) - a7400050-0947-41b0-8512-caed91bc5dce: FollowerState was interrupted: java.lang.InterruptedException: sleep interrupted
2019-09-27 09:16:30,862 [ForkJoinPool.commonPool-worker-0] INFO  impl.StateMachineUpdater (StateMachineUpdater.java:stopAndJoin(125)) - a7400050-0947-41b0-8512-caed91bc5dce@group-4DD0B4D884A5-StateMachineUpdater: set stopIndex = 2
2019-09-27 09:16:30,867 [ForkJoinPool.commonPool-worker-0] INFO  impl.RaftServerImpl (ServerState.java:close(385)) - a7400050-0947-41b0-8512-caed91bc5dce@group-4DD0B4D884A5: closes. applyIndex: 2
2019-09-27 09:16:30,865 [main] INFO  impl.RaftServerImpl (ServerState.java:close(385)) - 1b1c50e1-42fe-4038-95e1-cf5ebbb85fbb@group-4DD0B4D884A5: closes. applyIndex: 2
2019-09-27 09:16:30,868 [a7400050-0947-41b0-8512-caed91bc5dce@group-4DD0B4D884A5-SegmentedRaftLogWorker] INFO  segmented.SegmentedRaftLogWorker (SegmentedRaftLogWorker.java:run(313)) - a7400050-0947-41b0-8512-caed91bc5dce@group-4DD0B4D884A5-SegmentedRaftLogWorker was interrupted, exiting. There are 0 tasks remaining in the queue.
2019-09-27 09:16:30,870 [1b1c50e1-42fe-4038-95e1-cf5ebbb85fbb@group-4DD0B4D884A5-SegmentedRaftLogWorker] INFO  segmented.SegmentedRaftLogWorker (SegmentedRaftLogWorker.java:run(313)) - 1b1c50e1-42fe-4038-95e1-cf5ebbb85fbb@group-4DD0B4D884A5-SegmentedRaftLogWorker was interrupted, exiting. There are 0 tasks remaining in the queue.
2019-09-27 09:16:30,870 [ForkJoinPool.commonPool-worker-0] INFO  segmented.SegmentedRaftLogWorker (SegmentedRaftLogWorker.java:close(228)) - a7400050-0947-41b0-8512-caed91bc5dce@group-4DD0B4D884A5-SegmentedRaftLogWorker close()
2019-09-27 09:16:30,872 [main] INFO  segmented.SegmentedRaftLogWorker (SegmentedRaftLogWorker.java:close(228)) - 1b1c50e1-42fe-4038-95e1-cf5ebbb85fbb@group-4DD0B4D884A5-SegmentedRaftLogWorker close()
2019-09-27 09:16:30,876 [ForkJoinPool.commonPool-worker-0] INFO  impl.RaftServerImpl (RaftServerImpl.java:lambda$shutdown$3(251)) - a7400050-0947-41b0-8512-caed91bc5dce@group-DC1EF03DFD46: shutdown
2019-09-27 09:16:30,880 [main] INFO  impl.RaftServerImpl (RaftServerImpl.java:lambda$shutdown$3(251)) - 1b1c50e1-42fe-4038-95e1-cf5ebbb85fbb@group-8B38F324D59E: shutdown
2019-09-27 09:16:30,880 [ForkJoinPool.commonPool-worker-0] INFO  util.JmxRegister (JmxRegister.java:unregister(73)) - Successfully un-registered JMX Bean with object name Ratis:service=RaftServer,group=group-DC1EF03DFD46,id=a7400050-0947-41b0-8512-caed91bc5dce
2019-09-27 09:16:30,880 [main] INFO  util.JmxRegister (JmxRegister.java:unregister(73)) - Successfully un-registered JMX Bean with object name Ratis:service=RaftServer,group=group-8B38F324D59E,id=1b1c50e1-42fe-4038-95e1-cf5ebbb85fbb
2019-09-27 09:16:30,881 [ForkJoinPool.commonPool-worker-0] INFO  impl.RoleInfo (RoleInfo.java:shutdownLeaderState(104)) - a7400050-0947-41b0-8512-caed91bc5dce: shutdown LeaderState
2019-09-27 09:16:30,881 [main] INFO  impl.RoleInfo (RoleInfo.java:shutdownLeaderState(104)) - 1b1c50e1-42fe-4038-95e1-cf5ebbb85fbb: shutdown LeaderState
2019-09-27 09:16:30,881 [ForkJoinPool.commonPool-worker-0] INFO  impl.PendingRequests (PendingRequests.java:sendNotLeaderResponses(202)) - a7400050-0947-41b0-8512-caed91bc5dce-PendingRequests: sendNotLeaderResponses
2019-09-27 09:16:30,881 [main] INFO  impl.PendingRequests (PendingRequests.java:sendNotLeaderResponses(202)) - 1b1c50e1-42fe-4038-95e1-cf5ebbb85fbb-PendingRequests: sendNotLeaderResponses
2019-09-27 09:16:30,882 [ForkJoinPool.commonPool-worker-0] INFO  impl.StateMachineUpdater (StateMachineUpdater.java:stopAndJoin(125)) - a7400050-0947-41b0-8512-caed91bc5dce@group-DC1EF03DFD46-StateMachineUpdater: set stopIndex = 0
2019-09-27 09:16:30,882 [main] INFO  impl.StateMachineUpdater (StateMachineUpdater.java:stopAndJoin(125)) - 1b1c50e1-42fe-4038-95e1-cf5ebbb85fbb@group-8B38F324D59E-StateMachineUpdater: set stopIndex = 0
2019-09-27 09:16:30,882 [ForkJoinPool.commonPool-worker-0] INFO  impl.RaftServerImpl (ServerState.java:close(385)) - a7400050-0947-41b0-8512-caed91bc5dce@group-DC1EF03DFD46: closes. applyIndex: 0
2019-09-27 09:16:30,882 [main] INFO  impl.RaftServerImpl (ServerState.java:close(385)) - 1b1c50e1-42fe-4038-95e1-cf5ebbb85fbb@group-8B38F324D59E: closes. applyIndex: 0
2019-09-27 09:16:30,883 [a7400050-0947-41b0-8512-caed91bc5dce@group-DC1EF03DFD46-SegmentedRaftLogWorker] INFO  segmented.SegmentedRaftLogWorker (SegmentedRaftLogWorker.java:run(313)) - a7400050-0947-41b0-8512-caed91bc5dce@group-DC1EF03DFD46-SegmentedRaftLogWorker was interrupted, exiting. There are 0 tasks remaining in the queue.
2019-09-27 09:16:30,883 [1b1c50e1-42fe-4038-95e1-cf5ebbb85fbb@group-8B38F324D59E-SegmentedRaftLogWorker] INFO  segmented.SegmentedRaftLogWorker (SegmentedRaftLogWorker.java:run(313)) - 1b1c50e1-42fe-4038-95e1-cf5ebbb85fbb@group-8B38F324D59E-SegmentedRaftLogWorker was interrupted, exiting. There are 0 tasks remaining in the queue.
2019-09-27 09:16:30,885 [ForkJoinPool.commonPool-worker-0] INFO  segmented.SegmentedRaftLogWorker (SegmentedRaftLogWorker.java:close(228)) - a7400050-0947-41b0-8512-caed91bc5dce@group-DC1EF03DFD46-SegmentedRaftLogWorker close()
2019-09-27 09:16:30,894 [main] INFO  segmented.SegmentedRaftLogWorker (SegmentedRaftLogWorker.java:close(228)) - 1b1c50e1-42fe-4038-95e1-cf5ebbb85fbb@group-8B38F324D59E-SegmentedRaftLogWorker close()
2019-09-27 09:16:30,896 [ForkJoinPool.commonPool-worker-0] INFO  server.GrpcService (GrpcService.java:closeImpl(164)) - a7400050-0947-41b0-8512-caed91bc5dce: shutdown server with port 33851 now
2019-09-27 09:16:30,898 [main] INFO  server.GrpcService (GrpcService.java:closeImpl(164)) - 1b1c50e1-42fe-4038-95e1-cf5ebbb85fbb: shutdown server with port 40816 now
2019-09-27 09:16:30,901 [grpc-default-executor-4] WARN  server.GrpcServerProtocolService (LogUtils.java:warn(134)) - a7400050-0947-41b0-8512-caed91bc5dce: installSnapshot onError, lastRequest: 0821efe4-c707-4fcc-94f8-cb827e7ada87->a7400050-0947-41b0-8512-caed91bc5dce#146-t5, previous=(t:5, i:2), leaderCommit=2, initializing? false, entries: <empty>: org.apache.ratis.thirdparty.io.grpc.StatusRuntimeException: CANCELLED: cancelled before receiving half close
2019-09-27 09:16:30,901 [grpc-default-executor-2] WARN  server.GrpcServerProtocolService (LogUtils.java:warn(134)) - 1b1c50e1-42fe-4038-95e1-cf5ebbb85fbb: installSnapshot onError, lastRequest: 0821efe4-c707-4fcc-94f8-cb827e7ada87->1b1c50e1-42fe-4038-95e1-cf5ebbb85fbb#146-t5, previous=(t:5, i:2), leaderCommit=2, initializing? false, entries: <empty>: org.apache.ratis.thirdparty.io.grpc.StatusRuntimeException: CANCELLED: cancelled before receiving half close
2019-09-27 09:16:30,901 [ForkJoinPool.commonPool-worker-0] INFO  server.GrpcService (GrpcService.java:closeImpl(172)) - a7400050-0947-41b0-8512-caed91bc5dce: shutdown server with port 33851 successfully
2019-09-27 09:16:30,901 [main] INFO  server.GrpcService (GrpcService.java:closeImpl(172)) - 1b1c50e1-42fe-4038-95e1-cf5ebbb85fbb: shutdown server with port 40816 successfully
2019-09-27 09:16:30,904 [grpc-default-executor-1] WARN  server.GrpcLogAppender (LogUtils.java:warn(134)) - 0821efe4-c707-4fcc-94f8-cb827e7ada87@group-4DD0B4D884A5->a7400050-0947-41b0-8512-caed91bc5dce-AppendLogResponseHandler: Failed appendEntries: org.apache.ratis.thirdparty.io.grpc.StatusRuntimeException: CANCELLED: HTTP/2 error code: CANCEL
Received Rst Stream
2019-09-27 09:16:30,904 [grpc-default-executor-0] WARN  server.GrpcLogAppender (LogUtils.java:warn(134)) - 0821efe4-c707-4fcc-94f8-cb827e7ada87@group-4DD0B4D884A5->1b1c50e1-42fe-4038-95e1-cf5ebbb85fbb-AppendLogResponseHandler: Failed appendEntries: org.apache.ratis.thirdparty.io.grpc.StatusRuntimeException: CANCELLED: HTTP/2 error code: CANCEL
Received Rst Stream
2019-09-27 09:16:30,905 [grpc-default-executor-1] INFO  impl.FollowerInfo (FollowerInfo.java:lambda$new$0(51)) - 0821efe4-c707-4fcc-94f8-cb827e7ada87@group-4DD0B4D884A5->a7400050-0947-41b0-8512-caed91bc5dce: nextIndex: updateUnconditionally 3 -> 2
2019-09-27 09:16:30,905 [grpc-default-executor-0] INFO  impl.FollowerInfo (FollowerInfo.java:lambda$new$0(51)) - 0821efe4-c707-4fcc-94f8-cb827e7ada87@group-4DD0B4D884A5->1b1c50e1-42fe-4038-95e1-cf5ebbb85fbb: nextIndex: updateUnconditionally 3 -> 2
2019-09-27 09:16:30,907 [refreshUsed-/workdir/hadoop-ozone/integration-test/target/test-dir/MiniOzoneClusterImpl-306848a7-f3db-4b9e-8a0f-7b9627716070/datanode-8/data/containers] WARN  fs.CachingGetSpaceUsed (CachingGetSpaceUsed.java:run(183)) - Thread Interrupted waiting to refresh disk information: sleep interrupted
2019-09-27 09:16:30,920 [refreshUsed-/workdir/hadoop-ozone/integration-test/target/test-dir/MiniOzoneClusterImpl-306848a7-f3db-4b9e-8a0f-7b9627716070/datanode-4/data/containers] WARN  fs.CachingGetSpaceUsed (CachingGetSpaceUsed.java:run(183)) - Thread Interrupted waiting to refresh disk information: sleep interrupted
2019-09-27 09:16:30,933 [ForkJoinPool.commonPool-worker-0] INFO  utils.BackgroundService (BackgroundService.java:shutdown(148)) - Shutting down service BlockDeletingService
2019-09-27 09:16:30,938 [ForkJoinPool.commonPool-worker-0] INFO  statemachine.DatanodeStateMachine (DatanodeStateMachine.java:stopDaemon(395)) - Ozone container server stopped.
2019-09-27 09:16:30,939 [main] INFO  utils.BackgroundService (BackgroundService.java:shutdown(148)) - Shutting down service BlockDeletingService
2019-09-27 09:16:30,941 [Thread-1895] INFO  impl.FollowerState (FollowerState.java:run(106)) - 6bbd184a-0336-4d81-9e16-b14f69eef1c7:group-99BA15B9EFBE changes to CANDIDATE, lastRpcTime:1095, electionTimeout:1094ms
2019-09-27 09:16:30,942 [Thread-1895] INFO  impl.RoleInfo (RoleInfo.java:shutdownFollowerState(121)) - 6bbd184a-0336-4d81-9e16-b14f69eef1c7: shutdown FollowerState
2019-09-27 09:16:30,942 [Thread-1895] INFO  impl.RaftServerImpl (RaftServerImpl.java:setRole(174)) - 6bbd184a-0336-4d81-9e16-b14f69eef1c7@group-99BA15B9EFBE: changes role from  FOLLOWER to CANDIDATE at term 5 for changeToCandidate
2019-09-27 09:16:30,943 [ForkJoinPool.commonPool-worker-0] INFO  handler.ContextHandler (ContextHandler.java:doStop(910)) - Stopped o.e.j.w.WebAppContext@2938127d{/,null,UNAVAILABLE}{/hddsDatanode}
2019-09-27 09:16:30,944 [Thread-1895] INFO  impl.RoleInfo (RoleInfo.java:updateAndGet(143)) - 6bbd184a-0336-4d81-9e16-b14f69eef1c7: start LeaderElection
2019-09-27 09:16:30,948 [main] INFO  statemachine.DatanodeStateMachine (DatanodeStateMachine.java:stopDaemon(395)) - Ozone container server stopped.
2019-09-27 09:16:30,949 [ForkJoinPool.commonPool-worker-0] INFO  server.AbstractConnector (AbstractConnector.java:doStop(318)) - Stopped ServerConnector@127a7272{HTTP/1.1,[http/1.1]}{0.0.0.0:0}
2019-09-27 09:16:30,951 [ForkJoinPool.commonPool-worker-0] INFO  handler.ContextHandler (ContextHandler.java:doStop(910)) - Stopped o.e.j.s.ServletContextHandler@44cffc25{/static,jar:file:/home/user/.m2/repository/org/apache/hadoop/hadoop-hdds-container-service/0.5.0-SNAPSHOT/hadoop-hdds-container-service-0.5.0-SNAPSHOT.jar!/webapps/static,UNAVAILABLE}
2019-09-27 09:16:30,952 [ForkJoinPool.commonPool-worker-0] INFO  handler.ContextHandler (ContextHandler.java:doStop(910)) - Stopped o.e.j.s.ServletContextHandler@671d1157{/logs,file:///workdir/hadoop-ozone/integration-test/target/log,UNAVAILABLE}
2019-09-27 09:16:30,953 [main] INFO  handler.ContextHandler (ContextHandler.java:doStop(910)) - Stopped o.e.j.w.WebAppContext@765ffb14{/,null,UNAVAILABLE}{/hddsDatanode}
2019-09-27 09:16:30,954 [main] INFO  server.AbstractConnector (AbstractConnector.java:doStop(318)) - Stopped ServerConnector@57562473{HTTP/1.1,[http/1.1]}{0.0.0.0:0}
2019-09-27 09:16:30,954 [main] INFO  handler.ContextHandler (ContextHandler.java:doStop(910)) - Stopped o.e.j.s.ServletContextHandler@27e7c77f{/static,jar:file:/home/user/.m2/repository/org/apache/hadoop/hadoop-hdds-container-service/0.5.0-SNAPSHOT/hadoop-hdds-container-service-0.5.0-SNAPSHOT.jar!/webapps/static,UNAVAILABLE}
2019-09-27 09:16:30,954 [main] INFO  handler.ContextHandler (ContextHandler.java:doStop(910)) - Stopped o.e.j.s.ServletContextHandler@1f53481b{/logs,file:///workdir/hadoop-ozone/integration-test/target/log,UNAVAILABLE}
2019-09-27 09:16:30,976 [6bbd184a-0336-4d81-9e16-b14f69eef1c7@group-99BA15B9EFBE:LeaderElection26] INFO  impl.LeaderElection (LeaderElection.java:askForVotes(182)) - 6bbd184a-0336-4d81-9e16-b14f69eef1c7@group-99BA15B9EFBE:LeaderElection26: begin an election at term 6 for 0: [61fa1b65-b974-45b4-9851-06f065a159ca:192.168.151.103:33766, 6bbd184a-0336-4d81-9e16-b14f69eef1c7:192.168.151.103:36847, e31a64e7-7f72-4df5-b5f7-b27bcc72e3f7:192.168.151.103:40680], old=null
2019-09-27 09:16:30,977 [6bbd184a-0336-4d81-9e16-b14f69eef1c7@group-99BA15B9EFBE:LeaderElection26] INFO  impl.LeaderElection (LogUtils.java:infoOrTrace(149)) - 6bbd184a-0336-4d81-9e16-b14f69eef1c7@group-99BA15B9EFBE:LeaderElection26 got exception when requesting votes: {}
java.util.concurrent.ExecutionException: org.apache.ratis.thirdparty.io.grpc.StatusRuntimeException: UNAVAILABLE: io exception
	at java.util.concurrent.FutureTask.report(FutureTask.java:122)
	at java.util.concurrent.FutureTask.get(FutureTask.java:192)
	at org.apache.ratis.server.impl.LeaderElection.waitForResults(LeaderElection.java:263)
	at org.apache.ratis.server.impl.LeaderElection.askForVotes(LeaderElection.java:201)
	at org.apache.ratis.server.impl.LeaderElection.run(LeaderElection.java:133)
	at java.lang.Thread.run(Thread.java:748)
Caused by: org.apache.ratis.thirdparty.io.grpc.StatusRuntimeException: UNAVAILABLE: io exception
	at org.apache.ratis.thirdparty.io.grpc.stub.ClientCalls.toStatusRuntimeException(ClientCalls.java:233)
	at org.apache.ratis.thirdparty.io.grpc.stub.ClientCalls.getUnchecked(ClientCalls.java:214)
	at org.apache.ratis.thirdparty.io.grpc.stub.ClientCalls.blockingUnaryCall(ClientCalls.java:139)
	at org.apache.ratis.proto.grpc.RaftServerProtocolServiceGrpc$RaftServerProtocolServiceBlockingStub.requestVote(RaftServerProtocolServiceGrpc.java:265)
	at org.apache.ratis.grpc.server.GrpcServerProtocolClient.requestVote(GrpcServerProtocolClient.java:90)
	at org.apache.ratis.grpc.server.GrpcService.requestVote(GrpcService.java:204)
	at org.apache.ratis.server.impl.LeaderElection.lambda$submitRequests$1(LeaderElection.java:238)
	at java.util.concurrent.FutureTask.run(FutureTask.java:266)
	at java.util.concurrent.Executors$RunnableAdapter.call(Executors.java:511)
	at java.util.concurrent.FutureTask.run(FutureTask.java:266)
	at java.util.concurrent.ThreadPoolExecutor.runWorker(ThreadPoolExecutor.java:1149)
	at java.util.concurrent.ThreadPoolExecutor$Worker.run(ThreadPoolExecutor.java:624)
	... 1 more
Caused by: org.apache.ratis.thirdparty.io.netty.channel.AbstractChannel$AnnotatedConnectException: Connection refused: /192.168.151.103:33766
	at sun.nio.ch.SocketChannelImpl.checkConnect(Native Method)
	at sun.nio.ch.SocketChannelImpl.finishConnect(SocketChannelImpl.java:717)
	at org.apache.ratis.thirdparty.io.netty.channel.socket.nio.NioSocketChannel.doFinishConnect(NioSocketChannel.java:327)
	at org.apache.ratis.thirdparty.io.netty.channel.nio.AbstractNioChannel$AbstractNioUnsafe.finishConnect(AbstractNioChannel.java:340)
	at org.apache.ratis.thirdparty.io.netty.channel.nio.NioEventLoop.processSelectedKey(NioEventLoop.java:632)
	at org.apache.ratis.thirdparty.io.netty.channel.nio.NioEventLoop.processSelectedKeysOptimized(NioEventLoop.java:579)
	at org.apache.ratis.thirdparty.io.netty.channel.nio.NioEventLoop.processSelectedKeys(NioEventLoop.java:496)
	at org.apache.ratis.thirdparty.io.netty.channel.nio.NioEventLoop.run(NioEventLoop.java:458)
	at org.apache.ratis.thirdparty.io.netty.util.concurrent.SingleThreadEventExecutor$5.run(SingleThreadEventExecutor.java:897)
	at org.apache.ratis.thirdparty.io.netty.util.concurrent.FastThreadLocalRunnable.run(FastThreadLocalRunnable.java:30)
	... 1 more
Caused by: java.net.ConnectException: Connection refused
	... 11 more
2019-09-27 09:16:30,981 [6bbd184a-0336-4d81-9e16-b14f69eef1c7@group-99BA15B9EFBE:LeaderElection26] INFO  impl.LeaderElection (LogUtils.java:infoOrTrace(149)) - 6bbd184a-0336-4d81-9e16-b14f69eef1c7@group-99BA15B9EFBE:LeaderElection26 got exception when requesting votes: {}
java.util.concurrent.ExecutionException: org.apache.ratis.thirdparty.io.grpc.StatusRuntimeException: UNAVAILABLE: io exception
	at java.util.concurrent.FutureTask.report(FutureTask.java:122)
	at java.util.concurrent.FutureTask.get(FutureTask.java:192)
	at org.apache.ratis.server.impl.LeaderElection.waitForResults(LeaderElection.java:263)
	at org.apache.ratis.server.impl.LeaderElection.askForVotes(LeaderElection.java:201)
	at org.apache.ratis.server.impl.LeaderElection.run(LeaderElection.java:133)
	at java.lang.Thread.run(Thread.java:748)
Caused by: org.apache.ratis.thirdparty.io.grpc.StatusRuntimeException: UNAVAILABLE: io exception
	at org.apache.ratis.thirdparty.io.grpc.stub.ClientCalls.toStatusRuntimeException(ClientCalls.java:233)
	at org.apache.ratis.thirdparty.io.grpc.stub.ClientCalls.getUnchecked(ClientCalls.java:214)
	at org.apache.ratis.thirdparty.io.grpc.stub.ClientCalls.blockingUnaryCall(ClientCalls.java:139)
	at org.apache.ratis.proto.grpc.RaftServerProtocolServiceGrpc$RaftServerProtocolServiceBlockingStub.requestVote(RaftServerProtocolServiceGrpc.java:265)
	at org.apache.ratis.grpc.server.GrpcServerProtocolClient.requestVote(GrpcServerProtocolClient.java:90)
	at org.apache.ratis.grpc.server.GrpcService.requestVote(GrpcService.java:204)
	at org.apache.ratis.server.impl.LeaderElection.lambda$submitRequests$1(LeaderElection.java:238)
	at java.util.concurrent.FutureTask.run(FutureTask.java:266)
	at java.util.concurrent.Executors$RunnableAdapter.call(Executors.java:511)
	at java.util.concurrent.FutureTask.run(FutureTask.java:266)
	at java.util.concurrent.ThreadPoolExecutor.runWorker(ThreadPoolExecutor.java:1149)
	at java.util.concurrent.ThreadPoolExecutor$Worker.run(ThreadPoolExecutor.java:624)
	... 1 more
Caused by: org.apache.ratis.thirdparty.io.netty.channel.AbstractChannel$AnnotatedConnectException: Connection refused: /192.168.151.103:40680
	at sun.nio.ch.SocketChannelImpl.checkConnect(Native Method)
	at sun.nio.ch.SocketChannelImpl.finishConnect(SocketChannelImpl.java:717)
	at org.apache.ratis.thirdparty.io.netty.channel.socket.nio.NioSocketChannel.doFinishConnect(NioSocketChannel.java:327)
	at org.apache.ratis.thirdparty.io.netty.channel.nio.AbstractNioChannel$AbstractNioUnsafe.finishConnect(AbstractNioChannel.java:340)
	at org.apache.ratis.thirdparty.io.netty.channel.nio.NioEventLoop.processSelectedKey(NioEventLoop.java:632)
	at org.apache.ratis.thirdparty.io.netty.channel.nio.NioEventLoop.processSelectedKeysOptimized(NioEventLoop.java:579)
	at org.apache.ratis.thirdparty.io.netty.channel.nio.NioEventLoop.processSelectedKeys(NioEventLoop.java:496)
	at org.apache.ratis.thirdparty.io.netty.channel.nio.NioEventLoop.run(NioEventLoop.java:458)
	at org.apache.ratis.thirdparty.io.netty.util.concurrent.SingleThreadEventExecutor$5.run(SingleThreadEventExecutor.java:897)
	at org.apache.ratis.thirdparty.io.netty.util.concurrent.FastThreadLocalRunnable.run(FastThreadLocalRunnable.java:30)
	... 1 more
Caused by: java.net.ConnectException: Connection refused
	... 11 more
2019-09-27 09:16:30,983 [6bbd184a-0336-4d81-9e16-b14f69eef1c7@group-99BA15B9EFBE:LeaderElection26] INFO  impl.LeaderElection (LeaderElection.java:logAndReturn(56)) - 6bbd184a-0336-4d81-9e16-b14f69eef1c7@group-99BA15B9EFBE:LeaderElection26: Election REJECTED; received 0 response(s) [] and 2 exception(s); 6bbd184a-0336-4d81-9e16-b14f69eef1c7@group-99BA15B9EFBE:t6, leader=null, voted=6bbd184a-0336-4d81-9e16-b14f69eef1c7, raftlog=6bbd184a-0336-4d81-9e16-b14f69eef1c7@group-99BA15B9EFBE-SegmentedRaftLog:OPENED:c0,f0,i0, conf=0: [61fa1b65-b974-45b4-9851-06f065a159ca:192.168.151.103:33766, 6bbd184a-0336-4d81-9e16-b14f69eef1c7:192.168.151.103:36847, e31a64e7-7f72-4df5-b5f7-b27bcc72e3f7:192.168.151.103:40680], old=null
2019-09-27 09:16:30,983 [6bbd184a-0336-4d81-9e16-b14f69eef1c7@group-99BA15B9EFBE:LeaderElection26] INFO  impl.LeaderElection (LogUtils.java:infoOrTrace(149)) -   Exception 0: {}
java.util.concurrent.ExecutionException: org.apache.ratis.thirdparty.io.grpc.StatusRuntimeException: UNAVAILABLE: io exception
	at java.util.concurrent.FutureTask.report(FutureTask.java:122)
	at java.util.concurrent.FutureTask.get(FutureTask.java:192)
	at org.apache.ratis.server.impl.LeaderElection.waitForResults(LeaderElection.java:263)
	at org.apache.ratis.server.impl.LeaderElection.askForVotes(LeaderElection.java:201)
	at org.apache.ratis.server.impl.LeaderElection.run(LeaderElection.java:133)
	at java.lang.Thread.run(Thread.java:748)
Caused by: org.apache.ratis.thirdparty.io.grpc.StatusRuntimeException: UNAVAILABLE: io exception
	at org.apache.ratis.thirdparty.io.grpc.stub.ClientCalls.toStatusRuntimeException(ClientCalls.java:233)
	at org.apache.ratis.thirdparty.io.grpc.stub.ClientCalls.getUnchecked(ClientCalls.java:214)
	at org.apache.ratis.thirdparty.io.grpc.stub.ClientCalls.blockingUnaryCall(ClientCalls.java:139)
	at org.apache.ratis.proto.grpc.RaftServerProtocolServiceGrpc$RaftServerProtocolServiceBlockingStub.requestVote(RaftServerProtocolServiceGrpc.java:265)
	at org.apache.ratis.grpc.server.GrpcServerProtocolClient.requestVote(GrpcServerProtocolClient.java:90)
	at org.apache.ratis.grpc.server.GrpcService.requestVote(GrpcService.java:204)
	at org.apache.ratis.server.impl.LeaderElection.lambda$submitRequests$1(LeaderElection.java:238)
	at java.util.concurrent.FutureTask.run(FutureTask.java:266)
	at java.util.concurrent.Executors$RunnableAdapter.call(Executors.java:511)
	at java.util.concurrent.FutureTask.run(FutureTask.java:266)
	at java.util.concurrent.ThreadPoolExecutor.runWorker(ThreadPoolExecutor.java:1149)
	at java.util.concurrent.ThreadPoolExecutor$Worker.run(ThreadPoolExecutor.java:624)
	... 1 more
Caused by: org.apache.ratis.thirdparty.io.netty.channel.AbstractChannel$AnnotatedConnectException: Connection refused: /192.168.151.103:33766
	at sun.nio.ch.SocketChannelImpl.checkConnect(Native Method)
	at sun.nio.ch.SocketChannelImpl.finishConnect(SocketChannelImpl.java:717)
	at org.apache.ratis.thirdparty.io.netty.channel.socket.nio.NioSocketChannel.doFinishConnect(NioSocketChannel.java:327)
	at org.apache.ratis.thirdparty.io.netty.channel.nio.AbstractNioChannel$AbstractNioUnsafe.finishConnect(AbstractNioChannel.java:340)
	at org.apache.ratis.thirdparty.io.netty.channel.nio.NioEventLoop.processSelectedKey(NioEventLoop.java:632)
	at org.apache.ratis.thirdparty.io.netty.channel.nio.NioEventLoop.processSelectedKeysOptimized(NioEventLoop.java:579)
	at org.apache.ratis.thirdparty.io.netty.channel.nio.NioEventLoop.processSelectedKeys(NioEventLoop.java:496)
	at org.apache.ratis.thirdparty.io.netty.channel.nio.NioEventLoop.run(NioEventLoop.java:458)
	at org.apache.ratis.thirdparty.io.netty.util.concurrent.SingleThreadEventExecutor$5.run(SingleThreadEventExecutor.java:897)
	at org.apache.ratis.thirdparty.io.netty.util.concurrent.FastThreadLocalRunnable.run(FastThreadLocalRunnable.java:30)
	... 1 more
Caused by: java.net.ConnectException: Connection refused
	... 11 more
2019-09-27 09:16:30,984 [6bbd184a-0336-4d81-9e16-b14f69eef1c7@group-99BA15B9EFBE:LeaderElection26] INFO  impl.LeaderElection (LogUtils.java:infoOrTrace(149)) -   Exception 1: {}
java.util.concurrent.ExecutionException: org.apache.ratis.thirdparty.io.grpc.StatusRuntimeException: UNAVAILABLE: io exception
	at java.util.concurrent.FutureTask.report(FutureTask.java:122)
	at java.util.concurrent.FutureTask.get(FutureTask.java:192)
	at org.apache.ratis.server.impl.LeaderElection.waitForResults(LeaderElection.java:263)
	at org.apache.ratis.server.impl.LeaderElection.askForVotes(LeaderElection.java:201)
	at org.apache.ratis.server.impl.LeaderElection.run(LeaderElection.java:133)
	at java.lang.Thread.run(Thread.java:748)
Caused by: org.apache.ratis.thirdparty.io.grpc.StatusRuntimeException: UNAVAILABLE: io exception
	at org.apache.ratis.thirdparty.io.grpc.stub.ClientCalls.toStatusRuntimeException(ClientCalls.java:233)
	at org.apache.ratis.thirdparty.io.grpc.stub.ClientCalls.getUnchecked(ClientCalls.java:214)
	at org.apache.ratis.thirdparty.io.grpc.stub.ClientCalls.blockingUnaryCall(ClientCalls.java:139)
	at org.apache.ratis.proto.grpc.RaftServerProtocolServiceGrpc$RaftServerProtocolServiceBlockingStub.requestVote(RaftServerProtocolServiceGrpc.java:265)
	at org.apache.ratis.grpc.server.GrpcServerProtocolClient.requestVote(GrpcServerProtocolClient.java:90)
	at org.apache.ratis.grpc.server.GrpcService.requestVote(GrpcService.java:204)
	at org.apache.ratis.server.impl.LeaderElection.lambda$submitRequests$1(LeaderElection.java:238)
	at java.util.concurrent.FutureTask.run(FutureTask.java:266)
	at java.util.concurrent.Executors$RunnableAdapter.call(Executors.java:511)
	at java.util.concurrent.FutureTask.run(FutureTask.java:266)
	at java.util.concurrent.ThreadPoolExecutor.runWorker(ThreadPoolExecutor.java:1149)
	at java.util.concurrent.ThreadPoolExecutor$Worker.run(ThreadPoolExecutor.java:624)
	... 1 more
Caused by: org.apache.ratis.thirdparty.io.netty.channel.AbstractChannel$AnnotatedConnectException: Connection refused: /192.168.151.103:40680
	at sun.nio.ch.SocketChannelImpl.checkConnect(Native Method)
	at sun.nio.ch.SocketChannelImpl.finishConnect(SocketChannelImpl.java:717)
	at org.apache.ratis.thirdparty.io.netty.channel.socket.nio.NioSocketChannel.doFinishConnect(NioSocketChannel.java:327)
	at org.apache.ratis.thirdparty.io.netty.channel.nio.AbstractNioChannel$AbstractNioUnsafe.finishConnect(AbstractNioChannel.java:340)
	at org.apache.ratis.thirdparty.io.netty.channel.nio.NioEventLoop.processSelectedKey(NioEventLoop.java:632)
	at org.apache.ratis.thirdparty.io.netty.channel.nio.NioEventLoop.processSelectedKeysOptimized(NioEventLoop.java:579)
	at org.apache.ratis.thirdparty.io.netty.channel.nio.NioEventLoop.processSelectedKeys(NioEventLoop.java:496)
	at org.apache.ratis.thirdparty.io.netty.channel.nio.NioEventLoop.run(NioEventLoop.java:458)
	at org.apache.ratis.thirdparty.io.netty.util.concurrent.SingleThreadEventExecutor$5.run(SingleThreadEventExecutor.java:897)
	at org.apache.ratis.thirdparty.io.netty.util.concurrent.FastThreadLocalRunnable.run(FastThreadLocalRunnable.java:30)
	... 1 more
Caused by: java.net.ConnectException: Connection refused
	... 11 more
2019-09-27 09:16:30,986 [6bbd184a-0336-4d81-9e16-b14f69eef1c7@group-99BA15B9EFBE:LeaderElection26] INFO  impl.RaftServerImpl (RaftServerImpl.java:setRole(174)) - 6bbd184a-0336-4d81-9e16-b14f69eef1c7@group-99BA15B9EFBE: changes role from CANDIDATE to FOLLOWER at term 6 for DISCOVERED_A_NEW_TERM
2019-09-27 09:16:30,987 [6bbd184a-0336-4d81-9e16-b14f69eef1c7@group-99BA15B9EFBE:LeaderElection26] INFO  impl.RoleInfo (RoleInfo.java:shutdownLeaderElection(134)) - 6bbd184a-0336-4d81-9e16-b14f69eef1c7: shutdown LeaderElection
2019-09-27 09:16:30,987 [6bbd184a-0336-4d81-9e16-b14f69eef1c7@group-99BA15B9EFBE:LeaderElection26] INFO  impl.RoleInfo (RoleInfo.java:updateAndGet(143)) - 6bbd184a-0336-4d81-9e16-b14f69eef1c7: start FollowerState
2019-09-27 09:16:31,071 [Datanode State Machine Thread - 0] INFO  statemachine.DatanodeStateMachine (DatanodeStateMachine.java:lambda$startDaemon$0(350)) - Ozone container server started.
2019-09-27 09:16:31,079 [Datanode State Machine Thread - 0] INFO  statemachine.DatanodeStateMachine (DatanodeStateMachine.java:lambda$startDaemon$0(350)) - Ozone container server started.
2019-09-27 09:16:31,308 [grpc-default-executor-1] WARN  server.GrpcLogAppender (LogUtils.java:warn(134)) - b93e8517-84f8-4f68-bef3-e117f2a0c787@group-27CEAF660913->d31f9c36-f111-497e-b7b9-765da331cca9-AppendLogResponseHandler: Failed appendEntries: org.apache.ratis.thirdparty.io.grpc.StatusRuntimeException: UNAVAILABLE: io exception
2019-09-27 09:16:31,310 [grpc-default-executor-1] INFO  impl.FollowerInfo (FollowerInfo.java:lambda$new$0(51)) - b93e8517-84f8-4f68-bef3-e117f2a0c787@group-27CEAF660913->d31f9c36-f111-497e-b7b9-765da331cca9: nextIndex: updateUnconditionally 0 -> 0
2019-09-27 09:16:31,338 [grpc-default-executor-0] WARN  server.GrpcLogAppender (LogUtils.java:warn(134)) - 0821efe4-c707-4fcc-94f8-cb827e7ada87@group-4DD0B4D884A5->1b1c50e1-42fe-4038-95e1-cf5ebbb85fbb-AppendLogResponseHandler: Failed appendEntries: org.apache.ratis.thirdparty.io.grpc.StatusRuntimeException: UNAVAILABLE: io exception
2019-09-27 09:16:31,343 [grpc-default-executor-4] WARN  server.GrpcLogAppender (LogUtils.java:warn(134)) - 0821efe4-c707-4fcc-94f8-cb827e7ada87@group-4DD0B4D884A5->a7400050-0947-41b0-8512-caed91bc5dce-AppendLogResponseHandler: Failed appendEntries: org.apache.ratis.thirdparty.io.grpc.StatusRuntimeException: UNAVAILABLE: io exception
2019-09-27 09:16:31,343 [grpc-default-executor-0] INFO  impl.FollowerInfo (FollowerInfo.java:lambda$new$0(51)) - 0821efe4-c707-4fcc-94f8-cb827e7ada87@group-4DD0B4D884A5->1b1c50e1-42fe-4038-95e1-cf5ebbb85fbb: nextIndex: updateUnconditionally 2 -> 1
2019-09-27 09:16:31,343 [grpc-default-executor-4] INFO  impl.FollowerInfo (FollowerInfo.java:lambda$new$0(51)) - 0821efe4-c707-4fcc-94f8-cb827e7ada87@group-4DD0B4D884A5->a7400050-0947-41b0-8512-caed91bc5dce: nextIndex: updateUnconditionally 2 -> 1
2019-09-27 09:16:31,805 [grpc-default-executor-4] WARN  server.GrpcLogAppender (LogUtils.java:warn(134)) - b93e8517-84f8-4f68-bef3-e117f2a0c787@group-27CEAF660913->d31f9c36-f111-497e-b7b9-765da331cca9-AppendLogResponseHandler: Failed appendEntries: org.apache.ratis.thirdparty.io.grpc.StatusRuntimeException: UNAVAILABLE: io exception
2019-09-27 09:16:31,806 [grpc-default-executor-4] INFO  impl.FollowerInfo (FollowerInfo.java:lambda$new$0(51)) - b93e8517-84f8-4f68-bef3-e117f2a0c787@group-27CEAF660913->d31f9c36-f111-497e-b7b9-765da331cca9: nextIndex: updateUnconditionally 0 -> 0
2019-09-27 09:16:31,840 [grpc-default-executor-1] WARN  server.GrpcLogAppender (LogUtils.java:warn(134)) - 0821efe4-c707-4fcc-94f8-cb827e7ada87@group-4DD0B4D884A5->1b1c50e1-42fe-4038-95e1-cf5ebbb85fbb-AppendLogResponseHandler: Failed appendEntries: org.apache.ratis.thirdparty.io.grpc.StatusRuntimeException: UNAVAILABLE: io exception
2019-09-27 09:16:31,840 [grpc-default-executor-2] WARN  server.GrpcLogAppender (LogUtils.java:warn(134)) - 0821efe4-c707-4fcc-94f8-cb827e7ada87@group-4DD0B4D884A5->a7400050-0947-41b0-8512-caed91bc5dce-AppendLogResponseHandler: Failed appendEntries: org.apache.ratis.thirdparty.io.grpc.StatusRuntimeException: UNAVAILABLE: io exception
2019-09-27 09:16:31,840 [grpc-default-executor-1] INFO  impl.FollowerInfo (FollowerInfo.java:lambda$new$0(51)) - 0821efe4-c707-4fcc-94f8-cb827e7ada87@group-4DD0B4D884A5->1b1c50e1-42fe-4038-95e1-cf5ebbb85fbb: nextIndex: updateUnconditionally 1 -> 0
2019-09-27 09:16:31,841 [grpc-default-executor-2] INFO  impl.FollowerInfo (FollowerInfo.java:lambda$new$0(51)) - 0821efe4-c707-4fcc-94f8-cb827e7ada87@group-4DD0B4D884A5->a7400050-0947-41b0-8512-caed91bc5dce: nextIndex: updateUnconditionally 1 -> 0
2019-09-27 09:16:32,183 [Thread-1905] INFO  impl.FollowerState (FollowerState.java:run(106)) - 6bbd184a-0336-4d81-9e16-b14f69eef1c7:group-99BA15B9EFBE changes to CANDIDATE, lastRpcTime:1195, electionTimeout:1194ms
2019-09-27 09:16:32,184 [Thread-1905] INFO  impl.RoleInfo (RoleInfo.java:shutdownFollowerState(121)) - 6bbd184a-0336-4d81-9e16-b14f69eef1c7: shutdown FollowerState
2019-09-27 09:16:32,184 [Thread-1905] INFO  impl.RaftServerImpl (RaftServerImpl.java:setRole(174)) - 6bbd184a-0336-4d81-9e16-b14f69eef1c7@group-99BA15B9EFBE: changes role from  FOLLOWER to CANDIDATE at term 6 for changeToCandidate
2019-09-27 09:16:32,184 [Thread-1905] INFO  impl.RoleInfo (RoleInfo.java:updateAndGet(143)) - 6bbd184a-0336-4d81-9e16-b14f69eef1c7: start LeaderElection
2019-09-27 09:16:32,201 [6bbd184a-0336-4d81-9e16-b14f69eef1c7@group-99BA15B9EFBE:LeaderElection27] INFO  impl.LeaderElection (LeaderElection.java:askForVotes(182)) - 6bbd184a-0336-4d81-9e16-b14f69eef1c7@group-99BA15B9EFBE:LeaderElection27: begin an election at term 7 for 0: [61fa1b65-b974-45b4-9851-06f065a159ca:192.168.151.103:33766, 6bbd184a-0336-4d81-9e16-b14f69eef1c7:192.168.151.103:36847, e31a64e7-7f72-4df5-b5f7-b27bcc72e3f7:192.168.151.103:40680], old=null
2019-09-27 09:16:32,202 [6bbd184a-0336-4d81-9e16-b14f69eef1c7@group-99BA15B9EFBE:LeaderElection27] INFO  impl.LeaderElection (LogUtils.java:infoOrTrace(149)) - 6bbd184a-0336-4d81-9e16-b14f69eef1c7@group-99BA15B9EFBE:LeaderElection27 got exception when requesting votes: {}
java.util.concurrent.ExecutionException: org.apache.ratis.thirdparty.io.grpc.StatusRuntimeException: UNAVAILABLE: io exception
	at java.util.concurrent.FutureTask.report(FutureTask.java:122)
	at java.util.concurrent.FutureTask.get(FutureTask.java:192)
	at org.apache.ratis.server.impl.LeaderElection.waitForResults(LeaderElection.java:263)
	at org.apache.ratis.server.impl.LeaderElection.askForVotes(LeaderElection.java:201)
	at org.apache.ratis.server.impl.LeaderElection.run(LeaderElection.java:133)
	at java.lang.Thread.run(Thread.java:748)
Caused by: org.apache.ratis.thirdparty.io.grpc.StatusRuntimeException: UNAVAILABLE: io exception
	at org.apache.ratis.thirdparty.io.grpc.stub.ClientCalls.toStatusRuntimeException(ClientCalls.java:233)
	at org.apache.ratis.thirdparty.io.grpc.stub.ClientCalls.getUnchecked(ClientCalls.java:214)
	at org.apache.ratis.thirdparty.io.grpc.stub.ClientCalls.blockingUnaryCall(ClientCalls.java:139)
	at org.apache.ratis.proto.grpc.RaftServerProtocolServiceGrpc$RaftServerProtocolServiceBlockingStub.requestVote(RaftServerProtocolServiceGrpc.java:265)
	at org.apache.ratis.grpc.server.GrpcServerProtocolClient.requestVote(GrpcServerProtocolClient.java:90)
	at org.apache.ratis.grpc.server.GrpcService.requestVote(GrpcService.java:204)
	at org.apache.ratis.server.impl.LeaderElection.lambda$submitRequests$1(LeaderElection.java:238)
	at java.util.concurrent.FutureTask.run(FutureTask.java:266)
	at java.util.concurrent.Executors$RunnableAdapter.call(Executors.java:511)
	at java.util.concurrent.FutureTask.run(FutureTask.java:266)
	at java.util.concurrent.ThreadPoolExecutor.runWorker(ThreadPoolExecutor.java:1149)
	at java.util.concurrent.ThreadPoolExecutor$Worker.run(ThreadPoolExecutor.java:624)
	... 1 more
Caused by: org.apache.ratis.thirdparty.io.netty.channel.AbstractChannel$AnnotatedConnectException: Connection refused: /192.168.151.103:33766
	at sun.nio.ch.SocketChannelImpl.checkConnect(Native Method)
	at sun.nio.ch.SocketChannelImpl.finishConnect(SocketChannelImpl.java:717)
	at org.apache.ratis.thirdparty.io.netty.channel.socket.nio.NioSocketChannel.doFinishConnect(NioSocketChannel.java:327)
	at org.apache.ratis.thirdparty.io.netty.channel.nio.AbstractNioChannel$AbstractNioUnsafe.finishConnect(AbstractNioChannel.java:340)
	at org.apache.ratis.thirdparty.io.netty.channel.nio.NioEventLoop.processSelectedKey(NioEventLoop.java:632)
	at org.apache.ratis.thirdparty.io.netty.channel.nio.NioEventLoop.processSelectedKeysOptimized(NioEventLoop.java:579)
	at org.apache.ratis.thirdparty.io.netty.channel.nio.NioEventLoop.processSelectedKeys(NioEventLoop.java:496)
	at org.apache.ratis.thirdparty.io.netty.channel.nio.NioEventLoop.run(NioEventLoop.java:458)
	at org.apache.ratis.thirdparty.io.netty.util.concurrent.SingleThreadEventExecutor$5.run(SingleThreadEventExecutor.java:897)
	at org.apache.ratis.thirdparty.io.netty.util.concurrent.FastThreadLocalRunnable.run(FastThreadLocalRunnable.java:30)
	... 1 more
Caused by: java.net.ConnectException: Connection refused
	... 11 more
2019-09-27 09:16:32,205 [6bbd184a-0336-4d81-9e16-b14f69eef1c7@group-99BA15B9EFBE:LeaderElection27] INFO  impl.LeaderElection (LogUtils.java:infoOrTrace(149)) - 6bbd184a-0336-4d81-9e16-b14f69eef1c7@group-99BA15B9EFBE:LeaderElection27 got exception when requesting votes: {}
java.util.concurrent.ExecutionException: org.apache.ratis.thirdparty.io.grpc.StatusRuntimeException: UNAVAILABLE: io exception
	at java.util.concurrent.FutureTask.report(FutureTask.java:122)
	at java.util.concurrent.FutureTask.get(FutureTask.java:192)
	at org.apache.ratis.server.impl.LeaderElection.waitForResults(LeaderElection.java:263)
	at org.apache.ratis.server.impl.LeaderElection.askForVotes(LeaderElection.java:201)
	at org.apache.ratis.server.impl.LeaderElection.run(LeaderElection.java:133)
	at java.lang.Thread.run(Thread.java:748)
Caused by: org.apache.ratis.thirdparty.io.grpc.StatusRuntimeException: UNAVAILABLE: io exception
	at org.apache.ratis.thirdparty.io.grpc.stub.ClientCalls.toStatusRuntimeException(ClientCalls.java:233)
	at org.apache.ratis.thirdparty.io.grpc.stub.ClientCalls.getUnchecked(ClientCalls.java:214)
	at org.apache.ratis.thirdparty.io.grpc.stub.ClientCalls.blockingUnaryCall(ClientCalls.java:139)
	at org.apache.ratis.proto.grpc.RaftServerProtocolServiceGrpc$RaftServerProtocolServiceBlockingStub.requestVote(RaftServerProtocolServiceGrpc.java:265)
	at org.apache.ratis.grpc.server.GrpcServerProtocolClient.requestVote(GrpcServerProtocolClient.java:90)
	at org.apache.ratis.grpc.server.GrpcService.requestVote(GrpcService.java:204)
	at org.apache.ratis.server.impl.LeaderElection.lambda$submitRequests$1(LeaderElection.java:238)
	at java.util.concurrent.FutureTask.run(FutureTask.java:266)
	at java.util.concurrent.Executors$RunnableAdapter.call(Executors.java:511)
	at java.util.concurrent.FutureTask.run(FutureTask.java:266)
	at java.util.concurrent.ThreadPoolExecutor.runWorker(ThreadPoolExecutor.java:1149)
	at java.util.concurrent.ThreadPoolExecutor$Worker.run(ThreadPoolExecutor.java:624)
	... 1 more
Caused by: org.apache.ratis.thirdparty.io.netty.channel.AbstractChannel$AnnotatedConnectException: Connection refused: /192.168.151.103:40680
	at sun.nio.ch.SocketChannelImpl.checkConnect(Native Method)
	at sun.nio.ch.SocketChannelImpl.finishConnect(SocketChannelImpl.java:717)
	at org.apache.ratis.thirdparty.io.netty.channel.socket.nio.NioSocketChannel.doFinishConnect(NioSocketChannel.java:327)
	at org.apache.ratis.thirdparty.io.netty.channel.nio.AbstractNioChannel$AbstractNioUnsafe.finishConnect(AbstractNioChannel.java:340)
	at org.apache.ratis.thirdparty.io.netty.channel.nio.NioEventLoop.processSelectedKey(NioEventLoop.java:632)
	at org.apache.ratis.thirdparty.io.netty.channel.nio.NioEventLoop.processSelectedKeysOptimized(NioEventLoop.java:579)
	at org.apache.ratis.thirdparty.io.netty.channel.nio.NioEventLoop.processSelectedKeys(NioEventLoop.java:496)
	at org.apache.ratis.thirdparty.io.netty.channel.nio.NioEventLoop.run(NioEventLoop.java:458)
	at org.apache.ratis.thirdparty.io.netty.util.concurrent.SingleThreadEventExecutor$5.run(SingleThreadEventExecutor.java:897)
	at org.apache.ratis.thirdparty.io.netty.util.concurrent.FastThreadLocalRunnable.run(FastThreadLocalRunnable.java:30)
	... 1 more
Caused by: java.net.ConnectException: Connection refused
	... 11 more
2019-09-27 09:16:32,207 [6bbd184a-0336-4d81-9e16-b14f69eef1c7@group-99BA15B9EFBE:LeaderElection27] INFO  impl.LeaderElection (LeaderElection.java:logAndReturn(56)) - 6bbd184a-0336-4d81-9e16-b14f69eef1c7@group-99BA15B9EFBE:LeaderElection27: Election REJECTED; received 0 response(s) [] and 2 exception(s); 6bbd184a-0336-4d81-9e16-b14f69eef1c7@group-99BA15B9EFBE:t7, leader=null, voted=6bbd184a-0336-4d81-9e16-b14f69eef1c7, raftlog=6bbd184a-0336-4d81-9e16-b14f69eef1c7@group-99BA15B9EFBE-SegmentedRaftLog:OPENED:c0,f0,i0, conf=0: [61fa1b65-b974-45b4-9851-06f065a159ca:192.168.151.103:33766, 6bbd184a-0336-4d81-9e16-b14f69eef1c7:192.168.151.103:36847, e31a64e7-7f72-4df5-b5f7-b27bcc72e3f7:192.168.151.103:40680], old=null
2019-09-27 09:16:32,208 [6bbd184a-0336-4d81-9e16-b14f69eef1c7@group-99BA15B9EFBE:LeaderElection27] INFO  impl.LeaderElection (LogUtils.java:infoOrTrace(149)) -   Exception 0: {}
java.util.concurrent.ExecutionException: org.apache.ratis.thirdparty.io.grpc.StatusRuntimeException: UNAVAILABLE: io exception
	at java.util.concurrent.FutureTask.report(FutureTask.java:122)
	at java.util.concurrent.FutureTask.get(FutureTask.java:192)
	at org.apache.ratis.server.impl.LeaderElection.waitForResults(LeaderElection.java:263)
	at org.apache.ratis.server.impl.LeaderElection.askForVotes(LeaderElection.java:201)
	at org.apache.ratis.server.impl.LeaderElection.run(LeaderElection.java:133)
	at java.lang.Thread.run(Thread.java:748)
Caused by: org.apache.ratis.thirdparty.io.grpc.StatusRuntimeException: UNAVAILABLE: io exception
	at org.apache.ratis.thirdparty.io.grpc.stub.ClientCalls.toStatusRuntimeException(ClientCalls.java:233)
	at org.apache.ratis.thirdparty.io.grpc.stub.ClientCalls.getUnchecked(ClientCalls.java:214)
	at org.apache.ratis.thirdparty.io.grpc.stub.ClientCalls.blockingUnaryCall(ClientCalls.java:139)
	at org.apache.ratis.proto.grpc.RaftServerProtocolServiceGrpc$RaftServerProtocolServiceBlockingStub.requestVote(RaftServerProtocolServiceGrpc.java:265)
	at org.apache.ratis.grpc.server.GrpcServerProtocolClient.requestVote(GrpcServerProtocolClient.java:90)
	at org.apache.ratis.grpc.server.GrpcService.requestVote(GrpcService.java:204)
	at org.apache.ratis.server.impl.LeaderElection.lambda$submitRequests$1(LeaderElection.java:238)
	at java.util.concurrent.FutureTask.run(FutureTask.java:266)
	at java.util.concurrent.Executors$RunnableAdapter.call(Executors.java:511)
	at java.util.concurrent.FutureTask.run(FutureTask.java:266)
	at java.util.concurrent.ThreadPoolExecutor.runWorker(ThreadPoolExecutor.java:1149)
	at java.util.concurrent.ThreadPoolExecutor$Worker.run(ThreadPoolExecutor.java:624)
	... 1 more
Caused by: org.apache.ratis.thirdparty.io.netty.channel.AbstractChannel$AnnotatedConnectException: Connection refused: /192.168.151.103:33766
	at sun.nio.ch.SocketChannelImpl.checkConnect(Native Method)
	at sun.nio.ch.SocketChannelImpl.finishConnect(SocketChannelImpl.java:717)
	at org.apache.ratis.thirdparty.io.netty.channel.socket.nio.NioSocketChannel.doFinishConnect(NioSocketChannel.java:327)
	at org.apache.ratis.thirdparty.io.netty.channel.nio.AbstractNioChannel$AbstractNioUnsafe.finishConnect(AbstractNioChannel.java:340)
	at org.apache.ratis.thirdparty.io.netty.channel.nio.NioEventLoop.processSelectedKey(NioEventLoop.java:632)
	at org.apache.ratis.thirdparty.io.netty.channel.nio.NioEventLoop.processSelectedKeysOptimized(NioEventLoop.java:579)
	at org.apache.ratis.thirdparty.io.netty.channel.nio.NioEventLoop.processSelectedKeys(NioEventLoop.java:496)
	at org.apache.ratis.thirdparty.io.netty.channel.nio.NioEventLoop.run(NioEventLoop.java:458)
	at org.apache.ratis.thirdparty.io.netty.util.concurrent.SingleThreadEventExecutor$5.run(SingleThreadEventExecutor.java:897)
	at org.apache.ratis.thirdparty.io.netty.util.concurrent.FastThreadLocalRunnable.run(FastThreadLocalRunnable.java:30)
	... 1 more
Caused by: java.net.ConnectException: Connection refused
	... 11 more
2019-09-27 09:16:32,210 [6bbd184a-0336-4d81-9e16-b14f69eef1c7@group-99BA15B9EFBE:LeaderElection27] INFO  impl.LeaderElection (LogUtils.java:infoOrTrace(149)) -   Exception 1: {}
java.util.concurrent.ExecutionException: org.apache.ratis.thirdparty.io.grpc.StatusRuntimeException: UNAVAILABLE: io exception
	at java.util.concurrent.FutureTask.report(FutureTask.java:122)
	at java.util.concurrent.FutureTask.get(FutureTask.java:192)
	at org.apache.ratis.server.impl.LeaderElection.waitForResults(LeaderElection.java:263)
	at org.apache.ratis.server.impl.LeaderElection.askForVotes(LeaderElection.java:201)
	at org.apache.ratis.server.impl.LeaderElection.run(LeaderElection.java:133)
	at java.lang.Thread.run(Thread.java:748)
Caused by: org.apache.ratis.thirdparty.io.grpc.StatusRuntimeException: UNAVAILABLE: io exception
	at org.apache.ratis.thirdparty.io.grpc.stub.ClientCalls.toStatusRuntimeException(ClientCalls.java:233)
	at org.apache.ratis.thirdparty.io.grpc.stub.ClientCalls.getUnchecked(ClientCalls.java:214)
	at org.apache.ratis.thirdparty.io.grpc.stub.ClientCalls.blockingUnaryCall(ClientCalls.java:139)
	at org.apache.ratis.proto.grpc.RaftServerProtocolServiceGrpc$RaftServerProtocolServiceBlockingStub.requestVote(RaftServerProtocolServiceGrpc.java:265)
	at org.apache.ratis.grpc.server.GrpcServerProtocolClient.requestVote(GrpcServerProtocolClient.java:90)
	at org.apache.ratis.grpc.server.GrpcService.requestVote(GrpcService.java:204)
	at org.apache.ratis.server.impl.LeaderElection.lambda$submitRequests$1(LeaderElection.java:238)
	at java.util.concurrent.FutureTask.run(FutureTask.java:266)
	at java.util.concurrent.Executors$RunnableAdapter.call(Executors.java:511)
	at java.util.concurrent.FutureTask.run(FutureTask.java:266)
	at java.util.concurrent.ThreadPoolExecutor.runWorker(ThreadPoolExecutor.java:1149)
	at java.util.concurrent.ThreadPoolExecutor$Worker.run(ThreadPoolExecutor.java:624)
	... 1 more
Caused by: org.apache.ratis.thirdparty.io.netty.channel.AbstractChannel$AnnotatedConnectException: Connection refused: /192.168.151.103:40680
	at sun.nio.ch.SocketChannelImpl.checkConnect(Native Method)
	at sun.nio.ch.SocketChannelImpl.finishConnect(SocketChannelImpl.java:717)
	at org.apache.ratis.thirdparty.io.netty.channel.socket.nio.NioSocketChannel.doFinishConnect(NioSocketChannel.java:327)
	at org.apache.ratis.thirdparty.io.netty.channel.nio.AbstractNioChannel$AbstractNioUnsafe.finishConnect(AbstractNioChannel.java:340)
	at org.apache.ratis.thirdparty.io.netty.channel.nio.NioEventLoop.processSelectedKey(NioEventLoop.java:632)
	at org.apache.ratis.thirdparty.io.netty.channel.nio.NioEventLoop.processSelectedKeysOptimized(NioEventLoop.java:579)
	at org.apache.ratis.thirdparty.io.netty.channel.nio.NioEventLoop.processSelectedKeys(NioEventLoop.java:496)
	at org.apache.ratis.thirdparty.io.netty.channel.nio.NioEventLoop.run(NioEventLoop.java:458)
	at org.apache.ratis.thirdparty.io.netty.util.concurrent.SingleThreadEventExecutor$5.run(SingleThreadEventExecutor.java:897)
	at org.apache.ratis.thirdparty.io.netty.util.concurrent.FastThreadLocalRunnable.run(FastThreadLocalRunnable.java:30)
	... 1 more
Caused by: java.net.ConnectException: Connection refused
	... 11 more
2019-09-27 09:16:32,211 [6bbd184a-0336-4d81-9e16-b14f69eef1c7@group-99BA15B9EFBE:LeaderElection27] INFO  impl.RaftServerImpl (RaftServerImpl.java:setRole(174)) - 6bbd184a-0336-4d81-9e16-b14f69eef1c7@group-99BA15B9EFBE: changes role from CANDIDATE to FOLLOWER at term 7 for DISCOVERED_A_NEW_TERM
2019-09-27 09:16:32,213 [6bbd184a-0336-4d81-9e16-b14f69eef1c7@group-99BA15B9EFBE:LeaderElection27] INFO  impl.RoleInfo (RoleInfo.java:shutdownLeaderElection(134)) - 6bbd184a-0336-4d81-9e16-b14f69eef1c7: shutdown LeaderElection
2019-09-27 09:16:32,213 [6bbd184a-0336-4d81-9e16-b14f69eef1c7@group-99BA15B9EFBE:LeaderElection27] INFO  impl.RoleInfo (RoleInfo.java:updateAndGet(143)) - 6bbd184a-0336-4d81-9e16-b14f69eef1c7: start FollowerState
2019-09-27 09:16:32,306 [grpc-default-executor-0] WARN  server.GrpcLogAppender (LogUtils.java:warn(134)) - b93e8517-84f8-4f68-bef3-e117f2a0c787@group-27CEAF660913->d31f9c36-f111-497e-b7b9-765da331cca9-AppendLogResponseHandler: Failed appendEntries: org.apache.ratis.thirdparty.io.grpc.StatusRuntimeException: UNAVAILABLE: io exception
2019-09-27 09:16:32,309 [grpc-default-executor-0] INFO  impl.FollowerInfo (FollowerInfo.java:lambda$new$0(51)) - b93e8517-84f8-4f68-bef3-e117f2a0c787@group-27CEAF660913->d31f9c36-f111-497e-b7b9-765da331cca9: nextIndex: updateUnconditionally 0 -> 0
2019-09-27 09:16:32,340 [grpc-default-executor-1] WARN  server.GrpcLogAppender (LogUtils.java:warn(134)) - 0821efe4-c707-4fcc-94f8-cb827e7ada87@group-4DD0B4D884A5->1b1c50e1-42fe-4038-95e1-cf5ebbb85fbb-AppendLogResponseHandler: Failed appendEntries: org.apache.ratis.thirdparty.io.grpc.StatusRuntimeException: UNAVAILABLE: io exception
2019-09-27 09:16:32,341 [grpc-default-executor-4] WARN  server.GrpcLogAppender (LogUtils.java:warn(134)) - 0821efe4-c707-4fcc-94f8-cb827e7ada87@group-4DD0B4D884A5->a7400050-0947-41b0-8512-caed91bc5dce-AppendLogResponseHandler: Failed appendEntries: org.apache.ratis.thirdparty.io.grpc.StatusRuntimeException: UNAVAILABLE: io exception
2019-09-27 09:16:32,341 [grpc-default-executor-1] INFO  impl.FollowerInfo (FollowerInfo.java:lambda$new$0(51)) - 0821efe4-c707-4fcc-94f8-cb827e7ada87@group-4DD0B4D884A5->1b1c50e1-42fe-4038-95e1-cf5ebbb85fbb: nextIndex: updateUnconditionally 0 -> 0
2019-09-27 09:16:32,341 [grpc-default-executor-4] INFO  impl.FollowerInfo (FollowerInfo.java:lambda$new$0(51)) - 0821efe4-c707-4fcc-94f8-cb827e7ada87@group-4DD0B4D884A5->a7400050-0947-41b0-8512-caed91bc5dce: nextIndex: updateUnconditionally 0 -> 0
2019-09-27 09:16:32,807 [grpc-default-executor-0] WARN  server.GrpcLogAppender (LogUtils.java:warn(134)) - b93e8517-84f8-4f68-bef3-e117f2a0c787@group-27CEAF660913->d31f9c36-f111-497e-b7b9-765da331cca9-AppendLogResponseHandler: Failed appendEntries: org.apache.ratis.thirdparty.io.grpc.StatusRuntimeException: UNAVAILABLE: io exception
2019-09-27 09:16:32,808 [grpc-default-executor-0] INFO  impl.FollowerInfo (FollowerInfo.java:lambda$new$0(51)) - b93e8517-84f8-4f68-bef3-e117f2a0c787@group-27CEAF660913->d31f9c36-f111-497e-b7b9-765da331cca9: nextIndex: updateUnconditionally 0 -> 0
2019-09-27 09:16:32,842 [grpc-default-executor-7] WARN  server.GrpcLogAppender (LogUtils.java:warn(134)) - 0821efe4-c707-4fcc-94f8-cb827e7ada87@group-4DD0B4D884A5->1b1c50e1-42fe-4038-95e1-cf5ebbb85fbb-AppendLogResponseHandler: Failed appendEntries: org.apache.ratis.thirdparty.io.grpc.StatusRuntimeException: UNAVAILABLE: io exception
2019-09-27 09:16:32,842 [grpc-default-executor-6] WARN  server.GrpcLogAppender (LogUtils.java:warn(134)) - 0821efe4-c707-4fcc-94f8-cb827e7ada87@group-4DD0B4D884A5->a7400050-0947-41b0-8512-caed91bc5dce-AppendLogResponseHandler: Failed appendEntries: org.apache.ratis.thirdparty.io.grpc.StatusRuntimeException: UNAVAILABLE: io exception
2019-09-27 09:16:32,842 [grpc-default-executor-7] INFO  impl.FollowerInfo (FollowerInfo.java:lambda$new$0(51)) - 0821efe4-c707-4fcc-94f8-cb827e7ada87@group-4DD0B4D884A5->1b1c50e1-42fe-4038-95e1-cf5ebbb85fbb: nextIndex: updateUnconditionally 0 -> 0
2019-09-27 09:16:32,842 [grpc-default-executor-6] INFO  impl.FollowerInfo (FollowerInfo.java:lambda$new$0(51)) - 0821efe4-c707-4fcc-94f8-cb827e7ada87@group-4DD0B4D884A5->a7400050-0947-41b0-8512-caed91bc5dce: nextIndex: updateUnconditionally 0 -> 0
2019-09-27 09:16:33,311 [grpc-default-executor-1] WARN  server.GrpcLogAppender (LogUtils.java:warn(134)) - b93e8517-84f8-4f68-bef3-e117f2a0c787@group-27CEAF660913->d31f9c36-f111-497e-b7b9-765da331cca9-AppendLogResponseHandler: Failed appendEntries: org.apache.ratis.thirdparty.io.grpc.StatusRuntimeException: UNAVAILABLE: io exception
2019-09-27 09:16:33,312 [grpc-default-executor-1] INFO  impl.FollowerInfo (FollowerInfo.java:lambda$new$0(51)) - b93e8517-84f8-4f68-bef3-e117f2a0c787@group-27CEAF660913->d31f9c36-f111-497e-b7b9-765da331cca9: nextIndex: updateUnconditionally 0 -> 0
2019-09-27 09:16:33,342 [grpc-default-executor-6] WARN  server.GrpcLogAppender (LogUtils.java:warn(134)) - 0821efe4-c707-4fcc-94f8-cb827e7ada87@group-4DD0B4D884A5->1b1c50e1-42fe-4038-95e1-cf5ebbb85fbb-AppendLogResponseHandler: Failed appendEntries: org.apache.ratis.thirdparty.io.grpc.StatusRuntimeException: UNAVAILABLE: io exception
2019-09-27 09:16:33,342 [grpc-default-executor-7] WARN  server.GrpcLogAppender (LogUtils.java:warn(134)) - 0821efe4-c707-4fcc-94f8-cb827e7ada87@group-4DD0B4D884A5->a7400050-0947-41b0-8512-caed91bc5dce-AppendLogResponseHandler: Failed appendEntries: org.apache.ratis.thirdparty.io.grpc.StatusRuntimeException: UNAVAILABLE: io exception
2019-09-27 09:16:33,343 [grpc-default-executor-6] INFO  impl.FollowerInfo (FollowerInfo.java:lambda$new$0(51)) - 0821efe4-c707-4fcc-94f8-cb827e7ada87@group-4DD0B4D884A5->1b1c50e1-42fe-4038-95e1-cf5ebbb85fbb: nextIndex: updateUnconditionally 0 -> 0
2019-09-27 09:16:33,343 [grpc-default-executor-7] INFO  impl.FollowerInfo (FollowerInfo.java:lambda$new$0(51)) - 0821efe4-c707-4fcc-94f8-cb827e7ada87@group-4DD0B4D884A5->a7400050-0947-41b0-8512-caed91bc5dce: nextIndex: updateUnconditionally 0 -> 0
2019-09-27 09:16:33,411 [Thread-1911] INFO  impl.FollowerState (FollowerState.java:run(106)) - 6bbd184a-0336-4d81-9e16-b14f69eef1c7:group-99BA15B9EFBE changes to CANDIDATE, lastRpcTime:1198, electionTimeout:1196ms
2019-09-27 09:16:33,411 [Thread-1911] INFO  impl.RoleInfo (RoleInfo.java:shutdownFollowerState(121)) - 6bbd184a-0336-4d81-9e16-b14f69eef1c7: shutdown FollowerState
2019-09-27 09:16:33,412 [Thread-1911] INFO  impl.RaftServerImpl (RaftServerImpl.java:setRole(174)) - 6bbd184a-0336-4d81-9e16-b14f69eef1c7@group-99BA15B9EFBE: changes role from  FOLLOWER to CANDIDATE at term 7 for changeToCandidate
2019-09-27 09:16:33,412 [Thread-1911] INFO  impl.RoleInfo (RoleInfo.java:updateAndGet(143)) - 6bbd184a-0336-4d81-9e16-b14f69eef1c7: start LeaderElection
2019-09-27 09:16:33,428 [6bbd184a-0336-4d81-9e16-b14f69eef1c7@group-99BA15B9EFBE:LeaderElection28] INFO  impl.LeaderElection (LeaderElection.java:askForVotes(182)) - 6bbd184a-0336-4d81-9e16-b14f69eef1c7@group-99BA15B9EFBE:LeaderElection28: begin an election at term 8 for 0: [61fa1b65-b974-45b4-9851-06f065a159ca:192.168.151.103:33766, 6bbd184a-0336-4d81-9e16-b14f69eef1c7:192.168.151.103:36847, e31a64e7-7f72-4df5-b5f7-b27bcc72e3f7:192.168.151.103:40680], old=null
2019-09-27 09:16:33,429 [6bbd184a-0336-4d81-9e16-b14f69eef1c7@group-99BA15B9EFBE:LeaderElection28] INFO  impl.LeaderElection (LogUtils.java:infoOrTrace(149)) - 6bbd184a-0336-4d81-9e16-b14f69eef1c7@group-99BA15B9EFBE:LeaderElection28 got exception when requesting votes: {}
java.util.concurrent.ExecutionException: org.apache.ratis.thirdparty.io.grpc.StatusRuntimeException: UNAVAILABLE: io exception
	at java.util.concurrent.FutureTask.report(FutureTask.java:122)
	at java.util.concurrent.FutureTask.get(FutureTask.java:192)
	at org.apache.ratis.server.impl.LeaderElection.waitForResults(LeaderElection.java:263)
	at org.apache.ratis.server.impl.LeaderElection.askForVotes(LeaderElection.java:201)
	at org.apache.ratis.server.impl.LeaderElection.run(LeaderElection.java:133)
	at java.lang.Thread.run(Thread.java:748)
Caused by: org.apache.ratis.thirdparty.io.grpc.StatusRuntimeException: UNAVAILABLE: io exception
	at org.apache.ratis.thirdparty.io.grpc.stub.ClientCalls.toStatusRuntimeException(ClientCalls.java:233)
	at org.apache.ratis.thirdparty.io.grpc.stub.ClientCalls.getUnchecked(ClientCalls.java:214)
	at org.apache.ratis.thirdparty.io.grpc.stub.ClientCalls.blockingUnaryCall(ClientCalls.java:139)
	at org.apache.ratis.proto.grpc.RaftServerProtocolServiceGrpc$RaftServerProtocolServiceBlockingStub.requestVote(RaftServerProtocolServiceGrpc.java:265)
	at org.apache.ratis.grpc.server.GrpcServerProtocolClient.requestVote(GrpcServerProtocolClient.java:90)
	at org.apache.ratis.grpc.server.GrpcService.requestVote(GrpcService.java:204)
	at org.apache.ratis.server.impl.LeaderElection.lambda$submitRequests$1(LeaderElection.java:238)
	at java.util.concurrent.FutureTask.run(FutureTask.java:266)
	at java.util.concurrent.Executors$RunnableAdapter.call(Executors.java:511)
	at java.util.concurrent.FutureTask.run(FutureTask.java:266)
	at java.util.concurrent.ThreadPoolExecutor.runWorker(ThreadPoolExecutor.java:1149)
	at java.util.concurrent.ThreadPoolExecutor$Worker.run(ThreadPoolExecutor.java:624)
	... 1 more
Caused by: org.apache.ratis.thirdparty.io.netty.channel.AbstractChannel$AnnotatedConnectException: Connection refused: /192.168.151.103:33766
	at sun.nio.ch.SocketChannelImpl.checkConnect(Native Method)
	at sun.nio.ch.SocketChannelImpl.finishConnect(SocketChannelImpl.java:717)
	at org.apache.ratis.thirdparty.io.netty.channel.socket.nio.NioSocketChannel.doFinishConnect(NioSocketChannel.java:327)
	at org.apache.ratis.thirdparty.io.netty.channel.nio.AbstractNioChannel$AbstractNioUnsafe.finishConnect(AbstractNioChannel.java:340)
	at org.apache.ratis.thirdparty.io.netty.channel.nio.NioEventLoop.processSelectedKey(NioEventLoop.java:632)
	at org.apache.ratis.thirdparty.io.netty.channel.nio.NioEventLoop.processSelectedKeysOptimized(NioEventLoop.java:579)
	at org.apache.ratis.thirdparty.io.netty.channel.nio.NioEventLoop.processSelectedKeys(NioEventLoop.java:496)
	at org.apache.ratis.thirdparty.io.netty.channel.nio.NioEventLoop.run(NioEventLoop.java:458)
	at org.apache.ratis.thirdparty.io.netty.util.concurrent.SingleThreadEventExecutor$5.run(SingleThreadEventExecutor.java:897)
	at org.apache.ratis.thirdparty.io.netty.util.concurrent.FastThreadLocalRunnable.run(FastThreadLocalRunnable.java:30)
	... 1 more
Caused by: java.net.ConnectException: Connection refused
	... 11 more
2019-09-27 09:16:33,432 [6bbd184a-0336-4d81-9e16-b14f69eef1c7@group-99BA15B9EFBE:LeaderElection28] INFO  impl.LeaderElection (LogUtils.java:infoOrTrace(149)) - 6bbd184a-0336-4d81-9e16-b14f69eef1c7@group-99BA15B9EFBE:LeaderElection28 got exception when requesting votes: {}
java.util.concurrent.ExecutionException: org.apache.ratis.thirdparty.io.grpc.StatusRuntimeException: UNAVAILABLE: io exception
	at java.util.concurrent.FutureTask.report(FutureTask.java:122)
	at java.util.concurrent.FutureTask.get(FutureTask.java:192)
	at org.apache.ratis.server.impl.LeaderElection.waitForResults(LeaderElection.java:263)
	at org.apache.ratis.server.impl.LeaderElection.askForVotes(LeaderElection.java:201)
	at org.apache.ratis.server.impl.LeaderElection.run(LeaderElection.java:133)
	at java.lang.Thread.run(Thread.java:748)
Caused by: org.apache.ratis.thirdparty.io.grpc.StatusRuntimeException: UNAVAILABLE: io exception
	at org.apache.ratis.thirdparty.io.grpc.stub.ClientCalls.toStatusRuntimeException(ClientCalls.java:233)
	at org.apache.ratis.thirdparty.io.grpc.stub.ClientCalls.getUnchecked(ClientCalls.java:214)
	at org.apache.ratis.thirdparty.io.grpc.stub.ClientCalls.blockingUnaryCall(ClientCalls.java:139)
	at org.apache.ratis.proto.grpc.RaftServerProtocolServiceGrpc$RaftServerProtocolServiceBlockingStub.requestVote(RaftServerProtocolServiceGrpc.java:265)
	at org.apache.ratis.grpc.server.GrpcServerProtocolClient.requestVote(GrpcServerProtocolClient.java:90)
	at org.apache.ratis.grpc.server.GrpcService.requestVote(GrpcService.java:204)
	at org.apache.ratis.server.impl.LeaderElection.lambda$submitRequests$1(LeaderElection.java:238)
	at java.util.concurrent.FutureTask.run(FutureTask.java:266)
	at java.util.concurrent.Executors$RunnableAdapter.call(Executors.java:511)
	at java.util.concurrent.FutureTask.run(FutureTask.java:266)
	at java.util.concurrent.ThreadPoolExecutor.runWorker(ThreadPoolExecutor.java:1149)
	at java.util.concurrent.ThreadPoolExecutor$Worker.run(ThreadPoolExecutor.java:624)
	... 1 more
Caused by: org.apache.ratis.thirdparty.io.netty.channel.AbstractChannel$AnnotatedConnectException: Connection refused: /192.168.151.103:40680
	at sun.nio.ch.SocketChannelImpl.checkConnect(Native Method)
	at sun.nio.ch.SocketChannelImpl.finishConnect(SocketChannelImpl.java:717)
	at org.apache.ratis.thirdparty.io.netty.channel.socket.nio.NioSocketChannel.doFinishConnect(NioSocketChannel.java:327)
	at org.apache.ratis.thirdparty.io.netty.channel.nio.AbstractNioChannel$AbstractNioUnsafe.finishConnect(AbstractNioChannel.java:340)
	at org.apache.ratis.thirdparty.io.netty.channel.nio.NioEventLoop.processSelectedKey(NioEventLoop.java:632)
	at org.apache.ratis.thirdparty.io.netty.channel.nio.NioEventLoop.processSelectedKeysOptimized(NioEventLoop.java:579)
	at org.apache.ratis.thirdparty.io.netty.channel.nio.NioEventLoop.processSelectedKeys(NioEventLoop.java:496)
	at org.apache.ratis.thirdparty.io.netty.channel.nio.NioEventLoop.run(NioEventLoop.java:458)
	at org.apache.ratis.thirdparty.io.netty.util.concurrent.SingleThreadEventExecutor$5.run(SingleThreadEventExecutor.java:897)
	at org.apache.ratis.thirdparty.io.netty.util.concurrent.FastThreadLocalRunnable.run(FastThreadLocalRunnable.java:30)
	... 1 more
Caused by: java.net.ConnectException: Connection refused
	... 11 more
2019-09-27 09:16:33,434 [6bbd184a-0336-4d81-9e16-b14f69eef1c7@group-99BA15B9EFBE:LeaderElection28] INFO  impl.LeaderElection (LeaderElection.java:logAndReturn(56)) - 6bbd184a-0336-4d81-9e16-b14f69eef1c7@group-99BA15B9EFBE:LeaderElection28: Election REJECTED; received 0 response(s) [] and 2 exception(s); 6bbd184a-0336-4d81-9e16-b14f69eef1c7@group-99BA15B9EFBE:t8, leader=null, voted=6bbd184a-0336-4d81-9e16-b14f69eef1c7, raftlog=6bbd184a-0336-4d81-9e16-b14f69eef1c7@group-99BA15B9EFBE-SegmentedRaftLog:OPENED:c0,f0,i0, conf=0: [61fa1b65-b974-45b4-9851-06f065a159ca:192.168.151.103:33766, 6bbd184a-0336-4d81-9e16-b14f69eef1c7:192.168.151.103:36847, e31a64e7-7f72-4df5-b5f7-b27bcc72e3f7:192.168.151.103:40680], old=null
2019-09-27 09:16:33,434 [6bbd184a-0336-4d81-9e16-b14f69eef1c7@group-99BA15B9EFBE:LeaderElection28] INFO  impl.LeaderElection (LogUtils.java:infoOrTrace(149)) -   Exception 0: {}
java.util.concurrent.ExecutionException: org.apache.ratis.thirdparty.io.grpc.StatusRuntimeException: UNAVAILABLE: io exception
	at java.util.concurrent.FutureTask.report(FutureTask.java:122)
	at java.util.concurrent.FutureTask.get(FutureTask.java:192)
	at org.apache.ratis.server.impl.LeaderElection.waitForResults(LeaderElection.java:263)
	at org.apache.ratis.server.impl.LeaderElection.askForVotes(LeaderElection.java:201)
	at org.apache.ratis.server.impl.LeaderElection.run(LeaderElection.java:133)
	at java.lang.Thread.run(Thread.java:748)
Caused by: org.apache.ratis.thirdparty.io.grpc.StatusRuntimeException: UNAVAILABLE: io exception
	at org.apache.ratis.thirdparty.io.grpc.stub.ClientCalls.toStatusRuntimeException(ClientCalls.java:233)
	at org.apache.ratis.thirdparty.io.grpc.stub.ClientCalls.getUnchecked(ClientCalls.java:214)
	at org.apache.ratis.thirdparty.io.grpc.stub.ClientCalls.blockingUnaryCall(ClientCalls.java:139)
	at org.apache.ratis.proto.grpc.RaftServerProtocolServiceGrpc$RaftServerProtocolServiceBlockingStub.requestVote(RaftServerProtocolServiceGrpc.java:265)
	at org.apache.ratis.grpc.server.GrpcServerProtocolClient.requestVote(GrpcServerProtocolClient.java:90)
	at org.apache.ratis.grpc.server.GrpcService.requestVote(GrpcService.java:204)
	at org.apache.ratis.server.impl.LeaderElection.lambda$submitRequests$1(LeaderElection.java:238)
	at java.util.concurrent.FutureTask.run(FutureTask.java:266)
	at java.util.concurrent.Executors$RunnableAdapter.call(Executors.java:511)
	at java.util.concurrent.FutureTask.run(FutureTask.java:266)
	at java.util.concurrent.ThreadPoolExecutor.runWorker(ThreadPoolExecutor.java:1149)
	at java.util.concurrent.ThreadPoolExecutor$Worker.run(ThreadPoolExecutor.java:624)
	... 1 more
Caused by: org.apache.ratis.thirdparty.io.netty.channel.AbstractChannel$AnnotatedConnectException: Connection refused: /192.168.151.103:33766
	at sun.nio.ch.SocketChannelImpl.checkConnect(Native Method)
	at sun.nio.ch.SocketChannelImpl.finishConnect(SocketChannelImpl.java:717)
	at org.apache.ratis.thirdparty.io.netty.channel.socket.nio.NioSocketChannel.doFinishConnect(NioSocketChannel.java:327)
	at org.apache.ratis.thirdparty.io.netty.channel.nio.AbstractNioChannel$AbstractNioUnsafe.finishConnect(AbstractNioChannel.java:340)
	at org.apache.ratis.thirdparty.io.netty.channel.nio.NioEventLoop.processSelectedKey(NioEventLoop.java:632)
	at org.apache.ratis.thirdparty.io.netty.channel.nio.NioEventLoop.processSelectedKeysOptimized(NioEventLoop.java:579)
	at org.apache.ratis.thirdparty.io.netty.channel.nio.NioEventLoop.processSelectedKeys(NioEventLoop.java:496)
	at org.apache.ratis.thirdparty.io.netty.channel.nio.NioEventLoop.run(NioEventLoop.java:458)
	at org.apache.ratis.thirdparty.io.netty.util.concurrent.SingleThreadEventExecutor$5.run(SingleThreadEventExecutor.java:897)
	at org.apache.ratis.thirdparty.io.netty.util.concurrent.FastThreadLocalRunnable.run(FastThreadLocalRunnable.java:30)
	... 1 more
Caused by: java.net.ConnectException: Connection refused
	... 11 more
2019-09-27 09:16:33,435 [6bbd184a-0336-4d81-9e16-b14f69eef1c7@group-99BA15B9EFBE:LeaderElection28] INFO  impl.LeaderElection (LogUtils.java:infoOrTrace(149)) -   Exception 1: {}
java.util.concurrent.ExecutionException: org.apache.ratis.thirdparty.io.grpc.StatusRuntimeException: UNAVAILABLE: io exception
	at java.util.concurrent.FutureTask.report(FutureTask.java:122)
	at java.util.concurrent.FutureTask.get(FutureTask.java:192)
	at org.apache.ratis.server.impl.LeaderElection.waitForResults(LeaderElection.java:263)
	at org.apache.ratis.server.impl.LeaderElection.askForVotes(LeaderElection.java:201)
	at org.apache.ratis.server.impl.LeaderElection.run(LeaderElection.java:133)
	at java.lang.Thread.run(Thread.java:748)
Caused by: org.apache.ratis.thirdparty.io.grpc.StatusRuntimeException: UNAVAILABLE: io exception
	at org.apache.ratis.thirdparty.io.grpc.stub.ClientCalls.toStatusRuntimeException(ClientCalls.java:233)
	at org.apache.ratis.thirdparty.io.grpc.stub.ClientCalls.getUnchecked(ClientCalls.java:214)
	at org.apache.ratis.thirdparty.io.grpc.stub.ClientCalls.blockingUnaryCall(ClientCalls.java:139)
	at org.apache.ratis.proto.grpc.RaftServerProtocolServiceGrpc$RaftServerProtocolServiceBlockingStub.requestVote(RaftServerProtocolServiceGrpc.java:265)
	at org.apache.ratis.grpc.server.GrpcServerProtocolClient.requestVote(GrpcServerProtocolClient.java:90)
	at org.apache.ratis.grpc.server.GrpcService.requestVote(GrpcService.java:204)
	at org.apache.ratis.server.impl.LeaderElection.lambda$submitRequests$1(LeaderElection.java:238)
	at java.util.concurrent.FutureTask.run(FutureTask.java:266)
	at java.util.concurrent.Executors$RunnableAdapter.call(Executors.java:511)
	at java.util.concurrent.FutureTask.run(FutureTask.java:266)
	at java.util.concurrent.ThreadPoolExecutor.runWorker(ThreadPoolExecutor.java:1149)
	at java.util.concurrent.ThreadPoolExecutor$Worker.run(ThreadPoolExecutor.java:624)
	... 1 more
Caused by: org.apache.ratis.thirdparty.io.netty.channel.AbstractChannel$AnnotatedConnectException: Connection refused: /192.168.151.103:40680
	at sun.nio.ch.SocketChannelImpl.checkConnect(Native Method)
	at sun.nio.ch.SocketChannelImpl.finishConnect(SocketChannelImpl.java:717)
	at org.apache.ratis.thirdparty.io.netty.channel.socket.nio.NioSocketChannel.doFinishConnect(NioSocketChannel.java:327)
	at org.apache.ratis.thirdparty.io.netty.channel.nio.AbstractNioChannel$AbstractNioUnsafe.finishConnect(AbstractNioChannel.java:340)
	at org.apache.ratis.thirdparty.io.netty.channel.nio.NioEventLoop.processSelectedKey(NioEventLoop.java:632)
	at org.apache.ratis.thirdparty.io.netty.channel.nio.NioEventLoop.processSelectedKeysOptimized(NioEventLoop.java:579)
	at org.apache.ratis.thirdparty.io.netty.channel.nio.NioEventLoop.processSelectedKeys(NioEventLoop.java:496)
	at org.apache.ratis.thirdparty.io.netty.channel.nio.NioEventLoop.run(NioEventLoop.java:458)
	at org.apache.ratis.thirdparty.io.netty.util.concurrent.SingleThreadEventExecutor$5.run(SingleThreadEventExecutor.java:897)
	at org.apache.ratis.thirdparty.io.netty.util.concurrent.FastThreadLocalRunnable.run(FastThreadLocalRunnable.java:30)
	... 1 more
Caused by: java.net.ConnectException: Connection refused
	... 11 more
2019-09-27 09:16:33,435 [6bbd184a-0336-4d81-9e16-b14f69eef1c7@group-99BA15B9EFBE:LeaderElection28] INFO  impl.RaftServerImpl (RaftServerImpl.java:setRole(174)) - 6bbd184a-0336-4d81-9e16-b14f69eef1c7@group-99BA15B9EFBE: changes role from CANDIDATE to FOLLOWER at term 8 for DISCOVERED_A_NEW_TERM
2019-09-27 09:16:33,437 [6bbd184a-0336-4d81-9e16-b14f69eef1c7@group-99BA15B9EFBE:LeaderElection28] INFO  impl.RoleInfo (RoleInfo.java:shutdownLeaderElection(134)) - 6bbd184a-0336-4d81-9e16-b14f69eef1c7: shutdown LeaderElection
2019-09-27 09:16:33,437 [6bbd184a-0336-4d81-9e16-b14f69eef1c7@group-99BA15B9EFBE:LeaderElection28] INFO  impl.RoleInfo (RoleInfo.java:updateAndGet(143)) - 6bbd184a-0336-4d81-9e16-b14f69eef1c7: start FollowerState
2019-09-27 09:16:33,811 [grpc-default-executor-1] WARN  server.GrpcLogAppender (LogUtils.java:warn(134)) - b93e8517-84f8-4f68-bef3-e117f2a0c787@group-27CEAF660913->d31f9c36-f111-497e-b7b9-765da331cca9-AppendLogResponseHandler: Failed appendEntries: org.apache.ratis.thirdparty.io.grpc.StatusRuntimeException: UNAVAILABLE: io exception
2019-09-27 09:16:33,814 [grpc-default-executor-1] INFO  impl.FollowerInfo (FollowerInfo.java:lambda$new$0(51)) - b93e8517-84f8-4f68-bef3-e117f2a0c787@group-27CEAF660913->d31f9c36-f111-497e-b7b9-765da331cca9: nextIndex: updateUnconditionally 0 -> 0
2019-09-27 09:16:33,844 [grpc-default-executor-2] WARN  server.GrpcLogAppender (LogUtils.java:warn(134)) - 0821efe4-c707-4fcc-94f8-cb827e7ada87@group-4DD0B4D884A5->1b1c50e1-42fe-4038-95e1-cf5ebbb85fbb-AppendLogResponseHandler: Failed appendEntries: org.apache.ratis.thirdparty.io.grpc.StatusRuntimeException: UNAVAILABLE: io exception
2019-09-27 09:16:33,844 [grpc-default-executor-7] WARN  server.GrpcLogAppender (LogUtils.java:warn(134)) - 0821efe4-c707-4fcc-94f8-cb827e7ada87@group-4DD0B4D884A5->a7400050-0947-41b0-8512-caed91bc5dce-AppendLogResponseHandler: Failed appendEntries: org.apache.ratis.thirdparty.io.grpc.StatusRuntimeException: UNAVAILABLE: io exception
2019-09-27 09:16:33,844 [grpc-default-executor-2] INFO  impl.FollowerInfo (FollowerInfo.java:lambda$new$0(51)) - 0821efe4-c707-4fcc-94f8-cb827e7ada87@group-4DD0B4D884A5->1b1c50e1-42fe-4038-95e1-cf5ebbb85fbb: nextIndex: updateUnconditionally 0 -> 0
2019-09-27 09:16:33,844 [grpc-default-executor-7] INFO  impl.FollowerInfo (FollowerInfo.java:lambda$new$0(51)) - 0821efe4-c707-4fcc-94f8-cb827e7ada87@group-4DD0B4D884A5->a7400050-0947-41b0-8512-caed91bc5dce: nextIndex: updateUnconditionally 0 -> 0
2019-09-27 09:16:34,311 [grpc-default-executor-0] WARN  server.GrpcLogAppender (LogUtils.java:warn(134)) - b93e8517-84f8-4f68-bef3-e117f2a0c787@group-27CEAF660913->d31f9c36-f111-497e-b7b9-765da331cca9-AppendLogResponseHandler: Failed appendEntries: org.apache.ratis.thirdparty.io.grpc.StatusRuntimeException: UNAVAILABLE: io exception
2019-09-27 09:16:34,312 [grpc-default-executor-0] INFO  impl.FollowerInfo (FollowerInfo.java:lambda$new$0(51)) - b93e8517-84f8-4f68-bef3-e117f2a0c787@group-27CEAF660913->d31f9c36-f111-497e-b7b9-765da331cca9: nextIndex: updateUnconditionally 0 -> 0
2019-09-27 09:16:34,344 [grpc-default-executor-6] WARN  server.GrpcLogAppender (LogUtils.java:warn(134)) - 0821efe4-c707-4fcc-94f8-cb827e7ada87@group-4DD0B4D884A5->a7400050-0947-41b0-8512-caed91bc5dce-AppendLogResponseHandler: Failed appendEntries: org.apache.ratis.thirdparty.io.grpc.StatusRuntimeException: UNAVAILABLE: io exception
2019-09-27 09:16:34,344 [grpc-default-executor-7] WARN  server.GrpcLogAppender (LogUtils.java:warn(134)) - 0821efe4-c707-4fcc-94f8-cb827e7ada87@group-4DD0B4D884A5->1b1c50e1-42fe-4038-95e1-cf5ebbb85fbb-AppendLogResponseHandler: Failed appendEntries: org.apache.ratis.thirdparty.io.grpc.StatusRuntimeException: UNAVAILABLE: io exception
2019-09-27 09:16:34,345 [grpc-default-executor-6] INFO  impl.FollowerInfo (FollowerInfo.java:lambda$new$0(51)) - 0821efe4-c707-4fcc-94f8-cb827e7ada87@group-4DD0B4D884A5->a7400050-0947-41b0-8512-caed91bc5dce: nextIndex: updateUnconditionally 0 -> 0
2019-09-27 09:16:34,345 [grpc-default-executor-7] INFO  impl.FollowerInfo (FollowerInfo.java:lambda$new$0(51)) - 0821efe4-c707-4fcc-94f8-cb827e7ada87@group-4DD0B4D884A5->1b1c50e1-42fe-4038-95e1-cf5ebbb85fbb: nextIndex: updateUnconditionally 0 -> 0
2019-09-27 09:16:34,547 [Thread-1918] INFO  impl.FollowerState (FollowerState.java:run(106)) - 6bbd184a-0336-4d81-9e16-b14f69eef1c7:group-99BA15B9EFBE changes to CANDIDATE, lastRpcTime:1109, electionTimeout:1108ms
2019-09-27 09:16:34,548 [Thread-1918] INFO  impl.RoleInfo (RoleInfo.java:shutdownFollowerState(121)) - 6bbd184a-0336-4d81-9e16-b14f69eef1c7: shutdown FollowerState
2019-09-27 09:16:34,548 [Thread-1918] INFO  impl.RaftServerImpl (RaftServerImpl.java:setRole(174)) - 6bbd184a-0336-4d81-9e16-b14f69eef1c7@group-99BA15B9EFBE: changes role from  FOLLOWER to CANDIDATE at term 8 for changeToCandidate
2019-09-27 09:16:34,548 [Thread-1918] INFO  impl.RoleInfo (RoleInfo.java:updateAndGet(143)) - 6bbd184a-0336-4d81-9e16-b14f69eef1c7: start LeaderElection
2019-09-27 09:16:34,564 [6bbd184a-0336-4d81-9e16-b14f69eef1c7@group-99BA15B9EFBE:LeaderElection29] INFO  impl.LeaderElection (LeaderElection.java:askForVotes(182)) - 6bbd184a-0336-4d81-9e16-b14f69eef1c7@group-99BA15B9EFBE:LeaderElection29: begin an election at term 9 for 0: [61fa1b65-b974-45b4-9851-06f065a159ca:192.168.151.103:33766, 6bbd184a-0336-4d81-9e16-b14f69eef1c7:192.168.151.103:36847, e31a64e7-7f72-4df5-b5f7-b27bcc72e3f7:192.168.151.103:40680], old=null
2019-09-27 09:16:34,566 [6bbd184a-0336-4d81-9e16-b14f69eef1c7@group-99BA15B9EFBE:LeaderElection29] INFO  impl.LeaderElection (LogUtils.java:infoOrTrace(149)) - 6bbd184a-0336-4d81-9e16-b14f69eef1c7@group-99BA15B9EFBE:LeaderElection29 got exception when requesting votes: {}
java.util.concurrent.ExecutionException: org.apache.ratis.thirdparty.io.grpc.StatusRuntimeException: UNAVAILABLE: io exception
	at java.util.concurrent.FutureTask.report(FutureTask.java:122)
	at java.util.concurrent.FutureTask.get(FutureTask.java:192)
	at org.apache.ratis.server.impl.LeaderElection.waitForResults(LeaderElection.java:263)
	at org.apache.ratis.server.impl.LeaderElection.askForVotes(LeaderElection.java:201)
	at org.apache.ratis.server.impl.LeaderElection.run(LeaderElection.java:133)
	at java.lang.Thread.run(Thread.java:748)
Caused by: org.apache.ratis.thirdparty.io.grpc.StatusRuntimeException: UNAVAILABLE: io exception
	at org.apache.ratis.thirdparty.io.grpc.stub.ClientCalls.toStatusRuntimeException(ClientCalls.java:233)
	at org.apache.ratis.thirdparty.io.grpc.stub.ClientCalls.getUnchecked(ClientCalls.java:214)
	at org.apache.ratis.thirdparty.io.grpc.stub.ClientCalls.blockingUnaryCall(ClientCalls.java:139)
	at org.apache.ratis.proto.grpc.RaftServerProtocolServiceGrpc$RaftServerProtocolServiceBlockingStub.requestVote(RaftServerProtocolServiceGrpc.java:265)
	at org.apache.ratis.grpc.server.GrpcServerProtocolClient.requestVote(GrpcServerProtocolClient.java:90)
	at org.apache.ratis.grpc.server.GrpcService.requestVote(GrpcService.java:204)
	at org.apache.ratis.server.impl.LeaderElection.lambda$submitRequests$1(LeaderElection.java:238)
	at java.util.concurrent.FutureTask.run(FutureTask.java:266)
	at java.util.concurrent.Executors$RunnableAdapter.call(Executors.java:511)
	at java.util.concurrent.FutureTask.run(FutureTask.java:266)
	at java.util.concurrent.ThreadPoolExecutor.runWorker(ThreadPoolExecutor.java:1149)
	at java.util.concurrent.ThreadPoolExecutor$Worker.run(ThreadPoolExecutor.java:624)
	... 1 more
Caused by: org.apache.ratis.thirdparty.io.netty.channel.AbstractChannel$AnnotatedConnectException: Connection refused: /192.168.151.103:40680
	at sun.nio.ch.SocketChannelImpl.checkConnect(Native Method)
	at sun.nio.ch.SocketChannelImpl.finishConnect(SocketChannelImpl.java:717)
	at org.apache.ratis.thirdparty.io.netty.channel.socket.nio.NioSocketChannel.doFinishConnect(NioSocketChannel.java:327)
	at org.apache.ratis.thirdparty.io.netty.channel.nio.AbstractNioChannel$AbstractNioUnsafe.finishConnect(AbstractNioChannel.java:340)
	at org.apache.ratis.thirdparty.io.netty.channel.nio.NioEventLoop.processSelectedKey(NioEventLoop.java:632)
	at org.apache.ratis.thirdparty.io.netty.channel.nio.NioEventLoop.processSelectedKeysOptimized(NioEventLoop.java:579)
	at org.apache.ratis.thirdparty.io.netty.channel.nio.NioEventLoop.processSelectedKeys(NioEventLoop.java:496)
	at org.apache.ratis.thirdparty.io.netty.channel.nio.NioEventLoop.run(NioEventLoop.java:458)
	at org.apache.ratis.thirdparty.io.netty.util.concurrent.SingleThreadEventExecutor$5.run(SingleThreadEventExecutor.java:897)
	at org.apache.ratis.thirdparty.io.netty.util.concurrent.FastThreadLocalRunnable.run(FastThreadLocalRunnable.java:30)
	... 1 more
Caused by: java.net.ConnectException: Connection refused
	... 11 more
2019-09-27 09:16:34,568 [6bbd184a-0336-4d81-9e16-b14f69eef1c7@group-99BA15B9EFBE:LeaderElection29] INFO  impl.LeaderElection (LogUtils.java:infoOrTrace(149)) - 6bbd184a-0336-4d81-9e16-b14f69eef1c7@group-99BA15B9EFBE:LeaderElection29 got exception when requesting votes: {}
java.util.concurrent.ExecutionException: org.apache.ratis.thirdparty.io.grpc.StatusRuntimeException: UNAVAILABLE: io exception
	at java.util.concurrent.FutureTask.report(FutureTask.java:122)
	at java.util.concurrent.FutureTask.get(FutureTask.java:192)
	at org.apache.ratis.server.impl.LeaderElection.waitForResults(LeaderElection.java:263)
	at org.apache.ratis.server.impl.LeaderElection.askForVotes(LeaderElection.java:201)
	at org.apache.ratis.server.impl.LeaderElection.run(LeaderElection.java:133)
	at java.lang.Thread.run(Thread.java:748)
Caused by: org.apache.ratis.thirdparty.io.grpc.StatusRuntimeException: UNAVAILABLE: io exception
	at org.apache.ratis.thirdparty.io.grpc.stub.ClientCalls.toStatusRuntimeException(ClientCalls.java:233)
	at org.apache.ratis.thirdparty.io.grpc.stub.ClientCalls.getUnchecked(ClientCalls.java:214)
	at org.apache.ratis.thirdparty.io.grpc.stub.ClientCalls.blockingUnaryCall(ClientCalls.java:139)
	at org.apache.ratis.proto.grpc.RaftServerProtocolServiceGrpc$RaftServerProtocolServiceBlockingStub.requestVote(RaftServerProtocolServiceGrpc.java:265)
	at org.apache.ratis.grpc.server.GrpcServerProtocolClient.requestVote(GrpcServerProtocolClient.java:90)
	at org.apache.ratis.grpc.server.GrpcService.requestVote(GrpcService.java:204)
	at org.apache.ratis.server.impl.LeaderElection.lambda$submitRequests$1(LeaderElection.java:238)
	at java.util.concurrent.FutureTask.run(FutureTask.java:266)
	at java.util.concurrent.Executors$RunnableAdapter.call(Executors.java:511)
	at java.util.concurrent.FutureTask.run(FutureTask.java:266)
	at java.util.concurrent.ThreadPoolExecutor.runWorker(ThreadPoolExecutor.java:1149)
	at java.util.concurrent.ThreadPoolExecutor$Worker.run(ThreadPoolExecutor.java:624)
	... 1 more
Caused by: org.apache.ratis.thirdparty.io.netty.channel.AbstractChannel$AnnotatedConnectException: Connection refused: /192.168.151.103:33766
	at sun.nio.ch.SocketChannelImpl.checkConnect(Native Method)
	at sun.nio.ch.SocketChannelImpl.finishConnect(SocketChannelImpl.java:717)
	at org.apache.ratis.thirdparty.io.netty.channel.socket.nio.NioSocketChannel.doFinishConnect(NioSocketChannel.java:327)
	at org.apache.ratis.thirdparty.io.netty.channel.nio.AbstractNioChannel$AbstractNioUnsafe.finishConnect(AbstractNioChannel.java:340)
	at org.apache.ratis.thirdparty.io.netty.channel.nio.NioEventLoop.processSelectedKey(NioEventLoop.java:632)
	at org.apache.ratis.thirdparty.io.netty.channel.nio.NioEventLoop.processSelectedKeysOptimized(NioEventLoop.java:579)
	at org.apache.ratis.thirdparty.io.netty.channel.nio.NioEventLoop.processSelectedKeys(NioEventLoop.java:496)
	at org.apache.ratis.thirdparty.io.netty.channel.nio.NioEventLoop.run(NioEventLoop.java:458)
	at org.apache.ratis.thirdparty.io.netty.util.concurrent.SingleThreadEventExecutor$5.run(SingleThreadEventExecutor.java:897)
	at org.apache.ratis.thirdparty.io.netty.util.concurrent.FastThreadLocalRunnable.run(FastThreadLocalRunnable.java:30)
	... 1 more
Caused by: java.net.ConnectException: Connection refused
	... 11 more
2019-09-27 09:16:34,573 [6bbd184a-0336-4d81-9e16-b14f69eef1c7@group-99BA15B9EFBE:LeaderElection29] INFO  impl.LeaderElection (LeaderElection.java:logAndReturn(56)) - 6bbd184a-0336-4d81-9e16-b14f69eef1c7@group-99BA15B9EFBE:LeaderElection29: Election REJECTED; received 0 response(s) [] and 2 exception(s); 6bbd184a-0336-4d81-9e16-b14f69eef1c7@group-99BA15B9EFBE:t9, leader=null, voted=6bbd184a-0336-4d81-9e16-b14f69eef1c7, raftlog=6bbd184a-0336-4d81-9e16-b14f69eef1c7@group-99BA15B9EFBE-SegmentedRaftLog:OPENED:c0,f0,i0, conf=0: [61fa1b65-b974-45b4-9851-06f065a159ca:192.168.151.103:33766, 6bbd184a-0336-4d81-9e16-b14f69eef1c7:192.168.151.103:36847, e31a64e7-7f72-4df5-b5f7-b27bcc72e3f7:192.168.151.103:40680], old=null
2019-09-27 09:16:34,573 [6bbd184a-0336-4d81-9e16-b14f69eef1c7@group-99BA15B9EFBE:LeaderElection29] INFO  impl.LeaderElection (LogUtils.java:infoOrTrace(149)) -   Exception 0: {}
java.util.concurrent.ExecutionException: org.apache.ratis.thirdparty.io.grpc.StatusRuntimeException: UNAVAILABLE: io exception
	at java.util.concurrent.FutureTask.report(FutureTask.java:122)
	at java.util.concurrent.FutureTask.get(FutureTask.java:192)
	at org.apache.ratis.server.impl.LeaderElection.waitForResults(LeaderElection.java:263)
	at org.apache.ratis.server.impl.LeaderElection.askForVotes(LeaderElection.java:201)
	at org.apache.ratis.server.impl.LeaderElection.run(LeaderElection.java:133)
	at java.lang.Thread.run(Thread.java:748)
Caused by: org.apache.ratis.thirdparty.io.grpc.StatusRuntimeException: UNAVAILABLE: io exception
	at org.apache.ratis.thirdparty.io.grpc.stub.ClientCalls.toStatusRuntimeException(ClientCalls.java:233)
	at org.apache.ratis.thirdparty.io.grpc.stub.ClientCalls.getUnchecked(ClientCalls.java:214)
	at org.apache.ratis.thirdparty.io.grpc.stub.ClientCalls.blockingUnaryCall(ClientCalls.java:139)
	at org.apache.ratis.proto.grpc.RaftServerProtocolServiceGrpc$RaftServerProtocolServiceBlockingStub.requestVote(RaftServerProtocolServiceGrpc.java:265)
	at org.apache.ratis.grpc.server.GrpcServerProtocolClient.requestVote(GrpcServerProtocolClient.java:90)
	at org.apache.ratis.grpc.server.GrpcService.requestVote(GrpcService.java:204)
	at org.apache.ratis.server.impl.LeaderElection.lambda$submitRequests$1(LeaderElection.java:238)
	at java.util.concurrent.FutureTask.run(FutureTask.java:266)
	at java.util.concurrent.Executors$RunnableAdapter.call(Executors.java:511)
	at java.util.concurrent.FutureTask.run(FutureTask.java:266)
	at java.util.concurrent.ThreadPoolExecutor.runWorker(ThreadPoolExecutor.java:1149)
	at java.util.concurrent.ThreadPoolExecutor$Worker.run(ThreadPoolExecutor.java:624)
	... 1 more
Caused by: org.apache.ratis.thirdparty.io.netty.channel.AbstractChannel$AnnotatedConnectException: Connection refused: /192.168.151.103:40680
	at sun.nio.ch.SocketChannelImpl.checkConnect(Native Method)
	at sun.nio.ch.SocketChannelImpl.finishConnect(SocketChannelImpl.java:717)
	at org.apache.ratis.thirdparty.io.netty.channel.socket.nio.NioSocketChannel.doFinishConnect(NioSocketChannel.java:327)
	at org.apache.ratis.thirdparty.io.netty.channel.nio.AbstractNioChannel$AbstractNioUnsafe.finishConnect(AbstractNioChannel.java:340)
	at org.apache.ratis.thirdparty.io.netty.channel.nio.NioEventLoop.processSelectedKey(NioEventLoop.java:632)
	at org.apache.ratis.thirdparty.io.netty.channel.nio.NioEventLoop.processSelectedKeysOptimized(NioEventLoop.java:579)
	at org.apache.ratis.thirdparty.io.netty.channel.nio.NioEventLoop.processSelectedKeys(NioEventLoop.java:496)
	at org.apache.ratis.thirdparty.io.netty.channel.nio.NioEventLoop.run(NioEventLoop.java:458)
	at org.apache.ratis.thirdparty.io.netty.util.concurrent.SingleThreadEventExecutor$5.run(SingleThreadEventExecutor.java:897)
	at org.apache.ratis.thirdparty.io.netty.util.concurrent.FastThreadLocalRunnable.run(FastThreadLocalRunnable.java:30)
	... 1 more
Caused by: java.net.ConnectException: Connection refused
	... 11 more
2019-09-27 09:16:34,574 [6bbd184a-0336-4d81-9e16-b14f69eef1c7@group-99BA15B9EFBE:LeaderElection29] INFO  impl.LeaderElection (LogUtils.java:infoOrTrace(149)) -   Exception 1: {}
java.util.concurrent.ExecutionException: org.apache.ratis.thirdparty.io.grpc.StatusRuntimeException: UNAVAILABLE: io exception
	at java.util.concurrent.FutureTask.report(FutureTask.java:122)
	at java.util.concurrent.FutureTask.get(FutureTask.java:192)
	at org.apache.ratis.server.impl.LeaderElection.waitForResults(LeaderElection.java:263)
	at org.apache.ratis.server.impl.LeaderElection.askForVotes(LeaderElection.java:201)
	at org.apache.ratis.server.impl.LeaderElection.run(LeaderElection.java:133)
	at java.lang.Thread.run(Thread.java:748)
Caused by: org.apache.ratis.thirdparty.io.grpc.StatusRuntimeException: UNAVAILABLE: io exception
	at org.apache.ratis.thirdparty.io.grpc.stub.ClientCalls.toStatusRuntimeException(ClientCalls.java:233)
	at org.apache.ratis.thirdparty.io.grpc.stub.ClientCalls.getUnchecked(ClientCalls.java:214)
	at org.apache.ratis.thirdparty.io.grpc.stub.ClientCalls.blockingUnaryCall(ClientCalls.java:139)
	at org.apache.ratis.proto.grpc.RaftServerProtocolServiceGrpc$RaftServerProtocolServiceBlockingStub.requestVote(RaftServerProtocolServiceGrpc.java:265)
	at org.apache.ratis.grpc.server.GrpcServerProtocolClient.requestVote(GrpcServerProtocolClient.java:90)
	at org.apache.ratis.grpc.server.GrpcService.requestVote(GrpcService.java:204)
	at org.apache.ratis.server.impl.LeaderElection.lambda$submitRequests$1(LeaderElection.java:238)
	at java.util.concurrent.FutureTask.run(FutureTask.java:266)
	at java.util.concurrent.Executors$RunnableAdapter.call(Executors.java:511)
	at java.util.concurrent.FutureTask.run(FutureTask.java:266)
	at java.util.concurrent.ThreadPoolExecutor.runWorker(ThreadPoolExecutor.java:1149)
	at java.util.concurrent.ThreadPoolExecutor$Worker.run(ThreadPoolExecutor.java:624)
	... 1 more
Caused by: org.apache.ratis.thirdparty.io.netty.channel.AbstractChannel$AnnotatedConnectException: Connection refused: /192.168.151.103:33766
	at sun.nio.ch.SocketChannelImpl.checkConnect(Native Method)
	at sun.nio.ch.SocketChannelImpl.finishConnect(SocketChannelImpl.java:717)
	at org.apache.ratis.thirdparty.io.netty.channel.socket.nio.NioSocketChannel.doFinishConnect(NioSocketChannel.java:327)
	at org.apache.ratis.thirdparty.io.netty.channel.nio.AbstractNioChannel$AbstractNioUnsafe.finishConnect(AbstractNioChannel.java:340)
	at org.apache.ratis.thirdparty.io.netty.channel.nio.NioEventLoop.processSelectedKey(NioEventLoop.java:632)
	at org.apache.ratis.thirdparty.io.netty.channel.nio.NioEventLoop.processSelectedKeysOptimized(NioEventLoop.java:579)
	at org.apache.ratis.thirdparty.io.netty.channel.nio.NioEventLoop.processSelectedKeys(NioEventLoop.java:496)
	at org.apache.ratis.thirdparty.io.netty.channel.nio.NioEventLoop.run(NioEventLoop.java:458)
	at org.apache.ratis.thirdparty.io.netty.util.concurrent.SingleThreadEventExecutor$5.run(SingleThreadEventExecutor.java:897)
	at org.apache.ratis.thirdparty.io.netty.util.concurrent.FastThreadLocalRunnable.run(FastThreadLocalRunnable.java:30)
	... 1 more
Caused by: java.net.ConnectException: Connection refused
	... 11 more
2019-09-27 09:16:34,574 [6bbd184a-0336-4d81-9e16-b14f69eef1c7@group-99BA15B9EFBE:LeaderElection29] INFO  impl.RaftServerImpl (RaftServerImpl.java:setRole(174)) - 6bbd184a-0336-4d81-9e16-b14f69eef1c7@group-99BA15B9EFBE: changes role from CANDIDATE to FOLLOWER at term 9 for DISCOVERED_A_NEW_TERM
2019-09-27 09:16:34,575 [6bbd184a-0336-4d81-9e16-b14f69eef1c7@group-99BA15B9EFBE:LeaderElection29] INFO  impl.RoleInfo (RoleInfo.java:shutdownLeaderElection(134)) - 6bbd184a-0336-4d81-9e16-b14f69eef1c7: shutdown LeaderElection
2019-09-27 09:16:34,575 [6bbd184a-0336-4d81-9e16-b14f69eef1c7@group-99BA15B9EFBE:LeaderElection29] INFO  impl.RoleInfo (RoleInfo.java:updateAndGet(143)) - 6bbd184a-0336-4d81-9e16-b14f69eef1c7: start FollowerState
2019-09-27 09:16:34,812 [grpc-default-executor-1] WARN  server.GrpcLogAppender (LogUtils.java:warn(134)) - b93e8517-84f8-4f68-bef3-e117f2a0c787@group-27CEAF660913->d31f9c36-f111-497e-b7b9-765da331cca9-AppendLogResponseHandler: Failed appendEntries: org.apache.ratis.thirdparty.io.grpc.StatusRuntimeException: UNAVAILABLE: io exception
2019-09-27 09:16:34,814 [grpc-default-executor-1] INFO  impl.FollowerInfo (FollowerInfo.java:lambda$new$0(51)) - b93e8517-84f8-4f68-bef3-e117f2a0c787@group-27CEAF660913->d31f9c36-f111-497e-b7b9-765da331cca9: nextIndex: updateUnconditionally 0 -> 0
2019-09-27 09:16:34,845 [grpc-default-executor-6] WARN  server.GrpcLogAppender (LogUtils.java:warn(134)) - 0821efe4-c707-4fcc-94f8-cb827e7ada87@group-4DD0B4D884A5->a7400050-0947-41b0-8512-caed91bc5dce-AppendLogResponseHandler: Failed appendEntries: org.apache.ratis.thirdparty.io.grpc.StatusRuntimeException: UNAVAILABLE: io exception
2019-09-27 09:16:34,845 [grpc-default-executor-0] WARN  server.GrpcLogAppender (LogUtils.java:warn(134)) - 0821efe4-c707-4fcc-94f8-cb827e7ada87@group-4DD0B4D884A5->1b1c50e1-42fe-4038-95e1-cf5ebbb85fbb-AppendLogResponseHandler: Failed appendEntries: org.apache.ratis.thirdparty.io.grpc.StatusRuntimeException: UNAVAILABLE: io exception
2019-09-27 09:16:34,845 [grpc-default-executor-6] INFO  impl.FollowerInfo (FollowerInfo.java:lambda$new$0(51)) - 0821efe4-c707-4fcc-94f8-cb827e7ada87@group-4DD0B4D884A5->a7400050-0947-41b0-8512-caed91bc5dce: nextIndex: updateUnconditionally 0 -> 0
2019-09-27 09:16:34,845 [grpc-default-executor-0] INFO  impl.FollowerInfo (FollowerInfo.java:lambda$new$0(51)) - 0821efe4-c707-4fcc-94f8-cb827e7ada87@group-4DD0B4D884A5->1b1c50e1-42fe-4038-95e1-cf5ebbb85fbb: nextIndex: updateUnconditionally 0 -> 0
2019-09-27 09:16:35,314 [grpc-default-executor-1] WARN  server.GrpcLogAppender (LogUtils.java:warn(134)) - b93e8517-84f8-4f68-bef3-e117f2a0c787@group-27CEAF660913->d31f9c36-f111-497e-b7b9-765da331cca9-AppendLogResponseHandler: Failed appendEntries: org.apache.ratis.thirdparty.io.grpc.StatusRuntimeException: UNAVAILABLE: io exception
2019-09-27 09:16:35,314 [grpc-default-executor-1] INFO  impl.FollowerInfo (FollowerInfo.java:lambda$new$0(51)) - b93e8517-84f8-4f68-bef3-e117f2a0c787@group-27CEAF660913->d31f9c36-f111-497e-b7b9-765da331cca9: nextIndex: updateUnconditionally 0 -> 0
2019-09-27 09:16:35,346 [grpc-default-executor-2] WARN  server.GrpcLogAppender (LogUtils.java:warn(134)) - 0821efe4-c707-4fcc-94f8-cb827e7ada87@group-4DD0B4D884A5->1b1c50e1-42fe-4038-95e1-cf5ebbb85fbb-AppendLogResponseHandler: Failed appendEntries: org.apache.ratis.thirdparty.io.grpc.StatusRuntimeException: UNAVAILABLE: io exception
2019-09-27 09:16:35,346 [grpc-default-executor-4] WARN  server.GrpcLogAppender (LogUtils.java:warn(134)) - 0821efe4-c707-4fcc-94f8-cb827e7ada87@group-4DD0B4D884A5->a7400050-0947-41b0-8512-caed91bc5dce-AppendLogResponseHandler: Failed appendEntries: org.apache.ratis.thirdparty.io.grpc.StatusRuntimeException: UNAVAILABLE: io exception
2019-09-27 09:16:35,346 [grpc-default-executor-2] INFO  impl.FollowerInfo (FollowerInfo.java:lambda$new$0(51)) - 0821efe4-c707-4fcc-94f8-cb827e7ada87@group-4DD0B4D884A5->1b1c50e1-42fe-4038-95e1-cf5ebbb85fbb: nextIndex: updateUnconditionally 0 -> 0
2019-09-27 09:16:35,347 [grpc-default-executor-4] INFO  impl.FollowerInfo (FollowerInfo.java:lambda$new$0(51)) - 0821efe4-c707-4fcc-94f8-cb827e7ada87@group-4DD0B4D884A5->a7400050-0947-41b0-8512-caed91bc5dce: nextIndex: updateUnconditionally 0 -> 0
2019-09-27 09:16:35,623 [Thread-1924] INFO  impl.FollowerState (FollowerState.java:run(106)) - 6bbd184a-0336-4d81-9e16-b14f69eef1c7:group-99BA15B9EFBE changes to CANDIDATE, lastRpcTime:1047, electionTimeout:1046ms
2019-09-27 09:16:35,623 [Thread-1924] INFO  impl.RoleInfo (RoleInfo.java:shutdownFollowerState(121)) - 6bbd184a-0336-4d81-9e16-b14f69eef1c7: shutdown FollowerState
2019-09-27 09:16:35,623 [Thread-1924] INFO  impl.RaftServerImpl (RaftServerImpl.java:setRole(174)) - 6bbd184a-0336-4d81-9e16-b14f69eef1c7@group-99BA15B9EFBE: changes role from  FOLLOWER to CANDIDATE at term 9 for changeToCandidate
2019-09-27 09:16:35,624 [Thread-1924] INFO  impl.RoleInfo (RoleInfo.java:updateAndGet(143)) - 6bbd184a-0336-4d81-9e16-b14f69eef1c7: start LeaderElection
2019-09-27 09:16:35,640 [6bbd184a-0336-4d81-9e16-b14f69eef1c7@group-99BA15B9EFBE:LeaderElection30] INFO  impl.LeaderElection (LeaderElection.java:askForVotes(182)) - 6bbd184a-0336-4d81-9e16-b14f69eef1c7@group-99BA15B9EFBE:LeaderElection30: begin an election at term 10 for 0: [61fa1b65-b974-45b4-9851-06f065a159ca:192.168.151.103:33766, 6bbd184a-0336-4d81-9e16-b14f69eef1c7:192.168.151.103:36847, e31a64e7-7f72-4df5-b5f7-b27bcc72e3f7:192.168.151.103:40680], old=null
2019-09-27 09:16:35,641 [6bbd184a-0336-4d81-9e16-b14f69eef1c7@group-99BA15B9EFBE:LeaderElection30] INFO  impl.LeaderElection (LogUtils.java:infoOrTrace(149)) - 6bbd184a-0336-4d81-9e16-b14f69eef1c7@group-99BA15B9EFBE:LeaderElection30 got exception when requesting votes: {}
java.util.concurrent.ExecutionException: org.apache.ratis.thirdparty.io.grpc.StatusRuntimeException: UNAVAILABLE: io exception
	at java.util.concurrent.FutureTask.report(FutureTask.java:122)
	at java.util.concurrent.FutureTask.get(FutureTask.java:192)
	at org.apache.ratis.server.impl.LeaderElection.waitForResults(LeaderElection.java:263)
	at org.apache.ratis.server.impl.LeaderElection.askForVotes(LeaderElection.java:201)
	at org.apache.ratis.server.impl.LeaderElection.run(LeaderElection.java:133)
	at java.lang.Thread.run(Thread.java:748)
Caused by: org.apache.ratis.thirdparty.io.grpc.StatusRuntimeException: UNAVAILABLE: io exception
	at org.apache.ratis.thirdparty.io.grpc.stub.ClientCalls.toStatusRuntimeException(ClientCalls.java:233)
	at org.apache.ratis.thirdparty.io.grpc.stub.ClientCalls.getUnchecked(ClientCalls.java:214)
	at org.apache.ratis.thirdparty.io.grpc.stub.ClientCalls.blockingUnaryCall(ClientCalls.java:139)
	at org.apache.ratis.proto.grpc.RaftServerProtocolServiceGrpc$RaftServerProtocolServiceBlockingStub.requestVote(RaftServerProtocolServiceGrpc.java:265)
	at org.apache.ratis.grpc.server.GrpcServerProtocolClient.requestVote(GrpcServerProtocolClient.java:90)
	at org.apache.ratis.grpc.server.GrpcService.requestVote(GrpcService.java:204)
	at org.apache.ratis.server.impl.LeaderElection.lambda$submitRequests$1(LeaderElection.java:238)
	at java.util.concurrent.FutureTask.run(FutureTask.java:266)
	at java.util.concurrent.Executors$RunnableAdapter.call(Executors.java:511)
	at java.util.concurrent.FutureTask.run(FutureTask.java:266)
	at java.util.concurrent.ThreadPoolExecutor.runWorker(ThreadPoolExecutor.java:1149)
	at java.util.concurrent.ThreadPoolExecutor$Worker.run(ThreadPoolExecutor.java:624)
	... 1 more
Caused by: org.apache.ratis.thirdparty.io.netty.channel.AbstractChannel$AnnotatedConnectException: Connection refused: /192.168.151.103:33766
	at sun.nio.ch.SocketChannelImpl.checkConnect(Native Method)
	at sun.nio.ch.SocketChannelImpl.finishConnect(SocketChannelImpl.java:717)
	at org.apache.ratis.thirdparty.io.netty.channel.socket.nio.NioSocketChannel.doFinishConnect(NioSocketChannel.java:327)
	at org.apache.ratis.thirdparty.io.netty.channel.nio.AbstractNioChannel$AbstractNioUnsafe.finishConnect(AbstractNioChannel.java:340)
	at org.apache.ratis.thirdparty.io.netty.channel.nio.NioEventLoop.processSelectedKey(NioEventLoop.java:632)
	at org.apache.ratis.thirdparty.io.netty.channel.nio.NioEventLoop.processSelectedKeysOptimized(NioEventLoop.java:579)
	at org.apache.ratis.thirdparty.io.netty.channel.nio.NioEventLoop.processSelectedKeys(NioEventLoop.java:496)
	at org.apache.ratis.thirdparty.io.netty.channel.nio.NioEventLoop.run(NioEventLoop.java:458)
	at org.apache.ratis.thirdparty.io.netty.util.concurrent.SingleThreadEventExecutor$5.run(SingleThreadEventExecutor.java:897)
	at org.apache.ratis.thirdparty.io.netty.util.concurrent.FastThreadLocalRunnable.run(FastThreadLocalRunnable.java:30)
	... 1 more
Caused by: java.net.ConnectException: Connection refused
	... 11 more
2019-09-27 09:16:35,644 [6bbd184a-0336-4d81-9e16-b14f69eef1c7@group-99BA15B9EFBE:LeaderElection30] INFO  impl.LeaderElection (LogUtils.java:infoOrTrace(149)) - 6bbd184a-0336-4d81-9e16-b14f69eef1c7@group-99BA15B9EFBE:LeaderElection30 got exception when requesting votes: {}
java.util.concurrent.ExecutionException: org.apache.ratis.thirdparty.io.grpc.StatusRuntimeException: UNAVAILABLE: io exception
	at java.util.concurrent.FutureTask.report(FutureTask.java:122)
	at java.util.concurrent.FutureTask.get(FutureTask.java:192)
	at org.apache.ratis.server.impl.LeaderElection.waitForResults(LeaderElection.java:263)
	at org.apache.ratis.server.impl.LeaderElection.askForVotes(LeaderElection.java:201)
	at org.apache.ratis.server.impl.LeaderElection.run(LeaderElection.java:133)
	at java.lang.Thread.run(Thread.java:748)
Caused by: org.apache.ratis.thirdparty.io.grpc.StatusRuntimeException: UNAVAILABLE: io exception
	at org.apache.ratis.thirdparty.io.grpc.stub.ClientCalls.toStatusRuntimeException(ClientCalls.java:233)
	at org.apache.ratis.thirdparty.io.grpc.stub.ClientCalls.getUnchecked(ClientCalls.java:214)
	at org.apache.ratis.thirdparty.io.grpc.stub.ClientCalls.blockingUnaryCall(ClientCalls.java:139)
	at org.apache.ratis.proto.grpc.RaftServerProtocolServiceGrpc$RaftServerProtocolServiceBlockingStub.requestVote(RaftServerProtocolServiceGrpc.java:265)
	at org.apache.ratis.grpc.server.GrpcServerProtocolClient.requestVote(GrpcServerProtocolClient.java:90)
	at org.apache.ratis.grpc.server.GrpcService.requestVote(GrpcService.java:204)
	at org.apache.ratis.server.impl.LeaderElection.lambda$submitRequests$1(LeaderElection.java:238)
	at java.util.concurrent.FutureTask.run(FutureTask.java:266)
	at java.util.concurrent.Executors$RunnableAdapter.call(Executors.java:511)
	at java.util.concurrent.FutureTask.run(FutureTask.java:266)
	at java.util.concurrent.ThreadPoolExecutor.runWorker(ThreadPoolExecutor.java:1149)
	at java.util.concurrent.ThreadPoolExecutor$Worker.run(ThreadPoolExecutor.java:624)
	... 1 more
Caused by: org.apache.ratis.thirdparty.io.netty.channel.AbstractChannel$AnnotatedConnectException: Connection refused: /192.168.151.103:40680
	at sun.nio.ch.SocketChannelImpl.checkConnect(Native Method)
	at sun.nio.ch.SocketChannelImpl.finishConnect(SocketChannelImpl.java:717)
	at org.apache.ratis.thirdparty.io.netty.channel.socket.nio.NioSocketChannel.doFinishConnect(NioSocketChannel.java:327)
	at org.apache.ratis.thirdparty.io.netty.channel.nio.AbstractNioChannel$AbstractNioUnsafe.finishConnect(AbstractNioChannel.java:340)
	at org.apache.ratis.thirdparty.io.netty.channel.nio.NioEventLoop.processSelectedKey(NioEventLoop.java:632)
	at org.apache.ratis.thirdparty.io.netty.channel.nio.NioEventLoop.processSelectedKeysOptimized(NioEventLoop.java:579)
	at org.apache.ratis.thirdparty.io.netty.channel.nio.NioEventLoop.processSelectedKeys(NioEventLoop.java:496)
	at org.apache.ratis.thirdparty.io.netty.channel.nio.NioEventLoop.run(NioEventLoop.java:458)
	at org.apache.ratis.thirdparty.io.netty.util.concurrent.SingleThreadEventExecutor$5.run(SingleThreadEventExecutor.java:897)
	at org.apache.ratis.thirdparty.io.netty.util.concurrent.FastThreadLocalRunnable.run(FastThreadLocalRunnable.java:30)
	... 1 more
Caused by: java.net.ConnectException: Connection refused
	... 11 more
2019-09-27 09:16:35,647 [6bbd184a-0336-4d81-9e16-b14f69eef1c7@group-99BA15B9EFBE:LeaderElection30] INFO  impl.LeaderElection (LeaderElection.java:logAndReturn(56)) - 6bbd184a-0336-4d81-9e16-b14f69eef1c7@group-99BA15B9EFBE:LeaderElection30: Election REJECTED; received 0 response(s) [] and 2 exception(s); 6bbd184a-0336-4d81-9e16-b14f69eef1c7@group-99BA15B9EFBE:t10, leader=null, voted=6bbd184a-0336-4d81-9e16-b14f69eef1c7, raftlog=6bbd184a-0336-4d81-9e16-b14f69eef1c7@group-99BA15B9EFBE-SegmentedRaftLog:OPENED:c0,f0,i0, conf=0: [61fa1b65-b974-45b4-9851-06f065a159ca:192.168.151.103:33766, 6bbd184a-0336-4d81-9e16-b14f69eef1c7:192.168.151.103:36847, e31a64e7-7f72-4df5-b5f7-b27bcc72e3f7:192.168.151.103:40680], old=null
2019-09-27 09:16:35,647 [6bbd184a-0336-4d81-9e16-b14f69eef1c7@group-99BA15B9EFBE:LeaderElection30] INFO  impl.LeaderElection (LogUtils.java:infoOrTrace(149)) -   Exception 0: {}
java.util.concurrent.ExecutionException: org.apache.ratis.thirdparty.io.grpc.StatusRuntimeException: UNAVAILABLE: io exception
	at java.util.concurrent.FutureTask.report(FutureTask.java:122)
	at java.util.concurrent.FutureTask.get(FutureTask.java:192)
	at org.apache.ratis.server.impl.LeaderElection.waitForResults(LeaderElection.java:263)
	at org.apache.ratis.server.impl.LeaderElection.askForVotes(LeaderElection.java:201)
	at org.apache.ratis.server.impl.LeaderElection.run(LeaderElection.java:133)
	at java.lang.Thread.run(Thread.java:748)
Caused by: org.apache.ratis.thirdparty.io.grpc.StatusRuntimeException: UNAVAILABLE: io exception
	at org.apache.ratis.thirdparty.io.grpc.stub.ClientCalls.toStatusRuntimeException(ClientCalls.java:233)
	at org.apache.ratis.thirdparty.io.grpc.stub.ClientCalls.getUnchecked(ClientCalls.java:214)
	at org.apache.ratis.thirdparty.io.grpc.stub.ClientCalls.blockingUnaryCall(ClientCalls.java:139)
	at org.apache.ratis.proto.grpc.RaftServerProtocolServiceGrpc$RaftServerProtocolServiceBlockingStub.requestVote(RaftServerProtocolServiceGrpc.java:265)
	at org.apache.ratis.grpc.server.GrpcServerProtocolClient.requestVote(GrpcServerProtocolClient.java:90)
	at org.apache.ratis.grpc.server.GrpcService.requestVote(GrpcService.java:204)
	at org.apache.ratis.server.impl.LeaderElection.lambda$submitRequests$1(LeaderElection.java:238)
	at java.util.concurrent.FutureTask.run(FutureTask.java:266)
	at java.util.concurrent.Executors$RunnableAdapter.call(Executors.java:511)
	at java.util.concurrent.FutureTask.run(FutureTask.java:266)
	at java.util.concurrent.ThreadPoolExecutor.runWorker(ThreadPoolExecutor.java:1149)
	at java.util.concurrent.ThreadPoolExecutor$Worker.run(ThreadPoolExecutor.java:624)
	... 1 more
Caused by: org.apache.ratis.thirdparty.io.netty.channel.AbstractChannel$AnnotatedConnectException: Connection refused: /192.168.151.103:33766
	at sun.nio.ch.SocketChannelImpl.checkConnect(Native Method)
	at sun.nio.ch.SocketChannelImpl.finishConnect(SocketChannelImpl.java:717)
	at org.apache.ratis.thirdparty.io.netty.channel.socket.nio.NioSocketChannel.doFinishConnect(NioSocketChannel.java:327)
	at org.apache.ratis.thirdparty.io.netty.channel.nio.AbstractNioChannel$AbstractNioUnsafe.finishConnect(AbstractNioChannel.java:340)
	at org.apache.ratis.thirdparty.io.netty.channel.nio.NioEventLoop.processSelectedKey(NioEventLoop.java:632)
	at org.apache.ratis.thirdparty.io.netty.channel.nio.NioEventLoop.processSelectedKeysOptimized(NioEventLoop.java:579)
	at org.apache.ratis.thirdparty.io.netty.channel.nio.NioEventLoop.processSelectedKeys(NioEventLoop.java:496)
	at org.apache.ratis.thirdparty.io.netty.channel.nio.NioEventLoop.run(NioEventLoop.java:458)
	at org.apache.ratis.thirdparty.io.netty.util.concurrent.SingleThreadEventExecutor$5.run(SingleThreadEventExecutor.java:897)
	at org.apache.ratis.thirdparty.io.netty.util.concurrent.FastThreadLocalRunnable.run(FastThreadLocalRunnable.java:30)
	... 1 more
Caused by: java.net.ConnectException: Connection refused
	... 11 more
2019-09-27 09:16:35,647 [6bbd184a-0336-4d81-9e16-b14f69eef1c7@group-99BA15B9EFBE:LeaderElection30] INFO  impl.LeaderElection (LogUtils.java:infoOrTrace(149)) -   Exception 1: {}
java.util.concurrent.ExecutionException: org.apache.ratis.thirdparty.io.grpc.StatusRuntimeException: UNAVAILABLE: io exception
	at java.util.concurrent.FutureTask.report(FutureTask.java:122)
	at java.util.concurrent.FutureTask.get(FutureTask.java:192)
	at org.apache.ratis.server.impl.LeaderElection.waitForResults(LeaderElection.java:263)
	at org.apache.ratis.server.impl.LeaderElection.askForVotes(LeaderElection.java:201)
	at org.apache.ratis.server.impl.LeaderElection.run(LeaderElection.java:133)
	at java.lang.Thread.run(Thread.java:748)
Caused by: org.apache.ratis.thirdparty.io.grpc.StatusRuntimeException: UNAVAILABLE: io exception
	at org.apache.ratis.thirdparty.io.grpc.stub.ClientCalls.toStatusRuntimeException(ClientCalls.java:233)
	at org.apache.ratis.thirdparty.io.grpc.stub.ClientCalls.getUnchecked(ClientCalls.java:214)
	at org.apache.ratis.thirdparty.io.grpc.stub.ClientCalls.blockingUnaryCall(ClientCalls.java:139)
	at org.apache.ratis.proto.grpc.RaftServerProtocolServiceGrpc$RaftServerProtocolServiceBlockingStub.requestVote(RaftServerProtocolServiceGrpc.java:265)
	at org.apache.ratis.grpc.server.GrpcServerProtocolClient.requestVote(GrpcServerProtocolClient.java:90)
	at org.apache.ratis.grpc.server.GrpcService.requestVote(GrpcService.java:204)
	at org.apache.ratis.server.impl.LeaderElection.lambda$submitRequests$1(LeaderElection.java:238)
	at java.util.concurrent.FutureTask.run(FutureTask.java:266)
	at java.util.concurrent.Executors$RunnableAdapter.call(Executors.java:511)
	at java.util.concurrent.FutureTask.run(FutureTask.java:266)
	at java.util.concurrent.ThreadPoolExecutor.runWorker(ThreadPoolExecutor.java:1149)
	at java.util.concurrent.ThreadPoolExecutor$Worker.run(ThreadPoolExecutor.java:624)
	... 1 more
Caused by: org.apache.ratis.thirdparty.io.netty.channel.AbstractChannel$AnnotatedConnectException: Connection refused: /192.168.151.103:40680
	at sun.nio.ch.SocketChannelImpl.checkConnect(Native Method)
	at sun.nio.ch.SocketChannelImpl.finishConnect(SocketChannelImpl.java:717)
	at org.apache.ratis.thirdparty.io.netty.channel.socket.nio.NioSocketChannel.doFinishConnect(NioSocketChannel.java:327)
	at org.apache.ratis.thirdparty.io.netty.channel.nio.AbstractNioChannel$AbstractNioUnsafe.finishConnect(AbstractNioChannel.java:340)
	at org.apache.ratis.thirdparty.io.netty.channel.nio.NioEventLoop.processSelectedKey(NioEventLoop.java:632)
	at org.apache.ratis.thirdparty.io.netty.channel.nio.NioEventLoop.processSelectedKeysOptimized(NioEventLoop.java:579)
	at org.apache.ratis.thirdparty.io.netty.channel.nio.NioEventLoop.processSelectedKeys(NioEventLoop.java:496)
	at org.apache.ratis.thirdparty.io.netty.channel.nio.NioEventLoop.run(NioEventLoop.java:458)
	at org.apache.ratis.thirdparty.io.netty.util.concurrent.SingleThreadEventExecutor$5.run(SingleThreadEventExecutor.java:897)
	at org.apache.ratis.thirdparty.io.netty.util.concurrent.FastThreadLocalRunnable.run(FastThreadLocalRunnable.java:30)
	... 1 more
Caused by: java.net.ConnectException: Connection refused
	... 11 more
2019-09-27 09:16:35,648 [6bbd184a-0336-4d81-9e16-b14f69eef1c7@group-99BA15B9EFBE:LeaderElection30] INFO  impl.RaftServerImpl (RaftServerImpl.java:setRole(174)) - 6bbd184a-0336-4d81-9e16-b14f69eef1c7@group-99BA15B9EFBE: changes role from CANDIDATE to FOLLOWER at term 10 for DISCOVERED_A_NEW_TERM
2019-09-27 09:16:35,653 [6bbd184a-0336-4d81-9e16-b14f69eef1c7@group-99BA15B9EFBE:LeaderElection30] INFO  impl.RoleInfo (RoleInfo.java:shutdownLeaderElection(134)) - 6bbd184a-0336-4d81-9e16-b14f69eef1c7: shutdown LeaderElection
2019-09-27 09:16:35,654 [6bbd184a-0336-4d81-9e16-b14f69eef1c7@group-99BA15B9EFBE:LeaderElection30] INFO  impl.RoleInfo (RoleInfo.java:updateAndGet(143)) - 6bbd184a-0336-4d81-9e16-b14f69eef1c7: start FollowerState
2019-09-27 09:16:35,815 [grpc-default-executor-1] WARN  server.GrpcLogAppender (LogUtils.java:warn(134)) - b93e8517-84f8-4f68-bef3-e117f2a0c787@group-27CEAF660913->d31f9c36-f111-497e-b7b9-765da331cca9-AppendLogResponseHandler: Failed appendEntries: org.apache.ratis.thirdparty.io.grpc.StatusRuntimeException: UNAVAILABLE: io exception
2019-09-27 09:16:35,818 [grpc-default-executor-1] INFO  impl.FollowerInfo (FollowerInfo.java:lambda$new$0(51)) - b93e8517-84f8-4f68-bef3-e117f2a0c787@group-27CEAF660913->d31f9c36-f111-497e-b7b9-765da331cca9: nextIndex: updateUnconditionally 0 -> 0
2019-09-27 09:16:35,847 [grpc-default-executor-0] WARN  server.GrpcLogAppender (LogUtils.java:warn(134)) - 0821efe4-c707-4fcc-94f8-cb827e7ada87@group-4DD0B4D884A5->a7400050-0947-41b0-8512-caed91bc5dce-AppendLogResponseHandler: Failed appendEntries: org.apache.ratis.thirdparty.io.grpc.StatusRuntimeException: UNAVAILABLE: io exception
2019-09-27 09:16:35,847 [grpc-default-executor-7] WARN  server.GrpcLogAppender (LogUtils.java:warn(134)) - 0821efe4-c707-4fcc-94f8-cb827e7ada87@group-4DD0B4D884A5->1b1c50e1-42fe-4038-95e1-cf5ebbb85fbb-AppendLogResponseHandler: Failed appendEntries: org.apache.ratis.thirdparty.io.grpc.StatusRuntimeException: UNAVAILABLE: io exception
2019-09-27 09:16:35,848 [grpc-default-executor-0] INFO  impl.FollowerInfo (FollowerInfo.java:lambda$new$0(51)) - 0821efe4-c707-4fcc-94f8-cb827e7ada87@group-4DD0B4D884A5->a7400050-0947-41b0-8512-caed91bc5dce: nextIndex: updateUnconditionally 0 -> 0
2019-09-27 09:16:35,848 [grpc-default-executor-7] INFO  impl.FollowerInfo (FollowerInfo.java:lambda$new$0(51)) - 0821efe4-c707-4fcc-94f8-cb827e7ada87@group-4DD0B4D884A5->1b1c50e1-42fe-4038-95e1-cf5ebbb85fbb: nextIndex: updateUnconditionally 0 -> 0
2019-09-27 09:16:35,954 [ForkJoinPool.commonPool-worker-0] INFO  ozoneimpl.OzoneContainer (OzoneContainer.java:stop(231)) - Attempting to stop container services.
2019-09-27 09:16:35,955 [ForkJoinPool.commonPool-worker-0] INFO  impl.RaftServerProxy (RaftServerProxy.java:lambda$close$4(314)) - a8cc1a37-a8a6-4a7f-81dc-bc9c8df542bb: close
2019-09-27 09:16:35,955 [ForkJoinPool.commonPool-worker-0] INFO  impl.RaftServerImpl (RaftServerImpl.java:lambda$shutdown$3(251)) - a8cc1a37-a8a6-4a7f-81dc-bc9c8df542bb@group-37875B9A5262: shutdown
2019-09-27 09:16:35,955 [ForkJoinPool.commonPool-worker-0] INFO  util.JmxRegister (JmxRegister.java:unregister(73)) - Successfully un-registered JMX Bean with object name Ratis:service=RaftServer,group=group-37875B9A5262,id=a8cc1a37-a8a6-4a7f-81dc-bc9c8df542bb
2019-09-27 09:16:35,955 [ForkJoinPool.commonPool-worker-0] INFO  impl.RoleInfo (RoleInfo.java:shutdownLeaderState(104)) - a8cc1a37-a8a6-4a7f-81dc-bc9c8df542bb: shutdown LeaderState
2019-09-27 09:16:35,956 [main] INFO  ozoneimpl.OzoneContainer (OzoneContainer.java:stop(231)) - Attempting to stop container services.
2019-09-27 09:16:35,956 [ForkJoinPool.commonPool-worker-0] INFO  impl.PendingRequests (PendingRequests.java:sendNotLeaderResponses(202)) - a8cc1a37-a8a6-4a7f-81dc-bc9c8df542bb-PendingRequests: sendNotLeaderResponses
2019-09-27 09:16:35,956 [main] INFO  impl.RaftServerProxy (RaftServerProxy.java:lambda$close$4(314)) - 6bbd184a-0336-4d81-9e16-b14f69eef1c7: close
2019-09-27 09:16:35,957 [ForkJoinPool.commonPool-worker-0] INFO  impl.StateMachineUpdater (StateMachineUpdater.java:stopAndJoin(125)) - a8cc1a37-a8a6-4a7f-81dc-bc9c8df542bb@group-37875B9A5262-StateMachineUpdater: set stopIndex = 0
2019-09-27 09:16:35,957 [main] INFO  impl.RaftServerImpl (RaftServerImpl.java:lambda$shutdown$3(251)) - 6bbd184a-0336-4d81-9e16-b14f69eef1c7@group-F864A8908A72: shutdown
2019-09-27 09:16:35,957 [ForkJoinPool.commonPool-worker-0] INFO  impl.RaftServerImpl (ServerState.java:close(385)) - a8cc1a37-a8a6-4a7f-81dc-bc9c8df542bb@group-37875B9A5262: closes. applyIndex: 0
2019-09-27 09:16:35,958 [main] INFO  util.JmxRegister (JmxRegister.java:unregister(73)) - Successfully un-registered JMX Bean with object name Ratis:service=RaftServer,group=group-F864A8908A72,id=6bbd184a-0336-4d81-9e16-b14f69eef1c7
2019-09-27 09:16:35,958 [a8cc1a37-a8a6-4a7f-81dc-bc9c8df542bb@group-37875B9A5262-SegmentedRaftLogWorker] INFO  segmented.SegmentedRaftLogWorker (SegmentedRaftLogWorker.java:run(313)) - a8cc1a37-a8a6-4a7f-81dc-bc9c8df542bb@group-37875B9A5262-SegmentedRaftLogWorker was interrupted, exiting. There are 0 tasks remaining in the queue.
2019-09-27 09:16:35,958 [main] INFO  impl.RoleInfo (RoleInfo.java:shutdownLeaderState(104)) - 6bbd184a-0336-4d81-9e16-b14f69eef1c7: shutdown LeaderState
2019-09-27 09:16:35,959 [ForkJoinPool.commonPool-worker-0] INFO  segmented.SegmentedRaftLogWorker (SegmentedRaftLogWorker.java:close(228)) - a8cc1a37-a8a6-4a7f-81dc-bc9c8df542bb@group-37875B9A5262-SegmentedRaftLogWorker close()
2019-09-27 09:16:35,959 [main] INFO  impl.PendingRequests (PendingRequests.java:sendNotLeaderResponses(202)) - 6bbd184a-0336-4d81-9e16-b14f69eef1c7-PendingRequests: sendNotLeaderResponses
2019-09-27 09:16:35,961 [ForkJoinPool.commonPool-worker-0] INFO  impl.RaftServerImpl (RaftServerImpl.java:lambda$shutdown$3(251)) - a8cc1a37-a8a6-4a7f-81dc-bc9c8df542bb@group-27CEAF660913: shutdown
2019-09-27 09:16:35,961 [main] INFO  impl.StateMachineUpdater (StateMachineUpdater.java:stopAndJoin(125)) - 6bbd184a-0336-4d81-9e16-b14f69eef1c7@group-F864A8908A72-StateMachineUpdater: set stopIndex = 0
2019-09-27 09:16:35,962 [ForkJoinPool.commonPool-worker-0] INFO  util.JmxRegister (JmxRegister.java:unregister(73)) - Successfully un-registered JMX Bean with object name Ratis:service=RaftServer,group=group-27CEAF660913,id=a8cc1a37-a8a6-4a7f-81dc-bc9c8df542bb
2019-09-27 09:16:35,962 [main] INFO  impl.RaftServerImpl (ServerState.java:close(385)) - 6bbd184a-0336-4d81-9e16-b14f69eef1c7@group-F864A8908A72: closes. applyIndex: 0
2019-09-27 09:16:35,962 [ForkJoinPool.commonPool-worker-0] INFO  impl.RoleInfo (RoleInfo.java:shutdownFollowerState(121)) - a8cc1a37-a8a6-4a7f-81dc-bc9c8df542bb: shutdown FollowerState
2019-09-27 09:16:35,963 [6bbd184a-0336-4d81-9e16-b14f69eef1c7@group-F864A8908A72-SegmentedRaftLogWorker] INFO  segmented.SegmentedRaftLogWorker (SegmentedRaftLogWorker.java:run(313)) - 6bbd184a-0336-4d81-9e16-b14f69eef1c7@group-F864A8908A72-SegmentedRaftLogWorker was interrupted, exiting. There are 0 tasks remaining in the queue.
2019-09-27 09:16:35,963 [ForkJoinPool.commonPool-worker-0] INFO  impl.StateMachineUpdater (StateMachineUpdater.java:stopAndJoin(125)) - a8cc1a37-a8a6-4a7f-81dc-bc9c8df542bb@group-27CEAF660913-StateMachineUpdater: set stopIndex = 0
2019-09-27 09:16:35,963 [main] INFO  segmented.SegmentedRaftLogWorker (SegmentedRaftLogWorker.java:close(228)) - 6bbd184a-0336-4d81-9e16-b14f69eef1c7@group-F864A8908A72-SegmentedRaftLogWorker close()
2019-09-27 09:16:35,963 [Thread-421] INFO  impl.FollowerState (FollowerState.java:run(115)) - a8cc1a37-a8a6-4a7f-81dc-bc9c8df542bb: FollowerState was interrupted: java.lang.InterruptedException: sleep interrupted
2019-09-27 09:16:35,965 [main] INFO  impl.RaftServerImpl (RaftServerImpl.java:lambda$shutdown$3(251)) - 6bbd184a-0336-4d81-9e16-b14f69eef1c7@group-99BA15B9EFBE: shutdown
2019-09-27 09:16:35,964 [ForkJoinPool.commonPool-worker-0] INFO  impl.RaftServerImpl (ServerState.java:close(385)) - a8cc1a37-a8a6-4a7f-81dc-bc9c8df542bb@group-27CEAF660913: closes. applyIndex: 0
2019-09-27 09:16:35,967 [main] INFO  util.JmxRegister (JmxRegister.java:unregister(73)) - Successfully un-registered JMX Bean with object name Ratis:service=RaftServer,group=group-99BA15B9EFBE,id=6bbd184a-0336-4d81-9e16-b14f69eef1c7
2019-09-27 09:16:35,967 [a8cc1a37-a8a6-4a7f-81dc-bc9c8df542bb@group-27CEAF660913-SegmentedRaftLogWorker] INFO  segmented.SegmentedRaftLogWorker (SegmentedRaftLogWorker.java:run(313)) - a8cc1a37-a8a6-4a7f-81dc-bc9c8df542bb@group-27CEAF660913-SegmentedRaftLogWorker was interrupted, exiting. There are 0 tasks remaining in the queue.
2019-09-27 09:16:35,967 [main] INFO  impl.RoleInfo (RoleInfo.java:shutdownFollowerState(121)) - 6bbd184a-0336-4d81-9e16-b14f69eef1c7: shutdown FollowerState
2019-09-27 09:16:35,968 [ForkJoinPool.commonPool-worker-0] INFO  segmented.SegmentedRaftLogWorker (SegmentedRaftLogWorker.java:close(228)) - a8cc1a37-a8a6-4a7f-81dc-bc9c8df542bb@group-27CEAF660913-SegmentedRaftLogWorker close()
2019-09-27 09:16:35,968 [Thread-1930] INFO  impl.FollowerState (FollowerState.java:run(115)) - 6bbd184a-0336-4d81-9e16-b14f69eef1c7: FollowerState was interrupted: java.lang.InterruptedException: sleep interrupted
2019-09-27 09:16:35,968 [main] INFO  impl.StateMachineUpdater (StateMachineUpdater.java:stopAndJoin(125)) - 6bbd184a-0336-4d81-9e16-b14f69eef1c7@group-99BA15B9EFBE-StateMachineUpdater: set stopIndex = 0
2019-09-27 09:16:35,971 [main] INFO  impl.RaftServerImpl (ServerState.java:close(385)) - 6bbd184a-0336-4d81-9e16-b14f69eef1c7@group-99BA15B9EFBE: closes. applyIndex: 0
2019-09-27 09:16:35,969 [ForkJoinPool.commonPool-worker-0] INFO  server.GrpcService (GrpcService.java:closeImpl(164)) - a8cc1a37-a8a6-4a7f-81dc-bc9c8df542bb: shutdown server with port 41868 now
2019-09-27 09:16:35,971 [6bbd184a-0336-4d81-9e16-b14f69eef1c7@group-99BA15B9EFBE-SegmentedRaftLogWorker] INFO  segmented.SegmentedRaftLogWorker (SegmentedRaftLogWorker.java:run(313)) - 6bbd184a-0336-4d81-9e16-b14f69eef1c7@group-99BA15B9EFBE-SegmentedRaftLogWorker was interrupted, exiting. There are 0 tasks remaining in the queue.
2019-09-27 09:16:35,972 [main] INFO  segmented.SegmentedRaftLogWorker (SegmentedRaftLogWorker.java:close(228)) - 6bbd184a-0336-4d81-9e16-b14f69eef1c7@group-99BA15B9EFBE-SegmentedRaftLogWorker close()
2019-09-27 09:16:35,973 [main] INFO  server.GrpcService (GrpcService.java:closeImpl(164)) - 6bbd184a-0336-4d81-9e16-b14f69eef1c7: shutdown server with port 36847 now
2019-09-27 09:16:35,975 [ForkJoinPool.commonPool-worker-0] INFO  server.GrpcService (GrpcService.java:closeImpl(172)) - a8cc1a37-a8a6-4a7f-81dc-bc9c8df542bb: shutdown server with port 41868 successfully
2019-09-27 09:16:35,975 [main] INFO  server.GrpcService (GrpcService.java:closeImpl(172)) - 6bbd184a-0336-4d81-9e16-b14f69eef1c7: shutdown server with port 36847 successfully
2019-09-27 09:16:35,975 [grpc-default-executor-2] WARN  server.GrpcLogAppender (LogUtils.java:warn(134)) - b93e8517-84f8-4f68-bef3-e117f2a0c787@group-27CEAF660913->a8cc1a37-a8a6-4a7f-81dc-bc9c8df542bb-AppendLogResponseHandler: Failed appendEntries: org.apache.ratis.thirdparty.io.grpc.StatusRuntimeException: CANCELLED: HTTP/2 error code: CANCEL
Received Rst Stream
2019-09-27 09:16:35,975 [grpc-default-executor-0] WARN  server.GrpcServerProtocolService (LogUtils.java:warn(134)) - a8cc1a37-a8a6-4a7f-81dc-bc9c8df542bb: installSnapshot onError, lastRequest: b93e8517-84f8-4f68-bef3-e117f2a0c787->a8cc1a37-a8a6-4a7f-81dc-bc9c8df542bb#254-t2, previous=(t:2, i:0), leaderCommit=0, initializing? false, entries: <empty>: org.apache.ratis.thirdparty.io.grpc.StatusRuntimeException: CANCELLED: cancelled before receiving half close
2019-09-27 09:16:35,976 [grpc-default-executor-2] INFO  impl.FollowerInfo (FollowerInfo.java:lambda$new$0(51)) - b93e8517-84f8-4f68-bef3-e117f2a0c787@group-27CEAF660913->a8cc1a37-a8a6-4a7f-81dc-bc9c8df542bb: nextIndex: updateUnconditionally 1 -> 0
2019-09-27 09:16:35,977 [refreshUsed-/workdir/hadoop-ozone/integration-test/target/test-dir/MiniOzoneClusterImpl-306848a7-f3db-4b9e-8a0f-7b9627716070/datanode-0/data/containers] WARN  fs.CachingGetSpaceUsed (CachingGetSpaceUsed.java:run(183)) - Thread Interrupted waiting to refresh disk information: sleep interrupted
2019-09-27 09:16:35,977 [refreshUsed-/workdir/hadoop-ozone/integration-test/target/test-dir/MiniOzoneClusterImpl-306848a7-f3db-4b9e-8a0f-7b9627716070/datanode-9/data/containers] WARN  fs.CachingGetSpaceUsed (CachingGetSpaceUsed.java:run(183)) - Thread Interrupted waiting to refresh disk information: sleep interrupted
2019-09-27 09:16:36,008 [main] INFO  utils.BackgroundService (BackgroundService.java:shutdown(148)) - Shutting down service BlockDeletingService
2019-09-27 09:16:36,008 [ForkJoinPool.commonPool-worker-0] INFO  utils.BackgroundService (BackgroundService.java:shutdown(148)) - Shutting down service BlockDeletingService
2019-09-27 09:16:36,014 [main] INFO  statemachine.DatanodeStateMachine (DatanodeStateMachine.java:stopDaemon(395)) - Ozone container server stopped.
2019-09-27 09:16:36,015 [ForkJoinPool.commonPool-worker-0] INFO  statemachine.DatanodeStateMachine (DatanodeStateMachine.java:stopDaemon(395)) - Ozone container server stopped.
2019-09-27 09:16:36,020 [ForkJoinPool.commonPool-worker-0] INFO  handler.ContextHandler (ContextHandler.java:doStop(910)) - Stopped o.e.j.w.WebAppContext@4c6007fb{/,null,UNAVAILABLE}{/hddsDatanode}
2019-09-27 09:16:36,020 [main] INFO  handler.ContextHandler (ContextHandler.java:doStop(910)) - Stopped o.e.j.w.WebAppContext@1e0a864d{/,null,UNAVAILABLE}{/hddsDatanode}
2019-09-27 09:16:36,021 [ForkJoinPool.commonPool-worker-0] INFO  server.AbstractConnector (AbstractConnector.java:doStop(318)) - Stopped ServerConnector@3e33d73e{HTTP/1.1,[http/1.1]}{0.0.0.0:0}
2019-09-27 09:16:36,022 [ForkJoinPool.commonPool-worker-0] INFO  handler.ContextHandler (ContextHandler.java:doStop(910)) - Stopped o.e.j.s.ServletContextHandler@3968bc60{/static,jar:file:/home/user/.m2/repository/org/apache/hadoop/hadoop-hdds-container-service/0.5.0-SNAPSHOT/hadoop-hdds-container-service-0.5.0-SNAPSHOT.jar!/webapps/static,UNAVAILABLE}
2019-09-27 09:16:36,022 [main] INFO  server.AbstractConnector (AbstractConnector.java:doStop(318)) - Stopped ServerConnector@440e3ce6{HTTP/1.1,[http/1.1]}{0.0.0.0:0}
2019-09-27 09:16:36,024 [ForkJoinPool.commonPool-worker-0] INFO  handler.ContextHandler (ContextHandler.java:doStop(910)) - Stopped o.e.j.s.ServletContextHandler@767a014e{/logs,file:///workdir/hadoop-ozone/integration-test/target/log,UNAVAILABLE}
2019-09-27 09:16:36,025 [main] INFO  handler.ContextHandler (ContextHandler.java:doStop(910)) - Stopped o.e.j.s.ServletContextHandler@5d8ab698{/static,jar:file:/home/user/.m2/repository/org/apache/hadoop/hadoop-hdds-container-service/0.5.0-SNAPSHOT/hadoop-hdds-container-service-0.5.0-SNAPSHOT.jar!/webapps/static,UNAVAILABLE}
2019-09-27 09:16:36,025 [main] INFO  handler.ContextHandler (ContextHandler.java:doStop(910)) - Stopped o.e.j.s.ServletContextHandler@f88bfbe{/logs,file:///workdir/hadoop-ozone/integration-test/target/log,UNAVAILABLE}
2019-09-27 09:16:36,071 [Datanode State Machine Thread - 0] INFO  statemachine.DatanodeStateMachine (DatanodeStateMachine.java:lambda$startDaemon$0(350)) - Ozone container server started.
2019-09-27 09:16:36,076 [Datanode State Machine Thread - 0] INFO  statemachine.DatanodeStateMachine (DatanodeStateMachine.java:lambda$startDaemon$0(350)) - Ozone container server started.
2019-09-27 09:16:36,316 [grpc-default-executor-7] WARN  server.GrpcLogAppender (LogUtils.java:warn(134)) - b93e8517-84f8-4f68-bef3-e117f2a0c787@group-27CEAF660913->d31f9c36-f111-497e-b7b9-765da331cca9-AppendLogResponseHandler: Failed appendEntries: org.apache.ratis.thirdparty.io.grpc.StatusRuntimeException: UNAVAILABLE: io exception
2019-09-27 09:16:36,316 [grpc-default-executor-7] INFO  impl.FollowerInfo (FollowerInfo.java:lambda$new$0(51)) - b93e8517-84f8-4f68-bef3-e117f2a0c787@group-27CEAF660913->d31f9c36-f111-497e-b7b9-765da331cca9: nextIndex: updateUnconditionally 0 -> 0
2019-09-27 09:16:36,348 [grpc-default-executor-4] WARN  server.GrpcLogAppender (LogUtils.java:warn(134)) - 0821efe4-c707-4fcc-94f8-cb827e7ada87@group-4DD0B4D884A5->a7400050-0947-41b0-8512-caed91bc5dce-AppendLogResponseHandler: Failed appendEntries: org.apache.ratis.thirdparty.io.grpc.StatusRuntimeException: UNAVAILABLE: io exception
2019-09-27 09:16:36,348 [grpc-default-executor-2] WARN  server.GrpcLogAppender (LogUtils.java:warn(134)) - 0821efe4-c707-4fcc-94f8-cb827e7ada87@group-4DD0B4D884A5->1b1c50e1-42fe-4038-95e1-cf5ebbb85fbb-AppendLogResponseHandler: Failed appendEntries: org.apache.ratis.thirdparty.io.grpc.StatusRuntimeException: UNAVAILABLE: io exception
2019-09-27 09:16:36,348 [grpc-default-executor-4] INFO  impl.FollowerInfo (FollowerInfo.java:lambda$new$0(51)) - 0821efe4-c707-4fcc-94f8-cb827e7ada87@group-4DD0B4D884A5->a7400050-0947-41b0-8512-caed91bc5dce: nextIndex: updateUnconditionally 0 -> 0
2019-09-27 09:16:36,348 [grpc-default-executor-2] INFO  impl.FollowerInfo (FollowerInfo.java:lambda$new$0(51)) - 0821efe4-c707-4fcc-94f8-cb827e7ada87@group-4DD0B4D884A5->1b1c50e1-42fe-4038-95e1-cf5ebbb85fbb: nextIndex: updateUnconditionally 0 -> 0
2019-09-27 09:16:36,358 [grpc-default-executor-0] WARN  server.GrpcLogAppender (LogUtils.java:warn(134)) - b93e8517-84f8-4f68-bef3-e117f2a0c787@group-27CEAF660913->a8cc1a37-a8a6-4a7f-81dc-bc9c8df542bb-AppendLogResponseHandler: Failed appendEntries: org.apache.ratis.thirdparty.io.grpc.StatusRuntimeException: UNAVAILABLE: io exception
2019-09-27 09:16:36,358 [grpc-default-executor-0] INFO  impl.FollowerInfo (FollowerInfo.java:lambda$new$0(51)) - b93e8517-84f8-4f68-bef3-e117f2a0c787@group-27CEAF660913->a8cc1a37-a8a6-4a7f-81dc-bc9c8df542bb: nextIndex: updateUnconditionally 0 -> 0
2019-09-27 09:16:36,816 [grpc-default-executor-4] WARN  server.GrpcLogAppender (LogUtils.java:warn(134)) - b93e8517-84f8-4f68-bef3-e117f2a0c787@group-27CEAF660913->d31f9c36-f111-497e-b7b9-765da331cca9-AppendLogResponseHandler: Failed appendEntries: org.apache.ratis.thirdparty.io.grpc.StatusRuntimeException: UNAVAILABLE: io exception
2019-09-27 09:16:36,817 [grpc-default-executor-4] INFO  impl.FollowerInfo (FollowerInfo.java:lambda$new$0(51)) - b93e8517-84f8-4f68-bef3-e117f2a0c787@group-27CEAF660913->d31f9c36-f111-497e-b7b9-765da331cca9: nextIndex: updateUnconditionally 0 -> 0
2019-09-27 09:16:36,849 [grpc-default-executor-1] WARN  server.GrpcLogAppender (LogUtils.java:warn(134)) - 0821efe4-c707-4fcc-94f8-cb827e7ada87@group-4DD0B4D884A5->a7400050-0947-41b0-8512-caed91bc5dce-AppendLogResponseHandler: Failed appendEntries: org.apache.ratis.thirdparty.io.grpc.StatusRuntimeException: UNAVAILABLE: io exception
2019-09-27 09:16:36,849 [grpc-default-executor-6] WARN  server.GrpcLogAppender (LogUtils.java:warn(134)) - 0821efe4-c707-4fcc-94f8-cb827e7ada87@group-4DD0B4D884A5->1b1c50e1-42fe-4038-95e1-cf5ebbb85fbb-AppendLogResponseHandler: Failed appendEntries: org.apache.ratis.thirdparty.io.grpc.StatusRuntimeException: UNAVAILABLE: io exception
2019-09-27 09:16:36,849 [grpc-default-executor-1] INFO  impl.FollowerInfo (FollowerInfo.java:lambda$new$0(51)) - 0821efe4-c707-4fcc-94f8-cb827e7ada87@group-4DD0B4D884A5->a7400050-0947-41b0-8512-caed91bc5dce: nextIndex: updateUnconditionally 0 -> 0
2019-09-27 09:16:36,849 [grpc-default-executor-6] INFO  impl.FollowerInfo (FollowerInfo.java:lambda$new$0(51)) - 0821efe4-c707-4fcc-94f8-cb827e7ada87@group-4DD0B4D884A5->1b1c50e1-42fe-4038-95e1-cf5ebbb85fbb: nextIndex: updateUnconditionally 0 -> 0
2019-09-27 09:16:36,858 [grpc-default-executor-4] WARN  server.GrpcLogAppender (LogUtils.java:warn(134)) - b93e8517-84f8-4f68-bef3-e117f2a0c787@group-27CEAF660913->a8cc1a37-a8a6-4a7f-81dc-bc9c8df542bb-AppendLogResponseHandler: Failed appendEntries: org.apache.ratis.thirdparty.io.grpc.StatusRuntimeException: UNAVAILABLE: io exception
2019-09-27 09:16:36,859 [grpc-default-executor-4] INFO  impl.FollowerInfo (FollowerInfo.java:lambda$new$0(51)) - b93e8517-84f8-4f68-bef3-e117f2a0c787@group-27CEAF660913->a8cc1a37-a8a6-4a7f-81dc-bc9c8df542bb: nextIndex: updateUnconditionally 0 -> 0
2019-09-27 09:16:37,318 [grpc-default-executor-1] WARN  server.GrpcLogAppender (LogUtils.java:warn(134)) - b93e8517-84f8-4f68-bef3-e117f2a0c787@group-27CEAF660913->d31f9c36-f111-497e-b7b9-765da331cca9-AppendLogResponseHandler: Failed appendEntries: org.apache.ratis.thirdparty.io.grpc.StatusRuntimeException: UNAVAILABLE: io exception
2019-09-27 09:16:37,318 [grpc-default-executor-1] INFO  impl.FollowerInfo (FollowerInfo.java:lambda$new$0(51)) - b93e8517-84f8-4f68-bef3-e117f2a0c787@group-27CEAF660913->d31f9c36-f111-497e-b7b9-765da331cca9: nextIndex: updateUnconditionally 0 -> 0
2019-09-27 09:16:37,349 [grpc-default-executor-0] WARN  server.GrpcLogAppender (LogUtils.java:warn(134)) - 0821efe4-c707-4fcc-94f8-cb827e7ada87@group-4DD0B4D884A5->1b1c50e1-42fe-4038-95e1-cf5ebbb85fbb-AppendLogResponseHandler: Failed appendEntries: org.apache.ratis.thirdparty.io.grpc.StatusRuntimeException: UNAVAILABLE: io exception
2019-09-27 09:16:37,349 [grpc-default-executor-2] WARN  server.GrpcLogAppender (LogUtils.java:warn(134)) - 0821efe4-c707-4fcc-94f8-cb827e7ada87@group-4DD0B4D884A5->a7400050-0947-41b0-8512-caed91bc5dce-AppendLogResponseHandler: Failed appendEntries: org.apache.ratis.thirdparty.io.grpc.StatusRuntimeException: UNAVAILABLE: io exception
2019-09-27 09:16:37,350 [grpc-default-executor-0] INFO  impl.FollowerInfo (FollowerInfo.java:lambda$new$0(51)) - 0821efe4-c707-4fcc-94f8-cb827e7ada87@group-4DD0B4D884A5->1b1c50e1-42fe-4038-95e1-cf5ebbb85fbb: nextIndex: updateUnconditionally 0 -> 0
2019-09-27 09:16:37,350 [grpc-default-executor-2] INFO  impl.FollowerInfo (FollowerInfo.java:lambda$new$0(51)) - 0821efe4-c707-4fcc-94f8-cb827e7ada87@group-4DD0B4D884A5->a7400050-0947-41b0-8512-caed91bc5dce: nextIndex: updateUnconditionally 0 -> 0
2019-09-27 09:16:37,359 [grpc-default-executor-4] WARN  server.GrpcLogAppender (LogUtils.java:warn(134)) - b93e8517-84f8-4f68-bef3-e117f2a0c787@group-27CEAF660913->a8cc1a37-a8a6-4a7f-81dc-bc9c8df542bb-AppendLogResponseHandler: Failed appendEntries: org.apache.ratis.thirdparty.io.grpc.StatusRuntimeException: UNAVAILABLE: io exception
2019-09-27 09:16:37,360 [grpc-default-executor-4] INFO  impl.FollowerInfo (FollowerInfo.java:lambda$new$0(51)) - b93e8517-84f8-4f68-bef3-e117f2a0c787@group-27CEAF660913->a8cc1a37-a8a6-4a7f-81dc-bc9c8df542bb: nextIndex: updateUnconditionally 0 -> 0
2019-09-27 09:16:37,818 [grpc-default-executor-0] WARN  server.GrpcLogAppender (LogUtils.java:warn(134)) - b93e8517-84f8-4f68-bef3-e117f2a0c787@group-27CEAF660913->d31f9c36-f111-497e-b7b9-765da331cca9-AppendLogResponseHandler: Failed appendEntries: org.apache.ratis.thirdparty.io.grpc.StatusRuntimeException: UNAVAILABLE: io exception
2019-09-27 09:16:37,819 [grpc-default-executor-0] INFO  impl.FollowerInfo (FollowerInfo.java:lambda$new$0(51)) - b93e8517-84f8-4f68-bef3-e117f2a0c787@group-27CEAF660913->d31f9c36-f111-497e-b7b9-765da331cca9: nextIndex: updateUnconditionally 0 -> 0
2019-09-27 09:16:37,850 [grpc-default-executor-0] WARN  server.GrpcLogAppender (LogUtils.java:warn(134)) - 0821efe4-c707-4fcc-94f8-cb827e7ada87@group-4DD0B4D884A5->a7400050-0947-41b0-8512-caed91bc5dce-AppendLogResponseHandler: Failed appendEntries: org.apache.ratis.thirdparty.io.grpc.StatusRuntimeException: UNAVAILABLE: io exception
2019-09-27 09:16:37,850 [grpc-default-executor-2] WARN  server.GrpcLogAppender (LogUtils.java:warn(134)) - 0821efe4-c707-4fcc-94f8-cb827e7ada87@group-4DD0B4D884A5->1b1c50e1-42fe-4038-95e1-cf5ebbb85fbb-AppendLogResponseHandler: Failed appendEntries: org.apache.ratis.thirdparty.io.grpc.StatusRuntimeException: UNAVAILABLE: io exception
2019-09-27 09:16:37,851 [grpc-default-executor-0] INFO  impl.FollowerInfo (FollowerInfo.java:lambda$new$0(51)) - 0821efe4-c707-4fcc-94f8-cb827e7ada87@group-4DD0B4D884A5->a7400050-0947-41b0-8512-caed91bc5dce: nextIndex: updateUnconditionally 0 -> 0
2019-09-27 09:16:37,851 [grpc-default-executor-2] INFO  impl.FollowerInfo (FollowerInfo.java:lambda$new$0(51)) - 0821efe4-c707-4fcc-94f8-cb827e7ada87@group-4DD0B4D884A5->1b1c50e1-42fe-4038-95e1-cf5ebbb85fbb: nextIndex: updateUnconditionally 0 -> 0
2019-09-27 09:16:37,860 [grpc-default-executor-4] WARN  server.GrpcLogAppender (LogUtils.java:warn(134)) - b93e8517-84f8-4f68-bef3-e117f2a0c787@group-27CEAF660913->a8cc1a37-a8a6-4a7f-81dc-bc9c8df542bb-AppendLogResponseHandler: Failed appendEntries: org.apache.ratis.thirdparty.io.grpc.StatusRuntimeException: UNAVAILABLE: io exception
2019-09-27 09:16:37,860 [grpc-default-executor-4] INFO  impl.FollowerInfo (FollowerInfo.java:lambda$new$0(51)) - b93e8517-84f8-4f68-bef3-e117f2a0c787@group-27CEAF660913->a8cc1a37-a8a6-4a7f-81dc-bc9c8df542bb: nextIndex: updateUnconditionally 0 -> 0
2019-09-27 09:16:38,320 [grpc-default-executor-4] WARN  server.GrpcLogAppender (LogUtils.java:warn(134)) - b93e8517-84f8-4f68-bef3-e117f2a0c787@group-27CEAF660913->d31f9c36-f111-497e-b7b9-765da331cca9-AppendLogResponseHandler: Failed appendEntries: org.apache.ratis.thirdparty.io.grpc.StatusRuntimeException: UNAVAILABLE: io exception
2019-09-27 09:16:38,320 [grpc-default-executor-4] INFO  impl.FollowerInfo (FollowerInfo.java:lambda$new$0(51)) - b93e8517-84f8-4f68-bef3-e117f2a0c787@group-27CEAF660913->d31f9c36-f111-497e-b7b9-765da331cca9: nextIndex: updateUnconditionally 0 -> 0
2019-09-27 09:16:38,350 [grpc-default-executor-0] WARN  server.GrpcLogAppender (LogUtils.java:warn(134)) - 0821efe4-c707-4fcc-94f8-cb827e7ada87@group-4DD0B4D884A5->1b1c50e1-42fe-4038-95e1-cf5ebbb85fbb-AppendLogResponseHandler: Failed appendEntries: org.apache.ratis.thirdparty.io.grpc.StatusRuntimeException: UNAVAILABLE: io exception
2019-09-27 09:16:38,351 [grpc-default-executor-1] WARN  server.GrpcLogAppender (LogUtils.java:warn(134)) - 0821efe4-c707-4fcc-94f8-cb827e7ada87@group-4DD0B4D884A5->a7400050-0947-41b0-8512-caed91bc5dce-AppendLogResponseHandler: Failed appendEntries: org.apache.ratis.thirdparty.io.grpc.StatusRuntimeException: UNAVAILABLE: io exception
2019-09-27 09:16:38,351 [grpc-default-executor-0] INFO  impl.FollowerInfo (FollowerInfo.java:lambda$new$0(51)) - 0821efe4-c707-4fcc-94f8-cb827e7ada87@group-4DD0B4D884A5->1b1c50e1-42fe-4038-95e1-cf5ebbb85fbb: nextIndex: updateUnconditionally 0 -> 0
2019-09-27 09:16:38,351 [grpc-default-executor-1] INFO  impl.FollowerInfo (FollowerInfo.java:lambda$new$0(51)) - 0821efe4-c707-4fcc-94f8-cb827e7ada87@group-4DD0B4D884A5->a7400050-0947-41b0-8512-caed91bc5dce: nextIndex: updateUnconditionally 0 -> 0
2019-09-27 09:16:38,361 [grpc-default-executor-2] WARN  server.GrpcLogAppender (LogUtils.java:warn(134)) - b93e8517-84f8-4f68-bef3-e117f2a0c787@group-27CEAF660913->a8cc1a37-a8a6-4a7f-81dc-bc9c8df542bb-AppendLogResponseHandler: Failed appendEntries: org.apache.ratis.thirdparty.io.grpc.StatusRuntimeException: UNAVAILABLE: io exception
2019-09-27 09:16:38,362 [grpc-default-executor-2] INFO  impl.FollowerInfo (FollowerInfo.java:lambda$new$0(51)) - b93e8517-84f8-4f68-bef3-e117f2a0c787@group-27CEAF660913->a8cc1a37-a8a6-4a7f-81dc-bc9c8df542bb: nextIndex: updateUnconditionally 0 -> 0
2019-09-27 09:16:38,821 [grpc-default-executor-2] WARN  server.GrpcLogAppender (LogUtils.java:warn(134)) - b93e8517-84f8-4f68-bef3-e117f2a0c787@group-27CEAF660913->d31f9c36-f111-497e-b7b9-765da331cca9-AppendLogResponseHandler: Failed appendEntries: org.apache.ratis.thirdparty.io.grpc.StatusRuntimeException: UNAVAILABLE: io exception
2019-09-27 09:16:38,821 [grpc-default-executor-2] INFO  impl.FollowerInfo (FollowerInfo.java:lambda$new$0(51)) - b93e8517-84f8-4f68-bef3-e117f2a0c787@group-27CEAF660913->d31f9c36-f111-497e-b7b9-765da331cca9: nextIndex: updateUnconditionally 0 -> 0
2019-09-27 09:16:38,852 [grpc-default-executor-7] WARN  server.GrpcLogAppender (LogUtils.java:warn(134)) - 0821efe4-c707-4fcc-94f8-cb827e7ada87@group-4DD0B4D884A5->1b1c50e1-42fe-4038-95e1-cf5ebbb85fbb-AppendLogResponseHandler: Failed appendEntries: org.apache.ratis.thirdparty.io.grpc.StatusRuntimeException: UNAVAILABLE: io exception
2019-09-27 09:16:38,852 [grpc-default-executor-6] WARN  server.GrpcLogAppender (LogUtils.java:warn(134)) - 0821efe4-c707-4fcc-94f8-cb827e7ada87@group-4DD0B4D884A5->a7400050-0947-41b0-8512-caed91bc5dce-AppendLogResponseHandler: Failed appendEntries: org.apache.ratis.thirdparty.io.grpc.StatusRuntimeException: UNAVAILABLE: io exception
2019-09-27 09:16:38,853 [grpc-default-executor-7] INFO  impl.FollowerInfo (FollowerInfo.java:lambda$new$0(51)) - 0821efe4-c707-4fcc-94f8-cb827e7ada87@group-4DD0B4D884A5->1b1c50e1-42fe-4038-95e1-cf5ebbb85fbb: nextIndex: updateUnconditionally 0 -> 0
2019-09-27 09:16:38,853 [grpc-default-executor-6] INFO  impl.FollowerInfo (FollowerInfo.java:lambda$new$0(51)) - 0821efe4-c707-4fcc-94f8-cb827e7ada87@group-4DD0B4D884A5->a7400050-0947-41b0-8512-caed91bc5dce: nextIndex: updateUnconditionally 0 -> 0
2019-09-27 09:16:38,863 [grpc-default-executor-0] WARN  server.GrpcLogAppender (LogUtils.java:warn(134)) - b93e8517-84f8-4f68-bef3-e117f2a0c787@group-27CEAF660913->a8cc1a37-a8a6-4a7f-81dc-bc9c8df542bb-AppendLogResponseHandler: Failed appendEntries: org.apache.ratis.thirdparty.io.grpc.StatusRuntimeException: UNAVAILABLE: io exception
2019-09-27 09:16:38,863 [grpc-default-executor-0] INFO  impl.FollowerInfo (FollowerInfo.java:lambda$new$0(51)) - b93e8517-84f8-4f68-bef3-e117f2a0c787@group-27CEAF660913->a8cc1a37-a8a6-4a7f-81dc-bc9c8df542bb: nextIndex: updateUnconditionally 0 -> 0
2019-09-27 09:16:39,323 [grpc-default-executor-0] WARN  server.GrpcLogAppender (LogUtils.java:warn(134)) - b93e8517-84f8-4f68-bef3-e117f2a0c787@group-27CEAF660913->d31f9c36-f111-497e-b7b9-765da331cca9-AppendLogResponseHandler: Failed appendEntries: org.apache.ratis.thirdparty.io.grpc.StatusRuntimeException: UNAVAILABLE: io exception
2019-09-27 09:16:39,324 [grpc-default-executor-0] INFO  impl.FollowerInfo (FollowerInfo.java:lambda$new$0(51)) - b93e8517-84f8-4f68-bef3-e117f2a0c787@group-27CEAF660913->d31f9c36-f111-497e-b7b9-765da331cca9: nextIndex: updateUnconditionally 0 -> 0
2019-09-27 09:16:39,353 [grpc-default-executor-4] WARN  server.GrpcLogAppender (LogUtils.java:warn(134)) - 0821efe4-c707-4fcc-94f8-cb827e7ada87@group-4DD0B4D884A5->a7400050-0947-41b0-8512-caed91bc5dce-AppendLogResponseHandler: Failed appendEntries: org.apache.ratis.thirdparty.io.grpc.StatusRuntimeException: UNAVAILABLE: io exception
2019-09-27 09:16:39,353 [grpc-default-executor-0] WARN  server.GrpcLogAppender (LogUtils.java:warn(134)) - 0821efe4-c707-4fcc-94f8-cb827e7ada87@group-4DD0B4D884A5->1b1c50e1-42fe-4038-95e1-cf5ebbb85fbb-AppendLogResponseHandler: Failed appendEntries: org.apache.ratis.thirdparty.io.grpc.StatusRuntimeException: UNAVAILABLE: io exception
2019-09-27 09:16:39,353 [grpc-default-executor-4] INFO  impl.FollowerInfo (FollowerInfo.java:lambda$new$0(51)) - 0821efe4-c707-4fcc-94f8-cb827e7ada87@group-4DD0B4D884A5->a7400050-0947-41b0-8512-caed91bc5dce: nextIndex: updateUnconditionally 0 -> 0
2019-09-27 09:16:39,353 [grpc-default-executor-0] INFO  impl.FollowerInfo (FollowerInfo.java:lambda$new$0(51)) - 0821efe4-c707-4fcc-94f8-cb827e7ada87@group-4DD0B4D884A5->1b1c50e1-42fe-4038-95e1-cf5ebbb85fbb: nextIndex: updateUnconditionally 0 -> 0
2019-09-27 09:16:39,363 [grpc-default-executor-7] WARN  server.GrpcLogAppender (LogUtils.java:warn(134)) - b93e8517-84f8-4f68-bef3-e117f2a0c787@group-27CEAF660913->a8cc1a37-a8a6-4a7f-81dc-bc9c8df542bb-AppendLogResponseHandler: Failed appendEntries: org.apache.ratis.thirdparty.io.grpc.StatusRuntimeException: UNAVAILABLE: io exception
2019-09-27 09:16:39,364 [grpc-default-executor-7] INFO  impl.FollowerInfo (FollowerInfo.java:lambda$new$0(51)) - b93e8517-84f8-4f68-bef3-e117f2a0c787@group-27CEAF660913->a8cc1a37-a8a6-4a7f-81dc-bc9c8df542bb: nextIndex: updateUnconditionally 0 -> 0
2019-09-27 09:16:39,823 [grpc-default-executor-4] WARN  server.GrpcLogAppender (LogUtils.java:warn(134)) - b93e8517-84f8-4f68-bef3-e117f2a0c787@group-27CEAF660913->d31f9c36-f111-497e-b7b9-765da331cca9-AppendLogResponseHandler: Failed appendEntries: org.apache.ratis.thirdparty.io.grpc.StatusRuntimeException: UNAVAILABLE: io exception
2019-09-27 09:16:39,823 [grpc-default-executor-4] INFO  impl.FollowerInfo (FollowerInfo.java:lambda$new$0(51)) - b93e8517-84f8-4f68-bef3-e117f2a0c787@group-27CEAF660913->d31f9c36-f111-497e-b7b9-765da331cca9: nextIndex: updateUnconditionally 0 -> 0
2019-09-27 09:16:39,853 [grpc-default-executor-1] WARN  server.GrpcLogAppender (LogUtils.java:warn(134)) - 0821efe4-c707-4fcc-94f8-cb827e7ada87@group-4DD0B4D884A5->a7400050-0947-41b0-8512-caed91bc5dce-AppendLogResponseHandler: Failed appendEntries: org.apache.ratis.thirdparty.io.grpc.StatusRuntimeException: UNAVAILABLE: io exception
2019-09-27 09:16:39,853 [grpc-default-executor-2] WARN  server.GrpcLogAppender (LogUtils.java:warn(134)) - 0821efe4-c707-4fcc-94f8-cb827e7ada87@group-4DD0B4D884A5->1b1c50e1-42fe-4038-95e1-cf5ebbb85fbb-AppendLogResponseHandler: Failed appendEntries: org.apache.ratis.thirdparty.io.grpc.StatusRuntimeException: UNAVAILABLE: io exception
2019-09-27 09:16:39,854 [grpc-default-executor-1] INFO  impl.FollowerInfo (FollowerInfo.java:lambda$new$0(51)) - 0821efe4-c707-4fcc-94f8-cb827e7ada87@group-4DD0B4D884A5->a7400050-0947-41b0-8512-caed91bc5dce: nextIndex: updateUnconditionally 0 -> 0
2019-09-27 09:16:39,854 [grpc-default-executor-2] INFO  impl.FollowerInfo (FollowerInfo.java:lambda$new$0(51)) - 0821efe4-c707-4fcc-94f8-cb827e7ada87@group-4DD0B4D884A5->1b1c50e1-42fe-4038-95e1-cf5ebbb85fbb: nextIndex: updateUnconditionally 0 -> 0
2019-09-27 09:16:39,864 [grpc-default-executor-4] WARN  server.GrpcLogAppender (LogUtils.java:warn(134)) - b93e8517-84f8-4f68-bef3-e117f2a0c787@group-27CEAF660913->a8cc1a37-a8a6-4a7f-81dc-bc9c8df542bb-AppendLogResponseHandler: Failed appendEntries: org.apache.ratis.thirdparty.io.grpc.StatusRuntimeException: UNAVAILABLE: io exception
2019-09-27 09:16:39,864 [grpc-default-executor-4] INFO  impl.FollowerInfo (FollowerInfo.java:lambda$new$0(51)) - b93e8517-84f8-4f68-bef3-e117f2a0c787@group-27CEAF660913->a8cc1a37-a8a6-4a7f-81dc-bc9c8df542bb: nextIndex: updateUnconditionally 0 -> 0
2019-09-27 09:16:40,325 [grpc-default-executor-1] WARN  server.GrpcLogAppender (LogUtils.java:warn(134)) - b93e8517-84f8-4f68-bef3-e117f2a0c787@group-27CEAF660913->d31f9c36-f111-497e-b7b9-765da331cca9-AppendLogResponseHandler: Failed appendEntries: org.apache.ratis.thirdparty.io.grpc.StatusRuntimeException: UNAVAILABLE: io exception
2019-09-27 09:16:40,325 [grpc-default-executor-1] INFO  impl.FollowerInfo (FollowerInfo.java:lambda$new$0(51)) - b93e8517-84f8-4f68-bef3-e117f2a0c787@group-27CEAF660913->d31f9c36-f111-497e-b7b9-765da331cca9: nextIndex: updateUnconditionally 0 -> 0
2019-09-27 09:16:40,354 [grpc-default-executor-6] WARN  server.GrpcLogAppender (LogUtils.java:warn(134)) - 0821efe4-c707-4fcc-94f8-cb827e7ada87@group-4DD0B4D884A5->1b1c50e1-42fe-4038-95e1-cf5ebbb85fbb-AppendLogResponseHandler: Failed appendEntries: org.apache.ratis.thirdparty.io.grpc.StatusRuntimeException: UNAVAILABLE: io exception
2019-09-27 09:16:40,354 [grpc-default-executor-0] WARN  server.GrpcLogAppender (LogUtils.java:warn(134)) - 0821efe4-c707-4fcc-94f8-cb827e7ada87@group-4DD0B4D884A5->a7400050-0947-41b0-8512-caed91bc5dce-AppendLogResponseHandler: Failed appendEntries: org.apache.ratis.thirdparty.io.grpc.StatusRuntimeException: UNAVAILABLE: io exception
2019-09-27 09:16:40,354 [grpc-default-executor-6] INFO  impl.FollowerInfo (FollowerInfo.java:lambda$new$0(51)) - 0821efe4-c707-4fcc-94f8-cb827e7ada87@group-4DD0B4D884A5->1b1c50e1-42fe-4038-95e1-cf5ebbb85fbb: nextIndex: updateUnconditionally 0 -> 0
2019-09-27 09:16:40,355 [grpc-default-executor-0] INFO  impl.FollowerInfo (FollowerInfo.java:lambda$new$0(51)) - 0821efe4-c707-4fcc-94f8-cb827e7ada87@group-4DD0B4D884A5->a7400050-0947-41b0-8512-caed91bc5dce: nextIndex: updateUnconditionally 0 -> 0
2019-09-27 09:16:40,365 [grpc-default-executor-1] WARN  server.GrpcLogAppender (LogUtils.java:warn(134)) - b93e8517-84f8-4f68-bef3-e117f2a0c787@group-27CEAF660913->a8cc1a37-a8a6-4a7f-81dc-bc9c8df542bb-AppendLogResponseHandler: Failed appendEntries: org.apache.ratis.thirdparty.io.grpc.StatusRuntimeException: UNAVAILABLE: io exception
2019-09-27 09:16:40,366 [grpc-default-executor-1] INFO  impl.FollowerInfo (FollowerInfo.java:lambda$new$0(51)) - b93e8517-84f8-4f68-bef3-e117f2a0c787@group-27CEAF660913->a8cc1a37-a8a6-4a7f-81dc-bc9c8df542bb: nextIndex: updateUnconditionally 0 -> 0
2019-09-27 09:16:40,825 [grpc-default-executor-6] WARN  server.GrpcLogAppender (LogUtils.java:warn(134)) - b93e8517-84f8-4f68-bef3-e117f2a0c787@group-27CEAF660913->d31f9c36-f111-497e-b7b9-765da331cca9-AppendLogResponseHandler: Failed appendEntries: org.apache.ratis.thirdparty.io.grpc.StatusRuntimeException: UNAVAILABLE: io exception
2019-09-27 09:16:40,826 [grpc-default-executor-6] INFO  impl.FollowerInfo (FollowerInfo.java:lambda$new$0(51)) - b93e8517-84f8-4f68-bef3-e117f2a0c787@group-27CEAF660913->d31f9c36-f111-497e-b7b9-765da331cca9: nextIndex: updateUnconditionally 0 -> 0
2019-09-27 09:16:40,855 [grpc-default-executor-6] WARN  server.GrpcLogAppender (LogUtils.java:warn(134)) - 0821efe4-c707-4fcc-94f8-cb827e7ada87@group-4DD0B4D884A5->1b1c50e1-42fe-4038-95e1-cf5ebbb85fbb-AppendLogResponseHandler: Failed appendEntries: org.apache.ratis.thirdparty.io.grpc.StatusRuntimeException: UNAVAILABLE: io exception
2019-09-27 09:16:40,855 [grpc-default-executor-7] WARN  server.GrpcLogAppender (LogUtils.java:warn(134)) - 0821efe4-c707-4fcc-94f8-cb827e7ada87@group-4DD0B4D884A5->a7400050-0947-41b0-8512-caed91bc5dce-AppendLogResponseHandler: Failed appendEntries: org.apache.ratis.thirdparty.io.grpc.StatusRuntimeException: UNAVAILABLE: io exception
2019-09-27 09:16:40,855 [grpc-default-executor-6] INFO  impl.FollowerInfo (FollowerInfo.java:lambda$new$0(51)) - 0821efe4-c707-4fcc-94f8-cb827e7ada87@group-4DD0B4D884A5->1b1c50e1-42fe-4038-95e1-cf5ebbb85fbb: nextIndex: updateUnconditionally 0 -> 0
2019-09-27 09:16:40,855 [grpc-default-executor-7] INFO  impl.FollowerInfo (FollowerInfo.java:lambda$new$0(51)) - 0821efe4-c707-4fcc-94f8-cb827e7ada87@group-4DD0B4D884A5->a7400050-0947-41b0-8512-caed91bc5dce: nextIndex: updateUnconditionally 0 -> 0
2019-09-27 09:16:40,866 [grpc-default-executor-1] WARN  server.GrpcLogAppender (LogUtils.java:warn(134)) - b93e8517-84f8-4f68-bef3-e117f2a0c787@group-27CEAF660913->a8cc1a37-a8a6-4a7f-81dc-bc9c8df542bb-AppendLogResponseHandler: Failed appendEntries: org.apache.ratis.thirdparty.io.grpc.StatusRuntimeException: UNAVAILABLE: io exception
2019-09-27 09:16:40,867 [grpc-default-executor-1] INFO  impl.FollowerInfo (FollowerInfo.java:lambda$new$0(51)) - b93e8517-84f8-4f68-bef3-e117f2a0c787@group-27CEAF660913->a8cc1a37-a8a6-4a7f-81dc-bc9c8df542bb: nextIndex: updateUnconditionally 0 -> 0
2019-09-27 09:16:41,026 [ForkJoinPool.commonPool-worker-0] INFO  ozoneimpl.OzoneContainer (OzoneContainer.java:stop(231)) - Attempting to stop container services.
2019-09-27 09:16:41,027 [ForkJoinPool.commonPool-worker-0] INFO  impl.RaftServerProxy (RaftServerProxy.java:lambda$close$4(314)) - 0821efe4-c707-4fcc-94f8-cb827e7ada87: close
2019-09-27 09:16:41,027 [ForkJoinPool.commonPool-worker-0] INFO  impl.RaftServerImpl (RaftServerImpl.java:lambda$shutdown$3(251)) - 0821efe4-c707-4fcc-94f8-cb827e7ada87@group-186A4FA27B4F: shutdown
2019-09-27 09:16:41,027 [main] INFO  ozoneimpl.OzoneContainer (OzoneContainer.java:stop(231)) - Attempting to stop container services.
2019-09-27 09:16:41,027 [ForkJoinPool.commonPool-worker-0] INFO  util.JmxRegister (JmxRegister.java:unregister(73)) - Successfully un-registered JMX Bean with object name Ratis:service=RaftServer,group=group-186A4FA27B4F,id=0821efe4-c707-4fcc-94f8-cb827e7ada87
2019-09-27 09:16:41,028 [main] INFO  impl.RaftServerProxy (RaftServerProxy.java:lambda$close$4(314)) - b93e8517-84f8-4f68-bef3-e117f2a0c787: close
2019-09-27 09:16:41,028 [ForkJoinPool.commonPool-worker-0] INFO  impl.RoleInfo (RoleInfo.java:shutdownLeaderState(104)) - 0821efe4-c707-4fcc-94f8-cb827e7ada87: shutdown LeaderState
2019-09-27 09:16:41,029 [main] INFO  impl.RaftServerImpl (RaftServerImpl.java:lambda$shutdown$3(251)) - b93e8517-84f8-4f68-bef3-e117f2a0c787@group-FAA1371BD231: shutdown
2019-09-27 09:16:41,029 [ForkJoinPool.commonPool-worker-0] INFO  impl.PendingRequests (PendingRequests.java:sendNotLeaderResponses(202)) - 0821efe4-c707-4fcc-94f8-cb827e7ada87-PendingRequests: sendNotLeaderResponses
2019-09-27 09:16:41,029 [main] INFO  util.JmxRegister (JmxRegister.java:unregister(73)) - Successfully un-registered JMX Bean with object name Ratis:service=RaftServer,group=group-FAA1371BD231,id=b93e8517-84f8-4f68-bef3-e117f2a0c787
2019-09-27 09:16:41,030 [ForkJoinPool.commonPool-worker-0] INFO  impl.StateMachineUpdater (StateMachineUpdater.java:stopAndJoin(125)) - 0821efe4-c707-4fcc-94f8-cb827e7ada87@group-186A4FA27B4F-StateMachineUpdater: set stopIndex = 0
2019-09-27 09:16:41,030 [main] INFO  impl.RoleInfo (RoleInfo.java:shutdownLeaderState(104)) - b93e8517-84f8-4f68-bef3-e117f2a0c787: shutdown LeaderState
2019-09-27 09:16:41,031 [ForkJoinPool.commonPool-worker-0] INFO  impl.RaftServerImpl (ServerState.java:close(385)) - 0821efe4-c707-4fcc-94f8-cb827e7ada87@group-186A4FA27B4F: closes. applyIndex: 0
2019-09-27 09:16:41,031 [main] INFO  impl.PendingRequests (PendingRequests.java:sendNotLeaderResponses(202)) - b93e8517-84f8-4f68-bef3-e117f2a0c787-PendingRequests: sendNotLeaderResponses
2019-09-27 09:16:41,031 [0821efe4-c707-4fcc-94f8-cb827e7ada87@group-186A4FA27B4F-SegmentedRaftLogWorker] INFO  segmented.SegmentedRaftLogWorker (SegmentedRaftLogWorker.java:run(313)) - 0821efe4-c707-4fcc-94f8-cb827e7ada87@group-186A4FA27B4F-SegmentedRaftLogWorker was interrupted, exiting. There are 0 tasks remaining in the queue.
2019-09-27 09:16:41,032 [main] INFO  impl.StateMachineUpdater (StateMachineUpdater.java:stopAndJoin(125)) - b93e8517-84f8-4f68-bef3-e117f2a0c787@group-FAA1371BD231-StateMachineUpdater: set stopIndex = 0
2019-09-27 09:16:41,032 [ForkJoinPool.commonPool-worker-0] INFO  segmented.SegmentedRaftLogWorker (SegmentedRaftLogWorker.java:close(228)) - 0821efe4-c707-4fcc-94f8-cb827e7ada87@group-186A4FA27B4F-SegmentedRaftLogWorker close()
2019-09-27 09:16:41,033 [main] INFO  impl.RaftServerImpl (ServerState.java:close(385)) - b93e8517-84f8-4f68-bef3-e117f2a0c787@group-FAA1371BD231: closes. applyIndex: 0
2019-09-27 09:16:41,035 [ForkJoinPool.commonPool-worker-0] INFO  impl.RaftServerImpl (RaftServerImpl.java:lambda$shutdown$3(251)) - 0821efe4-c707-4fcc-94f8-cb827e7ada87@group-4DD0B4D884A5: shutdown
2019-09-27 09:16:41,035 [b93e8517-84f8-4f68-bef3-e117f2a0c787@group-FAA1371BD231-SegmentedRaftLogWorker] INFO  segmented.SegmentedRaftLogWorker (SegmentedRaftLogWorker.java:run(313)) - b93e8517-84f8-4f68-bef3-e117f2a0c787@group-FAA1371BD231-SegmentedRaftLogWorker was interrupted, exiting. There are 0 tasks remaining in the queue.
2019-09-27 09:16:41,035 [ForkJoinPool.commonPool-worker-0] INFO  util.JmxRegister (JmxRegister.java:unregister(73)) - Successfully un-registered JMX Bean with object name Ratis:service=RaftServer,group=group-4DD0B4D884A5,id=0821efe4-c707-4fcc-94f8-cb827e7ada87
2019-09-27 09:16:41,035 [main] INFO  segmented.SegmentedRaftLogWorker (SegmentedRaftLogWorker.java:close(228)) - b93e8517-84f8-4f68-bef3-e117f2a0c787@group-FAA1371BD231-SegmentedRaftLogWorker close()
2019-09-27 09:16:41,036 [ForkJoinPool.commonPool-worker-0] INFO  impl.RoleInfo (RoleInfo.java:shutdownLeaderState(104)) - 0821efe4-c707-4fcc-94f8-cb827e7ada87: shutdown LeaderState
2019-09-27 09:16:41,037 [main] INFO  impl.RaftServerImpl (RaftServerImpl.java:lambda$shutdown$3(251)) - b93e8517-84f8-4f68-bef3-e117f2a0c787@group-27CEAF660913: shutdown
2019-09-27 09:16:41,040 [org.apache.ratis.server.impl.LogAppender$AppenderDaemon$$Lambda$400/247186050@563ec2f] WARN  server.GrpcLogAppender (GrpcLogAppender.java:mayWait(143)) - 0821efe4-c707-4fcc-94f8-cb827e7ada87@group-4DD0B4D884A5->a7400050-0947-41b0-8512-caed91bc5dce-GrpcLogAppender: Wait interrupted by java.lang.InterruptedException
2019-09-27 09:16:41,040 [org.apache.ratis.server.impl.LogAppender$AppenderDaemon$$Lambda$400/247186050@7f1c50d] WARN  server.GrpcLogAppender (GrpcLogAppender.java:mayWait(143)) - 0821efe4-c707-4fcc-94f8-cb827e7ada87@group-4DD0B4D884A5->1b1c50e1-42fe-4038-95e1-cf5ebbb85fbb-GrpcLogAppender: Wait interrupted by java.lang.InterruptedException
2019-09-27 09:16:41,040 [ForkJoinPool.commonPool-worker-0] INFO  impl.PendingRequests (PendingRequests.java:sendNotLeaderResponses(202)) - 0821efe4-c707-4fcc-94f8-cb827e7ada87-PendingRequests: sendNotLeaderResponses
2019-09-27 09:16:41,040 [main] INFO  util.JmxRegister (JmxRegister.java:unregister(73)) - Successfully un-registered JMX Bean with object name Ratis:service=RaftServer,group=group-27CEAF660913,id=b93e8517-84f8-4f68-bef3-e117f2a0c787
2019-09-27 09:16:41,043 [ForkJoinPool.commonPool-worker-0] INFO  impl.StateMachineUpdater (StateMachineUpdater.java:stopAndJoin(125)) - 0821efe4-c707-4fcc-94f8-cb827e7ada87@group-4DD0B4D884A5-StateMachineUpdater: set stopIndex = 2
2019-09-27 09:16:41,043 [ForkJoinPool.commonPool-worker-0] INFO  impl.RaftServerImpl (ServerState.java:close(385)) - 0821efe4-c707-4fcc-94f8-cb827e7ada87@group-4DD0B4D884A5: closes. applyIndex: 2
2019-09-27 09:16:41,043 [main] INFO  impl.RoleInfo (RoleInfo.java:shutdownLeaderState(104)) - b93e8517-84f8-4f68-bef3-e117f2a0c787: shutdown LeaderState
2019-09-27 09:16:41,044 [0821efe4-c707-4fcc-94f8-cb827e7ada87@group-4DD0B4D884A5-SegmentedRaftLogWorker] INFO  segmented.SegmentedRaftLogWorker (SegmentedRaftLogWorker.java:run(313)) - 0821efe4-c707-4fcc-94f8-cb827e7ada87@group-4DD0B4D884A5-SegmentedRaftLogWorker was interrupted, exiting. There are 0 tasks remaining in the queue.
2019-09-27 09:16:41,046 [org.apache.ratis.server.impl.LogAppender$AppenderDaemon$$Lambda$400/247186050@1a1a7e14] WARN  server.GrpcLogAppender (GrpcLogAppender.java:mayWait(143)) - b93e8517-84f8-4f68-bef3-e117f2a0c787@group-27CEAF660913->a8cc1a37-a8a6-4a7f-81dc-bc9c8df542bb-GrpcLogAppender: Wait interrupted by java.lang.InterruptedException
2019-09-27 09:16:41,046 [ForkJoinPool.commonPool-worker-0] INFO  segmented.SegmentedRaftLogWorker (SegmentedRaftLogWorker.java:close(228)) - 0821efe4-c707-4fcc-94f8-cb827e7ada87@group-4DD0B4D884A5-SegmentedRaftLogWorker close()
2019-09-27 09:16:41,046 [org.apache.ratis.server.impl.LogAppender$AppenderDaemon$$Lambda$400/247186050@4bac122c] WARN  server.GrpcLogAppender (GrpcLogAppender.java:mayWait(143)) - b93e8517-84f8-4f68-bef3-e117f2a0c787@group-27CEAF660913->d31f9c36-f111-497e-b7b9-765da331cca9-GrpcLogAppender: Wait interrupted by java.lang.InterruptedException
2019-09-27 09:16:41,046 [main] INFO  impl.PendingRequests (PendingRequests.java:sendNotLeaderResponses(202)) - b93e8517-84f8-4f68-bef3-e117f2a0c787-PendingRequests: sendNotLeaderResponses
2019-09-27 09:16:41,048 [ForkJoinPool.commonPool-worker-0] INFO  server.GrpcService (GrpcService.java:closeImpl(164)) - 0821efe4-c707-4fcc-94f8-cb827e7ada87: shutdown server with port 33210 now
2019-09-27 09:16:41,048 [main] INFO  impl.StateMachineUpdater (StateMachineUpdater.java:stopAndJoin(125)) - b93e8517-84f8-4f68-bef3-e117f2a0c787@group-27CEAF660913-StateMachineUpdater: set stopIndex = 0
2019-09-27 09:16:41,049 [ForkJoinPool.commonPool-worker-0] INFO  server.GrpcService (GrpcService.java:closeImpl(172)) - 0821efe4-c707-4fcc-94f8-cb827e7ada87: shutdown server with port 33210 successfully
2019-09-27 09:16:41,049 [main] INFO  impl.RaftServerImpl (ServerState.java:close(385)) - b93e8517-84f8-4f68-bef3-e117f2a0c787@group-27CEAF660913: closes. applyIndex: 0
2019-09-27 09:16:41,050 [b93e8517-84f8-4f68-bef3-e117f2a0c787@group-27CEAF660913-SegmentedRaftLogWorker] INFO  segmented.SegmentedRaftLogWorker (SegmentedRaftLogWorker.java:run(313)) - b93e8517-84f8-4f68-bef3-e117f2a0c787@group-27CEAF660913-SegmentedRaftLogWorker was interrupted, exiting. There are 0 tasks remaining in the queue.
2019-09-27 09:16:41,050 [main] INFO  segmented.SegmentedRaftLogWorker (SegmentedRaftLogWorker.java:close(228)) - b93e8517-84f8-4f68-bef3-e117f2a0c787@group-27CEAF660913-SegmentedRaftLogWorker close()
2019-09-27 09:16:41,052 [main] INFO  server.GrpcService (GrpcService.java:closeImpl(164)) - b93e8517-84f8-4f68-bef3-e117f2a0c787: shutdown server with port 46577 now
2019-09-27 09:16:41,052 [main] INFO  server.GrpcService (GrpcService.java:closeImpl(172)) - b93e8517-84f8-4f68-bef3-e117f2a0c787: shutdown server with port 46577 successfully
2019-09-27 09:16:41,055 [refreshUsed-/workdir/hadoop-ozone/integration-test/target/test-dir/MiniOzoneClusterImpl-306848a7-f3db-4b9e-8a0f-7b9627716070/datanode-7/data/containers] WARN  fs.CachingGetSpaceUsed (CachingGetSpaceUsed.java:run(183)) - Thread Interrupted waiting to refresh disk information: sleep interrupted
2019-09-27 09:16:41,060 [refreshUsed-/workdir/hadoop-ozone/integration-test/target/test-dir/MiniOzoneClusterImpl-306848a7-f3db-4b9e-8a0f-7b9627716070/datanode-1/data/containers] WARN  fs.CachingGetSpaceUsed (CachingGetSpaceUsed.java:run(183)) - Thread Interrupted waiting to refresh disk information: sleep interrupted
2019-09-27 09:16:41,074 [ForkJoinPool.commonPool-worker-0] INFO  utils.BackgroundService (BackgroundService.java:shutdown(148)) - Shutting down service BlockDeletingService
2019-09-27 09:16:41,077 [ForkJoinPool.commonPool-worker-0] INFO  statemachine.DatanodeStateMachine (DatanodeStateMachine.java:stopDaemon(395)) - Ozone container server stopped.
2019-09-27 09:16:41,077 [main] INFO  utils.BackgroundService (BackgroundService.java:shutdown(148)) - Shutting down service BlockDeletingService
2019-09-27 09:16:41,082 [main] INFO  statemachine.DatanodeStateMachine (DatanodeStateMachine.java:stopDaemon(395)) - Ozone container server stopped.
2019-09-27 09:16:41,082 [ForkJoinPool.commonPool-worker-0] INFO  handler.ContextHandler (ContextHandler.java:doStop(910)) - Stopped o.e.j.w.WebAppContext@2924f1d8{/,null,UNAVAILABLE}{/hddsDatanode}
2019-09-27 09:16:41,083 [main] INFO  handler.ContextHandler (ContextHandler.java:doStop(910)) - Stopped o.e.j.w.WebAppContext@1947596f{/,null,UNAVAILABLE}{/hddsDatanode}
2019-09-27 09:16:41,083 [ForkJoinPool.commonPool-worker-0] INFO  server.AbstractConnector (AbstractConnector.java:doStop(318)) - Stopped ServerConnector@524a076e{HTTP/1.1,[http/1.1]}{0.0.0.0:0}
2019-09-27 09:16:41,084 [main] INFO  server.AbstractConnector (AbstractConnector.java:doStop(318)) - Stopped ServerConnector@3078cac{HTTP/1.1,[http/1.1]}{0.0.0.0:0}
2019-09-27 09:16:41,084 [ForkJoinPool.commonPool-worker-0] INFO  handler.ContextHandler (ContextHandler.java:doStop(910)) - Stopped o.e.j.s.ServletContextHandler@5679e96b{/static,jar:file:/home/user/.m2/repository/org/apache/hadoop/hadoop-hdds-container-service/0.5.0-SNAPSHOT/hadoop-hdds-container-service-0.5.0-SNAPSHOT.jar!/webapps/static,UNAVAILABLE}
2019-09-27 09:16:41,085 [main] INFO  handler.ContextHandler (ContextHandler.java:doStop(910)) - Stopped o.e.j.s.ServletContextHandler@ae202c6{/static,jar:file:/home/user/.m2/repository/org/apache/hadoop/hadoop-hdds-container-service/0.5.0-SNAPSHOT/hadoop-hdds-container-service-0.5.0-SNAPSHOT.jar!/webapps/static,UNAVAILABLE}
2019-09-27 09:16:41,085 [ForkJoinPool.commonPool-worker-0] INFO  handler.ContextHandler (ContextHandler.java:doStop(910)) - Stopped o.e.j.s.ServletContextHandler@59dc36d4{/logs,file:///workdir/hadoop-ozone/integration-test/target/log,UNAVAILABLE}
2019-09-27 09:16:41,086 [main] INFO  handler.ContextHandler (ContextHandler.java:doStop(910)) - Stopped o.e.j.s.ServletContextHandler@1a96d94c{/logs,file:///workdir/hadoop-ozone/integration-test/target/log,UNAVAILABLE}
2019-09-27 09:16:41,088 [main] INFO  ozone.MiniOzoneClusterImpl (MiniOzoneClusterImpl.java:stopSCM(392)) - Stopping the StorageContainerManager
2019-09-27 09:16:41,088 [main] INFO  server.StorageContainerManager (StorageContainerManager.java:stop(808)) - Stopping Replication Manager Service.
2019-09-27 09:16:41,088 [main] INFO  container.ReplicationManager (ReplicationManager.java:stop(203)) - Stopping Replication Monitor Thread.
2019-09-27 09:16:41,088 [main] INFO  server.StorageContainerManager (StorageContainerManager.java:stop(815)) - Stopping Lease Manager of the command watchers
2019-09-27 09:16:41,088 [main] INFO  server.StorageContainerManager (StorageContainerManager.java:stop(822)) - Stopping datanode service RPC server
2019-09-27 09:16:41,089 [main] INFO  server.SCMDatanodeProtocolServer (SCMDatanodeProtocolServer.java:stop(367)) - Stopping the RPC server for DataNodes
2019-09-27 09:16:41,089 [main] INFO  ipc.Server (Server.java:stop(3082)) - Stopping server on 38113
2019-09-27 09:16:41,091 [IPC Server listener on 38113] INFO  ipc.Server (Server.java:run(1185)) - Stopping IPC Server listener on 38113
2019-09-27 09:16:41,091 [IPC Server Responder] INFO  ipc.Server (Server.java:run(1319)) - Stopping IPC Server Responder
2019-09-27 09:16:41,111 [SCM Heartbeat Processing Thread - 0] WARN  node.NodeStateManager (NodeStateManager.java:scheduleNextHealthCheck(646)) - Current Thread is interrupted, shutting down HB processing thread for Node Manager.
2019-09-27 09:16:41,112 [main] INFO  server.StorageContainerManager (StorageContainerManager.java:stop(830)) - Stopping block service RPC server
2019-09-27 09:16:41,112 [main] INFO  server.SCMBlockProtocolServer (SCMBlockProtocolServer.java:stop(155)) - Stopping the RPC server for Block Protocol
2019-09-27 09:16:41,112 [main] INFO  ipc.Server (Server.java:stop(3082)) - Stopping server on 35894
2019-09-27 09:16:41,114 [IPC Server listener on 35894] INFO  ipc.Server (Server.java:run(1185)) - Stopping IPC Server listener on 35894
2019-09-27 09:16:41,114 [main] INFO  server.StorageContainerManager (StorageContainerManager.java:stop(837)) - Stopping the StorageContainerLocationProtocol RPC server
2019-09-27 09:16:41,114 [IPC Server Responder] INFO  ipc.Server (Server.java:run(1319)) - Stopping IPC Server Responder
2019-09-27 09:16:41,114 [main] INFO  server.SCMClientProtocolServer (SCMClientProtocolServer.java:stop(159)) - Stopping the RPC server for Client Protocol
2019-09-27 09:16:41,114 [main] INFO  ipc.Server (Server.java:stop(3082)) - Stopping server on 45965
2019-09-27 09:16:41,116 [IPC Server listener on 45965] INFO  ipc.Server (Server.java:run(1185)) - Stopping IPC Server listener on 45965
2019-09-27 09:16:41,116 [IPC Server Responder] INFO  ipc.Server (Server.java:run(1319)) - Stopping IPC Server Responder
2019-09-27 09:16:41,116 [main] INFO  server.StorageContainerManager (StorageContainerManager.java:stop(844)) - Stopping Storage Container Manager HTTP server.
2019-09-27 09:16:41,117 [main] INFO  handler.ContextHandler (ContextHandler.java:doStop(910)) - Stopped o.e.j.w.WebAppContext@660e9100{/,null,UNAVAILABLE}{/scm}
2019-09-27 09:16:41,118 [main] INFO  server.AbstractConnector (AbstractConnector.java:doStop(318)) - Stopped ServerConnector@6086d044{HTTP/1.1,[http/1.1]}{0.0.0.0:0}
2019-09-27 09:16:41,118 [main] INFO  handler.ContextHandler (ContextHandler.java:doStop(910)) - Stopped o.e.j.s.ServletContextHandler@1d131e1b{/static,file:///workdir/hadoop-ozone/integration-test/target/test-classes/webapps/static,UNAVAILABLE}
2019-09-27 09:16:41,118 [main] INFO  handler.ContextHandler (ContextHandler.java:doStop(910)) - Stopped o.e.j.s.ServletContextHandler@2f17e30d{/logs,file:///workdir/hadoop-ozone/integration-test/target/log,UNAVAILABLE}
2019-09-27 09:16:41,120 [main] INFO  server.StorageContainerManager (StorageContainerManager.java:stop(855)) - Stopping Block Manager Service.
2019-09-27 09:16:41,120 [main] INFO  utils.BackgroundService (BackgroundService.java:shutdown(148)) - Shutting down service SCMBlockDeletingService
2019-09-27 09:16:41,120 [main] INFO  utils.BackgroundService (BackgroundService.java:shutdown(148)) - Shutting down service SCMBlockDeletingService
2019-09-27 09:16:41,121 [main] INFO  server.StorageContainerManager (StorageContainerManager.java:stop(877)) - Stopping SCM Event Queue.
2019-09-27 09:16:41,128 [main] INFO  impl.MetricsSystemImpl (MetricsSystemImpl.java:stop(210)) - Stopping ratis metrics system...
2019-09-27 09:16:41,139 [prometheus] INFO  impl.MetricsSinkAdapter (MetricsSinkAdapter.java:publishMetricsFromQueue(141)) - prometheus thread interrupted.
2019-09-27 09:16:41,139 [main] INFO  impl.MetricsSystemImpl (MetricsSystemImpl.java:stop(216)) - ratis metrics system stopped.
]]></system-out>
    <system-err><![CDATA[ERROR StatusLogger No Log4j 2 configuration file found. Using default configuration (logging only errors to the console), or user programmatically provided configurations. Set system property 'log4j2.debug' to show Log4j 2 internal initialization logging. See https://logging.apache.org/log4j/2.x/manual/configuration.html for instructions on how to configure Log4j 2
Sep 27, 2019 9:16:20 AM org.apache.ratis.thirdparty.io.grpc.internal.SerializingExecutor run
SEVERE: Exception while executing runnable org.apache.ratis.thirdparty.io.grpc.internal.ServerImpl$JumpToApplicationThreadServerStreamListener$1Closed@3bc6778e
org.apache.ratis.thirdparty.io.grpc.StatusRuntimeException: CANCELLED: call already cancelled
	at org.apache.ratis.thirdparty.io.grpc.Status.asRuntimeException(Status.java:517)
	at org.apache.ratis.thirdparty.io.grpc.stub.ServerCalls$ServerCallStreamObserverImpl.onCompleted(ServerCalls.java:356)
	at org.apache.ratis.grpc.server.GrpcServerProtocolService$ServerRequestStreamObserver.onError(GrpcServerProtocolService.java:121)
	at org.apache.ratis.thirdparty.io.grpc.stub.ServerCalls$StreamingServerCallHandler$StreamingServerCallListener.onCancel(ServerCalls.java:269)
	at org.apache.ratis.thirdparty.io.grpc.internal.ServerCallImpl$ServerStreamListenerImpl.closed(ServerCallImpl.java:293)
	at org.apache.ratis.thirdparty.io.grpc.internal.ServerImpl$JumpToApplicationThreadServerStreamListener$1Closed.runInContext(ServerImpl.java:741)
	at org.apache.ratis.thirdparty.io.grpc.internal.ContextRunnable.run(ContextRunnable.java:37)
	at org.apache.ratis.thirdparty.io.grpc.internal.SerializingExecutor.run(SerializingExecutor.java:123)
	at java.util.concurrent.ThreadPoolExecutor.runWorker(ThreadPoolExecutor.java:1149)
	at java.util.concurrent.ThreadPoolExecutor$Worker.run(ThreadPoolExecutor.java:624)
	at java.lang.Thread.run(Thread.java:748)

Sep 27, 2019 9:16:20 AM org.apache.ratis.thirdparty.io.grpc.internal.SerializingExecutor run
SEVERE: Exception while executing runnable org.apache.ratis.thirdparty.io.grpc.internal.ServerImpl$JumpToApplicationThreadServerStreamListener$1Closed@36c9c092
org.apache.ratis.thirdparty.io.grpc.StatusRuntimeException: CANCELLED: call already cancelled
	at org.apache.ratis.thirdparty.io.grpc.Status.asRuntimeException(Status.java:517)
	at org.apache.ratis.thirdparty.io.grpc.stub.ServerCalls$ServerCallStreamObserverImpl.onCompleted(ServerCalls.java:356)
	at org.apache.ratis.grpc.server.GrpcServerProtocolService$ServerRequestStreamObserver.onError(GrpcServerProtocolService.java:121)
	at org.apache.ratis.thirdparty.io.grpc.stub.ServerCalls$StreamingServerCallHandler$StreamingServerCallListener.onCancel(ServerCalls.java:269)
	at org.apache.ratis.thirdparty.io.grpc.internal.ServerCallImpl$ServerStreamListenerImpl.closed(ServerCallImpl.java:293)
	at org.apache.ratis.thirdparty.io.grpc.internal.ServerImpl$JumpToApplicationThreadServerStreamListener$1Closed.runInContext(ServerImpl.java:741)
	at org.apache.ratis.thirdparty.io.grpc.internal.ContextRunnable.run(ContextRunnable.java:37)
	at org.apache.ratis.thirdparty.io.grpc.internal.SerializingExecutor.run(SerializingExecutor.java:123)
	at java.util.concurrent.ThreadPoolExecutor.runWorker(ThreadPoolExecutor.java:1149)
	at java.util.concurrent.ThreadPoolExecutor$Worker.run(ThreadPoolExecutor.java:624)
	at java.lang.Thread.run(Thread.java:748)

Sep 27, 2019 9:16:30 AM org.apache.ratis.thirdparty.io.grpc.internal.SerializingExecutor run
SEVERE: Exception while executing runnable org.apache.ratis.thirdparty.io.grpc.internal.ServerImpl$JumpToApplicationThreadServerStreamListener$1Closed@4b9c8948
org.apache.ratis.thirdparty.io.grpc.StatusRuntimeException: CANCELLED: call already cancelled
	at org.apache.ratis.thirdparty.io.grpc.Status.asRuntimeException(Status.java:517)
	at org.apache.ratis.thirdparty.io.grpc.stub.ServerCalls$ServerCallStreamObserverImpl.onCompleted(ServerCalls.java:356)
	at org.apache.ratis.grpc.server.GrpcServerProtocolService$ServerRequestStreamObserver.onError(GrpcServerProtocolService.java:121)
	at org.apache.ratis.thirdparty.io.grpc.stub.ServerCalls$StreamingServerCallHandler$StreamingServerCallListener.onCancel(ServerCalls.java:269)
	at org.apache.ratis.thirdparty.io.grpc.internal.ServerCallImpl$ServerStreamListenerImpl.closed(ServerCallImpl.java:293)
	at org.apache.ratis.thirdparty.io.grpc.internal.ServerImpl$JumpToApplicationThreadServerStreamListener$1Closed.runInContext(ServerImpl.java:741)
	at org.apache.ratis.thirdparty.io.grpc.internal.ContextRunnable.run(ContextRunnable.java:37)
	at org.apache.ratis.thirdparty.io.grpc.internal.SerializingExecutor.run(SerializingExecutor.java:123)
	at java.util.concurrent.ThreadPoolExecutor.runWorker(ThreadPoolExecutor.java:1149)
	at java.util.concurrent.ThreadPoolExecutor$Worker.run(ThreadPoolExecutor.java:624)
	at java.lang.Thread.run(Thread.java:748)

Sep 27, 2019 9:16:30 AM org.apache.ratis.thirdparty.io.grpc.internal.SerializingExecutor run
SEVERE: Exception while executing runnable org.apache.ratis.thirdparty.io.grpc.internal.ServerImpl$JumpToApplicationThreadServerStreamListener$1Closed@74a47bdf
org.apache.ratis.thirdparty.io.grpc.StatusRuntimeException: CANCELLED: call already cancelled
	at org.apache.ratis.thirdparty.io.grpc.Status.asRuntimeException(Status.java:517)
	at org.apache.ratis.thirdparty.io.grpc.stub.ServerCalls$ServerCallStreamObserverImpl.onCompleted(ServerCalls.java:356)
	at org.apache.ratis.grpc.server.GrpcServerProtocolService$ServerRequestStreamObserver.onError(GrpcServerProtocolService.java:121)
	at org.apache.ratis.thirdparty.io.grpc.stub.ServerCalls$StreamingServerCallHandler$StreamingServerCallListener.onCancel(ServerCalls.java:269)
	at org.apache.ratis.thirdparty.io.grpc.internal.ServerCallImpl$ServerStreamListenerImpl.closed(ServerCallImpl.java:293)
	at org.apache.ratis.thirdparty.io.grpc.internal.ServerImpl$JumpToApplicationThreadServerStreamListener$1Closed.runInContext(ServerImpl.java:741)
	at org.apache.ratis.thirdparty.io.grpc.internal.ContextRunnable.run(ContextRunnable.java:37)
	at org.apache.ratis.thirdparty.io.grpc.internal.SerializingExecutor.run(SerializingExecutor.java:123)
	at java.util.concurrent.ThreadPoolExecutor.runWorker(ThreadPoolExecutor.java:1149)
	at java.util.concurrent.ThreadPoolExecutor$Worker.run(ThreadPoolExecutor.java:624)
	at java.lang.Thread.run(Thread.java:748)

Sep 27, 2019 9:16:35 AM org.apache.ratis.thirdparty.io.grpc.internal.SerializingExecutor run
SEVERE: Exception while executing runnable org.apache.ratis.thirdparty.io.grpc.internal.ServerImpl$JumpToApplicationThreadServerStreamListener$1Closed@5cf6cdee
org.apache.ratis.thirdparty.io.grpc.StatusRuntimeException: CANCELLED: call already cancelled
	at org.apache.ratis.thirdparty.io.grpc.Status.asRuntimeException(Status.java:517)
	at org.apache.ratis.thirdparty.io.grpc.stub.ServerCalls$ServerCallStreamObserverImpl.onCompleted(ServerCalls.java:356)
	at org.apache.ratis.grpc.server.GrpcServerProtocolService$ServerRequestStreamObserver.onError(GrpcServerProtocolService.java:121)
	at org.apache.ratis.thirdparty.io.grpc.stub.ServerCalls$StreamingServerCallHandler$StreamingServerCallListener.onCancel(ServerCalls.java:269)
	at org.apache.ratis.thirdparty.io.grpc.internal.ServerCallImpl$ServerStreamListenerImpl.closed(ServerCallImpl.java:293)
	at org.apache.ratis.thirdparty.io.grpc.internal.ServerImpl$JumpToApplicationThreadServerStreamListener$1Closed.runInContext(ServerImpl.java:741)
	at org.apache.ratis.thirdparty.io.grpc.internal.ContextRunnable.run(ContextRunnable.java:37)
	at org.apache.ratis.thirdparty.io.grpc.internal.SerializingExecutor.run(SerializingExecutor.java:123)
	at java.util.concurrent.ThreadPoolExecutor.runWorker(ThreadPoolExecutor.java:1149)
	at java.util.concurrent.ThreadPoolExecutor$Worker.run(ThreadPoolExecutor.java:624)
	at java.lang.Thread.run(Thread.java:748)

]]></system-err>
  </testcase>
  <testcase name="testContainerExclusionWithClosedContainerException" classname="org.apache.hadoop.ozone.client.rpc.TestFailureHandlingByClient" time="141.439">
    <error message="Connection refused" type="java.net.ConnectException"><![CDATA[java.net.ConnectException: Connection refused
	at sun.nio.ch.SocketChannelImpl.checkConnect(Native Method)
	at sun.nio.ch.SocketChannelImpl.finishConnect(SocketChannelImpl.java:717)
	at org.apache.hadoop.net.SocketIOWithTimeout.connect(SocketIOWithTimeout.java:206)
	at org.apache.hadoop.net.NetUtils.connect(NetUtils.java:531)
	at org.apache.hadoop.ipc.Client$Connection.setupConnection(Client.java:690)
	at org.apache.hadoop.ipc.Client$Connection.setupIOstreams(Client.java:794)
	at org.apache.hadoop.ipc.Client$Connection.access$3700(Client.java:411)
	at org.apache.hadoop.ipc.Client.getConnection(Client.java:1572)
	at org.apache.hadoop.ipc.Client.call(Client.java:1403)
	at org.apache.hadoop.ipc.Client.call(Client.java:1367)
	at org.apache.hadoop.ipc.ProtobufRpcEngine$Invoker.invoke(ProtobufRpcEngine.java:228)
	at org.apache.hadoop.ipc.ProtobufRpcEngine$Invoker.invoke(ProtobufRpcEngine.java:116)
	at com.sun.proxy.$Proxy35.submitRequest(Unknown Source)
	at sun.reflect.GeneratedMethodAccessor36.invoke(Unknown Source)
	at sun.reflect.DelegatingMethodAccessorImpl.invoke(DelegatingMethodAccessorImpl.java:43)
	at java.lang.reflect.Method.invoke(Method.java:498)
	at org.apache.hadoop.io.retry.RetryInvocationHandler.invokeMethod(RetryInvocationHandler.java:422)
	at org.apache.hadoop.io.retry.RetryInvocationHandler$Call.invokeMethod(RetryInvocationHandler.java:165)
	at org.apache.hadoop.io.retry.RetryInvocationHandler$Call.invoke(RetryInvocationHandler.java:157)
	at org.apache.hadoop.io.retry.RetryInvocationHandler$Call.invokeOnce(RetryInvocationHandler.java:95)
	at org.apache.hadoop.io.retry.RetryInvocationHandler.invoke(RetryInvocationHandler.java:359)
	at com.sun.proxy.$Proxy35.submitRequest(Unknown Source)
	at org.apache.hadoop.ozone.om.protocolPB.OzoneManagerProtocolClientSideTranslatorPB.submitRequest(OzoneManagerProtocolClientSideTranslatorPB.java:338)
	at org.apache.hadoop.ozone.om.protocolPB.OzoneManagerProtocolClientSideTranslatorPB.getServiceInfo(OzoneManagerProtocolClientSideTranslatorPB.java:1223)
	at sun.reflect.NativeMethodAccessorImpl.invoke0(Native Method)
	at sun.reflect.NativeMethodAccessorImpl.invoke(NativeMethodAccessorImpl.java:62)
	at sun.reflect.DelegatingMethodAccessorImpl.invoke(DelegatingMethodAccessorImpl.java:43)
	at java.lang.reflect.Method.invoke(Method.java:498)
	at org.apache.hadoop.hdds.tracing.TraceAllMethod.invoke(TraceAllMethod.java:66)
	at com.sun.proxy.$Proxy36.getServiceInfo(Unknown Source)
	at org.apache.hadoop.ozone.client.rpc.RpcClient.<init>(RpcClient.java:154)
	at org.apache.hadoop.ozone.client.OzoneClientFactory.getClientProtocol(OzoneClientFactory.java:256)
	at org.apache.hadoop.ozone.client.OzoneClientFactory.getClientProtocol(OzoneClientFactory.java:239)
	at org.apache.hadoop.ozone.client.OzoneClientFactory.getClient(OzoneClientFactory.java:75)
	at org.apache.hadoop.ozone.client.rpc.TestFailureHandlingByClient.init(TestFailureHandlingByClient.java:111)
	at org.apache.hadoop.ozone.client.rpc.TestFailureHandlingByClient.startCluster(TestFailureHandlingByClient.java:121)
	at org.apache.hadoop.ozone.client.rpc.TestFailureHandlingByClient.testContainerExclusionWithClosedContainerException(TestFailureHandlingByClient.java:224)
	at sun.reflect.NativeMethodAccessorImpl.invoke0(Native Method)
	at sun.reflect.NativeMethodAccessorImpl.invoke(NativeMethodAccessorImpl.java:62)
	at sun.reflect.DelegatingMethodAccessorImpl.invoke(DelegatingMethodAccessorImpl.java:43)
	at java.lang.reflect.Method.invoke(Method.java:498)
	at org.junit.runners.model.FrameworkMethod$1.runReflectiveCall(FrameworkMethod.java:47)
	at org.junit.internal.runners.model.ReflectiveCallable.run(ReflectiveCallable.java:12)
	at org.junit.runners.model.FrameworkMethod.invokeExplosively(FrameworkMethod.java:44)
	at org.junit.internal.runners.statements.InvokeMethod.evaluate(InvokeMethod.java:17)
	at org.junit.internal.runners.statements.RunAfters.evaluate(RunAfters.java:27)
	at org.junit.runners.ParentRunner.runLeaf(ParentRunner.java:271)
	at org.junit.runners.BlockJUnit4ClassRunner.runChild(BlockJUnit4ClassRunner.java:70)
	at org.junit.runners.BlockJUnit4ClassRunner.runChild(BlockJUnit4ClassRunner.java:50)
	at org.junit.runners.ParentRunner$3.run(ParentRunner.java:238)
	at org.junit.runners.ParentRunner$1.schedule(ParentRunner.java:63)
	at org.junit.runners.ParentRunner.runChildren(ParentRunner.java:236)
	at org.junit.runners.ParentRunner.access$000(ParentRunner.java:53)
	at org.junit.runners.ParentRunner$2.evaluate(ParentRunner.java:229)
	at org.junit.runners.ParentRunner.run(ParentRunner.java:309)
	at org.apache.maven.surefire.junit4.JUnit4Provider.execute(JUnit4Provider.java:365)
	at org.apache.maven.surefire.junit4.JUnit4Provider.executeWithRerun(JUnit4Provider.java:273)
	at org.apache.maven.surefire.junit4.JUnit4Provider.executeTestSet(JUnit4Provider.java:238)
	at org.apache.maven.surefire.junit4.JUnit4Provider.invoke(JUnit4Provider.java:159)
	at org.apache.maven.surefire.booter.ForkedBooter.invokeProviderInSameClassLoader(ForkedBooter.java:384)
	at org.apache.maven.surefire.booter.ForkedBooter.runSuitesInProcess(ForkedBooter.java:345)
	at org.apache.maven.surefire.booter.ForkedBooter.execute(ForkedBooter.java:126)
	at org.apache.maven.surefire.booter.ForkedBooter.main(ForkedBooter.java:418)
]]></error>
    <system-out><![CDATA[2019-09-27 09:16:41,207 [main] WARN  server.ServerUtils (ServerUtils.java:getScmDbDir(145)) - ozone.scm.db.dirs is not configured. We recommend adding this setting. Falling back to ozone.metadata.dirs instead.
2019-09-27 09:16:41,233 [main] WARN  server.ServerUtils (ServerUtils.java:getScmDbDir(145)) - ozone.scm.db.dirs is not configured. We recommend adding this setting. Falling back to ozone.metadata.dirs instead.
2019-09-27 09:16:41,233 [main] WARN  server.ServerUtils (ServerUtils.java:getScmDbDir(145)) - ozone.scm.db.dirs is not configured. We recommend adding this setting. Falling back to ozone.metadata.dirs instead.
2019-09-27 09:16:41,234 [main] INFO  db.DBStoreBuilder (DBStoreBuilder.java:addTable(110)) - using custom profile for table: deletedBlocks
2019-09-27 09:16:41,234 [main] INFO  db.DBStoreBuilder (DBStoreBuilder.java:processTables(161)) - Using default column profile:DBProfile.DISK for Table:deletedBlocks
2019-09-27 09:16:41,234 [main] INFO  db.DBStoreBuilder (DBStoreBuilder.java:addTable(110)) - using custom profile for table: validCerts
2019-09-27 09:16:41,235 [main] INFO  db.DBStoreBuilder (DBStoreBuilder.java:processTables(161)) - Using default column profile:DBProfile.DISK for Table:validCerts
2019-09-27 09:16:41,235 [main] INFO  db.DBStoreBuilder (DBStoreBuilder.java:addTable(110)) - using custom profile for table: revokedCerts
2019-09-27 09:16:41,235 [main] INFO  db.DBStoreBuilder (DBStoreBuilder.java:processTables(161)) - Using default column profile:DBProfile.DISK for Table:revokedCerts
2019-09-27 09:16:41,235 [main] INFO  db.DBStoreBuilder (DBStoreBuilder.java:addTable(110)) - using custom profile for table: default
2019-09-27 09:16:41,236 [main] INFO  db.DBStoreBuilder (DBStoreBuilder.java:processTables(167)) - Using default column profile:DBProfile.DISK for Table:default
2019-09-27 09:16:41,236 [main] INFO  db.DBStoreBuilder (DBStoreBuilder.java:getDbProfile(198)) - Using default options. DBProfile.DISK
2019-09-27 09:16:41,391 [main] INFO  net.NodeSchemaLoader (NodeSchemaLoader.java:loadSchemaFromFile(125)) - Loading file from sun.misc.CompoundEnumeration@70c69586
2019-09-27 09:16:41,392 [main] INFO  net.NodeSchemaLoader (NodeSchemaLoader.java:loadSchema(171)) - Loading network topology layer schema file
2019-09-27 09:16:41,398 [main] INFO  node.SCMNodeManager (SCMNodeManager.java:<init>(114)) - Entering startup safe mode.
2019-09-27 09:16:41,400 [main] INFO  algorithms.ContainerPlacementPolicyFactory (ContainerPlacementPolicyFactory.java:getPolicy(57)) - Create container placement policy of type org.apache.hadoop.hdds.scm.container.placement.algorithms.SCMContainerPlacementRandom
2019-09-27 09:16:41,400 [main] WARN  server.ServerUtils (ServerUtils.java:getScmDbDir(145)) - ozone.scm.db.dirs is not configured. We recommend adding this setting. Falling back to ozone.metadata.dirs instead.
2019-09-27 09:16:41,451 [main] INFO  pipeline.SCMPipelineManager (SCMPipelineManager.java:initializePipelineState(132)) - No pipeline exists in current db
2019-09-27 09:16:41,452 [main] WARN  server.ServerUtils (ServerUtils.java:getScmDbDir(145)) - ozone.scm.db.dirs is not configured. We recommend adding this setting. Falling back to ozone.metadata.dirs instead.
2019-09-27 09:16:41,495 [main] WARN  events.EventQueue (EventQueue.java:fireEvent(183)) - No event handler registered for event TypedEvent{payloadType=SafeModeStatus, name='SafeModeStatus'}
2019-09-27 09:16:41,496 [main] INFO  ipc.CallQueueManager (CallQueueManager.java:<init>(84)) - Using callQueue: class java.util.concurrent.LinkedBlockingQueue, queueCapacity: 2000, scheduler: class org.apache.hadoop.ipc.DefaultRpcScheduler, ipcBackoff: false.
2019-09-27 09:16:41,497 [Socket Reader #1 for port 39927] INFO  ipc.Server (Server.java:run(1074)) - Starting Socket Reader #1 for port 39927
2019-09-27 09:16:41,498 [main] INFO  ipc.CallQueueManager (CallQueueManager.java:<init>(84)) - Using callQueue: class java.util.concurrent.LinkedBlockingQueue, queueCapacity: 2000, scheduler: class org.apache.hadoop.ipc.DefaultRpcScheduler, ipcBackoff: false.
2019-09-27 09:16:41,499 [Socket Reader #1 for port 41361] INFO  ipc.Server (Server.java:run(1074)) - Starting Socket Reader #1 for port 41361
2019-09-27 09:16:41,501 [main] INFO  ipc.CallQueueManager (CallQueueManager.java:<init>(84)) - Using callQueue: class java.util.concurrent.LinkedBlockingQueue, queueCapacity: 2000, scheduler: class org.apache.hadoop.ipc.DefaultRpcScheduler, ipcBackoff: false.
2019-09-27 09:16:41,501 [Socket Reader #1 for port 34675] INFO  ipc.Server (Server.java:run(1074)) - Starting Socket Reader #1 for port 34675
2019-09-27 09:16:41,504 [main] INFO  hdfs.DFSUtil (DFSUtil.java:httpServerTemplateForNNAndJN(1641)) - Starting Web-server for scm at: http://0.0.0.0:0
2019-09-27 09:16:41,506 [main] INFO  server.AuthenticationFilter (AuthenticationFilter.java:constructSecretProvider(240)) - Unable to initialize FileSignerSecretProvider, falling back to use random secrets.
2019-09-27 09:16:41,506 [main] WARN  http.HttpRequestLog (HttpRequestLog.java:getRequestLog(97)) - Jetty request log can only be enabled using Log4j
2019-09-27 09:16:41,508 [main] INFO  http.HttpServer2 (HttpServer2.java:addGlobalFilter(975)) - Added global filter 'safety' (class=org.apache.hadoop.http.HttpServer2$QuotingInputFilter)
2019-09-27 09:16:41,509 [main] INFO  http.HttpServer2 (HttpServer2.java:addFilter(948)) - Added filter static_user_filter (class=org.apache.hadoop.http.lib.StaticUserWebFilter$StaticUserFilter) to context scm
2019-09-27 09:16:41,509 [main] INFO  http.HttpServer2 (HttpServer2.java:addFilter(958)) - Added filter static_user_filter (class=org.apache.hadoop.http.lib.StaticUserWebFilter$StaticUserFilter) to context static
2019-09-27 09:16:41,510 [main] INFO  http.HttpServer2 (HttpServer2.java:addFilter(958)) - Added filter static_user_filter (class=org.apache.hadoop.http.lib.StaticUserWebFilter$StaticUserFilter) to context logs
2019-09-27 09:16:41,512 [main] INFO  server.StorageContainerManager (StorageContainerManager.java:start(770)) - StorageContainerLocationProtocol RPC server is listening at /0.0.0.0:34675
2019-09-27 09:16:41,514 [main] WARN  impl.MetricsConfig (MetricsConfig.java:loadFirst(134)) - Cannot locate configuration: tried hadoop-metrics2-storagecontainermanager.properties,hadoop-metrics2.properties
2019-09-27 09:16:41,515 [main] INFO  impl.MetricsSystemImpl (MetricsSystemImpl.java:startTimer(374)) - Scheduled Metric snapshot period at 10 second(s).
2019-09-27 09:16:41,515 [main] INFO  impl.MetricsSystemImpl (MetricsSystemImpl.java:start(191)) - StorageContainerManager metrics system started
2019-09-27 09:16:41,574 [main] WARN  impl.MetricsSystemImpl (MetricsSystemImpl.java:register(276)) - Sink prometheus already exists!
2019-09-27 09:16:41,581 [main] INFO  server.SCMClientProtocolServer (SCMClientProtocolServer.java:start(151)) - RPC server for Client  is listening at /0.0.0.0:34675
2019-09-27 09:16:41,581 [IPC Server Responder] INFO  ipc.Server (Server.java:run(1314)) - IPC Server Responder: starting
2019-09-27 09:16:41,582 [IPC Server listener on 34675] INFO  ipc.Server (Server.java:run(1153)) - IPC Server listener on 34675: starting
2019-09-27 09:16:41,586 [main] INFO  server.StorageContainerManager (StorageContainerManager.java:start(780)) - ScmBlockLocationProtocol RPC server is listening at /0.0.0.0:41361
2019-09-27 09:16:41,587 [main] INFO  server.SCMBlockProtocolServer (SCMBlockProtocolServer.java:start(146)) - RPC server for Block Protocol is listening at /0.0.0.0:41361
2019-09-27 09:16:41,587 [IPC Server Responder] INFO  ipc.Server (Server.java:run(1314)) - IPC Server Responder: starting
2019-09-27 09:16:41,587 [IPC Server listener on 41361] INFO  ipc.Server (Server.java:run(1153)) - IPC Server listener on 41361: starting
2019-09-27 09:16:41,592 [main] INFO  server.StorageContainerManager (StorageContainerManager.java:start(784)) - ScmDatanodeProtocl RPC server is listening at /0.0.0.0:39927
2019-09-27 09:16:41,592 [main] INFO  server.SCMDatanodeProtocolServer (SCMDatanodeProtocolServer.java:start(191)) - RPC server for DataNodes is listening at /0.0.0.0:39927
2019-09-27 09:16:41,593 [IPC Server Responder] INFO  ipc.Server (Server.java:run(1314)) - IPC Server Responder: starting
2019-09-27 09:16:41,593 [IPC Server listener on 39927] INFO  ipc.Server (Server.java:run(1153)) - IPC Server listener on 39927: starting
2019-09-27 09:16:41,598 [main] INFO  http.HttpServer2 (HttpServer2.java:bindListener(1191)) - Jetty bound to port 38168
2019-09-27 09:16:41,598 [main] INFO  server.Server (Server.java:doStart(351)) - jetty-9.3.25.v20180904, build timestamp: 2018-09-04T21:11:46Z, git hash: 3ce520221d0240229c862b122d2b06c12a625732
2019-09-27 09:16:41,600 [main] INFO  handler.ContextHandler (ContextHandler.java:doStart(781)) - Started o.e.j.s.ServletContextHandler@3b7eac14{/logs,file:///workdir/hadoop-ozone/integration-test/target/log,AVAILABLE}
2019-09-27 09:16:41,601 [main] INFO  handler.ContextHandler (ContextHandler.java:doStart(781)) - Started o.e.j.s.ServletContextHandler@777d191f{/static,file:///workdir/hadoop-ozone/integration-test/target/test-classes/webapps/static,AVAILABLE}
2019-09-27 09:16:41,607 [main] INFO  handler.ContextHandler (ContextHandler.java:doStart(781)) - Started o.e.j.w.WebAppContext@1a47a1e8{/,file:///workdir/hadoop-ozone/integration-test/target/test-classes/webapps/scm/,AVAILABLE}{/scm}
2019-09-27 09:16:41,608 [main] INFO  server.AbstractConnector (AbstractConnector.java:doStart(278)) - Started ServerConnector@6d2a2560{HTTP/1.1,[http/1.1]}{0.0.0.0:38168}
2019-09-27 09:16:41,609 [main] INFO  server.Server (Server.java:doStart(419)) - Started @147890ms
2019-09-27 09:16:41,609 [main] WARN  impl.MetricsSystemImpl (MetricsSystemImpl.java:register(276)) - Sink prometheus already exists!
2019-09-27 09:16:41,610 [main] INFO  server.BaseHttpServer (BaseHttpServer.java:updateConnectorAddress(215)) - HTTP server of SCM is listening at http://0.0.0.0:38168
2019-09-27 09:16:41,611 [main] WARN  server.ServerUtils (ServerUtils.java:getDBPath(222)) - ozone.om.db.dirs is not configured. We recommend adding this setting. Falling back to ozone.metadata.dirs instead.
2019-09-27 09:16:41,612 [org.apache.hadoop.util.JvmPauseMonitor$Monitor@3811510] INFO  util.JvmPauseMonitor (JvmPauseMonitor.java:run(188)) - Starting JVM pause monitor
2019-09-27 09:16:41,626 [main] INFO  ha.OMHANodeDetails (OMHANodeDetails.java:loadOMHAConfig(194)) - Configuration either no ozone.om.address set. Falling back to the default OM address /127.0.0.1:0
2019-09-27 09:16:41,627 [main] INFO  ha.OMHANodeDetails (OMHANodeDetails.java:getOMNodeDetails(224)) - OM Service ID is not set. Setting it to the default ID: omServiceIdDefault
2019-09-27 09:16:41,627 [main] WARN  server.ServerUtils (ServerUtils.java:getDBPath(222)) - ozone.om.db.dirs is not configured. We recommend adding this setting. Falling back to ozone.metadata.dirs instead.
2019-09-27 09:16:41,627 [main] WARN  server.ServerUtils (ServerUtils.java:getDBPath(222)) - ozone.om.db.dirs is not configured. We recommend adding this setting. Falling back to ozone.metadata.dirs instead.
2019-09-27 09:16:41,640 [main] WARN  server.ServerUtils (ServerUtils.java:getDBPath(222)) - ozone.om.db.dirs is not configured. We recommend adding this setting. Falling back to ozone.metadata.dirs instead.
2019-09-27 09:16:41,641 [main] INFO  db.DBStoreBuilder (DBStoreBuilder.java:addTable(110)) - using custom profile for table: userTable
2019-09-27 09:16:41,641 [main] INFO  db.DBStoreBuilder (DBStoreBuilder.java:processTables(161)) - Using default column profile:DBProfile.DISK for Table:userTable
2019-09-27 09:16:41,641 [main] INFO  db.DBStoreBuilder (DBStoreBuilder.java:addTable(110)) - using custom profile for table: volumeTable
2019-09-27 09:16:41,642 [main] INFO  db.DBStoreBuilder (DBStoreBuilder.java:processTables(161)) - Using default column profile:DBProfile.DISK for Table:volumeTable
2019-09-27 09:16:41,642 [main] INFO  db.DBStoreBuilder (DBStoreBuilder.java:addTable(110)) - using custom profile for table: bucketTable
2019-09-27 09:16:41,642 [main] INFO  db.DBStoreBuilder (DBStoreBuilder.java:processTables(161)) - Using default column profile:DBProfile.DISK for Table:bucketTable
2019-09-27 09:16:41,642 [main] INFO  db.DBStoreBuilder (DBStoreBuilder.java:addTable(110)) - using custom profile for table: keyTable
2019-09-27 09:16:41,643 [main] INFO  db.DBStoreBuilder (DBStoreBuilder.java:processTables(161)) - Using default column profile:DBProfile.DISK for Table:keyTable
2019-09-27 09:16:41,643 [main] INFO  db.DBStoreBuilder (DBStoreBuilder.java:addTable(110)) - using custom profile for table: deletedTable
2019-09-27 09:16:41,643 [main] INFO  db.DBStoreBuilder (DBStoreBuilder.java:processTables(161)) - Using default column profile:DBProfile.DISK for Table:deletedTable
2019-09-27 09:16:41,644 [main] INFO  db.DBStoreBuilder (DBStoreBuilder.java:addTable(110)) - using custom profile for table: openKeyTable
2019-09-27 09:16:41,644 [main] INFO  db.DBStoreBuilder (DBStoreBuilder.java:processTables(161)) - Using default column profile:DBProfile.DISK for Table:openKeyTable
2019-09-27 09:16:41,644 [main] INFO  db.DBStoreBuilder (DBStoreBuilder.java:addTable(110)) - using custom profile for table: s3Table
2019-09-27 09:16:41,644 [main] INFO  db.DBStoreBuilder (DBStoreBuilder.java:processTables(161)) - Using default column profile:DBProfile.DISK for Table:s3Table
2019-09-27 09:16:41,645 [main] INFO  db.DBStoreBuilder (DBStoreBuilder.java:addTable(110)) - using custom profile for table: multipartInfoTable
2019-09-27 09:16:41,645 [main] INFO  db.DBStoreBuilder (DBStoreBuilder.java:processTables(161)) - Using default column profile:DBProfile.DISK for Table:multipartInfoTable
2019-09-27 09:16:41,645 [main] INFO  db.DBStoreBuilder (DBStoreBuilder.java:addTable(110)) - using custom profile for table: dTokenTable
2019-09-27 09:16:41,646 [main] INFO  db.DBStoreBuilder (DBStoreBuilder.java:processTables(161)) - Using default column profile:DBProfile.DISK for Table:dTokenTable
2019-09-27 09:16:41,646 [main] INFO  db.DBStoreBuilder (DBStoreBuilder.java:addTable(110)) - using custom profile for table: s3SecretTable
2019-09-27 09:16:41,646 [main] INFO  db.DBStoreBuilder (DBStoreBuilder.java:processTables(161)) - Using default column profile:DBProfile.DISK for Table:s3SecretTable
2019-09-27 09:16:41,647 [main] INFO  db.DBStoreBuilder (DBStoreBuilder.java:addTable(110)) - using custom profile for table: prefixTable
2019-09-27 09:16:41,647 [main] INFO  db.DBStoreBuilder (DBStoreBuilder.java:processTables(161)) - Using default column profile:DBProfile.DISK for Table:prefixTable
2019-09-27 09:16:41,647 [main] INFO  db.DBStoreBuilder (DBStoreBuilder.java:addTable(110)) - using custom profile for table: default
2019-09-27 09:16:41,647 [main] INFO  db.DBStoreBuilder (DBStoreBuilder.java:processTables(167)) - Using default column profile:DBProfile.DISK for Table:default
2019-09-27 09:16:41,648 [main] INFO  db.DBStoreBuilder (DBStoreBuilder.java:getDbProfile(198)) - Using default options. DBProfile.DISK
2019-09-27 09:16:42,086 [main] INFO  ipc.CallQueueManager (CallQueueManager.java:<init>(84)) - Using callQueue: class java.util.concurrent.LinkedBlockingQueue, queueCapacity: 2000, scheduler: class org.apache.hadoop.ipc.DefaultRpcScheduler, ipcBackoff: false.
2019-09-27 09:16:42,087 [Socket Reader #1 for port 40221] INFO  ipc.Server (Server.java:run(1074)) - Starting Socket Reader #1 for port 40221
2019-09-27 09:16:42,103 [main] INFO  om.OzoneManager (OzoneManager.java:start(1069)) - OzoneManager RPC server is listening at localhost/127.0.0.1:40221
2019-09-27 09:16:42,103 [main] INFO  impl.MetricsSystemImpl (MetricsSystemImpl.java:init(158)) - OzoneManager metrics system started (again)
2019-09-27 09:16:42,104 [IPC Server Responder] INFO  ipc.Server (Server.java:run(1314)) - IPC Server Responder: starting
2019-09-27 09:16:42,104 [IPC Server listener on 40221] INFO  ipc.Server (Server.java:run(1153)) - IPC Server listener on 40221: starting
2019-09-27 09:16:42,109 [main] INFO  hdfs.DFSUtil (DFSUtil.java:httpServerTemplateForNNAndJN(1641)) - Starting Web-server for ozoneManager at: http://0.0.0.0:0
2019-09-27 09:16:42,111 [main] INFO  server.AuthenticationFilter (AuthenticationFilter.java:constructSecretProvider(240)) - Unable to initialize FileSignerSecretProvider, falling back to use random secrets.
2019-09-27 09:16:42,111 [main] WARN  http.HttpRequestLog (HttpRequestLog.java:getRequestLog(97)) - Jetty request log can only be enabled using Log4j
2019-09-27 09:16:42,113 [main] INFO  http.HttpServer2 (HttpServer2.java:addGlobalFilter(975)) - Added global filter 'safety' (class=org.apache.hadoop.http.HttpServer2$QuotingInputFilter)
2019-09-27 09:16:42,113 [main] INFO  http.HttpServer2 (HttpServer2.java:addFilter(948)) - Added filter static_user_filter (class=org.apache.hadoop.http.lib.StaticUserWebFilter$StaticUserFilter) to context ozoneManager
2019-09-27 09:16:42,114 [main] INFO  http.HttpServer2 (HttpServer2.java:addFilter(958)) - Added filter static_user_filter (class=org.apache.hadoop.http.lib.StaticUserWebFilter$StaticUserFilter) to context static
2019-09-27 09:16:42,114 [main] INFO  http.HttpServer2 (HttpServer2.java:addFilter(958)) - Added filter static_user_filter (class=org.apache.hadoop.http.lib.StaticUserWebFilter$StaticUserFilter) to context logs
2019-09-27 09:16:42,114 [main] INFO  http.HttpServer2 (HttpServer2.java:bindListener(1191)) - Jetty bound to port 39583
2019-09-27 09:16:42,115 [main] INFO  server.Server (Server.java:doStart(351)) - jetty-9.3.25.v20180904, build timestamp: 2018-09-04T21:11:46Z, git hash: 3ce520221d0240229c862b122d2b06c12a625732
2019-09-27 09:16:42,116 [main] INFO  handler.ContextHandler (ContextHandler.java:doStart(781)) - Started o.e.j.s.ServletContextHandler@6bcc3f27{/logs,file:///workdir/hadoop-ozone/integration-test/target/log,AVAILABLE}
2019-09-27 09:16:42,117 [main] INFO  handler.ContextHandler (ContextHandler.java:doStart(781)) - Started o.e.j.s.ServletContextHandler@36920bd6{/static,file:///workdir/hadoop-ozone/integration-test/target/test-classes/webapps/static,AVAILABLE}
2019-09-27 09:16:42,120 [main] INFO  handler.ContextHandler (ContextHandler.java:doStart(781)) - Started o.e.j.w.WebAppContext@76e9f00b{/,file:///workdir/hadoop-ozone/integration-test/target/test-classes/webapps/ozoneManager/,AVAILABLE}{/ozoneManager}
2019-09-27 09:16:42,121 [main] INFO  server.AbstractConnector (AbstractConnector.java:doStart(278)) - Started ServerConnector@314b9e4b{HTTP/1.1,[http/1.1]}{0.0.0.0:39583}
2019-09-27 09:16:42,122 [main] INFO  server.Server (Server.java:doStart(419)) - Started @148403ms
2019-09-27 09:16:42,122 [main] WARN  impl.MetricsSystemImpl (MetricsSystemImpl.java:register(276)) - Sink prometheus already exists!
2019-09-27 09:16:42,123 [main] INFO  server.BaseHttpServer (BaseHttpServer.java:updateConnectorAddress(215)) - HTTP server of OZONEMANAGER is listening at http://0.0.0.0:39583
2019-09-27 09:16:42,145 [main] INFO  impl.MetricsSystemImpl (MetricsSystemImpl.java:init(158)) - HddsDatanode metrics system started (again)
2019-09-27 09:16:42,147 [main] INFO  ozone.HddsDatanodeService (HddsDatanodeService.java:start(184)) - HddsDatanodeService host:pr-hdds2162-4fxhj-20988671 ip:192.168.151.103
2019-09-27 09:16:42,153 [main] INFO  volume.HddsVolume (HddsVolume.java:<init>(176)) - Creating Volume: /workdir/hadoop-ozone/integration-test/target/test-dir/MiniOzoneClusterImpl-283270ba-aa50-4746-a1ea-b4b278bb6973/datanode-0/data/containers/hdds of  storage type : DISK and capacity : 1482555576320
2019-09-27 09:16:42,154 [main] INFO  volume.VolumeSet (VolumeSet.java:initializeVolumeSet(170)) - Added Volume : /workdir/hadoop-ozone/integration-test/target/test-dir/MiniOzoneClusterImpl-283270ba-aa50-4746-a1ea-b4b278bb6973/datanode-0/data/containers/hdds to VolumeSet
2019-09-27 09:16:42,154 [main] INFO  volume.ThrottledAsyncChecker (ThrottledAsyncChecker.java:schedule(139)) - Scheduling a check for org.apache.hadoop.ozone.container.common.volume.HddsVolume@4ecd00b5
2019-09-27 09:16:42,154 [main] INFO  volume.HddsVolumeChecker (HddsVolumeChecker.java:checkAllVolumes(202)) - Scheduled health check for volume org.apache.hadoop.ozone.container.common.volume.HddsVolume@4ecd00b5
2019-09-27 09:16:42,169 [main] INFO  impl.RaftServerProxy (ConfUtils.java:logGet(43)) - raft.rpc.type = GRPC (default)
2019-09-27 09:16:42,169 [main] INFO  grpc.GrpcFactory (GrpcFactory.java:checkPooledByteBufAllocatorUseCacheForAllThreads(45)) - PERFORMANCE WARNING: useCacheForAllThreads is true that may cause Netty to create a lot garbage objects and, as a result, trigger GC.
	It is recommended to disable useCacheForAllThreads by setting -Dorg.apache.ratis.thirdparty.io.netty.allocator.useCacheForAllThreads=false in command line.
2019-09-27 09:16:42,169 [main] INFO  grpc.GrpcConfigKeys$Server (ConfUtils.java:logGet(43)) - raft.grpc.server.port = 0 (default)
2019-09-27 09:16:42,170 [main] INFO  server.GrpcService (ConfUtils.java:logGet(43)) - raft.grpc.message.size.max = 33570816 (custom)
2019-09-27 09:16:42,170 [main] INFO  server.RaftServerConfigKeys (ConfUtils.java:logGet(43)) - raft.server.log.appender.buffer.byte-limit = 33554432 (custom)
2019-09-27 09:16:42,170 [main] INFO  server.GrpcService (ConfUtils.java:logGet(43)) - raft.grpc.flow.control.window = 1MB (=1048576) (default)
2019-09-27 09:16:42,170 [main] INFO  server.RaftServerConfigKeys (ConfUtils.java:logGet(43)) - raft.server.rpc.request.timeout = 3000ms (default)
2019-09-27 09:16:42,171 [main] INFO  server.RaftServerConfigKeys (ConfUtils.java:logGet(43)) - raft.server.storage.dir = [/workdir/hadoop-ozone/integration-test/target/test-dir/MiniOzoneClusterImpl-283270ba-aa50-4746-a1ea-b4b278bb6973/datanode-0/data/ratis] (custom)
2019-09-27 09:16:42,172 [main] INFO  hdfs.DFSUtil (DFSUtil.java:httpServerTemplateForNNAndJN(1641)) - Starting Web-server for hddsDatanode at: http://0.0.0.0:0
2019-09-27 09:16:42,173 [main] INFO  server.AuthenticationFilter (AuthenticationFilter.java:constructSecretProvider(240)) - Unable to initialize FileSignerSecretProvider, falling back to use random secrets.
2019-09-27 09:16:42,174 [main] WARN  http.HttpRequestLog (HttpRequestLog.java:getRequestLog(97)) - Jetty request log can only be enabled using Log4j
2019-09-27 09:16:42,175 [main] INFO  http.HttpServer2 (HttpServer2.java:addGlobalFilter(975)) - Added global filter 'safety' (class=org.apache.hadoop.http.HttpServer2$QuotingInputFilter)
2019-09-27 09:16:42,176 [main] INFO  http.HttpServer2 (HttpServer2.java:addFilter(948)) - Added filter static_user_filter (class=org.apache.hadoop.http.lib.StaticUserWebFilter$StaticUserFilter) to context hddsDatanode
2019-09-27 09:16:42,176 [main] INFO  http.HttpServer2 (HttpServer2.java:addFilter(958)) - Added filter static_user_filter (class=org.apache.hadoop.http.lib.StaticUserWebFilter$StaticUserFilter) to context static
2019-09-27 09:16:42,176 [main] INFO  http.HttpServer2 (HttpServer2.java:addFilter(958)) - Added filter static_user_filter (class=org.apache.hadoop.http.lib.StaticUserWebFilter$StaticUserFilter) to context logs
2019-09-27 09:16:42,177 [main] INFO  http.HttpServer2 (HttpServer2.java:bindListener(1191)) - Jetty bound to port 33845
2019-09-27 09:16:42,177 [main] INFO  server.Server (Server.java:doStart(351)) - jetty-9.3.25.v20180904, build timestamp: 2018-09-04T21:11:46Z, git hash: 3ce520221d0240229c862b122d2b06c12a625732
2019-09-27 09:16:42,178 [main] INFO  handler.ContextHandler (ContextHandler.java:doStart(781)) - Started o.e.j.s.ServletContextHandler@5dbb50f3{/logs,file:///workdir/hadoop-ozone/integration-test/target/log,AVAILABLE}
2019-09-27 09:16:42,179 [main] INFO  handler.ContextHandler (ContextHandler.java:doStart(781)) - Started o.e.j.s.ServletContextHandler@575c3e9b{/static,jar:file:/home/user/.m2/repository/org/apache/hadoop/hadoop-hdds-container-service/0.5.0-SNAPSHOT/hadoop-hdds-container-service-0.5.0-SNAPSHOT.jar!/webapps/static,AVAILABLE}
2019-09-27 09:16:42,208 [main] INFO  handler.ContextHandler (ContextHandler.java:doStart(781)) - Started o.e.j.w.WebAppContext@2dbfcf7{/,file:///tmp/jetty-0.0.0.0-33845-hddsDatanode-_-any-469464854118482944.dir/webapp/,AVAILABLE}{/hddsDatanode}
2019-09-27 09:16:42,208 [main] INFO  server.AbstractConnector (AbstractConnector.java:doStart(278)) - Started ServerConnector@239f017e{HTTP/1.1,[http/1.1]}{0.0.0.0:33845}
2019-09-27 09:16:42,209 [main] INFO  server.Server (Server.java:doStart(419)) - Started @148491ms
2019-09-27 09:16:42,210 [main] WARN  impl.MetricsSystemImpl (MetricsSystemImpl.java:register(276)) - Sink prometheus already exists!
2019-09-27 09:16:42,210 [main] INFO  server.BaseHttpServer (BaseHttpServer.java:updateConnectorAddress(215)) - HTTP server of HDDSDATANODE is listening at http://0.0.0.0:33845
2019-09-27 09:16:42,211 [main] INFO  impl.MetricsSystemImpl (MetricsSystemImpl.java:init(158)) - HddsDatanode metrics system started (again)
2019-09-27 09:16:42,213 [main] INFO  ozone.HddsDatanodeService (HddsDatanodeService.java:start(184)) - HddsDatanodeService host:pr-hdds2162-4fxhj-20988671 ip:192.168.151.103
2019-09-27 09:16:42,213 [org.apache.hadoop.util.JvmPauseMonitor$Monitor@18bfbe82] INFO  util.JvmPauseMonitor (JvmPauseMonitor.java:run(188)) - Starting JVM pause monitor
2019-09-27 09:16:42,216 [Datanode State Machine Thread - 0] INFO  datanode.InitDatanodeState (InitDatanodeState.java:persistContainerDatanodeDetails(140)) - DatanodeDetails is persisted to /workdir/hadoop-ozone/integration-test/target/test-dir/MiniOzoneClusterImpl-283270ba-aa50-4746-a1ea-b4b278bb6973/datanode-0/meta/datanode.id
2019-09-27 09:16:42,219 [main] INFO  volume.HddsVolume (HddsVolume.java:<init>(176)) - Creating Volume: /workdir/hadoop-ozone/integration-test/target/test-dir/MiniOzoneClusterImpl-283270ba-aa50-4746-a1ea-b4b278bb6973/datanode-1/data/containers/hdds of  storage type : DISK and capacity : 1482555576320
2019-09-27 09:16:42,219 [main] INFO  volume.VolumeSet (VolumeSet.java:initializeVolumeSet(170)) - Added Volume : /workdir/hadoop-ozone/integration-test/target/test-dir/MiniOzoneClusterImpl-283270ba-aa50-4746-a1ea-b4b278bb6973/datanode-1/data/containers/hdds to VolumeSet
2019-09-27 09:16:42,219 [main] INFO  volume.ThrottledAsyncChecker (ThrottledAsyncChecker.java:schedule(139)) - Scheduling a check for org.apache.hadoop.ozone.container.common.volume.HddsVolume@1e4c6583
2019-09-27 09:16:42,220 [main] INFO  volume.HddsVolumeChecker (HddsVolumeChecker.java:checkAllVolumes(202)) - Scheduled health check for volume org.apache.hadoop.ozone.container.common.volume.HddsVolume@1e4c6583
2019-09-27 09:16:42,233 [main] INFO  impl.RaftServerProxy (ConfUtils.java:logGet(43)) - raft.rpc.type = GRPC (default)
2019-09-27 09:16:42,233 [main] INFO  grpc.GrpcFactory (GrpcFactory.java:checkPooledByteBufAllocatorUseCacheForAllThreads(45)) - PERFORMANCE WARNING: useCacheForAllThreads is true that may cause Netty to create a lot garbage objects and, as a result, trigger GC.
	It is recommended to disable useCacheForAllThreads by setting -Dorg.apache.ratis.thirdparty.io.netty.allocator.useCacheForAllThreads=false in command line.
2019-09-27 09:16:42,233 [main] INFO  grpc.GrpcConfigKeys$Server (ConfUtils.java:logGet(43)) - raft.grpc.server.port = 0 (default)
2019-09-27 09:16:42,234 [main] INFO  server.GrpcService (ConfUtils.java:logGet(43)) - raft.grpc.message.size.max = 33570816 (custom)
2019-09-27 09:16:42,234 [main] INFO  server.RaftServerConfigKeys (ConfUtils.java:logGet(43)) - raft.server.log.appender.buffer.byte-limit = 33554432 (custom)
2019-09-27 09:16:42,234 [main] INFO  server.GrpcService (ConfUtils.java:logGet(43)) - raft.grpc.flow.control.window = 1MB (=1048576) (default)
2019-09-27 09:16:42,234 [main] INFO  server.RaftServerConfigKeys (ConfUtils.java:logGet(43)) - raft.server.rpc.request.timeout = 3000ms (default)
2019-09-27 09:16:42,235 [main] INFO  server.RaftServerConfigKeys (ConfUtils.java:logGet(43)) - raft.server.storage.dir = [/workdir/hadoop-ozone/integration-test/target/test-dir/MiniOzoneClusterImpl-283270ba-aa50-4746-a1ea-b4b278bb6973/datanode-1/data/ratis] (custom)
2019-09-27 09:16:42,236 [main] INFO  hdfs.DFSUtil (DFSUtil.java:httpServerTemplateForNNAndJN(1641)) - Starting Web-server for hddsDatanode at: http://0.0.0.0:0
2019-09-27 09:16:42,238 [main] INFO  server.AuthenticationFilter (AuthenticationFilter.java:constructSecretProvider(240)) - Unable to initialize FileSignerSecretProvider, falling back to use random secrets.
2019-09-27 09:16:42,238 [main] WARN  http.HttpRequestLog (HttpRequestLog.java:getRequestLog(97)) - Jetty request log can only be enabled using Log4j
2019-09-27 09:16:42,240 [main] INFO  http.HttpServer2 (HttpServer2.java:addGlobalFilter(975)) - Added global filter 'safety' (class=org.apache.hadoop.http.HttpServer2$QuotingInputFilter)
2019-09-27 09:16:42,240 [main] INFO  http.HttpServer2 (HttpServer2.java:addFilter(948)) - Added filter static_user_filter (class=org.apache.hadoop.http.lib.StaticUserWebFilter$StaticUserFilter) to context hddsDatanode
2019-09-27 09:16:42,240 [main] INFO  http.HttpServer2 (HttpServer2.java:addFilter(958)) - Added filter static_user_filter (class=org.apache.hadoop.http.lib.StaticUserWebFilter$StaticUserFilter) to context static
2019-09-27 09:16:42,241 [main] INFO  http.HttpServer2 (HttpServer2.java:addFilter(958)) - Added filter static_user_filter (class=org.apache.hadoop.http.lib.StaticUserWebFilter$StaticUserFilter) to context logs
2019-09-27 09:16:42,241 [main] INFO  http.HttpServer2 (HttpServer2.java:bindListener(1191)) - Jetty bound to port 33545
2019-09-27 09:16:42,241 [main] INFO  server.Server (Server.java:doStart(351)) - jetty-9.3.25.v20180904, build timestamp: 2018-09-04T21:11:46Z, git hash: 3ce520221d0240229c862b122d2b06c12a625732
2019-09-27 09:16:42,243 [main] INFO  handler.ContextHandler (ContextHandler.java:doStart(781)) - Started o.e.j.s.ServletContextHandler@a83495d{/logs,file:///workdir/hadoop-ozone/integration-test/target/log,AVAILABLE}
2019-09-27 09:16:42,244 [main] INFO  handler.ContextHandler (ContextHandler.java:doStart(781)) - Started o.e.j.s.ServletContextHandler@4364863{/static,jar:file:/home/user/.m2/repository/org/apache/hadoop/hadoop-hdds-container-service/0.5.0-SNAPSHOT/hadoop-hdds-container-service-0.5.0-SNAPSHOT.jar!/webapps/static,AVAILABLE}
2019-09-27 09:16:42,274 [main] INFO  handler.ContextHandler (ContextHandler.java:doStart(781)) - Started o.e.j.w.WebAppContext@44fdce3c{/,file:///tmp/jetty-0.0.0.0-33545-hddsDatanode-_-any-7635371046228825002.dir/webapp/,AVAILABLE}{/hddsDatanode}
2019-09-27 09:16:42,274 [main] INFO  server.AbstractConnector (AbstractConnector.java:doStart(278)) - Started ServerConnector@712c5463{HTTP/1.1,[http/1.1]}{0.0.0.0:33545}
2019-09-27 09:16:42,276 [main] INFO  server.Server (Server.java:doStart(419)) - Started @148557ms
2019-09-27 09:16:42,276 [main] WARN  impl.MetricsSystemImpl (MetricsSystemImpl.java:register(276)) - Sink prometheus already exists!
2019-09-27 09:16:42,277 [main] INFO  server.BaseHttpServer (BaseHttpServer.java:updateConnectorAddress(215)) - HTTP server of HDDSDATANODE is listening at http://0.0.0.0:33545
2019-09-27 09:16:42,277 [main] INFO  impl.MetricsSystemImpl (MetricsSystemImpl.java:init(158)) - HddsDatanode metrics system started (again)
2019-09-27 09:16:42,279 [org.apache.hadoop.util.JvmPauseMonitor$Monitor@57f1426d] INFO  util.JvmPauseMonitor (JvmPauseMonitor.java:run(188)) - Starting JVM pause monitor
2019-09-27 09:16:42,280 [main] INFO  ozone.HddsDatanodeService (HddsDatanodeService.java:start(184)) - HddsDatanodeService host:pr-hdds2162-4fxhj-20988671 ip:192.168.151.103
2019-09-27 09:16:42,281 [Datanode State Machine Thread - 0] INFO  datanode.InitDatanodeState (InitDatanodeState.java:persistContainerDatanodeDetails(140)) - DatanodeDetails is persisted to /workdir/hadoop-ozone/integration-test/target/test-dir/MiniOzoneClusterImpl-283270ba-aa50-4746-a1ea-b4b278bb6973/datanode-1/meta/datanode.id
2019-09-27 09:16:42,285 [main] INFO  volume.HddsVolume (HddsVolume.java:<init>(176)) - Creating Volume: /workdir/hadoop-ozone/integration-test/target/test-dir/MiniOzoneClusterImpl-283270ba-aa50-4746-a1ea-b4b278bb6973/datanode-2/data/containers/hdds of  storage type : DISK and capacity : 1482555576320
2019-09-27 09:16:42,286 [main] INFO  volume.VolumeSet (VolumeSet.java:initializeVolumeSet(170)) - Added Volume : /workdir/hadoop-ozone/integration-test/target/test-dir/MiniOzoneClusterImpl-283270ba-aa50-4746-a1ea-b4b278bb6973/datanode-2/data/containers/hdds to VolumeSet
2019-09-27 09:16:42,286 [main] INFO  volume.ThrottledAsyncChecker (ThrottledAsyncChecker.java:schedule(139)) - Scheduling a check for org.apache.hadoop.ozone.container.common.volume.HddsVolume@1e977098
2019-09-27 09:16:42,286 [main] INFO  volume.HddsVolumeChecker (HddsVolumeChecker.java:checkAllVolumes(202)) - Scheduled health check for volume org.apache.hadoop.ozone.container.common.volume.HddsVolume@1e977098
2019-09-27 09:16:42,301 [main] INFO  impl.RaftServerProxy (ConfUtils.java:logGet(43)) - raft.rpc.type = GRPC (default)
2019-09-27 09:16:42,301 [main] INFO  grpc.GrpcFactory (GrpcFactory.java:checkPooledByteBufAllocatorUseCacheForAllThreads(45)) - PERFORMANCE WARNING: useCacheForAllThreads is true that may cause Netty to create a lot garbage objects and, as a result, trigger GC.
	It is recommended to disable useCacheForAllThreads by setting -Dorg.apache.ratis.thirdparty.io.netty.allocator.useCacheForAllThreads=false in command line.
2019-09-27 09:16:42,302 [main] INFO  grpc.GrpcConfigKeys$Server (ConfUtils.java:logGet(43)) - raft.grpc.server.port = 0 (default)
2019-09-27 09:16:42,302 [main] INFO  server.GrpcService (ConfUtils.java:logGet(43)) - raft.grpc.message.size.max = 33570816 (custom)
2019-09-27 09:16:42,302 [main] INFO  server.RaftServerConfigKeys (ConfUtils.java:logGet(43)) - raft.server.log.appender.buffer.byte-limit = 33554432 (custom)
2019-09-27 09:16:42,302 [main] INFO  server.GrpcService (ConfUtils.java:logGet(43)) - raft.grpc.flow.control.window = 1MB (=1048576) (default)
2019-09-27 09:16:42,302 [main] INFO  server.RaftServerConfigKeys (ConfUtils.java:logGet(43)) - raft.server.rpc.request.timeout = 3000ms (default)
2019-09-27 09:16:42,303 [main] INFO  server.RaftServerConfigKeys (ConfUtils.java:logGet(43)) - raft.server.storage.dir = [/workdir/hadoop-ozone/integration-test/target/test-dir/MiniOzoneClusterImpl-283270ba-aa50-4746-a1ea-b4b278bb6973/datanode-2/data/ratis] (custom)
2019-09-27 09:16:42,304 [main] INFO  hdfs.DFSUtil (DFSUtil.java:httpServerTemplateForNNAndJN(1641)) - Starting Web-server for hddsDatanode at: http://0.0.0.0:0
2019-09-27 09:16:42,306 [main] INFO  server.AuthenticationFilter (AuthenticationFilter.java:constructSecretProvider(240)) - Unable to initialize FileSignerSecretProvider, falling back to use random secrets.
2019-09-27 09:16:42,306 [main] WARN  http.HttpRequestLog (HttpRequestLog.java:getRequestLog(97)) - Jetty request log can only be enabled using Log4j
2019-09-27 09:16:42,307 [main] INFO  http.HttpServer2 (HttpServer2.java:addGlobalFilter(975)) - Added global filter 'safety' (class=org.apache.hadoop.http.HttpServer2$QuotingInputFilter)
2019-09-27 09:16:42,308 [main] INFO  http.HttpServer2 (HttpServer2.java:addFilter(948)) - Added filter static_user_filter (class=org.apache.hadoop.http.lib.StaticUserWebFilter$StaticUserFilter) to context hddsDatanode
2019-09-27 09:16:42,308 [main] INFO  http.HttpServer2 (HttpServer2.java:addFilter(958)) - Added filter static_user_filter (class=org.apache.hadoop.http.lib.StaticUserWebFilter$StaticUserFilter) to context logs
2019-09-27 09:16:42,308 [main] INFO  http.HttpServer2 (HttpServer2.java:addFilter(958)) - Added filter static_user_filter (class=org.apache.hadoop.http.lib.StaticUserWebFilter$StaticUserFilter) to context static
2019-09-27 09:16:42,309 [main] INFO  http.HttpServer2 (HttpServer2.java:bindListener(1191)) - Jetty bound to port 38112
2019-09-27 09:16:42,309 [main] INFO  server.Server (Server.java:doStart(351)) - jetty-9.3.25.v20180904, build timestamp: 2018-09-04T21:11:46Z, git hash: 3ce520221d0240229c862b122d2b06c12a625732
2019-09-27 09:16:42,311 [main] INFO  handler.ContextHandler (ContextHandler.java:doStart(781)) - Started o.e.j.s.ServletContextHandler@3a2e9f5b{/logs,file:///workdir/hadoop-ozone/integration-test/target/log,AVAILABLE}
2019-09-27 09:16:42,312 [main] INFO  handler.ContextHandler (ContextHandler.java:doStart(781)) - Started o.e.j.s.ServletContextHandler@10c47c79{/static,jar:file:/home/user/.m2/repository/org/apache/hadoop/hadoop-hdds-container-service/0.5.0-SNAPSHOT/hadoop-hdds-container-service-0.5.0-SNAPSHOT.jar!/webapps/static,AVAILABLE}
2019-09-27 09:16:42,353 [main] INFO  handler.ContextHandler (ContextHandler.java:doStart(781)) - Started o.e.j.w.WebAppContext@6ef60295{/,file:///tmp/jetty-0.0.0.0-38112-hddsDatanode-_-any-2013919426705274206.dir/webapp/,AVAILABLE}{/hddsDatanode}
2019-09-27 09:16:42,354 [main] INFO  server.AbstractConnector (AbstractConnector.java:doStart(278)) - Started ServerConnector@3127cb44{HTTP/1.1,[http/1.1]}{0.0.0.0:38112}
2019-09-27 09:16:42,355 [main] INFO  server.Server (Server.java:doStart(419)) - Started @148636ms
2019-09-27 09:16:42,355 [main] WARN  impl.MetricsSystemImpl (MetricsSystemImpl.java:register(276)) - Sink prometheus already exists!
2019-09-27 09:16:42,356 [main] INFO  server.BaseHttpServer (BaseHttpServer.java:updateConnectorAddress(215)) - HTTP server of HDDSDATANODE is listening at http://0.0.0.0:38112
2019-09-27 09:16:42,357 [main] INFO  impl.MetricsSystemImpl (MetricsSystemImpl.java:init(158)) - HddsDatanode metrics system started (again)
2019-09-27 09:16:42,359 [org.apache.hadoop.util.JvmPauseMonitor$Monitor@6857f0a7] INFO  util.JvmPauseMonitor (JvmPauseMonitor.java:run(188)) - Starting JVM pause monitor
2019-09-27 09:16:42,359 [main] INFO  ozone.HddsDatanodeService (HddsDatanodeService.java:start(184)) - HddsDatanodeService host:pr-hdds2162-4fxhj-20988671 ip:192.168.151.103
2019-09-27 09:16:42,361 [Datanode State Machine Thread - 0] INFO  datanode.InitDatanodeState (InitDatanodeState.java:persistContainerDatanodeDetails(140)) - DatanodeDetails is persisted to /workdir/hadoop-ozone/integration-test/target/test-dir/MiniOzoneClusterImpl-283270ba-aa50-4746-a1ea-b4b278bb6973/datanode-2/meta/datanode.id
2019-09-27 09:16:42,365 [main] INFO  volume.HddsVolume (HddsVolume.java:<init>(176)) - Creating Volume: /workdir/hadoop-ozone/integration-test/target/test-dir/MiniOzoneClusterImpl-283270ba-aa50-4746-a1ea-b4b278bb6973/datanode-3/data/containers/hdds of  storage type : DISK and capacity : 1482555576320
2019-09-27 09:16:42,365 [main] INFO  volume.VolumeSet (VolumeSet.java:initializeVolumeSet(170)) - Added Volume : /workdir/hadoop-ozone/integration-test/target/test-dir/MiniOzoneClusterImpl-283270ba-aa50-4746-a1ea-b4b278bb6973/datanode-3/data/containers/hdds to VolumeSet
2019-09-27 09:16:42,365 [main] INFO  volume.ThrottledAsyncChecker (ThrottledAsyncChecker.java:schedule(139)) - Scheduling a check for org.apache.hadoop.ozone.container.common.volume.HddsVolume@2577a95d
2019-09-27 09:16:42,366 [main] INFO  volume.HddsVolumeChecker (HddsVolumeChecker.java:checkAllVolumes(202)) - Scheduled health check for volume org.apache.hadoop.ozone.container.common.volume.HddsVolume@2577a95d
2019-09-27 09:16:42,379 [main] INFO  impl.RaftServerProxy (ConfUtils.java:logGet(43)) - raft.rpc.type = GRPC (default)
2019-09-27 09:16:42,379 [main] INFO  grpc.GrpcFactory (GrpcFactory.java:checkPooledByteBufAllocatorUseCacheForAllThreads(45)) - PERFORMANCE WARNING: useCacheForAllThreads is true that may cause Netty to create a lot garbage objects and, as a result, trigger GC.
	It is recommended to disable useCacheForAllThreads by setting -Dorg.apache.ratis.thirdparty.io.netty.allocator.useCacheForAllThreads=false in command line.
2019-09-27 09:16:42,379 [main] INFO  grpc.GrpcConfigKeys$Server (ConfUtils.java:logGet(43)) - raft.grpc.server.port = 0 (default)
2019-09-27 09:16:42,380 [main] INFO  server.GrpcService (ConfUtils.java:logGet(43)) - raft.grpc.message.size.max = 33570816 (custom)
2019-09-27 09:16:42,380 [main] INFO  server.RaftServerConfigKeys (ConfUtils.java:logGet(43)) - raft.server.log.appender.buffer.byte-limit = 33554432 (custom)
2019-09-27 09:16:42,380 [main] INFO  server.GrpcService (ConfUtils.java:logGet(43)) - raft.grpc.flow.control.window = 1MB (=1048576) (default)
2019-09-27 09:16:42,380 [main] INFO  server.RaftServerConfigKeys (ConfUtils.java:logGet(43)) - raft.server.rpc.request.timeout = 3000ms (default)
2019-09-27 09:16:42,381 [main] INFO  server.RaftServerConfigKeys (ConfUtils.java:logGet(43)) - raft.server.storage.dir = [/workdir/hadoop-ozone/integration-test/target/test-dir/MiniOzoneClusterImpl-283270ba-aa50-4746-a1ea-b4b278bb6973/datanode-3/data/ratis] (custom)
2019-09-27 09:16:42,382 [main] INFO  hdfs.DFSUtil (DFSUtil.java:httpServerTemplateForNNAndJN(1641)) - Starting Web-server for hddsDatanode at: http://0.0.0.0:0
2019-09-27 09:16:42,383 [main] INFO  server.AuthenticationFilter (AuthenticationFilter.java:constructSecretProvider(240)) - Unable to initialize FileSignerSecretProvider, falling back to use random secrets.
2019-09-27 09:16:42,383 [main] WARN  http.HttpRequestLog (HttpRequestLog.java:getRequestLog(97)) - Jetty request log can only be enabled using Log4j
2019-09-27 09:16:42,385 [main] INFO  http.HttpServer2 (HttpServer2.java:addGlobalFilter(975)) - Added global filter 'safety' (class=org.apache.hadoop.http.HttpServer2$QuotingInputFilter)
2019-09-27 09:16:42,385 [main] INFO  http.HttpServer2 (HttpServer2.java:addFilter(948)) - Added filter static_user_filter (class=org.apache.hadoop.http.lib.StaticUserWebFilter$StaticUserFilter) to context hddsDatanode
2019-09-27 09:16:42,385 [main] INFO  http.HttpServer2 (HttpServer2.java:addFilter(958)) - Added filter static_user_filter (class=org.apache.hadoop.http.lib.StaticUserWebFilter$StaticUserFilter) to context static
2019-09-27 09:16:42,385 [main] INFO  http.HttpServer2 (HttpServer2.java:addFilter(958)) - Added filter static_user_filter (class=org.apache.hadoop.http.lib.StaticUserWebFilter$StaticUserFilter) to context logs
2019-09-27 09:16:42,386 [main] INFO  http.HttpServer2 (HttpServer2.java:bindListener(1191)) - Jetty bound to port 42721
2019-09-27 09:16:42,386 [main] INFO  server.Server (Server.java:doStart(351)) - jetty-9.3.25.v20180904, build timestamp: 2018-09-04T21:11:46Z, git hash: 3ce520221d0240229c862b122d2b06c12a625732
2019-09-27 09:16:42,388 [main] INFO  handler.ContextHandler (ContextHandler.java:doStart(781)) - Started o.e.j.s.ServletContextHandler@7209ffb5{/logs,file:///workdir/hadoop-ozone/integration-test/target/log,AVAILABLE}
2019-09-27 09:16:42,388 [main] INFO  handler.ContextHandler (ContextHandler.java:doStart(781)) - Started o.e.j.s.ServletContextHandler@2fe74516{/static,jar:file:/home/user/.m2/repository/org/apache/hadoop/hadoop-hdds-container-service/0.5.0-SNAPSHOT/hadoop-hdds-container-service-0.5.0-SNAPSHOT.jar!/webapps/static,AVAILABLE}
2019-09-27 09:16:42,432 [main] INFO  handler.ContextHandler (ContextHandler.java:doStart(781)) - Started o.e.j.w.WebAppContext@650c405c{/,file:///tmp/jetty-0.0.0.0-42721-hddsDatanode-_-any-1366828490164671687.dir/webapp/,AVAILABLE}{/hddsDatanode}
2019-09-27 09:16:42,433 [main] INFO  server.AbstractConnector (AbstractConnector.java:doStart(278)) - Started ServerConnector@20eaeaf8{HTTP/1.1,[http/1.1]}{0.0.0.0:42721}
2019-09-27 09:16:42,434 [main] INFO  server.Server (Server.java:doStart(419)) - Started @148715ms
2019-09-27 09:16:42,435 [main] WARN  impl.MetricsSystemImpl (MetricsSystemImpl.java:register(276)) - Sink prometheus already exists!
2019-09-27 09:16:42,436 [main] INFO  server.BaseHttpServer (BaseHttpServer.java:updateConnectorAddress(215)) - HTTP server of HDDSDATANODE is listening at http://0.0.0.0:42721
2019-09-27 09:16:42,436 [main] INFO  impl.MetricsSystemImpl (MetricsSystemImpl.java:init(158)) - HddsDatanode metrics system started (again)
2019-09-27 09:16:42,439 [org.apache.hadoop.util.JvmPauseMonitor$Monitor@4560faa4] INFO  util.JvmPauseMonitor (JvmPauseMonitor.java:run(188)) - Starting JVM pause monitor
2019-09-27 09:16:42,439 [main] INFO  ozone.HddsDatanodeService (HddsDatanodeService.java:start(184)) - HddsDatanodeService host:pr-hdds2162-4fxhj-20988671 ip:192.168.151.103
2019-09-27 09:16:42,441 [Datanode State Machine Thread - 0] INFO  datanode.InitDatanodeState (InitDatanodeState.java:persistContainerDatanodeDetails(140)) - DatanodeDetails is persisted to /workdir/hadoop-ozone/integration-test/target/test-dir/MiniOzoneClusterImpl-283270ba-aa50-4746-a1ea-b4b278bb6973/datanode-3/meta/datanode.id
2019-09-27 09:16:42,445 [main] INFO  volume.HddsVolume (HddsVolume.java:<init>(176)) - Creating Volume: /workdir/hadoop-ozone/integration-test/target/test-dir/MiniOzoneClusterImpl-283270ba-aa50-4746-a1ea-b4b278bb6973/datanode-4/data/containers/hdds of  storage type : DISK and capacity : 1482555576320
2019-09-27 09:16:42,445 [main] INFO  volume.VolumeSet (VolumeSet.java:initializeVolumeSet(170)) - Added Volume : /workdir/hadoop-ozone/integration-test/target/test-dir/MiniOzoneClusterImpl-283270ba-aa50-4746-a1ea-b4b278bb6973/datanode-4/data/containers/hdds to VolumeSet
2019-09-27 09:16:42,445 [main] INFO  volume.ThrottledAsyncChecker (ThrottledAsyncChecker.java:schedule(139)) - Scheduling a check for org.apache.hadoop.ozone.container.common.volume.HddsVolume@54e12f4c
2019-09-27 09:16:42,446 [main] INFO  volume.HddsVolumeChecker (HddsVolumeChecker.java:checkAllVolumes(202)) - Scheduled health check for volume org.apache.hadoop.ozone.container.common.volume.HddsVolume@54e12f4c
2019-09-27 09:16:42,457 [main] INFO  impl.RaftServerProxy (ConfUtils.java:logGet(43)) - raft.rpc.type = GRPC (default)
2019-09-27 09:16:42,458 [main] INFO  grpc.GrpcFactory (GrpcFactory.java:checkPooledByteBufAllocatorUseCacheForAllThreads(45)) - PERFORMANCE WARNING: useCacheForAllThreads is true that may cause Netty to create a lot garbage objects and, as a result, trigger GC.
	It is recommended to disable useCacheForAllThreads by setting -Dorg.apache.ratis.thirdparty.io.netty.allocator.useCacheForAllThreads=false in command line.
2019-09-27 09:16:42,458 [main] INFO  grpc.GrpcConfigKeys$Server (ConfUtils.java:logGet(43)) - raft.grpc.server.port = 0 (default)
2019-09-27 09:16:42,458 [main] INFO  server.GrpcService (ConfUtils.java:logGet(43)) - raft.grpc.message.size.max = 33570816 (custom)
2019-09-27 09:16:42,458 [main] INFO  server.RaftServerConfigKeys (ConfUtils.java:logGet(43)) - raft.server.log.appender.buffer.byte-limit = 33554432 (custom)
2019-09-27 09:16:42,459 [main] INFO  server.GrpcService (ConfUtils.java:logGet(43)) - raft.grpc.flow.control.window = 1MB (=1048576) (default)
2019-09-27 09:16:42,459 [main] INFO  server.RaftServerConfigKeys (ConfUtils.java:logGet(43)) - raft.server.rpc.request.timeout = 3000ms (default)
2019-09-27 09:16:42,459 [main] INFO  server.RaftServerConfigKeys (ConfUtils.java:logGet(43)) - raft.server.storage.dir = [/workdir/hadoop-ozone/integration-test/target/test-dir/MiniOzoneClusterImpl-283270ba-aa50-4746-a1ea-b4b278bb6973/datanode-4/data/ratis] (custom)
2019-09-27 09:16:42,460 [main] INFO  hdfs.DFSUtil (DFSUtil.java:httpServerTemplateForNNAndJN(1641)) - Starting Web-server for hddsDatanode at: http://0.0.0.0:0
2019-09-27 09:16:42,462 [main] INFO  server.AuthenticationFilter (AuthenticationFilter.java:constructSecretProvider(240)) - Unable to initialize FileSignerSecretProvider, falling back to use random secrets.
2019-09-27 09:16:42,462 [main] WARN  http.HttpRequestLog (HttpRequestLog.java:getRequestLog(97)) - Jetty request log can only be enabled using Log4j
2019-09-27 09:16:42,463 [main] INFO  http.HttpServer2 (HttpServer2.java:addGlobalFilter(975)) - Added global filter 'safety' (class=org.apache.hadoop.http.HttpServer2$QuotingInputFilter)
2019-09-27 09:16:42,464 [main] INFO  http.HttpServer2 (HttpServer2.java:addFilter(948)) - Added filter static_user_filter (class=org.apache.hadoop.http.lib.StaticUserWebFilter$StaticUserFilter) to context hddsDatanode
2019-09-27 09:16:42,464 [main] INFO  http.HttpServer2 (HttpServer2.java:addFilter(958)) - Added filter static_user_filter (class=org.apache.hadoop.http.lib.StaticUserWebFilter$StaticUserFilter) to context static
2019-09-27 09:16:42,464 [main] INFO  http.HttpServer2 (HttpServer2.java:addFilter(958)) - Added filter static_user_filter (class=org.apache.hadoop.http.lib.StaticUserWebFilter$StaticUserFilter) to context logs
2019-09-27 09:16:42,465 [main] INFO  http.HttpServer2 (HttpServer2.java:bindListener(1191)) - Jetty bound to port 34695
2019-09-27 09:16:42,465 [main] INFO  server.Server (Server.java:doStart(351)) - jetty-9.3.25.v20180904, build timestamp: 2018-09-04T21:11:46Z, git hash: 3ce520221d0240229c862b122d2b06c12a625732
2019-09-27 09:16:42,466 [main] INFO  handler.ContextHandler (ContextHandler.java:doStart(781)) - Started o.e.j.s.ServletContextHandler@124dac75{/logs,file:///workdir/hadoop-ozone/integration-test/target/log,AVAILABLE}
2019-09-27 09:16:42,467 [main] INFO  handler.ContextHandler (ContextHandler.java:doStart(781)) - Started o.e.j.s.ServletContextHandler@7b61bf11{/static,jar:file:/home/user/.m2/repository/org/apache/hadoop/hadoop-hdds-container-service/0.5.0-SNAPSHOT/hadoop-hdds-container-service-0.5.0-SNAPSHOT.jar!/webapps/static,AVAILABLE}
2019-09-27 09:16:42,496 [main] INFO  handler.ContextHandler (ContextHandler.java:doStart(781)) - Started o.e.j.w.WebAppContext@40de8f93{/,file:///tmp/jetty-0.0.0.0-34695-hddsDatanode-_-any-7747402332829543126.dir/webapp/,AVAILABLE}{/hddsDatanode}
2019-09-27 09:16:42,496 [main] INFO  server.AbstractConnector (AbstractConnector.java:doStart(278)) - Started ServerConnector@6ff0b1cc{HTTP/1.1,[http/1.1]}{0.0.0.0:34695}
2019-09-27 09:16:42,498 [main] INFO  server.Server (Server.java:doStart(419)) - Started @148779ms
2019-09-27 09:16:42,498 [main] WARN  impl.MetricsSystemImpl (MetricsSystemImpl.java:register(276)) - Sink prometheus already exists!
2019-09-27 09:16:42,498 [main] INFO  server.BaseHttpServer (BaseHttpServer.java:updateConnectorAddress(215)) - HTTP server of HDDSDATANODE is listening at http://0.0.0.0:34695
2019-09-27 09:16:42,499 [main] INFO  impl.MetricsSystemImpl (MetricsSystemImpl.java:init(158)) - HddsDatanode metrics system started (again)
2019-09-27 09:16:42,502 [org.apache.hadoop.util.JvmPauseMonitor$Monitor@51baf532] INFO  util.JvmPauseMonitor (JvmPauseMonitor.java:run(188)) - Starting JVM pause monitor
2019-09-27 09:16:42,502 [main] INFO  ozone.HddsDatanodeService (HddsDatanodeService.java:start(184)) - HddsDatanodeService host:pr-hdds2162-4fxhj-20988671 ip:192.168.151.103
2019-09-27 09:16:42,504 [Datanode State Machine Thread - 0] INFO  datanode.InitDatanodeState (InitDatanodeState.java:persistContainerDatanodeDetails(140)) - DatanodeDetails is persisted to /workdir/hadoop-ozone/integration-test/target/test-dir/MiniOzoneClusterImpl-283270ba-aa50-4746-a1ea-b4b278bb6973/datanode-4/meta/datanode.id
2019-09-27 09:16:42,509 [main] INFO  volume.HddsVolume (HddsVolume.java:<init>(176)) - Creating Volume: /workdir/hadoop-ozone/integration-test/target/test-dir/MiniOzoneClusterImpl-283270ba-aa50-4746-a1ea-b4b278bb6973/datanode-5/data/containers/hdds of  storage type : DISK and capacity : 1482555576320
2019-09-27 09:16:42,509 [main] INFO  volume.VolumeSet (VolumeSet.java:initializeVolumeSet(170)) - Added Volume : /workdir/hadoop-ozone/integration-test/target/test-dir/MiniOzoneClusterImpl-283270ba-aa50-4746-a1ea-b4b278bb6973/datanode-5/data/containers/hdds to VolumeSet
2019-09-27 09:16:42,510 [main] INFO  volume.ThrottledAsyncChecker (ThrottledAsyncChecker.java:schedule(139)) - Scheduling a check for org.apache.hadoop.ozone.container.common.volume.HddsVolume@64e1377c
2019-09-27 09:16:42,510 [main] INFO  volume.HddsVolumeChecker (HddsVolumeChecker.java:checkAllVolumes(202)) - Scheduled health check for volume org.apache.hadoop.ozone.container.common.volume.HddsVolume@64e1377c
2019-09-27 09:16:42,524 [main] INFO  impl.RaftServerProxy (ConfUtils.java:logGet(43)) - raft.rpc.type = GRPC (default)
2019-09-27 09:16:42,524 [main] INFO  grpc.GrpcFactory (GrpcFactory.java:checkPooledByteBufAllocatorUseCacheForAllThreads(45)) - PERFORMANCE WARNING: useCacheForAllThreads is true that may cause Netty to create a lot garbage objects and, as a result, trigger GC.
	It is recommended to disable useCacheForAllThreads by setting -Dorg.apache.ratis.thirdparty.io.netty.allocator.useCacheForAllThreads=false in command line.
2019-09-27 09:16:42,524 [main] INFO  grpc.GrpcConfigKeys$Server (ConfUtils.java:logGet(43)) - raft.grpc.server.port = 0 (default)
2019-09-27 09:16:42,524 [main] INFO  server.GrpcService (ConfUtils.java:logGet(43)) - raft.grpc.message.size.max = 33570816 (custom)
2019-09-27 09:16:42,524 [main] INFO  server.RaftServerConfigKeys (ConfUtils.java:logGet(43)) - raft.server.log.appender.buffer.byte-limit = 33554432 (custom)
2019-09-27 09:16:42,525 [main] INFO  server.GrpcService (ConfUtils.java:logGet(43)) - raft.grpc.flow.control.window = 1MB (=1048576) (default)
2019-09-27 09:16:42,525 [main] INFO  server.RaftServerConfigKeys (ConfUtils.java:logGet(43)) - raft.server.rpc.request.timeout = 3000ms (default)
2019-09-27 09:16:42,525 [main] INFO  server.RaftServerConfigKeys (ConfUtils.java:logGet(43)) - raft.server.storage.dir = [/workdir/hadoop-ozone/integration-test/target/test-dir/MiniOzoneClusterImpl-283270ba-aa50-4746-a1ea-b4b278bb6973/datanode-5/data/ratis] (custom)
2019-09-27 09:16:42,527 [main] INFO  hdfs.DFSUtil (DFSUtil.java:httpServerTemplateForNNAndJN(1641)) - Starting Web-server for hddsDatanode at: http://0.0.0.0:0
2019-09-27 09:16:42,529 [main] INFO  server.AuthenticationFilter (AuthenticationFilter.java:constructSecretProvider(240)) - Unable to initialize FileSignerSecretProvider, falling back to use random secrets.
2019-09-27 09:16:42,529 [main] WARN  http.HttpRequestLog (HttpRequestLog.java:getRequestLog(97)) - Jetty request log can only be enabled using Log4j
2019-09-27 09:16:42,530 [main] INFO  http.HttpServer2 (HttpServer2.java:addGlobalFilter(975)) - Added global filter 'safety' (class=org.apache.hadoop.http.HttpServer2$QuotingInputFilter)
2019-09-27 09:16:42,531 [main] INFO  http.HttpServer2 (HttpServer2.java:addFilter(948)) - Added filter static_user_filter (class=org.apache.hadoop.http.lib.StaticUserWebFilter$StaticUserFilter) to context hddsDatanode
2019-09-27 09:16:42,531 [main] INFO  http.HttpServer2 (HttpServer2.java:addFilter(958)) - Added filter static_user_filter (class=org.apache.hadoop.http.lib.StaticUserWebFilter$StaticUserFilter) to context logs
2019-09-27 09:16:42,531 [main] INFO  http.HttpServer2 (HttpServer2.java:addFilter(958)) - Added filter static_user_filter (class=org.apache.hadoop.http.lib.StaticUserWebFilter$StaticUserFilter) to context static
2019-09-27 09:16:42,532 [main] INFO  http.HttpServer2 (HttpServer2.java:bindListener(1191)) - Jetty bound to port 46537
2019-09-27 09:16:42,532 [main] INFO  server.Server (Server.java:doStart(351)) - jetty-9.3.25.v20180904, build timestamp: 2018-09-04T21:11:46Z, git hash: 3ce520221d0240229c862b122d2b06c12a625732
2019-09-27 09:16:42,533 [main] INFO  handler.ContextHandler (ContextHandler.java:doStart(781)) - Started o.e.j.s.ServletContextHandler@5f05c8d6{/logs,file:///workdir/hadoop-ozone/integration-test/target/log,AVAILABLE}
2019-09-27 09:16:42,534 [main] INFO  handler.ContextHandler (ContextHandler.java:doStart(781)) - Started o.e.j.s.ServletContextHandler@64942607{/static,jar:file:/home/user/.m2/repository/org/apache/hadoop/hadoop-hdds-container-service/0.5.0-SNAPSHOT/hadoop-hdds-container-service-0.5.0-SNAPSHOT.jar!/webapps/static,AVAILABLE}
2019-09-27 09:16:42,562 [main] INFO  handler.ContextHandler (ContextHandler.java:doStart(781)) - Started o.e.j.w.WebAppContext@4fa4f485{/,file:///tmp/jetty-0.0.0.0-46537-hddsDatanode-_-any-2822932411065692366.dir/webapp/,AVAILABLE}{/hddsDatanode}
2019-09-27 09:16:42,562 [main] INFO  server.AbstractConnector (AbstractConnector.java:doStart(278)) - Started ServerConnector@68dd39d2{HTTP/1.1,[http/1.1]}{0.0.0.0:46537}
2019-09-27 09:16:42,563 [main] INFO  server.Server (Server.java:doStart(419)) - Started @148844ms
2019-09-27 09:16:42,563 [main] WARN  impl.MetricsSystemImpl (MetricsSystemImpl.java:register(276)) - Sink prometheus already exists!
2019-09-27 09:16:42,564 [main] INFO  server.BaseHttpServer (BaseHttpServer.java:updateConnectorAddress(215)) - HTTP server of HDDSDATANODE is listening at http://0.0.0.0:46537
2019-09-27 09:16:42,564 [main] INFO  impl.MetricsSystemImpl (MetricsSystemImpl.java:init(158)) - HddsDatanode metrics system started (again)
2019-09-27 09:16:42,567 [org.apache.hadoop.util.JvmPauseMonitor$Monitor@5fc757e8] INFO  util.JvmPauseMonitor (JvmPauseMonitor.java:run(188)) - Starting JVM pause monitor
2019-09-27 09:16:42,567 [main] INFO  ozone.HddsDatanodeService (HddsDatanodeService.java:start(184)) - HddsDatanodeService host:pr-hdds2162-4fxhj-20988671 ip:192.168.151.103
2019-09-27 09:16:42,570 [Datanode State Machine Thread - 0] INFO  datanode.InitDatanodeState (InitDatanodeState.java:persistContainerDatanodeDetails(140)) - DatanodeDetails is persisted to /workdir/hadoop-ozone/integration-test/target/test-dir/MiniOzoneClusterImpl-283270ba-aa50-4746-a1ea-b4b278bb6973/datanode-5/meta/datanode.id
2019-09-27 09:16:42,574 [main] INFO  volume.HddsVolume (HddsVolume.java:<init>(176)) - Creating Volume: /workdir/hadoop-ozone/integration-test/target/test-dir/MiniOzoneClusterImpl-283270ba-aa50-4746-a1ea-b4b278bb6973/datanode-6/data/containers/hdds of  storage type : DISK and capacity : 1482555576320
2019-09-27 09:16:42,574 [main] INFO  volume.VolumeSet (VolumeSet.java:initializeVolumeSet(170)) - Added Volume : /workdir/hadoop-ozone/integration-test/target/test-dir/MiniOzoneClusterImpl-283270ba-aa50-4746-a1ea-b4b278bb6973/datanode-6/data/containers/hdds to VolumeSet
2019-09-27 09:16:42,574 [main] INFO  volume.ThrottledAsyncChecker (ThrottledAsyncChecker.java:schedule(139)) - Scheduling a check for org.apache.hadoop.ozone.container.common.volume.HddsVolume@26ca61bf
2019-09-27 09:16:42,575 [main] INFO  volume.HddsVolumeChecker (HddsVolumeChecker.java:checkAllVolumes(202)) - Scheduled health check for volume org.apache.hadoop.ozone.container.common.volume.HddsVolume@26ca61bf
2019-09-27 09:16:42,587 [main] INFO  impl.RaftServerProxy (ConfUtils.java:logGet(43)) - raft.rpc.type = GRPC (default)
2019-09-27 09:16:42,587 [main] INFO  grpc.GrpcFactory (GrpcFactory.java:checkPooledByteBufAllocatorUseCacheForAllThreads(45)) - PERFORMANCE WARNING: useCacheForAllThreads is true that may cause Netty to create a lot garbage objects and, as a result, trigger GC.
	It is recommended to disable useCacheForAllThreads by setting -Dorg.apache.ratis.thirdparty.io.netty.allocator.useCacheForAllThreads=false in command line.
2019-09-27 09:16:42,587 [main] INFO  grpc.GrpcConfigKeys$Server (ConfUtils.java:logGet(43)) - raft.grpc.server.port = 0 (default)
2019-09-27 09:16:42,587 [main] INFO  server.GrpcService (ConfUtils.java:logGet(43)) - raft.grpc.message.size.max = 33570816 (custom)
2019-09-27 09:16:42,588 [main] INFO  server.RaftServerConfigKeys (ConfUtils.java:logGet(43)) - raft.server.log.appender.buffer.byte-limit = 33554432 (custom)
2019-09-27 09:16:42,588 [main] INFO  server.GrpcService (ConfUtils.java:logGet(43)) - raft.grpc.flow.control.window = 1MB (=1048576) (default)
2019-09-27 09:16:42,588 [main] INFO  server.RaftServerConfigKeys (ConfUtils.java:logGet(43)) - raft.server.rpc.request.timeout = 3000ms (default)
2019-09-27 09:16:42,588 [main] INFO  server.RaftServerConfigKeys (ConfUtils.java:logGet(43)) - raft.server.storage.dir = [/workdir/hadoop-ozone/integration-test/target/test-dir/MiniOzoneClusterImpl-283270ba-aa50-4746-a1ea-b4b278bb6973/datanode-6/data/ratis] (custom)
2019-09-27 09:16:42,590 [main] INFO  hdfs.DFSUtil (DFSUtil.java:httpServerTemplateForNNAndJN(1641)) - Starting Web-server for hddsDatanode at: http://0.0.0.0:0
2019-09-27 09:16:42,595 [main] INFO  server.AuthenticationFilter (AuthenticationFilter.java:constructSecretProvider(240)) - Unable to initialize FileSignerSecretProvider, falling back to use random secrets.
2019-09-27 09:16:42,595 [main] WARN  http.HttpRequestLog (HttpRequestLog.java:getRequestLog(97)) - Jetty request log can only be enabled using Log4j
2019-09-27 09:16:42,596 [main] INFO  http.HttpServer2 (HttpServer2.java:addGlobalFilter(975)) - Added global filter 'safety' (class=org.apache.hadoop.http.HttpServer2$QuotingInputFilter)
2019-09-27 09:16:42,597 [main] INFO  http.HttpServer2 (HttpServer2.java:addFilter(948)) - Added filter static_user_filter (class=org.apache.hadoop.http.lib.StaticUserWebFilter$StaticUserFilter) to context hddsDatanode
2019-09-27 09:16:42,597 [main] INFO  http.HttpServer2 (HttpServer2.java:addFilter(958)) - Added filter static_user_filter (class=org.apache.hadoop.http.lib.StaticUserWebFilter$StaticUserFilter) to context logs
2019-09-27 09:16:42,597 [main] INFO  http.HttpServer2 (HttpServer2.java:addFilter(958)) - Added filter static_user_filter (class=org.apache.hadoop.http.lib.StaticUserWebFilter$StaticUserFilter) to context static
2019-09-27 09:16:42,598 [main] INFO  http.HttpServer2 (HttpServer2.java:bindListener(1191)) - Jetty bound to port 46532
2019-09-27 09:16:42,598 [main] INFO  server.Server (Server.java:doStart(351)) - jetty-9.3.25.v20180904, build timestamp: 2018-09-04T21:11:46Z, git hash: 3ce520221d0240229c862b122d2b06c12a625732
2019-09-27 09:16:42,599 [main] INFO  handler.ContextHandler (ContextHandler.java:doStart(781)) - Started o.e.j.s.ServletContextHandler@5d94a2dc{/logs,file:///workdir/hadoop-ozone/integration-test/target/log,AVAILABLE}
2019-09-27 09:16:42,600 [main] INFO  handler.ContextHandler (ContextHandler.java:doStart(781)) - Started o.e.j.s.ServletContextHandler@59b32539{/static,jar:file:/home/user/.m2/repository/org/apache/hadoop/hadoop-hdds-container-service/0.5.0-SNAPSHOT/hadoop-hdds-container-service-0.5.0-SNAPSHOT.jar!/webapps/static,AVAILABLE}
2019-09-27 09:16:42,627 [main] INFO  handler.ContextHandler (ContextHandler.java:doStart(781)) - Started o.e.j.w.WebAppContext@5649d11a{/,file:///tmp/jetty-0.0.0.0-46532-hddsDatanode-_-any-6304769634787407844.dir/webapp/,AVAILABLE}{/hddsDatanode}
2019-09-27 09:16:42,627 [main] INFO  server.AbstractConnector (AbstractConnector.java:doStart(278)) - Started ServerConnector@294f9d50{HTTP/1.1,[http/1.1]}{0.0.0.0:46532}
2019-09-27 09:16:42,631 [main] INFO  server.Server (Server.java:doStart(419)) - Started @148912ms
2019-09-27 09:16:42,631 [main] WARN  impl.MetricsSystemImpl (MetricsSystemImpl.java:register(276)) - Sink prometheus already exists!
2019-09-27 09:16:42,632 [main] INFO  server.BaseHttpServer (BaseHttpServer.java:updateConnectorAddress(215)) - HTTP server of HDDSDATANODE is listening at http://0.0.0.0:46532
2019-09-27 09:16:42,632 [main] INFO  impl.MetricsSystemImpl (MetricsSystemImpl.java:init(158)) - HddsDatanode metrics system started (again)
2019-09-27 09:16:42,636 [main] INFO  ozone.HddsDatanodeService (HddsDatanodeService.java:start(184)) - HddsDatanodeService host:pr-hdds2162-4fxhj-20988671 ip:192.168.151.103
2019-09-27 09:16:42,636 [org.apache.hadoop.util.JvmPauseMonitor$Monitor@3f93adf4] INFO  util.JvmPauseMonitor (JvmPauseMonitor.java:run(188)) - Starting JVM pause monitor
2019-09-27 09:16:42,638 [Datanode State Machine Thread - 0] INFO  datanode.InitDatanodeState (InitDatanodeState.java:persistContainerDatanodeDetails(140)) - DatanodeDetails is persisted to /workdir/hadoop-ozone/integration-test/target/test-dir/MiniOzoneClusterImpl-283270ba-aa50-4746-a1ea-b4b278bb6973/datanode-6/meta/datanode.id
2019-09-27 09:16:42,642 [main] INFO  volume.HddsVolume (HddsVolume.java:<init>(176)) - Creating Volume: /workdir/hadoop-ozone/integration-test/target/test-dir/MiniOzoneClusterImpl-283270ba-aa50-4746-a1ea-b4b278bb6973/datanode-7/data/containers/hdds of  storage type : DISK and capacity : 1482555576320
2019-09-27 09:16:42,642 [main] INFO  volume.VolumeSet (VolumeSet.java:initializeVolumeSet(170)) - Added Volume : /workdir/hadoop-ozone/integration-test/target/test-dir/MiniOzoneClusterImpl-283270ba-aa50-4746-a1ea-b4b278bb6973/datanode-7/data/containers/hdds to VolumeSet
2019-09-27 09:16:42,642 [main] INFO  volume.ThrottledAsyncChecker (ThrottledAsyncChecker.java:schedule(139)) - Scheduling a check for org.apache.hadoop.ozone.container.common.volume.HddsVolume@2539cd1c
2019-09-27 09:16:42,642 [main] INFO  volume.HddsVolumeChecker (HddsVolumeChecker.java:checkAllVolumes(202)) - Scheduled health check for volume org.apache.hadoop.ozone.container.common.volume.HddsVolume@2539cd1c
2019-09-27 09:16:42,654 [main] INFO  impl.RaftServerProxy (ConfUtils.java:logGet(43)) - raft.rpc.type = GRPC (default)
2019-09-27 09:16:42,655 [main] INFO  grpc.GrpcFactory (GrpcFactory.java:checkPooledByteBufAllocatorUseCacheForAllThreads(45)) - PERFORMANCE WARNING: useCacheForAllThreads is true that may cause Netty to create a lot garbage objects and, as a result, trigger GC.
	It is recommended to disable useCacheForAllThreads by setting -Dorg.apache.ratis.thirdparty.io.netty.allocator.useCacheForAllThreads=false in command line.
2019-09-27 09:16:42,655 [main] INFO  grpc.GrpcConfigKeys$Server (ConfUtils.java:logGet(43)) - raft.grpc.server.port = 0 (default)
2019-09-27 09:16:42,655 [main] INFO  server.GrpcService (ConfUtils.java:logGet(43)) - raft.grpc.message.size.max = 33570816 (custom)
2019-09-27 09:16:42,655 [main] INFO  server.RaftServerConfigKeys (ConfUtils.java:logGet(43)) - raft.server.log.appender.buffer.byte-limit = 33554432 (custom)
2019-09-27 09:16:42,655 [main] INFO  server.GrpcService (ConfUtils.java:logGet(43)) - raft.grpc.flow.control.window = 1MB (=1048576) (default)
2019-09-27 09:16:42,655 [main] INFO  server.RaftServerConfigKeys (ConfUtils.java:logGet(43)) - raft.server.rpc.request.timeout = 3000ms (default)
2019-09-27 09:16:42,656 [main] INFO  server.RaftServerConfigKeys (ConfUtils.java:logGet(43)) - raft.server.storage.dir = [/workdir/hadoop-ozone/integration-test/target/test-dir/MiniOzoneClusterImpl-283270ba-aa50-4746-a1ea-b4b278bb6973/datanode-7/data/ratis] (custom)
2019-09-27 09:16:42,657 [main] INFO  hdfs.DFSUtil (DFSUtil.java:httpServerTemplateForNNAndJN(1641)) - Starting Web-server for hddsDatanode at: http://0.0.0.0:0
2019-09-27 09:16:42,658 [main] INFO  server.AuthenticationFilter (AuthenticationFilter.java:constructSecretProvider(240)) - Unable to initialize FileSignerSecretProvider, falling back to use random secrets.
2019-09-27 09:16:42,659 [main] WARN  http.HttpRequestLog (HttpRequestLog.java:getRequestLog(97)) - Jetty request log can only be enabled using Log4j
2019-09-27 09:16:42,660 [main] INFO  http.HttpServer2 (HttpServer2.java:addGlobalFilter(975)) - Added global filter 'safety' (class=org.apache.hadoop.http.HttpServer2$QuotingInputFilter)
2019-09-27 09:16:42,660 [main] INFO  http.HttpServer2 (HttpServer2.java:addFilter(948)) - Added filter static_user_filter (class=org.apache.hadoop.http.lib.StaticUserWebFilter$StaticUserFilter) to context hddsDatanode
2019-09-27 09:16:42,660 [main] INFO  http.HttpServer2 (HttpServer2.java:addFilter(958)) - Added filter static_user_filter (class=org.apache.hadoop.http.lib.StaticUserWebFilter$StaticUserFilter) to context logs
2019-09-27 09:16:42,660 [main] INFO  http.HttpServer2 (HttpServer2.java:addFilter(958)) - Added filter static_user_filter (class=org.apache.hadoop.http.lib.StaticUserWebFilter$StaticUserFilter) to context static
2019-09-27 09:16:42,661 [main] INFO  http.HttpServer2 (HttpServer2.java:bindListener(1191)) - Jetty bound to port 42428
2019-09-27 09:16:42,661 [main] INFO  server.Server (Server.java:doStart(351)) - jetty-9.3.25.v20180904, build timestamp: 2018-09-04T21:11:46Z, git hash: 3ce520221d0240229c862b122d2b06c12a625732
2019-09-27 09:16:42,663 [main] INFO  handler.ContextHandler (ContextHandler.java:doStart(781)) - Started o.e.j.s.ServletContextHandler@2e463f4{/logs,file:///workdir/hadoop-ozone/integration-test/target/log,AVAILABLE}
2019-09-27 09:16:42,663 [main] INFO  handler.ContextHandler (ContextHandler.java:doStart(781)) - Started o.e.j.s.ServletContextHandler@36ab3814{/static,jar:file:/home/user/.m2/repository/org/apache/hadoop/hadoop-hdds-container-service/0.5.0-SNAPSHOT/hadoop-hdds-container-service-0.5.0-SNAPSHOT.jar!/webapps/static,AVAILABLE}
2019-09-27 09:16:42,686 [main] INFO  handler.ContextHandler (ContextHandler.java:doStart(781)) - Started o.e.j.w.WebAppContext@4eea94a4{/,file:///tmp/jetty-0.0.0.0-42428-hddsDatanode-_-any-5863188652949278426.dir/webapp/,AVAILABLE}{/hddsDatanode}
2019-09-27 09:16:42,686 [main] INFO  server.AbstractConnector (AbstractConnector.java:doStart(278)) - Started ServerConnector@7c281eb8{HTTP/1.1,[http/1.1]}{0.0.0.0:42428}
2019-09-27 09:16:42,687 [main] INFO  server.Server (Server.java:doStart(419)) - Started @148969ms
2019-09-27 09:16:42,688 [main] WARN  impl.MetricsSystemImpl (MetricsSystemImpl.java:register(276)) - Sink prometheus already exists!
2019-09-27 09:16:42,688 [main] INFO  server.BaseHttpServer (BaseHttpServer.java:updateConnectorAddress(215)) - HTTP server of HDDSDATANODE is listening at http://0.0.0.0:42428
2019-09-27 09:16:42,688 [main] INFO  impl.MetricsSystemImpl (MetricsSystemImpl.java:init(158)) - HddsDatanode metrics system started (again)
2019-09-27 09:16:42,692 [org.apache.hadoop.util.JvmPauseMonitor$Monitor@27f675dd] INFO  util.JvmPauseMonitor (JvmPauseMonitor.java:run(188)) - Starting JVM pause monitor
2019-09-27 09:16:42,692 [main] INFO  ozone.HddsDatanodeService (HddsDatanodeService.java:start(184)) - HddsDatanodeService host:pr-hdds2162-4fxhj-20988671 ip:192.168.151.103
2019-09-27 09:16:42,694 [Datanode State Machine Thread - 0] INFO  datanode.InitDatanodeState (InitDatanodeState.java:persistContainerDatanodeDetails(140)) - DatanodeDetails is persisted to /workdir/hadoop-ozone/integration-test/target/test-dir/MiniOzoneClusterImpl-283270ba-aa50-4746-a1ea-b4b278bb6973/datanode-7/meta/datanode.id
2019-09-27 09:16:42,698 [main] INFO  volume.HddsVolume (HddsVolume.java:<init>(176)) - Creating Volume: /workdir/hadoop-ozone/integration-test/target/test-dir/MiniOzoneClusterImpl-283270ba-aa50-4746-a1ea-b4b278bb6973/datanode-8/data/containers/hdds of  storage type : DISK and capacity : 1482555576320
2019-09-27 09:16:42,698 [main] INFO  volume.VolumeSet (VolumeSet.java:initializeVolumeSet(170)) - Added Volume : /workdir/hadoop-ozone/integration-test/target/test-dir/MiniOzoneClusterImpl-283270ba-aa50-4746-a1ea-b4b278bb6973/datanode-8/data/containers/hdds to VolumeSet
2019-09-27 09:16:42,698 [main] INFO  volume.ThrottledAsyncChecker (ThrottledAsyncChecker.java:schedule(139)) - Scheduling a check for org.apache.hadoop.ozone.container.common.volume.HddsVolume@448b808a
2019-09-27 09:16:42,699 [main] INFO  volume.HddsVolumeChecker (HddsVolumeChecker.java:checkAllVolumes(202)) - Scheduled health check for volume org.apache.hadoop.ozone.container.common.volume.HddsVolume@448b808a
2019-09-27 09:16:42,710 [main] INFO  impl.RaftServerProxy (ConfUtils.java:logGet(43)) - raft.rpc.type = GRPC (default)
2019-09-27 09:16:42,710 [main] INFO  grpc.GrpcFactory (GrpcFactory.java:checkPooledByteBufAllocatorUseCacheForAllThreads(45)) - PERFORMANCE WARNING: useCacheForAllThreads is true that may cause Netty to create a lot garbage objects and, as a result, trigger GC.
	It is recommended to disable useCacheForAllThreads by setting -Dorg.apache.ratis.thirdparty.io.netty.allocator.useCacheForAllThreads=false in command line.
2019-09-27 09:16:42,710 [main] INFO  grpc.GrpcConfigKeys$Server (ConfUtils.java:logGet(43)) - raft.grpc.server.port = 0 (default)
2019-09-27 09:16:42,710 [main] INFO  server.GrpcService (ConfUtils.java:logGet(43)) - raft.grpc.message.size.max = 33570816 (custom)
2019-09-27 09:16:42,710 [main] INFO  server.RaftServerConfigKeys (ConfUtils.java:logGet(43)) - raft.server.log.appender.buffer.byte-limit = 33554432 (custom)
2019-09-27 09:16:42,711 [main] INFO  server.GrpcService (ConfUtils.java:logGet(43)) - raft.grpc.flow.control.window = 1MB (=1048576) (default)
2019-09-27 09:16:42,711 [main] INFO  server.RaftServerConfigKeys (ConfUtils.java:logGet(43)) - raft.server.rpc.request.timeout = 3000ms (default)
2019-09-27 09:16:42,711 [main] INFO  server.RaftServerConfigKeys (ConfUtils.java:logGet(43)) - raft.server.storage.dir = [/workdir/hadoop-ozone/integration-test/target/test-dir/MiniOzoneClusterImpl-283270ba-aa50-4746-a1ea-b4b278bb6973/datanode-8/data/ratis] (custom)
2019-09-27 09:16:42,712 [main] INFO  hdfs.DFSUtil (DFSUtil.java:httpServerTemplateForNNAndJN(1641)) - Starting Web-server for hddsDatanode at: http://0.0.0.0:0
2019-09-27 09:16:42,713 [main] INFO  server.AuthenticationFilter (AuthenticationFilter.java:constructSecretProvider(240)) - Unable to initialize FileSignerSecretProvider, falling back to use random secrets.
2019-09-27 09:16:42,714 [main] WARN  http.HttpRequestLog (HttpRequestLog.java:getRequestLog(97)) - Jetty request log can only be enabled using Log4j
2019-09-27 09:16:42,715 [main] INFO  http.HttpServer2 (HttpServer2.java:addGlobalFilter(975)) - Added global filter 'safety' (class=org.apache.hadoop.http.HttpServer2$QuotingInputFilter)
2019-09-27 09:16:42,715 [main] INFO  http.HttpServer2 (HttpServer2.java:addFilter(948)) - Added filter static_user_filter (class=org.apache.hadoop.http.lib.StaticUserWebFilter$StaticUserFilter) to context hddsDatanode
2019-09-27 09:16:42,715 [main] INFO  http.HttpServer2 (HttpServer2.java:addFilter(958)) - Added filter static_user_filter (class=org.apache.hadoop.http.lib.StaticUserWebFilter$StaticUserFilter) to context logs
2019-09-27 09:16:42,716 [main] INFO  http.HttpServer2 (HttpServer2.java:addFilter(958)) - Added filter static_user_filter (class=org.apache.hadoop.http.lib.StaticUserWebFilter$StaticUserFilter) to context static
2019-09-27 09:16:42,716 [main] INFO  http.HttpServer2 (HttpServer2.java:bindListener(1191)) - Jetty bound to port 36052
2019-09-27 09:16:42,716 [main] INFO  server.Server (Server.java:doStart(351)) - jetty-9.3.25.v20180904, build timestamp: 2018-09-04T21:11:46Z, git hash: 3ce520221d0240229c862b122d2b06c12a625732
2019-09-27 09:16:42,718 [main] INFO  handler.ContextHandler (ContextHandler.java:doStart(781)) - Started o.e.j.s.ServletContextHandler@3a17b2e3{/logs,file:///workdir/hadoop-ozone/integration-test/target/log,AVAILABLE}
2019-09-27 09:16:42,718 [main] INFO  handler.ContextHandler (ContextHandler.java:doStart(781)) - Started o.e.j.s.ServletContextHandler@310ed6b4{/static,jar:file:/home/user/.m2/repository/org/apache/hadoop/hadoop-hdds-container-service/0.5.0-SNAPSHOT/hadoop-hdds-container-service-0.5.0-SNAPSHOT.jar!/webapps/static,AVAILABLE}
2019-09-27 09:16:42,741 [main] INFO  handler.ContextHandler (ContextHandler.java:doStart(781)) - Started o.e.j.w.WebAppContext@16a2ed51{/,file:///tmp/jetty-0.0.0.0-36052-hddsDatanode-_-any-1678144923522208199.dir/webapp/,AVAILABLE}{/hddsDatanode}
2019-09-27 09:16:42,741 [main] INFO  server.AbstractConnector (AbstractConnector.java:doStart(278)) - Started ServerConnector@3b332962{HTTP/1.1,[http/1.1]}{0.0.0.0:36052}
2019-09-27 09:16:42,743 [main] INFO  server.Server (Server.java:doStart(419)) - Started @149024ms
2019-09-27 09:16:42,743 [main] WARN  impl.MetricsSystemImpl (MetricsSystemImpl.java:register(276)) - Sink prometheus already exists!
2019-09-27 09:16:42,744 [main] INFO  server.BaseHttpServer (BaseHttpServer.java:updateConnectorAddress(215)) - HTTP server of HDDSDATANODE is listening at http://0.0.0.0:36052
2019-09-27 09:16:42,744 [main] INFO  impl.MetricsSystemImpl (MetricsSystemImpl.java:init(158)) - HddsDatanode metrics system started (again)
2019-09-27 09:16:42,747 [org.apache.hadoop.util.JvmPauseMonitor$Monitor@4e6ddd42] INFO  util.JvmPauseMonitor (JvmPauseMonitor.java:run(188)) - Starting JVM pause monitor
2019-09-27 09:16:42,747 [main] INFO  ozone.HddsDatanodeService (HddsDatanodeService.java:start(184)) - HddsDatanodeService host:pr-hdds2162-4fxhj-20988671 ip:192.168.151.103
2019-09-27 09:16:42,749 [Datanode State Machine Thread - 0] INFO  datanode.InitDatanodeState (InitDatanodeState.java:persistContainerDatanodeDetails(140)) - DatanodeDetails is persisted to /workdir/hadoop-ozone/integration-test/target/test-dir/MiniOzoneClusterImpl-283270ba-aa50-4746-a1ea-b4b278bb6973/datanode-8/meta/datanode.id
2019-09-27 09:16:42,759 [main] INFO  volume.HddsVolume (HddsVolume.java:<init>(176)) - Creating Volume: /workdir/hadoop-ozone/integration-test/target/test-dir/MiniOzoneClusterImpl-283270ba-aa50-4746-a1ea-b4b278bb6973/datanode-9/data/containers/hdds of  storage type : DISK and capacity : 1482555576320
2019-09-27 09:16:42,759 [main] INFO  volume.VolumeSet (VolumeSet.java:initializeVolumeSet(170)) - Added Volume : /workdir/hadoop-ozone/integration-test/target/test-dir/MiniOzoneClusterImpl-283270ba-aa50-4746-a1ea-b4b278bb6973/datanode-9/data/containers/hdds to VolumeSet
2019-09-27 09:16:42,760 [main] INFO  volume.ThrottledAsyncChecker (ThrottledAsyncChecker.java:schedule(139)) - Scheduling a check for org.apache.hadoop.ozone.container.common.volume.HddsVolume@4e224df5
2019-09-27 09:16:42,760 [main] INFO  volume.HddsVolumeChecker (HddsVolumeChecker.java:checkAllVolumes(202)) - Scheduled health check for volume org.apache.hadoop.ozone.container.common.volume.HddsVolume@4e224df5
2019-09-27 09:16:42,771 [main] INFO  impl.RaftServerProxy (ConfUtils.java:logGet(43)) - raft.rpc.type = GRPC (default)
2019-09-27 09:16:42,771 [main] INFO  grpc.GrpcFactory (GrpcFactory.java:checkPooledByteBufAllocatorUseCacheForAllThreads(45)) - PERFORMANCE WARNING: useCacheForAllThreads is true that may cause Netty to create a lot garbage objects and, as a result, trigger GC.
	It is recommended to disable useCacheForAllThreads by setting -Dorg.apache.ratis.thirdparty.io.netty.allocator.useCacheForAllThreads=false in command line.
2019-09-27 09:16:42,771 [main] INFO  grpc.GrpcConfigKeys$Server (ConfUtils.java:logGet(43)) - raft.grpc.server.port = 0 (default)
2019-09-27 09:16:42,771 [main] INFO  server.GrpcService (ConfUtils.java:logGet(43)) - raft.grpc.message.size.max = 33570816 (custom)
2019-09-27 09:16:42,772 [main] INFO  server.RaftServerConfigKeys (ConfUtils.java:logGet(43)) - raft.server.log.appender.buffer.byte-limit = 33554432 (custom)
2019-09-27 09:16:42,772 [main] INFO  server.GrpcService (ConfUtils.java:logGet(43)) - raft.grpc.flow.control.window = 1MB (=1048576) (default)
2019-09-27 09:16:42,772 [main] INFO  server.RaftServerConfigKeys (ConfUtils.java:logGet(43)) - raft.server.rpc.request.timeout = 3000ms (default)
2019-09-27 09:16:42,772 [main] INFO  server.RaftServerConfigKeys (ConfUtils.java:logGet(43)) - raft.server.storage.dir = [/workdir/hadoop-ozone/integration-test/target/test-dir/MiniOzoneClusterImpl-283270ba-aa50-4746-a1ea-b4b278bb6973/datanode-9/data/ratis] (custom)
2019-09-27 09:16:42,774 [main] INFO  hdfs.DFSUtil (DFSUtil.java:httpServerTemplateForNNAndJN(1641)) - Starting Web-server for hddsDatanode at: http://0.0.0.0:0
2019-09-27 09:16:42,775 [main] INFO  server.AuthenticationFilter (AuthenticationFilter.java:constructSecretProvider(240)) - Unable to initialize FileSignerSecretProvider, falling back to use random secrets.
2019-09-27 09:16:42,775 [main] WARN  http.HttpRequestLog (HttpRequestLog.java:getRequestLog(97)) - Jetty request log can only be enabled using Log4j
2019-09-27 09:16:42,776 [main] INFO  http.HttpServer2 (HttpServer2.java:addGlobalFilter(975)) - Added global filter 'safety' (class=org.apache.hadoop.http.HttpServer2$QuotingInputFilter)
2019-09-27 09:16:42,777 [main] INFO  http.HttpServer2 (HttpServer2.java:addFilter(948)) - Added filter static_user_filter (class=org.apache.hadoop.http.lib.StaticUserWebFilter$StaticUserFilter) to context hddsDatanode
2019-09-27 09:16:42,777 [main] INFO  http.HttpServer2 (HttpServer2.java:addFilter(958)) - Added filter static_user_filter (class=org.apache.hadoop.http.lib.StaticUserWebFilter$StaticUserFilter) to context logs
2019-09-27 09:16:42,777 [main] INFO  http.HttpServer2 (HttpServer2.java:addFilter(958)) - Added filter static_user_filter (class=org.apache.hadoop.http.lib.StaticUserWebFilter$StaticUserFilter) to context static
2019-09-27 09:16:42,777 [main] INFO  http.HttpServer2 (HttpServer2.java:bindListener(1191)) - Jetty bound to port 33710
2019-09-27 09:16:42,778 [main] INFO  server.Server (Server.java:doStart(351)) - jetty-9.3.25.v20180904, build timestamp: 2018-09-04T21:11:46Z, git hash: 3ce520221d0240229c862b122d2b06c12a625732
2019-09-27 09:16:42,779 [main] INFO  handler.ContextHandler (ContextHandler.java:doStart(781)) - Started o.e.j.s.ServletContextHandler@79f90a3a{/logs,file:///workdir/hadoop-ozone/integration-test/target/log,AVAILABLE}
2019-09-27 09:16:42,779 [main] INFO  handler.ContextHandler (ContextHandler.java:doStart(781)) - Started o.e.j.s.ServletContextHandler@67b355c8{/static,jar:file:/home/user/.m2/repository/org/apache/hadoop/hadoop-hdds-container-service/0.5.0-SNAPSHOT/hadoop-hdds-container-service-0.5.0-SNAPSHOT.jar!/webapps/static,AVAILABLE}
2019-09-27 09:16:42,804 [main] INFO  handler.ContextHandler (ContextHandler.java:doStart(781)) - Started o.e.j.w.WebAppContext@a6c54c3{/,file:///tmp/jetty-0.0.0.0-33710-hddsDatanode-_-any-2648426970269747746.dir/webapp/,AVAILABLE}{/hddsDatanode}
2019-09-27 09:16:42,804 [main] INFO  server.AbstractConnector (AbstractConnector.java:doStart(278)) - Started ServerConnector@580fd26b{HTTP/1.1,[http/1.1]}{0.0.0.0:33710}
2019-09-27 09:16:42,806 [main] INFO  server.Server (Server.java:doStart(419)) - Started @149087ms
2019-09-27 09:16:42,806 [main] WARN  impl.MetricsSystemImpl (MetricsSystemImpl.java:register(276)) - Sink prometheus already exists!
2019-09-27 09:16:42,807 [main] INFO  server.BaseHttpServer (BaseHttpServer.java:updateConnectorAddress(215)) - HTTP server of HDDSDATANODE is listening at http://0.0.0.0:33710
2019-09-27 09:16:42,807 [main] INFO  ozone.MiniOzoneClusterImpl (MiniOzoneClusterImpl.java:lambda$waitForClusterToBeReady$0(147)) - Waiting for cluster to be ready. Got 0 of 10 DN Heartbeats.
2019-09-27 09:16:42,808 [org.apache.hadoop.util.JvmPauseMonitor$Monitor@3c77e09e] INFO  util.JvmPauseMonitor (JvmPauseMonitor.java:run(188)) - Starting JVM pause monitor
2019-09-27 09:16:42,809 [Datanode State Machine Thread - 0] INFO  datanode.InitDatanodeState (InitDatanodeState.java:persistContainerDatanodeDetails(140)) - DatanodeDetails is persisted to /workdir/hadoop-ozone/integration-test/target/test-dir/MiniOzoneClusterImpl-283270ba-aa50-4746-a1ea-b4b278bb6973/datanode-9/meta/datanode.id
2019-09-27 09:16:43,807 [main] INFO  ozone.MiniOzoneClusterImpl (MiniOzoneClusterImpl.java:lambda$waitForClusterToBeReady$0(147)) - Waiting for cluster to be ready. Got 0 of 10 DN Heartbeats.
2019-09-27 09:16:44,237 [Datanode State Machine Thread - 0] INFO  ozoneimpl.OzoneContainer (OzoneContainer.java:start(217)) - Attempting to start container services.
2019-09-27 09:16:44,237 [Datanode State Machine Thread - 0] INFO  ozoneimpl.OzoneContainer (OzoneContainer.java:startContainerScrub(179)) - Background container scanner has been disabled.
2019-09-27 09:16:44,237 [Datanode State Machine Thread - 0] INFO  ratis.XceiverServerRatis (XceiverServerRatis.java:start(411)) - Starting XceiverServerRatis 825f4d3a-e44b-481a-a24b-9ae922a259ab at port 0
2019-09-27 09:16:44,244 [Datanode State Machine Thread - 0] INFO  impl.RaftServerProxy (RaftServerProxy.java:lambda$start$3(299)) - 825f4d3a-e44b-481a-a24b-9ae922a259ab: start RPC server
2019-09-27 09:16:44,246 [Datanode State Machine Thread - 0] INFO  server.GrpcService (GrpcService.java:startImpl(158)) - 825f4d3a-e44b-481a-a24b-9ae922a259ab: GrpcService started, listening on 0.0.0.0/0.0.0.0:34079
2019-09-27 09:16:44,246 [Datanode State Machine Thread - 0] INFO  ratis.XceiverServerRatis (XceiverServerRatis.java:start(421)) - XceiverServerRatis 825f4d3a-e44b-481a-a24b-9ae922a259ab is started using port 34079
2019-09-27 09:16:44,248 [Datanode State Machine Thread - 0] INFO  server.XceiverServerGrpc (XceiverServerGrpc.java:start(149)) - XceiverServerGrpc 825f4d3a-e44b-481a-a24b-9ae922a259ab is started using port 39724
2019-09-27 09:16:44,295 [Datanode State Machine Thread - 0] INFO  ozoneimpl.OzoneContainer (OzoneContainer.java:start(217)) - Attempting to start container services.
2019-09-27 09:16:44,296 [Datanode State Machine Thread - 0] INFO  ozoneimpl.OzoneContainer (OzoneContainer.java:startContainerScrub(179)) - Background container scanner has been disabled.
2019-09-27 09:16:44,296 [Datanode State Machine Thread - 0] INFO  ratis.XceiverServerRatis (XceiverServerRatis.java:start(411)) - Starting XceiverServerRatis dcfd2284-ad1e-4267-a15d-7e148c2289cb at port 0
2019-09-27 09:16:44,302 [Datanode State Machine Thread - 0] INFO  impl.RaftServerProxy (RaftServerProxy.java:lambda$start$3(299)) - dcfd2284-ad1e-4267-a15d-7e148c2289cb: start RPC server
2019-09-27 09:16:44,305 [Datanode State Machine Thread - 0] INFO  server.GrpcService (GrpcService.java:startImpl(158)) - dcfd2284-ad1e-4267-a15d-7e148c2289cb: GrpcService started, listening on 0.0.0.0/0.0.0.0:35614
2019-09-27 09:16:44,305 [Datanode State Machine Thread - 0] INFO  ratis.XceiverServerRatis (XceiverServerRatis.java:start(421)) - XceiverServerRatis dcfd2284-ad1e-4267-a15d-7e148c2289cb is started using port 35614
2019-09-27 09:16:44,308 [Datanode State Machine Thread - 0] INFO  server.XceiverServerGrpc (XceiverServerGrpc.java:start(149)) - XceiverServerGrpc dcfd2284-ad1e-4267-a15d-7e148c2289cb is started using port 42405
2019-09-27 09:16:44,374 [Datanode State Machine Thread - 0] INFO  ozoneimpl.OzoneContainer (OzoneContainer.java:start(217)) - Attempting to start container services.
2019-09-27 09:16:44,374 [Datanode State Machine Thread - 0] INFO  ozoneimpl.OzoneContainer (OzoneContainer.java:startContainerScrub(179)) - Background container scanner has been disabled.
2019-09-27 09:16:44,374 [Datanode State Machine Thread - 0] INFO  ratis.XceiverServerRatis (XceiverServerRatis.java:start(411)) - Starting XceiverServerRatis d1b97505-207e-4333-b006-552a83aa594e at port 0
2019-09-27 09:16:44,381 [Datanode State Machine Thread - 0] INFO  impl.RaftServerProxy (RaftServerProxy.java:lambda$start$3(299)) - d1b97505-207e-4333-b006-552a83aa594e: start RPC server
2019-09-27 09:16:44,384 [Datanode State Machine Thread - 0] INFO  server.GrpcService (GrpcService.java:startImpl(158)) - d1b97505-207e-4333-b006-552a83aa594e: GrpcService started, listening on 0.0.0.0/0.0.0.0:33569
2019-09-27 09:16:44,384 [Datanode State Machine Thread - 0] INFO  ratis.XceiverServerRatis (XceiverServerRatis.java:start(421)) - XceiverServerRatis d1b97505-207e-4333-b006-552a83aa594e is started using port 33569
2019-09-27 09:16:44,387 [Datanode State Machine Thread - 0] INFO  server.XceiverServerGrpc (XceiverServerGrpc.java:start(149)) - XceiverServerGrpc d1b97505-207e-4333-b006-552a83aa594e is started using port 45200
2019-09-27 09:16:44,454 [Datanode State Machine Thread - 0] INFO  ozoneimpl.OzoneContainer (OzoneContainer.java:start(217)) - Attempting to start container services.
2019-09-27 09:16:44,454 [Datanode State Machine Thread - 0] INFO  ozoneimpl.OzoneContainer (OzoneContainer.java:startContainerScrub(179)) - Background container scanner has been disabled.
2019-09-27 09:16:44,454 [Datanode State Machine Thread - 0] INFO  ratis.XceiverServerRatis (XceiverServerRatis.java:start(411)) - Starting XceiverServerRatis 21577378-437d-465b-9240-181d0141bc6a at port 0
2019-09-27 09:16:44,461 [Datanode State Machine Thread - 0] INFO  impl.RaftServerProxy (RaftServerProxy.java:lambda$start$3(299)) - 21577378-437d-465b-9240-181d0141bc6a: start RPC server
2019-09-27 09:16:44,462 [Datanode State Machine Thread - 0] INFO  server.GrpcService (GrpcService.java:startImpl(158)) - 21577378-437d-465b-9240-181d0141bc6a: GrpcService started, listening on 0.0.0.0/0.0.0.0:35538
2019-09-27 09:16:44,462 [Datanode State Machine Thread - 0] INFO  ratis.XceiverServerRatis (XceiverServerRatis.java:start(421)) - XceiverServerRatis 21577378-437d-465b-9240-181d0141bc6a is started using port 35538
2019-09-27 09:16:44,462 [Datanode State Machine Thread - 0] INFO  server.XceiverServerGrpc (XceiverServerGrpc.java:start(149)) - XceiverServerGrpc 21577378-437d-465b-9240-181d0141bc6a is started using port 45756
2019-09-27 09:16:44,517 [Datanode State Machine Thread - 0] INFO  ozoneimpl.OzoneContainer (OzoneContainer.java:start(217)) - Attempting to start container services.
2019-09-27 09:16:44,517 [Datanode State Machine Thread - 0] INFO  ozoneimpl.OzoneContainer (OzoneContainer.java:startContainerScrub(179)) - Background container scanner has been disabled.
2019-09-27 09:16:44,517 [Datanode State Machine Thread - 0] INFO  ratis.XceiverServerRatis (XceiverServerRatis.java:start(411)) - Starting XceiverServerRatis 88f71ae2-1168-411a-bccc-2088b7ef8e3f at port 0
2019-09-27 09:16:44,523 [Datanode State Machine Thread - 0] INFO  impl.RaftServerProxy (RaftServerProxy.java:lambda$start$3(299)) - 88f71ae2-1168-411a-bccc-2088b7ef8e3f: start RPC server
2019-09-27 09:16:44,524 [Datanode State Machine Thread - 0] INFO  server.GrpcService (GrpcService.java:startImpl(158)) - 88f71ae2-1168-411a-bccc-2088b7ef8e3f: GrpcService started, listening on 0.0.0.0/0.0.0.0:33365
2019-09-27 09:16:44,524 [Datanode State Machine Thread - 0] INFO  ratis.XceiverServerRatis (XceiverServerRatis.java:start(421)) - XceiverServerRatis 88f71ae2-1168-411a-bccc-2088b7ef8e3f is started using port 33365
2019-09-27 09:16:44,528 [Datanode State Machine Thread - 0] INFO  server.XceiverServerGrpc (XceiverServerGrpc.java:start(149)) - XceiverServerGrpc 88f71ae2-1168-411a-bccc-2088b7ef8e3f is started using port 41913
2019-09-27 09:16:44,582 [Datanode State Machine Thread - 0] INFO  ozoneimpl.OzoneContainer (OzoneContainer.java:start(217)) - Attempting to start container services.
2019-09-27 09:16:44,583 [Datanode State Machine Thread - 0] INFO  ozoneimpl.OzoneContainer (OzoneContainer.java:startContainerScrub(179)) - Background container scanner has been disabled.
2019-09-27 09:16:44,583 [Datanode State Machine Thread - 0] INFO  ratis.XceiverServerRatis (XceiverServerRatis.java:start(411)) - Starting XceiverServerRatis e6dfef88-aea8-482b-83fb-8e87a0e55ccd at port 0
2019-09-27 09:16:44,589 [Datanode State Machine Thread - 0] INFO  impl.RaftServerProxy (RaftServerProxy.java:lambda$start$3(299)) - e6dfef88-aea8-482b-83fb-8e87a0e55ccd: start RPC server
2019-09-27 09:16:44,590 [Datanode State Machine Thread - 0] INFO  server.GrpcService (GrpcService.java:startImpl(158)) - e6dfef88-aea8-482b-83fb-8e87a0e55ccd: GrpcService started, listening on 0.0.0.0/0.0.0.0:39305
2019-09-27 09:16:44,590 [Datanode State Machine Thread - 0] INFO  ratis.XceiverServerRatis (XceiverServerRatis.java:start(421)) - XceiverServerRatis e6dfef88-aea8-482b-83fb-8e87a0e55ccd is started using port 39305
2019-09-27 09:16:44,590 [Datanode State Machine Thread - 0] INFO  server.XceiverServerGrpc (XceiverServerGrpc.java:start(149)) - XceiverServerGrpc e6dfef88-aea8-482b-83fb-8e87a0e55ccd is started using port 41128
2019-09-27 09:16:44,649 [Datanode State Machine Thread - 0] INFO  ozoneimpl.OzoneContainer (OzoneContainer.java:start(217)) - Attempting to start container services.
2019-09-27 09:16:44,650 [Datanode State Machine Thread - 0] INFO  ozoneimpl.OzoneContainer (OzoneContainer.java:startContainerScrub(179)) - Background container scanner has been disabled.
2019-09-27 09:16:44,650 [Datanode State Machine Thread - 0] INFO  ratis.XceiverServerRatis (XceiverServerRatis.java:start(411)) - Starting XceiverServerRatis e557a3b1-6e95-4f35-a3e1-c0da55ea7bc1 at port 0
2019-09-27 09:16:44,656 [Datanode State Machine Thread - 0] INFO  impl.RaftServerProxy (RaftServerProxy.java:lambda$start$3(299)) - e557a3b1-6e95-4f35-a3e1-c0da55ea7bc1: start RPC server
2019-09-27 09:16:44,657 [Datanode State Machine Thread - 0] INFO  server.GrpcService (GrpcService.java:startImpl(158)) - e557a3b1-6e95-4f35-a3e1-c0da55ea7bc1: GrpcService started, listening on 0.0.0.0/0.0.0.0:39568
2019-09-27 09:16:44,657 [Datanode State Machine Thread - 0] INFO  ratis.XceiverServerRatis (XceiverServerRatis.java:start(421)) - XceiverServerRatis e557a3b1-6e95-4f35-a3e1-c0da55ea7bc1 is started using port 39568
2019-09-27 09:16:44,671 [Datanode State Machine Thread - 0] INFO  server.XceiverServerGrpc (XceiverServerGrpc.java:start(149)) - XceiverServerGrpc e557a3b1-6e95-4f35-a3e1-c0da55ea7bc1 is started using port 43812
2019-09-27 09:16:44,705 [Datanode State Machine Thread - 0] INFO  ozoneimpl.OzoneContainer (OzoneContainer.java:start(217)) - Attempting to start container services.
2019-09-27 09:16:44,706 [Datanode State Machine Thread - 0] INFO  ozoneimpl.OzoneContainer (OzoneContainer.java:startContainerScrub(179)) - Background container scanner has been disabled.
2019-09-27 09:16:44,706 [Datanode State Machine Thread - 0] INFO  ratis.XceiverServerRatis (XceiverServerRatis.java:start(411)) - Starting XceiverServerRatis debaddba-7ce7-4ada-b450-9c5d896bdac5 at port 0
2019-09-27 09:16:44,712 [Datanode State Machine Thread - 0] INFO  impl.RaftServerProxy (RaftServerProxy.java:lambda$start$3(299)) - debaddba-7ce7-4ada-b450-9c5d896bdac5: start RPC server
2019-09-27 09:16:44,713 [Datanode State Machine Thread - 0] INFO  server.GrpcService (GrpcService.java:startImpl(158)) - debaddba-7ce7-4ada-b450-9c5d896bdac5: GrpcService started, listening on 0.0.0.0/0.0.0.0:37277
2019-09-27 09:16:44,714 [Datanode State Machine Thread - 0] INFO  ratis.XceiverServerRatis (XceiverServerRatis.java:start(421)) - XceiverServerRatis debaddba-7ce7-4ada-b450-9c5d896bdac5 is started using port 37277
2019-09-27 09:16:44,717 [Datanode State Machine Thread - 0] INFO  server.XceiverServerGrpc (XceiverServerGrpc.java:start(149)) - XceiverServerGrpc debaddba-7ce7-4ada-b450-9c5d896bdac5 is started using port 35757
2019-09-27 09:16:44,762 [Datanode State Machine Thread - 0] INFO  ozoneimpl.OzoneContainer (OzoneContainer.java:start(217)) - Attempting to start container services.
2019-09-27 09:16:44,762 [Datanode State Machine Thread - 0] INFO  ozoneimpl.OzoneContainer (OzoneContainer.java:startContainerScrub(179)) - Background container scanner has been disabled.
2019-09-27 09:16:44,762 [Datanode State Machine Thread - 0] INFO  ratis.XceiverServerRatis (XceiverServerRatis.java:start(411)) - Starting XceiverServerRatis ac644bf3-7673-4e49-8339-55bbab6b6107 at port 0
2019-09-27 09:16:44,769 [Datanode State Machine Thread - 0] INFO  impl.RaftServerProxy (RaftServerProxy.java:lambda$start$3(299)) - ac644bf3-7673-4e49-8339-55bbab6b6107: start RPC server
2019-09-27 09:16:44,769 [Datanode State Machine Thread - 0] INFO  server.GrpcService (GrpcService.java:startImpl(158)) - ac644bf3-7673-4e49-8339-55bbab6b6107: GrpcService started, listening on 0.0.0.0/0.0.0.0:33867
2019-09-27 09:16:44,770 [Datanode State Machine Thread - 0] INFO  ratis.XceiverServerRatis (XceiverServerRatis.java:start(421)) - XceiverServerRatis ac644bf3-7673-4e49-8339-55bbab6b6107 is started using port 33867
2019-09-27 09:16:44,774 [Datanode State Machine Thread - 0] INFO  server.XceiverServerGrpc (XceiverServerGrpc.java:start(149)) - XceiverServerGrpc ac644bf3-7673-4e49-8339-55bbab6b6107 is started using port 35847
2019-09-27 09:16:44,808 [main] INFO  ozone.MiniOzoneClusterImpl (MiniOzoneClusterImpl.java:lambda$waitForClusterToBeReady$0(147)) - Waiting for cluster to be ready. Got 0 of 10 DN Heartbeats.
2019-09-27 09:16:44,823 [Datanode State Machine Thread - 0] INFO  ozoneimpl.OzoneContainer (OzoneContainer.java:start(217)) - Attempting to start container services.
2019-09-27 09:16:44,824 [Datanode State Machine Thread - 0] INFO  ozoneimpl.OzoneContainer (OzoneContainer.java:startContainerScrub(179)) - Background container scanner has been disabled.
2019-09-27 09:16:44,824 [Datanode State Machine Thread - 0] INFO  ratis.XceiverServerRatis (XceiverServerRatis.java:start(411)) - Starting XceiverServerRatis 4d5d320f-7099-447d-88bd-f0759179e632 at port 0
2019-09-27 09:16:44,830 [Datanode State Machine Thread - 0] INFO  impl.RaftServerProxy (RaftServerProxy.java:lambda$start$3(299)) - 4d5d320f-7099-447d-88bd-f0759179e632: start RPC server
2019-09-27 09:16:44,831 [Datanode State Machine Thread - 0] INFO  server.GrpcService (GrpcService.java:startImpl(158)) - 4d5d320f-7099-447d-88bd-f0759179e632: GrpcService started, listening on 0.0.0.0/0.0.0.0:44930
2019-09-27 09:16:44,831 [Datanode State Machine Thread - 0] INFO  ratis.XceiverServerRatis (XceiverServerRatis.java:start(421)) - XceiverServerRatis 4d5d320f-7099-447d-88bd-f0759179e632 is started using port 44930
2019-09-27 09:16:44,846 [Datanode State Machine Thread - 0] INFO  server.XceiverServerGrpc (XceiverServerGrpc.java:start(149)) - XceiverServerGrpc 4d5d320f-7099-447d-88bd-f0759179e632 is started using port 42822
2019-09-27 09:16:45,808 [main] INFO  ozone.MiniOzoneClusterImpl (MiniOzoneClusterImpl.java:lambda$waitForClusterToBeReady$0(147)) - Waiting for cluster to be ready. Got 0 of 10 DN Heartbeats.
2019-09-27 09:16:46,219 [IPC Server handler 4 on 39927] INFO  net.NetworkTopology (NetworkTopologyImpl.java:add(111)) - Added a new node: /rack1/825f4d3a-e44b-481a-a24b-9ae922a259ab
2019-09-27 09:16:46,222 [IPC Server handler 4 on 39927] INFO  node.SCMNodeManager (SCMNodeManager.java:register(266)) - Registered Data node : 825f4d3a-e44b-481a-a24b-9ae922a259ab{ip: 192.168.151.103, host: pr-hdds2162-4fxhj-20988671, networkLocation: /rack1, certSerialId: null}
2019-09-27 09:16:46,223 [EventQueue-NodeRegistrationContainerReportForDataNodeSafeModeRule] INFO  safemode.SCMSafeModeManager (DataNodeSafeModeRule.java:process(71)) - SCM in safe mode. 1 DataNodes registered, 1 required.
2019-09-27 09:16:46,226 [EventQueue-NodeRegistrationContainerReportForDataNodeSafeModeRule] INFO  safemode.SCMSafeModeManager (SCMSafeModeManager.java:validateSafeModeExitRules(177)) - ScmSafeModeManager, all rules are successfully validated
2019-09-27 09:16:46,226 [EventQueue-NodeRegistrationContainerReportForDataNodeSafeModeRule] INFO  safemode.SCMSafeModeManager (SCMSafeModeManager.java:exitSafeMode(193)) - SCM exiting safe mode.
2019-09-27 09:16:46,257 [grpc-default-executor-0] INFO  impl.RaftServerProxy (RaftServerProxy.java:addNew(89)) - 825f4d3a-e44b-481a-a24b-9ae922a259ab: addNew group-A9F3DC797322:[825f4d3a-e44b-481a-a24b-9ae922a259ab:192.168.151.103:34079] returns group-A9F3DC797322:java.util.concurrent.CompletableFuture@18dd81c1[Not completed]
2019-09-27 09:16:46,260 [pool-147-thread-1] INFO  impl.RaftServerImpl (RaftServerImpl.java:<init>(95)) - 825f4d3a-e44b-481a-a24b-9ae922a259ab: new RaftServerImpl for group-A9F3DC797322:[825f4d3a-e44b-481a-a24b-9ae922a259ab:192.168.151.103:34079] with ContainerStateMachine:uninitialized
2019-09-27 09:16:46,260 [pool-147-thread-1] INFO  server.RaftServerConfigKeys (ConfUtils.java:logGet(43)) - raft.server.rpc.timeout.min = 1s (custom)
2019-09-27 09:16:46,261 [pool-147-thread-1] INFO  server.RaftServerConfigKeys (ConfUtils.java:logGet(43)) - raft.server.rpc.timeout.max = 1200ms (custom)
2019-09-27 09:16:46,261 [pool-147-thread-1] INFO  server.RaftServerConfigKeys (ConfUtils.java:logGet(43)) - raft.server.rpcslowness.timeout = 120s (custom)
2019-09-27 09:16:46,261 [pool-147-thread-1] INFO  server.RaftServerConfigKeys (ConfUtils.java:logGet(43)) - raft.server.sleep.deviation.threshold = 300 (default)
2019-09-27 09:16:46,261 [pool-147-thread-1] INFO  server.RaftServerConfigKeys (ConfUtils.java:logGet(43)) - raft.server.log.appender.install.snapshot.enabled = false (custom)
2019-09-27 09:16:46,261 [pool-147-thread-1] INFO  impl.RaftServerImpl (ServerState.java:<init>(103)) - 825f4d3a-e44b-481a-a24b-9ae922a259ab@group-A9F3DC797322: ConfigurationManager, init=-1: [825f4d3a-e44b-481a-a24b-9ae922a259ab:192.168.151.103:34079], old=null, confs=<EMPTY_MAP>
2019-09-27 09:16:46,262 [pool-147-thread-1] INFO  server.RaftServerConfigKeys (ConfUtils.java:logGet(43)) - raft.server.storage.dir = [/workdir/hadoop-ozone/integration-test/target/test-dir/MiniOzoneClusterImpl-283270ba-aa50-4746-a1ea-b4b278bb6973/datanode-0/data/ratis] (custom)
2019-09-27 09:16:46,262 [pool-147-thread-1] INFO  storage.RaftStorageDirectory (RaftStorageDirectory.java:analyzeStorage(246)) - The storage directory /workdir/hadoop-ozone/integration-test/target/test-dir/MiniOzoneClusterImpl-283270ba-aa50-4746-a1ea-b4b278bb6973/datanode-0/data/ratis/b439620c-a54a-44fa-8909-a9f3dc797322 does not exist. Creating ...
2019-09-27 09:16:46,276 [pool-147-thread-1] INFO  storage.RaftStorageDirectory (RaftStorageDirectory.java:tryLock(328)) - Lock on /workdir/hadoop-ozone/integration-test/target/test-dir/MiniOzoneClusterImpl-283270ba-aa50-4746-a1ea-b4b278bb6973/datanode-0/data/ratis/b439620c-a54a-44fa-8909-a9f3dc797322/in_use.lock acquired by nodename 29571@pr-hdds2162-4fxhj-20988671
2019-09-27 09:16:46,281 [IPC Server handler 5 on 39927] INFO  net.NetworkTopology (NetworkTopologyImpl.java:add(111)) - Added a new node: /rack1/dcfd2284-ad1e-4267-a15d-7e148c2289cb
2019-09-27 09:16:46,281 [IPC Server handler 5 on 39927] INFO  node.SCMNodeManager (SCMNodeManager.java:register(266)) - Registered Data node : dcfd2284-ad1e-4267-a15d-7e148c2289cb{ip: 192.168.151.103, host: pr-hdds2162-4fxhj-20988671, networkLocation: /rack1, certSerialId: null}
2019-09-27 09:16:46,290 [pool-147-thread-1] INFO  storage.RaftStorage (RaftStorage.java:format(72)) - Storage directory /workdir/hadoop-ozone/integration-test/target/test-dir/MiniOzoneClusterImpl-283270ba-aa50-4746-a1ea-b4b278bb6973/datanode-0/data/ratis/b439620c-a54a-44fa-8909-a9f3dc797322 has been successfully formatted.
2019-09-27 09:16:46,290 [pool-147-thread-1] INFO  ratis.ContainerStateMachine (ContainerStateMachine.java:loadSnapshot(230)) - group-A9F3DC797322: The snapshot info is null. Setting the last applied indexto:(t:0, i:~)
2019-09-27 09:16:46,290 [pool-147-thread-1] INFO  server.RaftServerConfigKeys (ConfUtils.java:logGet(43)) - raft.server.notification.no-leader.timeout = 120s (custom)
2019-09-27 09:16:46,290 [pool-147-thread-1] INFO  server.RaftServerConfigKeys (ConfUtils.java:logGet(43)) - raft.server.log.use.memory = false (default)
2019-09-27 09:16:46,291 [pool-147-thread-1] INFO  server.RaftServerConfigKeys (ConfUtils.java:logGet(43)) - raft.server.log.purge.gap = 1000000 (custom)
2019-09-27 09:16:46,291 [pool-147-thread-1] INFO  server.RaftServerConfigKeys (ConfUtils.java:logGet(43)) - raft.server.log.appender.buffer.byte-limit = 33554432 (custom)
2019-09-27 09:16:46,291 [pool-147-thread-1] INFO  server.RaftServerConfigKeys (ConfUtils.java:logGet(43)) - raft.server.log.segment.size.max = 1048576 (custom)
2019-09-27 09:16:46,291 [pool-147-thread-1] INFO  server.RaftServerConfigKeys (ConfUtils.java:logGet(43)) - raft.server.log.segment.cache.num.max = 2 (custom)
2019-09-27 09:16:46,291 [pool-147-thread-1] INFO  segmented.SegmentedRaftLogWorker (SegmentedRaftLogWorker.java:<init>(172)) - new 825f4d3a-e44b-481a-a24b-9ae922a259ab@group-A9F3DC797322-SegmentedRaftLogWorker for RaftStorage:Storage Directory /workdir/hadoop-ozone/integration-test/target/test-dir/MiniOzoneClusterImpl-283270ba-aa50-4746-a1ea-b4b278bb6973/datanode-0/data/ratis/b439620c-a54a-44fa-8909-a9f3dc797322
2019-09-27 09:16:46,294 [pool-147-thread-1] INFO  server.RaftServerConfigKeys (ConfUtils.java:logGet(43)) - raft.server.log.queue.byte-limit = 2147483647 (custom)
2019-09-27 09:16:46,294 [pool-147-thread-1] INFO  server.RaftServerConfigKeys (ConfUtils.java:logGet(43)) - raft.server.log.queue.element-limit = 1024 (custom)
2019-09-27 09:16:46,294 [pool-147-thread-1] INFO  server.RaftServerConfigKeys (ConfUtils.java:logGet(43)) - raft.server.log.segment.size.max = 1048576 (custom)
2019-09-27 09:16:46,294 [pool-147-thread-1] INFO  server.RaftServerConfigKeys (ConfUtils.java:logGet(43)) - raft.server.log.preallocated.size = 16384 (custom)
2019-09-27 09:16:46,294 [pool-147-thread-1] INFO  server.RaftServerConfigKeys (ConfUtils.java:logGet(43)) - raft.server.log.write.buffer.size = 33554432 (custom)
2019-09-27 09:16:46,294 [pool-147-thread-1] INFO  server.RaftServerConfigKeys (ConfUtils.java:logGet(43)) - raft.server.log.force.sync.num = 128 (default)
2019-09-27 09:16:46,295 [pool-147-thread-1] INFO  server.RaftServerConfigKeys (ConfUtils.java:logGet(43)) - raft.server.log.statemachine.data.sync = true (default)
2019-09-27 09:16:46,295 [pool-147-thread-1] INFO  server.RaftServerConfigKeys (ConfUtils.java:logGet(43)) - raft.server.log.statemachine.data.sync.timeout = 10s (default)
2019-09-27 09:16:46,295 [pool-147-thread-1] INFO  server.RaftServerConfigKeys (ConfUtils.java:logGet(43)) - raft.server.log.statemachine.data.sync.timeout.retry = -1 (default)
2019-09-27 09:16:46,295 [pool-147-thread-1] INFO  server.RaftServerConfigKeys (ConfUtils.java:logGet(43)) - raft.server.log.statemachine.data.caching.enabled = true (custom)
2019-09-27 09:16:46,296 [pool-147-thread-1] INFO  segmented.SegmentedRaftLogWorker (SegmentedRaftLogWorker.java:lambda$new$0(132)) - 825f4d3a-e44b-481a-a24b-9ae922a259ab@group-A9F3DC797322-SegmentedRaftLogWorker: flushIndex: setUnconditionally 0 -> -1
2019-09-27 09:16:46,296 [pool-147-thread-1] INFO  server.RaftServerConfigKeys (ConfUtils.java:logGet(43)) - raft.server.snapshot.auto.trigger.enabled = true (custom)
2019-09-27 09:16:46,296 [pool-147-thread-1] INFO  server.RaftServerConfigKeys (ConfUtils.java:logGet(43)) - raft.server.snapshot.auto.trigger.threshold = 10000 (custom)
2019-09-27 09:16:46,296 [pool-147-thread-1] INFO  server.RaftServerConfigKeys (ConfUtils.java:logGet(43)) - raft.server.snapshot.retention.num.files = 5 (custom)
2019-09-27 09:16:46,296 [pool-147-thread-1] INFO  server.RaftServerConfigKeys (ConfUtils.java:logGet(43)) - raft.server.retrycache.expirytime = 600000ms (custom)
2019-09-27 09:16:46,299 [pool-147-thread-1] INFO  impl.RaftServerImpl (RaftServerImpl.java:start(185)) - 825f4d3a-e44b-481a-a24b-9ae922a259ab@group-A9F3DC797322: start as a follower, conf=-1: [825f4d3a-e44b-481a-a24b-9ae922a259ab:192.168.151.103:34079], old=null
2019-09-27 09:16:46,299 [pool-147-thread-1] INFO  impl.RaftServerImpl (RaftServerImpl.java:setRole(174)) - 825f4d3a-e44b-481a-a24b-9ae922a259ab@group-A9F3DC797322: changes role from      null to FOLLOWER at term 0 for startAsFollower
2019-09-27 09:16:46,299 [pool-147-thread-1] INFO  impl.RoleInfo (RoleInfo.java:updateAndGet(143)) - 825f4d3a-e44b-481a-a24b-9ae922a259ab: start FollowerState
2019-09-27 09:16:46,311 [pool-147-thread-1] INFO  util.JmxRegister (JmxRegister.java:tryRegister(44)) - Successfully registered JMX Bean with object name Ratis:service=RaftServer,group=group-A9F3DC797322,id=825f4d3a-e44b-481a-a24b-9ae922a259ab
2019-09-27 09:16:46,339 [RatisPipelineUtilsThread] INFO  pipeline.PipelineStateManager (PipelineStateManager.java:addPipeline(56)) - Created pipeline Pipeline[ Id: b439620c-a54a-44fa-8909-a9f3dc797322, Nodes: 825f4d3a-e44b-481a-a24b-9ae922a259ab{ip: 192.168.151.103, host: pr-hdds2162-4fxhj-20988671, networkLocation: /rack1, certSerialId: null}, Type:RATIS, Factor:ONE, State:OPEN]
2019-09-27 09:16:46,350 [grpc-default-executor-0] INFO  impl.RaftServerProxy (RaftServerProxy.java:addNew(89)) - dcfd2284-ad1e-4267-a15d-7e148c2289cb: addNew group-B50700214615:[dcfd2284-ad1e-4267-a15d-7e148c2289cb:192.168.151.103:35614] returns group-B50700214615:java.util.concurrent.CompletableFuture@cd5255c[Not completed]
2019-09-27 09:16:46,351 [pool-157-thread-1] INFO  impl.RaftServerImpl (RaftServerImpl.java:<init>(95)) - dcfd2284-ad1e-4267-a15d-7e148c2289cb: new RaftServerImpl for group-B50700214615:[dcfd2284-ad1e-4267-a15d-7e148c2289cb:192.168.151.103:35614] with ContainerStateMachine:uninitialized
2019-09-27 09:16:46,351 [pool-157-thread-1] INFO  server.RaftServerConfigKeys (ConfUtils.java:logGet(43)) - raft.server.rpc.timeout.min = 1s (custom)
2019-09-27 09:16:46,351 [pool-157-thread-1] INFO  server.RaftServerConfigKeys (ConfUtils.java:logGet(43)) - raft.server.rpc.timeout.max = 1200ms (custom)
2019-09-27 09:16:46,351 [pool-157-thread-1] INFO  server.RaftServerConfigKeys (ConfUtils.java:logGet(43)) - raft.server.rpcslowness.timeout = 120s (custom)
2019-09-27 09:16:46,352 [pool-157-thread-1] INFO  server.RaftServerConfigKeys (ConfUtils.java:logGet(43)) - raft.server.sleep.deviation.threshold = 300 (default)
2019-09-27 09:16:46,352 [pool-157-thread-1] INFO  server.RaftServerConfigKeys (ConfUtils.java:logGet(43)) - raft.server.log.appender.install.snapshot.enabled = false (custom)
2019-09-27 09:16:46,352 [pool-157-thread-1] INFO  impl.RaftServerImpl (ServerState.java:<init>(103)) - dcfd2284-ad1e-4267-a15d-7e148c2289cb@group-B50700214615: ConfigurationManager, init=-1: [dcfd2284-ad1e-4267-a15d-7e148c2289cb:192.168.151.103:35614], old=null, confs=<EMPTY_MAP>
2019-09-27 09:16:46,352 [pool-157-thread-1] INFO  server.RaftServerConfigKeys (ConfUtils.java:logGet(43)) - raft.server.storage.dir = [/workdir/hadoop-ozone/integration-test/target/test-dir/MiniOzoneClusterImpl-283270ba-aa50-4746-a1ea-b4b278bb6973/datanode-1/data/ratis] (custom)
2019-09-27 09:16:46,352 [pool-157-thread-1] INFO  storage.RaftStorageDirectory (RaftStorageDirectory.java:analyzeStorage(246)) - The storage directory /workdir/hadoop-ozone/integration-test/target/test-dir/MiniOzoneClusterImpl-283270ba-aa50-4746-a1ea-b4b278bb6973/datanode-1/data/ratis/c9f6e5bc-36fd-4ac2-a0df-b50700214615 does not exist. Creating ...
2019-09-27 09:16:46,360 [IPC Server handler 7 on 39927] INFO  net.NetworkTopology (NetworkTopologyImpl.java:add(111)) - Added a new node: /rack1/d1b97505-207e-4333-b006-552a83aa594e
2019-09-27 09:16:46,360 [IPC Server handler 7 on 39927] INFO  node.SCMNodeManager (SCMNodeManager.java:register(266)) - Registered Data node : d1b97505-207e-4333-b006-552a83aa594e{ip: 192.168.151.103, host: pr-hdds2162-4fxhj-20988671, networkLocation: /rack1, certSerialId: null}
2019-09-27 09:16:46,365 [pool-157-thread-1] INFO  storage.RaftStorageDirectory (RaftStorageDirectory.java:tryLock(328)) - Lock on /workdir/hadoop-ozone/integration-test/target/test-dir/MiniOzoneClusterImpl-283270ba-aa50-4746-a1ea-b4b278bb6973/datanode-1/data/ratis/c9f6e5bc-36fd-4ac2-a0df-b50700214615/in_use.lock acquired by nodename 29571@pr-hdds2162-4fxhj-20988671
2019-09-27 09:16:46,379 [pool-157-thread-1] INFO  storage.RaftStorage (RaftStorage.java:format(72)) - Storage directory /workdir/hadoop-ozone/integration-test/target/test-dir/MiniOzoneClusterImpl-283270ba-aa50-4746-a1ea-b4b278bb6973/datanode-1/data/ratis/c9f6e5bc-36fd-4ac2-a0df-b50700214615 has been successfully formatted.
2019-09-27 09:16:46,379 [pool-157-thread-1] INFO  ratis.ContainerStateMachine (ContainerStateMachine.java:loadSnapshot(230)) - group-B50700214615: The snapshot info is null. Setting the last applied indexto:(t:0, i:~)
2019-09-27 09:16:46,379 [pool-157-thread-1] INFO  server.RaftServerConfigKeys (ConfUtils.java:logGet(43)) - raft.server.notification.no-leader.timeout = 120s (custom)
2019-09-27 09:16:46,379 [pool-157-thread-1] INFO  server.RaftServerConfigKeys (ConfUtils.java:logGet(43)) - raft.server.log.use.memory = false (default)
2019-09-27 09:16:46,379 [pool-157-thread-1] INFO  server.RaftServerConfigKeys (ConfUtils.java:logGet(43)) - raft.server.log.purge.gap = 1000000 (custom)
2019-09-27 09:16:46,379 [pool-157-thread-1] INFO  server.RaftServerConfigKeys (ConfUtils.java:logGet(43)) - raft.server.log.appender.buffer.byte-limit = 33554432 (custom)
2019-09-27 09:16:46,379 [pool-157-thread-1] INFO  server.RaftServerConfigKeys (ConfUtils.java:logGet(43)) - raft.server.log.segment.size.max = 1048576 (custom)
2019-09-27 09:16:46,380 [pool-157-thread-1] INFO  server.RaftServerConfigKeys (ConfUtils.java:logGet(43)) - raft.server.log.segment.cache.num.max = 2 (custom)
2019-09-27 09:16:46,380 [pool-157-thread-1] INFO  segmented.SegmentedRaftLogWorker (SegmentedRaftLogWorker.java:<init>(172)) - new dcfd2284-ad1e-4267-a15d-7e148c2289cb@group-B50700214615-SegmentedRaftLogWorker for RaftStorage:Storage Directory /workdir/hadoop-ozone/integration-test/target/test-dir/MiniOzoneClusterImpl-283270ba-aa50-4746-a1ea-b4b278bb6973/datanode-1/data/ratis/c9f6e5bc-36fd-4ac2-a0df-b50700214615
2019-09-27 09:16:46,381 [pool-157-thread-1] INFO  server.RaftServerConfigKeys (ConfUtils.java:logGet(43)) - raft.server.log.queue.byte-limit = 2147483647 (custom)
2019-09-27 09:16:46,382 [pool-157-thread-1] INFO  server.RaftServerConfigKeys (ConfUtils.java:logGet(43)) - raft.server.log.queue.element-limit = 1024 (custom)
2019-09-27 09:16:46,382 [pool-157-thread-1] INFO  server.RaftServerConfigKeys (ConfUtils.java:logGet(43)) - raft.server.log.segment.size.max = 1048576 (custom)
2019-09-27 09:16:46,382 [pool-157-thread-1] INFO  server.RaftServerConfigKeys (ConfUtils.java:logGet(43)) - raft.server.log.preallocated.size = 16384 (custom)
2019-09-27 09:16:46,382 [pool-157-thread-1] INFO  server.RaftServerConfigKeys (ConfUtils.java:logGet(43)) - raft.server.log.write.buffer.size = 33554432 (custom)
2019-09-27 09:16:46,382 [pool-157-thread-1] INFO  server.RaftServerConfigKeys (ConfUtils.java:logGet(43)) - raft.server.log.force.sync.num = 128 (default)
2019-09-27 09:16:46,382 [pool-157-thread-1] INFO  server.RaftServerConfigKeys (ConfUtils.java:logGet(43)) - raft.server.log.statemachine.data.sync = true (default)
2019-09-27 09:16:46,382 [pool-157-thread-1] INFO  server.RaftServerConfigKeys (ConfUtils.java:logGet(43)) - raft.server.log.statemachine.data.sync.timeout = 10s (default)
2019-09-27 09:16:46,382 [pool-157-thread-1] INFO  server.RaftServerConfigKeys (ConfUtils.java:logGet(43)) - raft.server.log.statemachine.data.sync.timeout.retry = -1 (default)
2019-09-27 09:16:46,383 [pool-157-thread-1] INFO  server.RaftServerConfigKeys (ConfUtils.java:logGet(43)) - raft.server.log.statemachine.data.caching.enabled = true (custom)
2019-09-27 09:16:46,383 [pool-157-thread-1] INFO  segmented.SegmentedRaftLogWorker (SegmentedRaftLogWorker.java:lambda$new$0(132)) - dcfd2284-ad1e-4267-a15d-7e148c2289cb@group-B50700214615-SegmentedRaftLogWorker: flushIndex: setUnconditionally 0 -> -1
2019-09-27 09:16:46,383 [pool-157-thread-1] INFO  server.RaftServerConfigKeys (ConfUtils.java:logGet(43)) - raft.server.snapshot.auto.trigger.enabled = true (custom)
2019-09-27 09:16:46,383 [pool-157-thread-1] INFO  server.RaftServerConfigKeys (ConfUtils.java:logGet(43)) - raft.server.snapshot.auto.trigger.threshold = 10000 (custom)
2019-09-27 09:16:46,383 [pool-157-thread-1] INFO  server.RaftServerConfigKeys (ConfUtils.java:logGet(43)) - raft.server.snapshot.retention.num.files = 5 (custom)
2019-09-27 09:16:46,384 [pool-157-thread-1] INFO  server.RaftServerConfigKeys (ConfUtils.java:logGet(43)) - raft.server.retrycache.expirytime = 600000ms (custom)
2019-09-27 09:16:46,385 [pool-157-thread-1] INFO  impl.RaftServerImpl (RaftServerImpl.java:start(185)) - dcfd2284-ad1e-4267-a15d-7e148c2289cb@group-B50700214615: start as a follower, conf=-1: [dcfd2284-ad1e-4267-a15d-7e148c2289cb:192.168.151.103:35614], old=null
2019-09-27 09:16:46,385 [pool-157-thread-1] INFO  impl.RaftServerImpl (RaftServerImpl.java:setRole(174)) - dcfd2284-ad1e-4267-a15d-7e148c2289cb@group-B50700214615: changes role from      null to FOLLOWER at term 0 for startAsFollower
2019-09-27 09:16:46,386 [pool-157-thread-1] INFO  impl.RoleInfo (RoleInfo.java:updateAndGet(143)) - dcfd2284-ad1e-4267-a15d-7e148c2289cb: start FollowerState
2019-09-27 09:16:46,386 [pool-157-thread-1] INFO  util.JmxRegister (JmxRegister.java:tryRegister(44)) - Successfully registered JMX Bean with object name Ratis:service=RaftServer,group=group-B50700214615,id=dcfd2284-ad1e-4267-a15d-7e148c2289cb
2019-09-27 09:16:46,392 [RatisPipelineUtilsThread] INFO  pipeline.PipelineStateManager (PipelineStateManager.java:addPipeline(56)) - Created pipeline Pipeline[ Id: c9f6e5bc-36fd-4ac2-a0df-b50700214615, Nodes: dcfd2284-ad1e-4267-a15d-7e148c2289cb{ip: 192.168.151.103, host: pr-hdds2162-4fxhj-20988671, networkLocation: /rack1, certSerialId: null}, Type:RATIS, Factor:ONE, State:OPEN]
2019-09-27 09:16:46,408 [grpc-default-executor-0] INFO  impl.RaftServerProxy (RaftServerProxy.java:addNew(89)) - d1b97505-207e-4333-b006-552a83aa594e: addNew group-CBF17E703AF2:[d1b97505-207e-4333-b006-552a83aa594e:192.168.151.103:33569] returns group-CBF17E703AF2:java.util.concurrent.CompletableFuture@328bc467[Not completed]
2019-09-27 09:16:46,410 [pool-167-thread-1] INFO  impl.RaftServerImpl (RaftServerImpl.java:<init>(95)) - d1b97505-207e-4333-b006-552a83aa594e: new RaftServerImpl for group-CBF17E703AF2:[d1b97505-207e-4333-b006-552a83aa594e:192.168.151.103:33569] with ContainerStateMachine:uninitialized
2019-09-27 09:16:46,410 [pool-167-thread-1] INFO  server.RaftServerConfigKeys (ConfUtils.java:logGet(43)) - raft.server.rpc.timeout.min = 1s (custom)
2019-09-27 09:16:46,410 [pool-167-thread-1] INFO  server.RaftServerConfigKeys (ConfUtils.java:logGet(43)) - raft.server.rpc.timeout.max = 1200ms (custom)
2019-09-27 09:16:46,411 [pool-167-thread-1] INFO  server.RaftServerConfigKeys (ConfUtils.java:logGet(43)) - raft.server.rpcslowness.timeout = 120s (custom)
2019-09-27 09:16:46,411 [pool-167-thread-1] INFO  server.RaftServerConfigKeys (ConfUtils.java:logGet(43)) - raft.server.sleep.deviation.threshold = 300 (default)
2019-09-27 09:16:46,411 [pool-167-thread-1] INFO  server.RaftServerConfigKeys (ConfUtils.java:logGet(43)) - raft.server.log.appender.install.snapshot.enabled = false (custom)
2019-09-27 09:16:46,411 [pool-167-thread-1] INFO  impl.RaftServerImpl (ServerState.java:<init>(103)) - d1b97505-207e-4333-b006-552a83aa594e@group-CBF17E703AF2: ConfigurationManager, init=-1: [d1b97505-207e-4333-b006-552a83aa594e:192.168.151.103:33569], old=null, confs=<EMPTY_MAP>
2019-09-27 09:16:46,411 [pool-167-thread-1] INFO  server.RaftServerConfigKeys (ConfUtils.java:logGet(43)) - raft.server.storage.dir = [/workdir/hadoop-ozone/integration-test/target/test-dir/MiniOzoneClusterImpl-283270ba-aa50-4746-a1ea-b4b278bb6973/datanode-2/data/ratis] (custom)
2019-09-27 09:16:46,412 [pool-167-thread-1] INFO  storage.RaftStorageDirectory (RaftStorageDirectory.java:analyzeStorage(246)) - The storage directory /workdir/hadoop-ozone/integration-test/target/test-dir/MiniOzoneClusterImpl-283270ba-aa50-4746-a1ea-b4b278bb6973/datanode-2/data/ratis/265c684a-a27c-428f-af17-cbf17e703af2 does not exist. Creating ...
2019-09-27 09:16:46,424 [pool-167-thread-1] INFO  storage.RaftStorageDirectory (RaftStorageDirectory.java:tryLock(328)) - Lock on /workdir/hadoop-ozone/integration-test/target/test-dir/MiniOzoneClusterImpl-283270ba-aa50-4746-a1ea-b4b278bb6973/datanode-2/data/ratis/265c684a-a27c-428f-af17-cbf17e703af2/in_use.lock acquired by nodename 29571@pr-hdds2162-4fxhj-20988671
2019-09-27 09:16:46,438 [pool-167-thread-1] INFO  storage.RaftStorage (RaftStorage.java:format(72)) - Storage directory /workdir/hadoop-ozone/integration-test/target/test-dir/MiniOzoneClusterImpl-283270ba-aa50-4746-a1ea-b4b278bb6973/datanode-2/data/ratis/265c684a-a27c-428f-af17-cbf17e703af2 has been successfully formatted.
2019-09-27 09:16:46,439 [pool-167-thread-1] INFO  ratis.ContainerStateMachine (ContainerStateMachine.java:loadSnapshot(230)) - group-CBF17E703AF2: The snapshot info is null. Setting the last applied indexto:(t:0, i:~)
2019-09-27 09:16:46,439 [pool-167-thread-1] INFO  server.RaftServerConfigKeys (ConfUtils.java:logGet(43)) - raft.server.notification.no-leader.timeout = 120s (custom)
2019-09-27 09:16:46,439 [pool-167-thread-1] INFO  server.RaftServerConfigKeys (ConfUtils.java:logGet(43)) - raft.server.log.use.memory = false (default)
2019-09-27 09:16:46,439 [pool-167-thread-1] INFO  server.RaftServerConfigKeys (ConfUtils.java:logGet(43)) - raft.server.log.purge.gap = 1000000 (custom)
2019-09-27 09:16:46,439 [pool-167-thread-1] INFO  server.RaftServerConfigKeys (ConfUtils.java:logGet(43)) - raft.server.log.appender.buffer.byte-limit = 33554432 (custom)
2019-09-27 09:16:46,440 [pool-167-thread-1] INFO  server.RaftServerConfigKeys (ConfUtils.java:logGet(43)) - raft.server.log.segment.size.max = 1048576 (custom)
2019-09-27 09:16:46,440 [pool-167-thread-1] INFO  server.RaftServerConfigKeys (ConfUtils.java:logGet(43)) - raft.server.log.segment.cache.num.max = 2 (custom)
2019-09-27 09:16:46,440 [pool-167-thread-1] INFO  segmented.SegmentedRaftLogWorker (SegmentedRaftLogWorker.java:<init>(172)) - new d1b97505-207e-4333-b006-552a83aa594e@group-CBF17E703AF2-SegmentedRaftLogWorker for RaftStorage:Storage Directory /workdir/hadoop-ozone/integration-test/target/test-dir/MiniOzoneClusterImpl-283270ba-aa50-4746-a1ea-b4b278bb6973/datanode-2/data/ratis/265c684a-a27c-428f-af17-cbf17e703af2
2019-09-27 09:16:46,440 [IPC Server handler 8 on 39927] INFO  net.NetworkTopology (NetworkTopologyImpl.java:add(111)) - Added a new node: /rack1/21577378-437d-465b-9240-181d0141bc6a
2019-09-27 09:16:46,441 [IPC Server handler 8 on 39927] INFO  node.SCMNodeManager (SCMNodeManager.java:register(266)) - Registered Data node : 21577378-437d-465b-9240-181d0141bc6a{ip: 192.168.151.103, host: pr-hdds2162-4fxhj-20988671, networkLocation: /rack1, certSerialId: null}
2019-09-27 09:16:46,442 [pool-167-thread-1] INFO  server.RaftServerConfigKeys (ConfUtils.java:logGet(43)) - raft.server.log.queue.byte-limit = 2147483647 (custom)
2019-09-27 09:16:46,443 [pool-167-thread-1] INFO  server.RaftServerConfigKeys (ConfUtils.java:logGet(43)) - raft.server.log.queue.element-limit = 1024 (custom)
2019-09-27 09:16:46,443 [pool-167-thread-1] INFO  server.RaftServerConfigKeys (ConfUtils.java:logGet(43)) - raft.server.log.segment.size.max = 1048576 (custom)
2019-09-27 09:16:46,443 [pool-167-thread-1] INFO  server.RaftServerConfigKeys (ConfUtils.java:logGet(43)) - raft.server.log.preallocated.size = 16384 (custom)
2019-09-27 09:16:46,443 [pool-167-thread-1] INFO  server.RaftServerConfigKeys (ConfUtils.java:logGet(43)) - raft.server.log.write.buffer.size = 33554432 (custom)
2019-09-27 09:16:46,443 [pool-167-thread-1] INFO  server.RaftServerConfigKeys (ConfUtils.java:logGet(43)) - raft.server.log.force.sync.num = 128 (default)
2019-09-27 09:16:46,443 [pool-167-thread-1] INFO  server.RaftServerConfigKeys (ConfUtils.java:logGet(43)) - raft.server.log.statemachine.data.sync = true (default)
2019-09-27 09:16:46,444 [pool-167-thread-1] INFO  server.RaftServerConfigKeys (ConfUtils.java:logGet(43)) - raft.server.log.statemachine.data.sync.timeout = 10s (default)
2019-09-27 09:16:46,444 [pool-167-thread-1] INFO  server.RaftServerConfigKeys (ConfUtils.java:logGet(43)) - raft.server.log.statemachine.data.sync.timeout.retry = -1 (default)
2019-09-27 09:16:46,444 [pool-167-thread-1] INFO  server.RaftServerConfigKeys (ConfUtils.java:logGet(43)) - raft.server.log.statemachine.data.caching.enabled = true (custom)
2019-09-27 09:16:46,444 [pool-167-thread-1] INFO  segmented.SegmentedRaftLogWorker (SegmentedRaftLogWorker.java:lambda$new$0(132)) - d1b97505-207e-4333-b006-552a83aa594e@group-CBF17E703AF2-SegmentedRaftLogWorker: flushIndex: setUnconditionally 0 -> -1
2019-09-27 09:16:46,445 [pool-167-thread-1] INFO  server.RaftServerConfigKeys (ConfUtils.java:logGet(43)) - raft.server.snapshot.auto.trigger.enabled = true (custom)
2019-09-27 09:16:46,445 [pool-167-thread-1] INFO  server.RaftServerConfigKeys (ConfUtils.java:logGet(43)) - raft.server.snapshot.auto.trigger.threshold = 10000 (custom)
2019-09-27 09:16:46,445 [pool-167-thread-1] INFO  server.RaftServerConfigKeys (ConfUtils.java:logGet(43)) - raft.server.snapshot.retention.num.files = 5 (custom)
2019-09-27 09:16:46,445 [pool-167-thread-1] INFO  server.RaftServerConfigKeys (ConfUtils.java:logGet(43)) - raft.server.retrycache.expirytime = 600000ms (custom)
2019-09-27 09:16:46,448 [pool-167-thread-1] INFO  impl.RaftServerImpl (RaftServerImpl.java:start(185)) - d1b97505-207e-4333-b006-552a83aa594e@group-CBF17E703AF2: start as a follower, conf=-1: [d1b97505-207e-4333-b006-552a83aa594e:192.168.151.103:33569], old=null
2019-09-27 09:16:46,448 [pool-167-thread-1] INFO  impl.RaftServerImpl (RaftServerImpl.java:setRole(174)) - d1b97505-207e-4333-b006-552a83aa594e@group-CBF17E703AF2: changes role from      null to FOLLOWER at term 0 for startAsFollower
2019-09-27 09:16:46,448 [pool-167-thread-1] INFO  impl.RoleInfo (RoleInfo.java:updateAndGet(143)) - d1b97505-207e-4333-b006-552a83aa594e: start FollowerState
2019-09-27 09:16:46,449 [pool-167-thread-1] INFO  util.JmxRegister (JmxRegister.java:tryRegister(44)) - Successfully registered JMX Bean with object name Ratis:service=RaftServer,group=group-CBF17E703AF2,id=d1b97505-207e-4333-b006-552a83aa594e
2019-09-27 09:16:46,456 [RatisPipelineUtilsThread] INFO  pipeline.PipelineStateManager (PipelineStateManager.java:addPipeline(56)) - Created pipeline Pipeline[ Id: 265c684a-a27c-428f-af17-cbf17e703af2, Nodes: d1b97505-207e-4333-b006-552a83aa594e{ip: 192.168.151.103, host: pr-hdds2162-4fxhj-20988671, networkLocation: /rack1, certSerialId: null}, Type:RATIS, Factor:ONE, State:OPEN]
2019-09-27 09:16:46,467 [grpc-default-executor-0] INFO  impl.RaftServerProxy (RaftServerProxy.java:addNew(89)) - 21577378-437d-465b-9240-181d0141bc6a: addNew group-2178A0EE8164:[21577378-437d-465b-9240-181d0141bc6a:192.168.151.103:35538] returns group-2178A0EE8164:java.util.concurrent.CompletableFuture@5a57a868[Not completed]
2019-09-27 09:16:46,468 [pool-177-thread-1] INFO  impl.RaftServerImpl (RaftServerImpl.java:<init>(95)) - 21577378-437d-465b-9240-181d0141bc6a: new RaftServerImpl for group-2178A0EE8164:[21577378-437d-465b-9240-181d0141bc6a:192.168.151.103:35538] with ContainerStateMachine:uninitialized
2019-09-27 09:16:46,468 [pool-177-thread-1] INFO  server.RaftServerConfigKeys (ConfUtils.java:logGet(43)) - raft.server.rpc.timeout.min = 1s (custom)
2019-09-27 09:16:46,469 [pool-177-thread-1] INFO  server.RaftServerConfigKeys (ConfUtils.java:logGet(43)) - raft.server.rpc.timeout.max = 1200ms (custom)
2019-09-27 09:16:46,469 [pool-177-thread-1] INFO  server.RaftServerConfigKeys (ConfUtils.java:logGet(43)) - raft.server.rpcslowness.timeout = 120s (custom)
2019-09-27 09:16:46,469 [pool-177-thread-1] INFO  server.RaftServerConfigKeys (ConfUtils.java:logGet(43)) - raft.server.sleep.deviation.threshold = 300 (default)
2019-09-27 09:16:46,469 [pool-177-thread-1] INFO  server.RaftServerConfigKeys (ConfUtils.java:logGet(43)) - raft.server.log.appender.install.snapshot.enabled = false (custom)
2019-09-27 09:16:46,469 [pool-177-thread-1] INFO  impl.RaftServerImpl (ServerState.java:<init>(103)) - 21577378-437d-465b-9240-181d0141bc6a@group-2178A0EE8164: ConfigurationManager, init=-1: [21577378-437d-465b-9240-181d0141bc6a:192.168.151.103:35538], old=null, confs=<EMPTY_MAP>
2019-09-27 09:16:46,469 [pool-177-thread-1] INFO  server.RaftServerConfigKeys (ConfUtils.java:logGet(43)) - raft.server.storage.dir = [/workdir/hadoop-ozone/integration-test/target/test-dir/MiniOzoneClusterImpl-283270ba-aa50-4746-a1ea-b4b278bb6973/datanode-3/data/ratis] (custom)
2019-09-27 09:16:46,470 [pool-177-thread-1] INFO  storage.RaftStorageDirectory (RaftStorageDirectory.java:analyzeStorage(246)) - The storage directory /workdir/hadoop-ozone/integration-test/target/test-dir/MiniOzoneClusterImpl-283270ba-aa50-4746-a1ea-b4b278bb6973/datanode-3/data/ratis/1826abb3-6ed0-43ea-b5c4-2178a0ee8164 does not exist. Creating ...
2019-09-27 09:16:46,482 [pool-177-thread-1] INFO  storage.RaftStorageDirectory (RaftStorageDirectory.java:tryLock(328)) - Lock on /workdir/hadoop-ozone/integration-test/target/test-dir/MiniOzoneClusterImpl-283270ba-aa50-4746-a1ea-b4b278bb6973/datanode-3/data/ratis/1826abb3-6ed0-43ea-b5c4-2178a0ee8164/in_use.lock acquired by nodename 29571@pr-hdds2162-4fxhj-20988671
2019-09-27 09:16:46,495 [pool-177-thread-1] INFO  storage.RaftStorage (RaftStorage.java:format(72)) - Storage directory /workdir/hadoop-ozone/integration-test/target/test-dir/MiniOzoneClusterImpl-283270ba-aa50-4746-a1ea-b4b278bb6973/datanode-3/data/ratis/1826abb3-6ed0-43ea-b5c4-2178a0ee8164 has been successfully formatted.
2019-09-27 09:16:46,495 [pool-177-thread-1] INFO  ratis.ContainerStateMachine (ContainerStateMachine.java:loadSnapshot(230)) - group-2178A0EE8164: The snapshot info is null. Setting the last applied indexto:(t:0, i:~)
2019-09-27 09:16:46,496 [pool-177-thread-1] INFO  server.RaftServerConfigKeys (ConfUtils.java:logGet(43)) - raft.server.notification.no-leader.timeout = 120s (custom)
2019-09-27 09:16:46,496 [pool-177-thread-1] INFO  server.RaftServerConfigKeys (ConfUtils.java:logGet(43)) - raft.server.log.use.memory = false (default)
2019-09-27 09:16:46,496 [pool-177-thread-1] INFO  server.RaftServerConfigKeys (ConfUtils.java:logGet(43)) - raft.server.log.purge.gap = 1000000 (custom)
2019-09-27 09:16:46,496 [pool-177-thread-1] INFO  server.RaftServerConfigKeys (ConfUtils.java:logGet(43)) - raft.server.log.appender.buffer.byte-limit = 33554432 (custom)
2019-09-27 09:16:46,496 [pool-177-thread-1] INFO  server.RaftServerConfigKeys (ConfUtils.java:logGet(43)) - raft.server.log.segment.size.max = 1048576 (custom)
2019-09-27 09:16:46,496 [pool-177-thread-1] INFO  server.RaftServerConfigKeys (ConfUtils.java:logGet(43)) - raft.server.log.segment.cache.num.max = 2 (custom)
2019-09-27 09:16:46,497 [pool-177-thread-1] INFO  segmented.SegmentedRaftLogWorker (SegmentedRaftLogWorker.java:<init>(172)) - new 21577378-437d-465b-9240-181d0141bc6a@group-2178A0EE8164-SegmentedRaftLogWorker for RaftStorage:Storage Directory /workdir/hadoop-ozone/integration-test/target/test-dir/MiniOzoneClusterImpl-283270ba-aa50-4746-a1ea-b4b278bb6973/datanode-3/data/ratis/1826abb3-6ed0-43ea-b5c4-2178a0ee8164
2019-09-27 09:16:46,499 [pool-177-thread-1] INFO  server.RaftServerConfigKeys (ConfUtils.java:logGet(43)) - raft.server.log.queue.byte-limit = 2147483647 (custom)
2019-09-27 09:16:46,499 [pool-177-thread-1] INFO  server.RaftServerConfigKeys (ConfUtils.java:logGet(43)) - raft.server.log.queue.element-limit = 1024 (custom)
2019-09-27 09:16:46,499 [pool-177-thread-1] INFO  server.RaftServerConfigKeys (ConfUtils.java:logGet(43)) - raft.server.log.segment.size.max = 1048576 (custom)
2019-09-27 09:16:46,499 [pool-177-thread-1] INFO  server.RaftServerConfigKeys (ConfUtils.java:logGet(43)) - raft.server.log.preallocated.size = 16384 (custom)
2019-09-27 09:16:46,499 [pool-177-thread-1] INFO  server.RaftServerConfigKeys (ConfUtils.java:logGet(43)) - raft.server.log.write.buffer.size = 33554432 (custom)
2019-09-27 09:16:46,499 [pool-177-thread-1] INFO  server.RaftServerConfigKeys (ConfUtils.java:logGet(43)) - raft.server.log.force.sync.num = 128 (default)
2019-09-27 09:16:46,500 [pool-177-thread-1] INFO  server.RaftServerConfigKeys (ConfUtils.java:logGet(43)) - raft.server.log.statemachine.data.sync = true (default)
2019-09-27 09:16:46,500 [pool-177-thread-1] INFO  server.RaftServerConfigKeys (ConfUtils.java:logGet(43)) - raft.server.log.statemachine.data.sync.timeout = 10s (default)
2019-09-27 09:16:46,500 [pool-177-thread-1] INFO  server.RaftServerConfigKeys (ConfUtils.java:logGet(43)) - raft.server.log.statemachine.data.sync.timeout.retry = -1 (default)
2019-09-27 09:16:46,500 [pool-177-thread-1] INFO  server.RaftServerConfigKeys (ConfUtils.java:logGet(43)) - raft.server.log.statemachine.data.caching.enabled = true (custom)
2019-09-27 09:16:46,500 [pool-177-thread-1] INFO  segmented.SegmentedRaftLogWorker (SegmentedRaftLogWorker.java:lambda$new$0(132)) - 21577378-437d-465b-9240-181d0141bc6a@group-2178A0EE8164-SegmentedRaftLogWorker: flushIndex: setUnconditionally 0 -> -1
2019-09-27 09:16:46,501 [pool-177-thread-1] INFO  server.RaftServerConfigKeys (ConfUtils.java:logGet(43)) - raft.server.snapshot.auto.trigger.enabled = true (custom)
2019-09-27 09:16:46,501 [pool-177-thread-1] INFO  server.RaftServerConfigKeys (ConfUtils.java:logGet(43)) - raft.server.snapshot.auto.trigger.threshold = 10000 (custom)
2019-09-27 09:16:46,501 [pool-177-thread-1] INFO  server.RaftServerConfigKeys (ConfUtils.java:logGet(43)) - raft.server.snapshot.retention.num.files = 5 (custom)
2019-09-27 09:16:46,501 [pool-177-thread-1] INFO  server.RaftServerConfigKeys (ConfUtils.java:logGet(43)) - raft.server.retrycache.expirytime = 600000ms (custom)
2019-09-27 09:16:46,503 [pool-177-thread-1] INFO  impl.RaftServerImpl (RaftServerImpl.java:start(185)) - 21577378-437d-465b-9240-181d0141bc6a@group-2178A0EE8164: start as a follower, conf=-1: [21577378-437d-465b-9240-181d0141bc6a:192.168.151.103:35538], old=null
2019-09-27 09:16:46,503 [pool-177-thread-1] INFO  impl.RaftServerImpl (RaftServerImpl.java:setRole(174)) - 21577378-437d-465b-9240-181d0141bc6a@group-2178A0EE8164: changes role from      null to FOLLOWER at term 0 for startAsFollower
2019-09-27 09:16:46,504 [pool-177-thread-1] INFO  impl.RoleInfo (RoleInfo.java:updateAndGet(143)) - 21577378-437d-465b-9240-181d0141bc6a: start FollowerState
2019-09-27 09:16:46,504 [IPC Server handler 9 on 39927] INFO  net.NetworkTopology (NetworkTopologyImpl.java:add(111)) - Added a new node: /rack1/88f71ae2-1168-411a-bccc-2088b7ef8e3f
2019-09-27 09:16:46,504 [pool-177-thread-1] INFO  util.JmxRegister (JmxRegister.java:tryRegister(44)) - Successfully registered JMX Bean with object name Ratis:service=RaftServer,group=group-2178A0EE8164,id=21577378-437d-465b-9240-181d0141bc6a
2019-09-27 09:16:46,504 [IPC Server handler 9 on 39927] INFO  node.SCMNodeManager (SCMNodeManager.java:register(266)) - Registered Data node : 88f71ae2-1168-411a-bccc-2088b7ef8e3f{ip: 192.168.151.103, host: pr-hdds2162-4fxhj-20988671, networkLocation: /rack1, certSerialId: null}
2019-09-27 09:16:46,510 [RatisPipelineUtilsThread] INFO  pipeline.PipelineStateManager (PipelineStateManager.java:addPipeline(56)) - Created pipeline Pipeline[ Id: 1826abb3-6ed0-43ea-b5c4-2178a0ee8164, Nodes: 21577378-437d-465b-9240-181d0141bc6a{ip: 192.168.151.103, host: pr-hdds2162-4fxhj-20988671, networkLocation: /rack1, certSerialId: null}, Type:RATIS, Factor:ONE, State:OPEN]
2019-09-27 09:16:46,521 [grpc-default-executor-0] INFO  impl.RaftServerProxy (RaftServerProxy.java:addNew(89)) - 88f71ae2-1168-411a-bccc-2088b7ef8e3f: addNew group-1E9ACC1D2F50:[88f71ae2-1168-411a-bccc-2088b7ef8e3f:192.168.151.103:33365] returns group-1E9ACC1D2F50:java.util.concurrent.CompletableFuture@352e0018[Not completed]
2019-09-27 09:16:46,522 [pool-187-thread-1] INFO  impl.RaftServerImpl (RaftServerImpl.java:<init>(95)) - 88f71ae2-1168-411a-bccc-2088b7ef8e3f: new RaftServerImpl for group-1E9ACC1D2F50:[88f71ae2-1168-411a-bccc-2088b7ef8e3f:192.168.151.103:33365] with ContainerStateMachine:uninitialized
2019-09-27 09:16:46,522 [pool-187-thread-1] INFO  server.RaftServerConfigKeys (ConfUtils.java:logGet(43)) - raft.server.rpc.timeout.min = 1s (custom)
2019-09-27 09:16:46,522 [pool-187-thread-1] INFO  server.RaftServerConfigKeys (ConfUtils.java:logGet(43)) - raft.server.rpc.timeout.max = 1200ms (custom)
2019-09-27 09:16:46,522 [pool-187-thread-1] INFO  server.RaftServerConfigKeys (ConfUtils.java:logGet(43)) - raft.server.rpcslowness.timeout = 120s (custom)
2019-09-27 09:16:46,522 [pool-187-thread-1] INFO  server.RaftServerConfigKeys (ConfUtils.java:logGet(43)) - raft.server.sleep.deviation.threshold = 300 (default)
2019-09-27 09:16:46,522 [pool-187-thread-1] INFO  server.RaftServerConfigKeys (ConfUtils.java:logGet(43)) - raft.server.log.appender.install.snapshot.enabled = false (custom)
2019-09-27 09:16:46,523 [pool-187-thread-1] INFO  impl.RaftServerImpl (ServerState.java:<init>(103)) - 88f71ae2-1168-411a-bccc-2088b7ef8e3f@group-1E9ACC1D2F50: ConfigurationManager, init=-1: [88f71ae2-1168-411a-bccc-2088b7ef8e3f:192.168.151.103:33365], old=null, confs=<EMPTY_MAP>
2019-09-27 09:16:46,523 [pool-187-thread-1] INFO  server.RaftServerConfigKeys (ConfUtils.java:logGet(43)) - raft.server.storage.dir = [/workdir/hadoop-ozone/integration-test/target/test-dir/MiniOzoneClusterImpl-283270ba-aa50-4746-a1ea-b4b278bb6973/datanode-4/data/ratis] (custom)
2019-09-27 09:16:46,523 [pool-187-thread-1] INFO  storage.RaftStorageDirectory (RaftStorageDirectory.java:analyzeStorage(246)) - The storage directory /workdir/hadoop-ozone/integration-test/target/test-dir/MiniOzoneClusterImpl-283270ba-aa50-4746-a1ea-b4b278bb6973/datanode-4/data/ratis/b4685912-85e9-4fb2-a39b-1e9acc1d2f50 does not exist. Creating ...
2019-09-27 09:16:46,536 [pool-187-thread-1] INFO  storage.RaftStorageDirectory (RaftStorageDirectory.java:tryLock(328)) - Lock on /workdir/hadoop-ozone/integration-test/target/test-dir/MiniOzoneClusterImpl-283270ba-aa50-4746-a1ea-b4b278bb6973/datanode-4/data/ratis/b4685912-85e9-4fb2-a39b-1e9acc1d2f50/in_use.lock acquired by nodename 29571@pr-hdds2162-4fxhj-20988671
2019-09-27 09:16:46,553 [pool-187-thread-1] INFO  storage.RaftStorage (RaftStorage.java:format(72)) - Storage directory /workdir/hadoop-ozone/integration-test/target/test-dir/MiniOzoneClusterImpl-283270ba-aa50-4746-a1ea-b4b278bb6973/datanode-4/data/ratis/b4685912-85e9-4fb2-a39b-1e9acc1d2f50 has been successfully formatted.
2019-09-27 09:16:46,554 [pool-187-thread-1] INFO  ratis.ContainerStateMachine (ContainerStateMachine.java:loadSnapshot(230)) - group-1E9ACC1D2F50: The snapshot info is null. Setting the last applied indexto:(t:0, i:~)
2019-09-27 09:16:46,554 [pool-187-thread-1] INFO  server.RaftServerConfigKeys (ConfUtils.java:logGet(43)) - raft.server.notification.no-leader.timeout = 120s (custom)
2019-09-27 09:16:46,554 [pool-187-thread-1] INFO  server.RaftServerConfigKeys (ConfUtils.java:logGet(43)) - raft.server.log.use.memory = false (default)
2019-09-27 09:16:46,554 [pool-187-thread-1] INFO  server.RaftServerConfigKeys (ConfUtils.java:logGet(43)) - raft.server.log.purge.gap = 1000000 (custom)
2019-09-27 09:16:46,554 [pool-187-thread-1] INFO  server.RaftServerConfigKeys (ConfUtils.java:logGet(43)) - raft.server.log.appender.buffer.byte-limit = 33554432 (custom)
2019-09-27 09:16:46,554 [pool-187-thread-1] INFO  server.RaftServerConfigKeys (ConfUtils.java:logGet(43)) - raft.server.log.segment.size.max = 1048576 (custom)
2019-09-27 09:16:46,554 [pool-187-thread-1] INFO  server.RaftServerConfigKeys (ConfUtils.java:logGet(43)) - raft.server.log.segment.cache.num.max = 2 (custom)
2019-09-27 09:16:46,555 [pool-187-thread-1] INFO  segmented.SegmentedRaftLogWorker (SegmentedRaftLogWorker.java:<init>(172)) - new 88f71ae2-1168-411a-bccc-2088b7ef8e3f@group-1E9ACC1D2F50-SegmentedRaftLogWorker for RaftStorage:Storage Directory /workdir/hadoop-ozone/integration-test/target/test-dir/MiniOzoneClusterImpl-283270ba-aa50-4746-a1ea-b4b278bb6973/datanode-4/data/ratis/b4685912-85e9-4fb2-a39b-1e9acc1d2f50
2019-09-27 09:16:46,557 [pool-187-thread-1] INFO  server.RaftServerConfigKeys (ConfUtils.java:logGet(43)) - raft.server.log.queue.byte-limit = 2147483647 (custom)
2019-09-27 09:16:46,557 [pool-187-thread-1] INFO  server.RaftServerConfigKeys (ConfUtils.java:logGet(43)) - raft.server.log.queue.element-limit = 1024 (custom)
2019-09-27 09:16:46,557 [pool-187-thread-1] INFO  server.RaftServerConfigKeys (ConfUtils.java:logGet(43)) - raft.server.log.segment.size.max = 1048576 (custom)
2019-09-27 09:16:46,557 [pool-187-thread-1] INFO  server.RaftServerConfigKeys (ConfUtils.java:logGet(43)) - raft.server.log.preallocated.size = 16384 (custom)
2019-09-27 09:16:46,557 [pool-187-thread-1] INFO  server.RaftServerConfigKeys (ConfUtils.java:logGet(43)) - raft.server.log.write.buffer.size = 33554432 (custom)
2019-09-27 09:16:46,557 [pool-187-thread-1] INFO  server.RaftServerConfigKeys (ConfUtils.java:logGet(43)) - raft.server.log.force.sync.num = 128 (default)
2019-09-27 09:16:46,557 [pool-187-thread-1] INFO  server.RaftServerConfigKeys (ConfUtils.java:logGet(43)) - raft.server.log.statemachine.data.sync = true (default)
2019-09-27 09:16:46,558 [pool-187-thread-1] INFO  server.RaftServerConfigKeys (ConfUtils.java:logGet(43)) - raft.server.log.statemachine.data.sync.timeout = 10s (default)
2019-09-27 09:16:46,558 [pool-187-thread-1] INFO  server.RaftServerConfigKeys (ConfUtils.java:logGet(43)) - raft.server.log.statemachine.data.sync.timeout.retry = -1 (default)
2019-09-27 09:16:46,558 [pool-187-thread-1] INFO  server.RaftServerConfigKeys (ConfUtils.java:logGet(43)) - raft.server.log.statemachine.data.caching.enabled = true (custom)
2019-09-27 09:16:46,558 [pool-187-thread-1] INFO  segmented.SegmentedRaftLogWorker (SegmentedRaftLogWorker.java:lambda$new$0(132)) - 88f71ae2-1168-411a-bccc-2088b7ef8e3f@group-1E9ACC1D2F50-SegmentedRaftLogWorker: flushIndex: setUnconditionally 0 -> -1
2019-09-27 09:16:46,558 [pool-187-thread-1] INFO  server.RaftServerConfigKeys (ConfUtils.java:logGet(43)) - raft.server.snapshot.auto.trigger.enabled = true (custom)
2019-09-27 09:16:46,559 [pool-187-thread-1] INFO  server.RaftServerConfigKeys (ConfUtils.java:logGet(43)) - raft.server.snapshot.auto.trigger.threshold = 10000 (custom)
2019-09-27 09:16:46,559 [pool-187-thread-1] INFO  server.RaftServerConfigKeys (ConfUtils.java:logGet(43)) - raft.server.snapshot.retention.num.files = 5 (custom)
2019-09-27 09:16:46,559 [pool-187-thread-1] INFO  server.RaftServerConfigKeys (ConfUtils.java:logGet(43)) - raft.server.retrycache.expirytime = 600000ms (custom)
2019-09-27 09:16:46,561 [pool-187-thread-1] INFO  impl.RaftServerImpl (RaftServerImpl.java:start(185)) - 88f71ae2-1168-411a-bccc-2088b7ef8e3f@group-1E9ACC1D2F50: start as a follower, conf=-1: [88f71ae2-1168-411a-bccc-2088b7ef8e3f:192.168.151.103:33365], old=null
2019-09-27 09:16:46,561 [pool-187-thread-1] INFO  impl.RaftServerImpl (RaftServerImpl.java:setRole(174)) - 88f71ae2-1168-411a-bccc-2088b7ef8e3f@group-1E9ACC1D2F50: changes role from      null to FOLLOWER at term 0 for startAsFollower
2019-09-27 09:16:46,561 [pool-187-thread-1] INFO  impl.RoleInfo (RoleInfo.java:updateAndGet(143)) - 88f71ae2-1168-411a-bccc-2088b7ef8e3f: start FollowerState
2019-09-27 09:16:46,561 [pool-187-thread-1] INFO  util.JmxRegister (JmxRegister.java:tryRegister(44)) - Successfully registered JMX Bean with object name Ratis:service=RaftServer,group=group-1E9ACC1D2F50,id=88f71ae2-1168-411a-bccc-2088b7ef8e3f
2019-09-27 09:16:46,566 [RatisPipelineUtilsThread] INFO  pipeline.PipelineStateManager (PipelineStateManager.java:addPipeline(56)) - Created pipeline Pipeline[ Id: b4685912-85e9-4fb2-a39b-1e9acc1d2f50, Nodes: 88f71ae2-1168-411a-bccc-2088b7ef8e3f{ip: 192.168.151.103, host: pr-hdds2162-4fxhj-20988671, networkLocation: /rack1, certSerialId: null}, Type:RATIS, Factor:ONE, State:OPEN]
2019-09-27 09:16:46,570 [IPC Server handler 10 on 39927] INFO  net.NetworkTopology (NetworkTopologyImpl.java:add(111)) - Added a new node: /rack1/e6dfef88-aea8-482b-83fb-8e87a0e55ccd
2019-09-27 09:16:46,570 [IPC Server handler 10 on 39927] INFO  node.SCMNodeManager (SCMNodeManager.java:register(266)) - Registered Data node : e6dfef88-aea8-482b-83fb-8e87a0e55ccd{ip: 192.168.151.103, host: pr-hdds2162-4fxhj-20988671, networkLocation: /rack1, certSerialId: null}
2019-09-27 09:16:46,595 [grpc-default-executor-1] INFO  impl.RaftServerProxy (RaftServerProxy.java:addNew(89)) - dcfd2284-ad1e-4267-a15d-7e148c2289cb: addNew group-E3215D54F09B:[dcfd2284-ad1e-4267-a15d-7e148c2289cb:192.168.151.103:35614, d1b97505-207e-4333-b006-552a83aa594e:192.168.151.103:33569, 88f71ae2-1168-411a-bccc-2088b7ef8e3f:192.168.151.103:33365] returns group-E3215D54F09B:java.util.concurrent.CompletableFuture@5885c88b[Not completed]
2019-09-27 09:16:46,595 [grpc-default-executor-0] INFO  impl.RaftServerProxy (RaftServerProxy.java:addNew(89)) - 88f71ae2-1168-411a-bccc-2088b7ef8e3f: addNew group-E3215D54F09B:[dcfd2284-ad1e-4267-a15d-7e148c2289cb:192.168.151.103:35614, d1b97505-207e-4333-b006-552a83aa594e:192.168.151.103:33569, 88f71ae2-1168-411a-bccc-2088b7ef8e3f:192.168.151.103:33365] returns group-E3215D54F09B:java.util.concurrent.CompletableFuture@7b5a71e0[Not completed]
2019-09-27 09:16:46,595 [grpc-default-executor-2] INFO  impl.RaftServerProxy (RaftServerProxy.java:addNew(89)) - d1b97505-207e-4333-b006-552a83aa594e: addNew group-E3215D54F09B:[dcfd2284-ad1e-4267-a15d-7e148c2289cb:192.168.151.103:35614, d1b97505-207e-4333-b006-552a83aa594e:192.168.151.103:33569, 88f71ae2-1168-411a-bccc-2088b7ef8e3f:192.168.151.103:33365] returns group-E3215D54F09B:java.util.concurrent.CompletableFuture@648909dd[Not completed]
2019-09-27 09:16:46,596 [pool-167-thread-1] INFO  impl.RaftServerImpl (RaftServerImpl.java:<init>(95)) - d1b97505-207e-4333-b006-552a83aa594e: new RaftServerImpl for group-E3215D54F09B:[dcfd2284-ad1e-4267-a15d-7e148c2289cb:192.168.151.103:35614, d1b97505-207e-4333-b006-552a83aa594e:192.168.151.103:33569, 88f71ae2-1168-411a-bccc-2088b7ef8e3f:192.168.151.103:33365] with ContainerStateMachine:uninitialized
2019-09-27 09:16:46,597 [pool-167-thread-1] INFO  server.RaftServerConfigKeys (ConfUtils.java:logGet(43)) - raft.server.rpc.timeout.min = 1s (custom)
2019-09-27 09:16:46,597 [pool-167-thread-1] INFO  server.RaftServerConfigKeys (ConfUtils.java:logGet(43)) - raft.server.rpc.timeout.max = 1200ms (custom)
2019-09-27 09:16:46,597 [pool-167-thread-1] INFO  server.RaftServerConfigKeys (ConfUtils.java:logGet(43)) - raft.server.rpcslowness.timeout = 120s (custom)
2019-09-27 09:16:46,597 [pool-167-thread-1] INFO  server.RaftServerConfigKeys (ConfUtils.java:logGet(43)) - raft.server.sleep.deviation.threshold = 300 (default)
2019-09-27 09:16:46,597 [pool-167-thread-1] INFO  server.RaftServerConfigKeys (ConfUtils.java:logGet(43)) - raft.server.log.appender.install.snapshot.enabled = false (custom)
2019-09-27 09:16:46,597 [pool-157-thread-1] INFO  impl.RaftServerImpl (RaftServerImpl.java:<init>(95)) - dcfd2284-ad1e-4267-a15d-7e148c2289cb: new RaftServerImpl for group-E3215D54F09B:[dcfd2284-ad1e-4267-a15d-7e148c2289cb:192.168.151.103:35614, d1b97505-207e-4333-b006-552a83aa594e:192.168.151.103:33569, 88f71ae2-1168-411a-bccc-2088b7ef8e3f:192.168.151.103:33365] with ContainerStateMachine:uninitialized
2019-09-27 09:16:46,597 [pool-167-thread-1] INFO  impl.RaftServerImpl (ServerState.java:<init>(103)) - d1b97505-207e-4333-b006-552a83aa594e@group-E3215D54F09B: ConfigurationManager, init=-1: [dcfd2284-ad1e-4267-a15d-7e148c2289cb:192.168.151.103:35614, d1b97505-207e-4333-b006-552a83aa594e:192.168.151.103:33569, 88f71ae2-1168-411a-bccc-2088b7ef8e3f:192.168.151.103:33365], old=null, confs=<EMPTY_MAP>
2019-09-27 09:16:46,598 [pool-187-thread-1] INFO  impl.RaftServerImpl (RaftServerImpl.java:<init>(95)) - 88f71ae2-1168-411a-bccc-2088b7ef8e3f: new RaftServerImpl for group-E3215D54F09B:[dcfd2284-ad1e-4267-a15d-7e148c2289cb:192.168.151.103:35614, d1b97505-207e-4333-b006-552a83aa594e:192.168.151.103:33569, 88f71ae2-1168-411a-bccc-2088b7ef8e3f:192.168.151.103:33365] with ContainerStateMachine:uninitialized
2019-09-27 09:16:46,597 [pool-157-thread-1] INFO  server.RaftServerConfigKeys (ConfUtils.java:logGet(43)) - raft.server.rpc.timeout.min = 1s (custom)
2019-09-27 09:16:46,598 [pool-187-thread-1] INFO  server.RaftServerConfigKeys (ConfUtils.java:logGet(43)) - raft.server.rpc.timeout.min = 1s (custom)
2019-09-27 09:16:46,598 [pool-167-thread-1] INFO  server.RaftServerConfigKeys (ConfUtils.java:logGet(43)) - raft.server.storage.dir = [/workdir/hadoop-ozone/integration-test/target/test-dir/MiniOzoneClusterImpl-283270ba-aa50-4746-a1ea-b4b278bb6973/datanode-2/data/ratis] (custom)
2019-09-27 09:16:46,598 [pool-187-thread-1] INFO  server.RaftServerConfigKeys (ConfUtils.java:logGet(43)) - raft.server.rpc.timeout.max = 1200ms (custom)
2019-09-27 09:16:46,598 [pool-157-thread-1] INFO  server.RaftServerConfigKeys (ConfUtils.java:logGet(43)) - raft.server.rpc.timeout.max = 1200ms (custom)
2019-09-27 09:16:46,598 [pool-187-thread-1] INFO  server.RaftServerConfigKeys (ConfUtils.java:logGet(43)) - raft.server.rpcslowness.timeout = 120s (custom)
2019-09-27 09:16:46,598 [pool-157-thread-1] INFO  server.RaftServerConfigKeys (ConfUtils.java:logGet(43)) - raft.server.rpcslowness.timeout = 120s (custom)
2019-09-27 09:16:46,598 [pool-167-thread-1] INFO  storage.RaftStorageDirectory (RaftStorageDirectory.java:analyzeStorage(246)) - The storage directory /workdir/hadoop-ozone/integration-test/target/test-dir/MiniOzoneClusterImpl-283270ba-aa50-4746-a1ea-b4b278bb6973/datanode-2/data/ratis/691f656a-8a0d-4bc7-a277-e3215d54f09b does not exist. Creating ...
2019-09-27 09:16:46,598 [pool-187-thread-1] INFO  server.RaftServerConfigKeys (ConfUtils.java:logGet(43)) - raft.server.sleep.deviation.threshold = 300 (default)
2019-09-27 09:16:46,599 [pool-187-thread-1] INFO  server.RaftServerConfigKeys (ConfUtils.java:logGet(43)) - raft.server.log.appender.install.snapshot.enabled = false (custom)
2019-09-27 09:16:46,599 [pool-157-thread-1] INFO  server.RaftServerConfigKeys (ConfUtils.java:logGet(43)) - raft.server.sleep.deviation.threshold = 300 (default)
2019-09-27 09:16:46,599 [pool-187-thread-1] INFO  impl.RaftServerImpl (ServerState.java:<init>(103)) - 88f71ae2-1168-411a-bccc-2088b7ef8e3f@group-E3215D54F09B: ConfigurationManager, init=-1: [dcfd2284-ad1e-4267-a15d-7e148c2289cb:192.168.151.103:35614, d1b97505-207e-4333-b006-552a83aa594e:192.168.151.103:33569, 88f71ae2-1168-411a-bccc-2088b7ef8e3f:192.168.151.103:33365], old=null, confs=<EMPTY_MAP>
2019-09-27 09:16:46,599 [pool-157-thread-1] INFO  server.RaftServerConfigKeys (ConfUtils.java:logGet(43)) - raft.server.log.appender.install.snapshot.enabled = false (custom)
2019-09-27 09:16:46,599 [pool-187-thread-1] INFO  server.RaftServerConfigKeys (ConfUtils.java:logGet(43)) - raft.server.storage.dir = [/workdir/hadoop-ozone/integration-test/target/test-dir/MiniOzoneClusterImpl-283270ba-aa50-4746-a1ea-b4b278bb6973/datanode-4/data/ratis] (custom)
2019-09-27 09:16:46,599 [pool-157-thread-1] INFO  impl.RaftServerImpl (ServerState.java:<init>(103)) - dcfd2284-ad1e-4267-a15d-7e148c2289cb@group-E3215D54F09B: ConfigurationManager, init=-1: [dcfd2284-ad1e-4267-a15d-7e148c2289cb:192.168.151.103:35614, d1b97505-207e-4333-b006-552a83aa594e:192.168.151.103:33569, 88f71ae2-1168-411a-bccc-2088b7ef8e3f:192.168.151.103:33365], old=null, confs=<EMPTY_MAP>
2019-09-27 09:16:46,600 [pool-187-thread-1] INFO  storage.RaftStorageDirectory (RaftStorageDirectory.java:analyzeStorage(246)) - The storage directory /workdir/hadoop-ozone/integration-test/target/test-dir/MiniOzoneClusterImpl-283270ba-aa50-4746-a1ea-b4b278bb6973/datanode-4/data/ratis/691f656a-8a0d-4bc7-a277-e3215d54f09b does not exist. Creating ...
2019-09-27 09:16:46,600 [pool-157-thread-1] INFO  server.RaftServerConfigKeys (ConfUtils.java:logGet(43)) - raft.server.storage.dir = [/workdir/hadoop-ozone/integration-test/target/test-dir/MiniOzoneClusterImpl-283270ba-aa50-4746-a1ea-b4b278bb6973/datanode-1/data/ratis] (custom)
2019-09-27 09:16:46,600 [pool-157-thread-1] INFO  storage.RaftStorageDirectory (RaftStorageDirectory.java:analyzeStorage(246)) - The storage directory /workdir/hadoop-ozone/integration-test/target/test-dir/MiniOzoneClusterImpl-283270ba-aa50-4746-a1ea-b4b278bb6973/datanode-1/data/ratis/691f656a-8a0d-4bc7-a277-e3215d54f09b does not exist. Creating ...
2019-09-27 09:16:46,613 [pool-157-thread-1] INFO  storage.RaftStorageDirectory (RaftStorageDirectory.java:tryLock(328)) - Lock on /workdir/hadoop-ozone/integration-test/target/test-dir/MiniOzoneClusterImpl-283270ba-aa50-4746-a1ea-b4b278bb6973/datanode-1/data/ratis/691f656a-8a0d-4bc7-a277-e3215d54f09b/in_use.lock acquired by nodename 29571@pr-hdds2162-4fxhj-20988671
2019-09-27 09:16:46,613 [pool-187-thread-1] INFO  storage.RaftStorageDirectory (RaftStorageDirectory.java:tryLock(328)) - Lock on /workdir/hadoop-ozone/integration-test/target/test-dir/MiniOzoneClusterImpl-283270ba-aa50-4746-a1ea-b4b278bb6973/datanode-4/data/ratis/691f656a-8a0d-4bc7-a277-e3215d54f09b/in_use.lock acquired by nodename 29571@pr-hdds2162-4fxhj-20988671
2019-09-27 09:16:46,613 [pool-167-thread-1] INFO  storage.RaftStorageDirectory (RaftStorageDirectory.java:tryLock(328)) - Lock on /workdir/hadoop-ozone/integration-test/target/test-dir/MiniOzoneClusterImpl-283270ba-aa50-4746-a1ea-b4b278bb6973/datanode-2/data/ratis/691f656a-8a0d-4bc7-a277-e3215d54f09b/in_use.lock acquired by nodename 29571@pr-hdds2162-4fxhj-20988671
2019-09-27 09:16:46,627 [pool-157-thread-1] INFO  storage.RaftStorage (RaftStorage.java:format(72)) - Storage directory /workdir/hadoop-ozone/integration-test/target/test-dir/MiniOzoneClusterImpl-283270ba-aa50-4746-a1ea-b4b278bb6973/datanode-1/data/ratis/691f656a-8a0d-4bc7-a277-e3215d54f09b has been successfully formatted.
2019-09-27 09:16:46,627 [pool-187-thread-1] INFO  storage.RaftStorage (RaftStorage.java:format(72)) - Storage directory /workdir/hadoop-ozone/integration-test/target/test-dir/MiniOzoneClusterImpl-283270ba-aa50-4746-a1ea-b4b278bb6973/datanode-4/data/ratis/691f656a-8a0d-4bc7-a277-e3215d54f09b has been successfully formatted.
2019-09-27 09:16:46,627 [pool-167-thread-1] INFO  storage.RaftStorage (RaftStorage.java:format(72)) - Storage directory /workdir/hadoop-ozone/integration-test/target/test-dir/MiniOzoneClusterImpl-283270ba-aa50-4746-a1ea-b4b278bb6973/datanode-2/data/ratis/691f656a-8a0d-4bc7-a277-e3215d54f09b has been successfully formatted.
2019-09-27 09:16:46,627 [pool-157-thread-1] INFO  ratis.ContainerStateMachine (ContainerStateMachine.java:loadSnapshot(230)) - group-E3215D54F09B: The snapshot info is null. Setting the last applied indexto:(t:0, i:~)
2019-09-27 09:16:46,627 [pool-167-thread-1] INFO  ratis.ContainerStateMachine (ContainerStateMachine.java:loadSnapshot(230)) - group-E3215D54F09B: The snapshot info is null. Setting the last applied indexto:(t:0, i:~)
2019-09-27 09:16:46,627 [pool-187-thread-1] INFO  ratis.ContainerStateMachine (ContainerStateMachine.java:loadSnapshot(230)) - group-E3215D54F09B: The snapshot info is null. Setting the last applied indexto:(t:0, i:~)
2019-09-27 09:16:46,628 [pool-167-thread-1] INFO  server.RaftServerConfigKeys (ConfUtils.java:logGet(43)) - raft.server.notification.no-leader.timeout = 120s (custom)
2019-09-27 09:16:46,628 [pool-157-thread-1] INFO  server.RaftServerConfigKeys (ConfUtils.java:logGet(43)) - raft.server.notification.no-leader.timeout = 120s (custom)
2019-09-27 09:16:46,628 [pool-167-thread-1] INFO  server.RaftServerConfigKeys (ConfUtils.java:logGet(43)) - raft.server.log.use.memory = false (default)
2019-09-27 09:16:46,628 [pool-187-thread-1] INFO  server.RaftServerConfigKeys (ConfUtils.java:logGet(43)) - raft.server.notification.no-leader.timeout = 120s (custom)
2019-09-27 09:16:46,628 [pool-167-thread-1] INFO  server.RaftServerConfigKeys (ConfUtils.java:logGet(43)) - raft.server.log.purge.gap = 1000000 (custom)
2019-09-27 09:16:46,628 [pool-157-thread-1] INFO  server.RaftServerConfigKeys (ConfUtils.java:logGet(43)) - raft.server.log.use.memory = false (default)
2019-09-27 09:16:46,628 [pool-167-thread-1] INFO  server.RaftServerConfigKeys (ConfUtils.java:logGet(43)) - raft.server.log.appender.buffer.byte-limit = 33554432 (custom)
2019-09-27 09:16:46,629 [pool-167-thread-1] INFO  server.RaftServerConfigKeys (ConfUtils.java:logGet(43)) - raft.server.log.segment.size.max = 1048576 (custom)
2019-09-27 09:16:46,628 [pool-187-thread-1] INFO  server.RaftServerConfigKeys (ConfUtils.java:logGet(43)) - raft.server.log.use.memory = false (default)
2019-09-27 09:16:46,629 [pool-167-thread-1] INFO  server.RaftServerConfigKeys (ConfUtils.java:logGet(43)) - raft.server.log.segment.cache.num.max = 2 (custom)
2019-09-27 09:16:46,628 [pool-157-thread-1] INFO  server.RaftServerConfigKeys (ConfUtils.java:logGet(43)) - raft.server.log.purge.gap = 1000000 (custom)
2019-09-27 09:16:46,629 [pool-167-thread-1] INFO  segmented.SegmentedRaftLogWorker (SegmentedRaftLogWorker.java:<init>(172)) - new d1b97505-207e-4333-b006-552a83aa594e@group-E3215D54F09B-SegmentedRaftLogWorker for RaftStorage:Storage Directory /workdir/hadoop-ozone/integration-test/target/test-dir/MiniOzoneClusterImpl-283270ba-aa50-4746-a1ea-b4b278bb6973/datanode-2/data/ratis/691f656a-8a0d-4bc7-a277-e3215d54f09b
2019-09-27 09:16:46,629 [pool-187-thread-1] INFO  server.RaftServerConfigKeys (ConfUtils.java:logGet(43)) - raft.server.log.purge.gap = 1000000 (custom)
2019-09-27 09:16:46,629 [pool-167-thread-1] INFO  server.RaftServerConfigKeys (ConfUtils.java:logGet(43)) - raft.server.log.queue.byte-limit = 2147483647 (custom)
2019-09-27 09:16:46,629 [pool-157-thread-1] INFO  server.RaftServerConfigKeys (ConfUtils.java:logGet(43)) - raft.server.log.appender.buffer.byte-limit = 33554432 (custom)
2019-09-27 09:16:46,630 [pool-167-thread-1] INFO  server.RaftServerConfigKeys (ConfUtils.java:logGet(43)) - raft.server.log.queue.element-limit = 1024 (custom)
2019-09-27 09:16:46,629 [pool-187-thread-1] INFO  server.RaftServerConfigKeys (ConfUtils.java:logGet(43)) - raft.server.log.appender.buffer.byte-limit = 33554432 (custom)
2019-09-27 09:16:46,630 [pool-167-thread-1] INFO  server.RaftServerConfigKeys (ConfUtils.java:logGet(43)) - raft.server.log.segment.size.max = 1048576 (custom)
2019-09-27 09:16:46,630 [pool-167-thread-1] INFO  server.RaftServerConfigKeys (ConfUtils.java:logGet(43)) - raft.server.log.preallocated.size = 16384 (custom)
2019-09-27 09:16:46,630 [pool-157-thread-1] INFO  server.RaftServerConfigKeys (ConfUtils.java:logGet(43)) - raft.server.log.segment.size.max = 1048576 (custom)
2019-09-27 09:16:46,630 [pool-167-thread-1] INFO  server.RaftServerConfigKeys (ConfUtils.java:logGet(43)) - raft.server.log.write.buffer.size = 33554432 (custom)
2019-09-27 09:16:46,630 [pool-187-thread-1] INFO  server.RaftServerConfigKeys (ConfUtils.java:logGet(43)) - raft.server.log.segment.size.max = 1048576 (custom)
2019-09-27 09:16:46,630 [pool-167-thread-1] INFO  server.RaftServerConfigKeys (ConfUtils.java:logGet(43)) - raft.server.log.force.sync.num = 128 (default)
2019-09-27 09:16:46,630 [pool-157-thread-1] INFO  server.RaftServerConfigKeys (ConfUtils.java:logGet(43)) - raft.server.log.segment.cache.num.max = 2 (custom)
2019-09-27 09:16:46,631 [pool-167-thread-1] INFO  server.RaftServerConfigKeys (ConfUtils.java:logGet(43)) - raft.server.log.statemachine.data.sync = true (default)
2019-09-27 09:16:46,631 [pool-187-thread-1] INFO  server.RaftServerConfigKeys (ConfUtils.java:logGet(43)) - raft.server.log.segment.cache.num.max = 2 (custom)
2019-09-27 09:16:46,631 [pool-167-thread-1] INFO  server.RaftServerConfigKeys (ConfUtils.java:logGet(43)) - raft.server.log.statemachine.data.sync.timeout = 10s (default)
2019-09-27 09:16:46,631 [pool-157-thread-1] INFO  segmented.SegmentedRaftLogWorker (SegmentedRaftLogWorker.java:<init>(172)) - new dcfd2284-ad1e-4267-a15d-7e148c2289cb@group-E3215D54F09B-SegmentedRaftLogWorker for RaftStorage:Storage Directory /workdir/hadoop-ozone/integration-test/target/test-dir/MiniOzoneClusterImpl-283270ba-aa50-4746-a1ea-b4b278bb6973/datanode-1/data/ratis/691f656a-8a0d-4bc7-a277-e3215d54f09b
2019-09-27 09:16:46,631 [pool-167-thread-1] INFO  server.RaftServerConfigKeys (ConfUtils.java:logGet(43)) - raft.server.log.statemachine.data.sync.timeout.retry = -1 (default)
2019-09-27 09:16:46,631 [pool-187-thread-1] INFO  segmented.SegmentedRaftLogWorker (SegmentedRaftLogWorker.java:<init>(172)) - new 88f71ae2-1168-411a-bccc-2088b7ef8e3f@group-E3215D54F09B-SegmentedRaftLogWorker for RaftStorage:Storage Directory /workdir/hadoop-ozone/integration-test/target/test-dir/MiniOzoneClusterImpl-283270ba-aa50-4746-a1ea-b4b278bb6973/datanode-4/data/ratis/691f656a-8a0d-4bc7-a277-e3215d54f09b
2019-09-27 09:16:46,631 [pool-167-thread-1] INFO  server.RaftServerConfigKeys (ConfUtils.java:logGet(43)) - raft.server.log.statemachine.data.caching.enabled = true (custom)
2019-09-27 09:16:46,631 [pool-157-thread-1] INFO  server.RaftServerConfigKeys (ConfUtils.java:logGet(43)) - raft.server.log.queue.byte-limit = 2147483647 (custom)
2019-09-27 09:16:46,631 [pool-187-thread-1] INFO  server.RaftServerConfigKeys (ConfUtils.java:logGet(43)) - raft.server.log.queue.byte-limit = 2147483647 (custom)
2019-09-27 09:16:46,632 [pool-167-thread-1] INFO  segmented.SegmentedRaftLogWorker (SegmentedRaftLogWorker.java:lambda$new$0(132)) - d1b97505-207e-4333-b006-552a83aa594e@group-E3215D54F09B-SegmentedRaftLogWorker: flushIndex: setUnconditionally 0 -> -1
2019-09-27 09:16:46,632 [pool-157-thread-1] INFO  server.RaftServerConfigKeys (ConfUtils.java:logGet(43)) - raft.server.log.queue.element-limit = 1024 (custom)
2019-09-27 09:16:46,632 [pool-187-thread-1] INFO  server.RaftServerConfigKeys (ConfUtils.java:logGet(43)) - raft.server.log.queue.element-limit = 1024 (custom)
2019-09-27 09:16:46,632 [pool-167-thread-1] INFO  server.RaftServerConfigKeys (ConfUtils.java:logGet(43)) - raft.server.snapshot.auto.trigger.enabled = true (custom)
2019-09-27 09:16:46,632 [pool-157-thread-1] INFO  server.RaftServerConfigKeys (ConfUtils.java:logGet(43)) - raft.server.log.segment.size.max = 1048576 (custom)
2019-09-27 09:16:46,632 [pool-167-thread-1] INFO  server.RaftServerConfigKeys (ConfUtils.java:logGet(43)) - raft.server.snapshot.auto.trigger.threshold = 10000 (custom)
2019-09-27 09:16:46,632 [pool-187-thread-1] INFO  server.RaftServerConfigKeys (ConfUtils.java:logGet(43)) - raft.server.log.segment.size.max = 1048576 (custom)
2019-09-27 09:16:46,633 [pool-167-thread-1] INFO  server.RaftServerConfigKeys (ConfUtils.java:logGet(43)) - raft.server.snapshot.retention.num.files = 5 (custom)
2019-09-27 09:16:46,632 [pool-157-thread-1] INFO  server.RaftServerConfigKeys (ConfUtils.java:logGet(43)) - raft.server.log.preallocated.size = 16384 (custom)
2019-09-27 09:16:46,633 [pool-167-thread-1] INFO  server.RaftServerConfigKeys (ConfUtils.java:logGet(43)) - raft.server.retrycache.expirytime = 600000ms (custom)
2019-09-27 09:16:46,633 [pool-187-thread-1] INFO  server.RaftServerConfigKeys (ConfUtils.java:logGet(43)) - raft.server.log.preallocated.size = 16384 (custom)
2019-09-27 09:16:46,633 [pool-187-thread-1] INFO  server.RaftServerConfigKeys (ConfUtils.java:logGet(43)) - raft.server.log.write.buffer.size = 33554432 (custom)
2019-09-27 09:16:46,633 [pool-187-thread-1] INFO  server.RaftServerConfigKeys (ConfUtils.java:logGet(43)) - raft.server.log.force.sync.num = 128 (default)
2019-09-27 09:16:46,633 [pool-157-thread-1] INFO  server.RaftServerConfigKeys (ConfUtils.java:logGet(43)) - raft.server.log.write.buffer.size = 33554432 (custom)
2019-09-27 09:16:46,634 [pool-187-thread-1] INFO  server.RaftServerConfigKeys (ConfUtils.java:logGet(43)) - raft.server.log.statemachine.data.sync = true (default)
2019-09-27 09:16:46,634 [pool-157-thread-1] INFO  server.RaftServerConfigKeys (ConfUtils.java:logGet(43)) - raft.server.log.force.sync.num = 128 (default)
2019-09-27 09:16:46,634 [pool-187-thread-1] INFO  server.RaftServerConfigKeys (ConfUtils.java:logGet(43)) - raft.server.log.statemachine.data.sync.timeout = 10s (default)
2019-09-27 09:16:46,634 [pool-157-thread-1] INFO  server.RaftServerConfigKeys (ConfUtils.java:logGet(43)) - raft.server.log.statemachine.data.sync = true (default)
2019-09-27 09:16:46,634 [pool-187-thread-1] INFO  server.RaftServerConfigKeys (ConfUtils.java:logGet(43)) - raft.server.log.statemachine.data.sync.timeout.retry = -1 (default)
2019-09-27 09:16:46,634 [pool-157-thread-1] INFO  server.RaftServerConfigKeys (ConfUtils.java:logGet(43)) - raft.server.log.statemachine.data.sync.timeout = 10s (default)
2019-09-27 09:16:46,634 [pool-187-thread-1] INFO  server.RaftServerConfigKeys (ConfUtils.java:logGet(43)) - raft.server.log.statemachine.data.caching.enabled = true (custom)
2019-09-27 09:16:46,635 [pool-157-thread-1] INFO  server.RaftServerConfigKeys (ConfUtils.java:logGet(43)) - raft.server.log.statemachine.data.sync.timeout.retry = -1 (default)
2019-09-27 09:16:46,635 [pool-187-thread-1] INFO  segmented.SegmentedRaftLogWorker (SegmentedRaftLogWorker.java:lambda$new$0(132)) - 88f71ae2-1168-411a-bccc-2088b7ef8e3f@group-E3215D54F09B-SegmentedRaftLogWorker: flushIndex: setUnconditionally 0 -> -1
2019-09-27 09:16:46,635 [pool-167-thread-1] INFO  impl.RaftServerImpl (RaftServerImpl.java:start(185)) - d1b97505-207e-4333-b006-552a83aa594e@group-E3215D54F09B: start as a follower, conf=-1: [dcfd2284-ad1e-4267-a15d-7e148c2289cb:192.168.151.103:35614, d1b97505-207e-4333-b006-552a83aa594e:192.168.151.103:33569, 88f71ae2-1168-411a-bccc-2088b7ef8e3f:192.168.151.103:33365], old=null
2019-09-27 09:16:46,635 [pool-157-thread-1] INFO  server.RaftServerConfigKeys (ConfUtils.java:logGet(43)) - raft.server.log.statemachine.data.caching.enabled = true (custom)
2019-09-27 09:16:46,635 [pool-187-thread-1] INFO  server.RaftServerConfigKeys (ConfUtils.java:logGet(43)) - raft.server.snapshot.auto.trigger.enabled = true (custom)
2019-09-27 09:16:46,635 [pool-167-thread-1] INFO  impl.RaftServerImpl (RaftServerImpl.java:setRole(174)) - d1b97505-207e-4333-b006-552a83aa594e@group-E3215D54F09B: changes role from      null to FOLLOWER at term 0 for startAsFollower
2019-09-27 09:16:46,635 [pool-157-thread-1] INFO  segmented.SegmentedRaftLogWorker (SegmentedRaftLogWorker.java:lambda$new$0(132)) - dcfd2284-ad1e-4267-a15d-7e148c2289cb@group-E3215D54F09B-SegmentedRaftLogWorker: flushIndex: setUnconditionally 0 -> -1
2019-09-27 09:16:46,635 [pool-187-thread-1] INFO  server.RaftServerConfigKeys (ConfUtils.java:logGet(43)) - raft.server.snapshot.auto.trigger.threshold = 10000 (custom)
2019-09-27 09:16:46,636 [pool-167-thread-1] INFO  impl.RoleInfo (RoleInfo.java:updateAndGet(143)) - d1b97505-207e-4333-b006-552a83aa594e: start FollowerState
2019-09-27 09:16:46,636 [pool-157-thread-1] INFO  server.RaftServerConfigKeys (ConfUtils.java:logGet(43)) - raft.server.snapshot.auto.trigger.enabled = true (custom)
2019-09-27 09:16:46,636 [pool-187-thread-1] INFO  server.RaftServerConfigKeys (ConfUtils.java:logGet(43)) - raft.server.snapshot.retention.num.files = 5 (custom)
2019-09-27 09:16:46,636 [pool-157-thread-1] INFO  server.RaftServerConfigKeys (ConfUtils.java:logGet(43)) - raft.server.snapshot.auto.trigger.threshold = 10000 (custom)
2019-09-27 09:16:46,636 [IPC Server handler 0 on 39927] INFO  net.NetworkTopology (NetworkTopologyImpl.java:add(111)) - Added a new node: /rack1/e557a3b1-6e95-4f35-a3e1-c0da55ea7bc1
2019-09-27 09:16:46,636 [pool-187-thread-1] INFO  server.RaftServerConfigKeys (ConfUtils.java:logGet(43)) - raft.server.retrycache.expirytime = 600000ms (custom)
2019-09-27 09:16:46,636 [pool-167-thread-1] INFO  util.JmxRegister (JmxRegister.java:tryRegister(44)) - Successfully registered JMX Bean with object name Ratis:service=RaftServer,group=group-E3215D54F09B,id=d1b97505-207e-4333-b006-552a83aa594e
2019-09-27 09:16:46,637 [IPC Server handler 0 on 39927] INFO  node.SCMNodeManager (SCMNodeManager.java:register(266)) - Registered Data node : e557a3b1-6e95-4f35-a3e1-c0da55ea7bc1{ip: 192.168.151.103, host: pr-hdds2162-4fxhj-20988671, networkLocation: /rack1, certSerialId: null}
2019-09-27 09:16:46,636 [pool-157-thread-1] INFO  server.RaftServerConfigKeys (ConfUtils.java:logGet(43)) - raft.server.snapshot.retention.num.files = 5 (custom)
2019-09-27 09:16:46,637 [pool-157-thread-1] INFO  server.RaftServerConfigKeys (ConfUtils.java:logGet(43)) - raft.server.retrycache.expirytime = 600000ms (custom)
2019-09-27 09:16:46,642 [pool-187-thread-1] INFO  impl.RaftServerImpl (RaftServerImpl.java:start(185)) - 88f71ae2-1168-411a-bccc-2088b7ef8e3f@group-E3215D54F09B: start as a follower, conf=-1: [dcfd2284-ad1e-4267-a15d-7e148c2289cb:192.168.151.103:35614, d1b97505-207e-4333-b006-552a83aa594e:192.168.151.103:33569, 88f71ae2-1168-411a-bccc-2088b7ef8e3f:192.168.151.103:33365], old=null
2019-09-27 09:16:46,642 [pool-187-thread-1] INFO  impl.RaftServerImpl (RaftServerImpl.java:setRole(174)) - 88f71ae2-1168-411a-bccc-2088b7ef8e3f@group-E3215D54F09B: changes role from      null to FOLLOWER at term 0 for startAsFollower
2019-09-27 09:16:46,642 [pool-187-thread-1] INFO  impl.RoleInfo (RoleInfo.java:updateAndGet(143)) - 88f71ae2-1168-411a-bccc-2088b7ef8e3f: start FollowerState
2019-09-27 09:16:46,643 [pool-157-thread-1] INFO  impl.RaftServerImpl (RaftServerImpl.java:start(185)) - dcfd2284-ad1e-4267-a15d-7e148c2289cb@group-E3215D54F09B: start as a follower, conf=-1: [dcfd2284-ad1e-4267-a15d-7e148c2289cb:192.168.151.103:35614, d1b97505-207e-4333-b006-552a83aa594e:192.168.151.103:33569, 88f71ae2-1168-411a-bccc-2088b7ef8e3f:192.168.151.103:33365], old=null
2019-09-27 09:16:46,643 [pool-187-thread-1] INFO  util.JmxRegister (JmxRegister.java:tryRegister(44)) - Successfully registered JMX Bean with object name Ratis:service=RaftServer,group=group-E3215D54F09B,id=88f71ae2-1168-411a-bccc-2088b7ef8e3f
2019-09-27 09:16:46,643 [pool-157-thread-1] INFO  impl.RaftServerImpl (RaftServerImpl.java:setRole(174)) - dcfd2284-ad1e-4267-a15d-7e148c2289cb@group-E3215D54F09B: changes role from      null to FOLLOWER at term 0 for startAsFollower
2019-09-27 09:16:46,643 [pool-157-thread-1] INFO  impl.RoleInfo (RoleInfo.java:updateAndGet(143)) - dcfd2284-ad1e-4267-a15d-7e148c2289cb: start FollowerState
2019-09-27 09:16:46,643 [pool-157-thread-1] INFO  util.JmxRegister (JmxRegister.java:tryRegister(44)) - Successfully registered JMX Bean with object name Ratis:service=RaftServer,group=group-E3215D54F09B,id=dcfd2284-ad1e-4267-a15d-7e148c2289cb
2019-09-27 09:16:46,650 [RatisPipelineUtilsThread] INFO  pipeline.PipelineStateManager (PipelineStateManager.java:addPipeline(56)) - Created pipeline Pipeline[ Id: 691f656a-8a0d-4bc7-a277-e3215d54f09b, Nodes: dcfd2284-ad1e-4267-a15d-7e148c2289cb{ip: 192.168.151.103, host: pr-hdds2162-4fxhj-20988671, networkLocation: /rack1, certSerialId: null}88f71ae2-1168-411a-bccc-2088b7ef8e3f{ip: 192.168.151.103, host: pr-hdds2162-4fxhj-20988671, networkLocation: /rack1, certSerialId: null}d1b97505-207e-4333-b006-552a83aa594e{ip: 192.168.151.103, host: pr-hdds2162-4fxhj-20988671, networkLocation: /rack1, certSerialId: null}, Type:RATIS, Factor:THREE, State:OPEN]
2019-09-27 09:16:46,682 [grpc-default-executor-1] INFO  impl.RaftServerProxy (RaftServerProxy.java:addNew(89)) - 825f4d3a-e44b-481a-a24b-9ae922a259ab: addNew group-62F34B2FE18F:[e6dfef88-aea8-482b-83fb-8e87a0e55ccd:192.168.151.103:39305, e557a3b1-6e95-4f35-a3e1-c0da55ea7bc1:192.168.151.103:39568, 825f4d3a-e44b-481a-a24b-9ae922a259ab:192.168.151.103:34079] returns group-62F34B2FE18F:java.util.concurrent.CompletableFuture@19b8c2b0[Not completed]
2019-09-27 09:16:46,682 [grpc-default-executor-0] INFO  impl.RaftServerProxy (RaftServerProxy.java:addNew(89)) - e557a3b1-6e95-4f35-a3e1-c0da55ea7bc1: addNew group-62F34B2FE18F:[e6dfef88-aea8-482b-83fb-8e87a0e55ccd:192.168.151.103:39305, e557a3b1-6e95-4f35-a3e1-c0da55ea7bc1:192.168.151.103:39568, 825f4d3a-e44b-481a-a24b-9ae922a259ab:192.168.151.103:34079] returns group-62F34B2FE18F:java.util.concurrent.CompletableFuture@5264f650[Not completed]
2019-09-27 09:16:46,682 [grpc-default-executor-2] INFO  impl.RaftServerProxy (RaftServerProxy.java:addNew(89)) - e6dfef88-aea8-482b-83fb-8e87a0e55ccd: addNew group-62F34B2FE18F:[e6dfef88-aea8-482b-83fb-8e87a0e55ccd:192.168.151.103:39305, e557a3b1-6e95-4f35-a3e1-c0da55ea7bc1:192.168.151.103:39568, 825f4d3a-e44b-481a-a24b-9ae922a259ab:192.168.151.103:34079] returns group-62F34B2FE18F:java.util.concurrent.CompletableFuture@1060de25[Not completed]
2019-09-27 09:16:46,686 [pool-197-thread-1] INFO  impl.RaftServerImpl (RaftServerImpl.java:<init>(95)) - e6dfef88-aea8-482b-83fb-8e87a0e55ccd: new RaftServerImpl for group-62F34B2FE18F:[e6dfef88-aea8-482b-83fb-8e87a0e55ccd:192.168.151.103:39305, e557a3b1-6e95-4f35-a3e1-c0da55ea7bc1:192.168.151.103:39568, 825f4d3a-e44b-481a-a24b-9ae922a259ab:192.168.151.103:34079] with ContainerStateMachine:uninitialized
2019-09-27 09:16:46,686 [pool-197-thread-1] INFO  server.RaftServerConfigKeys (ConfUtils.java:logGet(43)) - raft.server.rpc.timeout.min = 1s (custom)
2019-09-27 09:16:46,686 [pool-197-thread-1] INFO  server.RaftServerConfigKeys (ConfUtils.java:logGet(43)) - raft.server.rpc.timeout.max = 1200ms (custom)
2019-09-27 09:16:46,686 [pool-197-thread-1] INFO  server.RaftServerConfigKeys (ConfUtils.java:logGet(43)) - raft.server.rpcslowness.timeout = 120s (custom)
2019-09-27 09:16:46,686 [pool-197-thread-1] INFO  server.RaftServerConfigKeys (ConfUtils.java:logGet(43)) - raft.server.sleep.deviation.threshold = 300 (default)
2019-09-27 09:16:46,686 [pool-197-thread-1] INFO  server.RaftServerConfigKeys (ConfUtils.java:logGet(43)) - raft.server.log.appender.install.snapshot.enabled = false (custom)
2019-09-27 09:16:46,686 [pool-197-thread-1] INFO  impl.RaftServerImpl (ServerState.java:<init>(103)) - e6dfef88-aea8-482b-83fb-8e87a0e55ccd@group-62F34B2FE18F: ConfigurationManager, init=-1: [e6dfef88-aea8-482b-83fb-8e87a0e55ccd:192.168.151.103:39305, e557a3b1-6e95-4f35-a3e1-c0da55ea7bc1:192.168.151.103:39568, 825f4d3a-e44b-481a-a24b-9ae922a259ab:192.168.151.103:34079], old=null, confs=<EMPTY_MAP>
2019-09-27 09:16:46,686 [pool-207-thread-1] INFO  impl.RaftServerImpl (RaftServerImpl.java:<init>(95)) - e557a3b1-6e95-4f35-a3e1-c0da55ea7bc1: new RaftServerImpl for group-62F34B2FE18F:[e6dfef88-aea8-482b-83fb-8e87a0e55ccd:192.168.151.103:39305, e557a3b1-6e95-4f35-a3e1-c0da55ea7bc1:192.168.151.103:39568, 825f4d3a-e44b-481a-a24b-9ae922a259ab:192.168.151.103:34079] with ContainerStateMachine:uninitialized
2019-09-27 09:16:46,687 [pool-197-thread-1] INFO  server.RaftServerConfigKeys (ConfUtils.java:logGet(43)) - raft.server.storage.dir = [/workdir/hadoop-ozone/integration-test/target/test-dir/MiniOzoneClusterImpl-283270ba-aa50-4746-a1ea-b4b278bb6973/datanode-5/data/ratis] (custom)
2019-09-27 09:16:46,687 [pool-207-thread-1] INFO  server.RaftServerConfigKeys (ConfUtils.java:logGet(43)) - raft.server.rpc.timeout.min = 1s (custom)
2019-09-27 09:16:46,687 [pool-207-thread-1] INFO  server.RaftServerConfigKeys (ConfUtils.java:logGet(43)) - raft.server.rpc.timeout.max = 1200ms (custom)
2019-09-27 09:16:46,687 [pool-197-thread-1] INFO  storage.RaftStorageDirectory (RaftStorageDirectory.java:analyzeStorage(246)) - The storage directory /workdir/hadoop-ozone/integration-test/target/test-dir/MiniOzoneClusterImpl-283270ba-aa50-4746-a1ea-b4b278bb6973/datanode-5/data/ratis/9fca8c8e-be9c-431d-b817-62f34b2fe18f does not exist. Creating ...
2019-09-27 09:16:46,687 [pool-207-thread-1] INFO  server.RaftServerConfigKeys (ConfUtils.java:logGet(43)) - raft.server.rpcslowness.timeout = 120s (custom)
2019-09-27 09:16:46,687 [pool-147-thread-1] INFO  impl.RaftServerImpl (RaftServerImpl.java:<init>(95)) - 825f4d3a-e44b-481a-a24b-9ae922a259ab: new RaftServerImpl for group-62F34B2FE18F:[e6dfef88-aea8-482b-83fb-8e87a0e55ccd:192.168.151.103:39305, e557a3b1-6e95-4f35-a3e1-c0da55ea7bc1:192.168.151.103:39568, 825f4d3a-e44b-481a-a24b-9ae922a259ab:192.168.151.103:34079] with ContainerStateMachine:uninitialized
2019-09-27 09:16:46,687 [pool-207-thread-1] INFO  server.RaftServerConfigKeys (ConfUtils.java:logGet(43)) - raft.server.sleep.deviation.threshold = 300 (default)
2019-09-27 09:16:46,688 [pool-147-thread-1] INFO  server.RaftServerConfigKeys (ConfUtils.java:logGet(43)) - raft.server.rpc.timeout.min = 1s (custom)
2019-09-27 09:16:46,688 [pool-207-thread-1] INFO  server.RaftServerConfigKeys (ConfUtils.java:logGet(43)) - raft.server.log.appender.install.snapshot.enabled = false (custom)
2019-09-27 09:16:46,688 [pool-147-thread-1] INFO  server.RaftServerConfigKeys (ConfUtils.java:logGet(43)) - raft.server.rpc.timeout.max = 1200ms (custom)
2019-09-27 09:16:46,688 [pool-207-thread-1] INFO  impl.RaftServerImpl (ServerState.java:<init>(103)) - e557a3b1-6e95-4f35-a3e1-c0da55ea7bc1@group-62F34B2FE18F: ConfigurationManager, init=-1: [e6dfef88-aea8-482b-83fb-8e87a0e55ccd:192.168.151.103:39305, e557a3b1-6e95-4f35-a3e1-c0da55ea7bc1:192.168.151.103:39568, 825f4d3a-e44b-481a-a24b-9ae922a259ab:192.168.151.103:34079], old=null, confs=<EMPTY_MAP>
2019-09-27 09:16:46,688 [pool-147-thread-1] INFO  server.RaftServerConfigKeys (ConfUtils.java:logGet(43)) - raft.server.rpcslowness.timeout = 120s (custom)
2019-09-27 09:16:46,688 [pool-207-thread-1] INFO  server.RaftServerConfigKeys (ConfUtils.java:logGet(43)) - raft.server.storage.dir = [/workdir/hadoop-ozone/integration-test/target/test-dir/MiniOzoneClusterImpl-283270ba-aa50-4746-a1ea-b4b278bb6973/datanode-6/data/ratis] (custom)
2019-09-27 09:16:46,688 [pool-147-thread-1] INFO  server.RaftServerConfigKeys (ConfUtils.java:logGet(43)) - raft.server.sleep.deviation.threshold = 300 (default)
2019-09-27 09:16:46,689 [pool-147-thread-1] INFO  server.RaftServerConfigKeys (ConfUtils.java:logGet(43)) - raft.server.log.appender.install.snapshot.enabled = false (custom)
2019-09-27 09:16:46,689 [pool-207-thread-1] INFO  storage.RaftStorageDirectory (RaftStorageDirectory.java:analyzeStorage(246)) - The storage directory /workdir/hadoop-ozone/integration-test/target/test-dir/MiniOzoneClusterImpl-283270ba-aa50-4746-a1ea-b4b278bb6973/datanode-6/data/ratis/9fca8c8e-be9c-431d-b817-62f34b2fe18f does not exist. Creating ...
2019-09-27 09:16:46,689 [pool-147-thread-1] INFO  impl.RaftServerImpl (ServerState.java:<init>(103)) - 825f4d3a-e44b-481a-a24b-9ae922a259ab@group-62F34B2FE18F: ConfigurationManager, init=-1: [e6dfef88-aea8-482b-83fb-8e87a0e55ccd:192.168.151.103:39305, e557a3b1-6e95-4f35-a3e1-c0da55ea7bc1:192.168.151.103:39568, 825f4d3a-e44b-481a-a24b-9ae922a259ab:192.168.151.103:34079], old=null, confs=<EMPTY_MAP>
2019-09-27 09:16:46,689 [pool-147-thread-1] INFO  server.RaftServerConfigKeys (ConfUtils.java:logGet(43)) - raft.server.storage.dir = [/workdir/hadoop-ozone/integration-test/target/test-dir/MiniOzoneClusterImpl-283270ba-aa50-4746-a1ea-b4b278bb6973/datanode-0/data/ratis] (custom)
2019-09-27 09:16:46,690 [pool-147-thread-1] INFO  storage.RaftStorageDirectory (RaftStorageDirectory.java:analyzeStorage(246)) - The storage directory /workdir/hadoop-ozone/integration-test/target/test-dir/MiniOzoneClusterImpl-283270ba-aa50-4746-a1ea-b4b278bb6973/datanode-0/data/ratis/9fca8c8e-be9c-431d-b817-62f34b2fe18f does not exist. Creating ...
2019-09-27 09:16:46,693 [IPC Server handler 1 on 39927] INFO  net.NetworkTopology (NetworkTopologyImpl.java:add(111)) - Added a new node: /rack1/debaddba-7ce7-4ada-b450-9c5d896bdac5
2019-09-27 09:16:46,693 [IPC Server handler 1 on 39927] INFO  node.SCMNodeManager (SCMNodeManager.java:register(266)) - Registered Data node : debaddba-7ce7-4ada-b450-9c5d896bdac5{ip: 192.168.151.103, host: pr-hdds2162-4fxhj-20988671, networkLocation: /rack1, certSerialId: null}
2019-09-27 09:16:46,700 [pool-147-thread-1] INFO  storage.RaftStorageDirectory (RaftStorageDirectory.java:tryLock(328)) - Lock on /workdir/hadoop-ozone/integration-test/target/test-dir/MiniOzoneClusterImpl-283270ba-aa50-4746-a1ea-b4b278bb6973/datanode-0/data/ratis/9fca8c8e-be9c-431d-b817-62f34b2fe18f/in_use.lock acquired by nodename 29571@pr-hdds2162-4fxhj-20988671
2019-09-27 09:16:46,700 [pool-207-thread-1] INFO  storage.RaftStorageDirectory (RaftStorageDirectory.java:tryLock(328)) - Lock on /workdir/hadoop-ozone/integration-test/target/test-dir/MiniOzoneClusterImpl-283270ba-aa50-4746-a1ea-b4b278bb6973/datanode-6/data/ratis/9fca8c8e-be9c-431d-b817-62f34b2fe18f/in_use.lock acquired by nodename 29571@pr-hdds2162-4fxhj-20988671
2019-09-27 09:16:46,700 [pool-197-thread-1] INFO  storage.RaftStorageDirectory (RaftStorageDirectory.java:tryLock(328)) - Lock on /workdir/hadoop-ozone/integration-test/target/test-dir/MiniOzoneClusterImpl-283270ba-aa50-4746-a1ea-b4b278bb6973/datanode-5/data/ratis/9fca8c8e-be9c-431d-b817-62f34b2fe18f/in_use.lock acquired by nodename 29571@pr-hdds2162-4fxhj-20988671
2019-09-27 09:16:46,714 [pool-197-thread-1] INFO  storage.RaftStorage (RaftStorage.java:format(72)) - Storage directory /workdir/hadoop-ozone/integration-test/target/test-dir/MiniOzoneClusterImpl-283270ba-aa50-4746-a1ea-b4b278bb6973/datanode-5/data/ratis/9fca8c8e-be9c-431d-b817-62f34b2fe18f has been successfully formatted.
2019-09-27 09:16:46,714 [pool-147-thread-1] INFO  storage.RaftStorage (RaftStorage.java:format(72)) - Storage directory /workdir/hadoop-ozone/integration-test/target/test-dir/MiniOzoneClusterImpl-283270ba-aa50-4746-a1ea-b4b278bb6973/datanode-0/data/ratis/9fca8c8e-be9c-431d-b817-62f34b2fe18f has been successfully formatted.
2019-09-27 09:16:46,714 [pool-207-thread-1] INFO  storage.RaftStorage (RaftStorage.java:format(72)) - Storage directory /workdir/hadoop-ozone/integration-test/target/test-dir/MiniOzoneClusterImpl-283270ba-aa50-4746-a1ea-b4b278bb6973/datanode-6/data/ratis/9fca8c8e-be9c-431d-b817-62f34b2fe18f has been successfully formatted.
2019-09-27 09:16:46,714 [pool-197-thread-1] INFO  ratis.ContainerStateMachine (ContainerStateMachine.java:loadSnapshot(230)) - group-62F34B2FE18F: The snapshot info is null. Setting the last applied indexto:(t:0, i:~)
2019-09-27 09:16:46,715 [pool-147-thread-1] INFO  ratis.ContainerStateMachine (ContainerStateMachine.java:loadSnapshot(230)) - group-62F34B2FE18F: The snapshot info is null. Setting the last applied indexto:(t:0, i:~)
2019-09-27 09:16:46,715 [pool-207-thread-1] INFO  ratis.ContainerStateMachine (ContainerStateMachine.java:loadSnapshot(230)) - group-62F34B2FE18F: The snapshot info is null. Setting the last applied indexto:(t:0, i:~)
2019-09-27 09:16:46,715 [pool-197-thread-1] INFO  server.RaftServerConfigKeys (ConfUtils.java:logGet(43)) - raft.server.notification.no-leader.timeout = 120s (custom)
2019-09-27 09:16:46,715 [pool-207-thread-1] INFO  server.RaftServerConfigKeys (ConfUtils.java:logGet(43)) - raft.server.notification.no-leader.timeout = 120s (custom)
2019-09-27 09:16:46,715 [pool-147-thread-1] INFO  server.RaftServerConfigKeys (ConfUtils.java:logGet(43)) - raft.server.notification.no-leader.timeout = 120s (custom)
2019-09-27 09:16:46,715 [pool-207-thread-1] INFO  server.RaftServerConfigKeys (ConfUtils.java:logGet(43)) - raft.server.log.use.memory = false (default)
2019-09-27 09:16:46,715 [pool-197-thread-1] INFO  server.RaftServerConfigKeys (ConfUtils.java:logGet(43)) - raft.server.log.use.memory = false (default)
2019-09-27 09:16:46,715 [pool-207-thread-1] INFO  server.RaftServerConfigKeys (ConfUtils.java:logGet(43)) - raft.server.log.purge.gap = 1000000 (custom)
2019-09-27 09:16:46,715 [pool-147-thread-1] INFO  server.RaftServerConfigKeys (ConfUtils.java:logGet(43)) - raft.server.log.use.memory = false (default)
2019-09-27 09:16:46,716 [pool-207-thread-1] INFO  server.RaftServerConfigKeys (ConfUtils.java:logGet(43)) - raft.server.log.appender.buffer.byte-limit = 33554432 (custom)
2019-09-27 09:16:46,716 [pool-197-thread-1] INFO  server.RaftServerConfigKeys (ConfUtils.java:logGet(43)) - raft.server.log.purge.gap = 1000000 (custom)
2019-09-27 09:16:46,716 [pool-207-thread-1] INFO  server.RaftServerConfigKeys (ConfUtils.java:logGet(43)) - raft.server.log.segment.size.max = 1048576 (custom)
2019-09-27 09:16:46,716 [pool-147-thread-1] INFO  server.RaftServerConfigKeys (ConfUtils.java:logGet(43)) - raft.server.log.purge.gap = 1000000 (custom)
2019-09-27 09:16:46,716 [pool-207-thread-1] INFO  server.RaftServerConfigKeys (ConfUtils.java:logGet(43)) - raft.server.log.segment.cache.num.max = 2 (custom)
2019-09-27 09:16:46,716 [pool-197-thread-1] INFO  server.RaftServerConfigKeys (ConfUtils.java:logGet(43)) - raft.server.log.appender.buffer.byte-limit = 33554432 (custom)
2019-09-27 09:16:46,717 [pool-207-thread-1] INFO  segmented.SegmentedRaftLogWorker (SegmentedRaftLogWorker.java:<init>(172)) - new e557a3b1-6e95-4f35-a3e1-c0da55ea7bc1@group-62F34B2FE18F-SegmentedRaftLogWorker for RaftStorage:Storage Directory /workdir/hadoop-ozone/integration-test/target/test-dir/MiniOzoneClusterImpl-283270ba-aa50-4746-a1ea-b4b278bb6973/datanode-6/data/ratis/9fca8c8e-be9c-431d-b817-62f34b2fe18f
2019-09-27 09:16:46,716 [pool-147-thread-1] INFO  server.RaftServerConfigKeys (ConfUtils.java:logGet(43)) - raft.server.log.appender.buffer.byte-limit = 33554432 (custom)
2019-09-27 09:16:46,717 [pool-147-thread-1] INFO  server.RaftServerConfigKeys (ConfUtils.java:logGet(43)) - raft.server.log.segment.size.max = 1048576 (custom)
2019-09-27 09:16:46,717 [pool-197-thread-1] INFO  server.RaftServerConfigKeys (ConfUtils.java:logGet(43)) - raft.server.log.segment.size.max = 1048576 (custom)
2019-09-27 09:16:46,717 [pool-147-thread-1] INFO  server.RaftServerConfigKeys (ConfUtils.java:logGet(43)) - raft.server.log.segment.cache.num.max = 2 (custom)
2019-09-27 09:16:46,717 [pool-197-thread-1] INFO  server.RaftServerConfigKeys (ConfUtils.java:logGet(43)) - raft.server.log.segment.cache.num.max = 2 (custom)
2019-09-27 09:16:46,717 [pool-147-thread-1] INFO  segmented.SegmentedRaftLogWorker (SegmentedRaftLogWorker.java:<init>(172)) - new 825f4d3a-e44b-481a-a24b-9ae922a259ab@group-62F34B2FE18F-SegmentedRaftLogWorker for RaftStorage:Storage Directory /workdir/hadoop-ozone/integration-test/target/test-dir/MiniOzoneClusterImpl-283270ba-aa50-4746-a1ea-b4b278bb6973/datanode-0/data/ratis/9fca8c8e-be9c-431d-b817-62f34b2fe18f
2019-09-27 09:16:46,718 [pool-197-thread-1] INFO  segmented.SegmentedRaftLogWorker (SegmentedRaftLogWorker.java:<init>(172)) - new e6dfef88-aea8-482b-83fb-8e87a0e55ccd@group-62F34B2FE18F-SegmentedRaftLogWorker for RaftStorage:Storage Directory /workdir/hadoop-ozone/integration-test/target/test-dir/MiniOzoneClusterImpl-283270ba-aa50-4746-a1ea-b4b278bb6973/datanode-5/data/ratis/9fca8c8e-be9c-431d-b817-62f34b2fe18f
2019-09-27 09:16:46,718 [pool-147-thread-1] INFO  server.RaftServerConfigKeys (ConfUtils.java:logGet(43)) - raft.server.log.queue.byte-limit = 2147483647 (custom)
2019-09-27 09:16:46,718 [pool-147-thread-1] INFO  server.RaftServerConfigKeys (ConfUtils.java:logGet(43)) - raft.server.log.queue.element-limit = 1024 (custom)
2019-09-27 09:16:46,718 [pool-147-thread-1] INFO  server.RaftServerConfigKeys (ConfUtils.java:logGet(43)) - raft.server.log.segment.size.max = 1048576 (custom)
2019-09-27 09:16:46,718 [pool-147-thread-1] INFO  server.RaftServerConfigKeys (ConfUtils.java:logGet(43)) - raft.server.log.preallocated.size = 16384 (custom)
2019-09-27 09:16:46,718 [pool-147-thread-1] INFO  server.RaftServerConfigKeys (ConfUtils.java:logGet(43)) - raft.server.log.write.buffer.size = 33554432 (custom)
2019-09-27 09:16:46,718 [pool-147-thread-1] INFO  server.RaftServerConfigKeys (ConfUtils.java:logGet(43)) - raft.server.log.force.sync.num = 128 (default)
2019-09-27 09:16:46,719 [pool-147-thread-1] INFO  server.RaftServerConfigKeys (ConfUtils.java:logGet(43)) - raft.server.log.statemachine.data.sync = true (default)
2019-09-27 09:16:46,719 [pool-147-thread-1] INFO  server.RaftServerConfigKeys (ConfUtils.java:logGet(43)) - raft.server.log.statemachine.data.sync.timeout = 10s (default)
2019-09-27 09:16:46,719 [pool-147-thread-1] INFO  server.RaftServerConfigKeys (ConfUtils.java:logGet(43)) - raft.server.log.statemachine.data.sync.timeout.retry = -1 (default)
2019-09-27 09:16:46,719 [pool-147-thread-1] INFO  server.RaftServerConfigKeys (ConfUtils.java:logGet(43)) - raft.server.log.statemachine.data.caching.enabled = true (custom)
2019-09-27 09:16:46,719 [pool-147-thread-1] INFO  segmented.SegmentedRaftLogWorker (SegmentedRaftLogWorker.java:lambda$new$0(132)) - 825f4d3a-e44b-481a-a24b-9ae922a259ab@group-62F34B2FE18F-SegmentedRaftLogWorker: flushIndex: setUnconditionally 0 -> -1
2019-09-27 09:16:46,719 [pool-147-thread-1] INFO  server.RaftServerConfigKeys (ConfUtils.java:logGet(43)) - raft.server.snapshot.auto.trigger.enabled = true (custom)
2019-09-27 09:16:46,720 [pool-147-thread-1] INFO  server.RaftServerConfigKeys (ConfUtils.java:logGet(43)) - raft.server.snapshot.auto.trigger.threshold = 10000 (custom)
2019-09-27 09:16:46,720 [pool-147-thread-1] INFO  server.RaftServerConfigKeys (ConfUtils.java:logGet(43)) - raft.server.snapshot.retention.num.files = 5 (custom)
2019-09-27 09:16:46,720 [pool-147-thread-1] INFO  server.RaftServerConfigKeys (ConfUtils.java:logGet(43)) - raft.server.retrycache.expirytime = 600000ms (custom)
2019-09-27 09:16:46,721 [pool-207-thread-1] INFO  server.RaftServerConfigKeys (ConfUtils.java:logGet(43)) - raft.server.log.queue.byte-limit = 2147483647 (custom)
2019-09-27 09:16:46,721 [pool-207-thread-1] INFO  server.RaftServerConfigKeys (ConfUtils.java:logGet(43)) - raft.server.log.queue.element-limit = 1024 (custom)
2019-09-27 09:16:46,722 [pool-207-thread-1] INFO  server.RaftServerConfigKeys (ConfUtils.java:logGet(43)) - raft.server.log.segment.size.max = 1048576 (custom)
2019-09-27 09:16:46,722 [pool-197-thread-1] INFO  server.RaftServerConfigKeys (ConfUtils.java:logGet(43)) - raft.server.log.queue.byte-limit = 2147483647 (custom)
2019-09-27 09:16:46,722 [pool-207-thread-1] INFO  server.RaftServerConfigKeys (ConfUtils.java:logGet(43)) - raft.server.log.preallocated.size = 16384 (custom)
2019-09-27 09:16:46,722 [pool-197-thread-1] INFO  server.RaftServerConfigKeys (ConfUtils.java:logGet(43)) - raft.server.log.queue.element-limit = 1024 (custom)
2019-09-27 09:16:46,722 [pool-207-thread-1] INFO  server.RaftServerConfigKeys (ConfUtils.java:logGet(43)) - raft.server.log.write.buffer.size = 33554432 (custom)
2019-09-27 09:16:46,723 [pool-147-thread-1] INFO  impl.RaftServerImpl (RaftServerImpl.java:start(185)) - 825f4d3a-e44b-481a-a24b-9ae922a259ab@group-62F34B2FE18F: start as a follower, conf=-1: [e6dfef88-aea8-482b-83fb-8e87a0e55ccd:192.168.151.103:39305, e557a3b1-6e95-4f35-a3e1-c0da55ea7bc1:192.168.151.103:39568, 825f4d3a-e44b-481a-a24b-9ae922a259ab:192.168.151.103:34079], old=null
2019-09-27 09:16:46,723 [pool-197-thread-1] INFO  server.RaftServerConfigKeys (ConfUtils.java:logGet(43)) - raft.server.log.segment.size.max = 1048576 (custom)
2019-09-27 09:16:46,723 [pool-147-thread-1] INFO  impl.RaftServerImpl (RaftServerImpl.java:setRole(174)) - 825f4d3a-e44b-481a-a24b-9ae922a259ab@group-62F34B2FE18F: changes role from      null to FOLLOWER at term 0 for startAsFollower
2019-09-27 09:16:46,723 [pool-207-thread-1] INFO  server.RaftServerConfigKeys (ConfUtils.java:logGet(43)) - raft.server.log.force.sync.num = 128 (default)
2019-09-27 09:16:46,723 [pool-147-thread-1] INFO  impl.RoleInfo (RoleInfo.java:updateAndGet(143)) - 825f4d3a-e44b-481a-a24b-9ae922a259ab: start FollowerState
2019-09-27 09:16:46,723 [pool-197-thread-1] INFO  server.RaftServerConfigKeys (ConfUtils.java:logGet(43)) - raft.server.log.preallocated.size = 16384 (custom)
2019-09-27 09:16:46,723 [pool-207-thread-1] INFO  server.RaftServerConfigKeys (ConfUtils.java:logGet(43)) - raft.server.log.statemachine.data.sync = true (default)
2019-09-27 09:16:46,724 [pool-147-thread-1] INFO  util.JmxRegister (JmxRegister.java:tryRegister(44)) - Successfully registered JMX Bean with object name Ratis:service=RaftServer,group=group-62F34B2FE18F,id=825f4d3a-e44b-481a-a24b-9ae922a259ab
2019-09-27 09:16:46,724 [pool-197-thread-1] INFO  server.RaftServerConfigKeys (ConfUtils.java:logGet(43)) - raft.server.log.write.buffer.size = 33554432 (custom)
2019-09-27 09:16:46,724 [pool-207-thread-1] INFO  server.RaftServerConfigKeys (ConfUtils.java:logGet(43)) - raft.server.log.statemachine.data.sync.timeout = 10s (default)
2019-09-27 09:16:46,724 [pool-197-thread-1] INFO  server.RaftServerConfigKeys (ConfUtils.java:logGet(43)) - raft.server.log.force.sync.num = 128 (default)
2019-09-27 09:16:46,724 [pool-207-thread-1] INFO  server.RaftServerConfigKeys (ConfUtils.java:logGet(43)) - raft.server.log.statemachine.data.sync.timeout.retry = -1 (default)
2019-09-27 09:16:46,724 [pool-197-thread-1] INFO  server.RaftServerConfigKeys (ConfUtils.java:logGet(43)) - raft.server.log.statemachine.data.sync = true (default)
2019-09-27 09:16:46,725 [pool-197-thread-1] INFO  server.RaftServerConfigKeys (ConfUtils.java:logGet(43)) - raft.server.log.statemachine.data.sync.timeout = 10s (default)
2019-09-27 09:16:46,725 [pool-207-thread-1] INFO  server.RaftServerConfigKeys (ConfUtils.java:logGet(43)) - raft.server.log.statemachine.data.caching.enabled = true (custom)
2019-09-27 09:16:46,725 [pool-197-thread-1] INFO  server.RaftServerConfigKeys (ConfUtils.java:logGet(43)) - raft.server.log.statemachine.data.sync.timeout.retry = -1 (default)
2019-09-27 09:16:46,729 [pool-207-thread-1] INFO  segmented.SegmentedRaftLogWorker (SegmentedRaftLogWorker.java:lambda$new$0(132)) - e557a3b1-6e95-4f35-a3e1-c0da55ea7bc1@group-62F34B2FE18F-SegmentedRaftLogWorker: flushIndex: setUnconditionally 0 -> -1
2019-09-27 09:16:46,729 [pool-197-thread-1] INFO  server.RaftServerConfigKeys (ConfUtils.java:logGet(43)) - raft.server.log.statemachine.data.caching.enabled = true (custom)
2019-09-27 09:16:46,729 [pool-207-thread-1] INFO  server.RaftServerConfigKeys (ConfUtils.java:logGet(43)) - raft.server.snapshot.auto.trigger.enabled = true (custom)
2019-09-27 09:16:46,729 [pool-207-thread-1] INFO  server.RaftServerConfigKeys (ConfUtils.java:logGet(43)) - raft.server.snapshot.auto.trigger.threshold = 10000 (custom)
2019-09-27 09:16:46,729 [pool-197-thread-1] INFO  segmented.SegmentedRaftLogWorker (SegmentedRaftLogWorker.java:lambda$new$0(132)) - e6dfef88-aea8-482b-83fb-8e87a0e55ccd@group-62F34B2FE18F-SegmentedRaftLogWorker: flushIndex: setUnconditionally 0 -> -1
2019-09-27 09:16:46,729 [pool-207-thread-1] INFO  server.RaftServerConfigKeys (ConfUtils.java:logGet(43)) - raft.server.snapshot.retention.num.files = 5 (custom)
2019-09-27 09:16:46,729 [pool-197-thread-1] INFO  server.RaftServerConfigKeys (ConfUtils.java:logGet(43)) - raft.server.snapshot.auto.trigger.enabled = true (custom)
2019-09-27 09:16:46,729 [pool-207-thread-1] INFO  server.RaftServerConfigKeys (ConfUtils.java:logGet(43)) - raft.server.retrycache.expirytime = 600000ms (custom)
2019-09-27 09:16:46,730 [pool-197-thread-1] INFO  server.RaftServerConfigKeys (ConfUtils.java:logGet(43)) - raft.server.snapshot.auto.trigger.threshold = 10000 (custom)
2019-09-27 09:16:46,730 [pool-197-thread-1] INFO  server.RaftServerConfigKeys (ConfUtils.java:logGet(43)) - raft.server.snapshot.retention.num.files = 5 (custom)
2019-09-27 09:16:46,730 [pool-197-thread-1] INFO  server.RaftServerConfigKeys (ConfUtils.java:logGet(43)) - raft.server.retrycache.expirytime = 600000ms (custom)
2019-09-27 09:16:46,732 [pool-207-thread-1] INFO  impl.RaftServerImpl (RaftServerImpl.java:start(185)) - e557a3b1-6e95-4f35-a3e1-c0da55ea7bc1@group-62F34B2FE18F: start as a follower, conf=-1: [e6dfef88-aea8-482b-83fb-8e87a0e55ccd:192.168.151.103:39305, e557a3b1-6e95-4f35-a3e1-c0da55ea7bc1:192.168.151.103:39568, 825f4d3a-e44b-481a-a24b-9ae922a259ab:192.168.151.103:34079], old=null
2019-09-27 09:16:46,732 [pool-207-thread-1] INFO  impl.RaftServerImpl (RaftServerImpl.java:setRole(174)) - e557a3b1-6e95-4f35-a3e1-c0da55ea7bc1@group-62F34B2FE18F: changes role from      null to FOLLOWER at term 0 for startAsFollower
2019-09-27 09:16:46,732 [pool-207-thread-1] INFO  impl.RoleInfo (RoleInfo.java:updateAndGet(143)) - e557a3b1-6e95-4f35-a3e1-c0da55ea7bc1: start FollowerState
2019-09-27 09:16:46,732 [pool-207-thread-1] INFO  util.JmxRegister (JmxRegister.java:tryRegister(44)) - Successfully registered JMX Bean with object name Ratis:service=RaftServer,group=group-62F34B2FE18F,id=e557a3b1-6e95-4f35-a3e1-c0da55ea7bc1
2019-09-27 09:16:46,732 [pool-197-thread-1] INFO  impl.RaftServerImpl (RaftServerImpl.java:start(185)) - e6dfef88-aea8-482b-83fb-8e87a0e55ccd@group-62F34B2FE18F: start as a follower, conf=-1: [e6dfef88-aea8-482b-83fb-8e87a0e55ccd:192.168.151.103:39305, e557a3b1-6e95-4f35-a3e1-c0da55ea7bc1:192.168.151.103:39568, 825f4d3a-e44b-481a-a24b-9ae922a259ab:192.168.151.103:34079], old=null
2019-09-27 09:16:46,733 [pool-197-thread-1] INFO  impl.RaftServerImpl (RaftServerImpl.java:setRole(174)) - e6dfef88-aea8-482b-83fb-8e87a0e55ccd@group-62F34B2FE18F: changes role from      null to FOLLOWER at term 0 for startAsFollower
2019-09-27 09:16:46,733 [pool-197-thread-1] INFO  impl.RoleInfo (RoleInfo.java:updateAndGet(143)) - e6dfef88-aea8-482b-83fb-8e87a0e55ccd: start FollowerState
2019-09-27 09:16:46,733 [pool-197-thread-1] INFO  util.JmxRegister (JmxRegister.java:tryRegister(44)) - Successfully registered JMX Bean with object name Ratis:service=RaftServer,group=group-62F34B2FE18F,id=e6dfef88-aea8-482b-83fb-8e87a0e55ccd
2019-09-27 09:16:46,739 [RatisPipelineUtilsThread] INFO  pipeline.PipelineStateManager (PipelineStateManager.java:addPipeline(56)) - Created pipeline Pipeline[ Id: 9fca8c8e-be9c-431d-b817-62f34b2fe18f, Nodes: e6dfef88-aea8-482b-83fb-8e87a0e55ccd{ip: 192.168.151.103, host: pr-hdds2162-4fxhj-20988671, networkLocation: /rack1, certSerialId: null}e557a3b1-6e95-4f35-a3e1-c0da55ea7bc1{ip: 192.168.151.103, host: pr-hdds2162-4fxhj-20988671, networkLocation: /rack1, certSerialId: null}825f4d3a-e44b-481a-a24b-9ae922a259ab{ip: 192.168.151.103, host: pr-hdds2162-4fxhj-20988671, networkLocation: /rack1, certSerialId: null}, Type:RATIS, Factor:THREE, State:OPEN]
2019-09-27 09:16:46,750 [grpc-default-executor-2] INFO  impl.RaftServerProxy (RaftServerProxy.java:addNew(89)) - e6dfef88-aea8-482b-83fb-8e87a0e55ccd: addNew group-392D2038B3E1:[e6dfef88-aea8-482b-83fb-8e87a0e55ccd:192.168.151.103:39305] returns group-392D2038B3E1:java.util.concurrent.CompletableFuture@41a46467[Not completed]
2019-09-27 09:16:46,751 [IPC Server handler 3 on 39927] INFO  net.NetworkTopology (NetworkTopologyImpl.java:add(111)) - Added a new node: /rack1/ac644bf3-7673-4e49-8339-55bbab6b6107
2019-09-27 09:16:46,753 [IPC Server handler 3 on 39927] INFO  node.SCMNodeManager (SCMNodeManager.java:register(266)) - Registered Data node : ac644bf3-7673-4e49-8339-55bbab6b6107{ip: 192.168.151.103, host: pr-hdds2162-4fxhj-20988671, networkLocation: /rack1, certSerialId: null}
2019-09-27 09:16:46,753 [pool-197-thread-1] INFO  impl.RaftServerImpl (RaftServerImpl.java:<init>(95)) - e6dfef88-aea8-482b-83fb-8e87a0e55ccd: new RaftServerImpl for group-392D2038B3E1:[e6dfef88-aea8-482b-83fb-8e87a0e55ccd:192.168.151.103:39305] with ContainerStateMachine:uninitialized
2019-09-27 09:16:46,753 [pool-197-thread-1] INFO  server.RaftServerConfigKeys (ConfUtils.java:logGet(43)) - raft.server.rpc.timeout.min = 1s (custom)
2019-09-27 09:16:46,754 [pool-197-thread-1] INFO  server.RaftServerConfigKeys (ConfUtils.java:logGet(43)) - raft.server.rpc.timeout.max = 1200ms (custom)
2019-09-27 09:16:46,754 [pool-197-thread-1] INFO  server.RaftServerConfigKeys (ConfUtils.java:logGet(43)) - raft.server.rpcslowness.timeout = 120s (custom)
2019-09-27 09:16:46,754 [pool-197-thread-1] INFO  server.RaftServerConfigKeys (ConfUtils.java:logGet(43)) - raft.server.sleep.deviation.threshold = 300 (default)
2019-09-27 09:16:46,754 [pool-197-thread-1] INFO  server.RaftServerConfigKeys (ConfUtils.java:logGet(43)) - raft.server.log.appender.install.snapshot.enabled = false (custom)
2019-09-27 09:16:46,754 [pool-197-thread-1] INFO  impl.RaftServerImpl (ServerState.java:<init>(103)) - e6dfef88-aea8-482b-83fb-8e87a0e55ccd@group-392D2038B3E1: ConfigurationManager, init=-1: [e6dfef88-aea8-482b-83fb-8e87a0e55ccd:192.168.151.103:39305], old=null, confs=<EMPTY_MAP>
2019-09-27 09:16:46,754 [pool-197-thread-1] INFO  server.RaftServerConfigKeys (ConfUtils.java:logGet(43)) - raft.server.storage.dir = [/workdir/hadoop-ozone/integration-test/target/test-dir/MiniOzoneClusterImpl-283270ba-aa50-4746-a1ea-b4b278bb6973/datanode-5/data/ratis] (custom)
2019-09-27 09:16:46,755 [pool-197-thread-1] INFO  storage.RaftStorageDirectory (RaftStorageDirectory.java:analyzeStorage(246)) - The storage directory /workdir/hadoop-ozone/integration-test/target/test-dir/MiniOzoneClusterImpl-283270ba-aa50-4746-a1ea-b4b278bb6973/datanode-5/data/ratis/f06f3cd8-c747-45f3-85b3-392d2038b3e1 does not exist. Creating ...
2019-09-27 09:16:46,768 [pool-197-thread-1] INFO  storage.RaftStorageDirectory (RaftStorageDirectory.java:tryLock(328)) - Lock on /workdir/hadoop-ozone/integration-test/target/test-dir/MiniOzoneClusterImpl-283270ba-aa50-4746-a1ea-b4b278bb6973/datanode-5/data/ratis/f06f3cd8-c747-45f3-85b3-392d2038b3e1/in_use.lock acquired by nodename 29571@pr-hdds2162-4fxhj-20988671
2019-09-27 09:16:46,781 [pool-197-thread-1] INFO  storage.RaftStorage (RaftStorage.java:format(72)) - Storage directory /workdir/hadoop-ozone/integration-test/target/test-dir/MiniOzoneClusterImpl-283270ba-aa50-4746-a1ea-b4b278bb6973/datanode-5/data/ratis/f06f3cd8-c747-45f3-85b3-392d2038b3e1 has been successfully formatted.
2019-09-27 09:16:46,781 [pool-197-thread-1] INFO  ratis.ContainerStateMachine (ContainerStateMachine.java:loadSnapshot(230)) - group-392D2038B3E1: The snapshot info is null. Setting the last applied indexto:(t:0, i:~)
2019-09-27 09:16:46,781 [pool-197-thread-1] INFO  server.RaftServerConfigKeys (ConfUtils.java:logGet(43)) - raft.server.notification.no-leader.timeout = 120s (custom)
2019-09-27 09:16:46,781 [pool-197-thread-1] INFO  server.RaftServerConfigKeys (ConfUtils.java:logGet(43)) - raft.server.log.use.memory = false (default)
2019-09-27 09:16:46,781 [pool-197-thread-1] INFO  server.RaftServerConfigKeys (ConfUtils.java:logGet(43)) - raft.server.log.purge.gap = 1000000 (custom)
2019-09-27 09:16:46,782 [pool-197-thread-1] INFO  server.RaftServerConfigKeys (ConfUtils.java:logGet(43)) - raft.server.log.appender.buffer.byte-limit = 33554432 (custom)
2019-09-27 09:16:46,782 [pool-197-thread-1] INFO  server.RaftServerConfigKeys (ConfUtils.java:logGet(43)) - raft.server.log.segment.size.max = 1048576 (custom)
2019-09-27 09:16:46,782 [pool-197-thread-1] INFO  server.RaftServerConfigKeys (ConfUtils.java:logGet(43)) - raft.server.log.segment.cache.num.max = 2 (custom)
2019-09-27 09:16:46,782 [pool-197-thread-1] INFO  segmented.SegmentedRaftLogWorker (SegmentedRaftLogWorker.java:<init>(172)) - new e6dfef88-aea8-482b-83fb-8e87a0e55ccd@group-392D2038B3E1-SegmentedRaftLogWorker for RaftStorage:Storage Directory /workdir/hadoop-ozone/integration-test/target/test-dir/MiniOzoneClusterImpl-283270ba-aa50-4746-a1ea-b4b278bb6973/datanode-5/data/ratis/f06f3cd8-c747-45f3-85b3-392d2038b3e1
2019-09-27 09:16:46,782 [pool-197-thread-1] INFO  server.RaftServerConfigKeys (ConfUtils.java:logGet(43)) - raft.server.log.queue.byte-limit = 2147483647 (custom)
2019-09-27 09:16:46,782 [pool-197-thread-1] INFO  server.RaftServerConfigKeys (ConfUtils.java:logGet(43)) - raft.server.log.queue.element-limit = 1024 (custom)
2019-09-27 09:16:46,782 [pool-197-thread-1] INFO  server.RaftServerConfigKeys (ConfUtils.java:logGet(43)) - raft.server.log.segment.size.max = 1048576 (custom)
2019-09-27 09:16:46,782 [pool-197-thread-1] INFO  server.RaftServerConfigKeys (ConfUtils.java:logGet(43)) - raft.server.log.preallocated.size = 16384 (custom)
2019-09-27 09:16:46,783 [pool-197-thread-1] INFO  server.RaftServerConfigKeys (ConfUtils.java:logGet(43)) - raft.server.log.write.buffer.size = 33554432 (custom)
2019-09-27 09:16:46,783 [pool-197-thread-1] INFO  server.RaftServerConfigKeys (ConfUtils.java:logGet(43)) - raft.server.log.force.sync.num = 128 (default)
2019-09-27 09:16:46,783 [pool-197-thread-1] INFO  server.RaftServerConfigKeys (ConfUtils.java:logGet(43)) - raft.server.log.statemachine.data.sync = true (default)
2019-09-27 09:16:46,783 [pool-197-thread-1] INFO  server.RaftServerConfigKeys (ConfUtils.java:logGet(43)) - raft.server.log.statemachine.data.sync.timeout = 10s (default)
2019-09-27 09:16:46,783 [pool-197-thread-1] INFO  server.RaftServerConfigKeys (ConfUtils.java:logGet(43)) - raft.server.log.statemachine.data.sync.timeout.retry = -1 (default)
2019-09-27 09:16:46,783 [pool-197-thread-1] INFO  server.RaftServerConfigKeys (ConfUtils.java:logGet(43)) - raft.server.log.statemachine.data.caching.enabled = true (custom)
2019-09-27 09:16:46,783 [pool-197-thread-1] INFO  segmented.SegmentedRaftLogWorker (SegmentedRaftLogWorker.java:lambda$new$0(132)) - e6dfef88-aea8-482b-83fb-8e87a0e55ccd@group-392D2038B3E1-SegmentedRaftLogWorker: flushIndex: setUnconditionally 0 -> -1
2019-09-27 09:16:46,784 [pool-197-thread-1] INFO  server.RaftServerConfigKeys (ConfUtils.java:logGet(43)) - raft.server.snapshot.auto.trigger.enabled = true (custom)
2019-09-27 09:16:46,784 [pool-197-thread-1] INFO  server.RaftServerConfigKeys (ConfUtils.java:logGet(43)) - raft.server.snapshot.auto.trigger.threshold = 10000 (custom)
2019-09-27 09:16:46,784 [pool-197-thread-1] INFO  server.RaftServerConfigKeys (ConfUtils.java:logGet(43)) - raft.server.snapshot.retention.num.files = 5 (custom)
2019-09-27 09:16:46,784 [pool-197-thread-1] INFO  server.RaftServerConfigKeys (ConfUtils.java:logGet(43)) - raft.server.retrycache.expirytime = 600000ms (custom)
2019-09-27 09:16:46,786 [pool-197-thread-1] INFO  impl.RaftServerImpl (RaftServerImpl.java:start(185)) - e6dfef88-aea8-482b-83fb-8e87a0e55ccd@group-392D2038B3E1: start as a follower, conf=-1: [e6dfef88-aea8-482b-83fb-8e87a0e55ccd:192.168.151.103:39305], old=null
2019-09-27 09:16:46,786 [pool-197-thread-1] INFO  impl.RaftServerImpl (RaftServerImpl.java:setRole(174)) - e6dfef88-aea8-482b-83fb-8e87a0e55ccd@group-392D2038B3E1: changes role from      null to FOLLOWER at term 0 for startAsFollower
2019-09-27 09:16:46,786 [pool-197-thread-1] INFO  impl.RoleInfo (RoleInfo.java:updateAndGet(143)) - e6dfef88-aea8-482b-83fb-8e87a0e55ccd: start FollowerState
2019-09-27 09:16:46,787 [pool-197-thread-1] INFO  util.JmxRegister (JmxRegister.java:tryRegister(44)) - Successfully registered JMX Bean with object name Ratis:service=RaftServer,group=group-392D2038B3E1,id=e6dfef88-aea8-482b-83fb-8e87a0e55ccd
2019-09-27 09:16:46,792 [RatisPipelineUtilsThread] INFO  pipeline.PipelineStateManager (PipelineStateManager.java:addPipeline(56)) - Created pipeline Pipeline[ Id: f06f3cd8-c747-45f3-85b3-392d2038b3e1, Nodes: e6dfef88-aea8-482b-83fb-8e87a0e55ccd{ip: 192.168.151.103, host: pr-hdds2162-4fxhj-20988671, networkLocation: /rack1, certSerialId: null}, Type:RATIS, Factor:ONE, State:OPEN]
2019-09-27 09:16:46,803 [grpc-default-executor-2] INFO  impl.RaftServerProxy (RaftServerProxy.java:addNew(89)) - ac644bf3-7673-4e49-8339-55bbab6b6107: addNew group-B03607296850:[ac644bf3-7673-4e49-8339-55bbab6b6107:192.168.151.103:33867] returns group-B03607296850:java.util.concurrent.CompletableFuture@270f96b8[Not completed]
2019-09-27 09:16:46,804 [pool-227-thread-1] INFO  impl.RaftServerImpl (RaftServerImpl.java:<init>(95)) - ac644bf3-7673-4e49-8339-55bbab6b6107: new RaftServerImpl for group-B03607296850:[ac644bf3-7673-4e49-8339-55bbab6b6107:192.168.151.103:33867] with ContainerStateMachine:uninitialized
2019-09-27 09:16:46,804 [pool-227-thread-1] INFO  server.RaftServerConfigKeys (ConfUtils.java:logGet(43)) - raft.server.rpc.timeout.min = 1s (custom)
2019-09-27 09:16:46,804 [pool-227-thread-1] INFO  server.RaftServerConfigKeys (ConfUtils.java:logGet(43)) - raft.server.rpc.timeout.max = 1200ms (custom)
2019-09-27 09:16:46,804 [pool-227-thread-1] INFO  server.RaftServerConfigKeys (ConfUtils.java:logGet(43)) - raft.server.rpcslowness.timeout = 120s (custom)
2019-09-27 09:16:46,805 [pool-227-thread-1] INFO  server.RaftServerConfigKeys (ConfUtils.java:logGet(43)) - raft.server.sleep.deviation.threshold = 300 (default)
2019-09-27 09:16:46,805 [pool-227-thread-1] INFO  server.RaftServerConfigKeys (ConfUtils.java:logGet(43)) - raft.server.log.appender.install.snapshot.enabled = false (custom)
2019-09-27 09:16:46,805 [pool-227-thread-1] INFO  impl.RaftServerImpl (ServerState.java:<init>(103)) - ac644bf3-7673-4e49-8339-55bbab6b6107@group-B03607296850: ConfigurationManager, init=-1: [ac644bf3-7673-4e49-8339-55bbab6b6107:192.168.151.103:33867], old=null, confs=<EMPTY_MAP>
2019-09-27 09:16:46,805 [pool-227-thread-1] INFO  server.RaftServerConfigKeys (ConfUtils.java:logGet(43)) - raft.server.storage.dir = [/workdir/hadoop-ozone/integration-test/target/test-dir/MiniOzoneClusterImpl-283270ba-aa50-4746-a1ea-b4b278bb6973/datanode-8/data/ratis] (custom)
2019-09-27 09:16:46,805 [pool-227-thread-1] INFO  storage.RaftStorageDirectory (RaftStorageDirectory.java:analyzeStorage(246)) - The storage directory /workdir/hadoop-ozone/integration-test/target/test-dir/MiniOzoneClusterImpl-283270ba-aa50-4746-a1ea-b4b278bb6973/datanode-8/data/ratis/d0e11e27-1a43-4d81-afb4-b03607296850 does not exist. Creating ...
2019-09-27 09:16:46,809 [IPC Server handler 4 on 39927] INFO  net.NetworkTopology (NetworkTopologyImpl.java:add(111)) - Added a new node: /rack1/4d5d320f-7099-447d-88bd-f0759179e632
2019-09-27 09:16:46,809 [IPC Server handler 4 on 39927] INFO  node.SCMNodeManager (SCMNodeManager.java:register(266)) - Registered Data node : 4d5d320f-7099-447d-88bd-f0759179e632{ip: 192.168.151.103, host: pr-hdds2162-4fxhj-20988671, networkLocation: /rack1, certSerialId: null}
2019-09-27 09:16:46,809 [main] INFO  ozone.MiniOzoneClusterImpl (MiniOzoneClusterImpl.java:lambda$waitForClusterToBeReady$0(147)) - Cluster is ready. Got 10 of 10 DN Heartbeats.
2019-09-27 09:16:46,818 [pool-227-thread-1] INFO  storage.RaftStorageDirectory (RaftStorageDirectory.java:tryLock(328)) - Lock on /workdir/hadoop-ozone/integration-test/target/test-dir/MiniOzoneClusterImpl-283270ba-aa50-4746-a1ea-b4b278bb6973/datanode-8/data/ratis/d0e11e27-1a43-4d81-afb4-b03607296850/in_use.lock acquired by nodename 29571@pr-hdds2162-4fxhj-20988671
2019-09-27 09:16:46,835 [pool-227-thread-1] INFO  storage.RaftStorage (RaftStorage.java:format(72)) - Storage directory /workdir/hadoop-ozone/integration-test/target/test-dir/MiniOzoneClusterImpl-283270ba-aa50-4746-a1ea-b4b278bb6973/datanode-8/data/ratis/d0e11e27-1a43-4d81-afb4-b03607296850 has been successfully formatted.
2019-09-27 09:16:46,835 [pool-227-thread-1] INFO  ratis.ContainerStateMachine (ContainerStateMachine.java:loadSnapshot(230)) - group-B03607296850: The snapshot info is null. Setting the last applied indexto:(t:0, i:~)
2019-09-27 09:16:46,835 [pool-227-thread-1] INFO  server.RaftServerConfigKeys (ConfUtils.java:logGet(43)) - raft.server.notification.no-leader.timeout = 120s (custom)
2019-09-27 09:16:46,835 [pool-227-thread-1] INFO  server.RaftServerConfigKeys (ConfUtils.java:logGet(43)) - raft.server.log.use.memory = false (default)
2019-09-27 09:16:46,835 [pool-227-thread-1] INFO  server.RaftServerConfigKeys (ConfUtils.java:logGet(43)) - raft.server.log.purge.gap = 1000000 (custom)
2019-09-27 09:16:46,836 [pool-227-thread-1] INFO  server.RaftServerConfigKeys (ConfUtils.java:logGet(43)) - raft.server.log.appender.buffer.byte-limit = 33554432 (custom)
2019-09-27 09:16:46,836 [pool-227-thread-1] INFO  server.RaftServerConfigKeys (ConfUtils.java:logGet(43)) - raft.server.log.segment.size.max = 1048576 (custom)
2019-09-27 09:16:46,836 [pool-227-thread-1] INFO  server.RaftServerConfigKeys (ConfUtils.java:logGet(43)) - raft.server.log.segment.cache.num.max = 2 (custom)
2019-09-27 09:16:46,836 [pool-227-thread-1] INFO  segmented.SegmentedRaftLogWorker (SegmentedRaftLogWorker.java:<init>(172)) - new ac644bf3-7673-4e49-8339-55bbab6b6107@group-B03607296850-SegmentedRaftLogWorker for RaftStorage:Storage Directory /workdir/hadoop-ozone/integration-test/target/test-dir/MiniOzoneClusterImpl-283270ba-aa50-4746-a1ea-b4b278bb6973/datanode-8/data/ratis/d0e11e27-1a43-4d81-afb4-b03607296850
2019-09-27 09:16:46,837 [pool-227-thread-1] INFO  server.RaftServerConfigKeys (ConfUtils.java:logGet(43)) - raft.server.log.queue.byte-limit = 2147483647 (custom)
2019-09-27 09:16:46,837 [pool-227-thread-1] INFO  server.RaftServerConfigKeys (ConfUtils.java:logGet(43)) - raft.server.log.queue.element-limit = 1024 (custom)
2019-09-27 09:16:46,838 [pool-227-thread-1] INFO  server.RaftServerConfigKeys (ConfUtils.java:logGet(43)) - raft.server.log.segment.size.max = 1048576 (custom)
2019-09-27 09:16:46,838 [pool-227-thread-1] INFO  server.RaftServerConfigKeys (ConfUtils.java:logGet(43)) - raft.server.log.preallocated.size = 16384 (custom)
2019-09-27 09:16:46,838 [pool-227-thread-1] INFO  server.RaftServerConfigKeys (ConfUtils.java:logGet(43)) - raft.server.log.write.buffer.size = 33554432 (custom)
2019-09-27 09:16:46,838 [pool-227-thread-1] INFO  server.RaftServerConfigKeys (ConfUtils.java:logGet(43)) - raft.server.log.force.sync.num = 128 (default)
2019-09-27 09:16:46,838 [pool-227-thread-1] INFO  server.RaftServerConfigKeys (ConfUtils.java:logGet(43)) - raft.server.log.statemachine.data.sync = true (default)
2019-09-27 09:16:46,838 [pool-227-thread-1] INFO  server.RaftServerConfigKeys (ConfUtils.java:logGet(43)) - raft.server.log.statemachine.data.sync.timeout = 10s (default)
2019-09-27 09:16:46,838 [pool-227-thread-1] INFO  server.RaftServerConfigKeys (ConfUtils.java:logGet(43)) - raft.server.log.statemachine.data.sync.timeout.retry = -1 (default)
2019-09-27 09:16:46,839 [pool-227-thread-1] INFO  server.RaftServerConfigKeys (ConfUtils.java:logGet(43)) - raft.server.log.statemachine.data.caching.enabled = true (custom)
2019-09-27 09:16:46,839 [pool-227-thread-1] INFO  segmented.SegmentedRaftLogWorker (SegmentedRaftLogWorker.java:lambda$new$0(132)) - ac644bf3-7673-4e49-8339-55bbab6b6107@group-B03607296850-SegmentedRaftLogWorker: flushIndex: setUnconditionally 0 -> -1
2019-09-27 09:16:46,839 [pool-227-thread-1] INFO  server.RaftServerConfigKeys (ConfUtils.java:logGet(43)) - raft.server.snapshot.auto.trigger.enabled = true (custom)
2019-09-27 09:16:46,839 [pool-227-thread-1] INFO  server.RaftServerConfigKeys (ConfUtils.java:logGet(43)) - raft.server.snapshot.auto.trigger.threshold = 10000 (custom)
2019-09-27 09:16:46,839 [pool-227-thread-1] INFO  server.RaftServerConfigKeys (ConfUtils.java:logGet(43)) - raft.server.snapshot.retention.num.files = 5 (custom)
2019-09-27 09:16:46,839 [pool-227-thread-1] INFO  server.RaftServerConfigKeys (ConfUtils.java:logGet(43)) - raft.server.retrycache.expirytime = 600000ms (custom)
2019-09-27 09:16:46,841 [pool-227-thread-1] INFO  impl.RaftServerImpl (RaftServerImpl.java:start(185)) - ac644bf3-7673-4e49-8339-55bbab6b6107@group-B03607296850: start as a follower, conf=-1: [ac644bf3-7673-4e49-8339-55bbab6b6107:192.168.151.103:33867], old=null
2019-09-27 09:16:46,841 [pool-227-thread-1] INFO  impl.RaftServerImpl (RaftServerImpl.java:setRole(174)) - ac644bf3-7673-4e49-8339-55bbab6b6107@group-B03607296850: changes role from      null to FOLLOWER at term 0 for startAsFollower
2019-09-27 09:16:46,841 [pool-227-thread-1] INFO  impl.RoleInfo (RoleInfo.java:updateAndGet(143)) - ac644bf3-7673-4e49-8339-55bbab6b6107: start FollowerState
2019-09-27 09:16:46,841 [pool-227-thread-1] INFO  util.JmxRegister (JmxRegister.java:tryRegister(44)) - Successfully registered JMX Bean with object name Ratis:service=RaftServer,group=group-B03607296850,id=ac644bf3-7673-4e49-8339-55bbab6b6107
2019-09-27 09:16:46,847 [RatisPipelineUtilsThread] INFO  pipeline.PipelineStateManager (PipelineStateManager.java:addPipeline(56)) - Created pipeline Pipeline[ Id: d0e11e27-1a43-4d81-afb4-b03607296850, Nodes: ac644bf3-7673-4e49-8339-55bbab6b6107{ip: 192.168.151.103, host: pr-hdds2162-4fxhj-20988671, networkLocation: /rack1, certSerialId: null}, Type:RATIS, Factor:ONE, State:OPEN]
2019-09-27 09:16:46,860 [grpc-default-executor-2] INFO  impl.RaftServerProxy (RaftServerProxy.java:addNew(89)) - 4d5d320f-7099-447d-88bd-f0759179e632: addNew group-B25CB3829846:[4d5d320f-7099-447d-88bd-f0759179e632:192.168.151.103:44930] returns group-B25CB3829846:java.util.concurrent.CompletableFuture@682ced94[Not completed]
2019-09-27 09:16:46,861 [pool-237-thread-1] INFO  impl.RaftServerImpl (RaftServerImpl.java:<init>(95)) - 4d5d320f-7099-447d-88bd-f0759179e632: new RaftServerImpl for group-B25CB3829846:[4d5d320f-7099-447d-88bd-f0759179e632:192.168.151.103:44930] with ContainerStateMachine:uninitialized
2019-09-27 09:16:46,861 [pool-237-thread-1] INFO  server.RaftServerConfigKeys (ConfUtils.java:logGet(43)) - raft.server.rpc.timeout.min = 1s (custom)
2019-09-27 09:16:46,861 [pool-237-thread-1] INFO  server.RaftServerConfigKeys (ConfUtils.java:logGet(43)) - raft.server.rpc.timeout.max = 1200ms (custom)
2019-09-27 09:16:46,861 [pool-237-thread-1] INFO  server.RaftServerConfigKeys (ConfUtils.java:logGet(43)) - raft.server.rpcslowness.timeout = 120s (custom)
2019-09-27 09:16:46,861 [pool-237-thread-1] INFO  server.RaftServerConfigKeys (ConfUtils.java:logGet(43)) - raft.server.sleep.deviation.threshold = 300 (default)
2019-09-27 09:16:46,861 [pool-237-thread-1] INFO  server.RaftServerConfigKeys (ConfUtils.java:logGet(43)) - raft.server.log.appender.install.snapshot.enabled = false (custom)
2019-09-27 09:16:46,861 [pool-237-thread-1] INFO  impl.RaftServerImpl (ServerState.java:<init>(103)) - 4d5d320f-7099-447d-88bd-f0759179e632@group-B25CB3829846: ConfigurationManager, init=-1: [4d5d320f-7099-447d-88bd-f0759179e632:192.168.151.103:44930], old=null, confs=<EMPTY_MAP>
2019-09-27 09:16:46,861 [pool-237-thread-1] INFO  server.RaftServerConfigKeys (ConfUtils.java:logGet(43)) - raft.server.storage.dir = [/workdir/hadoop-ozone/integration-test/target/test-dir/MiniOzoneClusterImpl-283270ba-aa50-4746-a1ea-b4b278bb6973/datanode-9/data/ratis] (custom)
2019-09-27 09:16:46,862 [pool-237-thread-1] INFO  storage.RaftStorageDirectory (RaftStorageDirectory.java:analyzeStorage(246)) - The storage directory /workdir/hadoop-ozone/integration-test/target/test-dir/MiniOzoneClusterImpl-283270ba-aa50-4746-a1ea-b4b278bb6973/datanode-9/data/ratis/243e429c-72f3-4813-9f8d-b25cb3829846 does not exist. Creating ...
2019-09-27 09:16:46,875 [pool-237-thread-1] INFO  storage.RaftStorageDirectory (RaftStorageDirectory.java:tryLock(328)) - Lock on /workdir/hadoop-ozone/integration-test/target/test-dir/MiniOzoneClusterImpl-283270ba-aa50-4746-a1ea-b4b278bb6973/datanode-9/data/ratis/243e429c-72f3-4813-9f8d-b25cb3829846/in_use.lock acquired by nodename 29571@pr-hdds2162-4fxhj-20988671
2019-09-27 09:16:46,887 [pool-237-thread-1] INFO  storage.RaftStorage (RaftStorage.java:format(72)) - Storage directory /workdir/hadoop-ozone/integration-test/target/test-dir/MiniOzoneClusterImpl-283270ba-aa50-4746-a1ea-b4b278bb6973/datanode-9/data/ratis/243e429c-72f3-4813-9f8d-b25cb3829846 has been successfully formatted.
2019-09-27 09:16:46,887 [pool-237-thread-1] INFO  ratis.ContainerStateMachine (ContainerStateMachine.java:loadSnapshot(230)) - group-B25CB3829846: The snapshot info is null. Setting the last applied indexto:(t:0, i:~)
2019-09-27 09:16:46,888 [pool-237-thread-1] INFO  server.RaftServerConfigKeys (ConfUtils.java:logGet(43)) - raft.server.notification.no-leader.timeout = 120s (custom)
2019-09-27 09:16:46,888 [pool-237-thread-1] INFO  server.RaftServerConfigKeys (ConfUtils.java:logGet(43)) - raft.server.log.use.memory = false (default)
2019-09-27 09:16:46,888 [pool-237-thread-1] INFO  server.RaftServerConfigKeys (ConfUtils.java:logGet(43)) - raft.server.log.purge.gap = 1000000 (custom)
2019-09-27 09:16:46,888 [pool-237-thread-1] INFO  server.RaftServerConfigKeys (ConfUtils.java:logGet(43)) - raft.server.log.appender.buffer.byte-limit = 33554432 (custom)
2019-09-27 09:16:46,888 [pool-237-thread-1] INFO  server.RaftServerConfigKeys (ConfUtils.java:logGet(43)) - raft.server.log.segment.size.max = 1048576 (custom)
2019-09-27 09:16:46,888 [pool-237-thread-1] INFO  server.RaftServerConfigKeys (ConfUtils.java:logGet(43)) - raft.server.log.segment.cache.num.max = 2 (custom)
2019-09-27 09:16:46,888 [pool-237-thread-1] INFO  segmented.SegmentedRaftLogWorker (SegmentedRaftLogWorker.java:<init>(172)) - new 4d5d320f-7099-447d-88bd-f0759179e632@group-B25CB3829846-SegmentedRaftLogWorker for RaftStorage:Storage Directory /workdir/hadoop-ozone/integration-test/target/test-dir/MiniOzoneClusterImpl-283270ba-aa50-4746-a1ea-b4b278bb6973/datanode-9/data/ratis/243e429c-72f3-4813-9f8d-b25cb3829846
2019-09-27 09:16:46,890 [pool-237-thread-1] INFO  server.RaftServerConfigKeys (ConfUtils.java:logGet(43)) - raft.server.log.queue.byte-limit = 2147483647 (custom)
2019-09-27 09:16:46,890 [pool-237-thread-1] INFO  server.RaftServerConfigKeys (ConfUtils.java:logGet(43)) - raft.server.log.queue.element-limit = 1024 (custom)
2019-09-27 09:16:46,890 [pool-237-thread-1] INFO  server.RaftServerConfigKeys (ConfUtils.java:logGet(43)) - raft.server.log.segment.size.max = 1048576 (custom)
2019-09-27 09:16:46,890 [pool-237-thread-1] INFO  server.RaftServerConfigKeys (ConfUtils.java:logGet(43)) - raft.server.log.preallocated.size = 16384 (custom)
2019-09-27 09:16:46,890 [pool-237-thread-1] INFO  server.RaftServerConfigKeys (ConfUtils.java:logGet(43)) - raft.server.log.write.buffer.size = 33554432 (custom)
2019-09-27 09:16:46,890 [pool-237-thread-1] INFO  server.RaftServerConfigKeys (ConfUtils.java:logGet(43)) - raft.server.log.force.sync.num = 128 (default)
2019-09-27 09:16:46,890 [pool-237-thread-1] INFO  server.RaftServerConfigKeys (ConfUtils.java:logGet(43)) - raft.server.log.statemachine.data.sync = true (default)
2019-09-27 09:16:46,891 [pool-237-thread-1] INFO  server.RaftServerConfigKeys (ConfUtils.java:logGet(43)) - raft.server.log.statemachine.data.sync.timeout = 10s (default)
2019-09-27 09:16:46,891 [pool-237-thread-1] INFO  server.RaftServerConfigKeys (ConfUtils.java:logGet(43)) - raft.server.log.statemachine.data.sync.timeout.retry = -1 (default)
2019-09-27 09:16:46,891 [pool-237-thread-1] INFO  server.RaftServerConfigKeys (ConfUtils.java:logGet(43)) - raft.server.log.statemachine.data.caching.enabled = true (custom)
2019-09-27 09:16:46,891 [pool-237-thread-1] INFO  segmented.SegmentedRaftLogWorker (SegmentedRaftLogWorker.java:lambda$new$0(132)) - 4d5d320f-7099-447d-88bd-f0759179e632@group-B25CB3829846-SegmentedRaftLogWorker: flushIndex: setUnconditionally 0 -> -1
2019-09-27 09:16:46,891 [pool-237-thread-1] INFO  server.RaftServerConfigKeys (ConfUtils.java:logGet(43)) - raft.server.snapshot.auto.trigger.enabled = true (custom)
2019-09-27 09:16:46,891 [pool-237-thread-1] INFO  server.RaftServerConfigKeys (ConfUtils.java:logGet(43)) - raft.server.snapshot.auto.trigger.threshold = 10000 (custom)
2019-09-27 09:16:46,891 [pool-237-thread-1] INFO  server.RaftServerConfigKeys (ConfUtils.java:logGet(43)) - raft.server.snapshot.retention.num.files = 5 (custom)
2019-09-27 09:16:46,892 [pool-237-thread-1] INFO  server.RaftServerConfigKeys (ConfUtils.java:logGet(43)) - raft.server.retrycache.expirytime = 600000ms (custom)
2019-09-27 09:16:46,893 [pool-237-thread-1] INFO  impl.RaftServerImpl (RaftServerImpl.java:start(185)) - 4d5d320f-7099-447d-88bd-f0759179e632@group-B25CB3829846: start as a follower, conf=-1: [4d5d320f-7099-447d-88bd-f0759179e632:192.168.151.103:44930], old=null
2019-09-27 09:16:46,893 [pool-237-thread-1] INFO  impl.RaftServerImpl (RaftServerImpl.java:setRole(174)) - 4d5d320f-7099-447d-88bd-f0759179e632@group-B25CB3829846: changes role from      null to FOLLOWER at term 0 for startAsFollower
2019-09-27 09:16:46,893 [pool-237-thread-1] INFO  impl.RoleInfo (RoleInfo.java:updateAndGet(143)) - 4d5d320f-7099-447d-88bd-f0759179e632: start FollowerState
2019-09-27 09:16:46,894 [pool-237-thread-1] INFO  util.JmxRegister (JmxRegister.java:tryRegister(44)) - Successfully registered JMX Bean with object name Ratis:service=RaftServer,group=group-B25CB3829846,id=4d5d320f-7099-447d-88bd-f0759179e632
2019-09-27 09:16:46,899 [RatisPipelineUtilsThread] INFO  pipeline.PipelineStateManager (PipelineStateManager.java:addPipeline(56)) - Created pipeline Pipeline[ Id: 243e429c-72f3-4813-9f8d-b25cb3829846, Nodes: 4d5d320f-7099-447d-88bd-f0759179e632{ip: 192.168.151.103, host: pr-hdds2162-4fxhj-20988671, networkLocation: /rack1, certSerialId: null}, Type:RATIS, Factor:ONE, State:OPEN]
2019-09-27 09:16:46,909 [grpc-default-executor-2] INFO  impl.RaftServerProxy (RaftServerProxy.java:addNew(89)) - e557a3b1-6e95-4f35-a3e1-c0da55ea7bc1: addNew group-9DC66057BD0D:[e557a3b1-6e95-4f35-a3e1-c0da55ea7bc1:192.168.151.103:39568] returns group-9DC66057BD0D:java.util.concurrent.CompletableFuture@24fb723d[Not completed]
2019-09-27 09:16:46,910 [pool-207-thread-1] INFO  impl.RaftServerImpl (RaftServerImpl.java:<init>(95)) - e557a3b1-6e95-4f35-a3e1-c0da55ea7bc1: new RaftServerImpl for group-9DC66057BD0D:[e557a3b1-6e95-4f35-a3e1-c0da55ea7bc1:192.168.151.103:39568] with ContainerStateMachine:uninitialized
2019-09-27 09:16:46,911 [pool-207-thread-1] INFO  server.RaftServerConfigKeys (ConfUtils.java:logGet(43)) - raft.server.rpc.timeout.min = 1s (custom)
2019-09-27 09:16:46,911 [pool-207-thread-1] INFO  server.RaftServerConfigKeys (ConfUtils.java:logGet(43)) - raft.server.rpc.timeout.max = 1200ms (custom)
2019-09-27 09:16:46,911 [pool-207-thread-1] INFO  server.RaftServerConfigKeys (ConfUtils.java:logGet(43)) - raft.server.rpcslowness.timeout = 120s (custom)
2019-09-27 09:16:46,911 [pool-207-thread-1] INFO  server.RaftServerConfigKeys (ConfUtils.java:logGet(43)) - raft.server.sleep.deviation.threshold = 300 (default)
2019-09-27 09:16:46,911 [pool-207-thread-1] INFO  server.RaftServerConfigKeys (ConfUtils.java:logGet(43)) - raft.server.log.appender.install.snapshot.enabled = false (custom)
2019-09-27 09:16:46,911 [pool-207-thread-1] INFO  impl.RaftServerImpl (ServerState.java:<init>(103)) - e557a3b1-6e95-4f35-a3e1-c0da55ea7bc1@group-9DC66057BD0D: ConfigurationManager, init=-1: [e557a3b1-6e95-4f35-a3e1-c0da55ea7bc1:192.168.151.103:39568], old=null, confs=<EMPTY_MAP>
2019-09-27 09:16:46,911 [pool-207-thread-1] INFO  server.RaftServerConfigKeys (ConfUtils.java:logGet(43)) - raft.server.storage.dir = [/workdir/hadoop-ozone/integration-test/target/test-dir/MiniOzoneClusterImpl-283270ba-aa50-4746-a1ea-b4b278bb6973/datanode-6/data/ratis] (custom)
2019-09-27 09:16:46,912 [pool-207-thread-1] INFO  storage.RaftStorageDirectory (RaftStorageDirectory.java:analyzeStorage(246)) - The storage directory /workdir/hadoop-ozone/integration-test/target/test-dir/MiniOzoneClusterImpl-283270ba-aa50-4746-a1ea-b4b278bb6973/datanode-6/data/ratis/70f24850-ef08-4f7f-91c3-9dc66057bd0d does not exist. Creating ...
2019-09-27 09:16:46,925 [pool-207-thread-1] INFO  storage.RaftStorageDirectory (RaftStorageDirectory.java:tryLock(328)) - Lock on /workdir/hadoop-ozone/integration-test/target/test-dir/MiniOzoneClusterImpl-283270ba-aa50-4746-a1ea-b4b278bb6973/datanode-6/data/ratis/70f24850-ef08-4f7f-91c3-9dc66057bd0d/in_use.lock acquired by nodename 29571@pr-hdds2162-4fxhj-20988671
2019-09-27 09:16:46,939 [pool-207-thread-1] INFO  storage.RaftStorage (RaftStorage.java:format(72)) - Storage directory /workdir/hadoop-ozone/integration-test/target/test-dir/MiniOzoneClusterImpl-283270ba-aa50-4746-a1ea-b4b278bb6973/datanode-6/data/ratis/70f24850-ef08-4f7f-91c3-9dc66057bd0d has been successfully formatted.
2019-09-27 09:16:46,939 [pool-207-thread-1] INFO  ratis.ContainerStateMachine (ContainerStateMachine.java:loadSnapshot(230)) - group-9DC66057BD0D: The snapshot info is null. Setting the last applied indexto:(t:0, i:~)
2019-09-27 09:16:46,939 [pool-207-thread-1] INFO  server.RaftServerConfigKeys (ConfUtils.java:logGet(43)) - raft.server.notification.no-leader.timeout = 120s (custom)
2019-09-27 09:16:46,939 [pool-207-thread-1] INFO  server.RaftServerConfigKeys (ConfUtils.java:logGet(43)) - raft.server.log.use.memory = false (default)
2019-09-27 09:16:46,940 [pool-207-thread-1] INFO  server.RaftServerConfigKeys (ConfUtils.java:logGet(43)) - raft.server.log.purge.gap = 1000000 (custom)
2019-09-27 09:16:46,940 [pool-207-thread-1] INFO  server.RaftServerConfigKeys (ConfUtils.java:logGet(43)) - raft.server.log.appender.buffer.byte-limit = 33554432 (custom)
2019-09-27 09:16:46,940 [pool-207-thread-1] INFO  server.RaftServerConfigKeys (ConfUtils.java:logGet(43)) - raft.server.log.segment.size.max = 1048576 (custom)
2019-09-27 09:16:46,940 [pool-207-thread-1] INFO  server.RaftServerConfigKeys (ConfUtils.java:logGet(43)) - raft.server.log.segment.cache.num.max = 2 (custom)
2019-09-27 09:16:46,940 [pool-207-thread-1] INFO  segmented.SegmentedRaftLogWorker (SegmentedRaftLogWorker.java:<init>(172)) - new e557a3b1-6e95-4f35-a3e1-c0da55ea7bc1@group-9DC66057BD0D-SegmentedRaftLogWorker for RaftStorage:Storage Directory /workdir/hadoop-ozone/integration-test/target/test-dir/MiniOzoneClusterImpl-283270ba-aa50-4746-a1ea-b4b278bb6973/datanode-6/data/ratis/70f24850-ef08-4f7f-91c3-9dc66057bd0d
2019-09-27 09:16:46,940 [pool-207-thread-1] INFO  server.RaftServerConfigKeys (ConfUtils.java:logGet(43)) - raft.server.log.queue.byte-limit = 2147483647 (custom)
2019-09-27 09:16:46,941 [pool-207-thread-1] INFO  server.RaftServerConfigKeys (ConfUtils.java:logGet(43)) - raft.server.log.queue.element-limit = 1024 (custom)
2019-09-27 09:16:46,941 [pool-207-thread-1] INFO  server.RaftServerConfigKeys (ConfUtils.java:logGet(43)) - raft.server.log.segment.size.max = 1048576 (custom)
2019-09-27 09:16:46,941 [pool-207-thread-1] INFO  server.RaftServerConfigKeys (ConfUtils.java:logGet(43)) - raft.server.log.preallocated.size = 16384 (custom)
2019-09-27 09:16:46,941 [pool-207-thread-1] INFO  server.RaftServerConfigKeys (ConfUtils.java:logGet(43)) - raft.server.log.write.buffer.size = 33554432 (custom)
2019-09-27 09:16:46,941 [pool-207-thread-1] INFO  server.RaftServerConfigKeys (ConfUtils.java:logGet(43)) - raft.server.log.force.sync.num = 128 (default)
2019-09-27 09:16:46,941 [pool-207-thread-1] INFO  server.RaftServerConfigKeys (ConfUtils.java:logGet(43)) - raft.server.log.statemachine.data.sync = true (default)
2019-09-27 09:16:46,942 [pool-207-thread-1] INFO  server.RaftServerConfigKeys (ConfUtils.java:logGet(43)) - raft.server.log.statemachine.data.sync.timeout = 10s (default)
2019-09-27 09:16:46,942 [pool-207-thread-1] INFO  server.RaftServerConfigKeys (ConfUtils.java:logGet(43)) - raft.server.log.statemachine.data.sync.timeout.retry = -1 (default)
2019-09-27 09:16:46,942 [pool-207-thread-1] INFO  server.RaftServerConfigKeys (ConfUtils.java:logGet(43)) - raft.server.log.statemachine.data.caching.enabled = true (custom)
2019-09-27 09:16:46,942 [pool-207-thread-1] INFO  segmented.SegmentedRaftLogWorker (SegmentedRaftLogWorker.java:lambda$new$0(132)) - e557a3b1-6e95-4f35-a3e1-c0da55ea7bc1@group-9DC66057BD0D-SegmentedRaftLogWorker: flushIndex: setUnconditionally 0 -> -1
2019-09-27 09:16:46,943 [pool-207-thread-1] INFO  server.RaftServerConfigKeys (ConfUtils.java:logGet(43)) - raft.server.snapshot.auto.trigger.enabled = true (custom)
2019-09-27 09:16:46,943 [pool-207-thread-1] INFO  server.RaftServerConfigKeys (ConfUtils.java:logGet(43)) - raft.server.snapshot.auto.trigger.threshold = 10000 (custom)
2019-09-27 09:16:46,943 [pool-207-thread-1] INFO  server.RaftServerConfigKeys (ConfUtils.java:logGet(43)) - raft.server.snapshot.retention.num.files = 5 (custom)
2019-09-27 09:16:46,943 [pool-207-thread-1] INFO  server.RaftServerConfigKeys (ConfUtils.java:logGet(43)) - raft.server.retrycache.expirytime = 600000ms (custom)
2019-09-27 09:16:46,946 [pool-207-thread-1] INFO  impl.RaftServerImpl (RaftServerImpl.java:start(185)) - e557a3b1-6e95-4f35-a3e1-c0da55ea7bc1@group-9DC66057BD0D: start as a follower, conf=-1: [e557a3b1-6e95-4f35-a3e1-c0da55ea7bc1:192.168.151.103:39568], old=null
2019-09-27 09:16:46,946 [pool-207-thread-1] INFO  impl.RaftServerImpl (RaftServerImpl.java:setRole(174)) - e557a3b1-6e95-4f35-a3e1-c0da55ea7bc1@group-9DC66057BD0D: changes role from      null to FOLLOWER at term 0 for startAsFollower
2019-09-27 09:16:46,946 [pool-207-thread-1] INFO  impl.RoleInfo (RoleInfo.java:updateAndGet(143)) - e557a3b1-6e95-4f35-a3e1-c0da55ea7bc1: start FollowerState
2019-09-27 09:16:46,947 [pool-207-thread-1] INFO  util.JmxRegister (JmxRegister.java:tryRegister(44)) - Successfully registered JMX Bean with object name Ratis:service=RaftServer,group=group-9DC66057BD0D,id=e557a3b1-6e95-4f35-a3e1-c0da55ea7bc1
2019-09-27 09:16:46,954 [RatisPipelineUtilsThread] INFO  pipeline.PipelineStateManager (PipelineStateManager.java:addPipeline(56)) - Created pipeline Pipeline[ Id: 70f24850-ef08-4f7f-91c3-9dc66057bd0d, Nodes: e557a3b1-6e95-4f35-a3e1-c0da55ea7bc1{ip: 192.168.151.103, host: pr-hdds2162-4fxhj-20988671, networkLocation: /rack1, certSerialId: null}, Type:RATIS, Factor:ONE, State:OPEN]
2019-09-27 09:16:46,988 [grpc-default-executor-2] INFO  impl.RaftServerProxy (RaftServerProxy.java:addNew(89)) - debaddba-7ce7-4ada-b450-9c5d896bdac5: addNew group-BF01B37418CF:[debaddba-7ce7-4ada-b450-9c5d896bdac5:192.168.151.103:37277] returns group-BF01B37418CF:java.util.concurrent.CompletableFuture@189fdd4[Not completed]
2019-09-27 09:16:46,989 [pool-217-thread-1] INFO  impl.RaftServerImpl (RaftServerImpl.java:<init>(95)) - debaddba-7ce7-4ada-b450-9c5d896bdac5: new RaftServerImpl for group-BF01B37418CF:[debaddba-7ce7-4ada-b450-9c5d896bdac5:192.168.151.103:37277] with ContainerStateMachine:uninitialized
2019-09-27 09:16:46,989 [pool-217-thread-1] INFO  server.RaftServerConfigKeys (ConfUtils.java:logGet(43)) - raft.server.rpc.timeout.min = 1s (custom)
2019-09-27 09:16:46,989 [pool-217-thread-1] INFO  server.RaftServerConfigKeys (ConfUtils.java:logGet(43)) - raft.server.rpc.timeout.max = 1200ms (custom)
2019-09-27 09:16:46,989 [pool-217-thread-1] INFO  server.RaftServerConfigKeys (ConfUtils.java:logGet(43)) - raft.server.rpcslowness.timeout = 120s (custom)
2019-09-27 09:16:46,990 [pool-217-thread-1] INFO  server.RaftServerConfigKeys (ConfUtils.java:logGet(43)) - raft.server.sleep.deviation.threshold = 300 (default)
2019-09-27 09:16:46,990 [pool-217-thread-1] INFO  server.RaftServerConfigKeys (ConfUtils.java:logGet(43)) - raft.server.log.appender.install.snapshot.enabled = false (custom)
2019-09-27 09:16:46,990 [pool-217-thread-1] INFO  impl.RaftServerImpl (ServerState.java:<init>(103)) - debaddba-7ce7-4ada-b450-9c5d896bdac5@group-BF01B37418CF: ConfigurationManager, init=-1: [debaddba-7ce7-4ada-b450-9c5d896bdac5:192.168.151.103:37277], old=null, confs=<EMPTY_MAP>
2019-09-27 09:16:46,990 [pool-217-thread-1] INFO  server.RaftServerConfigKeys (ConfUtils.java:logGet(43)) - raft.server.storage.dir = [/workdir/hadoop-ozone/integration-test/target/test-dir/MiniOzoneClusterImpl-283270ba-aa50-4746-a1ea-b4b278bb6973/datanode-7/data/ratis] (custom)
2019-09-27 09:16:46,990 [pool-217-thread-1] INFO  storage.RaftStorageDirectory (RaftStorageDirectory.java:analyzeStorage(246)) - The storage directory /workdir/hadoop-ozone/integration-test/target/test-dir/MiniOzoneClusterImpl-283270ba-aa50-4746-a1ea-b4b278bb6973/datanode-7/data/ratis/633456f3-40fd-4107-a797-bf01b37418cf does not exist. Creating ...
2019-09-27 09:16:47,004 [pool-217-thread-1] INFO  storage.RaftStorageDirectory (RaftStorageDirectory.java:tryLock(328)) - Lock on /workdir/hadoop-ozone/integration-test/target/test-dir/MiniOzoneClusterImpl-283270ba-aa50-4746-a1ea-b4b278bb6973/datanode-7/data/ratis/633456f3-40fd-4107-a797-bf01b37418cf/in_use.lock acquired by nodename 29571@pr-hdds2162-4fxhj-20988671
2019-09-27 09:16:47,017 [pool-217-thread-1] INFO  storage.RaftStorage (RaftStorage.java:format(72)) - Storage directory /workdir/hadoop-ozone/integration-test/target/test-dir/MiniOzoneClusterImpl-283270ba-aa50-4746-a1ea-b4b278bb6973/datanode-7/data/ratis/633456f3-40fd-4107-a797-bf01b37418cf has been successfully formatted.
2019-09-27 09:16:47,017 [pool-217-thread-1] INFO  ratis.ContainerStateMachine (ContainerStateMachine.java:loadSnapshot(230)) - group-BF01B37418CF: The snapshot info is null. Setting the last applied indexto:(t:0, i:~)
2019-09-27 09:16:47,018 [pool-217-thread-1] INFO  server.RaftServerConfigKeys (ConfUtils.java:logGet(43)) - raft.server.notification.no-leader.timeout = 120s (custom)
2019-09-27 09:16:47,018 [pool-217-thread-1] INFO  server.RaftServerConfigKeys (ConfUtils.java:logGet(43)) - raft.server.log.use.memory = false (default)
2019-09-27 09:16:47,018 [pool-217-thread-1] INFO  server.RaftServerConfigKeys (ConfUtils.java:logGet(43)) - raft.server.log.purge.gap = 1000000 (custom)
2019-09-27 09:16:47,018 [pool-217-thread-1] INFO  server.RaftServerConfigKeys (ConfUtils.java:logGet(43)) - raft.server.log.appender.buffer.byte-limit = 33554432 (custom)
2019-09-27 09:16:47,018 [pool-217-thread-1] INFO  server.RaftServerConfigKeys (ConfUtils.java:logGet(43)) - raft.server.log.segment.size.max = 1048576 (custom)
2019-09-27 09:16:47,018 [pool-217-thread-1] INFO  server.RaftServerConfigKeys (ConfUtils.java:logGet(43)) - raft.server.log.segment.cache.num.max = 2 (custom)
2019-09-27 09:16:47,019 [pool-217-thread-1] INFO  segmented.SegmentedRaftLogWorker (SegmentedRaftLogWorker.java:<init>(172)) - new debaddba-7ce7-4ada-b450-9c5d896bdac5@group-BF01B37418CF-SegmentedRaftLogWorker for RaftStorage:Storage Directory /workdir/hadoop-ozone/integration-test/target/test-dir/MiniOzoneClusterImpl-283270ba-aa50-4746-a1ea-b4b278bb6973/datanode-7/data/ratis/633456f3-40fd-4107-a797-bf01b37418cf
2019-09-27 09:16:47,022 [pool-217-thread-1] INFO  server.RaftServerConfigKeys (ConfUtils.java:logGet(43)) - raft.server.log.queue.byte-limit = 2147483647 (custom)
2019-09-27 09:16:47,022 [pool-217-thread-1] INFO  server.RaftServerConfigKeys (ConfUtils.java:logGet(43)) - raft.server.log.queue.element-limit = 1024 (custom)
2019-09-27 09:16:47,022 [pool-217-thread-1] INFO  server.RaftServerConfigKeys (ConfUtils.java:logGet(43)) - raft.server.log.segment.size.max = 1048576 (custom)
2019-09-27 09:16:47,022 [pool-217-thread-1] INFO  server.RaftServerConfigKeys (ConfUtils.java:logGet(43)) - raft.server.log.preallocated.size = 16384 (custom)
2019-09-27 09:16:47,022 [pool-217-thread-1] INFO  server.RaftServerConfigKeys (ConfUtils.java:logGet(43)) - raft.server.log.write.buffer.size = 33554432 (custom)
2019-09-27 09:16:47,023 [pool-217-thread-1] INFO  server.RaftServerConfigKeys (ConfUtils.java:logGet(43)) - raft.server.log.force.sync.num = 128 (default)
2019-09-27 09:16:47,023 [pool-217-thread-1] INFO  server.RaftServerConfigKeys (ConfUtils.java:logGet(43)) - raft.server.log.statemachine.data.sync = true (default)
2019-09-27 09:16:47,023 [pool-217-thread-1] INFO  server.RaftServerConfigKeys (ConfUtils.java:logGet(43)) - raft.server.log.statemachine.data.sync.timeout = 10s (default)
2019-09-27 09:16:47,023 [pool-217-thread-1] INFO  server.RaftServerConfigKeys (ConfUtils.java:logGet(43)) - raft.server.log.statemachine.data.sync.timeout.retry = -1 (default)
2019-09-27 09:16:47,023 [pool-217-thread-1] INFO  server.RaftServerConfigKeys (ConfUtils.java:logGet(43)) - raft.server.log.statemachine.data.caching.enabled = true (custom)
2019-09-27 09:16:47,024 [pool-217-thread-1] INFO  segmented.SegmentedRaftLogWorker (SegmentedRaftLogWorker.java:lambda$new$0(132)) - debaddba-7ce7-4ada-b450-9c5d896bdac5@group-BF01B37418CF-SegmentedRaftLogWorker: flushIndex: setUnconditionally 0 -> -1
2019-09-27 09:16:47,024 [pool-217-thread-1] INFO  server.RaftServerConfigKeys (ConfUtils.java:logGet(43)) - raft.server.snapshot.auto.trigger.enabled = true (custom)
2019-09-27 09:16:47,024 [pool-217-thread-1] INFO  server.RaftServerConfigKeys (ConfUtils.java:logGet(43)) - raft.server.snapshot.auto.trigger.threshold = 10000 (custom)
2019-09-27 09:16:47,024 [pool-217-thread-1] INFO  server.RaftServerConfigKeys (ConfUtils.java:logGet(43)) - raft.server.snapshot.retention.num.files = 5 (custom)
2019-09-27 09:16:47,025 [pool-217-thread-1] INFO  server.RaftServerConfigKeys (ConfUtils.java:logGet(43)) - raft.server.retrycache.expirytime = 600000ms (custom)
2019-09-27 09:16:47,027 [pool-217-thread-1] INFO  impl.RaftServerImpl (RaftServerImpl.java:start(185)) - debaddba-7ce7-4ada-b450-9c5d896bdac5@group-BF01B37418CF: start as a follower, conf=-1: [debaddba-7ce7-4ada-b450-9c5d896bdac5:192.168.151.103:37277], old=null
2019-09-27 09:16:47,027 [pool-217-thread-1] INFO  impl.RaftServerImpl (RaftServerImpl.java:setRole(174)) - debaddba-7ce7-4ada-b450-9c5d896bdac5@group-BF01B37418CF: changes role from      null to FOLLOWER at term 0 for startAsFollower
2019-09-27 09:16:47,027 [pool-217-thread-1] INFO  impl.RoleInfo (RoleInfo.java:updateAndGet(143)) - debaddba-7ce7-4ada-b450-9c5d896bdac5: start FollowerState
2019-09-27 09:16:47,027 [pool-217-thread-1] INFO  util.JmxRegister (JmxRegister.java:tryRegister(44)) - Successfully registered JMX Bean with object name Ratis:service=RaftServer,group=group-BF01B37418CF,id=debaddba-7ce7-4ada-b450-9c5d896bdac5
2019-09-27 09:16:47,035 [RatisPipelineUtilsThread] INFO  pipeline.PipelineStateManager (PipelineStateManager.java:addPipeline(56)) - Created pipeline Pipeline[ Id: 633456f3-40fd-4107-a797-bf01b37418cf, Nodes: debaddba-7ce7-4ada-b450-9c5d896bdac5{ip: 192.168.151.103, host: pr-hdds2162-4fxhj-20988671, networkLocation: /rack1, certSerialId: null}, Type:RATIS, Factor:ONE, State:OPEN]
2019-09-27 09:16:47,055 [grpc-default-executor-0] INFO  impl.RaftServerProxy (RaftServerProxy.java:addNew(89)) - 4d5d320f-7099-447d-88bd-f0759179e632: addNew group-0080225EE277:[4d5d320f-7099-447d-88bd-f0759179e632:192.168.151.103:44930, ac644bf3-7673-4e49-8339-55bbab6b6107:192.168.151.103:33867, debaddba-7ce7-4ada-b450-9c5d896bdac5:192.168.151.103:37277] returns group-0080225EE277:java.util.concurrent.CompletableFuture@2489571a[Not completed]
2019-09-27 09:16:47,061 [grpc-default-executor-1] INFO  impl.RaftServerProxy (RaftServerProxy.java:addNew(89)) - debaddba-7ce7-4ada-b450-9c5d896bdac5: addNew group-0080225EE277:[4d5d320f-7099-447d-88bd-f0759179e632:192.168.151.103:44930, ac644bf3-7673-4e49-8339-55bbab6b6107:192.168.151.103:33867, debaddba-7ce7-4ada-b450-9c5d896bdac5:192.168.151.103:37277] returns group-0080225EE277:java.util.concurrent.CompletableFuture@286b9cc0[Not completed]
2019-09-27 09:16:47,064 [grpc-default-executor-2] INFO  impl.RaftServerProxy (RaftServerProxy.java:addNew(89)) - ac644bf3-7673-4e49-8339-55bbab6b6107: addNew group-0080225EE277:[4d5d320f-7099-447d-88bd-f0759179e632:192.168.151.103:44930, ac644bf3-7673-4e49-8339-55bbab6b6107:192.168.151.103:33867, debaddba-7ce7-4ada-b450-9c5d896bdac5:192.168.151.103:37277] returns group-0080225EE277:java.util.concurrent.CompletableFuture@36bc392d[Not completed]
2019-09-27 09:16:47,065 [pool-217-thread-1] INFO  impl.RaftServerImpl (RaftServerImpl.java:<init>(95)) - debaddba-7ce7-4ada-b450-9c5d896bdac5: new RaftServerImpl for group-0080225EE277:[4d5d320f-7099-447d-88bd-f0759179e632:192.168.151.103:44930, ac644bf3-7673-4e49-8339-55bbab6b6107:192.168.151.103:33867, debaddba-7ce7-4ada-b450-9c5d896bdac5:192.168.151.103:37277] with ContainerStateMachine:uninitialized
2019-09-27 09:16:47,065 [pool-217-thread-1] INFO  server.RaftServerConfigKeys (ConfUtils.java:logGet(43)) - raft.server.rpc.timeout.min = 1s (custom)
2019-09-27 09:16:47,065 [pool-217-thread-1] INFO  server.RaftServerConfigKeys (ConfUtils.java:logGet(43)) - raft.server.rpc.timeout.max = 1200ms (custom)
2019-09-27 09:16:47,066 [pool-217-thread-1] INFO  server.RaftServerConfigKeys (ConfUtils.java:logGet(43)) - raft.server.rpcslowness.timeout = 120s (custom)
2019-09-27 09:16:47,066 [pool-217-thread-1] INFO  server.RaftServerConfigKeys (ConfUtils.java:logGet(43)) - raft.server.sleep.deviation.threshold = 300 (default)
2019-09-27 09:16:47,066 [pool-217-thread-1] INFO  server.RaftServerConfigKeys (ConfUtils.java:logGet(43)) - raft.server.log.appender.install.snapshot.enabled = false (custom)
2019-09-27 09:16:47,066 [pool-217-thread-1] INFO  impl.RaftServerImpl (ServerState.java:<init>(103)) - debaddba-7ce7-4ada-b450-9c5d896bdac5@group-0080225EE277: ConfigurationManager, init=-1: [4d5d320f-7099-447d-88bd-f0759179e632:192.168.151.103:44930, ac644bf3-7673-4e49-8339-55bbab6b6107:192.168.151.103:33867, debaddba-7ce7-4ada-b450-9c5d896bdac5:192.168.151.103:37277], old=null, confs=<EMPTY_MAP>
2019-09-27 09:16:47,066 [pool-217-thread-1] INFO  server.RaftServerConfigKeys (ConfUtils.java:logGet(43)) - raft.server.storage.dir = [/workdir/hadoop-ozone/integration-test/target/test-dir/MiniOzoneClusterImpl-283270ba-aa50-4746-a1ea-b4b278bb6973/datanode-7/data/ratis] (custom)
2019-09-27 09:16:47,066 [pool-227-thread-1] INFO  impl.RaftServerImpl (RaftServerImpl.java:<init>(95)) - ac644bf3-7673-4e49-8339-55bbab6b6107: new RaftServerImpl for group-0080225EE277:[4d5d320f-7099-447d-88bd-f0759179e632:192.168.151.103:44930, ac644bf3-7673-4e49-8339-55bbab6b6107:192.168.151.103:33867, debaddba-7ce7-4ada-b450-9c5d896bdac5:192.168.151.103:37277] with ContainerStateMachine:uninitialized
2019-09-27 09:16:47,067 [pool-227-thread-1] INFO  server.RaftServerConfigKeys (ConfUtils.java:logGet(43)) - raft.server.rpc.timeout.min = 1s (custom)
2019-09-27 09:16:47,067 [pool-217-thread-1] INFO  storage.RaftStorageDirectory (RaftStorageDirectory.java:analyzeStorage(246)) - The storage directory /workdir/hadoop-ozone/integration-test/target/test-dir/MiniOzoneClusterImpl-283270ba-aa50-4746-a1ea-b4b278bb6973/datanode-7/data/ratis/c342da81-c23f-48dd-9946-0080225ee277 does not exist. Creating ...
2019-09-27 09:16:47,067 [pool-227-thread-1] INFO  server.RaftServerConfigKeys (ConfUtils.java:logGet(43)) - raft.server.rpc.timeout.max = 1200ms (custom)
2019-09-27 09:16:47,067 [pool-237-thread-1] INFO  impl.RaftServerImpl (RaftServerImpl.java:<init>(95)) - 4d5d320f-7099-447d-88bd-f0759179e632: new RaftServerImpl for group-0080225EE277:[4d5d320f-7099-447d-88bd-f0759179e632:192.168.151.103:44930, ac644bf3-7673-4e49-8339-55bbab6b6107:192.168.151.103:33867, debaddba-7ce7-4ada-b450-9c5d896bdac5:192.168.151.103:37277] with ContainerStateMachine:uninitialized
2019-09-27 09:16:47,067 [pool-227-thread-1] INFO  server.RaftServerConfigKeys (ConfUtils.java:logGet(43)) - raft.server.rpcslowness.timeout = 120s (custom)
2019-09-27 09:16:47,067 [pool-237-thread-1] INFO  server.RaftServerConfigKeys (ConfUtils.java:logGet(43)) - raft.server.rpc.timeout.min = 1s (custom)
2019-09-27 09:16:47,067 [pool-227-thread-1] INFO  server.RaftServerConfigKeys (ConfUtils.java:logGet(43)) - raft.server.sleep.deviation.threshold = 300 (default)
2019-09-27 09:16:47,068 [pool-237-thread-1] INFO  server.RaftServerConfigKeys (ConfUtils.java:logGet(43)) - raft.server.rpc.timeout.max = 1200ms (custom)
2019-09-27 09:16:47,068 [pool-227-thread-1] INFO  server.RaftServerConfigKeys (ConfUtils.java:logGet(43)) - raft.server.log.appender.install.snapshot.enabled = false (custom)
2019-09-27 09:16:47,068 [pool-237-thread-1] INFO  server.RaftServerConfigKeys (ConfUtils.java:logGet(43)) - raft.server.rpcslowness.timeout = 120s (custom)
2019-09-27 09:16:47,068 [pool-227-thread-1] INFO  impl.RaftServerImpl (ServerState.java:<init>(103)) - ac644bf3-7673-4e49-8339-55bbab6b6107@group-0080225EE277: ConfigurationManager, init=-1: [4d5d320f-7099-447d-88bd-f0759179e632:192.168.151.103:44930, ac644bf3-7673-4e49-8339-55bbab6b6107:192.168.151.103:33867, debaddba-7ce7-4ada-b450-9c5d896bdac5:192.168.151.103:37277], old=null, confs=<EMPTY_MAP>
2019-09-27 09:16:47,068 [pool-237-thread-1] INFO  server.RaftServerConfigKeys (ConfUtils.java:logGet(43)) - raft.server.sleep.deviation.threshold = 300 (default)
2019-09-27 09:16:47,068 [pool-227-thread-1] INFO  server.RaftServerConfigKeys (ConfUtils.java:logGet(43)) - raft.server.storage.dir = [/workdir/hadoop-ozone/integration-test/target/test-dir/MiniOzoneClusterImpl-283270ba-aa50-4746-a1ea-b4b278bb6973/datanode-8/data/ratis] (custom)
2019-09-27 09:16:47,069 [pool-237-thread-1] INFO  server.RaftServerConfigKeys (ConfUtils.java:logGet(43)) - raft.server.log.appender.install.snapshot.enabled = false (custom)
2019-09-27 09:16:47,069 [pool-237-thread-1] INFO  impl.RaftServerImpl (ServerState.java:<init>(103)) - 4d5d320f-7099-447d-88bd-f0759179e632@group-0080225EE277: ConfigurationManager, init=-1: [4d5d320f-7099-447d-88bd-f0759179e632:192.168.151.103:44930, ac644bf3-7673-4e49-8339-55bbab6b6107:192.168.151.103:33867, debaddba-7ce7-4ada-b450-9c5d896bdac5:192.168.151.103:37277], old=null, confs=<EMPTY_MAP>
2019-09-27 09:16:47,069 [pool-227-thread-1] INFO  storage.RaftStorageDirectory (RaftStorageDirectory.java:analyzeStorage(246)) - The storage directory /workdir/hadoop-ozone/integration-test/target/test-dir/MiniOzoneClusterImpl-283270ba-aa50-4746-a1ea-b4b278bb6973/datanode-8/data/ratis/c342da81-c23f-48dd-9946-0080225ee277 does not exist. Creating ...
2019-09-27 09:16:47,069 [pool-237-thread-1] INFO  server.RaftServerConfigKeys (ConfUtils.java:logGet(43)) - raft.server.storage.dir = [/workdir/hadoop-ozone/integration-test/target/test-dir/MiniOzoneClusterImpl-283270ba-aa50-4746-a1ea-b4b278bb6973/datanode-9/data/ratis] (custom)
2019-09-27 09:16:47,070 [pool-237-thread-1] INFO  storage.RaftStorageDirectory (RaftStorageDirectory.java:analyzeStorage(246)) - The storage directory /workdir/hadoop-ozone/integration-test/target/test-dir/MiniOzoneClusterImpl-283270ba-aa50-4746-a1ea-b4b278bb6973/datanode-9/data/ratis/c342da81-c23f-48dd-9946-0080225ee277 does not exist. Creating ...
2019-09-27 09:16:47,088 [pool-237-thread-1] INFO  storage.RaftStorageDirectory (RaftStorageDirectory.java:tryLock(328)) - Lock on /workdir/hadoop-ozone/integration-test/target/test-dir/MiniOzoneClusterImpl-283270ba-aa50-4746-a1ea-b4b278bb6973/datanode-9/data/ratis/c342da81-c23f-48dd-9946-0080225ee277/in_use.lock acquired by nodename 29571@pr-hdds2162-4fxhj-20988671
2019-09-27 09:16:47,088 [pool-227-thread-1] INFO  storage.RaftStorageDirectory (RaftStorageDirectory.java:tryLock(328)) - Lock on /workdir/hadoop-ozone/integration-test/target/test-dir/MiniOzoneClusterImpl-283270ba-aa50-4746-a1ea-b4b278bb6973/datanode-8/data/ratis/c342da81-c23f-48dd-9946-0080225ee277/in_use.lock acquired by nodename 29571@pr-hdds2162-4fxhj-20988671
2019-09-27 09:16:47,088 [pool-217-thread-1] INFO  storage.RaftStorageDirectory (RaftStorageDirectory.java:tryLock(328)) - Lock on /workdir/hadoop-ozone/integration-test/target/test-dir/MiniOzoneClusterImpl-283270ba-aa50-4746-a1ea-b4b278bb6973/datanode-7/data/ratis/c342da81-c23f-48dd-9946-0080225ee277/in_use.lock acquired by nodename 29571@pr-hdds2162-4fxhj-20988671
2019-09-27 09:16:47,102 [pool-237-thread-1] INFO  storage.RaftStorage (RaftStorage.java:format(72)) - Storage directory /workdir/hadoop-ozone/integration-test/target/test-dir/MiniOzoneClusterImpl-283270ba-aa50-4746-a1ea-b4b278bb6973/datanode-9/data/ratis/c342da81-c23f-48dd-9946-0080225ee277 has been successfully formatted.
2019-09-27 09:16:47,102 [pool-217-thread-1] INFO  storage.RaftStorage (RaftStorage.java:format(72)) - Storage directory /workdir/hadoop-ozone/integration-test/target/test-dir/MiniOzoneClusterImpl-283270ba-aa50-4746-a1ea-b4b278bb6973/datanode-7/data/ratis/c342da81-c23f-48dd-9946-0080225ee277 has been successfully formatted.
2019-09-27 09:16:47,102 [pool-227-thread-1] INFO  storage.RaftStorage (RaftStorage.java:format(72)) - Storage directory /workdir/hadoop-ozone/integration-test/target/test-dir/MiniOzoneClusterImpl-283270ba-aa50-4746-a1ea-b4b278bb6973/datanode-8/data/ratis/c342da81-c23f-48dd-9946-0080225ee277 has been successfully formatted.
2019-09-27 09:16:47,102 [pool-217-thread-1] INFO  ratis.ContainerStateMachine (ContainerStateMachine.java:loadSnapshot(230)) - group-0080225EE277: The snapshot info is null. Setting the last applied indexto:(t:0, i:~)
2019-09-27 09:16:47,102 [pool-227-thread-1] INFO  ratis.ContainerStateMachine (ContainerStateMachine.java:loadSnapshot(230)) - group-0080225EE277: The snapshot info is null. Setting the last applied indexto:(t:0, i:~)
2019-09-27 09:16:47,102 [pool-237-thread-1] INFO  ratis.ContainerStateMachine (ContainerStateMachine.java:loadSnapshot(230)) - group-0080225EE277: The snapshot info is null. Setting the last applied indexto:(t:0, i:~)
2019-09-27 09:16:47,103 [pool-227-thread-1] INFO  server.RaftServerConfigKeys (ConfUtils.java:logGet(43)) - raft.server.notification.no-leader.timeout = 120s (custom)
2019-09-27 09:16:47,102 [pool-217-thread-1] INFO  server.RaftServerConfigKeys (ConfUtils.java:logGet(43)) - raft.server.notification.no-leader.timeout = 120s (custom)
2019-09-27 09:16:47,103 [pool-227-thread-1] INFO  server.RaftServerConfigKeys (ConfUtils.java:logGet(43)) - raft.server.log.use.memory = false (default)
2019-09-27 09:16:47,103 [pool-237-thread-1] INFO  server.RaftServerConfigKeys (ConfUtils.java:logGet(43)) - raft.server.notification.no-leader.timeout = 120s (custom)
2019-09-27 09:16:47,103 [pool-227-thread-1] INFO  server.RaftServerConfigKeys (ConfUtils.java:logGet(43)) - raft.server.log.purge.gap = 1000000 (custom)
2019-09-27 09:16:47,103 [pool-217-thread-1] INFO  server.RaftServerConfigKeys (ConfUtils.java:logGet(43)) - raft.server.log.use.memory = false (default)
2019-09-27 09:16:47,104 [pool-227-thread-1] INFO  server.RaftServerConfigKeys (ConfUtils.java:logGet(43)) - raft.server.log.appender.buffer.byte-limit = 33554432 (custom)
2019-09-27 09:16:47,103 [pool-237-thread-1] INFO  server.RaftServerConfigKeys (ConfUtils.java:logGet(43)) - raft.server.log.use.memory = false (default)
2019-09-27 09:16:47,104 [pool-227-thread-1] INFO  server.RaftServerConfigKeys (ConfUtils.java:logGet(43)) - raft.server.log.segment.size.max = 1048576 (custom)
2019-09-27 09:16:47,104 [pool-217-thread-1] INFO  server.RaftServerConfigKeys (ConfUtils.java:logGet(43)) - raft.server.log.purge.gap = 1000000 (custom)
2019-09-27 09:16:47,104 [pool-227-thread-1] INFO  server.RaftServerConfigKeys (ConfUtils.java:logGet(43)) - raft.server.log.segment.cache.num.max = 2 (custom)
2019-09-27 09:16:47,104 [pool-237-thread-1] INFO  server.RaftServerConfigKeys (ConfUtils.java:logGet(43)) - raft.server.log.purge.gap = 1000000 (custom)
2019-09-27 09:16:47,105 [pool-227-thread-1] INFO  segmented.SegmentedRaftLogWorker (SegmentedRaftLogWorker.java:<init>(172)) - new ac644bf3-7673-4e49-8339-55bbab6b6107@group-0080225EE277-SegmentedRaftLogWorker for RaftStorage:Storage Directory /workdir/hadoop-ozone/integration-test/target/test-dir/MiniOzoneClusterImpl-283270ba-aa50-4746-a1ea-b4b278bb6973/datanode-8/data/ratis/c342da81-c23f-48dd-9946-0080225ee277
2019-09-27 09:16:47,104 [pool-217-thread-1] INFO  server.RaftServerConfigKeys (ConfUtils.java:logGet(43)) - raft.server.log.appender.buffer.byte-limit = 33554432 (custom)
2019-09-27 09:16:47,105 [pool-227-thread-1] INFO  server.RaftServerConfigKeys (ConfUtils.java:logGet(43)) - raft.server.log.queue.byte-limit = 2147483647 (custom)
2019-09-27 09:16:47,105 [pool-237-thread-1] INFO  server.RaftServerConfigKeys (ConfUtils.java:logGet(43)) - raft.server.log.appender.buffer.byte-limit = 33554432 (custom)
2019-09-27 09:16:47,105 [pool-227-thread-1] INFO  server.RaftServerConfigKeys (ConfUtils.java:logGet(43)) - raft.server.log.queue.element-limit = 1024 (custom)
2019-09-27 09:16:47,105 [pool-217-thread-1] INFO  server.RaftServerConfigKeys (ConfUtils.java:logGet(43)) - raft.server.log.segment.size.max = 1048576 (custom)
2019-09-27 09:16:47,106 [pool-227-thread-1] INFO  server.RaftServerConfigKeys (ConfUtils.java:logGet(43)) - raft.server.log.segment.size.max = 1048576 (custom)
2019-09-27 09:16:47,106 [pool-237-thread-1] INFO  server.RaftServerConfigKeys (ConfUtils.java:logGet(43)) - raft.server.log.segment.size.max = 1048576 (custom)
2019-09-27 09:16:47,106 [pool-227-thread-1] INFO  server.RaftServerConfigKeys (ConfUtils.java:logGet(43)) - raft.server.log.preallocated.size = 16384 (custom)
2019-09-27 09:16:47,106 [pool-217-thread-1] INFO  server.RaftServerConfigKeys (ConfUtils.java:logGet(43)) - raft.server.log.segment.cache.num.max = 2 (custom)
2019-09-27 09:16:47,107 [pool-227-thread-1] INFO  server.RaftServerConfigKeys (ConfUtils.java:logGet(43)) - raft.server.log.write.buffer.size = 33554432 (custom)
2019-09-27 09:16:47,106 [pool-237-thread-1] INFO  server.RaftServerConfigKeys (ConfUtils.java:logGet(43)) - raft.server.log.segment.cache.num.max = 2 (custom)
2019-09-27 09:16:47,107 [pool-227-thread-1] INFO  server.RaftServerConfigKeys (ConfUtils.java:logGet(43)) - raft.server.log.force.sync.num = 128 (default)
2019-09-27 09:16:47,107 [pool-217-thread-1] INFO  segmented.SegmentedRaftLogWorker (SegmentedRaftLogWorker.java:<init>(172)) - new debaddba-7ce7-4ada-b450-9c5d896bdac5@group-0080225EE277-SegmentedRaftLogWorker for RaftStorage:Storage Directory /workdir/hadoop-ozone/integration-test/target/test-dir/MiniOzoneClusterImpl-283270ba-aa50-4746-a1ea-b4b278bb6973/datanode-7/data/ratis/c342da81-c23f-48dd-9946-0080225ee277
2019-09-27 09:16:47,107 [pool-227-thread-1] INFO  server.RaftServerConfigKeys (ConfUtils.java:logGet(43)) - raft.server.log.statemachine.data.sync = true (default)
2019-09-27 09:16:47,108 [pool-227-thread-1] INFO  server.RaftServerConfigKeys (ConfUtils.java:logGet(43)) - raft.server.log.statemachine.data.sync.timeout = 10s (default)
2019-09-27 09:16:47,107 [pool-237-thread-1] INFO  segmented.SegmentedRaftLogWorker (SegmentedRaftLogWorker.java:<init>(172)) - new 4d5d320f-7099-447d-88bd-f0759179e632@group-0080225EE277-SegmentedRaftLogWorker for RaftStorage:Storage Directory /workdir/hadoop-ozone/integration-test/target/test-dir/MiniOzoneClusterImpl-283270ba-aa50-4746-a1ea-b4b278bb6973/datanode-9/data/ratis/c342da81-c23f-48dd-9946-0080225ee277
2019-09-27 09:16:47,108 [pool-227-thread-1] INFO  server.RaftServerConfigKeys (ConfUtils.java:logGet(43)) - raft.server.log.statemachine.data.sync.timeout.retry = -1 (default)
2019-09-27 09:16:47,107 [pool-217-thread-1] INFO  server.RaftServerConfigKeys (ConfUtils.java:logGet(43)) - raft.server.log.queue.byte-limit = 2147483647 (custom)
2019-09-27 09:16:47,108 [pool-227-thread-1] INFO  server.RaftServerConfigKeys (ConfUtils.java:logGet(43)) - raft.server.log.statemachine.data.caching.enabled = true (custom)
2019-09-27 09:16:47,108 [pool-237-thread-1] INFO  server.RaftServerConfigKeys (ConfUtils.java:logGet(43)) - raft.server.log.queue.byte-limit = 2147483647 (custom)
2019-09-27 09:16:47,108 [pool-217-thread-1] INFO  server.RaftServerConfigKeys (ConfUtils.java:logGet(43)) - raft.server.log.queue.element-limit = 1024 (custom)
2019-09-27 09:16:47,109 [pool-237-thread-1] INFO  server.RaftServerConfigKeys (ConfUtils.java:logGet(43)) - raft.server.log.queue.element-limit = 1024 (custom)
2019-09-27 09:16:47,109 [pool-227-thread-1] INFO  segmented.SegmentedRaftLogWorker (SegmentedRaftLogWorker.java:lambda$new$0(132)) - ac644bf3-7673-4e49-8339-55bbab6b6107@group-0080225EE277-SegmentedRaftLogWorker: flushIndex: setUnconditionally 0 -> -1
2019-09-27 09:16:47,109 [pool-237-thread-1] INFO  server.RaftServerConfigKeys (ConfUtils.java:logGet(43)) - raft.server.log.segment.size.max = 1048576 (custom)
2019-09-27 09:16:47,110 [pool-237-thread-1] INFO  server.RaftServerConfigKeys (ConfUtils.java:logGet(43)) - raft.server.log.preallocated.size = 16384 (custom)
2019-09-27 09:16:47,109 [pool-217-thread-1] INFO  server.RaftServerConfigKeys (ConfUtils.java:logGet(43)) - raft.server.log.segment.size.max = 1048576 (custom)
2019-09-27 09:16:47,110 [pool-237-thread-1] INFO  server.RaftServerConfigKeys (ConfUtils.java:logGet(43)) - raft.server.log.write.buffer.size = 33554432 (custom)
2019-09-27 09:16:47,110 [pool-237-thread-1] INFO  server.RaftServerConfigKeys (ConfUtils.java:logGet(43)) - raft.server.log.force.sync.num = 128 (default)
2019-09-27 09:16:47,110 [pool-227-thread-1] INFO  server.RaftServerConfigKeys (ConfUtils.java:logGet(43)) - raft.server.snapshot.auto.trigger.enabled = true (custom)
2019-09-27 09:16:47,110 [pool-237-thread-1] INFO  server.RaftServerConfigKeys (ConfUtils.java:logGet(43)) - raft.server.log.statemachine.data.sync = true (default)
2019-09-27 09:16:47,110 [pool-217-thread-1] INFO  server.RaftServerConfigKeys (ConfUtils.java:logGet(43)) - raft.server.log.preallocated.size = 16384 (custom)
2019-09-27 09:16:47,111 [pool-237-thread-1] INFO  server.RaftServerConfigKeys (ConfUtils.java:logGet(43)) - raft.server.log.statemachine.data.sync.timeout = 10s (default)
2019-09-27 09:16:47,110 [pool-227-thread-1] INFO  server.RaftServerConfigKeys (ConfUtils.java:logGet(43)) - raft.server.snapshot.auto.trigger.threshold = 10000 (custom)
2019-09-27 09:16:47,111 [pool-237-thread-1] INFO  server.RaftServerConfigKeys (ConfUtils.java:logGet(43)) - raft.server.log.statemachine.data.sync.timeout.retry = -1 (default)
2019-09-27 09:16:47,111 [pool-217-thread-1] INFO  server.RaftServerConfigKeys (ConfUtils.java:logGet(43)) - raft.server.log.write.buffer.size = 33554432 (custom)
2019-09-27 09:16:47,111 [pool-237-thread-1] INFO  server.RaftServerConfigKeys (ConfUtils.java:logGet(43)) - raft.server.log.statemachine.data.caching.enabled = true (custom)
2019-09-27 09:16:47,111 [pool-227-thread-1] INFO  server.RaftServerConfigKeys (ConfUtils.java:logGet(43)) - raft.server.snapshot.retention.num.files = 5 (custom)
2019-09-27 09:16:47,111 [pool-217-thread-1] INFO  server.RaftServerConfigKeys (ConfUtils.java:logGet(43)) - raft.server.log.force.sync.num = 128 (default)
2019-09-27 09:16:47,112 [pool-227-thread-1] INFO  server.RaftServerConfigKeys (ConfUtils.java:logGet(43)) - raft.server.retrycache.expirytime = 600000ms (custom)
2019-09-27 09:16:47,112 [pool-237-thread-1] INFO  segmented.SegmentedRaftLogWorker (SegmentedRaftLogWorker.java:lambda$new$0(132)) - 4d5d320f-7099-447d-88bd-f0759179e632@group-0080225EE277-SegmentedRaftLogWorker: flushIndex: setUnconditionally 0 -> -1
2019-09-27 09:16:47,112 [pool-217-thread-1] INFO  server.RaftServerConfigKeys (ConfUtils.java:logGet(43)) - raft.server.log.statemachine.data.sync = true (default)
2019-09-27 09:16:47,113 [pool-237-thread-1] INFO  server.RaftServerConfigKeys (ConfUtils.java:logGet(43)) - raft.server.snapshot.auto.trigger.enabled = true (custom)
2019-09-27 09:16:47,113 [pool-217-thread-1] INFO  server.RaftServerConfigKeys (ConfUtils.java:logGet(43)) - raft.server.log.statemachine.data.sync.timeout = 10s (default)
2019-09-27 09:16:47,113 [pool-237-thread-1] INFO  server.RaftServerConfigKeys (ConfUtils.java:logGet(43)) - raft.server.snapshot.auto.trigger.threshold = 10000 (custom)
2019-09-27 09:16:47,113 [pool-217-thread-1] INFO  server.RaftServerConfigKeys (ConfUtils.java:logGet(43)) - raft.server.log.statemachine.data.sync.timeout.retry = -1 (default)
2019-09-27 09:16:47,113 [pool-237-thread-1] INFO  server.RaftServerConfigKeys (ConfUtils.java:logGet(43)) - raft.server.snapshot.retention.num.files = 5 (custom)
2019-09-27 09:16:47,113 [pool-217-thread-1] INFO  server.RaftServerConfigKeys (ConfUtils.java:logGet(43)) - raft.server.log.statemachine.data.caching.enabled = true (custom)
2019-09-27 09:16:47,113 [pool-237-thread-1] INFO  server.RaftServerConfigKeys (ConfUtils.java:logGet(43)) - raft.server.retrycache.expirytime = 600000ms (custom)
2019-09-27 09:16:47,114 [pool-217-thread-1] INFO  segmented.SegmentedRaftLogWorker (SegmentedRaftLogWorker.java:lambda$new$0(132)) - debaddba-7ce7-4ada-b450-9c5d896bdac5@group-0080225EE277-SegmentedRaftLogWorker: flushIndex: setUnconditionally 0 -> -1
2019-09-27 09:16:47,114 [pool-217-thread-1] INFO  server.RaftServerConfigKeys (ConfUtils.java:logGet(43)) - raft.server.snapshot.auto.trigger.enabled = true (custom)
2019-09-27 09:16:47,114 [pool-217-thread-1] INFO  server.RaftServerConfigKeys (ConfUtils.java:logGet(43)) - raft.server.snapshot.auto.trigger.threshold = 10000 (custom)
2019-09-27 09:16:47,114 [pool-217-thread-1] INFO  server.RaftServerConfigKeys (ConfUtils.java:logGet(43)) - raft.server.snapshot.retention.num.files = 5 (custom)
2019-09-27 09:16:47,115 [pool-217-thread-1] INFO  server.RaftServerConfigKeys (ConfUtils.java:logGet(43)) - raft.server.retrycache.expirytime = 600000ms (custom)
2019-09-27 09:16:47,117 [pool-227-thread-1] INFO  impl.RaftServerImpl (RaftServerImpl.java:start(185)) - ac644bf3-7673-4e49-8339-55bbab6b6107@group-0080225EE277: start as a follower, conf=-1: [4d5d320f-7099-447d-88bd-f0759179e632:192.168.151.103:44930, ac644bf3-7673-4e49-8339-55bbab6b6107:192.168.151.103:33867, debaddba-7ce7-4ada-b450-9c5d896bdac5:192.168.151.103:37277], old=null
2019-09-27 09:16:47,117 [pool-227-thread-1] INFO  impl.RaftServerImpl (RaftServerImpl.java:setRole(174)) - ac644bf3-7673-4e49-8339-55bbab6b6107@group-0080225EE277: changes role from      null to FOLLOWER at term 0 for startAsFollower
2019-09-27 09:16:47,117 [pool-227-thread-1] INFO  impl.RoleInfo (RoleInfo.java:updateAndGet(143)) - ac644bf3-7673-4e49-8339-55bbab6b6107: start FollowerState
2019-09-27 09:16:47,118 [pool-227-thread-1] INFO  util.JmxRegister (JmxRegister.java:tryRegister(44)) - Successfully registered JMX Bean with object name Ratis:service=RaftServer,group=group-0080225EE277,id=ac644bf3-7673-4e49-8339-55bbab6b6107
2019-09-27 09:16:47,118 [pool-237-thread-1] INFO  impl.RaftServerImpl (RaftServerImpl.java:start(185)) - 4d5d320f-7099-447d-88bd-f0759179e632@group-0080225EE277: start as a follower, conf=-1: [4d5d320f-7099-447d-88bd-f0759179e632:192.168.151.103:44930, ac644bf3-7673-4e49-8339-55bbab6b6107:192.168.151.103:33867, debaddba-7ce7-4ada-b450-9c5d896bdac5:192.168.151.103:37277], old=null
2019-09-27 09:16:47,118 [pool-237-thread-1] INFO  impl.RaftServerImpl (RaftServerImpl.java:setRole(174)) - 4d5d320f-7099-447d-88bd-f0759179e632@group-0080225EE277: changes role from      null to FOLLOWER at term 0 for startAsFollower
2019-09-27 09:16:47,118 [pool-237-thread-1] INFO  impl.RoleInfo (RoleInfo.java:updateAndGet(143)) - 4d5d320f-7099-447d-88bd-f0759179e632: start FollowerState
2019-09-27 09:16:47,118 [pool-217-thread-1] INFO  impl.RaftServerImpl (RaftServerImpl.java:start(185)) - debaddba-7ce7-4ada-b450-9c5d896bdac5@group-0080225EE277: start as a follower, conf=-1: [4d5d320f-7099-447d-88bd-f0759179e632:192.168.151.103:44930, ac644bf3-7673-4e49-8339-55bbab6b6107:192.168.151.103:33867, debaddba-7ce7-4ada-b450-9c5d896bdac5:192.168.151.103:37277], old=null
2019-09-27 09:16:47,119 [pool-217-thread-1] INFO  impl.RaftServerImpl (RaftServerImpl.java:setRole(174)) - debaddba-7ce7-4ada-b450-9c5d896bdac5@group-0080225EE277: changes role from      null to FOLLOWER at term 0 for startAsFollower
2019-09-27 09:16:47,119 [pool-237-thread-1] INFO  util.JmxRegister (JmxRegister.java:tryRegister(44)) - Successfully registered JMX Bean with object name Ratis:service=RaftServer,group=group-0080225EE277,id=4d5d320f-7099-447d-88bd-f0759179e632
2019-09-27 09:16:47,119 [pool-217-thread-1] INFO  impl.RoleInfo (RoleInfo.java:updateAndGet(143)) - debaddba-7ce7-4ada-b450-9c5d896bdac5: start FollowerState
2019-09-27 09:16:47,124 [pool-217-thread-1] INFO  util.JmxRegister (JmxRegister.java:tryRegister(44)) - Successfully registered JMX Bean with object name Ratis:service=RaftServer,group=group-0080225EE277,id=debaddba-7ce7-4ada-b450-9c5d896bdac5
2019-09-27 09:16:47,132 [RatisPipelineUtilsThread] INFO  pipeline.PipelineStateManager (PipelineStateManager.java:addPipeline(56)) - Created pipeline Pipeline[ Id: c342da81-c23f-48dd-9946-0080225ee277, Nodes: ac644bf3-7673-4e49-8339-55bbab6b6107{ip: 192.168.151.103, host: pr-hdds2162-4fxhj-20988671, networkLocation: /rack1, certSerialId: null}4d5d320f-7099-447d-88bd-f0759179e632{ip: 192.168.151.103, host: pr-hdds2162-4fxhj-20988671, networkLocation: /rack1, certSerialId: null}debaddba-7ce7-4ada-b450-9c5d896bdac5{ip: 192.168.151.103, host: pr-hdds2162-4fxhj-20988671, networkLocation: /rack1, certSerialId: null}, Type:RATIS, Factor:THREE, State:OPEN]
2019-09-27 09:16:47,376 [Thread-2210] INFO  impl.FollowerState (FollowerState.java:run(106)) - 825f4d3a-e44b-481a-a24b-9ae922a259ab:group-A9F3DC797322 changes to CANDIDATE, lastRpcTime:1076, electionTimeout:1076ms
2019-09-27 09:16:47,376 [Thread-2210] INFO  impl.RoleInfo (RoleInfo.java:shutdownFollowerState(121)) - 825f4d3a-e44b-481a-a24b-9ae922a259ab: shutdown FollowerState
2019-09-27 09:16:47,376 [Thread-2210] INFO  impl.RaftServerImpl (RaftServerImpl.java:setRole(174)) - 825f4d3a-e44b-481a-a24b-9ae922a259ab@group-A9F3DC797322: changes role from  FOLLOWER to CANDIDATE at term 0 for changeToCandidate
2019-09-27 09:16:47,376 [Thread-2210] INFO  impl.RoleInfo (RoleInfo.java:updateAndGet(143)) - 825f4d3a-e44b-481a-a24b-9ae922a259ab: start LeaderElection
2019-09-27 09:16:47,418 [825f4d3a-e44b-481a-a24b-9ae922a259ab@group-A9F3DC797322:LeaderElection31] INFO  impl.LeaderElection (LeaderElection.java:askForVotes(182)) - 825f4d3a-e44b-481a-a24b-9ae922a259ab@group-A9F3DC797322:LeaderElection31: begin an election at term 1 for -1: [825f4d3a-e44b-481a-a24b-9ae922a259ab:192.168.151.103:34079], old=null
2019-09-27 09:16:47,421 [825f4d3a-e44b-481a-a24b-9ae922a259ab@group-A9F3DC797322:LeaderElection31] INFO  impl.RoleInfo (RoleInfo.java:shutdownLeaderElection(134)) - 825f4d3a-e44b-481a-a24b-9ae922a259ab: shutdown LeaderElection
2019-09-27 09:16:47,421 [825f4d3a-e44b-481a-a24b-9ae922a259ab@group-A9F3DC797322:LeaderElection31] INFO  impl.RaftServerImpl (RaftServerImpl.java:setRole(174)) - 825f4d3a-e44b-481a-a24b-9ae922a259ab@group-A9F3DC797322: changes role from CANDIDATE to LEADER at term 1 for changeToLeader
2019-09-27 09:16:47,421 [825f4d3a-e44b-481a-a24b-9ae922a259ab@group-A9F3DC797322:LeaderElection31] INFO  impl.RaftServerImpl (ServerState.java:setLeader(253)) - 825f4d3a-e44b-481a-a24b-9ae922a259ab@group-A9F3DC797322: change Leader from null to 825f4d3a-e44b-481a-a24b-9ae922a259ab at term 1 for becomeLeader, leader elected after 1130ms
2019-09-27 09:16:47,421 [825f4d3a-e44b-481a-a24b-9ae922a259ab@group-A9F3DC797322:LeaderElection31] INFO  server.RaftServerConfigKeys (ConfUtils.java:logGet(43)) - raft.server.staging.catchup.gap = 1000 (default)
2019-09-27 09:16:47,422 [825f4d3a-e44b-481a-a24b-9ae922a259ab@group-A9F3DC797322:LeaderElection31] INFO  server.RaftServerConfigKeys (ConfUtils.java:logGet(43)) - raft.server.rpc.sleep.time = 25ms (default)
2019-09-27 09:16:47,422 [825f4d3a-e44b-481a-a24b-9ae922a259ab@group-A9F3DC797322:LeaderElection31] INFO  server.RaftServerConfigKeys (ConfUtils.java:logGet(43)) - raft.server.write.element-limit = 4096 (default)
2019-09-27 09:16:47,422 [825f4d3a-e44b-481a-a24b-9ae922a259ab@group-A9F3DC797322:LeaderElection31] INFO  server.RaftServerConfigKeys (ConfUtils.java:logGet(43)) - raft.server.watch.timeout = 10s (default)
2019-09-27 09:16:47,422 [825f4d3a-e44b-481a-a24b-9ae922a259ab@group-A9F3DC797322:LeaderElection31] INFO  server.RaftServerConfigKeys (ConfUtils.java:logGet(43)) - raft.server.watch.timeout.denomination = 1s (default)
2019-09-27 09:16:47,422 [825f4d3a-e44b-481a-a24b-9ae922a259ab@group-A9F3DC797322:LeaderElection31] INFO  server.RaftServerConfigKeys (ConfUtils.java:logGet(43)) - raft.server.watch.element-limit = 65536 (default)
2019-09-27 09:16:47,426 [825f4d3a-e44b-481a-a24b-9ae922a259ab@group-A9F3DC797322:LeaderElection31] INFO  impl.RoleInfo (RoleInfo.java:updateAndGet(143)) - 825f4d3a-e44b-481a-a24b-9ae922a259ab: start LeaderState
2019-09-27 09:16:47,427 [825f4d3a-e44b-481a-a24b-9ae922a259ab@group-A9F3DC797322:LeaderElection31] INFO  segmented.SegmentedRaftLogWorker (SegmentedRaftLogWorker.java:startLogSegment(380)) - 825f4d3a-e44b-481a-a24b-9ae922a259ab@group-A9F3DC797322-SegmentedRaftLogWorker: Starting segment from index:0
2019-09-27 09:16:47,427 [825f4d3a-e44b-481a-a24b-9ae922a259ab@group-A9F3DC797322:LeaderElection31] INFO  impl.RaftServerImpl (ServerState.java:setRaftConf(354)) - 825f4d3a-e44b-481a-a24b-9ae922a259ab@group-A9F3DC797322: set configuration 0: [825f4d3a-e44b-481a-a24b-9ae922a259ab:192.168.151.103:34079], old=null at 0
2019-09-27 09:16:47,486 [825f4d3a-e44b-481a-a24b-9ae922a259ab@group-A9F3DC797322-SegmentedRaftLogWorker] INFO  segmented.SegmentedRaftLogWorker (SegmentedRaftLogWorker.java:execute(569)) - 825f4d3a-e44b-481a-a24b-9ae922a259ab@group-A9F3DC797322-SegmentedRaftLogWorker: created new log segment /workdir/hadoop-ozone/integration-test/target/test-dir/MiniOzoneClusterImpl-283270ba-aa50-4746-a1ea-b4b278bb6973/datanode-0/data/ratis/b439620c-a54a-44fa-8909-a9f3dc797322/current/log_inprogress_0
2019-09-27 09:16:47,532 [Thread-2213] INFO  impl.FollowerState (FollowerState.java:run(106)) - dcfd2284-ad1e-4267-a15d-7e148c2289cb:group-B50700214615 changes to CANDIDATE, lastRpcTime:1146, electionTimeout:1146ms
2019-09-27 09:16:47,532 [Thread-2213] INFO  impl.RoleInfo (RoleInfo.java:shutdownFollowerState(121)) - dcfd2284-ad1e-4267-a15d-7e148c2289cb: shutdown FollowerState
2019-09-27 09:16:47,533 [Thread-2213] INFO  impl.RaftServerImpl (RaftServerImpl.java:setRole(174)) - dcfd2284-ad1e-4267-a15d-7e148c2289cb@group-B50700214615: changes role from  FOLLOWER to CANDIDATE at term 0 for changeToCandidate
2019-09-27 09:16:47,533 [Thread-2213] INFO  impl.RoleInfo (RoleInfo.java:updateAndGet(143)) - dcfd2284-ad1e-4267-a15d-7e148c2289cb: start LeaderElection
2019-09-27 09:16:47,559 [dcfd2284-ad1e-4267-a15d-7e148c2289cb@group-B50700214615:LeaderElection32] INFO  impl.LeaderElection (LeaderElection.java:askForVotes(182)) - dcfd2284-ad1e-4267-a15d-7e148c2289cb@group-B50700214615:LeaderElection32: begin an election at term 1 for -1: [dcfd2284-ad1e-4267-a15d-7e148c2289cb:192.168.151.103:35614], old=null
2019-09-27 09:16:47,559 [dcfd2284-ad1e-4267-a15d-7e148c2289cb@group-B50700214615:LeaderElection32] INFO  impl.RoleInfo (RoleInfo.java:shutdownLeaderElection(134)) - dcfd2284-ad1e-4267-a15d-7e148c2289cb: shutdown LeaderElection
2019-09-27 09:16:47,559 [dcfd2284-ad1e-4267-a15d-7e148c2289cb@group-B50700214615:LeaderElection32] INFO  impl.RaftServerImpl (RaftServerImpl.java:setRole(174)) - dcfd2284-ad1e-4267-a15d-7e148c2289cb@group-B50700214615: changes role from CANDIDATE to LEADER at term 1 for changeToLeader
2019-09-27 09:16:47,559 [dcfd2284-ad1e-4267-a15d-7e148c2289cb@group-B50700214615:LeaderElection32] INFO  impl.RaftServerImpl (ServerState.java:setLeader(253)) - dcfd2284-ad1e-4267-a15d-7e148c2289cb@group-B50700214615: change Leader from null to dcfd2284-ad1e-4267-a15d-7e148c2289cb at term 1 for becomeLeader, leader elected after 1180ms
2019-09-27 09:16:47,560 [dcfd2284-ad1e-4267-a15d-7e148c2289cb@group-B50700214615:LeaderElection32] INFO  server.RaftServerConfigKeys (ConfUtils.java:logGet(43)) - raft.server.staging.catchup.gap = 1000 (default)
2019-09-27 09:16:47,560 [dcfd2284-ad1e-4267-a15d-7e148c2289cb@group-B50700214615:LeaderElection32] INFO  server.RaftServerConfigKeys (ConfUtils.java:logGet(43)) - raft.server.rpc.sleep.time = 25ms (default)
2019-09-27 09:16:47,560 [dcfd2284-ad1e-4267-a15d-7e148c2289cb@group-B50700214615:LeaderElection32] INFO  server.RaftServerConfigKeys (ConfUtils.java:logGet(43)) - raft.server.write.element-limit = 4096 (default)
2019-09-27 09:16:47,560 [dcfd2284-ad1e-4267-a15d-7e148c2289cb@group-B50700214615:LeaderElection32] INFO  server.RaftServerConfigKeys (ConfUtils.java:logGet(43)) - raft.server.watch.timeout = 10s (default)
2019-09-27 09:16:47,560 [dcfd2284-ad1e-4267-a15d-7e148c2289cb@group-B50700214615:LeaderElection32] INFO  server.RaftServerConfigKeys (ConfUtils.java:logGet(43)) - raft.server.watch.timeout.denomination = 1s (default)
2019-09-27 09:16:47,560 [dcfd2284-ad1e-4267-a15d-7e148c2289cb@group-B50700214615:LeaderElection32] INFO  server.RaftServerConfigKeys (ConfUtils.java:logGet(43)) - raft.server.watch.element-limit = 65536 (default)
2019-09-27 09:16:47,564 [dcfd2284-ad1e-4267-a15d-7e148c2289cb@group-B50700214615:LeaderElection32] INFO  impl.RoleInfo (RoleInfo.java:updateAndGet(143)) - dcfd2284-ad1e-4267-a15d-7e148c2289cb: start LeaderState
2019-09-27 09:16:47,564 [dcfd2284-ad1e-4267-a15d-7e148c2289cb@group-B50700214615:LeaderElection32] INFO  segmented.SegmentedRaftLogWorker (SegmentedRaftLogWorker.java:startLogSegment(380)) - dcfd2284-ad1e-4267-a15d-7e148c2289cb@group-B50700214615-SegmentedRaftLogWorker: Starting segment from index:0
2019-09-27 09:16:47,565 [dcfd2284-ad1e-4267-a15d-7e148c2289cb@group-B50700214615:LeaderElection32] INFO  impl.RaftServerImpl (ServerState.java:setRaftConf(354)) - dcfd2284-ad1e-4267-a15d-7e148c2289cb@group-B50700214615: set configuration 0: [dcfd2284-ad1e-4267-a15d-7e148c2289cb:192.168.151.103:35614], old=null at 0
2019-09-27 09:16:47,605 [Thread-2219] INFO  impl.FollowerState (FollowerState.java:run(106)) - 21577378-437d-465b-9240-181d0141bc6a:group-2178A0EE8164 changes to CANDIDATE, lastRpcTime:1101, electionTimeout:1071ms
2019-09-27 09:16:47,605 [Thread-2216] INFO  impl.FollowerState (FollowerState.java:run(106)) - d1b97505-207e-4333-b006-552a83aa594e:group-CBF17E703AF2 changes to CANDIDATE, lastRpcTime:1156, electionTimeout:1125ms
2019-09-27 09:16:47,605 [Thread-2219] INFO  impl.RoleInfo (RoleInfo.java:shutdownFollowerState(121)) - 21577378-437d-465b-9240-181d0141bc6a: shutdown FollowerState
2019-09-27 09:16:47,605 [Thread-2216] INFO  impl.RoleInfo (RoleInfo.java:shutdownFollowerState(121)) - d1b97505-207e-4333-b006-552a83aa594e: shutdown FollowerState
2019-09-27 09:16:47,605 [Thread-2219] INFO  impl.RaftServerImpl (RaftServerImpl.java:setRole(174)) - 21577378-437d-465b-9240-181d0141bc6a@group-2178A0EE8164: changes role from  FOLLOWER to CANDIDATE at term 0 for changeToCandidate
2019-09-27 09:16:47,605 [Thread-2216] INFO  impl.RaftServerImpl (RaftServerImpl.java:setRole(174)) - d1b97505-207e-4333-b006-552a83aa594e@group-CBF17E703AF2: changes role from  FOLLOWER to CANDIDATE at term 0 for changeToCandidate
2019-09-27 09:16:47,605 [Thread-2219] INFO  impl.RoleInfo (RoleInfo.java:updateAndGet(143)) - 21577378-437d-465b-9240-181d0141bc6a: start LeaderElection
2019-09-27 09:16:47,606 [Thread-2216] INFO  impl.RoleInfo (RoleInfo.java:updateAndGet(143)) - d1b97505-207e-4333-b006-552a83aa594e: start LeaderElection
2019-09-27 09:16:47,616 [dcfd2284-ad1e-4267-a15d-7e148c2289cb@group-B50700214615-SegmentedRaftLogWorker] INFO  segmented.SegmentedRaftLogWorker (SegmentedRaftLogWorker.java:execute(569)) - dcfd2284-ad1e-4267-a15d-7e148c2289cb@group-B50700214615-SegmentedRaftLogWorker: created new log segment /workdir/hadoop-ozone/integration-test/target/test-dir/MiniOzoneClusterImpl-283270ba-aa50-4746-a1ea-b4b278bb6973/datanode-1/data/ratis/c9f6e5bc-36fd-4ac2-a0df-b50700214615/current/log_inprogress_0
2019-09-27 09:16:47,616 [d1b97505-207e-4333-b006-552a83aa594e@group-CBF17E703AF2:LeaderElection34] INFO  impl.LeaderElection (LeaderElection.java:askForVotes(182)) - d1b97505-207e-4333-b006-552a83aa594e@group-CBF17E703AF2:LeaderElection34: begin an election at term 1 for -1: [d1b97505-207e-4333-b006-552a83aa594e:192.168.151.103:33569], old=null
2019-09-27 09:16:47,616 [21577378-437d-465b-9240-181d0141bc6a@group-2178A0EE8164:LeaderElection33] INFO  impl.LeaderElection (LeaderElection.java:askForVotes(182)) - 21577378-437d-465b-9240-181d0141bc6a@group-2178A0EE8164:LeaderElection33: begin an election at term 1 for -1: [21577378-437d-465b-9240-181d0141bc6a:192.168.151.103:35538], old=null
2019-09-27 09:16:47,617 [d1b97505-207e-4333-b006-552a83aa594e@group-CBF17E703AF2:LeaderElection34] INFO  impl.RoleInfo (RoleInfo.java:shutdownLeaderElection(134)) - d1b97505-207e-4333-b006-552a83aa594e: shutdown LeaderElection
2019-09-27 09:16:47,617 [21577378-437d-465b-9240-181d0141bc6a@group-2178A0EE8164:LeaderElection33] INFO  impl.RoleInfo (RoleInfo.java:shutdownLeaderElection(134)) - 21577378-437d-465b-9240-181d0141bc6a: shutdown LeaderElection
2019-09-27 09:16:47,617 [d1b97505-207e-4333-b006-552a83aa594e@group-CBF17E703AF2:LeaderElection34] INFO  impl.RaftServerImpl (RaftServerImpl.java:setRole(174)) - d1b97505-207e-4333-b006-552a83aa594e@group-CBF17E703AF2: changes role from CANDIDATE to LEADER at term 1 for changeToLeader
2019-09-27 09:16:47,617 [21577378-437d-465b-9240-181d0141bc6a@group-2178A0EE8164:LeaderElection33] INFO  impl.RaftServerImpl (RaftServerImpl.java:setRole(174)) - 21577378-437d-465b-9240-181d0141bc6a@group-2178A0EE8164: changes role from CANDIDATE to LEADER at term 1 for changeToLeader
2019-09-27 09:16:47,617 [d1b97505-207e-4333-b006-552a83aa594e@group-CBF17E703AF2:LeaderElection34] INFO  impl.RaftServerImpl (ServerState.java:setLeader(253)) - d1b97505-207e-4333-b006-552a83aa594e@group-CBF17E703AF2: change Leader from null to d1b97505-207e-4333-b006-552a83aa594e at term 1 for becomeLeader, leader elected after 1178ms
2019-09-27 09:16:47,617 [21577378-437d-465b-9240-181d0141bc6a@group-2178A0EE8164:LeaderElection33] INFO  impl.RaftServerImpl (ServerState.java:setLeader(253)) - 21577378-437d-465b-9240-181d0141bc6a@group-2178A0EE8164: change Leader from null to 21577378-437d-465b-9240-181d0141bc6a at term 1 for becomeLeader, leader elected after 1121ms
2019-09-27 09:16:47,617 [d1b97505-207e-4333-b006-552a83aa594e@group-CBF17E703AF2:LeaderElection34] INFO  server.RaftServerConfigKeys (ConfUtils.java:logGet(43)) - raft.server.staging.catchup.gap = 1000 (default)
2019-09-27 09:16:47,617 [21577378-437d-465b-9240-181d0141bc6a@group-2178A0EE8164:LeaderElection33] INFO  server.RaftServerConfigKeys (ConfUtils.java:logGet(43)) - raft.server.staging.catchup.gap = 1000 (default)
2019-09-27 09:16:47,617 [d1b97505-207e-4333-b006-552a83aa594e@group-CBF17E703AF2:LeaderElection34] INFO  server.RaftServerConfigKeys (ConfUtils.java:logGet(43)) - raft.server.rpc.sleep.time = 25ms (default)
2019-09-27 09:16:47,618 [21577378-437d-465b-9240-181d0141bc6a@group-2178A0EE8164:LeaderElection33] INFO  server.RaftServerConfigKeys (ConfUtils.java:logGet(43)) - raft.server.rpc.sleep.time = 25ms (default)
2019-09-27 09:16:47,618 [d1b97505-207e-4333-b006-552a83aa594e@group-CBF17E703AF2:LeaderElection34] INFO  server.RaftServerConfigKeys (ConfUtils.java:logGet(43)) - raft.server.write.element-limit = 4096 (default)
2019-09-27 09:16:47,618 [21577378-437d-465b-9240-181d0141bc6a@group-2178A0EE8164:LeaderElection33] INFO  server.RaftServerConfigKeys (ConfUtils.java:logGet(43)) - raft.server.write.element-limit = 4096 (default)
2019-09-27 09:16:47,618 [d1b97505-207e-4333-b006-552a83aa594e@group-CBF17E703AF2:LeaderElection34] INFO  server.RaftServerConfigKeys (ConfUtils.java:logGet(43)) - raft.server.watch.timeout = 10s (default)
2019-09-27 09:16:47,618 [21577378-437d-465b-9240-181d0141bc6a@group-2178A0EE8164:LeaderElection33] INFO  server.RaftServerConfigKeys (ConfUtils.java:logGet(43)) - raft.server.watch.timeout = 10s (default)
2019-09-27 09:16:47,618 [d1b97505-207e-4333-b006-552a83aa594e@group-CBF17E703AF2:LeaderElection34] INFO  server.RaftServerConfigKeys (ConfUtils.java:logGet(43)) - raft.server.watch.timeout.denomination = 1s (default)
2019-09-27 09:16:47,618 [21577378-437d-465b-9240-181d0141bc6a@group-2178A0EE8164:LeaderElection33] INFO  server.RaftServerConfigKeys (ConfUtils.java:logGet(43)) - raft.server.watch.timeout.denomination = 1s (default)
2019-09-27 09:16:47,619 [d1b97505-207e-4333-b006-552a83aa594e@group-CBF17E703AF2:LeaderElection34] INFO  server.RaftServerConfigKeys (ConfUtils.java:logGet(43)) - raft.server.watch.element-limit = 65536 (default)
2019-09-27 09:16:47,619 [21577378-437d-465b-9240-181d0141bc6a@group-2178A0EE8164:LeaderElection33] INFO  server.RaftServerConfigKeys (ConfUtils.java:logGet(43)) - raft.server.watch.element-limit = 65536 (default)
2019-09-27 09:16:47,622 [d1b97505-207e-4333-b006-552a83aa594e@group-CBF17E703AF2:LeaderElection34] INFO  impl.RoleInfo (RoleInfo.java:updateAndGet(143)) - d1b97505-207e-4333-b006-552a83aa594e: start LeaderState
2019-09-27 09:16:47,622 [21577378-437d-465b-9240-181d0141bc6a@group-2178A0EE8164:LeaderElection33] INFO  impl.RoleInfo (RoleInfo.java:updateAndGet(143)) - 21577378-437d-465b-9240-181d0141bc6a: start LeaderState
2019-09-27 09:16:47,623 [d1b97505-207e-4333-b006-552a83aa594e@group-CBF17E703AF2:LeaderElection34] INFO  segmented.SegmentedRaftLogWorker (SegmentedRaftLogWorker.java:startLogSegment(380)) - d1b97505-207e-4333-b006-552a83aa594e@group-CBF17E703AF2-SegmentedRaftLogWorker: Starting segment from index:0
2019-09-27 09:16:47,623 [21577378-437d-465b-9240-181d0141bc6a@group-2178A0EE8164:LeaderElection33] INFO  segmented.SegmentedRaftLogWorker (SegmentedRaftLogWorker.java:startLogSegment(380)) - 21577378-437d-465b-9240-181d0141bc6a@group-2178A0EE8164-SegmentedRaftLogWorker: Starting segment from index:0
2019-09-27 09:16:47,623 [d1b97505-207e-4333-b006-552a83aa594e@group-CBF17E703AF2:LeaderElection34] INFO  impl.RaftServerImpl (ServerState.java:setRaftConf(354)) - d1b97505-207e-4333-b006-552a83aa594e@group-CBF17E703AF2: set configuration 0: [d1b97505-207e-4333-b006-552a83aa594e:192.168.151.103:33569], old=null at 0
2019-09-27 09:16:47,623 [21577378-437d-465b-9240-181d0141bc6a@group-2178A0EE8164:LeaderElection33] INFO  impl.RaftServerImpl (ServerState.java:setRaftConf(354)) - 21577378-437d-465b-9240-181d0141bc6a@group-2178A0EE8164: set configuration 0: [21577378-437d-465b-9240-181d0141bc6a:192.168.151.103:35538], old=null at 0
2019-09-27 09:16:47,676 [d1b97505-207e-4333-b006-552a83aa594e@group-CBF17E703AF2-SegmentedRaftLogWorker] INFO  segmented.SegmentedRaftLogWorker (SegmentedRaftLogWorker.java:execute(569)) - d1b97505-207e-4333-b006-552a83aa594e@group-CBF17E703AF2-SegmentedRaftLogWorker: created new log segment /workdir/hadoop-ozone/integration-test/target/test-dir/MiniOzoneClusterImpl-283270ba-aa50-4746-a1ea-b4b278bb6973/datanode-2/data/ratis/265c684a-a27c-428f-af17-cbf17e703af2/current/log_inprogress_0
2019-09-27 09:16:47,676 [21577378-437d-465b-9240-181d0141bc6a@group-2178A0EE8164-SegmentedRaftLogWorker] INFO  segmented.SegmentedRaftLogWorker (SegmentedRaftLogWorker.java:execute(569)) - 21577378-437d-465b-9240-181d0141bc6a@group-2178A0EE8164-SegmentedRaftLogWorker: created new log segment /workdir/hadoop-ozone/integration-test/target/test-dir/MiniOzoneClusterImpl-283270ba-aa50-4746-a1ea-b4b278bb6973/datanode-3/data/ratis/1826abb3-6ed0-43ea-b5c4-2178a0ee8164/current/log_inprogress_0
2019-09-27 09:16:47,722 [Thread-2225] INFO  impl.FollowerState (FollowerState.java:run(106)) - d1b97505-207e-4333-b006-552a83aa594e:group-E3215D54F09B changes to CANDIDATE, lastRpcTime:1086, electionTimeout:1086ms
2019-09-27 09:16:47,723 [Thread-2225] INFO  impl.RoleInfo (RoleInfo.java:shutdownFollowerState(121)) - d1b97505-207e-4333-b006-552a83aa594e: shutdown FollowerState
2019-09-27 09:16:47,723 [Thread-2225] INFO  impl.RaftServerImpl (RaftServerImpl.java:setRole(174)) - d1b97505-207e-4333-b006-552a83aa594e@group-E3215D54F09B: changes role from  FOLLOWER to CANDIDATE at term 0 for changeToCandidate
2019-09-27 09:16:47,723 [Thread-2229] INFO  impl.FollowerState (FollowerState.java:run(106)) - 88f71ae2-1168-411a-bccc-2088b7ef8e3f:group-E3215D54F09B changes to CANDIDATE, lastRpcTime:1080, electionTimeout:1080ms
2019-09-27 09:16:47,723 [Thread-2225] INFO  impl.RoleInfo (RoleInfo.java:updateAndGet(143)) - d1b97505-207e-4333-b006-552a83aa594e: start LeaderElection
2019-09-27 09:16:47,723 [Thread-2229] INFO  impl.RoleInfo (RoleInfo.java:shutdownFollowerState(121)) - 88f71ae2-1168-411a-bccc-2088b7ef8e3f: shutdown FollowerState
2019-09-27 09:16:47,723 [Thread-2229] INFO  impl.RaftServerImpl (RaftServerImpl.java:setRole(174)) - 88f71ae2-1168-411a-bccc-2088b7ef8e3f@group-E3215D54F09B: changes role from  FOLLOWER to CANDIDATE at term 0 for changeToCandidate
2019-09-27 09:16:47,724 [Thread-2229] INFO  impl.RoleInfo (RoleInfo.java:updateAndGet(143)) - 88f71ae2-1168-411a-bccc-2088b7ef8e3f: start LeaderElection
2019-09-27 09:16:47,744 [d1b97505-207e-4333-b006-552a83aa594e@group-E3215D54F09B:LeaderElection35] INFO  impl.LeaderElection (LeaderElection.java:askForVotes(182)) - d1b97505-207e-4333-b006-552a83aa594e@group-E3215D54F09B:LeaderElection35: begin an election at term 1 for -1: [dcfd2284-ad1e-4267-a15d-7e148c2289cb:192.168.151.103:35614, d1b97505-207e-4333-b006-552a83aa594e:192.168.151.103:33569, 88f71ae2-1168-411a-bccc-2088b7ef8e3f:192.168.151.103:33365], old=null
2019-09-27 09:16:47,744 [88f71ae2-1168-411a-bccc-2088b7ef8e3f@group-E3215D54F09B:LeaderElection36] INFO  impl.LeaderElection (LeaderElection.java:askForVotes(182)) - 88f71ae2-1168-411a-bccc-2088b7ef8e3f@group-E3215D54F09B:LeaderElection36: begin an election at term 1 for -1: [dcfd2284-ad1e-4267-a15d-7e148c2289cb:192.168.151.103:35614, d1b97505-207e-4333-b006-552a83aa594e:192.168.151.103:33569, 88f71ae2-1168-411a-bccc-2088b7ef8e3f:192.168.151.103:33365], old=null
2019-09-27 09:16:47,750 [Thread-2238] INFO  impl.FollowerState (FollowerState.java:run(106)) - e557a3b1-6e95-4f35-a3e1-c0da55ea7bc1:group-62F34B2FE18F changes to CANDIDATE, lastRpcTime:1018, electionTimeout:1018ms
2019-09-27 09:16:47,751 [Thread-2238] INFO  impl.RoleInfo (RoleInfo.java:shutdownFollowerState(121)) - e557a3b1-6e95-4f35-a3e1-c0da55ea7bc1: shutdown FollowerState
2019-09-27 09:16:47,751 [Thread-2238] INFO  impl.RaftServerImpl (RaftServerImpl.java:setRole(174)) - e557a3b1-6e95-4f35-a3e1-c0da55ea7bc1@group-62F34B2FE18F: changes role from  FOLLOWER to CANDIDATE at term 0 for changeToCandidate
2019-09-27 09:16:47,751 [Thread-2238] INFO  impl.RoleInfo (RoleInfo.java:updateAndGet(143)) - e557a3b1-6e95-4f35-a3e1-c0da55ea7bc1: start LeaderElection
2019-09-27 09:16:47,768 [grpc-default-executor-3] INFO  impl.RaftServerImpl (RaftServerImpl.java:setRole(174)) - dcfd2284-ad1e-4267-a15d-7e148c2289cb@group-E3215D54F09B: changes role from  FOLLOWER to FOLLOWER at term 1 for recognizeCandidate:d1b97505-207e-4333-b006-552a83aa594e
2019-09-27 09:16:47,774 [e557a3b1-6e95-4f35-a3e1-c0da55ea7bc1@group-62F34B2FE18F:LeaderElection37] INFO  impl.LeaderElection (LeaderElection.java:askForVotes(182)) - e557a3b1-6e95-4f35-a3e1-c0da55ea7bc1@group-62F34B2FE18F:LeaderElection37: begin an election at term 1 for -1: [e6dfef88-aea8-482b-83fb-8e87a0e55ccd:192.168.151.103:39305, e557a3b1-6e95-4f35-a3e1-c0da55ea7bc1:192.168.151.103:39568, 825f4d3a-e44b-481a-a24b-9ae922a259ab:192.168.151.103:34079], old=null
2019-09-27 09:16:47,774 [Thread-2222] INFO  impl.FollowerState (FollowerState.java:run(106)) - 88f71ae2-1168-411a-bccc-2088b7ef8e3f:group-1E9ACC1D2F50 changes to CANDIDATE, lastRpcTime:1212, electionTimeout:1200ms
2019-09-27 09:16:47,774 [grpc-default-executor-3] INFO  impl.RoleInfo (RoleInfo.java:shutdownFollowerState(121)) - dcfd2284-ad1e-4267-a15d-7e148c2289cb: shutdown FollowerState
2019-09-27 09:16:47,786 [Thread-2222] INFO  impl.RoleInfo (RoleInfo.java:shutdownFollowerState(121)) - 88f71ae2-1168-411a-bccc-2088b7ef8e3f: shutdown FollowerState
2019-09-27 09:16:47,786 [grpc-default-executor-3] INFO  impl.RoleInfo (RoleInfo.java:updateAndGet(143)) - dcfd2284-ad1e-4267-a15d-7e148c2289cb: start FollowerState
2019-09-27 09:16:47,786 [Thread-2222] INFO  impl.RaftServerImpl (RaftServerImpl.java:setRole(174)) - 88f71ae2-1168-411a-bccc-2088b7ef8e3f@group-1E9ACC1D2F50: changes role from  FOLLOWER to CANDIDATE at term 0 for changeToCandidate
2019-09-27 09:16:47,786 [Thread-2222] INFO  impl.RoleInfo (RoleInfo.java:updateAndGet(143)) - 88f71ae2-1168-411a-bccc-2088b7ef8e3f: start LeaderElection
2019-09-27 09:16:47,797 [grpc-default-executor-0] INFO  impl.RaftServerImpl (RaftServerImpl.java:setRole(174)) - 825f4d3a-e44b-481a-a24b-9ae922a259ab@group-62F34B2FE18F: changes role from  FOLLOWER to FOLLOWER at term 1 for recognizeCandidate:e557a3b1-6e95-4f35-a3e1-c0da55ea7bc1
2019-09-27 09:16:47,802 [grpc-default-executor-1] INFO  impl.RaftServerImpl (RaftServerImpl.java:setRole(174)) - e6dfef88-aea8-482b-83fb-8e87a0e55ccd@group-62F34B2FE18F: changes role from  FOLLOWER to FOLLOWER at term 1 for recognizeCandidate:e557a3b1-6e95-4f35-a3e1-c0da55ea7bc1
2019-09-27 09:16:47,802 [grpc-default-executor-0] INFO  impl.RoleInfo (RoleInfo.java:shutdownFollowerState(121)) - 825f4d3a-e44b-481a-a24b-9ae922a259ab: shutdown FollowerState
2019-09-27 09:16:47,802 [grpc-default-executor-1] INFO  impl.RoleInfo (RoleInfo.java:shutdownFollowerState(121)) - e6dfef88-aea8-482b-83fb-8e87a0e55ccd: shutdown FollowerState
2019-09-27 09:16:47,803 [grpc-default-executor-0] INFO  impl.RoleInfo (RoleInfo.java:updateAndGet(143)) - 825f4d3a-e44b-481a-a24b-9ae922a259ab: start FollowerState
2019-09-27 09:16:47,803 [Thread-2240] INFO  impl.FollowerState (FollowerState.java:run(115)) - e6dfef88-aea8-482b-83fb-8e87a0e55ccd: FollowerState was interrupted: java.lang.InterruptedException: sleep interrupted
2019-09-27 09:16:47,803 [grpc-default-executor-1] INFO  impl.RoleInfo (RoleInfo.java:updateAndGet(143)) - e6dfef88-aea8-482b-83fb-8e87a0e55ccd: start FollowerState
2019-09-27 09:16:47,803 [88f71ae2-1168-411a-bccc-2088b7ef8e3f@group-1E9ACC1D2F50:LeaderElection38] INFO  impl.LeaderElection (LeaderElection.java:askForVotes(182)) - 88f71ae2-1168-411a-bccc-2088b7ef8e3f@group-1E9ACC1D2F50:LeaderElection38: begin an election at term 1 for -1: [88f71ae2-1168-411a-bccc-2088b7ef8e3f:192.168.151.103:33365], old=null
2019-09-27 09:16:47,806 [88f71ae2-1168-411a-bccc-2088b7ef8e3f@group-1E9ACC1D2F50:LeaderElection38] INFO  impl.RoleInfo (RoleInfo.java:shutdownLeaderElection(134)) - 88f71ae2-1168-411a-bccc-2088b7ef8e3f: shutdown LeaderElection
2019-09-27 09:16:47,806 [88f71ae2-1168-411a-bccc-2088b7ef8e3f@group-1E9ACC1D2F50:LeaderElection38] INFO  impl.RaftServerImpl (RaftServerImpl.java:setRole(174)) - 88f71ae2-1168-411a-bccc-2088b7ef8e3f@group-1E9ACC1D2F50: changes role from CANDIDATE to LEADER at term 1 for changeToLeader
2019-09-27 09:16:47,806 [88f71ae2-1168-411a-bccc-2088b7ef8e3f@group-1E9ACC1D2F50:LeaderElection38] INFO  impl.RaftServerImpl (ServerState.java:setLeader(253)) - 88f71ae2-1168-411a-bccc-2088b7ef8e3f@group-1E9ACC1D2F50: change Leader from null to 88f71ae2-1168-411a-bccc-2088b7ef8e3f at term 1 for becomeLeader, leader elected after 1252ms
2019-09-27 09:16:47,807 [88f71ae2-1168-411a-bccc-2088b7ef8e3f@group-1E9ACC1D2F50:LeaderElection38] INFO  server.RaftServerConfigKeys (ConfUtils.java:logGet(43)) - raft.server.staging.catchup.gap = 1000 (default)
2019-09-27 09:16:47,807 [88f71ae2-1168-411a-bccc-2088b7ef8e3f@group-1E9ACC1D2F50:LeaderElection38] INFO  server.RaftServerConfigKeys (ConfUtils.java:logGet(43)) - raft.server.rpc.sleep.time = 25ms (default)
2019-09-27 09:16:47,807 [88f71ae2-1168-411a-bccc-2088b7ef8e3f@group-1E9ACC1D2F50:LeaderElection38] INFO  server.RaftServerConfigKeys (ConfUtils.java:logGet(43)) - raft.server.write.element-limit = 4096 (default)
2019-09-27 09:16:47,807 [88f71ae2-1168-411a-bccc-2088b7ef8e3f@group-1E9ACC1D2F50:LeaderElection38] INFO  server.RaftServerConfigKeys (ConfUtils.java:logGet(43)) - raft.server.watch.timeout = 10s (default)
2019-09-27 09:16:47,807 [88f71ae2-1168-411a-bccc-2088b7ef8e3f@group-1E9ACC1D2F50:LeaderElection38] INFO  server.RaftServerConfigKeys (ConfUtils.java:logGet(43)) - raft.server.watch.timeout.denomination = 1s (default)
2019-09-27 09:16:47,807 [d1b97505-207e-4333-b006-552a83aa594e@group-E3215D54F09B:LeaderElection35] INFO  impl.LeaderElection (LeaderElection.java:logAndReturn(56)) - d1b97505-207e-4333-b006-552a83aa594e@group-E3215D54F09B:LeaderElection35: Election PASSED; received 2 response(s) [d1b97505-207e-4333-b006-552a83aa594e<-dcfd2284-ad1e-4267-a15d-7e148c2289cb#0:OK-t1, d1b97505-207e-4333-b006-552a83aa594e<-88f71ae2-1168-411a-bccc-2088b7ef8e3f#0:FAIL-t1] and 0 exception(s); d1b97505-207e-4333-b006-552a83aa594e@group-E3215D54F09B:t1, leader=null, voted=d1b97505-207e-4333-b006-552a83aa594e, raftlog=d1b97505-207e-4333-b006-552a83aa594e@group-E3215D54F09B-SegmentedRaftLog:OPENED:c-1,f-1,i0, conf=-1: [dcfd2284-ad1e-4267-a15d-7e148c2289cb:192.168.151.103:35614, d1b97505-207e-4333-b006-552a83aa594e:192.168.151.103:33569, 88f71ae2-1168-411a-bccc-2088b7ef8e3f:192.168.151.103:33365], old=null
2019-09-27 09:16:47,807 [88f71ae2-1168-411a-bccc-2088b7ef8e3f@group-1E9ACC1D2F50:LeaderElection38] INFO  server.RaftServerConfigKeys (ConfUtils.java:logGet(43)) - raft.server.watch.element-limit = 65536 (default)
2019-09-27 09:16:47,807 [88f71ae2-1168-411a-bccc-2088b7ef8e3f@group-E3215D54F09B:LeaderElection36] INFO  impl.LeaderElection (LeaderElection.java:logAndReturn(56)) - 88f71ae2-1168-411a-bccc-2088b7ef8e3f@group-E3215D54F09B:LeaderElection36: Election REJECTED; received 2 response(s) [88f71ae2-1168-411a-bccc-2088b7ef8e3f<-dcfd2284-ad1e-4267-a15d-7e148c2289cb#0:FAIL-t1, 88f71ae2-1168-411a-bccc-2088b7ef8e3f<-d1b97505-207e-4333-b006-552a83aa594e#0:FAIL-t1] and 0 exception(s); 88f71ae2-1168-411a-bccc-2088b7ef8e3f@group-E3215D54F09B:t1, leader=null, voted=88f71ae2-1168-411a-bccc-2088b7ef8e3f, raftlog=88f71ae2-1168-411a-bccc-2088b7ef8e3f@group-E3215D54F09B-SegmentedRaftLog:OPENED:c-1,f-1,i0, conf=-1: [dcfd2284-ad1e-4267-a15d-7e148c2289cb:192.168.151.103:35614, d1b97505-207e-4333-b006-552a83aa594e:192.168.151.103:33569, 88f71ae2-1168-411a-bccc-2088b7ef8e3f:192.168.151.103:33365], old=null
2019-09-27 09:16:47,807 [d1b97505-207e-4333-b006-552a83aa594e@group-E3215D54F09B:LeaderElection35] INFO  impl.RoleInfo (RoleInfo.java:shutdownLeaderElection(134)) - d1b97505-207e-4333-b006-552a83aa594e: shutdown LeaderElection
2019-09-27 09:16:47,810 [88f71ae2-1168-411a-bccc-2088b7ef8e3f@group-E3215D54F09B:LeaderElection36] INFO  impl.RaftServerImpl (RaftServerImpl.java:setRole(174)) - 88f71ae2-1168-411a-bccc-2088b7ef8e3f@group-E3215D54F09B: changes role from CANDIDATE to FOLLOWER at term 1 for DISCOVERED_A_NEW_TERM
2019-09-27 09:16:47,812 [main] INFO  ipc.Client (Client.java:handleConnectionFailure(948)) - Retrying connect to server: localhost/127.0.0.1:0. Already tried 0 time(s); retry policy is RetryUpToMaximumCountWithFixedSleep(maxRetries=10, sleepTime=1000 MILLISECONDS)
2019-09-27 09:16:47,810 [d1b97505-207e-4333-b006-552a83aa594e@group-E3215D54F09B:LeaderElection35] INFO  impl.RaftServerImpl (RaftServerImpl.java:setRole(174)) - d1b97505-207e-4333-b006-552a83aa594e@group-E3215D54F09B: changes role from CANDIDATE to LEADER at term 1 for changeToLeader
2019-09-27 09:16:47,813 [88f71ae2-1168-411a-bccc-2088b7ef8e3f@group-E3215D54F09B:LeaderElection36] INFO  impl.RoleInfo (RoleInfo.java:shutdownLeaderElection(134)) - 88f71ae2-1168-411a-bccc-2088b7ef8e3f: shutdown LeaderElection
2019-09-27 09:16:47,813 [d1b97505-207e-4333-b006-552a83aa594e@group-E3215D54F09B:LeaderElection35] INFO  impl.RaftServerImpl (ServerState.java:setLeader(253)) - d1b97505-207e-4333-b006-552a83aa594e@group-E3215D54F09B: change Leader from null to d1b97505-207e-4333-b006-552a83aa594e at term 1 for becomeLeader, leader elected after 1185ms
2019-09-27 09:16:47,813 [88f71ae2-1168-411a-bccc-2088b7ef8e3f@group-E3215D54F09B:LeaderElection36] INFO  impl.RoleInfo (RoleInfo.java:updateAndGet(143)) - 88f71ae2-1168-411a-bccc-2088b7ef8e3f: start FollowerState
2019-09-27 09:16:47,813 [d1b97505-207e-4333-b006-552a83aa594e@group-E3215D54F09B:LeaderElection35] INFO  server.RaftServerConfigKeys (ConfUtils.java:logGet(43)) - raft.server.staging.catchup.gap = 1000 (default)
2019-09-27 09:16:47,814 [d1b97505-207e-4333-b006-552a83aa594e@group-E3215D54F09B:LeaderElection35] INFO  server.RaftServerConfigKeys (ConfUtils.java:logGet(43)) - raft.server.rpc.sleep.time = 25ms (default)
2019-09-27 09:16:47,814 [d1b97505-207e-4333-b006-552a83aa594e@group-E3215D54F09B:LeaderElection35] INFO  server.RaftServerConfigKeys (ConfUtils.java:logGet(43)) - raft.server.write.element-limit = 4096 (default)
2019-09-27 09:16:47,814 [d1b97505-207e-4333-b006-552a83aa594e@group-E3215D54F09B:LeaderElection35] INFO  server.RaftServerConfigKeys (ConfUtils.java:logGet(43)) - raft.server.watch.timeout = 10s (default)
2019-09-27 09:16:47,814 [d1b97505-207e-4333-b006-552a83aa594e@group-E3215D54F09B:LeaderElection35] INFO  server.RaftServerConfigKeys (ConfUtils.java:logGet(43)) - raft.server.watch.timeout.denomination = 1s (default)
2019-09-27 09:16:47,814 [d1b97505-207e-4333-b006-552a83aa594e@group-E3215D54F09B:LeaderElection35] INFO  server.RaftServerConfigKeys (ConfUtils.java:logGet(43)) - raft.server.watch.element-limit = 65536 (default)
2019-09-27 09:16:47,814 [88f71ae2-1168-411a-bccc-2088b7ef8e3f@group-1E9ACC1D2F50:LeaderElection38] INFO  impl.RoleInfo (RoleInfo.java:updateAndGet(143)) - 88f71ae2-1168-411a-bccc-2088b7ef8e3f: start LeaderState
2019-09-27 09:16:47,815 [88f71ae2-1168-411a-bccc-2088b7ef8e3f@group-1E9ACC1D2F50:LeaderElection38] INFO  segmented.SegmentedRaftLogWorker (SegmentedRaftLogWorker.java:startLogSegment(380)) - 88f71ae2-1168-411a-bccc-2088b7ef8e3f@group-1E9ACC1D2F50-SegmentedRaftLogWorker: Starting segment from index:0
2019-09-27 09:16:47,815 [88f71ae2-1168-411a-bccc-2088b7ef8e3f@group-1E9ACC1D2F50:LeaderElection38] INFO  impl.RaftServerImpl (ServerState.java:setRaftConf(354)) - 88f71ae2-1168-411a-bccc-2088b7ef8e3f@group-1E9ACC1D2F50: set configuration 0: [88f71ae2-1168-411a-bccc-2088b7ef8e3f:192.168.151.103:33365], old=null at 0
2019-09-27 09:16:47,847 [Thread-2243] INFO  impl.FollowerState (FollowerState.java:run(106)) - e6dfef88-aea8-482b-83fb-8e87a0e55ccd:group-392D2038B3E1 changes to CANDIDATE, lastRpcTime:1060, electionTimeout:1036ms
2019-09-27 09:16:47,848 [Thread-2243] INFO  impl.RoleInfo (RoleInfo.java:shutdownFollowerState(121)) - e6dfef88-aea8-482b-83fb-8e87a0e55ccd: shutdown FollowerState
2019-09-27 09:16:47,848 [Thread-2243] INFO  impl.RaftServerImpl (RaftServerImpl.java:setRole(174)) - e6dfef88-aea8-482b-83fb-8e87a0e55ccd@group-392D2038B3E1: changes role from  FOLLOWER to CANDIDATE at term 0 for changeToCandidate
2019-09-27 09:16:47,848 [Thread-2243] INFO  impl.RoleInfo (RoleInfo.java:updateAndGet(143)) - e6dfef88-aea8-482b-83fb-8e87a0e55ccd: start LeaderElection
2019-09-27 09:16:47,851 [e557a3b1-6e95-4f35-a3e1-c0da55ea7bc1@group-62F34B2FE18F:LeaderElection37] INFO  impl.LeaderElection (LeaderElection.java:logAndReturn(56)) - e557a3b1-6e95-4f35-a3e1-c0da55ea7bc1@group-62F34B2FE18F:LeaderElection37: Election PASSED; received 1 response(s) [e557a3b1-6e95-4f35-a3e1-c0da55ea7bc1<-e6dfef88-aea8-482b-83fb-8e87a0e55ccd#0:OK-t1] and 0 exception(s); e557a3b1-6e95-4f35-a3e1-c0da55ea7bc1@group-62F34B2FE18F:t1, leader=null, voted=e557a3b1-6e95-4f35-a3e1-c0da55ea7bc1, raftlog=e557a3b1-6e95-4f35-a3e1-c0da55ea7bc1@group-62F34B2FE18F-SegmentedRaftLog:OPENED:c-1,f-1,i0, conf=-1: [e6dfef88-aea8-482b-83fb-8e87a0e55ccd:192.168.151.103:39305, e557a3b1-6e95-4f35-a3e1-c0da55ea7bc1:192.168.151.103:39568, 825f4d3a-e44b-481a-a24b-9ae922a259ab:192.168.151.103:34079], old=null
2019-09-27 09:16:47,854 [e557a3b1-6e95-4f35-a3e1-c0da55ea7bc1@group-62F34B2FE18F:LeaderElection37] INFO  impl.RoleInfo (RoleInfo.java:shutdownLeaderElection(134)) - e557a3b1-6e95-4f35-a3e1-c0da55ea7bc1: shutdown LeaderElection
2019-09-27 09:16:47,854 [e557a3b1-6e95-4f35-a3e1-c0da55ea7bc1@group-62F34B2FE18F:LeaderElection37] INFO  impl.RaftServerImpl (RaftServerImpl.java:setRole(174)) - e557a3b1-6e95-4f35-a3e1-c0da55ea7bc1@group-62F34B2FE18F: changes role from CANDIDATE to LEADER at term 1 for changeToLeader
2019-09-27 09:16:47,854 [e557a3b1-6e95-4f35-a3e1-c0da55ea7bc1@group-62F34B2FE18F:LeaderElection37] INFO  impl.RaftServerImpl (ServerState.java:setLeader(253)) - e557a3b1-6e95-4f35-a3e1-c0da55ea7bc1@group-62F34B2FE18F: change Leader from null to e557a3b1-6e95-4f35-a3e1-c0da55ea7bc1 at term 1 for becomeLeader, leader elected after 1138ms
2019-09-27 09:16:47,854 [e557a3b1-6e95-4f35-a3e1-c0da55ea7bc1@group-62F34B2FE18F:LeaderElection37] INFO  server.RaftServerConfigKeys (ConfUtils.java:logGet(43)) - raft.server.staging.catchup.gap = 1000 (default)
2019-09-27 09:16:47,854 [d1b97505-207e-4333-b006-552a83aa594e@group-E3215D54F09B:LeaderElection35] INFO  server.RaftServerConfigKeys (ConfUtils.java:logGet(43)) - raft.server.log.appender.snapshot.chunk.size.max = 16MB (=16777216) (default)
2019-09-27 09:16:47,854 [e557a3b1-6e95-4f35-a3e1-c0da55ea7bc1@group-62F34B2FE18F:LeaderElection37] INFO  server.RaftServerConfigKeys (ConfUtils.java:logGet(43)) - raft.server.rpc.sleep.time = 25ms (default)
2019-09-27 09:16:47,856 [d1b97505-207e-4333-b006-552a83aa594e@group-E3215D54F09B:LeaderElection35] INFO  server.RaftServerConfigKeys (ConfUtils.java:logGet(43)) - raft.server.log.appender.buffer.byte-limit = 33554432 (custom)
2019-09-27 09:16:47,857 [e557a3b1-6e95-4f35-a3e1-c0da55ea7bc1@group-62F34B2FE18F:LeaderElection37] INFO  server.RaftServerConfigKeys (ConfUtils.java:logGet(43)) - raft.server.write.element-limit = 4096 (default)
2019-09-27 09:16:47,857 [d1b97505-207e-4333-b006-552a83aa594e@group-E3215D54F09B:LeaderElection35] INFO  server.RaftServerConfigKeys (ConfUtils.java:logGet(43)) - raft.server.log.appender.buffer.element-limit = 1 (custom)
2019-09-27 09:16:47,857 [e557a3b1-6e95-4f35-a3e1-c0da55ea7bc1@group-62F34B2FE18F:LeaderElection37] INFO  server.RaftServerConfigKeys (ConfUtils.java:logGet(43)) - raft.server.watch.timeout = 10s (default)
2019-09-27 09:16:47,857 [e557a3b1-6e95-4f35-a3e1-c0da55ea7bc1@group-62F34B2FE18F:LeaderElection37] INFO  server.RaftServerConfigKeys (ConfUtils.java:logGet(43)) - raft.server.watch.timeout.denomination = 1s (default)
2019-09-27 09:16:47,857 [d1b97505-207e-4333-b006-552a83aa594e@group-E3215D54F09B:LeaderElection35] INFO  grpc.GrpcConfigKeys$Server (ConfUtils.java:logGet(43)) - raft.grpc.server.leader.outstanding.appends.max = 128 (default)
2019-09-27 09:16:47,857 [e557a3b1-6e95-4f35-a3e1-c0da55ea7bc1@group-62F34B2FE18F:LeaderElection37] INFO  server.RaftServerConfigKeys (ConfUtils.java:logGet(43)) - raft.server.watch.element-limit = 65536 (default)
2019-09-27 09:16:47,858 [d1b97505-207e-4333-b006-552a83aa594e@group-E3215D54F09B:LeaderElection35] INFO  server.RaftServerConfigKeys (ConfUtils.java:logGet(43)) - raft.server.rpc.request.timeout = 3000ms (default)
2019-09-27 09:16:47,858 [d1b97505-207e-4333-b006-552a83aa594e@group-E3215D54F09B:LeaderElection35] INFO  server.RaftServerConfigKeys (ConfUtils.java:logGet(43)) - raft.server.log.appender.install.snapshot.enabled = false (custom)
2019-09-27 09:16:47,858 [d1b97505-207e-4333-b006-552a83aa594e@group-E3215D54F09B:LeaderElection35] INFO  server.RaftServerConfigKeys (ConfUtils.java:logGet(43)) - raft.server.log.appender.snapshot.chunk.size.max = 16MB (=16777216) (default)
2019-09-27 09:16:47,859 [d1b97505-207e-4333-b006-552a83aa594e@group-E3215D54F09B:LeaderElection35] INFO  server.RaftServerConfigKeys (ConfUtils.java:logGet(43)) - raft.server.log.appender.buffer.byte-limit = 33554432 (custom)
2019-09-27 09:16:47,859 [d1b97505-207e-4333-b006-552a83aa594e@group-E3215D54F09B:LeaderElection35] INFO  server.RaftServerConfigKeys (ConfUtils.java:logGet(43)) - raft.server.log.appender.buffer.element-limit = 1 (custom)
2019-09-27 09:16:47,859 [d1b97505-207e-4333-b006-552a83aa594e@group-E3215D54F09B:LeaderElection35] INFO  grpc.GrpcConfigKeys$Server (ConfUtils.java:logGet(43)) - raft.grpc.server.leader.outstanding.appends.max = 128 (default)
2019-09-27 09:16:47,859 [d1b97505-207e-4333-b006-552a83aa594e@group-E3215D54F09B:LeaderElection35] INFO  server.RaftServerConfigKeys (ConfUtils.java:logGet(43)) - raft.server.rpc.request.timeout = 3000ms (default)
2019-09-27 09:16:47,859 [d1b97505-207e-4333-b006-552a83aa594e@group-E3215D54F09B:LeaderElection35] INFO  server.RaftServerConfigKeys (ConfUtils.java:logGet(43)) - raft.server.log.appender.install.snapshot.enabled = false (custom)
2019-09-27 09:16:47,859 [e557a3b1-6e95-4f35-a3e1-c0da55ea7bc1@group-62F34B2FE18F:LeaderElection37] INFO  server.RaftServerConfigKeys (ConfUtils.java:logGet(43)) - raft.server.log.appender.snapshot.chunk.size.max = 16MB (=16777216) (default)
2019-09-27 09:16:47,860 [e557a3b1-6e95-4f35-a3e1-c0da55ea7bc1@group-62F34B2FE18F:LeaderElection37] INFO  server.RaftServerConfigKeys (ConfUtils.java:logGet(43)) - raft.server.log.appender.buffer.byte-limit = 33554432 (custom)
2019-09-27 09:16:47,860 [d1b97505-207e-4333-b006-552a83aa594e@group-E3215D54F09B:LeaderElection35] INFO  impl.RoleInfo (RoleInfo.java:updateAndGet(143)) - d1b97505-207e-4333-b006-552a83aa594e: start LeaderState
2019-09-27 09:16:47,860 [e557a3b1-6e95-4f35-a3e1-c0da55ea7bc1@group-62F34B2FE18F:LeaderElection37] INFO  server.RaftServerConfigKeys (ConfUtils.java:logGet(43)) - raft.server.log.appender.buffer.element-limit = 1 (custom)
2019-09-27 09:16:47,860 [d1b97505-207e-4333-b006-552a83aa594e@group-E3215D54F09B:LeaderElection35] INFO  segmented.SegmentedRaftLogWorker (SegmentedRaftLogWorker.java:startLogSegment(380)) - d1b97505-207e-4333-b006-552a83aa594e@group-E3215D54F09B-SegmentedRaftLogWorker: Starting segment from index:0
2019-09-27 09:16:47,860 [e557a3b1-6e95-4f35-a3e1-c0da55ea7bc1@group-62F34B2FE18F:LeaderElection37] INFO  grpc.GrpcConfigKeys$Server (ConfUtils.java:logGet(43)) - raft.grpc.server.leader.outstanding.appends.max = 128 (default)
2019-09-27 09:16:47,860 [e557a3b1-6e95-4f35-a3e1-c0da55ea7bc1@group-62F34B2FE18F:LeaderElection37] INFO  server.RaftServerConfigKeys (ConfUtils.java:logGet(43)) - raft.server.rpc.request.timeout = 3000ms (default)
2019-09-27 09:16:47,861 [e557a3b1-6e95-4f35-a3e1-c0da55ea7bc1@group-62F34B2FE18F:LeaderElection37] INFO  server.RaftServerConfigKeys (ConfUtils.java:logGet(43)) - raft.server.log.appender.install.snapshot.enabled = false (custom)
2019-09-27 09:16:47,861 [e557a3b1-6e95-4f35-a3e1-c0da55ea7bc1@group-62F34B2FE18F:LeaderElection37] INFO  server.RaftServerConfigKeys (ConfUtils.java:logGet(43)) - raft.server.log.appender.snapshot.chunk.size.max = 16MB (=16777216) (default)
2019-09-27 09:16:47,861 [e557a3b1-6e95-4f35-a3e1-c0da55ea7bc1@group-62F34B2FE18F:LeaderElection37] INFO  server.RaftServerConfigKeys (ConfUtils.java:logGet(43)) - raft.server.log.appender.buffer.byte-limit = 33554432 (custom)
2019-09-27 09:16:47,861 [d1b97505-207e-4333-b006-552a83aa594e@group-E3215D54F09B:LeaderElection35] INFO  impl.RaftServerImpl (ServerState.java:setRaftConf(354)) - d1b97505-207e-4333-b006-552a83aa594e@group-E3215D54F09B: set configuration 0: [dcfd2284-ad1e-4267-a15d-7e148c2289cb:192.168.151.103:35614, d1b97505-207e-4333-b006-552a83aa594e:192.168.151.103:33569, 88f71ae2-1168-411a-bccc-2088b7ef8e3f:192.168.151.103:33365], old=null at 0
2019-09-27 09:16:47,899 [88f71ae2-1168-411a-bccc-2088b7ef8e3f@group-1E9ACC1D2F50-SegmentedRaftLogWorker] INFO  segmented.SegmentedRaftLogWorker (SegmentedRaftLogWorker.java:execute(569)) - 88f71ae2-1168-411a-bccc-2088b7ef8e3f@group-1E9ACC1D2F50-SegmentedRaftLogWorker: created new log segment /workdir/hadoop-ozone/integration-test/target/test-dir/MiniOzoneClusterImpl-283270ba-aa50-4746-a1ea-b4b278bb6973/datanode-4/data/ratis/b4685912-85e9-4fb2-a39b-1e9acc1d2f50/current/log_inprogress_0
2019-09-27 09:16:47,861 [e557a3b1-6e95-4f35-a3e1-c0da55ea7bc1@group-62F34B2FE18F:LeaderElection37] INFO  server.RaftServerConfigKeys (ConfUtils.java:logGet(43)) - raft.server.log.appender.buffer.element-limit = 1 (custom)
2019-09-27 09:16:47,899 [e6dfef88-aea8-482b-83fb-8e87a0e55ccd@group-392D2038B3E1:LeaderElection39] INFO  impl.LeaderElection (LeaderElection.java:askForVotes(182)) - e6dfef88-aea8-482b-83fb-8e87a0e55ccd@group-392D2038B3E1:LeaderElection39: begin an election at term 1 for -1: [e6dfef88-aea8-482b-83fb-8e87a0e55ccd:192.168.151.103:39305], old=null
2019-09-27 09:16:47,899 [e557a3b1-6e95-4f35-a3e1-c0da55ea7bc1@group-62F34B2FE18F:LeaderElection37] INFO  grpc.GrpcConfigKeys$Server (ConfUtils.java:logGet(43)) - raft.grpc.server.leader.outstanding.appends.max = 128 (default)
2019-09-27 09:16:47,899 [e6dfef88-aea8-482b-83fb-8e87a0e55ccd@group-392D2038B3E1:LeaderElection39] INFO  impl.RoleInfo (RoleInfo.java:shutdownLeaderElection(134)) - e6dfef88-aea8-482b-83fb-8e87a0e55ccd: shutdown LeaderElection
2019-09-27 09:16:47,899 [e557a3b1-6e95-4f35-a3e1-c0da55ea7bc1@group-62F34B2FE18F:LeaderElection37] INFO  server.RaftServerConfigKeys (ConfUtils.java:logGet(43)) - raft.server.rpc.request.timeout = 3000ms (default)
2019-09-27 09:16:47,900 [e6dfef88-aea8-482b-83fb-8e87a0e55ccd@group-392D2038B3E1:LeaderElection39] INFO  impl.RaftServerImpl (RaftServerImpl.java:setRole(174)) - e6dfef88-aea8-482b-83fb-8e87a0e55ccd@group-392D2038B3E1: changes role from CANDIDATE to LEADER at term 1 for changeToLeader
2019-09-27 09:16:47,900 [e557a3b1-6e95-4f35-a3e1-c0da55ea7bc1@group-62F34B2FE18F:LeaderElection37] INFO  server.RaftServerConfigKeys (ConfUtils.java:logGet(43)) - raft.server.log.appender.install.snapshot.enabled = false (custom)
2019-09-27 09:16:47,900 [e6dfef88-aea8-482b-83fb-8e87a0e55ccd@group-392D2038B3E1:LeaderElection39] INFO  impl.RaftServerImpl (ServerState.java:setLeader(253)) - e6dfef88-aea8-482b-83fb-8e87a0e55ccd@group-392D2038B3E1: change Leader from null to e6dfef88-aea8-482b-83fb-8e87a0e55ccd at term 1 for becomeLeader, leader elected after 1118ms
2019-09-27 09:16:47,900 [grpc-default-executor-1] INFO  impl.RaftServerImpl (ServerState.java:setLeader(253)) - dcfd2284-ad1e-4267-a15d-7e148c2289cb@group-E3215D54F09B: change Leader from null to d1b97505-207e-4333-b006-552a83aa594e at term 1 for appendEntries, leader elected after 1272ms
2019-09-27 09:16:47,900 [e557a3b1-6e95-4f35-a3e1-c0da55ea7bc1@group-62F34B2FE18F:LeaderElection37] INFO  impl.RoleInfo (RoleInfo.java:updateAndGet(143)) - e557a3b1-6e95-4f35-a3e1-c0da55ea7bc1: start LeaderState
2019-09-27 09:16:47,900 [e6dfef88-aea8-482b-83fb-8e87a0e55ccd@group-392D2038B3E1:LeaderElection39] INFO  server.RaftServerConfigKeys (ConfUtils.java:logGet(43)) - raft.server.staging.catchup.gap = 1000 (default)
2019-09-27 09:16:47,900 [grpc-default-executor-0] INFO  impl.RaftServerImpl (ServerState.java:setLeader(253)) - 88f71ae2-1168-411a-bccc-2088b7ef8e3f@group-E3215D54F09B: change Leader from null to d1b97505-207e-4333-b006-552a83aa594e at term 1 for appendEntries, leader elected after 1272ms
2019-09-27 09:16:47,901 [e557a3b1-6e95-4f35-a3e1-c0da55ea7bc1@group-62F34B2FE18F:LeaderElection37] INFO  segmented.SegmentedRaftLogWorker (SegmentedRaftLogWorker.java:startLogSegment(380)) - e557a3b1-6e95-4f35-a3e1-c0da55ea7bc1@group-62F34B2FE18F-SegmentedRaftLogWorker: Starting segment from index:0
2019-09-27 09:16:47,901 [e6dfef88-aea8-482b-83fb-8e87a0e55ccd@group-392D2038B3E1:LeaderElection39] INFO  server.RaftServerConfigKeys (ConfUtils.java:logGet(43)) - raft.server.rpc.sleep.time = 25ms (default)
2019-09-27 09:16:47,901 [e6dfef88-aea8-482b-83fb-8e87a0e55ccd@group-392D2038B3E1:LeaderElection39] INFO  server.RaftServerConfigKeys (ConfUtils.java:logGet(43)) - raft.server.write.element-limit = 4096 (default)
2019-09-27 09:16:47,901 [e6dfef88-aea8-482b-83fb-8e87a0e55ccd@group-392D2038B3E1:LeaderElection39] INFO  server.RaftServerConfigKeys (ConfUtils.java:logGet(43)) - raft.server.watch.timeout = 10s (default)
2019-09-27 09:16:47,901 [e6dfef88-aea8-482b-83fb-8e87a0e55ccd@group-392D2038B3E1:LeaderElection39] INFO  server.RaftServerConfigKeys (ConfUtils.java:logGet(43)) - raft.server.watch.timeout.denomination = 1s (default)
2019-09-27 09:16:47,901 [e6dfef88-aea8-482b-83fb-8e87a0e55ccd@group-392D2038B3E1:LeaderElection39] INFO  server.RaftServerConfigKeys (ConfUtils.java:logGet(43)) - raft.server.watch.element-limit = 65536 (default)
2019-09-27 09:16:47,902 [e557a3b1-6e95-4f35-a3e1-c0da55ea7bc1@group-62F34B2FE18F:LeaderElection37] INFO  impl.RaftServerImpl (ServerState.java:setRaftConf(354)) - e557a3b1-6e95-4f35-a3e1-c0da55ea7bc1@group-62F34B2FE18F: set configuration 0: [e6dfef88-aea8-482b-83fb-8e87a0e55ccd:192.168.151.103:39305, e557a3b1-6e95-4f35-a3e1-c0da55ea7bc1:192.168.151.103:39568, 825f4d3a-e44b-481a-a24b-9ae922a259ab:192.168.151.103:34079], old=null at 0
2019-09-27 09:16:47,937 [Thread-2250] INFO  impl.FollowerState (FollowerState.java:run(106)) - 4d5d320f-7099-447d-88bd-f0759179e632:group-B25CB3829846 changes to CANDIDATE, lastRpcTime:1043, electionTimeout:1033ms
2019-09-27 09:16:47,937 [Thread-2247] INFO  impl.FollowerState (FollowerState.java:run(106)) - ac644bf3-7673-4e49-8339-55bbab6b6107:group-B03607296850 changes to CANDIDATE, lastRpcTime:1095, electionTimeout:1070ms
2019-09-27 09:16:47,937 [Thread-2250] INFO  impl.RoleInfo (RoleInfo.java:shutdownFollowerState(121)) - 4d5d320f-7099-447d-88bd-f0759179e632: shutdown FollowerState
2019-09-27 09:16:47,937 [Thread-2247] INFO  impl.RoleInfo (RoleInfo.java:shutdownFollowerState(121)) - ac644bf3-7673-4e49-8339-55bbab6b6107: shutdown FollowerState
2019-09-27 09:16:47,937 [d1b97505-207e-4333-b006-552a83aa594e@group-E3215D54F09B-SegmentedRaftLogWorker] INFO  segmented.SegmentedRaftLogWorker (SegmentedRaftLogWorker.java:execute(569)) - d1b97505-207e-4333-b006-552a83aa594e@group-E3215D54F09B-SegmentedRaftLogWorker: created new log segment /workdir/hadoop-ozone/integration-test/target/test-dir/MiniOzoneClusterImpl-283270ba-aa50-4746-a1ea-b4b278bb6973/datanode-2/data/ratis/691f656a-8a0d-4bc7-a277-e3215d54f09b/current/log_inprogress_0
2019-09-27 09:16:47,937 [Thread-2247] INFO  impl.RaftServerImpl (RaftServerImpl.java:setRole(174)) - ac644bf3-7673-4e49-8339-55bbab6b6107@group-B03607296850: changes role from  FOLLOWER to CANDIDATE at term 0 for changeToCandidate
2019-09-27 09:16:47,937 [Thread-2250] INFO  impl.RaftServerImpl (RaftServerImpl.java:setRole(174)) - 4d5d320f-7099-447d-88bd-f0759179e632@group-B25CB3829846: changes role from  FOLLOWER to CANDIDATE at term 0 for changeToCandidate
2019-09-27 09:16:47,938 [Thread-2250] INFO  impl.RoleInfo (RoleInfo.java:updateAndGet(143)) - 4d5d320f-7099-447d-88bd-f0759179e632: start LeaderElection
2019-09-27 09:16:47,938 [Thread-2247] INFO  impl.RoleInfo (RoleInfo.java:updateAndGet(143)) - ac644bf3-7673-4e49-8339-55bbab6b6107: start LeaderElection
2019-09-27 09:16:47,942 [grpc-default-executor-0] INFO  impl.RaftServerImpl (ServerState.java:setLeader(253)) - e6dfef88-aea8-482b-83fb-8e87a0e55ccd@group-62F34B2FE18F: change Leader from null to e557a3b1-6e95-4f35-a3e1-c0da55ea7bc1 at term 1 for appendEntries, leader elected after 1227ms
2019-09-27 09:16:47,946 [grpc-default-executor-1] INFO  impl.RaftServerImpl (ServerState.java:setRaftConf(354)) - dcfd2284-ad1e-4267-a15d-7e148c2289cb@group-E3215D54F09B: set configuration 0: [dcfd2284-ad1e-4267-a15d-7e148c2289cb:192.168.151.103:35614, d1b97505-207e-4333-b006-552a83aa594e:192.168.151.103:33569, 88f71ae2-1168-411a-bccc-2088b7ef8e3f:192.168.151.103:33365], old=null at 0
2019-09-27 09:16:47,946 [grpc-default-executor-1] INFO  segmented.SegmentedRaftLogWorker (SegmentedRaftLogWorker.java:startLogSegment(380)) - dcfd2284-ad1e-4267-a15d-7e148c2289cb@group-E3215D54F09B-SegmentedRaftLogWorker: Starting segment from index:0
2019-09-27 09:16:47,947 [e6dfef88-aea8-482b-83fb-8e87a0e55ccd@group-392D2038B3E1:LeaderElection39] INFO  impl.RoleInfo (RoleInfo.java:updateAndGet(143)) - e6dfef88-aea8-482b-83fb-8e87a0e55ccd: start LeaderState
2019-09-27 09:16:47,947 [grpc-default-executor-0] INFO  impl.RaftServerImpl (ServerState.java:setRaftConf(354)) - 88f71ae2-1168-411a-bccc-2088b7ef8e3f@group-E3215D54F09B: set configuration 0: [dcfd2284-ad1e-4267-a15d-7e148c2289cb:192.168.151.103:35614, d1b97505-207e-4333-b006-552a83aa594e:192.168.151.103:33569, 88f71ae2-1168-411a-bccc-2088b7ef8e3f:192.168.151.103:33365], old=null at 0
2019-09-27 09:16:47,947 [grpc-default-executor-1] INFO  impl.RaftServerImpl (ServerState.java:setLeader(253)) - 825f4d3a-e44b-481a-a24b-9ae922a259ab@group-62F34B2FE18F: change Leader from null to e557a3b1-6e95-4f35-a3e1-c0da55ea7bc1 at term 1 for appendEntries, leader elected after 1232ms
2019-09-27 09:16:47,947 [e6dfef88-aea8-482b-83fb-8e87a0e55ccd@group-392D2038B3E1:LeaderElection39] INFO  segmented.SegmentedRaftLogWorker (SegmentedRaftLogWorker.java:startLogSegment(380)) - e6dfef88-aea8-482b-83fb-8e87a0e55ccd@group-392D2038B3E1-SegmentedRaftLogWorker: Starting segment from index:0
2019-09-27 09:16:47,947 [grpc-default-executor-0] INFO  segmented.SegmentedRaftLogWorker (SegmentedRaftLogWorker.java:startLogSegment(380)) - 88f71ae2-1168-411a-bccc-2088b7ef8e3f@group-E3215D54F09B-SegmentedRaftLogWorker: Starting segment from index:0
2019-09-27 09:16:47,950 [grpc-default-executor-3] INFO  impl.RaftServerImpl (ServerState.java:setRaftConf(354)) - e6dfef88-aea8-482b-83fb-8e87a0e55ccd@group-62F34B2FE18F: set configuration 0: [e6dfef88-aea8-482b-83fb-8e87a0e55ccd:192.168.151.103:39305, e557a3b1-6e95-4f35-a3e1-c0da55ea7bc1:192.168.151.103:39568, 825f4d3a-e44b-481a-a24b-9ae922a259ab:192.168.151.103:34079], old=null at 0
2019-09-27 09:16:47,950 [e6dfef88-aea8-482b-83fb-8e87a0e55ccd@group-392D2038B3E1:LeaderElection39] INFO  impl.RaftServerImpl (ServerState.java:setRaftConf(354)) - e6dfef88-aea8-482b-83fb-8e87a0e55ccd@group-392D2038B3E1: set configuration 0: [e6dfef88-aea8-482b-83fb-8e87a0e55ccd:192.168.151.103:39305], old=null at 0
2019-09-27 09:16:47,951 [grpc-default-executor-3] INFO  segmented.SegmentedRaftLogWorker (SegmentedRaftLogWorker.java:startLogSegment(380)) - e6dfef88-aea8-482b-83fb-8e87a0e55ccd@group-62F34B2FE18F-SegmentedRaftLogWorker: Starting segment from index:0
2019-09-27 09:16:47,958 [grpc-default-executor-3] INFO  impl.RaftServerImpl (ServerState.java:setRaftConf(354)) - 825f4d3a-e44b-481a-a24b-9ae922a259ab@group-62F34B2FE18F: set configuration 0: [e6dfef88-aea8-482b-83fb-8e87a0e55ccd:192.168.151.103:39305, e557a3b1-6e95-4f35-a3e1-c0da55ea7bc1:192.168.151.103:39568, 825f4d3a-e44b-481a-a24b-9ae922a259ab:192.168.151.103:34079], old=null at 0
2019-09-27 09:16:47,958 [grpc-default-executor-3] INFO  segmented.SegmentedRaftLogWorker (SegmentedRaftLogWorker.java:startLogSegment(380)) - 825f4d3a-e44b-481a-a24b-9ae922a259ab@group-62F34B2FE18F-SegmentedRaftLogWorker: Starting segment from index:0
2019-09-27 09:16:47,966 [Thread-2253] INFO  impl.FollowerState (FollowerState.java:run(106)) - e557a3b1-6e95-4f35-a3e1-c0da55ea7bc1:group-9DC66057BD0D changes to CANDIDATE, lastRpcTime:1019, electionTimeout:1019ms
2019-09-27 09:16:47,966 [Thread-2253] INFO  impl.RoleInfo (RoleInfo.java:shutdownFollowerState(121)) - e557a3b1-6e95-4f35-a3e1-c0da55ea7bc1: shutdown FollowerState
2019-09-27 09:16:47,966 [Thread-2253] INFO  impl.RaftServerImpl (RaftServerImpl.java:setRole(174)) - e557a3b1-6e95-4f35-a3e1-c0da55ea7bc1@group-9DC66057BD0D: changes role from  FOLLOWER to CANDIDATE at term 0 for changeToCandidate
2019-09-27 09:16:47,966 [Thread-2253] INFO  impl.RoleInfo (RoleInfo.java:updateAndGet(143)) - e557a3b1-6e95-4f35-a3e1-c0da55ea7bc1: start LeaderElection
2019-09-27 09:16:47,989 [e557a3b1-6e95-4f35-a3e1-c0da55ea7bc1@group-62F34B2FE18F-SegmentedRaftLogWorker] INFO  segmented.SegmentedRaftLogWorker (SegmentedRaftLogWorker.java:execute(569)) - e557a3b1-6e95-4f35-a3e1-c0da55ea7bc1@group-62F34B2FE18F-SegmentedRaftLogWorker: created new log segment /workdir/hadoop-ozone/integration-test/target/test-dir/MiniOzoneClusterImpl-283270ba-aa50-4746-a1ea-b4b278bb6973/datanode-6/data/ratis/9fca8c8e-be9c-431d-b817-62f34b2fe18f/current/log_inprogress_0
2019-09-27 09:16:47,989 [4d5d320f-7099-447d-88bd-f0759179e632@group-B25CB3829846:LeaderElection41] INFO  impl.LeaderElection (LeaderElection.java:askForVotes(182)) - 4d5d320f-7099-447d-88bd-f0759179e632@group-B25CB3829846:LeaderElection41: begin an election at term 1 for -1: [4d5d320f-7099-447d-88bd-f0759179e632:192.168.151.103:44930], old=null
2019-09-27 09:16:47,989 [e557a3b1-6e95-4f35-a3e1-c0da55ea7bc1@group-9DC66057BD0D:LeaderElection42] INFO  impl.LeaderElection (LeaderElection.java:askForVotes(182)) - e557a3b1-6e95-4f35-a3e1-c0da55ea7bc1@group-9DC66057BD0D:LeaderElection42: begin an election at term 1 for -1: [e557a3b1-6e95-4f35-a3e1-c0da55ea7bc1:192.168.151.103:39568], old=null
2019-09-27 09:16:47,989 [ac644bf3-7673-4e49-8339-55bbab6b6107@group-B03607296850:LeaderElection40] INFO  impl.LeaderElection (LeaderElection.java:askForVotes(182)) - ac644bf3-7673-4e49-8339-55bbab6b6107@group-B03607296850:LeaderElection40: begin an election at term 1 for -1: [ac644bf3-7673-4e49-8339-55bbab6b6107:192.168.151.103:33867], old=null
2019-09-27 09:16:47,989 [e557a3b1-6e95-4f35-a3e1-c0da55ea7bc1@group-9DC66057BD0D:LeaderElection42] INFO  impl.RoleInfo (RoleInfo.java:shutdownLeaderElection(134)) - e557a3b1-6e95-4f35-a3e1-c0da55ea7bc1: shutdown LeaderElection
2019-09-27 09:16:47,989 [4d5d320f-7099-447d-88bd-f0759179e632@group-B25CB3829846:LeaderElection41] INFO  impl.RoleInfo (RoleInfo.java:shutdownLeaderElection(134)) - 4d5d320f-7099-447d-88bd-f0759179e632: shutdown LeaderElection
2019-09-27 09:16:47,989 [e557a3b1-6e95-4f35-a3e1-c0da55ea7bc1@group-9DC66057BD0D:LeaderElection42] INFO  impl.RaftServerImpl (RaftServerImpl.java:setRole(174)) - e557a3b1-6e95-4f35-a3e1-c0da55ea7bc1@group-9DC66057BD0D: changes role from CANDIDATE to LEADER at term 1 for changeToLeader
2019-09-27 09:16:47,989 [ac644bf3-7673-4e49-8339-55bbab6b6107@group-B03607296850:LeaderElection40] INFO  impl.RoleInfo (RoleInfo.java:shutdownLeaderElection(134)) - ac644bf3-7673-4e49-8339-55bbab6b6107: shutdown LeaderElection
2019-09-27 09:16:47,990 [e557a3b1-6e95-4f35-a3e1-c0da55ea7bc1@group-9DC66057BD0D:LeaderElection42] INFO  impl.RaftServerImpl (ServerState.java:setLeader(253)) - e557a3b1-6e95-4f35-a3e1-c0da55ea7bc1@group-9DC66057BD0D: change Leader from null to e557a3b1-6e95-4f35-a3e1-c0da55ea7bc1 at term 1 for becomeLeader, leader elected after 1050ms
2019-09-27 09:16:47,989 [4d5d320f-7099-447d-88bd-f0759179e632@group-B25CB3829846:LeaderElection41] INFO  impl.RaftServerImpl (RaftServerImpl.java:setRole(174)) - 4d5d320f-7099-447d-88bd-f0759179e632@group-B25CB3829846: changes role from CANDIDATE to LEADER at term 1 for changeToLeader
2019-09-27 09:16:47,990 [e557a3b1-6e95-4f35-a3e1-c0da55ea7bc1@group-9DC66057BD0D:LeaderElection42] INFO  server.RaftServerConfigKeys (ConfUtils.java:logGet(43)) - raft.server.staging.catchup.gap = 1000 (default)
2019-09-27 09:16:47,990 [ac644bf3-7673-4e49-8339-55bbab6b6107@group-B03607296850:LeaderElection40] INFO  impl.RaftServerImpl (RaftServerImpl.java:setRole(174)) - ac644bf3-7673-4e49-8339-55bbab6b6107@group-B03607296850: changes role from CANDIDATE to LEADER at term 1 for changeToLeader
2019-09-27 09:16:47,990 [e557a3b1-6e95-4f35-a3e1-c0da55ea7bc1@group-9DC66057BD0D:LeaderElection42] INFO  server.RaftServerConfigKeys (ConfUtils.java:logGet(43)) - raft.server.rpc.sleep.time = 25ms (default)
2019-09-27 09:16:47,990 [4d5d320f-7099-447d-88bd-f0759179e632@group-B25CB3829846:LeaderElection41] INFO  impl.RaftServerImpl (ServerState.java:setLeader(253)) - 4d5d320f-7099-447d-88bd-f0759179e632@group-B25CB3829846: change Leader from null to 4d5d320f-7099-447d-88bd-f0759179e632 at term 1 for becomeLeader, leader elected after 1102ms
2019-09-27 09:16:47,990 [e557a3b1-6e95-4f35-a3e1-c0da55ea7bc1@group-9DC66057BD0D:LeaderElection42] INFO  server.RaftServerConfigKeys (ConfUtils.java:logGet(43)) - raft.server.write.element-limit = 4096 (default)
2019-09-27 09:16:47,990 [ac644bf3-7673-4e49-8339-55bbab6b6107@group-B03607296850:LeaderElection40] INFO  impl.RaftServerImpl (ServerState.java:setLeader(253)) - ac644bf3-7673-4e49-8339-55bbab6b6107@group-B03607296850: change Leader from null to ac644bf3-7673-4e49-8339-55bbab6b6107 at term 1 for becomeLeader, leader elected after 1155ms
2019-09-27 09:16:47,991 [e557a3b1-6e95-4f35-a3e1-c0da55ea7bc1@group-9DC66057BD0D:LeaderElection42] INFO  server.RaftServerConfigKeys (ConfUtils.java:logGet(43)) - raft.server.watch.timeout = 10s (default)
2019-09-27 09:16:47,991 [4d5d320f-7099-447d-88bd-f0759179e632@group-B25CB3829846:LeaderElection41] INFO  server.RaftServerConfigKeys (ConfUtils.java:logGet(43)) - raft.server.staging.catchup.gap = 1000 (default)
2019-09-27 09:16:47,991 [e557a3b1-6e95-4f35-a3e1-c0da55ea7bc1@group-9DC66057BD0D:LeaderElection42] INFO  server.RaftServerConfigKeys (ConfUtils.java:logGet(43)) - raft.server.watch.timeout.denomination = 1s (default)
2019-09-27 09:16:47,991 [ac644bf3-7673-4e49-8339-55bbab6b6107@group-B03607296850:LeaderElection40] INFO  server.RaftServerConfigKeys (ConfUtils.java:logGet(43)) - raft.server.staging.catchup.gap = 1000 (default)
2019-09-27 09:16:47,991 [e557a3b1-6e95-4f35-a3e1-c0da55ea7bc1@group-9DC66057BD0D:LeaderElection42] INFO  server.RaftServerConfigKeys (ConfUtils.java:logGet(43)) - raft.server.watch.element-limit = 65536 (default)
2019-09-27 09:16:47,991 [4d5d320f-7099-447d-88bd-f0759179e632@group-B25CB3829846:LeaderElection41] INFO  server.RaftServerConfigKeys (ConfUtils.java:logGet(43)) - raft.server.rpc.sleep.time = 25ms (default)
2019-09-27 09:16:47,991 [ac644bf3-7673-4e49-8339-55bbab6b6107@group-B03607296850:LeaderElection40] INFO  server.RaftServerConfigKeys (ConfUtils.java:logGet(43)) - raft.server.rpc.sleep.time = 25ms (default)
2019-09-27 09:16:47,992 [4d5d320f-7099-447d-88bd-f0759179e632@group-B25CB3829846:LeaderElection41] INFO  server.RaftServerConfigKeys (ConfUtils.java:logGet(43)) - raft.server.write.element-limit = 4096 (default)
2019-09-27 09:16:47,992 [ac644bf3-7673-4e49-8339-55bbab6b6107@group-B03607296850:LeaderElection40] INFO  server.RaftServerConfigKeys (ConfUtils.java:logGet(43)) - raft.server.write.element-limit = 4096 (default)
2019-09-27 09:16:47,992 [4d5d320f-7099-447d-88bd-f0759179e632@group-B25CB3829846:LeaderElection41] INFO  server.RaftServerConfigKeys (ConfUtils.java:logGet(43)) - raft.server.watch.timeout = 10s (default)
2019-09-27 09:16:47,992 [ac644bf3-7673-4e49-8339-55bbab6b6107@group-B03607296850:LeaderElection40] INFO  server.RaftServerConfigKeys (ConfUtils.java:logGet(43)) - raft.server.watch.timeout = 10s (default)
2019-09-27 09:16:47,992 [4d5d320f-7099-447d-88bd-f0759179e632@group-B25CB3829846:LeaderElection41] INFO  server.RaftServerConfigKeys (ConfUtils.java:logGet(43)) - raft.server.watch.timeout.denomination = 1s (default)
2019-09-27 09:16:47,992 [ac644bf3-7673-4e49-8339-55bbab6b6107@group-B03607296850:LeaderElection40] INFO  server.RaftServerConfigKeys (ConfUtils.java:logGet(43)) - raft.server.watch.timeout.denomination = 1s (default)
2019-09-27 09:16:47,992 [4d5d320f-7099-447d-88bd-f0759179e632@group-B25CB3829846:LeaderElection41] INFO  server.RaftServerConfigKeys (ConfUtils.java:logGet(43)) - raft.server.watch.element-limit = 65536 (default)
2019-09-27 09:16:47,992 [ac644bf3-7673-4e49-8339-55bbab6b6107@group-B03607296850:LeaderElection40] INFO  server.RaftServerConfigKeys (ConfUtils.java:logGet(43)) - raft.server.watch.element-limit = 65536 (default)
2019-09-27 09:16:47,995 [e557a3b1-6e95-4f35-a3e1-c0da55ea7bc1@group-9DC66057BD0D:LeaderElection42] INFO  impl.RoleInfo (RoleInfo.java:updateAndGet(143)) - e557a3b1-6e95-4f35-a3e1-c0da55ea7bc1: start LeaderState
2019-09-27 09:16:47,996 [e557a3b1-6e95-4f35-a3e1-c0da55ea7bc1@group-9DC66057BD0D:LeaderElection42] INFO  segmented.SegmentedRaftLogWorker (SegmentedRaftLogWorker.java:startLogSegment(380)) - e557a3b1-6e95-4f35-a3e1-c0da55ea7bc1@group-9DC66057BD0D-SegmentedRaftLogWorker: Starting segment from index:0
2019-09-27 09:16:47,996 [4d5d320f-7099-447d-88bd-f0759179e632@group-B25CB3829846:LeaderElection41] INFO  impl.RoleInfo (RoleInfo.java:updateAndGet(143)) - 4d5d320f-7099-447d-88bd-f0759179e632: start LeaderState
2019-09-27 09:16:47,996 [e557a3b1-6e95-4f35-a3e1-c0da55ea7bc1@group-9DC66057BD0D:LeaderElection42] INFO  impl.RaftServerImpl (ServerState.java:setRaftConf(354)) - e557a3b1-6e95-4f35-a3e1-c0da55ea7bc1@group-9DC66057BD0D: set configuration 0: [e557a3b1-6e95-4f35-a3e1-c0da55ea7bc1:192.168.151.103:39568], old=null at 0
2019-09-27 09:16:47,996 [ac644bf3-7673-4e49-8339-55bbab6b6107@group-B03607296850:LeaderElection40] INFO  impl.RoleInfo (RoleInfo.java:updateAndGet(143)) - ac644bf3-7673-4e49-8339-55bbab6b6107: start LeaderState
2019-09-27 09:16:47,996 [4d5d320f-7099-447d-88bd-f0759179e632@group-B25CB3829846:LeaderElection41] INFO  segmented.SegmentedRaftLogWorker (SegmentedRaftLogWorker.java:startLogSegment(380)) - 4d5d320f-7099-447d-88bd-f0759179e632@group-B25CB3829846-SegmentedRaftLogWorker: Starting segment from index:0
2019-09-27 09:16:48,037 [ac644bf3-7673-4e49-8339-55bbab6b6107@group-B03607296850:LeaderElection40] INFO  segmented.SegmentedRaftLogWorker (SegmentedRaftLogWorker.java:startLogSegment(380)) - ac644bf3-7673-4e49-8339-55bbab6b6107@group-B03607296850-SegmentedRaftLogWorker: Starting segment from index:0
2019-09-27 09:16:48,050 [e557a3b1-6e95-4f35-a3e1-c0da55ea7bc1@group-9DC66057BD0D-SegmentedRaftLogWorker] INFO  segmented.SegmentedRaftLogWorker (SegmentedRaftLogWorker.java:execute(569)) - e557a3b1-6e95-4f35-a3e1-c0da55ea7bc1@group-9DC66057BD0D-SegmentedRaftLogWorker: created new log segment /workdir/hadoop-ozone/integration-test/target/test-dir/MiniOzoneClusterImpl-283270ba-aa50-4746-a1ea-b4b278bb6973/datanode-6/data/ratis/70f24850-ef08-4f7f-91c3-9dc66057bd0d/current/log_inprogress_0
2019-09-27 09:16:48,050 [dcfd2284-ad1e-4267-a15d-7e148c2289cb@group-E3215D54F09B-SegmentedRaftLogWorker] INFO  segmented.SegmentedRaftLogWorker (SegmentedRaftLogWorker.java:execute(569)) - dcfd2284-ad1e-4267-a15d-7e148c2289cb@group-E3215D54F09B-SegmentedRaftLogWorker: created new log segment /workdir/hadoop-ozone/integration-test/target/test-dir/MiniOzoneClusterImpl-283270ba-aa50-4746-a1ea-b4b278bb6973/datanode-1/data/ratis/691f656a-8a0d-4bc7-a277-e3215d54f09b/current/log_inprogress_0
2019-09-27 09:16:48,050 [e6dfef88-aea8-482b-83fb-8e87a0e55ccd@group-62F34B2FE18F-SegmentedRaftLogWorker] INFO  segmented.SegmentedRaftLogWorker (SegmentedRaftLogWorker.java:execute(569)) - e6dfef88-aea8-482b-83fb-8e87a0e55ccd@group-62F34B2FE18F-SegmentedRaftLogWorker: created new log segment /workdir/hadoop-ozone/integration-test/target/test-dir/MiniOzoneClusterImpl-283270ba-aa50-4746-a1ea-b4b278bb6973/datanode-5/data/ratis/9fca8c8e-be9c-431d-b817-62f34b2fe18f/current/log_inprogress_0
2019-09-27 09:16:48,050 [88f71ae2-1168-411a-bccc-2088b7ef8e3f@group-E3215D54F09B-SegmentedRaftLogWorker] INFO  segmented.SegmentedRaftLogWorker (SegmentedRaftLogWorker.java:execute(569)) - 88f71ae2-1168-411a-bccc-2088b7ef8e3f@group-E3215D54F09B-SegmentedRaftLogWorker: created new log segment /workdir/hadoop-ozone/integration-test/target/test-dir/MiniOzoneClusterImpl-283270ba-aa50-4746-a1ea-b4b278bb6973/datanode-4/data/ratis/691f656a-8a0d-4bc7-a277-e3215d54f09b/current/log_inprogress_0
2019-09-27 09:16:48,050 [825f4d3a-e44b-481a-a24b-9ae922a259ab@group-62F34B2FE18F-SegmentedRaftLogWorker] INFO  segmented.SegmentedRaftLogWorker (SegmentedRaftLogWorker.java:execute(569)) - 825f4d3a-e44b-481a-a24b-9ae922a259ab@group-62F34B2FE18F-SegmentedRaftLogWorker: created new log segment /workdir/hadoop-ozone/integration-test/target/test-dir/MiniOzoneClusterImpl-283270ba-aa50-4746-a1ea-b4b278bb6973/datanode-0/data/ratis/9fca8c8e-be9c-431d-b817-62f34b2fe18f/current/log_inprogress_0
2019-09-27 09:16:48,050 [e6dfef88-aea8-482b-83fb-8e87a0e55ccd@group-392D2038B3E1-SegmentedRaftLogWorker] INFO  segmented.SegmentedRaftLogWorker (SegmentedRaftLogWorker.java:execute(569)) - e6dfef88-aea8-482b-83fb-8e87a0e55ccd@group-392D2038B3E1-SegmentedRaftLogWorker: created new log segment /workdir/hadoop-ozone/integration-test/target/test-dir/MiniOzoneClusterImpl-283270ba-aa50-4746-a1ea-b4b278bb6973/datanode-5/data/ratis/f06f3cd8-c747-45f3-85b3-392d2038b3e1/current/log_inprogress_0
2019-09-27 09:16:48,056 [4d5d320f-7099-447d-88bd-f0759179e632@group-B25CB3829846:LeaderElection41] INFO  impl.RaftServerImpl (ServerState.java:setRaftConf(354)) - 4d5d320f-7099-447d-88bd-f0759179e632@group-B25CB3829846: set configuration 0: [4d5d320f-7099-447d-88bd-f0759179e632:192.168.151.103:44930], old=null at 0
2019-09-27 09:16:48,070 [ac644bf3-7673-4e49-8339-55bbab6b6107@group-B03607296850:LeaderElection40] INFO  impl.RaftServerImpl (ServerState.java:setRaftConf(354)) - ac644bf3-7673-4e49-8339-55bbab6b6107@group-B03607296850: set configuration 0: [ac644bf3-7673-4e49-8339-55bbab6b6107:192.168.151.103:33867], old=null at 0
2019-09-27 09:16:48,100 [4d5d320f-7099-447d-88bd-f0759179e632@group-B25CB3829846-SegmentedRaftLogWorker] INFO  segmented.SegmentedRaftLogWorker (SegmentedRaftLogWorker.java:execute(569)) - 4d5d320f-7099-447d-88bd-f0759179e632@group-B25CB3829846-SegmentedRaftLogWorker: created new log segment /workdir/hadoop-ozone/integration-test/target/test-dir/MiniOzoneClusterImpl-283270ba-aa50-4746-a1ea-b4b278bb6973/datanode-9/data/ratis/243e429c-72f3-4813-9f8d-b25cb3829846/current/log_inprogress_0
2019-09-27 09:16:48,118 [ac644bf3-7673-4e49-8339-55bbab6b6107@group-B03607296850-SegmentedRaftLogWorker] INFO  segmented.SegmentedRaftLogWorker (SegmentedRaftLogWorker.java:execute(569)) - ac644bf3-7673-4e49-8339-55bbab6b6107@group-B03607296850-SegmentedRaftLogWorker: created new log segment /workdir/hadoop-ozone/integration-test/target/test-dir/MiniOzoneClusterImpl-283270ba-aa50-4746-a1ea-b4b278bb6973/datanode-8/data/ratis/d0e11e27-1a43-4d81-afb4-b03607296850/current/log_inprogress_0
2019-09-27 09:16:48,173 [Thread-2256] INFO  impl.FollowerState (FollowerState.java:run(106)) - debaddba-7ce7-4ada-b450-9c5d896bdac5:group-BF01B37418CF changes to CANDIDATE, lastRpcTime:1145, electionTimeout:1145ms
2019-09-27 09:16:48,173 [Thread-2256] INFO  impl.RoleInfo (RoleInfo.java:shutdownFollowerState(121)) - debaddba-7ce7-4ada-b450-9c5d896bdac5: shutdown FollowerState
2019-09-27 09:16:48,173 [Thread-2256] INFO  impl.RaftServerImpl (RaftServerImpl.java:setRole(174)) - debaddba-7ce7-4ada-b450-9c5d896bdac5@group-BF01B37418CF: changes role from  FOLLOWER to CANDIDATE at term 0 for changeToCandidate
2019-09-27 09:16:48,173 [Thread-2256] INFO  impl.RoleInfo (RoleInfo.java:updateAndGet(143)) - debaddba-7ce7-4ada-b450-9c5d896bdac5: start LeaderElection
2019-09-27 09:16:48,186 [Thread-2263] INFO  impl.FollowerState (FollowerState.java:run(106)) - 4d5d320f-7099-447d-88bd-f0759179e632:group-0080225EE277 changes to CANDIDATE, lastRpcTime:1067, electionTimeout:1067ms
2019-09-27 09:16:48,186 [Thread-2263] INFO  impl.RoleInfo (RoleInfo.java:shutdownFollowerState(121)) - 4d5d320f-7099-447d-88bd-f0759179e632: shutdown FollowerState
2019-09-27 09:16:48,186 [Thread-2263] INFO  impl.RaftServerImpl (RaftServerImpl.java:setRole(174)) - 4d5d320f-7099-447d-88bd-f0759179e632@group-0080225EE277: changes role from  FOLLOWER to CANDIDATE at term 0 for changeToCandidate
2019-09-27 09:16:48,186 [Thread-2263] INFO  impl.RoleInfo (RoleInfo.java:updateAndGet(143)) - 4d5d320f-7099-447d-88bd-f0759179e632: start LeaderElection
2019-09-27 09:16:48,195 [debaddba-7ce7-4ada-b450-9c5d896bdac5@group-BF01B37418CF:LeaderElection43] INFO  impl.LeaderElection (LeaderElection.java:askForVotes(182)) - debaddba-7ce7-4ada-b450-9c5d896bdac5@group-BF01B37418CF:LeaderElection43: begin an election at term 1 for -1: [debaddba-7ce7-4ada-b450-9c5d896bdac5:192.168.151.103:37277], old=null
2019-09-27 09:16:48,195 [4d5d320f-7099-447d-88bd-f0759179e632@group-0080225EE277:LeaderElection44] INFO  impl.LeaderElection (LeaderElection.java:askForVotes(182)) - 4d5d320f-7099-447d-88bd-f0759179e632@group-0080225EE277:LeaderElection44: begin an election at term 1 for -1: [4d5d320f-7099-447d-88bd-f0759179e632:192.168.151.103:44930, ac644bf3-7673-4e49-8339-55bbab6b6107:192.168.151.103:33867, debaddba-7ce7-4ada-b450-9c5d896bdac5:192.168.151.103:37277], old=null
2019-09-27 09:16:48,195 [debaddba-7ce7-4ada-b450-9c5d896bdac5@group-BF01B37418CF:LeaderElection43] INFO  impl.RoleInfo (RoleInfo.java:shutdownLeaderElection(134)) - debaddba-7ce7-4ada-b450-9c5d896bdac5: shutdown LeaderElection
2019-09-27 09:16:48,196 [debaddba-7ce7-4ada-b450-9c5d896bdac5@group-BF01B37418CF:LeaderElection43] INFO  impl.RaftServerImpl (RaftServerImpl.java:setRole(174)) - debaddba-7ce7-4ada-b450-9c5d896bdac5@group-BF01B37418CF: changes role from CANDIDATE to LEADER at term 1 for changeToLeader
2019-09-27 09:16:48,196 [debaddba-7ce7-4ada-b450-9c5d896bdac5@group-BF01B37418CF:LeaderElection43] INFO  impl.RaftServerImpl (ServerState.java:setLeader(253)) - debaddba-7ce7-4ada-b450-9c5d896bdac5@group-BF01B37418CF: change Leader from null to debaddba-7ce7-4ada-b450-9c5d896bdac5 at term 1 for becomeLeader, leader elected after 1178ms
2019-09-27 09:16:48,196 [debaddba-7ce7-4ada-b450-9c5d896bdac5@group-BF01B37418CF:LeaderElection43] INFO  server.RaftServerConfigKeys (ConfUtils.java:logGet(43)) - raft.server.staging.catchup.gap = 1000 (default)
2019-09-27 09:16:48,196 [debaddba-7ce7-4ada-b450-9c5d896bdac5@group-BF01B37418CF:LeaderElection43] INFO  server.RaftServerConfigKeys (ConfUtils.java:logGet(43)) - raft.server.rpc.sleep.time = 25ms (default)
2019-09-27 09:16:48,196 [debaddba-7ce7-4ada-b450-9c5d896bdac5@group-BF01B37418CF:LeaderElection43] INFO  server.RaftServerConfigKeys (ConfUtils.java:logGet(43)) - raft.server.write.element-limit = 4096 (default)
2019-09-27 09:16:48,197 [debaddba-7ce7-4ada-b450-9c5d896bdac5@group-BF01B37418CF:LeaderElection43] INFO  server.RaftServerConfigKeys (ConfUtils.java:logGet(43)) - raft.server.watch.timeout = 10s (default)
2019-09-27 09:16:48,197 [debaddba-7ce7-4ada-b450-9c5d896bdac5@group-BF01B37418CF:LeaderElection43] INFO  server.RaftServerConfigKeys (ConfUtils.java:logGet(43)) - raft.server.watch.timeout.denomination = 1s (default)
2019-09-27 09:16:48,197 [debaddba-7ce7-4ada-b450-9c5d896bdac5@group-BF01B37418CF:LeaderElection43] INFO  server.RaftServerConfigKeys (ConfUtils.java:logGet(43)) - raft.server.watch.element-limit = 65536 (default)
2019-09-27 09:16:48,199 [debaddba-7ce7-4ada-b450-9c5d896bdac5@group-BF01B37418CF:LeaderElection43] INFO  impl.RoleInfo (RoleInfo.java:updateAndGet(143)) - debaddba-7ce7-4ada-b450-9c5d896bdac5: start LeaderState
2019-09-27 09:16:48,200 [debaddba-7ce7-4ada-b450-9c5d896bdac5@group-BF01B37418CF:LeaderElection43] INFO  segmented.SegmentedRaftLogWorker (SegmentedRaftLogWorker.java:startLogSegment(380)) - debaddba-7ce7-4ada-b450-9c5d896bdac5@group-BF01B37418CF-SegmentedRaftLogWorker: Starting segment from index:0
2019-09-27 09:16:48,204 [debaddba-7ce7-4ada-b450-9c5d896bdac5@group-BF01B37418CF:LeaderElection43] INFO  impl.RaftServerImpl (ServerState.java:setRaftConf(354)) - debaddba-7ce7-4ada-b450-9c5d896bdac5@group-BF01B37418CF: set configuration 0: [debaddba-7ce7-4ada-b450-9c5d896bdac5:192.168.151.103:37277], old=null at 0
2019-09-27 09:16:48,204 [grpc-default-executor-3] INFO  impl.RaftServerImpl (RaftServerImpl.java:setRole(174)) - ac644bf3-7673-4e49-8339-55bbab6b6107@group-0080225EE277: changes role from  FOLLOWER to FOLLOWER at term 1 for recognizeCandidate:4d5d320f-7099-447d-88bd-f0759179e632
2019-09-27 09:16:48,234 [Thread-2264] INFO  impl.FollowerState (FollowerState.java:run(106)) - debaddba-7ce7-4ada-b450-9c5d896bdac5:group-0080225EE277 changes to CANDIDATE, lastRpcTime:1115, electionTimeout:1102ms
2019-09-27 09:16:48,243 [grpc-default-executor-3] INFO  impl.RoleInfo (RoleInfo.java:shutdownFollowerState(121)) - ac644bf3-7673-4e49-8339-55bbab6b6107: shutdown FollowerState
2019-09-27 09:16:48,243 [grpc-default-executor-3] INFO  impl.RoleInfo (RoleInfo.java:updateAndGet(143)) - ac644bf3-7673-4e49-8339-55bbab6b6107: start FollowerState
2019-09-27 09:16:48,243 [Thread-2264] INFO  impl.RoleInfo (RoleInfo.java:shutdownFollowerState(121)) - debaddba-7ce7-4ada-b450-9c5d896bdac5: shutdown FollowerState
2019-09-27 09:16:48,244 [Thread-2264] INFO  impl.RaftServerImpl (RaftServerImpl.java:setRole(174)) - debaddba-7ce7-4ada-b450-9c5d896bdac5@group-0080225EE277: changes role from  FOLLOWER to CANDIDATE at term 0 for changeToCandidate
2019-09-27 09:16:48,244 [Thread-2264] INFO  impl.RoleInfo (RoleInfo.java:updateAndGet(143)) - debaddba-7ce7-4ada-b450-9c5d896bdac5: start LeaderElection
2019-09-27 09:16:48,244 [grpc-default-executor-0] INFO  impl.RaftServerImpl (RaftServerImpl.java:setRole(174)) - debaddba-7ce7-4ada-b450-9c5d896bdac5@group-0080225EE277: changes role from CANDIDATE to FOLLOWER at term 1 for recognizeCandidate:4d5d320f-7099-447d-88bd-f0759179e632
2019-09-27 09:16:48,245 [grpc-default-executor-0] INFO  impl.RoleInfo (RoleInfo.java:shutdownLeaderElection(134)) - debaddba-7ce7-4ada-b450-9c5d896bdac5: shutdown LeaderElection
2019-09-27 09:16:48,245 [grpc-default-executor-0] INFO  impl.RoleInfo (RoleInfo.java:updateAndGet(143)) - debaddba-7ce7-4ada-b450-9c5d896bdac5: start FollowerState
2019-09-27 09:16:48,247 [debaddba-7ce7-4ada-b450-9c5d896bdac5@group-BF01B37418CF-SegmentedRaftLogWorker] INFO  segmented.SegmentedRaftLogWorker (SegmentedRaftLogWorker.java:execute(569)) - debaddba-7ce7-4ada-b450-9c5d896bdac5@group-BF01B37418CF-SegmentedRaftLogWorker: created new log segment /workdir/hadoop-ozone/integration-test/target/test-dir/MiniOzoneClusterImpl-283270ba-aa50-4746-a1ea-b4b278bb6973/datanode-7/data/ratis/633456f3-40fd-4107-a797-bf01b37418cf/current/log_inprogress_0
2019-09-27 09:16:48,254 [4d5d320f-7099-447d-88bd-f0759179e632@group-0080225EE277:LeaderElection44] INFO  impl.LeaderElection (LeaderElection.java:logAndReturn(56)) - 4d5d320f-7099-447d-88bd-f0759179e632@group-0080225EE277:LeaderElection44: Election PASSED; received 1 response(s) [4d5d320f-7099-447d-88bd-f0759179e632<-ac644bf3-7673-4e49-8339-55bbab6b6107#0:OK-t1] and 0 exception(s); 4d5d320f-7099-447d-88bd-f0759179e632@group-0080225EE277:t1, leader=null, voted=4d5d320f-7099-447d-88bd-f0759179e632, raftlog=4d5d320f-7099-447d-88bd-f0759179e632@group-0080225EE277-SegmentedRaftLog:OPENED:c-1,f-1,i0, conf=-1: [4d5d320f-7099-447d-88bd-f0759179e632:192.168.151.103:44930, ac644bf3-7673-4e49-8339-55bbab6b6107:192.168.151.103:33867, debaddba-7ce7-4ada-b450-9c5d896bdac5:192.168.151.103:37277], old=null
2019-09-27 09:16:48,254 [4d5d320f-7099-447d-88bd-f0759179e632@group-0080225EE277:LeaderElection44] INFO  impl.RoleInfo (RoleInfo.java:shutdownLeaderElection(134)) - 4d5d320f-7099-447d-88bd-f0759179e632: shutdown LeaderElection
2019-09-27 09:16:48,254 [4d5d320f-7099-447d-88bd-f0759179e632@group-0080225EE277:LeaderElection44] INFO  impl.RaftServerImpl (RaftServerImpl.java:setRole(174)) - 4d5d320f-7099-447d-88bd-f0759179e632@group-0080225EE277: changes role from CANDIDATE to LEADER at term 1 for changeToLeader
2019-09-27 09:16:48,254 [4d5d320f-7099-447d-88bd-f0759179e632@group-0080225EE277:LeaderElection44] INFO  impl.RaftServerImpl (ServerState.java:setLeader(253)) - 4d5d320f-7099-447d-88bd-f0759179e632@group-0080225EE277: change Leader from null to 4d5d320f-7099-447d-88bd-f0759179e632 at term 1 for becomeLeader, leader elected after 1151ms
2019-09-27 09:16:48,255 [4d5d320f-7099-447d-88bd-f0759179e632@group-0080225EE277:LeaderElection44] INFO  server.RaftServerConfigKeys (ConfUtils.java:logGet(43)) - raft.server.staging.catchup.gap = 1000 (default)
2019-09-27 09:16:48,255 [4d5d320f-7099-447d-88bd-f0759179e632@group-0080225EE277:LeaderElection44] INFO  server.RaftServerConfigKeys (ConfUtils.java:logGet(43)) - raft.server.rpc.sleep.time = 25ms (default)
2019-09-27 09:16:48,258 [4d5d320f-7099-447d-88bd-f0759179e632@group-0080225EE277:LeaderElection44] INFO  server.RaftServerConfigKeys (ConfUtils.java:logGet(43)) - raft.server.write.element-limit = 4096 (default)
2019-09-27 09:16:48,258 [4d5d320f-7099-447d-88bd-f0759179e632@group-0080225EE277:LeaderElection44] INFO  server.RaftServerConfigKeys (ConfUtils.java:logGet(43)) - raft.server.watch.timeout = 10s (default)
2019-09-27 09:16:48,258 [4d5d320f-7099-447d-88bd-f0759179e632@group-0080225EE277:LeaderElection44] INFO  server.RaftServerConfigKeys (ConfUtils.java:logGet(43)) - raft.server.watch.timeout.denomination = 1s (default)
2019-09-27 09:16:48,258 [4d5d320f-7099-447d-88bd-f0759179e632@group-0080225EE277:LeaderElection44] INFO  server.RaftServerConfigKeys (ConfUtils.java:logGet(43)) - raft.server.watch.element-limit = 65536 (default)
2019-09-27 09:16:48,260 [4d5d320f-7099-447d-88bd-f0759179e632@group-0080225EE277:LeaderElection44] INFO  server.RaftServerConfigKeys (ConfUtils.java:logGet(43)) - raft.server.log.appender.snapshot.chunk.size.max = 16MB (=16777216) (default)
2019-09-27 09:16:48,260 [4d5d320f-7099-447d-88bd-f0759179e632@group-0080225EE277:LeaderElection44] INFO  server.RaftServerConfigKeys (ConfUtils.java:logGet(43)) - raft.server.log.appender.buffer.byte-limit = 33554432 (custom)
2019-09-27 09:16:48,260 [4d5d320f-7099-447d-88bd-f0759179e632@group-0080225EE277:LeaderElection44] INFO  server.RaftServerConfigKeys (ConfUtils.java:logGet(43)) - raft.server.log.appender.buffer.element-limit = 1 (custom)
2019-09-27 09:16:48,260 [4d5d320f-7099-447d-88bd-f0759179e632@group-0080225EE277:LeaderElection44] INFO  grpc.GrpcConfigKeys$Server (ConfUtils.java:logGet(43)) - raft.grpc.server.leader.outstanding.appends.max = 128 (default)
2019-09-27 09:16:48,260 [4d5d320f-7099-447d-88bd-f0759179e632@group-0080225EE277:LeaderElection44] INFO  server.RaftServerConfigKeys (ConfUtils.java:logGet(43)) - raft.server.rpc.request.timeout = 3000ms (default)
2019-09-27 09:16:48,261 [4d5d320f-7099-447d-88bd-f0759179e632@group-0080225EE277:LeaderElection44] INFO  server.RaftServerConfigKeys (ConfUtils.java:logGet(43)) - raft.server.log.appender.install.snapshot.enabled = false (custom)
2019-09-27 09:16:48,261 [4d5d320f-7099-447d-88bd-f0759179e632@group-0080225EE277:LeaderElection44] INFO  server.RaftServerConfigKeys (ConfUtils.java:logGet(43)) - raft.server.log.appender.snapshot.chunk.size.max = 16MB (=16777216) (default)
2019-09-27 09:16:48,261 [4d5d320f-7099-447d-88bd-f0759179e632@group-0080225EE277:LeaderElection44] INFO  server.RaftServerConfigKeys (ConfUtils.java:logGet(43)) - raft.server.log.appender.buffer.byte-limit = 33554432 (custom)
2019-09-27 09:16:48,261 [4d5d320f-7099-447d-88bd-f0759179e632@group-0080225EE277:LeaderElection44] INFO  server.RaftServerConfigKeys (ConfUtils.java:logGet(43)) - raft.server.log.appender.buffer.element-limit = 1 (custom)
2019-09-27 09:16:48,261 [4d5d320f-7099-447d-88bd-f0759179e632@group-0080225EE277:LeaderElection44] INFO  grpc.GrpcConfigKeys$Server (ConfUtils.java:logGet(43)) - raft.grpc.server.leader.outstanding.appends.max = 128 (default)
2019-09-27 09:16:48,261 [4d5d320f-7099-447d-88bd-f0759179e632@group-0080225EE277:LeaderElection44] INFO  server.RaftServerConfigKeys (ConfUtils.java:logGet(43)) - raft.server.rpc.request.timeout = 3000ms (default)
2019-09-27 09:16:48,261 [4d5d320f-7099-447d-88bd-f0759179e632@group-0080225EE277:LeaderElection44] INFO  server.RaftServerConfigKeys (ConfUtils.java:logGet(43)) - raft.server.log.appender.install.snapshot.enabled = false (custom)
2019-09-27 09:16:48,261 [4d5d320f-7099-447d-88bd-f0759179e632@group-0080225EE277:LeaderElection44] INFO  impl.RoleInfo (RoleInfo.java:updateAndGet(143)) - 4d5d320f-7099-447d-88bd-f0759179e632: start LeaderState
2019-09-27 09:16:48,262 [4d5d320f-7099-447d-88bd-f0759179e632@group-0080225EE277:LeaderElection44] INFO  segmented.SegmentedRaftLogWorker (SegmentedRaftLogWorker.java:startLogSegment(380)) - 4d5d320f-7099-447d-88bd-f0759179e632@group-0080225EE277-SegmentedRaftLogWorker: Starting segment from index:0
2019-09-27 09:16:48,262 [4d5d320f-7099-447d-88bd-f0759179e632@group-0080225EE277:LeaderElection44] INFO  impl.RaftServerImpl (ServerState.java:setRaftConf(354)) - 4d5d320f-7099-447d-88bd-f0759179e632@group-0080225EE277: set configuration 0: [4d5d320f-7099-447d-88bd-f0759179e632:192.168.151.103:44930, ac644bf3-7673-4e49-8339-55bbab6b6107:192.168.151.103:33867, debaddba-7ce7-4ada-b450-9c5d896bdac5:192.168.151.103:37277], old=null at 0
2019-09-27 09:16:48,291 [debaddba-7ce7-4ada-b450-9c5d896bdac5@group-0080225EE277:LeaderElection45] INFO  impl.LeaderElection (LeaderElection.java:askForVotes(182)) - debaddba-7ce7-4ada-b450-9c5d896bdac5@group-0080225EE277:LeaderElection45: begin an election at term 2 for -1: [4d5d320f-7099-447d-88bd-f0759179e632:192.168.151.103:44930, ac644bf3-7673-4e49-8339-55bbab6b6107:192.168.151.103:33867, debaddba-7ce7-4ada-b450-9c5d896bdac5:192.168.151.103:37277], old=null
2019-09-27 09:16:48,298 [debaddba-7ce7-4ada-b450-9c5d896bdac5@group-0080225EE277:LeaderElection45] INFO  impl.LeaderElection (LeaderElection.java:logAndReturn(56)) - debaddba-7ce7-4ada-b450-9c5d896bdac5@group-0080225EE277:LeaderElection45: Election REJECTED; received 0 response(s) [] and 0 exception(s); debaddba-7ce7-4ada-b450-9c5d896bdac5@group-0080225EE277:t2, leader=null, voted=debaddba-7ce7-4ada-b450-9c5d896bdac5, raftlog=debaddba-7ce7-4ada-b450-9c5d896bdac5@group-0080225EE277-SegmentedRaftLog:OPENED:c-1,f-1,i0, conf=-1: [4d5d320f-7099-447d-88bd-f0759179e632:192.168.151.103:44930, ac644bf3-7673-4e49-8339-55bbab6b6107:192.168.151.103:33867, debaddba-7ce7-4ada-b450-9c5d896bdac5:192.168.151.103:37277], old=null
2019-09-27 09:16:48,299 [grpc-default-executor-0] INFO  impl.RaftServerImpl (ServerState.java:setLeader(253)) - ac644bf3-7673-4e49-8339-55bbab6b6107@group-0080225EE277: change Leader from null to 4d5d320f-7099-447d-88bd-f0759179e632 at term 1 for appendEntries, leader elected after 1196ms
2019-09-27 09:16:48,304 [Thread-2324] INFO  impl.RaftServerImpl (ServerState.java:setLeader(253)) - 4d5d320f-7099-447d-88bd-f0759179e632@group-0080225EE277: change Leader from 4d5d320f-7099-447d-88bd-f0759179e632 to null at term 2 for updateCurrentTerm
2019-09-27 09:16:48,305 [4d5d320f-7099-447d-88bd-f0759179e632@group-0080225EE277-SegmentedRaftLogWorker] INFO  segmented.SegmentedRaftLogWorker (SegmentedRaftLogWorker.java:execute(569)) - 4d5d320f-7099-447d-88bd-f0759179e632@group-0080225EE277-SegmentedRaftLogWorker: created new log segment /workdir/hadoop-ozone/integration-test/target/test-dir/MiniOzoneClusterImpl-283270ba-aa50-4746-a1ea-b4b278bb6973/datanode-9/data/ratis/c342da81-c23f-48dd-9946-0080225ee277/current/log_inprogress_0
2019-09-27 09:16:48,307 [grpc-default-executor-0] INFO  impl.RaftServerImpl (ServerState.java:setRaftConf(354)) - ac644bf3-7673-4e49-8339-55bbab6b6107@group-0080225EE277: set configuration 0: [4d5d320f-7099-447d-88bd-f0759179e632:192.168.151.103:44930, ac644bf3-7673-4e49-8339-55bbab6b6107:192.168.151.103:33867, debaddba-7ce7-4ada-b450-9c5d896bdac5:192.168.151.103:37277], old=null at 0
2019-09-27 09:16:48,307 [Thread-2324] INFO  impl.RaftServerImpl (RaftServerImpl.java:setRole(174)) - 4d5d320f-7099-447d-88bd-f0759179e632@group-0080225EE277: changes role from    LEADER to FOLLOWER at term 2 for stepDown
2019-09-27 09:16:48,325 [grpc-default-executor-3] INFO  impl.RaftServerImpl (ServerState.java:setLeader(253)) - ac644bf3-7673-4e49-8339-55bbab6b6107@group-0080225EE277: change Leader from 4d5d320f-7099-447d-88bd-f0759179e632 to null at term 2 for updateCurrentTerm
2019-09-27 09:16:48,325 [grpc-default-executor-0] INFO  segmented.SegmentedRaftLogWorker (SegmentedRaftLogWorker.java:startLogSegment(380)) - ac644bf3-7673-4e49-8339-55bbab6b6107@group-0080225EE277-SegmentedRaftLogWorker: Starting segment from index:0
2019-09-27 09:16:48,326 [grpc-default-executor-3] INFO  impl.RaftServerImpl (RaftServerImpl.java:setRole(174)) - ac644bf3-7673-4e49-8339-55bbab6b6107@group-0080225EE277: changes role from  FOLLOWER to FOLLOWER at term 2 for recognizeCandidate:debaddba-7ce7-4ada-b450-9c5d896bdac5
2019-09-27 09:16:48,326 [Thread-2324] INFO  impl.RoleInfo (RoleInfo.java:shutdownLeaderState(104)) - 4d5d320f-7099-447d-88bd-f0759179e632: shutdown LeaderState
2019-09-27 09:16:48,326 [grpc-default-executor-3] INFO  impl.RoleInfo (RoleInfo.java:shutdownFollowerState(121)) - ac644bf3-7673-4e49-8339-55bbab6b6107: shutdown FollowerState
2019-09-27 09:16:48,332 [org.apache.ratis.server.impl.LogAppender$AppenderDaemon$$Lambda$400/247186050@6af50ee2] WARN  server.GrpcLogAppender (GrpcLogAppender.java:mayWait(143)) - 4d5d320f-7099-447d-88bd-f0759179e632@group-0080225EE277->ac644bf3-7673-4e49-8339-55bbab6b6107-GrpcLogAppender: Wait interrupted by java.lang.InterruptedException
2019-09-27 09:16:48,332 [Thread-2324] INFO  impl.PendingRequests (PendingRequests.java:sendNotLeaderResponses(202)) - 4d5d320f-7099-447d-88bd-f0759179e632-PendingRequests: sendNotLeaderResponses
2019-09-27 09:16:48,332 [org.apache.ratis.server.impl.LogAppender$AppenderDaemon$$Lambda$400/247186050@3050d21a] WARN  server.GrpcLogAppender (GrpcLogAppender.java:mayWait(143)) - 4d5d320f-7099-447d-88bd-f0759179e632@group-0080225EE277->debaddba-7ce7-4ada-b450-9c5d896bdac5-GrpcLogAppender: Wait interrupted by java.lang.InterruptedException
2019-09-27 09:16:48,332 [grpc-default-executor-3] INFO  impl.RoleInfo (RoleInfo.java:updateAndGet(143)) - ac644bf3-7673-4e49-8339-55bbab6b6107: start FollowerState
2019-09-27 09:16:48,332 [Thread-2321] INFO  impl.FollowerState (FollowerState.java:run(115)) - ac644bf3-7673-4e49-8339-55bbab6b6107: FollowerState was interrupted: java.lang.InterruptedException: sleep interrupted
2019-09-27 09:16:48,333 [grpc-default-executor-2] INFO  server.GrpcServerProtocolService (GrpcServerProtocolService.java:onCompleted(113)) - debaddba-7ce7-4ada-b450-9c5d896bdac5: Completed APPEND_ENTRIES, lastRequest: 4d5d320f-7099-447d-88bd-f0759179e632->debaddba-7ce7-4ada-b450-9c5d896bdac5#0-t1, previous=(t:0, i:0), leaderCommit=-1, initializing? false, entries: <empty>
2019-09-27 09:16:48,332 [Thread-2324] INFO  impl.RoleInfo (RoleInfo.java:updateAndGet(143)) - 4d5d320f-7099-447d-88bd-f0759179e632: start FollowerState
2019-09-27 09:16:48,363 [grpc-default-executor-2] INFO  server.GrpcLogAppender (GrpcLogAppender.java:onCompleted(293)) - 4d5d320f-7099-447d-88bd-f0759179e632@group-0080225EE277->debaddba-7ce7-4ada-b450-9c5d896bdac5-AppendLogResponseHandler: follower responses appendEntries COMPLETED
2019-09-27 09:16:48,364 [grpc-default-executor-0] INFO  server.GrpcServerProtocolService (GrpcServerProtocolService.java:onCompleted(113)) - ac644bf3-7673-4e49-8339-55bbab6b6107: Completed APPEND_ENTRIES, lastRequest: 4d5d320f-7099-447d-88bd-f0759179e632->ac644bf3-7673-4e49-8339-55bbab6b6107#1-t1, previous=(t:0, i:0), leaderCommit=-1, initializing? false, entries: size=1, first=(t:1, i:0), CONFIGURATIONENTRY
2019-09-27 09:16:48,364 [grpc-default-executor-2] INFO  impl.FollowerInfo (FollowerInfo.java:lambda$new$0(51)) - 4d5d320f-7099-447d-88bd-f0759179e632@group-0080225EE277->debaddba-7ce7-4ada-b450-9c5d896bdac5: nextIndex: updateUnconditionally 0 -> 0
2019-09-27 09:16:48,364 [grpc-default-executor-2] INFO  server.GrpcLogAppender (GrpcLogAppender.java:onCompleted(293)) - 4d5d320f-7099-447d-88bd-f0759179e632@group-0080225EE277->ac644bf3-7673-4e49-8339-55bbab6b6107-AppendLogResponseHandler: follower responses appendEntries COMPLETED
2019-09-27 09:16:48,365 [grpc-default-executor-2] INFO  impl.FollowerInfo (FollowerInfo.java:lambda$new$0(51)) - 4d5d320f-7099-447d-88bd-f0759179e632@group-0080225EE277->ac644bf3-7673-4e49-8339-55bbab6b6107: nextIndex: updateUnconditionally 1 -> 0
2019-09-27 09:16:48,375 [ac644bf3-7673-4e49-8339-55bbab6b6107@group-0080225EE277-SegmentedRaftLogWorker] INFO  segmented.SegmentedRaftLogWorker (SegmentedRaftLogWorker.java:execute(569)) - ac644bf3-7673-4e49-8339-55bbab6b6107@group-0080225EE277-SegmentedRaftLogWorker: created new log segment /workdir/hadoop-ozone/integration-test/target/test-dir/MiniOzoneClusterImpl-283270ba-aa50-4746-a1ea-b4b278bb6973/datanode-8/data/ratis/c342da81-c23f-48dd-9946-0080225ee277/current/log_inprogress_0
2019-09-27 09:16:48,379 [grpc-default-executor-1] INFO  impl.RaftServerImpl (RaftServerImpl.java:setRole(174)) - 4d5d320f-7099-447d-88bd-f0759179e632@group-0080225EE277: changes role from  FOLLOWER to FOLLOWER at term 2 for recognizeCandidate:debaddba-7ce7-4ada-b450-9c5d896bdac5
2019-09-27 09:16:48,379 [grpc-default-executor-1] INFO  impl.RoleInfo (RoleInfo.java:shutdownFollowerState(121)) - 4d5d320f-7099-447d-88bd-f0759179e632: shutdown FollowerState
2019-09-27 09:16:48,380 [grpc-default-executor-1] INFO  impl.RoleInfo (RoleInfo.java:updateAndGet(143)) - 4d5d320f-7099-447d-88bd-f0759179e632: start FollowerState
2019-09-27 09:16:48,380 [Thread-2333] INFO  impl.FollowerState (FollowerState.java:run(115)) - 4d5d320f-7099-447d-88bd-f0759179e632: FollowerState was interrupted: java.lang.InterruptedException: sleep interrupted
2019-09-27 09:16:48,814 [main] INFO  ipc.Client (Client.java:handleConnectionFailure(948)) - Retrying connect to server: localhost/127.0.0.1:0. Already tried 1 time(s); retry policy is RetryUpToMaximumCountWithFixedSleep(maxRetries=10, sleepTime=1000 MILLISECONDS)
2019-09-27 09:16:49,227 [Thread-2208] INFO  container.ReplicationManager (ReplicationManager.java:start(162)) - Starting Replication Monitor Thread.
2019-09-27 09:16:49,232 [ReplicationMonitor] INFO  container.ReplicationManager (ReplicationManager.java:run(225)) - Replication Monitor Thread took 0 milliseconds for processing 0 containers.
2019-09-27 09:16:49,305 [Thread-2323] INFO  impl.FollowerState (FollowerState.java:run(106)) - debaddba-7ce7-4ada-b450-9c5d896bdac5:group-0080225EE277 changes to CANDIDATE, lastRpcTime:1060, electionTimeout:1060ms
2019-09-27 09:16:49,306 [Thread-2323] INFO  impl.RoleInfo (RoleInfo.java:shutdownFollowerState(121)) - debaddba-7ce7-4ada-b450-9c5d896bdac5: shutdown FollowerState
2019-09-27 09:16:49,306 [Thread-2323] INFO  impl.RaftServerImpl (RaftServerImpl.java:setRole(174)) - debaddba-7ce7-4ada-b450-9c5d896bdac5@group-0080225EE277: changes role from  FOLLOWER to CANDIDATE at term 2 for changeToCandidate
2019-09-27 09:16:49,306 [Thread-2323] INFO  impl.RoleInfo (RoleInfo.java:updateAndGet(143)) - debaddba-7ce7-4ada-b450-9c5d896bdac5: start LeaderElection
2019-09-27 09:16:49,325 [debaddba-7ce7-4ada-b450-9c5d896bdac5@group-0080225EE277:LeaderElection46] INFO  impl.LeaderElection (LeaderElection.java:askForVotes(182)) - debaddba-7ce7-4ada-b450-9c5d896bdac5@group-0080225EE277:LeaderElection46: begin an election at term 3 for -1: [4d5d320f-7099-447d-88bd-f0759179e632:192.168.151.103:44930, ac644bf3-7673-4e49-8339-55bbab6b6107:192.168.151.103:33867, debaddba-7ce7-4ada-b450-9c5d896bdac5:192.168.151.103:37277], old=null
2019-09-27 09:16:49,331 [grpc-default-executor-1] INFO  impl.RaftServerImpl (RaftServerImpl.java:setRole(174)) - 4d5d320f-7099-447d-88bd-f0759179e632@group-0080225EE277: changes role from  FOLLOWER to FOLLOWER at term 3 for recognizeCandidate:debaddba-7ce7-4ada-b450-9c5d896bdac5
2019-09-27 09:16:49,334 [grpc-default-executor-0] INFO  impl.RaftServerImpl (RaftServerImpl.java:setRole(174)) - ac644bf3-7673-4e49-8339-55bbab6b6107@group-0080225EE277: changes role from  FOLLOWER to FOLLOWER at term 3 for recognizeCandidate:debaddba-7ce7-4ada-b450-9c5d896bdac5
2019-09-27 09:16:49,334 [grpc-default-executor-1] INFO  impl.RoleInfo (RoleInfo.java:shutdownFollowerState(121)) - 4d5d320f-7099-447d-88bd-f0759179e632: shutdown FollowerState
2019-09-27 09:16:49,334 [grpc-default-executor-0] INFO  impl.RoleInfo (RoleInfo.java:shutdownFollowerState(121)) - ac644bf3-7673-4e49-8339-55bbab6b6107: shutdown FollowerState
2019-09-27 09:16:49,334 [grpc-default-executor-1] INFO  impl.RoleInfo (RoleInfo.java:updateAndGet(143)) - 4d5d320f-7099-447d-88bd-f0759179e632: start FollowerState
2019-09-27 09:16:49,334 [Thread-2332] INFO  impl.FollowerState (FollowerState.java:run(115)) - ac644bf3-7673-4e49-8339-55bbab6b6107: FollowerState was interrupted: java.lang.InterruptedException: sleep interrupted
2019-09-27 09:16:49,334 [Thread-2334] INFO  impl.FollowerState (FollowerState.java:run(115)) - 4d5d320f-7099-447d-88bd-f0759179e632: FollowerState was interrupted: java.lang.InterruptedException: sleep interrupted
2019-09-27 09:16:49,334 [grpc-default-executor-0] INFO  impl.RoleInfo (RoleInfo.java:updateAndGet(143)) - ac644bf3-7673-4e49-8339-55bbab6b6107: start FollowerState
2019-09-27 09:16:49,357 [debaddba-7ce7-4ada-b450-9c5d896bdac5@group-0080225EE277:LeaderElection46] INFO  impl.LeaderElection (LeaderElection.java:logAndReturn(56)) - debaddba-7ce7-4ada-b450-9c5d896bdac5@group-0080225EE277:LeaderElection46: Election REJECTED; received 2 response(s) [debaddba-7ce7-4ada-b450-9c5d896bdac5<-4d5d320f-7099-447d-88bd-f0759179e632#0:FAIL-t3, debaddba-7ce7-4ada-b450-9c5d896bdac5<-ac644bf3-7673-4e49-8339-55bbab6b6107#0:FAIL-t3] and 0 exception(s); debaddba-7ce7-4ada-b450-9c5d896bdac5@group-0080225EE277:t3, leader=null, voted=debaddba-7ce7-4ada-b450-9c5d896bdac5, raftlog=debaddba-7ce7-4ada-b450-9c5d896bdac5@group-0080225EE277-SegmentedRaftLog:OPENED:c-1,f-1,i0, conf=-1: [4d5d320f-7099-447d-88bd-f0759179e632:192.168.151.103:44930, ac644bf3-7673-4e49-8339-55bbab6b6107:192.168.151.103:33867, debaddba-7ce7-4ada-b450-9c5d896bdac5:192.168.151.103:37277], old=null
2019-09-27 09:16:49,358 [debaddba-7ce7-4ada-b450-9c5d896bdac5@group-0080225EE277:LeaderElection46] INFO  impl.RaftServerImpl (RaftServerImpl.java:setRole(174)) - debaddba-7ce7-4ada-b450-9c5d896bdac5@group-0080225EE277: changes role from CANDIDATE to FOLLOWER at term 3 for DISCOVERED_A_NEW_TERM
2019-09-27 09:16:49,358 [debaddba-7ce7-4ada-b450-9c5d896bdac5@group-0080225EE277:LeaderElection46] INFO  impl.RoleInfo (RoleInfo.java:shutdownLeaderElection(134)) - debaddba-7ce7-4ada-b450-9c5d896bdac5: shutdown LeaderElection
2019-09-27 09:16:49,358 [debaddba-7ce7-4ada-b450-9c5d896bdac5@group-0080225EE277:LeaderElection46] INFO  impl.RoleInfo (RoleInfo.java:updateAndGet(143)) - debaddba-7ce7-4ada-b450-9c5d896bdac5: start FollowerState
2019-09-27 09:16:49,815 [main] INFO  ipc.Client (Client.java:handleConnectionFailure(948)) - Retrying connect to server: localhost/127.0.0.1:0. Already tried 2 time(s); retry policy is RetryUpToMaximumCountWithFixedSleep(maxRetries=10, sleepTime=1000 MILLISECONDS)
2019-09-27 09:16:50,430 [Thread-2350] INFO  impl.FollowerState (FollowerState.java:run(106)) - debaddba-7ce7-4ada-b450-9c5d896bdac5:group-0080225EE277 changes to CANDIDATE, lastRpcTime:1071, electionTimeout:1071ms
2019-09-27 09:16:50,430 [Thread-2350] INFO  impl.RoleInfo (RoleInfo.java:shutdownFollowerState(121)) - debaddba-7ce7-4ada-b450-9c5d896bdac5: shutdown FollowerState
2019-09-27 09:16:50,430 [Thread-2350] INFO  impl.RaftServerImpl (RaftServerImpl.java:setRole(174)) - debaddba-7ce7-4ada-b450-9c5d896bdac5@group-0080225EE277: changes role from  FOLLOWER to CANDIDATE at term 3 for changeToCandidate
2019-09-27 09:16:50,430 [Thread-2350] INFO  impl.RoleInfo (RoleInfo.java:updateAndGet(143)) - debaddba-7ce7-4ada-b450-9c5d896bdac5: start LeaderElection
2019-09-27 09:16:50,444 [Thread-2349] INFO  impl.FollowerState (FollowerState.java:run(106)) - ac644bf3-7673-4e49-8339-55bbab6b6107:group-0080225EE277 changes to CANDIDATE, lastRpcTime:1109, electionTimeout:1101ms
2019-09-27 09:16:50,444 [Thread-2349] INFO  impl.RoleInfo (RoleInfo.java:shutdownFollowerState(121)) - ac644bf3-7673-4e49-8339-55bbab6b6107: shutdown FollowerState
2019-09-27 09:16:50,445 [Thread-2349] INFO  impl.RaftServerImpl (RaftServerImpl.java:setRole(174)) - ac644bf3-7673-4e49-8339-55bbab6b6107@group-0080225EE277: changes role from  FOLLOWER to CANDIDATE at term 3 for changeToCandidate
2019-09-27 09:16:50,445 [Thread-2349] INFO  impl.RoleInfo (RoleInfo.java:updateAndGet(143)) - ac644bf3-7673-4e49-8339-55bbab6b6107: start LeaderElection
2019-09-27 09:16:50,449 [debaddba-7ce7-4ada-b450-9c5d896bdac5@group-0080225EE277:LeaderElection47] INFO  impl.LeaderElection (LeaderElection.java:askForVotes(182)) - debaddba-7ce7-4ada-b450-9c5d896bdac5@group-0080225EE277:LeaderElection47: begin an election at term 4 for -1: [4d5d320f-7099-447d-88bd-f0759179e632:192.168.151.103:44930, ac644bf3-7673-4e49-8339-55bbab6b6107:192.168.151.103:33867, debaddba-7ce7-4ada-b450-9c5d896bdac5:192.168.151.103:37277], old=null
2019-09-27 09:16:50,455 [grpc-default-executor-0] INFO  impl.RaftServerImpl (RaftServerImpl.java:setRole(174)) - 4d5d320f-7099-447d-88bd-f0759179e632@group-0080225EE277: changes role from  FOLLOWER to FOLLOWER at term 4 for recognizeCandidate:debaddba-7ce7-4ada-b450-9c5d896bdac5
2019-09-27 09:16:50,455 [grpc-default-executor-0] INFO  impl.RoleInfo (RoleInfo.java:shutdownFollowerState(121)) - 4d5d320f-7099-447d-88bd-f0759179e632: shutdown FollowerState
2019-09-27 09:16:50,455 [grpc-default-executor-0] INFO  impl.RoleInfo (RoleInfo.java:updateAndGet(143)) - 4d5d320f-7099-447d-88bd-f0759179e632: start FollowerState
2019-09-27 09:16:50,455 [Thread-2348] INFO  impl.FollowerState (FollowerState.java:run(115)) - 4d5d320f-7099-447d-88bd-f0759179e632: FollowerState was interrupted: java.lang.InterruptedException: sleep interrupted
2019-09-27 09:16:50,463 [ac644bf3-7673-4e49-8339-55bbab6b6107@group-0080225EE277:LeaderElection48] INFO  impl.LeaderElection (LeaderElection.java:askForVotes(182)) - ac644bf3-7673-4e49-8339-55bbab6b6107@group-0080225EE277:LeaderElection48: begin an election at term 4 for 0: [4d5d320f-7099-447d-88bd-f0759179e632:192.168.151.103:44930, ac644bf3-7673-4e49-8339-55bbab6b6107:192.168.151.103:33867, debaddba-7ce7-4ada-b450-9c5d896bdac5:192.168.151.103:37277], old=null
2019-09-27 09:16:50,464 [debaddba-7ce7-4ada-b450-9c5d896bdac5@group-0080225EE277:LeaderElection47] INFO  impl.LeaderElection (LeaderElection.java:logAndReturn(56)) - debaddba-7ce7-4ada-b450-9c5d896bdac5@group-0080225EE277:LeaderElection47: Election REJECTED; received 2 response(s) [debaddba-7ce7-4ada-b450-9c5d896bdac5<-4d5d320f-7099-447d-88bd-f0759179e632#0:FAIL-t4, debaddba-7ce7-4ada-b450-9c5d896bdac5<-ac644bf3-7673-4e49-8339-55bbab6b6107#0:FAIL-t4] and 0 exception(s); debaddba-7ce7-4ada-b450-9c5d896bdac5@group-0080225EE277:t4, leader=null, voted=debaddba-7ce7-4ada-b450-9c5d896bdac5, raftlog=debaddba-7ce7-4ada-b450-9c5d896bdac5@group-0080225EE277-SegmentedRaftLog:OPENED:c-1,f-1,i0, conf=-1: [4d5d320f-7099-447d-88bd-f0759179e632:192.168.151.103:44930, ac644bf3-7673-4e49-8339-55bbab6b6107:192.168.151.103:33867, debaddba-7ce7-4ada-b450-9c5d896bdac5:192.168.151.103:37277], old=null
2019-09-27 09:16:50,464 [debaddba-7ce7-4ada-b450-9c5d896bdac5@group-0080225EE277:LeaderElection47] INFO  impl.RaftServerImpl (RaftServerImpl.java:setRole(174)) - debaddba-7ce7-4ada-b450-9c5d896bdac5@group-0080225EE277: changes role from CANDIDATE to FOLLOWER at term 4 for DISCOVERED_A_NEW_TERM
2019-09-27 09:16:50,465 [debaddba-7ce7-4ada-b450-9c5d896bdac5@group-0080225EE277:LeaderElection47] INFO  impl.RoleInfo (RoleInfo.java:shutdownLeaderElection(134)) - debaddba-7ce7-4ada-b450-9c5d896bdac5: shutdown LeaderElection
2019-09-27 09:16:50,465 [debaddba-7ce7-4ada-b450-9c5d896bdac5@group-0080225EE277:LeaderElection47] INFO  impl.RoleInfo (RoleInfo.java:updateAndGet(143)) - debaddba-7ce7-4ada-b450-9c5d896bdac5: start FollowerState
2019-09-27 09:16:50,473 [grpc-default-executor-0] INFO  impl.RaftServerImpl (RaftServerImpl.java:setRole(174)) - 4d5d320f-7099-447d-88bd-f0759179e632@group-0080225EE277: changes role from  FOLLOWER to FOLLOWER at term 4 for recognizeCandidate:ac644bf3-7673-4e49-8339-55bbab6b6107
2019-09-27 09:16:50,476 [grpc-default-executor-0] INFO  impl.RoleInfo (RoleInfo.java:shutdownFollowerState(121)) - 4d5d320f-7099-447d-88bd-f0759179e632: shutdown FollowerState
2019-09-27 09:16:50,476 [grpc-default-executor-0] INFO  impl.RoleInfo (RoleInfo.java:updateAndGet(143)) - 4d5d320f-7099-447d-88bd-f0759179e632: start FollowerState
2019-09-27 09:16:50,477 [Thread-2363] INFO  impl.FollowerState (FollowerState.java:run(115)) - 4d5d320f-7099-447d-88bd-f0759179e632: FollowerState was interrupted: java.lang.InterruptedException: sleep interrupted
2019-09-27 09:16:50,496 [ac644bf3-7673-4e49-8339-55bbab6b6107@group-0080225EE277:LeaderElection48] INFO  impl.LeaderElection (LeaderElection.java:logAndReturn(56)) - ac644bf3-7673-4e49-8339-55bbab6b6107@group-0080225EE277:LeaderElection48: Election PASSED; received 2 response(s) [ac644bf3-7673-4e49-8339-55bbab6b6107<-4d5d320f-7099-447d-88bd-f0759179e632#0:OK-t4, ac644bf3-7673-4e49-8339-55bbab6b6107<-debaddba-7ce7-4ada-b450-9c5d896bdac5#0:FAIL-t4] and 0 exception(s); ac644bf3-7673-4e49-8339-55bbab6b6107@group-0080225EE277:t4, leader=null, voted=ac644bf3-7673-4e49-8339-55bbab6b6107, raftlog=ac644bf3-7673-4e49-8339-55bbab6b6107@group-0080225EE277-SegmentedRaftLog:OPENED:c-1,f0,i0, conf=0: [4d5d320f-7099-447d-88bd-f0759179e632:192.168.151.103:44930, ac644bf3-7673-4e49-8339-55bbab6b6107:192.168.151.103:33867, debaddba-7ce7-4ada-b450-9c5d896bdac5:192.168.151.103:37277], old=null
2019-09-27 09:16:50,496 [ac644bf3-7673-4e49-8339-55bbab6b6107@group-0080225EE277:LeaderElection48] INFO  impl.RoleInfo (RoleInfo.java:shutdownLeaderElection(134)) - ac644bf3-7673-4e49-8339-55bbab6b6107: shutdown LeaderElection
2019-09-27 09:16:50,496 [ac644bf3-7673-4e49-8339-55bbab6b6107@group-0080225EE277:LeaderElection48] INFO  impl.RaftServerImpl (RaftServerImpl.java:setRole(174)) - ac644bf3-7673-4e49-8339-55bbab6b6107@group-0080225EE277: changes role from CANDIDATE to LEADER at term 4 for changeToLeader
2019-09-27 09:16:50,497 [ac644bf3-7673-4e49-8339-55bbab6b6107@group-0080225EE277:LeaderElection48] INFO  impl.RaftServerImpl (ServerState.java:setLeader(253)) - ac644bf3-7673-4e49-8339-55bbab6b6107@group-0080225EE277: change Leader from null to ac644bf3-7673-4e49-8339-55bbab6b6107 at term 4 for becomeLeader, leader elected after 2171ms
2019-09-27 09:16:50,497 [ac644bf3-7673-4e49-8339-55bbab6b6107@group-0080225EE277:LeaderElection48] INFO  server.RaftServerConfigKeys (ConfUtils.java:logGet(43)) - raft.server.staging.catchup.gap = 1000 (default)
2019-09-27 09:16:50,497 [ac644bf3-7673-4e49-8339-55bbab6b6107@group-0080225EE277:LeaderElection48] INFO  server.RaftServerConfigKeys (ConfUtils.java:logGet(43)) - raft.server.rpc.sleep.time = 25ms (default)
2019-09-27 09:16:50,497 [ac644bf3-7673-4e49-8339-55bbab6b6107@group-0080225EE277:LeaderElection48] INFO  server.RaftServerConfigKeys (ConfUtils.java:logGet(43)) - raft.server.write.element-limit = 4096 (default)
2019-09-27 09:16:50,497 [ac644bf3-7673-4e49-8339-55bbab6b6107@group-0080225EE277:LeaderElection48] INFO  server.RaftServerConfigKeys (ConfUtils.java:logGet(43)) - raft.server.watch.timeout = 10s (default)
2019-09-27 09:16:50,497 [ac644bf3-7673-4e49-8339-55bbab6b6107@group-0080225EE277:LeaderElection48] INFO  server.RaftServerConfigKeys (ConfUtils.java:logGet(43)) - raft.server.watch.timeout.denomination = 1s (default)
2019-09-27 09:16:50,498 [ac644bf3-7673-4e49-8339-55bbab6b6107@group-0080225EE277:LeaderElection48] INFO  server.RaftServerConfigKeys (ConfUtils.java:logGet(43)) - raft.server.watch.element-limit = 65536 (default)
2019-09-27 09:16:50,500 [ac644bf3-7673-4e49-8339-55bbab6b6107@group-0080225EE277:LeaderElection48] INFO  server.RaftServerConfigKeys (ConfUtils.java:logGet(43)) - raft.server.log.appender.snapshot.chunk.size.max = 16MB (=16777216) (default)
2019-09-27 09:16:50,500 [ac644bf3-7673-4e49-8339-55bbab6b6107@group-0080225EE277:LeaderElection48] INFO  server.RaftServerConfigKeys (ConfUtils.java:logGet(43)) - raft.server.log.appender.buffer.byte-limit = 33554432 (custom)
2019-09-27 09:16:50,500 [ac644bf3-7673-4e49-8339-55bbab6b6107@group-0080225EE277:LeaderElection48] INFO  server.RaftServerConfigKeys (ConfUtils.java:logGet(43)) - raft.server.log.appender.buffer.element-limit = 1 (custom)
2019-09-27 09:16:50,501 [ac644bf3-7673-4e49-8339-55bbab6b6107@group-0080225EE277:LeaderElection48] INFO  grpc.GrpcConfigKeys$Server (ConfUtils.java:logGet(43)) - raft.grpc.server.leader.outstanding.appends.max = 128 (default)
2019-09-27 09:16:50,501 [ac644bf3-7673-4e49-8339-55bbab6b6107@group-0080225EE277:LeaderElection48] INFO  server.RaftServerConfigKeys (ConfUtils.java:logGet(43)) - raft.server.rpc.request.timeout = 3000ms (default)
2019-09-27 09:16:50,501 [ac644bf3-7673-4e49-8339-55bbab6b6107@group-0080225EE277:LeaderElection48] INFO  server.RaftServerConfigKeys (ConfUtils.java:logGet(43)) - raft.server.log.appender.install.snapshot.enabled = false (custom)
2019-09-27 09:16:50,501 [ac644bf3-7673-4e49-8339-55bbab6b6107@group-0080225EE277:LeaderElection48] INFO  server.RaftServerConfigKeys (ConfUtils.java:logGet(43)) - raft.server.log.appender.snapshot.chunk.size.max = 16MB (=16777216) (default)
2019-09-27 09:16:50,502 [ac644bf3-7673-4e49-8339-55bbab6b6107@group-0080225EE277:LeaderElection48] INFO  server.RaftServerConfigKeys (ConfUtils.java:logGet(43)) - raft.server.log.appender.buffer.byte-limit = 33554432 (custom)
2019-09-27 09:16:50,502 [ac644bf3-7673-4e49-8339-55bbab6b6107@group-0080225EE277:LeaderElection48] INFO  server.RaftServerConfigKeys (ConfUtils.java:logGet(43)) - raft.server.log.appender.buffer.element-limit = 1 (custom)
2019-09-27 09:16:50,502 [ac644bf3-7673-4e49-8339-55bbab6b6107@group-0080225EE277:LeaderElection48] INFO  grpc.GrpcConfigKeys$Server (ConfUtils.java:logGet(43)) - raft.grpc.server.leader.outstanding.appends.max = 128 (default)
2019-09-27 09:16:50,502 [ac644bf3-7673-4e49-8339-55bbab6b6107@group-0080225EE277:LeaderElection48] INFO  server.RaftServerConfigKeys (ConfUtils.java:logGet(43)) - raft.server.rpc.request.timeout = 3000ms (default)
2019-09-27 09:16:50,503 [ac644bf3-7673-4e49-8339-55bbab6b6107@group-0080225EE277:LeaderElection48] INFO  server.RaftServerConfigKeys (ConfUtils.java:logGet(43)) - raft.server.log.appender.install.snapshot.enabled = false (custom)
2019-09-27 09:16:50,503 [ac644bf3-7673-4e49-8339-55bbab6b6107@group-0080225EE277:LeaderElection48] INFO  impl.RoleInfo (RoleInfo.java:updateAndGet(143)) - ac644bf3-7673-4e49-8339-55bbab6b6107: start LeaderState
2019-09-27 09:16:50,503 [ac644bf3-7673-4e49-8339-55bbab6b6107@group-0080225EE277:LeaderElection48] INFO  segmented.SegmentedRaftLogWorker (SegmentedRaftLogWorker.java:rollLogSegment(385)) - ac644bf3-7673-4e49-8339-55bbab6b6107@group-0080225EE277-SegmentedRaftLogWorker: Rolling segment log-0_0 to index:0
2019-09-27 09:16:50,504 [ac644bf3-7673-4e49-8339-55bbab6b6107@group-0080225EE277-SegmentedRaftLogWorker] INFO  segmented.SegmentedRaftLogWorker (SegmentedRaftLogWorker.java:execute(526)) - ac644bf3-7673-4e49-8339-55bbab6b6107@group-0080225EE277-SegmentedRaftLogWorker: Rolled log segment from /workdir/hadoop-ozone/integration-test/target/test-dir/MiniOzoneClusterImpl-283270ba-aa50-4746-a1ea-b4b278bb6973/datanode-8/data/ratis/c342da81-c23f-48dd-9946-0080225ee277/current/log_inprogress_0 to /workdir/hadoop-ozone/integration-test/target/test-dir/MiniOzoneClusterImpl-283270ba-aa50-4746-a1ea-b4b278bb6973/datanode-8/data/ratis/c342da81-c23f-48dd-9946-0080225ee277/current/log_0-0
2019-09-27 09:16:50,504 [ac644bf3-7673-4e49-8339-55bbab6b6107@group-0080225EE277:LeaderElection48] INFO  impl.RaftServerImpl (ServerState.java:setRaftConf(354)) - ac644bf3-7673-4e49-8339-55bbab6b6107@group-0080225EE277: set configuration 1: [4d5d320f-7099-447d-88bd-f0759179e632:192.168.151.103:44930, ac644bf3-7673-4e49-8339-55bbab6b6107:192.168.151.103:33867, debaddba-7ce7-4ada-b450-9c5d896bdac5:192.168.151.103:37277], old=null at 1
2019-09-27 09:16:50,508 [grpc-default-executor-0] INFO  impl.RaftServerImpl (ServerState.java:setLeader(253)) - debaddba-7ce7-4ada-b450-9c5d896bdac5@group-0080225EE277: change Leader from null to ac644bf3-7673-4e49-8339-55bbab6b6107 at term 4 for appendEntries, leader elected after 3405ms
2019-09-27 09:16:50,547 [grpc-default-executor-3] INFO  impl.RaftServerImpl (ServerState.java:setLeader(253)) - 4d5d320f-7099-447d-88bd-f0759179e632@group-0080225EE277: change Leader from null to ac644bf3-7673-4e49-8339-55bbab6b6107 at term 4 for appendEntries, leader elected after 2243ms
2019-09-27 09:16:50,547 [grpc-default-executor-0] INFO  impl.RaftServerImpl (RaftServerImpl.java:checkInconsistentAppendEntries(1003)) - debaddba-7ce7-4ada-b450-9c5d896bdac5@group-0080225EE277: Failed appendEntries as previous log entry ((t:1, i:0)) is not found
2019-09-27 09:16:50,548 [grpc-default-executor-0] INFO  impl.RaftServerImpl (RaftServerImpl.java:checkInconsistentAppendEntries(976)) - debaddba-7ce7-4ada-b450-9c5d896bdac5@group-0080225EE277: inconsistency entries. Reply:ac644bf3-7673-4e49-8339-55bbab6b6107<-debaddba-7ce7-4ada-b450-9c5d896bdac5#0:FAIL,INCONSISTENCY,nextIndex:0,term:4,followerCommit:-1
2019-09-27 09:16:50,550 [grpc-default-executor-3] INFO  impl.RaftServerImpl (ServerState.java:setRaftConf(354)) - 4d5d320f-7099-447d-88bd-f0759179e632@group-0080225EE277: set configuration 1: [4d5d320f-7099-447d-88bd-f0759179e632:192.168.151.103:44930, ac644bf3-7673-4e49-8339-55bbab6b6107:192.168.151.103:33867, debaddba-7ce7-4ada-b450-9c5d896bdac5:192.168.151.103:37277], old=null at 1
2019-09-27 09:16:50,550 [grpc-default-executor-0] INFO  impl.FollowerInfo (FollowerInfo.java:lambda$new$0(51)) - ac644bf3-7673-4e49-8339-55bbab6b6107@group-0080225EE277->debaddba-7ce7-4ada-b450-9c5d896bdac5: nextIndex: updateUnconditionally 1 -> 0
2019-09-27 09:16:50,550 [grpc-default-executor-3] INFO  segmented.SegmentedRaftLogWorker (SegmentedRaftLogWorker.java:rollLogSegment(385)) - 4d5d320f-7099-447d-88bd-f0759179e632@group-0080225EE277-SegmentedRaftLogWorker: Rolling segment log-0_0 to index:0
2019-09-27 09:16:50,551 [grpc-default-executor-3] INFO  impl.RaftServerImpl (ServerState.java:setRaftConf(354)) - debaddba-7ce7-4ada-b450-9c5d896bdac5@group-0080225EE277: set configuration 0: [4d5d320f-7099-447d-88bd-f0759179e632:192.168.151.103:44930, ac644bf3-7673-4e49-8339-55bbab6b6107:192.168.151.103:33867, debaddba-7ce7-4ada-b450-9c5d896bdac5:192.168.151.103:37277], old=null at 0
2019-09-27 09:16:50,551 [4d5d320f-7099-447d-88bd-f0759179e632@group-0080225EE277-SegmentedRaftLogWorker] INFO  segmented.SegmentedRaftLogWorker (SegmentedRaftLogWorker.java:execute(526)) - 4d5d320f-7099-447d-88bd-f0759179e632@group-0080225EE277-SegmentedRaftLogWorker: Rolled log segment from /workdir/hadoop-ozone/integration-test/target/test-dir/MiniOzoneClusterImpl-283270ba-aa50-4746-a1ea-b4b278bb6973/datanode-9/data/ratis/c342da81-c23f-48dd-9946-0080225ee277/current/log_inprogress_0 to /workdir/hadoop-ozone/integration-test/target/test-dir/MiniOzoneClusterImpl-283270ba-aa50-4746-a1ea-b4b278bb6973/datanode-9/data/ratis/c342da81-c23f-48dd-9946-0080225ee277/current/log_0-0
2019-09-27 09:16:50,551 [grpc-default-executor-3] INFO  segmented.SegmentedRaftLogWorker (SegmentedRaftLogWorker.java:startLogSegment(380)) - debaddba-7ce7-4ada-b450-9c5d896bdac5@group-0080225EE277-SegmentedRaftLogWorker: Starting segment from index:0
2019-09-27 09:16:50,552 [grpc-default-executor-3] INFO  impl.RaftServerImpl (ServerState.java:setRaftConf(354)) - debaddba-7ce7-4ada-b450-9c5d896bdac5@group-0080225EE277: set configuration 1: [4d5d320f-7099-447d-88bd-f0759179e632:192.168.151.103:44930, ac644bf3-7673-4e49-8339-55bbab6b6107:192.168.151.103:33867, debaddba-7ce7-4ada-b450-9c5d896bdac5:192.168.151.103:37277], old=null at 1
2019-09-27 09:16:50,552 [grpc-default-executor-3] INFO  segmented.SegmentedRaftLogWorker (SegmentedRaftLogWorker.java:rollLogSegment(385)) - debaddba-7ce7-4ada-b450-9c5d896bdac5@group-0080225EE277-SegmentedRaftLogWorker: Rolling segment log-0_0 to index:0
2019-09-27 09:16:50,572 [ac644bf3-7673-4e49-8339-55bbab6b6107@group-0080225EE277-SegmentedRaftLogWorker] INFO  segmented.SegmentedRaftLogWorker (SegmentedRaftLogWorker.java:execute(569)) - ac644bf3-7673-4e49-8339-55bbab6b6107@group-0080225EE277-SegmentedRaftLogWorker: created new log segment /workdir/hadoop-ozone/integration-test/target/test-dir/MiniOzoneClusterImpl-283270ba-aa50-4746-a1ea-b4b278bb6973/datanode-8/data/ratis/c342da81-c23f-48dd-9946-0080225ee277/current/log_inprogress_1
2019-09-27 09:16:50,627 [4d5d320f-7099-447d-88bd-f0759179e632@group-0080225EE277-SegmentedRaftLogWorker] INFO  segmented.SegmentedRaftLogWorker (SegmentedRaftLogWorker.java:execute(569)) - 4d5d320f-7099-447d-88bd-f0759179e632@group-0080225EE277-SegmentedRaftLogWorker: created new log segment /workdir/hadoop-ozone/integration-test/target/test-dir/MiniOzoneClusterImpl-283270ba-aa50-4746-a1ea-b4b278bb6973/datanode-9/data/ratis/c342da81-c23f-48dd-9946-0080225ee277/current/log_inprogress_1
2019-09-27 09:16:50,627 [debaddba-7ce7-4ada-b450-9c5d896bdac5@group-0080225EE277-SegmentedRaftLogWorker] INFO  segmented.SegmentedRaftLogWorker (SegmentedRaftLogWorker.java:execute(569)) - debaddba-7ce7-4ada-b450-9c5d896bdac5@group-0080225EE277-SegmentedRaftLogWorker: created new log segment /workdir/hadoop-ozone/integration-test/target/test-dir/MiniOzoneClusterImpl-283270ba-aa50-4746-a1ea-b4b278bb6973/datanode-7/data/ratis/c342da81-c23f-48dd-9946-0080225ee277/current/log_inprogress_0
2019-09-27 09:16:50,629 [debaddba-7ce7-4ada-b450-9c5d896bdac5@group-0080225EE277-SegmentedRaftLogWorker] INFO  segmented.SegmentedRaftLogWorker (SegmentedRaftLogWorker.java:execute(526)) - debaddba-7ce7-4ada-b450-9c5d896bdac5@group-0080225EE277-SegmentedRaftLogWorker: Rolled log segment from /workdir/hadoop-ozone/integration-test/target/test-dir/MiniOzoneClusterImpl-283270ba-aa50-4746-a1ea-b4b278bb6973/datanode-7/data/ratis/c342da81-c23f-48dd-9946-0080225ee277/current/log_inprogress_0 to /workdir/hadoop-ozone/integration-test/target/test-dir/MiniOzoneClusterImpl-283270ba-aa50-4746-a1ea-b4b278bb6973/datanode-7/data/ratis/c342da81-c23f-48dd-9946-0080225ee277/current/log_0-0
2019-09-27 09:16:50,677 [debaddba-7ce7-4ada-b450-9c5d896bdac5@group-0080225EE277-SegmentedRaftLogWorker] INFO  segmented.SegmentedRaftLogWorker (SegmentedRaftLogWorker.java:execute(569)) - debaddba-7ce7-4ada-b450-9c5d896bdac5@group-0080225EE277-SegmentedRaftLogWorker: created new log segment /workdir/hadoop-ozone/integration-test/target/test-dir/MiniOzoneClusterImpl-283270ba-aa50-4746-a1ea-b4b278bb6973/datanode-7/data/ratis/c342da81-c23f-48dd-9946-0080225ee277/current/log_inprogress_1
2019-09-27 09:16:50,822 [main] INFO  ipc.Client (Client.java:handleConnectionFailure(948)) - Retrying connect to server: localhost/127.0.0.1:0. Already tried 3 time(s); retry policy is RetryUpToMaximumCountWithFixedSleep(maxRetries=10, sleepTime=1000 MILLISECONDS)
2019-09-27 09:16:51,823 [main] INFO  ipc.Client (Client.java:handleConnectionFailure(948)) - Retrying connect to server: localhost/127.0.0.1:0. Already tried 4 time(s); retry policy is RetryUpToMaximumCountWithFixedSleep(maxRetries=10, sleepTime=1000 MILLISECONDS)
2019-09-27 09:16:52,824 [main] INFO  ipc.Client (Client.java:handleConnectionFailure(948)) - Retrying connect to server: localhost/127.0.0.1:0. Already tried 5 time(s); retry policy is RetryUpToMaximumCountWithFixedSleep(maxRetries=10, sleepTime=1000 MILLISECONDS)
2019-09-27 09:16:53,826 [main] INFO  ipc.Client (Client.java:handleConnectionFailure(948)) - Retrying connect to server: localhost/127.0.0.1:0. Already tried 6 time(s); retry policy is RetryUpToMaximumCountWithFixedSleep(maxRetries=10, sleepTime=1000 MILLISECONDS)
2019-09-27 09:16:54,827 [main] INFO  ipc.Client (Client.java:handleConnectionFailure(948)) - Retrying connect to server: localhost/127.0.0.1:0. Already tried 7 time(s); retry policy is RetryUpToMaximumCountWithFixedSleep(maxRetries=10, sleepTime=1000 MILLISECONDS)
2019-09-27 09:16:55,829 [main] INFO  ipc.Client (Client.java:handleConnectionFailure(948)) - Retrying connect to server: localhost/127.0.0.1:0. Already tried 8 time(s); retry policy is RetryUpToMaximumCountWithFixedSleep(maxRetries=10, sleepTime=1000 MILLISECONDS)
2019-09-27 09:16:56,830 [main] INFO  ipc.Client (Client.java:handleConnectionFailure(948)) - Retrying connect to server: localhost/127.0.0.1:0. Already tried 9 time(s); retry policy is RetryUpToMaximumCountWithFixedSleep(maxRetries=10, sleepTime=1000 MILLISECONDS)
2019-09-27 09:16:57,833 [main] INFO  ipc.Client (Client.java:handleConnectionFailure(948)) - Retrying connect to server: localhost/127.0.0.1:0. Already tried 0 time(s); retry policy is RetryUpToMaximumCountWithFixedSleep(maxRetries=10, sleepTime=1000 MILLISECONDS)
2019-09-27 09:16:58,834 [main] INFO  ipc.Client (Client.java:handleConnectionFailure(948)) - Retrying connect to server: localhost/127.0.0.1:0. Already tried 1 time(s); retry policy is RetryUpToMaximumCountWithFixedSleep(maxRetries=10, sleepTime=1000 MILLISECONDS)
2019-09-27 09:16:59,836 [main] INFO  ipc.Client (Client.java:handleConnectionFailure(948)) - Retrying connect to server: localhost/127.0.0.1:0. Already tried 2 time(s); retry policy is RetryUpToMaximumCountWithFixedSleep(maxRetries=10, sleepTime=1000 MILLISECONDS)
2019-09-27 09:17:00,837 [main] INFO  ipc.Client (Client.java:handleConnectionFailure(948)) - Retrying connect to server: localhost/127.0.0.1:0. Already tried 3 time(s); retry policy is RetryUpToMaximumCountWithFixedSleep(maxRetries=10, sleepTime=1000 MILLISECONDS)
2019-09-27 09:17:01,839 [main] INFO  ipc.Client (Client.java:handleConnectionFailure(948)) - Retrying connect to server: localhost/127.0.0.1:0. Already tried 4 time(s); retry policy is RetryUpToMaximumCountWithFixedSleep(maxRetries=10, sleepTime=1000 MILLISECONDS)
2019-09-27 09:17:02,840 [main] INFO  ipc.Client (Client.java:handleConnectionFailure(948)) - Retrying connect to server: localhost/127.0.0.1:0. Already tried 5 time(s); retry policy is RetryUpToMaximumCountWithFixedSleep(maxRetries=10, sleepTime=1000 MILLISECONDS)
2019-09-27 09:17:03,841 [main] INFO  ipc.Client (Client.java:handleConnectionFailure(948)) - Retrying connect to server: localhost/127.0.0.1:0. Already tried 6 time(s); retry policy is RetryUpToMaximumCountWithFixedSleep(maxRetries=10, sleepTime=1000 MILLISECONDS)
2019-09-27 09:17:04,844 [main] INFO  ipc.Client (Client.java:handleConnectionFailure(948)) - Retrying connect to server: localhost/127.0.0.1:0. Already tried 7 time(s); retry policy is RetryUpToMaximumCountWithFixedSleep(maxRetries=10, sleepTime=1000 MILLISECONDS)
2019-09-27 09:17:05,845 [main] INFO  ipc.Client (Client.java:handleConnectionFailure(948)) - Retrying connect to server: localhost/127.0.0.1:0. Already tried 8 time(s); retry policy is RetryUpToMaximumCountWithFixedSleep(maxRetries=10, sleepTime=1000 MILLISECONDS)
2019-09-27 09:17:06,847 [main] INFO  ipc.Client (Client.java:handleConnectionFailure(948)) - Retrying connect to server: localhost/127.0.0.1:0. Already tried 9 time(s); retry policy is RetryUpToMaximumCountWithFixedSleep(maxRetries=10, sleepTime=1000 MILLISECONDS)
2019-09-27 09:17:06,848 [main] INFO  retry.RetryInvocationHandler (RetryInvocationHandler.java:log(411)) - com.google.protobuf.ServiceException: java.net.ConnectException: Your endpoint configuration is wrong; For more details see:  http://wiki.apache.org/hadoop/UnsetHostnameOrPort, while invoking $Proxy35.submitRequest over nodeId=null,nodeAddress=127.0.0.1:0 after 1 failover attempts. Trying to failover immediately.
2019-09-27 09:17:07,849 [main] INFO  ipc.Client (Client.java:handleConnectionFailure(948)) - Retrying connect to server: localhost/127.0.0.1:0. Already tried 0 time(s); retry policy is RetryUpToMaximumCountWithFixedSleep(maxRetries=10, sleepTime=1000 MILLISECONDS)
2019-09-27 09:17:08,850 [main] INFO  ipc.Client (Client.java:handleConnectionFailure(948)) - Retrying connect to server: localhost/127.0.0.1:0. Already tried 1 time(s); retry policy is RetryUpToMaximumCountWithFixedSleep(maxRetries=10, sleepTime=1000 MILLISECONDS)
2019-09-27 09:17:09,851 [main] INFO  ipc.Client (Client.java:handleConnectionFailure(948)) - Retrying connect to server: localhost/127.0.0.1:0. Already tried 2 time(s); retry policy is RetryUpToMaximumCountWithFixedSleep(maxRetries=10, sleepTime=1000 MILLISECONDS)
2019-09-27 09:17:10,853 [main] INFO  ipc.Client (Client.java:handleConnectionFailure(948)) - Retrying connect to server: localhost/127.0.0.1:0. Already tried 3 time(s); retry policy is RetryUpToMaximumCountWithFixedSleep(maxRetries=10, sleepTime=1000 MILLISECONDS)
2019-09-27 09:17:11,854 [main] INFO  ipc.Client (Client.java:handleConnectionFailure(948)) - Retrying connect to server: localhost/127.0.0.1:0. Already tried 4 time(s); retry policy is RetryUpToMaximumCountWithFixedSleep(maxRetries=10, sleepTime=1000 MILLISECONDS)
2019-09-27 09:17:12,855 [main] INFO  ipc.Client (Client.java:handleConnectionFailure(948)) - Retrying connect to server: localhost/127.0.0.1:0. Already tried 5 time(s); retry policy is RetryUpToMaximumCountWithFixedSleep(maxRetries=10, sleepTime=1000 MILLISECONDS)
2019-09-27 09:17:13,856 [main] INFO  ipc.Client (Client.java:handleConnectionFailure(948)) - Retrying connect to server: localhost/127.0.0.1:0. Already tried 6 time(s); retry policy is RetryUpToMaximumCountWithFixedSleep(maxRetries=10, sleepTime=1000 MILLISECONDS)
2019-09-27 09:17:14,857 [main] INFO  ipc.Client (Client.java:handleConnectionFailure(948)) - Retrying connect to server: localhost/127.0.0.1:0. Already tried 7 time(s); retry policy is RetryUpToMaximumCountWithFixedSleep(maxRetries=10, sleepTime=1000 MILLISECONDS)
2019-09-27 09:17:15,858 [main] INFO  ipc.Client (Client.java:handleConnectionFailure(948)) - Retrying connect to server: localhost/127.0.0.1:0. Already tried 8 time(s); retry policy is RetryUpToMaximumCountWithFixedSleep(maxRetries=10, sleepTime=1000 MILLISECONDS)
2019-09-27 09:17:16,859 [main] INFO  ipc.Client (Client.java:handleConnectionFailure(948)) - Retrying connect to server: localhost/127.0.0.1:0. Already tried 9 time(s); retry policy is RetryUpToMaximumCountWithFixedSleep(maxRetries=10, sleepTime=1000 MILLISECONDS)
2019-09-27 09:17:16,861 [main] INFO  retry.RetryInvocationHandler (RetryInvocationHandler.java:log(411)) - com.google.protobuf.ServiceException: java.net.ConnectException: Your endpoint configuration is wrong; For more details see:  http://wiki.apache.org/hadoop/UnsetHostnameOrPort, while invoking $Proxy35.submitRequest over nodeId=null,nodeAddress=127.0.0.1:0 after 2 failover attempts. Trying to failover immediately.
2019-09-27 09:17:17,862 [main] INFO  ipc.Client (Client.java:handleConnectionFailure(948)) - Retrying connect to server: localhost/127.0.0.1:0. Already tried 0 time(s); retry policy is RetryUpToMaximumCountWithFixedSleep(maxRetries=10, sleepTime=1000 MILLISECONDS)
2019-09-27 09:17:18,863 [main] INFO  ipc.Client (Client.java:handleConnectionFailure(948)) - Retrying connect to server: localhost/127.0.0.1:0. Already tried 1 time(s); retry policy is RetryUpToMaximumCountWithFixedSleep(maxRetries=10, sleepTime=1000 MILLISECONDS)
2019-09-27 09:17:19,865 [main] INFO  ipc.Client (Client.java:handleConnectionFailure(948)) - Retrying connect to server: localhost/127.0.0.1:0. Already tried 2 time(s); retry policy is RetryUpToMaximumCountWithFixedSleep(maxRetries=10, sleepTime=1000 MILLISECONDS)
2019-09-27 09:17:20,867 [main] INFO  ipc.Client (Client.java:handleConnectionFailure(948)) - Retrying connect to server: localhost/127.0.0.1:0. Already tried 3 time(s); retry policy is RetryUpToMaximumCountWithFixedSleep(maxRetries=10, sleepTime=1000 MILLISECONDS)
2019-09-27 09:17:21,868 [main] INFO  ipc.Client (Client.java:handleConnectionFailure(948)) - Retrying connect to server: localhost/127.0.0.1:0. Already tried 4 time(s); retry policy is RetryUpToMaximumCountWithFixedSleep(maxRetries=10, sleepTime=1000 MILLISECONDS)
2019-09-27 09:17:22,869 [main] INFO  ipc.Client (Client.java:handleConnectionFailure(948)) - Retrying connect to server: localhost/127.0.0.1:0. Already tried 5 time(s); retry policy is RetryUpToMaximumCountWithFixedSleep(maxRetries=10, sleepTime=1000 MILLISECONDS)
2019-09-27 09:17:23,870 [main] INFO  ipc.Client (Client.java:handleConnectionFailure(948)) - Retrying connect to server: localhost/127.0.0.1:0. Already tried 6 time(s); retry policy is RetryUpToMaximumCountWithFixedSleep(maxRetries=10, sleepTime=1000 MILLISECONDS)
2019-09-27 09:17:24,871 [main] INFO  ipc.Client (Client.java:handleConnectionFailure(948)) - Retrying connect to server: localhost/127.0.0.1:0. Already tried 7 time(s); retry policy is RetryUpToMaximumCountWithFixedSleep(maxRetries=10, sleepTime=1000 MILLISECONDS)
2019-09-27 09:17:25,872 [main] INFO  ipc.Client (Client.java:handleConnectionFailure(948)) - Retrying connect to server: localhost/127.0.0.1:0. Already tried 8 time(s); retry policy is RetryUpToMaximumCountWithFixedSleep(maxRetries=10, sleepTime=1000 MILLISECONDS)
2019-09-27 09:17:26,874 [main] INFO  ipc.Client (Client.java:handleConnectionFailure(948)) - Retrying connect to server: localhost/127.0.0.1:0. Already tried 9 time(s); retry policy is RetryUpToMaximumCountWithFixedSleep(maxRetries=10, sleepTime=1000 MILLISECONDS)
2019-09-27 09:17:26,875 [main] INFO  retry.RetryInvocationHandler (RetryInvocationHandler.java:log(411)) - com.google.protobuf.ServiceException: java.net.ConnectException: Your endpoint configuration is wrong; For more details see:  http://wiki.apache.org/hadoop/UnsetHostnameOrPort, while invoking $Proxy35.submitRequest over nodeId=null,nodeAddress=127.0.0.1:0 after 3 failover attempts. Trying to failover immediately.
2019-09-27 09:17:27,877 [main] INFO  ipc.Client (Client.java:handleConnectionFailure(948)) - Retrying connect to server: localhost/127.0.0.1:0. Already tried 0 time(s); retry policy is RetryUpToMaximumCountWithFixedSleep(maxRetries=10, sleepTime=1000 MILLISECONDS)
2019-09-27 09:17:28,878 [main] INFO  ipc.Client (Client.java:handleConnectionFailure(948)) - Retrying connect to server: localhost/127.0.0.1:0. Already tried 1 time(s); retry policy is RetryUpToMaximumCountWithFixedSleep(maxRetries=10, sleepTime=1000 MILLISECONDS)
2019-09-27 09:17:29,879 [main] INFO  ipc.Client (Client.java:handleConnectionFailure(948)) - Retrying connect to server: localhost/127.0.0.1:0. Already tried 2 time(s); retry policy is RetryUpToMaximumCountWithFixedSleep(maxRetries=10, sleepTime=1000 MILLISECONDS)
2019-09-27 09:17:30,880 [main] INFO  ipc.Client (Client.java:handleConnectionFailure(948)) - Retrying connect to server: localhost/127.0.0.1:0. Already tried 3 time(s); retry policy is RetryUpToMaximumCountWithFixedSleep(maxRetries=10, sleepTime=1000 MILLISECONDS)
2019-09-27 09:17:31,881 [main] INFO  ipc.Client (Client.java:handleConnectionFailure(948)) - Retrying connect to server: localhost/127.0.0.1:0. Already tried 4 time(s); retry policy is RetryUpToMaximumCountWithFixedSleep(maxRetries=10, sleepTime=1000 MILLISECONDS)
2019-09-27 09:17:32,882 [main] INFO  ipc.Client (Client.java:handleConnectionFailure(948)) - Retrying connect to server: localhost/127.0.0.1:0. Already tried 5 time(s); retry policy is RetryUpToMaximumCountWithFixedSleep(maxRetries=10, sleepTime=1000 MILLISECONDS)
2019-09-27 09:17:33,884 [main] INFO  ipc.Client (Client.java:handleConnectionFailure(948)) - Retrying connect to server: localhost/127.0.0.1:0. Already tried 6 time(s); retry policy is RetryUpToMaximumCountWithFixedSleep(maxRetries=10, sleepTime=1000 MILLISECONDS)
2019-09-27 09:17:34,885 [main] INFO  ipc.Client (Client.java:handleConnectionFailure(948)) - Retrying connect to server: localhost/127.0.0.1:0. Already tried 7 time(s); retry policy is RetryUpToMaximumCountWithFixedSleep(maxRetries=10, sleepTime=1000 MILLISECONDS)
2019-09-27 09:17:35,886 [main] INFO  ipc.Client (Client.java:handleConnectionFailure(948)) - Retrying connect to server: localhost/127.0.0.1:0. Already tried 8 time(s); retry policy is RetryUpToMaximumCountWithFixedSleep(maxRetries=10, sleepTime=1000 MILLISECONDS)
2019-09-27 09:17:36,888 [main] INFO  ipc.Client (Client.java:handleConnectionFailure(948)) - Retrying connect to server: localhost/127.0.0.1:0. Already tried 9 time(s); retry policy is RetryUpToMaximumCountWithFixedSleep(maxRetries=10, sleepTime=1000 MILLISECONDS)
2019-09-27 09:17:36,890 [main] INFO  retry.RetryInvocationHandler (RetryInvocationHandler.java:log(411)) - com.google.protobuf.ServiceException: java.net.ConnectException: Your endpoint configuration is wrong; For more details see:  http://wiki.apache.org/hadoop/UnsetHostnameOrPort, while invoking $Proxy35.submitRequest over nodeId=null,nodeAddress=127.0.0.1:0 after 4 failover attempts. Trying to failover immediately.
2019-09-27 09:17:37,910 [main] INFO  ipc.Client (Client.java:handleConnectionFailure(948)) - Retrying connect to server: localhost/127.0.0.1:0. Already tried 0 time(s); retry policy is RetryUpToMaximumCountWithFixedSleep(maxRetries=10, sleepTime=1000 MILLISECONDS)
2019-09-27 09:17:38,914 [main] INFO  ipc.Client (Client.java:handleConnectionFailure(948)) - Retrying connect to server: localhost/127.0.0.1:0. Already tried 1 time(s); retry policy is RetryUpToMaximumCountWithFixedSleep(maxRetries=10, sleepTime=1000 MILLISECONDS)
2019-09-27 09:17:39,919 [main] INFO  ipc.Client (Client.java:handleConnectionFailure(948)) - Retrying connect to server: localhost/127.0.0.1:0. Already tried 2 time(s); retry policy is RetryUpToMaximumCountWithFixedSleep(maxRetries=10, sleepTime=1000 MILLISECONDS)
2019-09-27 09:17:40,923 [main] INFO  ipc.Client (Client.java:handleConnectionFailure(948)) - Retrying connect to server: localhost/127.0.0.1:0. Already tried 3 time(s); retry policy is RetryUpToMaximumCountWithFixedSleep(maxRetries=10, sleepTime=1000 MILLISECONDS)
2019-09-27 09:17:41,927 [main] INFO  ipc.Client (Client.java:handleConnectionFailure(948)) - Retrying connect to server: localhost/127.0.0.1:0. Already tried 4 time(s); retry policy is RetryUpToMaximumCountWithFixedSleep(maxRetries=10, sleepTime=1000 MILLISECONDS)
2019-09-27 09:17:42,928 [main] INFO  ipc.Client (Client.java:handleConnectionFailure(948)) - Retrying connect to server: localhost/127.0.0.1:0. Already tried 5 time(s); retry policy is RetryUpToMaximumCountWithFixedSleep(maxRetries=10, sleepTime=1000 MILLISECONDS)
2019-09-27 09:17:43,929 [main] INFO  ipc.Client (Client.java:handleConnectionFailure(948)) - Retrying connect to server: localhost/127.0.0.1:0. Already tried 6 time(s); retry policy is RetryUpToMaximumCountWithFixedSleep(maxRetries=10, sleepTime=1000 MILLISECONDS)
2019-09-27 09:17:44,930 [main] INFO  ipc.Client (Client.java:handleConnectionFailure(948)) - Retrying connect to server: localhost/127.0.0.1:0. Already tried 7 time(s); retry policy is RetryUpToMaximumCountWithFixedSleep(maxRetries=10, sleepTime=1000 MILLISECONDS)
2019-09-27 09:17:45,931 [main] INFO  ipc.Client (Client.java:handleConnectionFailure(948)) - Retrying connect to server: localhost/127.0.0.1:0. Already tried 8 time(s); retry policy is RetryUpToMaximumCountWithFixedSleep(maxRetries=10, sleepTime=1000 MILLISECONDS)
2019-09-27 09:17:46,932 [main] INFO  ipc.Client (Client.java:handleConnectionFailure(948)) - Retrying connect to server: localhost/127.0.0.1:0. Already tried 9 time(s); retry policy is RetryUpToMaximumCountWithFixedSleep(maxRetries=10, sleepTime=1000 MILLISECONDS)
2019-09-27 09:17:46,934 [main] INFO  retry.RetryInvocationHandler (RetryInvocationHandler.java:log(411)) - com.google.protobuf.ServiceException: java.net.ConnectException: Your endpoint configuration is wrong; For more details see:  http://wiki.apache.org/hadoop/UnsetHostnameOrPort, while invoking $Proxy35.submitRequest over nodeId=null,nodeAddress=127.0.0.1:0 after 5 failover attempts. Trying to failover immediately.
2019-09-27 09:17:47,935 [main] INFO  ipc.Client (Client.java:handleConnectionFailure(948)) - Retrying connect to server: localhost/127.0.0.1:0. Already tried 0 time(s); retry policy is RetryUpToMaximumCountWithFixedSleep(maxRetries=10, sleepTime=1000 MILLISECONDS)
2019-09-27 09:17:48,936 [main] INFO  ipc.Client (Client.java:handleConnectionFailure(948)) - Retrying connect to server: localhost/127.0.0.1:0. Already tried 1 time(s); retry policy is RetryUpToMaximumCountWithFixedSleep(maxRetries=10, sleepTime=1000 MILLISECONDS)
2019-09-27 09:17:49,937 [main] INFO  ipc.Client (Client.java:handleConnectionFailure(948)) - Retrying connect to server: localhost/127.0.0.1:0. Already tried 2 time(s); retry policy is RetryUpToMaximumCountWithFixedSleep(maxRetries=10, sleepTime=1000 MILLISECONDS)
2019-09-27 09:17:50,938 [main] INFO  ipc.Client (Client.java:handleConnectionFailure(948)) - Retrying connect to server: localhost/127.0.0.1:0. Already tried 3 time(s); retry policy is RetryUpToMaximumCountWithFixedSleep(maxRetries=10, sleepTime=1000 MILLISECONDS)
2019-09-27 09:17:51,939 [main] INFO  ipc.Client (Client.java:handleConnectionFailure(948)) - Retrying connect to server: localhost/127.0.0.1:0. Already tried 4 time(s); retry policy is RetryUpToMaximumCountWithFixedSleep(maxRetries=10, sleepTime=1000 MILLISECONDS)
2019-09-27 09:17:52,941 [main] INFO  ipc.Client (Client.java:handleConnectionFailure(948)) - Retrying connect to server: localhost/127.0.0.1:0. Already tried 5 time(s); retry policy is RetryUpToMaximumCountWithFixedSleep(maxRetries=10, sleepTime=1000 MILLISECONDS)
2019-09-27 09:17:53,943 [main] INFO  ipc.Client (Client.java:handleConnectionFailure(948)) - Retrying connect to server: localhost/127.0.0.1:0. Already tried 6 time(s); retry policy is RetryUpToMaximumCountWithFixedSleep(maxRetries=10, sleepTime=1000 MILLISECONDS)
2019-09-27 09:17:54,945 [main] INFO  ipc.Client (Client.java:handleConnectionFailure(948)) - Retrying connect to server: localhost/127.0.0.1:0. Already tried 7 time(s); retry policy is RetryUpToMaximumCountWithFixedSleep(maxRetries=10, sleepTime=1000 MILLISECONDS)
2019-09-27 09:17:55,946 [main] INFO  ipc.Client (Client.java:handleConnectionFailure(948)) - Retrying connect to server: localhost/127.0.0.1:0. Already tried 8 time(s); retry policy is RetryUpToMaximumCountWithFixedSleep(maxRetries=10, sleepTime=1000 MILLISECONDS)
2019-09-27 09:17:56,947 [main] INFO  ipc.Client (Client.java:handleConnectionFailure(948)) - Retrying connect to server: localhost/127.0.0.1:0. Already tried 9 time(s); retry policy is RetryUpToMaximumCountWithFixedSleep(maxRetries=10, sleepTime=1000 MILLISECONDS)
2019-09-27 09:17:56,951 [main] INFO  retry.RetryInvocationHandler (RetryInvocationHandler.java:log(411)) - com.google.protobuf.ServiceException: java.net.ConnectException: Your endpoint configuration is wrong; For more details see:  http://wiki.apache.org/hadoop/UnsetHostnameOrPort, while invoking $Proxy35.submitRequest over nodeId=null,nodeAddress=127.0.0.1:0 after 6 failover attempts. Trying to failover immediately.
2019-09-27 09:17:57,953 [main] INFO  ipc.Client (Client.java:handleConnectionFailure(948)) - Retrying connect to server: localhost/127.0.0.1:0. Already tried 0 time(s); retry policy is RetryUpToMaximumCountWithFixedSleep(maxRetries=10, sleepTime=1000 MILLISECONDS)
2019-09-27 09:17:58,954 [main] INFO  ipc.Client (Client.java:handleConnectionFailure(948)) - Retrying connect to server: localhost/127.0.0.1:0. Already tried 1 time(s); retry policy is RetryUpToMaximumCountWithFixedSleep(maxRetries=10, sleepTime=1000 MILLISECONDS)
2019-09-27 09:17:59,955 [main] INFO  ipc.Client (Client.java:handleConnectionFailure(948)) - Retrying connect to server: localhost/127.0.0.1:0. Already tried 2 time(s); retry policy is RetryUpToMaximumCountWithFixedSleep(maxRetries=10, sleepTime=1000 MILLISECONDS)
2019-09-27 09:18:00,956 [main] INFO  ipc.Client (Client.java:handleConnectionFailure(948)) - Retrying connect to server: localhost/127.0.0.1:0. Already tried 3 time(s); retry policy is RetryUpToMaximumCountWithFixedSleep(maxRetries=10, sleepTime=1000 MILLISECONDS)
2019-09-27 09:18:01,958 [main] INFO  ipc.Client (Client.java:handleConnectionFailure(948)) - Retrying connect to server: localhost/127.0.0.1:0. Already tried 4 time(s); retry policy is RetryUpToMaximumCountWithFixedSleep(maxRetries=10, sleepTime=1000 MILLISECONDS)
2019-09-27 09:18:02,959 [main] INFO  ipc.Client (Client.java:handleConnectionFailure(948)) - Retrying connect to server: localhost/127.0.0.1:0. Already tried 5 time(s); retry policy is RetryUpToMaximumCountWithFixedSleep(maxRetries=10, sleepTime=1000 MILLISECONDS)
2019-09-27 09:18:03,960 [main] INFO  ipc.Client (Client.java:handleConnectionFailure(948)) - Retrying connect to server: localhost/127.0.0.1:0. Already tried 6 time(s); retry policy is RetryUpToMaximumCountWithFixedSleep(maxRetries=10, sleepTime=1000 MILLISECONDS)
2019-09-27 09:18:04,961 [main] INFO  ipc.Client (Client.java:handleConnectionFailure(948)) - Retrying connect to server: localhost/127.0.0.1:0. Already tried 7 time(s); retry policy is RetryUpToMaximumCountWithFixedSleep(maxRetries=10, sleepTime=1000 MILLISECONDS)
2019-09-27 09:18:05,962 [main] INFO  ipc.Client (Client.java:handleConnectionFailure(948)) - Retrying connect to server: localhost/127.0.0.1:0. Already tried 8 time(s); retry policy is RetryUpToMaximumCountWithFixedSleep(maxRetries=10, sleepTime=1000 MILLISECONDS)
2019-09-27 09:18:06,964 [main] INFO  ipc.Client (Client.java:handleConnectionFailure(948)) - Retrying connect to server: localhost/127.0.0.1:0. Already tried 9 time(s); retry policy is RetryUpToMaximumCountWithFixedSleep(maxRetries=10, sleepTime=1000 MILLISECONDS)
2019-09-27 09:18:06,965 [main] INFO  retry.RetryInvocationHandler (RetryInvocationHandler.java:log(411)) - com.google.protobuf.ServiceException: java.net.ConnectException: Your endpoint configuration is wrong; For more details see:  http://wiki.apache.org/hadoop/UnsetHostnameOrPort, while invoking $Proxy35.submitRequest over nodeId=null,nodeAddress=127.0.0.1:0 after 7 failover attempts. Trying to failover immediately.
2019-09-27 09:18:07,966 [main] INFO  ipc.Client (Client.java:handleConnectionFailure(948)) - Retrying connect to server: localhost/127.0.0.1:0. Already tried 0 time(s); retry policy is RetryUpToMaximumCountWithFixedSleep(maxRetries=10, sleepTime=1000 MILLISECONDS)
2019-09-27 09:18:08,967 [main] INFO  ipc.Client (Client.java:handleConnectionFailure(948)) - Retrying connect to server: localhost/127.0.0.1:0. Already tried 1 time(s); retry policy is RetryUpToMaximumCountWithFixedSleep(maxRetries=10, sleepTime=1000 MILLISECONDS)
2019-09-27 09:18:09,968 [main] INFO  ipc.Client (Client.java:handleConnectionFailure(948)) - Retrying connect to server: localhost/127.0.0.1:0. Already tried 2 time(s); retry policy is RetryUpToMaximumCountWithFixedSleep(maxRetries=10, sleepTime=1000 MILLISECONDS)
2019-09-27 09:18:10,969 [main] INFO  ipc.Client (Client.java:handleConnectionFailure(948)) - Retrying connect to server: localhost/127.0.0.1:0. Already tried 3 time(s); retry policy is RetryUpToMaximumCountWithFixedSleep(maxRetries=10, sleepTime=1000 MILLISECONDS)
2019-09-27 09:18:11,971 [main] INFO  ipc.Client (Client.java:handleConnectionFailure(948)) - Retrying connect to server: localhost/127.0.0.1:0. Already tried 4 time(s); retry policy is RetryUpToMaximumCountWithFixedSleep(maxRetries=10, sleepTime=1000 MILLISECONDS)
2019-09-27 09:18:12,972 [main] INFO  ipc.Client (Client.java:handleConnectionFailure(948)) - Retrying connect to server: localhost/127.0.0.1:0. Already tried 5 time(s); retry policy is RetryUpToMaximumCountWithFixedSleep(maxRetries=10, sleepTime=1000 MILLISECONDS)
2019-09-27 09:18:13,973 [main] INFO  ipc.Client (Client.java:handleConnectionFailure(948)) - Retrying connect to server: localhost/127.0.0.1:0. Already tried 6 time(s); retry policy is RetryUpToMaximumCountWithFixedSleep(maxRetries=10, sleepTime=1000 MILLISECONDS)
2019-09-27 09:18:14,974 [main] INFO  ipc.Client (Client.java:handleConnectionFailure(948)) - Retrying connect to server: localhost/127.0.0.1:0. Already tried 7 time(s); retry policy is RetryUpToMaximumCountWithFixedSleep(maxRetries=10, sleepTime=1000 MILLISECONDS)
2019-09-27 09:18:15,975 [main] INFO  ipc.Client (Client.java:handleConnectionFailure(948)) - Retrying connect to server: localhost/127.0.0.1:0. Already tried 8 time(s); retry policy is RetryUpToMaximumCountWithFixedSleep(maxRetries=10, sleepTime=1000 MILLISECONDS)
2019-09-27 09:18:16,977 [main] INFO  ipc.Client (Client.java:handleConnectionFailure(948)) - Retrying connect to server: localhost/127.0.0.1:0. Already tried 9 time(s); retry policy is RetryUpToMaximumCountWithFixedSleep(maxRetries=10, sleepTime=1000 MILLISECONDS)
2019-09-27 09:18:16,978 [main] INFO  retry.RetryInvocationHandler (RetryInvocationHandler.java:log(411)) - com.google.protobuf.ServiceException: java.net.ConnectException: Your endpoint configuration is wrong; For more details see:  http://wiki.apache.org/hadoop/UnsetHostnameOrPort, while invoking $Proxy35.submitRequest over nodeId=null,nodeAddress=127.0.0.1:0 after 8 failover attempts. Trying to failover immediately.
2019-09-27 09:18:17,979 [main] INFO  ipc.Client (Client.java:handleConnectionFailure(948)) - Retrying connect to server: localhost/127.0.0.1:0. Already tried 0 time(s); retry policy is RetryUpToMaximumCountWithFixedSleep(maxRetries=10, sleepTime=1000 MILLISECONDS)
2019-09-27 09:18:18,981 [main] INFO  ipc.Client (Client.java:handleConnectionFailure(948)) - Retrying connect to server: localhost/127.0.0.1:0. Already tried 1 time(s); retry policy is RetryUpToMaximumCountWithFixedSleep(maxRetries=10, sleepTime=1000 MILLISECONDS)
2019-09-27 09:18:19,982 [main] INFO  ipc.Client (Client.java:handleConnectionFailure(948)) - Retrying connect to server: localhost/127.0.0.1:0. Already tried 2 time(s); retry policy is RetryUpToMaximumCountWithFixedSleep(maxRetries=10, sleepTime=1000 MILLISECONDS)
2019-09-27 09:18:20,983 [main] INFO  ipc.Client (Client.java:handleConnectionFailure(948)) - Retrying connect to server: localhost/127.0.0.1:0. Already tried 3 time(s); retry policy is RetryUpToMaximumCountWithFixedSleep(maxRetries=10, sleepTime=1000 MILLISECONDS)
2019-09-27 09:18:21,984 [main] INFO  ipc.Client (Client.java:handleConnectionFailure(948)) - Retrying connect to server: localhost/127.0.0.1:0. Already tried 4 time(s); retry policy is RetryUpToMaximumCountWithFixedSleep(maxRetries=10, sleepTime=1000 MILLISECONDS)
2019-09-27 09:18:22,986 [main] INFO  ipc.Client (Client.java:handleConnectionFailure(948)) - Retrying connect to server: localhost/127.0.0.1:0. Already tried 5 time(s); retry policy is RetryUpToMaximumCountWithFixedSleep(maxRetries=10, sleepTime=1000 MILLISECONDS)
2019-09-27 09:18:23,987 [main] INFO  ipc.Client (Client.java:handleConnectionFailure(948)) - Retrying connect to server: localhost/127.0.0.1:0. Already tried 6 time(s); retry policy is RetryUpToMaximumCountWithFixedSleep(maxRetries=10, sleepTime=1000 MILLISECONDS)
2019-09-27 09:18:24,990 [main] INFO  ipc.Client (Client.java:handleConnectionFailure(948)) - Retrying connect to server: localhost/127.0.0.1:0. Already tried 7 time(s); retry policy is RetryUpToMaximumCountWithFixedSleep(maxRetries=10, sleepTime=1000 MILLISECONDS)
2019-09-27 09:18:25,991 [main] INFO  ipc.Client (Client.java:handleConnectionFailure(948)) - Retrying connect to server: localhost/127.0.0.1:0. Already tried 8 time(s); retry policy is RetryUpToMaximumCountWithFixedSleep(maxRetries=10, sleepTime=1000 MILLISECONDS)
2019-09-27 09:18:26,992 [main] INFO  ipc.Client (Client.java:handleConnectionFailure(948)) - Retrying connect to server: localhost/127.0.0.1:0. Already tried 9 time(s); retry policy is RetryUpToMaximumCountWithFixedSleep(maxRetries=10, sleepTime=1000 MILLISECONDS)
2019-09-27 09:18:26,994 [main] INFO  retry.RetryInvocationHandler (RetryInvocationHandler.java:log(411)) - com.google.protobuf.ServiceException: java.net.ConnectException: Your endpoint configuration is wrong; For more details see:  http://wiki.apache.org/hadoop/UnsetHostnameOrPort, while invoking $Proxy35.submitRequest over nodeId=null,nodeAddress=127.0.0.1:0 after 9 failover attempts. Trying to failover immediately.
2019-09-27 09:18:27,996 [main] INFO  ipc.Client (Client.java:handleConnectionFailure(948)) - Retrying connect to server: localhost/127.0.0.1:0. Already tried 0 time(s); retry policy is RetryUpToMaximumCountWithFixedSleep(maxRetries=10, sleepTime=1000 MILLISECONDS)
2019-09-27 09:18:28,997 [main] INFO  ipc.Client (Client.java:handleConnectionFailure(948)) - Retrying connect to server: localhost/127.0.0.1:0. Already tried 1 time(s); retry policy is RetryUpToMaximumCountWithFixedSleep(maxRetries=10, sleepTime=1000 MILLISECONDS)
2019-09-27 09:18:29,998 [main] INFO  ipc.Client (Client.java:handleConnectionFailure(948)) - Retrying connect to server: localhost/127.0.0.1:0. Already tried 2 time(s); retry policy is RetryUpToMaximumCountWithFixedSleep(maxRetries=10, sleepTime=1000 MILLISECONDS)
2019-09-27 09:18:30,999 [main] INFO  ipc.Client (Client.java:handleConnectionFailure(948)) - Retrying connect to server: localhost/127.0.0.1:0. Already tried 3 time(s); retry policy is RetryUpToMaximumCountWithFixedSleep(maxRetries=10, sleepTime=1000 MILLISECONDS)
2019-09-27 09:18:32,000 [main] INFO  ipc.Client (Client.java:handleConnectionFailure(948)) - Retrying connect to server: localhost/127.0.0.1:0. Already tried 4 time(s); retry policy is RetryUpToMaximumCountWithFixedSleep(maxRetries=10, sleepTime=1000 MILLISECONDS)
2019-09-27 09:18:33,001 [main] INFO  ipc.Client (Client.java:handleConnectionFailure(948)) - Retrying connect to server: localhost/127.0.0.1:0. Already tried 5 time(s); retry policy is RetryUpToMaximumCountWithFixedSleep(maxRetries=10, sleepTime=1000 MILLISECONDS)
2019-09-27 09:18:34,002 [main] INFO  ipc.Client (Client.java:handleConnectionFailure(948)) - Retrying connect to server: localhost/127.0.0.1:0. Already tried 6 time(s); retry policy is RetryUpToMaximumCountWithFixedSleep(maxRetries=10, sleepTime=1000 MILLISECONDS)
2019-09-27 09:18:35,004 [main] INFO  ipc.Client (Client.java:handleConnectionFailure(948)) - Retrying connect to server: localhost/127.0.0.1:0. Already tried 7 time(s); retry policy is RetryUpToMaximumCountWithFixedSleep(maxRetries=10, sleepTime=1000 MILLISECONDS)
2019-09-27 09:18:36,005 [main] INFO  ipc.Client (Client.java:handleConnectionFailure(948)) - Retrying connect to server: localhost/127.0.0.1:0. Already tried 8 time(s); retry policy is RetryUpToMaximumCountWithFixedSleep(maxRetries=10, sleepTime=1000 MILLISECONDS)
2019-09-27 09:18:37,009 [main] INFO  ipc.Client (Client.java:handleConnectionFailure(948)) - Retrying connect to server: localhost/127.0.0.1:0. Already tried 9 time(s); retry policy is RetryUpToMaximumCountWithFixedSleep(maxRetries=10, sleepTime=1000 MILLISECONDS)
2019-09-27 09:18:37,010 [main] ERROR ha.OMFailoverProxyProvider (OzoneManagerProtocolClientSideTranslatorPB.java:getRetryAction(268)) - Failed to connect to OM. Attempted 10 retries and 10 failovers
2019-09-27 09:18:37,011 [main] ERROR client.OzoneClientFactory (OzoneClientFactory.java:getClientProtocol(259)) - Couldn't create RpcClient protocol exception: 
java.net.ConnectException: Your endpoint configuration is wrong; For more details see:  http://wiki.apache.org/hadoop/UnsetHostnameOrPort
	at sun.reflect.GeneratedConstructorAccessor43.newInstance(Unknown Source)
	at sun.reflect.DelegatingConstructorAccessorImpl.newInstance(DelegatingConstructorAccessorImpl.java:45)
	at java.lang.reflect.Constructor.newInstance(Constructor.java:423)
	at org.apache.hadoop.net.NetUtils.wrapWithMessage(NetUtils.java:831)
	at org.apache.hadoop.net.NetUtils.wrapException(NetUtils.java:751)
	at org.apache.hadoop.ipc.Client.getRpcResponse(Client.java:1515)
	at org.apache.hadoop.ipc.Client.call(Client.java:1457)
	at org.apache.hadoop.ipc.Client.call(Client.java:1367)
	at org.apache.hadoop.ipc.ProtobufRpcEngine$Invoker.invoke(ProtobufRpcEngine.java:228)
	at org.apache.hadoop.ipc.ProtobufRpcEngine$Invoker.invoke(ProtobufRpcEngine.java:116)
	at com.sun.proxy.$Proxy35.submitRequest(Unknown Source)
	at sun.reflect.GeneratedMethodAccessor36.invoke(Unknown Source)
	at sun.reflect.DelegatingMethodAccessorImpl.invoke(DelegatingMethodAccessorImpl.java:43)
	at java.lang.reflect.Method.invoke(Method.java:498)
	at org.apache.hadoop.io.retry.RetryInvocationHandler.invokeMethod(RetryInvocationHandler.java:422)
	at org.apache.hadoop.io.retry.RetryInvocationHandler$Call.invokeMethod(RetryInvocationHandler.java:165)
	at org.apache.hadoop.io.retry.RetryInvocationHandler$Call.invoke(RetryInvocationHandler.java:157)
	at org.apache.hadoop.io.retry.RetryInvocationHandler$Call.invokeOnce(RetryInvocationHandler.java:95)
	at org.apache.hadoop.io.retry.RetryInvocationHandler.invoke(RetryInvocationHandler.java:359)
	at com.sun.proxy.$Proxy35.submitRequest(Unknown Source)
	at org.apache.hadoop.ozone.om.protocolPB.OzoneManagerProtocolClientSideTranslatorPB.submitRequest(OzoneManagerProtocolClientSideTranslatorPB.java:338)
	at org.apache.hadoop.ozone.om.protocolPB.OzoneManagerProtocolClientSideTranslatorPB.getServiceInfo(OzoneManagerProtocolClientSideTranslatorPB.java:1223)
	at sun.reflect.NativeMethodAccessorImpl.invoke0(Native Method)
	at sun.reflect.NativeMethodAccessorImpl.invoke(NativeMethodAccessorImpl.java:62)
	at sun.reflect.DelegatingMethodAccessorImpl.invoke(DelegatingMethodAccessorImpl.java:43)
	at java.lang.reflect.Method.invoke(Method.java:498)
	at org.apache.hadoop.hdds.tracing.TraceAllMethod.invoke(TraceAllMethod.java:66)
	at com.sun.proxy.$Proxy36.getServiceInfo(Unknown Source)
	at org.apache.hadoop.ozone.client.rpc.RpcClient.<init>(RpcClient.java:154)
	at org.apache.hadoop.ozone.client.OzoneClientFactory.getClientProtocol(OzoneClientFactory.java:256)
	at org.apache.hadoop.ozone.client.OzoneClientFactory.getClientProtocol(OzoneClientFactory.java:239)
	at org.apache.hadoop.ozone.client.OzoneClientFactory.getClient(OzoneClientFactory.java:75)
	at org.apache.hadoop.ozone.client.rpc.TestFailureHandlingByClient.init(TestFailureHandlingByClient.java:111)
	at org.apache.hadoop.ozone.client.rpc.TestFailureHandlingByClient.startCluster(TestFailureHandlingByClient.java:121)
	at org.apache.hadoop.ozone.client.rpc.TestFailureHandlingByClient.testContainerExclusionWithClosedContainerException(TestFailureHandlingByClient.java:224)
	at sun.reflect.NativeMethodAccessorImpl.invoke0(Native Method)
	at sun.reflect.NativeMethodAccessorImpl.invoke(NativeMethodAccessorImpl.java:62)
	at sun.reflect.DelegatingMethodAccessorImpl.invoke(DelegatingMethodAccessorImpl.java:43)
	at java.lang.reflect.Method.invoke(Method.java:498)
	at org.junit.runners.model.FrameworkMethod$1.runReflectiveCall(FrameworkMethod.java:47)
	at org.junit.internal.runners.model.ReflectiveCallable.run(ReflectiveCallable.java:12)
	at org.junit.runners.model.FrameworkMethod.invokeExplosively(FrameworkMethod.java:44)
	at org.junit.internal.runners.statements.InvokeMethod.evaluate(InvokeMethod.java:17)
	at org.junit.internal.runners.statements.RunAfters.evaluate(RunAfters.java:27)
	at org.junit.runners.ParentRunner.runLeaf(ParentRunner.java:271)
	at org.junit.runners.BlockJUnit4ClassRunner.runChild(BlockJUnit4ClassRunner.java:70)
	at org.junit.runners.BlockJUnit4ClassRunner.runChild(BlockJUnit4ClassRunner.java:50)
	at org.junit.runners.ParentRunner$3.run(ParentRunner.java:238)
	at org.junit.runners.ParentRunner$1.schedule(ParentRunner.java:63)
	at org.junit.runners.ParentRunner.runChildren(ParentRunner.java:236)
	at org.junit.runners.ParentRunner.access$000(ParentRunner.java:53)
	at org.junit.runners.ParentRunner$2.evaluate(ParentRunner.java:229)
	at org.junit.runners.ParentRunner.run(ParentRunner.java:309)
	at org.apache.maven.surefire.junit4.JUnit4Provider.execute(JUnit4Provider.java:365)
	at org.apache.maven.surefire.junit4.JUnit4Provider.executeWithRerun(JUnit4Provider.java:273)
	at org.apache.maven.surefire.junit4.JUnit4Provider.executeTestSet(JUnit4Provider.java:238)
	at org.apache.maven.surefire.junit4.JUnit4Provider.invoke(JUnit4Provider.java:159)
	at org.apache.maven.surefire.booter.ForkedBooter.invokeProviderInSameClassLoader(ForkedBooter.java:384)
	at org.apache.maven.surefire.booter.ForkedBooter.runSuitesInProcess(ForkedBooter.java:345)
	at org.apache.maven.surefire.booter.ForkedBooter.execute(ForkedBooter.java:126)
	at org.apache.maven.surefire.booter.ForkedBooter.main(ForkedBooter.java:418)
Caused by: java.net.ConnectException: Connection refused
	at sun.nio.ch.SocketChannelImpl.checkConnect(Native Method)
	at sun.nio.ch.SocketChannelImpl.finishConnect(SocketChannelImpl.java:717)
	at org.apache.hadoop.net.SocketIOWithTimeout.connect(SocketIOWithTimeout.java:206)
	at org.apache.hadoop.net.NetUtils.connect(NetUtils.java:531)
	at org.apache.hadoop.ipc.Client$Connection.setupConnection(Client.java:690)
	at org.apache.hadoop.ipc.Client$Connection.setupIOstreams(Client.java:794)
	at org.apache.hadoop.ipc.Client$Connection.access$3700(Client.java:411)
	at org.apache.hadoop.ipc.Client.getConnection(Client.java:1572)
	at org.apache.hadoop.ipc.Client.call(Client.java:1403)
	... 54 more
2019-09-27 09:18:37,012 [main] INFO  ozone.MiniOzoneClusterImpl (MiniOzoneClusterImpl.java:shutdown(314)) - Shutting down the Mini Ozone Cluster
2019-09-27 09:18:37,013 [main] INFO  ozone.MiniOzoneClusterImpl (MiniOzoneClusterImpl.java:stop(330)) - Stopping the Mini Ozone Cluster
2019-09-27 09:18:37,013 [main] INFO  ozone.MiniOzoneClusterImpl (MiniOzoneClusterImpl.java:stopOM(400)) - Stopping the OzoneManager
2019-09-27 09:18:37,013 [main] INFO  ipc.Server (Server.java:stop(3082)) - Stopping server on 40221
2019-09-27 09:18:37,032 [IPC Server listener on 40221] INFO  ipc.Server (Server.java:run(1185)) - Stopping IPC Server listener on 40221
2019-09-27 09:18:37,037 [main] INFO  ratis.OzoneManagerDoubleBuffer (OzoneManagerDoubleBuffer.java:stop(248)) - Stopping OMDoubleBuffer flush thread
2019-09-27 09:18:37,045 [IPC Server Responder] INFO  ipc.Server (Server.java:run(1319)) - Stopping IPC Server Responder
2019-09-27 09:18:37,080 [OMDoubleBufferFlushThread] INFO  ratis.OzoneManagerDoubleBuffer (OzoneManagerDoubleBuffer.java:flushTransactions(191)) - OMDoubleBuffer flush thread OMDoubleBufferFlushThread is interrupted and will exit. OMDoubleBufferFlushThread
2019-09-27 09:18:37,081 [main] INFO  utils.BackgroundService (BackgroundService.java:shutdown(148)) - Shutting down service KeyDeletingService
2019-09-27 09:18:37,084 [main] INFO  handler.ContextHandler (ContextHandler.java:doStop(910)) - Stopped o.e.j.w.WebAppContext@76e9f00b{/,null,UNAVAILABLE}{/ozoneManager}
2019-09-27 09:18:37,085 [main] INFO  server.AbstractConnector (AbstractConnector.java:doStop(318)) - Stopped ServerConnector@314b9e4b{HTTP/1.1,[http/1.1]}{0.0.0.0:0}
2019-09-27 09:18:37,085 [main] INFO  handler.ContextHandler (ContextHandler.java:doStop(910)) - Stopped o.e.j.s.ServletContextHandler@36920bd6{/static,file:///workdir/hadoop-ozone/integration-test/target/test-classes/webapps/static,UNAVAILABLE}
2019-09-27 09:18:37,086 [main] INFO  handler.ContextHandler (ContextHandler.java:doStop(910)) - Stopped o.e.j.s.ServletContextHandler@6bcc3f27{/logs,file:///workdir/hadoop-ozone/integration-test/target/log,UNAVAILABLE}
2019-09-27 09:18:37,098 [main] INFO  ozone.MiniOzoneClusterImpl (MiniOzoneClusterImpl.java:stopDatanodes(377)) - Stopping the HddsDatanodes
2019-09-27 09:18:37,373 [Datanode State Machine Thread - 0] INFO  statemachine.DatanodeStateMachine (DatanodeStateMachine.java:lambda$startDaemon$0(350)) - Ozone container server started.
2019-09-27 09:18:37,723 [Datanode State Machine Thread - 0] INFO  statemachine.DatanodeStateMachine (DatanodeStateMachine.java:lambda$startDaemon$0(350)) - Ozone container server started.
2019-09-27 09:18:42,100 [main] INFO  ozoneimpl.OzoneContainer (OzoneContainer.java:stop(231)) - Attempting to stop container services.
2019-09-27 09:18:42,100 [ForkJoinPool.commonPool-worker-0] INFO  ozoneimpl.OzoneContainer (OzoneContainer.java:stop(231)) - Attempting to stop container services.
2019-09-27 09:18:42,101 [main] INFO  impl.RaftServerProxy (RaftServerProxy.java:lambda$close$4(314)) - e6dfef88-aea8-482b-83fb-8e87a0e55ccd: close
2019-09-27 09:18:42,101 [ForkJoinPool.commonPool-worker-0] INFO  impl.RaftServerProxy (RaftServerProxy.java:lambda$close$4(314)) - d1b97505-207e-4333-b006-552a83aa594e: close
2019-09-27 09:18:42,101 [main] INFO  impl.RaftServerImpl (RaftServerImpl.java:lambda$shutdown$3(251)) - e6dfef88-aea8-482b-83fb-8e87a0e55ccd@group-62F34B2FE18F: shutdown
2019-09-27 09:18:42,101 [ForkJoinPool.commonPool-worker-0] INFO  impl.RaftServerImpl (RaftServerImpl.java:lambda$shutdown$3(251)) - d1b97505-207e-4333-b006-552a83aa594e@group-CBF17E703AF2: shutdown
2019-09-27 09:18:42,102 [main] INFO  util.JmxRegister (JmxRegister.java:unregister(73)) - Successfully un-registered JMX Bean with object name Ratis:service=RaftServer,group=group-62F34B2FE18F,id=e6dfef88-aea8-482b-83fb-8e87a0e55ccd
2019-09-27 09:18:42,102 [ForkJoinPool.commonPool-worker-0] INFO  util.JmxRegister (JmxRegister.java:unregister(73)) - Successfully un-registered JMX Bean with object name Ratis:service=RaftServer,group=group-CBF17E703AF2,id=d1b97505-207e-4333-b006-552a83aa594e
2019-09-27 09:18:42,102 [main] INFO  impl.RoleInfo (RoleInfo.java:shutdownFollowerState(121)) - e6dfef88-aea8-482b-83fb-8e87a0e55ccd: shutdown FollowerState
2019-09-27 09:18:42,103 [ForkJoinPool.commonPool-worker-0] INFO  impl.RoleInfo (RoleInfo.java:shutdownLeaderState(104)) - d1b97505-207e-4333-b006-552a83aa594e: shutdown LeaderState
2019-09-27 09:18:42,103 [Thread-2287] INFO  impl.FollowerState (FollowerState.java:run(115)) - e6dfef88-aea8-482b-83fb-8e87a0e55ccd: FollowerState was interrupted: java.lang.InterruptedException: sleep interrupted
2019-09-27 09:18:42,103 [main] INFO  impl.StateMachineUpdater (StateMachineUpdater.java:stopAndJoin(125)) - e6dfef88-aea8-482b-83fb-8e87a0e55ccd@group-62F34B2FE18F-StateMachineUpdater: set stopIndex = 0
2019-09-27 09:18:42,107 [main] INFO  impl.RaftServerImpl (ServerState.java:close(385)) - e6dfef88-aea8-482b-83fb-8e87a0e55ccd@group-62F34B2FE18F: closes. applyIndex: 0
2019-09-27 09:18:42,103 [ForkJoinPool.commonPool-worker-0] INFO  impl.PendingRequests (PendingRequests.java:sendNotLeaderResponses(202)) - d1b97505-207e-4333-b006-552a83aa594e-PendingRequests: sendNotLeaderResponses
2019-09-27 09:18:42,107 [e6dfef88-aea8-482b-83fb-8e87a0e55ccd@group-62F34B2FE18F-SegmentedRaftLogWorker] INFO  segmented.SegmentedRaftLogWorker (SegmentedRaftLogWorker.java:run(313)) - e6dfef88-aea8-482b-83fb-8e87a0e55ccd@group-62F34B2FE18F-SegmentedRaftLogWorker was interrupted, exiting. There are 0 tasks remaining in the queue.
2019-09-27 09:18:42,110 [ForkJoinPool.commonPool-worker-0] INFO  impl.StateMachineUpdater (StateMachineUpdater.java:stopAndJoin(125)) - d1b97505-207e-4333-b006-552a83aa594e@group-CBF17E703AF2-StateMachineUpdater: set stopIndex = 0
2019-09-27 09:18:42,111 [ForkJoinPool.commonPool-worker-0] INFO  impl.RaftServerImpl (ServerState.java:close(385)) - d1b97505-207e-4333-b006-552a83aa594e@group-CBF17E703AF2: closes. applyIndex: 0
2019-09-27 09:18:42,111 [d1b97505-207e-4333-b006-552a83aa594e@group-CBF17E703AF2-SegmentedRaftLogWorker] INFO  segmented.SegmentedRaftLogWorker (SegmentedRaftLogWorker.java:run(313)) - d1b97505-207e-4333-b006-552a83aa594e@group-CBF17E703AF2-SegmentedRaftLogWorker was interrupted, exiting. There are 0 tasks remaining in the queue.
2019-09-27 09:18:42,119 [main] INFO  segmented.SegmentedRaftLogWorker (SegmentedRaftLogWorker.java:close(228)) - e6dfef88-aea8-482b-83fb-8e87a0e55ccd@group-62F34B2FE18F-SegmentedRaftLogWorker close()
2019-09-27 09:18:42,119 [ForkJoinPool.commonPool-worker-0] INFO  segmented.SegmentedRaftLogWorker (SegmentedRaftLogWorker.java:close(228)) - d1b97505-207e-4333-b006-552a83aa594e@group-CBF17E703AF2-SegmentedRaftLogWorker close()
2019-09-27 09:18:42,138 [main] INFO  impl.RaftServerImpl (RaftServerImpl.java:lambda$shutdown$3(251)) - e6dfef88-aea8-482b-83fb-8e87a0e55ccd@group-392D2038B3E1: shutdown
2019-09-27 09:18:42,141 [ForkJoinPool.commonPool-worker-0] INFO  impl.RaftServerImpl (RaftServerImpl.java:lambda$shutdown$3(251)) - d1b97505-207e-4333-b006-552a83aa594e@group-E3215D54F09B: shutdown
2019-09-27 09:18:42,141 [main] INFO  util.JmxRegister (JmxRegister.java:unregister(73)) - Successfully un-registered JMX Bean with object name Ratis:service=RaftServer,group=group-392D2038B3E1,id=e6dfef88-aea8-482b-83fb-8e87a0e55ccd
2019-09-27 09:18:42,142 [ForkJoinPool.commonPool-worker-0] INFO  util.JmxRegister (JmxRegister.java:unregister(73)) - Successfully un-registered JMX Bean with object name Ratis:service=RaftServer,group=group-E3215D54F09B,id=d1b97505-207e-4333-b006-552a83aa594e
2019-09-27 09:18:42,142 [main] INFO  impl.RoleInfo (RoleInfo.java:shutdownLeaderState(104)) - e6dfef88-aea8-482b-83fb-8e87a0e55ccd: shutdown LeaderState
2019-09-27 09:18:42,142 [ForkJoinPool.commonPool-worker-0] INFO  impl.RoleInfo (RoleInfo.java:shutdownLeaderState(104)) - d1b97505-207e-4333-b006-552a83aa594e: shutdown LeaderState
2019-09-27 09:18:42,142 [main] INFO  impl.PendingRequests (PendingRequests.java:sendNotLeaderResponses(202)) - e6dfef88-aea8-482b-83fb-8e87a0e55ccd-PendingRequests: sendNotLeaderResponses
2019-09-27 09:18:42,147 [org.apache.ratis.server.impl.LogAppender$AppenderDaemon$$Lambda$400/247186050@6746acce] WARN  server.GrpcLogAppender (GrpcLogAppender.java:mayWait(143)) - d1b97505-207e-4333-b006-552a83aa594e@group-E3215D54F09B->88f71ae2-1168-411a-bccc-2088b7ef8e3f-GrpcLogAppender: Wait interrupted by java.lang.InterruptedException
2019-09-27 09:18:42,147 [org.apache.ratis.server.impl.LogAppender$AppenderDaemon$$Lambda$400/247186050@f0ff6d9] WARN  server.GrpcLogAppender (GrpcLogAppender.java:mayWait(143)) - d1b97505-207e-4333-b006-552a83aa594e@group-E3215D54F09B->dcfd2284-ad1e-4267-a15d-7e148c2289cb-GrpcLogAppender: Wait interrupted by java.lang.InterruptedException
2019-09-27 09:18:42,147 [ForkJoinPool.commonPool-worker-0] INFO  impl.PendingRequests (PendingRequests.java:sendNotLeaderResponses(202)) - d1b97505-207e-4333-b006-552a83aa594e-PendingRequests: sendNotLeaderResponses
2019-09-27 09:18:42,148 [main] INFO  impl.StateMachineUpdater (StateMachineUpdater.java:stopAndJoin(125)) - e6dfef88-aea8-482b-83fb-8e87a0e55ccd@group-392D2038B3E1-StateMachineUpdater: set stopIndex = 0
2019-09-27 09:18:42,148 [ForkJoinPool.commonPool-worker-0] INFO  impl.StateMachineUpdater (StateMachineUpdater.java:stopAndJoin(125)) - d1b97505-207e-4333-b006-552a83aa594e@group-E3215D54F09B-StateMachineUpdater: set stopIndex = 0
2019-09-27 09:18:42,148 [main] INFO  impl.RaftServerImpl (ServerState.java:close(385)) - e6dfef88-aea8-482b-83fb-8e87a0e55ccd@group-392D2038B3E1: closes. applyIndex: 0
2019-09-27 09:18:42,149 [grpc-default-executor-4] INFO  server.GrpcServerProtocolService (GrpcServerProtocolService.java:onCompleted(113)) - dcfd2284-ad1e-4267-a15d-7e148c2289cb: Completed APPEND_ENTRIES, lastRequest: d1b97505-207e-4333-b006-552a83aa594e->dcfd2284-ad1e-4267-a15d-7e148c2289cb#228-t1, previous=(t:1, i:0), leaderCommit=0, initializing? false, entries: <empty>
2019-09-27 09:18:42,149 [grpc-default-executor-3] INFO  server.GrpcServerProtocolService (GrpcServerProtocolService.java:onCompleted(113)) - 88f71ae2-1168-411a-bccc-2088b7ef8e3f: Completed APPEND_ENTRIES, lastRequest: d1b97505-207e-4333-b006-552a83aa594e->88f71ae2-1168-411a-bccc-2088b7ef8e3f#227-t1, previous=(t:1, i:0), leaderCommit=0, initializing? false, entries: <empty>
2019-09-27 09:18:42,148 [ForkJoinPool.commonPool-worker-0] INFO  impl.RaftServerImpl (ServerState.java:close(385)) - d1b97505-207e-4333-b006-552a83aa594e@group-E3215D54F09B: closes. applyIndex: 0
2019-09-27 09:18:42,149 [e6dfef88-aea8-482b-83fb-8e87a0e55ccd@group-392D2038B3E1-SegmentedRaftLogWorker] INFO  segmented.SegmentedRaftLogWorker (SegmentedRaftLogWorker.java:run(313)) - e6dfef88-aea8-482b-83fb-8e87a0e55ccd@group-392D2038B3E1-SegmentedRaftLogWorker was interrupted, exiting. There are 0 tasks remaining in the queue.
2019-09-27 09:18:42,149 [d1b97505-207e-4333-b006-552a83aa594e@group-E3215D54F09B-SegmentedRaftLogWorker] INFO  segmented.SegmentedRaftLogWorker (SegmentedRaftLogWorker.java:run(313)) - d1b97505-207e-4333-b006-552a83aa594e@group-E3215D54F09B-SegmentedRaftLogWorker was interrupted, exiting. There are 0 tasks remaining in the queue.
2019-09-27 09:18:42,152 [main] INFO  segmented.SegmentedRaftLogWorker (SegmentedRaftLogWorker.java:close(228)) - e6dfef88-aea8-482b-83fb-8e87a0e55ccd@group-392D2038B3E1-SegmentedRaftLogWorker close()
2019-09-27 09:18:42,155 [grpc-default-executor-4] INFO  server.GrpcLogAppender (GrpcLogAppender.java:onCompleted(293)) - d1b97505-207e-4333-b006-552a83aa594e@group-E3215D54F09B->dcfd2284-ad1e-4267-a15d-7e148c2289cb-AppendLogResponseHandler: follower responses appendEntries COMPLETED
2019-09-27 09:18:42,155 [ForkJoinPool.commonPool-worker-0] INFO  segmented.SegmentedRaftLogWorker (SegmentedRaftLogWorker.java:close(228)) - d1b97505-207e-4333-b006-552a83aa594e@group-E3215D54F09B-SegmentedRaftLogWorker close()
2019-09-27 09:18:42,155 [grpc-default-executor-3] INFO  server.GrpcLogAppender (GrpcLogAppender.java:onCompleted(293)) - d1b97505-207e-4333-b006-552a83aa594e@group-E3215D54F09B->88f71ae2-1168-411a-bccc-2088b7ef8e3f-AppendLogResponseHandler: follower responses appendEntries COMPLETED
2019-09-27 09:18:42,160 [ForkJoinPool.commonPool-worker-0] INFO  server.GrpcService (GrpcService.java:closeImpl(164)) - d1b97505-207e-4333-b006-552a83aa594e: shutdown server with port 33569 now
2019-09-27 09:18:42,160 [grpc-default-executor-3] INFO  impl.FollowerInfo (FollowerInfo.java:lambda$new$0(51)) - d1b97505-207e-4333-b006-552a83aa594e@group-E3215D54F09B->88f71ae2-1168-411a-bccc-2088b7ef8e3f: nextIndex: updateUnconditionally 1 -> 0
2019-09-27 09:18:42,157 [main] INFO  server.GrpcService (GrpcService.java:closeImpl(164)) - e6dfef88-aea8-482b-83fb-8e87a0e55ccd: shutdown server with port 39305 now
2019-09-27 09:18:42,160 [grpc-default-executor-4] INFO  impl.FollowerInfo (FollowerInfo.java:lambda$new$0(51)) - d1b97505-207e-4333-b006-552a83aa594e@group-E3215D54F09B->dcfd2284-ad1e-4267-a15d-7e148c2289cb: nextIndex: updateUnconditionally 1 -> 0
2019-09-27 09:18:42,161 [ForkJoinPool.commonPool-worker-0] INFO  server.GrpcService (GrpcService.java:closeImpl(172)) - d1b97505-207e-4333-b006-552a83aa594e: shutdown server with port 33569 successfully
2019-09-27 09:18:42,161 [grpc-default-executor-3] WARN  server.GrpcServerProtocolService (LogUtils.java:warn(134)) - e6dfef88-aea8-482b-83fb-8e87a0e55ccd: installSnapshot onError, lastRequest: e557a3b1-6e95-4f35-a3e1-c0da55ea7bc1->e6dfef88-aea8-482b-83fb-8e87a0e55ccd#228-t1, previous=(t:1, i:0), leaderCommit=0, initializing? false, entries: <empty>: org.apache.ratis.thirdparty.io.grpc.StatusRuntimeException: CANCELLED: cancelled before receiving half close
2019-09-27 09:18:42,162 [grpc-default-executor-4] WARN  server.GrpcLogAppender (LogUtils.java:warn(134)) - e557a3b1-6e95-4f35-a3e1-c0da55ea7bc1@group-62F34B2FE18F->e6dfef88-aea8-482b-83fb-8e87a0e55ccd-AppendLogResponseHandler: Failed appendEntries: org.apache.ratis.thirdparty.io.grpc.StatusRuntimeException: CANCELLED: HTTP/2 error code: CANCEL
Received Rst Stream
2019-09-27 09:18:42,161 [main] INFO  server.GrpcService (GrpcService.java:closeImpl(172)) - e6dfef88-aea8-482b-83fb-8e87a0e55ccd: shutdown server with port 39305 successfully
2019-09-27 09:18:42,164 [grpc-default-executor-4] INFO  impl.FollowerInfo (FollowerInfo.java:lambda$new$0(51)) - e557a3b1-6e95-4f35-a3e1-c0da55ea7bc1@group-62F34B2FE18F->e6dfef88-aea8-482b-83fb-8e87a0e55ccd: nextIndex: updateUnconditionally 1 -> 0
2019-09-27 09:18:42,165 [refreshUsed-/workdir/hadoop-ozone/integration-test/target/test-dir/MiniOzoneClusterImpl-283270ba-aa50-4746-a1ea-b4b278bb6973/datanode-2/data/containers] WARN  fs.CachingGetSpaceUsed (CachingGetSpaceUsed.java:run(183)) - Thread Interrupted waiting to refresh disk information: sleep interrupted
2019-09-27 09:18:42,168 [refreshUsed-/workdir/hadoop-ozone/integration-test/target/test-dir/MiniOzoneClusterImpl-283270ba-aa50-4746-a1ea-b4b278bb6973/datanode-5/data/containers] WARN  fs.CachingGetSpaceUsed (CachingGetSpaceUsed.java:run(183)) - Thread Interrupted waiting to refresh disk information: sleep interrupted
2019-09-27 09:18:42,185 [main] INFO  utils.BackgroundService (BackgroundService.java:shutdown(148)) - Shutting down service BlockDeletingService
2019-09-27 09:18:42,191 [main] INFO  statemachine.DatanodeStateMachine (DatanodeStateMachine.java:stopDaemon(395)) - Ozone container server stopped.
2019-09-27 09:18:42,192 [main] INFO  handler.ContextHandler (ContextHandler.java:doStop(910)) - Stopped o.e.j.w.WebAppContext@4fa4f485{/,null,UNAVAILABLE}{/hddsDatanode}
2019-09-27 09:18:42,193 [ForkJoinPool.commonPool-worker-0] INFO  utils.BackgroundService (BackgroundService.java:shutdown(148)) - Shutting down service BlockDeletingService
2019-09-27 09:18:42,193 [main] INFO  server.AbstractConnector (AbstractConnector.java:doStop(318)) - Stopped ServerConnector@68dd39d2{HTTP/1.1,[http/1.1]}{0.0.0.0:0}
2019-09-27 09:18:42,193 [main] INFO  handler.ContextHandler (ContextHandler.java:doStop(910)) - Stopped o.e.j.s.ServletContextHandler@64942607{/static,jar:file:/home/user/.m2/repository/org/apache/hadoop/hadoop-hdds-container-service/0.5.0-SNAPSHOT/hadoop-hdds-container-service-0.5.0-SNAPSHOT.jar!/webapps/static,UNAVAILABLE}
2019-09-27 09:18:42,197 [main] INFO  handler.ContextHandler (ContextHandler.java:doStop(910)) - Stopped o.e.j.s.ServletContextHandler@5f05c8d6{/logs,file:///workdir/hadoop-ozone/integration-test/target/log,UNAVAILABLE}
2019-09-27 09:18:42,199 [ForkJoinPool.commonPool-worker-0] INFO  statemachine.DatanodeStateMachine (DatanodeStateMachine.java:stopDaemon(395)) - Ozone container server stopped.
2019-09-27 09:18:42,205 [ForkJoinPool.commonPool-worker-0] INFO  handler.ContextHandler (ContextHandler.java:doStop(910)) - Stopped o.e.j.w.WebAppContext@6ef60295{/,null,UNAVAILABLE}{/hddsDatanode}
2019-09-27 09:18:42,206 [ForkJoinPool.commonPool-worker-0] INFO  server.AbstractConnector (AbstractConnector.java:doStop(318)) - Stopped ServerConnector@3127cb44{HTTP/1.1,[http/1.1]}{0.0.0.0:0}
2019-09-27 09:18:42,207 [ForkJoinPool.commonPool-worker-0] INFO  handler.ContextHandler (ContextHandler.java:doStop(910)) - Stopped o.e.j.s.ServletContextHandler@10c47c79{/static,jar:file:/home/user/.m2/repository/org/apache/hadoop/hadoop-hdds-container-service/0.5.0-SNAPSHOT/hadoop-hdds-container-service-0.5.0-SNAPSHOT.jar!/webapps/static,UNAVAILABLE}
2019-09-27 09:18:42,209 [ForkJoinPool.commonPool-worker-0] INFO  handler.ContextHandler (ContextHandler.java:doStop(910)) - Stopped o.e.j.s.ServletContextHandler@3a2e9f5b{/logs,file:///workdir/hadoop-ozone/integration-test/target/log,UNAVAILABLE}
2019-09-27 09:18:42,604 [grpc-default-executor-2] WARN  server.GrpcLogAppender (LogUtils.java:warn(134)) - e557a3b1-6e95-4f35-a3e1-c0da55ea7bc1@group-62F34B2FE18F->e6dfef88-aea8-482b-83fb-8e87a0e55ccd-AppendLogResponseHandler: Failed appendEntries: org.apache.ratis.thirdparty.io.grpc.StatusRuntimeException: UNAVAILABLE: io exception
2019-09-27 09:18:42,604 [grpc-default-executor-2] INFO  impl.FollowerInfo (FollowerInfo.java:lambda$new$0(51)) - e557a3b1-6e95-4f35-a3e1-c0da55ea7bc1@group-62F34B2FE18F->e6dfef88-aea8-482b-83fb-8e87a0e55ccd: nextIndex: updateUnconditionally 0 -> 0
2019-09-27 09:18:42,723 [Datanode State Machine Thread - 0] INFO  statemachine.DatanodeStateMachine (DatanodeStateMachine.java:lambda$startDaemon$0(350)) - Ozone container server started.
2019-09-27 09:18:42,726 [Datanode State Machine Thread - 0] INFO  statemachine.DatanodeStateMachine (DatanodeStateMachine.java:lambda$startDaemon$0(350)) - Ozone container server started.
2019-09-27 09:18:43,099 [Thread-2289] INFO  impl.FollowerState (FollowerState.java:run(106)) - 88f71ae2-1168-411a-bccc-2088b7ef8e3f:group-E3215D54F09B changes to CANDIDATE, lastRpcTime:1151, electionTimeout:1100ms
2019-09-27 09:18:43,099 [Thread-2289] INFO  impl.RoleInfo (RoleInfo.java:shutdownFollowerState(121)) - 88f71ae2-1168-411a-bccc-2088b7ef8e3f: shutdown FollowerState
2019-09-27 09:18:43,099 [Thread-2289] INFO  impl.RaftServerImpl (RaftServerImpl.java:setRole(174)) - 88f71ae2-1168-411a-bccc-2088b7ef8e3f@group-E3215D54F09B: changes role from  FOLLOWER to CANDIDATE at term 1 for changeToCandidate
2019-09-27 09:18:43,099 [Thread-2289] INFO  impl.RoleInfo (RoleInfo.java:updateAndGet(143)) - 88f71ae2-1168-411a-bccc-2088b7ef8e3f: start LeaderElection
2019-09-27 09:18:43,104 [88f71ae2-1168-411a-bccc-2088b7ef8e3f@group-E3215D54F09B:LeaderElection49] INFO  impl.RaftServerImpl (ServerState.java:setLeader(253)) - 88f71ae2-1168-411a-bccc-2088b7ef8e3f@group-E3215D54F09B: change Leader from d1b97505-207e-4333-b006-552a83aa594e to null at term 1 for initElection
2019-09-27 09:18:43,107 [grpc-default-executor-4] WARN  server.GrpcLogAppender (LogUtils.java:warn(134)) - e557a3b1-6e95-4f35-a3e1-c0da55ea7bc1@group-62F34B2FE18F->e6dfef88-aea8-482b-83fb-8e87a0e55ccd-AppendLogResponseHandler: Failed appendEntries: org.apache.ratis.thirdparty.io.grpc.StatusRuntimeException: UNAVAILABLE: io exception
2019-09-27 09:18:43,107 [grpc-default-executor-4] INFO  impl.FollowerInfo (FollowerInfo.java:lambda$new$0(51)) - e557a3b1-6e95-4f35-a3e1-c0da55ea7bc1@group-62F34B2FE18F->e6dfef88-aea8-482b-83fb-8e87a0e55ccd: nextIndex: updateUnconditionally 0 -> 0
2019-09-27 09:18:43,119 [88f71ae2-1168-411a-bccc-2088b7ef8e3f@group-E3215D54F09B:LeaderElection49] INFO  impl.LeaderElection (LeaderElection.java:askForVotes(182)) - 88f71ae2-1168-411a-bccc-2088b7ef8e3f@group-E3215D54F09B:LeaderElection49: begin an election at term 2 for 0: [dcfd2284-ad1e-4267-a15d-7e148c2289cb:192.168.151.103:35614, d1b97505-207e-4333-b006-552a83aa594e:192.168.151.103:33569, 88f71ae2-1168-411a-bccc-2088b7ef8e3f:192.168.151.103:33365], old=null
2019-09-27 09:18:43,122 [88f71ae2-1168-411a-bccc-2088b7ef8e3f@group-E3215D54F09B:LeaderElection49] INFO  impl.LeaderElection (LogUtils.java:infoOrTrace(149)) - 88f71ae2-1168-411a-bccc-2088b7ef8e3f@group-E3215D54F09B:LeaderElection49 got exception when requesting votes: {}
java.util.concurrent.ExecutionException: org.apache.ratis.thirdparty.io.grpc.StatusRuntimeException: UNAVAILABLE: io exception
	at java.util.concurrent.FutureTask.report(FutureTask.java:122)
	at java.util.concurrent.FutureTask.get(FutureTask.java:192)
	at org.apache.ratis.server.impl.LeaderElection.waitForResults(LeaderElection.java:263)
	at org.apache.ratis.server.impl.LeaderElection.askForVotes(LeaderElection.java:201)
	at org.apache.ratis.server.impl.LeaderElection.run(LeaderElection.java:133)
	at java.lang.Thread.run(Thread.java:748)
Caused by: org.apache.ratis.thirdparty.io.grpc.StatusRuntimeException: UNAVAILABLE: io exception
	at org.apache.ratis.thirdparty.io.grpc.stub.ClientCalls.toStatusRuntimeException(ClientCalls.java:233)
	at org.apache.ratis.thirdparty.io.grpc.stub.ClientCalls.getUnchecked(ClientCalls.java:214)
	at org.apache.ratis.thirdparty.io.grpc.stub.ClientCalls.blockingUnaryCall(ClientCalls.java:139)
	at org.apache.ratis.proto.grpc.RaftServerProtocolServiceGrpc$RaftServerProtocolServiceBlockingStub.requestVote(RaftServerProtocolServiceGrpc.java:265)
	at org.apache.ratis.grpc.server.GrpcServerProtocolClient.requestVote(GrpcServerProtocolClient.java:90)
	at org.apache.ratis.grpc.server.GrpcService.requestVote(GrpcService.java:204)
	at org.apache.ratis.server.impl.LeaderElection.lambda$submitRequests$1(LeaderElection.java:238)
	at java.util.concurrent.FutureTask.run(FutureTask.java:266)
	at java.util.concurrent.Executors$RunnableAdapter.call(Executors.java:511)
	at java.util.concurrent.FutureTask.run(FutureTask.java:266)
	at java.util.concurrent.ThreadPoolExecutor.runWorker(ThreadPoolExecutor.java:1149)
	at java.util.concurrent.ThreadPoolExecutor$Worker.run(ThreadPoolExecutor.java:624)
	... 1 more
Caused by: org.apache.ratis.thirdparty.io.netty.channel.AbstractChannel$AnnotatedConnectException: Connection refused: /192.168.151.103:33569
	at sun.nio.ch.SocketChannelImpl.checkConnect(Native Method)
	at sun.nio.ch.SocketChannelImpl.finishConnect(SocketChannelImpl.java:717)
	at org.apache.ratis.thirdparty.io.netty.channel.socket.nio.NioSocketChannel.doFinishConnect(NioSocketChannel.java:327)
	at org.apache.ratis.thirdparty.io.netty.channel.nio.AbstractNioChannel$AbstractNioUnsafe.finishConnect(AbstractNioChannel.java:340)
	at org.apache.ratis.thirdparty.io.netty.channel.nio.NioEventLoop.processSelectedKey(NioEventLoop.java:632)
	at org.apache.ratis.thirdparty.io.netty.channel.nio.NioEventLoop.processSelectedKeysOptimized(NioEventLoop.java:579)
	at org.apache.ratis.thirdparty.io.netty.channel.nio.NioEventLoop.processSelectedKeys(NioEventLoop.java:496)
	at org.apache.ratis.thirdparty.io.netty.channel.nio.NioEventLoop.run(NioEventLoop.java:458)
	at org.apache.ratis.thirdparty.io.netty.util.concurrent.SingleThreadEventExecutor$5.run(SingleThreadEventExecutor.java:897)
	at org.apache.ratis.thirdparty.io.netty.util.concurrent.FastThreadLocalRunnable.run(FastThreadLocalRunnable.java:30)
	... 1 more
Caused by: java.net.ConnectException: Connection refused
	... 11 more
2019-09-27 09:18:43,125 [grpc-default-executor-4] INFO  impl.RaftServerImpl (ServerState.java:setLeader(253)) - dcfd2284-ad1e-4267-a15d-7e148c2289cb@group-E3215D54F09B: change Leader from d1b97505-207e-4333-b006-552a83aa594e to null at term 2 for updateCurrentTerm
2019-09-27 09:18:43,126 [grpc-default-executor-4] INFO  impl.RaftServerImpl (RaftServerImpl.java:setRole(174)) - dcfd2284-ad1e-4267-a15d-7e148c2289cb@group-E3215D54F09B: changes role from  FOLLOWER to FOLLOWER at term 2 for recognizeCandidate:88f71ae2-1168-411a-bccc-2088b7ef8e3f
2019-09-27 09:18:43,126 [grpc-default-executor-4] INFO  impl.RoleInfo (RoleInfo.java:shutdownFollowerState(121)) - dcfd2284-ad1e-4267-a15d-7e148c2289cb: shutdown FollowerState
2019-09-27 09:18:43,126 [grpc-default-executor-4] INFO  impl.RoleInfo (RoleInfo.java:updateAndGet(143)) - dcfd2284-ad1e-4267-a15d-7e148c2289cb: start FollowerState
2019-09-27 09:18:43,126 [Thread-2284] INFO  impl.FollowerState (FollowerState.java:run(115)) - dcfd2284-ad1e-4267-a15d-7e148c2289cb: FollowerState was interrupted: java.lang.InterruptedException: sleep interrupted
2019-09-27 09:18:43,143 [88f71ae2-1168-411a-bccc-2088b7ef8e3f@group-E3215D54F09B:LeaderElection49] INFO  impl.LeaderElection (LeaderElection.java:logAndReturn(56)) - 88f71ae2-1168-411a-bccc-2088b7ef8e3f@group-E3215D54F09B:LeaderElection49: Election PASSED; received 1 response(s) [88f71ae2-1168-411a-bccc-2088b7ef8e3f<-dcfd2284-ad1e-4267-a15d-7e148c2289cb#0:OK-t2] and 1 exception(s); 88f71ae2-1168-411a-bccc-2088b7ef8e3f@group-E3215D54F09B:t2, leader=null, voted=88f71ae2-1168-411a-bccc-2088b7ef8e3f, raftlog=88f71ae2-1168-411a-bccc-2088b7ef8e3f@group-E3215D54F09B-SegmentedRaftLog:OPENED:c0,f0,i0, conf=0: [dcfd2284-ad1e-4267-a15d-7e148c2289cb:192.168.151.103:35614, d1b97505-207e-4333-b006-552a83aa594e:192.168.151.103:33569, 88f71ae2-1168-411a-bccc-2088b7ef8e3f:192.168.151.103:33365], old=null
2019-09-27 09:18:43,143 [88f71ae2-1168-411a-bccc-2088b7ef8e3f@group-E3215D54F09B:LeaderElection49] INFO  impl.LeaderElection (LogUtils.java:infoOrTrace(149)) -   Exception 0: {}
java.util.concurrent.ExecutionException: org.apache.ratis.thirdparty.io.grpc.StatusRuntimeException: UNAVAILABLE: io exception
	at java.util.concurrent.FutureTask.report(FutureTask.java:122)
	at java.util.concurrent.FutureTask.get(FutureTask.java:192)
	at org.apache.ratis.server.impl.LeaderElection.waitForResults(LeaderElection.java:263)
	at org.apache.ratis.server.impl.LeaderElection.askForVotes(LeaderElection.java:201)
	at org.apache.ratis.server.impl.LeaderElection.run(LeaderElection.java:133)
	at java.lang.Thread.run(Thread.java:748)
Caused by: org.apache.ratis.thirdparty.io.grpc.StatusRuntimeException: UNAVAILABLE: io exception
	at org.apache.ratis.thirdparty.io.grpc.stub.ClientCalls.toStatusRuntimeException(ClientCalls.java:233)
	at org.apache.ratis.thirdparty.io.grpc.stub.ClientCalls.getUnchecked(ClientCalls.java:214)
	at org.apache.ratis.thirdparty.io.grpc.stub.ClientCalls.blockingUnaryCall(ClientCalls.java:139)
	at org.apache.ratis.proto.grpc.RaftServerProtocolServiceGrpc$RaftServerProtocolServiceBlockingStub.requestVote(RaftServerProtocolServiceGrpc.java:265)
	at org.apache.ratis.grpc.server.GrpcServerProtocolClient.requestVote(GrpcServerProtocolClient.java:90)
	at org.apache.ratis.grpc.server.GrpcService.requestVote(GrpcService.java:204)
	at org.apache.ratis.server.impl.LeaderElection.lambda$submitRequests$1(LeaderElection.java:238)
	at java.util.concurrent.FutureTask.run(FutureTask.java:266)
	at java.util.concurrent.Executors$RunnableAdapter.call(Executors.java:511)
	at java.util.concurrent.FutureTask.run(FutureTask.java:266)
	at java.util.concurrent.ThreadPoolExecutor.runWorker(ThreadPoolExecutor.java:1149)
	at java.util.concurrent.ThreadPoolExecutor$Worker.run(ThreadPoolExecutor.java:624)
	... 1 more
Caused by: org.apache.ratis.thirdparty.io.netty.channel.AbstractChannel$AnnotatedConnectException: Connection refused: /192.168.151.103:33569
	at sun.nio.ch.SocketChannelImpl.checkConnect(Native Method)
	at sun.nio.ch.SocketChannelImpl.finishConnect(SocketChannelImpl.java:717)
	at org.apache.ratis.thirdparty.io.netty.channel.socket.nio.NioSocketChannel.doFinishConnect(NioSocketChannel.java:327)
	at org.apache.ratis.thirdparty.io.netty.channel.nio.AbstractNioChannel$AbstractNioUnsafe.finishConnect(AbstractNioChannel.java:340)
	at org.apache.ratis.thirdparty.io.netty.channel.nio.NioEventLoop.processSelectedKey(NioEventLoop.java:632)
	at org.apache.ratis.thirdparty.io.netty.channel.nio.NioEventLoop.processSelectedKeysOptimized(NioEventLoop.java:579)
	at org.apache.ratis.thirdparty.io.netty.channel.nio.NioEventLoop.processSelectedKeys(NioEventLoop.java:496)
	at org.apache.ratis.thirdparty.io.netty.channel.nio.NioEventLoop.run(NioEventLoop.java:458)
	at org.apache.ratis.thirdparty.io.netty.util.concurrent.SingleThreadEventExecutor$5.run(SingleThreadEventExecutor.java:897)
	at org.apache.ratis.thirdparty.io.netty.util.concurrent.FastThreadLocalRunnable.run(FastThreadLocalRunnable.java:30)
	... 1 more
Caused by: java.net.ConnectException: Connection refused
	... 11 more
2019-09-27 09:18:43,144 [88f71ae2-1168-411a-bccc-2088b7ef8e3f@group-E3215D54F09B:LeaderElection49] INFO  impl.RoleInfo (RoleInfo.java:shutdownLeaderElection(134)) - 88f71ae2-1168-411a-bccc-2088b7ef8e3f: shutdown LeaderElection
2019-09-27 09:18:43,144 [88f71ae2-1168-411a-bccc-2088b7ef8e3f@group-E3215D54F09B:LeaderElection49] INFO  impl.RaftServerImpl (RaftServerImpl.java:setRole(174)) - 88f71ae2-1168-411a-bccc-2088b7ef8e3f@group-E3215D54F09B: changes role from CANDIDATE to LEADER at term 2 for changeToLeader
2019-09-27 09:18:43,144 [88f71ae2-1168-411a-bccc-2088b7ef8e3f@group-E3215D54F09B:LeaderElection49] INFO  impl.RaftServerImpl (ServerState.java:setLeader(253)) - 88f71ae2-1168-411a-bccc-2088b7ef8e3f@group-E3215D54F09B: change Leader from null to 88f71ae2-1168-411a-bccc-2088b7ef8e3f at term 2 for becomeLeader, leader elected after 40ms
2019-09-27 09:18:43,144 [88f71ae2-1168-411a-bccc-2088b7ef8e3f@group-E3215D54F09B:LeaderElection49] INFO  server.RaftServerConfigKeys (ConfUtils.java:logGet(43)) - raft.server.staging.catchup.gap = 1000 (default)
2019-09-27 09:18:43,145 [88f71ae2-1168-411a-bccc-2088b7ef8e3f@group-E3215D54F09B:LeaderElection49] INFO  server.RaftServerConfigKeys (ConfUtils.java:logGet(43)) - raft.server.rpc.sleep.time = 25ms (default)
2019-09-27 09:18:43,145 [88f71ae2-1168-411a-bccc-2088b7ef8e3f@group-E3215D54F09B:LeaderElection49] INFO  server.RaftServerConfigKeys (ConfUtils.java:logGet(43)) - raft.server.write.element-limit = 4096 (default)
2019-09-27 09:18:43,145 [88f71ae2-1168-411a-bccc-2088b7ef8e3f@group-E3215D54F09B:LeaderElection49] INFO  server.RaftServerConfigKeys (ConfUtils.java:logGet(43)) - raft.server.watch.timeout = 10s (default)
2019-09-27 09:18:43,145 [88f71ae2-1168-411a-bccc-2088b7ef8e3f@group-E3215D54F09B:LeaderElection49] INFO  server.RaftServerConfigKeys (ConfUtils.java:logGet(43)) - raft.server.watch.timeout.denomination = 1s (default)
2019-09-27 09:18:43,145 [88f71ae2-1168-411a-bccc-2088b7ef8e3f@group-E3215D54F09B:LeaderElection49] INFO  server.RaftServerConfigKeys (ConfUtils.java:logGet(43)) - raft.server.watch.element-limit = 65536 (default)
2019-09-27 09:18:43,149 [88f71ae2-1168-411a-bccc-2088b7ef8e3f@group-E3215D54F09B:LeaderElection49] INFO  server.RaftServerConfigKeys (ConfUtils.java:logGet(43)) - raft.server.log.appender.snapshot.chunk.size.max = 16MB (=16777216) (default)
2019-09-27 09:18:43,149 [88f71ae2-1168-411a-bccc-2088b7ef8e3f@group-E3215D54F09B:LeaderElection49] INFO  server.RaftServerConfigKeys (ConfUtils.java:logGet(43)) - raft.server.log.appender.buffer.byte-limit = 33554432 (custom)
2019-09-27 09:18:43,149 [88f71ae2-1168-411a-bccc-2088b7ef8e3f@group-E3215D54F09B:LeaderElection49] INFO  server.RaftServerConfigKeys (ConfUtils.java:logGet(43)) - raft.server.log.appender.buffer.element-limit = 1 (custom)
2019-09-27 09:18:43,149 [88f71ae2-1168-411a-bccc-2088b7ef8e3f@group-E3215D54F09B:LeaderElection49] INFO  grpc.GrpcConfigKeys$Server (ConfUtils.java:logGet(43)) - raft.grpc.server.leader.outstanding.appends.max = 128 (default)
2019-09-27 09:18:43,150 [88f71ae2-1168-411a-bccc-2088b7ef8e3f@group-E3215D54F09B:LeaderElection49] INFO  server.RaftServerConfigKeys (ConfUtils.java:logGet(43)) - raft.server.rpc.request.timeout = 3000ms (default)
2019-09-27 09:18:43,150 [88f71ae2-1168-411a-bccc-2088b7ef8e3f@group-E3215D54F09B:LeaderElection49] INFO  server.RaftServerConfigKeys (ConfUtils.java:logGet(43)) - raft.server.log.appender.install.snapshot.enabled = false (custom)
2019-09-27 09:18:43,150 [88f71ae2-1168-411a-bccc-2088b7ef8e3f@group-E3215D54F09B:LeaderElection49] INFO  server.RaftServerConfigKeys (ConfUtils.java:logGet(43)) - raft.server.log.appender.snapshot.chunk.size.max = 16MB (=16777216) (default)
2019-09-27 09:18:43,150 [88f71ae2-1168-411a-bccc-2088b7ef8e3f@group-E3215D54F09B:LeaderElection49] INFO  server.RaftServerConfigKeys (ConfUtils.java:logGet(43)) - raft.server.log.appender.buffer.byte-limit = 33554432 (custom)
2019-09-27 09:18:43,151 [88f71ae2-1168-411a-bccc-2088b7ef8e3f@group-E3215D54F09B:LeaderElection49] INFO  server.RaftServerConfigKeys (ConfUtils.java:logGet(43)) - raft.server.log.appender.buffer.element-limit = 1 (custom)
2019-09-27 09:18:43,151 [88f71ae2-1168-411a-bccc-2088b7ef8e3f@group-E3215D54F09B:LeaderElection49] INFO  grpc.GrpcConfigKeys$Server (ConfUtils.java:logGet(43)) - raft.grpc.server.leader.outstanding.appends.max = 128 (default)
2019-09-27 09:18:43,151 [88f71ae2-1168-411a-bccc-2088b7ef8e3f@group-E3215D54F09B:LeaderElection49] INFO  server.RaftServerConfigKeys (ConfUtils.java:logGet(43)) - raft.server.rpc.request.timeout = 3000ms (default)
2019-09-27 09:18:43,151 [88f71ae2-1168-411a-bccc-2088b7ef8e3f@group-E3215D54F09B:LeaderElection49] INFO  server.RaftServerConfigKeys (ConfUtils.java:logGet(43)) - raft.server.log.appender.install.snapshot.enabled = false (custom)
2019-09-27 09:18:43,152 [88f71ae2-1168-411a-bccc-2088b7ef8e3f@group-E3215D54F09B:LeaderElection49] INFO  impl.RoleInfo (RoleInfo.java:updateAndGet(143)) - 88f71ae2-1168-411a-bccc-2088b7ef8e3f: start LeaderState
2019-09-27 09:18:43,152 [88f71ae2-1168-411a-bccc-2088b7ef8e3f@group-E3215D54F09B:LeaderElection49] INFO  segmented.SegmentedRaftLogWorker (SegmentedRaftLogWorker.java:rollLogSegment(385)) - 88f71ae2-1168-411a-bccc-2088b7ef8e3f@group-E3215D54F09B-SegmentedRaftLogWorker: Rolling segment log-0_0 to index:0
2019-09-27 09:18:43,153 [88f71ae2-1168-411a-bccc-2088b7ef8e3f@group-E3215D54F09B-SegmentedRaftLogWorker] INFO  segmented.SegmentedRaftLogWorker (SegmentedRaftLogWorker.java:execute(526)) - 88f71ae2-1168-411a-bccc-2088b7ef8e3f@group-E3215D54F09B-SegmentedRaftLogWorker: Rolled log segment from /workdir/hadoop-ozone/integration-test/target/test-dir/MiniOzoneClusterImpl-283270ba-aa50-4746-a1ea-b4b278bb6973/datanode-4/data/ratis/691f656a-8a0d-4bc7-a277-e3215d54f09b/current/log_inprogress_0 to /workdir/hadoop-ozone/integration-test/target/test-dir/MiniOzoneClusterImpl-283270ba-aa50-4746-a1ea-b4b278bb6973/datanode-4/data/ratis/691f656a-8a0d-4bc7-a277-e3215d54f09b/current/log_0-0
2019-09-27 09:18:43,153 [88f71ae2-1168-411a-bccc-2088b7ef8e3f@group-E3215D54F09B:LeaderElection49] INFO  impl.RaftServerImpl (ServerState.java:setRaftConf(354)) - 88f71ae2-1168-411a-bccc-2088b7ef8e3f@group-E3215D54F09B: set configuration 1: [dcfd2284-ad1e-4267-a15d-7e148c2289cb:192.168.151.103:35614, d1b97505-207e-4333-b006-552a83aa594e:192.168.151.103:33569, 88f71ae2-1168-411a-bccc-2088b7ef8e3f:192.168.151.103:33365], old=null at 1
2019-09-27 09:18:43,153 [grpc-default-executor-4] WARN  server.GrpcLogAppender (LogUtils.java:warn(134)) - 88f71ae2-1168-411a-bccc-2088b7ef8e3f@group-E3215D54F09B->d1b97505-207e-4333-b006-552a83aa594e-AppendLogResponseHandler: Failed appendEntries: org.apache.ratis.thirdparty.io.grpc.StatusRuntimeException: UNAVAILABLE: io exception
2019-09-27 09:18:43,154 [grpc-default-executor-4] INFO  impl.FollowerInfo (FollowerInfo.java:lambda$new$0(51)) - 88f71ae2-1168-411a-bccc-2088b7ef8e3f@group-E3215D54F09B->d1b97505-207e-4333-b006-552a83aa594e: nextIndex: updateUnconditionally 1 -> 0
2019-09-27 09:18:43,154 [grpc-default-executor-4] INFO  impl.RaftServerImpl (ServerState.java:setLeader(253)) - dcfd2284-ad1e-4267-a15d-7e148c2289cb@group-E3215D54F09B: change Leader from null to 88f71ae2-1168-411a-bccc-2088b7ef8e3f at term 2 for appendEntries, leader elected after 29ms
2019-09-27 09:18:43,157 [grpc-default-executor-4] INFO  impl.RaftServerImpl (ServerState.java:setRaftConf(354)) - dcfd2284-ad1e-4267-a15d-7e148c2289cb@group-E3215D54F09B: set configuration 1: [dcfd2284-ad1e-4267-a15d-7e148c2289cb:192.168.151.103:35614, d1b97505-207e-4333-b006-552a83aa594e:192.168.151.103:33569, 88f71ae2-1168-411a-bccc-2088b7ef8e3f:192.168.151.103:33365], old=null at 1
2019-09-27 09:18:43,157 [grpc-default-executor-4] INFO  segmented.SegmentedRaftLogWorker (SegmentedRaftLogWorker.java:rollLogSegment(385)) - dcfd2284-ad1e-4267-a15d-7e148c2289cb@group-E3215D54F09B-SegmentedRaftLogWorker: Rolling segment log-0_0 to index:0
2019-09-27 09:18:43,158 [dcfd2284-ad1e-4267-a15d-7e148c2289cb@group-E3215D54F09B-SegmentedRaftLogWorker] INFO  segmented.SegmentedRaftLogWorker (SegmentedRaftLogWorker.java:execute(526)) - dcfd2284-ad1e-4267-a15d-7e148c2289cb@group-E3215D54F09B-SegmentedRaftLogWorker: Rolled log segment from /workdir/hadoop-ozone/integration-test/target/test-dir/MiniOzoneClusterImpl-283270ba-aa50-4746-a1ea-b4b278bb6973/datanode-1/data/ratis/691f656a-8a0d-4bc7-a277-e3215d54f09b/current/log_inprogress_0 to /workdir/hadoop-ozone/integration-test/target/test-dir/MiniOzoneClusterImpl-283270ba-aa50-4746-a1ea-b4b278bb6973/datanode-1/data/ratis/691f656a-8a0d-4bc7-a277-e3215d54f09b/current/log_0-0
2019-09-27 09:18:43,204 [88f71ae2-1168-411a-bccc-2088b7ef8e3f@group-E3215D54F09B-SegmentedRaftLogWorker] INFO  segmented.SegmentedRaftLogWorker (SegmentedRaftLogWorker.java:execute(569)) - 88f71ae2-1168-411a-bccc-2088b7ef8e3f@group-E3215D54F09B-SegmentedRaftLogWorker: created new log segment /workdir/hadoop-ozone/integration-test/target/test-dir/MiniOzoneClusterImpl-283270ba-aa50-4746-a1ea-b4b278bb6973/datanode-4/data/ratis/691f656a-8a0d-4bc7-a277-e3215d54f09b/current/log_inprogress_1
2019-09-27 09:18:43,204 [dcfd2284-ad1e-4267-a15d-7e148c2289cb@group-E3215D54F09B-SegmentedRaftLogWorker] INFO  segmented.SegmentedRaftLogWorker (SegmentedRaftLogWorker.java:execute(569)) - dcfd2284-ad1e-4267-a15d-7e148c2289cb@group-E3215D54F09B-SegmentedRaftLogWorker: created new log segment /workdir/hadoop-ozone/integration-test/target/test-dir/MiniOzoneClusterImpl-283270ba-aa50-4746-a1ea-b4b278bb6973/datanode-1/data/ratis/691f656a-8a0d-4bc7-a277-e3215d54f09b/current/log_inprogress_1
2019-09-27 09:18:43,221 [grpc-default-executor-2] WARN  server.GrpcLogAppender (LogUtils.java:warn(134)) - 88f71ae2-1168-411a-bccc-2088b7ef8e3f@group-E3215D54F09B->d1b97505-207e-4333-b006-552a83aa594e-AppendLogResponseHandler: Failed appendEntries: org.apache.ratis.thirdparty.io.grpc.StatusRuntimeException: UNAVAILABLE: io exception
2019-09-27 09:18:43,221 [grpc-default-executor-2] INFO  impl.FollowerInfo (FollowerInfo.java:lambda$new$0(51)) - 88f71ae2-1168-411a-bccc-2088b7ef8e3f@group-E3215D54F09B->d1b97505-207e-4333-b006-552a83aa594e: nextIndex: updateUnconditionally 1 -> 0
2019-09-27 09:18:43,232 [grpc-default-executor-4] WARN  server.GrpcLogAppender (LogUtils.java:warn(134)) - 88f71ae2-1168-411a-bccc-2088b7ef8e3f@group-E3215D54F09B->d1b97505-207e-4333-b006-552a83aa594e-AppendLogResponseHandler: Failed appendEntries: org.apache.ratis.thirdparty.io.grpc.StatusRuntimeException: UNAVAILABLE: io exception
2019-09-27 09:18:43,233 [grpc-default-executor-4] INFO  impl.FollowerInfo (FollowerInfo.java:lambda$new$0(51)) - 88f71ae2-1168-411a-bccc-2088b7ef8e3f@group-E3215D54F09B->d1b97505-207e-4333-b006-552a83aa594e: nextIndex: updateUnconditionally 1 -> 0
2019-09-27 09:18:43,607 [grpc-default-executor-3] WARN  server.GrpcLogAppender (LogUtils.java:warn(134)) - e557a3b1-6e95-4f35-a3e1-c0da55ea7bc1@group-62F34B2FE18F->e6dfef88-aea8-482b-83fb-8e87a0e55ccd-AppendLogResponseHandler: Failed appendEntries: org.apache.ratis.thirdparty.io.grpc.StatusRuntimeException: UNAVAILABLE: io exception
2019-09-27 09:18:43,608 [grpc-default-executor-3] INFO  impl.FollowerInfo (FollowerInfo.java:lambda$new$0(51)) - e557a3b1-6e95-4f35-a3e1-c0da55ea7bc1@group-62F34B2FE18F->e6dfef88-aea8-482b-83fb-8e87a0e55ccd: nextIndex: updateUnconditionally 0 -> 0
2019-09-27 09:18:43,737 [grpc-default-executor-3] WARN  server.GrpcLogAppender (LogUtils.java:warn(134)) - 88f71ae2-1168-411a-bccc-2088b7ef8e3f@group-E3215D54F09B->d1b97505-207e-4333-b006-552a83aa594e-AppendLogResponseHandler: Failed appendEntries: org.apache.ratis.thirdparty.io.grpc.StatusRuntimeException: UNAVAILABLE: io exception
2019-09-27 09:18:43,738 [grpc-default-executor-3] INFO  impl.FollowerInfo (FollowerInfo.java:lambda$new$0(51)) - 88f71ae2-1168-411a-bccc-2088b7ef8e3f@group-E3215D54F09B->d1b97505-207e-4333-b006-552a83aa594e: nextIndex: updateUnconditionally 0 -> 0
2019-09-27 09:18:44,108 [grpc-default-executor-3] WARN  server.GrpcLogAppender (LogUtils.java:warn(134)) - e557a3b1-6e95-4f35-a3e1-c0da55ea7bc1@group-62F34B2FE18F->e6dfef88-aea8-482b-83fb-8e87a0e55ccd-AppendLogResponseHandler: Failed appendEntries: org.apache.ratis.thirdparty.io.grpc.StatusRuntimeException: UNAVAILABLE: io exception
2019-09-27 09:18:44,109 [grpc-default-executor-3] INFO  impl.FollowerInfo (FollowerInfo.java:lambda$new$0(51)) - e557a3b1-6e95-4f35-a3e1-c0da55ea7bc1@group-62F34B2FE18F->e6dfef88-aea8-482b-83fb-8e87a0e55ccd: nextIndex: updateUnconditionally 0 -> 0
2019-09-27 09:18:44,234 [grpc-default-executor-1] WARN  server.GrpcLogAppender (LogUtils.java:warn(134)) - 88f71ae2-1168-411a-bccc-2088b7ef8e3f@group-E3215D54F09B->d1b97505-207e-4333-b006-552a83aa594e-AppendLogResponseHandler: Failed appendEntries: org.apache.ratis.thirdparty.io.grpc.StatusRuntimeException: UNAVAILABLE: io exception
2019-09-27 09:18:44,235 [grpc-default-executor-1] INFO  impl.FollowerInfo (FollowerInfo.java:lambda$new$0(51)) - 88f71ae2-1168-411a-bccc-2088b7ef8e3f@group-E3215D54F09B->d1b97505-207e-4333-b006-552a83aa594e: nextIndex: updateUnconditionally 0 -> 0
2019-09-27 09:18:44,610 [grpc-default-executor-2] WARN  server.GrpcLogAppender (LogUtils.java:warn(134)) - e557a3b1-6e95-4f35-a3e1-c0da55ea7bc1@group-62F34B2FE18F->e6dfef88-aea8-482b-83fb-8e87a0e55ccd-AppendLogResponseHandler: Failed appendEntries: org.apache.ratis.thirdparty.io.grpc.StatusRuntimeException: UNAVAILABLE: io exception
2019-09-27 09:18:44,610 [grpc-default-executor-2] INFO  impl.FollowerInfo (FollowerInfo.java:lambda$new$0(51)) - e557a3b1-6e95-4f35-a3e1-c0da55ea7bc1@group-62F34B2FE18F->e6dfef88-aea8-482b-83fb-8e87a0e55ccd: nextIndex: updateUnconditionally 0 -> 0
2019-09-27 09:18:44,735 [grpc-default-executor-1] WARN  server.GrpcLogAppender (LogUtils.java:warn(134)) - 88f71ae2-1168-411a-bccc-2088b7ef8e3f@group-E3215D54F09B->d1b97505-207e-4333-b006-552a83aa594e-AppendLogResponseHandler: Failed appendEntries: org.apache.ratis.thirdparty.io.grpc.StatusRuntimeException: UNAVAILABLE: io exception
2019-09-27 09:18:44,735 [grpc-default-executor-1] INFO  impl.FollowerInfo (FollowerInfo.java:lambda$new$0(51)) - 88f71ae2-1168-411a-bccc-2088b7ef8e3f@group-E3215D54F09B->d1b97505-207e-4333-b006-552a83aa594e: nextIndex: updateUnconditionally 0 -> 0
2019-09-27 09:18:45,111 [grpc-default-executor-3] WARN  server.GrpcLogAppender (LogUtils.java:warn(134)) - e557a3b1-6e95-4f35-a3e1-c0da55ea7bc1@group-62F34B2FE18F->e6dfef88-aea8-482b-83fb-8e87a0e55ccd-AppendLogResponseHandler: Failed appendEntries: org.apache.ratis.thirdparty.io.grpc.StatusRuntimeException: UNAVAILABLE: io exception
2019-09-27 09:18:45,112 [grpc-default-executor-3] INFO  impl.FollowerInfo (FollowerInfo.java:lambda$new$0(51)) - e557a3b1-6e95-4f35-a3e1-c0da55ea7bc1@group-62F34B2FE18F->e6dfef88-aea8-482b-83fb-8e87a0e55ccd: nextIndex: updateUnconditionally 0 -> 0
2019-09-27 09:18:45,236 [grpc-default-executor-1] WARN  server.GrpcLogAppender (LogUtils.java:warn(134)) - 88f71ae2-1168-411a-bccc-2088b7ef8e3f@group-E3215D54F09B->d1b97505-207e-4333-b006-552a83aa594e-AppendLogResponseHandler: Failed appendEntries: org.apache.ratis.thirdparty.io.grpc.StatusRuntimeException: UNAVAILABLE: io exception
2019-09-27 09:18:45,237 [grpc-default-executor-1] INFO  impl.FollowerInfo (FollowerInfo.java:lambda$new$0(51)) - 88f71ae2-1168-411a-bccc-2088b7ef8e3f@group-E3215D54F09B->d1b97505-207e-4333-b006-552a83aa594e: nextIndex: updateUnconditionally 0 -> 0
2019-09-27 09:18:45,611 [grpc-default-executor-1] WARN  server.GrpcLogAppender (LogUtils.java:warn(134)) - e557a3b1-6e95-4f35-a3e1-c0da55ea7bc1@group-62F34B2FE18F->e6dfef88-aea8-482b-83fb-8e87a0e55ccd-AppendLogResponseHandler: Failed appendEntries: org.apache.ratis.thirdparty.io.grpc.StatusRuntimeException: UNAVAILABLE: io exception
2019-09-27 09:18:45,611 [grpc-default-executor-1] INFO  impl.FollowerInfo (FollowerInfo.java:lambda$new$0(51)) - e557a3b1-6e95-4f35-a3e1-c0da55ea7bc1@group-62F34B2FE18F->e6dfef88-aea8-482b-83fb-8e87a0e55ccd: nextIndex: updateUnconditionally 0 -> 0
2019-09-27 09:18:45,737 [grpc-default-executor-2] WARN  server.GrpcLogAppender (LogUtils.java:warn(134)) - 88f71ae2-1168-411a-bccc-2088b7ef8e3f@group-E3215D54F09B->d1b97505-207e-4333-b006-552a83aa594e-AppendLogResponseHandler: Failed appendEntries: org.apache.ratis.thirdparty.io.grpc.StatusRuntimeException: UNAVAILABLE: io exception
2019-09-27 09:18:45,737 [grpc-default-executor-2] INFO  impl.FollowerInfo (FollowerInfo.java:lambda$new$0(51)) - 88f71ae2-1168-411a-bccc-2088b7ef8e3f@group-E3215D54F09B->d1b97505-207e-4333-b006-552a83aa594e: nextIndex: updateUnconditionally 0 -> 0
2019-09-27 09:18:46,111 [grpc-default-executor-1] WARN  server.GrpcLogAppender (LogUtils.java:warn(134)) - e557a3b1-6e95-4f35-a3e1-c0da55ea7bc1@group-62F34B2FE18F->e6dfef88-aea8-482b-83fb-8e87a0e55ccd-AppendLogResponseHandler: Failed appendEntries: org.apache.ratis.thirdparty.io.grpc.StatusRuntimeException: UNAVAILABLE: io exception
2019-09-27 09:18:46,112 [grpc-default-executor-1] INFO  impl.FollowerInfo (FollowerInfo.java:lambda$new$0(51)) - e557a3b1-6e95-4f35-a3e1-c0da55ea7bc1@group-62F34B2FE18F->e6dfef88-aea8-482b-83fb-8e87a0e55ccd: nextIndex: updateUnconditionally 0 -> 0
2019-09-27 09:18:46,238 [grpc-default-executor-2] WARN  server.GrpcLogAppender (LogUtils.java:warn(134)) - 88f71ae2-1168-411a-bccc-2088b7ef8e3f@group-E3215D54F09B->d1b97505-207e-4333-b006-552a83aa594e-AppendLogResponseHandler: Failed appendEntries: org.apache.ratis.thirdparty.io.grpc.StatusRuntimeException: UNAVAILABLE: io exception
2019-09-27 09:18:46,239 [grpc-default-executor-2] INFO  impl.FollowerInfo (FollowerInfo.java:lambda$new$0(51)) - 88f71ae2-1168-411a-bccc-2088b7ef8e3f@group-E3215D54F09B->d1b97505-207e-4333-b006-552a83aa594e: nextIndex: updateUnconditionally 0 -> 0
2019-09-27 09:18:46,612 [grpc-default-executor-1] WARN  server.GrpcLogAppender (LogUtils.java:warn(134)) - e557a3b1-6e95-4f35-a3e1-c0da55ea7bc1@group-62F34B2FE18F->e6dfef88-aea8-482b-83fb-8e87a0e55ccd-AppendLogResponseHandler: Failed appendEntries: org.apache.ratis.thirdparty.io.grpc.StatusRuntimeException: UNAVAILABLE: io exception
2019-09-27 09:18:46,613 [grpc-default-executor-1] INFO  impl.FollowerInfo (FollowerInfo.java:lambda$new$0(51)) - e557a3b1-6e95-4f35-a3e1-c0da55ea7bc1@group-62F34B2FE18F->e6dfef88-aea8-482b-83fb-8e87a0e55ccd: nextIndex: updateUnconditionally 0 -> 0
2019-09-27 09:18:46,739 [grpc-default-executor-3] WARN  server.GrpcLogAppender (LogUtils.java:warn(134)) - 88f71ae2-1168-411a-bccc-2088b7ef8e3f@group-E3215D54F09B->d1b97505-207e-4333-b006-552a83aa594e-AppendLogResponseHandler: Failed appendEntries: org.apache.ratis.thirdparty.io.grpc.StatusRuntimeException: UNAVAILABLE: io exception
2019-09-27 09:18:46,739 [grpc-default-executor-3] INFO  impl.FollowerInfo (FollowerInfo.java:lambda$new$0(51)) - 88f71ae2-1168-411a-bccc-2088b7ef8e3f@group-E3215D54F09B->d1b97505-207e-4333-b006-552a83aa594e: nextIndex: updateUnconditionally 0 -> 0
2019-09-27 09:18:47,113 [grpc-default-executor-3] WARN  server.GrpcLogAppender (LogUtils.java:warn(134)) - e557a3b1-6e95-4f35-a3e1-c0da55ea7bc1@group-62F34B2FE18F->e6dfef88-aea8-482b-83fb-8e87a0e55ccd-AppendLogResponseHandler: Failed appendEntries: org.apache.ratis.thirdparty.io.grpc.StatusRuntimeException: UNAVAILABLE: io exception
2019-09-27 09:18:47,114 [grpc-default-executor-3] INFO  impl.FollowerInfo (FollowerInfo.java:lambda$new$0(51)) - e557a3b1-6e95-4f35-a3e1-c0da55ea7bc1@group-62F34B2FE18F->e6dfef88-aea8-482b-83fb-8e87a0e55ccd: nextIndex: updateUnconditionally 0 -> 0
2019-09-27 09:18:47,206 [main] INFO  ozoneimpl.OzoneContainer (OzoneContainer.java:stop(231)) - Attempting to stop container services.
2019-09-27 09:18:47,207 [main] INFO  impl.RaftServerProxy (RaftServerProxy.java:lambda$close$4(314)) - e557a3b1-6e95-4f35-a3e1-c0da55ea7bc1: close
2019-09-27 09:18:47,207 [main] INFO  impl.RaftServerImpl (RaftServerImpl.java:lambda$shutdown$3(251)) - e557a3b1-6e95-4f35-a3e1-c0da55ea7bc1@group-62F34B2FE18F: shutdown
2019-09-27 09:18:47,208 [main] INFO  util.JmxRegister (JmxRegister.java:unregister(73)) - Successfully un-registered JMX Bean with object name Ratis:service=RaftServer,group=group-62F34B2FE18F,id=e557a3b1-6e95-4f35-a3e1-c0da55ea7bc1
2019-09-27 09:18:47,208 [main] INFO  impl.RoleInfo (RoleInfo.java:shutdownLeaderState(104)) - e557a3b1-6e95-4f35-a3e1-c0da55ea7bc1: shutdown LeaderState
2019-09-27 09:18:47,214 [org.apache.ratis.server.impl.LogAppender$AppenderDaemon$$Lambda$400/247186050@2bf3bd0] WARN  server.GrpcLogAppender (GrpcLogAppender.java:mayWait(143)) - e557a3b1-6e95-4f35-a3e1-c0da55ea7bc1@group-62F34B2FE18F->e6dfef88-aea8-482b-83fb-8e87a0e55ccd-GrpcLogAppender: Wait interrupted by java.lang.InterruptedException
2019-09-27 09:18:47,214 [main] INFO  impl.PendingRequests (PendingRequests.java:sendNotLeaderResponses(202)) - e557a3b1-6e95-4f35-a3e1-c0da55ea7bc1-PendingRequests: sendNotLeaderResponses
2019-09-27 09:18:47,214 [ForkJoinPool.commonPool-worker-0] INFO  ozoneimpl.OzoneContainer (OzoneContainer.java:stop(231)) - Attempting to stop container services.
2019-09-27 09:18:47,214 [org.apache.ratis.server.impl.LogAppender$AppenderDaemon$$Lambda$400/247186050@61a801ea] WARN  server.GrpcLogAppender (GrpcLogAppender.java:mayWait(143)) - e557a3b1-6e95-4f35-a3e1-c0da55ea7bc1@group-62F34B2FE18F->825f4d3a-e44b-481a-a24b-9ae922a259ab-GrpcLogAppender: Wait interrupted by java.lang.InterruptedException
2019-09-27 09:18:47,215 [main] INFO  impl.StateMachineUpdater (StateMachineUpdater.java:stopAndJoin(125)) - e557a3b1-6e95-4f35-a3e1-c0da55ea7bc1@group-62F34B2FE18F-StateMachineUpdater: set stopIndex = 0
2019-09-27 09:18:47,215 [main] INFO  impl.RaftServerImpl (ServerState.java:close(385)) - e557a3b1-6e95-4f35-a3e1-c0da55ea7bc1@group-62F34B2FE18F: closes. applyIndex: 0
2019-09-27 09:18:47,215 [ForkJoinPool.commonPool-worker-0] INFO  impl.RaftServerProxy (RaftServerProxy.java:lambda$close$4(314)) - 21577378-437d-465b-9240-181d0141bc6a: close
2019-09-27 09:18:47,216 [grpc-default-executor-2] INFO  server.GrpcServerProtocolService (GrpcServerProtocolService.java:onCompleted(113)) - 825f4d3a-e44b-481a-a24b-9ae922a259ab: Completed APPEND_ENTRIES, lastRequest: e557a3b1-6e95-4f35-a3e1-c0da55ea7bc1->825f4d3a-e44b-481a-a24b-9ae922a259ab#238-t1, previous=(t:1, i:0), leaderCommit=0, initializing? false, entries: <empty>
2019-09-27 09:18:47,216 [ForkJoinPool.commonPool-worker-0] INFO  impl.RaftServerImpl (RaftServerImpl.java:lambda$shutdown$3(251)) - 21577378-437d-465b-9240-181d0141bc6a@group-2178A0EE8164: shutdown
2019-09-27 09:18:47,216 [e557a3b1-6e95-4f35-a3e1-c0da55ea7bc1@group-62F34B2FE18F-SegmentedRaftLogWorker] INFO  segmented.SegmentedRaftLogWorker (SegmentedRaftLogWorker.java:run(313)) - e557a3b1-6e95-4f35-a3e1-c0da55ea7bc1@group-62F34B2FE18F-SegmentedRaftLogWorker was interrupted, exiting. There are 0 tasks remaining in the queue.
2019-09-27 09:18:47,217 [ForkJoinPool.commonPool-worker-0] INFO  util.JmxRegister (JmxRegister.java:unregister(73)) - Successfully un-registered JMX Bean with object name Ratis:service=RaftServer,group=group-2178A0EE8164,id=21577378-437d-465b-9240-181d0141bc6a
2019-09-27 09:18:47,220 [main] INFO  segmented.SegmentedRaftLogWorker (SegmentedRaftLogWorker.java:close(228)) - e557a3b1-6e95-4f35-a3e1-c0da55ea7bc1@group-62F34B2FE18F-SegmentedRaftLogWorker close()
2019-09-27 09:18:47,217 [grpc-default-executor-2] INFO  server.GrpcLogAppender (GrpcLogAppender.java:onCompleted(293)) - e557a3b1-6e95-4f35-a3e1-c0da55ea7bc1@group-62F34B2FE18F->825f4d3a-e44b-481a-a24b-9ae922a259ab-AppendLogResponseHandler: follower responses appendEntries COMPLETED
2019-09-27 09:18:47,223 [main] INFO  impl.RaftServerImpl (RaftServerImpl.java:lambda$shutdown$3(251)) - e557a3b1-6e95-4f35-a3e1-c0da55ea7bc1@group-9DC66057BD0D: shutdown
2019-09-27 09:18:47,220 [ForkJoinPool.commonPool-worker-0] INFO  impl.RoleInfo (RoleInfo.java:shutdownLeaderState(104)) - 21577378-437d-465b-9240-181d0141bc6a: shutdown LeaderState
2019-09-27 09:18:47,223 [main] INFO  util.JmxRegister (JmxRegister.java:unregister(73)) - Successfully un-registered JMX Bean with object name Ratis:service=RaftServer,group=group-9DC66057BD0D,id=e557a3b1-6e95-4f35-a3e1-c0da55ea7bc1
2019-09-27 09:18:47,223 [grpc-default-executor-2] INFO  impl.FollowerInfo (FollowerInfo.java:lambda$new$0(51)) - e557a3b1-6e95-4f35-a3e1-c0da55ea7bc1@group-62F34B2FE18F->825f4d3a-e44b-481a-a24b-9ae922a259ab: nextIndex: updateUnconditionally 1 -> 0
2019-09-27 09:18:47,224 [main] INFO  impl.RoleInfo (RoleInfo.java:shutdownLeaderState(104)) - e557a3b1-6e95-4f35-a3e1-c0da55ea7bc1: shutdown LeaderState
2019-09-27 09:18:47,224 [ForkJoinPool.commonPool-worker-0] INFO  impl.PendingRequests (PendingRequests.java:sendNotLeaderResponses(202)) - 21577378-437d-465b-9240-181d0141bc6a-PendingRequests: sendNotLeaderResponses
2019-09-27 09:18:47,225 [main] INFO  impl.PendingRequests (PendingRequests.java:sendNotLeaderResponses(202)) - e557a3b1-6e95-4f35-a3e1-c0da55ea7bc1-PendingRequests: sendNotLeaderResponses
2019-09-27 09:18:47,225 [ForkJoinPool.commonPool-worker-0] INFO  impl.StateMachineUpdater (StateMachineUpdater.java:stopAndJoin(125)) - 21577378-437d-465b-9240-181d0141bc6a@group-2178A0EE8164-StateMachineUpdater: set stopIndex = 0
2019-09-27 09:18:47,225 [main] INFO  impl.StateMachineUpdater (StateMachineUpdater.java:stopAndJoin(125)) - e557a3b1-6e95-4f35-a3e1-c0da55ea7bc1@group-9DC66057BD0D-StateMachineUpdater: set stopIndex = 0
2019-09-27 09:18:47,226 [ForkJoinPool.commonPool-worker-0] INFO  impl.RaftServerImpl (ServerState.java:close(385)) - 21577378-437d-465b-9240-181d0141bc6a@group-2178A0EE8164: closes. applyIndex: 0
2019-09-27 09:18:47,226 [main] INFO  impl.RaftServerImpl (ServerState.java:close(385)) - e557a3b1-6e95-4f35-a3e1-c0da55ea7bc1@group-9DC66057BD0D: closes. applyIndex: 0
2019-09-27 09:18:47,226 [21577378-437d-465b-9240-181d0141bc6a@group-2178A0EE8164-SegmentedRaftLogWorker] INFO  segmented.SegmentedRaftLogWorker (SegmentedRaftLogWorker.java:run(313)) - 21577378-437d-465b-9240-181d0141bc6a@group-2178A0EE8164-SegmentedRaftLogWorker was interrupted, exiting. There are 0 tasks remaining in the queue.
2019-09-27 09:18:47,227 [e557a3b1-6e95-4f35-a3e1-c0da55ea7bc1@group-9DC66057BD0D-SegmentedRaftLogWorker] INFO  segmented.SegmentedRaftLogWorker (SegmentedRaftLogWorker.java:run(313)) - e557a3b1-6e95-4f35-a3e1-c0da55ea7bc1@group-9DC66057BD0D-SegmentedRaftLogWorker was interrupted, exiting. There are 0 tasks remaining in the queue.
2019-09-27 09:18:47,229 [ForkJoinPool.commonPool-worker-0] INFO  segmented.SegmentedRaftLogWorker (SegmentedRaftLogWorker.java:close(228)) - 21577378-437d-465b-9240-181d0141bc6a@group-2178A0EE8164-SegmentedRaftLogWorker close()
2019-09-27 09:18:47,231 [main] INFO  segmented.SegmentedRaftLogWorker (SegmentedRaftLogWorker.java:close(228)) - e557a3b1-6e95-4f35-a3e1-c0da55ea7bc1@group-9DC66057BD0D-SegmentedRaftLogWorker close()
2019-09-27 09:18:47,234 [ForkJoinPool.commonPool-worker-0] INFO  server.GrpcService (GrpcService.java:closeImpl(164)) - 21577378-437d-465b-9240-181d0141bc6a: shutdown server with port 35538 now
2019-09-27 09:18:47,237 [main] INFO  server.GrpcService (GrpcService.java:closeImpl(164)) - e557a3b1-6e95-4f35-a3e1-c0da55ea7bc1: shutdown server with port 39568 now
2019-09-27 09:18:47,239 [ForkJoinPool.commonPool-worker-0] INFO  server.GrpcService (GrpcService.java:closeImpl(172)) - 21577378-437d-465b-9240-181d0141bc6a: shutdown server with port 35538 successfully
2019-09-27 09:18:47,239 [main] INFO  server.GrpcService (GrpcService.java:closeImpl(172)) - e557a3b1-6e95-4f35-a3e1-c0da55ea7bc1: shutdown server with port 39568 successfully
2019-09-27 09:18:47,242 [grpc-default-executor-1] WARN  server.GrpcLogAppender (LogUtils.java:warn(134)) - 88f71ae2-1168-411a-bccc-2088b7ef8e3f@group-E3215D54F09B->d1b97505-207e-4333-b006-552a83aa594e-AppendLogResponseHandler: Failed appendEntries: org.apache.ratis.thirdparty.io.grpc.StatusRuntimeException: UNAVAILABLE: io exception
2019-09-27 09:18:47,242 [refreshUsed-/workdir/hadoop-ozone/integration-test/target/test-dir/MiniOzoneClusterImpl-283270ba-aa50-4746-a1ea-b4b278bb6973/datanode-6/data/containers] WARN  fs.CachingGetSpaceUsed (CachingGetSpaceUsed.java:run(183)) - Thread Interrupted waiting to refresh disk information: sleep interrupted
2019-09-27 09:18:47,242 [refreshUsed-/workdir/hadoop-ozone/integration-test/target/test-dir/MiniOzoneClusterImpl-283270ba-aa50-4746-a1ea-b4b278bb6973/datanode-3/data/containers] WARN  fs.CachingGetSpaceUsed (CachingGetSpaceUsed.java:run(183)) - Thread Interrupted waiting to refresh disk information: sleep interrupted
2019-09-27 09:18:47,243 [grpc-default-executor-1] INFO  impl.FollowerInfo (FollowerInfo.java:lambda$new$0(51)) - 88f71ae2-1168-411a-bccc-2088b7ef8e3f@group-E3215D54F09B->d1b97505-207e-4333-b006-552a83aa594e: nextIndex: updateUnconditionally 0 -> 0
2019-09-27 09:18:47,261 [ForkJoinPool.commonPool-worker-0] INFO  utils.BackgroundService (BackgroundService.java:shutdown(148)) - Shutting down service BlockDeletingService
2019-09-27 09:18:47,267 [ForkJoinPool.commonPool-worker-0] INFO  statemachine.DatanodeStateMachine (DatanodeStateMachine.java:stopDaemon(395)) - Ozone container server stopped.
2019-09-27 09:18:47,275 [ForkJoinPool.commonPool-worker-0] INFO  handler.ContextHandler (ContextHandler.java:doStop(910)) - Stopped o.e.j.w.WebAppContext@650c405c{/,null,UNAVAILABLE}{/hddsDatanode}
2019-09-27 09:18:47,275 [ForkJoinPool.commonPool-worker-0] INFO  server.AbstractConnector (AbstractConnector.java:doStop(318)) - Stopped ServerConnector@20eaeaf8{HTTP/1.1,[http/1.1]}{0.0.0.0:0}
2019-09-27 09:18:47,283 [ForkJoinPool.commonPool-worker-0] INFO  handler.ContextHandler (ContextHandler.java:doStop(910)) - Stopped o.e.j.s.ServletContextHandler@2fe74516{/static,jar:file:/home/user/.m2/repository/org/apache/hadoop/hadoop-hdds-container-service/0.5.0-SNAPSHOT/hadoop-hdds-container-service-0.5.0-SNAPSHOT.jar!/webapps/static,UNAVAILABLE}
2019-09-27 09:18:47,284 [ForkJoinPool.commonPool-worker-0] INFO  handler.ContextHandler (ContextHandler.java:doStop(910)) - Stopped o.e.j.s.ServletContextHandler@7209ffb5{/logs,file:///workdir/hadoop-ozone/integration-test/target/log,UNAVAILABLE}
2019-09-27 09:18:47,285 [main] INFO  utils.BackgroundService (BackgroundService.java:shutdown(148)) - Shutting down service BlockDeletingService
2019-09-27 09:18:47,290 [main] INFO  statemachine.DatanodeStateMachine (DatanodeStateMachine.java:stopDaemon(395)) - Ozone container server stopped.
2019-09-27 09:18:47,291 [main] INFO  handler.ContextHandler (ContextHandler.java:doStop(910)) - Stopped o.e.j.w.WebAppContext@5649d11a{/,null,UNAVAILABLE}{/hddsDatanode}
2019-09-27 09:18:47,292 [main] INFO  server.AbstractConnector (AbstractConnector.java:doStop(318)) - Stopped ServerConnector@294f9d50{HTTP/1.1,[http/1.1]}{0.0.0.0:0}
2019-09-27 09:18:47,293 [main] INFO  handler.ContextHandler (ContextHandler.java:doStop(910)) - Stopped o.e.j.s.ServletContextHandler@59b32539{/static,jar:file:/home/user/.m2/repository/org/apache/hadoop/hadoop-hdds-container-service/0.5.0-SNAPSHOT/hadoop-hdds-container-service-0.5.0-SNAPSHOT.jar!/webapps/static,UNAVAILABLE}
2019-09-27 09:18:47,293 [main] INFO  handler.ContextHandler (ContextHandler.java:doStop(910)) - Stopped o.e.j.s.ServletContextHandler@5d94a2dc{/logs,file:///workdir/hadoop-ozone/integration-test/target/log,UNAVAILABLE}
2019-09-27 09:18:47,728 [Datanode State Machine Thread - 0] INFO  statemachine.DatanodeStateMachine (DatanodeStateMachine.java:lambda$startDaemon$0(350)) - Ozone container server started.
2019-09-27 09:18:47,742 [grpc-default-executor-1] WARN  server.GrpcLogAppender (LogUtils.java:warn(134)) - 88f71ae2-1168-411a-bccc-2088b7ef8e3f@group-E3215D54F09B->d1b97505-207e-4333-b006-552a83aa594e-AppendLogResponseHandler: Failed appendEntries: org.apache.ratis.thirdparty.io.grpc.StatusRuntimeException: UNAVAILABLE: io exception
2019-09-27 09:18:47,743 [grpc-default-executor-1] INFO  impl.FollowerInfo (FollowerInfo.java:lambda$new$0(51)) - 88f71ae2-1168-411a-bccc-2088b7ef8e3f@group-E3215D54F09B->d1b97505-207e-4333-b006-552a83aa594e: nextIndex: updateUnconditionally 0 -> 0
2019-09-27 09:18:47,776 [Datanode State Machine Thread - 0] INFO  statemachine.DatanodeStateMachine (DatanodeStateMachine.java:lambda$startDaemon$0(350)) - Ozone container server started.
2019-09-27 09:18:48,243 [grpc-default-executor-2] WARN  server.GrpcLogAppender (LogUtils.java:warn(134)) - 88f71ae2-1168-411a-bccc-2088b7ef8e3f@group-E3215D54F09B->d1b97505-207e-4333-b006-552a83aa594e-AppendLogResponseHandler: Failed appendEntries: org.apache.ratis.thirdparty.io.grpc.StatusRuntimeException: UNAVAILABLE: io exception
2019-09-27 09:18:48,244 [grpc-default-executor-2] INFO  impl.FollowerInfo (FollowerInfo.java:lambda$new$0(51)) - 88f71ae2-1168-411a-bccc-2088b7ef8e3f@group-E3215D54F09B->d1b97505-207e-4333-b006-552a83aa594e: nextIndex: updateUnconditionally 0 -> 0
2019-09-27 09:18:48,744 [grpc-default-executor-2] WARN  server.GrpcLogAppender (LogUtils.java:warn(134)) - 88f71ae2-1168-411a-bccc-2088b7ef8e3f@group-E3215D54F09B->d1b97505-207e-4333-b006-552a83aa594e-AppendLogResponseHandler: Failed appendEntries: org.apache.ratis.thirdparty.io.grpc.StatusRuntimeException: UNAVAILABLE: io exception
2019-09-27 09:18:48,744 [grpc-default-executor-2] INFO  impl.FollowerInfo (FollowerInfo.java:lambda$new$0(51)) - 88f71ae2-1168-411a-bccc-2088b7ef8e3f@group-E3215D54F09B->d1b97505-207e-4333-b006-552a83aa594e: nextIndex: updateUnconditionally 0 -> 0
2019-09-27 09:18:49,167 [Thread-2286] INFO  impl.FollowerState (FollowerState.java:run(106)) - 825f4d3a-e44b-481a-a24b-9ae922a259ab:group-62F34B2FE18F changes to CANDIDATE, lastRpcTime:2049, electionTimeout:1102ms
2019-09-27 09:18:49,167 [Thread-2286] INFO  impl.RoleInfo (RoleInfo.java:shutdownFollowerState(121)) - 825f4d3a-e44b-481a-a24b-9ae922a259ab: shutdown FollowerState
2019-09-27 09:18:49,168 [Thread-2286] INFO  impl.RaftServerImpl (RaftServerImpl.java:setRole(174)) - 825f4d3a-e44b-481a-a24b-9ae922a259ab@group-62F34B2FE18F: changes role from  FOLLOWER to CANDIDATE at term 1 for changeToCandidate
2019-09-27 09:18:49,168 [Thread-2286] INFO  impl.RoleInfo (RoleInfo.java:updateAndGet(143)) - 825f4d3a-e44b-481a-a24b-9ae922a259ab: start LeaderElection
2019-09-27 09:18:49,168 [825f4d3a-e44b-481a-a24b-9ae922a259ab@group-62F34B2FE18F:LeaderElection50] INFO  impl.RaftServerImpl (ServerState.java:setLeader(253)) - 825f4d3a-e44b-481a-a24b-9ae922a259ab@group-62F34B2FE18F: change Leader from e557a3b1-6e95-4f35-a3e1-c0da55ea7bc1 to null at term 1 for initElection
2019-09-27 09:18:49,185 [825f4d3a-e44b-481a-a24b-9ae922a259ab@group-62F34B2FE18F:LeaderElection50] INFO  impl.LeaderElection (LeaderElection.java:askForVotes(182)) - 825f4d3a-e44b-481a-a24b-9ae922a259ab@group-62F34B2FE18F:LeaderElection50: begin an election at term 2 for 0: [e6dfef88-aea8-482b-83fb-8e87a0e55ccd:192.168.151.103:39305, e557a3b1-6e95-4f35-a3e1-c0da55ea7bc1:192.168.151.103:39568, 825f4d3a-e44b-481a-a24b-9ae922a259ab:192.168.151.103:34079], old=null
2019-09-27 09:18:49,189 [825f4d3a-e44b-481a-a24b-9ae922a259ab@group-62F34B2FE18F:LeaderElection50] INFO  impl.LeaderElection (LogUtils.java:infoOrTrace(149)) - 825f4d3a-e44b-481a-a24b-9ae922a259ab@group-62F34B2FE18F:LeaderElection50 got exception when requesting votes: {}
java.util.concurrent.ExecutionException: org.apache.ratis.thirdparty.io.grpc.StatusRuntimeException: UNAVAILABLE: io exception
	at java.util.concurrent.FutureTask.report(FutureTask.java:122)
	at java.util.concurrent.FutureTask.get(FutureTask.java:192)
	at org.apache.ratis.server.impl.LeaderElection.waitForResults(LeaderElection.java:263)
	at org.apache.ratis.server.impl.LeaderElection.askForVotes(LeaderElection.java:201)
	at org.apache.ratis.server.impl.LeaderElection.run(LeaderElection.java:133)
	at java.lang.Thread.run(Thread.java:748)
Caused by: org.apache.ratis.thirdparty.io.grpc.StatusRuntimeException: UNAVAILABLE: io exception
	at org.apache.ratis.thirdparty.io.grpc.stub.ClientCalls.toStatusRuntimeException(ClientCalls.java:233)
	at org.apache.ratis.thirdparty.io.grpc.stub.ClientCalls.getUnchecked(ClientCalls.java:214)
	at org.apache.ratis.thirdparty.io.grpc.stub.ClientCalls.blockingUnaryCall(ClientCalls.java:139)
	at org.apache.ratis.proto.grpc.RaftServerProtocolServiceGrpc$RaftServerProtocolServiceBlockingStub.requestVote(RaftServerProtocolServiceGrpc.java:265)
	at org.apache.ratis.grpc.server.GrpcServerProtocolClient.requestVote(GrpcServerProtocolClient.java:90)
	at org.apache.ratis.grpc.server.GrpcService.requestVote(GrpcService.java:204)
	at org.apache.ratis.server.impl.LeaderElection.lambda$submitRequests$1(LeaderElection.java:238)
	at java.util.concurrent.FutureTask.run(FutureTask.java:266)
	at java.util.concurrent.Executors$RunnableAdapter.call(Executors.java:511)
	at java.util.concurrent.FutureTask.run(FutureTask.java:266)
	at java.util.concurrent.ThreadPoolExecutor.runWorker(ThreadPoolExecutor.java:1149)
	at java.util.concurrent.ThreadPoolExecutor$Worker.run(ThreadPoolExecutor.java:624)
	... 1 more
Caused by: org.apache.ratis.thirdparty.io.netty.channel.AbstractChannel$AnnotatedConnectException: Connection refused: /192.168.151.103:39568
	at sun.nio.ch.SocketChannelImpl.checkConnect(Native Method)
	at sun.nio.ch.SocketChannelImpl.finishConnect(SocketChannelImpl.java:717)
	at org.apache.ratis.thirdparty.io.netty.channel.socket.nio.NioSocketChannel.doFinishConnect(NioSocketChannel.java:327)
	at org.apache.ratis.thirdparty.io.netty.channel.nio.AbstractNioChannel$AbstractNioUnsafe.finishConnect(AbstractNioChannel.java:340)
	at org.apache.ratis.thirdparty.io.netty.channel.nio.NioEventLoop.processSelectedKey(NioEventLoop.java:632)
	at org.apache.ratis.thirdparty.io.netty.channel.nio.NioEventLoop.processSelectedKeysOptimized(NioEventLoop.java:579)
	at org.apache.ratis.thirdparty.io.netty.channel.nio.NioEventLoop.processSelectedKeys(NioEventLoop.java:496)
	at org.apache.ratis.thirdparty.io.netty.channel.nio.NioEventLoop.run(NioEventLoop.java:458)
	at org.apache.ratis.thirdparty.io.netty.util.concurrent.SingleThreadEventExecutor$5.run(SingleThreadEventExecutor.java:897)
	at org.apache.ratis.thirdparty.io.netty.util.concurrent.FastThreadLocalRunnable.run(FastThreadLocalRunnable.java:30)
	... 1 more
Caused by: java.net.ConnectException: Connection refused
	... 11 more
2019-09-27 09:18:49,200 [825f4d3a-e44b-481a-a24b-9ae922a259ab@group-62F34B2FE18F:LeaderElection50] INFO  impl.LeaderElection (LogUtils.java:infoOrTrace(149)) - 825f4d3a-e44b-481a-a24b-9ae922a259ab@group-62F34B2FE18F:LeaderElection50 got exception when requesting votes: {}
java.util.concurrent.ExecutionException: org.apache.ratis.thirdparty.io.grpc.StatusRuntimeException: UNAVAILABLE: io exception
	at java.util.concurrent.FutureTask.report(FutureTask.java:122)
	at java.util.concurrent.FutureTask.get(FutureTask.java:192)
	at org.apache.ratis.server.impl.LeaderElection.waitForResults(LeaderElection.java:263)
	at org.apache.ratis.server.impl.LeaderElection.askForVotes(LeaderElection.java:201)
	at org.apache.ratis.server.impl.LeaderElection.run(LeaderElection.java:133)
	at java.lang.Thread.run(Thread.java:748)
Caused by: org.apache.ratis.thirdparty.io.grpc.StatusRuntimeException: UNAVAILABLE: io exception
	at org.apache.ratis.thirdparty.io.grpc.stub.ClientCalls.toStatusRuntimeException(ClientCalls.java:233)
	at org.apache.ratis.thirdparty.io.grpc.stub.ClientCalls.getUnchecked(ClientCalls.java:214)
	at org.apache.ratis.thirdparty.io.grpc.stub.ClientCalls.blockingUnaryCall(ClientCalls.java:139)
	at org.apache.ratis.proto.grpc.RaftServerProtocolServiceGrpc$RaftServerProtocolServiceBlockingStub.requestVote(RaftServerProtocolServiceGrpc.java:265)
	at org.apache.ratis.grpc.server.GrpcServerProtocolClient.requestVote(GrpcServerProtocolClient.java:90)
	at org.apache.ratis.grpc.server.GrpcService.requestVote(GrpcService.java:204)
	at org.apache.ratis.server.impl.LeaderElection.lambda$submitRequests$1(LeaderElection.java:238)
	at java.util.concurrent.FutureTask.run(FutureTask.java:266)
	at java.util.concurrent.Executors$RunnableAdapter.call(Executors.java:511)
	at java.util.concurrent.FutureTask.run(FutureTask.java:266)
	at java.util.concurrent.ThreadPoolExecutor.runWorker(ThreadPoolExecutor.java:1149)
	at java.util.concurrent.ThreadPoolExecutor$Worker.run(ThreadPoolExecutor.java:624)
	... 1 more
Caused by: org.apache.ratis.thirdparty.io.netty.channel.AbstractChannel$AnnotatedConnectException: Connection refused: /192.168.151.103:39305
	at sun.nio.ch.SocketChannelImpl.checkConnect(Native Method)
	at sun.nio.ch.SocketChannelImpl.finishConnect(SocketChannelImpl.java:717)
	at org.apache.ratis.thirdparty.io.netty.channel.socket.nio.NioSocketChannel.doFinishConnect(NioSocketChannel.java:327)
	at org.apache.ratis.thirdparty.io.netty.channel.nio.AbstractNioChannel$AbstractNioUnsafe.finishConnect(AbstractNioChannel.java:340)
	at org.apache.ratis.thirdparty.io.netty.channel.nio.NioEventLoop.processSelectedKey(NioEventLoop.java:632)
	at org.apache.ratis.thirdparty.io.netty.channel.nio.NioEventLoop.processSelectedKeysOptimized(NioEventLoop.java:579)
	at org.apache.ratis.thirdparty.io.netty.channel.nio.NioEventLoop.processSelectedKeys(NioEventLoop.java:496)
	at org.apache.ratis.thirdparty.io.netty.channel.nio.NioEventLoop.run(NioEventLoop.java:458)
	at org.apache.ratis.thirdparty.io.netty.util.concurrent.SingleThreadEventExecutor$5.run(SingleThreadEventExecutor.java:897)
	at org.apache.ratis.thirdparty.io.netty.util.concurrent.FastThreadLocalRunnable.run(FastThreadLocalRunnable.java:30)
	... 1 more
Caused by: java.net.ConnectException: Connection refused
	... 11 more
2019-09-27 09:18:49,202 [825f4d3a-e44b-481a-a24b-9ae922a259ab@group-62F34B2FE18F:LeaderElection50] INFO  impl.LeaderElection (LeaderElection.java:logAndReturn(56)) - 825f4d3a-e44b-481a-a24b-9ae922a259ab@group-62F34B2FE18F:LeaderElection50: Election REJECTED; received 0 response(s) [] and 2 exception(s); 825f4d3a-e44b-481a-a24b-9ae922a259ab@group-62F34B2FE18F:t2, leader=null, voted=825f4d3a-e44b-481a-a24b-9ae922a259ab, raftlog=825f4d3a-e44b-481a-a24b-9ae922a259ab@group-62F34B2FE18F-SegmentedRaftLog:OPENED:c0,f0,i0, conf=0: [e6dfef88-aea8-482b-83fb-8e87a0e55ccd:192.168.151.103:39305, e557a3b1-6e95-4f35-a3e1-c0da55ea7bc1:192.168.151.103:39568, 825f4d3a-e44b-481a-a24b-9ae922a259ab:192.168.151.103:34079], old=null
2019-09-27 09:18:49,202 [825f4d3a-e44b-481a-a24b-9ae922a259ab@group-62F34B2FE18F:LeaderElection50] INFO  impl.LeaderElection (LogUtils.java:infoOrTrace(149)) -   Exception 0: {}
java.util.concurrent.ExecutionException: org.apache.ratis.thirdparty.io.grpc.StatusRuntimeException: UNAVAILABLE: io exception
	at java.util.concurrent.FutureTask.report(FutureTask.java:122)
	at java.util.concurrent.FutureTask.get(FutureTask.java:192)
	at org.apache.ratis.server.impl.LeaderElection.waitForResults(LeaderElection.java:263)
	at org.apache.ratis.server.impl.LeaderElection.askForVotes(LeaderElection.java:201)
	at org.apache.ratis.server.impl.LeaderElection.run(LeaderElection.java:133)
	at java.lang.Thread.run(Thread.java:748)
Caused by: org.apache.ratis.thirdparty.io.grpc.StatusRuntimeException: UNAVAILABLE: io exception
	at org.apache.ratis.thirdparty.io.grpc.stub.ClientCalls.toStatusRuntimeException(ClientCalls.java:233)
	at org.apache.ratis.thirdparty.io.grpc.stub.ClientCalls.getUnchecked(ClientCalls.java:214)
	at org.apache.ratis.thirdparty.io.grpc.stub.ClientCalls.blockingUnaryCall(ClientCalls.java:139)
	at org.apache.ratis.proto.grpc.RaftServerProtocolServiceGrpc$RaftServerProtocolServiceBlockingStub.requestVote(RaftServerProtocolServiceGrpc.java:265)
	at org.apache.ratis.grpc.server.GrpcServerProtocolClient.requestVote(GrpcServerProtocolClient.java:90)
	at org.apache.ratis.grpc.server.GrpcService.requestVote(GrpcService.java:204)
	at org.apache.ratis.server.impl.LeaderElection.lambda$submitRequests$1(LeaderElection.java:238)
	at java.util.concurrent.FutureTask.run(FutureTask.java:266)
	at java.util.concurrent.Executors$RunnableAdapter.call(Executors.java:511)
	at java.util.concurrent.FutureTask.run(FutureTask.java:266)
	at java.util.concurrent.ThreadPoolExecutor.runWorker(ThreadPoolExecutor.java:1149)
	at java.util.concurrent.ThreadPoolExecutor$Worker.run(ThreadPoolExecutor.java:624)
	... 1 more
Caused by: org.apache.ratis.thirdparty.io.netty.channel.AbstractChannel$AnnotatedConnectException: Connection refused: /192.168.151.103:39568
	at sun.nio.ch.SocketChannelImpl.checkConnect(Native Method)
	at sun.nio.ch.SocketChannelImpl.finishConnect(SocketChannelImpl.java:717)
	at org.apache.ratis.thirdparty.io.netty.channel.socket.nio.NioSocketChannel.doFinishConnect(NioSocketChannel.java:327)
	at org.apache.ratis.thirdparty.io.netty.channel.nio.AbstractNioChannel$AbstractNioUnsafe.finishConnect(AbstractNioChannel.java:340)
	at org.apache.ratis.thirdparty.io.netty.channel.nio.NioEventLoop.processSelectedKey(NioEventLoop.java:632)
	at org.apache.ratis.thirdparty.io.netty.channel.nio.NioEventLoop.processSelectedKeysOptimized(NioEventLoop.java:579)
	at org.apache.ratis.thirdparty.io.netty.channel.nio.NioEventLoop.processSelectedKeys(NioEventLoop.java:496)
	at org.apache.ratis.thirdparty.io.netty.channel.nio.NioEventLoop.run(NioEventLoop.java:458)
	at org.apache.ratis.thirdparty.io.netty.util.concurrent.SingleThreadEventExecutor$5.run(SingleThreadEventExecutor.java:897)
	at org.apache.ratis.thirdparty.io.netty.util.concurrent.FastThreadLocalRunnable.run(FastThreadLocalRunnable.java:30)
	... 1 more
Caused by: java.net.ConnectException: Connection refused
	... 11 more
2019-09-27 09:18:49,203 [825f4d3a-e44b-481a-a24b-9ae922a259ab@group-62F34B2FE18F:LeaderElection50] INFO  impl.LeaderElection (LogUtils.java:infoOrTrace(149)) -   Exception 1: {}
java.util.concurrent.ExecutionException: org.apache.ratis.thirdparty.io.grpc.StatusRuntimeException: UNAVAILABLE: io exception
	at java.util.concurrent.FutureTask.report(FutureTask.java:122)
	at java.util.concurrent.FutureTask.get(FutureTask.java:192)
	at org.apache.ratis.server.impl.LeaderElection.waitForResults(LeaderElection.java:263)
	at org.apache.ratis.server.impl.LeaderElection.askForVotes(LeaderElection.java:201)
	at org.apache.ratis.server.impl.LeaderElection.run(LeaderElection.java:133)
	at java.lang.Thread.run(Thread.java:748)
Caused by: org.apache.ratis.thirdparty.io.grpc.StatusRuntimeException: UNAVAILABLE: io exception
	at org.apache.ratis.thirdparty.io.grpc.stub.ClientCalls.toStatusRuntimeException(ClientCalls.java:233)
	at org.apache.ratis.thirdparty.io.grpc.stub.ClientCalls.getUnchecked(ClientCalls.java:214)
	at org.apache.ratis.thirdparty.io.grpc.stub.ClientCalls.blockingUnaryCall(ClientCalls.java:139)
	at org.apache.ratis.proto.grpc.RaftServerProtocolServiceGrpc$RaftServerProtocolServiceBlockingStub.requestVote(RaftServerProtocolServiceGrpc.java:265)
	at org.apache.ratis.grpc.server.GrpcServerProtocolClient.requestVote(GrpcServerProtocolClient.java:90)
	at org.apache.ratis.grpc.server.GrpcService.requestVote(GrpcService.java:204)
	at org.apache.ratis.server.impl.LeaderElection.lambda$submitRequests$1(LeaderElection.java:238)
	at java.util.concurrent.FutureTask.run(FutureTask.java:266)
	at java.util.concurrent.Executors$RunnableAdapter.call(Executors.java:511)
	at java.util.concurrent.FutureTask.run(FutureTask.java:266)
	at java.util.concurrent.ThreadPoolExecutor.runWorker(ThreadPoolExecutor.java:1149)
	at java.util.concurrent.ThreadPoolExecutor$Worker.run(ThreadPoolExecutor.java:624)
	... 1 more
Caused by: org.apache.ratis.thirdparty.io.netty.channel.AbstractChannel$AnnotatedConnectException: Connection refused: /192.168.151.103:39305
	at sun.nio.ch.SocketChannelImpl.checkConnect(Native Method)
	at sun.nio.ch.SocketChannelImpl.finishConnect(SocketChannelImpl.java:717)
	at org.apache.ratis.thirdparty.io.netty.channel.socket.nio.NioSocketChannel.doFinishConnect(NioSocketChannel.java:327)
	at org.apache.ratis.thirdparty.io.netty.channel.nio.AbstractNioChannel$AbstractNioUnsafe.finishConnect(AbstractNioChannel.java:340)
	at org.apache.ratis.thirdparty.io.netty.channel.nio.NioEventLoop.processSelectedKey(NioEventLoop.java:632)
	at org.apache.ratis.thirdparty.io.netty.channel.nio.NioEventLoop.processSelectedKeysOptimized(NioEventLoop.java:579)
	at org.apache.ratis.thirdparty.io.netty.channel.nio.NioEventLoop.processSelectedKeys(NioEventLoop.java:496)
	at org.apache.ratis.thirdparty.io.netty.channel.nio.NioEventLoop.run(NioEventLoop.java:458)
	at org.apache.ratis.thirdparty.io.netty.util.concurrent.SingleThreadEventExecutor$5.run(SingleThreadEventExecutor.java:897)
	at org.apache.ratis.thirdparty.io.netty.util.concurrent.FastThreadLocalRunnable.run(FastThreadLocalRunnable.java:30)
	... 1 more
Caused by: java.net.ConnectException: Connection refused
	... 11 more
2019-09-27 09:18:49,203 [825f4d3a-e44b-481a-a24b-9ae922a259ab@group-62F34B2FE18F:LeaderElection50] INFO  impl.RaftServerImpl (RaftServerImpl.java:setRole(174)) - 825f4d3a-e44b-481a-a24b-9ae922a259ab@group-62F34B2FE18F: changes role from CANDIDATE to FOLLOWER at term 2 for DISCOVERED_A_NEW_TERM
2019-09-27 09:18:49,203 [825f4d3a-e44b-481a-a24b-9ae922a259ab@group-62F34B2FE18F:LeaderElection50] INFO  impl.RoleInfo (RoleInfo.java:shutdownLeaderElection(134)) - 825f4d3a-e44b-481a-a24b-9ae922a259ab: shutdown LeaderElection
2019-09-27 09:18:49,203 [825f4d3a-e44b-481a-a24b-9ae922a259ab@group-62F34B2FE18F:LeaderElection50] INFO  impl.RoleInfo (RoleInfo.java:updateAndGet(143)) - 825f4d3a-e44b-481a-a24b-9ae922a259ab: start FollowerState
2019-09-27 09:18:49,245 [grpc-default-executor-1] WARN  server.GrpcLogAppender (LogUtils.java:warn(134)) - 88f71ae2-1168-411a-bccc-2088b7ef8e3f@group-E3215D54F09B->d1b97505-207e-4333-b006-552a83aa594e-AppendLogResponseHandler: Failed appendEntries: org.apache.ratis.thirdparty.io.grpc.StatusRuntimeException: UNAVAILABLE: io exception
2019-09-27 09:18:49,245 [grpc-default-executor-1] INFO  impl.FollowerInfo (FollowerInfo.java:lambda$new$0(51)) - 88f71ae2-1168-411a-bccc-2088b7ef8e3f@group-E3215D54F09B->d1b97505-207e-4333-b006-552a83aa594e: nextIndex: updateUnconditionally 0 -> 0
2019-09-27 09:18:49,746 [grpc-default-executor-3] WARN  server.GrpcLogAppender (LogUtils.java:warn(134)) - 88f71ae2-1168-411a-bccc-2088b7ef8e3f@group-E3215D54F09B->d1b97505-207e-4333-b006-552a83aa594e-AppendLogResponseHandler: Failed appendEntries: org.apache.ratis.thirdparty.io.grpc.StatusRuntimeException: UNAVAILABLE: io exception
2019-09-27 09:18:49,746 [grpc-default-executor-3] INFO  impl.FollowerInfo (FollowerInfo.java:lambda$new$0(51)) - 88f71ae2-1168-411a-bccc-2088b7ef8e3f@group-E3215D54F09B->d1b97505-207e-4333-b006-552a83aa594e: nextIndex: updateUnconditionally 0 -> 0
2019-09-27 09:18:50,246 [grpc-default-executor-2] WARN  server.GrpcLogAppender (LogUtils.java:warn(134)) - 88f71ae2-1168-411a-bccc-2088b7ef8e3f@group-E3215D54F09B->d1b97505-207e-4333-b006-552a83aa594e-AppendLogResponseHandler: Failed appendEntries: org.apache.ratis.thirdparty.io.grpc.StatusRuntimeException: UNAVAILABLE: io exception
2019-09-27 09:18:50,247 [grpc-default-executor-2] INFO  impl.FollowerInfo (FollowerInfo.java:lambda$new$0(51)) - 88f71ae2-1168-411a-bccc-2088b7ef8e3f@group-E3215D54F09B->d1b97505-207e-4333-b006-552a83aa594e: nextIndex: updateUnconditionally 0 -> 0
2019-09-27 09:18:50,362 [Thread-3805] INFO  impl.FollowerState (FollowerState.java:run(106)) - 825f4d3a-e44b-481a-a24b-9ae922a259ab:group-62F34B2FE18F changes to CANDIDATE, lastRpcTime:1158, electionTimeout:1158ms
2019-09-27 09:18:50,362 [Thread-3805] INFO  impl.RoleInfo (RoleInfo.java:shutdownFollowerState(121)) - 825f4d3a-e44b-481a-a24b-9ae922a259ab: shutdown FollowerState
2019-09-27 09:18:50,362 [Thread-3805] INFO  impl.RaftServerImpl (RaftServerImpl.java:setRole(174)) - 825f4d3a-e44b-481a-a24b-9ae922a259ab@group-62F34B2FE18F: changes role from  FOLLOWER to CANDIDATE at term 2 for changeToCandidate
2019-09-27 09:18:50,362 [Thread-3805] INFO  impl.RoleInfo (RoleInfo.java:updateAndGet(143)) - 825f4d3a-e44b-481a-a24b-9ae922a259ab: start LeaderElection
2019-09-27 09:18:50,380 [825f4d3a-e44b-481a-a24b-9ae922a259ab@group-62F34B2FE18F:LeaderElection51] INFO  impl.LeaderElection (LeaderElection.java:askForVotes(182)) - 825f4d3a-e44b-481a-a24b-9ae922a259ab@group-62F34B2FE18F:LeaderElection51: begin an election at term 3 for 0: [e6dfef88-aea8-482b-83fb-8e87a0e55ccd:192.168.151.103:39305, e557a3b1-6e95-4f35-a3e1-c0da55ea7bc1:192.168.151.103:39568, 825f4d3a-e44b-481a-a24b-9ae922a259ab:192.168.151.103:34079], old=null
2019-09-27 09:18:50,381 [825f4d3a-e44b-481a-a24b-9ae922a259ab@group-62F34B2FE18F:LeaderElection51] INFO  impl.LeaderElection (LogUtils.java:infoOrTrace(149)) - 825f4d3a-e44b-481a-a24b-9ae922a259ab@group-62F34B2FE18F:LeaderElection51 got exception when requesting votes: {}
java.util.concurrent.ExecutionException: org.apache.ratis.thirdparty.io.grpc.StatusRuntimeException: UNAVAILABLE: io exception
	at java.util.concurrent.FutureTask.report(FutureTask.java:122)
	at java.util.concurrent.FutureTask.get(FutureTask.java:192)
	at org.apache.ratis.server.impl.LeaderElection.waitForResults(LeaderElection.java:263)
	at org.apache.ratis.server.impl.LeaderElection.askForVotes(LeaderElection.java:201)
	at org.apache.ratis.server.impl.LeaderElection.run(LeaderElection.java:133)
	at java.lang.Thread.run(Thread.java:748)
Caused by: org.apache.ratis.thirdparty.io.grpc.StatusRuntimeException: UNAVAILABLE: io exception
	at org.apache.ratis.thirdparty.io.grpc.stub.ClientCalls.toStatusRuntimeException(ClientCalls.java:233)
	at org.apache.ratis.thirdparty.io.grpc.stub.ClientCalls.getUnchecked(ClientCalls.java:214)
	at org.apache.ratis.thirdparty.io.grpc.stub.ClientCalls.blockingUnaryCall(ClientCalls.java:139)
	at org.apache.ratis.proto.grpc.RaftServerProtocolServiceGrpc$RaftServerProtocolServiceBlockingStub.requestVote(RaftServerProtocolServiceGrpc.java:265)
	at org.apache.ratis.grpc.server.GrpcServerProtocolClient.requestVote(GrpcServerProtocolClient.java:90)
	at org.apache.ratis.grpc.server.GrpcService.requestVote(GrpcService.java:204)
	at org.apache.ratis.server.impl.LeaderElection.lambda$submitRequests$1(LeaderElection.java:238)
	at java.util.concurrent.FutureTask.run(FutureTask.java:266)
	at java.util.concurrent.Executors$RunnableAdapter.call(Executors.java:511)
	at java.util.concurrent.FutureTask.run(FutureTask.java:266)
	at java.util.concurrent.ThreadPoolExecutor.runWorker(ThreadPoolExecutor.java:1149)
	at java.util.concurrent.ThreadPoolExecutor$Worker.run(ThreadPoolExecutor.java:624)
	... 1 more
Caused by: org.apache.ratis.thirdparty.io.netty.channel.AbstractChannel$AnnotatedConnectException: Connection refused: /192.168.151.103:39305
	at sun.nio.ch.SocketChannelImpl.checkConnect(Native Method)
	at sun.nio.ch.SocketChannelImpl.finishConnect(SocketChannelImpl.java:717)
	at org.apache.ratis.thirdparty.io.netty.channel.socket.nio.NioSocketChannel.doFinishConnect(NioSocketChannel.java:327)
	at org.apache.ratis.thirdparty.io.netty.channel.nio.AbstractNioChannel$AbstractNioUnsafe.finishConnect(AbstractNioChannel.java:340)
	at org.apache.ratis.thirdparty.io.netty.channel.nio.NioEventLoop.processSelectedKey(NioEventLoop.java:632)
	at org.apache.ratis.thirdparty.io.netty.channel.nio.NioEventLoop.processSelectedKeysOptimized(NioEventLoop.java:579)
	at org.apache.ratis.thirdparty.io.netty.channel.nio.NioEventLoop.processSelectedKeys(NioEventLoop.java:496)
	at org.apache.ratis.thirdparty.io.netty.channel.nio.NioEventLoop.run(NioEventLoop.java:458)
	at org.apache.ratis.thirdparty.io.netty.util.concurrent.SingleThreadEventExecutor$5.run(SingleThreadEventExecutor.java:897)
	at org.apache.ratis.thirdparty.io.netty.util.concurrent.FastThreadLocalRunnable.run(FastThreadLocalRunnable.java:30)
	... 1 more
Caused by: java.net.ConnectException: Connection refused
	... 11 more
2019-09-27 09:18:50,385 [825f4d3a-e44b-481a-a24b-9ae922a259ab@group-62F34B2FE18F:LeaderElection51] INFO  impl.LeaderElection (LogUtils.java:infoOrTrace(149)) - 825f4d3a-e44b-481a-a24b-9ae922a259ab@group-62F34B2FE18F:LeaderElection51 got exception when requesting votes: {}
java.util.concurrent.ExecutionException: org.apache.ratis.thirdparty.io.grpc.StatusRuntimeException: UNAVAILABLE: io exception
	at java.util.concurrent.FutureTask.report(FutureTask.java:122)
	at java.util.concurrent.FutureTask.get(FutureTask.java:192)
	at org.apache.ratis.server.impl.LeaderElection.waitForResults(LeaderElection.java:263)
	at org.apache.ratis.server.impl.LeaderElection.askForVotes(LeaderElection.java:201)
	at org.apache.ratis.server.impl.LeaderElection.run(LeaderElection.java:133)
	at java.lang.Thread.run(Thread.java:748)
Caused by: org.apache.ratis.thirdparty.io.grpc.StatusRuntimeException: UNAVAILABLE: io exception
	at org.apache.ratis.thirdparty.io.grpc.stub.ClientCalls.toStatusRuntimeException(ClientCalls.java:233)
	at org.apache.ratis.thirdparty.io.grpc.stub.ClientCalls.getUnchecked(ClientCalls.java:214)
	at org.apache.ratis.thirdparty.io.grpc.stub.ClientCalls.blockingUnaryCall(ClientCalls.java:139)
	at org.apache.ratis.proto.grpc.RaftServerProtocolServiceGrpc$RaftServerProtocolServiceBlockingStub.requestVote(RaftServerProtocolServiceGrpc.java:265)
	at org.apache.ratis.grpc.server.GrpcServerProtocolClient.requestVote(GrpcServerProtocolClient.java:90)
	at org.apache.ratis.grpc.server.GrpcService.requestVote(GrpcService.java:204)
	at org.apache.ratis.server.impl.LeaderElection.lambda$submitRequests$1(LeaderElection.java:238)
	at java.util.concurrent.FutureTask.run(FutureTask.java:266)
	at java.util.concurrent.Executors$RunnableAdapter.call(Executors.java:511)
	at java.util.concurrent.FutureTask.run(FutureTask.java:266)
	at java.util.concurrent.ThreadPoolExecutor.runWorker(ThreadPoolExecutor.java:1149)
	at java.util.concurrent.ThreadPoolExecutor$Worker.run(ThreadPoolExecutor.java:624)
	... 1 more
Caused by: org.apache.ratis.thirdparty.io.netty.channel.AbstractChannel$AnnotatedConnectException: Connection refused: /192.168.151.103:39568
	at sun.nio.ch.SocketChannelImpl.checkConnect(Native Method)
	at sun.nio.ch.SocketChannelImpl.finishConnect(SocketChannelImpl.java:717)
	at org.apache.ratis.thirdparty.io.netty.channel.socket.nio.NioSocketChannel.doFinishConnect(NioSocketChannel.java:327)
	at org.apache.ratis.thirdparty.io.netty.channel.nio.AbstractNioChannel$AbstractNioUnsafe.finishConnect(AbstractNioChannel.java:340)
	at org.apache.ratis.thirdparty.io.netty.channel.nio.NioEventLoop.processSelectedKey(NioEventLoop.java:632)
	at org.apache.ratis.thirdparty.io.netty.channel.nio.NioEventLoop.processSelectedKeysOptimized(NioEventLoop.java:579)
	at org.apache.ratis.thirdparty.io.netty.channel.nio.NioEventLoop.processSelectedKeys(NioEventLoop.java:496)
	at org.apache.ratis.thirdparty.io.netty.channel.nio.NioEventLoop.run(NioEventLoop.java:458)
	at org.apache.ratis.thirdparty.io.netty.util.concurrent.SingleThreadEventExecutor$5.run(SingleThreadEventExecutor.java:897)
	at org.apache.ratis.thirdparty.io.netty.util.concurrent.FastThreadLocalRunnable.run(FastThreadLocalRunnable.java:30)
	... 1 more
Caused by: java.net.ConnectException: Connection refused
	... 11 more
2019-09-27 09:18:50,387 [825f4d3a-e44b-481a-a24b-9ae922a259ab@group-62F34B2FE18F:LeaderElection51] INFO  impl.LeaderElection (LeaderElection.java:logAndReturn(56)) - 825f4d3a-e44b-481a-a24b-9ae922a259ab@group-62F34B2FE18F:LeaderElection51: Election REJECTED; received 0 response(s) [] and 2 exception(s); 825f4d3a-e44b-481a-a24b-9ae922a259ab@group-62F34B2FE18F:t3, leader=null, voted=825f4d3a-e44b-481a-a24b-9ae922a259ab, raftlog=825f4d3a-e44b-481a-a24b-9ae922a259ab@group-62F34B2FE18F-SegmentedRaftLog:OPENED:c0,f0,i0, conf=0: [e6dfef88-aea8-482b-83fb-8e87a0e55ccd:192.168.151.103:39305, e557a3b1-6e95-4f35-a3e1-c0da55ea7bc1:192.168.151.103:39568, 825f4d3a-e44b-481a-a24b-9ae922a259ab:192.168.151.103:34079], old=null
2019-09-27 09:18:50,387 [825f4d3a-e44b-481a-a24b-9ae922a259ab@group-62F34B2FE18F:LeaderElection51] INFO  impl.LeaderElection (LogUtils.java:infoOrTrace(149)) -   Exception 0: {}
java.util.concurrent.ExecutionException: org.apache.ratis.thirdparty.io.grpc.StatusRuntimeException: UNAVAILABLE: io exception
	at java.util.concurrent.FutureTask.report(FutureTask.java:122)
	at java.util.concurrent.FutureTask.get(FutureTask.java:192)
	at org.apache.ratis.server.impl.LeaderElection.waitForResults(LeaderElection.java:263)
	at org.apache.ratis.server.impl.LeaderElection.askForVotes(LeaderElection.java:201)
	at org.apache.ratis.server.impl.LeaderElection.run(LeaderElection.java:133)
	at java.lang.Thread.run(Thread.java:748)
Caused by: org.apache.ratis.thirdparty.io.grpc.StatusRuntimeException: UNAVAILABLE: io exception
	at org.apache.ratis.thirdparty.io.grpc.stub.ClientCalls.toStatusRuntimeException(ClientCalls.java:233)
	at org.apache.ratis.thirdparty.io.grpc.stub.ClientCalls.getUnchecked(ClientCalls.java:214)
	at org.apache.ratis.thirdparty.io.grpc.stub.ClientCalls.blockingUnaryCall(ClientCalls.java:139)
	at org.apache.ratis.proto.grpc.RaftServerProtocolServiceGrpc$RaftServerProtocolServiceBlockingStub.requestVote(RaftServerProtocolServiceGrpc.java:265)
	at org.apache.ratis.grpc.server.GrpcServerProtocolClient.requestVote(GrpcServerProtocolClient.java:90)
	at org.apache.ratis.grpc.server.GrpcService.requestVote(GrpcService.java:204)
	at org.apache.ratis.server.impl.LeaderElection.lambda$submitRequests$1(LeaderElection.java:238)
	at java.util.concurrent.FutureTask.run(FutureTask.java:266)
	at java.util.concurrent.Executors$RunnableAdapter.call(Executors.java:511)
	at java.util.concurrent.FutureTask.run(FutureTask.java:266)
	at java.util.concurrent.ThreadPoolExecutor.runWorker(ThreadPoolExecutor.java:1149)
	at java.util.concurrent.ThreadPoolExecutor$Worker.run(ThreadPoolExecutor.java:624)
	... 1 more
Caused by: org.apache.ratis.thirdparty.io.netty.channel.AbstractChannel$AnnotatedConnectException: Connection refused: /192.168.151.103:39305
	at sun.nio.ch.SocketChannelImpl.checkConnect(Native Method)
	at sun.nio.ch.SocketChannelImpl.finishConnect(SocketChannelImpl.java:717)
	at org.apache.ratis.thirdparty.io.netty.channel.socket.nio.NioSocketChannel.doFinishConnect(NioSocketChannel.java:327)
	at org.apache.ratis.thirdparty.io.netty.channel.nio.AbstractNioChannel$AbstractNioUnsafe.finishConnect(AbstractNioChannel.java:340)
	at org.apache.ratis.thirdparty.io.netty.channel.nio.NioEventLoop.processSelectedKey(NioEventLoop.java:632)
	at org.apache.ratis.thirdparty.io.netty.channel.nio.NioEventLoop.processSelectedKeysOptimized(NioEventLoop.java:579)
	at org.apache.ratis.thirdparty.io.netty.channel.nio.NioEventLoop.processSelectedKeys(NioEventLoop.java:496)
	at org.apache.ratis.thirdparty.io.netty.channel.nio.NioEventLoop.run(NioEventLoop.java:458)
	at org.apache.ratis.thirdparty.io.netty.util.concurrent.SingleThreadEventExecutor$5.run(SingleThreadEventExecutor.java:897)
	at org.apache.ratis.thirdparty.io.netty.util.concurrent.FastThreadLocalRunnable.run(FastThreadLocalRunnable.java:30)
	... 1 more
Caused by: java.net.ConnectException: Connection refused
	... 11 more
2019-09-27 09:18:50,388 [825f4d3a-e44b-481a-a24b-9ae922a259ab@group-62F34B2FE18F:LeaderElection51] INFO  impl.LeaderElection (LogUtils.java:infoOrTrace(149)) -   Exception 1: {}
java.util.concurrent.ExecutionException: org.apache.ratis.thirdparty.io.grpc.StatusRuntimeException: UNAVAILABLE: io exception
	at java.util.concurrent.FutureTask.report(FutureTask.java:122)
	at java.util.concurrent.FutureTask.get(FutureTask.java:192)
	at org.apache.ratis.server.impl.LeaderElection.waitForResults(LeaderElection.java:263)
	at org.apache.ratis.server.impl.LeaderElection.askForVotes(LeaderElection.java:201)
	at org.apache.ratis.server.impl.LeaderElection.run(LeaderElection.java:133)
	at java.lang.Thread.run(Thread.java:748)
Caused by: org.apache.ratis.thirdparty.io.grpc.StatusRuntimeException: UNAVAILABLE: io exception
	at org.apache.ratis.thirdparty.io.grpc.stub.ClientCalls.toStatusRuntimeException(ClientCalls.java:233)
	at org.apache.ratis.thirdparty.io.grpc.stub.ClientCalls.getUnchecked(ClientCalls.java:214)
	at org.apache.ratis.thirdparty.io.grpc.stub.ClientCalls.blockingUnaryCall(ClientCalls.java:139)
	at org.apache.ratis.proto.grpc.RaftServerProtocolServiceGrpc$RaftServerProtocolServiceBlockingStub.requestVote(RaftServerProtocolServiceGrpc.java:265)
	at org.apache.ratis.grpc.server.GrpcServerProtocolClient.requestVote(GrpcServerProtocolClient.java:90)
	at org.apache.ratis.grpc.server.GrpcService.requestVote(GrpcService.java:204)
	at org.apache.ratis.server.impl.LeaderElection.lambda$submitRequests$1(LeaderElection.java:238)
	at java.util.concurrent.FutureTask.run(FutureTask.java:266)
	at java.util.concurrent.Executors$RunnableAdapter.call(Executors.java:511)
	at java.util.concurrent.FutureTask.run(FutureTask.java:266)
	at java.util.concurrent.ThreadPoolExecutor.runWorker(ThreadPoolExecutor.java:1149)
	at java.util.concurrent.ThreadPoolExecutor$Worker.run(ThreadPoolExecutor.java:624)
	... 1 more
Caused by: org.apache.ratis.thirdparty.io.netty.channel.AbstractChannel$AnnotatedConnectException: Connection refused: /192.168.151.103:39568
	at sun.nio.ch.SocketChannelImpl.checkConnect(Native Method)
	at sun.nio.ch.SocketChannelImpl.finishConnect(SocketChannelImpl.java:717)
	at org.apache.ratis.thirdparty.io.netty.channel.socket.nio.NioSocketChannel.doFinishConnect(NioSocketChannel.java:327)
	at org.apache.ratis.thirdparty.io.netty.channel.nio.AbstractNioChannel$AbstractNioUnsafe.finishConnect(AbstractNioChannel.java:340)
	at org.apache.ratis.thirdparty.io.netty.channel.nio.NioEventLoop.processSelectedKey(NioEventLoop.java:632)
	at org.apache.ratis.thirdparty.io.netty.channel.nio.NioEventLoop.processSelectedKeysOptimized(NioEventLoop.java:579)
	at org.apache.ratis.thirdparty.io.netty.channel.nio.NioEventLoop.processSelectedKeys(NioEventLoop.java:496)
	at org.apache.ratis.thirdparty.io.netty.channel.nio.NioEventLoop.run(NioEventLoop.java:458)
	at org.apache.ratis.thirdparty.io.netty.util.concurrent.SingleThreadEventExecutor$5.run(SingleThreadEventExecutor.java:897)
	at org.apache.ratis.thirdparty.io.netty.util.concurrent.FastThreadLocalRunnable.run(FastThreadLocalRunnable.java:30)
	... 1 more
Caused by: java.net.ConnectException: Connection refused
	... 11 more
2019-09-27 09:18:50,388 [825f4d3a-e44b-481a-a24b-9ae922a259ab@group-62F34B2FE18F:LeaderElection51] INFO  impl.RaftServerImpl (RaftServerImpl.java:setRole(174)) - 825f4d3a-e44b-481a-a24b-9ae922a259ab@group-62F34B2FE18F: changes role from CANDIDATE to FOLLOWER at term 3 for DISCOVERED_A_NEW_TERM
2019-09-27 09:18:50,388 [825f4d3a-e44b-481a-a24b-9ae922a259ab@group-62F34B2FE18F:LeaderElection51] INFO  impl.RoleInfo (RoleInfo.java:shutdownLeaderElection(134)) - 825f4d3a-e44b-481a-a24b-9ae922a259ab: shutdown LeaderElection
2019-09-27 09:18:50,388 [825f4d3a-e44b-481a-a24b-9ae922a259ab@group-62F34B2FE18F:LeaderElection51] INFO  impl.RoleInfo (RoleInfo.java:updateAndGet(143)) - 825f4d3a-e44b-481a-a24b-9ae922a259ab: start FollowerState
2019-09-27 09:18:50,747 [grpc-default-executor-3] WARN  server.GrpcLogAppender (LogUtils.java:warn(134)) - 88f71ae2-1168-411a-bccc-2088b7ef8e3f@group-E3215D54F09B->d1b97505-207e-4333-b006-552a83aa594e-AppendLogResponseHandler: Failed appendEntries: org.apache.ratis.thirdparty.io.grpc.StatusRuntimeException: UNAVAILABLE: io exception
2019-09-27 09:18:50,747 [grpc-default-executor-3] INFO  impl.FollowerInfo (FollowerInfo.java:lambda$new$0(51)) - 88f71ae2-1168-411a-bccc-2088b7ef8e3f@group-E3215D54F09B->d1b97505-207e-4333-b006-552a83aa594e: nextIndex: updateUnconditionally 0 -> 0
2019-09-27 09:18:51,248 [grpc-default-executor-2] WARN  server.GrpcLogAppender (LogUtils.java:warn(134)) - 88f71ae2-1168-411a-bccc-2088b7ef8e3f@group-E3215D54F09B->d1b97505-207e-4333-b006-552a83aa594e-AppendLogResponseHandler: Failed appendEntries: org.apache.ratis.thirdparty.io.grpc.StatusRuntimeException: UNAVAILABLE: io exception
2019-09-27 09:18:51,249 [grpc-default-executor-2] INFO  impl.FollowerInfo (FollowerInfo.java:lambda$new$0(51)) - 88f71ae2-1168-411a-bccc-2088b7ef8e3f@group-E3215D54F09B->d1b97505-207e-4333-b006-552a83aa594e: nextIndex: updateUnconditionally 0 -> 0
2019-09-27 09:18:51,536 [Thread-3816] INFO  impl.FollowerState (FollowerState.java:run(106)) - 825f4d3a-e44b-481a-a24b-9ae922a259ab:group-62F34B2FE18F changes to CANDIDATE, lastRpcTime:1147, electionTimeout:1147ms
2019-09-27 09:18:51,536 [Thread-3816] INFO  impl.RoleInfo (RoleInfo.java:shutdownFollowerState(121)) - 825f4d3a-e44b-481a-a24b-9ae922a259ab: shutdown FollowerState
2019-09-27 09:18:51,536 [Thread-3816] INFO  impl.RaftServerImpl (RaftServerImpl.java:setRole(174)) - 825f4d3a-e44b-481a-a24b-9ae922a259ab@group-62F34B2FE18F: changes role from  FOLLOWER to CANDIDATE at term 3 for changeToCandidate
2019-09-27 09:18:51,536 [Thread-3816] INFO  impl.RoleInfo (RoleInfo.java:updateAndGet(143)) - 825f4d3a-e44b-481a-a24b-9ae922a259ab: start LeaderElection
2019-09-27 09:18:51,554 [825f4d3a-e44b-481a-a24b-9ae922a259ab@group-62F34B2FE18F:LeaderElection52] INFO  impl.LeaderElection (LeaderElection.java:askForVotes(182)) - 825f4d3a-e44b-481a-a24b-9ae922a259ab@group-62F34B2FE18F:LeaderElection52: begin an election at term 4 for 0: [e6dfef88-aea8-482b-83fb-8e87a0e55ccd:192.168.151.103:39305, e557a3b1-6e95-4f35-a3e1-c0da55ea7bc1:192.168.151.103:39568, 825f4d3a-e44b-481a-a24b-9ae922a259ab:192.168.151.103:34079], old=null
2019-09-27 09:18:51,555 [825f4d3a-e44b-481a-a24b-9ae922a259ab@group-62F34B2FE18F:LeaderElection52] INFO  impl.LeaderElection (LogUtils.java:infoOrTrace(149)) - 825f4d3a-e44b-481a-a24b-9ae922a259ab@group-62F34B2FE18F:LeaderElection52 got exception when requesting votes: {}
java.util.concurrent.ExecutionException: org.apache.ratis.thirdparty.io.grpc.StatusRuntimeException: UNAVAILABLE: io exception
	at java.util.concurrent.FutureTask.report(FutureTask.java:122)
	at java.util.concurrent.FutureTask.get(FutureTask.java:192)
	at org.apache.ratis.server.impl.LeaderElection.waitForResults(LeaderElection.java:263)
	at org.apache.ratis.server.impl.LeaderElection.askForVotes(LeaderElection.java:201)
	at org.apache.ratis.server.impl.LeaderElection.run(LeaderElection.java:133)
	at java.lang.Thread.run(Thread.java:748)
Caused by: org.apache.ratis.thirdparty.io.grpc.StatusRuntimeException: UNAVAILABLE: io exception
	at org.apache.ratis.thirdparty.io.grpc.stub.ClientCalls.toStatusRuntimeException(ClientCalls.java:233)
	at org.apache.ratis.thirdparty.io.grpc.stub.ClientCalls.getUnchecked(ClientCalls.java:214)
	at org.apache.ratis.thirdparty.io.grpc.stub.ClientCalls.blockingUnaryCall(ClientCalls.java:139)
	at org.apache.ratis.proto.grpc.RaftServerProtocolServiceGrpc$RaftServerProtocolServiceBlockingStub.requestVote(RaftServerProtocolServiceGrpc.java:265)
	at org.apache.ratis.grpc.server.GrpcServerProtocolClient.requestVote(GrpcServerProtocolClient.java:90)
	at org.apache.ratis.grpc.server.GrpcService.requestVote(GrpcService.java:204)
	at org.apache.ratis.server.impl.LeaderElection.lambda$submitRequests$1(LeaderElection.java:238)
	at java.util.concurrent.FutureTask.run(FutureTask.java:266)
	at java.util.concurrent.Executors$RunnableAdapter.call(Executors.java:511)
	at java.util.concurrent.FutureTask.run(FutureTask.java:266)
	at java.util.concurrent.ThreadPoolExecutor.runWorker(ThreadPoolExecutor.java:1149)
	at java.util.concurrent.ThreadPoolExecutor$Worker.run(ThreadPoolExecutor.java:624)
	... 1 more
Caused by: org.apache.ratis.thirdparty.io.netty.channel.AbstractChannel$AnnotatedConnectException: Connection refused: /192.168.151.103:39305
	at sun.nio.ch.SocketChannelImpl.checkConnect(Native Method)
	at sun.nio.ch.SocketChannelImpl.finishConnect(SocketChannelImpl.java:717)
	at org.apache.ratis.thirdparty.io.netty.channel.socket.nio.NioSocketChannel.doFinishConnect(NioSocketChannel.java:327)
	at org.apache.ratis.thirdparty.io.netty.channel.nio.AbstractNioChannel$AbstractNioUnsafe.finishConnect(AbstractNioChannel.java:340)
	at org.apache.ratis.thirdparty.io.netty.channel.nio.NioEventLoop.processSelectedKey(NioEventLoop.java:632)
	at org.apache.ratis.thirdparty.io.netty.channel.nio.NioEventLoop.processSelectedKeysOptimized(NioEventLoop.java:579)
	at org.apache.ratis.thirdparty.io.netty.channel.nio.NioEventLoop.processSelectedKeys(NioEventLoop.java:496)
	at org.apache.ratis.thirdparty.io.netty.channel.nio.NioEventLoop.run(NioEventLoop.java:458)
	at org.apache.ratis.thirdparty.io.netty.util.concurrent.SingleThreadEventExecutor$5.run(SingleThreadEventExecutor.java:897)
	at org.apache.ratis.thirdparty.io.netty.util.concurrent.FastThreadLocalRunnable.run(FastThreadLocalRunnable.java:30)
	... 1 more
Caused by: java.net.ConnectException: Connection refused
	... 11 more
2019-09-27 09:18:51,559 [825f4d3a-e44b-481a-a24b-9ae922a259ab@group-62F34B2FE18F:LeaderElection52] INFO  impl.LeaderElection (LogUtils.java:infoOrTrace(149)) - 825f4d3a-e44b-481a-a24b-9ae922a259ab@group-62F34B2FE18F:LeaderElection52 got exception when requesting votes: {}
java.util.concurrent.ExecutionException: org.apache.ratis.thirdparty.io.grpc.StatusRuntimeException: UNAVAILABLE: io exception
	at java.util.concurrent.FutureTask.report(FutureTask.java:122)
	at java.util.concurrent.FutureTask.get(FutureTask.java:192)
	at org.apache.ratis.server.impl.LeaderElection.waitForResults(LeaderElection.java:263)
	at org.apache.ratis.server.impl.LeaderElection.askForVotes(LeaderElection.java:201)
	at org.apache.ratis.server.impl.LeaderElection.run(LeaderElection.java:133)
	at java.lang.Thread.run(Thread.java:748)
Caused by: org.apache.ratis.thirdparty.io.grpc.StatusRuntimeException: UNAVAILABLE: io exception
	at org.apache.ratis.thirdparty.io.grpc.stub.ClientCalls.toStatusRuntimeException(ClientCalls.java:233)
	at org.apache.ratis.thirdparty.io.grpc.stub.ClientCalls.getUnchecked(ClientCalls.java:214)
	at org.apache.ratis.thirdparty.io.grpc.stub.ClientCalls.blockingUnaryCall(ClientCalls.java:139)
	at org.apache.ratis.proto.grpc.RaftServerProtocolServiceGrpc$RaftServerProtocolServiceBlockingStub.requestVote(RaftServerProtocolServiceGrpc.java:265)
	at org.apache.ratis.grpc.server.GrpcServerProtocolClient.requestVote(GrpcServerProtocolClient.java:90)
	at org.apache.ratis.grpc.server.GrpcService.requestVote(GrpcService.java:204)
	at org.apache.ratis.server.impl.LeaderElection.lambda$submitRequests$1(LeaderElection.java:238)
	at java.util.concurrent.FutureTask.run(FutureTask.java:266)
	at java.util.concurrent.Executors$RunnableAdapter.call(Executors.java:511)
	at java.util.concurrent.FutureTask.run(FutureTask.java:266)
	at java.util.concurrent.ThreadPoolExecutor.runWorker(ThreadPoolExecutor.java:1149)
	at java.util.concurrent.ThreadPoolExecutor$Worker.run(ThreadPoolExecutor.java:624)
	... 1 more
Caused by: org.apache.ratis.thirdparty.io.netty.channel.AbstractChannel$AnnotatedConnectException: Connection refused: /192.168.151.103:39568
	at sun.nio.ch.SocketChannelImpl.checkConnect(Native Method)
	at sun.nio.ch.SocketChannelImpl.finishConnect(SocketChannelImpl.java:717)
	at org.apache.ratis.thirdparty.io.netty.channel.socket.nio.NioSocketChannel.doFinishConnect(NioSocketChannel.java:327)
	at org.apache.ratis.thirdparty.io.netty.channel.nio.AbstractNioChannel$AbstractNioUnsafe.finishConnect(AbstractNioChannel.java:340)
	at org.apache.ratis.thirdparty.io.netty.channel.nio.NioEventLoop.processSelectedKey(NioEventLoop.java:632)
	at org.apache.ratis.thirdparty.io.netty.channel.nio.NioEventLoop.processSelectedKeysOptimized(NioEventLoop.java:579)
	at org.apache.ratis.thirdparty.io.netty.channel.nio.NioEventLoop.processSelectedKeys(NioEventLoop.java:496)
	at org.apache.ratis.thirdparty.io.netty.channel.nio.NioEventLoop.run(NioEventLoop.java:458)
	at org.apache.ratis.thirdparty.io.netty.util.concurrent.SingleThreadEventExecutor$5.run(SingleThreadEventExecutor.java:897)
	at org.apache.ratis.thirdparty.io.netty.util.concurrent.FastThreadLocalRunnable.run(FastThreadLocalRunnable.java:30)
	... 1 more
Caused by: java.net.ConnectException: Connection refused
	... 11 more
2019-09-27 09:18:51,561 [825f4d3a-e44b-481a-a24b-9ae922a259ab@group-62F34B2FE18F:LeaderElection52] INFO  impl.LeaderElection (LeaderElection.java:logAndReturn(56)) - 825f4d3a-e44b-481a-a24b-9ae922a259ab@group-62F34B2FE18F:LeaderElection52: Election REJECTED; received 0 response(s) [] and 2 exception(s); 825f4d3a-e44b-481a-a24b-9ae922a259ab@group-62F34B2FE18F:t4, leader=null, voted=825f4d3a-e44b-481a-a24b-9ae922a259ab, raftlog=825f4d3a-e44b-481a-a24b-9ae922a259ab@group-62F34B2FE18F-SegmentedRaftLog:OPENED:c0,f0,i0, conf=0: [e6dfef88-aea8-482b-83fb-8e87a0e55ccd:192.168.151.103:39305, e557a3b1-6e95-4f35-a3e1-c0da55ea7bc1:192.168.151.103:39568, 825f4d3a-e44b-481a-a24b-9ae922a259ab:192.168.151.103:34079], old=null
2019-09-27 09:18:51,561 [825f4d3a-e44b-481a-a24b-9ae922a259ab@group-62F34B2FE18F:LeaderElection52] INFO  impl.LeaderElection (LogUtils.java:infoOrTrace(149)) -   Exception 0: {}
java.util.concurrent.ExecutionException: org.apache.ratis.thirdparty.io.grpc.StatusRuntimeException: UNAVAILABLE: io exception
	at java.util.concurrent.FutureTask.report(FutureTask.java:122)
	at java.util.concurrent.FutureTask.get(FutureTask.java:192)
	at org.apache.ratis.server.impl.LeaderElection.waitForResults(LeaderElection.java:263)
	at org.apache.ratis.server.impl.LeaderElection.askForVotes(LeaderElection.java:201)
	at org.apache.ratis.server.impl.LeaderElection.run(LeaderElection.java:133)
	at java.lang.Thread.run(Thread.java:748)
Caused by: org.apache.ratis.thirdparty.io.grpc.StatusRuntimeException: UNAVAILABLE: io exception
	at org.apache.ratis.thirdparty.io.grpc.stub.ClientCalls.toStatusRuntimeException(ClientCalls.java:233)
	at org.apache.ratis.thirdparty.io.grpc.stub.ClientCalls.getUnchecked(ClientCalls.java:214)
	at org.apache.ratis.thirdparty.io.grpc.stub.ClientCalls.blockingUnaryCall(ClientCalls.java:139)
	at org.apache.ratis.proto.grpc.RaftServerProtocolServiceGrpc$RaftServerProtocolServiceBlockingStub.requestVote(RaftServerProtocolServiceGrpc.java:265)
	at org.apache.ratis.grpc.server.GrpcServerProtocolClient.requestVote(GrpcServerProtocolClient.java:90)
	at org.apache.ratis.grpc.server.GrpcService.requestVote(GrpcService.java:204)
	at org.apache.ratis.server.impl.LeaderElection.lambda$submitRequests$1(LeaderElection.java:238)
	at java.util.concurrent.FutureTask.run(FutureTask.java:266)
	at java.util.concurrent.Executors$RunnableAdapter.call(Executors.java:511)
	at java.util.concurrent.FutureTask.run(FutureTask.java:266)
	at java.util.concurrent.ThreadPoolExecutor.runWorker(ThreadPoolExecutor.java:1149)
	at java.util.concurrent.ThreadPoolExecutor$Worker.run(ThreadPoolExecutor.java:624)
	... 1 more
Caused by: org.apache.ratis.thirdparty.io.netty.channel.AbstractChannel$AnnotatedConnectException: Connection refused: /192.168.151.103:39305
	at sun.nio.ch.SocketChannelImpl.checkConnect(Native Method)
	at sun.nio.ch.SocketChannelImpl.finishConnect(SocketChannelImpl.java:717)
	at org.apache.ratis.thirdparty.io.netty.channel.socket.nio.NioSocketChannel.doFinishConnect(NioSocketChannel.java:327)
	at org.apache.ratis.thirdparty.io.netty.channel.nio.AbstractNioChannel$AbstractNioUnsafe.finishConnect(AbstractNioChannel.java:340)
	at org.apache.ratis.thirdparty.io.netty.channel.nio.NioEventLoop.processSelectedKey(NioEventLoop.java:632)
	at org.apache.ratis.thirdparty.io.netty.channel.nio.NioEventLoop.processSelectedKeysOptimized(NioEventLoop.java:579)
	at org.apache.ratis.thirdparty.io.netty.channel.nio.NioEventLoop.processSelectedKeys(NioEventLoop.java:496)
	at org.apache.ratis.thirdparty.io.netty.channel.nio.NioEventLoop.run(NioEventLoop.java:458)
	at org.apache.ratis.thirdparty.io.netty.util.concurrent.SingleThreadEventExecutor$5.run(SingleThreadEventExecutor.java:897)
	at org.apache.ratis.thirdparty.io.netty.util.concurrent.FastThreadLocalRunnable.run(FastThreadLocalRunnable.java:30)
	... 1 more
Caused by: java.net.ConnectException: Connection refused
	... 11 more
2019-09-27 09:18:51,562 [825f4d3a-e44b-481a-a24b-9ae922a259ab@group-62F34B2FE18F:LeaderElection52] INFO  impl.LeaderElection (LogUtils.java:infoOrTrace(149)) -   Exception 1: {}
java.util.concurrent.ExecutionException: org.apache.ratis.thirdparty.io.grpc.StatusRuntimeException: UNAVAILABLE: io exception
	at java.util.concurrent.FutureTask.report(FutureTask.java:122)
	at java.util.concurrent.FutureTask.get(FutureTask.java:192)
	at org.apache.ratis.server.impl.LeaderElection.waitForResults(LeaderElection.java:263)
	at org.apache.ratis.server.impl.LeaderElection.askForVotes(LeaderElection.java:201)
	at org.apache.ratis.server.impl.LeaderElection.run(LeaderElection.java:133)
	at java.lang.Thread.run(Thread.java:748)
Caused by: org.apache.ratis.thirdparty.io.grpc.StatusRuntimeException: UNAVAILABLE: io exception
	at org.apache.ratis.thirdparty.io.grpc.stub.ClientCalls.toStatusRuntimeException(ClientCalls.java:233)
	at org.apache.ratis.thirdparty.io.grpc.stub.ClientCalls.getUnchecked(ClientCalls.java:214)
	at org.apache.ratis.thirdparty.io.grpc.stub.ClientCalls.blockingUnaryCall(ClientCalls.java:139)
	at org.apache.ratis.proto.grpc.RaftServerProtocolServiceGrpc$RaftServerProtocolServiceBlockingStub.requestVote(RaftServerProtocolServiceGrpc.java:265)
	at org.apache.ratis.grpc.server.GrpcServerProtocolClient.requestVote(GrpcServerProtocolClient.java:90)
	at org.apache.ratis.grpc.server.GrpcService.requestVote(GrpcService.java:204)
	at org.apache.ratis.server.impl.LeaderElection.lambda$submitRequests$1(LeaderElection.java:238)
	at java.util.concurrent.FutureTask.run(FutureTask.java:266)
	at java.util.concurrent.Executors$RunnableAdapter.call(Executors.java:511)
	at java.util.concurrent.FutureTask.run(FutureTask.java:266)
	at java.util.concurrent.ThreadPoolExecutor.runWorker(ThreadPoolExecutor.java:1149)
	at java.util.concurrent.ThreadPoolExecutor$Worker.run(ThreadPoolExecutor.java:624)
	... 1 more
Caused by: org.apache.ratis.thirdparty.io.netty.channel.AbstractChannel$AnnotatedConnectException: Connection refused: /192.168.151.103:39568
	at sun.nio.ch.SocketChannelImpl.checkConnect(Native Method)
	at sun.nio.ch.SocketChannelImpl.finishConnect(SocketChannelImpl.java:717)
	at org.apache.ratis.thirdparty.io.netty.channel.socket.nio.NioSocketChannel.doFinishConnect(NioSocketChannel.java:327)
	at org.apache.ratis.thirdparty.io.netty.channel.nio.AbstractNioChannel$AbstractNioUnsafe.finishConnect(AbstractNioChannel.java:340)
	at org.apache.ratis.thirdparty.io.netty.channel.nio.NioEventLoop.processSelectedKey(NioEventLoop.java:632)
	at org.apache.ratis.thirdparty.io.netty.channel.nio.NioEventLoop.processSelectedKeysOptimized(NioEventLoop.java:579)
	at org.apache.ratis.thirdparty.io.netty.channel.nio.NioEventLoop.processSelectedKeys(NioEventLoop.java:496)
	at org.apache.ratis.thirdparty.io.netty.channel.nio.NioEventLoop.run(NioEventLoop.java:458)
	at org.apache.ratis.thirdparty.io.netty.util.concurrent.SingleThreadEventExecutor$5.run(SingleThreadEventExecutor.java:897)
	at org.apache.ratis.thirdparty.io.netty.util.concurrent.FastThreadLocalRunnable.run(FastThreadLocalRunnable.java:30)
	... 1 more
Caused by: java.net.ConnectException: Connection refused
	... 11 more
2019-09-27 09:18:51,562 [825f4d3a-e44b-481a-a24b-9ae922a259ab@group-62F34B2FE18F:LeaderElection52] INFO  impl.RaftServerImpl (RaftServerImpl.java:setRole(174)) - 825f4d3a-e44b-481a-a24b-9ae922a259ab@group-62F34B2FE18F: changes role from CANDIDATE to FOLLOWER at term 4 for DISCOVERED_A_NEW_TERM
2019-09-27 09:18:51,563 [825f4d3a-e44b-481a-a24b-9ae922a259ab@group-62F34B2FE18F:LeaderElection52] INFO  impl.RoleInfo (RoleInfo.java:shutdownLeaderElection(134)) - 825f4d3a-e44b-481a-a24b-9ae922a259ab: shutdown LeaderElection
2019-09-27 09:18:51,563 [825f4d3a-e44b-481a-a24b-9ae922a259ab@group-62F34B2FE18F:LeaderElection52] INFO  impl.RoleInfo (RoleInfo.java:updateAndGet(143)) - 825f4d3a-e44b-481a-a24b-9ae922a259ab: start FollowerState
2019-09-27 09:18:51,752 [grpc-default-executor-2] WARN  server.GrpcLogAppender (LogUtils.java:warn(134)) - 88f71ae2-1168-411a-bccc-2088b7ef8e3f@group-E3215D54F09B->d1b97505-207e-4333-b006-552a83aa594e-AppendLogResponseHandler: Failed appendEntries: org.apache.ratis.thirdparty.io.grpc.StatusRuntimeException: UNAVAILABLE: io exception
2019-09-27 09:18:51,753 [grpc-default-executor-2] INFO  impl.FollowerInfo (FollowerInfo.java:lambda$new$0(51)) - 88f71ae2-1168-411a-bccc-2088b7ef8e3f@group-E3215D54F09B->d1b97505-207e-4333-b006-552a83aa594e: nextIndex: updateUnconditionally 0 -> 0
2019-09-27 09:18:52,250 [grpc-default-executor-1] WARN  server.GrpcLogAppender (LogUtils.java:warn(134)) - 88f71ae2-1168-411a-bccc-2088b7ef8e3f@group-E3215D54F09B->d1b97505-207e-4333-b006-552a83aa594e-AppendLogResponseHandler: Failed appendEntries: org.apache.ratis.thirdparty.io.grpc.StatusRuntimeException: UNAVAILABLE: io exception
2019-09-27 09:18:52,250 [grpc-default-executor-1] INFO  impl.FollowerInfo (FollowerInfo.java:lambda$new$0(51)) - 88f71ae2-1168-411a-bccc-2088b7ef8e3f@group-E3215D54F09B->d1b97505-207e-4333-b006-552a83aa594e: nextIndex: updateUnconditionally 0 -> 0
2019-09-27 09:18:52,285 [ForkJoinPool.commonPool-worker-0] INFO  ozoneimpl.OzoneContainer (OzoneContainer.java:stop(231)) - Attempting to stop container services.
2019-09-27 09:18:52,287 [ForkJoinPool.commonPool-worker-0] INFO  impl.RaftServerProxy (RaftServerProxy.java:lambda$close$4(314)) - 88f71ae2-1168-411a-bccc-2088b7ef8e3f: close
2019-09-27 09:18:52,287 [ForkJoinPool.commonPool-worker-0] INFO  impl.RaftServerImpl (RaftServerImpl.java:lambda$shutdown$3(251)) - 88f71ae2-1168-411a-bccc-2088b7ef8e3f@group-E3215D54F09B: shutdown
2019-09-27 09:18:52,287 [ForkJoinPool.commonPool-worker-0] INFO  util.JmxRegister (JmxRegister.java:unregister(73)) - Successfully un-registered JMX Bean with object name Ratis:service=RaftServer,group=group-E3215D54F09B,id=88f71ae2-1168-411a-bccc-2088b7ef8e3f
2019-09-27 09:18:52,288 [ForkJoinPool.commonPool-worker-0] INFO  impl.RoleInfo (RoleInfo.java:shutdownLeaderState(104)) - 88f71ae2-1168-411a-bccc-2088b7ef8e3f: shutdown LeaderState
2019-09-27 09:18:52,295 [ForkJoinPool.commonPool-worker-0] INFO  impl.PendingRequests (PendingRequests.java:sendNotLeaderResponses(202)) - 88f71ae2-1168-411a-bccc-2088b7ef8e3f-PendingRequests: sendNotLeaderResponses
2019-09-27 09:18:52,295 [org.apache.ratis.server.impl.LogAppender$AppenderDaemon$$Lambda$400/247186050@660a85c0] WARN  server.GrpcLogAppender (GrpcLogAppender.java:mayWait(143)) - 88f71ae2-1168-411a-bccc-2088b7ef8e3f@group-E3215D54F09B->dcfd2284-ad1e-4267-a15d-7e148c2289cb-GrpcLogAppender: Wait interrupted by java.lang.InterruptedException
2019-09-27 09:18:52,295 [main] INFO  ozoneimpl.OzoneContainer (OzoneContainer.java:stop(231)) - Attempting to stop container services.
2019-09-27 09:18:52,295 [org.apache.ratis.server.impl.LogAppender$AppenderDaemon$$Lambda$400/247186050@5dd28437] WARN  server.GrpcLogAppender (GrpcLogAppender.java:mayWait(143)) - 88f71ae2-1168-411a-bccc-2088b7ef8e3f@group-E3215D54F09B->d1b97505-207e-4333-b006-552a83aa594e-GrpcLogAppender: Wait interrupted by java.lang.InterruptedException
2019-09-27 09:18:52,304 [main] INFO  impl.RaftServerProxy (RaftServerProxy.java:lambda$close$4(314)) - ac644bf3-7673-4e49-8339-55bbab6b6107: close
2019-09-27 09:18:52,299 [grpc-default-executor-1] INFO  server.GrpcServerProtocolService (GrpcServerProtocolService.java:onCompleted(113)) - dcfd2284-ad1e-4267-a15d-7e148c2289cb: Completed APPEND_ENTRIES, lastRequest: 88f71ae2-1168-411a-bccc-2088b7ef8e3f->dcfd2284-ad1e-4267-a15d-7e148c2289cb#20-t2, previous=(t:2, i:2), leaderCommit=2, initializing? false, entries: <empty>
2019-09-27 09:18:52,298 [ForkJoinPool.commonPool-worker-0] INFO  impl.StateMachineUpdater (StateMachineUpdater.java:stopAndJoin(125)) - 88f71ae2-1168-411a-bccc-2088b7ef8e3f@group-E3215D54F09B-StateMachineUpdater: set stopIndex = 2
2019-09-27 09:18:52,305 [main] INFO  impl.RaftServerImpl (RaftServerImpl.java:lambda$shutdown$3(251)) - ac644bf3-7673-4e49-8339-55bbab6b6107@group-0080225EE277: shutdown
2019-09-27 09:18:52,308 [grpc-default-executor-2] INFO  server.GrpcLogAppender (GrpcLogAppender.java:onCompleted(293)) - 88f71ae2-1168-411a-bccc-2088b7ef8e3f@group-E3215D54F09B->dcfd2284-ad1e-4267-a15d-7e148c2289cb-AppendLogResponseHandler: follower responses appendEntries COMPLETED
2019-09-27 09:18:52,305 [ForkJoinPool.commonPool-worker-0] INFO  impl.RaftServerImpl (ServerState.java:close(385)) - 88f71ae2-1168-411a-bccc-2088b7ef8e3f@group-E3215D54F09B: closes. applyIndex: 2
2019-09-27 09:18:52,308 [main] INFO  util.JmxRegister (JmxRegister.java:unregister(73)) - Successfully un-registered JMX Bean with object name Ratis:service=RaftServer,group=group-0080225EE277,id=ac644bf3-7673-4e49-8339-55bbab6b6107
2019-09-27 09:18:52,309 [88f71ae2-1168-411a-bccc-2088b7ef8e3f@group-E3215D54F09B-SegmentedRaftLogWorker] INFO  segmented.SegmentedRaftLogWorker (SegmentedRaftLogWorker.java:run(313)) - 88f71ae2-1168-411a-bccc-2088b7ef8e3f@group-E3215D54F09B-SegmentedRaftLogWorker was interrupted, exiting. There are 0 tasks remaining in the queue.
2019-09-27 09:18:52,309 [grpc-default-executor-2] INFO  impl.FollowerInfo (FollowerInfo.java:lambda$new$0(51)) - 88f71ae2-1168-411a-bccc-2088b7ef8e3f@group-E3215D54F09B->dcfd2284-ad1e-4267-a15d-7e148c2289cb: nextIndex: updateUnconditionally 3 -> 2
2019-09-27 09:18:52,312 [ForkJoinPool.commonPool-worker-0] INFO  segmented.SegmentedRaftLogWorker (SegmentedRaftLogWorker.java:close(228)) - 88f71ae2-1168-411a-bccc-2088b7ef8e3f@group-E3215D54F09B-SegmentedRaftLogWorker close()
2019-09-27 09:18:52,310 [main] INFO  impl.RoleInfo (RoleInfo.java:shutdownLeaderState(104)) - ac644bf3-7673-4e49-8339-55bbab6b6107: shutdown LeaderState
2019-09-27 09:18:52,315 [ForkJoinPool.commonPool-worker-0] INFO  impl.RaftServerImpl (RaftServerImpl.java:lambda$shutdown$3(251)) - 88f71ae2-1168-411a-bccc-2088b7ef8e3f@group-1E9ACC1D2F50: shutdown
2019-09-27 09:18:52,319 [org.apache.ratis.server.impl.LogAppender$AppenderDaemon$$Lambda$400/247186050@34cd1039] WARN  server.GrpcLogAppender (GrpcLogAppender.java:mayWait(143)) - ac644bf3-7673-4e49-8339-55bbab6b6107@group-0080225EE277->debaddba-7ce7-4ada-b450-9c5d896bdac5-GrpcLogAppender: Wait interrupted by java.lang.InterruptedException
2019-09-27 09:18:52,319 [org.apache.ratis.server.impl.LogAppender$AppenderDaemon$$Lambda$400/247186050@29559dc1] WARN  server.GrpcLogAppender (GrpcLogAppender.java:mayWait(143)) - ac644bf3-7673-4e49-8339-55bbab6b6107@group-0080225EE277->4d5d320f-7099-447d-88bd-f0759179e632-GrpcLogAppender: Wait interrupted by java.lang.InterruptedException
2019-09-27 09:18:52,319 [main] INFO  impl.PendingRequests (PendingRequests.java:sendNotLeaderResponses(202)) - ac644bf3-7673-4e49-8339-55bbab6b6107-PendingRequests: sendNotLeaderResponses
2019-09-27 09:18:52,320 [grpc-default-executor-1] INFO  server.GrpcServerProtocolService (GrpcServerProtocolService.java:onCompleted(113)) - 4d5d320f-7099-447d-88bd-f0759179e632: Completed APPEND_ENTRIES, lastRequest: ac644bf3-7673-4e49-8339-55bbab6b6107->4d5d320f-7099-447d-88bd-f0759179e632#243-t4, previous=(t:4, i:2), leaderCommit=2, initializing? false, entries: <empty>
2019-09-27 09:18:52,320 [grpc-default-executor-2] INFO  server.GrpcServerProtocolService (GrpcServerProtocolService.java:onCompleted(113)) - debaddba-7ce7-4ada-b450-9c5d896bdac5: Completed APPEND_ENTRIES, lastRequest: ac644bf3-7673-4e49-8339-55bbab6b6107->debaddba-7ce7-4ada-b450-9c5d896bdac5#244-t4, previous=(t:4, i:2), leaderCommit=2, initializing? false, entries: <empty>
2019-09-27 09:18:52,319 [ForkJoinPool.commonPool-worker-0] INFO  util.JmxRegister (JmxRegister.java:unregister(73)) - Successfully un-registered JMX Bean with object name Ratis:service=RaftServer,group=group-1E9ACC1D2F50,id=88f71ae2-1168-411a-bccc-2088b7ef8e3f
2019-09-27 09:18:52,326 [main] INFO  impl.StateMachineUpdater (StateMachineUpdater.java:stopAndJoin(125)) - ac644bf3-7673-4e49-8339-55bbab6b6107@group-0080225EE277-StateMachineUpdater: set stopIndex = 2
2019-09-27 09:18:52,331 [grpc-default-executor-3] INFO  server.GrpcLogAppender (GrpcLogAppender.java:onCompleted(293)) - ac644bf3-7673-4e49-8339-55bbab6b6107@group-0080225EE277->debaddba-7ce7-4ada-b450-9c5d896bdac5-AppendLogResponseHandler: follower responses appendEntries COMPLETED
2019-09-27 09:18:52,329 [grpc-default-executor-1] INFO  server.GrpcLogAppender (GrpcLogAppender.java:onCompleted(293)) - ac644bf3-7673-4e49-8339-55bbab6b6107@group-0080225EE277->4d5d320f-7099-447d-88bd-f0759179e632-AppendLogResponseHandler: follower responses appendEntries COMPLETED
2019-09-27 09:18:52,329 [ForkJoinPool.commonPool-worker-0] INFO  impl.RoleInfo (RoleInfo.java:shutdownLeaderState(104)) - 88f71ae2-1168-411a-bccc-2088b7ef8e3f: shutdown LeaderState
2019-09-27 09:18:52,331 [grpc-default-executor-3] INFO  impl.FollowerInfo (FollowerInfo.java:lambda$new$0(51)) - ac644bf3-7673-4e49-8339-55bbab6b6107@group-0080225EE277->debaddba-7ce7-4ada-b450-9c5d896bdac5: nextIndex: updateUnconditionally 3 -> 2
2019-09-27 09:18:52,331 [main] INFO  impl.RaftServerImpl (ServerState.java:close(385)) - ac644bf3-7673-4e49-8339-55bbab6b6107@group-0080225EE277: closes. applyIndex: 2
2019-09-27 09:18:52,332 [ForkJoinPool.commonPool-worker-0] INFO  impl.PendingRequests (PendingRequests.java:sendNotLeaderResponses(202)) - 88f71ae2-1168-411a-bccc-2088b7ef8e3f-PendingRequests: sendNotLeaderResponses
2019-09-27 09:18:52,332 [grpc-default-executor-1] INFO  impl.FollowerInfo (FollowerInfo.java:lambda$new$0(51)) - ac644bf3-7673-4e49-8339-55bbab6b6107@group-0080225EE277->4d5d320f-7099-447d-88bd-f0759179e632: nextIndex: updateUnconditionally 3 -> 2
2019-09-27 09:18:52,333 [ForkJoinPool.commonPool-worker-0] INFO  impl.StateMachineUpdater (StateMachineUpdater.java:stopAndJoin(125)) - 88f71ae2-1168-411a-bccc-2088b7ef8e3f@group-1E9ACC1D2F50-StateMachineUpdater: set stopIndex = 0
2019-09-27 09:18:52,332 [ac644bf3-7673-4e49-8339-55bbab6b6107@group-0080225EE277-SegmentedRaftLogWorker] INFO  segmented.SegmentedRaftLogWorker (SegmentedRaftLogWorker.java:run(313)) - ac644bf3-7673-4e49-8339-55bbab6b6107@group-0080225EE277-SegmentedRaftLogWorker was interrupted, exiting. There are 0 tasks remaining in the queue.
2019-09-27 09:18:52,333 [ForkJoinPool.commonPool-worker-0] INFO  impl.RaftServerImpl (ServerState.java:close(385)) - 88f71ae2-1168-411a-bccc-2088b7ef8e3f@group-1E9ACC1D2F50: closes. applyIndex: 0
2019-09-27 09:18:52,335 [main] INFO  segmented.SegmentedRaftLogWorker (SegmentedRaftLogWorker.java:close(228)) - ac644bf3-7673-4e49-8339-55bbab6b6107@group-0080225EE277-SegmentedRaftLogWorker close()
2019-09-27 09:18:52,335 [88f71ae2-1168-411a-bccc-2088b7ef8e3f@group-1E9ACC1D2F50-SegmentedRaftLogWorker] INFO  segmented.SegmentedRaftLogWorker (SegmentedRaftLogWorker.java:run(313)) - 88f71ae2-1168-411a-bccc-2088b7ef8e3f@group-1E9ACC1D2F50-SegmentedRaftLogWorker was interrupted, exiting. There are 0 tasks remaining in the queue.
2019-09-27 09:18:52,337 [main] INFO  impl.RaftServerImpl (RaftServerImpl.java:lambda$shutdown$3(251)) - ac644bf3-7673-4e49-8339-55bbab6b6107@group-B03607296850: shutdown
2019-09-27 09:18:52,339 [ForkJoinPool.commonPool-worker-0] INFO  segmented.SegmentedRaftLogWorker (SegmentedRaftLogWorker.java:close(228)) - 88f71ae2-1168-411a-bccc-2088b7ef8e3f@group-1E9ACC1D2F50-SegmentedRaftLogWorker close()
2019-09-27 09:18:52,340 [main] INFO  util.JmxRegister (JmxRegister.java:unregister(73)) - Successfully un-registered JMX Bean with object name Ratis:service=RaftServer,group=group-B03607296850,id=ac644bf3-7673-4e49-8339-55bbab6b6107
2019-09-27 09:18:52,359 [ForkJoinPool.commonPool-worker-0] INFO  server.GrpcService (GrpcService.java:closeImpl(164)) - 88f71ae2-1168-411a-bccc-2088b7ef8e3f: shutdown server with port 33365 now
2019-09-27 09:18:52,360 [main] INFO  impl.RoleInfo (RoleInfo.java:shutdownLeaderState(104)) - ac644bf3-7673-4e49-8339-55bbab6b6107: shutdown LeaderState
2019-09-27 09:18:52,360 [ForkJoinPool.commonPool-worker-0] INFO  server.GrpcService (GrpcService.java:closeImpl(172)) - 88f71ae2-1168-411a-bccc-2088b7ef8e3f: shutdown server with port 33365 successfully
2019-09-27 09:18:52,360 [main] INFO  impl.PendingRequests (PendingRequests.java:sendNotLeaderResponses(202)) - ac644bf3-7673-4e49-8339-55bbab6b6107-PendingRequests: sendNotLeaderResponses
2019-09-27 09:18:52,361 [main] INFO  impl.StateMachineUpdater (StateMachineUpdater.java:stopAndJoin(125)) - ac644bf3-7673-4e49-8339-55bbab6b6107@group-B03607296850-StateMachineUpdater: set stopIndex = 0
2019-09-27 09:18:52,361 [main] INFO  impl.RaftServerImpl (ServerState.java:close(385)) - ac644bf3-7673-4e49-8339-55bbab6b6107@group-B03607296850: closes. applyIndex: 0
2019-09-27 09:18:52,362 [ac644bf3-7673-4e49-8339-55bbab6b6107@group-B03607296850-SegmentedRaftLogWorker] INFO  segmented.SegmentedRaftLogWorker (SegmentedRaftLogWorker.java:run(313)) - ac644bf3-7673-4e49-8339-55bbab6b6107@group-B03607296850-SegmentedRaftLogWorker was interrupted, exiting. There are 0 tasks remaining in the queue.
2019-09-27 09:18:52,362 [main] INFO  segmented.SegmentedRaftLogWorker (SegmentedRaftLogWorker.java:close(228)) - ac644bf3-7673-4e49-8339-55bbab6b6107@group-B03607296850-SegmentedRaftLogWorker close()
2019-09-27 09:18:52,362 [refreshUsed-/workdir/hadoop-ozone/integration-test/target/test-dir/MiniOzoneClusterImpl-283270ba-aa50-4746-a1ea-b4b278bb6973/datanode-4/data/containers] WARN  fs.CachingGetSpaceUsed (CachingGetSpaceUsed.java:run(183)) - Thread Interrupted waiting to refresh disk information: sleep interrupted
2019-09-27 09:18:52,363 [main] INFO  server.GrpcService (GrpcService.java:closeImpl(164)) - ac644bf3-7673-4e49-8339-55bbab6b6107: shutdown server with port 33867 now
2019-09-27 09:18:52,371 [main] INFO  server.GrpcService (GrpcService.java:closeImpl(172)) - ac644bf3-7673-4e49-8339-55bbab6b6107: shutdown server with port 33867 successfully
2019-09-27 09:18:52,374 [refreshUsed-/workdir/hadoop-ozone/integration-test/target/test-dir/MiniOzoneClusterImpl-283270ba-aa50-4746-a1ea-b4b278bb6973/datanode-8/data/containers] WARN  fs.CachingGetSpaceUsed (CachingGetSpaceUsed.java:run(183)) - Thread Interrupted waiting to refresh disk information: sleep interrupted
2019-09-27 09:18:52,387 [main] INFO  utils.BackgroundService (BackgroundService.java:shutdown(148)) - Shutting down service BlockDeletingService
2019-09-27 09:18:52,387 [ForkJoinPool.commonPool-worker-0] INFO  utils.BackgroundService (BackgroundService.java:shutdown(148)) - Shutting down service BlockDeletingService
2019-09-27 09:18:52,392 [main] INFO  statemachine.DatanodeStateMachine (DatanodeStateMachine.java:stopDaemon(395)) - Ozone container server stopped.
2019-09-27 09:18:52,395 [ForkJoinPool.commonPool-worker-0] INFO  statemachine.DatanodeStateMachine (DatanodeStateMachine.java:stopDaemon(395)) - Ozone container server stopped.
2019-09-27 09:18:52,398 [main] INFO  handler.ContextHandler (ContextHandler.java:doStop(910)) - Stopped o.e.j.w.WebAppContext@16a2ed51{/,null,UNAVAILABLE}{/hddsDatanode}
2019-09-27 09:18:52,398 [ForkJoinPool.commonPool-worker-0] INFO  handler.ContextHandler (ContextHandler.java:doStop(910)) - Stopped o.e.j.w.WebAppContext@40de8f93{/,null,UNAVAILABLE}{/hddsDatanode}
2019-09-27 09:18:52,399 [main] INFO  server.AbstractConnector (AbstractConnector.java:doStop(318)) - Stopped ServerConnector@3b332962{HTTP/1.1,[http/1.1]}{0.0.0.0:0}
2019-09-27 09:18:52,399 [ForkJoinPool.commonPool-worker-0] INFO  server.AbstractConnector (AbstractConnector.java:doStop(318)) - Stopped ServerConnector@6ff0b1cc{HTTP/1.1,[http/1.1]}{0.0.0.0:0}
2019-09-27 09:18:52,399 [main] INFO  handler.ContextHandler (ContextHandler.java:doStop(910)) - Stopped o.e.j.s.ServletContextHandler@310ed6b4{/static,jar:file:/home/user/.m2/repository/org/apache/hadoop/hadoop-hdds-container-service/0.5.0-SNAPSHOT/hadoop-hdds-container-service-0.5.0-SNAPSHOT.jar!/webapps/static,UNAVAILABLE}
2019-09-27 09:18:52,399 [ForkJoinPool.commonPool-worker-0] INFO  handler.ContextHandler (ContextHandler.java:doStop(910)) - Stopped o.e.j.s.ServletContextHandler@7b61bf11{/static,jar:file:/home/user/.m2/repository/org/apache/hadoop/hadoop-hdds-container-service/0.5.0-SNAPSHOT/hadoop-hdds-container-service-0.5.0-SNAPSHOT.jar!/webapps/static,UNAVAILABLE}
2019-09-27 09:18:52,400 [main] INFO  handler.ContextHandler (ContextHandler.java:doStop(910)) - Stopped o.e.j.s.ServletContextHandler@3a17b2e3{/logs,file:///workdir/hadoop-ozone/integration-test/target/log,UNAVAILABLE}
2019-09-27 09:18:52,400 [ForkJoinPool.commonPool-worker-0] INFO  handler.ContextHandler (ContextHandler.java:doStop(910)) - Stopped o.e.j.s.ServletContextHandler@124dac75{/logs,file:///workdir/hadoop-ozone/integration-test/target/log,UNAVAILABLE}
2019-09-27 09:18:52,715 [Thread-3827] INFO  impl.FollowerState (FollowerState.java:run(106)) - 825f4d3a-e44b-481a-a24b-9ae922a259ab:group-62F34B2FE18F changes to CANDIDATE, lastRpcTime:1152, electionTimeout:1152ms
2019-09-27 09:18:52,716 [Thread-3827] INFO  impl.RoleInfo (RoleInfo.java:shutdownFollowerState(121)) - 825f4d3a-e44b-481a-a24b-9ae922a259ab: shutdown FollowerState
2019-09-27 09:18:52,716 [Thread-3827] INFO  impl.RaftServerImpl (RaftServerImpl.java:setRole(174)) - 825f4d3a-e44b-481a-a24b-9ae922a259ab@group-62F34B2FE18F: changes role from  FOLLOWER to CANDIDATE at term 4 for changeToCandidate
2019-09-27 09:18:52,716 [Thread-3827] INFO  impl.RoleInfo (RoleInfo.java:updateAndGet(143)) - 825f4d3a-e44b-481a-a24b-9ae922a259ab: start LeaderElection
2019-09-27 09:18:52,733 [825f4d3a-e44b-481a-a24b-9ae922a259ab@group-62F34B2FE18F:LeaderElection53] INFO  impl.LeaderElection (LeaderElection.java:askForVotes(182)) - 825f4d3a-e44b-481a-a24b-9ae922a259ab@group-62F34B2FE18F:LeaderElection53: begin an election at term 5 for 0: [e6dfef88-aea8-482b-83fb-8e87a0e55ccd:192.168.151.103:39305, e557a3b1-6e95-4f35-a3e1-c0da55ea7bc1:192.168.151.103:39568, 825f4d3a-e44b-481a-a24b-9ae922a259ab:192.168.151.103:34079], old=null
2019-09-27 09:18:52,734 [825f4d3a-e44b-481a-a24b-9ae922a259ab@group-62F34B2FE18F:LeaderElection53] INFO  impl.LeaderElection (LogUtils.java:infoOrTrace(149)) - 825f4d3a-e44b-481a-a24b-9ae922a259ab@group-62F34B2FE18F:LeaderElection53 got exception when requesting votes: {}
java.util.concurrent.ExecutionException: org.apache.ratis.thirdparty.io.grpc.StatusRuntimeException: UNAVAILABLE: io exception
	at java.util.concurrent.FutureTask.report(FutureTask.java:122)
	at java.util.concurrent.FutureTask.get(FutureTask.java:192)
	at org.apache.ratis.server.impl.LeaderElection.waitForResults(LeaderElection.java:263)
	at org.apache.ratis.server.impl.LeaderElection.askForVotes(LeaderElection.java:201)
	at org.apache.ratis.server.impl.LeaderElection.run(LeaderElection.java:133)
	at java.lang.Thread.run(Thread.java:748)
Caused by: org.apache.ratis.thirdparty.io.grpc.StatusRuntimeException: UNAVAILABLE: io exception
	at org.apache.ratis.thirdparty.io.grpc.stub.ClientCalls.toStatusRuntimeException(ClientCalls.java:233)
	at org.apache.ratis.thirdparty.io.grpc.stub.ClientCalls.getUnchecked(ClientCalls.java:214)
	at org.apache.ratis.thirdparty.io.grpc.stub.ClientCalls.blockingUnaryCall(ClientCalls.java:139)
	at org.apache.ratis.proto.grpc.RaftServerProtocolServiceGrpc$RaftServerProtocolServiceBlockingStub.requestVote(RaftServerProtocolServiceGrpc.java:265)
	at org.apache.ratis.grpc.server.GrpcServerProtocolClient.requestVote(GrpcServerProtocolClient.java:90)
	at org.apache.ratis.grpc.server.GrpcService.requestVote(GrpcService.java:204)
	at org.apache.ratis.server.impl.LeaderElection.lambda$submitRequests$1(LeaderElection.java:238)
	at java.util.concurrent.FutureTask.run(FutureTask.java:266)
	at java.util.concurrent.Executors$RunnableAdapter.call(Executors.java:511)
	at java.util.concurrent.FutureTask.run(FutureTask.java:266)
	at java.util.concurrent.ThreadPoolExecutor.runWorker(ThreadPoolExecutor.java:1149)
	at java.util.concurrent.ThreadPoolExecutor$Worker.run(ThreadPoolExecutor.java:624)
	... 1 more
Caused by: org.apache.ratis.thirdparty.io.netty.channel.AbstractChannel$AnnotatedConnectException: Connection refused: /192.168.151.103:39305
	at sun.nio.ch.SocketChannelImpl.checkConnect(Native Method)
	at sun.nio.ch.SocketChannelImpl.finishConnect(SocketChannelImpl.java:717)
	at org.apache.ratis.thirdparty.io.netty.channel.socket.nio.NioSocketChannel.doFinishConnect(NioSocketChannel.java:327)
	at org.apache.ratis.thirdparty.io.netty.channel.nio.AbstractNioChannel$AbstractNioUnsafe.finishConnect(AbstractNioChannel.java:340)
	at org.apache.ratis.thirdparty.io.netty.channel.nio.NioEventLoop.processSelectedKey(NioEventLoop.java:632)
	at org.apache.ratis.thirdparty.io.netty.channel.nio.NioEventLoop.processSelectedKeysOptimized(NioEventLoop.java:579)
	at org.apache.ratis.thirdparty.io.netty.channel.nio.NioEventLoop.processSelectedKeys(NioEventLoop.java:496)
	at org.apache.ratis.thirdparty.io.netty.channel.nio.NioEventLoop.run(NioEventLoop.java:458)
	at org.apache.ratis.thirdparty.io.netty.util.concurrent.SingleThreadEventExecutor$5.run(SingleThreadEventExecutor.java:897)
	at org.apache.ratis.thirdparty.io.netty.util.concurrent.FastThreadLocalRunnable.run(FastThreadLocalRunnable.java:30)
	... 1 more
Caused by: java.net.ConnectException: Connection refused
	... 11 more
2019-09-27 09:18:52,737 [825f4d3a-e44b-481a-a24b-9ae922a259ab@group-62F34B2FE18F:LeaderElection53] INFO  impl.LeaderElection (LogUtils.java:infoOrTrace(149)) - 825f4d3a-e44b-481a-a24b-9ae922a259ab@group-62F34B2FE18F:LeaderElection53 got exception when requesting votes: {}
java.util.concurrent.ExecutionException: org.apache.ratis.thirdparty.io.grpc.StatusRuntimeException: UNAVAILABLE: io exception
	at java.util.concurrent.FutureTask.report(FutureTask.java:122)
	at java.util.concurrent.FutureTask.get(FutureTask.java:192)
	at org.apache.ratis.server.impl.LeaderElection.waitForResults(LeaderElection.java:263)
	at org.apache.ratis.server.impl.LeaderElection.askForVotes(LeaderElection.java:201)
	at org.apache.ratis.server.impl.LeaderElection.run(LeaderElection.java:133)
	at java.lang.Thread.run(Thread.java:748)
Caused by: org.apache.ratis.thirdparty.io.grpc.StatusRuntimeException: UNAVAILABLE: io exception
	at org.apache.ratis.thirdparty.io.grpc.stub.ClientCalls.toStatusRuntimeException(ClientCalls.java:233)
	at org.apache.ratis.thirdparty.io.grpc.stub.ClientCalls.getUnchecked(ClientCalls.java:214)
	at org.apache.ratis.thirdparty.io.grpc.stub.ClientCalls.blockingUnaryCall(ClientCalls.java:139)
	at org.apache.ratis.proto.grpc.RaftServerProtocolServiceGrpc$RaftServerProtocolServiceBlockingStub.requestVote(RaftServerProtocolServiceGrpc.java:265)
	at org.apache.ratis.grpc.server.GrpcServerProtocolClient.requestVote(GrpcServerProtocolClient.java:90)
	at org.apache.ratis.grpc.server.GrpcService.requestVote(GrpcService.java:204)
	at org.apache.ratis.server.impl.LeaderElection.lambda$submitRequests$1(LeaderElection.java:238)
	at java.util.concurrent.FutureTask.run(FutureTask.java:266)
	at java.util.concurrent.Executors$RunnableAdapter.call(Executors.java:511)
	at java.util.concurrent.FutureTask.run(FutureTask.java:266)
	at java.util.concurrent.ThreadPoolExecutor.runWorker(ThreadPoolExecutor.java:1149)
	at java.util.concurrent.ThreadPoolExecutor$Worker.run(ThreadPoolExecutor.java:624)
	... 1 more
Caused by: org.apache.ratis.thirdparty.io.netty.channel.AbstractChannel$AnnotatedConnectException: Connection refused: /192.168.151.103:39568
	at sun.nio.ch.SocketChannelImpl.checkConnect(Native Method)
	at sun.nio.ch.SocketChannelImpl.finishConnect(SocketChannelImpl.java:717)
	at org.apache.ratis.thirdparty.io.netty.channel.socket.nio.NioSocketChannel.doFinishConnect(NioSocketChannel.java:327)
	at org.apache.ratis.thirdparty.io.netty.channel.nio.AbstractNioChannel$AbstractNioUnsafe.finishConnect(AbstractNioChannel.java:340)
	at org.apache.ratis.thirdparty.io.netty.channel.nio.NioEventLoop.processSelectedKey(NioEventLoop.java:632)
	at org.apache.ratis.thirdparty.io.netty.channel.nio.NioEventLoop.processSelectedKeysOptimized(NioEventLoop.java:579)
	at org.apache.ratis.thirdparty.io.netty.channel.nio.NioEventLoop.processSelectedKeys(NioEventLoop.java:496)
	at org.apache.ratis.thirdparty.io.netty.channel.nio.NioEventLoop.run(NioEventLoop.java:458)
	at org.apache.ratis.thirdparty.io.netty.util.concurrent.SingleThreadEventExecutor$5.run(SingleThreadEventExecutor.java:897)
	at org.apache.ratis.thirdparty.io.netty.util.concurrent.FastThreadLocalRunnable.run(FastThreadLocalRunnable.java:30)
	... 1 more
Caused by: java.net.ConnectException: Connection refused
	... 11 more
2019-09-27 09:18:52,738 [825f4d3a-e44b-481a-a24b-9ae922a259ab@group-62F34B2FE18F:LeaderElection53] INFO  impl.LeaderElection (LeaderElection.java:logAndReturn(56)) - 825f4d3a-e44b-481a-a24b-9ae922a259ab@group-62F34B2FE18F:LeaderElection53: Election REJECTED; received 0 response(s) [] and 2 exception(s); 825f4d3a-e44b-481a-a24b-9ae922a259ab@group-62F34B2FE18F:t5, leader=null, voted=825f4d3a-e44b-481a-a24b-9ae922a259ab, raftlog=825f4d3a-e44b-481a-a24b-9ae922a259ab@group-62F34B2FE18F-SegmentedRaftLog:OPENED:c0,f0,i0, conf=0: [e6dfef88-aea8-482b-83fb-8e87a0e55ccd:192.168.151.103:39305, e557a3b1-6e95-4f35-a3e1-c0da55ea7bc1:192.168.151.103:39568, 825f4d3a-e44b-481a-a24b-9ae922a259ab:192.168.151.103:34079], old=null
2019-09-27 09:18:52,738 [825f4d3a-e44b-481a-a24b-9ae922a259ab@group-62F34B2FE18F:LeaderElection53] INFO  impl.LeaderElection (LogUtils.java:infoOrTrace(149)) -   Exception 0: {}
java.util.concurrent.ExecutionException: org.apache.ratis.thirdparty.io.grpc.StatusRuntimeException: UNAVAILABLE: io exception
	at java.util.concurrent.FutureTask.report(FutureTask.java:122)
	at java.util.concurrent.FutureTask.get(FutureTask.java:192)
	at org.apache.ratis.server.impl.LeaderElection.waitForResults(LeaderElection.java:263)
	at org.apache.ratis.server.impl.LeaderElection.askForVotes(LeaderElection.java:201)
	at org.apache.ratis.server.impl.LeaderElection.run(LeaderElection.java:133)
	at java.lang.Thread.run(Thread.java:748)
Caused by: org.apache.ratis.thirdparty.io.grpc.StatusRuntimeException: UNAVAILABLE: io exception
	at org.apache.ratis.thirdparty.io.grpc.stub.ClientCalls.toStatusRuntimeException(ClientCalls.java:233)
	at org.apache.ratis.thirdparty.io.grpc.stub.ClientCalls.getUnchecked(ClientCalls.java:214)
	at org.apache.ratis.thirdparty.io.grpc.stub.ClientCalls.blockingUnaryCall(ClientCalls.java:139)
	at org.apache.ratis.proto.grpc.RaftServerProtocolServiceGrpc$RaftServerProtocolServiceBlockingStub.requestVote(RaftServerProtocolServiceGrpc.java:265)
	at org.apache.ratis.grpc.server.GrpcServerProtocolClient.requestVote(GrpcServerProtocolClient.java:90)
	at org.apache.ratis.grpc.server.GrpcService.requestVote(GrpcService.java:204)
	at org.apache.ratis.server.impl.LeaderElection.lambda$submitRequests$1(LeaderElection.java:238)
	at java.util.concurrent.FutureTask.run(FutureTask.java:266)
	at java.util.concurrent.Executors$RunnableAdapter.call(Executors.java:511)
	at java.util.concurrent.FutureTask.run(FutureTask.java:266)
	at java.util.concurrent.ThreadPoolExecutor.runWorker(ThreadPoolExecutor.java:1149)
	at java.util.concurrent.ThreadPoolExecutor$Worker.run(ThreadPoolExecutor.java:624)
	... 1 more
Caused by: org.apache.ratis.thirdparty.io.netty.channel.AbstractChannel$AnnotatedConnectException: Connection refused: /192.168.151.103:39305
	at sun.nio.ch.SocketChannelImpl.checkConnect(Native Method)
	at sun.nio.ch.SocketChannelImpl.finishConnect(SocketChannelImpl.java:717)
	at org.apache.ratis.thirdparty.io.netty.channel.socket.nio.NioSocketChannel.doFinishConnect(NioSocketChannel.java:327)
	at org.apache.ratis.thirdparty.io.netty.channel.nio.AbstractNioChannel$AbstractNioUnsafe.finishConnect(AbstractNioChannel.java:340)
	at org.apache.ratis.thirdparty.io.netty.channel.nio.NioEventLoop.processSelectedKey(NioEventLoop.java:632)
	at org.apache.ratis.thirdparty.io.netty.channel.nio.NioEventLoop.processSelectedKeysOptimized(NioEventLoop.java:579)
	at org.apache.ratis.thirdparty.io.netty.channel.nio.NioEventLoop.processSelectedKeys(NioEventLoop.java:496)
	at org.apache.ratis.thirdparty.io.netty.channel.nio.NioEventLoop.run(NioEventLoop.java:458)
	at org.apache.ratis.thirdparty.io.netty.util.concurrent.SingleThreadEventExecutor$5.run(SingleThreadEventExecutor.java:897)
	at org.apache.ratis.thirdparty.io.netty.util.concurrent.FastThreadLocalRunnable.run(FastThreadLocalRunnable.java:30)
	... 1 more
Caused by: java.net.ConnectException: Connection refused
	... 11 more
2019-09-27 09:18:52,739 [825f4d3a-e44b-481a-a24b-9ae922a259ab@group-62F34B2FE18F:LeaderElection53] INFO  impl.LeaderElection (LogUtils.java:infoOrTrace(149)) -   Exception 1: {}
java.util.concurrent.ExecutionException: org.apache.ratis.thirdparty.io.grpc.StatusRuntimeException: UNAVAILABLE: io exception
	at java.util.concurrent.FutureTask.report(FutureTask.java:122)
	at java.util.concurrent.FutureTask.get(FutureTask.java:192)
	at org.apache.ratis.server.impl.LeaderElection.waitForResults(LeaderElection.java:263)
	at org.apache.ratis.server.impl.LeaderElection.askForVotes(LeaderElection.java:201)
	at org.apache.ratis.server.impl.LeaderElection.run(LeaderElection.java:133)
	at java.lang.Thread.run(Thread.java:748)
Caused by: org.apache.ratis.thirdparty.io.grpc.StatusRuntimeException: UNAVAILABLE: io exception
	at org.apache.ratis.thirdparty.io.grpc.stub.ClientCalls.toStatusRuntimeException(ClientCalls.java:233)
	at org.apache.ratis.thirdparty.io.grpc.stub.ClientCalls.getUnchecked(ClientCalls.java:214)
	at org.apache.ratis.thirdparty.io.grpc.stub.ClientCalls.blockingUnaryCall(ClientCalls.java:139)
	at org.apache.ratis.proto.grpc.RaftServerProtocolServiceGrpc$RaftServerProtocolServiceBlockingStub.requestVote(RaftServerProtocolServiceGrpc.java:265)
	at org.apache.ratis.grpc.server.GrpcServerProtocolClient.requestVote(GrpcServerProtocolClient.java:90)
	at org.apache.ratis.grpc.server.GrpcService.requestVote(GrpcService.java:204)
	at org.apache.ratis.server.impl.LeaderElection.lambda$submitRequests$1(LeaderElection.java:238)
	at java.util.concurrent.FutureTask.run(FutureTask.java:266)
	at java.util.concurrent.Executors$RunnableAdapter.call(Executors.java:511)
	at java.util.concurrent.FutureTask.run(FutureTask.java:266)
	at java.util.concurrent.ThreadPoolExecutor.runWorker(ThreadPoolExecutor.java:1149)
	at java.util.concurrent.ThreadPoolExecutor$Worker.run(ThreadPoolExecutor.java:624)
	... 1 more
Caused by: org.apache.ratis.thirdparty.io.netty.channel.AbstractChannel$AnnotatedConnectException: Connection refused: /192.168.151.103:39568
	at sun.nio.ch.SocketChannelImpl.checkConnect(Native Method)
	at sun.nio.ch.SocketChannelImpl.finishConnect(SocketChannelImpl.java:717)
	at org.apache.ratis.thirdparty.io.netty.channel.socket.nio.NioSocketChannel.doFinishConnect(NioSocketChannel.java:327)
	at org.apache.ratis.thirdparty.io.netty.channel.nio.AbstractNioChannel$AbstractNioUnsafe.finishConnect(AbstractNioChannel.java:340)
	at org.apache.ratis.thirdparty.io.netty.channel.nio.NioEventLoop.processSelectedKey(NioEventLoop.java:632)
	at org.apache.ratis.thirdparty.io.netty.channel.nio.NioEventLoop.processSelectedKeysOptimized(NioEventLoop.java:579)
	at org.apache.ratis.thirdparty.io.netty.channel.nio.NioEventLoop.processSelectedKeys(NioEventLoop.java:496)
	at org.apache.ratis.thirdparty.io.netty.channel.nio.NioEventLoop.run(NioEventLoop.java:458)
	at org.apache.ratis.thirdparty.io.netty.util.concurrent.SingleThreadEventExecutor$5.run(SingleThreadEventExecutor.java:897)
	at org.apache.ratis.thirdparty.io.netty.util.concurrent.FastThreadLocalRunnable.run(FastThreadLocalRunnable.java:30)
	... 1 more
Caused by: java.net.ConnectException: Connection refused
	... 11 more
2019-09-27 09:18:52,739 [825f4d3a-e44b-481a-a24b-9ae922a259ab@group-62F34B2FE18F:LeaderElection53] INFO  impl.RaftServerImpl (RaftServerImpl.java:setRole(174)) - 825f4d3a-e44b-481a-a24b-9ae922a259ab@group-62F34B2FE18F: changes role from CANDIDATE to FOLLOWER at term 5 for DISCOVERED_A_NEW_TERM
2019-09-27 09:18:52,739 [825f4d3a-e44b-481a-a24b-9ae922a259ab@group-62F34B2FE18F:LeaderElection53] INFO  impl.RoleInfo (RoleInfo.java:shutdownLeaderElection(134)) - 825f4d3a-e44b-481a-a24b-9ae922a259ab: shutdown LeaderElection
2019-09-27 09:18:52,739 [825f4d3a-e44b-481a-a24b-9ae922a259ab@group-62F34B2FE18F:LeaderElection53] INFO  impl.RoleInfo (RoleInfo.java:updateAndGet(143)) - 825f4d3a-e44b-481a-a24b-9ae922a259ab: start FollowerState
2019-09-27 09:18:52,854 [Datanode State Machine Thread - 0] INFO  statemachine.DatanodeStateMachine (DatanodeStateMachine.java:lambda$startDaemon$0(350)) - Ozone container server started.
2019-09-27 09:18:53,247 [Datanode State Machine Thread - 0] INFO  statemachine.DatanodeStateMachine (DatanodeStateMachine.java:lambda$startDaemon$0(350)) - Ozone container server started.
2019-09-27 09:18:53,351 [Thread-2366] INFO  impl.FollowerState (FollowerState.java:run(106)) - debaddba-7ce7-4ada-b450-9c5d896bdac5:group-0080225EE277 changes to CANDIDATE, lastRpcTime:1371, electionTimeout:1161ms
2019-09-27 09:18:53,352 [Thread-2366] INFO  impl.RoleInfo (RoleInfo.java:shutdownFollowerState(121)) - debaddba-7ce7-4ada-b450-9c5d896bdac5: shutdown FollowerState
2019-09-27 09:18:53,352 [Thread-2366] INFO  impl.RaftServerImpl (RaftServerImpl.java:setRole(174)) - debaddba-7ce7-4ada-b450-9c5d896bdac5@group-0080225EE277: changes role from  FOLLOWER to CANDIDATE at term 4 for changeToCandidate
2019-09-27 09:18:53,352 [Thread-2366] INFO  impl.RoleInfo (RoleInfo.java:updateAndGet(143)) - debaddba-7ce7-4ada-b450-9c5d896bdac5: start LeaderElection
2019-09-27 09:18:53,354 [debaddba-7ce7-4ada-b450-9c5d896bdac5@group-0080225EE277:LeaderElection54] INFO  impl.RaftServerImpl (ServerState.java:setLeader(253)) - debaddba-7ce7-4ada-b450-9c5d896bdac5@group-0080225EE277: change Leader from ac644bf3-7673-4e49-8339-55bbab6b6107 to null at term 4 for initElection
2019-09-27 09:18:53,368 [debaddba-7ce7-4ada-b450-9c5d896bdac5@group-0080225EE277:LeaderElection54] INFO  impl.LeaderElection (LeaderElection.java:askForVotes(182)) - debaddba-7ce7-4ada-b450-9c5d896bdac5@group-0080225EE277:LeaderElection54: begin an election at term 5 for 1: [4d5d320f-7099-447d-88bd-f0759179e632:192.168.151.103:44930, ac644bf3-7673-4e49-8339-55bbab6b6107:192.168.151.103:33867, debaddba-7ce7-4ada-b450-9c5d896bdac5:192.168.151.103:37277], old=null
2019-09-27 09:18:53,371 [debaddba-7ce7-4ada-b450-9c5d896bdac5@group-0080225EE277:LeaderElection54] INFO  impl.LeaderElection (LogUtils.java:infoOrTrace(149)) - debaddba-7ce7-4ada-b450-9c5d896bdac5@group-0080225EE277:LeaderElection54 got exception when requesting votes: {}
java.util.concurrent.ExecutionException: org.apache.ratis.thirdparty.io.grpc.StatusRuntimeException: UNAVAILABLE: io exception
	at java.util.concurrent.FutureTask.report(FutureTask.java:122)
	at java.util.concurrent.FutureTask.get(FutureTask.java:192)
	at org.apache.ratis.server.impl.LeaderElection.waitForResults(LeaderElection.java:263)
	at org.apache.ratis.server.impl.LeaderElection.askForVotes(LeaderElection.java:201)
	at org.apache.ratis.server.impl.LeaderElection.run(LeaderElection.java:133)
	at java.lang.Thread.run(Thread.java:748)
Caused by: org.apache.ratis.thirdparty.io.grpc.StatusRuntimeException: UNAVAILABLE: io exception
	at org.apache.ratis.thirdparty.io.grpc.stub.ClientCalls.toStatusRuntimeException(ClientCalls.java:233)
	at org.apache.ratis.thirdparty.io.grpc.stub.ClientCalls.getUnchecked(ClientCalls.java:214)
	at org.apache.ratis.thirdparty.io.grpc.stub.ClientCalls.blockingUnaryCall(ClientCalls.java:139)
	at org.apache.ratis.proto.grpc.RaftServerProtocolServiceGrpc$RaftServerProtocolServiceBlockingStub.requestVote(RaftServerProtocolServiceGrpc.java:265)
	at org.apache.ratis.grpc.server.GrpcServerProtocolClient.requestVote(GrpcServerProtocolClient.java:90)
	at org.apache.ratis.grpc.server.GrpcService.requestVote(GrpcService.java:204)
	at org.apache.ratis.server.impl.LeaderElection.lambda$submitRequests$1(LeaderElection.java:238)
	at java.util.concurrent.FutureTask.run(FutureTask.java:266)
	at java.util.concurrent.Executors$RunnableAdapter.call(Executors.java:511)
	at java.util.concurrent.FutureTask.run(FutureTask.java:266)
	at java.util.concurrent.ThreadPoolExecutor.runWorker(ThreadPoolExecutor.java:1149)
	at java.util.concurrent.ThreadPoolExecutor$Worker.run(ThreadPoolExecutor.java:624)
	... 1 more
Caused by: org.apache.ratis.thirdparty.io.netty.channel.AbstractChannel$AnnotatedConnectException: Connection refused: /192.168.151.103:33867
	at sun.nio.ch.SocketChannelImpl.checkConnect(Native Method)
	at sun.nio.ch.SocketChannelImpl.finishConnect(SocketChannelImpl.java:717)
	at org.apache.ratis.thirdparty.io.netty.channel.socket.nio.NioSocketChannel.doFinishConnect(NioSocketChannel.java:327)
	at org.apache.ratis.thirdparty.io.netty.channel.nio.AbstractNioChannel$AbstractNioUnsafe.finishConnect(AbstractNioChannel.java:340)
	at org.apache.ratis.thirdparty.io.netty.channel.nio.NioEventLoop.processSelectedKey(NioEventLoop.java:632)
	at org.apache.ratis.thirdparty.io.netty.channel.nio.NioEventLoop.processSelectedKeysOptimized(NioEventLoop.java:579)
	at org.apache.ratis.thirdparty.io.netty.channel.nio.NioEventLoop.processSelectedKeys(NioEventLoop.java:496)
	at org.apache.ratis.thirdparty.io.netty.channel.nio.NioEventLoop.run(NioEventLoop.java:458)
	at org.apache.ratis.thirdparty.io.netty.util.concurrent.SingleThreadEventExecutor$5.run(SingleThreadEventExecutor.java:897)
	at org.apache.ratis.thirdparty.io.netty.util.concurrent.FastThreadLocalRunnable.run(FastThreadLocalRunnable.java:30)
	... 1 more
Caused by: java.net.ConnectException: Connection refused
	... 11 more
2019-09-27 09:18:53,373 [grpc-default-executor-1] INFO  impl.RaftServerImpl (ServerState.java:setLeader(253)) - 4d5d320f-7099-447d-88bd-f0759179e632@group-0080225EE277: change Leader from ac644bf3-7673-4e49-8339-55bbab6b6107 to null at term 5 for updateCurrentTerm
2019-09-27 09:18:53,374 [grpc-default-executor-1] INFO  impl.RaftServerImpl (RaftServerImpl.java:setRole(174)) - 4d5d320f-7099-447d-88bd-f0759179e632@group-0080225EE277: changes role from  FOLLOWER to FOLLOWER at term 5 for recognizeCandidate:debaddba-7ce7-4ada-b450-9c5d896bdac5
2019-09-27 09:18:53,375 [grpc-default-executor-1] INFO  impl.RoleInfo (RoleInfo.java:shutdownFollowerState(121)) - 4d5d320f-7099-447d-88bd-f0759179e632: shutdown FollowerState
2019-09-27 09:18:53,375 [grpc-default-executor-1] INFO  impl.RoleInfo (RoleInfo.java:updateAndGet(143)) - 4d5d320f-7099-447d-88bd-f0759179e632: start FollowerState
2019-09-27 09:18:53,375 [Thread-2367] INFO  impl.FollowerState (FollowerState.java:run(115)) - 4d5d320f-7099-447d-88bd-f0759179e632: FollowerState was interrupted: java.lang.InterruptedException: sleep interrupted
2019-09-27 09:18:53,390 [debaddba-7ce7-4ada-b450-9c5d896bdac5@group-0080225EE277:LeaderElection54] INFO  impl.LeaderElection (LeaderElection.java:logAndReturn(56)) - debaddba-7ce7-4ada-b450-9c5d896bdac5@group-0080225EE277:LeaderElection54: Election PASSED; received 1 response(s) [debaddba-7ce7-4ada-b450-9c5d896bdac5<-4d5d320f-7099-447d-88bd-f0759179e632#0:OK-t5] and 1 exception(s); debaddba-7ce7-4ada-b450-9c5d896bdac5@group-0080225EE277:t5, leader=null, voted=debaddba-7ce7-4ada-b450-9c5d896bdac5, raftlog=debaddba-7ce7-4ada-b450-9c5d896bdac5@group-0080225EE277-SegmentedRaftLog:OPENED:c2,f2,i2, conf=1: [4d5d320f-7099-447d-88bd-f0759179e632:192.168.151.103:44930, ac644bf3-7673-4e49-8339-55bbab6b6107:192.168.151.103:33867, debaddba-7ce7-4ada-b450-9c5d896bdac5:192.168.151.103:37277], old=null
2019-09-27 09:18:53,391 [debaddba-7ce7-4ada-b450-9c5d896bdac5@group-0080225EE277:LeaderElection54] INFO  impl.LeaderElection (LogUtils.java:infoOrTrace(149)) -   Exception 0: {}
java.util.concurrent.ExecutionException: org.apache.ratis.thirdparty.io.grpc.StatusRuntimeException: UNAVAILABLE: io exception
	at java.util.concurrent.FutureTask.report(FutureTask.java:122)
	at java.util.concurrent.FutureTask.get(FutureTask.java:192)
	at org.apache.ratis.server.impl.LeaderElection.waitForResults(LeaderElection.java:263)
	at org.apache.ratis.server.impl.LeaderElection.askForVotes(LeaderElection.java:201)
	at org.apache.ratis.server.impl.LeaderElection.run(LeaderElection.java:133)
	at java.lang.Thread.run(Thread.java:748)
Caused by: org.apache.ratis.thirdparty.io.grpc.StatusRuntimeException: UNAVAILABLE: io exception
	at org.apache.ratis.thirdparty.io.grpc.stub.ClientCalls.toStatusRuntimeException(ClientCalls.java:233)
	at org.apache.ratis.thirdparty.io.grpc.stub.ClientCalls.getUnchecked(ClientCalls.java:214)
	at org.apache.ratis.thirdparty.io.grpc.stub.ClientCalls.blockingUnaryCall(ClientCalls.java:139)
	at org.apache.ratis.proto.grpc.RaftServerProtocolServiceGrpc$RaftServerProtocolServiceBlockingStub.requestVote(RaftServerProtocolServiceGrpc.java:265)
	at org.apache.ratis.grpc.server.GrpcServerProtocolClient.requestVote(GrpcServerProtocolClient.java:90)
	at org.apache.ratis.grpc.server.GrpcService.requestVote(GrpcService.java:204)
	at org.apache.ratis.server.impl.LeaderElection.lambda$submitRequests$1(LeaderElection.java:238)
	at java.util.concurrent.FutureTask.run(FutureTask.java:266)
	at java.util.concurrent.Executors$RunnableAdapter.call(Executors.java:511)
	at java.util.concurrent.FutureTask.run(FutureTask.java:266)
	at java.util.concurrent.ThreadPoolExecutor.runWorker(ThreadPoolExecutor.java:1149)
	at java.util.concurrent.ThreadPoolExecutor$Worker.run(ThreadPoolExecutor.java:624)
	... 1 more
Caused by: org.apache.ratis.thirdparty.io.netty.channel.AbstractChannel$AnnotatedConnectException: Connection refused: /192.168.151.103:33867
	at sun.nio.ch.SocketChannelImpl.checkConnect(Native Method)
	at sun.nio.ch.SocketChannelImpl.finishConnect(SocketChannelImpl.java:717)
	at org.apache.ratis.thirdparty.io.netty.channel.socket.nio.NioSocketChannel.doFinishConnect(NioSocketChannel.java:327)
	at org.apache.ratis.thirdparty.io.netty.channel.nio.AbstractNioChannel$AbstractNioUnsafe.finishConnect(AbstractNioChannel.java:340)
	at org.apache.ratis.thirdparty.io.netty.channel.nio.NioEventLoop.processSelectedKey(NioEventLoop.java:632)
	at org.apache.ratis.thirdparty.io.netty.channel.nio.NioEventLoop.processSelectedKeysOptimized(NioEventLoop.java:579)
	at org.apache.ratis.thirdparty.io.netty.channel.nio.NioEventLoop.processSelectedKeys(NioEventLoop.java:496)
	at org.apache.ratis.thirdparty.io.netty.channel.nio.NioEventLoop.run(NioEventLoop.java:458)
	at org.apache.ratis.thirdparty.io.netty.util.concurrent.SingleThreadEventExecutor$5.run(SingleThreadEventExecutor.java:897)
	at org.apache.ratis.thirdparty.io.netty.util.concurrent.FastThreadLocalRunnable.run(FastThreadLocalRunnable.java:30)
	... 1 more
Caused by: java.net.ConnectException: Connection refused
	... 11 more
2019-09-27 09:18:53,391 [debaddba-7ce7-4ada-b450-9c5d896bdac5@group-0080225EE277:LeaderElection54] INFO  impl.RoleInfo (RoleInfo.java:shutdownLeaderElection(134)) - debaddba-7ce7-4ada-b450-9c5d896bdac5: shutdown LeaderElection
2019-09-27 09:18:53,391 [debaddba-7ce7-4ada-b450-9c5d896bdac5@group-0080225EE277:LeaderElection54] INFO  impl.RaftServerImpl (RaftServerImpl.java:setRole(174)) - debaddba-7ce7-4ada-b450-9c5d896bdac5@group-0080225EE277: changes role from CANDIDATE to LEADER at term 5 for changeToLeader
2019-09-27 09:18:53,391 [debaddba-7ce7-4ada-b450-9c5d896bdac5@group-0080225EE277:LeaderElection54] INFO  impl.RaftServerImpl (ServerState.java:setLeader(253)) - debaddba-7ce7-4ada-b450-9c5d896bdac5@group-0080225EE277: change Leader from null to debaddba-7ce7-4ada-b450-9c5d896bdac5 at term 5 for becomeLeader, leader elected after 37ms
2019-09-27 09:18:53,391 [debaddba-7ce7-4ada-b450-9c5d896bdac5@group-0080225EE277:LeaderElection54] INFO  server.RaftServerConfigKeys (ConfUtils.java:logGet(43)) - raft.server.staging.catchup.gap = 1000 (default)
2019-09-27 09:18:53,392 [debaddba-7ce7-4ada-b450-9c5d896bdac5@group-0080225EE277:LeaderElection54] INFO  server.RaftServerConfigKeys (ConfUtils.java:logGet(43)) - raft.server.rpc.sleep.time = 25ms (default)
2019-09-27 09:18:53,392 [debaddba-7ce7-4ada-b450-9c5d896bdac5@group-0080225EE277:LeaderElection54] INFO  server.RaftServerConfigKeys (ConfUtils.java:logGet(43)) - raft.server.write.element-limit = 4096 (default)
2019-09-27 09:18:53,392 [debaddba-7ce7-4ada-b450-9c5d896bdac5@group-0080225EE277:LeaderElection54] INFO  server.RaftServerConfigKeys (ConfUtils.java:logGet(43)) - raft.server.watch.timeout = 10s (default)
2019-09-27 09:18:53,392 [debaddba-7ce7-4ada-b450-9c5d896bdac5@group-0080225EE277:LeaderElection54] INFO  server.RaftServerConfigKeys (ConfUtils.java:logGet(43)) - raft.server.watch.timeout.denomination = 1s (default)
2019-09-27 09:18:53,392 [debaddba-7ce7-4ada-b450-9c5d896bdac5@group-0080225EE277:LeaderElection54] INFO  server.RaftServerConfigKeys (ConfUtils.java:logGet(43)) - raft.server.watch.element-limit = 65536 (default)
2019-09-27 09:18:53,395 [debaddba-7ce7-4ada-b450-9c5d896bdac5@group-0080225EE277:LeaderElection54] INFO  server.RaftServerConfigKeys (ConfUtils.java:logGet(43)) - raft.server.log.appender.snapshot.chunk.size.max = 16MB (=16777216) (default)
2019-09-27 09:18:53,395 [debaddba-7ce7-4ada-b450-9c5d896bdac5@group-0080225EE277:LeaderElection54] INFO  server.RaftServerConfigKeys (ConfUtils.java:logGet(43)) - raft.server.log.appender.buffer.byte-limit = 33554432 (custom)
2019-09-27 09:18:53,395 [debaddba-7ce7-4ada-b450-9c5d896bdac5@group-0080225EE277:LeaderElection54] INFO  server.RaftServerConfigKeys (ConfUtils.java:logGet(43)) - raft.server.log.appender.buffer.element-limit = 1 (custom)
2019-09-27 09:18:53,396 [debaddba-7ce7-4ada-b450-9c5d896bdac5@group-0080225EE277:LeaderElection54] INFO  grpc.GrpcConfigKeys$Server (ConfUtils.java:logGet(43)) - raft.grpc.server.leader.outstanding.appends.max = 128 (default)
2019-09-27 09:18:53,396 [debaddba-7ce7-4ada-b450-9c5d896bdac5@group-0080225EE277:LeaderElection54] INFO  server.RaftServerConfigKeys (ConfUtils.java:logGet(43)) - raft.server.rpc.request.timeout = 3000ms (default)
2019-09-27 09:18:53,396 [debaddba-7ce7-4ada-b450-9c5d896bdac5@group-0080225EE277:LeaderElection54] INFO  server.RaftServerConfigKeys (ConfUtils.java:logGet(43)) - raft.server.log.appender.install.snapshot.enabled = false (custom)
2019-09-27 09:18:53,396 [debaddba-7ce7-4ada-b450-9c5d896bdac5@group-0080225EE277:LeaderElection54] INFO  server.RaftServerConfigKeys (ConfUtils.java:logGet(43)) - raft.server.log.appender.snapshot.chunk.size.max = 16MB (=16777216) (default)
2019-09-27 09:18:53,397 [debaddba-7ce7-4ada-b450-9c5d896bdac5@group-0080225EE277:LeaderElection54] INFO  server.RaftServerConfigKeys (ConfUtils.java:logGet(43)) - raft.server.log.appender.buffer.byte-limit = 33554432 (custom)
2019-09-27 09:18:53,397 [debaddba-7ce7-4ada-b450-9c5d896bdac5@group-0080225EE277:LeaderElection54] INFO  server.RaftServerConfigKeys (ConfUtils.java:logGet(43)) - raft.server.log.appender.buffer.element-limit = 1 (custom)
2019-09-27 09:18:53,397 [debaddba-7ce7-4ada-b450-9c5d896bdac5@group-0080225EE277:LeaderElection54] INFO  grpc.GrpcConfigKeys$Server (ConfUtils.java:logGet(43)) - raft.grpc.server.leader.outstanding.appends.max = 128 (default)
2019-09-27 09:18:53,397 [debaddba-7ce7-4ada-b450-9c5d896bdac5@group-0080225EE277:LeaderElection54] INFO  server.RaftServerConfigKeys (ConfUtils.java:logGet(43)) - raft.server.rpc.request.timeout = 3000ms (default)
2019-09-27 09:18:53,397 [debaddba-7ce7-4ada-b450-9c5d896bdac5@group-0080225EE277:LeaderElection54] INFO  server.RaftServerConfigKeys (ConfUtils.java:logGet(43)) - raft.server.log.appender.install.snapshot.enabled = false (custom)
2019-09-27 09:18:53,398 [debaddba-7ce7-4ada-b450-9c5d896bdac5@group-0080225EE277:LeaderElection54] INFO  impl.RoleInfo (RoleInfo.java:updateAndGet(143)) - debaddba-7ce7-4ada-b450-9c5d896bdac5: start LeaderState
2019-09-27 09:18:53,398 [debaddba-7ce7-4ada-b450-9c5d896bdac5@group-0080225EE277:LeaderElection54] INFO  segmented.SegmentedRaftLogWorker (SegmentedRaftLogWorker.java:rollLogSegment(385)) - debaddba-7ce7-4ada-b450-9c5d896bdac5@group-0080225EE277-SegmentedRaftLogWorker: Rolling segment log-1_2 to index:2
2019-09-27 09:18:53,399 [debaddba-7ce7-4ada-b450-9c5d896bdac5@group-0080225EE277-SegmentedRaftLogWorker] INFO  segmented.SegmentedRaftLogWorker (SegmentedRaftLogWorker.java:execute(526)) - debaddba-7ce7-4ada-b450-9c5d896bdac5@group-0080225EE277-SegmentedRaftLogWorker: Rolled log segment from /workdir/hadoop-ozone/integration-test/target/test-dir/MiniOzoneClusterImpl-283270ba-aa50-4746-a1ea-b4b278bb6973/datanode-7/data/ratis/c342da81-c23f-48dd-9946-0080225ee277/current/log_inprogress_1 to /workdir/hadoop-ozone/integration-test/target/test-dir/MiniOzoneClusterImpl-283270ba-aa50-4746-a1ea-b4b278bb6973/datanode-7/data/ratis/c342da81-c23f-48dd-9946-0080225ee277/current/log_1-2
2019-09-27 09:18:53,399 [debaddba-7ce7-4ada-b450-9c5d896bdac5@group-0080225EE277:LeaderElection54] INFO  impl.RaftServerImpl (ServerState.java:setRaftConf(354)) - debaddba-7ce7-4ada-b450-9c5d896bdac5@group-0080225EE277: set configuration 3: [4d5d320f-7099-447d-88bd-f0759179e632:192.168.151.103:44930, ac644bf3-7673-4e49-8339-55bbab6b6107:192.168.151.103:33867, debaddba-7ce7-4ada-b450-9c5d896bdac5:192.168.151.103:37277], old=null at 3
2019-09-27 09:18:53,399 [grpc-default-executor-1] WARN  server.GrpcLogAppender (LogUtils.java:warn(134)) - debaddba-7ce7-4ada-b450-9c5d896bdac5@group-0080225EE277->ac644bf3-7673-4e49-8339-55bbab6b6107-AppendLogResponseHandler: Failed appendEntries: org.apache.ratis.thirdparty.io.grpc.StatusRuntimeException: UNAVAILABLE: io exception
2019-09-27 09:18:53,400 [grpc-default-executor-1] INFO  impl.FollowerInfo (FollowerInfo.java:lambda$new$0(51)) - debaddba-7ce7-4ada-b450-9c5d896bdac5@group-0080225EE277->ac644bf3-7673-4e49-8339-55bbab6b6107: nextIndex: updateUnconditionally 3 -> 1
2019-09-27 09:18:53,438 [grpc-default-executor-3] INFO  impl.RaftServerImpl (ServerState.java:setLeader(253)) - 4d5d320f-7099-447d-88bd-f0759179e632@group-0080225EE277: change Leader from null to debaddba-7ce7-4ada-b450-9c5d896bdac5 at term 5 for appendEntries, leader elected after 65ms
2019-09-27 09:18:53,440 [grpc-default-executor-3] INFO  impl.RaftServerImpl (ServerState.java:setRaftConf(354)) - 4d5d320f-7099-447d-88bd-f0759179e632@group-0080225EE277: set configuration 3: [4d5d320f-7099-447d-88bd-f0759179e632:192.168.151.103:44930, ac644bf3-7673-4e49-8339-55bbab6b6107:192.168.151.103:33867, debaddba-7ce7-4ada-b450-9c5d896bdac5:192.168.151.103:37277], old=null at 3
2019-09-27 09:18:53,440 [grpc-default-executor-3] INFO  segmented.SegmentedRaftLogWorker (SegmentedRaftLogWorker.java:rollLogSegment(385)) - 4d5d320f-7099-447d-88bd-f0759179e632@group-0080225EE277-SegmentedRaftLogWorker: Rolling segment log-1_2 to index:2
2019-09-27 09:18:53,441 [4d5d320f-7099-447d-88bd-f0759179e632@group-0080225EE277-SegmentedRaftLogWorker] INFO  segmented.SegmentedRaftLogWorker (SegmentedRaftLogWorker.java:execute(526)) - 4d5d320f-7099-447d-88bd-f0759179e632@group-0080225EE277-SegmentedRaftLogWorker: Rolled log segment from /workdir/hadoop-ozone/integration-test/target/test-dir/MiniOzoneClusterImpl-283270ba-aa50-4746-a1ea-b4b278bb6973/datanode-9/data/ratis/c342da81-c23f-48dd-9946-0080225ee277/current/log_inprogress_1 to /workdir/hadoop-ozone/integration-test/target/test-dir/MiniOzoneClusterImpl-283270ba-aa50-4746-a1ea-b4b278bb6973/datanode-9/data/ratis/c342da81-c23f-48dd-9946-0080225ee277/current/log_1-2
2019-09-27 09:18:53,451 [debaddba-7ce7-4ada-b450-9c5d896bdac5@group-0080225EE277-SegmentedRaftLogWorker] INFO  segmented.SegmentedRaftLogWorker (SegmentedRaftLogWorker.java:execute(569)) - debaddba-7ce7-4ada-b450-9c5d896bdac5@group-0080225EE277-SegmentedRaftLogWorker: created new log segment /workdir/hadoop-ozone/integration-test/target/test-dir/MiniOzoneClusterImpl-283270ba-aa50-4746-a1ea-b4b278bb6973/datanode-7/data/ratis/c342da81-c23f-48dd-9946-0080225ee277/current/log_inprogress_3
2019-09-27 09:18:53,492 [4d5d320f-7099-447d-88bd-f0759179e632@group-0080225EE277-SegmentedRaftLogWorker] INFO  segmented.SegmentedRaftLogWorker (SegmentedRaftLogWorker.java:execute(569)) - 4d5d320f-7099-447d-88bd-f0759179e632@group-0080225EE277-SegmentedRaftLogWorker: created new log segment /workdir/hadoop-ozone/integration-test/target/test-dir/MiniOzoneClusterImpl-283270ba-aa50-4746-a1ea-b4b278bb6973/datanode-9/data/ratis/c342da81-c23f-48dd-9946-0080225ee277/current/log_inprogress_3
2019-09-27 09:18:53,510 [grpc-default-executor-2] WARN  server.GrpcLogAppender (LogUtils.java:warn(134)) - debaddba-7ce7-4ada-b450-9c5d896bdac5@group-0080225EE277->ac644bf3-7673-4e49-8339-55bbab6b6107-AppendLogResponseHandler: Failed appendEntries: org.apache.ratis.thirdparty.io.grpc.StatusRuntimeException: UNAVAILABLE: io exception
2019-09-27 09:18:53,510 [grpc-default-executor-2] INFO  impl.FollowerInfo (FollowerInfo.java:lambda$new$0(51)) - debaddba-7ce7-4ada-b450-9c5d896bdac5@group-0080225EE277->ac644bf3-7673-4e49-8339-55bbab6b6107: nextIndex: updateUnconditionally 2 -> 1
2019-09-27 09:18:53,523 [grpc-default-executor-1] WARN  server.GrpcLogAppender (LogUtils.java:warn(134)) - debaddba-7ce7-4ada-b450-9c5d896bdac5@group-0080225EE277->ac644bf3-7673-4e49-8339-55bbab6b6107-AppendLogResponseHandler: Failed appendEntries: org.apache.ratis.thirdparty.io.grpc.StatusRuntimeException: UNAVAILABLE: io exception
2019-09-27 09:18:53,523 [grpc-default-executor-1] INFO  impl.FollowerInfo (FollowerInfo.java:lambda$new$0(51)) - debaddba-7ce7-4ada-b450-9c5d896bdac5@group-0080225EE277->ac644bf3-7673-4e49-8339-55bbab6b6107: nextIndex: updateUnconditionally 2 -> 1
2019-09-27 09:18:53,876 [Thread-3836] INFO  impl.FollowerState (FollowerState.java:run(106)) - 825f4d3a-e44b-481a-a24b-9ae922a259ab:group-62F34B2FE18F changes to CANDIDATE, lastRpcTime:1136, electionTimeout:1136ms
2019-09-27 09:18:53,876 [Thread-3836] INFO  impl.RoleInfo (RoleInfo.java:shutdownFollowerState(121)) - 825f4d3a-e44b-481a-a24b-9ae922a259ab: shutdown FollowerState
2019-09-27 09:18:53,876 [Thread-3836] INFO  impl.RaftServerImpl (RaftServerImpl.java:setRole(174)) - 825f4d3a-e44b-481a-a24b-9ae922a259ab@group-62F34B2FE18F: changes role from  FOLLOWER to CANDIDATE at term 5 for changeToCandidate
2019-09-27 09:18:53,876 [Thread-3836] INFO  impl.RoleInfo (RoleInfo.java:updateAndGet(143)) - 825f4d3a-e44b-481a-a24b-9ae922a259ab: start LeaderElection
2019-09-27 09:18:53,893 [825f4d3a-e44b-481a-a24b-9ae922a259ab@group-62F34B2FE18F:LeaderElection55] INFO  impl.LeaderElection (LeaderElection.java:askForVotes(182)) - 825f4d3a-e44b-481a-a24b-9ae922a259ab@group-62F34B2FE18F:LeaderElection55: begin an election at term 6 for 0: [e6dfef88-aea8-482b-83fb-8e87a0e55ccd:192.168.151.103:39305, e557a3b1-6e95-4f35-a3e1-c0da55ea7bc1:192.168.151.103:39568, 825f4d3a-e44b-481a-a24b-9ae922a259ab:192.168.151.103:34079], old=null
2019-09-27 09:18:53,894 [825f4d3a-e44b-481a-a24b-9ae922a259ab@group-62F34B2FE18F:LeaderElection55] INFO  impl.LeaderElection (LogUtils.java:infoOrTrace(149)) - 825f4d3a-e44b-481a-a24b-9ae922a259ab@group-62F34B2FE18F:LeaderElection55 got exception when requesting votes: {}
java.util.concurrent.ExecutionException: org.apache.ratis.thirdparty.io.grpc.StatusRuntimeException: UNAVAILABLE: io exception
	at java.util.concurrent.FutureTask.report(FutureTask.java:122)
	at java.util.concurrent.FutureTask.get(FutureTask.java:192)
	at org.apache.ratis.server.impl.LeaderElection.waitForResults(LeaderElection.java:263)
	at org.apache.ratis.server.impl.LeaderElection.askForVotes(LeaderElection.java:201)
	at org.apache.ratis.server.impl.LeaderElection.run(LeaderElection.java:133)
	at java.lang.Thread.run(Thread.java:748)
Caused by: org.apache.ratis.thirdparty.io.grpc.StatusRuntimeException: UNAVAILABLE: io exception
	at org.apache.ratis.thirdparty.io.grpc.stub.ClientCalls.toStatusRuntimeException(ClientCalls.java:233)
	at org.apache.ratis.thirdparty.io.grpc.stub.ClientCalls.getUnchecked(ClientCalls.java:214)
	at org.apache.ratis.thirdparty.io.grpc.stub.ClientCalls.blockingUnaryCall(ClientCalls.java:139)
	at org.apache.ratis.proto.grpc.RaftServerProtocolServiceGrpc$RaftServerProtocolServiceBlockingStub.requestVote(RaftServerProtocolServiceGrpc.java:265)
	at org.apache.ratis.grpc.server.GrpcServerProtocolClient.requestVote(GrpcServerProtocolClient.java:90)
	at org.apache.ratis.grpc.server.GrpcService.requestVote(GrpcService.java:204)
	at org.apache.ratis.server.impl.LeaderElection.lambda$submitRequests$1(LeaderElection.java:238)
	at java.util.concurrent.FutureTask.run(FutureTask.java:266)
	at java.util.concurrent.Executors$RunnableAdapter.call(Executors.java:511)
	at java.util.concurrent.FutureTask.run(FutureTask.java:266)
	at java.util.concurrent.ThreadPoolExecutor.runWorker(ThreadPoolExecutor.java:1149)
	at java.util.concurrent.ThreadPoolExecutor$Worker.run(ThreadPoolExecutor.java:624)
	... 1 more
Caused by: org.apache.ratis.thirdparty.io.netty.channel.AbstractChannel$AnnotatedConnectException: Connection refused: /192.168.151.103:39568
	at sun.nio.ch.SocketChannelImpl.checkConnect(Native Method)
	at sun.nio.ch.SocketChannelImpl.finishConnect(SocketChannelImpl.java:717)
	at org.apache.ratis.thirdparty.io.netty.channel.socket.nio.NioSocketChannel.doFinishConnect(NioSocketChannel.java:327)
	at org.apache.ratis.thirdparty.io.netty.channel.nio.AbstractNioChannel$AbstractNioUnsafe.finishConnect(AbstractNioChannel.java:340)
	at org.apache.ratis.thirdparty.io.netty.channel.nio.NioEventLoop.processSelectedKey(NioEventLoop.java:632)
	at org.apache.ratis.thirdparty.io.netty.channel.nio.NioEventLoop.processSelectedKeysOptimized(NioEventLoop.java:579)
	at org.apache.ratis.thirdparty.io.netty.channel.nio.NioEventLoop.processSelectedKeys(NioEventLoop.java:496)
	at org.apache.ratis.thirdparty.io.netty.channel.nio.NioEventLoop.run(NioEventLoop.java:458)
	at org.apache.ratis.thirdparty.io.netty.util.concurrent.SingleThreadEventExecutor$5.run(SingleThreadEventExecutor.java:897)
	at org.apache.ratis.thirdparty.io.netty.util.concurrent.FastThreadLocalRunnable.run(FastThreadLocalRunnable.java:30)
	... 1 more
Caused by: java.net.ConnectException: Connection refused
	... 11 more
2019-09-27 09:18:53,896 [825f4d3a-e44b-481a-a24b-9ae922a259ab@group-62F34B2FE18F:LeaderElection55] INFO  impl.LeaderElection (LogUtils.java:infoOrTrace(149)) - 825f4d3a-e44b-481a-a24b-9ae922a259ab@group-62F34B2FE18F:LeaderElection55 got exception when requesting votes: {}
java.util.concurrent.ExecutionException: org.apache.ratis.thirdparty.io.grpc.StatusRuntimeException: UNAVAILABLE: io exception
	at java.util.concurrent.FutureTask.report(FutureTask.java:122)
	at java.util.concurrent.FutureTask.get(FutureTask.java:192)
	at org.apache.ratis.server.impl.LeaderElection.waitForResults(LeaderElection.java:263)
	at org.apache.ratis.server.impl.LeaderElection.askForVotes(LeaderElection.java:201)
	at org.apache.ratis.server.impl.LeaderElection.run(LeaderElection.java:133)
	at java.lang.Thread.run(Thread.java:748)
Caused by: org.apache.ratis.thirdparty.io.grpc.StatusRuntimeException: UNAVAILABLE: io exception
	at org.apache.ratis.thirdparty.io.grpc.stub.ClientCalls.toStatusRuntimeException(ClientCalls.java:233)
	at org.apache.ratis.thirdparty.io.grpc.stub.ClientCalls.getUnchecked(ClientCalls.java:214)
	at org.apache.ratis.thirdparty.io.grpc.stub.ClientCalls.blockingUnaryCall(ClientCalls.java:139)
	at org.apache.ratis.proto.grpc.RaftServerProtocolServiceGrpc$RaftServerProtocolServiceBlockingStub.requestVote(RaftServerProtocolServiceGrpc.java:265)
	at org.apache.ratis.grpc.server.GrpcServerProtocolClient.requestVote(GrpcServerProtocolClient.java:90)
	at org.apache.ratis.grpc.server.GrpcService.requestVote(GrpcService.java:204)
	at org.apache.ratis.server.impl.LeaderElection.lambda$submitRequests$1(LeaderElection.java:238)
	at java.util.concurrent.FutureTask.run(FutureTask.java:266)
	at java.util.concurrent.Executors$RunnableAdapter.call(Executors.java:511)
	at java.util.concurrent.FutureTask.run(FutureTask.java:266)
	at java.util.concurrent.ThreadPoolExecutor.runWorker(ThreadPoolExecutor.java:1149)
	at java.util.concurrent.ThreadPoolExecutor$Worker.run(ThreadPoolExecutor.java:624)
	... 1 more
Caused by: org.apache.ratis.thirdparty.io.netty.channel.AbstractChannel$AnnotatedConnectException: Connection refused: /192.168.151.103:39305
	at sun.nio.ch.SocketChannelImpl.checkConnect(Native Method)
	at sun.nio.ch.SocketChannelImpl.finishConnect(SocketChannelImpl.java:717)
	at org.apache.ratis.thirdparty.io.netty.channel.socket.nio.NioSocketChannel.doFinishConnect(NioSocketChannel.java:327)
	at org.apache.ratis.thirdparty.io.netty.channel.nio.AbstractNioChannel$AbstractNioUnsafe.finishConnect(AbstractNioChannel.java:340)
	at org.apache.ratis.thirdparty.io.netty.channel.nio.NioEventLoop.processSelectedKey(NioEventLoop.java:632)
	at org.apache.ratis.thirdparty.io.netty.channel.nio.NioEventLoop.processSelectedKeysOptimized(NioEventLoop.java:579)
	at org.apache.ratis.thirdparty.io.netty.channel.nio.NioEventLoop.processSelectedKeys(NioEventLoop.java:496)
	at org.apache.ratis.thirdparty.io.netty.channel.nio.NioEventLoop.run(NioEventLoop.java:458)
	at org.apache.ratis.thirdparty.io.netty.util.concurrent.SingleThreadEventExecutor$5.run(SingleThreadEventExecutor.java:897)
	at org.apache.ratis.thirdparty.io.netty.util.concurrent.FastThreadLocalRunnable.run(FastThreadLocalRunnable.java:30)
	... 1 more
Caused by: java.net.ConnectException: Connection refused
	... 11 more
2019-09-27 09:18:53,898 [825f4d3a-e44b-481a-a24b-9ae922a259ab@group-62F34B2FE18F:LeaderElection55] INFO  impl.LeaderElection (LeaderElection.java:logAndReturn(56)) - 825f4d3a-e44b-481a-a24b-9ae922a259ab@group-62F34B2FE18F:LeaderElection55: Election REJECTED; received 0 response(s) [] and 2 exception(s); 825f4d3a-e44b-481a-a24b-9ae922a259ab@group-62F34B2FE18F:t6, leader=null, voted=825f4d3a-e44b-481a-a24b-9ae922a259ab, raftlog=825f4d3a-e44b-481a-a24b-9ae922a259ab@group-62F34B2FE18F-SegmentedRaftLog:OPENED:c0,f0,i0, conf=0: [e6dfef88-aea8-482b-83fb-8e87a0e55ccd:192.168.151.103:39305, e557a3b1-6e95-4f35-a3e1-c0da55ea7bc1:192.168.151.103:39568, 825f4d3a-e44b-481a-a24b-9ae922a259ab:192.168.151.103:34079], old=null
2019-09-27 09:18:53,898 [825f4d3a-e44b-481a-a24b-9ae922a259ab@group-62F34B2FE18F:LeaderElection55] INFO  impl.LeaderElection (LogUtils.java:infoOrTrace(149)) -   Exception 0: {}
java.util.concurrent.ExecutionException: org.apache.ratis.thirdparty.io.grpc.StatusRuntimeException: UNAVAILABLE: io exception
	at java.util.concurrent.FutureTask.report(FutureTask.java:122)
	at java.util.concurrent.FutureTask.get(FutureTask.java:192)
	at org.apache.ratis.server.impl.LeaderElection.waitForResults(LeaderElection.java:263)
	at org.apache.ratis.server.impl.LeaderElection.askForVotes(LeaderElection.java:201)
	at org.apache.ratis.server.impl.LeaderElection.run(LeaderElection.java:133)
	at java.lang.Thread.run(Thread.java:748)
Caused by: org.apache.ratis.thirdparty.io.grpc.StatusRuntimeException: UNAVAILABLE: io exception
	at org.apache.ratis.thirdparty.io.grpc.stub.ClientCalls.toStatusRuntimeException(ClientCalls.java:233)
	at org.apache.ratis.thirdparty.io.grpc.stub.ClientCalls.getUnchecked(ClientCalls.java:214)
	at org.apache.ratis.thirdparty.io.grpc.stub.ClientCalls.blockingUnaryCall(ClientCalls.java:139)
	at org.apache.ratis.proto.grpc.RaftServerProtocolServiceGrpc$RaftServerProtocolServiceBlockingStub.requestVote(RaftServerProtocolServiceGrpc.java:265)
	at org.apache.ratis.grpc.server.GrpcServerProtocolClient.requestVote(GrpcServerProtocolClient.java:90)
	at org.apache.ratis.grpc.server.GrpcService.requestVote(GrpcService.java:204)
	at org.apache.ratis.server.impl.LeaderElection.lambda$submitRequests$1(LeaderElection.java:238)
	at java.util.concurrent.FutureTask.run(FutureTask.java:266)
	at java.util.concurrent.Executors$RunnableAdapter.call(Executors.java:511)
	at java.util.concurrent.FutureTask.run(FutureTask.java:266)
	at java.util.concurrent.ThreadPoolExecutor.runWorker(ThreadPoolExecutor.java:1149)
	at java.util.concurrent.ThreadPoolExecutor$Worker.run(ThreadPoolExecutor.java:624)
	... 1 more
Caused by: org.apache.ratis.thirdparty.io.netty.channel.AbstractChannel$AnnotatedConnectException: Connection refused: /192.168.151.103:39568
	at sun.nio.ch.SocketChannelImpl.checkConnect(Native Method)
	at sun.nio.ch.SocketChannelImpl.finishConnect(SocketChannelImpl.java:717)
	at org.apache.ratis.thirdparty.io.netty.channel.socket.nio.NioSocketChannel.doFinishConnect(NioSocketChannel.java:327)
	at org.apache.ratis.thirdparty.io.netty.channel.nio.AbstractNioChannel$AbstractNioUnsafe.finishConnect(AbstractNioChannel.java:340)
	at org.apache.ratis.thirdparty.io.netty.channel.nio.NioEventLoop.processSelectedKey(NioEventLoop.java:632)
	at org.apache.ratis.thirdparty.io.netty.channel.nio.NioEventLoop.processSelectedKeysOptimized(NioEventLoop.java:579)
	at org.apache.ratis.thirdparty.io.netty.channel.nio.NioEventLoop.processSelectedKeys(NioEventLoop.java:496)
	at org.apache.ratis.thirdparty.io.netty.channel.nio.NioEventLoop.run(NioEventLoop.java:458)
	at org.apache.ratis.thirdparty.io.netty.util.concurrent.SingleThreadEventExecutor$5.run(SingleThreadEventExecutor.java:897)
	at org.apache.ratis.thirdparty.io.netty.util.concurrent.FastThreadLocalRunnable.run(FastThreadLocalRunnable.java:30)
	... 1 more
Caused by: java.net.ConnectException: Connection refused
	... 11 more
2019-09-27 09:18:53,899 [825f4d3a-e44b-481a-a24b-9ae922a259ab@group-62F34B2FE18F:LeaderElection55] INFO  impl.LeaderElection (LogUtils.java:infoOrTrace(149)) -   Exception 1: {}
java.util.concurrent.ExecutionException: org.apache.ratis.thirdparty.io.grpc.StatusRuntimeException: UNAVAILABLE: io exception
	at java.util.concurrent.FutureTask.report(FutureTask.java:122)
	at java.util.concurrent.FutureTask.get(FutureTask.java:192)
	at org.apache.ratis.server.impl.LeaderElection.waitForResults(LeaderElection.java:263)
	at org.apache.ratis.server.impl.LeaderElection.askForVotes(LeaderElection.java:201)
	at org.apache.ratis.server.impl.LeaderElection.run(LeaderElection.java:133)
	at java.lang.Thread.run(Thread.java:748)
Caused by: org.apache.ratis.thirdparty.io.grpc.StatusRuntimeException: UNAVAILABLE: io exception
	at org.apache.ratis.thirdparty.io.grpc.stub.ClientCalls.toStatusRuntimeException(ClientCalls.java:233)
	at org.apache.ratis.thirdparty.io.grpc.stub.ClientCalls.getUnchecked(ClientCalls.java:214)
	at org.apache.ratis.thirdparty.io.grpc.stub.ClientCalls.blockingUnaryCall(ClientCalls.java:139)
	at org.apache.ratis.proto.grpc.RaftServerProtocolServiceGrpc$RaftServerProtocolServiceBlockingStub.requestVote(RaftServerProtocolServiceGrpc.java:265)
	at org.apache.ratis.grpc.server.GrpcServerProtocolClient.requestVote(GrpcServerProtocolClient.java:90)
	at org.apache.ratis.grpc.server.GrpcService.requestVote(GrpcService.java:204)
	at org.apache.ratis.server.impl.LeaderElection.lambda$submitRequests$1(LeaderElection.java:238)
	at java.util.concurrent.FutureTask.run(FutureTask.java:266)
	at java.util.concurrent.Executors$RunnableAdapter.call(Executors.java:511)
	at java.util.concurrent.FutureTask.run(FutureTask.java:266)
	at java.util.concurrent.ThreadPoolExecutor.runWorker(ThreadPoolExecutor.java:1149)
	at java.util.concurrent.ThreadPoolExecutor$Worker.run(ThreadPoolExecutor.java:624)
	... 1 more
Caused by: org.apache.ratis.thirdparty.io.netty.channel.AbstractChannel$AnnotatedConnectException: Connection refused: /192.168.151.103:39305
	at sun.nio.ch.SocketChannelImpl.checkConnect(Native Method)
	at sun.nio.ch.SocketChannelImpl.finishConnect(SocketChannelImpl.java:717)
	at org.apache.ratis.thirdparty.io.netty.channel.socket.nio.NioSocketChannel.doFinishConnect(NioSocketChannel.java:327)
	at org.apache.ratis.thirdparty.io.netty.channel.nio.AbstractNioChannel$AbstractNioUnsafe.finishConnect(AbstractNioChannel.java:340)
	at org.apache.ratis.thirdparty.io.netty.channel.nio.NioEventLoop.processSelectedKey(NioEventLoop.java:632)
	at org.apache.ratis.thirdparty.io.netty.channel.nio.NioEventLoop.processSelectedKeysOptimized(NioEventLoop.java:579)
	at org.apache.ratis.thirdparty.io.netty.channel.nio.NioEventLoop.processSelectedKeys(NioEventLoop.java:496)
	at org.apache.ratis.thirdparty.io.netty.channel.nio.NioEventLoop.run(NioEventLoop.java:458)
	at org.apache.ratis.thirdparty.io.netty.util.concurrent.SingleThreadEventExecutor$5.run(SingleThreadEventExecutor.java:897)
	at org.apache.ratis.thirdparty.io.netty.util.concurrent.FastThreadLocalRunnable.run(FastThreadLocalRunnable.java:30)
	... 1 more
Caused by: java.net.ConnectException: Connection refused
	... 11 more
2019-09-27 09:18:53,899 [825f4d3a-e44b-481a-a24b-9ae922a259ab@group-62F34B2FE18F:LeaderElection55] INFO  impl.RaftServerImpl (RaftServerImpl.java:setRole(174)) - 825f4d3a-e44b-481a-a24b-9ae922a259ab@group-62F34B2FE18F: changes role from CANDIDATE to FOLLOWER at term 6 for DISCOVERED_A_NEW_TERM
2019-09-27 09:18:53,900 [825f4d3a-e44b-481a-a24b-9ae922a259ab@group-62F34B2FE18F:LeaderElection55] INFO  impl.RoleInfo (RoleInfo.java:shutdownLeaderElection(134)) - 825f4d3a-e44b-481a-a24b-9ae922a259ab: shutdown LeaderElection
2019-09-27 09:18:53,900 [825f4d3a-e44b-481a-a24b-9ae922a259ab@group-62F34B2FE18F:LeaderElection55] INFO  impl.RoleInfo (RoleInfo.java:updateAndGet(143)) - 825f4d3a-e44b-481a-a24b-9ae922a259ab: start FollowerState
2019-09-27 09:18:54,025 [grpc-default-executor-3] WARN  server.GrpcLogAppender (LogUtils.java:warn(134)) - debaddba-7ce7-4ada-b450-9c5d896bdac5@group-0080225EE277->ac644bf3-7673-4e49-8339-55bbab6b6107-AppendLogResponseHandler: Failed appendEntries: org.apache.ratis.thirdparty.io.grpc.StatusRuntimeException: UNAVAILABLE: io exception
2019-09-27 09:18:54,025 [grpc-default-executor-3] INFO  impl.FollowerInfo (FollowerInfo.java:lambda$new$0(51)) - debaddba-7ce7-4ada-b450-9c5d896bdac5@group-0080225EE277->ac644bf3-7673-4e49-8339-55bbab6b6107: nextIndex: updateUnconditionally 1 -> 0
2019-09-27 09:18:54,145 [Thread-3742] INFO  impl.FollowerState (FollowerState.java:run(106)) - dcfd2284-ad1e-4267-a15d-7e148c2289cb:group-E3215D54F09B changes to CANDIDATE, lastRpcTime:1885, electionTimeout:1010ms
2019-09-27 09:18:54,145 [Thread-3742] INFO  impl.RoleInfo (RoleInfo.java:shutdownFollowerState(121)) - dcfd2284-ad1e-4267-a15d-7e148c2289cb: shutdown FollowerState
2019-09-27 09:18:54,145 [Thread-3742] INFO  impl.RaftServerImpl (RaftServerImpl.java:setRole(174)) - dcfd2284-ad1e-4267-a15d-7e148c2289cb@group-E3215D54F09B: changes role from  FOLLOWER to CANDIDATE at term 2 for changeToCandidate
2019-09-27 09:18:54,146 [Thread-3742] INFO  impl.RoleInfo (RoleInfo.java:updateAndGet(143)) - dcfd2284-ad1e-4267-a15d-7e148c2289cb: start LeaderElection
2019-09-27 09:18:54,148 [dcfd2284-ad1e-4267-a15d-7e148c2289cb@group-E3215D54F09B:LeaderElection56] INFO  impl.RaftServerImpl (ServerState.java:setLeader(253)) - dcfd2284-ad1e-4267-a15d-7e148c2289cb@group-E3215D54F09B: change Leader from 88f71ae2-1168-411a-bccc-2088b7ef8e3f to null at term 2 for initElection
2019-09-27 09:18:54,162 [dcfd2284-ad1e-4267-a15d-7e148c2289cb@group-E3215D54F09B:LeaderElection56] INFO  impl.LeaderElection (LeaderElection.java:askForVotes(182)) - dcfd2284-ad1e-4267-a15d-7e148c2289cb@group-E3215D54F09B:LeaderElection56: begin an election at term 3 for 1: [dcfd2284-ad1e-4267-a15d-7e148c2289cb:192.168.151.103:35614, d1b97505-207e-4333-b006-552a83aa594e:192.168.151.103:33569, 88f71ae2-1168-411a-bccc-2088b7ef8e3f:192.168.151.103:33365], old=null
2019-09-27 09:18:54,165 [dcfd2284-ad1e-4267-a15d-7e148c2289cb@group-E3215D54F09B:LeaderElection56] INFO  impl.LeaderElection (LogUtils.java:infoOrTrace(149)) - dcfd2284-ad1e-4267-a15d-7e148c2289cb@group-E3215D54F09B:LeaderElection56 got exception when requesting votes: {}
java.util.concurrent.ExecutionException: org.apache.ratis.thirdparty.io.grpc.StatusRuntimeException: UNAVAILABLE: io exception
	at java.util.concurrent.FutureTask.report(FutureTask.java:122)
	at java.util.concurrent.FutureTask.get(FutureTask.java:192)
	at org.apache.ratis.server.impl.LeaderElection.waitForResults(LeaderElection.java:263)
	at org.apache.ratis.server.impl.LeaderElection.askForVotes(LeaderElection.java:201)
	at org.apache.ratis.server.impl.LeaderElection.run(LeaderElection.java:133)
	at java.lang.Thread.run(Thread.java:748)
Caused by: org.apache.ratis.thirdparty.io.grpc.StatusRuntimeException: UNAVAILABLE: io exception
	at org.apache.ratis.thirdparty.io.grpc.stub.ClientCalls.toStatusRuntimeException(ClientCalls.java:233)
	at org.apache.ratis.thirdparty.io.grpc.stub.ClientCalls.getUnchecked(ClientCalls.java:214)
	at org.apache.ratis.thirdparty.io.grpc.stub.ClientCalls.blockingUnaryCall(ClientCalls.java:139)
	at org.apache.ratis.proto.grpc.RaftServerProtocolServiceGrpc$RaftServerProtocolServiceBlockingStub.requestVote(RaftServerProtocolServiceGrpc.java:265)
	at org.apache.ratis.grpc.server.GrpcServerProtocolClient.requestVote(GrpcServerProtocolClient.java:90)
	at org.apache.ratis.grpc.server.GrpcService.requestVote(GrpcService.java:204)
	at org.apache.ratis.server.impl.LeaderElection.lambda$submitRequests$1(LeaderElection.java:238)
	at java.util.concurrent.FutureTask.run(FutureTask.java:266)
	at java.util.concurrent.Executors$RunnableAdapter.call(Executors.java:511)
	at java.util.concurrent.FutureTask.run(FutureTask.java:266)
	at java.util.concurrent.ThreadPoolExecutor.runWorker(ThreadPoolExecutor.java:1149)
	at java.util.concurrent.ThreadPoolExecutor$Worker.run(ThreadPoolExecutor.java:624)
	... 1 more
Caused by: org.apache.ratis.thirdparty.io.netty.channel.AbstractChannel$AnnotatedConnectException: Connection refused: /192.168.151.103:33365
	at sun.nio.ch.SocketChannelImpl.checkConnect(Native Method)
	at sun.nio.ch.SocketChannelImpl.finishConnect(SocketChannelImpl.java:717)
	at org.apache.ratis.thirdparty.io.netty.channel.socket.nio.NioSocketChannel.doFinishConnect(NioSocketChannel.java:327)
	at org.apache.ratis.thirdparty.io.netty.channel.nio.AbstractNioChannel$AbstractNioUnsafe.finishConnect(AbstractNioChannel.java:340)
	at org.apache.ratis.thirdparty.io.netty.channel.nio.NioEventLoop.processSelectedKey(NioEventLoop.java:632)
	at org.apache.ratis.thirdparty.io.netty.channel.nio.NioEventLoop.processSelectedKeysOptimized(NioEventLoop.java:579)
	at org.apache.ratis.thirdparty.io.netty.channel.nio.NioEventLoop.processSelectedKeys(NioEventLoop.java:496)
	at org.apache.ratis.thirdparty.io.netty.channel.nio.NioEventLoop.run(NioEventLoop.java:458)
	at org.apache.ratis.thirdparty.io.netty.util.concurrent.SingleThreadEventExecutor$5.run(SingleThreadEventExecutor.java:897)
	at org.apache.ratis.thirdparty.io.netty.util.concurrent.FastThreadLocalRunnable.run(FastThreadLocalRunnable.java:30)
	... 1 more
Caused by: java.net.ConnectException: Connection refused
	... 11 more
2019-09-27 09:18:54,169 [dcfd2284-ad1e-4267-a15d-7e148c2289cb@group-E3215D54F09B:LeaderElection56] INFO  impl.LeaderElection (LogUtils.java:infoOrTrace(149)) - dcfd2284-ad1e-4267-a15d-7e148c2289cb@group-E3215D54F09B:LeaderElection56 got exception when requesting votes: {}
java.util.concurrent.ExecutionException: org.apache.ratis.thirdparty.io.grpc.StatusRuntimeException: UNAVAILABLE: io exception
	at java.util.concurrent.FutureTask.report(FutureTask.java:122)
	at java.util.concurrent.FutureTask.get(FutureTask.java:192)
	at org.apache.ratis.server.impl.LeaderElection.waitForResults(LeaderElection.java:263)
	at org.apache.ratis.server.impl.LeaderElection.askForVotes(LeaderElection.java:201)
	at org.apache.ratis.server.impl.LeaderElection.run(LeaderElection.java:133)
	at java.lang.Thread.run(Thread.java:748)
Caused by: org.apache.ratis.thirdparty.io.grpc.StatusRuntimeException: UNAVAILABLE: io exception
	at org.apache.ratis.thirdparty.io.grpc.stub.ClientCalls.toStatusRuntimeException(ClientCalls.java:233)
	at org.apache.ratis.thirdparty.io.grpc.stub.ClientCalls.getUnchecked(ClientCalls.java:214)
	at org.apache.ratis.thirdparty.io.grpc.stub.ClientCalls.blockingUnaryCall(ClientCalls.java:139)
	at org.apache.ratis.proto.grpc.RaftServerProtocolServiceGrpc$RaftServerProtocolServiceBlockingStub.requestVote(RaftServerProtocolServiceGrpc.java:265)
	at org.apache.ratis.grpc.server.GrpcServerProtocolClient.requestVote(GrpcServerProtocolClient.java:90)
	at org.apache.ratis.grpc.server.GrpcService.requestVote(GrpcService.java:204)
	at org.apache.ratis.server.impl.LeaderElection.lambda$submitRequests$1(LeaderElection.java:238)
	at java.util.concurrent.FutureTask.run(FutureTask.java:266)
	at java.util.concurrent.Executors$RunnableAdapter.call(Executors.java:511)
	at java.util.concurrent.FutureTask.run(FutureTask.java:266)
	at java.util.concurrent.ThreadPoolExecutor.runWorker(ThreadPoolExecutor.java:1149)
	at java.util.concurrent.ThreadPoolExecutor$Worker.run(ThreadPoolExecutor.java:624)
	... 1 more
Caused by: org.apache.ratis.thirdparty.io.netty.channel.AbstractChannel$AnnotatedConnectException: Connection refused: /192.168.151.103:33569
	at sun.nio.ch.SocketChannelImpl.checkConnect(Native Method)
	at sun.nio.ch.SocketChannelImpl.finishConnect(SocketChannelImpl.java:717)
	at org.apache.ratis.thirdparty.io.netty.channel.socket.nio.NioSocketChannel.doFinishConnect(NioSocketChannel.java:327)
	at org.apache.ratis.thirdparty.io.netty.channel.nio.AbstractNioChannel$AbstractNioUnsafe.finishConnect(AbstractNioChannel.java:340)
	at org.apache.ratis.thirdparty.io.netty.channel.nio.NioEventLoop.processSelectedKey(NioEventLoop.java:632)
	at org.apache.ratis.thirdparty.io.netty.channel.nio.NioEventLoop.processSelectedKeysOptimized(NioEventLoop.java:579)
	at org.apache.ratis.thirdparty.io.netty.channel.nio.NioEventLoop.processSelectedKeys(NioEventLoop.java:496)
	at org.apache.ratis.thirdparty.io.netty.channel.nio.NioEventLoop.run(NioEventLoop.java:458)
	at org.apache.ratis.thirdparty.io.netty.util.concurrent.SingleThreadEventExecutor$5.run(SingleThreadEventExecutor.java:897)
	at org.apache.ratis.thirdparty.io.netty.util.concurrent.FastThreadLocalRunnable.run(FastThreadLocalRunnable.java:30)
	... 1 more
Caused by: java.net.ConnectException: Connection refused
	... 11 more
2019-09-27 09:18:54,172 [dcfd2284-ad1e-4267-a15d-7e148c2289cb@group-E3215D54F09B:LeaderElection56] INFO  impl.LeaderElection (LeaderElection.java:logAndReturn(56)) - dcfd2284-ad1e-4267-a15d-7e148c2289cb@group-E3215D54F09B:LeaderElection56: Election REJECTED; received 0 response(s) [] and 2 exception(s); dcfd2284-ad1e-4267-a15d-7e148c2289cb@group-E3215D54F09B:t3, leader=null, voted=dcfd2284-ad1e-4267-a15d-7e148c2289cb, raftlog=dcfd2284-ad1e-4267-a15d-7e148c2289cb@group-E3215D54F09B-SegmentedRaftLog:OPENED:c2,f2,i2, conf=1: [dcfd2284-ad1e-4267-a15d-7e148c2289cb:192.168.151.103:35614, d1b97505-207e-4333-b006-552a83aa594e:192.168.151.103:33569, 88f71ae2-1168-411a-bccc-2088b7ef8e3f:192.168.151.103:33365], old=null
2019-09-27 09:18:54,173 [dcfd2284-ad1e-4267-a15d-7e148c2289cb@group-E3215D54F09B:LeaderElection56] INFO  impl.LeaderElection (LogUtils.java:infoOrTrace(149)) -   Exception 0: {}
java.util.concurrent.ExecutionException: org.apache.ratis.thirdparty.io.grpc.StatusRuntimeException: UNAVAILABLE: io exception
	at java.util.concurrent.FutureTask.report(FutureTask.java:122)
	at java.util.concurrent.FutureTask.get(FutureTask.java:192)
	at org.apache.ratis.server.impl.LeaderElection.waitForResults(LeaderElection.java:263)
	at org.apache.ratis.server.impl.LeaderElection.askForVotes(LeaderElection.java:201)
	at org.apache.ratis.server.impl.LeaderElection.run(LeaderElection.java:133)
	at java.lang.Thread.run(Thread.java:748)
Caused by: org.apache.ratis.thirdparty.io.grpc.StatusRuntimeException: UNAVAILABLE: io exception
	at org.apache.ratis.thirdparty.io.grpc.stub.ClientCalls.toStatusRuntimeException(ClientCalls.java:233)
	at org.apache.ratis.thirdparty.io.grpc.stub.ClientCalls.getUnchecked(ClientCalls.java:214)
	at org.apache.ratis.thirdparty.io.grpc.stub.ClientCalls.blockingUnaryCall(ClientCalls.java:139)
	at org.apache.ratis.proto.grpc.RaftServerProtocolServiceGrpc$RaftServerProtocolServiceBlockingStub.requestVote(RaftServerProtocolServiceGrpc.java:265)
	at org.apache.ratis.grpc.server.GrpcServerProtocolClient.requestVote(GrpcServerProtocolClient.java:90)
	at org.apache.ratis.grpc.server.GrpcService.requestVote(GrpcService.java:204)
	at org.apache.ratis.server.impl.LeaderElection.lambda$submitRequests$1(LeaderElection.java:238)
	at java.util.concurrent.FutureTask.run(FutureTask.java:266)
	at java.util.concurrent.Executors$RunnableAdapter.call(Executors.java:511)
	at java.util.concurrent.FutureTask.run(FutureTask.java:266)
	at java.util.concurrent.ThreadPoolExecutor.runWorker(ThreadPoolExecutor.java:1149)
	at java.util.concurrent.ThreadPoolExecutor$Worker.run(ThreadPoolExecutor.java:624)
	... 1 more
Caused by: org.apache.ratis.thirdparty.io.netty.channel.AbstractChannel$AnnotatedConnectException: Connection refused: /192.168.151.103:33365
	at sun.nio.ch.SocketChannelImpl.checkConnect(Native Method)
	at sun.nio.ch.SocketChannelImpl.finishConnect(SocketChannelImpl.java:717)
	at org.apache.ratis.thirdparty.io.netty.channel.socket.nio.NioSocketChannel.doFinishConnect(NioSocketChannel.java:327)
	at org.apache.ratis.thirdparty.io.netty.channel.nio.AbstractNioChannel$AbstractNioUnsafe.finishConnect(AbstractNioChannel.java:340)
	at org.apache.ratis.thirdparty.io.netty.channel.nio.NioEventLoop.processSelectedKey(NioEventLoop.java:632)
	at org.apache.ratis.thirdparty.io.netty.channel.nio.NioEventLoop.processSelectedKeysOptimized(NioEventLoop.java:579)
	at org.apache.ratis.thirdparty.io.netty.channel.nio.NioEventLoop.processSelectedKeys(NioEventLoop.java:496)
	at org.apache.ratis.thirdparty.io.netty.channel.nio.NioEventLoop.run(NioEventLoop.java:458)
	at org.apache.ratis.thirdparty.io.netty.util.concurrent.SingleThreadEventExecutor$5.run(SingleThreadEventExecutor.java:897)
	at org.apache.ratis.thirdparty.io.netty.util.concurrent.FastThreadLocalRunnable.run(FastThreadLocalRunnable.java:30)
	... 1 more
Caused by: java.net.ConnectException: Connection refused
	... 11 more
2019-09-27 09:18:54,173 [dcfd2284-ad1e-4267-a15d-7e148c2289cb@group-E3215D54F09B:LeaderElection56] INFO  impl.LeaderElection (LogUtils.java:infoOrTrace(149)) -   Exception 1: {}
java.util.concurrent.ExecutionException: org.apache.ratis.thirdparty.io.grpc.StatusRuntimeException: UNAVAILABLE: io exception
	at java.util.concurrent.FutureTask.report(FutureTask.java:122)
	at java.util.concurrent.FutureTask.get(FutureTask.java:192)
	at org.apache.ratis.server.impl.LeaderElection.waitForResults(LeaderElection.java:263)
	at org.apache.ratis.server.impl.LeaderElection.askForVotes(LeaderElection.java:201)
	at org.apache.ratis.server.impl.LeaderElection.run(LeaderElection.java:133)
	at java.lang.Thread.run(Thread.java:748)
Caused by: org.apache.ratis.thirdparty.io.grpc.StatusRuntimeException: UNAVAILABLE: io exception
	at org.apache.ratis.thirdparty.io.grpc.stub.ClientCalls.toStatusRuntimeException(ClientCalls.java:233)
	at org.apache.ratis.thirdparty.io.grpc.stub.ClientCalls.getUnchecked(ClientCalls.java:214)
	at org.apache.ratis.thirdparty.io.grpc.stub.ClientCalls.blockingUnaryCall(ClientCalls.java:139)
	at org.apache.ratis.proto.grpc.RaftServerProtocolServiceGrpc$RaftServerProtocolServiceBlockingStub.requestVote(RaftServerProtocolServiceGrpc.java:265)
	at org.apache.ratis.grpc.server.GrpcServerProtocolClient.requestVote(GrpcServerProtocolClient.java:90)
	at org.apache.ratis.grpc.server.GrpcService.requestVote(GrpcService.java:204)
	at org.apache.ratis.server.impl.LeaderElection.lambda$submitRequests$1(LeaderElection.java:238)
	at java.util.concurrent.FutureTask.run(FutureTask.java:266)
	at java.util.concurrent.Executors$RunnableAdapter.call(Executors.java:511)
	at java.util.concurrent.FutureTask.run(FutureTask.java:266)
	at java.util.concurrent.ThreadPoolExecutor.runWorker(ThreadPoolExecutor.java:1149)
	at java.util.concurrent.ThreadPoolExecutor$Worker.run(ThreadPoolExecutor.java:624)
	... 1 more
Caused by: org.apache.ratis.thirdparty.io.netty.channel.AbstractChannel$AnnotatedConnectException: Connection refused: /192.168.151.103:33569
	at sun.nio.ch.SocketChannelImpl.checkConnect(Native Method)
	at sun.nio.ch.SocketChannelImpl.finishConnect(SocketChannelImpl.java:717)
	at org.apache.ratis.thirdparty.io.netty.channel.socket.nio.NioSocketChannel.doFinishConnect(NioSocketChannel.java:327)
	at org.apache.ratis.thirdparty.io.netty.channel.nio.AbstractNioChannel$AbstractNioUnsafe.finishConnect(AbstractNioChannel.java:340)
	at org.apache.ratis.thirdparty.io.netty.channel.nio.NioEventLoop.processSelectedKey(NioEventLoop.java:632)
	at org.apache.ratis.thirdparty.io.netty.channel.nio.NioEventLoop.processSelectedKeysOptimized(NioEventLoop.java:579)
	at org.apache.ratis.thirdparty.io.netty.channel.nio.NioEventLoop.processSelectedKeys(NioEventLoop.java:496)
	at org.apache.ratis.thirdparty.io.netty.channel.nio.NioEventLoop.run(NioEventLoop.java:458)
	at org.apache.ratis.thirdparty.io.netty.util.concurrent.SingleThreadEventExecutor$5.run(SingleThreadEventExecutor.java:897)
	at org.apache.ratis.thirdparty.io.netty.util.concurrent.FastThreadLocalRunnable.run(FastThreadLocalRunnable.java:30)
	... 1 more
Caused by: java.net.ConnectException: Connection refused
	... 11 more
2019-09-27 09:18:54,174 [dcfd2284-ad1e-4267-a15d-7e148c2289cb@group-E3215D54F09B:LeaderElection56] INFO  impl.RaftServerImpl (RaftServerImpl.java:setRole(174)) - dcfd2284-ad1e-4267-a15d-7e148c2289cb@group-E3215D54F09B: changes role from CANDIDATE to FOLLOWER at term 3 for DISCOVERED_A_NEW_TERM
2019-09-27 09:18:54,174 [dcfd2284-ad1e-4267-a15d-7e148c2289cb@group-E3215D54F09B:LeaderElection56] INFO  impl.RoleInfo (RoleInfo.java:shutdownLeaderElection(134)) - dcfd2284-ad1e-4267-a15d-7e148c2289cb: shutdown LeaderElection
2019-09-27 09:18:54,174 [dcfd2284-ad1e-4267-a15d-7e148c2289cb@group-E3215D54F09B:LeaderElection56] INFO  impl.RoleInfo (RoleInfo.java:updateAndGet(143)) - dcfd2284-ad1e-4267-a15d-7e148c2289cb: start FollowerState
2019-09-27 09:18:54,525 [grpc-default-executor-3] WARN  server.GrpcLogAppender (LogUtils.java:warn(134)) - debaddba-7ce7-4ada-b450-9c5d896bdac5@group-0080225EE277->ac644bf3-7673-4e49-8339-55bbab6b6107-AppendLogResponseHandler: Failed appendEntries: org.apache.ratis.thirdparty.io.grpc.StatusRuntimeException: UNAVAILABLE: io exception
2019-09-27 09:18:54,526 [grpc-default-executor-3] INFO  impl.FollowerInfo (FollowerInfo.java:lambda$new$0(51)) - debaddba-7ce7-4ada-b450-9c5d896bdac5@group-0080225EE277->ac644bf3-7673-4e49-8339-55bbab6b6107: nextIndex: updateUnconditionally 0 -> 0
2019-09-27 09:18:55,026 [grpc-default-executor-2] WARN  server.GrpcLogAppender (LogUtils.java:warn(134)) - debaddba-7ce7-4ada-b450-9c5d896bdac5@group-0080225EE277->ac644bf3-7673-4e49-8339-55bbab6b6107-AppendLogResponseHandler: Failed appendEntries: org.apache.ratis.thirdparty.io.grpc.StatusRuntimeException: UNAVAILABLE: io exception
2019-09-27 09:18:55,027 [grpc-default-executor-2] INFO  impl.FollowerInfo (FollowerInfo.java:lambda$new$0(51)) - debaddba-7ce7-4ada-b450-9c5d896bdac5@group-0080225EE277->ac644bf3-7673-4e49-8339-55bbab6b6107: nextIndex: updateUnconditionally 0 -> 0
2019-09-27 09:18:55,062 [Thread-3852] INFO  impl.FollowerState (FollowerState.java:run(106)) - 825f4d3a-e44b-481a-a24b-9ae922a259ab:group-62F34B2FE18F changes to CANDIDATE, lastRpcTime:1162, electionTimeout:1162ms
2019-09-27 09:18:55,062 [Thread-3852] INFO  impl.RoleInfo (RoleInfo.java:shutdownFollowerState(121)) - 825f4d3a-e44b-481a-a24b-9ae922a259ab: shutdown FollowerState
2019-09-27 09:18:55,063 [Thread-3852] INFO  impl.RaftServerImpl (RaftServerImpl.java:setRole(174)) - 825f4d3a-e44b-481a-a24b-9ae922a259ab@group-62F34B2FE18F: changes role from  FOLLOWER to CANDIDATE at term 6 for changeToCandidate
2019-09-27 09:18:55,063 [Thread-3852] INFO  impl.RoleInfo (RoleInfo.java:updateAndGet(143)) - 825f4d3a-e44b-481a-a24b-9ae922a259ab: start LeaderElection
2019-09-27 09:18:55,079 [825f4d3a-e44b-481a-a24b-9ae922a259ab@group-62F34B2FE18F:LeaderElection57] INFO  impl.LeaderElection (LeaderElection.java:askForVotes(182)) - 825f4d3a-e44b-481a-a24b-9ae922a259ab@group-62F34B2FE18F:LeaderElection57: begin an election at term 7 for 0: [e6dfef88-aea8-482b-83fb-8e87a0e55ccd:192.168.151.103:39305, e557a3b1-6e95-4f35-a3e1-c0da55ea7bc1:192.168.151.103:39568, 825f4d3a-e44b-481a-a24b-9ae922a259ab:192.168.151.103:34079], old=null
2019-09-27 09:18:55,081 [825f4d3a-e44b-481a-a24b-9ae922a259ab@group-62F34B2FE18F:LeaderElection57] INFO  impl.LeaderElection (LogUtils.java:infoOrTrace(149)) - 825f4d3a-e44b-481a-a24b-9ae922a259ab@group-62F34B2FE18F:LeaderElection57 got exception when requesting votes: {}
java.util.concurrent.ExecutionException: org.apache.ratis.thirdparty.io.grpc.StatusRuntimeException: UNAVAILABLE: io exception
	at java.util.concurrent.FutureTask.report(FutureTask.java:122)
	at java.util.concurrent.FutureTask.get(FutureTask.java:192)
	at org.apache.ratis.server.impl.LeaderElection.waitForResults(LeaderElection.java:263)
	at org.apache.ratis.server.impl.LeaderElection.askForVotes(LeaderElection.java:201)
	at org.apache.ratis.server.impl.LeaderElection.run(LeaderElection.java:133)
	at java.lang.Thread.run(Thread.java:748)
Caused by: org.apache.ratis.thirdparty.io.grpc.StatusRuntimeException: UNAVAILABLE: io exception
	at org.apache.ratis.thirdparty.io.grpc.stub.ClientCalls.toStatusRuntimeException(ClientCalls.java:233)
	at org.apache.ratis.thirdparty.io.grpc.stub.ClientCalls.getUnchecked(ClientCalls.java:214)
	at org.apache.ratis.thirdparty.io.grpc.stub.ClientCalls.blockingUnaryCall(ClientCalls.java:139)
	at org.apache.ratis.proto.grpc.RaftServerProtocolServiceGrpc$RaftServerProtocolServiceBlockingStub.requestVote(RaftServerProtocolServiceGrpc.java:265)
	at org.apache.ratis.grpc.server.GrpcServerProtocolClient.requestVote(GrpcServerProtocolClient.java:90)
	at org.apache.ratis.grpc.server.GrpcService.requestVote(GrpcService.java:204)
	at org.apache.ratis.server.impl.LeaderElection.lambda$submitRequests$1(LeaderElection.java:238)
	at java.util.concurrent.FutureTask.run(FutureTask.java:266)
	at java.util.concurrent.Executors$RunnableAdapter.call(Executors.java:511)
	at java.util.concurrent.FutureTask.run(FutureTask.java:266)
	at java.util.concurrent.ThreadPoolExecutor.runWorker(ThreadPoolExecutor.java:1149)
	at java.util.concurrent.ThreadPoolExecutor$Worker.run(ThreadPoolExecutor.java:624)
	... 1 more
Caused by: org.apache.ratis.thirdparty.io.netty.channel.AbstractChannel$AnnotatedConnectException: Connection refused: /192.168.151.103:39568
	at sun.nio.ch.SocketChannelImpl.checkConnect(Native Method)
	at sun.nio.ch.SocketChannelImpl.finishConnect(SocketChannelImpl.java:717)
	at org.apache.ratis.thirdparty.io.netty.channel.socket.nio.NioSocketChannel.doFinishConnect(NioSocketChannel.java:327)
	at org.apache.ratis.thirdparty.io.netty.channel.nio.AbstractNioChannel$AbstractNioUnsafe.finishConnect(AbstractNioChannel.java:340)
	at org.apache.ratis.thirdparty.io.netty.channel.nio.NioEventLoop.processSelectedKey(NioEventLoop.java:632)
	at org.apache.ratis.thirdparty.io.netty.channel.nio.NioEventLoop.processSelectedKeysOptimized(NioEventLoop.java:579)
	at org.apache.ratis.thirdparty.io.netty.channel.nio.NioEventLoop.processSelectedKeys(NioEventLoop.java:496)
	at org.apache.ratis.thirdparty.io.netty.channel.nio.NioEventLoop.run(NioEventLoop.java:458)
	at org.apache.ratis.thirdparty.io.netty.util.concurrent.SingleThreadEventExecutor$5.run(SingleThreadEventExecutor.java:897)
	at org.apache.ratis.thirdparty.io.netty.util.concurrent.FastThreadLocalRunnable.run(FastThreadLocalRunnable.java:30)
	... 1 more
Caused by: java.net.ConnectException: Connection refused
	... 11 more
2019-09-27 09:18:55,083 [825f4d3a-e44b-481a-a24b-9ae922a259ab@group-62F34B2FE18F:LeaderElection57] INFO  impl.LeaderElection (LogUtils.java:infoOrTrace(149)) - 825f4d3a-e44b-481a-a24b-9ae922a259ab@group-62F34B2FE18F:LeaderElection57 got exception when requesting votes: {}
java.util.concurrent.ExecutionException: org.apache.ratis.thirdparty.io.grpc.StatusRuntimeException: UNAVAILABLE: io exception
	at java.util.concurrent.FutureTask.report(FutureTask.java:122)
	at java.util.concurrent.FutureTask.get(FutureTask.java:192)
	at org.apache.ratis.server.impl.LeaderElection.waitForResults(LeaderElection.java:263)
	at org.apache.ratis.server.impl.LeaderElection.askForVotes(LeaderElection.java:201)
	at org.apache.ratis.server.impl.LeaderElection.run(LeaderElection.java:133)
	at java.lang.Thread.run(Thread.java:748)
Caused by: org.apache.ratis.thirdparty.io.grpc.StatusRuntimeException: UNAVAILABLE: io exception
	at org.apache.ratis.thirdparty.io.grpc.stub.ClientCalls.toStatusRuntimeException(ClientCalls.java:233)
	at org.apache.ratis.thirdparty.io.grpc.stub.ClientCalls.getUnchecked(ClientCalls.java:214)
	at org.apache.ratis.thirdparty.io.grpc.stub.ClientCalls.blockingUnaryCall(ClientCalls.java:139)
	at org.apache.ratis.proto.grpc.RaftServerProtocolServiceGrpc$RaftServerProtocolServiceBlockingStub.requestVote(RaftServerProtocolServiceGrpc.java:265)
	at org.apache.ratis.grpc.server.GrpcServerProtocolClient.requestVote(GrpcServerProtocolClient.java:90)
	at org.apache.ratis.grpc.server.GrpcService.requestVote(GrpcService.java:204)
	at org.apache.ratis.server.impl.LeaderElection.lambda$submitRequests$1(LeaderElection.java:238)
	at java.util.concurrent.FutureTask.run(FutureTask.java:266)
	at java.util.concurrent.Executors$RunnableAdapter.call(Executors.java:511)
	at java.util.concurrent.FutureTask.run(FutureTask.java:266)
	at java.util.concurrent.ThreadPoolExecutor.runWorker(ThreadPoolExecutor.java:1149)
	at java.util.concurrent.ThreadPoolExecutor$Worker.run(ThreadPoolExecutor.java:624)
	... 1 more
Caused by: org.apache.ratis.thirdparty.io.netty.channel.AbstractChannel$AnnotatedConnectException: Connection refused: /192.168.151.103:39305
	at sun.nio.ch.SocketChannelImpl.checkConnect(Native Method)
	at sun.nio.ch.SocketChannelImpl.finishConnect(SocketChannelImpl.java:717)
	at org.apache.ratis.thirdparty.io.netty.channel.socket.nio.NioSocketChannel.doFinishConnect(NioSocketChannel.java:327)
	at org.apache.ratis.thirdparty.io.netty.channel.nio.AbstractNioChannel$AbstractNioUnsafe.finishConnect(AbstractNioChannel.java:340)
	at org.apache.ratis.thirdparty.io.netty.channel.nio.NioEventLoop.processSelectedKey(NioEventLoop.java:632)
	at org.apache.ratis.thirdparty.io.netty.channel.nio.NioEventLoop.processSelectedKeysOptimized(NioEventLoop.java:579)
	at org.apache.ratis.thirdparty.io.netty.channel.nio.NioEventLoop.processSelectedKeys(NioEventLoop.java:496)
	at org.apache.ratis.thirdparty.io.netty.channel.nio.NioEventLoop.run(NioEventLoop.java:458)
	at org.apache.ratis.thirdparty.io.netty.util.concurrent.SingleThreadEventExecutor$5.run(SingleThreadEventExecutor.java:897)
	at org.apache.ratis.thirdparty.io.netty.util.concurrent.FastThreadLocalRunnable.run(FastThreadLocalRunnable.java:30)
	... 1 more
Caused by: java.net.ConnectException: Connection refused
	... 11 more
2019-09-27 09:18:55,085 [825f4d3a-e44b-481a-a24b-9ae922a259ab@group-62F34B2FE18F:LeaderElection57] INFO  impl.LeaderElection (LeaderElection.java:logAndReturn(56)) - 825f4d3a-e44b-481a-a24b-9ae922a259ab@group-62F34B2FE18F:LeaderElection57: Election REJECTED; received 0 response(s) [] and 2 exception(s); 825f4d3a-e44b-481a-a24b-9ae922a259ab@group-62F34B2FE18F:t7, leader=null, voted=825f4d3a-e44b-481a-a24b-9ae922a259ab, raftlog=825f4d3a-e44b-481a-a24b-9ae922a259ab@group-62F34B2FE18F-SegmentedRaftLog:OPENED:c0,f0,i0, conf=0: [e6dfef88-aea8-482b-83fb-8e87a0e55ccd:192.168.151.103:39305, e557a3b1-6e95-4f35-a3e1-c0da55ea7bc1:192.168.151.103:39568, 825f4d3a-e44b-481a-a24b-9ae922a259ab:192.168.151.103:34079], old=null
2019-09-27 09:18:55,085 [825f4d3a-e44b-481a-a24b-9ae922a259ab@group-62F34B2FE18F:LeaderElection57] INFO  impl.LeaderElection (LogUtils.java:infoOrTrace(149)) -   Exception 0: {}
java.util.concurrent.ExecutionException: org.apache.ratis.thirdparty.io.grpc.StatusRuntimeException: UNAVAILABLE: io exception
	at java.util.concurrent.FutureTask.report(FutureTask.java:122)
	at java.util.concurrent.FutureTask.get(FutureTask.java:192)
	at org.apache.ratis.server.impl.LeaderElection.waitForResults(LeaderElection.java:263)
	at org.apache.ratis.server.impl.LeaderElection.askForVotes(LeaderElection.java:201)
	at org.apache.ratis.server.impl.LeaderElection.run(LeaderElection.java:133)
	at java.lang.Thread.run(Thread.java:748)
Caused by: org.apache.ratis.thirdparty.io.grpc.StatusRuntimeException: UNAVAILABLE: io exception
	at org.apache.ratis.thirdparty.io.grpc.stub.ClientCalls.toStatusRuntimeException(ClientCalls.java:233)
	at org.apache.ratis.thirdparty.io.grpc.stub.ClientCalls.getUnchecked(ClientCalls.java:214)
	at org.apache.ratis.thirdparty.io.grpc.stub.ClientCalls.blockingUnaryCall(ClientCalls.java:139)
	at org.apache.ratis.proto.grpc.RaftServerProtocolServiceGrpc$RaftServerProtocolServiceBlockingStub.requestVote(RaftServerProtocolServiceGrpc.java:265)
	at org.apache.ratis.grpc.server.GrpcServerProtocolClient.requestVote(GrpcServerProtocolClient.java:90)
	at org.apache.ratis.grpc.server.GrpcService.requestVote(GrpcService.java:204)
	at org.apache.ratis.server.impl.LeaderElection.lambda$submitRequests$1(LeaderElection.java:238)
	at java.util.concurrent.FutureTask.run(FutureTask.java:266)
	at java.util.concurrent.Executors$RunnableAdapter.call(Executors.java:511)
	at java.util.concurrent.FutureTask.run(FutureTask.java:266)
	at java.util.concurrent.ThreadPoolExecutor.runWorker(ThreadPoolExecutor.java:1149)
	at java.util.concurrent.ThreadPoolExecutor$Worker.run(ThreadPoolExecutor.java:624)
	... 1 more
Caused by: org.apache.ratis.thirdparty.io.netty.channel.AbstractChannel$AnnotatedConnectException: Connection refused: /192.168.151.103:39568
	at sun.nio.ch.SocketChannelImpl.checkConnect(Native Method)
	at sun.nio.ch.SocketChannelImpl.finishConnect(SocketChannelImpl.java:717)
	at org.apache.ratis.thirdparty.io.netty.channel.socket.nio.NioSocketChannel.doFinishConnect(NioSocketChannel.java:327)
	at org.apache.ratis.thirdparty.io.netty.channel.nio.AbstractNioChannel$AbstractNioUnsafe.finishConnect(AbstractNioChannel.java:340)
	at org.apache.ratis.thirdparty.io.netty.channel.nio.NioEventLoop.processSelectedKey(NioEventLoop.java:632)
	at org.apache.ratis.thirdparty.io.netty.channel.nio.NioEventLoop.processSelectedKeysOptimized(NioEventLoop.java:579)
	at org.apache.ratis.thirdparty.io.netty.channel.nio.NioEventLoop.processSelectedKeys(NioEventLoop.java:496)
	at org.apache.ratis.thirdparty.io.netty.channel.nio.NioEventLoop.run(NioEventLoop.java:458)
	at org.apache.ratis.thirdparty.io.netty.util.concurrent.SingleThreadEventExecutor$5.run(SingleThreadEventExecutor.java:897)
	at org.apache.ratis.thirdparty.io.netty.util.concurrent.FastThreadLocalRunnable.run(FastThreadLocalRunnable.java:30)
	... 1 more
Caused by: java.net.ConnectException: Connection refused
	... 11 more
2019-09-27 09:18:55,085 [825f4d3a-e44b-481a-a24b-9ae922a259ab@group-62F34B2FE18F:LeaderElection57] INFO  impl.LeaderElection (LogUtils.java:infoOrTrace(149)) -   Exception 1: {}
java.util.concurrent.ExecutionException: org.apache.ratis.thirdparty.io.grpc.StatusRuntimeException: UNAVAILABLE: io exception
	at java.util.concurrent.FutureTask.report(FutureTask.java:122)
	at java.util.concurrent.FutureTask.get(FutureTask.java:192)
	at org.apache.ratis.server.impl.LeaderElection.waitForResults(LeaderElection.java:263)
	at org.apache.ratis.server.impl.LeaderElection.askForVotes(LeaderElection.java:201)
	at org.apache.ratis.server.impl.LeaderElection.run(LeaderElection.java:133)
	at java.lang.Thread.run(Thread.java:748)
Caused by: org.apache.ratis.thirdparty.io.grpc.StatusRuntimeException: UNAVAILABLE: io exception
	at org.apache.ratis.thirdparty.io.grpc.stub.ClientCalls.toStatusRuntimeException(ClientCalls.java:233)
	at org.apache.ratis.thirdparty.io.grpc.stub.ClientCalls.getUnchecked(ClientCalls.java:214)
	at org.apache.ratis.thirdparty.io.grpc.stub.ClientCalls.blockingUnaryCall(ClientCalls.java:139)
	at org.apache.ratis.proto.grpc.RaftServerProtocolServiceGrpc$RaftServerProtocolServiceBlockingStub.requestVote(RaftServerProtocolServiceGrpc.java:265)
	at org.apache.ratis.grpc.server.GrpcServerProtocolClient.requestVote(GrpcServerProtocolClient.java:90)
	at org.apache.ratis.grpc.server.GrpcService.requestVote(GrpcService.java:204)
	at org.apache.ratis.server.impl.LeaderElection.lambda$submitRequests$1(LeaderElection.java:238)
	at java.util.concurrent.FutureTask.run(FutureTask.java:266)
	at java.util.concurrent.Executors$RunnableAdapter.call(Executors.java:511)
	at java.util.concurrent.FutureTask.run(FutureTask.java:266)
	at java.util.concurrent.ThreadPoolExecutor.runWorker(ThreadPoolExecutor.java:1149)
	at java.util.concurrent.ThreadPoolExecutor$Worker.run(ThreadPoolExecutor.java:624)
	... 1 more
Caused by: org.apache.ratis.thirdparty.io.netty.channel.AbstractChannel$AnnotatedConnectException: Connection refused: /192.168.151.103:39305
	at sun.nio.ch.SocketChannelImpl.checkConnect(Native Method)
	at sun.nio.ch.SocketChannelImpl.finishConnect(SocketChannelImpl.java:717)
	at org.apache.ratis.thirdparty.io.netty.channel.socket.nio.NioSocketChannel.doFinishConnect(NioSocketChannel.java:327)
	at org.apache.ratis.thirdparty.io.netty.channel.nio.AbstractNioChannel$AbstractNioUnsafe.finishConnect(AbstractNioChannel.java:340)
	at org.apache.ratis.thirdparty.io.netty.channel.nio.NioEventLoop.processSelectedKey(NioEventLoop.java:632)
	at org.apache.ratis.thirdparty.io.netty.channel.nio.NioEventLoop.processSelectedKeysOptimized(NioEventLoop.java:579)
	at org.apache.ratis.thirdparty.io.netty.channel.nio.NioEventLoop.processSelectedKeys(NioEventLoop.java:496)
	at org.apache.ratis.thirdparty.io.netty.channel.nio.NioEventLoop.run(NioEventLoop.java:458)
	at org.apache.ratis.thirdparty.io.netty.util.concurrent.SingleThreadEventExecutor$5.run(SingleThreadEventExecutor.java:897)
	at org.apache.ratis.thirdparty.io.netty.util.concurrent.FastThreadLocalRunnable.run(FastThreadLocalRunnable.java:30)
	... 1 more
Caused by: java.net.ConnectException: Connection refused
	... 11 more
2019-09-27 09:18:55,086 [825f4d3a-e44b-481a-a24b-9ae922a259ab@group-62F34B2FE18F:LeaderElection57] INFO  impl.RaftServerImpl (RaftServerImpl.java:setRole(174)) - 825f4d3a-e44b-481a-a24b-9ae922a259ab@group-62F34B2FE18F: changes role from CANDIDATE to FOLLOWER at term 7 for DISCOVERED_A_NEW_TERM
2019-09-27 09:18:55,086 [825f4d3a-e44b-481a-a24b-9ae922a259ab@group-62F34B2FE18F:LeaderElection57] INFO  impl.RoleInfo (RoleInfo.java:shutdownLeaderElection(134)) - 825f4d3a-e44b-481a-a24b-9ae922a259ab: shutdown LeaderElection
2019-09-27 09:18:55,086 [825f4d3a-e44b-481a-a24b-9ae922a259ab@group-62F34B2FE18F:LeaderElection57] INFO  impl.RoleInfo (RoleInfo.java:updateAndGet(143)) - 825f4d3a-e44b-481a-a24b-9ae922a259ab: start FollowerState
2019-09-27 09:18:55,285 [Thread-3857] INFO  impl.FollowerState (FollowerState.java:run(106)) - dcfd2284-ad1e-4267-a15d-7e148c2289cb:group-E3215D54F09B changes to CANDIDATE, lastRpcTime:1110, electionTimeout:1110ms
2019-09-27 09:18:55,285 [Thread-3857] INFO  impl.RoleInfo (RoleInfo.java:shutdownFollowerState(121)) - dcfd2284-ad1e-4267-a15d-7e148c2289cb: shutdown FollowerState
2019-09-27 09:18:55,286 [Thread-3857] INFO  impl.RaftServerImpl (RaftServerImpl.java:setRole(174)) - dcfd2284-ad1e-4267-a15d-7e148c2289cb@group-E3215D54F09B: changes role from  FOLLOWER to CANDIDATE at term 3 for changeToCandidate
2019-09-27 09:18:55,286 [Thread-3857] INFO  impl.RoleInfo (RoleInfo.java:updateAndGet(143)) - dcfd2284-ad1e-4267-a15d-7e148c2289cb: start LeaderElection
2019-09-27 09:18:55,301 [dcfd2284-ad1e-4267-a15d-7e148c2289cb@group-E3215D54F09B:LeaderElection58] INFO  impl.LeaderElection (LeaderElection.java:askForVotes(182)) - dcfd2284-ad1e-4267-a15d-7e148c2289cb@group-E3215D54F09B:LeaderElection58: begin an election at term 4 for 1: [dcfd2284-ad1e-4267-a15d-7e148c2289cb:192.168.151.103:35614, d1b97505-207e-4333-b006-552a83aa594e:192.168.151.103:33569, 88f71ae2-1168-411a-bccc-2088b7ef8e3f:192.168.151.103:33365], old=null
2019-09-27 09:18:55,302 [dcfd2284-ad1e-4267-a15d-7e148c2289cb@group-E3215D54F09B:LeaderElection58] INFO  impl.LeaderElection (LogUtils.java:infoOrTrace(149)) - dcfd2284-ad1e-4267-a15d-7e148c2289cb@group-E3215D54F09B:LeaderElection58 got exception when requesting votes: {}
java.util.concurrent.ExecutionException: org.apache.ratis.thirdparty.io.grpc.StatusRuntimeException: UNAVAILABLE: io exception
	at java.util.concurrent.FutureTask.report(FutureTask.java:122)
	at java.util.concurrent.FutureTask.get(FutureTask.java:192)
	at org.apache.ratis.server.impl.LeaderElection.waitForResults(LeaderElection.java:263)
	at org.apache.ratis.server.impl.LeaderElection.askForVotes(LeaderElection.java:201)
	at org.apache.ratis.server.impl.LeaderElection.run(LeaderElection.java:133)
	at java.lang.Thread.run(Thread.java:748)
Caused by: org.apache.ratis.thirdparty.io.grpc.StatusRuntimeException: UNAVAILABLE: io exception
	at org.apache.ratis.thirdparty.io.grpc.stub.ClientCalls.toStatusRuntimeException(ClientCalls.java:233)
	at org.apache.ratis.thirdparty.io.grpc.stub.ClientCalls.getUnchecked(ClientCalls.java:214)
	at org.apache.ratis.thirdparty.io.grpc.stub.ClientCalls.blockingUnaryCall(ClientCalls.java:139)
	at org.apache.ratis.proto.grpc.RaftServerProtocolServiceGrpc$RaftServerProtocolServiceBlockingStub.requestVote(RaftServerProtocolServiceGrpc.java:265)
	at org.apache.ratis.grpc.server.GrpcServerProtocolClient.requestVote(GrpcServerProtocolClient.java:90)
	at org.apache.ratis.grpc.server.GrpcService.requestVote(GrpcService.java:204)
	at org.apache.ratis.server.impl.LeaderElection.lambda$submitRequests$1(LeaderElection.java:238)
	at java.util.concurrent.FutureTask.run(FutureTask.java:266)
	at java.util.concurrent.Executors$RunnableAdapter.call(Executors.java:511)
	at java.util.concurrent.FutureTask.run(FutureTask.java:266)
	at java.util.concurrent.ThreadPoolExecutor.runWorker(ThreadPoolExecutor.java:1149)
	at java.util.concurrent.ThreadPoolExecutor$Worker.run(ThreadPoolExecutor.java:624)
	... 1 more
Caused by: org.apache.ratis.thirdparty.io.netty.channel.AbstractChannel$AnnotatedConnectException: Connection refused: /192.168.151.103:33569
	at sun.nio.ch.SocketChannelImpl.checkConnect(Native Method)
	at sun.nio.ch.SocketChannelImpl.finishConnect(SocketChannelImpl.java:717)
	at org.apache.ratis.thirdparty.io.netty.channel.socket.nio.NioSocketChannel.doFinishConnect(NioSocketChannel.java:327)
	at org.apache.ratis.thirdparty.io.netty.channel.nio.AbstractNioChannel$AbstractNioUnsafe.finishConnect(AbstractNioChannel.java:340)
	at org.apache.ratis.thirdparty.io.netty.channel.nio.NioEventLoop.processSelectedKey(NioEventLoop.java:632)
	at org.apache.ratis.thirdparty.io.netty.channel.nio.NioEventLoop.processSelectedKeysOptimized(NioEventLoop.java:579)
	at org.apache.ratis.thirdparty.io.netty.channel.nio.NioEventLoop.processSelectedKeys(NioEventLoop.java:496)
	at org.apache.ratis.thirdparty.io.netty.channel.nio.NioEventLoop.run(NioEventLoop.java:458)
	at org.apache.ratis.thirdparty.io.netty.util.concurrent.SingleThreadEventExecutor$5.run(SingleThreadEventExecutor.java:897)
	at org.apache.ratis.thirdparty.io.netty.util.concurrent.FastThreadLocalRunnable.run(FastThreadLocalRunnable.java:30)
	... 1 more
Caused by: java.net.ConnectException: Connection refused
	... 11 more
2019-09-27 09:18:55,304 [dcfd2284-ad1e-4267-a15d-7e148c2289cb@group-E3215D54F09B:LeaderElection58] INFO  impl.LeaderElection (LogUtils.java:infoOrTrace(149)) - dcfd2284-ad1e-4267-a15d-7e148c2289cb@group-E3215D54F09B:LeaderElection58 got exception when requesting votes: {}
java.util.concurrent.ExecutionException: org.apache.ratis.thirdparty.io.grpc.StatusRuntimeException: UNAVAILABLE: io exception
	at java.util.concurrent.FutureTask.report(FutureTask.java:122)
	at java.util.concurrent.FutureTask.get(FutureTask.java:192)
	at org.apache.ratis.server.impl.LeaderElection.waitForResults(LeaderElection.java:263)
	at org.apache.ratis.server.impl.LeaderElection.askForVotes(LeaderElection.java:201)
	at org.apache.ratis.server.impl.LeaderElection.run(LeaderElection.java:133)
	at java.lang.Thread.run(Thread.java:748)
Caused by: org.apache.ratis.thirdparty.io.grpc.StatusRuntimeException: UNAVAILABLE: io exception
	at org.apache.ratis.thirdparty.io.grpc.stub.ClientCalls.toStatusRuntimeException(ClientCalls.java:233)
	at org.apache.ratis.thirdparty.io.grpc.stub.ClientCalls.getUnchecked(ClientCalls.java:214)
	at org.apache.ratis.thirdparty.io.grpc.stub.ClientCalls.blockingUnaryCall(ClientCalls.java:139)
	at org.apache.ratis.proto.grpc.RaftServerProtocolServiceGrpc$RaftServerProtocolServiceBlockingStub.requestVote(RaftServerProtocolServiceGrpc.java:265)
	at org.apache.ratis.grpc.server.GrpcServerProtocolClient.requestVote(GrpcServerProtocolClient.java:90)
	at org.apache.ratis.grpc.server.GrpcService.requestVote(GrpcService.java:204)
	at org.apache.ratis.server.impl.LeaderElection.lambda$submitRequests$1(LeaderElection.java:238)
	at java.util.concurrent.FutureTask.run(FutureTask.java:266)
	at java.util.concurrent.Executors$RunnableAdapter.call(Executors.java:511)
	at java.util.concurrent.FutureTask.run(FutureTask.java:266)
	at java.util.concurrent.ThreadPoolExecutor.runWorker(ThreadPoolExecutor.java:1149)
	at java.util.concurrent.ThreadPoolExecutor$Worker.run(ThreadPoolExecutor.java:624)
	... 1 more
Caused by: org.apache.ratis.thirdparty.io.netty.channel.AbstractChannel$AnnotatedConnectException: Connection refused: /192.168.151.103:33365
	at sun.nio.ch.SocketChannelImpl.checkConnect(Native Method)
	at sun.nio.ch.SocketChannelImpl.finishConnect(SocketChannelImpl.java:717)
	at org.apache.ratis.thirdparty.io.netty.channel.socket.nio.NioSocketChannel.doFinishConnect(NioSocketChannel.java:327)
	at org.apache.ratis.thirdparty.io.netty.channel.nio.AbstractNioChannel$AbstractNioUnsafe.finishConnect(AbstractNioChannel.java:340)
	at org.apache.ratis.thirdparty.io.netty.channel.nio.NioEventLoop.processSelectedKey(NioEventLoop.java:632)
	at org.apache.ratis.thirdparty.io.netty.channel.nio.NioEventLoop.processSelectedKeysOptimized(NioEventLoop.java:579)
	at org.apache.ratis.thirdparty.io.netty.channel.nio.NioEventLoop.processSelectedKeys(NioEventLoop.java:496)
	at org.apache.ratis.thirdparty.io.netty.channel.nio.NioEventLoop.run(NioEventLoop.java:458)
	at org.apache.ratis.thirdparty.io.netty.util.concurrent.SingleThreadEventExecutor$5.run(SingleThreadEventExecutor.java:897)
	at org.apache.ratis.thirdparty.io.netty.util.concurrent.FastThreadLocalRunnable.run(FastThreadLocalRunnable.java:30)
	... 1 more
Caused by: java.net.ConnectException: Connection refused
	... 11 more
2019-09-27 09:18:55,306 [dcfd2284-ad1e-4267-a15d-7e148c2289cb@group-E3215D54F09B:LeaderElection58] INFO  impl.LeaderElection (LeaderElection.java:logAndReturn(56)) - dcfd2284-ad1e-4267-a15d-7e148c2289cb@group-E3215D54F09B:LeaderElection58: Election REJECTED; received 0 response(s) [] and 2 exception(s); dcfd2284-ad1e-4267-a15d-7e148c2289cb@group-E3215D54F09B:t4, leader=null, voted=dcfd2284-ad1e-4267-a15d-7e148c2289cb, raftlog=dcfd2284-ad1e-4267-a15d-7e148c2289cb@group-E3215D54F09B-SegmentedRaftLog:OPENED:c2,f2,i2, conf=1: [dcfd2284-ad1e-4267-a15d-7e148c2289cb:192.168.151.103:35614, d1b97505-207e-4333-b006-552a83aa594e:192.168.151.103:33569, 88f71ae2-1168-411a-bccc-2088b7ef8e3f:192.168.151.103:33365], old=null
2019-09-27 09:18:55,306 [dcfd2284-ad1e-4267-a15d-7e148c2289cb@group-E3215D54F09B:LeaderElection58] INFO  impl.LeaderElection (LogUtils.java:infoOrTrace(149)) -   Exception 0: {}
java.util.concurrent.ExecutionException: org.apache.ratis.thirdparty.io.grpc.StatusRuntimeException: UNAVAILABLE: io exception
	at java.util.concurrent.FutureTask.report(FutureTask.java:122)
	at java.util.concurrent.FutureTask.get(FutureTask.java:192)
	at org.apache.ratis.server.impl.LeaderElection.waitForResults(LeaderElection.java:263)
	at org.apache.ratis.server.impl.LeaderElection.askForVotes(LeaderElection.java:201)
	at org.apache.ratis.server.impl.LeaderElection.run(LeaderElection.java:133)
	at java.lang.Thread.run(Thread.java:748)
Caused by: org.apache.ratis.thirdparty.io.grpc.StatusRuntimeException: UNAVAILABLE: io exception
	at org.apache.ratis.thirdparty.io.grpc.stub.ClientCalls.toStatusRuntimeException(ClientCalls.java:233)
	at org.apache.ratis.thirdparty.io.grpc.stub.ClientCalls.getUnchecked(ClientCalls.java:214)
	at org.apache.ratis.thirdparty.io.grpc.stub.ClientCalls.blockingUnaryCall(ClientCalls.java:139)
	at org.apache.ratis.proto.grpc.RaftServerProtocolServiceGrpc$RaftServerProtocolServiceBlockingStub.requestVote(RaftServerProtocolServiceGrpc.java:265)
	at org.apache.ratis.grpc.server.GrpcServerProtocolClient.requestVote(GrpcServerProtocolClient.java:90)
	at org.apache.ratis.grpc.server.GrpcService.requestVote(GrpcService.java:204)
	at org.apache.ratis.server.impl.LeaderElection.lambda$submitRequests$1(LeaderElection.java:238)
	at java.util.concurrent.FutureTask.run(FutureTask.java:266)
	at java.util.concurrent.Executors$RunnableAdapter.call(Executors.java:511)
	at java.util.concurrent.FutureTask.run(FutureTask.java:266)
	at java.util.concurrent.ThreadPoolExecutor.runWorker(ThreadPoolExecutor.java:1149)
	at java.util.concurrent.ThreadPoolExecutor$Worker.run(ThreadPoolExecutor.java:624)
	... 1 more
Caused by: org.apache.ratis.thirdparty.io.netty.channel.AbstractChannel$AnnotatedConnectException: Connection refused: /192.168.151.103:33569
	at sun.nio.ch.SocketChannelImpl.checkConnect(Native Method)
	at sun.nio.ch.SocketChannelImpl.finishConnect(SocketChannelImpl.java:717)
	at org.apache.ratis.thirdparty.io.netty.channel.socket.nio.NioSocketChannel.doFinishConnect(NioSocketChannel.java:327)
	at org.apache.ratis.thirdparty.io.netty.channel.nio.AbstractNioChannel$AbstractNioUnsafe.finishConnect(AbstractNioChannel.java:340)
	at org.apache.ratis.thirdparty.io.netty.channel.nio.NioEventLoop.processSelectedKey(NioEventLoop.java:632)
	at org.apache.ratis.thirdparty.io.netty.channel.nio.NioEventLoop.processSelectedKeysOptimized(NioEventLoop.java:579)
	at org.apache.ratis.thirdparty.io.netty.channel.nio.NioEventLoop.processSelectedKeys(NioEventLoop.java:496)
	at org.apache.ratis.thirdparty.io.netty.channel.nio.NioEventLoop.run(NioEventLoop.java:458)
	at org.apache.ratis.thirdparty.io.netty.util.concurrent.SingleThreadEventExecutor$5.run(SingleThreadEventExecutor.java:897)
	at org.apache.ratis.thirdparty.io.netty.util.concurrent.FastThreadLocalRunnable.run(FastThreadLocalRunnable.java:30)
	... 1 more
Caused by: java.net.ConnectException: Connection refused
	... 11 more
2019-09-27 09:18:55,307 [dcfd2284-ad1e-4267-a15d-7e148c2289cb@group-E3215D54F09B:LeaderElection58] INFO  impl.LeaderElection (LogUtils.java:infoOrTrace(149)) -   Exception 1: {}
java.util.concurrent.ExecutionException: org.apache.ratis.thirdparty.io.grpc.StatusRuntimeException: UNAVAILABLE: io exception
	at java.util.concurrent.FutureTask.report(FutureTask.java:122)
	at java.util.concurrent.FutureTask.get(FutureTask.java:192)
	at org.apache.ratis.server.impl.LeaderElection.waitForResults(LeaderElection.java:263)
	at org.apache.ratis.server.impl.LeaderElection.askForVotes(LeaderElection.java:201)
	at org.apache.ratis.server.impl.LeaderElection.run(LeaderElection.java:133)
	at java.lang.Thread.run(Thread.java:748)
Caused by: org.apache.ratis.thirdparty.io.grpc.StatusRuntimeException: UNAVAILABLE: io exception
	at org.apache.ratis.thirdparty.io.grpc.stub.ClientCalls.toStatusRuntimeException(ClientCalls.java:233)
	at org.apache.ratis.thirdparty.io.grpc.stub.ClientCalls.getUnchecked(ClientCalls.java:214)
	at org.apache.ratis.thirdparty.io.grpc.stub.ClientCalls.blockingUnaryCall(ClientCalls.java:139)
	at org.apache.ratis.proto.grpc.RaftServerProtocolServiceGrpc$RaftServerProtocolServiceBlockingStub.requestVote(RaftServerProtocolServiceGrpc.java:265)
	at org.apache.ratis.grpc.server.GrpcServerProtocolClient.requestVote(GrpcServerProtocolClient.java:90)
	at org.apache.ratis.grpc.server.GrpcService.requestVote(GrpcService.java:204)
	at org.apache.ratis.server.impl.LeaderElection.lambda$submitRequests$1(LeaderElection.java:238)
	at java.util.concurrent.FutureTask.run(FutureTask.java:266)
	at java.util.concurrent.Executors$RunnableAdapter.call(Executors.java:511)
	at java.util.concurrent.FutureTask.run(FutureTask.java:266)
	at java.util.concurrent.ThreadPoolExecutor.runWorker(ThreadPoolExecutor.java:1149)
	at java.util.concurrent.ThreadPoolExecutor$Worker.run(ThreadPoolExecutor.java:624)
	... 1 more
Caused by: org.apache.ratis.thirdparty.io.netty.channel.AbstractChannel$AnnotatedConnectException: Connection refused: /192.168.151.103:33365
	at sun.nio.ch.SocketChannelImpl.checkConnect(Native Method)
	at sun.nio.ch.SocketChannelImpl.finishConnect(SocketChannelImpl.java:717)
	at org.apache.ratis.thirdparty.io.netty.channel.socket.nio.NioSocketChannel.doFinishConnect(NioSocketChannel.java:327)
	at org.apache.ratis.thirdparty.io.netty.channel.nio.AbstractNioChannel$AbstractNioUnsafe.finishConnect(AbstractNioChannel.java:340)
	at org.apache.ratis.thirdparty.io.netty.channel.nio.NioEventLoop.processSelectedKey(NioEventLoop.java:632)
	at org.apache.ratis.thirdparty.io.netty.channel.nio.NioEventLoop.processSelectedKeysOptimized(NioEventLoop.java:579)
	at org.apache.ratis.thirdparty.io.netty.channel.nio.NioEventLoop.processSelectedKeys(NioEventLoop.java:496)
	at org.apache.ratis.thirdparty.io.netty.channel.nio.NioEventLoop.run(NioEventLoop.java:458)
	at org.apache.ratis.thirdparty.io.netty.util.concurrent.SingleThreadEventExecutor$5.run(SingleThreadEventExecutor.java:897)
	at org.apache.ratis.thirdparty.io.netty.util.concurrent.FastThreadLocalRunnable.run(FastThreadLocalRunnable.java:30)
	... 1 more
Caused by: java.net.ConnectException: Connection refused
	... 11 more
2019-09-27 09:18:55,307 [dcfd2284-ad1e-4267-a15d-7e148c2289cb@group-E3215D54F09B:LeaderElection58] INFO  impl.RaftServerImpl (RaftServerImpl.java:setRole(174)) - dcfd2284-ad1e-4267-a15d-7e148c2289cb@group-E3215D54F09B: changes role from CANDIDATE to FOLLOWER at term 4 for DISCOVERED_A_NEW_TERM
2019-09-27 09:18:55,307 [dcfd2284-ad1e-4267-a15d-7e148c2289cb@group-E3215D54F09B:LeaderElection58] INFO  impl.RoleInfo (RoleInfo.java:shutdownLeaderElection(134)) - dcfd2284-ad1e-4267-a15d-7e148c2289cb: shutdown LeaderElection
2019-09-27 09:18:55,307 [dcfd2284-ad1e-4267-a15d-7e148c2289cb@group-E3215D54F09B:LeaderElection58] INFO  impl.RoleInfo (RoleInfo.java:updateAndGet(143)) - dcfd2284-ad1e-4267-a15d-7e148c2289cb: start FollowerState
2019-09-27 09:18:55,527 [grpc-default-executor-1] WARN  server.GrpcLogAppender (LogUtils.java:warn(134)) - debaddba-7ce7-4ada-b450-9c5d896bdac5@group-0080225EE277->ac644bf3-7673-4e49-8339-55bbab6b6107-AppendLogResponseHandler: Failed appendEntries: org.apache.ratis.thirdparty.io.grpc.StatusRuntimeException: UNAVAILABLE: io exception
2019-09-27 09:18:55,528 [grpc-default-executor-1] INFO  impl.FollowerInfo (FollowerInfo.java:lambda$new$0(51)) - debaddba-7ce7-4ada-b450-9c5d896bdac5@group-0080225EE277->ac644bf3-7673-4e49-8339-55bbab6b6107: nextIndex: updateUnconditionally 0 -> 0
2019-09-27 09:18:56,028 [grpc-default-executor-3] WARN  server.GrpcLogAppender (LogUtils.java:warn(134)) - debaddba-7ce7-4ada-b450-9c5d896bdac5@group-0080225EE277->ac644bf3-7673-4e49-8339-55bbab6b6107-AppendLogResponseHandler: Failed appendEntries: org.apache.ratis.thirdparty.io.grpc.StatusRuntimeException: UNAVAILABLE: io exception
2019-09-27 09:18:56,029 [grpc-default-executor-3] INFO  impl.FollowerInfo (FollowerInfo.java:lambda$new$0(51)) - debaddba-7ce7-4ada-b450-9c5d896bdac5@group-0080225EE277->ac644bf3-7673-4e49-8339-55bbab6b6107: nextIndex: updateUnconditionally 0 -> 0
2019-09-27 09:18:56,141 [Thread-3863] INFO  impl.FollowerState (FollowerState.java:run(106)) - 825f4d3a-e44b-481a-a24b-9ae922a259ab:group-62F34B2FE18F changes to CANDIDATE, lastRpcTime:1055, electionTimeout:1055ms
2019-09-27 09:18:56,142 [Thread-3863] INFO  impl.RoleInfo (RoleInfo.java:shutdownFollowerState(121)) - 825f4d3a-e44b-481a-a24b-9ae922a259ab: shutdown FollowerState
2019-09-27 09:18:56,142 [Thread-3863] INFO  impl.RaftServerImpl (RaftServerImpl.java:setRole(174)) - 825f4d3a-e44b-481a-a24b-9ae922a259ab@group-62F34B2FE18F: changes role from  FOLLOWER to CANDIDATE at term 7 for changeToCandidate
2019-09-27 09:18:56,142 [Thread-3863] INFO  impl.RoleInfo (RoleInfo.java:updateAndGet(143)) - 825f4d3a-e44b-481a-a24b-9ae922a259ab: start LeaderElection
2019-09-27 09:18:56,159 [825f4d3a-e44b-481a-a24b-9ae922a259ab@group-62F34B2FE18F:LeaderElection59] INFO  impl.LeaderElection (LeaderElection.java:askForVotes(182)) - 825f4d3a-e44b-481a-a24b-9ae922a259ab@group-62F34B2FE18F:LeaderElection59: begin an election at term 8 for 0: [e6dfef88-aea8-482b-83fb-8e87a0e55ccd:192.168.151.103:39305, e557a3b1-6e95-4f35-a3e1-c0da55ea7bc1:192.168.151.103:39568, 825f4d3a-e44b-481a-a24b-9ae922a259ab:192.168.151.103:34079], old=null
2019-09-27 09:18:56,160 [825f4d3a-e44b-481a-a24b-9ae922a259ab@group-62F34B2FE18F:LeaderElection59] INFO  impl.LeaderElection (LogUtils.java:infoOrTrace(149)) - 825f4d3a-e44b-481a-a24b-9ae922a259ab@group-62F34B2FE18F:LeaderElection59 got exception when requesting votes: {}
java.util.concurrent.ExecutionException: org.apache.ratis.thirdparty.io.grpc.StatusRuntimeException: UNAVAILABLE: io exception
	at java.util.concurrent.FutureTask.report(FutureTask.java:122)
	at java.util.concurrent.FutureTask.get(FutureTask.java:192)
	at org.apache.ratis.server.impl.LeaderElection.waitForResults(LeaderElection.java:263)
	at org.apache.ratis.server.impl.LeaderElection.askForVotes(LeaderElection.java:201)
	at org.apache.ratis.server.impl.LeaderElection.run(LeaderElection.java:133)
	at java.lang.Thread.run(Thread.java:748)
Caused by: org.apache.ratis.thirdparty.io.grpc.StatusRuntimeException: UNAVAILABLE: io exception
	at org.apache.ratis.thirdparty.io.grpc.stub.ClientCalls.toStatusRuntimeException(ClientCalls.java:233)
	at org.apache.ratis.thirdparty.io.grpc.stub.ClientCalls.getUnchecked(ClientCalls.java:214)
	at org.apache.ratis.thirdparty.io.grpc.stub.ClientCalls.blockingUnaryCall(ClientCalls.java:139)
	at org.apache.ratis.proto.grpc.RaftServerProtocolServiceGrpc$RaftServerProtocolServiceBlockingStub.requestVote(RaftServerProtocolServiceGrpc.java:265)
	at org.apache.ratis.grpc.server.GrpcServerProtocolClient.requestVote(GrpcServerProtocolClient.java:90)
	at org.apache.ratis.grpc.server.GrpcService.requestVote(GrpcService.java:204)
	at org.apache.ratis.server.impl.LeaderElection.lambda$submitRequests$1(LeaderElection.java:238)
	at java.util.concurrent.FutureTask.run(FutureTask.java:266)
	at java.util.concurrent.Executors$RunnableAdapter.call(Executors.java:511)
	at java.util.concurrent.FutureTask.run(FutureTask.java:266)
	at java.util.concurrent.ThreadPoolExecutor.runWorker(ThreadPoolExecutor.java:1149)
	at java.util.concurrent.ThreadPoolExecutor$Worker.run(ThreadPoolExecutor.java:624)
	... 1 more
Caused by: org.apache.ratis.thirdparty.io.netty.channel.AbstractChannel$AnnotatedConnectException: Connection refused: /192.168.151.103:39305
	at sun.nio.ch.SocketChannelImpl.checkConnect(Native Method)
	at sun.nio.ch.SocketChannelImpl.finishConnect(SocketChannelImpl.java:717)
	at org.apache.ratis.thirdparty.io.netty.channel.socket.nio.NioSocketChannel.doFinishConnect(NioSocketChannel.java:327)
	at org.apache.ratis.thirdparty.io.netty.channel.nio.AbstractNioChannel$AbstractNioUnsafe.finishConnect(AbstractNioChannel.java:340)
	at org.apache.ratis.thirdparty.io.netty.channel.nio.NioEventLoop.processSelectedKey(NioEventLoop.java:632)
	at org.apache.ratis.thirdparty.io.netty.channel.nio.NioEventLoop.processSelectedKeysOptimized(NioEventLoop.java:579)
	at org.apache.ratis.thirdparty.io.netty.channel.nio.NioEventLoop.processSelectedKeys(NioEventLoop.java:496)
	at org.apache.ratis.thirdparty.io.netty.channel.nio.NioEventLoop.run(NioEventLoop.java:458)
	at org.apache.ratis.thirdparty.io.netty.util.concurrent.SingleThreadEventExecutor$5.run(SingleThreadEventExecutor.java:897)
	at org.apache.ratis.thirdparty.io.netty.util.concurrent.FastThreadLocalRunnable.run(FastThreadLocalRunnable.java:30)
	... 1 more
Caused by: java.net.ConnectException: Connection refused
	... 11 more
2019-09-27 09:18:56,166 [825f4d3a-e44b-481a-a24b-9ae922a259ab@group-62F34B2FE18F:LeaderElection59] INFO  impl.LeaderElection (LogUtils.java:infoOrTrace(149)) - 825f4d3a-e44b-481a-a24b-9ae922a259ab@group-62F34B2FE18F:LeaderElection59 got exception when requesting votes: {}
java.util.concurrent.ExecutionException: org.apache.ratis.thirdparty.io.grpc.StatusRuntimeException: UNAVAILABLE: io exception
	at java.util.concurrent.FutureTask.report(FutureTask.java:122)
	at java.util.concurrent.FutureTask.get(FutureTask.java:192)
	at org.apache.ratis.server.impl.LeaderElection.waitForResults(LeaderElection.java:263)
	at org.apache.ratis.server.impl.LeaderElection.askForVotes(LeaderElection.java:201)
	at org.apache.ratis.server.impl.LeaderElection.run(LeaderElection.java:133)
	at java.lang.Thread.run(Thread.java:748)
Caused by: org.apache.ratis.thirdparty.io.grpc.StatusRuntimeException: UNAVAILABLE: io exception
	at org.apache.ratis.thirdparty.io.grpc.stub.ClientCalls.toStatusRuntimeException(ClientCalls.java:233)
	at org.apache.ratis.thirdparty.io.grpc.stub.ClientCalls.getUnchecked(ClientCalls.java:214)
	at org.apache.ratis.thirdparty.io.grpc.stub.ClientCalls.blockingUnaryCall(ClientCalls.java:139)
	at org.apache.ratis.proto.grpc.RaftServerProtocolServiceGrpc$RaftServerProtocolServiceBlockingStub.requestVote(RaftServerProtocolServiceGrpc.java:265)
	at org.apache.ratis.grpc.server.GrpcServerProtocolClient.requestVote(GrpcServerProtocolClient.java:90)
	at org.apache.ratis.grpc.server.GrpcService.requestVote(GrpcService.java:204)
	at org.apache.ratis.server.impl.LeaderElection.lambda$submitRequests$1(LeaderElection.java:238)
	at java.util.concurrent.FutureTask.run(FutureTask.java:266)
	at java.util.concurrent.Executors$RunnableAdapter.call(Executors.java:511)
	at java.util.concurrent.FutureTask.run(FutureTask.java:266)
	at java.util.concurrent.ThreadPoolExecutor.runWorker(ThreadPoolExecutor.java:1149)
	at java.util.concurrent.ThreadPoolExecutor$Worker.run(ThreadPoolExecutor.java:624)
	... 1 more
Caused by: org.apache.ratis.thirdparty.io.netty.channel.AbstractChannel$AnnotatedConnectException: Connection refused: /192.168.151.103:39568
	at sun.nio.ch.SocketChannelImpl.checkConnect(Native Method)
	at sun.nio.ch.SocketChannelImpl.finishConnect(SocketChannelImpl.java:717)
	at org.apache.ratis.thirdparty.io.netty.channel.socket.nio.NioSocketChannel.doFinishConnect(NioSocketChannel.java:327)
	at org.apache.ratis.thirdparty.io.netty.channel.nio.AbstractNioChannel$AbstractNioUnsafe.finishConnect(AbstractNioChannel.java:340)
	at org.apache.ratis.thirdparty.io.netty.channel.nio.NioEventLoop.processSelectedKey(NioEventLoop.java:632)
	at org.apache.ratis.thirdparty.io.netty.channel.nio.NioEventLoop.processSelectedKeysOptimized(NioEventLoop.java:579)
	at org.apache.ratis.thirdparty.io.netty.channel.nio.NioEventLoop.processSelectedKeys(NioEventLoop.java:496)
	at org.apache.ratis.thirdparty.io.netty.channel.nio.NioEventLoop.run(NioEventLoop.java:458)
	at org.apache.ratis.thirdparty.io.netty.util.concurrent.SingleThreadEventExecutor$5.run(SingleThreadEventExecutor.java:897)
	at org.apache.ratis.thirdparty.io.netty.util.concurrent.FastThreadLocalRunnable.run(FastThreadLocalRunnable.java:30)
	... 1 more
Caused by: java.net.ConnectException: Connection refused
	... 11 more
2019-09-27 09:18:56,167 [825f4d3a-e44b-481a-a24b-9ae922a259ab@group-62F34B2FE18F:LeaderElection59] INFO  impl.LeaderElection (LeaderElection.java:logAndReturn(56)) - 825f4d3a-e44b-481a-a24b-9ae922a259ab@group-62F34B2FE18F:LeaderElection59: Election REJECTED; received 0 response(s) [] and 2 exception(s); 825f4d3a-e44b-481a-a24b-9ae922a259ab@group-62F34B2FE18F:t8, leader=null, voted=825f4d3a-e44b-481a-a24b-9ae922a259ab, raftlog=825f4d3a-e44b-481a-a24b-9ae922a259ab@group-62F34B2FE18F-SegmentedRaftLog:OPENED:c0,f0,i0, conf=0: [e6dfef88-aea8-482b-83fb-8e87a0e55ccd:192.168.151.103:39305, e557a3b1-6e95-4f35-a3e1-c0da55ea7bc1:192.168.151.103:39568, 825f4d3a-e44b-481a-a24b-9ae922a259ab:192.168.151.103:34079], old=null
2019-09-27 09:18:56,167 [825f4d3a-e44b-481a-a24b-9ae922a259ab@group-62F34B2FE18F:LeaderElection59] INFO  impl.LeaderElection (LogUtils.java:infoOrTrace(149)) -   Exception 0: {}
java.util.concurrent.ExecutionException: org.apache.ratis.thirdparty.io.grpc.StatusRuntimeException: UNAVAILABLE: io exception
	at java.util.concurrent.FutureTask.report(FutureTask.java:122)
	at java.util.concurrent.FutureTask.get(FutureTask.java:192)
	at org.apache.ratis.server.impl.LeaderElection.waitForResults(LeaderElection.java:263)
	at org.apache.ratis.server.impl.LeaderElection.askForVotes(LeaderElection.java:201)
	at org.apache.ratis.server.impl.LeaderElection.run(LeaderElection.java:133)
	at java.lang.Thread.run(Thread.java:748)
Caused by: org.apache.ratis.thirdparty.io.grpc.StatusRuntimeException: UNAVAILABLE: io exception
	at org.apache.ratis.thirdparty.io.grpc.stub.ClientCalls.toStatusRuntimeException(ClientCalls.java:233)
	at org.apache.ratis.thirdparty.io.grpc.stub.ClientCalls.getUnchecked(ClientCalls.java:214)
	at org.apache.ratis.thirdparty.io.grpc.stub.ClientCalls.blockingUnaryCall(ClientCalls.java:139)
	at org.apache.ratis.proto.grpc.RaftServerProtocolServiceGrpc$RaftServerProtocolServiceBlockingStub.requestVote(RaftServerProtocolServiceGrpc.java:265)
	at org.apache.ratis.grpc.server.GrpcServerProtocolClient.requestVote(GrpcServerProtocolClient.java:90)
	at org.apache.ratis.grpc.server.GrpcService.requestVote(GrpcService.java:204)
	at org.apache.ratis.server.impl.LeaderElection.lambda$submitRequests$1(LeaderElection.java:238)
	at java.util.concurrent.FutureTask.run(FutureTask.java:266)
	at java.util.concurrent.Executors$RunnableAdapter.call(Executors.java:511)
	at java.util.concurrent.FutureTask.run(FutureTask.java:266)
	at java.util.concurrent.ThreadPoolExecutor.runWorker(ThreadPoolExecutor.java:1149)
	at java.util.concurrent.ThreadPoolExecutor$Worker.run(ThreadPoolExecutor.java:624)
	... 1 more
Caused by: org.apache.ratis.thirdparty.io.netty.channel.AbstractChannel$AnnotatedConnectException: Connection refused: /192.168.151.103:39305
	at sun.nio.ch.SocketChannelImpl.checkConnect(Native Method)
	at sun.nio.ch.SocketChannelImpl.finishConnect(SocketChannelImpl.java:717)
	at org.apache.ratis.thirdparty.io.netty.channel.socket.nio.NioSocketChannel.doFinishConnect(NioSocketChannel.java:327)
	at org.apache.ratis.thirdparty.io.netty.channel.nio.AbstractNioChannel$AbstractNioUnsafe.finishConnect(AbstractNioChannel.java:340)
	at org.apache.ratis.thirdparty.io.netty.channel.nio.NioEventLoop.processSelectedKey(NioEventLoop.java:632)
	at org.apache.ratis.thirdparty.io.netty.channel.nio.NioEventLoop.processSelectedKeysOptimized(NioEventLoop.java:579)
	at org.apache.ratis.thirdparty.io.netty.channel.nio.NioEventLoop.processSelectedKeys(NioEventLoop.java:496)
	at org.apache.ratis.thirdparty.io.netty.channel.nio.NioEventLoop.run(NioEventLoop.java:458)
	at org.apache.ratis.thirdparty.io.netty.util.concurrent.SingleThreadEventExecutor$5.run(SingleThreadEventExecutor.java:897)
	at org.apache.ratis.thirdparty.io.netty.util.concurrent.FastThreadLocalRunnable.run(FastThreadLocalRunnable.java:30)
	... 1 more
Caused by: java.net.ConnectException: Connection refused
	... 11 more
2019-09-27 09:18:56,167 [825f4d3a-e44b-481a-a24b-9ae922a259ab@group-62F34B2FE18F:LeaderElection59] INFO  impl.LeaderElection (LogUtils.java:infoOrTrace(149)) -   Exception 1: {}
java.util.concurrent.ExecutionException: org.apache.ratis.thirdparty.io.grpc.StatusRuntimeException: UNAVAILABLE: io exception
	at java.util.concurrent.FutureTask.report(FutureTask.java:122)
	at java.util.concurrent.FutureTask.get(FutureTask.java:192)
	at org.apache.ratis.server.impl.LeaderElection.waitForResults(LeaderElection.java:263)
	at org.apache.ratis.server.impl.LeaderElection.askForVotes(LeaderElection.java:201)
	at org.apache.ratis.server.impl.LeaderElection.run(LeaderElection.java:133)
	at java.lang.Thread.run(Thread.java:748)
Caused by: org.apache.ratis.thirdparty.io.grpc.StatusRuntimeException: UNAVAILABLE: io exception
	at org.apache.ratis.thirdparty.io.grpc.stub.ClientCalls.toStatusRuntimeException(ClientCalls.java:233)
	at org.apache.ratis.thirdparty.io.grpc.stub.ClientCalls.getUnchecked(ClientCalls.java:214)
	at org.apache.ratis.thirdparty.io.grpc.stub.ClientCalls.blockingUnaryCall(ClientCalls.java:139)
	at org.apache.ratis.proto.grpc.RaftServerProtocolServiceGrpc$RaftServerProtocolServiceBlockingStub.requestVote(RaftServerProtocolServiceGrpc.java:265)
	at org.apache.ratis.grpc.server.GrpcServerProtocolClient.requestVote(GrpcServerProtocolClient.java:90)
	at org.apache.ratis.grpc.server.GrpcService.requestVote(GrpcService.java:204)
	at org.apache.ratis.server.impl.LeaderElection.lambda$submitRequests$1(LeaderElection.java:238)
	at java.util.concurrent.FutureTask.run(FutureTask.java:266)
	at java.util.concurrent.Executors$RunnableAdapter.call(Executors.java:511)
	at java.util.concurrent.FutureTask.run(FutureTask.java:266)
	at java.util.concurrent.ThreadPoolExecutor.runWorker(ThreadPoolExecutor.java:1149)
	at java.util.concurrent.ThreadPoolExecutor$Worker.run(ThreadPoolExecutor.java:624)
	... 1 more
Caused by: org.apache.ratis.thirdparty.io.netty.channel.AbstractChannel$AnnotatedConnectException: Connection refused: /192.168.151.103:39568
	at sun.nio.ch.SocketChannelImpl.checkConnect(Native Method)
	at sun.nio.ch.SocketChannelImpl.finishConnect(SocketChannelImpl.java:717)
	at org.apache.ratis.thirdparty.io.netty.channel.socket.nio.NioSocketChannel.doFinishConnect(NioSocketChannel.java:327)
	at org.apache.ratis.thirdparty.io.netty.channel.nio.AbstractNioChannel$AbstractNioUnsafe.finishConnect(AbstractNioChannel.java:340)
	at org.apache.ratis.thirdparty.io.netty.channel.nio.NioEventLoop.processSelectedKey(NioEventLoop.java:632)
	at org.apache.ratis.thirdparty.io.netty.channel.nio.NioEventLoop.processSelectedKeysOptimized(NioEventLoop.java:579)
	at org.apache.ratis.thirdparty.io.netty.channel.nio.NioEventLoop.processSelectedKeys(NioEventLoop.java:496)
	at org.apache.ratis.thirdparty.io.netty.channel.nio.NioEventLoop.run(NioEventLoop.java:458)
	at org.apache.ratis.thirdparty.io.netty.util.concurrent.SingleThreadEventExecutor$5.run(SingleThreadEventExecutor.java:897)
	at org.apache.ratis.thirdparty.io.netty.util.concurrent.FastThreadLocalRunnable.run(FastThreadLocalRunnable.java:30)
	... 1 more
Caused by: java.net.ConnectException: Connection refused
	... 11 more
2019-09-27 09:18:56,167 [825f4d3a-e44b-481a-a24b-9ae922a259ab@group-62F34B2FE18F:LeaderElection59] INFO  impl.RaftServerImpl (RaftServerImpl.java:setRole(174)) - 825f4d3a-e44b-481a-a24b-9ae922a259ab@group-62F34B2FE18F: changes role from CANDIDATE to FOLLOWER at term 8 for DISCOVERED_A_NEW_TERM
2019-09-27 09:18:56,167 [825f4d3a-e44b-481a-a24b-9ae922a259ab@group-62F34B2FE18F:LeaderElection59] INFO  impl.RoleInfo (RoleInfo.java:shutdownLeaderElection(134)) - 825f4d3a-e44b-481a-a24b-9ae922a259ab: shutdown LeaderElection
2019-09-27 09:18:56,168 [825f4d3a-e44b-481a-a24b-9ae922a259ab@group-62F34B2FE18F:LeaderElection59] INFO  impl.RoleInfo (RoleInfo.java:updateAndGet(143)) - 825f4d3a-e44b-481a-a24b-9ae922a259ab: start FollowerState
2019-09-27 09:18:56,418 [Thread-3867] INFO  impl.FollowerState (FollowerState.java:run(106)) - dcfd2284-ad1e-4267-a15d-7e148c2289cb:group-E3215D54F09B changes to CANDIDATE, lastRpcTime:1110, electionTimeout:1110ms
2019-09-27 09:18:56,418 [Thread-3867] INFO  impl.RoleInfo (RoleInfo.java:shutdownFollowerState(121)) - dcfd2284-ad1e-4267-a15d-7e148c2289cb: shutdown FollowerState
2019-09-27 09:18:56,418 [Thread-3867] INFO  impl.RaftServerImpl (RaftServerImpl.java:setRole(174)) - dcfd2284-ad1e-4267-a15d-7e148c2289cb@group-E3215D54F09B: changes role from  FOLLOWER to CANDIDATE at term 4 for changeToCandidate
2019-09-27 09:18:56,419 [Thread-3867] INFO  impl.RoleInfo (RoleInfo.java:updateAndGet(143)) - dcfd2284-ad1e-4267-a15d-7e148c2289cb: start LeaderElection
2019-09-27 09:18:56,435 [dcfd2284-ad1e-4267-a15d-7e148c2289cb@group-E3215D54F09B:LeaderElection60] INFO  impl.LeaderElection (LeaderElection.java:askForVotes(182)) - dcfd2284-ad1e-4267-a15d-7e148c2289cb@group-E3215D54F09B:LeaderElection60: begin an election at term 5 for 1: [dcfd2284-ad1e-4267-a15d-7e148c2289cb:192.168.151.103:35614, d1b97505-207e-4333-b006-552a83aa594e:192.168.151.103:33569, 88f71ae2-1168-411a-bccc-2088b7ef8e3f:192.168.151.103:33365], old=null
2019-09-27 09:18:56,436 [dcfd2284-ad1e-4267-a15d-7e148c2289cb@group-E3215D54F09B:LeaderElection60] INFO  impl.LeaderElection (LogUtils.java:infoOrTrace(149)) - dcfd2284-ad1e-4267-a15d-7e148c2289cb@group-E3215D54F09B:LeaderElection60 got exception when requesting votes: {}
java.util.concurrent.ExecutionException: org.apache.ratis.thirdparty.io.grpc.StatusRuntimeException: UNAVAILABLE: io exception
	at java.util.concurrent.FutureTask.report(FutureTask.java:122)
	at java.util.concurrent.FutureTask.get(FutureTask.java:192)
	at org.apache.ratis.server.impl.LeaderElection.waitForResults(LeaderElection.java:263)
	at org.apache.ratis.server.impl.LeaderElection.askForVotes(LeaderElection.java:201)
	at org.apache.ratis.server.impl.LeaderElection.run(LeaderElection.java:133)
	at java.lang.Thread.run(Thread.java:748)
Caused by: org.apache.ratis.thirdparty.io.grpc.StatusRuntimeException: UNAVAILABLE: io exception
	at org.apache.ratis.thirdparty.io.grpc.stub.ClientCalls.toStatusRuntimeException(ClientCalls.java:233)
	at org.apache.ratis.thirdparty.io.grpc.stub.ClientCalls.getUnchecked(ClientCalls.java:214)
	at org.apache.ratis.thirdparty.io.grpc.stub.ClientCalls.blockingUnaryCall(ClientCalls.java:139)
	at org.apache.ratis.proto.grpc.RaftServerProtocolServiceGrpc$RaftServerProtocolServiceBlockingStub.requestVote(RaftServerProtocolServiceGrpc.java:265)
	at org.apache.ratis.grpc.server.GrpcServerProtocolClient.requestVote(GrpcServerProtocolClient.java:90)
	at org.apache.ratis.grpc.server.GrpcService.requestVote(GrpcService.java:204)
	at org.apache.ratis.server.impl.LeaderElection.lambda$submitRequests$1(LeaderElection.java:238)
	at java.util.concurrent.FutureTask.run(FutureTask.java:266)
	at java.util.concurrent.Executors$RunnableAdapter.call(Executors.java:511)
	at java.util.concurrent.FutureTask.run(FutureTask.java:266)
	at java.util.concurrent.ThreadPoolExecutor.runWorker(ThreadPoolExecutor.java:1149)
	at java.util.concurrent.ThreadPoolExecutor$Worker.run(ThreadPoolExecutor.java:624)
	... 1 more
Caused by: org.apache.ratis.thirdparty.io.netty.channel.AbstractChannel$AnnotatedConnectException: Connection refused: /192.168.151.103:33569
	at sun.nio.ch.SocketChannelImpl.checkConnect(Native Method)
	at sun.nio.ch.SocketChannelImpl.finishConnect(SocketChannelImpl.java:717)
	at org.apache.ratis.thirdparty.io.netty.channel.socket.nio.NioSocketChannel.doFinishConnect(NioSocketChannel.java:327)
	at org.apache.ratis.thirdparty.io.netty.channel.nio.AbstractNioChannel$AbstractNioUnsafe.finishConnect(AbstractNioChannel.java:340)
	at org.apache.ratis.thirdparty.io.netty.channel.nio.NioEventLoop.processSelectedKey(NioEventLoop.java:632)
	at org.apache.ratis.thirdparty.io.netty.channel.nio.NioEventLoop.processSelectedKeysOptimized(NioEventLoop.java:579)
	at org.apache.ratis.thirdparty.io.netty.channel.nio.NioEventLoop.processSelectedKeys(NioEventLoop.java:496)
	at org.apache.ratis.thirdparty.io.netty.channel.nio.NioEventLoop.run(NioEventLoop.java:458)
	at org.apache.ratis.thirdparty.io.netty.util.concurrent.SingleThreadEventExecutor$5.run(SingleThreadEventExecutor.java:897)
	at org.apache.ratis.thirdparty.io.netty.util.concurrent.FastThreadLocalRunnable.run(FastThreadLocalRunnable.java:30)
	... 1 more
Caused by: java.net.ConnectException: Connection refused
	... 11 more
2019-09-27 09:18:56,438 [dcfd2284-ad1e-4267-a15d-7e148c2289cb@group-E3215D54F09B:LeaderElection60] INFO  impl.LeaderElection (LogUtils.java:infoOrTrace(149)) - dcfd2284-ad1e-4267-a15d-7e148c2289cb@group-E3215D54F09B:LeaderElection60 got exception when requesting votes: {}
java.util.concurrent.ExecutionException: org.apache.ratis.thirdparty.io.grpc.StatusRuntimeException: UNAVAILABLE: io exception
	at java.util.concurrent.FutureTask.report(FutureTask.java:122)
	at java.util.concurrent.FutureTask.get(FutureTask.java:192)
	at org.apache.ratis.server.impl.LeaderElection.waitForResults(LeaderElection.java:263)
	at org.apache.ratis.server.impl.LeaderElection.askForVotes(LeaderElection.java:201)
	at org.apache.ratis.server.impl.LeaderElection.run(LeaderElection.java:133)
	at java.lang.Thread.run(Thread.java:748)
Caused by: org.apache.ratis.thirdparty.io.grpc.StatusRuntimeException: UNAVAILABLE: io exception
	at org.apache.ratis.thirdparty.io.grpc.stub.ClientCalls.toStatusRuntimeException(ClientCalls.java:233)
	at org.apache.ratis.thirdparty.io.grpc.stub.ClientCalls.getUnchecked(ClientCalls.java:214)
	at org.apache.ratis.thirdparty.io.grpc.stub.ClientCalls.blockingUnaryCall(ClientCalls.java:139)
	at org.apache.ratis.proto.grpc.RaftServerProtocolServiceGrpc$RaftServerProtocolServiceBlockingStub.requestVote(RaftServerProtocolServiceGrpc.java:265)
	at org.apache.ratis.grpc.server.GrpcServerProtocolClient.requestVote(GrpcServerProtocolClient.java:90)
	at org.apache.ratis.grpc.server.GrpcService.requestVote(GrpcService.java:204)
	at org.apache.ratis.server.impl.LeaderElection.lambda$submitRequests$1(LeaderElection.java:238)
	at java.util.concurrent.FutureTask.run(FutureTask.java:266)
	at java.util.concurrent.Executors$RunnableAdapter.call(Executors.java:511)
	at java.util.concurrent.FutureTask.run(FutureTask.java:266)
	at java.util.concurrent.ThreadPoolExecutor.runWorker(ThreadPoolExecutor.java:1149)
	at java.util.concurrent.ThreadPoolExecutor$Worker.run(ThreadPoolExecutor.java:624)
	... 1 more
Caused by: org.apache.ratis.thirdparty.io.netty.channel.AbstractChannel$AnnotatedConnectException: Connection refused: /192.168.151.103:33365
	at sun.nio.ch.SocketChannelImpl.checkConnect(Native Method)
	at sun.nio.ch.SocketChannelImpl.finishConnect(SocketChannelImpl.java:717)
	at org.apache.ratis.thirdparty.io.netty.channel.socket.nio.NioSocketChannel.doFinishConnect(NioSocketChannel.java:327)
	at org.apache.ratis.thirdparty.io.netty.channel.nio.AbstractNioChannel$AbstractNioUnsafe.finishConnect(AbstractNioChannel.java:340)
	at org.apache.ratis.thirdparty.io.netty.channel.nio.NioEventLoop.processSelectedKey(NioEventLoop.java:632)
	at org.apache.ratis.thirdparty.io.netty.channel.nio.NioEventLoop.processSelectedKeysOptimized(NioEventLoop.java:579)
	at org.apache.ratis.thirdparty.io.netty.channel.nio.NioEventLoop.processSelectedKeys(NioEventLoop.java:496)
	at org.apache.ratis.thirdparty.io.netty.channel.nio.NioEventLoop.run(NioEventLoop.java:458)
	at org.apache.ratis.thirdparty.io.netty.util.concurrent.SingleThreadEventExecutor$5.run(SingleThreadEventExecutor.java:897)
	at org.apache.ratis.thirdparty.io.netty.util.concurrent.FastThreadLocalRunnable.run(FastThreadLocalRunnable.java:30)
	... 1 more
Caused by: java.net.ConnectException: Connection refused
	... 11 more
2019-09-27 09:18:56,447 [dcfd2284-ad1e-4267-a15d-7e148c2289cb@group-E3215D54F09B:LeaderElection60] INFO  impl.LeaderElection (LeaderElection.java:logAndReturn(56)) - dcfd2284-ad1e-4267-a15d-7e148c2289cb@group-E3215D54F09B:LeaderElection60: Election REJECTED; received 0 response(s) [] and 2 exception(s); dcfd2284-ad1e-4267-a15d-7e148c2289cb@group-E3215D54F09B:t5, leader=null, voted=dcfd2284-ad1e-4267-a15d-7e148c2289cb, raftlog=dcfd2284-ad1e-4267-a15d-7e148c2289cb@group-E3215D54F09B-SegmentedRaftLog:OPENED:c2,f2,i2, conf=1: [dcfd2284-ad1e-4267-a15d-7e148c2289cb:192.168.151.103:35614, d1b97505-207e-4333-b006-552a83aa594e:192.168.151.103:33569, 88f71ae2-1168-411a-bccc-2088b7ef8e3f:192.168.151.103:33365], old=null
2019-09-27 09:18:56,447 [dcfd2284-ad1e-4267-a15d-7e148c2289cb@group-E3215D54F09B:LeaderElection60] INFO  impl.LeaderElection (LogUtils.java:infoOrTrace(149)) -   Exception 0: {}
java.util.concurrent.ExecutionException: org.apache.ratis.thirdparty.io.grpc.StatusRuntimeException: UNAVAILABLE: io exception
	at java.util.concurrent.FutureTask.report(FutureTask.java:122)
	at java.util.concurrent.FutureTask.get(FutureTask.java:192)
	at org.apache.ratis.server.impl.LeaderElection.waitForResults(LeaderElection.java:263)
	at org.apache.ratis.server.impl.LeaderElection.askForVotes(LeaderElection.java:201)
	at org.apache.ratis.server.impl.LeaderElection.run(LeaderElection.java:133)
	at java.lang.Thread.run(Thread.java:748)
Caused by: org.apache.ratis.thirdparty.io.grpc.StatusRuntimeException: UNAVAILABLE: io exception
	at org.apache.ratis.thirdparty.io.grpc.stub.ClientCalls.toStatusRuntimeException(ClientCalls.java:233)
	at org.apache.ratis.thirdparty.io.grpc.stub.ClientCalls.getUnchecked(ClientCalls.java:214)
	at org.apache.ratis.thirdparty.io.grpc.stub.ClientCalls.blockingUnaryCall(ClientCalls.java:139)
	at org.apache.ratis.proto.grpc.RaftServerProtocolServiceGrpc$RaftServerProtocolServiceBlockingStub.requestVote(RaftServerProtocolServiceGrpc.java:265)
	at org.apache.ratis.grpc.server.GrpcServerProtocolClient.requestVote(GrpcServerProtocolClient.java:90)
	at org.apache.ratis.grpc.server.GrpcService.requestVote(GrpcService.java:204)
	at org.apache.ratis.server.impl.LeaderElection.lambda$submitRequests$1(LeaderElection.java:238)
	at java.util.concurrent.FutureTask.run(FutureTask.java:266)
	at java.util.concurrent.Executors$RunnableAdapter.call(Executors.java:511)
	at java.util.concurrent.FutureTask.run(FutureTask.java:266)
	at java.util.concurrent.ThreadPoolExecutor.runWorker(ThreadPoolExecutor.java:1149)
	at java.util.concurrent.ThreadPoolExecutor$Worker.run(ThreadPoolExecutor.java:624)
	... 1 more
Caused by: org.apache.ratis.thirdparty.io.netty.channel.AbstractChannel$AnnotatedConnectException: Connection refused: /192.168.151.103:33569
	at sun.nio.ch.SocketChannelImpl.checkConnect(Native Method)
	at sun.nio.ch.SocketChannelImpl.finishConnect(SocketChannelImpl.java:717)
	at org.apache.ratis.thirdparty.io.netty.channel.socket.nio.NioSocketChannel.doFinishConnect(NioSocketChannel.java:327)
	at org.apache.ratis.thirdparty.io.netty.channel.nio.AbstractNioChannel$AbstractNioUnsafe.finishConnect(AbstractNioChannel.java:340)
	at org.apache.ratis.thirdparty.io.netty.channel.nio.NioEventLoop.processSelectedKey(NioEventLoop.java:632)
	at org.apache.ratis.thirdparty.io.netty.channel.nio.NioEventLoop.processSelectedKeysOptimized(NioEventLoop.java:579)
	at org.apache.ratis.thirdparty.io.netty.channel.nio.NioEventLoop.processSelectedKeys(NioEventLoop.java:496)
	at org.apache.ratis.thirdparty.io.netty.channel.nio.NioEventLoop.run(NioEventLoop.java:458)
	at org.apache.ratis.thirdparty.io.netty.util.concurrent.SingleThreadEventExecutor$5.run(SingleThreadEventExecutor.java:897)
	at org.apache.ratis.thirdparty.io.netty.util.concurrent.FastThreadLocalRunnable.run(FastThreadLocalRunnable.java:30)
	... 1 more
Caused by: java.net.ConnectException: Connection refused
	... 11 more
2019-09-27 09:18:56,447 [dcfd2284-ad1e-4267-a15d-7e148c2289cb@group-E3215D54F09B:LeaderElection60] INFO  impl.LeaderElection (LogUtils.java:infoOrTrace(149)) -   Exception 1: {}
java.util.concurrent.ExecutionException: org.apache.ratis.thirdparty.io.grpc.StatusRuntimeException: UNAVAILABLE: io exception
	at java.util.concurrent.FutureTask.report(FutureTask.java:122)
	at java.util.concurrent.FutureTask.get(FutureTask.java:192)
	at org.apache.ratis.server.impl.LeaderElection.waitForResults(LeaderElection.java:263)
	at org.apache.ratis.server.impl.LeaderElection.askForVotes(LeaderElection.java:201)
	at org.apache.ratis.server.impl.LeaderElection.run(LeaderElection.java:133)
	at java.lang.Thread.run(Thread.java:748)
Caused by: org.apache.ratis.thirdparty.io.grpc.StatusRuntimeException: UNAVAILABLE: io exception
	at org.apache.ratis.thirdparty.io.grpc.stub.ClientCalls.toStatusRuntimeException(ClientCalls.java:233)
	at org.apache.ratis.thirdparty.io.grpc.stub.ClientCalls.getUnchecked(ClientCalls.java:214)
	at org.apache.ratis.thirdparty.io.grpc.stub.ClientCalls.blockingUnaryCall(ClientCalls.java:139)
	at org.apache.ratis.proto.grpc.RaftServerProtocolServiceGrpc$RaftServerProtocolServiceBlockingStub.requestVote(RaftServerProtocolServiceGrpc.java:265)
	at org.apache.ratis.grpc.server.GrpcServerProtocolClient.requestVote(GrpcServerProtocolClient.java:90)
	at org.apache.ratis.grpc.server.GrpcService.requestVote(GrpcService.java:204)
	at org.apache.ratis.server.impl.LeaderElection.lambda$submitRequests$1(LeaderElection.java:238)
	at java.util.concurrent.FutureTask.run(FutureTask.java:266)
	at java.util.concurrent.Executors$RunnableAdapter.call(Executors.java:511)
	at java.util.concurrent.FutureTask.run(FutureTask.java:266)
	at java.util.concurrent.ThreadPoolExecutor.runWorker(ThreadPoolExecutor.java:1149)
	at java.util.concurrent.ThreadPoolExecutor$Worker.run(ThreadPoolExecutor.java:624)
	... 1 more
Caused by: org.apache.ratis.thirdparty.io.netty.channel.AbstractChannel$AnnotatedConnectException: Connection refused: /192.168.151.103:33365
	at sun.nio.ch.SocketChannelImpl.checkConnect(Native Method)
	at sun.nio.ch.SocketChannelImpl.finishConnect(SocketChannelImpl.java:717)
	at org.apache.ratis.thirdparty.io.netty.channel.socket.nio.NioSocketChannel.doFinishConnect(NioSocketChannel.java:327)
	at org.apache.ratis.thirdparty.io.netty.channel.nio.AbstractNioChannel$AbstractNioUnsafe.finishConnect(AbstractNioChannel.java:340)
	at org.apache.ratis.thirdparty.io.netty.channel.nio.NioEventLoop.processSelectedKey(NioEventLoop.java:632)
	at org.apache.ratis.thirdparty.io.netty.channel.nio.NioEventLoop.processSelectedKeysOptimized(NioEventLoop.java:579)
	at org.apache.ratis.thirdparty.io.netty.channel.nio.NioEventLoop.processSelectedKeys(NioEventLoop.java:496)
	at org.apache.ratis.thirdparty.io.netty.channel.nio.NioEventLoop.run(NioEventLoop.java:458)
	at org.apache.ratis.thirdparty.io.netty.util.concurrent.SingleThreadEventExecutor$5.run(SingleThreadEventExecutor.java:897)
	at org.apache.ratis.thirdparty.io.netty.util.concurrent.FastThreadLocalRunnable.run(FastThreadLocalRunnable.java:30)
	... 1 more
Caused by: java.net.ConnectException: Connection refused
	... 11 more
2019-09-27 09:18:56,448 [dcfd2284-ad1e-4267-a15d-7e148c2289cb@group-E3215D54F09B:LeaderElection60] INFO  impl.RaftServerImpl (RaftServerImpl.java:setRole(174)) - dcfd2284-ad1e-4267-a15d-7e148c2289cb@group-E3215D54F09B: changes role from CANDIDATE to FOLLOWER at term 5 for DISCOVERED_A_NEW_TERM
2019-09-27 09:18:56,448 [dcfd2284-ad1e-4267-a15d-7e148c2289cb@group-E3215D54F09B:LeaderElection60] INFO  impl.RoleInfo (RoleInfo.java:shutdownLeaderElection(134)) - dcfd2284-ad1e-4267-a15d-7e148c2289cb: shutdown LeaderElection
2019-09-27 09:18:56,448 [dcfd2284-ad1e-4267-a15d-7e148c2289cb@group-E3215D54F09B:LeaderElection60] INFO  impl.RoleInfo (RoleInfo.java:updateAndGet(143)) - dcfd2284-ad1e-4267-a15d-7e148c2289cb: start FollowerState
2019-09-27 09:18:56,529 [grpc-default-executor-1] WARN  server.GrpcLogAppender (LogUtils.java:warn(134)) - debaddba-7ce7-4ada-b450-9c5d896bdac5@group-0080225EE277->ac644bf3-7673-4e49-8339-55bbab6b6107-AppendLogResponseHandler: Failed appendEntries: org.apache.ratis.thirdparty.io.grpc.StatusRuntimeException: UNAVAILABLE: io exception
2019-09-27 09:18:56,532 [grpc-default-executor-1] INFO  impl.FollowerInfo (FollowerInfo.java:lambda$new$0(51)) - debaddba-7ce7-4ada-b450-9c5d896bdac5@group-0080225EE277->ac644bf3-7673-4e49-8339-55bbab6b6107: nextIndex: updateUnconditionally 0 -> 0
2019-09-27 09:18:57,030 [grpc-default-executor-4] WARN  server.GrpcLogAppender (LogUtils.java:warn(134)) - debaddba-7ce7-4ada-b450-9c5d896bdac5@group-0080225EE277->ac644bf3-7673-4e49-8339-55bbab6b6107-AppendLogResponseHandler: Failed appendEntries: org.apache.ratis.thirdparty.io.grpc.StatusRuntimeException: UNAVAILABLE: io exception
2019-09-27 09:18:57,031 [grpc-default-executor-4] INFO  impl.FollowerInfo (FollowerInfo.java:lambda$new$0(51)) - debaddba-7ce7-4ada-b450-9c5d896bdac5@group-0080225EE277->ac644bf3-7673-4e49-8339-55bbab6b6107: nextIndex: updateUnconditionally 0 -> 0
2019-09-27 09:18:57,339 [Thread-3873] INFO  impl.FollowerState (FollowerState.java:run(106)) - 825f4d3a-e44b-481a-a24b-9ae922a259ab:group-62F34B2FE18F changes to CANDIDATE, lastRpcTime:1171, electionTimeout:1171ms
2019-09-27 09:18:57,339 [Thread-3873] INFO  impl.RoleInfo (RoleInfo.java:shutdownFollowerState(121)) - 825f4d3a-e44b-481a-a24b-9ae922a259ab: shutdown FollowerState
2019-09-27 09:18:57,339 [Thread-3873] INFO  impl.RaftServerImpl (RaftServerImpl.java:setRole(174)) - 825f4d3a-e44b-481a-a24b-9ae922a259ab@group-62F34B2FE18F: changes role from  FOLLOWER to CANDIDATE at term 8 for changeToCandidate
2019-09-27 09:18:57,340 [Thread-3873] INFO  impl.RoleInfo (RoleInfo.java:updateAndGet(143)) - 825f4d3a-e44b-481a-a24b-9ae922a259ab: start LeaderElection
2019-09-27 09:18:57,357 [825f4d3a-e44b-481a-a24b-9ae922a259ab@group-62F34B2FE18F:LeaderElection61] INFO  impl.LeaderElection (LeaderElection.java:askForVotes(182)) - 825f4d3a-e44b-481a-a24b-9ae922a259ab@group-62F34B2FE18F:LeaderElection61: begin an election at term 9 for 0: [e6dfef88-aea8-482b-83fb-8e87a0e55ccd:192.168.151.103:39305, e557a3b1-6e95-4f35-a3e1-c0da55ea7bc1:192.168.151.103:39568, 825f4d3a-e44b-481a-a24b-9ae922a259ab:192.168.151.103:34079], old=null
2019-09-27 09:18:57,358 [825f4d3a-e44b-481a-a24b-9ae922a259ab@group-62F34B2FE18F:LeaderElection61] INFO  impl.LeaderElection (LogUtils.java:infoOrTrace(149)) - 825f4d3a-e44b-481a-a24b-9ae922a259ab@group-62F34B2FE18F:LeaderElection61 got exception when requesting votes: {}
java.util.concurrent.ExecutionException: org.apache.ratis.thirdparty.io.grpc.StatusRuntimeException: UNAVAILABLE: io exception
	at java.util.concurrent.FutureTask.report(FutureTask.java:122)
	at java.util.concurrent.FutureTask.get(FutureTask.java:192)
	at org.apache.ratis.server.impl.LeaderElection.waitForResults(LeaderElection.java:263)
	at org.apache.ratis.server.impl.LeaderElection.askForVotes(LeaderElection.java:201)
	at org.apache.ratis.server.impl.LeaderElection.run(LeaderElection.java:133)
	at java.lang.Thread.run(Thread.java:748)
Caused by: org.apache.ratis.thirdparty.io.grpc.StatusRuntimeException: UNAVAILABLE: io exception
	at org.apache.ratis.thirdparty.io.grpc.stub.ClientCalls.toStatusRuntimeException(ClientCalls.java:233)
	at org.apache.ratis.thirdparty.io.grpc.stub.ClientCalls.getUnchecked(ClientCalls.java:214)
	at org.apache.ratis.thirdparty.io.grpc.stub.ClientCalls.blockingUnaryCall(ClientCalls.java:139)
	at org.apache.ratis.proto.grpc.RaftServerProtocolServiceGrpc$RaftServerProtocolServiceBlockingStub.requestVote(RaftServerProtocolServiceGrpc.java:265)
	at org.apache.ratis.grpc.server.GrpcServerProtocolClient.requestVote(GrpcServerProtocolClient.java:90)
	at org.apache.ratis.grpc.server.GrpcService.requestVote(GrpcService.java:204)
	at org.apache.ratis.server.impl.LeaderElection.lambda$submitRequests$1(LeaderElection.java:238)
	at java.util.concurrent.FutureTask.run(FutureTask.java:266)
	at java.util.concurrent.Executors$RunnableAdapter.call(Executors.java:511)
	at java.util.concurrent.FutureTask.run(FutureTask.java:266)
	at java.util.concurrent.ThreadPoolExecutor.runWorker(ThreadPoolExecutor.java:1149)
	at java.util.concurrent.ThreadPoolExecutor$Worker.run(ThreadPoolExecutor.java:624)
	... 1 more
Caused by: org.apache.ratis.thirdparty.io.netty.channel.AbstractChannel$AnnotatedConnectException: Connection refused: /192.168.151.103:39305
	at sun.nio.ch.SocketChannelImpl.checkConnect(Native Method)
	at sun.nio.ch.SocketChannelImpl.finishConnect(SocketChannelImpl.java:717)
	at org.apache.ratis.thirdparty.io.netty.channel.socket.nio.NioSocketChannel.doFinishConnect(NioSocketChannel.java:327)
	at org.apache.ratis.thirdparty.io.netty.channel.nio.AbstractNioChannel$AbstractNioUnsafe.finishConnect(AbstractNioChannel.java:340)
	at org.apache.ratis.thirdparty.io.netty.channel.nio.NioEventLoop.processSelectedKey(NioEventLoop.java:632)
	at org.apache.ratis.thirdparty.io.netty.channel.nio.NioEventLoop.processSelectedKeysOptimized(NioEventLoop.java:579)
	at org.apache.ratis.thirdparty.io.netty.channel.nio.NioEventLoop.processSelectedKeys(NioEventLoop.java:496)
	at org.apache.ratis.thirdparty.io.netty.channel.nio.NioEventLoop.run(NioEventLoop.java:458)
	at org.apache.ratis.thirdparty.io.netty.util.concurrent.SingleThreadEventExecutor$5.run(SingleThreadEventExecutor.java:897)
	at org.apache.ratis.thirdparty.io.netty.util.concurrent.FastThreadLocalRunnable.run(FastThreadLocalRunnable.java:30)
	... 1 more
Caused by: java.net.ConnectException: Connection refused
	... 11 more
2019-09-27 09:18:57,361 [825f4d3a-e44b-481a-a24b-9ae922a259ab@group-62F34B2FE18F:LeaderElection61] INFO  impl.LeaderElection (LogUtils.java:infoOrTrace(149)) - 825f4d3a-e44b-481a-a24b-9ae922a259ab@group-62F34B2FE18F:LeaderElection61 got exception when requesting votes: {}
java.util.concurrent.ExecutionException: org.apache.ratis.thirdparty.io.grpc.StatusRuntimeException: UNAVAILABLE: io exception
	at java.util.concurrent.FutureTask.report(FutureTask.java:122)
	at java.util.concurrent.FutureTask.get(FutureTask.java:192)
	at org.apache.ratis.server.impl.LeaderElection.waitForResults(LeaderElection.java:263)
	at org.apache.ratis.server.impl.LeaderElection.askForVotes(LeaderElection.java:201)
	at org.apache.ratis.server.impl.LeaderElection.run(LeaderElection.java:133)
	at java.lang.Thread.run(Thread.java:748)
Caused by: org.apache.ratis.thirdparty.io.grpc.StatusRuntimeException: UNAVAILABLE: io exception
	at org.apache.ratis.thirdparty.io.grpc.stub.ClientCalls.toStatusRuntimeException(ClientCalls.java:233)
	at org.apache.ratis.thirdparty.io.grpc.stub.ClientCalls.getUnchecked(ClientCalls.java:214)
	at org.apache.ratis.thirdparty.io.grpc.stub.ClientCalls.blockingUnaryCall(ClientCalls.java:139)
	at org.apache.ratis.proto.grpc.RaftServerProtocolServiceGrpc$RaftServerProtocolServiceBlockingStub.requestVote(RaftServerProtocolServiceGrpc.java:265)
	at org.apache.ratis.grpc.server.GrpcServerProtocolClient.requestVote(GrpcServerProtocolClient.java:90)
	at org.apache.ratis.grpc.server.GrpcService.requestVote(GrpcService.java:204)
	at org.apache.ratis.server.impl.LeaderElection.lambda$submitRequests$1(LeaderElection.java:238)
	at java.util.concurrent.FutureTask.run(FutureTask.java:266)
	at java.util.concurrent.Executors$RunnableAdapter.call(Executors.java:511)
	at java.util.concurrent.FutureTask.run(FutureTask.java:266)
	at java.util.concurrent.ThreadPoolExecutor.runWorker(ThreadPoolExecutor.java:1149)
	at java.util.concurrent.ThreadPoolExecutor$Worker.run(ThreadPoolExecutor.java:624)
	... 1 more
Caused by: org.apache.ratis.thirdparty.io.netty.channel.AbstractChannel$AnnotatedConnectException: Connection refused: /192.168.151.103:39568
	at sun.nio.ch.SocketChannelImpl.checkConnect(Native Method)
	at sun.nio.ch.SocketChannelImpl.finishConnect(SocketChannelImpl.java:717)
	at org.apache.ratis.thirdparty.io.netty.channel.socket.nio.NioSocketChannel.doFinishConnect(NioSocketChannel.java:327)
	at org.apache.ratis.thirdparty.io.netty.channel.nio.AbstractNioChannel$AbstractNioUnsafe.finishConnect(AbstractNioChannel.java:340)
	at org.apache.ratis.thirdparty.io.netty.channel.nio.NioEventLoop.processSelectedKey(NioEventLoop.java:632)
	at org.apache.ratis.thirdparty.io.netty.channel.nio.NioEventLoop.processSelectedKeysOptimized(NioEventLoop.java:579)
	at org.apache.ratis.thirdparty.io.netty.channel.nio.NioEventLoop.processSelectedKeys(NioEventLoop.java:496)
	at org.apache.ratis.thirdparty.io.netty.channel.nio.NioEventLoop.run(NioEventLoop.java:458)
	at org.apache.ratis.thirdparty.io.netty.util.concurrent.SingleThreadEventExecutor$5.run(SingleThreadEventExecutor.java:897)
	at org.apache.ratis.thirdparty.io.netty.util.concurrent.FastThreadLocalRunnable.run(FastThreadLocalRunnable.java:30)
	... 1 more
Caused by: java.net.ConnectException: Connection refused
	... 11 more
2019-09-27 09:18:57,363 [825f4d3a-e44b-481a-a24b-9ae922a259ab@group-62F34B2FE18F:LeaderElection61] INFO  impl.LeaderElection (LeaderElection.java:logAndReturn(56)) - 825f4d3a-e44b-481a-a24b-9ae922a259ab@group-62F34B2FE18F:LeaderElection61: Election REJECTED; received 0 response(s) [] and 2 exception(s); 825f4d3a-e44b-481a-a24b-9ae922a259ab@group-62F34B2FE18F:t9, leader=null, voted=825f4d3a-e44b-481a-a24b-9ae922a259ab, raftlog=825f4d3a-e44b-481a-a24b-9ae922a259ab@group-62F34B2FE18F-SegmentedRaftLog:OPENED:c0,f0,i0, conf=0: [e6dfef88-aea8-482b-83fb-8e87a0e55ccd:192.168.151.103:39305, e557a3b1-6e95-4f35-a3e1-c0da55ea7bc1:192.168.151.103:39568, 825f4d3a-e44b-481a-a24b-9ae922a259ab:192.168.151.103:34079], old=null
2019-09-27 09:18:57,363 [825f4d3a-e44b-481a-a24b-9ae922a259ab@group-62F34B2FE18F:LeaderElection61] INFO  impl.LeaderElection (LogUtils.java:infoOrTrace(149)) -   Exception 0: {}
java.util.concurrent.ExecutionException: org.apache.ratis.thirdparty.io.grpc.StatusRuntimeException: UNAVAILABLE: io exception
	at java.util.concurrent.FutureTask.report(FutureTask.java:122)
	at java.util.concurrent.FutureTask.get(FutureTask.java:192)
	at org.apache.ratis.server.impl.LeaderElection.waitForResults(LeaderElection.java:263)
	at org.apache.ratis.server.impl.LeaderElection.askForVotes(LeaderElection.java:201)
	at org.apache.ratis.server.impl.LeaderElection.run(LeaderElection.java:133)
	at java.lang.Thread.run(Thread.java:748)
Caused by: org.apache.ratis.thirdparty.io.grpc.StatusRuntimeException: UNAVAILABLE: io exception
	at org.apache.ratis.thirdparty.io.grpc.stub.ClientCalls.toStatusRuntimeException(ClientCalls.java:233)
	at org.apache.ratis.thirdparty.io.grpc.stub.ClientCalls.getUnchecked(ClientCalls.java:214)
	at org.apache.ratis.thirdparty.io.grpc.stub.ClientCalls.blockingUnaryCall(ClientCalls.java:139)
	at org.apache.ratis.proto.grpc.RaftServerProtocolServiceGrpc$RaftServerProtocolServiceBlockingStub.requestVote(RaftServerProtocolServiceGrpc.java:265)
	at org.apache.ratis.grpc.server.GrpcServerProtocolClient.requestVote(GrpcServerProtocolClient.java:90)
	at org.apache.ratis.grpc.server.GrpcService.requestVote(GrpcService.java:204)
	at org.apache.ratis.server.impl.LeaderElection.lambda$submitRequests$1(LeaderElection.java:238)
	at java.util.concurrent.FutureTask.run(FutureTask.java:266)
	at java.util.concurrent.Executors$RunnableAdapter.call(Executors.java:511)
	at java.util.concurrent.FutureTask.run(FutureTask.java:266)
	at java.util.concurrent.ThreadPoolExecutor.runWorker(ThreadPoolExecutor.java:1149)
	at java.util.concurrent.ThreadPoolExecutor$Worker.run(ThreadPoolExecutor.java:624)
	... 1 more
Caused by: org.apache.ratis.thirdparty.io.netty.channel.AbstractChannel$AnnotatedConnectException: Connection refused: /192.168.151.103:39305
	at sun.nio.ch.SocketChannelImpl.checkConnect(Native Method)
	at sun.nio.ch.SocketChannelImpl.finishConnect(SocketChannelImpl.java:717)
	at org.apache.ratis.thirdparty.io.netty.channel.socket.nio.NioSocketChannel.doFinishConnect(NioSocketChannel.java:327)
	at org.apache.ratis.thirdparty.io.netty.channel.nio.AbstractNioChannel$AbstractNioUnsafe.finishConnect(AbstractNioChannel.java:340)
	at org.apache.ratis.thirdparty.io.netty.channel.nio.NioEventLoop.processSelectedKey(NioEventLoop.java:632)
	at org.apache.ratis.thirdparty.io.netty.channel.nio.NioEventLoop.processSelectedKeysOptimized(NioEventLoop.java:579)
	at org.apache.ratis.thirdparty.io.netty.channel.nio.NioEventLoop.processSelectedKeys(NioEventLoop.java:496)
	at org.apache.ratis.thirdparty.io.netty.channel.nio.NioEventLoop.run(NioEventLoop.java:458)
	at org.apache.ratis.thirdparty.io.netty.util.concurrent.SingleThreadEventExecutor$5.run(SingleThreadEventExecutor.java:897)
	at org.apache.ratis.thirdparty.io.netty.util.concurrent.FastThreadLocalRunnable.run(FastThreadLocalRunnable.java:30)
	... 1 more
Caused by: java.net.ConnectException: Connection refused
	... 11 more
2019-09-27 09:18:57,363 [825f4d3a-e44b-481a-a24b-9ae922a259ab@group-62F34B2FE18F:LeaderElection61] INFO  impl.LeaderElection (LogUtils.java:infoOrTrace(149)) -   Exception 1: {}
java.util.concurrent.ExecutionException: org.apache.ratis.thirdparty.io.grpc.StatusRuntimeException: UNAVAILABLE: io exception
	at java.util.concurrent.FutureTask.report(FutureTask.java:122)
	at java.util.concurrent.FutureTask.get(FutureTask.java:192)
	at org.apache.ratis.server.impl.LeaderElection.waitForResults(LeaderElection.java:263)
	at org.apache.ratis.server.impl.LeaderElection.askForVotes(LeaderElection.java:201)
	at org.apache.ratis.server.impl.LeaderElection.run(LeaderElection.java:133)
	at java.lang.Thread.run(Thread.java:748)
Caused by: org.apache.ratis.thirdparty.io.grpc.StatusRuntimeException: UNAVAILABLE: io exception
	at org.apache.ratis.thirdparty.io.grpc.stub.ClientCalls.toStatusRuntimeException(ClientCalls.java:233)
	at org.apache.ratis.thirdparty.io.grpc.stub.ClientCalls.getUnchecked(ClientCalls.java:214)
	at org.apache.ratis.thirdparty.io.grpc.stub.ClientCalls.blockingUnaryCall(ClientCalls.java:139)
	at org.apache.ratis.proto.grpc.RaftServerProtocolServiceGrpc$RaftServerProtocolServiceBlockingStub.requestVote(RaftServerProtocolServiceGrpc.java:265)
	at org.apache.ratis.grpc.server.GrpcServerProtocolClient.requestVote(GrpcServerProtocolClient.java:90)
	at org.apache.ratis.grpc.server.GrpcService.requestVote(GrpcService.java:204)
	at org.apache.ratis.server.impl.LeaderElection.lambda$submitRequests$1(LeaderElection.java:238)
	at java.util.concurrent.FutureTask.run(FutureTask.java:266)
	at java.util.concurrent.Executors$RunnableAdapter.call(Executors.java:511)
	at java.util.concurrent.FutureTask.run(FutureTask.java:266)
	at java.util.concurrent.ThreadPoolExecutor.runWorker(ThreadPoolExecutor.java:1149)
	at java.util.concurrent.ThreadPoolExecutor$Worker.run(ThreadPoolExecutor.java:624)
	... 1 more
Caused by: org.apache.ratis.thirdparty.io.netty.channel.AbstractChannel$AnnotatedConnectException: Connection refused: /192.168.151.103:39568
	at sun.nio.ch.SocketChannelImpl.checkConnect(Native Method)
	at sun.nio.ch.SocketChannelImpl.finishConnect(SocketChannelImpl.java:717)
	at org.apache.ratis.thirdparty.io.netty.channel.socket.nio.NioSocketChannel.doFinishConnect(NioSocketChannel.java:327)
	at org.apache.ratis.thirdparty.io.netty.channel.nio.AbstractNioChannel$AbstractNioUnsafe.finishConnect(AbstractNioChannel.java:340)
	at org.apache.ratis.thirdparty.io.netty.channel.nio.NioEventLoop.processSelectedKey(NioEventLoop.java:632)
	at org.apache.ratis.thirdparty.io.netty.channel.nio.NioEventLoop.processSelectedKeysOptimized(NioEventLoop.java:579)
	at org.apache.ratis.thirdparty.io.netty.channel.nio.NioEventLoop.processSelectedKeys(NioEventLoop.java:496)
	at org.apache.ratis.thirdparty.io.netty.channel.nio.NioEventLoop.run(NioEventLoop.java:458)
	at org.apache.ratis.thirdparty.io.netty.util.concurrent.SingleThreadEventExecutor$5.run(SingleThreadEventExecutor.java:897)
	at org.apache.ratis.thirdparty.io.netty.util.concurrent.FastThreadLocalRunnable.run(FastThreadLocalRunnable.java:30)
	... 1 more
Caused by: java.net.ConnectException: Connection refused
	... 11 more
2019-09-27 09:18:57,364 [825f4d3a-e44b-481a-a24b-9ae922a259ab@group-62F34B2FE18F:LeaderElection61] INFO  impl.RaftServerImpl (RaftServerImpl.java:setRole(174)) - 825f4d3a-e44b-481a-a24b-9ae922a259ab@group-62F34B2FE18F: changes role from CANDIDATE to FOLLOWER at term 9 for DISCOVERED_A_NEW_TERM
2019-09-27 09:18:57,364 [825f4d3a-e44b-481a-a24b-9ae922a259ab@group-62F34B2FE18F:LeaderElection61] INFO  impl.RoleInfo (RoleInfo.java:shutdownLeaderElection(134)) - 825f4d3a-e44b-481a-a24b-9ae922a259ab: shutdown LeaderElection
2019-09-27 09:18:57,364 [825f4d3a-e44b-481a-a24b-9ae922a259ab@group-62F34B2FE18F:LeaderElection61] INFO  impl.RoleInfo (RoleInfo.java:updateAndGet(143)) - 825f4d3a-e44b-481a-a24b-9ae922a259ab: start FollowerState
2019-09-27 09:18:57,402 [main] INFO  ozoneimpl.OzoneContainer (OzoneContainer.java:stop(231)) - Attempting to stop container services.
2019-09-27 09:18:57,402 [ForkJoinPool.commonPool-worker-0] INFO  ozoneimpl.OzoneContainer (OzoneContainer.java:stop(231)) - Attempting to stop container services.
2019-09-27 09:18:57,403 [main] INFO  impl.RaftServerProxy (RaftServerProxy.java:lambda$close$4(314)) - 4d5d320f-7099-447d-88bd-f0759179e632: close
2019-09-27 09:18:57,403 [ForkJoinPool.commonPool-worker-0] INFO  impl.RaftServerProxy (RaftServerProxy.java:lambda$close$4(314)) - 825f4d3a-e44b-481a-a24b-9ae922a259ab: close
2019-09-27 09:18:57,403 [main] INFO  impl.RaftServerImpl (RaftServerImpl.java:lambda$shutdown$3(251)) - 4d5d320f-7099-447d-88bd-f0759179e632@group-B25CB3829846: shutdown
2019-09-27 09:18:57,403 [ForkJoinPool.commonPool-worker-0] INFO  impl.RaftServerImpl (RaftServerImpl.java:lambda$shutdown$3(251)) - 825f4d3a-e44b-481a-a24b-9ae922a259ab@group-62F34B2FE18F: shutdown
2019-09-27 09:18:57,404 [main] INFO  util.JmxRegister (JmxRegister.java:unregister(73)) - Successfully un-registered JMX Bean with object name Ratis:service=RaftServer,group=group-B25CB3829846,id=4d5d320f-7099-447d-88bd-f0759179e632
2019-09-27 09:18:57,404 [ForkJoinPool.commonPool-worker-0] INFO  util.JmxRegister (JmxRegister.java:unregister(73)) - Successfully un-registered JMX Bean with object name Ratis:service=RaftServer,group=group-62F34B2FE18F,id=825f4d3a-e44b-481a-a24b-9ae922a259ab
2019-09-27 09:18:57,404 [main] INFO  impl.RoleInfo (RoleInfo.java:shutdownLeaderState(104)) - 4d5d320f-7099-447d-88bd-f0759179e632: shutdown LeaderState
2019-09-27 09:18:57,404 [ForkJoinPool.commonPool-worker-0] INFO  impl.RoleInfo (RoleInfo.java:shutdownFollowerState(121)) - 825f4d3a-e44b-481a-a24b-9ae922a259ab: shutdown FollowerState
2019-09-27 09:18:57,405 [main] INFO  impl.PendingRequests (PendingRequests.java:sendNotLeaderResponses(202)) - 4d5d320f-7099-447d-88bd-f0759179e632-PendingRequests: sendNotLeaderResponses
2019-09-27 09:18:57,405 [Thread-3883] INFO  impl.FollowerState (FollowerState.java:run(115)) - 825f4d3a-e44b-481a-a24b-9ae922a259ab: FollowerState was interrupted: java.lang.InterruptedException: sleep interrupted
2019-09-27 09:18:57,405 [ForkJoinPool.commonPool-worker-0] INFO  impl.StateMachineUpdater (StateMachineUpdater.java:stopAndJoin(125)) - 825f4d3a-e44b-481a-a24b-9ae922a259ab@group-62F34B2FE18F-StateMachineUpdater: set stopIndex = 0
2019-09-27 09:18:57,406 [main] INFO  impl.StateMachineUpdater (StateMachineUpdater.java:stopAndJoin(125)) - 4d5d320f-7099-447d-88bd-f0759179e632@group-B25CB3829846-StateMachineUpdater: set stopIndex = 0
2019-09-27 09:18:57,409 [main] INFO  impl.RaftServerImpl (ServerState.java:close(385)) - 4d5d320f-7099-447d-88bd-f0759179e632@group-B25CB3829846: closes. applyIndex: 0
2019-09-27 09:18:57,408 [ForkJoinPool.commonPool-worker-0] INFO  impl.RaftServerImpl (ServerState.java:close(385)) - 825f4d3a-e44b-481a-a24b-9ae922a259ab@group-62F34B2FE18F: closes. applyIndex: 0
2019-09-27 09:18:57,410 [4d5d320f-7099-447d-88bd-f0759179e632@group-B25CB3829846-SegmentedRaftLogWorker] INFO  segmented.SegmentedRaftLogWorker (SegmentedRaftLogWorker.java:run(313)) - 4d5d320f-7099-447d-88bd-f0759179e632@group-B25CB3829846-SegmentedRaftLogWorker was interrupted, exiting. There are 0 tasks remaining in the queue.
2019-09-27 09:18:57,410 [825f4d3a-e44b-481a-a24b-9ae922a259ab@group-62F34B2FE18F-SegmentedRaftLogWorker] INFO  segmented.SegmentedRaftLogWorker (SegmentedRaftLogWorker.java:run(313)) - 825f4d3a-e44b-481a-a24b-9ae922a259ab@group-62F34B2FE18F-SegmentedRaftLogWorker was interrupted, exiting. There are 0 tasks remaining in the queue.
2019-09-27 09:18:57,410 [main] INFO  segmented.SegmentedRaftLogWorker (SegmentedRaftLogWorker.java:close(228)) - 4d5d320f-7099-447d-88bd-f0759179e632@group-B25CB3829846-SegmentedRaftLogWorker close()
2019-09-27 09:18:57,410 [ForkJoinPool.commonPool-worker-0] INFO  segmented.SegmentedRaftLogWorker (SegmentedRaftLogWorker.java:close(228)) - 825f4d3a-e44b-481a-a24b-9ae922a259ab@group-62F34B2FE18F-SegmentedRaftLogWorker close()
2019-09-27 09:18:57,411 [main] INFO  impl.RaftServerImpl (RaftServerImpl.java:lambda$shutdown$3(251)) - 4d5d320f-7099-447d-88bd-f0759179e632@group-0080225EE277: shutdown
2019-09-27 09:18:57,411 [ForkJoinPool.commonPool-worker-0] INFO  impl.RaftServerImpl (RaftServerImpl.java:lambda$shutdown$3(251)) - 825f4d3a-e44b-481a-a24b-9ae922a259ab@group-A9F3DC797322: shutdown
2019-09-27 09:18:57,411 [main] INFO  util.JmxRegister (JmxRegister.java:unregister(73)) - Successfully un-registered JMX Bean with object name Ratis:service=RaftServer,group=group-0080225EE277,id=4d5d320f-7099-447d-88bd-f0759179e632
2019-09-27 09:18:57,412 [main] INFO  impl.RoleInfo (RoleInfo.java:shutdownFollowerState(121)) - 4d5d320f-7099-447d-88bd-f0759179e632: shutdown FollowerState
2019-09-27 09:18:57,411 [ForkJoinPool.commonPool-worker-0] INFO  util.JmxRegister (JmxRegister.java:unregister(73)) - Successfully un-registered JMX Bean with object name Ratis:service=RaftServer,group=group-A9F3DC797322,id=825f4d3a-e44b-481a-a24b-9ae922a259ab
2019-09-27 09:18:57,412 [main] INFO  impl.StateMachineUpdater (StateMachineUpdater.java:stopAndJoin(125)) - 4d5d320f-7099-447d-88bd-f0759179e632@group-0080225EE277-StateMachineUpdater: set stopIndex = 4
2019-09-27 09:18:57,412 [Thread-3840] INFO  impl.FollowerState (FollowerState.java:run(115)) - 4d5d320f-7099-447d-88bd-f0759179e632: FollowerState was interrupted: java.lang.InterruptedException: sleep interrupted
2019-09-27 09:18:57,412 [ForkJoinPool.commonPool-worker-0] INFO  impl.RoleInfo (RoleInfo.java:shutdownLeaderState(104)) - 825f4d3a-e44b-481a-a24b-9ae922a259ab: shutdown LeaderState
2019-09-27 09:18:57,413 [main] INFO  impl.RaftServerImpl (ServerState.java:close(385)) - 4d5d320f-7099-447d-88bd-f0759179e632@group-0080225EE277: closes. applyIndex: 4
2019-09-27 09:18:57,414 [ForkJoinPool.commonPool-worker-0] INFO  impl.PendingRequests (PendingRequests.java:sendNotLeaderResponses(202)) - 825f4d3a-e44b-481a-a24b-9ae922a259ab-PendingRequests: sendNotLeaderResponses
2019-09-27 09:18:57,415 [4d5d320f-7099-447d-88bd-f0759179e632@group-0080225EE277-SegmentedRaftLogWorker] INFO  segmented.SegmentedRaftLogWorker (SegmentedRaftLogWorker.java:run(313)) - 4d5d320f-7099-447d-88bd-f0759179e632@group-0080225EE277-SegmentedRaftLogWorker was interrupted, exiting. There are 0 tasks remaining in the queue.
2019-09-27 09:18:57,415 [ForkJoinPool.commonPool-worker-0] INFO  impl.StateMachineUpdater (StateMachineUpdater.java:stopAndJoin(125)) - 825f4d3a-e44b-481a-a24b-9ae922a259ab@group-A9F3DC797322-StateMachineUpdater: set stopIndex = 0
2019-09-27 09:18:57,417 [ForkJoinPool.commonPool-worker-0] INFO  impl.RaftServerImpl (ServerState.java:close(385)) - 825f4d3a-e44b-481a-a24b-9ae922a259ab@group-A9F3DC797322: closes. applyIndex: 0
2019-09-27 09:18:57,417 [main] INFO  segmented.SegmentedRaftLogWorker (SegmentedRaftLogWorker.java:close(228)) - 4d5d320f-7099-447d-88bd-f0759179e632@group-0080225EE277-SegmentedRaftLogWorker close()
2019-09-27 09:18:57,417 [825f4d3a-e44b-481a-a24b-9ae922a259ab@group-A9F3DC797322-SegmentedRaftLogWorker] INFO  segmented.SegmentedRaftLogWorker (SegmentedRaftLogWorker.java:run(313)) - 825f4d3a-e44b-481a-a24b-9ae922a259ab@group-A9F3DC797322-SegmentedRaftLogWorker was interrupted, exiting. There are 0 tasks remaining in the queue.
2019-09-27 09:18:57,417 [main] INFO  server.GrpcService (GrpcService.java:closeImpl(164)) - 4d5d320f-7099-447d-88bd-f0759179e632: shutdown server with port 44930 now
2019-09-27 09:18:57,417 [ForkJoinPool.commonPool-worker-0] INFO  segmented.SegmentedRaftLogWorker (SegmentedRaftLogWorker.java:close(228)) - 825f4d3a-e44b-481a-a24b-9ae922a259ab@group-A9F3DC797322-SegmentedRaftLogWorker close()
2019-09-27 09:18:57,418 [ForkJoinPool.commonPool-worker-0] INFO  server.GrpcService (GrpcService.java:closeImpl(164)) - 825f4d3a-e44b-481a-a24b-9ae922a259ab: shutdown server with port 34079 now
2019-09-27 09:18:57,418 [ForkJoinPool.commonPool-worker-0] INFO  server.GrpcService (GrpcService.java:closeImpl(172)) - 825f4d3a-e44b-481a-a24b-9ae922a259ab: shutdown server with port 34079 successfully
2019-09-27 09:18:57,420 [grpc-default-executor-3] WARN  server.GrpcServerProtocolService (LogUtils.java:warn(134)) - 4d5d320f-7099-447d-88bd-f0759179e632: installSnapshot onError, lastRequest: debaddba-7ce7-4ada-b450-9c5d896bdac5->4d5d320f-7099-447d-88bd-f0759179e632#9-t5, previous=(t:5, i:4), leaderCommit=4, initializing? false, entries: <empty>: org.apache.ratis.thirdparty.io.grpc.StatusRuntimeException: CANCELLED: cancelled before receiving half close
2019-09-27 09:18:57,420 [main] INFO  server.GrpcService (GrpcService.java:closeImpl(172)) - 4d5d320f-7099-447d-88bd-f0759179e632: shutdown server with port 44930 successfully
2019-09-27 09:18:57,421 [grpc-default-executor-1] WARN  server.GrpcLogAppender (LogUtils.java:warn(134)) - debaddba-7ce7-4ada-b450-9c5d896bdac5@group-0080225EE277->4d5d320f-7099-447d-88bd-f0759179e632-AppendLogResponseHandler: Failed appendEntries: org.apache.ratis.thirdparty.io.grpc.StatusRuntimeException: CANCELLED: HTTP/2 error code: CANCEL
Received Rst Stream
2019-09-27 09:18:57,421 [refreshUsed-/workdir/hadoop-ozone/integration-test/target/test-dir/MiniOzoneClusterImpl-283270ba-aa50-4746-a1ea-b4b278bb6973/datanode-0/data/containers] WARN  fs.CachingGetSpaceUsed (CachingGetSpaceUsed.java:run(183)) - Thread Interrupted waiting to refresh disk information: sleep interrupted
2019-09-27 09:18:57,421 [grpc-default-executor-1] INFO  impl.FollowerInfo (FollowerInfo.java:lambda$new$0(51)) - debaddba-7ce7-4ada-b450-9c5d896bdac5@group-0080225EE277->4d5d320f-7099-447d-88bd-f0759179e632: nextIndex: updateUnconditionally 5 -> 4
2019-09-27 09:18:57,422 [refreshUsed-/workdir/hadoop-ozone/integration-test/target/test-dir/MiniOzoneClusterImpl-283270ba-aa50-4746-a1ea-b4b278bb6973/datanode-9/data/containers] WARN  fs.CachingGetSpaceUsed (CachingGetSpaceUsed.java:run(183)) - Thread Interrupted waiting to refresh disk information: sleep interrupted
2019-09-27 09:18:57,441 [main] INFO  utils.BackgroundService (BackgroundService.java:shutdown(148)) - Shutting down service BlockDeletingService
2019-09-27 09:18:57,441 [ForkJoinPool.commonPool-worker-0] INFO  utils.BackgroundService (BackgroundService.java:shutdown(148)) - Shutting down service BlockDeletingService
2019-09-27 09:18:57,450 [main] INFO  statemachine.DatanodeStateMachine (DatanodeStateMachine.java:stopDaemon(395)) - Ozone container server stopped.
2019-09-27 09:18:57,451 [ForkJoinPool.commonPool-worker-0] INFO  statemachine.DatanodeStateMachine (DatanodeStateMachine.java:stopDaemon(395)) - Ozone container server stopped.
2019-09-27 09:18:57,454 [main] INFO  handler.ContextHandler (ContextHandler.java:doStop(910)) - Stopped o.e.j.w.WebAppContext@a6c54c3{/,null,UNAVAILABLE}{/hddsDatanode}
2019-09-27 09:18:57,454 [ForkJoinPool.commonPool-worker-0] INFO  handler.ContextHandler (ContextHandler.java:doStop(910)) - Stopped o.e.j.w.WebAppContext@2dbfcf7{/,null,UNAVAILABLE}{/hddsDatanode}
2019-09-27 09:18:57,455 [main] INFO  server.AbstractConnector (AbstractConnector.java:doStop(318)) - Stopped ServerConnector@580fd26b{HTTP/1.1,[http/1.1]}{0.0.0.0:0}
2019-09-27 09:18:57,455 [ForkJoinPool.commonPool-worker-0] INFO  server.AbstractConnector (AbstractConnector.java:doStop(318)) - Stopped ServerConnector@239f017e{HTTP/1.1,[http/1.1]}{0.0.0.0:0}
2019-09-27 09:18:57,455 [main] INFO  handler.ContextHandler (ContextHandler.java:doStop(910)) - Stopped o.e.j.s.ServletContextHandler@67b355c8{/static,jar:file:/home/user/.m2/repository/org/apache/hadoop/hadoop-hdds-container-service/0.5.0-SNAPSHOT/hadoop-hdds-container-service-0.5.0-SNAPSHOT.jar!/webapps/static,UNAVAILABLE}
2019-09-27 09:18:57,455 [ForkJoinPool.commonPool-worker-0] INFO  handler.ContextHandler (ContextHandler.java:doStop(910)) - Stopped o.e.j.s.ServletContextHandler@575c3e9b{/static,jar:file:/home/user/.m2/repository/org/apache/hadoop/hadoop-hdds-container-service/0.5.0-SNAPSHOT/hadoop-hdds-container-service-0.5.0-SNAPSHOT.jar!/webapps/static,UNAVAILABLE}
2019-09-27 09:18:57,455 [main] INFO  handler.ContextHandler (ContextHandler.java:doStop(910)) - Stopped o.e.j.s.ServletContextHandler@79f90a3a{/logs,file:///workdir/hadoop-ozone/integration-test/target/log,UNAVAILABLE}
2019-09-27 09:18:57,456 [ForkJoinPool.commonPool-worker-0] INFO  handler.ContextHandler (ContextHandler.java:doStop(910)) - Stopped o.e.j.s.ServletContextHandler@5dbb50f3{/logs,file:///workdir/hadoop-ozone/integration-test/target/log,UNAVAILABLE}
2019-09-27 09:18:57,530 [grpc-default-executor-4] WARN  server.GrpcLogAppender (LogUtils.java:warn(134)) - debaddba-7ce7-4ada-b450-9c5d896bdac5@group-0080225EE277->ac644bf3-7673-4e49-8339-55bbab6b6107-AppendLogResponseHandler: Failed appendEntries: org.apache.ratis.thirdparty.io.grpc.StatusRuntimeException: UNAVAILABLE: io exception
2019-09-27 09:18:57,531 [grpc-default-executor-4] INFO  impl.FollowerInfo (FollowerInfo.java:lambda$new$0(51)) - debaddba-7ce7-4ada-b450-9c5d896bdac5@group-0080225EE277->ac644bf3-7673-4e49-8339-55bbab6b6107: nextIndex: updateUnconditionally 0 -> 0
2019-09-27 09:18:57,537 [grpc-default-executor-3] WARN  server.GrpcLogAppender (LogUtils.java:warn(134)) - debaddba-7ce7-4ada-b450-9c5d896bdac5@group-0080225EE277->4d5d320f-7099-447d-88bd-f0759179e632-AppendLogResponseHandler: Failed appendEntries: org.apache.ratis.thirdparty.io.grpc.StatusRuntimeException: UNAVAILABLE: io exception
2019-09-27 09:18:57,537 [grpc-default-executor-3] INFO  impl.FollowerInfo (FollowerInfo.java:lambda$new$0(51)) - debaddba-7ce7-4ada-b450-9c5d896bdac5@group-0080225EE277->4d5d320f-7099-447d-88bd-f0759179e632: nextIndex: updateUnconditionally 4 -> 3
2019-09-27 09:18:57,574 [Thread-3877] INFO  impl.FollowerState (FollowerState.java:run(106)) - dcfd2284-ad1e-4267-a15d-7e148c2289cb:group-E3215D54F09B changes to CANDIDATE, lastRpcTime:1126, electionTimeout:1126ms
2019-09-27 09:18:57,575 [Thread-3877] INFO  impl.RoleInfo (RoleInfo.java:shutdownFollowerState(121)) - dcfd2284-ad1e-4267-a15d-7e148c2289cb: shutdown FollowerState
2019-09-27 09:18:57,575 [Thread-3877] INFO  impl.RaftServerImpl (RaftServerImpl.java:setRole(174)) - dcfd2284-ad1e-4267-a15d-7e148c2289cb@group-E3215D54F09B: changes role from  FOLLOWER to CANDIDATE at term 5 for changeToCandidate
2019-09-27 09:18:57,575 [Thread-3877] INFO  impl.RoleInfo (RoleInfo.java:updateAndGet(143)) - dcfd2284-ad1e-4267-a15d-7e148c2289cb: start LeaderElection
2019-09-27 09:18:57,592 [dcfd2284-ad1e-4267-a15d-7e148c2289cb@group-E3215D54F09B:LeaderElection62] INFO  impl.LeaderElection (LeaderElection.java:askForVotes(182)) - dcfd2284-ad1e-4267-a15d-7e148c2289cb@group-E3215D54F09B:LeaderElection62: begin an election at term 6 for 1: [dcfd2284-ad1e-4267-a15d-7e148c2289cb:192.168.151.103:35614, d1b97505-207e-4333-b006-552a83aa594e:192.168.151.103:33569, 88f71ae2-1168-411a-bccc-2088b7ef8e3f:192.168.151.103:33365], old=null
2019-09-27 09:18:57,593 [dcfd2284-ad1e-4267-a15d-7e148c2289cb@group-E3215D54F09B:LeaderElection62] INFO  impl.LeaderElection (LogUtils.java:infoOrTrace(149)) - dcfd2284-ad1e-4267-a15d-7e148c2289cb@group-E3215D54F09B:LeaderElection62 got exception when requesting votes: {}
java.util.concurrent.ExecutionException: org.apache.ratis.thirdparty.io.grpc.StatusRuntimeException: UNAVAILABLE: io exception
	at java.util.concurrent.FutureTask.report(FutureTask.java:122)
	at java.util.concurrent.FutureTask.get(FutureTask.java:192)
	at org.apache.ratis.server.impl.LeaderElection.waitForResults(LeaderElection.java:263)
	at org.apache.ratis.server.impl.LeaderElection.askForVotes(LeaderElection.java:201)
	at org.apache.ratis.server.impl.LeaderElection.run(LeaderElection.java:133)
	at java.lang.Thread.run(Thread.java:748)
Caused by: org.apache.ratis.thirdparty.io.grpc.StatusRuntimeException: UNAVAILABLE: io exception
	at org.apache.ratis.thirdparty.io.grpc.stub.ClientCalls.toStatusRuntimeException(ClientCalls.java:233)
	at org.apache.ratis.thirdparty.io.grpc.stub.ClientCalls.getUnchecked(ClientCalls.java:214)
	at org.apache.ratis.thirdparty.io.grpc.stub.ClientCalls.blockingUnaryCall(ClientCalls.java:139)
	at org.apache.ratis.proto.grpc.RaftServerProtocolServiceGrpc$RaftServerProtocolServiceBlockingStub.requestVote(RaftServerProtocolServiceGrpc.java:265)
	at org.apache.ratis.grpc.server.GrpcServerProtocolClient.requestVote(GrpcServerProtocolClient.java:90)
	at org.apache.ratis.grpc.server.GrpcService.requestVote(GrpcService.java:204)
	at org.apache.ratis.server.impl.LeaderElection.lambda$submitRequests$1(LeaderElection.java:238)
	at java.util.concurrent.FutureTask.run(FutureTask.java:266)
	at java.util.concurrent.Executors$RunnableAdapter.call(Executors.java:511)
	at java.util.concurrent.FutureTask.run(FutureTask.java:266)
	at java.util.concurrent.ThreadPoolExecutor.runWorker(ThreadPoolExecutor.java:1149)
	at java.util.concurrent.ThreadPoolExecutor$Worker.run(ThreadPoolExecutor.java:624)
	... 1 more
Caused by: org.apache.ratis.thirdparty.io.netty.channel.AbstractChannel$AnnotatedConnectException: Connection refused: /192.168.151.103:33365
	at sun.nio.ch.SocketChannelImpl.checkConnect(Native Method)
	at sun.nio.ch.SocketChannelImpl.finishConnect(SocketChannelImpl.java:717)
	at org.apache.ratis.thirdparty.io.netty.channel.socket.nio.NioSocketChannel.doFinishConnect(NioSocketChannel.java:327)
	at org.apache.ratis.thirdparty.io.netty.channel.nio.AbstractNioChannel$AbstractNioUnsafe.finishConnect(AbstractNioChannel.java:340)
	at org.apache.ratis.thirdparty.io.netty.channel.nio.NioEventLoop.processSelectedKey(NioEventLoop.java:632)
	at org.apache.ratis.thirdparty.io.netty.channel.nio.NioEventLoop.processSelectedKeysOptimized(NioEventLoop.java:579)
	at org.apache.ratis.thirdparty.io.netty.channel.nio.NioEventLoop.processSelectedKeys(NioEventLoop.java:496)
	at org.apache.ratis.thirdparty.io.netty.channel.nio.NioEventLoop.run(NioEventLoop.java:458)
	at org.apache.ratis.thirdparty.io.netty.util.concurrent.SingleThreadEventExecutor$5.run(SingleThreadEventExecutor.java:897)
	at org.apache.ratis.thirdparty.io.netty.util.concurrent.FastThreadLocalRunnable.run(FastThreadLocalRunnable.java:30)
	... 1 more
Caused by: java.net.ConnectException: Connection refused
	... 11 more
2019-09-27 09:18:57,595 [dcfd2284-ad1e-4267-a15d-7e148c2289cb@group-E3215D54F09B:LeaderElection62] INFO  impl.LeaderElection (LogUtils.java:infoOrTrace(149)) - dcfd2284-ad1e-4267-a15d-7e148c2289cb@group-E3215D54F09B:LeaderElection62 got exception when requesting votes: {}
java.util.concurrent.ExecutionException: org.apache.ratis.thirdparty.io.grpc.StatusRuntimeException: UNAVAILABLE: io exception
	at java.util.concurrent.FutureTask.report(FutureTask.java:122)
	at java.util.concurrent.FutureTask.get(FutureTask.java:192)
	at org.apache.ratis.server.impl.LeaderElection.waitForResults(LeaderElection.java:263)
	at org.apache.ratis.server.impl.LeaderElection.askForVotes(LeaderElection.java:201)
	at org.apache.ratis.server.impl.LeaderElection.run(LeaderElection.java:133)
	at java.lang.Thread.run(Thread.java:748)
Caused by: org.apache.ratis.thirdparty.io.grpc.StatusRuntimeException: UNAVAILABLE: io exception
	at org.apache.ratis.thirdparty.io.grpc.stub.ClientCalls.toStatusRuntimeException(ClientCalls.java:233)
	at org.apache.ratis.thirdparty.io.grpc.stub.ClientCalls.getUnchecked(ClientCalls.java:214)
	at org.apache.ratis.thirdparty.io.grpc.stub.ClientCalls.blockingUnaryCall(ClientCalls.java:139)
	at org.apache.ratis.proto.grpc.RaftServerProtocolServiceGrpc$RaftServerProtocolServiceBlockingStub.requestVote(RaftServerProtocolServiceGrpc.java:265)
	at org.apache.ratis.grpc.server.GrpcServerProtocolClient.requestVote(GrpcServerProtocolClient.java:90)
	at org.apache.ratis.grpc.server.GrpcService.requestVote(GrpcService.java:204)
	at org.apache.ratis.server.impl.LeaderElection.lambda$submitRequests$1(LeaderElection.java:238)
	at java.util.concurrent.FutureTask.run(FutureTask.java:266)
	at java.util.concurrent.Executors$RunnableAdapter.call(Executors.java:511)
	at java.util.concurrent.FutureTask.run(FutureTask.java:266)
	at java.util.concurrent.ThreadPoolExecutor.runWorker(ThreadPoolExecutor.java:1149)
	at java.util.concurrent.ThreadPoolExecutor$Worker.run(ThreadPoolExecutor.java:624)
	... 1 more
Caused by: org.apache.ratis.thirdparty.io.netty.channel.AbstractChannel$AnnotatedConnectException: Connection refused: /192.168.151.103:33569
	at sun.nio.ch.SocketChannelImpl.checkConnect(Native Method)
	at sun.nio.ch.SocketChannelImpl.finishConnect(SocketChannelImpl.java:717)
	at org.apache.ratis.thirdparty.io.netty.channel.socket.nio.NioSocketChannel.doFinishConnect(NioSocketChannel.java:327)
	at org.apache.ratis.thirdparty.io.netty.channel.nio.AbstractNioChannel$AbstractNioUnsafe.finishConnect(AbstractNioChannel.java:340)
	at org.apache.ratis.thirdparty.io.netty.channel.nio.NioEventLoop.processSelectedKey(NioEventLoop.java:632)
	at org.apache.ratis.thirdparty.io.netty.channel.nio.NioEventLoop.processSelectedKeysOptimized(NioEventLoop.java:579)
	at org.apache.ratis.thirdparty.io.netty.channel.nio.NioEventLoop.processSelectedKeys(NioEventLoop.java:496)
	at org.apache.ratis.thirdparty.io.netty.channel.nio.NioEventLoop.run(NioEventLoop.java:458)
	at org.apache.ratis.thirdparty.io.netty.util.concurrent.SingleThreadEventExecutor$5.run(SingleThreadEventExecutor.java:897)
	at org.apache.ratis.thirdparty.io.netty.util.concurrent.FastThreadLocalRunnable.run(FastThreadLocalRunnable.java:30)
	... 1 more
Caused by: java.net.ConnectException: Connection refused
	... 11 more
2019-09-27 09:18:57,596 [dcfd2284-ad1e-4267-a15d-7e148c2289cb@group-E3215D54F09B:LeaderElection62] INFO  impl.LeaderElection (LeaderElection.java:logAndReturn(56)) - dcfd2284-ad1e-4267-a15d-7e148c2289cb@group-E3215D54F09B:LeaderElection62: Election REJECTED; received 0 response(s) [] and 2 exception(s); dcfd2284-ad1e-4267-a15d-7e148c2289cb@group-E3215D54F09B:t6, leader=null, voted=dcfd2284-ad1e-4267-a15d-7e148c2289cb, raftlog=dcfd2284-ad1e-4267-a15d-7e148c2289cb@group-E3215D54F09B-SegmentedRaftLog:OPENED:c2,f2,i2, conf=1: [dcfd2284-ad1e-4267-a15d-7e148c2289cb:192.168.151.103:35614, d1b97505-207e-4333-b006-552a83aa594e:192.168.151.103:33569, 88f71ae2-1168-411a-bccc-2088b7ef8e3f:192.168.151.103:33365], old=null
2019-09-27 09:18:57,596 [dcfd2284-ad1e-4267-a15d-7e148c2289cb@group-E3215D54F09B:LeaderElection62] INFO  impl.LeaderElection (LogUtils.java:infoOrTrace(149)) -   Exception 0: {}
java.util.concurrent.ExecutionException: org.apache.ratis.thirdparty.io.grpc.StatusRuntimeException: UNAVAILABLE: io exception
	at java.util.concurrent.FutureTask.report(FutureTask.java:122)
	at java.util.concurrent.FutureTask.get(FutureTask.java:192)
	at org.apache.ratis.server.impl.LeaderElection.waitForResults(LeaderElection.java:263)
	at org.apache.ratis.server.impl.LeaderElection.askForVotes(LeaderElection.java:201)
	at org.apache.ratis.server.impl.LeaderElection.run(LeaderElection.java:133)
	at java.lang.Thread.run(Thread.java:748)
Caused by: org.apache.ratis.thirdparty.io.grpc.StatusRuntimeException: UNAVAILABLE: io exception
	at org.apache.ratis.thirdparty.io.grpc.stub.ClientCalls.toStatusRuntimeException(ClientCalls.java:233)
	at org.apache.ratis.thirdparty.io.grpc.stub.ClientCalls.getUnchecked(ClientCalls.java:214)
	at org.apache.ratis.thirdparty.io.grpc.stub.ClientCalls.blockingUnaryCall(ClientCalls.java:139)
	at org.apache.ratis.proto.grpc.RaftServerProtocolServiceGrpc$RaftServerProtocolServiceBlockingStub.requestVote(RaftServerProtocolServiceGrpc.java:265)
	at org.apache.ratis.grpc.server.GrpcServerProtocolClient.requestVote(GrpcServerProtocolClient.java:90)
	at org.apache.ratis.grpc.server.GrpcService.requestVote(GrpcService.java:204)
	at org.apache.ratis.server.impl.LeaderElection.lambda$submitRequests$1(LeaderElection.java:238)
	at java.util.concurrent.FutureTask.run(FutureTask.java:266)
	at java.util.concurrent.Executors$RunnableAdapter.call(Executors.java:511)
	at java.util.concurrent.FutureTask.run(FutureTask.java:266)
	at java.util.concurrent.ThreadPoolExecutor.runWorker(ThreadPoolExecutor.java:1149)
	at java.util.concurrent.ThreadPoolExecutor$Worker.run(ThreadPoolExecutor.java:624)
	... 1 more
Caused by: org.apache.ratis.thirdparty.io.netty.channel.AbstractChannel$AnnotatedConnectException: Connection refused: /192.168.151.103:33365
	at sun.nio.ch.SocketChannelImpl.checkConnect(Native Method)
	at sun.nio.ch.SocketChannelImpl.finishConnect(SocketChannelImpl.java:717)
	at org.apache.ratis.thirdparty.io.netty.channel.socket.nio.NioSocketChannel.doFinishConnect(NioSocketChannel.java:327)
	at org.apache.ratis.thirdparty.io.netty.channel.nio.AbstractNioChannel$AbstractNioUnsafe.finishConnect(AbstractNioChannel.java:340)
	at org.apache.ratis.thirdparty.io.netty.channel.nio.NioEventLoop.processSelectedKey(NioEventLoop.java:632)
	at org.apache.ratis.thirdparty.io.netty.channel.nio.NioEventLoop.processSelectedKeysOptimized(NioEventLoop.java:579)
	at org.apache.ratis.thirdparty.io.netty.channel.nio.NioEventLoop.processSelectedKeys(NioEventLoop.java:496)
	at org.apache.ratis.thirdparty.io.netty.channel.nio.NioEventLoop.run(NioEventLoop.java:458)
	at org.apache.ratis.thirdparty.io.netty.util.concurrent.SingleThreadEventExecutor$5.run(SingleThreadEventExecutor.java:897)
	at org.apache.ratis.thirdparty.io.netty.util.concurrent.FastThreadLocalRunnable.run(FastThreadLocalRunnable.java:30)
	... 1 more
Caused by: java.net.ConnectException: Connection refused
	... 11 more
2019-09-27 09:18:57,597 [dcfd2284-ad1e-4267-a15d-7e148c2289cb@group-E3215D54F09B:LeaderElection62] INFO  impl.LeaderElection (LogUtils.java:infoOrTrace(149)) -   Exception 1: {}
java.util.concurrent.ExecutionException: org.apache.ratis.thirdparty.io.grpc.StatusRuntimeException: UNAVAILABLE: io exception
	at java.util.concurrent.FutureTask.report(FutureTask.java:122)
	at java.util.concurrent.FutureTask.get(FutureTask.java:192)
	at org.apache.ratis.server.impl.LeaderElection.waitForResults(LeaderElection.java:263)
	at org.apache.ratis.server.impl.LeaderElection.askForVotes(LeaderElection.java:201)
	at org.apache.ratis.server.impl.LeaderElection.run(LeaderElection.java:133)
	at java.lang.Thread.run(Thread.java:748)
Caused by: org.apache.ratis.thirdparty.io.grpc.StatusRuntimeException: UNAVAILABLE: io exception
	at org.apache.ratis.thirdparty.io.grpc.stub.ClientCalls.toStatusRuntimeException(ClientCalls.java:233)
	at org.apache.ratis.thirdparty.io.grpc.stub.ClientCalls.getUnchecked(ClientCalls.java:214)
	at org.apache.ratis.thirdparty.io.grpc.stub.ClientCalls.blockingUnaryCall(ClientCalls.java:139)
	at org.apache.ratis.proto.grpc.RaftServerProtocolServiceGrpc$RaftServerProtocolServiceBlockingStub.requestVote(RaftServerProtocolServiceGrpc.java:265)
	at org.apache.ratis.grpc.server.GrpcServerProtocolClient.requestVote(GrpcServerProtocolClient.java:90)
	at org.apache.ratis.grpc.server.GrpcService.requestVote(GrpcService.java:204)
	at org.apache.ratis.server.impl.LeaderElection.lambda$submitRequests$1(LeaderElection.java:238)
	at java.util.concurrent.FutureTask.run(FutureTask.java:266)
	at java.util.concurrent.Executors$RunnableAdapter.call(Executors.java:511)
	at java.util.concurrent.FutureTask.run(FutureTask.java:266)
	at java.util.concurrent.ThreadPoolExecutor.runWorker(ThreadPoolExecutor.java:1149)
	at java.util.concurrent.ThreadPoolExecutor$Worker.run(ThreadPoolExecutor.java:624)
	... 1 more
Caused by: org.apache.ratis.thirdparty.io.netty.channel.AbstractChannel$AnnotatedConnectException: Connection refused: /192.168.151.103:33569
	at sun.nio.ch.SocketChannelImpl.checkConnect(Native Method)
	at sun.nio.ch.SocketChannelImpl.finishConnect(SocketChannelImpl.java:717)
	at org.apache.ratis.thirdparty.io.netty.channel.socket.nio.NioSocketChannel.doFinishConnect(NioSocketChannel.java:327)
	at org.apache.ratis.thirdparty.io.netty.channel.nio.AbstractNioChannel$AbstractNioUnsafe.finishConnect(AbstractNioChannel.java:340)
	at org.apache.ratis.thirdparty.io.netty.channel.nio.NioEventLoop.processSelectedKey(NioEventLoop.java:632)
	at org.apache.ratis.thirdparty.io.netty.channel.nio.NioEventLoop.processSelectedKeysOptimized(NioEventLoop.java:579)
	at org.apache.ratis.thirdparty.io.netty.channel.nio.NioEventLoop.processSelectedKeys(NioEventLoop.java:496)
	at org.apache.ratis.thirdparty.io.netty.channel.nio.NioEventLoop.run(NioEventLoop.java:458)
	at org.apache.ratis.thirdparty.io.netty.util.concurrent.SingleThreadEventExecutor$5.run(SingleThreadEventExecutor.java:897)
	at org.apache.ratis.thirdparty.io.netty.util.concurrent.FastThreadLocalRunnable.run(FastThreadLocalRunnable.java:30)
	... 1 more
Caused by: java.net.ConnectException: Connection refused
	... 11 more
2019-09-27 09:18:57,597 [dcfd2284-ad1e-4267-a15d-7e148c2289cb@group-E3215D54F09B:LeaderElection62] INFO  impl.RaftServerImpl (RaftServerImpl.java:setRole(174)) - dcfd2284-ad1e-4267-a15d-7e148c2289cb@group-E3215D54F09B: changes role from CANDIDATE to FOLLOWER at term 6 for DISCOVERED_A_NEW_TERM
2019-09-27 09:18:57,597 [dcfd2284-ad1e-4267-a15d-7e148c2289cb@group-E3215D54F09B:LeaderElection62] INFO  impl.RoleInfo (RoleInfo.java:shutdownLeaderElection(134)) - dcfd2284-ad1e-4267-a15d-7e148c2289cb: shutdown LeaderElection
2019-09-27 09:18:57,597 [dcfd2284-ad1e-4267-a15d-7e148c2289cb@group-E3215D54F09B:LeaderElection62] INFO  impl.RoleInfo (RoleInfo.java:updateAndGet(143)) - dcfd2284-ad1e-4267-a15d-7e148c2289cb: start FollowerState
2019-09-27 09:18:57,731 [Datanode State Machine Thread - 0] INFO  statemachine.DatanodeStateMachine (DatanodeStateMachine.java:lambda$startDaemon$0(350)) - Ozone container server started.
2019-09-27 09:18:58,032 [grpc-default-executor-4] WARN  server.GrpcLogAppender (LogUtils.java:warn(134)) - debaddba-7ce7-4ada-b450-9c5d896bdac5@group-0080225EE277->ac644bf3-7673-4e49-8339-55bbab6b6107-AppendLogResponseHandler: Failed appendEntries: org.apache.ratis.thirdparty.io.grpc.StatusRuntimeException: UNAVAILABLE: io exception
2019-09-27 09:18:58,032 [grpc-default-executor-4] INFO  impl.FollowerInfo (FollowerInfo.java:lambda$new$0(51)) - debaddba-7ce7-4ada-b450-9c5d896bdac5@group-0080225EE277->ac644bf3-7673-4e49-8339-55bbab6b6107: nextIndex: updateUnconditionally 0 -> 0
2019-09-27 09:18:58,037 [grpc-default-executor-1] WARN  server.GrpcLogAppender (LogUtils.java:warn(134)) - debaddba-7ce7-4ada-b450-9c5d896bdac5@group-0080225EE277->4d5d320f-7099-447d-88bd-f0759179e632-AppendLogResponseHandler: Failed appendEntries: org.apache.ratis.thirdparty.io.grpc.StatusRuntimeException: UNAVAILABLE: io exception
2019-09-27 09:18:58,038 [grpc-default-executor-1] INFO  impl.FollowerInfo (FollowerInfo.java:lambda$new$0(51)) - debaddba-7ce7-4ada-b450-9c5d896bdac5@group-0080225EE277->4d5d320f-7099-447d-88bd-f0759179e632: nextIndex: updateUnconditionally 3 -> 2
2019-09-27 09:18:58,312 [Datanode State Machine Thread - 0] INFO  statemachine.DatanodeStateMachine (DatanodeStateMachine.java:lambda$startDaemon$0(350)) - Ozone container server started.
2019-09-27 09:18:58,533 [grpc-default-executor-3] WARN  server.GrpcLogAppender (LogUtils.java:warn(134)) - debaddba-7ce7-4ada-b450-9c5d896bdac5@group-0080225EE277->ac644bf3-7673-4e49-8339-55bbab6b6107-AppendLogResponseHandler: Failed appendEntries: org.apache.ratis.thirdparty.io.grpc.StatusRuntimeException: UNAVAILABLE: io exception
2019-09-27 09:18:58,533 [grpc-default-executor-3] INFO  impl.FollowerInfo (FollowerInfo.java:lambda$new$0(51)) - debaddba-7ce7-4ada-b450-9c5d896bdac5@group-0080225EE277->ac644bf3-7673-4e49-8339-55bbab6b6107: nextIndex: updateUnconditionally 0 -> 0
2019-09-27 09:18:58,538 [grpc-default-executor-4] WARN  server.GrpcLogAppender (LogUtils.java:warn(134)) - debaddba-7ce7-4ada-b450-9c5d896bdac5@group-0080225EE277->4d5d320f-7099-447d-88bd-f0759179e632-AppendLogResponseHandler: Failed appendEntries: org.apache.ratis.thirdparty.io.grpc.StatusRuntimeException: UNAVAILABLE: io exception
2019-09-27 09:18:58,538 [grpc-default-executor-4] INFO  impl.FollowerInfo (FollowerInfo.java:lambda$new$0(51)) - debaddba-7ce7-4ada-b450-9c5d896bdac5@group-0080225EE277->4d5d320f-7099-447d-88bd-f0759179e632: nextIndex: updateUnconditionally 2 -> 1
2019-09-27 09:18:58,786 [Thread-3887] INFO  impl.FollowerState (FollowerState.java:run(106)) - dcfd2284-ad1e-4267-a15d-7e148c2289cb:group-E3215D54F09B changes to CANDIDATE, lastRpcTime:1188, electionTimeout:1188ms
2019-09-27 09:18:58,786 [Thread-3887] INFO  impl.RoleInfo (RoleInfo.java:shutdownFollowerState(121)) - dcfd2284-ad1e-4267-a15d-7e148c2289cb: shutdown FollowerState
2019-09-27 09:18:58,786 [Thread-3887] INFO  impl.RaftServerImpl (RaftServerImpl.java:setRole(174)) - dcfd2284-ad1e-4267-a15d-7e148c2289cb@group-E3215D54F09B: changes role from  FOLLOWER to CANDIDATE at term 6 for changeToCandidate
2019-09-27 09:18:58,786 [Thread-3887] INFO  impl.RoleInfo (RoleInfo.java:updateAndGet(143)) - dcfd2284-ad1e-4267-a15d-7e148c2289cb: start LeaderElection
2019-09-27 09:18:58,806 [dcfd2284-ad1e-4267-a15d-7e148c2289cb@group-E3215D54F09B:LeaderElection63] INFO  impl.LeaderElection (LeaderElection.java:askForVotes(182)) - dcfd2284-ad1e-4267-a15d-7e148c2289cb@group-E3215D54F09B:LeaderElection63: begin an election at term 7 for 1: [dcfd2284-ad1e-4267-a15d-7e148c2289cb:192.168.151.103:35614, d1b97505-207e-4333-b006-552a83aa594e:192.168.151.103:33569, 88f71ae2-1168-411a-bccc-2088b7ef8e3f:192.168.151.103:33365], old=null
2019-09-27 09:18:58,807 [dcfd2284-ad1e-4267-a15d-7e148c2289cb@group-E3215D54F09B:LeaderElection63] INFO  impl.LeaderElection (LogUtils.java:infoOrTrace(149)) - dcfd2284-ad1e-4267-a15d-7e148c2289cb@group-E3215D54F09B:LeaderElection63 got exception when requesting votes: {}
java.util.concurrent.ExecutionException: org.apache.ratis.thirdparty.io.grpc.StatusRuntimeException: UNAVAILABLE: io exception
	at java.util.concurrent.FutureTask.report(FutureTask.java:122)
	at java.util.concurrent.FutureTask.get(FutureTask.java:192)
	at org.apache.ratis.server.impl.LeaderElection.waitForResults(LeaderElection.java:263)
	at org.apache.ratis.server.impl.LeaderElection.askForVotes(LeaderElection.java:201)
	at org.apache.ratis.server.impl.LeaderElection.run(LeaderElection.java:133)
	at java.lang.Thread.run(Thread.java:748)
Caused by: org.apache.ratis.thirdparty.io.grpc.StatusRuntimeException: UNAVAILABLE: io exception
	at org.apache.ratis.thirdparty.io.grpc.stub.ClientCalls.toStatusRuntimeException(ClientCalls.java:233)
	at org.apache.ratis.thirdparty.io.grpc.stub.ClientCalls.getUnchecked(ClientCalls.java:214)
	at org.apache.ratis.thirdparty.io.grpc.stub.ClientCalls.blockingUnaryCall(ClientCalls.java:139)
	at org.apache.ratis.proto.grpc.RaftServerProtocolServiceGrpc$RaftServerProtocolServiceBlockingStub.requestVote(RaftServerProtocolServiceGrpc.java:265)
	at org.apache.ratis.grpc.server.GrpcServerProtocolClient.requestVote(GrpcServerProtocolClient.java:90)
	at org.apache.ratis.grpc.server.GrpcService.requestVote(GrpcService.java:204)
	at org.apache.ratis.server.impl.LeaderElection.lambda$submitRequests$1(LeaderElection.java:238)
	at java.util.concurrent.FutureTask.run(FutureTask.java:266)
	at java.util.concurrent.Executors$RunnableAdapter.call(Executors.java:511)
	at java.util.concurrent.FutureTask.run(FutureTask.java:266)
	at java.util.concurrent.ThreadPoolExecutor.runWorker(ThreadPoolExecutor.java:1149)
	at java.util.concurrent.ThreadPoolExecutor$Worker.run(ThreadPoolExecutor.java:624)
	... 1 more
Caused by: org.apache.ratis.thirdparty.io.netty.channel.AbstractChannel$AnnotatedConnectException: Connection refused: /192.168.151.103:33569
	at sun.nio.ch.SocketChannelImpl.checkConnect(Native Method)
	at sun.nio.ch.SocketChannelImpl.finishConnect(SocketChannelImpl.java:717)
	at org.apache.ratis.thirdparty.io.netty.channel.socket.nio.NioSocketChannel.doFinishConnect(NioSocketChannel.java:327)
	at org.apache.ratis.thirdparty.io.netty.channel.nio.AbstractNioChannel$AbstractNioUnsafe.finishConnect(AbstractNioChannel.java:340)
	at org.apache.ratis.thirdparty.io.netty.channel.nio.NioEventLoop.processSelectedKey(NioEventLoop.java:632)
	at org.apache.ratis.thirdparty.io.netty.channel.nio.NioEventLoop.processSelectedKeysOptimized(NioEventLoop.java:579)
	at org.apache.ratis.thirdparty.io.netty.channel.nio.NioEventLoop.processSelectedKeys(NioEventLoop.java:496)
	at org.apache.ratis.thirdparty.io.netty.channel.nio.NioEventLoop.run(NioEventLoop.java:458)
	at org.apache.ratis.thirdparty.io.netty.util.concurrent.SingleThreadEventExecutor$5.run(SingleThreadEventExecutor.java:897)
	at org.apache.ratis.thirdparty.io.netty.util.concurrent.FastThreadLocalRunnable.run(FastThreadLocalRunnable.java:30)
	... 1 more
Caused by: java.net.ConnectException: Connection refused
	... 11 more
2019-09-27 09:18:58,809 [dcfd2284-ad1e-4267-a15d-7e148c2289cb@group-E3215D54F09B:LeaderElection63] INFO  impl.LeaderElection (LogUtils.java:infoOrTrace(149)) - dcfd2284-ad1e-4267-a15d-7e148c2289cb@group-E3215D54F09B:LeaderElection63 got exception when requesting votes: {}
java.util.concurrent.ExecutionException: org.apache.ratis.thirdparty.io.grpc.StatusRuntimeException: UNAVAILABLE: io exception
	at java.util.concurrent.FutureTask.report(FutureTask.java:122)
	at java.util.concurrent.FutureTask.get(FutureTask.java:192)
	at org.apache.ratis.server.impl.LeaderElection.waitForResults(LeaderElection.java:263)
	at org.apache.ratis.server.impl.LeaderElection.askForVotes(LeaderElection.java:201)
	at org.apache.ratis.server.impl.LeaderElection.run(LeaderElection.java:133)
	at java.lang.Thread.run(Thread.java:748)
Caused by: org.apache.ratis.thirdparty.io.grpc.StatusRuntimeException: UNAVAILABLE: io exception
	at org.apache.ratis.thirdparty.io.grpc.stub.ClientCalls.toStatusRuntimeException(ClientCalls.java:233)
	at org.apache.ratis.thirdparty.io.grpc.stub.ClientCalls.getUnchecked(ClientCalls.java:214)
	at org.apache.ratis.thirdparty.io.grpc.stub.ClientCalls.blockingUnaryCall(ClientCalls.java:139)
	at org.apache.ratis.proto.grpc.RaftServerProtocolServiceGrpc$RaftServerProtocolServiceBlockingStub.requestVote(RaftServerProtocolServiceGrpc.java:265)
	at org.apache.ratis.grpc.server.GrpcServerProtocolClient.requestVote(GrpcServerProtocolClient.java:90)
	at org.apache.ratis.grpc.server.GrpcService.requestVote(GrpcService.java:204)
	at org.apache.ratis.server.impl.LeaderElection.lambda$submitRequests$1(LeaderElection.java:238)
	at java.util.concurrent.FutureTask.run(FutureTask.java:266)
	at java.util.concurrent.Executors$RunnableAdapter.call(Executors.java:511)
	at java.util.concurrent.FutureTask.run(FutureTask.java:266)
	at java.util.concurrent.ThreadPoolExecutor.runWorker(ThreadPoolExecutor.java:1149)
	at java.util.concurrent.ThreadPoolExecutor$Worker.run(ThreadPoolExecutor.java:624)
	... 1 more
Caused by: org.apache.ratis.thirdparty.io.netty.channel.AbstractChannel$AnnotatedConnectException: Connection refused: /192.168.151.103:33365
	at sun.nio.ch.SocketChannelImpl.checkConnect(Native Method)
	at sun.nio.ch.SocketChannelImpl.finishConnect(SocketChannelImpl.java:717)
	at org.apache.ratis.thirdparty.io.netty.channel.socket.nio.NioSocketChannel.doFinishConnect(NioSocketChannel.java:327)
	at org.apache.ratis.thirdparty.io.netty.channel.nio.AbstractNioChannel$AbstractNioUnsafe.finishConnect(AbstractNioChannel.java:340)
	at org.apache.ratis.thirdparty.io.netty.channel.nio.NioEventLoop.processSelectedKey(NioEventLoop.java:632)
	at org.apache.ratis.thirdparty.io.netty.channel.nio.NioEventLoop.processSelectedKeysOptimized(NioEventLoop.java:579)
	at org.apache.ratis.thirdparty.io.netty.channel.nio.NioEventLoop.processSelectedKeys(NioEventLoop.java:496)
	at org.apache.ratis.thirdparty.io.netty.channel.nio.NioEventLoop.run(NioEventLoop.java:458)
	at org.apache.ratis.thirdparty.io.netty.util.concurrent.SingleThreadEventExecutor$5.run(SingleThreadEventExecutor.java:897)
	at org.apache.ratis.thirdparty.io.netty.util.concurrent.FastThreadLocalRunnable.run(FastThreadLocalRunnable.java:30)
	... 1 more
Caused by: java.net.ConnectException: Connection refused
	... 11 more
2019-09-27 09:18:58,811 [dcfd2284-ad1e-4267-a15d-7e148c2289cb@group-E3215D54F09B:LeaderElection63] INFO  impl.LeaderElection (LeaderElection.java:logAndReturn(56)) - dcfd2284-ad1e-4267-a15d-7e148c2289cb@group-E3215D54F09B:LeaderElection63: Election REJECTED; received 0 response(s) [] and 2 exception(s); dcfd2284-ad1e-4267-a15d-7e148c2289cb@group-E3215D54F09B:t7, leader=null, voted=dcfd2284-ad1e-4267-a15d-7e148c2289cb, raftlog=dcfd2284-ad1e-4267-a15d-7e148c2289cb@group-E3215D54F09B-SegmentedRaftLog:OPENED:c2,f2,i2, conf=1: [dcfd2284-ad1e-4267-a15d-7e148c2289cb:192.168.151.103:35614, d1b97505-207e-4333-b006-552a83aa594e:192.168.151.103:33569, 88f71ae2-1168-411a-bccc-2088b7ef8e3f:192.168.151.103:33365], old=null
2019-09-27 09:18:58,811 [dcfd2284-ad1e-4267-a15d-7e148c2289cb@group-E3215D54F09B:LeaderElection63] INFO  impl.LeaderElection (LogUtils.java:infoOrTrace(149)) -   Exception 0: {}
java.util.concurrent.ExecutionException: org.apache.ratis.thirdparty.io.grpc.StatusRuntimeException: UNAVAILABLE: io exception
	at java.util.concurrent.FutureTask.report(FutureTask.java:122)
	at java.util.concurrent.FutureTask.get(FutureTask.java:192)
	at org.apache.ratis.server.impl.LeaderElection.waitForResults(LeaderElection.java:263)
	at org.apache.ratis.server.impl.LeaderElection.askForVotes(LeaderElection.java:201)
	at org.apache.ratis.server.impl.LeaderElection.run(LeaderElection.java:133)
	at java.lang.Thread.run(Thread.java:748)
Caused by: org.apache.ratis.thirdparty.io.grpc.StatusRuntimeException: UNAVAILABLE: io exception
	at org.apache.ratis.thirdparty.io.grpc.stub.ClientCalls.toStatusRuntimeException(ClientCalls.java:233)
	at org.apache.ratis.thirdparty.io.grpc.stub.ClientCalls.getUnchecked(ClientCalls.java:214)
	at org.apache.ratis.thirdparty.io.grpc.stub.ClientCalls.blockingUnaryCall(ClientCalls.java:139)
	at org.apache.ratis.proto.grpc.RaftServerProtocolServiceGrpc$RaftServerProtocolServiceBlockingStub.requestVote(RaftServerProtocolServiceGrpc.java:265)
	at org.apache.ratis.grpc.server.GrpcServerProtocolClient.requestVote(GrpcServerProtocolClient.java:90)
	at org.apache.ratis.grpc.server.GrpcService.requestVote(GrpcService.java:204)
	at org.apache.ratis.server.impl.LeaderElection.lambda$submitRequests$1(LeaderElection.java:238)
	at java.util.concurrent.FutureTask.run(FutureTask.java:266)
	at java.util.concurrent.Executors$RunnableAdapter.call(Executors.java:511)
	at java.util.concurrent.FutureTask.run(FutureTask.java:266)
	at java.util.concurrent.ThreadPoolExecutor.runWorker(ThreadPoolExecutor.java:1149)
	at java.util.concurrent.ThreadPoolExecutor$Worker.run(ThreadPoolExecutor.java:624)
	... 1 more
Caused by: org.apache.ratis.thirdparty.io.netty.channel.AbstractChannel$AnnotatedConnectException: Connection refused: /192.168.151.103:33569
	at sun.nio.ch.SocketChannelImpl.checkConnect(Native Method)
	at sun.nio.ch.SocketChannelImpl.finishConnect(SocketChannelImpl.java:717)
	at org.apache.ratis.thirdparty.io.netty.channel.socket.nio.NioSocketChannel.doFinishConnect(NioSocketChannel.java:327)
	at org.apache.ratis.thirdparty.io.netty.channel.nio.AbstractNioChannel$AbstractNioUnsafe.finishConnect(AbstractNioChannel.java:340)
	at org.apache.ratis.thirdparty.io.netty.channel.nio.NioEventLoop.processSelectedKey(NioEventLoop.java:632)
	at org.apache.ratis.thirdparty.io.netty.channel.nio.NioEventLoop.processSelectedKeysOptimized(NioEventLoop.java:579)
	at org.apache.ratis.thirdparty.io.netty.channel.nio.NioEventLoop.processSelectedKeys(NioEventLoop.java:496)
	at org.apache.ratis.thirdparty.io.netty.channel.nio.NioEventLoop.run(NioEventLoop.java:458)
	at org.apache.ratis.thirdparty.io.netty.util.concurrent.SingleThreadEventExecutor$5.run(SingleThreadEventExecutor.java:897)
	at org.apache.ratis.thirdparty.io.netty.util.concurrent.FastThreadLocalRunnable.run(FastThreadLocalRunnable.java:30)
	... 1 more
Caused by: java.net.ConnectException: Connection refused
	... 11 more
2019-09-27 09:18:58,811 [dcfd2284-ad1e-4267-a15d-7e148c2289cb@group-E3215D54F09B:LeaderElection63] INFO  impl.LeaderElection (LogUtils.java:infoOrTrace(149)) -   Exception 1: {}
java.util.concurrent.ExecutionException: org.apache.ratis.thirdparty.io.grpc.StatusRuntimeException: UNAVAILABLE: io exception
	at java.util.concurrent.FutureTask.report(FutureTask.java:122)
	at java.util.concurrent.FutureTask.get(FutureTask.java:192)
	at org.apache.ratis.server.impl.LeaderElection.waitForResults(LeaderElection.java:263)
	at org.apache.ratis.server.impl.LeaderElection.askForVotes(LeaderElection.java:201)
	at org.apache.ratis.server.impl.LeaderElection.run(LeaderElection.java:133)
	at java.lang.Thread.run(Thread.java:748)
Caused by: org.apache.ratis.thirdparty.io.grpc.StatusRuntimeException: UNAVAILABLE: io exception
	at org.apache.ratis.thirdparty.io.grpc.stub.ClientCalls.toStatusRuntimeException(ClientCalls.java:233)
	at org.apache.ratis.thirdparty.io.grpc.stub.ClientCalls.getUnchecked(ClientCalls.java:214)
	at org.apache.ratis.thirdparty.io.grpc.stub.ClientCalls.blockingUnaryCall(ClientCalls.java:139)
	at org.apache.ratis.proto.grpc.RaftServerProtocolServiceGrpc$RaftServerProtocolServiceBlockingStub.requestVote(RaftServerProtocolServiceGrpc.java:265)
	at org.apache.ratis.grpc.server.GrpcServerProtocolClient.requestVote(GrpcServerProtocolClient.java:90)
	at org.apache.ratis.grpc.server.GrpcService.requestVote(GrpcService.java:204)
	at org.apache.ratis.server.impl.LeaderElection.lambda$submitRequests$1(LeaderElection.java:238)
	at java.util.concurrent.FutureTask.run(FutureTask.java:266)
	at java.util.concurrent.Executors$RunnableAdapter.call(Executors.java:511)
	at java.util.concurrent.FutureTask.run(FutureTask.java:266)
	at java.util.concurrent.ThreadPoolExecutor.runWorker(ThreadPoolExecutor.java:1149)
	at java.util.concurrent.ThreadPoolExecutor$Worker.run(ThreadPoolExecutor.java:624)
	... 1 more
Caused by: org.apache.ratis.thirdparty.io.netty.channel.AbstractChannel$AnnotatedConnectException: Connection refused: /192.168.151.103:33365
	at sun.nio.ch.SocketChannelImpl.checkConnect(Native Method)
	at sun.nio.ch.SocketChannelImpl.finishConnect(SocketChannelImpl.java:717)
	at org.apache.ratis.thirdparty.io.netty.channel.socket.nio.NioSocketChannel.doFinishConnect(NioSocketChannel.java:327)
	at org.apache.ratis.thirdparty.io.netty.channel.nio.AbstractNioChannel$AbstractNioUnsafe.finishConnect(AbstractNioChannel.java:340)
	at org.apache.ratis.thirdparty.io.netty.channel.nio.NioEventLoop.processSelectedKey(NioEventLoop.java:632)
	at org.apache.ratis.thirdparty.io.netty.channel.nio.NioEventLoop.processSelectedKeysOptimized(NioEventLoop.java:579)
	at org.apache.ratis.thirdparty.io.netty.channel.nio.NioEventLoop.processSelectedKeys(NioEventLoop.java:496)
	at org.apache.ratis.thirdparty.io.netty.channel.nio.NioEventLoop.run(NioEventLoop.java:458)
	at org.apache.ratis.thirdparty.io.netty.util.concurrent.SingleThreadEventExecutor$5.run(SingleThreadEventExecutor.java:897)
	at org.apache.ratis.thirdparty.io.netty.util.concurrent.FastThreadLocalRunnable.run(FastThreadLocalRunnable.java:30)
	... 1 more
Caused by: java.net.ConnectException: Connection refused
	... 11 more
2019-09-27 09:18:58,812 [dcfd2284-ad1e-4267-a15d-7e148c2289cb@group-E3215D54F09B:LeaderElection63] INFO  impl.RaftServerImpl (RaftServerImpl.java:setRole(174)) - dcfd2284-ad1e-4267-a15d-7e148c2289cb@group-E3215D54F09B: changes role from CANDIDATE to FOLLOWER at term 7 for DISCOVERED_A_NEW_TERM
2019-09-27 09:18:58,812 [dcfd2284-ad1e-4267-a15d-7e148c2289cb@group-E3215D54F09B:LeaderElection63] INFO  impl.RoleInfo (RoleInfo.java:shutdownLeaderElection(134)) - dcfd2284-ad1e-4267-a15d-7e148c2289cb: shutdown LeaderElection
2019-09-27 09:18:58,812 [dcfd2284-ad1e-4267-a15d-7e148c2289cb@group-E3215D54F09B:LeaderElection63] INFO  impl.RoleInfo (RoleInfo.java:updateAndGet(143)) - dcfd2284-ad1e-4267-a15d-7e148c2289cb: start FollowerState
2019-09-27 09:18:59,033 [grpc-default-executor-1] WARN  server.GrpcLogAppender (LogUtils.java:warn(134)) - debaddba-7ce7-4ada-b450-9c5d896bdac5@group-0080225EE277->ac644bf3-7673-4e49-8339-55bbab6b6107-AppendLogResponseHandler: Failed appendEntries: org.apache.ratis.thirdparty.io.grpc.StatusRuntimeException: UNAVAILABLE: io exception
2019-09-27 09:18:59,034 [grpc-default-executor-1] INFO  impl.FollowerInfo (FollowerInfo.java:lambda$new$0(51)) - debaddba-7ce7-4ada-b450-9c5d896bdac5@group-0080225EE277->ac644bf3-7673-4e49-8339-55bbab6b6107: nextIndex: updateUnconditionally 0 -> 0
2019-09-27 09:18:59,038 [grpc-default-executor-3] WARN  server.GrpcLogAppender (LogUtils.java:warn(134)) - debaddba-7ce7-4ada-b450-9c5d896bdac5@group-0080225EE277->4d5d320f-7099-447d-88bd-f0759179e632-AppendLogResponseHandler: Failed appendEntries: org.apache.ratis.thirdparty.io.grpc.StatusRuntimeException: UNAVAILABLE: io exception
2019-09-27 09:18:59,039 [grpc-default-executor-3] INFO  impl.FollowerInfo (FollowerInfo.java:lambda$new$0(51)) - debaddba-7ce7-4ada-b450-9c5d896bdac5@group-0080225EE277->4d5d320f-7099-447d-88bd-f0759179e632: nextIndex: updateUnconditionally 1 -> 0
2019-09-27 09:18:59,534 [grpc-default-executor-4] WARN  server.GrpcLogAppender (LogUtils.java:warn(134)) - debaddba-7ce7-4ada-b450-9c5d896bdac5@group-0080225EE277->ac644bf3-7673-4e49-8339-55bbab6b6107-AppendLogResponseHandler: Failed appendEntries: org.apache.ratis.thirdparty.io.grpc.StatusRuntimeException: UNAVAILABLE: io exception
2019-09-27 09:18:59,535 [grpc-default-executor-4] INFO  impl.FollowerInfo (FollowerInfo.java:lambda$new$0(51)) - debaddba-7ce7-4ada-b450-9c5d896bdac5@group-0080225EE277->ac644bf3-7673-4e49-8339-55bbab6b6107: nextIndex: updateUnconditionally 0 -> 0
2019-09-27 09:18:59,539 [grpc-default-executor-4] WARN  server.GrpcLogAppender (LogUtils.java:warn(134)) - debaddba-7ce7-4ada-b450-9c5d896bdac5@group-0080225EE277->4d5d320f-7099-447d-88bd-f0759179e632-AppendLogResponseHandler: Failed appendEntries: org.apache.ratis.thirdparty.io.grpc.StatusRuntimeException: UNAVAILABLE: io exception
2019-09-27 09:18:59,539 [grpc-default-executor-4] INFO  impl.FollowerInfo (FollowerInfo.java:lambda$new$0(51)) - debaddba-7ce7-4ada-b450-9c5d896bdac5@group-0080225EE277->4d5d320f-7099-447d-88bd-f0759179e632: nextIndex: updateUnconditionally 0 -> 0
2019-09-27 09:18:59,902 [Thread-3891] INFO  impl.FollowerState (FollowerState.java:run(106)) - dcfd2284-ad1e-4267-a15d-7e148c2289cb:group-E3215D54F09B changes to CANDIDATE, lastRpcTime:1089, electionTimeout:1089ms
2019-09-27 09:18:59,902 [Thread-3891] INFO  impl.RoleInfo (RoleInfo.java:shutdownFollowerState(121)) - dcfd2284-ad1e-4267-a15d-7e148c2289cb: shutdown FollowerState
2019-09-27 09:18:59,902 [Thread-3891] INFO  impl.RaftServerImpl (RaftServerImpl.java:setRole(174)) - dcfd2284-ad1e-4267-a15d-7e148c2289cb@group-E3215D54F09B: changes role from  FOLLOWER to CANDIDATE at term 7 for changeToCandidate
2019-09-27 09:18:59,902 [Thread-3891] INFO  impl.RoleInfo (RoleInfo.java:updateAndGet(143)) - dcfd2284-ad1e-4267-a15d-7e148c2289cb: start LeaderElection
2019-09-27 09:18:59,918 [dcfd2284-ad1e-4267-a15d-7e148c2289cb@group-E3215D54F09B:LeaderElection64] INFO  impl.LeaderElection (LeaderElection.java:askForVotes(182)) - dcfd2284-ad1e-4267-a15d-7e148c2289cb@group-E3215D54F09B:LeaderElection64: begin an election at term 8 for 1: [dcfd2284-ad1e-4267-a15d-7e148c2289cb:192.168.151.103:35614, d1b97505-207e-4333-b006-552a83aa594e:192.168.151.103:33569, 88f71ae2-1168-411a-bccc-2088b7ef8e3f:192.168.151.103:33365], old=null
2019-09-27 09:18:59,919 [dcfd2284-ad1e-4267-a15d-7e148c2289cb@group-E3215D54F09B:LeaderElection64] INFO  impl.LeaderElection (LogUtils.java:infoOrTrace(149)) - dcfd2284-ad1e-4267-a15d-7e148c2289cb@group-E3215D54F09B:LeaderElection64 got exception when requesting votes: {}
java.util.concurrent.ExecutionException: org.apache.ratis.thirdparty.io.grpc.StatusRuntimeException: UNAVAILABLE: io exception
	at java.util.concurrent.FutureTask.report(FutureTask.java:122)
	at java.util.concurrent.FutureTask.get(FutureTask.java:192)
	at org.apache.ratis.server.impl.LeaderElection.waitForResults(LeaderElection.java:263)
	at org.apache.ratis.server.impl.LeaderElection.askForVotes(LeaderElection.java:201)
	at org.apache.ratis.server.impl.LeaderElection.run(LeaderElection.java:133)
	at java.lang.Thread.run(Thread.java:748)
Caused by: org.apache.ratis.thirdparty.io.grpc.StatusRuntimeException: UNAVAILABLE: io exception
	at org.apache.ratis.thirdparty.io.grpc.stub.ClientCalls.toStatusRuntimeException(ClientCalls.java:233)
	at org.apache.ratis.thirdparty.io.grpc.stub.ClientCalls.getUnchecked(ClientCalls.java:214)
	at org.apache.ratis.thirdparty.io.grpc.stub.ClientCalls.blockingUnaryCall(ClientCalls.java:139)
	at org.apache.ratis.proto.grpc.RaftServerProtocolServiceGrpc$RaftServerProtocolServiceBlockingStub.requestVote(RaftServerProtocolServiceGrpc.java:265)
	at org.apache.ratis.grpc.server.GrpcServerProtocolClient.requestVote(GrpcServerProtocolClient.java:90)
	at org.apache.ratis.grpc.server.GrpcService.requestVote(GrpcService.java:204)
	at org.apache.ratis.server.impl.LeaderElection.lambda$submitRequests$1(LeaderElection.java:238)
	at java.util.concurrent.FutureTask.run(FutureTask.java:266)
	at java.util.concurrent.Executors$RunnableAdapter.call(Executors.java:511)
	at java.util.concurrent.FutureTask.run(FutureTask.java:266)
	at java.util.concurrent.ThreadPoolExecutor.runWorker(ThreadPoolExecutor.java:1149)
	at java.util.concurrent.ThreadPoolExecutor$Worker.run(ThreadPoolExecutor.java:624)
	... 1 more
Caused by: org.apache.ratis.thirdparty.io.netty.channel.AbstractChannel$AnnotatedConnectException: Connection refused: /192.168.151.103:33569
	at sun.nio.ch.SocketChannelImpl.checkConnect(Native Method)
	at sun.nio.ch.SocketChannelImpl.finishConnect(SocketChannelImpl.java:717)
	at org.apache.ratis.thirdparty.io.netty.channel.socket.nio.NioSocketChannel.doFinishConnect(NioSocketChannel.java:327)
	at org.apache.ratis.thirdparty.io.netty.channel.nio.AbstractNioChannel$AbstractNioUnsafe.finishConnect(AbstractNioChannel.java:340)
	at org.apache.ratis.thirdparty.io.netty.channel.nio.NioEventLoop.processSelectedKey(NioEventLoop.java:632)
	at org.apache.ratis.thirdparty.io.netty.channel.nio.NioEventLoop.processSelectedKeysOptimized(NioEventLoop.java:579)
	at org.apache.ratis.thirdparty.io.netty.channel.nio.NioEventLoop.processSelectedKeys(NioEventLoop.java:496)
	at org.apache.ratis.thirdparty.io.netty.channel.nio.NioEventLoop.run(NioEventLoop.java:458)
	at org.apache.ratis.thirdparty.io.netty.util.concurrent.SingleThreadEventExecutor$5.run(SingleThreadEventExecutor.java:897)
	at org.apache.ratis.thirdparty.io.netty.util.concurrent.FastThreadLocalRunnable.run(FastThreadLocalRunnable.java:30)
	... 1 more
Caused by: java.net.ConnectException: Connection refused
	... 11 more
2019-09-27 09:18:59,921 [dcfd2284-ad1e-4267-a15d-7e148c2289cb@group-E3215D54F09B:LeaderElection64] INFO  impl.LeaderElection (LogUtils.java:infoOrTrace(149)) - dcfd2284-ad1e-4267-a15d-7e148c2289cb@group-E3215D54F09B:LeaderElection64 got exception when requesting votes: {}
java.util.concurrent.ExecutionException: org.apache.ratis.thirdparty.io.grpc.StatusRuntimeException: UNAVAILABLE: io exception
	at java.util.concurrent.FutureTask.report(FutureTask.java:122)
	at java.util.concurrent.FutureTask.get(FutureTask.java:192)
	at org.apache.ratis.server.impl.LeaderElection.waitForResults(LeaderElection.java:263)
	at org.apache.ratis.server.impl.LeaderElection.askForVotes(LeaderElection.java:201)
	at org.apache.ratis.server.impl.LeaderElection.run(LeaderElection.java:133)
	at java.lang.Thread.run(Thread.java:748)
Caused by: org.apache.ratis.thirdparty.io.grpc.StatusRuntimeException: UNAVAILABLE: io exception
	at org.apache.ratis.thirdparty.io.grpc.stub.ClientCalls.toStatusRuntimeException(ClientCalls.java:233)
	at org.apache.ratis.thirdparty.io.grpc.stub.ClientCalls.getUnchecked(ClientCalls.java:214)
	at org.apache.ratis.thirdparty.io.grpc.stub.ClientCalls.blockingUnaryCall(ClientCalls.java:139)
	at org.apache.ratis.proto.grpc.RaftServerProtocolServiceGrpc$RaftServerProtocolServiceBlockingStub.requestVote(RaftServerProtocolServiceGrpc.java:265)
	at org.apache.ratis.grpc.server.GrpcServerProtocolClient.requestVote(GrpcServerProtocolClient.java:90)
	at org.apache.ratis.grpc.server.GrpcService.requestVote(GrpcService.java:204)
	at org.apache.ratis.server.impl.LeaderElection.lambda$submitRequests$1(LeaderElection.java:238)
	at java.util.concurrent.FutureTask.run(FutureTask.java:266)
	at java.util.concurrent.Executors$RunnableAdapter.call(Executors.java:511)
	at java.util.concurrent.FutureTask.run(FutureTask.java:266)
	at java.util.concurrent.ThreadPoolExecutor.runWorker(ThreadPoolExecutor.java:1149)
	at java.util.concurrent.ThreadPoolExecutor$Worker.run(ThreadPoolExecutor.java:624)
	... 1 more
Caused by: org.apache.ratis.thirdparty.io.netty.channel.AbstractChannel$AnnotatedConnectException: Connection refused: /192.168.151.103:33365
	at sun.nio.ch.SocketChannelImpl.checkConnect(Native Method)
	at sun.nio.ch.SocketChannelImpl.finishConnect(SocketChannelImpl.java:717)
	at org.apache.ratis.thirdparty.io.netty.channel.socket.nio.NioSocketChannel.doFinishConnect(NioSocketChannel.java:327)
	at org.apache.ratis.thirdparty.io.netty.channel.nio.AbstractNioChannel$AbstractNioUnsafe.finishConnect(AbstractNioChannel.java:340)
	at org.apache.ratis.thirdparty.io.netty.channel.nio.NioEventLoop.processSelectedKey(NioEventLoop.java:632)
	at org.apache.ratis.thirdparty.io.netty.channel.nio.NioEventLoop.processSelectedKeysOptimized(NioEventLoop.java:579)
	at org.apache.ratis.thirdparty.io.netty.channel.nio.NioEventLoop.processSelectedKeys(NioEventLoop.java:496)
	at org.apache.ratis.thirdparty.io.netty.channel.nio.NioEventLoop.run(NioEventLoop.java:458)
	at org.apache.ratis.thirdparty.io.netty.util.concurrent.SingleThreadEventExecutor$5.run(SingleThreadEventExecutor.java:897)
	at org.apache.ratis.thirdparty.io.netty.util.concurrent.FastThreadLocalRunnable.run(FastThreadLocalRunnable.java:30)
	... 1 more
Caused by: java.net.ConnectException: Connection refused
	... 11 more
2019-09-27 09:18:59,922 [dcfd2284-ad1e-4267-a15d-7e148c2289cb@group-E3215D54F09B:LeaderElection64] INFO  impl.LeaderElection (LeaderElection.java:logAndReturn(56)) - dcfd2284-ad1e-4267-a15d-7e148c2289cb@group-E3215D54F09B:LeaderElection64: Election REJECTED; received 0 response(s) [] and 2 exception(s); dcfd2284-ad1e-4267-a15d-7e148c2289cb@group-E3215D54F09B:t8, leader=null, voted=dcfd2284-ad1e-4267-a15d-7e148c2289cb, raftlog=dcfd2284-ad1e-4267-a15d-7e148c2289cb@group-E3215D54F09B-SegmentedRaftLog:OPENED:c2,f2,i2, conf=1: [dcfd2284-ad1e-4267-a15d-7e148c2289cb:192.168.151.103:35614, d1b97505-207e-4333-b006-552a83aa594e:192.168.151.103:33569, 88f71ae2-1168-411a-bccc-2088b7ef8e3f:192.168.151.103:33365], old=null
2019-09-27 09:18:59,922 [dcfd2284-ad1e-4267-a15d-7e148c2289cb@group-E3215D54F09B:LeaderElection64] INFO  impl.LeaderElection (LogUtils.java:infoOrTrace(149)) -   Exception 0: {}
java.util.concurrent.ExecutionException: org.apache.ratis.thirdparty.io.grpc.StatusRuntimeException: UNAVAILABLE: io exception
	at java.util.concurrent.FutureTask.report(FutureTask.java:122)
	at java.util.concurrent.FutureTask.get(FutureTask.java:192)
	at org.apache.ratis.server.impl.LeaderElection.waitForResults(LeaderElection.java:263)
	at org.apache.ratis.server.impl.LeaderElection.askForVotes(LeaderElection.java:201)
	at org.apache.ratis.server.impl.LeaderElection.run(LeaderElection.java:133)
	at java.lang.Thread.run(Thread.java:748)
Caused by: org.apache.ratis.thirdparty.io.grpc.StatusRuntimeException: UNAVAILABLE: io exception
	at org.apache.ratis.thirdparty.io.grpc.stub.ClientCalls.toStatusRuntimeException(ClientCalls.java:233)
	at org.apache.ratis.thirdparty.io.grpc.stub.ClientCalls.getUnchecked(ClientCalls.java:214)
	at org.apache.ratis.thirdparty.io.grpc.stub.ClientCalls.blockingUnaryCall(ClientCalls.java:139)
	at org.apache.ratis.proto.grpc.RaftServerProtocolServiceGrpc$RaftServerProtocolServiceBlockingStub.requestVote(RaftServerProtocolServiceGrpc.java:265)
	at org.apache.ratis.grpc.server.GrpcServerProtocolClient.requestVote(GrpcServerProtocolClient.java:90)
	at org.apache.ratis.grpc.server.GrpcService.requestVote(GrpcService.java:204)
	at org.apache.ratis.server.impl.LeaderElection.lambda$submitRequests$1(LeaderElection.java:238)
	at java.util.concurrent.FutureTask.run(FutureTask.java:266)
	at java.util.concurrent.Executors$RunnableAdapter.call(Executors.java:511)
	at java.util.concurrent.FutureTask.run(FutureTask.java:266)
	at java.util.concurrent.ThreadPoolExecutor.runWorker(ThreadPoolExecutor.java:1149)
	at java.util.concurrent.ThreadPoolExecutor$Worker.run(ThreadPoolExecutor.java:624)
	... 1 more
Caused by: org.apache.ratis.thirdparty.io.netty.channel.AbstractChannel$AnnotatedConnectException: Connection refused: /192.168.151.103:33569
	at sun.nio.ch.SocketChannelImpl.checkConnect(Native Method)
	at sun.nio.ch.SocketChannelImpl.finishConnect(SocketChannelImpl.java:717)
	at org.apache.ratis.thirdparty.io.netty.channel.socket.nio.NioSocketChannel.doFinishConnect(NioSocketChannel.java:327)
	at org.apache.ratis.thirdparty.io.netty.channel.nio.AbstractNioChannel$AbstractNioUnsafe.finishConnect(AbstractNioChannel.java:340)
	at org.apache.ratis.thirdparty.io.netty.channel.nio.NioEventLoop.processSelectedKey(NioEventLoop.java:632)
	at org.apache.ratis.thirdparty.io.netty.channel.nio.NioEventLoop.processSelectedKeysOptimized(NioEventLoop.java:579)
	at org.apache.ratis.thirdparty.io.netty.channel.nio.NioEventLoop.processSelectedKeys(NioEventLoop.java:496)
	at org.apache.ratis.thirdparty.io.netty.channel.nio.NioEventLoop.run(NioEventLoop.java:458)
	at org.apache.ratis.thirdparty.io.netty.util.concurrent.SingleThreadEventExecutor$5.run(SingleThreadEventExecutor.java:897)
	at org.apache.ratis.thirdparty.io.netty.util.concurrent.FastThreadLocalRunnable.run(FastThreadLocalRunnable.java:30)
	... 1 more
Caused by: java.net.ConnectException: Connection refused
	... 11 more
2019-09-27 09:18:59,923 [dcfd2284-ad1e-4267-a15d-7e148c2289cb@group-E3215D54F09B:LeaderElection64] INFO  impl.LeaderElection (LogUtils.java:infoOrTrace(149)) -   Exception 1: {}
java.util.concurrent.ExecutionException: org.apache.ratis.thirdparty.io.grpc.StatusRuntimeException: UNAVAILABLE: io exception
	at java.util.concurrent.FutureTask.report(FutureTask.java:122)
	at java.util.concurrent.FutureTask.get(FutureTask.java:192)
	at org.apache.ratis.server.impl.LeaderElection.waitForResults(LeaderElection.java:263)
	at org.apache.ratis.server.impl.LeaderElection.askForVotes(LeaderElection.java:201)
	at org.apache.ratis.server.impl.LeaderElection.run(LeaderElection.java:133)
	at java.lang.Thread.run(Thread.java:748)
Caused by: org.apache.ratis.thirdparty.io.grpc.StatusRuntimeException: UNAVAILABLE: io exception
	at org.apache.ratis.thirdparty.io.grpc.stub.ClientCalls.toStatusRuntimeException(ClientCalls.java:233)
	at org.apache.ratis.thirdparty.io.grpc.stub.ClientCalls.getUnchecked(ClientCalls.java:214)
	at org.apache.ratis.thirdparty.io.grpc.stub.ClientCalls.blockingUnaryCall(ClientCalls.java:139)
	at org.apache.ratis.proto.grpc.RaftServerProtocolServiceGrpc$RaftServerProtocolServiceBlockingStub.requestVote(RaftServerProtocolServiceGrpc.java:265)
	at org.apache.ratis.grpc.server.GrpcServerProtocolClient.requestVote(GrpcServerProtocolClient.java:90)
	at org.apache.ratis.grpc.server.GrpcService.requestVote(GrpcService.java:204)
	at org.apache.ratis.server.impl.LeaderElection.lambda$submitRequests$1(LeaderElection.java:238)
	at java.util.concurrent.FutureTask.run(FutureTask.java:266)
	at java.util.concurrent.Executors$RunnableAdapter.call(Executors.java:511)
	at java.util.concurrent.FutureTask.run(FutureTask.java:266)
	at java.util.concurrent.ThreadPoolExecutor.runWorker(ThreadPoolExecutor.java:1149)
	at java.util.concurrent.ThreadPoolExecutor$Worker.run(ThreadPoolExecutor.java:624)
	... 1 more
Caused by: org.apache.ratis.thirdparty.io.netty.channel.AbstractChannel$AnnotatedConnectException: Connection refused: /192.168.151.103:33365
	at sun.nio.ch.SocketChannelImpl.checkConnect(Native Method)
	at sun.nio.ch.SocketChannelImpl.finishConnect(SocketChannelImpl.java:717)
	at org.apache.ratis.thirdparty.io.netty.channel.socket.nio.NioSocketChannel.doFinishConnect(NioSocketChannel.java:327)
	at org.apache.ratis.thirdparty.io.netty.channel.nio.AbstractNioChannel$AbstractNioUnsafe.finishConnect(AbstractNioChannel.java:340)
	at org.apache.ratis.thirdparty.io.netty.channel.nio.NioEventLoop.processSelectedKey(NioEventLoop.java:632)
	at org.apache.ratis.thirdparty.io.netty.channel.nio.NioEventLoop.processSelectedKeysOptimized(NioEventLoop.java:579)
	at org.apache.ratis.thirdparty.io.netty.channel.nio.NioEventLoop.processSelectedKeys(NioEventLoop.java:496)
	at org.apache.ratis.thirdparty.io.netty.channel.nio.NioEventLoop.run(NioEventLoop.java:458)
	at org.apache.ratis.thirdparty.io.netty.util.concurrent.SingleThreadEventExecutor$5.run(SingleThreadEventExecutor.java:897)
	at org.apache.ratis.thirdparty.io.netty.util.concurrent.FastThreadLocalRunnable.run(FastThreadLocalRunnable.java:30)
	... 1 more
Caused by: java.net.ConnectException: Connection refused
	... 11 more
2019-09-27 09:18:59,923 [dcfd2284-ad1e-4267-a15d-7e148c2289cb@group-E3215D54F09B:LeaderElection64] INFO  impl.RaftServerImpl (RaftServerImpl.java:setRole(174)) - dcfd2284-ad1e-4267-a15d-7e148c2289cb@group-E3215D54F09B: changes role from CANDIDATE to FOLLOWER at term 8 for DISCOVERED_A_NEW_TERM
2019-09-27 09:18:59,923 [dcfd2284-ad1e-4267-a15d-7e148c2289cb@group-E3215D54F09B:LeaderElection64] INFO  impl.RoleInfo (RoleInfo.java:shutdownLeaderElection(134)) - dcfd2284-ad1e-4267-a15d-7e148c2289cb: shutdown LeaderElection
2019-09-27 09:18:59,923 [dcfd2284-ad1e-4267-a15d-7e148c2289cb@group-E3215D54F09B:LeaderElection64] INFO  impl.RoleInfo (RoleInfo.java:updateAndGet(143)) - dcfd2284-ad1e-4267-a15d-7e148c2289cb: start FollowerState
2019-09-27 09:19:00,035 [grpc-default-executor-1] WARN  server.GrpcLogAppender (LogUtils.java:warn(134)) - debaddba-7ce7-4ada-b450-9c5d896bdac5@group-0080225EE277->ac644bf3-7673-4e49-8339-55bbab6b6107-AppendLogResponseHandler: Failed appendEntries: org.apache.ratis.thirdparty.io.grpc.StatusRuntimeException: UNAVAILABLE: io exception
2019-09-27 09:19:00,035 [grpc-default-executor-1] INFO  impl.FollowerInfo (FollowerInfo.java:lambda$new$0(51)) - debaddba-7ce7-4ada-b450-9c5d896bdac5@group-0080225EE277->ac644bf3-7673-4e49-8339-55bbab6b6107: nextIndex: updateUnconditionally 0 -> 0
2019-09-27 09:19:00,039 [grpc-default-executor-4] WARN  server.GrpcLogAppender (LogUtils.java:warn(134)) - debaddba-7ce7-4ada-b450-9c5d896bdac5@group-0080225EE277->4d5d320f-7099-447d-88bd-f0759179e632-AppendLogResponseHandler: Failed appendEntries: org.apache.ratis.thirdparty.io.grpc.StatusRuntimeException: UNAVAILABLE: io exception
2019-09-27 09:19:00,040 [grpc-default-executor-4] INFO  impl.FollowerInfo (FollowerInfo.java:lambda$new$0(51)) - debaddba-7ce7-4ada-b450-9c5d896bdac5@group-0080225EE277->4d5d320f-7099-447d-88bd-f0759179e632: nextIndex: updateUnconditionally 0 -> 0
2019-09-27 09:19:00,536 [grpc-default-executor-3] WARN  server.GrpcLogAppender (LogUtils.java:warn(134)) - debaddba-7ce7-4ada-b450-9c5d896bdac5@group-0080225EE277->ac644bf3-7673-4e49-8339-55bbab6b6107-AppendLogResponseHandler: Failed appendEntries: org.apache.ratis.thirdparty.io.grpc.StatusRuntimeException: UNAVAILABLE: io exception
2019-09-27 09:19:00,536 [grpc-default-executor-3] INFO  impl.FollowerInfo (FollowerInfo.java:lambda$new$0(51)) - debaddba-7ce7-4ada-b450-9c5d896bdac5@group-0080225EE277->ac644bf3-7673-4e49-8339-55bbab6b6107: nextIndex: updateUnconditionally 0 -> 0
2019-09-27 09:19:00,540 [grpc-default-executor-1] WARN  server.GrpcLogAppender (LogUtils.java:warn(134)) - debaddba-7ce7-4ada-b450-9c5d896bdac5@group-0080225EE277->4d5d320f-7099-447d-88bd-f0759179e632-AppendLogResponseHandler: Failed appendEntries: org.apache.ratis.thirdparty.io.grpc.StatusRuntimeException: UNAVAILABLE: io exception
2019-09-27 09:19:00,540 [grpc-default-executor-1] INFO  impl.FollowerInfo (FollowerInfo.java:lambda$new$0(51)) - debaddba-7ce7-4ada-b450-9c5d896bdac5@group-0080225EE277->4d5d320f-7099-447d-88bd-f0759179e632: nextIndex: updateUnconditionally 0 -> 0
2019-09-27 09:19:00,957 [Thread-3895] INFO  impl.FollowerState (FollowerState.java:run(106)) - dcfd2284-ad1e-4267-a15d-7e148c2289cb:group-E3215D54F09B changes to CANDIDATE, lastRpcTime:1033, electionTimeout:1033ms
2019-09-27 09:19:00,957 [Thread-3895] INFO  impl.RoleInfo (RoleInfo.java:shutdownFollowerState(121)) - dcfd2284-ad1e-4267-a15d-7e148c2289cb: shutdown FollowerState
2019-09-27 09:19:00,957 [Thread-3895] INFO  impl.RaftServerImpl (RaftServerImpl.java:setRole(174)) - dcfd2284-ad1e-4267-a15d-7e148c2289cb@group-E3215D54F09B: changes role from  FOLLOWER to CANDIDATE at term 8 for changeToCandidate
2019-09-27 09:19:00,958 [Thread-3895] INFO  impl.RoleInfo (RoleInfo.java:updateAndGet(143)) - dcfd2284-ad1e-4267-a15d-7e148c2289cb: start LeaderElection
2019-09-27 09:19:00,973 [dcfd2284-ad1e-4267-a15d-7e148c2289cb@group-E3215D54F09B:LeaderElection65] INFO  impl.LeaderElection (LeaderElection.java:askForVotes(182)) - dcfd2284-ad1e-4267-a15d-7e148c2289cb@group-E3215D54F09B:LeaderElection65: begin an election at term 9 for 1: [dcfd2284-ad1e-4267-a15d-7e148c2289cb:192.168.151.103:35614, d1b97505-207e-4333-b006-552a83aa594e:192.168.151.103:33569, 88f71ae2-1168-411a-bccc-2088b7ef8e3f:192.168.151.103:33365], old=null
2019-09-27 09:19:00,975 [dcfd2284-ad1e-4267-a15d-7e148c2289cb@group-E3215D54F09B:LeaderElection65] INFO  impl.LeaderElection (LogUtils.java:infoOrTrace(149)) - dcfd2284-ad1e-4267-a15d-7e148c2289cb@group-E3215D54F09B:LeaderElection65 got exception when requesting votes: {}
java.util.concurrent.ExecutionException: org.apache.ratis.thirdparty.io.grpc.StatusRuntimeException: UNAVAILABLE: io exception
	at java.util.concurrent.FutureTask.report(FutureTask.java:122)
	at java.util.concurrent.FutureTask.get(FutureTask.java:192)
	at org.apache.ratis.server.impl.LeaderElection.waitForResults(LeaderElection.java:263)
	at org.apache.ratis.server.impl.LeaderElection.askForVotes(LeaderElection.java:201)
	at org.apache.ratis.server.impl.LeaderElection.run(LeaderElection.java:133)
	at java.lang.Thread.run(Thread.java:748)
Caused by: org.apache.ratis.thirdparty.io.grpc.StatusRuntimeException: UNAVAILABLE: io exception
	at org.apache.ratis.thirdparty.io.grpc.stub.ClientCalls.toStatusRuntimeException(ClientCalls.java:233)
	at org.apache.ratis.thirdparty.io.grpc.stub.ClientCalls.getUnchecked(ClientCalls.java:214)
	at org.apache.ratis.thirdparty.io.grpc.stub.ClientCalls.blockingUnaryCall(ClientCalls.java:139)
	at org.apache.ratis.proto.grpc.RaftServerProtocolServiceGrpc$RaftServerProtocolServiceBlockingStub.requestVote(RaftServerProtocolServiceGrpc.java:265)
	at org.apache.ratis.grpc.server.GrpcServerProtocolClient.requestVote(GrpcServerProtocolClient.java:90)
	at org.apache.ratis.grpc.server.GrpcService.requestVote(GrpcService.java:204)
	at org.apache.ratis.server.impl.LeaderElection.lambda$submitRequests$1(LeaderElection.java:238)
	at java.util.concurrent.FutureTask.run(FutureTask.java:266)
	at java.util.concurrent.Executors$RunnableAdapter.call(Executors.java:511)
	at java.util.concurrent.FutureTask.run(FutureTask.java:266)
	at java.util.concurrent.ThreadPoolExecutor.runWorker(ThreadPoolExecutor.java:1149)
	at java.util.concurrent.ThreadPoolExecutor$Worker.run(ThreadPoolExecutor.java:624)
	... 1 more
Caused by: org.apache.ratis.thirdparty.io.netty.channel.AbstractChannel$AnnotatedConnectException: Connection refused: /192.168.151.103:33569
	at sun.nio.ch.SocketChannelImpl.checkConnect(Native Method)
	at sun.nio.ch.SocketChannelImpl.finishConnect(SocketChannelImpl.java:717)
	at org.apache.ratis.thirdparty.io.netty.channel.socket.nio.NioSocketChannel.doFinishConnect(NioSocketChannel.java:327)
	at org.apache.ratis.thirdparty.io.netty.channel.nio.AbstractNioChannel$AbstractNioUnsafe.finishConnect(AbstractNioChannel.java:340)
	at org.apache.ratis.thirdparty.io.netty.channel.nio.NioEventLoop.processSelectedKey(NioEventLoop.java:632)
	at org.apache.ratis.thirdparty.io.netty.channel.nio.NioEventLoop.processSelectedKeysOptimized(NioEventLoop.java:579)
	at org.apache.ratis.thirdparty.io.netty.channel.nio.NioEventLoop.processSelectedKeys(NioEventLoop.java:496)
	at org.apache.ratis.thirdparty.io.netty.channel.nio.NioEventLoop.run(NioEventLoop.java:458)
	at org.apache.ratis.thirdparty.io.netty.util.concurrent.SingleThreadEventExecutor$5.run(SingleThreadEventExecutor.java:897)
	at org.apache.ratis.thirdparty.io.netty.util.concurrent.FastThreadLocalRunnable.run(FastThreadLocalRunnable.java:30)
	... 1 more
Caused by: java.net.ConnectException: Connection refused
	... 11 more
2019-09-27 09:19:01,431 [dcfd2284-ad1e-4267-a15d-7e148c2289cb@group-E3215D54F09B:LeaderElection65] INFO  impl.LeaderElection (LogUtils.java:infoOrTrace(149)) - dcfd2284-ad1e-4267-a15d-7e148c2289cb@group-E3215D54F09B:LeaderElection65 got exception when requesting votes: {}
java.util.concurrent.ExecutionException: org.apache.ratis.thirdparty.io.grpc.StatusRuntimeException: UNAVAILABLE: io exception
	at java.util.concurrent.FutureTask.report(FutureTask.java:122)
	at java.util.concurrent.FutureTask.get(FutureTask.java:192)
	at org.apache.ratis.server.impl.LeaderElection.waitForResults(LeaderElection.java:263)
	at org.apache.ratis.server.impl.LeaderElection.askForVotes(LeaderElection.java:201)
	at org.apache.ratis.server.impl.LeaderElection.run(LeaderElection.java:133)
	at java.lang.Thread.run(Thread.java:748)
Caused by: org.apache.ratis.thirdparty.io.grpc.StatusRuntimeException: UNAVAILABLE: io exception
	at org.apache.ratis.thirdparty.io.grpc.stub.ClientCalls.toStatusRuntimeException(ClientCalls.java:233)
	at org.apache.ratis.thirdparty.io.grpc.stub.ClientCalls.getUnchecked(ClientCalls.java:214)
	at org.apache.ratis.thirdparty.io.grpc.stub.ClientCalls.blockingUnaryCall(ClientCalls.java:139)
	at org.apache.ratis.proto.grpc.RaftServerProtocolServiceGrpc$RaftServerProtocolServiceBlockingStub.requestVote(RaftServerProtocolServiceGrpc.java:265)
	at org.apache.ratis.grpc.server.GrpcServerProtocolClient.requestVote(GrpcServerProtocolClient.java:90)
	at org.apache.ratis.grpc.server.GrpcService.requestVote(GrpcService.java:204)
	at org.apache.ratis.server.impl.LeaderElection.lambda$submitRequests$1(LeaderElection.java:238)
	at java.util.concurrent.FutureTask.run(FutureTask.java:266)
	at java.util.concurrent.Executors$RunnableAdapter.call(Executors.java:511)
	at java.util.concurrent.FutureTask.run(FutureTask.java:266)
	at java.util.concurrent.ThreadPoolExecutor.runWorker(ThreadPoolExecutor.java:1149)
	at java.util.concurrent.ThreadPoolExecutor$Worker.run(ThreadPoolExecutor.java:624)
	... 1 more
Caused by: org.apache.ratis.thirdparty.io.netty.channel.AbstractChannel$AnnotatedConnectException: Connection refused: /192.168.151.103:33365
	at sun.nio.ch.SocketChannelImpl.checkConnect(Native Method)
	at sun.nio.ch.SocketChannelImpl.finishConnect(SocketChannelImpl.java:717)
	at org.apache.ratis.thirdparty.io.netty.channel.socket.nio.NioSocketChannel.doFinishConnect(NioSocketChannel.java:327)
	at org.apache.ratis.thirdparty.io.netty.channel.nio.AbstractNioChannel$AbstractNioUnsafe.finishConnect(AbstractNioChannel.java:340)
	at org.apache.ratis.thirdparty.io.netty.channel.nio.NioEventLoop.processSelectedKey(NioEventLoop.java:632)
	at org.apache.ratis.thirdparty.io.netty.channel.nio.NioEventLoop.processSelectedKeysOptimized(NioEventLoop.java:579)
	at org.apache.ratis.thirdparty.io.netty.channel.nio.NioEventLoop.processSelectedKeys(NioEventLoop.java:496)
	at org.apache.ratis.thirdparty.io.netty.channel.nio.NioEventLoop.run(NioEventLoop.java:458)
	at org.apache.ratis.thirdparty.io.netty.util.concurrent.SingleThreadEventExecutor$5.run(SingleThreadEventExecutor.java:897)
	at org.apache.ratis.thirdparty.io.netty.util.concurrent.FastThreadLocalRunnable.run(FastThreadLocalRunnable.java:30)
	... 1 more
Caused by: java.net.ConnectException: Connection refused
	... 11 more
2019-09-27 09:19:01,435 [dcfd2284-ad1e-4267-a15d-7e148c2289cb@group-E3215D54F09B:LeaderElection65] INFO  impl.LeaderElection (LeaderElection.java:logAndReturn(56)) - dcfd2284-ad1e-4267-a15d-7e148c2289cb@group-E3215D54F09B:LeaderElection65: Election REJECTED; received 0 response(s) [] and 2 exception(s); dcfd2284-ad1e-4267-a15d-7e148c2289cb@group-E3215D54F09B:t9, leader=null, voted=dcfd2284-ad1e-4267-a15d-7e148c2289cb, raftlog=dcfd2284-ad1e-4267-a15d-7e148c2289cb@group-E3215D54F09B-SegmentedRaftLog:OPENED:c2,f2,i2, conf=1: [dcfd2284-ad1e-4267-a15d-7e148c2289cb:192.168.151.103:35614, d1b97505-207e-4333-b006-552a83aa594e:192.168.151.103:33569, 88f71ae2-1168-411a-bccc-2088b7ef8e3f:192.168.151.103:33365], old=null
2019-09-27 09:19:01,436 [dcfd2284-ad1e-4267-a15d-7e148c2289cb@group-E3215D54F09B:LeaderElection65] INFO  impl.LeaderElection (LogUtils.java:infoOrTrace(149)) -   Exception 0: {}
java.util.concurrent.ExecutionException: org.apache.ratis.thirdparty.io.grpc.StatusRuntimeException: UNAVAILABLE: io exception
	at java.util.concurrent.FutureTask.report(FutureTask.java:122)
	at java.util.concurrent.FutureTask.get(FutureTask.java:192)
	at org.apache.ratis.server.impl.LeaderElection.waitForResults(LeaderElection.java:263)
	at org.apache.ratis.server.impl.LeaderElection.askForVotes(LeaderElection.java:201)
	at org.apache.ratis.server.impl.LeaderElection.run(LeaderElection.java:133)
	at java.lang.Thread.run(Thread.java:748)
Caused by: org.apache.ratis.thirdparty.io.grpc.StatusRuntimeException: UNAVAILABLE: io exception
	at org.apache.ratis.thirdparty.io.grpc.stub.ClientCalls.toStatusRuntimeException(ClientCalls.java:233)
	at org.apache.ratis.thirdparty.io.grpc.stub.ClientCalls.getUnchecked(ClientCalls.java:214)
	at org.apache.ratis.thirdparty.io.grpc.stub.ClientCalls.blockingUnaryCall(ClientCalls.java:139)
	at org.apache.ratis.proto.grpc.RaftServerProtocolServiceGrpc$RaftServerProtocolServiceBlockingStub.requestVote(RaftServerProtocolServiceGrpc.java:265)
	at org.apache.ratis.grpc.server.GrpcServerProtocolClient.requestVote(GrpcServerProtocolClient.java:90)
	at org.apache.ratis.grpc.server.GrpcService.requestVote(GrpcService.java:204)
	at org.apache.ratis.server.impl.LeaderElection.lambda$submitRequests$1(LeaderElection.java:238)
	at java.util.concurrent.FutureTask.run(FutureTask.java:266)
	at java.util.concurrent.Executors$RunnableAdapter.call(Executors.java:511)
	at java.util.concurrent.FutureTask.run(FutureTask.java:266)
	at java.util.concurrent.ThreadPoolExecutor.runWorker(ThreadPoolExecutor.java:1149)
	at java.util.concurrent.ThreadPoolExecutor$Worker.run(ThreadPoolExecutor.java:624)
	... 1 more
Caused by: org.apache.ratis.thirdparty.io.netty.channel.AbstractChannel$AnnotatedConnectException: Connection refused: /192.168.151.103:33569
	at sun.nio.ch.SocketChannelImpl.checkConnect(Native Method)
	at sun.nio.ch.SocketChannelImpl.finishConnect(SocketChannelImpl.java:717)
	at org.apache.ratis.thirdparty.io.netty.channel.socket.nio.NioSocketChannel.doFinishConnect(NioSocketChannel.java:327)
	at org.apache.ratis.thirdparty.io.netty.channel.nio.AbstractNioChannel$AbstractNioUnsafe.finishConnect(AbstractNioChannel.java:340)
	at org.apache.ratis.thirdparty.io.netty.channel.nio.NioEventLoop.processSelectedKey(NioEventLoop.java:632)
	at org.apache.ratis.thirdparty.io.netty.channel.nio.NioEventLoop.processSelectedKeysOptimized(NioEventLoop.java:579)
	at org.apache.ratis.thirdparty.io.netty.channel.nio.NioEventLoop.processSelectedKeys(NioEventLoop.java:496)
	at org.apache.ratis.thirdparty.io.netty.channel.nio.NioEventLoop.run(NioEventLoop.java:458)
	at org.apache.ratis.thirdparty.io.netty.util.concurrent.SingleThreadEventExecutor$5.run(SingleThreadEventExecutor.java:897)
	at org.apache.ratis.thirdparty.io.netty.util.concurrent.FastThreadLocalRunnable.run(FastThreadLocalRunnable.java:30)
	... 1 more
Caused by: java.net.ConnectException: Connection refused
	... 11 more
2019-09-27 09:19:01,436 [dcfd2284-ad1e-4267-a15d-7e148c2289cb@group-E3215D54F09B:LeaderElection65] INFO  impl.LeaderElection (LogUtils.java:infoOrTrace(149)) -   Exception 1: {}
java.util.concurrent.ExecutionException: org.apache.ratis.thirdparty.io.grpc.StatusRuntimeException: UNAVAILABLE: io exception
	at java.util.concurrent.FutureTask.report(FutureTask.java:122)
	at java.util.concurrent.FutureTask.get(FutureTask.java:192)
	at org.apache.ratis.server.impl.LeaderElection.waitForResults(LeaderElection.java:263)
	at org.apache.ratis.server.impl.LeaderElection.askForVotes(LeaderElection.java:201)
	at org.apache.ratis.server.impl.LeaderElection.run(LeaderElection.java:133)
	at java.lang.Thread.run(Thread.java:748)
Caused by: org.apache.ratis.thirdparty.io.grpc.StatusRuntimeException: UNAVAILABLE: io exception
	at org.apache.ratis.thirdparty.io.grpc.stub.ClientCalls.toStatusRuntimeException(ClientCalls.java:233)
	at org.apache.ratis.thirdparty.io.grpc.stub.ClientCalls.getUnchecked(ClientCalls.java:214)
	at org.apache.ratis.thirdparty.io.grpc.stub.ClientCalls.blockingUnaryCall(ClientCalls.java:139)
	at org.apache.ratis.proto.grpc.RaftServerProtocolServiceGrpc$RaftServerProtocolServiceBlockingStub.requestVote(RaftServerProtocolServiceGrpc.java:265)
	at org.apache.ratis.grpc.server.GrpcServerProtocolClient.requestVote(GrpcServerProtocolClient.java:90)
	at org.apache.ratis.grpc.server.GrpcService.requestVote(GrpcService.java:204)
	at org.apache.ratis.server.impl.LeaderElection.lambda$submitRequests$1(LeaderElection.java:238)
	at java.util.concurrent.FutureTask.run(FutureTask.java:266)
	at java.util.concurrent.Executors$RunnableAdapter.call(Executors.java:511)
	at java.util.concurrent.FutureTask.run(FutureTask.java:266)
	at java.util.concurrent.ThreadPoolExecutor.runWorker(ThreadPoolExecutor.java:1149)
	at java.util.concurrent.ThreadPoolExecutor$Worker.run(ThreadPoolExecutor.java:624)
	... 1 more
Caused by: org.apache.ratis.thirdparty.io.netty.channel.AbstractChannel$AnnotatedConnectException: Connection refused: /192.168.151.103:33365
	at sun.nio.ch.SocketChannelImpl.checkConnect(Native Method)
	at sun.nio.ch.SocketChannelImpl.finishConnect(SocketChannelImpl.java:717)
	at org.apache.ratis.thirdparty.io.netty.channel.socket.nio.NioSocketChannel.doFinishConnect(NioSocketChannel.java:327)
	at org.apache.ratis.thirdparty.io.netty.channel.nio.AbstractNioChannel$AbstractNioUnsafe.finishConnect(AbstractNioChannel.java:340)
	at org.apache.ratis.thirdparty.io.netty.channel.nio.NioEventLoop.processSelectedKey(NioEventLoop.java:632)
	at org.apache.ratis.thirdparty.io.netty.channel.nio.NioEventLoop.processSelectedKeysOptimized(NioEventLoop.java:579)
	at org.apache.ratis.thirdparty.io.netty.channel.nio.NioEventLoop.processSelectedKeys(NioEventLoop.java:496)
	at org.apache.ratis.thirdparty.io.netty.channel.nio.NioEventLoop.run(NioEventLoop.java:458)
	at org.apache.ratis.thirdparty.io.netty.util.concurrent.SingleThreadEventExecutor$5.run(SingleThreadEventExecutor.java:897)
	at org.apache.ratis.thirdparty.io.netty.util.concurrent.FastThreadLocalRunnable.run(FastThreadLocalRunnable.java:30)
	... 1 more
Caused by: java.net.ConnectException: Connection refused
	... 11 more
2019-09-27 09:19:01,436 [dcfd2284-ad1e-4267-a15d-7e148c2289cb@group-E3215D54F09B:LeaderElection65] INFO  impl.RaftServerImpl (RaftServerImpl.java:setRole(174)) - dcfd2284-ad1e-4267-a15d-7e148c2289cb@group-E3215D54F09B: changes role from CANDIDATE to FOLLOWER at term 9 for DISCOVERED_A_NEW_TERM
2019-09-27 09:19:01,437 [dcfd2284-ad1e-4267-a15d-7e148c2289cb@group-E3215D54F09B:LeaderElection65] INFO  impl.RoleInfo (RoleInfo.java:shutdownLeaderElection(134)) - dcfd2284-ad1e-4267-a15d-7e148c2289cb: shutdown LeaderElection
2019-09-27 09:19:01,437 [dcfd2284-ad1e-4267-a15d-7e148c2289cb@group-E3215D54F09B:LeaderElection65] INFO  impl.RoleInfo (RoleInfo.java:updateAndGet(143)) - dcfd2284-ad1e-4267-a15d-7e148c2289cb: start FollowerState
2019-09-27 09:19:01,464 [grpc-default-executor-1] WARN  server.GrpcLogAppender (LogUtils.java:warn(134)) - debaddba-7ce7-4ada-b450-9c5d896bdac5@group-0080225EE277->ac644bf3-7673-4e49-8339-55bbab6b6107-AppendLogResponseHandler: Failed appendEntries: org.apache.ratis.thirdparty.io.grpc.StatusRuntimeException: UNAVAILABLE: io exception
2019-09-27 09:19:01,464 [grpc-default-executor-3] WARN  server.GrpcLogAppender (LogUtils.java:warn(134)) - debaddba-7ce7-4ada-b450-9c5d896bdac5@group-0080225EE277->4d5d320f-7099-447d-88bd-f0759179e632-AppendLogResponseHandler: Failed appendEntries: org.apache.ratis.thirdparty.io.grpc.StatusRuntimeException: UNAVAILABLE: io exception
2019-09-27 09:19:01,464 [grpc-default-executor-1] INFO  impl.FollowerInfo (FollowerInfo.java:lambda$new$0(51)) - debaddba-7ce7-4ada-b450-9c5d896bdac5@group-0080225EE277->ac644bf3-7673-4e49-8339-55bbab6b6107: nextIndex: updateUnconditionally 0 -> 0
2019-09-27 09:19:01,464 [grpc-default-executor-3] INFO  impl.FollowerInfo (FollowerInfo.java:lambda$new$0(51)) - debaddba-7ce7-4ada-b450-9c5d896bdac5@group-0080225EE277->4d5d320f-7099-447d-88bd-f0759179e632: nextIndex: updateUnconditionally 0 -> 0
2019-09-27 09:19:01,938 [grpc-default-executor-3] WARN  server.GrpcLogAppender (LogUtils.java:warn(134)) - debaddba-7ce7-4ada-b450-9c5d896bdac5@group-0080225EE277->4d5d320f-7099-447d-88bd-f0759179e632-AppendLogResponseHandler: Failed appendEntries: org.apache.ratis.thirdparty.io.grpc.StatusRuntimeException: UNAVAILABLE: io exception
2019-09-27 09:19:01,938 [grpc-default-executor-4] WARN  server.GrpcLogAppender (LogUtils.java:warn(134)) - debaddba-7ce7-4ada-b450-9c5d896bdac5@group-0080225EE277->ac644bf3-7673-4e49-8339-55bbab6b6107-AppendLogResponseHandler: Failed appendEntries: org.apache.ratis.thirdparty.io.grpc.StatusRuntimeException: UNAVAILABLE: io exception
2019-09-27 09:19:01,938 [grpc-default-executor-3] INFO  impl.FollowerInfo (FollowerInfo.java:lambda$new$0(51)) - debaddba-7ce7-4ada-b450-9c5d896bdac5@group-0080225EE277->4d5d320f-7099-447d-88bd-f0759179e632: nextIndex: updateUnconditionally 0 -> 0
2019-09-27 09:19:01,939 [grpc-default-executor-4] INFO  impl.FollowerInfo (FollowerInfo.java:lambda$new$0(51)) - debaddba-7ce7-4ada-b450-9c5d896bdac5@group-0080225EE277->ac644bf3-7673-4e49-8339-55bbab6b6107: nextIndex: updateUnconditionally 0 -> 0
2019-09-27 09:19:02,439 [grpc-default-executor-5] WARN  server.GrpcLogAppender (LogUtils.java:warn(134)) - debaddba-7ce7-4ada-b450-9c5d896bdac5@group-0080225EE277->4d5d320f-7099-447d-88bd-f0759179e632-AppendLogResponseHandler: Failed appendEntries: org.apache.ratis.thirdparty.io.grpc.StatusRuntimeException: UNAVAILABLE: io exception
2019-09-27 09:19:02,439 [grpc-default-executor-6] WARN  server.GrpcLogAppender (LogUtils.java:warn(134)) - debaddba-7ce7-4ada-b450-9c5d896bdac5@group-0080225EE277->ac644bf3-7673-4e49-8339-55bbab6b6107-AppendLogResponseHandler: Failed appendEntries: org.apache.ratis.thirdparty.io.grpc.StatusRuntimeException: UNAVAILABLE: io exception
2019-09-27 09:19:02,439 [grpc-default-executor-5] INFO  impl.FollowerInfo (FollowerInfo.java:lambda$new$0(51)) - debaddba-7ce7-4ada-b450-9c5d896bdac5@group-0080225EE277->4d5d320f-7099-447d-88bd-f0759179e632: nextIndex: updateUnconditionally 0 -> 0
2019-09-27 09:19:02,440 [grpc-default-executor-6] INFO  impl.FollowerInfo (FollowerInfo.java:lambda$new$0(51)) - debaddba-7ce7-4ada-b450-9c5d896bdac5@group-0080225EE277->ac644bf3-7673-4e49-8339-55bbab6b6107: nextIndex: updateUnconditionally 0 -> 0
2019-09-27 09:19:02,457 [main] INFO  ozoneimpl.OzoneContainer (OzoneContainer.java:stop(231)) - Attempting to stop container services.
2019-09-27 09:19:02,458 [ForkJoinPool.commonPool-worker-0] INFO  ozoneimpl.OzoneContainer (OzoneContainer.java:stop(231)) - Attempting to stop container services.
2019-09-27 09:19:02,458 [main] INFO  impl.RaftServerProxy (RaftServerProxy.java:lambda$close$4(314)) - debaddba-7ce7-4ada-b450-9c5d896bdac5: close
2019-09-27 09:19:02,458 [ForkJoinPool.commonPool-worker-0] INFO  impl.RaftServerProxy (RaftServerProxy.java:lambda$close$4(314)) - dcfd2284-ad1e-4267-a15d-7e148c2289cb: close
2019-09-27 09:19:02,458 [main] INFO  impl.RaftServerImpl (RaftServerImpl.java:lambda$shutdown$3(251)) - debaddba-7ce7-4ada-b450-9c5d896bdac5@group-BF01B37418CF: shutdown
2019-09-27 09:19:02,458 [ForkJoinPool.commonPool-worker-0] INFO  impl.RaftServerImpl (RaftServerImpl.java:lambda$shutdown$3(251)) - dcfd2284-ad1e-4267-a15d-7e148c2289cb@group-E3215D54F09B: shutdown
2019-09-27 09:19:02,459 [main] INFO  util.JmxRegister (JmxRegister.java:unregister(73)) - Successfully un-registered JMX Bean with object name Ratis:service=RaftServer,group=group-BF01B37418CF,id=debaddba-7ce7-4ada-b450-9c5d896bdac5
2019-09-27 09:19:02,459 [ForkJoinPool.commonPool-worker-0] INFO  util.JmxRegister (JmxRegister.java:unregister(73)) - Successfully un-registered JMX Bean with object name Ratis:service=RaftServer,group=group-E3215D54F09B,id=dcfd2284-ad1e-4267-a15d-7e148c2289cb
2019-09-27 09:19:02,459 [main] INFO  impl.RoleInfo (RoleInfo.java:shutdownLeaderState(104)) - debaddba-7ce7-4ada-b450-9c5d896bdac5: shutdown LeaderState
2019-09-27 09:19:02,459 [ForkJoinPool.commonPool-worker-0] INFO  impl.RoleInfo (RoleInfo.java:shutdownFollowerState(121)) - dcfd2284-ad1e-4267-a15d-7e148c2289cb: shutdown FollowerState
2019-09-27 09:19:02,459 [main] INFO  impl.PendingRequests (PendingRequests.java:sendNotLeaderResponses(202)) - debaddba-7ce7-4ada-b450-9c5d896bdac5-PendingRequests: sendNotLeaderResponses
2019-09-27 09:19:02,460 [Thread-3899] INFO  impl.FollowerState (FollowerState.java:run(115)) - dcfd2284-ad1e-4267-a15d-7e148c2289cb: FollowerState was interrupted: java.lang.InterruptedException: sleep interrupted
2019-09-27 09:19:02,460 [ForkJoinPool.commonPool-worker-0] INFO  impl.StateMachineUpdater (StateMachineUpdater.java:stopAndJoin(125)) - dcfd2284-ad1e-4267-a15d-7e148c2289cb@group-E3215D54F09B-StateMachineUpdater: set stopIndex = 2
2019-09-27 09:19:02,460 [main] INFO  impl.StateMachineUpdater (StateMachineUpdater.java:stopAndJoin(125)) - debaddba-7ce7-4ada-b450-9c5d896bdac5@group-BF01B37418CF-StateMachineUpdater: set stopIndex = 0
2019-09-27 09:19:02,462 [ForkJoinPool.commonPool-worker-0] INFO  impl.RaftServerImpl (ServerState.java:close(385)) - dcfd2284-ad1e-4267-a15d-7e148c2289cb@group-E3215D54F09B: closes. applyIndex: 2
2019-09-27 09:19:02,462 [main] INFO  impl.RaftServerImpl (ServerState.java:close(385)) - debaddba-7ce7-4ada-b450-9c5d896bdac5@group-BF01B37418CF: closes. applyIndex: 0
2019-09-27 09:19:02,463 [dcfd2284-ad1e-4267-a15d-7e148c2289cb@group-E3215D54F09B-SegmentedRaftLogWorker] INFO  segmented.SegmentedRaftLogWorker (SegmentedRaftLogWorker.java:run(313)) - dcfd2284-ad1e-4267-a15d-7e148c2289cb@group-E3215D54F09B-SegmentedRaftLogWorker was interrupted, exiting. There are 0 tasks remaining in the queue.
2019-09-27 09:19:02,463 [debaddba-7ce7-4ada-b450-9c5d896bdac5@group-BF01B37418CF-SegmentedRaftLogWorker] INFO  segmented.SegmentedRaftLogWorker (SegmentedRaftLogWorker.java:run(313)) - debaddba-7ce7-4ada-b450-9c5d896bdac5@group-BF01B37418CF-SegmentedRaftLogWorker was interrupted, exiting. There are 0 tasks remaining in the queue.
2019-09-27 09:19:02,463 [main] INFO  segmented.SegmentedRaftLogWorker (SegmentedRaftLogWorker.java:close(228)) - debaddba-7ce7-4ada-b450-9c5d896bdac5@group-BF01B37418CF-SegmentedRaftLogWorker close()
2019-09-27 09:19:02,463 [ForkJoinPool.commonPool-worker-0] INFO  segmented.SegmentedRaftLogWorker (SegmentedRaftLogWorker.java:close(228)) - dcfd2284-ad1e-4267-a15d-7e148c2289cb@group-E3215D54F09B-SegmentedRaftLogWorker close()
2019-09-27 09:19:02,464 [main] INFO  impl.RaftServerImpl (RaftServerImpl.java:lambda$shutdown$3(251)) - debaddba-7ce7-4ada-b450-9c5d896bdac5@group-0080225EE277: shutdown
2019-09-27 09:19:02,464 [ForkJoinPool.commonPool-worker-0] INFO  impl.RaftServerImpl (RaftServerImpl.java:lambda$shutdown$3(251)) - dcfd2284-ad1e-4267-a15d-7e148c2289cb@group-B50700214615: shutdown
2019-09-27 09:19:02,464 [main] INFO  util.JmxRegister (JmxRegister.java:unregister(73)) - Successfully un-registered JMX Bean with object name Ratis:service=RaftServer,group=group-0080225EE277,id=debaddba-7ce7-4ada-b450-9c5d896bdac5
2019-09-27 09:19:02,464 [ForkJoinPool.commonPool-worker-0] INFO  util.JmxRegister (JmxRegister.java:unregister(73)) - Successfully un-registered JMX Bean with object name Ratis:service=RaftServer,group=group-B50700214615,id=dcfd2284-ad1e-4267-a15d-7e148c2289cb
2019-09-27 09:19:02,465 [main] INFO  impl.RoleInfo (RoleInfo.java:shutdownLeaderState(104)) - debaddba-7ce7-4ada-b450-9c5d896bdac5: shutdown LeaderState
2019-09-27 09:19:02,465 [ForkJoinPool.commonPool-worker-0] INFO  impl.RoleInfo (RoleInfo.java:shutdownLeaderState(104)) - dcfd2284-ad1e-4267-a15d-7e148c2289cb: shutdown LeaderState
2019-09-27 09:19:02,471 [org.apache.ratis.server.impl.LogAppender$AppenderDaemon$$Lambda$400/247186050@182d5e4b] WARN  server.GrpcLogAppender (GrpcLogAppender.java:mayWait(143)) - debaddba-7ce7-4ada-b450-9c5d896bdac5@group-0080225EE277->ac644bf3-7673-4e49-8339-55bbab6b6107-GrpcLogAppender: Wait interrupted by java.lang.InterruptedException
2019-09-27 09:19:02,471 [org.apache.ratis.server.impl.LogAppender$AppenderDaemon$$Lambda$400/247186050@4692a68b] WARN  server.GrpcLogAppender (GrpcLogAppender.java:mayWait(143)) - debaddba-7ce7-4ada-b450-9c5d896bdac5@group-0080225EE277->4d5d320f-7099-447d-88bd-f0759179e632-GrpcLogAppender: Wait interrupted by java.lang.InterruptedException
2019-09-27 09:19:02,471 [main] INFO  impl.PendingRequests (PendingRequests.java:sendNotLeaderResponses(202)) - debaddba-7ce7-4ada-b450-9c5d896bdac5-PendingRequests: sendNotLeaderResponses
2019-09-27 09:19:02,471 [ForkJoinPool.commonPool-worker-0] INFO  impl.PendingRequests (PendingRequests.java:sendNotLeaderResponses(202)) - dcfd2284-ad1e-4267-a15d-7e148c2289cb-PendingRequests: sendNotLeaderResponses
2019-09-27 09:19:02,472 [main] INFO  impl.StateMachineUpdater (StateMachineUpdater.java:stopAndJoin(125)) - debaddba-7ce7-4ada-b450-9c5d896bdac5@group-0080225EE277-StateMachineUpdater: set stopIndex = 4
2019-09-27 09:19:02,472 [ForkJoinPool.commonPool-worker-0] INFO  impl.StateMachineUpdater (StateMachineUpdater.java:stopAndJoin(125)) - dcfd2284-ad1e-4267-a15d-7e148c2289cb@group-B50700214615-StateMachineUpdater: set stopIndex = 0
2019-09-27 09:19:02,472 [main] INFO  impl.RaftServerImpl (ServerState.java:close(385)) - debaddba-7ce7-4ada-b450-9c5d896bdac5@group-0080225EE277: closes. applyIndex: 4
2019-09-27 09:19:02,472 [ForkJoinPool.commonPool-worker-0] INFO  impl.RaftServerImpl (ServerState.java:close(385)) - dcfd2284-ad1e-4267-a15d-7e148c2289cb@group-B50700214615: closes. applyIndex: 0
2019-09-27 09:19:02,472 [debaddba-7ce7-4ada-b450-9c5d896bdac5@group-0080225EE277-SegmentedRaftLogWorker] INFO  segmented.SegmentedRaftLogWorker (SegmentedRaftLogWorker.java:run(313)) - debaddba-7ce7-4ada-b450-9c5d896bdac5@group-0080225EE277-SegmentedRaftLogWorker was interrupted, exiting. There are 0 tasks remaining in the queue.
2019-09-27 09:19:02,474 [dcfd2284-ad1e-4267-a15d-7e148c2289cb@group-B50700214615-SegmentedRaftLogWorker] INFO  segmented.SegmentedRaftLogWorker (SegmentedRaftLogWorker.java:run(313)) - dcfd2284-ad1e-4267-a15d-7e148c2289cb@group-B50700214615-SegmentedRaftLogWorker was interrupted, exiting. There are 0 tasks remaining in the queue.
2019-09-27 09:19:02,474 [main] INFO  segmented.SegmentedRaftLogWorker (SegmentedRaftLogWorker.java:close(228)) - debaddba-7ce7-4ada-b450-9c5d896bdac5@group-0080225EE277-SegmentedRaftLogWorker close()
2019-09-27 09:19:02,474 [ForkJoinPool.commonPool-worker-0] INFO  segmented.SegmentedRaftLogWorker (SegmentedRaftLogWorker.java:close(228)) - dcfd2284-ad1e-4267-a15d-7e148c2289cb@group-B50700214615-SegmentedRaftLogWorker close()
2019-09-27 09:19:02,475 [main] INFO  server.GrpcService (GrpcService.java:closeImpl(164)) - debaddba-7ce7-4ada-b450-9c5d896bdac5: shutdown server with port 37277 now
2019-09-27 09:19:02,475 [ForkJoinPool.commonPool-worker-0] INFO  server.GrpcService (GrpcService.java:closeImpl(164)) - dcfd2284-ad1e-4267-a15d-7e148c2289cb: shutdown server with port 35614 now
2019-09-27 09:19:02,476 [main] INFO  server.GrpcService (GrpcService.java:closeImpl(172)) - debaddba-7ce7-4ada-b450-9c5d896bdac5: shutdown server with port 37277 successfully
2019-09-27 09:19:02,476 [ForkJoinPool.commonPool-worker-0] INFO  server.GrpcService (GrpcService.java:closeImpl(172)) - dcfd2284-ad1e-4267-a15d-7e148c2289cb: shutdown server with port 35614 successfully
2019-09-27 09:19:02,478 [refreshUsed-/workdir/hadoop-ozone/integration-test/target/test-dir/MiniOzoneClusterImpl-283270ba-aa50-4746-a1ea-b4b278bb6973/datanode-1/data/containers] WARN  fs.CachingGetSpaceUsed (CachingGetSpaceUsed.java:run(183)) - Thread Interrupted waiting to refresh disk information: sleep interrupted
2019-09-27 09:19:02,484 [refreshUsed-/workdir/hadoop-ozone/integration-test/target/test-dir/MiniOzoneClusterImpl-283270ba-aa50-4746-a1ea-b4b278bb6973/datanode-7/data/containers] WARN  fs.CachingGetSpaceUsed (CachingGetSpaceUsed.java:run(183)) - Thread Interrupted waiting to refresh disk information: sleep interrupted
2019-09-27 09:19:02,490 [ForkJoinPool.commonPool-worker-0] INFO  utils.BackgroundService (BackgroundService.java:shutdown(148)) - Shutting down service BlockDeletingService
2019-09-27 09:19:02,493 [ForkJoinPool.commonPool-worker-0] INFO  statemachine.DatanodeStateMachine (DatanodeStateMachine.java:stopDaemon(395)) - Ozone container server stopped.
2019-09-27 09:19:02,495 [ForkJoinPool.commonPool-worker-0] INFO  handler.ContextHandler (ContextHandler.java:doStop(910)) - Stopped o.e.j.w.WebAppContext@44fdce3c{/,null,UNAVAILABLE}{/hddsDatanode}
2019-09-27 09:19:02,496 [ForkJoinPool.commonPool-worker-0] INFO  server.AbstractConnector (AbstractConnector.java:doStop(318)) - Stopped ServerConnector@712c5463{HTTP/1.1,[http/1.1]}{0.0.0.0:0}
2019-09-27 09:19:02,496 [main] INFO  utils.BackgroundService (BackgroundService.java:shutdown(148)) - Shutting down service BlockDeletingService
2019-09-27 09:19:02,496 [ForkJoinPool.commonPool-worker-0] INFO  handler.ContextHandler (ContextHandler.java:doStop(910)) - Stopped o.e.j.s.ServletContextHandler@4364863{/static,jar:file:/home/user/.m2/repository/org/apache/hadoop/hadoop-hdds-container-service/0.5.0-SNAPSHOT/hadoop-hdds-container-service-0.5.0-SNAPSHOT.jar!/webapps/static,UNAVAILABLE}
2019-09-27 09:19:02,497 [ForkJoinPool.commonPool-worker-0] INFO  handler.ContextHandler (ContextHandler.java:doStop(910)) - Stopped o.e.j.s.ServletContextHandler@a83495d{/logs,file:///workdir/hadoop-ozone/integration-test/target/log,UNAVAILABLE}
2019-09-27 09:19:02,502 [main] INFO  statemachine.DatanodeStateMachine (DatanodeStateMachine.java:stopDaemon(395)) - Ozone container server stopped.
2019-09-27 09:19:02,503 [main] INFO  handler.ContextHandler (ContextHandler.java:doStop(910)) - Stopped o.e.j.w.WebAppContext@4eea94a4{/,null,UNAVAILABLE}{/hddsDatanode}
2019-09-27 09:19:02,503 [main] INFO  server.AbstractConnector (AbstractConnector.java:doStop(318)) - Stopped ServerConnector@7c281eb8{HTTP/1.1,[http/1.1]}{0.0.0.0:0}
2019-09-27 09:19:02,503 [main] INFO  handler.ContextHandler (ContextHandler.java:doStop(910)) - Stopped o.e.j.s.ServletContextHandler@36ab3814{/static,jar:file:/home/user/.m2/repository/org/apache/hadoop/hadoop-hdds-container-service/0.5.0-SNAPSHOT/hadoop-hdds-container-service-0.5.0-SNAPSHOT.jar!/webapps/static,UNAVAILABLE}
2019-09-27 09:19:02,504 [main] INFO  handler.ContextHandler (ContextHandler.java:doStop(910)) - Stopped o.e.j.s.ServletContextHandler@2e463f4{/logs,file:///workdir/hadoop-ozone/integration-test/target/log,UNAVAILABLE}
2019-09-27 09:19:02,505 [main] INFO  ozone.MiniOzoneClusterImpl (MiniOzoneClusterImpl.java:stopSCM(392)) - Stopping the StorageContainerManager
2019-09-27 09:19:02,505 [main] INFO  server.StorageContainerManager (StorageContainerManager.java:stop(808)) - Stopping Replication Manager Service.
2019-09-27 09:19:02,505 [main] INFO  container.ReplicationManager (ReplicationManager.java:stop(203)) - Stopping Replication Monitor Thread.
2019-09-27 09:19:02,505 [main] INFO  server.StorageContainerManager (StorageContainerManager.java:stop(815)) - Stopping Lease Manager of the command watchers
2019-09-27 09:19:02,505 [main] INFO  server.StorageContainerManager (StorageContainerManager.java:stop(822)) - Stopping datanode service RPC server
2019-09-27 09:19:02,505 [main] INFO  server.SCMDatanodeProtocolServer (SCMDatanodeProtocolServer.java:stop(367)) - Stopping the RPC server for DataNodes
2019-09-27 09:19:02,506 [main] INFO  ipc.Server (Server.java:stop(3082)) - Stopping server on 39927
2019-09-27 09:19:02,508 [IPC Server listener on 39927] INFO  ipc.Server (Server.java:run(1185)) - Stopping IPC Server listener on 39927
2019-09-27 09:19:02,508 [IPC Server Responder] INFO  ipc.Server (Server.java:run(1319)) - Stopping IPC Server Responder
2019-09-27 09:19:02,583 [SCM Heartbeat Processing Thread - 0] WARN  node.NodeStateManager (NodeStateManager.java:scheduleNextHealthCheck(646)) - Current Thread is interrupted, shutting down HB processing thread for Node Manager.
2019-09-27 09:19:02,583 [main] INFO  server.StorageContainerManager (StorageContainerManager.java:stop(830)) - Stopping block service RPC server
2019-09-27 09:19:02,584 [main] INFO  server.SCMBlockProtocolServer (SCMBlockProtocolServer.java:stop(155)) - Stopping the RPC server for Block Protocol
2019-09-27 09:19:02,584 [main] INFO  ipc.Server (Server.java:stop(3082)) - Stopping server on 41361
2019-09-27 09:19:02,586 [IPC Server listener on 41361] INFO  ipc.Server (Server.java:run(1185)) - Stopping IPC Server listener on 41361
2019-09-27 09:19:02,587 [main] INFO  server.StorageContainerManager (StorageContainerManager.java:stop(837)) - Stopping the StorageContainerLocationProtocol RPC server
2019-09-27 09:19:02,587 [IPC Server Responder] INFO  ipc.Server (Server.java:run(1319)) - Stopping IPC Server Responder
2019-09-27 09:19:02,588 [main] INFO  server.SCMClientProtocolServer (SCMClientProtocolServer.java:stop(159)) - Stopping the RPC server for Client Protocol
2019-09-27 09:19:02,588 [main] INFO  ipc.Server (Server.java:stop(3082)) - Stopping server on 34675
2019-09-27 09:19:02,590 [IPC Server listener on 34675] INFO  ipc.Server (Server.java:run(1185)) - Stopping IPC Server listener on 34675
2019-09-27 09:19:02,590 [main] INFO  server.StorageContainerManager (StorageContainerManager.java:stop(844)) - Stopping Storage Container Manager HTTP server.
2019-09-27 09:19:02,591 [IPC Server Responder] INFO  ipc.Server (Server.java:run(1319)) - Stopping IPC Server Responder
2019-09-27 09:19:02,592 [main] INFO  handler.ContextHandler (ContextHandler.java:doStop(910)) - Stopped o.e.j.w.WebAppContext@1a47a1e8{/,null,UNAVAILABLE}{/scm}
2019-09-27 09:19:02,592 [main] INFO  server.AbstractConnector (AbstractConnector.java:doStop(318)) - Stopped ServerConnector@6d2a2560{HTTP/1.1,[http/1.1]}{0.0.0.0:0}
2019-09-27 09:19:02,593 [main] INFO  handler.ContextHandler (ContextHandler.java:doStop(910)) - Stopped o.e.j.s.ServletContextHandler@777d191f{/static,file:///workdir/hadoop-ozone/integration-test/target/test-classes/webapps/static,UNAVAILABLE}
2019-09-27 09:19:02,593 [main] INFO  handler.ContextHandler (ContextHandler.java:doStop(910)) - Stopped o.e.j.s.ServletContextHandler@3b7eac14{/logs,file:///workdir/hadoop-ozone/integration-test/target/log,UNAVAILABLE}
2019-09-27 09:19:02,594 [main] INFO  server.StorageContainerManager (StorageContainerManager.java:stop(855)) - Stopping Block Manager Service.
2019-09-27 09:19:02,595 [main] INFO  utils.BackgroundService (BackgroundService.java:shutdown(148)) - Shutting down service SCMBlockDeletingService
2019-09-27 09:19:02,595 [main] INFO  utils.BackgroundService (BackgroundService.java:shutdown(148)) - Shutting down service SCMBlockDeletingService
2019-09-27 09:19:02,595 [main] INFO  server.StorageContainerManager (StorageContainerManager.java:stop(877)) - Stopping SCM Event Queue.
2019-09-27 09:19:02,599 [main] INFO  impl.MetricsSystemImpl (MetricsSystemImpl.java:stop(210)) - Stopping HddsDatanode metrics system...
2019-09-27 09:19:02,614 [main] INFO  impl.MetricsSystemImpl (MetricsSystemImpl.java:stop(216)) - HddsDatanode metrics system stopped.
]]></system-out>
    <system-err><![CDATA[Sep 27, 2019 9:18:42 AM org.apache.ratis.thirdparty.io.grpc.internal.SerializingExecutor run
SEVERE: Exception while executing runnable org.apache.ratis.thirdparty.io.grpc.internal.ServerImpl$JumpToApplicationThreadServerStreamListener$1Closed@617874e
org.apache.ratis.thirdparty.io.grpc.StatusRuntimeException: CANCELLED: call already cancelled
	at org.apache.ratis.thirdparty.io.grpc.Status.asRuntimeException(Status.java:517)
	at org.apache.ratis.thirdparty.io.grpc.stub.ServerCalls$ServerCallStreamObserverImpl.onCompleted(ServerCalls.java:356)
	at org.apache.ratis.grpc.server.GrpcServerProtocolService$ServerRequestStreamObserver.onError(GrpcServerProtocolService.java:121)
	at org.apache.ratis.thirdparty.io.grpc.stub.ServerCalls$StreamingServerCallHandler$StreamingServerCallListener.onCancel(ServerCalls.java:269)
	at org.apache.ratis.thirdparty.io.grpc.internal.ServerCallImpl$ServerStreamListenerImpl.closed(ServerCallImpl.java:293)
	at org.apache.ratis.thirdparty.io.grpc.internal.ServerImpl$JumpToApplicationThreadServerStreamListener$1Closed.runInContext(ServerImpl.java:741)
	at org.apache.ratis.thirdparty.io.grpc.internal.ContextRunnable.run(ContextRunnable.java:37)
	at org.apache.ratis.thirdparty.io.grpc.internal.SerializingExecutor.run(SerializingExecutor.java:123)
	at java.util.concurrent.ThreadPoolExecutor.runWorker(ThreadPoolExecutor.java:1149)
	at java.util.concurrent.ThreadPoolExecutor$Worker.run(ThreadPoolExecutor.java:624)
	at java.lang.Thread.run(Thread.java:748)

Sep 27, 2019 9:18:57 AM org.apache.ratis.thirdparty.io.grpc.internal.SerializingExecutor run
SEVERE: Exception while executing runnable org.apache.ratis.thirdparty.io.grpc.internal.ServerImpl$JumpToApplicationThreadServerStreamListener$1Closed@54f9e3fc
org.apache.ratis.thirdparty.io.grpc.StatusRuntimeException: CANCELLED: call already cancelled
	at org.apache.ratis.thirdparty.io.grpc.Status.asRuntimeException(Status.java:517)
	at org.apache.ratis.thirdparty.io.grpc.stub.ServerCalls$ServerCallStreamObserverImpl.onCompleted(ServerCalls.java:356)
	at org.apache.ratis.grpc.server.GrpcServerProtocolService$ServerRequestStreamObserver.onError(GrpcServerProtocolService.java:121)
	at org.apache.ratis.thirdparty.io.grpc.stub.ServerCalls$StreamingServerCallHandler$StreamingServerCallListener.onCancel(ServerCalls.java:269)
	at org.apache.ratis.thirdparty.io.grpc.internal.ServerCallImpl$ServerStreamListenerImpl.closed(ServerCallImpl.java:293)
	at org.apache.ratis.thirdparty.io.grpc.internal.ServerImpl$JumpToApplicationThreadServerStreamListener$1Closed.runInContext(ServerImpl.java:741)
	at org.apache.ratis.thirdparty.io.grpc.internal.ContextRunnable.run(ContextRunnable.java:37)
	at org.apache.ratis.thirdparty.io.grpc.internal.SerializingExecutor.run(SerializingExecutor.java:123)
	at java.util.concurrent.ThreadPoolExecutor.runWorker(ThreadPoolExecutor.java:1149)
	at java.util.concurrent.ThreadPoolExecutor$Worker.run(ThreadPoolExecutor.java:624)
	at java.lang.Thread.run(Thread.java:748)

]]></system-err>
  </testcase>
  <testcase name="testWriteSmallFile" classname="org.apache.hadoop.ozone.client.rpc.TestFailureHandlingByClient" time="141.208">
    <error message="Connection refused" type="java.net.ConnectException"><![CDATA[java.net.ConnectException: Connection refused
	at sun.nio.ch.SocketChannelImpl.checkConnect(Native Method)
	at sun.nio.ch.SocketChannelImpl.finishConnect(SocketChannelImpl.java:717)
	at org.apache.hadoop.net.SocketIOWithTimeout.connect(SocketIOWithTimeout.java:206)
	at org.apache.hadoop.net.NetUtils.connect(NetUtils.java:531)
	at org.apache.hadoop.ipc.Client$Connection.setupConnection(Client.java:690)
	at org.apache.hadoop.ipc.Client$Connection.setupIOstreams(Client.java:794)
	at org.apache.hadoop.ipc.Client$Connection.access$3700(Client.java:411)
	at org.apache.hadoop.ipc.Client.getConnection(Client.java:1572)
	at org.apache.hadoop.ipc.Client.call(Client.java:1403)
	at org.apache.hadoop.ipc.Client.call(Client.java:1367)
	at org.apache.hadoop.ipc.ProtobufRpcEngine$Invoker.invoke(ProtobufRpcEngine.java:228)
	at org.apache.hadoop.ipc.ProtobufRpcEngine$Invoker.invoke(ProtobufRpcEngine.java:116)
	at com.sun.proxy.$Proxy35.submitRequest(Unknown Source)
	at sun.reflect.GeneratedMethodAccessor36.invoke(Unknown Source)
	at sun.reflect.DelegatingMethodAccessorImpl.invoke(DelegatingMethodAccessorImpl.java:43)
	at java.lang.reflect.Method.invoke(Method.java:498)
	at org.apache.hadoop.io.retry.RetryInvocationHandler.invokeMethod(RetryInvocationHandler.java:422)
	at org.apache.hadoop.io.retry.RetryInvocationHandler$Call.invokeMethod(RetryInvocationHandler.java:165)
	at org.apache.hadoop.io.retry.RetryInvocationHandler$Call.invoke(RetryInvocationHandler.java:157)
	at org.apache.hadoop.io.retry.RetryInvocationHandler$Call.invokeOnce(RetryInvocationHandler.java:95)
	at org.apache.hadoop.io.retry.RetryInvocationHandler.invoke(RetryInvocationHandler.java:359)
	at com.sun.proxy.$Proxy35.submitRequest(Unknown Source)
	at org.apache.hadoop.ozone.om.protocolPB.OzoneManagerProtocolClientSideTranslatorPB.submitRequest(OzoneManagerProtocolClientSideTranslatorPB.java:338)
	at org.apache.hadoop.ozone.om.protocolPB.OzoneManagerProtocolClientSideTranslatorPB.getServiceInfo(OzoneManagerProtocolClientSideTranslatorPB.java:1223)
	at sun.reflect.NativeMethodAccessorImpl.invoke0(Native Method)
	at sun.reflect.NativeMethodAccessorImpl.invoke(NativeMethodAccessorImpl.java:62)
	at sun.reflect.DelegatingMethodAccessorImpl.invoke(DelegatingMethodAccessorImpl.java:43)
	at java.lang.reflect.Method.invoke(Method.java:498)
	at org.apache.hadoop.hdds.tracing.TraceAllMethod.invoke(TraceAllMethod.java:66)
	at com.sun.proxy.$Proxy36.getServiceInfo(Unknown Source)
	at org.apache.hadoop.ozone.client.rpc.RpcClient.<init>(RpcClient.java:154)
	at org.apache.hadoop.ozone.client.OzoneClientFactory.getClientProtocol(OzoneClientFactory.java:256)
	at org.apache.hadoop.ozone.client.OzoneClientFactory.getClientProtocol(OzoneClientFactory.java:239)
	at org.apache.hadoop.ozone.client.OzoneClientFactory.getClient(OzoneClientFactory.java:75)
	at org.apache.hadoop.ozone.client.rpc.TestFailureHandlingByClient.init(TestFailureHandlingByClient.java:111)
	at org.apache.hadoop.ozone.client.rpc.TestFailureHandlingByClient.startCluster(TestFailureHandlingByClient.java:121)
	at org.apache.hadoop.ozone.client.rpc.TestFailureHandlingByClient.testWriteSmallFile(TestFailureHandlingByClient.java:177)
	at sun.reflect.NativeMethodAccessorImpl.invoke0(Native Method)
	at sun.reflect.NativeMethodAccessorImpl.invoke(NativeMethodAccessorImpl.java:62)
	at sun.reflect.DelegatingMethodAccessorImpl.invoke(DelegatingMethodAccessorImpl.java:43)
	at java.lang.reflect.Method.invoke(Method.java:498)
	at org.junit.runners.model.FrameworkMethod$1.runReflectiveCall(FrameworkMethod.java:47)
	at org.junit.internal.runners.model.ReflectiveCallable.run(ReflectiveCallable.java:12)
	at org.junit.runners.model.FrameworkMethod.invokeExplosively(FrameworkMethod.java:44)
	at org.junit.internal.runners.statements.InvokeMethod.evaluate(InvokeMethod.java:17)
	at org.junit.internal.runners.statements.RunAfters.evaluate(RunAfters.java:27)
	at org.junit.runners.ParentRunner.runLeaf(ParentRunner.java:271)
	at org.junit.runners.BlockJUnit4ClassRunner.runChild(BlockJUnit4ClassRunner.java:70)
	at org.junit.runners.BlockJUnit4ClassRunner.runChild(BlockJUnit4ClassRunner.java:50)
	at org.junit.runners.ParentRunner$3.run(ParentRunner.java:238)
	at org.junit.runners.ParentRunner$1.schedule(ParentRunner.java:63)
	at org.junit.runners.ParentRunner.runChildren(ParentRunner.java:236)
	at org.junit.runners.ParentRunner.access$000(ParentRunner.java:53)
	at org.junit.runners.ParentRunner$2.evaluate(ParentRunner.java:229)
	at org.junit.runners.ParentRunner.run(ParentRunner.java:309)
	at org.apache.maven.surefire.junit4.JUnit4Provider.execute(JUnit4Provider.java:365)
	at org.apache.maven.surefire.junit4.JUnit4Provider.executeWithRerun(JUnit4Provider.java:273)
	at org.apache.maven.surefire.junit4.JUnit4Provider.executeTestSet(JUnit4Provider.java:238)
	at org.apache.maven.surefire.junit4.JUnit4Provider.invoke(JUnit4Provider.java:159)
	at org.apache.maven.surefire.booter.ForkedBooter.invokeProviderInSameClassLoader(ForkedBooter.java:384)
	at org.apache.maven.surefire.booter.ForkedBooter.runSuitesInProcess(ForkedBooter.java:345)
	at org.apache.maven.surefire.booter.ForkedBooter.execute(ForkedBooter.java:126)
	at org.apache.maven.surefire.booter.ForkedBooter.main(ForkedBooter.java:418)
]]></error>
    <system-out><![CDATA[2019-09-27 09:19:02,648 [main] WARN  server.ServerUtils (ServerUtils.java:getScmDbDir(145)) - ozone.scm.db.dirs is not configured. We recommend adding this setting. Falling back to ozone.metadata.dirs instead.
2019-09-27 09:19:02,673 [main] WARN  server.ServerUtils (ServerUtils.java:getScmDbDir(145)) - ozone.scm.db.dirs is not configured. We recommend adding this setting. Falling back to ozone.metadata.dirs instead.
2019-09-27 09:19:02,674 [main] WARN  server.ServerUtils (ServerUtils.java:getScmDbDir(145)) - ozone.scm.db.dirs is not configured. We recommend adding this setting. Falling back to ozone.metadata.dirs instead.
2019-09-27 09:19:02,674 [main] INFO  db.DBStoreBuilder (DBStoreBuilder.java:addTable(110)) - using custom profile for table: deletedBlocks
2019-09-27 09:19:02,674 [main] INFO  db.DBStoreBuilder (DBStoreBuilder.java:processTables(161)) - Using default column profile:DBProfile.DISK for Table:deletedBlocks
2019-09-27 09:19:02,675 [main] INFO  db.DBStoreBuilder (DBStoreBuilder.java:addTable(110)) - using custom profile for table: validCerts
2019-09-27 09:19:02,675 [main] INFO  db.DBStoreBuilder (DBStoreBuilder.java:processTables(161)) - Using default column profile:DBProfile.DISK for Table:validCerts
2019-09-27 09:19:02,675 [main] INFO  db.DBStoreBuilder (DBStoreBuilder.java:addTable(110)) - using custom profile for table: revokedCerts
2019-09-27 09:19:02,675 [main] INFO  db.DBStoreBuilder (DBStoreBuilder.java:processTables(161)) - Using default column profile:DBProfile.DISK for Table:revokedCerts
2019-09-27 09:19:02,675 [main] INFO  db.DBStoreBuilder (DBStoreBuilder.java:addTable(110)) - using custom profile for table: default
2019-09-27 09:19:02,676 [main] INFO  db.DBStoreBuilder (DBStoreBuilder.java:processTables(167)) - Using default column profile:DBProfile.DISK for Table:default
2019-09-27 09:19:02,676 [main] INFO  db.DBStoreBuilder (DBStoreBuilder.java:getDbProfile(198)) - Using default options. DBProfile.DISK
2019-09-27 09:19:02,740 [main] INFO  net.NodeSchemaLoader (NodeSchemaLoader.java:loadSchemaFromFile(125)) - Loading file from sun.misc.CompoundEnumeration@1ff15a50
2019-09-27 09:19:02,740 [main] INFO  net.NodeSchemaLoader (NodeSchemaLoader.java:loadSchema(171)) - Loading network topology layer schema file
2019-09-27 09:19:02,744 [main] INFO  node.SCMNodeManager (SCMNodeManager.java:<init>(114)) - Entering startup safe mode.
2019-09-27 09:19:02,745 [main] INFO  algorithms.ContainerPlacementPolicyFactory (ContainerPlacementPolicyFactory.java:getPolicy(57)) - Create container placement policy of type org.apache.hadoop.hdds.scm.container.placement.algorithms.SCMContainerPlacementRandom
2019-09-27 09:19:02,745 [main] WARN  server.ServerUtils (ServerUtils.java:getScmDbDir(145)) - ozone.scm.db.dirs is not configured. We recommend adding this setting. Falling back to ozone.metadata.dirs instead.
2019-09-27 09:19:02,766 [main] INFO  pipeline.SCMPipelineManager (SCMPipelineManager.java:initializePipelineState(132)) - No pipeline exists in current db
2019-09-27 09:19:02,767 [main] WARN  server.ServerUtils (ServerUtils.java:getScmDbDir(145)) - ozone.scm.db.dirs is not configured. We recommend adding this setting. Falling back to ozone.metadata.dirs instead.
2019-09-27 09:19:02,790 [main] WARN  events.EventQueue (EventQueue.java:fireEvent(183)) - No event handler registered for event TypedEvent{payloadType=SafeModeStatus, name='SafeModeStatus'}
2019-09-27 09:19:02,791 [main] INFO  ipc.CallQueueManager (CallQueueManager.java:<init>(84)) - Using callQueue: class java.util.concurrent.LinkedBlockingQueue, queueCapacity: 2000, scheduler: class org.apache.hadoop.ipc.DefaultRpcScheduler, ipcBackoff: false.
2019-09-27 09:19:02,791 [Socket Reader #1 for port 39919] INFO  ipc.Server (Server.java:run(1074)) - Starting Socket Reader #1 for port 39919
2019-09-27 09:19:02,793 [main] INFO  ipc.CallQueueManager (CallQueueManager.java:<init>(84)) - Using callQueue: class java.util.concurrent.LinkedBlockingQueue, queueCapacity: 2000, scheduler: class org.apache.hadoop.ipc.DefaultRpcScheduler, ipcBackoff: false.
2019-09-27 09:19:02,794 [Socket Reader #1 for port 39286] INFO  ipc.Server (Server.java:run(1074)) - Starting Socket Reader #1 for port 39286
2019-09-27 09:19:02,795 [main] INFO  ipc.CallQueueManager (CallQueueManager.java:<init>(84)) - Using callQueue: class java.util.concurrent.LinkedBlockingQueue, queueCapacity: 2000, scheduler: class org.apache.hadoop.ipc.DefaultRpcScheduler, ipcBackoff: false.
2019-09-27 09:19:02,796 [Socket Reader #1 for port 37371] INFO  ipc.Server (Server.java:run(1074)) - Starting Socket Reader #1 for port 37371
2019-09-27 09:19:02,798 [main] INFO  hdfs.DFSUtil (DFSUtil.java:httpServerTemplateForNNAndJN(1641)) - Starting Web-server for scm at: http://0.0.0.0:0
2019-09-27 09:19:02,801 [main] INFO  server.AuthenticationFilter (AuthenticationFilter.java:constructSecretProvider(240)) - Unable to initialize FileSignerSecretProvider, falling back to use random secrets.
2019-09-27 09:19:02,802 [main] WARN  http.HttpRequestLog (HttpRequestLog.java:getRequestLog(97)) - Jetty request log can only be enabled using Log4j
2019-09-27 09:19:02,804 [main] INFO  http.HttpServer2 (HttpServer2.java:addGlobalFilter(975)) - Added global filter 'safety' (class=org.apache.hadoop.http.HttpServer2$QuotingInputFilter)
2019-09-27 09:19:02,805 [main] INFO  http.HttpServer2 (HttpServer2.java:addFilter(948)) - Added filter static_user_filter (class=org.apache.hadoop.http.lib.StaticUserWebFilter$StaticUserFilter) to context scm
2019-09-27 09:19:02,805 [main] INFO  http.HttpServer2 (HttpServer2.java:addFilter(958)) - Added filter static_user_filter (class=org.apache.hadoop.http.lib.StaticUserWebFilter$StaticUserFilter) to context logs
2019-09-27 09:19:02,806 [main] INFO  http.HttpServer2 (HttpServer2.java:addFilter(958)) - Added filter static_user_filter (class=org.apache.hadoop.http.lib.StaticUserWebFilter$StaticUserFilter) to context static
2019-09-27 09:19:02,808 [main] INFO  server.StorageContainerManager (StorageContainerManager.java:start(770)) - StorageContainerLocationProtocol RPC server is listening at /0.0.0.0:37371
2019-09-27 09:19:02,811 [main] WARN  impl.MetricsConfig (MetricsConfig.java:loadFirst(134)) - Cannot locate configuration: tried hadoop-metrics2-storagecontainermanager.properties,hadoop-metrics2.properties
2019-09-27 09:19:02,812 [main] INFO  impl.MetricsSystemImpl (MetricsSystemImpl.java:startTimer(374)) - Scheduled Metric snapshot period at 10 second(s).
2019-09-27 09:19:02,812 [main] INFO  impl.MetricsSystemImpl (MetricsSystemImpl.java:start(191)) - StorageContainerManager metrics system started
2019-09-27 09:19:02,847 [main] WARN  impl.MetricsSystemImpl (MetricsSystemImpl.java:register(276)) - Sink prometheus already exists!
2019-09-27 09:19:02,887 [main] INFO  server.SCMClientProtocolServer (SCMClientProtocolServer.java:start(151)) - RPC server for Client  is listening at /0.0.0.0:37371
2019-09-27 09:19:02,887 [IPC Server Responder] INFO  ipc.Server (Server.java:run(1314)) - IPC Server Responder: starting
2019-09-27 09:19:02,887 [IPC Server listener on 37371] INFO  ipc.Server (Server.java:run(1153)) - IPC Server listener on 37371: starting
2019-09-27 09:19:02,891 [main] INFO  server.StorageContainerManager (StorageContainerManager.java:start(780)) - ScmBlockLocationProtocol RPC server is listening at /0.0.0.0:39286
2019-09-27 09:19:02,891 [main] INFO  server.SCMBlockProtocolServer (SCMBlockProtocolServer.java:start(146)) - RPC server for Block Protocol is listening at /0.0.0.0:39286
2019-09-27 09:19:02,891 [IPC Server Responder] INFO  ipc.Server (Server.java:run(1314)) - IPC Server Responder: starting
2019-09-27 09:19:02,891 [IPC Server listener on 39286] INFO  ipc.Server (Server.java:run(1153)) - IPC Server listener on 39286: starting
2019-09-27 09:19:02,894 [main] INFO  server.StorageContainerManager (StorageContainerManager.java:start(784)) - ScmDatanodeProtocl RPC server is listening at /0.0.0.0:39919
2019-09-27 09:19:02,895 [main] INFO  server.SCMDatanodeProtocolServer (SCMDatanodeProtocolServer.java:start(191)) - RPC server for DataNodes is listening at /0.0.0.0:39919
2019-09-27 09:19:02,895 [IPC Server Responder] INFO  ipc.Server (Server.java:run(1314)) - IPC Server Responder: starting
2019-09-27 09:19:02,896 [IPC Server listener on 39919] INFO  ipc.Server (Server.java:run(1153)) - IPC Server listener on 39919: starting
2019-09-27 09:19:02,898 [main] INFO  http.HttpServer2 (HttpServer2.java:bindListener(1191)) - Jetty bound to port 41017
2019-09-27 09:19:02,898 [main] INFO  server.Server (Server.java:doStart(351)) - jetty-9.3.25.v20180904, build timestamp: 2018-09-04T21:11:46Z, git hash: 3ce520221d0240229c862b122d2b06c12a625732
2019-09-27 09:19:02,900 [main] INFO  handler.ContextHandler (ContextHandler.java:doStart(781)) - Started o.e.j.s.ServletContextHandler@49f3ff41{/logs,file:///workdir/hadoop-ozone/integration-test/target/log,AVAILABLE}
2019-09-27 09:19:02,900 [main] INFO  handler.ContextHandler (ContextHandler.java:doStart(781)) - Started o.e.j.s.ServletContextHandler@30db5536{/static,file:///workdir/hadoop-ozone/integration-test/target/test-classes/webapps/static,AVAILABLE}
2019-09-27 09:19:02,906 [main] INFO  handler.ContextHandler (ContextHandler.java:doStart(781)) - Started o.e.j.w.WebAppContext@716185fe{/,file:///workdir/hadoop-ozone/integration-test/target/test-classes/webapps/scm/,AVAILABLE}{/scm}
2019-09-27 09:19:02,907 [main] INFO  server.AbstractConnector (AbstractConnector.java:doStart(278)) - Started ServerConnector@628b819d{HTTP/1.1,[http/1.1]}{0.0.0.0:41017}
2019-09-27 09:19:02,908 [main] INFO  server.Server (Server.java:doStart(419)) - Started @289189ms
2019-09-27 09:19:02,908 [main] WARN  impl.MetricsSystemImpl (MetricsSystemImpl.java:register(276)) - Sink prometheus already exists!
2019-09-27 09:19:02,909 [main] INFO  server.BaseHttpServer (BaseHttpServer.java:updateConnectorAddress(215)) - HTTP server of SCM is listening at http://0.0.0.0:41017
2019-09-27 09:19:02,909 [main] WARN  server.ServerUtils (ServerUtils.java:getDBPath(222)) - ozone.om.db.dirs is not configured. We recommend adding this setting. Falling back to ozone.metadata.dirs instead.
2019-09-27 09:19:02,910 [org.apache.hadoop.util.JvmPauseMonitor$Monitor@2cca611f] INFO  util.JvmPauseMonitor (JvmPauseMonitor.java:run(188)) - Starting JVM pause monitor
2019-09-27 09:19:02,915 [main] INFO  ha.OMHANodeDetails (OMHANodeDetails.java:loadOMHAConfig(194)) - Configuration either no ozone.om.address set. Falling back to the default OM address /127.0.0.1:0
2019-09-27 09:19:02,915 [main] INFO  ha.OMHANodeDetails (OMHANodeDetails.java:getOMNodeDetails(224)) - OM Service ID is not set. Setting it to the default ID: omServiceIdDefault
2019-09-27 09:19:02,915 [main] WARN  server.ServerUtils (ServerUtils.java:getDBPath(222)) - ozone.om.db.dirs is not configured. We recommend adding this setting. Falling back to ozone.metadata.dirs instead.
2019-09-27 09:19:02,916 [main] WARN  server.ServerUtils (ServerUtils.java:getDBPath(222)) - ozone.om.db.dirs is not configured. We recommend adding this setting. Falling back to ozone.metadata.dirs instead.
2019-09-27 09:19:02,923 [main] WARN  server.ServerUtils (ServerUtils.java:getDBPath(222)) - ozone.om.db.dirs is not configured. We recommend adding this setting. Falling back to ozone.metadata.dirs instead.
2019-09-27 09:19:02,923 [main] INFO  db.DBStoreBuilder (DBStoreBuilder.java:addTable(110)) - using custom profile for table: userTable
2019-09-27 09:19:02,923 [main] INFO  db.DBStoreBuilder (DBStoreBuilder.java:processTables(161)) - Using default column profile:DBProfile.DISK for Table:userTable
2019-09-27 09:19:02,924 [main] INFO  db.DBStoreBuilder (DBStoreBuilder.java:addTable(110)) - using custom profile for table: volumeTable
2019-09-27 09:19:02,924 [main] INFO  db.DBStoreBuilder (DBStoreBuilder.java:processTables(161)) - Using default column profile:DBProfile.DISK for Table:volumeTable
2019-09-27 09:19:02,924 [main] INFO  db.DBStoreBuilder (DBStoreBuilder.java:addTable(110)) - using custom profile for table: bucketTable
2019-09-27 09:19:02,924 [main] INFO  db.DBStoreBuilder (DBStoreBuilder.java:processTables(161)) - Using default column profile:DBProfile.DISK for Table:bucketTable
2019-09-27 09:19:02,924 [main] INFO  db.DBStoreBuilder (DBStoreBuilder.java:addTable(110)) - using custom profile for table: keyTable
2019-09-27 09:19:02,925 [main] INFO  db.DBStoreBuilder (DBStoreBuilder.java:processTables(161)) - Using default column profile:DBProfile.DISK for Table:keyTable
2019-09-27 09:19:02,925 [main] INFO  db.DBStoreBuilder (DBStoreBuilder.java:addTable(110)) - using custom profile for table: deletedTable
2019-09-27 09:19:02,925 [main] INFO  db.DBStoreBuilder (DBStoreBuilder.java:processTables(161)) - Using default column profile:DBProfile.DISK for Table:deletedTable
2019-09-27 09:19:02,925 [main] INFO  db.DBStoreBuilder (DBStoreBuilder.java:addTable(110)) - using custom profile for table: openKeyTable
2019-09-27 09:19:02,925 [main] INFO  db.DBStoreBuilder (DBStoreBuilder.java:processTables(161)) - Using default column profile:DBProfile.DISK for Table:openKeyTable
2019-09-27 09:19:02,925 [main] INFO  db.DBStoreBuilder (DBStoreBuilder.java:addTable(110)) - using custom profile for table: s3Table
2019-09-27 09:19:02,926 [main] INFO  db.DBStoreBuilder (DBStoreBuilder.java:processTables(161)) - Using default column profile:DBProfile.DISK for Table:s3Table
2019-09-27 09:19:02,926 [main] INFO  db.DBStoreBuilder (DBStoreBuilder.java:addTable(110)) - using custom profile for table: multipartInfoTable
2019-09-27 09:19:02,926 [main] INFO  db.DBStoreBuilder (DBStoreBuilder.java:processTables(161)) - Using default column profile:DBProfile.DISK for Table:multipartInfoTable
2019-09-27 09:19:02,926 [main] INFO  db.DBStoreBuilder (DBStoreBuilder.java:addTable(110)) - using custom profile for table: dTokenTable
2019-09-27 09:19:02,926 [main] INFO  db.DBStoreBuilder (DBStoreBuilder.java:processTables(161)) - Using default column profile:DBProfile.DISK for Table:dTokenTable
2019-09-27 09:19:02,927 [main] INFO  db.DBStoreBuilder (DBStoreBuilder.java:addTable(110)) - using custom profile for table: s3SecretTable
2019-09-27 09:19:02,927 [main] INFO  db.DBStoreBuilder (DBStoreBuilder.java:processTables(161)) - Using default column profile:DBProfile.DISK for Table:s3SecretTable
2019-09-27 09:19:02,927 [main] INFO  db.DBStoreBuilder (DBStoreBuilder.java:addTable(110)) - using custom profile for table: prefixTable
2019-09-27 09:19:02,927 [main] INFO  db.DBStoreBuilder (DBStoreBuilder.java:processTables(161)) - Using default column profile:DBProfile.DISK for Table:prefixTable
2019-09-27 09:19:02,927 [main] INFO  db.DBStoreBuilder (DBStoreBuilder.java:addTable(110)) - using custom profile for table: default
2019-09-27 09:19:02,927 [main] INFO  db.DBStoreBuilder (DBStoreBuilder.java:processTables(167)) - Using default column profile:DBProfile.DISK for Table:default
2019-09-27 09:19:02,928 [main] INFO  db.DBStoreBuilder (DBStoreBuilder.java:getDbProfile(198)) - Using default options. DBProfile.DISK
2019-09-27 09:19:03,371 [main] INFO  ipc.CallQueueManager (CallQueueManager.java:<init>(84)) - Using callQueue: class java.util.concurrent.LinkedBlockingQueue, queueCapacity: 2000, scheduler: class org.apache.hadoop.ipc.DefaultRpcScheduler, ipcBackoff: false.
2019-09-27 09:19:03,372 [Socket Reader #1 for port 46048] INFO  ipc.Server (Server.java:run(1074)) - Starting Socket Reader #1 for port 46048
2019-09-27 09:19:03,385 [main] INFO  om.OzoneManager (OzoneManager.java:start(1069)) - OzoneManager RPC server is listening at localhost/127.0.0.1:46048
2019-09-27 09:19:03,386 [main] INFO  impl.MetricsSystemImpl (MetricsSystemImpl.java:init(158)) - OzoneManager metrics system started (again)
2019-09-27 09:19:03,386 [IPC Server Responder] INFO  ipc.Server (Server.java:run(1314)) - IPC Server Responder: starting
2019-09-27 09:19:03,386 [IPC Server listener on 46048] INFO  ipc.Server (Server.java:run(1153)) - IPC Server listener on 46048: starting
2019-09-27 09:19:03,391 [main] INFO  hdfs.DFSUtil (DFSUtil.java:httpServerTemplateForNNAndJN(1641)) - Starting Web-server for ozoneManager at: http://0.0.0.0:0
2019-09-27 09:19:03,393 [main] INFO  server.AuthenticationFilter (AuthenticationFilter.java:constructSecretProvider(240)) - Unable to initialize FileSignerSecretProvider, falling back to use random secrets.
2019-09-27 09:19:03,394 [main] WARN  http.HttpRequestLog (HttpRequestLog.java:getRequestLog(97)) - Jetty request log can only be enabled using Log4j
2019-09-27 09:19:03,396 [main] INFO  http.HttpServer2 (HttpServer2.java:addGlobalFilter(975)) - Added global filter 'safety' (class=org.apache.hadoop.http.HttpServer2$QuotingInputFilter)
2019-09-27 09:19:03,396 [main] INFO  http.HttpServer2 (HttpServer2.java:addFilter(948)) - Added filter static_user_filter (class=org.apache.hadoop.http.lib.StaticUserWebFilter$StaticUserFilter) to context ozoneManager
2019-09-27 09:19:03,396 [main] INFO  http.HttpServer2 (HttpServer2.java:addFilter(958)) - Added filter static_user_filter (class=org.apache.hadoop.http.lib.StaticUserWebFilter$StaticUserFilter) to context static
2019-09-27 09:19:03,397 [main] INFO  http.HttpServer2 (HttpServer2.java:addFilter(958)) - Added filter static_user_filter (class=org.apache.hadoop.http.lib.StaticUserWebFilter$StaticUserFilter) to context logs
2019-09-27 09:19:03,397 [main] INFO  http.HttpServer2 (HttpServer2.java:bindListener(1191)) - Jetty bound to port 33634
2019-09-27 09:19:03,398 [main] INFO  server.Server (Server.java:doStart(351)) - jetty-9.3.25.v20180904, build timestamp: 2018-09-04T21:11:46Z, git hash: 3ce520221d0240229c862b122d2b06c12a625732
2019-09-27 09:19:03,399 [main] INFO  handler.ContextHandler (ContextHandler.java:doStart(781)) - Started o.e.j.s.ServletContextHandler@6b9fdbc6{/logs,file:///workdir/hadoop-ozone/integration-test/target/log,AVAILABLE}
2019-09-27 09:19:03,400 [main] INFO  handler.ContextHandler (ContextHandler.java:doStart(781)) - Started o.e.j.s.ServletContextHandler@52ae997b{/static,file:///workdir/hadoop-ozone/integration-test/target/test-classes/webapps/static,AVAILABLE}
2019-09-27 09:19:03,404 [main] INFO  handler.ContextHandler (ContextHandler.java:doStart(781)) - Started o.e.j.w.WebAppContext@2001e48c{/,file:///workdir/hadoop-ozone/integration-test/target/test-classes/webapps/ozoneManager/,AVAILABLE}{/ozoneManager}
2019-09-27 09:19:03,405 [main] INFO  server.AbstractConnector (AbstractConnector.java:doStart(278)) - Started ServerConnector@68ddd415{HTTP/1.1,[http/1.1]}{0.0.0.0:33634}
2019-09-27 09:19:03,406 [main] INFO  server.Server (Server.java:doStart(419)) - Started @289687ms
2019-09-27 09:19:03,406 [main] WARN  impl.MetricsSystemImpl (MetricsSystemImpl.java:register(276)) - Sink prometheus already exists!
2019-09-27 09:19:03,407 [main] INFO  server.BaseHttpServer (BaseHttpServer.java:updateConnectorAddress(215)) - HTTP server of OZONEMANAGER is listening at http://0.0.0.0:33634
2019-09-27 09:19:03,431 [main] INFO  impl.MetricsSystemImpl (MetricsSystemImpl.java:init(158)) - HddsDatanode metrics system started (again)
2019-09-27 09:19:03,433 [main] INFO  ozone.HddsDatanodeService (HddsDatanodeService.java:start(184)) - HddsDatanodeService host:pr-hdds2162-4fxhj-20988671 ip:192.168.151.103
2019-09-27 09:19:03,440 [main] INFO  volume.HddsVolume (HddsVolume.java:<init>(176)) - Creating Volume: /workdir/hadoop-ozone/integration-test/target/test-dir/MiniOzoneClusterImpl-d2d06822-f460-4d8d-a87b-a517d879cb3f/datanode-0/data/containers/hdds of  storage type : DISK and capacity : 1482555576320
2019-09-27 09:19:03,440 [main] INFO  volume.VolumeSet (VolumeSet.java:initializeVolumeSet(170)) - Added Volume : /workdir/hadoop-ozone/integration-test/target/test-dir/MiniOzoneClusterImpl-d2d06822-f460-4d8d-a87b-a517d879cb3f/datanode-0/data/containers/hdds to VolumeSet
2019-09-27 09:19:03,441 [main] INFO  volume.ThrottledAsyncChecker (ThrottledAsyncChecker.java:schedule(139)) - Scheduling a check for org.apache.hadoop.ozone.container.common.volume.HddsVolume@6418e39e
2019-09-27 09:19:03,441 [main] INFO  volume.HddsVolumeChecker (HddsVolumeChecker.java:checkAllVolumes(202)) - Scheduled health check for volume org.apache.hadoop.ozone.container.common.volume.HddsVolume@6418e39e
2019-09-27 09:19:03,453 [main] INFO  impl.RaftServerProxy (ConfUtils.java:logGet(43)) - raft.rpc.type = GRPC (default)
2019-09-27 09:19:03,453 [main] INFO  grpc.GrpcFactory (GrpcFactory.java:checkPooledByteBufAllocatorUseCacheForAllThreads(45)) - PERFORMANCE WARNING: useCacheForAllThreads is true that may cause Netty to create a lot garbage objects and, as a result, trigger GC.
	It is recommended to disable useCacheForAllThreads by setting -Dorg.apache.ratis.thirdparty.io.netty.allocator.useCacheForAllThreads=false in command line.
2019-09-27 09:19:03,453 [main] INFO  grpc.GrpcConfigKeys$Server (ConfUtils.java:logGet(43)) - raft.grpc.server.port = 0 (default)
2019-09-27 09:19:03,454 [main] INFO  server.GrpcService (ConfUtils.java:logGet(43)) - raft.grpc.message.size.max = 33570816 (custom)
2019-09-27 09:19:03,454 [main] INFO  server.RaftServerConfigKeys (ConfUtils.java:logGet(43)) - raft.server.log.appender.buffer.byte-limit = 33554432 (custom)
2019-09-27 09:19:03,454 [main] INFO  server.GrpcService (ConfUtils.java:logGet(43)) - raft.grpc.flow.control.window = 1MB (=1048576) (default)
2019-09-27 09:19:03,454 [main] INFO  server.RaftServerConfigKeys (ConfUtils.java:logGet(43)) - raft.server.rpc.request.timeout = 3000ms (default)
2019-09-27 09:19:03,455 [main] INFO  server.RaftServerConfigKeys (ConfUtils.java:logGet(43)) - raft.server.storage.dir = [/workdir/hadoop-ozone/integration-test/target/test-dir/MiniOzoneClusterImpl-d2d06822-f460-4d8d-a87b-a517d879cb3f/datanode-0/data/ratis] (custom)
2019-09-27 09:19:03,456 [main] INFO  hdfs.DFSUtil (DFSUtil.java:httpServerTemplateForNNAndJN(1641)) - Starting Web-server for hddsDatanode at: http://0.0.0.0:0
2019-09-27 09:19:03,457 [main] INFO  server.AuthenticationFilter (AuthenticationFilter.java:constructSecretProvider(240)) - Unable to initialize FileSignerSecretProvider, falling back to use random secrets.
2019-09-27 09:19:03,458 [main] WARN  http.HttpRequestLog (HttpRequestLog.java:getRequestLog(97)) - Jetty request log can only be enabled using Log4j
2019-09-27 09:19:03,459 [main] INFO  http.HttpServer2 (HttpServer2.java:addGlobalFilter(975)) - Added global filter 'safety' (class=org.apache.hadoop.http.HttpServer2$QuotingInputFilter)
2019-09-27 09:19:03,459 [main] INFO  http.HttpServer2 (HttpServer2.java:addFilter(948)) - Added filter static_user_filter (class=org.apache.hadoop.http.lib.StaticUserWebFilter$StaticUserFilter) to context hddsDatanode
2019-09-27 09:19:03,459 [main] INFO  http.HttpServer2 (HttpServer2.java:addFilter(958)) - Added filter static_user_filter (class=org.apache.hadoop.http.lib.StaticUserWebFilter$StaticUserFilter) to context static
2019-09-27 09:19:03,460 [main] INFO  http.HttpServer2 (HttpServer2.java:addFilter(958)) - Added filter static_user_filter (class=org.apache.hadoop.http.lib.StaticUserWebFilter$StaticUserFilter) to context logs
2019-09-27 09:19:03,460 [main] INFO  http.HttpServer2 (HttpServer2.java:bindListener(1191)) - Jetty bound to port 34778
2019-09-27 09:19:03,460 [main] INFO  server.Server (Server.java:doStart(351)) - jetty-9.3.25.v20180904, build timestamp: 2018-09-04T21:11:46Z, git hash: 3ce520221d0240229c862b122d2b06c12a625732
2019-09-27 09:19:03,462 [main] INFO  handler.ContextHandler (ContextHandler.java:doStart(781)) - Started o.e.j.s.ServletContextHandler@4b862408{/logs,file:///workdir/hadoop-ozone/integration-test/target/log,AVAILABLE}
2019-09-27 09:19:03,462 [main] INFO  handler.ContextHandler (ContextHandler.java:doStart(781)) - Started o.e.j.s.ServletContextHandler@6e829e50{/static,jar:file:/home/user/.m2/repository/org/apache/hadoop/hadoop-hdds-container-service/0.5.0-SNAPSHOT/hadoop-hdds-container-service-0.5.0-SNAPSHOT.jar!/webapps/static,AVAILABLE}
2019-09-27 09:19:03,504 [main] INFO  handler.ContextHandler (ContextHandler.java:doStart(781)) - Started o.e.j.w.WebAppContext@36ef1d65{/,file:///tmp/jetty-0.0.0.0-34778-hddsDatanode-_-any-6676842761543475230.dir/webapp/,AVAILABLE}{/hddsDatanode}
2019-09-27 09:19:03,504 [main] INFO  server.AbstractConnector (AbstractConnector.java:doStart(278)) - Started ServerConnector@4be0a27d{HTTP/1.1,[http/1.1]}{0.0.0.0:34778}
2019-09-27 09:19:03,505 [main] INFO  server.Server (Server.java:doStart(419)) - Started @289787ms
2019-09-27 09:19:03,506 [main] WARN  impl.MetricsSystemImpl (MetricsSystemImpl.java:register(276)) - Sink prometheus already exists!
2019-09-27 09:19:03,507 [main] INFO  server.BaseHttpServer (BaseHttpServer.java:updateConnectorAddress(215)) - HTTP server of HDDSDATANODE is listening at http://0.0.0.0:34778
2019-09-27 09:19:03,507 [main] INFO  impl.MetricsSystemImpl (MetricsSystemImpl.java:init(158)) - HddsDatanode metrics system started (again)
2019-09-27 09:19:03,510 [org.apache.hadoop.util.JvmPauseMonitor$Monitor@d402363] INFO  util.JvmPauseMonitor (JvmPauseMonitor.java:run(188)) - Starting JVM pause monitor
2019-09-27 09:19:03,511 [main] INFO  ozone.HddsDatanodeService (HddsDatanodeService.java:start(184)) - HddsDatanodeService host:pr-hdds2162-4fxhj-20988671 ip:192.168.151.103
2019-09-27 09:19:03,513 [Datanode State Machine Thread - 0] INFO  datanode.InitDatanodeState (InitDatanodeState.java:persistContainerDatanodeDetails(140)) - DatanodeDetails is persisted to /workdir/hadoop-ozone/integration-test/target/test-dir/MiniOzoneClusterImpl-d2d06822-f460-4d8d-a87b-a517d879cb3f/datanode-0/meta/datanode.id
2019-09-27 09:19:03,518 [main] INFO  volume.HddsVolume (HddsVolume.java:<init>(176)) - Creating Volume: /workdir/hadoop-ozone/integration-test/target/test-dir/MiniOzoneClusterImpl-d2d06822-f460-4d8d-a87b-a517d879cb3f/datanode-1/data/containers/hdds of  storage type : DISK and capacity : 1482555576320
2019-09-27 09:19:03,518 [main] INFO  volume.VolumeSet (VolumeSet.java:initializeVolumeSet(170)) - Added Volume : /workdir/hadoop-ozone/integration-test/target/test-dir/MiniOzoneClusterImpl-d2d06822-f460-4d8d-a87b-a517d879cb3f/datanode-1/data/containers/hdds to VolumeSet
2019-09-27 09:19:03,518 [main] INFO  volume.ThrottledAsyncChecker (ThrottledAsyncChecker.java:schedule(139)) - Scheduling a check for org.apache.hadoop.ozone.container.common.volume.HddsVolume@691500ab
2019-09-27 09:19:03,519 [main] INFO  volume.HddsVolumeChecker (HddsVolumeChecker.java:checkAllVolumes(202)) - Scheduled health check for volume org.apache.hadoop.ozone.container.common.volume.HddsVolume@691500ab
2019-09-27 09:19:03,536 [main] INFO  impl.RaftServerProxy (ConfUtils.java:logGet(43)) - raft.rpc.type = GRPC (default)
2019-09-27 09:19:03,536 [main] INFO  grpc.GrpcFactory (GrpcFactory.java:checkPooledByteBufAllocatorUseCacheForAllThreads(45)) - PERFORMANCE WARNING: useCacheForAllThreads is true that may cause Netty to create a lot garbage objects and, as a result, trigger GC.
	It is recommended to disable useCacheForAllThreads by setting -Dorg.apache.ratis.thirdparty.io.netty.allocator.useCacheForAllThreads=false in command line.
2019-09-27 09:19:03,536 [main] INFO  grpc.GrpcConfigKeys$Server (ConfUtils.java:logGet(43)) - raft.grpc.server.port = 0 (default)
2019-09-27 09:19:03,536 [main] INFO  server.GrpcService (ConfUtils.java:logGet(43)) - raft.grpc.message.size.max = 33570816 (custom)
2019-09-27 09:19:03,537 [main] INFO  server.RaftServerConfigKeys (ConfUtils.java:logGet(43)) - raft.server.log.appender.buffer.byte-limit = 33554432 (custom)
2019-09-27 09:19:03,537 [main] INFO  server.GrpcService (ConfUtils.java:logGet(43)) - raft.grpc.flow.control.window = 1MB (=1048576) (default)
2019-09-27 09:19:03,537 [main] INFO  server.RaftServerConfigKeys (ConfUtils.java:logGet(43)) - raft.server.rpc.request.timeout = 3000ms (default)
2019-09-27 09:19:03,538 [main] INFO  server.RaftServerConfigKeys (ConfUtils.java:logGet(43)) - raft.server.storage.dir = [/workdir/hadoop-ozone/integration-test/target/test-dir/MiniOzoneClusterImpl-d2d06822-f460-4d8d-a87b-a517d879cb3f/datanode-1/data/ratis] (custom)
2019-09-27 09:19:03,539 [main] INFO  hdfs.DFSUtil (DFSUtil.java:httpServerTemplateForNNAndJN(1641)) - Starting Web-server for hddsDatanode at: http://0.0.0.0:0
2019-09-27 09:19:03,541 [main] INFO  server.AuthenticationFilter (AuthenticationFilter.java:constructSecretProvider(240)) - Unable to initialize FileSignerSecretProvider, falling back to use random secrets.
2019-09-27 09:19:03,541 [main] WARN  http.HttpRequestLog (HttpRequestLog.java:getRequestLog(97)) - Jetty request log can only be enabled using Log4j
2019-09-27 09:19:03,543 [main] INFO  http.HttpServer2 (HttpServer2.java:addGlobalFilter(975)) - Added global filter 'safety' (class=org.apache.hadoop.http.HttpServer2$QuotingInputFilter)
2019-09-27 09:19:03,543 [main] INFO  http.HttpServer2 (HttpServer2.java:addFilter(948)) - Added filter static_user_filter (class=org.apache.hadoop.http.lib.StaticUserWebFilter$StaticUserFilter) to context hddsDatanode
2019-09-27 09:19:03,544 [main] INFO  http.HttpServer2 (HttpServer2.java:addFilter(958)) - Added filter static_user_filter (class=org.apache.hadoop.http.lib.StaticUserWebFilter$StaticUserFilter) to context static
2019-09-27 09:19:03,544 [main] INFO  http.HttpServer2 (HttpServer2.java:addFilter(958)) - Added filter static_user_filter (class=org.apache.hadoop.http.lib.StaticUserWebFilter$StaticUserFilter) to context logs
2019-09-27 09:19:03,545 [main] INFO  http.HttpServer2 (HttpServer2.java:bindListener(1191)) - Jetty bound to port 41291
2019-09-27 09:19:03,545 [main] INFO  server.Server (Server.java:doStart(351)) - jetty-9.3.25.v20180904, build timestamp: 2018-09-04T21:11:46Z, git hash: 3ce520221d0240229c862b122d2b06c12a625732
2019-09-27 09:19:03,546 [main] INFO  handler.ContextHandler (ContextHandler.java:doStart(781)) - Started o.e.j.s.ServletContextHandler@5b202ff{/logs,file:///workdir/hadoop-ozone/integration-test/target/log,AVAILABLE}
2019-09-27 09:19:03,547 [main] INFO  handler.ContextHandler (ContextHandler.java:doStart(781)) - Started o.e.j.s.ServletContextHandler@e700eba{/static,jar:file:/home/user/.m2/repository/org/apache/hadoop/hadoop-hdds-container-service/0.5.0-SNAPSHOT/hadoop-hdds-container-service-0.5.0-SNAPSHOT.jar!/webapps/static,AVAILABLE}
2019-09-27 09:19:03,576 [main] INFO  handler.ContextHandler (ContextHandler.java:doStart(781)) - Started o.e.j.w.WebAppContext@39dec536{/,file:///tmp/jetty-0.0.0.0-41291-hddsDatanode-_-any-6184276371798756846.dir/webapp/,AVAILABLE}{/hddsDatanode}
2019-09-27 09:19:03,576 [main] INFO  server.AbstractConnector (AbstractConnector.java:doStart(278)) - Started ServerConnector@4a1a256d{HTTP/1.1,[http/1.1]}{0.0.0.0:41291}
2019-09-27 09:19:03,578 [main] INFO  server.Server (Server.java:doStart(419)) - Started @289859ms
2019-09-27 09:19:03,578 [main] WARN  impl.MetricsSystemImpl (MetricsSystemImpl.java:register(276)) - Sink prometheus already exists!
2019-09-27 09:19:03,578 [main] INFO  server.BaseHttpServer (BaseHttpServer.java:updateConnectorAddress(215)) - HTTP server of HDDSDATANODE is listening at http://0.0.0.0:41291
2019-09-27 09:19:03,579 [main] INFO  impl.MetricsSystemImpl (MetricsSystemImpl.java:init(158)) - HddsDatanode metrics system started (again)
2019-09-27 09:19:03,581 [org.apache.hadoop.util.JvmPauseMonitor$Monitor@4c81073] INFO  util.JvmPauseMonitor (JvmPauseMonitor.java:run(188)) - Starting JVM pause monitor
2019-09-27 09:19:03,581 [main] INFO  ozone.HddsDatanodeService (HddsDatanodeService.java:start(184)) - HddsDatanodeService host:pr-hdds2162-4fxhj-20988671 ip:192.168.151.103
2019-09-27 09:19:03,583 [Datanode State Machine Thread - 0] INFO  datanode.InitDatanodeState (InitDatanodeState.java:persistContainerDatanodeDetails(140)) - DatanodeDetails is persisted to /workdir/hadoop-ozone/integration-test/target/test-dir/MiniOzoneClusterImpl-d2d06822-f460-4d8d-a87b-a517d879cb3f/datanode-1/meta/datanode.id
2019-09-27 09:19:03,587 [main] INFO  volume.HddsVolume (HddsVolume.java:<init>(176)) - Creating Volume: /workdir/hadoop-ozone/integration-test/target/test-dir/MiniOzoneClusterImpl-d2d06822-f460-4d8d-a87b-a517d879cb3f/datanode-2/data/containers/hdds of  storage type : DISK and capacity : 1482555576320
2019-09-27 09:19:03,587 [main] INFO  volume.VolumeSet (VolumeSet.java:initializeVolumeSet(170)) - Added Volume : /workdir/hadoop-ozone/integration-test/target/test-dir/MiniOzoneClusterImpl-d2d06822-f460-4d8d-a87b-a517d879cb3f/datanode-2/data/containers/hdds to VolumeSet
2019-09-27 09:19:03,587 [main] INFO  volume.ThrottledAsyncChecker (ThrottledAsyncChecker.java:schedule(139)) - Scheduling a check for org.apache.hadoop.ozone.container.common.volume.HddsVolume@67bb4dcd
2019-09-27 09:19:03,588 [main] INFO  volume.HddsVolumeChecker (HddsVolumeChecker.java:checkAllVolumes(202)) - Scheduled health check for volume org.apache.hadoop.ozone.container.common.volume.HddsVolume@67bb4dcd
2019-09-27 09:19:03,599 [main] INFO  impl.RaftServerProxy (ConfUtils.java:logGet(43)) - raft.rpc.type = GRPC (default)
2019-09-27 09:19:03,599 [main] INFO  grpc.GrpcFactory (GrpcFactory.java:checkPooledByteBufAllocatorUseCacheForAllThreads(45)) - PERFORMANCE WARNING: useCacheForAllThreads is true that may cause Netty to create a lot garbage objects and, as a result, trigger GC.
	It is recommended to disable useCacheForAllThreads by setting -Dorg.apache.ratis.thirdparty.io.netty.allocator.useCacheForAllThreads=false in command line.
2019-09-27 09:19:03,599 [main] INFO  grpc.GrpcConfigKeys$Server (ConfUtils.java:logGet(43)) - raft.grpc.server.port = 0 (default)
2019-09-27 09:19:03,599 [main] INFO  server.GrpcService (ConfUtils.java:logGet(43)) - raft.grpc.message.size.max = 33570816 (custom)
2019-09-27 09:19:03,599 [main] INFO  server.RaftServerConfigKeys (ConfUtils.java:logGet(43)) - raft.server.log.appender.buffer.byte-limit = 33554432 (custom)
2019-09-27 09:19:03,600 [main] INFO  server.GrpcService (ConfUtils.java:logGet(43)) - raft.grpc.flow.control.window = 1MB (=1048576) (default)
2019-09-27 09:19:03,600 [main] INFO  server.RaftServerConfigKeys (ConfUtils.java:logGet(43)) - raft.server.rpc.request.timeout = 3000ms (default)
2019-09-27 09:19:03,600 [main] INFO  server.RaftServerConfigKeys (ConfUtils.java:logGet(43)) - raft.server.storage.dir = [/workdir/hadoop-ozone/integration-test/target/test-dir/MiniOzoneClusterImpl-d2d06822-f460-4d8d-a87b-a517d879cb3f/datanode-2/data/ratis] (custom)
2019-09-27 09:19:03,602 [main] INFO  hdfs.DFSUtil (DFSUtil.java:httpServerTemplateForNNAndJN(1641)) - Starting Web-server for hddsDatanode at: http://0.0.0.0:0
2019-09-27 09:19:03,603 [main] INFO  server.AuthenticationFilter (AuthenticationFilter.java:constructSecretProvider(240)) - Unable to initialize FileSignerSecretProvider, falling back to use random secrets.
2019-09-27 09:19:03,603 [main] WARN  http.HttpRequestLog (HttpRequestLog.java:getRequestLog(97)) - Jetty request log can only be enabled using Log4j
2019-09-27 09:19:03,604 [main] INFO  http.HttpServer2 (HttpServer2.java:addGlobalFilter(975)) - Added global filter 'safety' (class=org.apache.hadoop.http.HttpServer2$QuotingInputFilter)
2019-09-27 09:19:03,605 [main] INFO  http.HttpServer2 (HttpServer2.java:addFilter(948)) - Added filter static_user_filter (class=org.apache.hadoop.http.lib.StaticUserWebFilter$StaticUserFilter) to context hddsDatanode
2019-09-27 09:19:03,605 [main] INFO  http.HttpServer2 (HttpServer2.java:addFilter(958)) - Added filter static_user_filter (class=org.apache.hadoop.http.lib.StaticUserWebFilter$StaticUserFilter) to context static
2019-09-27 09:19:03,605 [main] INFO  http.HttpServer2 (HttpServer2.java:addFilter(958)) - Added filter static_user_filter (class=org.apache.hadoop.http.lib.StaticUserWebFilter$StaticUserFilter) to context logs
2019-09-27 09:19:03,605 [main] INFO  http.HttpServer2 (HttpServer2.java:bindListener(1191)) - Jetty bound to port 33811
2019-09-27 09:19:03,606 [main] INFO  server.Server (Server.java:doStart(351)) - jetty-9.3.25.v20180904, build timestamp: 2018-09-04T21:11:46Z, git hash: 3ce520221d0240229c862b122d2b06c12a625732
2019-09-27 09:19:03,607 [main] INFO  handler.ContextHandler (ContextHandler.java:doStart(781)) - Started o.e.j.s.ServletContextHandler@5a7df831{/logs,file:///workdir/hadoop-ozone/integration-test/target/log,AVAILABLE}
2019-09-27 09:19:03,607 [main] INFO  handler.ContextHandler (ContextHandler.java:doStart(781)) - Started o.e.j.s.ServletContextHandler@22d7fd41{/static,jar:file:/home/user/.m2/repository/org/apache/hadoop/hadoop-hdds-container-service/0.5.0-SNAPSHOT/hadoop-hdds-container-service-0.5.0-SNAPSHOT.jar!/webapps/static,AVAILABLE}
2019-09-27 09:19:03,634 [main] INFO  handler.ContextHandler (ContextHandler.java:doStart(781)) - Started o.e.j.w.WebAppContext@75aea2ba{/,file:///tmp/jetty-0.0.0.0-33811-hddsDatanode-_-any-7909054816496693337.dir/webapp/,AVAILABLE}{/hddsDatanode}
2019-09-27 09:19:03,635 [main] INFO  server.AbstractConnector (AbstractConnector.java:doStart(278)) - Started ServerConnector@2a47597{HTTP/1.1,[http/1.1]}{0.0.0.0:33811}
2019-09-27 09:19:03,636 [main] INFO  server.Server (Server.java:doStart(419)) - Started @289917ms
2019-09-27 09:19:03,636 [main] WARN  impl.MetricsSystemImpl (MetricsSystemImpl.java:register(276)) - Sink prometheus already exists!
2019-09-27 09:19:03,637 [main] INFO  server.BaseHttpServer (BaseHttpServer.java:updateConnectorAddress(215)) - HTTP server of HDDSDATANODE is listening at http://0.0.0.0:33811
2019-09-27 09:19:03,637 [main] INFO  impl.MetricsSystemImpl (MetricsSystemImpl.java:init(158)) - HddsDatanode metrics system started (again)
2019-09-27 09:19:03,640 [org.apache.hadoop.util.JvmPauseMonitor$Monitor@6604dbf5] INFO  util.JvmPauseMonitor (JvmPauseMonitor.java:run(188)) - Starting JVM pause monitor
2019-09-27 09:19:03,640 [main] INFO  ozone.HddsDatanodeService (HddsDatanodeService.java:start(184)) - HddsDatanodeService host:pr-hdds2162-4fxhj-20988671 ip:192.168.151.103
2019-09-27 09:19:03,642 [Datanode State Machine Thread - 0] INFO  datanode.InitDatanodeState (InitDatanodeState.java:persistContainerDatanodeDetails(140)) - DatanodeDetails is persisted to /workdir/hadoop-ozone/integration-test/target/test-dir/MiniOzoneClusterImpl-d2d06822-f460-4d8d-a87b-a517d879cb3f/datanode-2/meta/datanode.id
2019-09-27 09:19:03,646 [main] INFO  volume.HddsVolume (HddsVolume.java:<init>(176)) - Creating Volume: /workdir/hadoop-ozone/integration-test/target/test-dir/MiniOzoneClusterImpl-d2d06822-f460-4d8d-a87b-a517d879cb3f/datanode-3/data/containers/hdds of  storage type : DISK and capacity : 1482555576320
2019-09-27 09:19:03,646 [main] INFO  volume.VolumeSet (VolumeSet.java:initializeVolumeSet(170)) - Added Volume : /workdir/hadoop-ozone/integration-test/target/test-dir/MiniOzoneClusterImpl-d2d06822-f460-4d8d-a87b-a517d879cb3f/datanode-3/data/containers/hdds to VolumeSet
2019-09-27 09:19:03,646 [main] INFO  volume.ThrottledAsyncChecker (ThrottledAsyncChecker.java:schedule(139)) - Scheduling a check for org.apache.hadoop.ozone.container.common.volume.HddsVolume@2251b3bc
2019-09-27 09:19:03,647 [main] INFO  volume.HddsVolumeChecker (HddsVolumeChecker.java:checkAllVolumes(202)) - Scheduled health check for volume org.apache.hadoop.ozone.container.common.volume.HddsVolume@2251b3bc
2019-09-27 09:19:03,658 [main] INFO  impl.RaftServerProxy (ConfUtils.java:logGet(43)) - raft.rpc.type = GRPC (default)
2019-09-27 09:19:03,658 [main] INFO  grpc.GrpcFactory (GrpcFactory.java:checkPooledByteBufAllocatorUseCacheForAllThreads(45)) - PERFORMANCE WARNING: useCacheForAllThreads is true that may cause Netty to create a lot garbage objects and, as a result, trigger GC.
	It is recommended to disable useCacheForAllThreads by setting -Dorg.apache.ratis.thirdparty.io.netty.allocator.useCacheForAllThreads=false in command line.
2019-09-27 09:19:03,658 [main] INFO  grpc.GrpcConfigKeys$Server (ConfUtils.java:logGet(43)) - raft.grpc.server.port = 0 (default)
2019-09-27 09:19:03,658 [main] INFO  server.GrpcService (ConfUtils.java:logGet(43)) - raft.grpc.message.size.max = 33570816 (custom)
2019-09-27 09:19:03,659 [main] INFO  server.RaftServerConfigKeys (ConfUtils.java:logGet(43)) - raft.server.log.appender.buffer.byte-limit = 33554432 (custom)
2019-09-27 09:19:03,659 [main] INFO  server.GrpcService (ConfUtils.java:logGet(43)) - raft.grpc.flow.control.window = 1MB (=1048576) (default)
2019-09-27 09:19:03,659 [main] INFO  server.RaftServerConfigKeys (ConfUtils.java:logGet(43)) - raft.server.rpc.request.timeout = 3000ms (default)
2019-09-27 09:19:03,659 [main] INFO  server.RaftServerConfigKeys (ConfUtils.java:logGet(43)) - raft.server.storage.dir = [/workdir/hadoop-ozone/integration-test/target/test-dir/MiniOzoneClusterImpl-d2d06822-f460-4d8d-a87b-a517d879cb3f/datanode-3/data/ratis] (custom)
2019-09-27 09:19:03,660 [main] INFO  hdfs.DFSUtil (DFSUtil.java:httpServerTemplateForNNAndJN(1641)) - Starting Web-server for hddsDatanode at: http://0.0.0.0:0
2019-09-27 09:19:03,662 [main] INFO  server.AuthenticationFilter (AuthenticationFilter.java:constructSecretProvider(240)) - Unable to initialize FileSignerSecretProvider, falling back to use random secrets.
2019-09-27 09:19:03,662 [main] WARN  http.HttpRequestLog (HttpRequestLog.java:getRequestLog(97)) - Jetty request log can only be enabled using Log4j
2019-09-27 09:19:03,663 [main] INFO  http.HttpServer2 (HttpServer2.java:addGlobalFilter(975)) - Added global filter 'safety' (class=org.apache.hadoop.http.HttpServer2$QuotingInputFilter)
2019-09-27 09:19:03,663 [main] INFO  http.HttpServer2 (HttpServer2.java:addFilter(948)) - Added filter static_user_filter (class=org.apache.hadoop.http.lib.StaticUserWebFilter$StaticUserFilter) to context hddsDatanode
2019-09-27 09:19:03,664 [main] INFO  http.HttpServer2 (HttpServer2.java:addFilter(958)) - Added filter static_user_filter (class=org.apache.hadoop.http.lib.StaticUserWebFilter$StaticUserFilter) to context logs
2019-09-27 09:19:03,664 [main] INFO  http.HttpServer2 (HttpServer2.java:addFilter(958)) - Added filter static_user_filter (class=org.apache.hadoop.http.lib.StaticUserWebFilter$StaticUserFilter) to context static
2019-09-27 09:19:03,664 [main] INFO  http.HttpServer2 (HttpServer2.java:bindListener(1191)) - Jetty bound to port 42074
2019-09-27 09:19:03,664 [main] INFO  server.Server (Server.java:doStart(351)) - jetty-9.3.25.v20180904, build timestamp: 2018-09-04T21:11:46Z, git hash: 3ce520221d0240229c862b122d2b06c12a625732
2019-09-27 09:19:03,666 [main] INFO  handler.ContextHandler (ContextHandler.java:doStart(781)) - Started o.e.j.s.ServletContextHandler@3a4aadf8{/logs,file:///workdir/hadoop-ozone/integration-test/target/log,AVAILABLE}
2019-09-27 09:19:03,666 [main] INFO  handler.ContextHandler (ContextHandler.java:doStart(781)) - Started o.e.j.s.ServletContextHandler@7a682d35{/static,jar:file:/home/user/.m2/repository/org/apache/hadoop/hadoop-hdds-container-service/0.5.0-SNAPSHOT/hadoop-hdds-container-service-0.5.0-SNAPSHOT.jar!/webapps/static,AVAILABLE}
2019-09-27 09:19:03,693 [main] INFO  handler.ContextHandler (ContextHandler.java:doStart(781)) - Started o.e.j.w.WebAppContext@b5c6a30{/,file:///tmp/jetty-0.0.0.0-42074-hddsDatanode-_-any-4040914142595255532.dir/webapp/,AVAILABLE}{/hddsDatanode}
2019-09-27 09:19:03,693 [main] INFO  server.AbstractConnector (AbstractConnector.java:doStart(278)) - Started ServerConnector@3bfae028{HTTP/1.1,[http/1.1]}{0.0.0.0:42074}
2019-09-27 09:19:03,695 [main] INFO  server.Server (Server.java:doStart(419)) - Started @289976ms
2019-09-27 09:19:03,695 [main] WARN  impl.MetricsSystemImpl (MetricsSystemImpl.java:register(276)) - Sink prometheus already exists!
2019-09-27 09:19:03,695 [main] INFO  server.BaseHttpServer (BaseHttpServer.java:updateConnectorAddress(215)) - HTTP server of HDDSDATANODE is listening at http://0.0.0.0:42074
2019-09-27 09:19:03,696 [main] INFO  impl.MetricsSystemImpl (MetricsSystemImpl.java:init(158)) - HddsDatanode metrics system started (again)
2019-09-27 09:19:03,699 [main] INFO  ozone.HddsDatanodeService (HddsDatanodeService.java:start(184)) - HddsDatanodeService host:pr-hdds2162-4fxhj-20988671 ip:192.168.151.103
2019-09-27 09:19:03,699 [org.apache.hadoop.util.JvmPauseMonitor$Monitor@36dc6a5c] INFO  util.JvmPauseMonitor (JvmPauseMonitor.java:run(188)) - Starting JVM pause monitor
2019-09-27 09:19:03,700 [Datanode State Machine Thread - 0] INFO  datanode.InitDatanodeState (InitDatanodeState.java:persistContainerDatanodeDetails(140)) - DatanodeDetails is persisted to /workdir/hadoop-ozone/integration-test/target/test-dir/MiniOzoneClusterImpl-d2d06822-f460-4d8d-a87b-a517d879cb3f/datanode-3/meta/datanode.id
2019-09-27 09:19:03,704 [main] INFO  volume.HddsVolume (HddsVolume.java:<init>(176)) - Creating Volume: /workdir/hadoop-ozone/integration-test/target/test-dir/MiniOzoneClusterImpl-d2d06822-f460-4d8d-a87b-a517d879cb3f/datanode-4/data/containers/hdds of  storage type : DISK and capacity : 1482555576320
2019-09-27 09:19:03,704 [main] INFO  volume.VolumeSet (VolumeSet.java:initializeVolumeSet(170)) - Added Volume : /workdir/hadoop-ozone/integration-test/target/test-dir/MiniOzoneClusterImpl-d2d06822-f460-4d8d-a87b-a517d879cb3f/datanode-4/data/containers/hdds to VolumeSet
2019-09-27 09:19:03,704 [main] INFO  volume.ThrottledAsyncChecker (ThrottledAsyncChecker.java:schedule(139)) - Scheduling a check for org.apache.hadoop.ozone.container.common.volume.HddsVolume@4391a2d8
2019-09-27 09:19:03,705 [main] INFO  volume.HddsVolumeChecker (HddsVolumeChecker.java:checkAllVolumes(202)) - Scheduled health check for volume org.apache.hadoop.ozone.container.common.volume.HddsVolume@4391a2d8
2019-09-27 09:19:03,716 [main] INFO  impl.RaftServerProxy (ConfUtils.java:logGet(43)) - raft.rpc.type = GRPC (default)
2019-09-27 09:19:03,716 [main] INFO  grpc.GrpcFactory (GrpcFactory.java:checkPooledByteBufAllocatorUseCacheForAllThreads(45)) - PERFORMANCE WARNING: useCacheForAllThreads is true that may cause Netty to create a lot garbage objects and, as a result, trigger GC.
	It is recommended to disable useCacheForAllThreads by setting -Dorg.apache.ratis.thirdparty.io.netty.allocator.useCacheForAllThreads=false in command line.
2019-09-27 09:19:03,716 [main] INFO  grpc.GrpcConfigKeys$Server (ConfUtils.java:logGet(43)) - raft.grpc.server.port = 0 (default)
2019-09-27 09:19:03,717 [main] INFO  server.GrpcService (ConfUtils.java:logGet(43)) - raft.grpc.message.size.max = 33570816 (custom)
2019-09-27 09:19:03,717 [main] INFO  server.RaftServerConfigKeys (ConfUtils.java:logGet(43)) - raft.server.log.appender.buffer.byte-limit = 33554432 (custom)
2019-09-27 09:19:03,717 [main] INFO  server.GrpcService (ConfUtils.java:logGet(43)) - raft.grpc.flow.control.window = 1MB (=1048576) (default)
2019-09-27 09:19:03,717 [main] INFO  server.RaftServerConfigKeys (ConfUtils.java:logGet(43)) - raft.server.rpc.request.timeout = 3000ms (default)
2019-09-27 09:19:03,718 [main] INFO  server.RaftServerConfigKeys (ConfUtils.java:logGet(43)) - raft.server.storage.dir = [/workdir/hadoop-ozone/integration-test/target/test-dir/MiniOzoneClusterImpl-d2d06822-f460-4d8d-a87b-a517d879cb3f/datanode-4/data/ratis] (custom)
2019-09-27 09:19:03,719 [main] INFO  hdfs.DFSUtil (DFSUtil.java:httpServerTemplateForNNAndJN(1641)) - Starting Web-server for hddsDatanode at: http://0.0.0.0:0
2019-09-27 09:19:03,720 [main] INFO  server.AuthenticationFilter (AuthenticationFilter.java:constructSecretProvider(240)) - Unable to initialize FileSignerSecretProvider, falling back to use random secrets.
2019-09-27 09:19:03,720 [main] WARN  http.HttpRequestLog (HttpRequestLog.java:getRequestLog(97)) - Jetty request log can only be enabled using Log4j
2019-09-27 09:19:03,721 [main] INFO  http.HttpServer2 (HttpServer2.java:addGlobalFilter(975)) - Added global filter 'safety' (class=org.apache.hadoop.http.HttpServer2$QuotingInputFilter)
2019-09-27 09:19:03,722 [main] INFO  http.HttpServer2 (HttpServer2.java:addFilter(948)) - Added filter static_user_filter (class=org.apache.hadoop.http.lib.StaticUserWebFilter$StaticUserFilter) to context hddsDatanode
2019-09-27 09:19:03,722 [main] INFO  http.HttpServer2 (HttpServer2.java:addFilter(958)) - Added filter static_user_filter (class=org.apache.hadoop.http.lib.StaticUserWebFilter$StaticUserFilter) to context static
2019-09-27 09:19:03,722 [main] INFO  http.HttpServer2 (HttpServer2.java:addFilter(958)) - Added filter static_user_filter (class=org.apache.hadoop.http.lib.StaticUserWebFilter$StaticUserFilter) to context logs
2019-09-27 09:19:03,723 [main] INFO  http.HttpServer2 (HttpServer2.java:bindListener(1191)) - Jetty bound to port 39264
2019-09-27 09:19:03,723 [main] INFO  server.Server (Server.java:doStart(351)) - jetty-9.3.25.v20180904, build timestamp: 2018-09-04T21:11:46Z, git hash: 3ce520221d0240229c862b122d2b06c12a625732
2019-09-27 09:19:03,724 [main] INFO  handler.ContextHandler (ContextHandler.java:doStart(781)) - Started o.e.j.s.ServletContextHandler@7e87ef9e{/logs,file:///workdir/hadoop-ozone/integration-test/target/log,AVAILABLE}
2019-09-27 09:19:03,725 [main] INFO  handler.ContextHandler (ContextHandler.java:doStart(781)) - Started o.e.j.s.ServletContextHandler@45843650{/static,jar:file:/home/user/.m2/repository/org/apache/hadoop/hadoop-hdds-container-service/0.5.0-SNAPSHOT/hadoop-hdds-container-service-0.5.0-SNAPSHOT.jar!/webapps/static,AVAILABLE}
2019-09-27 09:19:03,752 [main] INFO  handler.ContextHandler (ContextHandler.java:doStart(781)) - Started o.e.j.w.WebAppContext@750ed637{/,file:///tmp/jetty-0.0.0.0-39264-hddsDatanode-_-any-7581372933598093157.dir/webapp/,AVAILABLE}{/hddsDatanode}
2019-09-27 09:19:03,752 [main] INFO  server.AbstractConnector (AbstractConnector.java:doStart(278)) - Started ServerConnector@5190010f{HTTP/1.1,[http/1.1]}{0.0.0.0:39264}
2019-09-27 09:19:03,754 [main] INFO  server.Server (Server.java:doStart(419)) - Started @290035ms
2019-09-27 09:19:03,754 [main] WARN  impl.MetricsSystemImpl (MetricsSystemImpl.java:register(276)) - Sink prometheus already exists!
2019-09-27 09:19:03,754 [main] INFO  server.BaseHttpServer (BaseHttpServer.java:updateConnectorAddress(215)) - HTTP server of HDDSDATANODE is listening at http://0.0.0.0:39264
2019-09-27 09:19:03,755 [main] INFO  impl.MetricsSystemImpl (MetricsSystemImpl.java:init(158)) - HddsDatanode metrics system started (again)
2019-09-27 09:19:03,758 [main] INFO  ozone.HddsDatanodeService (HddsDatanodeService.java:start(184)) - HddsDatanodeService host:pr-hdds2162-4fxhj-20988671 ip:192.168.151.103
2019-09-27 09:19:03,758 [org.apache.hadoop.util.JvmPauseMonitor$Monitor@4128185] INFO  util.JvmPauseMonitor (JvmPauseMonitor.java:run(188)) - Starting JVM pause monitor
2019-09-27 09:19:03,760 [Datanode State Machine Thread - 0] INFO  datanode.InitDatanodeState (InitDatanodeState.java:persistContainerDatanodeDetails(140)) - DatanodeDetails is persisted to /workdir/hadoop-ozone/integration-test/target/test-dir/MiniOzoneClusterImpl-d2d06822-f460-4d8d-a87b-a517d879cb3f/datanode-4/meta/datanode.id
2019-09-27 09:19:03,763 [main] INFO  volume.HddsVolume (HddsVolume.java:<init>(176)) - Creating Volume: /workdir/hadoop-ozone/integration-test/target/test-dir/MiniOzoneClusterImpl-d2d06822-f460-4d8d-a87b-a517d879cb3f/datanode-5/data/containers/hdds of  storage type : DISK and capacity : 1482555576320
2019-09-27 09:19:03,764 [main] INFO  volume.VolumeSet (VolumeSet.java:initializeVolumeSet(170)) - Added Volume : /workdir/hadoop-ozone/integration-test/target/test-dir/MiniOzoneClusterImpl-d2d06822-f460-4d8d-a87b-a517d879cb3f/datanode-5/data/containers/hdds to VolumeSet
2019-09-27 09:19:03,764 [main] INFO  volume.ThrottledAsyncChecker (ThrottledAsyncChecker.java:schedule(139)) - Scheduling a check for org.apache.hadoop.ozone.container.common.volume.HddsVolume@261bd7b
2019-09-27 09:19:03,764 [main] INFO  volume.HddsVolumeChecker (HddsVolumeChecker.java:checkAllVolumes(202)) - Scheduled health check for volume org.apache.hadoop.ozone.container.common.volume.HddsVolume@261bd7b
2019-09-27 09:19:03,776 [main] INFO  impl.RaftServerProxy (ConfUtils.java:logGet(43)) - raft.rpc.type = GRPC (default)
2019-09-27 09:19:03,776 [main] INFO  grpc.GrpcFactory (GrpcFactory.java:checkPooledByteBufAllocatorUseCacheForAllThreads(45)) - PERFORMANCE WARNING: useCacheForAllThreads is true that may cause Netty to create a lot garbage objects and, as a result, trigger GC.
	It is recommended to disable useCacheForAllThreads by setting -Dorg.apache.ratis.thirdparty.io.netty.allocator.useCacheForAllThreads=false in command line.
2019-09-27 09:19:03,776 [main] INFO  grpc.GrpcConfigKeys$Server (ConfUtils.java:logGet(43)) - raft.grpc.server.port = 0 (default)
2019-09-27 09:19:03,777 [main] INFO  server.GrpcService (ConfUtils.java:logGet(43)) - raft.grpc.message.size.max = 33570816 (custom)
2019-09-27 09:19:03,777 [main] INFO  server.RaftServerConfigKeys (ConfUtils.java:logGet(43)) - raft.server.log.appender.buffer.byte-limit = 33554432 (custom)
2019-09-27 09:19:03,777 [main] INFO  server.GrpcService (ConfUtils.java:logGet(43)) - raft.grpc.flow.control.window = 1MB (=1048576) (default)
2019-09-27 09:19:03,777 [main] INFO  server.RaftServerConfigKeys (ConfUtils.java:logGet(43)) - raft.server.rpc.request.timeout = 3000ms (default)
2019-09-27 09:19:03,777 [main] INFO  server.RaftServerConfigKeys (ConfUtils.java:logGet(43)) - raft.server.storage.dir = [/workdir/hadoop-ozone/integration-test/target/test-dir/MiniOzoneClusterImpl-d2d06822-f460-4d8d-a87b-a517d879cb3f/datanode-5/data/ratis] (custom)
2019-09-27 09:19:03,779 [main] INFO  hdfs.DFSUtil (DFSUtil.java:httpServerTemplateForNNAndJN(1641)) - Starting Web-server for hddsDatanode at: http://0.0.0.0:0
2019-09-27 09:19:03,780 [main] INFO  server.AuthenticationFilter (AuthenticationFilter.java:constructSecretProvider(240)) - Unable to initialize FileSignerSecretProvider, falling back to use random secrets.
2019-09-27 09:19:03,780 [main] WARN  http.HttpRequestLog (HttpRequestLog.java:getRequestLog(97)) - Jetty request log can only be enabled using Log4j
2019-09-27 09:19:03,781 [main] INFO  http.HttpServer2 (HttpServer2.java:addGlobalFilter(975)) - Added global filter 'safety' (class=org.apache.hadoop.http.HttpServer2$QuotingInputFilter)
2019-09-27 09:19:03,781 [main] INFO  http.HttpServer2 (HttpServer2.java:addFilter(948)) - Added filter static_user_filter (class=org.apache.hadoop.http.lib.StaticUserWebFilter$StaticUserFilter) to context hddsDatanode
2019-09-27 09:19:03,782 [main] INFO  http.HttpServer2 (HttpServer2.java:addFilter(958)) - Added filter static_user_filter (class=org.apache.hadoop.http.lib.StaticUserWebFilter$StaticUserFilter) to context logs
2019-09-27 09:19:03,782 [main] INFO  http.HttpServer2 (HttpServer2.java:addFilter(958)) - Added filter static_user_filter (class=org.apache.hadoop.http.lib.StaticUserWebFilter$StaticUserFilter) to context static
2019-09-27 09:19:03,782 [main] INFO  http.HttpServer2 (HttpServer2.java:bindListener(1191)) - Jetty bound to port 35286
2019-09-27 09:19:03,783 [main] INFO  server.Server (Server.java:doStart(351)) - jetty-9.3.25.v20180904, build timestamp: 2018-09-04T21:11:46Z, git hash: 3ce520221d0240229c862b122d2b06c12a625732
2019-09-27 09:19:03,784 [main] INFO  handler.ContextHandler (ContextHandler.java:doStart(781)) - Started o.e.j.s.ServletContextHandler@4351ed61{/logs,file:///workdir/hadoop-ozone/integration-test/target/log,AVAILABLE}
2019-09-27 09:19:03,785 [main] INFO  handler.ContextHandler (ContextHandler.java:doStart(781)) - Started o.e.j.s.ServletContextHandler@45e617c4{/static,jar:file:/home/user/.m2/repository/org/apache/hadoop/hadoop-hdds-container-service/0.5.0-SNAPSHOT/hadoop-hdds-container-service-0.5.0-SNAPSHOT.jar!/webapps/static,AVAILABLE}
2019-09-27 09:19:03,813 [main] INFO  handler.ContextHandler (ContextHandler.java:doStart(781)) - Started o.e.j.w.WebAppContext@3d53e6f7{/,file:///tmp/jetty-0.0.0.0-35286-hddsDatanode-_-any-441037946059090466.dir/webapp/,AVAILABLE}{/hddsDatanode}
2019-09-27 09:19:03,813 [main] INFO  server.AbstractConnector (AbstractConnector.java:doStart(278)) - Started ServerConnector@1de4bee0{HTTP/1.1,[http/1.1]}{0.0.0.0:35286}
2019-09-27 09:19:03,815 [main] INFO  server.Server (Server.java:doStart(419)) - Started @290096ms
2019-09-27 09:19:03,815 [main] WARN  impl.MetricsSystemImpl (MetricsSystemImpl.java:register(276)) - Sink prometheus already exists!
2019-09-27 09:19:03,816 [main] INFO  server.BaseHttpServer (BaseHttpServer.java:updateConnectorAddress(215)) - HTTP server of HDDSDATANODE is listening at http://0.0.0.0:35286
2019-09-27 09:19:03,816 [main] INFO  impl.MetricsSystemImpl (MetricsSystemImpl.java:init(158)) - HddsDatanode metrics system started (again)
2019-09-27 09:19:03,819 [org.apache.hadoop.util.JvmPauseMonitor$Monitor@418e9815] INFO  util.JvmPauseMonitor (JvmPauseMonitor.java:run(188)) - Starting JVM pause monitor
2019-09-27 09:19:03,820 [main] INFO  ozone.HddsDatanodeService (HddsDatanodeService.java:start(184)) - HddsDatanodeService host:pr-hdds2162-4fxhj-20988671 ip:192.168.151.103
2019-09-27 09:19:03,821 [Datanode State Machine Thread - 0] INFO  datanode.InitDatanodeState (InitDatanodeState.java:persistContainerDatanodeDetails(140)) - DatanodeDetails is persisted to /workdir/hadoop-ozone/integration-test/target/test-dir/MiniOzoneClusterImpl-d2d06822-f460-4d8d-a87b-a517d879cb3f/datanode-5/meta/datanode.id
2019-09-27 09:19:03,825 [main] INFO  volume.HddsVolume (HddsVolume.java:<init>(176)) - Creating Volume: /workdir/hadoop-ozone/integration-test/target/test-dir/MiniOzoneClusterImpl-d2d06822-f460-4d8d-a87b-a517d879cb3f/datanode-6/data/containers/hdds of  storage type : DISK and capacity : 1482555576320
2019-09-27 09:19:03,825 [main] INFO  volume.VolumeSet (VolumeSet.java:initializeVolumeSet(170)) - Added Volume : /workdir/hadoop-ozone/integration-test/target/test-dir/MiniOzoneClusterImpl-d2d06822-f460-4d8d-a87b-a517d879cb3f/datanode-6/data/containers/hdds to VolumeSet
2019-09-27 09:19:03,826 [main] INFO  volume.ThrottledAsyncChecker (ThrottledAsyncChecker.java:schedule(139)) - Scheduling a check for org.apache.hadoop.ozone.container.common.volume.HddsVolume@59a2388e
2019-09-27 09:19:03,826 [main] INFO  volume.HddsVolumeChecker (HddsVolumeChecker.java:checkAllVolumes(202)) - Scheduled health check for volume org.apache.hadoop.ozone.container.common.volume.HddsVolume@59a2388e
2019-09-27 09:19:03,842 [main] INFO  impl.RaftServerProxy (ConfUtils.java:logGet(43)) - raft.rpc.type = GRPC (default)
2019-09-27 09:19:03,842 [main] INFO  grpc.GrpcFactory (GrpcFactory.java:checkPooledByteBufAllocatorUseCacheForAllThreads(45)) - PERFORMANCE WARNING: useCacheForAllThreads is true that may cause Netty to create a lot garbage objects and, as a result, trigger GC.
	It is recommended to disable useCacheForAllThreads by setting -Dorg.apache.ratis.thirdparty.io.netty.allocator.useCacheForAllThreads=false in command line.
2019-09-27 09:19:03,843 [main] INFO  grpc.GrpcConfigKeys$Server (ConfUtils.java:logGet(43)) - raft.grpc.server.port = 0 (default)
2019-09-27 09:19:03,843 [main] INFO  server.GrpcService (ConfUtils.java:logGet(43)) - raft.grpc.message.size.max = 33570816 (custom)
2019-09-27 09:19:03,843 [main] INFO  server.RaftServerConfigKeys (ConfUtils.java:logGet(43)) - raft.server.log.appender.buffer.byte-limit = 33554432 (custom)
2019-09-27 09:19:03,844 [main] INFO  server.GrpcService (ConfUtils.java:logGet(43)) - raft.grpc.flow.control.window = 1MB (=1048576) (default)
2019-09-27 09:19:03,844 [main] INFO  server.RaftServerConfigKeys (ConfUtils.java:logGet(43)) - raft.server.rpc.request.timeout = 3000ms (default)
2019-09-27 09:19:03,844 [main] INFO  server.RaftServerConfigKeys (ConfUtils.java:logGet(43)) - raft.server.storage.dir = [/workdir/hadoop-ozone/integration-test/target/test-dir/MiniOzoneClusterImpl-d2d06822-f460-4d8d-a87b-a517d879cb3f/datanode-6/data/ratis] (custom)
2019-09-27 09:19:03,846 [main] INFO  hdfs.DFSUtil (DFSUtil.java:httpServerTemplateForNNAndJN(1641)) - Starting Web-server for hddsDatanode at: http://0.0.0.0:0
2019-09-27 09:19:03,848 [main] INFO  server.AuthenticationFilter (AuthenticationFilter.java:constructSecretProvider(240)) - Unable to initialize FileSignerSecretProvider, falling back to use random secrets.
2019-09-27 09:19:03,848 [main] WARN  http.HttpRequestLog (HttpRequestLog.java:getRequestLog(97)) - Jetty request log can only be enabled using Log4j
2019-09-27 09:19:03,849 [main] INFO  http.HttpServer2 (HttpServer2.java:addGlobalFilter(975)) - Added global filter 'safety' (class=org.apache.hadoop.http.HttpServer2$QuotingInputFilter)
2019-09-27 09:19:03,850 [main] INFO  http.HttpServer2 (HttpServer2.java:addFilter(948)) - Added filter static_user_filter (class=org.apache.hadoop.http.lib.StaticUserWebFilter$StaticUserFilter) to context hddsDatanode
2019-09-27 09:19:03,850 [main] INFO  http.HttpServer2 (HttpServer2.java:addFilter(958)) - Added filter static_user_filter (class=org.apache.hadoop.http.lib.StaticUserWebFilter$StaticUserFilter) to context logs
2019-09-27 09:19:03,850 [main] INFO  http.HttpServer2 (HttpServer2.java:addFilter(958)) - Added filter static_user_filter (class=org.apache.hadoop.http.lib.StaticUserWebFilter$StaticUserFilter) to context static
2019-09-27 09:19:03,851 [main] INFO  http.HttpServer2 (HttpServer2.java:bindListener(1191)) - Jetty bound to port 39653
2019-09-27 09:19:03,851 [main] INFO  server.Server (Server.java:doStart(351)) - jetty-9.3.25.v20180904, build timestamp: 2018-09-04T21:11:46Z, git hash: 3ce520221d0240229c862b122d2b06c12a625732
2019-09-27 09:19:03,852 [main] INFO  handler.ContextHandler (ContextHandler.java:doStart(781)) - Started o.e.j.s.ServletContextHandler@2d5a1588{/logs,file:///workdir/hadoop-ozone/integration-test/target/log,AVAILABLE}
2019-09-27 09:19:03,853 [main] INFO  handler.ContextHandler (ContextHandler.java:doStart(781)) - Started o.e.j.s.ServletContextHandler@125d47c4{/static,jar:file:/home/user/.m2/repository/org/apache/hadoop/hadoop-hdds-container-service/0.5.0-SNAPSHOT/hadoop-hdds-container-service-0.5.0-SNAPSHOT.jar!/webapps/static,AVAILABLE}
2019-09-27 09:19:03,880 [main] INFO  handler.ContextHandler (ContextHandler.java:doStart(781)) - Started o.e.j.w.WebAppContext@7f0b93b4{/,file:///tmp/jetty-0.0.0.0-39653-hddsDatanode-_-any-8950116793819458472.dir/webapp/,AVAILABLE}{/hddsDatanode}
2019-09-27 09:19:03,881 [main] INFO  server.AbstractConnector (AbstractConnector.java:doStart(278)) - Started ServerConnector@1376883{HTTP/1.1,[http/1.1]}{0.0.0.0:39653}
2019-09-27 09:19:03,882 [main] INFO  server.Server (Server.java:doStart(419)) - Started @290163ms
2019-09-27 09:19:03,882 [main] WARN  impl.MetricsSystemImpl (MetricsSystemImpl.java:register(276)) - Sink prometheus already exists!
2019-09-27 09:19:03,883 [main] INFO  server.BaseHttpServer (BaseHttpServer.java:updateConnectorAddress(215)) - HTTP server of HDDSDATANODE is listening at http://0.0.0.0:39653
2019-09-27 09:19:03,883 [main] INFO  impl.MetricsSystemImpl (MetricsSystemImpl.java:init(158)) - HddsDatanode metrics system started (again)
2019-09-27 09:19:03,887 [main] INFO  ozone.HddsDatanodeService (HddsDatanodeService.java:start(184)) - HddsDatanodeService host:pr-hdds2162-4fxhj-20988671 ip:192.168.151.103
2019-09-27 09:19:03,887 [org.apache.hadoop.util.JvmPauseMonitor$Monitor@48a19fd2] INFO  util.JvmPauseMonitor (JvmPauseMonitor.java:run(188)) - Starting JVM pause monitor
2019-09-27 09:19:03,889 [Datanode State Machine Thread - 0] INFO  datanode.InitDatanodeState (InitDatanodeState.java:persistContainerDatanodeDetails(140)) - DatanodeDetails is persisted to /workdir/hadoop-ozone/integration-test/target/test-dir/MiniOzoneClusterImpl-d2d06822-f460-4d8d-a87b-a517d879cb3f/datanode-6/meta/datanode.id
2019-09-27 09:19:03,893 [main] INFO  volume.HddsVolume (HddsVolume.java:<init>(176)) - Creating Volume: /workdir/hadoop-ozone/integration-test/target/test-dir/MiniOzoneClusterImpl-d2d06822-f460-4d8d-a87b-a517d879cb3f/datanode-7/data/containers/hdds of  storage type : DISK and capacity : 1482555576320
2019-09-27 09:19:03,893 [main] INFO  volume.VolumeSet (VolumeSet.java:initializeVolumeSet(170)) - Added Volume : /workdir/hadoop-ozone/integration-test/target/test-dir/MiniOzoneClusterImpl-d2d06822-f460-4d8d-a87b-a517d879cb3f/datanode-7/data/containers/hdds to VolumeSet
2019-09-27 09:19:03,894 [main] INFO  volume.ThrottledAsyncChecker (ThrottledAsyncChecker.java:schedule(139)) - Scheduling a check for org.apache.hadoop.ozone.container.common.volume.HddsVolume@2213639b
2019-09-27 09:19:03,894 [main] INFO  volume.HddsVolumeChecker (HddsVolumeChecker.java:checkAllVolumes(202)) - Scheduled health check for volume org.apache.hadoop.ozone.container.common.volume.HddsVolume@2213639b
2019-09-27 09:19:03,905 [main] INFO  impl.RaftServerProxy (ConfUtils.java:logGet(43)) - raft.rpc.type = GRPC (default)
2019-09-27 09:19:03,905 [main] INFO  grpc.GrpcFactory (GrpcFactory.java:checkPooledByteBufAllocatorUseCacheForAllThreads(45)) - PERFORMANCE WARNING: useCacheForAllThreads is true that may cause Netty to create a lot garbage objects and, as a result, trigger GC.
	It is recommended to disable useCacheForAllThreads by setting -Dorg.apache.ratis.thirdparty.io.netty.allocator.useCacheForAllThreads=false in command line.
2019-09-27 09:19:03,905 [main] INFO  grpc.GrpcConfigKeys$Server (ConfUtils.java:logGet(43)) - raft.grpc.server.port = 0 (default)
2019-09-27 09:19:03,906 [main] INFO  server.GrpcService (ConfUtils.java:logGet(43)) - raft.grpc.message.size.max = 33570816 (custom)
2019-09-27 09:19:03,906 [main] INFO  server.RaftServerConfigKeys (ConfUtils.java:logGet(43)) - raft.server.log.appender.buffer.byte-limit = 33554432 (custom)
2019-09-27 09:19:03,906 [main] INFO  server.GrpcService (ConfUtils.java:logGet(43)) - raft.grpc.flow.control.window = 1MB (=1048576) (default)
2019-09-27 09:19:03,906 [main] INFO  server.RaftServerConfigKeys (ConfUtils.java:logGet(43)) - raft.server.rpc.request.timeout = 3000ms (default)
2019-09-27 09:19:03,907 [main] INFO  server.RaftServerConfigKeys (ConfUtils.java:logGet(43)) - raft.server.storage.dir = [/workdir/hadoop-ozone/integration-test/target/test-dir/MiniOzoneClusterImpl-d2d06822-f460-4d8d-a87b-a517d879cb3f/datanode-7/data/ratis] (custom)
2019-09-27 09:19:03,908 [main] INFO  hdfs.DFSUtil (DFSUtil.java:httpServerTemplateForNNAndJN(1641)) - Starting Web-server for hddsDatanode at: http://0.0.0.0:0
2019-09-27 09:19:03,909 [main] INFO  server.AuthenticationFilter (AuthenticationFilter.java:constructSecretProvider(240)) - Unable to initialize FileSignerSecretProvider, falling back to use random secrets.
2019-09-27 09:19:03,909 [main] WARN  http.HttpRequestLog (HttpRequestLog.java:getRequestLog(97)) - Jetty request log can only be enabled using Log4j
2019-09-27 09:19:03,910 [main] INFO  http.HttpServer2 (HttpServer2.java:addGlobalFilter(975)) - Added global filter 'safety' (class=org.apache.hadoop.http.HttpServer2$QuotingInputFilter)
2019-09-27 09:19:03,911 [main] INFO  http.HttpServer2 (HttpServer2.java:addFilter(948)) - Added filter static_user_filter (class=org.apache.hadoop.http.lib.StaticUserWebFilter$StaticUserFilter) to context hddsDatanode
2019-09-27 09:19:03,911 [main] INFO  http.HttpServer2 (HttpServer2.java:addFilter(958)) - Added filter static_user_filter (class=org.apache.hadoop.http.lib.StaticUserWebFilter$StaticUserFilter) to context logs
2019-09-27 09:19:03,911 [main] INFO  http.HttpServer2 (HttpServer2.java:addFilter(958)) - Added filter static_user_filter (class=org.apache.hadoop.http.lib.StaticUserWebFilter$StaticUserFilter) to context static
2019-09-27 09:19:03,912 [main] INFO  http.HttpServer2 (HttpServer2.java:bindListener(1191)) - Jetty bound to port 40442
2019-09-27 09:19:03,912 [main] INFO  server.Server (Server.java:doStart(351)) - jetty-9.3.25.v20180904, build timestamp: 2018-09-04T21:11:46Z, git hash: 3ce520221d0240229c862b122d2b06c12a625732
2019-09-27 09:19:03,913 [main] INFO  handler.ContextHandler (ContextHandler.java:doStart(781)) - Started o.e.j.s.ServletContextHandler@456f7d9e{/logs,file:///workdir/hadoop-ozone/integration-test/target/log,AVAILABLE}
2019-09-27 09:19:03,913 [main] INFO  handler.ContextHandler (ContextHandler.java:doStart(781)) - Started o.e.j.s.ServletContextHandler@8f40022{/static,jar:file:/home/user/.m2/repository/org/apache/hadoop/hadoop-hdds-container-service/0.5.0-SNAPSHOT/hadoop-hdds-container-service-0.5.0-SNAPSHOT.jar!/webapps/static,AVAILABLE}
2019-09-27 09:19:03,940 [main] INFO  handler.ContextHandler (ContextHandler.java:doStart(781)) - Started o.e.j.w.WebAppContext@2efd2f21{/,file:///tmp/jetty-0.0.0.0-40442-hddsDatanode-_-any-4267703413152534304.dir/webapp/,AVAILABLE}{/hddsDatanode}
2019-09-27 09:19:03,941 [main] INFO  server.AbstractConnector (AbstractConnector.java:doStart(278)) - Started ServerConnector@59c500f7{HTTP/1.1,[http/1.1]}{0.0.0.0:40442}
2019-09-27 09:19:03,942 [main] INFO  server.Server (Server.java:doStart(419)) - Started @290223ms
2019-09-27 09:19:03,942 [main] WARN  impl.MetricsSystemImpl (MetricsSystemImpl.java:register(276)) - Sink prometheus already exists!
2019-09-27 09:19:03,943 [main] INFO  server.BaseHttpServer (BaseHttpServer.java:updateConnectorAddress(215)) - HTTP server of HDDSDATANODE is listening at http://0.0.0.0:40442
2019-09-27 09:19:03,943 [main] INFO  impl.MetricsSystemImpl (MetricsSystemImpl.java:init(158)) - HddsDatanode metrics system started (again)
2019-09-27 09:19:03,947 [main] INFO  ozone.HddsDatanodeService (HddsDatanodeService.java:start(184)) - HddsDatanodeService host:pr-hdds2162-4fxhj-20988671 ip:192.168.151.103
2019-09-27 09:19:03,948 [org.apache.hadoop.util.JvmPauseMonitor$Monitor@50e4cf95] INFO  util.JvmPauseMonitor (JvmPauseMonitor.java:run(188)) - Starting JVM pause monitor
2019-09-27 09:19:03,950 [Datanode State Machine Thread - 0] INFO  datanode.InitDatanodeState (InitDatanodeState.java:persistContainerDatanodeDetails(140)) - DatanodeDetails is persisted to /workdir/hadoop-ozone/integration-test/target/test-dir/MiniOzoneClusterImpl-d2d06822-f460-4d8d-a87b-a517d879cb3f/datanode-7/meta/datanode.id
2019-09-27 09:19:03,953 [main] INFO  volume.HddsVolume (HddsVolume.java:<init>(176)) - Creating Volume: /workdir/hadoop-ozone/integration-test/target/test-dir/MiniOzoneClusterImpl-d2d06822-f460-4d8d-a87b-a517d879cb3f/datanode-8/data/containers/hdds of  storage type : DISK and capacity : 1482555576320
2019-09-27 09:19:03,954 [main] INFO  volume.VolumeSet (VolumeSet.java:initializeVolumeSet(170)) - Added Volume : /workdir/hadoop-ozone/integration-test/target/test-dir/MiniOzoneClusterImpl-d2d06822-f460-4d8d-a87b-a517d879cb3f/datanode-8/data/containers/hdds to VolumeSet
2019-09-27 09:19:03,954 [main] INFO  volume.ThrottledAsyncChecker (ThrottledAsyncChecker.java:schedule(139)) - Scheduling a check for org.apache.hadoop.ozone.container.common.volume.HddsVolume@66e17eff
2019-09-27 09:19:03,954 [main] INFO  volume.HddsVolumeChecker (HddsVolumeChecker.java:checkAllVolumes(202)) - Scheduled health check for volume org.apache.hadoop.ozone.container.common.volume.HddsVolume@66e17eff
2019-09-27 09:19:03,965 [main] INFO  impl.RaftServerProxy (ConfUtils.java:logGet(43)) - raft.rpc.type = GRPC (default)
2019-09-27 09:19:03,966 [main] INFO  grpc.GrpcFactory (GrpcFactory.java:checkPooledByteBufAllocatorUseCacheForAllThreads(45)) - PERFORMANCE WARNING: useCacheForAllThreads is true that may cause Netty to create a lot garbage objects and, as a result, trigger GC.
	It is recommended to disable useCacheForAllThreads by setting -Dorg.apache.ratis.thirdparty.io.netty.allocator.useCacheForAllThreads=false in command line.
2019-09-27 09:19:03,966 [main] INFO  grpc.GrpcConfigKeys$Server (ConfUtils.java:logGet(43)) - raft.grpc.server.port = 0 (default)
2019-09-27 09:19:03,966 [main] INFO  server.GrpcService (ConfUtils.java:logGet(43)) - raft.grpc.message.size.max = 33570816 (custom)
2019-09-27 09:19:03,966 [main] INFO  server.RaftServerConfigKeys (ConfUtils.java:logGet(43)) - raft.server.log.appender.buffer.byte-limit = 33554432 (custom)
2019-09-27 09:19:03,966 [main] INFO  server.GrpcService (ConfUtils.java:logGet(43)) - raft.grpc.flow.control.window = 1MB (=1048576) (default)
2019-09-27 09:19:03,967 [main] INFO  server.RaftServerConfigKeys (ConfUtils.java:logGet(43)) - raft.server.rpc.request.timeout = 3000ms (default)
2019-09-27 09:19:03,967 [main] INFO  server.RaftServerConfigKeys (ConfUtils.java:logGet(43)) - raft.server.storage.dir = [/workdir/hadoop-ozone/integration-test/target/test-dir/MiniOzoneClusterImpl-d2d06822-f460-4d8d-a87b-a517d879cb3f/datanode-8/data/ratis] (custom)
2019-09-27 09:19:03,968 [main] INFO  hdfs.DFSUtil (DFSUtil.java:httpServerTemplateForNNAndJN(1641)) - Starting Web-server for hddsDatanode at: http://0.0.0.0:0
2019-09-27 09:19:03,970 [main] INFO  server.AuthenticationFilter (AuthenticationFilter.java:constructSecretProvider(240)) - Unable to initialize FileSignerSecretProvider, falling back to use random secrets.
2019-09-27 09:19:03,970 [main] WARN  http.HttpRequestLog (HttpRequestLog.java:getRequestLog(97)) - Jetty request log can only be enabled using Log4j
2019-09-27 09:19:03,971 [main] INFO  http.HttpServer2 (HttpServer2.java:addGlobalFilter(975)) - Added global filter 'safety' (class=org.apache.hadoop.http.HttpServer2$QuotingInputFilter)
2019-09-27 09:19:03,972 [main] INFO  http.HttpServer2 (HttpServer2.java:addFilter(948)) - Added filter static_user_filter (class=org.apache.hadoop.http.lib.StaticUserWebFilter$StaticUserFilter) to context hddsDatanode
2019-09-27 09:19:03,972 [main] INFO  http.HttpServer2 (HttpServer2.java:addFilter(958)) - Added filter static_user_filter (class=org.apache.hadoop.http.lib.StaticUserWebFilter$StaticUserFilter) to context logs
2019-09-27 09:19:03,972 [main] INFO  http.HttpServer2 (HttpServer2.java:addFilter(958)) - Added filter static_user_filter (class=org.apache.hadoop.http.lib.StaticUserWebFilter$StaticUserFilter) to context static
2019-09-27 09:19:03,972 [main] INFO  http.HttpServer2 (HttpServer2.java:bindListener(1191)) - Jetty bound to port 33159
2019-09-27 09:19:03,973 [main] INFO  server.Server (Server.java:doStart(351)) - jetty-9.3.25.v20180904, build timestamp: 2018-09-04T21:11:46Z, git hash: 3ce520221d0240229c862b122d2b06c12a625732
2019-09-27 09:19:03,974 [main] INFO  handler.ContextHandler (ContextHandler.java:doStart(781)) - Started o.e.j.s.ServletContextHandler@100ad67e{/logs,file:///workdir/hadoop-ozone/integration-test/target/log,AVAILABLE}
2019-09-27 09:19:03,974 [main] INFO  handler.ContextHandler (ContextHandler.java:doStart(781)) - Started o.e.j.s.ServletContextHandler@62aeddc8{/static,jar:file:/home/user/.m2/repository/org/apache/hadoop/hadoop-hdds-container-service/0.5.0-SNAPSHOT/hadoop-hdds-container-service-0.5.0-SNAPSHOT.jar!/webapps/static,AVAILABLE}
2019-09-27 09:19:04,002 [main] INFO  handler.ContextHandler (ContextHandler.java:doStart(781)) - Started o.e.j.w.WebAppContext@35dece42{/,file:///tmp/jetty-0.0.0.0-33159-hddsDatanode-_-any-6769944456131935475.dir/webapp/,AVAILABLE}{/hddsDatanode}
2019-09-27 09:19:04,002 [main] INFO  server.AbstractConnector (AbstractConnector.java:doStart(278)) - Started ServerConnector@dd3f8aa{HTTP/1.1,[http/1.1]}{0.0.0.0:33159}
2019-09-27 09:19:04,004 [main] INFO  server.Server (Server.java:doStart(419)) - Started @290285ms
2019-09-27 09:19:04,004 [main] WARN  impl.MetricsSystemImpl (MetricsSystemImpl.java:register(276)) - Sink prometheus already exists!
2019-09-27 09:19:04,005 [main] INFO  server.BaseHttpServer (BaseHttpServer.java:updateConnectorAddress(215)) - HTTP server of HDDSDATANODE is listening at http://0.0.0.0:33159
2019-09-27 09:19:04,005 [main] INFO  impl.MetricsSystemImpl (MetricsSystemImpl.java:init(158)) - HddsDatanode metrics system started (again)
2019-09-27 09:19:04,010 [main] INFO  ozone.HddsDatanodeService (HddsDatanodeService.java:start(184)) - HddsDatanodeService host:pr-hdds2162-4fxhj-20988671 ip:192.168.151.103
2019-09-27 09:19:04,010 [org.apache.hadoop.util.JvmPauseMonitor$Monitor@15b9b5fd] INFO  util.JvmPauseMonitor (JvmPauseMonitor.java:run(188)) - Starting JVM pause monitor
2019-09-27 09:19:04,011 [Datanode State Machine Thread - 0] INFO  datanode.InitDatanodeState (InitDatanodeState.java:persistContainerDatanodeDetails(140)) - DatanodeDetails is persisted to /workdir/hadoop-ozone/integration-test/target/test-dir/MiniOzoneClusterImpl-d2d06822-f460-4d8d-a87b-a517d879cb3f/datanode-8/meta/datanode.id
2019-09-27 09:19:04,016 [main] INFO  volume.HddsVolume (HddsVolume.java:<init>(176)) - Creating Volume: /workdir/hadoop-ozone/integration-test/target/test-dir/MiniOzoneClusterImpl-d2d06822-f460-4d8d-a87b-a517d879cb3f/datanode-9/data/containers/hdds of  storage type : DISK and capacity : 1482555576320
2019-09-27 09:19:04,017 [main] INFO  volume.VolumeSet (VolumeSet.java:initializeVolumeSet(170)) - Added Volume : /workdir/hadoop-ozone/integration-test/target/test-dir/MiniOzoneClusterImpl-d2d06822-f460-4d8d-a87b-a517d879cb3f/datanode-9/data/containers/hdds to VolumeSet
2019-09-27 09:19:04,017 [main] INFO  volume.ThrottledAsyncChecker (ThrottledAsyncChecker.java:schedule(139)) - Scheduling a check for org.apache.hadoop.ozone.container.common.volume.HddsVolume@f2b90fc
2019-09-27 09:19:04,017 [main] INFO  volume.HddsVolumeChecker (HddsVolumeChecker.java:checkAllVolumes(202)) - Scheduled health check for volume org.apache.hadoop.ozone.container.common.volume.HddsVolume@f2b90fc
2019-09-27 09:19:04,031 [main] INFO  impl.RaftServerProxy (ConfUtils.java:logGet(43)) - raft.rpc.type = GRPC (default)
2019-09-27 09:19:04,031 [main] INFO  grpc.GrpcFactory (GrpcFactory.java:checkPooledByteBufAllocatorUseCacheForAllThreads(45)) - PERFORMANCE WARNING: useCacheForAllThreads is true that may cause Netty to create a lot garbage objects and, as a result, trigger GC.
	It is recommended to disable useCacheForAllThreads by setting -Dorg.apache.ratis.thirdparty.io.netty.allocator.useCacheForAllThreads=false in command line.
2019-09-27 09:19:04,031 [main] INFO  grpc.GrpcConfigKeys$Server (ConfUtils.java:logGet(43)) - raft.grpc.server.port = 0 (default)
2019-09-27 09:19:04,032 [main] INFO  server.GrpcService (ConfUtils.java:logGet(43)) - raft.grpc.message.size.max = 33570816 (custom)
2019-09-27 09:19:04,032 [main] INFO  server.RaftServerConfigKeys (ConfUtils.java:logGet(43)) - raft.server.log.appender.buffer.byte-limit = 33554432 (custom)
2019-09-27 09:19:04,032 [main] INFO  server.GrpcService (ConfUtils.java:logGet(43)) - raft.grpc.flow.control.window = 1MB (=1048576) (default)
2019-09-27 09:19:04,032 [main] INFO  server.RaftServerConfigKeys (ConfUtils.java:logGet(43)) - raft.server.rpc.request.timeout = 3000ms (default)
2019-09-27 09:19:04,033 [main] INFO  server.RaftServerConfigKeys (ConfUtils.java:logGet(43)) - raft.server.storage.dir = [/workdir/hadoop-ozone/integration-test/target/test-dir/MiniOzoneClusterImpl-d2d06822-f460-4d8d-a87b-a517d879cb3f/datanode-9/data/ratis] (custom)
2019-09-27 09:19:04,034 [main] INFO  hdfs.DFSUtil (DFSUtil.java:httpServerTemplateForNNAndJN(1641)) - Starting Web-server for hddsDatanode at: http://0.0.0.0:0
2019-09-27 09:19:04,035 [main] INFO  server.AuthenticationFilter (AuthenticationFilter.java:constructSecretProvider(240)) - Unable to initialize FileSignerSecretProvider, falling back to use random secrets.
2019-09-27 09:19:04,035 [main] WARN  http.HttpRequestLog (HttpRequestLog.java:getRequestLog(97)) - Jetty request log can only be enabled using Log4j
2019-09-27 09:19:04,037 [main] INFO  http.HttpServer2 (HttpServer2.java:addGlobalFilter(975)) - Added global filter 'safety' (class=org.apache.hadoop.http.HttpServer2$QuotingInputFilter)
2019-09-27 09:19:04,037 [main] INFO  http.HttpServer2 (HttpServer2.java:addFilter(948)) - Added filter static_user_filter (class=org.apache.hadoop.http.lib.StaticUserWebFilter$StaticUserFilter) to context hddsDatanode
2019-09-27 09:19:04,037 [main] INFO  http.HttpServer2 (HttpServer2.java:addFilter(958)) - Added filter static_user_filter (class=org.apache.hadoop.http.lib.StaticUserWebFilter$StaticUserFilter) to context logs
2019-09-27 09:19:04,037 [main] INFO  http.HttpServer2 (HttpServer2.java:addFilter(958)) - Added filter static_user_filter (class=org.apache.hadoop.http.lib.StaticUserWebFilter$StaticUserFilter) to context static
2019-09-27 09:19:04,038 [main] INFO  http.HttpServer2 (HttpServer2.java:bindListener(1191)) - Jetty bound to port 37351
2019-09-27 09:19:04,038 [main] INFO  server.Server (Server.java:doStart(351)) - jetty-9.3.25.v20180904, build timestamp: 2018-09-04T21:11:46Z, git hash: 3ce520221d0240229c862b122d2b06c12a625732
2019-09-27 09:19:04,040 [main] INFO  handler.ContextHandler (ContextHandler.java:doStart(781)) - Started o.e.j.s.ServletContextHandler@3a7c678b{/logs,file:///workdir/hadoop-ozone/integration-test/target/log,AVAILABLE}
2019-09-27 09:19:04,040 [main] INFO  handler.ContextHandler (ContextHandler.java:doStart(781)) - Started o.e.j.s.ServletContextHandler@1ad9b8d3{/static,jar:file:/home/user/.m2/repository/org/apache/hadoop/hadoop-hdds-container-service/0.5.0-SNAPSHOT/hadoop-hdds-container-service-0.5.0-SNAPSHOT.jar!/webapps/static,AVAILABLE}
2019-09-27 09:19:04,067 [main] INFO  handler.ContextHandler (ContextHandler.java:doStart(781)) - Started o.e.j.w.WebAppContext@364fd4ae{/,file:///tmp/jetty-0.0.0.0-37351-hddsDatanode-_-any-698414018225857241.dir/webapp/,AVAILABLE}{/hddsDatanode}
2019-09-27 09:19:04,067 [main] INFO  server.AbstractConnector (AbstractConnector.java:doStart(278)) - Started ServerConnector@245253d8{HTTP/1.1,[http/1.1]}{0.0.0.0:37351}
2019-09-27 09:19:04,069 [main] INFO  server.Server (Server.java:doStart(419)) - Started @290350ms
2019-09-27 09:19:04,069 [main] WARN  impl.MetricsSystemImpl (MetricsSystemImpl.java:register(276)) - Sink prometheus already exists!
2019-09-27 09:19:04,070 [main] INFO  server.BaseHttpServer (BaseHttpServer.java:updateConnectorAddress(215)) - HTTP server of HDDSDATANODE is listening at http://0.0.0.0:37351
2019-09-27 09:19:04,070 [main] INFO  ozone.MiniOzoneClusterImpl (MiniOzoneClusterImpl.java:lambda$waitForClusterToBeReady$0(147)) - Waiting for cluster to be ready. Got 0 of 10 DN Heartbeats.
2019-09-27 09:19:04,071 [org.apache.hadoop.util.JvmPauseMonitor$Monitor@5698e021] INFO  util.JvmPauseMonitor (JvmPauseMonitor.java:run(188)) - Starting JVM pause monitor
2019-09-27 09:19:04,073 [Datanode State Machine Thread - 0] INFO  datanode.InitDatanodeState (InitDatanodeState.java:persistContainerDatanodeDetails(140)) - DatanodeDetails is persisted to /workdir/hadoop-ozone/integration-test/target/test-dir/MiniOzoneClusterImpl-d2d06822-f460-4d8d-a87b-a517d879cb3f/datanode-9/meta/datanode.id
2019-09-27 09:19:05,070 [main] INFO  ozone.MiniOzoneClusterImpl (MiniOzoneClusterImpl.java:lambda$waitForClusterToBeReady$0(147)) - Waiting for cluster to be ready. Got 0 of 10 DN Heartbeats.
2019-09-27 09:19:05,534 [Datanode State Machine Thread - 0] INFO  ozoneimpl.OzoneContainer (OzoneContainer.java:start(217)) - Attempting to start container services.
2019-09-27 09:19:05,534 [Datanode State Machine Thread - 0] INFO  ozoneimpl.OzoneContainer (OzoneContainer.java:startContainerScrub(179)) - Background container scanner has been disabled.
2019-09-27 09:19:05,534 [Datanode State Machine Thread - 0] INFO  ratis.XceiverServerRatis (XceiverServerRatis.java:start(411)) - Starting XceiverServerRatis 82c6079f-0caa-41c9-82d7-90e7306895b1 at port 0
2019-09-27 09:19:05,541 [Datanode State Machine Thread - 0] INFO  impl.RaftServerProxy (RaftServerProxy.java:lambda$start$3(299)) - 82c6079f-0caa-41c9-82d7-90e7306895b1: start RPC server
2019-09-27 09:19:05,543 [Datanode State Machine Thread - 0] INFO  server.GrpcService (GrpcService.java:startImpl(158)) - 82c6079f-0caa-41c9-82d7-90e7306895b1: GrpcService started, listening on 0.0.0.0/0.0.0.0:43165
2019-09-27 09:19:05,544 [Datanode State Machine Thread - 0] INFO  ratis.XceiverServerRatis (XceiverServerRatis.java:start(421)) - XceiverServerRatis 82c6079f-0caa-41c9-82d7-90e7306895b1 is started using port 43165
2019-09-27 09:19:05,544 [Datanode State Machine Thread - 0] INFO  server.XceiverServerGrpc (XceiverServerGrpc.java:start(149)) - XceiverServerGrpc 82c6079f-0caa-41c9-82d7-90e7306895b1 is started using port 42263
2019-09-27 09:19:05,598 [Datanode State Machine Thread - 0] INFO  ozoneimpl.OzoneContainer (OzoneContainer.java:start(217)) - Attempting to start container services.
2019-09-27 09:19:05,598 [Datanode State Machine Thread - 0] INFO  ozoneimpl.OzoneContainer (OzoneContainer.java:startContainerScrub(179)) - Background container scanner has been disabled.
2019-09-27 09:19:05,598 [Datanode State Machine Thread - 0] INFO  ratis.XceiverServerRatis (XceiverServerRatis.java:start(411)) - Starting XceiverServerRatis 3336feff-37d1-4141-b1ec-acdf5527e46c at port 0
2019-09-27 09:19:05,605 [Datanode State Machine Thread - 0] INFO  impl.RaftServerProxy (RaftServerProxy.java:lambda$start$3(299)) - 3336feff-37d1-4141-b1ec-acdf5527e46c: start RPC server
2019-09-27 09:19:05,608 [Datanode State Machine Thread - 0] INFO  server.GrpcService (GrpcService.java:startImpl(158)) - 3336feff-37d1-4141-b1ec-acdf5527e46c: GrpcService started, listening on 0.0.0.0/0.0.0.0:37464
2019-09-27 09:19:05,608 [Datanode State Machine Thread - 0] INFO  ratis.XceiverServerRatis (XceiverServerRatis.java:start(421)) - XceiverServerRatis 3336feff-37d1-4141-b1ec-acdf5527e46c is started using port 37464
2019-09-27 09:19:05,608 [Datanode State Machine Thread - 0] INFO  server.XceiverServerGrpc (XceiverServerGrpc.java:start(149)) - XceiverServerGrpc 3336feff-37d1-4141-b1ec-acdf5527e46c is started using port 46580
2019-09-27 09:19:05,653 [Datanode State Machine Thread - 0] INFO  ozoneimpl.OzoneContainer (OzoneContainer.java:start(217)) - Attempting to start container services.
2019-09-27 09:19:05,654 [Datanode State Machine Thread - 0] INFO  ozoneimpl.OzoneContainer (OzoneContainer.java:startContainerScrub(179)) - Background container scanner has been disabled.
2019-09-27 09:19:05,654 [Datanode State Machine Thread - 0] INFO  ratis.XceiverServerRatis (XceiverServerRatis.java:start(411)) - Starting XceiverServerRatis 5b10fcef-bcb8-4685-875f-8e79f20d296a at port 0
2019-09-27 09:19:05,660 [Datanode State Machine Thread - 0] INFO  impl.RaftServerProxy (RaftServerProxy.java:lambda$start$3(299)) - 5b10fcef-bcb8-4685-875f-8e79f20d296a: start RPC server
2019-09-27 09:19:05,661 [Datanode State Machine Thread - 0] INFO  server.GrpcService (GrpcService.java:startImpl(158)) - 5b10fcef-bcb8-4685-875f-8e79f20d296a: GrpcService started, listening on 0.0.0.0/0.0.0.0:45629
2019-09-27 09:19:05,661 [Datanode State Machine Thread - 0] INFO  ratis.XceiverServerRatis (XceiverServerRatis.java:start(421)) - XceiverServerRatis 5b10fcef-bcb8-4685-875f-8e79f20d296a is started using port 45629
2019-09-27 09:19:05,664 [Datanode State Machine Thread - 0] INFO  server.XceiverServerGrpc (XceiverServerGrpc.java:start(149)) - XceiverServerGrpc 5b10fcef-bcb8-4685-875f-8e79f20d296a is started using port 42343
2019-09-27 09:19:05,716 [Datanode State Machine Thread - 0] INFO  ozoneimpl.OzoneContainer (OzoneContainer.java:start(217)) - Attempting to start container services.
2019-09-27 09:19:05,717 [Datanode State Machine Thread - 0] INFO  ozoneimpl.OzoneContainer (OzoneContainer.java:startContainerScrub(179)) - Background container scanner has been disabled.
2019-09-27 09:19:05,717 [Datanode State Machine Thread - 0] INFO  ratis.XceiverServerRatis (XceiverServerRatis.java:start(411)) - Starting XceiverServerRatis fcc5478b-f5e9-4e5e-96f6-5f78dfdfa2b6 at port 0
2019-09-27 09:19:05,724 [Datanode State Machine Thread - 0] INFO  impl.RaftServerProxy (RaftServerProxy.java:lambda$start$3(299)) - fcc5478b-f5e9-4e5e-96f6-5f78dfdfa2b6: start RPC server
2019-09-27 09:19:05,726 [Datanode State Machine Thread - 0] INFO  server.GrpcService (GrpcService.java:startImpl(158)) - fcc5478b-f5e9-4e5e-96f6-5f78dfdfa2b6: GrpcService started, listening on 0.0.0.0/0.0.0.0:37708
2019-09-27 09:19:05,726 [Datanode State Machine Thread - 0] INFO  ratis.XceiverServerRatis (XceiverServerRatis.java:start(421)) - XceiverServerRatis fcc5478b-f5e9-4e5e-96f6-5f78dfdfa2b6 is started using port 37708
2019-09-27 09:19:05,727 [Datanode State Machine Thread - 0] INFO  server.XceiverServerGrpc (XceiverServerGrpc.java:start(149)) - XceiverServerGrpc fcc5478b-f5e9-4e5e-96f6-5f78dfdfa2b6 is started using port 40334
2019-09-27 09:19:05,773 [Datanode State Machine Thread - 0] INFO  ozoneimpl.OzoneContainer (OzoneContainer.java:start(217)) - Attempting to start container services.
2019-09-27 09:19:05,773 [Datanode State Machine Thread - 0] INFO  ozoneimpl.OzoneContainer (OzoneContainer.java:startContainerScrub(179)) - Background container scanner has been disabled.
2019-09-27 09:19:05,774 [Datanode State Machine Thread - 0] INFO  ratis.XceiverServerRatis (XceiverServerRatis.java:start(411)) - Starting XceiverServerRatis 2c6b07a0-dd20-4844-842b-efa553872a87 at port 0
2019-09-27 09:19:05,780 [Datanode State Machine Thread - 0] INFO  impl.RaftServerProxy (RaftServerProxy.java:lambda$start$3(299)) - 2c6b07a0-dd20-4844-842b-efa553872a87: start RPC server
2019-09-27 09:19:05,793 [Datanode State Machine Thread - 0] INFO  server.GrpcService (GrpcService.java:startImpl(158)) - 2c6b07a0-dd20-4844-842b-efa553872a87: GrpcService started, listening on 0.0.0.0/0.0.0.0:35871
2019-09-27 09:19:05,793 [Datanode State Machine Thread - 0] INFO  ratis.XceiverServerRatis (XceiverServerRatis.java:start(421)) - XceiverServerRatis 2c6b07a0-dd20-4844-842b-efa553872a87 is started using port 35871
2019-09-27 09:19:05,794 [Datanode State Machine Thread - 0] INFO  server.XceiverServerGrpc (XceiverServerGrpc.java:start(149)) - XceiverServerGrpc 2c6b07a0-dd20-4844-842b-efa553872a87 is started using port 35475
2019-09-27 09:19:05,838 [Datanode State Machine Thread - 0] INFO  ozoneimpl.OzoneContainer (OzoneContainer.java:start(217)) - Attempting to start container services.
2019-09-27 09:19:05,839 [Datanode State Machine Thread - 0] INFO  ozoneimpl.OzoneContainer (OzoneContainer.java:startContainerScrub(179)) - Background container scanner has been disabled.
2019-09-27 09:19:05,839 [Datanode State Machine Thread - 0] INFO  ratis.XceiverServerRatis (XceiverServerRatis.java:start(411)) - Starting XceiverServerRatis f05e65be-6e62-49e0-b8f3-4d237753c08e at port 0
2019-09-27 09:19:05,847 [Datanode State Machine Thread - 0] INFO  impl.RaftServerProxy (RaftServerProxy.java:lambda$start$3(299)) - f05e65be-6e62-49e0-b8f3-4d237753c08e: start RPC server
2019-09-27 09:19:05,850 [Datanode State Machine Thread - 0] INFO  server.GrpcService (GrpcService.java:startImpl(158)) - f05e65be-6e62-49e0-b8f3-4d237753c08e: GrpcService started, listening on 0.0.0.0/0.0.0.0:42243
2019-09-27 09:19:05,851 [Datanode State Machine Thread - 0] INFO  ratis.XceiverServerRatis (XceiverServerRatis.java:start(421)) - XceiverServerRatis f05e65be-6e62-49e0-b8f3-4d237753c08e is started using port 42243
2019-09-27 09:19:05,851 [Datanode State Machine Thread - 0] INFO  server.XceiverServerGrpc (XceiverServerGrpc.java:start(149)) - XceiverServerGrpc f05e65be-6e62-49e0-b8f3-4d237753c08e is started using port 39710
2019-09-27 09:19:05,902 [Datanode State Machine Thread - 0] INFO  ozoneimpl.OzoneContainer (OzoneContainer.java:start(217)) - Attempting to start container services.
2019-09-27 09:19:05,902 [Datanode State Machine Thread - 0] INFO  ozoneimpl.OzoneContainer (OzoneContainer.java:startContainerScrub(179)) - Background container scanner has been disabled.
2019-09-27 09:19:05,903 [Datanode State Machine Thread - 0] INFO  ratis.XceiverServerRatis (XceiverServerRatis.java:start(411)) - Starting XceiverServerRatis 925a8c9e-5dc9-440e-8840-ce0b2559d856 at port 0
2019-09-27 09:19:05,907 [Datanode State Machine Thread - 0] INFO  impl.RaftServerProxy (RaftServerProxy.java:lambda$start$3(299)) - 925a8c9e-5dc9-440e-8840-ce0b2559d856: start RPC server
2019-09-27 09:19:05,908 [Datanode State Machine Thread - 0] INFO  server.GrpcService (GrpcService.java:startImpl(158)) - 925a8c9e-5dc9-440e-8840-ce0b2559d856: GrpcService started, listening on 0.0.0.0/0.0.0.0:40542
2019-09-27 09:19:05,908 [Datanode State Machine Thread - 0] INFO  ratis.XceiverServerRatis (XceiverServerRatis.java:start(421)) - XceiverServerRatis 925a8c9e-5dc9-440e-8840-ce0b2559d856 is started using port 40542
2019-09-27 09:19:05,909 [Datanode State Machine Thread - 0] INFO  server.XceiverServerGrpc (XceiverServerGrpc.java:start(149)) - XceiverServerGrpc 925a8c9e-5dc9-440e-8840-ce0b2559d856 is started using port 33158
2019-09-27 09:19:05,962 [Datanode State Machine Thread - 0] INFO  ozoneimpl.OzoneContainer (OzoneContainer.java:start(217)) - Attempting to start container services.
2019-09-27 09:19:05,962 [Datanode State Machine Thread - 0] INFO  ozoneimpl.OzoneContainer (OzoneContainer.java:startContainerScrub(179)) - Background container scanner has been disabled.
2019-09-27 09:19:05,962 [Datanode State Machine Thread - 0] INFO  ratis.XceiverServerRatis (XceiverServerRatis.java:start(411)) - Starting XceiverServerRatis 7387e8c6-1a4e-4257-8943-3fffd176a0ab at port 0
2019-09-27 09:19:05,968 [Datanode State Machine Thread - 0] INFO  impl.RaftServerProxy (RaftServerProxy.java:lambda$start$3(299)) - 7387e8c6-1a4e-4257-8943-3fffd176a0ab: start RPC server
2019-09-27 09:19:05,969 [Datanode State Machine Thread - 0] INFO  server.GrpcService (GrpcService.java:startImpl(158)) - 7387e8c6-1a4e-4257-8943-3fffd176a0ab: GrpcService started, listening on 0.0.0.0/0.0.0.0:41069
2019-09-27 09:19:05,969 [Datanode State Machine Thread - 0] INFO  ratis.XceiverServerRatis (XceiverServerRatis.java:start(421)) - XceiverServerRatis 7387e8c6-1a4e-4257-8943-3fffd176a0ab is started using port 41069
2019-09-27 09:19:05,973 [Datanode State Machine Thread - 0] INFO  server.XceiverServerGrpc (XceiverServerGrpc.java:start(149)) - XceiverServerGrpc 7387e8c6-1a4e-4257-8943-3fffd176a0ab is started using port 44467
2019-09-27 09:19:06,024 [Datanode State Machine Thread - 0] INFO  ozoneimpl.OzoneContainer (OzoneContainer.java:start(217)) - Attempting to start container services.
2019-09-27 09:19:06,025 [Datanode State Machine Thread - 0] INFO  ozoneimpl.OzoneContainer (OzoneContainer.java:startContainerScrub(179)) - Background container scanner has been disabled.
2019-09-27 09:19:06,025 [Datanode State Machine Thread - 0] INFO  ratis.XceiverServerRatis (XceiverServerRatis.java:start(411)) - Starting XceiverServerRatis 2ae76358-1a8d-4fd5-a4fd-20ea98138735 at port 0
2019-09-27 09:19:06,029 [Datanode State Machine Thread - 0] INFO  impl.RaftServerProxy (RaftServerProxy.java:lambda$start$3(299)) - 2ae76358-1a8d-4fd5-a4fd-20ea98138735: start RPC server
2019-09-27 09:19:06,030 [Datanode State Machine Thread - 0] INFO  server.GrpcService (GrpcService.java:startImpl(158)) - 2ae76358-1a8d-4fd5-a4fd-20ea98138735: GrpcService started, listening on 0.0.0.0/0.0.0.0:41875
2019-09-27 09:19:06,030 [Datanode State Machine Thread - 0] INFO  ratis.XceiverServerRatis (XceiverServerRatis.java:start(421)) - XceiverServerRatis 2ae76358-1a8d-4fd5-a4fd-20ea98138735 is started using port 41875
2019-09-27 09:19:06,030 [Datanode State Machine Thread - 0] INFO  server.XceiverServerGrpc (XceiverServerGrpc.java:start(149)) - XceiverServerGrpc 2ae76358-1a8d-4fd5-a4fd-20ea98138735 is started using port 34105
2019-09-27 09:19:06,071 [main] INFO  ozone.MiniOzoneClusterImpl (MiniOzoneClusterImpl.java:lambda$waitForClusterToBeReady$0(147)) - Waiting for cluster to be ready. Got 0 of 10 DN Heartbeats.
2019-09-27 09:19:06,085 [Datanode State Machine Thread - 0] INFO  ozoneimpl.OzoneContainer (OzoneContainer.java:start(217)) - Attempting to start container services.
2019-09-27 09:19:06,086 [Datanode State Machine Thread - 0] INFO  ozoneimpl.OzoneContainer (OzoneContainer.java:startContainerScrub(179)) - Background container scanner has been disabled.
2019-09-27 09:19:06,086 [Datanode State Machine Thread - 0] INFO  ratis.XceiverServerRatis (XceiverServerRatis.java:start(411)) - Starting XceiverServerRatis 58a870c2-09d8-4538-b684-89d5a4d1d620 at port 0
2019-09-27 09:19:06,092 [Datanode State Machine Thread - 0] INFO  impl.RaftServerProxy (RaftServerProxy.java:lambda$start$3(299)) - 58a870c2-09d8-4538-b684-89d5a4d1d620: start RPC server
2019-09-27 09:19:06,092 [Datanode State Machine Thread - 0] INFO  server.GrpcService (GrpcService.java:startImpl(158)) - 58a870c2-09d8-4538-b684-89d5a4d1d620: GrpcService started, listening on 0.0.0.0/0.0.0.0:41551
2019-09-27 09:19:06,092 [Datanode State Machine Thread - 0] INFO  ratis.XceiverServerRatis (XceiverServerRatis.java:start(421)) - XceiverServerRatis 58a870c2-09d8-4538-b684-89d5a4d1d620 is started using port 41551
2019-09-27 09:19:06,108 [Datanode State Machine Thread - 0] INFO  server.XceiverServerGrpc (XceiverServerGrpc.java:start(149)) - XceiverServerGrpc 58a870c2-09d8-4538-b684-89d5a4d1d620 is started using port 41163
2019-09-27 09:19:07,072 [main] INFO  ozone.MiniOzoneClusterImpl (MiniOzoneClusterImpl.java:lambda$waitForClusterToBeReady$0(147)) - Waiting for cluster to be ready. Got 0 of 10 DN Heartbeats.
2019-09-27 09:19:07,518 [IPC Server handler 2 on 39919] INFO  net.NetworkTopology (NetworkTopologyImpl.java:add(111)) - Added a new node: /rack1/82c6079f-0caa-41c9-82d7-90e7306895b1
2019-09-27 09:19:07,521 [IPC Server handler 2 on 39919] INFO  node.SCMNodeManager (SCMNodeManager.java:register(266)) - Registered Data node : 82c6079f-0caa-41c9-82d7-90e7306895b1{ip: 192.168.151.103, host: pr-hdds2162-4fxhj-20988671, networkLocation: /rack1, certSerialId: null}
2019-09-27 09:19:07,522 [EventQueue-NodeRegistrationContainerReportForDataNodeSafeModeRule] INFO  safemode.SCMSafeModeManager (DataNodeSafeModeRule.java:process(71)) - SCM in safe mode. 1 DataNodes registered, 1 required.
2019-09-27 09:19:07,525 [EventQueue-NodeRegistrationContainerReportForDataNodeSafeModeRule] INFO  safemode.SCMSafeModeManager (SCMSafeModeManager.java:validateSafeModeExitRules(177)) - ScmSafeModeManager, all rules are successfully validated
2019-09-27 09:19:07,525 [EventQueue-NodeRegistrationContainerReportForDataNodeSafeModeRule] INFO  safemode.SCMSafeModeManager (SCMSafeModeManager.java:exitSafeMode(193)) - SCM exiting safe mode.
2019-09-27 09:19:07,543 [grpc-default-executor-0] INFO  impl.RaftServerProxy (RaftServerProxy.java:addNew(89)) - 82c6079f-0caa-41c9-82d7-90e7306895b1: addNew group-8A5E8641923C:[82c6079f-0caa-41c9-82d7-90e7306895b1:192.168.151.103:43165] returns group-8A5E8641923C:java.util.concurrent.CompletableFuture@3f0bae69[Not completed]
2019-09-27 09:19:07,545 [pool-267-thread-1] INFO  impl.RaftServerImpl (RaftServerImpl.java:<init>(95)) - 82c6079f-0caa-41c9-82d7-90e7306895b1: new RaftServerImpl for group-8A5E8641923C:[82c6079f-0caa-41c9-82d7-90e7306895b1:192.168.151.103:43165] with ContainerStateMachine:uninitialized
2019-09-27 09:19:07,546 [pool-267-thread-1] INFO  server.RaftServerConfigKeys (ConfUtils.java:logGet(43)) - raft.server.rpc.timeout.min = 1s (custom)
2019-09-27 09:19:07,546 [pool-267-thread-1] INFO  server.RaftServerConfigKeys (ConfUtils.java:logGet(43)) - raft.server.rpc.timeout.max = 1200ms (custom)
2019-09-27 09:19:07,546 [pool-267-thread-1] INFO  server.RaftServerConfigKeys (ConfUtils.java:logGet(43)) - raft.server.rpcslowness.timeout = 120s (custom)
2019-09-27 09:19:07,546 [pool-267-thread-1] INFO  server.RaftServerConfigKeys (ConfUtils.java:logGet(43)) - raft.server.sleep.deviation.threshold = 300 (default)
2019-09-27 09:19:07,546 [pool-267-thread-1] INFO  server.RaftServerConfigKeys (ConfUtils.java:logGet(43)) - raft.server.log.appender.install.snapshot.enabled = false (custom)
2019-09-27 09:19:07,547 [pool-267-thread-1] INFO  impl.RaftServerImpl (ServerState.java:<init>(103)) - 82c6079f-0caa-41c9-82d7-90e7306895b1@group-8A5E8641923C: ConfigurationManager, init=-1: [82c6079f-0caa-41c9-82d7-90e7306895b1:192.168.151.103:43165], old=null, confs=<EMPTY_MAP>
2019-09-27 09:19:07,547 [pool-267-thread-1] INFO  server.RaftServerConfigKeys (ConfUtils.java:logGet(43)) - raft.server.storage.dir = [/workdir/hadoop-ozone/integration-test/target/test-dir/MiniOzoneClusterImpl-d2d06822-f460-4d8d-a87b-a517d879cb3f/datanode-0/data/ratis] (custom)
2019-09-27 09:19:07,547 [pool-267-thread-1] INFO  storage.RaftStorageDirectory (RaftStorageDirectory.java:analyzeStorage(246)) - The storage directory /workdir/hadoop-ozone/integration-test/target/test-dir/MiniOzoneClusterImpl-d2d06822-f460-4d8d-a87b-a517d879cb3f/datanode-0/data/ratis/1bf69aac-5365-48a5-b3c8-8a5e8641923c does not exist. Creating ...
2019-09-27 09:19:07,561 [pool-267-thread-1] INFO  storage.RaftStorageDirectory (RaftStorageDirectory.java:tryLock(328)) - Lock on /workdir/hadoop-ozone/integration-test/target/test-dir/MiniOzoneClusterImpl-d2d06822-f460-4d8d-a87b-a517d879cb3f/datanode-0/data/ratis/1bf69aac-5365-48a5-b3c8-8a5e8641923c/in_use.lock acquired by nodename 29571@pr-hdds2162-4fxhj-20988671
2019-09-27 09:19:07,574 [pool-267-thread-1] INFO  storage.RaftStorage (RaftStorage.java:format(72)) - Storage directory /workdir/hadoop-ozone/integration-test/target/test-dir/MiniOzoneClusterImpl-d2d06822-f460-4d8d-a87b-a517d879cb3f/datanode-0/data/ratis/1bf69aac-5365-48a5-b3c8-8a5e8641923c has been successfully formatted.
2019-09-27 09:19:07,574 [pool-267-thread-1] INFO  ratis.ContainerStateMachine (ContainerStateMachine.java:loadSnapshot(230)) - group-8A5E8641923C: The snapshot info is null. Setting the last applied indexto:(t:0, i:~)
2019-09-27 09:19:07,575 [pool-267-thread-1] INFO  server.RaftServerConfigKeys (ConfUtils.java:logGet(43)) - raft.server.notification.no-leader.timeout = 120s (custom)
2019-09-27 09:19:07,575 [pool-267-thread-1] INFO  server.RaftServerConfigKeys (ConfUtils.java:logGet(43)) - raft.server.log.use.memory = false (default)
2019-09-27 09:19:07,575 [pool-267-thread-1] INFO  server.RaftServerConfigKeys (ConfUtils.java:logGet(43)) - raft.server.log.purge.gap = 1000000 (custom)
2019-09-27 09:19:07,575 [pool-267-thread-1] INFO  server.RaftServerConfigKeys (ConfUtils.java:logGet(43)) - raft.server.log.appender.buffer.byte-limit = 33554432 (custom)
2019-09-27 09:19:07,575 [pool-267-thread-1] INFO  server.RaftServerConfigKeys (ConfUtils.java:logGet(43)) - raft.server.log.segment.size.max = 1048576 (custom)
2019-09-27 09:19:07,576 [pool-267-thread-1] INFO  server.RaftServerConfigKeys (ConfUtils.java:logGet(43)) - raft.server.log.segment.cache.num.max = 2 (custom)
2019-09-27 09:19:07,576 [pool-267-thread-1] INFO  segmented.SegmentedRaftLogWorker (SegmentedRaftLogWorker.java:<init>(172)) - new 82c6079f-0caa-41c9-82d7-90e7306895b1@group-8A5E8641923C-SegmentedRaftLogWorker for RaftStorage:Storage Directory /workdir/hadoop-ozone/integration-test/target/test-dir/MiniOzoneClusterImpl-d2d06822-f460-4d8d-a87b-a517d879cb3f/datanode-0/data/ratis/1bf69aac-5365-48a5-b3c8-8a5e8641923c
2019-09-27 09:19:07,578 [pool-267-thread-1] INFO  server.RaftServerConfigKeys (ConfUtils.java:logGet(43)) - raft.server.log.queue.byte-limit = 2147483647 (custom)
2019-09-27 09:19:07,578 [pool-267-thread-1] INFO  server.RaftServerConfigKeys (ConfUtils.java:logGet(43)) - raft.server.log.queue.element-limit = 1024 (custom)
2019-09-27 09:19:07,579 [pool-267-thread-1] INFO  server.RaftServerConfigKeys (ConfUtils.java:logGet(43)) - raft.server.log.segment.size.max = 1048576 (custom)
2019-09-27 09:19:07,579 [pool-267-thread-1] INFO  server.RaftServerConfigKeys (ConfUtils.java:logGet(43)) - raft.server.log.preallocated.size = 16384 (custom)
2019-09-27 09:19:07,579 [pool-267-thread-1] INFO  server.RaftServerConfigKeys (ConfUtils.java:logGet(43)) - raft.server.log.write.buffer.size = 33554432 (custom)
2019-09-27 09:19:07,579 [pool-267-thread-1] INFO  server.RaftServerConfigKeys (ConfUtils.java:logGet(43)) - raft.server.log.force.sync.num = 128 (default)
2019-09-27 09:19:07,580 [pool-267-thread-1] INFO  server.RaftServerConfigKeys (ConfUtils.java:logGet(43)) - raft.server.log.statemachine.data.sync = true (default)
2019-09-27 09:19:07,580 [pool-267-thread-1] INFO  server.RaftServerConfigKeys (ConfUtils.java:logGet(43)) - raft.server.log.statemachine.data.sync.timeout = 10s (default)
2019-09-27 09:19:07,580 [pool-267-thread-1] INFO  server.RaftServerConfigKeys (ConfUtils.java:logGet(43)) - raft.server.log.statemachine.data.sync.timeout.retry = -1 (default)
2019-09-27 09:19:07,580 [pool-267-thread-1] INFO  server.RaftServerConfigKeys (ConfUtils.java:logGet(43)) - raft.server.log.statemachine.data.caching.enabled = true (custom)
2019-09-27 09:19:07,581 [pool-267-thread-1] INFO  segmented.SegmentedRaftLogWorker (SegmentedRaftLogWorker.java:lambda$new$0(132)) - 82c6079f-0caa-41c9-82d7-90e7306895b1@group-8A5E8641923C-SegmentedRaftLogWorker: flushIndex: setUnconditionally 0 -> -1
2019-09-27 09:19:07,581 [pool-267-thread-1] INFO  server.RaftServerConfigKeys (ConfUtils.java:logGet(43)) - raft.server.snapshot.auto.trigger.enabled = true (custom)
2019-09-27 09:19:07,581 [pool-267-thread-1] INFO  server.RaftServerConfigKeys (ConfUtils.java:logGet(43)) - raft.server.snapshot.auto.trigger.threshold = 10000 (custom)
2019-09-27 09:19:07,581 [pool-267-thread-1] INFO  server.RaftServerConfigKeys (ConfUtils.java:logGet(43)) - raft.server.snapshot.retention.num.files = 5 (custom)
2019-09-27 09:19:07,582 [pool-267-thread-1] INFO  server.RaftServerConfigKeys (ConfUtils.java:logGet(43)) - raft.server.retrycache.expirytime = 600000ms (custom)
2019-09-27 09:19:07,582 [IPC Server handler 4 on 39919] INFO  net.NetworkTopology (NetworkTopologyImpl.java:add(111)) - Added a new node: /rack1/3336feff-37d1-4141-b1ec-acdf5527e46c
2019-09-27 09:19:07,582 [IPC Server handler 4 on 39919] INFO  node.SCMNodeManager (SCMNodeManager.java:register(266)) - Registered Data node : 3336feff-37d1-4141-b1ec-acdf5527e46c{ip: 192.168.151.103, host: pr-hdds2162-4fxhj-20988671, networkLocation: /rack1, certSerialId: null}
2019-09-27 09:19:07,585 [pool-267-thread-1] INFO  impl.RaftServerImpl (RaftServerImpl.java:start(185)) - 82c6079f-0caa-41c9-82d7-90e7306895b1@group-8A5E8641923C: start as a follower, conf=-1: [82c6079f-0caa-41c9-82d7-90e7306895b1:192.168.151.103:43165], old=null
2019-09-27 09:19:07,585 [pool-267-thread-1] INFO  impl.RaftServerImpl (RaftServerImpl.java:setRole(174)) - 82c6079f-0caa-41c9-82d7-90e7306895b1@group-8A5E8641923C: changes role from      null to FOLLOWER at term 0 for startAsFollower
2019-09-27 09:19:07,585 [pool-267-thread-1] INFO  impl.RoleInfo (RoleInfo.java:updateAndGet(143)) - 82c6079f-0caa-41c9-82d7-90e7306895b1: start FollowerState
2019-09-27 09:19:07,586 [pool-267-thread-1] INFO  util.JmxRegister (JmxRegister.java:tryRegister(44)) - Successfully registered JMX Bean with object name Ratis:service=RaftServer,group=group-8A5E8641923C,id=82c6079f-0caa-41c9-82d7-90e7306895b1
2019-09-27 09:19:07,594 [RatisPipelineUtilsThread] INFO  pipeline.PipelineStateManager (PipelineStateManager.java:addPipeline(56)) - Created pipeline Pipeline[ Id: 1bf69aac-5365-48a5-b3c8-8a5e8641923c, Nodes: 82c6079f-0caa-41c9-82d7-90e7306895b1{ip: 192.168.151.103, host: pr-hdds2162-4fxhj-20988671, networkLocation: /rack1, certSerialId: null}, Type:RATIS, Factor:ONE, State:OPEN]
2019-09-27 09:19:07,606 [grpc-default-executor-0] INFO  impl.RaftServerProxy (RaftServerProxy.java:addNew(89)) - 3336feff-37d1-4141-b1ec-acdf5527e46c: addNew group-35F71627C23A:[3336feff-37d1-4141-b1ec-acdf5527e46c:192.168.151.103:37464] returns group-35F71627C23A:java.util.concurrent.CompletableFuture@3d3ed80e[Not completed]
2019-09-27 09:19:07,607 [pool-277-thread-1] INFO  impl.RaftServerImpl (RaftServerImpl.java:<init>(95)) - 3336feff-37d1-4141-b1ec-acdf5527e46c: new RaftServerImpl for group-35F71627C23A:[3336feff-37d1-4141-b1ec-acdf5527e46c:192.168.151.103:37464] with ContainerStateMachine:uninitialized
2019-09-27 09:19:07,607 [pool-277-thread-1] INFO  server.RaftServerConfigKeys (ConfUtils.java:logGet(43)) - raft.server.rpc.timeout.min = 1s (custom)
2019-09-27 09:19:07,607 [pool-277-thread-1] INFO  server.RaftServerConfigKeys (ConfUtils.java:logGet(43)) - raft.server.rpc.timeout.max = 1200ms (custom)
2019-09-27 09:19:07,608 [pool-277-thread-1] INFO  server.RaftServerConfigKeys (ConfUtils.java:logGet(43)) - raft.server.rpcslowness.timeout = 120s (custom)
2019-09-27 09:19:07,608 [pool-277-thread-1] INFO  server.RaftServerConfigKeys (ConfUtils.java:logGet(43)) - raft.server.sleep.deviation.threshold = 300 (default)
2019-09-27 09:19:07,608 [pool-277-thread-1] INFO  server.RaftServerConfigKeys (ConfUtils.java:logGet(43)) - raft.server.log.appender.install.snapshot.enabled = false (custom)
2019-09-27 09:19:07,608 [pool-277-thread-1] INFO  impl.RaftServerImpl (ServerState.java:<init>(103)) - 3336feff-37d1-4141-b1ec-acdf5527e46c@group-35F71627C23A: ConfigurationManager, init=-1: [3336feff-37d1-4141-b1ec-acdf5527e46c:192.168.151.103:37464], old=null, confs=<EMPTY_MAP>
2019-09-27 09:19:07,608 [pool-277-thread-1] INFO  server.RaftServerConfigKeys (ConfUtils.java:logGet(43)) - raft.server.storage.dir = [/workdir/hadoop-ozone/integration-test/target/test-dir/MiniOzoneClusterImpl-d2d06822-f460-4d8d-a87b-a517d879cb3f/datanode-1/data/ratis] (custom)
2019-09-27 09:19:07,609 [pool-277-thread-1] INFO  storage.RaftStorageDirectory (RaftStorageDirectory.java:analyzeStorage(246)) - The storage directory /workdir/hadoop-ozone/integration-test/target/test-dir/MiniOzoneClusterImpl-d2d06822-f460-4d8d-a87b-a517d879cb3f/datanode-1/data/ratis/aa2a2f09-38be-420a-b576-35f71627c23a does not exist. Creating ...
2019-09-27 09:19:07,622 [pool-277-thread-1] INFO  storage.RaftStorageDirectory (RaftStorageDirectory.java:tryLock(328)) - Lock on /workdir/hadoop-ozone/integration-test/target/test-dir/MiniOzoneClusterImpl-d2d06822-f460-4d8d-a87b-a517d879cb3f/datanode-1/data/ratis/aa2a2f09-38be-420a-b576-35f71627c23a/in_use.lock acquired by nodename 29571@pr-hdds2162-4fxhj-20988671
2019-09-27 09:19:07,641 [IPC Server handler 5 on 39919] INFO  net.NetworkTopology (NetworkTopologyImpl.java:add(111)) - Added a new node: /rack1/5b10fcef-bcb8-4685-875f-8e79f20d296a
2019-09-27 09:19:07,641 [IPC Server handler 5 on 39919] INFO  node.SCMNodeManager (SCMNodeManager.java:register(266)) - Registered Data node : 5b10fcef-bcb8-4685-875f-8e79f20d296a{ip: 192.168.151.103, host: pr-hdds2162-4fxhj-20988671, networkLocation: /rack1, certSerialId: null}
2019-09-27 09:19:07,643 [pool-277-thread-1] INFO  storage.RaftStorage (RaftStorage.java:format(72)) - Storage directory /workdir/hadoop-ozone/integration-test/target/test-dir/MiniOzoneClusterImpl-d2d06822-f460-4d8d-a87b-a517d879cb3f/datanode-1/data/ratis/aa2a2f09-38be-420a-b576-35f71627c23a has been successfully formatted.
2019-09-27 09:19:07,643 [pool-277-thread-1] INFO  ratis.ContainerStateMachine (ContainerStateMachine.java:loadSnapshot(230)) - group-35F71627C23A: The snapshot info is null. Setting the last applied indexto:(t:0, i:~)
2019-09-27 09:19:07,643 [pool-277-thread-1] INFO  server.RaftServerConfigKeys (ConfUtils.java:logGet(43)) - raft.server.notification.no-leader.timeout = 120s (custom)
2019-09-27 09:19:07,643 [pool-277-thread-1] INFO  server.RaftServerConfigKeys (ConfUtils.java:logGet(43)) - raft.server.log.use.memory = false (default)
2019-09-27 09:19:07,644 [pool-277-thread-1] INFO  server.RaftServerConfigKeys (ConfUtils.java:logGet(43)) - raft.server.log.purge.gap = 1000000 (custom)
2019-09-27 09:19:07,644 [pool-277-thread-1] INFO  server.RaftServerConfigKeys (ConfUtils.java:logGet(43)) - raft.server.log.appender.buffer.byte-limit = 33554432 (custom)
2019-09-27 09:19:07,644 [pool-277-thread-1] INFO  server.RaftServerConfigKeys (ConfUtils.java:logGet(43)) - raft.server.log.segment.size.max = 1048576 (custom)
2019-09-27 09:19:07,644 [pool-277-thread-1] INFO  server.RaftServerConfigKeys (ConfUtils.java:logGet(43)) - raft.server.log.segment.cache.num.max = 2 (custom)
2019-09-27 09:19:07,644 [pool-277-thread-1] INFO  segmented.SegmentedRaftLogWorker (SegmentedRaftLogWorker.java:<init>(172)) - new 3336feff-37d1-4141-b1ec-acdf5527e46c@group-35F71627C23A-SegmentedRaftLogWorker for RaftStorage:Storage Directory /workdir/hadoop-ozone/integration-test/target/test-dir/MiniOzoneClusterImpl-d2d06822-f460-4d8d-a87b-a517d879cb3f/datanode-1/data/ratis/aa2a2f09-38be-420a-b576-35f71627c23a
2019-09-27 09:19:07,646 [pool-277-thread-1] INFO  server.RaftServerConfigKeys (ConfUtils.java:logGet(43)) - raft.server.log.queue.byte-limit = 2147483647 (custom)
2019-09-27 09:19:07,646 [pool-277-thread-1] INFO  server.RaftServerConfigKeys (ConfUtils.java:logGet(43)) - raft.server.log.queue.element-limit = 1024 (custom)
2019-09-27 09:19:07,646 [pool-277-thread-1] INFO  server.RaftServerConfigKeys (ConfUtils.java:logGet(43)) - raft.server.log.segment.size.max = 1048576 (custom)
2019-09-27 09:19:07,646 [pool-277-thread-1] INFO  server.RaftServerConfigKeys (ConfUtils.java:logGet(43)) - raft.server.log.preallocated.size = 16384 (custom)
2019-09-27 09:19:07,646 [pool-277-thread-1] INFO  server.RaftServerConfigKeys (ConfUtils.java:logGet(43)) - raft.server.log.write.buffer.size = 33554432 (custom)
2019-09-27 09:19:07,647 [pool-277-thread-1] INFO  server.RaftServerConfigKeys (ConfUtils.java:logGet(43)) - raft.server.log.force.sync.num = 128 (default)
2019-09-27 09:19:07,647 [pool-277-thread-1] INFO  server.RaftServerConfigKeys (ConfUtils.java:logGet(43)) - raft.server.log.statemachine.data.sync = true (default)
2019-09-27 09:19:07,647 [pool-277-thread-1] INFO  server.RaftServerConfigKeys (ConfUtils.java:logGet(43)) - raft.server.log.statemachine.data.sync.timeout = 10s (default)
2019-09-27 09:19:07,647 [pool-277-thread-1] INFO  server.RaftServerConfigKeys (ConfUtils.java:logGet(43)) - raft.server.log.statemachine.data.sync.timeout.retry = -1 (default)
2019-09-27 09:19:07,647 [pool-277-thread-1] INFO  server.RaftServerConfigKeys (ConfUtils.java:logGet(43)) - raft.server.log.statemachine.data.caching.enabled = true (custom)
2019-09-27 09:19:07,648 [pool-277-thread-1] INFO  segmented.SegmentedRaftLogWorker (SegmentedRaftLogWorker.java:lambda$new$0(132)) - 3336feff-37d1-4141-b1ec-acdf5527e46c@group-35F71627C23A-SegmentedRaftLogWorker: flushIndex: setUnconditionally 0 -> -1
2019-09-27 09:19:07,648 [pool-277-thread-1] INFO  server.RaftServerConfigKeys (ConfUtils.java:logGet(43)) - raft.server.snapshot.auto.trigger.enabled = true (custom)
2019-09-27 09:19:07,648 [pool-277-thread-1] INFO  server.RaftServerConfigKeys (ConfUtils.java:logGet(43)) - raft.server.snapshot.auto.trigger.threshold = 10000 (custom)
2019-09-27 09:19:07,648 [pool-277-thread-1] INFO  server.RaftServerConfigKeys (ConfUtils.java:logGet(43)) - raft.server.snapshot.retention.num.files = 5 (custom)
2019-09-27 09:19:07,648 [pool-277-thread-1] INFO  server.RaftServerConfigKeys (ConfUtils.java:logGet(43)) - raft.server.retrycache.expirytime = 600000ms (custom)
2019-09-27 09:19:07,650 [pool-277-thread-1] INFO  impl.RaftServerImpl (RaftServerImpl.java:start(185)) - 3336feff-37d1-4141-b1ec-acdf5527e46c@group-35F71627C23A: start as a follower, conf=-1: [3336feff-37d1-4141-b1ec-acdf5527e46c:192.168.151.103:37464], old=null
2019-09-27 09:19:07,650 [pool-277-thread-1] INFO  impl.RaftServerImpl (RaftServerImpl.java:setRole(174)) - 3336feff-37d1-4141-b1ec-acdf5527e46c@group-35F71627C23A: changes role from      null to FOLLOWER at term 0 for startAsFollower
2019-09-27 09:19:07,650 [pool-277-thread-1] INFO  impl.RoleInfo (RoleInfo.java:updateAndGet(143)) - 3336feff-37d1-4141-b1ec-acdf5527e46c: start FollowerState
2019-09-27 09:19:07,651 [pool-277-thread-1] INFO  util.JmxRegister (JmxRegister.java:tryRegister(44)) - Successfully registered JMX Bean with object name Ratis:service=RaftServer,group=group-35F71627C23A,id=3336feff-37d1-4141-b1ec-acdf5527e46c
2019-09-27 09:19:07,657 [RatisPipelineUtilsThread] INFO  pipeline.PipelineStateManager (PipelineStateManager.java:addPipeline(56)) - Created pipeline Pipeline[ Id: aa2a2f09-38be-420a-b576-35f71627c23a, Nodes: 3336feff-37d1-4141-b1ec-acdf5527e46c{ip: 192.168.151.103, host: pr-hdds2162-4fxhj-20988671, networkLocation: /rack1, certSerialId: null}, Type:RATIS, Factor:ONE, State:OPEN]
2019-09-27 09:19:07,669 [grpc-default-executor-0] INFO  impl.RaftServerProxy (RaftServerProxy.java:addNew(89)) - 5b10fcef-bcb8-4685-875f-8e79f20d296a: addNew group-AE3265CEAB5E:[5b10fcef-bcb8-4685-875f-8e79f20d296a:192.168.151.103:45629] returns group-AE3265CEAB5E:java.util.concurrent.CompletableFuture@6d8f792c[Not completed]
2019-09-27 09:19:07,670 [pool-287-thread-1] INFO  impl.RaftServerImpl (RaftServerImpl.java:<init>(95)) - 5b10fcef-bcb8-4685-875f-8e79f20d296a: new RaftServerImpl for group-AE3265CEAB5E:[5b10fcef-bcb8-4685-875f-8e79f20d296a:192.168.151.103:45629] with ContainerStateMachine:uninitialized
2019-09-27 09:19:07,670 [pool-287-thread-1] INFO  server.RaftServerConfigKeys (ConfUtils.java:logGet(43)) - raft.server.rpc.timeout.min = 1s (custom)
2019-09-27 09:19:07,670 [pool-287-thread-1] INFO  server.RaftServerConfigKeys (ConfUtils.java:logGet(43)) - raft.server.rpc.timeout.max = 1200ms (custom)
2019-09-27 09:19:07,671 [pool-287-thread-1] INFO  server.RaftServerConfigKeys (ConfUtils.java:logGet(43)) - raft.server.rpcslowness.timeout = 120s (custom)
2019-09-27 09:19:07,671 [pool-287-thread-1] INFO  server.RaftServerConfigKeys (ConfUtils.java:logGet(43)) - raft.server.sleep.deviation.threshold = 300 (default)
2019-09-27 09:19:07,671 [pool-287-thread-1] INFO  server.RaftServerConfigKeys (ConfUtils.java:logGet(43)) - raft.server.log.appender.install.snapshot.enabled = false (custom)
2019-09-27 09:19:07,671 [pool-287-thread-1] INFO  impl.RaftServerImpl (ServerState.java:<init>(103)) - 5b10fcef-bcb8-4685-875f-8e79f20d296a@group-AE3265CEAB5E: ConfigurationManager, init=-1: [5b10fcef-bcb8-4685-875f-8e79f20d296a:192.168.151.103:45629], old=null, confs=<EMPTY_MAP>
2019-09-27 09:19:07,671 [pool-287-thread-1] INFO  server.RaftServerConfigKeys (ConfUtils.java:logGet(43)) - raft.server.storage.dir = [/workdir/hadoop-ozone/integration-test/target/test-dir/MiniOzoneClusterImpl-d2d06822-f460-4d8d-a87b-a517d879cb3f/datanode-2/data/ratis] (custom)
2019-09-27 09:19:07,672 [pool-287-thread-1] INFO  storage.RaftStorageDirectory (RaftStorageDirectory.java:analyzeStorage(246)) - The storage directory /workdir/hadoop-ozone/integration-test/target/test-dir/MiniOzoneClusterImpl-d2d06822-f460-4d8d-a87b-a517d879cb3f/datanode-2/data/ratis/2fa769f4-c150-434c-b49b-ae3265ceab5e does not exist. Creating ...
2019-09-27 09:19:07,685 [pool-287-thread-1] INFO  storage.RaftStorageDirectory (RaftStorageDirectory.java:tryLock(328)) - Lock on /workdir/hadoop-ozone/integration-test/target/test-dir/MiniOzoneClusterImpl-d2d06822-f460-4d8d-a87b-a517d879cb3f/datanode-2/data/ratis/2fa769f4-c150-434c-b49b-ae3265ceab5e/in_use.lock acquired by nodename 29571@pr-hdds2162-4fxhj-20988671
2019-09-27 09:19:07,699 [pool-287-thread-1] INFO  storage.RaftStorage (RaftStorage.java:format(72)) - Storage directory /workdir/hadoop-ozone/integration-test/target/test-dir/MiniOzoneClusterImpl-d2d06822-f460-4d8d-a87b-a517d879cb3f/datanode-2/data/ratis/2fa769f4-c150-434c-b49b-ae3265ceab5e has been successfully formatted.
2019-09-27 09:19:07,699 [pool-287-thread-1] INFO  ratis.ContainerStateMachine (ContainerStateMachine.java:loadSnapshot(230)) - group-AE3265CEAB5E: The snapshot info is null. Setting the last applied indexto:(t:0, i:~)
2019-09-27 09:19:07,699 [pool-287-thread-1] INFO  server.RaftServerConfigKeys (ConfUtils.java:logGet(43)) - raft.server.notification.no-leader.timeout = 120s (custom)
2019-09-27 09:19:07,699 [pool-287-thread-1] INFO  server.RaftServerConfigKeys (ConfUtils.java:logGet(43)) - raft.server.log.use.memory = false (default)
2019-09-27 09:19:07,699 [pool-287-thread-1] INFO  server.RaftServerConfigKeys (ConfUtils.java:logGet(43)) - raft.server.log.purge.gap = 1000000 (custom)
2019-09-27 09:19:07,700 [IPC Server handler 6 on 39919] INFO  net.NetworkTopology (NetworkTopologyImpl.java:add(111)) - Added a new node: /rack1/fcc5478b-f5e9-4e5e-96f6-5f78dfdfa2b6
2019-09-27 09:19:07,700 [pool-287-thread-1] INFO  server.RaftServerConfigKeys (ConfUtils.java:logGet(43)) - raft.server.log.appender.buffer.byte-limit = 33554432 (custom)
2019-09-27 09:19:07,700 [IPC Server handler 6 on 39919] INFO  node.SCMNodeManager (SCMNodeManager.java:register(266)) - Registered Data node : fcc5478b-f5e9-4e5e-96f6-5f78dfdfa2b6{ip: 192.168.151.103, host: pr-hdds2162-4fxhj-20988671, networkLocation: /rack1, certSerialId: null}
2019-09-27 09:19:07,700 [pool-287-thread-1] INFO  server.RaftServerConfigKeys (ConfUtils.java:logGet(43)) - raft.server.log.segment.size.max = 1048576 (custom)
2019-09-27 09:19:07,700 [pool-287-thread-1] INFO  server.RaftServerConfigKeys (ConfUtils.java:logGet(43)) - raft.server.log.segment.cache.num.max = 2 (custom)
2019-09-27 09:19:07,701 [pool-287-thread-1] INFO  segmented.SegmentedRaftLogWorker (SegmentedRaftLogWorker.java:<init>(172)) - new 5b10fcef-bcb8-4685-875f-8e79f20d296a@group-AE3265CEAB5E-SegmentedRaftLogWorker for RaftStorage:Storage Directory /workdir/hadoop-ozone/integration-test/target/test-dir/MiniOzoneClusterImpl-d2d06822-f460-4d8d-a87b-a517d879cb3f/datanode-2/data/ratis/2fa769f4-c150-434c-b49b-ae3265ceab5e
2019-09-27 09:19:07,703 [pool-287-thread-1] INFO  server.RaftServerConfigKeys (ConfUtils.java:logGet(43)) - raft.server.log.queue.byte-limit = 2147483647 (custom)
2019-09-27 09:19:07,703 [pool-287-thread-1] INFO  server.RaftServerConfigKeys (ConfUtils.java:logGet(43)) - raft.server.log.queue.element-limit = 1024 (custom)
2019-09-27 09:19:07,703 [pool-287-thread-1] INFO  server.RaftServerConfigKeys (ConfUtils.java:logGet(43)) - raft.server.log.segment.size.max = 1048576 (custom)
2019-09-27 09:19:07,703 [pool-287-thread-1] INFO  server.RaftServerConfigKeys (ConfUtils.java:logGet(43)) - raft.server.log.preallocated.size = 16384 (custom)
2019-09-27 09:19:07,703 [pool-287-thread-1] INFO  server.RaftServerConfigKeys (ConfUtils.java:logGet(43)) - raft.server.log.write.buffer.size = 33554432 (custom)
2019-09-27 09:19:07,703 [pool-287-thread-1] INFO  server.RaftServerConfigKeys (ConfUtils.java:logGet(43)) - raft.server.log.force.sync.num = 128 (default)
2019-09-27 09:19:07,704 [pool-287-thread-1] INFO  server.RaftServerConfigKeys (ConfUtils.java:logGet(43)) - raft.server.log.statemachine.data.sync = true (default)
2019-09-27 09:19:07,704 [pool-287-thread-1] INFO  server.RaftServerConfigKeys (ConfUtils.java:logGet(43)) - raft.server.log.statemachine.data.sync.timeout = 10s (default)
2019-09-27 09:19:07,704 [pool-287-thread-1] INFO  server.RaftServerConfigKeys (ConfUtils.java:logGet(43)) - raft.server.log.statemachine.data.sync.timeout.retry = -1 (default)
2019-09-27 09:19:07,704 [pool-287-thread-1] INFO  server.RaftServerConfigKeys (ConfUtils.java:logGet(43)) - raft.server.log.statemachine.data.caching.enabled = true (custom)
2019-09-27 09:19:07,704 [pool-287-thread-1] INFO  segmented.SegmentedRaftLogWorker (SegmentedRaftLogWorker.java:lambda$new$0(132)) - 5b10fcef-bcb8-4685-875f-8e79f20d296a@group-AE3265CEAB5E-SegmentedRaftLogWorker: flushIndex: setUnconditionally 0 -> -1
2019-09-27 09:19:07,705 [pool-287-thread-1] INFO  server.RaftServerConfigKeys (ConfUtils.java:logGet(43)) - raft.server.snapshot.auto.trigger.enabled = true (custom)
2019-09-27 09:19:07,705 [pool-287-thread-1] INFO  server.RaftServerConfigKeys (ConfUtils.java:logGet(43)) - raft.server.snapshot.auto.trigger.threshold = 10000 (custom)
2019-09-27 09:19:07,705 [pool-287-thread-1] INFO  server.RaftServerConfigKeys (ConfUtils.java:logGet(43)) - raft.server.snapshot.retention.num.files = 5 (custom)
2019-09-27 09:19:07,705 [pool-287-thread-1] INFO  server.RaftServerConfigKeys (ConfUtils.java:logGet(43)) - raft.server.retrycache.expirytime = 600000ms (custom)
2019-09-27 09:19:07,707 [pool-287-thread-1] INFO  impl.RaftServerImpl (RaftServerImpl.java:start(185)) - 5b10fcef-bcb8-4685-875f-8e79f20d296a@group-AE3265CEAB5E: start as a follower, conf=-1: [5b10fcef-bcb8-4685-875f-8e79f20d296a:192.168.151.103:45629], old=null
2019-09-27 09:19:07,707 [pool-287-thread-1] INFO  impl.RaftServerImpl (RaftServerImpl.java:setRole(174)) - 5b10fcef-bcb8-4685-875f-8e79f20d296a@group-AE3265CEAB5E: changes role from      null to FOLLOWER at term 0 for startAsFollower
2019-09-27 09:19:07,707 [pool-287-thread-1] INFO  impl.RoleInfo (RoleInfo.java:updateAndGet(143)) - 5b10fcef-bcb8-4685-875f-8e79f20d296a: start FollowerState
2019-09-27 09:19:07,707 [pool-287-thread-1] INFO  util.JmxRegister (JmxRegister.java:tryRegister(44)) - Successfully registered JMX Bean with object name Ratis:service=RaftServer,group=group-AE3265CEAB5E,id=5b10fcef-bcb8-4685-875f-8e79f20d296a
2019-09-27 09:19:07,713 [RatisPipelineUtilsThread] INFO  pipeline.PipelineStateManager (PipelineStateManager.java:addPipeline(56)) - Created pipeline Pipeline[ Id: 2fa769f4-c150-434c-b49b-ae3265ceab5e, Nodes: 5b10fcef-bcb8-4685-875f-8e79f20d296a{ip: 192.168.151.103, host: pr-hdds2162-4fxhj-20988671, networkLocation: /rack1, certSerialId: null}, Type:RATIS, Factor:ONE, State:OPEN]
2019-09-27 09:19:07,723 [grpc-default-executor-0] INFO  impl.RaftServerProxy (RaftServerProxy.java:addNew(89)) - fcc5478b-f5e9-4e5e-96f6-5f78dfdfa2b6: addNew group-C43AC0D690EC:[fcc5478b-f5e9-4e5e-96f6-5f78dfdfa2b6:192.168.151.103:37708] returns group-C43AC0D690EC:java.util.concurrent.CompletableFuture@7d1e157f[Not completed]
2019-09-27 09:19:07,724 [pool-297-thread-1] INFO  impl.RaftServerImpl (RaftServerImpl.java:<init>(95)) - fcc5478b-f5e9-4e5e-96f6-5f78dfdfa2b6: new RaftServerImpl for group-C43AC0D690EC:[fcc5478b-f5e9-4e5e-96f6-5f78dfdfa2b6:192.168.151.103:37708] with ContainerStateMachine:uninitialized
2019-09-27 09:19:07,724 [pool-297-thread-1] INFO  server.RaftServerConfigKeys (ConfUtils.java:logGet(43)) - raft.server.rpc.timeout.min = 1s (custom)
2019-09-27 09:19:07,724 [pool-297-thread-1] INFO  server.RaftServerConfigKeys (ConfUtils.java:logGet(43)) - raft.server.rpc.timeout.max = 1200ms (custom)
2019-09-27 09:19:07,724 [pool-297-thread-1] INFO  server.RaftServerConfigKeys (ConfUtils.java:logGet(43)) - raft.server.rpcslowness.timeout = 120s (custom)
2019-09-27 09:19:07,724 [pool-297-thread-1] INFO  server.RaftServerConfigKeys (ConfUtils.java:logGet(43)) - raft.server.sleep.deviation.threshold = 300 (default)
2019-09-27 09:19:07,724 [pool-297-thread-1] INFO  server.RaftServerConfigKeys (ConfUtils.java:logGet(43)) - raft.server.log.appender.install.snapshot.enabled = false (custom)
2019-09-27 09:19:07,725 [pool-297-thread-1] INFO  impl.RaftServerImpl (ServerState.java:<init>(103)) - fcc5478b-f5e9-4e5e-96f6-5f78dfdfa2b6@group-C43AC0D690EC: ConfigurationManager, init=-1: [fcc5478b-f5e9-4e5e-96f6-5f78dfdfa2b6:192.168.151.103:37708], old=null, confs=<EMPTY_MAP>
2019-09-27 09:19:07,725 [pool-297-thread-1] INFO  server.RaftServerConfigKeys (ConfUtils.java:logGet(43)) - raft.server.storage.dir = [/workdir/hadoop-ozone/integration-test/target/test-dir/MiniOzoneClusterImpl-d2d06822-f460-4d8d-a87b-a517d879cb3f/datanode-3/data/ratis] (custom)
2019-09-27 09:19:07,725 [pool-297-thread-1] INFO  storage.RaftStorageDirectory (RaftStorageDirectory.java:analyzeStorage(246)) - The storage directory /workdir/hadoop-ozone/integration-test/target/test-dir/MiniOzoneClusterImpl-d2d06822-f460-4d8d-a87b-a517d879cb3f/datanode-3/data/ratis/67e72b34-3677-483e-ac1c-c43ac0d690ec does not exist. Creating ...
2019-09-27 09:19:07,738 [pool-297-thread-1] INFO  storage.RaftStorageDirectory (RaftStorageDirectory.java:tryLock(328)) - Lock on /workdir/hadoop-ozone/integration-test/target/test-dir/MiniOzoneClusterImpl-d2d06822-f460-4d8d-a87b-a517d879cb3f/datanode-3/data/ratis/67e72b34-3677-483e-ac1c-c43ac0d690ec/in_use.lock acquired by nodename 29571@pr-hdds2162-4fxhj-20988671
2019-09-27 09:19:07,752 [pool-297-thread-1] INFO  storage.RaftStorage (RaftStorage.java:format(72)) - Storage directory /workdir/hadoop-ozone/integration-test/target/test-dir/MiniOzoneClusterImpl-d2d06822-f460-4d8d-a87b-a517d879cb3f/datanode-3/data/ratis/67e72b34-3677-483e-ac1c-c43ac0d690ec has been successfully formatted.
2019-09-27 09:19:07,752 [pool-297-thread-1] INFO  ratis.ContainerStateMachine (ContainerStateMachine.java:loadSnapshot(230)) - group-C43AC0D690EC: The snapshot info is null. Setting the last applied indexto:(t:0, i:~)
2019-09-27 09:19:07,752 [pool-297-thread-1] INFO  server.RaftServerConfigKeys (ConfUtils.java:logGet(43)) - raft.server.notification.no-leader.timeout = 120s (custom)
2019-09-27 09:19:07,752 [pool-297-thread-1] INFO  server.RaftServerConfigKeys (ConfUtils.java:logGet(43)) - raft.server.log.use.memory = false (default)
2019-09-27 09:19:07,752 [pool-297-thread-1] INFO  server.RaftServerConfigKeys (ConfUtils.java:logGet(43)) - raft.server.log.purge.gap = 1000000 (custom)
2019-09-27 09:19:07,752 [pool-297-thread-1] INFO  server.RaftServerConfigKeys (ConfUtils.java:logGet(43)) - raft.server.log.appender.buffer.byte-limit = 33554432 (custom)
2019-09-27 09:19:07,753 [pool-297-thread-1] INFO  server.RaftServerConfigKeys (ConfUtils.java:logGet(43)) - raft.server.log.segment.size.max = 1048576 (custom)
2019-09-27 09:19:07,753 [pool-297-thread-1] INFO  server.RaftServerConfigKeys (ConfUtils.java:logGet(43)) - raft.server.log.segment.cache.num.max = 2 (custom)
2019-09-27 09:19:07,753 [pool-297-thread-1] INFO  segmented.SegmentedRaftLogWorker (SegmentedRaftLogWorker.java:<init>(172)) - new fcc5478b-f5e9-4e5e-96f6-5f78dfdfa2b6@group-C43AC0D690EC-SegmentedRaftLogWorker for RaftStorage:Storage Directory /workdir/hadoop-ozone/integration-test/target/test-dir/MiniOzoneClusterImpl-d2d06822-f460-4d8d-a87b-a517d879cb3f/datanode-3/data/ratis/67e72b34-3677-483e-ac1c-c43ac0d690ec
2019-09-27 09:19:07,754 [pool-297-thread-1] INFO  server.RaftServerConfigKeys (ConfUtils.java:logGet(43)) - raft.server.log.queue.byte-limit = 2147483647 (custom)
2019-09-27 09:19:07,755 [pool-297-thread-1] INFO  server.RaftServerConfigKeys (ConfUtils.java:logGet(43)) - raft.server.log.queue.element-limit = 1024 (custom)
2019-09-27 09:19:07,755 [pool-297-thread-1] INFO  server.RaftServerConfigKeys (ConfUtils.java:logGet(43)) - raft.server.log.segment.size.max = 1048576 (custom)
2019-09-27 09:19:07,755 [pool-297-thread-1] INFO  server.RaftServerConfigKeys (ConfUtils.java:logGet(43)) - raft.server.log.preallocated.size = 16384 (custom)
2019-09-27 09:19:07,755 [pool-297-thread-1] INFO  server.RaftServerConfigKeys (ConfUtils.java:logGet(43)) - raft.server.log.write.buffer.size = 33554432 (custom)
2019-09-27 09:19:07,755 [pool-297-thread-1] INFO  server.RaftServerConfigKeys (ConfUtils.java:logGet(43)) - raft.server.log.force.sync.num = 128 (default)
2019-09-27 09:19:07,755 [pool-297-thread-1] INFO  server.RaftServerConfigKeys (ConfUtils.java:logGet(43)) - raft.server.log.statemachine.data.sync = true (default)
2019-09-27 09:19:07,755 [pool-297-thread-1] INFO  server.RaftServerConfigKeys (ConfUtils.java:logGet(43)) - raft.server.log.statemachine.data.sync.timeout = 10s (default)
2019-09-27 09:19:07,755 [pool-297-thread-1] INFO  server.RaftServerConfigKeys (ConfUtils.java:logGet(43)) - raft.server.log.statemachine.data.sync.timeout.retry = -1 (default)
2019-09-27 09:19:07,756 [pool-297-thread-1] INFO  server.RaftServerConfigKeys (ConfUtils.java:logGet(43)) - raft.server.log.statemachine.data.caching.enabled = true (custom)
2019-09-27 09:19:07,756 [pool-297-thread-1] INFO  segmented.SegmentedRaftLogWorker (SegmentedRaftLogWorker.java:lambda$new$0(132)) - fcc5478b-f5e9-4e5e-96f6-5f78dfdfa2b6@group-C43AC0D690EC-SegmentedRaftLogWorker: flushIndex: setUnconditionally 0 -> -1
2019-09-27 09:19:07,756 [pool-297-thread-1] INFO  server.RaftServerConfigKeys (ConfUtils.java:logGet(43)) - raft.server.snapshot.auto.trigger.enabled = true (custom)
2019-09-27 09:19:07,756 [pool-297-thread-1] INFO  server.RaftServerConfigKeys (ConfUtils.java:logGet(43)) - raft.server.snapshot.auto.trigger.threshold = 10000 (custom)
2019-09-27 09:19:07,756 [pool-297-thread-1] INFO  server.RaftServerConfigKeys (ConfUtils.java:logGet(43)) - raft.server.snapshot.retention.num.files = 5 (custom)
2019-09-27 09:19:07,756 [pool-297-thread-1] INFO  server.RaftServerConfigKeys (ConfUtils.java:logGet(43)) - raft.server.retrycache.expirytime = 600000ms (custom)
2019-09-27 09:19:07,758 [pool-297-thread-1] INFO  impl.RaftServerImpl (RaftServerImpl.java:start(185)) - fcc5478b-f5e9-4e5e-96f6-5f78dfdfa2b6@group-C43AC0D690EC: start as a follower, conf=-1: [fcc5478b-f5e9-4e5e-96f6-5f78dfdfa2b6:192.168.151.103:37708], old=null
2019-09-27 09:19:07,758 [pool-297-thread-1] INFO  impl.RaftServerImpl (RaftServerImpl.java:setRole(174)) - fcc5478b-f5e9-4e5e-96f6-5f78dfdfa2b6@group-C43AC0D690EC: changes role from      null to FOLLOWER at term 0 for startAsFollower
2019-09-27 09:19:07,758 [pool-297-thread-1] INFO  impl.RoleInfo (RoleInfo.java:updateAndGet(143)) - fcc5478b-f5e9-4e5e-96f6-5f78dfdfa2b6: start FollowerState
2019-09-27 09:19:07,758 [pool-297-thread-1] INFO  util.JmxRegister (JmxRegister.java:tryRegister(44)) - Successfully registered JMX Bean with object name Ratis:service=RaftServer,group=group-C43AC0D690EC,id=fcc5478b-f5e9-4e5e-96f6-5f78dfdfa2b6
2019-09-27 09:19:07,760 [IPC Server handler 11 on 39919] INFO  net.NetworkTopology (NetworkTopologyImpl.java:add(111)) - Added a new node: /rack1/2c6b07a0-dd20-4844-842b-efa553872a87
2019-09-27 09:19:07,763 [IPC Server handler 11 on 39919] INFO  node.SCMNodeManager (SCMNodeManager.java:register(266)) - Registered Data node : 2c6b07a0-dd20-4844-842b-efa553872a87{ip: 192.168.151.103, host: pr-hdds2162-4fxhj-20988671, networkLocation: /rack1, certSerialId: null}
2019-09-27 09:19:07,764 [RatisPipelineUtilsThread] INFO  pipeline.PipelineStateManager (PipelineStateManager.java:addPipeline(56)) - Created pipeline Pipeline[ Id: 67e72b34-3677-483e-ac1c-c43ac0d690ec, Nodes: fcc5478b-f5e9-4e5e-96f6-5f78dfdfa2b6{ip: 192.168.151.103, host: pr-hdds2162-4fxhj-20988671, networkLocation: /rack1, certSerialId: null}, Type:RATIS, Factor:ONE, State:OPEN]
2019-09-27 09:19:07,773 [grpc-default-executor-0] INFO  impl.RaftServerProxy (RaftServerProxy.java:addNew(89)) - 2c6b07a0-dd20-4844-842b-efa553872a87: addNew group-94F00DCD213A:[2c6b07a0-dd20-4844-842b-efa553872a87:192.168.151.103:35871] returns group-94F00DCD213A:java.util.concurrent.CompletableFuture@1021174a[Not completed]
2019-09-27 09:19:07,774 [pool-307-thread-1] INFO  impl.RaftServerImpl (RaftServerImpl.java:<init>(95)) - 2c6b07a0-dd20-4844-842b-efa553872a87: new RaftServerImpl for group-94F00DCD213A:[2c6b07a0-dd20-4844-842b-efa553872a87:192.168.151.103:35871] with ContainerStateMachine:uninitialized
2019-09-27 09:19:07,774 [pool-307-thread-1] INFO  server.RaftServerConfigKeys (ConfUtils.java:logGet(43)) - raft.server.rpc.timeout.min = 1s (custom)
2019-09-27 09:19:07,774 [pool-307-thread-1] INFO  server.RaftServerConfigKeys (ConfUtils.java:logGet(43)) - raft.server.rpc.timeout.max = 1200ms (custom)
2019-09-27 09:19:07,774 [pool-307-thread-1] INFO  server.RaftServerConfigKeys (ConfUtils.java:logGet(43)) - raft.server.rpcslowness.timeout = 120s (custom)
2019-09-27 09:19:07,774 [pool-307-thread-1] INFO  server.RaftServerConfigKeys (ConfUtils.java:logGet(43)) - raft.server.sleep.deviation.threshold = 300 (default)
2019-09-27 09:19:07,774 [pool-307-thread-1] INFO  server.RaftServerConfigKeys (ConfUtils.java:logGet(43)) - raft.server.log.appender.install.snapshot.enabled = false (custom)
2019-09-27 09:19:07,774 [pool-307-thread-1] INFO  impl.RaftServerImpl (ServerState.java:<init>(103)) - 2c6b07a0-dd20-4844-842b-efa553872a87@group-94F00DCD213A: ConfigurationManager, init=-1: [2c6b07a0-dd20-4844-842b-efa553872a87:192.168.151.103:35871], old=null, confs=<EMPTY_MAP>
2019-09-27 09:19:07,775 [pool-307-thread-1] INFO  server.RaftServerConfigKeys (ConfUtils.java:logGet(43)) - raft.server.storage.dir = [/workdir/hadoop-ozone/integration-test/target/test-dir/MiniOzoneClusterImpl-d2d06822-f460-4d8d-a87b-a517d879cb3f/datanode-4/data/ratis] (custom)
2019-09-27 09:19:07,775 [pool-307-thread-1] INFO  storage.RaftStorageDirectory (RaftStorageDirectory.java:analyzeStorage(246)) - The storage directory /workdir/hadoop-ozone/integration-test/target/test-dir/MiniOzoneClusterImpl-d2d06822-f460-4d8d-a87b-a517d879cb3f/datanode-4/data/ratis/5ba2a5db-0792-4404-b1f2-94f00dcd213a does not exist. Creating ...
2019-09-27 09:19:07,778 [pool-307-thread-1] INFO  storage.RaftStorageDirectory (RaftStorageDirectory.java:tryLock(328)) - Lock on /workdir/hadoop-ozone/integration-test/target/test-dir/MiniOzoneClusterImpl-d2d06822-f460-4d8d-a87b-a517d879cb3f/datanode-4/data/ratis/5ba2a5db-0792-4404-b1f2-94f00dcd213a/in_use.lock acquired by nodename 29571@pr-hdds2162-4fxhj-20988671
2019-09-27 09:19:07,782 [pool-307-thread-1] INFO  storage.RaftStorage (RaftStorage.java:format(72)) - Storage directory /workdir/hadoop-ozone/integration-test/target/test-dir/MiniOzoneClusterImpl-d2d06822-f460-4d8d-a87b-a517d879cb3f/datanode-4/data/ratis/5ba2a5db-0792-4404-b1f2-94f00dcd213a has been successfully formatted.
2019-09-27 09:19:07,782 [pool-307-thread-1] INFO  ratis.ContainerStateMachine (ContainerStateMachine.java:loadSnapshot(230)) - group-94F00DCD213A: The snapshot info is null. Setting the last applied indexto:(t:0, i:~)
2019-09-27 09:19:07,782 [pool-307-thread-1] INFO  server.RaftServerConfigKeys (ConfUtils.java:logGet(43)) - raft.server.notification.no-leader.timeout = 120s (custom)
2019-09-27 09:19:07,782 [pool-307-thread-1] INFO  server.RaftServerConfigKeys (ConfUtils.java:logGet(43)) - raft.server.log.use.memory = false (default)
2019-09-27 09:19:07,782 [pool-307-thread-1] INFO  server.RaftServerConfigKeys (ConfUtils.java:logGet(43)) - raft.server.log.purge.gap = 1000000 (custom)
2019-09-27 09:19:07,782 [pool-307-thread-1] INFO  server.RaftServerConfigKeys (ConfUtils.java:logGet(43)) - raft.server.log.appender.buffer.byte-limit = 33554432 (custom)
2019-09-27 09:19:07,782 [pool-307-thread-1] INFO  server.RaftServerConfigKeys (ConfUtils.java:logGet(43)) - raft.server.log.segment.size.max = 1048576 (custom)
2019-09-27 09:19:07,782 [pool-307-thread-1] INFO  server.RaftServerConfigKeys (ConfUtils.java:logGet(43)) - raft.server.log.segment.cache.num.max = 2 (custom)
2019-09-27 09:19:07,783 [pool-307-thread-1] INFO  segmented.SegmentedRaftLogWorker (SegmentedRaftLogWorker.java:<init>(172)) - new 2c6b07a0-dd20-4844-842b-efa553872a87@group-94F00DCD213A-SegmentedRaftLogWorker for RaftStorage:Storage Directory /workdir/hadoop-ozone/integration-test/target/test-dir/MiniOzoneClusterImpl-d2d06822-f460-4d8d-a87b-a517d879cb3f/datanode-4/data/ratis/5ba2a5db-0792-4404-b1f2-94f00dcd213a
2019-09-27 09:19:07,784 [pool-307-thread-1] INFO  server.RaftServerConfigKeys (ConfUtils.java:logGet(43)) - raft.server.log.queue.byte-limit = 2147483647 (custom)
2019-09-27 09:19:07,784 [pool-307-thread-1] INFO  server.RaftServerConfigKeys (ConfUtils.java:logGet(43)) - raft.server.log.queue.element-limit = 1024 (custom)
2019-09-27 09:19:07,784 [pool-307-thread-1] INFO  server.RaftServerConfigKeys (ConfUtils.java:logGet(43)) - raft.server.log.segment.size.max = 1048576 (custom)
2019-09-27 09:19:07,784 [pool-307-thread-1] INFO  server.RaftServerConfigKeys (ConfUtils.java:logGet(43)) - raft.server.log.preallocated.size = 16384 (custom)
2019-09-27 09:19:07,784 [pool-307-thread-1] INFO  server.RaftServerConfigKeys (ConfUtils.java:logGet(43)) - raft.server.log.write.buffer.size = 33554432 (custom)
2019-09-27 09:19:07,784 [pool-307-thread-1] INFO  server.RaftServerConfigKeys (ConfUtils.java:logGet(43)) - raft.server.log.force.sync.num = 128 (default)
2019-09-27 09:19:07,784 [pool-307-thread-1] INFO  server.RaftServerConfigKeys (ConfUtils.java:logGet(43)) - raft.server.log.statemachine.data.sync = true (default)
2019-09-27 09:19:07,785 [pool-307-thread-1] INFO  server.RaftServerConfigKeys (ConfUtils.java:logGet(43)) - raft.server.log.statemachine.data.sync.timeout = 10s (default)
2019-09-27 09:19:07,785 [pool-307-thread-1] INFO  server.RaftServerConfigKeys (ConfUtils.java:logGet(43)) - raft.server.log.statemachine.data.sync.timeout.retry = -1 (default)
2019-09-27 09:19:07,785 [pool-307-thread-1] INFO  server.RaftServerConfigKeys (ConfUtils.java:logGet(43)) - raft.server.log.statemachine.data.caching.enabled = true (custom)
2019-09-27 09:19:07,785 [pool-307-thread-1] INFO  segmented.SegmentedRaftLogWorker (SegmentedRaftLogWorker.java:lambda$new$0(132)) - 2c6b07a0-dd20-4844-842b-efa553872a87@group-94F00DCD213A-SegmentedRaftLogWorker: flushIndex: setUnconditionally 0 -> -1
2019-09-27 09:19:07,785 [pool-307-thread-1] INFO  server.RaftServerConfigKeys (ConfUtils.java:logGet(43)) - raft.server.snapshot.auto.trigger.enabled = true (custom)
2019-09-27 09:19:07,785 [pool-307-thread-1] INFO  server.RaftServerConfigKeys (ConfUtils.java:logGet(43)) - raft.server.snapshot.auto.trigger.threshold = 10000 (custom)
2019-09-27 09:19:07,786 [pool-307-thread-1] INFO  server.RaftServerConfigKeys (ConfUtils.java:logGet(43)) - raft.server.snapshot.retention.num.files = 5 (custom)
2019-09-27 09:19:07,786 [pool-307-thread-1] INFO  server.RaftServerConfigKeys (ConfUtils.java:logGet(43)) - raft.server.retrycache.expirytime = 600000ms (custom)
2019-09-27 09:19:07,787 [pool-307-thread-1] INFO  impl.RaftServerImpl (RaftServerImpl.java:start(185)) - 2c6b07a0-dd20-4844-842b-efa553872a87@group-94F00DCD213A: start as a follower, conf=-1: [2c6b07a0-dd20-4844-842b-efa553872a87:192.168.151.103:35871], old=null
2019-09-27 09:19:07,787 [pool-307-thread-1] INFO  impl.RaftServerImpl (RaftServerImpl.java:setRole(174)) - 2c6b07a0-dd20-4844-842b-efa553872a87@group-94F00DCD213A: changes role from      null to FOLLOWER at term 0 for startAsFollower
2019-09-27 09:19:07,787 [pool-307-thread-1] INFO  impl.RoleInfo (RoleInfo.java:updateAndGet(143)) - 2c6b07a0-dd20-4844-842b-efa553872a87: start FollowerState
2019-09-27 09:19:07,787 [pool-307-thread-1] INFO  util.JmxRegister (JmxRegister.java:tryRegister(44)) - Successfully registered JMX Bean with object name Ratis:service=RaftServer,group=group-94F00DCD213A,id=2c6b07a0-dd20-4844-842b-efa553872a87
2019-09-27 09:19:07,792 [RatisPipelineUtilsThread] INFO  pipeline.PipelineStateManager (PipelineStateManager.java:addPipeline(56)) - Created pipeline Pipeline[ Id: 5ba2a5db-0792-4404-b1f2-94f00dcd213a, Nodes: 2c6b07a0-dd20-4844-842b-efa553872a87{ip: 192.168.151.103, host: pr-hdds2162-4fxhj-20988671, networkLocation: /rack1, certSerialId: null}, Type:RATIS, Factor:ONE, State:OPEN]
2019-09-27 09:19:07,812 [grpc-default-executor-0] INFO  impl.RaftServerProxy (RaftServerProxy.java:addNew(89)) - 3336feff-37d1-4141-b1ec-acdf5527e46c: addNew group-A7C4CCBA1937:[2c6b07a0-dd20-4844-842b-efa553872a87:192.168.151.103:35871, 82c6079f-0caa-41c9-82d7-90e7306895b1:192.168.151.103:43165, 3336feff-37d1-4141-b1ec-acdf5527e46c:192.168.151.103:37464] returns group-A7C4CCBA1937:java.util.concurrent.CompletableFuture@8b5fb57[Not completed]
2019-09-27 09:19:07,815 [grpc-default-executor-1] INFO  impl.RaftServerProxy (RaftServerProxy.java:addNew(89)) - 82c6079f-0caa-41c9-82d7-90e7306895b1: addNew group-A7C4CCBA1937:[2c6b07a0-dd20-4844-842b-efa553872a87:192.168.151.103:35871, 82c6079f-0caa-41c9-82d7-90e7306895b1:192.168.151.103:43165, 3336feff-37d1-4141-b1ec-acdf5527e46c:192.168.151.103:37464] returns group-A7C4CCBA1937:java.util.concurrent.CompletableFuture@623fbb36[Not completed]
2019-09-27 09:19:07,812 [grpc-default-executor-2] INFO  impl.RaftServerProxy (RaftServerProxy.java:addNew(89)) - 2c6b07a0-dd20-4844-842b-efa553872a87: addNew group-A7C4CCBA1937:[2c6b07a0-dd20-4844-842b-efa553872a87:192.168.151.103:35871, 82c6079f-0caa-41c9-82d7-90e7306895b1:192.168.151.103:43165, 3336feff-37d1-4141-b1ec-acdf5527e46c:192.168.151.103:37464] returns group-A7C4CCBA1937:java.util.concurrent.CompletableFuture@6765b219[Not completed]
2019-09-27 09:19:07,816 [pool-307-thread-1] INFO  impl.RaftServerImpl (RaftServerImpl.java:<init>(95)) - 2c6b07a0-dd20-4844-842b-efa553872a87: new RaftServerImpl for group-A7C4CCBA1937:[2c6b07a0-dd20-4844-842b-efa553872a87:192.168.151.103:35871, 82c6079f-0caa-41c9-82d7-90e7306895b1:192.168.151.103:43165, 3336feff-37d1-4141-b1ec-acdf5527e46c:192.168.151.103:37464] with ContainerStateMachine:uninitialized
2019-09-27 09:19:07,816 [pool-307-thread-1] INFO  server.RaftServerConfigKeys (ConfUtils.java:logGet(43)) - raft.server.rpc.timeout.min = 1s (custom)
2019-09-27 09:19:07,816 [pool-307-thread-1] INFO  server.RaftServerConfigKeys (ConfUtils.java:logGet(43)) - raft.server.rpc.timeout.max = 1200ms (custom)
2019-09-27 09:19:07,817 [pool-307-thread-1] INFO  server.RaftServerConfigKeys (ConfUtils.java:logGet(43)) - raft.server.rpcslowness.timeout = 120s (custom)
2019-09-27 09:19:07,817 [pool-307-thread-1] INFO  server.RaftServerConfigKeys (ConfUtils.java:logGet(43)) - raft.server.sleep.deviation.threshold = 300 (default)
2019-09-27 09:19:07,817 [pool-307-thread-1] INFO  server.RaftServerConfigKeys (ConfUtils.java:logGet(43)) - raft.server.log.appender.install.snapshot.enabled = false (custom)
2019-09-27 09:19:07,817 [pool-307-thread-1] INFO  impl.RaftServerImpl (ServerState.java:<init>(103)) - 2c6b07a0-dd20-4844-842b-efa553872a87@group-A7C4CCBA1937: ConfigurationManager, init=-1: [2c6b07a0-dd20-4844-842b-efa553872a87:192.168.151.103:35871, 82c6079f-0caa-41c9-82d7-90e7306895b1:192.168.151.103:43165, 3336feff-37d1-4141-b1ec-acdf5527e46c:192.168.151.103:37464], old=null, confs=<EMPTY_MAP>
2019-09-27 09:19:07,817 [pool-307-thread-1] INFO  server.RaftServerConfigKeys (ConfUtils.java:logGet(43)) - raft.server.storage.dir = [/workdir/hadoop-ozone/integration-test/target/test-dir/MiniOzoneClusterImpl-d2d06822-f460-4d8d-a87b-a517d879cb3f/datanode-4/data/ratis] (custom)
2019-09-27 09:19:07,817 [pool-267-thread-1] INFO  impl.RaftServerImpl (RaftServerImpl.java:<init>(95)) - 82c6079f-0caa-41c9-82d7-90e7306895b1: new RaftServerImpl for group-A7C4CCBA1937:[2c6b07a0-dd20-4844-842b-efa553872a87:192.168.151.103:35871, 82c6079f-0caa-41c9-82d7-90e7306895b1:192.168.151.103:43165, 3336feff-37d1-4141-b1ec-acdf5527e46c:192.168.151.103:37464] with ContainerStateMachine:uninitialized
2019-09-27 09:19:07,817 [pool-267-thread-1] INFO  server.RaftServerConfigKeys (ConfUtils.java:logGet(43)) - raft.server.rpc.timeout.min = 1s (custom)
2019-09-27 09:19:07,817 [pool-307-thread-1] INFO  storage.RaftStorageDirectory (RaftStorageDirectory.java:analyzeStorage(246)) - The storage directory /workdir/hadoop-ozone/integration-test/target/test-dir/MiniOzoneClusterImpl-d2d06822-f460-4d8d-a87b-a517d879cb3f/datanode-4/data/ratis/fb2890fc-ee05-418f-8c3d-a7c4ccba1937 does not exist. Creating ...
2019-09-27 09:19:07,818 [pool-277-thread-1] INFO  impl.RaftServerImpl (RaftServerImpl.java:<init>(95)) - 3336feff-37d1-4141-b1ec-acdf5527e46c: new RaftServerImpl for group-A7C4CCBA1937:[2c6b07a0-dd20-4844-842b-efa553872a87:192.168.151.103:35871, 82c6079f-0caa-41c9-82d7-90e7306895b1:192.168.151.103:43165, 3336feff-37d1-4141-b1ec-acdf5527e46c:192.168.151.103:37464] with ContainerStateMachine:uninitialized
2019-09-27 09:19:07,817 [pool-267-thread-1] INFO  server.RaftServerConfigKeys (ConfUtils.java:logGet(43)) - raft.server.rpc.timeout.max = 1200ms (custom)
2019-09-27 09:19:07,818 [pool-277-thread-1] INFO  server.RaftServerConfigKeys (ConfUtils.java:logGet(43)) - raft.server.rpc.timeout.min = 1s (custom)
2019-09-27 09:19:07,818 [pool-267-thread-1] INFO  server.RaftServerConfigKeys (ConfUtils.java:logGet(43)) - raft.server.rpcslowness.timeout = 120s (custom)
2019-09-27 09:19:07,818 [pool-277-thread-1] INFO  server.RaftServerConfigKeys (ConfUtils.java:logGet(43)) - raft.server.rpc.timeout.max = 1200ms (custom)
2019-09-27 09:19:07,818 [pool-267-thread-1] INFO  server.RaftServerConfigKeys (ConfUtils.java:logGet(43)) - raft.server.sleep.deviation.threshold = 300 (default)
2019-09-27 09:19:07,818 [pool-277-thread-1] INFO  server.RaftServerConfigKeys (ConfUtils.java:logGet(43)) - raft.server.rpcslowness.timeout = 120s (custom)
2019-09-27 09:19:07,818 [pool-267-thread-1] INFO  server.RaftServerConfigKeys (ConfUtils.java:logGet(43)) - raft.server.log.appender.install.snapshot.enabled = false (custom)
2019-09-27 09:19:07,819 [pool-277-thread-1] INFO  server.RaftServerConfigKeys (ConfUtils.java:logGet(43)) - raft.server.sleep.deviation.threshold = 300 (default)
2019-09-27 09:19:07,819 [pool-267-thread-1] INFO  impl.RaftServerImpl (ServerState.java:<init>(103)) - 82c6079f-0caa-41c9-82d7-90e7306895b1@group-A7C4CCBA1937: ConfigurationManager, init=-1: [2c6b07a0-dd20-4844-842b-efa553872a87:192.168.151.103:35871, 82c6079f-0caa-41c9-82d7-90e7306895b1:192.168.151.103:43165, 3336feff-37d1-4141-b1ec-acdf5527e46c:192.168.151.103:37464], old=null, confs=<EMPTY_MAP>
2019-09-27 09:19:07,819 [pool-277-thread-1] INFO  server.RaftServerConfigKeys (ConfUtils.java:logGet(43)) - raft.server.log.appender.install.snapshot.enabled = false (custom)
2019-09-27 09:19:07,819 [pool-267-thread-1] INFO  server.RaftServerConfigKeys (ConfUtils.java:logGet(43)) - raft.server.storage.dir = [/workdir/hadoop-ozone/integration-test/target/test-dir/MiniOzoneClusterImpl-d2d06822-f460-4d8d-a87b-a517d879cb3f/datanode-0/data/ratis] (custom)
2019-09-27 09:19:07,819 [pool-277-thread-1] INFO  impl.RaftServerImpl (ServerState.java:<init>(103)) - 3336feff-37d1-4141-b1ec-acdf5527e46c@group-A7C4CCBA1937: ConfigurationManager, init=-1: [2c6b07a0-dd20-4844-842b-efa553872a87:192.168.151.103:35871, 82c6079f-0caa-41c9-82d7-90e7306895b1:192.168.151.103:43165, 3336feff-37d1-4141-b1ec-acdf5527e46c:192.168.151.103:37464], old=null, confs=<EMPTY_MAP>
2019-09-27 09:19:07,819 [pool-277-thread-1] INFO  server.RaftServerConfigKeys (ConfUtils.java:logGet(43)) - raft.server.storage.dir = [/workdir/hadoop-ozone/integration-test/target/test-dir/MiniOzoneClusterImpl-d2d06822-f460-4d8d-a87b-a517d879cb3f/datanode-1/data/ratis] (custom)
2019-09-27 09:19:07,819 [pool-267-thread-1] INFO  storage.RaftStorageDirectory (RaftStorageDirectory.java:analyzeStorage(246)) - The storage directory /workdir/hadoop-ozone/integration-test/target/test-dir/MiniOzoneClusterImpl-d2d06822-f460-4d8d-a87b-a517d879cb3f/datanode-0/data/ratis/fb2890fc-ee05-418f-8c3d-a7c4ccba1937 does not exist. Creating ...
2019-09-27 09:19:07,820 [pool-277-thread-1] INFO  storage.RaftStorageDirectory (RaftStorageDirectory.java:analyzeStorage(246)) - The storage directory /workdir/hadoop-ozone/integration-test/target/test-dir/MiniOzoneClusterImpl-d2d06822-f460-4d8d-a87b-a517d879cb3f/datanode-1/data/ratis/fb2890fc-ee05-418f-8c3d-a7c4ccba1937 does not exist. Creating ...
2019-09-27 09:19:07,820 [IPC Server handler 10 on 39919] INFO  net.NetworkTopology (NetworkTopologyImpl.java:add(111)) - Added a new node: /rack1/f05e65be-6e62-49e0-b8f3-4d237753c08e
2019-09-27 09:19:07,820 [IPC Server handler 10 on 39919] INFO  node.SCMNodeManager (SCMNodeManager.java:register(266)) - Registered Data node : f05e65be-6e62-49e0-b8f3-4d237753c08e{ip: 192.168.151.103, host: pr-hdds2162-4fxhj-20988671, networkLocation: /rack1, certSerialId: null}
2019-09-27 09:19:07,848 [pool-277-thread-1] INFO  storage.RaftStorageDirectory (RaftStorageDirectory.java:tryLock(328)) - Lock on /workdir/hadoop-ozone/integration-test/target/test-dir/MiniOzoneClusterImpl-d2d06822-f460-4d8d-a87b-a517d879cb3f/datanode-1/data/ratis/fb2890fc-ee05-418f-8c3d-a7c4ccba1937/in_use.lock acquired by nodename 29571@pr-hdds2162-4fxhj-20988671
2019-09-27 09:19:07,848 [pool-267-thread-1] INFO  storage.RaftStorageDirectory (RaftStorageDirectory.java:tryLock(328)) - Lock on /workdir/hadoop-ozone/integration-test/target/test-dir/MiniOzoneClusterImpl-d2d06822-f460-4d8d-a87b-a517d879cb3f/datanode-0/data/ratis/fb2890fc-ee05-418f-8c3d-a7c4ccba1937/in_use.lock acquired by nodename 29571@pr-hdds2162-4fxhj-20988671
2019-09-27 09:19:07,848 [pool-307-thread-1] INFO  storage.RaftStorageDirectory (RaftStorageDirectory.java:tryLock(328)) - Lock on /workdir/hadoop-ozone/integration-test/target/test-dir/MiniOzoneClusterImpl-d2d06822-f460-4d8d-a87b-a517d879cb3f/datanode-4/data/ratis/fb2890fc-ee05-418f-8c3d-a7c4ccba1937/in_use.lock acquired by nodename 29571@pr-hdds2162-4fxhj-20988671
2019-09-27 09:19:07,862 [pool-277-thread-1] INFO  storage.RaftStorage (RaftStorage.java:format(72)) - Storage directory /workdir/hadoop-ozone/integration-test/target/test-dir/MiniOzoneClusterImpl-d2d06822-f460-4d8d-a87b-a517d879cb3f/datanode-1/data/ratis/fb2890fc-ee05-418f-8c3d-a7c4ccba1937 has been successfully formatted.
2019-09-27 09:19:07,862 [pool-307-thread-1] INFO  storage.RaftStorage (RaftStorage.java:format(72)) - Storage directory /workdir/hadoop-ozone/integration-test/target/test-dir/MiniOzoneClusterImpl-d2d06822-f460-4d8d-a87b-a517d879cb3f/datanode-4/data/ratis/fb2890fc-ee05-418f-8c3d-a7c4ccba1937 has been successfully formatted.
2019-09-27 09:19:07,862 [pool-267-thread-1] INFO  storage.RaftStorage (RaftStorage.java:format(72)) - Storage directory /workdir/hadoop-ozone/integration-test/target/test-dir/MiniOzoneClusterImpl-d2d06822-f460-4d8d-a87b-a517d879cb3f/datanode-0/data/ratis/fb2890fc-ee05-418f-8c3d-a7c4ccba1937 has been successfully formatted.
2019-09-27 09:19:07,863 [pool-307-thread-1] INFO  ratis.ContainerStateMachine (ContainerStateMachine.java:loadSnapshot(230)) - group-A7C4CCBA1937: The snapshot info is null. Setting the last applied indexto:(t:0, i:~)
2019-09-27 09:19:07,862 [pool-277-thread-1] INFO  ratis.ContainerStateMachine (ContainerStateMachine.java:loadSnapshot(230)) - group-A7C4CCBA1937: The snapshot info is null. Setting the last applied indexto:(t:0, i:~)
2019-09-27 09:19:07,863 [pool-307-thread-1] INFO  server.RaftServerConfigKeys (ConfUtils.java:logGet(43)) - raft.server.notification.no-leader.timeout = 120s (custom)
2019-09-27 09:19:07,863 [pool-267-thread-1] INFO  ratis.ContainerStateMachine (ContainerStateMachine.java:loadSnapshot(230)) - group-A7C4CCBA1937: The snapshot info is null. Setting the last applied indexto:(t:0, i:~)
2019-09-27 09:19:07,863 [pool-307-thread-1] INFO  server.RaftServerConfigKeys (ConfUtils.java:logGet(43)) - raft.server.log.use.memory = false (default)
2019-09-27 09:19:07,863 [pool-277-thread-1] INFO  server.RaftServerConfigKeys (ConfUtils.java:logGet(43)) - raft.server.notification.no-leader.timeout = 120s (custom)
2019-09-27 09:19:07,864 [pool-307-thread-1] INFO  server.RaftServerConfigKeys (ConfUtils.java:logGet(43)) - raft.server.log.purge.gap = 1000000 (custom)
2019-09-27 09:19:07,863 [pool-267-thread-1] INFO  server.RaftServerConfigKeys (ConfUtils.java:logGet(43)) - raft.server.notification.no-leader.timeout = 120s (custom)
2019-09-27 09:19:07,864 [pool-307-thread-1] INFO  server.RaftServerConfigKeys (ConfUtils.java:logGet(43)) - raft.server.log.appender.buffer.byte-limit = 33554432 (custom)
2019-09-27 09:19:07,864 [pool-307-thread-1] INFO  server.RaftServerConfigKeys (ConfUtils.java:logGet(43)) - raft.server.log.segment.size.max = 1048576 (custom)
2019-09-27 09:19:07,864 [pool-277-thread-1] INFO  server.RaftServerConfigKeys (ConfUtils.java:logGet(43)) - raft.server.log.use.memory = false (default)
2019-09-27 09:19:07,864 [pool-307-thread-1] INFO  server.RaftServerConfigKeys (ConfUtils.java:logGet(43)) - raft.server.log.segment.cache.num.max = 2 (custom)
2019-09-27 09:19:07,865 [pool-307-thread-1] INFO  segmented.SegmentedRaftLogWorker (SegmentedRaftLogWorker.java:<init>(172)) - new 2c6b07a0-dd20-4844-842b-efa553872a87@group-A7C4CCBA1937-SegmentedRaftLogWorker for RaftStorage:Storage Directory /workdir/hadoop-ozone/integration-test/target/test-dir/MiniOzoneClusterImpl-d2d06822-f460-4d8d-a87b-a517d879cb3f/datanode-4/data/ratis/fb2890fc-ee05-418f-8c3d-a7c4ccba1937
2019-09-27 09:19:07,864 [pool-267-thread-1] INFO  server.RaftServerConfigKeys (ConfUtils.java:logGet(43)) - raft.server.log.use.memory = false (default)
2019-09-27 09:19:07,865 [pool-307-thread-1] INFO  server.RaftServerConfigKeys (ConfUtils.java:logGet(43)) - raft.server.log.queue.byte-limit = 2147483647 (custom)
2019-09-27 09:19:07,865 [pool-307-thread-1] INFO  server.RaftServerConfigKeys (ConfUtils.java:logGet(43)) - raft.server.log.queue.element-limit = 1024 (custom)
2019-09-27 09:19:07,864 [pool-277-thread-1] INFO  server.RaftServerConfigKeys (ConfUtils.java:logGet(43)) - raft.server.log.purge.gap = 1000000 (custom)
2019-09-27 09:19:07,865 [pool-307-thread-1] INFO  server.RaftServerConfigKeys (ConfUtils.java:logGet(43)) - raft.server.log.segment.size.max = 1048576 (custom)
2019-09-27 09:19:07,865 [pool-267-thread-1] INFO  server.RaftServerConfigKeys (ConfUtils.java:logGet(43)) - raft.server.log.purge.gap = 1000000 (custom)
2019-09-27 09:19:07,866 [pool-307-thread-1] INFO  server.RaftServerConfigKeys (ConfUtils.java:logGet(43)) - raft.server.log.preallocated.size = 16384 (custom)
2019-09-27 09:19:07,865 [pool-277-thread-1] INFO  server.RaftServerConfigKeys (ConfUtils.java:logGet(43)) - raft.server.log.appender.buffer.byte-limit = 33554432 (custom)
2019-09-27 09:19:07,866 [pool-307-thread-1] INFO  server.RaftServerConfigKeys (ConfUtils.java:logGet(43)) - raft.server.log.write.buffer.size = 33554432 (custom)
2019-09-27 09:19:07,866 [pool-267-thread-1] INFO  server.RaftServerConfigKeys (ConfUtils.java:logGet(43)) - raft.server.log.appender.buffer.byte-limit = 33554432 (custom)
2019-09-27 09:19:07,866 [pool-307-thread-1] INFO  server.RaftServerConfigKeys (ConfUtils.java:logGet(43)) - raft.server.log.force.sync.num = 128 (default)
2019-09-27 09:19:07,867 [pool-307-thread-1] INFO  server.RaftServerConfigKeys (ConfUtils.java:logGet(43)) - raft.server.log.statemachine.data.sync = true (default)
2019-09-27 09:19:07,866 [pool-277-thread-1] INFO  server.RaftServerConfigKeys (ConfUtils.java:logGet(43)) - raft.server.log.segment.size.max = 1048576 (custom)
2019-09-27 09:19:07,867 [pool-307-thread-1] INFO  server.RaftServerConfigKeys (ConfUtils.java:logGet(43)) - raft.server.log.statemachine.data.sync.timeout = 10s (default)
2019-09-27 09:19:07,866 [pool-267-thread-1] INFO  server.RaftServerConfigKeys (ConfUtils.java:logGet(43)) - raft.server.log.segment.size.max = 1048576 (custom)
2019-09-27 09:19:07,867 [pool-307-thread-1] INFO  server.RaftServerConfigKeys (ConfUtils.java:logGet(43)) - raft.server.log.statemachine.data.sync.timeout.retry = -1 (default)
2019-09-27 09:19:07,867 [pool-277-thread-1] INFO  server.RaftServerConfigKeys (ConfUtils.java:logGet(43)) - raft.server.log.segment.cache.num.max = 2 (custom)
2019-09-27 09:19:07,867 [pool-307-thread-1] INFO  server.RaftServerConfigKeys (ConfUtils.java:logGet(43)) - raft.server.log.statemachine.data.caching.enabled = true (custom)
2019-09-27 09:19:07,867 [pool-267-thread-1] INFO  server.RaftServerConfigKeys (ConfUtils.java:logGet(43)) - raft.server.log.segment.cache.num.max = 2 (custom)
2019-09-27 09:19:07,868 [pool-277-thread-1] INFO  segmented.SegmentedRaftLogWorker (SegmentedRaftLogWorker.java:<init>(172)) - new 3336feff-37d1-4141-b1ec-acdf5527e46c@group-A7C4CCBA1937-SegmentedRaftLogWorker for RaftStorage:Storage Directory /workdir/hadoop-ozone/integration-test/target/test-dir/MiniOzoneClusterImpl-d2d06822-f460-4d8d-a87b-a517d879cb3f/datanode-1/data/ratis/fb2890fc-ee05-418f-8c3d-a7c4ccba1937
2019-09-27 09:19:07,868 [pool-307-thread-1] INFO  segmented.SegmentedRaftLogWorker (SegmentedRaftLogWorker.java:lambda$new$0(132)) - 2c6b07a0-dd20-4844-842b-efa553872a87@group-A7C4CCBA1937-SegmentedRaftLogWorker: flushIndex: setUnconditionally 0 -> -1
2019-09-27 09:19:07,868 [pool-267-thread-1] INFO  segmented.SegmentedRaftLogWorker (SegmentedRaftLogWorker.java:<init>(172)) - new 82c6079f-0caa-41c9-82d7-90e7306895b1@group-A7C4CCBA1937-SegmentedRaftLogWorker for RaftStorage:Storage Directory /workdir/hadoop-ozone/integration-test/target/test-dir/MiniOzoneClusterImpl-d2d06822-f460-4d8d-a87b-a517d879cb3f/datanode-0/data/ratis/fb2890fc-ee05-418f-8c3d-a7c4ccba1937
2019-09-27 09:19:07,868 [pool-277-thread-1] INFO  server.RaftServerConfigKeys (ConfUtils.java:logGet(43)) - raft.server.log.queue.byte-limit = 2147483647 (custom)
2019-09-27 09:19:07,868 [pool-307-thread-1] INFO  server.RaftServerConfigKeys (ConfUtils.java:logGet(43)) - raft.server.snapshot.auto.trigger.enabled = true (custom)
2019-09-27 09:19:07,868 [pool-267-thread-1] INFO  server.RaftServerConfigKeys (ConfUtils.java:logGet(43)) - raft.server.log.queue.byte-limit = 2147483647 (custom)
2019-09-27 09:19:07,869 [pool-307-thread-1] INFO  server.RaftServerConfigKeys (ConfUtils.java:logGet(43)) - raft.server.snapshot.auto.trigger.threshold = 10000 (custom)
2019-09-27 09:19:07,869 [pool-307-thread-1] INFO  server.RaftServerConfigKeys (ConfUtils.java:logGet(43)) - raft.server.snapshot.retention.num.files = 5 (custom)
2019-09-27 09:19:07,868 [pool-277-thread-1] INFO  server.RaftServerConfigKeys (ConfUtils.java:logGet(43)) - raft.server.log.queue.element-limit = 1024 (custom)
2019-09-27 09:19:07,869 [pool-307-thread-1] INFO  server.RaftServerConfigKeys (ConfUtils.java:logGet(43)) - raft.server.retrycache.expirytime = 600000ms (custom)
2019-09-27 09:19:07,869 [pool-267-thread-1] INFO  server.RaftServerConfigKeys (ConfUtils.java:logGet(43)) - raft.server.log.queue.element-limit = 1024 (custom)
2019-09-27 09:19:07,869 [pool-277-thread-1] INFO  server.RaftServerConfigKeys (ConfUtils.java:logGet(43)) - raft.server.log.segment.size.max = 1048576 (custom)
2019-09-27 09:19:07,869 [pool-267-thread-1] INFO  server.RaftServerConfigKeys (ConfUtils.java:logGet(43)) - raft.server.log.segment.size.max = 1048576 (custom)
2019-09-27 09:19:07,870 [pool-277-thread-1] INFO  server.RaftServerConfigKeys (ConfUtils.java:logGet(43)) - raft.server.log.preallocated.size = 16384 (custom)
2019-09-27 09:19:07,870 [pool-267-thread-1] INFO  server.RaftServerConfigKeys (ConfUtils.java:logGet(43)) - raft.server.log.preallocated.size = 16384 (custom)
2019-09-27 09:19:07,870 [pool-277-thread-1] INFO  server.RaftServerConfigKeys (ConfUtils.java:logGet(43)) - raft.server.log.write.buffer.size = 33554432 (custom)
2019-09-27 09:19:07,870 [pool-267-thread-1] INFO  server.RaftServerConfigKeys (ConfUtils.java:logGet(43)) - raft.server.log.write.buffer.size = 33554432 (custom)
2019-09-27 09:19:07,870 [pool-277-thread-1] INFO  server.RaftServerConfigKeys (ConfUtils.java:logGet(43)) - raft.server.log.force.sync.num = 128 (default)
2019-09-27 09:19:07,870 [pool-267-thread-1] INFO  server.RaftServerConfigKeys (ConfUtils.java:logGet(43)) - raft.server.log.force.sync.num = 128 (default)
2019-09-27 09:19:07,870 [pool-277-thread-1] INFO  server.RaftServerConfigKeys (ConfUtils.java:logGet(43)) - raft.server.log.statemachine.data.sync = true (default)
2019-09-27 09:19:07,871 [pool-267-thread-1] INFO  server.RaftServerConfigKeys (ConfUtils.java:logGet(43)) - raft.server.log.statemachine.data.sync = true (default)
2019-09-27 09:19:07,871 [pool-277-thread-1] INFO  server.RaftServerConfigKeys (ConfUtils.java:logGet(43)) - raft.server.log.statemachine.data.sync.timeout = 10s (default)
2019-09-27 09:19:07,871 [pool-267-thread-1] INFO  server.RaftServerConfigKeys (ConfUtils.java:logGet(43)) - raft.server.log.statemachine.data.sync.timeout = 10s (default)
2019-09-27 09:19:07,871 [pool-277-thread-1] INFO  server.RaftServerConfigKeys (ConfUtils.java:logGet(43)) - raft.server.log.statemachine.data.sync.timeout.retry = -1 (default)
2019-09-27 09:19:07,871 [pool-267-thread-1] INFO  server.RaftServerConfigKeys (ConfUtils.java:logGet(43)) - raft.server.log.statemachine.data.sync.timeout.retry = -1 (default)
2019-09-27 09:19:07,871 [pool-277-thread-1] INFO  server.RaftServerConfigKeys (ConfUtils.java:logGet(43)) - raft.server.log.statemachine.data.caching.enabled = true (custom)
2019-09-27 09:19:07,871 [pool-267-thread-1] INFO  server.RaftServerConfigKeys (ConfUtils.java:logGet(43)) - raft.server.log.statemachine.data.caching.enabled = true (custom)
2019-09-27 09:19:07,871 [pool-307-thread-1] INFO  impl.RaftServerImpl (RaftServerImpl.java:start(185)) - 2c6b07a0-dd20-4844-842b-efa553872a87@group-A7C4CCBA1937: start as a follower, conf=-1: [2c6b07a0-dd20-4844-842b-efa553872a87:192.168.151.103:35871, 82c6079f-0caa-41c9-82d7-90e7306895b1:192.168.151.103:43165, 3336feff-37d1-4141-b1ec-acdf5527e46c:192.168.151.103:37464], old=null
2019-09-27 09:19:07,872 [pool-267-thread-1] INFO  segmented.SegmentedRaftLogWorker (SegmentedRaftLogWorker.java:lambda$new$0(132)) - 82c6079f-0caa-41c9-82d7-90e7306895b1@group-A7C4CCBA1937-SegmentedRaftLogWorker: flushIndex: setUnconditionally 0 -> -1
2019-09-27 09:19:07,872 [pool-277-thread-1] INFO  segmented.SegmentedRaftLogWorker (SegmentedRaftLogWorker.java:lambda$new$0(132)) - 3336feff-37d1-4141-b1ec-acdf5527e46c@group-A7C4CCBA1937-SegmentedRaftLogWorker: flushIndex: setUnconditionally 0 -> -1
2019-09-27 09:19:07,872 [pool-307-thread-1] INFO  impl.RaftServerImpl (RaftServerImpl.java:setRole(174)) - 2c6b07a0-dd20-4844-842b-efa553872a87@group-A7C4CCBA1937: changes role from      null to FOLLOWER at term 0 for startAsFollower
2019-09-27 09:19:07,872 [pool-267-thread-1] INFO  server.RaftServerConfigKeys (ConfUtils.java:logGet(43)) - raft.server.snapshot.auto.trigger.enabled = true (custom)
2019-09-27 09:19:07,872 [pool-307-thread-1] INFO  impl.RoleInfo (RoleInfo.java:updateAndGet(143)) - 2c6b07a0-dd20-4844-842b-efa553872a87: start FollowerState
2019-09-27 09:19:07,872 [pool-277-thread-1] INFO  server.RaftServerConfigKeys (ConfUtils.java:logGet(43)) - raft.server.snapshot.auto.trigger.enabled = true (custom)
2019-09-27 09:19:07,872 [pool-267-thread-1] INFO  server.RaftServerConfigKeys (ConfUtils.java:logGet(43)) - raft.server.snapshot.auto.trigger.threshold = 10000 (custom)
2019-09-27 09:19:07,873 [pool-277-thread-1] INFO  server.RaftServerConfigKeys (ConfUtils.java:logGet(43)) - raft.server.snapshot.auto.trigger.threshold = 10000 (custom)
2019-09-27 09:19:07,873 [pool-307-thread-1] INFO  util.JmxRegister (JmxRegister.java:tryRegister(44)) - Successfully registered JMX Bean with object name Ratis:service=RaftServer,group=group-A7C4CCBA1937,id=2c6b07a0-dd20-4844-842b-efa553872a87
2019-09-27 09:19:07,873 [pool-267-thread-1] INFO  server.RaftServerConfigKeys (ConfUtils.java:logGet(43)) - raft.server.snapshot.retention.num.files = 5 (custom)
2019-09-27 09:19:07,873 [pool-277-thread-1] INFO  server.RaftServerConfigKeys (ConfUtils.java:logGet(43)) - raft.server.snapshot.retention.num.files = 5 (custom)
2019-09-27 09:19:07,873 [pool-267-thread-1] INFO  server.RaftServerConfigKeys (ConfUtils.java:logGet(43)) - raft.server.retrycache.expirytime = 600000ms (custom)
2019-09-27 09:19:07,873 [pool-277-thread-1] INFO  server.RaftServerConfigKeys (ConfUtils.java:logGet(43)) - raft.server.retrycache.expirytime = 600000ms (custom)
2019-09-27 09:19:07,880 [pool-267-thread-1] INFO  impl.RaftServerImpl (RaftServerImpl.java:start(185)) - 82c6079f-0caa-41c9-82d7-90e7306895b1@group-A7C4CCBA1937: start as a follower, conf=-1: [2c6b07a0-dd20-4844-842b-efa553872a87:192.168.151.103:35871, 82c6079f-0caa-41c9-82d7-90e7306895b1:192.168.151.103:43165, 3336feff-37d1-4141-b1ec-acdf5527e46c:192.168.151.103:37464], old=null
2019-09-27 09:19:07,880 [pool-267-thread-1] INFO  impl.RaftServerImpl (RaftServerImpl.java:setRole(174)) - 82c6079f-0caa-41c9-82d7-90e7306895b1@group-A7C4CCBA1937: changes role from      null to FOLLOWER at term 0 for startAsFollower
2019-09-27 09:19:07,880 [pool-277-thread-1] INFO  impl.RaftServerImpl (RaftServerImpl.java:start(185)) - 3336feff-37d1-4141-b1ec-acdf5527e46c@group-A7C4CCBA1937: start as a follower, conf=-1: [2c6b07a0-dd20-4844-842b-efa553872a87:192.168.151.103:35871, 82c6079f-0caa-41c9-82d7-90e7306895b1:192.168.151.103:43165, 3336feff-37d1-4141-b1ec-acdf5527e46c:192.168.151.103:37464], old=null
2019-09-27 09:19:07,880 [pool-267-thread-1] INFO  impl.RoleInfo (RoleInfo.java:updateAndGet(143)) - 82c6079f-0caa-41c9-82d7-90e7306895b1: start FollowerState
2019-09-27 09:19:07,880 [pool-277-thread-1] INFO  impl.RaftServerImpl (RaftServerImpl.java:setRole(174)) - 3336feff-37d1-4141-b1ec-acdf5527e46c@group-A7C4CCBA1937: changes role from      null to FOLLOWER at term 0 for startAsFollower
2019-09-27 09:19:07,881 [pool-277-thread-1] INFO  impl.RoleInfo (RoleInfo.java:updateAndGet(143)) - 3336feff-37d1-4141-b1ec-acdf5527e46c: start FollowerState
2019-09-27 09:19:07,881 [pool-267-thread-1] INFO  util.JmxRegister (JmxRegister.java:tryRegister(44)) - Successfully registered JMX Bean with object name Ratis:service=RaftServer,group=group-A7C4CCBA1937,id=82c6079f-0caa-41c9-82d7-90e7306895b1
2019-09-27 09:19:07,881 [pool-277-thread-1] INFO  util.JmxRegister (JmxRegister.java:tryRegister(44)) - Successfully registered JMX Bean with object name Ratis:service=RaftServer,group=group-A7C4CCBA1937,id=3336feff-37d1-4141-b1ec-acdf5527e46c
2019-09-27 09:19:07,890 [IPC Server handler 12 on 39919] INFO  net.NetworkTopology (NetworkTopologyImpl.java:add(111)) - Added a new node: /rack1/925a8c9e-5dc9-440e-8840-ce0b2559d856
2019-09-27 09:19:07,890 [IPC Server handler 12 on 39919] INFO  node.SCMNodeManager (SCMNodeManager.java:register(266)) - Registered Data node : 925a8c9e-5dc9-440e-8840-ce0b2559d856{ip: 192.168.151.103, host: pr-hdds2162-4fxhj-20988671, networkLocation: /rack1, certSerialId: null}
2019-09-27 09:19:07,890 [RatisPipelineUtilsThread] INFO  pipeline.PipelineStateManager (PipelineStateManager.java:addPipeline(56)) - Created pipeline Pipeline[ Id: fb2890fc-ee05-418f-8c3d-a7c4ccba1937, Nodes: 3336feff-37d1-4141-b1ec-acdf5527e46c{ip: 192.168.151.103, host: pr-hdds2162-4fxhj-20988671, networkLocation: /rack1, certSerialId: null}2c6b07a0-dd20-4844-842b-efa553872a87{ip: 192.168.151.103, host: pr-hdds2162-4fxhj-20988671, networkLocation: /rack1, certSerialId: null}82c6079f-0caa-41c9-82d7-90e7306895b1{ip: 192.168.151.103, host: pr-hdds2162-4fxhj-20988671, networkLocation: /rack1, certSerialId: null}, Type:RATIS, Factor:THREE, State:OPEN]
2019-09-27 09:19:07,913 [grpc-default-executor-0] INFO  impl.RaftServerProxy (RaftServerProxy.java:addNew(89)) - fcc5478b-f5e9-4e5e-96f6-5f78dfdfa2b6: addNew group-F886798AFECD:[5b10fcef-bcb8-4685-875f-8e79f20d296a:192.168.151.103:45629, fcc5478b-f5e9-4e5e-96f6-5f78dfdfa2b6:192.168.151.103:37708, 925a8c9e-5dc9-440e-8840-ce0b2559d856:192.168.151.103:40542] returns group-F886798AFECD:java.util.concurrent.CompletableFuture@47167e3b[Not completed]
2019-09-27 09:19:07,913 [grpc-default-executor-1] INFO  impl.RaftServerProxy (RaftServerProxy.java:addNew(89)) - 925a8c9e-5dc9-440e-8840-ce0b2559d856: addNew group-F886798AFECD:[5b10fcef-bcb8-4685-875f-8e79f20d296a:192.168.151.103:45629, fcc5478b-f5e9-4e5e-96f6-5f78dfdfa2b6:192.168.151.103:37708, 925a8c9e-5dc9-440e-8840-ce0b2559d856:192.168.151.103:40542] returns group-F886798AFECD:java.util.concurrent.CompletableFuture@d129b34[Not completed]
2019-09-27 09:19:07,916 [grpc-default-executor-1] INFO  impl.RaftServerProxy (RaftServerProxy.java:addNew(89)) - 5b10fcef-bcb8-4685-875f-8e79f20d296a: addNew group-F886798AFECD:[5b10fcef-bcb8-4685-875f-8e79f20d296a:192.168.151.103:45629, fcc5478b-f5e9-4e5e-96f6-5f78dfdfa2b6:192.168.151.103:37708, 925a8c9e-5dc9-440e-8840-ce0b2559d856:192.168.151.103:40542] returns group-F886798AFECD:java.util.concurrent.CompletableFuture@12eb77ab[Not completed]
2019-09-27 09:19:07,916 [pool-297-thread-1] INFO  impl.RaftServerImpl (RaftServerImpl.java:<init>(95)) - fcc5478b-f5e9-4e5e-96f6-5f78dfdfa2b6: new RaftServerImpl for group-F886798AFECD:[5b10fcef-bcb8-4685-875f-8e79f20d296a:192.168.151.103:45629, fcc5478b-f5e9-4e5e-96f6-5f78dfdfa2b6:192.168.151.103:37708, 925a8c9e-5dc9-440e-8840-ce0b2559d856:192.168.151.103:40542] with ContainerStateMachine:uninitialized
2019-09-27 09:19:07,917 [pool-297-thread-1] INFO  server.RaftServerConfigKeys (ConfUtils.java:logGet(43)) - raft.server.rpc.timeout.min = 1s (custom)
2019-09-27 09:19:07,917 [pool-287-thread-1] INFO  impl.RaftServerImpl (RaftServerImpl.java:<init>(95)) - 5b10fcef-bcb8-4685-875f-8e79f20d296a: new RaftServerImpl for group-F886798AFECD:[5b10fcef-bcb8-4685-875f-8e79f20d296a:192.168.151.103:45629, fcc5478b-f5e9-4e5e-96f6-5f78dfdfa2b6:192.168.151.103:37708, 925a8c9e-5dc9-440e-8840-ce0b2559d856:192.168.151.103:40542] with ContainerStateMachine:uninitialized
2019-09-27 09:19:07,917 [pool-297-thread-1] INFO  server.RaftServerConfigKeys (ConfUtils.java:logGet(43)) - raft.server.rpc.timeout.max = 1200ms (custom)
2019-09-27 09:19:07,917 [pool-287-thread-1] INFO  server.RaftServerConfigKeys (ConfUtils.java:logGet(43)) - raft.server.rpc.timeout.min = 1s (custom)
2019-09-27 09:19:07,917 [pool-297-thread-1] INFO  server.RaftServerConfigKeys (ConfUtils.java:logGet(43)) - raft.server.rpcslowness.timeout = 120s (custom)
2019-09-27 09:19:07,917 [pool-287-thread-1] INFO  server.RaftServerConfigKeys (ConfUtils.java:logGet(43)) - raft.server.rpc.timeout.max = 1200ms (custom)
2019-09-27 09:19:07,917 [pool-297-thread-1] INFO  server.RaftServerConfigKeys (ConfUtils.java:logGet(43)) - raft.server.sleep.deviation.threshold = 300 (default)
2019-09-27 09:19:07,917 [pool-327-thread-1] INFO  impl.RaftServerImpl (RaftServerImpl.java:<init>(95)) - 925a8c9e-5dc9-440e-8840-ce0b2559d856: new RaftServerImpl for group-F886798AFECD:[5b10fcef-bcb8-4685-875f-8e79f20d296a:192.168.151.103:45629, fcc5478b-f5e9-4e5e-96f6-5f78dfdfa2b6:192.168.151.103:37708, 925a8c9e-5dc9-440e-8840-ce0b2559d856:192.168.151.103:40542] with ContainerStateMachine:uninitialized
2019-09-27 09:19:07,917 [pool-287-thread-1] INFO  server.RaftServerConfigKeys (ConfUtils.java:logGet(43)) - raft.server.rpcslowness.timeout = 120s (custom)
2019-09-27 09:19:07,917 [pool-327-thread-1] INFO  server.RaftServerConfigKeys (ConfUtils.java:logGet(43)) - raft.server.rpc.timeout.min = 1s (custom)
2019-09-27 09:19:07,917 [pool-297-thread-1] INFO  server.RaftServerConfigKeys (ConfUtils.java:logGet(43)) - raft.server.log.appender.install.snapshot.enabled = false (custom)
2019-09-27 09:19:07,918 [pool-327-thread-1] INFO  server.RaftServerConfigKeys (ConfUtils.java:logGet(43)) - raft.server.rpc.timeout.max = 1200ms (custom)
2019-09-27 09:19:07,917 [pool-287-thread-1] INFO  server.RaftServerConfigKeys (ConfUtils.java:logGet(43)) - raft.server.sleep.deviation.threshold = 300 (default)
2019-09-27 09:19:07,918 [pool-327-thread-1] INFO  server.RaftServerConfigKeys (ConfUtils.java:logGet(43)) - raft.server.rpcslowness.timeout = 120s (custom)
2019-09-27 09:19:07,918 [pool-297-thread-1] INFO  impl.RaftServerImpl (ServerState.java:<init>(103)) - fcc5478b-f5e9-4e5e-96f6-5f78dfdfa2b6@group-F886798AFECD: ConfigurationManager, init=-1: [5b10fcef-bcb8-4685-875f-8e79f20d296a:192.168.151.103:45629, fcc5478b-f5e9-4e5e-96f6-5f78dfdfa2b6:192.168.151.103:37708, 925a8c9e-5dc9-440e-8840-ce0b2559d856:192.168.151.103:40542], old=null, confs=<EMPTY_MAP>
2019-09-27 09:19:07,918 [pool-327-thread-1] INFO  server.RaftServerConfigKeys (ConfUtils.java:logGet(43)) - raft.server.sleep.deviation.threshold = 300 (default)
2019-09-27 09:19:07,918 [pool-287-thread-1] INFO  server.RaftServerConfigKeys (ConfUtils.java:logGet(43)) - raft.server.log.appender.install.snapshot.enabled = false (custom)
2019-09-27 09:19:07,918 [pool-327-thread-1] INFO  server.RaftServerConfigKeys (ConfUtils.java:logGet(43)) - raft.server.log.appender.install.snapshot.enabled = false (custom)
2019-09-27 09:19:07,918 [pool-297-thread-1] INFO  server.RaftServerConfigKeys (ConfUtils.java:logGet(43)) - raft.server.storage.dir = [/workdir/hadoop-ozone/integration-test/target/test-dir/MiniOzoneClusterImpl-d2d06822-f460-4d8d-a87b-a517d879cb3f/datanode-3/data/ratis] (custom)
2019-09-27 09:19:07,918 [pool-327-thread-1] INFO  impl.RaftServerImpl (ServerState.java:<init>(103)) - 925a8c9e-5dc9-440e-8840-ce0b2559d856@group-F886798AFECD: ConfigurationManager, init=-1: [5b10fcef-bcb8-4685-875f-8e79f20d296a:192.168.151.103:45629, fcc5478b-f5e9-4e5e-96f6-5f78dfdfa2b6:192.168.151.103:37708, 925a8c9e-5dc9-440e-8840-ce0b2559d856:192.168.151.103:40542], old=null, confs=<EMPTY_MAP>
2019-09-27 09:19:07,918 [pool-287-thread-1] INFO  impl.RaftServerImpl (ServerState.java:<init>(103)) - 5b10fcef-bcb8-4685-875f-8e79f20d296a@group-F886798AFECD: ConfigurationManager, init=-1: [5b10fcef-bcb8-4685-875f-8e79f20d296a:192.168.151.103:45629, fcc5478b-f5e9-4e5e-96f6-5f78dfdfa2b6:192.168.151.103:37708, 925a8c9e-5dc9-440e-8840-ce0b2559d856:192.168.151.103:40542], old=null, confs=<EMPTY_MAP>
2019-09-27 09:19:07,919 [pool-327-thread-1] INFO  server.RaftServerConfigKeys (ConfUtils.java:logGet(43)) - raft.server.storage.dir = [/workdir/hadoop-ozone/integration-test/target/test-dir/MiniOzoneClusterImpl-d2d06822-f460-4d8d-a87b-a517d879cb3f/datanode-6/data/ratis] (custom)
2019-09-27 09:19:07,919 [pool-297-thread-1] INFO  storage.RaftStorageDirectory (RaftStorageDirectory.java:analyzeStorage(246)) - The storage directory /workdir/hadoop-ozone/integration-test/target/test-dir/MiniOzoneClusterImpl-d2d06822-f460-4d8d-a87b-a517d879cb3f/datanode-3/data/ratis/ce0abe58-bb14-4a7d-9dcf-f886798afecd does not exist. Creating ...
2019-09-27 09:19:07,919 [pool-287-thread-1] INFO  server.RaftServerConfigKeys (ConfUtils.java:logGet(43)) - raft.server.storage.dir = [/workdir/hadoop-ozone/integration-test/target/test-dir/MiniOzoneClusterImpl-d2d06822-f460-4d8d-a87b-a517d879cb3f/datanode-2/data/ratis] (custom)
2019-09-27 09:19:07,919 [pool-327-thread-1] INFO  storage.RaftStorageDirectory (RaftStorageDirectory.java:analyzeStorage(246)) - The storage directory /workdir/hadoop-ozone/integration-test/target/test-dir/MiniOzoneClusterImpl-d2d06822-f460-4d8d-a87b-a517d879cb3f/datanode-6/data/ratis/ce0abe58-bb14-4a7d-9dcf-f886798afecd does not exist. Creating ...
2019-09-27 09:19:07,919 [pool-287-thread-1] INFO  storage.RaftStorageDirectory (RaftStorageDirectory.java:analyzeStorage(246)) - The storage directory /workdir/hadoop-ozone/integration-test/target/test-dir/MiniOzoneClusterImpl-d2d06822-f460-4d8d-a87b-a517d879cb3f/datanode-2/data/ratis/ce0abe58-bb14-4a7d-9dcf-f886798afecd does not exist. Creating ...
2019-09-27 09:19:07,932 [pool-327-thread-1] INFO  storage.RaftStorageDirectory (RaftStorageDirectory.java:tryLock(328)) - Lock on /workdir/hadoop-ozone/integration-test/target/test-dir/MiniOzoneClusterImpl-d2d06822-f460-4d8d-a87b-a517d879cb3f/datanode-6/data/ratis/ce0abe58-bb14-4a7d-9dcf-f886798afecd/in_use.lock acquired by nodename 29571@pr-hdds2162-4fxhj-20988671
2019-09-27 09:19:07,932 [pool-297-thread-1] INFO  storage.RaftStorageDirectory (RaftStorageDirectory.java:tryLock(328)) - Lock on /workdir/hadoop-ozone/integration-test/target/test-dir/MiniOzoneClusterImpl-d2d06822-f460-4d8d-a87b-a517d879cb3f/datanode-3/data/ratis/ce0abe58-bb14-4a7d-9dcf-f886798afecd/in_use.lock acquired by nodename 29571@pr-hdds2162-4fxhj-20988671
2019-09-27 09:19:07,932 [pool-287-thread-1] INFO  storage.RaftStorageDirectory (RaftStorageDirectory.java:tryLock(328)) - Lock on /workdir/hadoop-ozone/integration-test/target/test-dir/MiniOzoneClusterImpl-d2d06822-f460-4d8d-a87b-a517d879cb3f/datanode-2/data/ratis/ce0abe58-bb14-4a7d-9dcf-f886798afecd/in_use.lock acquired by nodename 29571@pr-hdds2162-4fxhj-20988671
2019-09-27 09:19:07,946 [pool-297-thread-1] INFO  storage.RaftStorage (RaftStorage.java:format(72)) - Storage directory /workdir/hadoop-ozone/integration-test/target/test-dir/MiniOzoneClusterImpl-d2d06822-f460-4d8d-a87b-a517d879cb3f/datanode-3/data/ratis/ce0abe58-bb14-4a7d-9dcf-f886798afecd has been successfully formatted.
2019-09-27 09:19:07,946 [pool-287-thread-1] INFO  storage.RaftStorage (RaftStorage.java:format(72)) - Storage directory /workdir/hadoop-ozone/integration-test/target/test-dir/MiniOzoneClusterImpl-d2d06822-f460-4d8d-a87b-a517d879cb3f/datanode-2/data/ratis/ce0abe58-bb14-4a7d-9dcf-f886798afecd has been successfully formatted.
2019-09-27 09:19:07,946 [pool-327-thread-1] INFO  storage.RaftStorage (RaftStorage.java:format(72)) - Storage directory /workdir/hadoop-ozone/integration-test/target/test-dir/MiniOzoneClusterImpl-d2d06822-f460-4d8d-a87b-a517d879cb3f/datanode-6/data/ratis/ce0abe58-bb14-4a7d-9dcf-f886798afecd has been successfully formatted.
2019-09-27 09:19:07,946 [pool-287-thread-1] INFO  ratis.ContainerStateMachine (ContainerStateMachine.java:loadSnapshot(230)) - group-F886798AFECD: The snapshot info is null. Setting the last applied indexto:(t:0, i:~)
2019-09-27 09:19:07,946 [pool-297-thread-1] INFO  ratis.ContainerStateMachine (ContainerStateMachine.java:loadSnapshot(230)) - group-F886798AFECD: The snapshot info is null. Setting the last applied indexto:(t:0, i:~)
2019-09-27 09:19:07,946 [pool-287-thread-1] INFO  server.RaftServerConfigKeys (ConfUtils.java:logGet(43)) - raft.server.notification.no-leader.timeout = 120s (custom)
2019-09-27 09:19:07,946 [pool-327-thread-1] INFO  ratis.ContainerStateMachine (ContainerStateMachine.java:loadSnapshot(230)) - group-F886798AFECD: The snapshot info is null. Setting the last applied indexto:(t:0, i:~)
2019-09-27 09:19:07,946 [pool-287-thread-1] INFO  server.RaftServerConfigKeys (ConfUtils.java:logGet(43)) - raft.server.log.use.memory = false (default)
2019-09-27 09:19:07,946 [pool-297-thread-1] INFO  server.RaftServerConfigKeys (ConfUtils.java:logGet(43)) - raft.server.notification.no-leader.timeout = 120s (custom)
2019-09-27 09:19:07,947 [pool-287-thread-1] INFO  server.RaftServerConfigKeys (ConfUtils.java:logGet(43)) - raft.server.log.purge.gap = 1000000 (custom)
2019-09-27 09:19:07,947 [pool-327-thread-1] INFO  server.RaftServerConfigKeys (ConfUtils.java:logGet(43)) - raft.server.notification.no-leader.timeout = 120s (custom)
2019-09-27 09:19:07,947 [pool-287-thread-1] INFO  server.RaftServerConfigKeys (ConfUtils.java:logGet(43)) - raft.server.log.appender.buffer.byte-limit = 33554432 (custom)
2019-09-27 09:19:07,947 [pool-287-thread-1] INFO  server.RaftServerConfigKeys (ConfUtils.java:logGet(43)) - raft.server.log.segment.size.max = 1048576 (custom)
2019-09-27 09:19:07,947 [pool-297-thread-1] INFO  server.RaftServerConfigKeys (ConfUtils.java:logGet(43)) - raft.server.log.use.memory = false (default)
2019-09-27 09:19:07,947 [pool-287-thread-1] INFO  server.RaftServerConfigKeys (ConfUtils.java:logGet(43)) - raft.server.log.segment.cache.num.max = 2 (custom)
2019-09-27 09:19:07,947 [pool-327-thread-1] INFO  server.RaftServerConfigKeys (ConfUtils.java:logGet(43)) - raft.server.log.use.memory = false (default)
2019-09-27 09:19:07,948 [pool-287-thread-1] INFO  segmented.SegmentedRaftLogWorker (SegmentedRaftLogWorker.java:<init>(172)) - new 5b10fcef-bcb8-4685-875f-8e79f20d296a@group-F886798AFECD-SegmentedRaftLogWorker for RaftStorage:Storage Directory /workdir/hadoop-ozone/integration-test/target/test-dir/MiniOzoneClusterImpl-d2d06822-f460-4d8d-a87b-a517d879cb3f/datanode-2/data/ratis/ce0abe58-bb14-4a7d-9dcf-f886798afecd
2019-09-27 09:19:07,947 [pool-297-thread-1] INFO  server.RaftServerConfigKeys (ConfUtils.java:logGet(43)) - raft.server.log.purge.gap = 1000000 (custom)
2019-09-27 09:19:07,948 [pool-287-thread-1] INFO  server.RaftServerConfigKeys (ConfUtils.java:logGet(43)) - raft.server.log.queue.byte-limit = 2147483647 (custom)
2019-09-27 09:19:07,948 [pool-327-thread-1] INFO  server.RaftServerConfigKeys (ConfUtils.java:logGet(43)) - raft.server.log.purge.gap = 1000000 (custom)
2019-09-27 09:19:07,949 [IPC Server handler 1 on 39919] INFO  net.NetworkTopology (NetworkTopologyImpl.java:add(111)) - Added a new node: /rack1/7387e8c6-1a4e-4257-8943-3fffd176a0ab
2019-09-27 09:19:07,948 [pool-287-thread-1] INFO  server.RaftServerConfigKeys (ConfUtils.java:logGet(43)) - raft.server.log.queue.element-limit = 1024 (custom)
2019-09-27 09:19:07,948 [pool-297-thread-1] INFO  server.RaftServerConfigKeys (ConfUtils.java:logGet(43)) - raft.server.log.appender.buffer.byte-limit = 33554432 (custom)
2019-09-27 09:19:07,949 [pool-287-thread-1] INFO  server.RaftServerConfigKeys (ConfUtils.java:logGet(43)) - raft.server.log.segment.size.max = 1048576 (custom)
2019-09-27 09:19:07,949 [IPC Server handler 1 on 39919] INFO  node.SCMNodeManager (SCMNodeManager.java:register(266)) - Registered Data node : 7387e8c6-1a4e-4257-8943-3fffd176a0ab{ip: 192.168.151.103, host: pr-hdds2162-4fxhj-20988671, networkLocation: /rack1, certSerialId: null}
2019-09-27 09:19:07,949 [pool-327-thread-1] INFO  server.RaftServerConfigKeys (ConfUtils.java:logGet(43)) - raft.server.log.appender.buffer.byte-limit = 33554432 (custom)
2019-09-27 09:19:07,949 [pool-287-thread-1] INFO  server.RaftServerConfigKeys (ConfUtils.java:logGet(43)) - raft.server.log.preallocated.size = 16384 (custom)
2019-09-27 09:19:07,950 [pool-287-thread-1] INFO  server.RaftServerConfigKeys (ConfUtils.java:logGet(43)) - raft.server.log.write.buffer.size = 33554432 (custom)
2019-09-27 09:19:07,949 [pool-297-thread-1] INFO  server.RaftServerConfigKeys (ConfUtils.java:logGet(43)) - raft.server.log.segment.size.max = 1048576 (custom)
2019-09-27 09:19:07,950 [pool-287-thread-1] INFO  server.RaftServerConfigKeys (ConfUtils.java:logGet(43)) - raft.server.log.force.sync.num = 128 (default)
2019-09-27 09:19:07,950 [pool-327-thread-1] INFO  server.RaftServerConfigKeys (ConfUtils.java:logGet(43)) - raft.server.log.segment.size.max = 1048576 (custom)
2019-09-27 09:19:07,950 [pool-287-thread-1] INFO  server.RaftServerConfigKeys (ConfUtils.java:logGet(43)) - raft.server.log.statemachine.data.sync = true (default)
2019-09-27 09:19:07,950 [pool-297-thread-1] INFO  server.RaftServerConfigKeys (ConfUtils.java:logGet(43)) - raft.server.log.segment.cache.num.max = 2 (custom)
2019-09-27 09:19:07,951 [pool-287-thread-1] INFO  server.RaftServerConfigKeys (ConfUtils.java:logGet(43)) - raft.server.log.statemachine.data.sync.timeout = 10s (default)
2019-09-27 09:19:07,951 [pool-287-thread-1] INFO  server.RaftServerConfigKeys (ConfUtils.java:logGet(43)) - raft.server.log.statemachine.data.sync.timeout.retry = -1 (default)
2019-09-27 09:19:07,950 [pool-327-thread-1] INFO  server.RaftServerConfigKeys (ConfUtils.java:logGet(43)) - raft.server.log.segment.cache.num.max = 2 (custom)
2019-09-27 09:19:07,951 [pool-287-thread-1] INFO  server.RaftServerConfigKeys (ConfUtils.java:logGet(43)) - raft.server.log.statemachine.data.caching.enabled = true (custom)
2019-09-27 09:19:07,951 [pool-297-thread-1] INFO  segmented.SegmentedRaftLogWorker (SegmentedRaftLogWorker.java:<init>(172)) - new fcc5478b-f5e9-4e5e-96f6-5f78dfdfa2b6@group-F886798AFECD-SegmentedRaftLogWorker for RaftStorage:Storage Directory /workdir/hadoop-ozone/integration-test/target/test-dir/MiniOzoneClusterImpl-d2d06822-f460-4d8d-a87b-a517d879cb3f/datanode-3/data/ratis/ce0abe58-bb14-4a7d-9dcf-f886798afecd
2019-09-27 09:19:07,951 [pool-327-thread-1] INFO  segmented.SegmentedRaftLogWorker (SegmentedRaftLogWorker.java:<init>(172)) - new 925a8c9e-5dc9-440e-8840-ce0b2559d856@group-F886798AFECD-SegmentedRaftLogWorker for RaftStorage:Storage Directory /workdir/hadoop-ozone/integration-test/target/test-dir/MiniOzoneClusterImpl-d2d06822-f460-4d8d-a87b-a517d879cb3f/datanode-6/data/ratis/ce0abe58-bb14-4a7d-9dcf-f886798afecd
2019-09-27 09:19:07,952 [pool-297-thread-1] INFO  server.RaftServerConfigKeys (ConfUtils.java:logGet(43)) - raft.server.log.queue.byte-limit = 2147483647 (custom)
2019-09-27 09:19:07,952 [pool-287-thread-1] INFO  segmented.SegmentedRaftLogWorker (SegmentedRaftLogWorker.java:lambda$new$0(132)) - 5b10fcef-bcb8-4685-875f-8e79f20d296a@group-F886798AFECD-SegmentedRaftLogWorker: flushIndex: setUnconditionally 0 -> -1
2019-09-27 09:19:07,952 [pool-297-thread-1] INFO  server.RaftServerConfigKeys (ConfUtils.java:logGet(43)) - raft.server.log.queue.element-limit = 1024 (custom)
2019-09-27 09:19:07,952 [pool-297-thread-1] INFO  server.RaftServerConfigKeys (ConfUtils.java:logGet(43)) - raft.server.log.segment.size.max = 1048576 (custom)
2019-09-27 09:19:07,952 [pool-297-thread-1] INFO  server.RaftServerConfigKeys (ConfUtils.java:logGet(43)) - raft.server.log.preallocated.size = 16384 (custom)
2019-09-27 09:19:07,952 [pool-287-thread-1] INFO  server.RaftServerConfigKeys (ConfUtils.java:logGet(43)) - raft.server.snapshot.auto.trigger.enabled = true (custom)
2019-09-27 09:19:07,952 [pool-297-thread-1] INFO  server.RaftServerConfigKeys (ConfUtils.java:logGet(43)) - raft.server.log.write.buffer.size = 33554432 (custom)
2019-09-27 09:19:07,953 [pool-287-thread-1] INFO  server.RaftServerConfigKeys (ConfUtils.java:logGet(43)) - raft.server.snapshot.auto.trigger.threshold = 10000 (custom)
2019-09-27 09:19:07,953 [pool-297-thread-1] INFO  server.RaftServerConfigKeys (ConfUtils.java:logGet(43)) - raft.server.log.force.sync.num = 128 (default)
2019-09-27 09:19:07,953 [pool-287-thread-1] INFO  server.RaftServerConfigKeys (ConfUtils.java:logGet(43)) - raft.server.snapshot.retention.num.files = 5 (custom)
2019-09-27 09:19:07,953 [pool-297-thread-1] INFO  server.RaftServerConfigKeys (ConfUtils.java:logGet(43)) - raft.server.log.statemachine.data.sync = true (default)
2019-09-27 09:19:07,953 [pool-287-thread-1] INFO  server.RaftServerConfigKeys (ConfUtils.java:logGet(43)) - raft.server.retrycache.expirytime = 600000ms (custom)
2019-09-27 09:19:07,953 [pool-297-thread-1] INFO  server.RaftServerConfigKeys (ConfUtils.java:logGet(43)) - raft.server.log.statemachine.data.sync.timeout = 10s (default)
2019-09-27 09:19:07,954 [pool-327-thread-1] INFO  server.RaftServerConfigKeys (ConfUtils.java:logGet(43)) - raft.server.log.queue.byte-limit = 2147483647 (custom)
2019-09-27 09:19:07,954 [pool-297-thread-1] INFO  server.RaftServerConfigKeys (ConfUtils.java:logGet(43)) - raft.server.log.statemachine.data.sync.timeout.retry = -1 (default)
2019-09-27 09:19:07,954 [pool-327-thread-1] INFO  server.RaftServerConfigKeys (ConfUtils.java:logGet(43)) - raft.server.log.queue.element-limit = 1024 (custom)
2019-09-27 09:19:07,954 [pool-327-thread-1] INFO  server.RaftServerConfigKeys (ConfUtils.java:logGet(43)) - raft.server.log.segment.size.max = 1048576 (custom)
2019-09-27 09:19:07,955 [pool-327-thread-1] INFO  server.RaftServerConfigKeys (ConfUtils.java:logGet(43)) - raft.server.log.preallocated.size = 16384 (custom)
2019-09-27 09:19:07,955 [pool-297-thread-1] INFO  server.RaftServerConfigKeys (ConfUtils.java:logGet(43)) - raft.server.log.statemachine.data.caching.enabled = true (custom)
2019-09-27 09:19:07,955 [pool-327-thread-1] INFO  server.RaftServerConfigKeys (ConfUtils.java:logGet(43)) - raft.server.log.write.buffer.size = 33554432 (custom)
2019-09-27 09:19:07,955 [pool-327-thread-1] INFO  server.RaftServerConfigKeys (ConfUtils.java:logGet(43)) - raft.server.log.force.sync.num = 128 (default)
2019-09-27 09:19:07,955 [pool-297-thread-1] INFO  segmented.SegmentedRaftLogWorker (SegmentedRaftLogWorker.java:lambda$new$0(132)) - fcc5478b-f5e9-4e5e-96f6-5f78dfdfa2b6@group-F886798AFECD-SegmentedRaftLogWorker: flushIndex: setUnconditionally 0 -> -1
2019-09-27 09:19:07,955 [pool-327-thread-1] INFO  server.RaftServerConfigKeys (ConfUtils.java:logGet(43)) - raft.server.log.statemachine.data.sync = true (default)
2019-09-27 09:19:07,956 [pool-327-thread-1] INFO  server.RaftServerConfigKeys (ConfUtils.java:logGet(43)) - raft.server.log.statemachine.data.sync.timeout = 10s (default)
2019-09-27 09:19:07,956 [pool-297-thread-1] INFO  server.RaftServerConfigKeys (ConfUtils.java:logGet(43)) - raft.server.snapshot.auto.trigger.enabled = true (custom)
2019-09-27 09:19:07,956 [pool-287-thread-1] INFO  impl.RaftServerImpl (RaftServerImpl.java:start(185)) - 5b10fcef-bcb8-4685-875f-8e79f20d296a@group-F886798AFECD: start as a follower, conf=-1: [5b10fcef-bcb8-4685-875f-8e79f20d296a:192.168.151.103:45629, fcc5478b-f5e9-4e5e-96f6-5f78dfdfa2b6:192.168.151.103:37708, 925a8c9e-5dc9-440e-8840-ce0b2559d856:192.168.151.103:40542], old=null
2019-09-27 09:19:07,956 [pool-327-thread-1] INFO  server.RaftServerConfigKeys (ConfUtils.java:logGet(43)) - raft.server.log.statemachine.data.sync.timeout.retry = -1 (default)
2019-09-27 09:19:07,956 [pool-287-thread-1] INFO  impl.RaftServerImpl (RaftServerImpl.java:setRole(174)) - 5b10fcef-bcb8-4685-875f-8e79f20d296a@group-F886798AFECD: changes role from      null to FOLLOWER at term 0 for startAsFollower
2019-09-27 09:19:07,956 [pool-297-thread-1] INFO  server.RaftServerConfigKeys (ConfUtils.java:logGet(43)) - raft.server.snapshot.auto.trigger.threshold = 10000 (custom)
2019-09-27 09:19:07,956 [pool-287-thread-1] INFO  impl.RoleInfo (RoleInfo.java:updateAndGet(143)) - 5b10fcef-bcb8-4685-875f-8e79f20d296a: start FollowerState
2019-09-27 09:19:07,956 [pool-327-thread-1] INFO  server.RaftServerConfigKeys (ConfUtils.java:logGet(43)) - raft.server.log.statemachine.data.caching.enabled = true (custom)
2019-09-27 09:19:07,957 [pool-297-thread-1] INFO  server.RaftServerConfigKeys (ConfUtils.java:logGet(43)) - raft.server.snapshot.retention.num.files = 5 (custom)
2019-09-27 09:19:07,957 [pool-297-thread-1] INFO  server.RaftServerConfigKeys (ConfUtils.java:logGet(43)) - raft.server.retrycache.expirytime = 600000ms (custom)
2019-09-27 09:19:07,957 [pool-327-thread-1] INFO  segmented.SegmentedRaftLogWorker (SegmentedRaftLogWorker.java:lambda$new$0(132)) - 925a8c9e-5dc9-440e-8840-ce0b2559d856@group-F886798AFECD-SegmentedRaftLogWorker: flushIndex: setUnconditionally 0 -> -1
2019-09-27 09:19:07,957 [pool-287-thread-1] INFO  util.JmxRegister (JmxRegister.java:tryRegister(44)) - Successfully registered JMX Bean with object name Ratis:service=RaftServer,group=group-F886798AFECD,id=5b10fcef-bcb8-4685-875f-8e79f20d296a
2019-09-27 09:19:07,957 [pool-327-thread-1] INFO  server.RaftServerConfigKeys (ConfUtils.java:logGet(43)) - raft.server.snapshot.auto.trigger.enabled = true (custom)
2019-09-27 09:19:07,958 [pool-327-thread-1] INFO  server.RaftServerConfigKeys (ConfUtils.java:logGet(43)) - raft.server.snapshot.auto.trigger.threshold = 10000 (custom)
2019-09-27 09:19:07,958 [pool-327-thread-1] INFO  server.RaftServerConfigKeys (ConfUtils.java:logGet(43)) - raft.server.snapshot.retention.num.files = 5 (custom)
2019-09-27 09:19:07,958 [pool-327-thread-1] INFO  server.RaftServerConfigKeys (ConfUtils.java:logGet(43)) - raft.server.retrycache.expirytime = 600000ms (custom)
2019-09-27 09:19:07,963 [pool-297-thread-1] INFO  impl.RaftServerImpl (RaftServerImpl.java:start(185)) - fcc5478b-f5e9-4e5e-96f6-5f78dfdfa2b6@group-F886798AFECD: start as a follower, conf=-1: [5b10fcef-bcb8-4685-875f-8e79f20d296a:192.168.151.103:45629, fcc5478b-f5e9-4e5e-96f6-5f78dfdfa2b6:192.168.151.103:37708, 925a8c9e-5dc9-440e-8840-ce0b2559d856:192.168.151.103:40542], old=null
2019-09-27 09:19:07,963 [pool-297-thread-1] INFO  impl.RaftServerImpl (RaftServerImpl.java:setRole(174)) - fcc5478b-f5e9-4e5e-96f6-5f78dfdfa2b6@group-F886798AFECD: changes role from      null to FOLLOWER at term 0 for startAsFollower
2019-09-27 09:19:07,963 [pool-297-thread-1] INFO  impl.RoleInfo (RoleInfo.java:updateAndGet(143)) - fcc5478b-f5e9-4e5e-96f6-5f78dfdfa2b6: start FollowerState
2019-09-27 09:19:07,964 [pool-297-thread-1] INFO  util.JmxRegister (JmxRegister.java:tryRegister(44)) - Successfully registered JMX Bean with object name Ratis:service=RaftServer,group=group-F886798AFECD,id=fcc5478b-f5e9-4e5e-96f6-5f78dfdfa2b6
2019-09-27 09:19:07,964 [pool-327-thread-1] INFO  impl.RaftServerImpl (RaftServerImpl.java:start(185)) - 925a8c9e-5dc9-440e-8840-ce0b2559d856@group-F886798AFECD: start as a follower, conf=-1: [5b10fcef-bcb8-4685-875f-8e79f20d296a:192.168.151.103:45629, fcc5478b-f5e9-4e5e-96f6-5f78dfdfa2b6:192.168.151.103:37708, 925a8c9e-5dc9-440e-8840-ce0b2559d856:192.168.151.103:40542], old=null
2019-09-27 09:19:07,964 [pool-327-thread-1] INFO  impl.RaftServerImpl (RaftServerImpl.java:setRole(174)) - 925a8c9e-5dc9-440e-8840-ce0b2559d856@group-F886798AFECD: changes role from      null to FOLLOWER at term 0 for startAsFollower
2019-09-27 09:19:07,964 [pool-327-thread-1] INFO  impl.RoleInfo (RoleInfo.java:updateAndGet(143)) - 925a8c9e-5dc9-440e-8840-ce0b2559d856: start FollowerState
2019-09-27 09:19:07,967 [pool-327-thread-1] INFO  util.JmxRegister (JmxRegister.java:tryRegister(44)) - Successfully registered JMX Bean with object name Ratis:service=RaftServer,group=group-F886798AFECD,id=925a8c9e-5dc9-440e-8840-ce0b2559d856
2019-09-27 09:19:07,971 [RatisPipelineUtilsThread] INFO  pipeline.PipelineStateManager (PipelineStateManager.java:addPipeline(56)) - Created pipeline Pipeline[ Id: ce0abe58-bb14-4a7d-9dcf-f886798afecd, Nodes: 5b10fcef-bcb8-4685-875f-8e79f20d296a{ip: 192.168.151.103, host: pr-hdds2162-4fxhj-20988671, networkLocation: /rack1, certSerialId: null}925a8c9e-5dc9-440e-8840-ce0b2559d856{ip: 192.168.151.103, host: pr-hdds2162-4fxhj-20988671, networkLocation: /rack1, certSerialId: null}fcc5478b-f5e9-4e5e-96f6-5f78dfdfa2b6{ip: 192.168.151.103, host: pr-hdds2162-4fxhj-20988671, networkLocation: /rack1, certSerialId: null}, Type:RATIS, Factor:THREE, State:OPEN]
2019-09-27 09:19:07,986 [grpc-default-executor-1] INFO  impl.RaftServerProxy (RaftServerProxy.java:addNew(89)) - 925a8c9e-5dc9-440e-8840-ce0b2559d856: addNew group-8BBC9CA4D212:[925a8c9e-5dc9-440e-8840-ce0b2559d856:192.168.151.103:40542] returns group-8BBC9CA4D212:java.util.concurrent.CompletableFuture@432d4e42[Not completed]
2019-09-27 09:19:07,987 [pool-327-thread-1] INFO  impl.RaftServerImpl (RaftServerImpl.java:<init>(95)) - 925a8c9e-5dc9-440e-8840-ce0b2559d856: new RaftServerImpl for group-8BBC9CA4D212:[925a8c9e-5dc9-440e-8840-ce0b2559d856:192.168.151.103:40542] with ContainerStateMachine:uninitialized
2019-09-27 09:19:07,987 [pool-327-thread-1] INFO  server.RaftServerConfigKeys (ConfUtils.java:logGet(43)) - raft.server.rpc.timeout.min = 1s (custom)
2019-09-27 09:19:07,987 [pool-327-thread-1] INFO  server.RaftServerConfigKeys (ConfUtils.java:logGet(43)) - raft.server.rpc.timeout.max = 1200ms (custom)
2019-09-27 09:19:07,987 [pool-327-thread-1] INFO  server.RaftServerConfigKeys (ConfUtils.java:logGet(43)) - raft.server.rpcslowness.timeout = 120s (custom)
2019-09-27 09:19:07,987 [pool-327-thread-1] INFO  server.RaftServerConfigKeys (ConfUtils.java:logGet(43)) - raft.server.sleep.deviation.threshold = 300 (default)
2019-09-27 09:19:07,987 [pool-327-thread-1] INFO  server.RaftServerConfigKeys (ConfUtils.java:logGet(43)) - raft.server.log.appender.install.snapshot.enabled = false (custom)
2019-09-27 09:19:07,988 [pool-327-thread-1] INFO  impl.RaftServerImpl (ServerState.java:<init>(103)) - 925a8c9e-5dc9-440e-8840-ce0b2559d856@group-8BBC9CA4D212: ConfigurationManager, init=-1: [925a8c9e-5dc9-440e-8840-ce0b2559d856:192.168.151.103:40542], old=null, confs=<EMPTY_MAP>
2019-09-27 09:19:07,988 [pool-327-thread-1] INFO  server.RaftServerConfigKeys (ConfUtils.java:logGet(43)) - raft.server.storage.dir = [/workdir/hadoop-ozone/integration-test/target/test-dir/MiniOzoneClusterImpl-d2d06822-f460-4d8d-a87b-a517d879cb3f/datanode-6/data/ratis] (custom)
2019-09-27 09:19:07,988 [pool-327-thread-1] INFO  storage.RaftStorageDirectory (RaftStorageDirectory.java:analyzeStorage(246)) - The storage directory /workdir/hadoop-ozone/integration-test/target/test-dir/MiniOzoneClusterImpl-d2d06822-f460-4d8d-a87b-a517d879cb3f/datanode-6/data/ratis/578aa358-1aef-4505-b6a5-8bbc9ca4d212 does not exist. Creating ...
2019-09-27 09:19:08,001 [pool-327-thread-1] INFO  storage.RaftStorageDirectory (RaftStorageDirectory.java:tryLock(328)) - Lock on /workdir/hadoop-ozone/integration-test/target/test-dir/MiniOzoneClusterImpl-d2d06822-f460-4d8d-a87b-a517d879cb3f/datanode-6/data/ratis/578aa358-1aef-4505-b6a5-8bbc9ca4d212/in_use.lock acquired by nodename 29571@pr-hdds2162-4fxhj-20988671
2019-09-27 09:19:08,012 [IPC Server handler 3 on 39919] INFO  net.NetworkTopology (NetworkTopologyImpl.java:add(111)) - Added a new node: /rack1/2ae76358-1a8d-4fd5-a4fd-20ea98138735
2019-09-27 09:19:08,012 [IPC Server handler 3 on 39919] INFO  node.SCMNodeManager (SCMNodeManager.java:register(266)) - Registered Data node : 2ae76358-1a8d-4fd5-a4fd-20ea98138735{ip: 192.168.151.103, host: pr-hdds2162-4fxhj-20988671, networkLocation: /rack1, certSerialId: null}
2019-09-27 09:19:08,015 [pool-327-thread-1] INFO  storage.RaftStorage (RaftStorage.java:format(72)) - Storage directory /workdir/hadoop-ozone/integration-test/target/test-dir/MiniOzoneClusterImpl-d2d06822-f460-4d8d-a87b-a517d879cb3f/datanode-6/data/ratis/578aa358-1aef-4505-b6a5-8bbc9ca4d212 has been successfully formatted.
2019-09-27 09:19:08,016 [pool-327-thread-1] INFO  ratis.ContainerStateMachine (ContainerStateMachine.java:loadSnapshot(230)) - group-8BBC9CA4D212: The snapshot info is null. Setting the last applied indexto:(t:0, i:~)
2019-09-27 09:19:08,016 [pool-327-thread-1] INFO  server.RaftServerConfigKeys (ConfUtils.java:logGet(43)) - raft.server.notification.no-leader.timeout = 120s (custom)
2019-09-27 09:19:08,016 [pool-327-thread-1] INFO  server.RaftServerConfigKeys (ConfUtils.java:logGet(43)) - raft.server.log.use.memory = false (default)
2019-09-27 09:19:08,016 [pool-327-thread-1] INFO  server.RaftServerConfigKeys (ConfUtils.java:logGet(43)) - raft.server.log.purge.gap = 1000000 (custom)
2019-09-27 09:19:08,016 [pool-327-thread-1] INFO  server.RaftServerConfigKeys (ConfUtils.java:logGet(43)) - raft.server.log.appender.buffer.byte-limit = 33554432 (custom)
2019-09-27 09:19:08,016 [pool-327-thread-1] INFO  server.RaftServerConfigKeys (ConfUtils.java:logGet(43)) - raft.server.log.segment.size.max = 1048576 (custom)
2019-09-27 09:19:08,016 [pool-327-thread-1] INFO  server.RaftServerConfigKeys (ConfUtils.java:logGet(43)) - raft.server.log.segment.cache.num.max = 2 (custom)
2019-09-27 09:19:08,017 [pool-327-thread-1] INFO  segmented.SegmentedRaftLogWorker (SegmentedRaftLogWorker.java:<init>(172)) - new 925a8c9e-5dc9-440e-8840-ce0b2559d856@group-8BBC9CA4D212-SegmentedRaftLogWorker for RaftStorage:Storage Directory /workdir/hadoop-ozone/integration-test/target/test-dir/MiniOzoneClusterImpl-d2d06822-f460-4d8d-a87b-a517d879cb3f/datanode-6/data/ratis/578aa358-1aef-4505-b6a5-8bbc9ca4d212
2019-09-27 09:19:08,017 [pool-327-thread-1] INFO  server.RaftServerConfigKeys (ConfUtils.java:logGet(43)) - raft.server.log.queue.byte-limit = 2147483647 (custom)
2019-09-27 09:19:08,017 [pool-327-thread-1] INFO  server.RaftServerConfigKeys (ConfUtils.java:logGet(43)) - raft.server.log.queue.element-limit = 1024 (custom)
2019-09-27 09:19:08,017 [pool-327-thread-1] INFO  server.RaftServerConfigKeys (ConfUtils.java:logGet(43)) - raft.server.log.segment.size.max = 1048576 (custom)
2019-09-27 09:19:08,017 [pool-327-thread-1] INFO  server.RaftServerConfigKeys (ConfUtils.java:logGet(43)) - raft.server.log.preallocated.size = 16384 (custom)
2019-09-27 09:19:08,017 [pool-327-thread-1] INFO  server.RaftServerConfigKeys (ConfUtils.java:logGet(43)) - raft.server.log.write.buffer.size = 33554432 (custom)
2019-09-27 09:19:08,017 [pool-327-thread-1] INFO  server.RaftServerConfigKeys (ConfUtils.java:logGet(43)) - raft.server.log.force.sync.num = 128 (default)
2019-09-27 09:19:08,018 [pool-327-thread-1] INFO  server.RaftServerConfigKeys (ConfUtils.java:logGet(43)) - raft.server.log.statemachine.data.sync = true (default)
2019-09-27 09:19:08,018 [pool-327-thread-1] INFO  server.RaftServerConfigKeys (ConfUtils.java:logGet(43)) - raft.server.log.statemachine.data.sync.timeout = 10s (default)
2019-09-27 09:19:08,018 [pool-327-thread-1] INFO  server.RaftServerConfigKeys (ConfUtils.java:logGet(43)) - raft.server.log.statemachine.data.sync.timeout.retry = -1 (default)
2019-09-27 09:19:08,018 [pool-327-thread-1] INFO  server.RaftServerConfigKeys (ConfUtils.java:logGet(43)) - raft.server.log.statemachine.data.caching.enabled = true (custom)
2019-09-27 09:19:08,018 [pool-327-thread-1] INFO  segmented.SegmentedRaftLogWorker (SegmentedRaftLogWorker.java:lambda$new$0(132)) - 925a8c9e-5dc9-440e-8840-ce0b2559d856@group-8BBC9CA4D212-SegmentedRaftLogWorker: flushIndex: setUnconditionally 0 -> -1
2019-09-27 09:19:08,019 [pool-327-thread-1] INFO  server.RaftServerConfigKeys (ConfUtils.java:logGet(43)) - raft.server.snapshot.auto.trigger.enabled = true (custom)
2019-09-27 09:19:08,019 [pool-327-thread-1] INFO  server.RaftServerConfigKeys (ConfUtils.java:logGet(43)) - raft.server.snapshot.auto.trigger.threshold = 10000 (custom)
2019-09-27 09:19:08,019 [pool-327-thread-1] INFO  server.RaftServerConfigKeys (ConfUtils.java:logGet(43)) - raft.server.snapshot.retention.num.files = 5 (custom)
2019-09-27 09:19:08,019 [pool-327-thread-1] INFO  server.RaftServerConfigKeys (ConfUtils.java:logGet(43)) - raft.server.retrycache.expirytime = 600000ms (custom)
2019-09-27 09:19:08,021 [pool-327-thread-1] INFO  impl.RaftServerImpl (RaftServerImpl.java:start(185)) - 925a8c9e-5dc9-440e-8840-ce0b2559d856@group-8BBC9CA4D212: start as a follower, conf=-1: [925a8c9e-5dc9-440e-8840-ce0b2559d856:192.168.151.103:40542], old=null
2019-09-27 09:19:08,021 [pool-327-thread-1] INFO  impl.RaftServerImpl (RaftServerImpl.java:setRole(174)) - 925a8c9e-5dc9-440e-8840-ce0b2559d856@group-8BBC9CA4D212: changes role from      null to FOLLOWER at term 0 for startAsFollower
2019-09-27 09:19:08,021 [pool-327-thread-1] INFO  impl.RoleInfo (RoleInfo.java:updateAndGet(143)) - 925a8c9e-5dc9-440e-8840-ce0b2559d856: start FollowerState
2019-09-27 09:19:08,022 [pool-327-thread-1] INFO  util.JmxRegister (JmxRegister.java:tryRegister(44)) - Successfully registered JMX Bean with object name Ratis:service=RaftServer,group=group-8BBC9CA4D212,id=925a8c9e-5dc9-440e-8840-ce0b2559d856
2019-09-27 09:19:08,027 [RatisPipelineUtilsThread] INFO  pipeline.PipelineStateManager (PipelineStateManager.java:addPipeline(56)) - Created pipeline Pipeline[ Id: 578aa358-1aef-4505-b6a5-8bbc9ca4d212, Nodes: 925a8c9e-5dc9-440e-8840-ce0b2559d856{ip: 192.168.151.103, host: pr-hdds2162-4fxhj-20988671, networkLocation: /rack1, certSerialId: null}, Type:RATIS, Factor:ONE, State:OPEN]
2019-09-27 09:19:08,046 [grpc-default-executor-1] INFO  impl.RaftServerProxy (RaftServerProxy.java:addNew(89)) - 2ae76358-1a8d-4fd5-a4fd-20ea98138735: addNew group-0E9050A622E0:[2ae76358-1a8d-4fd5-a4fd-20ea98138735:192.168.151.103:41875] returns group-0E9050A622E0:java.util.concurrent.CompletableFuture@6e156d18[Not completed]
2019-09-27 09:19:08,047 [pool-347-thread-1] INFO  impl.RaftServerImpl (RaftServerImpl.java:<init>(95)) - 2ae76358-1a8d-4fd5-a4fd-20ea98138735: new RaftServerImpl for group-0E9050A622E0:[2ae76358-1a8d-4fd5-a4fd-20ea98138735:192.168.151.103:41875] with ContainerStateMachine:uninitialized
2019-09-27 09:19:08,047 [pool-347-thread-1] INFO  server.RaftServerConfigKeys (ConfUtils.java:logGet(43)) - raft.server.rpc.timeout.min = 1s (custom)
2019-09-27 09:19:08,048 [pool-347-thread-1] INFO  server.RaftServerConfigKeys (ConfUtils.java:logGet(43)) - raft.server.rpc.timeout.max = 1200ms (custom)
2019-09-27 09:19:08,048 [pool-347-thread-1] INFO  server.RaftServerConfigKeys (ConfUtils.java:logGet(43)) - raft.server.rpcslowness.timeout = 120s (custom)
2019-09-27 09:19:08,048 [pool-347-thread-1] INFO  server.RaftServerConfigKeys (ConfUtils.java:logGet(43)) - raft.server.sleep.deviation.threshold = 300 (default)
2019-09-27 09:19:08,048 [pool-347-thread-1] INFO  server.RaftServerConfigKeys (ConfUtils.java:logGet(43)) - raft.server.log.appender.install.snapshot.enabled = false (custom)
2019-09-27 09:19:08,048 [pool-347-thread-1] INFO  impl.RaftServerImpl (ServerState.java:<init>(103)) - 2ae76358-1a8d-4fd5-a4fd-20ea98138735@group-0E9050A622E0: ConfigurationManager, init=-1: [2ae76358-1a8d-4fd5-a4fd-20ea98138735:192.168.151.103:41875], old=null, confs=<EMPTY_MAP>
2019-09-27 09:19:08,048 [pool-347-thread-1] INFO  server.RaftServerConfigKeys (ConfUtils.java:logGet(43)) - raft.server.storage.dir = [/workdir/hadoop-ozone/integration-test/target/test-dir/MiniOzoneClusterImpl-d2d06822-f460-4d8d-a87b-a517d879cb3f/datanode-8/data/ratis] (custom)
2019-09-27 09:19:08,049 [pool-347-thread-1] INFO  storage.RaftStorageDirectory (RaftStorageDirectory.java:analyzeStorage(246)) - The storage directory /workdir/hadoop-ozone/integration-test/target/test-dir/MiniOzoneClusterImpl-d2d06822-f460-4d8d-a87b-a517d879cb3f/datanode-8/data/ratis/8f4668b9-b430-4cb3-a934-0e9050a622e0 does not exist. Creating ...
2019-09-27 09:19:08,061 [pool-347-thread-1] INFO  storage.RaftStorageDirectory (RaftStorageDirectory.java:tryLock(328)) - Lock on /workdir/hadoop-ozone/integration-test/target/test-dir/MiniOzoneClusterImpl-d2d06822-f460-4d8d-a87b-a517d879cb3f/datanode-8/data/ratis/8f4668b9-b430-4cb3-a934-0e9050a622e0/in_use.lock acquired by nodename 29571@pr-hdds2162-4fxhj-20988671
2019-09-27 09:19:08,072 [IPC Server handler 2 on 39919] INFO  net.NetworkTopology (NetworkTopologyImpl.java:add(111)) - Added a new node: /rack1/58a870c2-09d8-4538-b684-89d5a4d1d620
2019-09-27 09:19:08,072 [main] INFO  ozone.MiniOzoneClusterImpl (MiniOzoneClusterImpl.java:lambda$waitForClusterToBeReady$0(147)) - Cluster is ready. Got 10 of 10 DN Heartbeats.
2019-09-27 09:19:08,072 [IPC Server handler 2 on 39919] INFO  node.SCMNodeManager (SCMNodeManager.java:register(266)) - Registered Data node : 58a870c2-09d8-4538-b684-89d5a4d1d620{ip: 192.168.151.103, host: pr-hdds2162-4fxhj-20988671, networkLocation: /rack1, certSerialId: null}
2019-09-27 09:19:08,075 [pool-347-thread-1] INFO  storage.RaftStorage (RaftStorage.java:format(72)) - Storage directory /workdir/hadoop-ozone/integration-test/target/test-dir/MiniOzoneClusterImpl-d2d06822-f460-4d8d-a87b-a517d879cb3f/datanode-8/data/ratis/8f4668b9-b430-4cb3-a934-0e9050a622e0 has been successfully formatted.
2019-09-27 09:19:08,075 [pool-347-thread-1] INFO  ratis.ContainerStateMachine (ContainerStateMachine.java:loadSnapshot(230)) - group-0E9050A622E0: The snapshot info is null. Setting the last applied indexto:(t:0, i:~)
2019-09-27 09:19:08,075 [pool-347-thread-1] INFO  server.RaftServerConfigKeys (ConfUtils.java:logGet(43)) - raft.server.notification.no-leader.timeout = 120s (custom)
2019-09-27 09:19:08,075 [pool-347-thread-1] INFO  server.RaftServerConfigKeys (ConfUtils.java:logGet(43)) - raft.server.log.use.memory = false (default)
2019-09-27 09:19:08,075 [pool-347-thread-1] INFO  server.RaftServerConfigKeys (ConfUtils.java:logGet(43)) - raft.server.log.purge.gap = 1000000 (custom)
2019-09-27 09:19:08,076 [pool-347-thread-1] INFO  server.RaftServerConfigKeys (ConfUtils.java:logGet(43)) - raft.server.log.appender.buffer.byte-limit = 33554432 (custom)
2019-09-27 09:19:08,076 [pool-347-thread-1] INFO  server.RaftServerConfigKeys (ConfUtils.java:logGet(43)) - raft.server.log.segment.size.max = 1048576 (custom)
2019-09-27 09:19:08,076 [pool-347-thread-1] INFO  server.RaftServerConfigKeys (ConfUtils.java:logGet(43)) - raft.server.log.segment.cache.num.max = 2 (custom)
2019-09-27 09:19:08,076 [pool-347-thread-1] INFO  segmented.SegmentedRaftLogWorker (SegmentedRaftLogWorker.java:<init>(172)) - new 2ae76358-1a8d-4fd5-a4fd-20ea98138735@group-0E9050A622E0-SegmentedRaftLogWorker for RaftStorage:Storage Directory /workdir/hadoop-ozone/integration-test/target/test-dir/MiniOzoneClusterImpl-d2d06822-f460-4d8d-a87b-a517d879cb3f/datanode-8/data/ratis/8f4668b9-b430-4cb3-a934-0e9050a622e0
2019-09-27 09:19:08,078 [pool-347-thread-1] INFO  server.RaftServerConfigKeys (ConfUtils.java:logGet(43)) - raft.server.log.queue.byte-limit = 2147483647 (custom)
2019-09-27 09:19:08,078 [pool-347-thread-1] INFO  server.RaftServerConfigKeys (ConfUtils.java:logGet(43)) - raft.server.log.queue.element-limit = 1024 (custom)
2019-09-27 09:19:08,078 [pool-347-thread-1] INFO  server.RaftServerConfigKeys (ConfUtils.java:logGet(43)) - raft.server.log.segment.size.max = 1048576 (custom)
2019-09-27 09:19:08,078 [pool-347-thread-1] INFO  server.RaftServerConfigKeys (ConfUtils.java:logGet(43)) - raft.server.log.preallocated.size = 16384 (custom)
2019-09-27 09:19:08,079 [pool-347-thread-1] INFO  server.RaftServerConfigKeys (ConfUtils.java:logGet(43)) - raft.server.log.write.buffer.size = 33554432 (custom)
2019-09-27 09:19:08,079 [pool-347-thread-1] INFO  server.RaftServerConfigKeys (ConfUtils.java:logGet(43)) - raft.server.log.force.sync.num = 128 (default)
2019-09-27 09:19:08,079 [pool-347-thread-1] INFO  server.RaftServerConfigKeys (ConfUtils.java:logGet(43)) - raft.server.log.statemachine.data.sync = true (default)
2019-09-27 09:19:08,079 [pool-347-thread-1] INFO  server.RaftServerConfigKeys (ConfUtils.java:logGet(43)) - raft.server.log.statemachine.data.sync.timeout = 10s (default)
2019-09-27 09:19:08,079 [pool-347-thread-1] INFO  server.RaftServerConfigKeys (ConfUtils.java:logGet(43)) - raft.server.log.statemachine.data.sync.timeout.retry = -1 (default)
2019-09-27 09:19:08,079 [pool-347-thread-1] INFO  server.RaftServerConfigKeys (ConfUtils.java:logGet(43)) - raft.server.log.statemachine.data.caching.enabled = true (custom)
2019-09-27 09:19:08,080 [pool-347-thread-1] INFO  segmented.SegmentedRaftLogWorker (SegmentedRaftLogWorker.java:lambda$new$0(132)) - 2ae76358-1a8d-4fd5-a4fd-20ea98138735@group-0E9050A622E0-SegmentedRaftLogWorker: flushIndex: setUnconditionally 0 -> -1
2019-09-27 09:19:08,080 [pool-347-thread-1] INFO  server.RaftServerConfigKeys (ConfUtils.java:logGet(43)) - raft.server.snapshot.auto.trigger.enabled = true (custom)
2019-09-27 09:19:08,080 [pool-347-thread-1] INFO  server.RaftServerConfigKeys (ConfUtils.java:logGet(43)) - raft.server.snapshot.auto.trigger.threshold = 10000 (custom)
2019-09-27 09:19:08,080 [pool-347-thread-1] INFO  server.RaftServerConfigKeys (ConfUtils.java:logGet(43)) - raft.server.snapshot.retention.num.files = 5 (custom)
2019-09-27 09:19:08,080 [pool-347-thread-1] INFO  server.RaftServerConfigKeys (ConfUtils.java:logGet(43)) - raft.server.retrycache.expirytime = 600000ms (custom)
2019-09-27 09:19:08,082 [pool-347-thread-1] INFO  impl.RaftServerImpl (RaftServerImpl.java:start(185)) - 2ae76358-1a8d-4fd5-a4fd-20ea98138735@group-0E9050A622E0: start as a follower, conf=-1: [2ae76358-1a8d-4fd5-a4fd-20ea98138735:192.168.151.103:41875], old=null
2019-09-27 09:19:08,082 [pool-347-thread-1] INFO  impl.RaftServerImpl (RaftServerImpl.java:setRole(174)) - 2ae76358-1a8d-4fd5-a4fd-20ea98138735@group-0E9050A622E0: changes role from      null to FOLLOWER at term 0 for startAsFollower
2019-09-27 09:19:08,082 [pool-347-thread-1] INFO  impl.RoleInfo (RoleInfo.java:updateAndGet(143)) - 2ae76358-1a8d-4fd5-a4fd-20ea98138735: start FollowerState
2019-09-27 09:19:08,082 [pool-347-thread-1] INFO  util.JmxRegister (JmxRegister.java:tryRegister(44)) - Successfully registered JMX Bean with object name Ratis:service=RaftServer,group=group-0E9050A622E0,id=2ae76358-1a8d-4fd5-a4fd-20ea98138735
2019-09-27 09:19:08,088 [RatisPipelineUtilsThread] INFO  pipeline.PipelineStateManager (PipelineStateManager.java:addPipeline(56)) - Created pipeline Pipeline[ Id: 8f4668b9-b430-4cb3-a934-0e9050a622e0, Nodes: 2ae76358-1a8d-4fd5-a4fd-20ea98138735{ip: 192.168.151.103, host: pr-hdds2162-4fxhj-20988671, networkLocation: /rack1, certSerialId: null}, Type:RATIS, Factor:ONE, State:OPEN]
2019-09-27 09:19:08,098 [grpc-default-executor-1] INFO  impl.RaftServerProxy (RaftServerProxy.java:addNew(89)) - 7387e8c6-1a4e-4257-8943-3fffd176a0ab: addNew group-BB8CA25215F4:[7387e8c6-1a4e-4257-8943-3fffd176a0ab:192.168.151.103:41069] returns group-BB8CA25215F4:java.util.concurrent.CompletableFuture@75d846ca[Not completed]
2019-09-27 09:19:08,099 [pool-337-thread-1] INFO  impl.RaftServerImpl (RaftServerImpl.java:<init>(95)) - 7387e8c6-1a4e-4257-8943-3fffd176a0ab: new RaftServerImpl for group-BB8CA25215F4:[7387e8c6-1a4e-4257-8943-3fffd176a0ab:192.168.151.103:41069] with ContainerStateMachine:uninitialized
2019-09-27 09:19:08,099 [pool-337-thread-1] INFO  server.RaftServerConfigKeys (ConfUtils.java:logGet(43)) - raft.server.rpc.timeout.min = 1s (custom)
2019-09-27 09:19:08,099 [pool-337-thread-1] INFO  server.RaftServerConfigKeys (ConfUtils.java:logGet(43)) - raft.server.rpc.timeout.max = 1200ms (custom)
2019-09-27 09:19:08,099 [pool-337-thread-1] INFO  server.RaftServerConfigKeys (ConfUtils.java:logGet(43)) - raft.server.rpcslowness.timeout = 120s (custom)
2019-09-27 09:19:08,099 [pool-337-thread-1] INFO  server.RaftServerConfigKeys (ConfUtils.java:logGet(43)) - raft.server.sleep.deviation.threshold = 300 (default)
2019-09-27 09:19:08,099 [pool-337-thread-1] INFO  server.RaftServerConfigKeys (ConfUtils.java:logGet(43)) - raft.server.log.appender.install.snapshot.enabled = false (custom)
2019-09-27 09:19:08,099 [pool-337-thread-1] INFO  impl.RaftServerImpl (ServerState.java:<init>(103)) - 7387e8c6-1a4e-4257-8943-3fffd176a0ab@group-BB8CA25215F4: ConfigurationManager, init=-1: [7387e8c6-1a4e-4257-8943-3fffd176a0ab:192.168.151.103:41069], old=null, confs=<EMPTY_MAP>
2019-09-27 09:19:08,099 [pool-337-thread-1] INFO  server.RaftServerConfigKeys (ConfUtils.java:logGet(43)) - raft.server.storage.dir = [/workdir/hadoop-ozone/integration-test/target/test-dir/MiniOzoneClusterImpl-d2d06822-f460-4d8d-a87b-a517d879cb3f/datanode-7/data/ratis] (custom)
2019-09-27 09:19:08,100 [pool-337-thread-1] INFO  storage.RaftStorageDirectory (RaftStorageDirectory.java:analyzeStorage(246)) - The storage directory /workdir/hadoop-ozone/integration-test/target/test-dir/MiniOzoneClusterImpl-d2d06822-f460-4d8d-a87b-a517d879cb3f/datanode-7/data/ratis/d1f5448b-1d18-4df6-9b27-bb8ca25215f4 does not exist. Creating ...
2019-09-27 09:19:08,113 [pool-337-thread-1] INFO  storage.RaftStorageDirectory (RaftStorageDirectory.java:tryLock(328)) - Lock on /workdir/hadoop-ozone/integration-test/target/test-dir/MiniOzoneClusterImpl-d2d06822-f460-4d8d-a87b-a517d879cb3f/datanode-7/data/ratis/d1f5448b-1d18-4df6-9b27-bb8ca25215f4/in_use.lock acquired by nodename 29571@pr-hdds2162-4fxhj-20988671
2019-09-27 09:19:08,126 [pool-337-thread-1] INFO  storage.RaftStorage (RaftStorage.java:format(72)) - Storage directory /workdir/hadoop-ozone/integration-test/target/test-dir/MiniOzoneClusterImpl-d2d06822-f460-4d8d-a87b-a517d879cb3f/datanode-7/data/ratis/d1f5448b-1d18-4df6-9b27-bb8ca25215f4 has been successfully formatted.
2019-09-27 09:19:08,126 [pool-337-thread-1] INFO  ratis.ContainerStateMachine (ContainerStateMachine.java:loadSnapshot(230)) - group-BB8CA25215F4: The snapshot info is null. Setting the last applied indexto:(t:0, i:~)
2019-09-27 09:19:08,126 [pool-337-thread-1] INFO  server.RaftServerConfigKeys (ConfUtils.java:logGet(43)) - raft.server.notification.no-leader.timeout = 120s (custom)
2019-09-27 09:19:08,126 [pool-337-thread-1] INFO  server.RaftServerConfigKeys (ConfUtils.java:logGet(43)) - raft.server.log.use.memory = false (default)
2019-09-27 09:19:08,126 [pool-337-thread-1] INFO  server.RaftServerConfigKeys (ConfUtils.java:logGet(43)) - raft.server.log.purge.gap = 1000000 (custom)
2019-09-27 09:19:08,127 [pool-337-thread-1] INFO  server.RaftServerConfigKeys (ConfUtils.java:logGet(43)) - raft.server.log.appender.buffer.byte-limit = 33554432 (custom)
2019-09-27 09:19:08,127 [pool-337-thread-1] INFO  server.RaftServerConfigKeys (ConfUtils.java:logGet(43)) - raft.server.log.segment.size.max = 1048576 (custom)
2019-09-27 09:19:08,127 [pool-337-thread-1] INFO  server.RaftServerConfigKeys (ConfUtils.java:logGet(43)) - raft.server.log.segment.cache.num.max = 2 (custom)
2019-09-27 09:19:08,127 [pool-337-thread-1] INFO  segmented.SegmentedRaftLogWorker (SegmentedRaftLogWorker.java:<init>(172)) - new 7387e8c6-1a4e-4257-8943-3fffd176a0ab@group-BB8CA25215F4-SegmentedRaftLogWorker for RaftStorage:Storage Directory /workdir/hadoop-ozone/integration-test/target/test-dir/MiniOzoneClusterImpl-d2d06822-f460-4d8d-a87b-a517d879cb3f/datanode-7/data/ratis/d1f5448b-1d18-4df6-9b27-bb8ca25215f4
2019-09-27 09:19:08,128 [pool-337-thread-1] INFO  server.RaftServerConfigKeys (ConfUtils.java:logGet(43)) - raft.server.log.queue.byte-limit = 2147483647 (custom)
2019-09-27 09:19:08,128 [pool-337-thread-1] INFO  server.RaftServerConfigKeys (ConfUtils.java:logGet(43)) - raft.server.log.queue.element-limit = 1024 (custom)
2019-09-27 09:19:08,128 [pool-337-thread-1] INFO  server.RaftServerConfigKeys (ConfUtils.java:logGet(43)) - raft.server.log.segment.size.max = 1048576 (custom)
2019-09-27 09:19:08,128 [pool-337-thread-1] INFO  server.RaftServerConfigKeys (ConfUtils.java:logGet(43)) - raft.server.log.preallocated.size = 16384 (custom)
2019-09-27 09:19:08,128 [pool-337-thread-1] INFO  server.RaftServerConfigKeys (ConfUtils.java:logGet(43)) - raft.server.log.write.buffer.size = 33554432 (custom)
2019-09-27 09:19:08,129 [pool-337-thread-1] INFO  server.RaftServerConfigKeys (ConfUtils.java:logGet(43)) - raft.server.log.force.sync.num = 128 (default)
2019-09-27 09:19:08,129 [pool-337-thread-1] INFO  server.RaftServerConfigKeys (ConfUtils.java:logGet(43)) - raft.server.log.statemachine.data.sync = true (default)
2019-09-27 09:19:08,129 [pool-337-thread-1] INFO  server.RaftServerConfigKeys (ConfUtils.java:logGet(43)) - raft.server.log.statemachine.data.sync.timeout = 10s (default)
2019-09-27 09:19:08,129 [pool-337-thread-1] INFO  server.RaftServerConfigKeys (ConfUtils.java:logGet(43)) - raft.server.log.statemachine.data.sync.timeout.retry = -1 (default)
2019-09-27 09:19:08,129 [pool-337-thread-1] INFO  server.RaftServerConfigKeys (ConfUtils.java:logGet(43)) - raft.server.log.statemachine.data.caching.enabled = true (custom)
2019-09-27 09:19:08,129 [pool-337-thread-1] INFO  segmented.SegmentedRaftLogWorker (SegmentedRaftLogWorker.java:lambda$new$0(132)) - 7387e8c6-1a4e-4257-8943-3fffd176a0ab@group-BB8CA25215F4-SegmentedRaftLogWorker: flushIndex: setUnconditionally 0 -> -1
2019-09-27 09:19:08,130 [pool-337-thread-1] INFO  server.RaftServerConfigKeys (ConfUtils.java:logGet(43)) - raft.server.snapshot.auto.trigger.enabled = true (custom)
2019-09-27 09:19:08,130 [pool-337-thread-1] INFO  server.RaftServerConfigKeys (ConfUtils.java:logGet(43)) - raft.server.snapshot.auto.trigger.threshold = 10000 (custom)
2019-09-27 09:19:08,130 [pool-337-thread-1] INFO  server.RaftServerConfigKeys (ConfUtils.java:logGet(43)) - raft.server.snapshot.retention.num.files = 5 (custom)
2019-09-27 09:19:08,130 [pool-337-thread-1] INFO  server.RaftServerConfigKeys (ConfUtils.java:logGet(43)) - raft.server.retrycache.expirytime = 600000ms (custom)
2019-09-27 09:19:08,131 [pool-337-thread-1] INFO  impl.RaftServerImpl (RaftServerImpl.java:start(185)) - 7387e8c6-1a4e-4257-8943-3fffd176a0ab@group-BB8CA25215F4: start as a follower, conf=-1: [7387e8c6-1a4e-4257-8943-3fffd176a0ab:192.168.151.103:41069], old=null
2019-09-27 09:19:08,131 [pool-337-thread-1] INFO  impl.RaftServerImpl (RaftServerImpl.java:setRole(174)) - 7387e8c6-1a4e-4257-8943-3fffd176a0ab@group-BB8CA25215F4: changes role from      null to FOLLOWER at term 0 for startAsFollower
2019-09-27 09:19:08,131 [pool-337-thread-1] INFO  impl.RoleInfo (RoleInfo.java:updateAndGet(143)) - 7387e8c6-1a4e-4257-8943-3fffd176a0ab: start FollowerState
2019-09-27 09:19:08,132 [pool-337-thread-1] INFO  util.JmxRegister (JmxRegister.java:tryRegister(44)) - Successfully registered JMX Bean with object name Ratis:service=RaftServer,group=group-BB8CA25215F4,id=7387e8c6-1a4e-4257-8943-3fffd176a0ab
2019-09-27 09:19:08,136 [RatisPipelineUtilsThread] INFO  pipeline.PipelineStateManager (PipelineStateManager.java:addPipeline(56)) - Created pipeline Pipeline[ Id: d1f5448b-1d18-4df6-9b27-bb8ca25215f4, Nodes: 7387e8c6-1a4e-4257-8943-3fffd176a0ab{ip: 192.168.151.103, host: pr-hdds2162-4fxhj-20988671, networkLocation: /rack1, certSerialId: null}, Type:RATIS, Factor:ONE, State:OPEN]
2019-09-27 09:19:08,146 [grpc-default-executor-1] INFO  impl.RaftServerProxy (RaftServerProxy.java:addNew(89)) - 58a870c2-09d8-4538-b684-89d5a4d1d620: addNew group-4C34113D008D:[58a870c2-09d8-4538-b684-89d5a4d1d620:192.168.151.103:41551] returns group-4C34113D008D:java.util.concurrent.CompletableFuture@5e66dbc0[Not completed]
2019-09-27 09:19:08,147 [pool-357-thread-1] INFO  impl.RaftServerImpl (RaftServerImpl.java:<init>(95)) - 58a870c2-09d8-4538-b684-89d5a4d1d620: new RaftServerImpl for group-4C34113D008D:[58a870c2-09d8-4538-b684-89d5a4d1d620:192.168.151.103:41551] with ContainerStateMachine:uninitialized
2019-09-27 09:19:08,147 [pool-357-thread-1] INFO  server.RaftServerConfigKeys (ConfUtils.java:logGet(43)) - raft.server.rpc.timeout.min = 1s (custom)
2019-09-27 09:19:08,147 [pool-357-thread-1] INFO  server.RaftServerConfigKeys (ConfUtils.java:logGet(43)) - raft.server.rpc.timeout.max = 1200ms (custom)
2019-09-27 09:19:08,147 [pool-357-thread-1] INFO  server.RaftServerConfigKeys (ConfUtils.java:logGet(43)) - raft.server.rpcslowness.timeout = 120s (custom)
2019-09-27 09:19:08,147 [pool-357-thread-1] INFO  server.RaftServerConfigKeys (ConfUtils.java:logGet(43)) - raft.server.sleep.deviation.threshold = 300 (default)
2019-09-27 09:19:08,147 [pool-357-thread-1] INFO  server.RaftServerConfigKeys (ConfUtils.java:logGet(43)) - raft.server.log.appender.install.snapshot.enabled = false (custom)
2019-09-27 09:19:08,147 [pool-357-thread-1] INFO  impl.RaftServerImpl (ServerState.java:<init>(103)) - 58a870c2-09d8-4538-b684-89d5a4d1d620@group-4C34113D008D: ConfigurationManager, init=-1: [58a870c2-09d8-4538-b684-89d5a4d1d620:192.168.151.103:41551], old=null, confs=<EMPTY_MAP>
2019-09-27 09:19:08,147 [pool-357-thread-1] INFO  server.RaftServerConfigKeys (ConfUtils.java:logGet(43)) - raft.server.storage.dir = [/workdir/hadoop-ozone/integration-test/target/test-dir/MiniOzoneClusterImpl-d2d06822-f460-4d8d-a87b-a517d879cb3f/datanode-9/data/ratis] (custom)
2019-09-27 09:19:08,148 [pool-357-thread-1] INFO  storage.RaftStorageDirectory (RaftStorageDirectory.java:analyzeStorage(246)) - The storage directory /workdir/hadoop-ozone/integration-test/target/test-dir/MiniOzoneClusterImpl-d2d06822-f460-4d8d-a87b-a517d879cb3f/datanode-9/data/ratis/08411f76-bf21-4e4c-b92e-4c34113d008d does not exist. Creating ...
2019-09-27 09:19:08,161 [pool-357-thread-1] INFO  storage.RaftStorageDirectory (RaftStorageDirectory.java:tryLock(328)) - Lock on /workdir/hadoop-ozone/integration-test/target/test-dir/MiniOzoneClusterImpl-d2d06822-f460-4d8d-a87b-a517d879cb3f/datanode-9/data/ratis/08411f76-bf21-4e4c-b92e-4c34113d008d/in_use.lock acquired by nodename 29571@pr-hdds2162-4fxhj-20988671
2019-09-27 09:19:08,174 [pool-357-thread-1] INFO  storage.RaftStorage (RaftStorage.java:format(72)) - Storage directory /workdir/hadoop-ozone/integration-test/target/test-dir/MiniOzoneClusterImpl-d2d06822-f460-4d8d-a87b-a517d879cb3f/datanode-9/data/ratis/08411f76-bf21-4e4c-b92e-4c34113d008d has been successfully formatted.
2019-09-27 09:19:08,174 [pool-357-thread-1] INFO  ratis.ContainerStateMachine (ContainerStateMachine.java:loadSnapshot(230)) - group-4C34113D008D: The snapshot info is null. Setting the last applied indexto:(t:0, i:~)
2019-09-27 09:19:08,174 [pool-357-thread-1] INFO  server.RaftServerConfigKeys (ConfUtils.java:logGet(43)) - raft.server.notification.no-leader.timeout = 120s (custom)
2019-09-27 09:19:08,174 [pool-357-thread-1] INFO  server.RaftServerConfigKeys (ConfUtils.java:logGet(43)) - raft.server.log.use.memory = false (default)
2019-09-27 09:19:08,174 [pool-357-thread-1] INFO  server.RaftServerConfigKeys (ConfUtils.java:logGet(43)) - raft.server.log.purge.gap = 1000000 (custom)
2019-09-27 09:19:08,174 [pool-357-thread-1] INFO  server.RaftServerConfigKeys (ConfUtils.java:logGet(43)) - raft.server.log.appender.buffer.byte-limit = 33554432 (custom)
2019-09-27 09:19:08,174 [pool-357-thread-1] INFO  server.RaftServerConfigKeys (ConfUtils.java:logGet(43)) - raft.server.log.segment.size.max = 1048576 (custom)
2019-09-27 09:19:08,174 [pool-357-thread-1] INFO  server.RaftServerConfigKeys (ConfUtils.java:logGet(43)) - raft.server.log.segment.cache.num.max = 2 (custom)
2019-09-27 09:19:08,175 [pool-357-thread-1] INFO  segmented.SegmentedRaftLogWorker (SegmentedRaftLogWorker.java:<init>(172)) - new 58a870c2-09d8-4538-b684-89d5a4d1d620@group-4C34113D008D-SegmentedRaftLogWorker for RaftStorage:Storage Directory /workdir/hadoop-ozone/integration-test/target/test-dir/MiniOzoneClusterImpl-d2d06822-f460-4d8d-a87b-a517d879cb3f/datanode-9/data/ratis/08411f76-bf21-4e4c-b92e-4c34113d008d
2019-09-27 09:19:08,176 [pool-357-thread-1] INFO  server.RaftServerConfigKeys (ConfUtils.java:logGet(43)) - raft.server.log.queue.byte-limit = 2147483647 (custom)
2019-09-27 09:19:08,176 [pool-357-thread-1] INFO  server.RaftServerConfigKeys (ConfUtils.java:logGet(43)) - raft.server.log.queue.element-limit = 1024 (custom)
2019-09-27 09:19:08,176 [pool-357-thread-1] INFO  server.RaftServerConfigKeys (ConfUtils.java:logGet(43)) - raft.server.log.segment.size.max = 1048576 (custom)
2019-09-27 09:19:08,176 [pool-357-thread-1] INFO  server.RaftServerConfigKeys (ConfUtils.java:logGet(43)) - raft.server.log.preallocated.size = 16384 (custom)
2019-09-27 09:19:08,176 [pool-357-thread-1] INFO  server.RaftServerConfigKeys (ConfUtils.java:logGet(43)) - raft.server.log.write.buffer.size = 33554432 (custom)
2019-09-27 09:19:08,176 [pool-357-thread-1] INFO  server.RaftServerConfigKeys (ConfUtils.java:logGet(43)) - raft.server.log.force.sync.num = 128 (default)
2019-09-27 09:19:08,177 [pool-357-thread-1] INFO  server.RaftServerConfigKeys (ConfUtils.java:logGet(43)) - raft.server.log.statemachine.data.sync = true (default)
2019-09-27 09:19:08,177 [pool-357-thread-1] INFO  server.RaftServerConfigKeys (ConfUtils.java:logGet(43)) - raft.server.log.statemachine.data.sync.timeout = 10s (default)
2019-09-27 09:19:08,177 [pool-357-thread-1] INFO  server.RaftServerConfigKeys (ConfUtils.java:logGet(43)) - raft.server.log.statemachine.data.sync.timeout.retry = -1 (default)
2019-09-27 09:19:08,177 [pool-357-thread-1] INFO  server.RaftServerConfigKeys (ConfUtils.java:logGet(43)) - raft.server.log.statemachine.data.caching.enabled = true (custom)
2019-09-27 09:19:08,177 [pool-357-thread-1] INFO  segmented.SegmentedRaftLogWorker (SegmentedRaftLogWorker.java:lambda$new$0(132)) - 58a870c2-09d8-4538-b684-89d5a4d1d620@group-4C34113D008D-SegmentedRaftLogWorker: flushIndex: setUnconditionally 0 -> -1
2019-09-27 09:19:08,177 [pool-357-thread-1] INFO  server.RaftServerConfigKeys (ConfUtils.java:logGet(43)) - raft.server.snapshot.auto.trigger.enabled = true (custom)
2019-09-27 09:19:08,178 [pool-357-thread-1] INFO  server.RaftServerConfigKeys (ConfUtils.java:logGet(43)) - raft.server.snapshot.auto.trigger.threshold = 10000 (custom)
2019-09-27 09:19:08,178 [pool-357-thread-1] INFO  server.RaftServerConfigKeys (ConfUtils.java:logGet(43)) - raft.server.snapshot.retention.num.files = 5 (custom)
2019-09-27 09:19:08,178 [pool-357-thread-1] INFO  server.RaftServerConfigKeys (ConfUtils.java:logGet(43)) - raft.server.retrycache.expirytime = 600000ms (custom)
2019-09-27 09:19:08,179 [pool-357-thread-1] INFO  impl.RaftServerImpl (RaftServerImpl.java:start(185)) - 58a870c2-09d8-4538-b684-89d5a4d1d620@group-4C34113D008D: start as a follower, conf=-1: [58a870c2-09d8-4538-b684-89d5a4d1d620:192.168.151.103:41551], old=null
2019-09-27 09:19:08,179 [pool-357-thread-1] INFO  impl.RaftServerImpl (RaftServerImpl.java:setRole(174)) - 58a870c2-09d8-4538-b684-89d5a4d1d620@group-4C34113D008D: changes role from      null to FOLLOWER at term 0 for startAsFollower
2019-09-27 09:19:08,179 [pool-357-thread-1] INFO  impl.RoleInfo (RoleInfo.java:updateAndGet(143)) - 58a870c2-09d8-4538-b684-89d5a4d1d620: start FollowerState
2019-09-27 09:19:08,179 [pool-357-thread-1] INFO  util.JmxRegister (JmxRegister.java:tryRegister(44)) - Successfully registered JMX Bean with object name Ratis:service=RaftServer,group=group-4C34113D008D,id=58a870c2-09d8-4538-b684-89d5a4d1d620
2019-09-27 09:19:08,184 [RatisPipelineUtilsThread] INFO  pipeline.PipelineStateManager (PipelineStateManager.java:addPipeline(56)) - Created pipeline Pipeline[ Id: 08411f76-bf21-4e4c-b92e-4c34113d008d, Nodes: 58a870c2-09d8-4538-b684-89d5a4d1d620{ip: 192.168.151.103, host: pr-hdds2162-4fxhj-20988671, networkLocation: /rack1, certSerialId: null}, Type:RATIS, Factor:ONE, State:OPEN]
2019-09-27 09:19:08,196 [grpc-default-executor-1] INFO  impl.RaftServerProxy (RaftServerProxy.java:addNew(89)) - f05e65be-6e62-49e0-b8f3-4d237753c08e: addNew group-674DA804F680:[f05e65be-6e62-49e0-b8f3-4d237753c08e:192.168.151.103:42243] returns group-674DA804F680:java.util.concurrent.CompletableFuture@380b39bb[Not completed]
2019-09-27 09:19:08,197 [pool-317-thread-1] INFO  impl.RaftServerImpl (RaftServerImpl.java:<init>(95)) - f05e65be-6e62-49e0-b8f3-4d237753c08e: new RaftServerImpl for group-674DA804F680:[f05e65be-6e62-49e0-b8f3-4d237753c08e:192.168.151.103:42243] with ContainerStateMachine:uninitialized
2019-09-27 09:19:08,197 [pool-317-thread-1] INFO  server.RaftServerConfigKeys (ConfUtils.java:logGet(43)) - raft.server.rpc.timeout.min = 1s (custom)
2019-09-27 09:19:08,197 [pool-317-thread-1] INFO  server.RaftServerConfigKeys (ConfUtils.java:logGet(43)) - raft.server.rpc.timeout.max = 1200ms (custom)
2019-09-27 09:19:08,197 [pool-317-thread-1] INFO  server.RaftServerConfigKeys (ConfUtils.java:logGet(43)) - raft.server.rpcslowness.timeout = 120s (custom)
2019-09-27 09:19:08,197 [pool-317-thread-1] INFO  server.RaftServerConfigKeys (ConfUtils.java:logGet(43)) - raft.server.sleep.deviation.threshold = 300 (default)
2019-09-27 09:19:08,198 [pool-317-thread-1] INFO  server.RaftServerConfigKeys (ConfUtils.java:logGet(43)) - raft.server.log.appender.install.snapshot.enabled = false (custom)
2019-09-27 09:19:08,198 [pool-317-thread-1] INFO  impl.RaftServerImpl (ServerState.java:<init>(103)) - f05e65be-6e62-49e0-b8f3-4d237753c08e@group-674DA804F680: ConfigurationManager, init=-1: [f05e65be-6e62-49e0-b8f3-4d237753c08e:192.168.151.103:42243], old=null, confs=<EMPTY_MAP>
2019-09-27 09:19:08,198 [pool-317-thread-1] INFO  server.RaftServerConfigKeys (ConfUtils.java:logGet(43)) - raft.server.storage.dir = [/workdir/hadoop-ozone/integration-test/target/test-dir/MiniOzoneClusterImpl-d2d06822-f460-4d8d-a87b-a517d879cb3f/datanode-5/data/ratis] (custom)
2019-09-27 09:19:08,198 [pool-317-thread-1] INFO  storage.RaftStorageDirectory (RaftStorageDirectory.java:analyzeStorage(246)) - The storage directory /workdir/hadoop-ozone/integration-test/target/test-dir/MiniOzoneClusterImpl-d2d06822-f460-4d8d-a87b-a517d879cb3f/datanode-5/data/ratis/b91b4541-b83a-4e9d-ad8d-674da804f680 does not exist. Creating ...
2019-09-27 09:19:08,211 [pool-317-thread-1] INFO  storage.RaftStorageDirectory (RaftStorageDirectory.java:tryLock(328)) - Lock on /workdir/hadoop-ozone/integration-test/target/test-dir/MiniOzoneClusterImpl-d2d06822-f460-4d8d-a87b-a517d879cb3f/datanode-5/data/ratis/b91b4541-b83a-4e9d-ad8d-674da804f680/in_use.lock acquired by nodename 29571@pr-hdds2162-4fxhj-20988671
2019-09-27 09:19:08,224 [pool-317-thread-1] INFO  storage.RaftStorage (RaftStorage.java:format(72)) - Storage directory /workdir/hadoop-ozone/integration-test/target/test-dir/MiniOzoneClusterImpl-d2d06822-f460-4d8d-a87b-a517d879cb3f/datanode-5/data/ratis/b91b4541-b83a-4e9d-ad8d-674da804f680 has been successfully formatted.
2019-09-27 09:19:08,224 [pool-317-thread-1] INFO  ratis.ContainerStateMachine (ContainerStateMachine.java:loadSnapshot(230)) - group-674DA804F680: The snapshot info is null. Setting the last applied indexto:(t:0, i:~)
2019-09-27 09:19:08,225 [pool-317-thread-1] INFO  server.RaftServerConfigKeys (ConfUtils.java:logGet(43)) - raft.server.notification.no-leader.timeout = 120s (custom)
2019-09-27 09:19:08,225 [pool-317-thread-1] INFO  server.RaftServerConfigKeys (ConfUtils.java:logGet(43)) - raft.server.log.use.memory = false (default)
2019-09-27 09:19:08,225 [pool-317-thread-1] INFO  server.RaftServerConfigKeys (ConfUtils.java:logGet(43)) - raft.server.log.purge.gap = 1000000 (custom)
2019-09-27 09:19:08,225 [pool-317-thread-1] INFO  server.RaftServerConfigKeys (ConfUtils.java:logGet(43)) - raft.server.log.appender.buffer.byte-limit = 33554432 (custom)
2019-09-27 09:19:08,225 [pool-317-thread-1] INFO  server.RaftServerConfigKeys (ConfUtils.java:logGet(43)) - raft.server.log.segment.size.max = 1048576 (custom)
2019-09-27 09:19:08,225 [pool-317-thread-1] INFO  server.RaftServerConfigKeys (ConfUtils.java:logGet(43)) - raft.server.log.segment.cache.num.max = 2 (custom)
2019-09-27 09:19:08,225 [pool-317-thread-1] INFO  segmented.SegmentedRaftLogWorker (SegmentedRaftLogWorker.java:<init>(172)) - new f05e65be-6e62-49e0-b8f3-4d237753c08e@group-674DA804F680-SegmentedRaftLogWorker for RaftStorage:Storage Directory /workdir/hadoop-ozone/integration-test/target/test-dir/MiniOzoneClusterImpl-d2d06822-f460-4d8d-a87b-a517d879cb3f/datanode-5/data/ratis/b91b4541-b83a-4e9d-ad8d-674da804f680
2019-09-27 09:19:08,226 [pool-317-thread-1] INFO  server.RaftServerConfigKeys (ConfUtils.java:logGet(43)) - raft.server.log.queue.byte-limit = 2147483647 (custom)
2019-09-27 09:19:08,226 [pool-317-thread-1] INFO  server.RaftServerConfigKeys (ConfUtils.java:logGet(43)) - raft.server.log.queue.element-limit = 1024 (custom)
2019-09-27 09:19:08,226 [pool-317-thread-1] INFO  server.RaftServerConfigKeys (ConfUtils.java:logGet(43)) - raft.server.log.segment.size.max = 1048576 (custom)
2019-09-27 09:19:08,226 [pool-317-thread-1] INFO  server.RaftServerConfigKeys (ConfUtils.java:logGet(43)) - raft.server.log.preallocated.size = 16384 (custom)
2019-09-27 09:19:08,227 [pool-317-thread-1] INFO  server.RaftServerConfigKeys (ConfUtils.java:logGet(43)) - raft.server.log.write.buffer.size = 33554432 (custom)
2019-09-27 09:19:08,227 [pool-317-thread-1] INFO  server.RaftServerConfigKeys (ConfUtils.java:logGet(43)) - raft.server.log.force.sync.num = 128 (default)
2019-09-27 09:19:08,227 [pool-317-thread-1] INFO  server.RaftServerConfigKeys (ConfUtils.java:logGet(43)) - raft.server.log.statemachine.data.sync = true (default)
2019-09-27 09:19:08,227 [pool-317-thread-1] INFO  server.RaftServerConfigKeys (ConfUtils.java:logGet(43)) - raft.server.log.statemachine.data.sync.timeout = 10s (default)
2019-09-27 09:19:08,227 [pool-317-thread-1] INFO  server.RaftServerConfigKeys (ConfUtils.java:logGet(43)) - raft.server.log.statemachine.data.sync.timeout.retry = -1 (default)
2019-09-27 09:19:08,227 [pool-317-thread-1] INFO  server.RaftServerConfigKeys (ConfUtils.java:logGet(43)) - raft.server.log.statemachine.data.caching.enabled = true (custom)
2019-09-27 09:19:08,227 [pool-317-thread-1] INFO  segmented.SegmentedRaftLogWorker (SegmentedRaftLogWorker.java:lambda$new$0(132)) - f05e65be-6e62-49e0-b8f3-4d237753c08e@group-674DA804F680-SegmentedRaftLogWorker: flushIndex: setUnconditionally 0 -> -1
2019-09-27 09:19:08,227 [pool-317-thread-1] INFO  server.RaftServerConfigKeys (ConfUtils.java:logGet(43)) - raft.server.snapshot.auto.trigger.enabled = true (custom)
2019-09-27 09:19:08,228 [pool-317-thread-1] INFO  server.RaftServerConfigKeys (ConfUtils.java:logGet(43)) - raft.server.snapshot.auto.trigger.threshold = 10000 (custom)
2019-09-27 09:19:08,228 [pool-317-thread-1] INFO  server.RaftServerConfigKeys (ConfUtils.java:logGet(43)) - raft.server.snapshot.retention.num.files = 5 (custom)
2019-09-27 09:19:08,228 [pool-317-thread-1] INFO  server.RaftServerConfigKeys (ConfUtils.java:logGet(43)) - raft.server.retrycache.expirytime = 600000ms (custom)
2019-09-27 09:19:08,229 [pool-317-thread-1] INFO  impl.RaftServerImpl (RaftServerImpl.java:start(185)) - f05e65be-6e62-49e0-b8f3-4d237753c08e@group-674DA804F680: start as a follower, conf=-1: [f05e65be-6e62-49e0-b8f3-4d237753c08e:192.168.151.103:42243], old=null
2019-09-27 09:19:08,229 [pool-317-thread-1] INFO  impl.RaftServerImpl (RaftServerImpl.java:setRole(174)) - f05e65be-6e62-49e0-b8f3-4d237753c08e@group-674DA804F680: changes role from      null to FOLLOWER at term 0 for startAsFollower
2019-09-27 09:19:08,229 [pool-317-thread-1] INFO  impl.RoleInfo (RoleInfo.java:updateAndGet(143)) - f05e65be-6e62-49e0-b8f3-4d237753c08e: start FollowerState
2019-09-27 09:19:08,229 [pool-317-thread-1] INFO  util.JmxRegister (JmxRegister.java:tryRegister(44)) - Successfully registered JMX Bean with object name Ratis:service=RaftServer,group=group-674DA804F680,id=f05e65be-6e62-49e0-b8f3-4d237753c08e
2019-09-27 09:19:08,234 [RatisPipelineUtilsThread] INFO  pipeline.PipelineStateManager (PipelineStateManager.java:addPipeline(56)) - Created pipeline Pipeline[ Id: b91b4541-b83a-4e9d-ad8d-674da804f680, Nodes: f05e65be-6e62-49e0-b8f3-4d237753c08e{ip: 192.168.151.103, host: pr-hdds2162-4fxhj-20988671, networkLocation: /rack1, certSerialId: null}, Type:RATIS, Factor:ONE, State:OPEN]
2019-09-27 09:19:08,246 [grpc-default-executor-0] INFO  impl.RaftServerProxy (RaftServerProxy.java:addNew(89)) - 7387e8c6-1a4e-4257-8943-3fffd176a0ab: addNew group-7ED8B9CF6619:[58a870c2-09d8-4538-b684-89d5a4d1d620:192.168.151.103:41551, 7387e8c6-1a4e-4257-8943-3fffd176a0ab:192.168.151.103:41069, 2ae76358-1a8d-4fd5-a4fd-20ea98138735:192.168.151.103:41875] returns group-7ED8B9CF6619:java.util.concurrent.CompletableFuture@6d26ccf1[Not completed]
2019-09-27 09:19:08,252 [grpc-default-executor-0] INFO  impl.RaftServerProxy (RaftServerProxy.java:addNew(89)) - 2ae76358-1a8d-4fd5-a4fd-20ea98138735: addNew group-7ED8B9CF6619:[58a870c2-09d8-4538-b684-89d5a4d1d620:192.168.151.103:41551, 7387e8c6-1a4e-4257-8943-3fffd176a0ab:192.168.151.103:41069, 2ae76358-1a8d-4fd5-a4fd-20ea98138735:192.168.151.103:41875] returns group-7ED8B9CF6619:java.util.concurrent.CompletableFuture@4c83134f[Not completed]
2019-09-27 09:19:08,252 [grpc-default-executor-1] INFO  impl.RaftServerProxy (RaftServerProxy.java:addNew(89)) - 58a870c2-09d8-4538-b684-89d5a4d1d620: addNew group-7ED8B9CF6619:[58a870c2-09d8-4538-b684-89d5a4d1d620:192.168.151.103:41551, 7387e8c6-1a4e-4257-8943-3fffd176a0ab:192.168.151.103:41069, 2ae76358-1a8d-4fd5-a4fd-20ea98138735:192.168.151.103:41875] returns group-7ED8B9CF6619:java.util.concurrent.CompletableFuture@40b286c2[Not completed]
2019-09-27 09:19:08,252 [pool-337-thread-1] INFO  impl.RaftServerImpl (RaftServerImpl.java:<init>(95)) - 7387e8c6-1a4e-4257-8943-3fffd176a0ab: new RaftServerImpl for group-7ED8B9CF6619:[58a870c2-09d8-4538-b684-89d5a4d1d620:192.168.151.103:41551, 7387e8c6-1a4e-4257-8943-3fffd176a0ab:192.168.151.103:41069, 2ae76358-1a8d-4fd5-a4fd-20ea98138735:192.168.151.103:41875] with ContainerStateMachine:uninitialized
2019-09-27 09:19:08,252 [pool-337-thread-1] INFO  server.RaftServerConfigKeys (ConfUtils.java:logGet(43)) - raft.server.rpc.timeout.min = 1s (custom)
2019-09-27 09:19:08,252 [pool-337-thread-1] INFO  server.RaftServerConfigKeys (ConfUtils.java:logGet(43)) - raft.server.rpc.timeout.max = 1200ms (custom)
2019-09-27 09:19:08,252 [pool-337-thread-1] INFO  server.RaftServerConfigKeys (ConfUtils.java:logGet(43)) - raft.server.rpcslowness.timeout = 120s (custom)
2019-09-27 09:19:08,252 [pool-357-thread-1] INFO  impl.RaftServerImpl (RaftServerImpl.java:<init>(95)) - 58a870c2-09d8-4538-b684-89d5a4d1d620: new RaftServerImpl for group-7ED8B9CF6619:[58a870c2-09d8-4538-b684-89d5a4d1d620:192.168.151.103:41551, 7387e8c6-1a4e-4257-8943-3fffd176a0ab:192.168.151.103:41069, 2ae76358-1a8d-4fd5-a4fd-20ea98138735:192.168.151.103:41875] with ContainerStateMachine:uninitialized
2019-09-27 09:19:08,252 [pool-337-thread-1] INFO  server.RaftServerConfigKeys (ConfUtils.java:logGet(43)) - raft.server.sleep.deviation.threshold = 300 (default)
2019-09-27 09:19:08,253 [pool-357-thread-1] INFO  server.RaftServerConfigKeys (ConfUtils.java:logGet(43)) - raft.server.rpc.timeout.min = 1s (custom)
2019-09-27 09:19:08,253 [pool-337-thread-1] INFO  server.RaftServerConfigKeys (ConfUtils.java:logGet(43)) - raft.server.log.appender.install.snapshot.enabled = false (custom)
2019-09-27 09:19:08,253 [pool-357-thread-1] INFO  server.RaftServerConfigKeys (ConfUtils.java:logGet(43)) - raft.server.rpc.timeout.max = 1200ms (custom)
2019-09-27 09:19:08,253 [pool-347-thread-1] INFO  impl.RaftServerImpl (RaftServerImpl.java:<init>(95)) - 2ae76358-1a8d-4fd5-a4fd-20ea98138735: new RaftServerImpl for group-7ED8B9CF6619:[58a870c2-09d8-4538-b684-89d5a4d1d620:192.168.151.103:41551, 7387e8c6-1a4e-4257-8943-3fffd176a0ab:192.168.151.103:41069, 2ae76358-1a8d-4fd5-a4fd-20ea98138735:192.168.151.103:41875] with ContainerStateMachine:uninitialized
2019-09-27 09:19:08,253 [pool-337-thread-1] INFO  impl.RaftServerImpl (ServerState.java:<init>(103)) - 7387e8c6-1a4e-4257-8943-3fffd176a0ab@group-7ED8B9CF6619: ConfigurationManager, init=-1: [58a870c2-09d8-4538-b684-89d5a4d1d620:192.168.151.103:41551, 7387e8c6-1a4e-4257-8943-3fffd176a0ab:192.168.151.103:41069, 2ae76358-1a8d-4fd5-a4fd-20ea98138735:192.168.151.103:41875], old=null, confs=<EMPTY_MAP>
2019-09-27 09:19:08,253 [pool-347-thread-1] INFO  server.RaftServerConfigKeys (ConfUtils.java:logGet(43)) - raft.server.rpc.timeout.min = 1s (custom)
2019-09-27 09:19:08,253 [pool-357-thread-1] INFO  server.RaftServerConfigKeys (ConfUtils.java:logGet(43)) - raft.server.rpcslowness.timeout = 120s (custom)
2019-09-27 09:19:08,253 [pool-347-thread-1] INFO  server.RaftServerConfigKeys (ConfUtils.java:logGet(43)) - raft.server.rpc.timeout.max = 1200ms (custom)
2019-09-27 09:19:08,254 [pool-347-thread-1] INFO  server.RaftServerConfigKeys (ConfUtils.java:logGet(43)) - raft.server.rpcslowness.timeout = 120s (custom)
2019-09-27 09:19:08,253 [pool-337-thread-1] INFO  server.RaftServerConfigKeys (ConfUtils.java:logGet(43)) - raft.server.storage.dir = [/workdir/hadoop-ozone/integration-test/target/test-dir/MiniOzoneClusterImpl-d2d06822-f460-4d8d-a87b-a517d879cb3f/datanode-7/data/ratis] (custom)
2019-09-27 09:19:08,254 [pool-347-thread-1] INFO  server.RaftServerConfigKeys (ConfUtils.java:logGet(43)) - raft.server.sleep.deviation.threshold = 300 (default)
2019-09-27 09:19:08,253 [pool-357-thread-1] INFO  server.RaftServerConfigKeys (ConfUtils.java:logGet(43)) - raft.server.sleep.deviation.threshold = 300 (default)
2019-09-27 09:19:08,254 [pool-337-thread-1] INFO  storage.RaftStorageDirectory (RaftStorageDirectory.java:analyzeStorage(246)) - The storage directory /workdir/hadoop-ozone/integration-test/target/test-dir/MiniOzoneClusterImpl-d2d06822-f460-4d8d-a87b-a517d879cb3f/datanode-7/data/ratis/9218e225-ad1c-4ca4-9b48-7ed8b9cf6619 does not exist. Creating ...
2019-09-27 09:19:08,254 [pool-347-thread-1] INFO  server.RaftServerConfigKeys (ConfUtils.java:logGet(43)) - raft.server.log.appender.install.snapshot.enabled = false (custom)
2019-09-27 09:19:08,254 [pool-357-thread-1] INFO  server.RaftServerConfigKeys (ConfUtils.java:logGet(43)) - raft.server.log.appender.install.snapshot.enabled = false (custom)
2019-09-27 09:19:08,254 [pool-347-thread-1] INFO  impl.RaftServerImpl (ServerState.java:<init>(103)) - 2ae76358-1a8d-4fd5-a4fd-20ea98138735@group-7ED8B9CF6619: ConfigurationManager, init=-1: [58a870c2-09d8-4538-b684-89d5a4d1d620:192.168.151.103:41551, 7387e8c6-1a4e-4257-8943-3fffd176a0ab:192.168.151.103:41069, 2ae76358-1a8d-4fd5-a4fd-20ea98138735:192.168.151.103:41875], old=null, confs=<EMPTY_MAP>
2019-09-27 09:19:08,254 [pool-357-thread-1] INFO  impl.RaftServerImpl (ServerState.java:<init>(103)) - 58a870c2-09d8-4538-b684-89d5a4d1d620@group-7ED8B9CF6619: ConfigurationManager, init=-1: [58a870c2-09d8-4538-b684-89d5a4d1d620:192.168.151.103:41551, 7387e8c6-1a4e-4257-8943-3fffd176a0ab:192.168.151.103:41069, 2ae76358-1a8d-4fd5-a4fd-20ea98138735:192.168.151.103:41875], old=null, confs=<EMPTY_MAP>
2019-09-27 09:19:08,255 [pool-347-thread-1] INFO  server.RaftServerConfigKeys (ConfUtils.java:logGet(43)) - raft.server.storage.dir = [/workdir/hadoop-ozone/integration-test/target/test-dir/MiniOzoneClusterImpl-d2d06822-f460-4d8d-a87b-a517d879cb3f/datanode-8/data/ratis] (custom)
2019-09-27 09:19:08,255 [pool-357-thread-1] INFO  server.RaftServerConfigKeys (ConfUtils.java:logGet(43)) - raft.server.storage.dir = [/workdir/hadoop-ozone/integration-test/target/test-dir/MiniOzoneClusterImpl-d2d06822-f460-4d8d-a87b-a517d879cb3f/datanode-9/data/ratis] (custom)
2019-09-27 09:19:08,255 [pool-357-thread-1] INFO  storage.RaftStorageDirectory (RaftStorageDirectory.java:analyzeStorage(246)) - The storage directory /workdir/hadoop-ozone/integration-test/target/test-dir/MiniOzoneClusterImpl-d2d06822-f460-4d8d-a87b-a517d879cb3f/datanode-9/data/ratis/9218e225-ad1c-4ca4-9b48-7ed8b9cf6619 does not exist. Creating ...
2019-09-27 09:19:08,255 [pool-347-thread-1] INFO  storage.RaftStorageDirectory (RaftStorageDirectory.java:analyzeStorage(246)) - The storage directory /workdir/hadoop-ozone/integration-test/target/test-dir/MiniOzoneClusterImpl-d2d06822-f460-4d8d-a87b-a517d879cb3f/datanode-8/data/ratis/9218e225-ad1c-4ca4-9b48-7ed8b9cf6619 does not exist. Creating ...
2019-09-27 09:19:08,268 [pool-347-thread-1] INFO  storage.RaftStorageDirectory (RaftStorageDirectory.java:tryLock(328)) - Lock on /workdir/hadoop-ozone/integration-test/target/test-dir/MiniOzoneClusterImpl-d2d06822-f460-4d8d-a87b-a517d879cb3f/datanode-8/data/ratis/9218e225-ad1c-4ca4-9b48-7ed8b9cf6619/in_use.lock acquired by nodename 29571@pr-hdds2162-4fxhj-20988671
2019-09-27 09:19:08,268 [pool-337-thread-1] INFO  storage.RaftStorageDirectory (RaftStorageDirectory.java:tryLock(328)) - Lock on /workdir/hadoop-ozone/integration-test/target/test-dir/MiniOzoneClusterImpl-d2d06822-f460-4d8d-a87b-a517d879cb3f/datanode-7/data/ratis/9218e225-ad1c-4ca4-9b48-7ed8b9cf6619/in_use.lock acquired by nodename 29571@pr-hdds2162-4fxhj-20988671
2019-09-27 09:19:08,268 [pool-357-thread-1] INFO  storage.RaftStorageDirectory (RaftStorageDirectory.java:tryLock(328)) - Lock on /workdir/hadoop-ozone/integration-test/target/test-dir/MiniOzoneClusterImpl-d2d06822-f460-4d8d-a87b-a517d879cb3f/datanode-9/data/ratis/9218e225-ad1c-4ca4-9b48-7ed8b9cf6619/in_use.lock acquired by nodename 29571@pr-hdds2162-4fxhj-20988671
2019-09-27 09:19:08,282 [pool-337-thread-1] INFO  storage.RaftStorage (RaftStorage.java:format(72)) - Storage directory /workdir/hadoop-ozone/integration-test/target/test-dir/MiniOzoneClusterImpl-d2d06822-f460-4d8d-a87b-a517d879cb3f/datanode-7/data/ratis/9218e225-ad1c-4ca4-9b48-7ed8b9cf6619 has been successfully formatted.
2019-09-27 09:19:08,282 [pool-357-thread-1] INFO  storage.RaftStorage (RaftStorage.java:format(72)) - Storage directory /workdir/hadoop-ozone/integration-test/target/test-dir/MiniOzoneClusterImpl-d2d06822-f460-4d8d-a87b-a517d879cb3f/datanode-9/data/ratis/9218e225-ad1c-4ca4-9b48-7ed8b9cf6619 has been successfully formatted.
2019-09-27 09:19:08,282 [pool-347-thread-1] INFO  storage.RaftStorage (RaftStorage.java:format(72)) - Storage directory /workdir/hadoop-ozone/integration-test/target/test-dir/MiniOzoneClusterImpl-d2d06822-f460-4d8d-a87b-a517d879cb3f/datanode-8/data/ratis/9218e225-ad1c-4ca4-9b48-7ed8b9cf6619 has been successfully formatted.
2019-09-27 09:19:08,282 [pool-357-thread-1] INFO  ratis.ContainerStateMachine (ContainerStateMachine.java:loadSnapshot(230)) - group-7ED8B9CF6619: The snapshot info is null. Setting the last applied indexto:(t:0, i:~)
2019-09-27 09:19:08,282 [pool-337-thread-1] INFO  ratis.ContainerStateMachine (ContainerStateMachine.java:loadSnapshot(230)) - group-7ED8B9CF6619: The snapshot info is null. Setting the last applied indexto:(t:0, i:~)
2019-09-27 09:19:08,282 [pool-347-thread-1] INFO  ratis.ContainerStateMachine (ContainerStateMachine.java:loadSnapshot(230)) - group-7ED8B9CF6619: The snapshot info is null. Setting the last applied indexto:(t:0, i:~)
2019-09-27 09:19:08,282 [pool-357-thread-1] INFO  server.RaftServerConfigKeys (ConfUtils.java:logGet(43)) - raft.server.notification.no-leader.timeout = 120s (custom)
2019-09-27 09:19:08,283 [pool-347-thread-1] INFO  server.RaftServerConfigKeys (ConfUtils.java:logGet(43)) - raft.server.notification.no-leader.timeout = 120s (custom)
2019-09-27 09:19:08,282 [pool-337-thread-1] INFO  server.RaftServerConfigKeys (ConfUtils.java:logGet(43)) - raft.server.notification.no-leader.timeout = 120s (custom)
2019-09-27 09:19:08,283 [pool-347-thread-1] INFO  server.RaftServerConfigKeys (ConfUtils.java:logGet(43)) - raft.server.log.use.memory = false (default)
2019-09-27 09:19:08,283 [pool-357-thread-1] INFO  server.RaftServerConfigKeys (ConfUtils.java:logGet(43)) - raft.server.log.use.memory = false (default)
2019-09-27 09:19:08,283 [pool-347-thread-1] INFO  server.RaftServerConfigKeys (ConfUtils.java:logGet(43)) - raft.server.log.purge.gap = 1000000 (custom)
2019-09-27 09:19:08,283 [pool-337-thread-1] INFO  server.RaftServerConfigKeys (ConfUtils.java:logGet(43)) - raft.server.log.use.memory = false (default)
2019-09-27 09:19:08,283 [pool-347-thread-1] INFO  server.RaftServerConfigKeys (ConfUtils.java:logGet(43)) - raft.server.log.appender.buffer.byte-limit = 33554432 (custom)
2019-09-27 09:19:08,283 [pool-357-thread-1] INFO  server.RaftServerConfigKeys (ConfUtils.java:logGet(43)) - raft.server.log.purge.gap = 1000000 (custom)
2019-09-27 09:19:08,284 [pool-347-thread-1] INFO  server.RaftServerConfigKeys (ConfUtils.java:logGet(43)) - raft.server.log.segment.size.max = 1048576 (custom)
2019-09-27 09:19:08,284 [pool-337-thread-1] INFO  server.RaftServerConfigKeys (ConfUtils.java:logGet(43)) - raft.server.log.purge.gap = 1000000 (custom)
2019-09-27 09:19:08,284 [pool-347-thread-1] INFO  server.RaftServerConfigKeys (ConfUtils.java:logGet(43)) - raft.server.log.segment.cache.num.max = 2 (custom)
2019-09-27 09:19:08,284 [pool-357-thread-1] INFO  server.RaftServerConfigKeys (ConfUtils.java:logGet(43)) - raft.server.log.appender.buffer.byte-limit = 33554432 (custom)
2019-09-27 09:19:08,284 [pool-347-thread-1] INFO  segmented.SegmentedRaftLogWorker (SegmentedRaftLogWorker.java:<init>(172)) - new 2ae76358-1a8d-4fd5-a4fd-20ea98138735@group-7ED8B9CF6619-SegmentedRaftLogWorker for RaftStorage:Storage Directory /workdir/hadoop-ozone/integration-test/target/test-dir/MiniOzoneClusterImpl-d2d06822-f460-4d8d-a87b-a517d879cb3f/datanode-8/data/ratis/9218e225-ad1c-4ca4-9b48-7ed8b9cf6619
2019-09-27 09:19:08,284 [pool-337-thread-1] INFO  server.RaftServerConfigKeys (ConfUtils.java:logGet(43)) - raft.server.log.appender.buffer.byte-limit = 33554432 (custom)
2019-09-27 09:19:08,285 [pool-337-thread-1] INFO  server.RaftServerConfigKeys (ConfUtils.java:logGet(43)) - raft.server.log.segment.size.max = 1048576 (custom)
2019-09-27 09:19:08,285 [pool-347-thread-1] INFO  server.RaftServerConfigKeys (ConfUtils.java:logGet(43)) - raft.server.log.queue.byte-limit = 2147483647 (custom)
2019-09-27 09:19:08,284 [pool-357-thread-1] INFO  server.RaftServerConfigKeys (ConfUtils.java:logGet(43)) - raft.server.log.segment.size.max = 1048576 (custom)
2019-09-27 09:19:08,285 [pool-347-thread-1] INFO  server.RaftServerConfigKeys (ConfUtils.java:logGet(43)) - raft.server.log.queue.element-limit = 1024 (custom)
2019-09-27 09:19:08,285 [pool-337-thread-1] INFO  server.RaftServerConfigKeys (ConfUtils.java:logGet(43)) - raft.server.log.segment.cache.num.max = 2 (custom)
2019-09-27 09:19:08,285 [pool-347-thread-1] INFO  server.RaftServerConfigKeys (ConfUtils.java:logGet(43)) - raft.server.log.segment.size.max = 1048576 (custom)
2019-09-27 09:19:08,285 [pool-357-thread-1] INFO  server.RaftServerConfigKeys (ConfUtils.java:logGet(43)) - raft.server.log.segment.cache.num.max = 2 (custom)
2019-09-27 09:19:08,286 [pool-347-thread-1] INFO  server.RaftServerConfigKeys (ConfUtils.java:logGet(43)) - raft.server.log.preallocated.size = 16384 (custom)
2019-09-27 09:19:08,285 [pool-337-thread-1] INFO  segmented.SegmentedRaftLogWorker (SegmentedRaftLogWorker.java:<init>(172)) - new 7387e8c6-1a4e-4257-8943-3fffd176a0ab@group-7ED8B9CF6619-SegmentedRaftLogWorker for RaftStorage:Storage Directory /workdir/hadoop-ozone/integration-test/target/test-dir/MiniOzoneClusterImpl-d2d06822-f460-4d8d-a87b-a517d879cb3f/datanode-7/data/ratis/9218e225-ad1c-4ca4-9b48-7ed8b9cf6619
2019-09-27 09:19:08,286 [pool-347-thread-1] INFO  server.RaftServerConfigKeys (ConfUtils.java:logGet(43)) - raft.server.log.write.buffer.size = 33554432 (custom)
2019-09-27 09:19:08,286 [pool-357-thread-1] INFO  segmented.SegmentedRaftLogWorker (SegmentedRaftLogWorker.java:<init>(172)) - new 58a870c2-09d8-4538-b684-89d5a4d1d620@group-7ED8B9CF6619-SegmentedRaftLogWorker for RaftStorage:Storage Directory /workdir/hadoop-ozone/integration-test/target/test-dir/MiniOzoneClusterImpl-d2d06822-f460-4d8d-a87b-a517d879cb3f/datanode-9/data/ratis/9218e225-ad1c-4ca4-9b48-7ed8b9cf6619
2019-09-27 09:19:08,286 [pool-347-thread-1] INFO  server.RaftServerConfigKeys (ConfUtils.java:logGet(43)) - raft.server.log.force.sync.num = 128 (default)
2019-09-27 09:19:08,286 [pool-337-thread-1] INFO  server.RaftServerConfigKeys (ConfUtils.java:logGet(43)) - raft.server.log.queue.byte-limit = 2147483647 (custom)
2019-09-27 09:19:08,287 [pool-347-thread-1] INFO  server.RaftServerConfigKeys (ConfUtils.java:logGet(43)) - raft.server.log.statemachine.data.sync = true (default)
2019-09-27 09:19:08,286 [pool-357-thread-1] INFO  server.RaftServerConfigKeys (ConfUtils.java:logGet(43)) - raft.server.log.queue.byte-limit = 2147483647 (custom)
2019-09-27 09:19:08,287 [pool-347-thread-1] INFO  server.RaftServerConfigKeys (ConfUtils.java:logGet(43)) - raft.server.log.statemachine.data.sync.timeout = 10s (default)
2019-09-27 09:19:08,287 [pool-337-thread-1] INFO  server.RaftServerConfigKeys (ConfUtils.java:logGet(43)) - raft.server.log.queue.element-limit = 1024 (custom)
2019-09-27 09:19:08,287 [pool-347-thread-1] INFO  server.RaftServerConfigKeys (ConfUtils.java:logGet(43)) - raft.server.log.statemachine.data.sync.timeout.retry = -1 (default)
2019-09-27 09:19:08,287 [pool-357-thread-1] INFO  server.RaftServerConfigKeys (ConfUtils.java:logGet(43)) - raft.server.log.queue.element-limit = 1024 (custom)
2019-09-27 09:19:08,287 [pool-347-thread-1] INFO  server.RaftServerConfigKeys (ConfUtils.java:logGet(43)) - raft.server.log.statemachine.data.caching.enabled = true (custom)
2019-09-27 09:19:08,287 [pool-337-thread-1] INFO  server.RaftServerConfigKeys (ConfUtils.java:logGet(43)) - raft.server.log.segment.size.max = 1048576 (custom)
2019-09-27 09:19:08,288 [pool-357-thread-1] INFO  server.RaftServerConfigKeys (ConfUtils.java:logGet(43)) - raft.server.log.segment.size.max = 1048576 (custom)
2019-09-27 09:19:08,288 [pool-347-thread-1] INFO  segmented.SegmentedRaftLogWorker (SegmentedRaftLogWorker.java:lambda$new$0(132)) - 2ae76358-1a8d-4fd5-a4fd-20ea98138735@group-7ED8B9CF6619-SegmentedRaftLogWorker: flushIndex: setUnconditionally 0 -> -1
2019-09-27 09:19:08,288 [pool-337-thread-1] INFO  server.RaftServerConfigKeys (ConfUtils.java:logGet(43)) - raft.server.log.preallocated.size = 16384 (custom)
2019-09-27 09:19:08,288 [pool-337-thread-1] INFO  server.RaftServerConfigKeys (ConfUtils.java:logGet(43)) - raft.server.log.write.buffer.size = 33554432 (custom)
2019-09-27 09:19:08,288 [pool-357-thread-1] INFO  server.RaftServerConfigKeys (ConfUtils.java:logGet(43)) - raft.server.log.preallocated.size = 16384 (custom)
2019-09-27 09:19:08,288 [pool-347-thread-1] INFO  server.RaftServerConfigKeys (ConfUtils.java:logGet(43)) - raft.server.snapshot.auto.trigger.enabled = true (custom)
2019-09-27 09:19:08,288 [pool-337-thread-1] INFO  server.RaftServerConfigKeys (ConfUtils.java:logGet(43)) - raft.server.log.force.sync.num = 128 (default)
2019-09-27 09:19:08,289 [pool-347-thread-1] INFO  server.RaftServerConfigKeys (ConfUtils.java:logGet(43)) - raft.server.snapshot.auto.trigger.threshold = 10000 (custom)
2019-09-27 09:19:08,289 [pool-357-thread-1] INFO  server.RaftServerConfigKeys (ConfUtils.java:logGet(43)) - raft.server.log.write.buffer.size = 33554432 (custom)
2019-09-27 09:19:08,289 [pool-347-thread-1] INFO  server.RaftServerConfigKeys (ConfUtils.java:logGet(43)) - raft.server.snapshot.retention.num.files = 5 (custom)
2019-09-27 09:19:08,289 [pool-337-thread-1] INFO  server.RaftServerConfigKeys (ConfUtils.java:logGet(43)) - raft.server.log.statemachine.data.sync = true (default)
2019-09-27 09:19:08,289 [pool-347-thread-1] INFO  server.RaftServerConfigKeys (ConfUtils.java:logGet(43)) - raft.server.retrycache.expirytime = 600000ms (custom)
2019-09-27 09:19:08,289 [pool-357-thread-1] INFO  server.RaftServerConfigKeys (ConfUtils.java:logGet(43)) - raft.server.log.force.sync.num = 128 (default)
2019-09-27 09:19:08,289 [pool-337-thread-1] INFO  server.RaftServerConfigKeys (ConfUtils.java:logGet(43)) - raft.server.log.statemachine.data.sync.timeout = 10s (default)
2019-09-27 09:19:08,290 [pool-357-thread-1] INFO  server.RaftServerConfigKeys (ConfUtils.java:logGet(43)) - raft.server.log.statemachine.data.sync = true (default)
2019-09-27 09:19:08,290 [pool-337-thread-1] INFO  server.RaftServerConfigKeys (ConfUtils.java:logGet(43)) - raft.server.log.statemachine.data.sync.timeout.retry = -1 (default)
2019-09-27 09:19:08,290 [pool-357-thread-1] INFO  server.RaftServerConfigKeys (ConfUtils.java:logGet(43)) - raft.server.log.statemachine.data.sync.timeout = 10s (default)
2019-09-27 09:19:08,290 [pool-337-thread-1] INFO  server.RaftServerConfigKeys (ConfUtils.java:logGet(43)) - raft.server.log.statemachine.data.caching.enabled = true (custom)
2019-09-27 09:19:08,290 [pool-357-thread-1] INFO  server.RaftServerConfigKeys (ConfUtils.java:logGet(43)) - raft.server.log.statemachine.data.sync.timeout.retry = -1 (default)
2019-09-27 09:19:08,290 [pool-337-thread-1] INFO  segmented.SegmentedRaftLogWorker (SegmentedRaftLogWorker.java:lambda$new$0(132)) - 7387e8c6-1a4e-4257-8943-3fffd176a0ab@group-7ED8B9CF6619-SegmentedRaftLogWorker: flushIndex: setUnconditionally 0 -> -1
2019-09-27 09:19:08,290 [pool-357-thread-1] INFO  server.RaftServerConfigKeys (ConfUtils.java:logGet(43)) - raft.server.log.statemachine.data.caching.enabled = true (custom)
2019-09-27 09:19:08,291 [pool-337-thread-1] INFO  server.RaftServerConfigKeys (ConfUtils.java:logGet(43)) - raft.server.snapshot.auto.trigger.enabled = true (custom)
2019-09-27 09:19:08,291 [pool-337-thread-1] INFO  server.RaftServerConfigKeys (ConfUtils.java:logGet(43)) - raft.server.snapshot.auto.trigger.threshold = 10000 (custom)
2019-09-27 09:19:08,291 [pool-357-thread-1] INFO  segmented.SegmentedRaftLogWorker (SegmentedRaftLogWorker.java:lambda$new$0(132)) - 58a870c2-09d8-4538-b684-89d5a4d1d620@group-7ED8B9CF6619-SegmentedRaftLogWorker: flushIndex: setUnconditionally 0 -> -1
2019-09-27 09:19:08,291 [pool-337-thread-1] INFO  server.RaftServerConfigKeys (ConfUtils.java:logGet(43)) - raft.server.snapshot.retention.num.files = 5 (custom)
2019-09-27 09:19:08,291 [pool-337-thread-1] INFO  server.RaftServerConfigKeys (ConfUtils.java:logGet(43)) - raft.server.retrycache.expirytime = 600000ms (custom)
2019-09-27 09:19:08,291 [pool-357-thread-1] INFO  server.RaftServerConfigKeys (ConfUtils.java:logGet(43)) - raft.server.snapshot.auto.trigger.enabled = true (custom)
2019-09-27 09:19:08,291 [pool-347-thread-1] INFO  impl.RaftServerImpl (RaftServerImpl.java:start(185)) - 2ae76358-1a8d-4fd5-a4fd-20ea98138735@group-7ED8B9CF6619: start as a follower, conf=-1: [58a870c2-09d8-4538-b684-89d5a4d1d620:192.168.151.103:41551, 7387e8c6-1a4e-4257-8943-3fffd176a0ab:192.168.151.103:41069, 2ae76358-1a8d-4fd5-a4fd-20ea98138735:192.168.151.103:41875], old=null
2019-09-27 09:19:08,291 [pool-357-thread-1] INFO  server.RaftServerConfigKeys (ConfUtils.java:logGet(43)) - raft.server.snapshot.auto.trigger.threshold = 10000 (custom)
2019-09-27 09:19:08,292 [pool-347-thread-1] INFO  impl.RaftServerImpl (RaftServerImpl.java:setRole(174)) - 2ae76358-1a8d-4fd5-a4fd-20ea98138735@group-7ED8B9CF6619: changes role from      null to FOLLOWER at term 0 for startAsFollower
2019-09-27 09:19:08,292 [pool-357-thread-1] INFO  server.RaftServerConfigKeys (ConfUtils.java:logGet(43)) - raft.server.snapshot.retention.num.files = 5 (custom)
2019-09-27 09:19:08,292 [pool-347-thread-1] INFO  impl.RoleInfo (RoleInfo.java:updateAndGet(143)) - 2ae76358-1a8d-4fd5-a4fd-20ea98138735: start FollowerState
2019-09-27 09:19:08,292 [pool-357-thread-1] INFO  server.RaftServerConfigKeys (ConfUtils.java:logGet(43)) - raft.server.retrycache.expirytime = 600000ms (custom)
2019-09-27 09:19:08,292 [pool-347-thread-1] INFO  util.JmxRegister (JmxRegister.java:tryRegister(44)) - Successfully registered JMX Bean with object name Ratis:service=RaftServer,group=group-7ED8B9CF6619,id=2ae76358-1a8d-4fd5-a4fd-20ea98138735
2019-09-27 09:19:08,293 [pool-337-thread-1] INFO  impl.RaftServerImpl (RaftServerImpl.java:start(185)) - 7387e8c6-1a4e-4257-8943-3fffd176a0ab@group-7ED8B9CF6619: start as a follower, conf=-1: [58a870c2-09d8-4538-b684-89d5a4d1d620:192.168.151.103:41551, 7387e8c6-1a4e-4257-8943-3fffd176a0ab:192.168.151.103:41069, 2ae76358-1a8d-4fd5-a4fd-20ea98138735:192.168.151.103:41875], old=null
2019-09-27 09:19:08,293 [pool-337-thread-1] INFO  impl.RaftServerImpl (RaftServerImpl.java:setRole(174)) - 7387e8c6-1a4e-4257-8943-3fffd176a0ab@group-7ED8B9CF6619: changes role from      null to FOLLOWER at term 0 for startAsFollower
2019-09-27 09:19:08,293 [pool-337-thread-1] INFO  impl.RoleInfo (RoleInfo.java:updateAndGet(143)) - 7387e8c6-1a4e-4257-8943-3fffd176a0ab: start FollowerState
2019-09-27 09:19:08,293 [pool-337-thread-1] INFO  util.JmxRegister (JmxRegister.java:tryRegister(44)) - Successfully registered JMX Bean with object name Ratis:service=RaftServer,group=group-7ED8B9CF6619,id=7387e8c6-1a4e-4257-8943-3fffd176a0ab
2019-09-27 09:19:08,294 [pool-357-thread-1] INFO  impl.RaftServerImpl (RaftServerImpl.java:start(185)) - 58a870c2-09d8-4538-b684-89d5a4d1d620@group-7ED8B9CF6619: start as a follower, conf=-1: [58a870c2-09d8-4538-b684-89d5a4d1d620:192.168.151.103:41551, 7387e8c6-1a4e-4257-8943-3fffd176a0ab:192.168.151.103:41069, 2ae76358-1a8d-4fd5-a4fd-20ea98138735:192.168.151.103:41875], old=null
2019-09-27 09:19:08,298 [pool-357-thread-1] INFO  impl.RaftServerImpl (RaftServerImpl.java:setRole(174)) - 58a870c2-09d8-4538-b684-89d5a4d1d620@group-7ED8B9CF6619: changes role from      null to FOLLOWER at term 0 for startAsFollower
2019-09-27 09:19:08,301 [pool-357-thread-1] INFO  impl.RoleInfo (RoleInfo.java:updateAndGet(143)) - 58a870c2-09d8-4538-b684-89d5a4d1d620: start FollowerState
2019-09-27 09:19:08,301 [pool-357-thread-1] INFO  util.JmxRegister (JmxRegister.java:tryRegister(44)) - Successfully registered JMX Bean with object name Ratis:service=RaftServer,group=group-7ED8B9CF6619,id=58a870c2-09d8-4538-b684-89d5a4d1d620
2019-09-27 09:19:08,306 [RatisPipelineUtilsThread] INFO  pipeline.PipelineStateManager (PipelineStateManager.java:addPipeline(56)) - Created pipeline Pipeline[ Id: 9218e225-ad1c-4ca4-9b48-7ed8b9cf6619, Nodes: 2ae76358-1a8d-4fd5-a4fd-20ea98138735{ip: 192.168.151.103, host: pr-hdds2162-4fxhj-20988671, networkLocation: /rack1, certSerialId: null}7387e8c6-1a4e-4257-8943-3fffd176a0ab{ip: 192.168.151.103, host: pr-hdds2162-4fxhj-20988671, networkLocation: /rack1, certSerialId: null}58a870c2-09d8-4538-b684-89d5a4d1d620{ip: 192.168.151.103, host: pr-hdds2162-4fxhj-20988671, networkLocation: /rack1, certSerialId: null}, Type:RATIS, Factor:THREE, State:OPEN]
2019-09-27 09:19:08,617 [Thread-4178] INFO  impl.FollowerState (FollowerState.java:run(106)) - 82c6079f-0caa-41c9-82d7-90e7306895b1:group-8A5E8641923C changes to CANDIDATE, lastRpcTime:1031, electionTimeout:1031ms
2019-09-27 09:19:08,617 [Thread-4178] INFO  impl.RoleInfo (RoleInfo.java:shutdownFollowerState(121)) - 82c6079f-0caa-41c9-82d7-90e7306895b1: shutdown FollowerState
2019-09-27 09:19:08,617 [Thread-4178] INFO  impl.RaftServerImpl (RaftServerImpl.java:setRole(174)) - 82c6079f-0caa-41c9-82d7-90e7306895b1@group-8A5E8641923C: changes role from  FOLLOWER to CANDIDATE at term 0 for changeToCandidate
2019-09-27 09:19:08,617 [Thread-4178] INFO  impl.RoleInfo (RoleInfo.java:updateAndGet(143)) - 82c6079f-0caa-41c9-82d7-90e7306895b1: start LeaderElection
2019-09-27 09:19:08,639 [82c6079f-0caa-41c9-82d7-90e7306895b1@group-8A5E8641923C:LeaderElection66] INFO  impl.LeaderElection (LeaderElection.java:askForVotes(182)) - 82c6079f-0caa-41c9-82d7-90e7306895b1@group-8A5E8641923C:LeaderElection66: begin an election at term 1 for -1: [82c6079f-0caa-41c9-82d7-90e7306895b1:192.168.151.103:43165], old=null
2019-09-27 09:19:08,639 [82c6079f-0caa-41c9-82d7-90e7306895b1@group-8A5E8641923C:LeaderElection66] INFO  impl.RoleInfo (RoleInfo.java:shutdownLeaderElection(134)) - 82c6079f-0caa-41c9-82d7-90e7306895b1: shutdown LeaderElection
2019-09-27 09:19:08,639 [82c6079f-0caa-41c9-82d7-90e7306895b1@group-8A5E8641923C:LeaderElection66] INFO  impl.RaftServerImpl (RaftServerImpl.java:setRole(174)) - 82c6079f-0caa-41c9-82d7-90e7306895b1@group-8A5E8641923C: changes role from CANDIDATE to LEADER at term 1 for changeToLeader
2019-09-27 09:19:08,639 [82c6079f-0caa-41c9-82d7-90e7306895b1@group-8A5E8641923C:LeaderElection66] INFO  impl.RaftServerImpl (ServerState.java:setLeader(253)) - 82c6079f-0caa-41c9-82d7-90e7306895b1@group-8A5E8641923C: change Leader from null to 82c6079f-0caa-41c9-82d7-90e7306895b1 at term 1 for becomeLeader, leader elected after 1064ms
2019-09-27 09:19:08,639 [82c6079f-0caa-41c9-82d7-90e7306895b1@group-8A5E8641923C:LeaderElection66] INFO  server.RaftServerConfigKeys (ConfUtils.java:logGet(43)) - raft.server.staging.catchup.gap = 1000 (default)
2019-09-27 09:19:08,640 [82c6079f-0caa-41c9-82d7-90e7306895b1@group-8A5E8641923C:LeaderElection66] INFO  server.RaftServerConfigKeys (ConfUtils.java:logGet(43)) - raft.server.rpc.sleep.time = 25ms (default)
2019-09-27 09:19:08,640 [82c6079f-0caa-41c9-82d7-90e7306895b1@group-8A5E8641923C:LeaderElection66] INFO  server.RaftServerConfigKeys (ConfUtils.java:logGet(43)) - raft.server.write.element-limit = 4096 (default)
2019-09-27 09:19:08,640 [82c6079f-0caa-41c9-82d7-90e7306895b1@group-8A5E8641923C:LeaderElection66] INFO  server.RaftServerConfigKeys (ConfUtils.java:logGet(43)) - raft.server.watch.timeout = 10s (default)
2019-09-27 09:19:08,640 [82c6079f-0caa-41c9-82d7-90e7306895b1@group-8A5E8641923C:LeaderElection66] INFO  server.RaftServerConfigKeys (ConfUtils.java:logGet(43)) - raft.server.watch.timeout.denomination = 1s (default)
2019-09-27 09:19:08,640 [82c6079f-0caa-41c9-82d7-90e7306895b1@group-8A5E8641923C:LeaderElection66] INFO  server.RaftServerConfigKeys (ConfUtils.java:logGet(43)) - raft.server.watch.element-limit = 65536 (default)
2019-09-27 09:19:08,643 [82c6079f-0caa-41c9-82d7-90e7306895b1@group-8A5E8641923C:LeaderElection66] INFO  impl.RoleInfo (RoleInfo.java:updateAndGet(143)) - 82c6079f-0caa-41c9-82d7-90e7306895b1: start LeaderState
2019-09-27 09:19:08,643 [82c6079f-0caa-41c9-82d7-90e7306895b1@group-8A5E8641923C:LeaderElection66] INFO  segmented.SegmentedRaftLogWorker (SegmentedRaftLogWorker.java:startLogSegment(380)) - 82c6079f-0caa-41c9-82d7-90e7306895b1@group-8A5E8641923C-SegmentedRaftLogWorker: Starting segment from index:0
2019-09-27 09:19:08,644 [82c6079f-0caa-41c9-82d7-90e7306895b1@group-8A5E8641923C:LeaderElection66] INFO  impl.RaftServerImpl (ServerState.java:setRaftConf(354)) - 82c6079f-0caa-41c9-82d7-90e7306895b1@group-8A5E8641923C: set configuration 0: [82c6079f-0caa-41c9-82d7-90e7306895b1:192.168.151.103:43165], old=null at 0
2019-09-27 09:19:08,693 [82c6079f-0caa-41c9-82d7-90e7306895b1@group-8A5E8641923C-SegmentedRaftLogWorker] INFO  segmented.SegmentedRaftLogWorker (SegmentedRaftLogWorker.java:execute(569)) - 82c6079f-0caa-41c9-82d7-90e7306895b1@group-8A5E8641923C-SegmentedRaftLogWorker: created new log segment /workdir/hadoop-ozone/integration-test/target/test-dir/MiniOzoneClusterImpl-d2d06822-f460-4d8d-a87b-a517d879cb3f/datanode-0/data/ratis/1bf69aac-5365-48a5-b3c8-8a5e8641923c/current/log_inprogress_0
2019-09-27 09:19:08,694 [Thread-4181] INFO  impl.FollowerState (FollowerState.java:run(106)) - 3336feff-37d1-4141-b1ec-acdf5527e46c:group-35F71627C23A changes to CANDIDATE, lastRpcTime:1043, electionTimeout:1043ms
2019-09-27 09:19:08,694 [Thread-4181] INFO  impl.RoleInfo (RoleInfo.java:shutdownFollowerState(121)) - 3336feff-37d1-4141-b1ec-acdf5527e46c: shutdown FollowerState
2019-09-27 09:19:08,694 [Thread-4181] INFO  impl.RaftServerImpl (RaftServerImpl.java:setRole(174)) - 3336feff-37d1-4141-b1ec-acdf5527e46c@group-35F71627C23A: changes role from  FOLLOWER to CANDIDATE at term 0 for changeToCandidate
2019-09-27 09:19:08,694 [Thread-4181] INFO  impl.RoleInfo (RoleInfo.java:updateAndGet(143)) - 3336feff-37d1-4141-b1ec-acdf5527e46c: start LeaderElection
2019-09-27 09:19:08,718 [3336feff-37d1-4141-b1ec-acdf5527e46c@group-35F71627C23A:LeaderElection67] INFO  impl.LeaderElection (LeaderElection.java:askForVotes(182)) - 3336feff-37d1-4141-b1ec-acdf5527e46c@group-35F71627C23A:LeaderElection67: begin an election at term 1 for -1: [3336feff-37d1-4141-b1ec-acdf5527e46c:192.168.151.103:37464], old=null
2019-09-27 09:19:08,718 [3336feff-37d1-4141-b1ec-acdf5527e46c@group-35F71627C23A:LeaderElection67] INFO  impl.RoleInfo (RoleInfo.java:shutdownLeaderElection(134)) - 3336feff-37d1-4141-b1ec-acdf5527e46c: shutdown LeaderElection
2019-09-27 09:19:08,718 [3336feff-37d1-4141-b1ec-acdf5527e46c@group-35F71627C23A:LeaderElection67] INFO  impl.RaftServerImpl (RaftServerImpl.java:setRole(174)) - 3336feff-37d1-4141-b1ec-acdf5527e46c@group-35F71627C23A: changes role from CANDIDATE to LEADER at term 1 for changeToLeader
2019-09-27 09:19:08,718 [3336feff-37d1-4141-b1ec-acdf5527e46c@group-35F71627C23A:LeaderElection67] INFO  impl.RaftServerImpl (ServerState.java:setLeader(253)) - 3336feff-37d1-4141-b1ec-acdf5527e46c@group-35F71627C23A: change Leader from null to 3336feff-37d1-4141-b1ec-acdf5527e46c at term 1 for becomeLeader, leader elected after 1075ms
2019-09-27 09:19:08,719 [3336feff-37d1-4141-b1ec-acdf5527e46c@group-35F71627C23A:LeaderElection67] INFO  server.RaftServerConfigKeys (ConfUtils.java:logGet(43)) - raft.server.staging.catchup.gap = 1000 (default)
2019-09-27 09:19:08,719 [3336feff-37d1-4141-b1ec-acdf5527e46c@group-35F71627C23A:LeaderElection67] INFO  server.RaftServerConfigKeys (ConfUtils.java:logGet(43)) - raft.server.rpc.sleep.time = 25ms (default)
2019-09-27 09:19:08,719 [3336feff-37d1-4141-b1ec-acdf5527e46c@group-35F71627C23A:LeaderElection67] INFO  server.RaftServerConfigKeys (ConfUtils.java:logGet(43)) - raft.server.write.element-limit = 4096 (default)
2019-09-27 09:19:08,719 [3336feff-37d1-4141-b1ec-acdf5527e46c@group-35F71627C23A:LeaderElection67] INFO  server.RaftServerConfigKeys (ConfUtils.java:logGet(43)) - raft.server.watch.timeout = 10s (default)
2019-09-27 09:19:08,719 [3336feff-37d1-4141-b1ec-acdf5527e46c@group-35F71627C23A:LeaderElection67] INFO  server.RaftServerConfigKeys (ConfUtils.java:logGet(43)) - raft.server.watch.timeout.denomination = 1s (default)
2019-09-27 09:19:08,720 [3336feff-37d1-4141-b1ec-acdf5527e46c@group-35F71627C23A:LeaderElection67] INFO  server.RaftServerConfigKeys (ConfUtils.java:logGet(43)) - raft.server.watch.element-limit = 65536 (default)
2019-09-27 09:19:08,722 [3336feff-37d1-4141-b1ec-acdf5527e46c@group-35F71627C23A:LeaderElection67] INFO  impl.RoleInfo (RoleInfo.java:updateAndGet(143)) - 3336feff-37d1-4141-b1ec-acdf5527e46c: start LeaderState
2019-09-27 09:19:08,722 [3336feff-37d1-4141-b1ec-acdf5527e46c@group-35F71627C23A:LeaderElection67] INFO  segmented.SegmentedRaftLogWorker (SegmentedRaftLogWorker.java:startLogSegment(380)) - 3336feff-37d1-4141-b1ec-acdf5527e46c@group-35F71627C23A-SegmentedRaftLogWorker: Starting segment from index:0
2019-09-27 09:19:08,723 [3336feff-37d1-4141-b1ec-acdf5527e46c@group-35F71627C23A:LeaderElection67] INFO  impl.RaftServerImpl (ServerState.java:setRaftConf(354)) - 3336feff-37d1-4141-b1ec-acdf5527e46c@group-35F71627C23A: set configuration 0: [3336feff-37d1-4141-b1ec-acdf5527e46c:192.168.151.103:37464], old=null at 0
2019-09-27 09:19:08,729 [Thread-4184] INFO  impl.FollowerState (FollowerState.java:run(106)) - 5b10fcef-bcb8-4685-875f-8e79f20d296a:group-AE3265CEAB5E changes to CANDIDATE, lastRpcTime:1022, electionTimeout:1022ms
2019-09-27 09:19:08,730 [Thread-4184] INFO  impl.RoleInfo (RoleInfo.java:shutdownFollowerState(121)) - 5b10fcef-bcb8-4685-875f-8e79f20d296a: shutdown FollowerState
2019-09-27 09:19:08,730 [Thread-4184] INFO  impl.RaftServerImpl (RaftServerImpl.java:setRole(174)) - 5b10fcef-bcb8-4685-875f-8e79f20d296a@group-AE3265CEAB5E: changes role from  FOLLOWER to CANDIDATE at term 0 for changeToCandidate
2019-09-27 09:19:08,730 [Thread-4184] INFO  impl.RoleInfo (RoleInfo.java:updateAndGet(143)) - 5b10fcef-bcb8-4685-875f-8e79f20d296a: start LeaderElection
2019-09-27 09:19:08,778 [3336feff-37d1-4141-b1ec-acdf5527e46c@group-35F71627C23A-SegmentedRaftLogWorker] INFO  segmented.SegmentedRaftLogWorker (SegmentedRaftLogWorker.java:execute(569)) - 3336feff-37d1-4141-b1ec-acdf5527e46c@group-35F71627C23A-SegmentedRaftLogWorker: created new log segment /workdir/hadoop-ozone/integration-test/target/test-dir/MiniOzoneClusterImpl-d2d06822-f460-4d8d-a87b-a517d879cb3f/datanode-1/data/ratis/aa2a2f09-38be-420a-b576-35f71627c23a/current/log_inprogress_0
2019-09-27 09:19:08,778 [5b10fcef-bcb8-4685-875f-8e79f20d296a@group-AE3265CEAB5E:LeaderElection68] INFO  impl.LeaderElection (LeaderElection.java:askForVotes(182)) - 5b10fcef-bcb8-4685-875f-8e79f20d296a@group-AE3265CEAB5E:LeaderElection68: begin an election at term 1 for -1: [5b10fcef-bcb8-4685-875f-8e79f20d296a:192.168.151.103:45629], old=null
2019-09-27 09:19:08,779 [5b10fcef-bcb8-4685-875f-8e79f20d296a@group-AE3265CEAB5E:LeaderElection68] INFO  impl.RoleInfo (RoleInfo.java:shutdownLeaderElection(134)) - 5b10fcef-bcb8-4685-875f-8e79f20d296a: shutdown LeaderElection
2019-09-27 09:19:08,779 [5b10fcef-bcb8-4685-875f-8e79f20d296a@group-AE3265CEAB5E:LeaderElection68] INFO  impl.RaftServerImpl (RaftServerImpl.java:setRole(174)) - 5b10fcef-bcb8-4685-875f-8e79f20d296a@group-AE3265CEAB5E: changes role from CANDIDATE to LEADER at term 1 for changeToLeader
2019-09-27 09:19:08,779 [5b10fcef-bcb8-4685-875f-8e79f20d296a@group-AE3265CEAB5E:LeaderElection68] INFO  impl.RaftServerImpl (ServerState.java:setLeader(253)) - 5b10fcef-bcb8-4685-875f-8e79f20d296a@group-AE3265CEAB5E: change Leader from null to 5b10fcef-bcb8-4685-875f-8e79f20d296a at term 1 for becomeLeader, leader elected after 1080ms
2019-09-27 09:19:08,779 [5b10fcef-bcb8-4685-875f-8e79f20d296a@group-AE3265CEAB5E:LeaderElection68] INFO  server.RaftServerConfigKeys (ConfUtils.java:logGet(43)) - raft.server.staging.catchup.gap = 1000 (default)
2019-09-27 09:19:08,779 [5b10fcef-bcb8-4685-875f-8e79f20d296a@group-AE3265CEAB5E:LeaderElection68] INFO  server.RaftServerConfigKeys (ConfUtils.java:logGet(43)) - raft.server.rpc.sleep.time = 25ms (default)
2019-09-27 09:19:08,780 [5b10fcef-bcb8-4685-875f-8e79f20d296a@group-AE3265CEAB5E:LeaderElection68] INFO  server.RaftServerConfigKeys (ConfUtils.java:logGet(43)) - raft.server.write.element-limit = 4096 (default)
2019-09-27 09:19:08,780 [5b10fcef-bcb8-4685-875f-8e79f20d296a@group-AE3265CEAB5E:LeaderElection68] INFO  server.RaftServerConfigKeys (ConfUtils.java:logGet(43)) - raft.server.watch.timeout = 10s (default)
2019-09-27 09:19:08,780 [5b10fcef-bcb8-4685-875f-8e79f20d296a@group-AE3265CEAB5E:LeaderElection68] INFO  server.RaftServerConfigKeys (ConfUtils.java:logGet(43)) - raft.server.watch.timeout.denomination = 1s (default)
2019-09-27 09:19:08,780 [5b10fcef-bcb8-4685-875f-8e79f20d296a@group-AE3265CEAB5E:LeaderElection68] INFO  server.RaftServerConfigKeys (ConfUtils.java:logGet(43)) - raft.server.watch.element-limit = 65536 (default)
2019-09-27 09:19:08,782 [5b10fcef-bcb8-4685-875f-8e79f20d296a@group-AE3265CEAB5E:LeaderElection68] INFO  impl.RoleInfo (RoleInfo.java:updateAndGet(143)) - 5b10fcef-bcb8-4685-875f-8e79f20d296a: start LeaderState
2019-09-27 09:19:08,782 [5b10fcef-bcb8-4685-875f-8e79f20d296a@group-AE3265CEAB5E:LeaderElection68] INFO  segmented.SegmentedRaftLogWorker (SegmentedRaftLogWorker.java:startLogSegment(380)) - 5b10fcef-bcb8-4685-875f-8e79f20d296a@group-AE3265CEAB5E-SegmentedRaftLogWorker: Starting segment from index:0
2019-09-27 09:19:08,783 [5b10fcef-bcb8-4685-875f-8e79f20d296a@group-AE3265CEAB5E:LeaderElection68] INFO  impl.RaftServerImpl (ServerState.java:setRaftConf(354)) - 5b10fcef-bcb8-4685-875f-8e79f20d296a@group-AE3265CEAB5E: set configuration 0: [5b10fcef-bcb8-4685-875f-8e79f20d296a:192.168.151.103:45629], old=null at 0
2019-09-27 09:19:08,833 [5b10fcef-bcb8-4685-875f-8e79f20d296a@group-AE3265CEAB5E-SegmentedRaftLogWorker] INFO  segmented.SegmentedRaftLogWorker (SegmentedRaftLogWorker.java:execute(569)) - 5b10fcef-bcb8-4685-875f-8e79f20d296a@group-AE3265CEAB5E-SegmentedRaftLogWorker: created new log segment /workdir/hadoop-ozone/integration-test/target/test-dir/MiniOzoneClusterImpl-d2d06822-f460-4d8d-a87b-a517d879cb3f/datanode-2/data/ratis/2fa769f4-c150-434c-b49b-ae3265ceab5e/current/log_inprogress_0
2019-09-27 09:19:08,850 [Thread-4190] INFO  impl.FollowerState (FollowerState.java:run(106)) - 2c6b07a0-dd20-4844-842b-efa553872a87:group-94F00DCD213A changes to CANDIDATE, lastRpcTime:1063, electionTimeout:1063ms
2019-09-27 09:19:08,851 [Thread-4190] INFO  impl.RoleInfo (RoleInfo.java:shutdownFollowerState(121)) - 2c6b07a0-dd20-4844-842b-efa553872a87: shutdown FollowerState
2019-09-27 09:19:08,851 [Thread-4190] INFO  impl.RaftServerImpl (RaftServerImpl.java:setRole(174)) - 2c6b07a0-dd20-4844-842b-efa553872a87@group-94F00DCD213A: changes role from  FOLLOWER to CANDIDATE at term 0 for changeToCandidate
2019-09-27 09:19:08,851 [Thread-4190] INFO  impl.RoleInfo (RoleInfo.java:updateAndGet(143)) - 2c6b07a0-dd20-4844-842b-efa553872a87: start LeaderElection
2019-09-27 09:19:08,875 [2c6b07a0-dd20-4844-842b-efa553872a87@group-94F00DCD213A:LeaderElection69] INFO  impl.LeaderElection (LeaderElection.java:askForVotes(182)) - 2c6b07a0-dd20-4844-842b-efa553872a87@group-94F00DCD213A:LeaderElection69: begin an election at term 1 for -1: [2c6b07a0-dd20-4844-842b-efa553872a87:192.168.151.103:35871], old=null
2019-09-27 09:19:08,875 [2c6b07a0-dd20-4844-842b-efa553872a87@group-94F00DCD213A:LeaderElection69] INFO  impl.RoleInfo (RoleInfo.java:shutdownLeaderElection(134)) - 2c6b07a0-dd20-4844-842b-efa553872a87: shutdown LeaderElection
2019-09-27 09:19:08,875 [2c6b07a0-dd20-4844-842b-efa553872a87@group-94F00DCD213A:LeaderElection69] INFO  impl.RaftServerImpl (RaftServerImpl.java:setRole(174)) - 2c6b07a0-dd20-4844-842b-efa553872a87@group-94F00DCD213A: changes role from CANDIDATE to LEADER at term 1 for changeToLeader
2019-09-27 09:19:08,875 [2c6b07a0-dd20-4844-842b-efa553872a87@group-94F00DCD213A:LeaderElection69] INFO  impl.RaftServerImpl (ServerState.java:setLeader(253)) - 2c6b07a0-dd20-4844-842b-efa553872a87@group-94F00DCD213A: change Leader from null to 2c6b07a0-dd20-4844-842b-efa553872a87 at term 1 for becomeLeader, leader elected after 1093ms
2019-09-27 09:19:08,876 [2c6b07a0-dd20-4844-842b-efa553872a87@group-94F00DCD213A:LeaderElection69] INFO  server.RaftServerConfigKeys (ConfUtils.java:logGet(43)) - raft.server.staging.catchup.gap = 1000 (default)
2019-09-27 09:19:08,876 [2c6b07a0-dd20-4844-842b-efa553872a87@group-94F00DCD213A:LeaderElection69] INFO  server.RaftServerConfigKeys (ConfUtils.java:logGet(43)) - raft.server.rpc.sleep.time = 25ms (default)
2019-09-27 09:19:08,876 [2c6b07a0-dd20-4844-842b-efa553872a87@group-94F00DCD213A:LeaderElection69] INFO  server.RaftServerConfigKeys (ConfUtils.java:logGet(43)) - raft.server.write.element-limit = 4096 (default)
2019-09-27 09:19:08,876 [2c6b07a0-dd20-4844-842b-efa553872a87@group-94F00DCD213A:LeaderElection69] INFO  server.RaftServerConfigKeys (ConfUtils.java:logGet(43)) - raft.server.watch.timeout = 10s (default)
2019-09-27 09:19:08,876 [2c6b07a0-dd20-4844-842b-efa553872a87@group-94F00DCD213A:LeaderElection69] INFO  server.RaftServerConfigKeys (ConfUtils.java:logGet(43)) - raft.server.watch.timeout.denomination = 1s (default)
2019-09-27 09:19:08,877 [2c6b07a0-dd20-4844-842b-efa553872a87@group-94F00DCD213A:LeaderElection69] INFO  server.RaftServerConfigKeys (ConfUtils.java:logGet(43)) - raft.server.watch.element-limit = 65536 (default)
2019-09-27 09:19:08,879 [2c6b07a0-dd20-4844-842b-efa553872a87@group-94F00DCD213A:LeaderElection69] INFO  impl.RoleInfo (RoleInfo.java:updateAndGet(143)) - 2c6b07a0-dd20-4844-842b-efa553872a87: start LeaderState
2019-09-27 09:19:08,879 [2c6b07a0-dd20-4844-842b-efa553872a87@group-94F00DCD213A:LeaderElection69] INFO  segmented.SegmentedRaftLogWorker (SegmentedRaftLogWorker.java:startLogSegment(380)) - 2c6b07a0-dd20-4844-842b-efa553872a87@group-94F00DCD213A-SegmentedRaftLogWorker: Starting segment from index:0
2019-09-27 09:19:08,879 [2c6b07a0-dd20-4844-842b-efa553872a87@group-94F00DCD213A:LeaderElection69] INFO  impl.RaftServerImpl (ServerState.java:setRaftConf(354)) - 2c6b07a0-dd20-4844-842b-efa553872a87@group-94F00DCD213A: set configuration 0: [2c6b07a0-dd20-4844-842b-efa553872a87:192.168.151.103:35871], old=null at 0
2019-09-27 09:19:08,899 [Thread-4197] INFO  impl.FollowerState (FollowerState.java:run(106)) - 82c6079f-0caa-41c9-82d7-90e7306895b1:group-A7C4CCBA1937 changes to CANDIDATE, lastRpcTime:1018, electionTimeout:1018ms
2019-09-27 09:19:08,899 [Thread-4197] INFO  impl.RoleInfo (RoleInfo.java:shutdownFollowerState(121)) - 82c6079f-0caa-41c9-82d7-90e7306895b1: shutdown FollowerState
2019-09-27 09:19:08,899 [Thread-4197] INFO  impl.RaftServerImpl (RaftServerImpl.java:setRole(174)) - 82c6079f-0caa-41c9-82d7-90e7306895b1@group-A7C4CCBA1937: changes role from  FOLLOWER to CANDIDATE at term 0 for changeToCandidate
2019-09-27 09:19:08,899 [Thread-4197] INFO  impl.RoleInfo (RoleInfo.java:updateAndGet(143)) - 82c6079f-0caa-41c9-82d7-90e7306895b1: start LeaderElection
2019-09-27 09:19:08,915 [Thread-4193] INFO  impl.FollowerState (FollowerState.java:run(106)) - 2c6b07a0-dd20-4844-842b-efa553872a87:group-A7C4CCBA1937 changes to CANDIDATE, lastRpcTime:1043, electionTimeout:1035ms
2019-09-27 09:19:08,915 [Thread-4193] INFO  impl.RoleInfo (RoleInfo.java:shutdownFollowerState(121)) - 2c6b07a0-dd20-4844-842b-efa553872a87: shutdown FollowerState
2019-09-27 09:19:08,916 [Thread-4193] INFO  impl.RaftServerImpl (RaftServerImpl.java:setRole(174)) - 2c6b07a0-dd20-4844-842b-efa553872a87@group-A7C4CCBA1937: changes role from  FOLLOWER to CANDIDATE at term 0 for changeToCandidate
2019-09-27 09:19:08,921 [Thread-4193] INFO  impl.RoleInfo (RoleInfo.java:updateAndGet(143)) - 2c6b07a0-dd20-4844-842b-efa553872a87: start LeaderElection
2019-09-27 09:19:08,926 [Thread-4198] INFO  impl.FollowerState (FollowerState.java:run(106)) - 3336feff-37d1-4141-b1ec-acdf5527e46c:group-A7C4CCBA1937 changes to CANDIDATE, lastRpcTime:1045, electionTimeout:1043ms
2019-09-27 09:19:08,929 [Thread-4187] INFO  impl.FollowerState (FollowerState.java:run(106)) - fcc5478b-f5e9-4e5e-96f6-5f78dfdfa2b6:group-C43AC0D690EC changes to CANDIDATE, lastRpcTime:1170, electionTimeout:1170ms
2019-09-27 09:19:08,929 [Thread-4198] INFO  impl.RoleInfo (RoleInfo.java:shutdownFollowerState(121)) - 3336feff-37d1-4141-b1ec-acdf5527e46c: shutdown FollowerState
2019-09-27 09:19:08,929 [Thread-4187] INFO  impl.RoleInfo (RoleInfo.java:shutdownFollowerState(121)) - fcc5478b-f5e9-4e5e-96f6-5f78dfdfa2b6: shutdown FollowerState
2019-09-27 09:19:08,929 [Thread-4198] INFO  impl.RaftServerImpl (RaftServerImpl.java:setRole(174)) - 3336feff-37d1-4141-b1ec-acdf5527e46c@group-A7C4CCBA1937: changes role from  FOLLOWER to CANDIDATE at term 0 for changeToCandidate
2019-09-27 09:19:08,929 [Thread-4187] INFO  impl.RaftServerImpl (RaftServerImpl.java:setRole(174)) - fcc5478b-f5e9-4e5e-96f6-5f78dfdfa2b6@group-C43AC0D690EC: changes role from  FOLLOWER to CANDIDATE at term 0 for changeToCandidate
2019-09-27 09:19:08,929 [Thread-4198] INFO  impl.RoleInfo (RoleInfo.java:updateAndGet(143)) - 3336feff-37d1-4141-b1ec-acdf5527e46c: start LeaderElection
2019-09-27 09:19:08,929 [Thread-4187] INFO  impl.RoleInfo (RoleInfo.java:updateAndGet(143)) - fcc5478b-f5e9-4e5e-96f6-5f78dfdfa2b6: start LeaderElection
2019-09-27 09:19:08,939 [2c6b07a0-dd20-4844-842b-efa553872a87@group-94F00DCD213A-SegmentedRaftLogWorker] INFO  segmented.SegmentedRaftLogWorker (SegmentedRaftLogWorker.java:execute(569)) - 2c6b07a0-dd20-4844-842b-efa553872a87@group-94F00DCD213A-SegmentedRaftLogWorker: created new log segment /workdir/hadoop-ozone/integration-test/target/test-dir/MiniOzoneClusterImpl-d2d06822-f460-4d8d-a87b-a517d879cb3f/datanode-4/data/ratis/5ba2a5db-0792-4404-b1f2-94f00dcd213a/current/log_inprogress_0
2019-09-27 09:19:08,939 [2c6b07a0-dd20-4844-842b-efa553872a87@group-A7C4CCBA1937:LeaderElection71] INFO  impl.LeaderElection (LeaderElection.java:askForVotes(182)) - 2c6b07a0-dd20-4844-842b-efa553872a87@group-A7C4CCBA1937:LeaderElection71: begin an election at term 1 for -1: [2c6b07a0-dd20-4844-842b-efa553872a87:192.168.151.103:35871, 82c6079f-0caa-41c9-82d7-90e7306895b1:192.168.151.103:43165, 3336feff-37d1-4141-b1ec-acdf5527e46c:192.168.151.103:37464], old=null
2019-09-27 09:19:08,939 [82c6079f-0caa-41c9-82d7-90e7306895b1@group-A7C4CCBA1937:LeaderElection70] INFO  impl.LeaderElection (LeaderElection.java:askForVotes(182)) - 82c6079f-0caa-41c9-82d7-90e7306895b1@group-A7C4CCBA1937:LeaderElection70: begin an election at term 1 for -1: [2c6b07a0-dd20-4844-842b-efa553872a87:192.168.151.103:35871, 82c6079f-0caa-41c9-82d7-90e7306895b1:192.168.151.103:43165, 3336feff-37d1-4141-b1ec-acdf5527e46c:192.168.151.103:37464], old=null
2019-09-27 09:19:08,953 [fcc5478b-f5e9-4e5e-96f6-5f78dfdfa2b6@group-C43AC0D690EC:LeaderElection73] INFO  impl.LeaderElection (LeaderElection.java:askForVotes(182)) - fcc5478b-f5e9-4e5e-96f6-5f78dfdfa2b6@group-C43AC0D690EC:LeaderElection73: begin an election at term 1 for -1: [fcc5478b-f5e9-4e5e-96f6-5f78dfdfa2b6:192.168.151.103:37708], old=null
2019-09-27 09:19:08,953 [3336feff-37d1-4141-b1ec-acdf5527e46c@group-A7C4CCBA1937:LeaderElection72] INFO  impl.LeaderElection (LeaderElection.java:askForVotes(182)) - 3336feff-37d1-4141-b1ec-acdf5527e46c@group-A7C4CCBA1937:LeaderElection72: begin an election at term 1 for -1: [2c6b07a0-dd20-4844-842b-efa553872a87:192.168.151.103:35871, 82c6079f-0caa-41c9-82d7-90e7306895b1:192.168.151.103:43165, 3336feff-37d1-4141-b1ec-acdf5527e46c:192.168.151.103:37464], old=null
2019-09-27 09:19:08,953 [fcc5478b-f5e9-4e5e-96f6-5f78dfdfa2b6@group-C43AC0D690EC:LeaderElection73] INFO  impl.RoleInfo (RoleInfo.java:shutdownLeaderElection(134)) - fcc5478b-f5e9-4e5e-96f6-5f78dfdfa2b6: shutdown LeaderElection
2019-09-27 09:19:08,953 [fcc5478b-f5e9-4e5e-96f6-5f78dfdfa2b6@group-C43AC0D690EC:LeaderElection73] INFO  impl.RaftServerImpl (RaftServerImpl.java:setRole(174)) - fcc5478b-f5e9-4e5e-96f6-5f78dfdfa2b6@group-C43AC0D690EC: changes role from CANDIDATE to LEADER at term 1 for changeToLeader
2019-09-27 09:19:08,954 [fcc5478b-f5e9-4e5e-96f6-5f78dfdfa2b6@group-C43AC0D690EC:LeaderElection73] INFO  impl.RaftServerImpl (ServerState.java:setLeader(253)) - fcc5478b-f5e9-4e5e-96f6-5f78dfdfa2b6@group-C43AC0D690EC: change Leader from null to fcc5478b-f5e9-4e5e-96f6-5f78dfdfa2b6 at term 1 for becomeLeader, leader elected after 1201ms
2019-09-27 09:19:08,954 [fcc5478b-f5e9-4e5e-96f6-5f78dfdfa2b6@group-C43AC0D690EC:LeaderElection73] INFO  server.RaftServerConfigKeys (ConfUtils.java:logGet(43)) - raft.server.staging.catchup.gap = 1000 (default)
2019-09-27 09:19:08,954 [fcc5478b-f5e9-4e5e-96f6-5f78dfdfa2b6@group-C43AC0D690EC:LeaderElection73] INFO  server.RaftServerConfigKeys (ConfUtils.java:logGet(43)) - raft.server.rpc.sleep.time = 25ms (default)
2019-09-27 09:19:08,965 [fcc5478b-f5e9-4e5e-96f6-5f78dfdfa2b6@group-C43AC0D690EC:LeaderElection73] INFO  server.RaftServerConfigKeys (ConfUtils.java:logGet(43)) - raft.server.write.element-limit = 4096 (default)
2019-09-27 09:19:08,965 [fcc5478b-f5e9-4e5e-96f6-5f78dfdfa2b6@group-C43AC0D690EC:LeaderElection73] INFO  server.RaftServerConfigKeys (ConfUtils.java:logGet(43)) - raft.server.watch.timeout = 10s (default)
2019-09-27 09:19:08,965 [2c6b07a0-dd20-4844-842b-efa553872a87@group-A7C4CCBA1937:LeaderElection71] INFO  impl.LeaderElection (LeaderElection.java:logAndReturn(56)) - 2c6b07a0-dd20-4844-842b-efa553872a87@group-A7C4CCBA1937:LeaderElection71: Election REJECTED; received 2 response(s) [2c6b07a0-dd20-4844-842b-efa553872a87<-82c6079f-0caa-41c9-82d7-90e7306895b1#0:FAIL-t1, 2c6b07a0-dd20-4844-842b-efa553872a87<-3336feff-37d1-4141-b1ec-acdf5527e46c#0:FAIL-t1] and 0 exception(s); 2c6b07a0-dd20-4844-842b-efa553872a87@group-A7C4CCBA1937:t1, leader=null, voted=2c6b07a0-dd20-4844-842b-efa553872a87, raftlog=2c6b07a0-dd20-4844-842b-efa553872a87@group-A7C4CCBA1937-SegmentedRaftLog:OPENED:c-1,f-1,i0, conf=-1: [2c6b07a0-dd20-4844-842b-efa553872a87:192.168.151.103:35871, 82c6079f-0caa-41c9-82d7-90e7306895b1:192.168.151.103:43165, 3336feff-37d1-4141-b1ec-acdf5527e46c:192.168.151.103:37464], old=null
2019-09-27 09:19:08,965 [82c6079f-0caa-41c9-82d7-90e7306895b1@group-A7C4CCBA1937:LeaderElection70] INFO  impl.LeaderElection (LeaderElection.java:logAndReturn(56)) - 82c6079f-0caa-41c9-82d7-90e7306895b1@group-A7C4CCBA1937:LeaderElection70: Election REJECTED; received 2 response(s) [82c6079f-0caa-41c9-82d7-90e7306895b1<-2c6b07a0-dd20-4844-842b-efa553872a87#0:FAIL-t1, 82c6079f-0caa-41c9-82d7-90e7306895b1<-3336feff-37d1-4141-b1ec-acdf5527e46c#0:FAIL-t1] and 0 exception(s); 82c6079f-0caa-41c9-82d7-90e7306895b1@group-A7C4CCBA1937:t1, leader=null, voted=82c6079f-0caa-41c9-82d7-90e7306895b1, raftlog=82c6079f-0caa-41c9-82d7-90e7306895b1@group-A7C4CCBA1937-SegmentedRaftLog:OPENED:c-1,f-1,i0, conf=-1: [2c6b07a0-dd20-4844-842b-efa553872a87:192.168.151.103:35871, 82c6079f-0caa-41c9-82d7-90e7306895b1:192.168.151.103:43165, 3336feff-37d1-4141-b1ec-acdf5527e46c:192.168.151.103:37464], old=null
2019-09-27 09:19:08,966 [2c6b07a0-dd20-4844-842b-efa553872a87@group-A7C4CCBA1937:LeaderElection71] INFO  impl.RaftServerImpl (RaftServerImpl.java:setRole(174)) - 2c6b07a0-dd20-4844-842b-efa553872a87@group-A7C4CCBA1937: changes role from CANDIDATE to FOLLOWER at term 1 for DISCOVERED_A_NEW_TERM
2019-09-27 09:19:08,965 [fcc5478b-f5e9-4e5e-96f6-5f78dfdfa2b6@group-C43AC0D690EC:LeaderElection73] INFO  server.RaftServerConfigKeys (ConfUtils.java:logGet(43)) - raft.server.watch.timeout.denomination = 1s (default)
2019-09-27 09:19:08,966 [2c6b07a0-dd20-4844-842b-efa553872a87@group-A7C4CCBA1937:LeaderElection71] INFO  impl.RoleInfo (RoleInfo.java:shutdownLeaderElection(134)) - 2c6b07a0-dd20-4844-842b-efa553872a87: shutdown LeaderElection
2019-09-27 09:19:08,966 [82c6079f-0caa-41c9-82d7-90e7306895b1@group-A7C4CCBA1937:LeaderElection70] INFO  impl.RaftServerImpl (RaftServerImpl.java:setRole(174)) - 82c6079f-0caa-41c9-82d7-90e7306895b1@group-A7C4CCBA1937: changes role from CANDIDATE to FOLLOWER at term 1 for DISCOVERED_A_NEW_TERM
2019-09-27 09:19:08,966 [2c6b07a0-dd20-4844-842b-efa553872a87@group-A7C4CCBA1937:LeaderElection71] INFO  impl.RoleInfo (RoleInfo.java:updateAndGet(143)) - 2c6b07a0-dd20-4844-842b-efa553872a87: start FollowerState
2019-09-27 09:19:08,966 [fcc5478b-f5e9-4e5e-96f6-5f78dfdfa2b6@group-C43AC0D690EC:LeaderElection73] INFO  server.RaftServerConfigKeys (ConfUtils.java:logGet(43)) - raft.server.watch.element-limit = 65536 (default)
2019-09-27 09:19:08,966 [82c6079f-0caa-41c9-82d7-90e7306895b1@group-A7C4CCBA1937:LeaderElection70] INFO  impl.RoleInfo (RoleInfo.java:shutdownLeaderElection(134)) - 82c6079f-0caa-41c9-82d7-90e7306895b1: shutdown LeaderElection
2019-09-27 09:19:08,966 [82c6079f-0caa-41c9-82d7-90e7306895b1@group-A7C4CCBA1937:LeaderElection70] INFO  impl.RoleInfo (RoleInfo.java:updateAndGet(143)) - 82c6079f-0caa-41c9-82d7-90e7306895b1: start FollowerState
2019-09-27 09:19:08,967 [fcc5478b-f5e9-4e5e-96f6-5f78dfdfa2b6@group-C43AC0D690EC:LeaderElection73] INFO  impl.RoleInfo (RoleInfo.java:updateAndGet(143)) - fcc5478b-f5e9-4e5e-96f6-5f78dfdfa2b6: start LeaderState
2019-09-27 09:19:08,971 [fcc5478b-f5e9-4e5e-96f6-5f78dfdfa2b6@group-C43AC0D690EC:LeaderElection73] INFO  segmented.SegmentedRaftLogWorker (SegmentedRaftLogWorker.java:startLogSegment(380)) - fcc5478b-f5e9-4e5e-96f6-5f78dfdfa2b6@group-C43AC0D690EC-SegmentedRaftLogWorker: Starting segment from index:0
2019-09-27 09:19:08,971 [fcc5478b-f5e9-4e5e-96f6-5f78dfdfa2b6@group-C43AC0D690EC:LeaderElection73] INFO  impl.RaftServerImpl (ServerState.java:setRaftConf(354)) - fcc5478b-f5e9-4e5e-96f6-5f78dfdfa2b6@group-C43AC0D690EC: set configuration 0: [fcc5478b-f5e9-4e5e-96f6-5f78dfdfa2b6:192.168.151.103:37708], old=null at 0
2019-09-27 09:19:09,004 [3336feff-37d1-4141-b1ec-acdf5527e46c@group-A7C4CCBA1937:LeaderElection72] INFO  impl.LeaderElection (LeaderElection.java:logAndReturn(56)) - 3336feff-37d1-4141-b1ec-acdf5527e46c@group-A7C4CCBA1937:LeaderElection72: Election REJECTED; received 2 response(s) [3336feff-37d1-4141-b1ec-acdf5527e46c<-2c6b07a0-dd20-4844-842b-efa553872a87#0:FAIL-t1, 3336feff-37d1-4141-b1ec-acdf5527e46c<-82c6079f-0caa-41c9-82d7-90e7306895b1#0:FAIL-t1] and 0 exception(s); 3336feff-37d1-4141-b1ec-acdf5527e46c@group-A7C4CCBA1937:t1, leader=null, voted=3336feff-37d1-4141-b1ec-acdf5527e46c, raftlog=3336feff-37d1-4141-b1ec-acdf5527e46c@group-A7C4CCBA1937-SegmentedRaftLog:OPENED:c-1,f-1,i0, conf=-1: [2c6b07a0-dd20-4844-842b-efa553872a87:192.168.151.103:35871, 82c6079f-0caa-41c9-82d7-90e7306895b1:192.168.151.103:43165, 3336feff-37d1-4141-b1ec-acdf5527e46c:192.168.151.103:37464], old=null
2019-09-27 09:19:09,004 [3336feff-37d1-4141-b1ec-acdf5527e46c@group-A7C4CCBA1937:LeaderElection72] INFO  impl.RaftServerImpl (RaftServerImpl.java:setRole(174)) - 3336feff-37d1-4141-b1ec-acdf5527e46c@group-A7C4CCBA1937: changes role from CANDIDATE to FOLLOWER at term 1 for DISCOVERED_A_NEW_TERM
2019-09-27 09:19:09,004 [3336feff-37d1-4141-b1ec-acdf5527e46c@group-A7C4CCBA1937:LeaderElection72] INFO  impl.RoleInfo (RoleInfo.java:shutdownLeaderElection(134)) - 3336feff-37d1-4141-b1ec-acdf5527e46c: shutdown LeaderElection
2019-09-27 09:19:09,004 [3336feff-37d1-4141-b1ec-acdf5527e46c@group-A7C4CCBA1937:LeaderElection72] INFO  impl.RoleInfo (RoleInfo.java:updateAndGet(143)) - 3336feff-37d1-4141-b1ec-acdf5527e46c: start FollowerState
2019-09-27 09:19:09,016 [fcc5478b-f5e9-4e5e-96f6-5f78dfdfa2b6@group-C43AC0D690EC-SegmentedRaftLogWorker] INFO  segmented.SegmentedRaftLogWorker (SegmentedRaftLogWorker.java:execute(569)) - fcc5478b-f5e9-4e5e-96f6-5f78dfdfa2b6@group-C43AC0D690EC-SegmentedRaftLogWorker: created new log segment /workdir/hadoop-ozone/integration-test/target/test-dir/MiniOzoneClusterImpl-d2d06822-f460-4d8d-a87b-a517d879cb3f/datanode-3/data/ratis/67e72b34-3677-483e-ac1c-c43ac0d690ec/current/log_inprogress_0
2019-09-27 09:19:09,077 [main] INFO  ipc.Client (Client.java:handleConnectionFailure(948)) - Retrying connect to server: localhost/127.0.0.1:0. Already tried 0 time(s); retry policy is RetryUpToMaximumCountWithFixedSleep(maxRetries=10, sleepTime=1000 MILLISECONDS)
2019-09-27 09:19:09,087 [Thread-4206] INFO  impl.FollowerState (FollowerState.java:run(106)) - fcc5478b-f5e9-4e5e-96f6-5f78dfdfa2b6:group-F886798AFECD changes to CANDIDATE, lastRpcTime:1123, electionTimeout:1123ms
2019-09-27 09:19:09,087 [Thread-4206] INFO  impl.RoleInfo (RoleInfo.java:shutdownFollowerState(121)) - fcc5478b-f5e9-4e5e-96f6-5f78dfdfa2b6: shutdown FollowerState
2019-09-27 09:19:09,087 [Thread-4202] INFO  impl.FollowerState (FollowerState.java:run(106)) - 5b10fcef-bcb8-4685-875f-8e79f20d296a:group-F886798AFECD changes to CANDIDATE, lastRpcTime:1130, electionTimeout:1130ms
2019-09-27 09:19:09,087 [Thread-4206] INFO  impl.RaftServerImpl (RaftServerImpl.java:setRole(174)) - fcc5478b-f5e9-4e5e-96f6-5f78dfdfa2b6@group-F886798AFECD: changes role from  FOLLOWER to CANDIDATE at term 0 for changeToCandidate
2019-09-27 09:19:09,087 [Thread-4202] INFO  impl.RoleInfo (RoleInfo.java:shutdownFollowerState(121)) - 5b10fcef-bcb8-4685-875f-8e79f20d296a: shutdown FollowerState
2019-09-27 09:19:09,087 [Thread-4206] INFO  impl.RoleInfo (RoleInfo.java:updateAndGet(143)) - fcc5478b-f5e9-4e5e-96f6-5f78dfdfa2b6: start LeaderElection
2019-09-27 09:19:09,087 [Thread-4202] INFO  impl.RaftServerImpl (RaftServerImpl.java:setRole(174)) - 5b10fcef-bcb8-4685-875f-8e79f20d296a@group-F886798AFECD: changes role from  FOLLOWER to CANDIDATE at term 0 for changeToCandidate
2019-09-27 09:19:09,088 [Thread-4202] INFO  impl.RoleInfo (RoleInfo.java:updateAndGet(143)) - 5b10fcef-bcb8-4685-875f-8e79f20d296a: start LeaderElection
2019-09-27 09:19:09,099 [Thread-4208] INFO  impl.FollowerState (FollowerState.java:run(106)) - 925a8c9e-5dc9-440e-8840-ce0b2559d856:group-F886798AFECD changes to CANDIDATE, lastRpcTime:1134, electionTimeout:1131ms
2019-09-27 09:19:09,104 [Thread-4208] INFO  impl.RoleInfo (RoleInfo.java:shutdownFollowerState(121)) - 925a8c9e-5dc9-440e-8840-ce0b2559d856: shutdown FollowerState
2019-09-27 09:19:09,104 [Thread-4208] INFO  impl.RaftServerImpl (RaftServerImpl.java:setRole(174)) - 925a8c9e-5dc9-440e-8840-ce0b2559d856@group-F886798AFECD: changes role from  FOLLOWER to CANDIDATE at term 0 for changeToCandidate
2019-09-27 09:19:09,104 [Thread-4208] INFO  impl.RoleInfo (RoleInfo.java:updateAndGet(143)) - 925a8c9e-5dc9-440e-8840-ce0b2559d856: start LeaderElection
2019-09-27 09:19:09,117 [fcc5478b-f5e9-4e5e-96f6-5f78dfdfa2b6@group-F886798AFECD:LeaderElection74] INFO  impl.LeaderElection (LeaderElection.java:askForVotes(182)) - fcc5478b-f5e9-4e5e-96f6-5f78dfdfa2b6@group-F886798AFECD:LeaderElection74: begin an election at term 1 for -1: [5b10fcef-bcb8-4685-875f-8e79f20d296a:192.168.151.103:45629, fcc5478b-f5e9-4e5e-96f6-5f78dfdfa2b6:192.168.151.103:37708, 925a8c9e-5dc9-440e-8840-ce0b2559d856:192.168.151.103:40542], old=null
2019-09-27 09:19:09,117 [5b10fcef-bcb8-4685-875f-8e79f20d296a@group-F886798AFECD:LeaderElection75] INFO  impl.LeaderElection (LeaderElection.java:askForVotes(182)) - 5b10fcef-bcb8-4685-875f-8e79f20d296a@group-F886798AFECD:LeaderElection75: begin an election at term 1 for -1: [5b10fcef-bcb8-4685-875f-8e79f20d296a:192.168.151.103:45629, fcc5478b-f5e9-4e5e-96f6-5f78dfdfa2b6:192.168.151.103:37708, 925a8c9e-5dc9-440e-8840-ce0b2559d856:192.168.151.103:40542], old=null
2019-09-27 09:19:09,117 [925a8c9e-5dc9-440e-8840-ce0b2559d856@group-F886798AFECD:LeaderElection76] INFO  impl.LeaderElection (LeaderElection.java:askForVotes(182)) - 925a8c9e-5dc9-440e-8840-ce0b2559d856@group-F886798AFECD:LeaderElection76: begin an election at term 1 for -1: [5b10fcef-bcb8-4685-875f-8e79f20d296a:192.168.151.103:45629, fcc5478b-f5e9-4e5e-96f6-5f78dfdfa2b6:192.168.151.103:37708, 925a8c9e-5dc9-440e-8840-ce0b2559d856:192.168.151.103:40542], old=null
2019-09-27 09:19:09,156 [fcc5478b-f5e9-4e5e-96f6-5f78dfdfa2b6@group-F886798AFECD:LeaderElection74] INFO  impl.LeaderElection (LeaderElection.java:logAndReturn(56)) - fcc5478b-f5e9-4e5e-96f6-5f78dfdfa2b6@group-F886798AFECD:LeaderElection74: Election REJECTED; received 2 response(s) [fcc5478b-f5e9-4e5e-96f6-5f78dfdfa2b6<-5b10fcef-bcb8-4685-875f-8e79f20d296a#0:FAIL-t1, fcc5478b-f5e9-4e5e-96f6-5f78dfdfa2b6<-925a8c9e-5dc9-440e-8840-ce0b2559d856#0:FAIL-t1] and 0 exception(s); fcc5478b-f5e9-4e5e-96f6-5f78dfdfa2b6@group-F886798AFECD:t1, leader=null, voted=fcc5478b-f5e9-4e5e-96f6-5f78dfdfa2b6, raftlog=fcc5478b-f5e9-4e5e-96f6-5f78dfdfa2b6@group-F886798AFECD-SegmentedRaftLog:OPENED:c-1,f-1,i0, conf=-1: [5b10fcef-bcb8-4685-875f-8e79f20d296a:192.168.151.103:45629, fcc5478b-f5e9-4e5e-96f6-5f78dfdfa2b6:192.168.151.103:37708, 925a8c9e-5dc9-440e-8840-ce0b2559d856:192.168.151.103:40542], old=null
2019-09-27 09:19:09,159 [fcc5478b-f5e9-4e5e-96f6-5f78dfdfa2b6@group-F886798AFECD:LeaderElection74] INFO  impl.RaftServerImpl (RaftServerImpl.java:setRole(174)) - fcc5478b-f5e9-4e5e-96f6-5f78dfdfa2b6@group-F886798AFECD: changes role from CANDIDATE to FOLLOWER at term 1 for DISCOVERED_A_NEW_TERM
2019-09-27 09:19:09,161 [fcc5478b-f5e9-4e5e-96f6-5f78dfdfa2b6@group-F886798AFECD:LeaderElection74] INFO  impl.RoleInfo (RoleInfo.java:shutdownLeaderElection(134)) - fcc5478b-f5e9-4e5e-96f6-5f78dfdfa2b6: shutdown LeaderElection
2019-09-27 09:19:09,161 [925a8c9e-5dc9-440e-8840-ce0b2559d856@group-F886798AFECD:LeaderElection76] INFO  impl.LeaderElection (LeaderElection.java:logAndReturn(56)) - 925a8c9e-5dc9-440e-8840-ce0b2559d856@group-F886798AFECD:LeaderElection76: Election REJECTED; received 2 response(s) [925a8c9e-5dc9-440e-8840-ce0b2559d856<-5b10fcef-bcb8-4685-875f-8e79f20d296a#0:FAIL-t1, 925a8c9e-5dc9-440e-8840-ce0b2559d856<-fcc5478b-f5e9-4e5e-96f6-5f78dfdfa2b6#0:FAIL-t1] and 0 exception(s); 925a8c9e-5dc9-440e-8840-ce0b2559d856@group-F886798AFECD:t1, leader=null, voted=925a8c9e-5dc9-440e-8840-ce0b2559d856, raftlog=925a8c9e-5dc9-440e-8840-ce0b2559d856@group-F886798AFECD-SegmentedRaftLog:OPENED:c-1,f-1,i0, conf=-1: [5b10fcef-bcb8-4685-875f-8e79f20d296a:192.168.151.103:45629, fcc5478b-f5e9-4e5e-96f6-5f78dfdfa2b6:192.168.151.103:37708, 925a8c9e-5dc9-440e-8840-ce0b2559d856:192.168.151.103:40542], old=null
2019-09-27 09:19:09,162 [fcc5478b-f5e9-4e5e-96f6-5f78dfdfa2b6@group-F886798AFECD:LeaderElection74] INFO  impl.RoleInfo (RoleInfo.java:updateAndGet(143)) - fcc5478b-f5e9-4e5e-96f6-5f78dfdfa2b6: start FollowerState
2019-09-27 09:19:09,162 [925a8c9e-5dc9-440e-8840-ce0b2559d856@group-F886798AFECD:LeaderElection76] INFO  impl.RaftServerImpl (RaftServerImpl.java:setRole(174)) - 925a8c9e-5dc9-440e-8840-ce0b2559d856@group-F886798AFECD: changes role from CANDIDATE to FOLLOWER at term 1 for DISCOVERED_A_NEW_TERM
2019-09-27 09:19:09,162 [5b10fcef-bcb8-4685-875f-8e79f20d296a@group-F886798AFECD:LeaderElection75] INFO  impl.LeaderElection (LeaderElection.java:logAndReturn(56)) - 5b10fcef-bcb8-4685-875f-8e79f20d296a@group-F886798AFECD:LeaderElection75: Election REJECTED; received 2 response(s) [5b10fcef-bcb8-4685-875f-8e79f20d296a<-fcc5478b-f5e9-4e5e-96f6-5f78dfdfa2b6#0:FAIL-t1, 5b10fcef-bcb8-4685-875f-8e79f20d296a<-925a8c9e-5dc9-440e-8840-ce0b2559d856#0:FAIL-t1] and 0 exception(s); 5b10fcef-bcb8-4685-875f-8e79f20d296a@group-F886798AFECD:t1, leader=null, voted=5b10fcef-bcb8-4685-875f-8e79f20d296a, raftlog=5b10fcef-bcb8-4685-875f-8e79f20d296a@group-F886798AFECD-SegmentedRaftLog:OPENED:c-1,f-1,i0, conf=-1: [5b10fcef-bcb8-4685-875f-8e79f20d296a:192.168.151.103:45629, fcc5478b-f5e9-4e5e-96f6-5f78dfdfa2b6:192.168.151.103:37708, 925a8c9e-5dc9-440e-8840-ce0b2559d856:192.168.151.103:40542], old=null
2019-09-27 09:19:09,162 [925a8c9e-5dc9-440e-8840-ce0b2559d856@group-F886798AFECD:LeaderElection76] INFO  impl.RoleInfo (RoleInfo.java:shutdownLeaderElection(134)) - 925a8c9e-5dc9-440e-8840-ce0b2559d856: shutdown LeaderElection
2019-09-27 09:19:09,162 [5b10fcef-bcb8-4685-875f-8e79f20d296a@group-F886798AFECD:LeaderElection75] INFO  impl.RaftServerImpl (RaftServerImpl.java:setRole(174)) - 5b10fcef-bcb8-4685-875f-8e79f20d296a@group-F886798AFECD: changes role from CANDIDATE to FOLLOWER at term 1 for DISCOVERED_A_NEW_TERM
2019-09-27 09:19:09,162 [925a8c9e-5dc9-440e-8840-ce0b2559d856@group-F886798AFECD:LeaderElection76] INFO  impl.RoleInfo (RoleInfo.java:updateAndGet(143)) - 925a8c9e-5dc9-440e-8840-ce0b2559d856: start FollowerState
2019-09-27 09:19:09,162 [5b10fcef-bcb8-4685-875f-8e79f20d296a@group-F886798AFECD:LeaderElection75] INFO  impl.RoleInfo (RoleInfo.java:shutdownLeaderElection(134)) - 5b10fcef-bcb8-4685-875f-8e79f20d296a: shutdown LeaderElection
2019-09-27 09:19:09,163 [5b10fcef-bcb8-4685-875f-8e79f20d296a@group-F886798AFECD:LeaderElection75] INFO  impl.RoleInfo (RoleInfo.java:updateAndGet(143)) - 5b10fcef-bcb8-4685-875f-8e79f20d296a: start FollowerState
2019-09-27 09:19:09,200 [Thread-4211] INFO  impl.FollowerState (FollowerState.java:run(106)) - 925a8c9e-5dc9-440e-8840-ce0b2559d856:group-8BBC9CA4D212 changes to CANDIDATE, lastRpcTime:1178, electionTimeout:1178ms
2019-09-27 09:19:09,200 [Thread-4211] INFO  impl.RoleInfo (RoleInfo.java:shutdownFollowerState(121)) - 925a8c9e-5dc9-440e-8840-ce0b2559d856: shutdown FollowerState
2019-09-27 09:19:09,200 [Thread-4211] INFO  impl.RaftServerImpl (RaftServerImpl.java:setRole(174)) - 925a8c9e-5dc9-440e-8840-ce0b2559d856@group-8BBC9CA4D212: changes role from  FOLLOWER to CANDIDATE at term 0 for changeToCandidate
2019-09-27 09:19:09,201 [Thread-4211] INFO  impl.RoleInfo (RoleInfo.java:updateAndGet(143)) - 925a8c9e-5dc9-440e-8840-ce0b2559d856: start LeaderElection
2019-09-27 09:19:09,208 [Thread-4215] INFO  impl.FollowerState (FollowerState.java:run(106)) - 2ae76358-1a8d-4fd5-a4fd-20ea98138735:group-0E9050A622E0 changes to CANDIDATE, lastRpcTime:1126, electionTimeout:1125ms
2019-09-27 09:19:09,209 [Thread-4215] INFO  impl.RoleInfo (RoleInfo.java:shutdownFollowerState(121)) - 2ae76358-1a8d-4fd5-a4fd-20ea98138735: shutdown FollowerState
2019-09-27 09:19:09,209 [Thread-4218] INFO  impl.FollowerState (FollowerState.java:run(106)) - 7387e8c6-1a4e-4257-8943-3fffd176a0ab:group-BB8CA25215F4 changes to CANDIDATE, lastRpcTime:1077, electionTimeout:1077ms
2019-09-27 09:19:09,209 [Thread-4215] INFO  impl.RaftServerImpl (RaftServerImpl.java:setRole(174)) - 2ae76358-1a8d-4fd5-a4fd-20ea98138735@group-0E9050A622E0: changes role from  FOLLOWER to CANDIDATE at term 0 for changeToCandidate
2019-09-27 09:19:09,209 [Thread-4218] INFO  impl.RoleInfo (RoleInfo.java:shutdownFollowerState(121)) - 7387e8c6-1a4e-4257-8943-3fffd176a0ab: shutdown FollowerState
2019-09-27 09:19:09,209 [Thread-4215] INFO  impl.RoleInfo (RoleInfo.java:updateAndGet(143)) - 2ae76358-1a8d-4fd5-a4fd-20ea98138735: start LeaderElection
2019-09-27 09:19:09,209 [Thread-4218] INFO  impl.RaftServerImpl (RaftServerImpl.java:setRole(174)) - 7387e8c6-1a4e-4257-8943-3fffd176a0ab@group-BB8CA25215F4: changes role from  FOLLOWER to CANDIDATE at term 0 for changeToCandidate
2019-09-27 09:19:09,209 [Thread-4218] INFO  impl.RoleInfo (RoleInfo.java:updateAndGet(143)) - 7387e8c6-1a4e-4257-8943-3fffd176a0ab: start LeaderElection
2019-09-27 09:19:09,223 [925a8c9e-5dc9-440e-8840-ce0b2559d856@group-8BBC9CA4D212:LeaderElection77] INFO  impl.LeaderElection (LeaderElection.java:askForVotes(182)) - 925a8c9e-5dc9-440e-8840-ce0b2559d856@group-8BBC9CA4D212:LeaderElection77: begin an election at term 1 for -1: [925a8c9e-5dc9-440e-8840-ce0b2559d856:192.168.151.103:40542], old=null
2019-09-27 09:19:09,223 [925a8c9e-5dc9-440e-8840-ce0b2559d856@group-8BBC9CA4D212:LeaderElection77] INFO  impl.RoleInfo (RoleInfo.java:shutdownLeaderElection(134)) - 925a8c9e-5dc9-440e-8840-ce0b2559d856: shutdown LeaderElection
2019-09-27 09:19:09,223 [925a8c9e-5dc9-440e-8840-ce0b2559d856@group-8BBC9CA4D212:LeaderElection77] INFO  impl.RaftServerImpl (RaftServerImpl.java:setRole(174)) - 925a8c9e-5dc9-440e-8840-ce0b2559d856@group-8BBC9CA4D212: changes role from CANDIDATE to LEADER at term 1 for changeToLeader
2019-09-27 09:19:09,223 [925a8c9e-5dc9-440e-8840-ce0b2559d856@group-8BBC9CA4D212:LeaderElection77] INFO  impl.RaftServerImpl (ServerState.java:setLeader(253)) - 925a8c9e-5dc9-440e-8840-ce0b2559d856@group-8BBC9CA4D212: change Leader from null to 925a8c9e-5dc9-440e-8840-ce0b2559d856 at term 1 for becomeLeader, leader elected after 1207ms
2019-09-27 09:19:09,223 [925a8c9e-5dc9-440e-8840-ce0b2559d856@group-8BBC9CA4D212:LeaderElection77] INFO  server.RaftServerConfigKeys (ConfUtils.java:logGet(43)) - raft.server.staging.catchup.gap = 1000 (default)
2019-09-27 09:19:09,223 [925a8c9e-5dc9-440e-8840-ce0b2559d856@group-8BBC9CA4D212:LeaderElection77] INFO  server.RaftServerConfigKeys (ConfUtils.java:logGet(43)) - raft.server.rpc.sleep.time = 25ms (default)
2019-09-27 09:19:09,224 [925a8c9e-5dc9-440e-8840-ce0b2559d856@group-8BBC9CA4D212:LeaderElection77] INFO  server.RaftServerConfigKeys (ConfUtils.java:logGet(43)) - raft.server.write.element-limit = 4096 (default)
2019-09-27 09:19:09,224 [925a8c9e-5dc9-440e-8840-ce0b2559d856@group-8BBC9CA4D212:LeaderElection77] INFO  server.RaftServerConfigKeys (ConfUtils.java:logGet(43)) - raft.server.watch.timeout = 10s (default)
2019-09-27 09:19:09,224 [925a8c9e-5dc9-440e-8840-ce0b2559d856@group-8BBC9CA4D212:LeaderElection77] INFO  server.RaftServerConfigKeys (ConfUtils.java:logGet(43)) - raft.server.watch.timeout.denomination = 1s (default)
2019-09-27 09:19:09,224 [925a8c9e-5dc9-440e-8840-ce0b2559d856@group-8BBC9CA4D212:LeaderElection77] INFO  server.RaftServerConfigKeys (ConfUtils.java:logGet(43)) - raft.server.watch.element-limit = 65536 (default)
2019-09-27 09:19:09,225 [2ae76358-1a8d-4fd5-a4fd-20ea98138735@group-0E9050A622E0:LeaderElection78] INFO  impl.LeaderElection (LeaderElection.java:askForVotes(182)) - 2ae76358-1a8d-4fd5-a4fd-20ea98138735@group-0E9050A622E0:LeaderElection78: begin an election at term 1 for -1: [2ae76358-1a8d-4fd5-a4fd-20ea98138735:192.168.151.103:41875], old=null
2019-09-27 09:19:09,225 [2ae76358-1a8d-4fd5-a4fd-20ea98138735@group-0E9050A622E0:LeaderElection78] INFO  impl.RoleInfo (RoleInfo.java:shutdownLeaderElection(134)) - 2ae76358-1a8d-4fd5-a4fd-20ea98138735: shutdown LeaderElection
2019-09-27 09:19:09,225 [2ae76358-1a8d-4fd5-a4fd-20ea98138735@group-0E9050A622E0:LeaderElection78] INFO  impl.RaftServerImpl (RaftServerImpl.java:setRole(174)) - 2ae76358-1a8d-4fd5-a4fd-20ea98138735@group-0E9050A622E0: changes role from CANDIDATE to LEADER at term 1 for changeToLeader
2019-09-27 09:19:09,225 [2ae76358-1a8d-4fd5-a4fd-20ea98138735@group-0E9050A622E0:LeaderElection78] INFO  impl.RaftServerImpl (ServerState.java:setLeader(253)) - 2ae76358-1a8d-4fd5-a4fd-20ea98138735@group-0E9050A622E0: change Leader from null to 2ae76358-1a8d-4fd5-a4fd-20ea98138735 at term 1 for becomeLeader, leader elected after 1149ms
2019-09-27 09:19:09,225 [2ae76358-1a8d-4fd5-a4fd-20ea98138735@group-0E9050A622E0:LeaderElection78] INFO  server.RaftServerConfigKeys (ConfUtils.java:logGet(43)) - raft.server.staging.catchup.gap = 1000 (default)
2019-09-27 09:19:09,225 [925a8c9e-5dc9-440e-8840-ce0b2559d856@group-8BBC9CA4D212:LeaderElection77] INFO  impl.RoleInfo (RoleInfo.java:updateAndGet(143)) - 925a8c9e-5dc9-440e-8840-ce0b2559d856: start LeaderState
2019-09-27 09:19:09,225 [2ae76358-1a8d-4fd5-a4fd-20ea98138735@group-0E9050A622E0:LeaderElection78] INFO  server.RaftServerConfigKeys (ConfUtils.java:logGet(43)) - raft.server.rpc.sleep.time = 25ms (default)
2019-09-27 09:19:09,225 [2ae76358-1a8d-4fd5-a4fd-20ea98138735@group-0E9050A622E0:LeaderElection78] INFO  server.RaftServerConfigKeys (ConfUtils.java:logGet(43)) - raft.server.write.element-limit = 4096 (default)
2019-09-27 09:19:09,225 [925a8c9e-5dc9-440e-8840-ce0b2559d856@group-8BBC9CA4D212:LeaderElection77] INFO  segmented.SegmentedRaftLogWorker (SegmentedRaftLogWorker.java:startLogSegment(380)) - 925a8c9e-5dc9-440e-8840-ce0b2559d856@group-8BBC9CA4D212-SegmentedRaftLogWorker: Starting segment from index:0
2019-09-27 09:19:09,226 [2ae76358-1a8d-4fd5-a4fd-20ea98138735@group-0E9050A622E0:LeaderElection78] INFO  server.RaftServerConfigKeys (ConfUtils.java:logGet(43)) - raft.server.watch.timeout = 10s (default)
2019-09-27 09:19:09,226 [7387e8c6-1a4e-4257-8943-3fffd176a0ab@group-BB8CA25215F4:LeaderElection79] INFO  impl.LeaderElection (LeaderElection.java:askForVotes(182)) - 7387e8c6-1a4e-4257-8943-3fffd176a0ab@group-BB8CA25215F4:LeaderElection79: begin an election at term 1 for -1: [7387e8c6-1a4e-4257-8943-3fffd176a0ab:192.168.151.103:41069], old=null
2019-09-27 09:19:09,226 [2ae76358-1a8d-4fd5-a4fd-20ea98138735@group-0E9050A622E0:LeaderElection78] INFO  server.RaftServerConfigKeys (ConfUtils.java:logGet(43)) - raft.server.watch.timeout.denomination = 1s (default)
2019-09-27 09:19:09,226 [7387e8c6-1a4e-4257-8943-3fffd176a0ab@group-BB8CA25215F4:LeaderElection79] INFO  impl.RoleInfo (RoleInfo.java:shutdownLeaderElection(134)) - 7387e8c6-1a4e-4257-8943-3fffd176a0ab: shutdown LeaderElection
2019-09-27 09:19:09,226 [925a8c9e-5dc9-440e-8840-ce0b2559d856@group-8BBC9CA4D212:LeaderElection77] INFO  impl.RaftServerImpl (ServerState.java:setRaftConf(354)) - 925a8c9e-5dc9-440e-8840-ce0b2559d856@group-8BBC9CA4D212: set configuration 0: [925a8c9e-5dc9-440e-8840-ce0b2559d856:192.168.151.103:40542], old=null at 0
2019-09-27 09:19:09,226 [2ae76358-1a8d-4fd5-a4fd-20ea98138735@group-0E9050A622E0:LeaderElection78] INFO  server.RaftServerConfigKeys (ConfUtils.java:logGet(43)) - raft.server.watch.element-limit = 65536 (default)
2019-09-27 09:19:09,226 [7387e8c6-1a4e-4257-8943-3fffd176a0ab@group-BB8CA25215F4:LeaderElection79] INFO  impl.RaftServerImpl (RaftServerImpl.java:setRole(174)) - 7387e8c6-1a4e-4257-8943-3fffd176a0ab@group-BB8CA25215F4: changes role from CANDIDATE to LEADER at term 1 for changeToLeader
2019-09-27 09:19:09,226 [7387e8c6-1a4e-4257-8943-3fffd176a0ab@group-BB8CA25215F4:LeaderElection79] INFO  impl.RaftServerImpl (ServerState.java:setLeader(253)) - 7387e8c6-1a4e-4257-8943-3fffd176a0ab@group-BB8CA25215F4: change Leader from null to 7387e8c6-1a4e-4257-8943-3fffd176a0ab at term 1 for becomeLeader, leader elected after 1100ms
2019-09-27 09:19:09,226 [7387e8c6-1a4e-4257-8943-3fffd176a0ab@group-BB8CA25215F4:LeaderElection79] INFO  server.RaftServerConfigKeys (ConfUtils.java:logGet(43)) - raft.server.staging.catchup.gap = 1000 (default)
2019-09-27 09:19:09,226 [7387e8c6-1a4e-4257-8943-3fffd176a0ab@group-BB8CA25215F4:LeaderElection79] INFO  server.RaftServerConfigKeys (ConfUtils.java:logGet(43)) - raft.server.rpc.sleep.time = 25ms (default)
2019-09-27 09:19:09,227 [7387e8c6-1a4e-4257-8943-3fffd176a0ab@group-BB8CA25215F4:LeaderElection79] INFO  server.RaftServerConfigKeys (ConfUtils.java:logGet(43)) - raft.server.write.element-limit = 4096 (default)
2019-09-27 09:19:09,227 [7387e8c6-1a4e-4257-8943-3fffd176a0ab@group-BB8CA25215F4:LeaderElection79] INFO  server.RaftServerConfigKeys (ConfUtils.java:logGet(43)) - raft.server.watch.timeout = 10s (default)
2019-09-27 09:19:09,227 [7387e8c6-1a4e-4257-8943-3fffd176a0ab@group-BB8CA25215F4:LeaderElection79] INFO  server.RaftServerConfigKeys (ConfUtils.java:logGet(43)) - raft.server.watch.timeout.denomination = 1s (default)
2019-09-27 09:19:09,227 [7387e8c6-1a4e-4257-8943-3fffd176a0ab@group-BB8CA25215F4:LeaderElection79] INFO  server.RaftServerConfigKeys (ConfUtils.java:logGet(43)) - raft.server.watch.element-limit = 65536 (default)
2019-09-27 09:19:09,227 [2ae76358-1a8d-4fd5-a4fd-20ea98138735@group-0E9050A622E0:LeaderElection78] INFO  impl.RoleInfo (RoleInfo.java:updateAndGet(143)) - 2ae76358-1a8d-4fd5-a4fd-20ea98138735: start LeaderState
2019-09-27 09:19:09,228 [2ae76358-1a8d-4fd5-a4fd-20ea98138735@group-0E9050A622E0:LeaderElection78] INFO  segmented.SegmentedRaftLogWorker (SegmentedRaftLogWorker.java:startLogSegment(380)) - 2ae76358-1a8d-4fd5-a4fd-20ea98138735@group-0E9050A622E0-SegmentedRaftLogWorker: Starting segment from index:0
2019-09-27 09:19:09,228 [7387e8c6-1a4e-4257-8943-3fffd176a0ab@group-BB8CA25215F4:LeaderElection79] INFO  impl.RoleInfo (RoleInfo.java:updateAndGet(143)) - 7387e8c6-1a4e-4257-8943-3fffd176a0ab: start LeaderState
2019-09-27 09:19:09,228 [7387e8c6-1a4e-4257-8943-3fffd176a0ab@group-BB8CA25215F4:LeaderElection79] INFO  segmented.SegmentedRaftLogWorker (SegmentedRaftLogWorker.java:startLogSegment(380)) - 7387e8c6-1a4e-4257-8943-3fffd176a0ab@group-BB8CA25215F4-SegmentedRaftLogWorker: Starting segment from index:0
2019-09-27 09:19:09,228 [2ae76358-1a8d-4fd5-a4fd-20ea98138735@group-0E9050A622E0:LeaderElection78] INFO  impl.RaftServerImpl (ServerState.java:setRaftConf(354)) - 2ae76358-1a8d-4fd5-a4fd-20ea98138735@group-0E9050A622E0: set configuration 0: [2ae76358-1a8d-4fd5-a4fd-20ea98138735:192.168.151.103:41875], old=null at 0
2019-09-27 09:19:09,229 [7387e8c6-1a4e-4257-8943-3fffd176a0ab@group-BB8CA25215F4:LeaderElection79] INFO  impl.RaftServerImpl (ServerState.java:setRaftConf(354)) - 7387e8c6-1a4e-4257-8943-3fffd176a0ab@group-BB8CA25215F4: set configuration 0: [7387e8c6-1a4e-4257-8943-3fffd176a0ab:192.168.151.103:41069], old=null at 0
2019-09-27 09:19:09,245 [Thread-4224] INFO  impl.FollowerState (FollowerState.java:run(106)) - f05e65be-6e62-49e0-b8f3-4d237753c08e:group-674DA804F680 changes to CANDIDATE, lastRpcTime:1015, electionTimeout:1015ms
2019-09-27 09:19:09,245 [Thread-4224] INFO  impl.RoleInfo (RoleInfo.java:shutdownFollowerState(121)) - f05e65be-6e62-49e0-b8f3-4d237753c08e: shutdown FollowerState
2019-09-27 09:19:09,245 [Thread-4224] INFO  impl.RaftServerImpl (RaftServerImpl.java:setRole(174)) - f05e65be-6e62-49e0-b8f3-4d237753c08e@group-674DA804F680: changes role from  FOLLOWER to CANDIDATE at term 0 for changeToCandidate
2019-09-27 09:19:09,245 [Thread-4224] INFO  impl.RoleInfo (RoleInfo.java:updateAndGet(143)) - f05e65be-6e62-49e0-b8f3-4d237753c08e: start LeaderElection
2019-09-27 09:19:09,281 [925a8c9e-5dc9-440e-8840-ce0b2559d856@group-8BBC9CA4D212-SegmentedRaftLogWorker] INFO  segmented.SegmentedRaftLogWorker (SegmentedRaftLogWorker.java:execute(569)) - 925a8c9e-5dc9-440e-8840-ce0b2559d856@group-8BBC9CA4D212-SegmentedRaftLogWorker: created new log segment /workdir/hadoop-ozone/integration-test/target/test-dir/MiniOzoneClusterImpl-d2d06822-f460-4d8d-a87b-a517d879cb3f/datanode-6/data/ratis/578aa358-1aef-4505-b6a5-8bbc9ca4d212/current/log_inprogress_0
2019-09-27 09:19:09,281 [f05e65be-6e62-49e0-b8f3-4d237753c08e@group-674DA804F680:LeaderElection80] INFO  impl.LeaderElection (LeaderElection.java:askForVotes(182)) - f05e65be-6e62-49e0-b8f3-4d237753c08e@group-674DA804F680:LeaderElection80: begin an election at term 1 for -1: [f05e65be-6e62-49e0-b8f3-4d237753c08e:192.168.151.103:42243], old=null
2019-09-27 09:19:09,281 [7387e8c6-1a4e-4257-8943-3fffd176a0ab@group-BB8CA25215F4-SegmentedRaftLogWorker] INFO  segmented.SegmentedRaftLogWorker (SegmentedRaftLogWorker.java:execute(569)) - 7387e8c6-1a4e-4257-8943-3fffd176a0ab@group-BB8CA25215F4-SegmentedRaftLogWorker: created new log segment /workdir/hadoop-ozone/integration-test/target/test-dir/MiniOzoneClusterImpl-d2d06822-f460-4d8d-a87b-a517d879cb3f/datanode-7/data/ratis/d1f5448b-1d18-4df6-9b27-bb8ca25215f4/current/log_inprogress_0
2019-09-27 09:19:09,281 [2ae76358-1a8d-4fd5-a4fd-20ea98138735@group-0E9050A622E0-SegmentedRaftLogWorker] INFO  segmented.SegmentedRaftLogWorker (SegmentedRaftLogWorker.java:execute(569)) - 2ae76358-1a8d-4fd5-a4fd-20ea98138735@group-0E9050A622E0-SegmentedRaftLogWorker: created new log segment /workdir/hadoop-ozone/integration-test/target/test-dir/MiniOzoneClusterImpl-d2d06822-f460-4d8d-a87b-a517d879cb3f/datanode-8/data/ratis/8f4668b9-b430-4cb3-a934-0e9050a622e0/current/log_inprogress_0
2019-09-27 09:19:09,281 [f05e65be-6e62-49e0-b8f3-4d237753c08e@group-674DA804F680:LeaderElection80] INFO  impl.RoleInfo (RoleInfo.java:shutdownLeaderElection(134)) - f05e65be-6e62-49e0-b8f3-4d237753c08e: shutdown LeaderElection
2019-09-27 09:19:09,281 [f05e65be-6e62-49e0-b8f3-4d237753c08e@group-674DA804F680:LeaderElection80] INFO  impl.RaftServerImpl (RaftServerImpl.java:setRole(174)) - f05e65be-6e62-49e0-b8f3-4d237753c08e@group-674DA804F680: changes role from CANDIDATE to LEADER at term 1 for changeToLeader
2019-09-27 09:19:09,281 [f05e65be-6e62-49e0-b8f3-4d237753c08e@group-674DA804F680:LeaderElection80] INFO  impl.RaftServerImpl (ServerState.java:setLeader(253)) - f05e65be-6e62-49e0-b8f3-4d237753c08e@group-674DA804F680: change Leader from null to f05e65be-6e62-49e0-b8f3-4d237753c08e at term 1 for becomeLeader, leader elected after 1056ms
2019-09-27 09:19:09,282 [f05e65be-6e62-49e0-b8f3-4d237753c08e@group-674DA804F680:LeaderElection80] INFO  server.RaftServerConfigKeys (ConfUtils.java:logGet(43)) - raft.server.staging.catchup.gap = 1000 (default)
2019-09-27 09:19:09,282 [f05e65be-6e62-49e0-b8f3-4d237753c08e@group-674DA804F680:LeaderElection80] INFO  server.RaftServerConfigKeys (ConfUtils.java:logGet(43)) - raft.server.rpc.sleep.time = 25ms (default)
2019-09-27 09:19:09,282 [f05e65be-6e62-49e0-b8f3-4d237753c08e@group-674DA804F680:LeaderElection80] INFO  server.RaftServerConfigKeys (ConfUtils.java:logGet(43)) - raft.server.write.element-limit = 4096 (default)
2019-09-27 09:19:09,282 [f05e65be-6e62-49e0-b8f3-4d237753c08e@group-674DA804F680:LeaderElection80] INFO  server.RaftServerConfigKeys (ConfUtils.java:logGet(43)) - raft.server.watch.timeout = 10s (default)
2019-09-27 09:19:09,282 [f05e65be-6e62-49e0-b8f3-4d237753c08e@group-674DA804F680:LeaderElection80] INFO  server.RaftServerConfigKeys (ConfUtils.java:logGet(43)) - raft.server.watch.timeout.denomination = 1s (default)
2019-09-27 09:19:09,282 [f05e65be-6e62-49e0-b8f3-4d237753c08e@group-674DA804F680:LeaderElection80] INFO  server.RaftServerConfigKeys (ConfUtils.java:logGet(43)) - raft.server.watch.element-limit = 65536 (default)
2019-09-27 09:19:09,283 [f05e65be-6e62-49e0-b8f3-4d237753c08e@group-674DA804F680:LeaderElection80] INFO  impl.RoleInfo (RoleInfo.java:updateAndGet(143)) - f05e65be-6e62-49e0-b8f3-4d237753c08e: start LeaderState
2019-09-27 09:19:09,283 [f05e65be-6e62-49e0-b8f3-4d237753c08e@group-674DA804F680:LeaderElection80] INFO  segmented.SegmentedRaftLogWorker (SegmentedRaftLogWorker.java:startLogSegment(380)) - f05e65be-6e62-49e0-b8f3-4d237753c08e@group-674DA804F680-SegmentedRaftLogWorker: Starting segment from index:0
2019-09-27 09:19:09,284 [f05e65be-6e62-49e0-b8f3-4d237753c08e@group-674DA804F680:LeaderElection80] INFO  impl.RaftServerImpl (ServerState.java:setRaftConf(354)) - f05e65be-6e62-49e0-b8f3-4d237753c08e@group-674DA804F680: set configuration 0: [f05e65be-6e62-49e0-b8f3-4d237753c08e:192.168.151.103:42243], old=null at 0
2019-09-27 09:19:09,320 [f05e65be-6e62-49e0-b8f3-4d237753c08e@group-674DA804F680-SegmentedRaftLogWorker] INFO  segmented.SegmentedRaftLogWorker (SegmentedRaftLogWorker.java:execute(569)) - f05e65be-6e62-49e0-b8f3-4d237753c08e@group-674DA804F680-SegmentedRaftLogWorker: created new log segment /workdir/hadoop-ozone/integration-test/target/test-dir/MiniOzoneClusterImpl-d2d06822-f460-4d8d-a87b-a517d879cb3f/datanode-5/data/ratis/b91b4541-b83a-4e9d-ad8d-674da804f680/current/log_inprogress_0
2019-09-27 09:19:09,337 [Thread-4233] INFO  impl.FollowerState (FollowerState.java:run(106)) - 58a870c2-09d8-4538-b684-89d5a4d1d620:group-7ED8B9CF6619 changes to CANDIDATE, lastRpcTime:1036, electionTimeout:1036ms
2019-09-27 09:19:09,338 [Thread-4233] INFO  impl.RoleInfo (RoleInfo.java:shutdownFollowerState(121)) - 58a870c2-09d8-4538-b684-89d5a4d1d620: shutdown FollowerState
2019-09-27 09:19:09,338 [Thread-4233] INFO  impl.RaftServerImpl (RaftServerImpl.java:setRole(174)) - 58a870c2-09d8-4538-b684-89d5a4d1d620@group-7ED8B9CF6619: changes role from  FOLLOWER to CANDIDATE at term 0 for changeToCandidate
2019-09-27 09:19:09,338 [Thread-4233] INFO  impl.RoleInfo (RoleInfo.java:updateAndGet(143)) - 58a870c2-09d8-4538-b684-89d5a4d1d620: start LeaderElection
2019-09-27 09:19:09,341 [Thread-4221] INFO  impl.FollowerState (FollowerState.java:run(106)) - 58a870c2-09d8-4538-b684-89d5a4d1d620:group-4C34113D008D changes to CANDIDATE, lastRpcTime:1162, electionTimeout:1161ms
2019-09-27 09:19:09,345 [Thread-4221] INFO  impl.RoleInfo (RoleInfo.java:shutdownFollowerState(121)) - 58a870c2-09d8-4538-b684-89d5a4d1d620: shutdown FollowerState
2019-09-27 09:19:09,345 [Thread-4221] INFO  impl.RaftServerImpl (RaftServerImpl.java:setRole(174)) - 58a870c2-09d8-4538-b684-89d5a4d1d620@group-4C34113D008D: changes role from  FOLLOWER to CANDIDATE at term 0 for changeToCandidate
2019-09-27 09:19:09,345 [Thread-4221] INFO  impl.RoleInfo (RoleInfo.java:updateAndGet(143)) - 58a870c2-09d8-4538-b684-89d5a4d1d620: start LeaderElection
2019-09-27 09:19:09,370 [58a870c2-09d8-4538-b684-89d5a4d1d620@group-4C34113D008D:LeaderElection82] INFO  impl.LeaderElection (LeaderElection.java:askForVotes(182)) - 58a870c2-09d8-4538-b684-89d5a4d1d620@group-4C34113D008D:LeaderElection82: begin an election at term 1 for -1: [58a870c2-09d8-4538-b684-89d5a4d1d620:192.168.151.103:41551], old=null
2019-09-27 09:19:09,370 [58a870c2-09d8-4538-b684-89d5a4d1d620@group-7ED8B9CF6619:LeaderElection81] INFO  impl.LeaderElection (LeaderElection.java:askForVotes(182)) - 58a870c2-09d8-4538-b684-89d5a4d1d620@group-7ED8B9CF6619:LeaderElection81: begin an election at term 1 for -1: [58a870c2-09d8-4538-b684-89d5a4d1d620:192.168.151.103:41551, 7387e8c6-1a4e-4257-8943-3fffd176a0ab:192.168.151.103:41069, 2ae76358-1a8d-4fd5-a4fd-20ea98138735:192.168.151.103:41875], old=null
2019-09-27 09:19:09,371 [58a870c2-09d8-4538-b684-89d5a4d1d620@group-4C34113D008D:LeaderElection82] INFO  impl.RoleInfo (RoleInfo.java:shutdownLeaderElection(134)) - 58a870c2-09d8-4538-b684-89d5a4d1d620: shutdown LeaderElection
2019-09-27 09:19:09,371 [58a870c2-09d8-4538-b684-89d5a4d1d620@group-4C34113D008D:LeaderElection82] INFO  impl.RaftServerImpl (RaftServerImpl.java:setRole(174)) - 58a870c2-09d8-4538-b684-89d5a4d1d620@group-4C34113D008D: changes role from CANDIDATE to LEADER at term 1 for changeToLeader
2019-09-27 09:19:09,371 [58a870c2-09d8-4538-b684-89d5a4d1d620@group-4C34113D008D:LeaderElection82] INFO  impl.RaftServerImpl (ServerState.java:setLeader(253)) - 58a870c2-09d8-4538-b684-89d5a4d1d620@group-4C34113D008D: change Leader from null to 58a870c2-09d8-4538-b684-89d5a4d1d620 at term 1 for becomeLeader, leader elected after 1196ms
2019-09-27 09:19:09,371 [58a870c2-09d8-4538-b684-89d5a4d1d620@group-4C34113D008D:LeaderElection82] INFO  server.RaftServerConfigKeys (ConfUtils.java:logGet(43)) - raft.server.staging.catchup.gap = 1000 (default)
2019-09-27 09:19:09,371 [58a870c2-09d8-4538-b684-89d5a4d1d620@group-4C34113D008D:LeaderElection82] INFO  server.RaftServerConfigKeys (ConfUtils.java:logGet(43)) - raft.server.rpc.sleep.time = 25ms (default)
2019-09-27 09:19:09,371 [58a870c2-09d8-4538-b684-89d5a4d1d620@group-4C34113D008D:LeaderElection82] INFO  server.RaftServerConfigKeys (ConfUtils.java:logGet(43)) - raft.server.write.element-limit = 4096 (default)
2019-09-27 09:19:09,371 [58a870c2-09d8-4538-b684-89d5a4d1d620@group-4C34113D008D:LeaderElection82] INFO  server.RaftServerConfigKeys (ConfUtils.java:logGet(43)) - raft.server.watch.timeout = 10s (default)
2019-09-27 09:19:09,372 [58a870c2-09d8-4538-b684-89d5a4d1d620@group-4C34113D008D:LeaderElection82] INFO  server.RaftServerConfigKeys (ConfUtils.java:logGet(43)) - raft.server.watch.timeout.denomination = 1s (default)
2019-09-27 09:19:09,372 [58a870c2-09d8-4538-b684-89d5a4d1d620@group-4C34113D008D:LeaderElection82] INFO  server.RaftServerConfigKeys (ConfUtils.java:logGet(43)) - raft.server.watch.element-limit = 65536 (default)
2019-09-27 09:19:09,376 [58a870c2-09d8-4538-b684-89d5a4d1d620@group-4C34113D008D:LeaderElection82] INFO  impl.RoleInfo (RoleInfo.java:updateAndGet(143)) - 58a870c2-09d8-4538-b684-89d5a4d1d620: start LeaderState
2019-09-27 09:19:09,377 [58a870c2-09d8-4538-b684-89d5a4d1d620@group-4C34113D008D:LeaderElection82] INFO  segmented.SegmentedRaftLogWorker (SegmentedRaftLogWorker.java:startLogSegment(380)) - 58a870c2-09d8-4538-b684-89d5a4d1d620@group-4C34113D008D-SegmentedRaftLogWorker: Starting segment from index:0
2019-09-27 09:19:09,377 [58a870c2-09d8-4538-b684-89d5a4d1d620@group-4C34113D008D:LeaderElection82] INFO  impl.RaftServerImpl (ServerState.java:setRaftConf(354)) - 58a870c2-09d8-4538-b684-89d5a4d1d620@group-4C34113D008D: set configuration 0: [58a870c2-09d8-4538-b684-89d5a4d1d620:192.168.151.103:41551], old=null at 0
2019-09-27 09:19:09,411 [Thread-4228] INFO  impl.FollowerState (FollowerState.java:run(106)) - 2ae76358-1a8d-4fd5-a4fd-20ea98138735:group-7ED8B9CF6619 changes to CANDIDATE, lastRpcTime:1118, electionTimeout:1099ms
2019-09-27 09:19:09,413 [grpc-default-executor-1] INFO  impl.RaftServerImpl (RaftServerImpl.java:setRole(174)) - 7387e8c6-1a4e-4257-8943-3fffd176a0ab@group-7ED8B9CF6619: changes role from  FOLLOWER to FOLLOWER at term 1 for recognizeCandidate:58a870c2-09d8-4538-b684-89d5a4d1d620
2019-09-27 09:19:09,415 [Thread-4228] INFO  impl.RoleInfo (RoleInfo.java:shutdownFollowerState(121)) - 2ae76358-1a8d-4fd5-a4fd-20ea98138735: shutdown FollowerState
2019-09-27 09:19:09,416 [grpc-default-executor-1] INFO  impl.RoleInfo (RoleInfo.java:shutdownFollowerState(121)) - 7387e8c6-1a4e-4257-8943-3fffd176a0ab: shutdown FollowerState
2019-09-27 09:19:09,416 [Thread-4228] INFO  impl.RaftServerImpl (RaftServerImpl.java:setRole(174)) - 2ae76358-1a8d-4fd5-a4fd-20ea98138735@group-7ED8B9CF6619: changes role from  FOLLOWER to CANDIDATE at term 0 for changeToCandidate
2019-09-27 09:19:09,416 [Thread-4230] INFO  impl.FollowerState (FollowerState.java:run(115)) - 7387e8c6-1a4e-4257-8943-3fffd176a0ab: FollowerState was interrupted: java.lang.InterruptedException: sleep interrupted
2019-09-27 09:19:09,416 [grpc-default-executor-1] INFO  impl.RoleInfo (RoleInfo.java:updateAndGet(143)) - 7387e8c6-1a4e-4257-8943-3fffd176a0ab: start FollowerState
2019-09-27 09:19:09,416 [Thread-4228] INFO  impl.RoleInfo (RoleInfo.java:updateAndGet(143)) - 2ae76358-1a8d-4fd5-a4fd-20ea98138735: start LeaderElection
2019-09-27 09:19:09,418 [grpc-default-executor-5] INFO  impl.RaftServerImpl (RaftServerImpl.java:setRole(174)) - 2ae76358-1a8d-4fd5-a4fd-20ea98138735@group-7ED8B9CF6619: changes role from CANDIDATE to FOLLOWER at term 1 for recognizeCandidate:58a870c2-09d8-4538-b684-89d5a4d1d620
2019-09-27 09:19:09,419 [grpc-default-executor-5] INFO  impl.RoleInfo (RoleInfo.java:shutdownLeaderElection(134)) - 2ae76358-1a8d-4fd5-a4fd-20ea98138735: shutdown LeaderElection
2019-09-27 09:19:09,419 [grpc-default-executor-5] INFO  impl.RoleInfo (RoleInfo.java:updateAndGet(143)) - 2ae76358-1a8d-4fd5-a4fd-20ea98138735: start FollowerState
2019-09-27 09:19:09,424 [58a870c2-09d8-4538-b684-89d5a4d1d620@group-4C34113D008D-SegmentedRaftLogWorker] INFO  segmented.SegmentedRaftLogWorker (SegmentedRaftLogWorker.java:execute(569)) - 58a870c2-09d8-4538-b684-89d5a4d1d620@group-4C34113D008D-SegmentedRaftLogWorker: created new log segment /workdir/hadoop-ozone/integration-test/target/test-dir/MiniOzoneClusterImpl-d2d06822-f460-4d8d-a87b-a517d879cb3f/datanode-9/data/ratis/08411f76-bf21-4e4c-b92e-4c34113d008d/current/log_inprogress_0
2019-09-27 09:19:09,429 [58a870c2-09d8-4538-b684-89d5a4d1d620@group-7ED8B9CF6619:LeaderElection81] INFO  impl.LeaderElection (LeaderElection.java:logAndReturn(56)) - 58a870c2-09d8-4538-b684-89d5a4d1d620@group-7ED8B9CF6619:LeaderElection81: Election PASSED; received 1 response(s) [58a870c2-09d8-4538-b684-89d5a4d1d620<-7387e8c6-1a4e-4257-8943-3fffd176a0ab#0:OK-t1] and 0 exception(s); 58a870c2-09d8-4538-b684-89d5a4d1d620@group-7ED8B9CF6619:t1, leader=null, voted=58a870c2-09d8-4538-b684-89d5a4d1d620, raftlog=58a870c2-09d8-4538-b684-89d5a4d1d620@group-7ED8B9CF6619-SegmentedRaftLog:OPENED:c-1,f-1,i0, conf=-1: [58a870c2-09d8-4538-b684-89d5a4d1d620:192.168.151.103:41551, 7387e8c6-1a4e-4257-8943-3fffd176a0ab:192.168.151.103:41069, 2ae76358-1a8d-4fd5-a4fd-20ea98138735:192.168.151.103:41875], old=null
2019-09-27 09:19:09,430 [58a870c2-09d8-4538-b684-89d5a4d1d620@group-7ED8B9CF6619:LeaderElection81] INFO  impl.RoleInfo (RoleInfo.java:shutdownLeaderElection(134)) - 58a870c2-09d8-4538-b684-89d5a4d1d620: shutdown LeaderElection
2019-09-27 09:19:09,430 [58a870c2-09d8-4538-b684-89d5a4d1d620@group-7ED8B9CF6619:LeaderElection81] INFO  impl.RaftServerImpl (RaftServerImpl.java:setRole(174)) - 58a870c2-09d8-4538-b684-89d5a4d1d620@group-7ED8B9CF6619: changes role from CANDIDATE to LEADER at term 1 for changeToLeader
2019-09-27 09:19:09,430 [58a870c2-09d8-4538-b684-89d5a4d1d620@group-7ED8B9CF6619:LeaderElection81] INFO  impl.RaftServerImpl (ServerState.java:setLeader(253)) - 58a870c2-09d8-4538-b684-89d5a4d1d620@group-7ED8B9CF6619: change Leader from null to 58a870c2-09d8-4538-b684-89d5a4d1d620 at term 1 for becomeLeader, leader elected after 1147ms
2019-09-27 09:19:09,430 [58a870c2-09d8-4538-b684-89d5a4d1d620@group-7ED8B9CF6619:LeaderElection81] INFO  server.RaftServerConfigKeys (ConfUtils.java:logGet(43)) - raft.server.staging.catchup.gap = 1000 (default)
2019-09-27 09:19:09,430 [58a870c2-09d8-4538-b684-89d5a4d1d620@group-7ED8B9CF6619:LeaderElection81] INFO  server.RaftServerConfigKeys (ConfUtils.java:logGet(43)) - raft.server.rpc.sleep.time = 25ms (default)
2019-09-27 09:19:09,430 [58a870c2-09d8-4538-b684-89d5a4d1d620@group-7ED8B9CF6619:LeaderElection81] INFO  server.RaftServerConfigKeys (ConfUtils.java:logGet(43)) - raft.server.write.element-limit = 4096 (default)
2019-09-27 09:19:09,430 [58a870c2-09d8-4538-b684-89d5a4d1d620@group-7ED8B9CF6619:LeaderElection81] INFO  server.RaftServerConfigKeys (ConfUtils.java:logGet(43)) - raft.server.watch.timeout = 10s (default)
2019-09-27 09:19:09,430 [58a870c2-09d8-4538-b684-89d5a4d1d620@group-7ED8B9CF6619:LeaderElection81] INFO  server.RaftServerConfigKeys (ConfUtils.java:logGet(43)) - raft.server.watch.timeout.denomination = 1s (default)
2019-09-27 09:19:09,430 [58a870c2-09d8-4538-b684-89d5a4d1d620@group-7ED8B9CF6619:LeaderElection81] INFO  server.RaftServerConfigKeys (ConfUtils.java:logGet(43)) - raft.server.watch.element-limit = 65536 (default)
2019-09-27 09:19:09,432 [58a870c2-09d8-4538-b684-89d5a4d1d620@group-7ED8B9CF6619:LeaderElection81] INFO  server.RaftServerConfigKeys (ConfUtils.java:logGet(43)) - raft.server.log.appender.snapshot.chunk.size.max = 16MB (=16777216) (default)
2019-09-27 09:19:09,432 [58a870c2-09d8-4538-b684-89d5a4d1d620@group-7ED8B9CF6619:LeaderElection81] INFO  server.RaftServerConfigKeys (ConfUtils.java:logGet(43)) - raft.server.log.appender.buffer.byte-limit = 33554432 (custom)
2019-09-27 09:19:09,432 [58a870c2-09d8-4538-b684-89d5a4d1d620@group-7ED8B9CF6619:LeaderElection81] INFO  server.RaftServerConfigKeys (ConfUtils.java:logGet(43)) - raft.server.log.appender.buffer.element-limit = 1 (custom)
2019-09-27 09:19:09,432 [58a870c2-09d8-4538-b684-89d5a4d1d620@group-7ED8B9CF6619:LeaderElection81] INFO  grpc.GrpcConfigKeys$Server (ConfUtils.java:logGet(43)) - raft.grpc.server.leader.outstanding.appends.max = 128 (default)
2019-09-27 09:19:09,432 [58a870c2-09d8-4538-b684-89d5a4d1d620@group-7ED8B9CF6619:LeaderElection81] INFO  server.RaftServerConfigKeys (ConfUtils.java:logGet(43)) - raft.server.rpc.request.timeout = 3000ms (default)
2019-09-27 09:19:09,432 [58a870c2-09d8-4538-b684-89d5a4d1d620@group-7ED8B9CF6619:LeaderElection81] INFO  server.RaftServerConfigKeys (ConfUtils.java:logGet(43)) - raft.server.log.appender.install.snapshot.enabled = false (custom)
2019-09-27 09:19:09,432 [58a870c2-09d8-4538-b684-89d5a4d1d620@group-7ED8B9CF6619:LeaderElection81] INFO  server.RaftServerConfigKeys (ConfUtils.java:logGet(43)) - raft.server.log.appender.snapshot.chunk.size.max = 16MB (=16777216) (default)
2019-09-27 09:19:09,433 [58a870c2-09d8-4538-b684-89d5a4d1d620@group-7ED8B9CF6619:LeaderElection81] INFO  server.RaftServerConfigKeys (ConfUtils.java:logGet(43)) - raft.server.log.appender.buffer.byte-limit = 33554432 (custom)
2019-09-27 09:19:09,433 [58a870c2-09d8-4538-b684-89d5a4d1d620@group-7ED8B9CF6619:LeaderElection81] INFO  server.RaftServerConfigKeys (ConfUtils.java:logGet(43)) - raft.server.log.appender.buffer.element-limit = 1 (custom)
2019-09-27 09:19:09,433 [58a870c2-09d8-4538-b684-89d5a4d1d620@group-7ED8B9CF6619:LeaderElection81] INFO  grpc.GrpcConfigKeys$Server (ConfUtils.java:logGet(43)) - raft.grpc.server.leader.outstanding.appends.max = 128 (default)
2019-09-27 09:19:09,433 [58a870c2-09d8-4538-b684-89d5a4d1d620@group-7ED8B9CF6619:LeaderElection81] INFO  server.RaftServerConfigKeys (ConfUtils.java:logGet(43)) - raft.server.rpc.request.timeout = 3000ms (default)
2019-09-27 09:19:09,433 [58a870c2-09d8-4538-b684-89d5a4d1d620@group-7ED8B9CF6619:LeaderElection81] INFO  server.RaftServerConfigKeys (ConfUtils.java:logGet(43)) - raft.server.log.appender.install.snapshot.enabled = false (custom)
2019-09-27 09:19:09,433 [58a870c2-09d8-4538-b684-89d5a4d1d620@group-7ED8B9CF6619:LeaderElection81] INFO  impl.RoleInfo (RoleInfo.java:updateAndGet(143)) - 58a870c2-09d8-4538-b684-89d5a4d1d620: start LeaderState
2019-09-27 09:19:09,433 [58a870c2-09d8-4538-b684-89d5a4d1d620@group-7ED8B9CF6619:LeaderElection81] INFO  segmented.SegmentedRaftLogWorker (SegmentedRaftLogWorker.java:startLogSegment(380)) - 58a870c2-09d8-4538-b684-89d5a4d1d620@group-7ED8B9CF6619-SegmentedRaftLogWorker: Starting segment from index:0
2019-09-27 09:19:09,434 [58a870c2-09d8-4538-b684-89d5a4d1d620@group-7ED8B9CF6619:LeaderElection81] INFO  impl.RaftServerImpl (ServerState.java:setRaftConf(354)) - 58a870c2-09d8-4538-b684-89d5a4d1d620@group-7ED8B9CF6619: set configuration 0: [58a870c2-09d8-4538-b684-89d5a4d1d620:192.168.151.103:41551, 7387e8c6-1a4e-4257-8943-3fffd176a0ab:192.168.151.103:41069, 2ae76358-1a8d-4fd5-a4fd-20ea98138735:192.168.151.103:41875], old=null at 0
2019-09-27 09:19:09,435 [grpc-default-executor-1] INFO  impl.RaftServerImpl (ServerState.java:setLeader(253)) - 7387e8c6-1a4e-4257-8943-3fffd176a0ab@group-7ED8B9CF6619: change Leader from null to 58a870c2-09d8-4538-b684-89d5a4d1d620 at term 1 for appendEntries, leader elected after 1152ms
2019-09-27 09:19:09,463 [2ae76358-1a8d-4fd5-a4fd-20ea98138735@group-7ED8B9CF6619:LeaderElection83] INFO  impl.LeaderElection (LeaderElection.java:askForVotes(182)) - 2ae76358-1a8d-4fd5-a4fd-20ea98138735@group-7ED8B9CF6619:LeaderElection83: begin an election at term 2 for -1: [58a870c2-09d8-4538-b684-89d5a4d1d620:192.168.151.103:41551, 7387e8c6-1a4e-4257-8943-3fffd176a0ab:192.168.151.103:41069, 2ae76358-1a8d-4fd5-a4fd-20ea98138735:192.168.151.103:41875], old=null
2019-09-27 09:19:09,463 [2ae76358-1a8d-4fd5-a4fd-20ea98138735@group-7ED8B9CF6619:LeaderElection83] INFO  impl.LeaderElection (LeaderElection.java:logAndReturn(56)) - 2ae76358-1a8d-4fd5-a4fd-20ea98138735@group-7ED8B9CF6619:LeaderElection83: Election REJECTED; received 0 response(s) [] and 0 exception(s); 2ae76358-1a8d-4fd5-a4fd-20ea98138735@group-7ED8B9CF6619:t2, leader=null, voted=2ae76358-1a8d-4fd5-a4fd-20ea98138735, raftlog=2ae76358-1a8d-4fd5-a4fd-20ea98138735@group-7ED8B9CF6619-SegmentedRaftLog:OPENED:c-1,f-1,i0, conf=-1: [58a870c2-09d8-4538-b684-89d5a4d1d620:192.168.151.103:41551, 7387e8c6-1a4e-4257-8943-3fffd176a0ab:192.168.151.103:41069, 2ae76358-1a8d-4fd5-a4fd-20ea98138735:192.168.151.103:41875], old=null
2019-09-27 09:19:09,463 [Thread-4285] INFO  impl.RaftServerImpl (ServerState.java:setLeader(253)) - 58a870c2-09d8-4538-b684-89d5a4d1d620@group-7ED8B9CF6619: change Leader from 58a870c2-09d8-4538-b684-89d5a4d1d620 to null at term 2 for updateCurrentTerm
2019-09-27 09:19:09,464 [Thread-4285] INFO  impl.RaftServerImpl (RaftServerImpl.java:setRole(174)) - 58a870c2-09d8-4538-b684-89d5a4d1d620@group-7ED8B9CF6619: changes role from    LEADER to FOLLOWER at term 2 for stepDown
2019-09-27 09:19:09,464 [Thread-4285] INFO  impl.RoleInfo (RoleInfo.java:shutdownLeaderState(104)) - 58a870c2-09d8-4538-b684-89d5a4d1d620: shutdown LeaderState
2019-09-27 09:19:09,464 [grpc-default-executor-1] INFO  impl.RaftServerImpl (ServerState.java:setRaftConf(354)) - 7387e8c6-1a4e-4257-8943-3fffd176a0ab@group-7ED8B9CF6619: set configuration 0: [58a870c2-09d8-4538-b684-89d5a4d1d620:192.168.151.103:41551, 7387e8c6-1a4e-4257-8943-3fffd176a0ab:192.168.151.103:41069, 2ae76358-1a8d-4fd5-a4fd-20ea98138735:192.168.151.103:41875], old=null at 0
2019-09-27 09:19:09,469 [Thread-4285] INFO  impl.PendingRequests (PendingRequests.java:sendNotLeaderResponses(202)) - 58a870c2-09d8-4538-b684-89d5a4d1d620-PendingRequests: sendNotLeaderResponses
2019-09-27 09:19:09,469 [org.apache.ratis.server.impl.LogAppender$AppenderDaemon$$Lambda$400/247186050@d3842ca] WARN  server.GrpcLogAppender (GrpcLogAppender.java:mayWait(143)) - 58a870c2-09d8-4538-b684-89d5a4d1d620@group-7ED8B9CF6619->2ae76358-1a8d-4fd5-a4fd-20ea98138735-GrpcLogAppender: Wait interrupted by java.lang.InterruptedException
2019-09-27 09:19:09,469 [org.apache.ratis.server.impl.LogAppender$AppenderDaemon$$Lambda$400/247186050@3882b440] WARN  server.GrpcLogAppender (GrpcLogAppender.java:mayWait(143)) - 58a870c2-09d8-4538-b684-89d5a4d1d620@group-7ED8B9CF6619->7387e8c6-1a4e-4257-8943-3fffd176a0ab-GrpcLogAppender: Wait interrupted by java.lang.InterruptedException
2019-09-27 09:19:09,469 [Thread-4285] INFO  impl.RoleInfo (RoleInfo.java:updateAndGet(143)) - 58a870c2-09d8-4538-b684-89d5a4d1d620: start FollowerState
2019-09-27 09:19:09,469 [grpc-default-executor-1] INFO  segmented.SegmentedRaftLogWorker (SegmentedRaftLogWorker.java:startLogSegment(380)) - 7387e8c6-1a4e-4257-8943-3fffd176a0ab@group-7ED8B9CF6619-SegmentedRaftLogWorker: Starting segment from index:0
2019-09-27 09:19:09,470 [grpc-default-executor-5] INFO  server.GrpcServerProtocolService (GrpcServerProtocolService.java:onCompleted(113)) - 2ae76358-1a8d-4fd5-a4fd-20ea98138735: Completed APPEND_ENTRIES, lastRequest: 58a870c2-09d8-4538-b684-89d5a4d1d620->2ae76358-1a8d-4fd5-a4fd-20ea98138735#0-t1, previous=(t:0, i:0), leaderCommit=-1, initializing? false, entries: <empty>
2019-09-27 09:19:09,470 [grpc-default-executor-1] INFO  server.GrpcServerProtocolService (GrpcServerProtocolService.java:onCompleted(113)) - 7387e8c6-1a4e-4257-8943-3fffd176a0ab: Completed APPEND_ENTRIES, lastRequest: 58a870c2-09d8-4538-b684-89d5a4d1d620->7387e8c6-1a4e-4257-8943-3fffd176a0ab#1-t1, previous=(t:0, i:0), leaderCommit=-1, initializing? false, entries: size=1, first=(t:1, i:0), CONFIGURATIONENTRY
2019-09-27 09:19:09,470 [grpc-default-executor-1] INFO  server.GrpcLogAppender (GrpcLogAppender.java:onCompleted(293)) - 58a870c2-09d8-4538-b684-89d5a4d1d620@group-7ED8B9CF6619->7387e8c6-1a4e-4257-8943-3fffd176a0ab-AppendLogResponseHandler: follower responses appendEntries COMPLETED
2019-09-27 09:19:09,471 [grpc-default-executor-5] INFO  server.GrpcLogAppender (GrpcLogAppender.java:onCompleted(293)) - 58a870c2-09d8-4538-b684-89d5a4d1d620@group-7ED8B9CF6619->2ae76358-1a8d-4fd5-a4fd-20ea98138735-AppendLogResponseHandler: follower responses appendEntries COMPLETED
2019-09-27 09:19:09,471 [grpc-default-executor-1] INFO  impl.FollowerInfo (FollowerInfo.java:lambda$new$0(51)) - 58a870c2-09d8-4538-b684-89d5a4d1d620@group-7ED8B9CF6619->7387e8c6-1a4e-4257-8943-3fffd176a0ab: nextIndex: updateUnconditionally 1 -> 0
2019-09-27 09:19:09,471 [grpc-default-executor-5] INFO  impl.FollowerInfo (FollowerInfo.java:lambda$new$0(51)) - 58a870c2-09d8-4538-b684-89d5a4d1d620@group-7ED8B9CF6619->2ae76358-1a8d-4fd5-a4fd-20ea98138735: nextIndex: updateUnconditionally 0 -> 0
2019-09-27 09:19:09,471 [grpc-default-executor-5] INFO  impl.RaftServerImpl (ServerState.java:setLeader(253)) - 7387e8c6-1a4e-4257-8943-3fffd176a0ab@group-7ED8B9CF6619: change Leader from 58a870c2-09d8-4538-b684-89d5a4d1d620 to null at term 2 for updateCurrentTerm
2019-09-27 09:19:09,472 [grpc-default-executor-5] INFO  impl.RaftServerImpl (RaftServerImpl.java:setRole(174)) - 7387e8c6-1a4e-4257-8943-3fffd176a0ab@group-7ED8B9CF6619: changes role from  FOLLOWER to FOLLOWER at term 2 for recognizeCandidate:2ae76358-1a8d-4fd5-a4fd-20ea98138735
2019-09-27 09:19:09,472 [grpc-default-executor-5] INFO  impl.RoleInfo (RoleInfo.java:shutdownFollowerState(121)) - 7387e8c6-1a4e-4257-8943-3fffd176a0ab: shutdown FollowerState
2019-09-27 09:19:09,472 [grpc-default-executor-5] INFO  impl.RoleInfo (RoleInfo.java:updateAndGet(143)) - 7387e8c6-1a4e-4257-8943-3fffd176a0ab: start FollowerState
2019-09-27 09:19:09,472 [Thread-4282] INFO  impl.FollowerState (FollowerState.java:run(115)) - 7387e8c6-1a4e-4257-8943-3fffd176a0ab: FollowerState was interrupted: java.lang.InterruptedException: sleep interrupted
2019-09-27 09:19:09,482 [58a870c2-09d8-4538-b684-89d5a4d1d620@group-7ED8B9CF6619-SegmentedRaftLogWorker] INFO  segmented.SegmentedRaftLogWorker (SegmentedRaftLogWorker.java:execute(569)) - 58a870c2-09d8-4538-b684-89d5a4d1d620@group-7ED8B9CF6619-SegmentedRaftLogWorker: created new log segment /workdir/hadoop-ozone/integration-test/target/test-dir/MiniOzoneClusterImpl-d2d06822-f460-4d8d-a87b-a517d879cb3f/datanode-9/data/ratis/9218e225-ad1c-4ca4-9b48-7ed8b9cf6619/current/log_inprogress_0
2019-09-27 09:19:09,483 [grpc-default-executor-4] INFO  impl.RaftServerImpl (RaftServerImpl.java:setRole(174)) - 58a870c2-09d8-4538-b684-89d5a4d1d620@group-7ED8B9CF6619: changes role from  FOLLOWER to FOLLOWER at term 2 for recognizeCandidate:2ae76358-1a8d-4fd5-a4fd-20ea98138735
2019-09-27 09:19:09,501 [grpc-default-executor-4] INFO  impl.RoleInfo (RoleInfo.java:shutdownFollowerState(121)) - 58a870c2-09d8-4538-b684-89d5a4d1d620: shutdown FollowerState
2019-09-27 09:19:09,501 [grpc-default-executor-4] INFO  impl.RoleInfo (RoleInfo.java:updateAndGet(143)) - 58a870c2-09d8-4538-b684-89d5a4d1d620: start FollowerState
2019-09-27 09:19:09,501 [Thread-4293] INFO  impl.FollowerState (FollowerState.java:run(115)) - 58a870c2-09d8-4538-b684-89d5a4d1d620: FollowerState was interrupted: java.lang.InterruptedException: sleep interrupted
2019-09-27 09:19:09,513 [7387e8c6-1a4e-4257-8943-3fffd176a0ab@group-7ED8B9CF6619-SegmentedRaftLogWorker] INFO  segmented.SegmentedRaftLogWorker (SegmentedRaftLogWorker.java:execute(569)) - 7387e8c6-1a4e-4257-8943-3fffd176a0ab@group-7ED8B9CF6619-SegmentedRaftLogWorker: created new log segment /workdir/hadoop-ozone/integration-test/target/test-dir/MiniOzoneClusterImpl-d2d06822-f460-4d8d-a87b-a517d879cb3f/datanode-7/data/ratis/9218e225-ad1c-4ca4-9b48-7ed8b9cf6619/current/log_inprogress_0
2019-09-27 09:19:09,967 [Thread-4255] INFO  impl.FollowerState (FollowerState.java:run(106)) - 82c6079f-0caa-41c9-82d7-90e7306895b1:group-A7C4CCBA1937 changes to CANDIDATE, lastRpcTime:1000, electionTimeout:1000ms
2019-09-27 09:19:09,967 [Thread-4255] INFO  impl.RoleInfo (RoleInfo.java:shutdownFollowerState(121)) - 82c6079f-0caa-41c9-82d7-90e7306895b1: shutdown FollowerState
2019-09-27 09:19:09,967 [Thread-4255] INFO  impl.RaftServerImpl (RaftServerImpl.java:setRole(174)) - 82c6079f-0caa-41c9-82d7-90e7306895b1@group-A7C4CCBA1937: changes role from  FOLLOWER to CANDIDATE at term 1 for changeToCandidate
2019-09-27 09:19:09,968 [Thread-4255] INFO  impl.RoleInfo (RoleInfo.java:updateAndGet(143)) - 82c6079f-0caa-41c9-82d7-90e7306895b1: start LeaderElection
2019-09-27 09:19:09,982 [82c6079f-0caa-41c9-82d7-90e7306895b1@group-A7C4CCBA1937:LeaderElection84] INFO  impl.LeaderElection (LeaderElection.java:askForVotes(182)) - 82c6079f-0caa-41c9-82d7-90e7306895b1@group-A7C4CCBA1937:LeaderElection84: begin an election at term 2 for -1: [2c6b07a0-dd20-4844-842b-efa553872a87:192.168.151.103:35871, 82c6079f-0caa-41c9-82d7-90e7306895b1:192.168.151.103:43165, 3336feff-37d1-4141-b1ec-acdf5527e46c:192.168.151.103:37464], old=null
2019-09-27 09:19:09,984 [grpc-default-executor-4] INFO  impl.RaftServerImpl (RaftServerImpl.java:setRole(174)) - 2c6b07a0-dd20-4844-842b-efa553872a87@group-A7C4CCBA1937: changes role from  FOLLOWER to FOLLOWER at term 2 for recognizeCandidate:82c6079f-0caa-41c9-82d7-90e7306895b1
2019-09-27 09:19:09,985 [grpc-default-executor-5] INFO  impl.RaftServerImpl (RaftServerImpl.java:setRole(174)) - 3336feff-37d1-4141-b1ec-acdf5527e46c@group-A7C4CCBA1937: changes role from  FOLLOWER to FOLLOWER at term 2 for recognizeCandidate:82c6079f-0caa-41c9-82d7-90e7306895b1
2019-09-27 09:19:09,985 [grpc-default-executor-4] INFO  impl.RoleInfo (RoleInfo.java:shutdownFollowerState(121)) - 2c6b07a0-dd20-4844-842b-efa553872a87: shutdown FollowerState
2019-09-27 09:19:09,985 [grpc-default-executor-5] INFO  impl.RoleInfo (RoleInfo.java:shutdownFollowerState(121)) - 3336feff-37d1-4141-b1ec-acdf5527e46c: shutdown FollowerState
2019-09-27 09:19:09,985 [Thread-4254] INFO  impl.FollowerState (FollowerState.java:run(115)) - 2c6b07a0-dd20-4844-842b-efa553872a87: FollowerState was interrupted: java.lang.InterruptedException: sleep interrupted
2019-09-27 09:19:09,985 [grpc-default-executor-4] INFO  impl.RoleInfo (RoleInfo.java:updateAndGet(143)) - 2c6b07a0-dd20-4844-842b-efa553872a87: start FollowerState
2019-09-27 09:19:09,985 [Thread-4256] INFO  impl.FollowerState (FollowerState.java:run(115)) - 3336feff-37d1-4141-b1ec-acdf5527e46c: FollowerState was interrupted: java.lang.InterruptedException: sleep interrupted
2019-09-27 09:19:09,985 [grpc-default-executor-5] INFO  impl.RoleInfo (RoleInfo.java:updateAndGet(143)) - 3336feff-37d1-4141-b1ec-acdf5527e46c: start FollowerState
2019-09-27 09:19:10,001 [82c6079f-0caa-41c9-82d7-90e7306895b1@group-A7C4CCBA1937:LeaderElection84] INFO  impl.LeaderElection (LeaderElection.java:logAndReturn(56)) - 82c6079f-0caa-41c9-82d7-90e7306895b1@group-A7C4CCBA1937:LeaderElection84: Election PASSED; received 1 response(s) [82c6079f-0caa-41c9-82d7-90e7306895b1<-2c6b07a0-dd20-4844-842b-efa553872a87#0:OK-t2] and 0 exception(s); 82c6079f-0caa-41c9-82d7-90e7306895b1@group-A7C4CCBA1937:t2, leader=null, voted=82c6079f-0caa-41c9-82d7-90e7306895b1, raftlog=82c6079f-0caa-41c9-82d7-90e7306895b1@group-A7C4CCBA1937-SegmentedRaftLog:OPENED:c-1,f-1,i0, conf=-1: [2c6b07a0-dd20-4844-842b-efa553872a87:192.168.151.103:35871, 82c6079f-0caa-41c9-82d7-90e7306895b1:192.168.151.103:43165, 3336feff-37d1-4141-b1ec-acdf5527e46c:192.168.151.103:37464], old=null
2019-09-27 09:19:10,001 [82c6079f-0caa-41c9-82d7-90e7306895b1@group-A7C4CCBA1937:LeaderElection84] INFO  impl.RoleInfo (RoleInfo.java:shutdownLeaderElection(134)) - 82c6079f-0caa-41c9-82d7-90e7306895b1: shutdown LeaderElection
2019-09-27 09:19:10,001 [82c6079f-0caa-41c9-82d7-90e7306895b1@group-A7C4CCBA1937:LeaderElection84] INFO  impl.RaftServerImpl (RaftServerImpl.java:setRole(174)) - 82c6079f-0caa-41c9-82d7-90e7306895b1@group-A7C4CCBA1937: changes role from CANDIDATE to LEADER at term 2 for changeToLeader
2019-09-27 09:19:10,002 [82c6079f-0caa-41c9-82d7-90e7306895b1@group-A7C4CCBA1937:LeaderElection84] INFO  impl.RaftServerImpl (ServerState.java:setLeader(253)) - 82c6079f-0caa-41c9-82d7-90e7306895b1@group-A7C4CCBA1937: change Leader from null to 82c6079f-0caa-41c9-82d7-90e7306895b1 at term 2 for becomeLeader, leader elected after 2138ms
2019-09-27 09:19:10,002 [82c6079f-0caa-41c9-82d7-90e7306895b1@group-A7C4CCBA1937:LeaderElection84] INFO  server.RaftServerConfigKeys (ConfUtils.java:logGet(43)) - raft.server.staging.catchup.gap = 1000 (default)
2019-09-27 09:19:10,002 [82c6079f-0caa-41c9-82d7-90e7306895b1@group-A7C4CCBA1937:LeaderElection84] INFO  server.RaftServerConfigKeys (ConfUtils.java:logGet(43)) - raft.server.rpc.sleep.time = 25ms (default)
2019-09-27 09:19:10,002 [82c6079f-0caa-41c9-82d7-90e7306895b1@group-A7C4CCBA1937:LeaderElection84] INFO  server.RaftServerConfigKeys (ConfUtils.java:logGet(43)) - raft.server.write.element-limit = 4096 (default)
2019-09-27 09:19:10,002 [82c6079f-0caa-41c9-82d7-90e7306895b1@group-A7C4CCBA1937:LeaderElection84] INFO  server.RaftServerConfigKeys (ConfUtils.java:logGet(43)) - raft.server.watch.timeout = 10s (default)
2019-09-27 09:19:10,002 [82c6079f-0caa-41c9-82d7-90e7306895b1@group-A7C4CCBA1937:LeaderElection84] INFO  server.RaftServerConfigKeys (ConfUtils.java:logGet(43)) - raft.server.watch.timeout.denomination = 1s (default)
2019-09-27 09:19:10,003 [82c6079f-0caa-41c9-82d7-90e7306895b1@group-A7C4CCBA1937:LeaderElection84] INFO  server.RaftServerConfigKeys (ConfUtils.java:logGet(43)) - raft.server.watch.element-limit = 65536 (default)
2019-09-27 09:19:10,004 [82c6079f-0caa-41c9-82d7-90e7306895b1@group-A7C4CCBA1937:LeaderElection84] INFO  server.RaftServerConfigKeys (ConfUtils.java:logGet(43)) - raft.server.log.appender.snapshot.chunk.size.max = 16MB (=16777216) (default)
2019-09-27 09:19:10,005 [82c6079f-0caa-41c9-82d7-90e7306895b1@group-A7C4CCBA1937:LeaderElection84] INFO  server.RaftServerConfigKeys (ConfUtils.java:logGet(43)) - raft.server.log.appender.buffer.byte-limit = 33554432 (custom)
2019-09-27 09:19:10,005 [82c6079f-0caa-41c9-82d7-90e7306895b1@group-A7C4CCBA1937:LeaderElection84] INFO  server.RaftServerConfigKeys (ConfUtils.java:logGet(43)) - raft.server.log.appender.buffer.element-limit = 1 (custom)
2019-09-27 09:19:10,005 [82c6079f-0caa-41c9-82d7-90e7306895b1@group-A7C4CCBA1937:LeaderElection84] INFO  grpc.GrpcConfigKeys$Server (ConfUtils.java:logGet(43)) - raft.grpc.server.leader.outstanding.appends.max = 128 (default)
2019-09-27 09:19:10,005 [82c6079f-0caa-41c9-82d7-90e7306895b1@group-A7C4CCBA1937:LeaderElection84] INFO  server.RaftServerConfigKeys (ConfUtils.java:logGet(43)) - raft.server.rpc.request.timeout = 3000ms (default)
2019-09-27 09:19:10,005 [82c6079f-0caa-41c9-82d7-90e7306895b1@group-A7C4CCBA1937:LeaderElection84] INFO  server.RaftServerConfigKeys (ConfUtils.java:logGet(43)) - raft.server.log.appender.install.snapshot.enabled = false (custom)
2019-09-27 09:19:10,006 [82c6079f-0caa-41c9-82d7-90e7306895b1@group-A7C4CCBA1937:LeaderElection84] INFO  server.RaftServerConfigKeys (ConfUtils.java:logGet(43)) - raft.server.log.appender.snapshot.chunk.size.max = 16MB (=16777216) (default)
2019-09-27 09:19:10,006 [82c6079f-0caa-41c9-82d7-90e7306895b1@group-A7C4CCBA1937:LeaderElection84] INFO  server.RaftServerConfigKeys (ConfUtils.java:logGet(43)) - raft.server.log.appender.buffer.byte-limit = 33554432 (custom)
2019-09-27 09:19:10,006 [82c6079f-0caa-41c9-82d7-90e7306895b1@group-A7C4CCBA1937:LeaderElection84] INFO  server.RaftServerConfigKeys (ConfUtils.java:logGet(43)) - raft.server.log.appender.buffer.element-limit = 1 (custom)
2019-09-27 09:19:10,006 [82c6079f-0caa-41c9-82d7-90e7306895b1@group-A7C4CCBA1937:LeaderElection84] INFO  grpc.GrpcConfigKeys$Server (ConfUtils.java:logGet(43)) - raft.grpc.server.leader.outstanding.appends.max = 128 (default)
2019-09-27 09:19:10,006 [82c6079f-0caa-41c9-82d7-90e7306895b1@group-A7C4CCBA1937:LeaderElection84] INFO  server.RaftServerConfigKeys (ConfUtils.java:logGet(43)) - raft.server.rpc.request.timeout = 3000ms (default)
2019-09-27 09:19:10,007 [82c6079f-0caa-41c9-82d7-90e7306895b1@group-A7C4CCBA1937:LeaderElection84] INFO  server.RaftServerConfigKeys (ConfUtils.java:logGet(43)) - raft.server.log.appender.install.snapshot.enabled = false (custom)
2019-09-27 09:19:10,007 [82c6079f-0caa-41c9-82d7-90e7306895b1@group-A7C4CCBA1937:LeaderElection84] INFO  impl.RoleInfo (RoleInfo.java:updateAndGet(143)) - 82c6079f-0caa-41c9-82d7-90e7306895b1: start LeaderState
2019-09-27 09:19:10,007 [82c6079f-0caa-41c9-82d7-90e7306895b1@group-A7C4CCBA1937:LeaderElection84] INFO  segmented.SegmentedRaftLogWorker (SegmentedRaftLogWorker.java:startLogSegment(380)) - 82c6079f-0caa-41c9-82d7-90e7306895b1@group-A7C4CCBA1937-SegmentedRaftLogWorker: Starting segment from index:0
2019-09-27 09:19:10,008 [82c6079f-0caa-41c9-82d7-90e7306895b1@group-A7C4CCBA1937:LeaderElection84] INFO  impl.RaftServerImpl (ServerState.java:setRaftConf(354)) - 82c6079f-0caa-41c9-82d7-90e7306895b1@group-A7C4CCBA1937: set configuration 0: [2c6b07a0-dd20-4844-842b-efa553872a87:192.168.151.103:35871, 82c6079f-0caa-41c9-82d7-90e7306895b1:192.168.151.103:43165, 3336feff-37d1-4141-b1ec-acdf5527e46c:192.168.151.103:37464], old=null at 0
2019-09-27 09:19:10,009 [grpc-default-executor-4] INFO  impl.RaftServerImpl (ServerState.java:setLeader(253)) - 2c6b07a0-dd20-4844-842b-efa553872a87@group-A7C4CCBA1937: change Leader from null to 82c6079f-0caa-41c9-82d7-90e7306895b1 at term 2 for appendEntries, leader elected after 2146ms
2019-09-27 09:19:10,010 [grpc-default-executor-5] INFO  impl.RaftServerImpl (ServerState.java:setLeader(253)) - 3336feff-37d1-4141-b1ec-acdf5527e46c@group-A7C4CCBA1937: change Leader from null to 82c6079f-0caa-41c9-82d7-90e7306895b1 at term 2 for appendEntries, leader elected after 2146ms
2019-09-27 09:19:10,011 [grpc-default-executor-5] INFO  impl.RaftServerImpl (ServerState.java:setRaftConf(354)) - 2c6b07a0-dd20-4844-842b-efa553872a87@group-A7C4CCBA1937: set configuration 0: [2c6b07a0-dd20-4844-842b-efa553872a87:192.168.151.103:35871, 82c6079f-0caa-41c9-82d7-90e7306895b1:192.168.151.103:43165, 3336feff-37d1-4141-b1ec-acdf5527e46c:192.168.151.103:37464], old=null at 0
2019-09-27 09:19:10,012 [grpc-default-executor-5] INFO  segmented.SegmentedRaftLogWorker (SegmentedRaftLogWorker.java:startLogSegment(380)) - 2c6b07a0-dd20-4844-842b-efa553872a87@group-A7C4CCBA1937-SegmentedRaftLogWorker: Starting segment from index:0
2019-09-27 09:19:10,012 [grpc-default-executor-4] INFO  impl.RaftServerImpl (ServerState.java:setRaftConf(354)) - 3336feff-37d1-4141-b1ec-acdf5527e46c@group-A7C4CCBA1937: set configuration 0: [2c6b07a0-dd20-4844-842b-efa553872a87:192.168.151.103:35871, 82c6079f-0caa-41c9-82d7-90e7306895b1:192.168.151.103:43165, 3336feff-37d1-4141-b1ec-acdf5527e46c:192.168.151.103:37464], old=null at 0
2019-09-27 09:19:10,012 [grpc-default-executor-4] INFO  segmented.SegmentedRaftLogWorker (SegmentedRaftLogWorker.java:startLogSegment(380)) - 3336feff-37d1-4141-b1ec-acdf5527e46c@group-A7C4CCBA1937-SegmentedRaftLogWorker: Starting segment from index:0
2019-09-27 09:19:10,060 [82c6079f-0caa-41c9-82d7-90e7306895b1@group-A7C4CCBA1937-SegmentedRaftLogWorker] INFO  segmented.SegmentedRaftLogWorker (SegmentedRaftLogWorker.java:execute(569)) - 82c6079f-0caa-41c9-82d7-90e7306895b1@group-A7C4CCBA1937-SegmentedRaftLogWorker: created new log segment /workdir/hadoop-ozone/integration-test/target/test-dir/MiniOzoneClusterImpl-d2d06822-f460-4d8d-a87b-a517d879cb3f/datanode-0/data/ratis/fb2890fc-ee05-418f-8c3d-a7c4ccba1937/current/log_inprogress_0
2019-09-27 09:19:10,060 [2c6b07a0-dd20-4844-842b-efa553872a87@group-A7C4CCBA1937-SegmentedRaftLogWorker] INFO  segmented.SegmentedRaftLogWorker (SegmentedRaftLogWorker.java:execute(569)) - 2c6b07a0-dd20-4844-842b-efa553872a87@group-A7C4CCBA1937-SegmentedRaftLogWorker: created new log segment /workdir/hadoop-ozone/integration-test/target/test-dir/MiniOzoneClusterImpl-d2d06822-f460-4d8d-a87b-a517d879cb3f/datanode-4/data/ratis/fb2890fc-ee05-418f-8c3d-a7c4ccba1937/current/log_inprogress_0
2019-09-27 09:19:10,060 [3336feff-37d1-4141-b1ec-acdf5527e46c@group-A7C4CCBA1937-SegmentedRaftLogWorker] INFO  segmented.SegmentedRaftLogWorker (SegmentedRaftLogWorker.java:execute(569)) - 3336feff-37d1-4141-b1ec-acdf5527e46c@group-A7C4CCBA1937-SegmentedRaftLogWorker: created new log segment /workdir/hadoop-ozone/integration-test/target/test-dir/MiniOzoneClusterImpl-d2d06822-f460-4d8d-a87b-a517d879cb3f/datanode-1/data/ratis/fb2890fc-ee05-418f-8c3d-a7c4ccba1937/current/log_inprogress_0
2019-09-27 09:19:10,079 [main] INFO  ipc.Client (Client.java:handleConnectionFailure(948)) - Retrying connect to server: localhost/127.0.0.1:0. Already tried 1 time(s); retry policy is RetryUpToMaximumCountWithFixedSleep(maxRetries=10, sleepTime=1000 MILLISECONDS)
2019-09-27 09:19:10,177 [Thread-4268] INFO  impl.FollowerState (FollowerState.java:run(106)) - 5b10fcef-bcb8-4685-875f-8e79f20d296a:group-F886798AFECD changes to CANDIDATE, lastRpcTime:1014, electionTimeout:1014ms
2019-09-27 09:19:10,177 [Thread-4268] INFO  impl.RoleInfo (RoleInfo.java:shutdownFollowerState(121)) - 5b10fcef-bcb8-4685-875f-8e79f20d296a: shutdown FollowerState
2019-09-27 09:19:10,178 [Thread-4268] INFO  impl.RaftServerImpl (RaftServerImpl.java:setRole(174)) - 5b10fcef-bcb8-4685-875f-8e79f20d296a@group-F886798AFECD: changes role from  FOLLOWER to CANDIDATE at term 1 for changeToCandidate
2019-09-27 09:19:10,178 [Thread-4268] INFO  impl.RoleInfo (RoleInfo.java:updateAndGet(143)) - 5b10fcef-bcb8-4685-875f-8e79f20d296a: start LeaderElection
2019-09-27 09:19:10,192 [5b10fcef-bcb8-4685-875f-8e79f20d296a@group-F886798AFECD:LeaderElection85] INFO  impl.LeaderElection (LeaderElection.java:askForVotes(182)) - 5b10fcef-bcb8-4685-875f-8e79f20d296a@group-F886798AFECD:LeaderElection85: begin an election at term 2 for -1: [5b10fcef-bcb8-4685-875f-8e79f20d296a:192.168.151.103:45629, fcc5478b-f5e9-4e5e-96f6-5f78dfdfa2b6:192.168.151.103:37708, 925a8c9e-5dc9-440e-8840-ce0b2559d856:192.168.151.103:40542], old=null
2019-09-27 09:19:10,195 [grpc-default-executor-4] INFO  impl.RaftServerImpl (RaftServerImpl.java:setRole(174)) - fcc5478b-f5e9-4e5e-96f6-5f78dfdfa2b6@group-F886798AFECD: changes role from  FOLLOWER to FOLLOWER at term 2 for recognizeCandidate:5b10fcef-bcb8-4685-875f-8e79f20d296a
2019-09-27 09:19:10,195 [grpc-default-executor-5] INFO  impl.RaftServerImpl (RaftServerImpl.java:setRole(174)) - 925a8c9e-5dc9-440e-8840-ce0b2559d856@group-F886798AFECD: changes role from  FOLLOWER to FOLLOWER at term 2 for recognizeCandidate:5b10fcef-bcb8-4685-875f-8e79f20d296a
2019-09-27 09:19:10,195 [grpc-default-executor-4] INFO  impl.RoleInfo (RoleInfo.java:shutdownFollowerState(121)) - fcc5478b-f5e9-4e5e-96f6-5f78dfdfa2b6: shutdown FollowerState
2019-09-27 09:19:10,195 [grpc-default-executor-5] INFO  impl.RoleInfo (RoleInfo.java:shutdownFollowerState(121)) - 925a8c9e-5dc9-440e-8840-ce0b2559d856: shutdown FollowerState
2019-09-27 09:19:10,196 [grpc-default-executor-4] INFO  impl.RoleInfo (RoleInfo.java:updateAndGet(143)) - fcc5478b-f5e9-4e5e-96f6-5f78dfdfa2b6: start FollowerState
2019-09-27 09:19:10,196 [grpc-default-executor-5] INFO  impl.RoleInfo (RoleInfo.java:updateAndGet(143)) - 925a8c9e-5dc9-440e-8840-ce0b2559d856: start FollowerState
2019-09-27 09:19:10,196 [Thread-4266] INFO  impl.FollowerState (FollowerState.java:run(115)) - fcc5478b-f5e9-4e5e-96f6-5f78dfdfa2b6: FollowerState was interrupted: java.lang.InterruptedException: sleep interrupted
2019-09-27 09:19:10,196 [Thread-4267] INFO  impl.FollowerState (FollowerState.java:run(115)) - 925a8c9e-5dc9-440e-8840-ce0b2559d856: FollowerState was interrupted: java.lang.InterruptedException: sleep interrupted
2019-09-27 09:19:10,210 [5b10fcef-bcb8-4685-875f-8e79f20d296a@group-F886798AFECD:LeaderElection85] INFO  impl.LeaderElection (LeaderElection.java:logAndReturn(56)) - 5b10fcef-bcb8-4685-875f-8e79f20d296a@group-F886798AFECD:LeaderElection85: Election PASSED; received 1 response(s) [5b10fcef-bcb8-4685-875f-8e79f20d296a<-fcc5478b-f5e9-4e5e-96f6-5f78dfdfa2b6#0:OK-t2] and 0 exception(s); 5b10fcef-bcb8-4685-875f-8e79f20d296a@group-F886798AFECD:t2, leader=null, voted=5b10fcef-bcb8-4685-875f-8e79f20d296a, raftlog=5b10fcef-bcb8-4685-875f-8e79f20d296a@group-F886798AFECD-SegmentedRaftLog:OPENED:c-1,f-1,i0, conf=-1: [5b10fcef-bcb8-4685-875f-8e79f20d296a:192.168.151.103:45629, fcc5478b-f5e9-4e5e-96f6-5f78dfdfa2b6:192.168.151.103:37708, 925a8c9e-5dc9-440e-8840-ce0b2559d856:192.168.151.103:40542], old=null
2019-09-27 09:19:10,211 [5b10fcef-bcb8-4685-875f-8e79f20d296a@group-F886798AFECD:LeaderElection85] INFO  impl.RoleInfo (RoleInfo.java:shutdownLeaderElection(134)) - 5b10fcef-bcb8-4685-875f-8e79f20d296a: shutdown LeaderElection
2019-09-27 09:19:10,211 [5b10fcef-bcb8-4685-875f-8e79f20d296a@group-F886798AFECD:LeaderElection85] INFO  impl.RaftServerImpl (RaftServerImpl.java:setRole(174)) - 5b10fcef-bcb8-4685-875f-8e79f20d296a@group-F886798AFECD: changes role from CANDIDATE to LEADER at term 2 for changeToLeader
2019-09-27 09:19:10,211 [5b10fcef-bcb8-4685-875f-8e79f20d296a@group-F886798AFECD:LeaderElection85] INFO  impl.RaftServerImpl (ServerState.java:setLeader(253)) - 5b10fcef-bcb8-4685-875f-8e79f20d296a@group-F886798AFECD: change Leader from null to 5b10fcef-bcb8-4685-875f-8e79f20d296a at term 2 for becomeLeader, leader elected after 2264ms
2019-09-27 09:19:10,211 [5b10fcef-bcb8-4685-875f-8e79f20d296a@group-F886798AFECD:LeaderElection85] INFO  server.RaftServerConfigKeys (ConfUtils.java:logGet(43)) - raft.server.staging.catchup.gap = 1000 (default)
2019-09-27 09:19:10,211 [5b10fcef-bcb8-4685-875f-8e79f20d296a@group-F886798AFECD:LeaderElection85] INFO  server.RaftServerConfigKeys (ConfUtils.java:logGet(43)) - raft.server.rpc.sleep.time = 25ms (default)
2019-09-27 09:19:10,211 [5b10fcef-bcb8-4685-875f-8e79f20d296a@group-F886798AFECD:LeaderElection85] INFO  server.RaftServerConfigKeys (ConfUtils.java:logGet(43)) - raft.server.write.element-limit = 4096 (default)
2019-09-27 09:19:10,211 [5b10fcef-bcb8-4685-875f-8e79f20d296a@group-F886798AFECD:LeaderElection85] INFO  server.RaftServerConfigKeys (ConfUtils.java:logGet(43)) - raft.server.watch.timeout = 10s (default)
2019-09-27 09:19:10,212 [5b10fcef-bcb8-4685-875f-8e79f20d296a@group-F886798AFECD:LeaderElection85] INFO  server.RaftServerConfigKeys (ConfUtils.java:logGet(43)) - raft.server.watch.timeout.denomination = 1s (default)
2019-09-27 09:19:10,212 [5b10fcef-bcb8-4685-875f-8e79f20d296a@group-F886798AFECD:LeaderElection85] INFO  server.RaftServerConfigKeys (ConfUtils.java:logGet(43)) - raft.server.watch.element-limit = 65536 (default)
2019-09-27 09:19:10,214 [5b10fcef-bcb8-4685-875f-8e79f20d296a@group-F886798AFECD:LeaderElection85] INFO  server.RaftServerConfigKeys (ConfUtils.java:logGet(43)) - raft.server.log.appender.snapshot.chunk.size.max = 16MB (=16777216) (default)
2019-09-27 09:19:10,214 [5b10fcef-bcb8-4685-875f-8e79f20d296a@group-F886798AFECD:LeaderElection85] INFO  server.RaftServerConfigKeys (ConfUtils.java:logGet(43)) - raft.server.log.appender.buffer.byte-limit = 33554432 (custom)
2019-09-27 09:19:10,214 [5b10fcef-bcb8-4685-875f-8e79f20d296a@group-F886798AFECD:LeaderElection85] INFO  server.RaftServerConfigKeys (ConfUtils.java:logGet(43)) - raft.server.log.appender.buffer.element-limit = 1 (custom)
2019-09-27 09:19:10,214 [5b10fcef-bcb8-4685-875f-8e79f20d296a@group-F886798AFECD:LeaderElection85] INFO  grpc.GrpcConfigKeys$Server (ConfUtils.java:logGet(43)) - raft.grpc.server.leader.outstanding.appends.max = 128 (default)
2019-09-27 09:19:10,215 [5b10fcef-bcb8-4685-875f-8e79f20d296a@group-F886798AFECD:LeaderElection85] INFO  server.RaftServerConfigKeys (ConfUtils.java:logGet(43)) - raft.server.rpc.request.timeout = 3000ms (default)
2019-09-27 09:19:10,215 [5b10fcef-bcb8-4685-875f-8e79f20d296a@group-F886798AFECD:LeaderElection85] INFO  server.RaftServerConfigKeys (ConfUtils.java:logGet(43)) - raft.server.log.appender.install.snapshot.enabled = false (custom)
2019-09-27 09:19:10,215 [5b10fcef-bcb8-4685-875f-8e79f20d296a@group-F886798AFECD:LeaderElection85] INFO  server.RaftServerConfigKeys (ConfUtils.java:logGet(43)) - raft.server.log.appender.snapshot.chunk.size.max = 16MB (=16777216) (default)
2019-09-27 09:19:10,215 [5b10fcef-bcb8-4685-875f-8e79f20d296a@group-F886798AFECD:LeaderElection85] INFO  server.RaftServerConfigKeys (ConfUtils.java:logGet(43)) - raft.server.log.appender.buffer.byte-limit = 33554432 (custom)
2019-09-27 09:19:10,215 [5b10fcef-bcb8-4685-875f-8e79f20d296a@group-F886798AFECD:LeaderElection85] INFO  server.RaftServerConfigKeys (ConfUtils.java:logGet(43)) - raft.server.log.appender.buffer.element-limit = 1 (custom)
2019-09-27 09:19:10,215 [5b10fcef-bcb8-4685-875f-8e79f20d296a@group-F886798AFECD:LeaderElection85] INFO  grpc.GrpcConfigKeys$Server (ConfUtils.java:logGet(43)) - raft.grpc.server.leader.outstanding.appends.max = 128 (default)
2019-09-27 09:19:10,216 [5b10fcef-bcb8-4685-875f-8e79f20d296a@group-F886798AFECD:LeaderElection85] INFO  server.RaftServerConfigKeys (ConfUtils.java:logGet(43)) - raft.server.rpc.request.timeout = 3000ms (default)
2019-09-27 09:19:10,216 [5b10fcef-bcb8-4685-875f-8e79f20d296a@group-F886798AFECD:LeaderElection85] INFO  server.RaftServerConfigKeys (ConfUtils.java:logGet(43)) - raft.server.log.appender.install.snapshot.enabled = false (custom)
2019-09-27 09:19:10,216 [5b10fcef-bcb8-4685-875f-8e79f20d296a@group-F886798AFECD:LeaderElection85] INFO  impl.RoleInfo (RoleInfo.java:updateAndGet(143)) - 5b10fcef-bcb8-4685-875f-8e79f20d296a: start LeaderState
2019-09-27 09:19:10,216 [5b10fcef-bcb8-4685-875f-8e79f20d296a@group-F886798AFECD:LeaderElection85] INFO  segmented.SegmentedRaftLogWorker (SegmentedRaftLogWorker.java:startLogSegment(380)) - 5b10fcef-bcb8-4685-875f-8e79f20d296a@group-F886798AFECD-SegmentedRaftLogWorker: Starting segment from index:0
2019-09-27 09:19:10,217 [5b10fcef-bcb8-4685-875f-8e79f20d296a@group-F886798AFECD:LeaderElection85] INFO  impl.RaftServerImpl (ServerState.java:setRaftConf(354)) - 5b10fcef-bcb8-4685-875f-8e79f20d296a@group-F886798AFECD: set configuration 0: [5b10fcef-bcb8-4685-875f-8e79f20d296a:192.168.151.103:45629, fcc5478b-f5e9-4e5e-96f6-5f78dfdfa2b6:192.168.151.103:37708, 925a8c9e-5dc9-440e-8840-ce0b2559d856:192.168.151.103:40542], old=null at 0
2019-09-27 09:19:10,218 [grpc-default-executor-4] INFO  impl.RaftServerImpl (ServerState.java:setLeader(253)) - 925a8c9e-5dc9-440e-8840-ce0b2559d856@group-F886798AFECD: change Leader from null to 5b10fcef-bcb8-4685-875f-8e79f20d296a at term 2 for appendEntries, leader elected after 2271ms
2019-09-27 09:19:10,218 [grpc-default-executor-5] INFO  impl.RaftServerImpl (ServerState.java:setLeader(253)) - fcc5478b-f5e9-4e5e-96f6-5f78dfdfa2b6@group-F886798AFECD: change Leader from null to 5b10fcef-bcb8-4685-875f-8e79f20d296a at term 2 for appendEntries, leader elected after 2272ms
2019-09-27 09:19:10,220 [grpc-default-executor-5] INFO  impl.RaftServerImpl (ServerState.java:setRaftConf(354)) - 925a8c9e-5dc9-440e-8840-ce0b2559d856@group-F886798AFECD: set configuration 0: [5b10fcef-bcb8-4685-875f-8e79f20d296a:192.168.151.103:45629, fcc5478b-f5e9-4e5e-96f6-5f78dfdfa2b6:192.168.151.103:37708, 925a8c9e-5dc9-440e-8840-ce0b2559d856:192.168.151.103:40542], old=null at 0
2019-09-27 09:19:10,220 [grpc-default-executor-5] INFO  segmented.SegmentedRaftLogWorker (SegmentedRaftLogWorker.java:startLogSegment(380)) - 925a8c9e-5dc9-440e-8840-ce0b2559d856@group-F886798AFECD-SegmentedRaftLogWorker: Starting segment from index:0
2019-09-27 09:19:10,221 [grpc-default-executor-5] INFO  impl.RaftServerImpl (ServerState.java:setRaftConf(354)) - fcc5478b-f5e9-4e5e-96f6-5f78dfdfa2b6@group-F886798AFECD: set configuration 0: [5b10fcef-bcb8-4685-875f-8e79f20d296a:192.168.151.103:45629, fcc5478b-f5e9-4e5e-96f6-5f78dfdfa2b6:192.168.151.103:37708, 925a8c9e-5dc9-440e-8840-ce0b2559d856:192.168.151.103:40542], old=null at 0
2019-09-27 09:19:10,221 [grpc-default-executor-5] INFO  segmented.SegmentedRaftLogWorker (SegmentedRaftLogWorker.java:startLogSegment(380)) - fcc5478b-f5e9-4e5e-96f6-5f78dfdfa2b6@group-F886798AFECD-SegmentedRaftLogWorker: Starting segment from index:0
2019-09-27 09:19:10,272 [5b10fcef-bcb8-4685-875f-8e79f20d296a@group-F886798AFECD-SegmentedRaftLogWorker] INFO  segmented.SegmentedRaftLogWorker (SegmentedRaftLogWorker.java:execute(569)) - 5b10fcef-bcb8-4685-875f-8e79f20d296a@group-F886798AFECD-SegmentedRaftLogWorker: created new log segment /workdir/hadoop-ozone/integration-test/target/test-dir/MiniOzoneClusterImpl-d2d06822-f460-4d8d-a87b-a517d879cb3f/datanode-2/data/ratis/ce0abe58-bb14-4a7d-9dcf-f886798afecd/current/log_inprogress_0
2019-09-27 09:19:10,272 [925a8c9e-5dc9-440e-8840-ce0b2559d856@group-F886798AFECD-SegmentedRaftLogWorker] INFO  segmented.SegmentedRaftLogWorker (SegmentedRaftLogWorker.java:execute(569)) - 925a8c9e-5dc9-440e-8840-ce0b2559d856@group-F886798AFECD-SegmentedRaftLogWorker: created new log segment /workdir/hadoop-ozone/integration-test/target/test-dir/MiniOzoneClusterImpl-d2d06822-f460-4d8d-a87b-a517d879cb3f/datanode-6/data/ratis/ce0abe58-bb14-4a7d-9dcf-f886798afecd/current/log_inprogress_0
2019-09-27 09:19:10,272 [fcc5478b-f5e9-4e5e-96f6-5f78dfdfa2b6@group-F886798AFECD-SegmentedRaftLogWorker] INFO  segmented.SegmentedRaftLogWorker (SegmentedRaftLogWorker.java:execute(569)) - fcc5478b-f5e9-4e5e-96f6-5f78dfdfa2b6@group-F886798AFECD-SegmentedRaftLogWorker: created new log segment /workdir/hadoop-ozone/integration-test/target/test-dir/MiniOzoneClusterImpl-d2d06822-f460-4d8d-a87b-a517d879cb3f/datanode-3/data/ratis/ce0abe58-bb14-4a7d-9dcf-f886798afecd/current/log_inprogress_0
2019-09-27 09:19:10,448 [Thread-4284] INFO  impl.FollowerState (FollowerState.java:run(106)) - 2ae76358-1a8d-4fd5-a4fd-20ea98138735:group-7ED8B9CF6619 changes to CANDIDATE, lastRpcTime:1029, electionTimeout:1029ms
2019-09-27 09:19:10,449 [Thread-4284] INFO  impl.RoleInfo (RoleInfo.java:shutdownFollowerState(121)) - 2ae76358-1a8d-4fd5-a4fd-20ea98138735: shutdown FollowerState
2019-09-27 09:19:10,449 [Thread-4284] INFO  impl.RaftServerImpl (RaftServerImpl.java:setRole(174)) - 2ae76358-1a8d-4fd5-a4fd-20ea98138735@group-7ED8B9CF6619: changes role from  FOLLOWER to CANDIDATE at term 2 for changeToCandidate
2019-09-27 09:19:10,449 [Thread-4284] INFO  impl.RoleInfo (RoleInfo.java:updateAndGet(143)) - 2ae76358-1a8d-4fd5-a4fd-20ea98138735: start LeaderElection
2019-09-27 09:19:10,463 [2ae76358-1a8d-4fd5-a4fd-20ea98138735@group-7ED8B9CF6619:LeaderElection86] INFO  impl.LeaderElection (LeaderElection.java:askForVotes(182)) - 2ae76358-1a8d-4fd5-a4fd-20ea98138735@group-7ED8B9CF6619:LeaderElection86: begin an election at term 3 for -1: [58a870c2-09d8-4538-b684-89d5a4d1d620:192.168.151.103:41551, 7387e8c6-1a4e-4257-8943-3fffd176a0ab:192.168.151.103:41069, 2ae76358-1a8d-4fd5-a4fd-20ea98138735:192.168.151.103:41875], old=null
2019-09-27 09:19:10,466 [grpc-default-executor-5] INFO  impl.RaftServerImpl (RaftServerImpl.java:setRole(174)) - 7387e8c6-1a4e-4257-8943-3fffd176a0ab@group-7ED8B9CF6619: changes role from  FOLLOWER to FOLLOWER at term 3 for recognizeCandidate:2ae76358-1a8d-4fd5-a4fd-20ea98138735
2019-09-27 09:19:10,466 [grpc-default-executor-4] INFO  impl.RaftServerImpl (RaftServerImpl.java:setRole(174)) - 58a870c2-09d8-4538-b684-89d5a4d1d620@group-7ED8B9CF6619: changes role from  FOLLOWER to FOLLOWER at term 3 for recognizeCandidate:2ae76358-1a8d-4fd5-a4fd-20ea98138735
2019-09-27 09:19:10,466 [grpc-default-executor-5] INFO  impl.RoleInfo (RoleInfo.java:shutdownFollowerState(121)) - 7387e8c6-1a4e-4257-8943-3fffd176a0ab: shutdown FollowerState
2019-09-27 09:19:10,466 [grpc-default-executor-4] INFO  impl.RoleInfo (RoleInfo.java:shutdownFollowerState(121)) - 58a870c2-09d8-4538-b684-89d5a4d1d620: shutdown FollowerState
2019-09-27 09:19:10,466 [grpc-default-executor-5] INFO  impl.RoleInfo (RoleInfo.java:updateAndGet(143)) - 7387e8c6-1a4e-4257-8943-3fffd176a0ab: start FollowerState
2019-09-27 09:19:10,466 [Thread-4294] INFO  impl.FollowerState (FollowerState.java:run(115)) - 7387e8c6-1a4e-4257-8943-3fffd176a0ab: FollowerState was interrupted: java.lang.InterruptedException: sleep interrupted
2019-09-27 09:19:10,466 [grpc-default-executor-4] INFO  impl.RoleInfo (RoleInfo.java:updateAndGet(143)) - 58a870c2-09d8-4538-b684-89d5a4d1d620: start FollowerState
2019-09-27 09:19:10,466 [Thread-4295] INFO  impl.FollowerState (FollowerState.java:run(115)) - 58a870c2-09d8-4538-b684-89d5a4d1d620: FollowerState was interrupted: java.lang.InterruptedException: sleep interrupted
2019-09-27 09:19:10,480 [2ae76358-1a8d-4fd5-a4fd-20ea98138735@group-7ED8B9CF6619:LeaderElection86] INFO  impl.LeaderElection (LeaderElection.java:logAndReturn(56)) - 2ae76358-1a8d-4fd5-a4fd-20ea98138735@group-7ED8B9CF6619:LeaderElection86: Election REJECTED; received 2 response(s) [2ae76358-1a8d-4fd5-a4fd-20ea98138735<-58a870c2-09d8-4538-b684-89d5a4d1d620#0:FAIL-t3, 2ae76358-1a8d-4fd5-a4fd-20ea98138735<-7387e8c6-1a4e-4257-8943-3fffd176a0ab#0:FAIL-t3] and 0 exception(s); 2ae76358-1a8d-4fd5-a4fd-20ea98138735@group-7ED8B9CF6619:t3, leader=null, voted=2ae76358-1a8d-4fd5-a4fd-20ea98138735, raftlog=2ae76358-1a8d-4fd5-a4fd-20ea98138735@group-7ED8B9CF6619-SegmentedRaftLog:OPENED:c-1,f-1,i0, conf=-1: [58a870c2-09d8-4538-b684-89d5a4d1d620:192.168.151.103:41551, 7387e8c6-1a4e-4257-8943-3fffd176a0ab:192.168.151.103:41069, 2ae76358-1a8d-4fd5-a4fd-20ea98138735:192.168.151.103:41875], old=null
2019-09-27 09:19:10,481 [2ae76358-1a8d-4fd5-a4fd-20ea98138735@group-7ED8B9CF6619:LeaderElection86] INFO  impl.RaftServerImpl (RaftServerImpl.java:setRole(174)) - 2ae76358-1a8d-4fd5-a4fd-20ea98138735@group-7ED8B9CF6619: changes role from CANDIDATE to FOLLOWER at term 3 for DISCOVERED_A_NEW_TERM
2019-09-27 09:19:10,481 [2ae76358-1a8d-4fd5-a4fd-20ea98138735@group-7ED8B9CF6619:LeaderElection86] INFO  impl.RoleInfo (RoleInfo.java:shutdownLeaderElection(134)) - 2ae76358-1a8d-4fd5-a4fd-20ea98138735: shutdown LeaderElection
2019-09-27 09:19:10,481 [2ae76358-1a8d-4fd5-a4fd-20ea98138735@group-7ED8B9CF6619:LeaderElection86] INFO  impl.RoleInfo (RoleInfo.java:updateAndGet(143)) - 2ae76358-1a8d-4fd5-a4fd-20ea98138735: start FollowerState
2019-09-27 09:19:10,527 [Thread-4176] INFO  container.ReplicationManager (ReplicationManager.java:start(162)) - Starting Replication Monitor Thread.
2019-09-27 09:19:10,531 [ReplicationMonitor] INFO  container.ReplicationManager (ReplicationManager.java:run(225)) - Replication Monitor Thread took 0 milliseconds for processing 0 containers.
2019-09-27 09:19:11,079 [main] INFO  ipc.Client (Client.java:handleConnectionFailure(948)) - Retrying connect to server: localhost/127.0.0.1:0. Already tried 2 time(s); retry policy is RetryUpToMaximumCountWithFixedSleep(maxRetries=10, sleepTime=1000 MILLISECONDS)
2019-09-27 09:19:11,476 [Thread-4329] INFO  impl.FollowerState (FollowerState.java:run(106)) - 58a870c2-09d8-4538-b684-89d5a4d1d620:group-7ED8B9CF6619 changes to CANDIDATE, lastRpcTime:1009, electionTimeout:1009ms
2019-09-27 09:19:11,476 [Thread-4329] INFO  impl.RoleInfo (RoleInfo.java:shutdownFollowerState(121)) - 58a870c2-09d8-4538-b684-89d5a4d1d620: shutdown FollowerState
2019-09-27 09:19:11,476 [Thread-4329] INFO  impl.RaftServerImpl (RaftServerImpl.java:setRole(174)) - 58a870c2-09d8-4538-b684-89d5a4d1d620@group-7ED8B9CF6619: changes role from  FOLLOWER to CANDIDATE at term 3 for changeToCandidate
2019-09-27 09:19:11,477 [Thread-4329] INFO  impl.RoleInfo (RoleInfo.java:updateAndGet(143)) - 58a870c2-09d8-4538-b684-89d5a4d1d620: start LeaderElection
2019-09-27 09:19:11,491 [58a870c2-09d8-4538-b684-89d5a4d1d620@group-7ED8B9CF6619:LeaderElection87] INFO  impl.LeaderElection (LeaderElection.java:askForVotes(182)) - 58a870c2-09d8-4538-b684-89d5a4d1d620@group-7ED8B9CF6619:LeaderElection87: begin an election at term 4 for 0: [58a870c2-09d8-4538-b684-89d5a4d1d620:192.168.151.103:41551, 7387e8c6-1a4e-4257-8943-3fffd176a0ab:192.168.151.103:41069, 2ae76358-1a8d-4fd5-a4fd-20ea98138735:192.168.151.103:41875], old=null
2019-09-27 09:19:11,495 [grpc-default-executor-4] INFO  impl.RaftServerImpl (RaftServerImpl.java:setRole(174)) - 7387e8c6-1a4e-4257-8943-3fffd176a0ab@group-7ED8B9CF6619: changes role from  FOLLOWER to FOLLOWER at term 4 for recognizeCandidate:58a870c2-09d8-4538-b684-89d5a4d1d620
2019-09-27 09:19:11,495 [grpc-default-executor-5] INFO  impl.RaftServerImpl (RaftServerImpl.java:setRole(174)) - 2ae76358-1a8d-4fd5-a4fd-20ea98138735@group-7ED8B9CF6619: changes role from  FOLLOWER to FOLLOWER at term 4 for recognizeCandidate:58a870c2-09d8-4538-b684-89d5a4d1d620
2019-09-27 09:19:11,496 [grpc-default-executor-4] INFO  impl.RoleInfo (RoleInfo.java:shutdownFollowerState(121)) - 7387e8c6-1a4e-4257-8943-3fffd176a0ab: shutdown FollowerState
2019-09-27 09:19:11,496 [grpc-default-executor-5] INFO  impl.RoleInfo (RoleInfo.java:shutdownFollowerState(121)) - 2ae76358-1a8d-4fd5-a4fd-20ea98138735: shutdown FollowerState
2019-09-27 09:19:11,496 [Thread-4328] INFO  impl.FollowerState (FollowerState.java:run(115)) - 7387e8c6-1a4e-4257-8943-3fffd176a0ab: FollowerState was interrupted: java.lang.InterruptedException: sleep interrupted
2019-09-27 09:19:11,496 [grpc-default-executor-4] INFO  impl.RoleInfo (RoleInfo.java:updateAndGet(143)) - 7387e8c6-1a4e-4257-8943-3fffd176a0ab: start FollowerState
2019-09-27 09:19:11,496 [Thread-4330] INFO  impl.FollowerState (FollowerState.java:run(115)) - 2ae76358-1a8d-4fd5-a4fd-20ea98138735: FollowerState was interrupted: java.lang.InterruptedException: sleep interrupted
2019-09-27 09:19:11,496 [grpc-default-executor-5] INFO  impl.RoleInfo (RoleInfo.java:updateAndGet(143)) - 2ae76358-1a8d-4fd5-a4fd-20ea98138735: start FollowerState
2019-09-27 09:19:11,512 [58a870c2-09d8-4538-b684-89d5a4d1d620@group-7ED8B9CF6619:LeaderElection87] INFO  impl.LeaderElection (LeaderElection.java:logAndReturn(56)) - 58a870c2-09d8-4538-b684-89d5a4d1d620@group-7ED8B9CF6619:LeaderElection87: Election PASSED; received 1 response(s) [58a870c2-09d8-4538-b684-89d5a4d1d620<-7387e8c6-1a4e-4257-8943-3fffd176a0ab#0:OK-t4] and 0 exception(s); 58a870c2-09d8-4538-b684-89d5a4d1d620@group-7ED8B9CF6619:t4, leader=null, voted=58a870c2-09d8-4538-b684-89d5a4d1d620, raftlog=58a870c2-09d8-4538-b684-89d5a4d1d620@group-7ED8B9CF6619-SegmentedRaftLog:OPENED:c-1,f0,i0, conf=0: [58a870c2-09d8-4538-b684-89d5a4d1d620:192.168.151.103:41551, 7387e8c6-1a4e-4257-8943-3fffd176a0ab:192.168.151.103:41069, 2ae76358-1a8d-4fd5-a4fd-20ea98138735:192.168.151.103:41875], old=null
2019-09-27 09:19:11,512 [58a870c2-09d8-4538-b684-89d5a4d1d620@group-7ED8B9CF6619:LeaderElection87] INFO  impl.RoleInfo (RoleInfo.java:shutdownLeaderElection(134)) - 58a870c2-09d8-4538-b684-89d5a4d1d620: shutdown LeaderElection
2019-09-27 09:19:11,512 [58a870c2-09d8-4538-b684-89d5a4d1d620@group-7ED8B9CF6619:LeaderElection87] INFO  impl.RaftServerImpl (RaftServerImpl.java:setRole(174)) - 58a870c2-09d8-4538-b684-89d5a4d1d620@group-7ED8B9CF6619: changes role from CANDIDATE to LEADER at term 4 for changeToLeader
2019-09-27 09:19:11,513 [58a870c2-09d8-4538-b684-89d5a4d1d620@group-7ED8B9CF6619:LeaderElection87] INFO  impl.RaftServerImpl (ServerState.java:setLeader(253)) - 58a870c2-09d8-4538-b684-89d5a4d1d620@group-7ED8B9CF6619: change Leader from null to 58a870c2-09d8-4538-b684-89d5a4d1d620 at term 4 for becomeLeader, leader elected after 2049ms
2019-09-27 09:19:11,513 [58a870c2-09d8-4538-b684-89d5a4d1d620@group-7ED8B9CF6619:LeaderElection87] INFO  server.RaftServerConfigKeys (ConfUtils.java:logGet(43)) - raft.server.staging.catchup.gap = 1000 (default)
2019-09-27 09:19:11,513 [58a870c2-09d8-4538-b684-89d5a4d1d620@group-7ED8B9CF6619:LeaderElection87] INFO  server.RaftServerConfigKeys (ConfUtils.java:logGet(43)) - raft.server.rpc.sleep.time = 25ms (default)
2019-09-27 09:19:11,513 [58a870c2-09d8-4538-b684-89d5a4d1d620@group-7ED8B9CF6619:LeaderElection87] INFO  server.RaftServerConfigKeys (ConfUtils.java:logGet(43)) - raft.server.write.element-limit = 4096 (default)
2019-09-27 09:19:11,513 [58a870c2-09d8-4538-b684-89d5a4d1d620@group-7ED8B9CF6619:LeaderElection87] INFO  server.RaftServerConfigKeys (ConfUtils.java:logGet(43)) - raft.server.watch.timeout = 10s (default)
2019-09-27 09:19:11,513 [58a870c2-09d8-4538-b684-89d5a4d1d620@group-7ED8B9CF6619:LeaderElection87] INFO  server.RaftServerConfigKeys (ConfUtils.java:logGet(43)) - raft.server.watch.timeout.denomination = 1s (default)
2019-09-27 09:19:11,513 [58a870c2-09d8-4538-b684-89d5a4d1d620@group-7ED8B9CF6619:LeaderElection87] INFO  server.RaftServerConfigKeys (ConfUtils.java:logGet(43)) - raft.server.watch.element-limit = 65536 (default)
2019-09-27 09:19:11,514 [58a870c2-09d8-4538-b684-89d5a4d1d620@group-7ED8B9CF6619:LeaderElection87] INFO  server.RaftServerConfigKeys (ConfUtils.java:logGet(43)) - raft.server.log.appender.snapshot.chunk.size.max = 16MB (=16777216) (default)
2019-09-27 09:19:11,514 [58a870c2-09d8-4538-b684-89d5a4d1d620@group-7ED8B9CF6619:LeaderElection87] INFO  server.RaftServerConfigKeys (ConfUtils.java:logGet(43)) - raft.server.log.appender.buffer.byte-limit = 33554432 (custom)
2019-09-27 09:19:11,514 [58a870c2-09d8-4538-b684-89d5a4d1d620@group-7ED8B9CF6619:LeaderElection87] INFO  server.RaftServerConfigKeys (ConfUtils.java:logGet(43)) - raft.server.log.appender.buffer.element-limit = 1 (custom)
2019-09-27 09:19:11,514 [58a870c2-09d8-4538-b684-89d5a4d1d620@group-7ED8B9CF6619:LeaderElection87] INFO  grpc.GrpcConfigKeys$Server (ConfUtils.java:logGet(43)) - raft.grpc.server.leader.outstanding.appends.max = 128 (default)
2019-09-27 09:19:11,515 [58a870c2-09d8-4538-b684-89d5a4d1d620@group-7ED8B9CF6619:LeaderElection87] INFO  server.RaftServerConfigKeys (ConfUtils.java:logGet(43)) - raft.server.rpc.request.timeout = 3000ms (default)
2019-09-27 09:19:11,515 [58a870c2-09d8-4538-b684-89d5a4d1d620@group-7ED8B9CF6619:LeaderElection87] INFO  server.RaftServerConfigKeys (ConfUtils.java:logGet(43)) - raft.server.log.appender.install.snapshot.enabled = false (custom)
2019-09-27 09:19:11,515 [58a870c2-09d8-4538-b684-89d5a4d1d620@group-7ED8B9CF6619:LeaderElection87] INFO  server.RaftServerConfigKeys (ConfUtils.java:logGet(43)) - raft.server.log.appender.snapshot.chunk.size.max = 16MB (=16777216) (default)
2019-09-27 09:19:11,515 [58a870c2-09d8-4538-b684-89d5a4d1d620@group-7ED8B9CF6619:LeaderElection87] INFO  server.RaftServerConfigKeys (ConfUtils.java:logGet(43)) - raft.server.log.appender.buffer.byte-limit = 33554432 (custom)
2019-09-27 09:19:11,515 [58a870c2-09d8-4538-b684-89d5a4d1d620@group-7ED8B9CF6619:LeaderElection87] INFO  server.RaftServerConfigKeys (ConfUtils.java:logGet(43)) - raft.server.log.appender.buffer.element-limit = 1 (custom)
2019-09-27 09:19:11,515 [58a870c2-09d8-4538-b684-89d5a4d1d620@group-7ED8B9CF6619:LeaderElection87] INFO  grpc.GrpcConfigKeys$Server (ConfUtils.java:logGet(43)) - raft.grpc.server.leader.outstanding.appends.max = 128 (default)
2019-09-27 09:19:11,516 [58a870c2-09d8-4538-b684-89d5a4d1d620@group-7ED8B9CF6619:LeaderElection87] INFO  server.RaftServerConfigKeys (ConfUtils.java:logGet(43)) - raft.server.rpc.request.timeout = 3000ms (default)
2019-09-27 09:19:11,516 [58a870c2-09d8-4538-b684-89d5a4d1d620@group-7ED8B9CF6619:LeaderElection87] INFO  server.RaftServerConfigKeys (ConfUtils.java:logGet(43)) - raft.server.log.appender.install.snapshot.enabled = false (custom)
2019-09-27 09:19:11,516 [58a870c2-09d8-4538-b684-89d5a4d1d620@group-7ED8B9CF6619:LeaderElection87] INFO  impl.RoleInfo (RoleInfo.java:updateAndGet(143)) - 58a870c2-09d8-4538-b684-89d5a4d1d620: start LeaderState
2019-09-27 09:19:11,516 [58a870c2-09d8-4538-b684-89d5a4d1d620@group-7ED8B9CF6619:LeaderElection87] INFO  segmented.SegmentedRaftLogWorker (SegmentedRaftLogWorker.java:rollLogSegment(385)) - 58a870c2-09d8-4538-b684-89d5a4d1d620@group-7ED8B9CF6619-SegmentedRaftLogWorker: Rolling segment log-0_0 to index:0
2019-09-27 09:19:11,517 [58a870c2-09d8-4538-b684-89d5a4d1d620@group-7ED8B9CF6619-SegmentedRaftLogWorker] INFO  segmented.SegmentedRaftLogWorker (SegmentedRaftLogWorker.java:execute(526)) - 58a870c2-09d8-4538-b684-89d5a4d1d620@group-7ED8B9CF6619-SegmentedRaftLogWorker: Rolled log segment from /workdir/hadoop-ozone/integration-test/target/test-dir/MiniOzoneClusterImpl-d2d06822-f460-4d8d-a87b-a517d879cb3f/datanode-9/data/ratis/9218e225-ad1c-4ca4-9b48-7ed8b9cf6619/current/log_inprogress_0 to /workdir/hadoop-ozone/integration-test/target/test-dir/MiniOzoneClusterImpl-d2d06822-f460-4d8d-a87b-a517d879cb3f/datanode-9/data/ratis/9218e225-ad1c-4ca4-9b48-7ed8b9cf6619/current/log_0-0
2019-09-27 09:19:11,517 [58a870c2-09d8-4538-b684-89d5a4d1d620@group-7ED8B9CF6619:LeaderElection87] INFO  impl.RaftServerImpl (ServerState.java:setRaftConf(354)) - 58a870c2-09d8-4538-b684-89d5a4d1d620@group-7ED8B9CF6619: set configuration 1: [58a870c2-09d8-4538-b684-89d5a4d1d620:192.168.151.103:41551, 7387e8c6-1a4e-4257-8943-3fffd176a0ab:192.168.151.103:41069, 2ae76358-1a8d-4fd5-a4fd-20ea98138735:192.168.151.103:41875], old=null at 1
2019-09-27 09:19:11,518 [grpc-default-executor-4] INFO  impl.RaftServerImpl (ServerState.java:setLeader(253)) - 7387e8c6-1a4e-4257-8943-3fffd176a0ab@group-7ED8B9CF6619: change Leader from null to 58a870c2-09d8-4538-b684-89d5a4d1d620 at term 4 for appendEntries, leader elected after 2046ms
2019-09-27 09:19:11,518 [grpc-default-executor-5] INFO  impl.RaftServerImpl (ServerState.java:setLeader(253)) - 2ae76358-1a8d-4fd5-a4fd-20ea98138735@group-7ED8B9CF6619: change Leader from null to 58a870c2-09d8-4538-b684-89d5a4d1d620 at term 4 for appendEntries, leader elected after 3235ms
2019-09-27 09:19:11,519 [grpc-default-executor-5] INFO  impl.RaftServerImpl (RaftServerImpl.java:checkInconsistentAppendEntries(1003)) - 2ae76358-1a8d-4fd5-a4fd-20ea98138735@group-7ED8B9CF6619: Failed appendEntries as previous log entry ((t:1, i:0)) is not found
2019-09-27 09:19:11,519 [grpc-default-executor-5] INFO  impl.RaftServerImpl (RaftServerImpl.java:checkInconsistentAppendEntries(976)) - 2ae76358-1a8d-4fd5-a4fd-20ea98138735@group-7ED8B9CF6619: inconsistency entries. Reply:58a870c2-09d8-4538-b684-89d5a4d1d620<-2ae76358-1a8d-4fd5-a4fd-20ea98138735#0:FAIL,INCONSISTENCY,nextIndex:0,term:4,followerCommit:-1
2019-09-27 09:19:11,520 [grpc-default-executor-5] INFO  impl.FollowerInfo (FollowerInfo.java:lambda$new$0(51)) - 58a870c2-09d8-4538-b684-89d5a4d1d620@group-7ED8B9CF6619->2ae76358-1a8d-4fd5-a4fd-20ea98138735: nextIndex: updateUnconditionally 1 -> 0
2019-09-27 09:19:11,520 [grpc-default-executor-4] INFO  impl.RaftServerImpl (ServerState.java:setRaftConf(354)) - 7387e8c6-1a4e-4257-8943-3fffd176a0ab@group-7ED8B9CF6619: set configuration 1: [58a870c2-09d8-4538-b684-89d5a4d1d620:192.168.151.103:41551, 7387e8c6-1a4e-4257-8943-3fffd176a0ab:192.168.151.103:41069, 2ae76358-1a8d-4fd5-a4fd-20ea98138735:192.168.151.103:41875], old=null at 1
2019-09-27 09:19:11,520 [grpc-default-executor-4] INFO  segmented.SegmentedRaftLogWorker (SegmentedRaftLogWorker.java:rollLogSegment(385)) - 7387e8c6-1a4e-4257-8943-3fffd176a0ab@group-7ED8B9CF6619-SegmentedRaftLogWorker: Rolling segment log-0_0 to index:0
2019-09-27 09:19:11,520 [grpc-default-executor-5] INFO  impl.RaftServerImpl (ServerState.java:setRaftConf(354)) - 2ae76358-1a8d-4fd5-a4fd-20ea98138735@group-7ED8B9CF6619: set configuration 0: [58a870c2-09d8-4538-b684-89d5a4d1d620:192.168.151.103:41551, 7387e8c6-1a4e-4257-8943-3fffd176a0ab:192.168.151.103:41069, 2ae76358-1a8d-4fd5-a4fd-20ea98138735:192.168.151.103:41875], old=null at 0
2019-09-27 09:19:11,521 [grpc-default-executor-5] INFO  segmented.SegmentedRaftLogWorker (SegmentedRaftLogWorker.java:startLogSegment(380)) - 2ae76358-1a8d-4fd5-a4fd-20ea98138735@group-7ED8B9CF6619-SegmentedRaftLogWorker: Starting segment from index:0
2019-09-27 09:19:11,521 [7387e8c6-1a4e-4257-8943-3fffd176a0ab@group-7ED8B9CF6619-SegmentedRaftLogWorker] INFO  segmented.SegmentedRaftLogWorker (SegmentedRaftLogWorker.java:execute(526)) - 7387e8c6-1a4e-4257-8943-3fffd176a0ab@group-7ED8B9CF6619-SegmentedRaftLogWorker: Rolled log segment from /workdir/hadoop-ozone/integration-test/target/test-dir/MiniOzoneClusterImpl-d2d06822-f460-4d8d-a87b-a517d879cb3f/datanode-7/data/ratis/9218e225-ad1c-4ca4-9b48-7ed8b9cf6619/current/log_inprogress_0 to /workdir/hadoop-ozone/integration-test/target/test-dir/MiniOzoneClusterImpl-d2d06822-f460-4d8d-a87b-a517d879cb3f/datanode-7/data/ratis/9218e225-ad1c-4ca4-9b48-7ed8b9cf6619/current/log_0-0
2019-09-27 09:19:11,521 [grpc-default-executor-5] INFO  impl.RaftServerImpl (ServerState.java:setRaftConf(354)) - 2ae76358-1a8d-4fd5-a4fd-20ea98138735@group-7ED8B9CF6619: set configuration 1: [58a870c2-09d8-4538-b684-89d5a4d1d620:192.168.151.103:41551, 7387e8c6-1a4e-4257-8943-3fffd176a0ab:192.168.151.103:41069, 2ae76358-1a8d-4fd5-a4fd-20ea98138735:192.168.151.103:41875], old=null at 1
2019-09-27 09:19:11,521 [grpc-default-executor-5] INFO  segmented.SegmentedRaftLogWorker (SegmentedRaftLogWorker.java:rollLogSegment(385)) - 2ae76358-1a8d-4fd5-a4fd-20ea98138735@group-7ED8B9CF6619-SegmentedRaftLogWorker: Rolling segment log-0_0 to index:0
2019-09-27 09:19:11,567 [7387e8c6-1a4e-4257-8943-3fffd176a0ab@group-7ED8B9CF6619-SegmentedRaftLogWorker] INFO  segmented.SegmentedRaftLogWorker (SegmentedRaftLogWorker.java:execute(569)) - 7387e8c6-1a4e-4257-8943-3fffd176a0ab@group-7ED8B9CF6619-SegmentedRaftLogWorker: created new log segment /workdir/hadoop-ozone/integration-test/target/test-dir/MiniOzoneClusterImpl-d2d06822-f460-4d8d-a87b-a517d879cb3f/datanode-7/data/ratis/9218e225-ad1c-4ca4-9b48-7ed8b9cf6619/current/log_inprogress_1
2019-09-27 09:19:11,567 [58a870c2-09d8-4538-b684-89d5a4d1d620@group-7ED8B9CF6619-SegmentedRaftLogWorker] INFO  segmented.SegmentedRaftLogWorker (SegmentedRaftLogWorker.java:execute(569)) - 58a870c2-09d8-4538-b684-89d5a4d1d620@group-7ED8B9CF6619-SegmentedRaftLogWorker: created new log segment /workdir/hadoop-ozone/integration-test/target/test-dir/MiniOzoneClusterImpl-d2d06822-f460-4d8d-a87b-a517d879cb3f/datanode-9/data/ratis/9218e225-ad1c-4ca4-9b48-7ed8b9cf6619/current/log_inprogress_1
2019-09-27 09:19:11,567 [2ae76358-1a8d-4fd5-a4fd-20ea98138735@group-7ED8B9CF6619-SegmentedRaftLogWorker] INFO  segmented.SegmentedRaftLogWorker (SegmentedRaftLogWorker.java:execute(569)) - 2ae76358-1a8d-4fd5-a4fd-20ea98138735@group-7ED8B9CF6619-SegmentedRaftLogWorker: created new log segment /workdir/hadoop-ozone/integration-test/target/test-dir/MiniOzoneClusterImpl-d2d06822-f460-4d8d-a87b-a517d879cb3f/datanode-8/data/ratis/9218e225-ad1c-4ca4-9b48-7ed8b9cf6619/current/log_inprogress_0
2019-09-27 09:19:11,579 [2ae76358-1a8d-4fd5-a4fd-20ea98138735@group-7ED8B9CF6619-SegmentedRaftLogWorker] INFO  segmented.SegmentedRaftLogWorker (SegmentedRaftLogWorker.java:execute(526)) - 2ae76358-1a8d-4fd5-a4fd-20ea98138735@group-7ED8B9CF6619-SegmentedRaftLogWorker: Rolled log segment from /workdir/hadoop-ozone/integration-test/target/test-dir/MiniOzoneClusterImpl-d2d06822-f460-4d8d-a87b-a517d879cb3f/datanode-8/data/ratis/9218e225-ad1c-4ca4-9b48-7ed8b9cf6619/current/log_inprogress_0 to /workdir/hadoop-ozone/integration-test/target/test-dir/MiniOzoneClusterImpl-d2d06822-f460-4d8d-a87b-a517d879cb3f/datanode-8/data/ratis/9218e225-ad1c-4ca4-9b48-7ed8b9cf6619/current/log_0-0
2019-09-27 09:19:11,628 [2ae76358-1a8d-4fd5-a4fd-20ea98138735@group-7ED8B9CF6619-SegmentedRaftLogWorker] INFO  segmented.SegmentedRaftLogWorker (SegmentedRaftLogWorker.java:execute(569)) - 2ae76358-1a8d-4fd5-a4fd-20ea98138735@group-7ED8B9CF6619-SegmentedRaftLogWorker: created new log segment /workdir/hadoop-ozone/integration-test/target/test-dir/MiniOzoneClusterImpl-d2d06822-f460-4d8d-a87b-a517d879cb3f/datanode-8/data/ratis/9218e225-ad1c-4ca4-9b48-7ed8b9cf6619/current/log_inprogress_1
2019-09-27 09:19:12,080 [main] INFO  ipc.Client (Client.java:handleConnectionFailure(948)) - Retrying connect to server: localhost/127.0.0.1:0. Already tried 3 time(s); retry policy is RetryUpToMaximumCountWithFixedSleep(maxRetries=10, sleepTime=1000 MILLISECONDS)
2019-09-27 09:19:13,082 [main] INFO  ipc.Client (Client.java:handleConnectionFailure(948)) - Retrying connect to server: localhost/127.0.0.1:0. Already tried 4 time(s); retry policy is RetryUpToMaximumCountWithFixedSleep(maxRetries=10, sleepTime=1000 MILLISECONDS)
2019-09-27 09:19:14,083 [main] INFO  ipc.Client (Client.java:handleConnectionFailure(948)) - Retrying connect to server: localhost/127.0.0.1:0. Already tried 5 time(s); retry policy is RetryUpToMaximumCountWithFixedSleep(maxRetries=10, sleepTime=1000 MILLISECONDS)
2019-09-27 09:19:15,084 [main] INFO  ipc.Client (Client.java:handleConnectionFailure(948)) - Retrying connect to server: localhost/127.0.0.1:0. Already tried 6 time(s); retry policy is RetryUpToMaximumCountWithFixedSleep(maxRetries=10, sleepTime=1000 MILLISECONDS)
2019-09-27 09:19:16,085 [main] INFO  ipc.Client (Client.java:handleConnectionFailure(948)) - Retrying connect to server: localhost/127.0.0.1:0. Already tried 7 time(s); retry policy is RetryUpToMaximumCountWithFixedSleep(maxRetries=10, sleepTime=1000 MILLISECONDS)
2019-09-27 09:19:17,086 [main] INFO  ipc.Client (Client.java:handleConnectionFailure(948)) - Retrying connect to server: localhost/127.0.0.1:0. Already tried 8 time(s); retry policy is RetryUpToMaximumCountWithFixedSleep(maxRetries=10, sleepTime=1000 MILLISECONDS)
2019-09-27 09:19:18,087 [main] INFO  ipc.Client (Client.java:handleConnectionFailure(948)) - Retrying connect to server: localhost/127.0.0.1:0. Already tried 9 time(s); retry policy is RetryUpToMaximumCountWithFixedSleep(maxRetries=10, sleepTime=1000 MILLISECONDS)
2019-09-27 09:19:19,089 [main] INFO  ipc.Client (Client.java:handleConnectionFailure(948)) - Retrying connect to server: localhost/127.0.0.1:0. Already tried 0 time(s); retry policy is RetryUpToMaximumCountWithFixedSleep(maxRetries=10, sleepTime=1000 MILLISECONDS)
2019-09-27 09:19:20,090 [main] INFO  ipc.Client (Client.java:handleConnectionFailure(948)) - Retrying connect to server: localhost/127.0.0.1:0. Already tried 1 time(s); retry policy is RetryUpToMaximumCountWithFixedSleep(maxRetries=10, sleepTime=1000 MILLISECONDS)
2019-09-27 09:19:21,092 [main] INFO  ipc.Client (Client.java:handleConnectionFailure(948)) - Retrying connect to server: localhost/127.0.0.1:0. Already tried 2 time(s); retry policy is RetryUpToMaximumCountWithFixedSleep(maxRetries=10, sleepTime=1000 MILLISECONDS)
2019-09-27 09:19:22,093 [main] INFO  ipc.Client (Client.java:handleConnectionFailure(948)) - Retrying connect to server: localhost/127.0.0.1:0. Already tried 3 time(s); retry policy is RetryUpToMaximumCountWithFixedSleep(maxRetries=10, sleepTime=1000 MILLISECONDS)
2019-09-27 09:19:23,094 [main] INFO  ipc.Client (Client.java:handleConnectionFailure(948)) - Retrying connect to server: localhost/127.0.0.1:0. Already tried 4 time(s); retry policy is RetryUpToMaximumCountWithFixedSleep(maxRetries=10, sleepTime=1000 MILLISECONDS)
2019-09-27 09:19:24,095 [main] INFO  ipc.Client (Client.java:handleConnectionFailure(948)) - Retrying connect to server: localhost/127.0.0.1:0. Already tried 5 time(s); retry policy is RetryUpToMaximumCountWithFixedSleep(maxRetries=10, sleepTime=1000 MILLISECONDS)
2019-09-27 09:19:25,096 [main] INFO  ipc.Client (Client.java:handleConnectionFailure(948)) - Retrying connect to server: localhost/127.0.0.1:0. Already tried 6 time(s); retry policy is RetryUpToMaximumCountWithFixedSleep(maxRetries=10, sleepTime=1000 MILLISECONDS)
2019-09-27 09:19:26,097 [main] INFO  ipc.Client (Client.java:handleConnectionFailure(948)) - Retrying connect to server: localhost/127.0.0.1:0. Already tried 7 time(s); retry policy is RetryUpToMaximumCountWithFixedSleep(maxRetries=10, sleepTime=1000 MILLISECONDS)
2019-09-27 09:19:27,099 [main] INFO  ipc.Client (Client.java:handleConnectionFailure(948)) - Retrying connect to server: localhost/127.0.0.1:0. Already tried 8 time(s); retry policy is RetryUpToMaximumCountWithFixedSleep(maxRetries=10, sleepTime=1000 MILLISECONDS)
2019-09-27 09:19:28,099 [main] INFO  ipc.Client (Client.java:handleConnectionFailure(948)) - Retrying connect to server: localhost/127.0.0.1:0. Already tried 9 time(s); retry policy is RetryUpToMaximumCountWithFixedSleep(maxRetries=10, sleepTime=1000 MILLISECONDS)
2019-09-27 09:19:28,100 [main] INFO  retry.RetryInvocationHandler (RetryInvocationHandler.java:log(411)) - com.google.protobuf.ServiceException: java.net.ConnectException: Your endpoint configuration is wrong; For more details see:  http://wiki.apache.org/hadoop/UnsetHostnameOrPort, while invoking $Proxy35.submitRequest over nodeId=null,nodeAddress=127.0.0.1:0 after 1 failover attempts. Trying to failover immediately.
2019-09-27 09:19:29,101 [main] INFO  ipc.Client (Client.java:handleConnectionFailure(948)) - Retrying connect to server: localhost/127.0.0.1:0. Already tried 0 time(s); retry policy is RetryUpToMaximumCountWithFixedSleep(maxRetries=10, sleepTime=1000 MILLISECONDS)
2019-09-27 09:19:30,105 [main] INFO  ipc.Client (Client.java:handleConnectionFailure(948)) - Retrying connect to server: localhost/127.0.0.1:0. Already tried 1 time(s); retry policy is RetryUpToMaximumCountWithFixedSleep(maxRetries=10, sleepTime=1000 MILLISECONDS)
2019-09-27 09:19:31,106 [main] INFO  ipc.Client (Client.java:handleConnectionFailure(948)) - Retrying connect to server: localhost/127.0.0.1:0. Already tried 2 time(s); retry policy is RetryUpToMaximumCountWithFixedSleep(maxRetries=10, sleepTime=1000 MILLISECONDS)
2019-09-27 09:19:32,107 [main] INFO  ipc.Client (Client.java:handleConnectionFailure(948)) - Retrying connect to server: localhost/127.0.0.1:0. Already tried 3 time(s); retry policy is RetryUpToMaximumCountWithFixedSleep(maxRetries=10, sleepTime=1000 MILLISECONDS)
2019-09-27 09:19:33,108 [main] INFO  ipc.Client (Client.java:handleConnectionFailure(948)) - Retrying connect to server: localhost/127.0.0.1:0. Already tried 4 time(s); retry policy is RetryUpToMaximumCountWithFixedSleep(maxRetries=10, sleepTime=1000 MILLISECONDS)
2019-09-27 09:19:34,109 [main] INFO  ipc.Client (Client.java:handleConnectionFailure(948)) - Retrying connect to server: localhost/127.0.0.1:0. Already tried 5 time(s); retry policy is RetryUpToMaximumCountWithFixedSleep(maxRetries=10, sleepTime=1000 MILLISECONDS)
2019-09-27 09:19:35,110 [main] INFO  ipc.Client (Client.java:handleConnectionFailure(948)) - Retrying connect to server: localhost/127.0.0.1:0. Already tried 6 time(s); retry policy is RetryUpToMaximumCountWithFixedSleep(maxRetries=10, sleepTime=1000 MILLISECONDS)
2019-09-27 09:19:36,111 [main] INFO  ipc.Client (Client.java:handleConnectionFailure(948)) - Retrying connect to server: localhost/127.0.0.1:0. Already tried 7 time(s); retry policy is RetryUpToMaximumCountWithFixedSleep(maxRetries=10, sleepTime=1000 MILLISECONDS)
2019-09-27 09:19:37,112 [main] INFO  ipc.Client (Client.java:handleConnectionFailure(948)) - Retrying connect to server: localhost/127.0.0.1:0. Already tried 8 time(s); retry policy is RetryUpToMaximumCountWithFixedSleep(maxRetries=10, sleepTime=1000 MILLISECONDS)
2019-09-27 09:19:38,114 [main] INFO  ipc.Client (Client.java:handleConnectionFailure(948)) - Retrying connect to server: localhost/127.0.0.1:0. Already tried 9 time(s); retry policy is RetryUpToMaximumCountWithFixedSleep(maxRetries=10, sleepTime=1000 MILLISECONDS)
2019-09-27 09:19:38,115 [main] INFO  retry.RetryInvocationHandler (RetryInvocationHandler.java:log(411)) - com.google.protobuf.ServiceException: java.net.ConnectException: Your endpoint configuration is wrong; For more details see:  http://wiki.apache.org/hadoop/UnsetHostnameOrPort, while invoking $Proxy35.submitRequest over nodeId=null,nodeAddress=127.0.0.1:0 after 2 failover attempts. Trying to failover immediately.
2019-09-27 09:19:39,116 [main] INFO  ipc.Client (Client.java:handleConnectionFailure(948)) - Retrying connect to server: localhost/127.0.0.1:0. Already tried 0 time(s); retry policy is RetryUpToMaximumCountWithFixedSleep(maxRetries=10, sleepTime=1000 MILLISECONDS)
2019-09-27 09:19:40,156 [main] INFO  ipc.Client (Client.java:handleConnectionFailure(948)) - Retrying connect to server: localhost/127.0.0.1:0. Already tried 1 time(s); retry policy is RetryUpToMaximumCountWithFixedSleep(maxRetries=10, sleepTime=1000 MILLISECONDS)
2019-09-27 09:19:41,191 [main] INFO  ipc.Client (Client.java:handleConnectionFailure(948)) - Retrying connect to server: localhost/127.0.0.1:0. Already tried 2 time(s); retry policy is RetryUpToMaximumCountWithFixedSleep(maxRetries=10, sleepTime=1000 MILLISECONDS)
2019-09-27 09:19:42,192 [main] INFO  ipc.Client (Client.java:handleConnectionFailure(948)) - Retrying connect to server: localhost/127.0.0.1:0. Already tried 3 time(s); retry policy is RetryUpToMaximumCountWithFixedSleep(maxRetries=10, sleepTime=1000 MILLISECONDS)
2019-09-27 09:19:43,193 [main] INFO  ipc.Client (Client.java:handleConnectionFailure(948)) - Retrying connect to server: localhost/127.0.0.1:0. Already tried 4 time(s); retry policy is RetryUpToMaximumCountWithFixedSleep(maxRetries=10, sleepTime=1000 MILLISECONDS)
2019-09-27 09:19:44,194 [main] INFO  ipc.Client (Client.java:handleConnectionFailure(948)) - Retrying connect to server: localhost/127.0.0.1:0. Already tried 5 time(s); retry policy is RetryUpToMaximumCountWithFixedSleep(maxRetries=10, sleepTime=1000 MILLISECONDS)
2019-09-27 09:19:45,195 [main] INFO  ipc.Client (Client.java:handleConnectionFailure(948)) - Retrying connect to server: localhost/127.0.0.1:0. Already tried 6 time(s); retry policy is RetryUpToMaximumCountWithFixedSleep(maxRetries=10, sleepTime=1000 MILLISECONDS)
2019-09-27 09:19:46,196 [main] INFO  ipc.Client (Client.java:handleConnectionFailure(948)) - Retrying connect to server: localhost/127.0.0.1:0. Already tried 7 time(s); retry policy is RetryUpToMaximumCountWithFixedSleep(maxRetries=10, sleepTime=1000 MILLISECONDS)
2019-09-27 09:19:47,197 [main] INFO  ipc.Client (Client.java:handleConnectionFailure(948)) - Retrying connect to server: localhost/127.0.0.1:0. Already tried 8 time(s); retry policy is RetryUpToMaximumCountWithFixedSleep(maxRetries=10, sleepTime=1000 MILLISECONDS)
2019-09-27 09:19:48,199 [main] INFO  ipc.Client (Client.java:handleConnectionFailure(948)) - Retrying connect to server: localhost/127.0.0.1:0. Already tried 9 time(s); retry policy is RetryUpToMaximumCountWithFixedSleep(maxRetries=10, sleepTime=1000 MILLISECONDS)
2019-09-27 09:19:48,200 [main] INFO  retry.RetryInvocationHandler (RetryInvocationHandler.java:log(411)) - com.google.protobuf.ServiceException: java.net.ConnectException: Your endpoint configuration is wrong; For more details see:  http://wiki.apache.org/hadoop/UnsetHostnameOrPort, while invoking $Proxy35.submitRequest over nodeId=null,nodeAddress=127.0.0.1:0 after 3 failover attempts. Trying to failover immediately.
2019-09-27 09:19:49,201 [main] INFO  ipc.Client (Client.java:handleConnectionFailure(948)) - Retrying connect to server: localhost/127.0.0.1:0. Already tried 0 time(s); retry policy is RetryUpToMaximumCountWithFixedSleep(maxRetries=10, sleepTime=1000 MILLISECONDS)
2019-09-27 09:19:50,203 [main] INFO  ipc.Client (Client.java:handleConnectionFailure(948)) - Retrying connect to server: localhost/127.0.0.1:0. Already tried 1 time(s); retry policy is RetryUpToMaximumCountWithFixedSleep(maxRetries=10, sleepTime=1000 MILLISECONDS)
2019-09-27 09:19:51,204 [main] INFO  ipc.Client (Client.java:handleConnectionFailure(948)) - Retrying connect to server: localhost/127.0.0.1:0. Already tried 2 time(s); retry policy is RetryUpToMaximumCountWithFixedSleep(maxRetries=10, sleepTime=1000 MILLISECONDS)
2019-09-27 09:19:52,205 [main] INFO  ipc.Client (Client.java:handleConnectionFailure(948)) - Retrying connect to server: localhost/127.0.0.1:0. Already tried 3 time(s); retry policy is RetryUpToMaximumCountWithFixedSleep(maxRetries=10, sleepTime=1000 MILLISECONDS)
2019-09-27 09:19:53,206 [main] INFO  ipc.Client (Client.java:handleConnectionFailure(948)) - Retrying connect to server: localhost/127.0.0.1:0. Already tried 4 time(s); retry policy is RetryUpToMaximumCountWithFixedSleep(maxRetries=10, sleepTime=1000 MILLISECONDS)
2019-09-27 09:19:54,207 [main] INFO  ipc.Client (Client.java:handleConnectionFailure(948)) - Retrying connect to server: localhost/127.0.0.1:0. Already tried 5 time(s); retry policy is RetryUpToMaximumCountWithFixedSleep(maxRetries=10, sleepTime=1000 MILLISECONDS)
2019-09-27 09:19:55,208 [main] INFO  ipc.Client (Client.java:handleConnectionFailure(948)) - Retrying connect to server: localhost/127.0.0.1:0. Already tried 6 time(s); retry policy is RetryUpToMaximumCountWithFixedSleep(maxRetries=10, sleepTime=1000 MILLISECONDS)
2019-09-27 09:19:56,209 [main] INFO  ipc.Client (Client.java:handleConnectionFailure(948)) - Retrying connect to server: localhost/127.0.0.1:0. Already tried 7 time(s); retry policy is RetryUpToMaximumCountWithFixedSleep(maxRetries=10, sleepTime=1000 MILLISECONDS)
2019-09-27 09:19:57,210 [main] INFO  ipc.Client (Client.java:handleConnectionFailure(948)) - Retrying connect to server: localhost/127.0.0.1:0. Already tried 8 time(s); retry policy is RetryUpToMaximumCountWithFixedSleep(maxRetries=10, sleepTime=1000 MILLISECONDS)
2019-09-27 09:19:58,211 [main] INFO  ipc.Client (Client.java:handleConnectionFailure(948)) - Retrying connect to server: localhost/127.0.0.1:0. Already tried 9 time(s); retry policy is RetryUpToMaximumCountWithFixedSleep(maxRetries=10, sleepTime=1000 MILLISECONDS)
2019-09-27 09:19:58,212 [main] INFO  retry.RetryInvocationHandler (RetryInvocationHandler.java:log(411)) - com.google.protobuf.ServiceException: java.net.ConnectException: Your endpoint configuration is wrong; For more details see:  http://wiki.apache.org/hadoop/UnsetHostnameOrPort, while invoking $Proxy35.submitRequest over nodeId=null,nodeAddress=127.0.0.1:0 after 4 failover attempts. Trying to failover immediately.
2019-09-27 09:19:59,213 [main] INFO  ipc.Client (Client.java:handleConnectionFailure(948)) - Retrying connect to server: localhost/127.0.0.1:0. Already tried 0 time(s); retry policy is RetryUpToMaximumCountWithFixedSleep(maxRetries=10, sleepTime=1000 MILLISECONDS)
2019-09-27 09:20:00,214 [main] INFO  ipc.Client (Client.java:handleConnectionFailure(948)) - Retrying connect to server: localhost/127.0.0.1:0. Already tried 1 time(s); retry policy is RetryUpToMaximumCountWithFixedSleep(maxRetries=10, sleepTime=1000 MILLISECONDS)
2019-09-27 09:20:01,215 [main] INFO  ipc.Client (Client.java:handleConnectionFailure(948)) - Retrying connect to server: localhost/127.0.0.1:0. Already tried 2 time(s); retry policy is RetryUpToMaximumCountWithFixedSleep(maxRetries=10, sleepTime=1000 MILLISECONDS)
2019-09-27 09:20:02,216 [main] INFO  ipc.Client (Client.java:handleConnectionFailure(948)) - Retrying connect to server: localhost/127.0.0.1:0. Already tried 3 time(s); retry policy is RetryUpToMaximumCountWithFixedSleep(maxRetries=10, sleepTime=1000 MILLISECONDS)
2019-09-27 09:20:03,218 [main] INFO  ipc.Client (Client.java:handleConnectionFailure(948)) - Retrying connect to server: localhost/127.0.0.1:0. Already tried 4 time(s); retry policy is RetryUpToMaximumCountWithFixedSleep(maxRetries=10, sleepTime=1000 MILLISECONDS)
2019-09-27 09:20:04,219 [main] INFO  ipc.Client (Client.java:handleConnectionFailure(948)) - Retrying connect to server: localhost/127.0.0.1:0. Already tried 5 time(s); retry policy is RetryUpToMaximumCountWithFixedSleep(maxRetries=10, sleepTime=1000 MILLISECONDS)
2019-09-27 09:20:05,220 [main] INFO  ipc.Client (Client.java:handleConnectionFailure(948)) - Retrying connect to server: localhost/127.0.0.1:0. Already tried 6 time(s); retry policy is RetryUpToMaximumCountWithFixedSleep(maxRetries=10, sleepTime=1000 MILLISECONDS)
2019-09-27 09:20:06,221 [main] INFO  ipc.Client (Client.java:handleConnectionFailure(948)) - Retrying connect to server: localhost/127.0.0.1:0. Already tried 7 time(s); retry policy is RetryUpToMaximumCountWithFixedSleep(maxRetries=10, sleepTime=1000 MILLISECONDS)
2019-09-27 09:20:07,222 [main] INFO  ipc.Client (Client.java:handleConnectionFailure(948)) - Retrying connect to server: localhost/127.0.0.1:0. Already tried 8 time(s); retry policy is RetryUpToMaximumCountWithFixedSleep(maxRetries=10, sleepTime=1000 MILLISECONDS)
2019-09-27 09:20:08,223 [main] INFO  ipc.Client (Client.java:handleConnectionFailure(948)) - Retrying connect to server: localhost/127.0.0.1:0. Already tried 9 time(s); retry policy is RetryUpToMaximumCountWithFixedSleep(maxRetries=10, sleepTime=1000 MILLISECONDS)
2019-09-27 09:20:08,225 [main] INFO  retry.RetryInvocationHandler (RetryInvocationHandler.java:log(411)) - com.google.protobuf.ServiceException: java.net.ConnectException: Your endpoint configuration is wrong; For more details see:  http://wiki.apache.org/hadoop/UnsetHostnameOrPort, while invoking $Proxy35.submitRequest over nodeId=null,nodeAddress=127.0.0.1:0 after 5 failover attempts. Trying to failover immediately.
2019-09-27 09:20:09,226 [main] INFO  ipc.Client (Client.java:handleConnectionFailure(948)) - Retrying connect to server: localhost/127.0.0.1:0. Already tried 0 time(s); retry policy is RetryUpToMaximumCountWithFixedSleep(maxRetries=10, sleepTime=1000 MILLISECONDS)
2019-09-27 09:20:10,228 [main] INFO  ipc.Client (Client.java:handleConnectionFailure(948)) - Retrying connect to server: localhost/127.0.0.1:0. Already tried 1 time(s); retry policy is RetryUpToMaximumCountWithFixedSleep(maxRetries=10, sleepTime=1000 MILLISECONDS)
2019-09-27 09:20:11,229 [main] INFO  ipc.Client (Client.java:handleConnectionFailure(948)) - Retrying connect to server: localhost/127.0.0.1:0. Already tried 2 time(s); retry policy is RetryUpToMaximumCountWithFixedSleep(maxRetries=10, sleepTime=1000 MILLISECONDS)
2019-09-27 09:20:12,230 [main] INFO  ipc.Client (Client.java:handleConnectionFailure(948)) - Retrying connect to server: localhost/127.0.0.1:0. Already tried 3 time(s); retry policy is RetryUpToMaximumCountWithFixedSleep(maxRetries=10, sleepTime=1000 MILLISECONDS)
2019-09-27 09:20:13,231 [main] INFO  ipc.Client (Client.java:handleConnectionFailure(948)) - Retrying connect to server: localhost/127.0.0.1:0. Already tried 4 time(s); retry policy is RetryUpToMaximumCountWithFixedSleep(maxRetries=10, sleepTime=1000 MILLISECONDS)
2019-09-27 09:20:14,232 [main] INFO  ipc.Client (Client.java:handleConnectionFailure(948)) - Retrying connect to server: localhost/127.0.0.1:0. Already tried 5 time(s); retry policy is RetryUpToMaximumCountWithFixedSleep(maxRetries=10, sleepTime=1000 MILLISECONDS)
2019-09-27 09:20:15,233 [main] INFO  ipc.Client (Client.java:handleConnectionFailure(948)) - Retrying connect to server: localhost/127.0.0.1:0. Already tried 6 time(s); retry policy is RetryUpToMaximumCountWithFixedSleep(maxRetries=10, sleepTime=1000 MILLISECONDS)
2019-09-27 09:20:16,234 [main] INFO  ipc.Client (Client.java:handleConnectionFailure(948)) - Retrying connect to server: localhost/127.0.0.1:0. Already tried 7 time(s); retry policy is RetryUpToMaximumCountWithFixedSleep(maxRetries=10, sleepTime=1000 MILLISECONDS)
2019-09-27 09:20:17,235 [main] INFO  ipc.Client (Client.java:handleConnectionFailure(948)) - Retrying connect to server: localhost/127.0.0.1:0. Already tried 8 time(s); retry policy is RetryUpToMaximumCountWithFixedSleep(maxRetries=10, sleepTime=1000 MILLISECONDS)
2019-09-27 09:20:18,236 [main] INFO  ipc.Client (Client.java:handleConnectionFailure(948)) - Retrying connect to server: localhost/127.0.0.1:0. Already tried 9 time(s); retry policy is RetryUpToMaximumCountWithFixedSleep(maxRetries=10, sleepTime=1000 MILLISECONDS)
2019-09-27 09:20:18,238 [main] INFO  retry.RetryInvocationHandler (RetryInvocationHandler.java:log(411)) - com.google.protobuf.ServiceException: java.net.ConnectException: Your endpoint configuration is wrong; For more details see:  http://wiki.apache.org/hadoop/UnsetHostnameOrPort, while invoking $Proxy35.submitRequest over nodeId=null,nodeAddress=127.0.0.1:0 after 6 failover attempts. Trying to failover immediately.
2019-09-27 09:20:19,239 [main] INFO  ipc.Client (Client.java:handleConnectionFailure(948)) - Retrying connect to server: localhost/127.0.0.1:0. Already tried 0 time(s); retry policy is RetryUpToMaximumCountWithFixedSleep(maxRetries=10, sleepTime=1000 MILLISECONDS)
2019-09-27 09:20:20,240 [main] INFO  ipc.Client (Client.java:handleConnectionFailure(948)) - Retrying connect to server: localhost/127.0.0.1:0. Already tried 1 time(s); retry policy is RetryUpToMaximumCountWithFixedSleep(maxRetries=10, sleepTime=1000 MILLISECONDS)
2019-09-27 09:20:21,241 [main] INFO  ipc.Client (Client.java:handleConnectionFailure(948)) - Retrying connect to server: localhost/127.0.0.1:0. Already tried 2 time(s); retry policy is RetryUpToMaximumCountWithFixedSleep(maxRetries=10, sleepTime=1000 MILLISECONDS)
2019-09-27 09:20:22,242 [main] INFO  ipc.Client (Client.java:handleConnectionFailure(948)) - Retrying connect to server: localhost/127.0.0.1:0. Already tried 3 time(s); retry policy is RetryUpToMaximumCountWithFixedSleep(maxRetries=10, sleepTime=1000 MILLISECONDS)
2019-09-27 09:20:23,243 [main] INFO  ipc.Client (Client.java:handleConnectionFailure(948)) - Retrying connect to server: localhost/127.0.0.1:0. Already tried 4 time(s); retry policy is RetryUpToMaximumCountWithFixedSleep(maxRetries=10, sleepTime=1000 MILLISECONDS)
2019-09-27 09:20:24,245 [main] INFO  ipc.Client (Client.java:handleConnectionFailure(948)) - Retrying connect to server: localhost/127.0.0.1:0. Already tried 5 time(s); retry policy is RetryUpToMaximumCountWithFixedSleep(maxRetries=10, sleepTime=1000 MILLISECONDS)
2019-09-27 09:20:25,246 [main] INFO  ipc.Client (Client.java:handleConnectionFailure(948)) - Retrying connect to server: localhost/127.0.0.1:0. Already tried 6 time(s); retry policy is RetryUpToMaximumCountWithFixedSleep(maxRetries=10, sleepTime=1000 MILLISECONDS)
2019-09-27 09:20:26,247 [main] INFO  ipc.Client (Client.java:handleConnectionFailure(948)) - Retrying connect to server: localhost/127.0.0.1:0. Already tried 7 time(s); retry policy is RetryUpToMaximumCountWithFixedSleep(maxRetries=10, sleepTime=1000 MILLISECONDS)
2019-09-27 09:20:27,248 [main] INFO  ipc.Client (Client.java:handleConnectionFailure(948)) - Retrying connect to server: localhost/127.0.0.1:0. Already tried 8 time(s); retry policy is RetryUpToMaximumCountWithFixedSleep(maxRetries=10, sleepTime=1000 MILLISECONDS)
2019-09-27 09:20:28,249 [main] INFO  ipc.Client (Client.java:handleConnectionFailure(948)) - Retrying connect to server: localhost/127.0.0.1:0. Already tried 9 time(s); retry policy is RetryUpToMaximumCountWithFixedSleep(maxRetries=10, sleepTime=1000 MILLISECONDS)
2019-09-27 09:20:28,250 [main] INFO  retry.RetryInvocationHandler (RetryInvocationHandler.java:log(411)) - com.google.protobuf.ServiceException: java.net.ConnectException: Your endpoint configuration is wrong; For more details see:  http://wiki.apache.org/hadoop/UnsetHostnameOrPort, while invoking $Proxy35.submitRequest over nodeId=null,nodeAddress=127.0.0.1:0 after 7 failover attempts. Trying to failover immediately.
2019-09-27 09:20:29,251 [main] INFO  ipc.Client (Client.java:handleConnectionFailure(948)) - Retrying connect to server: localhost/127.0.0.1:0. Already tried 0 time(s); retry policy is RetryUpToMaximumCountWithFixedSleep(maxRetries=10, sleepTime=1000 MILLISECONDS)
2019-09-27 09:20:30,252 [main] INFO  ipc.Client (Client.java:handleConnectionFailure(948)) - Retrying connect to server: localhost/127.0.0.1:0. Already tried 1 time(s); retry policy is RetryUpToMaximumCountWithFixedSleep(maxRetries=10, sleepTime=1000 MILLISECONDS)
2019-09-27 09:20:31,253 [main] INFO  ipc.Client (Client.java:handleConnectionFailure(948)) - Retrying connect to server: localhost/127.0.0.1:0. Already tried 2 time(s); retry policy is RetryUpToMaximumCountWithFixedSleep(maxRetries=10, sleepTime=1000 MILLISECONDS)
2019-09-27 09:20:32,254 [main] INFO  ipc.Client (Client.java:handleConnectionFailure(948)) - Retrying connect to server: localhost/127.0.0.1:0. Already tried 3 time(s); retry policy is RetryUpToMaximumCountWithFixedSleep(maxRetries=10, sleepTime=1000 MILLISECONDS)
2019-09-27 09:20:33,255 [main] INFO  ipc.Client (Client.java:handleConnectionFailure(948)) - Retrying connect to server: localhost/127.0.0.1:0. Already tried 4 time(s); retry policy is RetryUpToMaximumCountWithFixedSleep(maxRetries=10, sleepTime=1000 MILLISECONDS)
2019-09-27 09:20:34,257 [main] INFO  ipc.Client (Client.java:handleConnectionFailure(948)) - Retrying connect to server: localhost/127.0.0.1:0. Already tried 5 time(s); retry policy is RetryUpToMaximumCountWithFixedSleep(maxRetries=10, sleepTime=1000 MILLISECONDS)
2019-09-27 09:20:35,258 [main] INFO  ipc.Client (Client.java:handleConnectionFailure(948)) - Retrying connect to server: localhost/127.0.0.1:0. Already tried 6 time(s); retry policy is RetryUpToMaximumCountWithFixedSleep(maxRetries=10, sleepTime=1000 MILLISECONDS)
2019-09-27 09:20:36,259 [main] INFO  ipc.Client (Client.java:handleConnectionFailure(948)) - Retrying connect to server: localhost/127.0.0.1:0. Already tried 7 time(s); retry policy is RetryUpToMaximumCountWithFixedSleep(maxRetries=10, sleepTime=1000 MILLISECONDS)
2019-09-27 09:20:37,260 [main] INFO  ipc.Client (Client.java:handleConnectionFailure(948)) - Retrying connect to server: localhost/127.0.0.1:0. Already tried 8 time(s); retry policy is RetryUpToMaximumCountWithFixedSleep(maxRetries=10, sleepTime=1000 MILLISECONDS)
2019-09-27 09:20:38,261 [main] INFO  ipc.Client (Client.java:handleConnectionFailure(948)) - Retrying connect to server: localhost/127.0.0.1:0. Already tried 9 time(s); retry policy is RetryUpToMaximumCountWithFixedSleep(maxRetries=10, sleepTime=1000 MILLISECONDS)
2019-09-27 09:20:38,262 [main] INFO  retry.RetryInvocationHandler (RetryInvocationHandler.java:log(411)) - com.google.protobuf.ServiceException: java.net.ConnectException: Your endpoint configuration is wrong; For more details see:  http://wiki.apache.org/hadoop/UnsetHostnameOrPort, while invoking $Proxy35.submitRequest over nodeId=null,nodeAddress=127.0.0.1:0 after 8 failover attempts. Trying to failover immediately.
2019-09-27 09:20:39,263 [main] INFO  ipc.Client (Client.java:handleConnectionFailure(948)) - Retrying connect to server: localhost/127.0.0.1:0. Already tried 0 time(s); retry policy is RetryUpToMaximumCountWithFixedSleep(maxRetries=10, sleepTime=1000 MILLISECONDS)
2019-09-27 09:20:40,264 [main] INFO  ipc.Client (Client.java:handleConnectionFailure(948)) - Retrying connect to server: localhost/127.0.0.1:0. Already tried 1 time(s); retry policy is RetryUpToMaximumCountWithFixedSleep(maxRetries=10, sleepTime=1000 MILLISECONDS)
2019-09-27 09:20:41,265 [main] INFO  ipc.Client (Client.java:handleConnectionFailure(948)) - Retrying connect to server: localhost/127.0.0.1:0. Already tried 2 time(s); retry policy is RetryUpToMaximumCountWithFixedSleep(maxRetries=10, sleepTime=1000 MILLISECONDS)
2019-09-27 09:20:42,266 [main] INFO  ipc.Client (Client.java:handleConnectionFailure(948)) - Retrying connect to server: localhost/127.0.0.1:0. Already tried 3 time(s); retry policy is RetryUpToMaximumCountWithFixedSleep(maxRetries=10, sleepTime=1000 MILLISECONDS)
2019-09-27 09:20:43,267 [main] INFO  ipc.Client (Client.java:handleConnectionFailure(948)) - Retrying connect to server: localhost/127.0.0.1:0. Already tried 4 time(s); retry policy is RetryUpToMaximumCountWithFixedSleep(maxRetries=10, sleepTime=1000 MILLISECONDS)
2019-09-27 09:20:44,268 [main] INFO  ipc.Client (Client.java:handleConnectionFailure(948)) - Retrying connect to server: localhost/127.0.0.1:0. Already tried 5 time(s); retry policy is RetryUpToMaximumCountWithFixedSleep(maxRetries=10, sleepTime=1000 MILLISECONDS)
2019-09-27 09:20:45,270 [main] INFO  ipc.Client (Client.java:handleConnectionFailure(948)) - Retrying connect to server: localhost/127.0.0.1:0. Already tried 6 time(s); retry policy is RetryUpToMaximumCountWithFixedSleep(maxRetries=10, sleepTime=1000 MILLISECONDS)
2019-09-27 09:20:46,271 [main] INFO  ipc.Client (Client.java:handleConnectionFailure(948)) - Retrying connect to server: localhost/127.0.0.1:0. Already tried 7 time(s); retry policy is RetryUpToMaximumCountWithFixedSleep(maxRetries=10, sleepTime=1000 MILLISECONDS)
2019-09-27 09:20:47,272 [main] INFO  ipc.Client (Client.java:handleConnectionFailure(948)) - Retrying connect to server: localhost/127.0.0.1:0. Already tried 8 time(s); retry policy is RetryUpToMaximumCountWithFixedSleep(maxRetries=10, sleepTime=1000 MILLISECONDS)
2019-09-27 09:20:48,273 [main] INFO  ipc.Client (Client.java:handleConnectionFailure(948)) - Retrying connect to server: localhost/127.0.0.1:0. Already tried 9 time(s); retry policy is RetryUpToMaximumCountWithFixedSleep(maxRetries=10, sleepTime=1000 MILLISECONDS)
2019-09-27 09:20:48,274 [main] INFO  retry.RetryInvocationHandler (RetryInvocationHandler.java:log(411)) - com.google.protobuf.ServiceException: java.net.ConnectException: Your endpoint configuration is wrong; For more details see:  http://wiki.apache.org/hadoop/UnsetHostnameOrPort, while invoking $Proxy35.submitRequest over nodeId=null,nodeAddress=127.0.0.1:0 after 9 failover attempts. Trying to failover immediately.
2019-09-27 09:20:49,275 [main] INFO  ipc.Client (Client.java:handleConnectionFailure(948)) - Retrying connect to server: localhost/127.0.0.1:0. Already tried 0 time(s); retry policy is RetryUpToMaximumCountWithFixedSleep(maxRetries=10, sleepTime=1000 MILLISECONDS)
2019-09-27 09:20:50,276 [main] INFO  ipc.Client (Client.java:handleConnectionFailure(948)) - Retrying connect to server: localhost/127.0.0.1:0. Already tried 1 time(s); retry policy is RetryUpToMaximumCountWithFixedSleep(maxRetries=10, sleepTime=1000 MILLISECONDS)
2019-09-27 09:20:51,278 [main] INFO  ipc.Client (Client.java:handleConnectionFailure(948)) - Retrying connect to server: localhost/127.0.0.1:0. Already tried 2 time(s); retry policy is RetryUpToMaximumCountWithFixedSleep(maxRetries=10, sleepTime=1000 MILLISECONDS)
2019-09-27 09:20:52,278 [main] INFO  ipc.Client (Client.java:handleConnectionFailure(948)) - Retrying connect to server: localhost/127.0.0.1:0. Already tried 3 time(s); retry policy is RetryUpToMaximumCountWithFixedSleep(maxRetries=10, sleepTime=1000 MILLISECONDS)
2019-09-27 09:20:53,279 [main] INFO  ipc.Client (Client.java:handleConnectionFailure(948)) - Retrying connect to server: localhost/127.0.0.1:0. Already tried 4 time(s); retry policy is RetryUpToMaximumCountWithFixedSleep(maxRetries=10, sleepTime=1000 MILLISECONDS)
2019-09-27 09:20:54,281 [main] INFO  ipc.Client (Client.java:handleConnectionFailure(948)) - Retrying connect to server: localhost/127.0.0.1:0. Already tried 5 time(s); retry policy is RetryUpToMaximumCountWithFixedSleep(maxRetries=10, sleepTime=1000 MILLISECONDS)
2019-09-27 09:20:55,282 [main] INFO  ipc.Client (Client.java:handleConnectionFailure(948)) - Retrying connect to server: localhost/127.0.0.1:0. Already tried 6 time(s); retry policy is RetryUpToMaximumCountWithFixedSleep(maxRetries=10, sleepTime=1000 MILLISECONDS)
2019-09-27 09:20:56,283 [main] INFO  ipc.Client (Client.java:handleConnectionFailure(948)) - Retrying connect to server: localhost/127.0.0.1:0. Already tried 7 time(s); retry policy is RetryUpToMaximumCountWithFixedSleep(maxRetries=10, sleepTime=1000 MILLISECONDS)
2019-09-27 09:20:57,284 [main] INFO  ipc.Client (Client.java:handleConnectionFailure(948)) - Retrying connect to server: localhost/127.0.0.1:0. Already tried 8 time(s); retry policy is RetryUpToMaximumCountWithFixedSleep(maxRetries=10, sleepTime=1000 MILLISECONDS)
2019-09-27 09:20:58,285 [main] INFO  ipc.Client (Client.java:handleConnectionFailure(948)) - Retrying connect to server: localhost/127.0.0.1:0. Already tried 9 time(s); retry policy is RetryUpToMaximumCountWithFixedSleep(maxRetries=10, sleepTime=1000 MILLISECONDS)
2019-09-27 09:20:58,286 [main] ERROR ha.OMFailoverProxyProvider (OzoneManagerProtocolClientSideTranslatorPB.java:getRetryAction(268)) - Failed to connect to OM. Attempted 10 retries and 10 failovers
2019-09-27 09:20:58,287 [main] ERROR client.OzoneClientFactory (OzoneClientFactory.java:getClientProtocol(259)) - Couldn't create RpcClient protocol exception: 
java.net.ConnectException: Your endpoint configuration is wrong; For more details see:  http://wiki.apache.org/hadoop/UnsetHostnameOrPort
	at sun.reflect.GeneratedConstructorAccessor43.newInstance(Unknown Source)
	at sun.reflect.DelegatingConstructorAccessorImpl.newInstance(DelegatingConstructorAccessorImpl.java:45)
	at java.lang.reflect.Constructor.newInstance(Constructor.java:423)
	at org.apache.hadoop.net.NetUtils.wrapWithMessage(NetUtils.java:831)
	at org.apache.hadoop.net.NetUtils.wrapException(NetUtils.java:751)
	at org.apache.hadoop.ipc.Client.getRpcResponse(Client.java:1515)
	at org.apache.hadoop.ipc.Client.call(Client.java:1457)
	at org.apache.hadoop.ipc.Client.call(Client.java:1367)
	at org.apache.hadoop.ipc.ProtobufRpcEngine$Invoker.invoke(ProtobufRpcEngine.java:228)
	at org.apache.hadoop.ipc.ProtobufRpcEngine$Invoker.invoke(ProtobufRpcEngine.java:116)
	at com.sun.proxy.$Proxy35.submitRequest(Unknown Source)
	at sun.reflect.GeneratedMethodAccessor36.invoke(Unknown Source)
	at sun.reflect.DelegatingMethodAccessorImpl.invoke(DelegatingMethodAccessorImpl.java:43)
	at java.lang.reflect.Method.invoke(Method.java:498)
	at org.apache.hadoop.io.retry.RetryInvocationHandler.invokeMethod(RetryInvocationHandler.java:422)
	at org.apache.hadoop.io.retry.RetryInvocationHandler$Call.invokeMethod(RetryInvocationHandler.java:165)
	at org.apache.hadoop.io.retry.RetryInvocationHandler$Call.invoke(RetryInvocationHandler.java:157)
	at org.apache.hadoop.io.retry.RetryInvocationHandler$Call.invokeOnce(RetryInvocationHandler.java:95)
	at org.apache.hadoop.io.retry.RetryInvocationHandler.invoke(RetryInvocationHandler.java:359)
	at com.sun.proxy.$Proxy35.submitRequest(Unknown Source)
	at org.apache.hadoop.ozone.om.protocolPB.OzoneManagerProtocolClientSideTranslatorPB.submitRequest(OzoneManagerProtocolClientSideTranslatorPB.java:338)
	at org.apache.hadoop.ozone.om.protocolPB.OzoneManagerProtocolClientSideTranslatorPB.getServiceInfo(OzoneManagerProtocolClientSideTranslatorPB.java:1223)
	at sun.reflect.NativeMethodAccessorImpl.invoke0(Native Method)
	at sun.reflect.NativeMethodAccessorImpl.invoke(NativeMethodAccessorImpl.java:62)
	at sun.reflect.DelegatingMethodAccessorImpl.invoke(DelegatingMethodAccessorImpl.java:43)
	at java.lang.reflect.Method.invoke(Method.java:498)
	at org.apache.hadoop.hdds.tracing.TraceAllMethod.invoke(TraceAllMethod.java:66)
	at com.sun.proxy.$Proxy36.getServiceInfo(Unknown Source)
	at org.apache.hadoop.ozone.client.rpc.RpcClient.<init>(RpcClient.java:154)
	at org.apache.hadoop.ozone.client.OzoneClientFactory.getClientProtocol(OzoneClientFactory.java:256)
	at org.apache.hadoop.ozone.client.OzoneClientFactory.getClientProtocol(OzoneClientFactory.java:239)
	at org.apache.hadoop.ozone.client.OzoneClientFactory.getClient(OzoneClientFactory.java:75)
	at org.apache.hadoop.ozone.client.rpc.TestFailureHandlingByClient.init(TestFailureHandlingByClient.java:111)
	at org.apache.hadoop.ozone.client.rpc.TestFailureHandlingByClient.startCluster(TestFailureHandlingByClient.java:121)
	at org.apache.hadoop.ozone.client.rpc.TestFailureHandlingByClient.testWriteSmallFile(TestFailureHandlingByClient.java:177)
	at sun.reflect.NativeMethodAccessorImpl.invoke0(Native Method)
	at sun.reflect.NativeMethodAccessorImpl.invoke(NativeMethodAccessorImpl.java:62)
	at sun.reflect.DelegatingMethodAccessorImpl.invoke(DelegatingMethodAccessorImpl.java:43)
	at java.lang.reflect.Method.invoke(Method.java:498)
	at org.junit.runners.model.FrameworkMethod$1.runReflectiveCall(FrameworkMethod.java:47)
	at org.junit.internal.runners.model.ReflectiveCallable.run(ReflectiveCallable.java:12)
	at org.junit.runners.model.FrameworkMethod.invokeExplosively(FrameworkMethod.java:44)
	at org.junit.internal.runners.statements.InvokeMethod.evaluate(InvokeMethod.java:17)
	at org.junit.internal.runners.statements.RunAfters.evaluate(RunAfters.java:27)
	at org.junit.runners.ParentRunner.runLeaf(ParentRunner.java:271)
	at org.junit.runners.BlockJUnit4ClassRunner.runChild(BlockJUnit4ClassRunner.java:70)
	at org.junit.runners.BlockJUnit4ClassRunner.runChild(BlockJUnit4ClassRunner.java:50)
	at org.junit.runners.ParentRunner$3.run(ParentRunner.java:238)
	at org.junit.runners.ParentRunner$1.schedule(ParentRunner.java:63)
	at org.junit.runners.ParentRunner.runChildren(ParentRunner.java:236)
	at org.junit.runners.ParentRunner.access$000(ParentRunner.java:53)
	at org.junit.runners.ParentRunner$2.evaluate(ParentRunner.java:229)
	at org.junit.runners.ParentRunner.run(ParentRunner.java:309)
	at org.apache.maven.surefire.junit4.JUnit4Provider.execute(JUnit4Provider.java:365)
	at org.apache.maven.surefire.junit4.JUnit4Provider.executeWithRerun(JUnit4Provider.java:273)
	at org.apache.maven.surefire.junit4.JUnit4Provider.executeTestSet(JUnit4Provider.java:238)
	at org.apache.maven.surefire.junit4.JUnit4Provider.invoke(JUnit4Provider.java:159)
	at org.apache.maven.surefire.booter.ForkedBooter.invokeProviderInSameClassLoader(ForkedBooter.java:384)
	at org.apache.maven.surefire.booter.ForkedBooter.runSuitesInProcess(ForkedBooter.java:345)
	at org.apache.maven.surefire.booter.ForkedBooter.execute(ForkedBooter.java:126)
	at org.apache.maven.surefire.booter.ForkedBooter.main(ForkedBooter.java:418)
Caused by: java.net.ConnectException: Connection refused
	at sun.nio.ch.SocketChannelImpl.checkConnect(Native Method)
	at sun.nio.ch.SocketChannelImpl.finishConnect(SocketChannelImpl.java:717)
	at org.apache.hadoop.net.SocketIOWithTimeout.connect(SocketIOWithTimeout.java:206)
	at org.apache.hadoop.net.NetUtils.connect(NetUtils.java:531)
	at org.apache.hadoop.ipc.Client$Connection.setupConnection(Client.java:690)
	at org.apache.hadoop.ipc.Client$Connection.setupIOstreams(Client.java:794)
	at org.apache.hadoop.ipc.Client$Connection.access$3700(Client.java:411)
	at org.apache.hadoop.ipc.Client.getConnection(Client.java:1572)
	at org.apache.hadoop.ipc.Client.call(Client.java:1403)
	... 54 more
2019-09-27 09:20:58,288 [main] INFO  ozone.MiniOzoneClusterImpl (MiniOzoneClusterImpl.java:shutdown(314)) - Shutting down the Mini Ozone Cluster
2019-09-27 09:20:58,289 [main] INFO  ozone.MiniOzoneClusterImpl (MiniOzoneClusterImpl.java:stop(330)) - Stopping the Mini Ozone Cluster
2019-09-27 09:20:58,289 [main] INFO  ozone.MiniOzoneClusterImpl (MiniOzoneClusterImpl.java:stopOM(400)) - Stopping the OzoneManager
2019-09-27 09:20:58,289 [main] INFO  ipc.Server (Server.java:stop(3082)) - Stopping server on 46048
2019-09-27 09:20:58,298 [main] INFO  ratis.OzoneManagerDoubleBuffer (OzoneManagerDoubleBuffer.java:stop(248)) - Stopping OMDoubleBuffer flush thread
2019-09-27 09:20:58,305 [IPC Server Responder] INFO  ipc.Server (Server.java:run(1319)) - Stopping IPC Server Responder
2019-09-27 09:20:58,305 [IPC Server listener on 46048] INFO  ipc.Server (Server.java:run(1185)) - Stopping IPC Server listener on 46048
2019-09-27 09:20:58,328 [OMDoubleBufferFlushThread] INFO  ratis.OzoneManagerDoubleBuffer (OzoneManagerDoubleBuffer.java:flushTransactions(191)) - OMDoubleBuffer flush thread OMDoubleBufferFlushThread is interrupted and will exit. OMDoubleBufferFlushThread
2019-09-27 09:20:58,329 [main] INFO  utils.BackgroundService (BackgroundService.java:shutdown(148)) - Shutting down service KeyDeletingService
2019-09-27 09:20:58,334 [main] INFO  handler.ContextHandler (ContextHandler.java:doStop(910)) - Stopped o.e.j.w.WebAppContext@2001e48c{/,null,UNAVAILABLE}{/ozoneManager}
2019-09-27 09:20:58,335 [main] INFO  server.AbstractConnector (AbstractConnector.java:doStop(318)) - Stopped ServerConnector@68ddd415{HTTP/1.1,[http/1.1]}{0.0.0.0:0}
2019-09-27 09:20:58,336 [main] INFO  handler.ContextHandler (ContextHandler.java:doStop(910)) - Stopped o.e.j.s.ServletContextHandler@52ae997b{/static,file:///workdir/hadoop-ozone/integration-test/target/test-classes/webapps/static,UNAVAILABLE}
2019-09-27 09:20:58,337 [main] INFO  handler.ContextHandler (ContextHandler.java:doStop(910)) - Stopped o.e.j.s.ServletContextHandler@6b9fdbc6{/logs,file:///workdir/hadoop-ozone/integration-test/target/log,UNAVAILABLE}
2019-09-27 09:20:58,350 [main] INFO  ozone.MiniOzoneClusterImpl (MiniOzoneClusterImpl.java:stopDatanodes(377)) - Stopping the HddsDatanodes
2019-09-27 09:20:58,650 [Datanode State Machine Thread - 0] INFO  statemachine.DatanodeStateMachine (DatanodeStateMachine.java:lambda$startDaemon$0(350)) - Ozone container server started.
2019-09-27 09:20:58,831 [Datanode State Machine Thread - 0] INFO  statemachine.DatanodeStateMachine (DatanodeStateMachine.java:lambda$startDaemon$0(350)) - Ozone container server started.
2019-09-27 09:21:03,351 [main] INFO  ozoneimpl.OzoneContainer (OzoneContainer.java:stop(231)) - Attempting to stop container services.
2019-09-27 09:21:03,352 [ForkJoinPool.commonPool-worker-0] INFO  ozoneimpl.OzoneContainer (OzoneContainer.java:stop(231)) - Attempting to stop container services.
2019-09-27 09:21:03,352 [main] INFO  impl.RaftServerProxy (RaftServerProxy.java:lambda$close$4(314)) - f05e65be-6e62-49e0-b8f3-4d237753c08e: close
2019-09-27 09:21:03,352 [ForkJoinPool.commonPool-worker-0] INFO  impl.RaftServerProxy (RaftServerProxy.java:lambda$close$4(314)) - 5b10fcef-bcb8-4685-875f-8e79f20d296a: close
2019-09-27 09:21:03,352 [main] INFO  impl.RaftServerImpl (RaftServerImpl.java:lambda$shutdown$3(251)) - f05e65be-6e62-49e0-b8f3-4d237753c08e@group-674DA804F680: shutdown
2019-09-27 09:21:03,353 [ForkJoinPool.commonPool-worker-0] INFO  impl.RaftServerImpl (RaftServerImpl.java:lambda$shutdown$3(251)) - 5b10fcef-bcb8-4685-875f-8e79f20d296a@group-F886798AFECD: shutdown
2019-09-27 09:21:03,353 [main] INFO  util.JmxRegister (JmxRegister.java:unregister(73)) - Successfully un-registered JMX Bean with object name Ratis:service=RaftServer,group=group-674DA804F680,id=f05e65be-6e62-49e0-b8f3-4d237753c08e
2019-09-27 09:21:03,353 [ForkJoinPool.commonPool-worker-0] INFO  util.JmxRegister (JmxRegister.java:unregister(73)) - Successfully un-registered JMX Bean with object name Ratis:service=RaftServer,group=group-F886798AFECD,id=5b10fcef-bcb8-4685-875f-8e79f20d296a
2019-09-27 09:21:03,353 [main] INFO  impl.RoleInfo (RoleInfo.java:shutdownLeaderState(104)) - f05e65be-6e62-49e0-b8f3-4d237753c08e: shutdown LeaderState
2019-09-27 09:21:03,353 [ForkJoinPool.commonPool-worker-0] INFO  impl.RoleInfo (RoleInfo.java:shutdownLeaderState(104)) - 5b10fcef-bcb8-4685-875f-8e79f20d296a: shutdown LeaderState
2019-09-27 09:21:03,354 [main] INFO  impl.PendingRequests (PendingRequests.java:sendNotLeaderResponses(202)) - f05e65be-6e62-49e0-b8f3-4d237753c08e-PendingRequests: sendNotLeaderResponses
2019-09-27 09:21:03,359 [org.apache.ratis.server.impl.LogAppender$AppenderDaemon$$Lambda$400/247186050@51effde4] WARN  server.GrpcLogAppender (GrpcLogAppender.java:mayWait(143)) - 5b10fcef-bcb8-4685-875f-8e79f20d296a@group-F886798AFECD->fcc5478b-f5e9-4e5e-96f6-5f78dfdfa2b6-GrpcLogAppender: Wait interrupted by java.lang.InterruptedException
2019-09-27 09:21:03,359 [org.apache.ratis.server.impl.LogAppender$AppenderDaemon$$Lambda$400/247186050@671f43c6] WARN  server.GrpcLogAppender (GrpcLogAppender.java:mayWait(143)) - 5b10fcef-bcb8-4685-875f-8e79f20d296a@group-F886798AFECD->925a8c9e-5dc9-440e-8840-ce0b2559d856-GrpcLogAppender: Wait interrupted by java.lang.InterruptedException
2019-09-27 09:21:03,359 [ForkJoinPool.commonPool-worker-0] INFO  impl.PendingRequests (PendingRequests.java:sendNotLeaderResponses(202)) - 5b10fcef-bcb8-4685-875f-8e79f20d296a-PendingRequests: sendNotLeaderResponses
2019-09-27 09:21:03,360 [ForkJoinPool.commonPool-worker-0] INFO  impl.StateMachineUpdater (StateMachineUpdater.java:stopAndJoin(125)) - 5b10fcef-bcb8-4685-875f-8e79f20d296a@group-F886798AFECD-StateMachineUpdater: set stopIndex = 0
2019-09-27 09:21:03,360 [main] INFO  impl.StateMachineUpdater (StateMachineUpdater.java:stopAndJoin(125)) - f05e65be-6e62-49e0-b8f3-4d237753c08e@group-674DA804F680-StateMachineUpdater: set stopIndex = 0
2019-09-27 09:21:03,361 [ForkJoinPool.commonPool-worker-0] INFO  impl.RaftServerImpl (ServerState.java:close(385)) - 5b10fcef-bcb8-4685-875f-8e79f20d296a@group-F886798AFECD: closes. applyIndex: 0
2019-09-27 09:21:03,361 [grpc-default-executor-1] INFO  server.GrpcServerProtocolService (GrpcServerProtocolService.java:onCompleted(113)) - 925a8c9e-5dc9-440e-8840-ce0b2559d856: Completed APPEND_ENTRIES, lastRequest: 5b10fcef-bcb8-4685-875f-8e79f20d296a->925a8c9e-5dc9-440e-8840-ce0b2559d856#225-t2, previous=(t:2, i:0), leaderCommit=0, initializing? false, entries: <empty>
2019-09-27 09:21:03,361 [grpc-default-executor-4] INFO  server.GrpcServerProtocolService (GrpcServerProtocolService.java:onCompleted(113)) - fcc5478b-f5e9-4e5e-96f6-5f78dfdfa2b6: Completed APPEND_ENTRIES, lastRequest: 5b10fcef-bcb8-4685-875f-8e79f20d296a->fcc5478b-f5e9-4e5e-96f6-5f78dfdfa2b6#225-t2, previous=(t:2, i:0), leaderCommit=0, initializing? false, entries: <empty>
2019-09-27 09:21:03,361 [5b10fcef-bcb8-4685-875f-8e79f20d296a@group-F886798AFECD-SegmentedRaftLogWorker] INFO  segmented.SegmentedRaftLogWorker (SegmentedRaftLogWorker.java:run(313)) - 5b10fcef-bcb8-4685-875f-8e79f20d296a@group-F886798AFECD-SegmentedRaftLogWorker was interrupted, exiting. There are 0 tasks remaining in the queue.
2019-09-27 09:21:03,361 [main] INFO  impl.RaftServerImpl (ServerState.java:close(385)) - f05e65be-6e62-49e0-b8f3-4d237753c08e@group-674DA804F680: closes. applyIndex: 0
2019-09-27 09:21:03,364 [f05e65be-6e62-49e0-b8f3-4d237753c08e@group-674DA804F680-SegmentedRaftLogWorker] INFO  segmented.SegmentedRaftLogWorker (SegmentedRaftLogWorker.java:run(313)) - f05e65be-6e62-49e0-b8f3-4d237753c08e@group-674DA804F680-SegmentedRaftLogWorker was interrupted, exiting. There are 0 tasks remaining in the queue.
2019-09-27 09:21:03,364 [grpc-default-executor-4] INFO  server.GrpcLogAppender (GrpcLogAppender.java:onCompleted(293)) - 5b10fcef-bcb8-4685-875f-8e79f20d296a@group-F886798AFECD->fcc5478b-f5e9-4e5e-96f6-5f78dfdfa2b6-AppendLogResponseHandler: follower responses appendEntries COMPLETED
2019-09-27 09:21:03,364 [grpc-default-executor-1] INFO  server.GrpcLogAppender (GrpcLogAppender.java:onCompleted(293)) - 5b10fcef-bcb8-4685-875f-8e79f20d296a@group-F886798AFECD->925a8c9e-5dc9-440e-8840-ce0b2559d856-AppendLogResponseHandler: follower responses appendEntries COMPLETED
2019-09-27 09:21:03,368 [grpc-default-executor-4] INFO  impl.FollowerInfo (FollowerInfo.java:lambda$new$0(51)) - 5b10fcef-bcb8-4685-875f-8e79f20d296a@group-F886798AFECD->fcc5478b-f5e9-4e5e-96f6-5f78dfdfa2b6: nextIndex: updateUnconditionally 1 -> 0
2019-09-27 09:21:03,368 [grpc-default-executor-1] INFO  impl.FollowerInfo (FollowerInfo.java:lambda$new$0(51)) - 5b10fcef-bcb8-4685-875f-8e79f20d296a@group-F886798AFECD->925a8c9e-5dc9-440e-8840-ce0b2559d856: nextIndex: updateUnconditionally 1 -> 0
2019-09-27 09:21:03,375 [ForkJoinPool.commonPool-worker-0] INFO  segmented.SegmentedRaftLogWorker (SegmentedRaftLogWorker.java:close(228)) - 5b10fcef-bcb8-4685-875f-8e79f20d296a@group-F886798AFECD-SegmentedRaftLogWorker close()
2019-09-27 09:21:03,375 [main] INFO  segmented.SegmentedRaftLogWorker (SegmentedRaftLogWorker.java:close(228)) - f05e65be-6e62-49e0-b8f3-4d237753c08e@group-674DA804F680-SegmentedRaftLogWorker close()
2019-09-27 09:21:03,379 [ForkJoinPool.commonPool-worker-0] INFO  impl.RaftServerImpl (RaftServerImpl.java:lambda$shutdown$3(251)) - 5b10fcef-bcb8-4685-875f-8e79f20d296a@group-AE3265CEAB5E: shutdown
2019-09-27 09:21:03,383 [ForkJoinPool.commonPool-worker-0] INFO  util.JmxRegister (JmxRegister.java:unregister(73)) - Successfully un-registered JMX Bean with object name Ratis:service=RaftServer,group=group-AE3265CEAB5E,id=5b10fcef-bcb8-4685-875f-8e79f20d296a
2019-09-27 09:21:03,383 [ForkJoinPool.commonPool-worker-0] INFO  impl.RoleInfo (RoleInfo.java:shutdownLeaderState(104)) - 5b10fcef-bcb8-4685-875f-8e79f20d296a: shutdown LeaderState
2019-09-27 09:21:03,383 [main] INFO  server.GrpcService (GrpcService.java:closeImpl(164)) - f05e65be-6e62-49e0-b8f3-4d237753c08e: shutdown server with port 42243 now
2019-09-27 09:21:03,384 [ForkJoinPool.commonPool-worker-0] INFO  impl.PendingRequests (PendingRequests.java:sendNotLeaderResponses(202)) - 5b10fcef-bcb8-4685-875f-8e79f20d296a-PendingRequests: sendNotLeaderResponses
2019-09-27 09:21:03,386 [main] INFO  server.GrpcService (GrpcService.java:closeImpl(172)) - f05e65be-6e62-49e0-b8f3-4d237753c08e: shutdown server with port 42243 successfully
2019-09-27 09:21:03,386 [ForkJoinPool.commonPool-worker-0] INFO  impl.StateMachineUpdater (StateMachineUpdater.java:stopAndJoin(125)) - 5b10fcef-bcb8-4685-875f-8e79f20d296a@group-AE3265CEAB5E-StateMachineUpdater: set stopIndex = 0
2019-09-27 09:21:03,386 [ForkJoinPool.commonPool-worker-0] INFO  impl.RaftServerImpl (ServerState.java:close(385)) - 5b10fcef-bcb8-4685-875f-8e79f20d296a@group-AE3265CEAB5E: closes. applyIndex: 0
2019-09-27 09:21:03,387 [5b10fcef-bcb8-4685-875f-8e79f20d296a@group-AE3265CEAB5E-SegmentedRaftLogWorker] INFO  segmented.SegmentedRaftLogWorker (SegmentedRaftLogWorker.java:run(313)) - 5b10fcef-bcb8-4685-875f-8e79f20d296a@group-AE3265CEAB5E-SegmentedRaftLogWorker was interrupted, exiting. There are 0 tasks remaining in the queue.
2019-09-27 09:21:03,389 [ForkJoinPool.commonPool-worker-0] INFO  segmented.SegmentedRaftLogWorker (SegmentedRaftLogWorker.java:close(228)) - 5b10fcef-bcb8-4685-875f-8e79f20d296a@group-AE3265CEAB5E-SegmentedRaftLogWorker close()
2019-09-27 09:21:03,390 [refreshUsed-/workdir/hadoop-ozone/integration-test/target/test-dir/MiniOzoneClusterImpl-d2d06822-f460-4d8d-a87b-a517d879cb3f/datanode-5/data/containers] WARN  fs.CachingGetSpaceUsed (CachingGetSpaceUsed.java:run(183)) - Thread Interrupted waiting to refresh disk information: sleep interrupted
2019-09-27 09:21:03,393 [ForkJoinPool.commonPool-worker-0] INFO  server.GrpcService (GrpcService.java:closeImpl(164)) - 5b10fcef-bcb8-4685-875f-8e79f20d296a: shutdown server with port 45629 now
2019-09-27 09:21:03,394 [ForkJoinPool.commonPool-worker-0] INFO  server.GrpcService (GrpcService.java:closeImpl(172)) - 5b10fcef-bcb8-4685-875f-8e79f20d296a: shutdown server with port 45629 successfully
2019-09-27 09:21:03,398 [refreshUsed-/workdir/hadoop-ozone/integration-test/target/test-dir/MiniOzoneClusterImpl-d2d06822-f460-4d8d-a87b-a517d879cb3f/datanode-2/data/containers] WARN  fs.CachingGetSpaceUsed (CachingGetSpaceUsed.java:run(183)) - Thread Interrupted waiting to refresh disk information: sleep interrupted
2019-09-27 09:21:03,408 [main] INFO  utils.BackgroundService (BackgroundService.java:shutdown(148)) - Shutting down service BlockDeletingService
2019-09-27 09:21:03,413 [main] INFO  statemachine.DatanodeStateMachine (DatanodeStateMachine.java:stopDaemon(395)) - Ozone container server stopped.
2019-09-27 09:21:03,414 [main] INFO  handler.ContextHandler (ContextHandler.java:doStop(910)) - Stopped o.e.j.w.WebAppContext@3d53e6f7{/,null,UNAVAILABLE}{/hddsDatanode}
2019-09-27 09:21:03,415 [main] INFO  server.AbstractConnector (AbstractConnector.java:doStop(318)) - Stopped ServerConnector@1de4bee0{HTTP/1.1,[http/1.1]}{0.0.0.0:0}
2019-09-27 09:21:03,415 [main] INFO  handler.ContextHandler (ContextHandler.java:doStop(910)) - Stopped o.e.j.s.ServletContextHandler@45e617c4{/static,jar:file:/home/user/.m2/repository/org/apache/hadoop/hadoop-hdds-container-service/0.5.0-SNAPSHOT/hadoop-hdds-container-service-0.5.0-SNAPSHOT.jar!/webapps/static,UNAVAILABLE}
2019-09-27 09:21:03,415 [main] INFO  handler.ContextHandler (ContextHandler.java:doStop(910)) - Stopped o.e.j.s.ServletContextHandler@4351ed61{/logs,file:///workdir/hadoop-ozone/integration-test/target/log,UNAVAILABLE}
2019-09-27 09:21:03,421 [ForkJoinPool.commonPool-worker-0] INFO  utils.BackgroundService (BackgroundService.java:shutdown(148)) - Shutting down service BlockDeletingService
2019-09-27 09:21:03,426 [ForkJoinPool.commonPool-worker-0] INFO  statemachine.DatanodeStateMachine (DatanodeStateMachine.java:stopDaemon(395)) - Ozone container server stopped.
2019-09-27 09:21:03,434 [ForkJoinPool.commonPool-worker-0] INFO  handler.ContextHandler (ContextHandler.java:doStop(910)) - Stopped o.e.j.w.WebAppContext@75aea2ba{/,null,UNAVAILABLE}{/hddsDatanode}
2019-09-27 09:21:03,434 [ForkJoinPool.commonPool-worker-0] INFO  server.AbstractConnector (AbstractConnector.java:doStop(318)) - Stopped ServerConnector@2a47597{HTTP/1.1,[http/1.1]}{0.0.0.0:0}
2019-09-27 09:21:03,436 [ForkJoinPool.commonPool-worker-0] INFO  handler.ContextHandler (ContextHandler.java:doStop(910)) - Stopped o.e.j.s.ServletContextHandler@22d7fd41{/static,jar:file:/home/user/.m2/repository/org/apache/hadoop/hadoop-hdds-container-service/0.5.0-SNAPSHOT/hadoop-hdds-container-service-0.5.0-SNAPSHOT.jar!/webapps/static,UNAVAILABLE}
2019-09-27 09:21:03,438 [ForkJoinPool.commonPool-worker-0] INFO  handler.ContextHandler (ContextHandler.java:doStop(910)) - Stopped o.e.j.s.ServletContextHandler@5a7df831{/logs,file:///workdir/hadoop-ozone/integration-test/target/log,UNAVAILABLE}
2019-09-27 09:21:03,708 [Datanode State Machine Thread - 0] INFO  statemachine.DatanodeStateMachine (DatanodeStateMachine.java:lambda$startDaemon$0(350)) - Ozone container server started.
2019-09-27 09:21:04,257 [Datanode State Machine Thread - 0] INFO  statemachine.DatanodeStateMachine (DatanodeStateMachine.java:lambda$startDaemon$0(350)) - Ozone container server started.
2019-09-27 09:21:04,876 [Thread-4314] INFO  impl.FollowerState (FollowerState.java:run(106)) - fcc5478b-f5e9-4e5e-96f6-5f78dfdfa2b6:group-F886798AFECD changes to CANDIDATE, lastRpcTime:1614, electionTimeout:1074ms
2019-09-27 09:21:04,876 [Thread-4314] INFO  impl.RoleInfo (RoleInfo.java:shutdownFollowerState(121)) - fcc5478b-f5e9-4e5e-96f6-5f78dfdfa2b6: shutdown FollowerState
2019-09-27 09:21:04,876 [Thread-4314] INFO  impl.RaftServerImpl (RaftServerImpl.java:setRole(174)) - fcc5478b-f5e9-4e5e-96f6-5f78dfdfa2b6@group-F886798AFECD: changes role from  FOLLOWER to CANDIDATE at term 2 for changeToCandidate
2019-09-27 09:21:04,877 [Thread-4314] INFO  impl.RoleInfo (RoleInfo.java:updateAndGet(143)) - fcc5478b-f5e9-4e5e-96f6-5f78dfdfa2b6: start LeaderElection
2019-09-27 09:21:04,877 [fcc5478b-f5e9-4e5e-96f6-5f78dfdfa2b6@group-F886798AFECD:LeaderElection88] INFO  impl.RaftServerImpl (ServerState.java:setLeader(253)) - fcc5478b-f5e9-4e5e-96f6-5f78dfdfa2b6@group-F886798AFECD: change Leader from 5b10fcef-bcb8-4685-875f-8e79f20d296a to null at term 2 for initElection
2019-09-27 09:21:04,892 [fcc5478b-f5e9-4e5e-96f6-5f78dfdfa2b6@group-F886798AFECD:LeaderElection88] INFO  impl.LeaderElection (LeaderElection.java:askForVotes(182)) - fcc5478b-f5e9-4e5e-96f6-5f78dfdfa2b6@group-F886798AFECD:LeaderElection88: begin an election at term 3 for 0: [5b10fcef-bcb8-4685-875f-8e79f20d296a:192.168.151.103:45629, fcc5478b-f5e9-4e5e-96f6-5f78dfdfa2b6:192.168.151.103:37708, 925a8c9e-5dc9-440e-8840-ce0b2559d856:192.168.151.103:40542], old=null
2019-09-27 09:21:04,895 [grpc-default-executor-6] INFO  impl.RaftServerImpl (ServerState.java:setLeader(253)) - 925a8c9e-5dc9-440e-8840-ce0b2559d856@group-F886798AFECD: change Leader from 5b10fcef-bcb8-4685-875f-8e79f20d296a to null at term 3 for updateCurrentTerm
2019-09-27 09:21:04,895 [grpc-default-executor-6] INFO  impl.RaftServerImpl (RaftServerImpl.java:setRole(174)) - 925a8c9e-5dc9-440e-8840-ce0b2559d856@group-F886798AFECD: changes role from  FOLLOWER to FOLLOWER at term 3 for recognizeCandidate:fcc5478b-f5e9-4e5e-96f6-5f78dfdfa2b6
2019-09-27 09:21:04,895 [grpc-default-executor-6] INFO  impl.RoleInfo (RoleInfo.java:shutdownFollowerState(121)) - 925a8c9e-5dc9-440e-8840-ce0b2559d856: shutdown FollowerState
2019-09-27 09:21:04,895 [grpc-default-executor-6] INFO  impl.RoleInfo (RoleInfo.java:updateAndGet(143)) - 925a8c9e-5dc9-440e-8840-ce0b2559d856: start FollowerState
2019-09-27 09:21:04,895 [Thread-4315] INFO  impl.FollowerState (FollowerState.java:run(115)) - 925a8c9e-5dc9-440e-8840-ce0b2559d856: FollowerState was interrupted: java.lang.InterruptedException: sleep interrupted
2019-09-27 09:21:04,896 [fcc5478b-f5e9-4e5e-96f6-5f78dfdfa2b6@group-F886798AFECD:LeaderElection88] INFO  impl.LeaderElection (LogUtils.java:infoOrTrace(149)) - fcc5478b-f5e9-4e5e-96f6-5f78dfdfa2b6@group-F886798AFECD:LeaderElection88 got exception when requesting votes: {}
java.util.concurrent.ExecutionException: org.apache.ratis.thirdparty.io.grpc.StatusRuntimeException: UNAVAILABLE: io exception
	at java.util.concurrent.FutureTask.report(FutureTask.java:122)
	at java.util.concurrent.FutureTask.get(FutureTask.java:192)
	at org.apache.ratis.server.impl.LeaderElection.waitForResults(LeaderElection.java:263)
	at org.apache.ratis.server.impl.LeaderElection.askForVotes(LeaderElection.java:201)
	at org.apache.ratis.server.impl.LeaderElection.run(LeaderElection.java:133)
	at java.lang.Thread.run(Thread.java:748)
Caused by: org.apache.ratis.thirdparty.io.grpc.StatusRuntimeException: UNAVAILABLE: io exception
	at org.apache.ratis.thirdparty.io.grpc.stub.ClientCalls.toStatusRuntimeException(ClientCalls.java:233)
	at org.apache.ratis.thirdparty.io.grpc.stub.ClientCalls.getUnchecked(ClientCalls.java:214)
	at org.apache.ratis.thirdparty.io.grpc.stub.ClientCalls.blockingUnaryCall(ClientCalls.java:139)
	at org.apache.ratis.proto.grpc.RaftServerProtocolServiceGrpc$RaftServerProtocolServiceBlockingStub.requestVote(RaftServerProtocolServiceGrpc.java:265)
	at org.apache.ratis.grpc.server.GrpcServerProtocolClient.requestVote(GrpcServerProtocolClient.java:90)
	at org.apache.ratis.grpc.server.GrpcService.requestVote(GrpcService.java:204)
	at org.apache.ratis.server.impl.LeaderElection.lambda$submitRequests$1(LeaderElection.java:238)
	at java.util.concurrent.FutureTask.run(FutureTask.java:266)
	at java.util.concurrent.Executors$RunnableAdapter.call(Executors.java:511)
	at java.util.concurrent.FutureTask.run(FutureTask.java:266)
	at java.util.concurrent.ThreadPoolExecutor.runWorker(ThreadPoolExecutor.java:1149)
	at java.util.concurrent.ThreadPoolExecutor$Worker.run(ThreadPoolExecutor.java:624)
	... 1 more
Caused by: org.apache.ratis.thirdparty.io.netty.channel.AbstractChannel$AnnotatedConnectException: Connection refused: /192.168.151.103:45629
	at sun.nio.ch.SocketChannelImpl.checkConnect(Native Method)
	at sun.nio.ch.SocketChannelImpl.finishConnect(SocketChannelImpl.java:717)
	at org.apache.ratis.thirdparty.io.netty.channel.socket.nio.NioSocketChannel.doFinishConnect(NioSocketChannel.java:327)
	at org.apache.ratis.thirdparty.io.netty.channel.nio.AbstractNioChannel$AbstractNioUnsafe.finishConnect(AbstractNioChannel.java:340)
	at org.apache.ratis.thirdparty.io.netty.channel.nio.NioEventLoop.processSelectedKey(NioEventLoop.java:632)
	at org.apache.ratis.thirdparty.io.netty.channel.nio.NioEventLoop.processSelectedKeysOptimized(NioEventLoop.java:579)
	at org.apache.ratis.thirdparty.io.netty.channel.nio.NioEventLoop.processSelectedKeys(NioEventLoop.java:496)
	at org.apache.ratis.thirdparty.io.netty.channel.nio.NioEventLoop.run(NioEventLoop.java:458)
	at org.apache.ratis.thirdparty.io.netty.util.concurrent.SingleThreadEventExecutor$5.run(SingleThreadEventExecutor.java:897)
	at org.apache.ratis.thirdparty.io.netty.util.concurrent.FastThreadLocalRunnable.run(FastThreadLocalRunnable.java:30)
	... 1 more
Caused by: java.net.ConnectException: Connection refused
	... 11 more
2019-09-27 09:21:04,913 [fcc5478b-f5e9-4e5e-96f6-5f78dfdfa2b6@group-F886798AFECD:LeaderElection88] INFO  impl.LeaderElection (LeaderElection.java:logAndReturn(56)) - fcc5478b-f5e9-4e5e-96f6-5f78dfdfa2b6@group-F886798AFECD:LeaderElection88: Election PASSED; received 1 response(s) [fcc5478b-f5e9-4e5e-96f6-5f78dfdfa2b6<-925a8c9e-5dc9-440e-8840-ce0b2559d856#0:OK-t3] and 1 exception(s); fcc5478b-f5e9-4e5e-96f6-5f78dfdfa2b6@group-F886798AFECD:t3, leader=null, voted=fcc5478b-f5e9-4e5e-96f6-5f78dfdfa2b6, raftlog=fcc5478b-f5e9-4e5e-96f6-5f78dfdfa2b6@group-F886798AFECD-SegmentedRaftLog:OPENED:c0,f0,i0, conf=0: [5b10fcef-bcb8-4685-875f-8e79f20d296a:192.168.151.103:45629, fcc5478b-f5e9-4e5e-96f6-5f78dfdfa2b6:192.168.151.103:37708, 925a8c9e-5dc9-440e-8840-ce0b2559d856:192.168.151.103:40542], old=null
2019-09-27 09:21:04,913 [fcc5478b-f5e9-4e5e-96f6-5f78dfdfa2b6@group-F886798AFECD:LeaderElection88] INFO  impl.LeaderElection (LogUtils.java:infoOrTrace(149)) -   Exception 0: {}
java.util.concurrent.ExecutionException: org.apache.ratis.thirdparty.io.grpc.StatusRuntimeException: UNAVAILABLE: io exception
	at java.util.concurrent.FutureTask.report(FutureTask.java:122)
	at java.util.concurrent.FutureTask.get(FutureTask.java:192)
	at org.apache.ratis.server.impl.LeaderElection.waitForResults(LeaderElection.java:263)
	at org.apache.ratis.server.impl.LeaderElection.askForVotes(LeaderElection.java:201)
	at org.apache.ratis.server.impl.LeaderElection.run(LeaderElection.java:133)
	at java.lang.Thread.run(Thread.java:748)
Caused by: org.apache.ratis.thirdparty.io.grpc.StatusRuntimeException: UNAVAILABLE: io exception
	at org.apache.ratis.thirdparty.io.grpc.stub.ClientCalls.toStatusRuntimeException(ClientCalls.java:233)
	at org.apache.ratis.thirdparty.io.grpc.stub.ClientCalls.getUnchecked(ClientCalls.java:214)
	at org.apache.ratis.thirdparty.io.grpc.stub.ClientCalls.blockingUnaryCall(ClientCalls.java:139)
	at org.apache.ratis.proto.grpc.RaftServerProtocolServiceGrpc$RaftServerProtocolServiceBlockingStub.requestVote(RaftServerProtocolServiceGrpc.java:265)
	at org.apache.ratis.grpc.server.GrpcServerProtocolClient.requestVote(GrpcServerProtocolClient.java:90)
	at org.apache.ratis.grpc.server.GrpcService.requestVote(GrpcService.java:204)
	at org.apache.ratis.server.impl.LeaderElection.lambda$submitRequests$1(LeaderElection.java:238)
	at java.util.concurrent.FutureTask.run(FutureTask.java:266)
	at java.util.concurrent.Executors$RunnableAdapter.call(Executors.java:511)
	at java.util.concurrent.FutureTask.run(FutureTask.java:266)
	at java.util.concurrent.ThreadPoolExecutor.runWorker(ThreadPoolExecutor.java:1149)
	at java.util.concurrent.ThreadPoolExecutor$Worker.run(ThreadPoolExecutor.java:624)
	... 1 more
Caused by: org.apache.ratis.thirdparty.io.netty.channel.AbstractChannel$AnnotatedConnectException: Connection refused: /192.168.151.103:45629
	at sun.nio.ch.SocketChannelImpl.checkConnect(Native Method)
	at sun.nio.ch.SocketChannelImpl.finishConnect(SocketChannelImpl.java:717)
	at org.apache.ratis.thirdparty.io.netty.channel.socket.nio.NioSocketChannel.doFinishConnect(NioSocketChannel.java:327)
	at org.apache.ratis.thirdparty.io.netty.channel.nio.AbstractNioChannel$AbstractNioUnsafe.finishConnect(AbstractNioChannel.java:340)
	at org.apache.ratis.thirdparty.io.netty.channel.nio.NioEventLoop.processSelectedKey(NioEventLoop.java:632)
	at org.apache.ratis.thirdparty.io.netty.channel.nio.NioEventLoop.processSelectedKeysOptimized(NioEventLoop.java:579)
	at org.apache.ratis.thirdparty.io.netty.channel.nio.NioEventLoop.processSelectedKeys(NioEventLoop.java:496)
	at org.apache.ratis.thirdparty.io.netty.channel.nio.NioEventLoop.run(NioEventLoop.java:458)
	at org.apache.ratis.thirdparty.io.netty.util.concurrent.SingleThreadEventExecutor$5.run(SingleThreadEventExecutor.java:897)
	at org.apache.ratis.thirdparty.io.netty.util.concurrent.FastThreadLocalRunnable.run(FastThreadLocalRunnable.java:30)
	... 1 more
Caused by: java.net.ConnectException: Connection refused
	... 11 more
2019-09-27 09:21:04,914 [fcc5478b-f5e9-4e5e-96f6-5f78dfdfa2b6@group-F886798AFECD:LeaderElection88] INFO  impl.RoleInfo (RoleInfo.java:shutdownLeaderElection(134)) - fcc5478b-f5e9-4e5e-96f6-5f78dfdfa2b6: shutdown LeaderElection
2019-09-27 09:21:04,914 [fcc5478b-f5e9-4e5e-96f6-5f78dfdfa2b6@group-F886798AFECD:LeaderElection88] INFO  impl.RaftServerImpl (RaftServerImpl.java:setRole(174)) - fcc5478b-f5e9-4e5e-96f6-5f78dfdfa2b6@group-F886798AFECD: changes role from CANDIDATE to LEADER at term 3 for changeToLeader
2019-09-27 09:21:04,914 [fcc5478b-f5e9-4e5e-96f6-5f78dfdfa2b6@group-F886798AFECD:LeaderElection88] INFO  impl.RaftServerImpl (ServerState.java:setLeader(253)) - fcc5478b-f5e9-4e5e-96f6-5f78dfdfa2b6@group-F886798AFECD: change Leader from null to fcc5478b-f5e9-4e5e-96f6-5f78dfdfa2b6 at term 3 for becomeLeader, leader elected after 36ms
2019-09-27 09:21:04,914 [fcc5478b-f5e9-4e5e-96f6-5f78dfdfa2b6@group-F886798AFECD:LeaderElection88] INFO  server.RaftServerConfigKeys (ConfUtils.java:logGet(43)) - raft.server.staging.catchup.gap = 1000 (default)
2019-09-27 09:21:04,915 [fcc5478b-f5e9-4e5e-96f6-5f78dfdfa2b6@group-F886798AFECD:LeaderElection88] INFO  server.RaftServerConfigKeys (ConfUtils.java:logGet(43)) - raft.server.rpc.sleep.time = 25ms (default)
2019-09-27 09:21:04,915 [fcc5478b-f5e9-4e5e-96f6-5f78dfdfa2b6@group-F886798AFECD:LeaderElection88] INFO  server.RaftServerConfigKeys (ConfUtils.java:logGet(43)) - raft.server.write.element-limit = 4096 (default)
2019-09-27 09:21:04,915 [fcc5478b-f5e9-4e5e-96f6-5f78dfdfa2b6@group-F886798AFECD:LeaderElection88] INFO  server.RaftServerConfigKeys (ConfUtils.java:logGet(43)) - raft.server.watch.timeout = 10s (default)
2019-09-27 09:21:04,915 [fcc5478b-f5e9-4e5e-96f6-5f78dfdfa2b6@group-F886798AFECD:LeaderElection88] INFO  server.RaftServerConfigKeys (ConfUtils.java:logGet(43)) - raft.server.watch.timeout.denomination = 1s (default)
2019-09-27 09:21:04,915 [fcc5478b-f5e9-4e5e-96f6-5f78dfdfa2b6@group-F886798AFECD:LeaderElection88] INFO  server.RaftServerConfigKeys (ConfUtils.java:logGet(43)) - raft.server.watch.element-limit = 65536 (default)
2019-09-27 09:21:04,918 [fcc5478b-f5e9-4e5e-96f6-5f78dfdfa2b6@group-F886798AFECD:LeaderElection88] INFO  server.RaftServerConfigKeys (ConfUtils.java:logGet(43)) - raft.server.log.appender.snapshot.chunk.size.max = 16MB (=16777216) (default)
2019-09-27 09:21:04,918 [fcc5478b-f5e9-4e5e-96f6-5f78dfdfa2b6@group-F886798AFECD:LeaderElection88] INFO  server.RaftServerConfigKeys (ConfUtils.java:logGet(43)) - raft.server.log.appender.buffer.byte-limit = 33554432 (custom)
2019-09-27 09:21:04,918 [fcc5478b-f5e9-4e5e-96f6-5f78dfdfa2b6@group-F886798AFECD:LeaderElection88] INFO  server.RaftServerConfigKeys (ConfUtils.java:logGet(43)) - raft.server.log.appender.buffer.element-limit = 1 (custom)
2019-09-27 09:21:04,918 [fcc5478b-f5e9-4e5e-96f6-5f78dfdfa2b6@group-F886798AFECD:LeaderElection88] INFO  grpc.GrpcConfigKeys$Server (ConfUtils.java:logGet(43)) - raft.grpc.server.leader.outstanding.appends.max = 128 (default)
2019-09-27 09:21:04,919 [fcc5478b-f5e9-4e5e-96f6-5f78dfdfa2b6@group-F886798AFECD:LeaderElection88] INFO  server.RaftServerConfigKeys (ConfUtils.java:logGet(43)) - raft.server.rpc.request.timeout = 3000ms (default)
2019-09-27 09:21:04,919 [fcc5478b-f5e9-4e5e-96f6-5f78dfdfa2b6@group-F886798AFECD:LeaderElection88] INFO  server.RaftServerConfigKeys (ConfUtils.java:logGet(43)) - raft.server.log.appender.install.snapshot.enabled = false (custom)
2019-09-27 09:21:04,919 [fcc5478b-f5e9-4e5e-96f6-5f78dfdfa2b6@group-F886798AFECD:LeaderElection88] INFO  server.RaftServerConfigKeys (ConfUtils.java:logGet(43)) - raft.server.log.appender.snapshot.chunk.size.max = 16MB (=16777216) (default)
2019-09-27 09:21:04,919 [fcc5478b-f5e9-4e5e-96f6-5f78dfdfa2b6@group-F886798AFECD:LeaderElection88] INFO  server.RaftServerConfigKeys (ConfUtils.java:logGet(43)) - raft.server.log.appender.buffer.byte-limit = 33554432 (custom)
2019-09-27 09:21:04,919 [fcc5478b-f5e9-4e5e-96f6-5f78dfdfa2b6@group-F886798AFECD:LeaderElection88] INFO  server.RaftServerConfigKeys (ConfUtils.java:logGet(43)) - raft.server.log.appender.buffer.element-limit = 1 (custom)
2019-09-27 09:21:04,919 [fcc5478b-f5e9-4e5e-96f6-5f78dfdfa2b6@group-F886798AFECD:LeaderElection88] INFO  grpc.GrpcConfigKeys$Server (ConfUtils.java:logGet(43)) - raft.grpc.server.leader.outstanding.appends.max = 128 (default)
2019-09-27 09:21:04,920 [fcc5478b-f5e9-4e5e-96f6-5f78dfdfa2b6@group-F886798AFECD:LeaderElection88] INFO  server.RaftServerConfigKeys (ConfUtils.java:logGet(43)) - raft.server.rpc.request.timeout = 3000ms (default)
2019-09-27 09:21:04,920 [fcc5478b-f5e9-4e5e-96f6-5f78dfdfa2b6@group-F886798AFECD:LeaderElection88] INFO  server.RaftServerConfigKeys (ConfUtils.java:logGet(43)) - raft.server.log.appender.install.snapshot.enabled = false (custom)
2019-09-27 09:21:04,920 [fcc5478b-f5e9-4e5e-96f6-5f78dfdfa2b6@group-F886798AFECD:LeaderElection88] INFO  impl.RoleInfo (RoleInfo.java:updateAndGet(143)) - fcc5478b-f5e9-4e5e-96f6-5f78dfdfa2b6: start LeaderState
2019-09-27 09:21:04,921 [fcc5478b-f5e9-4e5e-96f6-5f78dfdfa2b6@group-F886798AFECD:LeaderElection88] INFO  segmented.SegmentedRaftLogWorker (SegmentedRaftLogWorker.java:rollLogSegment(385)) - fcc5478b-f5e9-4e5e-96f6-5f78dfdfa2b6@group-F886798AFECD-SegmentedRaftLogWorker: Rolling segment log-0_0 to index:0
2019-09-27 09:21:04,922 [fcc5478b-f5e9-4e5e-96f6-5f78dfdfa2b6@group-F886798AFECD-SegmentedRaftLogWorker] INFO  segmented.SegmentedRaftLogWorker (SegmentedRaftLogWorker.java:execute(526)) - fcc5478b-f5e9-4e5e-96f6-5f78dfdfa2b6@group-F886798AFECD-SegmentedRaftLogWorker: Rolled log segment from /workdir/hadoop-ozone/integration-test/target/test-dir/MiniOzoneClusterImpl-d2d06822-f460-4d8d-a87b-a517d879cb3f/datanode-3/data/ratis/ce0abe58-bb14-4a7d-9dcf-f886798afecd/current/log_inprogress_0 to /workdir/hadoop-ozone/integration-test/target/test-dir/MiniOzoneClusterImpl-d2d06822-f460-4d8d-a87b-a517d879cb3f/datanode-3/data/ratis/ce0abe58-bb14-4a7d-9dcf-f886798afecd/current/log_0-0
2019-09-27 09:21:04,922 [fcc5478b-f5e9-4e5e-96f6-5f78dfdfa2b6@group-F886798AFECD:LeaderElection88] INFO  impl.RaftServerImpl (ServerState.java:setRaftConf(354)) - fcc5478b-f5e9-4e5e-96f6-5f78dfdfa2b6@group-F886798AFECD: set configuration 1: [5b10fcef-bcb8-4685-875f-8e79f20d296a:192.168.151.103:45629, fcc5478b-f5e9-4e5e-96f6-5f78dfdfa2b6:192.168.151.103:37708, 925a8c9e-5dc9-440e-8840-ce0b2559d856:192.168.151.103:40542], old=null at 1
2019-09-27 09:21:04,922 [grpc-default-executor-6] WARN  server.GrpcLogAppender (LogUtils.java:warn(134)) - fcc5478b-f5e9-4e5e-96f6-5f78dfdfa2b6@group-F886798AFECD->5b10fcef-bcb8-4685-875f-8e79f20d296a-AppendLogResponseHandler: Failed appendEntries: org.apache.ratis.thirdparty.io.grpc.StatusRuntimeException: UNAVAILABLE: io exception
2019-09-27 09:21:04,923 [grpc-default-executor-4] INFO  impl.RaftServerImpl (ServerState.java:setLeader(253)) - 925a8c9e-5dc9-440e-8840-ce0b2559d856@group-F886798AFECD: change Leader from null to fcc5478b-f5e9-4e5e-96f6-5f78dfdfa2b6 at term 3 for appendEntries, leader elected after 28ms
2019-09-27 09:21:04,923 [grpc-default-executor-6] INFO  impl.FollowerInfo (FollowerInfo.java:lambda$new$0(51)) - fcc5478b-f5e9-4e5e-96f6-5f78dfdfa2b6@group-F886798AFECD->5b10fcef-bcb8-4685-875f-8e79f20d296a: nextIndex: updateUnconditionally 1 -> 0
2019-09-27 09:21:04,925 [grpc-default-executor-4] INFO  impl.RaftServerImpl (ServerState.java:setRaftConf(354)) - 925a8c9e-5dc9-440e-8840-ce0b2559d856@group-F886798AFECD: set configuration 1: [5b10fcef-bcb8-4685-875f-8e79f20d296a:192.168.151.103:45629, fcc5478b-f5e9-4e5e-96f6-5f78dfdfa2b6:192.168.151.103:37708, 925a8c9e-5dc9-440e-8840-ce0b2559d856:192.168.151.103:40542], old=null at 1
2019-09-27 09:21:04,926 [grpc-default-executor-4] INFO  segmented.SegmentedRaftLogWorker (SegmentedRaftLogWorker.java:rollLogSegment(385)) - 925a8c9e-5dc9-440e-8840-ce0b2559d856@group-F886798AFECD-SegmentedRaftLogWorker: Rolling segment log-0_0 to index:0
2019-09-27 09:21:04,926 [925a8c9e-5dc9-440e-8840-ce0b2559d856@group-F886798AFECD-SegmentedRaftLogWorker] INFO  segmented.SegmentedRaftLogWorker (SegmentedRaftLogWorker.java:execute(526)) - 925a8c9e-5dc9-440e-8840-ce0b2559d856@group-F886798AFECD-SegmentedRaftLogWorker: Rolled log segment from /workdir/hadoop-ozone/integration-test/target/test-dir/MiniOzoneClusterImpl-d2d06822-f460-4d8d-a87b-a517d879cb3f/datanode-6/data/ratis/ce0abe58-bb14-4a7d-9dcf-f886798afecd/current/log_inprogress_0 to /workdir/hadoop-ozone/integration-test/target/test-dir/MiniOzoneClusterImpl-d2d06822-f460-4d8d-a87b-a517d879cb3f/datanode-6/data/ratis/ce0abe58-bb14-4a7d-9dcf-f886798afecd/current/log_0-0
2019-09-27 09:21:04,957 [925a8c9e-5dc9-440e-8840-ce0b2559d856@group-F886798AFECD-SegmentedRaftLogWorker] INFO  segmented.SegmentedRaftLogWorker (SegmentedRaftLogWorker.java:execute(569)) - 925a8c9e-5dc9-440e-8840-ce0b2559d856@group-F886798AFECD-SegmentedRaftLogWorker: created new log segment /workdir/hadoop-ozone/integration-test/target/test-dir/MiniOzoneClusterImpl-d2d06822-f460-4d8d-a87b-a517d879cb3f/datanode-6/data/ratis/ce0abe58-bb14-4a7d-9dcf-f886798afecd/current/log_inprogress_1
2019-09-27 09:21:04,957 [fcc5478b-f5e9-4e5e-96f6-5f78dfdfa2b6@group-F886798AFECD-SegmentedRaftLogWorker] INFO  segmented.SegmentedRaftLogWorker (SegmentedRaftLogWorker.java:execute(569)) - fcc5478b-f5e9-4e5e-96f6-5f78dfdfa2b6@group-F886798AFECD-SegmentedRaftLogWorker: created new log segment /workdir/hadoop-ozone/integration-test/target/test-dir/MiniOzoneClusterImpl-d2d06822-f460-4d8d-a87b-a517d879cb3f/datanode-3/data/ratis/ce0abe58-bb14-4a7d-9dcf-f886798afecd/current/log_inprogress_1
2019-09-27 09:21:04,972 [grpc-default-executor-4] WARN  server.GrpcLogAppender (LogUtils.java:warn(134)) - fcc5478b-f5e9-4e5e-96f6-5f78dfdfa2b6@group-F886798AFECD->5b10fcef-bcb8-4685-875f-8e79f20d296a-AppendLogResponseHandler: Failed appendEntries: org.apache.ratis.thirdparty.io.grpc.StatusRuntimeException: UNAVAILABLE: io exception
2019-09-27 09:21:04,972 [grpc-default-executor-4] INFO  impl.FollowerInfo (FollowerInfo.java:lambda$new$0(51)) - fcc5478b-f5e9-4e5e-96f6-5f78dfdfa2b6@group-F886798AFECD->5b10fcef-bcb8-4685-875f-8e79f20d296a: nextIndex: updateUnconditionally 1 -> 0
2019-09-27 09:21:04,985 [grpc-default-executor-4] WARN  server.GrpcLogAppender (LogUtils.java:warn(134)) - fcc5478b-f5e9-4e5e-96f6-5f78dfdfa2b6@group-F886798AFECD->5b10fcef-bcb8-4685-875f-8e79f20d296a-AppendLogResponseHandler: Failed appendEntries: org.apache.ratis.thirdparty.io.grpc.StatusRuntimeException: UNAVAILABLE: io exception
2019-09-27 09:21:04,985 [grpc-default-executor-4] INFO  impl.FollowerInfo (FollowerInfo.java:lambda$new$0(51)) - fcc5478b-f5e9-4e5e-96f6-5f78dfdfa2b6@group-F886798AFECD->5b10fcef-bcb8-4685-875f-8e79f20d296a: nextIndex: updateUnconditionally 1 -> 0
2019-09-27 09:21:05,489 [grpc-default-executor-0] WARN  server.GrpcLogAppender (LogUtils.java:warn(134)) - fcc5478b-f5e9-4e5e-96f6-5f78dfdfa2b6@group-F886798AFECD->5b10fcef-bcb8-4685-875f-8e79f20d296a-AppendLogResponseHandler: Failed appendEntries: org.apache.ratis.thirdparty.io.grpc.StatusRuntimeException: UNAVAILABLE: io exception
2019-09-27 09:21:05,490 [grpc-default-executor-0] INFO  impl.FollowerInfo (FollowerInfo.java:lambda$new$0(51)) - fcc5478b-f5e9-4e5e-96f6-5f78dfdfa2b6@group-F886798AFECD->5b10fcef-bcb8-4685-875f-8e79f20d296a: nextIndex: updateUnconditionally 0 -> 0
2019-09-27 09:21:05,986 [grpc-default-executor-6] WARN  server.GrpcLogAppender (LogUtils.java:warn(134)) - fcc5478b-f5e9-4e5e-96f6-5f78dfdfa2b6@group-F886798AFECD->5b10fcef-bcb8-4685-875f-8e79f20d296a-AppendLogResponseHandler: Failed appendEntries: org.apache.ratis.thirdparty.io.grpc.StatusRuntimeException: UNAVAILABLE: io exception
2019-09-27 09:21:05,987 [grpc-default-executor-6] INFO  impl.FollowerInfo (FollowerInfo.java:lambda$new$0(51)) - fcc5478b-f5e9-4e5e-96f6-5f78dfdfa2b6@group-F886798AFECD->5b10fcef-bcb8-4685-875f-8e79f20d296a: nextIndex: updateUnconditionally 0 -> 0
2019-09-27 09:21:06,487 [grpc-default-executor-6] WARN  server.GrpcLogAppender (LogUtils.java:warn(134)) - fcc5478b-f5e9-4e5e-96f6-5f78dfdfa2b6@group-F886798AFECD->5b10fcef-bcb8-4685-875f-8e79f20d296a-AppendLogResponseHandler: Failed appendEntries: org.apache.ratis.thirdparty.io.grpc.StatusRuntimeException: UNAVAILABLE: io exception
2019-09-27 09:21:06,488 [grpc-default-executor-6] INFO  impl.FollowerInfo (FollowerInfo.java:lambda$new$0(51)) - fcc5478b-f5e9-4e5e-96f6-5f78dfdfa2b6@group-F886798AFECD->5b10fcef-bcb8-4685-875f-8e79f20d296a: nextIndex: updateUnconditionally 0 -> 0
2019-09-27 09:21:06,988 [grpc-default-executor-6] WARN  server.GrpcLogAppender (LogUtils.java:warn(134)) - fcc5478b-f5e9-4e5e-96f6-5f78dfdfa2b6@group-F886798AFECD->5b10fcef-bcb8-4685-875f-8e79f20d296a-AppendLogResponseHandler: Failed appendEntries: org.apache.ratis.thirdparty.io.grpc.StatusRuntimeException: UNAVAILABLE: io exception
2019-09-27 09:21:06,989 [grpc-default-executor-6] INFO  impl.FollowerInfo (FollowerInfo.java:lambda$new$0(51)) - fcc5478b-f5e9-4e5e-96f6-5f78dfdfa2b6@group-F886798AFECD->5b10fcef-bcb8-4685-875f-8e79f20d296a: nextIndex: updateUnconditionally 0 -> 0
2019-09-27 09:21:07,489 [grpc-default-executor-1] WARN  server.GrpcLogAppender (LogUtils.java:warn(134)) - fcc5478b-f5e9-4e5e-96f6-5f78dfdfa2b6@group-F886798AFECD->5b10fcef-bcb8-4685-875f-8e79f20d296a-AppendLogResponseHandler: Failed appendEntries: org.apache.ratis.thirdparty.io.grpc.StatusRuntimeException: UNAVAILABLE: io exception
2019-09-27 09:21:07,489 [grpc-default-executor-1] INFO  impl.FollowerInfo (FollowerInfo.java:lambda$new$0(51)) - fcc5478b-f5e9-4e5e-96f6-5f78dfdfa2b6@group-F886798AFECD->5b10fcef-bcb8-4685-875f-8e79f20d296a: nextIndex: updateUnconditionally 0 -> 0
2019-09-27 09:21:07,989 [grpc-default-executor-0] WARN  server.GrpcLogAppender (LogUtils.java:warn(134)) - fcc5478b-f5e9-4e5e-96f6-5f78dfdfa2b6@group-F886798AFECD->5b10fcef-bcb8-4685-875f-8e79f20d296a-AppendLogResponseHandler: Failed appendEntries: org.apache.ratis.thirdparty.io.grpc.StatusRuntimeException: UNAVAILABLE: io exception
2019-09-27 09:21:07,990 [grpc-default-executor-0] INFO  impl.FollowerInfo (FollowerInfo.java:lambda$new$0(51)) - fcc5478b-f5e9-4e5e-96f6-5f78dfdfa2b6@group-F886798AFECD->5b10fcef-bcb8-4685-875f-8e79f20d296a: nextIndex: updateUnconditionally 0 -> 0
2019-09-27 09:21:08,417 [main] INFO  ozoneimpl.OzoneContainer (OzoneContainer.java:stop(231)) - Attempting to stop container services.
2019-09-27 09:21:08,417 [main] INFO  impl.RaftServerProxy (RaftServerProxy.java:lambda$close$4(314)) - 925a8c9e-5dc9-440e-8840-ce0b2559d856: close
2019-09-27 09:21:08,418 [main] INFO  impl.RaftServerImpl (RaftServerImpl.java:lambda$shutdown$3(251)) - 925a8c9e-5dc9-440e-8840-ce0b2559d856@group-F886798AFECD: shutdown
2019-09-27 09:21:08,418 [main] INFO  util.JmxRegister (JmxRegister.java:unregister(73)) - Successfully un-registered JMX Bean with object name Ratis:service=RaftServer,group=group-F886798AFECD,id=925a8c9e-5dc9-440e-8840-ce0b2559d856
2019-09-27 09:21:08,418 [main] INFO  impl.RoleInfo (RoleInfo.java:shutdownFollowerState(121)) - 925a8c9e-5dc9-440e-8840-ce0b2559d856: shutdown FollowerState
2019-09-27 09:21:08,419 [main] INFO  impl.StateMachineUpdater (StateMachineUpdater.java:stopAndJoin(125)) - 925a8c9e-5dc9-440e-8840-ce0b2559d856@group-F886798AFECD-StateMachineUpdater: set stopIndex = 2
2019-09-27 09:21:08,419 [Thread-5726] INFO  impl.FollowerState (FollowerState.java:run(115)) - 925a8c9e-5dc9-440e-8840-ce0b2559d856: FollowerState was interrupted: java.lang.InterruptedException: sleep interrupted
2019-09-27 09:21:08,419 [main] INFO  impl.RaftServerImpl (ServerState.java:close(385)) - 925a8c9e-5dc9-440e-8840-ce0b2559d856@group-F886798AFECD: closes. applyIndex: 2
2019-09-27 09:21:08,420 [925a8c9e-5dc9-440e-8840-ce0b2559d856@group-F886798AFECD-SegmentedRaftLogWorker] INFO  segmented.SegmentedRaftLogWorker (SegmentedRaftLogWorker.java:run(313)) - 925a8c9e-5dc9-440e-8840-ce0b2559d856@group-F886798AFECD-SegmentedRaftLogWorker was interrupted, exiting. There are 0 tasks remaining in the queue.
2019-09-27 09:21:08,424 [main] INFO  segmented.SegmentedRaftLogWorker (SegmentedRaftLogWorker.java:close(228)) - 925a8c9e-5dc9-440e-8840-ce0b2559d856@group-F886798AFECD-SegmentedRaftLogWorker close()
2019-09-27 09:21:08,429 [main] INFO  impl.RaftServerImpl (RaftServerImpl.java:lambda$shutdown$3(251)) - 925a8c9e-5dc9-440e-8840-ce0b2559d856@group-8BBC9CA4D212: shutdown
2019-09-27 09:21:08,429 [main] INFO  util.JmxRegister (JmxRegister.java:unregister(73)) - Successfully un-registered JMX Bean with object name Ratis:service=RaftServer,group=group-8BBC9CA4D212,id=925a8c9e-5dc9-440e-8840-ce0b2559d856
2019-09-27 09:21:08,429 [main] INFO  impl.RoleInfo (RoleInfo.java:shutdownLeaderState(104)) - 925a8c9e-5dc9-440e-8840-ce0b2559d856: shutdown LeaderState
2019-09-27 09:21:08,430 [main] INFO  impl.PendingRequests (PendingRequests.java:sendNotLeaderResponses(202)) - 925a8c9e-5dc9-440e-8840-ce0b2559d856-PendingRequests: sendNotLeaderResponses
2019-09-27 09:21:08,430 [main] INFO  impl.StateMachineUpdater (StateMachineUpdater.java:stopAndJoin(125)) - 925a8c9e-5dc9-440e-8840-ce0b2559d856@group-8BBC9CA4D212-StateMachineUpdater: set stopIndex = 0
2019-09-27 09:21:08,431 [main] INFO  impl.RaftServerImpl (ServerState.java:close(385)) - 925a8c9e-5dc9-440e-8840-ce0b2559d856@group-8BBC9CA4D212: closes. applyIndex: 0
2019-09-27 09:21:08,431 [925a8c9e-5dc9-440e-8840-ce0b2559d856@group-8BBC9CA4D212-SegmentedRaftLogWorker] INFO  segmented.SegmentedRaftLogWorker (SegmentedRaftLogWorker.java:run(313)) - 925a8c9e-5dc9-440e-8840-ce0b2559d856@group-8BBC9CA4D212-SegmentedRaftLogWorker was interrupted, exiting. There are 0 tasks remaining in the queue.
2019-09-27 09:21:08,434 [main] INFO  segmented.SegmentedRaftLogWorker (SegmentedRaftLogWorker.java:close(228)) - 925a8c9e-5dc9-440e-8840-ce0b2559d856@group-8BBC9CA4D212-SegmentedRaftLogWorker close()
2019-09-27 09:21:08,439 [main] INFO  server.GrpcService (GrpcService.java:closeImpl(164)) - 925a8c9e-5dc9-440e-8840-ce0b2559d856: shutdown server with port 40542 now
2019-09-27 09:21:08,439 [ForkJoinPool.commonPool-worker-0] INFO  ozoneimpl.OzoneContainer (OzoneContainer.java:stop(231)) - Attempting to stop container services.
2019-09-27 09:21:08,440 [ForkJoinPool.commonPool-worker-0] INFO  impl.RaftServerProxy (RaftServerProxy.java:lambda$close$4(314)) - fcc5478b-f5e9-4e5e-96f6-5f78dfdfa2b6: close
2019-09-27 09:21:08,440 [grpc-default-executor-0] WARN  server.GrpcServerProtocolService (LogUtils.java:warn(134)) - 925a8c9e-5dc9-440e-8840-ce0b2559d856: installSnapshot onError, lastRequest: fcc5478b-f5e9-4e5e-96f6-5f78dfdfa2b6->925a8c9e-5dc9-440e-8840-ce0b2559d856#8-t3, previous=(t:3, i:2), leaderCommit=2, initializing? false, entries: <empty>: org.apache.ratis.thirdparty.io.grpc.StatusRuntimeException: CANCELLED: cancelled before receiving half close
2019-09-27 09:21:08,440 [ForkJoinPool.commonPool-worker-0] INFO  impl.RaftServerImpl (RaftServerImpl.java:lambda$shutdown$3(251)) - fcc5478b-f5e9-4e5e-96f6-5f78dfdfa2b6@group-F886798AFECD: shutdown
2019-09-27 09:21:08,440 [main] INFO  server.GrpcService (GrpcService.java:closeImpl(172)) - 925a8c9e-5dc9-440e-8840-ce0b2559d856: shutdown server with port 40542 successfully
2019-09-27 09:21:08,441 [ForkJoinPool.commonPool-worker-0] INFO  util.JmxRegister (JmxRegister.java:unregister(73)) - Successfully un-registered JMX Bean with object name Ratis:service=RaftServer,group=group-F886798AFECD,id=fcc5478b-f5e9-4e5e-96f6-5f78dfdfa2b6
2019-09-27 09:21:08,440 [grpc-default-executor-6] WARN  server.GrpcLogAppender (LogUtils.java:warn(134)) - fcc5478b-f5e9-4e5e-96f6-5f78dfdfa2b6@group-F886798AFECD->925a8c9e-5dc9-440e-8840-ce0b2559d856-AppendLogResponseHandler: Failed appendEntries: org.apache.ratis.thirdparty.io.grpc.StatusRuntimeException: CANCELLED: HTTP/2 error code: CANCEL
Received Rst Stream
2019-09-27 09:21:08,442 [ForkJoinPool.commonPool-worker-0] INFO  impl.RoleInfo (RoleInfo.java:shutdownLeaderState(104)) - fcc5478b-f5e9-4e5e-96f6-5f78dfdfa2b6: shutdown LeaderState
2019-09-27 09:21:08,442 [grpc-default-executor-6] INFO  impl.FollowerInfo (FollowerInfo.java:lambda$new$0(51)) - fcc5478b-f5e9-4e5e-96f6-5f78dfdfa2b6@group-F886798AFECD->925a8c9e-5dc9-440e-8840-ce0b2559d856: nextIndex: updateUnconditionally 3 -> 2
2019-09-27 09:21:08,448 [org.apache.ratis.server.impl.LogAppender$AppenderDaemon$$Lambda$400/247186050@20ee0ad7] WARN  server.GrpcLogAppender (GrpcLogAppender.java:mayWait(143)) - fcc5478b-f5e9-4e5e-96f6-5f78dfdfa2b6@group-F886798AFECD->5b10fcef-bcb8-4685-875f-8e79f20d296a-GrpcLogAppender: Wait interrupted by java.lang.InterruptedException
2019-09-27 09:21:08,447 [ForkJoinPool.commonPool-worker-0] INFO  impl.PendingRequests (PendingRequests.java:sendNotLeaderResponses(202)) - fcc5478b-f5e9-4e5e-96f6-5f78dfdfa2b6-PendingRequests: sendNotLeaderResponses
2019-09-27 09:21:08,448 [org.apache.ratis.server.impl.LogAppender$AppenderDaemon$$Lambda$400/247186050@4e5dce1d] WARN  server.GrpcLogAppender (GrpcLogAppender.java:mayWait(143)) - fcc5478b-f5e9-4e5e-96f6-5f78dfdfa2b6@group-F886798AFECD->925a8c9e-5dc9-440e-8840-ce0b2559d856-GrpcLogAppender: Wait interrupted by java.lang.InterruptedException
2019-09-27 09:21:08,448 [refreshUsed-/workdir/hadoop-ozone/integration-test/target/test-dir/MiniOzoneClusterImpl-d2d06822-f460-4d8d-a87b-a517d879cb3f/datanode-6/data/containers] WARN  fs.CachingGetSpaceUsed (CachingGetSpaceUsed.java:run(183)) - Thread Interrupted waiting to refresh disk information: sleep interrupted
2019-09-27 09:21:08,451 [ForkJoinPool.commonPool-worker-0] INFO  impl.StateMachineUpdater (StateMachineUpdater.java:stopAndJoin(125)) - fcc5478b-f5e9-4e5e-96f6-5f78dfdfa2b6@group-F886798AFECD-StateMachineUpdater: set stopIndex = 2
2019-09-27 09:21:08,451 [ForkJoinPool.commonPool-worker-0] INFO  impl.RaftServerImpl (ServerState.java:close(385)) - fcc5478b-f5e9-4e5e-96f6-5f78dfdfa2b6@group-F886798AFECD: closes. applyIndex: 2
2019-09-27 09:21:08,452 [fcc5478b-f5e9-4e5e-96f6-5f78dfdfa2b6@group-F886798AFECD-SegmentedRaftLogWorker] INFO  segmented.SegmentedRaftLogWorker (SegmentedRaftLogWorker.java:run(313)) - fcc5478b-f5e9-4e5e-96f6-5f78dfdfa2b6@group-F886798AFECD-SegmentedRaftLogWorker was interrupted, exiting. There are 0 tasks remaining in the queue.
2019-09-27 09:21:08,455 [ForkJoinPool.commonPool-worker-0] INFO  segmented.SegmentedRaftLogWorker (SegmentedRaftLogWorker.java:close(228)) - fcc5478b-f5e9-4e5e-96f6-5f78dfdfa2b6@group-F886798AFECD-SegmentedRaftLogWorker close()
2019-09-27 09:21:08,460 [ForkJoinPool.commonPool-worker-0] INFO  impl.RaftServerImpl (RaftServerImpl.java:lambda$shutdown$3(251)) - fcc5478b-f5e9-4e5e-96f6-5f78dfdfa2b6@group-C43AC0D690EC: shutdown
2019-09-27 09:21:08,460 [ForkJoinPool.commonPool-worker-0] INFO  util.JmxRegister (JmxRegister.java:unregister(73)) - Successfully un-registered JMX Bean with object name Ratis:service=RaftServer,group=group-C43AC0D690EC,id=fcc5478b-f5e9-4e5e-96f6-5f78dfdfa2b6
2019-09-27 09:21:08,460 [ForkJoinPool.commonPool-worker-0] INFO  impl.RoleInfo (RoleInfo.java:shutdownLeaderState(104)) - fcc5478b-f5e9-4e5e-96f6-5f78dfdfa2b6: shutdown LeaderState
2019-09-27 09:21:08,461 [ForkJoinPool.commonPool-worker-0] INFO  impl.PendingRequests (PendingRequests.java:sendNotLeaderResponses(202)) - fcc5478b-f5e9-4e5e-96f6-5f78dfdfa2b6-PendingRequests: sendNotLeaderResponses
2019-09-27 09:21:08,462 [ForkJoinPool.commonPool-worker-0] INFO  impl.StateMachineUpdater (StateMachineUpdater.java:stopAndJoin(125)) - fcc5478b-f5e9-4e5e-96f6-5f78dfdfa2b6@group-C43AC0D690EC-StateMachineUpdater: set stopIndex = 0
2019-09-27 09:21:08,463 [ForkJoinPool.commonPool-worker-0] INFO  impl.RaftServerImpl (ServerState.java:close(385)) - fcc5478b-f5e9-4e5e-96f6-5f78dfdfa2b6@group-C43AC0D690EC: closes. applyIndex: 0
2019-09-27 09:21:08,463 [fcc5478b-f5e9-4e5e-96f6-5f78dfdfa2b6@group-C43AC0D690EC-SegmentedRaftLogWorker] INFO  segmented.SegmentedRaftLogWorker (SegmentedRaftLogWorker.java:run(313)) - fcc5478b-f5e9-4e5e-96f6-5f78dfdfa2b6@group-C43AC0D690EC-SegmentedRaftLogWorker was interrupted, exiting. There are 0 tasks remaining in the queue.
2019-09-27 09:21:08,465 [ForkJoinPool.commonPool-worker-0] INFO  segmented.SegmentedRaftLogWorker (SegmentedRaftLogWorker.java:close(228)) - fcc5478b-f5e9-4e5e-96f6-5f78dfdfa2b6@group-C43AC0D690EC-SegmentedRaftLogWorker close()
2019-09-27 09:21:08,470 [ForkJoinPool.commonPool-worker-0] INFO  server.GrpcService (GrpcService.java:closeImpl(164)) - fcc5478b-f5e9-4e5e-96f6-5f78dfdfa2b6: shutdown server with port 37708 now
2019-09-27 09:21:08,470 [ForkJoinPool.commonPool-worker-0] INFO  server.GrpcService (GrpcService.java:closeImpl(172)) - fcc5478b-f5e9-4e5e-96f6-5f78dfdfa2b6: shutdown server with port 37708 successfully
2019-09-27 09:21:08,472 [refreshUsed-/workdir/hadoop-ozone/integration-test/target/test-dir/MiniOzoneClusterImpl-d2d06822-f460-4d8d-a87b-a517d879cb3f/datanode-3/data/containers] WARN  fs.CachingGetSpaceUsed (CachingGetSpaceUsed.java:run(183)) - Thread Interrupted waiting to refresh disk information: sleep interrupted
2019-09-27 09:21:08,480 [main] INFO  utils.BackgroundService (BackgroundService.java:shutdown(148)) - Shutting down service BlockDeletingService
2019-09-27 09:21:08,487 [main] INFO  statemachine.DatanodeStateMachine (DatanodeStateMachine.java:stopDaemon(395)) - Ozone container server stopped.
2019-09-27 09:21:08,488 [main] INFO  handler.ContextHandler (ContextHandler.java:doStop(910)) - Stopped o.e.j.w.WebAppContext@7f0b93b4{/,null,UNAVAILABLE}{/hddsDatanode}
2019-09-27 09:21:08,489 [main] INFO  server.AbstractConnector (AbstractConnector.java:doStop(318)) - Stopped ServerConnector@1376883{HTTP/1.1,[http/1.1]}{0.0.0.0:0}
2019-09-27 09:21:08,489 [main] INFO  handler.ContextHandler (ContextHandler.java:doStop(910)) - Stopped o.e.j.s.ServletContextHandler@125d47c4{/static,jar:file:/home/user/.m2/repository/org/apache/hadoop/hadoop-hdds-container-service/0.5.0-SNAPSHOT/hadoop-hdds-container-service-0.5.0-SNAPSHOT.jar!/webapps/static,UNAVAILABLE}
2019-09-27 09:21:08,490 [main] INFO  handler.ContextHandler (ContextHandler.java:doStop(910)) - Stopped o.e.j.s.ServletContextHandler@2d5a1588{/logs,file:///workdir/hadoop-ozone/integration-test/target/log,UNAVAILABLE}
2019-09-27 09:21:08,491 [ForkJoinPool.commonPool-worker-0] INFO  utils.BackgroundService (BackgroundService.java:shutdown(148)) - Shutting down service BlockDeletingService
2019-09-27 09:21:08,498 [ForkJoinPool.commonPool-worker-0] INFO  statemachine.DatanodeStateMachine (DatanodeStateMachine.java:stopDaemon(395)) - Ozone container server stopped.
2019-09-27 09:21:08,504 [ForkJoinPool.commonPool-worker-0] INFO  handler.ContextHandler (ContextHandler.java:doStop(910)) - Stopped o.e.j.w.WebAppContext@b5c6a30{/,null,UNAVAILABLE}{/hddsDatanode}
2019-09-27 09:21:08,505 [ForkJoinPool.commonPool-worker-0] INFO  server.AbstractConnector (AbstractConnector.java:doStop(318)) - Stopped ServerConnector@3bfae028{HTTP/1.1,[http/1.1]}{0.0.0.0:0}
2019-09-27 09:21:08,507 [ForkJoinPool.commonPool-worker-0] INFO  handler.ContextHandler (ContextHandler.java:doStop(910)) - Stopped o.e.j.s.ServletContextHandler@7a682d35{/static,jar:file:/home/user/.m2/repository/org/apache/hadoop/hadoop-hdds-container-service/0.5.0-SNAPSHOT/hadoop-hdds-container-service-0.5.0-SNAPSHOT.jar!/webapps/static,UNAVAILABLE}
2019-09-27 09:21:08,509 [ForkJoinPool.commonPool-worker-0] INFO  handler.ContextHandler (ContextHandler.java:doStop(910)) - Stopped o.e.j.s.ServletContextHandler@3a4aadf8{/logs,file:///workdir/hadoop-ozone/integration-test/target/log,UNAVAILABLE}
2019-09-27 09:21:08,779 [Datanode State Machine Thread - 0] INFO  statemachine.DatanodeStateMachine (DatanodeStateMachine.java:lambda$startDaemon$0(350)) - Ozone container server started.
2019-09-27 09:21:09,251 [Datanode State Machine Thread - 0] INFO  statemachine.DatanodeStateMachine (DatanodeStateMachine.java:lambda$startDaemon$0(350)) - Ozone container server started.
2019-09-27 09:21:13,492 [main] INFO  ozoneimpl.OzoneContainer (OzoneContainer.java:stop(231)) - Attempting to stop container services.
2019-09-27 09:21:13,493 [main] INFO  impl.RaftServerProxy (RaftServerProxy.java:lambda$close$4(314)) - 2ae76358-1a8d-4fd5-a4fd-20ea98138735: close
2019-09-27 09:21:13,493 [main] INFO  impl.RaftServerImpl (RaftServerImpl.java:lambda$shutdown$3(251)) - 2ae76358-1a8d-4fd5-a4fd-20ea98138735@group-7ED8B9CF6619: shutdown
2019-09-27 09:21:13,493 [main] INFO  util.JmxRegister (JmxRegister.java:unregister(73)) - Successfully un-registered JMX Bean with object name Ratis:service=RaftServer,group=group-7ED8B9CF6619,id=2ae76358-1a8d-4fd5-a4fd-20ea98138735
2019-09-27 09:21:13,494 [main] INFO  impl.RoleInfo (RoleInfo.java:shutdownFollowerState(121)) - 2ae76358-1a8d-4fd5-a4fd-20ea98138735: shutdown FollowerState
2019-09-27 09:21:13,494 [Thread-4344] INFO  impl.FollowerState (FollowerState.java:run(115)) - 2ae76358-1a8d-4fd5-a4fd-20ea98138735: FollowerState was interrupted: java.lang.InterruptedException: sleep interrupted
2019-09-27 09:21:13,495 [main] INFO  impl.StateMachineUpdater (StateMachineUpdater.java:stopAndJoin(125)) - 2ae76358-1a8d-4fd5-a4fd-20ea98138735@group-7ED8B9CF6619-StateMachineUpdater: set stopIndex = 2
2019-09-27 09:21:13,495 [main] INFO  impl.RaftServerImpl (ServerState.java:close(385)) - 2ae76358-1a8d-4fd5-a4fd-20ea98138735@group-7ED8B9CF6619: closes. applyIndex: 2
2019-09-27 09:21:13,496 [2ae76358-1a8d-4fd5-a4fd-20ea98138735@group-7ED8B9CF6619-SegmentedRaftLogWorker] INFO  segmented.SegmentedRaftLogWorker (SegmentedRaftLogWorker.java:run(313)) - 2ae76358-1a8d-4fd5-a4fd-20ea98138735@group-7ED8B9CF6619-SegmentedRaftLogWorker was interrupted, exiting. There are 0 tasks remaining in the queue.
2019-09-27 09:21:13,498 [main] INFO  segmented.SegmentedRaftLogWorker (SegmentedRaftLogWorker.java:close(228)) - 2ae76358-1a8d-4fd5-a4fd-20ea98138735@group-7ED8B9CF6619-SegmentedRaftLogWorker close()
2019-09-27 09:21:13,502 [main] INFO  impl.RaftServerImpl (RaftServerImpl.java:lambda$shutdown$3(251)) - 2ae76358-1a8d-4fd5-a4fd-20ea98138735@group-0E9050A622E0: shutdown
2019-09-27 09:21:13,503 [main] INFO  util.JmxRegister (JmxRegister.java:unregister(73)) - Successfully un-registered JMX Bean with object name Ratis:service=RaftServer,group=group-0E9050A622E0,id=2ae76358-1a8d-4fd5-a4fd-20ea98138735
2019-09-27 09:21:13,503 [main] INFO  impl.RoleInfo (RoleInfo.java:shutdownLeaderState(104)) - 2ae76358-1a8d-4fd5-a4fd-20ea98138735: shutdown LeaderState
2019-09-27 09:21:13,503 [main] INFO  impl.PendingRequests (PendingRequests.java:sendNotLeaderResponses(202)) - 2ae76358-1a8d-4fd5-a4fd-20ea98138735-PendingRequests: sendNotLeaderResponses
2019-09-27 09:21:13,503 [main] INFO  impl.StateMachineUpdater (StateMachineUpdater.java:stopAndJoin(125)) - 2ae76358-1a8d-4fd5-a4fd-20ea98138735@group-0E9050A622E0-StateMachineUpdater: set stopIndex = 0
2019-09-27 09:21:13,504 [main] INFO  impl.RaftServerImpl (ServerState.java:close(385)) - 2ae76358-1a8d-4fd5-a4fd-20ea98138735@group-0E9050A622E0: closes. applyIndex: 0
2019-09-27 09:21:13,504 [2ae76358-1a8d-4fd5-a4fd-20ea98138735@group-0E9050A622E0-SegmentedRaftLogWorker] INFO  segmented.SegmentedRaftLogWorker (SegmentedRaftLogWorker.java:run(313)) - 2ae76358-1a8d-4fd5-a4fd-20ea98138735@group-0E9050A622E0-SegmentedRaftLogWorker was interrupted, exiting. There are 0 tasks remaining in the queue.
2019-09-27 09:21:13,507 [main] INFO  segmented.SegmentedRaftLogWorker (SegmentedRaftLogWorker.java:close(228)) - 2ae76358-1a8d-4fd5-a4fd-20ea98138735@group-0E9050A622E0-SegmentedRaftLogWorker close()
2019-09-27 09:21:13,511 [main] INFO  server.GrpcService (GrpcService.java:closeImpl(164)) - 2ae76358-1a8d-4fd5-a4fd-20ea98138735: shutdown server with port 41875 now
2019-09-27 09:21:13,511 [ForkJoinPool.commonPool-worker-0] INFO  ozoneimpl.OzoneContainer (OzoneContainer.java:stop(231)) - Attempting to stop container services.
2019-09-27 09:21:13,512 [ForkJoinPool.commonPool-worker-0] INFO  impl.RaftServerProxy (RaftServerProxy.java:lambda$close$4(314)) - 2c6b07a0-dd20-4844-842b-efa553872a87: close
2019-09-27 09:21:13,512 [main] INFO  server.GrpcService (GrpcService.java:closeImpl(172)) - 2ae76358-1a8d-4fd5-a4fd-20ea98138735: shutdown server with port 41875 successfully
2019-09-27 09:21:13,512 [ForkJoinPool.commonPool-worker-0] INFO  impl.RaftServerImpl (RaftServerImpl.java:lambda$shutdown$3(251)) - 2c6b07a0-dd20-4844-842b-efa553872a87@group-94F00DCD213A: shutdown
2019-09-27 09:21:13,512 [grpc-default-executor-1] WARN  server.GrpcServerProtocolService (LogUtils.java:warn(134)) - 2ae76358-1a8d-4fd5-a4fd-20ea98138735: installSnapshot onError, lastRequest: 58a870c2-09d8-4538-b684-89d5a4d1d620->2ae76358-1a8d-4fd5-a4fd-20ea98138735#245-t4, previous=(t:4, i:2), leaderCommit=2, initializing? false, entries: <empty>: org.apache.ratis.thirdparty.io.grpc.StatusRuntimeException: CANCELLED: cancelled before receiving half close
2019-09-27 09:21:13,512 [grpc-default-executor-6] WARN  server.GrpcLogAppender (LogUtils.java:warn(134)) - 58a870c2-09d8-4538-b684-89d5a4d1d620@group-7ED8B9CF6619->2ae76358-1a8d-4fd5-a4fd-20ea98138735-AppendLogResponseHandler: Failed appendEntries: org.apache.ratis.thirdparty.io.grpc.StatusRuntimeException: CANCELLED: HTTP/2 error code: CANCEL
Received Rst Stream
2019-09-27 09:21:13,512 [ForkJoinPool.commonPool-worker-0] INFO  util.JmxRegister (JmxRegister.java:unregister(73)) - Successfully un-registered JMX Bean with object name Ratis:service=RaftServer,group=group-94F00DCD213A,id=2c6b07a0-dd20-4844-842b-efa553872a87
2019-09-27 09:21:13,513 [grpc-default-executor-6] INFO  impl.FollowerInfo (FollowerInfo.java:lambda$new$0(51)) - 58a870c2-09d8-4538-b684-89d5a4d1d620@group-7ED8B9CF6619->2ae76358-1a8d-4fd5-a4fd-20ea98138735: nextIndex: updateUnconditionally 3 -> 2
2019-09-27 09:21:13,513 [ForkJoinPool.commonPool-worker-0] INFO  impl.RoleInfo (RoleInfo.java:shutdownLeaderState(104)) - 2c6b07a0-dd20-4844-842b-efa553872a87: shutdown LeaderState
2019-09-27 09:21:13,514 [refreshUsed-/workdir/hadoop-ozone/integration-test/target/test-dir/MiniOzoneClusterImpl-d2d06822-f460-4d8d-a87b-a517d879cb3f/datanode-8/data/containers] WARN  fs.CachingGetSpaceUsed (CachingGetSpaceUsed.java:run(183)) - Thread Interrupted waiting to refresh disk information: sleep interrupted
2019-09-27 09:21:13,515 [ForkJoinPool.commonPool-worker-0] INFO  impl.PendingRequests (PendingRequests.java:sendNotLeaderResponses(202)) - 2c6b07a0-dd20-4844-842b-efa553872a87-PendingRequests: sendNotLeaderResponses
2019-09-27 09:21:13,516 [ForkJoinPool.commonPool-worker-0] INFO  impl.StateMachineUpdater (StateMachineUpdater.java:stopAndJoin(125)) - 2c6b07a0-dd20-4844-842b-efa553872a87@group-94F00DCD213A-StateMachineUpdater: set stopIndex = 0
2019-09-27 09:21:13,517 [ForkJoinPool.commonPool-worker-0] INFO  impl.RaftServerImpl (ServerState.java:close(385)) - 2c6b07a0-dd20-4844-842b-efa553872a87@group-94F00DCD213A: closes. applyIndex: 0
2019-09-27 09:21:13,517 [2c6b07a0-dd20-4844-842b-efa553872a87@group-94F00DCD213A-SegmentedRaftLogWorker] INFO  segmented.SegmentedRaftLogWorker (SegmentedRaftLogWorker.java:run(313)) - 2c6b07a0-dd20-4844-842b-efa553872a87@group-94F00DCD213A-SegmentedRaftLogWorker was interrupted, exiting. There are 0 tasks remaining in the queue.
2019-09-27 09:21:13,519 [ForkJoinPool.commonPool-worker-0] INFO  segmented.SegmentedRaftLogWorker (SegmentedRaftLogWorker.java:close(228)) - 2c6b07a0-dd20-4844-842b-efa553872a87@group-94F00DCD213A-SegmentedRaftLogWorker close()
2019-09-27 09:21:13,530 [ForkJoinPool.commonPool-worker-0] INFO  impl.RaftServerImpl (RaftServerImpl.java:lambda$shutdown$3(251)) - 2c6b07a0-dd20-4844-842b-efa553872a87@group-A7C4CCBA1937: shutdown
2019-09-27 09:21:13,530 [ForkJoinPool.commonPool-worker-0] INFO  util.JmxRegister (JmxRegister.java:unregister(73)) - Successfully un-registered JMX Bean with object name Ratis:service=RaftServer,group=group-A7C4CCBA1937,id=2c6b07a0-dd20-4844-842b-efa553872a87
2019-09-27 09:21:13,530 [ForkJoinPool.commonPool-worker-0] INFO  impl.RoleInfo (RoleInfo.java:shutdownFollowerState(121)) - 2c6b07a0-dd20-4844-842b-efa553872a87: shutdown FollowerState
2019-09-27 09:21:13,530 [ForkJoinPool.commonPool-worker-0] INFO  impl.StateMachineUpdater (StateMachineUpdater.java:stopAndJoin(125)) - 2c6b07a0-dd20-4844-842b-efa553872a87@group-A7C4CCBA1937-StateMachineUpdater: set stopIndex = 0
2019-09-27 09:21:13,531 [Thread-4300] INFO  impl.FollowerState (FollowerState.java:run(115)) - 2c6b07a0-dd20-4844-842b-efa553872a87: FollowerState was interrupted: java.lang.InterruptedException: sleep interrupted
2019-09-27 09:21:13,531 [ForkJoinPool.commonPool-worker-0] INFO  impl.RaftServerImpl (ServerState.java:close(385)) - 2c6b07a0-dd20-4844-842b-efa553872a87@group-A7C4CCBA1937: closes. applyIndex: 0
2019-09-27 09:21:13,531 [2c6b07a0-dd20-4844-842b-efa553872a87@group-A7C4CCBA1937-SegmentedRaftLogWorker] INFO  segmented.SegmentedRaftLogWorker (SegmentedRaftLogWorker.java:run(313)) - 2c6b07a0-dd20-4844-842b-efa553872a87@group-A7C4CCBA1937-SegmentedRaftLogWorker was interrupted, exiting. There are 0 tasks remaining in the queue.
2019-09-27 09:21:13,531 [ForkJoinPool.commonPool-worker-0] INFO  segmented.SegmentedRaftLogWorker (SegmentedRaftLogWorker.java:close(228)) - 2c6b07a0-dd20-4844-842b-efa553872a87@group-A7C4CCBA1937-SegmentedRaftLogWorker close()
2019-09-27 09:21:13,534 [ForkJoinPool.commonPool-worker-0] INFO  server.GrpcService (GrpcService.java:closeImpl(164)) - 2c6b07a0-dd20-4844-842b-efa553872a87: shutdown server with port 35871 now
2019-09-27 09:21:13,535 [ForkJoinPool.commonPool-worker-0] INFO  server.GrpcService (GrpcService.java:closeImpl(172)) - 2c6b07a0-dd20-4844-842b-efa553872a87: shutdown server with port 35871 successfully
2019-09-27 09:21:13,536 [grpc-default-executor-0] WARN  server.GrpcLogAppender (LogUtils.java:warn(134)) - 82c6079f-0caa-41c9-82d7-90e7306895b1@group-A7C4CCBA1937->2c6b07a0-dd20-4844-842b-efa553872a87-AppendLogResponseHandler: Failed appendEntries: org.apache.ratis.thirdparty.io.grpc.StatusRuntimeException: CANCELLED: HTTP/2 error code: CANCEL
Received Rst Stream
2019-09-27 09:21:13,536 [grpc-default-executor-0] INFO  impl.FollowerInfo (FollowerInfo.java:lambda$new$0(51)) - 82c6079f-0caa-41c9-82d7-90e7306895b1@group-A7C4CCBA1937->2c6b07a0-dd20-4844-842b-efa553872a87: nextIndex: updateUnconditionally 1 -> 0
2019-09-27 09:21:13,536 [grpc-default-executor-1] WARN  server.GrpcServerProtocolService (LogUtils.java:warn(134)) - 2c6b07a0-dd20-4844-842b-efa553872a87: installSnapshot onError, lastRequest: 82c6079f-0caa-41c9-82d7-90e7306895b1->2c6b07a0-dd20-4844-842b-efa553872a87#246-t2, previous=(t:2, i:0), leaderCommit=0, initializing? false, entries: <empty>: org.apache.ratis.thirdparty.io.grpc.StatusRuntimeException: CANCELLED: cancelled before receiving half close
2019-09-27 09:21:13,540 [refreshUsed-/workdir/hadoop-ozone/integration-test/target/test-dir/MiniOzoneClusterImpl-d2d06822-f460-4d8d-a87b-a517d879cb3f/datanode-4/data/containers] WARN  fs.CachingGetSpaceUsed (CachingGetSpaceUsed.java:run(183)) - Thread Interrupted waiting to refresh disk information: sleep interrupted
2019-09-27 09:21:13,548 [main] INFO  utils.BackgroundService (BackgroundService.java:shutdown(148)) - Shutting down service BlockDeletingService
2019-09-27 09:21:13,555 [ForkJoinPool.commonPool-worker-0] INFO  utils.BackgroundService (BackgroundService.java:shutdown(148)) - Shutting down service BlockDeletingService
2019-09-27 09:21:13,557 [main] INFO  statemachine.DatanodeStateMachine (DatanodeStateMachine.java:stopDaemon(395)) - Ozone container server stopped.
2019-09-27 09:21:13,558 [main] INFO  handler.ContextHandler (ContextHandler.java:doStop(910)) - Stopped o.e.j.w.WebAppContext@35dece42{/,null,UNAVAILABLE}{/hddsDatanode}
2019-09-27 09:21:13,561 [main] INFO  server.AbstractConnector (AbstractConnector.java:doStop(318)) - Stopped ServerConnector@dd3f8aa{HTTP/1.1,[http/1.1]}{0.0.0.0:0}
2019-09-27 09:21:13,562 [main] INFO  handler.ContextHandler (ContextHandler.java:doStop(910)) - Stopped o.e.j.s.ServletContextHandler@62aeddc8{/static,jar:file:/home/user/.m2/repository/org/apache/hadoop/hadoop-hdds-container-service/0.5.0-SNAPSHOT/hadoop-hdds-container-service-0.5.0-SNAPSHOT.jar!/webapps/static,UNAVAILABLE}
2019-09-27 09:21:13,563 [ForkJoinPool.commonPool-worker-0] INFO  statemachine.DatanodeStateMachine (DatanodeStateMachine.java:stopDaemon(395)) - Ozone container server stopped.
2019-09-27 09:21:13,563 [main] INFO  handler.ContextHandler (ContextHandler.java:doStop(910)) - Stopped o.e.j.s.ServletContextHandler@100ad67e{/logs,file:///workdir/hadoop-ozone/integration-test/target/log,UNAVAILABLE}
2019-09-27 09:21:13,568 [ForkJoinPool.commonPool-worker-0] INFO  handler.ContextHandler (ContextHandler.java:doStop(910)) - Stopped o.e.j.w.WebAppContext@750ed637{/,null,UNAVAILABLE}{/hddsDatanode}
2019-09-27 09:21:13,569 [ForkJoinPool.commonPool-worker-0] INFO  server.AbstractConnector (AbstractConnector.java:doStop(318)) - Stopped ServerConnector@5190010f{HTTP/1.1,[http/1.1]}{0.0.0.0:0}
2019-09-27 09:21:13,571 [ForkJoinPool.commonPool-worker-0] INFO  handler.ContextHandler (ContextHandler.java:doStop(910)) - Stopped o.e.j.s.ServletContextHandler@45843650{/static,jar:file:/home/user/.m2/repository/org/apache/hadoop/hadoop-hdds-container-service/0.5.0-SNAPSHOT/hadoop-hdds-container-service-0.5.0-SNAPSHOT.jar!/webapps/static,UNAVAILABLE}
2019-09-27 09:21:13,572 [ForkJoinPool.commonPool-worker-0] INFO  handler.ContextHandler (ContextHandler.java:doStop(910)) - Stopped o.e.j.s.ServletContextHandler@7e87ef9e{/logs,file:///workdir/hadoop-ozone/integration-test/target/log,UNAVAILABLE}
2019-09-27 09:21:13,794 [grpc-default-executor-0] WARN  server.GrpcLogAppender (LogUtils.java:warn(134)) - 58a870c2-09d8-4538-b684-89d5a4d1d620@group-7ED8B9CF6619->2ae76358-1a8d-4fd5-a4fd-20ea98138735-AppendLogResponseHandler: Failed appendEntries: org.apache.ratis.thirdparty.io.grpc.StatusRuntimeException: UNAVAILABLE: io exception
2019-09-27 09:21:13,795 [grpc-default-executor-0] INFO  impl.FollowerInfo (FollowerInfo.java:lambda$new$0(51)) - 58a870c2-09d8-4538-b684-89d5a4d1d620@group-7ED8B9CF6619->2ae76358-1a8d-4fd5-a4fd-20ea98138735: nextIndex: updateUnconditionally 2 -> 1
2019-09-27 09:21:13,795 [grpc-default-executor-4] WARN  server.GrpcLogAppender (LogUtils.java:warn(134)) - 82c6079f-0caa-41c9-82d7-90e7306895b1@group-A7C4CCBA1937->2c6b07a0-dd20-4844-842b-efa553872a87-AppendLogResponseHandler: Failed appendEntries: org.apache.ratis.thirdparty.io.grpc.StatusRuntimeException: UNAVAILABLE: io exception
2019-09-27 09:21:13,795 [grpc-default-executor-4] INFO  impl.FollowerInfo (FollowerInfo.java:lambda$new$0(51)) - 82c6079f-0caa-41c9-82d7-90e7306895b1@group-A7C4CCBA1937->2c6b07a0-dd20-4844-842b-efa553872a87: nextIndex: updateUnconditionally 0 -> 0
2019-09-27 09:21:14,252 [Datanode State Machine Thread - 0] INFO  statemachine.DatanodeStateMachine (DatanodeStateMachine.java:lambda$startDaemon$0(350)) - Ozone container server started.
2019-09-27 09:21:14,294 [grpc-default-executor-5] WARN  server.GrpcLogAppender (LogUtils.java:warn(134)) - 58a870c2-09d8-4538-b684-89d5a4d1d620@group-7ED8B9CF6619->2ae76358-1a8d-4fd5-a4fd-20ea98138735-AppendLogResponseHandler: Failed appendEntries: org.apache.ratis.thirdparty.io.grpc.StatusRuntimeException: UNAVAILABLE: io exception
2019-09-27 09:21:14,294 [grpc-default-executor-5] INFO  impl.FollowerInfo (FollowerInfo.java:lambda$new$0(51)) - 58a870c2-09d8-4538-b684-89d5a4d1d620@group-7ED8B9CF6619->2ae76358-1a8d-4fd5-a4fd-20ea98138735: nextIndex: updateUnconditionally 1 -> 0
2019-09-27 09:21:14,295 [grpc-default-executor-4] WARN  server.GrpcLogAppender (LogUtils.java:warn(134)) - 82c6079f-0caa-41c9-82d7-90e7306895b1@group-A7C4CCBA1937->2c6b07a0-dd20-4844-842b-efa553872a87-AppendLogResponseHandler: Failed appendEntries: org.apache.ratis.thirdparty.io.grpc.StatusRuntimeException: UNAVAILABLE: io exception
2019-09-27 09:21:14,295 [grpc-default-executor-4] INFO  impl.FollowerInfo (FollowerInfo.java:lambda$new$0(51)) - 82c6079f-0caa-41c9-82d7-90e7306895b1@group-A7C4CCBA1937->2c6b07a0-dd20-4844-842b-efa553872a87: nextIndex: updateUnconditionally 0 -> 0
2019-09-27 09:21:14,527 [Datanode State Machine Thread - 0] INFO  statemachine.DatanodeStateMachine (DatanodeStateMachine.java:lambda$startDaemon$0(350)) - Ozone container server started.
2019-09-27 09:21:14,794 [grpc-default-executor-1] WARN  server.GrpcLogAppender (LogUtils.java:warn(134)) - 58a870c2-09d8-4538-b684-89d5a4d1d620@group-7ED8B9CF6619->2ae76358-1a8d-4fd5-a4fd-20ea98138735-AppendLogResponseHandler: Failed appendEntries: org.apache.ratis.thirdparty.io.grpc.StatusRuntimeException: UNAVAILABLE: io exception
2019-09-27 09:21:14,794 [grpc-default-executor-0] WARN  server.GrpcLogAppender (LogUtils.java:warn(134)) - 82c6079f-0caa-41c9-82d7-90e7306895b1@group-A7C4CCBA1937->2c6b07a0-dd20-4844-842b-efa553872a87-AppendLogResponseHandler: Failed appendEntries: org.apache.ratis.thirdparty.io.grpc.StatusRuntimeException: UNAVAILABLE: io exception
2019-09-27 09:21:14,794 [grpc-default-executor-1] INFO  impl.FollowerInfo (FollowerInfo.java:lambda$new$0(51)) - 58a870c2-09d8-4538-b684-89d5a4d1d620@group-7ED8B9CF6619->2ae76358-1a8d-4fd5-a4fd-20ea98138735: nextIndex: updateUnconditionally 0 -> 0
2019-09-27 09:21:14,795 [grpc-default-executor-0] INFO  impl.FollowerInfo (FollowerInfo.java:lambda$new$0(51)) - 82c6079f-0caa-41c9-82d7-90e7306895b1@group-A7C4CCBA1937->2c6b07a0-dd20-4844-842b-efa553872a87: nextIndex: updateUnconditionally 0 -> 0
2019-09-27 09:21:15,295 [grpc-default-executor-4] WARN  server.GrpcLogAppender (LogUtils.java:warn(134)) - 58a870c2-09d8-4538-b684-89d5a4d1d620@group-7ED8B9CF6619->2ae76358-1a8d-4fd5-a4fd-20ea98138735-AppendLogResponseHandler: Failed appendEntries: org.apache.ratis.thirdparty.io.grpc.StatusRuntimeException: UNAVAILABLE: io exception
2019-09-27 09:21:15,295 [grpc-default-executor-7] WARN  server.GrpcLogAppender (LogUtils.java:warn(134)) - 82c6079f-0caa-41c9-82d7-90e7306895b1@group-A7C4CCBA1937->2c6b07a0-dd20-4844-842b-efa553872a87-AppendLogResponseHandler: Failed appendEntries: org.apache.ratis.thirdparty.io.grpc.StatusRuntimeException: UNAVAILABLE: io exception
2019-09-27 09:21:15,295 [grpc-default-executor-4] INFO  impl.FollowerInfo (FollowerInfo.java:lambda$new$0(51)) - 58a870c2-09d8-4538-b684-89d5a4d1d620@group-7ED8B9CF6619->2ae76358-1a8d-4fd5-a4fd-20ea98138735: nextIndex: updateUnconditionally 0 -> 0
2019-09-27 09:21:15,295 [grpc-default-executor-7] INFO  impl.FollowerInfo (FollowerInfo.java:lambda$new$0(51)) - 82c6079f-0caa-41c9-82d7-90e7306895b1@group-A7C4CCBA1937->2c6b07a0-dd20-4844-842b-efa553872a87: nextIndex: updateUnconditionally 0 -> 0
2019-09-27 09:21:15,796 [grpc-default-executor-1] WARN  server.GrpcLogAppender (LogUtils.java:warn(134)) - 58a870c2-09d8-4538-b684-89d5a4d1d620@group-7ED8B9CF6619->2ae76358-1a8d-4fd5-a4fd-20ea98138735-AppendLogResponseHandler: Failed appendEntries: org.apache.ratis.thirdparty.io.grpc.StatusRuntimeException: UNAVAILABLE: io exception
2019-09-27 09:21:15,796 [grpc-default-executor-6] WARN  server.GrpcLogAppender (LogUtils.java:warn(134)) - 82c6079f-0caa-41c9-82d7-90e7306895b1@group-A7C4CCBA1937->2c6b07a0-dd20-4844-842b-efa553872a87-AppendLogResponseHandler: Failed appendEntries: org.apache.ratis.thirdparty.io.grpc.StatusRuntimeException: UNAVAILABLE: io exception
2019-09-27 09:21:15,796 [grpc-default-executor-1] INFO  impl.FollowerInfo (FollowerInfo.java:lambda$new$0(51)) - 58a870c2-09d8-4538-b684-89d5a4d1d620@group-7ED8B9CF6619->2ae76358-1a8d-4fd5-a4fd-20ea98138735: nextIndex: updateUnconditionally 0 -> 0
2019-09-27 09:21:15,796 [grpc-default-executor-6] INFO  impl.FollowerInfo (FollowerInfo.java:lambda$new$0(51)) - 82c6079f-0caa-41c9-82d7-90e7306895b1@group-A7C4CCBA1937->2c6b07a0-dd20-4844-842b-efa553872a87: nextIndex: updateUnconditionally 0 -> 0
2019-09-27 09:21:16,296 [grpc-default-executor-0] WARN  server.GrpcLogAppender (LogUtils.java:warn(134)) - 58a870c2-09d8-4538-b684-89d5a4d1d620@group-7ED8B9CF6619->2ae76358-1a8d-4fd5-a4fd-20ea98138735-AppendLogResponseHandler: Failed appendEntries: org.apache.ratis.thirdparty.io.grpc.StatusRuntimeException: UNAVAILABLE: io exception
2019-09-27 09:21:16,296 [grpc-default-executor-5] WARN  server.GrpcLogAppender (LogUtils.java:warn(134)) - 82c6079f-0caa-41c9-82d7-90e7306895b1@group-A7C4CCBA1937->2c6b07a0-dd20-4844-842b-efa553872a87-AppendLogResponseHandler: Failed appendEntries: org.apache.ratis.thirdparty.io.grpc.StatusRuntimeException: UNAVAILABLE: io exception
2019-09-27 09:21:16,296 [grpc-default-executor-0] INFO  impl.FollowerInfo (FollowerInfo.java:lambda$new$0(51)) - 58a870c2-09d8-4538-b684-89d5a4d1d620@group-7ED8B9CF6619->2ae76358-1a8d-4fd5-a4fd-20ea98138735: nextIndex: updateUnconditionally 0 -> 0
2019-09-27 09:21:16,297 [grpc-default-executor-5] INFO  impl.FollowerInfo (FollowerInfo.java:lambda$new$0(51)) - 82c6079f-0caa-41c9-82d7-90e7306895b1@group-A7C4CCBA1937->2c6b07a0-dd20-4844-842b-efa553872a87: nextIndex: updateUnconditionally 0 -> 0
2019-09-27 09:21:16,797 [grpc-default-executor-5] WARN  server.GrpcLogAppender (LogUtils.java:warn(134)) - 82c6079f-0caa-41c9-82d7-90e7306895b1@group-A7C4CCBA1937->2c6b07a0-dd20-4844-842b-efa553872a87-AppendLogResponseHandler: Failed appendEntries: org.apache.ratis.thirdparty.io.grpc.StatusRuntimeException: UNAVAILABLE: io exception
2019-09-27 09:21:16,797 [grpc-default-executor-5] INFO  impl.FollowerInfo (FollowerInfo.java:lambda$new$0(51)) - 82c6079f-0caa-41c9-82d7-90e7306895b1@group-A7C4CCBA1937->2c6b07a0-dd20-4844-842b-efa553872a87: nextIndex: updateUnconditionally 0 -> 0
2019-09-27 09:21:16,802 [grpc-default-executor-5] WARN  server.GrpcLogAppender (LogUtils.java:warn(134)) - 58a870c2-09d8-4538-b684-89d5a4d1d620@group-7ED8B9CF6619->2ae76358-1a8d-4fd5-a4fd-20ea98138735-AppendLogResponseHandler: Failed appendEntries: org.apache.ratis.thirdparty.io.grpc.StatusRuntimeException: UNAVAILABLE: io exception
2019-09-27 09:21:16,803 [grpc-default-executor-5] INFO  impl.FollowerInfo (FollowerInfo.java:lambda$new$0(51)) - 58a870c2-09d8-4538-b684-89d5a4d1d620@group-7ED8B9CF6619->2ae76358-1a8d-4fd5-a4fd-20ea98138735: nextIndex: updateUnconditionally 0 -> 0
2019-09-27 09:21:17,297 [grpc-default-executor-6] WARN  server.GrpcLogAppender (LogUtils.java:warn(134)) - 58a870c2-09d8-4538-b684-89d5a4d1d620@group-7ED8B9CF6619->2ae76358-1a8d-4fd5-a4fd-20ea98138735-AppendLogResponseHandler: Failed appendEntries: org.apache.ratis.thirdparty.io.grpc.StatusRuntimeException: UNAVAILABLE: io exception
2019-09-27 09:21:17,297 [grpc-default-executor-5] WARN  server.GrpcLogAppender (LogUtils.java:warn(134)) - 82c6079f-0caa-41c9-82d7-90e7306895b1@group-A7C4CCBA1937->2c6b07a0-dd20-4844-842b-efa553872a87-AppendLogResponseHandler: Failed appendEntries: org.apache.ratis.thirdparty.io.grpc.StatusRuntimeException: UNAVAILABLE: io exception
2019-09-27 09:21:17,298 [grpc-default-executor-6] INFO  impl.FollowerInfo (FollowerInfo.java:lambda$new$0(51)) - 58a870c2-09d8-4538-b684-89d5a4d1d620@group-7ED8B9CF6619->2ae76358-1a8d-4fd5-a4fd-20ea98138735: nextIndex: updateUnconditionally 0 -> 0
2019-09-27 09:21:17,298 [grpc-default-executor-5] INFO  impl.FollowerInfo (FollowerInfo.java:lambda$new$0(51)) - 82c6079f-0caa-41c9-82d7-90e7306895b1@group-A7C4CCBA1937->2c6b07a0-dd20-4844-842b-efa553872a87: nextIndex: updateUnconditionally 0 -> 0
2019-09-27 09:21:17,799 [grpc-default-executor-5] WARN  server.GrpcLogAppender (LogUtils.java:warn(134)) - 82c6079f-0caa-41c9-82d7-90e7306895b1@group-A7C4CCBA1937->2c6b07a0-dd20-4844-842b-efa553872a87-AppendLogResponseHandler: Failed appendEntries: org.apache.ratis.thirdparty.io.grpc.StatusRuntimeException: UNAVAILABLE: io exception
2019-09-27 09:21:17,800 [grpc-default-executor-5] INFO  impl.FollowerInfo (FollowerInfo.java:lambda$new$0(51)) - 82c6079f-0caa-41c9-82d7-90e7306895b1@group-A7C4CCBA1937->2c6b07a0-dd20-4844-842b-efa553872a87: nextIndex: updateUnconditionally 0 -> 0
2019-09-27 09:21:17,800 [grpc-default-executor-1] WARN  server.GrpcLogAppender (LogUtils.java:warn(134)) - 58a870c2-09d8-4538-b684-89d5a4d1d620@group-7ED8B9CF6619->2ae76358-1a8d-4fd5-a4fd-20ea98138735-AppendLogResponseHandler: Failed appendEntries: org.apache.ratis.thirdparty.io.grpc.StatusRuntimeException: UNAVAILABLE: io exception
2019-09-27 09:21:17,800 [grpc-default-executor-1] INFO  impl.FollowerInfo (FollowerInfo.java:lambda$new$0(51)) - 58a870c2-09d8-4538-b684-89d5a4d1d620@group-7ED8B9CF6619->2ae76358-1a8d-4fd5-a4fd-20ea98138735: nextIndex: updateUnconditionally 0 -> 0
2019-09-27 09:21:18,299 [grpc-default-executor-6] WARN  server.GrpcLogAppender (LogUtils.java:warn(134)) - 58a870c2-09d8-4538-b684-89d5a4d1d620@group-7ED8B9CF6619->2ae76358-1a8d-4fd5-a4fd-20ea98138735-AppendLogResponseHandler: Failed appendEntries: org.apache.ratis.thirdparty.io.grpc.StatusRuntimeException: UNAVAILABLE: io exception
2019-09-27 09:21:18,299 [grpc-default-executor-7] WARN  server.GrpcLogAppender (LogUtils.java:warn(134)) - 82c6079f-0caa-41c9-82d7-90e7306895b1@group-A7C4CCBA1937->2c6b07a0-dd20-4844-842b-efa553872a87-AppendLogResponseHandler: Failed appendEntries: org.apache.ratis.thirdparty.io.grpc.StatusRuntimeException: UNAVAILABLE: io exception
2019-09-27 09:21:18,300 [grpc-default-executor-6] INFO  impl.FollowerInfo (FollowerInfo.java:lambda$new$0(51)) - 58a870c2-09d8-4538-b684-89d5a4d1d620@group-7ED8B9CF6619->2ae76358-1a8d-4fd5-a4fd-20ea98138735: nextIndex: updateUnconditionally 0 -> 0
2019-09-27 09:21:18,300 [grpc-default-executor-7] INFO  impl.FollowerInfo (FollowerInfo.java:lambda$new$0(51)) - 82c6079f-0caa-41c9-82d7-90e7306895b1@group-A7C4CCBA1937->2c6b07a0-dd20-4844-842b-efa553872a87: nextIndex: updateUnconditionally 0 -> 0
2019-09-27 09:21:18,569 [main] INFO  ozoneimpl.OzoneContainer (OzoneContainer.java:stop(231)) - Attempting to stop container services.
2019-09-27 09:21:18,570 [main] INFO  impl.RaftServerProxy (RaftServerProxy.java:lambda$close$4(314)) - 58a870c2-09d8-4538-b684-89d5a4d1d620: close
2019-09-27 09:21:18,570 [main] INFO  impl.RaftServerImpl (RaftServerImpl.java:lambda$shutdown$3(251)) - 58a870c2-09d8-4538-b684-89d5a4d1d620@group-4C34113D008D: shutdown
2019-09-27 09:21:18,571 [main] INFO  util.JmxRegister (JmxRegister.java:unregister(73)) - Successfully un-registered JMX Bean with object name Ratis:service=RaftServer,group=group-4C34113D008D,id=58a870c2-09d8-4538-b684-89d5a4d1d620
2019-09-27 09:21:18,571 [main] INFO  impl.RoleInfo (RoleInfo.java:shutdownLeaderState(104)) - 58a870c2-09d8-4538-b684-89d5a4d1d620: shutdown LeaderState
2019-09-27 09:21:18,572 [main] INFO  impl.PendingRequests (PendingRequests.java:sendNotLeaderResponses(202)) - 58a870c2-09d8-4538-b684-89d5a4d1d620-PendingRequests: sendNotLeaderResponses
2019-09-27 09:21:18,572 [main] INFO  impl.StateMachineUpdater (StateMachineUpdater.java:stopAndJoin(125)) - 58a870c2-09d8-4538-b684-89d5a4d1d620@group-4C34113D008D-StateMachineUpdater: set stopIndex = 0
2019-09-27 09:21:18,573 [main] INFO  impl.RaftServerImpl (ServerState.java:close(385)) - 58a870c2-09d8-4538-b684-89d5a4d1d620@group-4C34113D008D: closes. applyIndex: 0
2019-09-27 09:21:18,573 [58a870c2-09d8-4538-b684-89d5a4d1d620@group-4C34113D008D-SegmentedRaftLogWorker] INFO  segmented.SegmentedRaftLogWorker (SegmentedRaftLogWorker.java:run(313)) - 58a870c2-09d8-4538-b684-89d5a4d1d620@group-4C34113D008D-SegmentedRaftLogWorker was interrupted, exiting. There are 0 tasks remaining in the queue.
2019-09-27 09:21:18,574 [main] INFO  segmented.SegmentedRaftLogWorker (SegmentedRaftLogWorker.java:close(228)) - 58a870c2-09d8-4538-b684-89d5a4d1d620@group-4C34113D008D-SegmentedRaftLogWorker close()
2019-09-27 09:21:18,577 [ForkJoinPool.commonPool-worker-0] INFO  ozoneimpl.OzoneContainer (OzoneContainer.java:stop(231)) - Attempting to stop container services.
2019-09-27 09:21:18,581 [main] INFO  impl.RaftServerImpl (RaftServerImpl.java:lambda$shutdown$3(251)) - 58a870c2-09d8-4538-b684-89d5a4d1d620@group-7ED8B9CF6619: shutdown
2019-09-27 09:21:18,581 [ForkJoinPool.commonPool-worker-0] INFO  impl.RaftServerProxy (RaftServerProxy.java:lambda$close$4(314)) - 82c6079f-0caa-41c9-82d7-90e7306895b1: close
2019-09-27 09:21:18,581 [main] INFO  util.JmxRegister (JmxRegister.java:unregister(73)) - Successfully un-registered JMX Bean with object name Ratis:service=RaftServer,group=group-7ED8B9CF6619,id=58a870c2-09d8-4538-b684-89d5a4d1d620
2019-09-27 09:21:18,582 [ForkJoinPool.commonPool-worker-0] INFO  impl.RaftServerImpl (RaftServerImpl.java:lambda$shutdown$3(251)) - 82c6079f-0caa-41c9-82d7-90e7306895b1@group-8A5E8641923C: shutdown
2019-09-27 09:21:18,582 [main] INFO  impl.RoleInfo (RoleInfo.java:shutdownLeaderState(104)) - 58a870c2-09d8-4538-b684-89d5a4d1d620: shutdown LeaderState
2019-09-27 09:21:18,582 [ForkJoinPool.commonPool-worker-0] INFO  util.JmxRegister (JmxRegister.java:unregister(73)) - Successfully un-registered JMX Bean with object name Ratis:service=RaftServer,group=group-8A5E8641923C,id=82c6079f-0caa-41c9-82d7-90e7306895b1
2019-09-27 09:21:18,585 [org.apache.ratis.server.impl.LogAppender$AppenderDaemon$$Lambda$400/247186050@cdfe48b] WARN  server.GrpcLogAppender (GrpcLogAppender.java:mayWait(143)) - 58a870c2-09d8-4538-b684-89d5a4d1d620@group-7ED8B9CF6619->2ae76358-1a8d-4fd5-a4fd-20ea98138735-GrpcLogAppender: Wait interrupted by java.lang.InterruptedException
2019-09-27 09:21:18,585 [main] INFO  impl.PendingRequests (PendingRequests.java:sendNotLeaderResponses(202)) - 58a870c2-09d8-4538-b684-89d5a4d1d620-PendingRequests: sendNotLeaderResponses
2019-09-27 09:21:18,585 [org.apache.ratis.server.impl.LogAppender$AppenderDaemon$$Lambda$400/247186050@49dd73d4] WARN  server.GrpcLogAppender (GrpcLogAppender.java:mayWait(143)) - 58a870c2-09d8-4538-b684-89d5a4d1d620@group-7ED8B9CF6619->7387e8c6-1a4e-4257-8943-3fffd176a0ab-GrpcLogAppender: Wait interrupted by java.lang.InterruptedException
2019-09-27 09:21:18,586 [ForkJoinPool.commonPool-worker-0] INFO  impl.RoleInfo (RoleInfo.java:shutdownLeaderState(104)) - 82c6079f-0caa-41c9-82d7-90e7306895b1: shutdown LeaderState
2019-09-27 09:21:18,592 [main] INFO  impl.StateMachineUpdater (StateMachineUpdater.java:stopAndJoin(125)) - 58a870c2-09d8-4538-b684-89d5a4d1d620@group-7ED8B9CF6619-StateMachineUpdater: set stopIndex = 2
2019-09-27 09:21:18,592 [ForkJoinPool.commonPool-worker-0] INFO  impl.PendingRequests (PendingRequests.java:sendNotLeaderResponses(202)) - 82c6079f-0caa-41c9-82d7-90e7306895b1-PendingRequests: sendNotLeaderResponses
2019-09-27 09:21:18,592 [grpc-default-executor-7] INFO  server.GrpcServerProtocolService (GrpcServerProtocolService.java:onCompleted(113)) - 7387e8c6-1a4e-4257-8943-3fffd176a0ab: Completed APPEND_ENTRIES, lastRequest: 58a870c2-09d8-4538-b684-89d5a4d1d620->7387e8c6-1a4e-4257-8943-3fffd176a0ab#254-t4, previous=(t:4, i:2), leaderCommit=2, initializing? false, entries: <empty>
2019-09-27 09:21:18,592 [main] INFO  impl.RaftServerImpl (ServerState.java:close(385)) - 58a870c2-09d8-4538-b684-89d5a4d1d620@group-7ED8B9CF6619: closes. applyIndex: 2
2019-09-27 09:21:18,593 [ForkJoinPool.commonPool-worker-0] INFO  impl.StateMachineUpdater (StateMachineUpdater.java:stopAndJoin(125)) - 82c6079f-0caa-41c9-82d7-90e7306895b1@group-8A5E8641923C-StateMachineUpdater: set stopIndex = 0
2019-09-27 09:21:18,594 [grpc-default-executor-7] INFO  server.GrpcLogAppender (GrpcLogAppender.java:onCompleted(293)) - 58a870c2-09d8-4538-b684-89d5a4d1d620@group-7ED8B9CF6619->7387e8c6-1a4e-4257-8943-3fffd176a0ab-AppendLogResponseHandler: follower responses appendEntries COMPLETED
2019-09-27 09:21:18,593 [58a870c2-09d8-4538-b684-89d5a4d1d620@group-7ED8B9CF6619-SegmentedRaftLogWorker] INFO  segmented.SegmentedRaftLogWorker (SegmentedRaftLogWorker.java:run(313)) - 58a870c2-09d8-4538-b684-89d5a4d1d620@group-7ED8B9CF6619-SegmentedRaftLogWorker was interrupted, exiting. There are 0 tasks remaining in the queue.
2019-09-27 09:21:18,594 [ForkJoinPool.commonPool-worker-0] INFO  impl.RaftServerImpl (ServerState.java:close(385)) - 82c6079f-0caa-41c9-82d7-90e7306895b1@group-8A5E8641923C: closes. applyIndex: 0
2019-09-27 09:21:18,594 [main] INFO  segmented.SegmentedRaftLogWorker (SegmentedRaftLogWorker.java:close(228)) - 58a870c2-09d8-4538-b684-89d5a4d1d620@group-7ED8B9CF6619-SegmentedRaftLogWorker close()
2019-09-27 09:21:18,594 [grpc-default-executor-7] INFO  impl.FollowerInfo (FollowerInfo.java:lambda$new$0(51)) - 58a870c2-09d8-4538-b684-89d5a4d1d620@group-7ED8B9CF6619->7387e8c6-1a4e-4257-8943-3fffd176a0ab: nextIndex: updateUnconditionally 3 -> 2
2019-09-27 09:21:18,596 [main] INFO  server.GrpcService (GrpcService.java:closeImpl(164)) - 58a870c2-09d8-4538-b684-89d5a4d1d620: shutdown server with port 41551 now
2019-09-27 09:21:18,594 [82c6079f-0caa-41c9-82d7-90e7306895b1@group-8A5E8641923C-SegmentedRaftLogWorker] INFO  segmented.SegmentedRaftLogWorker (SegmentedRaftLogWorker.java:run(313)) - 82c6079f-0caa-41c9-82d7-90e7306895b1@group-8A5E8641923C-SegmentedRaftLogWorker was interrupted, exiting. There are 0 tasks remaining in the queue.
2019-09-27 09:21:18,597 [main] INFO  server.GrpcService (GrpcService.java:closeImpl(172)) - 58a870c2-09d8-4538-b684-89d5a4d1d620: shutdown server with port 41551 successfully
2019-09-27 09:21:18,597 [ForkJoinPool.commonPool-worker-0] INFO  segmented.SegmentedRaftLogWorker (SegmentedRaftLogWorker.java:close(228)) - 82c6079f-0caa-41c9-82d7-90e7306895b1@group-8A5E8641923C-SegmentedRaftLogWorker close()
2019-09-27 09:21:18,599 [ForkJoinPool.commonPool-worker-0] INFO  impl.RaftServerImpl (RaftServerImpl.java:lambda$shutdown$3(251)) - 82c6079f-0caa-41c9-82d7-90e7306895b1@group-A7C4CCBA1937: shutdown
2019-09-27 09:21:18,599 [ForkJoinPool.commonPool-worker-0] INFO  util.JmxRegister (JmxRegister.java:unregister(73)) - Successfully un-registered JMX Bean with object name Ratis:service=RaftServer,group=group-A7C4CCBA1937,id=82c6079f-0caa-41c9-82d7-90e7306895b1
2019-09-27 09:21:18,600 [ForkJoinPool.commonPool-worker-0] INFO  impl.RoleInfo (RoleInfo.java:shutdownLeaderState(104)) - 82c6079f-0caa-41c9-82d7-90e7306895b1: shutdown LeaderState
2019-09-27 09:21:18,603 [ForkJoinPool.commonPool-worker-0] INFO  impl.PendingRequests (PendingRequests.java:sendNotLeaderResponses(202)) - 82c6079f-0caa-41c9-82d7-90e7306895b1-PendingRequests: sendNotLeaderResponses
2019-09-27 09:21:18,603 [org.apache.ratis.server.impl.LogAppender$AppenderDaemon$$Lambda$400/247186050@2bb019d9] WARN  server.GrpcLogAppender (GrpcLogAppender.java:mayWait(143)) - 82c6079f-0caa-41c9-82d7-90e7306895b1@group-A7C4CCBA1937->2c6b07a0-dd20-4844-842b-efa553872a87-GrpcLogAppender: Wait interrupted by java.lang.InterruptedException
2019-09-27 09:21:18,603 [org.apache.ratis.server.impl.LogAppender$AppenderDaemon$$Lambda$400/247186050@18c1778d] WARN  server.GrpcLogAppender (GrpcLogAppender.java:mayWait(143)) - 82c6079f-0caa-41c9-82d7-90e7306895b1@group-A7C4CCBA1937->3336feff-37d1-4141-b1ec-acdf5527e46c-GrpcLogAppender: Wait interrupted by java.lang.InterruptedException
2019-09-27 09:21:18,603 [ForkJoinPool.commonPool-worker-0] INFO  impl.StateMachineUpdater (StateMachineUpdater.java:stopAndJoin(125)) - 82c6079f-0caa-41c9-82d7-90e7306895b1@group-A7C4CCBA1937-StateMachineUpdater: set stopIndex = 0
2019-09-27 09:21:18,603 [refreshUsed-/workdir/hadoop-ozone/integration-test/target/test-dir/MiniOzoneClusterImpl-d2d06822-f460-4d8d-a87b-a517d879cb3f/datanode-9/data/containers] WARN  fs.CachingGetSpaceUsed (CachingGetSpaceUsed.java:run(183)) - Thread Interrupted waiting to refresh disk information: sleep interrupted
2019-09-27 09:21:18,603 [grpc-default-executor-7] INFO  server.GrpcServerProtocolService (GrpcServerProtocolService.java:onCompleted(113)) - 3336feff-37d1-4141-b1ec-acdf5527e46c: Completed APPEND_ENTRIES, lastRequest: 82c6079f-0caa-41c9-82d7-90e7306895b1->3336feff-37d1-4141-b1ec-acdf5527e46c#256-t2, previous=(t:2, i:0), leaderCommit=0, initializing? false, entries: <empty>
2019-09-27 09:21:18,604 [ForkJoinPool.commonPool-worker-0] INFO  impl.RaftServerImpl (ServerState.java:close(385)) - 82c6079f-0caa-41c9-82d7-90e7306895b1@group-A7C4CCBA1937: closes. applyIndex: 0
2019-09-27 09:21:18,604 [grpc-default-executor-7] INFO  server.GrpcLogAppender (GrpcLogAppender.java:onCompleted(293)) - 82c6079f-0caa-41c9-82d7-90e7306895b1@group-A7C4CCBA1937->3336feff-37d1-4141-b1ec-acdf5527e46c-AppendLogResponseHandler: follower responses appendEntries COMPLETED
2019-09-27 09:21:18,605 [grpc-default-executor-7] INFO  impl.FollowerInfo (FollowerInfo.java:lambda$new$0(51)) - 82c6079f-0caa-41c9-82d7-90e7306895b1@group-A7C4CCBA1937->3336feff-37d1-4141-b1ec-acdf5527e46c: nextIndex: updateUnconditionally 1 -> 0
2019-09-27 09:21:18,605 [82c6079f-0caa-41c9-82d7-90e7306895b1@group-A7C4CCBA1937-SegmentedRaftLogWorker] INFO  segmented.SegmentedRaftLogWorker (SegmentedRaftLogWorker.java:run(313)) - 82c6079f-0caa-41c9-82d7-90e7306895b1@group-A7C4CCBA1937-SegmentedRaftLogWorker was interrupted, exiting. There are 0 tasks remaining in the queue.
2019-09-27 09:21:18,605 [ForkJoinPool.commonPool-worker-0] INFO  segmented.SegmentedRaftLogWorker (SegmentedRaftLogWorker.java:close(228)) - 82c6079f-0caa-41c9-82d7-90e7306895b1@group-A7C4CCBA1937-SegmentedRaftLogWorker close()
2019-09-27 09:21:18,608 [ForkJoinPool.commonPool-worker-0] INFO  server.GrpcService (GrpcService.java:closeImpl(164)) - 82c6079f-0caa-41c9-82d7-90e7306895b1: shutdown server with port 43165 now
2019-09-27 09:21:18,609 [ForkJoinPool.commonPool-worker-0] INFO  server.GrpcService (GrpcService.java:closeImpl(172)) - 82c6079f-0caa-41c9-82d7-90e7306895b1: shutdown server with port 43165 successfully
2019-09-27 09:21:18,611 [refreshUsed-/workdir/hadoop-ozone/integration-test/target/test-dir/MiniOzoneClusterImpl-d2d06822-f460-4d8d-a87b-a517d879cb3f/datanode-0/data/containers] WARN  fs.CachingGetSpaceUsed (CachingGetSpaceUsed.java:run(183)) - Thread Interrupted waiting to refresh disk information: sleep interrupted
2019-09-27 09:21:18,627 [main] INFO  utils.BackgroundService (BackgroundService.java:shutdown(148)) - Shutting down service BlockDeletingService
2019-09-27 09:21:18,627 [ForkJoinPool.commonPool-worker-0] INFO  utils.BackgroundService (BackgroundService.java:shutdown(148)) - Shutting down service BlockDeletingService
2019-09-27 09:21:18,632 [main] INFO  statemachine.DatanodeStateMachine (DatanodeStateMachine.java:stopDaemon(395)) - Ozone container server stopped.
2019-09-27 09:21:18,635 [ForkJoinPool.commonPool-worker-0] INFO  statemachine.DatanodeStateMachine (DatanodeStateMachine.java:stopDaemon(395)) - Ozone container server stopped.
2019-09-27 09:21:18,640 [main] INFO  handler.ContextHandler (ContextHandler.java:doStop(910)) - Stopped o.e.j.w.WebAppContext@364fd4ae{/,null,UNAVAILABLE}{/hddsDatanode}
2019-09-27 09:21:18,640 [ForkJoinPool.commonPool-worker-0] INFO  handler.ContextHandler (ContextHandler.java:doStop(910)) - Stopped o.e.j.w.WebAppContext@36ef1d65{/,null,UNAVAILABLE}{/hddsDatanode}
2019-09-27 09:21:18,641 [main] INFO  server.AbstractConnector (AbstractConnector.java:doStop(318)) - Stopped ServerConnector@245253d8{HTTP/1.1,[http/1.1]}{0.0.0.0:0}
2019-09-27 09:21:18,641 [ForkJoinPool.commonPool-worker-0] INFO  server.AbstractConnector (AbstractConnector.java:doStop(318)) - Stopped ServerConnector@4be0a27d{HTTP/1.1,[http/1.1]}{0.0.0.0:0}
2019-09-27 09:21:18,641 [main] INFO  handler.ContextHandler (ContextHandler.java:doStop(910)) - Stopped o.e.j.s.ServletContextHandler@1ad9b8d3{/static,jar:file:/home/user/.m2/repository/org/apache/hadoop/hadoop-hdds-container-service/0.5.0-SNAPSHOT/hadoop-hdds-container-service-0.5.0-SNAPSHOT.jar!/webapps/static,UNAVAILABLE}
2019-09-27 09:21:18,642 [ForkJoinPool.commonPool-worker-0] INFO  handler.ContextHandler (ContextHandler.java:doStop(910)) - Stopped o.e.j.s.ServletContextHandler@6e829e50{/static,jar:file:/home/user/.m2/repository/org/apache/hadoop/hadoop-hdds-container-service/0.5.0-SNAPSHOT/hadoop-hdds-container-service-0.5.0-SNAPSHOT.jar!/webapps/static,UNAVAILABLE}
2019-09-27 09:21:18,643 [main] INFO  handler.ContextHandler (ContextHandler.java:doStop(910)) - Stopped o.e.j.s.ServletContextHandler@3a7c678b{/logs,file:///workdir/hadoop-ozone/integration-test/target/log,UNAVAILABLE}
2019-09-27 09:21:18,644 [ForkJoinPool.commonPool-worker-0] INFO  handler.ContextHandler (ContextHandler.java:doStop(910)) - Stopped o.e.j.s.ServletContextHandler@4b862408{/logs,file:///workdir/hadoop-ozone/integration-test/target/log,UNAVAILABLE}
2019-09-27 09:21:19,253 [Datanode State Machine Thread - 0] INFO  statemachine.DatanodeStateMachine (DatanodeStateMachine.java:lambda$startDaemon$0(350)) - Ozone container server started.
2019-09-27 09:21:19,373 [Thread-4343] INFO  impl.FollowerState (FollowerState.java:run(106)) - 7387e8c6-1a4e-4257-8943-3fffd176a0ab:group-7ED8B9CF6619 changes to CANDIDATE, lastRpcTime:1067, electionTimeout:1014ms
2019-09-27 09:21:19,373 [Thread-4343] INFO  impl.RoleInfo (RoleInfo.java:shutdownFollowerState(121)) - 7387e8c6-1a4e-4257-8943-3fffd176a0ab: shutdown FollowerState
2019-09-27 09:21:19,373 [Thread-4343] INFO  impl.RaftServerImpl (RaftServerImpl.java:setRole(174)) - 7387e8c6-1a4e-4257-8943-3fffd176a0ab@group-7ED8B9CF6619: changes role from  FOLLOWER to CANDIDATE at term 4 for changeToCandidate
2019-09-27 09:21:19,373 [Thread-4343] INFO  impl.RoleInfo (RoleInfo.java:updateAndGet(143)) - 7387e8c6-1a4e-4257-8943-3fffd176a0ab: start LeaderElection
2019-09-27 09:21:19,374 [7387e8c6-1a4e-4257-8943-3fffd176a0ab@group-7ED8B9CF6619:LeaderElection89] INFO  impl.RaftServerImpl (ServerState.java:setLeader(253)) - 7387e8c6-1a4e-4257-8943-3fffd176a0ab@group-7ED8B9CF6619: change Leader from 58a870c2-09d8-4538-b684-89d5a4d1d620 to null at term 4 for initElection
2019-09-27 09:21:19,388 [7387e8c6-1a4e-4257-8943-3fffd176a0ab@group-7ED8B9CF6619:LeaderElection89] INFO  impl.LeaderElection (LeaderElection.java:askForVotes(182)) - 7387e8c6-1a4e-4257-8943-3fffd176a0ab@group-7ED8B9CF6619:LeaderElection89: begin an election at term 5 for 1: [58a870c2-09d8-4538-b684-89d5a4d1d620:192.168.151.103:41551, 7387e8c6-1a4e-4257-8943-3fffd176a0ab:192.168.151.103:41069, 2ae76358-1a8d-4fd5-a4fd-20ea98138735:192.168.151.103:41875], old=null
2019-09-27 09:21:19,391 [7387e8c6-1a4e-4257-8943-3fffd176a0ab@group-7ED8B9CF6619:LeaderElection89] INFO  impl.LeaderElection (LogUtils.java:infoOrTrace(149)) - 7387e8c6-1a4e-4257-8943-3fffd176a0ab@group-7ED8B9CF6619:LeaderElection89 got exception when requesting votes: {}
java.util.concurrent.ExecutionException: org.apache.ratis.thirdparty.io.grpc.StatusRuntimeException: UNAVAILABLE: io exception
	at java.util.concurrent.FutureTask.report(FutureTask.java:122)
	at java.util.concurrent.FutureTask.get(FutureTask.java:192)
	at org.apache.ratis.server.impl.LeaderElection.waitForResults(LeaderElection.java:263)
	at org.apache.ratis.server.impl.LeaderElection.askForVotes(LeaderElection.java:201)
	at org.apache.ratis.server.impl.LeaderElection.run(LeaderElection.java:133)
	at java.lang.Thread.run(Thread.java:748)
Caused by: org.apache.ratis.thirdparty.io.grpc.StatusRuntimeException: UNAVAILABLE: io exception
	at org.apache.ratis.thirdparty.io.grpc.stub.ClientCalls.toStatusRuntimeException(ClientCalls.java:233)
	at org.apache.ratis.thirdparty.io.grpc.stub.ClientCalls.getUnchecked(ClientCalls.java:214)
	at org.apache.ratis.thirdparty.io.grpc.stub.ClientCalls.blockingUnaryCall(ClientCalls.java:139)
	at org.apache.ratis.proto.grpc.RaftServerProtocolServiceGrpc$RaftServerProtocolServiceBlockingStub.requestVote(RaftServerProtocolServiceGrpc.java:265)
	at org.apache.ratis.grpc.server.GrpcServerProtocolClient.requestVote(GrpcServerProtocolClient.java:90)
	at org.apache.ratis.grpc.server.GrpcService.requestVote(GrpcService.java:204)
	at org.apache.ratis.server.impl.LeaderElection.lambda$submitRequests$1(LeaderElection.java:238)
	at java.util.concurrent.FutureTask.run(FutureTask.java:266)
	at java.util.concurrent.Executors$RunnableAdapter.call(Executors.java:511)
	at java.util.concurrent.FutureTask.run(FutureTask.java:266)
	at java.util.concurrent.ThreadPoolExecutor.runWorker(ThreadPoolExecutor.java:1149)
	at java.util.concurrent.ThreadPoolExecutor$Worker.run(ThreadPoolExecutor.java:624)
	... 1 more
Caused by: org.apache.ratis.thirdparty.io.netty.channel.AbstractChannel$AnnotatedConnectException: Connection refused: /192.168.151.103:41551
	at sun.nio.ch.SocketChannelImpl.checkConnect(Native Method)
	at sun.nio.ch.SocketChannelImpl.finishConnect(SocketChannelImpl.java:717)
	at org.apache.ratis.thirdparty.io.netty.channel.socket.nio.NioSocketChannel.doFinishConnect(NioSocketChannel.java:327)
	at org.apache.ratis.thirdparty.io.netty.channel.nio.AbstractNioChannel$AbstractNioUnsafe.finishConnect(AbstractNioChannel.java:340)
	at org.apache.ratis.thirdparty.io.netty.channel.nio.NioEventLoop.processSelectedKey(NioEventLoop.java:632)
	at org.apache.ratis.thirdparty.io.netty.channel.nio.NioEventLoop.processSelectedKeysOptimized(NioEventLoop.java:579)
	at org.apache.ratis.thirdparty.io.netty.channel.nio.NioEventLoop.processSelectedKeys(NioEventLoop.java:496)
	at org.apache.ratis.thirdparty.io.netty.channel.nio.NioEventLoop.run(NioEventLoop.java:458)
	at org.apache.ratis.thirdparty.io.netty.util.concurrent.SingleThreadEventExecutor$5.run(SingleThreadEventExecutor.java:897)
	at org.apache.ratis.thirdparty.io.netty.util.concurrent.FastThreadLocalRunnable.run(FastThreadLocalRunnable.java:30)
	... 1 more
Caused by: java.net.ConnectException: Connection refused
	... 11 more
2019-09-27 09:21:19,393 [7387e8c6-1a4e-4257-8943-3fffd176a0ab@group-7ED8B9CF6619:LeaderElection89] INFO  impl.LeaderElection (LogUtils.java:infoOrTrace(149)) - 7387e8c6-1a4e-4257-8943-3fffd176a0ab@group-7ED8B9CF6619:LeaderElection89 got exception when requesting votes: {}
java.util.concurrent.ExecutionException: org.apache.ratis.thirdparty.io.grpc.StatusRuntimeException: UNAVAILABLE: io exception
	at java.util.concurrent.FutureTask.report(FutureTask.java:122)
	at java.util.concurrent.FutureTask.get(FutureTask.java:192)
	at org.apache.ratis.server.impl.LeaderElection.waitForResults(LeaderElection.java:263)
	at org.apache.ratis.server.impl.LeaderElection.askForVotes(LeaderElection.java:201)
	at org.apache.ratis.server.impl.LeaderElection.run(LeaderElection.java:133)
	at java.lang.Thread.run(Thread.java:748)
Caused by: org.apache.ratis.thirdparty.io.grpc.StatusRuntimeException: UNAVAILABLE: io exception
	at org.apache.ratis.thirdparty.io.grpc.stub.ClientCalls.toStatusRuntimeException(ClientCalls.java:233)
	at org.apache.ratis.thirdparty.io.grpc.stub.ClientCalls.getUnchecked(ClientCalls.java:214)
	at org.apache.ratis.thirdparty.io.grpc.stub.ClientCalls.blockingUnaryCall(ClientCalls.java:139)
	at org.apache.ratis.proto.grpc.RaftServerProtocolServiceGrpc$RaftServerProtocolServiceBlockingStub.requestVote(RaftServerProtocolServiceGrpc.java:265)
	at org.apache.ratis.grpc.server.GrpcServerProtocolClient.requestVote(GrpcServerProtocolClient.java:90)
	at org.apache.ratis.grpc.server.GrpcService.requestVote(GrpcService.java:204)
	at org.apache.ratis.server.impl.LeaderElection.lambda$submitRequests$1(LeaderElection.java:238)
	at java.util.concurrent.FutureTask.run(FutureTask.java:266)
	at java.util.concurrent.Executors$RunnableAdapter.call(Executors.java:511)
	at java.util.concurrent.FutureTask.run(FutureTask.java:266)
	at java.util.concurrent.ThreadPoolExecutor.runWorker(ThreadPoolExecutor.java:1149)
	at java.util.concurrent.ThreadPoolExecutor$Worker.run(ThreadPoolExecutor.java:624)
	... 1 more
Caused by: org.apache.ratis.thirdparty.io.netty.channel.AbstractChannel$AnnotatedConnectException: Connection refused: /192.168.151.103:41875
	at sun.nio.ch.SocketChannelImpl.checkConnect(Native Method)
	at sun.nio.ch.SocketChannelImpl.finishConnect(SocketChannelImpl.java:717)
	at org.apache.ratis.thirdparty.io.netty.channel.socket.nio.NioSocketChannel.doFinishConnect(NioSocketChannel.java:327)
	at org.apache.ratis.thirdparty.io.netty.channel.nio.AbstractNioChannel$AbstractNioUnsafe.finishConnect(AbstractNioChannel.java:340)
	at org.apache.ratis.thirdparty.io.netty.channel.nio.NioEventLoop.processSelectedKey(NioEventLoop.java:632)
	at org.apache.ratis.thirdparty.io.netty.channel.nio.NioEventLoop.processSelectedKeysOptimized(NioEventLoop.java:579)
	at org.apache.ratis.thirdparty.io.netty.channel.nio.NioEventLoop.processSelectedKeys(NioEventLoop.java:496)
	at org.apache.ratis.thirdparty.io.netty.channel.nio.NioEventLoop.run(NioEventLoop.java:458)
	at org.apache.ratis.thirdparty.io.netty.util.concurrent.SingleThreadEventExecutor$5.run(SingleThreadEventExecutor.java:897)
	at org.apache.ratis.thirdparty.io.netty.util.concurrent.FastThreadLocalRunnable.run(FastThreadLocalRunnable.java:30)
	... 1 more
Caused by: java.net.ConnectException: Connection refused
	... 11 more
2019-09-27 09:21:19,394 [7387e8c6-1a4e-4257-8943-3fffd176a0ab@group-7ED8B9CF6619:LeaderElection89] INFO  impl.LeaderElection (LeaderElection.java:logAndReturn(56)) - 7387e8c6-1a4e-4257-8943-3fffd176a0ab@group-7ED8B9CF6619:LeaderElection89: Election REJECTED; received 0 response(s) [] and 2 exception(s); 7387e8c6-1a4e-4257-8943-3fffd176a0ab@group-7ED8B9CF6619:t5, leader=null, voted=7387e8c6-1a4e-4257-8943-3fffd176a0ab, raftlog=7387e8c6-1a4e-4257-8943-3fffd176a0ab@group-7ED8B9CF6619-SegmentedRaftLog:OPENED:c2,f2,i2, conf=1: [58a870c2-09d8-4538-b684-89d5a4d1d620:192.168.151.103:41551, 7387e8c6-1a4e-4257-8943-3fffd176a0ab:192.168.151.103:41069, 2ae76358-1a8d-4fd5-a4fd-20ea98138735:192.168.151.103:41875], old=null
2019-09-27 09:21:19,394 [7387e8c6-1a4e-4257-8943-3fffd176a0ab@group-7ED8B9CF6619:LeaderElection89] INFO  impl.LeaderElection (LogUtils.java:infoOrTrace(149)) -   Exception 0: {}
java.util.concurrent.ExecutionException: org.apache.ratis.thirdparty.io.grpc.StatusRuntimeException: UNAVAILABLE: io exception
	at java.util.concurrent.FutureTask.report(FutureTask.java:122)
	at java.util.concurrent.FutureTask.get(FutureTask.java:192)
	at org.apache.ratis.server.impl.LeaderElection.waitForResults(LeaderElection.java:263)
	at org.apache.ratis.server.impl.LeaderElection.askForVotes(LeaderElection.java:201)
	at org.apache.ratis.server.impl.LeaderElection.run(LeaderElection.java:133)
	at java.lang.Thread.run(Thread.java:748)
Caused by: org.apache.ratis.thirdparty.io.grpc.StatusRuntimeException: UNAVAILABLE: io exception
	at org.apache.ratis.thirdparty.io.grpc.stub.ClientCalls.toStatusRuntimeException(ClientCalls.java:233)
	at org.apache.ratis.thirdparty.io.grpc.stub.ClientCalls.getUnchecked(ClientCalls.java:214)
	at org.apache.ratis.thirdparty.io.grpc.stub.ClientCalls.blockingUnaryCall(ClientCalls.java:139)
	at org.apache.ratis.proto.grpc.RaftServerProtocolServiceGrpc$RaftServerProtocolServiceBlockingStub.requestVote(RaftServerProtocolServiceGrpc.java:265)
	at org.apache.ratis.grpc.server.GrpcServerProtocolClient.requestVote(GrpcServerProtocolClient.java:90)
	at org.apache.ratis.grpc.server.GrpcService.requestVote(GrpcService.java:204)
	at org.apache.ratis.server.impl.LeaderElection.lambda$submitRequests$1(LeaderElection.java:238)
	at java.util.concurrent.FutureTask.run(FutureTask.java:266)
	at java.util.concurrent.Executors$RunnableAdapter.call(Executors.java:511)
	at java.util.concurrent.FutureTask.run(FutureTask.java:266)
	at java.util.concurrent.ThreadPoolExecutor.runWorker(ThreadPoolExecutor.java:1149)
	at java.util.concurrent.ThreadPoolExecutor$Worker.run(ThreadPoolExecutor.java:624)
	... 1 more
Caused by: org.apache.ratis.thirdparty.io.netty.channel.AbstractChannel$AnnotatedConnectException: Connection refused: /192.168.151.103:41551
	at sun.nio.ch.SocketChannelImpl.checkConnect(Native Method)
	at sun.nio.ch.SocketChannelImpl.finishConnect(SocketChannelImpl.java:717)
	at org.apache.ratis.thirdparty.io.netty.channel.socket.nio.NioSocketChannel.doFinishConnect(NioSocketChannel.java:327)
	at org.apache.ratis.thirdparty.io.netty.channel.nio.AbstractNioChannel$AbstractNioUnsafe.finishConnect(AbstractNioChannel.java:340)
	at org.apache.ratis.thirdparty.io.netty.channel.nio.NioEventLoop.processSelectedKey(NioEventLoop.java:632)
	at org.apache.ratis.thirdparty.io.netty.channel.nio.NioEventLoop.processSelectedKeysOptimized(NioEventLoop.java:579)
	at org.apache.ratis.thirdparty.io.netty.channel.nio.NioEventLoop.processSelectedKeys(NioEventLoop.java:496)
	at org.apache.ratis.thirdparty.io.netty.channel.nio.NioEventLoop.run(NioEventLoop.java:458)
	at org.apache.ratis.thirdparty.io.netty.util.concurrent.SingleThreadEventExecutor$5.run(SingleThreadEventExecutor.java:897)
	at org.apache.ratis.thirdparty.io.netty.util.concurrent.FastThreadLocalRunnable.run(FastThreadLocalRunnable.java:30)
	... 1 more
Caused by: java.net.ConnectException: Connection refused
	... 11 more
2019-09-27 09:21:19,394 [7387e8c6-1a4e-4257-8943-3fffd176a0ab@group-7ED8B9CF6619:LeaderElection89] INFO  impl.LeaderElection (LogUtils.java:infoOrTrace(149)) -   Exception 1: {}
java.util.concurrent.ExecutionException: org.apache.ratis.thirdparty.io.grpc.StatusRuntimeException: UNAVAILABLE: io exception
	at java.util.concurrent.FutureTask.report(FutureTask.java:122)
	at java.util.concurrent.FutureTask.get(FutureTask.java:192)
	at org.apache.ratis.server.impl.LeaderElection.waitForResults(LeaderElection.java:263)
	at org.apache.ratis.server.impl.LeaderElection.askForVotes(LeaderElection.java:201)
	at org.apache.ratis.server.impl.LeaderElection.run(LeaderElection.java:133)
	at java.lang.Thread.run(Thread.java:748)
Caused by: org.apache.ratis.thirdparty.io.grpc.StatusRuntimeException: UNAVAILABLE: io exception
	at org.apache.ratis.thirdparty.io.grpc.stub.ClientCalls.toStatusRuntimeException(ClientCalls.java:233)
	at org.apache.ratis.thirdparty.io.grpc.stub.ClientCalls.getUnchecked(ClientCalls.java:214)
	at org.apache.ratis.thirdparty.io.grpc.stub.ClientCalls.blockingUnaryCall(ClientCalls.java:139)
	at org.apache.ratis.proto.grpc.RaftServerProtocolServiceGrpc$RaftServerProtocolServiceBlockingStub.requestVote(RaftServerProtocolServiceGrpc.java:265)
	at org.apache.ratis.grpc.server.GrpcServerProtocolClient.requestVote(GrpcServerProtocolClient.java:90)
	at org.apache.ratis.grpc.server.GrpcService.requestVote(GrpcService.java:204)
	at org.apache.ratis.server.impl.LeaderElection.lambda$submitRequests$1(LeaderElection.java:238)
	at java.util.concurrent.FutureTask.run(FutureTask.java:266)
	at java.util.concurrent.Executors$RunnableAdapter.call(Executors.java:511)
	at java.util.concurrent.FutureTask.run(FutureTask.java:266)
	at java.util.concurrent.ThreadPoolExecutor.runWorker(ThreadPoolExecutor.java:1149)
	at java.util.concurrent.ThreadPoolExecutor$Worker.run(ThreadPoolExecutor.java:624)
	... 1 more
Caused by: org.apache.ratis.thirdparty.io.netty.channel.AbstractChannel$AnnotatedConnectException: Connection refused: /192.168.151.103:41875
	at sun.nio.ch.SocketChannelImpl.checkConnect(Native Method)
	at sun.nio.ch.SocketChannelImpl.finishConnect(SocketChannelImpl.java:717)
	at org.apache.ratis.thirdparty.io.netty.channel.socket.nio.NioSocketChannel.doFinishConnect(NioSocketChannel.java:327)
	at org.apache.ratis.thirdparty.io.netty.channel.nio.AbstractNioChannel$AbstractNioUnsafe.finishConnect(AbstractNioChannel.java:340)
	at org.apache.ratis.thirdparty.io.netty.channel.nio.NioEventLoop.processSelectedKey(NioEventLoop.java:632)
	at org.apache.ratis.thirdparty.io.netty.channel.nio.NioEventLoop.processSelectedKeysOptimized(NioEventLoop.java:579)
	at org.apache.ratis.thirdparty.io.netty.channel.nio.NioEventLoop.processSelectedKeys(NioEventLoop.java:496)
	at org.apache.ratis.thirdparty.io.netty.channel.nio.NioEventLoop.run(NioEventLoop.java:458)
	at org.apache.ratis.thirdparty.io.netty.util.concurrent.SingleThreadEventExecutor$5.run(SingleThreadEventExecutor.java:897)
	at org.apache.ratis.thirdparty.io.netty.util.concurrent.FastThreadLocalRunnable.run(FastThreadLocalRunnable.java:30)
	... 1 more
Caused by: java.net.ConnectException: Connection refused
	... 11 more
2019-09-27 09:21:19,394 [7387e8c6-1a4e-4257-8943-3fffd176a0ab@group-7ED8B9CF6619:LeaderElection89] INFO  impl.RaftServerImpl (RaftServerImpl.java:setRole(174)) - 7387e8c6-1a4e-4257-8943-3fffd176a0ab@group-7ED8B9CF6619: changes role from CANDIDATE to FOLLOWER at term 5 for DISCOVERED_A_NEW_TERM
2019-09-27 09:21:19,395 [7387e8c6-1a4e-4257-8943-3fffd176a0ab@group-7ED8B9CF6619:LeaderElection89] INFO  impl.RoleInfo (RoleInfo.java:shutdownLeaderElection(134)) - 7387e8c6-1a4e-4257-8943-3fffd176a0ab: shutdown LeaderElection
2019-09-27 09:21:19,395 [7387e8c6-1a4e-4257-8943-3fffd176a0ab@group-7ED8B9CF6619:LeaderElection89] INFO  impl.RoleInfo (RoleInfo.java:updateAndGet(143)) - 7387e8c6-1a4e-4257-8943-3fffd176a0ab: start FollowerState
2019-09-27 09:21:19,596 [Datanode State Machine Thread - 0] INFO  statemachine.DatanodeStateMachine (DatanodeStateMachine.java:lambda$startDaemon$0(350)) - Ozone container server started.
2019-09-27 09:21:19,705 [Thread-4301] INFO  impl.FollowerState (FollowerState.java:run(106)) - 3336feff-37d1-4141-b1ec-acdf5527e46c:group-A7C4CCBA1937 changes to CANDIDATE, lastRpcTime:1400, electionTimeout:1110ms
2019-09-27 09:21:19,705 [Thread-4301] INFO  impl.RoleInfo (RoleInfo.java:shutdownFollowerState(121)) - 3336feff-37d1-4141-b1ec-acdf5527e46c: shutdown FollowerState
2019-09-27 09:21:19,705 [Thread-4301] INFO  impl.RaftServerImpl (RaftServerImpl.java:setRole(174)) - 3336feff-37d1-4141-b1ec-acdf5527e46c@group-A7C4CCBA1937: changes role from  FOLLOWER to CANDIDATE at term 2 for changeToCandidate
2019-09-27 09:21:19,705 [Thread-4301] INFO  impl.RoleInfo (RoleInfo.java:updateAndGet(143)) - 3336feff-37d1-4141-b1ec-acdf5527e46c: start LeaderElection
2019-09-27 09:21:19,706 [3336feff-37d1-4141-b1ec-acdf5527e46c@group-A7C4CCBA1937:LeaderElection90] INFO  impl.RaftServerImpl (ServerState.java:setLeader(253)) - 3336feff-37d1-4141-b1ec-acdf5527e46c@group-A7C4CCBA1937: change Leader from 82c6079f-0caa-41c9-82d7-90e7306895b1 to null at term 2 for initElection
2019-09-27 09:21:19,719 [3336feff-37d1-4141-b1ec-acdf5527e46c@group-A7C4CCBA1937:LeaderElection90] INFO  impl.LeaderElection (LeaderElection.java:askForVotes(182)) - 3336feff-37d1-4141-b1ec-acdf5527e46c@group-A7C4CCBA1937:LeaderElection90: begin an election at term 3 for 0: [2c6b07a0-dd20-4844-842b-efa553872a87:192.168.151.103:35871, 82c6079f-0caa-41c9-82d7-90e7306895b1:192.168.151.103:43165, 3336feff-37d1-4141-b1ec-acdf5527e46c:192.168.151.103:37464], old=null
2019-09-27 09:21:19,721 [3336feff-37d1-4141-b1ec-acdf5527e46c@group-A7C4CCBA1937:LeaderElection90] INFO  impl.LeaderElection (LogUtils.java:infoOrTrace(149)) - 3336feff-37d1-4141-b1ec-acdf5527e46c@group-A7C4CCBA1937:LeaderElection90 got exception when requesting votes: {}
java.util.concurrent.ExecutionException: org.apache.ratis.thirdparty.io.grpc.StatusRuntimeException: UNAVAILABLE: io exception
	at java.util.concurrent.FutureTask.report(FutureTask.java:122)
	at java.util.concurrent.FutureTask.get(FutureTask.java:192)
	at org.apache.ratis.server.impl.LeaderElection.waitForResults(LeaderElection.java:263)
	at org.apache.ratis.server.impl.LeaderElection.askForVotes(LeaderElection.java:201)
	at org.apache.ratis.server.impl.LeaderElection.run(LeaderElection.java:133)
	at java.lang.Thread.run(Thread.java:748)
Caused by: org.apache.ratis.thirdparty.io.grpc.StatusRuntimeException: UNAVAILABLE: io exception
	at org.apache.ratis.thirdparty.io.grpc.stub.ClientCalls.toStatusRuntimeException(ClientCalls.java:233)
	at org.apache.ratis.thirdparty.io.grpc.stub.ClientCalls.getUnchecked(ClientCalls.java:214)
	at org.apache.ratis.thirdparty.io.grpc.stub.ClientCalls.blockingUnaryCall(ClientCalls.java:139)
	at org.apache.ratis.proto.grpc.RaftServerProtocolServiceGrpc$RaftServerProtocolServiceBlockingStub.requestVote(RaftServerProtocolServiceGrpc.java:265)
	at org.apache.ratis.grpc.server.GrpcServerProtocolClient.requestVote(GrpcServerProtocolClient.java:90)
	at org.apache.ratis.grpc.server.GrpcService.requestVote(GrpcService.java:204)
	at org.apache.ratis.server.impl.LeaderElection.lambda$submitRequests$1(LeaderElection.java:238)
	at java.util.concurrent.FutureTask.run(FutureTask.java:266)
	at java.util.concurrent.Executors$RunnableAdapter.call(Executors.java:511)
	at java.util.concurrent.FutureTask.run(FutureTask.java:266)
	at java.util.concurrent.ThreadPoolExecutor.runWorker(ThreadPoolExecutor.java:1149)
	at java.util.concurrent.ThreadPoolExecutor$Worker.run(ThreadPoolExecutor.java:624)
	... 1 more
Caused by: org.apache.ratis.thirdparty.io.netty.channel.AbstractChannel$AnnotatedConnectException: Connection refused: /192.168.151.103:35871
	at sun.nio.ch.SocketChannelImpl.checkConnect(Native Method)
	at sun.nio.ch.SocketChannelImpl.finishConnect(SocketChannelImpl.java:717)
	at org.apache.ratis.thirdparty.io.netty.channel.socket.nio.NioSocketChannel.doFinishConnect(NioSocketChannel.java:327)
	at org.apache.ratis.thirdparty.io.netty.channel.nio.AbstractNioChannel$AbstractNioUnsafe.finishConnect(AbstractNioChannel.java:340)
	at org.apache.ratis.thirdparty.io.netty.channel.nio.NioEventLoop.processSelectedKey(NioEventLoop.java:632)
	at org.apache.ratis.thirdparty.io.netty.channel.nio.NioEventLoop.processSelectedKeysOptimized(NioEventLoop.java:579)
	at org.apache.ratis.thirdparty.io.netty.channel.nio.NioEventLoop.processSelectedKeys(NioEventLoop.java:496)
	at org.apache.ratis.thirdparty.io.netty.channel.nio.NioEventLoop.run(NioEventLoop.java:458)
	at org.apache.ratis.thirdparty.io.netty.util.concurrent.SingleThreadEventExecutor$5.run(SingleThreadEventExecutor.java:897)
	at org.apache.ratis.thirdparty.io.netty.util.concurrent.FastThreadLocalRunnable.run(FastThreadLocalRunnable.java:30)
	... 1 more
Caused by: java.net.ConnectException: Connection refused
	... 11 more
2019-09-27 09:21:19,724 [3336feff-37d1-4141-b1ec-acdf5527e46c@group-A7C4CCBA1937:LeaderElection90] INFO  impl.LeaderElection (LogUtils.java:infoOrTrace(149)) - 3336feff-37d1-4141-b1ec-acdf5527e46c@group-A7C4CCBA1937:LeaderElection90 got exception when requesting votes: {}
java.util.concurrent.ExecutionException: org.apache.ratis.thirdparty.io.grpc.StatusRuntimeException: UNAVAILABLE: io exception
	at java.util.concurrent.FutureTask.report(FutureTask.java:122)
	at java.util.concurrent.FutureTask.get(FutureTask.java:192)
	at org.apache.ratis.server.impl.LeaderElection.waitForResults(LeaderElection.java:263)
	at org.apache.ratis.server.impl.LeaderElection.askForVotes(LeaderElection.java:201)
	at org.apache.ratis.server.impl.LeaderElection.run(LeaderElection.java:133)
	at java.lang.Thread.run(Thread.java:748)
Caused by: org.apache.ratis.thirdparty.io.grpc.StatusRuntimeException: UNAVAILABLE: io exception
	at org.apache.ratis.thirdparty.io.grpc.stub.ClientCalls.toStatusRuntimeException(ClientCalls.java:233)
	at org.apache.ratis.thirdparty.io.grpc.stub.ClientCalls.getUnchecked(ClientCalls.java:214)
	at org.apache.ratis.thirdparty.io.grpc.stub.ClientCalls.blockingUnaryCall(ClientCalls.java:139)
	at org.apache.ratis.proto.grpc.RaftServerProtocolServiceGrpc$RaftServerProtocolServiceBlockingStub.requestVote(RaftServerProtocolServiceGrpc.java:265)
	at org.apache.ratis.grpc.server.GrpcServerProtocolClient.requestVote(GrpcServerProtocolClient.java:90)
	at org.apache.ratis.grpc.server.GrpcService.requestVote(GrpcService.java:204)
	at org.apache.ratis.server.impl.LeaderElection.lambda$submitRequests$1(LeaderElection.java:238)
	at java.util.concurrent.FutureTask.run(FutureTask.java:266)
	at java.util.concurrent.Executors$RunnableAdapter.call(Executors.java:511)
	at java.util.concurrent.FutureTask.run(FutureTask.java:266)
	at java.util.concurrent.ThreadPoolExecutor.runWorker(ThreadPoolExecutor.java:1149)
	at java.util.concurrent.ThreadPoolExecutor$Worker.run(ThreadPoolExecutor.java:624)
	... 1 more
Caused by: org.apache.ratis.thirdparty.io.netty.channel.AbstractChannel$AnnotatedConnectException: Connection refused: /192.168.151.103:43165
	at sun.nio.ch.SocketChannelImpl.checkConnect(Native Method)
	at sun.nio.ch.SocketChannelImpl.finishConnect(SocketChannelImpl.java:717)
	at org.apache.ratis.thirdparty.io.netty.channel.socket.nio.NioSocketChannel.doFinishConnect(NioSocketChannel.java:327)
	at org.apache.ratis.thirdparty.io.netty.channel.nio.AbstractNioChannel$AbstractNioUnsafe.finishConnect(AbstractNioChannel.java:340)
	at org.apache.ratis.thirdparty.io.netty.channel.nio.NioEventLoop.processSelectedKey(NioEventLoop.java:632)
	at org.apache.ratis.thirdparty.io.netty.channel.nio.NioEventLoop.processSelectedKeysOptimized(NioEventLoop.java:579)
	at org.apache.ratis.thirdparty.io.netty.channel.nio.NioEventLoop.processSelectedKeys(NioEventLoop.java:496)
	at org.apache.ratis.thirdparty.io.netty.channel.nio.NioEventLoop.run(NioEventLoop.java:458)
	at org.apache.ratis.thirdparty.io.netty.util.concurrent.SingleThreadEventExecutor$5.run(SingleThreadEventExecutor.java:897)
	at org.apache.ratis.thirdparty.io.netty.util.concurrent.FastThreadLocalRunnable.run(FastThreadLocalRunnable.java:30)
	... 1 more
Caused by: java.net.ConnectException: Connection refused
	... 11 more
2019-09-27 09:21:19,725 [3336feff-37d1-4141-b1ec-acdf5527e46c@group-A7C4CCBA1937:LeaderElection90] INFO  impl.LeaderElection (LeaderElection.java:logAndReturn(56)) - 3336feff-37d1-4141-b1ec-acdf5527e46c@group-A7C4CCBA1937:LeaderElection90: Election REJECTED; received 0 response(s) [] and 2 exception(s); 3336feff-37d1-4141-b1ec-acdf5527e46c@group-A7C4CCBA1937:t3, leader=null, voted=3336feff-37d1-4141-b1ec-acdf5527e46c, raftlog=3336feff-37d1-4141-b1ec-acdf5527e46c@group-A7C4CCBA1937-SegmentedRaftLog:OPENED:c0,f0,i0, conf=0: [2c6b07a0-dd20-4844-842b-efa553872a87:192.168.151.103:35871, 82c6079f-0caa-41c9-82d7-90e7306895b1:192.168.151.103:43165, 3336feff-37d1-4141-b1ec-acdf5527e46c:192.168.151.103:37464], old=null
2019-09-27 09:21:19,725 [3336feff-37d1-4141-b1ec-acdf5527e46c@group-A7C4CCBA1937:LeaderElection90] INFO  impl.LeaderElection (LogUtils.java:infoOrTrace(149)) -   Exception 0: {}
java.util.concurrent.ExecutionException: org.apache.ratis.thirdparty.io.grpc.StatusRuntimeException: UNAVAILABLE: io exception
	at java.util.concurrent.FutureTask.report(FutureTask.java:122)
	at java.util.concurrent.FutureTask.get(FutureTask.java:192)
	at org.apache.ratis.server.impl.LeaderElection.waitForResults(LeaderElection.java:263)
	at org.apache.ratis.server.impl.LeaderElection.askForVotes(LeaderElection.java:201)
	at org.apache.ratis.server.impl.LeaderElection.run(LeaderElection.java:133)
	at java.lang.Thread.run(Thread.java:748)
Caused by: org.apache.ratis.thirdparty.io.grpc.StatusRuntimeException: UNAVAILABLE: io exception
	at org.apache.ratis.thirdparty.io.grpc.stub.ClientCalls.toStatusRuntimeException(ClientCalls.java:233)
	at org.apache.ratis.thirdparty.io.grpc.stub.ClientCalls.getUnchecked(ClientCalls.java:214)
	at org.apache.ratis.thirdparty.io.grpc.stub.ClientCalls.blockingUnaryCall(ClientCalls.java:139)
	at org.apache.ratis.proto.grpc.RaftServerProtocolServiceGrpc$RaftServerProtocolServiceBlockingStub.requestVote(RaftServerProtocolServiceGrpc.java:265)
	at org.apache.ratis.grpc.server.GrpcServerProtocolClient.requestVote(GrpcServerProtocolClient.java:90)
	at org.apache.ratis.grpc.server.GrpcService.requestVote(GrpcService.java:204)
	at org.apache.ratis.server.impl.LeaderElection.lambda$submitRequests$1(LeaderElection.java:238)
	at java.util.concurrent.FutureTask.run(FutureTask.java:266)
	at java.util.concurrent.Executors$RunnableAdapter.call(Executors.java:511)
	at java.util.concurrent.FutureTask.run(FutureTask.java:266)
	at java.util.concurrent.ThreadPoolExecutor.runWorker(ThreadPoolExecutor.java:1149)
	at java.util.concurrent.ThreadPoolExecutor$Worker.run(ThreadPoolExecutor.java:624)
	... 1 more
Caused by: org.apache.ratis.thirdparty.io.netty.channel.AbstractChannel$AnnotatedConnectException: Connection refused: /192.168.151.103:35871
	at sun.nio.ch.SocketChannelImpl.checkConnect(Native Method)
	at sun.nio.ch.SocketChannelImpl.finishConnect(SocketChannelImpl.java:717)
	at org.apache.ratis.thirdparty.io.netty.channel.socket.nio.NioSocketChannel.doFinishConnect(NioSocketChannel.java:327)
	at org.apache.ratis.thirdparty.io.netty.channel.nio.AbstractNioChannel$AbstractNioUnsafe.finishConnect(AbstractNioChannel.java:340)
	at org.apache.ratis.thirdparty.io.netty.channel.nio.NioEventLoop.processSelectedKey(NioEventLoop.java:632)
	at org.apache.ratis.thirdparty.io.netty.channel.nio.NioEventLoop.processSelectedKeysOptimized(NioEventLoop.java:579)
	at org.apache.ratis.thirdparty.io.netty.channel.nio.NioEventLoop.processSelectedKeys(NioEventLoop.java:496)
	at org.apache.ratis.thirdparty.io.netty.channel.nio.NioEventLoop.run(NioEventLoop.java:458)
	at org.apache.ratis.thirdparty.io.netty.util.concurrent.SingleThreadEventExecutor$5.run(SingleThreadEventExecutor.java:897)
	at org.apache.ratis.thirdparty.io.netty.util.concurrent.FastThreadLocalRunnable.run(FastThreadLocalRunnable.java:30)
	... 1 more
Caused by: java.net.ConnectException: Connection refused
	... 11 more
2019-09-27 09:21:19,726 [3336feff-37d1-4141-b1ec-acdf5527e46c@group-A7C4CCBA1937:LeaderElection90] INFO  impl.LeaderElection (LogUtils.java:infoOrTrace(149)) -   Exception 1: {}
java.util.concurrent.ExecutionException: org.apache.ratis.thirdparty.io.grpc.StatusRuntimeException: UNAVAILABLE: io exception
	at java.util.concurrent.FutureTask.report(FutureTask.java:122)
	at java.util.concurrent.FutureTask.get(FutureTask.java:192)
	at org.apache.ratis.server.impl.LeaderElection.waitForResults(LeaderElection.java:263)
	at org.apache.ratis.server.impl.LeaderElection.askForVotes(LeaderElection.java:201)
	at org.apache.ratis.server.impl.LeaderElection.run(LeaderElection.java:133)
	at java.lang.Thread.run(Thread.java:748)
Caused by: org.apache.ratis.thirdparty.io.grpc.StatusRuntimeException: UNAVAILABLE: io exception
	at org.apache.ratis.thirdparty.io.grpc.stub.ClientCalls.toStatusRuntimeException(ClientCalls.java:233)
	at org.apache.ratis.thirdparty.io.grpc.stub.ClientCalls.getUnchecked(ClientCalls.java:214)
	at org.apache.ratis.thirdparty.io.grpc.stub.ClientCalls.blockingUnaryCall(ClientCalls.java:139)
	at org.apache.ratis.proto.grpc.RaftServerProtocolServiceGrpc$RaftServerProtocolServiceBlockingStub.requestVote(RaftServerProtocolServiceGrpc.java:265)
	at org.apache.ratis.grpc.server.GrpcServerProtocolClient.requestVote(GrpcServerProtocolClient.java:90)
	at org.apache.ratis.grpc.server.GrpcService.requestVote(GrpcService.java:204)
	at org.apache.ratis.server.impl.LeaderElection.lambda$submitRequests$1(LeaderElection.java:238)
	at java.util.concurrent.FutureTask.run(FutureTask.java:266)
	at java.util.concurrent.Executors$RunnableAdapter.call(Executors.java:511)
	at java.util.concurrent.FutureTask.run(FutureTask.java:266)
	at java.util.concurrent.ThreadPoolExecutor.runWorker(ThreadPoolExecutor.java:1149)
	at java.util.concurrent.ThreadPoolExecutor$Worker.run(ThreadPoolExecutor.java:624)
	... 1 more
Caused by: org.apache.ratis.thirdparty.io.netty.channel.AbstractChannel$AnnotatedConnectException: Connection refused: /192.168.151.103:43165
	at sun.nio.ch.SocketChannelImpl.checkConnect(Native Method)
	at sun.nio.ch.SocketChannelImpl.finishConnect(SocketChannelImpl.java:717)
	at org.apache.ratis.thirdparty.io.netty.channel.socket.nio.NioSocketChannel.doFinishConnect(NioSocketChannel.java:327)
	at org.apache.ratis.thirdparty.io.netty.channel.nio.AbstractNioChannel$AbstractNioUnsafe.finishConnect(AbstractNioChannel.java:340)
	at org.apache.ratis.thirdparty.io.netty.channel.nio.NioEventLoop.processSelectedKey(NioEventLoop.java:632)
	at org.apache.ratis.thirdparty.io.netty.channel.nio.NioEventLoop.processSelectedKeysOptimized(NioEventLoop.java:579)
	at org.apache.ratis.thirdparty.io.netty.channel.nio.NioEventLoop.processSelectedKeys(NioEventLoop.java:496)
	at org.apache.ratis.thirdparty.io.netty.channel.nio.NioEventLoop.run(NioEventLoop.java:458)
	at org.apache.ratis.thirdparty.io.netty.util.concurrent.SingleThreadEventExecutor$5.run(SingleThreadEventExecutor.java:897)
	at org.apache.ratis.thirdparty.io.netty.util.concurrent.FastThreadLocalRunnable.run(FastThreadLocalRunnable.java:30)
	... 1 more
Caused by: java.net.ConnectException: Connection refused
	... 11 more
2019-09-27 09:21:19,726 [3336feff-37d1-4141-b1ec-acdf5527e46c@group-A7C4CCBA1937:LeaderElection90] INFO  impl.RaftServerImpl (RaftServerImpl.java:setRole(174)) - 3336feff-37d1-4141-b1ec-acdf5527e46c@group-A7C4CCBA1937: changes role from CANDIDATE to FOLLOWER at term 3 for DISCOVERED_A_NEW_TERM
2019-09-27 09:21:19,726 [3336feff-37d1-4141-b1ec-acdf5527e46c@group-A7C4CCBA1937:LeaderElection90] INFO  impl.RoleInfo (RoleInfo.java:shutdownLeaderElection(134)) - 3336feff-37d1-4141-b1ec-acdf5527e46c: shutdown LeaderElection
2019-09-27 09:21:19,726 [3336feff-37d1-4141-b1ec-acdf5527e46c@group-A7C4CCBA1937:LeaderElection90] INFO  impl.RoleInfo (RoleInfo.java:updateAndGet(143)) - 3336feff-37d1-4141-b1ec-acdf5527e46c: start FollowerState
2019-09-27 09:21:20,507 [Thread-5840] INFO  impl.FollowerState (FollowerState.java:run(106)) - 7387e8c6-1a4e-4257-8943-3fffd176a0ab:group-7ED8B9CF6619 changes to CANDIDATE, lastRpcTime:1112, electionTimeout:1112ms
2019-09-27 09:21:20,508 [Thread-5840] INFO  impl.RoleInfo (RoleInfo.java:shutdownFollowerState(121)) - 7387e8c6-1a4e-4257-8943-3fffd176a0ab: shutdown FollowerState
2019-09-27 09:21:20,508 [Thread-5840] INFO  impl.RaftServerImpl (RaftServerImpl.java:setRole(174)) - 7387e8c6-1a4e-4257-8943-3fffd176a0ab@group-7ED8B9CF6619: changes role from  FOLLOWER to CANDIDATE at term 5 for changeToCandidate
2019-09-27 09:21:20,508 [Thread-5840] INFO  impl.RoleInfo (RoleInfo.java:updateAndGet(143)) - 7387e8c6-1a4e-4257-8943-3fffd176a0ab: start LeaderElection
2019-09-27 09:21:20,522 [7387e8c6-1a4e-4257-8943-3fffd176a0ab@group-7ED8B9CF6619:LeaderElection91] INFO  impl.LeaderElection (LeaderElection.java:askForVotes(182)) - 7387e8c6-1a4e-4257-8943-3fffd176a0ab@group-7ED8B9CF6619:LeaderElection91: begin an election at term 6 for 1: [58a870c2-09d8-4538-b684-89d5a4d1d620:192.168.151.103:41551, 7387e8c6-1a4e-4257-8943-3fffd176a0ab:192.168.151.103:41069, 2ae76358-1a8d-4fd5-a4fd-20ea98138735:192.168.151.103:41875], old=null
2019-09-27 09:21:20,523 [7387e8c6-1a4e-4257-8943-3fffd176a0ab@group-7ED8B9CF6619:LeaderElection91] INFO  impl.LeaderElection (LogUtils.java:infoOrTrace(149)) - 7387e8c6-1a4e-4257-8943-3fffd176a0ab@group-7ED8B9CF6619:LeaderElection91 got exception when requesting votes: {}
java.util.concurrent.ExecutionException: org.apache.ratis.thirdparty.io.grpc.StatusRuntimeException: UNAVAILABLE: io exception
	at java.util.concurrent.FutureTask.report(FutureTask.java:122)
	at java.util.concurrent.FutureTask.get(FutureTask.java:192)
	at org.apache.ratis.server.impl.LeaderElection.waitForResults(LeaderElection.java:263)
	at org.apache.ratis.server.impl.LeaderElection.askForVotes(LeaderElection.java:201)
	at org.apache.ratis.server.impl.LeaderElection.run(LeaderElection.java:133)
	at java.lang.Thread.run(Thread.java:748)
Caused by: org.apache.ratis.thirdparty.io.grpc.StatusRuntimeException: UNAVAILABLE: io exception
	at org.apache.ratis.thirdparty.io.grpc.stub.ClientCalls.toStatusRuntimeException(ClientCalls.java:233)
	at org.apache.ratis.thirdparty.io.grpc.stub.ClientCalls.getUnchecked(ClientCalls.java:214)
	at org.apache.ratis.thirdparty.io.grpc.stub.ClientCalls.blockingUnaryCall(ClientCalls.java:139)
	at org.apache.ratis.proto.grpc.RaftServerProtocolServiceGrpc$RaftServerProtocolServiceBlockingStub.requestVote(RaftServerProtocolServiceGrpc.java:265)
	at org.apache.ratis.grpc.server.GrpcServerProtocolClient.requestVote(GrpcServerProtocolClient.java:90)
	at org.apache.ratis.grpc.server.GrpcService.requestVote(GrpcService.java:204)
	at org.apache.ratis.server.impl.LeaderElection.lambda$submitRequests$1(LeaderElection.java:238)
	at java.util.concurrent.FutureTask.run(FutureTask.java:266)
	at java.util.concurrent.Executors$RunnableAdapter.call(Executors.java:511)
	at java.util.concurrent.FutureTask.run(FutureTask.java:266)
	at java.util.concurrent.ThreadPoolExecutor.runWorker(ThreadPoolExecutor.java:1149)
	at java.util.concurrent.ThreadPoolExecutor$Worker.run(ThreadPoolExecutor.java:624)
	... 1 more
Caused by: org.apache.ratis.thirdparty.io.netty.channel.AbstractChannel$AnnotatedConnectException: Connection refused: /192.168.151.103:41551
	at sun.nio.ch.SocketChannelImpl.checkConnect(Native Method)
	at sun.nio.ch.SocketChannelImpl.finishConnect(SocketChannelImpl.java:717)
	at org.apache.ratis.thirdparty.io.netty.channel.socket.nio.NioSocketChannel.doFinishConnect(NioSocketChannel.java:327)
	at org.apache.ratis.thirdparty.io.netty.channel.nio.AbstractNioChannel$AbstractNioUnsafe.finishConnect(AbstractNioChannel.java:340)
	at org.apache.ratis.thirdparty.io.netty.channel.nio.NioEventLoop.processSelectedKey(NioEventLoop.java:632)
	at org.apache.ratis.thirdparty.io.netty.channel.nio.NioEventLoop.processSelectedKeysOptimized(NioEventLoop.java:579)
	at org.apache.ratis.thirdparty.io.netty.channel.nio.NioEventLoop.processSelectedKeys(NioEventLoop.java:496)
	at org.apache.ratis.thirdparty.io.netty.channel.nio.NioEventLoop.run(NioEventLoop.java:458)
	at org.apache.ratis.thirdparty.io.netty.util.concurrent.SingleThreadEventExecutor$5.run(SingleThreadEventExecutor.java:897)
	at org.apache.ratis.thirdparty.io.netty.util.concurrent.FastThreadLocalRunnable.run(FastThreadLocalRunnable.java:30)
	... 1 more
Caused by: java.net.ConnectException: Connection refused
	... 11 more
2019-09-27 09:21:20,526 [7387e8c6-1a4e-4257-8943-3fffd176a0ab@group-7ED8B9CF6619:LeaderElection91] INFO  impl.LeaderElection (LogUtils.java:infoOrTrace(149)) - 7387e8c6-1a4e-4257-8943-3fffd176a0ab@group-7ED8B9CF6619:LeaderElection91 got exception when requesting votes: {}
java.util.concurrent.ExecutionException: org.apache.ratis.thirdparty.io.grpc.StatusRuntimeException: UNAVAILABLE: io exception
	at java.util.concurrent.FutureTask.report(FutureTask.java:122)
	at java.util.concurrent.FutureTask.get(FutureTask.java:192)
	at org.apache.ratis.server.impl.LeaderElection.waitForResults(LeaderElection.java:263)
	at org.apache.ratis.server.impl.LeaderElection.askForVotes(LeaderElection.java:201)
	at org.apache.ratis.server.impl.LeaderElection.run(LeaderElection.java:133)
	at java.lang.Thread.run(Thread.java:748)
Caused by: org.apache.ratis.thirdparty.io.grpc.StatusRuntimeException: UNAVAILABLE: io exception
	at org.apache.ratis.thirdparty.io.grpc.stub.ClientCalls.toStatusRuntimeException(ClientCalls.java:233)
	at org.apache.ratis.thirdparty.io.grpc.stub.ClientCalls.getUnchecked(ClientCalls.java:214)
	at org.apache.ratis.thirdparty.io.grpc.stub.ClientCalls.blockingUnaryCall(ClientCalls.java:139)
	at org.apache.ratis.proto.grpc.RaftServerProtocolServiceGrpc$RaftServerProtocolServiceBlockingStub.requestVote(RaftServerProtocolServiceGrpc.java:265)
	at org.apache.ratis.grpc.server.GrpcServerProtocolClient.requestVote(GrpcServerProtocolClient.java:90)
	at org.apache.ratis.grpc.server.GrpcService.requestVote(GrpcService.java:204)
	at org.apache.ratis.server.impl.LeaderElection.lambda$submitRequests$1(LeaderElection.java:238)
	at java.util.concurrent.FutureTask.run(FutureTask.java:266)
	at java.util.concurrent.Executors$RunnableAdapter.call(Executors.java:511)
	at java.util.concurrent.FutureTask.run(FutureTask.java:266)
	at java.util.concurrent.ThreadPoolExecutor.runWorker(ThreadPoolExecutor.java:1149)
	at java.util.concurrent.ThreadPoolExecutor$Worker.run(ThreadPoolExecutor.java:624)
	... 1 more
Caused by: org.apache.ratis.thirdparty.io.netty.channel.AbstractChannel$AnnotatedConnectException: Connection refused: /192.168.151.103:41875
	at sun.nio.ch.SocketChannelImpl.checkConnect(Native Method)
	at sun.nio.ch.SocketChannelImpl.finishConnect(SocketChannelImpl.java:717)
	at org.apache.ratis.thirdparty.io.netty.channel.socket.nio.NioSocketChannel.doFinishConnect(NioSocketChannel.java:327)
	at org.apache.ratis.thirdparty.io.netty.channel.nio.AbstractNioChannel$AbstractNioUnsafe.finishConnect(AbstractNioChannel.java:340)
	at org.apache.ratis.thirdparty.io.netty.channel.nio.NioEventLoop.processSelectedKey(NioEventLoop.java:632)
	at org.apache.ratis.thirdparty.io.netty.channel.nio.NioEventLoop.processSelectedKeysOptimized(NioEventLoop.java:579)
	at org.apache.ratis.thirdparty.io.netty.channel.nio.NioEventLoop.processSelectedKeys(NioEventLoop.java:496)
	at org.apache.ratis.thirdparty.io.netty.channel.nio.NioEventLoop.run(NioEventLoop.java:458)
	at org.apache.ratis.thirdparty.io.netty.util.concurrent.SingleThreadEventExecutor$5.run(SingleThreadEventExecutor.java:897)
	at org.apache.ratis.thirdparty.io.netty.util.concurrent.FastThreadLocalRunnable.run(FastThreadLocalRunnable.java:30)
	... 1 more
Caused by: java.net.ConnectException: Connection refused
	... 11 more
2019-09-27 09:21:20,527 [7387e8c6-1a4e-4257-8943-3fffd176a0ab@group-7ED8B9CF6619:LeaderElection91] INFO  impl.LeaderElection (LeaderElection.java:logAndReturn(56)) - 7387e8c6-1a4e-4257-8943-3fffd176a0ab@group-7ED8B9CF6619:LeaderElection91: Election REJECTED; received 0 response(s) [] and 2 exception(s); 7387e8c6-1a4e-4257-8943-3fffd176a0ab@group-7ED8B9CF6619:t6, leader=null, voted=7387e8c6-1a4e-4257-8943-3fffd176a0ab, raftlog=7387e8c6-1a4e-4257-8943-3fffd176a0ab@group-7ED8B9CF6619-SegmentedRaftLog:OPENED:c2,f2,i2, conf=1: [58a870c2-09d8-4538-b684-89d5a4d1d620:192.168.151.103:41551, 7387e8c6-1a4e-4257-8943-3fffd176a0ab:192.168.151.103:41069, 2ae76358-1a8d-4fd5-a4fd-20ea98138735:192.168.151.103:41875], old=null
2019-09-27 09:21:20,528 [7387e8c6-1a4e-4257-8943-3fffd176a0ab@group-7ED8B9CF6619:LeaderElection91] INFO  impl.LeaderElection (LogUtils.java:infoOrTrace(149)) -   Exception 0: {}
java.util.concurrent.ExecutionException: org.apache.ratis.thirdparty.io.grpc.StatusRuntimeException: UNAVAILABLE: io exception
	at java.util.concurrent.FutureTask.report(FutureTask.java:122)
	at java.util.concurrent.FutureTask.get(FutureTask.java:192)
	at org.apache.ratis.server.impl.LeaderElection.waitForResults(LeaderElection.java:263)
	at org.apache.ratis.server.impl.LeaderElection.askForVotes(LeaderElection.java:201)
	at org.apache.ratis.server.impl.LeaderElection.run(LeaderElection.java:133)
	at java.lang.Thread.run(Thread.java:748)
Caused by: org.apache.ratis.thirdparty.io.grpc.StatusRuntimeException: UNAVAILABLE: io exception
	at org.apache.ratis.thirdparty.io.grpc.stub.ClientCalls.toStatusRuntimeException(ClientCalls.java:233)
	at org.apache.ratis.thirdparty.io.grpc.stub.ClientCalls.getUnchecked(ClientCalls.java:214)
	at org.apache.ratis.thirdparty.io.grpc.stub.ClientCalls.blockingUnaryCall(ClientCalls.java:139)
	at org.apache.ratis.proto.grpc.RaftServerProtocolServiceGrpc$RaftServerProtocolServiceBlockingStub.requestVote(RaftServerProtocolServiceGrpc.java:265)
	at org.apache.ratis.grpc.server.GrpcServerProtocolClient.requestVote(GrpcServerProtocolClient.java:90)
	at org.apache.ratis.grpc.server.GrpcService.requestVote(GrpcService.java:204)
	at org.apache.ratis.server.impl.LeaderElection.lambda$submitRequests$1(LeaderElection.java:238)
	at java.util.concurrent.FutureTask.run(FutureTask.java:266)
	at java.util.concurrent.Executors$RunnableAdapter.call(Executors.java:511)
	at java.util.concurrent.FutureTask.run(FutureTask.java:266)
	at java.util.concurrent.ThreadPoolExecutor.runWorker(ThreadPoolExecutor.java:1149)
	at java.util.concurrent.ThreadPoolExecutor$Worker.run(ThreadPoolExecutor.java:624)
	... 1 more
Caused by: org.apache.ratis.thirdparty.io.netty.channel.AbstractChannel$AnnotatedConnectException: Connection refused: /192.168.151.103:41551
	at sun.nio.ch.SocketChannelImpl.checkConnect(Native Method)
	at sun.nio.ch.SocketChannelImpl.finishConnect(SocketChannelImpl.java:717)
	at org.apache.ratis.thirdparty.io.netty.channel.socket.nio.NioSocketChannel.doFinishConnect(NioSocketChannel.java:327)
	at org.apache.ratis.thirdparty.io.netty.channel.nio.AbstractNioChannel$AbstractNioUnsafe.finishConnect(AbstractNioChannel.java:340)
	at org.apache.ratis.thirdparty.io.netty.channel.nio.NioEventLoop.processSelectedKey(NioEventLoop.java:632)
	at org.apache.ratis.thirdparty.io.netty.channel.nio.NioEventLoop.processSelectedKeysOptimized(NioEventLoop.java:579)
	at org.apache.ratis.thirdparty.io.netty.channel.nio.NioEventLoop.processSelectedKeys(NioEventLoop.java:496)
	at org.apache.ratis.thirdparty.io.netty.channel.nio.NioEventLoop.run(NioEventLoop.java:458)
	at org.apache.ratis.thirdparty.io.netty.util.concurrent.SingleThreadEventExecutor$5.run(SingleThreadEventExecutor.java:897)
	at org.apache.ratis.thirdparty.io.netty.util.concurrent.FastThreadLocalRunnable.run(FastThreadLocalRunnable.java:30)
	... 1 more
Caused by: java.net.ConnectException: Connection refused
	... 11 more
2019-09-27 09:21:20,528 [7387e8c6-1a4e-4257-8943-3fffd176a0ab@group-7ED8B9CF6619:LeaderElection91] INFO  impl.LeaderElection (LogUtils.java:infoOrTrace(149)) -   Exception 1: {}
java.util.concurrent.ExecutionException: org.apache.ratis.thirdparty.io.grpc.StatusRuntimeException: UNAVAILABLE: io exception
	at java.util.concurrent.FutureTask.report(FutureTask.java:122)
	at java.util.concurrent.FutureTask.get(FutureTask.java:192)
	at org.apache.ratis.server.impl.LeaderElection.waitForResults(LeaderElection.java:263)
	at org.apache.ratis.server.impl.LeaderElection.askForVotes(LeaderElection.java:201)
	at org.apache.ratis.server.impl.LeaderElection.run(LeaderElection.java:133)
	at java.lang.Thread.run(Thread.java:748)
Caused by: org.apache.ratis.thirdparty.io.grpc.StatusRuntimeException: UNAVAILABLE: io exception
	at org.apache.ratis.thirdparty.io.grpc.stub.ClientCalls.toStatusRuntimeException(ClientCalls.java:233)
	at org.apache.ratis.thirdparty.io.grpc.stub.ClientCalls.getUnchecked(ClientCalls.java:214)
	at org.apache.ratis.thirdparty.io.grpc.stub.ClientCalls.blockingUnaryCall(ClientCalls.java:139)
	at org.apache.ratis.proto.grpc.RaftServerProtocolServiceGrpc$RaftServerProtocolServiceBlockingStub.requestVote(RaftServerProtocolServiceGrpc.java:265)
	at org.apache.ratis.grpc.server.GrpcServerProtocolClient.requestVote(GrpcServerProtocolClient.java:90)
	at org.apache.ratis.grpc.server.GrpcService.requestVote(GrpcService.java:204)
	at org.apache.ratis.server.impl.LeaderElection.lambda$submitRequests$1(LeaderElection.java:238)
	at java.util.concurrent.FutureTask.run(FutureTask.java:266)
	at java.util.concurrent.Executors$RunnableAdapter.call(Executors.java:511)
	at java.util.concurrent.FutureTask.run(FutureTask.java:266)
	at java.util.concurrent.ThreadPoolExecutor.runWorker(ThreadPoolExecutor.java:1149)
	at java.util.concurrent.ThreadPoolExecutor$Worker.run(ThreadPoolExecutor.java:624)
	... 1 more
Caused by: org.apache.ratis.thirdparty.io.netty.channel.AbstractChannel$AnnotatedConnectException: Connection refused: /192.168.151.103:41875
	at sun.nio.ch.SocketChannelImpl.checkConnect(Native Method)
	at sun.nio.ch.SocketChannelImpl.finishConnect(SocketChannelImpl.java:717)
	at org.apache.ratis.thirdparty.io.netty.channel.socket.nio.NioSocketChannel.doFinishConnect(NioSocketChannel.java:327)
	at org.apache.ratis.thirdparty.io.netty.channel.nio.AbstractNioChannel$AbstractNioUnsafe.finishConnect(AbstractNioChannel.java:340)
	at org.apache.ratis.thirdparty.io.netty.channel.nio.NioEventLoop.processSelectedKey(NioEventLoop.java:632)
	at org.apache.ratis.thirdparty.io.netty.channel.nio.NioEventLoop.processSelectedKeysOptimized(NioEventLoop.java:579)
	at org.apache.ratis.thirdparty.io.netty.channel.nio.NioEventLoop.processSelectedKeys(NioEventLoop.java:496)
	at org.apache.ratis.thirdparty.io.netty.channel.nio.NioEventLoop.run(NioEventLoop.java:458)
	at org.apache.ratis.thirdparty.io.netty.util.concurrent.SingleThreadEventExecutor$5.run(SingleThreadEventExecutor.java:897)
	at org.apache.ratis.thirdparty.io.netty.util.concurrent.FastThreadLocalRunnable.run(FastThreadLocalRunnable.java:30)
	... 1 more
Caused by: java.net.ConnectException: Connection refused
	... 11 more
2019-09-27 09:21:20,528 [7387e8c6-1a4e-4257-8943-3fffd176a0ab@group-7ED8B9CF6619:LeaderElection91] INFO  impl.RaftServerImpl (RaftServerImpl.java:setRole(174)) - 7387e8c6-1a4e-4257-8943-3fffd176a0ab@group-7ED8B9CF6619: changes role from CANDIDATE to FOLLOWER at term 6 for DISCOVERED_A_NEW_TERM
2019-09-27 09:21:20,528 [7387e8c6-1a4e-4257-8943-3fffd176a0ab@group-7ED8B9CF6619:LeaderElection91] INFO  impl.RoleInfo (RoleInfo.java:shutdownLeaderElection(134)) - 7387e8c6-1a4e-4257-8943-3fffd176a0ab: shutdown LeaderElection
2019-09-27 09:21:20,528 [7387e8c6-1a4e-4257-8943-3fffd176a0ab@group-7ED8B9CF6619:LeaderElection91] INFO  impl.RoleInfo (RoleInfo.java:updateAndGet(143)) - 7387e8c6-1a4e-4257-8943-3fffd176a0ab: start FollowerState
2019-09-27 09:21:20,784 [Thread-5844] INFO  impl.FollowerState (FollowerState.java:run(106)) - 3336feff-37d1-4141-b1ec-acdf5527e46c:group-A7C4CCBA1937 changes to CANDIDATE, lastRpcTime:1057, electionTimeout:1057ms
2019-09-27 09:21:20,784 [Thread-5844] INFO  impl.RoleInfo (RoleInfo.java:shutdownFollowerState(121)) - 3336feff-37d1-4141-b1ec-acdf5527e46c: shutdown FollowerState
2019-09-27 09:21:20,784 [Thread-5844] INFO  impl.RaftServerImpl (RaftServerImpl.java:setRole(174)) - 3336feff-37d1-4141-b1ec-acdf5527e46c@group-A7C4CCBA1937: changes role from  FOLLOWER to CANDIDATE at term 3 for changeToCandidate
2019-09-27 09:21:20,785 [Thread-5844] INFO  impl.RoleInfo (RoleInfo.java:updateAndGet(143)) - 3336feff-37d1-4141-b1ec-acdf5527e46c: start LeaderElection
2019-09-27 09:21:20,799 [3336feff-37d1-4141-b1ec-acdf5527e46c@group-A7C4CCBA1937:LeaderElection92] INFO  impl.LeaderElection (LeaderElection.java:askForVotes(182)) - 3336feff-37d1-4141-b1ec-acdf5527e46c@group-A7C4CCBA1937:LeaderElection92: begin an election at term 4 for 0: [2c6b07a0-dd20-4844-842b-efa553872a87:192.168.151.103:35871, 82c6079f-0caa-41c9-82d7-90e7306895b1:192.168.151.103:43165, 3336feff-37d1-4141-b1ec-acdf5527e46c:192.168.151.103:37464], old=null
2019-09-27 09:21:20,800 [3336feff-37d1-4141-b1ec-acdf5527e46c@group-A7C4CCBA1937:LeaderElection92] INFO  impl.LeaderElection (LogUtils.java:infoOrTrace(149)) - 3336feff-37d1-4141-b1ec-acdf5527e46c@group-A7C4CCBA1937:LeaderElection92 got exception when requesting votes: {}
java.util.concurrent.ExecutionException: org.apache.ratis.thirdparty.io.grpc.StatusRuntimeException: UNAVAILABLE: io exception
	at java.util.concurrent.FutureTask.report(FutureTask.java:122)
	at java.util.concurrent.FutureTask.get(FutureTask.java:192)
	at org.apache.ratis.server.impl.LeaderElection.waitForResults(LeaderElection.java:263)
	at org.apache.ratis.server.impl.LeaderElection.askForVotes(LeaderElection.java:201)
	at org.apache.ratis.server.impl.LeaderElection.run(LeaderElection.java:133)
	at java.lang.Thread.run(Thread.java:748)
Caused by: org.apache.ratis.thirdparty.io.grpc.StatusRuntimeException: UNAVAILABLE: io exception
	at org.apache.ratis.thirdparty.io.grpc.stub.ClientCalls.toStatusRuntimeException(ClientCalls.java:233)
	at org.apache.ratis.thirdparty.io.grpc.stub.ClientCalls.getUnchecked(ClientCalls.java:214)
	at org.apache.ratis.thirdparty.io.grpc.stub.ClientCalls.blockingUnaryCall(ClientCalls.java:139)
	at org.apache.ratis.proto.grpc.RaftServerProtocolServiceGrpc$RaftServerProtocolServiceBlockingStub.requestVote(RaftServerProtocolServiceGrpc.java:265)
	at org.apache.ratis.grpc.server.GrpcServerProtocolClient.requestVote(GrpcServerProtocolClient.java:90)
	at org.apache.ratis.grpc.server.GrpcService.requestVote(GrpcService.java:204)
	at org.apache.ratis.server.impl.LeaderElection.lambda$submitRequests$1(LeaderElection.java:238)
	at java.util.concurrent.FutureTask.run(FutureTask.java:266)
	at java.util.concurrent.Executors$RunnableAdapter.call(Executors.java:511)
	at java.util.concurrent.FutureTask.run(FutureTask.java:266)
	at java.util.concurrent.ThreadPoolExecutor.runWorker(ThreadPoolExecutor.java:1149)
	at java.util.concurrent.ThreadPoolExecutor$Worker.run(ThreadPoolExecutor.java:624)
	... 1 more
Caused by: org.apache.ratis.thirdparty.io.netty.channel.AbstractChannel$AnnotatedConnectException: Connection refused: /192.168.151.103:43165
	at sun.nio.ch.SocketChannelImpl.checkConnect(Native Method)
	at sun.nio.ch.SocketChannelImpl.finishConnect(SocketChannelImpl.java:717)
	at org.apache.ratis.thirdparty.io.netty.channel.socket.nio.NioSocketChannel.doFinishConnect(NioSocketChannel.java:327)
	at org.apache.ratis.thirdparty.io.netty.channel.nio.AbstractNioChannel$AbstractNioUnsafe.finishConnect(AbstractNioChannel.java:340)
	at org.apache.ratis.thirdparty.io.netty.channel.nio.NioEventLoop.processSelectedKey(NioEventLoop.java:632)
	at org.apache.ratis.thirdparty.io.netty.channel.nio.NioEventLoop.processSelectedKeysOptimized(NioEventLoop.java:579)
	at org.apache.ratis.thirdparty.io.netty.channel.nio.NioEventLoop.processSelectedKeys(NioEventLoop.java:496)
	at org.apache.ratis.thirdparty.io.netty.channel.nio.NioEventLoop.run(NioEventLoop.java:458)
	at org.apache.ratis.thirdparty.io.netty.util.concurrent.SingleThreadEventExecutor$5.run(SingleThreadEventExecutor.java:897)
	at org.apache.ratis.thirdparty.io.netty.util.concurrent.FastThreadLocalRunnable.run(FastThreadLocalRunnable.java:30)
	... 1 more
Caused by: java.net.ConnectException: Connection refused
	... 11 more
2019-09-27 09:21:20,802 [3336feff-37d1-4141-b1ec-acdf5527e46c@group-A7C4CCBA1937:LeaderElection92] INFO  impl.LeaderElection (LogUtils.java:infoOrTrace(149)) - 3336feff-37d1-4141-b1ec-acdf5527e46c@group-A7C4CCBA1937:LeaderElection92 got exception when requesting votes: {}
java.util.concurrent.ExecutionException: org.apache.ratis.thirdparty.io.grpc.StatusRuntimeException: UNAVAILABLE: io exception
	at java.util.concurrent.FutureTask.report(FutureTask.java:122)
	at java.util.concurrent.FutureTask.get(FutureTask.java:192)
	at org.apache.ratis.server.impl.LeaderElection.waitForResults(LeaderElection.java:263)
	at org.apache.ratis.server.impl.LeaderElection.askForVotes(LeaderElection.java:201)
	at org.apache.ratis.server.impl.LeaderElection.run(LeaderElection.java:133)
	at java.lang.Thread.run(Thread.java:748)
Caused by: org.apache.ratis.thirdparty.io.grpc.StatusRuntimeException: UNAVAILABLE: io exception
	at org.apache.ratis.thirdparty.io.grpc.stub.ClientCalls.toStatusRuntimeException(ClientCalls.java:233)
	at org.apache.ratis.thirdparty.io.grpc.stub.ClientCalls.getUnchecked(ClientCalls.java:214)
	at org.apache.ratis.thirdparty.io.grpc.stub.ClientCalls.blockingUnaryCall(ClientCalls.java:139)
	at org.apache.ratis.proto.grpc.RaftServerProtocolServiceGrpc$RaftServerProtocolServiceBlockingStub.requestVote(RaftServerProtocolServiceGrpc.java:265)
	at org.apache.ratis.grpc.server.GrpcServerProtocolClient.requestVote(GrpcServerProtocolClient.java:90)
	at org.apache.ratis.grpc.server.GrpcService.requestVote(GrpcService.java:204)
	at org.apache.ratis.server.impl.LeaderElection.lambda$submitRequests$1(LeaderElection.java:238)
	at java.util.concurrent.FutureTask.run(FutureTask.java:266)
	at java.util.concurrent.Executors$RunnableAdapter.call(Executors.java:511)
	at java.util.concurrent.FutureTask.run(FutureTask.java:266)
	at java.util.concurrent.ThreadPoolExecutor.runWorker(ThreadPoolExecutor.java:1149)
	at java.util.concurrent.ThreadPoolExecutor$Worker.run(ThreadPoolExecutor.java:624)
	... 1 more
Caused by: org.apache.ratis.thirdparty.io.netty.channel.AbstractChannel$AnnotatedConnectException: Connection refused: /192.168.151.103:35871
	at sun.nio.ch.SocketChannelImpl.checkConnect(Native Method)
	at sun.nio.ch.SocketChannelImpl.finishConnect(SocketChannelImpl.java:717)
	at org.apache.ratis.thirdparty.io.netty.channel.socket.nio.NioSocketChannel.doFinishConnect(NioSocketChannel.java:327)
	at org.apache.ratis.thirdparty.io.netty.channel.nio.AbstractNioChannel$AbstractNioUnsafe.finishConnect(AbstractNioChannel.java:340)
	at org.apache.ratis.thirdparty.io.netty.channel.nio.NioEventLoop.processSelectedKey(NioEventLoop.java:632)
	at org.apache.ratis.thirdparty.io.netty.channel.nio.NioEventLoop.processSelectedKeysOptimized(NioEventLoop.java:579)
	at org.apache.ratis.thirdparty.io.netty.channel.nio.NioEventLoop.processSelectedKeys(NioEventLoop.java:496)
	at org.apache.ratis.thirdparty.io.netty.channel.nio.NioEventLoop.run(NioEventLoop.java:458)
	at org.apache.ratis.thirdparty.io.netty.util.concurrent.SingleThreadEventExecutor$5.run(SingleThreadEventExecutor.java:897)
	at org.apache.ratis.thirdparty.io.netty.util.concurrent.FastThreadLocalRunnable.run(FastThreadLocalRunnable.java:30)
	... 1 more
Caused by: java.net.ConnectException: Connection refused
	... 11 more
2019-09-27 09:21:20,804 [3336feff-37d1-4141-b1ec-acdf5527e46c@group-A7C4CCBA1937:LeaderElection92] INFO  impl.LeaderElection (LeaderElection.java:logAndReturn(56)) - 3336feff-37d1-4141-b1ec-acdf5527e46c@group-A7C4CCBA1937:LeaderElection92: Election REJECTED; received 0 response(s) [] and 2 exception(s); 3336feff-37d1-4141-b1ec-acdf5527e46c@group-A7C4CCBA1937:t4, leader=null, voted=3336feff-37d1-4141-b1ec-acdf5527e46c, raftlog=3336feff-37d1-4141-b1ec-acdf5527e46c@group-A7C4CCBA1937-SegmentedRaftLog:OPENED:c0,f0,i0, conf=0: [2c6b07a0-dd20-4844-842b-efa553872a87:192.168.151.103:35871, 82c6079f-0caa-41c9-82d7-90e7306895b1:192.168.151.103:43165, 3336feff-37d1-4141-b1ec-acdf5527e46c:192.168.151.103:37464], old=null
2019-09-27 09:21:20,804 [3336feff-37d1-4141-b1ec-acdf5527e46c@group-A7C4CCBA1937:LeaderElection92] INFO  impl.LeaderElection (LogUtils.java:infoOrTrace(149)) -   Exception 0: {}
java.util.concurrent.ExecutionException: org.apache.ratis.thirdparty.io.grpc.StatusRuntimeException: UNAVAILABLE: io exception
	at java.util.concurrent.FutureTask.report(FutureTask.java:122)
	at java.util.concurrent.FutureTask.get(FutureTask.java:192)
	at org.apache.ratis.server.impl.LeaderElection.waitForResults(LeaderElection.java:263)
	at org.apache.ratis.server.impl.LeaderElection.askForVotes(LeaderElection.java:201)
	at org.apache.ratis.server.impl.LeaderElection.run(LeaderElection.java:133)
	at java.lang.Thread.run(Thread.java:748)
Caused by: org.apache.ratis.thirdparty.io.grpc.StatusRuntimeException: UNAVAILABLE: io exception
	at org.apache.ratis.thirdparty.io.grpc.stub.ClientCalls.toStatusRuntimeException(ClientCalls.java:233)
	at org.apache.ratis.thirdparty.io.grpc.stub.ClientCalls.getUnchecked(ClientCalls.java:214)
	at org.apache.ratis.thirdparty.io.grpc.stub.ClientCalls.blockingUnaryCall(ClientCalls.java:139)
	at org.apache.ratis.proto.grpc.RaftServerProtocolServiceGrpc$RaftServerProtocolServiceBlockingStub.requestVote(RaftServerProtocolServiceGrpc.java:265)
	at org.apache.ratis.grpc.server.GrpcServerProtocolClient.requestVote(GrpcServerProtocolClient.java:90)
	at org.apache.ratis.grpc.server.GrpcService.requestVote(GrpcService.java:204)
	at org.apache.ratis.server.impl.LeaderElection.lambda$submitRequests$1(LeaderElection.java:238)
	at java.util.concurrent.FutureTask.run(FutureTask.java:266)
	at java.util.concurrent.Executors$RunnableAdapter.call(Executors.java:511)
	at java.util.concurrent.FutureTask.run(FutureTask.java:266)
	at java.util.concurrent.ThreadPoolExecutor.runWorker(ThreadPoolExecutor.java:1149)
	at java.util.concurrent.ThreadPoolExecutor$Worker.run(ThreadPoolExecutor.java:624)
	... 1 more
Caused by: org.apache.ratis.thirdparty.io.netty.channel.AbstractChannel$AnnotatedConnectException: Connection refused: /192.168.151.103:43165
	at sun.nio.ch.SocketChannelImpl.checkConnect(Native Method)
	at sun.nio.ch.SocketChannelImpl.finishConnect(SocketChannelImpl.java:717)
	at org.apache.ratis.thirdparty.io.netty.channel.socket.nio.NioSocketChannel.doFinishConnect(NioSocketChannel.java:327)
	at org.apache.ratis.thirdparty.io.netty.channel.nio.AbstractNioChannel$AbstractNioUnsafe.finishConnect(AbstractNioChannel.java:340)
	at org.apache.ratis.thirdparty.io.netty.channel.nio.NioEventLoop.processSelectedKey(NioEventLoop.java:632)
	at org.apache.ratis.thirdparty.io.netty.channel.nio.NioEventLoop.processSelectedKeysOptimized(NioEventLoop.java:579)
	at org.apache.ratis.thirdparty.io.netty.channel.nio.NioEventLoop.processSelectedKeys(NioEventLoop.java:496)
	at org.apache.ratis.thirdparty.io.netty.channel.nio.NioEventLoop.run(NioEventLoop.java:458)
	at org.apache.ratis.thirdparty.io.netty.util.concurrent.SingleThreadEventExecutor$5.run(SingleThreadEventExecutor.java:897)
	at org.apache.ratis.thirdparty.io.netty.util.concurrent.FastThreadLocalRunnable.run(FastThreadLocalRunnable.java:30)
	... 1 more
Caused by: java.net.ConnectException: Connection refused
	... 11 more
2019-09-27 09:21:20,804 [3336feff-37d1-4141-b1ec-acdf5527e46c@group-A7C4CCBA1937:LeaderElection92] INFO  impl.LeaderElection (LogUtils.java:infoOrTrace(149)) -   Exception 1: {}
java.util.concurrent.ExecutionException: org.apache.ratis.thirdparty.io.grpc.StatusRuntimeException: UNAVAILABLE: io exception
	at java.util.concurrent.FutureTask.report(FutureTask.java:122)
	at java.util.concurrent.FutureTask.get(FutureTask.java:192)
	at org.apache.ratis.server.impl.LeaderElection.waitForResults(LeaderElection.java:263)
	at org.apache.ratis.server.impl.LeaderElection.askForVotes(LeaderElection.java:201)
	at org.apache.ratis.server.impl.LeaderElection.run(LeaderElection.java:133)
	at java.lang.Thread.run(Thread.java:748)
Caused by: org.apache.ratis.thirdparty.io.grpc.StatusRuntimeException: UNAVAILABLE: io exception
	at org.apache.ratis.thirdparty.io.grpc.stub.ClientCalls.toStatusRuntimeException(ClientCalls.java:233)
	at org.apache.ratis.thirdparty.io.grpc.stub.ClientCalls.getUnchecked(ClientCalls.java:214)
	at org.apache.ratis.thirdparty.io.grpc.stub.ClientCalls.blockingUnaryCall(ClientCalls.java:139)
	at org.apache.ratis.proto.grpc.RaftServerProtocolServiceGrpc$RaftServerProtocolServiceBlockingStub.requestVote(RaftServerProtocolServiceGrpc.java:265)
	at org.apache.ratis.grpc.server.GrpcServerProtocolClient.requestVote(GrpcServerProtocolClient.java:90)
	at org.apache.ratis.grpc.server.GrpcService.requestVote(GrpcService.java:204)
	at org.apache.ratis.server.impl.LeaderElection.lambda$submitRequests$1(LeaderElection.java:238)
	at java.util.concurrent.FutureTask.run(FutureTask.java:266)
	at java.util.concurrent.Executors$RunnableAdapter.call(Executors.java:511)
	at java.util.concurrent.FutureTask.run(FutureTask.java:266)
	at java.util.concurrent.ThreadPoolExecutor.runWorker(ThreadPoolExecutor.java:1149)
	at java.util.concurrent.ThreadPoolExecutor$Worker.run(ThreadPoolExecutor.java:624)
	... 1 more
Caused by: org.apache.ratis.thirdparty.io.netty.channel.AbstractChannel$AnnotatedConnectException: Connection refused: /192.168.151.103:35871
	at sun.nio.ch.SocketChannelImpl.checkConnect(Native Method)
	at sun.nio.ch.SocketChannelImpl.finishConnect(SocketChannelImpl.java:717)
	at org.apache.ratis.thirdparty.io.netty.channel.socket.nio.NioSocketChannel.doFinishConnect(NioSocketChannel.java:327)
	at org.apache.ratis.thirdparty.io.netty.channel.nio.AbstractNioChannel$AbstractNioUnsafe.finishConnect(AbstractNioChannel.java:340)
	at org.apache.ratis.thirdparty.io.netty.channel.nio.NioEventLoop.processSelectedKey(NioEventLoop.java:632)
	at org.apache.ratis.thirdparty.io.netty.channel.nio.NioEventLoop.processSelectedKeysOptimized(NioEventLoop.java:579)
	at org.apache.ratis.thirdparty.io.netty.channel.nio.NioEventLoop.processSelectedKeys(NioEventLoop.java:496)
	at org.apache.ratis.thirdparty.io.netty.channel.nio.NioEventLoop.run(NioEventLoop.java:458)
	at org.apache.ratis.thirdparty.io.netty.util.concurrent.SingleThreadEventExecutor$5.run(SingleThreadEventExecutor.java:897)
	at org.apache.ratis.thirdparty.io.netty.util.concurrent.FastThreadLocalRunnable.run(FastThreadLocalRunnable.java:30)
	... 1 more
Caused by: java.net.ConnectException: Connection refused
	... 11 more
2019-09-27 09:21:20,804 [3336feff-37d1-4141-b1ec-acdf5527e46c@group-A7C4CCBA1937:LeaderElection92] INFO  impl.RaftServerImpl (RaftServerImpl.java:setRole(174)) - 3336feff-37d1-4141-b1ec-acdf5527e46c@group-A7C4CCBA1937: changes role from CANDIDATE to FOLLOWER at term 4 for DISCOVERED_A_NEW_TERM
2019-09-27 09:21:20,805 [3336feff-37d1-4141-b1ec-acdf5527e46c@group-A7C4CCBA1937:LeaderElection92] INFO  impl.RoleInfo (RoleInfo.java:shutdownLeaderElection(134)) - 3336feff-37d1-4141-b1ec-acdf5527e46c: shutdown LeaderElection
2019-09-27 09:21:20,805 [3336feff-37d1-4141-b1ec-acdf5527e46c@group-A7C4CCBA1937:LeaderElection92] INFO  impl.RoleInfo (RoleInfo.java:updateAndGet(143)) - 3336feff-37d1-4141-b1ec-acdf5527e46c: start FollowerState
2019-09-27 09:21:21,603 [Thread-5848] INFO  impl.FollowerState (FollowerState.java:run(106)) - 7387e8c6-1a4e-4257-8943-3fffd176a0ab:group-7ED8B9CF6619 changes to CANDIDATE, lastRpcTime:1074, electionTimeout:1074ms
2019-09-27 09:21:21,603 [Thread-5848] INFO  impl.RoleInfo (RoleInfo.java:shutdownFollowerState(121)) - 7387e8c6-1a4e-4257-8943-3fffd176a0ab: shutdown FollowerState
2019-09-27 09:21:21,604 [Thread-5848] INFO  impl.RaftServerImpl (RaftServerImpl.java:setRole(174)) - 7387e8c6-1a4e-4257-8943-3fffd176a0ab@group-7ED8B9CF6619: changes role from  FOLLOWER to CANDIDATE at term 6 for changeToCandidate
2019-09-27 09:21:21,604 [Thread-5848] INFO  impl.RoleInfo (RoleInfo.java:updateAndGet(143)) - 7387e8c6-1a4e-4257-8943-3fffd176a0ab: start LeaderElection
2019-09-27 09:21:21,618 [7387e8c6-1a4e-4257-8943-3fffd176a0ab@group-7ED8B9CF6619:LeaderElection93] INFO  impl.LeaderElection (LeaderElection.java:askForVotes(182)) - 7387e8c6-1a4e-4257-8943-3fffd176a0ab@group-7ED8B9CF6619:LeaderElection93: begin an election at term 7 for 1: [58a870c2-09d8-4538-b684-89d5a4d1d620:192.168.151.103:41551, 7387e8c6-1a4e-4257-8943-3fffd176a0ab:192.168.151.103:41069, 2ae76358-1a8d-4fd5-a4fd-20ea98138735:192.168.151.103:41875], old=null
2019-09-27 09:21:21,619 [7387e8c6-1a4e-4257-8943-3fffd176a0ab@group-7ED8B9CF6619:LeaderElection93] INFO  impl.LeaderElection (LogUtils.java:infoOrTrace(149)) - 7387e8c6-1a4e-4257-8943-3fffd176a0ab@group-7ED8B9CF6619:LeaderElection93 got exception when requesting votes: {}
java.util.concurrent.ExecutionException: org.apache.ratis.thirdparty.io.grpc.StatusRuntimeException: UNAVAILABLE: io exception
	at java.util.concurrent.FutureTask.report(FutureTask.java:122)
	at java.util.concurrent.FutureTask.get(FutureTask.java:192)
	at org.apache.ratis.server.impl.LeaderElection.waitForResults(LeaderElection.java:263)
	at org.apache.ratis.server.impl.LeaderElection.askForVotes(LeaderElection.java:201)
	at org.apache.ratis.server.impl.LeaderElection.run(LeaderElection.java:133)
	at java.lang.Thread.run(Thread.java:748)
Caused by: org.apache.ratis.thirdparty.io.grpc.StatusRuntimeException: UNAVAILABLE: io exception
	at org.apache.ratis.thirdparty.io.grpc.stub.ClientCalls.toStatusRuntimeException(ClientCalls.java:233)
	at org.apache.ratis.thirdparty.io.grpc.stub.ClientCalls.getUnchecked(ClientCalls.java:214)
	at org.apache.ratis.thirdparty.io.grpc.stub.ClientCalls.blockingUnaryCall(ClientCalls.java:139)
	at org.apache.ratis.proto.grpc.RaftServerProtocolServiceGrpc$RaftServerProtocolServiceBlockingStub.requestVote(RaftServerProtocolServiceGrpc.java:265)
	at org.apache.ratis.grpc.server.GrpcServerProtocolClient.requestVote(GrpcServerProtocolClient.java:90)
	at org.apache.ratis.grpc.server.GrpcService.requestVote(GrpcService.java:204)
	at org.apache.ratis.server.impl.LeaderElection.lambda$submitRequests$1(LeaderElection.java:238)
	at java.util.concurrent.FutureTask.run(FutureTask.java:266)
	at java.util.concurrent.Executors$RunnableAdapter.call(Executors.java:511)
	at java.util.concurrent.FutureTask.run(FutureTask.java:266)
	at java.util.concurrent.ThreadPoolExecutor.runWorker(ThreadPoolExecutor.java:1149)
	at java.util.concurrent.ThreadPoolExecutor$Worker.run(ThreadPoolExecutor.java:624)
	... 1 more
Caused by: org.apache.ratis.thirdparty.io.netty.channel.AbstractChannel$AnnotatedConnectException: Connection refused: /192.168.151.103:41551
	at sun.nio.ch.SocketChannelImpl.checkConnect(Native Method)
	at sun.nio.ch.SocketChannelImpl.finishConnect(SocketChannelImpl.java:717)
	at org.apache.ratis.thirdparty.io.netty.channel.socket.nio.NioSocketChannel.doFinishConnect(NioSocketChannel.java:327)
	at org.apache.ratis.thirdparty.io.netty.channel.nio.AbstractNioChannel$AbstractNioUnsafe.finishConnect(AbstractNioChannel.java:340)
	at org.apache.ratis.thirdparty.io.netty.channel.nio.NioEventLoop.processSelectedKey(NioEventLoop.java:632)
	at org.apache.ratis.thirdparty.io.netty.channel.nio.NioEventLoop.processSelectedKeysOptimized(NioEventLoop.java:579)
	at org.apache.ratis.thirdparty.io.netty.channel.nio.NioEventLoop.processSelectedKeys(NioEventLoop.java:496)
	at org.apache.ratis.thirdparty.io.netty.channel.nio.NioEventLoop.run(NioEventLoop.java:458)
	at org.apache.ratis.thirdparty.io.netty.util.concurrent.SingleThreadEventExecutor$5.run(SingleThreadEventExecutor.java:897)
	at org.apache.ratis.thirdparty.io.netty.util.concurrent.FastThreadLocalRunnable.run(FastThreadLocalRunnable.java:30)
	... 1 more
Caused by: java.net.ConnectException: Connection refused
	... 11 more
2019-09-27 09:21:21,622 [7387e8c6-1a4e-4257-8943-3fffd176a0ab@group-7ED8B9CF6619:LeaderElection93] INFO  impl.LeaderElection (LogUtils.java:infoOrTrace(149)) - 7387e8c6-1a4e-4257-8943-3fffd176a0ab@group-7ED8B9CF6619:LeaderElection93 got exception when requesting votes: {}
java.util.concurrent.ExecutionException: org.apache.ratis.thirdparty.io.grpc.StatusRuntimeException: UNAVAILABLE: io exception
	at java.util.concurrent.FutureTask.report(FutureTask.java:122)
	at java.util.concurrent.FutureTask.get(FutureTask.java:192)
	at org.apache.ratis.server.impl.LeaderElection.waitForResults(LeaderElection.java:263)
	at org.apache.ratis.server.impl.LeaderElection.askForVotes(LeaderElection.java:201)
	at org.apache.ratis.server.impl.LeaderElection.run(LeaderElection.java:133)
	at java.lang.Thread.run(Thread.java:748)
Caused by: org.apache.ratis.thirdparty.io.grpc.StatusRuntimeException: UNAVAILABLE: io exception
	at org.apache.ratis.thirdparty.io.grpc.stub.ClientCalls.toStatusRuntimeException(ClientCalls.java:233)
	at org.apache.ratis.thirdparty.io.grpc.stub.ClientCalls.getUnchecked(ClientCalls.java:214)
	at org.apache.ratis.thirdparty.io.grpc.stub.ClientCalls.blockingUnaryCall(ClientCalls.java:139)
	at org.apache.ratis.proto.grpc.RaftServerProtocolServiceGrpc$RaftServerProtocolServiceBlockingStub.requestVote(RaftServerProtocolServiceGrpc.java:265)
	at org.apache.ratis.grpc.server.GrpcServerProtocolClient.requestVote(GrpcServerProtocolClient.java:90)
	at org.apache.ratis.grpc.server.GrpcService.requestVote(GrpcService.java:204)
	at org.apache.ratis.server.impl.LeaderElection.lambda$submitRequests$1(LeaderElection.java:238)
	at java.util.concurrent.FutureTask.run(FutureTask.java:266)
	at java.util.concurrent.Executors$RunnableAdapter.call(Executors.java:511)
	at java.util.concurrent.FutureTask.run(FutureTask.java:266)
	at java.util.concurrent.ThreadPoolExecutor.runWorker(ThreadPoolExecutor.java:1149)
	at java.util.concurrent.ThreadPoolExecutor$Worker.run(ThreadPoolExecutor.java:624)
	... 1 more
Caused by: org.apache.ratis.thirdparty.io.netty.channel.AbstractChannel$AnnotatedConnectException: Connection refused: /192.168.151.103:41875
	at sun.nio.ch.SocketChannelImpl.checkConnect(Native Method)
	at sun.nio.ch.SocketChannelImpl.finishConnect(SocketChannelImpl.java:717)
	at org.apache.ratis.thirdparty.io.netty.channel.socket.nio.NioSocketChannel.doFinishConnect(NioSocketChannel.java:327)
	at org.apache.ratis.thirdparty.io.netty.channel.nio.AbstractNioChannel$AbstractNioUnsafe.finishConnect(AbstractNioChannel.java:340)
	at org.apache.ratis.thirdparty.io.netty.channel.nio.NioEventLoop.processSelectedKey(NioEventLoop.java:632)
	at org.apache.ratis.thirdparty.io.netty.channel.nio.NioEventLoop.processSelectedKeysOptimized(NioEventLoop.java:579)
	at org.apache.ratis.thirdparty.io.netty.channel.nio.NioEventLoop.processSelectedKeys(NioEventLoop.java:496)
	at org.apache.ratis.thirdparty.io.netty.channel.nio.NioEventLoop.run(NioEventLoop.java:458)
	at org.apache.ratis.thirdparty.io.netty.util.concurrent.SingleThreadEventExecutor$5.run(SingleThreadEventExecutor.java:897)
	at org.apache.ratis.thirdparty.io.netty.util.concurrent.FastThreadLocalRunnable.run(FastThreadLocalRunnable.java:30)
	... 1 more
Caused by: java.net.ConnectException: Connection refused
	... 11 more
2019-09-27 09:21:21,624 [7387e8c6-1a4e-4257-8943-3fffd176a0ab@group-7ED8B9CF6619:LeaderElection93] INFO  impl.LeaderElection (LeaderElection.java:logAndReturn(56)) - 7387e8c6-1a4e-4257-8943-3fffd176a0ab@group-7ED8B9CF6619:LeaderElection93: Election REJECTED; received 0 response(s) [] and 2 exception(s); 7387e8c6-1a4e-4257-8943-3fffd176a0ab@group-7ED8B9CF6619:t7, leader=null, voted=7387e8c6-1a4e-4257-8943-3fffd176a0ab, raftlog=7387e8c6-1a4e-4257-8943-3fffd176a0ab@group-7ED8B9CF6619-SegmentedRaftLog:OPENED:c2,f2,i2, conf=1: [58a870c2-09d8-4538-b684-89d5a4d1d620:192.168.151.103:41551, 7387e8c6-1a4e-4257-8943-3fffd176a0ab:192.168.151.103:41069, 2ae76358-1a8d-4fd5-a4fd-20ea98138735:192.168.151.103:41875], old=null
2019-09-27 09:21:21,624 [7387e8c6-1a4e-4257-8943-3fffd176a0ab@group-7ED8B9CF6619:LeaderElection93] INFO  impl.LeaderElection (LogUtils.java:infoOrTrace(149)) -   Exception 0: {}
java.util.concurrent.ExecutionException: org.apache.ratis.thirdparty.io.grpc.StatusRuntimeException: UNAVAILABLE: io exception
	at java.util.concurrent.FutureTask.report(FutureTask.java:122)
	at java.util.concurrent.FutureTask.get(FutureTask.java:192)
	at org.apache.ratis.server.impl.LeaderElection.waitForResults(LeaderElection.java:263)
	at org.apache.ratis.server.impl.LeaderElection.askForVotes(LeaderElection.java:201)
	at org.apache.ratis.server.impl.LeaderElection.run(LeaderElection.java:133)
	at java.lang.Thread.run(Thread.java:748)
Caused by: org.apache.ratis.thirdparty.io.grpc.StatusRuntimeException: UNAVAILABLE: io exception
	at org.apache.ratis.thirdparty.io.grpc.stub.ClientCalls.toStatusRuntimeException(ClientCalls.java:233)
	at org.apache.ratis.thirdparty.io.grpc.stub.ClientCalls.getUnchecked(ClientCalls.java:214)
	at org.apache.ratis.thirdparty.io.grpc.stub.ClientCalls.blockingUnaryCall(ClientCalls.java:139)
	at org.apache.ratis.proto.grpc.RaftServerProtocolServiceGrpc$RaftServerProtocolServiceBlockingStub.requestVote(RaftServerProtocolServiceGrpc.java:265)
	at org.apache.ratis.grpc.server.GrpcServerProtocolClient.requestVote(GrpcServerProtocolClient.java:90)
	at org.apache.ratis.grpc.server.GrpcService.requestVote(GrpcService.java:204)
	at org.apache.ratis.server.impl.LeaderElection.lambda$submitRequests$1(LeaderElection.java:238)
	at java.util.concurrent.FutureTask.run(FutureTask.java:266)
	at java.util.concurrent.Executors$RunnableAdapter.call(Executors.java:511)
	at java.util.concurrent.FutureTask.run(FutureTask.java:266)
	at java.util.concurrent.ThreadPoolExecutor.runWorker(ThreadPoolExecutor.java:1149)
	at java.util.concurrent.ThreadPoolExecutor$Worker.run(ThreadPoolExecutor.java:624)
	... 1 more
Caused by: org.apache.ratis.thirdparty.io.netty.channel.AbstractChannel$AnnotatedConnectException: Connection refused: /192.168.151.103:41551
	at sun.nio.ch.SocketChannelImpl.checkConnect(Native Method)
	at sun.nio.ch.SocketChannelImpl.finishConnect(SocketChannelImpl.java:717)
	at org.apache.ratis.thirdparty.io.netty.channel.socket.nio.NioSocketChannel.doFinishConnect(NioSocketChannel.java:327)
	at org.apache.ratis.thirdparty.io.netty.channel.nio.AbstractNioChannel$AbstractNioUnsafe.finishConnect(AbstractNioChannel.java:340)
	at org.apache.ratis.thirdparty.io.netty.channel.nio.NioEventLoop.processSelectedKey(NioEventLoop.java:632)
	at org.apache.ratis.thirdparty.io.netty.channel.nio.NioEventLoop.processSelectedKeysOptimized(NioEventLoop.java:579)
	at org.apache.ratis.thirdparty.io.netty.channel.nio.NioEventLoop.processSelectedKeys(NioEventLoop.java:496)
	at org.apache.ratis.thirdparty.io.netty.channel.nio.NioEventLoop.run(NioEventLoop.java:458)
	at org.apache.ratis.thirdparty.io.netty.util.concurrent.SingleThreadEventExecutor$5.run(SingleThreadEventExecutor.java:897)
	at org.apache.ratis.thirdparty.io.netty.util.concurrent.FastThreadLocalRunnable.run(FastThreadLocalRunnable.java:30)
	... 1 more
Caused by: java.net.ConnectException: Connection refused
	... 11 more
2019-09-27 09:21:21,625 [7387e8c6-1a4e-4257-8943-3fffd176a0ab@group-7ED8B9CF6619:LeaderElection93] INFO  impl.LeaderElection (LogUtils.java:infoOrTrace(149)) -   Exception 1: {}
java.util.concurrent.ExecutionException: org.apache.ratis.thirdparty.io.grpc.StatusRuntimeException: UNAVAILABLE: io exception
	at java.util.concurrent.FutureTask.report(FutureTask.java:122)
	at java.util.concurrent.FutureTask.get(FutureTask.java:192)
	at org.apache.ratis.server.impl.LeaderElection.waitForResults(LeaderElection.java:263)
	at org.apache.ratis.server.impl.LeaderElection.askForVotes(LeaderElection.java:201)
	at org.apache.ratis.server.impl.LeaderElection.run(LeaderElection.java:133)
	at java.lang.Thread.run(Thread.java:748)
Caused by: org.apache.ratis.thirdparty.io.grpc.StatusRuntimeException: UNAVAILABLE: io exception
	at org.apache.ratis.thirdparty.io.grpc.stub.ClientCalls.toStatusRuntimeException(ClientCalls.java:233)
	at org.apache.ratis.thirdparty.io.grpc.stub.ClientCalls.getUnchecked(ClientCalls.java:214)
	at org.apache.ratis.thirdparty.io.grpc.stub.ClientCalls.blockingUnaryCall(ClientCalls.java:139)
	at org.apache.ratis.proto.grpc.RaftServerProtocolServiceGrpc$RaftServerProtocolServiceBlockingStub.requestVote(RaftServerProtocolServiceGrpc.java:265)
	at org.apache.ratis.grpc.server.GrpcServerProtocolClient.requestVote(GrpcServerProtocolClient.java:90)
	at org.apache.ratis.grpc.server.GrpcService.requestVote(GrpcService.java:204)
	at org.apache.ratis.server.impl.LeaderElection.lambda$submitRequests$1(LeaderElection.java:238)
	at java.util.concurrent.FutureTask.run(FutureTask.java:266)
	at java.util.concurrent.Executors$RunnableAdapter.call(Executors.java:511)
	at java.util.concurrent.FutureTask.run(FutureTask.java:266)
	at java.util.concurrent.ThreadPoolExecutor.runWorker(ThreadPoolExecutor.java:1149)
	at java.util.concurrent.ThreadPoolExecutor$Worker.run(ThreadPoolExecutor.java:624)
	... 1 more
Caused by: org.apache.ratis.thirdparty.io.netty.channel.AbstractChannel$AnnotatedConnectException: Connection refused: /192.168.151.103:41875
	at sun.nio.ch.SocketChannelImpl.checkConnect(Native Method)
	at sun.nio.ch.SocketChannelImpl.finishConnect(SocketChannelImpl.java:717)
	at org.apache.ratis.thirdparty.io.netty.channel.socket.nio.NioSocketChannel.doFinishConnect(NioSocketChannel.java:327)
	at org.apache.ratis.thirdparty.io.netty.channel.nio.AbstractNioChannel$AbstractNioUnsafe.finishConnect(AbstractNioChannel.java:340)
	at org.apache.ratis.thirdparty.io.netty.channel.nio.NioEventLoop.processSelectedKey(NioEventLoop.java:632)
	at org.apache.ratis.thirdparty.io.netty.channel.nio.NioEventLoop.processSelectedKeysOptimized(NioEventLoop.java:579)
	at org.apache.ratis.thirdparty.io.netty.channel.nio.NioEventLoop.processSelectedKeys(NioEventLoop.java:496)
	at org.apache.ratis.thirdparty.io.netty.channel.nio.NioEventLoop.run(NioEventLoop.java:458)
	at org.apache.ratis.thirdparty.io.netty.util.concurrent.SingleThreadEventExecutor$5.run(SingleThreadEventExecutor.java:897)
	at org.apache.ratis.thirdparty.io.netty.util.concurrent.FastThreadLocalRunnable.run(FastThreadLocalRunnable.java:30)
	... 1 more
Caused by: java.net.ConnectException: Connection refused
	... 11 more
2019-09-27 09:21:21,625 [7387e8c6-1a4e-4257-8943-3fffd176a0ab@group-7ED8B9CF6619:LeaderElection93] INFO  impl.RaftServerImpl (RaftServerImpl.java:setRole(174)) - 7387e8c6-1a4e-4257-8943-3fffd176a0ab@group-7ED8B9CF6619: changes role from CANDIDATE to FOLLOWER at term 7 for DISCOVERED_A_NEW_TERM
2019-09-27 09:21:21,625 [7387e8c6-1a4e-4257-8943-3fffd176a0ab@group-7ED8B9CF6619:LeaderElection93] INFO  impl.RoleInfo (RoleInfo.java:shutdownLeaderElection(134)) - 7387e8c6-1a4e-4257-8943-3fffd176a0ab: shutdown LeaderElection
2019-09-27 09:21:21,625 [7387e8c6-1a4e-4257-8943-3fffd176a0ab@group-7ED8B9CF6619:LeaderElection93] INFO  impl.RoleInfo (RoleInfo.java:updateAndGet(143)) - 7387e8c6-1a4e-4257-8943-3fffd176a0ab: start FollowerState
2019-09-27 09:21:21,827 [Thread-5852] INFO  impl.FollowerState (FollowerState.java:run(106)) - 3336feff-37d1-4141-b1ec-acdf5527e46c:group-A7C4CCBA1937 changes to CANDIDATE, lastRpcTime:1022, electionTimeout:1022ms
2019-09-27 09:21:21,827 [Thread-5852] INFO  impl.RoleInfo (RoleInfo.java:shutdownFollowerState(121)) - 3336feff-37d1-4141-b1ec-acdf5527e46c: shutdown FollowerState
2019-09-27 09:21:21,828 [Thread-5852] INFO  impl.RaftServerImpl (RaftServerImpl.java:setRole(174)) - 3336feff-37d1-4141-b1ec-acdf5527e46c@group-A7C4CCBA1937: changes role from  FOLLOWER to CANDIDATE at term 4 for changeToCandidate
2019-09-27 09:21:21,828 [Thread-5852] INFO  impl.RoleInfo (RoleInfo.java:updateAndGet(143)) - 3336feff-37d1-4141-b1ec-acdf5527e46c: start LeaderElection
2019-09-27 09:21:21,842 [3336feff-37d1-4141-b1ec-acdf5527e46c@group-A7C4CCBA1937:LeaderElection94] INFO  impl.LeaderElection (LeaderElection.java:askForVotes(182)) - 3336feff-37d1-4141-b1ec-acdf5527e46c@group-A7C4CCBA1937:LeaderElection94: begin an election at term 5 for 0: [2c6b07a0-dd20-4844-842b-efa553872a87:192.168.151.103:35871, 82c6079f-0caa-41c9-82d7-90e7306895b1:192.168.151.103:43165, 3336feff-37d1-4141-b1ec-acdf5527e46c:192.168.151.103:37464], old=null
2019-09-27 09:21:21,843 [3336feff-37d1-4141-b1ec-acdf5527e46c@group-A7C4CCBA1937:LeaderElection94] INFO  impl.LeaderElection (LogUtils.java:infoOrTrace(149)) - 3336feff-37d1-4141-b1ec-acdf5527e46c@group-A7C4CCBA1937:LeaderElection94 got exception when requesting votes: {}
java.util.concurrent.ExecutionException: org.apache.ratis.thirdparty.io.grpc.StatusRuntimeException: UNAVAILABLE: io exception
	at java.util.concurrent.FutureTask.report(FutureTask.java:122)
	at java.util.concurrent.FutureTask.get(FutureTask.java:192)
	at org.apache.ratis.server.impl.LeaderElection.waitForResults(LeaderElection.java:263)
	at org.apache.ratis.server.impl.LeaderElection.askForVotes(LeaderElection.java:201)
	at org.apache.ratis.server.impl.LeaderElection.run(LeaderElection.java:133)
	at java.lang.Thread.run(Thread.java:748)
Caused by: org.apache.ratis.thirdparty.io.grpc.StatusRuntimeException: UNAVAILABLE: io exception
	at org.apache.ratis.thirdparty.io.grpc.stub.ClientCalls.toStatusRuntimeException(ClientCalls.java:233)
	at org.apache.ratis.thirdparty.io.grpc.stub.ClientCalls.getUnchecked(ClientCalls.java:214)
	at org.apache.ratis.thirdparty.io.grpc.stub.ClientCalls.blockingUnaryCall(ClientCalls.java:139)
	at org.apache.ratis.proto.grpc.RaftServerProtocolServiceGrpc$RaftServerProtocolServiceBlockingStub.requestVote(RaftServerProtocolServiceGrpc.java:265)
	at org.apache.ratis.grpc.server.GrpcServerProtocolClient.requestVote(GrpcServerProtocolClient.java:90)
	at org.apache.ratis.grpc.server.GrpcService.requestVote(GrpcService.java:204)
	at org.apache.ratis.server.impl.LeaderElection.lambda$submitRequests$1(LeaderElection.java:238)
	at java.util.concurrent.FutureTask.run(FutureTask.java:266)
	at java.util.concurrent.Executors$RunnableAdapter.call(Executors.java:511)
	at java.util.concurrent.FutureTask.run(FutureTask.java:266)
	at java.util.concurrent.ThreadPoolExecutor.runWorker(ThreadPoolExecutor.java:1149)
	at java.util.concurrent.ThreadPoolExecutor$Worker.run(ThreadPoolExecutor.java:624)
	... 1 more
Caused by: org.apache.ratis.thirdparty.io.netty.channel.AbstractChannel$AnnotatedConnectException: Connection refused: /192.168.151.103:35871
	at sun.nio.ch.SocketChannelImpl.checkConnect(Native Method)
	at sun.nio.ch.SocketChannelImpl.finishConnect(SocketChannelImpl.java:717)
	at org.apache.ratis.thirdparty.io.netty.channel.socket.nio.NioSocketChannel.doFinishConnect(NioSocketChannel.java:327)
	at org.apache.ratis.thirdparty.io.netty.channel.nio.AbstractNioChannel$AbstractNioUnsafe.finishConnect(AbstractNioChannel.java:340)
	at org.apache.ratis.thirdparty.io.netty.channel.nio.NioEventLoop.processSelectedKey(NioEventLoop.java:632)
	at org.apache.ratis.thirdparty.io.netty.channel.nio.NioEventLoop.processSelectedKeysOptimized(NioEventLoop.java:579)
	at org.apache.ratis.thirdparty.io.netty.channel.nio.NioEventLoop.processSelectedKeys(NioEventLoop.java:496)
	at org.apache.ratis.thirdparty.io.netty.channel.nio.NioEventLoop.run(NioEventLoop.java:458)
	at org.apache.ratis.thirdparty.io.netty.util.concurrent.SingleThreadEventExecutor$5.run(SingleThreadEventExecutor.java:897)
	at org.apache.ratis.thirdparty.io.netty.util.concurrent.FastThreadLocalRunnable.run(FastThreadLocalRunnable.java:30)
	... 1 more
Caused by: java.net.ConnectException: Connection refused
	... 11 more
2019-09-27 09:21:21,845 [3336feff-37d1-4141-b1ec-acdf5527e46c@group-A7C4CCBA1937:LeaderElection94] INFO  impl.LeaderElection (LogUtils.java:infoOrTrace(149)) - 3336feff-37d1-4141-b1ec-acdf5527e46c@group-A7C4CCBA1937:LeaderElection94 got exception when requesting votes: {}
java.util.concurrent.ExecutionException: org.apache.ratis.thirdparty.io.grpc.StatusRuntimeException: UNAVAILABLE: io exception
	at java.util.concurrent.FutureTask.report(FutureTask.java:122)
	at java.util.concurrent.FutureTask.get(FutureTask.java:192)
	at org.apache.ratis.server.impl.LeaderElection.waitForResults(LeaderElection.java:263)
	at org.apache.ratis.server.impl.LeaderElection.askForVotes(LeaderElection.java:201)
	at org.apache.ratis.server.impl.LeaderElection.run(LeaderElection.java:133)
	at java.lang.Thread.run(Thread.java:748)
Caused by: org.apache.ratis.thirdparty.io.grpc.StatusRuntimeException: UNAVAILABLE: io exception
	at org.apache.ratis.thirdparty.io.grpc.stub.ClientCalls.toStatusRuntimeException(ClientCalls.java:233)
	at org.apache.ratis.thirdparty.io.grpc.stub.ClientCalls.getUnchecked(ClientCalls.java:214)
	at org.apache.ratis.thirdparty.io.grpc.stub.ClientCalls.blockingUnaryCall(ClientCalls.java:139)
	at org.apache.ratis.proto.grpc.RaftServerProtocolServiceGrpc$RaftServerProtocolServiceBlockingStub.requestVote(RaftServerProtocolServiceGrpc.java:265)
	at org.apache.ratis.grpc.server.GrpcServerProtocolClient.requestVote(GrpcServerProtocolClient.java:90)
	at org.apache.ratis.grpc.server.GrpcService.requestVote(GrpcService.java:204)
	at org.apache.ratis.server.impl.LeaderElection.lambda$submitRequests$1(LeaderElection.java:238)
	at java.util.concurrent.FutureTask.run(FutureTask.java:266)
	at java.util.concurrent.Executors$RunnableAdapter.call(Executors.java:511)
	at java.util.concurrent.FutureTask.run(FutureTask.java:266)
	at java.util.concurrent.ThreadPoolExecutor.runWorker(ThreadPoolExecutor.java:1149)
	at java.util.concurrent.ThreadPoolExecutor$Worker.run(ThreadPoolExecutor.java:624)
	... 1 more
Caused by: org.apache.ratis.thirdparty.io.netty.channel.AbstractChannel$AnnotatedConnectException: Connection refused: /192.168.151.103:43165
	at sun.nio.ch.SocketChannelImpl.checkConnect(Native Method)
	at sun.nio.ch.SocketChannelImpl.finishConnect(SocketChannelImpl.java:717)
	at org.apache.ratis.thirdparty.io.netty.channel.socket.nio.NioSocketChannel.doFinishConnect(NioSocketChannel.java:327)
	at org.apache.ratis.thirdparty.io.netty.channel.nio.AbstractNioChannel$AbstractNioUnsafe.finishConnect(AbstractNioChannel.java:340)
	at org.apache.ratis.thirdparty.io.netty.channel.nio.NioEventLoop.processSelectedKey(NioEventLoop.java:632)
	at org.apache.ratis.thirdparty.io.netty.channel.nio.NioEventLoop.processSelectedKeysOptimized(NioEventLoop.java:579)
	at org.apache.ratis.thirdparty.io.netty.channel.nio.NioEventLoop.processSelectedKeys(NioEventLoop.java:496)
	at org.apache.ratis.thirdparty.io.netty.channel.nio.NioEventLoop.run(NioEventLoop.java:458)
	at org.apache.ratis.thirdparty.io.netty.util.concurrent.SingleThreadEventExecutor$5.run(SingleThreadEventExecutor.java:897)
	at org.apache.ratis.thirdparty.io.netty.util.concurrent.FastThreadLocalRunnable.run(FastThreadLocalRunnable.java:30)
	... 1 more
Caused by: java.net.ConnectException: Connection refused
	... 11 more
2019-09-27 09:21:21,847 [3336feff-37d1-4141-b1ec-acdf5527e46c@group-A7C4CCBA1937:LeaderElection94] INFO  impl.LeaderElection (LeaderElection.java:logAndReturn(56)) - 3336feff-37d1-4141-b1ec-acdf5527e46c@group-A7C4CCBA1937:LeaderElection94: Election REJECTED; received 0 response(s) [] and 2 exception(s); 3336feff-37d1-4141-b1ec-acdf5527e46c@group-A7C4CCBA1937:t5, leader=null, voted=3336feff-37d1-4141-b1ec-acdf5527e46c, raftlog=3336feff-37d1-4141-b1ec-acdf5527e46c@group-A7C4CCBA1937-SegmentedRaftLog:OPENED:c0,f0,i0, conf=0: [2c6b07a0-dd20-4844-842b-efa553872a87:192.168.151.103:35871, 82c6079f-0caa-41c9-82d7-90e7306895b1:192.168.151.103:43165, 3336feff-37d1-4141-b1ec-acdf5527e46c:192.168.151.103:37464], old=null
2019-09-27 09:21:21,847 [3336feff-37d1-4141-b1ec-acdf5527e46c@group-A7C4CCBA1937:LeaderElection94] INFO  impl.LeaderElection (LogUtils.java:infoOrTrace(149)) -   Exception 0: {}
java.util.concurrent.ExecutionException: org.apache.ratis.thirdparty.io.grpc.StatusRuntimeException: UNAVAILABLE: io exception
	at java.util.concurrent.FutureTask.report(FutureTask.java:122)
	at java.util.concurrent.FutureTask.get(FutureTask.java:192)
	at org.apache.ratis.server.impl.LeaderElection.waitForResults(LeaderElection.java:263)
	at org.apache.ratis.server.impl.LeaderElection.askForVotes(LeaderElection.java:201)
	at org.apache.ratis.server.impl.LeaderElection.run(LeaderElection.java:133)
	at java.lang.Thread.run(Thread.java:748)
Caused by: org.apache.ratis.thirdparty.io.grpc.StatusRuntimeException: UNAVAILABLE: io exception
	at org.apache.ratis.thirdparty.io.grpc.stub.ClientCalls.toStatusRuntimeException(ClientCalls.java:233)
	at org.apache.ratis.thirdparty.io.grpc.stub.ClientCalls.getUnchecked(ClientCalls.java:214)
	at org.apache.ratis.thirdparty.io.grpc.stub.ClientCalls.blockingUnaryCall(ClientCalls.java:139)
	at org.apache.ratis.proto.grpc.RaftServerProtocolServiceGrpc$RaftServerProtocolServiceBlockingStub.requestVote(RaftServerProtocolServiceGrpc.java:265)
	at org.apache.ratis.grpc.server.GrpcServerProtocolClient.requestVote(GrpcServerProtocolClient.java:90)
	at org.apache.ratis.grpc.server.GrpcService.requestVote(GrpcService.java:204)
	at org.apache.ratis.server.impl.LeaderElection.lambda$submitRequests$1(LeaderElection.java:238)
	at java.util.concurrent.FutureTask.run(FutureTask.java:266)
	at java.util.concurrent.Executors$RunnableAdapter.call(Executors.java:511)
	at java.util.concurrent.FutureTask.run(FutureTask.java:266)
	at java.util.concurrent.ThreadPoolExecutor.runWorker(ThreadPoolExecutor.java:1149)
	at java.util.concurrent.ThreadPoolExecutor$Worker.run(ThreadPoolExecutor.java:624)
	... 1 more
Caused by: org.apache.ratis.thirdparty.io.netty.channel.AbstractChannel$AnnotatedConnectException: Connection refused: /192.168.151.103:35871
	at sun.nio.ch.SocketChannelImpl.checkConnect(Native Method)
	at sun.nio.ch.SocketChannelImpl.finishConnect(SocketChannelImpl.java:717)
	at org.apache.ratis.thirdparty.io.netty.channel.socket.nio.NioSocketChannel.doFinishConnect(NioSocketChannel.java:327)
	at org.apache.ratis.thirdparty.io.netty.channel.nio.AbstractNioChannel$AbstractNioUnsafe.finishConnect(AbstractNioChannel.java:340)
	at org.apache.ratis.thirdparty.io.netty.channel.nio.NioEventLoop.processSelectedKey(NioEventLoop.java:632)
	at org.apache.ratis.thirdparty.io.netty.channel.nio.NioEventLoop.processSelectedKeysOptimized(NioEventLoop.java:579)
	at org.apache.ratis.thirdparty.io.netty.channel.nio.NioEventLoop.processSelectedKeys(NioEventLoop.java:496)
	at org.apache.ratis.thirdparty.io.netty.channel.nio.NioEventLoop.run(NioEventLoop.java:458)
	at org.apache.ratis.thirdparty.io.netty.util.concurrent.SingleThreadEventExecutor$5.run(SingleThreadEventExecutor.java:897)
	at org.apache.ratis.thirdparty.io.netty.util.concurrent.FastThreadLocalRunnable.run(FastThreadLocalRunnable.java:30)
	... 1 more
Caused by: java.net.ConnectException: Connection refused
	... 11 more
2019-09-27 09:21:21,848 [3336feff-37d1-4141-b1ec-acdf5527e46c@group-A7C4CCBA1937:LeaderElection94] INFO  impl.LeaderElection (LogUtils.java:infoOrTrace(149)) -   Exception 1: {}
java.util.concurrent.ExecutionException: org.apache.ratis.thirdparty.io.grpc.StatusRuntimeException: UNAVAILABLE: io exception
	at java.util.concurrent.FutureTask.report(FutureTask.java:122)
	at java.util.concurrent.FutureTask.get(FutureTask.java:192)
	at org.apache.ratis.server.impl.LeaderElection.waitForResults(LeaderElection.java:263)
	at org.apache.ratis.server.impl.LeaderElection.askForVotes(LeaderElection.java:201)
	at org.apache.ratis.server.impl.LeaderElection.run(LeaderElection.java:133)
	at java.lang.Thread.run(Thread.java:748)
Caused by: org.apache.ratis.thirdparty.io.grpc.StatusRuntimeException: UNAVAILABLE: io exception
	at org.apache.ratis.thirdparty.io.grpc.stub.ClientCalls.toStatusRuntimeException(ClientCalls.java:233)
	at org.apache.ratis.thirdparty.io.grpc.stub.ClientCalls.getUnchecked(ClientCalls.java:214)
	at org.apache.ratis.thirdparty.io.grpc.stub.ClientCalls.blockingUnaryCall(ClientCalls.java:139)
	at org.apache.ratis.proto.grpc.RaftServerProtocolServiceGrpc$RaftServerProtocolServiceBlockingStub.requestVote(RaftServerProtocolServiceGrpc.java:265)
	at org.apache.ratis.grpc.server.GrpcServerProtocolClient.requestVote(GrpcServerProtocolClient.java:90)
	at org.apache.ratis.grpc.server.GrpcService.requestVote(GrpcService.java:204)
	at org.apache.ratis.server.impl.LeaderElection.lambda$submitRequests$1(LeaderElection.java:238)
	at java.util.concurrent.FutureTask.run(FutureTask.java:266)
	at java.util.concurrent.Executors$RunnableAdapter.call(Executors.java:511)
	at java.util.concurrent.FutureTask.run(FutureTask.java:266)
	at java.util.concurrent.ThreadPoolExecutor.runWorker(ThreadPoolExecutor.java:1149)
	at java.util.concurrent.ThreadPoolExecutor$Worker.run(ThreadPoolExecutor.java:624)
	... 1 more
Caused by: org.apache.ratis.thirdparty.io.netty.channel.AbstractChannel$AnnotatedConnectException: Connection refused: /192.168.151.103:43165
	at sun.nio.ch.SocketChannelImpl.checkConnect(Native Method)
	at sun.nio.ch.SocketChannelImpl.finishConnect(SocketChannelImpl.java:717)
	at org.apache.ratis.thirdparty.io.netty.channel.socket.nio.NioSocketChannel.doFinishConnect(NioSocketChannel.java:327)
	at org.apache.ratis.thirdparty.io.netty.channel.nio.AbstractNioChannel$AbstractNioUnsafe.finishConnect(AbstractNioChannel.java:340)
	at org.apache.ratis.thirdparty.io.netty.channel.nio.NioEventLoop.processSelectedKey(NioEventLoop.java:632)
	at org.apache.ratis.thirdparty.io.netty.channel.nio.NioEventLoop.processSelectedKeysOptimized(NioEventLoop.java:579)
	at org.apache.ratis.thirdparty.io.netty.channel.nio.NioEventLoop.processSelectedKeys(NioEventLoop.java:496)
	at org.apache.ratis.thirdparty.io.netty.channel.nio.NioEventLoop.run(NioEventLoop.java:458)
	at org.apache.ratis.thirdparty.io.netty.util.concurrent.SingleThreadEventExecutor$5.run(SingleThreadEventExecutor.java:897)
	at org.apache.ratis.thirdparty.io.netty.util.concurrent.FastThreadLocalRunnable.run(FastThreadLocalRunnable.java:30)
	... 1 more
Caused by: java.net.ConnectException: Connection refused
	... 11 more
2019-09-27 09:21:21,848 [3336feff-37d1-4141-b1ec-acdf5527e46c@group-A7C4CCBA1937:LeaderElection94] INFO  impl.RaftServerImpl (RaftServerImpl.java:setRole(174)) - 3336feff-37d1-4141-b1ec-acdf5527e46c@group-A7C4CCBA1937: changes role from CANDIDATE to FOLLOWER at term 5 for DISCOVERED_A_NEW_TERM
2019-09-27 09:21:21,848 [3336feff-37d1-4141-b1ec-acdf5527e46c@group-A7C4CCBA1937:LeaderElection94] INFO  impl.RoleInfo (RoleInfo.java:shutdownLeaderElection(134)) - 3336feff-37d1-4141-b1ec-acdf5527e46c: shutdown LeaderElection
2019-09-27 09:21:21,848 [3336feff-37d1-4141-b1ec-acdf5527e46c@group-A7C4CCBA1937:LeaderElection94] INFO  impl.RoleInfo (RoleInfo.java:updateAndGet(143)) - 3336feff-37d1-4141-b1ec-acdf5527e46c: start FollowerState
2019-09-27 09:21:22,769 [Thread-5856] INFO  impl.FollowerState (FollowerState.java:run(106)) - 7387e8c6-1a4e-4257-8943-3fffd176a0ab:group-7ED8B9CF6619 changes to CANDIDATE, lastRpcTime:1143, electionTimeout:1143ms
2019-09-27 09:21:22,769 [Thread-5856] INFO  impl.RoleInfo (RoleInfo.java:shutdownFollowerState(121)) - 7387e8c6-1a4e-4257-8943-3fffd176a0ab: shutdown FollowerState
2019-09-27 09:21:22,770 [Thread-5856] INFO  impl.RaftServerImpl (RaftServerImpl.java:setRole(174)) - 7387e8c6-1a4e-4257-8943-3fffd176a0ab@group-7ED8B9CF6619: changes role from  FOLLOWER to CANDIDATE at term 7 for changeToCandidate
2019-09-27 09:21:22,770 [Thread-5856] INFO  impl.RoleInfo (RoleInfo.java:updateAndGet(143)) - 7387e8c6-1a4e-4257-8943-3fffd176a0ab: start LeaderElection
2019-09-27 09:21:22,784 [7387e8c6-1a4e-4257-8943-3fffd176a0ab@group-7ED8B9CF6619:LeaderElection95] INFO  impl.LeaderElection (LeaderElection.java:askForVotes(182)) - 7387e8c6-1a4e-4257-8943-3fffd176a0ab@group-7ED8B9CF6619:LeaderElection95: begin an election at term 8 for 1: [58a870c2-09d8-4538-b684-89d5a4d1d620:192.168.151.103:41551, 7387e8c6-1a4e-4257-8943-3fffd176a0ab:192.168.151.103:41069, 2ae76358-1a8d-4fd5-a4fd-20ea98138735:192.168.151.103:41875], old=null
2019-09-27 09:21:22,785 [7387e8c6-1a4e-4257-8943-3fffd176a0ab@group-7ED8B9CF6619:LeaderElection95] INFO  impl.LeaderElection (LogUtils.java:infoOrTrace(149)) - 7387e8c6-1a4e-4257-8943-3fffd176a0ab@group-7ED8B9CF6619:LeaderElection95 got exception when requesting votes: {}
java.util.concurrent.ExecutionException: org.apache.ratis.thirdparty.io.grpc.StatusRuntimeException: UNAVAILABLE: io exception
	at java.util.concurrent.FutureTask.report(FutureTask.java:122)
	at java.util.concurrent.FutureTask.get(FutureTask.java:192)
	at org.apache.ratis.server.impl.LeaderElection.waitForResults(LeaderElection.java:263)
	at org.apache.ratis.server.impl.LeaderElection.askForVotes(LeaderElection.java:201)
	at org.apache.ratis.server.impl.LeaderElection.run(LeaderElection.java:133)
	at java.lang.Thread.run(Thread.java:748)
Caused by: org.apache.ratis.thirdparty.io.grpc.StatusRuntimeException: UNAVAILABLE: io exception
	at org.apache.ratis.thirdparty.io.grpc.stub.ClientCalls.toStatusRuntimeException(ClientCalls.java:233)
	at org.apache.ratis.thirdparty.io.grpc.stub.ClientCalls.getUnchecked(ClientCalls.java:214)
	at org.apache.ratis.thirdparty.io.grpc.stub.ClientCalls.blockingUnaryCall(ClientCalls.java:139)
	at org.apache.ratis.proto.grpc.RaftServerProtocolServiceGrpc$RaftServerProtocolServiceBlockingStub.requestVote(RaftServerProtocolServiceGrpc.java:265)
	at org.apache.ratis.grpc.server.GrpcServerProtocolClient.requestVote(GrpcServerProtocolClient.java:90)
	at org.apache.ratis.grpc.server.GrpcService.requestVote(GrpcService.java:204)
	at org.apache.ratis.server.impl.LeaderElection.lambda$submitRequests$1(LeaderElection.java:238)
	at java.util.concurrent.FutureTask.run(FutureTask.java:266)
	at java.util.concurrent.Executors$RunnableAdapter.call(Executors.java:511)
	at java.util.concurrent.FutureTask.run(FutureTask.java:266)
	at java.util.concurrent.ThreadPoolExecutor.runWorker(ThreadPoolExecutor.java:1149)
	at java.util.concurrent.ThreadPoolExecutor$Worker.run(ThreadPoolExecutor.java:624)
	... 1 more
Caused by: org.apache.ratis.thirdparty.io.netty.channel.AbstractChannel$AnnotatedConnectException: Connection refused: /192.168.151.103:41551
	at sun.nio.ch.SocketChannelImpl.checkConnect(Native Method)
	at sun.nio.ch.SocketChannelImpl.finishConnect(SocketChannelImpl.java:717)
	at org.apache.ratis.thirdparty.io.netty.channel.socket.nio.NioSocketChannel.doFinishConnect(NioSocketChannel.java:327)
	at org.apache.ratis.thirdparty.io.netty.channel.nio.AbstractNioChannel$AbstractNioUnsafe.finishConnect(AbstractNioChannel.java:340)
	at org.apache.ratis.thirdparty.io.netty.channel.nio.NioEventLoop.processSelectedKey(NioEventLoop.java:632)
	at org.apache.ratis.thirdparty.io.netty.channel.nio.NioEventLoop.processSelectedKeysOptimized(NioEventLoop.java:579)
	at org.apache.ratis.thirdparty.io.netty.channel.nio.NioEventLoop.processSelectedKeys(NioEventLoop.java:496)
	at org.apache.ratis.thirdparty.io.netty.channel.nio.NioEventLoop.run(NioEventLoop.java:458)
	at org.apache.ratis.thirdparty.io.netty.util.concurrent.SingleThreadEventExecutor$5.run(SingleThreadEventExecutor.java:897)
	at org.apache.ratis.thirdparty.io.netty.util.concurrent.FastThreadLocalRunnable.run(FastThreadLocalRunnable.java:30)
	... 1 more
Caused by: java.net.ConnectException: Connection refused
	... 11 more
2019-09-27 09:21:22,788 [7387e8c6-1a4e-4257-8943-3fffd176a0ab@group-7ED8B9CF6619:LeaderElection95] INFO  impl.LeaderElection (LogUtils.java:infoOrTrace(149)) - 7387e8c6-1a4e-4257-8943-3fffd176a0ab@group-7ED8B9CF6619:LeaderElection95 got exception when requesting votes: {}
java.util.concurrent.ExecutionException: org.apache.ratis.thirdparty.io.grpc.StatusRuntimeException: UNAVAILABLE: io exception
	at java.util.concurrent.FutureTask.report(FutureTask.java:122)
	at java.util.concurrent.FutureTask.get(FutureTask.java:192)
	at org.apache.ratis.server.impl.LeaderElection.waitForResults(LeaderElection.java:263)
	at org.apache.ratis.server.impl.LeaderElection.askForVotes(LeaderElection.java:201)
	at org.apache.ratis.server.impl.LeaderElection.run(LeaderElection.java:133)
	at java.lang.Thread.run(Thread.java:748)
Caused by: org.apache.ratis.thirdparty.io.grpc.StatusRuntimeException: UNAVAILABLE: io exception
	at org.apache.ratis.thirdparty.io.grpc.stub.ClientCalls.toStatusRuntimeException(ClientCalls.java:233)
	at org.apache.ratis.thirdparty.io.grpc.stub.ClientCalls.getUnchecked(ClientCalls.java:214)
	at org.apache.ratis.thirdparty.io.grpc.stub.ClientCalls.blockingUnaryCall(ClientCalls.java:139)
	at org.apache.ratis.proto.grpc.RaftServerProtocolServiceGrpc$RaftServerProtocolServiceBlockingStub.requestVote(RaftServerProtocolServiceGrpc.java:265)
	at org.apache.ratis.grpc.server.GrpcServerProtocolClient.requestVote(GrpcServerProtocolClient.java:90)
	at org.apache.ratis.grpc.server.GrpcService.requestVote(GrpcService.java:204)
	at org.apache.ratis.server.impl.LeaderElection.lambda$submitRequests$1(LeaderElection.java:238)
	at java.util.concurrent.FutureTask.run(FutureTask.java:266)
	at java.util.concurrent.Executors$RunnableAdapter.call(Executors.java:511)
	at java.util.concurrent.FutureTask.run(FutureTask.java:266)
	at java.util.concurrent.ThreadPoolExecutor.runWorker(ThreadPoolExecutor.java:1149)
	at java.util.concurrent.ThreadPoolExecutor$Worker.run(ThreadPoolExecutor.java:624)
	... 1 more
Caused by: org.apache.ratis.thirdparty.io.netty.channel.AbstractChannel$AnnotatedConnectException: Connection refused: /192.168.151.103:41875
	at sun.nio.ch.SocketChannelImpl.checkConnect(Native Method)
	at sun.nio.ch.SocketChannelImpl.finishConnect(SocketChannelImpl.java:717)
	at org.apache.ratis.thirdparty.io.netty.channel.socket.nio.NioSocketChannel.doFinishConnect(NioSocketChannel.java:327)
	at org.apache.ratis.thirdparty.io.netty.channel.nio.AbstractNioChannel$AbstractNioUnsafe.finishConnect(AbstractNioChannel.java:340)
	at org.apache.ratis.thirdparty.io.netty.channel.nio.NioEventLoop.processSelectedKey(NioEventLoop.java:632)
	at org.apache.ratis.thirdparty.io.netty.channel.nio.NioEventLoop.processSelectedKeysOptimized(NioEventLoop.java:579)
	at org.apache.ratis.thirdparty.io.netty.channel.nio.NioEventLoop.processSelectedKeys(NioEventLoop.java:496)
	at org.apache.ratis.thirdparty.io.netty.channel.nio.NioEventLoop.run(NioEventLoop.java:458)
	at org.apache.ratis.thirdparty.io.netty.util.concurrent.SingleThreadEventExecutor$5.run(SingleThreadEventExecutor.java:897)
	at org.apache.ratis.thirdparty.io.netty.util.concurrent.FastThreadLocalRunnable.run(FastThreadLocalRunnable.java:30)
	... 1 more
Caused by: java.net.ConnectException: Connection refused
	... 11 more
2019-09-27 09:21:22,790 [7387e8c6-1a4e-4257-8943-3fffd176a0ab@group-7ED8B9CF6619:LeaderElection95] INFO  impl.LeaderElection (LeaderElection.java:logAndReturn(56)) - 7387e8c6-1a4e-4257-8943-3fffd176a0ab@group-7ED8B9CF6619:LeaderElection95: Election REJECTED; received 0 response(s) [] and 2 exception(s); 7387e8c6-1a4e-4257-8943-3fffd176a0ab@group-7ED8B9CF6619:t8, leader=null, voted=7387e8c6-1a4e-4257-8943-3fffd176a0ab, raftlog=7387e8c6-1a4e-4257-8943-3fffd176a0ab@group-7ED8B9CF6619-SegmentedRaftLog:OPENED:c2,f2,i2, conf=1: [58a870c2-09d8-4538-b684-89d5a4d1d620:192.168.151.103:41551, 7387e8c6-1a4e-4257-8943-3fffd176a0ab:192.168.151.103:41069, 2ae76358-1a8d-4fd5-a4fd-20ea98138735:192.168.151.103:41875], old=null
2019-09-27 09:21:22,790 [7387e8c6-1a4e-4257-8943-3fffd176a0ab@group-7ED8B9CF6619:LeaderElection95] INFO  impl.LeaderElection (LogUtils.java:infoOrTrace(149)) -   Exception 0: {}
java.util.concurrent.ExecutionException: org.apache.ratis.thirdparty.io.grpc.StatusRuntimeException: UNAVAILABLE: io exception
	at java.util.concurrent.FutureTask.report(FutureTask.java:122)
	at java.util.concurrent.FutureTask.get(FutureTask.java:192)
	at org.apache.ratis.server.impl.LeaderElection.waitForResults(LeaderElection.java:263)
	at org.apache.ratis.server.impl.LeaderElection.askForVotes(LeaderElection.java:201)
	at org.apache.ratis.server.impl.LeaderElection.run(LeaderElection.java:133)
	at java.lang.Thread.run(Thread.java:748)
Caused by: org.apache.ratis.thirdparty.io.grpc.StatusRuntimeException: UNAVAILABLE: io exception
	at org.apache.ratis.thirdparty.io.grpc.stub.ClientCalls.toStatusRuntimeException(ClientCalls.java:233)
	at org.apache.ratis.thirdparty.io.grpc.stub.ClientCalls.getUnchecked(ClientCalls.java:214)
	at org.apache.ratis.thirdparty.io.grpc.stub.ClientCalls.blockingUnaryCall(ClientCalls.java:139)
	at org.apache.ratis.proto.grpc.RaftServerProtocolServiceGrpc$RaftServerProtocolServiceBlockingStub.requestVote(RaftServerProtocolServiceGrpc.java:265)
	at org.apache.ratis.grpc.server.GrpcServerProtocolClient.requestVote(GrpcServerProtocolClient.java:90)
	at org.apache.ratis.grpc.server.GrpcService.requestVote(GrpcService.java:204)
	at org.apache.ratis.server.impl.LeaderElection.lambda$submitRequests$1(LeaderElection.java:238)
	at java.util.concurrent.FutureTask.run(FutureTask.java:266)
	at java.util.concurrent.Executors$RunnableAdapter.call(Executors.java:511)
	at java.util.concurrent.FutureTask.run(FutureTask.java:266)
	at java.util.concurrent.ThreadPoolExecutor.runWorker(ThreadPoolExecutor.java:1149)
	at java.util.concurrent.ThreadPoolExecutor$Worker.run(ThreadPoolExecutor.java:624)
	... 1 more
Caused by: org.apache.ratis.thirdparty.io.netty.channel.AbstractChannel$AnnotatedConnectException: Connection refused: /192.168.151.103:41551
	at sun.nio.ch.SocketChannelImpl.checkConnect(Native Method)
	at sun.nio.ch.SocketChannelImpl.finishConnect(SocketChannelImpl.java:717)
	at org.apache.ratis.thirdparty.io.netty.channel.socket.nio.NioSocketChannel.doFinishConnect(NioSocketChannel.java:327)
	at org.apache.ratis.thirdparty.io.netty.channel.nio.AbstractNioChannel$AbstractNioUnsafe.finishConnect(AbstractNioChannel.java:340)
	at org.apache.ratis.thirdparty.io.netty.channel.nio.NioEventLoop.processSelectedKey(NioEventLoop.java:632)
	at org.apache.ratis.thirdparty.io.netty.channel.nio.NioEventLoop.processSelectedKeysOptimized(NioEventLoop.java:579)
	at org.apache.ratis.thirdparty.io.netty.channel.nio.NioEventLoop.processSelectedKeys(NioEventLoop.java:496)
	at org.apache.ratis.thirdparty.io.netty.channel.nio.NioEventLoop.run(NioEventLoop.java:458)
	at org.apache.ratis.thirdparty.io.netty.util.concurrent.SingleThreadEventExecutor$5.run(SingleThreadEventExecutor.java:897)
	at org.apache.ratis.thirdparty.io.netty.util.concurrent.FastThreadLocalRunnable.run(FastThreadLocalRunnable.java:30)
	... 1 more
Caused by: java.net.ConnectException: Connection refused
	... 11 more
2019-09-27 09:21:22,790 [7387e8c6-1a4e-4257-8943-3fffd176a0ab@group-7ED8B9CF6619:LeaderElection95] INFO  impl.LeaderElection (LogUtils.java:infoOrTrace(149)) -   Exception 1: {}
java.util.concurrent.ExecutionException: org.apache.ratis.thirdparty.io.grpc.StatusRuntimeException: UNAVAILABLE: io exception
	at java.util.concurrent.FutureTask.report(FutureTask.java:122)
	at java.util.concurrent.FutureTask.get(FutureTask.java:192)
	at org.apache.ratis.server.impl.LeaderElection.waitForResults(LeaderElection.java:263)
	at org.apache.ratis.server.impl.LeaderElection.askForVotes(LeaderElection.java:201)
	at org.apache.ratis.server.impl.LeaderElection.run(LeaderElection.java:133)
	at java.lang.Thread.run(Thread.java:748)
Caused by: org.apache.ratis.thirdparty.io.grpc.StatusRuntimeException: UNAVAILABLE: io exception
	at org.apache.ratis.thirdparty.io.grpc.stub.ClientCalls.toStatusRuntimeException(ClientCalls.java:233)
	at org.apache.ratis.thirdparty.io.grpc.stub.ClientCalls.getUnchecked(ClientCalls.java:214)
	at org.apache.ratis.thirdparty.io.grpc.stub.ClientCalls.blockingUnaryCall(ClientCalls.java:139)
	at org.apache.ratis.proto.grpc.RaftServerProtocolServiceGrpc$RaftServerProtocolServiceBlockingStub.requestVote(RaftServerProtocolServiceGrpc.java:265)
	at org.apache.ratis.grpc.server.GrpcServerProtocolClient.requestVote(GrpcServerProtocolClient.java:90)
	at org.apache.ratis.grpc.server.GrpcService.requestVote(GrpcService.java:204)
	at org.apache.ratis.server.impl.LeaderElection.lambda$submitRequests$1(LeaderElection.java:238)
	at java.util.concurrent.FutureTask.run(FutureTask.java:266)
	at java.util.concurrent.Executors$RunnableAdapter.call(Executors.java:511)
	at java.util.concurrent.FutureTask.run(FutureTask.java:266)
	at java.util.concurrent.ThreadPoolExecutor.runWorker(ThreadPoolExecutor.java:1149)
	at java.util.concurrent.ThreadPoolExecutor$Worker.run(ThreadPoolExecutor.java:624)
	... 1 more
Caused by: org.apache.ratis.thirdparty.io.netty.channel.AbstractChannel$AnnotatedConnectException: Connection refused: /192.168.151.103:41875
	at sun.nio.ch.SocketChannelImpl.checkConnect(Native Method)
	at sun.nio.ch.SocketChannelImpl.finishConnect(SocketChannelImpl.java:717)
	at org.apache.ratis.thirdparty.io.netty.channel.socket.nio.NioSocketChannel.doFinishConnect(NioSocketChannel.java:327)
	at org.apache.ratis.thirdparty.io.netty.channel.nio.AbstractNioChannel$AbstractNioUnsafe.finishConnect(AbstractNioChannel.java:340)
	at org.apache.ratis.thirdparty.io.netty.channel.nio.NioEventLoop.processSelectedKey(NioEventLoop.java:632)
	at org.apache.ratis.thirdparty.io.netty.channel.nio.NioEventLoop.processSelectedKeysOptimized(NioEventLoop.java:579)
	at org.apache.ratis.thirdparty.io.netty.channel.nio.NioEventLoop.processSelectedKeys(NioEventLoop.java:496)
	at org.apache.ratis.thirdparty.io.netty.channel.nio.NioEventLoop.run(NioEventLoop.java:458)
	at org.apache.ratis.thirdparty.io.netty.util.concurrent.SingleThreadEventExecutor$5.run(SingleThreadEventExecutor.java:897)
	at org.apache.ratis.thirdparty.io.netty.util.concurrent.FastThreadLocalRunnable.run(FastThreadLocalRunnable.java:30)
	... 1 more
Caused by: java.net.ConnectException: Connection refused
	... 11 more
2019-09-27 09:21:22,791 [7387e8c6-1a4e-4257-8943-3fffd176a0ab@group-7ED8B9CF6619:LeaderElection95] INFO  impl.RaftServerImpl (RaftServerImpl.java:setRole(174)) - 7387e8c6-1a4e-4257-8943-3fffd176a0ab@group-7ED8B9CF6619: changes role from CANDIDATE to FOLLOWER at term 8 for DISCOVERED_A_NEW_TERM
2019-09-27 09:21:22,791 [7387e8c6-1a4e-4257-8943-3fffd176a0ab@group-7ED8B9CF6619:LeaderElection95] INFO  impl.RoleInfo (RoleInfo.java:shutdownLeaderElection(134)) - 7387e8c6-1a4e-4257-8943-3fffd176a0ab: shutdown LeaderElection
2019-09-27 09:21:22,791 [7387e8c6-1a4e-4257-8943-3fffd176a0ab@group-7ED8B9CF6619:LeaderElection95] INFO  impl.RoleInfo (RoleInfo.java:updateAndGet(143)) - 7387e8c6-1a4e-4257-8943-3fffd176a0ab: start FollowerState
2019-09-27 09:21:22,886 [Thread-5860] INFO  impl.FollowerState (FollowerState.java:run(106)) - 3336feff-37d1-4141-b1ec-acdf5527e46c:group-A7C4CCBA1937 changes to CANDIDATE, lastRpcTime:1037, electionTimeout:1037ms
2019-09-27 09:21:22,886 [Thread-5860] INFO  impl.RoleInfo (RoleInfo.java:shutdownFollowerState(121)) - 3336feff-37d1-4141-b1ec-acdf5527e46c: shutdown FollowerState
2019-09-27 09:21:22,886 [Thread-5860] INFO  impl.RaftServerImpl (RaftServerImpl.java:setRole(174)) - 3336feff-37d1-4141-b1ec-acdf5527e46c@group-A7C4CCBA1937: changes role from  FOLLOWER to CANDIDATE at term 5 for changeToCandidate
2019-09-27 09:21:22,886 [Thread-5860] INFO  impl.RoleInfo (RoleInfo.java:updateAndGet(143)) - 3336feff-37d1-4141-b1ec-acdf5527e46c: start LeaderElection
2019-09-27 09:21:22,901 [3336feff-37d1-4141-b1ec-acdf5527e46c@group-A7C4CCBA1937:LeaderElection96] INFO  impl.LeaderElection (LeaderElection.java:askForVotes(182)) - 3336feff-37d1-4141-b1ec-acdf5527e46c@group-A7C4CCBA1937:LeaderElection96: begin an election at term 6 for 0: [2c6b07a0-dd20-4844-842b-efa553872a87:192.168.151.103:35871, 82c6079f-0caa-41c9-82d7-90e7306895b1:192.168.151.103:43165, 3336feff-37d1-4141-b1ec-acdf5527e46c:192.168.151.103:37464], old=null
2019-09-27 09:21:22,901 [3336feff-37d1-4141-b1ec-acdf5527e46c@group-A7C4CCBA1937:LeaderElection96] INFO  impl.LeaderElection (LogUtils.java:infoOrTrace(149)) - 3336feff-37d1-4141-b1ec-acdf5527e46c@group-A7C4CCBA1937:LeaderElection96 got exception when requesting votes: {}
java.util.concurrent.ExecutionException: org.apache.ratis.thirdparty.io.grpc.StatusRuntimeException: UNAVAILABLE: io exception
	at java.util.concurrent.FutureTask.report(FutureTask.java:122)
	at java.util.concurrent.FutureTask.get(FutureTask.java:192)
	at org.apache.ratis.server.impl.LeaderElection.waitForResults(LeaderElection.java:263)
	at org.apache.ratis.server.impl.LeaderElection.askForVotes(LeaderElection.java:201)
	at org.apache.ratis.server.impl.LeaderElection.run(LeaderElection.java:133)
	at java.lang.Thread.run(Thread.java:748)
Caused by: org.apache.ratis.thirdparty.io.grpc.StatusRuntimeException: UNAVAILABLE: io exception
	at org.apache.ratis.thirdparty.io.grpc.stub.ClientCalls.toStatusRuntimeException(ClientCalls.java:233)
	at org.apache.ratis.thirdparty.io.grpc.stub.ClientCalls.getUnchecked(ClientCalls.java:214)
	at org.apache.ratis.thirdparty.io.grpc.stub.ClientCalls.blockingUnaryCall(ClientCalls.java:139)
	at org.apache.ratis.proto.grpc.RaftServerProtocolServiceGrpc$RaftServerProtocolServiceBlockingStub.requestVote(RaftServerProtocolServiceGrpc.java:265)
	at org.apache.ratis.grpc.server.GrpcServerProtocolClient.requestVote(GrpcServerProtocolClient.java:90)
	at org.apache.ratis.grpc.server.GrpcService.requestVote(GrpcService.java:204)
	at org.apache.ratis.server.impl.LeaderElection.lambda$submitRequests$1(LeaderElection.java:238)
	at java.util.concurrent.FutureTask.run(FutureTask.java:266)
	at java.util.concurrent.Executors$RunnableAdapter.call(Executors.java:511)
	at java.util.concurrent.FutureTask.run(FutureTask.java:266)
	at java.util.concurrent.ThreadPoolExecutor.runWorker(ThreadPoolExecutor.java:1149)
	at java.util.concurrent.ThreadPoolExecutor$Worker.run(ThreadPoolExecutor.java:624)
	... 1 more
Caused by: org.apache.ratis.thirdparty.io.netty.channel.AbstractChannel$AnnotatedConnectException: Connection refused: /192.168.151.103:35871
	at sun.nio.ch.SocketChannelImpl.checkConnect(Native Method)
	at sun.nio.ch.SocketChannelImpl.finishConnect(SocketChannelImpl.java:717)
	at org.apache.ratis.thirdparty.io.netty.channel.socket.nio.NioSocketChannel.doFinishConnect(NioSocketChannel.java:327)
	at org.apache.ratis.thirdparty.io.netty.channel.nio.AbstractNioChannel$AbstractNioUnsafe.finishConnect(AbstractNioChannel.java:340)
	at org.apache.ratis.thirdparty.io.netty.channel.nio.NioEventLoop.processSelectedKey(NioEventLoop.java:632)
	at org.apache.ratis.thirdparty.io.netty.channel.nio.NioEventLoop.processSelectedKeysOptimized(NioEventLoop.java:579)
	at org.apache.ratis.thirdparty.io.netty.channel.nio.NioEventLoop.processSelectedKeys(NioEventLoop.java:496)
	at org.apache.ratis.thirdparty.io.netty.channel.nio.NioEventLoop.run(NioEventLoop.java:458)
	at org.apache.ratis.thirdparty.io.netty.util.concurrent.SingleThreadEventExecutor$5.run(SingleThreadEventExecutor.java:897)
	at org.apache.ratis.thirdparty.io.netty.util.concurrent.FastThreadLocalRunnable.run(FastThreadLocalRunnable.java:30)
	... 1 more
Caused by: java.net.ConnectException: Connection refused
	... 11 more
2019-09-27 09:21:22,903 [3336feff-37d1-4141-b1ec-acdf5527e46c@group-A7C4CCBA1937:LeaderElection96] INFO  impl.LeaderElection (LogUtils.java:infoOrTrace(149)) - 3336feff-37d1-4141-b1ec-acdf5527e46c@group-A7C4CCBA1937:LeaderElection96 got exception when requesting votes: {}
java.util.concurrent.ExecutionException: org.apache.ratis.thirdparty.io.grpc.StatusRuntimeException: UNAVAILABLE: io exception
	at java.util.concurrent.FutureTask.report(FutureTask.java:122)
	at java.util.concurrent.FutureTask.get(FutureTask.java:192)
	at org.apache.ratis.server.impl.LeaderElection.waitForResults(LeaderElection.java:263)
	at org.apache.ratis.server.impl.LeaderElection.askForVotes(LeaderElection.java:201)
	at org.apache.ratis.server.impl.LeaderElection.run(LeaderElection.java:133)
	at java.lang.Thread.run(Thread.java:748)
Caused by: org.apache.ratis.thirdparty.io.grpc.StatusRuntimeException: UNAVAILABLE: io exception
	at org.apache.ratis.thirdparty.io.grpc.stub.ClientCalls.toStatusRuntimeException(ClientCalls.java:233)
	at org.apache.ratis.thirdparty.io.grpc.stub.ClientCalls.getUnchecked(ClientCalls.java:214)
	at org.apache.ratis.thirdparty.io.grpc.stub.ClientCalls.blockingUnaryCall(ClientCalls.java:139)
	at org.apache.ratis.proto.grpc.RaftServerProtocolServiceGrpc$RaftServerProtocolServiceBlockingStub.requestVote(RaftServerProtocolServiceGrpc.java:265)
	at org.apache.ratis.grpc.server.GrpcServerProtocolClient.requestVote(GrpcServerProtocolClient.java:90)
	at org.apache.ratis.grpc.server.GrpcService.requestVote(GrpcService.java:204)
	at org.apache.ratis.server.impl.LeaderElection.lambda$submitRequests$1(LeaderElection.java:238)
	at java.util.concurrent.FutureTask.run(FutureTask.java:266)
	at java.util.concurrent.Executors$RunnableAdapter.call(Executors.java:511)
	at java.util.concurrent.FutureTask.run(FutureTask.java:266)
	at java.util.concurrent.ThreadPoolExecutor.runWorker(ThreadPoolExecutor.java:1149)
	at java.util.concurrent.ThreadPoolExecutor$Worker.run(ThreadPoolExecutor.java:624)
	... 1 more
Caused by: org.apache.ratis.thirdparty.io.netty.channel.AbstractChannel$AnnotatedConnectException: Connection refused: /192.168.151.103:43165
	at sun.nio.ch.SocketChannelImpl.checkConnect(Native Method)
	at sun.nio.ch.SocketChannelImpl.finishConnect(SocketChannelImpl.java:717)
	at org.apache.ratis.thirdparty.io.netty.channel.socket.nio.NioSocketChannel.doFinishConnect(NioSocketChannel.java:327)
	at org.apache.ratis.thirdparty.io.netty.channel.nio.AbstractNioChannel$AbstractNioUnsafe.finishConnect(AbstractNioChannel.java:340)
	at org.apache.ratis.thirdparty.io.netty.channel.nio.NioEventLoop.processSelectedKey(NioEventLoop.java:632)
	at org.apache.ratis.thirdparty.io.netty.channel.nio.NioEventLoop.processSelectedKeysOptimized(NioEventLoop.java:579)
	at org.apache.ratis.thirdparty.io.netty.channel.nio.NioEventLoop.processSelectedKeys(NioEventLoop.java:496)
	at org.apache.ratis.thirdparty.io.netty.channel.nio.NioEventLoop.run(NioEventLoop.java:458)
	at org.apache.ratis.thirdparty.io.netty.util.concurrent.SingleThreadEventExecutor$5.run(SingleThreadEventExecutor.java:897)
	at org.apache.ratis.thirdparty.io.netty.util.concurrent.FastThreadLocalRunnable.run(FastThreadLocalRunnable.java:30)
	... 1 more
Caused by: java.net.ConnectException: Connection refused
	... 11 more
2019-09-27 09:21:22,913 [3336feff-37d1-4141-b1ec-acdf5527e46c@group-A7C4CCBA1937:LeaderElection96] INFO  impl.LeaderElection (LeaderElection.java:logAndReturn(56)) - 3336feff-37d1-4141-b1ec-acdf5527e46c@group-A7C4CCBA1937:LeaderElection96: Election REJECTED; received 0 response(s) [] and 2 exception(s); 3336feff-37d1-4141-b1ec-acdf5527e46c@group-A7C4CCBA1937:t6, leader=null, voted=3336feff-37d1-4141-b1ec-acdf5527e46c, raftlog=3336feff-37d1-4141-b1ec-acdf5527e46c@group-A7C4CCBA1937-SegmentedRaftLog:OPENED:c0,f0,i0, conf=0: [2c6b07a0-dd20-4844-842b-efa553872a87:192.168.151.103:35871, 82c6079f-0caa-41c9-82d7-90e7306895b1:192.168.151.103:43165, 3336feff-37d1-4141-b1ec-acdf5527e46c:192.168.151.103:37464], old=null
2019-09-27 09:21:22,913 [3336feff-37d1-4141-b1ec-acdf5527e46c@group-A7C4CCBA1937:LeaderElection96] INFO  impl.LeaderElection (LogUtils.java:infoOrTrace(149)) -   Exception 0: {}
java.util.concurrent.ExecutionException: org.apache.ratis.thirdparty.io.grpc.StatusRuntimeException: UNAVAILABLE: io exception
	at java.util.concurrent.FutureTask.report(FutureTask.java:122)
	at java.util.concurrent.FutureTask.get(FutureTask.java:192)
	at org.apache.ratis.server.impl.LeaderElection.waitForResults(LeaderElection.java:263)
	at org.apache.ratis.server.impl.LeaderElection.askForVotes(LeaderElection.java:201)
	at org.apache.ratis.server.impl.LeaderElection.run(LeaderElection.java:133)
	at java.lang.Thread.run(Thread.java:748)
Caused by: org.apache.ratis.thirdparty.io.grpc.StatusRuntimeException: UNAVAILABLE: io exception
	at org.apache.ratis.thirdparty.io.grpc.stub.ClientCalls.toStatusRuntimeException(ClientCalls.java:233)
	at org.apache.ratis.thirdparty.io.grpc.stub.ClientCalls.getUnchecked(ClientCalls.java:214)
	at org.apache.ratis.thirdparty.io.grpc.stub.ClientCalls.blockingUnaryCall(ClientCalls.java:139)
	at org.apache.ratis.proto.grpc.RaftServerProtocolServiceGrpc$RaftServerProtocolServiceBlockingStub.requestVote(RaftServerProtocolServiceGrpc.java:265)
	at org.apache.ratis.grpc.server.GrpcServerProtocolClient.requestVote(GrpcServerProtocolClient.java:90)
	at org.apache.ratis.grpc.server.GrpcService.requestVote(GrpcService.java:204)
	at org.apache.ratis.server.impl.LeaderElection.lambda$submitRequests$1(LeaderElection.java:238)
	at java.util.concurrent.FutureTask.run(FutureTask.java:266)
	at java.util.concurrent.Executors$RunnableAdapter.call(Executors.java:511)
	at java.util.concurrent.FutureTask.run(FutureTask.java:266)
	at java.util.concurrent.ThreadPoolExecutor.runWorker(ThreadPoolExecutor.java:1149)
	at java.util.concurrent.ThreadPoolExecutor$Worker.run(ThreadPoolExecutor.java:624)
	... 1 more
Caused by: org.apache.ratis.thirdparty.io.netty.channel.AbstractChannel$AnnotatedConnectException: Connection refused: /192.168.151.103:35871
	at sun.nio.ch.SocketChannelImpl.checkConnect(Native Method)
	at sun.nio.ch.SocketChannelImpl.finishConnect(SocketChannelImpl.java:717)
	at org.apache.ratis.thirdparty.io.netty.channel.socket.nio.NioSocketChannel.doFinishConnect(NioSocketChannel.java:327)
	at org.apache.ratis.thirdparty.io.netty.channel.nio.AbstractNioChannel$AbstractNioUnsafe.finishConnect(AbstractNioChannel.java:340)
	at org.apache.ratis.thirdparty.io.netty.channel.nio.NioEventLoop.processSelectedKey(NioEventLoop.java:632)
	at org.apache.ratis.thirdparty.io.netty.channel.nio.NioEventLoop.processSelectedKeysOptimized(NioEventLoop.java:579)
	at org.apache.ratis.thirdparty.io.netty.channel.nio.NioEventLoop.processSelectedKeys(NioEventLoop.java:496)
	at org.apache.ratis.thirdparty.io.netty.channel.nio.NioEventLoop.run(NioEventLoop.java:458)
	at org.apache.ratis.thirdparty.io.netty.util.concurrent.SingleThreadEventExecutor$5.run(SingleThreadEventExecutor.java:897)
	at org.apache.ratis.thirdparty.io.netty.util.concurrent.FastThreadLocalRunnable.run(FastThreadLocalRunnable.java:30)
	... 1 more
Caused by: java.net.ConnectException: Connection refused
	... 11 more
2019-09-27 09:21:22,913 [3336feff-37d1-4141-b1ec-acdf5527e46c@group-A7C4CCBA1937:LeaderElection96] INFO  impl.LeaderElection (LogUtils.java:infoOrTrace(149)) -   Exception 1: {}
java.util.concurrent.ExecutionException: org.apache.ratis.thirdparty.io.grpc.StatusRuntimeException: UNAVAILABLE: io exception
	at java.util.concurrent.FutureTask.report(FutureTask.java:122)
	at java.util.concurrent.FutureTask.get(FutureTask.java:192)
	at org.apache.ratis.server.impl.LeaderElection.waitForResults(LeaderElection.java:263)
	at org.apache.ratis.server.impl.LeaderElection.askForVotes(LeaderElection.java:201)
	at org.apache.ratis.server.impl.LeaderElection.run(LeaderElection.java:133)
	at java.lang.Thread.run(Thread.java:748)
Caused by: org.apache.ratis.thirdparty.io.grpc.StatusRuntimeException: UNAVAILABLE: io exception
	at org.apache.ratis.thirdparty.io.grpc.stub.ClientCalls.toStatusRuntimeException(ClientCalls.java:233)
	at org.apache.ratis.thirdparty.io.grpc.stub.ClientCalls.getUnchecked(ClientCalls.java:214)
	at org.apache.ratis.thirdparty.io.grpc.stub.ClientCalls.blockingUnaryCall(ClientCalls.java:139)
	at org.apache.ratis.proto.grpc.RaftServerProtocolServiceGrpc$RaftServerProtocolServiceBlockingStub.requestVote(RaftServerProtocolServiceGrpc.java:265)
	at org.apache.ratis.grpc.server.GrpcServerProtocolClient.requestVote(GrpcServerProtocolClient.java:90)
	at org.apache.ratis.grpc.server.GrpcService.requestVote(GrpcService.java:204)
	at org.apache.ratis.server.impl.LeaderElection.lambda$submitRequests$1(LeaderElection.java:238)
	at java.util.concurrent.FutureTask.run(FutureTask.java:266)
	at java.util.concurrent.Executors$RunnableAdapter.call(Executors.java:511)
	at java.util.concurrent.FutureTask.run(FutureTask.java:266)
	at java.util.concurrent.ThreadPoolExecutor.runWorker(ThreadPoolExecutor.java:1149)
	at java.util.concurrent.ThreadPoolExecutor$Worker.run(ThreadPoolExecutor.java:624)
	... 1 more
Caused by: org.apache.ratis.thirdparty.io.netty.channel.AbstractChannel$AnnotatedConnectException: Connection refused: /192.168.151.103:43165
	at sun.nio.ch.SocketChannelImpl.checkConnect(Native Method)
	at sun.nio.ch.SocketChannelImpl.finishConnect(SocketChannelImpl.java:717)
	at org.apache.ratis.thirdparty.io.netty.channel.socket.nio.NioSocketChannel.doFinishConnect(NioSocketChannel.java:327)
	at org.apache.ratis.thirdparty.io.netty.channel.nio.AbstractNioChannel$AbstractNioUnsafe.finishConnect(AbstractNioChannel.java:340)
	at org.apache.ratis.thirdparty.io.netty.channel.nio.NioEventLoop.processSelectedKey(NioEventLoop.java:632)
	at org.apache.ratis.thirdparty.io.netty.channel.nio.NioEventLoop.processSelectedKeysOptimized(NioEventLoop.java:579)
	at org.apache.ratis.thirdparty.io.netty.channel.nio.NioEventLoop.processSelectedKeys(NioEventLoop.java:496)
	at org.apache.ratis.thirdparty.io.netty.channel.nio.NioEventLoop.run(NioEventLoop.java:458)
	at org.apache.ratis.thirdparty.io.netty.util.concurrent.SingleThreadEventExecutor$5.run(SingleThreadEventExecutor.java:897)
	at org.apache.ratis.thirdparty.io.netty.util.concurrent.FastThreadLocalRunnable.run(FastThreadLocalRunnable.java:30)
	... 1 more
Caused by: java.net.ConnectException: Connection refused
	... 11 more
2019-09-27 09:21:22,914 [3336feff-37d1-4141-b1ec-acdf5527e46c@group-A7C4CCBA1937:LeaderElection96] INFO  impl.RaftServerImpl (RaftServerImpl.java:setRole(174)) - 3336feff-37d1-4141-b1ec-acdf5527e46c@group-A7C4CCBA1937: changes role from CANDIDATE to FOLLOWER at term 6 for DISCOVERED_A_NEW_TERM
2019-09-27 09:21:22,914 [3336feff-37d1-4141-b1ec-acdf5527e46c@group-A7C4CCBA1937:LeaderElection96] INFO  impl.RoleInfo (RoleInfo.java:shutdownLeaderElection(134)) - 3336feff-37d1-4141-b1ec-acdf5527e46c: shutdown LeaderElection
2019-09-27 09:21:22,914 [3336feff-37d1-4141-b1ec-acdf5527e46c@group-A7C4CCBA1937:LeaderElection96] INFO  impl.RoleInfo (RoleInfo.java:updateAndGet(143)) - 3336feff-37d1-4141-b1ec-acdf5527e46c: start FollowerState
2019-09-27 09:21:23,646 [main] INFO  ozoneimpl.OzoneContainer (OzoneContainer.java:stop(231)) - Attempting to stop container services.
2019-09-27 09:21:23,646 [ForkJoinPool.commonPool-worker-0] INFO  ozoneimpl.OzoneContainer (OzoneContainer.java:stop(231)) - Attempting to stop container services.
2019-09-27 09:21:23,647 [main] INFO  impl.RaftServerProxy (RaftServerProxy.java:lambda$close$4(314)) - 7387e8c6-1a4e-4257-8943-3fffd176a0ab: close
2019-09-27 09:21:23,647 [ForkJoinPool.commonPool-worker-0] INFO  impl.RaftServerProxy (RaftServerProxy.java:lambda$close$4(314)) - 3336feff-37d1-4141-b1ec-acdf5527e46c: close
2019-09-27 09:21:23,647 [main] INFO  impl.RaftServerImpl (RaftServerImpl.java:lambda$shutdown$3(251)) - 7387e8c6-1a4e-4257-8943-3fffd176a0ab@group-7ED8B9CF6619: shutdown
2019-09-27 09:21:23,647 [ForkJoinPool.commonPool-worker-0] INFO  impl.RaftServerImpl (RaftServerImpl.java:lambda$shutdown$3(251)) - 3336feff-37d1-4141-b1ec-acdf5527e46c@group-A7C4CCBA1937: shutdown
2019-09-27 09:21:23,648 [main] INFO  util.JmxRegister (JmxRegister.java:unregister(73)) - Successfully un-registered JMX Bean with object name Ratis:service=RaftServer,group=group-7ED8B9CF6619,id=7387e8c6-1a4e-4257-8943-3fffd176a0ab
2019-09-27 09:21:23,648 [ForkJoinPool.commonPool-worker-0] INFO  util.JmxRegister (JmxRegister.java:unregister(73)) - Successfully un-registered JMX Bean with object name Ratis:service=RaftServer,group=group-A7C4CCBA1937,id=3336feff-37d1-4141-b1ec-acdf5527e46c
2019-09-27 09:21:23,648 [main] INFO  impl.RoleInfo (RoleInfo.java:shutdownFollowerState(121)) - 7387e8c6-1a4e-4257-8943-3fffd176a0ab: shutdown FollowerState
2019-09-27 09:21:23,649 [ForkJoinPool.commonPool-worker-0] INFO  impl.RoleInfo (RoleInfo.java:shutdownFollowerState(121)) - 3336feff-37d1-4141-b1ec-acdf5527e46c: shutdown FollowerState
2019-09-27 09:21:23,649 [Thread-5864] INFO  impl.FollowerState (FollowerState.java:run(115)) - 7387e8c6-1a4e-4257-8943-3fffd176a0ab: FollowerState was interrupted: java.lang.InterruptedException: sleep interrupted
2019-09-27 09:21:23,649 [main] INFO  impl.StateMachineUpdater (StateMachineUpdater.java:stopAndJoin(125)) - 7387e8c6-1a4e-4257-8943-3fffd176a0ab@group-7ED8B9CF6619-StateMachineUpdater: set stopIndex = 2
2019-09-27 09:21:23,650 [main] INFO  impl.RaftServerImpl (ServerState.java:close(385)) - 7387e8c6-1a4e-4257-8943-3fffd176a0ab@group-7ED8B9CF6619: closes. applyIndex: 2
2019-09-27 09:21:23,650 [Thread-5868] INFO  impl.FollowerState (FollowerState.java:run(115)) - 3336feff-37d1-4141-b1ec-acdf5527e46c: FollowerState was interrupted: java.lang.InterruptedException: sleep interrupted
2019-09-27 09:21:23,650 [ForkJoinPool.commonPool-worker-0] INFO  impl.StateMachineUpdater (StateMachineUpdater.java:stopAndJoin(125)) - 3336feff-37d1-4141-b1ec-acdf5527e46c@group-A7C4CCBA1937-StateMachineUpdater: set stopIndex = 0
2019-09-27 09:21:23,651 [7387e8c6-1a4e-4257-8943-3fffd176a0ab@group-7ED8B9CF6619-SegmentedRaftLogWorker] INFO  segmented.SegmentedRaftLogWorker (SegmentedRaftLogWorker.java:run(313)) - 7387e8c6-1a4e-4257-8943-3fffd176a0ab@group-7ED8B9CF6619-SegmentedRaftLogWorker was interrupted, exiting. There are 0 tasks remaining in the queue.
2019-09-27 09:21:23,651 [ForkJoinPool.commonPool-worker-0] INFO  impl.RaftServerImpl (ServerState.java:close(385)) - 3336feff-37d1-4141-b1ec-acdf5527e46c@group-A7C4CCBA1937: closes. applyIndex: 0
2019-09-27 09:21:23,652 [3336feff-37d1-4141-b1ec-acdf5527e46c@group-A7C4CCBA1937-SegmentedRaftLogWorker] INFO  segmented.SegmentedRaftLogWorker (SegmentedRaftLogWorker.java:run(313)) - 3336feff-37d1-4141-b1ec-acdf5527e46c@group-A7C4CCBA1937-SegmentedRaftLogWorker was interrupted, exiting. There are 0 tasks remaining in the queue.
2019-09-27 09:21:23,652 [main] INFO  segmented.SegmentedRaftLogWorker (SegmentedRaftLogWorker.java:close(228)) - 7387e8c6-1a4e-4257-8943-3fffd176a0ab@group-7ED8B9CF6619-SegmentedRaftLogWorker close()
2019-09-27 09:21:23,652 [ForkJoinPool.commonPool-worker-0] INFO  segmented.SegmentedRaftLogWorker (SegmentedRaftLogWorker.java:close(228)) - 3336feff-37d1-4141-b1ec-acdf5527e46c@group-A7C4CCBA1937-SegmentedRaftLogWorker close()
2019-09-27 09:21:23,655 [main] INFO  impl.RaftServerImpl (RaftServerImpl.java:lambda$shutdown$3(251)) - 7387e8c6-1a4e-4257-8943-3fffd176a0ab@group-BB8CA25215F4: shutdown
2019-09-27 09:21:23,657 [ForkJoinPool.commonPool-worker-0] INFO  impl.RaftServerImpl (RaftServerImpl.java:lambda$shutdown$3(251)) - 3336feff-37d1-4141-b1ec-acdf5527e46c@group-35F71627C23A: shutdown
2019-09-27 09:21:23,657 [main] INFO  util.JmxRegister (JmxRegister.java:unregister(73)) - Successfully un-registered JMX Bean with object name Ratis:service=RaftServer,group=group-BB8CA25215F4,id=7387e8c6-1a4e-4257-8943-3fffd176a0ab
2019-09-27 09:21:23,658 [ForkJoinPool.commonPool-worker-0] INFO  util.JmxRegister (JmxRegister.java:unregister(73)) - Successfully un-registered JMX Bean with object name Ratis:service=RaftServer,group=group-35F71627C23A,id=3336feff-37d1-4141-b1ec-acdf5527e46c
2019-09-27 09:21:23,658 [main] INFO  impl.RoleInfo (RoleInfo.java:shutdownLeaderState(104)) - 7387e8c6-1a4e-4257-8943-3fffd176a0ab: shutdown LeaderState
2019-09-27 09:21:23,658 [ForkJoinPool.commonPool-worker-0] INFO  impl.RoleInfo (RoleInfo.java:shutdownLeaderState(104)) - 3336feff-37d1-4141-b1ec-acdf5527e46c: shutdown LeaderState
2019-09-27 09:21:23,659 [main] INFO  impl.PendingRequests (PendingRequests.java:sendNotLeaderResponses(202)) - 7387e8c6-1a4e-4257-8943-3fffd176a0ab-PendingRequests: sendNotLeaderResponses
2019-09-27 09:21:23,659 [ForkJoinPool.commonPool-worker-0] INFO  impl.PendingRequests (PendingRequests.java:sendNotLeaderResponses(202)) - 3336feff-37d1-4141-b1ec-acdf5527e46c-PendingRequests: sendNotLeaderResponses
2019-09-27 09:21:23,660 [main] INFO  impl.StateMachineUpdater (StateMachineUpdater.java:stopAndJoin(125)) - 7387e8c6-1a4e-4257-8943-3fffd176a0ab@group-BB8CA25215F4-StateMachineUpdater: set stopIndex = 0
2019-09-27 09:21:23,660 [ForkJoinPool.commonPool-worker-0] INFO  impl.StateMachineUpdater (StateMachineUpdater.java:stopAndJoin(125)) - 3336feff-37d1-4141-b1ec-acdf5527e46c@group-35F71627C23A-StateMachineUpdater: set stopIndex = 0
2019-09-27 09:21:23,661 [ForkJoinPool.commonPool-worker-0] INFO  impl.RaftServerImpl (ServerState.java:close(385)) - 3336feff-37d1-4141-b1ec-acdf5527e46c@group-35F71627C23A: closes. applyIndex: 0
2019-09-27 09:21:23,660 [main] INFO  impl.RaftServerImpl (ServerState.java:close(385)) - 7387e8c6-1a4e-4257-8943-3fffd176a0ab@group-BB8CA25215F4: closes. applyIndex: 0
2019-09-27 09:21:23,661 [3336feff-37d1-4141-b1ec-acdf5527e46c@group-35F71627C23A-SegmentedRaftLogWorker] INFO  segmented.SegmentedRaftLogWorker (SegmentedRaftLogWorker.java:run(313)) - 3336feff-37d1-4141-b1ec-acdf5527e46c@group-35F71627C23A-SegmentedRaftLogWorker was interrupted, exiting. There are 0 tasks remaining in the queue.
2019-09-27 09:21:23,662 [7387e8c6-1a4e-4257-8943-3fffd176a0ab@group-BB8CA25215F4-SegmentedRaftLogWorker] INFO  segmented.SegmentedRaftLogWorker (SegmentedRaftLogWorker.java:run(313)) - 7387e8c6-1a4e-4257-8943-3fffd176a0ab@group-BB8CA25215F4-SegmentedRaftLogWorker was interrupted, exiting. There are 0 tasks remaining in the queue.
2019-09-27 09:21:23,662 [ForkJoinPool.commonPool-worker-0] INFO  segmented.SegmentedRaftLogWorker (SegmentedRaftLogWorker.java:close(228)) - 3336feff-37d1-4141-b1ec-acdf5527e46c@group-35F71627C23A-SegmentedRaftLogWorker close()
2019-09-27 09:21:23,662 [main] INFO  segmented.SegmentedRaftLogWorker (SegmentedRaftLogWorker.java:close(228)) - 7387e8c6-1a4e-4257-8943-3fffd176a0ab@group-BB8CA25215F4-SegmentedRaftLogWorker close()
2019-09-27 09:21:23,664 [ForkJoinPool.commonPool-worker-0] INFO  server.GrpcService (GrpcService.java:closeImpl(164)) - 3336feff-37d1-4141-b1ec-acdf5527e46c: shutdown server with port 37464 now
2019-09-27 09:21:23,666 [main] INFO  server.GrpcService (GrpcService.java:closeImpl(164)) - 7387e8c6-1a4e-4257-8943-3fffd176a0ab: shutdown server with port 41069 now
2019-09-27 09:21:23,666 [ForkJoinPool.commonPool-worker-0] INFO  server.GrpcService (GrpcService.java:closeImpl(172)) - 3336feff-37d1-4141-b1ec-acdf5527e46c: shutdown server with port 37464 successfully
2019-09-27 09:21:23,666 [main] INFO  server.GrpcService (GrpcService.java:closeImpl(172)) - 7387e8c6-1a4e-4257-8943-3fffd176a0ab: shutdown server with port 41069 successfully
2019-09-27 09:21:23,671 [refreshUsed-/workdir/hadoop-ozone/integration-test/target/test-dir/MiniOzoneClusterImpl-d2d06822-f460-4d8d-a87b-a517d879cb3f/datanode-1/data/containers] WARN  fs.CachingGetSpaceUsed (CachingGetSpaceUsed.java:run(183)) - Thread Interrupted waiting to refresh disk information: sleep interrupted
2019-09-27 09:21:23,671 [refreshUsed-/workdir/hadoop-ozone/integration-test/target/test-dir/MiniOzoneClusterImpl-d2d06822-f460-4d8d-a87b-a517d879cb3f/datanode-7/data/containers] WARN  fs.CachingGetSpaceUsed (CachingGetSpaceUsed.java:run(183)) - Thread Interrupted waiting to refresh disk information: sleep interrupted
2019-09-27 09:21:23,691 [ForkJoinPool.commonPool-worker-0] INFO  utils.BackgroundService (BackgroundService.java:shutdown(148)) - Shutting down service BlockDeletingService
2019-09-27 09:21:23,692 [main] INFO  utils.BackgroundService (BackgroundService.java:shutdown(148)) - Shutting down service BlockDeletingService
2019-09-27 09:21:23,696 [ForkJoinPool.commonPool-worker-0] INFO  statemachine.DatanodeStateMachine (DatanodeStateMachine.java:stopDaemon(395)) - Ozone container server stopped.
2019-09-27 09:21:23,702 [ForkJoinPool.commonPool-worker-0] INFO  handler.ContextHandler (ContextHandler.java:doStop(910)) - Stopped o.e.j.w.WebAppContext@39dec536{/,null,UNAVAILABLE}{/hddsDatanode}
2019-09-27 09:21:23,703 [main] INFO  statemachine.DatanodeStateMachine (DatanodeStateMachine.java:stopDaemon(395)) - Ozone container server stopped.
2019-09-27 09:21:23,703 [ForkJoinPool.commonPool-worker-0] INFO  server.AbstractConnector (AbstractConnector.java:doStop(318)) - Stopped ServerConnector@4a1a256d{HTTP/1.1,[http/1.1]}{0.0.0.0:0}
2019-09-27 09:21:23,705 [ForkJoinPool.commonPool-worker-0] INFO  handler.ContextHandler (ContextHandler.java:doStop(910)) - Stopped o.e.j.s.ServletContextHandler@e700eba{/static,jar:file:/home/user/.m2/repository/org/apache/hadoop/hadoop-hdds-container-service/0.5.0-SNAPSHOT/hadoop-hdds-container-service-0.5.0-SNAPSHOT.jar!/webapps/static,UNAVAILABLE}
2019-09-27 09:21:23,706 [main] INFO  handler.ContextHandler (ContextHandler.java:doStop(910)) - Stopped o.e.j.w.WebAppContext@2efd2f21{/,null,UNAVAILABLE}{/hddsDatanode}
2019-09-27 09:21:23,706 [ForkJoinPool.commonPool-worker-0] INFO  handler.ContextHandler (ContextHandler.java:doStop(910)) - Stopped o.e.j.s.ServletContextHandler@5b202ff{/logs,file:///workdir/hadoop-ozone/integration-test/target/log,UNAVAILABLE}
2019-09-27 09:21:23,707 [main] INFO  server.AbstractConnector (AbstractConnector.java:doStop(318)) - Stopped ServerConnector@59c500f7{HTTP/1.1,[http/1.1]}{0.0.0.0:0}
2019-09-27 09:21:23,707 [main] INFO  handler.ContextHandler (ContextHandler.java:doStop(910)) - Stopped o.e.j.s.ServletContextHandler@8f40022{/static,jar:file:/home/user/.m2/repository/org/apache/hadoop/hadoop-hdds-container-service/0.5.0-SNAPSHOT/hadoop-hdds-container-service-0.5.0-SNAPSHOT.jar!/webapps/static,UNAVAILABLE}
2019-09-27 09:21:23,708 [main] INFO  handler.ContextHandler (ContextHandler.java:doStop(910)) - Stopped o.e.j.s.ServletContextHandler@456f7d9e{/logs,file:///workdir/hadoop-ozone/integration-test/target/log,UNAVAILABLE}
2019-09-27 09:21:23,709 [main] INFO  ozone.MiniOzoneClusterImpl (MiniOzoneClusterImpl.java:stopSCM(392)) - Stopping the StorageContainerManager
2019-09-27 09:21:23,709 [main] INFO  server.StorageContainerManager (StorageContainerManager.java:stop(808)) - Stopping Replication Manager Service.
2019-09-27 09:21:23,709 [main] INFO  container.ReplicationManager (ReplicationManager.java:stop(203)) - Stopping Replication Monitor Thread.
2019-09-27 09:21:23,709 [main] INFO  server.StorageContainerManager (StorageContainerManager.java:stop(815)) - Stopping Lease Manager of the command watchers
2019-09-27 09:21:23,710 [main] INFO  server.StorageContainerManager (StorageContainerManager.java:stop(822)) - Stopping datanode service RPC server
2019-09-27 09:21:23,710 [main] INFO  server.SCMDatanodeProtocolServer (SCMDatanodeProtocolServer.java:stop(367)) - Stopping the RPC server for DataNodes
2019-09-27 09:21:23,710 [main] INFO  ipc.Server (Server.java:stop(3082)) - Stopping server on 39919
2019-09-27 09:21:23,713 [IPC Server listener on 39919] INFO  ipc.Server (Server.java:run(1185)) - Stopping IPC Server listener on 39919
2019-09-27 09:21:23,713 [IPC Server Responder] INFO  ipc.Server (Server.java:run(1319)) - Stopping IPC Server Responder
2019-09-27 09:21:23,789 [SCM Heartbeat Processing Thread - 0] WARN  node.NodeStateManager (NodeStateManager.java:scheduleNextHealthCheck(646)) - Current Thread is interrupted, shutting down HB processing thread for Node Manager.
2019-09-27 09:21:23,790 [main] INFO  server.StorageContainerManager (StorageContainerManager.java:stop(830)) - Stopping block service RPC server
2019-09-27 09:21:23,790 [main] INFO  server.SCMBlockProtocolServer (SCMBlockProtocolServer.java:stop(155)) - Stopping the RPC server for Block Protocol
2019-09-27 09:21:23,790 [main] INFO  ipc.Server (Server.java:stop(3082)) - Stopping server on 39286
2019-09-27 09:21:23,792 [IPC Server listener on 39286] INFO  ipc.Server (Server.java:run(1185)) - Stopping IPC Server listener on 39286
2019-09-27 09:21:23,793 [main] INFO  server.StorageContainerManager (StorageContainerManager.java:stop(837)) - Stopping the StorageContainerLocationProtocol RPC server
2019-09-27 09:21:23,793 [main] INFO  server.SCMClientProtocolServer (SCMClientProtocolServer.java:stop(159)) - Stopping the RPC server for Client Protocol
2019-09-27 09:21:23,794 [IPC Server Responder] INFO  ipc.Server (Server.java:run(1319)) - Stopping IPC Server Responder
2019-09-27 09:21:23,794 [main] INFO  ipc.Server (Server.java:stop(3082)) - Stopping server on 37371
2019-09-27 09:21:23,796 [IPC Server listener on 37371] INFO  ipc.Server (Server.java:run(1185)) - Stopping IPC Server listener on 37371
2019-09-27 09:21:23,796 [main] INFO  server.StorageContainerManager (StorageContainerManager.java:stop(844)) - Stopping Storage Container Manager HTTP server.
2019-09-27 09:21:23,797 [IPC Server Responder] INFO  ipc.Server (Server.java:run(1319)) - Stopping IPC Server Responder
2019-09-27 09:21:23,798 [main] INFO  handler.ContextHandler (ContextHandler.java:doStop(910)) - Stopped o.e.j.w.WebAppContext@716185fe{/,null,UNAVAILABLE}{/scm}
2019-09-27 09:21:23,799 [main] INFO  server.AbstractConnector (AbstractConnector.java:doStop(318)) - Stopped ServerConnector@628b819d{HTTP/1.1,[http/1.1]}{0.0.0.0:0}
2019-09-27 09:21:23,799 [main] INFO  handler.ContextHandler (ContextHandler.java:doStop(910)) - Stopped o.e.j.s.ServletContextHandler@30db5536{/static,file:///workdir/hadoop-ozone/integration-test/target/test-classes/webapps/static,UNAVAILABLE}
2019-09-27 09:21:23,799 [main] INFO  handler.ContextHandler (ContextHandler.java:doStop(910)) - Stopped o.e.j.s.ServletContextHandler@49f3ff41{/logs,file:///workdir/hadoop-ozone/integration-test/target/log,UNAVAILABLE}
2019-09-27 09:21:23,800 [main] INFO  server.StorageContainerManager (StorageContainerManager.java:stop(855)) - Stopping Block Manager Service.
2019-09-27 09:21:23,800 [main] INFO  utils.BackgroundService (BackgroundService.java:shutdown(148)) - Shutting down service SCMBlockDeletingService
2019-09-27 09:21:23,801 [main] INFO  utils.BackgroundService (BackgroundService.java:shutdown(148)) - Shutting down service SCMBlockDeletingService
2019-09-27 09:21:23,801 [main] INFO  server.StorageContainerManager (StorageContainerManager.java:stop(877)) - Stopping SCM Event Queue.
2019-09-27 09:21:23,805 [main] INFO  impl.MetricsSystemImpl (MetricsSystemImpl.java:stop(210)) - Stopping HddsDatanode metrics system...
2019-09-27 09:21:23,819 [main] INFO  impl.MetricsSystemImpl (MetricsSystemImpl.java:stop(216)) - HddsDatanode metrics system stopped.
]]></system-out>
    <system-err><![CDATA[Sep 27, 2019 9:21:08 AM org.apache.ratis.thirdparty.io.grpc.internal.SerializingExecutor run
SEVERE: Exception while executing runnable org.apache.ratis.thirdparty.io.grpc.internal.ServerImpl$JumpToApplicationThreadServerStreamListener$1Closed@43e64efb
org.apache.ratis.thirdparty.io.grpc.StatusRuntimeException: CANCELLED: call already cancelled
	at org.apache.ratis.thirdparty.io.grpc.Status.asRuntimeException(Status.java:517)
	at org.apache.ratis.thirdparty.io.grpc.stub.ServerCalls$ServerCallStreamObserverImpl.onCompleted(ServerCalls.java:356)
	at org.apache.ratis.grpc.server.GrpcServerProtocolService$ServerRequestStreamObserver.onError(GrpcServerProtocolService.java:121)
	at org.apache.ratis.thirdparty.io.grpc.stub.ServerCalls$StreamingServerCallHandler$StreamingServerCallListener.onCancel(ServerCalls.java:269)
	at org.apache.ratis.thirdparty.io.grpc.internal.ServerCallImpl$ServerStreamListenerImpl.closed(ServerCallImpl.java:293)
	at org.apache.ratis.thirdparty.io.grpc.internal.ServerImpl$JumpToApplicationThreadServerStreamListener$1Closed.runInContext(ServerImpl.java:741)
	at org.apache.ratis.thirdparty.io.grpc.internal.ContextRunnable.run(ContextRunnable.java:37)
	at org.apache.ratis.thirdparty.io.grpc.internal.SerializingExecutor.run(SerializingExecutor.java:123)
	at java.util.concurrent.ThreadPoolExecutor.runWorker(ThreadPoolExecutor.java:1149)
	at java.util.concurrent.ThreadPoolExecutor$Worker.run(ThreadPoolExecutor.java:624)
	at java.lang.Thread.run(Thread.java:748)

Sep 27, 2019 9:21:13 AM org.apache.ratis.thirdparty.io.grpc.internal.SerializingExecutor run
SEVERE: Exception while executing runnable org.apache.ratis.thirdparty.io.grpc.internal.ServerImpl$JumpToApplicationThreadServerStreamListener$1Closed@178d2ccd
org.apache.ratis.thirdparty.io.grpc.StatusRuntimeException: CANCELLED: call already cancelled
	at org.apache.ratis.thirdparty.io.grpc.Status.asRuntimeException(Status.java:517)
	at org.apache.ratis.thirdparty.io.grpc.stub.ServerCalls$ServerCallStreamObserverImpl.onCompleted(ServerCalls.java:356)
	at org.apache.ratis.grpc.server.GrpcServerProtocolService$ServerRequestStreamObserver.onError(GrpcServerProtocolService.java:121)
	at org.apache.ratis.thirdparty.io.grpc.stub.ServerCalls$StreamingServerCallHandler$StreamingServerCallListener.onCancel(ServerCalls.java:269)
	at org.apache.ratis.thirdparty.io.grpc.internal.ServerCallImpl$ServerStreamListenerImpl.closed(ServerCallImpl.java:293)
	at org.apache.ratis.thirdparty.io.grpc.internal.ServerImpl$JumpToApplicationThreadServerStreamListener$1Closed.runInContext(ServerImpl.java:741)
	at org.apache.ratis.thirdparty.io.grpc.internal.ContextRunnable.run(ContextRunnable.java:37)
	at org.apache.ratis.thirdparty.io.grpc.internal.SerializingExecutor.run(SerializingExecutor.java:123)
	at java.util.concurrent.ThreadPoolExecutor.runWorker(ThreadPoolExecutor.java:1149)
	at java.util.concurrent.ThreadPoolExecutor$Worker.run(ThreadPoolExecutor.java:624)
	at java.lang.Thread.run(Thread.java:748)

Sep 27, 2019 9:21:13 AM org.apache.ratis.thirdparty.io.grpc.internal.SerializingExecutor run
SEVERE: Exception while executing runnable org.apache.ratis.thirdparty.io.grpc.internal.ServerImpl$JumpToApplicationThreadServerStreamListener$1Closed@4380a71f
org.apache.ratis.thirdparty.io.grpc.StatusRuntimeException: CANCELLED: call already cancelled
	at org.apache.ratis.thirdparty.io.grpc.Status.asRuntimeException(Status.java:517)
	at org.apache.ratis.thirdparty.io.grpc.stub.ServerCalls$ServerCallStreamObserverImpl.onCompleted(ServerCalls.java:356)
	at org.apache.ratis.grpc.server.GrpcServerProtocolService$ServerRequestStreamObserver.onError(GrpcServerProtocolService.java:121)
	at org.apache.ratis.thirdparty.io.grpc.stub.ServerCalls$StreamingServerCallHandler$StreamingServerCallListener.onCancel(ServerCalls.java:269)
	at org.apache.ratis.thirdparty.io.grpc.internal.ServerCallImpl$ServerStreamListenerImpl.closed(ServerCallImpl.java:293)
	at org.apache.ratis.thirdparty.io.grpc.internal.ServerImpl$JumpToApplicationThreadServerStreamListener$1Closed.runInContext(ServerImpl.java:741)
	at org.apache.ratis.thirdparty.io.grpc.internal.ContextRunnable.run(ContextRunnable.java:37)
	at org.apache.ratis.thirdparty.io.grpc.internal.SerializingExecutor.run(SerializingExecutor.java:123)
	at java.util.concurrent.ThreadPoolExecutor.runWorker(ThreadPoolExecutor.java:1149)
	at java.util.concurrent.ThreadPoolExecutor$Worker.run(ThreadPoolExecutor.java:624)
	at java.lang.Thread.run(Thread.java:748)

]]></system-err>
  </testcase>
  <testcase name="testBlockWritesWithDnFailures" classname="org.apache.hadoop.ozone.client.rpc.TestFailureHandlingByClient" time="142.422">
    <error message="Connection refused" type="java.net.ConnectException"><![CDATA[java.net.ConnectException: Connection refused
	at sun.nio.ch.SocketChannelImpl.checkConnect(Native Method)
	at sun.nio.ch.SocketChannelImpl.finishConnect(SocketChannelImpl.java:717)
	at org.apache.hadoop.net.SocketIOWithTimeout.connect(SocketIOWithTimeout.java:206)
	at org.apache.hadoop.net.NetUtils.connect(NetUtils.java:531)
	at org.apache.hadoop.ipc.Client$Connection.setupConnection(Client.java:690)
	at org.apache.hadoop.ipc.Client$Connection.setupIOstreams(Client.java:794)
	at org.apache.hadoop.ipc.Client$Connection.access$3700(Client.java:411)
	at org.apache.hadoop.ipc.Client.getConnection(Client.java:1572)
	at org.apache.hadoop.ipc.Client.call(Client.java:1403)
	at org.apache.hadoop.ipc.Client.call(Client.java:1367)
	at org.apache.hadoop.ipc.ProtobufRpcEngine$Invoker.invoke(ProtobufRpcEngine.java:228)
	at org.apache.hadoop.ipc.ProtobufRpcEngine$Invoker.invoke(ProtobufRpcEngine.java:116)
	at com.sun.proxy.$Proxy35.submitRequest(Unknown Source)
	at sun.reflect.GeneratedMethodAccessor36.invoke(Unknown Source)
	at sun.reflect.DelegatingMethodAccessorImpl.invoke(DelegatingMethodAccessorImpl.java:43)
	at java.lang.reflect.Method.invoke(Method.java:498)
	at org.apache.hadoop.io.retry.RetryInvocationHandler.invokeMethod(RetryInvocationHandler.java:422)
	at org.apache.hadoop.io.retry.RetryInvocationHandler$Call.invokeMethod(RetryInvocationHandler.java:165)
	at org.apache.hadoop.io.retry.RetryInvocationHandler$Call.invoke(RetryInvocationHandler.java:157)
	at org.apache.hadoop.io.retry.RetryInvocationHandler$Call.invokeOnce(RetryInvocationHandler.java:95)
	at org.apache.hadoop.io.retry.RetryInvocationHandler.invoke(RetryInvocationHandler.java:359)
	at com.sun.proxy.$Proxy35.submitRequest(Unknown Source)
	at org.apache.hadoop.ozone.om.protocolPB.OzoneManagerProtocolClientSideTranslatorPB.submitRequest(OzoneManagerProtocolClientSideTranslatorPB.java:338)
	at org.apache.hadoop.ozone.om.protocolPB.OzoneManagerProtocolClientSideTranslatorPB.getServiceInfo(OzoneManagerProtocolClientSideTranslatorPB.java:1223)
	at sun.reflect.NativeMethodAccessorImpl.invoke0(Native Method)
	at sun.reflect.NativeMethodAccessorImpl.invoke(NativeMethodAccessorImpl.java:62)
	at sun.reflect.DelegatingMethodAccessorImpl.invoke(DelegatingMethodAccessorImpl.java:43)
	at java.lang.reflect.Method.invoke(Method.java:498)
	at org.apache.hadoop.hdds.tracing.TraceAllMethod.invoke(TraceAllMethod.java:66)
	at com.sun.proxy.$Proxy36.getServiceInfo(Unknown Source)
	at org.apache.hadoop.ozone.client.rpc.RpcClient.<init>(RpcClient.java:154)
	at org.apache.hadoop.ozone.client.OzoneClientFactory.getClientProtocol(OzoneClientFactory.java:256)
	at org.apache.hadoop.ozone.client.OzoneClientFactory.getClientProtocol(OzoneClientFactory.java:239)
	at org.apache.hadoop.ozone.client.OzoneClientFactory.getClient(OzoneClientFactory.java:75)
	at org.apache.hadoop.ozone.client.rpc.TestFailureHandlingByClient.init(TestFailureHandlingByClient.java:111)
	at org.apache.hadoop.ozone.client.rpc.TestFailureHandlingByClient.startCluster(TestFailureHandlingByClient.java:121)
	at org.apache.hadoop.ozone.client.rpc.TestFailureHandlingByClient.testBlockWritesWithDnFailures(TestFailureHandlingByClient.java:136)
	at sun.reflect.NativeMethodAccessorImpl.invoke0(Native Method)
	at sun.reflect.NativeMethodAccessorImpl.invoke(NativeMethodAccessorImpl.java:62)
	at sun.reflect.DelegatingMethodAccessorImpl.invoke(DelegatingMethodAccessorImpl.java:43)
	at java.lang.reflect.Method.invoke(Method.java:498)
	at org.junit.runners.model.FrameworkMethod$1.runReflectiveCall(FrameworkMethod.java:47)
	at org.junit.internal.runners.model.ReflectiveCallable.run(ReflectiveCallable.java:12)
	at org.junit.runners.model.FrameworkMethod.invokeExplosively(FrameworkMethod.java:44)
	at org.junit.internal.runners.statements.InvokeMethod.evaluate(InvokeMethod.java:17)
	at org.junit.internal.runners.statements.RunAfters.evaluate(RunAfters.java:27)
	at org.junit.runners.ParentRunner.runLeaf(ParentRunner.java:271)
	at org.junit.runners.BlockJUnit4ClassRunner.runChild(BlockJUnit4ClassRunner.java:70)
	at org.junit.runners.BlockJUnit4ClassRunner.runChild(BlockJUnit4ClassRunner.java:50)
	at org.junit.runners.ParentRunner$3.run(ParentRunner.java:238)
	at org.junit.runners.ParentRunner$1.schedule(ParentRunner.java:63)
	at org.junit.runners.ParentRunner.runChildren(ParentRunner.java:236)
	at org.junit.runners.ParentRunner.access$000(ParentRunner.java:53)
	at org.junit.runners.ParentRunner$2.evaluate(ParentRunner.java:229)
	at org.junit.runners.ParentRunner.run(ParentRunner.java:309)
	at org.apache.maven.surefire.junit4.JUnit4Provider.execute(JUnit4Provider.java:365)
	at org.apache.maven.surefire.junit4.JUnit4Provider.executeWithRerun(JUnit4Provider.java:273)
	at org.apache.maven.surefire.junit4.JUnit4Provider.executeTestSet(JUnit4Provider.java:238)
	at org.apache.maven.surefire.junit4.JUnit4Provider.invoke(JUnit4Provider.java:159)
	at org.apache.maven.surefire.booter.ForkedBooter.invokeProviderInSameClassLoader(ForkedBooter.java:384)
	at org.apache.maven.surefire.booter.ForkedBooter.runSuitesInProcess(ForkedBooter.java:345)
	at org.apache.maven.surefire.booter.ForkedBooter.execute(ForkedBooter.java:126)
	at org.apache.maven.surefire.booter.ForkedBooter.main(ForkedBooter.java:418)
]]></error>
    <system-out><![CDATA[2019-09-27 09:21:23,857 [main] WARN  server.ServerUtils (ServerUtils.java:getScmDbDir(145)) - ozone.scm.db.dirs is not configured. We recommend adding this setting. Falling back to ozone.metadata.dirs instead.
2019-09-27 09:21:23,883 [main] WARN  server.ServerUtils (ServerUtils.java:getScmDbDir(145)) - ozone.scm.db.dirs is not configured. We recommend adding this setting. Falling back to ozone.metadata.dirs instead.
2019-09-27 09:21:23,883 [main] WARN  server.ServerUtils (ServerUtils.java:getScmDbDir(145)) - ozone.scm.db.dirs is not configured. We recommend adding this setting. Falling back to ozone.metadata.dirs instead.
2019-09-27 09:21:23,884 [main] INFO  db.DBStoreBuilder (DBStoreBuilder.java:addTable(110)) - using custom profile for table: deletedBlocks
2019-09-27 09:21:23,884 [main] INFO  db.DBStoreBuilder (DBStoreBuilder.java:processTables(161)) - Using default column profile:DBProfile.DISK for Table:deletedBlocks
2019-09-27 09:21:23,884 [main] INFO  db.DBStoreBuilder (DBStoreBuilder.java:addTable(110)) - using custom profile for table: validCerts
2019-09-27 09:21:23,884 [main] INFO  db.DBStoreBuilder (DBStoreBuilder.java:processTables(161)) - Using default column profile:DBProfile.DISK for Table:validCerts
2019-09-27 09:21:23,884 [main] INFO  db.DBStoreBuilder (DBStoreBuilder.java:addTable(110)) - using custom profile for table: revokedCerts
2019-09-27 09:21:23,885 [main] INFO  db.DBStoreBuilder (DBStoreBuilder.java:processTables(161)) - Using default column profile:DBProfile.DISK for Table:revokedCerts
2019-09-27 09:21:23,885 [main] INFO  db.DBStoreBuilder (DBStoreBuilder.java:addTable(110)) - using custom profile for table: default
2019-09-27 09:21:23,885 [main] INFO  db.DBStoreBuilder (DBStoreBuilder.java:processTables(167)) - Using default column profile:DBProfile.DISK for Table:default
2019-09-27 09:21:23,885 [main] INFO  db.DBStoreBuilder (DBStoreBuilder.java:getDbProfile(198)) - Using default options. DBProfile.DISK
2019-09-27 09:21:24,030 [main] INFO  net.NodeSchemaLoader (NodeSchemaLoader.java:loadSchemaFromFile(125)) - Loading file from sun.misc.CompoundEnumeration@7df6d663
2019-09-27 09:21:24,031 [main] INFO  net.NodeSchemaLoader (NodeSchemaLoader.java:loadSchema(171)) - Loading network topology layer schema file
2019-09-27 09:21:24,037 [main] INFO  node.SCMNodeManager (SCMNodeManager.java:<init>(114)) - Entering startup safe mode.
2019-09-27 09:21:24,037 [main] INFO  algorithms.ContainerPlacementPolicyFactory (ContainerPlacementPolicyFactory.java:getPolicy(57)) - Create container placement policy of type org.apache.hadoop.hdds.scm.container.placement.algorithms.SCMContainerPlacementRandom
2019-09-27 09:21:24,038 [main] WARN  server.ServerUtils (ServerUtils.java:getScmDbDir(145)) - ozone.scm.db.dirs is not configured. We recommend adding this setting. Falling back to ozone.metadata.dirs instead.
2019-09-27 09:21:24,061 [main] INFO  pipeline.SCMPipelineManager (SCMPipelineManager.java:initializePipelineState(132)) - No pipeline exists in current db
2019-09-27 09:21:24,061 [main] WARN  server.ServerUtils (ServerUtils.java:getScmDbDir(145)) - ozone.scm.db.dirs is not configured. We recommend adding this setting. Falling back to ozone.metadata.dirs instead.
2019-09-27 09:21:24,086 [main] WARN  events.EventQueue (EventQueue.java:fireEvent(183)) - No event handler registered for event TypedEvent{payloadType=SafeModeStatus, name='SafeModeStatus'}
2019-09-27 09:21:24,087 [main] INFO  ipc.CallQueueManager (CallQueueManager.java:<init>(84)) - Using callQueue: class java.util.concurrent.LinkedBlockingQueue, queueCapacity: 2000, scheduler: class org.apache.hadoop.ipc.DefaultRpcScheduler, ipcBackoff: false.
2019-09-27 09:21:24,088 [Socket Reader #1 for port 45987] INFO  ipc.Server (Server.java:run(1074)) - Starting Socket Reader #1 for port 45987
2019-09-27 09:21:24,090 [main] INFO  ipc.CallQueueManager (CallQueueManager.java:<init>(84)) - Using callQueue: class java.util.concurrent.LinkedBlockingQueue, queueCapacity: 2000, scheduler: class org.apache.hadoop.ipc.DefaultRpcScheduler, ipcBackoff: false.
2019-09-27 09:21:24,091 [Socket Reader #1 for port 46619] INFO  ipc.Server (Server.java:run(1074)) - Starting Socket Reader #1 for port 46619
2019-09-27 09:21:24,092 [main] INFO  ipc.CallQueueManager (CallQueueManager.java:<init>(84)) - Using callQueue: class java.util.concurrent.LinkedBlockingQueue, queueCapacity: 2000, scheduler: class org.apache.hadoop.ipc.DefaultRpcScheduler, ipcBackoff: false.
2019-09-27 09:21:24,093 [Socket Reader #1 for port 35845] INFO  ipc.Server (Server.java:run(1074)) - Starting Socket Reader #1 for port 35845
2019-09-27 09:21:24,095 [main] INFO  hdfs.DFSUtil (DFSUtil.java:httpServerTemplateForNNAndJN(1641)) - Starting Web-server for scm at: http://0.0.0.0:0
2019-09-27 09:21:24,098 [main] INFO  server.AuthenticationFilter (AuthenticationFilter.java:constructSecretProvider(240)) - Unable to initialize FileSignerSecretProvider, falling back to use random secrets.
2019-09-27 09:21:24,099 [main] WARN  http.HttpRequestLog (HttpRequestLog.java:getRequestLog(97)) - Jetty request log can only be enabled using Log4j
2019-09-27 09:21:24,102 [main] INFO  http.HttpServer2 (HttpServer2.java:addGlobalFilter(975)) - Added global filter 'safety' (class=org.apache.hadoop.http.HttpServer2$QuotingInputFilter)
2019-09-27 09:21:24,103 [main] INFO  http.HttpServer2 (HttpServer2.java:addFilter(948)) - Added filter static_user_filter (class=org.apache.hadoop.http.lib.StaticUserWebFilter$StaticUserFilter) to context scm
2019-09-27 09:21:24,103 [main] INFO  http.HttpServer2 (HttpServer2.java:addFilter(958)) - Added filter static_user_filter (class=org.apache.hadoop.http.lib.StaticUserWebFilter$StaticUserFilter) to context logs
2019-09-27 09:21:24,103 [main] INFO  http.HttpServer2 (HttpServer2.java:addFilter(958)) - Added filter static_user_filter (class=org.apache.hadoop.http.lib.StaticUserWebFilter$StaticUserFilter) to context static
2019-09-27 09:21:24,106 [main] INFO  server.StorageContainerManager (StorageContainerManager.java:start(770)) - StorageContainerLocationProtocol RPC server is listening at /0.0.0.0:35845
2019-09-27 09:21:24,109 [main] WARN  impl.MetricsConfig (MetricsConfig.java:loadFirst(134)) - Cannot locate configuration: tried hadoop-metrics2-storagecontainermanager.properties,hadoop-metrics2.properties
2019-09-27 09:21:24,113 [main] INFO  impl.MetricsSystemImpl (MetricsSystemImpl.java:startTimer(374)) - Scheduled Metric snapshot period at 10 second(s).
2019-09-27 09:21:24,113 [main] INFO  impl.MetricsSystemImpl (MetricsSystemImpl.java:start(191)) - StorageContainerManager metrics system started
2019-09-27 09:21:24,176 [main] WARN  impl.MetricsSystemImpl (MetricsSystemImpl.java:register(276)) - Sink prometheus already exists!
2019-09-27 09:21:24,253 [main] INFO  server.SCMClientProtocolServer (SCMClientProtocolServer.java:start(151)) - RPC server for Client  is listening at /0.0.0.0:35845
2019-09-27 09:21:24,254 [IPC Server Responder] INFO  ipc.Server (Server.java:run(1314)) - IPC Server Responder: starting
2019-09-27 09:21:24,254 [IPC Server listener on 35845] INFO  ipc.Server (Server.java:run(1153)) - IPC Server listener on 35845: starting
2019-09-27 09:21:24,260 [main] INFO  server.StorageContainerManager (StorageContainerManager.java:start(780)) - ScmBlockLocationProtocol RPC server is listening at /0.0.0.0:46619
2019-09-27 09:21:24,260 [main] INFO  server.SCMBlockProtocolServer (SCMBlockProtocolServer.java:start(146)) - RPC server for Block Protocol is listening at /0.0.0.0:46619
2019-09-27 09:21:24,261 [IPC Server Responder] INFO  ipc.Server (Server.java:run(1314)) - IPC Server Responder: starting
2019-09-27 09:21:24,261 [IPC Server listener on 46619] INFO  ipc.Server (Server.java:run(1153)) - IPC Server listener on 46619: starting
2019-09-27 09:21:24,265 [main] INFO  server.StorageContainerManager (StorageContainerManager.java:start(784)) - ScmDatanodeProtocl RPC server is listening at /0.0.0.0:45987
2019-09-27 09:21:24,265 [main] INFO  server.SCMDatanodeProtocolServer (SCMDatanodeProtocolServer.java:start(191)) - RPC server for DataNodes is listening at /0.0.0.0:45987
2019-09-27 09:21:24,266 [IPC Server Responder] INFO  ipc.Server (Server.java:run(1314)) - IPC Server Responder: starting
2019-09-27 09:21:24,266 [IPC Server listener on 45987] INFO  ipc.Server (Server.java:run(1153)) - IPC Server listener on 45987: starting
2019-09-27 09:21:24,270 [main] INFO  http.HttpServer2 (HttpServer2.java:bindListener(1191)) - Jetty bound to port 39222
2019-09-27 09:21:24,271 [main] INFO  server.Server (Server.java:doStart(351)) - jetty-9.3.25.v20180904, build timestamp: 2018-09-04T21:11:46Z, git hash: 3ce520221d0240229c862b122d2b06c12a625732
2019-09-27 09:21:24,273 [main] INFO  handler.ContextHandler (ContextHandler.java:doStart(781)) - Started o.e.j.s.ServletContextHandler@4f7be6c8{/logs,file:///workdir/hadoop-ozone/integration-test/target/log,AVAILABLE}
2019-09-27 09:21:24,273 [main] INFO  handler.ContextHandler (ContextHandler.java:doStart(781)) - Started o.e.j.s.ServletContextHandler@b6bccb4{/static,file:///workdir/hadoop-ozone/integration-test/target/test-classes/webapps/static,AVAILABLE}
2019-09-27 09:21:24,278 [main] INFO  handler.ContextHandler (ContextHandler.java:doStart(781)) - Started o.e.j.w.WebAppContext@30bbcf91{/,file:///workdir/hadoop-ozone/integration-test/target/test-classes/webapps/scm/,AVAILABLE}{/scm}
2019-09-27 09:21:24,279 [main] INFO  server.AbstractConnector (AbstractConnector.java:doStart(278)) - Started ServerConnector@3ca14cf4{HTTP/1.1,[http/1.1]}{0.0.0.0:39222}
2019-09-27 09:21:24,280 [main] INFO  server.Server (Server.java:doStart(419)) - Started @430561ms
2019-09-27 09:21:24,280 [main] WARN  impl.MetricsSystemImpl (MetricsSystemImpl.java:register(276)) - Sink prometheus already exists!
2019-09-27 09:21:24,281 [main] INFO  server.BaseHttpServer (BaseHttpServer.java:updateConnectorAddress(215)) - HTTP server of SCM is listening at http://0.0.0.0:39222
2019-09-27 09:21:24,282 [main] WARN  server.ServerUtils (ServerUtils.java:getDBPath(222)) - ozone.om.db.dirs is not configured. We recommend adding this setting. Falling back to ozone.metadata.dirs instead.
2019-09-27 09:21:24,283 [org.apache.hadoop.util.JvmPauseMonitor$Monitor@46c10083] INFO  util.JvmPauseMonitor (JvmPauseMonitor.java:run(188)) - Starting JVM pause monitor
2019-09-27 09:21:24,297 [main] INFO  ha.OMHANodeDetails (OMHANodeDetails.java:loadOMHAConfig(194)) - Configuration either no ozone.om.address set. Falling back to the default OM address /127.0.0.1:0
2019-09-27 09:21:24,297 [main] INFO  ha.OMHANodeDetails (OMHANodeDetails.java:getOMNodeDetails(224)) - OM Service ID is not set. Setting it to the default ID: omServiceIdDefault
2019-09-27 09:21:24,297 [main] WARN  server.ServerUtils (ServerUtils.java:getDBPath(222)) - ozone.om.db.dirs is not configured. We recommend adding this setting. Falling back to ozone.metadata.dirs instead.
2019-09-27 09:21:24,298 [main] WARN  server.ServerUtils (ServerUtils.java:getDBPath(222)) - ozone.om.db.dirs is not configured. We recommend adding this setting. Falling back to ozone.metadata.dirs instead.
2019-09-27 09:21:24,305 [main] WARN  server.ServerUtils (ServerUtils.java:getDBPath(222)) - ozone.om.db.dirs is not configured. We recommend adding this setting. Falling back to ozone.metadata.dirs instead.
2019-09-27 09:21:24,305 [main] INFO  db.DBStoreBuilder (DBStoreBuilder.java:addTable(110)) - using custom profile for table: userTable
2019-09-27 09:21:24,306 [main] INFO  db.DBStoreBuilder (DBStoreBuilder.java:processTables(161)) - Using default column profile:DBProfile.DISK for Table:userTable
2019-09-27 09:21:24,306 [main] INFO  db.DBStoreBuilder (DBStoreBuilder.java:addTable(110)) - using custom profile for table: volumeTable
2019-09-27 09:21:24,306 [main] INFO  db.DBStoreBuilder (DBStoreBuilder.java:processTables(161)) - Using default column profile:DBProfile.DISK for Table:volumeTable
2019-09-27 09:21:24,306 [main] INFO  db.DBStoreBuilder (DBStoreBuilder.java:addTable(110)) - using custom profile for table: bucketTable
2019-09-27 09:21:24,307 [main] INFO  db.DBStoreBuilder (DBStoreBuilder.java:processTables(161)) - Using default column profile:DBProfile.DISK for Table:bucketTable
2019-09-27 09:21:24,307 [main] INFO  db.DBStoreBuilder (DBStoreBuilder.java:addTable(110)) - using custom profile for table: keyTable
2019-09-27 09:21:24,307 [main] INFO  db.DBStoreBuilder (DBStoreBuilder.java:processTables(161)) - Using default column profile:DBProfile.DISK for Table:keyTable
2019-09-27 09:21:24,307 [main] INFO  db.DBStoreBuilder (DBStoreBuilder.java:addTable(110)) - using custom profile for table: deletedTable
2019-09-27 09:21:24,307 [main] INFO  db.DBStoreBuilder (DBStoreBuilder.java:processTables(161)) - Using default column profile:DBProfile.DISK for Table:deletedTable
2019-09-27 09:21:24,308 [main] INFO  db.DBStoreBuilder (DBStoreBuilder.java:addTable(110)) - using custom profile for table: openKeyTable
2019-09-27 09:21:24,308 [main] INFO  db.DBStoreBuilder (DBStoreBuilder.java:processTables(161)) - Using default column profile:DBProfile.DISK for Table:openKeyTable
2019-09-27 09:21:24,308 [main] INFO  db.DBStoreBuilder (DBStoreBuilder.java:addTable(110)) - using custom profile for table: s3Table
2019-09-27 09:21:24,308 [main] INFO  db.DBStoreBuilder (DBStoreBuilder.java:processTables(161)) - Using default column profile:DBProfile.DISK for Table:s3Table
2019-09-27 09:21:24,309 [main] INFO  db.DBStoreBuilder (DBStoreBuilder.java:addTable(110)) - using custom profile for table: multipartInfoTable
2019-09-27 09:21:24,309 [main] INFO  db.DBStoreBuilder (DBStoreBuilder.java:processTables(161)) - Using default column profile:DBProfile.DISK for Table:multipartInfoTable
2019-09-27 09:21:24,309 [main] INFO  db.DBStoreBuilder (DBStoreBuilder.java:addTable(110)) - using custom profile for table: dTokenTable
2019-09-27 09:21:24,309 [main] INFO  db.DBStoreBuilder (DBStoreBuilder.java:processTables(161)) - Using default column profile:DBProfile.DISK for Table:dTokenTable
2019-09-27 09:21:24,309 [main] INFO  db.DBStoreBuilder (DBStoreBuilder.java:addTable(110)) - using custom profile for table: s3SecretTable
2019-09-27 09:21:24,310 [main] INFO  db.DBStoreBuilder (DBStoreBuilder.java:processTables(161)) - Using default column profile:DBProfile.DISK for Table:s3SecretTable
2019-09-27 09:21:24,310 [main] INFO  db.DBStoreBuilder (DBStoreBuilder.java:addTable(110)) - using custom profile for table: prefixTable
2019-09-27 09:21:24,310 [main] INFO  db.DBStoreBuilder (DBStoreBuilder.java:processTables(161)) - Using default column profile:DBProfile.DISK for Table:prefixTable
2019-09-27 09:21:24,310 [main] INFO  db.DBStoreBuilder (DBStoreBuilder.java:addTable(110)) - using custom profile for table: default
2019-09-27 09:21:24,310 [main] INFO  db.DBStoreBuilder (DBStoreBuilder.java:processTables(167)) - Using default column profile:DBProfile.DISK for Table:default
2019-09-27 09:21:24,311 [main] INFO  db.DBStoreBuilder (DBStoreBuilder.java:getDbProfile(198)) - Using default options. DBProfile.DISK
2019-09-27 09:21:24,707 [main] INFO  ipc.CallQueueManager (CallQueueManager.java:<init>(84)) - Using callQueue: class java.util.concurrent.LinkedBlockingQueue, queueCapacity: 2000, scheduler: class org.apache.hadoop.ipc.DefaultRpcScheduler, ipcBackoff: false.
2019-09-27 09:21:24,708 [Socket Reader #1 for port 41882] INFO  ipc.Server (Server.java:run(1074)) - Starting Socket Reader #1 for port 41882
2019-09-27 09:21:24,719 [main] INFO  om.OzoneManager (OzoneManager.java:start(1069)) - OzoneManager RPC server is listening at localhost/127.0.0.1:41882
2019-09-27 09:21:24,719 [main] INFO  impl.MetricsSystemImpl (MetricsSystemImpl.java:init(158)) - OzoneManager metrics system started (again)
2019-09-27 09:21:24,720 [IPC Server listener on 41882] INFO  ipc.Server (Server.java:run(1153)) - IPC Server listener on 41882: starting
2019-09-27 09:21:24,720 [IPC Server Responder] INFO  ipc.Server (Server.java:run(1314)) - IPC Server Responder: starting
2019-09-27 09:21:24,724 [main] INFO  hdfs.DFSUtil (DFSUtil.java:httpServerTemplateForNNAndJN(1641)) - Starting Web-server for ozoneManager at: http://0.0.0.0:0
2019-09-27 09:21:24,726 [main] INFO  server.AuthenticationFilter (AuthenticationFilter.java:constructSecretProvider(240)) - Unable to initialize FileSignerSecretProvider, falling back to use random secrets.
2019-09-27 09:21:24,726 [main] WARN  http.HttpRequestLog (HttpRequestLog.java:getRequestLog(97)) - Jetty request log can only be enabled using Log4j
2019-09-27 09:21:24,727 [main] INFO  http.HttpServer2 (HttpServer2.java:addGlobalFilter(975)) - Added global filter 'safety' (class=org.apache.hadoop.http.HttpServer2$QuotingInputFilter)
2019-09-27 09:21:24,728 [main] INFO  http.HttpServer2 (HttpServer2.java:addFilter(948)) - Added filter static_user_filter (class=org.apache.hadoop.http.lib.StaticUserWebFilter$StaticUserFilter) to context ozoneManager
2019-09-27 09:21:24,728 [main] INFO  http.HttpServer2 (HttpServer2.java:addFilter(958)) - Added filter static_user_filter (class=org.apache.hadoop.http.lib.StaticUserWebFilter$StaticUserFilter) to context logs
2019-09-27 09:21:24,728 [main] INFO  http.HttpServer2 (HttpServer2.java:addFilter(958)) - Added filter static_user_filter (class=org.apache.hadoop.http.lib.StaticUserWebFilter$StaticUserFilter) to context static
2019-09-27 09:21:24,729 [main] INFO  http.HttpServer2 (HttpServer2.java:bindListener(1191)) - Jetty bound to port 43368
2019-09-27 09:21:24,729 [main] INFO  server.Server (Server.java:doStart(351)) - jetty-9.3.25.v20180904, build timestamp: 2018-09-04T21:11:46Z, git hash: 3ce520221d0240229c862b122d2b06c12a625732
2019-09-27 09:21:24,730 [main] INFO  handler.ContextHandler (ContextHandler.java:doStart(781)) - Started o.e.j.s.ServletContextHandler@7c46c9c3{/logs,file:///workdir/hadoop-ozone/integration-test/target/log,AVAILABLE}
2019-09-27 09:21:24,731 [main] INFO  handler.ContextHandler (ContextHandler.java:doStart(781)) - Started o.e.j.s.ServletContextHandler@1f10fec6{/static,file:///workdir/hadoop-ozone/integration-test/target/test-classes/webapps/static,AVAILABLE}
2019-09-27 09:21:24,734 [main] INFO  handler.ContextHandler (ContextHandler.java:doStart(781)) - Started o.e.j.w.WebAppContext@1a21f43f{/,file:///workdir/hadoop-ozone/integration-test/target/test-classes/webapps/ozoneManager/,AVAILABLE}{/ozoneManager}
2019-09-27 09:21:24,735 [main] INFO  server.AbstractConnector (AbstractConnector.java:doStart(278)) - Started ServerConnector@7f0a133d{HTTP/1.1,[http/1.1]}{0.0.0.0:43368}
2019-09-27 09:21:24,735 [main] INFO  server.Server (Server.java:doStart(419)) - Started @431016ms
2019-09-27 09:21:24,736 [main] WARN  impl.MetricsSystemImpl (MetricsSystemImpl.java:register(276)) - Sink prometheus already exists!
2019-09-27 09:21:24,737 [main] INFO  server.BaseHttpServer (BaseHttpServer.java:updateConnectorAddress(215)) - HTTP server of OZONEMANAGER is listening at http://0.0.0.0:43368
2019-09-27 09:21:24,754 [main] INFO  impl.MetricsSystemImpl (MetricsSystemImpl.java:init(158)) - HddsDatanode metrics system started (again)
2019-09-27 09:21:24,756 [main] INFO  ozone.HddsDatanodeService (HddsDatanodeService.java:start(184)) - HddsDatanodeService host:pr-hdds2162-4fxhj-20988671 ip:192.168.151.103
2019-09-27 09:21:24,762 [main] INFO  volume.HddsVolume (HddsVolume.java:<init>(176)) - Creating Volume: /workdir/hadoop-ozone/integration-test/target/test-dir/MiniOzoneClusterImpl-68e31327-6f0a-47ff-9789-fe3f4972a3d5/datanode-0/data/containers/hdds of  storage type : DISK and capacity : 1482555576320
2019-09-27 09:21:24,762 [main] INFO  volume.VolumeSet (VolumeSet.java:initializeVolumeSet(170)) - Added Volume : /workdir/hadoop-ozone/integration-test/target/test-dir/MiniOzoneClusterImpl-68e31327-6f0a-47ff-9789-fe3f4972a3d5/datanode-0/data/containers/hdds to VolumeSet
2019-09-27 09:21:24,763 [main] INFO  volume.ThrottledAsyncChecker (ThrottledAsyncChecker.java:schedule(139)) - Scheduling a check for org.apache.hadoop.ozone.container.common.volume.HddsVolume@29f3c438
2019-09-27 09:21:24,763 [main] INFO  volume.HddsVolumeChecker (HddsVolumeChecker.java:checkAllVolumes(202)) - Scheduled health check for volume org.apache.hadoop.ozone.container.common.volume.HddsVolume@29f3c438
2019-09-27 09:21:24,774 [main] INFO  impl.RaftServerProxy (ConfUtils.java:logGet(43)) - raft.rpc.type = GRPC (default)
2019-09-27 09:21:24,775 [main] INFO  grpc.GrpcFactory (GrpcFactory.java:checkPooledByteBufAllocatorUseCacheForAllThreads(45)) - PERFORMANCE WARNING: useCacheForAllThreads is true that may cause Netty to create a lot garbage objects and, as a result, trigger GC.
	It is recommended to disable useCacheForAllThreads by setting -Dorg.apache.ratis.thirdparty.io.netty.allocator.useCacheForAllThreads=false in command line.
2019-09-27 09:21:24,775 [main] INFO  grpc.GrpcConfigKeys$Server (ConfUtils.java:logGet(43)) - raft.grpc.server.port = 0 (default)
2019-09-27 09:21:24,775 [main] INFO  server.GrpcService (ConfUtils.java:logGet(43)) - raft.grpc.message.size.max = 33570816 (custom)
2019-09-27 09:21:24,775 [main] INFO  server.RaftServerConfigKeys (ConfUtils.java:logGet(43)) - raft.server.log.appender.buffer.byte-limit = 33554432 (custom)
2019-09-27 09:21:24,776 [main] INFO  server.GrpcService (ConfUtils.java:logGet(43)) - raft.grpc.flow.control.window = 1MB (=1048576) (default)
2019-09-27 09:21:24,776 [main] INFO  server.RaftServerConfigKeys (ConfUtils.java:logGet(43)) - raft.server.rpc.request.timeout = 3000ms (default)
2019-09-27 09:21:24,776 [main] INFO  server.RaftServerConfigKeys (ConfUtils.java:logGet(43)) - raft.server.storage.dir = [/workdir/hadoop-ozone/integration-test/target/test-dir/MiniOzoneClusterImpl-68e31327-6f0a-47ff-9789-fe3f4972a3d5/datanode-0/data/ratis] (custom)
2019-09-27 09:21:24,778 [main] INFO  hdfs.DFSUtil (DFSUtil.java:httpServerTemplateForNNAndJN(1641)) - Starting Web-server for hddsDatanode at: http://0.0.0.0:0
2019-09-27 09:21:24,779 [main] INFO  server.AuthenticationFilter (AuthenticationFilter.java:constructSecretProvider(240)) - Unable to initialize FileSignerSecretProvider, falling back to use random secrets.
2019-09-27 09:21:24,779 [main] WARN  http.HttpRequestLog (HttpRequestLog.java:getRequestLog(97)) - Jetty request log can only be enabled using Log4j
2019-09-27 09:21:24,780 [main] INFO  http.HttpServer2 (HttpServer2.java:addGlobalFilter(975)) - Added global filter 'safety' (class=org.apache.hadoop.http.HttpServer2$QuotingInputFilter)
2019-09-27 09:21:24,780 [main] INFO  http.HttpServer2 (HttpServer2.java:addFilter(948)) - Added filter static_user_filter (class=org.apache.hadoop.http.lib.StaticUserWebFilter$StaticUserFilter) to context hddsDatanode
2019-09-27 09:21:24,781 [main] INFO  http.HttpServer2 (HttpServer2.java:addFilter(958)) - Added filter static_user_filter (class=org.apache.hadoop.http.lib.StaticUserWebFilter$StaticUserFilter) to context logs
2019-09-27 09:21:24,781 [main] INFO  http.HttpServer2 (HttpServer2.java:addFilter(958)) - Added filter static_user_filter (class=org.apache.hadoop.http.lib.StaticUserWebFilter$StaticUserFilter) to context static
2019-09-27 09:21:24,781 [main] INFO  http.HttpServer2 (HttpServer2.java:bindListener(1191)) - Jetty bound to port 37281
2019-09-27 09:21:24,782 [main] INFO  server.Server (Server.java:doStart(351)) - jetty-9.3.25.v20180904, build timestamp: 2018-09-04T21:11:46Z, git hash: 3ce520221d0240229c862b122d2b06c12a625732
2019-09-27 09:21:24,783 [main] INFO  handler.ContextHandler (ContextHandler.java:doStart(781)) - Started o.e.j.s.ServletContextHandler@7a83ccd2{/logs,file:///workdir/hadoop-ozone/integration-test/target/log,AVAILABLE}
2019-09-27 09:21:24,784 [main] INFO  handler.ContextHandler (ContextHandler.java:doStart(781)) - Started o.e.j.s.ServletContextHandler@599a9cb2{/static,jar:file:/home/user/.m2/repository/org/apache/hadoop/hadoop-hdds-container-service/0.5.0-SNAPSHOT/hadoop-hdds-container-service-0.5.0-SNAPSHOT.jar!/webapps/static,AVAILABLE}
2019-09-27 09:21:24,810 [main] INFO  handler.ContextHandler (ContextHandler.java:doStart(781)) - Started o.e.j.w.WebAppContext@79957f11{/,file:///tmp/jetty-0.0.0.0-37281-hddsDatanode-_-any-1989208118562434679.dir/webapp/,AVAILABLE}{/hddsDatanode}
2019-09-27 09:21:24,811 [main] INFO  server.AbstractConnector (AbstractConnector.java:doStart(278)) - Started ServerConnector@217235f5{HTTP/1.1,[http/1.1]}{0.0.0.0:37281}
2019-09-27 09:21:24,811 [main] INFO  server.Server (Server.java:doStart(419)) - Started @431092ms
2019-09-27 09:21:24,812 [main] WARN  impl.MetricsSystemImpl (MetricsSystemImpl.java:register(276)) - Sink prometheus already exists!
2019-09-27 09:21:24,813 [main] INFO  server.BaseHttpServer (BaseHttpServer.java:updateConnectorAddress(215)) - HTTP server of HDDSDATANODE is listening at http://0.0.0.0:37281
2019-09-27 09:21:24,813 [main] INFO  impl.MetricsSystemImpl (MetricsSystemImpl.java:init(158)) - HddsDatanode metrics system started (again)
2019-09-27 09:21:24,816 [main] INFO  ozone.HddsDatanodeService (HddsDatanodeService.java:start(184)) - HddsDatanodeService host:pr-hdds2162-4fxhj-20988671 ip:192.168.151.103
2019-09-27 09:21:24,816 [org.apache.hadoop.util.JvmPauseMonitor$Monitor@7c1bf2c1] INFO  util.JvmPauseMonitor (JvmPauseMonitor.java:run(188)) - Starting JVM pause monitor
2019-09-27 09:21:24,818 [Datanode State Machine Thread - 0] INFO  datanode.InitDatanodeState (InitDatanodeState.java:persistContainerDatanodeDetails(140)) - DatanodeDetails is persisted to /workdir/hadoop-ozone/integration-test/target/test-dir/MiniOzoneClusterImpl-68e31327-6f0a-47ff-9789-fe3f4972a3d5/datanode-0/meta/datanode.id
2019-09-27 09:21:24,822 [main] INFO  volume.HddsVolume (HddsVolume.java:<init>(176)) - Creating Volume: /workdir/hadoop-ozone/integration-test/target/test-dir/MiniOzoneClusterImpl-68e31327-6f0a-47ff-9789-fe3f4972a3d5/datanode-1/data/containers/hdds of  storage type : DISK and capacity : 1482555576320
2019-09-27 09:21:24,822 [main] INFO  volume.VolumeSet (VolumeSet.java:initializeVolumeSet(170)) - Added Volume : /workdir/hadoop-ozone/integration-test/target/test-dir/MiniOzoneClusterImpl-68e31327-6f0a-47ff-9789-fe3f4972a3d5/datanode-1/data/containers/hdds to VolumeSet
2019-09-27 09:21:24,822 [main] INFO  volume.ThrottledAsyncChecker (ThrottledAsyncChecker.java:schedule(139)) - Scheduling a check for org.apache.hadoop.ozone.container.common.volume.HddsVolume@2744dcae
2019-09-27 09:21:24,823 [main] INFO  volume.HddsVolumeChecker (HddsVolumeChecker.java:checkAllVolumes(202)) - Scheduled health check for volume org.apache.hadoop.ozone.container.common.volume.HddsVolume@2744dcae
2019-09-27 09:21:24,835 [main] INFO  impl.RaftServerProxy (ConfUtils.java:logGet(43)) - raft.rpc.type = GRPC (default)
2019-09-27 09:21:24,835 [main] INFO  grpc.GrpcFactory (GrpcFactory.java:checkPooledByteBufAllocatorUseCacheForAllThreads(45)) - PERFORMANCE WARNING: useCacheForAllThreads is true that may cause Netty to create a lot garbage objects and, as a result, trigger GC.
	It is recommended to disable useCacheForAllThreads by setting -Dorg.apache.ratis.thirdparty.io.netty.allocator.useCacheForAllThreads=false in command line.
2019-09-27 09:21:24,835 [main] INFO  grpc.GrpcConfigKeys$Server (ConfUtils.java:logGet(43)) - raft.grpc.server.port = 0 (default)
2019-09-27 09:21:24,835 [main] INFO  server.GrpcService (ConfUtils.java:logGet(43)) - raft.grpc.message.size.max = 33570816 (custom)
2019-09-27 09:21:24,835 [main] INFO  server.RaftServerConfigKeys (ConfUtils.java:logGet(43)) - raft.server.log.appender.buffer.byte-limit = 33554432 (custom)
2019-09-27 09:21:24,836 [main] INFO  server.GrpcService (ConfUtils.java:logGet(43)) - raft.grpc.flow.control.window = 1MB (=1048576) (default)
2019-09-27 09:21:24,836 [main] INFO  server.RaftServerConfigKeys (ConfUtils.java:logGet(43)) - raft.server.rpc.request.timeout = 3000ms (default)
2019-09-27 09:21:24,836 [main] INFO  server.RaftServerConfigKeys (ConfUtils.java:logGet(43)) - raft.server.storage.dir = [/workdir/hadoop-ozone/integration-test/target/test-dir/MiniOzoneClusterImpl-68e31327-6f0a-47ff-9789-fe3f4972a3d5/datanode-1/data/ratis] (custom)
2019-09-27 09:21:24,837 [main] INFO  hdfs.DFSUtil (DFSUtil.java:httpServerTemplateForNNAndJN(1641)) - Starting Web-server for hddsDatanode at: http://0.0.0.0:0
2019-09-27 09:21:24,838 [main] INFO  server.AuthenticationFilter (AuthenticationFilter.java:constructSecretProvider(240)) - Unable to initialize FileSignerSecretProvider, falling back to use random secrets.
2019-09-27 09:21:24,839 [main] WARN  http.HttpRequestLog (HttpRequestLog.java:getRequestLog(97)) - Jetty request log can only be enabled using Log4j
2019-09-27 09:21:24,840 [main] INFO  http.HttpServer2 (HttpServer2.java:addGlobalFilter(975)) - Added global filter 'safety' (class=org.apache.hadoop.http.HttpServer2$QuotingInputFilter)
2019-09-27 09:21:24,840 [main] INFO  http.HttpServer2 (HttpServer2.java:addFilter(948)) - Added filter static_user_filter (class=org.apache.hadoop.http.lib.StaticUserWebFilter$StaticUserFilter) to context hddsDatanode
2019-09-27 09:21:24,840 [main] INFO  http.HttpServer2 (HttpServer2.java:addFilter(958)) - Added filter static_user_filter (class=org.apache.hadoop.http.lib.StaticUserWebFilter$StaticUserFilter) to context logs
2019-09-27 09:21:24,840 [main] INFO  http.HttpServer2 (HttpServer2.java:addFilter(958)) - Added filter static_user_filter (class=org.apache.hadoop.http.lib.StaticUserWebFilter$StaticUserFilter) to context static
2019-09-27 09:21:24,841 [main] INFO  http.HttpServer2 (HttpServer2.java:bindListener(1191)) - Jetty bound to port 34666
2019-09-27 09:21:24,841 [main] INFO  server.Server (Server.java:doStart(351)) - jetty-9.3.25.v20180904, build timestamp: 2018-09-04T21:11:46Z, git hash: 3ce520221d0240229c862b122d2b06c12a625732
2019-09-27 09:21:24,843 [main] INFO  handler.ContextHandler (ContextHandler.java:doStart(781)) - Started o.e.j.s.ServletContextHandler@433ea2ac{/logs,file:///workdir/hadoop-ozone/integration-test/target/log,AVAILABLE}
2019-09-27 09:21:24,843 [main] INFO  handler.ContextHandler (ContextHandler.java:doStart(781)) - Started o.e.j.s.ServletContextHandler@446e7065{/static,jar:file:/home/user/.m2/repository/org/apache/hadoop/hadoop-hdds-container-service/0.5.0-SNAPSHOT/hadoop-hdds-container-service-0.5.0-SNAPSHOT.jar!/webapps/static,AVAILABLE}
2019-09-27 09:21:24,870 [main] INFO  handler.ContextHandler (ContextHandler.java:doStart(781)) - Started o.e.j.w.WebAppContext@62d40e31{/,file:///tmp/jetty-0.0.0.0-34666-hddsDatanode-_-any-6109824561249294784.dir/webapp/,AVAILABLE}{/hddsDatanode}
2019-09-27 09:21:24,870 [main] INFO  server.AbstractConnector (AbstractConnector.java:doStart(278)) - Started ServerConnector@650aa077{HTTP/1.1,[http/1.1]}{0.0.0.0:34666}
2019-09-27 09:21:24,870 [main] INFO  server.Server (Server.java:doStart(419)) - Started @431152ms
2019-09-27 09:21:24,872 [main] WARN  impl.MetricsSystemImpl (MetricsSystemImpl.java:register(276)) - Sink prometheus already exists!
2019-09-27 09:21:24,872 [main] INFO  server.BaseHttpServer (BaseHttpServer.java:updateConnectorAddress(215)) - HTTP server of HDDSDATANODE is listening at http://0.0.0.0:34666
2019-09-27 09:21:24,873 [main] INFO  impl.MetricsSystemImpl (MetricsSystemImpl.java:init(158)) - HddsDatanode metrics system started (again)
2019-09-27 09:21:24,876 [main] INFO  ozone.HddsDatanodeService (HddsDatanodeService.java:start(184)) - HddsDatanodeService host:pr-hdds2162-4fxhj-20988671 ip:192.168.151.103
2019-09-27 09:21:24,876 [org.apache.hadoop.util.JvmPauseMonitor$Monitor@26265a6] INFO  util.JvmPauseMonitor (JvmPauseMonitor.java:run(188)) - Starting JVM pause monitor
2019-09-27 09:21:24,878 [Datanode State Machine Thread - 0] INFO  datanode.InitDatanodeState (InitDatanodeState.java:persistContainerDatanodeDetails(140)) - DatanodeDetails is persisted to /workdir/hadoop-ozone/integration-test/target/test-dir/MiniOzoneClusterImpl-68e31327-6f0a-47ff-9789-fe3f4972a3d5/datanode-1/meta/datanode.id
2019-09-27 09:21:24,882 [main] INFO  volume.HddsVolume (HddsVolume.java:<init>(176)) - Creating Volume: /workdir/hadoop-ozone/integration-test/target/test-dir/MiniOzoneClusterImpl-68e31327-6f0a-47ff-9789-fe3f4972a3d5/datanode-2/data/containers/hdds of  storage type : DISK and capacity : 1482555576320
2019-09-27 09:21:24,882 [main] INFO  volume.VolumeSet (VolumeSet.java:initializeVolumeSet(170)) - Added Volume : /workdir/hadoop-ozone/integration-test/target/test-dir/MiniOzoneClusterImpl-68e31327-6f0a-47ff-9789-fe3f4972a3d5/datanode-2/data/containers/hdds to VolumeSet
2019-09-27 09:21:24,883 [main] INFO  volume.ThrottledAsyncChecker (ThrottledAsyncChecker.java:schedule(139)) - Scheduling a check for org.apache.hadoop.ozone.container.common.volume.HddsVolume@6282b9f5
2019-09-27 09:21:24,883 [main] INFO  volume.HddsVolumeChecker (HddsVolumeChecker.java:checkAllVolumes(202)) - Scheduled health check for volume org.apache.hadoop.ozone.container.common.volume.HddsVolume@6282b9f5
2019-09-27 09:21:24,895 [main] INFO  impl.RaftServerProxy (ConfUtils.java:logGet(43)) - raft.rpc.type = GRPC (default)
2019-09-27 09:21:24,895 [main] INFO  grpc.GrpcFactory (GrpcFactory.java:checkPooledByteBufAllocatorUseCacheForAllThreads(45)) - PERFORMANCE WARNING: useCacheForAllThreads is true that may cause Netty to create a lot garbage objects and, as a result, trigger GC.
	It is recommended to disable useCacheForAllThreads by setting -Dorg.apache.ratis.thirdparty.io.netty.allocator.useCacheForAllThreads=false in command line.
2019-09-27 09:21:24,895 [main] INFO  grpc.GrpcConfigKeys$Server (ConfUtils.java:logGet(43)) - raft.grpc.server.port = 0 (default)
2019-09-27 09:21:24,896 [main] INFO  server.GrpcService (ConfUtils.java:logGet(43)) - raft.grpc.message.size.max = 33570816 (custom)
2019-09-27 09:21:24,896 [main] INFO  server.RaftServerConfigKeys (ConfUtils.java:logGet(43)) - raft.server.log.appender.buffer.byte-limit = 33554432 (custom)
2019-09-27 09:21:24,896 [main] INFO  server.GrpcService (ConfUtils.java:logGet(43)) - raft.grpc.flow.control.window = 1MB (=1048576) (default)
2019-09-27 09:21:24,896 [main] INFO  server.RaftServerConfigKeys (ConfUtils.java:logGet(43)) - raft.server.rpc.request.timeout = 3000ms (default)
2019-09-27 09:21:24,897 [main] INFO  server.RaftServerConfigKeys (ConfUtils.java:logGet(43)) - raft.server.storage.dir = [/workdir/hadoop-ozone/integration-test/target/test-dir/MiniOzoneClusterImpl-68e31327-6f0a-47ff-9789-fe3f4972a3d5/datanode-2/data/ratis] (custom)
2019-09-27 09:21:24,898 [main] INFO  hdfs.DFSUtil (DFSUtil.java:httpServerTemplateForNNAndJN(1641)) - Starting Web-server for hddsDatanode at: http://0.0.0.0:0
2019-09-27 09:21:24,899 [main] INFO  server.AuthenticationFilter (AuthenticationFilter.java:constructSecretProvider(240)) - Unable to initialize FileSignerSecretProvider, falling back to use random secrets.
2019-09-27 09:21:24,899 [main] WARN  http.HttpRequestLog (HttpRequestLog.java:getRequestLog(97)) - Jetty request log can only be enabled using Log4j
2019-09-27 09:21:24,900 [main] INFO  http.HttpServer2 (HttpServer2.java:addGlobalFilter(975)) - Added global filter 'safety' (class=org.apache.hadoop.http.HttpServer2$QuotingInputFilter)
2019-09-27 09:21:24,901 [main] INFO  http.HttpServer2 (HttpServer2.java:addFilter(948)) - Added filter static_user_filter (class=org.apache.hadoop.http.lib.StaticUserWebFilter$StaticUserFilter) to context hddsDatanode
2019-09-27 09:21:24,901 [main] INFO  http.HttpServer2 (HttpServer2.java:addFilter(958)) - Added filter static_user_filter (class=org.apache.hadoop.http.lib.StaticUserWebFilter$StaticUserFilter) to context static
2019-09-27 09:21:24,901 [main] INFO  http.HttpServer2 (HttpServer2.java:addFilter(958)) - Added filter static_user_filter (class=org.apache.hadoop.http.lib.StaticUserWebFilter$StaticUserFilter) to context logs
2019-09-27 09:21:24,902 [main] INFO  http.HttpServer2 (HttpServer2.java:bindListener(1191)) - Jetty bound to port 39494
2019-09-27 09:21:24,902 [main] INFO  server.Server (Server.java:doStart(351)) - jetty-9.3.25.v20180904, build timestamp: 2018-09-04T21:11:46Z, git hash: 3ce520221d0240229c862b122d2b06c12a625732
2019-09-27 09:21:24,903 [main] INFO  handler.ContextHandler (ContextHandler.java:doStart(781)) - Started o.e.j.s.ServletContextHandler@57fdb8a4{/logs,file:///workdir/hadoop-ozone/integration-test/target/log,AVAILABLE}
2019-09-27 09:21:24,904 [main] INFO  handler.ContextHandler (ContextHandler.java:doStart(781)) - Started o.e.j.s.ServletContextHandler@2db15f70{/static,jar:file:/home/user/.m2/repository/org/apache/hadoop/hadoop-hdds-container-service/0.5.0-SNAPSHOT/hadoop-hdds-container-service-0.5.0-SNAPSHOT.jar!/webapps/static,AVAILABLE}
2019-09-27 09:21:24,931 [main] INFO  handler.ContextHandler (ContextHandler.java:doStart(781)) - Started o.e.j.w.WebAppContext@6ffd4c0d{/,file:///tmp/jetty-0.0.0.0-39494-hddsDatanode-_-any-6804483962646249492.dir/webapp/,AVAILABLE}{/hddsDatanode}
2019-09-27 09:21:24,932 [main] INFO  server.AbstractConnector (AbstractConnector.java:doStart(278)) - Started ServerConnector@74c9e11{HTTP/1.1,[http/1.1]}{0.0.0.0:39494}
2019-09-27 09:21:24,934 [main] INFO  server.Server (Server.java:doStart(419)) - Started @431215ms
2019-09-27 09:21:24,934 [main] WARN  impl.MetricsSystemImpl (MetricsSystemImpl.java:register(276)) - Sink prometheus already exists!
2019-09-27 09:21:24,935 [main] INFO  server.BaseHttpServer (BaseHttpServer.java:updateConnectorAddress(215)) - HTTP server of HDDSDATANODE is listening at http://0.0.0.0:39494
2019-09-27 09:21:24,935 [main] INFO  impl.MetricsSystemImpl (MetricsSystemImpl.java:init(158)) - HddsDatanode metrics system started (again)
2019-09-27 09:21:24,938 [main] INFO  ozone.HddsDatanodeService (HddsDatanodeService.java:start(184)) - HddsDatanodeService host:pr-hdds2162-4fxhj-20988671 ip:192.168.151.103
2019-09-27 09:21:24,939 [org.apache.hadoop.util.JvmPauseMonitor$Monitor@3f8f0537] INFO  util.JvmPauseMonitor (JvmPauseMonitor.java:run(188)) - Starting JVM pause monitor
2019-09-27 09:21:24,940 [Datanode State Machine Thread - 0] INFO  datanode.InitDatanodeState (InitDatanodeState.java:persistContainerDatanodeDetails(140)) - DatanodeDetails is persisted to /workdir/hadoop-ozone/integration-test/target/test-dir/MiniOzoneClusterImpl-68e31327-6f0a-47ff-9789-fe3f4972a3d5/datanode-2/meta/datanode.id
2019-09-27 09:21:24,944 [main] INFO  volume.HddsVolume (HddsVolume.java:<init>(176)) - Creating Volume: /workdir/hadoop-ozone/integration-test/target/test-dir/MiniOzoneClusterImpl-68e31327-6f0a-47ff-9789-fe3f4972a3d5/datanode-3/data/containers/hdds of  storage type : DISK and capacity : 1482555576320
2019-09-27 09:21:24,945 [main] INFO  volume.VolumeSet (VolumeSet.java:initializeVolumeSet(170)) - Added Volume : /workdir/hadoop-ozone/integration-test/target/test-dir/MiniOzoneClusterImpl-68e31327-6f0a-47ff-9789-fe3f4972a3d5/datanode-3/data/containers/hdds to VolumeSet
2019-09-27 09:21:24,945 [main] INFO  volume.ThrottledAsyncChecker (ThrottledAsyncChecker.java:schedule(139)) - Scheduling a check for org.apache.hadoop.ozone.container.common.volume.HddsVolume@3dc68586
2019-09-27 09:21:24,945 [main] INFO  volume.HddsVolumeChecker (HddsVolumeChecker.java:checkAllVolumes(202)) - Scheduled health check for volume org.apache.hadoop.ozone.container.common.volume.HddsVolume@3dc68586
2019-09-27 09:21:24,958 [main] INFO  impl.RaftServerProxy (ConfUtils.java:logGet(43)) - raft.rpc.type = GRPC (default)
2019-09-27 09:21:24,959 [main] INFO  grpc.GrpcFactory (GrpcFactory.java:checkPooledByteBufAllocatorUseCacheForAllThreads(45)) - PERFORMANCE WARNING: useCacheForAllThreads is true that may cause Netty to create a lot garbage objects and, as a result, trigger GC.
	It is recommended to disable useCacheForAllThreads by setting -Dorg.apache.ratis.thirdparty.io.netty.allocator.useCacheForAllThreads=false in command line.
2019-09-27 09:21:24,959 [main] INFO  grpc.GrpcConfigKeys$Server (ConfUtils.java:logGet(43)) - raft.grpc.server.port = 0 (default)
2019-09-27 09:21:24,959 [main] INFO  server.GrpcService (ConfUtils.java:logGet(43)) - raft.grpc.message.size.max = 33570816 (custom)
2019-09-27 09:21:24,959 [main] INFO  server.RaftServerConfigKeys (ConfUtils.java:logGet(43)) - raft.server.log.appender.buffer.byte-limit = 33554432 (custom)
2019-09-27 09:21:24,959 [main] INFO  server.GrpcService (ConfUtils.java:logGet(43)) - raft.grpc.flow.control.window = 1MB (=1048576) (default)
2019-09-27 09:21:24,959 [main] INFO  server.RaftServerConfigKeys (ConfUtils.java:logGet(43)) - raft.server.rpc.request.timeout = 3000ms (default)
2019-09-27 09:21:24,960 [main] INFO  server.RaftServerConfigKeys (ConfUtils.java:logGet(43)) - raft.server.storage.dir = [/workdir/hadoop-ozone/integration-test/target/test-dir/MiniOzoneClusterImpl-68e31327-6f0a-47ff-9789-fe3f4972a3d5/datanode-3/data/ratis] (custom)
2019-09-27 09:21:24,961 [main] INFO  hdfs.DFSUtil (DFSUtil.java:httpServerTemplateForNNAndJN(1641)) - Starting Web-server for hddsDatanode at: http://0.0.0.0:0
2019-09-27 09:21:24,962 [main] INFO  server.AuthenticationFilter (AuthenticationFilter.java:constructSecretProvider(240)) - Unable to initialize FileSignerSecretProvider, falling back to use random secrets.
2019-09-27 09:21:24,962 [main] WARN  http.HttpRequestLog (HttpRequestLog.java:getRequestLog(97)) - Jetty request log can only be enabled using Log4j
2019-09-27 09:21:24,964 [main] INFO  http.HttpServer2 (HttpServer2.java:addGlobalFilter(975)) - Added global filter 'safety' (class=org.apache.hadoop.http.HttpServer2$QuotingInputFilter)
2019-09-27 09:21:24,964 [main] INFO  http.HttpServer2 (HttpServer2.java:addFilter(948)) - Added filter static_user_filter (class=org.apache.hadoop.http.lib.StaticUserWebFilter$StaticUserFilter) to context hddsDatanode
2019-09-27 09:21:24,964 [main] INFO  http.HttpServer2 (HttpServer2.java:addFilter(958)) - Added filter static_user_filter (class=org.apache.hadoop.http.lib.StaticUserWebFilter$StaticUserFilter) to context static
2019-09-27 09:21:24,964 [main] INFO  http.HttpServer2 (HttpServer2.java:addFilter(958)) - Added filter static_user_filter (class=org.apache.hadoop.http.lib.StaticUserWebFilter$StaticUserFilter) to context logs
2019-09-27 09:21:24,965 [main] INFO  http.HttpServer2 (HttpServer2.java:bindListener(1191)) - Jetty bound to port 43850
2019-09-27 09:21:24,965 [main] INFO  server.Server (Server.java:doStart(351)) - jetty-9.3.25.v20180904, build timestamp: 2018-09-04T21:11:46Z, git hash: 3ce520221d0240229c862b122d2b06c12a625732
2019-09-27 09:21:24,967 [main] INFO  handler.ContextHandler (ContextHandler.java:doStart(781)) - Started o.e.j.s.ServletContextHandler@2fc49538{/logs,file:///workdir/hadoop-ozone/integration-test/target/log,AVAILABLE}
2019-09-27 09:21:24,967 [main] INFO  handler.ContextHandler (ContextHandler.java:doStart(781)) - Started o.e.j.s.ServletContextHandler@d5e575c{/static,jar:file:/home/user/.m2/repository/org/apache/hadoop/hadoop-hdds-container-service/0.5.0-SNAPSHOT/hadoop-hdds-container-service-0.5.0-SNAPSHOT.jar!/webapps/static,AVAILABLE}
2019-09-27 09:21:25,010 [main] INFO  handler.ContextHandler (ContextHandler.java:doStart(781)) - Started o.e.j.w.WebAppContext@101cf747{/,file:///tmp/jetty-0.0.0.0-43850-hddsDatanode-_-any-365677081541878469.dir/webapp/,AVAILABLE}{/hddsDatanode}
2019-09-27 09:21:25,010 [main] INFO  server.AbstractConnector (AbstractConnector.java:doStart(278)) - Started ServerConnector@790d8fdd{HTTP/1.1,[http/1.1]}{0.0.0.0:43850}
2019-09-27 09:21:25,012 [main] INFO  server.Server (Server.java:doStart(419)) - Started @431293ms
2019-09-27 09:21:25,012 [main] WARN  impl.MetricsSystemImpl (MetricsSystemImpl.java:register(276)) - Sink prometheus already exists!
2019-09-27 09:21:25,013 [main] INFO  server.BaseHttpServer (BaseHttpServer.java:updateConnectorAddress(215)) - HTTP server of HDDSDATANODE is listening at http://0.0.0.0:43850
2019-09-27 09:21:25,014 [main] INFO  impl.MetricsSystemImpl (MetricsSystemImpl.java:init(158)) - HddsDatanode metrics system started (again)
2019-09-27 09:21:25,019 [org.apache.hadoop.util.JvmPauseMonitor$Monitor@2ae58524] INFO  util.JvmPauseMonitor (JvmPauseMonitor.java:run(188)) - Starting JVM pause monitor
2019-09-27 09:21:25,019 [main] INFO  ozone.HddsDatanodeService (HddsDatanodeService.java:start(184)) - HddsDatanodeService host:pr-hdds2162-4fxhj-20988671 ip:192.168.151.103
2019-09-27 09:21:25,020 [Datanode State Machine Thread - 0] INFO  datanode.InitDatanodeState (InitDatanodeState.java:persistContainerDatanodeDetails(140)) - DatanodeDetails is persisted to /workdir/hadoop-ozone/integration-test/target/test-dir/MiniOzoneClusterImpl-68e31327-6f0a-47ff-9789-fe3f4972a3d5/datanode-3/meta/datanode.id
2019-09-27 09:21:25,026 [main] INFO  volume.HddsVolume (HddsVolume.java:<init>(176)) - Creating Volume: /workdir/hadoop-ozone/integration-test/target/test-dir/MiniOzoneClusterImpl-68e31327-6f0a-47ff-9789-fe3f4972a3d5/datanode-4/data/containers/hdds of  storage type : DISK and capacity : 1482555576320
2019-09-27 09:21:25,027 [main] INFO  volume.VolumeSet (VolumeSet.java:initializeVolumeSet(170)) - Added Volume : /workdir/hadoop-ozone/integration-test/target/test-dir/MiniOzoneClusterImpl-68e31327-6f0a-47ff-9789-fe3f4972a3d5/datanode-4/data/containers/hdds to VolumeSet
2019-09-27 09:21:25,027 [main] INFO  volume.ThrottledAsyncChecker (ThrottledAsyncChecker.java:schedule(139)) - Scheduling a check for org.apache.hadoop.ozone.container.common.volume.HddsVolume@4b87760e
2019-09-27 09:21:25,028 [main] INFO  volume.HddsVolumeChecker (HddsVolumeChecker.java:checkAllVolumes(202)) - Scheduled health check for volume org.apache.hadoop.ozone.container.common.volume.HddsVolume@4b87760e
2019-09-27 09:21:25,045 [main] INFO  impl.RaftServerProxy (ConfUtils.java:logGet(43)) - raft.rpc.type = GRPC (default)
2019-09-27 09:21:25,046 [main] INFO  grpc.GrpcFactory (GrpcFactory.java:checkPooledByteBufAllocatorUseCacheForAllThreads(45)) - PERFORMANCE WARNING: useCacheForAllThreads is true that may cause Netty to create a lot garbage objects and, as a result, trigger GC.
	It is recommended to disable useCacheForAllThreads by setting -Dorg.apache.ratis.thirdparty.io.netty.allocator.useCacheForAllThreads=false in command line.
2019-09-27 09:21:25,046 [main] INFO  grpc.GrpcConfigKeys$Server (ConfUtils.java:logGet(43)) - raft.grpc.server.port = 0 (default)
2019-09-27 09:21:25,046 [main] INFO  server.GrpcService (ConfUtils.java:logGet(43)) - raft.grpc.message.size.max = 33570816 (custom)
2019-09-27 09:21:25,047 [main] INFO  server.RaftServerConfigKeys (ConfUtils.java:logGet(43)) - raft.server.log.appender.buffer.byte-limit = 33554432 (custom)
2019-09-27 09:21:25,047 [main] INFO  server.GrpcService (ConfUtils.java:logGet(43)) - raft.grpc.flow.control.window = 1MB (=1048576) (default)
2019-09-27 09:21:25,047 [main] INFO  server.RaftServerConfigKeys (ConfUtils.java:logGet(43)) - raft.server.rpc.request.timeout = 3000ms (default)
2019-09-27 09:21:25,048 [main] INFO  server.RaftServerConfigKeys (ConfUtils.java:logGet(43)) - raft.server.storage.dir = [/workdir/hadoop-ozone/integration-test/target/test-dir/MiniOzoneClusterImpl-68e31327-6f0a-47ff-9789-fe3f4972a3d5/datanode-4/data/ratis] (custom)
2019-09-27 09:21:25,049 [main] INFO  hdfs.DFSUtil (DFSUtil.java:httpServerTemplateForNNAndJN(1641)) - Starting Web-server for hddsDatanode at: http://0.0.0.0:0
2019-09-27 09:21:25,051 [main] INFO  server.AuthenticationFilter (AuthenticationFilter.java:constructSecretProvider(240)) - Unable to initialize FileSignerSecretProvider, falling back to use random secrets.
2019-09-27 09:21:25,052 [main] WARN  http.HttpRequestLog (HttpRequestLog.java:getRequestLog(97)) - Jetty request log can only be enabled using Log4j
2019-09-27 09:21:25,054 [main] INFO  http.HttpServer2 (HttpServer2.java:addGlobalFilter(975)) - Added global filter 'safety' (class=org.apache.hadoop.http.HttpServer2$QuotingInputFilter)
2019-09-27 09:21:25,054 [main] INFO  http.HttpServer2 (HttpServer2.java:addFilter(948)) - Added filter static_user_filter (class=org.apache.hadoop.http.lib.StaticUserWebFilter$StaticUserFilter) to context hddsDatanode
2019-09-27 09:21:25,055 [main] INFO  http.HttpServer2 (HttpServer2.java:addFilter(958)) - Added filter static_user_filter (class=org.apache.hadoop.http.lib.StaticUserWebFilter$StaticUserFilter) to context logs
2019-09-27 09:21:25,055 [main] INFO  http.HttpServer2 (HttpServer2.java:addFilter(958)) - Added filter static_user_filter (class=org.apache.hadoop.http.lib.StaticUserWebFilter$StaticUserFilter) to context static
2019-09-27 09:21:25,056 [main] INFO  http.HttpServer2 (HttpServer2.java:bindListener(1191)) - Jetty bound to port 34608
2019-09-27 09:21:25,056 [main] INFO  server.Server (Server.java:doStart(351)) - jetty-9.3.25.v20180904, build timestamp: 2018-09-04T21:11:46Z, git hash: 3ce520221d0240229c862b122d2b06c12a625732
2019-09-27 09:21:25,058 [main] INFO  handler.ContextHandler (ContextHandler.java:doStart(781)) - Started o.e.j.s.ServletContextHandler@49671897{/logs,file:///workdir/hadoop-ozone/integration-test/target/log,AVAILABLE}
2019-09-27 09:21:25,059 [main] INFO  handler.ContextHandler (ContextHandler.java:doStart(781)) - Started o.e.j.s.ServletContextHandler@60bf494c{/static,jar:file:/home/user/.m2/repository/org/apache/hadoop/hadoop-hdds-container-service/0.5.0-SNAPSHOT/hadoop-hdds-container-service-0.5.0-SNAPSHOT.jar!/webapps/static,AVAILABLE}
2019-09-27 09:21:25,097 [main] INFO  handler.ContextHandler (ContextHandler.java:doStart(781)) - Started o.e.j.w.WebAppContext@1f884bd6{/,file:///tmp/jetty-0.0.0.0-34608-hddsDatanode-_-any-4026553486831003412.dir/webapp/,AVAILABLE}{/hddsDatanode}
2019-09-27 09:21:25,097 [main] INFO  server.AbstractConnector (AbstractConnector.java:doStart(278)) - Started ServerConnector@4f081b5d{HTTP/1.1,[http/1.1]}{0.0.0.0:34608}
2019-09-27 09:21:25,102 [main] INFO  server.Server (Server.java:doStart(419)) - Started @431384ms
2019-09-27 09:21:25,103 [main] WARN  impl.MetricsSystemImpl (MetricsSystemImpl.java:register(276)) - Sink prometheus already exists!
2019-09-27 09:21:25,103 [main] INFO  server.BaseHttpServer (BaseHttpServer.java:updateConnectorAddress(215)) - HTTP server of HDDSDATANODE is listening at http://0.0.0.0:34608
2019-09-27 09:21:25,104 [main] INFO  impl.MetricsSystemImpl (MetricsSystemImpl.java:init(158)) - HddsDatanode metrics system started (again)
2019-09-27 09:21:25,108 [main] INFO  ozone.HddsDatanodeService (HddsDatanodeService.java:start(184)) - HddsDatanodeService host:pr-hdds2162-4fxhj-20988671 ip:192.168.151.103
2019-09-27 09:21:25,108 [org.apache.hadoop.util.JvmPauseMonitor$Monitor@f7e78eb] INFO  util.JvmPauseMonitor (JvmPauseMonitor.java:run(188)) - Starting JVM pause monitor
2019-09-27 09:21:25,110 [Datanode State Machine Thread - 0] INFO  datanode.InitDatanodeState (InitDatanodeState.java:persistContainerDatanodeDetails(140)) - DatanodeDetails is persisted to /workdir/hadoop-ozone/integration-test/target/test-dir/MiniOzoneClusterImpl-68e31327-6f0a-47ff-9789-fe3f4972a3d5/datanode-4/meta/datanode.id
2019-09-27 09:21:25,115 [main] INFO  volume.HddsVolume (HddsVolume.java:<init>(176)) - Creating Volume: /workdir/hadoop-ozone/integration-test/target/test-dir/MiniOzoneClusterImpl-68e31327-6f0a-47ff-9789-fe3f4972a3d5/datanode-5/data/containers/hdds of  storage type : DISK and capacity : 1482555576320
2019-09-27 09:21:25,115 [main] INFO  volume.VolumeSet (VolumeSet.java:initializeVolumeSet(170)) - Added Volume : /workdir/hadoop-ozone/integration-test/target/test-dir/MiniOzoneClusterImpl-68e31327-6f0a-47ff-9789-fe3f4972a3d5/datanode-5/data/containers/hdds to VolumeSet
2019-09-27 09:21:25,116 [main] INFO  volume.ThrottledAsyncChecker (ThrottledAsyncChecker.java:schedule(139)) - Scheduling a check for org.apache.hadoop.ozone.container.common.volume.HddsVolume@78c262ba
2019-09-27 09:21:25,116 [main] INFO  volume.HddsVolumeChecker (HddsVolumeChecker.java:checkAllVolumes(202)) - Scheduled health check for volume org.apache.hadoop.ozone.container.common.volume.HddsVolume@78c262ba
2019-09-27 09:21:25,128 [main] INFO  impl.RaftServerProxy (ConfUtils.java:logGet(43)) - raft.rpc.type = GRPC (default)
2019-09-27 09:21:25,128 [main] INFO  grpc.GrpcFactory (GrpcFactory.java:checkPooledByteBufAllocatorUseCacheForAllThreads(45)) - PERFORMANCE WARNING: useCacheForAllThreads is true that may cause Netty to create a lot garbage objects and, as a result, trigger GC.
	It is recommended to disable useCacheForAllThreads by setting -Dorg.apache.ratis.thirdparty.io.netty.allocator.useCacheForAllThreads=false in command line.
2019-09-27 09:21:25,128 [main] INFO  grpc.GrpcConfigKeys$Server (ConfUtils.java:logGet(43)) - raft.grpc.server.port = 0 (default)
2019-09-27 09:21:25,128 [main] INFO  server.GrpcService (ConfUtils.java:logGet(43)) - raft.grpc.message.size.max = 33570816 (custom)
2019-09-27 09:21:25,128 [main] INFO  server.RaftServerConfigKeys (ConfUtils.java:logGet(43)) - raft.server.log.appender.buffer.byte-limit = 33554432 (custom)
2019-09-27 09:21:25,129 [main] INFO  server.GrpcService (ConfUtils.java:logGet(43)) - raft.grpc.flow.control.window = 1MB (=1048576) (default)
2019-09-27 09:21:25,129 [main] INFO  server.RaftServerConfigKeys (ConfUtils.java:logGet(43)) - raft.server.rpc.request.timeout = 3000ms (default)
2019-09-27 09:21:25,129 [main] INFO  server.RaftServerConfigKeys (ConfUtils.java:logGet(43)) - raft.server.storage.dir = [/workdir/hadoop-ozone/integration-test/target/test-dir/MiniOzoneClusterImpl-68e31327-6f0a-47ff-9789-fe3f4972a3d5/datanode-5/data/ratis] (custom)
2019-09-27 09:21:25,130 [main] INFO  hdfs.DFSUtil (DFSUtil.java:httpServerTemplateForNNAndJN(1641)) - Starting Web-server for hddsDatanode at: http://0.0.0.0:0
2019-09-27 09:21:25,135 [main] INFO  server.AuthenticationFilter (AuthenticationFilter.java:constructSecretProvider(240)) - Unable to initialize FileSignerSecretProvider, falling back to use random secrets.
2019-09-27 09:21:25,136 [main] WARN  http.HttpRequestLog (HttpRequestLog.java:getRequestLog(97)) - Jetty request log can only be enabled using Log4j
2019-09-27 09:21:25,137 [main] INFO  http.HttpServer2 (HttpServer2.java:addGlobalFilter(975)) - Added global filter 'safety' (class=org.apache.hadoop.http.HttpServer2$QuotingInputFilter)
2019-09-27 09:21:25,137 [main] INFO  http.HttpServer2 (HttpServer2.java:addFilter(948)) - Added filter static_user_filter (class=org.apache.hadoop.http.lib.StaticUserWebFilter$StaticUserFilter) to context hddsDatanode
2019-09-27 09:21:25,137 [main] INFO  http.HttpServer2 (HttpServer2.java:addFilter(958)) - Added filter static_user_filter (class=org.apache.hadoop.http.lib.StaticUserWebFilter$StaticUserFilter) to context static
2019-09-27 09:21:25,138 [main] INFO  http.HttpServer2 (HttpServer2.java:addFilter(958)) - Added filter static_user_filter (class=org.apache.hadoop.http.lib.StaticUserWebFilter$StaticUserFilter) to context logs
2019-09-27 09:21:25,138 [main] INFO  http.HttpServer2 (HttpServer2.java:bindListener(1191)) - Jetty bound to port 45138
2019-09-27 09:21:25,138 [main] INFO  server.Server (Server.java:doStart(351)) - jetty-9.3.25.v20180904, build timestamp: 2018-09-04T21:11:46Z, git hash: 3ce520221d0240229c862b122d2b06c12a625732
2019-09-27 09:21:25,140 [main] INFO  handler.ContextHandler (ContextHandler.java:doStart(781)) - Started o.e.j.s.ServletContextHandler@3b35798{/logs,file:///workdir/hadoop-ozone/integration-test/target/log,AVAILABLE}
2019-09-27 09:21:25,140 [main] INFO  handler.ContextHandler (ContextHandler.java:doStart(781)) - Started o.e.j.s.ServletContextHandler@4702e7a5{/static,jar:file:/home/user/.m2/repository/org/apache/hadoop/hadoop-hdds-container-service/0.5.0-SNAPSHOT/hadoop-hdds-container-service-0.5.0-SNAPSHOT.jar!/webapps/static,AVAILABLE}
2019-09-27 09:21:25,167 [main] INFO  handler.ContextHandler (ContextHandler.java:doStart(781)) - Started o.e.j.w.WebAppContext@f245bdd{/,file:///tmp/jetty-0.0.0.0-45138-hddsDatanode-_-any-1368407885464459234.dir/webapp/,AVAILABLE}{/hddsDatanode}
2019-09-27 09:21:25,168 [main] INFO  server.AbstractConnector (AbstractConnector.java:doStart(278)) - Started ServerConnector@6af609ea{HTTP/1.1,[http/1.1]}{0.0.0.0:45138}
2019-09-27 09:21:25,168 [main] INFO  server.Server (Server.java:doStart(419)) - Started @431449ms
2019-09-27 09:21:25,169 [main] WARN  impl.MetricsSystemImpl (MetricsSystemImpl.java:register(276)) - Sink prometheus already exists!
2019-09-27 09:21:25,170 [main] INFO  server.BaseHttpServer (BaseHttpServer.java:updateConnectorAddress(215)) - HTTP server of HDDSDATANODE is listening at http://0.0.0.0:45138
2019-09-27 09:21:25,170 [main] INFO  impl.MetricsSystemImpl (MetricsSystemImpl.java:init(158)) - HddsDatanode metrics system started (again)
2019-09-27 09:21:25,174 [main] INFO  ozone.HddsDatanodeService (HddsDatanodeService.java:start(184)) - HddsDatanodeService host:pr-hdds2162-4fxhj-20988671 ip:192.168.151.103
2019-09-27 09:21:25,175 [org.apache.hadoop.util.JvmPauseMonitor$Monitor@78848ffc] INFO  util.JvmPauseMonitor (JvmPauseMonitor.java:run(188)) - Starting JVM pause monitor
2019-09-27 09:21:25,176 [Datanode State Machine Thread - 0] INFO  datanode.InitDatanodeState (InitDatanodeState.java:persistContainerDatanodeDetails(140)) - DatanodeDetails is persisted to /workdir/hadoop-ozone/integration-test/target/test-dir/MiniOzoneClusterImpl-68e31327-6f0a-47ff-9789-fe3f4972a3d5/datanode-5/meta/datanode.id
2019-09-27 09:21:25,181 [main] INFO  volume.HddsVolume (HddsVolume.java:<init>(176)) - Creating Volume: /workdir/hadoop-ozone/integration-test/target/test-dir/MiniOzoneClusterImpl-68e31327-6f0a-47ff-9789-fe3f4972a3d5/datanode-6/data/containers/hdds of  storage type : DISK and capacity : 1482555576320
2019-09-27 09:21:25,181 [main] INFO  volume.VolumeSet (VolumeSet.java:initializeVolumeSet(170)) - Added Volume : /workdir/hadoop-ozone/integration-test/target/test-dir/MiniOzoneClusterImpl-68e31327-6f0a-47ff-9789-fe3f4972a3d5/datanode-6/data/containers/hdds to VolumeSet
2019-09-27 09:21:25,182 [main] INFO  volume.ThrottledAsyncChecker (ThrottledAsyncChecker.java:schedule(139)) - Scheduling a check for org.apache.hadoop.ozone.container.common.volume.HddsVolume@437c4b25
2019-09-27 09:21:25,182 [main] INFO  volume.HddsVolumeChecker (HddsVolumeChecker.java:checkAllVolumes(202)) - Scheduled health check for volume org.apache.hadoop.ozone.container.common.volume.HddsVolume@437c4b25
2019-09-27 09:21:25,195 [main] INFO  impl.RaftServerProxy (ConfUtils.java:logGet(43)) - raft.rpc.type = GRPC (default)
2019-09-27 09:21:25,195 [main] INFO  grpc.GrpcFactory (GrpcFactory.java:checkPooledByteBufAllocatorUseCacheForAllThreads(45)) - PERFORMANCE WARNING: useCacheForAllThreads is true that may cause Netty to create a lot garbage objects and, as a result, trigger GC.
	It is recommended to disable useCacheForAllThreads by setting -Dorg.apache.ratis.thirdparty.io.netty.allocator.useCacheForAllThreads=false in command line.
2019-09-27 09:21:25,196 [main] INFO  grpc.GrpcConfigKeys$Server (ConfUtils.java:logGet(43)) - raft.grpc.server.port = 0 (default)
2019-09-27 09:21:25,196 [main] INFO  server.GrpcService (ConfUtils.java:logGet(43)) - raft.grpc.message.size.max = 33570816 (custom)
2019-09-27 09:21:25,196 [main] INFO  server.RaftServerConfigKeys (ConfUtils.java:logGet(43)) - raft.server.log.appender.buffer.byte-limit = 33554432 (custom)
2019-09-27 09:21:25,196 [main] INFO  server.GrpcService (ConfUtils.java:logGet(43)) - raft.grpc.flow.control.window = 1MB (=1048576) (default)
2019-09-27 09:21:25,196 [main] INFO  server.RaftServerConfigKeys (ConfUtils.java:logGet(43)) - raft.server.rpc.request.timeout = 3000ms (default)
2019-09-27 09:21:25,197 [main] INFO  server.RaftServerConfigKeys (ConfUtils.java:logGet(43)) - raft.server.storage.dir = [/workdir/hadoop-ozone/integration-test/target/test-dir/MiniOzoneClusterImpl-68e31327-6f0a-47ff-9789-fe3f4972a3d5/datanode-6/data/ratis] (custom)
2019-09-27 09:21:25,198 [main] INFO  hdfs.DFSUtil (DFSUtil.java:httpServerTemplateForNNAndJN(1641)) - Starting Web-server for hddsDatanode at: http://0.0.0.0:0
2019-09-27 09:21:25,199 [main] INFO  server.AuthenticationFilter (AuthenticationFilter.java:constructSecretProvider(240)) - Unable to initialize FileSignerSecretProvider, falling back to use random secrets.
2019-09-27 09:21:25,199 [main] WARN  http.HttpRequestLog (HttpRequestLog.java:getRequestLog(97)) - Jetty request log can only be enabled using Log4j
2019-09-27 09:21:25,200 [main] INFO  http.HttpServer2 (HttpServer2.java:addGlobalFilter(975)) - Added global filter 'safety' (class=org.apache.hadoop.http.HttpServer2$QuotingInputFilter)
2019-09-27 09:21:25,201 [main] INFO  http.HttpServer2 (HttpServer2.java:addFilter(948)) - Added filter static_user_filter (class=org.apache.hadoop.http.lib.StaticUserWebFilter$StaticUserFilter) to context hddsDatanode
2019-09-27 09:21:25,201 [main] INFO  http.HttpServer2 (HttpServer2.java:addFilter(958)) - Added filter static_user_filter (class=org.apache.hadoop.http.lib.StaticUserWebFilter$StaticUserFilter) to context static
2019-09-27 09:21:25,201 [main] INFO  http.HttpServer2 (HttpServer2.java:addFilter(958)) - Added filter static_user_filter (class=org.apache.hadoop.http.lib.StaticUserWebFilter$StaticUserFilter) to context logs
2019-09-27 09:21:25,202 [main] INFO  http.HttpServer2 (HttpServer2.java:bindListener(1191)) - Jetty bound to port 41625
2019-09-27 09:21:25,202 [main] INFO  server.Server (Server.java:doStart(351)) - jetty-9.3.25.v20180904, build timestamp: 2018-09-04T21:11:46Z, git hash: 3ce520221d0240229c862b122d2b06c12a625732
2019-09-27 09:21:25,203 [main] INFO  handler.ContextHandler (ContextHandler.java:doStart(781)) - Started o.e.j.s.ServletContextHandler@33d7765a{/logs,file:///workdir/hadoop-ozone/integration-test/target/log,AVAILABLE}
2019-09-27 09:21:25,204 [main] INFO  handler.ContextHandler (ContextHandler.java:doStart(781)) - Started o.e.j.s.ServletContextHandler@56a4abd0{/static,jar:file:/home/user/.m2/repository/org/apache/hadoop/hadoop-hdds-container-service/0.5.0-SNAPSHOT/hadoop-hdds-container-service-0.5.0-SNAPSHOT.jar!/webapps/static,AVAILABLE}
2019-09-27 09:21:25,230 [main] INFO  handler.ContextHandler (ContextHandler.java:doStart(781)) - Started o.e.j.w.WebAppContext@102c18e{/,file:///tmp/jetty-0.0.0.0-41625-hddsDatanode-_-any-3843636341055464929.dir/webapp/,AVAILABLE}{/hddsDatanode}
2019-09-27 09:21:25,230 [main] INFO  server.AbstractConnector (AbstractConnector.java:doStart(278)) - Started ServerConnector@26e0d39c{HTTP/1.1,[http/1.1]}{0.0.0.0:41625}
2019-09-27 09:21:25,230 [main] INFO  server.Server (Server.java:doStart(419)) - Started @431512ms
2019-09-27 09:21:25,232 [main] WARN  impl.MetricsSystemImpl (MetricsSystemImpl.java:register(276)) - Sink prometheus already exists!
2019-09-27 09:21:25,233 [main] INFO  server.BaseHttpServer (BaseHttpServer.java:updateConnectorAddress(215)) - HTTP server of HDDSDATANODE is listening at http://0.0.0.0:41625
2019-09-27 09:21:25,233 [main] INFO  impl.MetricsSystemImpl (MetricsSystemImpl.java:init(158)) - HddsDatanode metrics system started (again)
2019-09-27 09:21:25,237 [main] INFO  ozone.HddsDatanodeService (HddsDatanodeService.java:start(184)) - HddsDatanodeService host:pr-hdds2162-4fxhj-20988671 ip:192.168.151.103
2019-09-27 09:21:25,238 [org.apache.hadoop.util.JvmPauseMonitor$Monitor@745f50d0] INFO  util.JvmPauseMonitor (JvmPauseMonitor.java:run(188)) - Starting JVM pause monitor
2019-09-27 09:21:25,239 [Datanode State Machine Thread - 0] INFO  datanode.InitDatanodeState (InitDatanodeState.java:persistContainerDatanodeDetails(140)) - DatanodeDetails is persisted to /workdir/hadoop-ozone/integration-test/target/test-dir/MiniOzoneClusterImpl-68e31327-6f0a-47ff-9789-fe3f4972a3d5/datanode-6/meta/datanode.id
2019-09-27 09:21:25,244 [main] INFO  volume.HddsVolume (HddsVolume.java:<init>(176)) - Creating Volume: /workdir/hadoop-ozone/integration-test/target/test-dir/MiniOzoneClusterImpl-68e31327-6f0a-47ff-9789-fe3f4972a3d5/datanode-7/data/containers/hdds of  storage type : DISK and capacity : 1482555576320
2019-09-27 09:21:25,245 [main] INFO  volume.VolumeSet (VolumeSet.java:initializeVolumeSet(170)) - Added Volume : /workdir/hadoop-ozone/integration-test/target/test-dir/MiniOzoneClusterImpl-68e31327-6f0a-47ff-9789-fe3f4972a3d5/datanode-7/data/containers/hdds to VolumeSet
2019-09-27 09:21:25,245 [main] INFO  volume.ThrottledAsyncChecker (ThrottledAsyncChecker.java:schedule(139)) - Scheduling a check for org.apache.hadoop.ozone.container.common.volume.HddsVolume@5e85c21b
2019-09-27 09:21:25,245 [main] INFO  volume.HddsVolumeChecker (HddsVolumeChecker.java:checkAllVolumes(202)) - Scheduled health check for volume org.apache.hadoop.ozone.container.common.volume.HddsVolume@5e85c21b
2019-09-27 09:21:25,258 [main] INFO  impl.RaftServerProxy (ConfUtils.java:logGet(43)) - raft.rpc.type = GRPC (default)
2019-09-27 09:21:25,258 [main] INFO  grpc.GrpcFactory (GrpcFactory.java:checkPooledByteBufAllocatorUseCacheForAllThreads(45)) - PERFORMANCE WARNING: useCacheForAllThreads is true that may cause Netty to create a lot garbage objects and, as a result, trigger GC.
	It is recommended to disable useCacheForAllThreads by setting -Dorg.apache.ratis.thirdparty.io.netty.allocator.useCacheForAllThreads=false in command line.
2019-09-27 09:21:25,258 [main] INFO  grpc.GrpcConfigKeys$Server (ConfUtils.java:logGet(43)) - raft.grpc.server.port = 0 (default)
2019-09-27 09:21:25,258 [main] INFO  server.GrpcService (ConfUtils.java:logGet(43)) - raft.grpc.message.size.max = 33570816 (custom)
2019-09-27 09:21:25,259 [main] INFO  server.RaftServerConfigKeys (ConfUtils.java:logGet(43)) - raft.server.log.appender.buffer.byte-limit = 33554432 (custom)
2019-09-27 09:21:25,259 [main] INFO  server.GrpcService (ConfUtils.java:logGet(43)) - raft.grpc.flow.control.window = 1MB (=1048576) (default)
2019-09-27 09:21:25,259 [main] INFO  server.RaftServerConfigKeys (ConfUtils.java:logGet(43)) - raft.server.rpc.request.timeout = 3000ms (default)
2019-09-27 09:21:25,259 [main] INFO  server.RaftServerConfigKeys (ConfUtils.java:logGet(43)) - raft.server.storage.dir = [/workdir/hadoop-ozone/integration-test/target/test-dir/MiniOzoneClusterImpl-68e31327-6f0a-47ff-9789-fe3f4972a3d5/datanode-7/data/ratis] (custom)
2019-09-27 09:21:25,260 [main] INFO  hdfs.DFSUtil (DFSUtil.java:httpServerTemplateForNNAndJN(1641)) - Starting Web-server for hddsDatanode at: http://0.0.0.0:0
2019-09-27 09:21:25,261 [main] INFO  server.AuthenticationFilter (AuthenticationFilter.java:constructSecretProvider(240)) - Unable to initialize FileSignerSecretProvider, falling back to use random secrets.
2019-09-27 09:21:25,262 [main] WARN  http.HttpRequestLog (HttpRequestLog.java:getRequestLog(97)) - Jetty request log can only be enabled using Log4j
2019-09-27 09:21:25,263 [main] INFO  http.HttpServer2 (HttpServer2.java:addGlobalFilter(975)) - Added global filter 'safety' (class=org.apache.hadoop.http.HttpServer2$QuotingInputFilter)
2019-09-27 09:21:25,263 [main] INFO  http.HttpServer2 (HttpServer2.java:addFilter(948)) - Added filter static_user_filter (class=org.apache.hadoop.http.lib.StaticUserWebFilter$StaticUserFilter) to context hddsDatanode
2019-09-27 09:21:25,263 [main] INFO  http.HttpServer2 (HttpServer2.java:addFilter(958)) - Added filter static_user_filter (class=org.apache.hadoop.http.lib.StaticUserWebFilter$StaticUserFilter) to context static
2019-09-27 09:21:25,264 [main] INFO  http.HttpServer2 (HttpServer2.java:addFilter(958)) - Added filter static_user_filter (class=org.apache.hadoop.http.lib.StaticUserWebFilter$StaticUserFilter) to context logs
2019-09-27 09:21:25,264 [main] INFO  http.HttpServer2 (HttpServer2.java:bindListener(1191)) - Jetty bound to port 33313
2019-09-27 09:21:25,264 [main] INFO  server.Server (Server.java:doStart(351)) - jetty-9.3.25.v20180904, build timestamp: 2018-09-04T21:11:46Z, git hash: 3ce520221d0240229c862b122d2b06c12a625732
2019-09-27 09:21:25,266 [main] INFO  handler.ContextHandler (ContextHandler.java:doStart(781)) - Started o.e.j.s.ServletContextHandler@7e5efcab{/logs,file:///workdir/hadoop-ozone/integration-test/target/log,AVAILABLE}
2019-09-27 09:21:25,266 [main] INFO  handler.ContextHandler (ContextHandler.java:doStart(781)) - Started o.e.j.s.ServletContextHandler@1d2fb82{/static,jar:file:/home/user/.m2/repository/org/apache/hadoop/hadoop-hdds-container-service/0.5.0-SNAPSHOT/hadoop-hdds-container-service-0.5.0-SNAPSHOT.jar!/webapps/static,AVAILABLE}
2019-09-27 09:21:25,293 [main] INFO  handler.ContextHandler (ContextHandler.java:doStart(781)) - Started o.e.j.w.WebAppContext@3b11620a{/,file:///tmp/jetty-0.0.0.0-33313-hddsDatanode-_-any-2643060628015584150.dir/webapp/,AVAILABLE}{/hddsDatanode}
2019-09-27 09:21:25,293 [main] INFO  server.AbstractConnector (AbstractConnector.java:doStart(278)) - Started ServerConnector@2fd1ad8a{HTTP/1.1,[http/1.1]}{0.0.0.0:33313}
2019-09-27 09:21:25,293 [main] INFO  server.Server (Server.java:doStart(419)) - Started @431574ms
2019-09-27 09:21:25,294 [main] WARN  impl.MetricsSystemImpl (MetricsSystemImpl.java:register(276)) - Sink prometheus already exists!
2019-09-27 09:21:25,295 [main] INFO  server.BaseHttpServer (BaseHttpServer.java:updateConnectorAddress(215)) - HTTP server of HDDSDATANODE is listening at http://0.0.0.0:33313
2019-09-27 09:21:25,295 [main] INFO  impl.MetricsSystemImpl (MetricsSystemImpl.java:init(158)) - HddsDatanode metrics system started (again)
2019-09-27 09:21:25,300 [main] INFO  ozone.HddsDatanodeService (HddsDatanodeService.java:start(184)) - HddsDatanodeService host:pr-hdds2162-4fxhj-20988671 ip:192.168.151.103
2019-09-27 09:21:25,300 [org.apache.hadoop.util.JvmPauseMonitor$Monitor@198cc8e3] INFO  util.JvmPauseMonitor (JvmPauseMonitor.java:run(188)) - Starting JVM pause monitor
2019-09-27 09:21:25,302 [Datanode State Machine Thread - 0] INFO  datanode.InitDatanodeState (InitDatanodeState.java:persistContainerDatanodeDetails(140)) - DatanodeDetails is persisted to /workdir/hadoop-ozone/integration-test/target/test-dir/MiniOzoneClusterImpl-68e31327-6f0a-47ff-9789-fe3f4972a3d5/datanode-7/meta/datanode.id
2019-09-27 09:21:25,307 [main] INFO  volume.HddsVolume (HddsVolume.java:<init>(176)) - Creating Volume: /workdir/hadoop-ozone/integration-test/target/test-dir/MiniOzoneClusterImpl-68e31327-6f0a-47ff-9789-fe3f4972a3d5/datanode-8/data/containers/hdds of  storage type : DISK and capacity : 1482555576320
2019-09-27 09:21:25,307 [main] INFO  volume.VolumeSet (VolumeSet.java:initializeVolumeSet(170)) - Added Volume : /workdir/hadoop-ozone/integration-test/target/test-dir/MiniOzoneClusterImpl-68e31327-6f0a-47ff-9789-fe3f4972a3d5/datanode-8/data/containers/hdds to VolumeSet
2019-09-27 09:21:25,307 [main] INFO  volume.ThrottledAsyncChecker (ThrottledAsyncChecker.java:schedule(139)) - Scheduling a check for org.apache.hadoop.ozone.container.common.volume.HddsVolume@251d7fdd
2019-09-27 09:21:25,307 [main] INFO  volume.HddsVolumeChecker (HddsVolumeChecker.java:checkAllVolumes(202)) - Scheduled health check for volume org.apache.hadoop.ozone.container.common.volume.HddsVolume@251d7fdd
2019-09-27 09:21:25,319 [main] INFO  impl.RaftServerProxy (ConfUtils.java:logGet(43)) - raft.rpc.type = GRPC (default)
2019-09-27 09:21:25,319 [main] INFO  grpc.GrpcFactory (GrpcFactory.java:checkPooledByteBufAllocatorUseCacheForAllThreads(45)) - PERFORMANCE WARNING: useCacheForAllThreads is true that may cause Netty to create a lot garbage objects and, as a result, trigger GC.
	It is recommended to disable useCacheForAllThreads by setting -Dorg.apache.ratis.thirdparty.io.netty.allocator.useCacheForAllThreads=false in command line.
2019-09-27 09:21:25,319 [main] INFO  grpc.GrpcConfigKeys$Server (ConfUtils.java:logGet(43)) - raft.grpc.server.port = 0 (default)
2019-09-27 09:21:25,319 [main] INFO  server.GrpcService (ConfUtils.java:logGet(43)) - raft.grpc.message.size.max = 33570816 (custom)
2019-09-27 09:21:25,320 [main] INFO  server.RaftServerConfigKeys (ConfUtils.java:logGet(43)) - raft.server.log.appender.buffer.byte-limit = 33554432 (custom)
2019-09-27 09:21:25,320 [main] INFO  server.GrpcService (ConfUtils.java:logGet(43)) - raft.grpc.flow.control.window = 1MB (=1048576) (default)
2019-09-27 09:21:25,320 [main] INFO  server.RaftServerConfigKeys (ConfUtils.java:logGet(43)) - raft.server.rpc.request.timeout = 3000ms (default)
2019-09-27 09:21:25,320 [main] INFO  server.RaftServerConfigKeys (ConfUtils.java:logGet(43)) - raft.server.storage.dir = [/workdir/hadoop-ozone/integration-test/target/test-dir/MiniOzoneClusterImpl-68e31327-6f0a-47ff-9789-fe3f4972a3d5/datanode-8/data/ratis] (custom)
2019-09-27 09:21:25,322 [main] INFO  hdfs.DFSUtil (DFSUtil.java:httpServerTemplateForNNAndJN(1641)) - Starting Web-server for hddsDatanode at: http://0.0.0.0:0
2019-09-27 09:21:25,323 [main] INFO  server.AuthenticationFilter (AuthenticationFilter.java:constructSecretProvider(240)) - Unable to initialize FileSignerSecretProvider, falling back to use random secrets.
2019-09-27 09:21:25,323 [main] WARN  http.HttpRequestLog (HttpRequestLog.java:getRequestLog(97)) - Jetty request log can only be enabled using Log4j
2019-09-27 09:21:25,324 [main] INFO  http.HttpServer2 (HttpServer2.java:addGlobalFilter(975)) - Added global filter 'safety' (class=org.apache.hadoop.http.HttpServer2$QuotingInputFilter)
2019-09-27 09:21:25,325 [main] INFO  http.HttpServer2 (HttpServer2.java:addFilter(948)) - Added filter static_user_filter (class=org.apache.hadoop.http.lib.StaticUserWebFilter$StaticUserFilter) to context hddsDatanode
2019-09-27 09:21:25,325 [main] INFO  http.HttpServer2 (HttpServer2.java:addFilter(958)) - Added filter static_user_filter (class=org.apache.hadoop.http.lib.StaticUserWebFilter$StaticUserFilter) to context logs
2019-09-27 09:21:25,325 [main] INFO  http.HttpServer2 (HttpServer2.java:addFilter(958)) - Added filter static_user_filter (class=org.apache.hadoop.http.lib.StaticUserWebFilter$StaticUserFilter) to context static
2019-09-27 09:21:25,326 [main] INFO  http.HttpServer2 (HttpServer2.java:bindListener(1191)) - Jetty bound to port 35490
2019-09-27 09:21:25,326 [main] INFO  server.Server (Server.java:doStart(351)) - jetty-9.3.25.v20180904, build timestamp: 2018-09-04T21:11:46Z, git hash: 3ce520221d0240229c862b122d2b06c12a625732
2019-09-27 09:21:25,327 [main] INFO  handler.ContextHandler (ContextHandler.java:doStart(781)) - Started o.e.j.s.ServletContextHandler@46b2dcc5{/logs,file:///workdir/hadoop-ozone/integration-test/target/log,AVAILABLE}
2019-09-27 09:21:25,328 [main] INFO  handler.ContextHandler (ContextHandler.java:doStart(781)) - Started o.e.j.s.ServletContextHandler@706f6d26{/static,jar:file:/home/user/.m2/repository/org/apache/hadoop/hadoop-hdds-container-service/0.5.0-SNAPSHOT/hadoop-hdds-container-service-0.5.0-SNAPSHOT.jar!/webapps/static,AVAILABLE}
2019-09-27 09:21:25,354 [main] INFO  handler.ContextHandler (ContextHandler.java:doStart(781)) - Started o.e.j.w.WebAppContext@66f5b8fe{/,file:///tmp/jetty-0.0.0.0-35490-hddsDatanode-_-any-6898676395523745562.dir/webapp/,AVAILABLE}{/hddsDatanode}
2019-09-27 09:21:25,354 [main] INFO  server.AbstractConnector (AbstractConnector.java:doStart(278)) - Started ServerConnector@233f52f8{HTTP/1.1,[http/1.1]}{0.0.0.0:35490}
2019-09-27 09:21:25,356 [main] INFO  server.Server (Server.java:doStart(419)) - Started @431637ms
2019-09-27 09:21:25,356 [main] WARN  impl.MetricsSystemImpl (MetricsSystemImpl.java:register(276)) - Sink prometheus already exists!
2019-09-27 09:21:25,357 [main] INFO  server.BaseHttpServer (BaseHttpServer.java:updateConnectorAddress(215)) - HTTP server of HDDSDATANODE is listening at http://0.0.0.0:35490
2019-09-27 09:21:25,357 [main] INFO  impl.MetricsSystemImpl (MetricsSystemImpl.java:init(158)) - HddsDatanode metrics system started (again)
2019-09-27 09:21:25,362 [main] INFO  ozone.HddsDatanodeService (HddsDatanodeService.java:start(184)) - HddsDatanodeService host:pr-hdds2162-4fxhj-20988671 ip:192.168.151.103
2019-09-27 09:21:25,363 [org.apache.hadoop.util.JvmPauseMonitor$Monitor@2ce15f76] INFO  util.JvmPauseMonitor (JvmPauseMonitor.java:run(188)) - Starting JVM pause monitor
2019-09-27 09:21:25,365 [Datanode State Machine Thread - 0] INFO  datanode.InitDatanodeState (InitDatanodeState.java:persistContainerDatanodeDetails(140)) - DatanodeDetails is persisted to /workdir/hadoop-ozone/integration-test/target/test-dir/MiniOzoneClusterImpl-68e31327-6f0a-47ff-9789-fe3f4972a3d5/datanode-8/meta/datanode.id
2019-09-27 09:21:25,376 [main] INFO  volume.HddsVolume (HddsVolume.java:<init>(176)) - Creating Volume: /workdir/hadoop-ozone/integration-test/target/test-dir/MiniOzoneClusterImpl-68e31327-6f0a-47ff-9789-fe3f4972a3d5/datanode-9/data/containers/hdds of  storage type : DISK and capacity : 1482555576320
2019-09-27 09:21:25,376 [main] INFO  volume.VolumeSet (VolumeSet.java:initializeVolumeSet(170)) - Added Volume : /workdir/hadoop-ozone/integration-test/target/test-dir/MiniOzoneClusterImpl-68e31327-6f0a-47ff-9789-fe3f4972a3d5/datanode-9/data/containers/hdds to VolumeSet
2019-09-27 09:21:25,376 [main] INFO  volume.ThrottledAsyncChecker (ThrottledAsyncChecker.java:schedule(139)) - Scheduling a check for org.apache.hadoop.ozone.container.common.volume.HddsVolume@7c950b3b
2019-09-27 09:21:25,377 [main] INFO  volume.HddsVolumeChecker (HddsVolumeChecker.java:checkAllVolumes(202)) - Scheduled health check for volume org.apache.hadoop.ozone.container.common.volume.HddsVolume@7c950b3b
2019-09-27 09:21:25,389 [main] INFO  impl.RaftServerProxy (ConfUtils.java:logGet(43)) - raft.rpc.type = GRPC (default)
2019-09-27 09:21:25,389 [main] INFO  grpc.GrpcFactory (GrpcFactory.java:checkPooledByteBufAllocatorUseCacheForAllThreads(45)) - PERFORMANCE WARNING: useCacheForAllThreads is true that may cause Netty to create a lot garbage objects and, as a result, trigger GC.
	It is recommended to disable useCacheForAllThreads by setting -Dorg.apache.ratis.thirdparty.io.netty.allocator.useCacheForAllThreads=false in command line.
2019-09-27 09:21:25,390 [main] INFO  grpc.GrpcConfigKeys$Server (ConfUtils.java:logGet(43)) - raft.grpc.server.port = 0 (default)
2019-09-27 09:21:25,390 [main] INFO  server.GrpcService (ConfUtils.java:logGet(43)) - raft.grpc.message.size.max = 33570816 (custom)
2019-09-27 09:21:25,390 [main] INFO  server.RaftServerConfigKeys (ConfUtils.java:logGet(43)) - raft.server.log.appender.buffer.byte-limit = 33554432 (custom)
2019-09-27 09:21:25,390 [main] INFO  server.GrpcService (ConfUtils.java:logGet(43)) - raft.grpc.flow.control.window = 1MB (=1048576) (default)
2019-09-27 09:21:25,390 [main] INFO  server.RaftServerConfigKeys (ConfUtils.java:logGet(43)) - raft.server.rpc.request.timeout = 3000ms (default)
2019-09-27 09:21:25,391 [main] INFO  server.RaftServerConfigKeys (ConfUtils.java:logGet(43)) - raft.server.storage.dir = [/workdir/hadoop-ozone/integration-test/target/test-dir/MiniOzoneClusterImpl-68e31327-6f0a-47ff-9789-fe3f4972a3d5/datanode-9/data/ratis] (custom)
2019-09-27 09:21:25,392 [main] INFO  hdfs.DFSUtil (DFSUtil.java:httpServerTemplateForNNAndJN(1641)) - Starting Web-server for hddsDatanode at: http://0.0.0.0:0
2019-09-27 09:21:25,393 [main] INFO  server.AuthenticationFilter (AuthenticationFilter.java:constructSecretProvider(240)) - Unable to initialize FileSignerSecretProvider, falling back to use random secrets.
2019-09-27 09:21:25,394 [main] WARN  http.HttpRequestLog (HttpRequestLog.java:getRequestLog(97)) - Jetty request log can only be enabled using Log4j
2019-09-27 09:21:25,395 [main] INFO  http.HttpServer2 (HttpServer2.java:addGlobalFilter(975)) - Added global filter 'safety' (class=org.apache.hadoop.http.HttpServer2$QuotingInputFilter)
2019-09-27 09:21:25,396 [main] INFO  http.HttpServer2 (HttpServer2.java:addFilter(948)) - Added filter static_user_filter (class=org.apache.hadoop.http.lib.StaticUserWebFilter$StaticUserFilter) to context hddsDatanode
2019-09-27 09:21:25,396 [main] INFO  http.HttpServer2 (HttpServer2.java:addFilter(958)) - Added filter static_user_filter (class=org.apache.hadoop.http.lib.StaticUserWebFilter$StaticUserFilter) to context logs
2019-09-27 09:21:25,396 [main] INFO  http.HttpServer2 (HttpServer2.java:addFilter(958)) - Added filter static_user_filter (class=org.apache.hadoop.http.lib.StaticUserWebFilter$StaticUserFilter) to context static
2019-09-27 09:21:25,397 [main] INFO  http.HttpServer2 (HttpServer2.java:bindListener(1191)) - Jetty bound to port 38290
2019-09-27 09:21:25,397 [main] INFO  server.Server (Server.java:doStart(351)) - jetty-9.3.25.v20180904, build timestamp: 2018-09-04T21:11:46Z, git hash: 3ce520221d0240229c862b122d2b06c12a625732
2019-09-27 09:21:25,399 [main] INFO  handler.ContextHandler (ContextHandler.java:doStart(781)) - Started o.e.j.s.ServletContextHandler@7ec08115{/logs,file:///workdir/hadoop-ozone/integration-test/target/log,AVAILABLE}
2019-09-27 09:21:25,399 [main] INFO  handler.ContextHandler (ContextHandler.java:doStart(781)) - Started o.e.j.s.ServletContextHandler@1e76afeb{/static,jar:file:/home/user/.m2/repository/org/apache/hadoop/hadoop-hdds-container-service/0.5.0-SNAPSHOT/hadoop-hdds-container-service-0.5.0-SNAPSHOT.jar!/webapps/static,AVAILABLE}
2019-09-27 09:21:25,433 [main] INFO  handler.ContextHandler (ContextHandler.java:doStart(781)) - Started o.e.j.w.WebAppContext@2c6c302f{/,file:///tmp/jetty-0.0.0.0-38290-hddsDatanode-_-any-8345329080689023062.dir/webapp/,AVAILABLE}{/hddsDatanode}
2019-09-27 09:21:25,434 [main] INFO  server.AbstractConnector (AbstractConnector.java:doStart(278)) - Started ServerConnector@2478b629{HTTP/1.1,[http/1.1]}{0.0.0.0:38290}
2019-09-27 09:21:25,436 [main] INFO  server.Server (Server.java:doStart(419)) - Started @431717ms
2019-09-27 09:21:25,436 [main] WARN  impl.MetricsSystemImpl (MetricsSystemImpl.java:register(276)) - Sink prometheus already exists!
2019-09-27 09:21:25,437 [main] INFO  server.BaseHttpServer (BaseHttpServer.java:updateConnectorAddress(215)) - HTTP server of HDDSDATANODE is listening at http://0.0.0.0:38290
2019-09-27 09:21:25,437 [main] INFO  ozone.MiniOzoneClusterImpl (MiniOzoneClusterImpl.java:lambda$waitForClusterToBeReady$0(147)) - Waiting for cluster to be ready. Got 0 of 10 DN Heartbeats.
2019-09-27 09:21:25,438 [org.apache.hadoop.util.JvmPauseMonitor$Monitor@2a2468d5] INFO  util.JvmPauseMonitor (JvmPauseMonitor.java:run(188)) - Starting JVM pause monitor
2019-09-27 09:21:25,440 [Datanode State Machine Thread - 0] INFO  datanode.InitDatanodeState (InitDatanodeState.java:persistContainerDatanodeDetails(140)) - DatanodeDetails is persisted to /workdir/hadoop-ozone/integration-test/target/test-dir/MiniOzoneClusterImpl-68e31327-6f0a-47ff-9789-fe3f4972a3d5/datanode-9/meta/datanode.id
2019-09-27 09:21:26,437 [main] INFO  ozone.MiniOzoneClusterImpl (MiniOzoneClusterImpl.java:lambda$waitForClusterToBeReady$0(147)) - Waiting for cluster to be ready. Got 0 of 10 DN Heartbeats.
2019-09-27 09:21:26,843 [Datanode State Machine Thread - 0] INFO  ozoneimpl.OzoneContainer (OzoneContainer.java:start(217)) - Attempting to start container services.
2019-09-27 09:21:26,843 [Datanode State Machine Thread - 0] INFO  ozoneimpl.OzoneContainer (OzoneContainer.java:startContainerScrub(179)) - Background container scanner has been disabled.
2019-09-27 09:21:26,844 [Datanode State Machine Thread - 0] INFO  ratis.XceiverServerRatis (XceiverServerRatis.java:start(411)) - Starting XceiverServerRatis cbebfacb-c89d-4e0c-ae63-1a234181ea6b at port 0
2019-09-27 09:21:26,851 [Datanode State Machine Thread - 0] INFO  impl.RaftServerProxy (RaftServerProxy.java:lambda$start$3(299)) - cbebfacb-c89d-4e0c-ae63-1a234181ea6b: start RPC server
2019-09-27 09:21:26,854 [Datanode State Machine Thread - 0] INFO  server.GrpcService (GrpcService.java:startImpl(158)) - cbebfacb-c89d-4e0c-ae63-1a234181ea6b: GrpcService started, listening on 0.0.0.0/0.0.0.0:37470
2019-09-27 09:21:26,854 [Datanode State Machine Thread - 0] INFO  ratis.XceiverServerRatis (XceiverServerRatis.java:start(421)) - XceiverServerRatis cbebfacb-c89d-4e0c-ae63-1a234181ea6b is started using port 37470
2019-09-27 09:21:26,855 [Datanode State Machine Thread - 0] INFO  server.XceiverServerGrpc (XceiverServerGrpc.java:start(149)) - XceiverServerGrpc cbebfacb-c89d-4e0c-ae63-1a234181ea6b is started using port 36296
2019-09-27 09:21:26,891 [Datanode State Machine Thread - 0] INFO  ozoneimpl.OzoneContainer (OzoneContainer.java:start(217)) - Attempting to start container services.
2019-09-27 09:21:26,892 [Datanode State Machine Thread - 0] INFO  ozoneimpl.OzoneContainer (OzoneContainer.java:startContainerScrub(179)) - Background container scanner has been disabled.
2019-09-27 09:21:26,892 [Datanode State Machine Thread - 0] INFO  ratis.XceiverServerRatis (XceiverServerRatis.java:start(411)) - Starting XceiverServerRatis 9d1fa352-1a82-481d-9d24-e29bb21dd7ac at port 0
2019-09-27 09:21:26,900 [Datanode State Machine Thread - 0] INFO  impl.RaftServerProxy (RaftServerProxy.java:lambda$start$3(299)) - 9d1fa352-1a82-481d-9d24-e29bb21dd7ac: start RPC server
2019-09-27 09:21:26,902 [Datanode State Machine Thread - 0] INFO  server.GrpcService (GrpcService.java:startImpl(158)) - 9d1fa352-1a82-481d-9d24-e29bb21dd7ac: GrpcService started, listening on 0.0.0.0/0.0.0.0:33561
2019-09-27 09:21:26,903 [Datanode State Machine Thread - 0] INFO  ratis.XceiverServerRatis (XceiverServerRatis.java:start(421)) - XceiverServerRatis 9d1fa352-1a82-481d-9d24-e29bb21dd7ac is started using port 33561
2019-09-27 09:21:26,903 [Datanode State Machine Thread - 0] INFO  server.XceiverServerGrpc (XceiverServerGrpc.java:start(149)) - XceiverServerGrpc 9d1fa352-1a82-481d-9d24-e29bb21dd7ac is started using port 38686
2019-09-27 09:21:26,953 [Datanode State Machine Thread - 0] INFO  ozoneimpl.OzoneContainer (OzoneContainer.java:start(217)) - Attempting to start container services.
2019-09-27 09:21:26,953 [Datanode State Machine Thread - 0] INFO  ozoneimpl.OzoneContainer (OzoneContainer.java:startContainerScrub(179)) - Background container scanner has been disabled.
2019-09-27 09:21:26,953 [Datanode State Machine Thread - 0] INFO  ratis.XceiverServerRatis (XceiverServerRatis.java:start(411)) - Starting XceiverServerRatis 6dd4b024-258e-4435-a177-4ad68e7047f2 at port 0
2019-09-27 09:21:26,960 [Datanode State Machine Thread - 0] INFO  impl.RaftServerProxy (RaftServerProxy.java:lambda$start$3(299)) - 6dd4b024-258e-4435-a177-4ad68e7047f2: start RPC server
2019-09-27 09:21:26,972 [Datanode State Machine Thread - 0] INFO  server.GrpcService (GrpcService.java:startImpl(158)) - 6dd4b024-258e-4435-a177-4ad68e7047f2: GrpcService started, listening on 0.0.0.0/0.0.0.0:45014
2019-09-27 09:21:26,972 [Datanode State Machine Thread - 0] INFO  ratis.XceiverServerRatis (XceiverServerRatis.java:start(421)) - XceiverServerRatis 6dd4b024-258e-4435-a177-4ad68e7047f2 is started using port 45014
2019-09-27 09:21:26,973 [Datanode State Machine Thread - 0] INFO  server.XceiverServerGrpc (XceiverServerGrpc.java:start(149)) - XceiverServerGrpc 6dd4b024-258e-4435-a177-4ad68e7047f2 is started using port 39245
2019-09-27 09:21:27,033 [Datanode State Machine Thread - 0] INFO  ozoneimpl.OzoneContainer (OzoneContainer.java:start(217)) - Attempting to start container services.
2019-09-27 09:21:27,033 [Datanode State Machine Thread - 0] INFO  ozoneimpl.OzoneContainer (OzoneContainer.java:startContainerScrub(179)) - Background container scanner has been disabled.
2019-09-27 09:21:27,033 [Datanode State Machine Thread - 0] INFO  ratis.XceiverServerRatis (XceiverServerRatis.java:start(411)) - Starting XceiverServerRatis 692a0e7c-3695-46c2-84c2-73657d75aae6 at port 0
2019-09-27 09:21:27,040 [Datanode State Machine Thread - 0] INFO  impl.RaftServerProxy (RaftServerProxy.java:lambda$start$3(299)) - 692a0e7c-3695-46c2-84c2-73657d75aae6: start RPC server
2019-09-27 09:21:27,041 [Datanode State Machine Thread - 0] INFO  server.GrpcService (GrpcService.java:startImpl(158)) - 692a0e7c-3695-46c2-84c2-73657d75aae6: GrpcService started, listening on 0.0.0.0/0.0.0.0:36657
2019-09-27 09:21:27,041 [Datanode State Machine Thread - 0] INFO  ratis.XceiverServerRatis (XceiverServerRatis.java:start(421)) - XceiverServerRatis 692a0e7c-3695-46c2-84c2-73657d75aae6 is started using port 36657
2019-09-27 09:21:27,041 [Datanode State Machine Thread - 0] INFO  server.XceiverServerGrpc (XceiverServerGrpc.java:start(149)) - XceiverServerGrpc 692a0e7c-3695-46c2-84c2-73657d75aae6 is started using port 45419
2019-09-27 09:21:27,123 [Datanode State Machine Thread - 0] INFO  ozoneimpl.OzoneContainer (OzoneContainer.java:start(217)) - Attempting to start container services.
2019-09-27 09:21:27,123 [Datanode State Machine Thread - 0] INFO  ozoneimpl.OzoneContainer (OzoneContainer.java:startContainerScrub(179)) - Background container scanner has been disabled.
2019-09-27 09:21:27,123 [Datanode State Machine Thread - 0] INFO  ratis.XceiverServerRatis (XceiverServerRatis.java:start(411)) - Starting XceiverServerRatis 69eece0b-35aa-4c3f-ae5c-22aaa3245fe4 at port 0
2019-09-27 09:21:27,131 [Datanode State Machine Thread - 0] INFO  impl.RaftServerProxy (RaftServerProxy.java:lambda$start$3(299)) - 69eece0b-35aa-4c3f-ae5c-22aaa3245fe4: start RPC server
2019-09-27 09:21:27,134 [Datanode State Machine Thread - 0] INFO  server.GrpcService (GrpcService.java:startImpl(158)) - 69eece0b-35aa-4c3f-ae5c-22aaa3245fe4: GrpcService started, listening on 0.0.0.0/0.0.0.0:38721
2019-09-27 09:21:27,134 [Datanode State Machine Thread - 0] INFO  ratis.XceiverServerRatis (XceiverServerRatis.java:start(421)) - XceiverServerRatis 69eece0b-35aa-4c3f-ae5c-22aaa3245fe4 is started using port 38721
2019-09-27 09:21:27,134 [Datanode State Machine Thread - 0] INFO  server.XceiverServerGrpc (XceiverServerGrpc.java:start(149)) - XceiverServerGrpc 69eece0b-35aa-4c3f-ae5c-22aaa3245fe4 is started using port 46760
2019-09-27 09:21:27,189 [Datanode State Machine Thread - 0] INFO  ozoneimpl.OzoneContainer (OzoneContainer.java:start(217)) - Attempting to start container services.
2019-09-27 09:21:27,189 [Datanode State Machine Thread - 0] INFO  ozoneimpl.OzoneContainer (OzoneContainer.java:startContainerScrub(179)) - Background container scanner has been disabled.
2019-09-27 09:21:27,189 [Datanode State Machine Thread - 0] INFO  ratis.XceiverServerRatis (XceiverServerRatis.java:start(411)) - Starting XceiverServerRatis 545840a3-a59e-4544-b748-6e804ee187a8 at port 0
2019-09-27 09:21:27,197 [Datanode State Machine Thread - 0] INFO  impl.RaftServerProxy (RaftServerProxy.java:lambda$start$3(299)) - 545840a3-a59e-4544-b748-6e804ee187a8: start RPC server
2019-09-27 09:21:27,200 [Datanode State Machine Thread - 0] INFO  server.GrpcService (GrpcService.java:startImpl(158)) - 545840a3-a59e-4544-b748-6e804ee187a8: GrpcService started, listening on 0.0.0.0/0.0.0.0:38575
2019-09-27 09:21:27,201 [Datanode State Machine Thread - 0] INFO  ratis.XceiverServerRatis (XceiverServerRatis.java:start(421)) - XceiverServerRatis 545840a3-a59e-4544-b748-6e804ee187a8 is started using port 38575
2019-09-27 09:21:27,204 [Datanode State Machine Thread - 0] INFO  server.XceiverServerGrpc (XceiverServerGrpc.java:start(149)) - XceiverServerGrpc 545840a3-a59e-4544-b748-6e804ee187a8 is started using port 45854
2019-09-27 09:21:27,252 [Datanode State Machine Thread - 0] INFO  ozoneimpl.OzoneContainer (OzoneContainer.java:start(217)) - Attempting to start container services.
2019-09-27 09:21:27,252 [Datanode State Machine Thread - 0] INFO  ozoneimpl.OzoneContainer (OzoneContainer.java:startContainerScrub(179)) - Background container scanner has been disabled.
2019-09-27 09:21:27,252 [Datanode State Machine Thread - 0] INFO  ratis.XceiverServerRatis (XceiverServerRatis.java:start(411)) - Starting XceiverServerRatis e6683dc0-e787-4f77-a1bd-b29d73bfe0c0 at port 0
2019-09-27 09:21:27,260 [Datanode State Machine Thread - 0] INFO  impl.RaftServerProxy (RaftServerProxy.java:lambda$start$3(299)) - e6683dc0-e787-4f77-a1bd-b29d73bfe0c0: start RPC server
2019-09-27 09:21:27,264 [Datanode State Machine Thread - 0] INFO  server.GrpcService (GrpcService.java:startImpl(158)) - e6683dc0-e787-4f77-a1bd-b29d73bfe0c0: GrpcService started, listening on 0.0.0.0/0.0.0.0:34419
2019-09-27 09:21:27,264 [Datanode State Machine Thread - 0] INFO  ratis.XceiverServerRatis (XceiverServerRatis.java:start(421)) - XceiverServerRatis e6683dc0-e787-4f77-a1bd-b29d73bfe0c0 is started using port 34419
2019-09-27 09:21:27,265 [Datanode State Machine Thread - 0] INFO  server.XceiverServerGrpc (XceiverServerGrpc.java:start(149)) - XceiverServerGrpc e6683dc0-e787-4f77-a1bd-b29d73bfe0c0 is started using port 35659
2019-09-27 09:21:27,315 [Datanode State Machine Thread - 0] INFO  ozoneimpl.OzoneContainer (OzoneContainer.java:start(217)) - Attempting to start container services.
2019-09-27 09:21:27,315 [Datanode State Machine Thread - 0] INFO  ozoneimpl.OzoneContainer (OzoneContainer.java:startContainerScrub(179)) - Background container scanner has been disabled.
2019-09-27 09:21:27,315 [Datanode State Machine Thread - 0] INFO  ratis.XceiverServerRatis (XceiverServerRatis.java:start(411)) - Starting XceiverServerRatis 4c0a5387-3197-4e6b-9533-589fb410635e at port 0
2019-09-27 09:21:27,324 [Datanode State Machine Thread - 0] INFO  impl.RaftServerProxy (RaftServerProxy.java:lambda$start$3(299)) - 4c0a5387-3197-4e6b-9533-589fb410635e: start RPC server
2019-09-27 09:21:27,327 [Datanode State Machine Thread - 0] INFO  server.GrpcService (GrpcService.java:startImpl(158)) - 4c0a5387-3197-4e6b-9533-589fb410635e: GrpcService started, listening on 0.0.0.0/0.0.0.0:34462
2019-09-27 09:21:27,327 [Datanode State Machine Thread - 0] INFO  ratis.XceiverServerRatis (XceiverServerRatis.java:start(421)) - XceiverServerRatis 4c0a5387-3197-4e6b-9533-589fb410635e is started using port 34462
2019-09-27 09:21:27,328 [Datanode State Machine Thread - 0] INFO  server.XceiverServerGrpc (XceiverServerGrpc.java:start(149)) - XceiverServerGrpc 4c0a5387-3197-4e6b-9533-589fb410635e is started using port 38999
2019-09-27 09:21:27,376 [Datanode State Machine Thread - 0] INFO  ozoneimpl.OzoneContainer (OzoneContainer.java:start(217)) - Attempting to start container services.
2019-09-27 09:21:27,376 [Datanode State Machine Thread - 0] INFO  ozoneimpl.OzoneContainer (OzoneContainer.java:startContainerScrub(179)) - Background container scanner has been disabled.
2019-09-27 09:21:27,376 [Datanode State Machine Thread - 0] INFO  ratis.XceiverServerRatis (XceiverServerRatis.java:start(411)) - Starting XceiverServerRatis 3f71806d-9ec4-45c7-9788-6c1507baaf47 at port 0
2019-09-27 09:21:27,384 [Datanode State Machine Thread - 0] INFO  impl.RaftServerProxy (RaftServerProxy.java:lambda$start$3(299)) - 3f71806d-9ec4-45c7-9788-6c1507baaf47: start RPC server
2019-09-27 09:21:27,385 [Datanode State Machine Thread - 0] INFO  server.GrpcService (GrpcService.java:startImpl(158)) - 3f71806d-9ec4-45c7-9788-6c1507baaf47: GrpcService started, listening on 0.0.0.0/0.0.0.0:46293
2019-09-27 09:21:27,385 [Datanode State Machine Thread - 0] INFO  ratis.XceiverServerRatis (XceiverServerRatis.java:start(421)) - XceiverServerRatis 3f71806d-9ec4-45c7-9788-6c1507baaf47 is started using port 46293
2019-09-27 09:21:27,386 [Datanode State Machine Thread - 0] INFO  server.XceiverServerGrpc (XceiverServerGrpc.java:start(149)) - XceiverServerGrpc 3f71806d-9ec4-45c7-9788-6c1507baaf47 is started using port 37463
2019-09-27 09:21:27,438 [main] INFO  ozone.MiniOzoneClusterImpl (MiniOzoneClusterImpl.java:lambda$waitForClusterToBeReady$0(147)) - Waiting for cluster to be ready. Got 0 of 10 DN Heartbeats.
2019-09-27 09:21:27,453 [Datanode State Machine Thread - 0] INFO  ozoneimpl.OzoneContainer (OzoneContainer.java:start(217)) - Attempting to start container services.
2019-09-27 09:21:27,453 [Datanode State Machine Thread - 0] INFO  ozoneimpl.OzoneContainer (OzoneContainer.java:startContainerScrub(179)) - Background container scanner has been disabled.
2019-09-27 09:21:27,453 [Datanode State Machine Thread - 0] INFO  ratis.XceiverServerRatis (XceiverServerRatis.java:start(411)) - Starting XceiverServerRatis 161d0b6c-bb81-43fa-8578-505f63e7c46b at port 0
2019-09-27 09:21:27,461 [Datanode State Machine Thread - 0] INFO  impl.RaftServerProxy (RaftServerProxy.java:lambda$start$3(299)) - 161d0b6c-bb81-43fa-8578-505f63e7c46b: start RPC server
2019-09-27 09:21:27,480 [Datanode State Machine Thread - 0] INFO  server.GrpcService (GrpcService.java:startImpl(158)) - 161d0b6c-bb81-43fa-8578-505f63e7c46b: GrpcService started, listening on 0.0.0.0/0.0.0.0:39300
2019-09-27 09:21:27,480 [Datanode State Machine Thread - 0] INFO  ratis.XceiverServerRatis (XceiverServerRatis.java:start(421)) - XceiverServerRatis 161d0b6c-bb81-43fa-8578-505f63e7c46b is started using port 39300
2019-09-27 09:21:27,496 [Datanode State Machine Thread - 0] INFO  server.XceiverServerGrpc (XceiverServerGrpc.java:start(149)) - XceiverServerGrpc 161d0b6c-bb81-43fa-8578-505f63e7c46b is started using port 36506
2019-09-27 09:21:28,439 [main] INFO  ozone.MiniOzoneClusterImpl (MiniOzoneClusterImpl.java:lambda$waitForClusterToBeReady$0(147)) - Waiting for cluster to be ready. Got 0 of 10 DN Heartbeats.
2019-09-27 09:21:28,823 [IPC Server handler 4 on 45987] INFO  net.NetworkTopology (NetworkTopologyImpl.java:add(111)) - Added a new node: /rack1/cbebfacb-c89d-4e0c-ae63-1a234181ea6b
2019-09-27 09:21:28,826 [IPC Server handler 4 on 45987] INFO  node.SCMNodeManager (SCMNodeManager.java:register(266)) - Registered Data node : cbebfacb-c89d-4e0c-ae63-1a234181ea6b{ip: 192.168.151.103, host: pr-hdds2162-4fxhj-20988671, networkLocation: /rack1, certSerialId: null}
2019-09-27 09:21:28,827 [EventQueue-NodeRegistrationContainerReportForDataNodeSafeModeRule] INFO  safemode.SCMSafeModeManager (DataNodeSafeModeRule.java:process(71)) - SCM in safe mode. 1 DataNodes registered, 1 required.
2019-09-27 09:21:28,833 [EventQueue-NodeRegistrationContainerReportForDataNodeSafeModeRule] INFO  safemode.SCMSafeModeManager (SCMSafeModeManager.java:validateSafeModeExitRules(177)) - ScmSafeModeManager, all rules are successfully validated
2019-09-27 09:21:28,833 [EventQueue-NodeRegistrationContainerReportForDataNodeSafeModeRule] INFO  safemode.SCMSafeModeManager (SCMSafeModeManager.java:exitSafeMode(193)) - SCM exiting safe mode.
2019-09-27 09:21:28,845 [grpc-default-executor-0] INFO  impl.RaftServerProxy (RaftServerProxy.java:addNew(89)) - cbebfacb-c89d-4e0c-ae63-1a234181ea6b: addNew group-7077269F90D8:[cbebfacb-c89d-4e0c-ae63-1a234181ea6b:192.168.151.103:37470] returns group-7077269F90D8:java.util.concurrent.CompletableFuture@510fae68[Not completed]
2019-09-27 09:21:28,846 [pool-387-thread-1] INFO  impl.RaftServerImpl (RaftServerImpl.java:<init>(95)) - cbebfacb-c89d-4e0c-ae63-1a234181ea6b: new RaftServerImpl for group-7077269F90D8:[cbebfacb-c89d-4e0c-ae63-1a234181ea6b:192.168.151.103:37470] with ContainerStateMachine:uninitialized
2019-09-27 09:21:28,846 [pool-387-thread-1] INFO  server.RaftServerConfigKeys (ConfUtils.java:logGet(43)) - raft.server.rpc.timeout.min = 1s (custom)
2019-09-27 09:21:28,846 [pool-387-thread-1] INFO  server.RaftServerConfigKeys (ConfUtils.java:logGet(43)) - raft.server.rpc.timeout.max = 1200ms (custom)
2019-09-27 09:21:28,847 [pool-387-thread-1] INFO  server.RaftServerConfigKeys (ConfUtils.java:logGet(43)) - raft.server.rpcslowness.timeout = 120s (custom)
2019-09-27 09:21:28,847 [pool-387-thread-1] INFO  server.RaftServerConfigKeys (ConfUtils.java:logGet(43)) - raft.server.sleep.deviation.threshold = 300 (default)
2019-09-27 09:21:28,847 [pool-387-thread-1] INFO  server.RaftServerConfigKeys (ConfUtils.java:logGet(43)) - raft.server.log.appender.install.snapshot.enabled = false (custom)
2019-09-27 09:21:28,847 [pool-387-thread-1] INFO  impl.RaftServerImpl (ServerState.java:<init>(103)) - cbebfacb-c89d-4e0c-ae63-1a234181ea6b@group-7077269F90D8: ConfigurationManager, init=-1: [cbebfacb-c89d-4e0c-ae63-1a234181ea6b:192.168.151.103:37470], old=null, confs=<EMPTY_MAP>
2019-09-27 09:21:28,847 [pool-387-thread-1] INFO  server.RaftServerConfigKeys (ConfUtils.java:logGet(43)) - raft.server.storage.dir = [/workdir/hadoop-ozone/integration-test/target/test-dir/MiniOzoneClusterImpl-68e31327-6f0a-47ff-9789-fe3f4972a3d5/datanode-0/data/ratis] (custom)
2019-09-27 09:21:28,848 [pool-387-thread-1] INFO  storage.RaftStorageDirectory (RaftStorageDirectory.java:analyzeStorage(246)) - The storage directory /workdir/hadoop-ozone/integration-test/target/test-dir/MiniOzoneClusterImpl-68e31327-6f0a-47ff-9789-fe3f4972a3d5/datanode-0/data/ratis/1f71edec-ceeb-430e-a85a-7077269f90d8 does not exist. Creating ...
2019-09-27 09:21:28,861 [pool-387-thread-1] INFO  storage.RaftStorageDirectory (RaftStorageDirectory.java:tryLock(328)) - Lock on /workdir/hadoop-ozone/integration-test/target/test-dir/MiniOzoneClusterImpl-68e31327-6f0a-47ff-9789-fe3f4972a3d5/datanode-0/data/ratis/1f71edec-ceeb-430e-a85a-7077269f90d8/in_use.lock acquired by nodename 29571@pr-hdds2162-4fxhj-20988671
2019-09-27 09:21:28,874 [pool-387-thread-1] INFO  storage.RaftStorage (RaftStorage.java:format(72)) - Storage directory /workdir/hadoop-ozone/integration-test/target/test-dir/MiniOzoneClusterImpl-68e31327-6f0a-47ff-9789-fe3f4972a3d5/datanode-0/data/ratis/1f71edec-ceeb-430e-a85a-7077269f90d8 has been successfully formatted.
2019-09-27 09:21:28,874 [pool-387-thread-1] INFO  ratis.ContainerStateMachine (ContainerStateMachine.java:loadSnapshot(230)) - group-7077269F90D8: The snapshot info is null. Setting the last applied indexto:(t:0, i:~)
2019-09-27 09:21:28,874 [pool-387-thread-1] INFO  server.RaftServerConfigKeys (ConfUtils.java:logGet(43)) - raft.server.notification.no-leader.timeout = 120s (custom)
2019-09-27 09:21:28,875 [pool-387-thread-1] INFO  server.RaftServerConfigKeys (ConfUtils.java:logGet(43)) - raft.server.log.use.memory = false (default)
2019-09-27 09:21:28,875 [pool-387-thread-1] INFO  server.RaftServerConfigKeys (ConfUtils.java:logGet(43)) - raft.server.log.purge.gap = 1000000 (custom)
2019-09-27 09:21:28,875 [pool-387-thread-1] INFO  server.RaftServerConfigKeys (ConfUtils.java:logGet(43)) - raft.server.log.appender.buffer.byte-limit = 33554432 (custom)
2019-09-27 09:21:28,875 [pool-387-thread-1] INFO  server.RaftServerConfigKeys (ConfUtils.java:logGet(43)) - raft.server.log.segment.size.max = 1048576 (custom)
2019-09-27 09:21:28,875 [pool-387-thread-1] INFO  server.RaftServerConfigKeys (ConfUtils.java:logGet(43)) - raft.server.log.segment.cache.num.max = 2 (custom)
2019-09-27 09:21:28,875 [pool-387-thread-1] INFO  segmented.SegmentedRaftLogWorker (SegmentedRaftLogWorker.java:<init>(172)) - new cbebfacb-c89d-4e0c-ae63-1a234181ea6b@group-7077269F90D8-SegmentedRaftLogWorker for RaftStorage:Storage Directory /workdir/hadoop-ozone/integration-test/target/test-dir/MiniOzoneClusterImpl-68e31327-6f0a-47ff-9789-fe3f4972a3d5/datanode-0/data/ratis/1f71edec-ceeb-430e-a85a-7077269f90d8
2019-09-27 09:21:28,876 [IPC Server handler 5 on 45987] INFO  net.NetworkTopology (NetworkTopologyImpl.java:add(111)) - Added a new node: /rack1/9d1fa352-1a82-481d-9d24-e29bb21dd7ac
2019-09-27 09:21:28,876 [IPC Server handler 5 on 45987] INFO  node.SCMNodeManager (SCMNodeManager.java:register(266)) - Registered Data node : 9d1fa352-1a82-481d-9d24-e29bb21dd7ac{ip: 192.168.151.103, host: pr-hdds2162-4fxhj-20988671, networkLocation: /rack1, certSerialId: null}
2019-09-27 09:21:28,877 [pool-387-thread-1] INFO  server.RaftServerConfigKeys (ConfUtils.java:logGet(43)) - raft.server.log.queue.byte-limit = 2147483647 (custom)
2019-09-27 09:21:28,877 [pool-387-thread-1] INFO  server.RaftServerConfigKeys (ConfUtils.java:logGet(43)) - raft.server.log.queue.element-limit = 1024 (custom)
2019-09-27 09:21:28,877 [pool-387-thread-1] INFO  server.RaftServerConfigKeys (ConfUtils.java:logGet(43)) - raft.server.log.segment.size.max = 1048576 (custom)
2019-09-27 09:21:28,878 [pool-387-thread-1] INFO  server.RaftServerConfigKeys (ConfUtils.java:logGet(43)) - raft.server.log.preallocated.size = 16384 (custom)
2019-09-27 09:21:28,878 [pool-387-thread-1] INFO  server.RaftServerConfigKeys (ConfUtils.java:logGet(43)) - raft.server.log.write.buffer.size = 33554432 (custom)
2019-09-27 09:21:28,878 [pool-387-thread-1] INFO  server.RaftServerConfigKeys (ConfUtils.java:logGet(43)) - raft.server.log.force.sync.num = 128 (default)
2019-09-27 09:21:28,878 [pool-387-thread-1] INFO  server.RaftServerConfigKeys (ConfUtils.java:logGet(43)) - raft.server.log.statemachine.data.sync = true (default)
2019-09-27 09:21:28,878 [pool-387-thread-1] INFO  server.RaftServerConfigKeys (ConfUtils.java:logGet(43)) - raft.server.log.statemachine.data.sync.timeout = 10s (default)
2019-09-27 09:21:28,878 [pool-387-thread-1] INFO  server.RaftServerConfigKeys (ConfUtils.java:logGet(43)) - raft.server.log.statemachine.data.sync.timeout.retry = -1 (default)
2019-09-27 09:21:28,879 [pool-387-thread-1] INFO  server.RaftServerConfigKeys (ConfUtils.java:logGet(43)) - raft.server.log.statemachine.data.caching.enabled = true (custom)
2019-09-27 09:21:28,879 [pool-387-thread-1] INFO  segmented.SegmentedRaftLogWorker (SegmentedRaftLogWorker.java:lambda$new$0(132)) - cbebfacb-c89d-4e0c-ae63-1a234181ea6b@group-7077269F90D8-SegmentedRaftLogWorker: flushIndex: setUnconditionally 0 -> -1
2019-09-27 09:21:28,879 [pool-387-thread-1] INFO  server.RaftServerConfigKeys (ConfUtils.java:logGet(43)) - raft.server.snapshot.auto.trigger.enabled = true (custom)
2019-09-27 09:21:28,880 [pool-387-thread-1] INFO  server.RaftServerConfigKeys (ConfUtils.java:logGet(43)) - raft.server.snapshot.auto.trigger.threshold = 10000 (custom)
2019-09-27 09:21:28,880 [pool-387-thread-1] INFO  server.RaftServerConfigKeys (ConfUtils.java:logGet(43)) - raft.server.snapshot.retention.num.files = 5 (custom)
2019-09-27 09:21:28,880 [pool-387-thread-1] INFO  server.RaftServerConfigKeys (ConfUtils.java:logGet(43)) - raft.server.retrycache.expirytime = 600000ms (custom)
2019-09-27 09:21:28,882 [pool-387-thread-1] INFO  impl.RaftServerImpl (RaftServerImpl.java:start(185)) - cbebfacb-c89d-4e0c-ae63-1a234181ea6b@group-7077269F90D8: start as a follower, conf=-1: [cbebfacb-c89d-4e0c-ae63-1a234181ea6b:192.168.151.103:37470], old=null
2019-09-27 09:21:28,882 [pool-387-thread-1] INFO  impl.RaftServerImpl (RaftServerImpl.java:setRole(174)) - cbebfacb-c89d-4e0c-ae63-1a234181ea6b@group-7077269F90D8: changes role from      null to FOLLOWER at term 0 for startAsFollower
2019-09-27 09:21:28,882 [pool-387-thread-1] INFO  impl.RoleInfo (RoleInfo.java:updateAndGet(143)) - cbebfacb-c89d-4e0c-ae63-1a234181ea6b: start FollowerState
2019-09-27 09:21:28,897 [pool-387-thread-1] INFO  util.JmxRegister (JmxRegister.java:tryRegister(44)) - Successfully registered JMX Bean with object name Ratis:service=RaftServer,group=group-7077269F90D8,id=cbebfacb-c89d-4e0c-ae63-1a234181ea6b
2019-09-27 09:21:28,925 [RatisPipelineUtilsThread] INFO  pipeline.PipelineStateManager (PipelineStateManager.java:addPipeline(56)) - Created pipeline Pipeline[ Id: 1f71edec-ceeb-430e-a85a-7077269f90d8, Nodes: cbebfacb-c89d-4e0c-ae63-1a234181ea6b{ip: 192.168.151.103, host: pr-hdds2162-4fxhj-20988671, networkLocation: /rack1, certSerialId: null}, Type:RATIS, Factor:ONE, State:OPEN]
2019-09-27 09:21:28,933 [grpc-default-executor-0] INFO  impl.RaftServerProxy (RaftServerProxy.java:addNew(89)) - 9d1fa352-1a82-481d-9d24-e29bb21dd7ac: addNew group-F63D726B6A80:[9d1fa352-1a82-481d-9d24-e29bb21dd7ac:192.168.151.103:33561] returns group-F63D726B6A80:java.util.concurrent.CompletableFuture@1df0d01f[Not completed]
2019-09-27 09:21:28,935 [pool-397-thread-1] INFO  impl.RaftServerImpl (RaftServerImpl.java:<init>(95)) - 9d1fa352-1a82-481d-9d24-e29bb21dd7ac: new RaftServerImpl for group-F63D726B6A80:[9d1fa352-1a82-481d-9d24-e29bb21dd7ac:192.168.151.103:33561] with ContainerStateMachine:uninitialized
2019-09-27 09:21:28,935 [pool-397-thread-1] INFO  server.RaftServerConfigKeys (ConfUtils.java:logGet(43)) - raft.server.rpc.timeout.min = 1s (custom)
2019-09-27 09:21:28,935 [pool-397-thread-1] INFO  server.RaftServerConfigKeys (ConfUtils.java:logGet(43)) - raft.server.rpc.timeout.max = 1200ms (custom)
2019-09-27 09:21:28,935 [pool-397-thread-1] INFO  server.RaftServerConfigKeys (ConfUtils.java:logGet(43)) - raft.server.rpcslowness.timeout = 120s (custom)
2019-09-27 09:21:28,935 [pool-397-thread-1] INFO  server.RaftServerConfigKeys (ConfUtils.java:logGet(43)) - raft.server.sleep.deviation.threshold = 300 (default)
2019-09-27 09:21:28,935 [pool-397-thread-1] INFO  server.RaftServerConfigKeys (ConfUtils.java:logGet(43)) - raft.server.log.appender.install.snapshot.enabled = false (custom)
2019-09-27 09:21:28,935 [pool-397-thread-1] INFO  impl.RaftServerImpl (ServerState.java:<init>(103)) - 9d1fa352-1a82-481d-9d24-e29bb21dd7ac@group-F63D726B6A80: ConfigurationManager, init=-1: [9d1fa352-1a82-481d-9d24-e29bb21dd7ac:192.168.151.103:33561], old=null, confs=<EMPTY_MAP>
2019-09-27 09:21:28,936 [pool-397-thread-1] INFO  server.RaftServerConfigKeys (ConfUtils.java:logGet(43)) - raft.server.storage.dir = [/workdir/hadoop-ozone/integration-test/target/test-dir/MiniOzoneClusterImpl-68e31327-6f0a-47ff-9789-fe3f4972a3d5/datanode-1/data/ratis] (custom)
2019-09-27 09:21:28,936 [pool-397-thread-1] INFO  storage.RaftStorageDirectory (RaftStorageDirectory.java:analyzeStorage(246)) - The storage directory /workdir/hadoop-ozone/integration-test/target/test-dir/MiniOzoneClusterImpl-68e31327-6f0a-47ff-9789-fe3f4972a3d5/datanode-1/data/ratis/3ab58aff-4dd1-484c-abfa-f63d726b6a80 does not exist. Creating ...
2019-09-27 09:21:28,940 [IPC Server handler 3 on 45987] INFO  net.NetworkTopology (NetworkTopologyImpl.java:add(111)) - Added a new node: /rack1/6dd4b024-258e-4435-a177-4ad68e7047f2
2019-09-27 09:21:28,940 [IPC Server handler 3 on 45987] INFO  node.SCMNodeManager (SCMNodeManager.java:register(266)) - Registered Data node : 6dd4b024-258e-4435-a177-4ad68e7047f2{ip: 192.168.151.103, host: pr-hdds2162-4fxhj-20988671, networkLocation: /rack1, certSerialId: null}
2019-09-27 09:21:28,950 [pool-397-thread-1] INFO  storage.RaftStorageDirectory (RaftStorageDirectory.java:tryLock(328)) - Lock on /workdir/hadoop-ozone/integration-test/target/test-dir/MiniOzoneClusterImpl-68e31327-6f0a-47ff-9789-fe3f4972a3d5/datanode-1/data/ratis/3ab58aff-4dd1-484c-abfa-f63d726b6a80/in_use.lock acquired by nodename 29571@pr-hdds2162-4fxhj-20988671
2019-09-27 09:21:28,963 [pool-397-thread-1] INFO  storage.RaftStorage (RaftStorage.java:format(72)) - Storage directory /workdir/hadoop-ozone/integration-test/target/test-dir/MiniOzoneClusterImpl-68e31327-6f0a-47ff-9789-fe3f4972a3d5/datanode-1/data/ratis/3ab58aff-4dd1-484c-abfa-f63d726b6a80 has been successfully formatted.
2019-09-27 09:21:28,964 [pool-397-thread-1] INFO  ratis.ContainerStateMachine (ContainerStateMachine.java:loadSnapshot(230)) - group-F63D726B6A80: The snapshot info is null. Setting the last applied indexto:(t:0, i:~)
2019-09-27 09:21:28,964 [pool-397-thread-1] INFO  server.RaftServerConfigKeys (ConfUtils.java:logGet(43)) - raft.server.notification.no-leader.timeout = 120s (custom)
2019-09-27 09:21:28,964 [pool-397-thread-1] INFO  server.RaftServerConfigKeys (ConfUtils.java:logGet(43)) - raft.server.log.use.memory = false (default)
2019-09-27 09:21:28,964 [pool-397-thread-1] INFO  server.RaftServerConfigKeys (ConfUtils.java:logGet(43)) - raft.server.log.purge.gap = 1000000 (custom)
2019-09-27 09:21:28,964 [pool-397-thread-1] INFO  server.RaftServerConfigKeys (ConfUtils.java:logGet(43)) - raft.server.log.appender.buffer.byte-limit = 33554432 (custom)
2019-09-27 09:21:28,964 [pool-397-thread-1] INFO  server.RaftServerConfigKeys (ConfUtils.java:logGet(43)) - raft.server.log.segment.size.max = 1048576 (custom)
2019-09-27 09:21:28,965 [pool-397-thread-1] INFO  server.RaftServerConfigKeys (ConfUtils.java:logGet(43)) - raft.server.log.segment.cache.num.max = 2 (custom)
2019-09-27 09:21:28,965 [pool-397-thread-1] INFO  segmented.SegmentedRaftLogWorker (SegmentedRaftLogWorker.java:<init>(172)) - new 9d1fa352-1a82-481d-9d24-e29bb21dd7ac@group-F63D726B6A80-SegmentedRaftLogWorker for RaftStorage:Storage Directory /workdir/hadoop-ozone/integration-test/target/test-dir/MiniOzoneClusterImpl-68e31327-6f0a-47ff-9789-fe3f4972a3d5/datanode-1/data/ratis/3ab58aff-4dd1-484c-abfa-f63d726b6a80
2019-09-27 09:21:28,966 [pool-397-thread-1] INFO  server.RaftServerConfigKeys (ConfUtils.java:logGet(43)) - raft.server.log.queue.byte-limit = 2147483647 (custom)
2019-09-27 09:21:28,967 [pool-397-thread-1] INFO  server.RaftServerConfigKeys (ConfUtils.java:logGet(43)) - raft.server.log.queue.element-limit = 1024 (custom)
2019-09-27 09:21:28,967 [pool-397-thread-1] INFO  server.RaftServerConfigKeys (ConfUtils.java:logGet(43)) - raft.server.log.segment.size.max = 1048576 (custom)
2019-09-27 09:21:28,967 [pool-397-thread-1] INFO  server.RaftServerConfigKeys (ConfUtils.java:logGet(43)) - raft.server.log.preallocated.size = 16384 (custom)
2019-09-27 09:21:28,967 [pool-397-thread-1] INFO  server.RaftServerConfigKeys (ConfUtils.java:logGet(43)) - raft.server.log.write.buffer.size = 33554432 (custom)
2019-09-27 09:21:28,967 [pool-397-thread-1] INFO  server.RaftServerConfigKeys (ConfUtils.java:logGet(43)) - raft.server.log.force.sync.num = 128 (default)
2019-09-27 09:21:28,967 [pool-397-thread-1] INFO  server.RaftServerConfigKeys (ConfUtils.java:logGet(43)) - raft.server.log.statemachine.data.sync = true (default)
2019-09-27 09:21:28,967 [pool-397-thread-1] INFO  server.RaftServerConfigKeys (ConfUtils.java:logGet(43)) - raft.server.log.statemachine.data.sync.timeout = 10s (default)
2019-09-27 09:21:28,968 [pool-397-thread-1] INFO  server.RaftServerConfigKeys (ConfUtils.java:logGet(43)) - raft.server.log.statemachine.data.sync.timeout.retry = -1 (default)
2019-09-27 09:21:28,968 [pool-397-thread-1] INFO  server.RaftServerConfigKeys (ConfUtils.java:logGet(43)) - raft.server.log.statemachine.data.caching.enabled = true (custom)
2019-09-27 09:21:28,968 [pool-397-thread-1] INFO  segmented.SegmentedRaftLogWorker (SegmentedRaftLogWorker.java:lambda$new$0(132)) - 9d1fa352-1a82-481d-9d24-e29bb21dd7ac@group-F63D726B6A80-SegmentedRaftLogWorker: flushIndex: setUnconditionally 0 -> -1
2019-09-27 09:21:28,969 [pool-397-thread-1] INFO  server.RaftServerConfigKeys (ConfUtils.java:logGet(43)) - raft.server.snapshot.auto.trigger.enabled = true (custom)
2019-09-27 09:21:28,969 [pool-397-thread-1] INFO  server.RaftServerConfigKeys (ConfUtils.java:logGet(43)) - raft.server.snapshot.auto.trigger.threshold = 10000 (custom)
2019-09-27 09:21:28,969 [pool-397-thread-1] INFO  server.RaftServerConfigKeys (ConfUtils.java:logGet(43)) - raft.server.snapshot.retention.num.files = 5 (custom)
2019-09-27 09:21:28,969 [pool-397-thread-1] INFO  server.RaftServerConfigKeys (ConfUtils.java:logGet(43)) - raft.server.retrycache.expirytime = 600000ms (custom)
2019-09-27 09:21:28,970 [pool-397-thread-1] INFO  impl.RaftServerImpl (RaftServerImpl.java:start(185)) - 9d1fa352-1a82-481d-9d24-e29bb21dd7ac@group-F63D726B6A80: start as a follower, conf=-1: [9d1fa352-1a82-481d-9d24-e29bb21dd7ac:192.168.151.103:33561], old=null
2019-09-27 09:21:28,971 [pool-397-thread-1] INFO  impl.RaftServerImpl (RaftServerImpl.java:setRole(174)) - 9d1fa352-1a82-481d-9d24-e29bb21dd7ac@group-F63D726B6A80: changes role from      null to FOLLOWER at term 0 for startAsFollower
2019-09-27 09:21:28,971 [pool-397-thread-1] INFO  impl.RoleInfo (RoleInfo.java:updateAndGet(143)) - 9d1fa352-1a82-481d-9d24-e29bb21dd7ac: start FollowerState
2019-09-27 09:21:28,971 [pool-397-thread-1] INFO  util.JmxRegister (JmxRegister.java:tryRegister(44)) - Successfully registered JMX Bean with object name Ratis:service=RaftServer,group=group-F63D726B6A80,id=9d1fa352-1a82-481d-9d24-e29bb21dd7ac
2019-09-27 09:21:28,976 [RatisPipelineUtilsThread] INFO  pipeline.PipelineStateManager (PipelineStateManager.java:addPipeline(56)) - Created pipeline Pipeline[ Id: 3ab58aff-4dd1-484c-abfa-f63d726b6a80, Nodes: 9d1fa352-1a82-481d-9d24-e29bb21dd7ac{ip: 192.168.151.103, host: pr-hdds2162-4fxhj-20988671, networkLocation: /rack1, certSerialId: null}, Type:RATIS, Factor:ONE, State:OPEN]
2019-09-27 09:21:28,984 [grpc-default-executor-0] INFO  impl.RaftServerProxy (RaftServerProxy.java:addNew(89)) - 6dd4b024-258e-4435-a177-4ad68e7047f2: addNew group-F89D41993458:[6dd4b024-258e-4435-a177-4ad68e7047f2:192.168.151.103:45014] returns group-F89D41993458:java.util.concurrent.CompletableFuture@1d9f97a2[Not completed]
2019-09-27 09:21:28,985 [pool-407-thread-1] INFO  impl.RaftServerImpl (RaftServerImpl.java:<init>(95)) - 6dd4b024-258e-4435-a177-4ad68e7047f2: new RaftServerImpl for group-F89D41993458:[6dd4b024-258e-4435-a177-4ad68e7047f2:192.168.151.103:45014] with ContainerStateMachine:uninitialized
2019-09-27 09:21:28,985 [pool-407-thread-1] INFO  server.RaftServerConfigKeys (ConfUtils.java:logGet(43)) - raft.server.rpc.timeout.min = 1s (custom)
2019-09-27 09:21:28,985 [pool-407-thread-1] INFO  server.RaftServerConfigKeys (ConfUtils.java:logGet(43)) - raft.server.rpc.timeout.max = 1200ms (custom)
2019-09-27 09:21:28,985 [pool-407-thread-1] INFO  server.RaftServerConfigKeys (ConfUtils.java:logGet(43)) - raft.server.rpcslowness.timeout = 120s (custom)
2019-09-27 09:21:28,985 [pool-407-thread-1] INFO  server.RaftServerConfigKeys (ConfUtils.java:logGet(43)) - raft.server.sleep.deviation.threshold = 300 (default)
2019-09-27 09:21:28,986 [pool-407-thread-1] INFO  server.RaftServerConfigKeys (ConfUtils.java:logGet(43)) - raft.server.log.appender.install.snapshot.enabled = false (custom)
2019-09-27 09:21:28,986 [pool-407-thread-1] INFO  impl.RaftServerImpl (ServerState.java:<init>(103)) - 6dd4b024-258e-4435-a177-4ad68e7047f2@group-F89D41993458: ConfigurationManager, init=-1: [6dd4b024-258e-4435-a177-4ad68e7047f2:192.168.151.103:45014], old=null, confs=<EMPTY_MAP>
2019-09-27 09:21:28,986 [pool-407-thread-1] INFO  server.RaftServerConfigKeys (ConfUtils.java:logGet(43)) - raft.server.storage.dir = [/workdir/hadoop-ozone/integration-test/target/test-dir/MiniOzoneClusterImpl-68e31327-6f0a-47ff-9789-fe3f4972a3d5/datanode-2/data/ratis] (custom)
2019-09-27 09:21:28,986 [pool-407-thread-1] INFO  storage.RaftStorageDirectory (RaftStorageDirectory.java:analyzeStorage(246)) - The storage directory /workdir/hadoop-ozone/integration-test/target/test-dir/MiniOzoneClusterImpl-68e31327-6f0a-47ff-9789-fe3f4972a3d5/datanode-2/data/ratis/fb709eeb-1c69-47ee-9436-f89d41993458 does not exist. Creating ...
2019-09-27 09:21:28,999 [pool-407-thread-1] INFO  storage.RaftStorageDirectory (RaftStorageDirectory.java:tryLock(328)) - Lock on /workdir/hadoop-ozone/integration-test/target/test-dir/MiniOzoneClusterImpl-68e31327-6f0a-47ff-9789-fe3f4972a3d5/datanode-2/data/ratis/fb709eeb-1c69-47ee-9436-f89d41993458/in_use.lock acquired by nodename 29571@pr-hdds2162-4fxhj-20988671
2019-09-27 09:21:29,012 [pool-407-thread-1] INFO  storage.RaftStorage (RaftStorage.java:format(72)) - Storage directory /workdir/hadoop-ozone/integration-test/target/test-dir/MiniOzoneClusterImpl-68e31327-6f0a-47ff-9789-fe3f4972a3d5/datanode-2/data/ratis/fb709eeb-1c69-47ee-9436-f89d41993458 has been successfully formatted.
2019-09-27 09:21:29,012 [pool-407-thread-1] INFO  ratis.ContainerStateMachine (ContainerStateMachine.java:loadSnapshot(230)) - group-F89D41993458: The snapshot info is null. Setting the last applied indexto:(t:0, i:~)
2019-09-27 09:21:29,012 [pool-407-thread-1] INFO  server.RaftServerConfigKeys (ConfUtils.java:logGet(43)) - raft.server.notification.no-leader.timeout = 120s (custom)
2019-09-27 09:21:29,012 [pool-407-thread-1] INFO  server.RaftServerConfigKeys (ConfUtils.java:logGet(43)) - raft.server.log.use.memory = false (default)
2019-09-27 09:21:29,013 [pool-407-thread-1] INFO  server.RaftServerConfigKeys (ConfUtils.java:logGet(43)) - raft.server.log.purge.gap = 1000000 (custom)
2019-09-27 09:21:29,013 [pool-407-thread-1] INFO  server.RaftServerConfigKeys (ConfUtils.java:logGet(43)) - raft.server.log.appender.buffer.byte-limit = 33554432 (custom)
2019-09-27 09:21:29,013 [pool-407-thread-1] INFO  server.RaftServerConfigKeys (ConfUtils.java:logGet(43)) - raft.server.log.segment.size.max = 1048576 (custom)
2019-09-27 09:21:29,013 [pool-407-thread-1] INFO  server.RaftServerConfigKeys (ConfUtils.java:logGet(43)) - raft.server.log.segment.cache.num.max = 2 (custom)
2019-09-27 09:21:29,013 [pool-407-thread-1] INFO  segmented.SegmentedRaftLogWorker (SegmentedRaftLogWorker.java:<init>(172)) - new 6dd4b024-258e-4435-a177-4ad68e7047f2@group-F89D41993458-SegmentedRaftLogWorker for RaftStorage:Storage Directory /workdir/hadoop-ozone/integration-test/target/test-dir/MiniOzoneClusterImpl-68e31327-6f0a-47ff-9789-fe3f4972a3d5/datanode-2/data/ratis/fb709eeb-1c69-47ee-9436-f89d41993458
2019-09-27 09:21:29,014 [pool-407-thread-1] INFO  server.RaftServerConfigKeys (ConfUtils.java:logGet(43)) - raft.server.log.queue.byte-limit = 2147483647 (custom)
2019-09-27 09:21:29,014 [pool-407-thread-1] INFO  server.RaftServerConfigKeys (ConfUtils.java:logGet(43)) - raft.server.log.queue.element-limit = 1024 (custom)
2019-09-27 09:21:29,015 [pool-407-thread-1] INFO  server.RaftServerConfigKeys (ConfUtils.java:logGet(43)) - raft.server.log.segment.size.max = 1048576 (custom)
2019-09-27 09:21:29,015 [pool-407-thread-1] INFO  server.RaftServerConfigKeys (ConfUtils.java:logGet(43)) - raft.server.log.preallocated.size = 16384 (custom)
2019-09-27 09:21:29,015 [pool-407-thread-1] INFO  server.RaftServerConfigKeys (ConfUtils.java:logGet(43)) - raft.server.log.write.buffer.size = 33554432 (custom)
2019-09-27 09:21:29,015 [pool-407-thread-1] INFO  server.RaftServerConfigKeys (ConfUtils.java:logGet(43)) - raft.server.log.force.sync.num = 128 (default)
2019-09-27 09:21:29,015 [pool-407-thread-1] INFO  server.RaftServerConfigKeys (ConfUtils.java:logGet(43)) - raft.server.log.statemachine.data.sync = true (default)
2019-09-27 09:21:29,015 [pool-407-thread-1] INFO  server.RaftServerConfigKeys (ConfUtils.java:logGet(43)) - raft.server.log.statemachine.data.sync.timeout = 10s (default)
2019-09-27 09:21:29,015 [pool-407-thread-1] INFO  server.RaftServerConfigKeys (ConfUtils.java:logGet(43)) - raft.server.log.statemachine.data.sync.timeout.retry = -1 (default)
2019-09-27 09:21:29,016 [pool-407-thread-1] INFO  server.RaftServerConfigKeys (ConfUtils.java:logGet(43)) - raft.server.log.statemachine.data.caching.enabled = true (custom)
2019-09-27 09:21:29,016 [pool-407-thread-1] INFO  segmented.SegmentedRaftLogWorker (SegmentedRaftLogWorker.java:lambda$new$0(132)) - 6dd4b024-258e-4435-a177-4ad68e7047f2@group-F89D41993458-SegmentedRaftLogWorker: flushIndex: setUnconditionally 0 -> -1
2019-09-27 09:21:29,016 [pool-407-thread-1] INFO  server.RaftServerConfigKeys (ConfUtils.java:logGet(43)) - raft.server.snapshot.auto.trigger.enabled = true (custom)
2019-09-27 09:21:29,016 [pool-407-thread-1] INFO  server.RaftServerConfigKeys (ConfUtils.java:logGet(43)) - raft.server.snapshot.auto.trigger.threshold = 10000 (custom)
2019-09-27 09:21:29,017 [pool-407-thread-1] INFO  server.RaftServerConfigKeys (ConfUtils.java:logGet(43)) - raft.server.snapshot.retention.num.files = 5 (custom)
2019-09-27 09:21:29,017 [pool-407-thread-1] INFO  server.RaftServerConfigKeys (ConfUtils.java:logGet(43)) - raft.server.retrycache.expirytime = 600000ms (custom)
2019-09-27 09:21:29,018 [pool-407-thread-1] INFO  impl.RaftServerImpl (RaftServerImpl.java:start(185)) - 6dd4b024-258e-4435-a177-4ad68e7047f2@group-F89D41993458: start as a follower, conf=-1: [6dd4b024-258e-4435-a177-4ad68e7047f2:192.168.151.103:45014], old=null
2019-09-27 09:21:29,018 [pool-407-thread-1] INFO  impl.RaftServerImpl (RaftServerImpl.java:setRole(174)) - 6dd4b024-258e-4435-a177-4ad68e7047f2@group-F89D41993458: changes role from      null to FOLLOWER at term 0 for startAsFollower
2019-09-27 09:21:29,018 [pool-407-thread-1] INFO  impl.RoleInfo (RoleInfo.java:updateAndGet(143)) - 6dd4b024-258e-4435-a177-4ad68e7047f2: start FollowerState
2019-09-27 09:21:29,019 [pool-407-thread-1] INFO  util.JmxRegister (JmxRegister.java:tryRegister(44)) - Successfully registered JMX Bean with object name Ratis:service=RaftServer,group=group-F89D41993458,id=6dd4b024-258e-4435-a177-4ad68e7047f2
2019-09-27 09:21:29,023 [IPC Server handler 6 on 45987] INFO  net.NetworkTopology (NetworkTopologyImpl.java:add(111)) - Added a new node: /rack1/692a0e7c-3695-46c2-84c2-73657d75aae6
2019-09-27 09:21:29,023 [IPC Server handler 6 on 45987] INFO  node.SCMNodeManager (SCMNodeManager.java:register(266)) - Registered Data node : 692a0e7c-3695-46c2-84c2-73657d75aae6{ip: 192.168.151.103, host: pr-hdds2162-4fxhj-20988671, networkLocation: /rack1, certSerialId: null}
2019-09-27 09:21:29,024 [RatisPipelineUtilsThread] INFO  pipeline.PipelineStateManager (PipelineStateManager.java:addPipeline(56)) - Created pipeline Pipeline[ Id: fb709eeb-1c69-47ee-9436-f89d41993458, Nodes: 6dd4b024-258e-4435-a177-4ad68e7047f2{ip: 192.168.151.103, host: pr-hdds2162-4fxhj-20988671, networkLocation: /rack1, certSerialId: null}, Type:RATIS, Factor:ONE, State:OPEN]
2019-09-27 09:21:29,031 [grpc-default-executor-0] INFO  impl.RaftServerProxy (RaftServerProxy.java:addNew(89)) - 692a0e7c-3695-46c2-84c2-73657d75aae6: addNew group-F02E2B629727:[692a0e7c-3695-46c2-84c2-73657d75aae6:192.168.151.103:36657] returns group-F02E2B629727:java.util.concurrent.CompletableFuture@416756bb[Not completed]
2019-09-27 09:21:29,032 [pool-417-thread-1] INFO  impl.RaftServerImpl (RaftServerImpl.java:<init>(95)) - 692a0e7c-3695-46c2-84c2-73657d75aae6: new RaftServerImpl for group-F02E2B629727:[692a0e7c-3695-46c2-84c2-73657d75aae6:192.168.151.103:36657] with ContainerStateMachine:uninitialized
2019-09-27 09:21:29,032 [pool-417-thread-1] INFO  server.RaftServerConfigKeys (ConfUtils.java:logGet(43)) - raft.server.rpc.timeout.min = 1s (custom)
2019-09-27 09:21:29,032 [pool-417-thread-1] INFO  server.RaftServerConfigKeys (ConfUtils.java:logGet(43)) - raft.server.rpc.timeout.max = 1200ms (custom)
2019-09-27 09:21:29,033 [pool-417-thread-1] INFO  server.RaftServerConfigKeys (ConfUtils.java:logGet(43)) - raft.server.rpcslowness.timeout = 120s (custom)
2019-09-27 09:21:29,033 [pool-417-thread-1] INFO  server.RaftServerConfigKeys (ConfUtils.java:logGet(43)) - raft.server.sleep.deviation.threshold = 300 (default)
2019-09-27 09:21:29,033 [pool-417-thread-1] INFO  server.RaftServerConfigKeys (ConfUtils.java:logGet(43)) - raft.server.log.appender.install.snapshot.enabled = false (custom)
2019-09-27 09:21:29,033 [pool-417-thread-1] INFO  impl.RaftServerImpl (ServerState.java:<init>(103)) - 692a0e7c-3695-46c2-84c2-73657d75aae6@group-F02E2B629727: ConfigurationManager, init=-1: [692a0e7c-3695-46c2-84c2-73657d75aae6:192.168.151.103:36657], old=null, confs=<EMPTY_MAP>
2019-09-27 09:21:29,033 [pool-417-thread-1] INFO  server.RaftServerConfigKeys (ConfUtils.java:logGet(43)) - raft.server.storage.dir = [/workdir/hadoop-ozone/integration-test/target/test-dir/MiniOzoneClusterImpl-68e31327-6f0a-47ff-9789-fe3f4972a3d5/datanode-3/data/ratis] (custom)
2019-09-27 09:21:29,034 [pool-417-thread-1] INFO  storage.RaftStorageDirectory (RaftStorageDirectory.java:analyzeStorage(246)) - The storage directory /workdir/hadoop-ozone/integration-test/target/test-dir/MiniOzoneClusterImpl-68e31327-6f0a-47ff-9789-fe3f4972a3d5/datanode-3/data/ratis/9a3ad896-e5a8-4ca3-bfe9-f02e2b629727 does not exist. Creating ...
2019-09-27 09:21:29,046 [pool-417-thread-1] INFO  storage.RaftStorageDirectory (RaftStorageDirectory.java:tryLock(328)) - Lock on /workdir/hadoop-ozone/integration-test/target/test-dir/MiniOzoneClusterImpl-68e31327-6f0a-47ff-9789-fe3f4972a3d5/datanode-3/data/ratis/9a3ad896-e5a8-4ca3-bfe9-f02e2b629727/in_use.lock acquired by nodename 29571@pr-hdds2162-4fxhj-20988671
2019-09-27 09:21:29,060 [pool-417-thread-1] INFO  storage.RaftStorage (RaftStorage.java:format(72)) - Storage directory /workdir/hadoop-ozone/integration-test/target/test-dir/MiniOzoneClusterImpl-68e31327-6f0a-47ff-9789-fe3f4972a3d5/datanode-3/data/ratis/9a3ad896-e5a8-4ca3-bfe9-f02e2b629727 has been successfully formatted.
2019-09-27 09:21:29,060 [pool-417-thread-1] INFO  ratis.ContainerStateMachine (ContainerStateMachine.java:loadSnapshot(230)) - group-F02E2B629727: The snapshot info is null. Setting the last applied indexto:(t:0, i:~)
2019-09-27 09:21:29,060 [pool-417-thread-1] INFO  server.RaftServerConfigKeys (ConfUtils.java:logGet(43)) - raft.server.notification.no-leader.timeout = 120s (custom)
2019-09-27 09:21:29,061 [pool-417-thread-1] INFO  server.RaftServerConfigKeys (ConfUtils.java:logGet(43)) - raft.server.log.use.memory = false (default)
2019-09-27 09:21:29,061 [pool-417-thread-1] INFO  server.RaftServerConfigKeys (ConfUtils.java:logGet(43)) - raft.server.log.purge.gap = 1000000 (custom)
2019-09-27 09:21:29,061 [pool-417-thread-1] INFO  server.RaftServerConfigKeys (ConfUtils.java:logGet(43)) - raft.server.log.appender.buffer.byte-limit = 33554432 (custom)
2019-09-27 09:21:29,061 [pool-417-thread-1] INFO  server.RaftServerConfigKeys (ConfUtils.java:logGet(43)) - raft.server.log.segment.size.max = 1048576 (custom)
2019-09-27 09:21:29,061 [pool-417-thread-1] INFO  server.RaftServerConfigKeys (ConfUtils.java:logGet(43)) - raft.server.log.segment.cache.num.max = 2 (custom)
2019-09-27 09:21:29,061 [pool-417-thread-1] INFO  segmented.SegmentedRaftLogWorker (SegmentedRaftLogWorker.java:<init>(172)) - new 692a0e7c-3695-46c2-84c2-73657d75aae6@group-F02E2B629727-SegmentedRaftLogWorker for RaftStorage:Storage Directory /workdir/hadoop-ozone/integration-test/target/test-dir/MiniOzoneClusterImpl-68e31327-6f0a-47ff-9789-fe3f4972a3d5/datanode-3/data/ratis/9a3ad896-e5a8-4ca3-bfe9-f02e2b629727
2019-09-27 09:21:29,063 [pool-417-thread-1] INFO  server.RaftServerConfigKeys (ConfUtils.java:logGet(43)) - raft.server.log.queue.byte-limit = 2147483647 (custom)
2019-09-27 09:21:29,063 [pool-417-thread-1] INFO  server.RaftServerConfigKeys (ConfUtils.java:logGet(43)) - raft.server.log.queue.element-limit = 1024 (custom)
2019-09-27 09:21:29,063 [pool-417-thread-1] INFO  server.RaftServerConfigKeys (ConfUtils.java:logGet(43)) - raft.server.log.segment.size.max = 1048576 (custom)
2019-09-27 09:21:29,064 [pool-417-thread-1] INFO  server.RaftServerConfigKeys (ConfUtils.java:logGet(43)) - raft.server.log.preallocated.size = 16384 (custom)
2019-09-27 09:21:29,064 [pool-417-thread-1] INFO  server.RaftServerConfigKeys (ConfUtils.java:logGet(43)) - raft.server.log.write.buffer.size = 33554432 (custom)
2019-09-27 09:21:29,064 [pool-417-thread-1] INFO  server.RaftServerConfigKeys (ConfUtils.java:logGet(43)) - raft.server.log.force.sync.num = 128 (default)
2019-09-27 09:21:29,064 [pool-417-thread-1] INFO  server.RaftServerConfigKeys (ConfUtils.java:logGet(43)) - raft.server.log.statemachine.data.sync = true (default)
2019-09-27 09:21:29,064 [pool-417-thread-1] INFO  server.RaftServerConfigKeys (ConfUtils.java:logGet(43)) - raft.server.log.statemachine.data.sync.timeout = 10s (default)
2019-09-27 09:21:29,064 [pool-417-thread-1] INFO  server.RaftServerConfigKeys (ConfUtils.java:logGet(43)) - raft.server.log.statemachine.data.sync.timeout.retry = -1 (default)
2019-09-27 09:21:29,065 [pool-417-thread-1] INFO  server.RaftServerConfigKeys (ConfUtils.java:logGet(43)) - raft.server.log.statemachine.data.caching.enabled = true (custom)
2019-09-27 09:21:29,065 [pool-417-thread-1] INFO  segmented.SegmentedRaftLogWorker (SegmentedRaftLogWorker.java:lambda$new$0(132)) - 692a0e7c-3695-46c2-84c2-73657d75aae6@group-F02E2B629727-SegmentedRaftLogWorker: flushIndex: setUnconditionally 0 -> -1
2019-09-27 09:21:29,065 [pool-417-thread-1] INFO  server.RaftServerConfigKeys (ConfUtils.java:logGet(43)) - raft.server.snapshot.auto.trigger.enabled = true (custom)
2019-09-27 09:21:29,065 [pool-417-thread-1] INFO  server.RaftServerConfigKeys (ConfUtils.java:logGet(43)) - raft.server.snapshot.auto.trigger.threshold = 10000 (custom)
2019-09-27 09:21:29,066 [pool-417-thread-1] INFO  server.RaftServerConfigKeys (ConfUtils.java:logGet(43)) - raft.server.snapshot.retention.num.files = 5 (custom)
2019-09-27 09:21:29,066 [pool-417-thread-1] INFO  server.RaftServerConfigKeys (ConfUtils.java:logGet(43)) - raft.server.retrycache.expirytime = 600000ms (custom)
2019-09-27 09:21:29,067 [pool-417-thread-1] INFO  impl.RaftServerImpl (RaftServerImpl.java:start(185)) - 692a0e7c-3695-46c2-84c2-73657d75aae6@group-F02E2B629727: start as a follower, conf=-1: [692a0e7c-3695-46c2-84c2-73657d75aae6:192.168.151.103:36657], old=null
2019-09-27 09:21:29,068 [pool-417-thread-1] INFO  impl.RaftServerImpl (RaftServerImpl.java:setRole(174)) - 692a0e7c-3695-46c2-84c2-73657d75aae6@group-F02E2B629727: changes role from      null to FOLLOWER at term 0 for startAsFollower
2019-09-27 09:21:29,068 [pool-417-thread-1] INFO  impl.RoleInfo (RoleInfo.java:updateAndGet(143)) - 692a0e7c-3695-46c2-84c2-73657d75aae6: start FollowerState
2019-09-27 09:21:29,068 [pool-417-thread-1] INFO  util.JmxRegister (JmxRegister.java:tryRegister(44)) - Successfully registered JMX Bean with object name Ratis:service=RaftServer,group=group-F02E2B629727,id=692a0e7c-3695-46c2-84c2-73657d75aae6
2019-09-27 09:21:29,073 [RatisPipelineUtilsThread] INFO  pipeline.PipelineStateManager (PipelineStateManager.java:addPipeline(56)) - Created pipeline Pipeline[ Id: 9a3ad896-e5a8-4ca3-bfe9-f02e2b629727, Nodes: 692a0e7c-3695-46c2-84c2-73657d75aae6{ip: 192.168.151.103, host: pr-hdds2162-4fxhj-20988671, networkLocation: /rack1, certSerialId: null}, Type:RATIS, Factor:ONE, State:OPEN]
2019-09-27 09:21:29,098 [grpc-default-executor-1] INFO  impl.RaftServerProxy (RaftServerProxy.java:addNew(89)) - 692a0e7c-3695-46c2-84c2-73657d75aae6: addNew group-498546036227:[cbebfacb-c89d-4e0c-ae63-1a234181ea6b:192.168.151.103:37470, 6dd4b024-258e-4435-a177-4ad68e7047f2:192.168.151.103:45014, 692a0e7c-3695-46c2-84c2-73657d75aae6:192.168.151.103:36657] returns group-498546036227:java.util.concurrent.CompletableFuture@3837edf4[Not completed]
2019-09-27 09:21:29,098 [grpc-default-executor-2] INFO  impl.RaftServerProxy (RaftServerProxy.java:addNew(89)) - 6dd4b024-258e-4435-a177-4ad68e7047f2: addNew group-498546036227:[cbebfacb-c89d-4e0c-ae63-1a234181ea6b:192.168.151.103:37470, 6dd4b024-258e-4435-a177-4ad68e7047f2:192.168.151.103:45014, 692a0e7c-3695-46c2-84c2-73657d75aae6:192.168.151.103:36657] returns group-498546036227:java.util.concurrent.CompletableFuture@5160ae07[Not completed]
2019-09-27 09:21:29,098 [grpc-default-executor-0] INFO  impl.RaftServerProxy (RaftServerProxy.java:addNew(89)) - cbebfacb-c89d-4e0c-ae63-1a234181ea6b: addNew group-498546036227:[cbebfacb-c89d-4e0c-ae63-1a234181ea6b:192.168.151.103:37470, 6dd4b024-258e-4435-a177-4ad68e7047f2:192.168.151.103:45014, 692a0e7c-3695-46c2-84c2-73657d75aae6:192.168.151.103:36657] returns group-498546036227:java.util.concurrent.CompletableFuture@11067c[Not completed]
2019-09-27 09:21:29,099 [pool-417-thread-1] INFO  impl.RaftServerImpl (RaftServerImpl.java:<init>(95)) - 692a0e7c-3695-46c2-84c2-73657d75aae6: new RaftServerImpl for group-498546036227:[cbebfacb-c89d-4e0c-ae63-1a234181ea6b:192.168.151.103:37470, 6dd4b024-258e-4435-a177-4ad68e7047f2:192.168.151.103:45014, 692a0e7c-3695-46c2-84c2-73657d75aae6:192.168.151.103:36657] with ContainerStateMachine:uninitialized
2019-09-27 09:21:29,099 [pool-417-thread-1] INFO  server.RaftServerConfigKeys (ConfUtils.java:logGet(43)) - raft.server.rpc.timeout.min = 1s (custom)
2019-09-27 09:21:29,100 [pool-417-thread-1] INFO  server.RaftServerConfigKeys (ConfUtils.java:logGet(43)) - raft.server.rpc.timeout.max = 1200ms (custom)
2019-09-27 09:21:29,100 [pool-387-thread-1] INFO  impl.RaftServerImpl (RaftServerImpl.java:<init>(95)) - cbebfacb-c89d-4e0c-ae63-1a234181ea6b: new RaftServerImpl for group-498546036227:[cbebfacb-c89d-4e0c-ae63-1a234181ea6b:192.168.151.103:37470, 6dd4b024-258e-4435-a177-4ad68e7047f2:192.168.151.103:45014, 692a0e7c-3695-46c2-84c2-73657d75aae6:192.168.151.103:36657] with ContainerStateMachine:uninitialized
2019-09-27 09:21:29,100 [pool-417-thread-1] INFO  server.RaftServerConfigKeys (ConfUtils.java:logGet(43)) - raft.server.rpcslowness.timeout = 120s (custom)
2019-09-27 09:21:29,100 [pool-387-thread-1] INFO  server.RaftServerConfigKeys (ConfUtils.java:logGet(43)) - raft.server.rpc.timeout.min = 1s (custom)
2019-09-27 09:21:29,100 [pool-417-thread-1] INFO  server.RaftServerConfigKeys (ConfUtils.java:logGet(43)) - raft.server.sleep.deviation.threshold = 300 (default)
2019-09-27 09:21:29,100 [pool-407-thread-1] INFO  impl.RaftServerImpl (RaftServerImpl.java:<init>(95)) - 6dd4b024-258e-4435-a177-4ad68e7047f2: new RaftServerImpl for group-498546036227:[cbebfacb-c89d-4e0c-ae63-1a234181ea6b:192.168.151.103:37470, 6dd4b024-258e-4435-a177-4ad68e7047f2:192.168.151.103:45014, 692a0e7c-3695-46c2-84c2-73657d75aae6:192.168.151.103:36657] with ContainerStateMachine:uninitialized
2019-09-27 09:21:29,100 [pool-387-thread-1] INFO  server.RaftServerConfigKeys (ConfUtils.java:logGet(43)) - raft.server.rpc.timeout.max = 1200ms (custom)
2019-09-27 09:21:29,100 [pool-407-thread-1] INFO  server.RaftServerConfigKeys (ConfUtils.java:logGet(43)) - raft.server.rpc.timeout.min = 1s (custom)
2019-09-27 09:21:29,101 [pool-407-thread-1] INFO  server.RaftServerConfigKeys (ConfUtils.java:logGet(43)) - raft.server.rpc.timeout.max = 1200ms (custom)
2019-09-27 09:21:29,100 [pool-417-thread-1] INFO  server.RaftServerConfigKeys (ConfUtils.java:logGet(43)) - raft.server.log.appender.install.snapshot.enabled = false (custom)
2019-09-27 09:21:29,101 [pool-407-thread-1] INFO  server.RaftServerConfigKeys (ConfUtils.java:logGet(43)) - raft.server.rpcslowness.timeout = 120s (custom)
2019-09-27 09:21:29,101 [pool-387-thread-1] INFO  server.RaftServerConfigKeys (ConfUtils.java:logGet(43)) - raft.server.rpcslowness.timeout = 120s (custom)
2019-09-27 09:21:29,101 [pool-407-thread-1] INFO  server.RaftServerConfigKeys (ConfUtils.java:logGet(43)) - raft.server.sleep.deviation.threshold = 300 (default)
2019-09-27 09:21:29,101 [pool-407-thread-1] INFO  server.RaftServerConfigKeys (ConfUtils.java:logGet(43)) - raft.server.log.appender.install.snapshot.enabled = false (custom)
2019-09-27 09:21:29,101 [pool-417-thread-1] INFO  impl.RaftServerImpl (ServerState.java:<init>(103)) - 692a0e7c-3695-46c2-84c2-73657d75aae6@group-498546036227: ConfigurationManager, init=-1: [cbebfacb-c89d-4e0c-ae63-1a234181ea6b:192.168.151.103:37470, 6dd4b024-258e-4435-a177-4ad68e7047f2:192.168.151.103:45014, 692a0e7c-3695-46c2-84c2-73657d75aae6:192.168.151.103:36657], old=null, confs=<EMPTY_MAP>
2019-09-27 09:21:29,102 [pool-407-thread-1] INFO  impl.RaftServerImpl (ServerState.java:<init>(103)) - 6dd4b024-258e-4435-a177-4ad68e7047f2@group-498546036227: ConfigurationManager, init=-1: [cbebfacb-c89d-4e0c-ae63-1a234181ea6b:192.168.151.103:37470, 6dd4b024-258e-4435-a177-4ad68e7047f2:192.168.151.103:45014, 692a0e7c-3695-46c2-84c2-73657d75aae6:192.168.151.103:36657], old=null, confs=<EMPTY_MAP>
2019-09-27 09:21:29,101 [pool-387-thread-1] INFO  server.RaftServerConfigKeys (ConfUtils.java:logGet(43)) - raft.server.sleep.deviation.threshold = 300 (default)
2019-09-27 09:21:29,102 [pool-407-thread-1] INFO  server.RaftServerConfigKeys (ConfUtils.java:logGet(43)) - raft.server.storage.dir = [/workdir/hadoop-ozone/integration-test/target/test-dir/MiniOzoneClusterImpl-68e31327-6f0a-47ff-9789-fe3f4972a3d5/datanode-2/data/ratis] (custom)
2019-09-27 09:21:29,102 [pool-417-thread-1] INFO  server.RaftServerConfigKeys (ConfUtils.java:logGet(43)) - raft.server.storage.dir = [/workdir/hadoop-ozone/integration-test/target/test-dir/MiniOzoneClusterImpl-68e31327-6f0a-47ff-9789-fe3f4972a3d5/datanode-3/data/ratis] (custom)
2019-09-27 09:21:29,102 [pool-387-thread-1] INFO  server.RaftServerConfigKeys (ConfUtils.java:logGet(43)) - raft.server.log.appender.install.snapshot.enabled = false (custom)
2019-09-27 09:21:29,102 [pool-407-thread-1] INFO  storage.RaftStorageDirectory (RaftStorageDirectory.java:analyzeStorage(246)) - The storage directory /workdir/hadoop-ozone/integration-test/target/test-dir/MiniOzoneClusterImpl-68e31327-6f0a-47ff-9789-fe3f4972a3d5/datanode-2/data/ratis/57abd842-6cac-44b5-8687-498546036227 does not exist. Creating ...
2019-09-27 09:21:29,103 [pool-417-thread-1] INFO  storage.RaftStorageDirectory (RaftStorageDirectory.java:analyzeStorage(246)) - The storage directory /workdir/hadoop-ozone/integration-test/target/test-dir/MiniOzoneClusterImpl-68e31327-6f0a-47ff-9789-fe3f4972a3d5/datanode-3/data/ratis/57abd842-6cac-44b5-8687-498546036227 does not exist. Creating ...
2019-09-27 09:21:29,103 [pool-387-thread-1] INFO  impl.RaftServerImpl (ServerState.java:<init>(103)) - cbebfacb-c89d-4e0c-ae63-1a234181ea6b@group-498546036227: ConfigurationManager, init=-1: [cbebfacb-c89d-4e0c-ae63-1a234181ea6b:192.168.151.103:37470, 6dd4b024-258e-4435-a177-4ad68e7047f2:192.168.151.103:45014, 692a0e7c-3695-46c2-84c2-73657d75aae6:192.168.151.103:36657], old=null, confs=<EMPTY_MAP>
2019-09-27 09:21:29,103 [pool-387-thread-1] INFO  server.RaftServerConfigKeys (ConfUtils.java:logGet(43)) - raft.server.storage.dir = [/workdir/hadoop-ozone/integration-test/target/test-dir/MiniOzoneClusterImpl-68e31327-6f0a-47ff-9789-fe3f4972a3d5/datanode-0/data/ratis] (custom)
2019-09-27 09:21:29,103 [pool-387-thread-1] INFO  storage.RaftStorageDirectory (RaftStorageDirectory.java:analyzeStorage(246)) - The storage directory /workdir/hadoop-ozone/integration-test/target/test-dir/MiniOzoneClusterImpl-68e31327-6f0a-47ff-9789-fe3f4972a3d5/datanode-0/data/ratis/57abd842-6cac-44b5-8687-498546036227 does not exist. Creating ...
2019-09-27 09:21:29,110 [IPC Server handler 7 on 45987] INFO  net.NetworkTopology (NetworkTopologyImpl.java:add(111)) - Added a new node: /rack1/69eece0b-35aa-4c3f-ae5c-22aaa3245fe4
2019-09-27 09:21:29,110 [IPC Server handler 7 on 45987] INFO  node.SCMNodeManager (SCMNodeManager.java:register(266)) - Registered Data node : 69eece0b-35aa-4c3f-ae5c-22aaa3245fe4{ip: 192.168.151.103, host: pr-hdds2162-4fxhj-20988671, networkLocation: /rack1, certSerialId: null}
2019-09-27 09:21:29,117 [pool-417-thread-1] INFO  storage.RaftStorageDirectory (RaftStorageDirectory.java:tryLock(328)) - Lock on /workdir/hadoop-ozone/integration-test/target/test-dir/MiniOzoneClusterImpl-68e31327-6f0a-47ff-9789-fe3f4972a3d5/datanode-3/data/ratis/57abd842-6cac-44b5-8687-498546036227/in_use.lock acquired by nodename 29571@pr-hdds2162-4fxhj-20988671
2019-09-27 09:21:29,117 [pool-387-thread-1] INFO  storage.RaftStorageDirectory (RaftStorageDirectory.java:tryLock(328)) - Lock on /workdir/hadoop-ozone/integration-test/target/test-dir/MiniOzoneClusterImpl-68e31327-6f0a-47ff-9789-fe3f4972a3d5/datanode-0/data/ratis/57abd842-6cac-44b5-8687-498546036227/in_use.lock acquired by nodename 29571@pr-hdds2162-4fxhj-20988671
2019-09-27 09:21:29,117 [pool-407-thread-1] INFO  storage.RaftStorageDirectory (RaftStorageDirectory.java:tryLock(328)) - Lock on /workdir/hadoop-ozone/integration-test/target/test-dir/MiniOzoneClusterImpl-68e31327-6f0a-47ff-9789-fe3f4972a3d5/datanode-2/data/ratis/57abd842-6cac-44b5-8687-498546036227/in_use.lock acquired by nodename 29571@pr-hdds2162-4fxhj-20988671
2019-09-27 09:21:29,139 [pool-407-thread-1] INFO  storage.RaftStorage (RaftStorage.java:format(72)) - Storage directory /workdir/hadoop-ozone/integration-test/target/test-dir/MiniOzoneClusterImpl-68e31327-6f0a-47ff-9789-fe3f4972a3d5/datanode-2/data/ratis/57abd842-6cac-44b5-8687-498546036227 has been successfully formatted.
2019-09-27 09:21:29,139 [pool-417-thread-1] INFO  storage.RaftStorage (RaftStorage.java:format(72)) - Storage directory /workdir/hadoop-ozone/integration-test/target/test-dir/MiniOzoneClusterImpl-68e31327-6f0a-47ff-9789-fe3f4972a3d5/datanode-3/data/ratis/57abd842-6cac-44b5-8687-498546036227 has been successfully formatted.
2019-09-27 09:21:29,139 [pool-387-thread-1] INFO  storage.RaftStorage (RaftStorage.java:format(72)) - Storage directory /workdir/hadoop-ozone/integration-test/target/test-dir/MiniOzoneClusterImpl-68e31327-6f0a-47ff-9789-fe3f4972a3d5/datanode-0/data/ratis/57abd842-6cac-44b5-8687-498546036227 has been successfully formatted.
2019-09-27 09:21:29,140 [pool-417-thread-1] INFO  ratis.ContainerStateMachine (ContainerStateMachine.java:loadSnapshot(230)) - group-498546036227: The snapshot info is null. Setting the last applied indexto:(t:0, i:~)
2019-09-27 09:21:29,140 [pool-387-thread-1] INFO  ratis.ContainerStateMachine (ContainerStateMachine.java:loadSnapshot(230)) - group-498546036227: The snapshot info is null. Setting the last applied indexto:(t:0, i:~)
2019-09-27 09:21:29,140 [pool-407-thread-1] INFO  ratis.ContainerStateMachine (ContainerStateMachine.java:loadSnapshot(230)) - group-498546036227: The snapshot info is null. Setting the last applied indexto:(t:0, i:~)
2019-09-27 09:21:29,140 [pool-387-thread-1] INFO  server.RaftServerConfigKeys (ConfUtils.java:logGet(43)) - raft.server.notification.no-leader.timeout = 120s (custom)
2019-09-27 09:21:29,140 [pool-417-thread-1] INFO  server.RaftServerConfigKeys (ConfUtils.java:logGet(43)) - raft.server.notification.no-leader.timeout = 120s (custom)
2019-09-27 09:21:29,141 [pool-387-thread-1] INFO  server.RaftServerConfigKeys (ConfUtils.java:logGet(43)) - raft.server.log.use.memory = false (default)
2019-09-27 09:21:29,140 [pool-407-thread-1] INFO  server.RaftServerConfigKeys (ConfUtils.java:logGet(43)) - raft.server.notification.no-leader.timeout = 120s (custom)
2019-09-27 09:21:29,141 [pool-387-thread-1] INFO  server.RaftServerConfigKeys (ConfUtils.java:logGet(43)) - raft.server.log.purge.gap = 1000000 (custom)
2019-09-27 09:21:29,141 [pool-417-thread-1] INFO  server.RaftServerConfigKeys (ConfUtils.java:logGet(43)) - raft.server.log.use.memory = false (default)
2019-09-27 09:21:29,141 [pool-387-thread-1] INFO  server.RaftServerConfigKeys (ConfUtils.java:logGet(43)) - raft.server.log.appender.buffer.byte-limit = 33554432 (custom)
2019-09-27 09:21:29,142 [pool-387-thread-1] INFO  server.RaftServerConfigKeys (ConfUtils.java:logGet(43)) - raft.server.log.segment.size.max = 1048576 (custom)
2019-09-27 09:21:29,141 [pool-407-thread-1] INFO  server.RaftServerConfigKeys (ConfUtils.java:logGet(43)) - raft.server.log.use.memory = false (default)
2019-09-27 09:21:29,142 [pool-387-thread-1] INFO  server.RaftServerConfigKeys (ConfUtils.java:logGet(43)) - raft.server.log.segment.cache.num.max = 2 (custom)
2019-09-27 09:21:29,142 [pool-417-thread-1] INFO  server.RaftServerConfigKeys (ConfUtils.java:logGet(43)) - raft.server.log.purge.gap = 1000000 (custom)
2019-09-27 09:21:29,142 [pool-387-thread-1] INFO  segmented.SegmentedRaftLogWorker (SegmentedRaftLogWorker.java:<init>(172)) - new cbebfacb-c89d-4e0c-ae63-1a234181ea6b@group-498546036227-SegmentedRaftLogWorker for RaftStorage:Storage Directory /workdir/hadoop-ozone/integration-test/target/test-dir/MiniOzoneClusterImpl-68e31327-6f0a-47ff-9789-fe3f4972a3d5/datanode-0/data/ratis/57abd842-6cac-44b5-8687-498546036227
2019-09-27 09:21:29,142 [pool-407-thread-1] INFO  server.RaftServerConfigKeys (ConfUtils.java:logGet(43)) - raft.server.log.purge.gap = 1000000 (custom)
2019-09-27 09:21:29,143 [pool-387-thread-1] INFO  server.RaftServerConfigKeys (ConfUtils.java:logGet(43)) - raft.server.log.queue.byte-limit = 2147483647 (custom)
2019-09-27 09:21:29,142 [pool-417-thread-1] INFO  server.RaftServerConfigKeys (ConfUtils.java:logGet(43)) - raft.server.log.appender.buffer.byte-limit = 33554432 (custom)
2019-09-27 09:21:29,143 [pool-387-thread-1] INFO  server.RaftServerConfigKeys (ConfUtils.java:logGet(43)) - raft.server.log.queue.element-limit = 1024 (custom)
2019-09-27 09:21:29,143 [pool-407-thread-1] INFO  server.RaftServerConfigKeys (ConfUtils.java:logGet(43)) - raft.server.log.appender.buffer.byte-limit = 33554432 (custom)
2019-09-27 09:21:29,144 [pool-387-thread-1] INFO  server.RaftServerConfigKeys (ConfUtils.java:logGet(43)) - raft.server.log.segment.size.max = 1048576 (custom)
2019-09-27 09:21:29,143 [pool-417-thread-1] INFO  server.RaftServerConfigKeys (ConfUtils.java:logGet(43)) - raft.server.log.segment.size.max = 1048576 (custom)
2019-09-27 09:21:29,144 [pool-387-thread-1] INFO  server.RaftServerConfigKeys (ConfUtils.java:logGet(43)) - raft.server.log.preallocated.size = 16384 (custom)
2019-09-27 09:21:29,144 [pool-387-thread-1] INFO  server.RaftServerConfigKeys (ConfUtils.java:logGet(43)) - raft.server.log.write.buffer.size = 33554432 (custom)
2019-09-27 09:21:29,144 [pool-407-thread-1] INFO  server.RaftServerConfigKeys (ConfUtils.java:logGet(43)) - raft.server.log.segment.size.max = 1048576 (custom)
2019-09-27 09:21:29,144 [pool-387-thread-1] INFO  server.RaftServerConfigKeys (ConfUtils.java:logGet(43)) - raft.server.log.force.sync.num = 128 (default)
2019-09-27 09:21:29,144 [pool-417-thread-1] INFO  server.RaftServerConfigKeys (ConfUtils.java:logGet(43)) - raft.server.log.segment.cache.num.max = 2 (custom)
2019-09-27 09:21:29,145 [pool-387-thread-1] INFO  server.RaftServerConfigKeys (ConfUtils.java:logGet(43)) - raft.server.log.statemachine.data.sync = true (default)
2019-09-27 09:21:29,145 [pool-407-thread-1] INFO  server.RaftServerConfigKeys (ConfUtils.java:logGet(43)) - raft.server.log.segment.cache.num.max = 2 (custom)
2019-09-27 09:21:29,145 [pool-387-thread-1] INFO  server.RaftServerConfigKeys (ConfUtils.java:logGet(43)) - raft.server.log.statemachine.data.sync.timeout = 10s (default)
2019-09-27 09:21:29,145 [pool-417-thread-1] INFO  segmented.SegmentedRaftLogWorker (SegmentedRaftLogWorker.java:<init>(172)) - new 692a0e7c-3695-46c2-84c2-73657d75aae6@group-498546036227-SegmentedRaftLogWorker for RaftStorage:Storage Directory /workdir/hadoop-ozone/integration-test/target/test-dir/MiniOzoneClusterImpl-68e31327-6f0a-47ff-9789-fe3f4972a3d5/datanode-3/data/ratis/57abd842-6cac-44b5-8687-498546036227
2019-09-27 09:21:29,146 [pool-387-thread-1] INFO  server.RaftServerConfigKeys (ConfUtils.java:logGet(43)) - raft.server.log.statemachine.data.sync.timeout.retry = -1 (default)
2019-09-27 09:21:29,145 [pool-407-thread-1] INFO  segmented.SegmentedRaftLogWorker (SegmentedRaftLogWorker.java:<init>(172)) - new 6dd4b024-258e-4435-a177-4ad68e7047f2@group-498546036227-SegmentedRaftLogWorker for RaftStorage:Storage Directory /workdir/hadoop-ozone/integration-test/target/test-dir/MiniOzoneClusterImpl-68e31327-6f0a-47ff-9789-fe3f4972a3d5/datanode-2/data/ratis/57abd842-6cac-44b5-8687-498546036227
2019-09-27 09:21:29,146 [pool-387-thread-1] INFO  server.RaftServerConfigKeys (ConfUtils.java:logGet(43)) - raft.server.log.statemachine.data.caching.enabled = true (custom)
2019-09-27 09:21:29,146 [pool-417-thread-1] INFO  server.RaftServerConfigKeys (ConfUtils.java:logGet(43)) - raft.server.log.queue.byte-limit = 2147483647 (custom)
2019-09-27 09:21:29,146 [pool-407-thread-1] INFO  server.RaftServerConfigKeys (ConfUtils.java:logGet(43)) - raft.server.log.queue.byte-limit = 2147483647 (custom)
2019-09-27 09:21:29,147 [pool-387-thread-1] INFO  segmented.SegmentedRaftLogWorker (SegmentedRaftLogWorker.java:lambda$new$0(132)) - cbebfacb-c89d-4e0c-ae63-1a234181ea6b@group-498546036227-SegmentedRaftLogWorker: flushIndex: setUnconditionally 0 -> -1
2019-09-27 09:21:29,146 [pool-417-thread-1] INFO  server.RaftServerConfigKeys (ConfUtils.java:logGet(43)) - raft.server.log.queue.element-limit = 1024 (custom)
2019-09-27 09:21:29,147 [pool-407-thread-1] INFO  server.RaftServerConfigKeys (ConfUtils.java:logGet(43)) - raft.server.log.queue.element-limit = 1024 (custom)
2019-09-27 09:21:29,147 [pool-417-thread-1] INFO  server.RaftServerConfigKeys (ConfUtils.java:logGet(43)) - raft.server.log.segment.size.max = 1048576 (custom)
2019-09-27 09:21:29,147 [pool-387-thread-1] INFO  server.RaftServerConfigKeys (ConfUtils.java:logGet(43)) - raft.server.snapshot.auto.trigger.enabled = true (custom)
2019-09-27 09:21:29,147 [pool-417-thread-1] INFO  server.RaftServerConfigKeys (ConfUtils.java:logGet(43)) - raft.server.log.preallocated.size = 16384 (custom)
2019-09-27 09:21:29,148 [pool-417-thread-1] INFO  server.RaftServerConfigKeys (ConfUtils.java:logGet(43)) - raft.server.log.write.buffer.size = 33554432 (custom)
2019-09-27 09:21:29,147 [pool-407-thread-1] INFO  server.RaftServerConfigKeys (ConfUtils.java:logGet(43)) - raft.server.log.segment.size.max = 1048576 (custom)
2019-09-27 09:21:29,148 [pool-417-thread-1] INFO  server.RaftServerConfigKeys (ConfUtils.java:logGet(43)) - raft.server.log.force.sync.num = 128 (default)
2019-09-27 09:21:29,148 [pool-387-thread-1] INFO  server.RaftServerConfigKeys (ConfUtils.java:logGet(43)) - raft.server.snapshot.auto.trigger.threshold = 10000 (custom)
2019-09-27 09:21:29,148 [pool-417-thread-1] INFO  server.RaftServerConfigKeys (ConfUtils.java:logGet(43)) - raft.server.log.statemachine.data.sync = true (default)
2019-09-27 09:21:29,148 [pool-407-thread-1] INFO  server.RaftServerConfigKeys (ConfUtils.java:logGet(43)) - raft.server.log.preallocated.size = 16384 (custom)
2019-09-27 09:21:29,149 [pool-417-thread-1] INFO  server.RaftServerConfigKeys (ConfUtils.java:logGet(43)) - raft.server.log.statemachine.data.sync.timeout = 10s (default)
2019-09-27 09:21:29,148 [pool-387-thread-1] INFO  server.RaftServerConfigKeys (ConfUtils.java:logGet(43)) - raft.server.snapshot.retention.num.files = 5 (custom)
2019-09-27 09:21:29,149 [pool-417-thread-1] INFO  server.RaftServerConfigKeys (ConfUtils.java:logGet(43)) - raft.server.log.statemachine.data.sync.timeout.retry = -1 (default)
2019-09-27 09:21:29,149 [pool-407-thread-1] INFO  server.RaftServerConfigKeys (ConfUtils.java:logGet(43)) - raft.server.log.write.buffer.size = 33554432 (custom)
2019-09-27 09:21:29,149 [pool-417-thread-1] INFO  server.RaftServerConfigKeys (ConfUtils.java:logGet(43)) - raft.server.log.statemachine.data.caching.enabled = true (custom)
2019-09-27 09:21:29,149 [pool-387-thread-1] INFO  server.RaftServerConfigKeys (ConfUtils.java:logGet(43)) - raft.server.retrycache.expirytime = 600000ms (custom)
2019-09-27 09:21:29,150 [pool-417-thread-1] INFO  segmented.SegmentedRaftLogWorker (SegmentedRaftLogWorker.java:lambda$new$0(132)) - 692a0e7c-3695-46c2-84c2-73657d75aae6@group-498546036227-SegmentedRaftLogWorker: flushIndex: setUnconditionally 0 -> -1
2019-09-27 09:21:29,149 [pool-407-thread-1] INFO  server.RaftServerConfigKeys (ConfUtils.java:logGet(43)) - raft.server.log.force.sync.num = 128 (default)
2019-09-27 09:21:29,150 [pool-407-thread-1] INFO  server.RaftServerConfigKeys (ConfUtils.java:logGet(43)) - raft.server.log.statemachine.data.sync = true (default)
2019-09-27 09:21:29,150 [pool-417-thread-1] INFO  server.RaftServerConfigKeys (ConfUtils.java:logGet(43)) - raft.server.snapshot.auto.trigger.enabled = true (custom)
2019-09-27 09:21:29,150 [pool-407-thread-1] INFO  server.RaftServerConfigKeys (ConfUtils.java:logGet(43)) - raft.server.log.statemachine.data.sync.timeout = 10s (default)
2019-09-27 09:21:29,150 [pool-417-thread-1] INFO  server.RaftServerConfigKeys (ConfUtils.java:logGet(43)) - raft.server.snapshot.auto.trigger.threshold = 10000 (custom)
2019-09-27 09:21:29,151 [pool-407-thread-1] INFO  server.RaftServerConfigKeys (ConfUtils.java:logGet(43)) - raft.server.log.statemachine.data.sync.timeout.retry = -1 (default)
2019-09-27 09:21:29,151 [pool-417-thread-1] INFO  server.RaftServerConfigKeys (ConfUtils.java:logGet(43)) - raft.server.snapshot.retention.num.files = 5 (custom)
2019-09-27 09:21:29,151 [pool-407-thread-1] INFO  server.RaftServerConfigKeys (ConfUtils.java:logGet(43)) - raft.server.log.statemachine.data.caching.enabled = true (custom)
2019-09-27 09:21:29,151 [pool-417-thread-1] INFO  server.RaftServerConfigKeys (ConfUtils.java:logGet(43)) - raft.server.retrycache.expirytime = 600000ms (custom)
2019-09-27 09:21:29,151 [pool-407-thread-1] INFO  segmented.SegmentedRaftLogWorker (SegmentedRaftLogWorker.java:lambda$new$0(132)) - 6dd4b024-258e-4435-a177-4ad68e7047f2@group-498546036227-SegmentedRaftLogWorker: flushIndex: setUnconditionally 0 -> -1
2019-09-27 09:21:29,152 [pool-407-thread-1] INFO  server.RaftServerConfigKeys (ConfUtils.java:logGet(43)) - raft.server.snapshot.auto.trigger.enabled = true (custom)
2019-09-27 09:21:29,152 [pool-387-thread-1] INFO  impl.RaftServerImpl (RaftServerImpl.java:start(185)) - cbebfacb-c89d-4e0c-ae63-1a234181ea6b@group-498546036227: start as a follower, conf=-1: [cbebfacb-c89d-4e0c-ae63-1a234181ea6b:192.168.151.103:37470, 6dd4b024-258e-4435-a177-4ad68e7047f2:192.168.151.103:45014, 692a0e7c-3695-46c2-84c2-73657d75aae6:192.168.151.103:36657], old=null
2019-09-27 09:21:29,152 [pool-387-thread-1] INFO  impl.RaftServerImpl (RaftServerImpl.java:setRole(174)) - cbebfacb-c89d-4e0c-ae63-1a234181ea6b@group-498546036227: changes role from      null to FOLLOWER at term 0 for startAsFollower
2019-09-27 09:21:29,152 [pool-407-thread-1] INFO  server.RaftServerConfigKeys (ConfUtils.java:logGet(43)) - raft.server.snapshot.auto.trigger.threshold = 10000 (custom)
2019-09-27 09:21:29,152 [pool-387-thread-1] INFO  impl.RoleInfo (RoleInfo.java:updateAndGet(143)) - cbebfacb-c89d-4e0c-ae63-1a234181ea6b: start FollowerState
2019-09-27 09:21:29,153 [pool-407-thread-1] INFO  server.RaftServerConfigKeys (ConfUtils.java:logGet(43)) - raft.server.snapshot.retention.num.files = 5 (custom)
2019-09-27 09:21:29,153 [pool-407-thread-1] INFO  server.RaftServerConfigKeys (ConfUtils.java:logGet(43)) - raft.server.retrycache.expirytime = 600000ms (custom)
2019-09-27 09:21:29,153 [pool-417-thread-1] INFO  impl.RaftServerImpl (RaftServerImpl.java:start(185)) - 692a0e7c-3695-46c2-84c2-73657d75aae6@group-498546036227: start as a follower, conf=-1: [cbebfacb-c89d-4e0c-ae63-1a234181ea6b:192.168.151.103:37470, 6dd4b024-258e-4435-a177-4ad68e7047f2:192.168.151.103:45014, 692a0e7c-3695-46c2-84c2-73657d75aae6:192.168.151.103:36657], old=null
2019-09-27 09:21:29,153 [pool-387-thread-1] INFO  util.JmxRegister (JmxRegister.java:tryRegister(44)) - Successfully registered JMX Bean with object name Ratis:service=RaftServer,group=group-498546036227,id=cbebfacb-c89d-4e0c-ae63-1a234181ea6b
2019-09-27 09:21:29,153 [pool-417-thread-1] INFO  impl.RaftServerImpl (RaftServerImpl.java:setRole(174)) - 692a0e7c-3695-46c2-84c2-73657d75aae6@group-498546036227: changes role from      null to FOLLOWER at term 0 for startAsFollower
2019-09-27 09:21:29,154 [pool-417-thread-1] INFO  impl.RoleInfo (RoleInfo.java:updateAndGet(143)) - 692a0e7c-3695-46c2-84c2-73657d75aae6: start FollowerState
2019-09-27 09:21:29,154 [pool-417-thread-1] INFO  util.JmxRegister (JmxRegister.java:tryRegister(44)) - Successfully registered JMX Bean with object name Ratis:service=RaftServer,group=group-498546036227,id=692a0e7c-3695-46c2-84c2-73657d75aae6
2019-09-27 09:21:29,155 [pool-407-thread-1] INFO  impl.RaftServerImpl (RaftServerImpl.java:start(185)) - 6dd4b024-258e-4435-a177-4ad68e7047f2@group-498546036227: start as a follower, conf=-1: [cbebfacb-c89d-4e0c-ae63-1a234181ea6b:192.168.151.103:37470, 6dd4b024-258e-4435-a177-4ad68e7047f2:192.168.151.103:45014, 692a0e7c-3695-46c2-84c2-73657d75aae6:192.168.151.103:36657], old=null
2019-09-27 09:21:29,160 [pool-407-thread-1] INFO  impl.RaftServerImpl (RaftServerImpl.java:setRole(174)) - 6dd4b024-258e-4435-a177-4ad68e7047f2@group-498546036227: changes role from      null to FOLLOWER at term 0 for startAsFollower
2019-09-27 09:21:29,174 [pool-407-thread-1] INFO  impl.RoleInfo (RoleInfo.java:updateAndGet(143)) - 6dd4b024-258e-4435-a177-4ad68e7047f2: start FollowerState
2019-09-27 09:21:29,178 [pool-407-thread-1] INFO  util.JmxRegister (JmxRegister.java:tryRegister(44)) - Successfully registered JMX Bean with object name Ratis:service=RaftServer,group=group-498546036227,id=6dd4b024-258e-4435-a177-4ad68e7047f2
2019-09-27 09:21:29,179 [IPC Server handler 8 on 45987] INFO  net.NetworkTopology (NetworkTopologyImpl.java:add(111)) - Added a new node: /rack1/545840a3-a59e-4544-b748-6e804ee187a8
2019-09-27 09:21:29,179 [IPC Server handler 8 on 45987] INFO  node.SCMNodeManager (SCMNodeManager.java:register(266)) - Registered Data node : 545840a3-a59e-4544-b748-6e804ee187a8{ip: 192.168.151.103, host: pr-hdds2162-4fxhj-20988671, networkLocation: /rack1, certSerialId: null}
2019-09-27 09:21:29,180 [RatisPipelineUtilsThread] INFO  pipeline.PipelineStateManager (PipelineStateManager.java:addPipeline(56)) - Created pipeline Pipeline[ Id: 57abd842-6cac-44b5-8687-498546036227, Nodes: 692a0e7c-3695-46c2-84c2-73657d75aae6{ip: 192.168.151.103, host: pr-hdds2162-4fxhj-20988671, networkLocation: /rack1, certSerialId: null}6dd4b024-258e-4435-a177-4ad68e7047f2{ip: 192.168.151.103, host: pr-hdds2162-4fxhj-20988671, networkLocation: /rack1, certSerialId: null}cbebfacb-c89d-4e0c-ae63-1a234181ea6b{ip: 192.168.151.103, host: pr-hdds2162-4fxhj-20988671, networkLocation: /rack1, certSerialId: null}, Type:RATIS, Factor:THREE, State:OPEN]
2019-09-27 09:21:29,195 [grpc-default-executor-0] INFO  impl.RaftServerProxy (RaftServerProxy.java:addNew(89)) - 9d1fa352-1a82-481d-9d24-e29bb21dd7ac: addNew group-BE313173F156:[9d1fa352-1a82-481d-9d24-e29bb21dd7ac:192.168.151.103:33561, 545840a3-a59e-4544-b748-6e804ee187a8:192.168.151.103:38575, 69eece0b-35aa-4c3f-ae5c-22aaa3245fe4:192.168.151.103:38721] returns group-BE313173F156:java.util.concurrent.CompletableFuture@3e76f5fa[Not completed]
2019-09-27 09:21:29,199 [grpc-default-executor-1] INFO  impl.RaftServerProxy (RaftServerProxy.java:addNew(89)) - 69eece0b-35aa-4c3f-ae5c-22aaa3245fe4: addNew group-BE313173F156:[9d1fa352-1a82-481d-9d24-e29bb21dd7ac:192.168.151.103:33561, 545840a3-a59e-4544-b748-6e804ee187a8:192.168.151.103:38575, 69eece0b-35aa-4c3f-ae5c-22aaa3245fe4:192.168.151.103:38721] returns group-BE313173F156:java.util.concurrent.CompletableFuture@4fe66771[Not completed]
2019-09-27 09:21:29,199 [grpc-default-executor-2] INFO  impl.RaftServerProxy (RaftServerProxy.java:addNew(89)) - 545840a3-a59e-4544-b748-6e804ee187a8: addNew group-BE313173F156:[9d1fa352-1a82-481d-9d24-e29bb21dd7ac:192.168.151.103:33561, 545840a3-a59e-4544-b748-6e804ee187a8:192.168.151.103:38575, 69eece0b-35aa-4c3f-ae5c-22aaa3245fe4:192.168.151.103:38721] returns group-BE313173F156:java.util.concurrent.CompletableFuture@25bcab04[Not completed]
2019-09-27 09:21:29,200 [pool-397-thread-1] INFO  impl.RaftServerImpl (RaftServerImpl.java:<init>(95)) - 9d1fa352-1a82-481d-9d24-e29bb21dd7ac: new RaftServerImpl for group-BE313173F156:[9d1fa352-1a82-481d-9d24-e29bb21dd7ac:192.168.151.103:33561, 545840a3-a59e-4544-b748-6e804ee187a8:192.168.151.103:38575, 69eece0b-35aa-4c3f-ae5c-22aaa3245fe4:192.168.151.103:38721] with ContainerStateMachine:uninitialized
2019-09-27 09:21:29,200 [pool-397-thread-1] INFO  server.RaftServerConfigKeys (ConfUtils.java:logGet(43)) - raft.server.rpc.timeout.min = 1s (custom)
2019-09-27 09:21:29,200 [pool-397-thread-1] INFO  server.RaftServerConfigKeys (ConfUtils.java:logGet(43)) - raft.server.rpc.timeout.max = 1200ms (custom)
2019-09-27 09:21:29,200 [pool-397-thread-1] INFO  server.RaftServerConfigKeys (ConfUtils.java:logGet(43)) - raft.server.rpcslowness.timeout = 120s (custom)
2019-09-27 09:21:29,200 [pool-397-thread-1] INFO  server.RaftServerConfigKeys (ConfUtils.java:logGet(43)) - raft.server.sleep.deviation.threshold = 300 (default)
2019-09-27 09:21:29,200 [pool-397-thread-1] INFO  server.RaftServerConfigKeys (ConfUtils.java:logGet(43)) - raft.server.log.appender.install.snapshot.enabled = false (custom)
2019-09-27 09:21:29,200 [pool-397-thread-1] INFO  impl.RaftServerImpl (ServerState.java:<init>(103)) - 9d1fa352-1a82-481d-9d24-e29bb21dd7ac@group-BE313173F156: ConfigurationManager, init=-1: [9d1fa352-1a82-481d-9d24-e29bb21dd7ac:192.168.151.103:33561, 545840a3-a59e-4544-b748-6e804ee187a8:192.168.151.103:38575, 69eece0b-35aa-4c3f-ae5c-22aaa3245fe4:192.168.151.103:38721], old=null, confs=<EMPTY_MAP>
2019-09-27 09:21:29,201 [pool-427-thread-1] INFO  impl.RaftServerImpl (RaftServerImpl.java:<init>(95)) - 69eece0b-35aa-4c3f-ae5c-22aaa3245fe4: new RaftServerImpl for group-BE313173F156:[9d1fa352-1a82-481d-9d24-e29bb21dd7ac:192.168.151.103:33561, 545840a3-a59e-4544-b748-6e804ee187a8:192.168.151.103:38575, 69eece0b-35aa-4c3f-ae5c-22aaa3245fe4:192.168.151.103:38721] with ContainerStateMachine:uninitialized
2019-09-27 09:21:29,201 [pool-397-thread-1] INFO  server.RaftServerConfigKeys (ConfUtils.java:logGet(43)) - raft.server.storage.dir = [/workdir/hadoop-ozone/integration-test/target/test-dir/MiniOzoneClusterImpl-68e31327-6f0a-47ff-9789-fe3f4972a3d5/datanode-1/data/ratis] (custom)
2019-09-27 09:21:29,201 [pool-427-thread-1] INFO  server.RaftServerConfigKeys (ConfUtils.java:logGet(43)) - raft.server.rpc.timeout.min = 1s (custom)
2019-09-27 09:21:29,201 [pool-437-thread-1] INFO  impl.RaftServerImpl (RaftServerImpl.java:<init>(95)) - 545840a3-a59e-4544-b748-6e804ee187a8: new RaftServerImpl for group-BE313173F156:[9d1fa352-1a82-481d-9d24-e29bb21dd7ac:192.168.151.103:33561, 545840a3-a59e-4544-b748-6e804ee187a8:192.168.151.103:38575, 69eece0b-35aa-4c3f-ae5c-22aaa3245fe4:192.168.151.103:38721] with ContainerStateMachine:uninitialized
2019-09-27 09:21:29,201 [pool-427-thread-1] INFO  server.RaftServerConfigKeys (ConfUtils.java:logGet(43)) - raft.server.rpc.timeout.max = 1200ms (custom)
2019-09-27 09:21:29,201 [pool-437-thread-1] INFO  server.RaftServerConfigKeys (ConfUtils.java:logGet(43)) - raft.server.rpc.timeout.min = 1s (custom)
2019-09-27 09:21:29,201 [pool-397-thread-1] INFO  storage.RaftStorageDirectory (RaftStorageDirectory.java:analyzeStorage(246)) - The storage directory /workdir/hadoop-ozone/integration-test/target/test-dir/MiniOzoneClusterImpl-68e31327-6f0a-47ff-9789-fe3f4972a3d5/datanode-1/data/ratis/79d54d49-9648-4a7f-afa4-be313173f156 does not exist. Creating ...
2019-09-27 09:21:29,201 [pool-437-thread-1] INFO  server.RaftServerConfigKeys (ConfUtils.java:logGet(43)) - raft.server.rpc.timeout.max = 1200ms (custom)
2019-09-27 09:21:29,202 [pool-437-thread-1] INFO  server.RaftServerConfigKeys (ConfUtils.java:logGet(43)) - raft.server.rpcslowness.timeout = 120s (custom)
2019-09-27 09:21:29,201 [pool-427-thread-1] INFO  server.RaftServerConfigKeys (ConfUtils.java:logGet(43)) - raft.server.rpcslowness.timeout = 120s (custom)
2019-09-27 09:21:29,202 [pool-437-thread-1] INFO  server.RaftServerConfigKeys (ConfUtils.java:logGet(43)) - raft.server.sleep.deviation.threshold = 300 (default)
2019-09-27 09:21:29,202 [pool-427-thread-1] INFO  server.RaftServerConfigKeys (ConfUtils.java:logGet(43)) - raft.server.sleep.deviation.threshold = 300 (default)
2019-09-27 09:21:29,202 [pool-437-thread-1] INFO  server.RaftServerConfigKeys (ConfUtils.java:logGet(43)) - raft.server.log.appender.install.snapshot.enabled = false (custom)
2019-09-27 09:21:29,202 [pool-427-thread-1] INFO  server.RaftServerConfigKeys (ConfUtils.java:logGet(43)) - raft.server.log.appender.install.snapshot.enabled = false (custom)
2019-09-27 09:21:29,203 [pool-437-thread-1] INFO  impl.RaftServerImpl (ServerState.java:<init>(103)) - 545840a3-a59e-4544-b748-6e804ee187a8@group-BE313173F156: ConfigurationManager, init=-1: [9d1fa352-1a82-481d-9d24-e29bb21dd7ac:192.168.151.103:33561, 545840a3-a59e-4544-b748-6e804ee187a8:192.168.151.103:38575, 69eece0b-35aa-4c3f-ae5c-22aaa3245fe4:192.168.151.103:38721], old=null, confs=<EMPTY_MAP>
2019-09-27 09:21:29,203 [pool-427-thread-1] INFO  impl.RaftServerImpl (ServerState.java:<init>(103)) - 69eece0b-35aa-4c3f-ae5c-22aaa3245fe4@group-BE313173F156: ConfigurationManager, init=-1: [9d1fa352-1a82-481d-9d24-e29bb21dd7ac:192.168.151.103:33561, 545840a3-a59e-4544-b748-6e804ee187a8:192.168.151.103:38575, 69eece0b-35aa-4c3f-ae5c-22aaa3245fe4:192.168.151.103:38721], old=null, confs=<EMPTY_MAP>
2019-09-27 09:21:29,203 [pool-437-thread-1] INFO  server.RaftServerConfigKeys (ConfUtils.java:logGet(43)) - raft.server.storage.dir = [/workdir/hadoop-ozone/integration-test/target/test-dir/MiniOzoneClusterImpl-68e31327-6f0a-47ff-9789-fe3f4972a3d5/datanode-5/data/ratis] (custom)
2019-09-27 09:21:29,203 [pool-427-thread-1] INFO  server.RaftServerConfigKeys (ConfUtils.java:logGet(43)) - raft.server.storage.dir = [/workdir/hadoop-ozone/integration-test/target/test-dir/MiniOzoneClusterImpl-68e31327-6f0a-47ff-9789-fe3f4972a3d5/datanode-4/data/ratis] (custom)
2019-09-27 09:21:29,203 [pool-437-thread-1] INFO  storage.RaftStorageDirectory (RaftStorageDirectory.java:analyzeStorage(246)) - The storage directory /workdir/hadoop-ozone/integration-test/target/test-dir/MiniOzoneClusterImpl-68e31327-6f0a-47ff-9789-fe3f4972a3d5/datanode-5/data/ratis/79d54d49-9648-4a7f-afa4-be313173f156 does not exist. Creating ...
2019-09-27 09:21:29,204 [pool-427-thread-1] INFO  storage.RaftStorageDirectory (RaftStorageDirectory.java:analyzeStorage(246)) - The storage directory /workdir/hadoop-ozone/integration-test/target/test-dir/MiniOzoneClusterImpl-68e31327-6f0a-47ff-9789-fe3f4972a3d5/datanode-4/data/ratis/79d54d49-9648-4a7f-afa4-be313173f156 does not exist. Creating ...
2019-09-27 09:21:29,216 [pool-437-thread-1] INFO  storage.RaftStorageDirectory (RaftStorageDirectory.java:tryLock(328)) - Lock on /workdir/hadoop-ozone/integration-test/target/test-dir/MiniOzoneClusterImpl-68e31327-6f0a-47ff-9789-fe3f4972a3d5/datanode-5/data/ratis/79d54d49-9648-4a7f-afa4-be313173f156/in_use.lock acquired by nodename 29571@pr-hdds2162-4fxhj-20988671
2019-09-27 09:21:29,216 [pool-427-thread-1] INFO  storage.RaftStorageDirectory (RaftStorageDirectory.java:tryLock(328)) - Lock on /workdir/hadoop-ozone/integration-test/target/test-dir/MiniOzoneClusterImpl-68e31327-6f0a-47ff-9789-fe3f4972a3d5/datanode-4/data/ratis/79d54d49-9648-4a7f-afa4-be313173f156/in_use.lock acquired by nodename 29571@pr-hdds2162-4fxhj-20988671
2019-09-27 09:21:29,216 [pool-397-thread-1] INFO  storage.RaftStorageDirectory (RaftStorageDirectory.java:tryLock(328)) - Lock on /workdir/hadoop-ozone/integration-test/target/test-dir/MiniOzoneClusterImpl-68e31327-6f0a-47ff-9789-fe3f4972a3d5/datanode-1/data/ratis/79d54d49-9648-4a7f-afa4-be313173f156/in_use.lock acquired by nodename 29571@pr-hdds2162-4fxhj-20988671
2019-09-27 09:21:29,229 [pool-397-thread-1] INFO  storage.RaftStorage (RaftStorage.java:format(72)) - Storage directory /workdir/hadoop-ozone/integration-test/target/test-dir/MiniOzoneClusterImpl-68e31327-6f0a-47ff-9789-fe3f4972a3d5/datanode-1/data/ratis/79d54d49-9648-4a7f-afa4-be313173f156 has been successfully formatted.
2019-09-27 09:21:29,229 [pool-427-thread-1] INFO  storage.RaftStorage (RaftStorage.java:format(72)) - Storage directory /workdir/hadoop-ozone/integration-test/target/test-dir/MiniOzoneClusterImpl-68e31327-6f0a-47ff-9789-fe3f4972a3d5/datanode-4/data/ratis/79d54d49-9648-4a7f-afa4-be313173f156 has been successfully formatted.
2019-09-27 09:21:29,229 [pool-437-thread-1] INFO  storage.RaftStorage (RaftStorage.java:format(72)) - Storage directory /workdir/hadoop-ozone/integration-test/target/test-dir/MiniOzoneClusterImpl-68e31327-6f0a-47ff-9789-fe3f4972a3d5/datanode-5/data/ratis/79d54d49-9648-4a7f-afa4-be313173f156 has been successfully formatted.
2019-09-27 09:21:29,230 [pool-397-thread-1] INFO  ratis.ContainerStateMachine (ContainerStateMachine.java:loadSnapshot(230)) - group-BE313173F156: The snapshot info is null. Setting the last applied indexto:(t:0, i:~)
2019-09-27 09:21:29,230 [pool-427-thread-1] INFO  ratis.ContainerStateMachine (ContainerStateMachine.java:loadSnapshot(230)) - group-BE313173F156: The snapshot info is null. Setting the last applied indexto:(t:0, i:~)
2019-09-27 09:21:29,230 [pool-437-thread-1] INFO  ratis.ContainerStateMachine (ContainerStateMachine.java:loadSnapshot(230)) - group-BE313173F156: The snapshot info is null. Setting the last applied indexto:(t:0, i:~)
2019-09-27 09:21:29,230 [pool-397-thread-1] INFO  server.RaftServerConfigKeys (ConfUtils.java:logGet(43)) - raft.server.notification.no-leader.timeout = 120s (custom)
2019-09-27 09:21:29,230 [pool-437-thread-1] INFO  server.RaftServerConfigKeys (ConfUtils.java:logGet(43)) - raft.server.notification.no-leader.timeout = 120s (custom)
2019-09-27 09:21:29,230 [pool-427-thread-1] INFO  server.RaftServerConfigKeys (ConfUtils.java:logGet(43)) - raft.server.notification.no-leader.timeout = 120s (custom)
2019-09-27 09:21:29,230 [pool-437-thread-1] INFO  server.RaftServerConfigKeys (ConfUtils.java:logGet(43)) - raft.server.log.use.memory = false (default)
2019-09-27 09:21:29,230 [pool-397-thread-1] INFO  server.RaftServerConfigKeys (ConfUtils.java:logGet(43)) - raft.server.log.use.memory = false (default)
2019-09-27 09:21:29,231 [pool-437-thread-1] INFO  server.RaftServerConfigKeys (ConfUtils.java:logGet(43)) - raft.server.log.purge.gap = 1000000 (custom)
2019-09-27 09:21:29,231 [pool-427-thread-1] INFO  server.RaftServerConfigKeys (ConfUtils.java:logGet(43)) - raft.server.log.use.memory = false (default)
2019-09-27 09:21:29,231 [pool-437-thread-1] INFO  server.RaftServerConfigKeys (ConfUtils.java:logGet(43)) - raft.server.log.appender.buffer.byte-limit = 33554432 (custom)
2019-09-27 09:21:29,231 [pool-397-thread-1] INFO  server.RaftServerConfigKeys (ConfUtils.java:logGet(43)) - raft.server.log.purge.gap = 1000000 (custom)
2019-09-27 09:21:29,231 [pool-437-thread-1] INFO  server.RaftServerConfigKeys (ConfUtils.java:logGet(43)) - raft.server.log.segment.size.max = 1048576 (custom)
2019-09-27 09:21:29,231 [pool-427-thread-1] INFO  server.RaftServerConfigKeys (ConfUtils.java:logGet(43)) - raft.server.log.purge.gap = 1000000 (custom)
2019-09-27 09:21:29,231 [pool-437-thread-1] INFO  server.RaftServerConfigKeys (ConfUtils.java:logGet(43)) - raft.server.log.segment.cache.num.max = 2 (custom)
2019-09-27 09:21:29,231 [pool-397-thread-1] INFO  server.RaftServerConfigKeys (ConfUtils.java:logGet(43)) - raft.server.log.appender.buffer.byte-limit = 33554432 (custom)
2019-09-27 09:21:29,232 [pool-437-thread-1] INFO  segmented.SegmentedRaftLogWorker (SegmentedRaftLogWorker.java:<init>(172)) - new 545840a3-a59e-4544-b748-6e804ee187a8@group-BE313173F156-SegmentedRaftLogWorker for RaftStorage:Storage Directory /workdir/hadoop-ozone/integration-test/target/test-dir/MiniOzoneClusterImpl-68e31327-6f0a-47ff-9789-fe3f4972a3d5/datanode-5/data/ratis/79d54d49-9648-4a7f-afa4-be313173f156
2019-09-27 09:21:29,232 [pool-427-thread-1] INFO  server.RaftServerConfigKeys (ConfUtils.java:logGet(43)) - raft.server.log.appender.buffer.byte-limit = 33554432 (custom)
2019-09-27 09:21:29,232 [pool-397-thread-1] INFO  server.RaftServerConfigKeys (ConfUtils.java:logGet(43)) - raft.server.log.segment.size.max = 1048576 (custom)
2019-09-27 09:21:29,232 [pool-427-thread-1] INFO  server.RaftServerConfigKeys (ConfUtils.java:logGet(43)) - raft.server.log.segment.size.max = 1048576 (custom)
2019-09-27 09:21:29,232 [pool-397-thread-1] INFO  server.RaftServerConfigKeys (ConfUtils.java:logGet(43)) - raft.server.log.segment.cache.num.max = 2 (custom)
2019-09-27 09:21:29,233 [pool-427-thread-1] INFO  server.RaftServerConfigKeys (ConfUtils.java:logGet(43)) - raft.server.log.segment.cache.num.max = 2 (custom)
2019-09-27 09:21:29,233 [pool-397-thread-1] INFO  segmented.SegmentedRaftLogWorker (SegmentedRaftLogWorker.java:<init>(172)) - new 9d1fa352-1a82-481d-9d24-e29bb21dd7ac@group-BE313173F156-SegmentedRaftLogWorker for RaftStorage:Storage Directory /workdir/hadoop-ozone/integration-test/target/test-dir/MiniOzoneClusterImpl-68e31327-6f0a-47ff-9789-fe3f4972a3d5/datanode-1/data/ratis/79d54d49-9648-4a7f-afa4-be313173f156
2019-09-27 09:21:29,233 [pool-427-thread-1] INFO  segmented.SegmentedRaftLogWorker (SegmentedRaftLogWorker.java:<init>(172)) - new 69eece0b-35aa-4c3f-ae5c-22aaa3245fe4@group-BE313173F156-SegmentedRaftLogWorker for RaftStorage:Storage Directory /workdir/hadoop-ozone/integration-test/target/test-dir/MiniOzoneClusterImpl-68e31327-6f0a-47ff-9789-fe3f4972a3d5/datanode-4/data/ratis/79d54d49-9648-4a7f-afa4-be313173f156
2019-09-27 09:21:29,233 [pool-397-thread-1] INFO  server.RaftServerConfigKeys (ConfUtils.java:logGet(43)) - raft.server.log.queue.byte-limit = 2147483647 (custom)
2019-09-27 09:21:29,233 [pool-397-thread-1] INFO  server.RaftServerConfigKeys (ConfUtils.java:logGet(43)) - raft.server.log.queue.element-limit = 1024 (custom)
2019-09-27 09:21:29,233 [pool-397-thread-1] INFO  server.RaftServerConfigKeys (ConfUtils.java:logGet(43)) - raft.server.log.segment.size.max = 1048576 (custom)
2019-09-27 09:21:29,233 [pool-437-thread-1] INFO  server.RaftServerConfigKeys (ConfUtils.java:logGet(43)) - raft.server.log.queue.byte-limit = 2147483647 (custom)
2019-09-27 09:21:29,233 [pool-397-thread-1] INFO  server.RaftServerConfigKeys (ConfUtils.java:logGet(43)) - raft.server.log.preallocated.size = 16384 (custom)
2019-09-27 09:21:29,234 [pool-437-thread-1] INFO  server.RaftServerConfigKeys (ConfUtils.java:logGet(43)) - raft.server.log.queue.element-limit = 1024 (custom)
2019-09-27 09:21:29,234 [pool-397-thread-1] INFO  server.RaftServerConfigKeys (ConfUtils.java:logGet(43)) - raft.server.log.write.buffer.size = 33554432 (custom)
2019-09-27 09:21:29,234 [pool-437-thread-1] INFO  server.RaftServerConfigKeys (ConfUtils.java:logGet(43)) - raft.server.log.segment.size.max = 1048576 (custom)
2019-09-27 09:21:29,234 [pool-397-thread-1] INFO  server.RaftServerConfigKeys (ConfUtils.java:logGet(43)) - raft.server.log.force.sync.num = 128 (default)
2019-09-27 09:21:29,234 [pool-437-thread-1] INFO  server.RaftServerConfigKeys (ConfUtils.java:logGet(43)) - raft.server.log.preallocated.size = 16384 (custom)
2019-09-27 09:21:29,234 [pool-397-thread-1] INFO  server.RaftServerConfigKeys (ConfUtils.java:logGet(43)) - raft.server.log.statemachine.data.sync = true (default)
2019-09-27 09:21:29,234 [pool-437-thread-1] INFO  server.RaftServerConfigKeys (ConfUtils.java:logGet(43)) - raft.server.log.write.buffer.size = 33554432 (custom)
2019-09-27 09:21:29,234 [pool-397-thread-1] INFO  server.RaftServerConfigKeys (ConfUtils.java:logGet(43)) - raft.server.log.statemachine.data.sync.timeout = 10s (default)
2019-09-27 09:21:29,234 [pool-437-thread-1] INFO  server.RaftServerConfigKeys (ConfUtils.java:logGet(43)) - raft.server.log.force.sync.num = 128 (default)
2019-09-27 09:21:29,235 [pool-397-thread-1] INFO  server.RaftServerConfigKeys (ConfUtils.java:logGet(43)) - raft.server.log.statemachine.data.sync.timeout.retry = -1 (default)
2019-09-27 09:21:29,235 [pool-437-thread-1] INFO  server.RaftServerConfigKeys (ConfUtils.java:logGet(43)) - raft.server.log.statemachine.data.sync = true (default)
2019-09-27 09:21:29,235 [pool-397-thread-1] INFO  server.RaftServerConfigKeys (ConfUtils.java:logGet(43)) - raft.server.log.statemachine.data.caching.enabled = true (custom)
2019-09-27 09:21:29,235 [pool-427-thread-1] INFO  server.RaftServerConfigKeys (ConfUtils.java:logGet(43)) - raft.server.log.queue.byte-limit = 2147483647 (custom)
2019-09-27 09:21:29,235 [pool-437-thread-1] INFO  server.RaftServerConfigKeys (ConfUtils.java:logGet(43)) - raft.server.log.statemachine.data.sync.timeout = 10s (default)
2019-09-27 09:21:29,235 [pool-427-thread-1] INFO  server.RaftServerConfigKeys (ConfUtils.java:logGet(43)) - raft.server.log.queue.element-limit = 1024 (custom)
2019-09-27 09:21:29,235 [pool-397-thread-1] INFO  segmented.SegmentedRaftLogWorker (SegmentedRaftLogWorker.java:lambda$new$0(132)) - 9d1fa352-1a82-481d-9d24-e29bb21dd7ac@group-BE313173F156-SegmentedRaftLogWorker: flushIndex: setUnconditionally 0 -> -1
2019-09-27 09:21:29,235 [pool-427-thread-1] INFO  server.RaftServerConfigKeys (ConfUtils.java:logGet(43)) - raft.server.log.segment.size.max = 1048576 (custom)
2019-09-27 09:21:29,236 [pool-397-thread-1] INFO  server.RaftServerConfigKeys (ConfUtils.java:logGet(43)) - raft.server.snapshot.auto.trigger.enabled = true (custom)
2019-09-27 09:21:29,235 [pool-437-thread-1] INFO  server.RaftServerConfigKeys (ConfUtils.java:logGet(43)) - raft.server.log.statemachine.data.sync.timeout.retry = -1 (default)
2019-09-27 09:21:29,236 [pool-397-thread-1] INFO  server.RaftServerConfigKeys (ConfUtils.java:logGet(43)) - raft.server.snapshot.auto.trigger.threshold = 10000 (custom)
2019-09-27 09:21:29,236 [pool-427-thread-1] INFO  server.RaftServerConfigKeys (ConfUtils.java:logGet(43)) - raft.server.log.preallocated.size = 16384 (custom)
2019-09-27 09:21:29,236 [pool-397-thread-1] INFO  server.RaftServerConfigKeys (ConfUtils.java:logGet(43)) - raft.server.snapshot.retention.num.files = 5 (custom)
2019-09-27 09:21:29,236 [pool-437-thread-1] INFO  server.RaftServerConfigKeys (ConfUtils.java:logGet(43)) - raft.server.log.statemachine.data.caching.enabled = true (custom)
2019-09-27 09:21:29,236 [pool-397-thread-1] INFO  server.RaftServerConfigKeys (ConfUtils.java:logGet(43)) - raft.server.retrycache.expirytime = 600000ms (custom)
2019-09-27 09:21:29,236 [pool-427-thread-1] INFO  server.RaftServerConfigKeys (ConfUtils.java:logGet(43)) - raft.server.log.write.buffer.size = 33554432 (custom)
2019-09-27 09:21:29,237 [pool-437-thread-1] INFO  segmented.SegmentedRaftLogWorker (SegmentedRaftLogWorker.java:lambda$new$0(132)) - 545840a3-a59e-4544-b748-6e804ee187a8@group-BE313173F156-SegmentedRaftLogWorker: flushIndex: setUnconditionally 0 -> -1
2019-09-27 09:21:29,237 [pool-427-thread-1] INFO  server.RaftServerConfigKeys (ConfUtils.java:logGet(43)) - raft.server.log.force.sync.num = 128 (default)
2019-09-27 09:21:29,237 [pool-437-thread-1] INFO  server.RaftServerConfigKeys (ConfUtils.java:logGet(43)) - raft.server.snapshot.auto.trigger.enabled = true (custom)
2019-09-27 09:21:29,237 [pool-427-thread-1] INFO  server.RaftServerConfigKeys (ConfUtils.java:logGet(43)) - raft.server.log.statemachine.data.sync = true (default)
2019-09-27 09:21:29,237 [pool-437-thread-1] INFO  server.RaftServerConfigKeys (ConfUtils.java:logGet(43)) - raft.server.snapshot.auto.trigger.threshold = 10000 (custom)
2019-09-27 09:21:29,237 [pool-397-thread-1] INFO  impl.RaftServerImpl (RaftServerImpl.java:start(185)) - 9d1fa352-1a82-481d-9d24-e29bb21dd7ac@group-BE313173F156: start as a follower, conf=-1: [9d1fa352-1a82-481d-9d24-e29bb21dd7ac:192.168.151.103:33561, 545840a3-a59e-4544-b748-6e804ee187a8:192.168.151.103:38575, 69eece0b-35aa-4c3f-ae5c-22aaa3245fe4:192.168.151.103:38721], old=null
2019-09-27 09:21:29,237 [pool-427-thread-1] INFO  server.RaftServerConfigKeys (ConfUtils.java:logGet(43)) - raft.server.log.statemachine.data.sync.timeout = 10s (default)
2019-09-27 09:21:29,238 [pool-397-thread-1] INFO  impl.RaftServerImpl (RaftServerImpl.java:setRole(174)) - 9d1fa352-1a82-481d-9d24-e29bb21dd7ac@group-BE313173F156: changes role from      null to FOLLOWER at term 0 for startAsFollower
2019-09-27 09:21:29,237 [pool-437-thread-1] INFO  server.RaftServerConfigKeys (ConfUtils.java:logGet(43)) - raft.server.snapshot.retention.num.files = 5 (custom)
2019-09-27 09:21:29,238 [pool-397-thread-1] INFO  impl.RoleInfo (RoleInfo.java:updateAndGet(143)) - 9d1fa352-1a82-481d-9d24-e29bb21dd7ac: start FollowerState
2019-09-27 09:21:29,238 [pool-427-thread-1] INFO  server.RaftServerConfigKeys (ConfUtils.java:logGet(43)) - raft.server.log.statemachine.data.sync.timeout.retry = -1 (default)
2019-09-27 09:21:29,238 [pool-437-thread-1] INFO  server.RaftServerConfigKeys (ConfUtils.java:logGet(43)) - raft.server.retrycache.expirytime = 600000ms (custom)
2019-09-27 09:21:29,238 [pool-427-thread-1] INFO  server.RaftServerConfigKeys (ConfUtils.java:logGet(43)) - raft.server.log.statemachine.data.caching.enabled = true (custom)
2019-09-27 09:21:29,238 [pool-397-thread-1] INFO  util.JmxRegister (JmxRegister.java:tryRegister(44)) - Successfully registered JMX Bean with object name Ratis:service=RaftServer,group=group-BE313173F156,id=9d1fa352-1a82-481d-9d24-e29bb21dd7ac
2019-09-27 09:21:29,239 [pool-427-thread-1] INFO  segmented.SegmentedRaftLogWorker (SegmentedRaftLogWorker.java:lambda$new$0(132)) - 69eece0b-35aa-4c3f-ae5c-22aaa3245fe4@group-BE313173F156-SegmentedRaftLogWorker: flushIndex: setUnconditionally 0 -> -1
2019-09-27 09:21:29,239 [pool-427-thread-1] INFO  server.RaftServerConfigKeys (ConfUtils.java:logGet(43)) - raft.server.snapshot.auto.trigger.enabled = true (custom)
2019-09-27 09:21:29,239 [pool-427-thread-1] INFO  server.RaftServerConfigKeys (ConfUtils.java:logGet(43)) - raft.server.snapshot.auto.trigger.threshold = 10000 (custom)
2019-09-27 09:21:29,239 [pool-427-thread-1] INFO  server.RaftServerConfigKeys (ConfUtils.java:logGet(43)) - raft.server.snapshot.retention.num.files = 5 (custom)
2019-09-27 09:21:29,240 [IPC Server handler 9 on 45987] INFO  net.NetworkTopology (NetworkTopologyImpl.java:add(111)) - Added a new node: /rack1/e6683dc0-e787-4f77-a1bd-b29d73bfe0c0
2019-09-27 09:21:29,240 [pool-437-thread-1] INFO  impl.RaftServerImpl (RaftServerImpl.java:start(185)) - 545840a3-a59e-4544-b748-6e804ee187a8@group-BE313173F156: start as a follower, conf=-1: [9d1fa352-1a82-481d-9d24-e29bb21dd7ac:192.168.151.103:33561, 545840a3-a59e-4544-b748-6e804ee187a8:192.168.151.103:38575, 69eece0b-35aa-4c3f-ae5c-22aaa3245fe4:192.168.151.103:38721], old=null
2019-09-27 09:21:29,240 [pool-427-thread-1] INFO  server.RaftServerConfigKeys (ConfUtils.java:logGet(43)) - raft.server.retrycache.expirytime = 600000ms (custom)
2019-09-27 09:21:29,240 [pool-437-thread-1] INFO  impl.RaftServerImpl (RaftServerImpl.java:setRole(174)) - 545840a3-a59e-4544-b748-6e804ee187a8@group-BE313173F156: changes role from      null to FOLLOWER at term 0 for startAsFollower
2019-09-27 09:21:29,240 [IPC Server handler 9 on 45987] INFO  node.SCMNodeManager (SCMNodeManager.java:register(266)) - Registered Data node : e6683dc0-e787-4f77-a1bd-b29d73bfe0c0{ip: 192.168.151.103, host: pr-hdds2162-4fxhj-20988671, networkLocation: /rack1, certSerialId: null}
2019-09-27 09:21:29,244 [pool-437-thread-1] INFO  impl.RoleInfo (RoleInfo.java:updateAndGet(143)) - 545840a3-a59e-4544-b748-6e804ee187a8: start FollowerState
2019-09-27 09:21:29,245 [pool-437-thread-1] INFO  util.JmxRegister (JmxRegister.java:tryRegister(44)) - Successfully registered JMX Bean with object name Ratis:service=RaftServer,group=group-BE313173F156,id=545840a3-a59e-4544-b748-6e804ee187a8
2019-09-27 09:21:29,245 [pool-427-thread-1] INFO  impl.RaftServerImpl (RaftServerImpl.java:start(185)) - 69eece0b-35aa-4c3f-ae5c-22aaa3245fe4@group-BE313173F156: start as a follower, conf=-1: [9d1fa352-1a82-481d-9d24-e29bb21dd7ac:192.168.151.103:33561, 545840a3-a59e-4544-b748-6e804ee187a8:192.168.151.103:38575, 69eece0b-35aa-4c3f-ae5c-22aaa3245fe4:192.168.151.103:38721], old=null
2019-09-27 09:21:29,248 [pool-427-thread-1] INFO  impl.RaftServerImpl (RaftServerImpl.java:setRole(174)) - 69eece0b-35aa-4c3f-ae5c-22aaa3245fe4@group-BE313173F156: changes role from      null to FOLLOWER at term 0 for startAsFollower
2019-09-27 09:21:29,248 [pool-427-thread-1] INFO  impl.RoleInfo (RoleInfo.java:updateAndGet(143)) - 69eece0b-35aa-4c3f-ae5c-22aaa3245fe4: start FollowerState
2019-09-27 09:21:29,249 [pool-427-thread-1] INFO  util.JmxRegister (JmxRegister.java:tryRegister(44)) - Successfully registered JMX Bean with object name Ratis:service=RaftServer,group=group-BE313173F156,id=69eece0b-35aa-4c3f-ae5c-22aaa3245fe4
2019-09-27 09:21:29,253 [RatisPipelineUtilsThread] INFO  pipeline.PipelineStateManager (PipelineStateManager.java:addPipeline(56)) - Created pipeline Pipeline[ Id: 79d54d49-9648-4a7f-afa4-be313173f156, Nodes: 545840a3-a59e-4544-b748-6e804ee187a8{ip: 192.168.151.103, host: pr-hdds2162-4fxhj-20988671, networkLocation: /rack1, certSerialId: null}69eece0b-35aa-4c3f-ae5c-22aaa3245fe4{ip: 192.168.151.103, host: pr-hdds2162-4fxhj-20988671, networkLocation: /rack1, certSerialId: null}9d1fa352-1a82-481d-9d24-e29bb21dd7ac{ip: 192.168.151.103, host: pr-hdds2162-4fxhj-20988671, networkLocation: /rack1, certSerialId: null}, Type:RATIS, Factor:THREE, State:OPEN]
2019-09-27 09:21:29,281 [grpc-default-executor-2] INFO  impl.RaftServerProxy (RaftServerProxy.java:addNew(89)) - 545840a3-a59e-4544-b748-6e804ee187a8: addNew group-86B9A2E11FFC:[545840a3-a59e-4544-b748-6e804ee187a8:192.168.151.103:38575] returns group-86B9A2E11FFC:java.util.concurrent.CompletableFuture@744dc500[Not completed]
2019-09-27 09:21:29,282 [pool-437-thread-1] INFO  impl.RaftServerImpl (RaftServerImpl.java:<init>(95)) - 545840a3-a59e-4544-b748-6e804ee187a8: new RaftServerImpl for group-86B9A2E11FFC:[545840a3-a59e-4544-b748-6e804ee187a8:192.168.151.103:38575] with ContainerStateMachine:uninitialized
2019-09-27 09:21:29,282 [pool-437-thread-1] INFO  server.RaftServerConfigKeys (ConfUtils.java:logGet(43)) - raft.server.rpc.timeout.min = 1s (custom)
2019-09-27 09:21:29,283 [pool-437-thread-1] INFO  server.RaftServerConfigKeys (ConfUtils.java:logGet(43)) - raft.server.rpc.timeout.max = 1200ms (custom)
2019-09-27 09:21:29,283 [pool-437-thread-1] INFO  server.RaftServerConfigKeys (ConfUtils.java:logGet(43)) - raft.server.rpcslowness.timeout = 120s (custom)
2019-09-27 09:21:29,283 [pool-437-thread-1] INFO  server.RaftServerConfigKeys (ConfUtils.java:logGet(43)) - raft.server.sleep.deviation.threshold = 300 (default)
2019-09-27 09:21:29,283 [pool-437-thread-1] INFO  server.RaftServerConfigKeys (ConfUtils.java:logGet(43)) - raft.server.log.appender.install.snapshot.enabled = false (custom)
2019-09-27 09:21:29,283 [pool-437-thread-1] INFO  impl.RaftServerImpl (ServerState.java:<init>(103)) - 545840a3-a59e-4544-b748-6e804ee187a8@group-86B9A2E11FFC: ConfigurationManager, init=-1: [545840a3-a59e-4544-b748-6e804ee187a8:192.168.151.103:38575], old=null, confs=<EMPTY_MAP>
2019-09-27 09:21:29,283 [pool-437-thread-1] INFO  server.RaftServerConfigKeys (ConfUtils.java:logGet(43)) - raft.server.storage.dir = [/workdir/hadoop-ozone/integration-test/target/test-dir/MiniOzoneClusterImpl-68e31327-6f0a-47ff-9789-fe3f4972a3d5/datanode-5/data/ratis] (custom)
2019-09-27 09:21:29,283 [pool-437-thread-1] INFO  storage.RaftStorageDirectory (RaftStorageDirectory.java:analyzeStorage(246)) - The storage directory /workdir/hadoop-ozone/integration-test/target/test-dir/MiniOzoneClusterImpl-68e31327-6f0a-47ff-9789-fe3f4972a3d5/datanode-5/data/ratis/36c7f69d-6ef7-48cb-bb5c-86b9a2e11ffc does not exist. Creating ...
2019-09-27 09:21:29,297 [pool-437-thread-1] INFO  storage.RaftStorageDirectory (RaftStorageDirectory.java:tryLock(328)) - Lock on /workdir/hadoop-ozone/integration-test/target/test-dir/MiniOzoneClusterImpl-68e31327-6f0a-47ff-9789-fe3f4972a3d5/datanode-5/data/ratis/36c7f69d-6ef7-48cb-bb5c-86b9a2e11ffc/in_use.lock acquired by nodename 29571@pr-hdds2162-4fxhj-20988671
2019-09-27 09:21:29,301 [IPC Server handler 0 on 45987] INFO  net.NetworkTopology (NetworkTopologyImpl.java:add(111)) - Added a new node: /rack1/4c0a5387-3197-4e6b-9533-589fb410635e
2019-09-27 09:21:29,301 [IPC Server handler 0 on 45987] INFO  node.SCMNodeManager (SCMNodeManager.java:register(266)) - Registered Data node : 4c0a5387-3197-4e6b-9533-589fb410635e{ip: 192.168.151.103, host: pr-hdds2162-4fxhj-20988671, networkLocation: /rack1, certSerialId: null}
2019-09-27 09:21:29,309 [pool-437-thread-1] INFO  storage.RaftStorage (RaftStorage.java:format(72)) - Storage directory /workdir/hadoop-ozone/integration-test/target/test-dir/MiniOzoneClusterImpl-68e31327-6f0a-47ff-9789-fe3f4972a3d5/datanode-5/data/ratis/36c7f69d-6ef7-48cb-bb5c-86b9a2e11ffc has been successfully formatted.
2019-09-27 09:21:29,310 [pool-437-thread-1] INFO  ratis.ContainerStateMachine (ContainerStateMachine.java:loadSnapshot(230)) - group-86B9A2E11FFC: The snapshot info is null. Setting the last applied indexto:(t:0, i:~)
2019-09-27 09:21:29,310 [pool-437-thread-1] INFO  server.RaftServerConfigKeys (ConfUtils.java:logGet(43)) - raft.server.notification.no-leader.timeout = 120s (custom)
2019-09-27 09:21:29,310 [pool-437-thread-1] INFO  server.RaftServerConfigKeys (ConfUtils.java:logGet(43)) - raft.server.log.use.memory = false (default)
2019-09-27 09:21:29,310 [pool-437-thread-1] INFO  server.RaftServerConfigKeys (ConfUtils.java:logGet(43)) - raft.server.log.purge.gap = 1000000 (custom)
2019-09-27 09:21:29,310 [pool-437-thread-1] INFO  server.RaftServerConfigKeys (ConfUtils.java:logGet(43)) - raft.server.log.appender.buffer.byte-limit = 33554432 (custom)
2019-09-27 09:21:29,310 [pool-437-thread-1] INFO  server.RaftServerConfigKeys (ConfUtils.java:logGet(43)) - raft.server.log.segment.size.max = 1048576 (custom)
2019-09-27 09:21:29,310 [pool-437-thread-1] INFO  server.RaftServerConfigKeys (ConfUtils.java:logGet(43)) - raft.server.log.segment.cache.num.max = 2 (custom)
2019-09-27 09:21:29,310 [pool-437-thread-1] INFO  segmented.SegmentedRaftLogWorker (SegmentedRaftLogWorker.java:<init>(172)) - new 545840a3-a59e-4544-b748-6e804ee187a8@group-86B9A2E11FFC-SegmentedRaftLogWorker for RaftStorage:Storage Directory /workdir/hadoop-ozone/integration-test/target/test-dir/MiniOzoneClusterImpl-68e31327-6f0a-47ff-9789-fe3f4972a3d5/datanode-5/data/ratis/36c7f69d-6ef7-48cb-bb5c-86b9a2e11ffc
2019-09-27 09:21:29,311 [pool-437-thread-1] INFO  server.RaftServerConfigKeys (ConfUtils.java:logGet(43)) - raft.server.log.queue.byte-limit = 2147483647 (custom)
2019-09-27 09:21:29,311 [pool-437-thread-1] INFO  server.RaftServerConfigKeys (ConfUtils.java:logGet(43)) - raft.server.log.queue.element-limit = 1024 (custom)
2019-09-27 09:21:29,311 [pool-437-thread-1] INFO  server.RaftServerConfigKeys (ConfUtils.java:logGet(43)) - raft.server.log.segment.size.max = 1048576 (custom)
2019-09-27 09:21:29,311 [pool-437-thread-1] INFO  server.RaftServerConfigKeys (ConfUtils.java:logGet(43)) - raft.server.log.preallocated.size = 16384 (custom)
2019-09-27 09:21:29,311 [pool-437-thread-1] INFO  server.RaftServerConfigKeys (ConfUtils.java:logGet(43)) - raft.server.log.write.buffer.size = 33554432 (custom)
2019-09-27 09:21:29,311 [pool-437-thread-1] INFO  server.RaftServerConfigKeys (ConfUtils.java:logGet(43)) - raft.server.log.force.sync.num = 128 (default)
2019-09-27 09:21:29,311 [pool-437-thread-1] INFO  server.RaftServerConfigKeys (ConfUtils.java:logGet(43)) - raft.server.log.statemachine.data.sync = true (default)
2019-09-27 09:21:29,311 [pool-437-thread-1] INFO  server.RaftServerConfigKeys (ConfUtils.java:logGet(43)) - raft.server.log.statemachine.data.sync.timeout = 10s (default)
2019-09-27 09:21:29,311 [pool-437-thread-1] INFO  server.RaftServerConfigKeys (ConfUtils.java:logGet(43)) - raft.server.log.statemachine.data.sync.timeout.retry = -1 (default)
2019-09-27 09:21:29,311 [pool-437-thread-1] INFO  server.RaftServerConfigKeys (ConfUtils.java:logGet(43)) - raft.server.log.statemachine.data.caching.enabled = true (custom)
2019-09-27 09:21:29,312 [pool-437-thread-1] INFO  segmented.SegmentedRaftLogWorker (SegmentedRaftLogWorker.java:lambda$new$0(132)) - 545840a3-a59e-4544-b748-6e804ee187a8@group-86B9A2E11FFC-SegmentedRaftLogWorker: flushIndex: setUnconditionally 0 -> -1
2019-09-27 09:21:29,312 [pool-437-thread-1] INFO  server.RaftServerConfigKeys (ConfUtils.java:logGet(43)) - raft.server.snapshot.auto.trigger.enabled = true (custom)
2019-09-27 09:21:29,312 [pool-437-thread-1] INFO  server.RaftServerConfigKeys (ConfUtils.java:logGet(43)) - raft.server.snapshot.auto.trigger.threshold = 10000 (custom)
2019-09-27 09:21:29,312 [pool-437-thread-1] INFO  server.RaftServerConfigKeys (ConfUtils.java:logGet(43)) - raft.server.snapshot.retention.num.files = 5 (custom)
2019-09-27 09:21:29,312 [pool-437-thread-1] INFO  server.RaftServerConfigKeys (ConfUtils.java:logGet(43)) - raft.server.retrycache.expirytime = 600000ms (custom)
2019-09-27 09:21:29,314 [pool-437-thread-1] INFO  impl.RaftServerImpl (RaftServerImpl.java:start(185)) - 545840a3-a59e-4544-b748-6e804ee187a8@group-86B9A2E11FFC: start as a follower, conf=-1: [545840a3-a59e-4544-b748-6e804ee187a8:192.168.151.103:38575], old=null
2019-09-27 09:21:29,314 [pool-437-thread-1] INFO  impl.RaftServerImpl (RaftServerImpl.java:setRole(174)) - 545840a3-a59e-4544-b748-6e804ee187a8@group-86B9A2E11FFC: changes role from      null to FOLLOWER at term 0 for startAsFollower
2019-09-27 09:21:29,314 [pool-437-thread-1] INFO  impl.RoleInfo (RoleInfo.java:updateAndGet(143)) - 545840a3-a59e-4544-b748-6e804ee187a8: start FollowerState
2019-09-27 09:21:29,314 [pool-437-thread-1] INFO  util.JmxRegister (JmxRegister.java:tryRegister(44)) - Successfully registered JMX Bean with object name Ratis:service=RaftServer,group=group-86B9A2E11FFC,id=545840a3-a59e-4544-b748-6e804ee187a8
2019-09-27 09:21:29,319 [RatisPipelineUtilsThread] INFO  pipeline.PipelineStateManager (PipelineStateManager.java:addPipeline(56)) - Created pipeline Pipeline[ Id: 36c7f69d-6ef7-48cb-bb5c-86b9a2e11ffc, Nodes: 545840a3-a59e-4544-b748-6e804ee187a8{ip: 192.168.151.103, host: pr-hdds2162-4fxhj-20988671, networkLocation: /rack1, certSerialId: null}, Type:RATIS, Factor:ONE, State:OPEN]
2019-09-27 09:21:29,326 [grpc-default-executor-2] INFO  impl.RaftServerProxy (RaftServerProxy.java:addNew(89)) - 4c0a5387-3197-4e6b-9533-589fb410635e: addNew group-7D1F36F98E41:[4c0a5387-3197-4e6b-9533-589fb410635e:192.168.151.103:34462] returns group-7D1F36F98E41:java.util.concurrent.CompletableFuture@6a7c607e[Not completed]
2019-09-27 09:21:29,327 [pool-457-thread-1] INFO  impl.RaftServerImpl (RaftServerImpl.java:<init>(95)) - 4c0a5387-3197-4e6b-9533-589fb410635e: new RaftServerImpl for group-7D1F36F98E41:[4c0a5387-3197-4e6b-9533-589fb410635e:192.168.151.103:34462] with ContainerStateMachine:uninitialized
2019-09-27 09:21:29,327 [pool-457-thread-1] INFO  server.RaftServerConfigKeys (ConfUtils.java:logGet(43)) - raft.server.rpc.timeout.min = 1s (custom)
2019-09-27 09:21:29,328 [pool-457-thread-1] INFO  server.RaftServerConfigKeys (ConfUtils.java:logGet(43)) - raft.server.rpc.timeout.max = 1200ms (custom)
2019-09-27 09:21:29,328 [pool-457-thread-1] INFO  server.RaftServerConfigKeys (ConfUtils.java:logGet(43)) - raft.server.rpcslowness.timeout = 120s (custom)
2019-09-27 09:21:29,328 [pool-457-thread-1] INFO  server.RaftServerConfigKeys (ConfUtils.java:logGet(43)) - raft.server.sleep.deviation.threshold = 300 (default)
2019-09-27 09:21:29,328 [pool-457-thread-1] INFO  server.RaftServerConfigKeys (ConfUtils.java:logGet(43)) - raft.server.log.appender.install.snapshot.enabled = false (custom)
2019-09-27 09:21:29,328 [pool-457-thread-1] INFO  impl.RaftServerImpl (ServerState.java:<init>(103)) - 4c0a5387-3197-4e6b-9533-589fb410635e@group-7D1F36F98E41: ConfigurationManager, init=-1: [4c0a5387-3197-4e6b-9533-589fb410635e:192.168.151.103:34462], old=null, confs=<EMPTY_MAP>
2019-09-27 09:21:29,328 [pool-457-thread-1] INFO  server.RaftServerConfigKeys (ConfUtils.java:logGet(43)) - raft.server.storage.dir = [/workdir/hadoop-ozone/integration-test/target/test-dir/MiniOzoneClusterImpl-68e31327-6f0a-47ff-9789-fe3f4972a3d5/datanode-7/data/ratis] (custom)
2019-09-27 09:21:29,329 [pool-457-thread-1] INFO  storage.RaftStorageDirectory (RaftStorageDirectory.java:analyzeStorage(246)) - The storage directory /workdir/hadoop-ozone/integration-test/target/test-dir/MiniOzoneClusterImpl-68e31327-6f0a-47ff-9789-fe3f4972a3d5/datanode-7/data/ratis/ae758187-2c1b-418c-a190-7d1f36f98e41 does not exist. Creating ...
2019-09-27 09:21:29,342 [pool-457-thread-1] INFO  storage.RaftStorageDirectory (RaftStorageDirectory.java:tryLock(328)) - Lock on /workdir/hadoop-ozone/integration-test/target/test-dir/MiniOzoneClusterImpl-68e31327-6f0a-47ff-9789-fe3f4972a3d5/datanode-7/data/ratis/ae758187-2c1b-418c-a190-7d1f36f98e41/in_use.lock acquired by nodename 29571@pr-hdds2162-4fxhj-20988671
2019-09-27 09:21:29,355 [pool-457-thread-1] INFO  storage.RaftStorage (RaftStorage.java:format(72)) - Storage directory /workdir/hadoop-ozone/integration-test/target/test-dir/MiniOzoneClusterImpl-68e31327-6f0a-47ff-9789-fe3f4972a3d5/datanode-7/data/ratis/ae758187-2c1b-418c-a190-7d1f36f98e41 has been successfully formatted.
2019-09-27 09:21:29,355 [pool-457-thread-1] INFO  ratis.ContainerStateMachine (ContainerStateMachine.java:loadSnapshot(230)) - group-7D1F36F98E41: The snapshot info is null. Setting the last applied indexto:(t:0, i:~)
2019-09-27 09:21:29,355 [pool-457-thread-1] INFO  server.RaftServerConfigKeys (ConfUtils.java:logGet(43)) - raft.server.notification.no-leader.timeout = 120s (custom)
2019-09-27 09:21:29,355 [pool-457-thread-1] INFO  server.RaftServerConfigKeys (ConfUtils.java:logGet(43)) - raft.server.log.use.memory = false (default)
2019-09-27 09:21:29,355 [pool-457-thread-1] INFO  server.RaftServerConfigKeys (ConfUtils.java:logGet(43)) - raft.server.log.purge.gap = 1000000 (custom)
2019-09-27 09:21:29,355 [pool-457-thread-1] INFO  server.RaftServerConfigKeys (ConfUtils.java:logGet(43)) - raft.server.log.appender.buffer.byte-limit = 33554432 (custom)
2019-09-27 09:21:29,356 [pool-457-thread-1] INFO  server.RaftServerConfigKeys (ConfUtils.java:logGet(43)) - raft.server.log.segment.size.max = 1048576 (custom)
2019-09-27 09:21:29,356 [pool-457-thread-1] INFO  server.RaftServerConfigKeys (ConfUtils.java:logGet(43)) - raft.server.log.segment.cache.num.max = 2 (custom)
2019-09-27 09:21:29,356 [pool-457-thread-1] INFO  segmented.SegmentedRaftLogWorker (SegmentedRaftLogWorker.java:<init>(172)) - new 4c0a5387-3197-4e6b-9533-589fb410635e@group-7D1F36F98E41-SegmentedRaftLogWorker for RaftStorage:Storage Directory /workdir/hadoop-ozone/integration-test/target/test-dir/MiniOzoneClusterImpl-68e31327-6f0a-47ff-9789-fe3f4972a3d5/datanode-7/data/ratis/ae758187-2c1b-418c-a190-7d1f36f98e41
2019-09-27 09:21:29,357 [pool-457-thread-1] INFO  server.RaftServerConfigKeys (ConfUtils.java:logGet(43)) - raft.server.log.queue.byte-limit = 2147483647 (custom)
2019-09-27 09:21:29,357 [pool-457-thread-1] INFO  server.RaftServerConfigKeys (ConfUtils.java:logGet(43)) - raft.server.log.queue.element-limit = 1024 (custom)
2019-09-27 09:21:29,357 [pool-457-thread-1] INFO  server.RaftServerConfigKeys (ConfUtils.java:logGet(43)) - raft.server.log.segment.size.max = 1048576 (custom)
2019-09-27 09:21:29,358 [pool-457-thread-1] INFO  server.RaftServerConfigKeys (ConfUtils.java:logGet(43)) - raft.server.log.preallocated.size = 16384 (custom)
2019-09-27 09:21:29,358 [pool-457-thread-1] INFO  server.RaftServerConfigKeys (ConfUtils.java:logGet(43)) - raft.server.log.write.buffer.size = 33554432 (custom)
2019-09-27 09:21:29,358 [pool-457-thread-1] INFO  server.RaftServerConfigKeys (ConfUtils.java:logGet(43)) - raft.server.log.force.sync.num = 128 (default)
2019-09-27 09:21:29,358 [pool-457-thread-1] INFO  server.RaftServerConfigKeys (ConfUtils.java:logGet(43)) - raft.server.log.statemachine.data.sync = true (default)
2019-09-27 09:21:29,358 [pool-457-thread-1] INFO  server.RaftServerConfigKeys (ConfUtils.java:logGet(43)) - raft.server.log.statemachine.data.sync.timeout = 10s (default)
2019-09-27 09:21:29,358 [pool-457-thread-1] INFO  server.RaftServerConfigKeys (ConfUtils.java:logGet(43)) - raft.server.log.statemachine.data.sync.timeout.retry = -1 (default)
2019-09-27 09:21:29,358 [pool-457-thread-1] INFO  server.RaftServerConfigKeys (ConfUtils.java:logGet(43)) - raft.server.log.statemachine.data.caching.enabled = true (custom)
2019-09-27 09:21:29,359 [pool-457-thread-1] INFO  segmented.SegmentedRaftLogWorker (SegmentedRaftLogWorker.java:lambda$new$0(132)) - 4c0a5387-3197-4e6b-9533-589fb410635e@group-7D1F36F98E41-SegmentedRaftLogWorker: flushIndex: setUnconditionally 0 -> -1
2019-09-27 09:21:29,359 [pool-457-thread-1] INFO  server.RaftServerConfigKeys (ConfUtils.java:logGet(43)) - raft.server.snapshot.auto.trigger.enabled = true (custom)
2019-09-27 09:21:29,359 [pool-457-thread-1] INFO  server.RaftServerConfigKeys (ConfUtils.java:logGet(43)) - raft.server.snapshot.auto.trigger.threshold = 10000 (custom)
2019-09-27 09:21:29,359 [pool-457-thread-1] INFO  server.RaftServerConfigKeys (ConfUtils.java:logGet(43)) - raft.server.snapshot.retention.num.files = 5 (custom)
2019-09-27 09:21:29,359 [pool-457-thread-1] INFO  server.RaftServerConfigKeys (ConfUtils.java:logGet(43)) - raft.server.retrycache.expirytime = 600000ms (custom)
2019-09-27 09:21:29,361 [pool-457-thread-1] INFO  impl.RaftServerImpl (RaftServerImpl.java:start(185)) - 4c0a5387-3197-4e6b-9533-589fb410635e@group-7D1F36F98E41: start as a follower, conf=-1: [4c0a5387-3197-4e6b-9533-589fb410635e:192.168.151.103:34462], old=null
2019-09-27 09:21:29,361 [pool-457-thread-1] INFO  impl.RaftServerImpl (RaftServerImpl.java:setRole(174)) - 4c0a5387-3197-4e6b-9533-589fb410635e@group-7D1F36F98E41: changes role from      null to FOLLOWER at term 0 for startAsFollower
2019-09-27 09:21:29,361 [pool-457-thread-1] INFO  impl.RoleInfo (RoleInfo.java:updateAndGet(143)) - 4c0a5387-3197-4e6b-9533-589fb410635e: start FollowerState
2019-09-27 09:21:29,362 [pool-457-thread-1] INFO  util.JmxRegister (JmxRegister.java:tryRegister(44)) - Successfully registered JMX Bean with object name Ratis:service=RaftServer,group=group-7D1F36F98E41,id=4c0a5387-3197-4e6b-9533-589fb410635e
2019-09-27 09:21:29,366 [IPC Server handler 2 on 45987] INFO  net.NetworkTopology (NetworkTopologyImpl.java:add(111)) - Added a new node: /rack1/3f71806d-9ec4-45c7-9788-6c1507baaf47
2019-09-27 09:21:29,366 [IPC Server handler 2 on 45987] INFO  node.SCMNodeManager (SCMNodeManager.java:register(266)) - Registered Data node : 3f71806d-9ec4-45c7-9788-6c1507baaf47{ip: 192.168.151.103, host: pr-hdds2162-4fxhj-20988671, networkLocation: /rack1, certSerialId: null}
2019-09-27 09:21:29,367 [RatisPipelineUtilsThread] INFO  pipeline.PipelineStateManager (PipelineStateManager.java:addPipeline(56)) - Created pipeline Pipeline[ Id: ae758187-2c1b-418c-a190-7d1f36f98e41, Nodes: 4c0a5387-3197-4e6b-9533-589fb410635e{ip: 192.168.151.103, host: pr-hdds2162-4fxhj-20988671, networkLocation: /rack1, certSerialId: null}, Type:RATIS, Factor:ONE, State:OPEN]
2019-09-27 09:21:29,374 [grpc-default-executor-2] INFO  impl.RaftServerProxy (RaftServerProxy.java:addNew(89)) - 69eece0b-35aa-4c3f-ae5c-22aaa3245fe4: addNew group-6703960E3746:[69eece0b-35aa-4c3f-ae5c-22aaa3245fe4:192.168.151.103:38721] returns group-6703960E3746:java.util.concurrent.CompletableFuture@22770a75[Not completed]
2019-09-27 09:21:29,375 [pool-427-thread-1] INFO  impl.RaftServerImpl (RaftServerImpl.java:<init>(95)) - 69eece0b-35aa-4c3f-ae5c-22aaa3245fe4: new RaftServerImpl for group-6703960E3746:[69eece0b-35aa-4c3f-ae5c-22aaa3245fe4:192.168.151.103:38721] with ContainerStateMachine:uninitialized
2019-09-27 09:21:29,375 [pool-427-thread-1] INFO  server.RaftServerConfigKeys (ConfUtils.java:logGet(43)) - raft.server.rpc.timeout.min = 1s (custom)
2019-09-27 09:21:29,375 [pool-427-thread-1] INFO  server.RaftServerConfigKeys (ConfUtils.java:logGet(43)) - raft.server.rpc.timeout.max = 1200ms (custom)
2019-09-27 09:21:29,375 [pool-427-thread-1] INFO  server.RaftServerConfigKeys (ConfUtils.java:logGet(43)) - raft.server.rpcslowness.timeout = 120s (custom)
2019-09-27 09:21:29,375 [pool-427-thread-1] INFO  server.RaftServerConfigKeys (ConfUtils.java:logGet(43)) - raft.server.sleep.deviation.threshold = 300 (default)
2019-09-27 09:21:29,376 [pool-427-thread-1] INFO  server.RaftServerConfigKeys (ConfUtils.java:logGet(43)) - raft.server.log.appender.install.snapshot.enabled = false (custom)
2019-09-27 09:21:29,376 [pool-427-thread-1] INFO  impl.RaftServerImpl (ServerState.java:<init>(103)) - 69eece0b-35aa-4c3f-ae5c-22aaa3245fe4@group-6703960E3746: ConfigurationManager, init=-1: [69eece0b-35aa-4c3f-ae5c-22aaa3245fe4:192.168.151.103:38721], old=null, confs=<EMPTY_MAP>
2019-09-27 09:21:29,376 [pool-427-thread-1] INFO  server.RaftServerConfigKeys (ConfUtils.java:logGet(43)) - raft.server.storage.dir = [/workdir/hadoop-ozone/integration-test/target/test-dir/MiniOzoneClusterImpl-68e31327-6f0a-47ff-9789-fe3f4972a3d5/datanode-4/data/ratis] (custom)
2019-09-27 09:21:29,376 [pool-427-thread-1] INFO  storage.RaftStorageDirectory (RaftStorageDirectory.java:analyzeStorage(246)) - The storage directory /workdir/hadoop-ozone/integration-test/target/test-dir/MiniOzoneClusterImpl-68e31327-6f0a-47ff-9789-fe3f4972a3d5/datanode-4/data/ratis/509f11a6-531c-4e35-8e4e-6703960e3746 does not exist. Creating ...
2019-09-27 09:21:29,389 [pool-427-thread-1] INFO  storage.RaftStorageDirectory (RaftStorageDirectory.java:tryLock(328)) - Lock on /workdir/hadoop-ozone/integration-test/target/test-dir/MiniOzoneClusterImpl-68e31327-6f0a-47ff-9789-fe3f4972a3d5/datanode-4/data/ratis/509f11a6-531c-4e35-8e4e-6703960e3746/in_use.lock acquired by nodename 29571@pr-hdds2162-4fxhj-20988671
2019-09-27 09:21:29,402 [pool-427-thread-1] INFO  storage.RaftStorage (RaftStorage.java:format(72)) - Storage directory /workdir/hadoop-ozone/integration-test/target/test-dir/MiniOzoneClusterImpl-68e31327-6f0a-47ff-9789-fe3f4972a3d5/datanode-4/data/ratis/509f11a6-531c-4e35-8e4e-6703960e3746 has been successfully formatted.
2019-09-27 09:21:29,403 [pool-427-thread-1] INFO  ratis.ContainerStateMachine (ContainerStateMachine.java:loadSnapshot(230)) - group-6703960E3746: The snapshot info is null. Setting the last applied indexto:(t:0, i:~)
2019-09-27 09:21:29,403 [pool-427-thread-1] INFO  server.RaftServerConfigKeys (ConfUtils.java:logGet(43)) - raft.server.notification.no-leader.timeout = 120s (custom)
2019-09-27 09:21:29,403 [pool-427-thread-1] INFO  server.RaftServerConfigKeys (ConfUtils.java:logGet(43)) - raft.server.log.use.memory = false (default)
2019-09-27 09:21:29,403 [pool-427-thread-1] INFO  server.RaftServerConfigKeys (ConfUtils.java:logGet(43)) - raft.server.log.purge.gap = 1000000 (custom)
2019-09-27 09:21:29,403 [pool-427-thread-1] INFO  server.RaftServerConfigKeys (ConfUtils.java:logGet(43)) - raft.server.log.appender.buffer.byte-limit = 33554432 (custom)
2019-09-27 09:21:29,403 [pool-427-thread-1] INFO  server.RaftServerConfigKeys (ConfUtils.java:logGet(43)) - raft.server.log.segment.size.max = 1048576 (custom)
2019-09-27 09:21:29,403 [pool-427-thread-1] INFO  server.RaftServerConfigKeys (ConfUtils.java:logGet(43)) - raft.server.log.segment.cache.num.max = 2 (custom)
2019-09-27 09:21:29,403 [pool-427-thread-1] INFO  segmented.SegmentedRaftLogWorker (SegmentedRaftLogWorker.java:<init>(172)) - new 69eece0b-35aa-4c3f-ae5c-22aaa3245fe4@group-6703960E3746-SegmentedRaftLogWorker for RaftStorage:Storage Directory /workdir/hadoop-ozone/integration-test/target/test-dir/MiniOzoneClusterImpl-68e31327-6f0a-47ff-9789-fe3f4972a3d5/datanode-4/data/ratis/509f11a6-531c-4e35-8e4e-6703960e3746
2019-09-27 09:21:29,403 [pool-427-thread-1] INFO  server.RaftServerConfigKeys (ConfUtils.java:logGet(43)) - raft.server.log.queue.byte-limit = 2147483647 (custom)
2019-09-27 09:21:29,404 [pool-427-thread-1] INFO  server.RaftServerConfigKeys (ConfUtils.java:logGet(43)) - raft.server.log.queue.element-limit = 1024 (custom)
2019-09-27 09:21:29,404 [pool-427-thread-1] INFO  server.RaftServerConfigKeys (ConfUtils.java:logGet(43)) - raft.server.log.segment.size.max = 1048576 (custom)
2019-09-27 09:21:29,404 [pool-427-thread-1] INFO  server.RaftServerConfigKeys (ConfUtils.java:logGet(43)) - raft.server.log.preallocated.size = 16384 (custom)
2019-09-27 09:21:29,404 [pool-427-thread-1] INFO  server.RaftServerConfigKeys (ConfUtils.java:logGet(43)) - raft.server.log.write.buffer.size = 33554432 (custom)
2019-09-27 09:21:29,404 [pool-427-thread-1] INFO  server.RaftServerConfigKeys (ConfUtils.java:logGet(43)) - raft.server.log.force.sync.num = 128 (default)
2019-09-27 09:21:29,404 [pool-427-thread-1] INFO  server.RaftServerConfigKeys (ConfUtils.java:logGet(43)) - raft.server.log.statemachine.data.sync = true (default)
2019-09-27 09:21:29,404 [pool-427-thread-1] INFO  server.RaftServerConfigKeys (ConfUtils.java:logGet(43)) - raft.server.log.statemachine.data.sync.timeout = 10s (default)
2019-09-27 09:21:29,404 [pool-427-thread-1] INFO  server.RaftServerConfigKeys (ConfUtils.java:logGet(43)) - raft.server.log.statemachine.data.sync.timeout.retry = -1 (default)
2019-09-27 09:21:29,404 [pool-427-thread-1] INFO  server.RaftServerConfigKeys (ConfUtils.java:logGet(43)) - raft.server.log.statemachine.data.caching.enabled = true (custom)
2019-09-27 09:21:29,405 [pool-427-thread-1] INFO  segmented.SegmentedRaftLogWorker (SegmentedRaftLogWorker.java:lambda$new$0(132)) - 69eece0b-35aa-4c3f-ae5c-22aaa3245fe4@group-6703960E3746-SegmentedRaftLogWorker: flushIndex: setUnconditionally 0 -> -1
2019-09-27 09:21:29,405 [pool-427-thread-1] INFO  server.RaftServerConfigKeys (ConfUtils.java:logGet(43)) - raft.server.snapshot.auto.trigger.enabled = true (custom)
2019-09-27 09:21:29,405 [pool-427-thread-1] INFO  server.RaftServerConfigKeys (ConfUtils.java:logGet(43)) - raft.server.snapshot.auto.trigger.threshold = 10000 (custom)
2019-09-27 09:21:29,406 [pool-427-thread-1] INFO  server.RaftServerConfigKeys (ConfUtils.java:logGet(43)) - raft.server.snapshot.retention.num.files = 5 (custom)
2019-09-27 09:21:29,406 [pool-427-thread-1] INFO  server.RaftServerConfigKeys (ConfUtils.java:logGet(43)) - raft.server.retrycache.expirytime = 600000ms (custom)
2019-09-27 09:21:29,407 [pool-427-thread-1] INFO  impl.RaftServerImpl (RaftServerImpl.java:start(185)) - 69eece0b-35aa-4c3f-ae5c-22aaa3245fe4@group-6703960E3746: start as a follower, conf=-1: [69eece0b-35aa-4c3f-ae5c-22aaa3245fe4:192.168.151.103:38721], old=null
2019-09-27 09:21:29,407 [pool-427-thread-1] INFO  impl.RaftServerImpl (RaftServerImpl.java:setRole(174)) - 69eece0b-35aa-4c3f-ae5c-22aaa3245fe4@group-6703960E3746: changes role from      null to FOLLOWER at term 0 for startAsFollower
2019-09-27 09:21:29,407 [pool-427-thread-1] INFO  impl.RoleInfo (RoleInfo.java:updateAndGet(143)) - 69eece0b-35aa-4c3f-ae5c-22aaa3245fe4: start FollowerState
2019-09-27 09:21:29,407 [pool-427-thread-1] INFO  util.JmxRegister (JmxRegister.java:tryRegister(44)) - Successfully registered JMX Bean with object name Ratis:service=RaftServer,group=group-6703960E3746,id=69eece0b-35aa-4c3f-ae5c-22aaa3245fe4
2019-09-27 09:21:29,413 [RatisPipelineUtilsThread] INFO  pipeline.PipelineStateManager (PipelineStateManager.java:addPipeline(56)) - Created pipeline Pipeline[ Id: 509f11a6-531c-4e35-8e4e-6703960e3746, Nodes: 69eece0b-35aa-4c3f-ae5c-22aaa3245fe4{ip: 192.168.151.103, host: pr-hdds2162-4fxhj-20988671, networkLocation: /rack1, certSerialId: null}, Type:RATIS, Factor:ONE, State:OPEN]
2019-09-27 09:21:29,425 [grpc-default-executor-2] INFO  impl.RaftServerProxy (RaftServerProxy.java:addNew(89)) - e6683dc0-e787-4f77-a1bd-b29d73bfe0c0: addNew group-D320C678A4A8:[e6683dc0-e787-4f77-a1bd-b29d73bfe0c0:192.168.151.103:34419] returns group-D320C678A4A8:java.util.concurrent.CompletableFuture@74d6b67b[Not completed]
2019-09-27 09:21:29,426 [pool-447-thread-1] INFO  impl.RaftServerImpl (RaftServerImpl.java:<init>(95)) - e6683dc0-e787-4f77-a1bd-b29d73bfe0c0: new RaftServerImpl for group-D320C678A4A8:[e6683dc0-e787-4f77-a1bd-b29d73bfe0c0:192.168.151.103:34419] with ContainerStateMachine:uninitialized
2019-09-27 09:21:29,426 [pool-447-thread-1] INFO  server.RaftServerConfigKeys (ConfUtils.java:logGet(43)) - raft.server.rpc.timeout.min = 1s (custom)
2019-09-27 09:21:29,426 [pool-447-thread-1] INFO  server.RaftServerConfigKeys (ConfUtils.java:logGet(43)) - raft.server.rpc.timeout.max = 1200ms (custom)
2019-09-27 09:21:29,426 [pool-447-thread-1] INFO  server.RaftServerConfigKeys (ConfUtils.java:logGet(43)) - raft.server.rpcslowness.timeout = 120s (custom)
2019-09-27 09:21:29,426 [pool-447-thread-1] INFO  server.RaftServerConfigKeys (ConfUtils.java:logGet(43)) - raft.server.sleep.deviation.threshold = 300 (default)
2019-09-27 09:21:29,426 [pool-447-thread-1] INFO  server.RaftServerConfigKeys (ConfUtils.java:logGet(43)) - raft.server.log.appender.install.snapshot.enabled = false (custom)
2019-09-27 09:21:29,427 [pool-447-thread-1] INFO  impl.RaftServerImpl (ServerState.java:<init>(103)) - e6683dc0-e787-4f77-a1bd-b29d73bfe0c0@group-D320C678A4A8: ConfigurationManager, init=-1: [e6683dc0-e787-4f77-a1bd-b29d73bfe0c0:192.168.151.103:34419], old=null, confs=<EMPTY_MAP>
2019-09-27 09:21:29,427 [pool-447-thread-1] INFO  server.RaftServerConfigKeys (ConfUtils.java:logGet(43)) - raft.server.storage.dir = [/workdir/hadoop-ozone/integration-test/target/test-dir/MiniOzoneClusterImpl-68e31327-6f0a-47ff-9789-fe3f4972a3d5/datanode-6/data/ratis] (custom)
2019-09-27 09:21:29,427 [pool-447-thread-1] INFO  storage.RaftStorageDirectory (RaftStorageDirectory.java:analyzeStorage(246)) - The storage directory /workdir/hadoop-ozone/integration-test/target/test-dir/MiniOzoneClusterImpl-68e31327-6f0a-47ff-9789-fe3f4972a3d5/datanode-6/data/ratis/5bb8fcf5-c572-4ed9-8f6c-d320c678a4a8 does not exist. Creating ...
2019-09-27 09:21:29,439 [main] INFO  ozone.MiniOzoneClusterImpl (MiniOzoneClusterImpl.java:lambda$waitForClusterToBeReady$0(147)) - Waiting for cluster to be ready. Got 9 of 10 DN Heartbeats.
2019-09-27 09:21:29,439 [IPC Server handler 4 on 45987] INFO  net.NetworkTopology (NetworkTopologyImpl.java:add(111)) - Added a new node: /rack1/161d0b6c-bb81-43fa-8578-505f63e7c46b
2019-09-27 09:21:29,440 [IPC Server handler 4 on 45987] INFO  node.SCMNodeManager (SCMNodeManager.java:register(266)) - Registered Data node : 161d0b6c-bb81-43fa-8578-505f63e7c46b{ip: 192.168.151.103, host: pr-hdds2162-4fxhj-20988671, networkLocation: /rack1, certSerialId: null}
2019-09-27 09:21:29,441 [pool-447-thread-1] INFO  storage.RaftStorageDirectory (RaftStorageDirectory.java:tryLock(328)) - Lock on /workdir/hadoop-ozone/integration-test/target/test-dir/MiniOzoneClusterImpl-68e31327-6f0a-47ff-9789-fe3f4972a3d5/datanode-6/data/ratis/5bb8fcf5-c572-4ed9-8f6c-d320c678a4a8/in_use.lock acquired by nodename 29571@pr-hdds2162-4fxhj-20988671
2019-09-27 09:21:29,454 [pool-447-thread-1] INFO  storage.RaftStorage (RaftStorage.java:format(72)) - Storage directory /workdir/hadoop-ozone/integration-test/target/test-dir/MiniOzoneClusterImpl-68e31327-6f0a-47ff-9789-fe3f4972a3d5/datanode-6/data/ratis/5bb8fcf5-c572-4ed9-8f6c-d320c678a4a8 has been successfully formatted.
2019-09-27 09:21:29,456 [pool-447-thread-1] INFO  ratis.ContainerStateMachine (ContainerStateMachine.java:loadSnapshot(230)) - group-D320C678A4A8: The snapshot info is null. Setting the last applied indexto:(t:0, i:~)
2019-09-27 09:21:29,456 [pool-447-thread-1] INFO  server.RaftServerConfigKeys (ConfUtils.java:logGet(43)) - raft.server.notification.no-leader.timeout = 120s (custom)
2019-09-27 09:21:29,456 [pool-447-thread-1] INFO  server.RaftServerConfigKeys (ConfUtils.java:logGet(43)) - raft.server.log.use.memory = false (default)
2019-09-27 09:21:29,456 [pool-447-thread-1] INFO  server.RaftServerConfigKeys (ConfUtils.java:logGet(43)) - raft.server.log.purge.gap = 1000000 (custom)
2019-09-27 09:21:29,456 [pool-447-thread-1] INFO  server.RaftServerConfigKeys (ConfUtils.java:logGet(43)) - raft.server.log.appender.buffer.byte-limit = 33554432 (custom)
2019-09-27 09:21:29,456 [pool-447-thread-1] INFO  server.RaftServerConfigKeys (ConfUtils.java:logGet(43)) - raft.server.log.segment.size.max = 1048576 (custom)
2019-09-27 09:21:29,457 [pool-447-thread-1] INFO  server.RaftServerConfigKeys (ConfUtils.java:logGet(43)) - raft.server.log.segment.cache.num.max = 2 (custom)
2019-09-27 09:21:29,457 [pool-447-thread-1] INFO  segmented.SegmentedRaftLogWorker (SegmentedRaftLogWorker.java:<init>(172)) - new e6683dc0-e787-4f77-a1bd-b29d73bfe0c0@group-D320C678A4A8-SegmentedRaftLogWorker for RaftStorage:Storage Directory /workdir/hadoop-ozone/integration-test/target/test-dir/MiniOzoneClusterImpl-68e31327-6f0a-47ff-9789-fe3f4972a3d5/datanode-6/data/ratis/5bb8fcf5-c572-4ed9-8f6c-d320c678a4a8
2019-09-27 09:21:29,458 [pool-447-thread-1] INFO  server.RaftServerConfigKeys (ConfUtils.java:logGet(43)) - raft.server.log.queue.byte-limit = 2147483647 (custom)
2019-09-27 09:21:29,458 [pool-447-thread-1] INFO  server.RaftServerConfigKeys (ConfUtils.java:logGet(43)) - raft.server.log.queue.element-limit = 1024 (custom)
2019-09-27 09:21:29,459 [pool-447-thread-1] INFO  server.RaftServerConfigKeys (ConfUtils.java:logGet(43)) - raft.server.log.segment.size.max = 1048576 (custom)
2019-09-27 09:21:29,459 [pool-447-thread-1] INFO  server.RaftServerConfigKeys (ConfUtils.java:logGet(43)) - raft.server.log.preallocated.size = 16384 (custom)
2019-09-27 09:21:29,459 [pool-447-thread-1] INFO  server.RaftServerConfigKeys (ConfUtils.java:logGet(43)) - raft.server.log.write.buffer.size = 33554432 (custom)
2019-09-27 09:21:29,459 [pool-447-thread-1] INFO  server.RaftServerConfigKeys (ConfUtils.java:logGet(43)) - raft.server.log.force.sync.num = 128 (default)
2019-09-27 09:21:29,459 [pool-447-thread-1] INFO  server.RaftServerConfigKeys (ConfUtils.java:logGet(43)) - raft.server.log.statemachine.data.sync = true (default)
2019-09-27 09:21:29,459 [pool-447-thread-1] INFO  server.RaftServerConfigKeys (ConfUtils.java:logGet(43)) - raft.server.log.statemachine.data.sync.timeout = 10s (default)
2019-09-27 09:21:29,459 [pool-447-thread-1] INFO  server.RaftServerConfigKeys (ConfUtils.java:logGet(43)) - raft.server.log.statemachine.data.sync.timeout.retry = -1 (default)
2019-09-27 09:21:29,460 [pool-447-thread-1] INFO  server.RaftServerConfigKeys (ConfUtils.java:logGet(43)) - raft.server.log.statemachine.data.caching.enabled = true (custom)
2019-09-27 09:21:29,460 [pool-447-thread-1] INFO  segmented.SegmentedRaftLogWorker (SegmentedRaftLogWorker.java:lambda$new$0(132)) - e6683dc0-e787-4f77-a1bd-b29d73bfe0c0@group-D320C678A4A8-SegmentedRaftLogWorker: flushIndex: setUnconditionally 0 -> -1
2019-09-27 09:21:29,460 [pool-447-thread-1] INFO  server.RaftServerConfigKeys (ConfUtils.java:logGet(43)) - raft.server.snapshot.auto.trigger.enabled = true (custom)
2019-09-27 09:21:29,460 [pool-447-thread-1] INFO  server.RaftServerConfigKeys (ConfUtils.java:logGet(43)) - raft.server.snapshot.auto.trigger.threshold = 10000 (custom)
2019-09-27 09:21:29,460 [pool-447-thread-1] INFO  server.RaftServerConfigKeys (ConfUtils.java:logGet(43)) - raft.server.snapshot.retention.num.files = 5 (custom)
2019-09-27 09:21:29,461 [pool-447-thread-1] INFO  server.RaftServerConfigKeys (ConfUtils.java:logGet(43)) - raft.server.retrycache.expirytime = 600000ms (custom)
2019-09-27 09:21:29,462 [pool-447-thread-1] INFO  impl.RaftServerImpl (RaftServerImpl.java:start(185)) - e6683dc0-e787-4f77-a1bd-b29d73bfe0c0@group-D320C678A4A8: start as a follower, conf=-1: [e6683dc0-e787-4f77-a1bd-b29d73bfe0c0:192.168.151.103:34419], old=null
2019-09-27 09:21:29,462 [pool-447-thread-1] INFO  impl.RaftServerImpl (RaftServerImpl.java:setRole(174)) - e6683dc0-e787-4f77-a1bd-b29d73bfe0c0@group-D320C678A4A8: changes role from      null to FOLLOWER at term 0 for startAsFollower
2019-09-27 09:21:29,462 [pool-447-thread-1] INFO  impl.RoleInfo (RoleInfo.java:updateAndGet(143)) - e6683dc0-e787-4f77-a1bd-b29d73bfe0c0: start FollowerState
2019-09-27 09:21:29,462 [pool-447-thread-1] INFO  util.JmxRegister (JmxRegister.java:tryRegister(44)) - Successfully registered JMX Bean with object name Ratis:service=RaftServer,group=group-D320C678A4A8,id=e6683dc0-e787-4f77-a1bd-b29d73bfe0c0
2019-09-27 09:21:29,469 [RatisPipelineUtilsThread] INFO  pipeline.PipelineStateManager (PipelineStateManager.java:addPipeline(56)) - Created pipeline Pipeline[ Id: 5bb8fcf5-c572-4ed9-8f6c-d320c678a4a8, Nodes: e6683dc0-e787-4f77-a1bd-b29d73bfe0c0{ip: 192.168.151.103, host: pr-hdds2162-4fxhj-20988671, networkLocation: /rack1, certSerialId: null}, Type:RATIS, Factor:ONE, State:OPEN]
2019-09-27 09:21:29,479 [grpc-default-executor-2] INFO  impl.RaftServerProxy (RaftServerProxy.java:addNew(89)) - 161d0b6c-bb81-43fa-8578-505f63e7c46b: addNew group-F425947D9CAF:[161d0b6c-bb81-43fa-8578-505f63e7c46b:192.168.151.103:39300] returns group-F425947D9CAF:java.util.concurrent.CompletableFuture@50cc092c[Not completed]
2019-09-27 09:21:29,480 [pool-477-thread-1] INFO  impl.RaftServerImpl (RaftServerImpl.java:<init>(95)) - 161d0b6c-bb81-43fa-8578-505f63e7c46b: new RaftServerImpl for group-F425947D9CAF:[161d0b6c-bb81-43fa-8578-505f63e7c46b:192.168.151.103:39300] with ContainerStateMachine:uninitialized
2019-09-27 09:21:29,480 [pool-477-thread-1] INFO  server.RaftServerConfigKeys (ConfUtils.java:logGet(43)) - raft.server.rpc.timeout.min = 1s (custom)
2019-09-27 09:21:29,480 [pool-477-thread-1] INFO  server.RaftServerConfigKeys (ConfUtils.java:logGet(43)) - raft.server.rpc.timeout.max = 1200ms (custom)
2019-09-27 09:21:29,480 [pool-477-thread-1] INFO  server.RaftServerConfigKeys (ConfUtils.java:logGet(43)) - raft.server.rpcslowness.timeout = 120s (custom)
2019-09-27 09:21:29,480 [pool-477-thread-1] INFO  server.RaftServerConfigKeys (ConfUtils.java:logGet(43)) - raft.server.sleep.deviation.threshold = 300 (default)
2019-09-27 09:21:29,480 [pool-477-thread-1] INFO  server.RaftServerConfigKeys (ConfUtils.java:logGet(43)) - raft.server.log.appender.install.snapshot.enabled = false (custom)
2019-09-27 09:21:29,481 [pool-477-thread-1] INFO  impl.RaftServerImpl (ServerState.java:<init>(103)) - 161d0b6c-bb81-43fa-8578-505f63e7c46b@group-F425947D9CAF: ConfigurationManager, init=-1: [161d0b6c-bb81-43fa-8578-505f63e7c46b:192.168.151.103:39300], old=null, confs=<EMPTY_MAP>
2019-09-27 09:21:29,481 [pool-477-thread-1] INFO  server.RaftServerConfigKeys (ConfUtils.java:logGet(43)) - raft.server.storage.dir = [/workdir/hadoop-ozone/integration-test/target/test-dir/MiniOzoneClusterImpl-68e31327-6f0a-47ff-9789-fe3f4972a3d5/datanode-9/data/ratis] (custom)
2019-09-27 09:21:29,481 [pool-477-thread-1] INFO  storage.RaftStorageDirectory (RaftStorageDirectory.java:analyzeStorage(246)) - The storage directory /workdir/hadoop-ozone/integration-test/target/test-dir/MiniOzoneClusterImpl-68e31327-6f0a-47ff-9789-fe3f4972a3d5/datanode-9/data/ratis/6ae78489-f26d-451c-95af-f425947d9caf does not exist. Creating ...
2019-09-27 09:21:29,494 [pool-477-thread-1] INFO  storage.RaftStorageDirectory (RaftStorageDirectory.java:tryLock(328)) - Lock on /workdir/hadoop-ozone/integration-test/target/test-dir/MiniOzoneClusterImpl-68e31327-6f0a-47ff-9789-fe3f4972a3d5/datanode-9/data/ratis/6ae78489-f26d-451c-95af-f425947d9caf/in_use.lock acquired by nodename 29571@pr-hdds2162-4fxhj-20988671
2019-09-27 09:21:29,507 [pool-477-thread-1] INFO  storage.RaftStorage (RaftStorage.java:format(72)) - Storage directory /workdir/hadoop-ozone/integration-test/target/test-dir/MiniOzoneClusterImpl-68e31327-6f0a-47ff-9789-fe3f4972a3d5/datanode-9/data/ratis/6ae78489-f26d-451c-95af-f425947d9caf has been successfully formatted.
2019-09-27 09:21:29,507 [pool-477-thread-1] INFO  ratis.ContainerStateMachine (ContainerStateMachine.java:loadSnapshot(230)) - group-F425947D9CAF: The snapshot info is null. Setting the last applied indexto:(t:0, i:~)
2019-09-27 09:21:29,507 [pool-477-thread-1] INFO  server.RaftServerConfigKeys (ConfUtils.java:logGet(43)) - raft.server.notification.no-leader.timeout = 120s (custom)
2019-09-27 09:21:29,508 [pool-477-thread-1] INFO  server.RaftServerConfigKeys (ConfUtils.java:logGet(43)) - raft.server.log.use.memory = false (default)
2019-09-27 09:21:29,508 [pool-477-thread-1] INFO  server.RaftServerConfigKeys (ConfUtils.java:logGet(43)) - raft.server.log.purge.gap = 1000000 (custom)
2019-09-27 09:21:29,508 [pool-477-thread-1] INFO  server.RaftServerConfigKeys (ConfUtils.java:logGet(43)) - raft.server.log.appender.buffer.byte-limit = 33554432 (custom)
2019-09-27 09:21:29,508 [pool-477-thread-1] INFO  server.RaftServerConfigKeys (ConfUtils.java:logGet(43)) - raft.server.log.segment.size.max = 1048576 (custom)
2019-09-27 09:21:29,508 [pool-477-thread-1] INFO  server.RaftServerConfigKeys (ConfUtils.java:logGet(43)) - raft.server.log.segment.cache.num.max = 2 (custom)
2019-09-27 09:21:29,508 [pool-477-thread-1] INFO  segmented.SegmentedRaftLogWorker (SegmentedRaftLogWorker.java:<init>(172)) - new 161d0b6c-bb81-43fa-8578-505f63e7c46b@group-F425947D9CAF-SegmentedRaftLogWorker for RaftStorage:Storage Directory /workdir/hadoop-ozone/integration-test/target/test-dir/MiniOzoneClusterImpl-68e31327-6f0a-47ff-9789-fe3f4972a3d5/datanode-9/data/ratis/6ae78489-f26d-451c-95af-f425947d9caf
2019-09-27 09:21:29,509 [pool-477-thread-1] INFO  server.RaftServerConfigKeys (ConfUtils.java:logGet(43)) - raft.server.log.queue.byte-limit = 2147483647 (custom)
2019-09-27 09:21:29,509 [pool-477-thread-1] INFO  server.RaftServerConfigKeys (ConfUtils.java:logGet(43)) - raft.server.log.queue.element-limit = 1024 (custom)
2019-09-27 09:21:29,509 [pool-477-thread-1] INFO  server.RaftServerConfigKeys (ConfUtils.java:logGet(43)) - raft.server.log.segment.size.max = 1048576 (custom)
2019-09-27 09:21:29,509 [pool-477-thread-1] INFO  server.RaftServerConfigKeys (ConfUtils.java:logGet(43)) - raft.server.log.preallocated.size = 16384 (custom)
2019-09-27 09:21:29,510 [pool-477-thread-1] INFO  server.RaftServerConfigKeys (ConfUtils.java:logGet(43)) - raft.server.log.write.buffer.size = 33554432 (custom)
2019-09-27 09:21:29,510 [pool-477-thread-1] INFO  server.RaftServerConfigKeys (ConfUtils.java:logGet(43)) - raft.server.log.force.sync.num = 128 (default)
2019-09-27 09:21:29,510 [pool-477-thread-1] INFO  server.RaftServerConfigKeys (ConfUtils.java:logGet(43)) - raft.server.log.statemachine.data.sync = true (default)
2019-09-27 09:21:29,510 [pool-477-thread-1] INFO  server.RaftServerConfigKeys (ConfUtils.java:logGet(43)) - raft.server.log.statemachine.data.sync.timeout = 10s (default)
2019-09-27 09:21:29,510 [pool-477-thread-1] INFO  server.RaftServerConfigKeys (ConfUtils.java:logGet(43)) - raft.server.log.statemachine.data.sync.timeout.retry = -1 (default)
2019-09-27 09:21:29,510 [pool-477-thread-1] INFO  server.RaftServerConfigKeys (ConfUtils.java:logGet(43)) - raft.server.log.statemachine.data.caching.enabled = true (custom)
2019-09-27 09:21:29,510 [pool-477-thread-1] INFO  segmented.SegmentedRaftLogWorker (SegmentedRaftLogWorker.java:lambda$new$0(132)) - 161d0b6c-bb81-43fa-8578-505f63e7c46b@group-F425947D9CAF-SegmentedRaftLogWorker: flushIndex: setUnconditionally 0 -> -1
2019-09-27 09:21:29,511 [pool-477-thread-1] INFO  server.RaftServerConfigKeys (ConfUtils.java:logGet(43)) - raft.server.snapshot.auto.trigger.enabled = true (custom)
2019-09-27 09:21:29,511 [pool-477-thread-1] INFO  server.RaftServerConfigKeys (ConfUtils.java:logGet(43)) - raft.server.snapshot.auto.trigger.threshold = 10000 (custom)
2019-09-27 09:21:29,511 [pool-477-thread-1] INFO  server.RaftServerConfigKeys (ConfUtils.java:logGet(43)) - raft.server.snapshot.retention.num.files = 5 (custom)
2019-09-27 09:21:29,511 [pool-477-thread-1] INFO  server.RaftServerConfigKeys (ConfUtils.java:logGet(43)) - raft.server.retrycache.expirytime = 600000ms (custom)
2019-09-27 09:21:29,512 [pool-477-thread-1] INFO  impl.RaftServerImpl (RaftServerImpl.java:start(185)) - 161d0b6c-bb81-43fa-8578-505f63e7c46b@group-F425947D9CAF: start as a follower, conf=-1: [161d0b6c-bb81-43fa-8578-505f63e7c46b:192.168.151.103:39300], old=null
2019-09-27 09:21:29,512 [pool-477-thread-1] INFO  impl.RaftServerImpl (RaftServerImpl.java:setRole(174)) - 161d0b6c-bb81-43fa-8578-505f63e7c46b@group-F425947D9CAF: changes role from      null to FOLLOWER at term 0 for startAsFollower
2019-09-27 09:21:29,512 [pool-477-thread-1] INFO  impl.RoleInfo (RoleInfo.java:updateAndGet(143)) - 161d0b6c-bb81-43fa-8578-505f63e7c46b: start FollowerState
2019-09-27 09:21:29,512 [pool-477-thread-1] INFO  util.JmxRegister (JmxRegister.java:tryRegister(44)) - Successfully registered JMX Bean with object name Ratis:service=RaftServer,group=group-F425947D9CAF,id=161d0b6c-bb81-43fa-8578-505f63e7c46b
2019-09-27 09:21:29,518 [RatisPipelineUtilsThread] INFO  pipeline.PipelineStateManager (PipelineStateManager.java:addPipeline(56)) - Created pipeline Pipeline[ Id: 6ae78489-f26d-451c-95af-f425947d9caf, Nodes: 161d0b6c-bb81-43fa-8578-505f63e7c46b{ip: 192.168.151.103, host: pr-hdds2162-4fxhj-20988671, networkLocation: /rack1, certSerialId: null}, Type:RATIS, Factor:ONE, State:OPEN]
2019-09-27 09:21:29,540 [grpc-default-executor-2] INFO  impl.RaftServerProxy (RaftServerProxy.java:addNew(89)) - 3f71806d-9ec4-45c7-9788-6c1507baaf47: addNew group-F2F162473ED9:[3f71806d-9ec4-45c7-9788-6c1507baaf47:192.168.151.103:46293] returns group-F2F162473ED9:java.util.concurrent.CompletableFuture@618b81ef[Not completed]
2019-09-27 09:21:29,541 [pool-467-thread-1] INFO  impl.RaftServerImpl (RaftServerImpl.java:<init>(95)) - 3f71806d-9ec4-45c7-9788-6c1507baaf47: new RaftServerImpl for group-F2F162473ED9:[3f71806d-9ec4-45c7-9788-6c1507baaf47:192.168.151.103:46293] with ContainerStateMachine:uninitialized
2019-09-27 09:21:29,541 [pool-467-thread-1] INFO  server.RaftServerConfigKeys (ConfUtils.java:logGet(43)) - raft.server.rpc.timeout.min = 1s (custom)
2019-09-27 09:21:29,542 [pool-467-thread-1] INFO  server.RaftServerConfigKeys (ConfUtils.java:logGet(43)) - raft.server.rpc.timeout.max = 1200ms (custom)
2019-09-27 09:21:29,542 [pool-467-thread-1] INFO  server.RaftServerConfigKeys (ConfUtils.java:logGet(43)) - raft.server.rpcslowness.timeout = 120s (custom)
2019-09-27 09:21:29,542 [pool-467-thread-1] INFO  server.RaftServerConfigKeys (ConfUtils.java:logGet(43)) - raft.server.sleep.deviation.threshold = 300 (default)
2019-09-27 09:21:29,542 [pool-467-thread-1] INFO  server.RaftServerConfigKeys (ConfUtils.java:logGet(43)) - raft.server.log.appender.install.snapshot.enabled = false (custom)
2019-09-27 09:21:29,542 [pool-467-thread-1] INFO  impl.RaftServerImpl (ServerState.java:<init>(103)) - 3f71806d-9ec4-45c7-9788-6c1507baaf47@group-F2F162473ED9: ConfigurationManager, init=-1: [3f71806d-9ec4-45c7-9788-6c1507baaf47:192.168.151.103:46293], old=null, confs=<EMPTY_MAP>
2019-09-27 09:21:29,542 [pool-467-thread-1] INFO  server.RaftServerConfigKeys (ConfUtils.java:logGet(43)) - raft.server.storage.dir = [/workdir/hadoop-ozone/integration-test/target/test-dir/MiniOzoneClusterImpl-68e31327-6f0a-47ff-9789-fe3f4972a3d5/datanode-8/data/ratis] (custom)
2019-09-27 09:21:29,543 [pool-467-thread-1] INFO  storage.RaftStorageDirectory (RaftStorageDirectory.java:analyzeStorage(246)) - The storage directory /workdir/hadoop-ozone/integration-test/target/test-dir/MiniOzoneClusterImpl-68e31327-6f0a-47ff-9789-fe3f4972a3d5/datanode-8/data/ratis/c9336369-45f4-4eb8-ac9b-f2f162473ed9 does not exist. Creating ...
2019-09-27 09:21:29,556 [pool-467-thread-1] INFO  storage.RaftStorageDirectory (RaftStorageDirectory.java:tryLock(328)) - Lock on /workdir/hadoop-ozone/integration-test/target/test-dir/MiniOzoneClusterImpl-68e31327-6f0a-47ff-9789-fe3f4972a3d5/datanode-8/data/ratis/c9336369-45f4-4eb8-ac9b-f2f162473ed9/in_use.lock acquired by nodename 29571@pr-hdds2162-4fxhj-20988671
2019-09-27 09:21:29,569 [pool-467-thread-1] INFO  storage.RaftStorage (RaftStorage.java:format(72)) - Storage directory /workdir/hadoop-ozone/integration-test/target/test-dir/MiniOzoneClusterImpl-68e31327-6f0a-47ff-9789-fe3f4972a3d5/datanode-8/data/ratis/c9336369-45f4-4eb8-ac9b-f2f162473ed9 has been successfully formatted.
2019-09-27 09:21:29,569 [pool-467-thread-1] INFO  ratis.ContainerStateMachine (ContainerStateMachine.java:loadSnapshot(230)) - group-F2F162473ED9: The snapshot info is null. Setting the last applied indexto:(t:0, i:~)
2019-09-27 09:21:29,569 [pool-467-thread-1] INFO  server.RaftServerConfigKeys (ConfUtils.java:logGet(43)) - raft.server.notification.no-leader.timeout = 120s (custom)
2019-09-27 09:21:29,569 [pool-467-thread-1] INFO  server.RaftServerConfigKeys (ConfUtils.java:logGet(43)) - raft.server.log.use.memory = false (default)
2019-09-27 09:21:29,569 [pool-467-thread-1] INFO  server.RaftServerConfigKeys (ConfUtils.java:logGet(43)) - raft.server.log.purge.gap = 1000000 (custom)
2019-09-27 09:21:29,569 [pool-467-thread-1] INFO  server.RaftServerConfigKeys (ConfUtils.java:logGet(43)) - raft.server.log.appender.buffer.byte-limit = 33554432 (custom)
2019-09-27 09:21:29,570 [pool-467-thread-1] INFO  server.RaftServerConfigKeys (ConfUtils.java:logGet(43)) - raft.server.log.segment.size.max = 1048576 (custom)
2019-09-27 09:21:29,570 [pool-467-thread-1] INFO  server.RaftServerConfigKeys (ConfUtils.java:logGet(43)) - raft.server.log.segment.cache.num.max = 2 (custom)
2019-09-27 09:21:29,570 [pool-467-thread-1] INFO  segmented.SegmentedRaftLogWorker (SegmentedRaftLogWorker.java:<init>(172)) - new 3f71806d-9ec4-45c7-9788-6c1507baaf47@group-F2F162473ED9-SegmentedRaftLogWorker for RaftStorage:Storage Directory /workdir/hadoop-ozone/integration-test/target/test-dir/MiniOzoneClusterImpl-68e31327-6f0a-47ff-9789-fe3f4972a3d5/datanode-8/data/ratis/c9336369-45f4-4eb8-ac9b-f2f162473ed9
2019-09-27 09:21:29,571 [pool-467-thread-1] INFO  server.RaftServerConfigKeys (ConfUtils.java:logGet(43)) - raft.server.log.queue.byte-limit = 2147483647 (custom)
2019-09-27 09:21:29,571 [pool-467-thread-1] INFO  server.RaftServerConfigKeys (ConfUtils.java:logGet(43)) - raft.server.log.queue.element-limit = 1024 (custom)
2019-09-27 09:21:29,571 [pool-467-thread-1] INFO  server.RaftServerConfigKeys (ConfUtils.java:logGet(43)) - raft.server.log.segment.size.max = 1048576 (custom)
2019-09-27 09:21:29,571 [pool-467-thread-1] INFO  server.RaftServerConfigKeys (ConfUtils.java:logGet(43)) - raft.server.log.preallocated.size = 16384 (custom)
2019-09-27 09:21:29,572 [pool-467-thread-1] INFO  server.RaftServerConfigKeys (ConfUtils.java:logGet(43)) - raft.server.log.write.buffer.size = 33554432 (custom)
2019-09-27 09:21:29,572 [pool-467-thread-1] INFO  server.RaftServerConfigKeys (ConfUtils.java:logGet(43)) - raft.server.log.force.sync.num = 128 (default)
2019-09-27 09:21:29,572 [pool-467-thread-1] INFO  server.RaftServerConfigKeys (ConfUtils.java:logGet(43)) - raft.server.log.statemachine.data.sync = true (default)
2019-09-27 09:21:29,572 [pool-467-thread-1] INFO  server.RaftServerConfigKeys (ConfUtils.java:logGet(43)) - raft.server.log.statemachine.data.sync.timeout = 10s (default)
2019-09-27 09:21:29,572 [pool-467-thread-1] INFO  server.RaftServerConfigKeys (ConfUtils.java:logGet(43)) - raft.server.log.statemachine.data.sync.timeout.retry = -1 (default)
2019-09-27 09:21:29,572 [pool-467-thread-1] INFO  server.RaftServerConfigKeys (ConfUtils.java:logGet(43)) - raft.server.log.statemachine.data.caching.enabled = true (custom)
2019-09-27 09:21:29,573 [pool-467-thread-1] INFO  segmented.SegmentedRaftLogWorker (SegmentedRaftLogWorker.java:lambda$new$0(132)) - 3f71806d-9ec4-45c7-9788-6c1507baaf47@group-F2F162473ED9-SegmentedRaftLogWorker: flushIndex: setUnconditionally 0 -> -1
2019-09-27 09:21:29,573 [pool-467-thread-1] INFO  server.RaftServerConfigKeys (ConfUtils.java:logGet(43)) - raft.server.snapshot.auto.trigger.enabled = true (custom)
2019-09-27 09:21:29,573 [pool-467-thread-1] INFO  server.RaftServerConfigKeys (ConfUtils.java:logGet(43)) - raft.server.snapshot.auto.trigger.threshold = 10000 (custom)
2019-09-27 09:21:29,574 [pool-467-thread-1] INFO  server.RaftServerConfigKeys (ConfUtils.java:logGet(43)) - raft.server.snapshot.retention.num.files = 5 (custom)
2019-09-27 09:21:29,574 [pool-467-thread-1] INFO  server.RaftServerConfigKeys (ConfUtils.java:logGet(43)) - raft.server.retrycache.expirytime = 600000ms (custom)
2019-09-27 09:21:29,576 [pool-467-thread-1] INFO  impl.RaftServerImpl (RaftServerImpl.java:start(185)) - 3f71806d-9ec4-45c7-9788-6c1507baaf47@group-F2F162473ED9: start as a follower, conf=-1: [3f71806d-9ec4-45c7-9788-6c1507baaf47:192.168.151.103:46293], old=null
2019-09-27 09:21:29,576 [pool-467-thread-1] INFO  impl.RaftServerImpl (RaftServerImpl.java:setRole(174)) - 3f71806d-9ec4-45c7-9788-6c1507baaf47@group-F2F162473ED9: changes role from      null to FOLLOWER at term 0 for startAsFollower
2019-09-27 09:21:29,576 [pool-467-thread-1] INFO  impl.RoleInfo (RoleInfo.java:updateAndGet(143)) - 3f71806d-9ec4-45c7-9788-6c1507baaf47: start FollowerState
2019-09-27 09:21:29,576 [pool-467-thread-1] INFO  util.JmxRegister (JmxRegister.java:tryRegister(44)) - Successfully registered JMX Bean with object name Ratis:service=RaftServer,group=group-F2F162473ED9,id=3f71806d-9ec4-45c7-9788-6c1507baaf47
2019-09-27 09:21:29,585 [RatisPipelineUtilsThread] INFO  pipeline.PipelineStateManager (PipelineStateManager.java:addPipeline(56)) - Created pipeline Pipeline[ Id: c9336369-45f4-4eb8-ac9b-f2f162473ed9, Nodes: 3f71806d-9ec4-45c7-9788-6c1507baaf47{ip: 192.168.151.103, host: pr-hdds2162-4fxhj-20988671, networkLocation: /rack1, certSerialId: null}, Type:RATIS, Factor:ONE, State:OPEN]
2019-09-27 09:21:29,601 [grpc-default-executor-1] INFO  impl.RaftServerProxy (RaftServerProxy.java:addNew(89)) - e6683dc0-e787-4f77-a1bd-b29d73bfe0c0: addNew group-51FE514263BA:[4c0a5387-3197-4e6b-9533-589fb410635e:192.168.151.103:34462, 161d0b6c-bb81-43fa-8578-505f63e7c46b:192.168.151.103:39300, e6683dc0-e787-4f77-a1bd-b29d73bfe0c0:192.168.151.103:34419] returns group-51FE514263BA:java.util.concurrent.CompletableFuture@37bfa527[Not completed]
2019-09-27 09:21:29,601 [grpc-default-executor-2] INFO  impl.RaftServerProxy (RaftServerProxy.java:addNew(89)) - 161d0b6c-bb81-43fa-8578-505f63e7c46b: addNew group-51FE514263BA:[4c0a5387-3197-4e6b-9533-589fb410635e:192.168.151.103:34462, 161d0b6c-bb81-43fa-8578-505f63e7c46b:192.168.151.103:39300, e6683dc0-e787-4f77-a1bd-b29d73bfe0c0:192.168.151.103:34419] returns group-51FE514263BA:java.util.concurrent.CompletableFuture@464a94[Not completed]
2019-09-27 09:21:29,601 [grpc-default-executor-0] INFO  impl.RaftServerProxy (RaftServerProxy.java:addNew(89)) - 4c0a5387-3197-4e6b-9533-589fb410635e: addNew group-51FE514263BA:[4c0a5387-3197-4e6b-9533-589fb410635e:192.168.151.103:34462, 161d0b6c-bb81-43fa-8578-505f63e7c46b:192.168.151.103:39300, e6683dc0-e787-4f77-a1bd-b29d73bfe0c0:192.168.151.103:34419] returns group-51FE514263BA:java.util.concurrent.CompletableFuture@3122a346[Not completed]
2019-09-27 09:21:29,602 [pool-447-thread-1] INFO  impl.RaftServerImpl (RaftServerImpl.java:<init>(95)) - e6683dc0-e787-4f77-a1bd-b29d73bfe0c0: new RaftServerImpl for group-51FE514263BA:[4c0a5387-3197-4e6b-9533-589fb410635e:192.168.151.103:34462, 161d0b6c-bb81-43fa-8578-505f63e7c46b:192.168.151.103:39300, e6683dc0-e787-4f77-a1bd-b29d73bfe0c0:192.168.151.103:34419] with ContainerStateMachine:uninitialized
2019-09-27 09:21:29,602 [pool-447-thread-1] INFO  server.RaftServerConfigKeys (ConfUtils.java:logGet(43)) - raft.server.rpc.timeout.min = 1s (custom)
2019-09-27 09:21:29,602 [pool-447-thread-1] INFO  server.RaftServerConfigKeys (ConfUtils.java:logGet(43)) - raft.server.rpc.timeout.max = 1200ms (custom)
2019-09-27 09:21:29,602 [pool-447-thread-1] INFO  server.RaftServerConfigKeys (ConfUtils.java:logGet(43)) - raft.server.rpcslowness.timeout = 120s (custom)
2019-09-27 09:21:29,603 [pool-447-thread-1] INFO  server.RaftServerConfigKeys (ConfUtils.java:logGet(43)) - raft.server.sleep.deviation.threshold = 300 (default)
2019-09-27 09:21:29,603 [pool-457-thread-1] INFO  impl.RaftServerImpl (RaftServerImpl.java:<init>(95)) - 4c0a5387-3197-4e6b-9533-589fb410635e: new RaftServerImpl for group-51FE514263BA:[4c0a5387-3197-4e6b-9533-589fb410635e:192.168.151.103:34462, 161d0b6c-bb81-43fa-8578-505f63e7c46b:192.168.151.103:39300, e6683dc0-e787-4f77-a1bd-b29d73bfe0c0:192.168.151.103:34419] with ContainerStateMachine:uninitialized
2019-09-27 09:21:29,603 [pool-447-thread-1] INFO  server.RaftServerConfigKeys (ConfUtils.java:logGet(43)) - raft.server.log.appender.install.snapshot.enabled = false (custom)
2019-09-27 09:21:29,603 [pool-457-thread-1] INFO  server.RaftServerConfigKeys (ConfUtils.java:logGet(43)) - raft.server.rpc.timeout.min = 1s (custom)
2019-09-27 09:21:29,603 [pool-477-thread-1] INFO  impl.RaftServerImpl (RaftServerImpl.java:<init>(95)) - 161d0b6c-bb81-43fa-8578-505f63e7c46b: new RaftServerImpl for group-51FE514263BA:[4c0a5387-3197-4e6b-9533-589fb410635e:192.168.151.103:34462, 161d0b6c-bb81-43fa-8578-505f63e7c46b:192.168.151.103:39300, e6683dc0-e787-4f77-a1bd-b29d73bfe0c0:192.168.151.103:34419] with ContainerStateMachine:uninitialized
2019-09-27 09:21:29,603 [pool-457-thread-1] INFO  server.RaftServerConfigKeys (ConfUtils.java:logGet(43)) - raft.server.rpc.timeout.max = 1200ms (custom)
2019-09-27 09:21:29,603 [pool-457-thread-1] INFO  server.RaftServerConfigKeys (ConfUtils.java:logGet(43)) - raft.server.rpcslowness.timeout = 120s (custom)
2019-09-27 09:21:29,603 [pool-447-thread-1] INFO  impl.RaftServerImpl (ServerState.java:<init>(103)) - e6683dc0-e787-4f77-a1bd-b29d73bfe0c0@group-51FE514263BA: ConfigurationManager, init=-1: [4c0a5387-3197-4e6b-9533-589fb410635e:192.168.151.103:34462, 161d0b6c-bb81-43fa-8578-505f63e7c46b:192.168.151.103:39300, e6683dc0-e787-4f77-a1bd-b29d73bfe0c0:192.168.151.103:34419], old=null, confs=<EMPTY_MAP>
2019-09-27 09:21:29,603 [pool-457-thread-1] INFO  server.RaftServerConfigKeys (ConfUtils.java:logGet(43)) - raft.server.sleep.deviation.threshold = 300 (default)
2019-09-27 09:21:29,603 [pool-477-thread-1] INFO  server.RaftServerConfigKeys (ConfUtils.java:logGet(43)) - raft.server.rpc.timeout.min = 1s (custom)
2019-09-27 09:21:29,603 [pool-457-thread-1] INFO  server.RaftServerConfigKeys (ConfUtils.java:logGet(43)) - raft.server.log.appender.install.snapshot.enabled = false (custom)
2019-09-27 09:21:29,603 [pool-447-thread-1] INFO  server.RaftServerConfigKeys (ConfUtils.java:logGet(43)) - raft.server.storage.dir = [/workdir/hadoop-ozone/integration-test/target/test-dir/MiniOzoneClusterImpl-68e31327-6f0a-47ff-9789-fe3f4972a3d5/datanode-6/data/ratis] (custom)
2019-09-27 09:21:29,604 [pool-457-thread-1] INFO  impl.RaftServerImpl (ServerState.java:<init>(103)) - 4c0a5387-3197-4e6b-9533-589fb410635e@group-51FE514263BA: ConfigurationManager, init=-1: [4c0a5387-3197-4e6b-9533-589fb410635e:192.168.151.103:34462, 161d0b6c-bb81-43fa-8578-505f63e7c46b:192.168.151.103:39300, e6683dc0-e787-4f77-a1bd-b29d73bfe0c0:192.168.151.103:34419], old=null, confs=<EMPTY_MAP>
2019-09-27 09:21:29,604 [pool-477-thread-1] INFO  server.RaftServerConfigKeys (ConfUtils.java:logGet(43)) - raft.server.rpc.timeout.max = 1200ms (custom)
2019-09-27 09:21:29,604 [pool-457-thread-1] INFO  server.RaftServerConfigKeys (ConfUtils.java:logGet(43)) - raft.server.storage.dir = [/workdir/hadoop-ozone/integration-test/target/test-dir/MiniOzoneClusterImpl-68e31327-6f0a-47ff-9789-fe3f4972a3d5/datanode-7/data/ratis] (custom)
2019-09-27 09:21:29,604 [pool-447-thread-1] INFO  storage.RaftStorageDirectory (RaftStorageDirectory.java:analyzeStorage(246)) - The storage directory /workdir/hadoop-ozone/integration-test/target/test-dir/MiniOzoneClusterImpl-68e31327-6f0a-47ff-9789-fe3f4972a3d5/datanode-6/data/ratis/9cd651f9-6ced-451f-b5f3-51fe514263ba does not exist. Creating ...
2019-09-27 09:21:29,604 [pool-477-thread-1] INFO  server.RaftServerConfigKeys (ConfUtils.java:logGet(43)) - raft.server.rpcslowness.timeout = 120s (custom)
2019-09-27 09:21:29,604 [pool-477-thread-1] INFO  server.RaftServerConfigKeys (ConfUtils.java:logGet(43)) - raft.server.sleep.deviation.threshold = 300 (default)
2019-09-27 09:21:29,604 [pool-457-thread-1] INFO  storage.RaftStorageDirectory (RaftStorageDirectory.java:analyzeStorage(246)) - The storage directory /workdir/hadoop-ozone/integration-test/target/test-dir/MiniOzoneClusterImpl-68e31327-6f0a-47ff-9789-fe3f4972a3d5/datanode-7/data/ratis/9cd651f9-6ced-451f-b5f3-51fe514263ba does not exist. Creating ...
2019-09-27 09:21:29,604 [pool-477-thread-1] INFO  server.RaftServerConfigKeys (ConfUtils.java:logGet(43)) - raft.server.log.appender.install.snapshot.enabled = false (custom)
2019-09-27 09:21:29,605 [pool-477-thread-1] INFO  impl.RaftServerImpl (ServerState.java:<init>(103)) - 161d0b6c-bb81-43fa-8578-505f63e7c46b@group-51FE514263BA: ConfigurationManager, init=-1: [4c0a5387-3197-4e6b-9533-589fb410635e:192.168.151.103:34462, 161d0b6c-bb81-43fa-8578-505f63e7c46b:192.168.151.103:39300, e6683dc0-e787-4f77-a1bd-b29d73bfe0c0:192.168.151.103:34419], old=null, confs=<EMPTY_MAP>
2019-09-27 09:21:29,605 [pool-477-thread-1] INFO  server.RaftServerConfigKeys (ConfUtils.java:logGet(43)) - raft.server.storage.dir = [/workdir/hadoop-ozone/integration-test/target/test-dir/MiniOzoneClusterImpl-68e31327-6f0a-47ff-9789-fe3f4972a3d5/datanode-9/data/ratis] (custom)
2019-09-27 09:21:29,605 [pool-477-thread-1] INFO  storage.RaftStorageDirectory (RaftStorageDirectory.java:analyzeStorage(246)) - The storage directory /workdir/hadoop-ozone/integration-test/target/test-dir/MiniOzoneClusterImpl-68e31327-6f0a-47ff-9789-fe3f4972a3d5/datanode-9/data/ratis/9cd651f9-6ced-451f-b5f3-51fe514263ba does not exist. Creating ...
2019-09-27 09:21:29,618 [pool-457-thread-1] INFO  storage.RaftStorageDirectory (RaftStorageDirectory.java:tryLock(328)) - Lock on /workdir/hadoop-ozone/integration-test/target/test-dir/MiniOzoneClusterImpl-68e31327-6f0a-47ff-9789-fe3f4972a3d5/datanode-7/data/ratis/9cd651f9-6ced-451f-b5f3-51fe514263ba/in_use.lock acquired by nodename 29571@pr-hdds2162-4fxhj-20988671
2019-09-27 09:21:29,618 [pool-447-thread-1] INFO  storage.RaftStorageDirectory (RaftStorageDirectory.java:tryLock(328)) - Lock on /workdir/hadoop-ozone/integration-test/target/test-dir/MiniOzoneClusterImpl-68e31327-6f0a-47ff-9789-fe3f4972a3d5/datanode-6/data/ratis/9cd651f9-6ced-451f-b5f3-51fe514263ba/in_use.lock acquired by nodename 29571@pr-hdds2162-4fxhj-20988671
2019-09-27 09:21:29,618 [pool-477-thread-1] INFO  storage.RaftStorageDirectory (RaftStorageDirectory.java:tryLock(328)) - Lock on /workdir/hadoop-ozone/integration-test/target/test-dir/MiniOzoneClusterImpl-68e31327-6f0a-47ff-9789-fe3f4972a3d5/datanode-9/data/ratis/9cd651f9-6ced-451f-b5f3-51fe514263ba/in_use.lock acquired by nodename 29571@pr-hdds2162-4fxhj-20988671
2019-09-27 09:21:29,632 [pool-447-thread-1] INFO  storage.RaftStorage (RaftStorage.java:format(72)) - Storage directory /workdir/hadoop-ozone/integration-test/target/test-dir/MiniOzoneClusterImpl-68e31327-6f0a-47ff-9789-fe3f4972a3d5/datanode-6/data/ratis/9cd651f9-6ced-451f-b5f3-51fe514263ba has been successfully formatted.
2019-09-27 09:21:29,632 [pool-457-thread-1] INFO  storage.RaftStorage (RaftStorage.java:format(72)) - Storage directory /workdir/hadoop-ozone/integration-test/target/test-dir/MiniOzoneClusterImpl-68e31327-6f0a-47ff-9789-fe3f4972a3d5/datanode-7/data/ratis/9cd651f9-6ced-451f-b5f3-51fe514263ba has been successfully formatted.
2019-09-27 09:21:29,632 [pool-447-thread-1] INFO  ratis.ContainerStateMachine (ContainerStateMachine.java:loadSnapshot(230)) - group-51FE514263BA: The snapshot info is null. Setting the last applied indexto:(t:0, i:~)
2019-09-27 09:21:29,632 [pool-477-thread-1] INFO  storage.RaftStorage (RaftStorage.java:format(72)) - Storage directory /workdir/hadoop-ozone/integration-test/target/test-dir/MiniOzoneClusterImpl-68e31327-6f0a-47ff-9789-fe3f4972a3d5/datanode-9/data/ratis/9cd651f9-6ced-451f-b5f3-51fe514263ba has been successfully formatted.
2019-09-27 09:21:29,632 [pool-447-thread-1] INFO  server.RaftServerConfigKeys (ConfUtils.java:logGet(43)) - raft.server.notification.no-leader.timeout = 120s (custom)
2019-09-27 09:21:29,632 [pool-457-thread-1] INFO  ratis.ContainerStateMachine (ContainerStateMachine.java:loadSnapshot(230)) - group-51FE514263BA: The snapshot info is null. Setting the last applied indexto:(t:0, i:~)
2019-09-27 09:21:29,632 [pool-447-thread-1] INFO  server.RaftServerConfigKeys (ConfUtils.java:logGet(43)) - raft.server.log.use.memory = false (default)
2019-09-27 09:21:29,632 [pool-477-thread-1] INFO  ratis.ContainerStateMachine (ContainerStateMachine.java:loadSnapshot(230)) - group-51FE514263BA: The snapshot info is null. Setting the last applied indexto:(t:0, i:~)
2019-09-27 09:21:29,633 [pool-447-thread-1] INFO  server.RaftServerConfigKeys (ConfUtils.java:logGet(43)) - raft.server.log.purge.gap = 1000000 (custom)
2019-09-27 09:21:29,632 [pool-457-thread-1] INFO  server.RaftServerConfigKeys (ConfUtils.java:logGet(43)) - raft.server.notification.no-leader.timeout = 120s (custom)
2019-09-27 09:21:29,633 [pool-447-thread-1] INFO  server.RaftServerConfigKeys (ConfUtils.java:logGet(43)) - raft.server.log.appender.buffer.byte-limit = 33554432 (custom)
2019-09-27 09:21:29,633 [pool-477-thread-1] INFO  server.RaftServerConfigKeys (ConfUtils.java:logGet(43)) - raft.server.notification.no-leader.timeout = 120s (custom)
2019-09-27 09:21:29,633 [pool-447-thread-1] INFO  server.RaftServerConfigKeys (ConfUtils.java:logGet(43)) - raft.server.log.segment.size.max = 1048576 (custom)
2019-09-27 09:21:29,633 [pool-457-thread-1] INFO  server.RaftServerConfigKeys (ConfUtils.java:logGet(43)) - raft.server.log.use.memory = false (default)
2019-09-27 09:21:29,633 [pool-447-thread-1] INFO  server.RaftServerConfigKeys (ConfUtils.java:logGet(43)) - raft.server.log.segment.cache.num.max = 2 (custom)
2019-09-27 09:21:29,633 [pool-477-thread-1] INFO  server.RaftServerConfigKeys (ConfUtils.java:logGet(43)) - raft.server.log.use.memory = false (default)
2019-09-27 09:21:29,633 [pool-447-thread-1] INFO  segmented.SegmentedRaftLogWorker (SegmentedRaftLogWorker.java:<init>(172)) - new e6683dc0-e787-4f77-a1bd-b29d73bfe0c0@group-51FE514263BA-SegmentedRaftLogWorker for RaftStorage:Storage Directory /workdir/hadoop-ozone/integration-test/target/test-dir/MiniOzoneClusterImpl-68e31327-6f0a-47ff-9789-fe3f4972a3d5/datanode-6/data/ratis/9cd651f9-6ced-451f-b5f3-51fe514263ba
2019-09-27 09:21:29,633 [pool-457-thread-1] INFO  server.RaftServerConfigKeys (ConfUtils.java:logGet(43)) - raft.server.log.purge.gap = 1000000 (custom)
2019-09-27 09:21:29,634 [pool-447-thread-1] INFO  server.RaftServerConfigKeys (ConfUtils.java:logGet(43)) - raft.server.log.queue.byte-limit = 2147483647 (custom)
2019-09-27 09:21:29,633 [pool-477-thread-1] INFO  server.RaftServerConfigKeys (ConfUtils.java:logGet(43)) - raft.server.log.purge.gap = 1000000 (custom)
2019-09-27 09:21:29,634 [pool-447-thread-1] INFO  server.RaftServerConfigKeys (ConfUtils.java:logGet(43)) - raft.server.log.queue.element-limit = 1024 (custom)
2019-09-27 09:21:29,634 [pool-457-thread-1] INFO  server.RaftServerConfigKeys (ConfUtils.java:logGet(43)) - raft.server.log.appender.buffer.byte-limit = 33554432 (custom)
2019-09-27 09:21:29,634 [pool-447-thread-1] INFO  server.RaftServerConfigKeys (ConfUtils.java:logGet(43)) - raft.server.log.segment.size.max = 1048576 (custom)
2019-09-27 09:21:29,634 [pool-477-thread-1] INFO  server.RaftServerConfigKeys (ConfUtils.java:logGet(43)) - raft.server.log.appender.buffer.byte-limit = 33554432 (custom)
2019-09-27 09:21:29,634 [pool-447-thread-1] INFO  server.RaftServerConfigKeys (ConfUtils.java:logGet(43)) - raft.server.log.preallocated.size = 16384 (custom)
2019-09-27 09:21:29,634 [pool-457-thread-1] INFO  server.RaftServerConfigKeys (ConfUtils.java:logGet(43)) - raft.server.log.segment.size.max = 1048576 (custom)
2019-09-27 09:21:29,634 [pool-447-thread-1] INFO  server.RaftServerConfigKeys (ConfUtils.java:logGet(43)) - raft.server.log.write.buffer.size = 33554432 (custom)
2019-09-27 09:21:29,634 [pool-477-thread-1] INFO  server.RaftServerConfigKeys (ConfUtils.java:logGet(43)) - raft.server.log.segment.size.max = 1048576 (custom)
2019-09-27 09:21:29,634 [pool-447-thread-1] INFO  server.RaftServerConfigKeys (ConfUtils.java:logGet(43)) - raft.server.log.force.sync.num = 128 (default)
2019-09-27 09:21:29,634 [pool-457-thread-1] INFO  server.RaftServerConfigKeys (ConfUtils.java:logGet(43)) - raft.server.log.segment.cache.num.max = 2 (custom)
2019-09-27 09:21:29,635 [pool-447-thread-1] INFO  server.RaftServerConfigKeys (ConfUtils.java:logGet(43)) - raft.server.log.statemachine.data.sync = true (default)
2019-09-27 09:21:29,635 [pool-477-thread-1] INFO  server.RaftServerConfigKeys (ConfUtils.java:logGet(43)) - raft.server.log.segment.cache.num.max = 2 (custom)
2019-09-27 09:21:29,635 [pool-447-thread-1] INFO  server.RaftServerConfigKeys (ConfUtils.java:logGet(43)) - raft.server.log.statemachine.data.sync.timeout = 10s (default)
2019-09-27 09:21:29,635 [pool-457-thread-1] INFO  segmented.SegmentedRaftLogWorker (SegmentedRaftLogWorker.java:<init>(172)) - new 4c0a5387-3197-4e6b-9533-589fb410635e@group-51FE514263BA-SegmentedRaftLogWorker for RaftStorage:Storage Directory /workdir/hadoop-ozone/integration-test/target/test-dir/MiniOzoneClusterImpl-68e31327-6f0a-47ff-9789-fe3f4972a3d5/datanode-7/data/ratis/9cd651f9-6ced-451f-b5f3-51fe514263ba
2019-09-27 09:21:29,635 [pool-447-thread-1] INFO  server.RaftServerConfigKeys (ConfUtils.java:logGet(43)) - raft.server.log.statemachine.data.sync.timeout.retry = -1 (default)
2019-09-27 09:21:29,635 [pool-477-thread-1] INFO  segmented.SegmentedRaftLogWorker (SegmentedRaftLogWorker.java:<init>(172)) - new 161d0b6c-bb81-43fa-8578-505f63e7c46b@group-51FE514263BA-SegmentedRaftLogWorker for RaftStorage:Storage Directory /workdir/hadoop-ozone/integration-test/target/test-dir/MiniOzoneClusterImpl-68e31327-6f0a-47ff-9789-fe3f4972a3d5/datanode-9/data/ratis/9cd651f9-6ced-451f-b5f3-51fe514263ba
2019-09-27 09:21:29,635 [pool-447-thread-1] INFO  server.RaftServerConfigKeys (ConfUtils.java:logGet(43)) - raft.server.log.statemachine.data.caching.enabled = true (custom)
2019-09-27 09:21:29,635 [pool-457-thread-1] INFO  server.RaftServerConfigKeys (ConfUtils.java:logGet(43)) - raft.server.log.queue.byte-limit = 2147483647 (custom)
2019-09-27 09:21:29,635 [pool-477-thread-1] INFO  server.RaftServerConfigKeys (ConfUtils.java:logGet(43)) - raft.server.log.queue.byte-limit = 2147483647 (custom)
2019-09-27 09:21:29,636 [pool-447-thread-1] INFO  segmented.SegmentedRaftLogWorker (SegmentedRaftLogWorker.java:lambda$new$0(132)) - e6683dc0-e787-4f77-a1bd-b29d73bfe0c0@group-51FE514263BA-SegmentedRaftLogWorker: flushIndex: setUnconditionally 0 -> -1
2019-09-27 09:21:29,636 [pool-457-thread-1] INFO  server.RaftServerConfigKeys (ConfUtils.java:logGet(43)) - raft.server.log.queue.element-limit = 1024 (custom)
2019-09-27 09:21:29,636 [pool-477-thread-1] INFO  server.RaftServerConfigKeys (ConfUtils.java:logGet(43)) - raft.server.log.queue.element-limit = 1024 (custom)
2019-09-27 09:21:29,636 [pool-447-thread-1] INFO  server.RaftServerConfigKeys (ConfUtils.java:logGet(43)) - raft.server.snapshot.auto.trigger.enabled = true (custom)
2019-09-27 09:21:29,636 [pool-457-thread-1] INFO  server.RaftServerConfigKeys (ConfUtils.java:logGet(43)) - raft.server.log.segment.size.max = 1048576 (custom)
2019-09-27 09:21:29,636 [pool-447-thread-1] INFO  server.RaftServerConfigKeys (ConfUtils.java:logGet(43)) - raft.server.snapshot.auto.trigger.threshold = 10000 (custom)
2019-09-27 09:21:29,636 [pool-477-thread-1] INFO  server.RaftServerConfigKeys (ConfUtils.java:logGet(43)) - raft.server.log.segment.size.max = 1048576 (custom)
2019-09-27 09:21:29,636 [pool-447-thread-1] INFO  server.RaftServerConfigKeys (ConfUtils.java:logGet(43)) - raft.server.snapshot.retention.num.files = 5 (custom)
2019-09-27 09:21:29,636 [pool-457-thread-1] INFO  server.RaftServerConfigKeys (ConfUtils.java:logGet(43)) - raft.server.log.preallocated.size = 16384 (custom)
2019-09-27 09:21:29,636 [pool-447-thread-1] INFO  server.RaftServerConfigKeys (ConfUtils.java:logGet(43)) - raft.server.retrycache.expirytime = 600000ms (custom)
2019-09-27 09:21:29,636 [pool-477-thread-1] INFO  server.RaftServerConfigKeys (ConfUtils.java:logGet(43)) - raft.server.log.preallocated.size = 16384 (custom)
2019-09-27 09:21:29,636 [pool-457-thread-1] INFO  server.RaftServerConfigKeys (ConfUtils.java:logGet(43)) - raft.server.log.write.buffer.size = 33554432 (custom)
2019-09-27 09:21:29,637 [pool-477-thread-1] INFO  server.RaftServerConfigKeys (ConfUtils.java:logGet(43)) - raft.server.log.write.buffer.size = 33554432 (custom)
2019-09-27 09:21:29,637 [pool-457-thread-1] INFO  server.RaftServerConfigKeys (ConfUtils.java:logGet(43)) - raft.server.log.force.sync.num = 128 (default)
2019-09-27 09:21:29,637 [pool-477-thread-1] INFO  server.RaftServerConfigKeys (ConfUtils.java:logGet(43)) - raft.server.log.force.sync.num = 128 (default)
2019-09-27 09:21:29,637 [pool-457-thread-1] INFO  server.RaftServerConfigKeys (ConfUtils.java:logGet(43)) - raft.server.log.statemachine.data.sync = true (default)
2019-09-27 09:21:29,637 [pool-477-thread-1] INFO  server.RaftServerConfigKeys (ConfUtils.java:logGet(43)) - raft.server.log.statemachine.data.sync = true (default)
2019-09-27 09:21:29,637 [pool-457-thread-1] INFO  server.RaftServerConfigKeys (ConfUtils.java:logGet(43)) - raft.server.log.statemachine.data.sync.timeout = 10s (default)
2019-09-27 09:21:29,637 [pool-477-thread-1] INFO  server.RaftServerConfigKeys (ConfUtils.java:logGet(43)) - raft.server.log.statemachine.data.sync.timeout = 10s (default)
2019-09-27 09:21:29,637 [pool-457-thread-1] INFO  server.RaftServerConfigKeys (ConfUtils.java:logGet(43)) - raft.server.log.statemachine.data.sync.timeout.retry = -1 (default)
2019-09-27 09:21:29,638 [pool-477-thread-1] INFO  server.RaftServerConfigKeys (ConfUtils.java:logGet(43)) - raft.server.log.statemachine.data.sync.timeout.retry = -1 (default)
2019-09-27 09:21:29,638 [pool-457-thread-1] INFO  server.RaftServerConfigKeys (ConfUtils.java:logGet(43)) - raft.server.log.statemachine.data.caching.enabled = true (custom)
2019-09-27 09:21:29,638 [pool-477-thread-1] INFO  server.RaftServerConfigKeys (ConfUtils.java:logGet(43)) - raft.server.log.statemachine.data.caching.enabled = true (custom)
2019-09-27 09:21:29,638 [pool-447-thread-1] INFO  impl.RaftServerImpl (RaftServerImpl.java:start(185)) - e6683dc0-e787-4f77-a1bd-b29d73bfe0c0@group-51FE514263BA: start as a follower, conf=-1: [4c0a5387-3197-4e6b-9533-589fb410635e:192.168.151.103:34462, 161d0b6c-bb81-43fa-8578-505f63e7c46b:192.168.151.103:39300, e6683dc0-e787-4f77-a1bd-b29d73bfe0c0:192.168.151.103:34419], old=null
2019-09-27 09:21:29,638 [pool-457-thread-1] INFO  segmented.SegmentedRaftLogWorker (SegmentedRaftLogWorker.java:lambda$new$0(132)) - 4c0a5387-3197-4e6b-9533-589fb410635e@group-51FE514263BA-SegmentedRaftLogWorker: flushIndex: setUnconditionally 0 -> -1
2019-09-27 09:21:29,638 [pool-447-thread-1] INFO  impl.RaftServerImpl (RaftServerImpl.java:setRole(174)) - e6683dc0-e787-4f77-a1bd-b29d73bfe0c0@group-51FE514263BA: changes role from      null to FOLLOWER at term 0 for startAsFollower
2019-09-27 09:21:29,638 [pool-477-thread-1] INFO  segmented.SegmentedRaftLogWorker (SegmentedRaftLogWorker.java:lambda$new$0(132)) - 161d0b6c-bb81-43fa-8578-505f63e7c46b@group-51FE514263BA-SegmentedRaftLogWorker: flushIndex: setUnconditionally 0 -> -1
2019-09-27 09:21:29,638 [pool-457-thread-1] INFO  server.RaftServerConfigKeys (ConfUtils.java:logGet(43)) - raft.server.snapshot.auto.trigger.enabled = true (custom)
2019-09-27 09:21:29,638 [pool-447-thread-1] INFO  impl.RoleInfo (RoleInfo.java:updateAndGet(143)) - e6683dc0-e787-4f77-a1bd-b29d73bfe0c0: start FollowerState
2019-09-27 09:21:29,638 [pool-477-thread-1] INFO  server.RaftServerConfigKeys (ConfUtils.java:logGet(43)) - raft.server.snapshot.auto.trigger.enabled = true (custom)
2019-09-27 09:21:29,638 [pool-457-thread-1] INFO  server.RaftServerConfigKeys (ConfUtils.java:logGet(43)) - raft.server.snapshot.auto.trigger.threshold = 10000 (custom)
2019-09-27 09:21:29,639 [pool-447-thread-1] INFO  util.JmxRegister (JmxRegister.java:tryRegister(44)) - Successfully registered JMX Bean with object name Ratis:service=RaftServer,group=group-51FE514263BA,id=e6683dc0-e787-4f77-a1bd-b29d73bfe0c0
2019-09-27 09:21:29,639 [pool-477-thread-1] INFO  server.RaftServerConfigKeys (ConfUtils.java:logGet(43)) - raft.server.snapshot.auto.trigger.threshold = 10000 (custom)
2019-09-27 09:21:29,639 [pool-457-thread-1] INFO  server.RaftServerConfigKeys (ConfUtils.java:logGet(43)) - raft.server.snapshot.retention.num.files = 5 (custom)
2019-09-27 09:21:29,639 [pool-477-thread-1] INFO  server.RaftServerConfigKeys (ConfUtils.java:logGet(43)) - raft.server.snapshot.retention.num.files = 5 (custom)
2019-09-27 09:21:29,639 [pool-457-thread-1] INFO  server.RaftServerConfigKeys (ConfUtils.java:logGet(43)) - raft.server.retrycache.expirytime = 600000ms (custom)
2019-09-27 09:21:29,639 [pool-477-thread-1] INFO  server.RaftServerConfigKeys (ConfUtils.java:logGet(43)) - raft.server.retrycache.expirytime = 600000ms (custom)
2019-09-27 09:21:29,644 [pool-457-thread-1] INFO  impl.RaftServerImpl (RaftServerImpl.java:start(185)) - 4c0a5387-3197-4e6b-9533-589fb410635e@group-51FE514263BA: start as a follower, conf=-1: [4c0a5387-3197-4e6b-9533-589fb410635e:192.168.151.103:34462, 161d0b6c-bb81-43fa-8578-505f63e7c46b:192.168.151.103:39300, e6683dc0-e787-4f77-a1bd-b29d73bfe0c0:192.168.151.103:34419], old=null
2019-09-27 09:21:29,644 [pool-457-thread-1] INFO  impl.RaftServerImpl (RaftServerImpl.java:setRole(174)) - 4c0a5387-3197-4e6b-9533-589fb410635e@group-51FE514263BA: changes role from      null to FOLLOWER at term 0 for startAsFollower
2019-09-27 09:21:29,645 [pool-457-thread-1] INFO  impl.RoleInfo (RoleInfo.java:updateAndGet(143)) - 4c0a5387-3197-4e6b-9533-589fb410635e: start FollowerState
2019-09-27 09:21:29,645 [pool-477-thread-1] INFO  impl.RaftServerImpl (RaftServerImpl.java:start(185)) - 161d0b6c-bb81-43fa-8578-505f63e7c46b@group-51FE514263BA: start as a follower, conf=-1: [4c0a5387-3197-4e6b-9533-589fb410635e:192.168.151.103:34462, 161d0b6c-bb81-43fa-8578-505f63e7c46b:192.168.151.103:39300, e6683dc0-e787-4f77-a1bd-b29d73bfe0c0:192.168.151.103:34419], old=null
2019-09-27 09:21:29,645 [pool-477-thread-1] INFO  impl.RaftServerImpl (RaftServerImpl.java:setRole(174)) - 161d0b6c-bb81-43fa-8578-505f63e7c46b@group-51FE514263BA: changes role from      null to FOLLOWER at term 0 for startAsFollower
2019-09-27 09:21:29,645 [pool-457-thread-1] INFO  util.JmxRegister (JmxRegister.java:tryRegister(44)) - Successfully registered JMX Bean with object name Ratis:service=RaftServer,group=group-51FE514263BA,id=4c0a5387-3197-4e6b-9533-589fb410635e
2019-09-27 09:21:29,645 [pool-477-thread-1] INFO  impl.RoleInfo (RoleInfo.java:updateAndGet(143)) - 161d0b6c-bb81-43fa-8578-505f63e7c46b: start FollowerState
2019-09-27 09:21:29,645 [pool-477-thread-1] INFO  util.JmxRegister (JmxRegister.java:tryRegister(44)) - Successfully registered JMX Bean with object name Ratis:service=RaftServer,group=group-51FE514263BA,id=161d0b6c-bb81-43fa-8578-505f63e7c46b
2019-09-27 09:21:29,651 [RatisPipelineUtilsThread] INFO  pipeline.PipelineStateManager (PipelineStateManager.java:addPipeline(56)) - Created pipeline Pipeline[ Id: 9cd651f9-6ced-451f-b5f3-51fe514263ba, Nodes: 161d0b6c-bb81-43fa-8578-505f63e7c46b{ip: 192.168.151.103, host: pr-hdds2162-4fxhj-20988671, networkLocation: /rack1, certSerialId: null}4c0a5387-3197-4e6b-9533-589fb410635e{ip: 192.168.151.103, host: pr-hdds2162-4fxhj-20988671, networkLocation: /rack1, certSerialId: null}e6683dc0-e787-4f77-a1bd-b29d73bfe0c0{ip: 192.168.151.103, host: pr-hdds2162-4fxhj-20988671, networkLocation: /rack1, certSerialId: null}, Type:RATIS, Factor:THREE, State:OPEN]
2019-09-27 09:21:29,998 [Thread-6147] INFO  impl.FollowerState (FollowerState.java:run(106)) - cbebfacb-c89d-4e0c-ae63-1a234181ea6b:group-7077269F90D8 changes to CANDIDATE, lastRpcTime:1115, electionTimeout:1101ms
2019-09-27 09:21:29,998 [Thread-6147] INFO  impl.RoleInfo (RoleInfo.java:shutdownFollowerState(121)) - cbebfacb-c89d-4e0c-ae63-1a234181ea6b: shutdown FollowerState
2019-09-27 09:21:29,998 [Thread-6147] INFO  impl.RaftServerImpl (RaftServerImpl.java:setRole(174)) - cbebfacb-c89d-4e0c-ae63-1a234181ea6b@group-7077269F90D8: changes role from  FOLLOWER to CANDIDATE at term 0 for changeToCandidate
2019-09-27 09:21:29,999 [Thread-6147] INFO  impl.RoleInfo (RoleInfo.java:updateAndGet(143)) - cbebfacb-c89d-4e0c-ae63-1a234181ea6b: start LeaderElection
2019-09-27 09:21:30,044 [cbebfacb-c89d-4e0c-ae63-1a234181ea6b@group-7077269F90D8:LeaderElection97] INFO  impl.LeaderElection (LeaderElection.java:askForVotes(182)) - cbebfacb-c89d-4e0c-ae63-1a234181ea6b@group-7077269F90D8:LeaderElection97: begin an election at term 1 for -1: [cbebfacb-c89d-4e0c-ae63-1a234181ea6b:192.168.151.103:37470], old=null
2019-09-27 09:21:30,045 [cbebfacb-c89d-4e0c-ae63-1a234181ea6b@group-7077269F90D8:LeaderElection97] INFO  impl.RoleInfo (RoleInfo.java:shutdownLeaderElection(134)) - cbebfacb-c89d-4e0c-ae63-1a234181ea6b: shutdown LeaderElection
2019-09-27 09:21:30,045 [cbebfacb-c89d-4e0c-ae63-1a234181ea6b@group-7077269F90D8:LeaderElection97] INFO  impl.RaftServerImpl (RaftServerImpl.java:setRole(174)) - cbebfacb-c89d-4e0c-ae63-1a234181ea6b@group-7077269F90D8: changes role from CANDIDATE to LEADER at term 1 for changeToLeader
2019-09-27 09:21:30,045 [cbebfacb-c89d-4e0c-ae63-1a234181ea6b@group-7077269F90D8:LeaderElection97] INFO  impl.RaftServerImpl (ServerState.java:setLeader(253)) - cbebfacb-c89d-4e0c-ae63-1a234181ea6b@group-7077269F90D8: change Leader from null to cbebfacb-c89d-4e0c-ae63-1a234181ea6b at term 1 for becomeLeader, leader elected after 1170ms
2019-09-27 09:21:30,045 [cbebfacb-c89d-4e0c-ae63-1a234181ea6b@group-7077269F90D8:LeaderElection97] INFO  server.RaftServerConfigKeys (ConfUtils.java:logGet(43)) - raft.server.staging.catchup.gap = 1000 (default)
2019-09-27 09:21:30,045 [cbebfacb-c89d-4e0c-ae63-1a234181ea6b@group-7077269F90D8:LeaderElection97] INFO  server.RaftServerConfigKeys (ConfUtils.java:logGet(43)) - raft.server.rpc.sleep.time = 25ms (default)
2019-09-27 09:21:30,045 [cbebfacb-c89d-4e0c-ae63-1a234181ea6b@group-7077269F90D8:LeaderElection97] INFO  server.RaftServerConfigKeys (ConfUtils.java:logGet(43)) - raft.server.write.element-limit = 4096 (default)
2019-09-27 09:21:30,046 [cbebfacb-c89d-4e0c-ae63-1a234181ea6b@group-7077269F90D8:LeaderElection97] INFO  server.RaftServerConfigKeys (ConfUtils.java:logGet(43)) - raft.server.watch.timeout = 10s (default)
2019-09-27 09:21:30,046 [cbebfacb-c89d-4e0c-ae63-1a234181ea6b@group-7077269F90D8:LeaderElection97] INFO  server.RaftServerConfigKeys (ConfUtils.java:logGet(43)) - raft.server.watch.timeout.denomination = 1s (default)
2019-09-27 09:21:30,046 [cbebfacb-c89d-4e0c-ae63-1a234181ea6b@group-7077269F90D8:LeaderElection97] INFO  server.RaftServerConfigKeys (ConfUtils.java:logGet(43)) - raft.server.watch.element-limit = 65536 (default)
2019-09-27 09:21:30,048 [cbebfacb-c89d-4e0c-ae63-1a234181ea6b@group-7077269F90D8:LeaderElection97] INFO  impl.RoleInfo (RoleInfo.java:updateAndGet(143)) - cbebfacb-c89d-4e0c-ae63-1a234181ea6b: start LeaderState
2019-09-27 09:21:30,048 [cbebfacb-c89d-4e0c-ae63-1a234181ea6b@group-7077269F90D8:LeaderElection97] INFO  segmented.SegmentedRaftLogWorker (SegmentedRaftLogWorker.java:startLogSegment(380)) - cbebfacb-c89d-4e0c-ae63-1a234181ea6b@group-7077269F90D8-SegmentedRaftLogWorker: Starting segment from index:0
2019-09-27 09:21:30,049 [cbebfacb-c89d-4e0c-ae63-1a234181ea6b@group-7077269F90D8:LeaderElection97] INFO  impl.RaftServerImpl (ServerState.java:setRaftConf(354)) - cbebfacb-c89d-4e0c-ae63-1a234181ea6b@group-7077269F90D8: set configuration 0: [cbebfacb-c89d-4e0c-ae63-1a234181ea6b:192.168.151.103:37470], old=null at 0
2019-09-27 09:21:30,060 [Thread-6150] INFO  impl.FollowerState (FollowerState.java:run(106)) - 9d1fa352-1a82-481d-9d24-e29bb21dd7ac:group-F63D726B6A80 changes to CANDIDATE, lastRpcTime:1089, electionTimeout:1089ms
2019-09-27 09:21:30,060 [Thread-6150] INFO  impl.RoleInfo (RoleInfo.java:shutdownFollowerState(121)) - 9d1fa352-1a82-481d-9d24-e29bb21dd7ac: shutdown FollowerState
2019-09-27 09:21:30,061 [Thread-6150] INFO  impl.RaftServerImpl (RaftServerImpl.java:setRole(174)) - 9d1fa352-1a82-481d-9d24-e29bb21dd7ac@group-F63D726B6A80: changes role from  FOLLOWER to CANDIDATE at term 0 for changeToCandidate
2019-09-27 09:21:30,061 [Thread-6150] INFO  impl.RoleInfo (RoleInfo.java:updateAndGet(143)) - 9d1fa352-1a82-481d-9d24-e29bb21dd7ac: start LeaderElection
2019-09-27 09:21:30,102 [Thread-6156] INFO  impl.FollowerState (FollowerState.java:run(106)) - 692a0e7c-3695-46c2-84c2-73657d75aae6:group-F02E2B629727 changes to CANDIDATE, lastRpcTime:1034, electionTimeout:1034ms
2019-09-27 09:21:30,103 [Thread-6156] INFO  impl.RoleInfo (RoleInfo.java:shutdownFollowerState(121)) - 692a0e7c-3695-46c2-84c2-73657d75aae6: shutdown FollowerState
2019-09-27 09:21:30,103 [Thread-6156] INFO  impl.RaftServerImpl (RaftServerImpl.java:setRole(174)) - 692a0e7c-3695-46c2-84c2-73657d75aae6@group-F02E2B629727: changes role from  FOLLOWER to CANDIDATE at term 0 for changeToCandidate
2019-09-27 09:21:30,103 [Thread-6156] INFO  impl.RoleInfo (RoleInfo.java:updateAndGet(143)) - 692a0e7c-3695-46c2-84c2-73657d75aae6: start LeaderElection
2019-09-27 09:21:30,111 [cbebfacb-c89d-4e0c-ae63-1a234181ea6b@group-7077269F90D8-SegmentedRaftLogWorker] INFO  segmented.SegmentedRaftLogWorker (SegmentedRaftLogWorker.java:execute(569)) - cbebfacb-c89d-4e0c-ae63-1a234181ea6b@group-7077269F90D8-SegmentedRaftLogWorker: created new log segment /workdir/hadoop-ozone/integration-test/target/test-dir/MiniOzoneClusterImpl-68e31327-6f0a-47ff-9789-fe3f4972a3d5/datanode-0/data/ratis/1f71edec-ceeb-430e-a85a-7077269f90d8/current/log_inprogress_0
2019-09-27 09:21:30,111 [692a0e7c-3695-46c2-84c2-73657d75aae6@group-F02E2B629727:LeaderElection99] INFO  impl.LeaderElection (LeaderElection.java:askForVotes(182)) - 692a0e7c-3695-46c2-84c2-73657d75aae6@group-F02E2B629727:LeaderElection99: begin an election at term 1 for -1: [692a0e7c-3695-46c2-84c2-73657d75aae6:192.168.151.103:36657], old=null
2019-09-27 09:21:30,111 [9d1fa352-1a82-481d-9d24-e29bb21dd7ac@group-F63D726B6A80:LeaderElection98] INFO  impl.LeaderElection (LeaderElection.java:askForVotes(182)) - 9d1fa352-1a82-481d-9d24-e29bb21dd7ac@group-F63D726B6A80:LeaderElection98: begin an election at term 1 for -1: [9d1fa352-1a82-481d-9d24-e29bb21dd7ac:192.168.151.103:33561], old=null
2019-09-27 09:21:30,111 [692a0e7c-3695-46c2-84c2-73657d75aae6@group-F02E2B629727:LeaderElection99] INFO  impl.RoleInfo (RoleInfo.java:shutdownLeaderElection(134)) - 692a0e7c-3695-46c2-84c2-73657d75aae6: shutdown LeaderElection
2019-09-27 09:21:30,111 [9d1fa352-1a82-481d-9d24-e29bb21dd7ac@group-F63D726B6A80:LeaderElection98] INFO  impl.RoleInfo (RoleInfo.java:shutdownLeaderElection(134)) - 9d1fa352-1a82-481d-9d24-e29bb21dd7ac: shutdown LeaderElection
2019-09-27 09:21:30,112 [692a0e7c-3695-46c2-84c2-73657d75aae6@group-F02E2B629727:LeaderElection99] INFO  impl.RaftServerImpl (RaftServerImpl.java:setRole(174)) - 692a0e7c-3695-46c2-84c2-73657d75aae6@group-F02E2B629727: changes role from CANDIDATE to LEADER at term 1 for changeToLeader
2019-09-27 09:21:30,112 [9d1fa352-1a82-481d-9d24-e29bb21dd7ac@group-F63D726B6A80:LeaderElection98] INFO  impl.RaftServerImpl (RaftServerImpl.java:setRole(174)) - 9d1fa352-1a82-481d-9d24-e29bb21dd7ac@group-F63D726B6A80: changes role from CANDIDATE to LEADER at term 1 for changeToLeader
2019-09-27 09:21:30,112 [692a0e7c-3695-46c2-84c2-73657d75aae6@group-F02E2B629727:LeaderElection99] INFO  impl.RaftServerImpl (ServerState.java:setLeader(253)) - 692a0e7c-3695-46c2-84c2-73657d75aae6@group-F02E2B629727: change Leader from null to 692a0e7c-3695-46c2-84c2-73657d75aae6 at term 1 for becomeLeader, leader elected after 1051ms
2019-09-27 09:21:30,112 [9d1fa352-1a82-481d-9d24-e29bb21dd7ac@group-F63D726B6A80:LeaderElection98] INFO  impl.RaftServerImpl (ServerState.java:setLeader(253)) - 9d1fa352-1a82-481d-9d24-e29bb21dd7ac@group-F63D726B6A80: change Leader from null to 9d1fa352-1a82-481d-9d24-e29bb21dd7ac at term 1 for becomeLeader, leader elected after 1148ms
2019-09-27 09:21:30,112 [692a0e7c-3695-46c2-84c2-73657d75aae6@group-F02E2B629727:LeaderElection99] INFO  server.RaftServerConfigKeys (ConfUtils.java:logGet(43)) - raft.server.staging.catchup.gap = 1000 (default)
2019-09-27 09:21:30,112 [9d1fa352-1a82-481d-9d24-e29bb21dd7ac@group-F63D726B6A80:LeaderElection98] INFO  server.RaftServerConfigKeys (ConfUtils.java:logGet(43)) - raft.server.staging.catchup.gap = 1000 (default)
2019-09-27 09:21:30,112 [692a0e7c-3695-46c2-84c2-73657d75aae6@group-F02E2B629727:LeaderElection99] INFO  server.RaftServerConfigKeys (ConfUtils.java:logGet(43)) - raft.server.rpc.sleep.time = 25ms (default)
2019-09-27 09:21:30,113 [9d1fa352-1a82-481d-9d24-e29bb21dd7ac@group-F63D726B6A80:LeaderElection98] INFO  server.RaftServerConfigKeys (ConfUtils.java:logGet(43)) - raft.server.rpc.sleep.time = 25ms (default)
2019-09-27 09:21:30,113 [692a0e7c-3695-46c2-84c2-73657d75aae6@group-F02E2B629727:LeaderElection99] INFO  server.RaftServerConfigKeys (ConfUtils.java:logGet(43)) - raft.server.write.element-limit = 4096 (default)
2019-09-27 09:21:30,113 [9d1fa352-1a82-481d-9d24-e29bb21dd7ac@group-F63D726B6A80:LeaderElection98] INFO  server.RaftServerConfigKeys (ConfUtils.java:logGet(43)) - raft.server.write.element-limit = 4096 (default)
2019-09-27 09:21:30,113 [692a0e7c-3695-46c2-84c2-73657d75aae6@group-F02E2B629727:LeaderElection99] INFO  server.RaftServerConfigKeys (ConfUtils.java:logGet(43)) - raft.server.watch.timeout = 10s (default)
2019-09-27 09:21:30,113 [9d1fa352-1a82-481d-9d24-e29bb21dd7ac@group-F63D726B6A80:LeaderElection98] INFO  server.RaftServerConfigKeys (ConfUtils.java:logGet(43)) - raft.server.watch.timeout = 10s (default)
2019-09-27 09:21:30,113 [692a0e7c-3695-46c2-84c2-73657d75aae6@group-F02E2B629727:LeaderElection99] INFO  server.RaftServerConfigKeys (ConfUtils.java:logGet(43)) - raft.server.watch.timeout.denomination = 1s (default)
2019-09-27 09:21:30,114 [9d1fa352-1a82-481d-9d24-e29bb21dd7ac@group-F63D726B6A80:LeaderElection98] INFO  server.RaftServerConfigKeys (ConfUtils.java:logGet(43)) - raft.server.watch.timeout.denomination = 1s (default)
2019-09-27 09:21:30,114 [692a0e7c-3695-46c2-84c2-73657d75aae6@group-F02E2B629727:LeaderElection99] INFO  server.RaftServerConfigKeys (ConfUtils.java:logGet(43)) - raft.server.watch.element-limit = 65536 (default)
2019-09-27 09:21:30,114 [9d1fa352-1a82-481d-9d24-e29bb21dd7ac@group-F63D726B6A80:LeaderElection98] INFO  server.RaftServerConfigKeys (ConfUtils.java:logGet(43)) - raft.server.watch.element-limit = 65536 (default)
2019-09-27 09:21:30,117 [692a0e7c-3695-46c2-84c2-73657d75aae6@group-F02E2B629727:LeaderElection99] INFO  impl.RoleInfo (RoleInfo.java:updateAndGet(143)) - 692a0e7c-3695-46c2-84c2-73657d75aae6: start LeaderState
2019-09-27 09:21:30,118 [9d1fa352-1a82-481d-9d24-e29bb21dd7ac@group-F63D726B6A80:LeaderElection98] INFO  impl.RoleInfo (RoleInfo.java:updateAndGet(143)) - 9d1fa352-1a82-481d-9d24-e29bb21dd7ac: start LeaderState
2019-09-27 09:21:30,118 [692a0e7c-3695-46c2-84c2-73657d75aae6@group-F02E2B629727:LeaderElection99] INFO  segmented.SegmentedRaftLogWorker (SegmentedRaftLogWorker.java:startLogSegment(380)) - 692a0e7c-3695-46c2-84c2-73657d75aae6@group-F02E2B629727-SegmentedRaftLogWorker: Starting segment from index:0
2019-09-27 09:21:30,118 [9d1fa352-1a82-481d-9d24-e29bb21dd7ac@group-F63D726B6A80:LeaderElection98] INFO  segmented.SegmentedRaftLogWorker (SegmentedRaftLogWorker.java:startLogSegment(380)) - 9d1fa352-1a82-481d-9d24-e29bb21dd7ac@group-F63D726B6A80-SegmentedRaftLogWorker: Starting segment from index:0
2019-09-27 09:21:30,118 [692a0e7c-3695-46c2-84c2-73657d75aae6@group-F02E2B629727:LeaderElection99] INFO  impl.RaftServerImpl (ServerState.java:setRaftConf(354)) - 692a0e7c-3695-46c2-84c2-73657d75aae6@group-F02E2B629727: set configuration 0: [692a0e7c-3695-46c2-84c2-73657d75aae6:192.168.151.103:36657], old=null at 0
2019-09-27 09:21:30,157 [9d1fa352-1a82-481d-9d24-e29bb21dd7ac@group-F63D726B6A80:LeaderElection98] INFO  impl.RaftServerImpl (ServerState.java:setRaftConf(354)) - 9d1fa352-1a82-481d-9d24-e29bb21dd7ac@group-F63D726B6A80: set configuration 0: [9d1fa352-1a82-481d-9d24-e29bb21dd7ac:192.168.151.103:33561], old=null at 0
2019-09-27 09:21:30,194 [Thread-6153] INFO  impl.FollowerState (FollowerState.java:run(106)) - 6dd4b024-258e-4435-a177-4ad68e7047f2:group-F89D41993458 changes to CANDIDATE, lastRpcTime:1175, electionTimeout:1175ms
2019-09-27 09:21:30,194 [Thread-6162] INFO  impl.FollowerState (FollowerState.java:run(106)) - 692a0e7c-3695-46c2-84c2-73657d75aae6:group-498546036227 changes to CANDIDATE, lastRpcTime:1040, electionTimeout:1020ms
2019-09-27 09:21:30,194 [692a0e7c-3695-46c2-84c2-73657d75aae6@group-F02E2B629727-SegmentedRaftLogWorker] INFO  segmented.SegmentedRaftLogWorker (SegmentedRaftLogWorker.java:execute(569)) - 692a0e7c-3695-46c2-84c2-73657d75aae6@group-F02E2B629727-SegmentedRaftLogWorker: created new log segment /workdir/hadoop-ozone/integration-test/target/test-dir/MiniOzoneClusterImpl-68e31327-6f0a-47ff-9789-fe3f4972a3d5/datanode-3/data/ratis/9a3ad896-e5a8-4ca3-bfe9-f02e2b629727/current/log_inprogress_0
2019-09-27 09:21:30,194 [Thread-6162] INFO  impl.RoleInfo (RoleInfo.java:shutdownFollowerState(121)) - 692a0e7c-3695-46c2-84c2-73657d75aae6: shutdown FollowerState
2019-09-27 09:21:30,194 [Thread-6153] INFO  impl.RoleInfo (RoleInfo.java:shutdownFollowerState(121)) - 6dd4b024-258e-4435-a177-4ad68e7047f2: shutdown FollowerState
2019-09-27 09:21:30,194 [Thread-6162] INFO  impl.RaftServerImpl (RaftServerImpl.java:setRole(174)) - 692a0e7c-3695-46c2-84c2-73657d75aae6@group-498546036227: changes role from  FOLLOWER to CANDIDATE at term 0 for changeToCandidate
2019-09-27 09:21:30,195 [Thread-6153] INFO  impl.RaftServerImpl (RaftServerImpl.java:setRole(174)) - 6dd4b024-258e-4435-a177-4ad68e7047f2@group-F89D41993458: changes role from  FOLLOWER to CANDIDATE at term 0 for changeToCandidate
2019-09-27 09:21:30,195 [Thread-6162] INFO  impl.RoleInfo (RoleInfo.java:updateAndGet(143)) - 692a0e7c-3695-46c2-84c2-73657d75aae6: start LeaderElection
2019-09-27 09:21:30,195 [Thread-6153] INFO  impl.RoleInfo (RoleInfo.java:updateAndGet(143)) - 6dd4b024-258e-4435-a177-4ad68e7047f2: start LeaderElection
2019-09-27 09:21:30,217 [9d1fa352-1a82-481d-9d24-e29bb21dd7ac@group-F63D726B6A80-SegmentedRaftLogWorker] INFO  segmented.SegmentedRaftLogWorker (SegmentedRaftLogWorker.java:execute(569)) - 9d1fa352-1a82-481d-9d24-e29bb21dd7ac@group-F63D726B6A80-SegmentedRaftLogWorker: created new log segment /workdir/hadoop-ozone/integration-test/target/test-dir/MiniOzoneClusterImpl-68e31327-6f0a-47ff-9789-fe3f4972a3d5/datanode-1/data/ratis/3ab58aff-4dd1-484c-abfa-f63d726b6a80/current/log_inprogress_0
2019-09-27 09:21:30,217 [6dd4b024-258e-4435-a177-4ad68e7047f2@group-F89D41993458:LeaderElection101] INFO  impl.LeaderElection (LeaderElection.java:askForVotes(182)) - 6dd4b024-258e-4435-a177-4ad68e7047f2@group-F89D41993458:LeaderElection101: begin an election at term 1 for -1: [6dd4b024-258e-4435-a177-4ad68e7047f2:192.168.151.103:45014], old=null
2019-09-27 09:21:30,217 [692a0e7c-3695-46c2-84c2-73657d75aae6@group-498546036227:LeaderElection100] INFO  impl.LeaderElection (LeaderElection.java:askForVotes(182)) - 692a0e7c-3695-46c2-84c2-73657d75aae6@group-498546036227:LeaderElection100: begin an election at term 1 for -1: [cbebfacb-c89d-4e0c-ae63-1a234181ea6b:192.168.151.103:37470, 6dd4b024-258e-4435-a177-4ad68e7047f2:192.168.151.103:45014, 692a0e7c-3695-46c2-84c2-73657d75aae6:192.168.151.103:36657], old=null
2019-09-27 09:21:30,217 [6dd4b024-258e-4435-a177-4ad68e7047f2@group-F89D41993458:LeaderElection101] INFO  impl.RoleInfo (RoleInfo.java:shutdownLeaderElection(134)) - 6dd4b024-258e-4435-a177-4ad68e7047f2: shutdown LeaderElection
2019-09-27 09:21:30,217 [6dd4b024-258e-4435-a177-4ad68e7047f2@group-F89D41993458:LeaderElection101] INFO  impl.RaftServerImpl (RaftServerImpl.java:setRole(174)) - 6dd4b024-258e-4435-a177-4ad68e7047f2@group-F89D41993458: changes role from CANDIDATE to LEADER at term 1 for changeToLeader
2019-09-27 09:21:30,217 [6dd4b024-258e-4435-a177-4ad68e7047f2@group-F89D41993458:LeaderElection101] INFO  impl.RaftServerImpl (ServerState.java:setLeader(253)) - 6dd4b024-258e-4435-a177-4ad68e7047f2@group-F89D41993458: change Leader from null to 6dd4b024-258e-4435-a177-4ad68e7047f2 at term 1 for becomeLeader, leader elected after 1205ms
2019-09-27 09:21:30,217 [6dd4b024-258e-4435-a177-4ad68e7047f2@group-F89D41993458:LeaderElection101] INFO  server.RaftServerConfigKeys (ConfUtils.java:logGet(43)) - raft.server.staging.catchup.gap = 1000 (default)
2019-09-27 09:21:30,218 [6dd4b024-258e-4435-a177-4ad68e7047f2@group-F89D41993458:LeaderElection101] INFO  server.RaftServerConfigKeys (ConfUtils.java:logGet(43)) - raft.server.rpc.sleep.time = 25ms (default)
2019-09-27 09:21:30,218 [6dd4b024-258e-4435-a177-4ad68e7047f2@group-F89D41993458:LeaderElection101] INFO  server.RaftServerConfigKeys (ConfUtils.java:logGet(43)) - raft.server.write.element-limit = 4096 (default)
2019-09-27 09:21:30,218 [6dd4b024-258e-4435-a177-4ad68e7047f2@group-F89D41993458:LeaderElection101] INFO  server.RaftServerConfigKeys (ConfUtils.java:logGet(43)) - raft.server.watch.timeout = 10s (default)
2019-09-27 09:21:30,218 [6dd4b024-258e-4435-a177-4ad68e7047f2@group-F89D41993458:LeaderElection101] INFO  server.RaftServerConfigKeys (ConfUtils.java:logGet(43)) - raft.server.watch.timeout.denomination = 1s (default)
2019-09-27 09:21:30,218 [6dd4b024-258e-4435-a177-4ad68e7047f2@group-F89D41993458:LeaderElection101] INFO  server.RaftServerConfigKeys (ConfUtils.java:logGet(43)) - raft.server.watch.element-limit = 65536 (default)
2019-09-27 09:21:30,223 [6dd4b024-258e-4435-a177-4ad68e7047f2@group-F89D41993458:LeaderElection101] INFO  impl.RoleInfo (RoleInfo.java:updateAndGet(143)) - 6dd4b024-258e-4435-a177-4ad68e7047f2: start LeaderState
2019-09-27 09:21:30,224 [6dd4b024-258e-4435-a177-4ad68e7047f2@group-F89D41993458:LeaderElection101] INFO  segmented.SegmentedRaftLogWorker (SegmentedRaftLogWorker.java:startLogSegment(380)) - 6dd4b024-258e-4435-a177-4ad68e7047f2@group-F89D41993458-SegmentedRaftLogWorker: Starting segment from index:0
2019-09-27 09:21:30,224 [6dd4b024-258e-4435-a177-4ad68e7047f2@group-F89D41993458:LeaderElection101] INFO  impl.RaftServerImpl (ServerState.java:setRaftConf(354)) - 6dd4b024-258e-4435-a177-4ad68e7047f2@group-F89D41993458: set configuration 0: [6dd4b024-258e-4435-a177-4ad68e7047f2:192.168.151.103:45014], old=null at 0
2019-09-27 09:21:30,268 [Thread-6174] INFO  impl.FollowerState (FollowerState.java:run(106)) - 69eece0b-35aa-4c3f-ae5c-22aaa3245fe4:group-BE313173F156 changes to CANDIDATE, lastRpcTime:1019, electionTimeout:1019ms
2019-09-27 09:21:30,268 [Thread-6174] INFO  impl.RoleInfo (RoleInfo.java:shutdownFollowerState(121)) - 69eece0b-35aa-4c3f-ae5c-22aaa3245fe4: shutdown FollowerState
2019-09-27 09:21:30,268 [Thread-6174] INFO  impl.RaftServerImpl (RaftServerImpl.java:setRole(174)) - 69eece0b-35aa-4c3f-ae5c-22aaa3245fe4@group-BE313173F156: changes role from  FOLLOWER to CANDIDATE at term 0 for changeToCandidate
2019-09-27 09:21:30,268 [Thread-6174] INFO  impl.RoleInfo (RoleInfo.java:updateAndGet(143)) - 69eece0b-35aa-4c3f-ae5c-22aaa3245fe4: start LeaderElection
2019-09-27 09:21:30,272 [grpc-default-executor-0] INFO  impl.RaftServerImpl (RaftServerImpl.java:setRole(174)) - cbebfacb-c89d-4e0c-ae63-1a234181ea6b@group-498546036227: changes role from  FOLLOWER to FOLLOWER at term 1 for recognizeCandidate:692a0e7c-3695-46c2-84c2-73657d75aae6
2019-09-27 09:21:30,272 [grpc-default-executor-2] INFO  impl.RaftServerImpl (RaftServerImpl.java:setRole(174)) - 6dd4b024-258e-4435-a177-4ad68e7047f2@group-498546036227: changes role from  FOLLOWER to FOLLOWER at term 1 for recognizeCandidate:692a0e7c-3695-46c2-84c2-73657d75aae6
2019-09-27 09:21:30,272 [grpc-default-executor-0] INFO  impl.RoleInfo (RoleInfo.java:shutdownFollowerState(121)) - cbebfacb-c89d-4e0c-ae63-1a234181ea6b: shutdown FollowerState
2019-09-27 09:21:30,273 [grpc-default-executor-2] INFO  impl.RoleInfo (RoleInfo.java:shutdownFollowerState(121)) - 6dd4b024-258e-4435-a177-4ad68e7047f2: shutdown FollowerState
2019-09-27 09:21:30,273 [Thread-6160] INFO  impl.FollowerState (FollowerState.java:run(115)) - cbebfacb-c89d-4e0c-ae63-1a234181ea6b: FollowerState was interrupted: java.lang.InterruptedException: sleep interrupted
2019-09-27 09:21:30,273 [Thread-6165] INFO  impl.FollowerState (FollowerState.java:run(115)) - 6dd4b024-258e-4435-a177-4ad68e7047f2: FollowerState was interrupted: java.lang.InterruptedException: sleep interrupted
2019-09-27 09:21:30,273 [grpc-default-executor-0] INFO  impl.RoleInfo (RoleInfo.java:updateAndGet(143)) - cbebfacb-c89d-4e0c-ae63-1a234181ea6b: start FollowerState
2019-09-27 09:21:30,273 [grpc-default-executor-2] INFO  impl.RoleInfo (RoleInfo.java:updateAndGet(143)) - 6dd4b024-258e-4435-a177-4ad68e7047f2: start FollowerState
2019-09-27 09:21:30,281 [6dd4b024-258e-4435-a177-4ad68e7047f2@group-F89D41993458-SegmentedRaftLogWorker] INFO  segmented.SegmentedRaftLogWorker (SegmentedRaftLogWorker.java:execute(569)) - 6dd4b024-258e-4435-a177-4ad68e7047f2@group-F89D41993458-SegmentedRaftLogWorker: created new log segment /workdir/hadoop-ozone/integration-test/target/test-dir/MiniOzoneClusterImpl-68e31327-6f0a-47ff-9789-fe3f4972a3d5/datanode-2/data/ratis/fb709eeb-1c69-47ee-9436-f89d41993458/current/log_inprogress_0
2019-09-27 09:21:30,281 [69eece0b-35aa-4c3f-ae5c-22aaa3245fe4@group-BE313173F156:LeaderElection102] INFO  impl.LeaderElection (LeaderElection.java:askForVotes(182)) - 69eece0b-35aa-4c3f-ae5c-22aaa3245fe4@group-BE313173F156:LeaderElection102: begin an election at term 1 for -1: [9d1fa352-1a82-481d-9d24-e29bb21dd7ac:192.168.151.103:33561, 545840a3-a59e-4544-b748-6e804ee187a8:192.168.151.103:38575, 69eece0b-35aa-4c3f-ae5c-22aaa3245fe4:192.168.151.103:38721], old=null
2019-09-27 09:21:30,288 [692a0e7c-3695-46c2-84c2-73657d75aae6@group-498546036227:LeaderElection100] INFO  impl.LeaderElection (LeaderElection.java:logAndReturn(56)) - 692a0e7c-3695-46c2-84c2-73657d75aae6@group-498546036227:LeaderElection100: Election PASSED; received 1 response(s) [692a0e7c-3695-46c2-84c2-73657d75aae6<-6dd4b024-258e-4435-a177-4ad68e7047f2#0:OK-t1] and 0 exception(s); 692a0e7c-3695-46c2-84c2-73657d75aae6@group-498546036227:t1, leader=null, voted=692a0e7c-3695-46c2-84c2-73657d75aae6, raftlog=692a0e7c-3695-46c2-84c2-73657d75aae6@group-498546036227-SegmentedRaftLog:OPENED:c-1,f-1,i0, conf=-1: [cbebfacb-c89d-4e0c-ae63-1a234181ea6b:192.168.151.103:37470, 6dd4b024-258e-4435-a177-4ad68e7047f2:192.168.151.103:45014, 692a0e7c-3695-46c2-84c2-73657d75aae6:192.168.151.103:36657], old=null
2019-09-27 09:21:30,288 [692a0e7c-3695-46c2-84c2-73657d75aae6@group-498546036227:LeaderElection100] INFO  impl.RoleInfo (RoleInfo.java:shutdownLeaderElection(134)) - 692a0e7c-3695-46c2-84c2-73657d75aae6: shutdown LeaderElection
2019-09-27 09:21:30,288 [692a0e7c-3695-46c2-84c2-73657d75aae6@group-498546036227:LeaderElection100] INFO  impl.RaftServerImpl (RaftServerImpl.java:setRole(174)) - 692a0e7c-3695-46c2-84c2-73657d75aae6@group-498546036227: changes role from CANDIDATE to LEADER at term 1 for changeToLeader
2019-09-27 09:21:30,288 [692a0e7c-3695-46c2-84c2-73657d75aae6@group-498546036227:LeaderElection100] INFO  impl.RaftServerImpl (ServerState.java:setLeader(253)) - 692a0e7c-3695-46c2-84c2-73657d75aae6@group-498546036227: change Leader from null to 692a0e7c-3695-46c2-84c2-73657d75aae6 at term 1 for becomeLeader, leader elected after 1148ms
2019-09-27 09:21:30,288 [692a0e7c-3695-46c2-84c2-73657d75aae6@group-498546036227:LeaderElection100] INFO  server.RaftServerConfigKeys (ConfUtils.java:logGet(43)) - raft.server.staging.catchup.gap = 1000 (default)
2019-09-27 09:21:30,289 [692a0e7c-3695-46c2-84c2-73657d75aae6@group-498546036227:LeaderElection100] INFO  server.RaftServerConfigKeys (ConfUtils.java:logGet(43)) - raft.server.rpc.sleep.time = 25ms (default)
2019-09-27 09:21:30,289 [692a0e7c-3695-46c2-84c2-73657d75aae6@group-498546036227:LeaderElection100] INFO  server.RaftServerConfigKeys (ConfUtils.java:logGet(43)) - raft.server.write.element-limit = 4096 (default)
2019-09-27 09:21:30,289 [692a0e7c-3695-46c2-84c2-73657d75aae6@group-498546036227:LeaderElection100] INFO  server.RaftServerConfigKeys (ConfUtils.java:logGet(43)) - raft.server.watch.timeout = 10s (default)
2019-09-27 09:21:30,289 [692a0e7c-3695-46c2-84c2-73657d75aae6@group-498546036227:LeaderElection100] INFO  server.RaftServerConfigKeys (ConfUtils.java:logGet(43)) - raft.server.watch.timeout.denomination = 1s (default)
2019-09-27 09:21:30,289 [692a0e7c-3695-46c2-84c2-73657d75aae6@group-498546036227:LeaderElection100] INFO  server.RaftServerConfigKeys (ConfUtils.java:logGet(43)) - raft.server.watch.element-limit = 65536 (default)
2019-09-27 09:21:30,290 [grpc-default-executor-2] INFO  impl.RaftServerImpl (RaftServerImpl.java:setRole(174)) - 9d1fa352-1a82-481d-9d24-e29bb21dd7ac@group-BE313173F156: changes role from  FOLLOWER to FOLLOWER at term 1 for recognizeCandidate:69eece0b-35aa-4c3f-ae5c-22aaa3245fe4
2019-09-27 09:21:30,291 [grpc-default-executor-0] INFO  impl.RaftServerImpl (RaftServerImpl.java:setRole(174)) - 545840a3-a59e-4544-b748-6e804ee187a8@group-BE313173F156: changes role from  FOLLOWER to FOLLOWER at term 1 for recognizeCandidate:69eece0b-35aa-4c3f-ae5c-22aaa3245fe4
2019-09-27 09:21:30,291 [grpc-default-executor-2] INFO  impl.RoleInfo (RoleInfo.java:shutdownFollowerState(121)) - 9d1fa352-1a82-481d-9d24-e29bb21dd7ac: shutdown FollowerState
2019-09-27 09:21:30,291 [692a0e7c-3695-46c2-84c2-73657d75aae6@group-498546036227:LeaderElection100] INFO  server.RaftServerConfigKeys (ConfUtils.java:logGet(43)) - raft.server.log.appender.snapshot.chunk.size.max = 16MB (=16777216) (default)
2019-09-27 09:21:30,291 [grpc-default-executor-0] INFO  impl.RoleInfo (RoleInfo.java:shutdownFollowerState(121)) - 545840a3-a59e-4544-b748-6e804ee187a8: shutdown FollowerState
2019-09-27 09:21:30,291 [692a0e7c-3695-46c2-84c2-73657d75aae6@group-498546036227:LeaderElection100] INFO  server.RaftServerConfigKeys (ConfUtils.java:logGet(43)) - raft.server.log.appender.buffer.byte-limit = 33554432 (custom)
2019-09-27 09:21:30,291 [Thread-6168] INFO  impl.FollowerState (FollowerState.java:run(115)) - 9d1fa352-1a82-481d-9d24-e29bb21dd7ac: FollowerState was interrupted: java.lang.InterruptedException: sleep interrupted
2019-09-27 09:21:30,291 [grpc-default-executor-2] INFO  impl.RoleInfo (RoleInfo.java:updateAndGet(143)) - 9d1fa352-1a82-481d-9d24-e29bb21dd7ac: start FollowerState
2019-09-27 09:21:30,292 [692a0e7c-3695-46c2-84c2-73657d75aae6@group-498546036227:LeaderElection100] INFO  server.RaftServerConfigKeys (ConfUtils.java:logGet(43)) - raft.server.log.appender.buffer.element-limit = 1 (custom)
2019-09-27 09:21:30,292 [Thread-6172] INFO  impl.FollowerState (FollowerState.java:run(115)) - 545840a3-a59e-4544-b748-6e804ee187a8: FollowerState was interrupted: java.lang.InterruptedException: sleep interrupted
2019-09-27 09:21:30,291 [grpc-default-executor-0] INFO  impl.RoleInfo (RoleInfo.java:updateAndGet(143)) - 545840a3-a59e-4544-b748-6e804ee187a8: start FollowerState
2019-09-27 09:21:30,292 [692a0e7c-3695-46c2-84c2-73657d75aae6@group-498546036227:LeaderElection100] INFO  grpc.GrpcConfigKeys$Server (ConfUtils.java:logGet(43)) - raft.grpc.server.leader.outstanding.appends.max = 128 (default)
2019-09-27 09:21:30,293 [692a0e7c-3695-46c2-84c2-73657d75aae6@group-498546036227:LeaderElection100] INFO  server.RaftServerConfigKeys (ConfUtils.java:logGet(43)) - raft.server.rpc.request.timeout = 3000ms (default)
2019-09-27 09:21:30,293 [692a0e7c-3695-46c2-84c2-73657d75aae6@group-498546036227:LeaderElection100] INFO  server.RaftServerConfigKeys (ConfUtils.java:logGet(43)) - raft.server.log.appender.install.snapshot.enabled = false (custom)
2019-09-27 09:21:30,293 [692a0e7c-3695-46c2-84c2-73657d75aae6@group-498546036227:LeaderElection100] INFO  server.RaftServerConfigKeys (ConfUtils.java:logGet(43)) - raft.server.log.appender.snapshot.chunk.size.max = 16MB (=16777216) (default)
2019-09-27 09:21:30,293 [692a0e7c-3695-46c2-84c2-73657d75aae6@group-498546036227:LeaderElection100] INFO  server.RaftServerConfigKeys (ConfUtils.java:logGet(43)) - raft.server.log.appender.buffer.byte-limit = 33554432 (custom)
2019-09-27 09:21:30,293 [692a0e7c-3695-46c2-84c2-73657d75aae6@group-498546036227:LeaderElection100] INFO  server.RaftServerConfigKeys (ConfUtils.java:logGet(43)) - raft.server.log.appender.buffer.element-limit = 1 (custom)
2019-09-27 09:21:30,294 [692a0e7c-3695-46c2-84c2-73657d75aae6@group-498546036227:LeaderElection100] INFO  grpc.GrpcConfigKeys$Server (ConfUtils.java:logGet(43)) - raft.grpc.server.leader.outstanding.appends.max = 128 (default)
2019-09-27 09:21:30,294 [692a0e7c-3695-46c2-84c2-73657d75aae6@group-498546036227:LeaderElection100] INFO  server.RaftServerConfigKeys (ConfUtils.java:logGet(43)) - raft.server.rpc.request.timeout = 3000ms (default)
2019-09-27 09:21:30,294 [692a0e7c-3695-46c2-84c2-73657d75aae6@group-498546036227:LeaderElection100] INFO  server.RaftServerConfigKeys (ConfUtils.java:logGet(43)) - raft.server.log.appender.install.snapshot.enabled = false (custom)
2019-09-27 09:21:30,294 [692a0e7c-3695-46c2-84c2-73657d75aae6@group-498546036227:LeaderElection100] INFO  impl.RoleInfo (RoleInfo.java:updateAndGet(143)) - 692a0e7c-3695-46c2-84c2-73657d75aae6: start LeaderState
2019-09-27 09:21:30,295 [692a0e7c-3695-46c2-84c2-73657d75aae6@group-498546036227:LeaderElection100] INFO  segmented.SegmentedRaftLogWorker (SegmentedRaftLogWorker.java:startLogSegment(380)) - 692a0e7c-3695-46c2-84c2-73657d75aae6@group-498546036227-SegmentedRaftLogWorker: Starting segment from index:0
2019-09-27 09:21:30,296 [692a0e7c-3695-46c2-84c2-73657d75aae6@group-498546036227:LeaderElection100] INFO  impl.RaftServerImpl (ServerState.java:setRaftConf(354)) - 692a0e7c-3695-46c2-84c2-73657d75aae6@group-498546036227: set configuration 0: [cbebfacb-c89d-4e0c-ae63-1a234181ea6b:192.168.151.103:37470, 6dd4b024-258e-4435-a177-4ad68e7047f2:192.168.151.103:45014, 692a0e7c-3695-46c2-84c2-73657d75aae6:192.168.151.103:36657], old=null at 0
2019-09-27 09:21:30,329 [69eece0b-35aa-4c3f-ae5c-22aaa3245fe4@group-BE313173F156:LeaderElection102] INFO  impl.LeaderElection (LeaderElection.java:logAndReturn(56)) - 69eece0b-35aa-4c3f-ae5c-22aaa3245fe4@group-BE313173F156:LeaderElection102: Election PASSED; received 1 response(s) [69eece0b-35aa-4c3f-ae5c-22aaa3245fe4<-545840a3-a59e-4544-b748-6e804ee187a8#0:OK-t1] and 0 exception(s); 69eece0b-35aa-4c3f-ae5c-22aaa3245fe4@group-BE313173F156:t1, leader=null, voted=69eece0b-35aa-4c3f-ae5c-22aaa3245fe4, raftlog=69eece0b-35aa-4c3f-ae5c-22aaa3245fe4@group-BE313173F156-SegmentedRaftLog:OPENED:c-1,f-1,i0, conf=-1: [9d1fa352-1a82-481d-9d24-e29bb21dd7ac:192.168.151.103:33561, 545840a3-a59e-4544-b748-6e804ee187a8:192.168.151.103:38575, 69eece0b-35aa-4c3f-ae5c-22aaa3245fe4:192.168.151.103:38721], old=null
2019-09-27 09:21:30,329 [grpc-default-executor-2] INFO  impl.RaftServerImpl (ServerState.java:setLeader(253)) - 6dd4b024-258e-4435-a177-4ad68e7047f2@group-498546036227: change Leader from null to 692a0e7c-3695-46c2-84c2-73657d75aae6 at term 1 for appendEntries, leader elected after 1189ms
2019-09-27 09:21:30,332 [grpc-default-executor-0] INFO  impl.RaftServerImpl (ServerState.java:setLeader(253)) - cbebfacb-c89d-4e0c-ae63-1a234181ea6b@group-498546036227: change Leader from null to 692a0e7c-3695-46c2-84c2-73657d75aae6 at term 1 for appendEntries, leader elected after 1192ms
2019-09-27 09:21:30,332 [69eece0b-35aa-4c3f-ae5c-22aaa3245fe4@group-BE313173F156:LeaderElection102] INFO  impl.RoleInfo (RoleInfo.java:shutdownLeaderElection(134)) - 69eece0b-35aa-4c3f-ae5c-22aaa3245fe4: shutdown LeaderElection
2019-09-27 09:21:30,336 [69eece0b-35aa-4c3f-ae5c-22aaa3245fe4@group-BE313173F156:LeaderElection102] INFO  impl.RaftServerImpl (RaftServerImpl.java:setRole(174)) - 69eece0b-35aa-4c3f-ae5c-22aaa3245fe4@group-BE313173F156: changes role from CANDIDATE to LEADER at term 1 for changeToLeader
2019-09-27 09:21:30,336 [69eece0b-35aa-4c3f-ae5c-22aaa3245fe4@group-BE313173F156:LeaderElection102] INFO  impl.RaftServerImpl (ServerState.java:setLeader(253)) - 69eece0b-35aa-4c3f-ae5c-22aaa3245fe4@group-BE313173F156: change Leader from null to 69eece0b-35aa-4c3f-ae5c-22aaa3245fe4 at term 1 for becomeLeader, leader elected after 1105ms
2019-09-27 09:21:30,336 [69eece0b-35aa-4c3f-ae5c-22aaa3245fe4@group-BE313173F156:LeaderElection102] INFO  server.RaftServerConfigKeys (ConfUtils.java:logGet(43)) - raft.server.staging.catchup.gap = 1000 (default)
2019-09-27 09:21:30,336 [69eece0b-35aa-4c3f-ae5c-22aaa3245fe4@group-BE313173F156:LeaderElection102] INFO  server.RaftServerConfigKeys (ConfUtils.java:logGet(43)) - raft.server.rpc.sleep.time = 25ms (default)
2019-09-27 09:21:30,339 [692a0e7c-3695-46c2-84c2-73657d75aae6@group-498546036227-SegmentedRaftLogWorker] INFO  segmented.SegmentedRaftLogWorker (SegmentedRaftLogWorker.java:execute(569)) - 692a0e7c-3695-46c2-84c2-73657d75aae6@group-498546036227-SegmentedRaftLogWorker: created new log segment /workdir/hadoop-ozone/integration-test/target/test-dir/MiniOzoneClusterImpl-68e31327-6f0a-47ff-9789-fe3f4972a3d5/datanode-3/data/ratis/57abd842-6cac-44b5-8687-498546036227/current/log_inprogress_0
2019-09-27 09:21:30,339 [69eece0b-35aa-4c3f-ae5c-22aaa3245fe4@group-BE313173F156:LeaderElection102] INFO  server.RaftServerConfigKeys (ConfUtils.java:logGet(43)) - raft.server.write.element-limit = 4096 (default)
2019-09-27 09:21:30,339 [69eece0b-35aa-4c3f-ae5c-22aaa3245fe4@group-BE313173F156:LeaderElection102] INFO  server.RaftServerConfigKeys (ConfUtils.java:logGet(43)) - raft.server.watch.timeout = 10s (default)
2019-09-27 09:21:30,339 [69eece0b-35aa-4c3f-ae5c-22aaa3245fe4@group-BE313173F156:LeaderElection102] INFO  server.RaftServerConfigKeys (ConfUtils.java:logGet(43)) - raft.server.watch.timeout.denomination = 1s (default)
2019-09-27 09:21:30,339 [69eece0b-35aa-4c3f-ae5c-22aaa3245fe4@group-BE313173F156:LeaderElection102] INFO  server.RaftServerConfigKeys (ConfUtils.java:logGet(43)) - raft.server.watch.element-limit = 65536 (default)
2019-09-27 09:21:30,347 [grpc-default-executor-2] INFO  impl.RaftServerImpl (ServerState.java:setRaftConf(354)) - cbebfacb-c89d-4e0c-ae63-1a234181ea6b@group-498546036227: set configuration 0: [cbebfacb-c89d-4e0c-ae63-1a234181ea6b:192.168.151.103:37470, 6dd4b024-258e-4435-a177-4ad68e7047f2:192.168.151.103:45014, 692a0e7c-3695-46c2-84c2-73657d75aae6:192.168.151.103:36657], old=null at 0
2019-09-27 09:21:30,347 [grpc-default-executor-2] INFO  segmented.SegmentedRaftLogWorker (SegmentedRaftLogWorker.java:startLogSegment(380)) - cbebfacb-c89d-4e0c-ae63-1a234181ea6b@group-498546036227-SegmentedRaftLogWorker: Starting segment from index:0
2019-09-27 09:21:30,347 [grpc-default-executor-0] INFO  impl.RaftServerImpl (ServerState.java:setRaftConf(354)) - 6dd4b024-258e-4435-a177-4ad68e7047f2@group-498546036227: set configuration 0: [cbebfacb-c89d-4e0c-ae63-1a234181ea6b:192.168.151.103:37470, 6dd4b024-258e-4435-a177-4ad68e7047f2:192.168.151.103:45014, 692a0e7c-3695-46c2-84c2-73657d75aae6:192.168.151.103:36657], old=null at 0
2019-09-27 09:21:30,347 [grpc-default-executor-0] INFO  segmented.SegmentedRaftLogWorker (SegmentedRaftLogWorker.java:startLogSegment(380)) - 6dd4b024-258e-4435-a177-4ad68e7047f2@group-498546036227-SegmentedRaftLogWorker: Starting segment from index:0
2019-09-27 09:21:30,348 [69eece0b-35aa-4c3f-ae5c-22aaa3245fe4@group-BE313173F156:LeaderElection102] INFO  server.RaftServerConfigKeys (ConfUtils.java:logGet(43)) - raft.server.log.appender.snapshot.chunk.size.max = 16MB (=16777216) (default)
2019-09-27 09:21:30,348 [69eece0b-35aa-4c3f-ae5c-22aaa3245fe4@group-BE313173F156:LeaderElection102] INFO  server.RaftServerConfigKeys (ConfUtils.java:logGet(43)) - raft.server.log.appender.buffer.byte-limit = 33554432 (custom)
2019-09-27 09:21:30,349 [69eece0b-35aa-4c3f-ae5c-22aaa3245fe4@group-BE313173F156:LeaderElection102] INFO  server.RaftServerConfigKeys (ConfUtils.java:logGet(43)) - raft.server.log.appender.buffer.element-limit = 1 (custom)
2019-09-27 09:21:30,349 [69eece0b-35aa-4c3f-ae5c-22aaa3245fe4@group-BE313173F156:LeaderElection102] INFO  grpc.GrpcConfigKeys$Server (ConfUtils.java:logGet(43)) - raft.grpc.server.leader.outstanding.appends.max = 128 (default)
2019-09-27 09:21:30,349 [69eece0b-35aa-4c3f-ae5c-22aaa3245fe4@group-BE313173F156:LeaderElection102] INFO  server.RaftServerConfigKeys (ConfUtils.java:logGet(43)) - raft.server.rpc.request.timeout = 3000ms (default)
2019-09-27 09:21:30,349 [69eece0b-35aa-4c3f-ae5c-22aaa3245fe4@group-BE313173F156:LeaderElection102] INFO  server.RaftServerConfigKeys (ConfUtils.java:logGet(43)) - raft.server.log.appender.install.snapshot.enabled = false (custom)
2019-09-27 09:21:30,349 [69eece0b-35aa-4c3f-ae5c-22aaa3245fe4@group-BE313173F156:LeaderElection102] INFO  server.RaftServerConfigKeys (ConfUtils.java:logGet(43)) - raft.server.log.appender.snapshot.chunk.size.max = 16MB (=16777216) (default)
2019-09-27 09:21:30,350 [69eece0b-35aa-4c3f-ae5c-22aaa3245fe4@group-BE313173F156:LeaderElection102] INFO  server.RaftServerConfigKeys (ConfUtils.java:logGet(43)) - raft.server.log.appender.buffer.byte-limit = 33554432 (custom)
2019-09-27 09:21:30,350 [69eece0b-35aa-4c3f-ae5c-22aaa3245fe4@group-BE313173F156:LeaderElection102] INFO  server.RaftServerConfigKeys (ConfUtils.java:logGet(43)) - raft.server.log.appender.buffer.element-limit = 1 (custom)
2019-09-27 09:21:30,350 [69eece0b-35aa-4c3f-ae5c-22aaa3245fe4@group-BE313173F156:LeaderElection102] INFO  grpc.GrpcConfigKeys$Server (ConfUtils.java:logGet(43)) - raft.grpc.server.leader.outstanding.appends.max = 128 (default)
2019-09-27 09:21:30,350 [69eece0b-35aa-4c3f-ae5c-22aaa3245fe4@group-BE313173F156:LeaderElection102] INFO  server.RaftServerConfigKeys (ConfUtils.java:logGet(43)) - raft.server.rpc.request.timeout = 3000ms (default)
2019-09-27 09:21:30,350 [69eece0b-35aa-4c3f-ae5c-22aaa3245fe4@group-BE313173F156:LeaderElection102] INFO  server.RaftServerConfigKeys (ConfUtils.java:logGet(43)) - raft.server.log.appender.install.snapshot.enabled = false (custom)
2019-09-27 09:21:30,351 [69eece0b-35aa-4c3f-ae5c-22aaa3245fe4@group-BE313173F156:LeaderElection102] INFO  impl.RoleInfo (RoleInfo.java:updateAndGet(143)) - 69eece0b-35aa-4c3f-ae5c-22aaa3245fe4: start LeaderState
2019-09-27 09:21:30,351 [69eece0b-35aa-4c3f-ae5c-22aaa3245fe4@group-BE313173F156:LeaderElection102] INFO  segmented.SegmentedRaftLogWorker (SegmentedRaftLogWorker.java:startLogSegment(380)) - 69eece0b-35aa-4c3f-ae5c-22aaa3245fe4@group-BE313173F156-SegmentedRaftLogWorker: Starting segment from index:0
2019-09-27 09:21:30,352 [69eece0b-35aa-4c3f-ae5c-22aaa3245fe4@group-BE313173F156:LeaderElection102] INFO  impl.RaftServerImpl (ServerState.java:setRaftConf(354)) - 69eece0b-35aa-4c3f-ae5c-22aaa3245fe4@group-BE313173F156: set configuration 0: [9d1fa352-1a82-481d-9d24-e29bb21dd7ac:192.168.151.103:33561, 545840a3-a59e-4544-b748-6e804ee187a8:192.168.151.103:38575, 69eece0b-35aa-4c3f-ae5c-22aaa3245fe4:192.168.151.103:38721], old=null at 0
2019-09-27 09:21:30,399 [grpc-default-executor-0] INFO  impl.RaftServerImpl (ServerState.java:setLeader(253)) - 9d1fa352-1a82-481d-9d24-e29bb21dd7ac@group-BE313173F156: change Leader from null to 69eece0b-35aa-4c3f-ae5c-22aaa3245fe4 at term 1 for appendEntries, leader elected after 1168ms
2019-09-27 09:21:30,401 [grpc-default-executor-2] INFO  impl.RaftServerImpl (ServerState.java:setLeader(253)) - 545840a3-a59e-4544-b748-6e804ee187a8@group-BE313173F156: change Leader from null to 69eece0b-35aa-4c3f-ae5c-22aaa3245fe4 at term 1 for appendEntries, leader elected after 1171ms
2019-09-27 09:21:30,408 [cbebfacb-c89d-4e0c-ae63-1a234181ea6b@group-498546036227-SegmentedRaftLogWorker] INFO  segmented.SegmentedRaftLogWorker (SegmentedRaftLogWorker.java:execute(569)) - cbebfacb-c89d-4e0c-ae63-1a234181ea6b@group-498546036227-SegmentedRaftLogWorker: created new log segment /workdir/hadoop-ozone/integration-test/target/test-dir/MiniOzoneClusterImpl-68e31327-6f0a-47ff-9789-fe3f4972a3d5/datanode-0/data/ratis/57abd842-6cac-44b5-8687-498546036227/current/log_inprogress_0
2019-09-27 09:21:30,408 [69eece0b-35aa-4c3f-ae5c-22aaa3245fe4@group-BE313173F156-SegmentedRaftLogWorker] INFO  segmented.SegmentedRaftLogWorker (SegmentedRaftLogWorker.java:execute(569)) - 69eece0b-35aa-4c3f-ae5c-22aaa3245fe4@group-BE313173F156-SegmentedRaftLogWorker: created new log segment /workdir/hadoop-ozone/integration-test/target/test-dir/MiniOzoneClusterImpl-68e31327-6f0a-47ff-9789-fe3f4972a3d5/datanode-4/data/ratis/79d54d49-9648-4a7f-afa4-be313173f156/current/log_inprogress_0
2019-09-27 09:21:30,408 [grpc-default-executor-0] INFO  impl.RaftServerImpl (ServerState.java:setRaftConf(354)) - 9d1fa352-1a82-481d-9d24-e29bb21dd7ac@group-BE313173F156: set configuration 0: [9d1fa352-1a82-481d-9d24-e29bb21dd7ac:192.168.151.103:33561, 545840a3-a59e-4544-b748-6e804ee187a8:192.168.151.103:38575, 69eece0b-35aa-4c3f-ae5c-22aaa3245fe4:192.168.151.103:38721], old=null at 0
2019-09-27 09:21:30,408 [6dd4b024-258e-4435-a177-4ad68e7047f2@group-498546036227-SegmentedRaftLogWorker] INFO  segmented.SegmentedRaftLogWorker (SegmentedRaftLogWorker.java:execute(569)) - 6dd4b024-258e-4435-a177-4ad68e7047f2@group-498546036227-SegmentedRaftLogWorker: created new log segment /workdir/hadoop-ozone/integration-test/target/test-dir/MiniOzoneClusterImpl-68e31327-6f0a-47ff-9789-fe3f4972a3d5/datanode-2/data/ratis/57abd842-6cac-44b5-8687-498546036227/current/log_inprogress_0
2019-09-27 09:21:30,408 [grpc-default-executor-2] INFO  impl.RaftServerImpl (ServerState.java:setRaftConf(354)) - 545840a3-a59e-4544-b748-6e804ee187a8@group-BE313173F156: set configuration 0: [9d1fa352-1a82-481d-9d24-e29bb21dd7ac:192.168.151.103:33561, 545840a3-a59e-4544-b748-6e804ee187a8:192.168.151.103:38575, 69eece0b-35aa-4c3f-ae5c-22aaa3245fe4:192.168.151.103:38721], old=null at 0
2019-09-27 09:21:30,409 [grpc-default-executor-2] INFO  segmented.SegmentedRaftLogWorker (SegmentedRaftLogWorker.java:startLogSegment(380)) - 545840a3-a59e-4544-b748-6e804ee187a8@group-BE313173F156-SegmentedRaftLogWorker: Starting segment from index:0
2019-09-27 09:21:30,409 [grpc-default-executor-0] INFO  segmented.SegmentedRaftLogWorker (SegmentedRaftLogWorker.java:startLogSegment(380)) - 9d1fa352-1a82-481d-9d24-e29bb21dd7ac@group-BE313173F156-SegmentedRaftLogWorker: Starting segment from index:0
2019-09-27 09:21:30,439 [main] INFO  ozone.MiniOzoneClusterImpl (MiniOzoneClusterImpl.java:lambda$waitForClusterToBeReady$0(147)) - Cluster is ready. Got 10 of 10 DN Heartbeats.
2019-09-27 09:21:30,452 [545840a3-a59e-4544-b748-6e804ee187a8@group-BE313173F156-SegmentedRaftLogWorker] INFO  segmented.SegmentedRaftLogWorker (SegmentedRaftLogWorker.java:execute(569)) - 545840a3-a59e-4544-b748-6e804ee187a8@group-BE313173F156-SegmentedRaftLogWorker: created new log segment /workdir/hadoop-ozone/integration-test/target/test-dir/MiniOzoneClusterImpl-68e31327-6f0a-47ff-9789-fe3f4972a3d5/datanode-5/data/ratis/79d54d49-9648-4a7f-afa4-be313173f156/current/log_inprogress_0
2019-09-27 09:21:30,452 [9d1fa352-1a82-481d-9d24-e29bb21dd7ac@group-BE313173F156-SegmentedRaftLogWorker] INFO  segmented.SegmentedRaftLogWorker (SegmentedRaftLogWorker.java:execute(569)) - 9d1fa352-1a82-481d-9d24-e29bb21dd7ac@group-BE313173F156-SegmentedRaftLogWorker: created new log segment /workdir/hadoop-ozone/integration-test/target/test-dir/MiniOzoneClusterImpl-68e31327-6f0a-47ff-9789-fe3f4972a3d5/datanode-1/data/ratis/79d54d49-9648-4a7f-afa4-be313173f156/current/log_inprogress_0
2019-09-27 09:21:30,458 [Thread-6180] INFO  impl.FollowerState (FollowerState.java:run(106)) - 4c0a5387-3197-4e6b-9533-589fb410635e:group-7D1F36F98E41 changes to CANDIDATE, lastRpcTime:1096, electionTimeout:1096ms
2019-09-27 09:21:30,458 [Thread-6180] INFO  impl.RoleInfo (RoleInfo.java:shutdownFollowerState(121)) - 4c0a5387-3197-4e6b-9533-589fb410635e: shutdown FollowerState
2019-09-27 09:21:30,458 [Thread-6180] INFO  impl.RaftServerImpl (RaftServerImpl.java:setRole(174)) - 4c0a5387-3197-4e6b-9533-589fb410635e@group-7D1F36F98E41: changes role from  FOLLOWER to CANDIDATE at term 0 for changeToCandidate
2019-09-27 09:21:30,458 [Thread-6180] INFO  impl.RoleInfo (RoleInfo.java:updateAndGet(143)) - 4c0a5387-3197-4e6b-9533-589fb410635e: start LeaderElection
2019-09-27 09:21:30,475 [4c0a5387-3197-4e6b-9533-589fb410635e@group-7D1F36F98E41:LeaderElection103] INFO  impl.LeaderElection (LeaderElection.java:askForVotes(182)) - 4c0a5387-3197-4e6b-9533-589fb410635e@group-7D1F36F98E41:LeaderElection103: begin an election at term 1 for -1: [4c0a5387-3197-4e6b-9533-589fb410635e:192.168.151.103:34462], old=null
2019-09-27 09:21:30,475 [4c0a5387-3197-4e6b-9533-589fb410635e@group-7D1F36F98E41:LeaderElection103] INFO  impl.RoleInfo (RoleInfo.java:shutdownLeaderElection(134)) - 4c0a5387-3197-4e6b-9533-589fb410635e: shutdown LeaderElection
2019-09-27 09:21:30,476 [4c0a5387-3197-4e6b-9533-589fb410635e@group-7D1F36F98E41:LeaderElection103] INFO  impl.RaftServerImpl (RaftServerImpl.java:setRole(174)) - 4c0a5387-3197-4e6b-9533-589fb410635e@group-7D1F36F98E41: changes role from CANDIDATE to LEADER at term 1 for changeToLeader
2019-09-27 09:21:30,476 [4c0a5387-3197-4e6b-9533-589fb410635e@group-7D1F36F98E41:LeaderElection103] INFO  impl.RaftServerImpl (ServerState.java:setLeader(253)) - 4c0a5387-3197-4e6b-9533-589fb410635e@group-7D1F36F98E41: change Leader from null to 4c0a5387-3197-4e6b-9533-589fb410635e at term 1 for becomeLeader, leader elected after 1120ms
2019-09-27 09:21:30,476 [4c0a5387-3197-4e6b-9533-589fb410635e@group-7D1F36F98E41:LeaderElection103] INFO  server.RaftServerConfigKeys (ConfUtils.java:logGet(43)) - raft.server.staging.catchup.gap = 1000 (default)
2019-09-27 09:21:30,476 [4c0a5387-3197-4e6b-9533-589fb410635e@group-7D1F36F98E41:LeaderElection103] INFO  server.RaftServerConfigKeys (ConfUtils.java:logGet(43)) - raft.server.rpc.sleep.time = 25ms (default)
2019-09-27 09:21:30,476 [4c0a5387-3197-4e6b-9533-589fb410635e@group-7D1F36F98E41:LeaderElection103] INFO  server.RaftServerConfigKeys (ConfUtils.java:logGet(43)) - raft.server.write.element-limit = 4096 (default)
2019-09-27 09:21:30,476 [4c0a5387-3197-4e6b-9533-589fb410635e@group-7D1F36F98E41:LeaderElection103] INFO  server.RaftServerConfigKeys (ConfUtils.java:logGet(43)) - raft.server.watch.timeout = 10s (default)
2019-09-27 09:21:30,476 [4c0a5387-3197-4e6b-9533-589fb410635e@group-7D1F36F98E41:LeaderElection103] INFO  server.RaftServerConfigKeys (ConfUtils.java:logGet(43)) - raft.server.watch.timeout.denomination = 1s (default)
2019-09-27 09:21:30,477 [4c0a5387-3197-4e6b-9533-589fb410635e@group-7D1F36F98E41:LeaderElection103] INFO  server.RaftServerConfigKeys (ConfUtils.java:logGet(43)) - raft.server.watch.element-limit = 65536 (default)
2019-09-27 09:21:30,478 [4c0a5387-3197-4e6b-9533-589fb410635e@group-7D1F36F98E41:LeaderElection103] INFO  impl.RoleInfo (RoleInfo.java:updateAndGet(143)) - 4c0a5387-3197-4e6b-9533-589fb410635e: start LeaderState
2019-09-27 09:21:30,479 [4c0a5387-3197-4e6b-9533-589fb410635e@group-7D1F36F98E41:LeaderElection103] INFO  segmented.SegmentedRaftLogWorker (SegmentedRaftLogWorker.java:startLogSegment(380)) - 4c0a5387-3197-4e6b-9533-589fb410635e@group-7D1F36F98E41-SegmentedRaftLogWorker: Starting segment from index:0
2019-09-27 09:21:30,479 [4c0a5387-3197-4e6b-9533-589fb410635e@group-7D1F36F98E41:LeaderElection103] INFO  impl.RaftServerImpl (ServerState.java:setRaftConf(354)) - 4c0a5387-3197-4e6b-9533-589fb410635e@group-7D1F36F98E41: set configuration 0: [4c0a5387-3197-4e6b-9533-589fb410635e:192.168.151.103:34462], old=null at 0
2019-09-27 09:21:30,518 [Thread-6177] INFO  impl.FollowerState (FollowerState.java:run(106)) - 545840a3-a59e-4544-b748-6e804ee187a8:group-86B9A2E11FFC changes to CANDIDATE, lastRpcTime:1203, electionTimeout:1178ms
2019-09-27 09:21:30,518 [Thread-6177] INFO  impl.RoleInfo (RoleInfo.java:shutdownFollowerState(121)) - 545840a3-a59e-4544-b748-6e804ee187a8: shutdown FollowerState
2019-09-27 09:21:30,518 [Thread-6177] INFO  impl.RaftServerImpl (RaftServerImpl.java:setRole(174)) - 545840a3-a59e-4544-b748-6e804ee187a8@group-86B9A2E11FFC: changes role from  FOLLOWER to CANDIDATE at term 0 for changeToCandidate
2019-09-27 09:21:30,518 [Thread-6177] INFO  impl.RoleInfo (RoleInfo.java:updateAndGet(143)) - 545840a3-a59e-4544-b748-6e804ee187a8: start LeaderElection
2019-09-27 09:21:30,530 [4c0a5387-3197-4e6b-9533-589fb410635e@group-7D1F36F98E41-SegmentedRaftLogWorker] INFO  segmented.SegmentedRaftLogWorker (SegmentedRaftLogWorker.java:execute(569)) - 4c0a5387-3197-4e6b-9533-589fb410635e@group-7D1F36F98E41-SegmentedRaftLogWorker: created new log segment /workdir/hadoop-ozone/integration-test/target/test-dir/MiniOzoneClusterImpl-68e31327-6f0a-47ff-9789-fe3f4972a3d5/datanode-7/data/ratis/ae758187-2c1b-418c-a190-7d1f36f98e41/current/log_inprogress_0
2019-09-27 09:21:30,530 [545840a3-a59e-4544-b748-6e804ee187a8@group-86B9A2E11FFC:LeaderElection104] INFO  impl.LeaderElection (LeaderElection.java:askForVotes(182)) - 545840a3-a59e-4544-b748-6e804ee187a8@group-86B9A2E11FFC:LeaderElection104: begin an election at term 1 for -1: [545840a3-a59e-4544-b748-6e804ee187a8:192.168.151.103:38575], old=null
2019-09-27 09:21:30,531 [545840a3-a59e-4544-b748-6e804ee187a8@group-86B9A2E11FFC:LeaderElection104] INFO  impl.RoleInfo (RoleInfo.java:shutdownLeaderElection(134)) - 545840a3-a59e-4544-b748-6e804ee187a8: shutdown LeaderElection
2019-09-27 09:21:30,531 [545840a3-a59e-4544-b748-6e804ee187a8@group-86B9A2E11FFC:LeaderElection104] INFO  impl.RaftServerImpl (RaftServerImpl.java:setRole(174)) - 545840a3-a59e-4544-b748-6e804ee187a8@group-86B9A2E11FFC: changes role from CANDIDATE to LEADER at term 1 for changeToLeader
2019-09-27 09:21:30,531 [545840a3-a59e-4544-b748-6e804ee187a8@group-86B9A2E11FFC:LeaderElection104] INFO  impl.RaftServerImpl (ServerState.java:setLeader(253)) - 545840a3-a59e-4544-b748-6e804ee187a8@group-86B9A2E11FFC: change Leader from null to 545840a3-a59e-4544-b748-6e804ee187a8 at term 1 for becomeLeader, leader elected after 1221ms
2019-09-27 09:21:30,531 [545840a3-a59e-4544-b748-6e804ee187a8@group-86B9A2E11FFC:LeaderElection104] INFO  server.RaftServerConfigKeys (ConfUtils.java:logGet(43)) - raft.server.staging.catchup.gap = 1000 (default)
2019-09-27 09:21:30,531 [545840a3-a59e-4544-b748-6e804ee187a8@group-86B9A2E11FFC:LeaderElection104] INFO  server.RaftServerConfigKeys (ConfUtils.java:logGet(43)) - raft.server.rpc.sleep.time = 25ms (default)
2019-09-27 09:21:30,531 [545840a3-a59e-4544-b748-6e804ee187a8@group-86B9A2E11FFC:LeaderElection104] INFO  server.RaftServerConfigKeys (ConfUtils.java:logGet(43)) - raft.server.write.element-limit = 4096 (default)
2019-09-27 09:21:30,531 [545840a3-a59e-4544-b748-6e804ee187a8@group-86B9A2E11FFC:LeaderElection104] INFO  server.RaftServerConfigKeys (ConfUtils.java:logGet(43)) - raft.server.watch.timeout = 10s (default)
2019-09-27 09:21:30,531 [545840a3-a59e-4544-b748-6e804ee187a8@group-86B9A2E11FFC:LeaderElection104] INFO  server.RaftServerConfigKeys (ConfUtils.java:logGet(43)) - raft.server.watch.timeout.denomination = 1s (default)
2019-09-27 09:21:30,531 [545840a3-a59e-4544-b748-6e804ee187a8@group-86B9A2E11FFC:LeaderElection104] INFO  server.RaftServerConfigKeys (ConfUtils.java:logGet(43)) - raft.server.watch.element-limit = 65536 (default)
2019-09-27 09:21:30,533 [545840a3-a59e-4544-b748-6e804ee187a8@group-86B9A2E11FFC:LeaderElection104] INFO  impl.RoleInfo (RoleInfo.java:updateAndGet(143)) - 545840a3-a59e-4544-b748-6e804ee187a8: start LeaderState
2019-09-27 09:21:30,533 [545840a3-a59e-4544-b748-6e804ee187a8@group-86B9A2E11FFC:LeaderElection104] INFO  segmented.SegmentedRaftLogWorker (SegmentedRaftLogWorker.java:startLogSegment(380)) - 545840a3-a59e-4544-b748-6e804ee187a8@group-86B9A2E11FFC-SegmentedRaftLogWorker: Starting segment from index:0
2019-09-27 09:21:30,534 [545840a3-a59e-4544-b748-6e804ee187a8@group-86B9A2E11FFC:LeaderElection104] INFO  impl.RaftServerImpl (ServerState.java:setRaftConf(354)) - 545840a3-a59e-4544-b748-6e804ee187a8@group-86B9A2E11FFC: set configuration 0: [545840a3-a59e-4544-b748-6e804ee187a8:192.168.151.103:38575], old=null at 0
2019-09-27 09:21:30,576 [Thread-6183] INFO  impl.FollowerState (FollowerState.java:run(106)) - 69eece0b-35aa-4c3f-ae5c-22aaa3245fe4:group-6703960E3746 changes to CANDIDATE, lastRpcTime:1168, electionTimeout:1130ms
2019-09-27 09:21:30,576 [Thread-6183] INFO  impl.RoleInfo (RoleInfo.java:shutdownFollowerState(121)) - 69eece0b-35aa-4c3f-ae5c-22aaa3245fe4: shutdown FollowerState
2019-09-27 09:21:30,576 [Thread-6183] INFO  impl.RaftServerImpl (RaftServerImpl.java:setRole(174)) - 69eece0b-35aa-4c3f-ae5c-22aaa3245fe4@group-6703960E3746: changes role from  FOLLOWER to CANDIDATE at term 0 for changeToCandidate
2019-09-27 09:21:30,576 [Thread-6183] INFO  impl.RoleInfo (RoleInfo.java:updateAndGet(143)) - 69eece0b-35aa-4c3f-ae5c-22aaa3245fe4: start LeaderElection
2019-09-27 09:21:30,588 [545840a3-a59e-4544-b748-6e804ee187a8@group-86B9A2E11FFC-SegmentedRaftLogWorker] INFO  segmented.SegmentedRaftLogWorker (SegmentedRaftLogWorker.java:execute(569)) - 545840a3-a59e-4544-b748-6e804ee187a8@group-86B9A2E11FFC-SegmentedRaftLogWorker: created new log segment /workdir/hadoop-ozone/integration-test/target/test-dir/MiniOzoneClusterImpl-68e31327-6f0a-47ff-9789-fe3f4972a3d5/datanode-5/data/ratis/36c7f69d-6ef7-48cb-bb5c-86b9a2e11ffc/current/log_inprogress_0
2019-09-27 09:21:30,588 [69eece0b-35aa-4c3f-ae5c-22aaa3245fe4@group-6703960E3746:LeaderElection105] INFO  impl.LeaderElection (LeaderElection.java:askForVotes(182)) - 69eece0b-35aa-4c3f-ae5c-22aaa3245fe4@group-6703960E3746:LeaderElection105: begin an election at term 1 for -1: [69eece0b-35aa-4c3f-ae5c-22aaa3245fe4:192.168.151.103:38721], old=null
2019-09-27 09:21:30,589 [69eece0b-35aa-4c3f-ae5c-22aaa3245fe4@group-6703960E3746:LeaderElection105] INFO  impl.RoleInfo (RoleInfo.java:shutdownLeaderElection(134)) - 69eece0b-35aa-4c3f-ae5c-22aaa3245fe4: shutdown LeaderElection
2019-09-27 09:21:30,589 [69eece0b-35aa-4c3f-ae5c-22aaa3245fe4@group-6703960E3746:LeaderElection105] INFO  impl.RaftServerImpl (RaftServerImpl.java:setRole(174)) - 69eece0b-35aa-4c3f-ae5c-22aaa3245fe4@group-6703960E3746: changes role from CANDIDATE to LEADER at term 1 for changeToLeader
2019-09-27 09:21:30,589 [69eece0b-35aa-4c3f-ae5c-22aaa3245fe4@group-6703960E3746:LeaderElection105] INFO  impl.RaftServerImpl (ServerState.java:setLeader(253)) - 69eece0b-35aa-4c3f-ae5c-22aaa3245fe4@group-6703960E3746: change Leader from null to 69eece0b-35aa-4c3f-ae5c-22aaa3245fe4 at term 1 for becomeLeader, leader elected after 1186ms
2019-09-27 09:21:30,589 [69eece0b-35aa-4c3f-ae5c-22aaa3245fe4@group-6703960E3746:LeaderElection105] INFO  server.RaftServerConfigKeys (ConfUtils.java:logGet(43)) - raft.server.staging.catchup.gap = 1000 (default)
2019-09-27 09:21:30,589 [69eece0b-35aa-4c3f-ae5c-22aaa3245fe4@group-6703960E3746:LeaderElection105] INFO  server.RaftServerConfigKeys (ConfUtils.java:logGet(43)) - raft.server.rpc.sleep.time = 25ms (default)
2019-09-27 09:21:30,589 [69eece0b-35aa-4c3f-ae5c-22aaa3245fe4@group-6703960E3746:LeaderElection105] INFO  server.RaftServerConfigKeys (ConfUtils.java:logGet(43)) - raft.server.write.element-limit = 4096 (default)
2019-09-27 09:21:30,589 [69eece0b-35aa-4c3f-ae5c-22aaa3245fe4@group-6703960E3746:LeaderElection105] INFO  server.RaftServerConfigKeys (ConfUtils.java:logGet(43)) - raft.server.watch.timeout = 10s (default)
2019-09-27 09:21:30,589 [69eece0b-35aa-4c3f-ae5c-22aaa3245fe4@group-6703960E3746:LeaderElection105] INFO  server.RaftServerConfigKeys (ConfUtils.java:logGet(43)) - raft.server.watch.timeout.denomination = 1s (default)
2019-09-27 09:21:30,590 [69eece0b-35aa-4c3f-ae5c-22aaa3245fe4@group-6703960E3746:LeaderElection105] INFO  server.RaftServerConfigKeys (ConfUtils.java:logGet(43)) - raft.server.watch.element-limit = 65536 (default)
2019-09-27 09:21:30,591 [69eece0b-35aa-4c3f-ae5c-22aaa3245fe4@group-6703960E3746:LeaderElection105] INFO  impl.RoleInfo (RoleInfo.java:updateAndGet(143)) - 69eece0b-35aa-4c3f-ae5c-22aaa3245fe4: start LeaderState
2019-09-27 09:21:30,591 [69eece0b-35aa-4c3f-ae5c-22aaa3245fe4@group-6703960E3746:LeaderElection105] INFO  segmented.SegmentedRaftLogWorker (SegmentedRaftLogWorker.java:startLogSegment(380)) - 69eece0b-35aa-4c3f-ae5c-22aaa3245fe4@group-6703960E3746-SegmentedRaftLogWorker: Starting segment from index:0
2019-09-27 09:21:30,591 [69eece0b-35aa-4c3f-ae5c-22aaa3245fe4@group-6703960E3746:LeaderElection105] INFO  impl.RaftServerImpl (ServerState.java:setRaftConf(354)) - 69eece0b-35aa-4c3f-ae5c-22aaa3245fe4@group-6703960E3746: set configuration 0: [69eece0b-35aa-4c3f-ae5c-22aaa3245fe4:192.168.151.103:38721], old=null at 0
2019-09-27 09:21:30,633 [Thread-6189] INFO  impl.FollowerState (FollowerState.java:run(106)) - 161d0b6c-bb81-43fa-8578-505f63e7c46b:group-F425947D9CAF changes to CANDIDATE, lastRpcTime:1120, electionTimeout:1116ms
2019-09-27 09:21:30,633 [Thread-6189] INFO  impl.RoleInfo (RoleInfo.java:shutdownFollowerState(121)) - 161d0b6c-bb81-43fa-8578-505f63e7c46b: shutdown FollowerState
2019-09-27 09:21:30,633 [Thread-6192] INFO  impl.FollowerState (FollowerState.java:run(106)) - 3f71806d-9ec4-45c7-9788-6c1507baaf47:group-F2F162473ED9 changes to CANDIDATE, lastRpcTime:1057, electionTimeout:1036ms
2019-09-27 09:21:30,633 [Thread-6189] INFO  impl.RaftServerImpl (RaftServerImpl.java:setRole(174)) - 161d0b6c-bb81-43fa-8578-505f63e7c46b@group-F425947D9CAF: changes role from  FOLLOWER to CANDIDATE at term 0 for changeToCandidate
2019-09-27 09:21:30,633 [Thread-6192] INFO  impl.RoleInfo (RoleInfo.java:shutdownFollowerState(121)) - 3f71806d-9ec4-45c7-9788-6c1507baaf47: shutdown FollowerState
2019-09-27 09:21:30,633 [Thread-6189] INFO  impl.RoleInfo (RoleInfo.java:updateAndGet(143)) - 161d0b6c-bb81-43fa-8578-505f63e7c46b: start LeaderElection
2019-09-27 09:21:30,633 [Thread-6192] INFO  impl.RaftServerImpl (RaftServerImpl.java:setRole(174)) - 3f71806d-9ec4-45c7-9788-6c1507baaf47@group-F2F162473ED9: changes role from  FOLLOWER to CANDIDATE at term 0 for changeToCandidate
2019-09-27 09:21:30,634 [Thread-6192] INFO  impl.RoleInfo (RoleInfo.java:updateAndGet(143)) - 3f71806d-9ec4-45c7-9788-6c1507baaf47: start LeaderElection
2019-09-27 09:21:30,645 [Thread-6186] INFO  impl.FollowerState (FollowerState.java:run(106)) - e6683dc0-e787-4f77-a1bd-b29d73bfe0c0:group-D320C678A4A8 changes to CANDIDATE, lastRpcTime:1182, electionTimeout:1182ms
2019-09-27 09:21:30,645 [Thread-6186] INFO  impl.RoleInfo (RoleInfo.java:shutdownFollowerState(121)) - e6683dc0-e787-4f77-a1bd-b29d73bfe0c0: shutdown FollowerState
2019-09-27 09:21:30,645 [Thread-6186] INFO  impl.RaftServerImpl (RaftServerImpl.java:setRole(174)) - e6683dc0-e787-4f77-a1bd-b29d73bfe0c0@group-D320C678A4A8: changes role from  FOLLOWER to CANDIDATE at term 0 for changeToCandidate
2019-09-27 09:21:30,645 [Thread-6186] INFO  impl.RoleInfo (RoleInfo.java:updateAndGet(143)) - e6683dc0-e787-4f77-a1bd-b29d73bfe0c0: start LeaderElection
2019-09-27 09:21:30,649 [69eece0b-35aa-4c3f-ae5c-22aaa3245fe4@group-6703960E3746-SegmentedRaftLogWorker] INFO  segmented.SegmentedRaftLogWorker (SegmentedRaftLogWorker.java:execute(569)) - 69eece0b-35aa-4c3f-ae5c-22aaa3245fe4@group-6703960E3746-SegmentedRaftLogWorker: created new log segment /workdir/hadoop-ozone/integration-test/target/test-dir/MiniOzoneClusterImpl-68e31327-6f0a-47ff-9789-fe3f4972a3d5/datanode-4/data/ratis/509f11a6-531c-4e35-8e4e-6703960e3746/current/log_inprogress_0
2019-09-27 09:21:30,649 [3f71806d-9ec4-45c7-9788-6c1507baaf47@group-F2F162473ED9:LeaderElection107] INFO  impl.LeaderElection (LeaderElection.java:askForVotes(182)) - 3f71806d-9ec4-45c7-9788-6c1507baaf47@group-F2F162473ED9:LeaderElection107: begin an election at term 1 for -1: [3f71806d-9ec4-45c7-9788-6c1507baaf47:192.168.151.103:46293], old=null
2019-09-27 09:21:30,649 [161d0b6c-bb81-43fa-8578-505f63e7c46b@group-F425947D9CAF:LeaderElection106] INFO  impl.LeaderElection (LeaderElection.java:askForVotes(182)) - 161d0b6c-bb81-43fa-8578-505f63e7c46b@group-F425947D9CAF:LeaderElection106: begin an election at term 1 for -1: [161d0b6c-bb81-43fa-8578-505f63e7c46b:192.168.151.103:39300], old=null
2019-09-27 09:21:30,649 [3f71806d-9ec4-45c7-9788-6c1507baaf47@group-F2F162473ED9:LeaderElection107] INFO  impl.RoleInfo (RoleInfo.java:shutdownLeaderElection(134)) - 3f71806d-9ec4-45c7-9788-6c1507baaf47: shutdown LeaderElection
2019-09-27 09:21:30,649 [161d0b6c-bb81-43fa-8578-505f63e7c46b@group-F425947D9CAF:LeaderElection106] INFO  impl.RoleInfo (RoleInfo.java:shutdownLeaderElection(134)) - 161d0b6c-bb81-43fa-8578-505f63e7c46b: shutdown LeaderElection
2019-09-27 09:21:30,649 [3f71806d-9ec4-45c7-9788-6c1507baaf47@group-F2F162473ED9:LeaderElection107] INFO  impl.RaftServerImpl (RaftServerImpl.java:setRole(174)) - 3f71806d-9ec4-45c7-9788-6c1507baaf47@group-F2F162473ED9: changes role from CANDIDATE to LEADER at term 1 for changeToLeader
2019-09-27 09:21:30,649 [161d0b6c-bb81-43fa-8578-505f63e7c46b@group-F425947D9CAF:LeaderElection106] INFO  impl.RaftServerImpl (RaftServerImpl.java:setRole(174)) - 161d0b6c-bb81-43fa-8578-505f63e7c46b@group-F425947D9CAF: changes role from CANDIDATE to LEADER at term 1 for changeToLeader
2019-09-27 09:21:30,649 [3f71806d-9ec4-45c7-9788-6c1507baaf47@group-F2F162473ED9:LeaderElection107] INFO  impl.RaftServerImpl (ServerState.java:setLeader(253)) - 3f71806d-9ec4-45c7-9788-6c1507baaf47@group-F2F162473ED9: change Leader from null to 3f71806d-9ec4-45c7-9788-6c1507baaf47 at term 1 for becomeLeader, leader elected after 1080ms
2019-09-27 09:21:30,649 [161d0b6c-bb81-43fa-8578-505f63e7c46b@group-F425947D9CAF:LeaderElection106] INFO  impl.RaftServerImpl (ServerState.java:setLeader(253)) - 161d0b6c-bb81-43fa-8578-505f63e7c46b@group-F425947D9CAF: change Leader from null to 161d0b6c-bb81-43fa-8578-505f63e7c46b at term 1 for becomeLeader, leader elected after 1142ms
2019-09-27 09:21:30,650 [3f71806d-9ec4-45c7-9788-6c1507baaf47@group-F2F162473ED9:LeaderElection107] INFO  server.RaftServerConfigKeys (ConfUtils.java:logGet(43)) - raft.server.staging.catchup.gap = 1000 (default)
2019-09-27 09:21:30,650 [161d0b6c-bb81-43fa-8578-505f63e7c46b@group-F425947D9CAF:LeaderElection106] INFO  server.RaftServerConfigKeys (ConfUtils.java:logGet(43)) - raft.server.staging.catchup.gap = 1000 (default)
2019-09-27 09:21:30,650 [3f71806d-9ec4-45c7-9788-6c1507baaf47@group-F2F162473ED9:LeaderElection107] INFO  server.RaftServerConfigKeys (ConfUtils.java:logGet(43)) - raft.server.rpc.sleep.time = 25ms (default)
2019-09-27 09:21:30,650 [161d0b6c-bb81-43fa-8578-505f63e7c46b@group-F425947D9CAF:LeaderElection106] INFO  server.RaftServerConfigKeys (ConfUtils.java:logGet(43)) - raft.server.rpc.sleep.time = 25ms (default)
2019-09-27 09:21:30,650 [3f71806d-9ec4-45c7-9788-6c1507baaf47@group-F2F162473ED9:LeaderElection107] INFO  server.RaftServerConfigKeys (ConfUtils.java:logGet(43)) - raft.server.write.element-limit = 4096 (default)
2019-09-27 09:21:30,650 [161d0b6c-bb81-43fa-8578-505f63e7c46b@group-F425947D9CAF:LeaderElection106] INFO  server.RaftServerConfigKeys (ConfUtils.java:logGet(43)) - raft.server.write.element-limit = 4096 (default)
2019-09-27 09:21:30,650 [3f71806d-9ec4-45c7-9788-6c1507baaf47@group-F2F162473ED9:LeaderElection107] INFO  server.RaftServerConfigKeys (ConfUtils.java:logGet(43)) - raft.server.watch.timeout = 10s (default)
2019-09-27 09:21:30,650 [161d0b6c-bb81-43fa-8578-505f63e7c46b@group-F425947D9CAF:LeaderElection106] INFO  server.RaftServerConfigKeys (ConfUtils.java:logGet(43)) - raft.server.watch.timeout = 10s (default)
2019-09-27 09:21:30,651 [3f71806d-9ec4-45c7-9788-6c1507baaf47@group-F2F162473ED9:LeaderElection107] INFO  server.RaftServerConfigKeys (ConfUtils.java:logGet(43)) - raft.server.watch.timeout.denomination = 1s (default)
2019-09-27 09:21:30,651 [161d0b6c-bb81-43fa-8578-505f63e7c46b@group-F425947D9CAF:LeaderElection106] INFO  server.RaftServerConfigKeys (ConfUtils.java:logGet(43)) - raft.server.watch.timeout.denomination = 1s (default)
2019-09-27 09:21:30,651 [3f71806d-9ec4-45c7-9788-6c1507baaf47@group-F2F162473ED9:LeaderElection107] INFO  server.RaftServerConfigKeys (ConfUtils.java:logGet(43)) - raft.server.watch.element-limit = 65536 (default)
2019-09-27 09:21:30,651 [161d0b6c-bb81-43fa-8578-505f63e7c46b@group-F425947D9CAF:LeaderElection106] INFO  server.RaftServerConfigKeys (ConfUtils.java:logGet(43)) - raft.server.watch.element-limit = 65536 (default)
2019-09-27 09:21:30,654 [3f71806d-9ec4-45c7-9788-6c1507baaf47@group-F2F162473ED9:LeaderElection107] INFO  impl.RoleInfo (RoleInfo.java:updateAndGet(143)) - 3f71806d-9ec4-45c7-9788-6c1507baaf47: start LeaderState
2019-09-27 09:21:30,654 [161d0b6c-bb81-43fa-8578-505f63e7c46b@group-F425947D9CAF:LeaderElection106] INFO  impl.RoleInfo (RoleInfo.java:updateAndGet(143)) - 161d0b6c-bb81-43fa-8578-505f63e7c46b: start LeaderState
2019-09-27 09:21:30,654 [3f71806d-9ec4-45c7-9788-6c1507baaf47@group-F2F162473ED9:LeaderElection107] INFO  segmented.SegmentedRaftLogWorker (SegmentedRaftLogWorker.java:startLogSegment(380)) - 3f71806d-9ec4-45c7-9788-6c1507baaf47@group-F2F162473ED9-SegmentedRaftLogWorker: Starting segment from index:0
2019-09-27 09:21:30,654 [161d0b6c-bb81-43fa-8578-505f63e7c46b@group-F425947D9CAF:LeaderElection106] INFO  segmented.SegmentedRaftLogWorker (SegmentedRaftLogWorker.java:startLogSegment(380)) - 161d0b6c-bb81-43fa-8578-505f63e7c46b@group-F425947D9CAF-SegmentedRaftLogWorker: Starting segment from index:0
2019-09-27 09:21:30,655 [3f71806d-9ec4-45c7-9788-6c1507baaf47@group-F2F162473ED9:LeaderElection107] INFO  impl.RaftServerImpl (ServerState.java:setRaftConf(354)) - 3f71806d-9ec4-45c7-9788-6c1507baaf47@group-F2F162473ED9: set configuration 0: [3f71806d-9ec4-45c7-9788-6c1507baaf47:192.168.151.103:46293], old=null at 0
2019-09-27 09:21:30,691 [161d0b6c-bb81-43fa-8578-505f63e7c46b@group-F425947D9CAF:LeaderElection106] INFO  impl.RaftServerImpl (ServerState.java:setRaftConf(354)) - 161d0b6c-bb81-43fa-8578-505f63e7c46b@group-F425947D9CAF: set configuration 0: [161d0b6c-bb81-43fa-8578-505f63e7c46b:192.168.151.103:39300], old=null at 0
2019-09-27 09:21:30,691 [e6683dc0-e787-4f77-a1bd-b29d73bfe0c0@group-D320C678A4A8:LeaderElection108] INFO  impl.LeaderElection (LeaderElection.java:askForVotes(182)) - e6683dc0-e787-4f77-a1bd-b29d73bfe0c0@group-D320C678A4A8:LeaderElection108: begin an election at term 1 for -1: [e6683dc0-e787-4f77-a1bd-b29d73bfe0c0:192.168.151.103:34419], old=null
2019-09-27 09:21:30,729 [3f71806d-9ec4-45c7-9788-6c1507baaf47@group-F2F162473ED9-SegmentedRaftLogWorker] INFO  segmented.SegmentedRaftLogWorker (SegmentedRaftLogWorker.java:execute(569)) - 3f71806d-9ec4-45c7-9788-6c1507baaf47@group-F2F162473ED9-SegmentedRaftLogWorker: created new log segment /workdir/hadoop-ozone/integration-test/target/test-dir/MiniOzoneClusterImpl-68e31327-6f0a-47ff-9789-fe3f4972a3d5/datanode-8/data/ratis/c9336369-45f4-4eb8-ac9b-f2f162473ed9/current/log_inprogress_0
2019-09-27 09:21:30,728 [Thread-6200] INFO  impl.FollowerState (FollowerState.java:run(106)) - 161d0b6c-bb81-43fa-8578-505f63e7c46b:group-51FE514263BA changes to CANDIDATE, lastRpcTime:1083, electionTimeout:1080ms
2019-09-27 09:21:30,729 [e6683dc0-e787-4f77-a1bd-b29d73bfe0c0@group-D320C678A4A8:LeaderElection108] INFO  impl.RoleInfo (RoleInfo.java:shutdownLeaderElection(134)) - e6683dc0-e787-4f77-a1bd-b29d73bfe0c0: shutdown LeaderElection
2019-09-27 09:21:30,729 [Thread-6200] INFO  impl.RoleInfo (RoleInfo.java:shutdownFollowerState(121)) - 161d0b6c-bb81-43fa-8578-505f63e7c46b: shutdown FollowerState
2019-09-27 09:21:30,729 [e6683dc0-e787-4f77-a1bd-b29d73bfe0c0@group-D320C678A4A8:LeaderElection108] INFO  impl.RaftServerImpl (RaftServerImpl.java:setRole(174)) - e6683dc0-e787-4f77-a1bd-b29d73bfe0c0@group-D320C678A4A8: changes role from CANDIDATE to LEADER at term 1 for changeToLeader
2019-09-27 09:21:30,729 [Thread-6200] INFO  impl.RaftServerImpl (RaftServerImpl.java:setRole(174)) - 161d0b6c-bb81-43fa-8578-505f63e7c46b@group-51FE514263BA: changes role from  FOLLOWER to CANDIDATE at term 0 for changeToCandidate
2019-09-27 09:21:30,730 [e6683dc0-e787-4f77-a1bd-b29d73bfe0c0@group-D320C678A4A8:LeaderElection108] INFO  impl.RaftServerImpl (ServerState.java:setLeader(253)) - e6683dc0-e787-4f77-a1bd-b29d73bfe0c0@group-D320C678A4A8: change Leader from null to e6683dc0-e787-4f77-a1bd-b29d73bfe0c0 at term 1 for becomeLeader, leader elected after 1273ms
2019-09-27 09:21:30,730 [Thread-6200] INFO  impl.RoleInfo (RoleInfo.java:updateAndGet(143)) - 161d0b6c-bb81-43fa-8578-505f63e7c46b: start LeaderElection
2019-09-27 09:21:30,730 [e6683dc0-e787-4f77-a1bd-b29d73bfe0c0@group-D320C678A4A8:LeaderElection108] INFO  server.RaftServerConfigKeys (ConfUtils.java:logGet(43)) - raft.server.staging.catchup.gap = 1000 (default)
2019-09-27 09:21:30,730 [e6683dc0-e787-4f77-a1bd-b29d73bfe0c0@group-D320C678A4A8:LeaderElection108] INFO  server.RaftServerConfigKeys (ConfUtils.java:logGet(43)) - raft.server.rpc.sleep.time = 25ms (default)
2019-09-27 09:21:30,730 [e6683dc0-e787-4f77-a1bd-b29d73bfe0c0@group-D320C678A4A8:LeaderElection108] INFO  server.RaftServerConfigKeys (ConfUtils.java:logGet(43)) - raft.server.write.element-limit = 4096 (default)
2019-09-27 09:21:30,733 [e6683dc0-e787-4f77-a1bd-b29d73bfe0c0@group-D320C678A4A8:LeaderElection108] INFO  server.RaftServerConfigKeys (ConfUtils.java:logGet(43)) - raft.server.watch.timeout = 10s (default)
2019-09-27 09:21:30,733 [e6683dc0-e787-4f77-a1bd-b29d73bfe0c0@group-D320C678A4A8:LeaderElection108] INFO  server.RaftServerConfigKeys (ConfUtils.java:logGet(43)) - raft.server.watch.timeout.denomination = 1s (default)
2019-09-27 09:21:30,733 [e6683dc0-e787-4f77-a1bd-b29d73bfe0c0@group-D320C678A4A8:LeaderElection108] INFO  server.RaftServerConfigKeys (ConfUtils.java:logGet(43)) - raft.server.watch.element-limit = 65536 (default)
2019-09-27 09:21:30,734 [e6683dc0-e787-4f77-a1bd-b29d73bfe0c0@group-D320C678A4A8:LeaderElection108] INFO  impl.RoleInfo (RoleInfo.java:updateAndGet(143)) - e6683dc0-e787-4f77-a1bd-b29d73bfe0c0: start LeaderState
2019-09-27 09:21:30,735 [e6683dc0-e787-4f77-a1bd-b29d73bfe0c0@group-D320C678A4A8:LeaderElection108] INFO  segmented.SegmentedRaftLogWorker (SegmentedRaftLogWorker.java:startLogSegment(380)) - e6683dc0-e787-4f77-a1bd-b29d73bfe0c0@group-D320C678A4A8-SegmentedRaftLogWorker: Starting segment from index:0
2019-09-27 09:21:30,735 [e6683dc0-e787-4f77-a1bd-b29d73bfe0c0@group-D320C678A4A8:LeaderElection108] INFO  impl.RaftServerImpl (ServerState.java:setRaftConf(354)) - e6683dc0-e787-4f77-a1bd-b29d73bfe0c0@group-D320C678A4A8: set configuration 0: [e6683dc0-e787-4f77-a1bd-b29d73bfe0c0:192.168.151.103:34419], old=null at 0
2019-09-27 09:21:30,742 [161d0b6c-bb81-43fa-8578-505f63e7c46b@group-F425947D9CAF-SegmentedRaftLogWorker] INFO  segmented.SegmentedRaftLogWorker (SegmentedRaftLogWorker.java:execute(569)) - 161d0b6c-bb81-43fa-8578-505f63e7c46b@group-F425947D9CAF-SegmentedRaftLogWorker: created new log segment /workdir/hadoop-ozone/integration-test/target/test-dir/MiniOzoneClusterImpl-68e31327-6f0a-47ff-9789-fe3f4972a3d5/datanode-9/data/ratis/6ae78489-f26d-451c-95af-f425947d9caf/current/log_inprogress_0
2019-09-27 09:21:30,742 [161d0b6c-bb81-43fa-8578-505f63e7c46b@group-51FE514263BA:LeaderElection109] INFO  impl.LeaderElection (LeaderElection.java:askForVotes(182)) - 161d0b6c-bb81-43fa-8578-505f63e7c46b@group-51FE514263BA:LeaderElection109: begin an election at term 1 for -1: [4c0a5387-3197-4e6b-9533-589fb410635e:192.168.151.103:34462, 161d0b6c-bb81-43fa-8578-505f63e7c46b:192.168.151.103:39300, e6683dc0-e787-4f77-a1bd-b29d73bfe0c0:192.168.151.103:34419], old=null
2019-09-27 09:21:30,745 [grpc-default-executor-2] INFO  impl.RaftServerImpl (RaftServerImpl.java:setRole(174)) - 4c0a5387-3197-4e6b-9533-589fb410635e@group-51FE514263BA: changes role from  FOLLOWER to FOLLOWER at term 1 for recognizeCandidate:161d0b6c-bb81-43fa-8578-505f63e7c46b
2019-09-27 09:21:30,745 [grpc-default-executor-2] INFO  impl.RoleInfo (RoleInfo.java:shutdownFollowerState(121)) - 4c0a5387-3197-4e6b-9533-589fb410635e: shutdown FollowerState
2019-09-27 09:21:30,745 [grpc-default-executor-0] INFO  impl.RaftServerImpl (RaftServerImpl.java:setRole(174)) - e6683dc0-e787-4f77-a1bd-b29d73bfe0c0@group-51FE514263BA: changes role from  FOLLOWER to FOLLOWER at term 1 for recognizeCandidate:161d0b6c-bb81-43fa-8578-505f63e7c46b
2019-09-27 09:21:30,746 [Thread-6199] INFO  impl.FollowerState (FollowerState.java:run(115)) - 4c0a5387-3197-4e6b-9533-589fb410635e: FollowerState was interrupted: java.lang.InterruptedException: sleep interrupted
2019-09-27 09:21:30,746 [grpc-default-executor-2] INFO  impl.RoleInfo (RoleInfo.java:updateAndGet(143)) - 4c0a5387-3197-4e6b-9533-589fb410635e: start FollowerState
2019-09-27 09:21:30,746 [grpc-default-executor-0] INFO  impl.RoleInfo (RoleInfo.java:shutdownFollowerState(121)) - e6683dc0-e787-4f77-a1bd-b29d73bfe0c0: shutdown FollowerState
2019-09-27 09:21:30,746 [grpc-default-executor-0] INFO  impl.RoleInfo (RoleInfo.java:updateAndGet(143)) - e6683dc0-e787-4f77-a1bd-b29d73bfe0c0: start FollowerState
2019-09-27 09:21:30,746 [Thread-6195] INFO  impl.FollowerState (FollowerState.java:run(115)) - e6683dc0-e787-4f77-a1bd-b29d73bfe0c0: FollowerState was interrupted: java.lang.InterruptedException: sleep interrupted
2019-09-27 09:21:30,776 [161d0b6c-bb81-43fa-8578-505f63e7c46b@group-51FE514263BA:LeaderElection109] INFO  impl.LeaderElection (LeaderElection.java:logAndReturn(56)) - 161d0b6c-bb81-43fa-8578-505f63e7c46b@group-51FE514263BA:LeaderElection109: Election PASSED; received 1 response(s) [161d0b6c-bb81-43fa-8578-505f63e7c46b<-e6683dc0-e787-4f77-a1bd-b29d73bfe0c0#0:OK-t1] and 0 exception(s); 161d0b6c-bb81-43fa-8578-505f63e7c46b@group-51FE514263BA:t1, leader=null, voted=161d0b6c-bb81-43fa-8578-505f63e7c46b, raftlog=161d0b6c-bb81-43fa-8578-505f63e7c46b@group-51FE514263BA-SegmentedRaftLog:OPENED:c-1,f-1,i0, conf=-1: [4c0a5387-3197-4e6b-9533-589fb410635e:192.168.151.103:34462, 161d0b6c-bb81-43fa-8578-505f63e7c46b:192.168.151.103:39300, e6683dc0-e787-4f77-a1bd-b29d73bfe0c0:192.168.151.103:34419], old=null
2019-09-27 09:21:30,776 [161d0b6c-bb81-43fa-8578-505f63e7c46b@group-51FE514263BA:LeaderElection109] INFO  impl.RoleInfo (RoleInfo.java:shutdownLeaderElection(134)) - 161d0b6c-bb81-43fa-8578-505f63e7c46b: shutdown LeaderElection
2019-09-27 09:21:30,776 [161d0b6c-bb81-43fa-8578-505f63e7c46b@group-51FE514263BA:LeaderElection109] INFO  impl.RaftServerImpl (RaftServerImpl.java:setRole(174)) - 161d0b6c-bb81-43fa-8578-505f63e7c46b@group-51FE514263BA: changes role from CANDIDATE to LEADER at term 1 for changeToLeader
2019-09-27 09:21:30,776 [161d0b6c-bb81-43fa-8578-505f63e7c46b@group-51FE514263BA:LeaderElection109] INFO  impl.RaftServerImpl (ServerState.java:setLeader(253)) - 161d0b6c-bb81-43fa-8578-505f63e7c46b@group-51FE514263BA: change Leader from null to 161d0b6c-bb81-43fa-8578-505f63e7c46b at term 1 for becomeLeader, leader elected after 1143ms
2019-09-27 09:21:30,776 [161d0b6c-bb81-43fa-8578-505f63e7c46b@group-51FE514263BA:LeaderElection109] INFO  server.RaftServerConfigKeys (ConfUtils.java:logGet(43)) - raft.server.staging.catchup.gap = 1000 (default)
2019-09-27 09:21:30,776 [161d0b6c-bb81-43fa-8578-505f63e7c46b@group-51FE514263BA:LeaderElection109] INFO  server.RaftServerConfigKeys (ConfUtils.java:logGet(43)) - raft.server.rpc.sleep.time = 25ms (default)
2019-09-27 09:21:30,776 [161d0b6c-bb81-43fa-8578-505f63e7c46b@group-51FE514263BA:LeaderElection109] INFO  server.RaftServerConfigKeys (ConfUtils.java:logGet(43)) - raft.server.write.element-limit = 4096 (default)
2019-09-27 09:21:30,777 [161d0b6c-bb81-43fa-8578-505f63e7c46b@group-51FE514263BA:LeaderElection109] INFO  server.RaftServerConfigKeys (ConfUtils.java:logGet(43)) - raft.server.watch.timeout = 10s (default)
2019-09-27 09:21:30,777 [161d0b6c-bb81-43fa-8578-505f63e7c46b@group-51FE514263BA:LeaderElection109] INFO  server.RaftServerConfigKeys (ConfUtils.java:logGet(43)) - raft.server.watch.timeout.denomination = 1s (default)
2019-09-27 09:21:30,777 [161d0b6c-bb81-43fa-8578-505f63e7c46b@group-51FE514263BA:LeaderElection109] INFO  server.RaftServerConfigKeys (ConfUtils.java:logGet(43)) - raft.server.watch.element-limit = 65536 (default)
2019-09-27 09:21:30,778 [161d0b6c-bb81-43fa-8578-505f63e7c46b@group-51FE514263BA:LeaderElection109] INFO  server.RaftServerConfigKeys (ConfUtils.java:logGet(43)) - raft.server.log.appender.snapshot.chunk.size.max = 16MB (=16777216) (default)
2019-09-27 09:21:30,778 [161d0b6c-bb81-43fa-8578-505f63e7c46b@group-51FE514263BA:LeaderElection109] INFO  server.RaftServerConfigKeys (ConfUtils.java:logGet(43)) - raft.server.log.appender.buffer.byte-limit = 33554432 (custom)
2019-09-27 09:21:30,778 [161d0b6c-bb81-43fa-8578-505f63e7c46b@group-51FE514263BA:LeaderElection109] INFO  server.RaftServerConfigKeys (ConfUtils.java:logGet(43)) - raft.server.log.appender.buffer.element-limit = 1 (custom)
2019-09-27 09:21:30,778 [161d0b6c-bb81-43fa-8578-505f63e7c46b@group-51FE514263BA:LeaderElection109] INFO  grpc.GrpcConfigKeys$Server (ConfUtils.java:logGet(43)) - raft.grpc.server.leader.outstanding.appends.max = 128 (default)
2019-09-27 09:21:30,778 [161d0b6c-bb81-43fa-8578-505f63e7c46b@group-51FE514263BA:LeaderElection109] INFO  server.RaftServerConfigKeys (ConfUtils.java:logGet(43)) - raft.server.rpc.request.timeout = 3000ms (default)
2019-09-27 09:21:30,779 [161d0b6c-bb81-43fa-8578-505f63e7c46b@group-51FE514263BA:LeaderElection109] INFO  server.RaftServerConfigKeys (ConfUtils.java:logGet(43)) - raft.server.log.appender.install.snapshot.enabled = false (custom)
2019-09-27 09:21:30,779 [161d0b6c-bb81-43fa-8578-505f63e7c46b@group-51FE514263BA:LeaderElection109] INFO  server.RaftServerConfigKeys (ConfUtils.java:logGet(43)) - raft.server.log.appender.snapshot.chunk.size.max = 16MB (=16777216) (default)
2019-09-27 09:21:30,779 [161d0b6c-bb81-43fa-8578-505f63e7c46b@group-51FE514263BA:LeaderElection109] INFO  server.RaftServerConfigKeys (ConfUtils.java:logGet(43)) - raft.server.log.appender.buffer.byte-limit = 33554432 (custom)
2019-09-27 09:21:30,779 [161d0b6c-bb81-43fa-8578-505f63e7c46b@group-51FE514263BA:LeaderElection109] INFO  server.RaftServerConfigKeys (ConfUtils.java:logGet(43)) - raft.server.log.appender.buffer.element-limit = 1 (custom)
2019-09-27 09:21:30,779 [161d0b6c-bb81-43fa-8578-505f63e7c46b@group-51FE514263BA:LeaderElection109] INFO  grpc.GrpcConfigKeys$Server (ConfUtils.java:logGet(43)) - raft.grpc.server.leader.outstanding.appends.max = 128 (default)
2019-09-27 09:21:30,779 [161d0b6c-bb81-43fa-8578-505f63e7c46b@group-51FE514263BA:LeaderElection109] INFO  server.RaftServerConfigKeys (ConfUtils.java:logGet(43)) - raft.server.rpc.request.timeout = 3000ms (default)
2019-09-27 09:21:30,779 [161d0b6c-bb81-43fa-8578-505f63e7c46b@group-51FE514263BA:LeaderElection109] INFO  server.RaftServerConfigKeys (ConfUtils.java:logGet(43)) - raft.server.log.appender.install.snapshot.enabled = false (custom)
2019-09-27 09:21:30,779 [161d0b6c-bb81-43fa-8578-505f63e7c46b@group-51FE514263BA:LeaderElection109] INFO  impl.RoleInfo (RoleInfo.java:updateAndGet(143)) - 161d0b6c-bb81-43fa-8578-505f63e7c46b: start LeaderState
2019-09-27 09:21:30,780 [161d0b6c-bb81-43fa-8578-505f63e7c46b@group-51FE514263BA:LeaderElection109] INFO  segmented.SegmentedRaftLogWorker (SegmentedRaftLogWorker.java:startLogSegment(380)) - 161d0b6c-bb81-43fa-8578-505f63e7c46b@group-51FE514263BA-SegmentedRaftLogWorker: Starting segment from index:0
2019-09-27 09:21:30,780 [161d0b6c-bb81-43fa-8578-505f63e7c46b@group-51FE514263BA:LeaderElection109] INFO  impl.RaftServerImpl (ServerState.java:setRaftConf(354)) - 161d0b6c-bb81-43fa-8578-505f63e7c46b@group-51FE514263BA: set configuration 0: [4c0a5387-3197-4e6b-9533-589fb410635e:192.168.151.103:34462, 161d0b6c-bb81-43fa-8578-505f63e7c46b:192.168.151.103:39300, e6683dc0-e787-4f77-a1bd-b29d73bfe0c0:192.168.151.103:34419], old=null at 0
2019-09-27 09:21:30,812 [e6683dc0-e787-4f77-a1bd-b29d73bfe0c0@group-D320C678A4A8-SegmentedRaftLogWorker] INFO  segmented.SegmentedRaftLogWorker (SegmentedRaftLogWorker.java:execute(569)) - e6683dc0-e787-4f77-a1bd-b29d73bfe0c0@group-D320C678A4A8-SegmentedRaftLogWorker: created new log segment /workdir/hadoop-ozone/integration-test/target/test-dir/MiniOzoneClusterImpl-68e31327-6f0a-47ff-9789-fe3f4972a3d5/datanode-6/data/ratis/5bb8fcf5-c572-4ed9-8f6c-d320c678a4a8/current/log_inprogress_0
2019-09-27 09:21:30,817 [grpc-default-executor-2] INFO  impl.RaftServerImpl (ServerState.java:setLeader(253)) - e6683dc0-e787-4f77-a1bd-b29d73bfe0c0@group-51FE514263BA: change Leader from null to 161d0b6c-bb81-43fa-8578-505f63e7c46b at term 1 for appendEntries, leader elected after 1184ms
2019-09-27 09:21:30,820 [grpc-default-executor-0] INFO  impl.RaftServerImpl (ServerState.java:setLeader(253)) - 4c0a5387-3197-4e6b-9533-589fb410635e@group-51FE514263BA: change Leader from null to 161d0b6c-bb81-43fa-8578-505f63e7c46b at term 1 for appendEntries, leader elected after 1187ms
2019-09-27 09:21:30,825 [grpc-default-executor-2] INFO  impl.RaftServerImpl (ServerState.java:setRaftConf(354)) - e6683dc0-e787-4f77-a1bd-b29d73bfe0c0@group-51FE514263BA: set configuration 0: [4c0a5387-3197-4e6b-9533-589fb410635e:192.168.151.103:34462, 161d0b6c-bb81-43fa-8578-505f63e7c46b:192.168.151.103:39300, e6683dc0-e787-4f77-a1bd-b29d73bfe0c0:192.168.151.103:34419], old=null at 0
2019-09-27 09:21:30,825 [grpc-default-executor-2] INFO  segmented.SegmentedRaftLogWorker (SegmentedRaftLogWorker.java:startLogSegment(380)) - e6683dc0-e787-4f77-a1bd-b29d73bfe0c0@group-51FE514263BA-SegmentedRaftLogWorker: Starting segment from index:0
2019-09-27 09:21:30,828 [grpc-default-executor-0] INFO  impl.RaftServerImpl (ServerState.java:setRaftConf(354)) - 4c0a5387-3197-4e6b-9533-589fb410635e@group-51FE514263BA: set configuration 0: [4c0a5387-3197-4e6b-9533-589fb410635e:192.168.151.103:34462, 161d0b6c-bb81-43fa-8578-505f63e7c46b:192.168.151.103:39300, e6683dc0-e787-4f77-a1bd-b29d73bfe0c0:192.168.151.103:34419], old=null at 0
2019-09-27 09:21:30,828 [161d0b6c-bb81-43fa-8578-505f63e7c46b@group-51FE514263BA-SegmentedRaftLogWorker] INFO  segmented.SegmentedRaftLogWorker (SegmentedRaftLogWorker.java:execute(569)) - 161d0b6c-bb81-43fa-8578-505f63e7c46b@group-51FE514263BA-SegmentedRaftLogWorker: created new log segment /workdir/hadoop-ozone/integration-test/target/test-dir/MiniOzoneClusterImpl-68e31327-6f0a-47ff-9789-fe3f4972a3d5/datanode-9/data/ratis/9cd651f9-6ced-451f-b5f3-51fe514263ba/current/log_inprogress_0
2019-09-27 09:21:30,829 [grpc-default-executor-0] INFO  segmented.SegmentedRaftLogWorker (SegmentedRaftLogWorker.java:startLogSegment(380)) - 4c0a5387-3197-4e6b-9533-589fb410635e@group-51FE514263BA-SegmentedRaftLogWorker: Starting segment from index:0
2019-09-27 09:21:30,869 [4c0a5387-3197-4e6b-9533-589fb410635e@group-51FE514263BA-SegmentedRaftLogWorker] INFO  segmented.SegmentedRaftLogWorker (SegmentedRaftLogWorker.java:execute(569)) - 4c0a5387-3197-4e6b-9533-589fb410635e@group-51FE514263BA-SegmentedRaftLogWorker: created new log segment /workdir/hadoop-ozone/integration-test/target/test-dir/MiniOzoneClusterImpl-68e31327-6f0a-47ff-9789-fe3f4972a3d5/datanode-7/data/ratis/9cd651f9-6ced-451f-b5f3-51fe514263ba/current/log_inprogress_0
2019-09-27 09:21:30,869 [e6683dc0-e787-4f77-a1bd-b29d73bfe0c0@group-51FE514263BA-SegmentedRaftLogWorker] INFO  segmented.SegmentedRaftLogWorker (SegmentedRaftLogWorker.java:execute(569)) - e6683dc0-e787-4f77-a1bd-b29d73bfe0c0@group-51FE514263BA-SegmentedRaftLogWorker: created new log segment /workdir/hadoop-ozone/integration-test/target/test-dir/MiniOzoneClusterImpl-68e31327-6f0a-47ff-9789-fe3f4972a3d5/datanode-6/data/ratis/9cd651f9-6ced-451f-b5f3-51fe514263ba/current/log_inprogress_0
2019-09-27 09:21:31,443 [main] INFO  ipc.Client (Client.java:handleConnectionFailure(948)) - Retrying connect to server: localhost/127.0.0.1:0. Already tried 0 time(s); retry policy is RetryUpToMaximumCountWithFixedSleep(maxRetries=10, sleepTime=1000 MILLISECONDS)
2019-09-27 09:21:31,834 [Thread-6145] INFO  container.ReplicationManager (ReplicationManager.java:start(162)) - Starting Replication Monitor Thread.
2019-09-27 09:21:31,839 [ReplicationMonitor] INFO  container.ReplicationManager (ReplicationManager.java:run(225)) - Replication Monitor Thread took 0 milliseconds for processing 0 containers.
2019-09-27 09:21:32,444 [main] INFO  ipc.Client (Client.java:handleConnectionFailure(948)) - Retrying connect to server: localhost/127.0.0.1:0. Already tried 1 time(s); retry policy is RetryUpToMaximumCountWithFixedSleep(maxRetries=10, sleepTime=1000 MILLISECONDS)
2019-09-27 09:21:33,445 [main] INFO  ipc.Client (Client.java:handleConnectionFailure(948)) - Retrying connect to server: localhost/127.0.0.1:0. Already tried 2 time(s); retry policy is RetryUpToMaximumCountWithFixedSleep(maxRetries=10, sleepTime=1000 MILLISECONDS)
2019-09-27 09:21:34,446 [main] INFO  ipc.Client (Client.java:handleConnectionFailure(948)) - Retrying connect to server: localhost/127.0.0.1:0. Already tried 3 time(s); retry policy is RetryUpToMaximumCountWithFixedSleep(maxRetries=10, sleepTime=1000 MILLISECONDS)
2019-09-27 09:21:35,447 [main] INFO  ipc.Client (Client.java:handleConnectionFailure(948)) - Retrying connect to server: localhost/127.0.0.1:0. Already tried 4 time(s); retry policy is RetryUpToMaximumCountWithFixedSleep(maxRetries=10, sleepTime=1000 MILLISECONDS)
2019-09-27 09:21:36,447 [main] INFO  ipc.Client (Client.java:handleConnectionFailure(948)) - Retrying connect to server: localhost/127.0.0.1:0. Already tried 5 time(s); retry policy is RetryUpToMaximumCountWithFixedSleep(maxRetries=10, sleepTime=1000 MILLISECONDS)
2019-09-27 09:21:37,449 [main] INFO  ipc.Client (Client.java:handleConnectionFailure(948)) - Retrying connect to server: localhost/127.0.0.1:0. Already tried 6 time(s); retry policy is RetryUpToMaximumCountWithFixedSleep(maxRetries=10, sleepTime=1000 MILLISECONDS)
2019-09-27 09:21:38,450 [main] INFO  ipc.Client (Client.java:handleConnectionFailure(948)) - Retrying connect to server: localhost/127.0.0.1:0. Already tried 7 time(s); retry policy is RetryUpToMaximumCountWithFixedSleep(maxRetries=10, sleepTime=1000 MILLISECONDS)
2019-09-27 09:21:39,451 [main] INFO  ipc.Client (Client.java:handleConnectionFailure(948)) - Retrying connect to server: localhost/127.0.0.1:0. Already tried 8 time(s); retry policy is RetryUpToMaximumCountWithFixedSleep(maxRetries=10, sleepTime=1000 MILLISECONDS)
2019-09-27 09:21:40,452 [main] INFO  ipc.Client (Client.java:handleConnectionFailure(948)) - Retrying connect to server: localhost/127.0.0.1:0. Already tried 9 time(s); retry policy is RetryUpToMaximumCountWithFixedSleep(maxRetries=10, sleepTime=1000 MILLISECONDS)
2019-09-27 09:21:41,475 [main] INFO  ipc.Client (Client.java:handleConnectionFailure(948)) - Retrying connect to server: localhost/127.0.0.1:0. Already tried 0 time(s); retry policy is RetryUpToMaximumCountWithFixedSleep(maxRetries=10, sleepTime=1000 MILLISECONDS)
2019-09-27 09:21:42,476 [main] INFO  ipc.Client (Client.java:handleConnectionFailure(948)) - Retrying connect to server: localhost/127.0.0.1:0. Already tried 1 time(s); retry policy is RetryUpToMaximumCountWithFixedSleep(maxRetries=10, sleepTime=1000 MILLISECONDS)
2019-09-27 09:21:43,477 [main] INFO  ipc.Client (Client.java:handleConnectionFailure(948)) - Retrying connect to server: localhost/127.0.0.1:0. Already tried 2 time(s); retry policy is RetryUpToMaximumCountWithFixedSleep(maxRetries=10, sleepTime=1000 MILLISECONDS)
2019-09-27 09:21:44,479 [main] INFO  ipc.Client (Client.java:handleConnectionFailure(948)) - Retrying connect to server: localhost/127.0.0.1:0. Already tried 3 time(s); retry policy is RetryUpToMaximumCountWithFixedSleep(maxRetries=10, sleepTime=1000 MILLISECONDS)
2019-09-27 09:21:45,480 [main] INFO  ipc.Client (Client.java:handleConnectionFailure(948)) - Retrying connect to server: localhost/127.0.0.1:0. Already tried 4 time(s); retry policy is RetryUpToMaximumCountWithFixedSleep(maxRetries=10, sleepTime=1000 MILLISECONDS)
2019-09-27 09:21:46,482 [main] INFO  ipc.Client (Client.java:handleConnectionFailure(948)) - Retrying connect to server: localhost/127.0.0.1:0. Already tried 5 time(s); retry policy is RetryUpToMaximumCountWithFixedSleep(maxRetries=10, sleepTime=1000 MILLISECONDS)
2019-09-27 09:21:47,483 [main] INFO  ipc.Client (Client.java:handleConnectionFailure(948)) - Retrying connect to server: localhost/127.0.0.1:0. Already tried 6 time(s); retry policy is RetryUpToMaximumCountWithFixedSleep(maxRetries=10, sleepTime=1000 MILLISECONDS)
2019-09-27 09:21:48,484 [main] INFO  ipc.Client (Client.java:handleConnectionFailure(948)) - Retrying connect to server: localhost/127.0.0.1:0. Already tried 7 time(s); retry policy is RetryUpToMaximumCountWithFixedSleep(maxRetries=10, sleepTime=1000 MILLISECONDS)
2019-09-27 09:21:49,485 [main] INFO  ipc.Client (Client.java:handleConnectionFailure(948)) - Retrying connect to server: localhost/127.0.0.1:0. Already tried 8 time(s); retry policy is RetryUpToMaximumCountWithFixedSleep(maxRetries=10, sleepTime=1000 MILLISECONDS)
2019-09-27 09:21:50,486 [main] INFO  ipc.Client (Client.java:handleConnectionFailure(948)) - Retrying connect to server: localhost/127.0.0.1:0. Already tried 9 time(s); retry policy is RetryUpToMaximumCountWithFixedSleep(maxRetries=10, sleepTime=1000 MILLISECONDS)
2019-09-27 09:21:50,488 [main] INFO  retry.RetryInvocationHandler (RetryInvocationHandler.java:log(411)) - com.google.protobuf.ServiceException: java.net.ConnectException: Your endpoint configuration is wrong; For more details see:  http://wiki.apache.org/hadoop/UnsetHostnameOrPort, while invoking $Proxy35.submitRequest over nodeId=null,nodeAddress=127.0.0.1:0 after 1 failover attempts. Trying to failover immediately.
2019-09-27 09:21:51,489 [main] INFO  ipc.Client (Client.java:handleConnectionFailure(948)) - Retrying connect to server: localhost/127.0.0.1:0. Already tried 0 time(s); retry policy is RetryUpToMaximumCountWithFixedSleep(maxRetries=10, sleepTime=1000 MILLISECONDS)
2019-09-27 09:21:52,490 [main] INFO  ipc.Client (Client.java:handleConnectionFailure(948)) - Retrying connect to server: localhost/127.0.0.1:0. Already tried 1 time(s); retry policy is RetryUpToMaximumCountWithFixedSleep(maxRetries=10, sleepTime=1000 MILLISECONDS)
2019-09-27 09:21:53,491 [main] INFO  ipc.Client (Client.java:handleConnectionFailure(948)) - Retrying connect to server: localhost/127.0.0.1:0. Already tried 2 time(s); retry policy is RetryUpToMaximumCountWithFixedSleep(maxRetries=10, sleepTime=1000 MILLISECONDS)
2019-09-27 09:21:54,492 [main] INFO  ipc.Client (Client.java:handleConnectionFailure(948)) - Retrying connect to server: localhost/127.0.0.1:0. Already tried 3 time(s); retry policy is RetryUpToMaximumCountWithFixedSleep(maxRetries=10, sleepTime=1000 MILLISECONDS)
2019-09-27 09:21:55,493 [main] INFO  ipc.Client (Client.java:handleConnectionFailure(948)) - Retrying connect to server: localhost/127.0.0.1:0. Already tried 4 time(s); retry policy is RetryUpToMaximumCountWithFixedSleep(maxRetries=10, sleepTime=1000 MILLISECONDS)
2019-09-27 09:21:56,494 [main] INFO  ipc.Client (Client.java:handleConnectionFailure(948)) - Retrying connect to server: localhost/127.0.0.1:0. Already tried 5 time(s); retry policy is RetryUpToMaximumCountWithFixedSleep(maxRetries=10, sleepTime=1000 MILLISECONDS)
2019-09-27 09:21:57,495 [main] INFO  ipc.Client (Client.java:handleConnectionFailure(948)) - Retrying connect to server: localhost/127.0.0.1:0. Already tried 6 time(s); retry policy is RetryUpToMaximumCountWithFixedSleep(maxRetries=10, sleepTime=1000 MILLISECONDS)
2019-09-27 09:21:58,496 [main] INFO  ipc.Client (Client.java:handleConnectionFailure(948)) - Retrying connect to server: localhost/127.0.0.1:0. Already tried 7 time(s); retry policy is RetryUpToMaximumCountWithFixedSleep(maxRetries=10, sleepTime=1000 MILLISECONDS)
2019-09-27 09:21:59,497 [main] INFO  ipc.Client (Client.java:handleConnectionFailure(948)) - Retrying connect to server: localhost/127.0.0.1:0. Already tried 8 time(s); retry policy is RetryUpToMaximumCountWithFixedSleep(maxRetries=10, sleepTime=1000 MILLISECONDS)
2019-09-27 09:22:00,498 [main] INFO  ipc.Client (Client.java:handleConnectionFailure(948)) - Retrying connect to server: localhost/127.0.0.1:0. Already tried 9 time(s); retry policy is RetryUpToMaximumCountWithFixedSleep(maxRetries=10, sleepTime=1000 MILLISECONDS)
2019-09-27 09:22:00,500 [main] INFO  retry.RetryInvocationHandler (RetryInvocationHandler.java:log(411)) - com.google.protobuf.ServiceException: java.net.ConnectException: Your endpoint configuration is wrong; For more details see:  http://wiki.apache.org/hadoop/UnsetHostnameOrPort, while invoking $Proxy35.submitRequest over nodeId=null,nodeAddress=127.0.0.1:0 after 2 failover attempts. Trying to failover immediately.
2019-09-27 09:22:01,501 [main] INFO  ipc.Client (Client.java:handleConnectionFailure(948)) - Retrying connect to server: localhost/127.0.0.1:0. Already tried 0 time(s); retry policy is RetryUpToMaximumCountWithFixedSleep(maxRetries=10, sleepTime=1000 MILLISECONDS)
2019-09-27 09:22:02,502 [main] INFO  ipc.Client (Client.java:handleConnectionFailure(948)) - Retrying connect to server: localhost/127.0.0.1:0. Already tried 1 time(s); retry policy is RetryUpToMaximumCountWithFixedSleep(maxRetries=10, sleepTime=1000 MILLISECONDS)
2019-09-27 09:22:03,503 [main] INFO  ipc.Client (Client.java:handleConnectionFailure(948)) - Retrying connect to server: localhost/127.0.0.1:0. Already tried 2 time(s); retry policy is RetryUpToMaximumCountWithFixedSleep(maxRetries=10, sleepTime=1000 MILLISECONDS)
2019-09-27 09:22:04,504 [main] INFO  ipc.Client (Client.java:handleConnectionFailure(948)) - Retrying connect to server: localhost/127.0.0.1:0. Already tried 3 time(s); retry policy is RetryUpToMaximumCountWithFixedSleep(maxRetries=10, sleepTime=1000 MILLISECONDS)
2019-09-27 09:22:05,506 [main] INFO  ipc.Client (Client.java:handleConnectionFailure(948)) - Retrying connect to server: localhost/127.0.0.1:0. Already tried 4 time(s); retry policy is RetryUpToMaximumCountWithFixedSleep(maxRetries=10, sleepTime=1000 MILLISECONDS)
2019-09-27 09:22:06,507 [main] INFO  ipc.Client (Client.java:handleConnectionFailure(948)) - Retrying connect to server: localhost/127.0.0.1:0. Already tried 5 time(s); retry policy is RetryUpToMaximumCountWithFixedSleep(maxRetries=10, sleepTime=1000 MILLISECONDS)
2019-09-27 09:22:07,508 [main] INFO  ipc.Client (Client.java:handleConnectionFailure(948)) - Retrying connect to server: localhost/127.0.0.1:0. Already tried 6 time(s); retry policy is RetryUpToMaximumCountWithFixedSleep(maxRetries=10, sleepTime=1000 MILLISECONDS)
2019-09-27 09:22:08,509 [main] INFO  ipc.Client (Client.java:handleConnectionFailure(948)) - Retrying connect to server: localhost/127.0.0.1:0. Already tried 7 time(s); retry policy is RetryUpToMaximumCountWithFixedSleep(maxRetries=10, sleepTime=1000 MILLISECONDS)
2019-09-27 09:22:09,511 [main] INFO  ipc.Client (Client.java:handleConnectionFailure(948)) - Retrying connect to server: localhost/127.0.0.1:0. Already tried 8 time(s); retry policy is RetryUpToMaximumCountWithFixedSleep(maxRetries=10, sleepTime=1000 MILLISECONDS)
2019-09-27 09:22:10,512 [main] INFO  ipc.Client (Client.java:handleConnectionFailure(948)) - Retrying connect to server: localhost/127.0.0.1:0. Already tried 9 time(s); retry policy is RetryUpToMaximumCountWithFixedSleep(maxRetries=10, sleepTime=1000 MILLISECONDS)
2019-09-27 09:22:10,513 [main] INFO  retry.RetryInvocationHandler (RetryInvocationHandler.java:log(411)) - com.google.protobuf.ServiceException: java.net.ConnectException: Your endpoint configuration is wrong; For more details see:  http://wiki.apache.org/hadoop/UnsetHostnameOrPort, while invoking $Proxy35.submitRequest over nodeId=null,nodeAddress=127.0.0.1:0 after 3 failover attempts. Trying to failover immediately.
2019-09-27 09:22:11,514 [main] INFO  ipc.Client (Client.java:handleConnectionFailure(948)) - Retrying connect to server: localhost/127.0.0.1:0. Already tried 0 time(s); retry policy is RetryUpToMaximumCountWithFixedSleep(maxRetries=10, sleepTime=1000 MILLISECONDS)
2019-09-27 09:22:12,515 [main] INFO  ipc.Client (Client.java:handleConnectionFailure(948)) - Retrying connect to server: localhost/127.0.0.1:0. Already tried 1 time(s); retry policy is RetryUpToMaximumCountWithFixedSleep(maxRetries=10, sleepTime=1000 MILLISECONDS)
2019-09-27 09:22:13,516 [main] INFO  ipc.Client (Client.java:handleConnectionFailure(948)) - Retrying connect to server: localhost/127.0.0.1:0. Already tried 2 time(s); retry policy is RetryUpToMaximumCountWithFixedSleep(maxRetries=10, sleepTime=1000 MILLISECONDS)
2019-09-27 09:22:14,517 [main] INFO  ipc.Client (Client.java:handleConnectionFailure(948)) - Retrying connect to server: localhost/127.0.0.1:0. Already tried 3 time(s); retry policy is RetryUpToMaximumCountWithFixedSleep(maxRetries=10, sleepTime=1000 MILLISECONDS)
2019-09-27 09:22:15,518 [main] INFO  ipc.Client (Client.java:handleConnectionFailure(948)) - Retrying connect to server: localhost/127.0.0.1:0. Already tried 4 time(s); retry policy is RetryUpToMaximumCountWithFixedSleep(maxRetries=10, sleepTime=1000 MILLISECONDS)
2019-09-27 09:22:16,519 [main] INFO  ipc.Client (Client.java:handleConnectionFailure(948)) - Retrying connect to server: localhost/127.0.0.1:0. Already tried 5 time(s); retry policy is RetryUpToMaximumCountWithFixedSleep(maxRetries=10, sleepTime=1000 MILLISECONDS)
2019-09-27 09:22:17,520 [main] INFO  ipc.Client (Client.java:handleConnectionFailure(948)) - Retrying connect to server: localhost/127.0.0.1:0. Already tried 6 time(s); retry policy is RetryUpToMaximumCountWithFixedSleep(maxRetries=10, sleepTime=1000 MILLISECONDS)
2019-09-27 09:22:18,526 [main] INFO  ipc.Client (Client.java:handleConnectionFailure(948)) - Retrying connect to server: localhost/127.0.0.1:0. Already tried 7 time(s); retry policy is RetryUpToMaximumCountWithFixedSleep(maxRetries=10, sleepTime=1000 MILLISECONDS)
2019-09-27 09:22:19,528 [main] INFO  ipc.Client (Client.java:handleConnectionFailure(948)) - Retrying connect to server: localhost/127.0.0.1:0. Already tried 8 time(s); retry policy is RetryUpToMaximumCountWithFixedSleep(maxRetries=10, sleepTime=1000 MILLISECONDS)
2019-09-27 09:22:20,528 [main] INFO  ipc.Client (Client.java:handleConnectionFailure(948)) - Retrying connect to server: localhost/127.0.0.1:0. Already tried 9 time(s); retry policy is RetryUpToMaximumCountWithFixedSleep(maxRetries=10, sleepTime=1000 MILLISECONDS)
2019-09-27 09:22:20,530 [main] INFO  retry.RetryInvocationHandler (RetryInvocationHandler.java:log(411)) - com.google.protobuf.ServiceException: java.net.ConnectException: Your endpoint configuration is wrong; For more details see:  http://wiki.apache.org/hadoop/UnsetHostnameOrPort, while invoking $Proxy35.submitRequest over nodeId=null,nodeAddress=127.0.0.1:0 after 4 failover attempts. Trying to failover immediately.
2019-09-27 09:22:21,531 [main] INFO  ipc.Client (Client.java:handleConnectionFailure(948)) - Retrying connect to server: localhost/127.0.0.1:0. Already tried 0 time(s); retry policy is RetryUpToMaximumCountWithFixedSleep(maxRetries=10, sleepTime=1000 MILLISECONDS)
2019-09-27 09:22:22,532 [main] INFO  ipc.Client (Client.java:handleConnectionFailure(948)) - Retrying connect to server: localhost/127.0.0.1:0. Already tried 1 time(s); retry policy is RetryUpToMaximumCountWithFixedSleep(maxRetries=10, sleepTime=1000 MILLISECONDS)
2019-09-27 09:22:23,533 [main] INFO  ipc.Client (Client.java:handleConnectionFailure(948)) - Retrying connect to server: localhost/127.0.0.1:0. Already tried 2 time(s); retry policy is RetryUpToMaximumCountWithFixedSleep(maxRetries=10, sleepTime=1000 MILLISECONDS)
2019-09-27 09:22:24,534 [main] INFO  ipc.Client (Client.java:handleConnectionFailure(948)) - Retrying connect to server: localhost/127.0.0.1:0. Already tried 3 time(s); retry policy is RetryUpToMaximumCountWithFixedSleep(maxRetries=10, sleepTime=1000 MILLISECONDS)
2019-09-27 09:22:25,536 [main] INFO  ipc.Client (Client.java:handleConnectionFailure(948)) - Retrying connect to server: localhost/127.0.0.1:0. Already tried 4 time(s); retry policy is RetryUpToMaximumCountWithFixedSleep(maxRetries=10, sleepTime=1000 MILLISECONDS)
2019-09-27 09:22:26,537 [main] INFO  ipc.Client (Client.java:handleConnectionFailure(948)) - Retrying connect to server: localhost/127.0.0.1:0. Already tried 5 time(s); retry policy is RetryUpToMaximumCountWithFixedSleep(maxRetries=10, sleepTime=1000 MILLISECONDS)
2019-09-27 09:22:27,538 [main] INFO  ipc.Client (Client.java:handleConnectionFailure(948)) - Retrying connect to server: localhost/127.0.0.1:0. Already tried 6 time(s); retry policy is RetryUpToMaximumCountWithFixedSleep(maxRetries=10, sleepTime=1000 MILLISECONDS)
2019-09-27 09:22:28,539 [main] INFO  ipc.Client (Client.java:handleConnectionFailure(948)) - Retrying connect to server: localhost/127.0.0.1:0. Already tried 7 time(s); retry policy is RetryUpToMaximumCountWithFixedSleep(maxRetries=10, sleepTime=1000 MILLISECONDS)
2019-09-27 09:22:29,540 [main] INFO  ipc.Client (Client.java:handleConnectionFailure(948)) - Retrying connect to server: localhost/127.0.0.1:0. Already tried 8 time(s); retry policy is RetryUpToMaximumCountWithFixedSleep(maxRetries=10, sleepTime=1000 MILLISECONDS)
2019-09-27 09:22:30,541 [main] INFO  ipc.Client (Client.java:handleConnectionFailure(948)) - Retrying connect to server: localhost/127.0.0.1:0. Already tried 9 time(s); retry policy is RetryUpToMaximumCountWithFixedSleep(maxRetries=10, sleepTime=1000 MILLISECONDS)
2019-09-27 09:22:30,543 [main] INFO  retry.RetryInvocationHandler (RetryInvocationHandler.java:log(411)) - com.google.protobuf.ServiceException: java.net.ConnectException: Your endpoint configuration is wrong; For more details see:  http://wiki.apache.org/hadoop/UnsetHostnameOrPort, while invoking $Proxy35.submitRequest over nodeId=null,nodeAddress=127.0.0.1:0 after 5 failover attempts. Trying to failover immediately.
2019-09-27 09:22:31,544 [main] INFO  ipc.Client (Client.java:handleConnectionFailure(948)) - Retrying connect to server: localhost/127.0.0.1:0. Already tried 0 time(s); retry policy is RetryUpToMaximumCountWithFixedSleep(maxRetries=10, sleepTime=1000 MILLISECONDS)
2019-09-27 09:22:32,545 [main] INFO  ipc.Client (Client.java:handleConnectionFailure(948)) - Retrying connect to server: localhost/127.0.0.1:0. Already tried 1 time(s); retry policy is RetryUpToMaximumCountWithFixedSleep(maxRetries=10, sleepTime=1000 MILLISECONDS)
2019-09-27 09:22:33,546 [main] INFO  ipc.Client (Client.java:handleConnectionFailure(948)) - Retrying connect to server: localhost/127.0.0.1:0. Already tried 2 time(s); retry policy is RetryUpToMaximumCountWithFixedSleep(maxRetries=10, sleepTime=1000 MILLISECONDS)
2019-09-27 09:22:34,547 [main] INFO  ipc.Client (Client.java:handleConnectionFailure(948)) - Retrying connect to server: localhost/127.0.0.1:0. Already tried 3 time(s); retry policy is RetryUpToMaximumCountWithFixedSleep(maxRetries=10, sleepTime=1000 MILLISECONDS)
2019-09-27 09:22:35,548 [main] INFO  ipc.Client (Client.java:handleConnectionFailure(948)) - Retrying connect to server: localhost/127.0.0.1:0. Already tried 4 time(s); retry policy is RetryUpToMaximumCountWithFixedSleep(maxRetries=10, sleepTime=1000 MILLISECONDS)
2019-09-27 09:22:36,549 [main] INFO  ipc.Client (Client.java:handleConnectionFailure(948)) - Retrying connect to server: localhost/127.0.0.1:0. Already tried 5 time(s); retry policy is RetryUpToMaximumCountWithFixedSleep(maxRetries=10, sleepTime=1000 MILLISECONDS)
2019-09-27 09:22:37,550 [main] INFO  ipc.Client (Client.java:handleConnectionFailure(948)) - Retrying connect to server: localhost/127.0.0.1:0. Already tried 6 time(s); retry policy is RetryUpToMaximumCountWithFixedSleep(maxRetries=10, sleepTime=1000 MILLISECONDS)
2019-09-27 09:22:38,550 [main] INFO  ipc.Client (Client.java:handleConnectionFailure(948)) - Retrying connect to server: localhost/127.0.0.1:0. Already tried 7 time(s); retry policy is RetryUpToMaximumCountWithFixedSleep(maxRetries=10, sleepTime=1000 MILLISECONDS)
2019-09-27 09:22:39,551 [main] INFO  ipc.Client (Client.java:handleConnectionFailure(948)) - Retrying connect to server: localhost/127.0.0.1:0. Already tried 8 time(s); retry policy is RetryUpToMaximumCountWithFixedSleep(maxRetries=10, sleepTime=1000 MILLISECONDS)
2019-09-27 09:22:40,552 [main] INFO  ipc.Client (Client.java:handleConnectionFailure(948)) - Retrying connect to server: localhost/127.0.0.1:0. Already tried 9 time(s); retry policy is RetryUpToMaximumCountWithFixedSleep(maxRetries=10, sleepTime=1000 MILLISECONDS)
2019-09-27 09:22:40,553 [main] INFO  retry.RetryInvocationHandler (RetryInvocationHandler.java:log(411)) - com.google.protobuf.ServiceException: java.net.ConnectException: Your endpoint configuration is wrong; For more details see:  http://wiki.apache.org/hadoop/UnsetHostnameOrPort, while invoking $Proxy35.submitRequest over nodeId=null,nodeAddress=127.0.0.1:0 after 6 failover attempts. Trying to failover immediately.
2019-09-27 09:22:41,554 [main] INFO  ipc.Client (Client.java:handleConnectionFailure(948)) - Retrying connect to server: localhost/127.0.0.1:0. Already tried 0 time(s); retry policy is RetryUpToMaximumCountWithFixedSleep(maxRetries=10, sleepTime=1000 MILLISECONDS)
2019-09-27 09:22:42,555 [main] INFO  ipc.Client (Client.java:handleConnectionFailure(948)) - Retrying connect to server: localhost/127.0.0.1:0. Already tried 1 time(s); retry policy is RetryUpToMaximumCountWithFixedSleep(maxRetries=10, sleepTime=1000 MILLISECONDS)
2019-09-27 09:22:43,557 [main] INFO  ipc.Client (Client.java:handleConnectionFailure(948)) - Retrying connect to server: localhost/127.0.0.1:0. Already tried 2 time(s); retry policy is RetryUpToMaximumCountWithFixedSleep(maxRetries=10, sleepTime=1000 MILLISECONDS)
2019-09-27 09:22:44,558 [main] INFO  ipc.Client (Client.java:handleConnectionFailure(948)) - Retrying connect to server: localhost/127.0.0.1:0. Already tried 3 time(s); retry policy is RetryUpToMaximumCountWithFixedSleep(maxRetries=10, sleepTime=1000 MILLISECONDS)
2019-09-27 09:22:45,559 [main] INFO  ipc.Client (Client.java:handleConnectionFailure(948)) - Retrying connect to server: localhost/127.0.0.1:0. Already tried 4 time(s); retry policy is RetryUpToMaximumCountWithFixedSleep(maxRetries=10, sleepTime=1000 MILLISECONDS)
2019-09-27 09:22:46,560 [main] INFO  ipc.Client (Client.java:handleConnectionFailure(948)) - Retrying connect to server: localhost/127.0.0.1:0. Already tried 5 time(s); retry policy is RetryUpToMaximumCountWithFixedSleep(maxRetries=10, sleepTime=1000 MILLISECONDS)
2019-09-27 09:22:47,561 [main] INFO  ipc.Client (Client.java:handleConnectionFailure(948)) - Retrying connect to server: localhost/127.0.0.1:0. Already tried 6 time(s); retry policy is RetryUpToMaximumCountWithFixedSleep(maxRetries=10, sleepTime=1000 MILLISECONDS)
2019-09-27 09:22:48,562 [main] INFO  ipc.Client (Client.java:handleConnectionFailure(948)) - Retrying connect to server: localhost/127.0.0.1:0. Already tried 7 time(s); retry policy is RetryUpToMaximumCountWithFixedSleep(maxRetries=10, sleepTime=1000 MILLISECONDS)
2019-09-27 09:22:49,564 [main] INFO  ipc.Client (Client.java:handleConnectionFailure(948)) - Retrying connect to server: localhost/127.0.0.1:0. Already tried 8 time(s); retry policy is RetryUpToMaximumCountWithFixedSleep(maxRetries=10, sleepTime=1000 MILLISECONDS)
2019-09-27 09:22:50,565 [main] INFO  ipc.Client (Client.java:handleConnectionFailure(948)) - Retrying connect to server: localhost/127.0.0.1:0. Already tried 9 time(s); retry policy is RetryUpToMaximumCountWithFixedSleep(maxRetries=10, sleepTime=1000 MILLISECONDS)
2019-09-27 09:22:50,567 [main] INFO  retry.RetryInvocationHandler (RetryInvocationHandler.java:log(411)) - com.google.protobuf.ServiceException: java.net.ConnectException: Your endpoint configuration is wrong; For more details see:  http://wiki.apache.org/hadoop/UnsetHostnameOrPort, while invoking $Proxy35.submitRequest over nodeId=null,nodeAddress=127.0.0.1:0 after 7 failover attempts. Trying to failover immediately.
2019-09-27 09:22:51,568 [main] INFO  ipc.Client (Client.java:handleConnectionFailure(948)) - Retrying connect to server: localhost/127.0.0.1:0. Already tried 0 time(s); retry policy is RetryUpToMaximumCountWithFixedSleep(maxRetries=10, sleepTime=1000 MILLISECONDS)
2019-09-27 09:22:52,569 [main] INFO  ipc.Client (Client.java:handleConnectionFailure(948)) - Retrying connect to server: localhost/127.0.0.1:0. Already tried 1 time(s); retry policy is RetryUpToMaximumCountWithFixedSleep(maxRetries=10, sleepTime=1000 MILLISECONDS)
2019-09-27 09:22:53,570 [main] INFO  ipc.Client (Client.java:handleConnectionFailure(948)) - Retrying connect to server: localhost/127.0.0.1:0. Already tried 2 time(s); retry policy is RetryUpToMaximumCountWithFixedSleep(maxRetries=10, sleepTime=1000 MILLISECONDS)
2019-09-27 09:22:54,571 [main] INFO  ipc.Client (Client.java:handleConnectionFailure(948)) - Retrying connect to server: localhost/127.0.0.1:0. Already tried 3 time(s); retry policy is RetryUpToMaximumCountWithFixedSleep(maxRetries=10, sleepTime=1000 MILLISECONDS)
2019-09-27 09:22:55,572 [main] INFO  ipc.Client (Client.java:handleConnectionFailure(948)) - Retrying connect to server: localhost/127.0.0.1:0. Already tried 4 time(s); retry policy is RetryUpToMaximumCountWithFixedSleep(maxRetries=10, sleepTime=1000 MILLISECONDS)
2019-09-27 09:22:56,573 [main] INFO  ipc.Client (Client.java:handleConnectionFailure(948)) - Retrying connect to server: localhost/127.0.0.1:0. Already tried 5 time(s); retry policy is RetryUpToMaximumCountWithFixedSleep(maxRetries=10, sleepTime=1000 MILLISECONDS)
2019-09-27 09:22:57,574 [main] INFO  ipc.Client (Client.java:handleConnectionFailure(948)) - Retrying connect to server: localhost/127.0.0.1:0. Already tried 6 time(s); retry policy is RetryUpToMaximumCountWithFixedSleep(maxRetries=10, sleepTime=1000 MILLISECONDS)
2019-09-27 09:22:58,575 [main] INFO  ipc.Client (Client.java:handleConnectionFailure(948)) - Retrying connect to server: localhost/127.0.0.1:0. Already tried 7 time(s); retry policy is RetryUpToMaximumCountWithFixedSleep(maxRetries=10, sleepTime=1000 MILLISECONDS)
2019-09-27 09:22:59,576 [main] INFO  ipc.Client (Client.java:handleConnectionFailure(948)) - Retrying connect to server: localhost/127.0.0.1:0. Already tried 8 time(s); retry policy is RetryUpToMaximumCountWithFixedSleep(maxRetries=10, sleepTime=1000 MILLISECONDS)
2019-09-27 09:23:00,577 [main] INFO  ipc.Client (Client.java:handleConnectionFailure(948)) - Retrying connect to server: localhost/127.0.0.1:0. Already tried 9 time(s); retry policy is RetryUpToMaximumCountWithFixedSleep(maxRetries=10, sleepTime=1000 MILLISECONDS)
2019-09-27 09:23:00,579 [main] INFO  retry.RetryInvocationHandler (RetryInvocationHandler.java:log(411)) - com.google.protobuf.ServiceException: java.net.ConnectException: Your endpoint configuration is wrong; For more details see:  http://wiki.apache.org/hadoop/UnsetHostnameOrPort, while invoking $Proxy35.submitRequest over nodeId=null,nodeAddress=127.0.0.1:0 after 8 failover attempts. Trying to failover immediately.
2019-09-27 09:23:01,580 [main] INFO  ipc.Client (Client.java:handleConnectionFailure(948)) - Retrying connect to server: localhost/127.0.0.1:0. Already tried 0 time(s); retry policy is RetryUpToMaximumCountWithFixedSleep(maxRetries=10, sleepTime=1000 MILLISECONDS)
2019-09-27 09:23:02,581 [main] INFO  ipc.Client (Client.java:handleConnectionFailure(948)) - Retrying connect to server: localhost/127.0.0.1:0. Already tried 1 time(s); retry policy is RetryUpToMaximumCountWithFixedSleep(maxRetries=10, sleepTime=1000 MILLISECONDS)
2019-09-27 09:23:03,582 [main] INFO  ipc.Client (Client.java:handleConnectionFailure(948)) - Retrying connect to server: localhost/127.0.0.1:0. Already tried 2 time(s); retry policy is RetryUpToMaximumCountWithFixedSleep(maxRetries=10, sleepTime=1000 MILLISECONDS)
2019-09-27 09:23:04,583 [main] INFO  ipc.Client (Client.java:handleConnectionFailure(948)) - Retrying connect to server: localhost/127.0.0.1:0. Already tried 3 time(s); retry policy is RetryUpToMaximumCountWithFixedSleep(maxRetries=10, sleepTime=1000 MILLISECONDS)
2019-09-27 09:23:05,584 [main] INFO  ipc.Client (Client.java:handleConnectionFailure(948)) - Retrying connect to server: localhost/127.0.0.1:0. Already tried 4 time(s); retry policy is RetryUpToMaximumCountWithFixedSleep(maxRetries=10, sleepTime=1000 MILLISECONDS)
2019-09-27 09:23:06,585 [main] INFO  ipc.Client (Client.java:handleConnectionFailure(948)) - Retrying connect to server: localhost/127.0.0.1:0. Already tried 5 time(s); retry policy is RetryUpToMaximumCountWithFixedSleep(maxRetries=10, sleepTime=1000 MILLISECONDS)
2019-09-27 09:23:07,586 [main] INFO  ipc.Client (Client.java:handleConnectionFailure(948)) - Retrying connect to server: localhost/127.0.0.1:0. Already tried 6 time(s); retry policy is RetryUpToMaximumCountWithFixedSleep(maxRetries=10, sleepTime=1000 MILLISECONDS)
2019-09-27 09:23:08,587 [main] INFO  ipc.Client (Client.java:handleConnectionFailure(948)) - Retrying connect to server: localhost/127.0.0.1:0. Already tried 7 time(s); retry policy is RetryUpToMaximumCountWithFixedSleep(maxRetries=10, sleepTime=1000 MILLISECONDS)
2019-09-27 09:23:09,588 [main] INFO  ipc.Client (Client.java:handleConnectionFailure(948)) - Retrying connect to server: localhost/127.0.0.1:0. Already tried 8 time(s); retry policy is RetryUpToMaximumCountWithFixedSleep(maxRetries=10, sleepTime=1000 MILLISECONDS)
2019-09-27 09:23:10,589 [main] INFO  ipc.Client (Client.java:handleConnectionFailure(948)) - Retrying connect to server: localhost/127.0.0.1:0. Already tried 9 time(s); retry policy is RetryUpToMaximumCountWithFixedSleep(maxRetries=10, sleepTime=1000 MILLISECONDS)
2019-09-27 09:23:10,591 [main] INFO  retry.RetryInvocationHandler (RetryInvocationHandler.java:log(411)) - com.google.protobuf.ServiceException: java.net.ConnectException: Your endpoint configuration is wrong; For more details see:  http://wiki.apache.org/hadoop/UnsetHostnameOrPort, while invoking $Proxy35.submitRequest over nodeId=null,nodeAddress=127.0.0.1:0 after 9 failover attempts. Trying to failover immediately.
2019-09-27 09:23:11,591 [main] INFO  ipc.Client (Client.java:handleConnectionFailure(948)) - Retrying connect to server: localhost/127.0.0.1:0. Already tried 0 time(s); retry policy is RetryUpToMaximumCountWithFixedSleep(maxRetries=10, sleepTime=1000 MILLISECONDS)
2019-09-27 09:23:12,592 [main] INFO  ipc.Client (Client.java:handleConnectionFailure(948)) - Retrying connect to server: localhost/127.0.0.1:0. Already tried 1 time(s); retry policy is RetryUpToMaximumCountWithFixedSleep(maxRetries=10, sleepTime=1000 MILLISECONDS)
2019-09-27 09:23:13,594 [main] INFO  ipc.Client (Client.java:handleConnectionFailure(948)) - Retrying connect to server: localhost/127.0.0.1:0. Already tried 2 time(s); retry policy is RetryUpToMaximumCountWithFixedSleep(maxRetries=10, sleepTime=1000 MILLISECONDS)
2019-09-27 09:23:14,650 [main] INFO  ipc.Client (Client.java:handleConnectionFailure(948)) - Retrying connect to server: localhost/127.0.0.1:0. Already tried 3 time(s); retry policy is RetryUpToMaximumCountWithFixedSleep(maxRetries=10, sleepTime=1000 MILLISECONDS)
2019-09-27 09:23:15,651 [main] INFO  ipc.Client (Client.java:handleConnectionFailure(948)) - Retrying connect to server: localhost/127.0.0.1:0. Already tried 4 time(s); retry policy is RetryUpToMaximumCountWithFixedSleep(maxRetries=10, sleepTime=1000 MILLISECONDS)
2019-09-27 09:23:16,652 [main] INFO  ipc.Client (Client.java:handleConnectionFailure(948)) - Retrying connect to server: localhost/127.0.0.1:0. Already tried 5 time(s); retry policy is RetryUpToMaximumCountWithFixedSleep(maxRetries=10, sleepTime=1000 MILLISECONDS)
2019-09-27 09:23:17,653 [main] INFO  ipc.Client (Client.java:handleConnectionFailure(948)) - Retrying connect to server: localhost/127.0.0.1:0. Already tried 6 time(s); retry policy is RetryUpToMaximumCountWithFixedSleep(maxRetries=10, sleepTime=1000 MILLISECONDS)
2019-09-27 09:23:18,677 [main] INFO  ipc.Client (Client.java:handleConnectionFailure(948)) - Retrying connect to server: localhost/127.0.0.1:0. Already tried 7 time(s); retry policy is RetryUpToMaximumCountWithFixedSleep(maxRetries=10, sleepTime=1000 MILLISECONDS)
2019-09-27 09:23:19,679 [main] INFO  ipc.Client (Client.java:handleConnectionFailure(948)) - Retrying connect to server: localhost/127.0.0.1:0. Already tried 8 time(s); retry policy is RetryUpToMaximumCountWithFixedSleep(maxRetries=10, sleepTime=1000 MILLISECONDS)
2019-09-27 09:23:20,681 [main] INFO  ipc.Client (Client.java:handleConnectionFailure(948)) - Retrying connect to server: localhost/127.0.0.1:0. Already tried 9 time(s); retry policy is RetryUpToMaximumCountWithFixedSleep(maxRetries=10, sleepTime=1000 MILLISECONDS)
2019-09-27 09:23:20,682 [main] ERROR ha.OMFailoverProxyProvider (OzoneManagerProtocolClientSideTranslatorPB.java:getRetryAction(268)) - Failed to connect to OM. Attempted 10 retries and 10 failovers
2019-09-27 09:23:20,683 [main] ERROR client.OzoneClientFactory (OzoneClientFactory.java:getClientProtocol(259)) - Couldn't create RpcClient protocol exception: 
java.net.ConnectException: Your endpoint configuration is wrong; For more details see:  http://wiki.apache.org/hadoop/UnsetHostnameOrPort
	at sun.reflect.GeneratedConstructorAccessor43.newInstance(Unknown Source)
	at sun.reflect.DelegatingConstructorAccessorImpl.newInstance(DelegatingConstructorAccessorImpl.java:45)
	at java.lang.reflect.Constructor.newInstance(Constructor.java:423)
	at org.apache.hadoop.net.NetUtils.wrapWithMessage(NetUtils.java:831)
	at org.apache.hadoop.net.NetUtils.wrapException(NetUtils.java:751)
	at org.apache.hadoop.ipc.Client.getRpcResponse(Client.java:1515)
	at org.apache.hadoop.ipc.Client.call(Client.java:1457)
	at org.apache.hadoop.ipc.Client.call(Client.java:1367)
	at org.apache.hadoop.ipc.ProtobufRpcEngine$Invoker.invoke(ProtobufRpcEngine.java:228)
	at org.apache.hadoop.ipc.ProtobufRpcEngine$Invoker.invoke(ProtobufRpcEngine.java:116)
	at com.sun.proxy.$Proxy35.submitRequest(Unknown Source)
	at sun.reflect.GeneratedMethodAccessor36.invoke(Unknown Source)
	at sun.reflect.DelegatingMethodAccessorImpl.invoke(DelegatingMethodAccessorImpl.java:43)
	at java.lang.reflect.Method.invoke(Method.java:498)
	at org.apache.hadoop.io.retry.RetryInvocationHandler.invokeMethod(RetryInvocationHandler.java:422)
	at org.apache.hadoop.io.retry.RetryInvocationHandler$Call.invokeMethod(RetryInvocationHandler.java:165)
	at org.apache.hadoop.io.retry.RetryInvocationHandler$Call.invoke(RetryInvocationHandler.java:157)
	at org.apache.hadoop.io.retry.RetryInvocationHandler$Call.invokeOnce(RetryInvocationHandler.java:95)
	at org.apache.hadoop.io.retry.RetryInvocationHandler.invoke(RetryInvocationHandler.java:359)
	at com.sun.proxy.$Proxy35.submitRequest(Unknown Source)
	at org.apache.hadoop.ozone.om.protocolPB.OzoneManagerProtocolClientSideTranslatorPB.submitRequest(OzoneManagerProtocolClientSideTranslatorPB.java:338)
	at org.apache.hadoop.ozone.om.protocolPB.OzoneManagerProtocolClientSideTranslatorPB.getServiceInfo(OzoneManagerProtocolClientSideTranslatorPB.java:1223)
	at sun.reflect.NativeMethodAccessorImpl.invoke0(Native Method)
	at sun.reflect.NativeMethodAccessorImpl.invoke(NativeMethodAccessorImpl.java:62)
	at sun.reflect.DelegatingMethodAccessorImpl.invoke(DelegatingMethodAccessorImpl.java:43)
	at java.lang.reflect.Method.invoke(Method.java:498)
	at org.apache.hadoop.hdds.tracing.TraceAllMethod.invoke(TraceAllMethod.java:66)
	at com.sun.proxy.$Proxy36.getServiceInfo(Unknown Source)
	at org.apache.hadoop.ozone.client.rpc.RpcClient.<init>(RpcClient.java:154)
	at org.apache.hadoop.ozone.client.OzoneClientFactory.getClientProtocol(OzoneClientFactory.java:256)
	at org.apache.hadoop.ozone.client.OzoneClientFactory.getClientProtocol(OzoneClientFactory.java:239)
	at org.apache.hadoop.ozone.client.OzoneClientFactory.getClient(OzoneClientFactory.java:75)
	at org.apache.hadoop.ozone.client.rpc.TestFailureHandlingByClient.init(TestFailureHandlingByClient.java:111)
	at org.apache.hadoop.ozone.client.rpc.TestFailureHandlingByClient.startCluster(TestFailureHandlingByClient.java:121)
	at org.apache.hadoop.ozone.client.rpc.TestFailureHandlingByClient.testBlockWritesWithDnFailures(TestFailureHandlingByClient.java:136)
	at sun.reflect.NativeMethodAccessorImpl.invoke0(Native Method)
	at sun.reflect.NativeMethodAccessorImpl.invoke(NativeMethodAccessorImpl.java:62)
	at sun.reflect.DelegatingMethodAccessorImpl.invoke(DelegatingMethodAccessorImpl.java:43)
	at java.lang.reflect.Method.invoke(Method.java:498)
	at org.junit.runners.model.FrameworkMethod$1.runReflectiveCall(FrameworkMethod.java:47)
	at org.junit.internal.runners.model.ReflectiveCallable.run(ReflectiveCallable.java:12)
	at org.junit.runners.model.FrameworkMethod.invokeExplosively(FrameworkMethod.java:44)
	at org.junit.internal.runners.statements.InvokeMethod.evaluate(InvokeMethod.java:17)
	at org.junit.internal.runners.statements.RunAfters.evaluate(RunAfters.java:27)
	at org.junit.runners.ParentRunner.runLeaf(ParentRunner.java:271)
	at org.junit.runners.BlockJUnit4ClassRunner.runChild(BlockJUnit4ClassRunner.java:70)
	at org.junit.runners.BlockJUnit4ClassRunner.runChild(BlockJUnit4ClassRunner.java:50)
	at org.junit.runners.ParentRunner$3.run(ParentRunner.java:238)
	at org.junit.runners.ParentRunner$1.schedule(ParentRunner.java:63)
	at org.junit.runners.ParentRunner.runChildren(ParentRunner.java:236)
	at org.junit.runners.ParentRunner.access$000(ParentRunner.java:53)
	at org.junit.runners.ParentRunner$2.evaluate(ParentRunner.java:229)
	at org.junit.runners.ParentRunner.run(ParentRunner.java:309)
	at org.apache.maven.surefire.junit4.JUnit4Provider.execute(JUnit4Provider.java:365)
	at org.apache.maven.surefire.junit4.JUnit4Provider.executeWithRerun(JUnit4Provider.java:273)
	at org.apache.maven.surefire.junit4.JUnit4Provider.executeTestSet(JUnit4Provider.java:238)
	at org.apache.maven.surefire.junit4.JUnit4Provider.invoke(JUnit4Provider.java:159)
	at org.apache.maven.surefire.booter.ForkedBooter.invokeProviderInSameClassLoader(ForkedBooter.java:384)
	at org.apache.maven.surefire.booter.ForkedBooter.runSuitesInProcess(ForkedBooter.java:345)
	at org.apache.maven.surefire.booter.ForkedBooter.execute(ForkedBooter.java:126)
	at org.apache.maven.surefire.booter.ForkedBooter.main(ForkedBooter.java:418)
Caused by: java.net.ConnectException: Connection refused
	at sun.nio.ch.SocketChannelImpl.checkConnect(Native Method)
	at sun.nio.ch.SocketChannelImpl.finishConnect(SocketChannelImpl.java:717)
	at org.apache.hadoop.net.SocketIOWithTimeout.connect(SocketIOWithTimeout.java:206)
	at org.apache.hadoop.net.NetUtils.connect(NetUtils.java:531)
	at org.apache.hadoop.ipc.Client$Connection.setupConnection(Client.java:690)
	at org.apache.hadoop.ipc.Client$Connection.setupIOstreams(Client.java:794)
	at org.apache.hadoop.ipc.Client$Connection.access$3700(Client.java:411)
	at org.apache.hadoop.ipc.Client.getConnection(Client.java:1572)
	at org.apache.hadoop.ipc.Client.call(Client.java:1403)
	... 54 more
2019-09-27 09:23:20,684 [main] INFO  ozone.MiniOzoneClusterImpl (MiniOzoneClusterImpl.java:shutdown(314)) - Shutting down the Mini Ozone Cluster
2019-09-27 09:23:20,684 [main] INFO  ozone.MiniOzoneClusterImpl (MiniOzoneClusterImpl.java:stop(330)) - Stopping the Mini Ozone Cluster
2019-09-27 09:23:20,684 [main] INFO  ozone.MiniOzoneClusterImpl (MiniOzoneClusterImpl.java:stopOM(400)) - Stopping the OzoneManager
2019-09-27 09:23:20,685 [main] INFO  ipc.Server (Server.java:stop(3082)) - Stopping server on 41882
2019-09-27 09:23:20,706 [IPC Server listener on 41882] INFO  ipc.Server (Server.java:run(1185)) - Stopping IPC Server listener on 41882
2019-09-27 09:23:20,711 [main] INFO  ratis.OzoneManagerDoubleBuffer (OzoneManagerDoubleBuffer.java:stop(248)) - Stopping OMDoubleBuffer flush thread
2019-09-27 09:23:20,730 [IPC Server Responder] INFO  ipc.Server (Server.java:run(1319)) - Stopping IPC Server Responder
2019-09-27 09:23:20,734 [OMDoubleBufferFlushThread] INFO  ratis.OzoneManagerDoubleBuffer (OzoneManagerDoubleBuffer.java:flushTransactions(191)) - OMDoubleBuffer flush thread OMDoubleBufferFlushThread is interrupted and will exit. OMDoubleBufferFlushThread
2019-09-27 09:23:20,734 [main] INFO  utils.BackgroundService (BackgroundService.java:shutdown(148)) - Shutting down service KeyDeletingService
2019-09-27 09:23:20,736 [main] INFO  handler.ContextHandler (ContextHandler.java:doStop(910)) - Stopped o.e.j.w.WebAppContext@1a21f43f{/,null,UNAVAILABLE}{/ozoneManager}
2019-09-27 09:23:20,737 [main] INFO  server.AbstractConnector (AbstractConnector.java:doStop(318)) - Stopped ServerConnector@7f0a133d{HTTP/1.1,[http/1.1]}{0.0.0.0:0}
2019-09-27 09:23:20,737 [main] INFO  handler.ContextHandler (ContextHandler.java:doStop(910)) - Stopped o.e.j.s.ServletContextHandler@1f10fec6{/static,file:///workdir/hadoop-ozone/integration-test/target/test-classes/webapps/static,UNAVAILABLE}
2019-09-27 09:23:20,737 [main] INFO  handler.ContextHandler (ContextHandler.java:doStop(910)) - Stopped o.e.j.s.ServletContextHandler@7c46c9c3{/logs,file:///workdir/hadoop-ozone/integration-test/target/log,UNAVAILABLE}
2019-09-27 09:23:20,751 [main] INFO  ozone.MiniOzoneClusterImpl (MiniOzoneClusterImpl.java:stopDatanodes(377)) - Stopping the HddsDatanodes
2019-09-27 09:23:20,954 [Datanode State Machine Thread - 0] INFO  statemachine.DatanodeStateMachine (DatanodeStateMachine.java:lambda$startDaemon$0(350)) - Ozone container server started.
2019-09-27 09:23:21,184 [Datanode State Machine Thread - 0] INFO  statemachine.DatanodeStateMachine (DatanodeStateMachine.java:lambda$startDaemon$0(350)) - Ozone container server started.
2019-09-27 09:23:25,752 [main] INFO  ozoneimpl.OzoneContainer (OzoneContainer.java:stop(231)) - Attempting to stop container services.
2019-09-27 09:23:25,752 [ForkJoinPool.commonPool-worker-0] INFO  ozoneimpl.OzoneContainer (OzoneContainer.java:stop(231)) - Attempting to stop container services.
2019-09-27 09:23:25,753 [main] INFO  impl.RaftServerProxy (RaftServerProxy.java:lambda$close$4(314)) - 545840a3-a59e-4544-b748-6e804ee187a8: close
2019-09-27 09:23:25,753 [ForkJoinPool.commonPool-worker-0] INFO  impl.RaftServerProxy (RaftServerProxy.java:lambda$close$4(314)) - 6dd4b024-258e-4435-a177-4ad68e7047f2: close
2019-09-27 09:23:25,754 [main] INFO  impl.RaftServerImpl (RaftServerImpl.java:lambda$shutdown$3(251)) - 545840a3-a59e-4544-b748-6e804ee187a8@group-BE313173F156: shutdown
2019-09-27 09:23:25,754 [ForkJoinPool.commonPool-worker-0] INFO  impl.RaftServerImpl (RaftServerImpl.java:lambda$shutdown$3(251)) - 6dd4b024-258e-4435-a177-4ad68e7047f2@group-F89D41993458: shutdown
2019-09-27 09:23:25,754 [main] INFO  util.JmxRegister (JmxRegister.java:unregister(73)) - Successfully un-registered JMX Bean with object name Ratis:service=RaftServer,group=group-BE313173F156,id=545840a3-a59e-4544-b748-6e804ee187a8
2019-09-27 09:23:25,755 [ForkJoinPool.commonPool-worker-0] INFO  util.JmxRegister (JmxRegister.java:unregister(73)) - Successfully un-registered JMX Bean with object name Ratis:service=RaftServer,group=group-F89D41993458,id=6dd4b024-258e-4435-a177-4ad68e7047f2
2019-09-27 09:23:25,755 [main] INFO  impl.RoleInfo (RoleInfo.java:shutdownFollowerState(121)) - 545840a3-a59e-4544-b748-6e804ee187a8: shutdown FollowerState
2019-09-27 09:23:25,755 [ForkJoinPool.commonPool-worker-0] INFO  impl.RoleInfo (RoleInfo.java:shutdownLeaderState(104)) - 6dd4b024-258e-4435-a177-4ad68e7047f2: shutdown LeaderState
2019-09-27 09:23:25,756 [Thread-6221] INFO  impl.FollowerState (FollowerState.java:run(115)) - 545840a3-a59e-4544-b748-6e804ee187a8: FollowerState was interrupted: java.lang.InterruptedException: sleep interrupted
2019-09-27 09:23:25,756 [ForkJoinPool.commonPool-worker-0] INFO  impl.PendingRequests (PendingRequests.java:sendNotLeaderResponses(202)) - 6dd4b024-258e-4435-a177-4ad68e7047f2-PendingRequests: sendNotLeaderResponses
2019-09-27 09:23:25,756 [main] INFO  impl.StateMachineUpdater (StateMachineUpdater.java:stopAndJoin(125)) - 545840a3-a59e-4544-b748-6e804ee187a8@group-BE313173F156-StateMachineUpdater: set stopIndex = 0
2019-09-27 09:23:25,757 [ForkJoinPool.commonPool-worker-0] INFO  impl.StateMachineUpdater (StateMachineUpdater.java:stopAndJoin(125)) - 6dd4b024-258e-4435-a177-4ad68e7047f2@group-F89D41993458-StateMachineUpdater: set stopIndex = 0
2019-09-27 09:23:25,757 [main] INFO  impl.RaftServerImpl (ServerState.java:close(385)) - 545840a3-a59e-4544-b748-6e804ee187a8@group-BE313173F156: closes. applyIndex: 0
2019-09-27 09:23:25,757 [ForkJoinPool.commonPool-worker-0] INFO  impl.RaftServerImpl (ServerState.java:close(385)) - 6dd4b024-258e-4435-a177-4ad68e7047f2@group-F89D41993458: closes. applyIndex: 0
2019-09-27 09:23:25,758 [545840a3-a59e-4544-b748-6e804ee187a8@group-BE313173F156-SegmentedRaftLogWorker] INFO  segmented.SegmentedRaftLogWorker (SegmentedRaftLogWorker.java:run(313)) - 545840a3-a59e-4544-b748-6e804ee187a8@group-BE313173F156-SegmentedRaftLogWorker was interrupted, exiting. There are 0 tasks remaining in the queue.
2019-09-27 09:23:25,758 [6dd4b024-258e-4435-a177-4ad68e7047f2@group-F89D41993458-SegmentedRaftLogWorker] INFO  segmented.SegmentedRaftLogWorker (SegmentedRaftLogWorker.java:run(313)) - 6dd4b024-258e-4435-a177-4ad68e7047f2@group-F89D41993458-SegmentedRaftLogWorker was interrupted, exiting. There are 0 tasks remaining in the queue.
2019-09-27 09:23:25,766 [main] INFO  segmented.SegmentedRaftLogWorker (SegmentedRaftLogWorker.java:close(228)) - 545840a3-a59e-4544-b748-6e804ee187a8@group-BE313173F156-SegmentedRaftLogWorker close()
2019-09-27 09:23:25,766 [ForkJoinPool.commonPool-worker-0] INFO  segmented.SegmentedRaftLogWorker (SegmentedRaftLogWorker.java:close(228)) - 6dd4b024-258e-4435-a177-4ad68e7047f2@group-F89D41993458-SegmentedRaftLogWorker close()
2019-09-27 09:23:25,788 [main] INFO  impl.RaftServerImpl (RaftServerImpl.java:lambda$shutdown$3(251)) - 545840a3-a59e-4544-b748-6e804ee187a8@group-86B9A2E11FFC: shutdown
2019-09-27 09:23:25,791 [ForkJoinPool.commonPool-worker-0] INFO  impl.RaftServerImpl (RaftServerImpl.java:lambda$shutdown$3(251)) - 6dd4b024-258e-4435-a177-4ad68e7047f2@group-498546036227: shutdown
2019-09-27 09:23:25,792 [main] INFO  util.JmxRegister (JmxRegister.java:unregister(73)) - Successfully un-registered JMX Bean with object name Ratis:service=RaftServer,group=group-86B9A2E11FFC,id=545840a3-a59e-4544-b748-6e804ee187a8
2019-09-27 09:23:25,793 [main] INFO  impl.RoleInfo (RoleInfo.java:shutdownLeaderState(104)) - 545840a3-a59e-4544-b748-6e804ee187a8: shutdown LeaderState
2019-09-27 09:23:25,792 [ForkJoinPool.commonPool-worker-0] INFO  util.JmxRegister (JmxRegister.java:unregister(73)) - Successfully un-registered JMX Bean with object name Ratis:service=RaftServer,group=group-498546036227,id=6dd4b024-258e-4435-a177-4ad68e7047f2
2019-09-27 09:23:25,793 [main] INFO  impl.PendingRequests (PendingRequests.java:sendNotLeaderResponses(202)) - 545840a3-a59e-4544-b748-6e804ee187a8-PendingRequests: sendNotLeaderResponses
2019-09-27 09:23:25,793 [ForkJoinPool.commonPool-worker-0] INFO  impl.RoleInfo (RoleInfo.java:shutdownFollowerState(121)) - 6dd4b024-258e-4435-a177-4ad68e7047f2: shutdown FollowerState
2019-09-27 09:23:25,794 [main] INFO  impl.StateMachineUpdater (StateMachineUpdater.java:stopAndJoin(125)) - 545840a3-a59e-4544-b748-6e804ee187a8@group-86B9A2E11FFC-StateMachineUpdater: set stopIndex = 0
2019-09-27 09:23:25,794 [Thread-6216] INFO  impl.FollowerState (FollowerState.java:run(115)) - 6dd4b024-258e-4435-a177-4ad68e7047f2: FollowerState was interrupted: java.lang.InterruptedException: sleep interrupted
2019-09-27 09:23:25,794 [ForkJoinPool.commonPool-worker-0] INFO  impl.StateMachineUpdater (StateMachineUpdater.java:stopAndJoin(125)) - 6dd4b024-258e-4435-a177-4ad68e7047f2@group-498546036227-StateMachineUpdater: set stopIndex = 0
2019-09-27 09:23:25,795 [ForkJoinPool.commonPool-worker-0] INFO  impl.RaftServerImpl (ServerState.java:close(385)) - 6dd4b024-258e-4435-a177-4ad68e7047f2@group-498546036227: closes. applyIndex: 0
2019-09-27 09:23:25,795 [main] INFO  impl.RaftServerImpl (ServerState.java:close(385)) - 545840a3-a59e-4544-b748-6e804ee187a8@group-86B9A2E11FFC: closes. applyIndex: 0
2019-09-27 09:23:25,796 [6dd4b024-258e-4435-a177-4ad68e7047f2@group-498546036227-SegmentedRaftLogWorker] INFO  segmented.SegmentedRaftLogWorker (SegmentedRaftLogWorker.java:run(313)) - 6dd4b024-258e-4435-a177-4ad68e7047f2@group-498546036227-SegmentedRaftLogWorker was interrupted, exiting. There are 0 tasks remaining in the queue.
2019-09-27 09:23:25,796 [545840a3-a59e-4544-b748-6e804ee187a8@group-86B9A2E11FFC-SegmentedRaftLogWorker] INFO  segmented.SegmentedRaftLogWorker (SegmentedRaftLogWorker.java:run(313)) - 545840a3-a59e-4544-b748-6e804ee187a8@group-86B9A2E11FFC-SegmentedRaftLogWorker was interrupted, exiting. There are 0 tasks remaining in the queue.
2019-09-27 09:23:25,799 [ForkJoinPool.commonPool-worker-0] INFO  segmented.SegmentedRaftLogWorker (SegmentedRaftLogWorker.java:close(228)) - 6dd4b024-258e-4435-a177-4ad68e7047f2@group-498546036227-SegmentedRaftLogWorker close()
2019-09-27 09:23:25,799 [main] INFO  segmented.SegmentedRaftLogWorker (SegmentedRaftLogWorker.java:close(228)) - 545840a3-a59e-4544-b748-6e804ee187a8@group-86B9A2E11FFC-SegmentedRaftLogWorker close()
2019-09-27 09:23:25,802 [ForkJoinPool.commonPool-worker-0] INFO  server.GrpcService (GrpcService.java:closeImpl(164)) - 6dd4b024-258e-4435-a177-4ad68e7047f2: shutdown server with port 45014 now
2019-09-27 09:23:25,804 [main] INFO  server.GrpcService (GrpcService.java:closeImpl(164)) - 545840a3-a59e-4544-b748-6e804ee187a8: shutdown server with port 38575 now
2019-09-27 09:23:25,807 [grpc-default-executor-3] WARN  server.GrpcServerProtocolService (LogUtils.java:warn(134)) - 6dd4b024-258e-4435-a177-4ad68e7047f2: installSnapshot onError, lastRequest: 692a0e7c-3695-46c2-84c2-73657d75aae6->6dd4b024-258e-4435-a177-4ad68e7047f2#230-t1, previous=(t:1, i:0), leaderCommit=0, initializing? false, entries: <empty>: org.apache.ratis.thirdparty.io.grpc.StatusRuntimeException: CANCELLED: cancelled before receiving half close
2019-09-27 09:23:25,807 [grpc-default-executor-1] WARN  server.GrpcLogAppender (LogUtils.java:warn(134)) - 692a0e7c-3695-46c2-84c2-73657d75aae6@group-498546036227->6dd4b024-258e-4435-a177-4ad68e7047f2-AppendLogResponseHandler: Failed appendEntries: org.apache.ratis.thirdparty.io.grpc.StatusRuntimeException: CANCELLED: HTTP/2 error code: CANCEL
Received Rst Stream
2019-09-27 09:23:25,807 [ForkJoinPool.commonPool-worker-0] INFO  server.GrpcService (GrpcService.java:closeImpl(172)) - 6dd4b024-258e-4435-a177-4ad68e7047f2: shutdown server with port 45014 successfully
2019-09-27 09:23:25,807 [grpc-default-executor-2] WARN  server.GrpcServerProtocolService (LogUtils.java:warn(134)) - 545840a3-a59e-4544-b748-6e804ee187a8: installSnapshot onError, lastRequest: 69eece0b-35aa-4c3f-ae5c-22aaa3245fe4->545840a3-a59e-4544-b748-6e804ee187a8#230-t1, previous=(t:1, i:0), leaderCommit=0, initializing? false, entries: <empty>: org.apache.ratis.thirdparty.io.grpc.StatusRuntimeException: CANCELLED: cancelled before receiving half close
2019-09-27 09:23:25,807 [main] INFO  server.GrpcService (GrpcService.java:closeImpl(172)) - 545840a3-a59e-4544-b748-6e804ee187a8: shutdown server with port 38575 successfully
2019-09-27 09:23:25,808 [grpc-default-executor-5] WARN  server.GrpcLogAppender (LogUtils.java:warn(134)) - 69eece0b-35aa-4c3f-ae5c-22aaa3245fe4@group-BE313173F156->545840a3-a59e-4544-b748-6e804ee187a8-AppendLogResponseHandler: Failed appendEntries: org.apache.ratis.thirdparty.io.grpc.StatusRuntimeException: CANCELLED: HTTP/2 error code: CANCEL
Received Rst Stream
2019-09-27 09:23:25,808 [grpc-default-executor-1] INFO  impl.FollowerInfo (FollowerInfo.java:lambda$new$0(51)) - 692a0e7c-3695-46c2-84c2-73657d75aae6@group-498546036227->6dd4b024-258e-4435-a177-4ad68e7047f2: nextIndex: updateUnconditionally 1 -> 0
2019-09-27 09:23:25,809 [grpc-default-executor-5] INFO  impl.FollowerInfo (FollowerInfo.java:lambda$new$0(51)) - 69eece0b-35aa-4c3f-ae5c-22aaa3245fe4@group-BE313173F156->545840a3-a59e-4544-b748-6e804ee187a8: nextIndex: updateUnconditionally 1 -> 0
2019-09-27 09:23:25,810 [refreshUsed-/workdir/hadoop-ozone/integration-test/target/test-dir/MiniOzoneClusterImpl-68e31327-6f0a-47ff-9789-fe3f4972a3d5/datanode-2/data/containers] WARN  fs.CachingGetSpaceUsed (CachingGetSpaceUsed.java:run(183)) - Thread Interrupted waiting to refresh disk information: sleep interrupted
2019-09-27 09:23:25,812 [refreshUsed-/workdir/hadoop-ozone/integration-test/target/test-dir/MiniOzoneClusterImpl-68e31327-6f0a-47ff-9789-fe3f4972a3d5/datanode-5/data/containers] WARN  fs.CachingGetSpaceUsed (CachingGetSpaceUsed.java:run(183)) - Thread Interrupted waiting to refresh disk information: sleep interrupted
2019-09-27 09:23:25,836 [ForkJoinPool.commonPool-worker-0] INFO  utils.BackgroundService (BackgroundService.java:shutdown(148)) - Shutting down service BlockDeletingService
2019-09-27 09:23:25,846 [ForkJoinPool.commonPool-worker-0] INFO  statemachine.DatanodeStateMachine (DatanodeStateMachine.java:stopDaemon(395)) - Ozone container server stopped.
2019-09-27 09:23:25,846 [main] INFO  utils.BackgroundService (BackgroundService.java:shutdown(148)) - Shutting down service BlockDeletingService
2019-09-27 09:23:25,858 [main] INFO  statemachine.DatanodeStateMachine (DatanodeStateMachine.java:stopDaemon(395)) - Ozone container server stopped.
2019-09-27 09:23:25,861 [ForkJoinPool.commonPool-worker-0] INFO  handler.ContextHandler (ContextHandler.java:doStop(910)) - Stopped o.e.j.w.WebAppContext@6ffd4c0d{/,null,UNAVAILABLE}{/hddsDatanode}
2019-09-27 09:23:25,861 [ForkJoinPool.commonPool-worker-0] INFO  server.AbstractConnector (AbstractConnector.java:doStop(318)) - Stopped ServerConnector@74c9e11{HTTP/1.1,[http/1.1]}{0.0.0.0:0}
2019-09-27 09:23:25,862 [main] INFO  handler.ContextHandler (ContextHandler.java:doStop(910)) - Stopped o.e.j.w.WebAppContext@f245bdd{/,null,UNAVAILABLE}{/hddsDatanode}
2019-09-27 09:23:25,864 [ForkJoinPool.commonPool-worker-0] INFO  handler.ContextHandler (ContextHandler.java:doStop(910)) - Stopped o.e.j.s.ServletContextHandler@2db15f70{/static,jar:file:/home/user/.m2/repository/org/apache/hadoop/hadoop-hdds-container-service/0.5.0-SNAPSHOT/hadoop-hdds-container-service-0.5.0-SNAPSHOT.jar!/webapps/static,UNAVAILABLE}
2019-09-27 09:23:25,867 [ForkJoinPool.commonPool-worker-0] INFO  handler.ContextHandler (ContextHandler.java:doStop(910)) - Stopped o.e.j.s.ServletContextHandler@57fdb8a4{/logs,file:///workdir/hadoop-ozone/integration-test/target/log,UNAVAILABLE}
2019-09-27 09:23:25,867 [main] INFO  server.AbstractConnector (AbstractConnector.java:doStop(318)) - Stopped ServerConnector@6af609ea{HTTP/1.1,[http/1.1]}{0.0.0.0:0}
2019-09-27 09:23:25,868 [main] INFO  handler.ContextHandler (ContextHandler.java:doStop(910)) - Stopped o.e.j.s.ServletContextHandler@4702e7a5{/static,jar:file:/home/user/.m2/repository/org/apache/hadoop/hadoop-hdds-container-service/0.5.0-SNAPSHOT/hadoop-hdds-container-service-0.5.0-SNAPSHOT.jar!/webapps/static,UNAVAILABLE}
2019-09-27 09:23:25,869 [main] INFO  handler.ContextHandler (ContextHandler.java:doStop(910)) - Stopped o.e.j.s.ServletContextHandler@3b35798{/logs,file:///workdir/hadoop-ozone/integration-test/target/log,UNAVAILABLE}
2019-09-27 09:23:26,039 [Datanode State Machine Thread - 0] INFO  statemachine.DatanodeStateMachine (DatanodeStateMachine.java:lambda$startDaemon$0(350)) - Ozone container server started.
2019-09-27 09:23:26,202 [grpc-default-executor-2] WARN  server.GrpcLogAppender (LogUtils.java:warn(134)) - 69eece0b-35aa-4c3f-ae5c-22aaa3245fe4@group-BE313173F156->545840a3-a59e-4544-b748-6e804ee187a8-AppendLogResponseHandler: Failed appendEntries: org.apache.ratis.thirdparty.io.grpc.StatusRuntimeException: UNAVAILABLE: io exception
2019-09-27 09:23:26,203 [grpc-default-executor-2] INFO  impl.FollowerInfo (FollowerInfo.java:lambda$new$0(51)) - 69eece0b-35aa-4c3f-ae5c-22aaa3245fe4@group-BE313173F156->545840a3-a59e-4544-b748-6e804ee187a8: nextIndex: updateUnconditionally 0 -> 0
2019-09-27 09:23:26,210 [grpc-default-executor-1] WARN  server.GrpcLogAppender (LogUtils.java:warn(134)) - 692a0e7c-3695-46c2-84c2-73657d75aae6@group-498546036227->6dd4b024-258e-4435-a177-4ad68e7047f2-AppendLogResponseHandler: Failed appendEntries: org.apache.ratis.thirdparty.io.grpc.StatusRuntimeException: UNAVAILABLE: io exception
2019-09-27 09:23:26,211 [grpc-default-executor-1] INFO  impl.FollowerInfo (FollowerInfo.java:lambda$new$0(51)) - 692a0e7c-3695-46c2-84c2-73657d75aae6@group-498546036227->6dd4b024-258e-4435-a177-4ad68e7047f2: nextIndex: updateUnconditionally 0 -> 0
2019-09-27 09:23:26,519 [Datanode State Machine Thread - 0] INFO  statemachine.DatanodeStateMachine (DatanodeStateMachine.java:lambda$startDaemon$0(350)) - Ozone container server started.
2019-09-27 09:23:26,706 [grpc-default-executor-5] WARN  server.GrpcLogAppender (LogUtils.java:warn(134)) - 69eece0b-35aa-4c3f-ae5c-22aaa3245fe4@group-BE313173F156->545840a3-a59e-4544-b748-6e804ee187a8-AppendLogResponseHandler: Failed appendEntries: org.apache.ratis.thirdparty.io.grpc.StatusRuntimeException: UNAVAILABLE: io exception
2019-09-27 09:23:26,706 [grpc-default-executor-5] INFO  impl.FollowerInfo (FollowerInfo.java:lambda$new$0(51)) - 69eece0b-35aa-4c3f-ae5c-22aaa3245fe4@group-BE313173F156->545840a3-a59e-4544-b748-6e804ee187a8: nextIndex: updateUnconditionally 0 -> 0
2019-09-27 09:23:26,711 [grpc-default-executor-2] WARN  server.GrpcLogAppender (LogUtils.java:warn(134)) - 692a0e7c-3695-46c2-84c2-73657d75aae6@group-498546036227->6dd4b024-258e-4435-a177-4ad68e7047f2-AppendLogResponseHandler: Failed appendEntries: org.apache.ratis.thirdparty.io.grpc.StatusRuntimeException: UNAVAILABLE: io exception
2019-09-27 09:23:26,711 [grpc-default-executor-2] INFO  impl.FollowerInfo (FollowerInfo.java:lambda$new$0(51)) - 692a0e7c-3695-46c2-84c2-73657d75aae6@group-498546036227->6dd4b024-258e-4435-a177-4ad68e7047f2: nextIndex: updateUnconditionally 0 -> 0
2019-09-27 09:23:27,206 [grpc-default-executor-1] WARN  server.GrpcLogAppender (LogUtils.java:warn(134)) - 69eece0b-35aa-4c3f-ae5c-22aaa3245fe4@group-BE313173F156->545840a3-a59e-4544-b748-6e804ee187a8-AppendLogResponseHandler: Failed appendEntries: org.apache.ratis.thirdparty.io.grpc.StatusRuntimeException: UNAVAILABLE: io exception
2019-09-27 09:23:27,207 [grpc-default-executor-1] INFO  impl.FollowerInfo (FollowerInfo.java:lambda$new$0(51)) - 69eece0b-35aa-4c3f-ae5c-22aaa3245fe4@group-BE313173F156->545840a3-a59e-4544-b748-6e804ee187a8: nextIndex: updateUnconditionally 0 -> 0
2019-09-27 09:23:27,211 [grpc-default-executor-2] WARN  server.GrpcLogAppender (LogUtils.java:warn(134)) - 692a0e7c-3695-46c2-84c2-73657d75aae6@group-498546036227->6dd4b024-258e-4435-a177-4ad68e7047f2-AppendLogResponseHandler: Failed appendEntries: org.apache.ratis.thirdparty.io.grpc.StatusRuntimeException: UNAVAILABLE: io exception
2019-09-27 09:23:27,212 [grpc-default-executor-2] INFO  impl.FollowerInfo (FollowerInfo.java:lambda$new$0(51)) - 692a0e7c-3695-46c2-84c2-73657d75aae6@group-498546036227->6dd4b024-258e-4435-a177-4ad68e7047f2: nextIndex: updateUnconditionally 0 -> 0
2019-09-27 09:23:27,707 [grpc-default-executor-2] WARN  server.GrpcLogAppender (LogUtils.java:warn(134)) - 69eece0b-35aa-4c3f-ae5c-22aaa3245fe4@group-BE313173F156->545840a3-a59e-4544-b748-6e804ee187a8-AppendLogResponseHandler: Failed appendEntries: org.apache.ratis.thirdparty.io.grpc.StatusRuntimeException: UNAVAILABLE: io exception
2019-09-27 09:23:27,707 [grpc-default-executor-2] INFO  impl.FollowerInfo (FollowerInfo.java:lambda$new$0(51)) - 69eece0b-35aa-4c3f-ae5c-22aaa3245fe4@group-BE313173F156->545840a3-a59e-4544-b748-6e804ee187a8: nextIndex: updateUnconditionally 0 -> 0
2019-09-27 09:23:27,711 [grpc-default-executor-1] WARN  server.GrpcLogAppender (LogUtils.java:warn(134)) - 692a0e7c-3695-46c2-84c2-73657d75aae6@group-498546036227->6dd4b024-258e-4435-a177-4ad68e7047f2-AppendLogResponseHandler: Failed appendEntries: org.apache.ratis.thirdparty.io.grpc.StatusRuntimeException: UNAVAILABLE: io exception
2019-09-27 09:23:27,712 [grpc-default-executor-1] INFO  impl.FollowerInfo (FollowerInfo.java:lambda$new$0(51)) - 692a0e7c-3695-46c2-84c2-73657d75aae6@group-498546036227->6dd4b024-258e-4435-a177-4ad68e7047f2: nextIndex: updateUnconditionally 0 -> 0
2019-09-27 09:23:28,207 [grpc-default-executor-5] WARN  server.GrpcLogAppender (LogUtils.java:warn(134)) - 69eece0b-35aa-4c3f-ae5c-22aaa3245fe4@group-BE313173F156->545840a3-a59e-4544-b748-6e804ee187a8-AppendLogResponseHandler: Failed appendEntries: org.apache.ratis.thirdparty.io.grpc.StatusRuntimeException: UNAVAILABLE: io exception
2019-09-27 09:23:28,208 [grpc-default-executor-5] INFO  impl.FollowerInfo (FollowerInfo.java:lambda$new$0(51)) - 69eece0b-35aa-4c3f-ae5c-22aaa3245fe4@group-BE313173F156->545840a3-a59e-4544-b748-6e804ee187a8: nextIndex: updateUnconditionally 0 -> 0
2019-09-27 09:23:28,212 [grpc-default-executor-2] WARN  server.GrpcLogAppender (LogUtils.java:warn(134)) - 692a0e7c-3695-46c2-84c2-73657d75aae6@group-498546036227->6dd4b024-258e-4435-a177-4ad68e7047f2-AppendLogResponseHandler: Failed appendEntries: org.apache.ratis.thirdparty.io.grpc.StatusRuntimeException: UNAVAILABLE: io exception
2019-09-27 09:23:28,213 [grpc-default-executor-2] INFO  impl.FollowerInfo (FollowerInfo.java:lambda$new$0(51)) - 692a0e7c-3695-46c2-84c2-73657d75aae6@group-498546036227->6dd4b024-258e-4435-a177-4ad68e7047f2: nextIndex: updateUnconditionally 0 -> 0
2019-09-27 09:23:28,709 [grpc-default-executor-5] WARN  server.GrpcLogAppender (LogUtils.java:warn(134)) - 69eece0b-35aa-4c3f-ae5c-22aaa3245fe4@group-BE313173F156->545840a3-a59e-4544-b748-6e804ee187a8-AppendLogResponseHandler: Failed appendEntries: org.apache.ratis.thirdparty.io.grpc.StatusRuntimeException: UNAVAILABLE: io exception
2019-09-27 09:23:28,709 [grpc-default-executor-5] INFO  impl.FollowerInfo (FollowerInfo.java:lambda$new$0(51)) - 69eece0b-35aa-4c3f-ae5c-22aaa3245fe4@group-BE313173F156->545840a3-a59e-4544-b748-6e804ee187a8: nextIndex: updateUnconditionally 0 -> 0
2019-09-27 09:23:28,712 [grpc-default-executor-2] WARN  server.GrpcLogAppender (LogUtils.java:warn(134)) - 692a0e7c-3695-46c2-84c2-73657d75aae6@group-498546036227->6dd4b024-258e-4435-a177-4ad68e7047f2-AppendLogResponseHandler: Failed appendEntries: org.apache.ratis.thirdparty.io.grpc.StatusRuntimeException: UNAVAILABLE: io exception
2019-09-27 09:23:28,713 [grpc-default-executor-2] INFO  impl.FollowerInfo (FollowerInfo.java:lambda$new$0(51)) - 692a0e7c-3695-46c2-84c2-73657d75aae6@group-498546036227->6dd4b024-258e-4435-a177-4ad68e7047f2: nextIndex: updateUnconditionally 0 -> 0
2019-09-27 09:23:29,209 [grpc-default-executor-5] WARN  server.GrpcLogAppender (LogUtils.java:warn(134)) - 69eece0b-35aa-4c3f-ae5c-22aaa3245fe4@group-BE313173F156->545840a3-a59e-4544-b748-6e804ee187a8-AppendLogResponseHandler: Failed appendEntries: org.apache.ratis.thirdparty.io.grpc.StatusRuntimeException: UNAVAILABLE: io exception
2019-09-27 09:23:29,209 [grpc-default-executor-5] INFO  impl.FollowerInfo (FollowerInfo.java:lambda$new$0(51)) - 69eece0b-35aa-4c3f-ae5c-22aaa3245fe4@group-BE313173F156->545840a3-a59e-4544-b748-6e804ee187a8: nextIndex: updateUnconditionally 0 -> 0
2019-09-27 09:23:29,213 [grpc-default-executor-1] WARN  server.GrpcLogAppender (LogUtils.java:warn(134)) - 692a0e7c-3695-46c2-84c2-73657d75aae6@group-498546036227->6dd4b024-258e-4435-a177-4ad68e7047f2-AppendLogResponseHandler: Failed appendEntries: org.apache.ratis.thirdparty.io.grpc.StatusRuntimeException: UNAVAILABLE: io exception
2019-09-27 09:23:29,213 [grpc-default-executor-1] INFO  impl.FollowerInfo (FollowerInfo.java:lambda$new$0(51)) - 692a0e7c-3695-46c2-84c2-73657d75aae6@group-498546036227->6dd4b024-258e-4435-a177-4ad68e7047f2: nextIndex: updateUnconditionally 0 -> 0
2019-09-27 09:23:29,709 [grpc-default-executor-5] WARN  server.GrpcLogAppender (LogUtils.java:warn(134)) - 69eece0b-35aa-4c3f-ae5c-22aaa3245fe4@group-BE313173F156->545840a3-a59e-4544-b748-6e804ee187a8-AppendLogResponseHandler: Failed appendEntries: org.apache.ratis.thirdparty.io.grpc.StatusRuntimeException: UNAVAILABLE: io exception
2019-09-27 09:23:29,710 [grpc-default-executor-5] INFO  impl.FollowerInfo (FollowerInfo.java:lambda$new$0(51)) - 69eece0b-35aa-4c3f-ae5c-22aaa3245fe4@group-BE313173F156->545840a3-a59e-4544-b748-6e804ee187a8: nextIndex: updateUnconditionally 0 -> 0
2019-09-27 09:23:29,713 [grpc-default-executor-1] WARN  server.GrpcLogAppender (LogUtils.java:warn(134)) - 692a0e7c-3695-46c2-84c2-73657d75aae6@group-498546036227->6dd4b024-258e-4435-a177-4ad68e7047f2-AppendLogResponseHandler: Failed appendEntries: org.apache.ratis.thirdparty.io.grpc.StatusRuntimeException: UNAVAILABLE: io exception
2019-09-27 09:23:29,714 [grpc-default-executor-1] INFO  impl.FollowerInfo (FollowerInfo.java:lambda$new$0(51)) - 692a0e7c-3695-46c2-84c2-73657d75aae6@group-498546036227->6dd4b024-258e-4435-a177-4ad68e7047f2: nextIndex: updateUnconditionally 0 -> 0
2019-09-27 09:23:30,210 [grpc-default-executor-5] WARN  server.GrpcLogAppender (LogUtils.java:warn(134)) - 69eece0b-35aa-4c3f-ae5c-22aaa3245fe4@group-BE313173F156->545840a3-a59e-4544-b748-6e804ee187a8-AppendLogResponseHandler: Failed appendEntries: org.apache.ratis.thirdparty.io.grpc.StatusRuntimeException: UNAVAILABLE: io exception
2019-09-27 09:23:30,210 [grpc-default-executor-5] INFO  impl.FollowerInfo (FollowerInfo.java:lambda$new$0(51)) - 69eece0b-35aa-4c3f-ae5c-22aaa3245fe4@group-BE313173F156->545840a3-a59e-4544-b748-6e804ee187a8: nextIndex: updateUnconditionally 0 -> 0
2019-09-27 09:23:30,214 [grpc-default-executor-2] WARN  server.GrpcLogAppender (LogUtils.java:warn(134)) - 692a0e7c-3695-46c2-84c2-73657d75aae6@group-498546036227->6dd4b024-258e-4435-a177-4ad68e7047f2-AppendLogResponseHandler: Failed appendEntries: org.apache.ratis.thirdparty.io.grpc.StatusRuntimeException: UNAVAILABLE: io exception
2019-09-27 09:23:30,214 [grpc-default-executor-2] INFO  impl.FollowerInfo (FollowerInfo.java:lambda$new$0(51)) - 692a0e7c-3695-46c2-84c2-73657d75aae6@group-498546036227->6dd4b024-258e-4435-a177-4ad68e7047f2: nextIndex: updateUnconditionally 0 -> 0
2019-09-27 09:23:30,710 [grpc-default-executor-5] WARN  server.GrpcLogAppender (LogUtils.java:warn(134)) - 69eece0b-35aa-4c3f-ae5c-22aaa3245fe4@group-BE313173F156->545840a3-a59e-4544-b748-6e804ee187a8-AppendLogResponseHandler: Failed appendEntries: org.apache.ratis.thirdparty.io.grpc.StatusRuntimeException: UNAVAILABLE: io exception
2019-09-27 09:23:30,711 [grpc-default-executor-5] INFO  impl.FollowerInfo (FollowerInfo.java:lambda$new$0(51)) - 69eece0b-35aa-4c3f-ae5c-22aaa3245fe4@group-BE313173F156->545840a3-a59e-4544-b748-6e804ee187a8: nextIndex: updateUnconditionally 0 -> 0
2019-09-27 09:23:30,714 [grpc-default-executor-2] WARN  server.GrpcLogAppender (LogUtils.java:warn(134)) - 692a0e7c-3695-46c2-84c2-73657d75aae6@group-498546036227->6dd4b024-258e-4435-a177-4ad68e7047f2-AppendLogResponseHandler: Failed appendEntries: org.apache.ratis.thirdparty.io.grpc.StatusRuntimeException: UNAVAILABLE: io exception
2019-09-27 09:23:30,714 [grpc-default-executor-2] INFO  impl.FollowerInfo (FollowerInfo.java:lambda$new$0(51)) - 692a0e7c-3695-46c2-84c2-73657d75aae6@group-498546036227->6dd4b024-258e-4435-a177-4ad68e7047f2: nextIndex: updateUnconditionally 0 -> 0
2019-09-27 09:23:30,869 [ForkJoinPool.commonPool-worker-0] INFO  ozoneimpl.OzoneContainer (OzoneContainer.java:stop(231)) - Attempting to stop container services.
2019-09-27 09:23:30,870 [ForkJoinPool.commonPool-worker-0] INFO  impl.RaftServerProxy (RaftServerProxy.java:lambda$close$4(314)) - 692a0e7c-3695-46c2-84c2-73657d75aae6: close
2019-09-27 09:23:30,870 [main] INFO  ozoneimpl.OzoneContainer (OzoneContainer.java:stop(231)) - Attempting to stop container services.
2019-09-27 09:23:30,870 [ForkJoinPool.commonPool-worker-0] INFO  impl.RaftServerImpl (RaftServerImpl.java:lambda$shutdown$3(251)) - 692a0e7c-3695-46c2-84c2-73657d75aae6@group-F02E2B629727: shutdown
2019-09-27 09:23:30,870 [main] INFO  impl.RaftServerProxy (RaftServerProxy.java:lambda$close$4(314)) - e6683dc0-e787-4f77-a1bd-b29d73bfe0c0: close
2019-09-27 09:23:30,871 [ForkJoinPool.commonPool-worker-0] INFO  util.JmxRegister (JmxRegister.java:unregister(73)) - Successfully un-registered JMX Bean with object name Ratis:service=RaftServer,group=group-F02E2B629727,id=692a0e7c-3695-46c2-84c2-73657d75aae6
2019-09-27 09:23:30,871 [main] INFO  impl.RaftServerImpl (RaftServerImpl.java:lambda$shutdown$3(251)) - e6683dc0-e787-4f77-a1bd-b29d73bfe0c0@group-51FE514263BA: shutdown
2019-09-27 09:23:30,872 [main] INFO  util.JmxRegister (JmxRegister.java:unregister(73)) - Successfully un-registered JMX Bean with object name Ratis:service=RaftServer,group=group-51FE514263BA,id=e6683dc0-e787-4f77-a1bd-b29d73bfe0c0
2019-09-27 09:23:30,872 [main] INFO  impl.RoleInfo (RoleInfo.java:shutdownFollowerState(121)) - e6683dc0-e787-4f77-a1bd-b29d73bfe0c0: shutdown FollowerState
2019-09-27 09:23:30,871 [ForkJoinPool.commonPool-worker-0] INFO  impl.RoleInfo (RoleInfo.java:shutdownLeaderState(104)) - 692a0e7c-3695-46c2-84c2-73657d75aae6: shutdown LeaderState
2019-09-27 09:23:30,873 [Thread-6256] INFO  impl.FollowerState (FollowerState.java:run(115)) - e6683dc0-e787-4f77-a1bd-b29d73bfe0c0: FollowerState was interrupted: java.lang.InterruptedException: sleep interrupted
2019-09-27 09:23:30,872 [main] INFO  impl.StateMachineUpdater (StateMachineUpdater.java:stopAndJoin(125)) - e6683dc0-e787-4f77-a1bd-b29d73bfe0c0@group-51FE514263BA-StateMachineUpdater: set stopIndex = 0
2019-09-27 09:23:30,873 [main] INFO  impl.RaftServerImpl (ServerState.java:close(385)) - e6683dc0-e787-4f77-a1bd-b29d73bfe0c0@group-51FE514263BA: closes. applyIndex: 0
2019-09-27 09:23:30,873 [ForkJoinPool.commonPool-worker-0] INFO  impl.PendingRequests (PendingRequests.java:sendNotLeaderResponses(202)) - 692a0e7c-3695-46c2-84c2-73657d75aae6-PendingRequests: sendNotLeaderResponses
2019-09-27 09:23:30,874 [e6683dc0-e787-4f77-a1bd-b29d73bfe0c0@group-51FE514263BA-SegmentedRaftLogWorker] INFO  segmented.SegmentedRaftLogWorker (SegmentedRaftLogWorker.java:run(313)) - e6683dc0-e787-4f77-a1bd-b29d73bfe0c0@group-51FE514263BA-SegmentedRaftLogWorker was interrupted, exiting. There are 0 tasks remaining in the queue.
2019-09-27 09:23:30,874 [ForkJoinPool.commonPool-worker-0] INFO  impl.StateMachineUpdater (StateMachineUpdater.java:stopAndJoin(125)) - 692a0e7c-3695-46c2-84c2-73657d75aae6@group-F02E2B629727-StateMachineUpdater: set stopIndex = 0
2019-09-27 09:23:30,878 [main] INFO  segmented.SegmentedRaftLogWorker (SegmentedRaftLogWorker.java:close(228)) - e6683dc0-e787-4f77-a1bd-b29d73bfe0c0@group-51FE514263BA-SegmentedRaftLogWorker close()
2019-09-27 09:23:30,878 [ForkJoinPool.commonPool-worker-0] INFO  impl.RaftServerImpl (ServerState.java:close(385)) - 692a0e7c-3695-46c2-84c2-73657d75aae6@group-F02E2B629727: closes. applyIndex: 0
2019-09-27 09:23:30,881 [main] INFO  impl.RaftServerImpl (RaftServerImpl.java:lambda$shutdown$3(251)) - e6683dc0-e787-4f77-a1bd-b29d73bfe0c0@group-D320C678A4A8: shutdown
2019-09-27 09:23:30,881 [692a0e7c-3695-46c2-84c2-73657d75aae6@group-F02E2B629727-SegmentedRaftLogWorker] INFO  segmented.SegmentedRaftLogWorker (SegmentedRaftLogWorker.java:run(313)) - 692a0e7c-3695-46c2-84c2-73657d75aae6@group-F02E2B629727-SegmentedRaftLogWorker was interrupted, exiting. There are 0 tasks remaining in the queue.
2019-09-27 09:23:30,881 [main] INFO  util.JmxRegister (JmxRegister.java:unregister(73)) - Successfully un-registered JMX Bean with object name Ratis:service=RaftServer,group=group-D320C678A4A8,id=e6683dc0-e787-4f77-a1bd-b29d73bfe0c0
2019-09-27 09:23:30,884 [ForkJoinPool.commonPool-worker-0] INFO  segmented.SegmentedRaftLogWorker (SegmentedRaftLogWorker.java:close(228)) - 692a0e7c-3695-46c2-84c2-73657d75aae6@group-F02E2B629727-SegmentedRaftLogWorker close()
2019-09-27 09:23:30,884 [main] INFO  impl.RoleInfo (RoleInfo.java:shutdownLeaderState(104)) - e6683dc0-e787-4f77-a1bd-b29d73bfe0c0: shutdown LeaderState
2019-09-27 09:23:30,886 [ForkJoinPool.commonPool-worker-0] INFO  impl.RaftServerImpl (RaftServerImpl.java:lambda$shutdown$3(251)) - 692a0e7c-3695-46c2-84c2-73657d75aae6@group-498546036227: shutdown
2019-09-27 09:23:30,887 [main] INFO  impl.PendingRequests (PendingRequests.java:sendNotLeaderResponses(202)) - e6683dc0-e787-4f77-a1bd-b29d73bfe0c0-PendingRequests: sendNotLeaderResponses
2019-09-27 09:23:30,887 [ForkJoinPool.commonPool-worker-0] INFO  util.JmxRegister (JmxRegister.java:unregister(73)) - Successfully un-registered JMX Bean with object name Ratis:service=RaftServer,group=group-498546036227,id=692a0e7c-3695-46c2-84c2-73657d75aae6
2019-09-27 09:23:30,888 [main] INFO  impl.StateMachineUpdater (StateMachineUpdater.java:stopAndJoin(125)) - e6683dc0-e787-4f77-a1bd-b29d73bfe0c0@group-D320C678A4A8-StateMachineUpdater: set stopIndex = 0
2019-09-27 09:23:30,888 [ForkJoinPool.commonPool-worker-0] INFO  impl.RoleInfo (RoleInfo.java:shutdownLeaderState(104)) - 692a0e7c-3695-46c2-84c2-73657d75aae6: shutdown LeaderState
2019-09-27 09:23:30,888 [main] INFO  impl.RaftServerImpl (ServerState.java:close(385)) - e6683dc0-e787-4f77-a1bd-b29d73bfe0c0@group-D320C678A4A8: closes. applyIndex: 0
2019-09-27 09:23:30,893 [org.apache.ratis.server.impl.LogAppender$AppenderDaemon$$Lambda$400/247186050@51e404fb] WARN  server.GrpcLogAppender (GrpcLogAppender.java:mayWait(143)) - 692a0e7c-3695-46c2-84c2-73657d75aae6@group-498546036227->cbebfacb-c89d-4e0c-ae63-1a234181ea6b-GrpcLogAppender: Wait interrupted by java.lang.InterruptedException
2019-09-27 09:23:30,893 [org.apache.ratis.server.impl.LogAppender$AppenderDaemon$$Lambda$400/247186050@3888f0df] WARN  server.GrpcLogAppender (GrpcLogAppender.java:mayWait(143)) - 692a0e7c-3695-46c2-84c2-73657d75aae6@group-498546036227->6dd4b024-258e-4435-a177-4ad68e7047f2-GrpcLogAppender: Wait interrupted by java.lang.InterruptedException
2019-09-27 09:23:30,893 [ForkJoinPool.commonPool-worker-0] INFO  impl.PendingRequests (PendingRequests.java:sendNotLeaderResponses(202)) - 692a0e7c-3695-46c2-84c2-73657d75aae6-PendingRequests: sendNotLeaderResponses
2019-09-27 09:23:30,894 [e6683dc0-e787-4f77-a1bd-b29d73bfe0c0@group-D320C678A4A8-SegmentedRaftLogWorker] INFO  segmented.SegmentedRaftLogWorker (SegmentedRaftLogWorker.java:run(313)) - e6683dc0-e787-4f77-a1bd-b29d73bfe0c0@group-D320C678A4A8-SegmentedRaftLogWorker was interrupted, exiting. There are 0 tasks remaining in the queue.
2019-09-27 09:23:30,894 [grpc-default-executor-1] INFO  server.GrpcServerProtocolService (GrpcServerProtocolService.java:onCompleted(113)) - cbebfacb-c89d-4e0c-ae63-1a234181ea6b: Completed APPEND_ENTRIES, lastRequest: 692a0e7c-3695-46c2-84c2-73657d75aae6->cbebfacb-c89d-4e0c-ae63-1a234181ea6b#240-t1, previous=(t:1, i:0), leaderCommit=0, initializing? false, entries: <empty>
2019-09-27 09:23:30,897 [main] INFO  segmented.SegmentedRaftLogWorker (SegmentedRaftLogWorker.java:close(228)) - e6683dc0-e787-4f77-a1bd-b29d73bfe0c0@group-D320C678A4A8-SegmentedRaftLogWorker close()
2019-09-27 09:23:30,894 [ForkJoinPool.commonPool-worker-0] INFO  impl.StateMachineUpdater (StateMachineUpdater.java:stopAndJoin(125)) - 692a0e7c-3695-46c2-84c2-73657d75aae6@group-498546036227-StateMachineUpdater: set stopIndex = 0
2019-09-27 09:23:30,900 [grpc-default-executor-1] INFO  server.GrpcLogAppender (GrpcLogAppender.java:onCompleted(293)) - 692a0e7c-3695-46c2-84c2-73657d75aae6@group-498546036227->cbebfacb-c89d-4e0c-ae63-1a234181ea6b-AppendLogResponseHandler: follower responses appendEntries COMPLETED
2019-09-27 09:23:30,900 [main] INFO  server.GrpcService (GrpcService.java:closeImpl(164)) - e6683dc0-e787-4f77-a1bd-b29d73bfe0c0: shutdown server with port 34419 now
2019-09-27 09:23:30,900 [grpc-default-executor-1] INFO  impl.FollowerInfo (FollowerInfo.java:lambda$new$0(51)) - 692a0e7c-3695-46c2-84c2-73657d75aae6@group-498546036227->cbebfacb-c89d-4e0c-ae63-1a234181ea6b: nextIndex: updateUnconditionally 1 -> 0
2019-09-27 09:23:30,900 [ForkJoinPool.commonPool-worker-0] INFO  impl.RaftServerImpl (ServerState.java:close(385)) - 692a0e7c-3695-46c2-84c2-73657d75aae6@group-498546036227: closes. applyIndex: 0
2019-09-27 09:23:30,901 [grpc-default-executor-5] WARN  server.GrpcLogAppender (LogUtils.java:warn(134)) - 161d0b6c-bb81-43fa-8578-505f63e7c46b@group-51FE514263BA->e6683dc0-e787-4f77-a1bd-b29d73bfe0c0-AppendLogResponseHandler: Failed appendEntries: org.apache.ratis.thirdparty.io.grpc.StatusRuntimeException: CANCELLED: HTTP/2 error code: CANCEL
Received Rst Stream
2019-09-27 09:23:30,901 [main] INFO  server.GrpcService (GrpcService.java:closeImpl(172)) - e6683dc0-e787-4f77-a1bd-b29d73bfe0c0: shutdown server with port 34419 successfully
2019-09-27 09:23:30,901 [grpc-default-executor-2] WARN  server.GrpcServerProtocolService (LogUtils.java:warn(134)) - e6683dc0-e787-4f77-a1bd-b29d73bfe0c0: installSnapshot onError, lastRequest: 161d0b6c-bb81-43fa-8578-505f63e7c46b->e6683dc0-e787-4f77-a1bd-b29d73bfe0c0#240-t1, previous=(t:1, i:0), leaderCommit=0, initializing? false, entries: <empty>: org.apache.ratis.thirdparty.io.grpc.StatusRuntimeException: CANCELLED: cancelled before receiving half close
2019-09-27 09:23:30,901 [grpc-default-executor-5] INFO  impl.FollowerInfo (FollowerInfo.java:lambda$new$0(51)) - 161d0b6c-bb81-43fa-8578-505f63e7c46b@group-51FE514263BA->e6683dc0-e787-4f77-a1bd-b29d73bfe0c0: nextIndex: updateUnconditionally 1 -> 0
2019-09-27 09:23:30,901 [692a0e7c-3695-46c2-84c2-73657d75aae6@group-498546036227-SegmentedRaftLogWorker] INFO  segmented.SegmentedRaftLogWorker (SegmentedRaftLogWorker.java:run(313)) - 692a0e7c-3695-46c2-84c2-73657d75aae6@group-498546036227-SegmentedRaftLogWorker was interrupted, exiting. There are 0 tasks remaining in the queue.
2019-09-27 09:23:30,906 [ForkJoinPool.commonPool-worker-0] INFO  segmented.SegmentedRaftLogWorker (SegmentedRaftLogWorker.java:close(228)) - 692a0e7c-3695-46c2-84c2-73657d75aae6@group-498546036227-SegmentedRaftLogWorker close()
2019-09-27 09:23:30,909 [ForkJoinPool.commonPool-worker-0] INFO  server.GrpcService (GrpcService.java:closeImpl(164)) - 692a0e7c-3695-46c2-84c2-73657d75aae6: shutdown server with port 36657 now
2019-09-27 09:23:30,909 [ForkJoinPool.commonPool-worker-0] INFO  server.GrpcService (GrpcService.java:closeImpl(172)) - 692a0e7c-3695-46c2-84c2-73657d75aae6: shutdown server with port 36657 successfully
2019-09-27 09:23:30,910 [refreshUsed-/workdir/hadoop-ozone/integration-test/target/test-dir/MiniOzoneClusterImpl-68e31327-6f0a-47ff-9789-fe3f4972a3d5/datanode-6/data/containers] WARN  fs.CachingGetSpaceUsed (CachingGetSpaceUsed.java:run(183)) - Thread Interrupted waiting to refresh disk information: sleep interrupted
2019-09-27 09:23:30,912 [refreshUsed-/workdir/hadoop-ozone/integration-test/target/test-dir/MiniOzoneClusterImpl-68e31327-6f0a-47ff-9789-fe3f4972a3d5/datanode-3/data/containers] WARN  fs.CachingGetSpaceUsed (CachingGetSpaceUsed.java:run(183)) - Thread Interrupted waiting to refresh disk information: sleep interrupted
2019-09-27 09:23:30,926 [main] INFO  utils.BackgroundService (BackgroundService.java:shutdown(148)) - Shutting down service BlockDeletingService
2019-09-27 09:23:30,933 [main] INFO  statemachine.DatanodeStateMachine (DatanodeStateMachine.java:stopDaemon(395)) - Ozone container server stopped.
2019-09-27 09:23:30,934 [main] INFO  handler.ContextHandler (ContextHandler.java:doStop(910)) - Stopped o.e.j.w.WebAppContext@102c18e{/,null,UNAVAILABLE}{/hddsDatanode}
2019-09-27 09:23:30,935 [main] INFO  server.AbstractConnector (AbstractConnector.java:doStop(318)) - Stopped ServerConnector@26e0d39c{HTTP/1.1,[http/1.1]}{0.0.0.0:0}
2019-09-27 09:23:30,935 [main] INFO  handler.ContextHandler (ContextHandler.java:doStop(910)) - Stopped o.e.j.s.ServletContextHandler@56a4abd0{/static,jar:file:/home/user/.m2/repository/org/apache/hadoop/hadoop-hdds-container-service/0.5.0-SNAPSHOT/hadoop-hdds-container-service-0.5.0-SNAPSHOT.jar!/webapps/static,UNAVAILABLE}
2019-09-27 09:23:30,936 [main] INFO  handler.ContextHandler (ContextHandler.java:doStop(910)) - Stopped o.e.j.s.ServletContextHandler@33d7765a{/logs,file:///workdir/hadoop-ozone/integration-test/target/log,UNAVAILABLE}
2019-09-27 09:23:30,936 [ForkJoinPool.commonPool-worker-0] INFO  utils.BackgroundService (BackgroundService.java:shutdown(148)) - Shutting down service BlockDeletingService
2019-09-27 09:23:30,942 [ForkJoinPool.commonPool-worker-0] INFO  statemachine.DatanodeStateMachine (DatanodeStateMachine.java:stopDaemon(395)) - Ozone container server stopped.
2019-09-27 09:23:30,948 [ForkJoinPool.commonPool-worker-0] INFO  handler.ContextHandler (ContextHandler.java:doStop(910)) - Stopped o.e.j.w.WebAppContext@101cf747{/,null,UNAVAILABLE}{/hddsDatanode}
2019-09-27 09:23:30,948 [ForkJoinPool.commonPool-worker-0] INFO  server.AbstractConnector (AbstractConnector.java:doStop(318)) - Stopped ServerConnector@790d8fdd{HTTP/1.1,[http/1.1]}{0.0.0.0:0}
2019-09-27 09:23:30,957 [ForkJoinPool.commonPool-worker-0] INFO  handler.ContextHandler (ContextHandler.java:doStop(910)) - Stopped o.e.j.s.ServletContextHandler@d5e575c{/static,jar:file:/home/user/.m2/repository/org/apache/hadoop/hadoop-hdds-container-service/0.5.0-SNAPSHOT/hadoop-hdds-container-service-0.5.0-SNAPSHOT.jar!/webapps/static,UNAVAILABLE}
2019-09-27 09:23:30,958 [ForkJoinPool.commonPool-worker-0] INFO  handler.ContextHandler (ContextHandler.java:doStop(910)) - Stopped o.e.j.s.ServletContextHandler@2fc49538{/logs,file:///workdir/hadoop-ozone/integration-test/target/log,UNAVAILABLE}
2019-09-27 09:23:31,124 [Datanode State Machine Thread - 0] INFO  statemachine.DatanodeStateMachine (DatanodeStateMachine.java:lambda$startDaemon$0(350)) - Ozone container server started.
2019-09-27 09:23:31,211 [grpc-default-executor-2] WARN  server.GrpcLogAppender (LogUtils.java:warn(134)) - 69eece0b-35aa-4c3f-ae5c-22aaa3245fe4@group-BE313173F156->545840a3-a59e-4544-b748-6e804ee187a8-AppendLogResponseHandler: Failed appendEntries: org.apache.ratis.thirdparty.io.grpc.StatusRuntimeException: UNAVAILABLE: io exception
2019-09-27 09:23:31,211 [grpc-default-executor-2] INFO  impl.FollowerInfo (FollowerInfo.java:lambda$new$0(51)) - 69eece0b-35aa-4c3f-ae5c-22aaa3245fe4@group-BE313173F156->545840a3-a59e-4544-b748-6e804ee187a8: nextIndex: updateUnconditionally 0 -> 0
2019-09-27 09:23:31,262 [grpc-default-executor-1] WARN  server.GrpcLogAppender (LogUtils.java:warn(134)) - 161d0b6c-bb81-43fa-8578-505f63e7c46b@group-51FE514263BA->e6683dc0-e787-4f77-a1bd-b29d73bfe0c0-AppendLogResponseHandler: Failed appendEntries: org.apache.ratis.thirdparty.io.grpc.StatusRuntimeException: UNAVAILABLE: io exception
2019-09-27 09:23:31,262 [grpc-default-executor-1] INFO  impl.FollowerInfo (FollowerInfo.java:lambda$new$0(51)) - 161d0b6c-bb81-43fa-8578-505f63e7c46b@group-51FE514263BA->e6683dc0-e787-4f77-a1bd-b29d73bfe0c0: nextIndex: updateUnconditionally 0 -> 0
2019-09-27 09:23:31,520 [Datanode State Machine Thread - 0] INFO  statemachine.DatanodeStateMachine (DatanodeStateMachine.java:lambda$startDaemon$0(350)) - Ozone container server started.
2019-09-27 09:23:31,712 [grpc-default-executor-1] WARN  server.GrpcLogAppender (LogUtils.java:warn(134)) - 69eece0b-35aa-4c3f-ae5c-22aaa3245fe4@group-BE313173F156->545840a3-a59e-4544-b748-6e804ee187a8-AppendLogResponseHandler: Failed appendEntries: org.apache.ratis.thirdparty.io.grpc.StatusRuntimeException: UNAVAILABLE: io exception
2019-09-27 09:23:31,712 [grpc-default-executor-1] INFO  impl.FollowerInfo (FollowerInfo.java:lambda$new$0(51)) - 69eece0b-35aa-4c3f-ae5c-22aaa3245fe4@group-BE313173F156->545840a3-a59e-4544-b748-6e804ee187a8: nextIndex: updateUnconditionally 0 -> 0
2019-09-27 09:23:31,762 [grpc-default-executor-1] WARN  server.GrpcLogAppender (LogUtils.java:warn(134)) - 161d0b6c-bb81-43fa-8578-505f63e7c46b@group-51FE514263BA->e6683dc0-e787-4f77-a1bd-b29d73bfe0c0-AppendLogResponseHandler: Failed appendEntries: org.apache.ratis.thirdparty.io.grpc.StatusRuntimeException: UNAVAILABLE: io exception
2019-09-27 09:23:31,763 [grpc-default-executor-1] INFO  impl.FollowerInfo (FollowerInfo.java:lambda$new$0(51)) - 161d0b6c-bb81-43fa-8578-505f63e7c46b@group-51FE514263BA->e6683dc0-e787-4f77-a1bd-b29d73bfe0c0: nextIndex: updateUnconditionally 0 -> 0
2019-09-27 09:23:32,132 [Thread-6215] INFO  impl.FollowerState (FollowerState.java:run(106)) - cbebfacb-c89d-4e0c-ae63-1a234181ea6b:group-498546036227 changes to CANDIDATE, lastRpcTime:1513, electionTimeout:1164ms
2019-09-27 09:23:32,133 [Thread-6215] INFO  impl.RoleInfo (RoleInfo.java:shutdownFollowerState(121)) - cbebfacb-c89d-4e0c-ae63-1a234181ea6b: shutdown FollowerState
2019-09-27 09:23:32,133 [Thread-6215] INFO  impl.RaftServerImpl (RaftServerImpl.java:setRole(174)) - cbebfacb-c89d-4e0c-ae63-1a234181ea6b@group-498546036227: changes role from  FOLLOWER to CANDIDATE at term 1 for changeToCandidate
2019-09-27 09:23:32,133 [Thread-6215] INFO  impl.RoleInfo (RoleInfo.java:updateAndGet(143)) - cbebfacb-c89d-4e0c-ae63-1a234181ea6b: start LeaderElection
2019-09-27 09:23:32,134 [cbebfacb-c89d-4e0c-ae63-1a234181ea6b@group-498546036227:LeaderElection110] INFO  impl.RaftServerImpl (ServerState.java:setLeader(253)) - cbebfacb-c89d-4e0c-ae63-1a234181ea6b@group-498546036227: change Leader from 692a0e7c-3695-46c2-84c2-73657d75aae6 to null at term 1 for initElection
2019-09-27 09:23:32,148 [cbebfacb-c89d-4e0c-ae63-1a234181ea6b@group-498546036227:LeaderElection110] INFO  impl.LeaderElection (LeaderElection.java:askForVotes(182)) - cbebfacb-c89d-4e0c-ae63-1a234181ea6b@group-498546036227:LeaderElection110: begin an election at term 2 for 0: [cbebfacb-c89d-4e0c-ae63-1a234181ea6b:192.168.151.103:37470, 6dd4b024-258e-4435-a177-4ad68e7047f2:192.168.151.103:45014, 692a0e7c-3695-46c2-84c2-73657d75aae6:192.168.151.103:36657], old=null
2019-09-27 09:23:32,151 [cbebfacb-c89d-4e0c-ae63-1a234181ea6b@group-498546036227:LeaderElection110] INFO  impl.LeaderElection (LogUtils.java:infoOrTrace(149)) - cbebfacb-c89d-4e0c-ae63-1a234181ea6b@group-498546036227:LeaderElection110 got exception when requesting votes: {}
java.util.concurrent.ExecutionException: org.apache.ratis.thirdparty.io.grpc.StatusRuntimeException: UNAVAILABLE: io exception
	at java.util.concurrent.FutureTask.report(FutureTask.java:122)
	at java.util.concurrent.FutureTask.get(FutureTask.java:192)
	at org.apache.ratis.server.impl.LeaderElection.waitForResults(LeaderElection.java:263)
	at org.apache.ratis.server.impl.LeaderElection.askForVotes(LeaderElection.java:201)
	at org.apache.ratis.server.impl.LeaderElection.run(LeaderElection.java:133)
	at java.lang.Thread.run(Thread.java:748)
Caused by: org.apache.ratis.thirdparty.io.grpc.StatusRuntimeException: UNAVAILABLE: io exception
	at org.apache.ratis.thirdparty.io.grpc.stub.ClientCalls.toStatusRuntimeException(ClientCalls.java:233)
	at org.apache.ratis.thirdparty.io.grpc.stub.ClientCalls.getUnchecked(ClientCalls.java:214)
	at org.apache.ratis.thirdparty.io.grpc.stub.ClientCalls.blockingUnaryCall(ClientCalls.java:139)
	at org.apache.ratis.proto.grpc.RaftServerProtocolServiceGrpc$RaftServerProtocolServiceBlockingStub.requestVote(RaftServerProtocolServiceGrpc.java:265)
	at org.apache.ratis.grpc.server.GrpcServerProtocolClient.requestVote(GrpcServerProtocolClient.java:90)
	at org.apache.ratis.grpc.server.GrpcService.requestVote(GrpcService.java:204)
	at org.apache.ratis.server.impl.LeaderElection.lambda$submitRequests$1(LeaderElection.java:238)
	at java.util.concurrent.FutureTask.run(FutureTask.java:266)
	at java.util.concurrent.Executors$RunnableAdapter.call(Executors.java:511)
	at java.util.concurrent.FutureTask.run(FutureTask.java:266)
	at java.util.concurrent.ThreadPoolExecutor.runWorker(ThreadPoolExecutor.java:1149)
	at java.util.concurrent.ThreadPoolExecutor$Worker.run(ThreadPoolExecutor.java:624)
	... 1 more
Caused by: org.apache.ratis.thirdparty.io.netty.channel.AbstractChannel$AnnotatedConnectException: Connection refused: /192.168.151.103:45014
	at sun.nio.ch.SocketChannelImpl.checkConnect(Native Method)
	at sun.nio.ch.SocketChannelImpl.finishConnect(SocketChannelImpl.java:717)
	at org.apache.ratis.thirdparty.io.netty.channel.socket.nio.NioSocketChannel.doFinishConnect(NioSocketChannel.java:327)
	at org.apache.ratis.thirdparty.io.netty.channel.nio.AbstractNioChannel$AbstractNioUnsafe.finishConnect(AbstractNioChannel.java:340)
	at org.apache.ratis.thirdparty.io.netty.channel.nio.NioEventLoop.processSelectedKey(NioEventLoop.java:632)
	at org.apache.ratis.thirdparty.io.netty.channel.nio.NioEventLoop.processSelectedKeysOptimized(NioEventLoop.java:579)
	at org.apache.ratis.thirdparty.io.netty.channel.nio.NioEventLoop.processSelectedKeys(NioEventLoop.java:496)
	at org.apache.ratis.thirdparty.io.netty.channel.nio.NioEventLoop.run(NioEventLoop.java:458)
	at org.apache.ratis.thirdparty.io.netty.util.concurrent.SingleThreadEventExecutor$5.run(SingleThreadEventExecutor.java:897)
	at org.apache.ratis.thirdparty.io.netty.util.concurrent.FastThreadLocalRunnable.run(FastThreadLocalRunnable.java:30)
	... 1 more
Caused by: java.net.ConnectException: Connection refused
	... 11 more
2019-09-27 09:23:32,155 [cbebfacb-c89d-4e0c-ae63-1a234181ea6b@group-498546036227:LeaderElection110] INFO  impl.LeaderElection (LogUtils.java:infoOrTrace(149)) - cbebfacb-c89d-4e0c-ae63-1a234181ea6b@group-498546036227:LeaderElection110 got exception when requesting votes: {}
java.util.concurrent.ExecutionException: org.apache.ratis.thirdparty.io.grpc.StatusRuntimeException: UNAVAILABLE: io exception
	at java.util.concurrent.FutureTask.report(FutureTask.java:122)
	at java.util.concurrent.FutureTask.get(FutureTask.java:192)
	at org.apache.ratis.server.impl.LeaderElection.waitForResults(LeaderElection.java:263)
	at org.apache.ratis.server.impl.LeaderElection.askForVotes(LeaderElection.java:201)
	at org.apache.ratis.server.impl.LeaderElection.run(LeaderElection.java:133)
	at java.lang.Thread.run(Thread.java:748)
Caused by: org.apache.ratis.thirdparty.io.grpc.StatusRuntimeException: UNAVAILABLE: io exception
	at org.apache.ratis.thirdparty.io.grpc.stub.ClientCalls.toStatusRuntimeException(ClientCalls.java:233)
	at org.apache.ratis.thirdparty.io.grpc.stub.ClientCalls.getUnchecked(ClientCalls.java:214)
	at org.apache.ratis.thirdparty.io.grpc.stub.ClientCalls.blockingUnaryCall(ClientCalls.java:139)
	at org.apache.ratis.proto.grpc.RaftServerProtocolServiceGrpc$RaftServerProtocolServiceBlockingStub.requestVote(RaftServerProtocolServiceGrpc.java:265)
	at org.apache.ratis.grpc.server.GrpcServerProtocolClient.requestVote(GrpcServerProtocolClient.java:90)
	at org.apache.ratis.grpc.server.GrpcService.requestVote(GrpcService.java:204)
	at org.apache.ratis.server.impl.LeaderElection.lambda$submitRequests$1(LeaderElection.java:238)
	at java.util.concurrent.FutureTask.run(FutureTask.java:266)
	at java.util.concurrent.Executors$RunnableAdapter.call(Executors.java:511)
	at java.util.concurrent.FutureTask.run(FutureTask.java:266)
	at java.util.concurrent.ThreadPoolExecutor.runWorker(ThreadPoolExecutor.java:1149)
	at java.util.concurrent.ThreadPoolExecutor$Worker.run(ThreadPoolExecutor.java:624)
	... 1 more
Caused by: org.apache.ratis.thirdparty.io.netty.channel.AbstractChannel$AnnotatedConnectException: Connection refused: /192.168.151.103:36657
	at sun.nio.ch.SocketChannelImpl.checkConnect(Native Method)
	at sun.nio.ch.SocketChannelImpl.finishConnect(SocketChannelImpl.java:717)
	at org.apache.ratis.thirdparty.io.netty.channel.socket.nio.NioSocketChannel.doFinishConnect(NioSocketChannel.java:327)
	at org.apache.ratis.thirdparty.io.netty.channel.nio.AbstractNioChannel$AbstractNioUnsafe.finishConnect(AbstractNioChannel.java:340)
	at org.apache.ratis.thirdparty.io.netty.channel.nio.NioEventLoop.processSelectedKey(NioEventLoop.java:632)
	at org.apache.ratis.thirdparty.io.netty.channel.nio.NioEventLoop.processSelectedKeysOptimized(NioEventLoop.java:579)
	at org.apache.ratis.thirdparty.io.netty.channel.nio.NioEventLoop.processSelectedKeys(NioEventLoop.java:496)
	at org.apache.ratis.thirdparty.io.netty.channel.nio.NioEventLoop.run(NioEventLoop.java:458)
	at org.apache.ratis.thirdparty.io.netty.util.concurrent.SingleThreadEventExecutor$5.run(SingleThreadEventExecutor.java:897)
	at org.apache.ratis.thirdparty.io.netty.util.concurrent.FastThreadLocalRunnable.run(FastThreadLocalRunnable.java:30)
	... 1 more
Caused by: java.net.ConnectException: Connection refused
	... 11 more
2019-09-27 09:23:32,158 [cbebfacb-c89d-4e0c-ae63-1a234181ea6b@group-498546036227:LeaderElection110] INFO  impl.LeaderElection (LeaderElection.java:logAndReturn(56)) - cbebfacb-c89d-4e0c-ae63-1a234181ea6b@group-498546036227:LeaderElection110: Election REJECTED; received 0 response(s) [] and 2 exception(s); cbebfacb-c89d-4e0c-ae63-1a234181ea6b@group-498546036227:t2, leader=null, voted=cbebfacb-c89d-4e0c-ae63-1a234181ea6b, raftlog=cbebfacb-c89d-4e0c-ae63-1a234181ea6b@group-498546036227-SegmentedRaftLog:OPENED:c0,f0,i0, conf=0: [cbebfacb-c89d-4e0c-ae63-1a234181ea6b:192.168.151.103:37470, 6dd4b024-258e-4435-a177-4ad68e7047f2:192.168.151.103:45014, 692a0e7c-3695-46c2-84c2-73657d75aae6:192.168.151.103:36657], old=null
2019-09-27 09:23:32,158 [cbebfacb-c89d-4e0c-ae63-1a234181ea6b@group-498546036227:LeaderElection110] INFO  impl.LeaderElection (LogUtils.java:infoOrTrace(149)) -   Exception 0: {}
java.util.concurrent.ExecutionException: org.apache.ratis.thirdparty.io.grpc.StatusRuntimeException: UNAVAILABLE: io exception
	at java.util.concurrent.FutureTask.report(FutureTask.java:122)
	at java.util.concurrent.FutureTask.get(FutureTask.java:192)
	at org.apache.ratis.server.impl.LeaderElection.waitForResults(LeaderElection.java:263)
	at org.apache.ratis.server.impl.LeaderElection.askForVotes(LeaderElection.java:201)
	at org.apache.ratis.server.impl.LeaderElection.run(LeaderElection.java:133)
	at java.lang.Thread.run(Thread.java:748)
Caused by: org.apache.ratis.thirdparty.io.grpc.StatusRuntimeException: UNAVAILABLE: io exception
	at org.apache.ratis.thirdparty.io.grpc.stub.ClientCalls.toStatusRuntimeException(ClientCalls.java:233)
	at org.apache.ratis.thirdparty.io.grpc.stub.ClientCalls.getUnchecked(ClientCalls.java:214)
	at org.apache.ratis.thirdparty.io.grpc.stub.ClientCalls.blockingUnaryCall(ClientCalls.java:139)
	at org.apache.ratis.proto.grpc.RaftServerProtocolServiceGrpc$RaftServerProtocolServiceBlockingStub.requestVote(RaftServerProtocolServiceGrpc.java:265)
	at org.apache.ratis.grpc.server.GrpcServerProtocolClient.requestVote(GrpcServerProtocolClient.java:90)
	at org.apache.ratis.grpc.server.GrpcService.requestVote(GrpcService.java:204)
	at org.apache.ratis.server.impl.LeaderElection.lambda$submitRequests$1(LeaderElection.java:238)
	at java.util.concurrent.FutureTask.run(FutureTask.java:266)
	at java.util.concurrent.Executors$RunnableAdapter.call(Executors.java:511)
	at java.util.concurrent.FutureTask.run(FutureTask.java:266)
	at java.util.concurrent.ThreadPoolExecutor.runWorker(ThreadPoolExecutor.java:1149)
	at java.util.concurrent.ThreadPoolExecutor$Worker.run(ThreadPoolExecutor.java:624)
	... 1 more
Caused by: org.apache.ratis.thirdparty.io.netty.channel.AbstractChannel$AnnotatedConnectException: Connection refused: /192.168.151.103:45014
	at sun.nio.ch.SocketChannelImpl.checkConnect(Native Method)
	at sun.nio.ch.SocketChannelImpl.finishConnect(SocketChannelImpl.java:717)
	at org.apache.ratis.thirdparty.io.netty.channel.socket.nio.NioSocketChannel.doFinishConnect(NioSocketChannel.java:327)
	at org.apache.ratis.thirdparty.io.netty.channel.nio.AbstractNioChannel$AbstractNioUnsafe.finishConnect(AbstractNioChannel.java:340)
	at org.apache.ratis.thirdparty.io.netty.channel.nio.NioEventLoop.processSelectedKey(NioEventLoop.java:632)
	at org.apache.ratis.thirdparty.io.netty.channel.nio.NioEventLoop.processSelectedKeysOptimized(NioEventLoop.java:579)
	at org.apache.ratis.thirdparty.io.netty.channel.nio.NioEventLoop.processSelectedKeys(NioEventLoop.java:496)
	at org.apache.ratis.thirdparty.io.netty.channel.nio.NioEventLoop.run(NioEventLoop.java:458)
	at org.apache.ratis.thirdparty.io.netty.util.concurrent.SingleThreadEventExecutor$5.run(SingleThreadEventExecutor.java:897)
	at org.apache.ratis.thirdparty.io.netty.util.concurrent.FastThreadLocalRunnable.run(FastThreadLocalRunnable.java:30)
	... 1 more
Caused by: java.net.ConnectException: Connection refused
	... 11 more
2019-09-27 09:23:32,158 [cbebfacb-c89d-4e0c-ae63-1a234181ea6b@group-498546036227:LeaderElection110] INFO  impl.LeaderElection (LogUtils.java:infoOrTrace(149)) -   Exception 1: {}
java.util.concurrent.ExecutionException: org.apache.ratis.thirdparty.io.grpc.StatusRuntimeException: UNAVAILABLE: io exception
	at java.util.concurrent.FutureTask.report(FutureTask.java:122)
	at java.util.concurrent.FutureTask.get(FutureTask.java:192)
	at org.apache.ratis.server.impl.LeaderElection.waitForResults(LeaderElection.java:263)
	at org.apache.ratis.server.impl.LeaderElection.askForVotes(LeaderElection.java:201)
	at org.apache.ratis.server.impl.LeaderElection.run(LeaderElection.java:133)
	at java.lang.Thread.run(Thread.java:748)
Caused by: org.apache.ratis.thirdparty.io.grpc.StatusRuntimeException: UNAVAILABLE: io exception
	at org.apache.ratis.thirdparty.io.grpc.stub.ClientCalls.toStatusRuntimeException(ClientCalls.java:233)
	at org.apache.ratis.thirdparty.io.grpc.stub.ClientCalls.getUnchecked(ClientCalls.java:214)
	at org.apache.ratis.thirdparty.io.grpc.stub.ClientCalls.blockingUnaryCall(ClientCalls.java:139)
	at org.apache.ratis.proto.grpc.RaftServerProtocolServiceGrpc$RaftServerProtocolServiceBlockingStub.requestVote(RaftServerProtocolServiceGrpc.java:265)
	at org.apache.ratis.grpc.server.GrpcServerProtocolClient.requestVote(GrpcServerProtocolClient.java:90)
	at org.apache.ratis.grpc.server.GrpcService.requestVote(GrpcService.java:204)
	at org.apache.ratis.server.impl.LeaderElection.lambda$submitRequests$1(LeaderElection.java:238)
	at java.util.concurrent.FutureTask.run(FutureTask.java:266)
	at java.util.concurrent.Executors$RunnableAdapter.call(Executors.java:511)
	at java.util.concurrent.FutureTask.run(FutureTask.java:266)
	at java.util.concurrent.ThreadPoolExecutor.runWorker(ThreadPoolExecutor.java:1149)
	at java.util.concurrent.ThreadPoolExecutor$Worker.run(ThreadPoolExecutor.java:624)
	... 1 more
Caused by: org.apache.ratis.thirdparty.io.netty.channel.AbstractChannel$AnnotatedConnectException: Connection refused: /192.168.151.103:36657
	at sun.nio.ch.SocketChannelImpl.checkConnect(Native Method)
	at sun.nio.ch.SocketChannelImpl.finishConnect(SocketChannelImpl.java:717)
	at org.apache.ratis.thirdparty.io.netty.channel.socket.nio.NioSocketChannel.doFinishConnect(NioSocketChannel.java:327)
	at org.apache.ratis.thirdparty.io.netty.channel.nio.AbstractNioChannel$AbstractNioUnsafe.finishConnect(AbstractNioChannel.java:340)
	at org.apache.ratis.thirdparty.io.netty.channel.nio.NioEventLoop.processSelectedKey(NioEventLoop.java:632)
	at org.apache.ratis.thirdparty.io.netty.channel.nio.NioEventLoop.processSelectedKeysOptimized(NioEventLoop.java:579)
	at org.apache.ratis.thirdparty.io.netty.channel.nio.NioEventLoop.processSelectedKeys(NioEventLoop.java:496)
	at org.apache.ratis.thirdparty.io.netty.channel.nio.NioEventLoop.run(NioEventLoop.java:458)
	at org.apache.ratis.thirdparty.io.netty.util.concurrent.SingleThreadEventExecutor$5.run(SingleThreadEventExecutor.java:897)
	at org.apache.ratis.thirdparty.io.netty.util.concurrent.FastThreadLocalRunnable.run(FastThreadLocalRunnable.java:30)
	... 1 more
Caused by: java.net.ConnectException: Connection refused
	... 11 more
2019-09-27 09:23:32,159 [cbebfacb-c89d-4e0c-ae63-1a234181ea6b@group-498546036227:LeaderElection110] INFO  impl.RaftServerImpl (RaftServerImpl.java:setRole(174)) - cbebfacb-c89d-4e0c-ae63-1a234181ea6b@group-498546036227: changes role from CANDIDATE to FOLLOWER at term 2 for DISCOVERED_A_NEW_TERM
2019-09-27 09:23:32,159 [cbebfacb-c89d-4e0c-ae63-1a234181ea6b@group-498546036227:LeaderElection110] INFO  impl.RoleInfo (RoleInfo.java:shutdownLeaderElection(134)) - cbebfacb-c89d-4e0c-ae63-1a234181ea6b: shutdown LeaderElection
2019-09-27 09:23:32,159 [cbebfacb-c89d-4e0c-ae63-1a234181ea6b@group-498546036227:LeaderElection110] INFO  impl.RoleInfo (RoleInfo.java:updateAndGet(143)) - cbebfacb-c89d-4e0c-ae63-1a234181ea6b: start FollowerState
2019-09-27 09:23:32,212 [grpc-default-executor-5] WARN  server.GrpcLogAppender (LogUtils.java:warn(134)) - 69eece0b-35aa-4c3f-ae5c-22aaa3245fe4@group-BE313173F156->545840a3-a59e-4544-b748-6e804ee187a8-AppendLogResponseHandler: Failed appendEntries: org.apache.ratis.thirdparty.io.grpc.StatusRuntimeException: UNAVAILABLE: io exception
2019-09-27 09:23:32,212 [grpc-default-executor-5] INFO  impl.FollowerInfo (FollowerInfo.java:lambda$new$0(51)) - 69eece0b-35aa-4c3f-ae5c-22aaa3245fe4@group-BE313173F156->545840a3-a59e-4544-b748-6e804ee187a8: nextIndex: updateUnconditionally 0 -> 0
2019-09-27 09:23:32,263 [grpc-default-executor-1] WARN  server.GrpcLogAppender (LogUtils.java:warn(134)) - 161d0b6c-bb81-43fa-8578-505f63e7c46b@group-51FE514263BA->e6683dc0-e787-4f77-a1bd-b29d73bfe0c0-AppendLogResponseHandler: Failed appendEntries: org.apache.ratis.thirdparty.io.grpc.StatusRuntimeException: UNAVAILABLE: io exception
2019-09-27 09:23:32,263 [grpc-default-executor-1] INFO  impl.FollowerInfo (FollowerInfo.java:lambda$new$0(51)) - 161d0b6c-bb81-43fa-8578-505f63e7c46b@group-51FE514263BA->e6683dc0-e787-4f77-a1bd-b29d73bfe0c0: nextIndex: updateUnconditionally 0 -> 0
2019-09-27 09:23:32,713 [grpc-default-executor-5] WARN  server.GrpcLogAppender (LogUtils.java:warn(134)) - 69eece0b-35aa-4c3f-ae5c-22aaa3245fe4@group-BE313173F156->545840a3-a59e-4544-b748-6e804ee187a8-AppendLogResponseHandler: Failed appendEntries: org.apache.ratis.thirdparty.io.grpc.StatusRuntimeException: UNAVAILABLE: io exception
2019-09-27 09:23:32,714 [grpc-default-executor-5] INFO  impl.FollowerInfo (FollowerInfo.java:lambda$new$0(51)) - 69eece0b-35aa-4c3f-ae5c-22aaa3245fe4@group-BE313173F156->545840a3-a59e-4544-b748-6e804ee187a8: nextIndex: updateUnconditionally 0 -> 0
2019-09-27 09:23:32,763 [grpc-default-executor-1] WARN  server.GrpcLogAppender (LogUtils.java:warn(134)) - 161d0b6c-bb81-43fa-8578-505f63e7c46b@group-51FE514263BA->e6683dc0-e787-4f77-a1bd-b29d73bfe0c0-AppendLogResponseHandler: Failed appendEntries: org.apache.ratis.thirdparty.io.grpc.StatusRuntimeException: UNAVAILABLE: io exception
2019-09-27 09:23:32,764 [grpc-default-executor-1] INFO  impl.FollowerInfo (FollowerInfo.java:lambda$new$0(51)) - 161d0b6c-bb81-43fa-8578-505f63e7c46b@group-51FE514263BA->e6683dc0-e787-4f77-a1bd-b29d73bfe0c0: nextIndex: updateUnconditionally 0 -> 0
2019-09-27 09:23:33,193 [Thread-7717] INFO  impl.FollowerState (FollowerState.java:run(106)) - cbebfacb-c89d-4e0c-ae63-1a234181ea6b:group-498546036227 changes to CANDIDATE, lastRpcTime:1033, electionTimeout:1033ms
2019-09-27 09:23:33,193 [Thread-7717] INFO  impl.RoleInfo (RoleInfo.java:shutdownFollowerState(121)) - cbebfacb-c89d-4e0c-ae63-1a234181ea6b: shutdown FollowerState
2019-09-27 09:23:33,193 [Thread-7717] INFO  impl.RaftServerImpl (RaftServerImpl.java:setRole(174)) - cbebfacb-c89d-4e0c-ae63-1a234181ea6b@group-498546036227: changes role from  FOLLOWER to CANDIDATE at term 2 for changeToCandidate
2019-09-27 09:23:33,193 [Thread-7717] INFO  impl.RoleInfo (RoleInfo.java:updateAndGet(143)) - cbebfacb-c89d-4e0c-ae63-1a234181ea6b: start LeaderElection
2019-09-27 09:23:33,207 [cbebfacb-c89d-4e0c-ae63-1a234181ea6b@group-498546036227:LeaderElection111] INFO  impl.LeaderElection (LeaderElection.java:askForVotes(182)) - cbebfacb-c89d-4e0c-ae63-1a234181ea6b@group-498546036227:LeaderElection111: begin an election at term 3 for 0: [cbebfacb-c89d-4e0c-ae63-1a234181ea6b:192.168.151.103:37470, 6dd4b024-258e-4435-a177-4ad68e7047f2:192.168.151.103:45014, 692a0e7c-3695-46c2-84c2-73657d75aae6:192.168.151.103:36657], old=null
2019-09-27 09:23:33,208 [cbebfacb-c89d-4e0c-ae63-1a234181ea6b@group-498546036227:LeaderElection111] INFO  impl.LeaderElection (LogUtils.java:infoOrTrace(149)) - cbebfacb-c89d-4e0c-ae63-1a234181ea6b@group-498546036227:LeaderElection111 got exception when requesting votes: {}
java.util.concurrent.ExecutionException: org.apache.ratis.thirdparty.io.grpc.StatusRuntimeException: UNAVAILABLE: io exception
	at java.util.concurrent.FutureTask.report(FutureTask.java:122)
	at java.util.concurrent.FutureTask.get(FutureTask.java:192)
	at org.apache.ratis.server.impl.LeaderElection.waitForResults(LeaderElection.java:263)
	at org.apache.ratis.server.impl.LeaderElection.askForVotes(LeaderElection.java:201)
	at org.apache.ratis.server.impl.LeaderElection.run(LeaderElection.java:133)
	at java.lang.Thread.run(Thread.java:748)
Caused by: org.apache.ratis.thirdparty.io.grpc.StatusRuntimeException: UNAVAILABLE: io exception
	at org.apache.ratis.thirdparty.io.grpc.stub.ClientCalls.toStatusRuntimeException(ClientCalls.java:233)
	at org.apache.ratis.thirdparty.io.grpc.stub.ClientCalls.getUnchecked(ClientCalls.java:214)
	at org.apache.ratis.thirdparty.io.grpc.stub.ClientCalls.blockingUnaryCall(ClientCalls.java:139)
	at org.apache.ratis.proto.grpc.RaftServerProtocolServiceGrpc$RaftServerProtocolServiceBlockingStub.requestVote(RaftServerProtocolServiceGrpc.java:265)
	at org.apache.ratis.grpc.server.GrpcServerProtocolClient.requestVote(GrpcServerProtocolClient.java:90)
	at org.apache.ratis.grpc.server.GrpcService.requestVote(GrpcService.java:204)
	at org.apache.ratis.server.impl.LeaderElection.lambda$submitRequests$1(LeaderElection.java:238)
	at java.util.concurrent.FutureTask.run(FutureTask.java:266)
	at java.util.concurrent.Executors$RunnableAdapter.call(Executors.java:511)
	at java.util.concurrent.FutureTask.run(FutureTask.java:266)
	at java.util.concurrent.ThreadPoolExecutor.runWorker(ThreadPoolExecutor.java:1149)
	at java.util.concurrent.ThreadPoolExecutor$Worker.run(ThreadPoolExecutor.java:624)
	... 1 more
Caused by: org.apache.ratis.thirdparty.io.netty.channel.AbstractChannel$AnnotatedConnectException: Connection refused: /192.168.151.103:45014
	at sun.nio.ch.SocketChannelImpl.checkConnect(Native Method)
	at sun.nio.ch.SocketChannelImpl.finishConnect(SocketChannelImpl.java:717)
	at org.apache.ratis.thirdparty.io.netty.channel.socket.nio.NioSocketChannel.doFinishConnect(NioSocketChannel.java:327)
	at org.apache.ratis.thirdparty.io.netty.channel.nio.AbstractNioChannel$AbstractNioUnsafe.finishConnect(AbstractNioChannel.java:340)
	at org.apache.ratis.thirdparty.io.netty.channel.nio.NioEventLoop.processSelectedKey(NioEventLoop.java:632)
	at org.apache.ratis.thirdparty.io.netty.channel.nio.NioEventLoop.processSelectedKeysOptimized(NioEventLoop.java:579)
	at org.apache.ratis.thirdparty.io.netty.channel.nio.NioEventLoop.processSelectedKeys(NioEventLoop.java:496)
	at org.apache.ratis.thirdparty.io.netty.channel.nio.NioEventLoop.run(NioEventLoop.java:458)
	at org.apache.ratis.thirdparty.io.netty.util.concurrent.SingleThreadEventExecutor$5.run(SingleThreadEventExecutor.java:897)
	at org.apache.ratis.thirdparty.io.netty.util.concurrent.FastThreadLocalRunnable.run(FastThreadLocalRunnable.java:30)
	... 1 more
Caused by: java.net.ConnectException: Connection refused
	... 11 more
2019-09-27 09:23:33,211 [cbebfacb-c89d-4e0c-ae63-1a234181ea6b@group-498546036227:LeaderElection111] INFO  impl.LeaderElection (LogUtils.java:infoOrTrace(149)) - cbebfacb-c89d-4e0c-ae63-1a234181ea6b@group-498546036227:LeaderElection111 got exception when requesting votes: {}
java.util.concurrent.ExecutionException: org.apache.ratis.thirdparty.io.grpc.StatusRuntimeException: UNAVAILABLE: io exception
	at java.util.concurrent.FutureTask.report(FutureTask.java:122)
	at java.util.concurrent.FutureTask.get(FutureTask.java:192)
	at org.apache.ratis.server.impl.LeaderElection.waitForResults(LeaderElection.java:263)
	at org.apache.ratis.server.impl.LeaderElection.askForVotes(LeaderElection.java:201)
	at org.apache.ratis.server.impl.LeaderElection.run(LeaderElection.java:133)
	at java.lang.Thread.run(Thread.java:748)
Caused by: org.apache.ratis.thirdparty.io.grpc.StatusRuntimeException: UNAVAILABLE: io exception
	at org.apache.ratis.thirdparty.io.grpc.stub.ClientCalls.toStatusRuntimeException(ClientCalls.java:233)
	at org.apache.ratis.thirdparty.io.grpc.stub.ClientCalls.getUnchecked(ClientCalls.java:214)
	at org.apache.ratis.thirdparty.io.grpc.stub.ClientCalls.blockingUnaryCall(ClientCalls.java:139)
	at org.apache.ratis.proto.grpc.RaftServerProtocolServiceGrpc$RaftServerProtocolServiceBlockingStub.requestVote(RaftServerProtocolServiceGrpc.java:265)
	at org.apache.ratis.grpc.server.GrpcServerProtocolClient.requestVote(GrpcServerProtocolClient.java:90)
	at org.apache.ratis.grpc.server.GrpcService.requestVote(GrpcService.java:204)
	at org.apache.ratis.server.impl.LeaderElection.lambda$submitRequests$1(LeaderElection.java:238)
	at java.util.concurrent.FutureTask.run(FutureTask.java:266)
	at java.util.concurrent.Executors$RunnableAdapter.call(Executors.java:511)
	at java.util.concurrent.FutureTask.run(FutureTask.java:266)
	at java.util.concurrent.ThreadPoolExecutor.runWorker(ThreadPoolExecutor.java:1149)
	at java.util.concurrent.ThreadPoolExecutor$Worker.run(ThreadPoolExecutor.java:624)
	... 1 more
Caused by: org.apache.ratis.thirdparty.io.netty.channel.AbstractChannel$AnnotatedConnectException: Connection refused: /192.168.151.103:36657
	at sun.nio.ch.SocketChannelImpl.checkConnect(Native Method)
	at sun.nio.ch.SocketChannelImpl.finishConnect(SocketChannelImpl.java:717)
	at org.apache.ratis.thirdparty.io.netty.channel.socket.nio.NioSocketChannel.doFinishConnect(NioSocketChannel.java:327)
	at org.apache.ratis.thirdparty.io.netty.channel.nio.AbstractNioChannel$AbstractNioUnsafe.finishConnect(AbstractNioChannel.java:340)
	at org.apache.ratis.thirdparty.io.netty.channel.nio.NioEventLoop.processSelectedKey(NioEventLoop.java:632)
	at org.apache.ratis.thirdparty.io.netty.channel.nio.NioEventLoop.processSelectedKeysOptimized(NioEventLoop.java:579)
	at org.apache.ratis.thirdparty.io.netty.channel.nio.NioEventLoop.processSelectedKeys(NioEventLoop.java:496)
	at org.apache.ratis.thirdparty.io.netty.channel.nio.NioEventLoop.run(NioEventLoop.java:458)
	at org.apache.ratis.thirdparty.io.netty.util.concurrent.SingleThreadEventExecutor$5.run(SingleThreadEventExecutor.java:897)
	at org.apache.ratis.thirdparty.io.netty.util.concurrent.FastThreadLocalRunnable.run(FastThreadLocalRunnable.java:30)
	... 1 more
Caused by: java.net.ConnectException: Connection refused
	... 11 more
2019-09-27 09:23:33,214 [cbebfacb-c89d-4e0c-ae63-1a234181ea6b@group-498546036227:LeaderElection111] INFO  impl.LeaderElection (LeaderElection.java:logAndReturn(56)) - cbebfacb-c89d-4e0c-ae63-1a234181ea6b@group-498546036227:LeaderElection111: Election REJECTED; received 0 response(s) [] and 2 exception(s); cbebfacb-c89d-4e0c-ae63-1a234181ea6b@group-498546036227:t3, leader=null, voted=cbebfacb-c89d-4e0c-ae63-1a234181ea6b, raftlog=cbebfacb-c89d-4e0c-ae63-1a234181ea6b@group-498546036227-SegmentedRaftLog:OPENED:c0,f0,i0, conf=0: [cbebfacb-c89d-4e0c-ae63-1a234181ea6b:192.168.151.103:37470, 6dd4b024-258e-4435-a177-4ad68e7047f2:192.168.151.103:45014, 692a0e7c-3695-46c2-84c2-73657d75aae6:192.168.151.103:36657], old=null
2019-09-27 09:23:33,214 [cbebfacb-c89d-4e0c-ae63-1a234181ea6b@group-498546036227:LeaderElection111] INFO  impl.LeaderElection (LogUtils.java:infoOrTrace(149)) -   Exception 0: {}
java.util.concurrent.ExecutionException: org.apache.ratis.thirdparty.io.grpc.StatusRuntimeException: UNAVAILABLE: io exception
	at java.util.concurrent.FutureTask.report(FutureTask.java:122)
	at java.util.concurrent.FutureTask.get(FutureTask.java:192)
	at org.apache.ratis.server.impl.LeaderElection.waitForResults(LeaderElection.java:263)
	at org.apache.ratis.server.impl.LeaderElection.askForVotes(LeaderElection.java:201)
	at org.apache.ratis.server.impl.LeaderElection.run(LeaderElection.java:133)
	at java.lang.Thread.run(Thread.java:748)
Caused by: org.apache.ratis.thirdparty.io.grpc.StatusRuntimeException: UNAVAILABLE: io exception
	at org.apache.ratis.thirdparty.io.grpc.stub.ClientCalls.toStatusRuntimeException(ClientCalls.java:233)
	at org.apache.ratis.thirdparty.io.grpc.stub.ClientCalls.getUnchecked(ClientCalls.java:214)
	at org.apache.ratis.thirdparty.io.grpc.stub.ClientCalls.blockingUnaryCall(ClientCalls.java:139)
	at org.apache.ratis.proto.grpc.RaftServerProtocolServiceGrpc$RaftServerProtocolServiceBlockingStub.requestVote(RaftServerProtocolServiceGrpc.java:265)
	at org.apache.ratis.grpc.server.GrpcServerProtocolClient.requestVote(GrpcServerProtocolClient.java:90)
	at org.apache.ratis.grpc.server.GrpcService.requestVote(GrpcService.java:204)
	at org.apache.ratis.server.impl.LeaderElection.lambda$submitRequests$1(LeaderElection.java:238)
	at java.util.concurrent.FutureTask.run(FutureTask.java:266)
	at java.util.concurrent.Executors$RunnableAdapter.call(Executors.java:511)
	at java.util.concurrent.FutureTask.run(FutureTask.java:266)
	at java.util.concurrent.ThreadPoolExecutor.runWorker(ThreadPoolExecutor.java:1149)
	at java.util.concurrent.ThreadPoolExecutor$Worker.run(ThreadPoolExecutor.java:624)
	... 1 more
Caused by: org.apache.ratis.thirdparty.io.netty.channel.AbstractChannel$AnnotatedConnectException: Connection refused: /192.168.151.103:45014
	at sun.nio.ch.SocketChannelImpl.checkConnect(Native Method)
	at sun.nio.ch.SocketChannelImpl.finishConnect(SocketChannelImpl.java:717)
	at org.apache.ratis.thirdparty.io.netty.channel.socket.nio.NioSocketChannel.doFinishConnect(NioSocketChannel.java:327)
	at org.apache.ratis.thirdparty.io.netty.channel.nio.AbstractNioChannel$AbstractNioUnsafe.finishConnect(AbstractNioChannel.java:340)
	at org.apache.ratis.thirdparty.io.netty.channel.nio.NioEventLoop.processSelectedKey(NioEventLoop.java:632)
	at org.apache.ratis.thirdparty.io.netty.channel.nio.NioEventLoop.processSelectedKeysOptimized(NioEventLoop.java:579)
	at org.apache.ratis.thirdparty.io.netty.channel.nio.NioEventLoop.processSelectedKeys(NioEventLoop.java:496)
	at org.apache.ratis.thirdparty.io.netty.channel.nio.NioEventLoop.run(NioEventLoop.java:458)
	at org.apache.ratis.thirdparty.io.netty.util.concurrent.SingleThreadEventExecutor$5.run(SingleThreadEventExecutor.java:897)
	at org.apache.ratis.thirdparty.io.netty.util.concurrent.FastThreadLocalRunnable.run(FastThreadLocalRunnable.java:30)
	... 1 more
Caused by: java.net.ConnectException: Connection refused
	... 11 more
2019-09-27 09:23:33,214 [cbebfacb-c89d-4e0c-ae63-1a234181ea6b@group-498546036227:LeaderElection111] INFO  impl.LeaderElection (LogUtils.java:infoOrTrace(149)) -   Exception 1: {}
java.util.concurrent.ExecutionException: org.apache.ratis.thirdparty.io.grpc.StatusRuntimeException: UNAVAILABLE: io exception
	at java.util.concurrent.FutureTask.report(FutureTask.java:122)
	at java.util.concurrent.FutureTask.get(FutureTask.java:192)
	at org.apache.ratis.server.impl.LeaderElection.waitForResults(LeaderElection.java:263)
	at org.apache.ratis.server.impl.LeaderElection.askForVotes(LeaderElection.java:201)
	at org.apache.ratis.server.impl.LeaderElection.run(LeaderElection.java:133)
	at java.lang.Thread.run(Thread.java:748)
Caused by: org.apache.ratis.thirdparty.io.grpc.StatusRuntimeException: UNAVAILABLE: io exception
	at org.apache.ratis.thirdparty.io.grpc.stub.ClientCalls.toStatusRuntimeException(ClientCalls.java:233)
	at org.apache.ratis.thirdparty.io.grpc.stub.ClientCalls.getUnchecked(ClientCalls.java:214)
	at org.apache.ratis.thirdparty.io.grpc.stub.ClientCalls.blockingUnaryCall(ClientCalls.java:139)
	at org.apache.ratis.proto.grpc.RaftServerProtocolServiceGrpc$RaftServerProtocolServiceBlockingStub.requestVote(RaftServerProtocolServiceGrpc.java:265)
	at org.apache.ratis.grpc.server.GrpcServerProtocolClient.requestVote(GrpcServerProtocolClient.java:90)
	at org.apache.ratis.grpc.server.GrpcService.requestVote(GrpcService.java:204)
	at org.apache.ratis.server.impl.LeaderElection.lambda$submitRequests$1(LeaderElection.java:238)
	at java.util.concurrent.FutureTask.run(FutureTask.java:266)
	at java.util.concurrent.Executors$RunnableAdapter.call(Executors.java:511)
	at java.util.concurrent.FutureTask.run(FutureTask.java:266)
	at java.util.concurrent.ThreadPoolExecutor.runWorker(ThreadPoolExecutor.java:1149)
	at java.util.concurrent.ThreadPoolExecutor$Worker.run(ThreadPoolExecutor.java:624)
	... 1 more
Caused by: org.apache.ratis.thirdparty.io.netty.channel.AbstractChannel$AnnotatedConnectException: Connection refused: /192.168.151.103:36657
	at sun.nio.ch.SocketChannelImpl.checkConnect(Native Method)
	at sun.nio.ch.SocketChannelImpl.finishConnect(SocketChannelImpl.java:717)
	at org.apache.ratis.thirdparty.io.netty.channel.socket.nio.NioSocketChannel.doFinishConnect(NioSocketChannel.java:327)
	at org.apache.ratis.thirdparty.io.netty.channel.nio.AbstractNioChannel$AbstractNioUnsafe.finishConnect(AbstractNioChannel.java:340)
	at org.apache.ratis.thirdparty.io.netty.channel.nio.NioEventLoop.processSelectedKey(NioEventLoop.java:632)
	at org.apache.ratis.thirdparty.io.netty.channel.nio.NioEventLoop.processSelectedKeysOptimized(NioEventLoop.java:579)
	at org.apache.ratis.thirdparty.io.netty.channel.nio.NioEventLoop.processSelectedKeys(NioEventLoop.java:496)
	at org.apache.ratis.thirdparty.io.netty.channel.nio.NioEventLoop.run(NioEventLoop.java:458)
	at org.apache.ratis.thirdparty.io.netty.util.concurrent.SingleThreadEventExecutor$5.run(SingleThreadEventExecutor.java:897)
	at org.apache.ratis.thirdparty.io.netty.util.concurrent.FastThreadLocalRunnable.run(FastThreadLocalRunnable.java:30)
	... 1 more
Caused by: java.net.ConnectException: Connection refused
	... 11 more
2019-09-27 09:23:33,215 [cbebfacb-c89d-4e0c-ae63-1a234181ea6b@group-498546036227:LeaderElection111] INFO  impl.RaftServerImpl (RaftServerImpl.java:setRole(174)) - cbebfacb-c89d-4e0c-ae63-1a234181ea6b@group-498546036227: changes role from CANDIDATE to FOLLOWER at term 3 for DISCOVERED_A_NEW_TERM
2019-09-27 09:23:33,215 [cbebfacb-c89d-4e0c-ae63-1a234181ea6b@group-498546036227:LeaderElection111] INFO  impl.RoleInfo (RoleInfo.java:shutdownLeaderElection(134)) - cbebfacb-c89d-4e0c-ae63-1a234181ea6b: shutdown LeaderElection
2019-09-27 09:23:33,215 [cbebfacb-c89d-4e0c-ae63-1a234181ea6b@group-498546036227:LeaderElection111] INFO  impl.RoleInfo (RoleInfo.java:updateAndGet(143)) - cbebfacb-c89d-4e0c-ae63-1a234181ea6b: start FollowerState
2019-09-27 09:23:33,215 [grpc-default-executor-2] WARN  server.GrpcLogAppender (LogUtils.java:warn(134)) - 69eece0b-35aa-4c3f-ae5c-22aaa3245fe4@group-BE313173F156->545840a3-a59e-4544-b748-6e804ee187a8-AppendLogResponseHandler: Failed appendEntries: org.apache.ratis.thirdparty.io.grpc.StatusRuntimeException: UNAVAILABLE: io exception
2019-09-27 09:23:33,216 [grpc-default-executor-2] INFO  impl.FollowerInfo (FollowerInfo.java:lambda$new$0(51)) - 69eece0b-35aa-4c3f-ae5c-22aaa3245fe4@group-BE313173F156->545840a3-a59e-4544-b748-6e804ee187a8: nextIndex: updateUnconditionally 0 -> 0
2019-09-27 09:23:33,264 [grpc-default-executor-2] WARN  server.GrpcLogAppender (LogUtils.java:warn(134)) - 161d0b6c-bb81-43fa-8578-505f63e7c46b@group-51FE514263BA->e6683dc0-e787-4f77-a1bd-b29d73bfe0c0-AppendLogResponseHandler: Failed appendEntries: org.apache.ratis.thirdparty.io.grpc.StatusRuntimeException: UNAVAILABLE: io exception
2019-09-27 09:23:33,264 [grpc-default-executor-2] INFO  impl.FollowerInfo (FollowerInfo.java:lambda$new$0(51)) - 161d0b6c-bb81-43fa-8578-505f63e7c46b@group-51FE514263BA->e6683dc0-e787-4f77-a1bd-b29d73bfe0c0: nextIndex: updateUnconditionally 0 -> 0
2019-09-27 09:23:33,716 [grpc-default-executor-2] WARN  server.GrpcLogAppender (LogUtils.java:warn(134)) - 69eece0b-35aa-4c3f-ae5c-22aaa3245fe4@group-BE313173F156->545840a3-a59e-4544-b748-6e804ee187a8-AppendLogResponseHandler: Failed appendEntries: org.apache.ratis.thirdparty.io.grpc.StatusRuntimeException: UNAVAILABLE: io exception
2019-09-27 09:23:33,717 [grpc-default-executor-2] INFO  impl.FollowerInfo (FollowerInfo.java:lambda$new$0(51)) - 69eece0b-35aa-4c3f-ae5c-22aaa3245fe4@group-BE313173F156->545840a3-a59e-4544-b748-6e804ee187a8: nextIndex: updateUnconditionally 0 -> 0
2019-09-27 09:23:33,764 [grpc-default-executor-5] WARN  server.GrpcLogAppender (LogUtils.java:warn(134)) - 161d0b6c-bb81-43fa-8578-505f63e7c46b@group-51FE514263BA->e6683dc0-e787-4f77-a1bd-b29d73bfe0c0-AppendLogResponseHandler: Failed appendEntries: org.apache.ratis.thirdparty.io.grpc.StatusRuntimeException: UNAVAILABLE: io exception
2019-09-27 09:23:33,765 [grpc-default-executor-5] INFO  impl.FollowerInfo (FollowerInfo.java:lambda$new$0(51)) - 161d0b6c-bb81-43fa-8578-505f63e7c46b@group-51FE514263BA->e6683dc0-e787-4f77-a1bd-b29d73bfe0c0: nextIndex: updateUnconditionally 0 -> 0
2019-09-27 09:23:34,219 [grpc-default-executor-1] WARN  server.GrpcLogAppender (LogUtils.java:warn(134)) - 69eece0b-35aa-4c3f-ae5c-22aaa3245fe4@group-BE313173F156->545840a3-a59e-4544-b748-6e804ee187a8-AppendLogResponseHandler: Failed appendEntries: org.apache.ratis.thirdparty.io.grpc.StatusRuntimeException: UNAVAILABLE: io exception
2019-09-27 09:23:34,220 [grpc-default-executor-1] INFO  impl.FollowerInfo (FollowerInfo.java:lambda$new$0(51)) - 69eece0b-35aa-4c3f-ae5c-22aaa3245fe4@group-BE313173F156->545840a3-a59e-4544-b748-6e804ee187a8: nextIndex: updateUnconditionally 0 -> 0
2019-09-27 09:23:34,265 [grpc-default-executor-2] WARN  server.GrpcLogAppender (LogUtils.java:warn(134)) - 161d0b6c-bb81-43fa-8578-505f63e7c46b@group-51FE514263BA->e6683dc0-e787-4f77-a1bd-b29d73bfe0c0-AppendLogResponseHandler: Failed appendEntries: org.apache.ratis.thirdparty.io.grpc.StatusRuntimeException: UNAVAILABLE: io exception
2019-09-27 09:23:34,266 [grpc-default-executor-2] INFO  impl.FollowerInfo (FollowerInfo.java:lambda$new$0(51)) - 161d0b6c-bb81-43fa-8578-505f63e7c46b@group-51FE514263BA->e6683dc0-e787-4f77-a1bd-b29d73bfe0c0: nextIndex: updateUnconditionally 0 -> 0
2019-09-27 09:23:34,305 [Thread-7725] INFO  impl.FollowerState (FollowerState.java:run(106)) - cbebfacb-c89d-4e0c-ae63-1a234181ea6b:group-498546036227 changes to CANDIDATE, lastRpcTime:1090, electionTimeout:1090ms
2019-09-27 09:23:34,306 [Thread-7725] INFO  impl.RoleInfo (RoleInfo.java:shutdownFollowerState(121)) - cbebfacb-c89d-4e0c-ae63-1a234181ea6b: shutdown FollowerState
2019-09-27 09:23:34,306 [Thread-7725] INFO  impl.RaftServerImpl (RaftServerImpl.java:setRole(174)) - cbebfacb-c89d-4e0c-ae63-1a234181ea6b@group-498546036227: changes role from  FOLLOWER to CANDIDATE at term 3 for changeToCandidate
2019-09-27 09:23:34,306 [Thread-7725] INFO  impl.RoleInfo (RoleInfo.java:updateAndGet(143)) - cbebfacb-c89d-4e0c-ae63-1a234181ea6b: start LeaderElection
2019-09-27 09:23:34,320 [cbebfacb-c89d-4e0c-ae63-1a234181ea6b@group-498546036227:LeaderElection112] INFO  impl.LeaderElection (LeaderElection.java:askForVotes(182)) - cbebfacb-c89d-4e0c-ae63-1a234181ea6b@group-498546036227:LeaderElection112: begin an election at term 4 for 0: [cbebfacb-c89d-4e0c-ae63-1a234181ea6b:192.168.151.103:37470, 6dd4b024-258e-4435-a177-4ad68e7047f2:192.168.151.103:45014, 692a0e7c-3695-46c2-84c2-73657d75aae6:192.168.151.103:36657], old=null
2019-09-27 09:23:34,321 [cbebfacb-c89d-4e0c-ae63-1a234181ea6b@group-498546036227:LeaderElection112] INFO  impl.LeaderElection (LogUtils.java:infoOrTrace(149)) - cbebfacb-c89d-4e0c-ae63-1a234181ea6b@group-498546036227:LeaderElection112 got exception when requesting votes: {}
java.util.concurrent.ExecutionException: org.apache.ratis.thirdparty.io.grpc.StatusRuntimeException: UNAVAILABLE: io exception
	at java.util.concurrent.FutureTask.report(FutureTask.java:122)
	at java.util.concurrent.FutureTask.get(FutureTask.java:192)
	at org.apache.ratis.server.impl.LeaderElection.waitForResults(LeaderElection.java:263)
	at org.apache.ratis.server.impl.LeaderElection.askForVotes(LeaderElection.java:201)
	at org.apache.ratis.server.impl.LeaderElection.run(LeaderElection.java:133)
	at java.lang.Thread.run(Thread.java:748)
Caused by: org.apache.ratis.thirdparty.io.grpc.StatusRuntimeException: UNAVAILABLE: io exception
	at org.apache.ratis.thirdparty.io.grpc.stub.ClientCalls.toStatusRuntimeException(ClientCalls.java:233)
	at org.apache.ratis.thirdparty.io.grpc.stub.ClientCalls.getUnchecked(ClientCalls.java:214)
	at org.apache.ratis.thirdparty.io.grpc.stub.ClientCalls.blockingUnaryCall(ClientCalls.java:139)
	at org.apache.ratis.proto.grpc.RaftServerProtocolServiceGrpc$RaftServerProtocolServiceBlockingStub.requestVote(RaftServerProtocolServiceGrpc.java:265)
	at org.apache.ratis.grpc.server.GrpcServerProtocolClient.requestVote(GrpcServerProtocolClient.java:90)
	at org.apache.ratis.grpc.server.GrpcService.requestVote(GrpcService.java:204)
	at org.apache.ratis.server.impl.LeaderElection.lambda$submitRequests$1(LeaderElection.java:238)
	at java.util.concurrent.FutureTask.run(FutureTask.java:266)
	at java.util.concurrent.Executors$RunnableAdapter.call(Executors.java:511)
	at java.util.concurrent.FutureTask.run(FutureTask.java:266)
	at java.util.concurrent.ThreadPoolExecutor.runWorker(ThreadPoolExecutor.java:1149)
	at java.util.concurrent.ThreadPoolExecutor$Worker.run(ThreadPoolExecutor.java:624)
	... 1 more
Caused by: org.apache.ratis.thirdparty.io.netty.channel.AbstractChannel$AnnotatedConnectException: Connection refused: /192.168.151.103:45014
	at sun.nio.ch.SocketChannelImpl.checkConnect(Native Method)
	at sun.nio.ch.SocketChannelImpl.finishConnect(SocketChannelImpl.java:717)
	at org.apache.ratis.thirdparty.io.netty.channel.socket.nio.NioSocketChannel.doFinishConnect(NioSocketChannel.java:327)
	at org.apache.ratis.thirdparty.io.netty.channel.nio.AbstractNioChannel$AbstractNioUnsafe.finishConnect(AbstractNioChannel.java:340)
	at org.apache.ratis.thirdparty.io.netty.channel.nio.NioEventLoop.processSelectedKey(NioEventLoop.java:632)
	at org.apache.ratis.thirdparty.io.netty.channel.nio.NioEventLoop.processSelectedKeysOptimized(NioEventLoop.java:579)
	at org.apache.ratis.thirdparty.io.netty.channel.nio.NioEventLoop.processSelectedKeys(NioEventLoop.java:496)
	at org.apache.ratis.thirdparty.io.netty.channel.nio.NioEventLoop.run(NioEventLoop.java:458)
	at org.apache.ratis.thirdparty.io.netty.util.concurrent.SingleThreadEventExecutor$5.run(SingleThreadEventExecutor.java:897)
	at org.apache.ratis.thirdparty.io.netty.util.concurrent.FastThreadLocalRunnable.run(FastThreadLocalRunnable.java:30)
	... 1 more
Caused by: java.net.ConnectException: Connection refused
	... 11 more
2019-09-27 09:23:34,324 [cbebfacb-c89d-4e0c-ae63-1a234181ea6b@group-498546036227:LeaderElection112] INFO  impl.LeaderElection (LogUtils.java:infoOrTrace(149)) - cbebfacb-c89d-4e0c-ae63-1a234181ea6b@group-498546036227:LeaderElection112 got exception when requesting votes: {}
java.util.concurrent.ExecutionException: org.apache.ratis.thirdparty.io.grpc.StatusRuntimeException: UNAVAILABLE: io exception
	at java.util.concurrent.FutureTask.report(FutureTask.java:122)
	at java.util.concurrent.FutureTask.get(FutureTask.java:192)
	at org.apache.ratis.server.impl.LeaderElection.waitForResults(LeaderElection.java:263)
	at org.apache.ratis.server.impl.LeaderElection.askForVotes(LeaderElection.java:201)
	at org.apache.ratis.server.impl.LeaderElection.run(LeaderElection.java:133)
	at java.lang.Thread.run(Thread.java:748)
Caused by: org.apache.ratis.thirdparty.io.grpc.StatusRuntimeException: UNAVAILABLE: io exception
	at org.apache.ratis.thirdparty.io.grpc.stub.ClientCalls.toStatusRuntimeException(ClientCalls.java:233)
	at org.apache.ratis.thirdparty.io.grpc.stub.ClientCalls.getUnchecked(ClientCalls.java:214)
	at org.apache.ratis.thirdparty.io.grpc.stub.ClientCalls.blockingUnaryCall(ClientCalls.java:139)
	at org.apache.ratis.proto.grpc.RaftServerProtocolServiceGrpc$RaftServerProtocolServiceBlockingStub.requestVote(RaftServerProtocolServiceGrpc.java:265)
	at org.apache.ratis.grpc.server.GrpcServerProtocolClient.requestVote(GrpcServerProtocolClient.java:90)
	at org.apache.ratis.grpc.server.GrpcService.requestVote(GrpcService.java:204)
	at org.apache.ratis.server.impl.LeaderElection.lambda$submitRequests$1(LeaderElection.java:238)
	at java.util.concurrent.FutureTask.run(FutureTask.java:266)
	at java.util.concurrent.Executors$RunnableAdapter.call(Executors.java:511)
	at java.util.concurrent.FutureTask.run(FutureTask.java:266)
	at java.util.concurrent.ThreadPoolExecutor.runWorker(ThreadPoolExecutor.java:1149)
	at java.util.concurrent.ThreadPoolExecutor$Worker.run(ThreadPoolExecutor.java:624)
	... 1 more
Caused by: org.apache.ratis.thirdparty.io.netty.channel.AbstractChannel$AnnotatedConnectException: Connection refused: /192.168.151.103:36657
	at sun.nio.ch.SocketChannelImpl.checkConnect(Native Method)
	at sun.nio.ch.SocketChannelImpl.finishConnect(SocketChannelImpl.java:717)
	at org.apache.ratis.thirdparty.io.netty.channel.socket.nio.NioSocketChannel.doFinishConnect(NioSocketChannel.java:327)
	at org.apache.ratis.thirdparty.io.netty.channel.nio.AbstractNioChannel$AbstractNioUnsafe.finishConnect(AbstractNioChannel.java:340)
	at org.apache.ratis.thirdparty.io.netty.channel.nio.NioEventLoop.processSelectedKey(NioEventLoop.java:632)
	at org.apache.ratis.thirdparty.io.netty.channel.nio.NioEventLoop.processSelectedKeysOptimized(NioEventLoop.java:579)
	at org.apache.ratis.thirdparty.io.netty.channel.nio.NioEventLoop.processSelectedKeys(NioEventLoop.java:496)
	at org.apache.ratis.thirdparty.io.netty.channel.nio.NioEventLoop.run(NioEventLoop.java:458)
	at org.apache.ratis.thirdparty.io.netty.util.concurrent.SingleThreadEventExecutor$5.run(SingleThreadEventExecutor.java:897)
	at org.apache.ratis.thirdparty.io.netty.util.concurrent.FastThreadLocalRunnable.run(FastThreadLocalRunnable.java:30)
	... 1 more
Caused by: java.net.ConnectException: Connection refused
	... 11 more
2019-09-27 09:23:34,327 [cbebfacb-c89d-4e0c-ae63-1a234181ea6b@group-498546036227:LeaderElection112] INFO  impl.LeaderElection (LeaderElection.java:logAndReturn(56)) - cbebfacb-c89d-4e0c-ae63-1a234181ea6b@group-498546036227:LeaderElection112: Election REJECTED; received 0 response(s) [] and 2 exception(s); cbebfacb-c89d-4e0c-ae63-1a234181ea6b@group-498546036227:t4, leader=null, voted=cbebfacb-c89d-4e0c-ae63-1a234181ea6b, raftlog=cbebfacb-c89d-4e0c-ae63-1a234181ea6b@group-498546036227-SegmentedRaftLog:OPENED:c0,f0,i0, conf=0: [cbebfacb-c89d-4e0c-ae63-1a234181ea6b:192.168.151.103:37470, 6dd4b024-258e-4435-a177-4ad68e7047f2:192.168.151.103:45014, 692a0e7c-3695-46c2-84c2-73657d75aae6:192.168.151.103:36657], old=null
2019-09-27 09:23:34,327 [cbebfacb-c89d-4e0c-ae63-1a234181ea6b@group-498546036227:LeaderElection112] INFO  impl.LeaderElection (LogUtils.java:infoOrTrace(149)) -   Exception 0: {}
java.util.concurrent.ExecutionException: org.apache.ratis.thirdparty.io.grpc.StatusRuntimeException: UNAVAILABLE: io exception
	at java.util.concurrent.FutureTask.report(FutureTask.java:122)
	at java.util.concurrent.FutureTask.get(FutureTask.java:192)
	at org.apache.ratis.server.impl.LeaderElection.waitForResults(LeaderElection.java:263)
	at org.apache.ratis.server.impl.LeaderElection.askForVotes(LeaderElection.java:201)
	at org.apache.ratis.server.impl.LeaderElection.run(LeaderElection.java:133)
	at java.lang.Thread.run(Thread.java:748)
Caused by: org.apache.ratis.thirdparty.io.grpc.StatusRuntimeException: UNAVAILABLE: io exception
	at org.apache.ratis.thirdparty.io.grpc.stub.ClientCalls.toStatusRuntimeException(ClientCalls.java:233)
	at org.apache.ratis.thirdparty.io.grpc.stub.ClientCalls.getUnchecked(ClientCalls.java:214)
	at org.apache.ratis.thirdparty.io.grpc.stub.ClientCalls.blockingUnaryCall(ClientCalls.java:139)
	at org.apache.ratis.proto.grpc.RaftServerProtocolServiceGrpc$RaftServerProtocolServiceBlockingStub.requestVote(RaftServerProtocolServiceGrpc.java:265)
	at org.apache.ratis.grpc.server.GrpcServerProtocolClient.requestVote(GrpcServerProtocolClient.java:90)
	at org.apache.ratis.grpc.server.GrpcService.requestVote(GrpcService.java:204)
	at org.apache.ratis.server.impl.LeaderElection.lambda$submitRequests$1(LeaderElection.java:238)
	at java.util.concurrent.FutureTask.run(FutureTask.java:266)
	at java.util.concurrent.Executors$RunnableAdapter.call(Executors.java:511)
	at java.util.concurrent.FutureTask.run(FutureTask.java:266)
	at java.util.concurrent.ThreadPoolExecutor.runWorker(ThreadPoolExecutor.java:1149)
	at java.util.concurrent.ThreadPoolExecutor$Worker.run(ThreadPoolExecutor.java:624)
	... 1 more
Caused by: org.apache.ratis.thirdparty.io.netty.channel.AbstractChannel$AnnotatedConnectException: Connection refused: /192.168.151.103:45014
	at sun.nio.ch.SocketChannelImpl.checkConnect(Native Method)
	at sun.nio.ch.SocketChannelImpl.finishConnect(SocketChannelImpl.java:717)
	at org.apache.ratis.thirdparty.io.netty.channel.socket.nio.NioSocketChannel.doFinishConnect(NioSocketChannel.java:327)
	at org.apache.ratis.thirdparty.io.netty.channel.nio.AbstractNioChannel$AbstractNioUnsafe.finishConnect(AbstractNioChannel.java:340)
	at org.apache.ratis.thirdparty.io.netty.channel.nio.NioEventLoop.processSelectedKey(NioEventLoop.java:632)
	at org.apache.ratis.thirdparty.io.netty.channel.nio.NioEventLoop.processSelectedKeysOptimized(NioEventLoop.java:579)
	at org.apache.ratis.thirdparty.io.netty.channel.nio.NioEventLoop.processSelectedKeys(NioEventLoop.java:496)
	at org.apache.ratis.thirdparty.io.netty.channel.nio.NioEventLoop.run(NioEventLoop.java:458)
	at org.apache.ratis.thirdparty.io.netty.util.concurrent.SingleThreadEventExecutor$5.run(SingleThreadEventExecutor.java:897)
	at org.apache.ratis.thirdparty.io.netty.util.concurrent.FastThreadLocalRunnable.run(FastThreadLocalRunnable.java:30)
	... 1 more
Caused by: java.net.ConnectException: Connection refused
	... 11 more
2019-09-27 09:23:34,328 [cbebfacb-c89d-4e0c-ae63-1a234181ea6b@group-498546036227:LeaderElection112] INFO  impl.LeaderElection (LogUtils.java:infoOrTrace(149)) -   Exception 1: {}
java.util.concurrent.ExecutionException: org.apache.ratis.thirdparty.io.grpc.StatusRuntimeException: UNAVAILABLE: io exception
	at java.util.concurrent.FutureTask.report(FutureTask.java:122)
	at java.util.concurrent.FutureTask.get(FutureTask.java:192)
	at org.apache.ratis.server.impl.LeaderElection.waitForResults(LeaderElection.java:263)
	at org.apache.ratis.server.impl.LeaderElection.askForVotes(LeaderElection.java:201)
	at org.apache.ratis.server.impl.LeaderElection.run(LeaderElection.java:133)
	at java.lang.Thread.run(Thread.java:748)
Caused by: org.apache.ratis.thirdparty.io.grpc.StatusRuntimeException: UNAVAILABLE: io exception
	at org.apache.ratis.thirdparty.io.grpc.stub.ClientCalls.toStatusRuntimeException(ClientCalls.java:233)
	at org.apache.ratis.thirdparty.io.grpc.stub.ClientCalls.getUnchecked(ClientCalls.java:214)
	at org.apache.ratis.thirdparty.io.grpc.stub.ClientCalls.blockingUnaryCall(ClientCalls.java:139)
	at org.apache.ratis.proto.grpc.RaftServerProtocolServiceGrpc$RaftServerProtocolServiceBlockingStub.requestVote(RaftServerProtocolServiceGrpc.java:265)
	at org.apache.ratis.grpc.server.GrpcServerProtocolClient.requestVote(GrpcServerProtocolClient.java:90)
	at org.apache.ratis.grpc.server.GrpcService.requestVote(GrpcService.java:204)
	at org.apache.ratis.server.impl.LeaderElection.lambda$submitRequests$1(LeaderElection.java:238)
	at java.util.concurrent.FutureTask.run(FutureTask.java:266)
	at java.util.concurrent.Executors$RunnableAdapter.call(Executors.java:511)
	at java.util.concurrent.FutureTask.run(FutureTask.java:266)
	at java.util.concurrent.ThreadPoolExecutor.runWorker(ThreadPoolExecutor.java:1149)
	at java.util.concurrent.ThreadPoolExecutor$Worker.run(ThreadPoolExecutor.java:624)
	... 1 more
Caused by: org.apache.ratis.thirdparty.io.netty.channel.AbstractChannel$AnnotatedConnectException: Connection refused: /192.168.151.103:36657
	at sun.nio.ch.SocketChannelImpl.checkConnect(Native Method)
	at sun.nio.ch.SocketChannelImpl.finishConnect(SocketChannelImpl.java:717)
	at org.apache.ratis.thirdparty.io.netty.channel.socket.nio.NioSocketChannel.doFinishConnect(NioSocketChannel.java:327)
	at org.apache.ratis.thirdparty.io.netty.channel.nio.AbstractNioChannel$AbstractNioUnsafe.finishConnect(AbstractNioChannel.java:340)
	at org.apache.ratis.thirdparty.io.netty.channel.nio.NioEventLoop.processSelectedKey(NioEventLoop.java:632)
	at org.apache.ratis.thirdparty.io.netty.channel.nio.NioEventLoop.processSelectedKeysOptimized(NioEventLoop.java:579)
	at org.apache.ratis.thirdparty.io.netty.channel.nio.NioEventLoop.processSelectedKeys(NioEventLoop.java:496)
	at org.apache.ratis.thirdparty.io.netty.channel.nio.NioEventLoop.run(NioEventLoop.java:458)
	at org.apache.ratis.thirdparty.io.netty.util.concurrent.SingleThreadEventExecutor$5.run(SingleThreadEventExecutor.java:897)
	at org.apache.ratis.thirdparty.io.netty.util.concurrent.FastThreadLocalRunnable.run(FastThreadLocalRunnable.java:30)
	... 1 more
Caused by: java.net.ConnectException: Connection refused
	... 11 more
2019-09-27 09:23:34,328 [cbebfacb-c89d-4e0c-ae63-1a234181ea6b@group-498546036227:LeaderElection112] INFO  impl.RaftServerImpl (RaftServerImpl.java:setRole(174)) - cbebfacb-c89d-4e0c-ae63-1a234181ea6b@group-498546036227: changes role from CANDIDATE to FOLLOWER at term 4 for DISCOVERED_A_NEW_TERM
2019-09-27 09:23:34,329 [cbebfacb-c89d-4e0c-ae63-1a234181ea6b@group-498546036227:LeaderElection112] INFO  impl.RoleInfo (RoleInfo.java:shutdownLeaderElection(134)) - cbebfacb-c89d-4e0c-ae63-1a234181ea6b: shutdown LeaderElection
2019-09-27 09:23:34,329 [cbebfacb-c89d-4e0c-ae63-1a234181ea6b@group-498546036227:LeaderElection112] INFO  impl.RoleInfo (RoleInfo.java:updateAndGet(143)) - cbebfacb-c89d-4e0c-ae63-1a234181ea6b: start FollowerState
2019-09-27 09:23:34,719 [grpc-default-executor-2] WARN  server.GrpcLogAppender (LogUtils.java:warn(134)) - 69eece0b-35aa-4c3f-ae5c-22aaa3245fe4@group-BE313173F156->545840a3-a59e-4544-b748-6e804ee187a8-AppendLogResponseHandler: Failed appendEntries: org.apache.ratis.thirdparty.io.grpc.StatusRuntimeException: UNAVAILABLE: io exception
2019-09-27 09:23:34,720 [grpc-default-executor-2] INFO  impl.FollowerInfo (FollowerInfo.java:lambda$new$0(51)) - 69eece0b-35aa-4c3f-ae5c-22aaa3245fe4@group-BE313173F156->545840a3-a59e-4544-b748-6e804ee187a8: nextIndex: updateUnconditionally 0 -> 0
2019-09-27 09:23:34,765 [grpc-default-executor-5] WARN  server.GrpcLogAppender (LogUtils.java:warn(134)) - 161d0b6c-bb81-43fa-8578-505f63e7c46b@group-51FE514263BA->e6683dc0-e787-4f77-a1bd-b29d73bfe0c0-AppendLogResponseHandler: Failed appendEntries: org.apache.ratis.thirdparty.io.grpc.StatusRuntimeException: UNAVAILABLE: io exception
2019-09-27 09:23:34,765 [grpc-default-executor-5] INFO  impl.FollowerInfo (FollowerInfo.java:lambda$new$0(51)) - 161d0b6c-bb81-43fa-8578-505f63e7c46b@group-51FE514263BA->e6683dc0-e787-4f77-a1bd-b29d73bfe0c0: nextIndex: updateUnconditionally 0 -> 0
2019-09-27 09:23:35,220 [grpc-default-executor-1] WARN  server.GrpcLogAppender (LogUtils.java:warn(134)) - 69eece0b-35aa-4c3f-ae5c-22aaa3245fe4@group-BE313173F156->545840a3-a59e-4544-b748-6e804ee187a8-AppendLogResponseHandler: Failed appendEntries: org.apache.ratis.thirdparty.io.grpc.StatusRuntimeException: UNAVAILABLE: io exception
2019-09-27 09:23:35,221 [grpc-default-executor-1] INFO  impl.FollowerInfo (FollowerInfo.java:lambda$new$0(51)) - 69eece0b-35aa-4c3f-ae5c-22aaa3245fe4@group-BE313173F156->545840a3-a59e-4544-b748-6e804ee187a8: nextIndex: updateUnconditionally 0 -> 0
2019-09-27 09:23:35,266 [grpc-default-executor-5] WARN  server.GrpcLogAppender (LogUtils.java:warn(134)) - 161d0b6c-bb81-43fa-8578-505f63e7c46b@group-51FE514263BA->e6683dc0-e787-4f77-a1bd-b29d73bfe0c0-AppendLogResponseHandler: Failed appendEntries: org.apache.ratis.thirdparty.io.grpc.StatusRuntimeException: UNAVAILABLE: io exception
2019-09-27 09:23:35,267 [grpc-default-executor-5] INFO  impl.FollowerInfo (FollowerInfo.java:lambda$new$0(51)) - 161d0b6c-bb81-43fa-8578-505f63e7c46b@group-51FE514263BA->e6683dc0-e787-4f77-a1bd-b29d73bfe0c0: nextIndex: updateUnconditionally 0 -> 0
2019-09-27 09:23:35,333 [Thread-7735] INFO  impl.FollowerState (FollowerState.java:run(106)) - cbebfacb-c89d-4e0c-ae63-1a234181ea6b:group-498546036227 changes to CANDIDATE, lastRpcTime:1004, electionTimeout:1004ms
2019-09-27 09:23:35,334 [Thread-7735] INFO  impl.RoleInfo (RoleInfo.java:shutdownFollowerState(121)) - cbebfacb-c89d-4e0c-ae63-1a234181ea6b: shutdown FollowerState
2019-09-27 09:23:35,334 [Thread-7735] INFO  impl.RaftServerImpl (RaftServerImpl.java:setRole(174)) - cbebfacb-c89d-4e0c-ae63-1a234181ea6b@group-498546036227: changes role from  FOLLOWER to CANDIDATE at term 4 for changeToCandidate
2019-09-27 09:23:35,334 [Thread-7735] INFO  impl.RoleInfo (RoleInfo.java:updateAndGet(143)) - cbebfacb-c89d-4e0c-ae63-1a234181ea6b: start LeaderElection
2019-09-27 09:23:35,347 [cbebfacb-c89d-4e0c-ae63-1a234181ea6b@group-498546036227:LeaderElection113] INFO  impl.LeaderElection (LeaderElection.java:askForVotes(182)) - cbebfacb-c89d-4e0c-ae63-1a234181ea6b@group-498546036227:LeaderElection113: begin an election at term 5 for 0: [cbebfacb-c89d-4e0c-ae63-1a234181ea6b:192.168.151.103:37470, 6dd4b024-258e-4435-a177-4ad68e7047f2:192.168.151.103:45014, 692a0e7c-3695-46c2-84c2-73657d75aae6:192.168.151.103:36657], old=null
2019-09-27 09:23:35,348 [cbebfacb-c89d-4e0c-ae63-1a234181ea6b@group-498546036227:LeaderElection113] INFO  impl.LeaderElection (LogUtils.java:infoOrTrace(149)) - cbebfacb-c89d-4e0c-ae63-1a234181ea6b@group-498546036227:LeaderElection113 got exception when requesting votes: {}
java.util.concurrent.ExecutionException: org.apache.ratis.thirdparty.io.grpc.StatusRuntimeException: UNAVAILABLE: io exception
	at java.util.concurrent.FutureTask.report(FutureTask.java:122)
	at java.util.concurrent.FutureTask.get(FutureTask.java:192)
	at org.apache.ratis.server.impl.LeaderElection.waitForResults(LeaderElection.java:263)
	at org.apache.ratis.server.impl.LeaderElection.askForVotes(LeaderElection.java:201)
	at org.apache.ratis.server.impl.LeaderElection.run(LeaderElection.java:133)
	at java.lang.Thread.run(Thread.java:748)
Caused by: org.apache.ratis.thirdparty.io.grpc.StatusRuntimeException: UNAVAILABLE: io exception
	at org.apache.ratis.thirdparty.io.grpc.stub.ClientCalls.toStatusRuntimeException(ClientCalls.java:233)
	at org.apache.ratis.thirdparty.io.grpc.stub.ClientCalls.getUnchecked(ClientCalls.java:214)
	at org.apache.ratis.thirdparty.io.grpc.stub.ClientCalls.blockingUnaryCall(ClientCalls.java:139)
	at org.apache.ratis.proto.grpc.RaftServerProtocolServiceGrpc$RaftServerProtocolServiceBlockingStub.requestVote(RaftServerProtocolServiceGrpc.java:265)
	at org.apache.ratis.grpc.server.GrpcServerProtocolClient.requestVote(GrpcServerProtocolClient.java:90)
	at org.apache.ratis.grpc.server.GrpcService.requestVote(GrpcService.java:204)
	at org.apache.ratis.server.impl.LeaderElection.lambda$submitRequests$1(LeaderElection.java:238)
	at java.util.concurrent.FutureTask.run(FutureTask.java:266)
	at java.util.concurrent.Executors$RunnableAdapter.call(Executors.java:511)
	at java.util.concurrent.FutureTask.run(FutureTask.java:266)
	at java.util.concurrent.ThreadPoolExecutor.runWorker(ThreadPoolExecutor.java:1149)
	at java.util.concurrent.ThreadPoolExecutor$Worker.run(ThreadPoolExecutor.java:624)
	... 1 more
Caused by: org.apache.ratis.thirdparty.io.netty.channel.AbstractChannel$AnnotatedConnectException: Connection refused: /192.168.151.103:45014
	at sun.nio.ch.SocketChannelImpl.checkConnect(Native Method)
	at sun.nio.ch.SocketChannelImpl.finishConnect(SocketChannelImpl.java:717)
	at org.apache.ratis.thirdparty.io.netty.channel.socket.nio.NioSocketChannel.doFinishConnect(NioSocketChannel.java:327)
	at org.apache.ratis.thirdparty.io.netty.channel.nio.AbstractNioChannel$AbstractNioUnsafe.finishConnect(AbstractNioChannel.java:340)
	at org.apache.ratis.thirdparty.io.netty.channel.nio.NioEventLoop.processSelectedKey(NioEventLoop.java:632)
	at org.apache.ratis.thirdparty.io.netty.channel.nio.NioEventLoop.processSelectedKeysOptimized(NioEventLoop.java:579)
	at org.apache.ratis.thirdparty.io.netty.channel.nio.NioEventLoop.processSelectedKeys(NioEventLoop.java:496)
	at org.apache.ratis.thirdparty.io.netty.channel.nio.NioEventLoop.run(NioEventLoop.java:458)
	at org.apache.ratis.thirdparty.io.netty.util.concurrent.SingleThreadEventExecutor$5.run(SingleThreadEventExecutor.java:897)
	at org.apache.ratis.thirdparty.io.netty.util.concurrent.FastThreadLocalRunnable.run(FastThreadLocalRunnable.java:30)
	... 1 more
Caused by: java.net.ConnectException: Connection refused
	... 11 more
2019-09-27 09:23:35,351 [cbebfacb-c89d-4e0c-ae63-1a234181ea6b@group-498546036227:LeaderElection113] INFO  impl.LeaderElection (LogUtils.java:infoOrTrace(149)) - cbebfacb-c89d-4e0c-ae63-1a234181ea6b@group-498546036227:LeaderElection113 got exception when requesting votes: {}
java.util.concurrent.ExecutionException: org.apache.ratis.thirdparty.io.grpc.StatusRuntimeException: UNAVAILABLE: io exception
	at java.util.concurrent.FutureTask.report(FutureTask.java:122)
	at java.util.concurrent.FutureTask.get(FutureTask.java:192)
	at org.apache.ratis.server.impl.LeaderElection.waitForResults(LeaderElection.java:263)
	at org.apache.ratis.server.impl.LeaderElection.askForVotes(LeaderElection.java:201)
	at org.apache.ratis.server.impl.LeaderElection.run(LeaderElection.java:133)
	at java.lang.Thread.run(Thread.java:748)
Caused by: org.apache.ratis.thirdparty.io.grpc.StatusRuntimeException: UNAVAILABLE: io exception
	at org.apache.ratis.thirdparty.io.grpc.stub.ClientCalls.toStatusRuntimeException(ClientCalls.java:233)
	at org.apache.ratis.thirdparty.io.grpc.stub.ClientCalls.getUnchecked(ClientCalls.java:214)
	at org.apache.ratis.thirdparty.io.grpc.stub.ClientCalls.blockingUnaryCall(ClientCalls.java:139)
	at org.apache.ratis.proto.grpc.RaftServerProtocolServiceGrpc$RaftServerProtocolServiceBlockingStub.requestVote(RaftServerProtocolServiceGrpc.java:265)
	at org.apache.ratis.grpc.server.GrpcServerProtocolClient.requestVote(GrpcServerProtocolClient.java:90)
	at org.apache.ratis.grpc.server.GrpcService.requestVote(GrpcService.java:204)
	at org.apache.ratis.server.impl.LeaderElection.lambda$submitRequests$1(LeaderElection.java:238)
	at java.util.concurrent.FutureTask.run(FutureTask.java:266)
	at java.util.concurrent.Executors$RunnableAdapter.call(Executors.java:511)
	at java.util.concurrent.FutureTask.run(FutureTask.java:266)
	at java.util.concurrent.ThreadPoolExecutor.runWorker(ThreadPoolExecutor.java:1149)
	at java.util.concurrent.ThreadPoolExecutor$Worker.run(ThreadPoolExecutor.java:624)
	... 1 more
Caused by: org.apache.ratis.thirdparty.io.netty.channel.AbstractChannel$AnnotatedConnectException: Connection refused: /192.168.151.103:36657
	at sun.nio.ch.SocketChannelImpl.checkConnect(Native Method)
	at sun.nio.ch.SocketChannelImpl.finishConnect(SocketChannelImpl.java:717)
	at org.apache.ratis.thirdparty.io.netty.channel.socket.nio.NioSocketChannel.doFinishConnect(NioSocketChannel.java:327)
	at org.apache.ratis.thirdparty.io.netty.channel.nio.AbstractNioChannel$AbstractNioUnsafe.finishConnect(AbstractNioChannel.java:340)
	at org.apache.ratis.thirdparty.io.netty.channel.nio.NioEventLoop.processSelectedKey(NioEventLoop.java:632)
	at org.apache.ratis.thirdparty.io.netty.channel.nio.NioEventLoop.processSelectedKeysOptimized(NioEventLoop.java:579)
	at org.apache.ratis.thirdparty.io.netty.channel.nio.NioEventLoop.processSelectedKeys(NioEventLoop.java:496)
	at org.apache.ratis.thirdparty.io.netty.channel.nio.NioEventLoop.run(NioEventLoop.java:458)
	at org.apache.ratis.thirdparty.io.netty.util.concurrent.SingleThreadEventExecutor$5.run(SingleThreadEventExecutor.java:897)
	at org.apache.ratis.thirdparty.io.netty.util.concurrent.FastThreadLocalRunnable.run(FastThreadLocalRunnable.java:30)
	... 1 more
Caused by: java.net.ConnectException: Connection refused
	... 11 more
2019-09-27 09:23:35,354 [cbebfacb-c89d-4e0c-ae63-1a234181ea6b@group-498546036227:LeaderElection113] INFO  impl.LeaderElection (LeaderElection.java:logAndReturn(56)) - cbebfacb-c89d-4e0c-ae63-1a234181ea6b@group-498546036227:LeaderElection113: Election REJECTED; received 0 response(s) [] and 2 exception(s); cbebfacb-c89d-4e0c-ae63-1a234181ea6b@group-498546036227:t5, leader=null, voted=cbebfacb-c89d-4e0c-ae63-1a234181ea6b, raftlog=cbebfacb-c89d-4e0c-ae63-1a234181ea6b@group-498546036227-SegmentedRaftLog:OPENED:c0,f0,i0, conf=0: [cbebfacb-c89d-4e0c-ae63-1a234181ea6b:192.168.151.103:37470, 6dd4b024-258e-4435-a177-4ad68e7047f2:192.168.151.103:45014, 692a0e7c-3695-46c2-84c2-73657d75aae6:192.168.151.103:36657], old=null
2019-09-27 09:23:35,354 [cbebfacb-c89d-4e0c-ae63-1a234181ea6b@group-498546036227:LeaderElection113] INFO  impl.LeaderElection (LogUtils.java:infoOrTrace(149)) -   Exception 0: {}
java.util.concurrent.ExecutionException: org.apache.ratis.thirdparty.io.grpc.StatusRuntimeException: UNAVAILABLE: io exception
	at java.util.concurrent.FutureTask.report(FutureTask.java:122)
	at java.util.concurrent.FutureTask.get(FutureTask.java:192)
	at org.apache.ratis.server.impl.LeaderElection.waitForResults(LeaderElection.java:263)
	at org.apache.ratis.server.impl.LeaderElection.askForVotes(LeaderElection.java:201)
	at org.apache.ratis.server.impl.LeaderElection.run(LeaderElection.java:133)
	at java.lang.Thread.run(Thread.java:748)
Caused by: org.apache.ratis.thirdparty.io.grpc.StatusRuntimeException: UNAVAILABLE: io exception
	at org.apache.ratis.thirdparty.io.grpc.stub.ClientCalls.toStatusRuntimeException(ClientCalls.java:233)
	at org.apache.ratis.thirdparty.io.grpc.stub.ClientCalls.getUnchecked(ClientCalls.java:214)
	at org.apache.ratis.thirdparty.io.grpc.stub.ClientCalls.blockingUnaryCall(ClientCalls.java:139)
	at org.apache.ratis.proto.grpc.RaftServerProtocolServiceGrpc$RaftServerProtocolServiceBlockingStub.requestVote(RaftServerProtocolServiceGrpc.java:265)
	at org.apache.ratis.grpc.server.GrpcServerProtocolClient.requestVote(GrpcServerProtocolClient.java:90)
	at org.apache.ratis.grpc.server.GrpcService.requestVote(GrpcService.java:204)
	at org.apache.ratis.server.impl.LeaderElection.lambda$submitRequests$1(LeaderElection.java:238)
	at java.util.concurrent.FutureTask.run(FutureTask.java:266)
	at java.util.concurrent.Executors$RunnableAdapter.call(Executors.java:511)
	at java.util.concurrent.FutureTask.run(FutureTask.java:266)
	at java.util.concurrent.ThreadPoolExecutor.runWorker(ThreadPoolExecutor.java:1149)
	at java.util.concurrent.ThreadPoolExecutor$Worker.run(ThreadPoolExecutor.java:624)
	... 1 more
Caused by: org.apache.ratis.thirdparty.io.netty.channel.AbstractChannel$AnnotatedConnectException: Connection refused: /192.168.151.103:45014
	at sun.nio.ch.SocketChannelImpl.checkConnect(Native Method)
	at sun.nio.ch.SocketChannelImpl.finishConnect(SocketChannelImpl.java:717)
	at org.apache.ratis.thirdparty.io.netty.channel.socket.nio.NioSocketChannel.doFinishConnect(NioSocketChannel.java:327)
	at org.apache.ratis.thirdparty.io.netty.channel.nio.AbstractNioChannel$AbstractNioUnsafe.finishConnect(AbstractNioChannel.java:340)
	at org.apache.ratis.thirdparty.io.netty.channel.nio.NioEventLoop.processSelectedKey(NioEventLoop.java:632)
	at org.apache.ratis.thirdparty.io.netty.channel.nio.NioEventLoop.processSelectedKeysOptimized(NioEventLoop.java:579)
	at org.apache.ratis.thirdparty.io.netty.channel.nio.NioEventLoop.processSelectedKeys(NioEventLoop.java:496)
	at org.apache.ratis.thirdparty.io.netty.channel.nio.NioEventLoop.run(NioEventLoop.java:458)
	at org.apache.ratis.thirdparty.io.netty.util.concurrent.SingleThreadEventExecutor$5.run(SingleThreadEventExecutor.java:897)
	at org.apache.ratis.thirdparty.io.netty.util.concurrent.FastThreadLocalRunnable.run(FastThreadLocalRunnable.java:30)
	... 1 more
Caused by: java.net.ConnectException: Connection refused
	... 11 more
2019-09-27 09:23:35,354 [cbebfacb-c89d-4e0c-ae63-1a234181ea6b@group-498546036227:LeaderElection113] INFO  impl.LeaderElection (LogUtils.java:infoOrTrace(149)) -   Exception 1: {}
java.util.concurrent.ExecutionException: org.apache.ratis.thirdparty.io.grpc.StatusRuntimeException: UNAVAILABLE: io exception
	at java.util.concurrent.FutureTask.report(FutureTask.java:122)
	at java.util.concurrent.FutureTask.get(FutureTask.java:192)
	at org.apache.ratis.server.impl.LeaderElection.waitForResults(LeaderElection.java:263)
	at org.apache.ratis.server.impl.LeaderElection.askForVotes(LeaderElection.java:201)
	at org.apache.ratis.server.impl.LeaderElection.run(LeaderElection.java:133)
	at java.lang.Thread.run(Thread.java:748)
Caused by: org.apache.ratis.thirdparty.io.grpc.StatusRuntimeException: UNAVAILABLE: io exception
	at org.apache.ratis.thirdparty.io.grpc.stub.ClientCalls.toStatusRuntimeException(ClientCalls.java:233)
	at org.apache.ratis.thirdparty.io.grpc.stub.ClientCalls.getUnchecked(ClientCalls.java:214)
	at org.apache.ratis.thirdparty.io.grpc.stub.ClientCalls.blockingUnaryCall(ClientCalls.java:139)
	at org.apache.ratis.proto.grpc.RaftServerProtocolServiceGrpc$RaftServerProtocolServiceBlockingStub.requestVote(RaftServerProtocolServiceGrpc.java:265)
	at org.apache.ratis.grpc.server.GrpcServerProtocolClient.requestVote(GrpcServerProtocolClient.java:90)
	at org.apache.ratis.grpc.server.GrpcService.requestVote(GrpcService.java:204)
	at org.apache.ratis.server.impl.LeaderElection.lambda$submitRequests$1(LeaderElection.java:238)
	at java.util.concurrent.FutureTask.run(FutureTask.java:266)
	at java.util.concurrent.Executors$RunnableAdapter.call(Executors.java:511)
	at java.util.concurrent.FutureTask.run(FutureTask.java:266)
	at java.util.concurrent.ThreadPoolExecutor.runWorker(ThreadPoolExecutor.java:1149)
	at java.util.concurrent.ThreadPoolExecutor$Worker.run(ThreadPoolExecutor.java:624)
	... 1 more
Caused by: org.apache.ratis.thirdparty.io.netty.channel.AbstractChannel$AnnotatedConnectException: Connection refused: /192.168.151.103:36657
	at sun.nio.ch.SocketChannelImpl.checkConnect(Native Method)
	at sun.nio.ch.SocketChannelImpl.finishConnect(SocketChannelImpl.java:717)
	at org.apache.ratis.thirdparty.io.netty.channel.socket.nio.NioSocketChannel.doFinishConnect(NioSocketChannel.java:327)
	at org.apache.ratis.thirdparty.io.netty.channel.nio.AbstractNioChannel$AbstractNioUnsafe.finishConnect(AbstractNioChannel.java:340)
	at org.apache.ratis.thirdparty.io.netty.channel.nio.NioEventLoop.processSelectedKey(NioEventLoop.java:632)
	at org.apache.ratis.thirdparty.io.netty.channel.nio.NioEventLoop.processSelectedKeysOptimized(NioEventLoop.java:579)
	at org.apache.ratis.thirdparty.io.netty.channel.nio.NioEventLoop.processSelectedKeys(NioEventLoop.java:496)
	at org.apache.ratis.thirdparty.io.netty.channel.nio.NioEventLoop.run(NioEventLoop.java:458)
	at org.apache.ratis.thirdparty.io.netty.util.concurrent.SingleThreadEventExecutor$5.run(SingleThreadEventExecutor.java:897)
	at org.apache.ratis.thirdparty.io.netty.util.concurrent.FastThreadLocalRunnable.run(FastThreadLocalRunnable.java:30)
	... 1 more
Caused by: java.net.ConnectException: Connection refused
	... 11 more
2019-09-27 09:23:35,354 [cbebfacb-c89d-4e0c-ae63-1a234181ea6b@group-498546036227:LeaderElection113] INFO  impl.RaftServerImpl (RaftServerImpl.java:setRole(174)) - cbebfacb-c89d-4e0c-ae63-1a234181ea6b@group-498546036227: changes role from CANDIDATE to FOLLOWER at term 5 for DISCOVERED_A_NEW_TERM
2019-09-27 09:23:35,354 [cbebfacb-c89d-4e0c-ae63-1a234181ea6b@group-498546036227:LeaderElection113] INFO  impl.RoleInfo (RoleInfo.java:shutdownLeaderElection(134)) - cbebfacb-c89d-4e0c-ae63-1a234181ea6b: shutdown LeaderElection
2019-09-27 09:23:35,354 [cbebfacb-c89d-4e0c-ae63-1a234181ea6b@group-498546036227:LeaderElection113] INFO  impl.RoleInfo (RoleInfo.java:updateAndGet(143)) - cbebfacb-c89d-4e0c-ae63-1a234181ea6b: start FollowerState
2019-09-27 09:23:35,720 [grpc-default-executor-5] WARN  server.GrpcLogAppender (LogUtils.java:warn(134)) - 69eece0b-35aa-4c3f-ae5c-22aaa3245fe4@group-BE313173F156->545840a3-a59e-4544-b748-6e804ee187a8-AppendLogResponseHandler: Failed appendEntries: org.apache.ratis.thirdparty.io.grpc.StatusRuntimeException: UNAVAILABLE: io exception
2019-09-27 09:23:35,721 [grpc-default-executor-5] INFO  impl.FollowerInfo (FollowerInfo.java:lambda$new$0(51)) - 69eece0b-35aa-4c3f-ae5c-22aaa3245fe4@group-BE313173F156->545840a3-a59e-4544-b748-6e804ee187a8: nextIndex: updateUnconditionally 0 -> 0
2019-09-27 09:23:35,766 [grpc-default-executor-2] WARN  server.GrpcLogAppender (LogUtils.java:warn(134)) - 161d0b6c-bb81-43fa-8578-505f63e7c46b@group-51FE514263BA->e6683dc0-e787-4f77-a1bd-b29d73bfe0c0-AppendLogResponseHandler: Failed appendEntries: org.apache.ratis.thirdparty.io.grpc.StatusRuntimeException: UNAVAILABLE: io exception
2019-09-27 09:23:35,766 [grpc-default-executor-2] INFO  impl.FollowerInfo (FollowerInfo.java:lambda$new$0(51)) - 161d0b6c-bb81-43fa-8578-505f63e7c46b@group-51FE514263BA->e6683dc0-e787-4f77-a1bd-b29d73bfe0c0: nextIndex: updateUnconditionally 0 -> 0
2019-09-27 09:23:35,941 [main] INFO  ozoneimpl.OzoneContainer (OzoneContainer.java:stop(231)) - Attempting to stop container services.
2019-09-27 09:23:35,942 [main] INFO  impl.RaftServerProxy (RaftServerProxy.java:lambda$close$4(314)) - 3f71806d-9ec4-45c7-9788-6c1507baaf47: close
2019-09-27 09:23:35,942 [main] INFO  impl.RaftServerImpl (RaftServerImpl.java:lambda$shutdown$3(251)) - 3f71806d-9ec4-45c7-9788-6c1507baaf47@group-F2F162473ED9: shutdown
2019-09-27 09:23:35,942 [main] INFO  util.JmxRegister (JmxRegister.java:unregister(73)) - Successfully un-registered JMX Bean with object name Ratis:service=RaftServer,group=group-F2F162473ED9,id=3f71806d-9ec4-45c7-9788-6c1507baaf47
2019-09-27 09:23:35,943 [main] INFO  impl.RoleInfo (RoleInfo.java:shutdownLeaderState(104)) - 3f71806d-9ec4-45c7-9788-6c1507baaf47: shutdown LeaderState
2019-09-27 09:23:35,943 [main] INFO  impl.PendingRequests (PendingRequests.java:sendNotLeaderResponses(202)) - 3f71806d-9ec4-45c7-9788-6c1507baaf47-PendingRequests: sendNotLeaderResponses
2019-09-27 09:23:35,944 [main] INFO  impl.StateMachineUpdater (StateMachineUpdater.java:stopAndJoin(125)) - 3f71806d-9ec4-45c7-9788-6c1507baaf47@group-F2F162473ED9-StateMachineUpdater: set stopIndex = 0
2019-09-27 09:23:35,944 [main] INFO  impl.RaftServerImpl (ServerState.java:close(385)) - 3f71806d-9ec4-45c7-9788-6c1507baaf47@group-F2F162473ED9: closes. applyIndex: 0
2019-09-27 09:23:35,945 [3f71806d-9ec4-45c7-9788-6c1507baaf47@group-F2F162473ED9-SegmentedRaftLogWorker] INFO  segmented.SegmentedRaftLogWorker (SegmentedRaftLogWorker.java:run(313)) - 3f71806d-9ec4-45c7-9788-6c1507baaf47@group-F2F162473ED9-SegmentedRaftLogWorker was interrupted, exiting. There are 0 tasks remaining in the queue.
2019-09-27 09:23:35,948 [main] INFO  segmented.SegmentedRaftLogWorker (SegmentedRaftLogWorker.java:close(228)) - 3f71806d-9ec4-45c7-9788-6c1507baaf47@group-F2F162473ED9-SegmentedRaftLogWorker close()
2019-09-27 09:23:35,951 [main] INFO  server.GrpcService (GrpcService.java:closeImpl(164)) - 3f71806d-9ec4-45c7-9788-6c1507baaf47: shutdown server with port 46293 now
2019-09-27 09:23:35,954 [main] INFO  server.GrpcService (GrpcService.java:closeImpl(172)) - 3f71806d-9ec4-45c7-9788-6c1507baaf47: shutdown server with port 46293 successfully
2019-09-27 09:23:35,956 [refreshUsed-/workdir/hadoop-ozone/integration-test/target/test-dir/MiniOzoneClusterImpl-68e31327-6f0a-47ff-9789-fe3f4972a3d5/datanode-8/data/containers] WARN  fs.CachingGetSpaceUsed (CachingGetSpaceUsed.java:run(183)) - Thread Interrupted waiting to refresh disk information: sleep interrupted
2019-09-27 09:23:35,960 [ForkJoinPool.commonPool-worker-0] INFO  ozoneimpl.OzoneContainer (OzoneContainer.java:stop(231)) - Attempting to stop container services.
2019-09-27 09:23:35,961 [ForkJoinPool.commonPool-worker-0] INFO  impl.RaftServerProxy (RaftServerProxy.java:lambda$close$4(314)) - 69eece0b-35aa-4c3f-ae5c-22aaa3245fe4: close
2019-09-27 09:23:35,961 [ForkJoinPool.commonPool-worker-0] INFO  impl.RaftServerImpl (RaftServerImpl.java:lambda$shutdown$3(251)) - 69eece0b-35aa-4c3f-ae5c-22aaa3245fe4@group-6703960E3746: shutdown
2019-09-27 09:23:35,961 [ForkJoinPool.commonPool-worker-0] INFO  util.JmxRegister (JmxRegister.java:unregister(73)) - Successfully un-registered JMX Bean with object name Ratis:service=RaftServer,group=group-6703960E3746,id=69eece0b-35aa-4c3f-ae5c-22aaa3245fe4
2019-09-27 09:23:35,961 [ForkJoinPool.commonPool-worker-0] INFO  impl.RoleInfo (RoleInfo.java:shutdownLeaderState(104)) - 69eece0b-35aa-4c3f-ae5c-22aaa3245fe4: shutdown LeaderState
2019-09-27 09:23:35,961 [ForkJoinPool.commonPool-worker-0] INFO  impl.PendingRequests (PendingRequests.java:sendNotLeaderResponses(202)) - 69eece0b-35aa-4c3f-ae5c-22aaa3245fe4-PendingRequests: sendNotLeaderResponses
2019-09-27 09:23:35,962 [ForkJoinPool.commonPool-worker-0] INFO  impl.StateMachineUpdater (StateMachineUpdater.java:stopAndJoin(125)) - 69eece0b-35aa-4c3f-ae5c-22aaa3245fe4@group-6703960E3746-StateMachineUpdater: set stopIndex = 0
2019-09-27 09:23:35,962 [ForkJoinPool.commonPool-worker-0] INFO  impl.RaftServerImpl (ServerState.java:close(385)) - 69eece0b-35aa-4c3f-ae5c-22aaa3245fe4@group-6703960E3746: closes. applyIndex: 0
2019-09-27 09:23:35,963 [69eece0b-35aa-4c3f-ae5c-22aaa3245fe4@group-6703960E3746-SegmentedRaftLogWorker] INFO  segmented.SegmentedRaftLogWorker (SegmentedRaftLogWorker.java:run(313)) - 69eece0b-35aa-4c3f-ae5c-22aaa3245fe4@group-6703960E3746-SegmentedRaftLogWorker was interrupted, exiting. There are 0 tasks remaining in the queue.
2019-09-27 09:23:35,965 [ForkJoinPool.commonPool-worker-0] INFO  segmented.SegmentedRaftLogWorker (SegmentedRaftLogWorker.java:close(228)) - 69eece0b-35aa-4c3f-ae5c-22aaa3245fe4@group-6703960E3746-SegmentedRaftLogWorker close()
2019-09-27 09:23:35,974 [ForkJoinPool.commonPool-worker-0] INFO  impl.RaftServerImpl (RaftServerImpl.java:lambda$shutdown$3(251)) - 69eece0b-35aa-4c3f-ae5c-22aaa3245fe4@group-BE313173F156: shutdown
2019-09-27 09:23:35,975 [ForkJoinPool.commonPool-worker-0] INFO  util.JmxRegister (JmxRegister.java:unregister(73)) - Successfully un-registered JMX Bean with object name Ratis:service=RaftServer,group=group-BE313173F156,id=69eece0b-35aa-4c3f-ae5c-22aaa3245fe4
2019-09-27 09:23:35,975 [ForkJoinPool.commonPool-worker-0] INFO  impl.RoleInfo (RoleInfo.java:shutdownLeaderState(104)) - 69eece0b-35aa-4c3f-ae5c-22aaa3245fe4: shutdown LeaderState
2019-09-27 09:23:35,979 [ForkJoinPool.commonPool-worker-0] INFO  impl.PendingRequests (PendingRequests.java:sendNotLeaderResponses(202)) - 69eece0b-35aa-4c3f-ae5c-22aaa3245fe4-PendingRequests: sendNotLeaderResponses
2019-09-27 09:23:35,979 [org.apache.ratis.server.impl.LogAppender$AppenderDaemon$$Lambda$400/247186050@29473025] WARN  server.GrpcLogAppender (GrpcLogAppender.java:mayWait(143)) - 69eece0b-35aa-4c3f-ae5c-22aaa3245fe4@group-BE313173F156->9d1fa352-1a82-481d-9d24-e29bb21dd7ac-GrpcLogAppender: Wait interrupted by java.lang.InterruptedException
2019-09-27 09:23:35,979 [org.apache.ratis.server.impl.LogAppender$AppenderDaemon$$Lambda$400/247186050@21375da4] WARN  server.GrpcLogAppender (GrpcLogAppender.java:mayWait(143)) - 69eece0b-35aa-4c3f-ae5c-22aaa3245fe4@group-BE313173F156->545840a3-a59e-4544-b748-6e804ee187a8-GrpcLogAppender: Wait interrupted by java.lang.InterruptedException
2019-09-27 09:23:35,979 [ForkJoinPool.commonPool-worker-0] INFO  impl.StateMachineUpdater (StateMachineUpdater.java:stopAndJoin(125)) - 69eece0b-35aa-4c3f-ae5c-22aaa3245fe4@group-BE313173F156-StateMachineUpdater: set stopIndex = 0
2019-09-27 09:23:35,979 [grpc-default-executor-2] INFO  server.GrpcServerProtocolService (GrpcServerProtocolService.java:onCompleted(113)) - 9d1fa352-1a82-481d-9d24-e29bb21dd7ac: Completed APPEND_ENTRIES, lastRequest: 69eece0b-35aa-4c3f-ae5c-22aaa3245fe4->9d1fa352-1a82-481d-9d24-e29bb21dd7ac#250-t1, previous=(t:1, i:0), leaderCommit=0, initializing? false, entries: <empty>
2019-09-27 09:23:35,979 [ForkJoinPool.commonPool-worker-0] INFO  impl.RaftServerImpl (ServerState.java:close(385)) - 69eece0b-35aa-4c3f-ae5c-22aaa3245fe4@group-BE313173F156: closes. applyIndex: 0
2019-09-27 09:23:35,980 [69eece0b-35aa-4c3f-ae5c-22aaa3245fe4@group-BE313173F156-SegmentedRaftLogWorker] INFO  segmented.SegmentedRaftLogWorker (SegmentedRaftLogWorker.java:run(313)) - 69eece0b-35aa-4c3f-ae5c-22aaa3245fe4@group-BE313173F156-SegmentedRaftLogWorker was interrupted, exiting. There are 0 tasks remaining in the queue.
2019-09-27 09:23:35,980 [grpc-default-executor-2] INFO  server.GrpcLogAppender (GrpcLogAppender.java:onCompleted(293)) - 69eece0b-35aa-4c3f-ae5c-22aaa3245fe4@group-BE313173F156->9d1fa352-1a82-481d-9d24-e29bb21dd7ac-AppendLogResponseHandler: follower responses appendEntries COMPLETED
2019-09-27 09:23:35,980 [ForkJoinPool.commonPool-worker-0] INFO  segmented.SegmentedRaftLogWorker (SegmentedRaftLogWorker.java:close(228)) - 69eece0b-35aa-4c3f-ae5c-22aaa3245fe4@group-BE313173F156-SegmentedRaftLogWorker close()
2019-09-27 09:23:35,981 [grpc-default-executor-2] INFO  impl.FollowerInfo (FollowerInfo.java:lambda$new$0(51)) - 69eece0b-35aa-4c3f-ae5c-22aaa3245fe4@group-BE313173F156->9d1fa352-1a82-481d-9d24-e29bb21dd7ac: nextIndex: updateUnconditionally 1 -> 0
2019-09-27 09:23:35,981 [ForkJoinPool.commonPool-worker-0] INFO  server.GrpcService (GrpcService.java:closeImpl(164)) - 69eece0b-35aa-4c3f-ae5c-22aaa3245fe4: shutdown server with port 38721 now
2019-09-27 09:23:35,983 [ForkJoinPool.commonPool-worker-0] INFO  server.GrpcService (GrpcService.java:closeImpl(172)) - 69eece0b-35aa-4c3f-ae5c-22aaa3245fe4: shutdown server with port 38721 successfully
2019-09-27 09:23:35,989 [refreshUsed-/workdir/hadoop-ozone/integration-test/target/test-dir/MiniOzoneClusterImpl-68e31327-6f0a-47ff-9789-fe3f4972a3d5/datanode-4/data/containers] WARN  fs.CachingGetSpaceUsed (CachingGetSpaceUsed.java:run(183)) - Thread Interrupted waiting to refresh disk information: sleep interrupted
2019-09-27 09:23:35,994 [main] INFO  utils.BackgroundService (BackgroundService.java:shutdown(148)) - Shutting down service BlockDeletingService
2019-09-27 09:23:36,000 [main] INFO  statemachine.DatanodeStateMachine (DatanodeStateMachine.java:stopDaemon(395)) - Ozone container server stopped.
2019-09-27 09:23:36,001 [main] INFO  handler.ContextHandler (ContextHandler.java:doStop(910)) - Stopped o.e.j.w.WebAppContext@66f5b8fe{/,null,UNAVAILABLE}{/hddsDatanode}
2019-09-27 09:23:36,002 [main] INFO  server.AbstractConnector (AbstractConnector.java:doStop(318)) - Stopped ServerConnector@233f52f8{HTTP/1.1,[http/1.1]}{0.0.0.0:0}
2019-09-27 09:23:36,003 [main] INFO  handler.ContextHandler (ContextHandler.java:doStop(910)) - Stopped o.e.j.s.ServletContextHandler@706f6d26{/static,jar:file:/home/user/.m2/repository/org/apache/hadoop/hadoop-hdds-container-service/0.5.0-SNAPSHOT/hadoop-hdds-container-service-0.5.0-SNAPSHOT.jar!/webapps/static,UNAVAILABLE}
2019-09-27 09:23:36,003 [main] INFO  handler.ContextHandler (ContextHandler.java:doStop(910)) - Stopped o.e.j.s.ServletContextHandler@46b2dcc5{/logs,file:///workdir/hadoop-ozone/integration-test/target/log,UNAVAILABLE}
2019-09-27 09:23:36,010 [ForkJoinPool.commonPool-worker-0] INFO  utils.BackgroundService (BackgroundService.java:shutdown(148)) - Shutting down service BlockDeletingService
2019-09-27 09:23:36,015 [ForkJoinPool.commonPool-worker-0] INFO  statemachine.DatanodeStateMachine (DatanodeStateMachine.java:stopDaemon(395)) - Ozone container server stopped.
2019-09-27 09:23:36,019 [ForkJoinPool.commonPool-worker-0] INFO  handler.ContextHandler (ContextHandler.java:doStop(910)) - Stopped o.e.j.w.WebAppContext@1f884bd6{/,null,UNAVAILABLE}{/hddsDatanode}
2019-09-27 09:23:36,021 [ForkJoinPool.commonPool-worker-0] INFO  server.AbstractConnector (AbstractConnector.java:doStop(318)) - Stopped ServerConnector@4f081b5d{HTTP/1.1,[http/1.1]}{0.0.0.0:0}
2019-09-27 09:23:36,021 [ForkJoinPool.commonPool-worker-0] INFO  handler.ContextHandler (ContextHandler.java:doStop(910)) - Stopped o.e.j.s.ServletContextHandler@60bf494c{/static,jar:file:/home/user/.m2/repository/org/apache/hadoop/hadoop-hdds-container-service/0.5.0-SNAPSHOT/hadoop-hdds-container-service-0.5.0-SNAPSHOT.jar!/webapps/static,UNAVAILABLE}
2019-09-27 09:23:36,021 [ForkJoinPool.commonPool-worker-0] INFO  handler.ContextHandler (ContextHandler.java:doStop(910)) - Stopped o.e.j.s.ServletContextHandler@49671897{/logs,file:///workdir/hadoop-ozone/integration-test/target/log,UNAVAILABLE}
2019-09-27 09:23:36,267 [grpc-default-executor-1] WARN  server.GrpcLogAppender (LogUtils.java:warn(134)) - 161d0b6c-bb81-43fa-8578-505f63e7c46b@group-51FE514263BA->e6683dc0-e787-4f77-a1bd-b29d73bfe0c0-AppendLogResponseHandler: Failed appendEntries: org.apache.ratis.thirdparty.io.grpc.StatusRuntimeException: UNAVAILABLE: io exception
2019-09-27 09:23:36,268 [grpc-default-executor-1] INFO  impl.FollowerInfo (FollowerInfo.java:lambda$new$0(51)) - 161d0b6c-bb81-43fa-8578-505f63e7c46b@group-51FE514263BA->e6683dc0-e787-4f77-a1bd-b29d73bfe0c0: nextIndex: updateUnconditionally 0 -> 0
2019-09-27 09:23:36,522 [Datanode State Machine Thread - 0] INFO  statemachine.DatanodeStateMachine (DatanodeStateMachine.java:lambda$startDaemon$0(350)) - Ozone container server started.
2019-09-27 09:23:36,550 [Thread-7743] INFO  impl.FollowerState (FollowerState.java:run(106)) - cbebfacb-c89d-4e0c-ae63-1a234181ea6b:group-498546036227 changes to CANDIDATE, lastRpcTime:1195, electionTimeout:1195ms
2019-09-27 09:23:36,550 [Thread-7743] INFO  impl.RoleInfo (RoleInfo.java:shutdownFollowerState(121)) - cbebfacb-c89d-4e0c-ae63-1a234181ea6b: shutdown FollowerState
2019-09-27 09:23:36,550 [Thread-7743] INFO  impl.RaftServerImpl (RaftServerImpl.java:setRole(174)) - cbebfacb-c89d-4e0c-ae63-1a234181ea6b@group-498546036227: changes role from  FOLLOWER to CANDIDATE at term 5 for changeToCandidate
2019-09-27 09:23:36,550 [Thread-7743] INFO  impl.RoleInfo (RoleInfo.java:updateAndGet(143)) - cbebfacb-c89d-4e0c-ae63-1a234181ea6b: start LeaderElection
2019-09-27 09:23:36,565 [cbebfacb-c89d-4e0c-ae63-1a234181ea6b@group-498546036227:LeaderElection114] INFO  impl.LeaderElection (LeaderElection.java:askForVotes(182)) - cbebfacb-c89d-4e0c-ae63-1a234181ea6b@group-498546036227:LeaderElection114: begin an election at term 6 for 0: [cbebfacb-c89d-4e0c-ae63-1a234181ea6b:192.168.151.103:37470, 6dd4b024-258e-4435-a177-4ad68e7047f2:192.168.151.103:45014, 692a0e7c-3695-46c2-84c2-73657d75aae6:192.168.151.103:36657], old=null
2019-09-27 09:23:36,566 [cbebfacb-c89d-4e0c-ae63-1a234181ea6b@group-498546036227:LeaderElection114] INFO  impl.LeaderElection (LogUtils.java:infoOrTrace(149)) - cbebfacb-c89d-4e0c-ae63-1a234181ea6b@group-498546036227:LeaderElection114 got exception when requesting votes: {}
java.util.concurrent.ExecutionException: org.apache.ratis.thirdparty.io.grpc.StatusRuntimeException: UNAVAILABLE: io exception
	at java.util.concurrent.FutureTask.report(FutureTask.java:122)
	at java.util.concurrent.FutureTask.get(FutureTask.java:192)
	at org.apache.ratis.server.impl.LeaderElection.waitForResults(LeaderElection.java:263)
	at org.apache.ratis.server.impl.LeaderElection.askForVotes(LeaderElection.java:201)
	at org.apache.ratis.server.impl.LeaderElection.run(LeaderElection.java:133)
	at java.lang.Thread.run(Thread.java:748)
Caused by: org.apache.ratis.thirdparty.io.grpc.StatusRuntimeException: UNAVAILABLE: io exception
	at org.apache.ratis.thirdparty.io.grpc.stub.ClientCalls.toStatusRuntimeException(ClientCalls.java:233)
	at org.apache.ratis.thirdparty.io.grpc.stub.ClientCalls.getUnchecked(ClientCalls.java:214)
	at org.apache.ratis.thirdparty.io.grpc.stub.ClientCalls.blockingUnaryCall(ClientCalls.java:139)
	at org.apache.ratis.proto.grpc.RaftServerProtocolServiceGrpc$RaftServerProtocolServiceBlockingStub.requestVote(RaftServerProtocolServiceGrpc.java:265)
	at org.apache.ratis.grpc.server.GrpcServerProtocolClient.requestVote(GrpcServerProtocolClient.java:90)
	at org.apache.ratis.grpc.server.GrpcService.requestVote(GrpcService.java:204)
	at org.apache.ratis.server.impl.LeaderElection.lambda$submitRequests$1(LeaderElection.java:238)
	at java.util.concurrent.FutureTask.run(FutureTask.java:266)
	at java.util.concurrent.Executors$RunnableAdapter.call(Executors.java:511)
	at java.util.concurrent.FutureTask.run(FutureTask.java:266)
	at java.util.concurrent.ThreadPoolExecutor.runWorker(ThreadPoolExecutor.java:1149)
	at java.util.concurrent.ThreadPoolExecutor$Worker.run(ThreadPoolExecutor.java:624)
	... 1 more
Caused by: org.apache.ratis.thirdparty.io.netty.channel.AbstractChannel$AnnotatedConnectException: Connection refused: /192.168.151.103:45014
	at sun.nio.ch.SocketChannelImpl.checkConnect(Native Method)
	at sun.nio.ch.SocketChannelImpl.finishConnect(SocketChannelImpl.java:717)
	at org.apache.ratis.thirdparty.io.netty.channel.socket.nio.NioSocketChannel.doFinishConnect(NioSocketChannel.java:327)
	at org.apache.ratis.thirdparty.io.netty.channel.nio.AbstractNioChannel$AbstractNioUnsafe.finishConnect(AbstractNioChannel.java:340)
	at org.apache.ratis.thirdparty.io.netty.channel.nio.NioEventLoop.processSelectedKey(NioEventLoop.java:632)
	at org.apache.ratis.thirdparty.io.netty.channel.nio.NioEventLoop.processSelectedKeysOptimized(NioEventLoop.java:579)
	at org.apache.ratis.thirdparty.io.netty.channel.nio.NioEventLoop.processSelectedKeys(NioEventLoop.java:496)
	at org.apache.ratis.thirdparty.io.netty.channel.nio.NioEventLoop.run(NioEventLoop.java:458)
	at org.apache.ratis.thirdparty.io.netty.util.concurrent.SingleThreadEventExecutor$5.run(SingleThreadEventExecutor.java:897)
	at org.apache.ratis.thirdparty.io.netty.util.concurrent.FastThreadLocalRunnable.run(FastThreadLocalRunnable.java:30)
	... 1 more
Caused by: java.net.ConnectException: Connection refused
	... 11 more
2019-09-27 09:23:36,569 [cbebfacb-c89d-4e0c-ae63-1a234181ea6b@group-498546036227:LeaderElection114] INFO  impl.LeaderElection (LogUtils.java:infoOrTrace(149)) - cbebfacb-c89d-4e0c-ae63-1a234181ea6b@group-498546036227:LeaderElection114 got exception when requesting votes: {}
java.util.concurrent.ExecutionException: org.apache.ratis.thirdparty.io.grpc.StatusRuntimeException: UNAVAILABLE: io exception
	at java.util.concurrent.FutureTask.report(FutureTask.java:122)
	at java.util.concurrent.FutureTask.get(FutureTask.java:192)
	at org.apache.ratis.server.impl.LeaderElection.waitForResults(LeaderElection.java:263)
	at org.apache.ratis.server.impl.LeaderElection.askForVotes(LeaderElection.java:201)
	at org.apache.ratis.server.impl.LeaderElection.run(LeaderElection.java:133)
	at java.lang.Thread.run(Thread.java:748)
Caused by: org.apache.ratis.thirdparty.io.grpc.StatusRuntimeException: UNAVAILABLE: io exception
	at org.apache.ratis.thirdparty.io.grpc.stub.ClientCalls.toStatusRuntimeException(ClientCalls.java:233)
	at org.apache.ratis.thirdparty.io.grpc.stub.ClientCalls.getUnchecked(ClientCalls.java:214)
	at org.apache.ratis.thirdparty.io.grpc.stub.ClientCalls.blockingUnaryCall(ClientCalls.java:139)
	at org.apache.ratis.proto.grpc.RaftServerProtocolServiceGrpc$RaftServerProtocolServiceBlockingStub.requestVote(RaftServerProtocolServiceGrpc.java:265)
	at org.apache.ratis.grpc.server.GrpcServerProtocolClient.requestVote(GrpcServerProtocolClient.java:90)
	at org.apache.ratis.grpc.server.GrpcService.requestVote(GrpcService.java:204)
	at org.apache.ratis.server.impl.LeaderElection.lambda$submitRequests$1(LeaderElection.java:238)
	at java.util.concurrent.FutureTask.run(FutureTask.java:266)
	at java.util.concurrent.Executors$RunnableAdapter.call(Executors.java:511)
	at java.util.concurrent.FutureTask.run(FutureTask.java:266)
	at java.util.concurrent.ThreadPoolExecutor.runWorker(ThreadPoolExecutor.java:1149)
	at java.util.concurrent.ThreadPoolExecutor$Worker.run(ThreadPoolExecutor.java:624)
	... 1 more
Caused by: org.apache.ratis.thirdparty.io.netty.channel.AbstractChannel$AnnotatedConnectException: Connection refused: /192.168.151.103:36657
	at sun.nio.ch.SocketChannelImpl.checkConnect(Native Method)
	at sun.nio.ch.SocketChannelImpl.finishConnect(SocketChannelImpl.java:717)
	at org.apache.ratis.thirdparty.io.netty.channel.socket.nio.NioSocketChannel.doFinishConnect(NioSocketChannel.java:327)
	at org.apache.ratis.thirdparty.io.netty.channel.nio.AbstractNioChannel$AbstractNioUnsafe.finishConnect(AbstractNioChannel.java:340)
	at org.apache.ratis.thirdparty.io.netty.channel.nio.NioEventLoop.processSelectedKey(NioEventLoop.java:632)
	at org.apache.ratis.thirdparty.io.netty.channel.nio.NioEventLoop.processSelectedKeysOptimized(NioEventLoop.java:579)
	at org.apache.ratis.thirdparty.io.netty.channel.nio.NioEventLoop.processSelectedKeys(NioEventLoop.java:496)
	at org.apache.ratis.thirdparty.io.netty.channel.nio.NioEventLoop.run(NioEventLoop.java:458)
	at org.apache.ratis.thirdparty.io.netty.util.concurrent.SingleThreadEventExecutor$5.run(SingleThreadEventExecutor.java:897)
	at org.apache.ratis.thirdparty.io.netty.util.concurrent.FastThreadLocalRunnable.run(FastThreadLocalRunnable.java:30)
	... 1 more
Caused by: java.net.ConnectException: Connection refused
	... 11 more
2019-09-27 09:23:36,571 [cbebfacb-c89d-4e0c-ae63-1a234181ea6b@group-498546036227:LeaderElection114] INFO  impl.LeaderElection (LeaderElection.java:logAndReturn(56)) - cbebfacb-c89d-4e0c-ae63-1a234181ea6b@group-498546036227:LeaderElection114: Election REJECTED; received 0 response(s) [] and 2 exception(s); cbebfacb-c89d-4e0c-ae63-1a234181ea6b@group-498546036227:t6, leader=null, voted=cbebfacb-c89d-4e0c-ae63-1a234181ea6b, raftlog=cbebfacb-c89d-4e0c-ae63-1a234181ea6b@group-498546036227-SegmentedRaftLog:OPENED:c0,f0,i0, conf=0: [cbebfacb-c89d-4e0c-ae63-1a234181ea6b:192.168.151.103:37470, 6dd4b024-258e-4435-a177-4ad68e7047f2:192.168.151.103:45014, 692a0e7c-3695-46c2-84c2-73657d75aae6:192.168.151.103:36657], old=null
2019-09-27 09:23:36,571 [cbebfacb-c89d-4e0c-ae63-1a234181ea6b@group-498546036227:LeaderElection114] INFO  impl.LeaderElection (LogUtils.java:infoOrTrace(149)) -   Exception 0: {}
java.util.concurrent.ExecutionException: org.apache.ratis.thirdparty.io.grpc.StatusRuntimeException: UNAVAILABLE: io exception
	at java.util.concurrent.FutureTask.report(FutureTask.java:122)
	at java.util.concurrent.FutureTask.get(FutureTask.java:192)
	at org.apache.ratis.server.impl.LeaderElection.waitForResults(LeaderElection.java:263)
	at org.apache.ratis.server.impl.LeaderElection.askForVotes(LeaderElection.java:201)
	at org.apache.ratis.server.impl.LeaderElection.run(LeaderElection.java:133)
	at java.lang.Thread.run(Thread.java:748)
Caused by: org.apache.ratis.thirdparty.io.grpc.StatusRuntimeException: UNAVAILABLE: io exception
	at org.apache.ratis.thirdparty.io.grpc.stub.ClientCalls.toStatusRuntimeException(ClientCalls.java:233)
	at org.apache.ratis.thirdparty.io.grpc.stub.ClientCalls.getUnchecked(ClientCalls.java:214)
	at org.apache.ratis.thirdparty.io.grpc.stub.ClientCalls.blockingUnaryCall(ClientCalls.java:139)
	at org.apache.ratis.proto.grpc.RaftServerProtocolServiceGrpc$RaftServerProtocolServiceBlockingStub.requestVote(RaftServerProtocolServiceGrpc.java:265)
	at org.apache.ratis.grpc.server.GrpcServerProtocolClient.requestVote(GrpcServerProtocolClient.java:90)
	at org.apache.ratis.grpc.server.GrpcService.requestVote(GrpcService.java:204)
	at org.apache.ratis.server.impl.LeaderElection.lambda$submitRequests$1(LeaderElection.java:238)
	at java.util.concurrent.FutureTask.run(FutureTask.java:266)
	at java.util.concurrent.Executors$RunnableAdapter.call(Executors.java:511)
	at java.util.concurrent.FutureTask.run(FutureTask.java:266)
	at java.util.concurrent.ThreadPoolExecutor.runWorker(ThreadPoolExecutor.java:1149)
	at java.util.concurrent.ThreadPoolExecutor$Worker.run(ThreadPoolExecutor.java:624)
	... 1 more
Caused by: org.apache.ratis.thirdparty.io.netty.channel.AbstractChannel$AnnotatedConnectException: Connection refused: /192.168.151.103:45014
	at sun.nio.ch.SocketChannelImpl.checkConnect(Native Method)
	at sun.nio.ch.SocketChannelImpl.finishConnect(SocketChannelImpl.java:717)
	at org.apache.ratis.thirdparty.io.netty.channel.socket.nio.NioSocketChannel.doFinishConnect(NioSocketChannel.java:327)
	at org.apache.ratis.thirdparty.io.netty.channel.nio.AbstractNioChannel$AbstractNioUnsafe.finishConnect(AbstractNioChannel.java:340)
	at org.apache.ratis.thirdparty.io.netty.channel.nio.NioEventLoop.processSelectedKey(NioEventLoop.java:632)
	at org.apache.ratis.thirdparty.io.netty.channel.nio.NioEventLoop.processSelectedKeysOptimized(NioEventLoop.java:579)
	at org.apache.ratis.thirdparty.io.netty.channel.nio.NioEventLoop.processSelectedKeys(NioEventLoop.java:496)
	at org.apache.ratis.thirdparty.io.netty.channel.nio.NioEventLoop.run(NioEventLoop.java:458)
	at org.apache.ratis.thirdparty.io.netty.util.concurrent.SingleThreadEventExecutor$5.run(SingleThreadEventExecutor.java:897)
	at org.apache.ratis.thirdparty.io.netty.util.concurrent.FastThreadLocalRunnable.run(FastThreadLocalRunnable.java:30)
	... 1 more
Caused by: java.net.ConnectException: Connection refused
	... 11 more
2019-09-27 09:23:36,572 [cbebfacb-c89d-4e0c-ae63-1a234181ea6b@group-498546036227:LeaderElection114] INFO  impl.LeaderElection (LogUtils.java:infoOrTrace(149)) -   Exception 1: {}
java.util.concurrent.ExecutionException: org.apache.ratis.thirdparty.io.grpc.StatusRuntimeException: UNAVAILABLE: io exception
	at java.util.concurrent.FutureTask.report(FutureTask.java:122)
	at java.util.concurrent.FutureTask.get(FutureTask.java:192)
	at org.apache.ratis.server.impl.LeaderElection.waitForResults(LeaderElection.java:263)
	at org.apache.ratis.server.impl.LeaderElection.askForVotes(LeaderElection.java:201)
	at org.apache.ratis.server.impl.LeaderElection.run(LeaderElection.java:133)
	at java.lang.Thread.run(Thread.java:748)
Caused by: org.apache.ratis.thirdparty.io.grpc.StatusRuntimeException: UNAVAILABLE: io exception
	at org.apache.ratis.thirdparty.io.grpc.stub.ClientCalls.toStatusRuntimeException(ClientCalls.java:233)
	at org.apache.ratis.thirdparty.io.grpc.stub.ClientCalls.getUnchecked(ClientCalls.java:214)
	at org.apache.ratis.thirdparty.io.grpc.stub.ClientCalls.blockingUnaryCall(ClientCalls.java:139)
	at org.apache.ratis.proto.grpc.RaftServerProtocolServiceGrpc$RaftServerProtocolServiceBlockingStub.requestVote(RaftServerProtocolServiceGrpc.java:265)
	at org.apache.ratis.grpc.server.GrpcServerProtocolClient.requestVote(GrpcServerProtocolClient.java:90)
	at org.apache.ratis.grpc.server.GrpcService.requestVote(GrpcService.java:204)
	at org.apache.ratis.server.impl.LeaderElection.lambda$submitRequests$1(LeaderElection.java:238)
	at java.util.concurrent.FutureTask.run(FutureTask.java:266)
	at java.util.concurrent.Executors$RunnableAdapter.call(Executors.java:511)
	at java.util.concurrent.FutureTask.run(FutureTask.java:266)
	at java.util.concurrent.ThreadPoolExecutor.runWorker(ThreadPoolExecutor.java:1149)
	at java.util.concurrent.ThreadPoolExecutor$Worker.run(ThreadPoolExecutor.java:624)
	... 1 more
Caused by: org.apache.ratis.thirdparty.io.netty.channel.AbstractChannel$AnnotatedConnectException: Connection refused: /192.168.151.103:36657
	at sun.nio.ch.SocketChannelImpl.checkConnect(Native Method)
	at sun.nio.ch.SocketChannelImpl.finishConnect(SocketChannelImpl.java:717)
	at org.apache.ratis.thirdparty.io.netty.channel.socket.nio.NioSocketChannel.doFinishConnect(NioSocketChannel.java:327)
	at org.apache.ratis.thirdparty.io.netty.channel.nio.AbstractNioChannel$AbstractNioUnsafe.finishConnect(AbstractNioChannel.java:340)
	at org.apache.ratis.thirdparty.io.netty.channel.nio.NioEventLoop.processSelectedKey(NioEventLoop.java:632)
	at org.apache.ratis.thirdparty.io.netty.channel.nio.NioEventLoop.processSelectedKeysOptimized(NioEventLoop.java:579)
	at org.apache.ratis.thirdparty.io.netty.channel.nio.NioEventLoop.processSelectedKeys(NioEventLoop.java:496)
	at org.apache.ratis.thirdparty.io.netty.channel.nio.NioEventLoop.run(NioEventLoop.java:458)
	at org.apache.ratis.thirdparty.io.netty.util.concurrent.SingleThreadEventExecutor$5.run(SingleThreadEventExecutor.java:897)
	at org.apache.ratis.thirdparty.io.netty.util.concurrent.FastThreadLocalRunnable.run(FastThreadLocalRunnable.java:30)
	... 1 more
Caused by: java.net.ConnectException: Connection refused
	... 11 more
2019-09-27 09:23:36,572 [cbebfacb-c89d-4e0c-ae63-1a234181ea6b@group-498546036227:LeaderElection114] INFO  impl.RaftServerImpl (RaftServerImpl.java:setRole(174)) - cbebfacb-c89d-4e0c-ae63-1a234181ea6b@group-498546036227: changes role from CANDIDATE to FOLLOWER at term 6 for DISCOVERED_A_NEW_TERM
2019-09-27 09:23:36,572 [cbebfacb-c89d-4e0c-ae63-1a234181ea6b@group-498546036227:LeaderElection114] INFO  impl.RoleInfo (RoleInfo.java:shutdownLeaderElection(134)) - cbebfacb-c89d-4e0c-ae63-1a234181ea6b: shutdown LeaderElection
2019-09-27 09:23:36,572 [cbebfacb-c89d-4e0c-ae63-1a234181ea6b@group-498546036227:LeaderElection114] INFO  impl.RoleInfo (RoleInfo.java:updateAndGet(143)) - cbebfacb-c89d-4e0c-ae63-1a234181ea6b: start FollowerState
2019-09-27 09:23:36,768 [grpc-default-executor-2] WARN  server.GrpcLogAppender (LogUtils.java:warn(134)) - 161d0b6c-bb81-43fa-8578-505f63e7c46b@group-51FE514263BA->e6683dc0-e787-4f77-a1bd-b29d73bfe0c0-AppendLogResponseHandler: Failed appendEntries: org.apache.ratis.thirdparty.io.grpc.StatusRuntimeException: UNAVAILABLE: io exception
2019-09-27 09:23:36,768 [grpc-default-executor-2] INFO  impl.FollowerInfo (FollowerInfo.java:lambda$new$0(51)) - 161d0b6c-bb81-43fa-8578-505f63e7c46b@group-51FE514263BA->e6683dc0-e787-4f77-a1bd-b29d73bfe0c0: nextIndex: updateUnconditionally 0 -> 0
2019-09-27 09:23:36,842 [Datanode State Machine Thread - 0] INFO  statemachine.DatanodeStateMachine (DatanodeStateMachine.java:lambda$startDaemon$0(350)) - Ozone container server started.
2019-09-27 09:23:37,151 [Thread-6220] INFO  impl.FollowerState (FollowerState.java:run(106)) - 9d1fa352-1a82-481d-9d24-e29bb21dd7ac:group-BE313173F156 changes to CANDIDATE, lastRpcTime:1424, electionTimeout:1177ms
2019-09-27 09:23:37,152 [Thread-6220] INFO  impl.RoleInfo (RoleInfo.java:shutdownFollowerState(121)) - 9d1fa352-1a82-481d-9d24-e29bb21dd7ac: shutdown FollowerState
2019-09-27 09:23:37,152 [Thread-6220] INFO  impl.RaftServerImpl (RaftServerImpl.java:setRole(174)) - 9d1fa352-1a82-481d-9d24-e29bb21dd7ac@group-BE313173F156: changes role from  FOLLOWER to CANDIDATE at term 1 for changeToCandidate
2019-09-27 09:23:37,152 [Thread-6220] INFO  impl.RoleInfo (RoleInfo.java:updateAndGet(143)) - 9d1fa352-1a82-481d-9d24-e29bb21dd7ac: start LeaderElection
2019-09-27 09:23:37,153 [9d1fa352-1a82-481d-9d24-e29bb21dd7ac@group-BE313173F156:LeaderElection115] INFO  impl.RaftServerImpl (ServerState.java:setLeader(253)) - 9d1fa352-1a82-481d-9d24-e29bb21dd7ac@group-BE313173F156: change Leader from 69eece0b-35aa-4c3f-ae5c-22aaa3245fe4 to null at term 1 for initElection
2019-09-27 09:23:37,167 [9d1fa352-1a82-481d-9d24-e29bb21dd7ac@group-BE313173F156:LeaderElection115] INFO  impl.LeaderElection (LeaderElection.java:askForVotes(182)) - 9d1fa352-1a82-481d-9d24-e29bb21dd7ac@group-BE313173F156:LeaderElection115: begin an election at term 2 for 0: [9d1fa352-1a82-481d-9d24-e29bb21dd7ac:192.168.151.103:33561, 545840a3-a59e-4544-b748-6e804ee187a8:192.168.151.103:38575, 69eece0b-35aa-4c3f-ae5c-22aaa3245fe4:192.168.151.103:38721], old=null
2019-09-27 09:23:37,169 [9d1fa352-1a82-481d-9d24-e29bb21dd7ac@group-BE313173F156:LeaderElection115] INFO  impl.LeaderElection (LogUtils.java:infoOrTrace(149)) - 9d1fa352-1a82-481d-9d24-e29bb21dd7ac@group-BE313173F156:LeaderElection115 got exception when requesting votes: {}
java.util.concurrent.ExecutionException: org.apache.ratis.thirdparty.io.grpc.StatusRuntimeException: UNAVAILABLE: io exception
	at java.util.concurrent.FutureTask.report(FutureTask.java:122)
	at java.util.concurrent.FutureTask.get(FutureTask.java:192)
	at org.apache.ratis.server.impl.LeaderElection.waitForResults(LeaderElection.java:263)
	at org.apache.ratis.server.impl.LeaderElection.askForVotes(LeaderElection.java:201)
	at org.apache.ratis.server.impl.LeaderElection.run(LeaderElection.java:133)
	at java.lang.Thread.run(Thread.java:748)
Caused by: org.apache.ratis.thirdparty.io.grpc.StatusRuntimeException: UNAVAILABLE: io exception
	at org.apache.ratis.thirdparty.io.grpc.stub.ClientCalls.toStatusRuntimeException(ClientCalls.java:233)
	at org.apache.ratis.thirdparty.io.grpc.stub.ClientCalls.getUnchecked(ClientCalls.java:214)
	at org.apache.ratis.thirdparty.io.grpc.stub.ClientCalls.blockingUnaryCall(ClientCalls.java:139)
	at org.apache.ratis.proto.grpc.RaftServerProtocolServiceGrpc$RaftServerProtocolServiceBlockingStub.requestVote(RaftServerProtocolServiceGrpc.java:265)
	at org.apache.ratis.grpc.server.GrpcServerProtocolClient.requestVote(GrpcServerProtocolClient.java:90)
	at org.apache.ratis.grpc.server.GrpcService.requestVote(GrpcService.java:204)
	at org.apache.ratis.server.impl.LeaderElection.lambda$submitRequests$1(LeaderElection.java:238)
	at java.util.concurrent.FutureTask.run(FutureTask.java:266)
	at java.util.concurrent.Executors$RunnableAdapter.call(Executors.java:511)
	at java.util.concurrent.FutureTask.run(FutureTask.java:266)
	at java.util.concurrent.ThreadPoolExecutor.runWorker(ThreadPoolExecutor.java:1149)
	at java.util.concurrent.ThreadPoolExecutor$Worker.run(ThreadPoolExecutor.java:624)
	... 1 more
Caused by: org.apache.ratis.thirdparty.io.netty.channel.AbstractChannel$AnnotatedConnectException: Connection refused: /192.168.151.103:38575
	at sun.nio.ch.SocketChannelImpl.checkConnect(Native Method)
	at sun.nio.ch.SocketChannelImpl.finishConnect(SocketChannelImpl.java:717)
	at org.apache.ratis.thirdparty.io.netty.channel.socket.nio.NioSocketChannel.doFinishConnect(NioSocketChannel.java:327)
	at org.apache.ratis.thirdparty.io.netty.channel.nio.AbstractNioChannel$AbstractNioUnsafe.finishConnect(AbstractNioChannel.java:340)
	at org.apache.ratis.thirdparty.io.netty.channel.nio.NioEventLoop.processSelectedKey(NioEventLoop.java:632)
	at org.apache.ratis.thirdparty.io.netty.channel.nio.NioEventLoop.processSelectedKeysOptimized(NioEventLoop.java:579)
	at org.apache.ratis.thirdparty.io.netty.channel.nio.NioEventLoop.processSelectedKeys(NioEventLoop.java:496)
	at org.apache.ratis.thirdparty.io.netty.channel.nio.NioEventLoop.run(NioEventLoop.java:458)
	at org.apache.ratis.thirdparty.io.netty.util.concurrent.SingleThreadEventExecutor$5.run(SingleThreadEventExecutor.java:897)
	at org.apache.ratis.thirdparty.io.netty.util.concurrent.FastThreadLocalRunnable.run(FastThreadLocalRunnable.java:30)
	... 1 more
Caused by: java.net.ConnectException: Connection refused
	... 11 more
2019-09-27 09:23:37,172 [9d1fa352-1a82-481d-9d24-e29bb21dd7ac@group-BE313173F156:LeaderElection115] INFO  impl.LeaderElection (LogUtils.java:infoOrTrace(149)) - 9d1fa352-1a82-481d-9d24-e29bb21dd7ac@group-BE313173F156:LeaderElection115 got exception when requesting votes: {}
java.util.concurrent.ExecutionException: org.apache.ratis.thirdparty.io.grpc.StatusRuntimeException: UNAVAILABLE: io exception
	at java.util.concurrent.FutureTask.report(FutureTask.java:122)
	at java.util.concurrent.FutureTask.get(FutureTask.java:192)
	at org.apache.ratis.server.impl.LeaderElection.waitForResults(LeaderElection.java:263)
	at org.apache.ratis.server.impl.LeaderElection.askForVotes(LeaderElection.java:201)
	at org.apache.ratis.server.impl.LeaderElection.run(LeaderElection.java:133)
	at java.lang.Thread.run(Thread.java:748)
Caused by: org.apache.ratis.thirdparty.io.grpc.StatusRuntimeException: UNAVAILABLE: io exception
	at org.apache.ratis.thirdparty.io.grpc.stub.ClientCalls.toStatusRuntimeException(ClientCalls.java:233)
	at org.apache.ratis.thirdparty.io.grpc.stub.ClientCalls.getUnchecked(ClientCalls.java:214)
	at org.apache.ratis.thirdparty.io.grpc.stub.ClientCalls.blockingUnaryCall(ClientCalls.java:139)
	at org.apache.ratis.proto.grpc.RaftServerProtocolServiceGrpc$RaftServerProtocolServiceBlockingStub.requestVote(RaftServerProtocolServiceGrpc.java:265)
	at org.apache.ratis.grpc.server.GrpcServerProtocolClient.requestVote(GrpcServerProtocolClient.java:90)
	at org.apache.ratis.grpc.server.GrpcService.requestVote(GrpcService.java:204)
	at org.apache.ratis.server.impl.LeaderElection.lambda$submitRequests$1(LeaderElection.java:238)
	at java.util.concurrent.FutureTask.run(FutureTask.java:266)
	at java.util.concurrent.Executors$RunnableAdapter.call(Executors.java:511)
	at java.util.concurrent.FutureTask.run(FutureTask.java:266)
	at java.util.concurrent.ThreadPoolExecutor.runWorker(ThreadPoolExecutor.java:1149)
	at java.util.concurrent.ThreadPoolExecutor$Worker.run(ThreadPoolExecutor.java:624)
	... 1 more
Caused by: org.apache.ratis.thirdparty.io.netty.channel.AbstractChannel$AnnotatedConnectException: Connection refused: /192.168.151.103:38721
	at sun.nio.ch.SocketChannelImpl.checkConnect(Native Method)
	at sun.nio.ch.SocketChannelImpl.finishConnect(SocketChannelImpl.java:717)
	at org.apache.ratis.thirdparty.io.netty.channel.socket.nio.NioSocketChannel.doFinishConnect(NioSocketChannel.java:327)
	at org.apache.ratis.thirdparty.io.netty.channel.nio.AbstractNioChannel$AbstractNioUnsafe.finishConnect(AbstractNioChannel.java:340)
	at org.apache.ratis.thirdparty.io.netty.channel.nio.NioEventLoop.processSelectedKey(NioEventLoop.java:632)
	at org.apache.ratis.thirdparty.io.netty.channel.nio.NioEventLoop.processSelectedKeysOptimized(NioEventLoop.java:579)
	at org.apache.ratis.thirdparty.io.netty.channel.nio.NioEventLoop.processSelectedKeys(NioEventLoop.java:496)
	at org.apache.ratis.thirdparty.io.netty.channel.nio.NioEventLoop.run(NioEventLoop.java:458)
	at org.apache.ratis.thirdparty.io.netty.util.concurrent.SingleThreadEventExecutor$5.run(SingleThreadEventExecutor.java:897)
	at org.apache.ratis.thirdparty.io.netty.util.concurrent.FastThreadLocalRunnable.run(FastThreadLocalRunnable.java:30)
	... 1 more
Caused by: java.net.ConnectException: Connection refused
	... 11 more
2019-09-27 09:23:37,174 [9d1fa352-1a82-481d-9d24-e29bb21dd7ac@group-BE313173F156:LeaderElection115] INFO  impl.LeaderElection (LeaderElection.java:logAndReturn(56)) - 9d1fa352-1a82-481d-9d24-e29bb21dd7ac@group-BE313173F156:LeaderElection115: Election REJECTED; received 0 response(s) [] and 2 exception(s); 9d1fa352-1a82-481d-9d24-e29bb21dd7ac@group-BE313173F156:t2, leader=null, voted=9d1fa352-1a82-481d-9d24-e29bb21dd7ac, raftlog=9d1fa352-1a82-481d-9d24-e29bb21dd7ac@group-BE313173F156-SegmentedRaftLog:OPENED:c0,f0,i0, conf=0: [9d1fa352-1a82-481d-9d24-e29bb21dd7ac:192.168.151.103:33561, 545840a3-a59e-4544-b748-6e804ee187a8:192.168.151.103:38575, 69eece0b-35aa-4c3f-ae5c-22aaa3245fe4:192.168.151.103:38721], old=null
2019-09-27 09:23:37,175 [9d1fa352-1a82-481d-9d24-e29bb21dd7ac@group-BE313173F156:LeaderElection115] INFO  impl.LeaderElection (LogUtils.java:infoOrTrace(149)) -   Exception 0: {}
java.util.concurrent.ExecutionException: org.apache.ratis.thirdparty.io.grpc.StatusRuntimeException: UNAVAILABLE: io exception
	at java.util.concurrent.FutureTask.report(FutureTask.java:122)
	at java.util.concurrent.FutureTask.get(FutureTask.java:192)
	at org.apache.ratis.server.impl.LeaderElection.waitForResults(LeaderElection.java:263)
	at org.apache.ratis.server.impl.LeaderElection.askForVotes(LeaderElection.java:201)
	at org.apache.ratis.server.impl.LeaderElection.run(LeaderElection.java:133)
	at java.lang.Thread.run(Thread.java:748)
Caused by: org.apache.ratis.thirdparty.io.grpc.StatusRuntimeException: UNAVAILABLE: io exception
	at org.apache.ratis.thirdparty.io.grpc.stub.ClientCalls.toStatusRuntimeException(ClientCalls.java:233)
	at org.apache.ratis.thirdparty.io.grpc.stub.ClientCalls.getUnchecked(ClientCalls.java:214)
	at org.apache.ratis.thirdparty.io.grpc.stub.ClientCalls.blockingUnaryCall(ClientCalls.java:139)
	at org.apache.ratis.proto.grpc.RaftServerProtocolServiceGrpc$RaftServerProtocolServiceBlockingStub.requestVote(RaftServerProtocolServiceGrpc.java:265)
	at org.apache.ratis.grpc.server.GrpcServerProtocolClient.requestVote(GrpcServerProtocolClient.java:90)
	at org.apache.ratis.grpc.server.GrpcService.requestVote(GrpcService.java:204)
	at org.apache.ratis.server.impl.LeaderElection.lambda$submitRequests$1(LeaderElection.java:238)
	at java.util.concurrent.FutureTask.run(FutureTask.java:266)
	at java.util.concurrent.Executors$RunnableAdapter.call(Executors.java:511)
	at java.util.concurrent.FutureTask.run(FutureTask.java:266)
	at java.util.concurrent.ThreadPoolExecutor.runWorker(ThreadPoolExecutor.java:1149)
	at java.util.concurrent.ThreadPoolExecutor$Worker.run(ThreadPoolExecutor.java:624)
	... 1 more
Caused by: org.apache.ratis.thirdparty.io.netty.channel.AbstractChannel$AnnotatedConnectException: Connection refused: /192.168.151.103:38575
	at sun.nio.ch.SocketChannelImpl.checkConnect(Native Method)
	at sun.nio.ch.SocketChannelImpl.finishConnect(SocketChannelImpl.java:717)
	at org.apache.ratis.thirdparty.io.netty.channel.socket.nio.NioSocketChannel.doFinishConnect(NioSocketChannel.java:327)
	at org.apache.ratis.thirdparty.io.netty.channel.nio.AbstractNioChannel$AbstractNioUnsafe.finishConnect(AbstractNioChannel.java:340)
	at org.apache.ratis.thirdparty.io.netty.channel.nio.NioEventLoop.processSelectedKey(NioEventLoop.java:632)
	at org.apache.ratis.thirdparty.io.netty.channel.nio.NioEventLoop.processSelectedKeysOptimized(NioEventLoop.java:579)
	at org.apache.ratis.thirdparty.io.netty.channel.nio.NioEventLoop.processSelectedKeys(NioEventLoop.java:496)
	at org.apache.ratis.thirdparty.io.netty.channel.nio.NioEventLoop.run(NioEventLoop.java:458)
	at org.apache.ratis.thirdparty.io.netty.util.concurrent.SingleThreadEventExecutor$5.run(SingleThreadEventExecutor.java:897)
	at org.apache.ratis.thirdparty.io.netty.util.concurrent.FastThreadLocalRunnable.run(FastThreadLocalRunnable.java:30)
	... 1 more
Caused by: java.net.ConnectException: Connection refused
	... 11 more
2019-09-27 09:23:37,175 [9d1fa352-1a82-481d-9d24-e29bb21dd7ac@group-BE313173F156:LeaderElection115] INFO  impl.LeaderElection (LogUtils.java:infoOrTrace(149)) -   Exception 1: {}
java.util.concurrent.ExecutionException: org.apache.ratis.thirdparty.io.grpc.StatusRuntimeException: UNAVAILABLE: io exception
	at java.util.concurrent.FutureTask.report(FutureTask.java:122)
	at java.util.concurrent.FutureTask.get(FutureTask.java:192)
	at org.apache.ratis.server.impl.LeaderElection.waitForResults(LeaderElection.java:263)
	at org.apache.ratis.server.impl.LeaderElection.askForVotes(LeaderElection.java:201)
	at org.apache.ratis.server.impl.LeaderElection.run(LeaderElection.java:133)
	at java.lang.Thread.run(Thread.java:748)
Caused by: org.apache.ratis.thirdparty.io.grpc.StatusRuntimeException: UNAVAILABLE: io exception
	at org.apache.ratis.thirdparty.io.grpc.stub.ClientCalls.toStatusRuntimeException(ClientCalls.java:233)
	at org.apache.ratis.thirdparty.io.grpc.stub.ClientCalls.getUnchecked(ClientCalls.java:214)
	at org.apache.ratis.thirdparty.io.grpc.stub.ClientCalls.blockingUnaryCall(ClientCalls.java:139)
	at org.apache.ratis.proto.grpc.RaftServerProtocolServiceGrpc$RaftServerProtocolServiceBlockingStub.requestVote(RaftServerProtocolServiceGrpc.java:265)
	at org.apache.ratis.grpc.server.GrpcServerProtocolClient.requestVote(GrpcServerProtocolClient.java:90)
	at org.apache.ratis.grpc.server.GrpcService.requestVote(GrpcService.java:204)
	at org.apache.ratis.server.impl.LeaderElection.lambda$submitRequests$1(LeaderElection.java:238)
	at java.util.concurrent.FutureTask.run(FutureTask.java:266)
	at java.util.concurrent.Executors$RunnableAdapter.call(Executors.java:511)
	at java.util.concurrent.FutureTask.run(FutureTask.java:266)
	at java.util.concurrent.ThreadPoolExecutor.runWorker(ThreadPoolExecutor.java:1149)
	at java.util.concurrent.ThreadPoolExecutor$Worker.run(ThreadPoolExecutor.java:624)
	... 1 more
Caused by: org.apache.ratis.thirdparty.io.netty.channel.AbstractChannel$AnnotatedConnectException: Connection refused: /192.168.151.103:38721
	at sun.nio.ch.SocketChannelImpl.checkConnect(Native Method)
	at sun.nio.ch.SocketChannelImpl.finishConnect(SocketChannelImpl.java:717)
	at org.apache.ratis.thirdparty.io.netty.channel.socket.nio.NioSocketChannel.doFinishConnect(NioSocketChannel.java:327)
	at org.apache.ratis.thirdparty.io.netty.channel.nio.AbstractNioChannel$AbstractNioUnsafe.finishConnect(AbstractNioChannel.java:340)
	at org.apache.ratis.thirdparty.io.netty.channel.nio.NioEventLoop.processSelectedKey(NioEventLoop.java:632)
	at org.apache.ratis.thirdparty.io.netty.channel.nio.NioEventLoop.processSelectedKeysOptimized(NioEventLoop.java:579)
	at org.apache.ratis.thirdparty.io.netty.channel.nio.NioEventLoop.processSelectedKeys(NioEventLoop.java:496)
	at org.apache.ratis.thirdparty.io.netty.channel.nio.NioEventLoop.run(NioEventLoop.java:458)
	at org.apache.ratis.thirdparty.io.netty.util.concurrent.SingleThreadEventExecutor$5.run(SingleThreadEventExecutor.java:897)
	at org.apache.ratis.thirdparty.io.netty.util.concurrent.FastThreadLocalRunnable.run(FastThreadLocalRunnable.java:30)
	... 1 more
Caused by: java.net.ConnectException: Connection refused
	... 11 more
2019-09-27 09:23:37,175 [9d1fa352-1a82-481d-9d24-e29bb21dd7ac@group-BE313173F156:LeaderElection115] INFO  impl.RaftServerImpl (RaftServerImpl.java:setRole(174)) - 9d1fa352-1a82-481d-9d24-e29bb21dd7ac@group-BE313173F156: changes role from CANDIDATE to FOLLOWER at term 2 for DISCOVERED_A_NEW_TERM
2019-09-27 09:23:37,175 [9d1fa352-1a82-481d-9d24-e29bb21dd7ac@group-BE313173F156:LeaderElection115] INFO  impl.RoleInfo (RoleInfo.java:shutdownLeaderElection(134)) - 9d1fa352-1a82-481d-9d24-e29bb21dd7ac: shutdown LeaderElection
2019-09-27 09:23:37,176 [9d1fa352-1a82-481d-9d24-e29bb21dd7ac@group-BE313173F156:LeaderElection115] INFO  impl.RoleInfo (RoleInfo.java:updateAndGet(143)) - 9d1fa352-1a82-481d-9d24-e29bb21dd7ac: start FollowerState
2019-09-27 09:23:37,268 [grpc-default-executor-5] WARN  server.GrpcLogAppender (LogUtils.java:warn(134)) - 161d0b6c-bb81-43fa-8578-505f63e7c46b@group-51FE514263BA->e6683dc0-e787-4f77-a1bd-b29d73bfe0c0-AppendLogResponseHandler: Failed appendEntries: org.apache.ratis.thirdparty.io.grpc.StatusRuntimeException: UNAVAILABLE: io exception
2019-09-27 09:23:37,268 [grpc-default-executor-5] INFO  impl.FollowerInfo (FollowerInfo.java:lambda$new$0(51)) - 161d0b6c-bb81-43fa-8578-505f63e7c46b@group-51FE514263BA->e6683dc0-e787-4f77-a1bd-b29d73bfe0c0: nextIndex: updateUnconditionally 0 -> 0
2019-09-27 09:23:37,668 [Thread-7750] INFO  impl.FollowerState (FollowerState.java:run(106)) - cbebfacb-c89d-4e0c-ae63-1a234181ea6b:group-498546036227 changes to CANDIDATE, lastRpcTime:1095, electionTimeout:1095ms
2019-09-27 09:23:37,668 [Thread-7750] INFO  impl.RoleInfo (RoleInfo.java:shutdownFollowerState(121)) - cbebfacb-c89d-4e0c-ae63-1a234181ea6b: shutdown FollowerState
2019-09-27 09:23:37,668 [Thread-7750] INFO  impl.RaftServerImpl (RaftServerImpl.java:setRole(174)) - cbebfacb-c89d-4e0c-ae63-1a234181ea6b@group-498546036227: changes role from  FOLLOWER to CANDIDATE at term 6 for changeToCandidate
2019-09-27 09:23:37,668 [Thread-7750] INFO  impl.RoleInfo (RoleInfo.java:updateAndGet(143)) - cbebfacb-c89d-4e0c-ae63-1a234181ea6b: start LeaderElection
2019-09-27 09:23:37,682 [cbebfacb-c89d-4e0c-ae63-1a234181ea6b@group-498546036227:LeaderElection116] INFO  impl.LeaderElection (LeaderElection.java:askForVotes(182)) - cbebfacb-c89d-4e0c-ae63-1a234181ea6b@group-498546036227:LeaderElection116: begin an election at term 7 for 0: [cbebfacb-c89d-4e0c-ae63-1a234181ea6b:192.168.151.103:37470, 6dd4b024-258e-4435-a177-4ad68e7047f2:192.168.151.103:45014, 692a0e7c-3695-46c2-84c2-73657d75aae6:192.168.151.103:36657], old=null
2019-09-27 09:23:37,683 [cbebfacb-c89d-4e0c-ae63-1a234181ea6b@group-498546036227:LeaderElection116] INFO  impl.LeaderElection (LogUtils.java:infoOrTrace(149)) - cbebfacb-c89d-4e0c-ae63-1a234181ea6b@group-498546036227:LeaderElection116 got exception when requesting votes: {}
java.util.concurrent.ExecutionException: org.apache.ratis.thirdparty.io.grpc.StatusRuntimeException: UNAVAILABLE: io exception
	at java.util.concurrent.FutureTask.report(FutureTask.java:122)
	at java.util.concurrent.FutureTask.get(FutureTask.java:192)
	at org.apache.ratis.server.impl.LeaderElection.waitForResults(LeaderElection.java:263)
	at org.apache.ratis.server.impl.LeaderElection.askForVotes(LeaderElection.java:201)
	at org.apache.ratis.server.impl.LeaderElection.run(LeaderElection.java:133)
	at java.lang.Thread.run(Thread.java:748)
Caused by: org.apache.ratis.thirdparty.io.grpc.StatusRuntimeException: UNAVAILABLE: io exception
	at org.apache.ratis.thirdparty.io.grpc.stub.ClientCalls.toStatusRuntimeException(ClientCalls.java:233)
	at org.apache.ratis.thirdparty.io.grpc.stub.ClientCalls.getUnchecked(ClientCalls.java:214)
	at org.apache.ratis.thirdparty.io.grpc.stub.ClientCalls.blockingUnaryCall(ClientCalls.java:139)
	at org.apache.ratis.proto.grpc.RaftServerProtocolServiceGrpc$RaftServerProtocolServiceBlockingStub.requestVote(RaftServerProtocolServiceGrpc.java:265)
	at org.apache.ratis.grpc.server.GrpcServerProtocolClient.requestVote(GrpcServerProtocolClient.java:90)
	at org.apache.ratis.grpc.server.GrpcService.requestVote(GrpcService.java:204)
	at org.apache.ratis.server.impl.LeaderElection.lambda$submitRequests$1(LeaderElection.java:238)
	at java.util.concurrent.FutureTask.run(FutureTask.java:266)
	at java.util.concurrent.Executors$RunnableAdapter.call(Executors.java:511)
	at java.util.concurrent.FutureTask.run(FutureTask.java:266)
	at java.util.concurrent.ThreadPoolExecutor.runWorker(ThreadPoolExecutor.java:1149)
	at java.util.concurrent.ThreadPoolExecutor$Worker.run(ThreadPoolExecutor.java:624)
	... 1 more
Caused by: org.apache.ratis.thirdparty.io.netty.channel.AbstractChannel$AnnotatedConnectException: Connection refused: /192.168.151.103:45014
	at sun.nio.ch.SocketChannelImpl.checkConnect(Native Method)
	at sun.nio.ch.SocketChannelImpl.finishConnect(SocketChannelImpl.java:717)
	at org.apache.ratis.thirdparty.io.netty.channel.socket.nio.NioSocketChannel.doFinishConnect(NioSocketChannel.java:327)
	at org.apache.ratis.thirdparty.io.netty.channel.nio.AbstractNioChannel$AbstractNioUnsafe.finishConnect(AbstractNioChannel.java:340)
	at org.apache.ratis.thirdparty.io.netty.channel.nio.NioEventLoop.processSelectedKey(NioEventLoop.java:632)
	at org.apache.ratis.thirdparty.io.netty.channel.nio.NioEventLoop.processSelectedKeysOptimized(NioEventLoop.java:579)
	at org.apache.ratis.thirdparty.io.netty.channel.nio.NioEventLoop.processSelectedKeys(NioEventLoop.java:496)
	at org.apache.ratis.thirdparty.io.netty.channel.nio.NioEventLoop.run(NioEventLoop.java:458)
	at org.apache.ratis.thirdparty.io.netty.util.concurrent.SingleThreadEventExecutor$5.run(SingleThreadEventExecutor.java:897)
	at org.apache.ratis.thirdparty.io.netty.util.concurrent.FastThreadLocalRunnable.run(FastThreadLocalRunnable.java:30)
	... 1 more
Caused by: java.net.ConnectException: Connection refused
	... 11 more
2019-09-27 09:23:37,686 [cbebfacb-c89d-4e0c-ae63-1a234181ea6b@group-498546036227:LeaderElection116] INFO  impl.LeaderElection (LogUtils.java:infoOrTrace(149)) - cbebfacb-c89d-4e0c-ae63-1a234181ea6b@group-498546036227:LeaderElection116 got exception when requesting votes: {}
java.util.concurrent.ExecutionException: org.apache.ratis.thirdparty.io.grpc.StatusRuntimeException: UNAVAILABLE: io exception
	at java.util.concurrent.FutureTask.report(FutureTask.java:122)
	at java.util.concurrent.FutureTask.get(FutureTask.java:192)
	at org.apache.ratis.server.impl.LeaderElection.waitForResults(LeaderElection.java:263)
	at org.apache.ratis.server.impl.LeaderElection.askForVotes(LeaderElection.java:201)
	at org.apache.ratis.server.impl.LeaderElection.run(LeaderElection.java:133)
	at java.lang.Thread.run(Thread.java:748)
Caused by: org.apache.ratis.thirdparty.io.grpc.StatusRuntimeException: UNAVAILABLE: io exception
	at org.apache.ratis.thirdparty.io.grpc.stub.ClientCalls.toStatusRuntimeException(ClientCalls.java:233)
	at org.apache.ratis.thirdparty.io.grpc.stub.ClientCalls.getUnchecked(ClientCalls.java:214)
	at org.apache.ratis.thirdparty.io.grpc.stub.ClientCalls.blockingUnaryCall(ClientCalls.java:139)
	at org.apache.ratis.proto.grpc.RaftServerProtocolServiceGrpc$RaftServerProtocolServiceBlockingStub.requestVote(RaftServerProtocolServiceGrpc.java:265)
	at org.apache.ratis.grpc.server.GrpcServerProtocolClient.requestVote(GrpcServerProtocolClient.java:90)
	at org.apache.ratis.grpc.server.GrpcService.requestVote(GrpcService.java:204)
	at org.apache.ratis.server.impl.LeaderElection.lambda$submitRequests$1(LeaderElection.java:238)
	at java.util.concurrent.FutureTask.run(FutureTask.java:266)
	at java.util.concurrent.Executors$RunnableAdapter.call(Executors.java:511)
	at java.util.concurrent.FutureTask.run(FutureTask.java:266)
	at java.util.concurrent.ThreadPoolExecutor.runWorker(ThreadPoolExecutor.java:1149)
	at java.util.concurrent.ThreadPoolExecutor$Worker.run(ThreadPoolExecutor.java:624)
	... 1 more
Caused by: org.apache.ratis.thirdparty.io.netty.channel.AbstractChannel$AnnotatedConnectException: Connection refused: /192.168.151.103:36657
	at sun.nio.ch.SocketChannelImpl.checkConnect(Native Method)
	at sun.nio.ch.SocketChannelImpl.finishConnect(SocketChannelImpl.java:717)
	at org.apache.ratis.thirdparty.io.netty.channel.socket.nio.NioSocketChannel.doFinishConnect(NioSocketChannel.java:327)
	at org.apache.ratis.thirdparty.io.netty.channel.nio.AbstractNioChannel$AbstractNioUnsafe.finishConnect(AbstractNioChannel.java:340)
	at org.apache.ratis.thirdparty.io.netty.channel.nio.NioEventLoop.processSelectedKey(NioEventLoop.java:632)
	at org.apache.ratis.thirdparty.io.netty.channel.nio.NioEventLoop.processSelectedKeysOptimized(NioEventLoop.java:579)
	at org.apache.ratis.thirdparty.io.netty.channel.nio.NioEventLoop.processSelectedKeys(NioEventLoop.java:496)
	at org.apache.ratis.thirdparty.io.netty.channel.nio.NioEventLoop.run(NioEventLoop.java:458)
	at org.apache.ratis.thirdparty.io.netty.util.concurrent.SingleThreadEventExecutor$5.run(SingleThreadEventExecutor.java:897)
	at org.apache.ratis.thirdparty.io.netty.util.concurrent.FastThreadLocalRunnable.run(FastThreadLocalRunnable.java:30)
	... 1 more
Caused by: java.net.ConnectException: Connection refused
	... 11 more
2019-09-27 09:23:37,689 [cbebfacb-c89d-4e0c-ae63-1a234181ea6b@group-498546036227:LeaderElection116] INFO  impl.LeaderElection (LeaderElection.java:logAndReturn(56)) - cbebfacb-c89d-4e0c-ae63-1a234181ea6b@group-498546036227:LeaderElection116: Election REJECTED; received 0 response(s) [] and 2 exception(s); cbebfacb-c89d-4e0c-ae63-1a234181ea6b@group-498546036227:t7, leader=null, voted=cbebfacb-c89d-4e0c-ae63-1a234181ea6b, raftlog=cbebfacb-c89d-4e0c-ae63-1a234181ea6b@group-498546036227-SegmentedRaftLog:OPENED:c0,f0,i0, conf=0: [cbebfacb-c89d-4e0c-ae63-1a234181ea6b:192.168.151.103:37470, 6dd4b024-258e-4435-a177-4ad68e7047f2:192.168.151.103:45014, 692a0e7c-3695-46c2-84c2-73657d75aae6:192.168.151.103:36657], old=null
2019-09-27 09:23:37,689 [cbebfacb-c89d-4e0c-ae63-1a234181ea6b@group-498546036227:LeaderElection116] INFO  impl.LeaderElection (LogUtils.java:infoOrTrace(149)) -   Exception 0: {}
java.util.concurrent.ExecutionException: org.apache.ratis.thirdparty.io.grpc.StatusRuntimeException: UNAVAILABLE: io exception
	at java.util.concurrent.FutureTask.report(FutureTask.java:122)
	at java.util.concurrent.FutureTask.get(FutureTask.java:192)
	at org.apache.ratis.server.impl.LeaderElection.waitForResults(LeaderElection.java:263)
	at org.apache.ratis.server.impl.LeaderElection.askForVotes(LeaderElection.java:201)
	at org.apache.ratis.server.impl.LeaderElection.run(LeaderElection.java:133)
	at java.lang.Thread.run(Thread.java:748)
Caused by: org.apache.ratis.thirdparty.io.grpc.StatusRuntimeException: UNAVAILABLE: io exception
	at org.apache.ratis.thirdparty.io.grpc.stub.ClientCalls.toStatusRuntimeException(ClientCalls.java:233)
	at org.apache.ratis.thirdparty.io.grpc.stub.ClientCalls.getUnchecked(ClientCalls.java:214)
	at org.apache.ratis.thirdparty.io.grpc.stub.ClientCalls.blockingUnaryCall(ClientCalls.java:139)
	at org.apache.ratis.proto.grpc.RaftServerProtocolServiceGrpc$RaftServerProtocolServiceBlockingStub.requestVote(RaftServerProtocolServiceGrpc.java:265)
	at org.apache.ratis.grpc.server.GrpcServerProtocolClient.requestVote(GrpcServerProtocolClient.java:90)
	at org.apache.ratis.grpc.server.GrpcService.requestVote(GrpcService.java:204)
	at org.apache.ratis.server.impl.LeaderElection.lambda$submitRequests$1(LeaderElection.java:238)
	at java.util.concurrent.FutureTask.run(FutureTask.java:266)
	at java.util.concurrent.Executors$RunnableAdapter.call(Executors.java:511)
	at java.util.concurrent.FutureTask.run(FutureTask.java:266)
	at java.util.concurrent.ThreadPoolExecutor.runWorker(ThreadPoolExecutor.java:1149)
	at java.util.concurrent.ThreadPoolExecutor$Worker.run(ThreadPoolExecutor.java:624)
	... 1 more
Caused by: org.apache.ratis.thirdparty.io.netty.channel.AbstractChannel$AnnotatedConnectException: Connection refused: /192.168.151.103:45014
	at sun.nio.ch.SocketChannelImpl.checkConnect(Native Method)
	at sun.nio.ch.SocketChannelImpl.finishConnect(SocketChannelImpl.java:717)
	at org.apache.ratis.thirdparty.io.netty.channel.socket.nio.NioSocketChannel.doFinishConnect(NioSocketChannel.java:327)
	at org.apache.ratis.thirdparty.io.netty.channel.nio.AbstractNioChannel$AbstractNioUnsafe.finishConnect(AbstractNioChannel.java:340)
	at org.apache.ratis.thirdparty.io.netty.channel.nio.NioEventLoop.processSelectedKey(NioEventLoop.java:632)
	at org.apache.ratis.thirdparty.io.netty.channel.nio.NioEventLoop.processSelectedKeysOptimized(NioEventLoop.java:579)
	at org.apache.ratis.thirdparty.io.netty.channel.nio.NioEventLoop.processSelectedKeys(NioEventLoop.java:496)
	at org.apache.ratis.thirdparty.io.netty.channel.nio.NioEventLoop.run(NioEventLoop.java:458)
	at org.apache.ratis.thirdparty.io.netty.util.concurrent.SingleThreadEventExecutor$5.run(SingleThreadEventExecutor.java:897)
	at org.apache.ratis.thirdparty.io.netty.util.concurrent.FastThreadLocalRunnable.run(FastThreadLocalRunnable.java:30)
	... 1 more
Caused by: java.net.ConnectException: Connection refused
	... 11 more
2019-09-27 09:23:37,689 [cbebfacb-c89d-4e0c-ae63-1a234181ea6b@group-498546036227:LeaderElection116] INFO  impl.LeaderElection (LogUtils.java:infoOrTrace(149)) -   Exception 1: {}
java.util.concurrent.ExecutionException: org.apache.ratis.thirdparty.io.grpc.StatusRuntimeException: UNAVAILABLE: io exception
	at java.util.concurrent.FutureTask.report(FutureTask.java:122)
	at java.util.concurrent.FutureTask.get(FutureTask.java:192)
	at org.apache.ratis.server.impl.LeaderElection.waitForResults(LeaderElection.java:263)
	at org.apache.ratis.server.impl.LeaderElection.askForVotes(LeaderElection.java:201)
	at org.apache.ratis.server.impl.LeaderElection.run(LeaderElection.java:133)
	at java.lang.Thread.run(Thread.java:748)
Caused by: org.apache.ratis.thirdparty.io.grpc.StatusRuntimeException: UNAVAILABLE: io exception
	at org.apache.ratis.thirdparty.io.grpc.stub.ClientCalls.toStatusRuntimeException(ClientCalls.java:233)
	at org.apache.ratis.thirdparty.io.grpc.stub.ClientCalls.getUnchecked(ClientCalls.java:214)
	at org.apache.ratis.thirdparty.io.grpc.stub.ClientCalls.blockingUnaryCall(ClientCalls.java:139)
	at org.apache.ratis.proto.grpc.RaftServerProtocolServiceGrpc$RaftServerProtocolServiceBlockingStub.requestVote(RaftServerProtocolServiceGrpc.java:265)
	at org.apache.ratis.grpc.server.GrpcServerProtocolClient.requestVote(GrpcServerProtocolClient.java:90)
	at org.apache.ratis.grpc.server.GrpcService.requestVote(GrpcService.java:204)
	at org.apache.ratis.server.impl.LeaderElection.lambda$submitRequests$1(LeaderElection.java:238)
	at java.util.concurrent.FutureTask.run(FutureTask.java:266)
	at java.util.concurrent.Executors$RunnableAdapter.call(Executors.java:511)
	at java.util.concurrent.FutureTask.run(FutureTask.java:266)
	at java.util.concurrent.ThreadPoolExecutor.runWorker(ThreadPoolExecutor.java:1149)
	at java.util.concurrent.ThreadPoolExecutor$Worker.run(ThreadPoolExecutor.java:624)
	... 1 more
Caused by: org.apache.ratis.thirdparty.io.netty.channel.AbstractChannel$AnnotatedConnectException: Connection refused: /192.168.151.103:36657
	at sun.nio.ch.SocketChannelImpl.checkConnect(Native Method)
	at sun.nio.ch.SocketChannelImpl.finishConnect(SocketChannelImpl.java:717)
	at org.apache.ratis.thirdparty.io.netty.channel.socket.nio.NioSocketChannel.doFinishConnect(NioSocketChannel.java:327)
	at org.apache.ratis.thirdparty.io.netty.channel.nio.AbstractNioChannel$AbstractNioUnsafe.finishConnect(AbstractNioChannel.java:340)
	at org.apache.ratis.thirdparty.io.netty.channel.nio.NioEventLoop.processSelectedKey(NioEventLoop.java:632)
	at org.apache.ratis.thirdparty.io.netty.channel.nio.NioEventLoop.processSelectedKeysOptimized(NioEventLoop.java:579)
	at org.apache.ratis.thirdparty.io.netty.channel.nio.NioEventLoop.processSelectedKeys(NioEventLoop.java:496)
	at org.apache.ratis.thirdparty.io.netty.channel.nio.NioEventLoop.run(NioEventLoop.java:458)
	at org.apache.ratis.thirdparty.io.netty.util.concurrent.SingleThreadEventExecutor$5.run(SingleThreadEventExecutor.java:897)
	at org.apache.ratis.thirdparty.io.netty.util.concurrent.FastThreadLocalRunnable.run(FastThreadLocalRunnable.java:30)
	... 1 more
Caused by: java.net.ConnectException: Connection refused
	... 11 more
2019-09-27 09:23:37,689 [cbebfacb-c89d-4e0c-ae63-1a234181ea6b@group-498546036227:LeaderElection116] INFO  impl.RaftServerImpl (RaftServerImpl.java:setRole(174)) - cbebfacb-c89d-4e0c-ae63-1a234181ea6b@group-498546036227: changes role from CANDIDATE to FOLLOWER at term 7 for DISCOVERED_A_NEW_TERM
2019-09-27 09:23:37,689 [cbebfacb-c89d-4e0c-ae63-1a234181ea6b@group-498546036227:LeaderElection116] INFO  impl.RoleInfo (RoleInfo.java:shutdownLeaderElection(134)) - cbebfacb-c89d-4e0c-ae63-1a234181ea6b: shutdown LeaderElection
2019-09-27 09:23:37,690 [cbebfacb-c89d-4e0c-ae63-1a234181ea6b@group-498546036227:LeaderElection116] INFO  impl.RoleInfo (RoleInfo.java:updateAndGet(143)) - cbebfacb-c89d-4e0c-ae63-1a234181ea6b: start FollowerState
2019-09-27 09:23:37,769 [grpc-default-executor-1] WARN  server.GrpcLogAppender (LogUtils.java:warn(134)) - 161d0b6c-bb81-43fa-8578-505f63e7c46b@group-51FE514263BA->e6683dc0-e787-4f77-a1bd-b29d73bfe0c0-AppendLogResponseHandler: Failed appendEntries: org.apache.ratis.thirdparty.io.grpc.StatusRuntimeException: UNAVAILABLE: io exception
2019-09-27 09:23:37,770 [grpc-default-executor-1] INFO  impl.FollowerInfo (FollowerInfo.java:lambda$new$0(51)) - 161d0b6c-bb81-43fa-8578-505f63e7c46b@group-51FE514263BA->e6683dc0-e787-4f77-a1bd-b29d73bfe0c0: nextIndex: updateUnconditionally 0 -> 0
2019-09-27 09:23:38,240 [Thread-7755] INFO  impl.FollowerState (FollowerState.java:run(106)) - 9d1fa352-1a82-481d-9d24-e29bb21dd7ac:group-BE313173F156 changes to CANDIDATE, lastRpcTime:1064, electionTimeout:1064ms
2019-09-27 09:23:38,240 [Thread-7755] INFO  impl.RoleInfo (RoleInfo.java:shutdownFollowerState(121)) - 9d1fa352-1a82-481d-9d24-e29bb21dd7ac: shutdown FollowerState
2019-09-27 09:23:38,241 [Thread-7755] INFO  impl.RaftServerImpl (RaftServerImpl.java:setRole(174)) - 9d1fa352-1a82-481d-9d24-e29bb21dd7ac@group-BE313173F156: changes role from  FOLLOWER to CANDIDATE at term 2 for changeToCandidate
2019-09-27 09:23:38,241 [Thread-7755] INFO  impl.RoleInfo (RoleInfo.java:updateAndGet(143)) - 9d1fa352-1a82-481d-9d24-e29bb21dd7ac: start LeaderElection
2019-09-27 09:23:38,255 [9d1fa352-1a82-481d-9d24-e29bb21dd7ac@group-BE313173F156:LeaderElection117] INFO  impl.LeaderElection (LeaderElection.java:askForVotes(182)) - 9d1fa352-1a82-481d-9d24-e29bb21dd7ac@group-BE313173F156:LeaderElection117: begin an election at term 3 for 0: [9d1fa352-1a82-481d-9d24-e29bb21dd7ac:192.168.151.103:33561, 545840a3-a59e-4544-b748-6e804ee187a8:192.168.151.103:38575, 69eece0b-35aa-4c3f-ae5c-22aaa3245fe4:192.168.151.103:38721], old=null
2019-09-27 09:23:38,256 [9d1fa352-1a82-481d-9d24-e29bb21dd7ac@group-BE313173F156:LeaderElection117] INFO  impl.LeaderElection (LogUtils.java:infoOrTrace(149)) - 9d1fa352-1a82-481d-9d24-e29bb21dd7ac@group-BE313173F156:LeaderElection117 got exception when requesting votes: {}
java.util.concurrent.ExecutionException: org.apache.ratis.thirdparty.io.grpc.StatusRuntimeException: UNAVAILABLE: io exception
	at java.util.concurrent.FutureTask.report(FutureTask.java:122)
	at java.util.concurrent.FutureTask.get(FutureTask.java:192)
	at org.apache.ratis.server.impl.LeaderElection.waitForResults(LeaderElection.java:263)
	at org.apache.ratis.server.impl.LeaderElection.askForVotes(LeaderElection.java:201)
	at org.apache.ratis.server.impl.LeaderElection.run(LeaderElection.java:133)
	at java.lang.Thread.run(Thread.java:748)
Caused by: org.apache.ratis.thirdparty.io.grpc.StatusRuntimeException: UNAVAILABLE: io exception
	at org.apache.ratis.thirdparty.io.grpc.stub.ClientCalls.toStatusRuntimeException(ClientCalls.java:233)
	at org.apache.ratis.thirdparty.io.grpc.stub.ClientCalls.getUnchecked(ClientCalls.java:214)
	at org.apache.ratis.thirdparty.io.grpc.stub.ClientCalls.blockingUnaryCall(ClientCalls.java:139)
	at org.apache.ratis.proto.grpc.RaftServerProtocolServiceGrpc$RaftServerProtocolServiceBlockingStub.requestVote(RaftServerProtocolServiceGrpc.java:265)
	at org.apache.ratis.grpc.server.GrpcServerProtocolClient.requestVote(GrpcServerProtocolClient.java:90)
	at org.apache.ratis.grpc.server.GrpcService.requestVote(GrpcService.java:204)
	at org.apache.ratis.server.impl.LeaderElection.lambda$submitRequests$1(LeaderElection.java:238)
	at java.util.concurrent.FutureTask.run(FutureTask.java:266)
	at java.util.concurrent.Executors$RunnableAdapter.call(Executors.java:511)
	at java.util.concurrent.FutureTask.run(FutureTask.java:266)
	at java.util.concurrent.ThreadPoolExecutor.runWorker(ThreadPoolExecutor.java:1149)
	at java.util.concurrent.ThreadPoolExecutor$Worker.run(ThreadPoolExecutor.java:624)
	... 1 more
Caused by: org.apache.ratis.thirdparty.io.netty.channel.AbstractChannel$AnnotatedConnectException: Connection refused: /192.168.151.103:38575
	at sun.nio.ch.SocketChannelImpl.checkConnect(Native Method)
	at sun.nio.ch.SocketChannelImpl.finishConnect(SocketChannelImpl.java:717)
	at org.apache.ratis.thirdparty.io.netty.channel.socket.nio.NioSocketChannel.doFinishConnect(NioSocketChannel.java:327)
	at org.apache.ratis.thirdparty.io.netty.channel.nio.AbstractNioChannel$AbstractNioUnsafe.finishConnect(AbstractNioChannel.java:340)
	at org.apache.ratis.thirdparty.io.netty.channel.nio.NioEventLoop.processSelectedKey(NioEventLoop.java:632)
	at org.apache.ratis.thirdparty.io.netty.channel.nio.NioEventLoop.processSelectedKeysOptimized(NioEventLoop.java:579)
	at org.apache.ratis.thirdparty.io.netty.channel.nio.NioEventLoop.processSelectedKeys(NioEventLoop.java:496)
	at org.apache.ratis.thirdparty.io.netty.channel.nio.NioEventLoop.run(NioEventLoop.java:458)
	at org.apache.ratis.thirdparty.io.netty.util.concurrent.SingleThreadEventExecutor$5.run(SingleThreadEventExecutor.java:897)
	at org.apache.ratis.thirdparty.io.netty.util.concurrent.FastThreadLocalRunnable.run(FastThreadLocalRunnable.java:30)
	... 1 more
Caused by: java.net.ConnectException: Connection refused
	... 11 more
2019-09-27 09:23:38,259 [9d1fa352-1a82-481d-9d24-e29bb21dd7ac@group-BE313173F156:LeaderElection117] INFO  impl.LeaderElection (LogUtils.java:infoOrTrace(149)) - 9d1fa352-1a82-481d-9d24-e29bb21dd7ac@group-BE313173F156:LeaderElection117 got exception when requesting votes: {}
java.util.concurrent.ExecutionException: org.apache.ratis.thirdparty.io.grpc.StatusRuntimeException: UNAVAILABLE: io exception
	at java.util.concurrent.FutureTask.report(FutureTask.java:122)
	at java.util.concurrent.FutureTask.get(FutureTask.java:192)
	at org.apache.ratis.server.impl.LeaderElection.waitForResults(LeaderElection.java:263)
	at org.apache.ratis.server.impl.LeaderElection.askForVotes(LeaderElection.java:201)
	at org.apache.ratis.server.impl.LeaderElection.run(LeaderElection.java:133)
	at java.lang.Thread.run(Thread.java:748)
Caused by: org.apache.ratis.thirdparty.io.grpc.StatusRuntimeException: UNAVAILABLE: io exception
	at org.apache.ratis.thirdparty.io.grpc.stub.ClientCalls.toStatusRuntimeException(ClientCalls.java:233)
	at org.apache.ratis.thirdparty.io.grpc.stub.ClientCalls.getUnchecked(ClientCalls.java:214)
	at org.apache.ratis.thirdparty.io.grpc.stub.ClientCalls.blockingUnaryCall(ClientCalls.java:139)
	at org.apache.ratis.proto.grpc.RaftServerProtocolServiceGrpc$RaftServerProtocolServiceBlockingStub.requestVote(RaftServerProtocolServiceGrpc.java:265)
	at org.apache.ratis.grpc.server.GrpcServerProtocolClient.requestVote(GrpcServerProtocolClient.java:90)
	at org.apache.ratis.grpc.server.GrpcService.requestVote(GrpcService.java:204)
	at org.apache.ratis.server.impl.LeaderElection.lambda$submitRequests$1(LeaderElection.java:238)
	at java.util.concurrent.FutureTask.run(FutureTask.java:266)
	at java.util.concurrent.Executors$RunnableAdapter.call(Executors.java:511)
	at java.util.concurrent.FutureTask.run(FutureTask.java:266)
	at java.util.concurrent.ThreadPoolExecutor.runWorker(ThreadPoolExecutor.java:1149)
	at java.util.concurrent.ThreadPoolExecutor$Worker.run(ThreadPoolExecutor.java:624)
	... 1 more
Caused by: org.apache.ratis.thirdparty.io.netty.channel.AbstractChannel$AnnotatedConnectException: Connection refused: /192.168.151.103:38721
	at sun.nio.ch.SocketChannelImpl.checkConnect(Native Method)
	at sun.nio.ch.SocketChannelImpl.finishConnect(SocketChannelImpl.java:717)
	at org.apache.ratis.thirdparty.io.netty.channel.socket.nio.NioSocketChannel.doFinishConnect(NioSocketChannel.java:327)
	at org.apache.ratis.thirdparty.io.netty.channel.nio.AbstractNioChannel$AbstractNioUnsafe.finishConnect(AbstractNioChannel.java:340)
	at org.apache.ratis.thirdparty.io.netty.channel.nio.NioEventLoop.processSelectedKey(NioEventLoop.java:632)
	at org.apache.ratis.thirdparty.io.netty.channel.nio.NioEventLoop.processSelectedKeysOptimized(NioEventLoop.java:579)
	at org.apache.ratis.thirdparty.io.netty.channel.nio.NioEventLoop.processSelectedKeys(NioEventLoop.java:496)
	at org.apache.ratis.thirdparty.io.netty.channel.nio.NioEventLoop.run(NioEventLoop.java:458)
	at org.apache.ratis.thirdparty.io.netty.util.concurrent.SingleThreadEventExecutor$5.run(SingleThreadEventExecutor.java:897)
	at org.apache.ratis.thirdparty.io.netty.util.concurrent.FastThreadLocalRunnable.run(FastThreadLocalRunnable.java:30)
	... 1 more
Caused by: java.net.ConnectException: Connection refused
	... 11 more
2019-09-27 09:23:38,261 [9d1fa352-1a82-481d-9d24-e29bb21dd7ac@group-BE313173F156:LeaderElection117] INFO  impl.LeaderElection (LeaderElection.java:logAndReturn(56)) - 9d1fa352-1a82-481d-9d24-e29bb21dd7ac@group-BE313173F156:LeaderElection117: Election REJECTED; received 0 response(s) [] and 2 exception(s); 9d1fa352-1a82-481d-9d24-e29bb21dd7ac@group-BE313173F156:t3, leader=null, voted=9d1fa352-1a82-481d-9d24-e29bb21dd7ac, raftlog=9d1fa352-1a82-481d-9d24-e29bb21dd7ac@group-BE313173F156-SegmentedRaftLog:OPENED:c0,f0,i0, conf=0: [9d1fa352-1a82-481d-9d24-e29bb21dd7ac:192.168.151.103:33561, 545840a3-a59e-4544-b748-6e804ee187a8:192.168.151.103:38575, 69eece0b-35aa-4c3f-ae5c-22aaa3245fe4:192.168.151.103:38721], old=null
2019-09-27 09:23:38,261 [9d1fa352-1a82-481d-9d24-e29bb21dd7ac@group-BE313173F156:LeaderElection117] INFO  impl.LeaderElection (LogUtils.java:infoOrTrace(149)) -   Exception 0: {}
java.util.concurrent.ExecutionException: org.apache.ratis.thirdparty.io.grpc.StatusRuntimeException: UNAVAILABLE: io exception
	at java.util.concurrent.FutureTask.report(FutureTask.java:122)
	at java.util.concurrent.FutureTask.get(FutureTask.java:192)
	at org.apache.ratis.server.impl.LeaderElection.waitForResults(LeaderElection.java:263)
	at org.apache.ratis.server.impl.LeaderElection.askForVotes(LeaderElection.java:201)
	at org.apache.ratis.server.impl.LeaderElection.run(LeaderElection.java:133)
	at java.lang.Thread.run(Thread.java:748)
Caused by: org.apache.ratis.thirdparty.io.grpc.StatusRuntimeException: UNAVAILABLE: io exception
	at org.apache.ratis.thirdparty.io.grpc.stub.ClientCalls.toStatusRuntimeException(ClientCalls.java:233)
	at org.apache.ratis.thirdparty.io.grpc.stub.ClientCalls.getUnchecked(ClientCalls.java:214)
	at org.apache.ratis.thirdparty.io.grpc.stub.ClientCalls.blockingUnaryCall(ClientCalls.java:139)
	at org.apache.ratis.proto.grpc.RaftServerProtocolServiceGrpc$RaftServerProtocolServiceBlockingStub.requestVote(RaftServerProtocolServiceGrpc.java:265)
	at org.apache.ratis.grpc.server.GrpcServerProtocolClient.requestVote(GrpcServerProtocolClient.java:90)
	at org.apache.ratis.grpc.server.GrpcService.requestVote(GrpcService.java:204)
	at org.apache.ratis.server.impl.LeaderElection.lambda$submitRequests$1(LeaderElection.java:238)
	at java.util.concurrent.FutureTask.run(FutureTask.java:266)
	at java.util.concurrent.Executors$RunnableAdapter.call(Executors.java:511)
	at java.util.concurrent.FutureTask.run(FutureTask.java:266)
	at java.util.concurrent.ThreadPoolExecutor.runWorker(ThreadPoolExecutor.java:1149)
	at java.util.concurrent.ThreadPoolExecutor$Worker.run(ThreadPoolExecutor.java:624)
	... 1 more
Caused by: org.apache.ratis.thirdparty.io.netty.channel.AbstractChannel$AnnotatedConnectException: Connection refused: /192.168.151.103:38575
	at sun.nio.ch.SocketChannelImpl.checkConnect(Native Method)
	at sun.nio.ch.SocketChannelImpl.finishConnect(SocketChannelImpl.java:717)
	at org.apache.ratis.thirdparty.io.netty.channel.socket.nio.NioSocketChannel.doFinishConnect(NioSocketChannel.java:327)
	at org.apache.ratis.thirdparty.io.netty.channel.nio.AbstractNioChannel$AbstractNioUnsafe.finishConnect(AbstractNioChannel.java:340)
	at org.apache.ratis.thirdparty.io.netty.channel.nio.NioEventLoop.processSelectedKey(NioEventLoop.java:632)
	at org.apache.ratis.thirdparty.io.netty.channel.nio.NioEventLoop.processSelectedKeysOptimized(NioEventLoop.java:579)
	at org.apache.ratis.thirdparty.io.netty.channel.nio.NioEventLoop.processSelectedKeys(NioEventLoop.java:496)
	at org.apache.ratis.thirdparty.io.netty.channel.nio.NioEventLoop.run(NioEventLoop.java:458)
	at org.apache.ratis.thirdparty.io.netty.util.concurrent.SingleThreadEventExecutor$5.run(SingleThreadEventExecutor.java:897)
	at org.apache.ratis.thirdparty.io.netty.util.concurrent.FastThreadLocalRunnable.run(FastThreadLocalRunnable.java:30)
	... 1 more
Caused by: java.net.ConnectException: Connection refused
	... 11 more
2019-09-27 09:23:38,262 [9d1fa352-1a82-481d-9d24-e29bb21dd7ac@group-BE313173F156:LeaderElection117] INFO  impl.LeaderElection (LogUtils.java:infoOrTrace(149)) -   Exception 1: {}
java.util.concurrent.ExecutionException: org.apache.ratis.thirdparty.io.grpc.StatusRuntimeException: UNAVAILABLE: io exception
	at java.util.concurrent.FutureTask.report(FutureTask.java:122)
	at java.util.concurrent.FutureTask.get(FutureTask.java:192)
	at org.apache.ratis.server.impl.LeaderElection.waitForResults(LeaderElection.java:263)
	at org.apache.ratis.server.impl.LeaderElection.askForVotes(LeaderElection.java:201)
	at org.apache.ratis.server.impl.LeaderElection.run(LeaderElection.java:133)
	at java.lang.Thread.run(Thread.java:748)
Caused by: org.apache.ratis.thirdparty.io.grpc.StatusRuntimeException: UNAVAILABLE: io exception
	at org.apache.ratis.thirdparty.io.grpc.stub.ClientCalls.toStatusRuntimeException(ClientCalls.java:233)
	at org.apache.ratis.thirdparty.io.grpc.stub.ClientCalls.getUnchecked(ClientCalls.java:214)
	at org.apache.ratis.thirdparty.io.grpc.stub.ClientCalls.blockingUnaryCall(ClientCalls.java:139)
	at org.apache.ratis.proto.grpc.RaftServerProtocolServiceGrpc$RaftServerProtocolServiceBlockingStub.requestVote(RaftServerProtocolServiceGrpc.java:265)
	at org.apache.ratis.grpc.server.GrpcServerProtocolClient.requestVote(GrpcServerProtocolClient.java:90)
	at org.apache.ratis.grpc.server.GrpcService.requestVote(GrpcService.java:204)
	at org.apache.ratis.server.impl.LeaderElection.lambda$submitRequests$1(LeaderElection.java:238)
	at java.util.concurrent.FutureTask.run(FutureTask.java:266)
	at java.util.concurrent.Executors$RunnableAdapter.call(Executors.java:511)
	at java.util.concurrent.FutureTask.run(FutureTask.java:266)
	at java.util.concurrent.ThreadPoolExecutor.runWorker(ThreadPoolExecutor.java:1149)
	at java.util.concurrent.ThreadPoolExecutor$Worker.run(ThreadPoolExecutor.java:624)
	... 1 more
Caused by: org.apache.ratis.thirdparty.io.netty.channel.AbstractChannel$AnnotatedConnectException: Connection refused: /192.168.151.103:38721
	at sun.nio.ch.SocketChannelImpl.checkConnect(Native Method)
	at sun.nio.ch.SocketChannelImpl.finishConnect(SocketChannelImpl.java:717)
	at org.apache.ratis.thirdparty.io.netty.channel.socket.nio.NioSocketChannel.doFinishConnect(NioSocketChannel.java:327)
	at org.apache.ratis.thirdparty.io.netty.channel.nio.AbstractNioChannel$AbstractNioUnsafe.finishConnect(AbstractNioChannel.java:340)
	at org.apache.ratis.thirdparty.io.netty.channel.nio.NioEventLoop.processSelectedKey(NioEventLoop.java:632)
	at org.apache.ratis.thirdparty.io.netty.channel.nio.NioEventLoop.processSelectedKeysOptimized(NioEventLoop.java:579)
	at org.apache.ratis.thirdparty.io.netty.channel.nio.NioEventLoop.processSelectedKeys(NioEventLoop.java:496)
	at org.apache.ratis.thirdparty.io.netty.channel.nio.NioEventLoop.run(NioEventLoop.java:458)
	at org.apache.ratis.thirdparty.io.netty.util.concurrent.SingleThreadEventExecutor$5.run(SingleThreadEventExecutor.java:897)
	at org.apache.ratis.thirdparty.io.netty.util.concurrent.FastThreadLocalRunnable.run(FastThreadLocalRunnable.java:30)
	... 1 more
Caused by: java.net.ConnectException: Connection refused
	... 11 more
2019-09-27 09:23:38,262 [9d1fa352-1a82-481d-9d24-e29bb21dd7ac@group-BE313173F156:LeaderElection117] INFO  impl.RaftServerImpl (RaftServerImpl.java:setRole(174)) - 9d1fa352-1a82-481d-9d24-e29bb21dd7ac@group-BE313173F156: changes role from CANDIDATE to FOLLOWER at term 3 for DISCOVERED_A_NEW_TERM
2019-09-27 09:23:38,262 [9d1fa352-1a82-481d-9d24-e29bb21dd7ac@group-BE313173F156:LeaderElection117] INFO  impl.RoleInfo (RoleInfo.java:shutdownLeaderElection(134)) - 9d1fa352-1a82-481d-9d24-e29bb21dd7ac: shutdown LeaderElection
2019-09-27 09:23:38,262 [9d1fa352-1a82-481d-9d24-e29bb21dd7ac@group-BE313173F156:LeaderElection117] INFO  impl.RoleInfo (RoleInfo.java:updateAndGet(143)) - 9d1fa352-1a82-481d-9d24-e29bb21dd7ac: start FollowerState
2019-09-27 09:23:38,269 [grpc-default-executor-5] WARN  server.GrpcLogAppender (LogUtils.java:warn(134)) - 161d0b6c-bb81-43fa-8578-505f63e7c46b@group-51FE514263BA->e6683dc0-e787-4f77-a1bd-b29d73bfe0c0-AppendLogResponseHandler: Failed appendEntries: org.apache.ratis.thirdparty.io.grpc.StatusRuntimeException: UNAVAILABLE: io exception
2019-09-27 09:23:38,270 [grpc-default-executor-5] INFO  impl.FollowerInfo (FollowerInfo.java:lambda$new$0(51)) - 161d0b6c-bb81-43fa-8578-505f63e7c46b@group-51FE514263BA->e6683dc0-e787-4f77-a1bd-b29d73bfe0c0: nextIndex: updateUnconditionally 0 -> 0
2019-09-27 09:23:38,770 [grpc-default-executor-1] WARN  server.GrpcLogAppender (LogUtils.java:warn(134)) - 161d0b6c-bb81-43fa-8578-505f63e7c46b@group-51FE514263BA->e6683dc0-e787-4f77-a1bd-b29d73bfe0c0-AppendLogResponseHandler: Failed appendEntries: org.apache.ratis.thirdparty.io.grpc.StatusRuntimeException: UNAVAILABLE: io exception
2019-09-27 09:23:38,771 [grpc-default-executor-1] INFO  impl.FollowerInfo (FollowerInfo.java:lambda$new$0(51)) - 161d0b6c-bb81-43fa-8578-505f63e7c46b@group-51FE514263BA->e6683dc0-e787-4f77-a1bd-b29d73bfe0c0: nextIndex: updateUnconditionally 0 -> 0
2019-09-27 09:23:38,852 [Thread-7760] INFO  impl.FollowerState (FollowerState.java:run(106)) - cbebfacb-c89d-4e0c-ae63-1a234181ea6b:group-498546036227 changes to CANDIDATE, lastRpcTime:1162, electionTimeout:1162ms
2019-09-27 09:23:38,852 [Thread-7760] INFO  impl.RoleInfo (RoleInfo.java:shutdownFollowerState(121)) - cbebfacb-c89d-4e0c-ae63-1a234181ea6b: shutdown FollowerState
2019-09-27 09:23:38,853 [Thread-7760] INFO  impl.RaftServerImpl (RaftServerImpl.java:setRole(174)) - cbebfacb-c89d-4e0c-ae63-1a234181ea6b@group-498546036227: changes role from  FOLLOWER to CANDIDATE at term 7 for changeToCandidate
2019-09-27 09:23:38,853 [Thread-7760] INFO  impl.RoleInfo (RoleInfo.java:updateAndGet(143)) - cbebfacb-c89d-4e0c-ae63-1a234181ea6b: start LeaderElection
2019-09-27 09:23:38,867 [cbebfacb-c89d-4e0c-ae63-1a234181ea6b@group-498546036227:LeaderElection118] INFO  impl.LeaderElection (LeaderElection.java:askForVotes(182)) - cbebfacb-c89d-4e0c-ae63-1a234181ea6b@group-498546036227:LeaderElection118: begin an election at term 8 for 0: [cbebfacb-c89d-4e0c-ae63-1a234181ea6b:192.168.151.103:37470, 6dd4b024-258e-4435-a177-4ad68e7047f2:192.168.151.103:45014, 692a0e7c-3695-46c2-84c2-73657d75aae6:192.168.151.103:36657], old=null
2019-09-27 09:23:38,868 [cbebfacb-c89d-4e0c-ae63-1a234181ea6b@group-498546036227:LeaderElection118] INFO  impl.LeaderElection (LogUtils.java:infoOrTrace(149)) - cbebfacb-c89d-4e0c-ae63-1a234181ea6b@group-498546036227:LeaderElection118 got exception when requesting votes: {}
java.util.concurrent.ExecutionException: org.apache.ratis.thirdparty.io.grpc.StatusRuntimeException: UNAVAILABLE: io exception
	at java.util.concurrent.FutureTask.report(FutureTask.java:122)
	at java.util.concurrent.FutureTask.get(FutureTask.java:192)
	at org.apache.ratis.server.impl.LeaderElection.waitForResults(LeaderElection.java:263)
	at org.apache.ratis.server.impl.LeaderElection.askForVotes(LeaderElection.java:201)
	at org.apache.ratis.server.impl.LeaderElection.run(LeaderElection.java:133)
	at java.lang.Thread.run(Thread.java:748)
Caused by: org.apache.ratis.thirdparty.io.grpc.StatusRuntimeException: UNAVAILABLE: io exception
	at org.apache.ratis.thirdparty.io.grpc.stub.ClientCalls.toStatusRuntimeException(ClientCalls.java:233)
	at org.apache.ratis.thirdparty.io.grpc.stub.ClientCalls.getUnchecked(ClientCalls.java:214)
	at org.apache.ratis.thirdparty.io.grpc.stub.ClientCalls.blockingUnaryCall(ClientCalls.java:139)
	at org.apache.ratis.proto.grpc.RaftServerProtocolServiceGrpc$RaftServerProtocolServiceBlockingStub.requestVote(RaftServerProtocolServiceGrpc.java:265)
	at org.apache.ratis.grpc.server.GrpcServerProtocolClient.requestVote(GrpcServerProtocolClient.java:90)
	at org.apache.ratis.grpc.server.GrpcService.requestVote(GrpcService.java:204)
	at org.apache.ratis.server.impl.LeaderElection.lambda$submitRequests$1(LeaderElection.java:238)
	at java.util.concurrent.FutureTask.run(FutureTask.java:266)
	at java.util.concurrent.Executors$RunnableAdapter.call(Executors.java:511)
	at java.util.concurrent.FutureTask.run(FutureTask.java:266)
	at java.util.concurrent.ThreadPoolExecutor.runWorker(ThreadPoolExecutor.java:1149)
	at java.util.concurrent.ThreadPoolExecutor$Worker.run(ThreadPoolExecutor.java:624)
	... 1 more
Caused by: org.apache.ratis.thirdparty.io.netty.channel.AbstractChannel$AnnotatedConnectException: Connection refused: /192.168.151.103:45014
	at sun.nio.ch.SocketChannelImpl.checkConnect(Native Method)
	at sun.nio.ch.SocketChannelImpl.finishConnect(SocketChannelImpl.java:717)
	at org.apache.ratis.thirdparty.io.netty.channel.socket.nio.NioSocketChannel.doFinishConnect(NioSocketChannel.java:327)
	at org.apache.ratis.thirdparty.io.netty.channel.nio.AbstractNioChannel$AbstractNioUnsafe.finishConnect(AbstractNioChannel.java:340)
	at org.apache.ratis.thirdparty.io.netty.channel.nio.NioEventLoop.processSelectedKey(NioEventLoop.java:632)
	at org.apache.ratis.thirdparty.io.netty.channel.nio.NioEventLoop.processSelectedKeysOptimized(NioEventLoop.java:579)
	at org.apache.ratis.thirdparty.io.netty.channel.nio.NioEventLoop.processSelectedKeys(NioEventLoop.java:496)
	at org.apache.ratis.thirdparty.io.netty.channel.nio.NioEventLoop.run(NioEventLoop.java:458)
	at org.apache.ratis.thirdparty.io.netty.util.concurrent.SingleThreadEventExecutor$5.run(SingleThreadEventExecutor.java:897)
	at org.apache.ratis.thirdparty.io.netty.util.concurrent.FastThreadLocalRunnable.run(FastThreadLocalRunnable.java:30)
	... 1 more
Caused by: java.net.ConnectException: Connection refused
	... 11 more
2019-09-27 09:23:38,877 [cbebfacb-c89d-4e0c-ae63-1a234181ea6b@group-498546036227:LeaderElection118] INFO  impl.LeaderElection (LogUtils.java:infoOrTrace(149)) - cbebfacb-c89d-4e0c-ae63-1a234181ea6b@group-498546036227:LeaderElection118 got exception when requesting votes: {}
java.util.concurrent.ExecutionException: org.apache.ratis.thirdparty.io.grpc.StatusRuntimeException: UNAVAILABLE: io exception
	at java.util.concurrent.FutureTask.report(FutureTask.java:122)
	at java.util.concurrent.FutureTask.get(FutureTask.java:192)
	at org.apache.ratis.server.impl.LeaderElection.waitForResults(LeaderElection.java:263)
	at org.apache.ratis.server.impl.LeaderElection.askForVotes(LeaderElection.java:201)
	at org.apache.ratis.server.impl.LeaderElection.run(LeaderElection.java:133)
	at java.lang.Thread.run(Thread.java:748)
Caused by: org.apache.ratis.thirdparty.io.grpc.StatusRuntimeException: UNAVAILABLE: io exception
	at org.apache.ratis.thirdparty.io.grpc.stub.ClientCalls.toStatusRuntimeException(ClientCalls.java:233)
	at org.apache.ratis.thirdparty.io.grpc.stub.ClientCalls.getUnchecked(ClientCalls.java:214)
	at org.apache.ratis.thirdparty.io.grpc.stub.ClientCalls.blockingUnaryCall(ClientCalls.java:139)
	at org.apache.ratis.proto.grpc.RaftServerProtocolServiceGrpc$RaftServerProtocolServiceBlockingStub.requestVote(RaftServerProtocolServiceGrpc.java:265)
	at org.apache.ratis.grpc.server.GrpcServerProtocolClient.requestVote(GrpcServerProtocolClient.java:90)
	at org.apache.ratis.grpc.server.GrpcService.requestVote(GrpcService.java:204)
	at org.apache.ratis.server.impl.LeaderElection.lambda$submitRequests$1(LeaderElection.java:238)
	at java.util.concurrent.FutureTask.run(FutureTask.java:266)
	at java.util.concurrent.Executors$RunnableAdapter.call(Executors.java:511)
	at java.util.concurrent.FutureTask.run(FutureTask.java:266)
	at java.util.concurrent.ThreadPoolExecutor.runWorker(ThreadPoolExecutor.java:1149)
	at java.util.concurrent.ThreadPoolExecutor$Worker.run(ThreadPoolExecutor.java:624)
	... 1 more
Caused by: org.apache.ratis.thirdparty.io.netty.channel.AbstractChannel$AnnotatedConnectException: Connection refused: /192.168.151.103:36657
	at sun.nio.ch.SocketChannelImpl.checkConnect(Native Method)
	at sun.nio.ch.SocketChannelImpl.finishConnect(SocketChannelImpl.java:717)
	at org.apache.ratis.thirdparty.io.netty.channel.socket.nio.NioSocketChannel.doFinishConnect(NioSocketChannel.java:327)
	at org.apache.ratis.thirdparty.io.netty.channel.nio.AbstractNioChannel$AbstractNioUnsafe.finishConnect(AbstractNioChannel.java:340)
	at org.apache.ratis.thirdparty.io.netty.channel.nio.NioEventLoop.processSelectedKey(NioEventLoop.java:632)
	at org.apache.ratis.thirdparty.io.netty.channel.nio.NioEventLoop.processSelectedKeysOptimized(NioEventLoop.java:579)
	at org.apache.ratis.thirdparty.io.netty.channel.nio.NioEventLoop.processSelectedKeys(NioEventLoop.java:496)
	at org.apache.ratis.thirdparty.io.netty.channel.nio.NioEventLoop.run(NioEventLoop.java:458)
	at org.apache.ratis.thirdparty.io.netty.util.concurrent.SingleThreadEventExecutor$5.run(SingleThreadEventExecutor.java:897)
	at org.apache.ratis.thirdparty.io.netty.util.concurrent.FastThreadLocalRunnable.run(FastThreadLocalRunnable.java:30)
	... 1 more
Caused by: java.net.ConnectException: Connection refused
	... 11 more
2019-09-27 09:23:38,878 [cbebfacb-c89d-4e0c-ae63-1a234181ea6b@group-498546036227:LeaderElection118] INFO  impl.LeaderElection (LeaderElection.java:logAndReturn(56)) - cbebfacb-c89d-4e0c-ae63-1a234181ea6b@group-498546036227:LeaderElection118: Election REJECTED; received 0 response(s) [] and 2 exception(s); cbebfacb-c89d-4e0c-ae63-1a234181ea6b@group-498546036227:t8, leader=null, voted=cbebfacb-c89d-4e0c-ae63-1a234181ea6b, raftlog=cbebfacb-c89d-4e0c-ae63-1a234181ea6b@group-498546036227-SegmentedRaftLog:OPENED:c0,f0,i0, conf=0: [cbebfacb-c89d-4e0c-ae63-1a234181ea6b:192.168.151.103:37470, 6dd4b024-258e-4435-a177-4ad68e7047f2:192.168.151.103:45014, 692a0e7c-3695-46c2-84c2-73657d75aae6:192.168.151.103:36657], old=null
2019-09-27 09:23:38,878 [cbebfacb-c89d-4e0c-ae63-1a234181ea6b@group-498546036227:LeaderElection118] INFO  impl.LeaderElection (LogUtils.java:infoOrTrace(149)) -   Exception 0: {}
java.util.concurrent.ExecutionException: org.apache.ratis.thirdparty.io.grpc.StatusRuntimeException: UNAVAILABLE: io exception
	at java.util.concurrent.FutureTask.report(FutureTask.java:122)
	at java.util.concurrent.FutureTask.get(FutureTask.java:192)
	at org.apache.ratis.server.impl.LeaderElection.waitForResults(LeaderElection.java:263)
	at org.apache.ratis.server.impl.LeaderElection.askForVotes(LeaderElection.java:201)
	at org.apache.ratis.server.impl.LeaderElection.run(LeaderElection.java:133)
	at java.lang.Thread.run(Thread.java:748)
Caused by: org.apache.ratis.thirdparty.io.grpc.StatusRuntimeException: UNAVAILABLE: io exception
	at org.apache.ratis.thirdparty.io.grpc.stub.ClientCalls.toStatusRuntimeException(ClientCalls.java:233)
	at org.apache.ratis.thirdparty.io.grpc.stub.ClientCalls.getUnchecked(ClientCalls.java:214)
	at org.apache.ratis.thirdparty.io.grpc.stub.ClientCalls.blockingUnaryCall(ClientCalls.java:139)
	at org.apache.ratis.proto.grpc.RaftServerProtocolServiceGrpc$RaftServerProtocolServiceBlockingStub.requestVote(RaftServerProtocolServiceGrpc.java:265)
	at org.apache.ratis.grpc.server.GrpcServerProtocolClient.requestVote(GrpcServerProtocolClient.java:90)
	at org.apache.ratis.grpc.server.GrpcService.requestVote(GrpcService.java:204)
	at org.apache.ratis.server.impl.LeaderElection.lambda$submitRequests$1(LeaderElection.java:238)
	at java.util.concurrent.FutureTask.run(FutureTask.java:266)
	at java.util.concurrent.Executors$RunnableAdapter.call(Executors.java:511)
	at java.util.concurrent.FutureTask.run(FutureTask.java:266)
	at java.util.concurrent.ThreadPoolExecutor.runWorker(ThreadPoolExecutor.java:1149)
	at java.util.concurrent.ThreadPoolExecutor$Worker.run(ThreadPoolExecutor.java:624)
	... 1 more
Caused by: org.apache.ratis.thirdparty.io.netty.channel.AbstractChannel$AnnotatedConnectException: Connection refused: /192.168.151.103:45014
	at sun.nio.ch.SocketChannelImpl.checkConnect(Native Method)
	at sun.nio.ch.SocketChannelImpl.finishConnect(SocketChannelImpl.java:717)
	at org.apache.ratis.thirdparty.io.netty.channel.socket.nio.NioSocketChannel.doFinishConnect(NioSocketChannel.java:327)
	at org.apache.ratis.thirdparty.io.netty.channel.nio.AbstractNioChannel$AbstractNioUnsafe.finishConnect(AbstractNioChannel.java:340)
	at org.apache.ratis.thirdparty.io.netty.channel.nio.NioEventLoop.processSelectedKey(NioEventLoop.java:632)
	at org.apache.ratis.thirdparty.io.netty.channel.nio.NioEventLoop.processSelectedKeysOptimized(NioEventLoop.java:579)
	at org.apache.ratis.thirdparty.io.netty.channel.nio.NioEventLoop.processSelectedKeys(NioEventLoop.java:496)
	at org.apache.ratis.thirdparty.io.netty.channel.nio.NioEventLoop.run(NioEventLoop.java:458)
	at org.apache.ratis.thirdparty.io.netty.util.concurrent.SingleThreadEventExecutor$5.run(SingleThreadEventExecutor.java:897)
	at org.apache.ratis.thirdparty.io.netty.util.concurrent.FastThreadLocalRunnable.run(FastThreadLocalRunnable.java:30)
	... 1 more
Caused by: java.net.ConnectException: Connection refused
	... 11 more
2019-09-27 09:23:38,878 [cbebfacb-c89d-4e0c-ae63-1a234181ea6b@group-498546036227:LeaderElection118] INFO  impl.LeaderElection (LogUtils.java:infoOrTrace(149)) -   Exception 1: {}
java.util.concurrent.ExecutionException: org.apache.ratis.thirdparty.io.grpc.StatusRuntimeException: UNAVAILABLE: io exception
	at java.util.concurrent.FutureTask.report(FutureTask.java:122)
	at java.util.concurrent.FutureTask.get(FutureTask.java:192)
	at org.apache.ratis.server.impl.LeaderElection.waitForResults(LeaderElection.java:263)
	at org.apache.ratis.server.impl.LeaderElection.askForVotes(LeaderElection.java:201)
	at org.apache.ratis.server.impl.LeaderElection.run(LeaderElection.java:133)
	at java.lang.Thread.run(Thread.java:748)
Caused by: org.apache.ratis.thirdparty.io.grpc.StatusRuntimeException: UNAVAILABLE: io exception
	at org.apache.ratis.thirdparty.io.grpc.stub.ClientCalls.toStatusRuntimeException(ClientCalls.java:233)
	at org.apache.ratis.thirdparty.io.grpc.stub.ClientCalls.getUnchecked(ClientCalls.java:214)
	at org.apache.ratis.thirdparty.io.grpc.stub.ClientCalls.blockingUnaryCall(ClientCalls.java:139)
	at org.apache.ratis.proto.grpc.RaftServerProtocolServiceGrpc$RaftServerProtocolServiceBlockingStub.requestVote(RaftServerProtocolServiceGrpc.java:265)
	at org.apache.ratis.grpc.server.GrpcServerProtocolClient.requestVote(GrpcServerProtocolClient.java:90)
	at org.apache.ratis.grpc.server.GrpcService.requestVote(GrpcService.java:204)
	at org.apache.ratis.server.impl.LeaderElection.lambda$submitRequests$1(LeaderElection.java:238)
	at java.util.concurrent.FutureTask.run(FutureTask.java:266)
	at java.util.concurrent.Executors$RunnableAdapter.call(Executors.java:511)
	at java.util.concurrent.FutureTask.run(FutureTask.java:266)
	at java.util.concurrent.ThreadPoolExecutor.runWorker(ThreadPoolExecutor.java:1149)
	at java.util.concurrent.ThreadPoolExecutor$Worker.run(ThreadPoolExecutor.java:624)
	... 1 more
Caused by: org.apache.ratis.thirdparty.io.netty.channel.AbstractChannel$AnnotatedConnectException: Connection refused: /192.168.151.103:36657
	at sun.nio.ch.SocketChannelImpl.checkConnect(Native Method)
	at sun.nio.ch.SocketChannelImpl.finishConnect(SocketChannelImpl.java:717)
	at org.apache.ratis.thirdparty.io.netty.channel.socket.nio.NioSocketChannel.doFinishConnect(NioSocketChannel.java:327)
	at org.apache.ratis.thirdparty.io.netty.channel.nio.AbstractNioChannel$AbstractNioUnsafe.finishConnect(AbstractNioChannel.java:340)
	at org.apache.ratis.thirdparty.io.netty.channel.nio.NioEventLoop.processSelectedKey(NioEventLoop.java:632)
	at org.apache.ratis.thirdparty.io.netty.channel.nio.NioEventLoop.processSelectedKeysOptimized(NioEventLoop.java:579)
	at org.apache.ratis.thirdparty.io.netty.channel.nio.NioEventLoop.processSelectedKeys(NioEventLoop.java:496)
	at org.apache.ratis.thirdparty.io.netty.channel.nio.NioEventLoop.run(NioEventLoop.java:458)
	at org.apache.ratis.thirdparty.io.netty.util.concurrent.SingleThreadEventExecutor$5.run(SingleThreadEventExecutor.java:897)
	at org.apache.ratis.thirdparty.io.netty.util.concurrent.FastThreadLocalRunnable.run(FastThreadLocalRunnable.java:30)
	... 1 more
Caused by: java.net.ConnectException: Connection refused
	... 11 more
2019-09-27 09:23:38,879 [cbebfacb-c89d-4e0c-ae63-1a234181ea6b@group-498546036227:LeaderElection118] INFO  impl.RaftServerImpl (RaftServerImpl.java:setRole(174)) - cbebfacb-c89d-4e0c-ae63-1a234181ea6b@group-498546036227: changes role from CANDIDATE to FOLLOWER at term 8 for DISCOVERED_A_NEW_TERM
2019-09-27 09:23:38,879 [cbebfacb-c89d-4e0c-ae63-1a234181ea6b@group-498546036227:LeaderElection118] INFO  impl.RoleInfo (RoleInfo.java:shutdownLeaderElection(134)) - cbebfacb-c89d-4e0c-ae63-1a234181ea6b: shutdown LeaderElection
2019-09-27 09:23:38,879 [cbebfacb-c89d-4e0c-ae63-1a234181ea6b@group-498546036227:LeaderElection118] INFO  impl.RoleInfo (RoleInfo.java:updateAndGet(143)) - cbebfacb-c89d-4e0c-ae63-1a234181ea6b: start FollowerState
2019-09-27 09:23:39,271 [grpc-default-executor-1] WARN  server.GrpcLogAppender (LogUtils.java:warn(134)) - 161d0b6c-bb81-43fa-8578-505f63e7c46b@group-51FE514263BA->e6683dc0-e787-4f77-a1bd-b29d73bfe0c0-AppendLogResponseHandler: Failed appendEntries: org.apache.ratis.thirdparty.io.grpc.StatusRuntimeException: UNAVAILABLE: io exception
2019-09-27 09:23:39,271 [grpc-default-executor-1] INFO  impl.FollowerInfo (FollowerInfo.java:lambda$new$0(51)) - 161d0b6c-bb81-43fa-8578-505f63e7c46b@group-51FE514263BA->e6683dc0-e787-4f77-a1bd-b29d73bfe0c0: nextIndex: updateUnconditionally 0 -> 0
2019-09-27 09:23:39,377 [Thread-7765] INFO  impl.FollowerState (FollowerState.java:run(106)) - 9d1fa352-1a82-481d-9d24-e29bb21dd7ac:group-BE313173F156 changes to CANDIDATE, lastRpcTime:1114, electionTimeout:1114ms
2019-09-27 09:23:39,377 [Thread-7765] INFO  impl.RoleInfo (RoleInfo.java:shutdownFollowerState(121)) - 9d1fa352-1a82-481d-9d24-e29bb21dd7ac: shutdown FollowerState
2019-09-27 09:23:39,377 [Thread-7765] INFO  impl.RaftServerImpl (RaftServerImpl.java:setRole(174)) - 9d1fa352-1a82-481d-9d24-e29bb21dd7ac@group-BE313173F156: changes role from  FOLLOWER to CANDIDATE at term 3 for changeToCandidate
2019-09-27 09:23:39,377 [Thread-7765] INFO  impl.RoleInfo (RoleInfo.java:updateAndGet(143)) - 9d1fa352-1a82-481d-9d24-e29bb21dd7ac: start LeaderElection
2019-09-27 09:23:39,391 [9d1fa352-1a82-481d-9d24-e29bb21dd7ac@group-BE313173F156:LeaderElection119] INFO  impl.LeaderElection (LeaderElection.java:askForVotes(182)) - 9d1fa352-1a82-481d-9d24-e29bb21dd7ac@group-BE313173F156:LeaderElection119: begin an election at term 4 for 0: [9d1fa352-1a82-481d-9d24-e29bb21dd7ac:192.168.151.103:33561, 545840a3-a59e-4544-b748-6e804ee187a8:192.168.151.103:38575, 69eece0b-35aa-4c3f-ae5c-22aaa3245fe4:192.168.151.103:38721], old=null
2019-09-27 09:23:39,392 [9d1fa352-1a82-481d-9d24-e29bb21dd7ac@group-BE313173F156:LeaderElection119] INFO  impl.LeaderElection (LogUtils.java:infoOrTrace(149)) - 9d1fa352-1a82-481d-9d24-e29bb21dd7ac@group-BE313173F156:LeaderElection119 got exception when requesting votes: {}
java.util.concurrent.ExecutionException: org.apache.ratis.thirdparty.io.grpc.StatusRuntimeException: UNAVAILABLE: io exception
	at java.util.concurrent.FutureTask.report(FutureTask.java:122)
	at java.util.concurrent.FutureTask.get(FutureTask.java:192)
	at org.apache.ratis.server.impl.LeaderElection.waitForResults(LeaderElection.java:263)
	at org.apache.ratis.server.impl.LeaderElection.askForVotes(LeaderElection.java:201)
	at org.apache.ratis.server.impl.LeaderElection.run(LeaderElection.java:133)
	at java.lang.Thread.run(Thread.java:748)
Caused by: org.apache.ratis.thirdparty.io.grpc.StatusRuntimeException: UNAVAILABLE: io exception
	at org.apache.ratis.thirdparty.io.grpc.stub.ClientCalls.toStatusRuntimeException(ClientCalls.java:233)
	at org.apache.ratis.thirdparty.io.grpc.stub.ClientCalls.getUnchecked(ClientCalls.java:214)
	at org.apache.ratis.thirdparty.io.grpc.stub.ClientCalls.blockingUnaryCall(ClientCalls.java:139)
	at org.apache.ratis.proto.grpc.RaftServerProtocolServiceGrpc$RaftServerProtocolServiceBlockingStub.requestVote(RaftServerProtocolServiceGrpc.java:265)
	at org.apache.ratis.grpc.server.GrpcServerProtocolClient.requestVote(GrpcServerProtocolClient.java:90)
	at org.apache.ratis.grpc.server.GrpcService.requestVote(GrpcService.java:204)
	at org.apache.ratis.server.impl.LeaderElection.lambda$submitRequests$1(LeaderElection.java:238)
	at java.util.concurrent.FutureTask.run(FutureTask.java:266)
	at java.util.concurrent.Executors$RunnableAdapter.call(Executors.java:511)
	at java.util.concurrent.FutureTask.run(FutureTask.java:266)
	at java.util.concurrent.ThreadPoolExecutor.runWorker(ThreadPoolExecutor.java:1149)
	at java.util.concurrent.ThreadPoolExecutor$Worker.run(ThreadPoolExecutor.java:624)
	... 1 more
Caused by: org.apache.ratis.thirdparty.io.netty.channel.AbstractChannel$AnnotatedConnectException: Connection refused: /192.168.151.103:38721
	at sun.nio.ch.SocketChannelImpl.checkConnect(Native Method)
	at sun.nio.ch.SocketChannelImpl.finishConnect(SocketChannelImpl.java:717)
	at org.apache.ratis.thirdparty.io.netty.channel.socket.nio.NioSocketChannel.doFinishConnect(NioSocketChannel.java:327)
	at org.apache.ratis.thirdparty.io.netty.channel.nio.AbstractNioChannel$AbstractNioUnsafe.finishConnect(AbstractNioChannel.java:340)
	at org.apache.ratis.thirdparty.io.netty.channel.nio.NioEventLoop.processSelectedKey(NioEventLoop.java:632)
	at org.apache.ratis.thirdparty.io.netty.channel.nio.NioEventLoop.processSelectedKeysOptimized(NioEventLoop.java:579)
	at org.apache.ratis.thirdparty.io.netty.channel.nio.NioEventLoop.processSelectedKeys(NioEventLoop.java:496)
	at org.apache.ratis.thirdparty.io.netty.channel.nio.NioEventLoop.run(NioEventLoop.java:458)
	at org.apache.ratis.thirdparty.io.netty.util.concurrent.SingleThreadEventExecutor$5.run(SingleThreadEventExecutor.java:897)
	at org.apache.ratis.thirdparty.io.netty.util.concurrent.FastThreadLocalRunnable.run(FastThreadLocalRunnable.java:30)
	... 1 more
Caused by: java.net.ConnectException: Connection refused
	... 11 more
2019-09-27 09:23:39,394 [9d1fa352-1a82-481d-9d24-e29bb21dd7ac@group-BE313173F156:LeaderElection119] INFO  impl.LeaderElection (LogUtils.java:infoOrTrace(149)) - 9d1fa352-1a82-481d-9d24-e29bb21dd7ac@group-BE313173F156:LeaderElection119 got exception when requesting votes: {}
java.util.concurrent.ExecutionException: org.apache.ratis.thirdparty.io.grpc.StatusRuntimeException: UNAVAILABLE: io exception
	at java.util.concurrent.FutureTask.report(FutureTask.java:122)
	at java.util.concurrent.FutureTask.get(FutureTask.java:192)
	at org.apache.ratis.server.impl.LeaderElection.waitForResults(LeaderElection.java:263)
	at org.apache.ratis.server.impl.LeaderElection.askForVotes(LeaderElection.java:201)
	at org.apache.ratis.server.impl.LeaderElection.run(LeaderElection.java:133)
	at java.lang.Thread.run(Thread.java:748)
Caused by: org.apache.ratis.thirdparty.io.grpc.StatusRuntimeException: UNAVAILABLE: io exception
	at org.apache.ratis.thirdparty.io.grpc.stub.ClientCalls.toStatusRuntimeException(ClientCalls.java:233)
	at org.apache.ratis.thirdparty.io.grpc.stub.ClientCalls.getUnchecked(ClientCalls.java:214)
	at org.apache.ratis.thirdparty.io.grpc.stub.ClientCalls.blockingUnaryCall(ClientCalls.java:139)
	at org.apache.ratis.proto.grpc.RaftServerProtocolServiceGrpc$RaftServerProtocolServiceBlockingStub.requestVote(RaftServerProtocolServiceGrpc.java:265)
	at org.apache.ratis.grpc.server.GrpcServerProtocolClient.requestVote(GrpcServerProtocolClient.java:90)
	at org.apache.ratis.grpc.server.GrpcService.requestVote(GrpcService.java:204)
	at org.apache.ratis.server.impl.LeaderElection.lambda$submitRequests$1(LeaderElection.java:238)
	at java.util.concurrent.FutureTask.run(FutureTask.java:266)
	at java.util.concurrent.Executors$RunnableAdapter.call(Executors.java:511)
	at java.util.concurrent.FutureTask.run(FutureTask.java:266)
	at java.util.concurrent.ThreadPoolExecutor.runWorker(ThreadPoolExecutor.java:1149)
	at java.util.concurrent.ThreadPoolExecutor$Worker.run(ThreadPoolExecutor.java:624)
	... 1 more
Caused by: org.apache.ratis.thirdparty.io.netty.channel.AbstractChannel$AnnotatedConnectException: Connection refused: /192.168.151.103:38575
	at sun.nio.ch.SocketChannelImpl.checkConnect(Native Method)
	at sun.nio.ch.SocketChannelImpl.finishConnect(SocketChannelImpl.java:717)
	at org.apache.ratis.thirdparty.io.netty.channel.socket.nio.NioSocketChannel.doFinishConnect(NioSocketChannel.java:327)
	at org.apache.ratis.thirdparty.io.netty.channel.nio.AbstractNioChannel$AbstractNioUnsafe.finishConnect(AbstractNioChannel.java:340)
	at org.apache.ratis.thirdparty.io.netty.channel.nio.NioEventLoop.processSelectedKey(NioEventLoop.java:632)
	at org.apache.ratis.thirdparty.io.netty.channel.nio.NioEventLoop.processSelectedKeysOptimized(NioEventLoop.java:579)
	at org.apache.ratis.thirdparty.io.netty.channel.nio.NioEventLoop.processSelectedKeys(NioEventLoop.java:496)
	at org.apache.ratis.thirdparty.io.netty.channel.nio.NioEventLoop.run(NioEventLoop.java:458)
	at org.apache.ratis.thirdparty.io.netty.util.concurrent.SingleThreadEventExecutor$5.run(SingleThreadEventExecutor.java:897)
	at org.apache.ratis.thirdparty.io.netty.util.concurrent.FastThreadLocalRunnable.run(FastThreadLocalRunnable.java:30)
	... 1 more
Caused by: java.net.ConnectException: Connection refused
	... 11 more
2019-09-27 09:23:39,396 [9d1fa352-1a82-481d-9d24-e29bb21dd7ac@group-BE313173F156:LeaderElection119] INFO  impl.LeaderElection (LeaderElection.java:logAndReturn(56)) - 9d1fa352-1a82-481d-9d24-e29bb21dd7ac@group-BE313173F156:LeaderElection119: Election REJECTED; received 0 response(s) [] and 2 exception(s); 9d1fa352-1a82-481d-9d24-e29bb21dd7ac@group-BE313173F156:t4, leader=null, voted=9d1fa352-1a82-481d-9d24-e29bb21dd7ac, raftlog=9d1fa352-1a82-481d-9d24-e29bb21dd7ac@group-BE313173F156-SegmentedRaftLog:OPENED:c0,f0,i0, conf=0: [9d1fa352-1a82-481d-9d24-e29bb21dd7ac:192.168.151.103:33561, 545840a3-a59e-4544-b748-6e804ee187a8:192.168.151.103:38575, 69eece0b-35aa-4c3f-ae5c-22aaa3245fe4:192.168.151.103:38721], old=null
2019-09-27 09:23:39,396 [9d1fa352-1a82-481d-9d24-e29bb21dd7ac@group-BE313173F156:LeaderElection119] INFO  impl.LeaderElection (LogUtils.java:infoOrTrace(149)) -   Exception 0: {}
java.util.concurrent.ExecutionException: org.apache.ratis.thirdparty.io.grpc.StatusRuntimeException: UNAVAILABLE: io exception
	at java.util.concurrent.FutureTask.report(FutureTask.java:122)
	at java.util.concurrent.FutureTask.get(FutureTask.java:192)
	at org.apache.ratis.server.impl.LeaderElection.waitForResults(LeaderElection.java:263)
	at org.apache.ratis.server.impl.LeaderElection.askForVotes(LeaderElection.java:201)
	at org.apache.ratis.server.impl.LeaderElection.run(LeaderElection.java:133)
	at java.lang.Thread.run(Thread.java:748)
Caused by: org.apache.ratis.thirdparty.io.grpc.StatusRuntimeException: UNAVAILABLE: io exception
	at org.apache.ratis.thirdparty.io.grpc.stub.ClientCalls.toStatusRuntimeException(ClientCalls.java:233)
	at org.apache.ratis.thirdparty.io.grpc.stub.ClientCalls.getUnchecked(ClientCalls.java:214)
	at org.apache.ratis.thirdparty.io.grpc.stub.ClientCalls.blockingUnaryCall(ClientCalls.java:139)
	at org.apache.ratis.proto.grpc.RaftServerProtocolServiceGrpc$RaftServerProtocolServiceBlockingStub.requestVote(RaftServerProtocolServiceGrpc.java:265)
	at org.apache.ratis.grpc.server.GrpcServerProtocolClient.requestVote(GrpcServerProtocolClient.java:90)
	at org.apache.ratis.grpc.server.GrpcService.requestVote(GrpcService.java:204)
	at org.apache.ratis.server.impl.LeaderElection.lambda$submitRequests$1(LeaderElection.java:238)
	at java.util.concurrent.FutureTask.run(FutureTask.java:266)
	at java.util.concurrent.Executors$RunnableAdapter.call(Executors.java:511)
	at java.util.concurrent.FutureTask.run(FutureTask.java:266)
	at java.util.concurrent.ThreadPoolExecutor.runWorker(ThreadPoolExecutor.java:1149)
	at java.util.concurrent.ThreadPoolExecutor$Worker.run(ThreadPoolExecutor.java:624)
	... 1 more
Caused by: org.apache.ratis.thirdparty.io.netty.channel.AbstractChannel$AnnotatedConnectException: Connection refused: /192.168.151.103:38721
	at sun.nio.ch.SocketChannelImpl.checkConnect(Native Method)
	at sun.nio.ch.SocketChannelImpl.finishConnect(SocketChannelImpl.java:717)
	at org.apache.ratis.thirdparty.io.netty.channel.socket.nio.NioSocketChannel.doFinishConnect(NioSocketChannel.java:327)
	at org.apache.ratis.thirdparty.io.netty.channel.nio.AbstractNioChannel$AbstractNioUnsafe.finishConnect(AbstractNioChannel.java:340)
	at org.apache.ratis.thirdparty.io.netty.channel.nio.NioEventLoop.processSelectedKey(NioEventLoop.java:632)
	at org.apache.ratis.thirdparty.io.netty.channel.nio.NioEventLoop.processSelectedKeysOptimized(NioEventLoop.java:579)
	at org.apache.ratis.thirdparty.io.netty.channel.nio.NioEventLoop.processSelectedKeys(NioEventLoop.java:496)
	at org.apache.ratis.thirdparty.io.netty.channel.nio.NioEventLoop.run(NioEventLoop.java:458)
	at org.apache.ratis.thirdparty.io.netty.util.concurrent.SingleThreadEventExecutor$5.run(SingleThreadEventExecutor.java:897)
	at org.apache.ratis.thirdparty.io.netty.util.concurrent.FastThreadLocalRunnable.run(FastThreadLocalRunnable.java:30)
	... 1 more
Caused by: java.net.ConnectException: Connection refused
	... 11 more
2019-09-27 09:23:39,396 [9d1fa352-1a82-481d-9d24-e29bb21dd7ac@group-BE313173F156:LeaderElection119] INFO  impl.LeaderElection (LogUtils.java:infoOrTrace(149)) -   Exception 1: {}
java.util.concurrent.ExecutionException: org.apache.ratis.thirdparty.io.grpc.StatusRuntimeException: UNAVAILABLE: io exception
	at java.util.concurrent.FutureTask.report(FutureTask.java:122)
	at java.util.concurrent.FutureTask.get(FutureTask.java:192)
	at org.apache.ratis.server.impl.LeaderElection.waitForResults(LeaderElection.java:263)
	at org.apache.ratis.server.impl.LeaderElection.askForVotes(LeaderElection.java:201)
	at org.apache.ratis.server.impl.LeaderElection.run(LeaderElection.java:133)
	at java.lang.Thread.run(Thread.java:748)
Caused by: org.apache.ratis.thirdparty.io.grpc.StatusRuntimeException: UNAVAILABLE: io exception
	at org.apache.ratis.thirdparty.io.grpc.stub.ClientCalls.toStatusRuntimeException(ClientCalls.java:233)
	at org.apache.ratis.thirdparty.io.grpc.stub.ClientCalls.getUnchecked(ClientCalls.java:214)
	at org.apache.ratis.thirdparty.io.grpc.stub.ClientCalls.blockingUnaryCall(ClientCalls.java:139)
	at org.apache.ratis.proto.grpc.RaftServerProtocolServiceGrpc$RaftServerProtocolServiceBlockingStub.requestVote(RaftServerProtocolServiceGrpc.java:265)
	at org.apache.ratis.grpc.server.GrpcServerProtocolClient.requestVote(GrpcServerProtocolClient.java:90)
	at org.apache.ratis.grpc.server.GrpcService.requestVote(GrpcService.java:204)
	at org.apache.ratis.server.impl.LeaderElection.lambda$submitRequests$1(LeaderElection.java:238)
	at java.util.concurrent.FutureTask.run(FutureTask.java:266)
	at java.util.concurrent.Executors$RunnableAdapter.call(Executors.java:511)
	at java.util.concurrent.FutureTask.run(FutureTask.java:266)
	at java.util.concurrent.ThreadPoolExecutor.runWorker(ThreadPoolExecutor.java:1149)
	at java.util.concurrent.ThreadPoolExecutor$Worker.run(ThreadPoolExecutor.java:624)
	... 1 more
Caused by: org.apache.ratis.thirdparty.io.netty.channel.AbstractChannel$AnnotatedConnectException: Connection refused: /192.168.151.103:38575
	at sun.nio.ch.SocketChannelImpl.checkConnect(Native Method)
	at sun.nio.ch.SocketChannelImpl.finishConnect(SocketChannelImpl.java:717)
	at org.apache.ratis.thirdparty.io.netty.channel.socket.nio.NioSocketChannel.doFinishConnect(NioSocketChannel.java:327)
	at org.apache.ratis.thirdparty.io.netty.channel.nio.AbstractNioChannel$AbstractNioUnsafe.finishConnect(AbstractNioChannel.java:340)
	at org.apache.ratis.thirdparty.io.netty.channel.nio.NioEventLoop.processSelectedKey(NioEventLoop.java:632)
	at org.apache.ratis.thirdparty.io.netty.channel.nio.NioEventLoop.processSelectedKeysOptimized(NioEventLoop.java:579)
	at org.apache.ratis.thirdparty.io.netty.channel.nio.NioEventLoop.processSelectedKeys(NioEventLoop.java:496)
	at org.apache.ratis.thirdparty.io.netty.channel.nio.NioEventLoop.run(NioEventLoop.java:458)
	at org.apache.ratis.thirdparty.io.netty.util.concurrent.SingleThreadEventExecutor$5.run(SingleThreadEventExecutor.java:897)
	at org.apache.ratis.thirdparty.io.netty.util.concurrent.FastThreadLocalRunnable.run(FastThreadLocalRunnable.java:30)
	... 1 more
Caused by: java.net.ConnectException: Connection refused
	... 11 more
2019-09-27 09:23:39,396 [9d1fa352-1a82-481d-9d24-e29bb21dd7ac@group-BE313173F156:LeaderElection119] INFO  impl.RaftServerImpl (RaftServerImpl.java:setRole(174)) - 9d1fa352-1a82-481d-9d24-e29bb21dd7ac@group-BE313173F156: changes role from CANDIDATE to FOLLOWER at term 4 for DISCOVERED_A_NEW_TERM
2019-09-27 09:23:39,396 [9d1fa352-1a82-481d-9d24-e29bb21dd7ac@group-BE313173F156:LeaderElection119] INFO  impl.RoleInfo (RoleInfo.java:shutdownLeaderElection(134)) - 9d1fa352-1a82-481d-9d24-e29bb21dd7ac: shutdown LeaderElection
2019-09-27 09:23:39,397 [9d1fa352-1a82-481d-9d24-e29bb21dd7ac@group-BE313173F156:LeaderElection119] INFO  impl.RoleInfo (RoleInfo.java:updateAndGet(143)) - 9d1fa352-1a82-481d-9d24-e29bb21dd7ac: start FollowerState
2019-09-27 09:23:39,772 [grpc-default-executor-2] WARN  server.GrpcLogAppender (LogUtils.java:warn(134)) - 161d0b6c-bb81-43fa-8578-505f63e7c46b@group-51FE514263BA->e6683dc0-e787-4f77-a1bd-b29d73bfe0c0-AppendLogResponseHandler: Failed appendEntries: org.apache.ratis.thirdparty.io.grpc.StatusRuntimeException: UNAVAILABLE: io exception
2019-09-27 09:23:39,772 [grpc-default-executor-2] INFO  impl.FollowerInfo (FollowerInfo.java:lambda$new$0(51)) - 161d0b6c-bb81-43fa-8578-505f63e7c46b@group-51FE514263BA->e6683dc0-e787-4f77-a1bd-b29d73bfe0c0: nextIndex: updateUnconditionally 0 -> 0
2019-09-27 09:23:40,053 [Thread-7771] INFO  impl.FollowerState (FollowerState.java:run(106)) - cbebfacb-c89d-4e0c-ae63-1a234181ea6b:group-498546036227 changes to CANDIDATE, lastRpcTime:1173, electionTimeout:1173ms
2019-09-27 09:23:40,053 [Thread-7771] INFO  impl.RoleInfo (RoleInfo.java:shutdownFollowerState(121)) - cbebfacb-c89d-4e0c-ae63-1a234181ea6b: shutdown FollowerState
2019-09-27 09:23:40,053 [Thread-7771] INFO  impl.RaftServerImpl (RaftServerImpl.java:setRole(174)) - cbebfacb-c89d-4e0c-ae63-1a234181ea6b@group-498546036227: changes role from  FOLLOWER to CANDIDATE at term 8 for changeToCandidate
2019-09-27 09:23:40,053 [Thread-7771] INFO  impl.RoleInfo (RoleInfo.java:updateAndGet(143)) - cbebfacb-c89d-4e0c-ae63-1a234181ea6b: start LeaderElection
2019-09-27 09:23:40,068 [cbebfacb-c89d-4e0c-ae63-1a234181ea6b@group-498546036227:LeaderElection120] INFO  impl.LeaderElection (LeaderElection.java:askForVotes(182)) - cbebfacb-c89d-4e0c-ae63-1a234181ea6b@group-498546036227:LeaderElection120: begin an election at term 9 for 0: [cbebfacb-c89d-4e0c-ae63-1a234181ea6b:192.168.151.103:37470, 6dd4b024-258e-4435-a177-4ad68e7047f2:192.168.151.103:45014, 692a0e7c-3695-46c2-84c2-73657d75aae6:192.168.151.103:36657], old=null
2019-09-27 09:23:40,069 [cbebfacb-c89d-4e0c-ae63-1a234181ea6b@group-498546036227:LeaderElection120] INFO  impl.LeaderElection (LogUtils.java:infoOrTrace(149)) - cbebfacb-c89d-4e0c-ae63-1a234181ea6b@group-498546036227:LeaderElection120 got exception when requesting votes: {}
java.util.concurrent.ExecutionException: org.apache.ratis.thirdparty.io.grpc.StatusRuntimeException: UNAVAILABLE: io exception
	at java.util.concurrent.FutureTask.report(FutureTask.java:122)
	at java.util.concurrent.FutureTask.get(FutureTask.java:192)
	at org.apache.ratis.server.impl.LeaderElection.waitForResults(LeaderElection.java:263)
	at org.apache.ratis.server.impl.LeaderElection.askForVotes(LeaderElection.java:201)
	at org.apache.ratis.server.impl.LeaderElection.run(LeaderElection.java:133)
	at java.lang.Thread.run(Thread.java:748)
Caused by: org.apache.ratis.thirdparty.io.grpc.StatusRuntimeException: UNAVAILABLE: io exception
	at org.apache.ratis.thirdparty.io.grpc.stub.ClientCalls.toStatusRuntimeException(ClientCalls.java:233)
	at org.apache.ratis.thirdparty.io.grpc.stub.ClientCalls.getUnchecked(ClientCalls.java:214)
	at org.apache.ratis.thirdparty.io.grpc.stub.ClientCalls.blockingUnaryCall(ClientCalls.java:139)
	at org.apache.ratis.proto.grpc.RaftServerProtocolServiceGrpc$RaftServerProtocolServiceBlockingStub.requestVote(RaftServerProtocolServiceGrpc.java:265)
	at org.apache.ratis.grpc.server.GrpcServerProtocolClient.requestVote(GrpcServerProtocolClient.java:90)
	at org.apache.ratis.grpc.server.GrpcService.requestVote(GrpcService.java:204)
	at org.apache.ratis.server.impl.LeaderElection.lambda$submitRequests$1(LeaderElection.java:238)
	at java.util.concurrent.FutureTask.run(FutureTask.java:266)
	at java.util.concurrent.Executors$RunnableAdapter.call(Executors.java:511)
	at java.util.concurrent.FutureTask.run(FutureTask.java:266)
	at java.util.concurrent.ThreadPoolExecutor.runWorker(ThreadPoolExecutor.java:1149)
	at java.util.concurrent.ThreadPoolExecutor$Worker.run(ThreadPoolExecutor.java:624)
	... 1 more
Caused by: org.apache.ratis.thirdparty.io.netty.channel.AbstractChannel$AnnotatedConnectException: Connection refused: /192.168.151.103:45014
	at sun.nio.ch.SocketChannelImpl.checkConnect(Native Method)
	at sun.nio.ch.SocketChannelImpl.finishConnect(SocketChannelImpl.java:717)
	at org.apache.ratis.thirdparty.io.netty.channel.socket.nio.NioSocketChannel.doFinishConnect(NioSocketChannel.java:327)
	at org.apache.ratis.thirdparty.io.netty.channel.nio.AbstractNioChannel$AbstractNioUnsafe.finishConnect(AbstractNioChannel.java:340)
	at org.apache.ratis.thirdparty.io.netty.channel.nio.NioEventLoop.processSelectedKey(NioEventLoop.java:632)
	at org.apache.ratis.thirdparty.io.netty.channel.nio.NioEventLoop.processSelectedKeysOptimized(NioEventLoop.java:579)
	at org.apache.ratis.thirdparty.io.netty.channel.nio.NioEventLoop.processSelectedKeys(NioEventLoop.java:496)
	at org.apache.ratis.thirdparty.io.netty.channel.nio.NioEventLoop.run(NioEventLoop.java:458)
	at org.apache.ratis.thirdparty.io.netty.util.concurrent.SingleThreadEventExecutor$5.run(SingleThreadEventExecutor.java:897)
	at org.apache.ratis.thirdparty.io.netty.util.concurrent.FastThreadLocalRunnable.run(FastThreadLocalRunnable.java:30)
	... 1 more
Caused by: java.net.ConnectException: Connection refused
	... 11 more
2019-09-27 09:23:40,072 [cbebfacb-c89d-4e0c-ae63-1a234181ea6b@group-498546036227:LeaderElection120] INFO  impl.LeaderElection (LogUtils.java:infoOrTrace(149)) - cbebfacb-c89d-4e0c-ae63-1a234181ea6b@group-498546036227:LeaderElection120 got exception when requesting votes: {}
java.util.concurrent.ExecutionException: org.apache.ratis.thirdparty.io.grpc.StatusRuntimeException: UNAVAILABLE: io exception
	at java.util.concurrent.FutureTask.report(FutureTask.java:122)
	at java.util.concurrent.FutureTask.get(FutureTask.java:192)
	at org.apache.ratis.server.impl.LeaderElection.waitForResults(LeaderElection.java:263)
	at org.apache.ratis.server.impl.LeaderElection.askForVotes(LeaderElection.java:201)
	at org.apache.ratis.server.impl.LeaderElection.run(LeaderElection.java:133)
	at java.lang.Thread.run(Thread.java:748)
Caused by: org.apache.ratis.thirdparty.io.grpc.StatusRuntimeException: UNAVAILABLE: io exception
	at org.apache.ratis.thirdparty.io.grpc.stub.ClientCalls.toStatusRuntimeException(ClientCalls.java:233)
	at org.apache.ratis.thirdparty.io.grpc.stub.ClientCalls.getUnchecked(ClientCalls.java:214)
	at org.apache.ratis.thirdparty.io.grpc.stub.ClientCalls.blockingUnaryCall(ClientCalls.java:139)
	at org.apache.ratis.proto.grpc.RaftServerProtocolServiceGrpc$RaftServerProtocolServiceBlockingStub.requestVote(RaftServerProtocolServiceGrpc.java:265)
	at org.apache.ratis.grpc.server.GrpcServerProtocolClient.requestVote(GrpcServerProtocolClient.java:90)
	at org.apache.ratis.grpc.server.GrpcService.requestVote(GrpcService.java:204)
	at org.apache.ratis.server.impl.LeaderElection.lambda$submitRequests$1(LeaderElection.java:238)
	at java.util.concurrent.FutureTask.run(FutureTask.java:266)
	at java.util.concurrent.Executors$RunnableAdapter.call(Executors.java:511)
	at java.util.concurrent.FutureTask.run(FutureTask.java:266)
	at java.util.concurrent.ThreadPoolExecutor.runWorker(ThreadPoolExecutor.java:1149)
	at java.util.concurrent.ThreadPoolExecutor$Worker.run(ThreadPoolExecutor.java:624)
	... 1 more
Caused by: org.apache.ratis.thirdparty.io.netty.channel.AbstractChannel$AnnotatedConnectException: Connection refused: /192.168.151.103:36657
	at sun.nio.ch.SocketChannelImpl.checkConnect(Native Method)
	at sun.nio.ch.SocketChannelImpl.finishConnect(SocketChannelImpl.java:717)
	at org.apache.ratis.thirdparty.io.netty.channel.socket.nio.NioSocketChannel.doFinishConnect(NioSocketChannel.java:327)
	at org.apache.ratis.thirdparty.io.netty.channel.nio.AbstractNioChannel$AbstractNioUnsafe.finishConnect(AbstractNioChannel.java:340)
	at org.apache.ratis.thirdparty.io.netty.channel.nio.NioEventLoop.processSelectedKey(NioEventLoop.java:632)
	at org.apache.ratis.thirdparty.io.netty.channel.nio.NioEventLoop.processSelectedKeysOptimized(NioEventLoop.java:579)
	at org.apache.ratis.thirdparty.io.netty.channel.nio.NioEventLoop.processSelectedKeys(NioEventLoop.java:496)
	at org.apache.ratis.thirdparty.io.netty.channel.nio.NioEventLoop.run(NioEventLoop.java:458)
	at org.apache.ratis.thirdparty.io.netty.util.concurrent.SingleThreadEventExecutor$5.run(SingleThreadEventExecutor.java:897)
	at org.apache.ratis.thirdparty.io.netty.util.concurrent.FastThreadLocalRunnable.run(FastThreadLocalRunnable.java:30)
	... 1 more
Caused by: java.net.ConnectException: Connection refused
	... 11 more
2019-09-27 09:23:40,074 [cbebfacb-c89d-4e0c-ae63-1a234181ea6b@group-498546036227:LeaderElection120] INFO  impl.LeaderElection (LeaderElection.java:logAndReturn(56)) - cbebfacb-c89d-4e0c-ae63-1a234181ea6b@group-498546036227:LeaderElection120: Election REJECTED; received 0 response(s) [] and 2 exception(s); cbebfacb-c89d-4e0c-ae63-1a234181ea6b@group-498546036227:t9, leader=null, voted=cbebfacb-c89d-4e0c-ae63-1a234181ea6b, raftlog=cbebfacb-c89d-4e0c-ae63-1a234181ea6b@group-498546036227-SegmentedRaftLog:OPENED:c0,f0,i0, conf=0: [cbebfacb-c89d-4e0c-ae63-1a234181ea6b:192.168.151.103:37470, 6dd4b024-258e-4435-a177-4ad68e7047f2:192.168.151.103:45014, 692a0e7c-3695-46c2-84c2-73657d75aae6:192.168.151.103:36657], old=null
2019-09-27 09:23:40,074 [cbebfacb-c89d-4e0c-ae63-1a234181ea6b@group-498546036227:LeaderElection120] INFO  impl.LeaderElection (LogUtils.java:infoOrTrace(149)) -   Exception 0: {}
java.util.concurrent.ExecutionException: org.apache.ratis.thirdparty.io.grpc.StatusRuntimeException: UNAVAILABLE: io exception
	at java.util.concurrent.FutureTask.report(FutureTask.java:122)
	at java.util.concurrent.FutureTask.get(FutureTask.java:192)
	at org.apache.ratis.server.impl.LeaderElection.waitForResults(LeaderElection.java:263)
	at org.apache.ratis.server.impl.LeaderElection.askForVotes(LeaderElection.java:201)
	at org.apache.ratis.server.impl.LeaderElection.run(LeaderElection.java:133)
	at java.lang.Thread.run(Thread.java:748)
Caused by: org.apache.ratis.thirdparty.io.grpc.StatusRuntimeException: UNAVAILABLE: io exception
	at org.apache.ratis.thirdparty.io.grpc.stub.ClientCalls.toStatusRuntimeException(ClientCalls.java:233)
	at org.apache.ratis.thirdparty.io.grpc.stub.ClientCalls.getUnchecked(ClientCalls.java:214)
	at org.apache.ratis.thirdparty.io.grpc.stub.ClientCalls.blockingUnaryCall(ClientCalls.java:139)
	at org.apache.ratis.proto.grpc.RaftServerProtocolServiceGrpc$RaftServerProtocolServiceBlockingStub.requestVote(RaftServerProtocolServiceGrpc.java:265)
	at org.apache.ratis.grpc.server.GrpcServerProtocolClient.requestVote(GrpcServerProtocolClient.java:90)
	at org.apache.ratis.grpc.server.GrpcService.requestVote(GrpcService.java:204)
	at org.apache.ratis.server.impl.LeaderElection.lambda$submitRequests$1(LeaderElection.java:238)
	at java.util.concurrent.FutureTask.run(FutureTask.java:266)
	at java.util.concurrent.Executors$RunnableAdapter.call(Executors.java:511)
	at java.util.concurrent.FutureTask.run(FutureTask.java:266)
	at java.util.concurrent.ThreadPoolExecutor.runWorker(ThreadPoolExecutor.java:1149)
	at java.util.concurrent.ThreadPoolExecutor$Worker.run(ThreadPoolExecutor.java:624)
	... 1 more
Caused by: org.apache.ratis.thirdparty.io.netty.channel.AbstractChannel$AnnotatedConnectException: Connection refused: /192.168.151.103:45014
	at sun.nio.ch.SocketChannelImpl.checkConnect(Native Method)
	at sun.nio.ch.SocketChannelImpl.finishConnect(SocketChannelImpl.java:717)
	at org.apache.ratis.thirdparty.io.netty.channel.socket.nio.NioSocketChannel.doFinishConnect(NioSocketChannel.java:327)
	at org.apache.ratis.thirdparty.io.netty.channel.nio.AbstractNioChannel$AbstractNioUnsafe.finishConnect(AbstractNioChannel.java:340)
	at org.apache.ratis.thirdparty.io.netty.channel.nio.NioEventLoop.processSelectedKey(NioEventLoop.java:632)
	at org.apache.ratis.thirdparty.io.netty.channel.nio.NioEventLoop.processSelectedKeysOptimized(NioEventLoop.java:579)
	at org.apache.ratis.thirdparty.io.netty.channel.nio.NioEventLoop.processSelectedKeys(NioEventLoop.java:496)
	at org.apache.ratis.thirdparty.io.netty.channel.nio.NioEventLoop.run(NioEventLoop.java:458)
	at org.apache.ratis.thirdparty.io.netty.util.concurrent.SingleThreadEventExecutor$5.run(SingleThreadEventExecutor.java:897)
	at org.apache.ratis.thirdparty.io.netty.util.concurrent.FastThreadLocalRunnable.run(FastThreadLocalRunnable.java:30)
	... 1 more
Caused by: java.net.ConnectException: Connection refused
	... 11 more
2019-09-27 09:23:40,075 [cbebfacb-c89d-4e0c-ae63-1a234181ea6b@group-498546036227:LeaderElection120] INFO  impl.LeaderElection (LogUtils.java:infoOrTrace(149)) -   Exception 1: {}
java.util.concurrent.ExecutionException: org.apache.ratis.thirdparty.io.grpc.StatusRuntimeException: UNAVAILABLE: io exception
	at java.util.concurrent.FutureTask.report(FutureTask.java:122)
	at java.util.concurrent.FutureTask.get(FutureTask.java:192)
	at org.apache.ratis.server.impl.LeaderElection.waitForResults(LeaderElection.java:263)
	at org.apache.ratis.server.impl.LeaderElection.askForVotes(LeaderElection.java:201)
	at org.apache.ratis.server.impl.LeaderElection.run(LeaderElection.java:133)
	at java.lang.Thread.run(Thread.java:748)
Caused by: org.apache.ratis.thirdparty.io.grpc.StatusRuntimeException: UNAVAILABLE: io exception
	at org.apache.ratis.thirdparty.io.grpc.stub.ClientCalls.toStatusRuntimeException(ClientCalls.java:233)
	at org.apache.ratis.thirdparty.io.grpc.stub.ClientCalls.getUnchecked(ClientCalls.java:214)
	at org.apache.ratis.thirdparty.io.grpc.stub.ClientCalls.blockingUnaryCall(ClientCalls.java:139)
	at org.apache.ratis.proto.grpc.RaftServerProtocolServiceGrpc$RaftServerProtocolServiceBlockingStub.requestVote(RaftServerProtocolServiceGrpc.java:265)
	at org.apache.ratis.grpc.server.GrpcServerProtocolClient.requestVote(GrpcServerProtocolClient.java:90)
	at org.apache.ratis.grpc.server.GrpcService.requestVote(GrpcService.java:204)
	at org.apache.ratis.server.impl.LeaderElection.lambda$submitRequests$1(LeaderElection.java:238)
	at java.util.concurrent.FutureTask.run(FutureTask.java:266)
	at java.util.concurrent.Executors$RunnableAdapter.call(Executors.java:511)
	at java.util.concurrent.FutureTask.run(FutureTask.java:266)
	at java.util.concurrent.ThreadPoolExecutor.runWorker(ThreadPoolExecutor.java:1149)
	at java.util.concurrent.ThreadPoolExecutor$Worker.run(ThreadPoolExecutor.java:624)
	... 1 more
Caused by: org.apache.ratis.thirdparty.io.netty.channel.AbstractChannel$AnnotatedConnectException: Connection refused: /192.168.151.103:36657
	at sun.nio.ch.SocketChannelImpl.checkConnect(Native Method)
	at sun.nio.ch.SocketChannelImpl.finishConnect(SocketChannelImpl.java:717)
	at org.apache.ratis.thirdparty.io.netty.channel.socket.nio.NioSocketChannel.doFinishConnect(NioSocketChannel.java:327)
	at org.apache.ratis.thirdparty.io.netty.channel.nio.AbstractNioChannel$AbstractNioUnsafe.finishConnect(AbstractNioChannel.java:340)
	at org.apache.ratis.thirdparty.io.netty.channel.nio.NioEventLoop.processSelectedKey(NioEventLoop.java:632)
	at org.apache.ratis.thirdparty.io.netty.channel.nio.NioEventLoop.processSelectedKeysOptimized(NioEventLoop.java:579)
	at org.apache.ratis.thirdparty.io.netty.channel.nio.NioEventLoop.processSelectedKeys(NioEventLoop.java:496)
	at org.apache.ratis.thirdparty.io.netty.channel.nio.NioEventLoop.run(NioEventLoop.java:458)
	at org.apache.ratis.thirdparty.io.netty.util.concurrent.SingleThreadEventExecutor$5.run(SingleThreadEventExecutor.java:897)
	at org.apache.ratis.thirdparty.io.netty.util.concurrent.FastThreadLocalRunnable.run(FastThreadLocalRunnable.java:30)
	... 1 more
Caused by: java.net.ConnectException: Connection refused
	... 11 more
2019-09-27 09:23:40,075 [cbebfacb-c89d-4e0c-ae63-1a234181ea6b@group-498546036227:LeaderElection120] INFO  impl.RaftServerImpl (RaftServerImpl.java:setRole(174)) - cbebfacb-c89d-4e0c-ae63-1a234181ea6b@group-498546036227: changes role from CANDIDATE to FOLLOWER at term 9 for DISCOVERED_A_NEW_TERM
2019-09-27 09:23:40,075 [cbebfacb-c89d-4e0c-ae63-1a234181ea6b@group-498546036227:LeaderElection120] INFO  impl.RoleInfo (RoleInfo.java:shutdownLeaderElection(134)) - cbebfacb-c89d-4e0c-ae63-1a234181ea6b: shutdown LeaderElection
2019-09-27 09:23:40,075 [cbebfacb-c89d-4e0c-ae63-1a234181ea6b@group-498546036227:LeaderElection120] INFO  impl.RoleInfo (RoleInfo.java:updateAndGet(143)) - cbebfacb-c89d-4e0c-ae63-1a234181ea6b: start FollowerState
2019-09-27 09:23:40,273 [grpc-default-executor-1] WARN  server.GrpcLogAppender (LogUtils.java:warn(134)) - 161d0b6c-bb81-43fa-8578-505f63e7c46b@group-51FE514263BA->e6683dc0-e787-4f77-a1bd-b29d73bfe0c0-AppendLogResponseHandler: Failed appendEntries: org.apache.ratis.thirdparty.io.grpc.StatusRuntimeException: UNAVAILABLE: io exception
2019-09-27 09:23:40,273 [grpc-default-executor-1] INFO  impl.FollowerInfo (FollowerInfo.java:lambda$new$0(51)) - 161d0b6c-bb81-43fa-8578-505f63e7c46b@group-51FE514263BA->e6683dc0-e787-4f77-a1bd-b29d73bfe0c0: nextIndex: updateUnconditionally 0 -> 0
2019-09-27 09:23:40,588 [Thread-7776] INFO  impl.FollowerState (FollowerState.java:run(106)) - 9d1fa352-1a82-481d-9d24-e29bb21dd7ac:group-BE313173F156 changes to CANDIDATE, lastRpcTime:1191, electionTimeout:1191ms
2019-09-27 09:23:40,588 [Thread-7776] INFO  impl.RoleInfo (RoleInfo.java:shutdownFollowerState(121)) - 9d1fa352-1a82-481d-9d24-e29bb21dd7ac: shutdown FollowerState
2019-09-27 09:23:40,588 [Thread-7776] INFO  impl.RaftServerImpl (RaftServerImpl.java:setRole(174)) - 9d1fa352-1a82-481d-9d24-e29bb21dd7ac@group-BE313173F156: changes role from  FOLLOWER to CANDIDATE at term 4 for changeToCandidate
2019-09-27 09:23:40,589 [Thread-7776] INFO  impl.RoleInfo (RoleInfo.java:updateAndGet(143)) - 9d1fa352-1a82-481d-9d24-e29bb21dd7ac: start LeaderElection
2019-09-27 09:23:40,602 [9d1fa352-1a82-481d-9d24-e29bb21dd7ac@group-BE313173F156:LeaderElection121] INFO  impl.LeaderElection (LeaderElection.java:askForVotes(182)) - 9d1fa352-1a82-481d-9d24-e29bb21dd7ac@group-BE313173F156:LeaderElection121: begin an election at term 5 for 0: [9d1fa352-1a82-481d-9d24-e29bb21dd7ac:192.168.151.103:33561, 545840a3-a59e-4544-b748-6e804ee187a8:192.168.151.103:38575, 69eece0b-35aa-4c3f-ae5c-22aaa3245fe4:192.168.151.103:38721], old=null
2019-09-27 09:23:40,603 [9d1fa352-1a82-481d-9d24-e29bb21dd7ac@group-BE313173F156:LeaderElection121] INFO  impl.LeaderElection (LogUtils.java:infoOrTrace(149)) - 9d1fa352-1a82-481d-9d24-e29bb21dd7ac@group-BE313173F156:LeaderElection121 got exception when requesting votes: {}
java.util.concurrent.ExecutionException: org.apache.ratis.thirdparty.io.grpc.StatusRuntimeException: UNAVAILABLE: io exception
	at java.util.concurrent.FutureTask.report(FutureTask.java:122)
	at java.util.concurrent.FutureTask.get(FutureTask.java:192)
	at org.apache.ratis.server.impl.LeaderElection.waitForResults(LeaderElection.java:263)
	at org.apache.ratis.server.impl.LeaderElection.askForVotes(LeaderElection.java:201)
	at org.apache.ratis.server.impl.LeaderElection.run(LeaderElection.java:133)
	at java.lang.Thread.run(Thread.java:748)
Caused by: org.apache.ratis.thirdparty.io.grpc.StatusRuntimeException: UNAVAILABLE: io exception
	at org.apache.ratis.thirdparty.io.grpc.stub.ClientCalls.toStatusRuntimeException(ClientCalls.java:233)
	at org.apache.ratis.thirdparty.io.grpc.stub.ClientCalls.getUnchecked(ClientCalls.java:214)
	at org.apache.ratis.thirdparty.io.grpc.stub.ClientCalls.blockingUnaryCall(ClientCalls.java:139)
	at org.apache.ratis.proto.grpc.RaftServerProtocolServiceGrpc$RaftServerProtocolServiceBlockingStub.requestVote(RaftServerProtocolServiceGrpc.java:265)
	at org.apache.ratis.grpc.server.GrpcServerProtocolClient.requestVote(GrpcServerProtocolClient.java:90)
	at org.apache.ratis.grpc.server.GrpcService.requestVote(GrpcService.java:204)
	at org.apache.ratis.server.impl.LeaderElection.lambda$submitRequests$1(LeaderElection.java:238)
	at java.util.concurrent.FutureTask.run(FutureTask.java:266)
	at java.util.concurrent.Executors$RunnableAdapter.call(Executors.java:511)
	at java.util.concurrent.FutureTask.run(FutureTask.java:266)
	at java.util.concurrent.ThreadPoolExecutor.runWorker(ThreadPoolExecutor.java:1149)
	at java.util.concurrent.ThreadPoolExecutor$Worker.run(ThreadPoolExecutor.java:624)
	... 1 more
Caused by: org.apache.ratis.thirdparty.io.netty.channel.AbstractChannel$AnnotatedConnectException: Connection refused: /192.168.151.103:38575
	at sun.nio.ch.SocketChannelImpl.checkConnect(Native Method)
	at sun.nio.ch.SocketChannelImpl.finishConnect(SocketChannelImpl.java:717)
	at org.apache.ratis.thirdparty.io.netty.channel.socket.nio.NioSocketChannel.doFinishConnect(NioSocketChannel.java:327)
	at org.apache.ratis.thirdparty.io.netty.channel.nio.AbstractNioChannel$AbstractNioUnsafe.finishConnect(AbstractNioChannel.java:340)
	at org.apache.ratis.thirdparty.io.netty.channel.nio.NioEventLoop.processSelectedKey(NioEventLoop.java:632)
	at org.apache.ratis.thirdparty.io.netty.channel.nio.NioEventLoop.processSelectedKeysOptimized(NioEventLoop.java:579)
	at org.apache.ratis.thirdparty.io.netty.channel.nio.NioEventLoop.processSelectedKeys(NioEventLoop.java:496)
	at org.apache.ratis.thirdparty.io.netty.channel.nio.NioEventLoop.run(NioEventLoop.java:458)
	at org.apache.ratis.thirdparty.io.netty.util.concurrent.SingleThreadEventExecutor$5.run(SingleThreadEventExecutor.java:897)
	at org.apache.ratis.thirdparty.io.netty.util.concurrent.FastThreadLocalRunnable.run(FastThreadLocalRunnable.java:30)
	... 1 more
Caused by: java.net.ConnectException: Connection refused
	... 11 more
2019-09-27 09:23:40,606 [9d1fa352-1a82-481d-9d24-e29bb21dd7ac@group-BE313173F156:LeaderElection121] INFO  impl.LeaderElection (LogUtils.java:infoOrTrace(149)) - 9d1fa352-1a82-481d-9d24-e29bb21dd7ac@group-BE313173F156:LeaderElection121 got exception when requesting votes: {}
java.util.concurrent.ExecutionException: org.apache.ratis.thirdparty.io.grpc.StatusRuntimeException: UNAVAILABLE: io exception
	at java.util.concurrent.FutureTask.report(FutureTask.java:122)
	at java.util.concurrent.FutureTask.get(FutureTask.java:192)
	at org.apache.ratis.server.impl.LeaderElection.waitForResults(LeaderElection.java:263)
	at org.apache.ratis.server.impl.LeaderElection.askForVotes(LeaderElection.java:201)
	at org.apache.ratis.server.impl.LeaderElection.run(LeaderElection.java:133)
	at java.lang.Thread.run(Thread.java:748)
Caused by: org.apache.ratis.thirdparty.io.grpc.StatusRuntimeException: UNAVAILABLE: io exception
	at org.apache.ratis.thirdparty.io.grpc.stub.ClientCalls.toStatusRuntimeException(ClientCalls.java:233)
	at org.apache.ratis.thirdparty.io.grpc.stub.ClientCalls.getUnchecked(ClientCalls.java:214)
	at org.apache.ratis.thirdparty.io.grpc.stub.ClientCalls.blockingUnaryCall(ClientCalls.java:139)
	at org.apache.ratis.proto.grpc.RaftServerProtocolServiceGrpc$RaftServerProtocolServiceBlockingStub.requestVote(RaftServerProtocolServiceGrpc.java:265)
	at org.apache.ratis.grpc.server.GrpcServerProtocolClient.requestVote(GrpcServerProtocolClient.java:90)
	at org.apache.ratis.grpc.server.GrpcService.requestVote(GrpcService.java:204)
	at org.apache.ratis.server.impl.LeaderElection.lambda$submitRequests$1(LeaderElection.java:238)
	at java.util.concurrent.FutureTask.run(FutureTask.java:266)
	at java.util.concurrent.Executors$RunnableAdapter.call(Executors.java:511)
	at java.util.concurrent.FutureTask.run(FutureTask.java:266)
	at java.util.concurrent.ThreadPoolExecutor.runWorker(ThreadPoolExecutor.java:1149)
	at java.util.concurrent.ThreadPoolExecutor$Worker.run(ThreadPoolExecutor.java:624)
	... 1 more
Caused by: org.apache.ratis.thirdparty.io.netty.channel.AbstractChannel$AnnotatedConnectException: Connection refused: /192.168.151.103:38721
	at sun.nio.ch.SocketChannelImpl.checkConnect(Native Method)
	at sun.nio.ch.SocketChannelImpl.finishConnect(SocketChannelImpl.java:717)
	at org.apache.ratis.thirdparty.io.netty.channel.socket.nio.NioSocketChannel.doFinishConnect(NioSocketChannel.java:327)
	at org.apache.ratis.thirdparty.io.netty.channel.nio.AbstractNioChannel$AbstractNioUnsafe.finishConnect(AbstractNioChannel.java:340)
	at org.apache.ratis.thirdparty.io.netty.channel.nio.NioEventLoop.processSelectedKey(NioEventLoop.java:632)
	at org.apache.ratis.thirdparty.io.netty.channel.nio.NioEventLoop.processSelectedKeysOptimized(NioEventLoop.java:579)
	at org.apache.ratis.thirdparty.io.netty.channel.nio.NioEventLoop.processSelectedKeys(NioEventLoop.java:496)
	at org.apache.ratis.thirdparty.io.netty.channel.nio.NioEventLoop.run(NioEventLoop.java:458)
	at org.apache.ratis.thirdparty.io.netty.util.concurrent.SingleThreadEventExecutor$5.run(SingleThreadEventExecutor.java:897)
	at org.apache.ratis.thirdparty.io.netty.util.concurrent.FastThreadLocalRunnable.run(FastThreadLocalRunnable.java:30)
	... 1 more
Caused by: java.net.ConnectException: Connection refused
	... 11 more
2019-09-27 09:23:40,607 [9d1fa352-1a82-481d-9d24-e29bb21dd7ac@group-BE313173F156:LeaderElection121] INFO  impl.LeaderElection (LeaderElection.java:logAndReturn(56)) - 9d1fa352-1a82-481d-9d24-e29bb21dd7ac@group-BE313173F156:LeaderElection121: Election REJECTED; received 0 response(s) [] and 2 exception(s); 9d1fa352-1a82-481d-9d24-e29bb21dd7ac@group-BE313173F156:t5, leader=null, voted=9d1fa352-1a82-481d-9d24-e29bb21dd7ac, raftlog=9d1fa352-1a82-481d-9d24-e29bb21dd7ac@group-BE313173F156-SegmentedRaftLog:OPENED:c0,f0,i0, conf=0: [9d1fa352-1a82-481d-9d24-e29bb21dd7ac:192.168.151.103:33561, 545840a3-a59e-4544-b748-6e804ee187a8:192.168.151.103:38575, 69eece0b-35aa-4c3f-ae5c-22aaa3245fe4:192.168.151.103:38721], old=null
2019-09-27 09:23:40,607 [9d1fa352-1a82-481d-9d24-e29bb21dd7ac@group-BE313173F156:LeaderElection121] INFO  impl.LeaderElection (LogUtils.java:infoOrTrace(149)) -   Exception 0: {}
java.util.concurrent.ExecutionException: org.apache.ratis.thirdparty.io.grpc.StatusRuntimeException: UNAVAILABLE: io exception
	at java.util.concurrent.FutureTask.report(FutureTask.java:122)
	at java.util.concurrent.FutureTask.get(FutureTask.java:192)
	at org.apache.ratis.server.impl.LeaderElection.waitForResults(LeaderElection.java:263)
	at org.apache.ratis.server.impl.LeaderElection.askForVotes(LeaderElection.java:201)
	at org.apache.ratis.server.impl.LeaderElection.run(LeaderElection.java:133)
	at java.lang.Thread.run(Thread.java:748)
Caused by: org.apache.ratis.thirdparty.io.grpc.StatusRuntimeException: UNAVAILABLE: io exception
	at org.apache.ratis.thirdparty.io.grpc.stub.ClientCalls.toStatusRuntimeException(ClientCalls.java:233)
	at org.apache.ratis.thirdparty.io.grpc.stub.ClientCalls.getUnchecked(ClientCalls.java:214)
	at org.apache.ratis.thirdparty.io.grpc.stub.ClientCalls.blockingUnaryCall(ClientCalls.java:139)
	at org.apache.ratis.proto.grpc.RaftServerProtocolServiceGrpc$RaftServerProtocolServiceBlockingStub.requestVote(RaftServerProtocolServiceGrpc.java:265)
	at org.apache.ratis.grpc.server.GrpcServerProtocolClient.requestVote(GrpcServerProtocolClient.java:90)
	at org.apache.ratis.grpc.server.GrpcService.requestVote(GrpcService.java:204)
	at org.apache.ratis.server.impl.LeaderElection.lambda$submitRequests$1(LeaderElection.java:238)
	at java.util.concurrent.FutureTask.run(FutureTask.java:266)
	at java.util.concurrent.Executors$RunnableAdapter.call(Executors.java:511)
	at java.util.concurrent.FutureTask.run(FutureTask.java:266)
	at java.util.concurrent.ThreadPoolExecutor.runWorker(ThreadPoolExecutor.java:1149)
	at java.util.concurrent.ThreadPoolExecutor$Worker.run(ThreadPoolExecutor.java:624)
	... 1 more
Caused by: org.apache.ratis.thirdparty.io.netty.channel.AbstractChannel$AnnotatedConnectException: Connection refused: /192.168.151.103:38575
	at sun.nio.ch.SocketChannelImpl.checkConnect(Native Method)
	at sun.nio.ch.SocketChannelImpl.finishConnect(SocketChannelImpl.java:717)
	at org.apache.ratis.thirdparty.io.netty.channel.socket.nio.NioSocketChannel.doFinishConnect(NioSocketChannel.java:327)
	at org.apache.ratis.thirdparty.io.netty.channel.nio.AbstractNioChannel$AbstractNioUnsafe.finishConnect(AbstractNioChannel.java:340)
	at org.apache.ratis.thirdparty.io.netty.channel.nio.NioEventLoop.processSelectedKey(NioEventLoop.java:632)
	at org.apache.ratis.thirdparty.io.netty.channel.nio.NioEventLoop.processSelectedKeysOptimized(NioEventLoop.java:579)
	at org.apache.ratis.thirdparty.io.netty.channel.nio.NioEventLoop.processSelectedKeys(NioEventLoop.java:496)
	at org.apache.ratis.thirdparty.io.netty.channel.nio.NioEventLoop.run(NioEventLoop.java:458)
	at org.apache.ratis.thirdparty.io.netty.util.concurrent.SingleThreadEventExecutor$5.run(SingleThreadEventExecutor.java:897)
	at org.apache.ratis.thirdparty.io.netty.util.concurrent.FastThreadLocalRunnable.run(FastThreadLocalRunnable.java:30)
	... 1 more
Caused by: java.net.ConnectException: Connection refused
	... 11 more
2019-09-27 09:23:40,608 [9d1fa352-1a82-481d-9d24-e29bb21dd7ac@group-BE313173F156:LeaderElection121] INFO  impl.LeaderElection (LogUtils.java:infoOrTrace(149)) -   Exception 1: {}
java.util.concurrent.ExecutionException: org.apache.ratis.thirdparty.io.grpc.StatusRuntimeException: UNAVAILABLE: io exception
	at java.util.concurrent.FutureTask.report(FutureTask.java:122)
	at java.util.concurrent.FutureTask.get(FutureTask.java:192)
	at org.apache.ratis.server.impl.LeaderElection.waitForResults(LeaderElection.java:263)
	at org.apache.ratis.server.impl.LeaderElection.askForVotes(LeaderElection.java:201)
	at org.apache.ratis.server.impl.LeaderElection.run(LeaderElection.java:133)
	at java.lang.Thread.run(Thread.java:748)
Caused by: org.apache.ratis.thirdparty.io.grpc.StatusRuntimeException: UNAVAILABLE: io exception
	at org.apache.ratis.thirdparty.io.grpc.stub.ClientCalls.toStatusRuntimeException(ClientCalls.java:233)
	at org.apache.ratis.thirdparty.io.grpc.stub.ClientCalls.getUnchecked(ClientCalls.java:214)
	at org.apache.ratis.thirdparty.io.grpc.stub.ClientCalls.blockingUnaryCall(ClientCalls.java:139)
	at org.apache.ratis.proto.grpc.RaftServerProtocolServiceGrpc$RaftServerProtocolServiceBlockingStub.requestVote(RaftServerProtocolServiceGrpc.java:265)
	at org.apache.ratis.grpc.server.GrpcServerProtocolClient.requestVote(GrpcServerProtocolClient.java:90)
	at org.apache.ratis.grpc.server.GrpcService.requestVote(GrpcService.java:204)
	at org.apache.ratis.server.impl.LeaderElection.lambda$submitRequests$1(LeaderElection.java:238)
	at java.util.concurrent.FutureTask.run(FutureTask.java:266)
	at java.util.concurrent.Executors$RunnableAdapter.call(Executors.java:511)
	at java.util.concurrent.FutureTask.run(FutureTask.java:266)
	at java.util.concurrent.ThreadPoolExecutor.runWorker(ThreadPoolExecutor.java:1149)
	at java.util.concurrent.ThreadPoolExecutor$Worker.run(ThreadPoolExecutor.java:624)
	... 1 more
Caused by: org.apache.ratis.thirdparty.io.netty.channel.AbstractChannel$AnnotatedConnectException: Connection refused: /192.168.151.103:38721
	at sun.nio.ch.SocketChannelImpl.checkConnect(Native Method)
	at sun.nio.ch.SocketChannelImpl.finishConnect(SocketChannelImpl.java:717)
	at org.apache.ratis.thirdparty.io.netty.channel.socket.nio.NioSocketChannel.doFinishConnect(NioSocketChannel.java:327)
	at org.apache.ratis.thirdparty.io.netty.channel.nio.AbstractNioChannel$AbstractNioUnsafe.finishConnect(AbstractNioChannel.java:340)
	at org.apache.ratis.thirdparty.io.netty.channel.nio.NioEventLoop.processSelectedKey(NioEventLoop.java:632)
	at org.apache.ratis.thirdparty.io.netty.channel.nio.NioEventLoop.processSelectedKeysOptimized(NioEventLoop.java:579)
	at org.apache.ratis.thirdparty.io.netty.channel.nio.NioEventLoop.processSelectedKeys(NioEventLoop.java:496)
	at org.apache.ratis.thirdparty.io.netty.channel.nio.NioEventLoop.run(NioEventLoop.java:458)
	at org.apache.ratis.thirdparty.io.netty.util.concurrent.SingleThreadEventExecutor$5.run(SingleThreadEventExecutor.java:897)
	at org.apache.ratis.thirdparty.io.netty.util.concurrent.FastThreadLocalRunnable.run(FastThreadLocalRunnable.java:30)
	... 1 more
Caused by: java.net.ConnectException: Connection refused
	... 11 more
2019-09-27 09:23:40,608 [9d1fa352-1a82-481d-9d24-e29bb21dd7ac@group-BE313173F156:LeaderElection121] INFO  impl.RaftServerImpl (RaftServerImpl.java:setRole(174)) - 9d1fa352-1a82-481d-9d24-e29bb21dd7ac@group-BE313173F156: changes role from CANDIDATE to FOLLOWER at term 5 for DISCOVERED_A_NEW_TERM
2019-09-27 09:23:40,608 [9d1fa352-1a82-481d-9d24-e29bb21dd7ac@group-BE313173F156:LeaderElection121] INFO  impl.RoleInfo (RoleInfo.java:shutdownLeaderElection(134)) - 9d1fa352-1a82-481d-9d24-e29bb21dd7ac: shutdown LeaderElection
2019-09-27 09:23:40,608 [9d1fa352-1a82-481d-9d24-e29bb21dd7ac@group-BE313173F156:LeaderElection121] INFO  impl.RoleInfo (RoleInfo.java:updateAndGet(143)) - 9d1fa352-1a82-481d-9d24-e29bb21dd7ac: start FollowerState
2019-09-27 09:23:40,773 [grpc-default-executor-5] WARN  server.GrpcLogAppender (LogUtils.java:warn(134)) - 161d0b6c-bb81-43fa-8578-505f63e7c46b@group-51FE514263BA->e6683dc0-e787-4f77-a1bd-b29d73bfe0c0-AppendLogResponseHandler: Failed appendEntries: org.apache.ratis.thirdparty.io.grpc.StatusRuntimeException: UNAVAILABLE: io exception
2019-09-27 09:23:40,773 [grpc-default-executor-5] INFO  impl.FollowerInfo (FollowerInfo.java:lambda$new$0(51)) - 161d0b6c-bb81-43fa-8578-505f63e7c46b@group-51FE514263BA->e6683dc0-e787-4f77-a1bd-b29d73bfe0c0: nextIndex: updateUnconditionally 0 -> 0
2019-09-27 09:23:41,004 [main] INFO  ozoneimpl.OzoneContainer (OzoneContainer.java:stop(231)) - Attempting to stop container services.
2019-09-27 09:23:41,005 [main] INFO  impl.RaftServerProxy (RaftServerProxy.java:lambda$close$4(314)) - 161d0b6c-bb81-43fa-8578-505f63e7c46b: close
2019-09-27 09:23:41,005 [main] INFO  impl.RaftServerImpl (RaftServerImpl.java:lambda$shutdown$3(251)) - 161d0b6c-bb81-43fa-8578-505f63e7c46b@group-F425947D9CAF: shutdown
2019-09-27 09:23:41,005 [main] INFO  util.JmxRegister (JmxRegister.java:unregister(73)) - Successfully un-registered JMX Bean with object name Ratis:service=RaftServer,group=group-F425947D9CAF,id=161d0b6c-bb81-43fa-8578-505f63e7c46b
2019-09-27 09:23:41,006 [main] INFO  impl.RoleInfo (RoleInfo.java:shutdownLeaderState(104)) - 161d0b6c-bb81-43fa-8578-505f63e7c46b: shutdown LeaderState
2019-09-27 09:23:41,006 [main] INFO  impl.PendingRequests (PendingRequests.java:sendNotLeaderResponses(202)) - 161d0b6c-bb81-43fa-8578-505f63e7c46b-PendingRequests: sendNotLeaderResponses
2019-09-27 09:23:41,006 [main] INFO  impl.StateMachineUpdater (StateMachineUpdater.java:stopAndJoin(125)) - 161d0b6c-bb81-43fa-8578-505f63e7c46b@group-F425947D9CAF-StateMachineUpdater: set stopIndex = 0
2019-09-27 09:23:41,007 [main] INFO  impl.RaftServerImpl (ServerState.java:close(385)) - 161d0b6c-bb81-43fa-8578-505f63e7c46b@group-F425947D9CAF: closes. applyIndex: 0
2019-09-27 09:23:41,007 [161d0b6c-bb81-43fa-8578-505f63e7c46b@group-F425947D9CAF-SegmentedRaftLogWorker] INFO  segmented.SegmentedRaftLogWorker (SegmentedRaftLogWorker.java:run(313)) - 161d0b6c-bb81-43fa-8578-505f63e7c46b@group-F425947D9CAF-SegmentedRaftLogWorker was interrupted, exiting. There are 0 tasks remaining in the queue.
2019-09-27 09:23:41,007 [main] INFO  segmented.SegmentedRaftLogWorker (SegmentedRaftLogWorker.java:close(228)) - 161d0b6c-bb81-43fa-8578-505f63e7c46b@group-F425947D9CAF-SegmentedRaftLogWorker close()
2019-09-27 09:23:41,008 [main] INFO  impl.RaftServerImpl (RaftServerImpl.java:lambda$shutdown$3(251)) - 161d0b6c-bb81-43fa-8578-505f63e7c46b@group-51FE514263BA: shutdown
2019-09-27 09:23:41,008 [main] INFO  util.JmxRegister (JmxRegister.java:unregister(73)) - Successfully un-registered JMX Bean with object name Ratis:service=RaftServer,group=group-51FE514263BA,id=161d0b6c-bb81-43fa-8578-505f63e7c46b
2019-09-27 09:23:41,008 [main] INFO  impl.RoleInfo (RoleInfo.java:shutdownLeaderState(104)) - 161d0b6c-bb81-43fa-8578-505f63e7c46b: shutdown LeaderState
2019-09-27 09:23:41,011 [main] INFO  impl.PendingRequests (PendingRequests.java:sendNotLeaderResponses(202)) - 161d0b6c-bb81-43fa-8578-505f63e7c46b-PendingRequests: sendNotLeaderResponses
2019-09-27 09:23:41,011 [org.apache.ratis.server.impl.LogAppender$AppenderDaemon$$Lambda$400/247186050@56c87980] WARN  server.GrpcLogAppender (GrpcLogAppender.java:mayWait(143)) - 161d0b6c-bb81-43fa-8578-505f63e7c46b@group-51FE514263BA->e6683dc0-e787-4f77-a1bd-b29d73bfe0c0-GrpcLogAppender: Wait interrupted by java.lang.InterruptedException
2019-09-27 09:23:41,011 [org.apache.ratis.server.impl.LogAppender$AppenderDaemon$$Lambda$400/247186050@4359d13d] WARN  server.GrpcLogAppender (GrpcLogAppender.java:mayWait(143)) - 161d0b6c-bb81-43fa-8578-505f63e7c46b@group-51FE514263BA->4c0a5387-3197-4e6b-9533-589fb410635e-GrpcLogAppender: Wait interrupted by java.lang.InterruptedException
2019-09-27 09:23:41,011 [main] INFO  impl.StateMachineUpdater (StateMachineUpdater.java:stopAndJoin(125)) - 161d0b6c-bb81-43fa-8578-505f63e7c46b@group-51FE514263BA-StateMachineUpdater: set stopIndex = 0
2019-09-27 09:23:41,012 [main] INFO  impl.RaftServerImpl (ServerState.java:close(385)) - 161d0b6c-bb81-43fa-8578-505f63e7c46b@group-51FE514263BA: closes. applyIndex: 0
2019-09-27 09:23:41,012 [grpc-default-executor-5] INFO  server.GrpcServerProtocolService (GrpcServerProtocolService.java:onCompleted(113)) - 4c0a5387-3197-4e6b-9533-589fb410635e: Completed APPEND_ENTRIES, lastRequest: 161d0b6c-bb81-43fa-8578-505f63e7c46b->4c0a5387-3197-4e6b-9533-589fb410635e#260-t1, previous=(t:1, i:0), leaderCommit=0, initializing? false, entries: <empty>
2019-09-27 09:23:41,012 [161d0b6c-bb81-43fa-8578-505f63e7c46b@group-51FE514263BA-SegmentedRaftLogWorker] INFO  segmented.SegmentedRaftLogWorker (SegmentedRaftLogWorker.java:run(313)) - 161d0b6c-bb81-43fa-8578-505f63e7c46b@group-51FE514263BA-SegmentedRaftLogWorker was interrupted, exiting. There are 0 tasks remaining in the queue.
2019-09-27 09:23:41,012 [main] INFO  segmented.SegmentedRaftLogWorker (SegmentedRaftLogWorker.java:close(228)) - 161d0b6c-bb81-43fa-8578-505f63e7c46b@group-51FE514263BA-SegmentedRaftLogWorker close()
2019-09-27 09:23:41,013 [grpc-default-executor-5] INFO  server.GrpcLogAppender (GrpcLogAppender.java:onCompleted(293)) - 161d0b6c-bb81-43fa-8578-505f63e7c46b@group-51FE514263BA->4c0a5387-3197-4e6b-9533-589fb410635e-AppendLogResponseHandler: follower responses appendEntries COMPLETED
2019-09-27 09:23:41,013 [main] INFO  server.GrpcService (GrpcService.java:closeImpl(164)) - 161d0b6c-bb81-43fa-8578-505f63e7c46b: shutdown server with port 39300 now
2019-09-27 09:23:41,013 [grpc-default-executor-5] INFO  impl.FollowerInfo (FollowerInfo.java:lambda$new$0(51)) - 161d0b6c-bb81-43fa-8578-505f63e7c46b@group-51FE514263BA->4c0a5387-3197-4e6b-9533-589fb410635e: nextIndex: updateUnconditionally 1 -> 0
2019-09-27 09:23:41,013 [main] INFO  server.GrpcService (GrpcService.java:closeImpl(172)) - 161d0b6c-bb81-43fa-8578-505f63e7c46b: shutdown server with port 39300 successfully
2019-09-27 09:23:41,016 [refreshUsed-/workdir/hadoop-ozone/integration-test/target/test-dir/MiniOzoneClusterImpl-68e31327-6f0a-47ff-9789-fe3f4972a3d5/datanode-9/data/containers] WARN  fs.CachingGetSpaceUsed (CachingGetSpaceUsed.java:run(183)) - Thread Interrupted waiting to refresh disk information: sleep interrupted
2019-09-27 09:23:41,023 [ForkJoinPool.commonPool-worker-0] INFO  ozoneimpl.OzoneContainer (OzoneContainer.java:stop(231)) - Attempting to stop container services.
2019-09-27 09:23:41,023 [ForkJoinPool.commonPool-worker-0] INFO  impl.RaftServerProxy (RaftServerProxy.java:lambda$close$4(314)) - cbebfacb-c89d-4e0c-ae63-1a234181ea6b: close
2019-09-27 09:23:41,023 [ForkJoinPool.commonPool-worker-0] INFO  impl.RaftServerImpl (RaftServerImpl.java:lambda$shutdown$3(251)) - cbebfacb-c89d-4e0c-ae63-1a234181ea6b@group-7077269F90D8: shutdown
2019-09-27 09:23:41,023 [ForkJoinPool.commonPool-worker-0] INFO  util.JmxRegister (JmxRegister.java:unregister(73)) - Successfully un-registered JMX Bean with object name Ratis:service=RaftServer,group=group-7077269F90D8,id=cbebfacb-c89d-4e0c-ae63-1a234181ea6b
2019-09-27 09:23:41,023 [ForkJoinPool.commonPool-worker-0] INFO  impl.RoleInfo (RoleInfo.java:shutdownLeaderState(104)) - cbebfacb-c89d-4e0c-ae63-1a234181ea6b: shutdown LeaderState
2019-09-27 09:23:41,023 [ForkJoinPool.commonPool-worker-0] INFO  impl.PendingRequests (PendingRequests.java:sendNotLeaderResponses(202)) - cbebfacb-c89d-4e0c-ae63-1a234181ea6b-PendingRequests: sendNotLeaderResponses
2019-09-27 09:23:41,024 [ForkJoinPool.commonPool-worker-0] INFO  impl.StateMachineUpdater (StateMachineUpdater.java:stopAndJoin(125)) - cbebfacb-c89d-4e0c-ae63-1a234181ea6b@group-7077269F90D8-StateMachineUpdater: set stopIndex = 0
2019-09-27 09:23:41,024 [ForkJoinPool.commonPool-worker-0] INFO  impl.RaftServerImpl (ServerState.java:close(385)) - cbebfacb-c89d-4e0c-ae63-1a234181ea6b@group-7077269F90D8: closes. applyIndex: 0
2019-09-27 09:23:41,024 [cbebfacb-c89d-4e0c-ae63-1a234181ea6b@group-7077269F90D8-SegmentedRaftLogWorker] INFO  segmented.SegmentedRaftLogWorker (SegmentedRaftLogWorker.java:run(313)) - cbebfacb-c89d-4e0c-ae63-1a234181ea6b@group-7077269F90D8-SegmentedRaftLogWorker was interrupted, exiting. There are 0 tasks remaining in the queue.
2019-09-27 09:23:41,024 [ForkJoinPool.commonPool-worker-0] INFO  segmented.SegmentedRaftLogWorker (SegmentedRaftLogWorker.java:close(228)) - cbebfacb-c89d-4e0c-ae63-1a234181ea6b@group-7077269F90D8-SegmentedRaftLogWorker close()
2019-09-27 09:23:41,025 [ForkJoinPool.commonPool-worker-0] INFO  impl.RaftServerImpl (RaftServerImpl.java:lambda$shutdown$3(251)) - cbebfacb-c89d-4e0c-ae63-1a234181ea6b@group-498546036227: shutdown
2019-09-27 09:23:41,025 [ForkJoinPool.commonPool-worker-0] INFO  util.JmxRegister (JmxRegister.java:unregister(73)) - Successfully un-registered JMX Bean with object name Ratis:service=RaftServer,group=group-498546036227,id=cbebfacb-c89d-4e0c-ae63-1a234181ea6b
2019-09-27 09:23:41,025 [ForkJoinPool.commonPool-worker-0] INFO  impl.RoleInfo (RoleInfo.java:shutdownFollowerState(121)) - cbebfacb-c89d-4e0c-ae63-1a234181ea6b: shutdown FollowerState
2019-09-27 09:23:41,025 [ForkJoinPool.commonPool-worker-0] INFO  impl.StateMachineUpdater (StateMachineUpdater.java:stopAndJoin(125)) - cbebfacb-c89d-4e0c-ae63-1a234181ea6b@group-498546036227-StateMachineUpdater: set stopIndex = 0
2019-09-27 09:23:41,025 [Thread-7781] INFO  impl.FollowerState (FollowerState.java:run(115)) - cbebfacb-c89d-4e0c-ae63-1a234181ea6b: FollowerState was interrupted: java.lang.InterruptedException: sleep interrupted
2019-09-27 09:23:41,026 [ForkJoinPool.commonPool-worker-0] INFO  impl.RaftServerImpl (ServerState.java:close(385)) - cbebfacb-c89d-4e0c-ae63-1a234181ea6b@group-498546036227: closes. applyIndex: 0
2019-09-27 09:23:41,026 [cbebfacb-c89d-4e0c-ae63-1a234181ea6b@group-498546036227-SegmentedRaftLogWorker] INFO  segmented.SegmentedRaftLogWorker (SegmentedRaftLogWorker.java:run(313)) - cbebfacb-c89d-4e0c-ae63-1a234181ea6b@group-498546036227-SegmentedRaftLogWorker was interrupted, exiting. There are 0 tasks remaining in the queue.
2019-09-27 09:23:41,026 [ForkJoinPool.commonPool-worker-0] INFO  segmented.SegmentedRaftLogWorker (SegmentedRaftLogWorker.java:close(228)) - cbebfacb-c89d-4e0c-ae63-1a234181ea6b@group-498546036227-SegmentedRaftLogWorker close()
2019-09-27 09:23:41,026 [ForkJoinPool.commonPool-worker-0] INFO  server.GrpcService (GrpcService.java:closeImpl(164)) - cbebfacb-c89d-4e0c-ae63-1a234181ea6b: shutdown server with port 37470 now
2019-09-27 09:23:41,026 [ForkJoinPool.commonPool-worker-0] INFO  server.GrpcService (GrpcService.java:closeImpl(172)) - cbebfacb-c89d-4e0c-ae63-1a234181ea6b: shutdown server with port 37470 successfully
2019-09-27 09:23:41,027 [main] INFO  utils.BackgroundService (BackgroundService.java:shutdown(148)) - Shutting down service BlockDeletingService
2019-09-27 09:23:41,038 [refreshUsed-/workdir/hadoop-ozone/integration-test/target/test-dir/MiniOzoneClusterImpl-68e31327-6f0a-47ff-9789-fe3f4972a3d5/datanode-0/data/containers] WARN  fs.CachingGetSpaceUsed (CachingGetSpaceUsed.java:run(183)) - Thread Interrupted waiting to refresh disk information: sleep interrupted
2019-09-27 09:23:41,038 [main] INFO  statemachine.DatanodeStateMachine (DatanodeStateMachine.java:stopDaemon(395)) - Ozone container server stopped.
2019-09-27 09:23:41,039 [main] INFO  handler.ContextHandler (ContextHandler.java:doStop(910)) - Stopped o.e.j.w.WebAppContext@2c6c302f{/,null,UNAVAILABLE}{/hddsDatanode}
2019-09-27 09:23:41,041 [main] INFO  server.AbstractConnector (AbstractConnector.java:doStop(318)) - Stopped ServerConnector@2478b629{HTTP/1.1,[http/1.1]}{0.0.0.0:0}
2019-09-27 09:23:41,041 [main] INFO  handler.ContextHandler (ContextHandler.java:doStop(910)) - Stopped o.e.j.s.ServletContextHandler@1e76afeb{/static,jar:file:/home/user/.m2/repository/org/apache/hadoop/hadoop-hdds-container-service/0.5.0-SNAPSHOT/hadoop-hdds-container-service-0.5.0-SNAPSHOT.jar!/webapps/static,UNAVAILABLE}
2019-09-27 09:23:41,042 [main] INFO  handler.ContextHandler (ContextHandler.java:doStop(910)) - Stopped o.e.j.s.ServletContextHandler@7ec08115{/logs,file:///workdir/hadoop-ozone/integration-test/target/log,UNAVAILABLE}
2019-09-27 09:23:41,052 [ForkJoinPool.commonPool-worker-0] INFO  utils.BackgroundService (BackgroundService.java:shutdown(148)) - Shutting down service BlockDeletingService
2019-09-27 09:23:41,055 [ForkJoinPool.commonPool-worker-0] INFO  statemachine.DatanodeStateMachine (DatanodeStateMachine.java:stopDaemon(395)) - Ozone container server stopped.
2019-09-27 09:23:41,057 [ForkJoinPool.commonPool-worker-0] INFO  handler.ContextHandler (ContextHandler.java:doStop(910)) - Stopped o.e.j.w.WebAppContext@79957f11{/,null,UNAVAILABLE}{/hddsDatanode}
2019-09-27 09:23:41,058 [ForkJoinPool.commonPool-worker-0] INFO  server.AbstractConnector (AbstractConnector.java:doStop(318)) - Stopped ServerConnector@217235f5{HTTP/1.1,[http/1.1]}{0.0.0.0:0}
2019-09-27 09:23:41,058 [ForkJoinPool.commonPool-worker-0] INFO  handler.ContextHandler (ContextHandler.java:doStop(910)) - Stopped o.e.j.s.ServletContextHandler@599a9cb2{/static,jar:file:/home/user/.m2/repository/org/apache/hadoop/hadoop-hdds-container-service/0.5.0-SNAPSHOT/hadoop-hdds-container-service-0.5.0-SNAPSHOT.jar!/webapps/static,UNAVAILABLE}
2019-09-27 09:23:41,059 [ForkJoinPool.commonPool-worker-0] INFO  handler.ContextHandler (ContextHandler.java:doStop(910)) - Stopped o.e.j.s.ServletContextHandler@7a83ccd2{/logs,file:///workdir/hadoop-ozone/integration-test/target/log,UNAVAILABLE}
2019-09-27 09:23:41,519 [Datanode State Machine Thread - 0] INFO  statemachine.DatanodeStateMachine (DatanodeStateMachine.java:lambda$startDaemon$0(350)) - Ozone container server started.
2019-09-27 09:23:41,779 [Thread-7786] INFO  impl.FollowerState (FollowerState.java:run(106)) - 9d1fa352-1a82-481d-9d24-e29bb21dd7ac:group-BE313173F156 changes to CANDIDATE, lastRpcTime:1170, electionTimeout:1170ms
2019-09-27 09:23:41,779 [Thread-7786] INFO  impl.RoleInfo (RoleInfo.java:shutdownFollowerState(121)) - 9d1fa352-1a82-481d-9d24-e29bb21dd7ac: shutdown FollowerState
2019-09-27 09:23:41,779 [Thread-7786] INFO  impl.RaftServerImpl (RaftServerImpl.java:setRole(174)) - 9d1fa352-1a82-481d-9d24-e29bb21dd7ac@group-BE313173F156: changes role from  FOLLOWER to CANDIDATE at term 5 for changeToCandidate
2019-09-27 09:23:41,779 [Thread-7786] INFO  impl.RoleInfo (RoleInfo.java:updateAndGet(143)) - 9d1fa352-1a82-481d-9d24-e29bb21dd7ac: start LeaderElection
2019-09-27 09:23:41,794 [9d1fa352-1a82-481d-9d24-e29bb21dd7ac@group-BE313173F156:LeaderElection122] INFO  impl.LeaderElection (LeaderElection.java:askForVotes(182)) - 9d1fa352-1a82-481d-9d24-e29bb21dd7ac@group-BE313173F156:LeaderElection122: begin an election at term 6 for 0: [9d1fa352-1a82-481d-9d24-e29bb21dd7ac:192.168.151.103:33561, 545840a3-a59e-4544-b748-6e804ee187a8:192.168.151.103:38575, 69eece0b-35aa-4c3f-ae5c-22aaa3245fe4:192.168.151.103:38721], old=null
2019-09-27 09:23:41,796 [9d1fa352-1a82-481d-9d24-e29bb21dd7ac@group-BE313173F156:LeaderElection122] INFO  impl.LeaderElection (LogUtils.java:infoOrTrace(149)) - 9d1fa352-1a82-481d-9d24-e29bb21dd7ac@group-BE313173F156:LeaderElection122 got exception when requesting votes: {}
java.util.concurrent.ExecutionException: org.apache.ratis.thirdparty.io.grpc.StatusRuntimeException: UNAVAILABLE: io exception
	at java.util.concurrent.FutureTask.report(FutureTask.java:122)
	at java.util.concurrent.FutureTask.get(FutureTask.java:192)
	at org.apache.ratis.server.impl.LeaderElection.waitForResults(LeaderElection.java:263)
	at org.apache.ratis.server.impl.LeaderElection.askForVotes(LeaderElection.java:201)
	at org.apache.ratis.server.impl.LeaderElection.run(LeaderElection.java:133)
	at java.lang.Thread.run(Thread.java:748)
Caused by: org.apache.ratis.thirdparty.io.grpc.StatusRuntimeException: UNAVAILABLE: io exception
	at org.apache.ratis.thirdparty.io.grpc.stub.ClientCalls.toStatusRuntimeException(ClientCalls.java:233)
	at org.apache.ratis.thirdparty.io.grpc.stub.ClientCalls.getUnchecked(ClientCalls.java:214)
	at org.apache.ratis.thirdparty.io.grpc.stub.ClientCalls.blockingUnaryCall(ClientCalls.java:139)
	at org.apache.ratis.proto.grpc.RaftServerProtocolServiceGrpc$RaftServerProtocolServiceBlockingStub.requestVote(RaftServerProtocolServiceGrpc.java:265)
	at org.apache.ratis.grpc.server.GrpcServerProtocolClient.requestVote(GrpcServerProtocolClient.java:90)
	at org.apache.ratis.grpc.server.GrpcService.requestVote(GrpcService.java:204)
	at org.apache.ratis.server.impl.LeaderElection.lambda$submitRequests$1(LeaderElection.java:238)
	at java.util.concurrent.FutureTask.run(FutureTask.java:266)
	at java.util.concurrent.Executors$RunnableAdapter.call(Executors.java:511)
	at java.util.concurrent.FutureTask.run(FutureTask.java:266)
	at java.util.concurrent.ThreadPoolExecutor.runWorker(ThreadPoolExecutor.java:1149)
	at java.util.concurrent.ThreadPoolExecutor$Worker.run(ThreadPoolExecutor.java:624)
	... 1 more
Caused by: org.apache.ratis.thirdparty.io.netty.channel.AbstractChannel$AnnotatedConnectException: Connection refused: /192.168.151.103:38721
	at sun.nio.ch.SocketChannelImpl.checkConnect(Native Method)
	at sun.nio.ch.SocketChannelImpl.finishConnect(SocketChannelImpl.java:717)
	at org.apache.ratis.thirdparty.io.netty.channel.socket.nio.NioSocketChannel.doFinishConnect(NioSocketChannel.java:327)
	at org.apache.ratis.thirdparty.io.netty.channel.nio.AbstractNioChannel$AbstractNioUnsafe.finishConnect(AbstractNioChannel.java:340)
	at org.apache.ratis.thirdparty.io.netty.channel.nio.NioEventLoop.processSelectedKey(NioEventLoop.java:632)
	at org.apache.ratis.thirdparty.io.netty.channel.nio.NioEventLoop.processSelectedKeysOptimized(NioEventLoop.java:579)
	at org.apache.ratis.thirdparty.io.netty.channel.nio.NioEventLoop.processSelectedKeys(NioEventLoop.java:496)
	at org.apache.ratis.thirdparty.io.netty.channel.nio.NioEventLoop.run(NioEventLoop.java:458)
	at org.apache.ratis.thirdparty.io.netty.util.concurrent.SingleThreadEventExecutor$5.run(SingleThreadEventExecutor.java:897)
	at org.apache.ratis.thirdparty.io.netty.util.concurrent.FastThreadLocalRunnable.run(FastThreadLocalRunnable.java:30)
	... 1 more
Caused by: java.net.ConnectException: Connection refused
	... 11 more
2019-09-27 09:23:41,797 [9d1fa352-1a82-481d-9d24-e29bb21dd7ac@group-BE313173F156:LeaderElection122] INFO  impl.LeaderElection (LogUtils.java:infoOrTrace(149)) - 9d1fa352-1a82-481d-9d24-e29bb21dd7ac@group-BE313173F156:LeaderElection122 got exception when requesting votes: {}
java.util.concurrent.ExecutionException: org.apache.ratis.thirdparty.io.grpc.StatusRuntimeException: UNAVAILABLE: io exception
	at java.util.concurrent.FutureTask.report(FutureTask.java:122)
	at java.util.concurrent.FutureTask.get(FutureTask.java:192)
	at org.apache.ratis.server.impl.LeaderElection.waitForResults(LeaderElection.java:263)
	at org.apache.ratis.server.impl.LeaderElection.askForVotes(LeaderElection.java:201)
	at org.apache.ratis.server.impl.LeaderElection.run(LeaderElection.java:133)
	at java.lang.Thread.run(Thread.java:748)
Caused by: org.apache.ratis.thirdparty.io.grpc.StatusRuntimeException: UNAVAILABLE: io exception
	at org.apache.ratis.thirdparty.io.grpc.stub.ClientCalls.toStatusRuntimeException(ClientCalls.java:233)
	at org.apache.ratis.thirdparty.io.grpc.stub.ClientCalls.getUnchecked(ClientCalls.java:214)
	at org.apache.ratis.thirdparty.io.grpc.stub.ClientCalls.blockingUnaryCall(ClientCalls.java:139)
	at org.apache.ratis.proto.grpc.RaftServerProtocolServiceGrpc$RaftServerProtocolServiceBlockingStub.requestVote(RaftServerProtocolServiceGrpc.java:265)
	at org.apache.ratis.grpc.server.GrpcServerProtocolClient.requestVote(GrpcServerProtocolClient.java:90)
	at org.apache.ratis.grpc.server.GrpcService.requestVote(GrpcService.java:204)
	at org.apache.ratis.server.impl.LeaderElection.lambda$submitRequests$1(LeaderElection.java:238)
	at java.util.concurrent.FutureTask.run(FutureTask.java:266)
	at java.util.concurrent.Executors$RunnableAdapter.call(Executors.java:511)
	at java.util.concurrent.FutureTask.run(FutureTask.java:266)
	at java.util.concurrent.ThreadPoolExecutor.runWorker(ThreadPoolExecutor.java:1149)
	at java.util.concurrent.ThreadPoolExecutor$Worker.run(ThreadPoolExecutor.java:624)
	... 1 more
Caused by: org.apache.ratis.thirdparty.io.netty.channel.AbstractChannel$AnnotatedConnectException: Connection refused: /192.168.151.103:38575
	at sun.nio.ch.SocketChannelImpl.checkConnect(Native Method)
	at sun.nio.ch.SocketChannelImpl.finishConnect(SocketChannelImpl.java:717)
	at org.apache.ratis.thirdparty.io.netty.channel.socket.nio.NioSocketChannel.doFinishConnect(NioSocketChannel.java:327)
	at org.apache.ratis.thirdparty.io.netty.channel.nio.AbstractNioChannel$AbstractNioUnsafe.finishConnect(AbstractNioChannel.java:340)
	at org.apache.ratis.thirdparty.io.netty.channel.nio.NioEventLoop.processSelectedKey(NioEventLoop.java:632)
	at org.apache.ratis.thirdparty.io.netty.channel.nio.NioEventLoop.processSelectedKeysOptimized(NioEventLoop.java:579)
	at org.apache.ratis.thirdparty.io.netty.channel.nio.NioEventLoop.processSelectedKeys(NioEventLoop.java:496)
	at org.apache.ratis.thirdparty.io.netty.channel.nio.NioEventLoop.run(NioEventLoop.java:458)
	at org.apache.ratis.thirdparty.io.netty.util.concurrent.SingleThreadEventExecutor$5.run(SingleThreadEventExecutor.java:897)
	at org.apache.ratis.thirdparty.io.netty.util.concurrent.FastThreadLocalRunnable.run(FastThreadLocalRunnable.java:30)
	... 1 more
Caused by: java.net.ConnectException: Connection refused
	... 11 more
2019-09-27 09:23:41,799 [9d1fa352-1a82-481d-9d24-e29bb21dd7ac@group-BE313173F156:LeaderElection122] INFO  impl.LeaderElection (LeaderElection.java:logAndReturn(56)) - 9d1fa352-1a82-481d-9d24-e29bb21dd7ac@group-BE313173F156:LeaderElection122: Election REJECTED; received 0 response(s) [] and 2 exception(s); 9d1fa352-1a82-481d-9d24-e29bb21dd7ac@group-BE313173F156:t6, leader=null, voted=9d1fa352-1a82-481d-9d24-e29bb21dd7ac, raftlog=9d1fa352-1a82-481d-9d24-e29bb21dd7ac@group-BE313173F156-SegmentedRaftLog:OPENED:c0,f0,i0, conf=0: [9d1fa352-1a82-481d-9d24-e29bb21dd7ac:192.168.151.103:33561, 545840a3-a59e-4544-b748-6e804ee187a8:192.168.151.103:38575, 69eece0b-35aa-4c3f-ae5c-22aaa3245fe4:192.168.151.103:38721], old=null
2019-09-27 09:23:41,799 [9d1fa352-1a82-481d-9d24-e29bb21dd7ac@group-BE313173F156:LeaderElection122] INFO  impl.LeaderElection (LogUtils.java:infoOrTrace(149)) -   Exception 0: {}
java.util.concurrent.ExecutionException: org.apache.ratis.thirdparty.io.grpc.StatusRuntimeException: UNAVAILABLE: io exception
	at java.util.concurrent.FutureTask.report(FutureTask.java:122)
	at java.util.concurrent.FutureTask.get(FutureTask.java:192)
	at org.apache.ratis.server.impl.LeaderElection.waitForResults(LeaderElection.java:263)
	at org.apache.ratis.server.impl.LeaderElection.askForVotes(LeaderElection.java:201)
	at org.apache.ratis.server.impl.LeaderElection.run(LeaderElection.java:133)
	at java.lang.Thread.run(Thread.java:748)
Caused by: org.apache.ratis.thirdparty.io.grpc.StatusRuntimeException: UNAVAILABLE: io exception
	at org.apache.ratis.thirdparty.io.grpc.stub.ClientCalls.toStatusRuntimeException(ClientCalls.java:233)
	at org.apache.ratis.thirdparty.io.grpc.stub.ClientCalls.getUnchecked(ClientCalls.java:214)
	at org.apache.ratis.thirdparty.io.grpc.stub.ClientCalls.blockingUnaryCall(ClientCalls.java:139)
	at org.apache.ratis.proto.grpc.RaftServerProtocolServiceGrpc$RaftServerProtocolServiceBlockingStub.requestVote(RaftServerProtocolServiceGrpc.java:265)
	at org.apache.ratis.grpc.server.GrpcServerProtocolClient.requestVote(GrpcServerProtocolClient.java:90)
	at org.apache.ratis.grpc.server.GrpcService.requestVote(GrpcService.java:204)
	at org.apache.ratis.server.impl.LeaderElection.lambda$submitRequests$1(LeaderElection.java:238)
	at java.util.concurrent.FutureTask.run(FutureTask.java:266)
	at java.util.concurrent.Executors$RunnableAdapter.call(Executors.java:511)
	at java.util.concurrent.FutureTask.run(FutureTask.java:266)
	at java.util.concurrent.ThreadPoolExecutor.runWorker(ThreadPoolExecutor.java:1149)
	at java.util.concurrent.ThreadPoolExecutor$Worker.run(ThreadPoolExecutor.java:624)
	... 1 more
Caused by: org.apache.ratis.thirdparty.io.netty.channel.AbstractChannel$AnnotatedConnectException: Connection refused: /192.168.151.103:38721
	at sun.nio.ch.SocketChannelImpl.checkConnect(Native Method)
	at sun.nio.ch.SocketChannelImpl.finishConnect(SocketChannelImpl.java:717)
	at org.apache.ratis.thirdparty.io.netty.channel.socket.nio.NioSocketChannel.doFinishConnect(NioSocketChannel.java:327)
	at org.apache.ratis.thirdparty.io.netty.channel.nio.AbstractNioChannel$AbstractNioUnsafe.finishConnect(AbstractNioChannel.java:340)
	at org.apache.ratis.thirdparty.io.netty.channel.nio.NioEventLoop.processSelectedKey(NioEventLoop.java:632)
	at org.apache.ratis.thirdparty.io.netty.channel.nio.NioEventLoop.processSelectedKeysOptimized(NioEventLoop.java:579)
	at org.apache.ratis.thirdparty.io.netty.channel.nio.NioEventLoop.processSelectedKeys(NioEventLoop.java:496)
	at org.apache.ratis.thirdparty.io.netty.channel.nio.NioEventLoop.run(NioEventLoop.java:458)
	at org.apache.ratis.thirdparty.io.netty.util.concurrent.SingleThreadEventExecutor$5.run(SingleThreadEventExecutor.java:897)
	at org.apache.ratis.thirdparty.io.netty.util.concurrent.FastThreadLocalRunnable.run(FastThreadLocalRunnable.java:30)
	... 1 more
Caused by: java.net.ConnectException: Connection refused
	... 11 more
2019-09-27 09:23:41,799 [9d1fa352-1a82-481d-9d24-e29bb21dd7ac@group-BE313173F156:LeaderElection122] INFO  impl.LeaderElection (LogUtils.java:infoOrTrace(149)) -   Exception 1: {}
java.util.concurrent.ExecutionException: org.apache.ratis.thirdparty.io.grpc.StatusRuntimeException: UNAVAILABLE: io exception
	at java.util.concurrent.FutureTask.report(FutureTask.java:122)
	at java.util.concurrent.FutureTask.get(FutureTask.java:192)
	at org.apache.ratis.server.impl.LeaderElection.waitForResults(LeaderElection.java:263)
	at org.apache.ratis.server.impl.LeaderElection.askForVotes(LeaderElection.java:201)
	at org.apache.ratis.server.impl.LeaderElection.run(LeaderElection.java:133)
	at java.lang.Thread.run(Thread.java:748)
Caused by: org.apache.ratis.thirdparty.io.grpc.StatusRuntimeException: UNAVAILABLE: io exception
	at org.apache.ratis.thirdparty.io.grpc.stub.ClientCalls.toStatusRuntimeException(ClientCalls.java:233)
	at org.apache.ratis.thirdparty.io.grpc.stub.ClientCalls.getUnchecked(ClientCalls.java:214)
	at org.apache.ratis.thirdparty.io.grpc.stub.ClientCalls.blockingUnaryCall(ClientCalls.java:139)
	at org.apache.ratis.proto.grpc.RaftServerProtocolServiceGrpc$RaftServerProtocolServiceBlockingStub.requestVote(RaftServerProtocolServiceGrpc.java:265)
	at org.apache.ratis.grpc.server.GrpcServerProtocolClient.requestVote(GrpcServerProtocolClient.java:90)
	at org.apache.ratis.grpc.server.GrpcService.requestVote(GrpcService.java:204)
	at org.apache.ratis.server.impl.LeaderElection.lambda$submitRequests$1(LeaderElection.java:238)
	at java.util.concurrent.FutureTask.run(FutureTask.java:266)
	at java.util.concurrent.Executors$RunnableAdapter.call(Executors.java:511)
	at java.util.concurrent.FutureTask.run(FutureTask.java:266)
	at java.util.concurrent.ThreadPoolExecutor.runWorker(ThreadPoolExecutor.java:1149)
	at java.util.concurrent.ThreadPoolExecutor$Worker.run(ThreadPoolExecutor.java:624)
	... 1 more
Caused by: org.apache.ratis.thirdparty.io.netty.channel.AbstractChannel$AnnotatedConnectException: Connection refused: /192.168.151.103:38575
	at sun.nio.ch.SocketChannelImpl.checkConnect(Native Method)
	at sun.nio.ch.SocketChannelImpl.finishConnect(SocketChannelImpl.java:717)
	at org.apache.ratis.thirdparty.io.netty.channel.socket.nio.NioSocketChannel.doFinishConnect(NioSocketChannel.java:327)
	at org.apache.ratis.thirdparty.io.netty.channel.nio.AbstractNioChannel$AbstractNioUnsafe.finishConnect(AbstractNioChannel.java:340)
	at org.apache.ratis.thirdparty.io.netty.channel.nio.NioEventLoop.processSelectedKey(NioEventLoop.java:632)
	at org.apache.ratis.thirdparty.io.netty.channel.nio.NioEventLoop.processSelectedKeysOptimized(NioEventLoop.java:579)
	at org.apache.ratis.thirdparty.io.netty.channel.nio.NioEventLoop.processSelectedKeys(NioEventLoop.java:496)
	at org.apache.ratis.thirdparty.io.netty.channel.nio.NioEventLoop.run(NioEventLoop.java:458)
	at org.apache.ratis.thirdparty.io.netty.util.concurrent.SingleThreadEventExecutor$5.run(SingleThreadEventExecutor.java:897)
	at org.apache.ratis.thirdparty.io.netty.util.concurrent.FastThreadLocalRunnable.run(FastThreadLocalRunnable.java:30)
	... 1 more
Caused by: java.net.ConnectException: Connection refused
	... 11 more
2019-09-27 09:23:41,799 [9d1fa352-1a82-481d-9d24-e29bb21dd7ac@group-BE313173F156:LeaderElection122] INFO  impl.RaftServerImpl (RaftServerImpl.java:setRole(174)) - 9d1fa352-1a82-481d-9d24-e29bb21dd7ac@group-BE313173F156: changes role from CANDIDATE to FOLLOWER at term 6 for DISCOVERED_A_NEW_TERM
2019-09-27 09:23:41,799 [9d1fa352-1a82-481d-9d24-e29bb21dd7ac@group-BE313173F156:LeaderElection122] INFO  impl.RoleInfo (RoleInfo.java:shutdownLeaderElection(134)) - 9d1fa352-1a82-481d-9d24-e29bb21dd7ac: shutdown LeaderElection
2019-09-27 09:23:41,799 [9d1fa352-1a82-481d-9d24-e29bb21dd7ac@group-BE313173F156:LeaderElection122] INFO  impl.RoleInfo (RoleInfo.java:updateAndGet(143)) - 9d1fa352-1a82-481d-9d24-e29bb21dd7ac: start FollowerState
2019-09-27 09:23:41,893 [Datanode State Machine Thread - 0] INFO  statemachine.DatanodeStateMachine (DatanodeStateMachine.java:lambda$startDaemon$0(350)) - Ozone container server started.
2019-09-27 09:23:41,983 [Thread-6255] INFO  impl.FollowerState (FollowerState.java:run(106)) - 4c0a5387-3197-4e6b-9533-589fb410635e:group-51FE514263BA changes to CANDIDATE, lastRpcTime:1197, electionTimeout:1132ms
2019-09-27 09:23:41,983 [Thread-6255] INFO  impl.RoleInfo (RoleInfo.java:shutdownFollowerState(121)) - 4c0a5387-3197-4e6b-9533-589fb410635e: shutdown FollowerState
2019-09-27 09:23:41,983 [Thread-6255] INFO  impl.RaftServerImpl (RaftServerImpl.java:setRole(174)) - 4c0a5387-3197-4e6b-9533-589fb410635e@group-51FE514263BA: changes role from  FOLLOWER to CANDIDATE at term 1 for changeToCandidate
2019-09-27 09:23:41,983 [Thread-6255] INFO  impl.RoleInfo (RoleInfo.java:updateAndGet(143)) - 4c0a5387-3197-4e6b-9533-589fb410635e: start LeaderElection
2019-09-27 09:23:41,984 [4c0a5387-3197-4e6b-9533-589fb410635e@group-51FE514263BA:LeaderElection123] INFO  impl.RaftServerImpl (ServerState.java:setLeader(253)) - 4c0a5387-3197-4e6b-9533-589fb410635e@group-51FE514263BA: change Leader from 161d0b6c-bb81-43fa-8578-505f63e7c46b to null at term 1 for initElection
2019-09-27 09:23:41,997 [4c0a5387-3197-4e6b-9533-589fb410635e@group-51FE514263BA:LeaderElection123] INFO  impl.LeaderElection (LeaderElection.java:askForVotes(182)) - 4c0a5387-3197-4e6b-9533-589fb410635e@group-51FE514263BA:LeaderElection123: begin an election at term 2 for 0: [4c0a5387-3197-4e6b-9533-589fb410635e:192.168.151.103:34462, 161d0b6c-bb81-43fa-8578-505f63e7c46b:192.168.151.103:39300, e6683dc0-e787-4f77-a1bd-b29d73bfe0c0:192.168.151.103:34419], old=null
2019-09-27 09:23:41,999 [4c0a5387-3197-4e6b-9533-589fb410635e@group-51FE514263BA:LeaderElection123] INFO  impl.LeaderElection (LogUtils.java:infoOrTrace(149)) - 4c0a5387-3197-4e6b-9533-589fb410635e@group-51FE514263BA:LeaderElection123 got exception when requesting votes: {}
java.util.concurrent.ExecutionException: org.apache.ratis.thirdparty.io.grpc.StatusRuntimeException: UNAVAILABLE: io exception
	at java.util.concurrent.FutureTask.report(FutureTask.java:122)
	at java.util.concurrent.FutureTask.get(FutureTask.java:192)
	at org.apache.ratis.server.impl.LeaderElection.waitForResults(LeaderElection.java:263)
	at org.apache.ratis.server.impl.LeaderElection.askForVotes(LeaderElection.java:201)
	at org.apache.ratis.server.impl.LeaderElection.run(LeaderElection.java:133)
	at java.lang.Thread.run(Thread.java:748)
Caused by: org.apache.ratis.thirdparty.io.grpc.StatusRuntimeException: UNAVAILABLE: io exception
	at org.apache.ratis.thirdparty.io.grpc.stub.ClientCalls.toStatusRuntimeException(ClientCalls.java:233)
	at org.apache.ratis.thirdparty.io.grpc.stub.ClientCalls.getUnchecked(ClientCalls.java:214)
	at org.apache.ratis.thirdparty.io.grpc.stub.ClientCalls.blockingUnaryCall(ClientCalls.java:139)
	at org.apache.ratis.proto.grpc.RaftServerProtocolServiceGrpc$RaftServerProtocolServiceBlockingStub.requestVote(RaftServerProtocolServiceGrpc.java:265)
	at org.apache.ratis.grpc.server.GrpcServerProtocolClient.requestVote(GrpcServerProtocolClient.java:90)
	at org.apache.ratis.grpc.server.GrpcService.requestVote(GrpcService.java:204)
	at org.apache.ratis.server.impl.LeaderElection.lambda$submitRequests$1(LeaderElection.java:238)
	at java.util.concurrent.FutureTask.run(FutureTask.java:266)
	at java.util.concurrent.Executors$RunnableAdapter.call(Executors.java:511)
	at java.util.concurrent.FutureTask.run(FutureTask.java:266)
	at java.util.concurrent.ThreadPoolExecutor.runWorker(ThreadPoolExecutor.java:1149)
	at java.util.concurrent.ThreadPoolExecutor$Worker.run(ThreadPoolExecutor.java:624)
	... 1 more
Caused by: org.apache.ratis.thirdparty.io.netty.channel.AbstractChannel$AnnotatedConnectException: Connection refused: /192.168.151.103:34419
	at sun.nio.ch.SocketChannelImpl.checkConnect(Native Method)
	at sun.nio.ch.SocketChannelImpl.finishConnect(SocketChannelImpl.java:717)
	at org.apache.ratis.thirdparty.io.netty.channel.socket.nio.NioSocketChannel.doFinishConnect(NioSocketChannel.java:327)
	at org.apache.ratis.thirdparty.io.netty.channel.nio.AbstractNioChannel$AbstractNioUnsafe.finishConnect(AbstractNioChannel.java:340)
	at org.apache.ratis.thirdparty.io.netty.channel.nio.NioEventLoop.processSelectedKey(NioEventLoop.java:632)
	at org.apache.ratis.thirdparty.io.netty.channel.nio.NioEventLoop.processSelectedKeysOptimized(NioEventLoop.java:579)
	at org.apache.ratis.thirdparty.io.netty.channel.nio.NioEventLoop.processSelectedKeys(NioEventLoop.java:496)
	at org.apache.ratis.thirdparty.io.netty.channel.nio.NioEventLoop.run(NioEventLoop.java:458)
	at org.apache.ratis.thirdparty.io.netty.util.concurrent.SingleThreadEventExecutor$5.run(SingleThreadEventExecutor.java:897)
	at org.apache.ratis.thirdparty.io.netty.util.concurrent.FastThreadLocalRunnable.run(FastThreadLocalRunnable.java:30)
	... 1 more
Caused by: java.net.ConnectException: Connection refused
	... 11 more
2019-09-27 09:23:42,000 [4c0a5387-3197-4e6b-9533-589fb410635e@group-51FE514263BA:LeaderElection123] INFO  impl.LeaderElection (LogUtils.java:infoOrTrace(149)) - 4c0a5387-3197-4e6b-9533-589fb410635e@group-51FE514263BA:LeaderElection123 got exception when requesting votes: {}
java.util.concurrent.ExecutionException: org.apache.ratis.thirdparty.io.grpc.StatusRuntimeException: UNAVAILABLE: io exception
	at java.util.concurrent.FutureTask.report(FutureTask.java:122)
	at java.util.concurrent.FutureTask.get(FutureTask.java:192)
	at org.apache.ratis.server.impl.LeaderElection.waitForResults(LeaderElection.java:263)
	at org.apache.ratis.server.impl.LeaderElection.askForVotes(LeaderElection.java:201)
	at org.apache.ratis.server.impl.LeaderElection.run(LeaderElection.java:133)
	at java.lang.Thread.run(Thread.java:748)
Caused by: org.apache.ratis.thirdparty.io.grpc.StatusRuntimeException: UNAVAILABLE: io exception
	at org.apache.ratis.thirdparty.io.grpc.stub.ClientCalls.toStatusRuntimeException(ClientCalls.java:233)
	at org.apache.ratis.thirdparty.io.grpc.stub.ClientCalls.getUnchecked(ClientCalls.java:214)
	at org.apache.ratis.thirdparty.io.grpc.stub.ClientCalls.blockingUnaryCall(ClientCalls.java:139)
	at org.apache.ratis.proto.grpc.RaftServerProtocolServiceGrpc$RaftServerProtocolServiceBlockingStub.requestVote(RaftServerProtocolServiceGrpc.java:265)
	at org.apache.ratis.grpc.server.GrpcServerProtocolClient.requestVote(GrpcServerProtocolClient.java:90)
	at org.apache.ratis.grpc.server.GrpcService.requestVote(GrpcService.java:204)
	at org.apache.ratis.server.impl.LeaderElection.lambda$submitRequests$1(LeaderElection.java:238)
	at java.util.concurrent.FutureTask.run(FutureTask.java:266)
	at java.util.concurrent.Executors$RunnableAdapter.call(Executors.java:511)
	at java.util.concurrent.FutureTask.run(FutureTask.java:266)
	at java.util.concurrent.ThreadPoolExecutor.runWorker(ThreadPoolExecutor.java:1149)
	at java.util.concurrent.ThreadPoolExecutor$Worker.run(ThreadPoolExecutor.java:624)
	... 1 more
Caused by: org.apache.ratis.thirdparty.io.netty.channel.AbstractChannel$AnnotatedConnectException: Connection refused: /192.168.151.103:39300
	at sun.nio.ch.SocketChannelImpl.checkConnect(Native Method)
	at sun.nio.ch.SocketChannelImpl.finishConnect(SocketChannelImpl.java:717)
	at org.apache.ratis.thirdparty.io.netty.channel.socket.nio.NioSocketChannel.doFinishConnect(NioSocketChannel.java:327)
	at org.apache.ratis.thirdparty.io.netty.channel.nio.AbstractNioChannel$AbstractNioUnsafe.finishConnect(AbstractNioChannel.java:340)
	at org.apache.ratis.thirdparty.io.netty.channel.nio.NioEventLoop.processSelectedKey(NioEventLoop.java:632)
	at org.apache.ratis.thirdparty.io.netty.channel.nio.NioEventLoop.processSelectedKeysOptimized(NioEventLoop.java:579)
	at org.apache.ratis.thirdparty.io.netty.channel.nio.NioEventLoop.processSelectedKeys(NioEventLoop.java:496)
	at org.apache.ratis.thirdparty.io.netty.channel.nio.NioEventLoop.run(NioEventLoop.java:458)
	at org.apache.ratis.thirdparty.io.netty.util.concurrent.SingleThreadEventExecutor$5.run(SingleThreadEventExecutor.java:897)
	at org.apache.ratis.thirdparty.io.netty.util.concurrent.FastThreadLocalRunnable.run(FastThreadLocalRunnable.java:30)
	... 1 more
Caused by: java.net.ConnectException: Connection refused
	... 11 more
2019-09-27 09:23:42,001 [4c0a5387-3197-4e6b-9533-589fb410635e@group-51FE514263BA:LeaderElection123] INFO  impl.LeaderElection (LeaderElection.java:logAndReturn(56)) - 4c0a5387-3197-4e6b-9533-589fb410635e@group-51FE514263BA:LeaderElection123: Election REJECTED; received 0 response(s) [] and 2 exception(s); 4c0a5387-3197-4e6b-9533-589fb410635e@group-51FE514263BA:t2, leader=null, voted=4c0a5387-3197-4e6b-9533-589fb410635e, raftlog=4c0a5387-3197-4e6b-9533-589fb410635e@group-51FE514263BA-SegmentedRaftLog:OPENED:c0,f0,i0, conf=0: [4c0a5387-3197-4e6b-9533-589fb410635e:192.168.151.103:34462, 161d0b6c-bb81-43fa-8578-505f63e7c46b:192.168.151.103:39300, e6683dc0-e787-4f77-a1bd-b29d73bfe0c0:192.168.151.103:34419], old=null
2019-09-27 09:23:42,001 [4c0a5387-3197-4e6b-9533-589fb410635e@group-51FE514263BA:LeaderElection123] INFO  impl.LeaderElection (LogUtils.java:infoOrTrace(149)) -   Exception 0: {}
java.util.concurrent.ExecutionException: org.apache.ratis.thirdparty.io.grpc.StatusRuntimeException: UNAVAILABLE: io exception
	at java.util.concurrent.FutureTask.report(FutureTask.java:122)
	at java.util.concurrent.FutureTask.get(FutureTask.java:192)
	at org.apache.ratis.server.impl.LeaderElection.waitForResults(LeaderElection.java:263)
	at org.apache.ratis.server.impl.LeaderElection.askForVotes(LeaderElection.java:201)
	at org.apache.ratis.server.impl.LeaderElection.run(LeaderElection.java:133)
	at java.lang.Thread.run(Thread.java:748)
Caused by: org.apache.ratis.thirdparty.io.grpc.StatusRuntimeException: UNAVAILABLE: io exception
	at org.apache.ratis.thirdparty.io.grpc.stub.ClientCalls.toStatusRuntimeException(ClientCalls.java:233)
	at org.apache.ratis.thirdparty.io.grpc.stub.ClientCalls.getUnchecked(ClientCalls.java:214)
	at org.apache.ratis.thirdparty.io.grpc.stub.ClientCalls.blockingUnaryCall(ClientCalls.java:139)
	at org.apache.ratis.proto.grpc.RaftServerProtocolServiceGrpc$RaftServerProtocolServiceBlockingStub.requestVote(RaftServerProtocolServiceGrpc.java:265)
	at org.apache.ratis.grpc.server.GrpcServerProtocolClient.requestVote(GrpcServerProtocolClient.java:90)
	at org.apache.ratis.grpc.server.GrpcService.requestVote(GrpcService.java:204)
	at org.apache.ratis.server.impl.LeaderElection.lambda$submitRequests$1(LeaderElection.java:238)
	at java.util.concurrent.FutureTask.run(FutureTask.java:266)
	at java.util.concurrent.Executors$RunnableAdapter.call(Executors.java:511)
	at java.util.concurrent.FutureTask.run(FutureTask.java:266)
	at java.util.concurrent.ThreadPoolExecutor.runWorker(ThreadPoolExecutor.java:1149)
	at java.util.concurrent.ThreadPoolExecutor$Worker.run(ThreadPoolExecutor.java:624)
	... 1 more
Caused by: org.apache.ratis.thirdparty.io.netty.channel.AbstractChannel$AnnotatedConnectException: Connection refused: /192.168.151.103:34419
	at sun.nio.ch.SocketChannelImpl.checkConnect(Native Method)
	at sun.nio.ch.SocketChannelImpl.finishConnect(SocketChannelImpl.java:717)
	at org.apache.ratis.thirdparty.io.netty.channel.socket.nio.NioSocketChannel.doFinishConnect(NioSocketChannel.java:327)
	at org.apache.ratis.thirdparty.io.netty.channel.nio.AbstractNioChannel$AbstractNioUnsafe.finishConnect(AbstractNioChannel.java:340)
	at org.apache.ratis.thirdparty.io.netty.channel.nio.NioEventLoop.processSelectedKey(NioEventLoop.java:632)
	at org.apache.ratis.thirdparty.io.netty.channel.nio.NioEventLoop.processSelectedKeysOptimized(NioEventLoop.java:579)
	at org.apache.ratis.thirdparty.io.netty.channel.nio.NioEventLoop.processSelectedKeys(NioEventLoop.java:496)
	at org.apache.ratis.thirdparty.io.netty.channel.nio.NioEventLoop.run(NioEventLoop.java:458)
	at org.apache.ratis.thirdparty.io.netty.util.concurrent.SingleThreadEventExecutor$5.run(SingleThreadEventExecutor.java:897)
	at org.apache.ratis.thirdparty.io.netty.util.concurrent.FastThreadLocalRunnable.run(FastThreadLocalRunnable.java:30)
	... 1 more
Caused by: java.net.ConnectException: Connection refused
	... 11 more
2019-09-27 09:23:42,001 [4c0a5387-3197-4e6b-9533-589fb410635e@group-51FE514263BA:LeaderElection123] INFO  impl.LeaderElection (LogUtils.java:infoOrTrace(149)) -   Exception 1: {}
java.util.concurrent.ExecutionException: org.apache.ratis.thirdparty.io.grpc.StatusRuntimeException: UNAVAILABLE: io exception
	at java.util.concurrent.FutureTask.report(FutureTask.java:122)
	at java.util.concurrent.FutureTask.get(FutureTask.java:192)
	at org.apache.ratis.server.impl.LeaderElection.waitForResults(LeaderElection.java:263)
	at org.apache.ratis.server.impl.LeaderElection.askForVotes(LeaderElection.java:201)
	at org.apache.ratis.server.impl.LeaderElection.run(LeaderElection.java:133)
	at java.lang.Thread.run(Thread.java:748)
Caused by: org.apache.ratis.thirdparty.io.grpc.StatusRuntimeException: UNAVAILABLE: io exception
	at org.apache.ratis.thirdparty.io.grpc.stub.ClientCalls.toStatusRuntimeException(ClientCalls.java:233)
	at org.apache.ratis.thirdparty.io.grpc.stub.ClientCalls.getUnchecked(ClientCalls.java:214)
	at org.apache.ratis.thirdparty.io.grpc.stub.ClientCalls.blockingUnaryCall(ClientCalls.java:139)
	at org.apache.ratis.proto.grpc.RaftServerProtocolServiceGrpc$RaftServerProtocolServiceBlockingStub.requestVote(RaftServerProtocolServiceGrpc.java:265)
	at org.apache.ratis.grpc.server.GrpcServerProtocolClient.requestVote(GrpcServerProtocolClient.java:90)
	at org.apache.ratis.grpc.server.GrpcService.requestVote(GrpcService.java:204)
	at org.apache.ratis.server.impl.LeaderElection.lambda$submitRequests$1(LeaderElection.java:238)
	at java.util.concurrent.FutureTask.run(FutureTask.java:266)
	at java.util.concurrent.Executors$RunnableAdapter.call(Executors.java:511)
	at java.util.concurrent.FutureTask.run(FutureTask.java:266)
	at java.util.concurrent.ThreadPoolExecutor.runWorker(ThreadPoolExecutor.java:1149)
	at java.util.concurrent.ThreadPoolExecutor$Worker.run(ThreadPoolExecutor.java:624)
	... 1 more
Caused by: org.apache.ratis.thirdparty.io.netty.channel.AbstractChannel$AnnotatedConnectException: Connection refused: /192.168.151.103:39300
	at sun.nio.ch.SocketChannelImpl.checkConnect(Native Method)
	at sun.nio.ch.SocketChannelImpl.finishConnect(SocketChannelImpl.java:717)
	at org.apache.ratis.thirdparty.io.netty.channel.socket.nio.NioSocketChannel.doFinishConnect(NioSocketChannel.java:327)
	at org.apache.ratis.thirdparty.io.netty.channel.nio.AbstractNioChannel$AbstractNioUnsafe.finishConnect(AbstractNioChannel.java:340)
	at org.apache.ratis.thirdparty.io.netty.channel.nio.NioEventLoop.processSelectedKey(NioEventLoop.java:632)
	at org.apache.ratis.thirdparty.io.netty.channel.nio.NioEventLoop.processSelectedKeysOptimized(NioEventLoop.java:579)
	at org.apache.ratis.thirdparty.io.netty.channel.nio.NioEventLoop.processSelectedKeys(NioEventLoop.java:496)
	at org.apache.ratis.thirdparty.io.netty.channel.nio.NioEventLoop.run(NioEventLoop.java:458)
	at org.apache.ratis.thirdparty.io.netty.util.concurrent.SingleThreadEventExecutor$5.run(SingleThreadEventExecutor.java:897)
	at org.apache.ratis.thirdparty.io.netty.util.concurrent.FastThreadLocalRunnable.run(FastThreadLocalRunnable.java:30)
	... 1 more
Caused by: java.net.ConnectException: Connection refused
	... 11 more
2019-09-27 09:23:42,001 [4c0a5387-3197-4e6b-9533-589fb410635e@group-51FE514263BA:LeaderElection123] INFO  impl.RaftServerImpl (RaftServerImpl.java:setRole(174)) - 4c0a5387-3197-4e6b-9533-589fb410635e@group-51FE514263BA: changes role from CANDIDATE to FOLLOWER at term 2 for DISCOVERED_A_NEW_TERM
2019-09-27 09:23:42,002 [4c0a5387-3197-4e6b-9533-589fb410635e@group-51FE514263BA:LeaderElection123] INFO  impl.RoleInfo (RoleInfo.java:shutdownLeaderElection(134)) - 4c0a5387-3197-4e6b-9533-589fb410635e: shutdown LeaderElection
2019-09-27 09:23:42,002 [4c0a5387-3197-4e6b-9533-589fb410635e@group-51FE514263BA:LeaderElection123] INFO  impl.RoleInfo (RoleInfo.java:updateAndGet(143)) - 4c0a5387-3197-4e6b-9533-589fb410635e: start FollowerState
2019-09-27 09:23:42,963 [Thread-7791] INFO  impl.FollowerState (FollowerState.java:run(106)) - 9d1fa352-1a82-481d-9d24-e29bb21dd7ac:group-BE313173F156 changes to CANDIDATE, lastRpcTime:1163, electionTimeout:1163ms
2019-09-27 09:23:42,964 [Thread-7791] INFO  impl.RoleInfo (RoleInfo.java:shutdownFollowerState(121)) - 9d1fa352-1a82-481d-9d24-e29bb21dd7ac: shutdown FollowerState
2019-09-27 09:23:42,964 [Thread-7791] INFO  impl.RaftServerImpl (RaftServerImpl.java:setRole(174)) - 9d1fa352-1a82-481d-9d24-e29bb21dd7ac@group-BE313173F156: changes role from  FOLLOWER to CANDIDATE at term 6 for changeToCandidate
2019-09-27 09:23:42,964 [Thread-7791] INFO  impl.RoleInfo (RoleInfo.java:updateAndGet(143)) - 9d1fa352-1a82-481d-9d24-e29bb21dd7ac: start LeaderElection
2019-09-27 09:23:42,977 [9d1fa352-1a82-481d-9d24-e29bb21dd7ac@group-BE313173F156:LeaderElection124] INFO  impl.LeaderElection (LeaderElection.java:askForVotes(182)) - 9d1fa352-1a82-481d-9d24-e29bb21dd7ac@group-BE313173F156:LeaderElection124: begin an election at term 7 for 0: [9d1fa352-1a82-481d-9d24-e29bb21dd7ac:192.168.151.103:33561, 545840a3-a59e-4544-b748-6e804ee187a8:192.168.151.103:38575, 69eece0b-35aa-4c3f-ae5c-22aaa3245fe4:192.168.151.103:38721], old=null
2019-09-27 09:23:42,978 [9d1fa352-1a82-481d-9d24-e29bb21dd7ac@group-BE313173F156:LeaderElection124] INFO  impl.LeaderElection (LogUtils.java:infoOrTrace(149)) - 9d1fa352-1a82-481d-9d24-e29bb21dd7ac@group-BE313173F156:LeaderElection124 got exception when requesting votes: {}
java.util.concurrent.ExecutionException: org.apache.ratis.thirdparty.io.grpc.StatusRuntimeException: UNAVAILABLE: io exception
	at java.util.concurrent.FutureTask.report(FutureTask.java:122)
	at java.util.concurrent.FutureTask.get(FutureTask.java:192)
	at org.apache.ratis.server.impl.LeaderElection.waitForResults(LeaderElection.java:263)
	at org.apache.ratis.server.impl.LeaderElection.askForVotes(LeaderElection.java:201)
	at org.apache.ratis.server.impl.LeaderElection.run(LeaderElection.java:133)
	at java.lang.Thread.run(Thread.java:748)
Caused by: org.apache.ratis.thirdparty.io.grpc.StatusRuntimeException: UNAVAILABLE: io exception
	at org.apache.ratis.thirdparty.io.grpc.stub.ClientCalls.toStatusRuntimeException(ClientCalls.java:233)
	at org.apache.ratis.thirdparty.io.grpc.stub.ClientCalls.getUnchecked(ClientCalls.java:214)
	at org.apache.ratis.thirdparty.io.grpc.stub.ClientCalls.blockingUnaryCall(ClientCalls.java:139)
	at org.apache.ratis.proto.grpc.RaftServerProtocolServiceGrpc$RaftServerProtocolServiceBlockingStub.requestVote(RaftServerProtocolServiceGrpc.java:265)
	at org.apache.ratis.grpc.server.GrpcServerProtocolClient.requestVote(GrpcServerProtocolClient.java:90)
	at org.apache.ratis.grpc.server.GrpcService.requestVote(GrpcService.java:204)
	at org.apache.ratis.server.impl.LeaderElection.lambda$submitRequests$1(LeaderElection.java:238)
	at java.util.concurrent.FutureTask.run(FutureTask.java:266)
	at java.util.concurrent.Executors$RunnableAdapter.call(Executors.java:511)
	at java.util.concurrent.FutureTask.run(FutureTask.java:266)
	at java.util.concurrent.ThreadPoolExecutor.runWorker(ThreadPoolExecutor.java:1149)
	at java.util.concurrent.ThreadPoolExecutor$Worker.run(ThreadPoolExecutor.java:624)
	... 1 more
Caused by: org.apache.ratis.thirdparty.io.netty.channel.AbstractChannel$AnnotatedConnectException: Connection refused: /192.168.151.103:38721
	at sun.nio.ch.SocketChannelImpl.checkConnect(Native Method)
	at sun.nio.ch.SocketChannelImpl.finishConnect(SocketChannelImpl.java:717)
	at org.apache.ratis.thirdparty.io.netty.channel.socket.nio.NioSocketChannel.doFinishConnect(NioSocketChannel.java:327)
	at org.apache.ratis.thirdparty.io.netty.channel.nio.AbstractNioChannel$AbstractNioUnsafe.finishConnect(AbstractNioChannel.java:340)
	at org.apache.ratis.thirdparty.io.netty.channel.nio.NioEventLoop.processSelectedKey(NioEventLoop.java:632)
	at org.apache.ratis.thirdparty.io.netty.channel.nio.NioEventLoop.processSelectedKeysOptimized(NioEventLoop.java:579)
	at org.apache.ratis.thirdparty.io.netty.channel.nio.NioEventLoop.processSelectedKeys(NioEventLoop.java:496)
	at org.apache.ratis.thirdparty.io.netty.channel.nio.NioEventLoop.run(NioEventLoop.java:458)
	at org.apache.ratis.thirdparty.io.netty.util.concurrent.SingleThreadEventExecutor$5.run(SingleThreadEventExecutor.java:897)
	at org.apache.ratis.thirdparty.io.netty.util.concurrent.FastThreadLocalRunnable.run(FastThreadLocalRunnable.java:30)
	... 1 more
Caused by: java.net.ConnectException: Connection refused
	... 11 more
2019-09-27 09:23:42,980 [9d1fa352-1a82-481d-9d24-e29bb21dd7ac@group-BE313173F156:LeaderElection124] INFO  impl.LeaderElection (LogUtils.java:infoOrTrace(149)) - 9d1fa352-1a82-481d-9d24-e29bb21dd7ac@group-BE313173F156:LeaderElection124 got exception when requesting votes: {}
java.util.concurrent.ExecutionException: org.apache.ratis.thirdparty.io.grpc.StatusRuntimeException: UNAVAILABLE: io exception
	at java.util.concurrent.FutureTask.report(FutureTask.java:122)
	at java.util.concurrent.FutureTask.get(FutureTask.java:192)
	at org.apache.ratis.server.impl.LeaderElection.waitForResults(LeaderElection.java:263)
	at org.apache.ratis.server.impl.LeaderElection.askForVotes(LeaderElection.java:201)
	at org.apache.ratis.server.impl.LeaderElection.run(LeaderElection.java:133)
	at java.lang.Thread.run(Thread.java:748)
Caused by: org.apache.ratis.thirdparty.io.grpc.StatusRuntimeException: UNAVAILABLE: io exception
	at org.apache.ratis.thirdparty.io.grpc.stub.ClientCalls.toStatusRuntimeException(ClientCalls.java:233)
	at org.apache.ratis.thirdparty.io.grpc.stub.ClientCalls.getUnchecked(ClientCalls.java:214)
	at org.apache.ratis.thirdparty.io.grpc.stub.ClientCalls.blockingUnaryCall(ClientCalls.java:139)
	at org.apache.ratis.proto.grpc.RaftServerProtocolServiceGrpc$RaftServerProtocolServiceBlockingStub.requestVote(RaftServerProtocolServiceGrpc.java:265)
	at org.apache.ratis.grpc.server.GrpcServerProtocolClient.requestVote(GrpcServerProtocolClient.java:90)
	at org.apache.ratis.grpc.server.GrpcService.requestVote(GrpcService.java:204)
	at org.apache.ratis.server.impl.LeaderElection.lambda$submitRequests$1(LeaderElection.java:238)
	at java.util.concurrent.FutureTask.run(FutureTask.java:266)
	at java.util.concurrent.Executors$RunnableAdapter.call(Executors.java:511)
	at java.util.concurrent.FutureTask.run(FutureTask.java:266)
	at java.util.concurrent.ThreadPoolExecutor.runWorker(ThreadPoolExecutor.java:1149)
	at java.util.concurrent.ThreadPoolExecutor$Worker.run(ThreadPoolExecutor.java:624)
	... 1 more
Caused by: org.apache.ratis.thirdparty.io.netty.channel.AbstractChannel$AnnotatedConnectException: Connection refused: /192.168.151.103:38575
	at sun.nio.ch.SocketChannelImpl.checkConnect(Native Method)
	at sun.nio.ch.SocketChannelImpl.finishConnect(SocketChannelImpl.java:717)
	at org.apache.ratis.thirdparty.io.netty.channel.socket.nio.NioSocketChannel.doFinishConnect(NioSocketChannel.java:327)
	at org.apache.ratis.thirdparty.io.netty.channel.nio.AbstractNioChannel$AbstractNioUnsafe.finishConnect(AbstractNioChannel.java:340)
	at org.apache.ratis.thirdparty.io.netty.channel.nio.NioEventLoop.processSelectedKey(NioEventLoop.java:632)
	at org.apache.ratis.thirdparty.io.netty.channel.nio.NioEventLoop.processSelectedKeysOptimized(NioEventLoop.java:579)
	at org.apache.ratis.thirdparty.io.netty.channel.nio.NioEventLoop.processSelectedKeys(NioEventLoop.java:496)
	at org.apache.ratis.thirdparty.io.netty.channel.nio.NioEventLoop.run(NioEventLoop.java:458)
	at org.apache.ratis.thirdparty.io.netty.util.concurrent.SingleThreadEventExecutor$5.run(SingleThreadEventExecutor.java:897)
	at org.apache.ratis.thirdparty.io.netty.util.concurrent.FastThreadLocalRunnable.run(FastThreadLocalRunnable.java:30)
	... 1 more
Caused by: java.net.ConnectException: Connection refused
	... 11 more
2019-09-27 09:23:42,982 [9d1fa352-1a82-481d-9d24-e29bb21dd7ac@group-BE313173F156:LeaderElection124] INFO  impl.LeaderElection (LeaderElection.java:logAndReturn(56)) - 9d1fa352-1a82-481d-9d24-e29bb21dd7ac@group-BE313173F156:LeaderElection124: Election REJECTED; received 0 response(s) [] and 2 exception(s); 9d1fa352-1a82-481d-9d24-e29bb21dd7ac@group-BE313173F156:t7, leader=null, voted=9d1fa352-1a82-481d-9d24-e29bb21dd7ac, raftlog=9d1fa352-1a82-481d-9d24-e29bb21dd7ac@group-BE313173F156-SegmentedRaftLog:OPENED:c0,f0,i0, conf=0: [9d1fa352-1a82-481d-9d24-e29bb21dd7ac:192.168.151.103:33561, 545840a3-a59e-4544-b748-6e804ee187a8:192.168.151.103:38575, 69eece0b-35aa-4c3f-ae5c-22aaa3245fe4:192.168.151.103:38721], old=null
2019-09-27 09:23:42,982 [9d1fa352-1a82-481d-9d24-e29bb21dd7ac@group-BE313173F156:LeaderElection124] INFO  impl.LeaderElection (LogUtils.java:infoOrTrace(149)) -   Exception 0: {}
java.util.concurrent.ExecutionException: org.apache.ratis.thirdparty.io.grpc.StatusRuntimeException: UNAVAILABLE: io exception
	at java.util.concurrent.FutureTask.report(FutureTask.java:122)
	at java.util.concurrent.FutureTask.get(FutureTask.java:192)
	at org.apache.ratis.server.impl.LeaderElection.waitForResults(LeaderElection.java:263)
	at org.apache.ratis.server.impl.LeaderElection.askForVotes(LeaderElection.java:201)
	at org.apache.ratis.server.impl.LeaderElection.run(LeaderElection.java:133)
	at java.lang.Thread.run(Thread.java:748)
Caused by: org.apache.ratis.thirdparty.io.grpc.StatusRuntimeException: UNAVAILABLE: io exception
	at org.apache.ratis.thirdparty.io.grpc.stub.ClientCalls.toStatusRuntimeException(ClientCalls.java:233)
	at org.apache.ratis.thirdparty.io.grpc.stub.ClientCalls.getUnchecked(ClientCalls.java:214)
	at org.apache.ratis.thirdparty.io.grpc.stub.ClientCalls.blockingUnaryCall(ClientCalls.java:139)
	at org.apache.ratis.proto.grpc.RaftServerProtocolServiceGrpc$RaftServerProtocolServiceBlockingStub.requestVote(RaftServerProtocolServiceGrpc.java:265)
	at org.apache.ratis.grpc.server.GrpcServerProtocolClient.requestVote(GrpcServerProtocolClient.java:90)
	at org.apache.ratis.grpc.server.GrpcService.requestVote(GrpcService.java:204)
	at org.apache.ratis.server.impl.LeaderElection.lambda$submitRequests$1(LeaderElection.java:238)
	at java.util.concurrent.FutureTask.run(FutureTask.java:266)
	at java.util.concurrent.Executors$RunnableAdapter.call(Executors.java:511)
	at java.util.concurrent.FutureTask.run(FutureTask.java:266)
	at java.util.concurrent.ThreadPoolExecutor.runWorker(ThreadPoolExecutor.java:1149)
	at java.util.concurrent.ThreadPoolExecutor$Worker.run(ThreadPoolExecutor.java:624)
	... 1 more
Caused by: org.apache.ratis.thirdparty.io.netty.channel.AbstractChannel$AnnotatedConnectException: Connection refused: /192.168.151.103:38721
	at sun.nio.ch.SocketChannelImpl.checkConnect(Native Method)
	at sun.nio.ch.SocketChannelImpl.finishConnect(SocketChannelImpl.java:717)
	at org.apache.ratis.thirdparty.io.netty.channel.socket.nio.NioSocketChannel.doFinishConnect(NioSocketChannel.java:327)
	at org.apache.ratis.thirdparty.io.netty.channel.nio.AbstractNioChannel$AbstractNioUnsafe.finishConnect(AbstractNioChannel.java:340)
	at org.apache.ratis.thirdparty.io.netty.channel.nio.NioEventLoop.processSelectedKey(NioEventLoop.java:632)
	at org.apache.ratis.thirdparty.io.netty.channel.nio.NioEventLoop.processSelectedKeysOptimized(NioEventLoop.java:579)
	at org.apache.ratis.thirdparty.io.netty.channel.nio.NioEventLoop.processSelectedKeys(NioEventLoop.java:496)
	at org.apache.ratis.thirdparty.io.netty.channel.nio.NioEventLoop.run(NioEventLoop.java:458)
	at org.apache.ratis.thirdparty.io.netty.util.concurrent.SingleThreadEventExecutor$5.run(SingleThreadEventExecutor.java:897)
	at org.apache.ratis.thirdparty.io.netty.util.concurrent.FastThreadLocalRunnable.run(FastThreadLocalRunnable.java:30)
	... 1 more
Caused by: java.net.ConnectException: Connection refused
	... 11 more
2019-09-27 09:23:42,982 [9d1fa352-1a82-481d-9d24-e29bb21dd7ac@group-BE313173F156:LeaderElection124] INFO  impl.LeaderElection (LogUtils.java:infoOrTrace(149)) -   Exception 1: {}
java.util.concurrent.ExecutionException: org.apache.ratis.thirdparty.io.grpc.StatusRuntimeException: UNAVAILABLE: io exception
	at java.util.concurrent.FutureTask.report(FutureTask.java:122)
	at java.util.concurrent.FutureTask.get(FutureTask.java:192)
	at org.apache.ratis.server.impl.LeaderElection.waitForResults(LeaderElection.java:263)
	at org.apache.ratis.server.impl.LeaderElection.askForVotes(LeaderElection.java:201)
	at org.apache.ratis.server.impl.LeaderElection.run(LeaderElection.java:133)
	at java.lang.Thread.run(Thread.java:748)
Caused by: org.apache.ratis.thirdparty.io.grpc.StatusRuntimeException: UNAVAILABLE: io exception
	at org.apache.ratis.thirdparty.io.grpc.stub.ClientCalls.toStatusRuntimeException(ClientCalls.java:233)
	at org.apache.ratis.thirdparty.io.grpc.stub.ClientCalls.getUnchecked(ClientCalls.java:214)
	at org.apache.ratis.thirdparty.io.grpc.stub.ClientCalls.blockingUnaryCall(ClientCalls.java:139)
	at org.apache.ratis.proto.grpc.RaftServerProtocolServiceGrpc$RaftServerProtocolServiceBlockingStub.requestVote(RaftServerProtocolServiceGrpc.java:265)
	at org.apache.ratis.grpc.server.GrpcServerProtocolClient.requestVote(GrpcServerProtocolClient.java:90)
	at org.apache.ratis.grpc.server.GrpcService.requestVote(GrpcService.java:204)
	at org.apache.ratis.server.impl.LeaderElection.lambda$submitRequests$1(LeaderElection.java:238)
	at java.util.concurrent.FutureTask.run(FutureTask.java:266)
	at java.util.concurrent.Executors$RunnableAdapter.call(Executors.java:511)
	at java.util.concurrent.FutureTask.run(FutureTask.java:266)
	at java.util.concurrent.ThreadPoolExecutor.runWorker(ThreadPoolExecutor.java:1149)
	at java.util.concurrent.ThreadPoolExecutor$Worker.run(ThreadPoolExecutor.java:624)
	... 1 more
Caused by: org.apache.ratis.thirdparty.io.netty.channel.AbstractChannel$AnnotatedConnectException: Connection refused: /192.168.151.103:38575
	at sun.nio.ch.SocketChannelImpl.checkConnect(Native Method)
	at sun.nio.ch.SocketChannelImpl.finishConnect(SocketChannelImpl.java:717)
	at org.apache.ratis.thirdparty.io.netty.channel.socket.nio.NioSocketChannel.doFinishConnect(NioSocketChannel.java:327)
	at org.apache.ratis.thirdparty.io.netty.channel.nio.AbstractNioChannel$AbstractNioUnsafe.finishConnect(AbstractNioChannel.java:340)
	at org.apache.ratis.thirdparty.io.netty.channel.nio.NioEventLoop.processSelectedKey(NioEventLoop.java:632)
	at org.apache.ratis.thirdparty.io.netty.channel.nio.NioEventLoop.processSelectedKeysOptimized(NioEventLoop.java:579)
	at org.apache.ratis.thirdparty.io.netty.channel.nio.NioEventLoop.processSelectedKeys(NioEventLoop.java:496)
	at org.apache.ratis.thirdparty.io.netty.channel.nio.NioEventLoop.run(NioEventLoop.java:458)
	at org.apache.ratis.thirdparty.io.netty.util.concurrent.SingleThreadEventExecutor$5.run(SingleThreadEventExecutor.java:897)
	at org.apache.ratis.thirdparty.io.netty.util.concurrent.FastThreadLocalRunnable.run(FastThreadLocalRunnable.java:30)
	... 1 more
Caused by: java.net.ConnectException: Connection refused
	... 11 more
2019-09-27 09:23:42,983 [9d1fa352-1a82-481d-9d24-e29bb21dd7ac@group-BE313173F156:LeaderElection124] INFO  impl.RaftServerImpl (RaftServerImpl.java:setRole(174)) - 9d1fa352-1a82-481d-9d24-e29bb21dd7ac@group-BE313173F156: changes role from CANDIDATE to FOLLOWER at term 7 for DISCOVERED_A_NEW_TERM
2019-09-27 09:23:42,983 [9d1fa352-1a82-481d-9d24-e29bb21dd7ac@group-BE313173F156:LeaderElection124] INFO  impl.RoleInfo (RoleInfo.java:shutdownLeaderElection(134)) - 9d1fa352-1a82-481d-9d24-e29bb21dd7ac: shutdown LeaderElection
2019-09-27 09:23:42,983 [9d1fa352-1a82-481d-9d24-e29bb21dd7ac@group-BE313173F156:LeaderElection124] INFO  impl.RoleInfo (RoleInfo.java:updateAndGet(143)) - 9d1fa352-1a82-481d-9d24-e29bb21dd7ac: start FollowerState
2019-09-27 09:23:43,002 [Thread-7795] INFO  impl.FollowerState (FollowerState.java:run(106)) - 4c0a5387-3197-4e6b-9533-589fb410635e:group-51FE514263BA changes to CANDIDATE, lastRpcTime:1000, electionTimeout:1000ms
2019-09-27 09:23:43,002 [Thread-7795] INFO  impl.RoleInfo (RoleInfo.java:shutdownFollowerState(121)) - 4c0a5387-3197-4e6b-9533-589fb410635e: shutdown FollowerState
2019-09-27 09:23:43,002 [Thread-7795] INFO  impl.RaftServerImpl (RaftServerImpl.java:setRole(174)) - 4c0a5387-3197-4e6b-9533-589fb410635e@group-51FE514263BA: changes role from  FOLLOWER to CANDIDATE at term 2 for changeToCandidate
2019-09-27 09:23:43,002 [Thread-7795] INFO  impl.RoleInfo (RoleInfo.java:updateAndGet(143)) - 4c0a5387-3197-4e6b-9533-589fb410635e: start LeaderElection
2019-09-27 09:23:43,016 [4c0a5387-3197-4e6b-9533-589fb410635e@group-51FE514263BA:LeaderElection125] INFO  impl.LeaderElection (LeaderElection.java:askForVotes(182)) - 4c0a5387-3197-4e6b-9533-589fb410635e@group-51FE514263BA:LeaderElection125: begin an election at term 3 for 0: [4c0a5387-3197-4e6b-9533-589fb410635e:192.168.151.103:34462, 161d0b6c-bb81-43fa-8578-505f63e7c46b:192.168.151.103:39300, e6683dc0-e787-4f77-a1bd-b29d73bfe0c0:192.168.151.103:34419], old=null
2019-09-27 09:23:43,017 [4c0a5387-3197-4e6b-9533-589fb410635e@group-51FE514263BA:LeaderElection125] INFO  impl.LeaderElection (LogUtils.java:infoOrTrace(149)) - 4c0a5387-3197-4e6b-9533-589fb410635e@group-51FE514263BA:LeaderElection125 got exception when requesting votes: {}
java.util.concurrent.ExecutionException: org.apache.ratis.thirdparty.io.grpc.StatusRuntimeException: UNAVAILABLE: io exception
	at java.util.concurrent.FutureTask.report(FutureTask.java:122)
	at java.util.concurrent.FutureTask.get(FutureTask.java:192)
	at org.apache.ratis.server.impl.LeaderElection.waitForResults(LeaderElection.java:263)
	at org.apache.ratis.server.impl.LeaderElection.askForVotes(LeaderElection.java:201)
	at org.apache.ratis.server.impl.LeaderElection.run(LeaderElection.java:133)
	at java.lang.Thread.run(Thread.java:748)
Caused by: org.apache.ratis.thirdparty.io.grpc.StatusRuntimeException: UNAVAILABLE: io exception
	at org.apache.ratis.thirdparty.io.grpc.stub.ClientCalls.toStatusRuntimeException(ClientCalls.java:233)
	at org.apache.ratis.thirdparty.io.grpc.stub.ClientCalls.getUnchecked(ClientCalls.java:214)
	at org.apache.ratis.thirdparty.io.grpc.stub.ClientCalls.blockingUnaryCall(ClientCalls.java:139)
	at org.apache.ratis.proto.grpc.RaftServerProtocolServiceGrpc$RaftServerProtocolServiceBlockingStub.requestVote(RaftServerProtocolServiceGrpc.java:265)
	at org.apache.ratis.grpc.server.GrpcServerProtocolClient.requestVote(GrpcServerProtocolClient.java:90)
	at org.apache.ratis.grpc.server.GrpcService.requestVote(GrpcService.java:204)
	at org.apache.ratis.server.impl.LeaderElection.lambda$submitRequests$1(LeaderElection.java:238)
	at java.util.concurrent.FutureTask.run(FutureTask.java:266)
	at java.util.concurrent.Executors$RunnableAdapter.call(Executors.java:511)
	at java.util.concurrent.FutureTask.run(FutureTask.java:266)
	at java.util.concurrent.ThreadPoolExecutor.runWorker(ThreadPoolExecutor.java:1149)
	at java.util.concurrent.ThreadPoolExecutor$Worker.run(ThreadPoolExecutor.java:624)
	... 1 more
Caused by: org.apache.ratis.thirdparty.io.netty.channel.AbstractChannel$AnnotatedConnectException: Connection refused: /192.168.151.103:39300
	at sun.nio.ch.SocketChannelImpl.checkConnect(Native Method)
	at sun.nio.ch.SocketChannelImpl.finishConnect(SocketChannelImpl.java:717)
	at org.apache.ratis.thirdparty.io.netty.channel.socket.nio.NioSocketChannel.doFinishConnect(NioSocketChannel.java:327)
	at org.apache.ratis.thirdparty.io.netty.channel.nio.AbstractNioChannel$AbstractNioUnsafe.finishConnect(AbstractNioChannel.java:340)
	at org.apache.ratis.thirdparty.io.netty.channel.nio.NioEventLoop.processSelectedKey(NioEventLoop.java:632)
	at org.apache.ratis.thirdparty.io.netty.channel.nio.NioEventLoop.processSelectedKeysOptimized(NioEventLoop.java:579)
	at org.apache.ratis.thirdparty.io.netty.channel.nio.NioEventLoop.processSelectedKeys(NioEventLoop.java:496)
	at org.apache.ratis.thirdparty.io.netty.channel.nio.NioEventLoop.run(NioEventLoop.java:458)
	at org.apache.ratis.thirdparty.io.netty.util.concurrent.SingleThreadEventExecutor$5.run(SingleThreadEventExecutor.java:897)
	at org.apache.ratis.thirdparty.io.netty.util.concurrent.FastThreadLocalRunnable.run(FastThreadLocalRunnable.java:30)
	... 1 more
Caused by: java.net.ConnectException: Connection refused
	... 11 more
2019-09-27 09:23:43,018 [4c0a5387-3197-4e6b-9533-589fb410635e@group-51FE514263BA:LeaderElection125] INFO  impl.LeaderElection (LogUtils.java:infoOrTrace(149)) - 4c0a5387-3197-4e6b-9533-589fb410635e@group-51FE514263BA:LeaderElection125 got exception when requesting votes: {}
java.util.concurrent.ExecutionException: org.apache.ratis.thirdparty.io.grpc.StatusRuntimeException: UNAVAILABLE: io exception
	at java.util.concurrent.FutureTask.report(FutureTask.java:122)
	at java.util.concurrent.FutureTask.get(FutureTask.java:192)
	at org.apache.ratis.server.impl.LeaderElection.waitForResults(LeaderElection.java:263)
	at org.apache.ratis.server.impl.LeaderElection.askForVotes(LeaderElection.java:201)
	at org.apache.ratis.server.impl.LeaderElection.run(LeaderElection.java:133)
	at java.lang.Thread.run(Thread.java:748)
Caused by: org.apache.ratis.thirdparty.io.grpc.StatusRuntimeException: UNAVAILABLE: io exception
	at org.apache.ratis.thirdparty.io.grpc.stub.ClientCalls.toStatusRuntimeException(ClientCalls.java:233)
	at org.apache.ratis.thirdparty.io.grpc.stub.ClientCalls.getUnchecked(ClientCalls.java:214)
	at org.apache.ratis.thirdparty.io.grpc.stub.ClientCalls.blockingUnaryCall(ClientCalls.java:139)
	at org.apache.ratis.proto.grpc.RaftServerProtocolServiceGrpc$RaftServerProtocolServiceBlockingStub.requestVote(RaftServerProtocolServiceGrpc.java:265)
	at org.apache.ratis.grpc.server.GrpcServerProtocolClient.requestVote(GrpcServerProtocolClient.java:90)
	at org.apache.ratis.grpc.server.GrpcService.requestVote(GrpcService.java:204)
	at org.apache.ratis.server.impl.LeaderElection.lambda$submitRequests$1(LeaderElection.java:238)
	at java.util.concurrent.FutureTask.run(FutureTask.java:266)
	at java.util.concurrent.Executors$RunnableAdapter.call(Executors.java:511)
	at java.util.concurrent.FutureTask.run(FutureTask.java:266)
	at java.util.concurrent.ThreadPoolExecutor.runWorker(ThreadPoolExecutor.java:1149)
	at java.util.concurrent.ThreadPoolExecutor$Worker.run(ThreadPoolExecutor.java:624)
	... 1 more
Caused by: org.apache.ratis.thirdparty.io.netty.channel.AbstractChannel$AnnotatedConnectException: Connection refused: /192.168.151.103:34419
	at sun.nio.ch.SocketChannelImpl.checkConnect(Native Method)
	at sun.nio.ch.SocketChannelImpl.finishConnect(SocketChannelImpl.java:717)
	at org.apache.ratis.thirdparty.io.netty.channel.socket.nio.NioSocketChannel.doFinishConnect(NioSocketChannel.java:327)
	at org.apache.ratis.thirdparty.io.netty.channel.nio.AbstractNioChannel$AbstractNioUnsafe.finishConnect(AbstractNioChannel.java:340)
	at org.apache.ratis.thirdparty.io.netty.channel.nio.NioEventLoop.processSelectedKey(NioEventLoop.java:632)
	at org.apache.ratis.thirdparty.io.netty.channel.nio.NioEventLoop.processSelectedKeysOptimized(NioEventLoop.java:579)
	at org.apache.ratis.thirdparty.io.netty.channel.nio.NioEventLoop.processSelectedKeys(NioEventLoop.java:496)
	at org.apache.ratis.thirdparty.io.netty.channel.nio.NioEventLoop.run(NioEventLoop.java:458)
	at org.apache.ratis.thirdparty.io.netty.util.concurrent.SingleThreadEventExecutor$5.run(SingleThreadEventExecutor.java:897)
	at org.apache.ratis.thirdparty.io.netty.util.concurrent.FastThreadLocalRunnable.run(FastThreadLocalRunnable.java:30)
	... 1 more
Caused by: java.net.ConnectException: Connection refused
	... 11 more
2019-09-27 09:23:43,019 [4c0a5387-3197-4e6b-9533-589fb410635e@group-51FE514263BA:LeaderElection125] INFO  impl.LeaderElection (LeaderElection.java:logAndReturn(56)) - 4c0a5387-3197-4e6b-9533-589fb410635e@group-51FE514263BA:LeaderElection125: Election REJECTED; received 0 response(s) [] and 2 exception(s); 4c0a5387-3197-4e6b-9533-589fb410635e@group-51FE514263BA:t3, leader=null, voted=4c0a5387-3197-4e6b-9533-589fb410635e, raftlog=4c0a5387-3197-4e6b-9533-589fb410635e@group-51FE514263BA-SegmentedRaftLog:OPENED:c0,f0,i0, conf=0: [4c0a5387-3197-4e6b-9533-589fb410635e:192.168.151.103:34462, 161d0b6c-bb81-43fa-8578-505f63e7c46b:192.168.151.103:39300, e6683dc0-e787-4f77-a1bd-b29d73bfe0c0:192.168.151.103:34419], old=null
2019-09-27 09:23:43,019 [4c0a5387-3197-4e6b-9533-589fb410635e@group-51FE514263BA:LeaderElection125] INFO  impl.LeaderElection (LogUtils.java:infoOrTrace(149)) -   Exception 0: {}
java.util.concurrent.ExecutionException: org.apache.ratis.thirdparty.io.grpc.StatusRuntimeException: UNAVAILABLE: io exception
	at java.util.concurrent.FutureTask.report(FutureTask.java:122)
	at java.util.concurrent.FutureTask.get(FutureTask.java:192)
	at org.apache.ratis.server.impl.LeaderElection.waitForResults(LeaderElection.java:263)
	at org.apache.ratis.server.impl.LeaderElection.askForVotes(LeaderElection.java:201)
	at org.apache.ratis.server.impl.LeaderElection.run(LeaderElection.java:133)
	at java.lang.Thread.run(Thread.java:748)
Caused by: org.apache.ratis.thirdparty.io.grpc.StatusRuntimeException: UNAVAILABLE: io exception
	at org.apache.ratis.thirdparty.io.grpc.stub.ClientCalls.toStatusRuntimeException(ClientCalls.java:233)
	at org.apache.ratis.thirdparty.io.grpc.stub.ClientCalls.getUnchecked(ClientCalls.java:214)
	at org.apache.ratis.thirdparty.io.grpc.stub.ClientCalls.blockingUnaryCall(ClientCalls.java:139)
	at org.apache.ratis.proto.grpc.RaftServerProtocolServiceGrpc$RaftServerProtocolServiceBlockingStub.requestVote(RaftServerProtocolServiceGrpc.java:265)
	at org.apache.ratis.grpc.server.GrpcServerProtocolClient.requestVote(GrpcServerProtocolClient.java:90)
	at org.apache.ratis.grpc.server.GrpcService.requestVote(GrpcService.java:204)
	at org.apache.ratis.server.impl.LeaderElection.lambda$submitRequests$1(LeaderElection.java:238)
	at java.util.concurrent.FutureTask.run(FutureTask.java:266)
	at java.util.concurrent.Executors$RunnableAdapter.call(Executors.java:511)
	at java.util.concurrent.FutureTask.run(FutureTask.java:266)
	at java.util.concurrent.ThreadPoolExecutor.runWorker(ThreadPoolExecutor.java:1149)
	at java.util.concurrent.ThreadPoolExecutor$Worker.run(ThreadPoolExecutor.java:624)
	... 1 more
Caused by: org.apache.ratis.thirdparty.io.netty.channel.AbstractChannel$AnnotatedConnectException: Connection refused: /192.168.151.103:39300
	at sun.nio.ch.SocketChannelImpl.checkConnect(Native Method)
	at sun.nio.ch.SocketChannelImpl.finishConnect(SocketChannelImpl.java:717)
	at org.apache.ratis.thirdparty.io.netty.channel.socket.nio.NioSocketChannel.doFinishConnect(NioSocketChannel.java:327)
	at org.apache.ratis.thirdparty.io.netty.channel.nio.AbstractNioChannel$AbstractNioUnsafe.finishConnect(AbstractNioChannel.java:340)
	at org.apache.ratis.thirdparty.io.netty.channel.nio.NioEventLoop.processSelectedKey(NioEventLoop.java:632)
	at org.apache.ratis.thirdparty.io.netty.channel.nio.NioEventLoop.processSelectedKeysOptimized(NioEventLoop.java:579)
	at org.apache.ratis.thirdparty.io.netty.channel.nio.NioEventLoop.processSelectedKeys(NioEventLoop.java:496)
	at org.apache.ratis.thirdparty.io.netty.channel.nio.NioEventLoop.run(NioEventLoop.java:458)
	at org.apache.ratis.thirdparty.io.netty.util.concurrent.SingleThreadEventExecutor$5.run(SingleThreadEventExecutor.java:897)
	at org.apache.ratis.thirdparty.io.netty.util.concurrent.FastThreadLocalRunnable.run(FastThreadLocalRunnable.java:30)
	... 1 more
Caused by: java.net.ConnectException: Connection refused
	... 11 more
2019-09-27 09:23:43,020 [4c0a5387-3197-4e6b-9533-589fb410635e@group-51FE514263BA:LeaderElection125] INFO  impl.LeaderElection (LogUtils.java:infoOrTrace(149)) -   Exception 1: {}
java.util.concurrent.ExecutionException: org.apache.ratis.thirdparty.io.grpc.StatusRuntimeException: UNAVAILABLE: io exception
	at java.util.concurrent.FutureTask.report(FutureTask.java:122)
	at java.util.concurrent.FutureTask.get(FutureTask.java:192)
	at org.apache.ratis.server.impl.LeaderElection.waitForResults(LeaderElection.java:263)
	at org.apache.ratis.server.impl.LeaderElection.askForVotes(LeaderElection.java:201)
	at org.apache.ratis.server.impl.LeaderElection.run(LeaderElection.java:133)
	at java.lang.Thread.run(Thread.java:748)
Caused by: org.apache.ratis.thirdparty.io.grpc.StatusRuntimeException: UNAVAILABLE: io exception
	at org.apache.ratis.thirdparty.io.grpc.stub.ClientCalls.toStatusRuntimeException(ClientCalls.java:233)
	at org.apache.ratis.thirdparty.io.grpc.stub.ClientCalls.getUnchecked(ClientCalls.java:214)
	at org.apache.ratis.thirdparty.io.grpc.stub.ClientCalls.blockingUnaryCall(ClientCalls.java:139)
	at org.apache.ratis.proto.grpc.RaftServerProtocolServiceGrpc$RaftServerProtocolServiceBlockingStub.requestVote(RaftServerProtocolServiceGrpc.java:265)
	at org.apache.ratis.grpc.server.GrpcServerProtocolClient.requestVote(GrpcServerProtocolClient.java:90)
	at org.apache.ratis.grpc.server.GrpcService.requestVote(GrpcService.java:204)
	at org.apache.ratis.server.impl.LeaderElection.lambda$submitRequests$1(LeaderElection.java:238)
	at java.util.concurrent.FutureTask.run(FutureTask.java:266)
	at java.util.concurrent.Executors$RunnableAdapter.call(Executors.java:511)
	at java.util.concurrent.FutureTask.run(FutureTask.java:266)
	at java.util.concurrent.ThreadPoolExecutor.runWorker(ThreadPoolExecutor.java:1149)
	at java.util.concurrent.ThreadPoolExecutor$Worker.run(ThreadPoolExecutor.java:624)
	... 1 more
Caused by: org.apache.ratis.thirdparty.io.netty.channel.AbstractChannel$AnnotatedConnectException: Connection refused: /192.168.151.103:34419
	at sun.nio.ch.SocketChannelImpl.checkConnect(Native Method)
	at sun.nio.ch.SocketChannelImpl.finishConnect(SocketChannelImpl.java:717)
	at org.apache.ratis.thirdparty.io.netty.channel.socket.nio.NioSocketChannel.doFinishConnect(NioSocketChannel.java:327)
	at org.apache.ratis.thirdparty.io.netty.channel.nio.AbstractNioChannel$AbstractNioUnsafe.finishConnect(AbstractNioChannel.java:340)
	at org.apache.ratis.thirdparty.io.netty.channel.nio.NioEventLoop.processSelectedKey(NioEventLoop.java:632)
	at org.apache.ratis.thirdparty.io.netty.channel.nio.NioEventLoop.processSelectedKeysOptimized(NioEventLoop.java:579)
	at org.apache.ratis.thirdparty.io.netty.channel.nio.NioEventLoop.processSelectedKeys(NioEventLoop.java:496)
	at org.apache.ratis.thirdparty.io.netty.channel.nio.NioEventLoop.run(NioEventLoop.java:458)
	at org.apache.ratis.thirdparty.io.netty.util.concurrent.SingleThreadEventExecutor$5.run(SingleThreadEventExecutor.java:897)
	at org.apache.ratis.thirdparty.io.netty.util.concurrent.FastThreadLocalRunnable.run(FastThreadLocalRunnable.java:30)
	... 1 more
Caused by: java.net.ConnectException: Connection refused
	... 11 more
2019-09-27 09:23:43,020 [4c0a5387-3197-4e6b-9533-589fb410635e@group-51FE514263BA:LeaderElection125] INFO  impl.RaftServerImpl (RaftServerImpl.java:setRole(174)) - 4c0a5387-3197-4e6b-9533-589fb410635e@group-51FE514263BA: changes role from CANDIDATE to FOLLOWER at term 3 for DISCOVERED_A_NEW_TERM
2019-09-27 09:23:43,020 [4c0a5387-3197-4e6b-9533-589fb410635e@group-51FE514263BA:LeaderElection125] INFO  impl.RoleInfo (RoleInfo.java:shutdownLeaderElection(134)) - 4c0a5387-3197-4e6b-9533-589fb410635e: shutdown LeaderElection
2019-09-27 09:23:43,020 [4c0a5387-3197-4e6b-9533-589fb410635e@group-51FE514263BA:LeaderElection125] INFO  impl.RoleInfo (RoleInfo.java:updateAndGet(143)) - 4c0a5387-3197-4e6b-9533-589fb410635e: start FollowerState
2019-09-27 09:23:44,035 [Thread-7799] INFO  impl.FollowerState (FollowerState.java:run(106)) - 9d1fa352-1a82-481d-9d24-e29bb21dd7ac:group-BE313173F156 changes to CANDIDATE, lastRpcTime:1052, electionTimeout:1052ms
2019-09-27 09:23:44,036 [Thread-7799] INFO  impl.RoleInfo (RoleInfo.java:shutdownFollowerState(121)) - 9d1fa352-1a82-481d-9d24-e29bb21dd7ac: shutdown FollowerState
2019-09-27 09:23:44,036 [Thread-7799] INFO  impl.RaftServerImpl (RaftServerImpl.java:setRole(174)) - 9d1fa352-1a82-481d-9d24-e29bb21dd7ac@group-BE313173F156: changes role from  FOLLOWER to CANDIDATE at term 7 for changeToCandidate
2019-09-27 09:23:44,036 [Thread-7799] INFO  impl.RoleInfo (RoleInfo.java:updateAndGet(143)) - 9d1fa352-1a82-481d-9d24-e29bb21dd7ac: start LeaderElection
2019-09-27 09:23:44,049 [9d1fa352-1a82-481d-9d24-e29bb21dd7ac@group-BE313173F156:LeaderElection126] INFO  impl.LeaderElection (LeaderElection.java:askForVotes(182)) - 9d1fa352-1a82-481d-9d24-e29bb21dd7ac@group-BE313173F156:LeaderElection126: begin an election at term 8 for 0: [9d1fa352-1a82-481d-9d24-e29bb21dd7ac:192.168.151.103:33561, 545840a3-a59e-4544-b748-6e804ee187a8:192.168.151.103:38575, 69eece0b-35aa-4c3f-ae5c-22aaa3245fe4:192.168.151.103:38721], old=null
2019-09-27 09:23:44,050 [9d1fa352-1a82-481d-9d24-e29bb21dd7ac@group-BE313173F156:LeaderElection126] INFO  impl.LeaderElection (LogUtils.java:infoOrTrace(149)) - 9d1fa352-1a82-481d-9d24-e29bb21dd7ac@group-BE313173F156:LeaderElection126 got exception when requesting votes: {}
java.util.concurrent.ExecutionException: org.apache.ratis.thirdparty.io.grpc.StatusRuntimeException: UNAVAILABLE: io exception
	at java.util.concurrent.FutureTask.report(FutureTask.java:122)
	at java.util.concurrent.FutureTask.get(FutureTask.java:192)
	at org.apache.ratis.server.impl.LeaderElection.waitForResults(LeaderElection.java:263)
	at org.apache.ratis.server.impl.LeaderElection.askForVotes(LeaderElection.java:201)
	at org.apache.ratis.server.impl.LeaderElection.run(LeaderElection.java:133)
	at java.lang.Thread.run(Thread.java:748)
Caused by: org.apache.ratis.thirdparty.io.grpc.StatusRuntimeException: UNAVAILABLE: io exception
	at org.apache.ratis.thirdparty.io.grpc.stub.ClientCalls.toStatusRuntimeException(ClientCalls.java:233)
	at org.apache.ratis.thirdparty.io.grpc.stub.ClientCalls.getUnchecked(ClientCalls.java:214)
	at org.apache.ratis.thirdparty.io.grpc.stub.ClientCalls.blockingUnaryCall(ClientCalls.java:139)
	at org.apache.ratis.proto.grpc.RaftServerProtocolServiceGrpc$RaftServerProtocolServiceBlockingStub.requestVote(RaftServerProtocolServiceGrpc.java:265)
	at org.apache.ratis.grpc.server.GrpcServerProtocolClient.requestVote(GrpcServerProtocolClient.java:90)
	at org.apache.ratis.grpc.server.GrpcService.requestVote(GrpcService.java:204)
	at org.apache.ratis.server.impl.LeaderElection.lambda$submitRequests$1(LeaderElection.java:238)
	at java.util.concurrent.FutureTask.run(FutureTask.java:266)
	at java.util.concurrent.Executors$RunnableAdapter.call(Executors.java:511)
	at java.util.concurrent.FutureTask.run(FutureTask.java:266)
	at java.util.concurrent.ThreadPoolExecutor.runWorker(ThreadPoolExecutor.java:1149)
	at java.util.concurrent.ThreadPoolExecutor$Worker.run(ThreadPoolExecutor.java:624)
	... 1 more
Caused by: org.apache.ratis.thirdparty.io.netty.channel.AbstractChannel$AnnotatedConnectException: Connection refused: /192.168.151.103:38575
	at sun.nio.ch.SocketChannelImpl.checkConnect(Native Method)
	at sun.nio.ch.SocketChannelImpl.finishConnect(SocketChannelImpl.java:717)
	at org.apache.ratis.thirdparty.io.netty.channel.socket.nio.NioSocketChannel.doFinishConnect(NioSocketChannel.java:327)
	at org.apache.ratis.thirdparty.io.netty.channel.nio.AbstractNioChannel$AbstractNioUnsafe.finishConnect(AbstractNioChannel.java:340)
	at org.apache.ratis.thirdparty.io.netty.channel.nio.NioEventLoop.processSelectedKey(NioEventLoop.java:632)
	at org.apache.ratis.thirdparty.io.netty.channel.nio.NioEventLoop.processSelectedKeysOptimized(NioEventLoop.java:579)
	at org.apache.ratis.thirdparty.io.netty.channel.nio.NioEventLoop.processSelectedKeys(NioEventLoop.java:496)
	at org.apache.ratis.thirdparty.io.netty.channel.nio.NioEventLoop.run(NioEventLoop.java:458)
	at org.apache.ratis.thirdparty.io.netty.util.concurrent.SingleThreadEventExecutor$5.run(SingleThreadEventExecutor.java:897)
	at org.apache.ratis.thirdparty.io.netty.util.concurrent.FastThreadLocalRunnable.run(FastThreadLocalRunnable.java:30)
	... 1 more
Caused by: java.net.ConnectException: Connection refused
	... 11 more
2019-09-27 09:23:44,052 [9d1fa352-1a82-481d-9d24-e29bb21dd7ac@group-BE313173F156:LeaderElection126] INFO  impl.LeaderElection (LogUtils.java:infoOrTrace(149)) - 9d1fa352-1a82-481d-9d24-e29bb21dd7ac@group-BE313173F156:LeaderElection126 got exception when requesting votes: {}
java.util.concurrent.ExecutionException: org.apache.ratis.thirdparty.io.grpc.StatusRuntimeException: UNAVAILABLE: io exception
	at java.util.concurrent.FutureTask.report(FutureTask.java:122)
	at java.util.concurrent.FutureTask.get(FutureTask.java:192)
	at org.apache.ratis.server.impl.LeaderElection.waitForResults(LeaderElection.java:263)
	at org.apache.ratis.server.impl.LeaderElection.askForVotes(LeaderElection.java:201)
	at org.apache.ratis.server.impl.LeaderElection.run(LeaderElection.java:133)
	at java.lang.Thread.run(Thread.java:748)
Caused by: org.apache.ratis.thirdparty.io.grpc.StatusRuntimeException: UNAVAILABLE: io exception
	at org.apache.ratis.thirdparty.io.grpc.stub.ClientCalls.toStatusRuntimeException(ClientCalls.java:233)
	at org.apache.ratis.thirdparty.io.grpc.stub.ClientCalls.getUnchecked(ClientCalls.java:214)
	at org.apache.ratis.thirdparty.io.grpc.stub.ClientCalls.blockingUnaryCall(ClientCalls.java:139)
	at org.apache.ratis.proto.grpc.RaftServerProtocolServiceGrpc$RaftServerProtocolServiceBlockingStub.requestVote(RaftServerProtocolServiceGrpc.java:265)
	at org.apache.ratis.grpc.server.GrpcServerProtocolClient.requestVote(GrpcServerProtocolClient.java:90)
	at org.apache.ratis.grpc.server.GrpcService.requestVote(GrpcService.java:204)
	at org.apache.ratis.server.impl.LeaderElection.lambda$submitRequests$1(LeaderElection.java:238)
	at java.util.concurrent.FutureTask.run(FutureTask.java:266)
	at java.util.concurrent.Executors$RunnableAdapter.call(Executors.java:511)
	at java.util.concurrent.FutureTask.run(FutureTask.java:266)
	at java.util.concurrent.ThreadPoolExecutor.runWorker(ThreadPoolExecutor.java:1149)
	at java.util.concurrent.ThreadPoolExecutor$Worker.run(ThreadPoolExecutor.java:624)
	... 1 more
Caused by: org.apache.ratis.thirdparty.io.netty.channel.AbstractChannel$AnnotatedConnectException: Connection refused: /192.168.151.103:38721
	at sun.nio.ch.SocketChannelImpl.checkConnect(Native Method)
	at sun.nio.ch.SocketChannelImpl.finishConnect(SocketChannelImpl.java:717)
	at org.apache.ratis.thirdparty.io.netty.channel.socket.nio.NioSocketChannel.doFinishConnect(NioSocketChannel.java:327)
	at org.apache.ratis.thirdparty.io.netty.channel.nio.AbstractNioChannel$AbstractNioUnsafe.finishConnect(AbstractNioChannel.java:340)
	at org.apache.ratis.thirdparty.io.netty.channel.nio.NioEventLoop.processSelectedKey(NioEventLoop.java:632)
	at org.apache.ratis.thirdparty.io.netty.channel.nio.NioEventLoop.processSelectedKeysOptimized(NioEventLoop.java:579)
	at org.apache.ratis.thirdparty.io.netty.channel.nio.NioEventLoop.processSelectedKeys(NioEventLoop.java:496)
	at org.apache.ratis.thirdparty.io.netty.channel.nio.NioEventLoop.run(NioEventLoop.java:458)
	at org.apache.ratis.thirdparty.io.netty.util.concurrent.SingleThreadEventExecutor$5.run(SingleThreadEventExecutor.java:897)
	at org.apache.ratis.thirdparty.io.netty.util.concurrent.FastThreadLocalRunnable.run(FastThreadLocalRunnable.java:30)
	... 1 more
Caused by: java.net.ConnectException: Connection refused
	... 11 more
2019-09-27 09:23:44,053 [9d1fa352-1a82-481d-9d24-e29bb21dd7ac@group-BE313173F156:LeaderElection126] INFO  impl.LeaderElection (LeaderElection.java:logAndReturn(56)) - 9d1fa352-1a82-481d-9d24-e29bb21dd7ac@group-BE313173F156:LeaderElection126: Election REJECTED; received 0 response(s) [] and 2 exception(s); 9d1fa352-1a82-481d-9d24-e29bb21dd7ac@group-BE313173F156:t8, leader=null, voted=9d1fa352-1a82-481d-9d24-e29bb21dd7ac, raftlog=9d1fa352-1a82-481d-9d24-e29bb21dd7ac@group-BE313173F156-SegmentedRaftLog:OPENED:c0,f0,i0, conf=0: [9d1fa352-1a82-481d-9d24-e29bb21dd7ac:192.168.151.103:33561, 545840a3-a59e-4544-b748-6e804ee187a8:192.168.151.103:38575, 69eece0b-35aa-4c3f-ae5c-22aaa3245fe4:192.168.151.103:38721], old=null
2019-09-27 09:23:44,053 [9d1fa352-1a82-481d-9d24-e29bb21dd7ac@group-BE313173F156:LeaderElection126] INFO  impl.LeaderElection (LogUtils.java:infoOrTrace(149)) -   Exception 0: {}
java.util.concurrent.ExecutionException: org.apache.ratis.thirdparty.io.grpc.StatusRuntimeException: UNAVAILABLE: io exception
	at java.util.concurrent.FutureTask.report(FutureTask.java:122)
	at java.util.concurrent.FutureTask.get(FutureTask.java:192)
	at org.apache.ratis.server.impl.LeaderElection.waitForResults(LeaderElection.java:263)
	at org.apache.ratis.server.impl.LeaderElection.askForVotes(LeaderElection.java:201)
	at org.apache.ratis.server.impl.LeaderElection.run(LeaderElection.java:133)
	at java.lang.Thread.run(Thread.java:748)
Caused by: org.apache.ratis.thirdparty.io.grpc.StatusRuntimeException: UNAVAILABLE: io exception
	at org.apache.ratis.thirdparty.io.grpc.stub.ClientCalls.toStatusRuntimeException(ClientCalls.java:233)
	at org.apache.ratis.thirdparty.io.grpc.stub.ClientCalls.getUnchecked(ClientCalls.java:214)
	at org.apache.ratis.thirdparty.io.grpc.stub.ClientCalls.blockingUnaryCall(ClientCalls.java:139)
	at org.apache.ratis.proto.grpc.RaftServerProtocolServiceGrpc$RaftServerProtocolServiceBlockingStub.requestVote(RaftServerProtocolServiceGrpc.java:265)
	at org.apache.ratis.grpc.server.GrpcServerProtocolClient.requestVote(GrpcServerProtocolClient.java:90)
	at org.apache.ratis.grpc.server.GrpcService.requestVote(GrpcService.java:204)
	at org.apache.ratis.server.impl.LeaderElection.lambda$submitRequests$1(LeaderElection.java:238)
	at java.util.concurrent.FutureTask.run(FutureTask.java:266)
	at java.util.concurrent.Executors$RunnableAdapter.call(Executors.java:511)
	at java.util.concurrent.FutureTask.run(FutureTask.java:266)
	at java.util.concurrent.ThreadPoolExecutor.runWorker(ThreadPoolExecutor.java:1149)
	at java.util.concurrent.ThreadPoolExecutor$Worker.run(ThreadPoolExecutor.java:624)
	... 1 more
Caused by: org.apache.ratis.thirdparty.io.netty.channel.AbstractChannel$AnnotatedConnectException: Connection refused: /192.168.151.103:38575
	at sun.nio.ch.SocketChannelImpl.checkConnect(Native Method)
	at sun.nio.ch.SocketChannelImpl.finishConnect(SocketChannelImpl.java:717)
	at org.apache.ratis.thirdparty.io.netty.channel.socket.nio.NioSocketChannel.doFinishConnect(NioSocketChannel.java:327)
	at org.apache.ratis.thirdparty.io.netty.channel.nio.AbstractNioChannel$AbstractNioUnsafe.finishConnect(AbstractNioChannel.java:340)
	at org.apache.ratis.thirdparty.io.netty.channel.nio.NioEventLoop.processSelectedKey(NioEventLoop.java:632)
	at org.apache.ratis.thirdparty.io.netty.channel.nio.NioEventLoop.processSelectedKeysOptimized(NioEventLoop.java:579)
	at org.apache.ratis.thirdparty.io.netty.channel.nio.NioEventLoop.processSelectedKeys(NioEventLoop.java:496)
	at org.apache.ratis.thirdparty.io.netty.channel.nio.NioEventLoop.run(NioEventLoop.java:458)
	at org.apache.ratis.thirdparty.io.netty.util.concurrent.SingleThreadEventExecutor$5.run(SingleThreadEventExecutor.java:897)
	at org.apache.ratis.thirdparty.io.netty.util.concurrent.FastThreadLocalRunnable.run(FastThreadLocalRunnable.java:30)
	... 1 more
Caused by: java.net.ConnectException: Connection refused
	... 11 more
2019-09-27 09:23:44,053 [9d1fa352-1a82-481d-9d24-e29bb21dd7ac@group-BE313173F156:LeaderElection126] INFO  impl.LeaderElection (LogUtils.java:infoOrTrace(149)) -   Exception 1: {}
java.util.concurrent.ExecutionException: org.apache.ratis.thirdparty.io.grpc.StatusRuntimeException: UNAVAILABLE: io exception
	at java.util.concurrent.FutureTask.report(FutureTask.java:122)
	at java.util.concurrent.FutureTask.get(FutureTask.java:192)
	at org.apache.ratis.server.impl.LeaderElection.waitForResults(LeaderElection.java:263)
	at org.apache.ratis.server.impl.LeaderElection.askForVotes(LeaderElection.java:201)
	at org.apache.ratis.server.impl.LeaderElection.run(LeaderElection.java:133)
	at java.lang.Thread.run(Thread.java:748)
Caused by: org.apache.ratis.thirdparty.io.grpc.StatusRuntimeException: UNAVAILABLE: io exception
	at org.apache.ratis.thirdparty.io.grpc.stub.ClientCalls.toStatusRuntimeException(ClientCalls.java:233)
	at org.apache.ratis.thirdparty.io.grpc.stub.ClientCalls.getUnchecked(ClientCalls.java:214)
	at org.apache.ratis.thirdparty.io.grpc.stub.ClientCalls.blockingUnaryCall(ClientCalls.java:139)
	at org.apache.ratis.proto.grpc.RaftServerProtocolServiceGrpc$RaftServerProtocolServiceBlockingStub.requestVote(RaftServerProtocolServiceGrpc.java:265)
	at org.apache.ratis.grpc.server.GrpcServerProtocolClient.requestVote(GrpcServerProtocolClient.java:90)
	at org.apache.ratis.grpc.server.GrpcService.requestVote(GrpcService.java:204)
	at org.apache.ratis.server.impl.LeaderElection.lambda$submitRequests$1(LeaderElection.java:238)
	at java.util.concurrent.FutureTask.run(FutureTask.java:266)
	at java.util.concurrent.Executors$RunnableAdapter.call(Executors.java:511)
	at java.util.concurrent.FutureTask.run(FutureTask.java:266)
	at java.util.concurrent.ThreadPoolExecutor.runWorker(ThreadPoolExecutor.java:1149)
	at java.util.concurrent.ThreadPoolExecutor$Worker.run(ThreadPoolExecutor.java:624)
	... 1 more
Caused by: org.apache.ratis.thirdparty.io.netty.channel.AbstractChannel$AnnotatedConnectException: Connection refused: /192.168.151.103:38721
	at sun.nio.ch.SocketChannelImpl.checkConnect(Native Method)
	at sun.nio.ch.SocketChannelImpl.finishConnect(SocketChannelImpl.java:717)
	at org.apache.ratis.thirdparty.io.netty.channel.socket.nio.NioSocketChannel.doFinishConnect(NioSocketChannel.java:327)
	at org.apache.ratis.thirdparty.io.netty.channel.nio.AbstractNioChannel$AbstractNioUnsafe.finishConnect(AbstractNioChannel.java:340)
	at org.apache.ratis.thirdparty.io.netty.channel.nio.NioEventLoop.processSelectedKey(NioEventLoop.java:632)
	at org.apache.ratis.thirdparty.io.netty.channel.nio.NioEventLoop.processSelectedKeysOptimized(NioEventLoop.java:579)
	at org.apache.ratis.thirdparty.io.netty.channel.nio.NioEventLoop.processSelectedKeys(NioEventLoop.java:496)
	at org.apache.ratis.thirdparty.io.netty.channel.nio.NioEventLoop.run(NioEventLoop.java:458)
	at org.apache.ratis.thirdparty.io.netty.util.concurrent.SingleThreadEventExecutor$5.run(SingleThreadEventExecutor.java:897)
	at org.apache.ratis.thirdparty.io.netty.util.concurrent.FastThreadLocalRunnable.run(FastThreadLocalRunnable.java:30)
	... 1 more
Caused by: java.net.ConnectException: Connection refused
	... 11 more
2019-09-27 09:23:44,053 [9d1fa352-1a82-481d-9d24-e29bb21dd7ac@group-BE313173F156:LeaderElection126] INFO  impl.RaftServerImpl (RaftServerImpl.java:setRole(174)) - 9d1fa352-1a82-481d-9d24-e29bb21dd7ac@group-BE313173F156: changes role from CANDIDATE to FOLLOWER at term 8 for DISCOVERED_A_NEW_TERM
2019-09-27 09:23:44,053 [9d1fa352-1a82-481d-9d24-e29bb21dd7ac@group-BE313173F156:LeaderElection126] INFO  impl.RoleInfo (RoleInfo.java:shutdownLeaderElection(134)) - 9d1fa352-1a82-481d-9d24-e29bb21dd7ac: shutdown LeaderElection
2019-09-27 09:23:44,054 [9d1fa352-1a82-481d-9d24-e29bb21dd7ac@group-BE313173F156:LeaderElection126] INFO  impl.RoleInfo (RoleInfo.java:updateAndGet(143)) - 9d1fa352-1a82-481d-9d24-e29bb21dd7ac: start FollowerState
2019-09-27 09:23:44,202 [Thread-7803] INFO  impl.FollowerState (FollowerState.java:run(106)) - 4c0a5387-3197-4e6b-9533-589fb410635e:group-51FE514263BA changes to CANDIDATE, lastRpcTime:1182, electionTimeout:1182ms
2019-09-27 09:23:44,202 [Thread-7803] INFO  impl.RoleInfo (RoleInfo.java:shutdownFollowerState(121)) - 4c0a5387-3197-4e6b-9533-589fb410635e: shutdown FollowerState
2019-09-27 09:23:44,203 [Thread-7803] INFO  impl.RaftServerImpl (RaftServerImpl.java:setRole(174)) - 4c0a5387-3197-4e6b-9533-589fb410635e@group-51FE514263BA: changes role from  FOLLOWER to CANDIDATE at term 3 for changeToCandidate
2019-09-27 09:23:44,203 [Thread-7803] INFO  impl.RoleInfo (RoleInfo.java:updateAndGet(143)) - 4c0a5387-3197-4e6b-9533-589fb410635e: start LeaderElection
2019-09-27 09:23:44,215 [4c0a5387-3197-4e6b-9533-589fb410635e@group-51FE514263BA:LeaderElection127] INFO  impl.LeaderElection (LeaderElection.java:askForVotes(182)) - 4c0a5387-3197-4e6b-9533-589fb410635e@group-51FE514263BA:LeaderElection127: begin an election at term 4 for 0: [4c0a5387-3197-4e6b-9533-589fb410635e:192.168.151.103:34462, 161d0b6c-bb81-43fa-8578-505f63e7c46b:192.168.151.103:39300, e6683dc0-e787-4f77-a1bd-b29d73bfe0c0:192.168.151.103:34419], old=null
2019-09-27 09:23:44,215 [4c0a5387-3197-4e6b-9533-589fb410635e@group-51FE514263BA:LeaderElection127] INFO  impl.LeaderElection (LogUtils.java:infoOrTrace(149)) - 4c0a5387-3197-4e6b-9533-589fb410635e@group-51FE514263BA:LeaderElection127 got exception when requesting votes: {}
java.util.concurrent.ExecutionException: org.apache.ratis.thirdparty.io.grpc.StatusRuntimeException: UNAVAILABLE: io exception
	at java.util.concurrent.FutureTask.report(FutureTask.java:122)
	at java.util.concurrent.FutureTask.get(FutureTask.java:192)
	at org.apache.ratis.server.impl.LeaderElection.waitForResults(LeaderElection.java:263)
	at org.apache.ratis.server.impl.LeaderElection.askForVotes(LeaderElection.java:201)
	at org.apache.ratis.server.impl.LeaderElection.run(LeaderElection.java:133)
	at java.lang.Thread.run(Thread.java:748)
Caused by: org.apache.ratis.thirdparty.io.grpc.StatusRuntimeException: UNAVAILABLE: io exception
	at org.apache.ratis.thirdparty.io.grpc.stub.ClientCalls.toStatusRuntimeException(ClientCalls.java:233)
	at org.apache.ratis.thirdparty.io.grpc.stub.ClientCalls.getUnchecked(ClientCalls.java:214)
	at org.apache.ratis.thirdparty.io.grpc.stub.ClientCalls.blockingUnaryCall(ClientCalls.java:139)
	at org.apache.ratis.proto.grpc.RaftServerProtocolServiceGrpc$RaftServerProtocolServiceBlockingStub.requestVote(RaftServerProtocolServiceGrpc.java:265)
	at org.apache.ratis.grpc.server.GrpcServerProtocolClient.requestVote(GrpcServerProtocolClient.java:90)
	at org.apache.ratis.grpc.server.GrpcService.requestVote(GrpcService.java:204)
	at org.apache.ratis.server.impl.LeaderElection.lambda$submitRequests$1(LeaderElection.java:238)
	at java.util.concurrent.FutureTask.run(FutureTask.java:266)
	at java.util.concurrent.Executors$RunnableAdapter.call(Executors.java:511)
	at java.util.concurrent.FutureTask.run(FutureTask.java:266)
	at java.util.concurrent.ThreadPoolExecutor.runWorker(ThreadPoolExecutor.java:1149)
	at java.util.concurrent.ThreadPoolExecutor$Worker.run(ThreadPoolExecutor.java:624)
	... 1 more
Caused by: org.apache.ratis.thirdparty.io.netty.channel.AbstractChannel$AnnotatedConnectException: Connection refused: /192.168.151.103:39300
	at sun.nio.ch.SocketChannelImpl.checkConnect(Native Method)
	at sun.nio.ch.SocketChannelImpl.finishConnect(SocketChannelImpl.java:717)
	at org.apache.ratis.thirdparty.io.netty.channel.socket.nio.NioSocketChannel.doFinishConnect(NioSocketChannel.java:327)
	at org.apache.ratis.thirdparty.io.netty.channel.nio.AbstractNioChannel$AbstractNioUnsafe.finishConnect(AbstractNioChannel.java:340)
	at org.apache.ratis.thirdparty.io.netty.channel.nio.NioEventLoop.processSelectedKey(NioEventLoop.java:632)
	at org.apache.ratis.thirdparty.io.netty.channel.nio.NioEventLoop.processSelectedKeysOptimized(NioEventLoop.java:579)
	at org.apache.ratis.thirdparty.io.netty.channel.nio.NioEventLoop.processSelectedKeys(NioEventLoop.java:496)
	at org.apache.ratis.thirdparty.io.netty.channel.nio.NioEventLoop.run(NioEventLoop.java:458)
	at org.apache.ratis.thirdparty.io.netty.util.concurrent.SingleThreadEventExecutor$5.run(SingleThreadEventExecutor.java:897)
	at org.apache.ratis.thirdparty.io.netty.util.concurrent.FastThreadLocalRunnable.run(FastThreadLocalRunnable.java:30)
	... 1 more
Caused by: java.net.ConnectException: Connection refused
	... 11 more
2019-09-27 09:23:44,217 [4c0a5387-3197-4e6b-9533-589fb410635e@group-51FE514263BA:LeaderElection127] INFO  impl.LeaderElection (LogUtils.java:infoOrTrace(149)) - 4c0a5387-3197-4e6b-9533-589fb410635e@group-51FE514263BA:LeaderElection127 got exception when requesting votes: {}
java.util.concurrent.ExecutionException: org.apache.ratis.thirdparty.io.grpc.StatusRuntimeException: UNAVAILABLE: io exception
	at java.util.concurrent.FutureTask.report(FutureTask.java:122)
	at java.util.concurrent.FutureTask.get(FutureTask.java:192)
	at org.apache.ratis.server.impl.LeaderElection.waitForResults(LeaderElection.java:263)
	at org.apache.ratis.server.impl.LeaderElection.askForVotes(LeaderElection.java:201)
	at org.apache.ratis.server.impl.LeaderElection.run(LeaderElection.java:133)
	at java.lang.Thread.run(Thread.java:748)
Caused by: org.apache.ratis.thirdparty.io.grpc.StatusRuntimeException: UNAVAILABLE: io exception
	at org.apache.ratis.thirdparty.io.grpc.stub.ClientCalls.toStatusRuntimeException(ClientCalls.java:233)
	at org.apache.ratis.thirdparty.io.grpc.stub.ClientCalls.getUnchecked(ClientCalls.java:214)
	at org.apache.ratis.thirdparty.io.grpc.stub.ClientCalls.blockingUnaryCall(ClientCalls.java:139)
	at org.apache.ratis.proto.grpc.RaftServerProtocolServiceGrpc$RaftServerProtocolServiceBlockingStub.requestVote(RaftServerProtocolServiceGrpc.java:265)
	at org.apache.ratis.grpc.server.GrpcServerProtocolClient.requestVote(GrpcServerProtocolClient.java:90)
	at org.apache.ratis.grpc.server.GrpcService.requestVote(GrpcService.java:204)
	at org.apache.ratis.server.impl.LeaderElection.lambda$submitRequests$1(LeaderElection.java:238)
	at java.util.concurrent.FutureTask.run(FutureTask.java:266)
	at java.util.concurrent.Executors$RunnableAdapter.call(Executors.java:511)
	at java.util.concurrent.FutureTask.run(FutureTask.java:266)
	at java.util.concurrent.ThreadPoolExecutor.runWorker(ThreadPoolExecutor.java:1149)
	at java.util.concurrent.ThreadPoolExecutor$Worker.run(ThreadPoolExecutor.java:624)
	... 1 more
Caused by: org.apache.ratis.thirdparty.io.netty.channel.AbstractChannel$AnnotatedConnectException: Connection refused: /192.168.151.103:34419
	at sun.nio.ch.SocketChannelImpl.checkConnect(Native Method)
	at sun.nio.ch.SocketChannelImpl.finishConnect(SocketChannelImpl.java:717)
	at org.apache.ratis.thirdparty.io.netty.channel.socket.nio.NioSocketChannel.doFinishConnect(NioSocketChannel.java:327)
	at org.apache.ratis.thirdparty.io.netty.channel.nio.AbstractNioChannel$AbstractNioUnsafe.finishConnect(AbstractNioChannel.java:340)
	at org.apache.ratis.thirdparty.io.netty.channel.nio.NioEventLoop.processSelectedKey(NioEventLoop.java:632)
	at org.apache.ratis.thirdparty.io.netty.channel.nio.NioEventLoop.processSelectedKeysOptimized(NioEventLoop.java:579)
	at org.apache.ratis.thirdparty.io.netty.channel.nio.NioEventLoop.processSelectedKeys(NioEventLoop.java:496)
	at org.apache.ratis.thirdparty.io.netty.channel.nio.NioEventLoop.run(NioEventLoop.java:458)
	at org.apache.ratis.thirdparty.io.netty.util.concurrent.SingleThreadEventExecutor$5.run(SingleThreadEventExecutor.java:897)
	at org.apache.ratis.thirdparty.io.netty.util.concurrent.FastThreadLocalRunnable.run(FastThreadLocalRunnable.java:30)
	... 1 more
Caused by: java.net.ConnectException: Connection refused
	... 11 more
2019-09-27 09:23:44,218 [4c0a5387-3197-4e6b-9533-589fb410635e@group-51FE514263BA:LeaderElection127] INFO  impl.LeaderElection (LeaderElection.java:logAndReturn(56)) - 4c0a5387-3197-4e6b-9533-589fb410635e@group-51FE514263BA:LeaderElection127: Election REJECTED; received 0 response(s) [] and 2 exception(s); 4c0a5387-3197-4e6b-9533-589fb410635e@group-51FE514263BA:t4, leader=null, voted=4c0a5387-3197-4e6b-9533-589fb410635e, raftlog=4c0a5387-3197-4e6b-9533-589fb410635e@group-51FE514263BA-SegmentedRaftLog:OPENED:c0,f0,i0, conf=0: [4c0a5387-3197-4e6b-9533-589fb410635e:192.168.151.103:34462, 161d0b6c-bb81-43fa-8578-505f63e7c46b:192.168.151.103:39300, e6683dc0-e787-4f77-a1bd-b29d73bfe0c0:192.168.151.103:34419], old=null
2019-09-27 09:23:44,218 [4c0a5387-3197-4e6b-9533-589fb410635e@group-51FE514263BA:LeaderElection127] INFO  impl.LeaderElection (LogUtils.java:infoOrTrace(149)) -   Exception 0: {}
java.util.concurrent.ExecutionException: org.apache.ratis.thirdparty.io.grpc.StatusRuntimeException: UNAVAILABLE: io exception
	at java.util.concurrent.FutureTask.report(FutureTask.java:122)
	at java.util.concurrent.FutureTask.get(FutureTask.java:192)
	at org.apache.ratis.server.impl.LeaderElection.waitForResults(LeaderElection.java:263)
	at org.apache.ratis.server.impl.LeaderElection.askForVotes(LeaderElection.java:201)
	at org.apache.ratis.server.impl.LeaderElection.run(LeaderElection.java:133)
	at java.lang.Thread.run(Thread.java:748)
Caused by: org.apache.ratis.thirdparty.io.grpc.StatusRuntimeException: UNAVAILABLE: io exception
	at org.apache.ratis.thirdparty.io.grpc.stub.ClientCalls.toStatusRuntimeException(ClientCalls.java:233)
	at org.apache.ratis.thirdparty.io.grpc.stub.ClientCalls.getUnchecked(ClientCalls.java:214)
	at org.apache.ratis.thirdparty.io.grpc.stub.ClientCalls.blockingUnaryCall(ClientCalls.java:139)
	at org.apache.ratis.proto.grpc.RaftServerProtocolServiceGrpc$RaftServerProtocolServiceBlockingStub.requestVote(RaftServerProtocolServiceGrpc.java:265)
	at org.apache.ratis.grpc.server.GrpcServerProtocolClient.requestVote(GrpcServerProtocolClient.java:90)
	at org.apache.ratis.grpc.server.GrpcService.requestVote(GrpcService.java:204)
	at org.apache.ratis.server.impl.LeaderElection.lambda$submitRequests$1(LeaderElection.java:238)
	at java.util.concurrent.FutureTask.run(FutureTask.java:266)
	at java.util.concurrent.Executors$RunnableAdapter.call(Executors.java:511)
	at java.util.concurrent.FutureTask.run(FutureTask.java:266)
	at java.util.concurrent.ThreadPoolExecutor.runWorker(ThreadPoolExecutor.java:1149)
	at java.util.concurrent.ThreadPoolExecutor$Worker.run(ThreadPoolExecutor.java:624)
	... 1 more
Caused by: org.apache.ratis.thirdparty.io.netty.channel.AbstractChannel$AnnotatedConnectException: Connection refused: /192.168.151.103:39300
	at sun.nio.ch.SocketChannelImpl.checkConnect(Native Method)
	at sun.nio.ch.SocketChannelImpl.finishConnect(SocketChannelImpl.java:717)
	at org.apache.ratis.thirdparty.io.netty.channel.socket.nio.NioSocketChannel.doFinishConnect(NioSocketChannel.java:327)
	at org.apache.ratis.thirdparty.io.netty.channel.nio.AbstractNioChannel$AbstractNioUnsafe.finishConnect(AbstractNioChannel.java:340)
	at org.apache.ratis.thirdparty.io.netty.channel.nio.NioEventLoop.processSelectedKey(NioEventLoop.java:632)
	at org.apache.ratis.thirdparty.io.netty.channel.nio.NioEventLoop.processSelectedKeysOptimized(NioEventLoop.java:579)
	at org.apache.ratis.thirdparty.io.netty.channel.nio.NioEventLoop.processSelectedKeys(NioEventLoop.java:496)
	at org.apache.ratis.thirdparty.io.netty.channel.nio.NioEventLoop.run(NioEventLoop.java:458)
	at org.apache.ratis.thirdparty.io.netty.util.concurrent.SingleThreadEventExecutor$5.run(SingleThreadEventExecutor.java:897)
	at org.apache.ratis.thirdparty.io.netty.util.concurrent.FastThreadLocalRunnable.run(FastThreadLocalRunnable.java:30)
	... 1 more
Caused by: java.net.ConnectException: Connection refused
	... 11 more
2019-09-27 09:23:44,218 [4c0a5387-3197-4e6b-9533-589fb410635e@group-51FE514263BA:LeaderElection127] INFO  impl.LeaderElection (LogUtils.java:infoOrTrace(149)) -   Exception 1: {}
java.util.concurrent.ExecutionException: org.apache.ratis.thirdparty.io.grpc.StatusRuntimeException: UNAVAILABLE: io exception
	at java.util.concurrent.FutureTask.report(FutureTask.java:122)
	at java.util.concurrent.FutureTask.get(FutureTask.java:192)
	at org.apache.ratis.server.impl.LeaderElection.waitForResults(LeaderElection.java:263)
	at org.apache.ratis.server.impl.LeaderElection.askForVotes(LeaderElection.java:201)
	at org.apache.ratis.server.impl.LeaderElection.run(LeaderElection.java:133)
	at java.lang.Thread.run(Thread.java:748)
Caused by: org.apache.ratis.thirdparty.io.grpc.StatusRuntimeException: UNAVAILABLE: io exception
	at org.apache.ratis.thirdparty.io.grpc.stub.ClientCalls.toStatusRuntimeException(ClientCalls.java:233)
	at org.apache.ratis.thirdparty.io.grpc.stub.ClientCalls.getUnchecked(ClientCalls.java:214)
	at org.apache.ratis.thirdparty.io.grpc.stub.ClientCalls.blockingUnaryCall(ClientCalls.java:139)
	at org.apache.ratis.proto.grpc.RaftServerProtocolServiceGrpc$RaftServerProtocolServiceBlockingStub.requestVote(RaftServerProtocolServiceGrpc.java:265)
	at org.apache.ratis.grpc.server.GrpcServerProtocolClient.requestVote(GrpcServerProtocolClient.java:90)
	at org.apache.ratis.grpc.server.GrpcService.requestVote(GrpcService.java:204)
	at org.apache.ratis.server.impl.LeaderElection.lambda$submitRequests$1(LeaderElection.java:238)
	at java.util.concurrent.FutureTask.run(FutureTask.java:266)
	at java.util.concurrent.Executors$RunnableAdapter.call(Executors.java:511)
	at java.util.concurrent.FutureTask.run(FutureTask.java:266)
	at java.util.concurrent.ThreadPoolExecutor.runWorker(ThreadPoolExecutor.java:1149)
	at java.util.concurrent.ThreadPoolExecutor$Worker.run(ThreadPoolExecutor.java:624)
	... 1 more
Caused by: org.apache.ratis.thirdparty.io.netty.channel.AbstractChannel$AnnotatedConnectException: Connection refused: /192.168.151.103:34419
	at sun.nio.ch.SocketChannelImpl.checkConnect(Native Method)
	at sun.nio.ch.SocketChannelImpl.finishConnect(SocketChannelImpl.java:717)
	at org.apache.ratis.thirdparty.io.netty.channel.socket.nio.NioSocketChannel.doFinishConnect(NioSocketChannel.java:327)
	at org.apache.ratis.thirdparty.io.netty.channel.nio.AbstractNioChannel$AbstractNioUnsafe.finishConnect(AbstractNioChannel.java:340)
	at org.apache.ratis.thirdparty.io.netty.channel.nio.NioEventLoop.processSelectedKey(NioEventLoop.java:632)
	at org.apache.ratis.thirdparty.io.netty.channel.nio.NioEventLoop.processSelectedKeysOptimized(NioEventLoop.java:579)
	at org.apache.ratis.thirdparty.io.netty.channel.nio.NioEventLoop.processSelectedKeys(NioEventLoop.java:496)
	at org.apache.ratis.thirdparty.io.netty.channel.nio.NioEventLoop.run(NioEventLoop.java:458)
	at org.apache.ratis.thirdparty.io.netty.util.concurrent.SingleThreadEventExecutor$5.run(SingleThreadEventExecutor.java:897)
	at org.apache.ratis.thirdparty.io.netty.util.concurrent.FastThreadLocalRunnable.run(FastThreadLocalRunnable.java:30)
	... 1 more
Caused by: java.net.ConnectException: Connection refused
	... 11 more
2019-09-27 09:23:44,219 [4c0a5387-3197-4e6b-9533-589fb410635e@group-51FE514263BA:LeaderElection127] INFO  impl.RaftServerImpl (RaftServerImpl.java:setRole(174)) - 4c0a5387-3197-4e6b-9533-589fb410635e@group-51FE514263BA: changes role from CANDIDATE to FOLLOWER at term 4 for DISCOVERED_A_NEW_TERM
2019-09-27 09:23:44,219 [4c0a5387-3197-4e6b-9533-589fb410635e@group-51FE514263BA:LeaderElection127] INFO  impl.RoleInfo (RoleInfo.java:shutdownLeaderElection(134)) - 4c0a5387-3197-4e6b-9533-589fb410635e: shutdown LeaderElection
2019-09-27 09:23:44,219 [4c0a5387-3197-4e6b-9533-589fb410635e@group-51FE514263BA:LeaderElection127] INFO  impl.RoleInfo (RoleInfo.java:updateAndGet(143)) - 4c0a5387-3197-4e6b-9533-589fb410635e: start FollowerState
2019-09-27 09:23:45,235 [Thread-7807] INFO  impl.FollowerState (FollowerState.java:run(106)) - 9d1fa352-1a82-481d-9d24-e29bb21dd7ac:group-BE313173F156 changes to CANDIDATE, lastRpcTime:1181, electionTimeout:1181ms
2019-09-27 09:23:45,235 [Thread-7807] INFO  impl.RoleInfo (RoleInfo.java:shutdownFollowerState(121)) - 9d1fa352-1a82-481d-9d24-e29bb21dd7ac: shutdown FollowerState
2019-09-27 09:23:45,235 [Thread-7807] INFO  impl.RaftServerImpl (RaftServerImpl.java:setRole(174)) - 9d1fa352-1a82-481d-9d24-e29bb21dd7ac@group-BE313173F156: changes role from  FOLLOWER to CANDIDATE at term 8 for changeToCandidate
2019-09-27 09:23:45,235 [Thread-7807] INFO  impl.RoleInfo (RoleInfo.java:updateAndGet(143)) - 9d1fa352-1a82-481d-9d24-e29bb21dd7ac: start LeaderElection
2019-09-27 09:23:45,249 [9d1fa352-1a82-481d-9d24-e29bb21dd7ac@group-BE313173F156:LeaderElection128] INFO  impl.LeaderElection (LeaderElection.java:askForVotes(182)) - 9d1fa352-1a82-481d-9d24-e29bb21dd7ac@group-BE313173F156:LeaderElection128: begin an election at term 9 for 0: [9d1fa352-1a82-481d-9d24-e29bb21dd7ac:192.168.151.103:33561, 545840a3-a59e-4544-b748-6e804ee187a8:192.168.151.103:38575, 69eece0b-35aa-4c3f-ae5c-22aaa3245fe4:192.168.151.103:38721], old=null
2019-09-27 09:23:45,249 [9d1fa352-1a82-481d-9d24-e29bb21dd7ac@group-BE313173F156:LeaderElection128] INFO  impl.LeaderElection (LogUtils.java:infoOrTrace(149)) - 9d1fa352-1a82-481d-9d24-e29bb21dd7ac@group-BE313173F156:LeaderElection128 got exception when requesting votes: {}
java.util.concurrent.ExecutionException: org.apache.ratis.thirdparty.io.grpc.StatusRuntimeException: UNAVAILABLE: io exception
	at java.util.concurrent.FutureTask.report(FutureTask.java:122)
	at java.util.concurrent.FutureTask.get(FutureTask.java:192)
	at org.apache.ratis.server.impl.LeaderElection.waitForResults(LeaderElection.java:263)
	at org.apache.ratis.server.impl.LeaderElection.askForVotes(LeaderElection.java:201)
	at org.apache.ratis.server.impl.LeaderElection.run(LeaderElection.java:133)
	at java.lang.Thread.run(Thread.java:748)
Caused by: org.apache.ratis.thirdparty.io.grpc.StatusRuntimeException: UNAVAILABLE: io exception
	at org.apache.ratis.thirdparty.io.grpc.stub.ClientCalls.toStatusRuntimeException(ClientCalls.java:233)
	at org.apache.ratis.thirdparty.io.grpc.stub.ClientCalls.getUnchecked(ClientCalls.java:214)
	at org.apache.ratis.thirdparty.io.grpc.stub.ClientCalls.blockingUnaryCall(ClientCalls.java:139)
	at org.apache.ratis.proto.grpc.RaftServerProtocolServiceGrpc$RaftServerProtocolServiceBlockingStub.requestVote(RaftServerProtocolServiceGrpc.java:265)
	at org.apache.ratis.grpc.server.GrpcServerProtocolClient.requestVote(GrpcServerProtocolClient.java:90)
	at org.apache.ratis.grpc.server.GrpcService.requestVote(GrpcService.java:204)
	at org.apache.ratis.server.impl.LeaderElection.lambda$submitRequests$1(LeaderElection.java:238)
	at java.util.concurrent.FutureTask.run(FutureTask.java:266)
	at java.util.concurrent.Executors$RunnableAdapter.call(Executors.java:511)
	at java.util.concurrent.FutureTask.run(FutureTask.java:266)
	at java.util.concurrent.ThreadPoolExecutor.runWorker(ThreadPoolExecutor.java:1149)
	at java.util.concurrent.ThreadPoolExecutor$Worker.run(ThreadPoolExecutor.java:624)
	... 1 more
Caused by: org.apache.ratis.thirdparty.io.netty.channel.AbstractChannel$AnnotatedConnectException: Connection refused: /192.168.151.103:38575
	at sun.nio.ch.SocketChannelImpl.checkConnect(Native Method)
	at sun.nio.ch.SocketChannelImpl.finishConnect(SocketChannelImpl.java:717)
	at org.apache.ratis.thirdparty.io.netty.channel.socket.nio.NioSocketChannel.doFinishConnect(NioSocketChannel.java:327)
	at org.apache.ratis.thirdparty.io.netty.channel.nio.AbstractNioChannel$AbstractNioUnsafe.finishConnect(AbstractNioChannel.java:340)
	at org.apache.ratis.thirdparty.io.netty.channel.nio.NioEventLoop.processSelectedKey(NioEventLoop.java:632)
	at org.apache.ratis.thirdparty.io.netty.channel.nio.NioEventLoop.processSelectedKeysOptimized(NioEventLoop.java:579)
	at org.apache.ratis.thirdparty.io.netty.channel.nio.NioEventLoop.processSelectedKeys(NioEventLoop.java:496)
	at org.apache.ratis.thirdparty.io.netty.channel.nio.NioEventLoop.run(NioEventLoop.java:458)
	at org.apache.ratis.thirdparty.io.netty.util.concurrent.SingleThreadEventExecutor$5.run(SingleThreadEventExecutor.java:897)
	at org.apache.ratis.thirdparty.io.netty.util.concurrent.FastThreadLocalRunnable.run(FastThreadLocalRunnable.java:30)
	... 1 more
Caused by: java.net.ConnectException: Connection refused
	... 11 more
2019-09-27 09:23:45,251 [9d1fa352-1a82-481d-9d24-e29bb21dd7ac@group-BE313173F156:LeaderElection128] INFO  impl.LeaderElection (LogUtils.java:infoOrTrace(149)) - 9d1fa352-1a82-481d-9d24-e29bb21dd7ac@group-BE313173F156:LeaderElection128 got exception when requesting votes: {}
java.util.concurrent.ExecutionException: org.apache.ratis.thirdparty.io.grpc.StatusRuntimeException: UNAVAILABLE: io exception
	at java.util.concurrent.FutureTask.report(FutureTask.java:122)
	at java.util.concurrent.FutureTask.get(FutureTask.java:192)
	at org.apache.ratis.server.impl.LeaderElection.waitForResults(LeaderElection.java:263)
	at org.apache.ratis.server.impl.LeaderElection.askForVotes(LeaderElection.java:201)
	at org.apache.ratis.server.impl.LeaderElection.run(LeaderElection.java:133)
	at java.lang.Thread.run(Thread.java:748)
Caused by: org.apache.ratis.thirdparty.io.grpc.StatusRuntimeException: UNAVAILABLE: io exception
	at org.apache.ratis.thirdparty.io.grpc.stub.ClientCalls.toStatusRuntimeException(ClientCalls.java:233)
	at org.apache.ratis.thirdparty.io.grpc.stub.ClientCalls.getUnchecked(ClientCalls.java:214)
	at org.apache.ratis.thirdparty.io.grpc.stub.ClientCalls.blockingUnaryCall(ClientCalls.java:139)
	at org.apache.ratis.proto.grpc.RaftServerProtocolServiceGrpc$RaftServerProtocolServiceBlockingStub.requestVote(RaftServerProtocolServiceGrpc.java:265)
	at org.apache.ratis.grpc.server.GrpcServerProtocolClient.requestVote(GrpcServerProtocolClient.java:90)
	at org.apache.ratis.grpc.server.GrpcService.requestVote(GrpcService.java:204)
	at org.apache.ratis.server.impl.LeaderElection.lambda$submitRequests$1(LeaderElection.java:238)
	at java.util.concurrent.FutureTask.run(FutureTask.java:266)
	at java.util.concurrent.Executors$RunnableAdapter.call(Executors.java:511)
	at java.util.concurrent.FutureTask.run(FutureTask.java:266)
	at java.util.concurrent.ThreadPoolExecutor.runWorker(ThreadPoolExecutor.java:1149)
	at java.util.concurrent.ThreadPoolExecutor$Worker.run(ThreadPoolExecutor.java:624)
	... 1 more
Caused by: org.apache.ratis.thirdparty.io.netty.channel.AbstractChannel$AnnotatedConnectException: Connection refused: /192.168.151.103:38721
	at sun.nio.ch.SocketChannelImpl.checkConnect(Native Method)
	at sun.nio.ch.SocketChannelImpl.finishConnect(SocketChannelImpl.java:717)
	at org.apache.ratis.thirdparty.io.netty.channel.socket.nio.NioSocketChannel.doFinishConnect(NioSocketChannel.java:327)
	at org.apache.ratis.thirdparty.io.netty.channel.nio.AbstractNioChannel$AbstractNioUnsafe.finishConnect(AbstractNioChannel.java:340)
	at org.apache.ratis.thirdparty.io.netty.channel.nio.NioEventLoop.processSelectedKey(NioEventLoop.java:632)
	at org.apache.ratis.thirdparty.io.netty.channel.nio.NioEventLoop.processSelectedKeysOptimized(NioEventLoop.java:579)
	at org.apache.ratis.thirdparty.io.netty.channel.nio.NioEventLoop.processSelectedKeys(NioEventLoop.java:496)
	at org.apache.ratis.thirdparty.io.netty.channel.nio.NioEventLoop.run(NioEventLoop.java:458)
	at org.apache.ratis.thirdparty.io.netty.util.concurrent.SingleThreadEventExecutor$5.run(SingleThreadEventExecutor.java:897)
	at org.apache.ratis.thirdparty.io.netty.util.concurrent.FastThreadLocalRunnable.run(FastThreadLocalRunnable.java:30)
	... 1 more
Caused by: java.net.ConnectException: Connection refused
	... 11 more
2019-09-27 09:23:45,255 [9d1fa352-1a82-481d-9d24-e29bb21dd7ac@group-BE313173F156:LeaderElection128] INFO  impl.LeaderElection (LeaderElection.java:logAndReturn(56)) - 9d1fa352-1a82-481d-9d24-e29bb21dd7ac@group-BE313173F156:LeaderElection128: Election REJECTED; received 0 response(s) [] and 2 exception(s); 9d1fa352-1a82-481d-9d24-e29bb21dd7ac@group-BE313173F156:t9, leader=null, voted=9d1fa352-1a82-481d-9d24-e29bb21dd7ac, raftlog=9d1fa352-1a82-481d-9d24-e29bb21dd7ac@group-BE313173F156-SegmentedRaftLog:OPENED:c0,f0,i0, conf=0: [9d1fa352-1a82-481d-9d24-e29bb21dd7ac:192.168.151.103:33561, 545840a3-a59e-4544-b748-6e804ee187a8:192.168.151.103:38575, 69eece0b-35aa-4c3f-ae5c-22aaa3245fe4:192.168.151.103:38721], old=null
2019-09-27 09:23:45,255 [9d1fa352-1a82-481d-9d24-e29bb21dd7ac@group-BE313173F156:LeaderElection128] INFO  impl.LeaderElection (LogUtils.java:infoOrTrace(149)) -   Exception 0: {}
java.util.concurrent.ExecutionException: org.apache.ratis.thirdparty.io.grpc.StatusRuntimeException: UNAVAILABLE: io exception
	at java.util.concurrent.FutureTask.report(FutureTask.java:122)
	at java.util.concurrent.FutureTask.get(FutureTask.java:192)
	at org.apache.ratis.server.impl.LeaderElection.waitForResults(LeaderElection.java:263)
	at org.apache.ratis.server.impl.LeaderElection.askForVotes(LeaderElection.java:201)
	at org.apache.ratis.server.impl.LeaderElection.run(LeaderElection.java:133)
	at java.lang.Thread.run(Thread.java:748)
Caused by: org.apache.ratis.thirdparty.io.grpc.StatusRuntimeException: UNAVAILABLE: io exception
	at org.apache.ratis.thirdparty.io.grpc.stub.ClientCalls.toStatusRuntimeException(ClientCalls.java:233)
	at org.apache.ratis.thirdparty.io.grpc.stub.ClientCalls.getUnchecked(ClientCalls.java:214)
	at org.apache.ratis.thirdparty.io.grpc.stub.ClientCalls.blockingUnaryCall(ClientCalls.java:139)
	at org.apache.ratis.proto.grpc.RaftServerProtocolServiceGrpc$RaftServerProtocolServiceBlockingStub.requestVote(RaftServerProtocolServiceGrpc.java:265)
	at org.apache.ratis.grpc.server.GrpcServerProtocolClient.requestVote(GrpcServerProtocolClient.java:90)
	at org.apache.ratis.grpc.server.GrpcService.requestVote(GrpcService.java:204)
	at org.apache.ratis.server.impl.LeaderElection.lambda$submitRequests$1(LeaderElection.java:238)
	at java.util.concurrent.FutureTask.run(FutureTask.java:266)
	at java.util.concurrent.Executors$RunnableAdapter.call(Executors.java:511)
	at java.util.concurrent.FutureTask.run(FutureTask.java:266)
	at java.util.concurrent.ThreadPoolExecutor.runWorker(ThreadPoolExecutor.java:1149)
	at java.util.concurrent.ThreadPoolExecutor$Worker.run(ThreadPoolExecutor.java:624)
	... 1 more
Caused by: org.apache.ratis.thirdparty.io.netty.channel.AbstractChannel$AnnotatedConnectException: Connection refused: /192.168.151.103:38575
	at sun.nio.ch.SocketChannelImpl.checkConnect(Native Method)
	at sun.nio.ch.SocketChannelImpl.finishConnect(SocketChannelImpl.java:717)
	at org.apache.ratis.thirdparty.io.netty.channel.socket.nio.NioSocketChannel.doFinishConnect(NioSocketChannel.java:327)
	at org.apache.ratis.thirdparty.io.netty.channel.nio.AbstractNioChannel$AbstractNioUnsafe.finishConnect(AbstractNioChannel.java:340)
	at org.apache.ratis.thirdparty.io.netty.channel.nio.NioEventLoop.processSelectedKey(NioEventLoop.java:632)
	at org.apache.ratis.thirdparty.io.netty.channel.nio.NioEventLoop.processSelectedKeysOptimized(NioEventLoop.java:579)
	at org.apache.ratis.thirdparty.io.netty.channel.nio.NioEventLoop.processSelectedKeys(NioEventLoop.java:496)
	at org.apache.ratis.thirdparty.io.netty.channel.nio.NioEventLoop.run(NioEventLoop.java:458)
	at org.apache.ratis.thirdparty.io.netty.util.concurrent.SingleThreadEventExecutor$5.run(SingleThreadEventExecutor.java:897)
	at org.apache.ratis.thirdparty.io.netty.util.concurrent.FastThreadLocalRunnable.run(FastThreadLocalRunnable.java:30)
	... 1 more
Caused by: java.net.ConnectException: Connection refused
	... 11 more
2019-09-27 09:23:45,255 [9d1fa352-1a82-481d-9d24-e29bb21dd7ac@group-BE313173F156:LeaderElection128] INFO  impl.LeaderElection (LogUtils.java:infoOrTrace(149)) -   Exception 1: {}
java.util.concurrent.ExecutionException: org.apache.ratis.thirdparty.io.grpc.StatusRuntimeException: UNAVAILABLE: io exception
	at java.util.concurrent.FutureTask.report(FutureTask.java:122)
	at java.util.concurrent.FutureTask.get(FutureTask.java:192)
	at org.apache.ratis.server.impl.LeaderElection.waitForResults(LeaderElection.java:263)
	at org.apache.ratis.server.impl.LeaderElection.askForVotes(LeaderElection.java:201)
	at org.apache.ratis.server.impl.LeaderElection.run(LeaderElection.java:133)
	at java.lang.Thread.run(Thread.java:748)
Caused by: org.apache.ratis.thirdparty.io.grpc.StatusRuntimeException: UNAVAILABLE: io exception
	at org.apache.ratis.thirdparty.io.grpc.stub.ClientCalls.toStatusRuntimeException(ClientCalls.java:233)
	at org.apache.ratis.thirdparty.io.grpc.stub.ClientCalls.getUnchecked(ClientCalls.java:214)
	at org.apache.ratis.thirdparty.io.grpc.stub.ClientCalls.blockingUnaryCall(ClientCalls.java:139)
	at org.apache.ratis.proto.grpc.RaftServerProtocolServiceGrpc$RaftServerProtocolServiceBlockingStub.requestVote(RaftServerProtocolServiceGrpc.java:265)
	at org.apache.ratis.grpc.server.GrpcServerProtocolClient.requestVote(GrpcServerProtocolClient.java:90)
	at org.apache.ratis.grpc.server.GrpcService.requestVote(GrpcService.java:204)
	at org.apache.ratis.server.impl.LeaderElection.lambda$submitRequests$1(LeaderElection.java:238)
	at java.util.concurrent.FutureTask.run(FutureTask.java:266)
	at java.util.concurrent.Executors$RunnableAdapter.call(Executors.java:511)
	at java.util.concurrent.FutureTask.run(FutureTask.java:266)
	at java.util.concurrent.ThreadPoolExecutor.runWorker(ThreadPoolExecutor.java:1149)
	at java.util.concurrent.ThreadPoolExecutor$Worker.run(ThreadPoolExecutor.java:624)
	... 1 more
Caused by: org.apache.ratis.thirdparty.io.netty.channel.AbstractChannel$AnnotatedConnectException: Connection refused: /192.168.151.103:38721
	at sun.nio.ch.SocketChannelImpl.checkConnect(Native Method)
	at sun.nio.ch.SocketChannelImpl.finishConnect(SocketChannelImpl.java:717)
	at org.apache.ratis.thirdparty.io.netty.channel.socket.nio.NioSocketChannel.doFinishConnect(NioSocketChannel.java:327)
	at org.apache.ratis.thirdparty.io.netty.channel.nio.AbstractNioChannel$AbstractNioUnsafe.finishConnect(AbstractNioChannel.java:340)
	at org.apache.ratis.thirdparty.io.netty.channel.nio.NioEventLoop.processSelectedKey(NioEventLoop.java:632)
	at org.apache.ratis.thirdparty.io.netty.channel.nio.NioEventLoop.processSelectedKeysOptimized(NioEventLoop.java:579)
	at org.apache.ratis.thirdparty.io.netty.channel.nio.NioEventLoop.processSelectedKeys(NioEventLoop.java:496)
	at org.apache.ratis.thirdparty.io.netty.channel.nio.NioEventLoop.run(NioEventLoop.java:458)
	at org.apache.ratis.thirdparty.io.netty.util.concurrent.SingleThreadEventExecutor$5.run(SingleThreadEventExecutor.java:897)
	at org.apache.ratis.thirdparty.io.netty.util.concurrent.FastThreadLocalRunnable.run(FastThreadLocalRunnable.java:30)
	... 1 more
Caused by: java.net.ConnectException: Connection refused
	... 11 more
2019-09-27 09:23:45,255 [9d1fa352-1a82-481d-9d24-e29bb21dd7ac@group-BE313173F156:LeaderElection128] INFO  impl.RaftServerImpl (RaftServerImpl.java:setRole(174)) - 9d1fa352-1a82-481d-9d24-e29bb21dd7ac@group-BE313173F156: changes role from CANDIDATE to FOLLOWER at term 9 for DISCOVERED_A_NEW_TERM
2019-09-27 09:23:45,255 [9d1fa352-1a82-481d-9d24-e29bb21dd7ac@group-BE313173F156:LeaderElection128] INFO  impl.RoleInfo (RoleInfo.java:shutdownLeaderElection(134)) - 9d1fa352-1a82-481d-9d24-e29bb21dd7ac: shutdown LeaderElection
2019-09-27 09:23:45,255 [9d1fa352-1a82-481d-9d24-e29bb21dd7ac@group-BE313173F156:LeaderElection128] INFO  impl.RoleInfo (RoleInfo.java:updateAndGet(143)) - 9d1fa352-1a82-481d-9d24-e29bb21dd7ac: start FollowerState
2019-09-27 09:23:45,349 [Thread-7811] INFO  impl.FollowerState (FollowerState.java:run(106)) - 4c0a5387-3197-4e6b-9533-589fb410635e:group-51FE514263BA changes to CANDIDATE, lastRpcTime:1130, electionTimeout:1130ms
2019-09-27 09:23:45,349 [Thread-7811] INFO  impl.RoleInfo (RoleInfo.java:shutdownFollowerState(121)) - 4c0a5387-3197-4e6b-9533-589fb410635e: shutdown FollowerState
2019-09-27 09:23:45,349 [Thread-7811] INFO  impl.RaftServerImpl (RaftServerImpl.java:setRole(174)) - 4c0a5387-3197-4e6b-9533-589fb410635e@group-51FE514263BA: changes role from  FOLLOWER to CANDIDATE at term 4 for changeToCandidate
2019-09-27 09:23:45,349 [Thread-7811] INFO  impl.RoleInfo (RoleInfo.java:updateAndGet(143)) - 4c0a5387-3197-4e6b-9533-589fb410635e: start LeaderElection
2019-09-27 09:23:45,363 [4c0a5387-3197-4e6b-9533-589fb410635e@group-51FE514263BA:LeaderElection129] INFO  impl.LeaderElection (LeaderElection.java:askForVotes(182)) - 4c0a5387-3197-4e6b-9533-589fb410635e@group-51FE514263BA:LeaderElection129: begin an election at term 5 for 0: [4c0a5387-3197-4e6b-9533-589fb410635e:192.168.151.103:34462, 161d0b6c-bb81-43fa-8578-505f63e7c46b:192.168.151.103:39300, e6683dc0-e787-4f77-a1bd-b29d73bfe0c0:192.168.151.103:34419], old=null
2019-09-27 09:23:45,363 [4c0a5387-3197-4e6b-9533-589fb410635e@group-51FE514263BA:LeaderElection129] INFO  impl.LeaderElection (LogUtils.java:infoOrTrace(149)) - 4c0a5387-3197-4e6b-9533-589fb410635e@group-51FE514263BA:LeaderElection129 got exception when requesting votes: {}
java.util.concurrent.ExecutionException: org.apache.ratis.thirdparty.io.grpc.StatusRuntimeException: UNAVAILABLE: io exception
	at java.util.concurrent.FutureTask.report(FutureTask.java:122)
	at java.util.concurrent.FutureTask.get(FutureTask.java:192)
	at org.apache.ratis.server.impl.LeaderElection.waitForResults(LeaderElection.java:263)
	at org.apache.ratis.server.impl.LeaderElection.askForVotes(LeaderElection.java:201)
	at org.apache.ratis.server.impl.LeaderElection.run(LeaderElection.java:133)
	at java.lang.Thread.run(Thread.java:748)
Caused by: org.apache.ratis.thirdparty.io.grpc.StatusRuntimeException: UNAVAILABLE: io exception
	at org.apache.ratis.thirdparty.io.grpc.stub.ClientCalls.toStatusRuntimeException(ClientCalls.java:233)
	at org.apache.ratis.thirdparty.io.grpc.stub.ClientCalls.getUnchecked(ClientCalls.java:214)
	at org.apache.ratis.thirdparty.io.grpc.stub.ClientCalls.blockingUnaryCall(ClientCalls.java:139)
	at org.apache.ratis.proto.grpc.RaftServerProtocolServiceGrpc$RaftServerProtocolServiceBlockingStub.requestVote(RaftServerProtocolServiceGrpc.java:265)
	at org.apache.ratis.grpc.server.GrpcServerProtocolClient.requestVote(GrpcServerProtocolClient.java:90)
	at org.apache.ratis.grpc.server.GrpcService.requestVote(GrpcService.java:204)
	at org.apache.ratis.server.impl.LeaderElection.lambda$submitRequests$1(LeaderElection.java:238)
	at java.util.concurrent.FutureTask.run(FutureTask.java:266)
	at java.util.concurrent.Executors$RunnableAdapter.call(Executors.java:511)
	at java.util.concurrent.FutureTask.run(FutureTask.java:266)
	at java.util.concurrent.ThreadPoolExecutor.runWorker(ThreadPoolExecutor.java:1149)
	at java.util.concurrent.ThreadPoolExecutor$Worker.run(ThreadPoolExecutor.java:624)
	... 1 more
Caused by: org.apache.ratis.thirdparty.io.netty.channel.AbstractChannel$AnnotatedConnectException: Connection refused: /192.168.151.103:39300
	at sun.nio.ch.SocketChannelImpl.checkConnect(Native Method)
	at sun.nio.ch.SocketChannelImpl.finishConnect(SocketChannelImpl.java:717)
	at org.apache.ratis.thirdparty.io.netty.channel.socket.nio.NioSocketChannel.doFinishConnect(NioSocketChannel.java:327)
	at org.apache.ratis.thirdparty.io.netty.channel.nio.AbstractNioChannel$AbstractNioUnsafe.finishConnect(AbstractNioChannel.java:340)
	at org.apache.ratis.thirdparty.io.netty.channel.nio.NioEventLoop.processSelectedKey(NioEventLoop.java:632)
	at org.apache.ratis.thirdparty.io.netty.channel.nio.NioEventLoop.processSelectedKeysOptimized(NioEventLoop.java:579)
	at org.apache.ratis.thirdparty.io.netty.channel.nio.NioEventLoop.processSelectedKeys(NioEventLoop.java:496)
	at org.apache.ratis.thirdparty.io.netty.channel.nio.NioEventLoop.run(NioEventLoop.java:458)
	at org.apache.ratis.thirdparty.io.netty.util.concurrent.SingleThreadEventExecutor$5.run(SingleThreadEventExecutor.java:897)
	at org.apache.ratis.thirdparty.io.netty.util.concurrent.FastThreadLocalRunnable.run(FastThreadLocalRunnable.java:30)
	... 1 more
Caused by: java.net.ConnectException: Connection refused
	... 11 more
2019-09-27 09:23:45,364 [4c0a5387-3197-4e6b-9533-589fb410635e@group-51FE514263BA:LeaderElection129] INFO  impl.LeaderElection (LogUtils.java:infoOrTrace(149)) - 4c0a5387-3197-4e6b-9533-589fb410635e@group-51FE514263BA:LeaderElection129 got exception when requesting votes: {}
java.util.concurrent.ExecutionException: org.apache.ratis.thirdparty.io.grpc.StatusRuntimeException: UNAVAILABLE: io exception
	at java.util.concurrent.FutureTask.report(FutureTask.java:122)
	at java.util.concurrent.FutureTask.get(FutureTask.java:192)
	at org.apache.ratis.server.impl.LeaderElection.waitForResults(LeaderElection.java:263)
	at org.apache.ratis.server.impl.LeaderElection.askForVotes(LeaderElection.java:201)
	at org.apache.ratis.server.impl.LeaderElection.run(LeaderElection.java:133)
	at java.lang.Thread.run(Thread.java:748)
Caused by: org.apache.ratis.thirdparty.io.grpc.StatusRuntimeException: UNAVAILABLE: io exception
	at org.apache.ratis.thirdparty.io.grpc.stub.ClientCalls.toStatusRuntimeException(ClientCalls.java:233)
	at org.apache.ratis.thirdparty.io.grpc.stub.ClientCalls.getUnchecked(ClientCalls.java:214)
	at org.apache.ratis.thirdparty.io.grpc.stub.ClientCalls.blockingUnaryCall(ClientCalls.java:139)
	at org.apache.ratis.proto.grpc.RaftServerProtocolServiceGrpc$RaftServerProtocolServiceBlockingStub.requestVote(RaftServerProtocolServiceGrpc.java:265)
	at org.apache.ratis.grpc.server.GrpcServerProtocolClient.requestVote(GrpcServerProtocolClient.java:90)
	at org.apache.ratis.grpc.server.GrpcService.requestVote(GrpcService.java:204)
	at org.apache.ratis.server.impl.LeaderElection.lambda$submitRequests$1(LeaderElection.java:238)
	at java.util.concurrent.FutureTask.run(FutureTask.java:266)
	at java.util.concurrent.Executors$RunnableAdapter.call(Executors.java:511)
	at java.util.concurrent.FutureTask.run(FutureTask.java:266)
	at java.util.concurrent.ThreadPoolExecutor.runWorker(ThreadPoolExecutor.java:1149)
	at java.util.concurrent.ThreadPoolExecutor$Worker.run(ThreadPoolExecutor.java:624)
	... 1 more
Caused by: org.apache.ratis.thirdparty.io.netty.channel.AbstractChannel$AnnotatedConnectException: Connection refused: /192.168.151.103:34419
	at sun.nio.ch.SocketChannelImpl.checkConnect(Native Method)
	at sun.nio.ch.SocketChannelImpl.finishConnect(SocketChannelImpl.java:717)
	at org.apache.ratis.thirdparty.io.netty.channel.socket.nio.NioSocketChannel.doFinishConnect(NioSocketChannel.java:327)
	at org.apache.ratis.thirdparty.io.netty.channel.nio.AbstractNioChannel$AbstractNioUnsafe.finishConnect(AbstractNioChannel.java:340)
	at org.apache.ratis.thirdparty.io.netty.channel.nio.NioEventLoop.processSelectedKey(NioEventLoop.java:632)
	at org.apache.ratis.thirdparty.io.netty.channel.nio.NioEventLoop.processSelectedKeysOptimized(NioEventLoop.java:579)
	at org.apache.ratis.thirdparty.io.netty.channel.nio.NioEventLoop.processSelectedKeys(NioEventLoop.java:496)
	at org.apache.ratis.thirdparty.io.netty.channel.nio.NioEventLoop.run(NioEventLoop.java:458)
	at org.apache.ratis.thirdparty.io.netty.util.concurrent.SingleThreadEventExecutor$5.run(SingleThreadEventExecutor.java:897)
	at org.apache.ratis.thirdparty.io.netty.util.concurrent.FastThreadLocalRunnable.run(FastThreadLocalRunnable.java:30)
	... 1 more
Caused by: java.net.ConnectException: Connection refused
	... 11 more
2019-09-27 09:23:45,364 [4c0a5387-3197-4e6b-9533-589fb410635e@group-51FE514263BA:LeaderElection129] INFO  impl.LeaderElection (LeaderElection.java:logAndReturn(56)) - 4c0a5387-3197-4e6b-9533-589fb410635e@group-51FE514263BA:LeaderElection129: Election REJECTED; received 0 response(s) [] and 2 exception(s); 4c0a5387-3197-4e6b-9533-589fb410635e@group-51FE514263BA:t5, leader=null, voted=4c0a5387-3197-4e6b-9533-589fb410635e, raftlog=4c0a5387-3197-4e6b-9533-589fb410635e@group-51FE514263BA-SegmentedRaftLog:OPENED:c0,f0,i0, conf=0: [4c0a5387-3197-4e6b-9533-589fb410635e:192.168.151.103:34462, 161d0b6c-bb81-43fa-8578-505f63e7c46b:192.168.151.103:39300, e6683dc0-e787-4f77-a1bd-b29d73bfe0c0:192.168.151.103:34419], old=null
2019-09-27 09:23:45,364 [4c0a5387-3197-4e6b-9533-589fb410635e@group-51FE514263BA:LeaderElection129] INFO  impl.LeaderElection (LogUtils.java:infoOrTrace(149)) -   Exception 0: {}
java.util.concurrent.ExecutionException: org.apache.ratis.thirdparty.io.grpc.StatusRuntimeException: UNAVAILABLE: io exception
	at java.util.concurrent.FutureTask.report(FutureTask.java:122)
	at java.util.concurrent.FutureTask.get(FutureTask.java:192)
	at org.apache.ratis.server.impl.LeaderElection.waitForResults(LeaderElection.java:263)
	at org.apache.ratis.server.impl.LeaderElection.askForVotes(LeaderElection.java:201)
	at org.apache.ratis.server.impl.LeaderElection.run(LeaderElection.java:133)
	at java.lang.Thread.run(Thread.java:748)
Caused by: org.apache.ratis.thirdparty.io.grpc.StatusRuntimeException: UNAVAILABLE: io exception
	at org.apache.ratis.thirdparty.io.grpc.stub.ClientCalls.toStatusRuntimeException(ClientCalls.java:233)
	at org.apache.ratis.thirdparty.io.grpc.stub.ClientCalls.getUnchecked(ClientCalls.java:214)
	at org.apache.ratis.thirdparty.io.grpc.stub.ClientCalls.blockingUnaryCall(ClientCalls.java:139)
	at org.apache.ratis.proto.grpc.RaftServerProtocolServiceGrpc$RaftServerProtocolServiceBlockingStub.requestVote(RaftServerProtocolServiceGrpc.java:265)
	at org.apache.ratis.grpc.server.GrpcServerProtocolClient.requestVote(GrpcServerProtocolClient.java:90)
	at org.apache.ratis.grpc.server.GrpcService.requestVote(GrpcService.java:204)
	at org.apache.ratis.server.impl.LeaderElection.lambda$submitRequests$1(LeaderElection.java:238)
	at java.util.concurrent.FutureTask.run(FutureTask.java:266)
	at java.util.concurrent.Executors$RunnableAdapter.call(Executors.java:511)
	at java.util.concurrent.FutureTask.run(FutureTask.java:266)
	at java.util.concurrent.ThreadPoolExecutor.runWorker(ThreadPoolExecutor.java:1149)
	at java.util.concurrent.ThreadPoolExecutor$Worker.run(ThreadPoolExecutor.java:624)
	... 1 more
Caused by: org.apache.ratis.thirdparty.io.netty.channel.AbstractChannel$AnnotatedConnectException: Connection refused: /192.168.151.103:39300
	at sun.nio.ch.SocketChannelImpl.checkConnect(Native Method)
	at sun.nio.ch.SocketChannelImpl.finishConnect(SocketChannelImpl.java:717)
	at org.apache.ratis.thirdparty.io.netty.channel.socket.nio.NioSocketChannel.doFinishConnect(NioSocketChannel.java:327)
	at org.apache.ratis.thirdparty.io.netty.channel.nio.AbstractNioChannel$AbstractNioUnsafe.finishConnect(AbstractNioChannel.java:340)
	at org.apache.ratis.thirdparty.io.netty.channel.nio.NioEventLoop.processSelectedKey(NioEventLoop.java:632)
	at org.apache.ratis.thirdparty.io.netty.channel.nio.NioEventLoop.processSelectedKeysOptimized(NioEventLoop.java:579)
	at org.apache.ratis.thirdparty.io.netty.channel.nio.NioEventLoop.processSelectedKeys(NioEventLoop.java:496)
	at org.apache.ratis.thirdparty.io.netty.channel.nio.NioEventLoop.run(NioEventLoop.java:458)
	at org.apache.ratis.thirdparty.io.netty.util.concurrent.SingleThreadEventExecutor$5.run(SingleThreadEventExecutor.java:897)
	at org.apache.ratis.thirdparty.io.netty.util.concurrent.FastThreadLocalRunnable.run(FastThreadLocalRunnable.java:30)
	... 1 more
Caused by: java.net.ConnectException: Connection refused
	... 11 more
2019-09-27 09:23:45,364 [4c0a5387-3197-4e6b-9533-589fb410635e@group-51FE514263BA:LeaderElection129] INFO  impl.LeaderElection (LogUtils.java:infoOrTrace(149)) -   Exception 1: {}
java.util.concurrent.ExecutionException: org.apache.ratis.thirdparty.io.grpc.StatusRuntimeException: UNAVAILABLE: io exception
	at java.util.concurrent.FutureTask.report(FutureTask.java:122)
	at java.util.concurrent.FutureTask.get(FutureTask.java:192)
	at org.apache.ratis.server.impl.LeaderElection.waitForResults(LeaderElection.java:263)
	at org.apache.ratis.server.impl.LeaderElection.askForVotes(LeaderElection.java:201)
	at org.apache.ratis.server.impl.LeaderElection.run(LeaderElection.java:133)
	at java.lang.Thread.run(Thread.java:748)
Caused by: org.apache.ratis.thirdparty.io.grpc.StatusRuntimeException: UNAVAILABLE: io exception
	at org.apache.ratis.thirdparty.io.grpc.stub.ClientCalls.toStatusRuntimeException(ClientCalls.java:233)
	at org.apache.ratis.thirdparty.io.grpc.stub.ClientCalls.getUnchecked(ClientCalls.java:214)
	at org.apache.ratis.thirdparty.io.grpc.stub.ClientCalls.blockingUnaryCall(ClientCalls.java:139)
	at org.apache.ratis.proto.grpc.RaftServerProtocolServiceGrpc$RaftServerProtocolServiceBlockingStub.requestVote(RaftServerProtocolServiceGrpc.java:265)
	at org.apache.ratis.grpc.server.GrpcServerProtocolClient.requestVote(GrpcServerProtocolClient.java:90)
	at org.apache.ratis.grpc.server.GrpcService.requestVote(GrpcService.java:204)
	at org.apache.ratis.server.impl.LeaderElection.lambda$submitRequests$1(LeaderElection.java:238)
	at java.util.concurrent.FutureTask.run(FutureTask.java:266)
	at java.util.concurrent.Executors$RunnableAdapter.call(Executors.java:511)
	at java.util.concurrent.FutureTask.run(FutureTask.java:266)
	at java.util.concurrent.ThreadPoolExecutor.runWorker(ThreadPoolExecutor.java:1149)
	at java.util.concurrent.ThreadPoolExecutor$Worker.run(ThreadPoolExecutor.java:624)
	... 1 more
Caused by: org.apache.ratis.thirdparty.io.netty.channel.AbstractChannel$AnnotatedConnectException: Connection refused: /192.168.151.103:34419
	at sun.nio.ch.SocketChannelImpl.checkConnect(Native Method)
	at sun.nio.ch.SocketChannelImpl.finishConnect(SocketChannelImpl.java:717)
	at org.apache.ratis.thirdparty.io.netty.channel.socket.nio.NioSocketChannel.doFinishConnect(NioSocketChannel.java:327)
	at org.apache.ratis.thirdparty.io.netty.channel.nio.AbstractNioChannel$AbstractNioUnsafe.finishConnect(AbstractNioChannel.java:340)
	at org.apache.ratis.thirdparty.io.netty.channel.nio.NioEventLoop.processSelectedKey(NioEventLoop.java:632)
	at org.apache.ratis.thirdparty.io.netty.channel.nio.NioEventLoop.processSelectedKeysOptimized(NioEventLoop.java:579)
	at org.apache.ratis.thirdparty.io.netty.channel.nio.NioEventLoop.processSelectedKeys(NioEventLoop.java:496)
	at org.apache.ratis.thirdparty.io.netty.channel.nio.NioEventLoop.run(NioEventLoop.java:458)
	at org.apache.ratis.thirdparty.io.netty.util.concurrent.SingleThreadEventExecutor$5.run(SingleThreadEventExecutor.java:897)
	at org.apache.ratis.thirdparty.io.netty.util.concurrent.FastThreadLocalRunnable.run(FastThreadLocalRunnable.java:30)
	... 1 more
Caused by: java.net.ConnectException: Connection refused
	... 11 more
2019-09-27 09:23:45,365 [4c0a5387-3197-4e6b-9533-589fb410635e@group-51FE514263BA:LeaderElection129] INFO  impl.RaftServerImpl (RaftServerImpl.java:setRole(174)) - 4c0a5387-3197-4e6b-9533-589fb410635e@group-51FE514263BA: changes role from CANDIDATE to FOLLOWER at term 5 for DISCOVERED_A_NEW_TERM
2019-09-27 09:23:45,365 [4c0a5387-3197-4e6b-9533-589fb410635e@group-51FE514263BA:LeaderElection129] INFO  impl.RoleInfo (RoleInfo.java:shutdownLeaderElection(134)) - 4c0a5387-3197-4e6b-9533-589fb410635e: shutdown LeaderElection
2019-09-27 09:23:45,365 [4c0a5387-3197-4e6b-9533-589fb410635e@group-51FE514263BA:LeaderElection129] INFO  impl.RoleInfo (RoleInfo.java:updateAndGet(143)) - 4c0a5387-3197-4e6b-9533-589fb410635e: start FollowerState
2019-09-27 09:23:46,043 [main] INFO  ozoneimpl.OzoneContainer (OzoneContainer.java:stop(231)) - Attempting to stop container services.
2019-09-27 09:23:46,043 [main] INFO  impl.RaftServerProxy (RaftServerProxy.java:lambda$close$4(314)) - 4c0a5387-3197-4e6b-9533-589fb410635e: close
2019-09-27 09:23:46,043 [main] INFO  impl.RaftServerImpl (RaftServerImpl.java:lambda$shutdown$3(251)) - 4c0a5387-3197-4e6b-9533-589fb410635e@group-7D1F36F98E41: shutdown
2019-09-27 09:23:46,044 [main] INFO  util.JmxRegister (JmxRegister.java:unregister(73)) - Successfully un-registered JMX Bean with object name Ratis:service=RaftServer,group=group-7D1F36F98E41,id=4c0a5387-3197-4e6b-9533-589fb410635e
2019-09-27 09:23:46,044 [main] INFO  impl.RoleInfo (RoleInfo.java:shutdownLeaderState(104)) - 4c0a5387-3197-4e6b-9533-589fb410635e: shutdown LeaderState
2019-09-27 09:23:46,044 [main] INFO  impl.PendingRequests (PendingRequests.java:sendNotLeaderResponses(202)) - 4c0a5387-3197-4e6b-9533-589fb410635e-PendingRequests: sendNotLeaderResponses
2019-09-27 09:23:46,045 [main] INFO  impl.StateMachineUpdater (StateMachineUpdater.java:stopAndJoin(125)) - 4c0a5387-3197-4e6b-9533-589fb410635e@group-7D1F36F98E41-StateMachineUpdater: set stopIndex = 0
2019-09-27 09:23:46,045 [main] INFO  impl.RaftServerImpl (ServerState.java:close(385)) - 4c0a5387-3197-4e6b-9533-589fb410635e@group-7D1F36F98E41: closes. applyIndex: 0
2019-09-27 09:23:46,045 [4c0a5387-3197-4e6b-9533-589fb410635e@group-7D1F36F98E41-SegmentedRaftLogWorker] INFO  segmented.SegmentedRaftLogWorker (SegmentedRaftLogWorker.java:run(313)) - 4c0a5387-3197-4e6b-9533-589fb410635e@group-7D1F36F98E41-SegmentedRaftLogWorker was interrupted, exiting. There are 0 tasks remaining in the queue.
2019-09-27 09:23:46,045 [main] INFO  segmented.SegmentedRaftLogWorker (SegmentedRaftLogWorker.java:close(228)) - 4c0a5387-3197-4e6b-9533-589fb410635e@group-7D1F36F98E41-SegmentedRaftLogWorker close()
2019-09-27 09:23:46,046 [main] INFO  impl.RaftServerImpl (RaftServerImpl.java:lambda$shutdown$3(251)) - 4c0a5387-3197-4e6b-9533-589fb410635e@group-51FE514263BA: shutdown
2019-09-27 09:23:46,046 [main] INFO  util.JmxRegister (JmxRegister.java:unregister(73)) - Successfully un-registered JMX Bean with object name Ratis:service=RaftServer,group=group-51FE514263BA,id=4c0a5387-3197-4e6b-9533-589fb410635e
2019-09-27 09:23:46,046 [main] INFO  impl.RoleInfo (RoleInfo.java:shutdownFollowerState(121)) - 4c0a5387-3197-4e6b-9533-589fb410635e: shutdown FollowerState
2019-09-27 09:23:46,047 [main] INFO  impl.StateMachineUpdater (StateMachineUpdater.java:stopAndJoin(125)) - 4c0a5387-3197-4e6b-9533-589fb410635e@group-51FE514263BA-StateMachineUpdater: set stopIndex = 0
2019-09-27 09:23:46,047 [Thread-7819] INFO  impl.FollowerState (FollowerState.java:run(115)) - 4c0a5387-3197-4e6b-9533-589fb410635e: FollowerState was interrupted: java.lang.InterruptedException: sleep interrupted
2019-09-27 09:23:46,047 [main] INFO  impl.RaftServerImpl (ServerState.java:close(385)) - 4c0a5387-3197-4e6b-9533-589fb410635e@group-51FE514263BA: closes. applyIndex: 0
2019-09-27 09:23:46,047 [4c0a5387-3197-4e6b-9533-589fb410635e@group-51FE514263BA-SegmentedRaftLogWorker] INFO  segmented.SegmentedRaftLogWorker (SegmentedRaftLogWorker.java:run(313)) - 4c0a5387-3197-4e6b-9533-589fb410635e@group-51FE514263BA-SegmentedRaftLogWorker was interrupted, exiting. There are 0 tasks remaining in the queue.
2019-09-27 09:23:46,047 [main] INFO  segmented.SegmentedRaftLogWorker (SegmentedRaftLogWorker.java:close(228)) - 4c0a5387-3197-4e6b-9533-589fb410635e@group-51FE514263BA-SegmentedRaftLogWorker close()
2019-09-27 09:23:46,048 [main] INFO  server.GrpcService (GrpcService.java:closeImpl(164)) - 4c0a5387-3197-4e6b-9533-589fb410635e: shutdown server with port 34462 now
2019-09-27 09:23:46,050 [main] INFO  server.GrpcService (GrpcService.java:closeImpl(172)) - 4c0a5387-3197-4e6b-9533-589fb410635e: shutdown server with port 34462 successfully
2019-09-27 09:23:46,052 [refreshUsed-/workdir/hadoop-ozone/integration-test/target/test-dir/MiniOzoneClusterImpl-68e31327-6f0a-47ff-9789-fe3f4972a3d5/datanode-7/data/containers] WARN  fs.CachingGetSpaceUsed (CachingGetSpaceUsed.java:run(183)) - Thread Interrupted waiting to refresh disk information: sleep interrupted
2019-09-27 09:23:46,060 [ForkJoinPool.commonPool-worker-0] INFO  ozoneimpl.OzoneContainer (OzoneContainer.java:stop(231)) - Attempting to stop container services.
2019-09-27 09:23:46,060 [ForkJoinPool.commonPool-worker-0] INFO  impl.RaftServerProxy (RaftServerProxy.java:lambda$close$4(314)) - 9d1fa352-1a82-481d-9d24-e29bb21dd7ac: close
2019-09-27 09:23:46,060 [ForkJoinPool.commonPool-worker-0] INFO  impl.RaftServerImpl (RaftServerImpl.java:lambda$shutdown$3(251)) - 9d1fa352-1a82-481d-9d24-e29bb21dd7ac@group-F63D726B6A80: shutdown
2019-09-27 09:23:46,061 [ForkJoinPool.commonPool-worker-0] INFO  util.JmxRegister (JmxRegister.java:unregister(73)) - Successfully un-registered JMX Bean with object name Ratis:service=RaftServer,group=group-F63D726B6A80,id=9d1fa352-1a82-481d-9d24-e29bb21dd7ac
2019-09-27 09:23:46,061 [ForkJoinPool.commonPool-worker-0] INFO  impl.RoleInfo (RoleInfo.java:shutdownLeaderState(104)) - 9d1fa352-1a82-481d-9d24-e29bb21dd7ac: shutdown LeaderState
2019-09-27 09:23:46,061 [ForkJoinPool.commonPool-worker-0] INFO  impl.PendingRequests (PendingRequests.java:sendNotLeaderResponses(202)) - 9d1fa352-1a82-481d-9d24-e29bb21dd7ac-PendingRequests: sendNotLeaderResponses
2019-09-27 09:23:46,061 [ForkJoinPool.commonPool-worker-0] INFO  impl.StateMachineUpdater (StateMachineUpdater.java:stopAndJoin(125)) - 9d1fa352-1a82-481d-9d24-e29bb21dd7ac@group-F63D726B6A80-StateMachineUpdater: set stopIndex = 0
2019-09-27 09:23:46,062 [ForkJoinPool.commonPool-worker-0] INFO  impl.RaftServerImpl (ServerState.java:close(385)) - 9d1fa352-1a82-481d-9d24-e29bb21dd7ac@group-F63D726B6A80: closes. applyIndex: 0
2019-09-27 09:23:46,062 [9d1fa352-1a82-481d-9d24-e29bb21dd7ac@group-F63D726B6A80-SegmentedRaftLogWorker] INFO  segmented.SegmentedRaftLogWorker (SegmentedRaftLogWorker.java:run(313)) - 9d1fa352-1a82-481d-9d24-e29bb21dd7ac@group-F63D726B6A80-SegmentedRaftLogWorker was interrupted, exiting. There are 0 tasks remaining in the queue.
2019-09-27 09:23:46,062 [ForkJoinPool.commonPool-worker-0] INFO  segmented.SegmentedRaftLogWorker (SegmentedRaftLogWorker.java:close(228)) - 9d1fa352-1a82-481d-9d24-e29bb21dd7ac@group-F63D726B6A80-SegmentedRaftLogWorker close()
2019-09-27 09:23:46,062 [ForkJoinPool.commonPool-worker-0] INFO  impl.RaftServerImpl (RaftServerImpl.java:lambda$shutdown$3(251)) - 9d1fa352-1a82-481d-9d24-e29bb21dd7ac@group-BE313173F156: shutdown
2019-09-27 09:23:46,063 [ForkJoinPool.commonPool-worker-0] INFO  util.JmxRegister (JmxRegister.java:unregister(73)) - Successfully un-registered JMX Bean with object name Ratis:service=RaftServer,group=group-BE313173F156,id=9d1fa352-1a82-481d-9d24-e29bb21dd7ac
2019-09-27 09:23:46,063 [main] INFO  utils.BackgroundService (BackgroundService.java:shutdown(148)) - Shutting down service BlockDeletingService
2019-09-27 09:23:46,063 [ForkJoinPool.commonPool-worker-0] INFO  impl.RoleInfo (RoleInfo.java:shutdownFollowerState(121)) - 9d1fa352-1a82-481d-9d24-e29bb21dd7ac: shutdown FollowerState
2019-09-27 09:23:46,063 [ForkJoinPool.commonPool-worker-0] INFO  impl.StateMachineUpdater (StateMachineUpdater.java:stopAndJoin(125)) - 9d1fa352-1a82-481d-9d24-e29bb21dd7ac@group-BE313173F156-StateMachineUpdater: set stopIndex = 0
2019-09-27 09:23:46,064 [Thread-7815] INFO  impl.FollowerState (FollowerState.java:run(115)) - 9d1fa352-1a82-481d-9d24-e29bb21dd7ac: FollowerState was interrupted: java.lang.InterruptedException: sleep interrupted
2019-09-27 09:23:46,065 [ForkJoinPool.commonPool-worker-0] INFO  impl.RaftServerImpl (ServerState.java:close(385)) - 9d1fa352-1a82-481d-9d24-e29bb21dd7ac@group-BE313173F156: closes. applyIndex: 0
2019-09-27 09:23:46,068 [main] INFO  statemachine.DatanodeStateMachine (DatanodeStateMachine.java:stopDaemon(395)) - Ozone container server stopped.
2019-09-27 09:23:46,068 [9d1fa352-1a82-481d-9d24-e29bb21dd7ac@group-BE313173F156-SegmentedRaftLogWorker] INFO  segmented.SegmentedRaftLogWorker (SegmentedRaftLogWorker.java:run(313)) - 9d1fa352-1a82-481d-9d24-e29bb21dd7ac@group-BE313173F156-SegmentedRaftLogWorker was interrupted, exiting. There are 0 tasks remaining in the queue.
2019-09-27 09:23:46,069 [ForkJoinPool.commonPool-worker-0] INFO  segmented.SegmentedRaftLogWorker (SegmentedRaftLogWorker.java:close(228)) - 9d1fa352-1a82-481d-9d24-e29bb21dd7ac@group-BE313173F156-SegmentedRaftLogWorker close()
2019-09-27 09:23:46,069 [main] INFO  handler.ContextHandler (ContextHandler.java:doStop(910)) - Stopped o.e.j.w.WebAppContext@3b11620a{/,null,UNAVAILABLE}{/hddsDatanode}
2019-09-27 09:23:46,069 [ForkJoinPool.commonPool-worker-0] INFO  server.GrpcService (GrpcService.java:closeImpl(164)) - 9d1fa352-1a82-481d-9d24-e29bb21dd7ac: shutdown server with port 33561 now
2019-09-27 09:23:46,069 [main] INFO  server.AbstractConnector (AbstractConnector.java:doStop(318)) - Stopped ServerConnector@2fd1ad8a{HTTP/1.1,[http/1.1]}{0.0.0.0:0}
2019-09-27 09:23:46,070 [ForkJoinPool.commonPool-worker-0] INFO  server.GrpcService (GrpcService.java:closeImpl(172)) - 9d1fa352-1a82-481d-9d24-e29bb21dd7ac: shutdown server with port 33561 successfully
2019-09-27 09:23:46,070 [main] INFO  handler.ContextHandler (ContextHandler.java:doStop(910)) - Stopped o.e.j.s.ServletContextHandler@1d2fb82{/static,jar:file:/home/user/.m2/repository/org/apache/hadoop/hadoop-hdds-container-service/0.5.0-SNAPSHOT/hadoop-hdds-container-service-0.5.0-SNAPSHOT.jar!/webapps/static,UNAVAILABLE}
2019-09-27 09:23:46,071 [main] INFO  handler.ContextHandler (ContextHandler.java:doStop(910)) - Stopped o.e.j.s.ServletContextHandler@7e5efcab{/logs,file:///workdir/hadoop-ozone/integration-test/target/log,UNAVAILABLE}
2019-09-27 09:23:46,072 [refreshUsed-/workdir/hadoop-ozone/integration-test/target/test-dir/MiniOzoneClusterImpl-68e31327-6f0a-47ff-9789-fe3f4972a3d5/datanode-1/data/containers] WARN  fs.CachingGetSpaceUsed (CachingGetSpaceUsed.java:run(183)) - Thread Interrupted waiting to refresh disk information: sleep interrupted
2019-09-27 09:23:46,084 [ForkJoinPool.commonPool-worker-0] INFO  utils.BackgroundService (BackgroundService.java:shutdown(148)) - Shutting down service BlockDeletingService
2019-09-27 09:23:46,088 [ForkJoinPool.commonPool-worker-0] INFO  statemachine.DatanodeStateMachine (DatanodeStateMachine.java:stopDaemon(395)) - Ozone container server stopped.
2019-09-27 09:23:46,145 [ForkJoinPool.commonPool-worker-0] INFO  handler.ContextHandler (ContextHandler.java:doStop(910)) - Stopped o.e.j.w.WebAppContext@62d40e31{/,null,UNAVAILABLE}{/hddsDatanode}
2019-09-27 09:23:46,145 [ForkJoinPool.commonPool-worker-0] INFO  server.AbstractConnector (AbstractConnector.java:doStop(318)) - Stopped ServerConnector@650aa077{HTTP/1.1,[http/1.1]}{0.0.0.0:0}
2019-09-27 09:23:46,146 [ForkJoinPool.commonPool-worker-0] INFO  handler.ContextHandler (ContextHandler.java:doStop(910)) - Stopped o.e.j.s.ServletContextHandler@446e7065{/static,jar:file:/home/user/.m2/repository/org/apache/hadoop/hadoop-hdds-container-service/0.5.0-SNAPSHOT/hadoop-hdds-container-service-0.5.0-SNAPSHOT.jar!/webapps/static,UNAVAILABLE}
2019-09-27 09:23:46,146 [ForkJoinPool.commonPool-worker-0] INFO  handler.ContextHandler (ContextHandler.java:doStop(910)) - Stopped o.e.j.s.ServletContextHandler@433ea2ac{/logs,file:///workdir/hadoop-ozone/integration-test/target/log,UNAVAILABLE}
2019-09-27 09:23:46,146 [main] INFO  ozone.MiniOzoneClusterImpl (MiniOzoneClusterImpl.java:stopSCM(392)) - Stopping the StorageContainerManager
2019-09-27 09:23:46,147 [main] INFO  server.StorageContainerManager (StorageContainerManager.java:stop(808)) - Stopping Replication Manager Service.
2019-09-27 09:23:46,147 [main] INFO  container.ReplicationManager (ReplicationManager.java:stop(203)) - Stopping Replication Monitor Thread.
2019-09-27 09:23:46,147 [main] INFO  server.StorageContainerManager (StorageContainerManager.java:stop(815)) - Stopping Lease Manager of the command watchers
2019-09-27 09:23:46,148 [main] INFO  server.StorageContainerManager (StorageContainerManager.java:stop(822)) - Stopping datanode service RPC server
2019-09-27 09:23:46,148 [main] INFO  server.SCMDatanodeProtocolServer (SCMDatanodeProtocolServer.java:stop(367)) - Stopping the RPC server for DataNodes
2019-09-27 09:23:46,148 [main] INFO  ipc.Server (Server.java:stop(3082)) - Stopping server on 45987
2019-09-27 09:23:46,151 [IPC Server listener on 45987] INFO  ipc.Server (Server.java:run(1185)) - Stopping IPC Server listener on 45987
2019-09-27 09:23:46,151 [IPC Server Responder] INFO  ipc.Server (Server.java:run(1319)) - Stopping IPC Server Responder
2019-09-27 09:23:46,213 [SCM Heartbeat Processing Thread - 0] WARN  node.NodeStateManager (NodeStateManager.java:scheduleNextHealthCheck(646)) - Current Thread is interrupted, shutting down HB processing thread for Node Manager.
2019-09-27 09:23:46,213 [main] INFO  server.StorageContainerManager (StorageContainerManager.java:stop(830)) - Stopping block service RPC server
2019-09-27 09:23:46,214 [main] INFO  server.SCMBlockProtocolServer (SCMBlockProtocolServer.java:stop(155)) - Stopping the RPC server for Block Protocol
2019-09-27 09:23:46,214 [main] INFO  ipc.Server (Server.java:stop(3082)) - Stopping server on 46619
2019-09-27 09:23:46,216 [main] INFO  server.StorageContainerManager (StorageContainerManager.java:stop(837)) - Stopping the StorageContainerLocationProtocol RPC server
2019-09-27 09:23:46,216 [main] INFO  server.SCMClientProtocolServer (SCMClientProtocolServer.java:stop(159)) - Stopping the RPC server for Client Protocol
2019-09-27 09:23:46,216 [IPC Server listener on 46619] INFO  ipc.Server (Server.java:run(1185)) - Stopping IPC Server listener on 46619
2019-09-27 09:23:46,217 [IPC Server Responder] INFO  ipc.Server (Server.java:run(1319)) - Stopping IPC Server Responder
2019-09-27 09:23:46,217 [main] INFO  ipc.Server (Server.java:stop(3082)) - Stopping server on 35845
2019-09-27 09:23:46,220 [IPC Server listener on 35845] INFO  ipc.Server (Server.java:run(1185)) - Stopping IPC Server listener on 35845
2019-09-27 09:23:46,220 [main] INFO  server.StorageContainerManager (StorageContainerManager.java:stop(844)) - Stopping Storage Container Manager HTTP server.
2019-09-27 09:23:46,220 [IPC Server Responder] INFO  ipc.Server (Server.java:run(1319)) - Stopping IPC Server Responder
2019-09-27 09:23:46,221 [main] INFO  handler.ContextHandler (ContextHandler.java:doStop(910)) - Stopped o.e.j.w.WebAppContext@30bbcf91{/,null,UNAVAILABLE}{/scm}
2019-09-27 09:23:46,222 [main] INFO  server.AbstractConnector (AbstractConnector.java:doStop(318)) - Stopped ServerConnector@3ca14cf4{HTTP/1.1,[http/1.1]}{0.0.0.0:0}
2019-09-27 09:23:46,222 [main] INFO  handler.ContextHandler (ContextHandler.java:doStop(910)) - Stopped o.e.j.s.ServletContextHandler@b6bccb4{/static,file:///workdir/hadoop-ozone/integration-test/target/test-classes/webapps/static,UNAVAILABLE}
2019-09-27 09:23:46,222 [main] INFO  handler.ContextHandler (ContextHandler.java:doStop(910)) - Stopped o.e.j.s.ServletContextHandler@4f7be6c8{/logs,file:///workdir/hadoop-ozone/integration-test/target/log,UNAVAILABLE}
2019-09-27 09:23:46,223 [main] INFO  server.StorageContainerManager (StorageContainerManager.java:stop(855)) - Stopping Block Manager Service.
2019-09-27 09:23:46,223 [main] INFO  utils.BackgroundService (BackgroundService.java:shutdown(148)) - Shutting down service SCMBlockDeletingService
2019-09-27 09:23:46,224 [main] INFO  utils.BackgroundService (BackgroundService.java:shutdown(148)) - Shutting down service SCMBlockDeletingService
2019-09-27 09:23:46,224 [main] INFO  server.StorageContainerManager (StorageContainerManager.java:stop(877)) - Stopping SCM Event Queue.
2019-09-27 09:23:46,227 [main] INFO  impl.MetricsSystemImpl (MetricsSystemImpl.java:stop(210)) - Stopping HddsDatanode metrics system...
2019-09-27 09:23:46,245 [main] INFO  impl.MetricsSystemImpl (MetricsSystemImpl.java:stop(216)) - HddsDatanode metrics system stopped.
]]></system-out>
    <system-err><![CDATA[Sep 27, 2019 9:23:25 AM org.apache.ratis.thirdparty.io.grpc.internal.SerializingExecutor run
SEVERE: Exception while executing runnable org.apache.ratis.thirdparty.io.grpc.internal.ServerImpl$JumpToApplicationThreadServerStreamListener$1Closed@374f53e1
org.apache.ratis.thirdparty.io.grpc.StatusRuntimeException: CANCELLED: call already cancelled
	at org.apache.ratis.thirdparty.io.grpc.Status.asRuntimeException(Status.java:517)
	at org.apache.ratis.thirdparty.io.grpc.stub.ServerCalls$ServerCallStreamObserverImpl.onCompleted(ServerCalls.java:356)
	at org.apache.ratis.grpc.server.GrpcServerProtocolService$ServerRequestStreamObserver.onError(GrpcServerProtocolService.java:121)
	at org.apache.ratis.thirdparty.io.grpc.stub.ServerCalls$StreamingServerCallHandler$StreamingServerCallListener.onCancel(ServerCalls.java:269)
	at org.apache.ratis.thirdparty.io.grpc.internal.ServerCallImpl$ServerStreamListenerImpl.closed(ServerCallImpl.java:293)
	at org.apache.ratis.thirdparty.io.grpc.internal.ServerImpl$JumpToApplicationThreadServerStreamListener$1Closed.runInContext(ServerImpl.java:741)
	at org.apache.ratis.thirdparty.io.grpc.internal.ContextRunnable.run(ContextRunnable.java:37)
	at org.apache.ratis.thirdparty.io.grpc.internal.SerializingExecutor.run(SerializingExecutor.java:123)
	at java.util.concurrent.ThreadPoolExecutor.runWorker(ThreadPoolExecutor.java:1149)
	at java.util.concurrent.ThreadPoolExecutor$Worker.run(ThreadPoolExecutor.java:624)
	at java.lang.Thread.run(Thread.java:748)

Sep 27, 2019 9:23:25 AM org.apache.ratis.thirdparty.io.grpc.internal.SerializingExecutor run
SEVERE: Exception while executing runnable org.apache.ratis.thirdparty.io.grpc.internal.ServerImpl$JumpToApplicationThreadServerStreamListener$1Closed@67b6df53
org.apache.ratis.thirdparty.io.grpc.StatusRuntimeException: CANCELLED: call already cancelled
	at org.apache.ratis.thirdparty.io.grpc.Status.asRuntimeException(Status.java:517)
	at org.apache.ratis.thirdparty.io.grpc.stub.ServerCalls$ServerCallStreamObserverImpl.onCompleted(ServerCalls.java:356)
	at org.apache.ratis.grpc.server.GrpcServerProtocolService$ServerRequestStreamObserver.onError(GrpcServerProtocolService.java:121)
	at org.apache.ratis.thirdparty.io.grpc.stub.ServerCalls$StreamingServerCallHandler$StreamingServerCallListener.onCancel(ServerCalls.java:269)
	at org.apache.ratis.thirdparty.io.grpc.internal.ServerCallImpl$ServerStreamListenerImpl.closed(ServerCallImpl.java:293)
	at org.apache.ratis.thirdparty.io.grpc.internal.ServerImpl$JumpToApplicationThreadServerStreamListener$1Closed.runInContext(ServerImpl.java:741)
	at org.apache.ratis.thirdparty.io.grpc.internal.ContextRunnable.run(ContextRunnable.java:37)
	at org.apache.ratis.thirdparty.io.grpc.internal.SerializingExecutor.run(SerializingExecutor.java:123)
	at java.util.concurrent.ThreadPoolExecutor.runWorker(ThreadPoolExecutor.java:1149)
	at java.util.concurrent.ThreadPoolExecutor$Worker.run(ThreadPoolExecutor.java:624)
	at java.lang.Thread.run(Thread.java:748)

Sep 27, 2019 9:23:30 AM org.apache.ratis.thirdparty.io.grpc.internal.SerializingExecutor run
SEVERE: Exception while executing runnable org.apache.ratis.thirdparty.io.grpc.internal.ServerImpl$JumpToApplicationThreadServerStreamListener$1Closed@bdb8af0
org.apache.ratis.thirdparty.io.grpc.StatusRuntimeException: CANCELLED: call already cancelled
	at org.apache.ratis.thirdparty.io.grpc.Status.asRuntimeException(Status.java:517)
	at org.apache.ratis.thirdparty.io.grpc.stub.ServerCalls$ServerCallStreamObserverImpl.onCompleted(ServerCalls.java:356)
	at org.apache.ratis.grpc.server.GrpcServerProtocolService$ServerRequestStreamObserver.onError(GrpcServerProtocolService.java:121)
	at org.apache.ratis.thirdparty.io.grpc.stub.ServerCalls$StreamingServerCallHandler$StreamingServerCallListener.onCancel(ServerCalls.java:269)
	at org.apache.ratis.thirdparty.io.grpc.internal.ServerCallImpl$ServerStreamListenerImpl.closed(ServerCallImpl.java:293)
	at org.apache.ratis.thirdparty.io.grpc.internal.ServerImpl$JumpToApplicationThreadServerStreamListener$1Closed.runInContext(ServerImpl.java:741)
	at org.apache.ratis.thirdparty.io.grpc.internal.ContextRunnable.run(ContextRunnable.java:37)
	at org.apache.ratis.thirdparty.io.grpc.internal.SerializingExecutor.run(SerializingExecutor.java:123)
	at java.util.concurrent.ThreadPoolExecutor.runWorker(ThreadPoolExecutor.java:1149)
	at java.util.concurrent.ThreadPoolExecutor$Worker.run(ThreadPoolExecutor.java:624)
	at java.lang.Thread.run(Thread.java:748)

]]></system-err>
  </testcase>
  <testcase name="testDatanodeExclusionWithMajorityCommit" classname="org.apache.hadoop.ozone.client.rpc.TestFailureHandlingByClient" time="141.504">
    <error message="Connection refused" type="java.net.ConnectException"><![CDATA[java.net.ConnectException: Connection refused
	at sun.nio.ch.SocketChannelImpl.checkConnect(Native Method)
	at sun.nio.ch.SocketChannelImpl.finishConnect(SocketChannelImpl.java:717)
	at org.apache.hadoop.net.SocketIOWithTimeout.connect(SocketIOWithTimeout.java:206)
	at org.apache.hadoop.net.NetUtils.connect(NetUtils.java:531)
	at org.apache.hadoop.ipc.Client$Connection.setupConnection(Client.java:690)
	at org.apache.hadoop.ipc.Client$Connection.setupIOstreams(Client.java:794)
	at org.apache.hadoop.ipc.Client$Connection.access$3700(Client.java:411)
	at org.apache.hadoop.ipc.Client.getConnection(Client.java:1572)
	at org.apache.hadoop.ipc.Client.call(Client.java:1403)
	at org.apache.hadoop.ipc.Client.call(Client.java:1367)
	at org.apache.hadoop.ipc.ProtobufRpcEngine$Invoker.invoke(ProtobufRpcEngine.java:228)
	at org.apache.hadoop.ipc.ProtobufRpcEngine$Invoker.invoke(ProtobufRpcEngine.java:116)
	at com.sun.proxy.$Proxy35.submitRequest(Unknown Source)
	at sun.reflect.GeneratedMethodAccessor36.invoke(Unknown Source)
	at sun.reflect.DelegatingMethodAccessorImpl.invoke(DelegatingMethodAccessorImpl.java:43)
	at java.lang.reflect.Method.invoke(Method.java:498)
	at org.apache.hadoop.io.retry.RetryInvocationHandler.invokeMethod(RetryInvocationHandler.java:422)
	at org.apache.hadoop.io.retry.RetryInvocationHandler$Call.invokeMethod(RetryInvocationHandler.java:165)
	at org.apache.hadoop.io.retry.RetryInvocationHandler$Call.invoke(RetryInvocationHandler.java:157)
	at org.apache.hadoop.io.retry.RetryInvocationHandler$Call.invokeOnce(RetryInvocationHandler.java:95)
	at org.apache.hadoop.io.retry.RetryInvocationHandler.invoke(RetryInvocationHandler.java:359)
	at com.sun.proxy.$Proxy35.submitRequest(Unknown Source)
	at org.apache.hadoop.ozone.om.protocolPB.OzoneManagerProtocolClientSideTranslatorPB.submitRequest(OzoneManagerProtocolClientSideTranslatorPB.java:338)
	at org.apache.hadoop.ozone.om.protocolPB.OzoneManagerProtocolClientSideTranslatorPB.getServiceInfo(OzoneManagerProtocolClientSideTranslatorPB.java:1223)
	at sun.reflect.NativeMethodAccessorImpl.invoke0(Native Method)
	at sun.reflect.NativeMethodAccessorImpl.invoke(NativeMethodAccessorImpl.java:62)
	at sun.reflect.DelegatingMethodAccessorImpl.invoke(DelegatingMethodAccessorImpl.java:43)
	at java.lang.reflect.Method.invoke(Method.java:498)
	at org.apache.hadoop.hdds.tracing.TraceAllMethod.invoke(TraceAllMethod.java:66)
	at com.sun.proxy.$Proxy36.getServiceInfo(Unknown Source)
	at org.apache.hadoop.ozone.client.rpc.RpcClient.<init>(RpcClient.java:154)
	at org.apache.hadoop.ozone.client.OzoneClientFactory.getClientProtocol(OzoneClientFactory.java:256)
	at org.apache.hadoop.ozone.client.OzoneClientFactory.getClientProtocol(OzoneClientFactory.java:239)
	at org.apache.hadoop.ozone.client.OzoneClientFactory.getClient(OzoneClientFactory.java:75)
	at org.apache.hadoop.ozone.client.rpc.TestFailureHandlingByClient.init(TestFailureHandlingByClient.java:111)
	at org.apache.hadoop.ozone.client.rpc.TestFailureHandlingByClient.startCluster(TestFailureHandlingByClient.java:121)
	at org.apache.hadoop.ozone.client.rpc.TestFailureHandlingByClient.testDatanodeExclusionWithMajorityCommit(TestFailureHandlingByClient.java:282)
	at sun.reflect.NativeMethodAccessorImpl.invoke0(Native Method)
	at sun.reflect.NativeMethodAccessorImpl.invoke(NativeMethodAccessorImpl.java:62)
	at sun.reflect.DelegatingMethodAccessorImpl.invoke(DelegatingMethodAccessorImpl.java:43)
	at java.lang.reflect.Method.invoke(Method.java:498)
	at org.junit.runners.model.FrameworkMethod$1.runReflectiveCall(FrameworkMethod.java:47)
	at org.junit.internal.runners.model.ReflectiveCallable.run(ReflectiveCallable.java:12)
	at org.junit.runners.model.FrameworkMethod.invokeExplosively(FrameworkMethod.java:44)
	at org.junit.internal.runners.statements.InvokeMethod.evaluate(InvokeMethod.java:17)
	at org.junit.internal.runners.statements.RunAfters.evaluate(RunAfters.java:27)
	at org.junit.runners.ParentRunner.runLeaf(ParentRunner.java:271)
	at org.junit.runners.BlockJUnit4ClassRunner.runChild(BlockJUnit4ClassRunner.java:70)
	at org.junit.runners.BlockJUnit4ClassRunner.runChild(BlockJUnit4ClassRunner.java:50)
	at org.junit.runners.ParentRunner$3.run(ParentRunner.java:238)
	at org.junit.runners.ParentRunner$1.schedule(ParentRunner.java:63)
	at org.junit.runners.ParentRunner.runChildren(ParentRunner.java:236)
	at org.junit.runners.ParentRunner.access$000(ParentRunner.java:53)
	at org.junit.runners.ParentRunner$2.evaluate(ParentRunner.java:229)
	at org.junit.runners.ParentRunner.run(ParentRunner.java:309)
	at org.apache.maven.surefire.junit4.JUnit4Provider.execute(JUnit4Provider.java:365)
	at org.apache.maven.surefire.junit4.JUnit4Provider.executeWithRerun(JUnit4Provider.java:273)
	at org.apache.maven.surefire.junit4.JUnit4Provider.executeTestSet(JUnit4Provider.java:238)
	at org.apache.maven.surefire.junit4.JUnit4Provider.invoke(JUnit4Provider.java:159)
	at org.apache.maven.surefire.booter.ForkedBooter.invokeProviderInSameClassLoader(ForkedBooter.java:384)
	at org.apache.maven.surefire.booter.ForkedBooter.runSuitesInProcess(ForkedBooter.java:345)
	at org.apache.maven.surefire.booter.ForkedBooter.execute(ForkedBooter.java:126)
	at org.apache.maven.surefire.booter.ForkedBooter.main(ForkedBooter.java:418)
]]></error>
    <system-out><![CDATA[2019-09-27 09:23:46,278 [main] WARN  server.ServerUtils (ServerUtils.java:getScmDbDir(145)) - ozone.scm.db.dirs is not configured. We recommend adding this setting. Falling back to ozone.metadata.dirs instead.
2019-09-27 09:23:46,293 [main] WARN  server.ServerUtils (ServerUtils.java:getScmDbDir(145)) - ozone.scm.db.dirs is not configured. We recommend adding this setting. Falling back to ozone.metadata.dirs instead.
2019-09-27 09:23:46,293 [main] WARN  server.ServerUtils (ServerUtils.java:getScmDbDir(145)) - ozone.scm.db.dirs is not configured. We recommend adding this setting. Falling back to ozone.metadata.dirs instead.
2019-09-27 09:23:46,294 [main] INFO  db.DBStoreBuilder (DBStoreBuilder.java:addTable(110)) - using custom profile for table: deletedBlocks
2019-09-27 09:23:46,294 [main] INFO  db.DBStoreBuilder (DBStoreBuilder.java:processTables(161)) - Using default column profile:DBProfile.DISK for Table:deletedBlocks
2019-09-27 09:23:46,295 [main] INFO  db.DBStoreBuilder (DBStoreBuilder.java:addTable(110)) - using custom profile for table: validCerts
2019-09-27 09:23:46,295 [main] INFO  db.DBStoreBuilder (DBStoreBuilder.java:processTables(161)) - Using default column profile:DBProfile.DISK for Table:validCerts
2019-09-27 09:23:46,295 [main] INFO  db.DBStoreBuilder (DBStoreBuilder.java:addTable(110)) - using custom profile for table: revokedCerts
2019-09-27 09:23:46,295 [main] INFO  db.DBStoreBuilder (DBStoreBuilder.java:processTables(161)) - Using default column profile:DBProfile.DISK for Table:revokedCerts
2019-09-27 09:23:46,296 [main] INFO  db.DBStoreBuilder (DBStoreBuilder.java:addTable(110)) - using custom profile for table: default
2019-09-27 09:23:46,296 [main] INFO  db.DBStoreBuilder (DBStoreBuilder.java:processTables(167)) - Using default column profile:DBProfile.DISK for Table:default
2019-09-27 09:23:46,296 [main] INFO  db.DBStoreBuilder (DBStoreBuilder.java:getDbProfile(198)) - Using default options. DBProfile.DISK
2019-09-27 09:23:46,450 [main] INFO  net.NodeSchemaLoader (NodeSchemaLoader.java:loadSchemaFromFile(125)) - Loading file from sun.misc.CompoundEnumeration@3002e397
2019-09-27 09:23:46,450 [main] INFO  net.NodeSchemaLoader (NodeSchemaLoader.java:loadSchema(171)) - Loading network topology layer schema file
2019-09-27 09:23:46,455 [main] INFO  node.SCMNodeManager (SCMNodeManager.java:<init>(114)) - Entering startup safe mode.
2019-09-27 09:23:46,455 [main] INFO  algorithms.ContainerPlacementPolicyFactory (ContainerPlacementPolicyFactory.java:getPolicy(57)) - Create container placement policy of type org.apache.hadoop.hdds.scm.container.placement.algorithms.SCMContainerPlacementRandom
2019-09-27 09:23:46,456 [main] WARN  server.ServerUtils (ServerUtils.java:getScmDbDir(145)) - ozone.scm.db.dirs is not configured. We recommend adding this setting. Falling back to ozone.metadata.dirs instead.
2019-09-27 09:23:46,514 [main] INFO  pipeline.SCMPipelineManager (SCMPipelineManager.java:initializePipelineState(132)) - No pipeline exists in current db
2019-09-27 09:23:46,515 [main] WARN  server.ServerUtils (ServerUtils.java:getScmDbDir(145)) - ozone.scm.db.dirs is not configured. We recommend adding this setting. Falling back to ozone.metadata.dirs instead.
2019-09-27 09:23:46,585 [main] WARN  events.EventQueue (EventQueue.java:fireEvent(183)) - No event handler registered for event TypedEvent{payloadType=SafeModeStatus, name='SafeModeStatus'}
2019-09-27 09:23:46,586 [main] INFO  ipc.CallQueueManager (CallQueueManager.java:<init>(84)) - Using callQueue: class java.util.concurrent.LinkedBlockingQueue, queueCapacity: 2000, scheduler: class org.apache.hadoop.ipc.DefaultRpcScheduler, ipcBackoff: false.
2019-09-27 09:23:46,587 [Socket Reader #1 for port 40094] INFO  ipc.Server (Server.java:run(1074)) - Starting Socket Reader #1 for port 40094
2019-09-27 09:23:46,588 [main] INFO  ipc.CallQueueManager (CallQueueManager.java:<init>(84)) - Using callQueue: class java.util.concurrent.LinkedBlockingQueue, queueCapacity: 2000, scheduler: class org.apache.hadoop.ipc.DefaultRpcScheduler, ipcBackoff: false.
2019-09-27 09:23:46,589 [Socket Reader #1 for port 37114] INFO  ipc.Server (Server.java:run(1074)) - Starting Socket Reader #1 for port 37114
2019-09-27 09:23:46,590 [main] INFO  ipc.CallQueueManager (CallQueueManager.java:<init>(84)) - Using callQueue: class java.util.concurrent.LinkedBlockingQueue, queueCapacity: 2000, scheduler: class org.apache.hadoop.ipc.DefaultRpcScheduler, ipcBackoff: false.
2019-09-27 09:23:46,590 [Socket Reader #1 for port 37420] INFO  ipc.Server (Server.java:run(1074)) - Starting Socket Reader #1 for port 37420
2019-09-27 09:23:46,592 [main] INFO  hdfs.DFSUtil (DFSUtil.java:httpServerTemplateForNNAndJN(1641)) - Starting Web-server for scm at: http://0.0.0.0:0
2019-09-27 09:23:46,593 [main] INFO  server.AuthenticationFilter (AuthenticationFilter.java:constructSecretProvider(240)) - Unable to initialize FileSignerSecretProvider, falling back to use random secrets.
2019-09-27 09:23:46,594 [main] WARN  http.HttpRequestLog (HttpRequestLog.java:getRequestLog(97)) - Jetty request log can only be enabled using Log4j
2019-09-27 09:23:46,595 [main] INFO  http.HttpServer2 (HttpServer2.java:addGlobalFilter(975)) - Added global filter 'safety' (class=org.apache.hadoop.http.HttpServer2$QuotingInputFilter)
2019-09-27 09:23:46,596 [main] INFO  http.HttpServer2 (HttpServer2.java:addFilter(948)) - Added filter static_user_filter (class=org.apache.hadoop.http.lib.StaticUserWebFilter$StaticUserFilter) to context scm
2019-09-27 09:23:46,596 [main] INFO  http.HttpServer2 (HttpServer2.java:addFilter(958)) - Added filter static_user_filter (class=org.apache.hadoop.http.lib.StaticUserWebFilter$StaticUserFilter) to context logs
2019-09-27 09:23:46,596 [main] INFO  http.HttpServer2 (HttpServer2.java:addFilter(958)) - Added filter static_user_filter (class=org.apache.hadoop.http.lib.StaticUserWebFilter$StaticUserFilter) to context static
2019-09-27 09:23:46,597 [main] INFO  server.StorageContainerManager (StorageContainerManager.java:start(770)) - StorageContainerLocationProtocol RPC server is listening at /0.0.0.0:37420
2019-09-27 09:23:46,599 [main] WARN  impl.MetricsConfig (MetricsConfig.java:loadFirst(134)) - Cannot locate configuration: tried hadoop-metrics2-storagecontainermanager.properties,hadoop-metrics2.properties
2019-09-27 09:23:46,599 [main] INFO  impl.MetricsSystemImpl (MetricsSystemImpl.java:startTimer(374)) - Scheduled Metric snapshot period at 10 second(s).
2019-09-27 09:23:46,600 [main] INFO  impl.MetricsSystemImpl (MetricsSystemImpl.java:start(191)) - StorageContainerManager metrics system started
2019-09-27 09:23:46,694 [main] WARN  impl.MetricsSystemImpl (MetricsSystemImpl.java:register(276)) - Sink prometheus already exists!
2019-09-27 09:23:46,735 [main] INFO  server.SCMClientProtocolServer (SCMClientProtocolServer.java:start(151)) - RPC server for Client  is listening at /0.0.0.0:37420
2019-09-27 09:23:46,735 [IPC Server Responder] INFO  ipc.Server (Server.java:run(1314)) - IPC Server Responder: starting
2019-09-27 09:23:46,736 [IPC Server listener on 37420] INFO  ipc.Server (Server.java:run(1153)) - IPC Server listener on 37420: starting
2019-09-27 09:23:46,739 [main] INFO  server.StorageContainerManager (StorageContainerManager.java:start(780)) - ScmBlockLocationProtocol RPC server is listening at /0.0.0.0:37114
2019-09-27 09:23:46,740 [main] INFO  server.SCMBlockProtocolServer (SCMBlockProtocolServer.java:start(146)) - RPC server for Block Protocol is listening at /0.0.0.0:37114
2019-09-27 09:23:46,740 [IPC Server listener on 37114] INFO  ipc.Server (Server.java:run(1153)) - IPC Server listener on 37114: starting
2019-09-27 09:23:46,741 [IPC Server Responder] INFO  ipc.Server (Server.java:run(1314)) - IPC Server Responder: starting
2019-09-27 09:23:46,748 [main] INFO  server.StorageContainerManager (StorageContainerManager.java:start(784)) - ScmDatanodeProtocl RPC server is listening at /0.0.0.0:40094
2019-09-27 09:23:46,748 [main] INFO  server.SCMDatanodeProtocolServer (SCMDatanodeProtocolServer.java:start(191)) - RPC server for DataNodes is listening at /0.0.0.0:40094
2019-09-27 09:23:46,748 [IPC Server Responder] INFO  ipc.Server (Server.java:run(1314)) - IPC Server Responder: starting
2019-09-27 09:23:46,748 [IPC Server listener on 40094] INFO  ipc.Server (Server.java:run(1153)) - IPC Server listener on 40094: starting
2019-09-27 09:23:46,754 [main] INFO  http.HttpServer2 (HttpServer2.java:bindListener(1191)) - Jetty bound to port 43285
2019-09-27 09:23:46,754 [main] INFO  server.Server (Server.java:doStart(351)) - jetty-9.3.25.v20180904, build timestamp: 2018-09-04T21:11:46Z, git hash: 3ce520221d0240229c862b122d2b06c12a625732
2019-09-27 09:23:46,756 [main] INFO  handler.ContextHandler (ContextHandler.java:doStart(781)) - Started o.e.j.s.ServletContextHandler@448462f0{/logs,file:///workdir/hadoop-ozone/integration-test/target/log,AVAILABLE}
2019-09-27 09:23:46,756 [main] INFO  handler.ContextHandler (ContextHandler.java:doStart(781)) - Started o.e.j.s.ServletContextHandler@132e3594{/static,file:///workdir/hadoop-ozone/integration-test/target/test-classes/webapps/static,AVAILABLE}
2019-09-27 09:23:46,759 [main] INFO  handler.ContextHandler (ContextHandler.java:doStart(781)) - Started o.e.j.w.WebAppContext@5012c571{/,file:///workdir/hadoop-ozone/integration-test/target/test-classes/webapps/scm/,AVAILABLE}{/scm}
2019-09-27 09:23:46,760 [main] INFO  server.AbstractConnector (AbstractConnector.java:doStart(278)) - Started ServerConnector@6486fe7b{HTTP/1.1,[http/1.1]}{0.0.0.0:43285}
2019-09-27 09:23:46,761 [main] INFO  server.Server (Server.java:doStart(419)) - Started @573042ms
2019-09-27 09:23:46,761 [main] WARN  impl.MetricsSystemImpl (MetricsSystemImpl.java:register(276)) - Sink prometheus already exists!
2019-09-27 09:23:46,762 [main] INFO  server.BaseHttpServer (BaseHttpServer.java:updateConnectorAddress(215)) - HTTP server of SCM is listening at http://0.0.0.0:43285
2019-09-27 09:23:46,762 [main] WARN  server.ServerUtils (ServerUtils.java:getDBPath(222)) - ozone.om.db.dirs is not configured. We recommend adding this setting. Falling back to ozone.metadata.dirs instead.
2019-09-27 09:23:46,763 [org.apache.hadoop.util.JvmPauseMonitor$Monitor@4645679e] INFO  util.JvmPauseMonitor (JvmPauseMonitor.java:run(188)) - Starting JVM pause monitor
2019-09-27 09:23:46,776 [main] INFO  ha.OMHANodeDetails (OMHANodeDetails.java:loadOMHAConfig(194)) - Configuration either no ozone.om.address set. Falling back to the default OM address /127.0.0.1:0
2019-09-27 09:23:46,777 [main] INFO  ha.OMHANodeDetails (OMHANodeDetails.java:getOMNodeDetails(224)) - OM Service ID is not set. Setting it to the default ID: omServiceIdDefault
2019-09-27 09:23:46,777 [main] WARN  server.ServerUtils (ServerUtils.java:getDBPath(222)) - ozone.om.db.dirs is not configured. We recommend adding this setting. Falling back to ozone.metadata.dirs instead.
2019-09-27 09:23:46,777 [main] WARN  server.ServerUtils (ServerUtils.java:getDBPath(222)) - ozone.om.db.dirs is not configured. We recommend adding this setting. Falling back to ozone.metadata.dirs instead.
2019-09-27 09:23:46,783 [main] WARN  server.ServerUtils (ServerUtils.java:getDBPath(222)) - ozone.om.db.dirs is not configured. We recommend adding this setting. Falling back to ozone.metadata.dirs instead.
2019-09-27 09:23:46,784 [main] INFO  db.DBStoreBuilder (DBStoreBuilder.java:addTable(110)) - using custom profile for table: userTable
2019-09-27 09:23:46,784 [main] INFO  db.DBStoreBuilder (DBStoreBuilder.java:processTables(161)) - Using default column profile:DBProfile.DISK for Table:userTable
2019-09-27 09:23:46,784 [main] INFO  db.DBStoreBuilder (DBStoreBuilder.java:addTable(110)) - using custom profile for table: volumeTable
2019-09-27 09:23:46,784 [main] INFO  db.DBStoreBuilder (DBStoreBuilder.java:processTables(161)) - Using default column profile:DBProfile.DISK for Table:volumeTable
2019-09-27 09:23:46,784 [main] INFO  db.DBStoreBuilder (DBStoreBuilder.java:addTable(110)) - using custom profile for table: bucketTable
2019-09-27 09:23:46,785 [main] INFO  db.DBStoreBuilder (DBStoreBuilder.java:processTables(161)) - Using default column profile:DBProfile.DISK for Table:bucketTable
2019-09-27 09:23:46,785 [main] INFO  db.DBStoreBuilder (DBStoreBuilder.java:addTable(110)) - using custom profile for table: keyTable
2019-09-27 09:23:46,785 [main] INFO  db.DBStoreBuilder (DBStoreBuilder.java:processTables(161)) - Using default column profile:DBProfile.DISK for Table:keyTable
2019-09-27 09:23:46,785 [main] INFO  db.DBStoreBuilder (DBStoreBuilder.java:addTable(110)) - using custom profile for table: deletedTable
2019-09-27 09:23:46,785 [main] INFO  db.DBStoreBuilder (DBStoreBuilder.java:processTables(161)) - Using default column profile:DBProfile.DISK for Table:deletedTable
2019-09-27 09:23:46,785 [main] INFO  db.DBStoreBuilder (DBStoreBuilder.java:addTable(110)) - using custom profile for table: openKeyTable
2019-09-27 09:23:46,786 [main] INFO  db.DBStoreBuilder (DBStoreBuilder.java:processTables(161)) - Using default column profile:DBProfile.DISK for Table:openKeyTable
2019-09-27 09:23:46,786 [main] INFO  db.DBStoreBuilder (DBStoreBuilder.java:addTable(110)) - using custom profile for table: s3Table
2019-09-27 09:23:46,786 [main] INFO  db.DBStoreBuilder (DBStoreBuilder.java:processTables(161)) - Using default column profile:DBProfile.DISK for Table:s3Table
2019-09-27 09:23:46,786 [main] INFO  db.DBStoreBuilder (DBStoreBuilder.java:addTable(110)) - using custom profile for table: multipartInfoTable
2019-09-27 09:23:46,786 [main] INFO  db.DBStoreBuilder (DBStoreBuilder.java:processTables(161)) - Using default column profile:DBProfile.DISK for Table:multipartInfoTable
2019-09-27 09:23:46,786 [main] INFO  db.DBStoreBuilder (DBStoreBuilder.java:addTable(110)) - using custom profile for table: dTokenTable
2019-09-27 09:23:46,787 [main] INFO  db.DBStoreBuilder (DBStoreBuilder.java:processTables(161)) - Using default column profile:DBProfile.DISK for Table:dTokenTable
2019-09-27 09:23:46,787 [main] INFO  db.DBStoreBuilder (DBStoreBuilder.java:addTable(110)) - using custom profile for table: s3SecretTable
2019-09-27 09:23:46,787 [main] INFO  db.DBStoreBuilder (DBStoreBuilder.java:processTables(161)) - Using default column profile:DBProfile.DISK for Table:s3SecretTable
2019-09-27 09:23:46,787 [main] INFO  db.DBStoreBuilder (DBStoreBuilder.java:addTable(110)) - using custom profile for table: prefixTable
2019-09-27 09:23:46,787 [main] INFO  db.DBStoreBuilder (DBStoreBuilder.java:processTables(161)) - Using default column profile:DBProfile.DISK for Table:prefixTable
2019-09-27 09:23:46,787 [main] INFO  db.DBStoreBuilder (DBStoreBuilder.java:addTable(110)) - using custom profile for table: default
2019-09-27 09:23:46,788 [main] INFO  db.DBStoreBuilder (DBStoreBuilder.java:processTables(167)) - Using default column profile:DBProfile.DISK for Table:default
2019-09-27 09:23:46,788 [main] INFO  db.DBStoreBuilder (DBStoreBuilder.java:getDbProfile(198)) - Using default options. DBProfile.DISK
2019-09-27 09:23:47,195 [main] INFO  ipc.CallQueueManager (CallQueueManager.java:<init>(84)) - Using callQueue: class java.util.concurrent.LinkedBlockingQueue, queueCapacity: 2000, scheduler: class org.apache.hadoop.ipc.DefaultRpcScheduler, ipcBackoff: false.
2019-09-27 09:23:47,196 [Socket Reader #1 for port 44729] INFO  ipc.Server (Server.java:run(1074)) - Starting Socket Reader #1 for port 44729
2019-09-27 09:23:47,212 [main] INFO  om.OzoneManager (OzoneManager.java:start(1069)) - OzoneManager RPC server is listening at localhost/127.0.0.1:44729
2019-09-27 09:23:47,212 [main] INFO  impl.MetricsSystemImpl (MetricsSystemImpl.java:init(158)) - OzoneManager metrics system started (again)
2019-09-27 09:23:47,213 [IPC Server Responder] INFO  ipc.Server (Server.java:run(1314)) - IPC Server Responder: starting
2019-09-27 09:23:47,213 [IPC Server listener on 44729] INFO  ipc.Server (Server.java:run(1153)) - IPC Server listener on 44729: starting
2019-09-27 09:23:47,218 [main] INFO  hdfs.DFSUtil (DFSUtil.java:httpServerTemplateForNNAndJN(1641)) - Starting Web-server for ozoneManager at: http://0.0.0.0:0
2019-09-27 09:23:47,219 [main] INFO  server.AuthenticationFilter (AuthenticationFilter.java:constructSecretProvider(240)) - Unable to initialize FileSignerSecretProvider, falling back to use random secrets.
2019-09-27 09:23:47,220 [main] WARN  http.HttpRequestLog (HttpRequestLog.java:getRequestLog(97)) - Jetty request log can only be enabled using Log4j
2019-09-27 09:23:47,222 [main] INFO  http.HttpServer2 (HttpServer2.java:addGlobalFilter(975)) - Added global filter 'safety' (class=org.apache.hadoop.http.HttpServer2$QuotingInputFilter)
2019-09-27 09:23:47,223 [main] INFO  http.HttpServer2 (HttpServer2.java:addFilter(948)) - Added filter static_user_filter (class=org.apache.hadoop.http.lib.StaticUserWebFilter$StaticUserFilter) to context ozoneManager
2019-09-27 09:23:47,223 [main] INFO  http.HttpServer2 (HttpServer2.java:addFilter(958)) - Added filter static_user_filter (class=org.apache.hadoop.http.lib.StaticUserWebFilter$StaticUserFilter) to context logs
2019-09-27 09:23:47,223 [main] INFO  http.HttpServer2 (HttpServer2.java:addFilter(958)) - Added filter static_user_filter (class=org.apache.hadoop.http.lib.StaticUserWebFilter$StaticUserFilter) to context static
2019-09-27 09:23:47,224 [main] INFO  http.HttpServer2 (HttpServer2.java:bindListener(1191)) - Jetty bound to port 37174
2019-09-27 09:23:47,224 [main] INFO  server.Server (Server.java:doStart(351)) - jetty-9.3.25.v20180904, build timestamp: 2018-09-04T21:11:46Z, git hash: 3ce520221d0240229c862b122d2b06c12a625732
2019-09-27 09:23:47,225 [main] INFO  handler.ContextHandler (ContextHandler.java:doStart(781)) - Started o.e.j.s.ServletContextHandler@2f0ccb34{/logs,file:///workdir/hadoop-ozone/integration-test/target/log,AVAILABLE}
2019-09-27 09:23:47,226 [main] INFO  handler.ContextHandler (ContextHandler.java:doStart(781)) - Started o.e.j.s.ServletContextHandler@55296b50{/static,file:///workdir/hadoop-ozone/integration-test/target/test-classes/webapps/static,AVAILABLE}
2019-09-27 09:23:47,231 [main] INFO  handler.ContextHandler (ContextHandler.java:doStart(781)) - Started o.e.j.w.WebAppContext@75bd28d{/,file:///workdir/hadoop-ozone/integration-test/target/test-classes/webapps/ozoneManager/,AVAILABLE}{/ozoneManager}
2019-09-27 09:23:47,231 [main] INFO  server.AbstractConnector (AbstractConnector.java:doStart(278)) - Started ServerConnector@129c4d19{HTTP/1.1,[http/1.1]}{0.0.0.0:37174}
2019-09-27 09:23:47,232 [main] INFO  server.Server (Server.java:doStart(419)) - Started @573514ms
2019-09-27 09:23:47,233 [main] WARN  impl.MetricsSystemImpl (MetricsSystemImpl.java:register(276)) - Sink prometheus already exists!
2019-09-27 09:23:47,233 [main] INFO  server.BaseHttpServer (BaseHttpServer.java:updateConnectorAddress(215)) - HTTP server of OZONEMANAGER is listening at http://0.0.0.0:37174
2019-09-27 09:23:47,262 [main] INFO  impl.MetricsSystemImpl (MetricsSystemImpl.java:init(158)) - HddsDatanode metrics system started (again)
2019-09-27 09:23:47,266 [main] INFO  ozone.HddsDatanodeService (HddsDatanodeService.java:start(184)) - HddsDatanodeService host:pr-hdds2162-4fxhj-20988671 ip:192.168.151.103
2019-09-27 09:23:47,271 [main] INFO  volume.HddsVolume (HddsVolume.java:<init>(176)) - Creating Volume: /workdir/hadoop-ozone/integration-test/target/test-dir/MiniOzoneClusterImpl-398c5316-7398-4fb3-bac3-d05c7117414d/datanode-0/data/containers/hdds of  storage type : DISK and capacity : 1482555576320
2019-09-27 09:23:47,271 [main] INFO  volume.VolumeSet (VolumeSet.java:initializeVolumeSet(170)) - Added Volume : /workdir/hadoop-ozone/integration-test/target/test-dir/MiniOzoneClusterImpl-398c5316-7398-4fb3-bac3-d05c7117414d/datanode-0/data/containers/hdds to VolumeSet
2019-09-27 09:23:47,272 [main] INFO  volume.ThrottledAsyncChecker (ThrottledAsyncChecker.java:schedule(139)) - Scheduling a check for org.apache.hadoop.ozone.container.common.volume.HddsVolume@49c1e294
2019-09-27 09:23:47,273 [main] INFO  volume.HddsVolumeChecker (HddsVolumeChecker.java:checkAllVolumes(202)) - Scheduled health check for volume org.apache.hadoop.ozone.container.common.volume.HddsVolume@49c1e294
2019-09-27 09:23:47,289 [main] INFO  impl.RaftServerProxy (ConfUtils.java:logGet(43)) - raft.rpc.type = GRPC (default)
2019-09-27 09:23:47,290 [main] INFO  grpc.GrpcFactory (GrpcFactory.java:checkPooledByteBufAllocatorUseCacheForAllThreads(45)) - PERFORMANCE WARNING: useCacheForAllThreads is true that may cause Netty to create a lot garbage objects and, as a result, trigger GC.
	It is recommended to disable useCacheForAllThreads by setting -Dorg.apache.ratis.thirdparty.io.netty.allocator.useCacheForAllThreads=false in command line.
2019-09-27 09:23:47,290 [main] INFO  grpc.GrpcConfigKeys$Server (ConfUtils.java:logGet(43)) - raft.grpc.server.port = 0 (default)
2019-09-27 09:23:47,290 [main] INFO  server.GrpcService (ConfUtils.java:logGet(43)) - raft.grpc.message.size.max = 33570816 (custom)
2019-09-27 09:23:47,290 [main] INFO  server.RaftServerConfigKeys (ConfUtils.java:logGet(43)) - raft.server.log.appender.buffer.byte-limit = 33554432 (custom)
2019-09-27 09:23:47,291 [main] INFO  server.GrpcService (ConfUtils.java:logGet(43)) - raft.grpc.flow.control.window = 1MB (=1048576) (default)
2019-09-27 09:23:47,291 [main] INFO  server.RaftServerConfigKeys (ConfUtils.java:logGet(43)) - raft.server.rpc.request.timeout = 3000ms (default)
2019-09-27 09:23:47,292 [main] INFO  server.RaftServerConfigKeys (ConfUtils.java:logGet(43)) - raft.server.storage.dir = [/workdir/hadoop-ozone/integration-test/target/test-dir/MiniOzoneClusterImpl-398c5316-7398-4fb3-bac3-d05c7117414d/datanode-0/data/ratis] (custom)
2019-09-27 09:23:47,294 [main] INFO  hdfs.DFSUtil (DFSUtil.java:httpServerTemplateForNNAndJN(1641)) - Starting Web-server for hddsDatanode at: http://0.0.0.0:0
2019-09-27 09:23:47,295 [main] INFO  server.AuthenticationFilter (AuthenticationFilter.java:constructSecretProvider(240)) - Unable to initialize FileSignerSecretProvider, falling back to use random secrets.
2019-09-27 09:23:47,296 [main] WARN  http.HttpRequestLog (HttpRequestLog.java:getRequestLog(97)) - Jetty request log can only be enabled using Log4j
2019-09-27 09:23:47,298 [main] INFO  http.HttpServer2 (HttpServer2.java:addGlobalFilter(975)) - Added global filter 'safety' (class=org.apache.hadoop.http.HttpServer2$QuotingInputFilter)
2019-09-27 09:23:47,298 [main] INFO  http.HttpServer2 (HttpServer2.java:addFilter(948)) - Added filter static_user_filter (class=org.apache.hadoop.http.lib.StaticUserWebFilter$StaticUserFilter) to context hddsDatanode
2019-09-27 09:23:47,298 [main] INFO  http.HttpServer2 (HttpServer2.java:addFilter(958)) - Added filter static_user_filter (class=org.apache.hadoop.http.lib.StaticUserWebFilter$StaticUserFilter) to context logs
2019-09-27 09:23:47,299 [main] INFO  http.HttpServer2 (HttpServer2.java:addFilter(958)) - Added filter static_user_filter (class=org.apache.hadoop.http.lib.StaticUserWebFilter$StaticUserFilter) to context static
2019-09-27 09:23:47,299 [main] INFO  http.HttpServer2 (HttpServer2.java:bindListener(1191)) - Jetty bound to port 40309
2019-09-27 09:23:47,300 [main] INFO  server.Server (Server.java:doStart(351)) - jetty-9.3.25.v20180904, build timestamp: 2018-09-04T21:11:46Z, git hash: 3ce520221d0240229c862b122d2b06c12a625732
2019-09-27 09:23:47,301 [main] INFO  handler.ContextHandler (ContextHandler.java:doStart(781)) - Started o.e.j.s.ServletContextHandler@284990de{/logs,file:///workdir/hadoop-ozone/integration-test/target/log,AVAILABLE}
2019-09-27 09:23:47,302 [main] INFO  handler.ContextHandler (ContextHandler.java:doStart(781)) - Started o.e.j.s.ServletContextHandler@6aea99e7{/static,jar:file:/home/user/.m2/repository/org/apache/hadoop/hadoop-hdds-container-service/0.5.0-SNAPSHOT/hadoop-hdds-container-service-0.5.0-SNAPSHOT.jar!/webapps/static,AVAILABLE}
2019-09-27 09:23:47,333 [main] INFO  handler.ContextHandler (ContextHandler.java:doStart(781)) - Started o.e.j.w.WebAppContext@454bcbbf{/,file:///tmp/jetty-0.0.0.0-40309-hddsDatanode-_-any-4331137617984649890.dir/webapp/,AVAILABLE}{/hddsDatanode}
2019-09-27 09:23:47,334 [main] INFO  server.AbstractConnector (AbstractConnector.java:doStart(278)) - Started ServerConnector@2c9fdb64{HTTP/1.1,[http/1.1]}{0.0.0.0:40309}
2019-09-27 09:23:47,335 [main] INFO  server.Server (Server.java:doStart(419)) - Started @573616ms
2019-09-27 09:23:47,335 [main] WARN  impl.MetricsSystemImpl (MetricsSystemImpl.java:register(276)) - Sink prometheus already exists!
2019-09-27 09:23:47,336 [main] INFO  server.BaseHttpServer (BaseHttpServer.java:updateConnectorAddress(215)) - HTTP server of HDDSDATANODE is listening at http://0.0.0.0:40309
2019-09-27 09:23:47,336 [main] INFO  impl.MetricsSystemImpl (MetricsSystemImpl.java:init(158)) - HddsDatanode metrics system started (again)
2019-09-27 09:23:47,339 [org.apache.hadoop.util.JvmPauseMonitor$Monitor@d8a3a86] INFO  util.JvmPauseMonitor (JvmPauseMonitor.java:run(188)) - Starting JVM pause monitor
2019-09-27 09:23:47,339 [main] INFO  ozone.HddsDatanodeService (HddsDatanodeService.java:start(184)) - HddsDatanodeService host:pr-hdds2162-4fxhj-20988671 ip:192.168.151.103
2019-09-27 09:23:47,341 [Datanode State Machine Thread - 0] INFO  datanode.InitDatanodeState (InitDatanodeState.java:persistContainerDatanodeDetails(140)) - DatanodeDetails is persisted to /workdir/hadoop-ozone/integration-test/target/test-dir/MiniOzoneClusterImpl-398c5316-7398-4fb3-bac3-d05c7117414d/datanode-0/meta/datanode.id
2019-09-27 09:23:47,344 [main] INFO  volume.HddsVolume (HddsVolume.java:<init>(176)) - Creating Volume: /workdir/hadoop-ozone/integration-test/target/test-dir/MiniOzoneClusterImpl-398c5316-7398-4fb3-bac3-d05c7117414d/datanode-1/data/containers/hdds of  storage type : DISK and capacity : 1482555576320
2019-09-27 09:23:47,344 [main] INFO  volume.VolumeSet (VolumeSet.java:initializeVolumeSet(170)) - Added Volume : /workdir/hadoop-ozone/integration-test/target/test-dir/MiniOzoneClusterImpl-398c5316-7398-4fb3-bac3-d05c7117414d/datanode-1/data/containers/hdds to VolumeSet
2019-09-27 09:23:47,345 [main] INFO  volume.ThrottledAsyncChecker (ThrottledAsyncChecker.java:schedule(139)) - Scheduling a check for org.apache.hadoop.ozone.container.common.volume.HddsVolume@2017f6e6
2019-09-27 09:23:47,345 [main] INFO  volume.HddsVolumeChecker (HddsVolumeChecker.java:checkAllVolumes(202)) - Scheduled health check for volume org.apache.hadoop.ozone.container.common.volume.HddsVolume@2017f6e6
2019-09-27 09:23:47,357 [main] INFO  impl.RaftServerProxy (ConfUtils.java:logGet(43)) - raft.rpc.type = GRPC (default)
2019-09-27 09:23:47,357 [main] INFO  grpc.GrpcFactory (GrpcFactory.java:checkPooledByteBufAllocatorUseCacheForAllThreads(45)) - PERFORMANCE WARNING: useCacheForAllThreads is true that may cause Netty to create a lot garbage objects and, as a result, trigger GC.
	It is recommended to disable useCacheForAllThreads by setting -Dorg.apache.ratis.thirdparty.io.netty.allocator.useCacheForAllThreads=false in command line.
2019-09-27 09:23:47,357 [main] INFO  grpc.GrpcConfigKeys$Server (ConfUtils.java:logGet(43)) - raft.grpc.server.port = 0 (default)
2019-09-27 09:23:47,357 [main] INFO  server.GrpcService (ConfUtils.java:logGet(43)) - raft.grpc.message.size.max = 33570816 (custom)
2019-09-27 09:23:47,357 [main] INFO  server.RaftServerConfigKeys (ConfUtils.java:logGet(43)) - raft.server.log.appender.buffer.byte-limit = 33554432 (custom)
2019-09-27 09:23:47,358 [main] INFO  server.GrpcService (ConfUtils.java:logGet(43)) - raft.grpc.flow.control.window = 1MB (=1048576) (default)
2019-09-27 09:23:47,358 [main] INFO  server.RaftServerConfigKeys (ConfUtils.java:logGet(43)) - raft.server.rpc.request.timeout = 3000ms (default)
2019-09-27 09:23:47,358 [main] INFO  server.RaftServerConfigKeys (ConfUtils.java:logGet(43)) - raft.server.storage.dir = [/workdir/hadoop-ozone/integration-test/target/test-dir/MiniOzoneClusterImpl-398c5316-7398-4fb3-bac3-d05c7117414d/datanode-1/data/ratis] (custom)
2019-09-27 09:23:47,359 [main] INFO  hdfs.DFSUtil (DFSUtil.java:httpServerTemplateForNNAndJN(1641)) - Starting Web-server for hddsDatanode at: http://0.0.0.0:0
2019-09-27 09:23:47,361 [main] INFO  server.AuthenticationFilter (AuthenticationFilter.java:constructSecretProvider(240)) - Unable to initialize FileSignerSecretProvider, falling back to use random secrets.
2019-09-27 09:23:47,361 [main] WARN  http.HttpRequestLog (HttpRequestLog.java:getRequestLog(97)) - Jetty request log can only be enabled using Log4j
2019-09-27 09:23:47,362 [main] INFO  http.HttpServer2 (HttpServer2.java:addGlobalFilter(975)) - Added global filter 'safety' (class=org.apache.hadoop.http.HttpServer2$QuotingInputFilter)
2019-09-27 09:23:47,363 [main] INFO  http.HttpServer2 (HttpServer2.java:addFilter(948)) - Added filter static_user_filter (class=org.apache.hadoop.http.lib.StaticUserWebFilter$StaticUserFilter) to context hddsDatanode
2019-09-27 09:23:47,363 [main] INFO  http.HttpServer2 (HttpServer2.java:addFilter(958)) - Added filter static_user_filter (class=org.apache.hadoop.http.lib.StaticUserWebFilter$StaticUserFilter) to context logs
2019-09-27 09:23:47,363 [main] INFO  http.HttpServer2 (HttpServer2.java:addFilter(958)) - Added filter static_user_filter (class=org.apache.hadoop.http.lib.StaticUserWebFilter$StaticUserFilter) to context static
2019-09-27 09:23:47,363 [main] INFO  http.HttpServer2 (HttpServer2.java:bindListener(1191)) - Jetty bound to port 39421
2019-09-27 09:23:47,364 [main] INFO  server.Server (Server.java:doStart(351)) - jetty-9.3.25.v20180904, build timestamp: 2018-09-04T21:11:46Z, git hash: 3ce520221d0240229c862b122d2b06c12a625732
2019-09-27 09:23:47,365 [main] INFO  handler.ContextHandler (ContextHandler.java:doStart(781)) - Started o.e.j.s.ServletContextHandler@226d5af0{/logs,file:///workdir/hadoop-ozone/integration-test/target/log,AVAILABLE}
2019-09-27 09:23:47,365 [main] INFO  handler.ContextHandler (ContextHandler.java:doStart(781)) - Started o.e.j.s.ServletContextHandler@36d582cb{/static,jar:file:/home/user/.m2/repository/org/apache/hadoop/hadoop-hdds-container-service/0.5.0-SNAPSHOT/hadoop-hdds-container-service-0.5.0-SNAPSHOT.jar!/webapps/static,AVAILABLE}
2019-09-27 09:23:47,554 [main] INFO  handler.ContextHandler (ContextHandler.java:doStart(781)) - Started o.e.j.w.WebAppContext@19a5b637{/,file:///tmp/jetty-0.0.0.0-39421-hddsDatanode-_-any-5329695059428705102.dir/webapp/,AVAILABLE}{/hddsDatanode}
2019-09-27 09:23:47,554 [main] INFO  server.AbstractConnector (AbstractConnector.java:doStart(278)) - Started ServerConnector@4f3c7808{HTTP/1.1,[http/1.1]}{0.0.0.0:39421}
2019-09-27 09:23:47,554 [main] INFO  server.Server (Server.java:doStart(419)) - Started @573835ms
2019-09-27 09:23:47,556 [main] WARN  impl.MetricsSystemImpl (MetricsSystemImpl.java:register(276)) - Sink prometheus already exists!
2019-09-27 09:23:47,557 [main] INFO  server.BaseHttpServer (BaseHttpServer.java:updateConnectorAddress(215)) - HTTP server of HDDSDATANODE is listening at http://0.0.0.0:39421
2019-09-27 09:23:47,557 [main] INFO  impl.MetricsSystemImpl (MetricsSystemImpl.java:init(158)) - HddsDatanode metrics system started (again)
2019-09-27 09:23:47,560 [org.apache.hadoop.util.JvmPauseMonitor$Monitor@40685599] INFO  util.JvmPauseMonitor (JvmPauseMonitor.java:run(188)) - Starting JVM pause monitor
2019-09-27 09:23:47,560 [main] INFO  ozone.HddsDatanodeService (HddsDatanodeService.java:start(184)) - HddsDatanodeService host:pr-hdds2162-4fxhj-20988671 ip:192.168.151.103
2019-09-27 09:23:47,561 [Datanode State Machine Thread - 0] INFO  datanode.InitDatanodeState (InitDatanodeState.java:persistContainerDatanodeDetails(140)) - DatanodeDetails is persisted to /workdir/hadoop-ozone/integration-test/target/test-dir/MiniOzoneClusterImpl-398c5316-7398-4fb3-bac3-d05c7117414d/datanode-1/meta/datanode.id
2019-09-27 09:23:47,565 [main] INFO  volume.HddsVolume (HddsVolume.java:<init>(176)) - Creating Volume: /workdir/hadoop-ozone/integration-test/target/test-dir/MiniOzoneClusterImpl-398c5316-7398-4fb3-bac3-d05c7117414d/datanode-2/data/containers/hdds of  storage type : DISK and capacity : 1482555576320
2019-09-27 09:23:47,566 [main] INFO  volume.VolumeSet (VolumeSet.java:initializeVolumeSet(170)) - Added Volume : /workdir/hadoop-ozone/integration-test/target/test-dir/MiniOzoneClusterImpl-398c5316-7398-4fb3-bac3-d05c7117414d/datanode-2/data/containers/hdds to VolumeSet
2019-09-27 09:23:47,566 [main] INFO  volume.ThrottledAsyncChecker (ThrottledAsyncChecker.java:schedule(139)) - Scheduling a check for org.apache.hadoop.ozone.container.common.volume.HddsVolume@56fda064
2019-09-27 09:23:47,567 [main] INFO  volume.HddsVolumeChecker (HddsVolumeChecker.java:checkAllVolumes(202)) - Scheduled health check for volume org.apache.hadoop.ozone.container.common.volume.HddsVolume@56fda064
2019-09-27 09:23:47,582 [main] INFO  impl.RaftServerProxy (ConfUtils.java:logGet(43)) - raft.rpc.type = GRPC (default)
2019-09-27 09:23:47,583 [main] INFO  grpc.GrpcFactory (GrpcFactory.java:checkPooledByteBufAllocatorUseCacheForAllThreads(45)) - PERFORMANCE WARNING: useCacheForAllThreads is true that may cause Netty to create a lot garbage objects and, as a result, trigger GC.
	It is recommended to disable useCacheForAllThreads by setting -Dorg.apache.ratis.thirdparty.io.netty.allocator.useCacheForAllThreads=false in command line.
2019-09-27 09:23:47,583 [main] INFO  grpc.GrpcConfigKeys$Server (ConfUtils.java:logGet(43)) - raft.grpc.server.port = 0 (default)
2019-09-27 09:23:47,583 [main] INFO  server.GrpcService (ConfUtils.java:logGet(43)) - raft.grpc.message.size.max = 33570816 (custom)
2019-09-27 09:23:47,583 [main] INFO  server.RaftServerConfigKeys (ConfUtils.java:logGet(43)) - raft.server.log.appender.buffer.byte-limit = 33554432 (custom)
2019-09-27 09:23:47,584 [main] INFO  server.GrpcService (ConfUtils.java:logGet(43)) - raft.grpc.flow.control.window = 1MB (=1048576) (default)
2019-09-27 09:23:47,584 [main] INFO  server.RaftServerConfigKeys (ConfUtils.java:logGet(43)) - raft.server.rpc.request.timeout = 3000ms (default)
2019-09-27 09:23:47,584 [main] INFO  server.RaftServerConfigKeys (ConfUtils.java:logGet(43)) - raft.server.storage.dir = [/workdir/hadoop-ozone/integration-test/target/test-dir/MiniOzoneClusterImpl-398c5316-7398-4fb3-bac3-d05c7117414d/datanode-2/data/ratis] (custom)
2019-09-27 09:23:47,586 [main] INFO  hdfs.DFSUtil (DFSUtil.java:httpServerTemplateForNNAndJN(1641)) - Starting Web-server for hddsDatanode at: http://0.0.0.0:0
2019-09-27 09:23:47,588 [main] INFO  server.AuthenticationFilter (AuthenticationFilter.java:constructSecretProvider(240)) - Unable to initialize FileSignerSecretProvider, falling back to use random secrets.
2019-09-27 09:23:47,588 [main] WARN  http.HttpRequestLog (HttpRequestLog.java:getRequestLog(97)) - Jetty request log can only be enabled using Log4j
2019-09-27 09:23:47,590 [main] INFO  http.HttpServer2 (HttpServer2.java:addGlobalFilter(975)) - Added global filter 'safety' (class=org.apache.hadoop.http.HttpServer2$QuotingInputFilter)
2019-09-27 09:23:47,591 [main] INFO  http.HttpServer2 (HttpServer2.java:addFilter(948)) - Added filter static_user_filter (class=org.apache.hadoop.http.lib.StaticUserWebFilter$StaticUserFilter) to context hddsDatanode
2019-09-27 09:23:47,591 [main] INFO  http.HttpServer2 (HttpServer2.java:addFilter(958)) - Added filter static_user_filter (class=org.apache.hadoop.http.lib.StaticUserWebFilter$StaticUserFilter) to context logs
2019-09-27 09:23:47,591 [main] INFO  http.HttpServer2 (HttpServer2.java:addFilter(958)) - Added filter static_user_filter (class=org.apache.hadoop.http.lib.StaticUserWebFilter$StaticUserFilter) to context static
2019-09-27 09:23:47,592 [main] INFO  http.HttpServer2 (HttpServer2.java:bindListener(1191)) - Jetty bound to port 38520
2019-09-27 09:23:47,592 [main] INFO  server.Server (Server.java:doStart(351)) - jetty-9.3.25.v20180904, build timestamp: 2018-09-04T21:11:46Z, git hash: 3ce520221d0240229c862b122d2b06c12a625732
2019-09-27 09:23:47,593 [main] INFO  handler.ContextHandler (ContextHandler.java:doStart(781)) - Started o.e.j.s.ServletContextHandler@289f15e9{/logs,file:///workdir/hadoop-ozone/integration-test/target/log,AVAILABLE}
2019-09-27 09:23:47,594 [main] INFO  handler.ContextHandler (ContextHandler.java:doStart(781)) - Started o.e.j.s.ServletContextHandler@6af87130{/static,jar:file:/home/user/.m2/repository/org/apache/hadoop/hadoop-hdds-container-service/0.5.0-SNAPSHOT/hadoop-hdds-container-service-0.5.0-SNAPSHOT.jar!/webapps/static,AVAILABLE}
2019-09-27 09:23:47,621 [main] INFO  handler.ContextHandler (ContextHandler.java:doStart(781)) - Started o.e.j.w.WebAppContext@2c7c0e36{/,file:///tmp/jetty-0.0.0.0-38520-hddsDatanode-_-any-8388642847403079094.dir/webapp/,AVAILABLE}{/hddsDatanode}
2019-09-27 09:23:47,622 [main] INFO  server.AbstractConnector (AbstractConnector.java:doStart(278)) - Started ServerConnector@307cf964{HTTP/1.1,[http/1.1]}{0.0.0.0:38520}
2019-09-27 09:23:47,623 [main] INFO  server.Server (Server.java:doStart(419)) - Started @573904ms
2019-09-27 09:23:47,623 [main] WARN  impl.MetricsSystemImpl (MetricsSystemImpl.java:register(276)) - Sink prometheus already exists!
2019-09-27 09:23:47,624 [main] INFO  server.BaseHttpServer (BaseHttpServer.java:updateConnectorAddress(215)) - HTTP server of HDDSDATANODE is listening at http://0.0.0.0:38520
2019-09-27 09:23:47,624 [main] INFO  impl.MetricsSystemImpl (MetricsSystemImpl.java:init(158)) - HddsDatanode metrics system started (again)
2019-09-27 09:23:47,627 [org.apache.hadoop.util.JvmPauseMonitor$Monitor@3a8ac38a] INFO  util.JvmPauseMonitor (JvmPauseMonitor.java:run(188)) - Starting JVM pause monitor
2019-09-27 09:23:47,627 [main] INFO  ozone.HddsDatanodeService (HddsDatanodeService.java:start(184)) - HddsDatanodeService host:pr-hdds2162-4fxhj-20988671 ip:192.168.151.103
2019-09-27 09:23:47,628 [Datanode State Machine Thread - 0] INFO  datanode.InitDatanodeState (InitDatanodeState.java:persistContainerDatanodeDetails(140)) - DatanodeDetails is persisted to /workdir/hadoop-ozone/integration-test/target/test-dir/MiniOzoneClusterImpl-398c5316-7398-4fb3-bac3-d05c7117414d/datanode-2/meta/datanode.id
2019-09-27 09:23:47,633 [main] INFO  volume.HddsVolume (HddsVolume.java:<init>(176)) - Creating Volume: /workdir/hadoop-ozone/integration-test/target/test-dir/MiniOzoneClusterImpl-398c5316-7398-4fb3-bac3-d05c7117414d/datanode-3/data/containers/hdds of  storage type : DISK and capacity : 1482555576320
2019-09-27 09:23:47,633 [main] INFO  volume.VolumeSet (VolumeSet.java:initializeVolumeSet(170)) - Added Volume : /workdir/hadoop-ozone/integration-test/target/test-dir/MiniOzoneClusterImpl-398c5316-7398-4fb3-bac3-d05c7117414d/datanode-3/data/containers/hdds to VolumeSet
2019-09-27 09:23:47,634 [main] INFO  volume.ThrottledAsyncChecker (ThrottledAsyncChecker.java:schedule(139)) - Scheduling a check for org.apache.hadoop.ozone.container.common.volume.HddsVolume@2e0ad709
2019-09-27 09:23:47,634 [main] INFO  volume.HddsVolumeChecker (HddsVolumeChecker.java:checkAllVolumes(202)) - Scheduled health check for volume org.apache.hadoop.ozone.container.common.volume.HddsVolume@2e0ad709
2019-09-27 09:23:47,646 [main] INFO  impl.RaftServerProxy (ConfUtils.java:logGet(43)) - raft.rpc.type = GRPC (default)
2019-09-27 09:23:47,646 [main] INFO  grpc.GrpcFactory (GrpcFactory.java:checkPooledByteBufAllocatorUseCacheForAllThreads(45)) - PERFORMANCE WARNING: useCacheForAllThreads is true that may cause Netty to create a lot garbage objects and, as a result, trigger GC.
	It is recommended to disable useCacheForAllThreads by setting -Dorg.apache.ratis.thirdparty.io.netty.allocator.useCacheForAllThreads=false in command line.
2019-09-27 09:23:47,646 [main] INFO  grpc.GrpcConfigKeys$Server (ConfUtils.java:logGet(43)) - raft.grpc.server.port = 0 (default)
2019-09-27 09:23:47,646 [main] INFO  server.GrpcService (ConfUtils.java:logGet(43)) - raft.grpc.message.size.max = 33570816 (custom)
2019-09-27 09:23:47,646 [main] INFO  server.RaftServerConfigKeys (ConfUtils.java:logGet(43)) - raft.server.log.appender.buffer.byte-limit = 33554432 (custom)
2019-09-27 09:23:47,647 [main] INFO  server.GrpcService (ConfUtils.java:logGet(43)) - raft.grpc.flow.control.window = 1MB (=1048576) (default)
2019-09-27 09:23:47,647 [main] INFO  server.RaftServerConfigKeys (ConfUtils.java:logGet(43)) - raft.server.rpc.request.timeout = 3000ms (default)
2019-09-27 09:23:47,647 [main] INFO  server.RaftServerConfigKeys (ConfUtils.java:logGet(43)) - raft.server.storage.dir = [/workdir/hadoop-ozone/integration-test/target/test-dir/MiniOzoneClusterImpl-398c5316-7398-4fb3-bac3-d05c7117414d/datanode-3/data/ratis] (custom)
2019-09-27 09:23:47,648 [main] INFO  hdfs.DFSUtil (DFSUtil.java:httpServerTemplateForNNAndJN(1641)) - Starting Web-server for hddsDatanode at: http://0.0.0.0:0
2019-09-27 09:23:47,649 [main] INFO  server.AuthenticationFilter (AuthenticationFilter.java:constructSecretProvider(240)) - Unable to initialize FileSignerSecretProvider, falling back to use random secrets.
2019-09-27 09:23:47,650 [main] WARN  http.HttpRequestLog (HttpRequestLog.java:getRequestLog(97)) - Jetty request log can only be enabled using Log4j
2019-09-27 09:23:47,651 [main] INFO  http.HttpServer2 (HttpServer2.java:addGlobalFilter(975)) - Added global filter 'safety' (class=org.apache.hadoop.http.HttpServer2$QuotingInputFilter)
2019-09-27 09:23:47,652 [main] INFO  http.HttpServer2 (HttpServer2.java:addFilter(948)) - Added filter static_user_filter (class=org.apache.hadoop.http.lib.StaticUserWebFilter$StaticUserFilter) to context hddsDatanode
2019-09-27 09:23:47,652 [main] INFO  http.HttpServer2 (HttpServer2.java:addFilter(958)) - Added filter static_user_filter (class=org.apache.hadoop.http.lib.StaticUserWebFilter$StaticUserFilter) to context logs
2019-09-27 09:23:47,652 [main] INFO  http.HttpServer2 (HttpServer2.java:addFilter(958)) - Added filter static_user_filter (class=org.apache.hadoop.http.lib.StaticUserWebFilter$StaticUserFilter) to context static
2019-09-27 09:23:47,652 [main] INFO  http.HttpServer2 (HttpServer2.java:bindListener(1191)) - Jetty bound to port 34194
2019-09-27 09:23:47,653 [main] INFO  server.Server (Server.java:doStart(351)) - jetty-9.3.25.v20180904, build timestamp: 2018-09-04T21:11:46Z, git hash: 3ce520221d0240229c862b122d2b06c12a625732
2019-09-27 09:23:47,654 [main] INFO  handler.ContextHandler (ContextHandler.java:doStart(781)) - Started o.e.j.s.ServletContextHandler@7761e342{/logs,file:///workdir/hadoop-ozone/integration-test/target/log,AVAILABLE}
2019-09-27 09:23:47,654 [main] INFO  handler.ContextHandler (ContextHandler.java:doStart(781)) - Started o.e.j.s.ServletContextHandler@4eb9ae4d{/static,jar:file:/home/user/.m2/repository/org/apache/hadoop/hadoop-hdds-container-service/0.5.0-SNAPSHOT/hadoop-hdds-container-service-0.5.0-SNAPSHOT.jar!/webapps/static,AVAILABLE}
2019-09-27 09:23:47,679 [main] INFO  handler.ContextHandler (ContextHandler.java:doStart(781)) - Started o.e.j.w.WebAppContext@2abc55c4{/,file:///tmp/jetty-0.0.0.0-34194-hddsDatanode-_-any-7950296711316286615.dir/webapp/,AVAILABLE}{/hddsDatanode}
2019-09-27 09:23:47,680 [main] INFO  server.AbstractConnector (AbstractConnector.java:doStart(278)) - Started ServerConnector@4e958f08{HTTP/1.1,[http/1.1]}{0.0.0.0:34194}
2019-09-27 09:23:47,681 [main] INFO  server.Server (Server.java:doStart(419)) - Started @573962ms
2019-09-27 09:23:47,681 [main] WARN  impl.MetricsSystemImpl (MetricsSystemImpl.java:register(276)) - Sink prometheus already exists!
2019-09-27 09:23:47,682 [main] INFO  server.BaseHttpServer (BaseHttpServer.java:updateConnectorAddress(215)) - HTTP server of HDDSDATANODE is listening at http://0.0.0.0:34194
2019-09-27 09:23:47,682 [main] INFO  impl.MetricsSystemImpl (MetricsSystemImpl.java:init(158)) - HddsDatanode metrics system started (again)
2019-09-27 09:23:47,686 [org.apache.hadoop.util.JvmPauseMonitor$Monitor@3c31f28f] INFO  util.JvmPauseMonitor (JvmPauseMonitor.java:run(188)) - Starting JVM pause monitor
2019-09-27 09:23:47,686 [main] INFO  ozone.HddsDatanodeService (HddsDatanodeService.java:start(184)) - HddsDatanodeService host:pr-hdds2162-4fxhj-20988671 ip:192.168.151.103
2019-09-27 09:23:47,687 [Datanode State Machine Thread - 0] INFO  datanode.InitDatanodeState (InitDatanodeState.java:persistContainerDatanodeDetails(140)) - DatanodeDetails is persisted to /workdir/hadoop-ozone/integration-test/target/test-dir/MiniOzoneClusterImpl-398c5316-7398-4fb3-bac3-d05c7117414d/datanode-3/meta/datanode.id
2019-09-27 09:23:47,691 [main] INFO  volume.HddsVolume (HddsVolume.java:<init>(176)) - Creating Volume: /workdir/hadoop-ozone/integration-test/target/test-dir/MiniOzoneClusterImpl-398c5316-7398-4fb3-bac3-d05c7117414d/datanode-4/data/containers/hdds of  storage type : DISK and capacity : 1482555576320
2019-09-27 09:23:47,691 [main] INFO  volume.VolumeSet (VolumeSet.java:initializeVolumeSet(170)) - Added Volume : /workdir/hadoop-ozone/integration-test/target/test-dir/MiniOzoneClusterImpl-398c5316-7398-4fb3-bac3-d05c7117414d/datanode-4/data/containers/hdds to VolumeSet
2019-09-27 09:23:47,691 [main] INFO  volume.ThrottledAsyncChecker (ThrottledAsyncChecker.java:schedule(139)) - Scheduling a check for org.apache.hadoop.ozone.container.common.volume.HddsVolume@79cb8ffa
2019-09-27 09:23:47,691 [main] INFO  volume.HddsVolumeChecker (HddsVolumeChecker.java:checkAllVolumes(202)) - Scheduled health check for volume org.apache.hadoop.ozone.container.common.volume.HddsVolume@79cb8ffa
2019-09-27 09:23:47,703 [main] INFO  impl.RaftServerProxy (ConfUtils.java:logGet(43)) - raft.rpc.type = GRPC (default)
2019-09-27 09:23:47,703 [main] INFO  grpc.GrpcFactory (GrpcFactory.java:checkPooledByteBufAllocatorUseCacheForAllThreads(45)) - PERFORMANCE WARNING: useCacheForAllThreads is true that may cause Netty to create a lot garbage objects and, as a result, trigger GC.
	It is recommended to disable useCacheForAllThreads by setting -Dorg.apache.ratis.thirdparty.io.netty.allocator.useCacheForAllThreads=false in command line.
2019-09-27 09:23:47,703 [main] INFO  grpc.GrpcConfigKeys$Server (ConfUtils.java:logGet(43)) - raft.grpc.server.port = 0 (default)
2019-09-27 09:23:47,703 [main] INFO  server.GrpcService (ConfUtils.java:logGet(43)) - raft.grpc.message.size.max = 33570816 (custom)
2019-09-27 09:23:47,703 [main] INFO  server.RaftServerConfigKeys (ConfUtils.java:logGet(43)) - raft.server.log.appender.buffer.byte-limit = 33554432 (custom)
2019-09-27 09:23:47,704 [main] INFO  server.GrpcService (ConfUtils.java:logGet(43)) - raft.grpc.flow.control.window = 1MB (=1048576) (default)
2019-09-27 09:23:47,704 [main] INFO  server.RaftServerConfigKeys (ConfUtils.java:logGet(43)) - raft.server.rpc.request.timeout = 3000ms (default)
2019-09-27 09:23:47,704 [main] INFO  server.RaftServerConfigKeys (ConfUtils.java:logGet(43)) - raft.server.storage.dir = [/workdir/hadoop-ozone/integration-test/target/test-dir/MiniOzoneClusterImpl-398c5316-7398-4fb3-bac3-d05c7117414d/datanode-4/data/ratis] (custom)
2019-09-27 09:23:47,705 [main] INFO  hdfs.DFSUtil (DFSUtil.java:httpServerTemplateForNNAndJN(1641)) - Starting Web-server for hddsDatanode at: http://0.0.0.0:0
2019-09-27 09:23:47,707 [main] INFO  server.AuthenticationFilter (AuthenticationFilter.java:constructSecretProvider(240)) - Unable to initialize FileSignerSecretProvider, falling back to use random secrets.
2019-09-27 09:23:47,707 [main] WARN  http.HttpRequestLog (HttpRequestLog.java:getRequestLog(97)) - Jetty request log can only be enabled using Log4j
2019-09-27 09:23:47,709 [main] INFO  http.HttpServer2 (HttpServer2.java:addGlobalFilter(975)) - Added global filter 'safety' (class=org.apache.hadoop.http.HttpServer2$QuotingInputFilter)
2019-09-27 09:23:47,709 [main] INFO  http.HttpServer2 (HttpServer2.java:addFilter(948)) - Added filter static_user_filter (class=org.apache.hadoop.http.lib.StaticUserWebFilter$StaticUserFilter) to context hddsDatanode
2019-09-27 09:23:47,710 [main] INFO  http.HttpServer2 (HttpServer2.java:addFilter(958)) - Added filter static_user_filter (class=org.apache.hadoop.http.lib.StaticUserWebFilter$StaticUserFilter) to context static
2019-09-27 09:23:47,710 [main] INFO  http.HttpServer2 (HttpServer2.java:addFilter(958)) - Added filter static_user_filter (class=org.apache.hadoop.http.lib.StaticUserWebFilter$StaticUserFilter) to context logs
2019-09-27 09:23:47,711 [main] INFO  http.HttpServer2 (HttpServer2.java:bindListener(1191)) - Jetty bound to port 45049
2019-09-27 09:23:47,711 [main] INFO  server.Server (Server.java:doStart(351)) - jetty-9.3.25.v20180904, build timestamp: 2018-09-04T21:11:46Z, git hash: 3ce520221d0240229c862b122d2b06c12a625732
2019-09-27 09:23:47,712 [main] INFO  handler.ContextHandler (ContextHandler.java:doStart(781)) - Started o.e.j.s.ServletContextHandler@4245bf68{/logs,file:///workdir/hadoop-ozone/integration-test/target/log,AVAILABLE}
2019-09-27 09:23:47,713 [main] INFO  handler.ContextHandler (ContextHandler.java:doStart(781)) - Started o.e.j.s.ServletContextHandler@6a8a551e{/static,jar:file:/home/user/.m2/repository/org/apache/hadoop/hadoop-hdds-container-service/0.5.0-SNAPSHOT/hadoop-hdds-container-service-0.5.0-SNAPSHOT.jar!/webapps/static,AVAILABLE}
2019-09-27 09:23:47,739 [main] INFO  handler.ContextHandler (ContextHandler.java:doStart(781)) - Started o.e.j.w.WebAppContext@50cbcca7{/,file:///tmp/jetty-0.0.0.0-45049-hddsDatanode-_-any-6120086153387012110.dir/webapp/,AVAILABLE}{/hddsDatanode}
2019-09-27 09:23:47,740 [main] INFO  server.AbstractConnector (AbstractConnector.java:doStart(278)) - Started ServerConnector@49491770{HTTP/1.1,[http/1.1]}{0.0.0.0:45049}
2019-09-27 09:23:47,742 [main] INFO  server.Server (Server.java:doStart(419)) - Started @574023ms
2019-09-27 09:23:47,742 [main] WARN  impl.MetricsSystemImpl (MetricsSystemImpl.java:register(276)) - Sink prometheus already exists!
2019-09-27 09:23:47,743 [main] INFO  server.BaseHttpServer (BaseHttpServer.java:updateConnectorAddress(215)) - HTTP server of HDDSDATANODE is listening at http://0.0.0.0:45049
2019-09-27 09:23:47,744 [main] INFO  impl.MetricsSystemImpl (MetricsSystemImpl.java:init(158)) - HddsDatanode metrics system started (again)
2019-09-27 09:23:47,745 [org.apache.hadoop.util.JvmPauseMonitor$Monitor@6fc512d1] INFO  util.JvmPauseMonitor (JvmPauseMonitor.java:run(188)) - Starting JVM pause monitor
2019-09-27 09:23:47,749 [main] INFO  ozone.HddsDatanodeService (HddsDatanodeService.java:start(184)) - HddsDatanodeService host:pr-hdds2162-4fxhj-20988671 ip:192.168.151.103
2019-09-27 09:23:47,750 [Datanode State Machine Thread - 0] INFO  datanode.InitDatanodeState (InitDatanodeState.java:persistContainerDatanodeDetails(140)) - DatanodeDetails is persisted to /workdir/hadoop-ozone/integration-test/target/test-dir/MiniOzoneClusterImpl-398c5316-7398-4fb3-bac3-d05c7117414d/datanode-4/meta/datanode.id
2019-09-27 09:23:47,754 [main] INFO  volume.HddsVolume (HddsVolume.java:<init>(176)) - Creating Volume: /workdir/hadoop-ozone/integration-test/target/test-dir/MiniOzoneClusterImpl-398c5316-7398-4fb3-bac3-d05c7117414d/datanode-5/data/containers/hdds of  storage type : DISK and capacity : 1482555576320
2019-09-27 09:23:47,755 [main] INFO  volume.VolumeSet (VolumeSet.java:initializeVolumeSet(170)) - Added Volume : /workdir/hadoop-ozone/integration-test/target/test-dir/MiniOzoneClusterImpl-398c5316-7398-4fb3-bac3-d05c7117414d/datanode-5/data/containers/hdds to VolumeSet
2019-09-27 09:23:47,755 [main] INFO  volume.ThrottledAsyncChecker (ThrottledAsyncChecker.java:schedule(139)) - Scheduling a check for org.apache.hadoop.ozone.container.common.volume.HddsVolume@31881aa2
2019-09-27 09:23:47,757 [main] INFO  volume.HddsVolumeChecker (HddsVolumeChecker.java:checkAllVolumes(202)) - Scheduled health check for volume org.apache.hadoop.ozone.container.common.volume.HddsVolume@31881aa2
2019-09-27 09:23:47,767 [main] INFO  impl.RaftServerProxy (ConfUtils.java:logGet(43)) - raft.rpc.type = GRPC (default)
2019-09-27 09:23:47,767 [main] INFO  grpc.GrpcFactory (GrpcFactory.java:checkPooledByteBufAllocatorUseCacheForAllThreads(45)) - PERFORMANCE WARNING: useCacheForAllThreads is true that may cause Netty to create a lot garbage objects and, as a result, trigger GC.
	It is recommended to disable useCacheForAllThreads by setting -Dorg.apache.ratis.thirdparty.io.netty.allocator.useCacheForAllThreads=false in command line.
2019-09-27 09:23:47,767 [main] INFO  grpc.GrpcConfigKeys$Server (ConfUtils.java:logGet(43)) - raft.grpc.server.port = 0 (default)
2019-09-27 09:23:47,767 [main] INFO  server.GrpcService (ConfUtils.java:logGet(43)) - raft.grpc.message.size.max = 33570816 (custom)
2019-09-27 09:23:47,767 [main] INFO  server.RaftServerConfigKeys (ConfUtils.java:logGet(43)) - raft.server.log.appender.buffer.byte-limit = 33554432 (custom)
2019-09-27 09:23:47,768 [main] INFO  server.GrpcService (ConfUtils.java:logGet(43)) - raft.grpc.flow.control.window = 1MB (=1048576) (default)
2019-09-27 09:23:47,768 [main] INFO  server.RaftServerConfigKeys (ConfUtils.java:logGet(43)) - raft.server.rpc.request.timeout = 3000ms (default)
2019-09-27 09:23:47,768 [main] INFO  server.RaftServerConfigKeys (ConfUtils.java:logGet(43)) - raft.server.storage.dir = [/workdir/hadoop-ozone/integration-test/target/test-dir/MiniOzoneClusterImpl-398c5316-7398-4fb3-bac3-d05c7117414d/datanode-5/data/ratis] (custom)
2019-09-27 09:23:47,769 [main] INFO  hdfs.DFSUtil (DFSUtil.java:httpServerTemplateForNNAndJN(1641)) - Starting Web-server for hddsDatanode at: http://0.0.0.0:0
2019-09-27 09:23:47,770 [main] INFO  server.AuthenticationFilter (AuthenticationFilter.java:constructSecretProvider(240)) - Unable to initialize FileSignerSecretProvider, falling back to use random secrets.
2019-09-27 09:23:47,770 [main] WARN  http.HttpRequestLog (HttpRequestLog.java:getRequestLog(97)) - Jetty request log can only be enabled using Log4j
2019-09-27 09:23:47,771 [main] INFO  http.HttpServer2 (HttpServer2.java:addGlobalFilter(975)) - Added global filter 'safety' (class=org.apache.hadoop.http.HttpServer2$QuotingInputFilter)
2019-09-27 09:23:47,772 [main] INFO  http.HttpServer2 (HttpServer2.java:addFilter(948)) - Added filter static_user_filter (class=org.apache.hadoop.http.lib.StaticUserWebFilter$StaticUserFilter) to context hddsDatanode
2019-09-27 09:23:47,772 [main] INFO  http.HttpServer2 (HttpServer2.java:addFilter(958)) - Added filter static_user_filter (class=org.apache.hadoop.http.lib.StaticUserWebFilter$StaticUserFilter) to context static
2019-09-27 09:23:47,772 [main] INFO  http.HttpServer2 (HttpServer2.java:addFilter(958)) - Added filter static_user_filter (class=org.apache.hadoop.http.lib.StaticUserWebFilter$StaticUserFilter) to context logs
2019-09-27 09:23:47,773 [main] INFO  http.HttpServer2 (HttpServer2.java:bindListener(1191)) - Jetty bound to port 36852
2019-09-27 09:23:47,773 [main] INFO  server.Server (Server.java:doStart(351)) - jetty-9.3.25.v20180904, build timestamp: 2018-09-04T21:11:46Z, git hash: 3ce520221d0240229c862b122d2b06c12a625732
2019-09-27 09:23:47,774 [main] INFO  handler.ContextHandler (ContextHandler.java:doStart(781)) - Started o.e.j.s.ServletContextHandler@5ba1b62e{/logs,file:///workdir/hadoop-ozone/integration-test/target/log,AVAILABLE}
2019-09-27 09:23:47,774 [main] INFO  handler.ContextHandler (ContextHandler.java:doStart(781)) - Started o.e.j.s.ServletContextHandler@74697863{/static,jar:file:/home/user/.m2/repository/org/apache/hadoop/hadoop-hdds-container-service/0.5.0-SNAPSHOT/hadoop-hdds-container-service-0.5.0-SNAPSHOT.jar!/webapps/static,AVAILABLE}
2019-09-27 09:23:47,800 [main] INFO  handler.ContextHandler (ContextHandler.java:doStart(781)) - Started o.e.j.w.WebAppContext@6ddc67d0{/,file:///tmp/jetty-0.0.0.0-36852-hddsDatanode-_-any-4213132783974114883.dir/webapp/,AVAILABLE}{/hddsDatanode}
2019-09-27 09:23:47,800 [main] INFO  server.AbstractConnector (AbstractConnector.java:doStart(278)) - Started ServerConnector@7767bd4e{HTTP/1.1,[http/1.1]}{0.0.0.0:36852}
2019-09-27 09:23:47,802 [main] INFO  server.Server (Server.java:doStart(419)) - Started @574083ms
2019-09-27 09:23:47,802 [main] WARN  impl.MetricsSystemImpl (MetricsSystemImpl.java:register(276)) - Sink prometheus already exists!
2019-09-27 09:23:47,803 [main] INFO  server.BaseHttpServer (BaseHttpServer.java:updateConnectorAddress(215)) - HTTP server of HDDSDATANODE is listening at http://0.0.0.0:36852
2019-09-27 09:23:47,803 [main] INFO  impl.MetricsSystemImpl (MetricsSystemImpl.java:init(158)) - HddsDatanode metrics system started (again)
2019-09-27 09:23:47,807 [org.apache.hadoop.util.JvmPauseMonitor$Monitor@5b51a815] INFO  util.JvmPauseMonitor (JvmPauseMonitor.java:run(188)) - Starting JVM pause monitor
2019-09-27 09:23:47,808 [main] INFO  ozone.HddsDatanodeService (HddsDatanodeService.java:start(184)) - HddsDatanodeService host:pr-hdds2162-4fxhj-20988671 ip:192.168.151.103
2019-09-27 09:23:47,809 [Datanode State Machine Thread - 0] INFO  datanode.InitDatanodeState (InitDatanodeState.java:persistContainerDatanodeDetails(140)) - DatanodeDetails is persisted to /workdir/hadoop-ozone/integration-test/target/test-dir/MiniOzoneClusterImpl-398c5316-7398-4fb3-bac3-d05c7117414d/datanode-5/meta/datanode.id
2019-09-27 09:23:47,819 [main] INFO  volume.HddsVolume (HddsVolume.java:<init>(176)) - Creating Volume: /workdir/hadoop-ozone/integration-test/target/test-dir/MiniOzoneClusterImpl-398c5316-7398-4fb3-bac3-d05c7117414d/datanode-6/data/containers/hdds of  storage type : DISK and capacity : 1482555576320
2019-09-27 09:23:47,819 [main] INFO  volume.VolumeSet (VolumeSet.java:initializeVolumeSet(170)) - Added Volume : /workdir/hadoop-ozone/integration-test/target/test-dir/MiniOzoneClusterImpl-398c5316-7398-4fb3-bac3-d05c7117414d/datanode-6/data/containers/hdds to VolumeSet
2019-09-27 09:23:47,820 [main] INFO  volume.ThrottledAsyncChecker (ThrottledAsyncChecker.java:schedule(139)) - Scheduling a check for org.apache.hadoop.ozone.container.common.volume.HddsVolume@103c97ff
2019-09-27 09:23:47,820 [main] INFO  volume.HddsVolumeChecker (HddsVolumeChecker.java:checkAllVolumes(202)) - Scheduled health check for volume org.apache.hadoop.ozone.container.common.volume.HddsVolume@103c97ff
2019-09-27 09:23:47,833 [main] INFO  impl.RaftServerProxy (ConfUtils.java:logGet(43)) - raft.rpc.type = GRPC (default)
2019-09-27 09:23:47,833 [main] INFO  grpc.GrpcFactory (GrpcFactory.java:checkPooledByteBufAllocatorUseCacheForAllThreads(45)) - PERFORMANCE WARNING: useCacheForAllThreads is true that may cause Netty to create a lot garbage objects and, as a result, trigger GC.
	It is recommended to disable useCacheForAllThreads by setting -Dorg.apache.ratis.thirdparty.io.netty.allocator.useCacheForAllThreads=false in command line.
2019-09-27 09:23:47,834 [main] INFO  grpc.GrpcConfigKeys$Server (ConfUtils.java:logGet(43)) - raft.grpc.server.port = 0 (default)
2019-09-27 09:23:47,834 [main] INFO  server.GrpcService (ConfUtils.java:logGet(43)) - raft.grpc.message.size.max = 33570816 (custom)
2019-09-27 09:23:47,834 [main] INFO  server.RaftServerConfigKeys (ConfUtils.java:logGet(43)) - raft.server.log.appender.buffer.byte-limit = 33554432 (custom)
2019-09-27 09:23:47,834 [main] INFO  server.GrpcService (ConfUtils.java:logGet(43)) - raft.grpc.flow.control.window = 1MB (=1048576) (default)
2019-09-27 09:23:47,835 [main] INFO  server.RaftServerConfigKeys (ConfUtils.java:logGet(43)) - raft.server.rpc.request.timeout = 3000ms (default)
2019-09-27 09:23:47,835 [main] INFO  server.RaftServerConfigKeys (ConfUtils.java:logGet(43)) - raft.server.storage.dir = [/workdir/hadoop-ozone/integration-test/target/test-dir/MiniOzoneClusterImpl-398c5316-7398-4fb3-bac3-d05c7117414d/datanode-6/data/ratis] (custom)
2019-09-27 09:23:47,837 [main] INFO  hdfs.DFSUtil (DFSUtil.java:httpServerTemplateForNNAndJN(1641)) - Starting Web-server for hddsDatanode at: http://0.0.0.0:0
2019-09-27 09:23:47,838 [main] INFO  server.AuthenticationFilter (AuthenticationFilter.java:constructSecretProvider(240)) - Unable to initialize FileSignerSecretProvider, falling back to use random secrets.
2019-09-27 09:23:47,838 [main] WARN  http.HttpRequestLog (HttpRequestLog.java:getRequestLog(97)) - Jetty request log can only be enabled using Log4j
2019-09-27 09:23:47,840 [main] INFO  http.HttpServer2 (HttpServer2.java:addGlobalFilter(975)) - Added global filter 'safety' (class=org.apache.hadoop.http.HttpServer2$QuotingInputFilter)
2019-09-27 09:23:47,840 [main] INFO  http.HttpServer2 (HttpServer2.java:addFilter(948)) - Added filter static_user_filter (class=org.apache.hadoop.http.lib.StaticUserWebFilter$StaticUserFilter) to context hddsDatanode
2019-09-27 09:23:47,840 [main] INFO  http.HttpServer2 (HttpServer2.java:addFilter(958)) - Added filter static_user_filter (class=org.apache.hadoop.http.lib.StaticUserWebFilter$StaticUserFilter) to context logs
2019-09-27 09:23:47,841 [main] INFO  http.HttpServer2 (HttpServer2.java:addFilter(958)) - Added filter static_user_filter (class=org.apache.hadoop.http.lib.StaticUserWebFilter$StaticUserFilter) to context static
2019-09-27 09:23:47,841 [main] INFO  http.HttpServer2 (HttpServer2.java:bindListener(1191)) - Jetty bound to port 40843
2019-09-27 09:23:47,841 [main] INFO  server.Server (Server.java:doStart(351)) - jetty-9.3.25.v20180904, build timestamp: 2018-09-04T21:11:46Z, git hash: 3ce520221d0240229c862b122d2b06c12a625732
2019-09-27 09:23:47,842 [main] INFO  handler.ContextHandler (ContextHandler.java:doStart(781)) - Started o.e.j.s.ServletContextHandler@283ab206{/logs,file:///workdir/hadoop-ozone/integration-test/target/log,AVAILABLE}
2019-09-27 09:23:47,843 [main] INFO  handler.ContextHandler (ContextHandler.java:doStart(781)) - Started o.e.j.s.ServletContextHandler@3e03046d{/static,jar:file:/home/user/.m2/repository/org/apache/hadoop/hadoop-hdds-container-service/0.5.0-SNAPSHOT/hadoop-hdds-container-service-0.5.0-SNAPSHOT.jar!/webapps/static,AVAILABLE}
2019-09-27 09:23:47,868 [main] INFO  handler.ContextHandler (ContextHandler.java:doStart(781)) - Started o.e.j.w.WebAppContext@4ea1aa52{/,file:///tmp/jetty-0.0.0.0-40843-hddsDatanode-_-any-3482864871114166079.dir/webapp/,AVAILABLE}{/hddsDatanode}
2019-09-27 09:23:47,868 [main] INFO  server.AbstractConnector (AbstractConnector.java:doStart(278)) - Started ServerConnector@74123110{HTTP/1.1,[http/1.1]}{0.0.0.0:40843}
2019-09-27 09:23:47,870 [main] INFO  server.Server (Server.java:doStart(419)) - Started @574152ms
2019-09-27 09:23:47,871 [main] WARN  impl.MetricsSystemImpl (MetricsSystemImpl.java:register(276)) - Sink prometheus already exists!
2019-09-27 09:23:47,872 [main] INFO  server.BaseHttpServer (BaseHttpServer.java:updateConnectorAddress(215)) - HTTP server of HDDSDATANODE is listening at http://0.0.0.0:40843
2019-09-27 09:23:47,872 [main] INFO  impl.MetricsSystemImpl (MetricsSystemImpl.java:init(158)) - HddsDatanode metrics system started (again)
2019-09-27 09:23:47,876 [org.apache.hadoop.util.JvmPauseMonitor$Monitor@2236da9b] INFO  util.JvmPauseMonitor (JvmPauseMonitor.java:run(188)) - Starting JVM pause monitor
2019-09-27 09:23:47,876 [main] INFO  ozone.HddsDatanodeService (HddsDatanodeService.java:start(184)) - HddsDatanodeService host:pr-hdds2162-4fxhj-20988671 ip:192.168.151.103
2019-09-27 09:23:47,877 [Datanode State Machine Thread - 0] INFO  datanode.InitDatanodeState (InitDatanodeState.java:persistContainerDatanodeDetails(140)) - DatanodeDetails is persisted to /workdir/hadoop-ozone/integration-test/target/test-dir/MiniOzoneClusterImpl-398c5316-7398-4fb3-bac3-d05c7117414d/datanode-6/meta/datanode.id
2019-09-27 09:23:47,882 [main] INFO  volume.HddsVolume (HddsVolume.java:<init>(176)) - Creating Volume: /workdir/hadoop-ozone/integration-test/target/test-dir/MiniOzoneClusterImpl-398c5316-7398-4fb3-bac3-d05c7117414d/datanode-7/data/containers/hdds of  storage type : DISK and capacity : 1482555576320
2019-09-27 09:23:47,882 [main] INFO  volume.VolumeSet (VolumeSet.java:initializeVolumeSet(170)) - Added Volume : /workdir/hadoop-ozone/integration-test/target/test-dir/MiniOzoneClusterImpl-398c5316-7398-4fb3-bac3-d05c7117414d/datanode-7/data/containers/hdds to VolumeSet
2019-09-27 09:23:47,882 [main] INFO  volume.ThrottledAsyncChecker (ThrottledAsyncChecker.java:schedule(139)) - Scheduling a check for org.apache.hadoop.ozone.container.common.volume.HddsVolume@3e6748ae
2019-09-27 09:23:47,883 [main] INFO  volume.HddsVolumeChecker (HddsVolumeChecker.java:checkAllVolumes(202)) - Scheduled health check for volume org.apache.hadoop.ozone.container.common.volume.HddsVolume@3e6748ae
2019-09-27 09:23:47,894 [main] INFO  impl.RaftServerProxy (ConfUtils.java:logGet(43)) - raft.rpc.type = GRPC (default)
2019-09-27 09:23:47,894 [main] INFO  grpc.GrpcFactory (GrpcFactory.java:checkPooledByteBufAllocatorUseCacheForAllThreads(45)) - PERFORMANCE WARNING: useCacheForAllThreads is true that may cause Netty to create a lot garbage objects and, as a result, trigger GC.
	It is recommended to disable useCacheForAllThreads by setting -Dorg.apache.ratis.thirdparty.io.netty.allocator.useCacheForAllThreads=false in command line.
2019-09-27 09:23:47,894 [main] INFO  grpc.GrpcConfigKeys$Server (ConfUtils.java:logGet(43)) - raft.grpc.server.port = 0 (default)
2019-09-27 09:23:47,894 [main] INFO  server.GrpcService (ConfUtils.java:logGet(43)) - raft.grpc.message.size.max = 33570816 (custom)
2019-09-27 09:23:47,894 [main] INFO  server.RaftServerConfigKeys (ConfUtils.java:logGet(43)) - raft.server.log.appender.buffer.byte-limit = 33554432 (custom)
2019-09-27 09:23:47,895 [main] INFO  server.GrpcService (ConfUtils.java:logGet(43)) - raft.grpc.flow.control.window = 1MB (=1048576) (default)
2019-09-27 09:23:47,895 [main] INFO  server.RaftServerConfigKeys (ConfUtils.java:logGet(43)) - raft.server.rpc.request.timeout = 3000ms (default)
2019-09-27 09:23:47,895 [main] INFO  server.RaftServerConfigKeys (ConfUtils.java:logGet(43)) - raft.server.storage.dir = [/workdir/hadoop-ozone/integration-test/target/test-dir/MiniOzoneClusterImpl-398c5316-7398-4fb3-bac3-d05c7117414d/datanode-7/data/ratis] (custom)
2019-09-27 09:23:47,896 [main] INFO  hdfs.DFSUtil (DFSUtil.java:httpServerTemplateForNNAndJN(1641)) - Starting Web-server for hddsDatanode at: http://0.0.0.0:0
2019-09-27 09:23:47,897 [main] INFO  server.AuthenticationFilter (AuthenticationFilter.java:constructSecretProvider(240)) - Unable to initialize FileSignerSecretProvider, falling back to use random secrets.
2019-09-27 09:23:47,898 [main] WARN  http.HttpRequestLog (HttpRequestLog.java:getRequestLog(97)) - Jetty request log can only be enabled using Log4j
2019-09-27 09:23:47,899 [main] INFO  http.HttpServer2 (HttpServer2.java:addGlobalFilter(975)) - Added global filter 'safety' (class=org.apache.hadoop.http.HttpServer2$QuotingInputFilter)
2019-09-27 09:23:47,899 [main] INFO  http.HttpServer2 (HttpServer2.java:addFilter(948)) - Added filter static_user_filter (class=org.apache.hadoop.http.lib.StaticUserWebFilter$StaticUserFilter) to context hddsDatanode
2019-09-27 09:23:47,899 [main] INFO  http.HttpServer2 (HttpServer2.java:addFilter(958)) - Added filter static_user_filter (class=org.apache.hadoop.http.lib.StaticUserWebFilter$StaticUserFilter) to context static
2019-09-27 09:23:47,899 [main] INFO  http.HttpServer2 (HttpServer2.java:addFilter(958)) - Added filter static_user_filter (class=org.apache.hadoop.http.lib.StaticUserWebFilter$StaticUserFilter) to context logs
2019-09-27 09:23:47,900 [main] INFO  http.HttpServer2 (HttpServer2.java:bindListener(1191)) - Jetty bound to port 43378
2019-09-27 09:23:47,900 [main] INFO  server.Server (Server.java:doStart(351)) - jetty-9.3.25.v20180904, build timestamp: 2018-09-04T21:11:46Z, git hash: 3ce520221d0240229c862b122d2b06c12a625732
2019-09-27 09:23:47,901 [main] INFO  handler.ContextHandler (ContextHandler.java:doStart(781)) - Started o.e.j.s.ServletContextHandler@44fd7ba4{/logs,file:///workdir/hadoop-ozone/integration-test/target/log,AVAILABLE}
2019-09-27 09:23:47,902 [main] INFO  handler.ContextHandler (ContextHandler.java:doStart(781)) - Started o.e.j.s.ServletContextHandler@69d103f0{/static,jar:file:/home/user/.m2/repository/org/apache/hadoop/hadoop-hdds-container-service/0.5.0-SNAPSHOT/hadoop-hdds-container-service-0.5.0-SNAPSHOT.jar!/webapps/static,AVAILABLE}
2019-09-27 09:23:47,926 [main] INFO  handler.ContextHandler (ContextHandler.java:doStart(781)) - Started o.e.j.w.WebAppContext@409732fb{/,file:///tmp/jetty-0.0.0.0-43378-hddsDatanode-_-any-2502261318926184954.dir/webapp/,AVAILABLE}{/hddsDatanode}
2019-09-27 09:23:47,927 [main] INFO  server.AbstractConnector (AbstractConnector.java:doStart(278)) - Started ServerConnector@73d62b5{HTTP/1.1,[http/1.1]}{0.0.0.0:43378}
2019-09-27 09:23:47,927 [main] INFO  server.Server (Server.java:doStart(419)) - Started @574208ms
2019-09-27 09:23:47,929 [main] WARN  impl.MetricsSystemImpl (MetricsSystemImpl.java:register(276)) - Sink prometheus already exists!
2019-09-27 09:23:47,930 [main] INFO  server.BaseHttpServer (BaseHttpServer.java:updateConnectorAddress(215)) - HTTP server of HDDSDATANODE is listening at http://0.0.0.0:43378
2019-09-27 09:23:47,930 [main] INFO  impl.MetricsSystemImpl (MetricsSystemImpl.java:init(158)) - HddsDatanode metrics system started (again)
2019-09-27 09:23:47,935 [org.apache.hadoop.util.JvmPauseMonitor$Monitor@245eda2e] INFO  util.JvmPauseMonitor (JvmPauseMonitor.java:run(188)) - Starting JVM pause monitor
2019-09-27 09:23:47,935 [main] INFO  ozone.HddsDatanodeService (HddsDatanodeService.java:start(184)) - HddsDatanodeService host:pr-hdds2162-4fxhj-20988671 ip:192.168.151.103
2019-09-27 09:23:47,936 [Datanode State Machine Thread - 0] INFO  datanode.InitDatanodeState (InitDatanodeState.java:persistContainerDatanodeDetails(140)) - DatanodeDetails is persisted to /workdir/hadoop-ozone/integration-test/target/test-dir/MiniOzoneClusterImpl-398c5316-7398-4fb3-bac3-d05c7117414d/datanode-7/meta/datanode.id
2019-09-27 09:23:47,942 [main] INFO  volume.HddsVolume (HddsVolume.java:<init>(176)) - Creating Volume: /workdir/hadoop-ozone/integration-test/target/test-dir/MiniOzoneClusterImpl-398c5316-7398-4fb3-bac3-d05c7117414d/datanode-8/data/containers/hdds of  storage type : DISK and capacity : 1482555576320
2019-09-27 09:23:47,943 [main] INFO  volume.VolumeSet (VolumeSet.java:initializeVolumeSet(170)) - Added Volume : /workdir/hadoop-ozone/integration-test/target/test-dir/MiniOzoneClusterImpl-398c5316-7398-4fb3-bac3-d05c7117414d/datanode-8/data/containers/hdds to VolumeSet
2019-09-27 09:23:47,943 [main] INFO  volume.ThrottledAsyncChecker (ThrottledAsyncChecker.java:schedule(139)) - Scheduling a check for org.apache.hadoop.ozone.container.common.volume.HddsVolume@1c62c3fd
2019-09-27 09:23:47,943 [main] INFO  volume.HddsVolumeChecker (HddsVolumeChecker.java:checkAllVolumes(202)) - Scheduled health check for volume org.apache.hadoop.ozone.container.common.volume.HddsVolume@1c62c3fd
2019-09-27 09:23:47,955 [main] INFO  impl.RaftServerProxy (ConfUtils.java:logGet(43)) - raft.rpc.type = GRPC (default)
2019-09-27 09:23:47,955 [main] INFO  grpc.GrpcFactory (GrpcFactory.java:checkPooledByteBufAllocatorUseCacheForAllThreads(45)) - PERFORMANCE WARNING: useCacheForAllThreads is true that may cause Netty to create a lot garbage objects and, as a result, trigger GC.
	It is recommended to disable useCacheForAllThreads by setting -Dorg.apache.ratis.thirdparty.io.netty.allocator.useCacheForAllThreads=false in command line.
2019-09-27 09:23:47,956 [main] INFO  grpc.GrpcConfigKeys$Server (ConfUtils.java:logGet(43)) - raft.grpc.server.port = 0 (default)
2019-09-27 09:23:47,956 [main] INFO  server.GrpcService (ConfUtils.java:logGet(43)) - raft.grpc.message.size.max = 33570816 (custom)
2019-09-27 09:23:47,956 [main] INFO  server.RaftServerConfigKeys (ConfUtils.java:logGet(43)) - raft.server.log.appender.buffer.byte-limit = 33554432 (custom)
2019-09-27 09:23:47,956 [main] INFO  server.GrpcService (ConfUtils.java:logGet(43)) - raft.grpc.flow.control.window = 1MB (=1048576) (default)
2019-09-27 09:23:47,956 [main] INFO  server.RaftServerConfigKeys (ConfUtils.java:logGet(43)) - raft.server.rpc.request.timeout = 3000ms (default)
2019-09-27 09:23:47,957 [main] INFO  server.RaftServerConfigKeys (ConfUtils.java:logGet(43)) - raft.server.storage.dir = [/workdir/hadoop-ozone/integration-test/target/test-dir/MiniOzoneClusterImpl-398c5316-7398-4fb3-bac3-d05c7117414d/datanode-8/data/ratis] (custom)
2019-09-27 09:23:47,958 [main] INFO  hdfs.DFSUtil (DFSUtil.java:httpServerTemplateForNNAndJN(1641)) - Starting Web-server for hddsDatanode at: http://0.0.0.0:0
2019-09-27 09:23:47,959 [main] INFO  server.AuthenticationFilter (AuthenticationFilter.java:constructSecretProvider(240)) - Unable to initialize FileSignerSecretProvider, falling back to use random secrets.
2019-09-27 09:23:47,959 [main] WARN  http.HttpRequestLog (HttpRequestLog.java:getRequestLog(97)) - Jetty request log can only be enabled using Log4j
2019-09-27 09:23:47,960 [main] INFO  http.HttpServer2 (HttpServer2.java:addGlobalFilter(975)) - Added global filter 'safety' (class=org.apache.hadoop.http.HttpServer2$QuotingInputFilter)
2019-09-27 09:23:47,960 [main] INFO  http.HttpServer2 (HttpServer2.java:addFilter(948)) - Added filter static_user_filter (class=org.apache.hadoop.http.lib.StaticUserWebFilter$StaticUserFilter) to context hddsDatanode
2019-09-27 09:23:47,960 [main] INFO  http.HttpServer2 (HttpServer2.java:addFilter(958)) - Added filter static_user_filter (class=org.apache.hadoop.http.lib.StaticUserWebFilter$StaticUserFilter) to context logs
2019-09-27 09:23:47,960 [main] INFO  http.HttpServer2 (HttpServer2.java:addFilter(958)) - Added filter static_user_filter (class=org.apache.hadoop.http.lib.StaticUserWebFilter$StaticUserFilter) to context static
2019-09-27 09:23:47,961 [main] INFO  http.HttpServer2 (HttpServer2.java:bindListener(1191)) - Jetty bound to port 33501
2019-09-27 09:23:47,961 [main] INFO  server.Server (Server.java:doStart(351)) - jetty-9.3.25.v20180904, build timestamp: 2018-09-04T21:11:46Z, git hash: 3ce520221d0240229c862b122d2b06c12a625732
2019-09-27 09:23:47,962 [main] INFO  handler.ContextHandler (ContextHandler.java:doStart(781)) - Started o.e.j.s.ServletContextHandler@1abcd059{/logs,file:///workdir/hadoop-ozone/integration-test/target/log,AVAILABLE}
2019-09-27 09:23:47,962 [main] INFO  handler.ContextHandler (ContextHandler.java:doStart(781)) - Started o.e.j.s.ServletContextHandler@3c33fcf8{/static,jar:file:/home/user/.m2/repository/org/apache/hadoop/hadoop-hdds-container-service/0.5.0-SNAPSHOT/hadoop-hdds-container-service-0.5.0-SNAPSHOT.jar!/webapps/static,AVAILABLE}
2019-09-27 09:23:47,987 [main] INFO  handler.ContextHandler (ContextHandler.java:doStart(781)) - Started o.e.j.w.WebAppContext@1a2773a8{/,file:///tmp/jetty-0.0.0.0-33501-hddsDatanode-_-any-7847700022118870659.dir/webapp/,AVAILABLE}{/hddsDatanode}
2019-09-27 09:23:47,987 [main] INFO  server.AbstractConnector (AbstractConnector.java:doStart(278)) - Started ServerConnector@78b0ec3a{HTTP/1.1,[http/1.1]}{0.0.0.0:33501}
2019-09-27 09:23:47,989 [main] INFO  server.Server (Server.java:doStart(419)) - Started @574270ms
2019-09-27 09:23:47,989 [main] WARN  impl.MetricsSystemImpl (MetricsSystemImpl.java:register(276)) - Sink prometheus already exists!
2019-09-27 09:23:47,990 [main] INFO  server.BaseHttpServer (BaseHttpServer.java:updateConnectorAddress(215)) - HTTP server of HDDSDATANODE is listening at http://0.0.0.0:33501
2019-09-27 09:23:47,990 [main] INFO  impl.MetricsSystemImpl (MetricsSystemImpl.java:init(158)) - HddsDatanode metrics system started (again)
2019-09-27 09:23:47,995 [org.apache.hadoop.util.JvmPauseMonitor$Monitor@1ad976ea] INFO  util.JvmPauseMonitor (JvmPauseMonitor.java:run(188)) - Starting JVM pause monitor
2019-09-27 09:23:47,996 [main] INFO  ozone.HddsDatanodeService (HddsDatanodeService.java:start(184)) - HddsDatanodeService host:pr-hdds2162-4fxhj-20988671 ip:192.168.151.103
2019-09-27 09:23:47,997 [Datanode State Machine Thread - 0] INFO  datanode.InitDatanodeState (InitDatanodeState.java:persistContainerDatanodeDetails(140)) - DatanodeDetails is persisted to /workdir/hadoop-ozone/integration-test/target/test-dir/MiniOzoneClusterImpl-398c5316-7398-4fb3-bac3-d05c7117414d/datanode-8/meta/datanode.id
2019-09-27 09:23:48,001 [main] INFO  volume.HddsVolume (HddsVolume.java:<init>(176)) - Creating Volume: /workdir/hadoop-ozone/integration-test/target/test-dir/MiniOzoneClusterImpl-398c5316-7398-4fb3-bac3-d05c7117414d/datanode-9/data/containers/hdds of  storage type : DISK and capacity : 1482555576320
2019-09-27 09:23:48,002 [main] INFO  volume.VolumeSet (VolumeSet.java:initializeVolumeSet(170)) - Added Volume : /workdir/hadoop-ozone/integration-test/target/test-dir/MiniOzoneClusterImpl-398c5316-7398-4fb3-bac3-d05c7117414d/datanode-9/data/containers/hdds to VolumeSet
2019-09-27 09:23:48,002 [main] INFO  volume.ThrottledAsyncChecker (ThrottledAsyncChecker.java:schedule(139)) - Scheduling a check for org.apache.hadoop.ozone.container.common.volume.HddsVolume@21d9cd04
2019-09-27 09:23:48,002 [main] INFO  volume.HddsVolumeChecker (HddsVolumeChecker.java:checkAllVolumes(202)) - Scheduled health check for volume org.apache.hadoop.ozone.container.common.volume.HddsVolume@21d9cd04
2019-09-27 09:23:48,016 [main] INFO  impl.RaftServerProxy (ConfUtils.java:logGet(43)) - raft.rpc.type = GRPC (default)
2019-09-27 09:23:48,016 [main] INFO  grpc.GrpcFactory (GrpcFactory.java:checkPooledByteBufAllocatorUseCacheForAllThreads(45)) - PERFORMANCE WARNING: useCacheForAllThreads is true that may cause Netty to create a lot garbage objects and, as a result, trigger GC.
	It is recommended to disable useCacheForAllThreads by setting -Dorg.apache.ratis.thirdparty.io.netty.allocator.useCacheForAllThreads=false in command line.
2019-09-27 09:23:48,016 [main] INFO  grpc.GrpcConfigKeys$Server (ConfUtils.java:logGet(43)) - raft.grpc.server.port = 0 (default)
2019-09-27 09:23:48,017 [main] INFO  server.GrpcService (ConfUtils.java:logGet(43)) - raft.grpc.message.size.max = 33570816 (custom)
2019-09-27 09:23:48,017 [main] INFO  server.RaftServerConfigKeys (ConfUtils.java:logGet(43)) - raft.server.log.appender.buffer.byte-limit = 33554432 (custom)
2019-09-27 09:23:48,017 [main] INFO  server.GrpcService (ConfUtils.java:logGet(43)) - raft.grpc.flow.control.window = 1MB (=1048576) (default)
2019-09-27 09:23:48,017 [main] INFO  server.RaftServerConfigKeys (ConfUtils.java:logGet(43)) - raft.server.rpc.request.timeout = 3000ms (default)
2019-09-27 09:23:48,017 [main] INFO  server.RaftServerConfigKeys (ConfUtils.java:logGet(43)) - raft.server.storage.dir = [/workdir/hadoop-ozone/integration-test/target/test-dir/MiniOzoneClusterImpl-398c5316-7398-4fb3-bac3-d05c7117414d/datanode-9/data/ratis] (custom)
2019-09-27 09:23:48,018 [main] INFO  hdfs.DFSUtil (DFSUtil.java:httpServerTemplateForNNAndJN(1641)) - Starting Web-server for hddsDatanode at: http://0.0.0.0:0
2019-09-27 09:23:48,019 [main] INFO  server.AuthenticationFilter (AuthenticationFilter.java:constructSecretProvider(240)) - Unable to initialize FileSignerSecretProvider, falling back to use random secrets.
2019-09-27 09:23:48,020 [main] WARN  http.HttpRequestLog (HttpRequestLog.java:getRequestLog(97)) - Jetty request log can only be enabled using Log4j
2019-09-27 09:23:48,021 [main] INFO  http.HttpServer2 (HttpServer2.java:addGlobalFilter(975)) - Added global filter 'safety' (class=org.apache.hadoop.http.HttpServer2$QuotingInputFilter)
2019-09-27 09:23:48,021 [main] INFO  http.HttpServer2 (HttpServer2.java:addFilter(948)) - Added filter static_user_filter (class=org.apache.hadoop.http.lib.StaticUserWebFilter$StaticUserFilter) to context hddsDatanode
2019-09-27 09:23:48,021 [main] INFO  http.HttpServer2 (HttpServer2.java:addFilter(958)) - Added filter static_user_filter (class=org.apache.hadoop.http.lib.StaticUserWebFilter$StaticUserFilter) to context static
2019-09-27 09:23:48,021 [main] INFO  http.HttpServer2 (HttpServer2.java:addFilter(958)) - Added filter static_user_filter (class=org.apache.hadoop.http.lib.StaticUserWebFilter$StaticUserFilter) to context logs
2019-09-27 09:23:48,022 [main] INFO  http.HttpServer2 (HttpServer2.java:bindListener(1191)) - Jetty bound to port 46303
2019-09-27 09:23:48,022 [main] INFO  server.Server (Server.java:doStart(351)) - jetty-9.3.25.v20180904, build timestamp: 2018-09-04T21:11:46Z, git hash: 3ce520221d0240229c862b122d2b06c12a625732
2019-09-27 09:23:48,023 [main] INFO  handler.ContextHandler (ContextHandler.java:doStart(781)) - Started o.e.j.s.ServletContextHandler@1144a02b{/logs,file:///workdir/hadoop-ozone/integration-test/target/log,AVAILABLE}
2019-09-27 09:23:48,023 [main] INFO  handler.ContextHandler (ContextHandler.java:doStart(781)) - Started o.e.j.s.ServletContextHandler@7a572ea0{/static,jar:file:/home/user/.m2/repository/org/apache/hadoop/hadoop-hdds-container-service/0.5.0-SNAPSHOT/hadoop-hdds-container-service-0.5.0-SNAPSHOT.jar!/webapps/static,AVAILABLE}
2019-09-27 09:23:48,046 [main] INFO  handler.ContextHandler (ContextHandler.java:doStart(781)) - Started o.e.j.w.WebAppContext@a056b26{/,file:///tmp/jetty-0.0.0.0-46303-hddsDatanode-_-any-6118512636567691190.dir/webapp/,AVAILABLE}{/hddsDatanode}
2019-09-27 09:23:48,046 [main] INFO  server.AbstractConnector (AbstractConnector.java:doStart(278)) - Started ServerConnector@2a5abd3c{HTTP/1.1,[http/1.1]}{0.0.0.0:46303}
2019-09-27 09:23:48,049 [main] INFO  server.Server (Server.java:doStart(419)) - Started @574330ms
2019-09-27 09:23:48,049 [main] WARN  impl.MetricsSystemImpl (MetricsSystemImpl.java:register(276)) - Sink prometheus already exists!
2019-09-27 09:23:48,050 [main] INFO  server.BaseHttpServer (BaseHttpServer.java:updateConnectorAddress(215)) - HTTP server of HDDSDATANODE is listening at http://0.0.0.0:46303
2019-09-27 09:23:48,050 [main] INFO  ozone.MiniOzoneClusterImpl (MiniOzoneClusterImpl.java:lambda$waitForClusterToBeReady$0(147)) - Waiting for cluster to be ready. Got 0 of 10 DN Heartbeats.
2019-09-27 09:23:48,051 [org.apache.hadoop.util.JvmPauseMonitor$Monitor@2ad18950] INFO  util.JvmPauseMonitor (JvmPauseMonitor.java:run(188)) - Starting JVM pause monitor
2019-09-27 09:23:48,053 [Datanode State Machine Thread - 0] INFO  datanode.InitDatanodeState (InitDatanodeState.java:persistContainerDatanodeDetails(140)) - DatanodeDetails is persisted to /workdir/hadoop-ozone/integration-test/target/test-dir/MiniOzoneClusterImpl-398c5316-7398-4fb3-bac3-d05c7117414d/datanode-9/meta/datanode.id
2019-09-27 09:23:49,050 [main] INFO  ozone.MiniOzoneClusterImpl (MiniOzoneClusterImpl.java:lambda$waitForClusterToBeReady$0(147)) - Waiting for cluster to be ready. Got 0 of 10 DN Heartbeats.
2019-09-27 09:23:49,366 [Datanode State Machine Thread - 0] INFO  ozoneimpl.OzoneContainer (OzoneContainer.java:start(217)) - Attempting to start container services.
2019-09-27 09:23:49,366 [Datanode State Machine Thread - 0] INFO  ozoneimpl.OzoneContainer (OzoneContainer.java:startContainerScrub(179)) - Background container scanner has been disabled.
2019-09-27 09:23:49,366 [Datanode State Machine Thread - 0] INFO  ratis.XceiverServerRatis (XceiverServerRatis.java:start(411)) - Starting XceiverServerRatis 391bbd77-e270-498a-b344-18095c6f1940 at port 0
2019-09-27 09:23:49,380 [Datanode State Machine Thread - 0] INFO  impl.RaftServerProxy (RaftServerProxy.java:lambda$start$3(299)) - 391bbd77-e270-498a-b344-18095c6f1940: start RPC server
2019-09-27 09:23:49,382 [Datanode State Machine Thread - 0] INFO  server.GrpcService (GrpcService.java:startImpl(158)) - 391bbd77-e270-498a-b344-18095c6f1940: GrpcService started, listening on 0.0.0.0/0.0.0.0:34484
2019-09-27 09:23:49,383 [Datanode State Machine Thread - 0] INFO  ratis.XceiverServerRatis (XceiverServerRatis.java:start(421)) - XceiverServerRatis 391bbd77-e270-498a-b344-18095c6f1940 is started using port 34484
2019-09-27 09:23:49,383 [Datanode State Machine Thread - 0] INFO  server.XceiverServerGrpc (XceiverServerGrpc.java:start(149)) - XceiverServerGrpc 391bbd77-e270-498a-b344-18095c6f1940 is started using port 35121
2019-09-27 09:23:49,575 [Datanode State Machine Thread - 0] INFO  ozoneimpl.OzoneContainer (OzoneContainer.java:start(217)) - Attempting to start container services.
2019-09-27 09:23:49,576 [Datanode State Machine Thread - 0] INFO  ozoneimpl.OzoneContainer (OzoneContainer.java:startContainerScrub(179)) - Background container scanner has been disabled.
2019-09-27 09:23:49,576 [Datanode State Machine Thread - 0] INFO  ratis.XceiverServerRatis (XceiverServerRatis.java:start(411)) - Starting XceiverServerRatis de56bb40-4206-44bb-8a25-0aa735fdda15 at port 0
2019-09-27 09:23:49,581 [Datanode State Machine Thread - 0] INFO  impl.RaftServerProxy (RaftServerProxy.java:lambda$start$3(299)) - de56bb40-4206-44bb-8a25-0aa735fdda15: start RPC server
2019-09-27 09:23:49,582 [Datanode State Machine Thread - 0] INFO  server.GrpcService (GrpcService.java:startImpl(158)) - de56bb40-4206-44bb-8a25-0aa735fdda15: GrpcService started, listening on 0.0.0.0/0.0.0.0:35304
2019-09-27 09:23:49,582 [Datanode State Machine Thread - 0] INFO  ratis.XceiverServerRatis (XceiverServerRatis.java:start(421)) - XceiverServerRatis de56bb40-4206-44bb-8a25-0aa735fdda15 is started using port 35304
2019-09-27 09:23:49,583 [Datanode State Machine Thread - 0] INFO  server.XceiverServerGrpc (XceiverServerGrpc.java:start(149)) - XceiverServerGrpc de56bb40-4206-44bb-8a25-0aa735fdda15 is started using port 46008
2019-09-27 09:23:49,637 [Datanode State Machine Thread - 0] INFO  ozoneimpl.OzoneContainer (OzoneContainer.java:start(217)) - Attempting to start container services.
2019-09-27 09:23:49,637 [Datanode State Machine Thread - 0] INFO  ozoneimpl.OzoneContainer (OzoneContainer.java:startContainerScrub(179)) - Background container scanner has been disabled.
2019-09-27 09:23:49,638 [Datanode State Machine Thread - 0] INFO  ratis.XceiverServerRatis (XceiverServerRatis.java:start(411)) - Starting XceiverServerRatis 42a6dc71-468f-4bda-a1ef-3415db0682d5 at port 0
2019-09-27 09:23:49,644 [Datanode State Machine Thread - 0] INFO  impl.RaftServerProxy (RaftServerProxy.java:lambda$start$3(299)) - 42a6dc71-468f-4bda-a1ef-3415db0682d5: start RPC server
2019-09-27 09:23:49,645 [Datanode State Machine Thread - 0] INFO  server.GrpcService (GrpcService.java:startImpl(158)) - 42a6dc71-468f-4bda-a1ef-3415db0682d5: GrpcService started, listening on 0.0.0.0/0.0.0.0:35261
2019-09-27 09:23:49,646 [Datanode State Machine Thread - 0] INFO  ratis.XceiverServerRatis (XceiverServerRatis.java:start(421)) - XceiverServerRatis 42a6dc71-468f-4bda-a1ef-3415db0682d5 is started using port 35261
2019-09-27 09:23:49,646 [Datanode State Machine Thread - 0] INFO  server.XceiverServerGrpc (XceiverServerGrpc.java:start(149)) - XceiverServerGrpc 42a6dc71-468f-4bda-a1ef-3415db0682d5 is started using port 33206
2019-09-27 09:23:49,699 [Datanode State Machine Thread - 0] INFO  ozoneimpl.OzoneContainer (OzoneContainer.java:start(217)) - Attempting to start container services.
2019-09-27 09:23:49,700 [Datanode State Machine Thread - 0] INFO  ozoneimpl.OzoneContainer (OzoneContainer.java:startContainerScrub(179)) - Background container scanner has been disabled.
2019-09-27 09:23:49,700 [Datanode State Machine Thread - 0] INFO  ratis.XceiverServerRatis (XceiverServerRatis.java:start(411)) - Starting XceiverServerRatis 03814bdb-c6b3-415d-8615-039e811c0048 at port 0
2019-09-27 09:23:49,706 [Datanode State Machine Thread - 0] INFO  impl.RaftServerProxy (RaftServerProxy.java:lambda$start$3(299)) - 03814bdb-c6b3-415d-8615-039e811c0048: start RPC server
2019-09-27 09:23:49,707 [Datanode State Machine Thread - 0] INFO  server.GrpcService (GrpcService.java:startImpl(158)) - 03814bdb-c6b3-415d-8615-039e811c0048: GrpcService started, listening on 0.0.0.0/0.0.0.0:40137
2019-09-27 09:23:49,707 [Datanode State Machine Thread - 0] INFO  ratis.XceiverServerRatis (XceiverServerRatis.java:start(421)) - XceiverServerRatis 03814bdb-c6b3-415d-8615-039e811c0048 is started using port 40137
2019-09-27 09:23:49,710 [Datanode State Machine Thread - 0] INFO  server.XceiverServerGrpc (XceiverServerGrpc.java:start(149)) - XceiverServerGrpc 03814bdb-c6b3-415d-8615-039e811c0048 is started using port 34860
2019-09-27 09:23:49,760 [Datanode State Machine Thread - 0] INFO  ozoneimpl.OzoneContainer (OzoneContainer.java:start(217)) - Attempting to start container services.
2019-09-27 09:23:49,760 [Datanode State Machine Thread - 0] INFO  ozoneimpl.OzoneContainer (OzoneContainer.java:startContainerScrub(179)) - Background container scanner has been disabled.
2019-09-27 09:23:49,760 [Datanode State Machine Thread - 0] INFO  ratis.XceiverServerRatis (XceiverServerRatis.java:start(411)) - Starting XceiverServerRatis f8f36aa8-f38f-472a-aa09-c3130b79cc81 at port 0
2019-09-27 09:23:49,766 [Datanode State Machine Thread - 0] INFO  impl.RaftServerProxy (RaftServerProxy.java:lambda$start$3(299)) - f8f36aa8-f38f-472a-aa09-c3130b79cc81: start RPC server
2019-09-27 09:23:49,767 [Datanode State Machine Thread - 0] INFO  server.GrpcService (GrpcService.java:startImpl(158)) - f8f36aa8-f38f-472a-aa09-c3130b79cc81: GrpcService started, listening on 0.0.0.0/0.0.0.0:43152
2019-09-27 09:23:49,767 [Datanode State Machine Thread - 0] INFO  ratis.XceiverServerRatis (XceiverServerRatis.java:start(421)) - XceiverServerRatis f8f36aa8-f38f-472a-aa09-c3130b79cc81 is started using port 43152
2019-09-27 09:23:49,768 [Datanode State Machine Thread - 0] INFO  server.XceiverServerGrpc (XceiverServerGrpc.java:start(149)) - XceiverServerGrpc f8f36aa8-f38f-472a-aa09-c3130b79cc81 is started using port 35594
2019-09-27 09:23:49,822 [Datanode State Machine Thread - 0] INFO  ozoneimpl.OzoneContainer (OzoneContainer.java:start(217)) - Attempting to start container services.
2019-09-27 09:23:49,822 [Datanode State Machine Thread - 0] INFO  ozoneimpl.OzoneContainer (OzoneContainer.java:startContainerScrub(179)) - Background container scanner has been disabled.
2019-09-27 09:23:49,823 [Datanode State Machine Thread - 0] INFO  ratis.XceiverServerRatis (XceiverServerRatis.java:start(411)) - Starting XceiverServerRatis 923630be-6089-4454-ada8-343910becadd at port 0
2019-09-27 09:23:49,829 [Datanode State Machine Thread - 0] INFO  impl.RaftServerProxy (RaftServerProxy.java:lambda$start$3(299)) - 923630be-6089-4454-ada8-343910becadd: start RPC server
2019-09-27 09:23:49,833 [Datanode State Machine Thread - 0] INFO  server.GrpcService (GrpcService.java:startImpl(158)) - 923630be-6089-4454-ada8-343910becadd: GrpcService started, listening on 0.0.0.0/0.0.0.0:41127
2019-09-27 09:23:49,834 [Datanode State Machine Thread - 0] INFO  ratis.XceiverServerRatis (XceiverServerRatis.java:start(421)) - XceiverServerRatis 923630be-6089-4454-ada8-343910becadd is started using port 41127
2019-09-27 09:23:49,836 [Datanode State Machine Thread - 0] INFO  server.XceiverServerGrpc (XceiverServerGrpc.java:start(149)) - XceiverServerGrpc 923630be-6089-4454-ada8-343910becadd is started using port 39088
2019-09-27 09:23:49,891 [Datanode State Machine Thread - 0] INFO  ozoneimpl.OzoneContainer (OzoneContainer.java:start(217)) - Attempting to start container services.
2019-09-27 09:23:49,892 [Datanode State Machine Thread - 0] INFO  ozoneimpl.OzoneContainer (OzoneContainer.java:startContainerScrub(179)) - Background container scanner has been disabled.
2019-09-27 09:23:49,892 [Datanode State Machine Thread - 0] INFO  ratis.XceiverServerRatis (XceiverServerRatis.java:start(411)) - Starting XceiverServerRatis 48a73947-ad36-4a89-bdb8-df91e6dae885 at port 0
2019-09-27 09:23:49,897 [Datanode State Machine Thread - 0] INFO  impl.RaftServerProxy (RaftServerProxy.java:lambda$start$3(299)) - 48a73947-ad36-4a89-bdb8-df91e6dae885: start RPC server
2019-09-27 09:23:49,898 [Datanode State Machine Thread - 0] INFO  server.GrpcService (GrpcService.java:startImpl(158)) - 48a73947-ad36-4a89-bdb8-df91e6dae885: GrpcService started, listening on 0.0.0.0/0.0.0.0:39788
2019-09-27 09:23:49,898 [Datanode State Machine Thread - 0] INFO  ratis.XceiverServerRatis (XceiverServerRatis.java:start(421)) - XceiverServerRatis 48a73947-ad36-4a89-bdb8-df91e6dae885 is started using port 39788
2019-09-27 09:23:49,899 [Datanode State Machine Thread - 0] INFO  server.XceiverServerGrpc (XceiverServerGrpc.java:start(149)) - XceiverServerGrpc 48a73947-ad36-4a89-bdb8-df91e6dae885 is started using port 37002
2019-09-27 09:23:49,948 [Datanode State Machine Thread - 0] INFO  ozoneimpl.OzoneContainer (OzoneContainer.java:start(217)) - Attempting to start container services.
2019-09-27 09:23:49,949 [Datanode State Machine Thread - 0] INFO  ozoneimpl.OzoneContainer (OzoneContainer.java:startContainerScrub(179)) - Background container scanner has been disabled.
2019-09-27 09:23:49,949 [Datanode State Machine Thread - 0] INFO  ratis.XceiverServerRatis (XceiverServerRatis.java:start(411)) - Starting XceiverServerRatis c1dc816a-002e-4190-8c4b-03368fc83464 at port 0
2019-09-27 09:23:49,954 [Datanode State Machine Thread - 0] INFO  impl.RaftServerProxy (RaftServerProxy.java:lambda$start$3(299)) - c1dc816a-002e-4190-8c4b-03368fc83464: start RPC server
2019-09-27 09:23:49,954 [Datanode State Machine Thread - 0] INFO  server.GrpcService (GrpcService.java:startImpl(158)) - c1dc816a-002e-4190-8c4b-03368fc83464: GrpcService started, listening on 0.0.0.0/0.0.0.0:35476
2019-09-27 09:23:49,954 [Datanode State Machine Thread - 0] INFO  ratis.XceiverServerRatis (XceiverServerRatis.java:start(421)) - XceiverServerRatis c1dc816a-002e-4190-8c4b-03368fc83464 is started using port 35476
2019-09-27 09:23:49,955 [Datanode State Machine Thread - 0] INFO  server.XceiverServerGrpc (XceiverServerGrpc.java:start(149)) - XceiverServerGrpc c1dc816a-002e-4190-8c4b-03368fc83464 is started using port 46085
2019-09-27 09:23:50,010 [Datanode State Machine Thread - 0] INFO  ozoneimpl.OzoneContainer (OzoneContainer.java:start(217)) - Attempting to start container services.
2019-09-27 09:23:50,010 [Datanode State Machine Thread - 0] INFO  ozoneimpl.OzoneContainer (OzoneContainer.java:startContainerScrub(179)) - Background container scanner has been disabled.
2019-09-27 09:23:50,010 [Datanode State Machine Thread - 0] INFO  ratis.XceiverServerRatis (XceiverServerRatis.java:start(411)) - Starting XceiverServerRatis 513ea752-2bb4-4e9d-94cf-0dce8d7e1b31 at port 0
2019-09-27 09:23:50,016 [Datanode State Machine Thread - 0] INFO  impl.RaftServerProxy (RaftServerProxy.java:lambda$start$3(299)) - 513ea752-2bb4-4e9d-94cf-0dce8d7e1b31: start RPC server
2019-09-27 09:23:50,031 [Datanode State Machine Thread - 0] INFO  server.GrpcService (GrpcService.java:startImpl(158)) - 513ea752-2bb4-4e9d-94cf-0dce8d7e1b31: GrpcService started, listening on 0.0.0.0/0.0.0.0:39440
2019-09-27 09:23:50,031 [Datanode State Machine Thread - 0] INFO  ratis.XceiverServerRatis (XceiverServerRatis.java:start(421)) - XceiverServerRatis 513ea752-2bb4-4e9d-94cf-0dce8d7e1b31 is started using port 39440
2019-09-27 09:23:50,032 [Datanode State Machine Thread - 0] INFO  server.XceiverServerGrpc (XceiverServerGrpc.java:start(149)) - XceiverServerGrpc 513ea752-2bb4-4e9d-94cf-0dce8d7e1b31 is started using port 35173
2019-09-27 09:23:50,053 [main] INFO  ozone.MiniOzoneClusterImpl (MiniOzoneClusterImpl.java:lambda$waitForClusterToBeReady$0(147)) - Waiting for cluster to be ready. Got 0 of 10 DN Heartbeats.
2019-09-27 09:23:50,065 [Datanode State Machine Thread - 0] INFO  ozoneimpl.OzoneContainer (OzoneContainer.java:start(217)) - Attempting to start container services.
2019-09-27 09:23:50,066 [Datanode State Machine Thread - 0] INFO  ozoneimpl.OzoneContainer (OzoneContainer.java:startContainerScrub(179)) - Background container scanner has been disabled.
2019-09-27 09:23:50,066 [Datanode State Machine Thread - 0] INFO  ratis.XceiverServerRatis (XceiverServerRatis.java:start(411)) - Starting XceiverServerRatis 002bed63-9761-4b9f-9eba-a6bdbdfe34b9 at port 0
2019-09-27 09:23:50,072 [Datanode State Machine Thread - 0] INFO  impl.RaftServerProxy (RaftServerProxy.java:lambda$start$3(299)) - 002bed63-9761-4b9f-9eba-a6bdbdfe34b9: start RPC server
2019-09-27 09:23:50,073 [Datanode State Machine Thread - 0] INFO  server.GrpcService (GrpcService.java:startImpl(158)) - 002bed63-9761-4b9f-9eba-a6bdbdfe34b9: GrpcService started, listening on 0.0.0.0/0.0.0.0:43508
2019-09-27 09:23:50,073 [Datanode State Machine Thread - 0] INFO  ratis.XceiverServerRatis (XceiverServerRatis.java:start(421)) - XceiverServerRatis 002bed63-9761-4b9f-9eba-a6bdbdfe34b9 is started using port 43508
2019-09-27 09:23:50,086 [Datanode State Machine Thread - 0] INFO  server.XceiverServerGrpc (XceiverServerGrpc.java:start(149)) - XceiverServerGrpc 002bed63-9761-4b9f-9eba-a6bdbdfe34b9 is started using port 39209
2019-09-27 09:23:51,054 [main] INFO  ozone.MiniOzoneClusterImpl (MiniOzoneClusterImpl.java:lambda$waitForClusterToBeReady$0(147)) - Waiting for cluster to be ready. Got 0 of 10 DN Heartbeats.
2019-09-27 09:23:51,343 [IPC Server handler 16 on 40094] INFO  net.NetworkTopology (NetworkTopologyImpl.java:add(111)) - Added a new node: /rack1/391bbd77-e270-498a-b344-18095c6f1940
2019-09-27 09:23:51,345 [IPC Server handler 16 on 40094] INFO  node.SCMNodeManager (SCMNodeManager.java:register(266)) - Registered Data node : 391bbd77-e270-498a-b344-18095c6f1940{ip: 192.168.151.103, host: pr-hdds2162-4fxhj-20988671, networkLocation: /rack1, certSerialId: null}
2019-09-27 09:23:51,346 [EventQueue-NodeRegistrationContainerReportForDataNodeSafeModeRule] INFO  safemode.SCMSafeModeManager (DataNodeSafeModeRule.java:process(71)) - SCM in safe mode. 1 DataNodes registered, 1 required.
2019-09-27 09:23:51,348 [EventQueue-NodeRegistrationContainerReportForDataNodeSafeModeRule] INFO  safemode.SCMSafeModeManager (SCMSafeModeManager.java:validateSafeModeExitRules(177)) - ScmSafeModeManager, all rules are successfully validated
2019-09-27 09:23:51,348 [EventQueue-NodeRegistrationContainerReportForDataNodeSafeModeRule] INFO  safemode.SCMSafeModeManager (SCMSafeModeManager.java:exitSafeMode(193)) - SCM exiting safe mode.
2019-09-27 09:23:51,371 [grpc-default-executor-0] INFO  impl.RaftServerProxy (RaftServerProxy.java:addNew(89)) - 391bbd77-e270-498a-b344-18095c6f1940: addNew group-F55728285A95:[391bbd77-e270-498a-b344-18095c6f1940:192.168.151.103:34484] returns group-F55728285A95:java.util.concurrent.CompletableFuture@4068e22c[Not completed]
2019-09-27 09:23:51,372 [pool-507-thread-1] INFO  impl.RaftServerImpl (RaftServerImpl.java:<init>(95)) - 391bbd77-e270-498a-b344-18095c6f1940: new RaftServerImpl for group-F55728285A95:[391bbd77-e270-498a-b344-18095c6f1940:192.168.151.103:34484] with ContainerStateMachine:uninitialized
2019-09-27 09:23:51,372 [pool-507-thread-1] INFO  server.RaftServerConfigKeys (ConfUtils.java:logGet(43)) - raft.server.rpc.timeout.min = 1s (custom)
2019-09-27 09:23:51,372 [pool-507-thread-1] INFO  server.RaftServerConfigKeys (ConfUtils.java:logGet(43)) - raft.server.rpc.timeout.max = 1200ms (custom)
2019-09-27 09:23:51,373 [pool-507-thread-1] INFO  server.RaftServerConfigKeys (ConfUtils.java:logGet(43)) - raft.server.rpcslowness.timeout = 120s (custom)
2019-09-27 09:23:51,373 [pool-507-thread-1] INFO  server.RaftServerConfigKeys (ConfUtils.java:logGet(43)) - raft.server.sleep.deviation.threshold = 300 (default)
2019-09-27 09:23:51,373 [pool-507-thread-1] INFO  server.RaftServerConfigKeys (ConfUtils.java:logGet(43)) - raft.server.log.appender.install.snapshot.enabled = false (custom)
2019-09-27 09:23:51,373 [pool-507-thread-1] INFO  impl.RaftServerImpl (ServerState.java:<init>(103)) - 391bbd77-e270-498a-b344-18095c6f1940@group-F55728285A95: ConfigurationManager, init=-1: [391bbd77-e270-498a-b344-18095c6f1940:192.168.151.103:34484], old=null, confs=<EMPTY_MAP>
2019-09-27 09:23:51,373 [pool-507-thread-1] INFO  server.RaftServerConfigKeys (ConfUtils.java:logGet(43)) - raft.server.storage.dir = [/workdir/hadoop-ozone/integration-test/target/test-dir/MiniOzoneClusterImpl-398c5316-7398-4fb3-bac3-d05c7117414d/datanode-0/data/ratis] (custom)
2019-09-27 09:23:51,373 [pool-507-thread-1] INFO  storage.RaftStorageDirectory (RaftStorageDirectory.java:analyzeStorage(246)) - The storage directory /workdir/hadoop-ozone/integration-test/target/test-dir/MiniOzoneClusterImpl-398c5316-7398-4fb3-bac3-d05c7117414d/datanode-0/data/ratis/eb080546-163e-46fb-967a-f55728285a95 does not exist. Creating ...
2019-09-27 09:23:51,387 [pool-507-thread-1] INFO  storage.RaftStorageDirectory (RaftStorageDirectory.java:tryLock(328)) - Lock on /workdir/hadoop-ozone/integration-test/target/test-dir/MiniOzoneClusterImpl-398c5316-7398-4fb3-bac3-d05c7117414d/datanode-0/data/ratis/eb080546-163e-46fb-967a-f55728285a95/in_use.lock acquired by nodename 29571@pr-hdds2162-4fxhj-20988671
2019-09-27 09:23:51,400 [pool-507-thread-1] INFO  storage.RaftStorage (RaftStorage.java:format(72)) - Storage directory /workdir/hadoop-ozone/integration-test/target/test-dir/MiniOzoneClusterImpl-398c5316-7398-4fb3-bac3-d05c7117414d/datanode-0/data/ratis/eb080546-163e-46fb-967a-f55728285a95 has been successfully formatted.
2019-09-27 09:23:51,400 [pool-507-thread-1] INFO  ratis.ContainerStateMachine (ContainerStateMachine.java:loadSnapshot(230)) - group-F55728285A95: The snapshot info is null. Setting the last applied indexto:(t:0, i:~)
2019-09-27 09:23:51,400 [pool-507-thread-1] INFO  server.RaftServerConfigKeys (ConfUtils.java:logGet(43)) - raft.server.notification.no-leader.timeout = 120s (custom)
2019-09-27 09:23:51,400 [pool-507-thread-1] INFO  server.RaftServerConfigKeys (ConfUtils.java:logGet(43)) - raft.server.log.use.memory = false (default)
2019-09-27 09:23:51,400 [pool-507-thread-1] INFO  server.RaftServerConfigKeys (ConfUtils.java:logGet(43)) - raft.server.log.purge.gap = 1000000 (custom)
2019-09-27 09:23:51,400 [pool-507-thread-1] INFO  server.RaftServerConfigKeys (ConfUtils.java:logGet(43)) - raft.server.log.appender.buffer.byte-limit = 33554432 (custom)
2019-09-27 09:23:51,401 [pool-507-thread-1] INFO  server.RaftServerConfigKeys (ConfUtils.java:logGet(43)) - raft.server.log.segment.size.max = 1048576 (custom)
2019-09-27 09:23:51,401 [pool-507-thread-1] INFO  server.RaftServerConfigKeys (ConfUtils.java:logGet(43)) - raft.server.log.segment.cache.num.max = 2 (custom)
2019-09-27 09:23:51,401 [pool-507-thread-1] INFO  segmented.SegmentedRaftLogWorker (SegmentedRaftLogWorker.java:<init>(172)) - new 391bbd77-e270-498a-b344-18095c6f1940@group-F55728285A95-SegmentedRaftLogWorker for RaftStorage:Storage Directory /workdir/hadoop-ozone/integration-test/target/test-dir/MiniOzoneClusterImpl-398c5316-7398-4fb3-bac3-d05c7117414d/datanode-0/data/ratis/eb080546-163e-46fb-967a-f55728285a95
2019-09-27 09:23:51,402 [pool-507-thread-1] INFO  server.RaftServerConfigKeys (ConfUtils.java:logGet(43)) - raft.server.log.queue.byte-limit = 2147483647 (custom)
2019-09-27 09:23:51,403 [pool-507-thread-1] INFO  server.RaftServerConfigKeys (ConfUtils.java:logGet(43)) - raft.server.log.queue.element-limit = 1024 (custom)
2019-09-27 09:23:51,403 [pool-507-thread-1] INFO  server.RaftServerConfigKeys (ConfUtils.java:logGet(43)) - raft.server.log.segment.size.max = 1048576 (custom)
2019-09-27 09:23:51,403 [pool-507-thread-1] INFO  server.RaftServerConfigKeys (ConfUtils.java:logGet(43)) - raft.server.log.preallocated.size = 16384 (custom)
2019-09-27 09:23:51,403 [pool-507-thread-1] INFO  server.RaftServerConfigKeys (ConfUtils.java:logGet(43)) - raft.server.log.write.buffer.size = 33554432 (custom)
2019-09-27 09:23:51,403 [pool-507-thread-1] INFO  server.RaftServerConfigKeys (ConfUtils.java:logGet(43)) - raft.server.log.force.sync.num = 128 (default)
2019-09-27 09:23:51,403 [pool-507-thread-1] INFO  server.RaftServerConfigKeys (ConfUtils.java:logGet(43)) - raft.server.log.statemachine.data.sync = true (default)
2019-09-27 09:23:51,404 [pool-507-thread-1] INFO  server.RaftServerConfigKeys (ConfUtils.java:logGet(43)) - raft.server.log.statemachine.data.sync.timeout = 10s (default)
2019-09-27 09:23:51,404 [pool-507-thread-1] INFO  server.RaftServerConfigKeys (ConfUtils.java:logGet(43)) - raft.server.log.statemachine.data.sync.timeout.retry = -1 (default)
2019-09-27 09:23:51,404 [pool-507-thread-1] INFO  server.RaftServerConfigKeys (ConfUtils.java:logGet(43)) - raft.server.log.statemachine.data.caching.enabled = true (custom)
2019-09-27 09:23:51,404 [pool-507-thread-1] INFO  segmented.SegmentedRaftLogWorker (SegmentedRaftLogWorker.java:lambda$new$0(132)) - 391bbd77-e270-498a-b344-18095c6f1940@group-F55728285A95-SegmentedRaftLogWorker: flushIndex: setUnconditionally 0 -> -1
2019-09-27 09:23:51,405 [pool-507-thread-1] INFO  server.RaftServerConfigKeys (ConfUtils.java:logGet(43)) - raft.server.snapshot.auto.trigger.enabled = true (custom)
2019-09-27 09:23:51,405 [pool-507-thread-1] INFO  server.RaftServerConfigKeys (ConfUtils.java:logGet(43)) - raft.server.snapshot.auto.trigger.threshold = 10000 (custom)
2019-09-27 09:23:51,405 [pool-507-thread-1] INFO  server.RaftServerConfigKeys (ConfUtils.java:logGet(43)) - raft.server.snapshot.retention.num.files = 5 (custom)
2019-09-27 09:23:51,405 [pool-507-thread-1] INFO  server.RaftServerConfigKeys (ConfUtils.java:logGet(43)) - raft.server.retrycache.expirytime = 600000ms (custom)
2019-09-27 09:23:51,407 [pool-507-thread-1] INFO  impl.RaftServerImpl (RaftServerImpl.java:start(185)) - 391bbd77-e270-498a-b344-18095c6f1940@group-F55728285A95: start as a follower, conf=-1: [391bbd77-e270-498a-b344-18095c6f1940:192.168.151.103:34484], old=null
2019-09-27 09:23:51,407 [pool-507-thread-1] INFO  impl.RaftServerImpl (RaftServerImpl.java:setRole(174)) - 391bbd77-e270-498a-b344-18095c6f1940@group-F55728285A95: changes role from      null to FOLLOWER at term 0 for startAsFollower
2019-09-27 09:23:51,407 [pool-507-thread-1] INFO  impl.RoleInfo (RoleInfo.java:updateAndGet(143)) - 391bbd77-e270-498a-b344-18095c6f1940: start FollowerState
2019-09-27 09:23:51,407 [pool-507-thread-1] INFO  util.JmxRegister (JmxRegister.java:tryRegister(44)) - Successfully registered JMX Bean with object name Ratis:service=RaftServer,group=group-F55728285A95,id=391bbd77-e270-498a-b344-18095c6f1940
2019-09-27 09:23:51,415 [RatisPipelineUtilsThread] INFO  pipeline.PipelineStateManager (PipelineStateManager.java:addPipeline(56)) - Created pipeline Pipeline[ Id: eb080546-163e-46fb-967a-f55728285a95, Nodes: 391bbd77-e270-498a-b344-18095c6f1940{ip: 192.168.151.103, host: pr-hdds2162-4fxhj-20988671, networkLocation: /rack1, certSerialId: null}, Type:RATIS, Factor:ONE, State:OPEN]
2019-09-27 09:23:51,560 [IPC Server handler 18 on 40094] INFO  net.NetworkTopology (NetworkTopologyImpl.java:add(111)) - Added a new node: /rack1/de56bb40-4206-44bb-8a25-0aa735fdda15
2019-09-27 09:23:51,560 [IPC Server handler 18 on 40094] INFO  node.SCMNodeManager (SCMNodeManager.java:register(266)) - Registered Data node : de56bb40-4206-44bb-8a25-0aa735fdda15{ip: 192.168.151.103, host: pr-hdds2162-4fxhj-20988671, networkLocation: /rack1, certSerialId: null}
2019-09-27 09:23:51,568 [grpc-default-executor-0] INFO  impl.RaftServerProxy (RaftServerProxy.java:addNew(89)) - de56bb40-4206-44bb-8a25-0aa735fdda15: addNew group-BD08C385C0FC:[de56bb40-4206-44bb-8a25-0aa735fdda15:192.168.151.103:35304] returns group-BD08C385C0FC:java.util.concurrent.CompletableFuture@2739f22a[Not completed]
2019-09-27 09:23:51,570 [pool-517-thread-1] INFO  impl.RaftServerImpl (RaftServerImpl.java:<init>(95)) - de56bb40-4206-44bb-8a25-0aa735fdda15: new RaftServerImpl for group-BD08C385C0FC:[de56bb40-4206-44bb-8a25-0aa735fdda15:192.168.151.103:35304] with ContainerStateMachine:uninitialized
2019-09-27 09:23:51,570 [pool-517-thread-1] INFO  server.RaftServerConfigKeys (ConfUtils.java:logGet(43)) - raft.server.rpc.timeout.min = 1s (custom)
2019-09-27 09:23:51,571 [pool-517-thread-1] INFO  server.RaftServerConfigKeys (ConfUtils.java:logGet(43)) - raft.server.rpc.timeout.max = 1200ms (custom)
2019-09-27 09:23:51,571 [pool-517-thread-1] INFO  server.RaftServerConfigKeys (ConfUtils.java:logGet(43)) - raft.server.rpcslowness.timeout = 120s (custom)
2019-09-27 09:23:51,571 [pool-517-thread-1] INFO  server.RaftServerConfigKeys (ConfUtils.java:logGet(43)) - raft.server.sleep.deviation.threshold = 300 (default)
2019-09-27 09:23:51,571 [pool-517-thread-1] INFO  server.RaftServerConfigKeys (ConfUtils.java:logGet(43)) - raft.server.log.appender.install.snapshot.enabled = false (custom)
2019-09-27 09:23:51,571 [pool-517-thread-1] INFO  impl.RaftServerImpl (ServerState.java:<init>(103)) - de56bb40-4206-44bb-8a25-0aa735fdda15@group-BD08C385C0FC: ConfigurationManager, init=-1: [de56bb40-4206-44bb-8a25-0aa735fdda15:192.168.151.103:35304], old=null, confs=<EMPTY_MAP>
2019-09-27 09:23:51,572 [pool-517-thread-1] INFO  server.RaftServerConfigKeys (ConfUtils.java:logGet(43)) - raft.server.storage.dir = [/workdir/hadoop-ozone/integration-test/target/test-dir/MiniOzoneClusterImpl-398c5316-7398-4fb3-bac3-d05c7117414d/datanode-1/data/ratis] (custom)
2019-09-27 09:23:51,572 [pool-517-thread-1] INFO  storage.RaftStorageDirectory (RaftStorageDirectory.java:analyzeStorage(246)) - The storage directory /workdir/hadoop-ozone/integration-test/target/test-dir/MiniOzoneClusterImpl-398c5316-7398-4fb3-bac3-d05c7117414d/datanode-1/data/ratis/fa6891c4-fa45-4fcc-a0d9-bd08c385c0fc does not exist. Creating ...
2019-09-27 09:23:51,585 [pool-517-thread-1] INFO  storage.RaftStorageDirectory (RaftStorageDirectory.java:tryLock(328)) - Lock on /workdir/hadoop-ozone/integration-test/target/test-dir/MiniOzoneClusterImpl-398c5316-7398-4fb3-bac3-d05c7117414d/datanode-1/data/ratis/fa6891c4-fa45-4fcc-a0d9-bd08c385c0fc/in_use.lock acquired by nodename 29571@pr-hdds2162-4fxhj-20988671
2019-09-27 09:23:51,598 [pool-517-thread-1] INFO  storage.RaftStorage (RaftStorage.java:format(72)) - Storage directory /workdir/hadoop-ozone/integration-test/target/test-dir/MiniOzoneClusterImpl-398c5316-7398-4fb3-bac3-d05c7117414d/datanode-1/data/ratis/fa6891c4-fa45-4fcc-a0d9-bd08c385c0fc has been successfully formatted.
2019-09-27 09:23:51,599 [pool-517-thread-1] INFO  ratis.ContainerStateMachine (ContainerStateMachine.java:loadSnapshot(230)) - group-BD08C385C0FC: The snapshot info is null. Setting the last applied indexto:(t:0, i:~)
2019-09-27 09:23:51,599 [pool-517-thread-1] INFO  server.RaftServerConfigKeys (ConfUtils.java:logGet(43)) - raft.server.notification.no-leader.timeout = 120s (custom)
2019-09-27 09:23:51,599 [pool-517-thread-1] INFO  server.RaftServerConfigKeys (ConfUtils.java:logGet(43)) - raft.server.log.use.memory = false (default)
2019-09-27 09:23:51,599 [pool-517-thread-1] INFO  server.RaftServerConfigKeys (ConfUtils.java:logGet(43)) - raft.server.log.purge.gap = 1000000 (custom)
2019-09-27 09:23:51,599 [pool-517-thread-1] INFO  server.RaftServerConfigKeys (ConfUtils.java:logGet(43)) - raft.server.log.appender.buffer.byte-limit = 33554432 (custom)
2019-09-27 09:23:51,599 [pool-517-thread-1] INFO  server.RaftServerConfigKeys (ConfUtils.java:logGet(43)) - raft.server.log.segment.size.max = 1048576 (custom)
2019-09-27 09:23:51,599 [pool-517-thread-1] INFO  server.RaftServerConfigKeys (ConfUtils.java:logGet(43)) - raft.server.log.segment.cache.num.max = 2 (custom)
2019-09-27 09:23:51,600 [pool-517-thread-1] INFO  segmented.SegmentedRaftLogWorker (SegmentedRaftLogWorker.java:<init>(172)) - new de56bb40-4206-44bb-8a25-0aa735fdda15@group-BD08C385C0FC-SegmentedRaftLogWorker for RaftStorage:Storage Directory /workdir/hadoop-ozone/integration-test/target/test-dir/MiniOzoneClusterImpl-398c5316-7398-4fb3-bac3-d05c7117414d/datanode-1/data/ratis/fa6891c4-fa45-4fcc-a0d9-bd08c385c0fc
2019-09-27 09:23:51,601 [pool-517-thread-1] INFO  server.RaftServerConfigKeys (ConfUtils.java:logGet(43)) - raft.server.log.queue.byte-limit = 2147483647 (custom)
2019-09-27 09:23:51,601 [pool-517-thread-1] INFO  server.RaftServerConfigKeys (ConfUtils.java:logGet(43)) - raft.server.log.queue.element-limit = 1024 (custom)
2019-09-27 09:23:51,601 [pool-517-thread-1] INFO  server.RaftServerConfigKeys (ConfUtils.java:logGet(43)) - raft.server.log.segment.size.max = 1048576 (custom)
2019-09-27 09:23:51,602 [pool-517-thread-1] INFO  server.RaftServerConfigKeys (ConfUtils.java:logGet(43)) - raft.server.log.preallocated.size = 16384 (custom)
2019-09-27 09:23:51,602 [pool-517-thread-1] INFO  server.RaftServerConfigKeys (ConfUtils.java:logGet(43)) - raft.server.log.write.buffer.size = 33554432 (custom)
2019-09-27 09:23:51,602 [pool-517-thread-1] INFO  server.RaftServerConfigKeys (ConfUtils.java:logGet(43)) - raft.server.log.force.sync.num = 128 (default)
2019-09-27 09:23:51,602 [pool-517-thread-1] INFO  server.RaftServerConfigKeys (ConfUtils.java:logGet(43)) - raft.server.log.statemachine.data.sync = true (default)
2019-09-27 09:23:51,602 [pool-517-thread-1] INFO  server.RaftServerConfigKeys (ConfUtils.java:logGet(43)) - raft.server.log.statemachine.data.sync.timeout = 10s (default)
2019-09-27 09:23:51,602 [pool-517-thread-1] INFO  server.RaftServerConfigKeys (ConfUtils.java:logGet(43)) - raft.server.log.statemachine.data.sync.timeout.retry = -1 (default)
2019-09-27 09:23:51,602 [pool-517-thread-1] INFO  server.RaftServerConfigKeys (ConfUtils.java:logGet(43)) - raft.server.log.statemachine.data.caching.enabled = true (custom)
2019-09-27 09:23:51,603 [pool-517-thread-1] INFO  segmented.SegmentedRaftLogWorker (SegmentedRaftLogWorker.java:lambda$new$0(132)) - de56bb40-4206-44bb-8a25-0aa735fdda15@group-BD08C385C0FC-SegmentedRaftLogWorker: flushIndex: setUnconditionally 0 -> -1
2019-09-27 09:23:51,603 [pool-517-thread-1] INFO  server.RaftServerConfigKeys (ConfUtils.java:logGet(43)) - raft.server.snapshot.auto.trigger.enabled = true (custom)
2019-09-27 09:23:51,603 [pool-517-thread-1] INFO  server.RaftServerConfigKeys (ConfUtils.java:logGet(43)) - raft.server.snapshot.auto.trigger.threshold = 10000 (custom)
2019-09-27 09:23:51,603 [pool-517-thread-1] INFO  server.RaftServerConfigKeys (ConfUtils.java:logGet(43)) - raft.server.snapshot.retention.num.files = 5 (custom)
2019-09-27 09:23:51,603 [pool-517-thread-1] INFO  server.RaftServerConfigKeys (ConfUtils.java:logGet(43)) - raft.server.retrycache.expirytime = 600000ms (custom)
2019-09-27 09:23:51,605 [pool-517-thread-1] INFO  impl.RaftServerImpl (RaftServerImpl.java:start(185)) - de56bb40-4206-44bb-8a25-0aa735fdda15@group-BD08C385C0FC: start as a follower, conf=-1: [de56bb40-4206-44bb-8a25-0aa735fdda15:192.168.151.103:35304], old=null
2019-09-27 09:23:51,605 [pool-517-thread-1] INFO  impl.RaftServerImpl (RaftServerImpl.java:setRole(174)) - de56bb40-4206-44bb-8a25-0aa735fdda15@group-BD08C385C0FC: changes role from      null to FOLLOWER at term 0 for startAsFollower
2019-09-27 09:23:51,605 [pool-517-thread-1] INFO  impl.RoleInfo (RoleInfo.java:updateAndGet(143)) - de56bb40-4206-44bb-8a25-0aa735fdda15: start FollowerState
2019-09-27 09:23:51,605 [pool-517-thread-1] INFO  util.JmxRegister (JmxRegister.java:tryRegister(44)) - Successfully registered JMX Bean with object name Ratis:service=RaftServer,group=group-BD08C385C0FC,id=de56bb40-4206-44bb-8a25-0aa735fdda15
2019-09-27 09:23:51,611 [RatisPipelineUtilsThread] INFO  pipeline.PipelineStateManager (PipelineStateManager.java:addPipeline(56)) - Created pipeline Pipeline[ Id: fa6891c4-fa45-4fcc-a0d9-bd08c385c0fc, Nodes: de56bb40-4206-44bb-8a25-0aa735fdda15{ip: 192.168.151.103, host: pr-hdds2162-4fxhj-20988671, networkLocation: /rack1, certSerialId: null}, Type:RATIS, Factor:ONE, State:OPEN]
2019-09-27 09:23:51,629 [IPC Server handler 12 on 40094] INFO  net.NetworkTopology (NetworkTopologyImpl.java:add(111)) - Added a new node: /rack1/42a6dc71-468f-4bda-a1ef-3415db0682d5
2019-09-27 09:23:51,629 [IPC Server handler 12 on 40094] INFO  node.SCMNodeManager (SCMNodeManager.java:register(266)) - Registered Data node : 42a6dc71-468f-4bda-a1ef-3415db0682d5{ip: 192.168.151.103, host: pr-hdds2162-4fxhj-20988671, networkLocation: /rack1, certSerialId: null}
2019-09-27 09:23:51,640 [grpc-default-executor-0] INFO  impl.RaftServerProxy (RaftServerProxy.java:addNew(89)) - 42a6dc71-468f-4bda-a1ef-3415db0682d5: addNew group-C9BF3ADD7736:[42a6dc71-468f-4bda-a1ef-3415db0682d5:192.168.151.103:35261] returns group-C9BF3ADD7736:java.util.concurrent.CompletableFuture@54fd6f73[Not completed]
2019-09-27 09:23:51,642 [pool-527-thread-1] INFO  impl.RaftServerImpl (RaftServerImpl.java:<init>(95)) - 42a6dc71-468f-4bda-a1ef-3415db0682d5: new RaftServerImpl for group-C9BF3ADD7736:[42a6dc71-468f-4bda-a1ef-3415db0682d5:192.168.151.103:35261] with ContainerStateMachine:uninitialized
2019-09-27 09:23:51,642 [pool-527-thread-1] INFO  server.RaftServerConfigKeys (ConfUtils.java:logGet(43)) - raft.server.rpc.timeout.min = 1s (custom)
2019-09-27 09:23:51,642 [pool-527-thread-1] INFO  server.RaftServerConfigKeys (ConfUtils.java:logGet(43)) - raft.server.rpc.timeout.max = 1200ms (custom)
2019-09-27 09:23:51,642 [pool-527-thread-1] INFO  server.RaftServerConfigKeys (ConfUtils.java:logGet(43)) - raft.server.rpcslowness.timeout = 120s (custom)
2019-09-27 09:23:51,642 [pool-527-thread-1] INFO  server.RaftServerConfigKeys (ConfUtils.java:logGet(43)) - raft.server.sleep.deviation.threshold = 300 (default)
2019-09-27 09:23:51,642 [pool-527-thread-1] INFO  server.RaftServerConfigKeys (ConfUtils.java:logGet(43)) - raft.server.log.appender.install.snapshot.enabled = false (custom)
2019-09-27 09:23:51,642 [pool-527-thread-1] INFO  impl.RaftServerImpl (ServerState.java:<init>(103)) - 42a6dc71-468f-4bda-a1ef-3415db0682d5@group-C9BF3ADD7736: ConfigurationManager, init=-1: [42a6dc71-468f-4bda-a1ef-3415db0682d5:192.168.151.103:35261], old=null, confs=<EMPTY_MAP>
2019-09-27 09:23:51,642 [pool-527-thread-1] INFO  server.RaftServerConfigKeys (ConfUtils.java:logGet(43)) - raft.server.storage.dir = [/workdir/hadoop-ozone/integration-test/target/test-dir/MiniOzoneClusterImpl-398c5316-7398-4fb3-bac3-d05c7117414d/datanode-2/data/ratis] (custom)
2019-09-27 09:23:51,643 [pool-527-thread-1] INFO  storage.RaftStorageDirectory (RaftStorageDirectory.java:analyzeStorage(246)) - The storage directory /workdir/hadoop-ozone/integration-test/target/test-dir/MiniOzoneClusterImpl-398c5316-7398-4fb3-bac3-d05c7117414d/datanode-2/data/ratis/e08bfde2-ebd3-4993-84c0-c9bf3add7736 does not exist. Creating ...
2019-09-27 09:23:51,656 [pool-527-thread-1] INFO  storage.RaftStorageDirectory (RaftStorageDirectory.java:tryLock(328)) - Lock on /workdir/hadoop-ozone/integration-test/target/test-dir/MiniOzoneClusterImpl-398c5316-7398-4fb3-bac3-d05c7117414d/datanode-2/data/ratis/e08bfde2-ebd3-4993-84c0-c9bf3add7736/in_use.lock acquired by nodename 29571@pr-hdds2162-4fxhj-20988671
2019-09-27 09:23:51,668 [pool-527-thread-1] INFO  storage.RaftStorage (RaftStorage.java:format(72)) - Storage directory /workdir/hadoop-ozone/integration-test/target/test-dir/MiniOzoneClusterImpl-398c5316-7398-4fb3-bac3-d05c7117414d/datanode-2/data/ratis/e08bfde2-ebd3-4993-84c0-c9bf3add7736 has been successfully formatted.
2019-09-27 09:23:51,669 [pool-527-thread-1] INFO  ratis.ContainerStateMachine (ContainerStateMachine.java:loadSnapshot(230)) - group-C9BF3ADD7736: The snapshot info is null. Setting the last applied indexto:(t:0, i:~)
2019-09-27 09:23:51,669 [pool-527-thread-1] INFO  server.RaftServerConfigKeys (ConfUtils.java:logGet(43)) - raft.server.notification.no-leader.timeout = 120s (custom)
2019-09-27 09:23:51,669 [pool-527-thread-1] INFO  server.RaftServerConfigKeys (ConfUtils.java:logGet(43)) - raft.server.log.use.memory = false (default)
2019-09-27 09:23:51,669 [pool-527-thread-1] INFO  server.RaftServerConfigKeys (ConfUtils.java:logGet(43)) - raft.server.log.purge.gap = 1000000 (custom)
2019-09-27 09:23:51,669 [pool-527-thread-1] INFO  server.RaftServerConfigKeys (ConfUtils.java:logGet(43)) - raft.server.log.appender.buffer.byte-limit = 33554432 (custom)
2019-09-27 09:23:51,669 [pool-527-thread-1] INFO  server.RaftServerConfigKeys (ConfUtils.java:logGet(43)) - raft.server.log.segment.size.max = 1048576 (custom)
2019-09-27 09:23:51,669 [pool-527-thread-1] INFO  server.RaftServerConfigKeys (ConfUtils.java:logGet(43)) - raft.server.log.segment.cache.num.max = 2 (custom)
2019-09-27 09:23:51,670 [pool-527-thread-1] INFO  segmented.SegmentedRaftLogWorker (SegmentedRaftLogWorker.java:<init>(172)) - new 42a6dc71-468f-4bda-a1ef-3415db0682d5@group-C9BF3ADD7736-SegmentedRaftLogWorker for RaftStorage:Storage Directory /workdir/hadoop-ozone/integration-test/target/test-dir/MiniOzoneClusterImpl-398c5316-7398-4fb3-bac3-d05c7117414d/datanode-2/data/ratis/e08bfde2-ebd3-4993-84c0-c9bf3add7736
2019-09-27 09:23:51,671 [pool-527-thread-1] INFO  server.RaftServerConfigKeys (ConfUtils.java:logGet(43)) - raft.server.log.queue.byte-limit = 2147483647 (custom)
2019-09-27 09:23:51,671 [pool-527-thread-1] INFO  server.RaftServerConfigKeys (ConfUtils.java:logGet(43)) - raft.server.log.queue.element-limit = 1024 (custom)
2019-09-27 09:23:51,671 [pool-527-thread-1] INFO  server.RaftServerConfigKeys (ConfUtils.java:logGet(43)) - raft.server.log.segment.size.max = 1048576 (custom)
2019-09-27 09:23:51,671 [pool-527-thread-1] INFO  server.RaftServerConfigKeys (ConfUtils.java:logGet(43)) - raft.server.log.preallocated.size = 16384 (custom)
2019-09-27 09:23:51,671 [pool-527-thread-1] INFO  server.RaftServerConfigKeys (ConfUtils.java:logGet(43)) - raft.server.log.write.buffer.size = 33554432 (custom)
2019-09-27 09:23:51,671 [pool-527-thread-1] INFO  server.RaftServerConfigKeys (ConfUtils.java:logGet(43)) - raft.server.log.force.sync.num = 128 (default)
2019-09-27 09:23:51,671 [pool-527-thread-1] INFO  server.RaftServerConfigKeys (ConfUtils.java:logGet(43)) - raft.server.log.statemachine.data.sync = true (default)
2019-09-27 09:23:51,671 [pool-527-thread-1] INFO  server.RaftServerConfigKeys (ConfUtils.java:logGet(43)) - raft.server.log.statemachine.data.sync.timeout = 10s (default)
2019-09-27 09:23:51,672 [pool-527-thread-1] INFO  server.RaftServerConfigKeys (ConfUtils.java:logGet(43)) - raft.server.log.statemachine.data.sync.timeout.retry = -1 (default)
2019-09-27 09:23:51,672 [pool-527-thread-1] INFO  server.RaftServerConfigKeys (ConfUtils.java:logGet(43)) - raft.server.log.statemachine.data.caching.enabled = true (custom)
2019-09-27 09:23:51,672 [pool-527-thread-1] INFO  segmented.SegmentedRaftLogWorker (SegmentedRaftLogWorker.java:lambda$new$0(132)) - 42a6dc71-468f-4bda-a1ef-3415db0682d5@group-C9BF3ADD7736-SegmentedRaftLogWorker: flushIndex: setUnconditionally 0 -> -1
2019-09-27 09:23:51,672 [pool-527-thread-1] INFO  server.RaftServerConfigKeys (ConfUtils.java:logGet(43)) - raft.server.snapshot.auto.trigger.enabled = true (custom)
2019-09-27 09:23:51,672 [pool-527-thread-1] INFO  server.RaftServerConfigKeys (ConfUtils.java:logGet(43)) - raft.server.snapshot.auto.trigger.threshold = 10000 (custom)
2019-09-27 09:23:51,672 [pool-527-thread-1] INFO  server.RaftServerConfigKeys (ConfUtils.java:logGet(43)) - raft.server.snapshot.retention.num.files = 5 (custom)
2019-09-27 09:23:51,673 [pool-527-thread-1] INFO  server.RaftServerConfigKeys (ConfUtils.java:logGet(43)) - raft.server.retrycache.expirytime = 600000ms (custom)
2019-09-27 09:23:51,674 [pool-527-thread-1] INFO  impl.RaftServerImpl (RaftServerImpl.java:start(185)) - 42a6dc71-468f-4bda-a1ef-3415db0682d5@group-C9BF3ADD7736: start as a follower, conf=-1: [42a6dc71-468f-4bda-a1ef-3415db0682d5:192.168.151.103:35261], old=null
2019-09-27 09:23:51,674 [pool-527-thread-1] INFO  impl.RaftServerImpl (RaftServerImpl.java:setRole(174)) - 42a6dc71-468f-4bda-a1ef-3415db0682d5@group-C9BF3ADD7736: changes role from      null to FOLLOWER at term 0 for startAsFollower
2019-09-27 09:23:51,674 [pool-527-thread-1] INFO  impl.RoleInfo (RoleInfo.java:updateAndGet(143)) - 42a6dc71-468f-4bda-a1ef-3415db0682d5: start FollowerState
2019-09-27 09:23:51,674 [pool-527-thread-1] INFO  util.JmxRegister (JmxRegister.java:tryRegister(44)) - Successfully registered JMX Bean with object name Ratis:service=RaftServer,group=group-C9BF3ADD7736,id=42a6dc71-468f-4bda-a1ef-3415db0682d5
2019-09-27 09:23:51,680 [RatisPipelineUtilsThread] INFO  pipeline.PipelineStateManager (PipelineStateManager.java:addPipeline(56)) - Created pipeline Pipeline[ Id: e08bfde2-ebd3-4993-84c0-c9bf3add7736, Nodes: 42a6dc71-468f-4bda-a1ef-3415db0682d5{ip: 192.168.151.103, host: pr-hdds2162-4fxhj-20988671, networkLocation: /rack1, certSerialId: null}, Type:RATIS, Factor:ONE, State:OPEN]
2019-09-27 09:23:51,689 [IPC Server handler 14 on 40094] INFO  net.NetworkTopology (NetworkTopologyImpl.java:add(111)) - Added a new node: /rack1/03814bdb-c6b3-415d-8615-039e811c0048
2019-09-27 09:23:51,694 [IPC Server handler 14 on 40094] INFO  node.SCMNodeManager (SCMNodeManager.java:register(266)) - Registered Data node : 03814bdb-c6b3-415d-8615-039e811c0048{ip: 192.168.151.103, host: pr-hdds2162-4fxhj-20988671, networkLocation: /rack1, certSerialId: null}
2019-09-27 09:23:51,695 [grpc-default-executor-2] INFO  impl.RaftServerProxy (RaftServerProxy.java:addNew(89)) - 42a6dc71-468f-4bda-a1ef-3415db0682d5: addNew group-49BF442FE5BA:[42a6dc71-468f-4bda-a1ef-3415db0682d5:192.168.151.103:35261, de56bb40-4206-44bb-8a25-0aa735fdda15:192.168.151.103:35304, 391bbd77-e270-498a-b344-18095c6f1940:192.168.151.103:34484] returns group-49BF442FE5BA:java.util.concurrent.CompletableFuture@56ef317d[Not completed]
2019-09-27 09:23:51,695 [grpc-default-executor-0] INFO  impl.RaftServerProxy (RaftServerProxy.java:addNew(89)) - de56bb40-4206-44bb-8a25-0aa735fdda15: addNew group-49BF442FE5BA:[42a6dc71-468f-4bda-a1ef-3415db0682d5:192.168.151.103:35261, de56bb40-4206-44bb-8a25-0aa735fdda15:192.168.151.103:35304, 391bbd77-e270-498a-b344-18095c6f1940:192.168.151.103:34484] returns group-49BF442FE5BA:java.util.concurrent.CompletableFuture@2409c185[Not completed]
2019-09-27 09:23:51,695 [grpc-default-executor-1] INFO  impl.RaftServerProxy (RaftServerProxy.java:addNew(89)) - 391bbd77-e270-498a-b344-18095c6f1940: addNew group-49BF442FE5BA:[42a6dc71-468f-4bda-a1ef-3415db0682d5:192.168.151.103:35261, de56bb40-4206-44bb-8a25-0aa735fdda15:192.168.151.103:35304, 391bbd77-e270-498a-b344-18095c6f1940:192.168.151.103:34484] returns group-49BF442FE5BA:java.util.concurrent.CompletableFuture@3d79a5f5[Not completed]
2019-09-27 09:23:51,696 [pool-517-thread-1] INFO  impl.RaftServerImpl (RaftServerImpl.java:<init>(95)) - de56bb40-4206-44bb-8a25-0aa735fdda15: new RaftServerImpl for group-49BF442FE5BA:[42a6dc71-468f-4bda-a1ef-3415db0682d5:192.168.151.103:35261, de56bb40-4206-44bb-8a25-0aa735fdda15:192.168.151.103:35304, 391bbd77-e270-498a-b344-18095c6f1940:192.168.151.103:34484] with ContainerStateMachine:uninitialized
2019-09-27 09:23:51,697 [pool-517-thread-1] INFO  server.RaftServerConfigKeys (ConfUtils.java:logGet(43)) - raft.server.rpc.timeout.min = 1s (custom)
2019-09-27 09:23:51,697 [pool-517-thread-1] INFO  server.RaftServerConfigKeys (ConfUtils.java:logGet(43)) - raft.server.rpc.timeout.max = 1200ms (custom)
2019-09-27 09:23:51,697 [pool-517-thread-1] INFO  server.RaftServerConfigKeys (ConfUtils.java:logGet(43)) - raft.server.rpcslowness.timeout = 120s (custom)
2019-09-27 09:23:51,697 [pool-517-thread-1] INFO  server.RaftServerConfigKeys (ConfUtils.java:logGet(43)) - raft.server.sleep.deviation.threshold = 300 (default)
2019-09-27 09:23:51,697 [pool-517-thread-1] INFO  server.RaftServerConfigKeys (ConfUtils.java:logGet(43)) - raft.server.log.appender.install.snapshot.enabled = false (custom)
2019-09-27 09:23:51,697 [pool-507-thread-1] INFO  impl.RaftServerImpl (RaftServerImpl.java:<init>(95)) - 391bbd77-e270-498a-b344-18095c6f1940: new RaftServerImpl for group-49BF442FE5BA:[42a6dc71-468f-4bda-a1ef-3415db0682d5:192.168.151.103:35261, de56bb40-4206-44bb-8a25-0aa735fdda15:192.168.151.103:35304, 391bbd77-e270-498a-b344-18095c6f1940:192.168.151.103:34484] with ContainerStateMachine:uninitialized
2019-09-27 09:23:51,697 [pool-517-thread-1] INFO  impl.RaftServerImpl (ServerState.java:<init>(103)) - de56bb40-4206-44bb-8a25-0aa735fdda15@group-49BF442FE5BA: ConfigurationManager, init=-1: [42a6dc71-468f-4bda-a1ef-3415db0682d5:192.168.151.103:35261, de56bb40-4206-44bb-8a25-0aa735fdda15:192.168.151.103:35304, 391bbd77-e270-498a-b344-18095c6f1940:192.168.151.103:34484], old=null, confs=<EMPTY_MAP>
2019-09-27 09:23:51,697 [pool-507-thread-1] INFO  server.RaftServerConfigKeys (ConfUtils.java:logGet(43)) - raft.server.rpc.timeout.min = 1s (custom)
2019-09-27 09:23:51,697 [pool-527-thread-1] INFO  impl.RaftServerImpl (RaftServerImpl.java:<init>(95)) - 42a6dc71-468f-4bda-a1ef-3415db0682d5: new RaftServerImpl for group-49BF442FE5BA:[42a6dc71-468f-4bda-a1ef-3415db0682d5:192.168.151.103:35261, de56bb40-4206-44bb-8a25-0aa735fdda15:192.168.151.103:35304, 391bbd77-e270-498a-b344-18095c6f1940:192.168.151.103:34484] with ContainerStateMachine:uninitialized
2019-09-27 09:23:51,697 [pool-507-thread-1] INFO  server.RaftServerConfigKeys (ConfUtils.java:logGet(43)) - raft.server.rpc.timeout.max = 1200ms (custom)
2019-09-27 09:23:51,697 [pool-517-thread-1] INFO  server.RaftServerConfigKeys (ConfUtils.java:logGet(43)) - raft.server.storage.dir = [/workdir/hadoop-ozone/integration-test/target/test-dir/MiniOzoneClusterImpl-398c5316-7398-4fb3-bac3-d05c7117414d/datanode-1/data/ratis] (custom)
2019-09-27 09:23:51,698 [pool-507-thread-1] INFO  server.RaftServerConfigKeys (ConfUtils.java:logGet(43)) - raft.server.rpcslowness.timeout = 120s (custom)
2019-09-27 09:23:51,698 [pool-527-thread-1] INFO  server.RaftServerConfigKeys (ConfUtils.java:logGet(43)) - raft.server.rpc.timeout.min = 1s (custom)
2019-09-27 09:23:51,698 [pool-507-thread-1] INFO  server.RaftServerConfigKeys (ConfUtils.java:logGet(43)) - raft.server.sleep.deviation.threshold = 300 (default)
2019-09-27 09:23:51,698 [pool-527-thread-1] INFO  server.RaftServerConfigKeys (ConfUtils.java:logGet(43)) - raft.server.rpc.timeout.max = 1200ms (custom)
2019-09-27 09:23:51,698 [pool-517-thread-1] INFO  storage.RaftStorageDirectory (RaftStorageDirectory.java:analyzeStorage(246)) - The storage directory /workdir/hadoop-ozone/integration-test/target/test-dir/MiniOzoneClusterImpl-398c5316-7398-4fb3-bac3-d05c7117414d/datanode-1/data/ratis/d0555c21-837f-47f7-828c-49bf442fe5ba does not exist. Creating ...
2019-09-27 09:23:51,698 [pool-527-thread-1] INFO  server.RaftServerConfigKeys (ConfUtils.java:logGet(43)) - raft.server.rpcslowness.timeout = 120s (custom)
2019-09-27 09:23:51,698 [pool-507-thread-1] INFO  server.RaftServerConfigKeys (ConfUtils.java:logGet(43)) - raft.server.log.appender.install.snapshot.enabled = false (custom)
2019-09-27 09:23:51,698 [pool-527-thread-1] INFO  server.RaftServerConfigKeys (ConfUtils.java:logGet(43)) - raft.server.sleep.deviation.threshold = 300 (default)
2019-09-27 09:23:51,699 [pool-507-thread-1] INFO  impl.RaftServerImpl (ServerState.java:<init>(103)) - 391bbd77-e270-498a-b344-18095c6f1940@group-49BF442FE5BA: ConfigurationManager, init=-1: [42a6dc71-468f-4bda-a1ef-3415db0682d5:192.168.151.103:35261, de56bb40-4206-44bb-8a25-0aa735fdda15:192.168.151.103:35304, 391bbd77-e270-498a-b344-18095c6f1940:192.168.151.103:34484], old=null, confs=<EMPTY_MAP>
2019-09-27 09:23:51,699 [pool-527-thread-1] INFO  server.RaftServerConfigKeys (ConfUtils.java:logGet(43)) - raft.server.log.appender.install.snapshot.enabled = false (custom)
2019-09-27 09:23:51,699 [pool-507-thread-1] INFO  server.RaftServerConfigKeys (ConfUtils.java:logGet(43)) - raft.server.storage.dir = [/workdir/hadoop-ozone/integration-test/target/test-dir/MiniOzoneClusterImpl-398c5316-7398-4fb3-bac3-d05c7117414d/datanode-0/data/ratis] (custom)
2019-09-27 09:23:51,699 [pool-527-thread-1] INFO  impl.RaftServerImpl (ServerState.java:<init>(103)) - 42a6dc71-468f-4bda-a1ef-3415db0682d5@group-49BF442FE5BA: ConfigurationManager, init=-1: [42a6dc71-468f-4bda-a1ef-3415db0682d5:192.168.151.103:35261, de56bb40-4206-44bb-8a25-0aa735fdda15:192.168.151.103:35304, 391bbd77-e270-498a-b344-18095c6f1940:192.168.151.103:34484], old=null, confs=<EMPTY_MAP>
2019-09-27 09:23:51,699 [pool-527-thread-1] INFO  server.RaftServerConfigKeys (ConfUtils.java:logGet(43)) - raft.server.storage.dir = [/workdir/hadoop-ozone/integration-test/target/test-dir/MiniOzoneClusterImpl-398c5316-7398-4fb3-bac3-d05c7117414d/datanode-2/data/ratis] (custom)
2019-09-27 09:23:51,699 [pool-507-thread-1] INFO  storage.RaftStorageDirectory (RaftStorageDirectory.java:analyzeStorage(246)) - The storage directory /workdir/hadoop-ozone/integration-test/target/test-dir/MiniOzoneClusterImpl-398c5316-7398-4fb3-bac3-d05c7117414d/datanode-0/data/ratis/d0555c21-837f-47f7-828c-49bf442fe5ba does not exist. Creating ...
2019-09-27 09:23:51,699 [pool-527-thread-1] INFO  storage.RaftStorageDirectory (RaftStorageDirectory.java:analyzeStorage(246)) - The storage directory /workdir/hadoop-ozone/integration-test/target/test-dir/MiniOzoneClusterImpl-398c5316-7398-4fb3-bac3-d05c7117414d/datanode-2/data/ratis/d0555c21-837f-47f7-828c-49bf442fe5ba does not exist. Creating ...
2019-09-27 09:23:51,713 [pool-527-thread-1] INFO  storage.RaftStorageDirectory (RaftStorageDirectory.java:tryLock(328)) - Lock on /workdir/hadoop-ozone/integration-test/target/test-dir/MiniOzoneClusterImpl-398c5316-7398-4fb3-bac3-d05c7117414d/datanode-2/data/ratis/d0555c21-837f-47f7-828c-49bf442fe5ba/in_use.lock acquired by nodename 29571@pr-hdds2162-4fxhj-20988671
2019-09-27 09:23:51,713 [pool-507-thread-1] INFO  storage.RaftStorageDirectory (RaftStorageDirectory.java:tryLock(328)) - Lock on /workdir/hadoop-ozone/integration-test/target/test-dir/MiniOzoneClusterImpl-398c5316-7398-4fb3-bac3-d05c7117414d/datanode-0/data/ratis/d0555c21-837f-47f7-828c-49bf442fe5ba/in_use.lock acquired by nodename 29571@pr-hdds2162-4fxhj-20988671
2019-09-27 09:23:51,713 [pool-517-thread-1] INFO  storage.RaftStorageDirectory (RaftStorageDirectory.java:tryLock(328)) - Lock on /workdir/hadoop-ozone/integration-test/target/test-dir/MiniOzoneClusterImpl-398c5316-7398-4fb3-bac3-d05c7117414d/datanode-1/data/ratis/d0555c21-837f-47f7-828c-49bf442fe5ba/in_use.lock acquired by nodename 29571@pr-hdds2162-4fxhj-20988671
2019-09-27 09:23:51,727 [pool-527-thread-1] INFO  storage.RaftStorage (RaftStorage.java:format(72)) - Storage directory /workdir/hadoop-ozone/integration-test/target/test-dir/MiniOzoneClusterImpl-398c5316-7398-4fb3-bac3-d05c7117414d/datanode-2/data/ratis/d0555c21-837f-47f7-828c-49bf442fe5ba has been successfully formatted.
2019-09-27 09:23:51,727 [pool-517-thread-1] INFO  storage.RaftStorage (RaftStorage.java:format(72)) - Storage directory /workdir/hadoop-ozone/integration-test/target/test-dir/MiniOzoneClusterImpl-398c5316-7398-4fb3-bac3-d05c7117414d/datanode-1/data/ratis/d0555c21-837f-47f7-828c-49bf442fe5ba has been successfully formatted.
2019-09-27 09:23:51,727 [pool-527-thread-1] INFO  ratis.ContainerStateMachine (ContainerStateMachine.java:loadSnapshot(230)) - group-49BF442FE5BA: The snapshot info is null. Setting the last applied indexto:(t:0, i:~)
2019-09-27 09:23:51,727 [pool-507-thread-1] INFO  storage.RaftStorage (RaftStorage.java:format(72)) - Storage directory /workdir/hadoop-ozone/integration-test/target/test-dir/MiniOzoneClusterImpl-398c5316-7398-4fb3-bac3-d05c7117414d/datanode-0/data/ratis/d0555c21-837f-47f7-828c-49bf442fe5ba has been successfully formatted.
2019-09-27 09:23:51,727 [pool-517-thread-1] INFO  ratis.ContainerStateMachine (ContainerStateMachine.java:loadSnapshot(230)) - group-49BF442FE5BA: The snapshot info is null. Setting the last applied indexto:(t:0, i:~)
2019-09-27 09:23:51,727 [pool-507-thread-1] INFO  ratis.ContainerStateMachine (ContainerStateMachine.java:loadSnapshot(230)) - group-49BF442FE5BA: The snapshot info is null. Setting the last applied indexto:(t:0, i:~)
2019-09-27 09:23:51,727 [pool-527-thread-1] INFO  server.RaftServerConfigKeys (ConfUtils.java:logGet(43)) - raft.server.notification.no-leader.timeout = 120s (custom)
2019-09-27 09:23:51,727 [pool-507-thread-1] INFO  server.RaftServerConfigKeys (ConfUtils.java:logGet(43)) - raft.server.notification.no-leader.timeout = 120s (custom)
2019-09-27 09:23:51,727 [pool-517-thread-1] INFO  server.RaftServerConfigKeys (ConfUtils.java:logGet(43)) - raft.server.notification.no-leader.timeout = 120s (custom)
2019-09-27 09:23:51,728 [pool-507-thread-1] INFO  server.RaftServerConfigKeys (ConfUtils.java:logGet(43)) - raft.server.log.use.memory = false (default)
2019-09-27 09:23:51,728 [pool-527-thread-1] INFO  server.RaftServerConfigKeys (ConfUtils.java:logGet(43)) - raft.server.log.use.memory = false (default)
2019-09-27 09:23:51,728 [pool-507-thread-1] INFO  server.RaftServerConfigKeys (ConfUtils.java:logGet(43)) - raft.server.log.purge.gap = 1000000 (custom)
2019-09-27 09:23:51,728 [pool-517-thread-1] INFO  server.RaftServerConfigKeys (ConfUtils.java:logGet(43)) - raft.server.log.use.memory = false (default)
2019-09-27 09:23:51,728 [pool-507-thread-1] INFO  server.RaftServerConfigKeys (ConfUtils.java:logGet(43)) - raft.server.log.appender.buffer.byte-limit = 33554432 (custom)
2019-09-27 09:23:51,728 [pool-527-thread-1] INFO  server.RaftServerConfigKeys (ConfUtils.java:logGet(43)) - raft.server.log.purge.gap = 1000000 (custom)
2019-09-27 09:23:51,729 [pool-507-thread-1] INFO  server.RaftServerConfigKeys (ConfUtils.java:logGet(43)) - raft.server.log.segment.size.max = 1048576 (custom)
2019-09-27 09:23:51,728 [pool-517-thread-1] INFO  server.RaftServerConfigKeys (ConfUtils.java:logGet(43)) - raft.server.log.purge.gap = 1000000 (custom)
2019-09-27 09:23:51,729 [pool-507-thread-1] INFO  server.RaftServerConfigKeys (ConfUtils.java:logGet(43)) - raft.server.log.segment.cache.num.max = 2 (custom)
2019-09-27 09:23:51,729 [pool-527-thread-1] INFO  server.RaftServerConfigKeys (ConfUtils.java:logGet(43)) - raft.server.log.appender.buffer.byte-limit = 33554432 (custom)
2019-09-27 09:23:51,729 [pool-507-thread-1] INFO  segmented.SegmentedRaftLogWorker (SegmentedRaftLogWorker.java:<init>(172)) - new 391bbd77-e270-498a-b344-18095c6f1940@group-49BF442FE5BA-SegmentedRaftLogWorker for RaftStorage:Storage Directory /workdir/hadoop-ozone/integration-test/target/test-dir/MiniOzoneClusterImpl-398c5316-7398-4fb3-bac3-d05c7117414d/datanode-0/data/ratis/d0555c21-837f-47f7-828c-49bf442fe5ba
2019-09-27 09:23:51,729 [pool-517-thread-1] INFO  server.RaftServerConfigKeys (ConfUtils.java:logGet(43)) - raft.server.log.appender.buffer.byte-limit = 33554432 (custom)
2019-09-27 09:23:51,730 [pool-507-thread-1] INFO  server.RaftServerConfigKeys (ConfUtils.java:logGet(43)) - raft.server.log.queue.byte-limit = 2147483647 (custom)
2019-09-27 09:23:51,729 [pool-527-thread-1] INFO  server.RaftServerConfigKeys (ConfUtils.java:logGet(43)) - raft.server.log.segment.size.max = 1048576 (custom)
2019-09-27 09:23:51,730 [pool-507-thread-1] INFO  server.RaftServerConfigKeys (ConfUtils.java:logGet(43)) - raft.server.log.queue.element-limit = 1024 (custom)
2019-09-27 09:23:51,730 [pool-517-thread-1] INFO  server.RaftServerConfigKeys (ConfUtils.java:logGet(43)) - raft.server.log.segment.size.max = 1048576 (custom)
2019-09-27 09:23:51,730 [pool-507-thread-1] INFO  server.RaftServerConfigKeys (ConfUtils.java:logGet(43)) - raft.server.log.segment.size.max = 1048576 (custom)
2019-09-27 09:23:51,730 [pool-527-thread-1] INFO  server.RaftServerConfigKeys (ConfUtils.java:logGet(43)) - raft.server.log.segment.cache.num.max = 2 (custom)
2019-09-27 09:23:51,730 [pool-507-thread-1] INFO  server.RaftServerConfigKeys (ConfUtils.java:logGet(43)) - raft.server.log.preallocated.size = 16384 (custom)
2019-09-27 09:23:51,731 [pool-507-thread-1] INFO  server.RaftServerConfigKeys (ConfUtils.java:logGet(43)) - raft.server.log.write.buffer.size = 33554432 (custom)
2019-09-27 09:23:51,730 [pool-517-thread-1] INFO  server.RaftServerConfigKeys (ConfUtils.java:logGet(43)) - raft.server.log.segment.cache.num.max = 2 (custom)
2019-09-27 09:23:51,731 [pool-507-thread-1] INFO  server.RaftServerConfigKeys (ConfUtils.java:logGet(43)) - raft.server.log.force.sync.num = 128 (default)
2019-09-27 09:23:51,730 [pool-527-thread-1] INFO  segmented.SegmentedRaftLogWorker (SegmentedRaftLogWorker.java:<init>(172)) - new 42a6dc71-468f-4bda-a1ef-3415db0682d5@group-49BF442FE5BA-SegmentedRaftLogWorker for RaftStorage:Storage Directory /workdir/hadoop-ozone/integration-test/target/test-dir/MiniOzoneClusterImpl-398c5316-7398-4fb3-bac3-d05c7117414d/datanode-2/data/ratis/d0555c21-837f-47f7-828c-49bf442fe5ba
2019-09-27 09:23:51,731 [pool-507-thread-1] INFO  server.RaftServerConfigKeys (ConfUtils.java:logGet(43)) - raft.server.log.statemachine.data.sync = true (default)
2019-09-27 09:23:51,731 [pool-517-thread-1] INFO  segmented.SegmentedRaftLogWorker (SegmentedRaftLogWorker.java:<init>(172)) - new de56bb40-4206-44bb-8a25-0aa735fdda15@group-49BF442FE5BA-SegmentedRaftLogWorker for RaftStorage:Storage Directory /workdir/hadoop-ozone/integration-test/target/test-dir/MiniOzoneClusterImpl-398c5316-7398-4fb3-bac3-d05c7117414d/datanode-1/data/ratis/d0555c21-837f-47f7-828c-49bf442fe5ba
2019-09-27 09:23:51,731 [pool-507-thread-1] INFO  server.RaftServerConfigKeys (ConfUtils.java:logGet(43)) - raft.server.log.statemachine.data.sync.timeout = 10s (default)
2019-09-27 09:23:51,731 [pool-527-thread-1] INFO  server.RaftServerConfigKeys (ConfUtils.java:logGet(43)) - raft.server.log.queue.byte-limit = 2147483647 (custom)
2019-09-27 09:23:51,732 [pool-507-thread-1] INFO  server.RaftServerConfigKeys (ConfUtils.java:logGet(43)) - raft.server.log.statemachine.data.sync.timeout.retry = -1 (default)
2019-09-27 09:23:51,731 [pool-517-thread-1] INFO  server.RaftServerConfigKeys (ConfUtils.java:logGet(43)) - raft.server.log.queue.byte-limit = 2147483647 (custom)
2019-09-27 09:23:51,732 [pool-507-thread-1] INFO  server.RaftServerConfigKeys (ConfUtils.java:logGet(43)) - raft.server.log.statemachine.data.caching.enabled = true (custom)
2019-09-27 09:23:51,732 [pool-527-thread-1] INFO  server.RaftServerConfigKeys (ConfUtils.java:logGet(43)) - raft.server.log.queue.element-limit = 1024 (custom)
2019-09-27 09:23:51,732 [pool-517-thread-1] INFO  server.RaftServerConfigKeys (ConfUtils.java:logGet(43)) - raft.server.log.queue.element-limit = 1024 (custom)
2019-09-27 09:23:51,732 [pool-507-thread-1] INFO  segmented.SegmentedRaftLogWorker (SegmentedRaftLogWorker.java:lambda$new$0(132)) - 391bbd77-e270-498a-b344-18095c6f1940@group-49BF442FE5BA-SegmentedRaftLogWorker: flushIndex: setUnconditionally 0 -> -1
2019-09-27 09:23:51,732 [pool-527-thread-1] INFO  server.RaftServerConfigKeys (ConfUtils.java:logGet(43)) - raft.server.log.segment.size.max = 1048576 (custom)
2019-09-27 09:23:51,732 [pool-517-thread-1] INFO  server.RaftServerConfigKeys (ConfUtils.java:logGet(43)) - raft.server.log.segment.size.max = 1048576 (custom)
2019-09-27 09:23:51,733 [pool-507-thread-1] INFO  server.RaftServerConfigKeys (ConfUtils.java:logGet(43)) - raft.server.snapshot.auto.trigger.enabled = true (custom)
2019-09-27 09:23:51,733 [pool-527-thread-1] INFO  server.RaftServerConfigKeys (ConfUtils.java:logGet(43)) - raft.server.log.preallocated.size = 16384 (custom)
2019-09-27 09:23:51,733 [pool-507-thread-1] INFO  server.RaftServerConfigKeys (ConfUtils.java:logGet(43)) - raft.server.snapshot.auto.trigger.threshold = 10000 (custom)
2019-09-27 09:23:51,733 [pool-517-thread-1] INFO  server.RaftServerConfigKeys (ConfUtils.java:logGet(43)) - raft.server.log.preallocated.size = 16384 (custom)
2019-09-27 09:23:51,733 [pool-507-thread-1] INFO  server.RaftServerConfigKeys (ConfUtils.java:logGet(43)) - raft.server.snapshot.retention.num.files = 5 (custom)
2019-09-27 09:23:51,733 [pool-527-thread-1] INFO  server.RaftServerConfigKeys (ConfUtils.java:logGet(43)) - raft.server.log.write.buffer.size = 33554432 (custom)
2019-09-27 09:23:51,733 [pool-507-thread-1] INFO  server.RaftServerConfigKeys (ConfUtils.java:logGet(43)) - raft.server.retrycache.expirytime = 600000ms (custom)
2019-09-27 09:23:51,733 [pool-517-thread-1] INFO  server.RaftServerConfigKeys (ConfUtils.java:logGet(43)) - raft.server.log.write.buffer.size = 33554432 (custom)
2019-09-27 09:23:51,733 [pool-527-thread-1] INFO  server.RaftServerConfigKeys (ConfUtils.java:logGet(43)) - raft.server.log.force.sync.num = 128 (default)
2019-09-27 09:23:51,734 [pool-517-thread-1] INFO  server.RaftServerConfigKeys (ConfUtils.java:logGet(43)) - raft.server.log.force.sync.num = 128 (default)
2019-09-27 09:23:51,734 [pool-527-thread-1] INFO  server.RaftServerConfigKeys (ConfUtils.java:logGet(43)) - raft.server.log.statemachine.data.sync = true (default)
2019-09-27 09:23:51,734 [pool-517-thread-1] INFO  server.RaftServerConfigKeys (ConfUtils.java:logGet(43)) - raft.server.log.statemachine.data.sync = true (default)
2019-09-27 09:23:51,734 [pool-527-thread-1] INFO  server.RaftServerConfigKeys (ConfUtils.java:logGet(43)) - raft.server.log.statemachine.data.sync.timeout = 10s (default)
2019-09-27 09:23:51,734 [pool-517-thread-1] INFO  server.RaftServerConfigKeys (ConfUtils.java:logGet(43)) - raft.server.log.statemachine.data.sync.timeout = 10s (default)
2019-09-27 09:23:51,734 [pool-527-thread-1] INFO  server.RaftServerConfigKeys (ConfUtils.java:logGet(43)) - raft.server.log.statemachine.data.sync.timeout.retry = -1 (default)
2019-09-27 09:23:51,734 [pool-517-thread-1] INFO  server.RaftServerConfigKeys (ConfUtils.java:logGet(43)) - raft.server.log.statemachine.data.sync.timeout.retry = -1 (default)
2019-09-27 09:23:51,734 [pool-527-thread-1] INFO  server.RaftServerConfigKeys (ConfUtils.java:logGet(43)) - raft.server.log.statemachine.data.caching.enabled = true (custom)
2019-09-27 09:23:51,735 [pool-517-thread-1] INFO  server.RaftServerConfigKeys (ConfUtils.java:logGet(43)) - raft.server.log.statemachine.data.caching.enabled = true (custom)
2019-09-27 09:23:51,735 [pool-527-thread-1] INFO  segmented.SegmentedRaftLogWorker (SegmentedRaftLogWorker.java:lambda$new$0(132)) - 42a6dc71-468f-4bda-a1ef-3415db0682d5@group-49BF442FE5BA-SegmentedRaftLogWorker: flushIndex: setUnconditionally 0 -> -1
2019-09-27 09:23:51,735 [pool-517-thread-1] INFO  segmented.SegmentedRaftLogWorker (SegmentedRaftLogWorker.java:lambda$new$0(132)) - de56bb40-4206-44bb-8a25-0aa735fdda15@group-49BF442FE5BA-SegmentedRaftLogWorker: flushIndex: setUnconditionally 0 -> -1
2019-09-27 09:23:51,735 [pool-527-thread-1] INFO  server.RaftServerConfigKeys (ConfUtils.java:logGet(43)) - raft.server.snapshot.auto.trigger.enabled = true (custom)
2019-09-27 09:23:51,735 [pool-527-thread-1] INFO  server.RaftServerConfigKeys (ConfUtils.java:logGet(43)) - raft.server.snapshot.auto.trigger.threshold = 10000 (custom)
2019-09-27 09:23:51,735 [pool-517-thread-1] INFO  server.RaftServerConfigKeys (ConfUtils.java:logGet(43)) - raft.server.snapshot.auto.trigger.enabled = true (custom)
2019-09-27 09:23:51,735 [pool-527-thread-1] INFO  server.RaftServerConfigKeys (ConfUtils.java:logGet(43)) - raft.server.snapshot.retention.num.files = 5 (custom)
2019-09-27 09:23:51,735 [pool-507-thread-1] INFO  impl.RaftServerImpl (RaftServerImpl.java:start(185)) - 391bbd77-e270-498a-b344-18095c6f1940@group-49BF442FE5BA: start as a follower, conf=-1: [42a6dc71-468f-4bda-a1ef-3415db0682d5:192.168.151.103:35261, de56bb40-4206-44bb-8a25-0aa735fdda15:192.168.151.103:35304, 391bbd77-e270-498a-b344-18095c6f1940:192.168.151.103:34484], old=null
2019-09-27 09:23:51,735 [pool-517-thread-1] INFO  server.RaftServerConfigKeys (ConfUtils.java:logGet(43)) - raft.server.snapshot.auto.trigger.threshold = 10000 (custom)
2019-09-27 09:23:51,736 [pool-507-thread-1] INFO  impl.RaftServerImpl (RaftServerImpl.java:setRole(174)) - 391bbd77-e270-498a-b344-18095c6f1940@group-49BF442FE5BA: changes role from      null to FOLLOWER at term 0 for startAsFollower
2019-09-27 09:23:51,735 [pool-527-thread-1] INFO  server.RaftServerConfigKeys (ConfUtils.java:logGet(43)) - raft.server.retrycache.expirytime = 600000ms (custom)
2019-09-27 09:23:51,736 [pool-507-thread-1] INFO  impl.RoleInfo (RoleInfo.java:updateAndGet(143)) - 391bbd77-e270-498a-b344-18095c6f1940: start FollowerState
2019-09-27 09:23:51,736 [pool-517-thread-1] INFO  server.RaftServerConfigKeys (ConfUtils.java:logGet(43)) - raft.server.snapshot.retention.num.files = 5 (custom)
2019-09-27 09:23:51,736 [pool-517-thread-1] INFO  server.RaftServerConfigKeys (ConfUtils.java:logGet(43)) - raft.server.retrycache.expirytime = 600000ms (custom)
2019-09-27 09:23:51,736 [pool-507-thread-1] INFO  util.JmxRegister (JmxRegister.java:tryRegister(44)) - Successfully registered JMX Bean with object name Ratis:service=RaftServer,group=group-49BF442FE5BA,id=391bbd77-e270-498a-b344-18095c6f1940
2019-09-27 09:23:51,737 [pool-527-thread-1] INFO  impl.RaftServerImpl (RaftServerImpl.java:start(185)) - 42a6dc71-468f-4bda-a1ef-3415db0682d5@group-49BF442FE5BA: start as a follower, conf=-1: [42a6dc71-468f-4bda-a1ef-3415db0682d5:192.168.151.103:35261, de56bb40-4206-44bb-8a25-0aa735fdda15:192.168.151.103:35304, 391bbd77-e270-498a-b344-18095c6f1940:192.168.151.103:34484], old=null
2019-09-27 09:23:51,738 [pool-527-thread-1] INFO  impl.RaftServerImpl (RaftServerImpl.java:setRole(174)) - 42a6dc71-468f-4bda-a1ef-3415db0682d5@group-49BF442FE5BA: changes role from      null to FOLLOWER at term 0 for startAsFollower
2019-09-27 09:23:51,741 [pool-527-thread-1] INFO  impl.RoleInfo (RoleInfo.java:updateAndGet(143)) - 42a6dc71-468f-4bda-a1ef-3415db0682d5: start FollowerState
2019-09-27 09:23:51,741 [pool-517-thread-1] INFO  impl.RaftServerImpl (RaftServerImpl.java:start(185)) - de56bb40-4206-44bb-8a25-0aa735fdda15@group-49BF442FE5BA: start as a follower, conf=-1: [42a6dc71-468f-4bda-a1ef-3415db0682d5:192.168.151.103:35261, de56bb40-4206-44bb-8a25-0aa735fdda15:192.168.151.103:35304, 391bbd77-e270-498a-b344-18095c6f1940:192.168.151.103:34484], old=null
2019-09-27 09:23:51,742 [pool-517-thread-1] INFO  impl.RaftServerImpl (RaftServerImpl.java:setRole(174)) - de56bb40-4206-44bb-8a25-0aa735fdda15@group-49BF442FE5BA: changes role from      null to FOLLOWER at term 0 for startAsFollower
2019-09-27 09:23:51,742 [pool-527-thread-1] INFO  util.JmxRegister (JmxRegister.java:tryRegister(44)) - Successfully registered JMX Bean with object name Ratis:service=RaftServer,group=group-49BF442FE5BA,id=42a6dc71-468f-4bda-a1ef-3415db0682d5
2019-09-27 09:23:51,742 [pool-517-thread-1] INFO  impl.RoleInfo (RoleInfo.java:updateAndGet(143)) - de56bb40-4206-44bb-8a25-0aa735fdda15: start FollowerState
2019-09-27 09:23:51,742 [pool-517-thread-1] INFO  util.JmxRegister (JmxRegister.java:tryRegister(44)) - Successfully registered JMX Bean with object name Ratis:service=RaftServer,group=group-49BF442FE5BA,id=de56bb40-4206-44bb-8a25-0aa735fdda15
2019-09-27 09:23:51,751 [IPC Server handler 13 on 40094] INFO  net.NetworkTopology (NetworkTopologyImpl.java:add(111)) - Added a new node: /rack1/f8f36aa8-f38f-472a-aa09-c3130b79cc81
2019-09-27 09:23:51,751 [IPC Server handler 13 on 40094] INFO  node.SCMNodeManager (SCMNodeManager.java:register(266)) - Registered Data node : f8f36aa8-f38f-472a-aa09-c3130b79cc81{ip: 192.168.151.103, host: pr-hdds2162-4fxhj-20988671, networkLocation: /rack1, certSerialId: null}
2019-09-27 09:23:51,751 [RatisPipelineUtilsThread] INFO  pipeline.PipelineStateManager (PipelineStateManager.java:addPipeline(56)) - Created pipeline Pipeline[ Id: d0555c21-837f-47f7-828c-49bf442fe5ba, Nodes: de56bb40-4206-44bb-8a25-0aa735fdda15{ip: 192.168.151.103, host: pr-hdds2162-4fxhj-20988671, networkLocation: /rack1, certSerialId: null}391bbd77-e270-498a-b344-18095c6f1940{ip: 192.168.151.103, host: pr-hdds2162-4fxhj-20988671, networkLocation: /rack1, certSerialId: null}42a6dc71-468f-4bda-a1ef-3415db0682d5{ip: 192.168.151.103, host: pr-hdds2162-4fxhj-20988671, networkLocation: /rack1, certSerialId: null}, Type:RATIS, Factor:THREE, State:OPEN]
2019-09-27 09:23:51,809 [IPC Server handler 0 on 40094] INFO  net.NetworkTopology (NetworkTopologyImpl.java:add(111)) - Added a new node: /rack1/923630be-6089-4454-ada8-343910becadd
2019-09-27 09:23:51,809 [IPC Server handler 0 on 40094] INFO  node.SCMNodeManager (SCMNodeManager.java:register(266)) - Registered Data node : 923630be-6089-4454-ada8-343910becadd{ip: 192.168.151.103, host: pr-hdds2162-4fxhj-20988671, networkLocation: /rack1, certSerialId: null}
2019-09-27 09:23:51,816 [grpc-default-executor-1] INFO  impl.RaftServerProxy (RaftServerProxy.java:addNew(89)) - 923630be-6089-4454-ada8-343910becadd: addNew group-C91C80A27DF2:[923630be-6089-4454-ada8-343910becadd:192.168.151.103:41127] returns group-C91C80A27DF2:java.util.concurrent.CompletableFuture@49c9c07f[Not completed]
2019-09-27 09:23:51,816 [pool-557-thread-1] INFO  impl.RaftServerImpl (RaftServerImpl.java:<init>(95)) - 923630be-6089-4454-ada8-343910becadd: new RaftServerImpl for group-C91C80A27DF2:[923630be-6089-4454-ada8-343910becadd:192.168.151.103:41127] with ContainerStateMachine:uninitialized
2019-09-27 09:23:51,817 [pool-557-thread-1] INFO  server.RaftServerConfigKeys (ConfUtils.java:logGet(43)) - raft.server.rpc.timeout.min = 1s (custom)
2019-09-27 09:23:51,817 [pool-557-thread-1] INFO  server.RaftServerConfigKeys (ConfUtils.java:logGet(43)) - raft.server.rpc.timeout.max = 1200ms (custom)
2019-09-27 09:23:51,817 [pool-557-thread-1] INFO  server.RaftServerConfigKeys (ConfUtils.java:logGet(43)) - raft.server.rpcslowness.timeout = 120s (custom)
2019-09-27 09:23:51,817 [pool-557-thread-1] INFO  server.RaftServerConfigKeys (ConfUtils.java:logGet(43)) - raft.server.sleep.deviation.threshold = 300 (default)
2019-09-27 09:23:51,817 [pool-557-thread-1] INFO  server.RaftServerConfigKeys (ConfUtils.java:logGet(43)) - raft.server.log.appender.install.snapshot.enabled = false (custom)
2019-09-27 09:23:51,817 [pool-557-thread-1] INFO  impl.RaftServerImpl (ServerState.java:<init>(103)) - 923630be-6089-4454-ada8-343910becadd@group-C91C80A27DF2: ConfigurationManager, init=-1: [923630be-6089-4454-ada8-343910becadd:192.168.151.103:41127], old=null, confs=<EMPTY_MAP>
2019-09-27 09:23:51,817 [pool-557-thread-1] INFO  server.RaftServerConfigKeys (ConfUtils.java:logGet(43)) - raft.server.storage.dir = [/workdir/hadoop-ozone/integration-test/target/test-dir/MiniOzoneClusterImpl-398c5316-7398-4fb3-bac3-d05c7117414d/datanode-5/data/ratis] (custom)
2019-09-27 09:23:51,817 [pool-557-thread-1] INFO  storage.RaftStorageDirectory (RaftStorageDirectory.java:analyzeStorage(246)) - The storage directory /workdir/hadoop-ozone/integration-test/target/test-dir/MiniOzoneClusterImpl-398c5316-7398-4fb3-bac3-d05c7117414d/datanode-5/data/ratis/63f85690-0591-4060-b93a-c91c80a27df2 does not exist. Creating ...
2019-09-27 09:23:51,831 [pool-557-thread-1] INFO  storage.RaftStorageDirectory (RaftStorageDirectory.java:tryLock(328)) - Lock on /workdir/hadoop-ozone/integration-test/target/test-dir/MiniOzoneClusterImpl-398c5316-7398-4fb3-bac3-d05c7117414d/datanode-5/data/ratis/63f85690-0591-4060-b93a-c91c80a27df2/in_use.lock acquired by nodename 29571@pr-hdds2162-4fxhj-20988671
2019-09-27 09:23:51,844 [pool-557-thread-1] INFO  storage.RaftStorage (RaftStorage.java:format(72)) - Storage directory /workdir/hadoop-ozone/integration-test/target/test-dir/MiniOzoneClusterImpl-398c5316-7398-4fb3-bac3-d05c7117414d/datanode-5/data/ratis/63f85690-0591-4060-b93a-c91c80a27df2 has been successfully formatted.
2019-09-27 09:23:51,844 [pool-557-thread-1] INFO  ratis.ContainerStateMachine (ContainerStateMachine.java:loadSnapshot(230)) - group-C91C80A27DF2: The snapshot info is null. Setting the last applied indexto:(t:0, i:~)
2019-09-27 09:23:51,845 [pool-557-thread-1] INFO  server.RaftServerConfigKeys (ConfUtils.java:logGet(43)) - raft.server.notification.no-leader.timeout = 120s (custom)
2019-09-27 09:23:51,845 [pool-557-thread-1] INFO  server.RaftServerConfigKeys (ConfUtils.java:logGet(43)) - raft.server.log.use.memory = false (default)
2019-09-27 09:23:51,845 [pool-557-thread-1] INFO  server.RaftServerConfigKeys (ConfUtils.java:logGet(43)) - raft.server.log.purge.gap = 1000000 (custom)
2019-09-27 09:23:51,845 [pool-557-thread-1] INFO  server.RaftServerConfigKeys (ConfUtils.java:logGet(43)) - raft.server.log.appender.buffer.byte-limit = 33554432 (custom)
2019-09-27 09:23:51,845 [pool-557-thread-1] INFO  server.RaftServerConfigKeys (ConfUtils.java:logGet(43)) - raft.server.log.segment.size.max = 1048576 (custom)
2019-09-27 09:23:51,845 [pool-557-thread-1] INFO  server.RaftServerConfigKeys (ConfUtils.java:logGet(43)) - raft.server.log.segment.cache.num.max = 2 (custom)
2019-09-27 09:23:51,845 [pool-557-thread-1] INFO  segmented.SegmentedRaftLogWorker (SegmentedRaftLogWorker.java:<init>(172)) - new 923630be-6089-4454-ada8-343910becadd@group-C91C80A27DF2-SegmentedRaftLogWorker for RaftStorage:Storage Directory /workdir/hadoop-ozone/integration-test/target/test-dir/MiniOzoneClusterImpl-398c5316-7398-4fb3-bac3-d05c7117414d/datanode-5/data/ratis/63f85690-0591-4060-b93a-c91c80a27df2
2019-09-27 09:23:51,846 [pool-557-thread-1] INFO  server.RaftServerConfigKeys (ConfUtils.java:logGet(43)) - raft.server.log.queue.byte-limit = 2147483647 (custom)
2019-09-27 09:23:51,846 [pool-557-thread-1] INFO  server.RaftServerConfigKeys (ConfUtils.java:logGet(43)) - raft.server.log.queue.element-limit = 1024 (custom)
2019-09-27 09:23:51,846 [pool-557-thread-1] INFO  server.RaftServerConfigKeys (ConfUtils.java:logGet(43)) - raft.server.log.segment.size.max = 1048576 (custom)
2019-09-27 09:23:51,847 [pool-557-thread-1] INFO  server.RaftServerConfigKeys (ConfUtils.java:logGet(43)) - raft.server.log.preallocated.size = 16384 (custom)
2019-09-27 09:23:51,847 [pool-557-thread-1] INFO  server.RaftServerConfigKeys (ConfUtils.java:logGet(43)) - raft.server.log.write.buffer.size = 33554432 (custom)
2019-09-27 09:23:51,847 [pool-557-thread-1] INFO  server.RaftServerConfigKeys (ConfUtils.java:logGet(43)) - raft.server.log.force.sync.num = 128 (default)
2019-09-27 09:23:51,847 [pool-557-thread-1] INFO  server.RaftServerConfigKeys (ConfUtils.java:logGet(43)) - raft.server.log.statemachine.data.sync = true (default)
2019-09-27 09:23:51,847 [pool-557-thread-1] INFO  server.RaftServerConfigKeys (ConfUtils.java:logGet(43)) - raft.server.log.statemachine.data.sync.timeout = 10s (default)
2019-09-27 09:23:51,847 [pool-557-thread-1] INFO  server.RaftServerConfigKeys (ConfUtils.java:logGet(43)) - raft.server.log.statemachine.data.sync.timeout.retry = -1 (default)
2019-09-27 09:23:51,847 [pool-557-thread-1] INFO  server.RaftServerConfigKeys (ConfUtils.java:logGet(43)) - raft.server.log.statemachine.data.caching.enabled = true (custom)
2019-09-27 09:23:51,847 [pool-557-thread-1] INFO  segmented.SegmentedRaftLogWorker (SegmentedRaftLogWorker.java:lambda$new$0(132)) - 923630be-6089-4454-ada8-343910becadd@group-C91C80A27DF2-SegmentedRaftLogWorker: flushIndex: setUnconditionally 0 -> -1
2019-09-27 09:23:51,847 [pool-557-thread-1] INFO  server.RaftServerConfigKeys (ConfUtils.java:logGet(43)) - raft.server.snapshot.auto.trigger.enabled = true (custom)
2019-09-27 09:23:51,848 [pool-557-thread-1] INFO  server.RaftServerConfigKeys (ConfUtils.java:logGet(43)) - raft.server.snapshot.auto.trigger.threshold = 10000 (custom)
2019-09-27 09:23:51,848 [pool-557-thread-1] INFO  server.RaftServerConfigKeys (ConfUtils.java:logGet(43)) - raft.server.snapshot.retention.num.files = 5 (custom)
2019-09-27 09:23:51,848 [pool-557-thread-1] INFO  server.RaftServerConfigKeys (ConfUtils.java:logGet(43)) - raft.server.retrycache.expirytime = 600000ms (custom)
2019-09-27 09:23:51,849 [pool-557-thread-1] INFO  impl.RaftServerImpl (RaftServerImpl.java:start(185)) - 923630be-6089-4454-ada8-343910becadd@group-C91C80A27DF2: start as a follower, conf=-1: [923630be-6089-4454-ada8-343910becadd:192.168.151.103:41127], old=null
2019-09-27 09:23:51,849 [pool-557-thread-1] INFO  impl.RaftServerImpl (RaftServerImpl.java:setRole(174)) - 923630be-6089-4454-ada8-343910becadd@group-C91C80A27DF2: changes role from      null to FOLLOWER at term 0 for startAsFollower
2019-09-27 09:23:51,849 [pool-557-thread-1] INFO  impl.RoleInfo (RoleInfo.java:updateAndGet(143)) - 923630be-6089-4454-ada8-343910becadd: start FollowerState
2019-09-27 09:23:51,850 [pool-557-thread-1] INFO  util.JmxRegister (JmxRegister.java:tryRegister(44)) - Successfully registered JMX Bean with object name Ratis:service=RaftServer,group=group-C91C80A27DF2,id=923630be-6089-4454-ada8-343910becadd
2019-09-27 09:23:51,855 [RatisPipelineUtilsThread] INFO  pipeline.PipelineStateManager (PipelineStateManager.java:addPipeline(56)) - Created pipeline Pipeline[ Id: 63f85690-0591-4060-b93a-c91c80a27df2, Nodes: 923630be-6089-4454-ada8-343910becadd{ip: 192.168.151.103, host: pr-hdds2162-4fxhj-20988671, networkLocation: /rack1, certSerialId: null}, Type:RATIS, Factor:ONE, State:OPEN]
2019-09-27 09:23:51,861 [grpc-default-executor-1] INFO  impl.RaftServerProxy (RaftServerProxy.java:addNew(89)) - 03814bdb-c6b3-415d-8615-039e811c0048: addNew group-DC9951E0AEC2:[03814bdb-c6b3-415d-8615-039e811c0048:192.168.151.103:40137] returns group-DC9951E0AEC2:java.util.concurrent.CompletableFuture@60195589[Not completed]
2019-09-27 09:23:51,861 [pool-537-thread-1] INFO  impl.RaftServerImpl (RaftServerImpl.java:<init>(95)) - 03814bdb-c6b3-415d-8615-039e811c0048: new RaftServerImpl for group-DC9951E0AEC2:[03814bdb-c6b3-415d-8615-039e811c0048:192.168.151.103:40137] with ContainerStateMachine:uninitialized
2019-09-27 09:23:51,862 [pool-537-thread-1] INFO  server.RaftServerConfigKeys (ConfUtils.java:logGet(43)) - raft.server.rpc.timeout.min = 1s (custom)
2019-09-27 09:23:51,862 [pool-537-thread-1] INFO  server.RaftServerConfigKeys (ConfUtils.java:logGet(43)) - raft.server.rpc.timeout.max = 1200ms (custom)
2019-09-27 09:23:51,862 [pool-537-thread-1] INFO  server.RaftServerConfigKeys (ConfUtils.java:logGet(43)) - raft.server.rpcslowness.timeout = 120s (custom)
2019-09-27 09:23:51,862 [pool-537-thread-1] INFO  server.RaftServerConfigKeys (ConfUtils.java:logGet(43)) - raft.server.sleep.deviation.threshold = 300 (default)
2019-09-27 09:23:51,862 [pool-537-thread-1] INFO  server.RaftServerConfigKeys (ConfUtils.java:logGet(43)) - raft.server.log.appender.install.snapshot.enabled = false (custom)
2019-09-27 09:23:51,862 [pool-537-thread-1] INFO  impl.RaftServerImpl (ServerState.java:<init>(103)) - 03814bdb-c6b3-415d-8615-039e811c0048@group-DC9951E0AEC2: ConfigurationManager, init=-1: [03814bdb-c6b3-415d-8615-039e811c0048:192.168.151.103:40137], old=null, confs=<EMPTY_MAP>
2019-09-27 09:23:51,862 [pool-537-thread-1] INFO  server.RaftServerConfigKeys (ConfUtils.java:logGet(43)) - raft.server.storage.dir = [/workdir/hadoop-ozone/integration-test/target/test-dir/MiniOzoneClusterImpl-398c5316-7398-4fb3-bac3-d05c7117414d/datanode-3/data/ratis] (custom)
2019-09-27 09:23:51,862 [pool-537-thread-1] INFO  storage.RaftStorageDirectory (RaftStorageDirectory.java:analyzeStorage(246)) - The storage directory /workdir/hadoop-ozone/integration-test/target/test-dir/MiniOzoneClusterImpl-398c5316-7398-4fb3-bac3-d05c7117414d/datanode-3/data/ratis/68f0d30b-383b-49c9-8bb9-dc9951e0aec2 does not exist. Creating ...
2019-09-27 09:23:51,877 [IPC Server handler 1 on 40094] INFO  net.NetworkTopology (NetworkTopologyImpl.java:add(111)) - Added a new node: /rack1/48a73947-ad36-4a89-bdb8-df91e6dae885
2019-09-27 09:23:51,878 [IPC Server handler 1 on 40094] INFO  node.SCMNodeManager (SCMNodeManager.java:register(266)) - Registered Data node : 48a73947-ad36-4a89-bdb8-df91e6dae885{ip: 192.168.151.103, host: pr-hdds2162-4fxhj-20988671, networkLocation: /rack1, certSerialId: null}
2019-09-27 09:23:51,887 [pool-537-thread-1] INFO  storage.RaftStorageDirectory (RaftStorageDirectory.java:tryLock(328)) - Lock on /workdir/hadoop-ozone/integration-test/target/test-dir/MiniOzoneClusterImpl-398c5316-7398-4fb3-bac3-d05c7117414d/datanode-3/data/ratis/68f0d30b-383b-49c9-8bb9-dc9951e0aec2/in_use.lock acquired by nodename 29571@pr-hdds2162-4fxhj-20988671
2019-09-27 09:23:51,900 [pool-537-thread-1] INFO  storage.RaftStorage (RaftStorage.java:format(72)) - Storage directory /workdir/hadoop-ozone/integration-test/target/test-dir/MiniOzoneClusterImpl-398c5316-7398-4fb3-bac3-d05c7117414d/datanode-3/data/ratis/68f0d30b-383b-49c9-8bb9-dc9951e0aec2 has been successfully formatted.
2019-09-27 09:23:51,900 [pool-537-thread-1] INFO  ratis.ContainerStateMachine (ContainerStateMachine.java:loadSnapshot(230)) - group-DC9951E0AEC2: The snapshot info is null. Setting the last applied indexto:(t:0, i:~)
2019-09-27 09:23:51,900 [pool-537-thread-1] INFO  server.RaftServerConfigKeys (ConfUtils.java:logGet(43)) - raft.server.notification.no-leader.timeout = 120s (custom)
2019-09-27 09:23:51,900 [pool-537-thread-1] INFO  server.RaftServerConfigKeys (ConfUtils.java:logGet(43)) - raft.server.log.use.memory = false (default)
2019-09-27 09:23:51,901 [pool-537-thread-1] INFO  server.RaftServerConfigKeys (ConfUtils.java:logGet(43)) - raft.server.log.purge.gap = 1000000 (custom)
2019-09-27 09:23:51,901 [pool-537-thread-1] INFO  server.RaftServerConfigKeys (ConfUtils.java:logGet(43)) - raft.server.log.appender.buffer.byte-limit = 33554432 (custom)
2019-09-27 09:23:51,901 [pool-537-thread-1] INFO  server.RaftServerConfigKeys (ConfUtils.java:logGet(43)) - raft.server.log.segment.size.max = 1048576 (custom)
2019-09-27 09:23:51,901 [pool-537-thread-1] INFO  server.RaftServerConfigKeys (ConfUtils.java:logGet(43)) - raft.server.log.segment.cache.num.max = 2 (custom)
2019-09-27 09:23:51,901 [pool-537-thread-1] INFO  segmented.SegmentedRaftLogWorker (SegmentedRaftLogWorker.java:<init>(172)) - new 03814bdb-c6b3-415d-8615-039e811c0048@group-DC9951E0AEC2-SegmentedRaftLogWorker for RaftStorage:Storage Directory /workdir/hadoop-ozone/integration-test/target/test-dir/MiniOzoneClusterImpl-398c5316-7398-4fb3-bac3-d05c7117414d/datanode-3/data/ratis/68f0d30b-383b-49c9-8bb9-dc9951e0aec2
2019-09-27 09:23:51,903 [pool-537-thread-1] INFO  server.RaftServerConfigKeys (ConfUtils.java:logGet(43)) - raft.server.log.queue.byte-limit = 2147483647 (custom)
2019-09-27 09:23:51,903 [pool-537-thread-1] INFO  server.RaftServerConfigKeys (ConfUtils.java:logGet(43)) - raft.server.log.queue.element-limit = 1024 (custom)
2019-09-27 09:23:51,903 [pool-537-thread-1] INFO  server.RaftServerConfigKeys (ConfUtils.java:logGet(43)) - raft.server.log.segment.size.max = 1048576 (custom)
2019-09-27 09:23:51,903 [pool-537-thread-1] INFO  server.RaftServerConfigKeys (ConfUtils.java:logGet(43)) - raft.server.log.preallocated.size = 16384 (custom)
2019-09-27 09:23:51,903 [pool-537-thread-1] INFO  server.RaftServerConfigKeys (ConfUtils.java:logGet(43)) - raft.server.log.write.buffer.size = 33554432 (custom)
2019-09-27 09:23:51,903 [pool-537-thread-1] INFO  server.RaftServerConfigKeys (ConfUtils.java:logGet(43)) - raft.server.log.force.sync.num = 128 (default)
2019-09-27 09:23:51,903 [pool-537-thread-1] INFO  server.RaftServerConfigKeys (ConfUtils.java:logGet(43)) - raft.server.log.statemachine.data.sync = true (default)
2019-09-27 09:23:51,903 [pool-537-thread-1] INFO  server.RaftServerConfigKeys (ConfUtils.java:logGet(43)) - raft.server.log.statemachine.data.sync.timeout = 10s (default)
2019-09-27 09:23:51,904 [pool-537-thread-1] INFO  server.RaftServerConfigKeys (ConfUtils.java:logGet(43)) - raft.server.log.statemachine.data.sync.timeout.retry = -1 (default)
2019-09-27 09:23:51,904 [pool-537-thread-1] INFO  server.RaftServerConfigKeys (ConfUtils.java:logGet(43)) - raft.server.log.statemachine.data.caching.enabled = true (custom)
2019-09-27 09:23:51,904 [pool-537-thread-1] INFO  segmented.SegmentedRaftLogWorker (SegmentedRaftLogWorker.java:lambda$new$0(132)) - 03814bdb-c6b3-415d-8615-039e811c0048@group-DC9951E0AEC2-SegmentedRaftLogWorker: flushIndex: setUnconditionally 0 -> -1
2019-09-27 09:23:51,904 [pool-537-thread-1] INFO  server.RaftServerConfigKeys (ConfUtils.java:logGet(43)) - raft.server.snapshot.auto.trigger.enabled = true (custom)
2019-09-27 09:23:51,904 [pool-537-thread-1] INFO  server.RaftServerConfigKeys (ConfUtils.java:logGet(43)) - raft.server.snapshot.auto.trigger.threshold = 10000 (custom)
2019-09-27 09:23:51,904 [pool-537-thread-1] INFO  server.RaftServerConfigKeys (ConfUtils.java:logGet(43)) - raft.server.snapshot.retention.num.files = 5 (custom)
2019-09-27 09:23:51,904 [pool-537-thread-1] INFO  server.RaftServerConfigKeys (ConfUtils.java:logGet(43)) - raft.server.retrycache.expirytime = 600000ms (custom)
2019-09-27 09:23:51,906 [pool-537-thread-1] INFO  impl.RaftServerImpl (RaftServerImpl.java:start(185)) - 03814bdb-c6b3-415d-8615-039e811c0048@group-DC9951E0AEC2: start as a follower, conf=-1: [03814bdb-c6b3-415d-8615-039e811c0048:192.168.151.103:40137], old=null
2019-09-27 09:23:51,906 [pool-537-thread-1] INFO  impl.RaftServerImpl (RaftServerImpl.java:setRole(174)) - 03814bdb-c6b3-415d-8615-039e811c0048@group-DC9951E0AEC2: changes role from      null to FOLLOWER at term 0 for startAsFollower
2019-09-27 09:23:51,906 [pool-537-thread-1] INFO  impl.RoleInfo (RoleInfo.java:updateAndGet(143)) - 03814bdb-c6b3-415d-8615-039e811c0048: start FollowerState
2019-09-27 09:23:51,906 [pool-537-thread-1] INFO  util.JmxRegister (JmxRegister.java:tryRegister(44)) - Successfully registered JMX Bean with object name Ratis:service=RaftServer,group=group-DC9951E0AEC2,id=03814bdb-c6b3-415d-8615-039e811c0048
2019-09-27 09:23:51,914 [RatisPipelineUtilsThread] INFO  pipeline.PipelineStateManager (PipelineStateManager.java:addPipeline(56)) - Created pipeline Pipeline[ Id: 68f0d30b-383b-49c9-8bb9-dc9951e0aec2, Nodes: 03814bdb-c6b3-415d-8615-039e811c0048{ip: 192.168.151.103, host: pr-hdds2162-4fxhj-20988671, networkLocation: /rack1, certSerialId: null}, Type:RATIS, Factor:ONE, State:OPEN]
2019-09-27 09:23:51,921 [grpc-default-executor-1] INFO  impl.RaftServerProxy (RaftServerProxy.java:addNew(89)) - 48a73947-ad36-4a89-bdb8-df91e6dae885: addNew group-2730EFE61A34:[48a73947-ad36-4a89-bdb8-df91e6dae885:192.168.151.103:39788] returns group-2730EFE61A34:java.util.concurrent.CompletableFuture@1c1abf8c[Not completed]
2019-09-27 09:23:51,922 [pool-567-thread-1] INFO  impl.RaftServerImpl (RaftServerImpl.java:<init>(95)) - 48a73947-ad36-4a89-bdb8-df91e6dae885: new RaftServerImpl for group-2730EFE61A34:[48a73947-ad36-4a89-bdb8-df91e6dae885:192.168.151.103:39788] with ContainerStateMachine:uninitialized
2019-09-27 09:23:51,922 [pool-567-thread-1] INFO  server.RaftServerConfigKeys (ConfUtils.java:logGet(43)) - raft.server.rpc.timeout.min = 1s (custom)
2019-09-27 09:23:51,922 [pool-567-thread-1] INFO  server.RaftServerConfigKeys (ConfUtils.java:logGet(43)) - raft.server.rpc.timeout.max = 1200ms (custom)
2019-09-27 09:23:51,922 [pool-567-thread-1] INFO  server.RaftServerConfigKeys (ConfUtils.java:logGet(43)) - raft.server.rpcslowness.timeout = 120s (custom)
2019-09-27 09:23:51,922 [pool-567-thread-1] INFO  server.RaftServerConfigKeys (ConfUtils.java:logGet(43)) - raft.server.sleep.deviation.threshold = 300 (default)
2019-09-27 09:23:51,922 [pool-567-thread-1] INFO  server.RaftServerConfigKeys (ConfUtils.java:logGet(43)) - raft.server.log.appender.install.snapshot.enabled = false (custom)
2019-09-27 09:23:51,922 [pool-567-thread-1] INFO  impl.RaftServerImpl (ServerState.java:<init>(103)) - 48a73947-ad36-4a89-bdb8-df91e6dae885@group-2730EFE61A34: ConfigurationManager, init=-1: [48a73947-ad36-4a89-bdb8-df91e6dae885:192.168.151.103:39788], old=null, confs=<EMPTY_MAP>
2019-09-27 09:23:51,923 [pool-567-thread-1] INFO  server.RaftServerConfigKeys (ConfUtils.java:logGet(43)) - raft.server.storage.dir = [/workdir/hadoop-ozone/integration-test/target/test-dir/MiniOzoneClusterImpl-398c5316-7398-4fb3-bac3-d05c7117414d/datanode-6/data/ratis] (custom)
2019-09-27 09:23:51,923 [pool-567-thread-1] INFO  storage.RaftStorageDirectory (RaftStorageDirectory.java:analyzeStorage(246)) - The storage directory /workdir/hadoop-ozone/integration-test/target/test-dir/MiniOzoneClusterImpl-398c5316-7398-4fb3-bac3-d05c7117414d/datanode-6/data/ratis/ff766e26-1630-4a88-854e-2730efe61a34 does not exist. Creating ...
2019-09-27 09:23:51,936 [IPC Server handler 3 on 40094] INFO  net.NetworkTopology (NetworkTopologyImpl.java:add(111)) - Added a new node: /rack1/c1dc816a-002e-4190-8c4b-03368fc83464
2019-09-27 09:23:51,936 [pool-567-thread-1] INFO  storage.RaftStorageDirectory (RaftStorageDirectory.java:tryLock(328)) - Lock on /workdir/hadoop-ozone/integration-test/target/test-dir/MiniOzoneClusterImpl-398c5316-7398-4fb3-bac3-d05c7117414d/datanode-6/data/ratis/ff766e26-1630-4a88-854e-2730efe61a34/in_use.lock acquired by nodename 29571@pr-hdds2162-4fxhj-20988671
2019-09-27 09:23:51,936 [IPC Server handler 3 on 40094] INFO  node.SCMNodeManager (SCMNodeManager.java:register(266)) - Registered Data node : c1dc816a-002e-4190-8c4b-03368fc83464{ip: 192.168.151.103, host: pr-hdds2162-4fxhj-20988671, networkLocation: /rack1, certSerialId: null}
2019-09-27 09:23:51,950 [pool-567-thread-1] INFO  storage.RaftStorage (RaftStorage.java:format(72)) - Storage directory /workdir/hadoop-ozone/integration-test/target/test-dir/MiniOzoneClusterImpl-398c5316-7398-4fb3-bac3-d05c7117414d/datanode-6/data/ratis/ff766e26-1630-4a88-854e-2730efe61a34 has been successfully formatted.
2019-09-27 09:23:51,950 [pool-567-thread-1] INFO  ratis.ContainerStateMachine (ContainerStateMachine.java:loadSnapshot(230)) - group-2730EFE61A34: The snapshot info is null. Setting the last applied indexto:(t:0, i:~)
2019-09-27 09:23:51,950 [pool-567-thread-1] INFO  server.RaftServerConfigKeys (ConfUtils.java:logGet(43)) - raft.server.notification.no-leader.timeout = 120s (custom)
2019-09-27 09:23:51,950 [pool-567-thread-1] INFO  server.RaftServerConfigKeys (ConfUtils.java:logGet(43)) - raft.server.log.use.memory = false (default)
2019-09-27 09:23:51,951 [pool-567-thread-1] INFO  server.RaftServerConfigKeys (ConfUtils.java:logGet(43)) - raft.server.log.purge.gap = 1000000 (custom)
2019-09-27 09:23:51,951 [pool-567-thread-1] INFO  server.RaftServerConfigKeys (ConfUtils.java:logGet(43)) - raft.server.log.appender.buffer.byte-limit = 33554432 (custom)
2019-09-27 09:23:51,951 [pool-567-thread-1] INFO  server.RaftServerConfigKeys (ConfUtils.java:logGet(43)) - raft.server.log.segment.size.max = 1048576 (custom)
2019-09-27 09:23:51,951 [pool-567-thread-1] INFO  server.RaftServerConfigKeys (ConfUtils.java:logGet(43)) - raft.server.log.segment.cache.num.max = 2 (custom)
2019-09-27 09:23:51,951 [pool-567-thread-1] INFO  segmented.SegmentedRaftLogWorker (SegmentedRaftLogWorker.java:<init>(172)) - new 48a73947-ad36-4a89-bdb8-df91e6dae885@group-2730EFE61A34-SegmentedRaftLogWorker for RaftStorage:Storage Directory /workdir/hadoop-ozone/integration-test/target/test-dir/MiniOzoneClusterImpl-398c5316-7398-4fb3-bac3-d05c7117414d/datanode-6/data/ratis/ff766e26-1630-4a88-854e-2730efe61a34
2019-09-27 09:23:51,953 [pool-567-thread-1] INFO  server.RaftServerConfigKeys (ConfUtils.java:logGet(43)) - raft.server.log.queue.byte-limit = 2147483647 (custom)
2019-09-27 09:23:51,953 [pool-567-thread-1] INFO  server.RaftServerConfigKeys (ConfUtils.java:logGet(43)) - raft.server.log.queue.element-limit = 1024 (custom)
2019-09-27 09:23:51,953 [pool-567-thread-1] INFO  server.RaftServerConfigKeys (ConfUtils.java:logGet(43)) - raft.server.log.segment.size.max = 1048576 (custom)
2019-09-27 09:23:51,954 [pool-567-thread-1] INFO  server.RaftServerConfigKeys (ConfUtils.java:logGet(43)) - raft.server.log.preallocated.size = 16384 (custom)
2019-09-27 09:23:51,954 [pool-567-thread-1] INFO  server.RaftServerConfigKeys (ConfUtils.java:logGet(43)) - raft.server.log.write.buffer.size = 33554432 (custom)
2019-09-27 09:23:51,954 [pool-567-thread-1] INFO  server.RaftServerConfigKeys (ConfUtils.java:logGet(43)) - raft.server.log.force.sync.num = 128 (default)
2019-09-27 09:23:51,954 [pool-567-thread-1] INFO  server.RaftServerConfigKeys (ConfUtils.java:logGet(43)) - raft.server.log.statemachine.data.sync = true (default)
2019-09-27 09:23:51,954 [pool-567-thread-1] INFO  server.RaftServerConfigKeys (ConfUtils.java:logGet(43)) - raft.server.log.statemachine.data.sync.timeout = 10s (default)
2019-09-27 09:23:51,954 [pool-567-thread-1] INFO  server.RaftServerConfigKeys (ConfUtils.java:logGet(43)) - raft.server.log.statemachine.data.sync.timeout.retry = -1 (default)
2019-09-27 09:23:51,954 [pool-567-thread-1] INFO  server.RaftServerConfigKeys (ConfUtils.java:logGet(43)) - raft.server.log.statemachine.data.caching.enabled = true (custom)
2019-09-27 09:23:51,955 [pool-567-thread-1] INFO  segmented.SegmentedRaftLogWorker (SegmentedRaftLogWorker.java:lambda$new$0(132)) - 48a73947-ad36-4a89-bdb8-df91e6dae885@group-2730EFE61A34-SegmentedRaftLogWorker: flushIndex: setUnconditionally 0 -> -1
2019-09-27 09:23:51,955 [pool-567-thread-1] INFO  server.RaftServerConfigKeys (ConfUtils.java:logGet(43)) - raft.server.snapshot.auto.trigger.enabled = true (custom)
2019-09-27 09:23:51,955 [pool-567-thread-1] INFO  server.RaftServerConfigKeys (ConfUtils.java:logGet(43)) - raft.server.snapshot.auto.trigger.threshold = 10000 (custom)
2019-09-27 09:23:51,955 [pool-567-thread-1] INFO  server.RaftServerConfigKeys (ConfUtils.java:logGet(43)) - raft.server.snapshot.retention.num.files = 5 (custom)
2019-09-27 09:23:51,955 [pool-567-thread-1] INFO  server.RaftServerConfigKeys (ConfUtils.java:logGet(43)) - raft.server.retrycache.expirytime = 600000ms (custom)
2019-09-27 09:23:51,957 [pool-567-thread-1] INFO  impl.RaftServerImpl (RaftServerImpl.java:start(185)) - 48a73947-ad36-4a89-bdb8-df91e6dae885@group-2730EFE61A34: start as a follower, conf=-1: [48a73947-ad36-4a89-bdb8-df91e6dae885:192.168.151.103:39788], old=null
2019-09-27 09:23:51,957 [pool-567-thread-1] INFO  impl.RaftServerImpl (RaftServerImpl.java:setRole(174)) - 48a73947-ad36-4a89-bdb8-df91e6dae885@group-2730EFE61A34: changes role from      null to FOLLOWER at term 0 for startAsFollower
2019-09-27 09:23:51,957 [pool-567-thread-1] INFO  impl.RoleInfo (RoleInfo.java:updateAndGet(143)) - 48a73947-ad36-4a89-bdb8-df91e6dae885: start FollowerState
2019-09-27 09:23:51,958 [pool-567-thread-1] INFO  util.JmxRegister (JmxRegister.java:tryRegister(44)) - Successfully registered JMX Bean with object name Ratis:service=RaftServer,group=group-2730EFE61A34,id=48a73947-ad36-4a89-bdb8-df91e6dae885
2019-09-27 09:23:51,964 [RatisPipelineUtilsThread] INFO  pipeline.PipelineStateManager (PipelineStateManager.java:addPipeline(56)) - Created pipeline Pipeline[ Id: ff766e26-1630-4a88-854e-2730efe61a34, Nodes: 48a73947-ad36-4a89-bdb8-df91e6dae885{ip: 192.168.151.103, host: pr-hdds2162-4fxhj-20988671, networkLocation: /rack1, certSerialId: null}, Type:RATIS, Factor:ONE, State:OPEN]
2019-09-27 09:23:51,971 [grpc-default-executor-1] INFO  impl.RaftServerProxy (RaftServerProxy.java:addNew(89)) - c1dc816a-002e-4190-8c4b-03368fc83464: addNew group-A1934EB41010:[c1dc816a-002e-4190-8c4b-03368fc83464:192.168.151.103:35476] returns group-A1934EB41010:java.util.concurrent.CompletableFuture@b26a6d0[Not completed]
2019-09-27 09:23:51,972 [pool-577-thread-1] INFO  impl.RaftServerImpl (RaftServerImpl.java:<init>(95)) - c1dc816a-002e-4190-8c4b-03368fc83464: new RaftServerImpl for group-A1934EB41010:[c1dc816a-002e-4190-8c4b-03368fc83464:192.168.151.103:35476] with ContainerStateMachine:uninitialized
2019-09-27 09:23:51,972 [pool-577-thread-1] INFO  server.RaftServerConfigKeys (ConfUtils.java:logGet(43)) - raft.server.rpc.timeout.min = 1s (custom)
2019-09-27 09:23:51,972 [pool-577-thread-1] INFO  server.RaftServerConfigKeys (ConfUtils.java:logGet(43)) - raft.server.rpc.timeout.max = 1200ms (custom)
2019-09-27 09:23:51,972 [pool-577-thread-1] INFO  server.RaftServerConfigKeys (ConfUtils.java:logGet(43)) - raft.server.rpcslowness.timeout = 120s (custom)
2019-09-27 09:23:51,972 [pool-577-thread-1] INFO  server.RaftServerConfigKeys (ConfUtils.java:logGet(43)) - raft.server.sleep.deviation.threshold = 300 (default)
2019-09-27 09:23:51,972 [pool-577-thread-1] INFO  server.RaftServerConfigKeys (ConfUtils.java:logGet(43)) - raft.server.log.appender.install.snapshot.enabled = false (custom)
2019-09-27 09:23:51,972 [pool-577-thread-1] INFO  impl.RaftServerImpl (ServerState.java:<init>(103)) - c1dc816a-002e-4190-8c4b-03368fc83464@group-A1934EB41010: ConfigurationManager, init=-1: [c1dc816a-002e-4190-8c4b-03368fc83464:192.168.151.103:35476], old=null, confs=<EMPTY_MAP>
2019-09-27 09:23:51,972 [pool-577-thread-1] INFO  server.RaftServerConfigKeys (ConfUtils.java:logGet(43)) - raft.server.storage.dir = [/workdir/hadoop-ozone/integration-test/target/test-dir/MiniOzoneClusterImpl-398c5316-7398-4fb3-bac3-d05c7117414d/datanode-7/data/ratis] (custom)
2019-09-27 09:23:51,973 [pool-577-thread-1] INFO  storage.RaftStorageDirectory (RaftStorageDirectory.java:analyzeStorage(246)) - The storage directory /workdir/hadoop-ozone/integration-test/target/test-dir/MiniOzoneClusterImpl-398c5316-7398-4fb3-bac3-d05c7117414d/datanode-7/data/ratis/45d93359-06d0-42f8-860a-a1934eb41010 does not exist. Creating ...
2019-09-27 09:23:51,986 [pool-577-thread-1] INFO  storage.RaftStorageDirectory (RaftStorageDirectory.java:tryLock(328)) - Lock on /workdir/hadoop-ozone/integration-test/target/test-dir/MiniOzoneClusterImpl-398c5316-7398-4fb3-bac3-d05c7117414d/datanode-7/data/ratis/45d93359-06d0-42f8-860a-a1934eb41010/in_use.lock acquired by nodename 29571@pr-hdds2162-4fxhj-20988671
2019-09-27 09:23:51,997 [IPC Server handler 4 on 40094] INFO  net.NetworkTopology (NetworkTopologyImpl.java:add(111)) - Added a new node: /rack1/513ea752-2bb4-4e9d-94cf-0dce8d7e1b31
2019-09-27 09:23:51,997 [IPC Server handler 4 on 40094] INFO  node.SCMNodeManager (SCMNodeManager.java:register(266)) - Registered Data node : 513ea752-2bb4-4e9d-94cf-0dce8d7e1b31{ip: 192.168.151.103, host: pr-hdds2162-4fxhj-20988671, networkLocation: /rack1, certSerialId: null}
2019-09-27 09:23:52,000 [pool-577-thread-1] INFO  storage.RaftStorage (RaftStorage.java:format(72)) - Storage directory /workdir/hadoop-ozone/integration-test/target/test-dir/MiniOzoneClusterImpl-398c5316-7398-4fb3-bac3-d05c7117414d/datanode-7/data/ratis/45d93359-06d0-42f8-860a-a1934eb41010 has been successfully formatted.
2019-09-27 09:23:52,000 [pool-577-thread-1] INFO  ratis.ContainerStateMachine (ContainerStateMachine.java:loadSnapshot(230)) - group-A1934EB41010: The snapshot info is null. Setting the last applied indexto:(t:0, i:~)
2019-09-27 09:23:52,000 [pool-577-thread-1] INFO  server.RaftServerConfigKeys (ConfUtils.java:logGet(43)) - raft.server.notification.no-leader.timeout = 120s (custom)
2019-09-27 09:23:52,000 [pool-577-thread-1] INFO  server.RaftServerConfigKeys (ConfUtils.java:logGet(43)) - raft.server.log.use.memory = false (default)
2019-09-27 09:23:52,000 [pool-577-thread-1] INFO  server.RaftServerConfigKeys (ConfUtils.java:logGet(43)) - raft.server.log.purge.gap = 1000000 (custom)
2019-09-27 09:23:52,000 [pool-577-thread-1] INFO  server.RaftServerConfigKeys (ConfUtils.java:logGet(43)) - raft.server.log.appender.buffer.byte-limit = 33554432 (custom)
2019-09-27 09:23:52,001 [pool-577-thread-1] INFO  server.RaftServerConfigKeys (ConfUtils.java:logGet(43)) - raft.server.log.segment.size.max = 1048576 (custom)
2019-09-27 09:23:52,001 [pool-577-thread-1] INFO  server.RaftServerConfigKeys (ConfUtils.java:logGet(43)) - raft.server.log.segment.cache.num.max = 2 (custom)
2019-09-27 09:23:52,001 [pool-577-thread-1] INFO  segmented.SegmentedRaftLogWorker (SegmentedRaftLogWorker.java:<init>(172)) - new c1dc816a-002e-4190-8c4b-03368fc83464@group-A1934EB41010-SegmentedRaftLogWorker for RaftStorage:Storage Directory /workdir/hadoop-ozone/integration-test/target/test-dir/MiniOzoneClusterImpl-398c5316-7398-4fb3-bac3-d05c7117414d/datanode-7/data/ratis/45d93359-06d0-42f8-860a-a1934eb41010
2019-09-27 09:23:52,002 [pool-577-thread-1] INFO  server.RaftServerConfigKeys (ConfUtils.java:logGet(43)) - raft.server.log.queue.byte-limit = 2147483647 (custom)
2019-09-27 09:23:52,002 [pool-577-thread-1] INFO  server.RaftServerConfigKeys (ConfUtils.java:logGet(43)) - raft.server.log.queue.element-limit = 1024 (custom)
2019-09-27 09:23:52,002 [pool-577-thread-1] INFO  server.RaftServerConfigKeys (ConfUtils.java:logGet(43)) - raft.server.log.segment.size.max = 1048576 (custom)
2019-09-27 09:23:52,003 [pool-577-thread-1] INFO  server.RaftServerConfigKeys (ConfUtils.java:logGet(43)) - raft.server.log.preallocated.size = 16384 (custom)
2019-09-27 09:23:52,003 [pool-577-thread-1] INFO  server.RaftServerConfigKeys (ConfUtils.java:logGet(43)) - raft.server.log.write.buffer.size = 33554432 (custom)
2019-09-27 09:23:52,003 [pool-577-thread-1] INFO  server.RaftServerConfigKeys (ConfUtils.java:logGet(43)) - raft.server.log.force.sync.num = 128 (default)
2019-09-27 09:23:52,003 [pool-577-thread-1] INFO  server.RaftServerConfigKeys (ConfUtils.java:logGet(43)) - raft.server.log.statemachine.data.sync = true (default)
2019-09-27 09:23:52,003 [pool-577-thread-1] INFO  server.RaftServerConfigKeys (ConfUtils.java:logGet(43)) - raft.server.log.statemachine.data.sync.timeout = 10s (default)
2019-09-27 09:23:52,003 [pool-577-thread-1] INFO  server.RaftServerConfigKeys (ConfUtils.java:logGet(43)) - raft.server.log.statemachine.data.sync.timeout.retry = -1 (default)
2019-09-27 09:23:52,003 [pool-577-thread-1] INFO  server.RaftServerConfigKeys (ConfUtils.java:logGet(43)) - raft.server.log.statemachine.data.caching.enabled = true (custom)
2019-09-27 09:23:52,004 [pool-577-thread-1] INFO  segmented.SegmentedRaftLogWorker (SegmentedRaftLogWorker.java:lambda$new$0(132)) - c1dc816a-002e-4190-8c4b-03368fc83464@group-A1934EB41010-SegmentedRaftLogWorker: flushIndex: setUnconditionally 0 -> -1
2019-09-27 09:23:52,004 [pool-577-thread-1] INFO  server.RaftServerConfigKeys (ConfUtils.java:logGet(43)) - raft.server.snapshot.auto.trigger.enabled = true (custom)
2019-09-27 09:23:52,004 [pool-577-thread-1] INFO  server.RaftServerConfigKeys (ConfUtils.java:logGet(43)) - raft.server.snapshot.auto.trigger.threshold = 10000 (custom)
2019-09-27 09:23:52,004 [pool-577-thread-1] INFO  server.RaftServerConfigKeys (ConfUtils.java:logGet(43)) - raft.server.snapshot.retention.num.files = 5 (custom)
2019-09-27 09:23:52,004 [pool-577-thread-1] INFO  server.RaftServerConfigKeys (ConfUtils.java:logGet(43)) - raft.server.retrycache.expirytime = 600000ms (custom)
2019-09-27 09:23:52,005 [pool-577-thread-1] INFO  impl.RaftServerImpl (RaftServerImpl.java:start(185)) - c1dc816a-002e-4190-8c4b-03368fc83464@group-A1934EB41010: start as a follower, conf=-1: [c1dc816a-002e-4190-8c4b-03368fc83464:192.168.151.103:35476], old=null
2019-09-27 09:23:52,006 [pool-577-thread-1] INFO  impl.RaftServerImpl (RaftServerImpl.java:setRole(174)) - c1dc816a-002e-4190-8c4b-03368fc83464@group-A1934EB41010: changes role from      null to FOLLOWER at term 0 for startAsFollower
2019-09-27 09:23:52,006 [pool-577-thread-1] INFO  impl.RoleInfo (RoleInfo.java:updateAndGet(143)) - c1dc816a-002e-4190-8c4b-03368fc83464: start FollowerState
2019-09-27 09:23:52,006 [pool-577-thread-1] INFO  util.JmxRegister (JmxRegister.java:tryRegister(44)) - Successfully registered JMX Bean with object name Ratis:service=RaftServer,group=group-A1934EB41010,id=c1dc816a-002e-4190-8c4b-03368fc83464
2019-09-27 09:23:52,010 [RatisPipelineUtilsThread] INFO  pipeline.PipelineStateManager (PipelineStateManager.java:addPipeline(56)) - Created pipeline Pipeline[ Id: 45d93359-06d0-42f8-860a-a1934eb41010, Nodes: c1dc816a-002e-4190-8c4b-03368fc83464{ip: 192.168.151.103, host: pr-hdds2162-4fxhj-20988671, networkLocation: /rack1, certSerialId: null}, Type:RATIS, Factor:ONE, State:OPEN]
2019-09-27 09:23:52,017 [grpc-default-executor-1] INFO  impl.RaftServerProxy (RaftServerProxy.java:addNew(89)) - 513ea752-2bb4-4e9d-94cf-0dce8d7e1b31: addNew group-FD7C0AF0CBE2:[513ea752-2bb4-4e9d-94cf-0dce8d7e1b31:192.168.151.103:39440] returns group-FD7C0AF0CBE2:java.util.concurrent.CompletableFuture@423f84d1[Not completed]
2019-09-27 09:23:52,017 [pool-587-thread-1] INFO  impl.RaftServerImpl (RaftServerImpl.java:<init>(95)) - 513ea752-2bb4-4e9d-94cf-0dce8d7e1b31: new RaftServerImpl for group-FD7C0AF0CBE2:[513ea752-2bb4-4e9d-94cf-0dce8d7e1b31:192.168.151.103:39440] with ContainerStateMachine:uninitialized
2019-09-27 09:23:52,017 [pool-587-thread-1] INFO  server.RaftServerConfigKeys (ConfUtils.java:logGet(43)) - raft.server.rpc.timeout.min = 1s (custom)
2019-09-27 09:23:52,018 [pool-587-thread-1] INFO  server.RaftServerConfigKeys (ConfUtils.java:logGet(43)) - raft.server.rpc.timeout.max = 1200ms (custom)
2019-09-27 09:23:52,018 [pool-587-thread-1] INFO  server.RaftServerConfigKeys (ConfUtils.java:logGet(43)) - raft.server.rpcslowness.timeout = 120s (custom)
2019-09-27 09:23:52,018 [pool-587-thread-1] INFO  server.RaftServerConfigKeys (ConfUtils.java:logGet(43)) - raft.server.sleep.deviation.threshold = 300 (default)
2019-09-27 09:23:52,018 [pool-587-thread-1] INFO  server.RaftServerConfigKeys (ConfUtils.java:logGet(43)) - raft.server.log.appender.install.snapshot.enabled = false (custom)
2019-09-27 09:23:52,018 [pool-587-thread-1] INFO  impl.RaftServerImpl (ServerState.java:<init>(103)) - 513ea752-2bb4-4e9d-94cf-0dce8d7e1b31@group-FD7C0AF0CBE2: ConfigurationManager, init=-1: [513ea752-2bb4-4e9d-94cf-0dce8d7e1b31:192.168.151.103:39440], old=null, confs=<EMPTY_MAP>
2019-09-27 09:23:52,018 [pool-587-thread-1] INFO  server.RaftServerConfigKeys (ConfUtils.java:logGet(43)) - raft.server.storage.dir = [/workdir/hadoop-ozone/integration-test/target/test-dir/MiniOzoneClusterImpl-398c5316-7398-4fb3-bac3-d05c7117414d/datanode-8/data/ratis] (custom)
2019-09-27 09:23:52,018 [pool-587-thread-1] INFO  storage.RaftStorageDirectory (RaftStorageDirectory.java:analyzeStorage(246)) - The storage directory /workdir/hadoop-ozone/integration-test/target/test-dir/MiniOzoneClusterImpl-398c5316-7398-4fb3-bac3-d05c7117414d/datanode-8/data/ratis/1384d3b2-d5b7-4bd1-87db-fd7c0af0cbe2 does not exist. Creating ...
2019-09-27 09:23:52,031 [pool-587-thread-1] INFO  storage.RaftStorageDirectory (RaftStorageDirectory.java:tryLock(328)) - Lock on /workdir/hadoop-ozone/integration-test/target/test-dir/MiniOzoneClusterImpl-398c5316-7398-4fb3-bac3-d05c7117414d/datanode-8/data/ratis/1384d3b2-d5b7-4bd1-87db-fd7c0af0cbe2/in_use.lock acquired by nodename 29571@pr-hdds2162-4fxhj-20988671
2019-09-27 09:23:52,044 [pool-587-thread-1] INFO  storage.RaftStorage (RaftStorage.java:format(72)) - Storage directory /workdir/hadoop-ozone/integration-test/target/test-dir/MiniOzoneClusterImpl-398c5316-7398-4fb3-bac3-d05c7117414d/datanode-8/data/ratis/1384d3b2-d5b7-4bd1-87db-fd7c0af0cbe2 has been successfully formatted.
2019-09-27 09:23:52,044 [pool-587-thread-1] INFO  ratis.ContainerStateMachine (ContainerStateMachine.java:loadSnapshot(230)) - group-FD7C0AF0CBE2: The snapshot info is null. Setting the last applied indexto:(t:0, i:~)
2019-09-27 09:23:52,044 [pool-587-thread-1] INFO  server.RaftServerConfigKeys (ConfUtils.java:logGet(43)) - raft.server.notification.no-leader.timeout = 120s (custom)
2019-09-27 09:23:52,044 [pool-587-thread-1] INFO  server.RaftServerConfigKeys (ConfUtils.java:logGet(43)) - raft.server.log.use.memory = false (default)
2019-09-27 09:23:52,045 [pool-587-thread-1] INFO  server.RaftServerConfigKeys (ConfUtils.java:logGet(43)) - raft.server.log.purge.gap = 1000000 (custom)
2019-09-27 09:23:52,045 [pool-587-thread-1] INFO  server.RaftServerConfigKeys (ConfUtils.java:logGet(43)) - raft.server.log.appender.buffer.byte-limit = 33554432 (custom)
2019-09-27 09:23:52,045 [pool-587-thread-1] INFO  server.RaftServerConfigKeys (ConfUtils.java:logGet(43)) - raft.server.log.segment.size.max = 1048576 (custom)
2019-09-27 09:23:52,045 [pool-587-thread-1] INFO  server.RaftServerConfigKeys (ConfUtils.java:logGet(43)) - raft.server.log.segment.cache.num.max = 2 (custom)
2019-09-27 09:23:52,045 [pool-587-thread-1] INFO  segmented.SegmentedRaftLogWorker (SegmentedRaftLogWorker.java:<init>(172)) - new 513ea752-2bb4-4e9d-94cf-0dce8d7e1b31@group-FD7C0AF0CBE2-SegmentedRaftLogWorker for RaftStorage:Storage Directory /workdir/hadoop-ozone/integration-test/target/test-dir/MiniOzoneClusterImpl-398c5316-7398-4fb3-bac3-d05c7117414d/datanode-8/data/ratis/1384d3b2-d5b7-4bd1-87db-fd7c0af0cbe2
2019-09-27 09:23:52,047 [pool-587-thread-1] INFO  server.RaftServerConfigKeys (ConfUtils.java:logGet(43)) - raft.server.log.queue.byte-limit = 2147483647 (custom)
2019-09-27 09:23:52,047 [pool-587-thread-1] INFO  server.RaftServerConfigKeys (ConfUtils.java:logGet(43)) - raft.server.log.queue.element-limit = 1024 (custom)
2019-09-27 09:23:52,047 [pool-587-thread-1] INFO  server.RaftServerConfigKeys (ConfUtils.java:logGet(43)) - raft.server.log.segment.size.max = 1048576 (custom)
2019-09-27 09:23:52,047 [pool-587-thread-1] INFO  server.RaftServerConfigKeys (ConfUtils.java:logGet(43)) - raft.server.log.preallocated.size = 16384 (custom)
2019-09-27 09:23:52,047 [pool-587-thread-1] INFO  server.RaftServerConfigKeys (ConfUtils.java:logGet(43)) - raft.server.log.write.buffer.size = 33554432 (custom)
2019-09-27 09:23:52,048 [pool-587-thread-1] INFO  server.RaftServerConfigKeys (ConfUtils.java:logGet(43)) - raft.server.log.force.sync.num = 128 (default)
2019-09-27 09:23:52,048 [pool-587-thread-1] INFO  server.RaftServerConfigKeys (ConfUtils.java:logGet(43)) - raft.server.log.statemachine.data.sync = true (default)
2019-09-27 09:23:52,048 [pool-587-thread-1] INFO  server.RaftServerConfigKeys (ConfUtils.java:logGet(43)) - raft.server.log.statemachine.data.sync.timeout = 10s (default)
2019-09-27 09:23:52,048 [pool-587-thread-1] INFO  server.RaftServerConfigKeys (ConfUtils.java:logGet(43)) - raft.server.log.statemachine.data.sync.timeout.retry = -1 (default)
2019-09-27 09:23:52,048 [pool-587-thread-1] INFO  server.RaftServerConfigKeys (ConfUtils.java:logGet(43)) - raft.server.log.statemachine.data.caching.enabled = true (custom)
2019-09-27 09:23:52,048 [pool-587-thread-1] INFO  segmented.SegmentedRaftLogWorker (SegmentedRaftLogWorker.java:lambda$new$0(132)) - 513ea752-2bb4-4e9d-94cf-0dce8d7e1b31@group-FD7C0AF0CBE2-SegmentedRaftLogWorker: flushIndex: setUnconditionally 0 -> -1
2019-09-27 09:23:52,049 [pool-587-thread-1] INFO  server.RaftServerConfigKeys (ConfUtils.java:logGet(43)) - raft.server.snapshot.auto.trigger.enabled = true (custom)
2019-09-27 09:23:52,049 [pool-587-thread-1] INFO  server.RaftServerConfigKeys (ConfUtils.java:logGet(43)) - raft.server.snapshot.auto.trigger.threshold = 10000 (custom)
2019-09-27 09:23:52,049 [pool-587-thread-1] INFO  server.RaftServerConfigKeys (ConfUtils.java:logGet(43)) - raft.server.snapshot.retention.num.files = 5 (custom)
2019-09-27 09:23:52,049 [pool-587-thread-1] INFO  server.RaftServerConfigKeys (ConfUtils.java:logGet(43)) - raft.server.retrycache.expirytime = 600000ms (custom)
2019-09-27 09:23:52,051 [pool-587-thread-1] INFO  impl.RaftServerImpl (RaftServerImpl.java:start(185)) - 513ea752-2bb4-4e9d-94cf-0dce8d7e1b31@group-FD7C0AF0CBE2: start as a follower, conf=-1: [513ea752-2bb4-4e9d-94cf-0dce8d7e1b31:192.168.151.103:39440], old=null
2019-09-27 09:23:52,051 [pool-587-thread-1] INFO  impl.RaftServerImpl (RaftServerImpl.java:setRole(174)) - 513ea752-2bb4-4e9d-94cf-0dce8d7e1b31@group-FD7C0AF0CBE2: changes role from      null to FOLLOWER at term 0 for startAsFollower
2019-09-27 09:23:52,051 [pool-587-thread-1] INFO  impl.RoleInfo (RoleInfo.java:updateAndGet(143)) - 513ea752-2bb4-4e9d-94cf-0dce8d7e1b31: start FollowerState
2019-09-27 09:23:52,051 [pool-587-thread-1] INFO  util.JmxRegister (JmxRegister.java:tryRegister(44)) - Successfully registered JMX Bean with object name Ratis:service=RaftServer,group=group-FD7C0AF0CBE2,id=513ea752-2bb4-4e9d-94cf-0dce8d7e1b31
2019-09-27 09:23:52,052 [IPC Server handler 16 on 40094] INFO  net.NetworkTopology (NetworkTopologyImpl.java:add(111)) - Added a new node: /rack1/002bed63-9761-4b9f-9eba-a6bdbdfe34b9
2019-09-27 09:23:52,052 [IPC Server handler 16 on 40094] INFO  node.SCMNodeManager (SCMNodeManager.java:register(266)) - Registered Data node : 002bed63-9761-4b9f-9eba-a6bdbdfe34b9{ip: 192.168.151.103, host: pr-hdds2162-4fxhj-20988671, networkLocation: /rack1, certSerialId: null}
2019-09-27 09:23:52,055 [main] INFO  ozone.MiniOzoneClusterImpl (MiniOzoneClusterImpl.java:lambda$waitForClusterToBeReady$0(147)) - Cluster is ready. Got 10 of 10 DN Heartbeats.
2019-09-27 09:23:52,056 [RatisPipelineUtilsThread] INFO  pipeline.PipelineStateManager (PipelineStateManager.java:addPipeline(56)) - Created pipeline Pipeline[ Id: 1384d3b2-d5b7-4bd1-87db-fd7c0af0cbe2, Nodes: 513ea752-2bb4-4e9d-94cf-0dce8d7e1b31{ip: 192.168.151.103, host: pr-hdds2162-4fxhj-20988671, networkLocation: /rack1, certSerialId: null}, Type:RATIS, Factor:ONE, State:OPEN]
2019-09-27 09:23:52,062 [grpc-default-executor-1] INFO  impl.RaftServerProxy (RaftServerProxy.java:addNew(89)) - 002bed63-9761-4b9f-9eba-a6bdbdfe34b9: addNew group-9BBBE867F159:[002bed63-9761-4b9f-9eba-a6bdbdfe34b9:192.168.151.103:43508] returns group-9BBBE867F159:java.util.concurrent.CompletableFuture@1d67e9ed[Not completed]
2019-09-27 09:23:52,063 [pool-597-thread-1] INFO  impl.RaftServerImpl (RaftServerImpl.java:<init>(95)) - 002bed63-9761-4b9f-9eba-a6bdbdfe34b9: new RaftServerImpl for group-9BBBE867F159:[002bed63-9761-4b9f-9eba-a6bdbdfe34b9:192.168.151.103:43508] with ContainerStateMachine:uninitialized
2019-09-27 09:23:52,063 [pool-597-thread-1] INFO  server.RaftServerConfigKeys (ConfUtils.java:logGet(43)) - raft.server.rpc.timeout.min = 1s (custom)
2019-09-27 09:23:52,063 [pool-597-thread-1] INFO  server.RaftServerConfigKeys (ConfUtils.java:logGet(43)) - raft.server.rpc.timeout.max = 1200ms (custom)
2019-09-27 09:23:52,063 [pool-597-thread-1] INFO  server.RaftServerConfigKeys (ConfUtils.java:logGet(43)) - raft.server.rpcslowness.timeout = 120s (custom)
2019-09-27 09:23:52,063 [pool-597-thread-1] INFO  server.RaftServerConfigKeys (ConfUtils.java:logGet(43)) - raft.server.sleep.deviation.threshold = 300 (default)
2019-09-27 09:23:52,064 [pool-597-thread-1] INFO  server.RaftServerConfigKeys (ConfUtils.java:logGet(43)) - raft.server.log.appender.install.snapshot.enabled = false (custom)
2019-09-27 09:23:52,064 [pool-597-thread-1] INFO  impl.RaftServerImpl (ServerState.java:<init>(103)) - 002bed63-9761-4b9f-9eba-a6bdbdfe34b9@group-9BBBE867F159: ConfigurationManager, init=-1: [002bed63-9761-4b9f-9eba-a6bdbdfe34b9:192.168.151.103:43508], old=null, confs=<EMPTY_MAP>
2019-09-27 09:23:52,064 [pool-597-thread-1] INFO  server.RaftServerConfigKeys (ConfUtils.java:logGet(43)) - raft.server.storage.dir = [/workdir/hadoop-ozone/integration-test/target/test-dir/MiniOzoneClusterImpl-398c5316-7398-4fb3-bac3-d05c7117414d/datanode-9/data/ratis] (custom)
2019-09-27 09:23:52,064 [pool-597-thread-1] INFO  storage.RaftStorageDirectory (RaftStorageDirectory.java:analyzeStorage(246)) - The storage directory /workdir/hadoop-ozone/integration-test/target/test-dir/MiniOzoneClusterImpl-398c5316-7398-4fb3-bac3-d05c7117414d/datanode-9/data/ratis/148e3c42-58ab-4bdf-bccd-9bbbe867f159 does not exist. Creating ...
2019-09-27 09:23:52,077 [pool-597-thread-1] INFO  storage.RaftStorageDirectory (RaftStorageDirectory.java:tryLock(328)) - Lock on /workdir/hadoop-ozone/integration-test/target/test-dir/MiniOzoneClusterImpl-398c5316-7398-4fb3-bac3-d05c7117414d/datanode-9/data/ratis/148e3c42-58ab-4bdf-bccd-9bbbe867f159/in_use.lock acquired by nodename 29571@pr-hdds2162-4fxhj-20988671
2019-09-27 09:23:52,090 [pool-597-thread-1] INFO  storage.RaftStorage (RaftStorage.java:format(72)) - Storage directory /workdir/hadoop-ozone/integration-test/target/test-dir/MiniOzoneClusterImpl-398c5316-7398-4fb3-bac3-d05c7117414d/datanode-9/data/ratis/148e3c42-58ab-4bdf-bccd-9bbbe867f159 has been successfully formatted.
2019-09-27 09:23:52,090 [pool-597-thread-1] INFO  ratis.ContainerStateMachine (ContainerStateMachine.java:loadSnapshot(230)) - group-9BBBE867F159: The snapshot info is null. Setting the last applied indexto:(t:0, i:~)
2019-09-27 09:23:52,090 [pool-597-thread-1] INFO  server.RaftServerConfigKeys (ConfUtils.java:logGet(43)) - raft.server.notification.no-leader.timeout = 120s (custom)
2019-09-27 09:23:52,090 [pool-597-thread-1] INFO  server.RaftServerConfigKeys (ConfUtils.java:logGet(43)) - raft.server.log.use.memory = false (default)
2019-09-27 09:23:52,090 [pool-597-thread-1] INFO  server.RaftServerConfigKeys (ConfUtils.java:logGet(43)) - raft.server.log.purge.gap = 1000000 (custom)
2019-09-27 09:23:52,090 [pool-597-thread-1] INFO  server.RaftServerConfigKeys (ConfUtils.java:logGet(43)) - raft.server.log.appender.buffer.byte-limit = 33554432 (custom)
2019-09-27 09:23:52,090 [pool-597-thread-1] INFO  server.RaftServerConfigKeys (ConfUtils.java:logGet(43)) - raft.server.log.segment.size.max = 1048576 (custom)
2019-09-27 09:23:52,090 [pool-597-thread-1] INFO  server.RaftServerConfigKeys (ConfUtils.java:logGet(43)) - raft.server.log.segment.cache.num.max = 2 (custom)
2019-09-27 09:23:52,091 [pool-597-thread-1] INFO  segmented.SegmentedRaftLogWorker (SegmentedRaftLogWorker.java:<init>(172)) - new 002bed63-9761-4b9f-9eba-a6bdbdfe34b9@group-9BBBE867F159-SegmentedRaftLogWorker for RaftStorage:Storage Directory /workdir/hadoop-ozone/integration-test/target/test-dir/MiniOzoneClusterImpl-398c5316-7398-4fb3-bac3-d05c7117414d/datanode-9/data/ratis/148e3c42-58ab-4bdf-bccd-9bbbe867f159
2019-09-27 09:23:52,092 [pool-597-thread-1] INFO  server.RaftServerConfigKeys (ConfUtils.java:logGet(43)) - raft.server.log.queue.byte-limit = 2147483647 (custom)
2019-09-27 09:23:52,092 [pool-597-thread-1] INFO  server.RaftServerConfigKeys (ConfUtils.java:logGet(43)) - raft.server.log.queue.element-limit = 1024 (custom)
2019-09-27 09:23:52,092 [pool-597-thread-1] INFO  server.RaftServerConfigKeys (ConfUtils.java:logGet(43)) - raft.server.log.segment.size.max = 1048576 (custom)
2019-09-27 09:23:52,092 [pool-597-thread-1] INFO  server.RaftServerConfigKeys (ConfUtils.java:logGet(43)) - raft.server.log.preallocated.size = 16384 (custom)
2019-09-27 09:23:52,092 [pool-597-thread-1] INFO  server.RaftServerConfigKeys (ConfUtils.java:logGet(43)) - raft.server.log.write.buffer.size = 33554432 (custom)
2019-09-27 09:23:52,092 [pool-597-thread-1] INFO  server.RaftServerConfigKeys (ConfUtils.java:logGet(43)) - raft.server.log.force.sync.num = 128 (default)
2019-09-27 09:23:52,092 [pool-597-thread-1] INFO  server.RaftServerConfigKeys (ConfUtils.java:logGet(43)) - raft.server.log.statemachine.data.sync = true (default)
2019-09-27 09:23:52,092 [pool-597-thread-1] INFO  server.RaftServerConfigKeys (ConfUtils.java:logGet(43)) - raft.server.log.statemachine.data.sync.timeout = 10s (default)
2019-09-27 09:23:52,092 [pool-597-thread-1] INFO  server.RaftServerConfigKeys (ConfUtils.java:logGet(43)) - raft.server.log.statemachine.data.sync.timeout.retry = -1 (default)
2019-09-27 09:23:52,093 [pool-597-thread-1] INFO  server.RaftServerConfigKeys (ConfUtils.java:logGet(43)) - raft.server.log.statemachine.data.caching.enabled = true (custom)
2019-09-27 09:23:52,093 [pool-597-thread-1] INFO  segmented.SegmentedRaftLogWorker (SegmentedRaftLogWorker.java:lambda$new$0(132)) - 002bed63-9761-4b9f-9eba-a6bdbdfe34b9@group-9BBBE867F159-SegmentedRaftLogWorker: flushIndex: setUnconditionally 0 -> -1
2019-09-27 09:23:52,093 [pool-597-thread-1] INFO  server.RaftServerConfigKeys (ConfUtils.java:logGet(43)) - raft.server.snapshot.auto.trigger.enabled = true (custom)
2019-09-27 09:23:52,093 [pool-597-thread-1] INFO  server.RaftServerConfigKeys (ConfUtils.java:logGet(43)) - raft.server.snapshot.auto.trigger.threshold = 10000 (custom)
2019-09-27 09:23:52,093 [pool-597-thread-1] INFO  server.RaftServerConfigKeys (ConfUtils.java:logGet(43)) - raft.server.snapshot.retention.num.files = 5 (custom)
2019-09-27 09:23:52,093 [pool-597-thread-1] INFO  server.RaftServerConfigKeys (ConfUtils.java:logGet(43)) - raft.server.retrycache.expirytime = 600000ms (custom)
2019-09-27 09:23:52,094 [pool-597-thread-1] INFO  impl.RaftServerImpl (RaftServerImpl.java:start(185)) - 002bed63-9761-4b9f-9eba-a6bdbdfe34b9@group-9BBBE867F159: start as a follower, conf=-1: [002bed63-9761-4b9f-9eba-a6bdbdfe34b9:192.168.151.103:43508], old=null
2019-09-27 09:23:52,094 [pool-597-thread-1] INFO  impl.RaftServerImpl (RaftServerImpl.java:setRole(174)) - 002bed63-9761-4b9f-9eba-a6bdbdfe34b9@group-9BBBE867F159: changes role from      null to FOLLOWER at term 0 for startAsFollower
2019-09-27 09:23:52,094 [pool-597-thread-1] INFO  impl.RoleInfo (RoleInfo.java:updateAndGet(143)) - 002bed63-9761-4b9f-9eba-a6bdbdfe34b9: start FollowerState
2019-09-27 09:23:52,095 [pool-597-thread-1] INFO  util.JmxRegister (JmxRegister.java:tryRegister(44)) - Successfully registered JMX Bean with object name Ratis:service=RaftServer,group=group-9BBBE867F159,id=002bed63-9761-4b9f-9eba-a6bdbdfe34b9
2019-09-27 09:23:52,099 [RatisPipelineUtilsThread] INFO  pipeline.PipelineStateManager (PipelineStateManager.java:addPipeline(56)) - Created pipeline Pipeline[ Id: 148e3c42-58ab-4bdf-bccd-9bbbe867f159, Nodes: 002bed63-9761-4b9f-9eba-a6bdbdfe34b9{ip: 192.168.151.103, host: pr-hdds2162-4fxhj-20988671, networkLocation: /rack1, certSerialId: null}, Type:RATIS, Factor:ONE, State:OPEN]
2019-09-27 09:23:52,106 [grpc-default-executor-1] INFO  impl.RaftServerProxy (RaftServerProxy.java:addNew(89)) - f8f36aa8-f38f-472a-aa09-c3130b79cc81: addNew group-77629DF9AC2E:[f8f36aa8-f38f-472a-aa09-c3130b79cc81:192.168.151.103:43152] returns group-77629DF9AC2E:java.util.concurrent.CompletableFuture@2f027036[Not completed]
2019-09-27 09:23:52,106 [pool-547-thread-1] INFO  impl.RaftServerImpl (RaftServerImpl.java:<init>(95)) - f8f36aa8-f38f-472a-aa09-c3130b79cc81: new RaftServerImpl for group-77629DF9AC2E:[f8f36aa8-f38f-472a-aa09-c3130b79cc81:192.168.151.103:43152] with ContainerStateMachine:uninitialized
2019-09-27 09:23:52,106 [pool-547-thread-1] INFO  server.RaftServerConfigKeys (ConfUtils.java:logGet(43)) - raft.server.rpc.timeout.min = 1s (custom)
2019-09-27 09:23:52,107 [pool-547-thread-1] INFO  server.RaftServerConfigKeys (ConfUtils.java:logGet(43)) - raft.server.rpc.timeout.max = 1200ms (custom)
2019-09-27 09:23:52,107 [pool-547-thread-1] INFO  server.RaftServerConfigKeys (ConfUtils.java:logGet(43)) - raft.server.rpcslowness.timeout = 120s (custom)
2019-09-27 09:23:52,107 [pool-547-thread-1] INFO  server.RaftServerConfigKeys (ConfUtils.java:logGet(43)) - raft.server.sleep.deviation.threshold = 300 (default)
2019-09-27 09:23:52,107 [pool-547-thread-1] INFO  server.RaftServerConfigKeys (ConfUtils.java:logGet(43)) - raft.server.log.appender.install.snapshot.enabled = false (custom)
2019-09-27 09:23:52,107 [pool-547-thread-1] INFO  impl.RaftServerImpl (ServerState.java:<init>(103)) - f8f36aa8-f38f-472a-aa09-c3130b79cc81@group-77629DF9AC2E: ConfigurationManager, init=-1: [f8f36aa8-f38f-472a-aa09-c3130b79cc81:192.168.151.103:43152], old=null, confs=<EMPTY_MAP>
2019-09-27 09:23:52,107 [pool-547-thread-1] INFO  server.RaftServerConfigKeys (ConfUtils.java:logGet(43)) - raft.server.storage.dir = [/workdir/hadoop-ozone/integration-test/target/test-dir/MiniOzoneClusterImpl-398c5316-7398-4fb3-bac3-d05c7117414d/datanode-4/data/ratis] (custom)
2019-09-27 09:23:52,107 [pool-547-thread-1] INFO  storage.RaftStorageDirectory (RaftStorageDirectory.java:analyzeStorage(246)) - The storage directory /workdir/hadoop-ozone/integration-test/target/test-dir/MiniOzoneClusterImpl-398c5316-7398-4fb3-bac3-d05c7117414d/datanode-4/data/ratis/f94cac6d-8ac5-4f04-b44e-77629df9ac2e does not exist. Creating ...
2019-09-27 09:23:52,121 [pool-547-thread-1] INFO  storage.RaftStorageDirectory (RaftStorageDirectory.java:tryLock(328)) - Lock on /workdir/hadoop-ozone/integration-test/target/test-dir/MiniOzoneClusterImpl-398c5316-7398-4fb3-bac3-d05c7117414d/datanode-4/data/ratis/f94cac6d-8ac5-4f04-b44e-77629df9ac2e/in_use.lock acquired by nodename 29571@pr-hdds2162-4fxhj-20988671
2019-09-27 09:23:52,134 [pool-547-thread-1] INFO  storage.RaftStorage (RaftStorage.java:format(72)) - Storage directory /workdir/hadoop-ozone/integration-test/target/test-dir/MiniOzoneClusterImpl-398c5316-7398-4fb3-bac3-d05c7117414d/datanode-4/data/ratis/f94cac6d-8ac5-4f04-b44e-77629df9ac2e has been successfully formatted.
2019-09-27 09:23:52,134 [pool-547-thread-1] INFO  ratis.ContainerStateMachine (ContainerStateMachine.java:loadSnapshot(230)) - group-77629DF9AC2E: The snapshot info is null. Setting the last applied indexto:(t:0, i:~)
2019-09-27 09:23:52,134 [pool-547-thread-1] INFO  server.RaftServerConfigKeys (ConfUtils.java:logGet(43)) - raft.server.notification.no-leader.timeout = 120s (custom)
2019-09-27 09:23:52,134 [pool-547-thread-1] INFO  server.RaftServerConfigKeys (ConfUtils.java:logGet(43)) - raft.server.log.use.memory = false (default)
2019-09-27 09:23:52,134 [pool-547-thread-1] INFO  server.RaftServerConfigKeys (ConfUtils.java:logGet(43)) - raft.server.log.purge.gap = 1000000 (custom)
2019-09-27 09:23:52,134 [pool-547-thread-1] INFO  server.RaftServerConfigKeys (ConfUtils.java:logGet(43)) - raft.server.log.appender.buffer.byte-limit = 33554432 (custom)
2019-09-27 09:23:52,134 [pool-547-thread-1] INFO  server.RaftServerConfigKeys (ConfUtils.java:logGet(43)) - raft.server.log.segment.size.max = 1048576 (custom)
2019-09-27 09:23:52,135 [pool-547-thread-1] INFO  server.RaftServerConfigKeys (ConfUtils.java:logGet(43)) - raft.server.log.segment.cache.num.max = 2 (custom)
2019-09-27 09:23:52,135 [pool-547-thread-1] INFO  segmented.SegmentedRaftLogWorker (SegmentedRaftLogWorker.java:<init>(172)) - new f8f36aa8-f38f-472a-aa09-c3130b79cc81@group-77629DF9AC2E-SegmentedRaftLogWorker for RaftStorage:Storage Directory /workdir/hadoop-ozone/integration-test/target/test-dir/MiniOzoneClusterImpl-398c5316-7398-4fb3-bac3-d05c7117414d/datanode-4/data/ratis/f94cac6d-8ac5-4f04-b44e-77629df9ac2e
2019-09-27 09:23:52,136 [pool-547-thread-1] INFO  server.RaftServerConfigKeys (ConfUtils.java:logGet(43)) - raft.server.log.queue.byte-limit = 2147483647 (custom)
2019-09-27 09:23:52,136 [pool-547-thread-1] INFO  server.RaftServerConfigKeys (ConfUtils.java:logGet(43)) - raft.server.log.queue.element-limit = 1024 (custom)
2019-09-27 09:23:52,136 [pool-547-thread-1] INFO  server.RaftServerConfigKeys (ConfUtils.java:logGet(43)) - raft.server.log.segment.size.max = 1048576 (custom)
2019-09-27 09:23:52,136 [pool-547-thread-1] INFO  server.RaftServerConfigKeys (ConfUtils.java:logGet(43)) - raft.server.log.preallocated.size = 16384 (custom)
2019-09-27 09:23:52,136 [pool-547-thread-1] INFO  server.RaftServerConfigKeys (ConfUtils.java:logGet(43)) - raft.server.log.write.buffer.size = 33554432 (custom)
2019-09-27 09:23:52,136 [pool-547-thread-1] INFO  server.RaftServerConfigKeys (ConfUtils.java:logGet(43)) - raft.server.log.force.sync.num = 128 (default)
2019-09-27 09:23:52,136 [pool-547-thread-1] INFO  server.RaftServerConfigKeys (ConfUtils.java:logGet(43)) - raft.server.log.statemachine.data.sync = true (default)
2019-09-27 09:23:52,136 [pool-547-thread-1] INFO  server.RaftServerConfigKeys (ConfUtils.java:logGet(43)) - raft.server.log.statemachine.data.sync.timeout = 10s (default)
2019-09-27 09:23:52,137 [pool-547-thread-1] INFO  server.RaftServerConfigKeys (ConfUtils.java:logGet(43)) - raft.server.log.statemachine.data.sync.timeout.retry = -1 (default)
2019-09-27 09:23:52,137 [pool-547-thread-1] INFO  server.RaftServerConfigKeys (ConfUtils.java:logGet(43)) - raft.server.log.statemachine.data.caching.enabled = true (custom)
2019-09-27 09:23:52,137 [pool-547-thread-1] INFO  segmented.SegmentedRaftLogWorker (SegmentedRaftLogWorker.java:lambda$new$0(132)) - f8f36aa8-f38f-472a-aa09-c3130b79cc81@group-77629DF9AC2E-SegmentedRaftLogWorker: flushIndex: setUnconditionally 0 -> -1
2019-09-27 09:23:52,137 [pool-547-thread-1] INFO  server.RaftServerConfigKeys (ConfUtils.java:logGet(43)) - raft.server.snapshot.auto.trigger.enabled = true (custom)
2019-09-27 09:23:52,137 [pool-547-thread-1] INFO  server.RaftServerConfigKeys (ConfUtils.java:logGet(43)) - raft.server.snapshot.auto.trigger.threshold = 10000 (custom)
2019-09-27 09:23:52,138 [pool-547-thread-1] INFO  server.RaftServerConfigKeys (ConfUtils.java:logGet(43)) - raft.server.snapshot.retention.num.files = 5 (custom)
2019-09-27 09:23:52,138 [pool-547-thread-1] INFO  server.RaftServerConfigKeys (ConfUtils.java:logGet(43)) - raft.server.retrycache.expirytime = 600000ms (custom)
2019-09-27 09:23:52,139 [pool-547-thread-1] INFO  impl.RaftServerImpl (RaftServerImpl.java:start(185)) - f8f36aa8-f38f-472a-aa09-c3130b79cc81@group-77629DF9AC2E: start as a follower, conf=-1: [f8f36aa8-f38f-472a-aa09-c3130b79cc81:192.168.151.103:43152], old=null
2019-09-27 09:23:52,139 [pool-547-thread-1] INFO  impl.RaftServerImpl (RaftServerImpl.java:setRole(174)) - f8f36aa8-f38f-472a-aa09-c3130b79cc81@group-77629DF9AC2E: changes role from      null to FOLLOWER at term 0 for startAsFollower
2019-09-27 09:23:52,139 [pool-547-thread-1] INFO  impl.RoleInfo (RoleInfo.java:updateAndGet(143)) - f8f36aa8-f38f-472a-aa09-c3130b79cc81: start FollowerState
2019-09-27 09:23:52,140 [pool-547-thread-1] INFO  util.JmxRegister (JmxRegister.java:tryRegister(44)) - Successfully registered JMX Bean with object name Ratis:service=RaftServer,group=group-77629DF9AC2E,id=f8f36aa8-f38f-472a-aa09-c3130b79cc81
2019-09-27 09:23:52,145 [RatisPipelineUtilsThread] INFO  pipeline.PipelineStateManager (PipelineStateManager.java:addPipeline(56)) - Created pipeline Pipeline[ Id: f94cac6d-8ac5-4f04-b44e-77629df9ac2e, Nodes: f8f36aa8-f38f-472a-aa09-c3130b79cc81{ip: 192.168.151.103, host: pr-hdds2162-4fxhj-20988671, networkLocation: /rack1, certSerialId: null}, Type:RATIS, Factor:ONE, State:OPEN]
2019-09-27 09:23:52,166 [grpc-default-executor-2] INFO  impl.RaftServerProxy (RaftServerProxy.java:addNew(89)) - 923630be-6089-4454-ada8-343910becadd: addNew group-827F9F9FA464:[923630be-6089-4454-ada8-343910becadd:192.168.151.103:41127, 48a73947-ad36-4a89-bdb8-df91e6dae885:192.168.151.103:39788, 002bed63-9761-4b9f-9eba-a6bdbdfe34b9:192.168.151.103:43508] returns group-827F9F9FA464:java.util.concurrent.CompletableFuture@17d23b46[Not completed]
2019-09-27 09:23:52,166 [grpc-default-executor-1] INFO  impl.RaftServerProxy (RaftServerProxy.java:addNew(89)) - 002bed63-9761-4b9f-9eba-a6bdbdfe34b9: addNew group-827F9F9FA464:[923630be-6089-4454-ada8-343910becadd:192.168.151.103:41127, 48a73947-ad36-4a89-bdb8-df91e6dae885:192.168.151.103:39788, 002bed63-9761-4b9f-9eba-a6bdbdfe34b9:192.168.151.103:43508] returns group-827F9F9FA464:java.util.concurrent.CompletableFuture@2990fe98[Not completed]
2019-09-27 09:23:52,166 [grpc-default-executor-0] INFO  impl.RaftServerProxy (RaftServerProxy.java:addNew(89)) - 48a73947-ad36-4a89-bdb8-df91e6dae885: addNew group-827F9F9FA464:[923630be-6089-4454-ada8-343910becadd:192.168.151.103:41127, 48a73947-ad36-4a89-bdb8-df91e6dae885:192.168.151.103:39788, 002bed63-9761-4b9f-9eba-a6bdbdfe34b9:192.168.151.103:43508] returns group-827F9F9FA464:java.util.concurrent.CompletableFuture@1eb98f40[Not completed]
2019-09-27 09:23:52,167 [pool-557-thread-1] INFO  impl.RaftServerImpl (RaftServerImpl.java:<init>(95)) - 923630be-6089-4454-ada8-343910becadd: new RaftServerImpl for group-827F9F9FA464:[923630be-6089-4454-ada8-343910becadd:192.168.151.103:41127, 48a73947-ad36-4a89-bdb8-df91e6dae885:192.168.151.103:39788, 002bed63-9761-4b9f-9eba-a6bdbdfe34b9:192.168.151.103:43508] with ContainerStateMachine:uninitialized
2019-09-27 09:23:52,167 [pool-557-thread-1] INFO  server.RaftServerConfigKeys (ConfUtils.java:logGet(43)) - raft.server.rpc.timeout.min = 1s (custom)
2019-09-27 09:23:52,167 [pool-557-thread-1] INFO  server.RaftServerConfigKeys (ConfUtils.java:logGet(43)) - raft.server.rpc.timeout.max = 1200ms (custom)
2019-09-27 09:23:52,167 [pool-567-thread-1] INFO  impl.RaftServerImpl (RaftServerImpl.java:<init>(95)) - 48a73947-ad36-4a89-bdb8-df91e6dae885: new RaftServerImpl for group-827F9F9FA464:[923630be-6089-4454-ada8-343910becadd:192.168.151.103:41127, 48a73947-ad36-4a89-bdb8-df91e6dae885:192.168.151.103:39788, 002bed63-9761-4b9f-9eba-a6bdbdfe34b9:192.168.151.103:43508] with ContainerStateMachine:uninitialized
2019-09-27 09:23:52,167 [pool-557-thread-1] INFO  server.RaftServerConfigKeys (ConfUtils.java:logGet(43)) - raft.server.rpcslowness.timeout = 120s (custom)
2019-09-27 09:23:52,167 [pool-567-thread-1] INFO  server.RaftServerConfigKeys (ConfUtils.java:logGet(43)) - raft.server.rpc.timeout.min = 1s (custom)
2019-09-27 09:23:52,167 [pool-597-thread-1] INFO  impl.RaftServerImpl (RaftServerImpl.java:<init>(95)) - 002bed63-9761-4b9f-9eba-a6bdbdfe34b9: new RaftServerImpl for group-827F9F9FA464:[923630be-6089-4454-ada8-343910becadd:192.168.151.103:41127, 48a73947-ad36-4a89-bdb8-df91e6dae885:192.168.151.103:39788, 002bed63-9761-4b9f-9eba-a6bdbdfe34b9:192.168.151.103:43508] with ContainerStateMachine:uninitialized
2019-09-27 09:23:52,167 [pool-557-thread-1] INFO  server.RaftServerConfigKeys (ConfUtils.java:logGet(43)) - raft.server.sleep.deviation.threshold = 300 (default)
2019-09-27 09:23:52,168 [pool-597-thread-1] INFO  server.RaftServerConfigKeys (ConfUtils.java:logGet(43)) - raft.server.rpc.timeout.min = 1s (custom)
2019-09-27 09:23:52,167 [pool-567-thread-1] INFO  server.RaftServerConfigKeys (ConfUtils.java:logGet(43)) - raft.server.rpc.timeout.max = 1200ms (custom)
2019-09-27 09:23:52,168 [pool-597-thread-1] INFO  server.RaftServerConfigKeys (ConfUtils.java:logGet(43)) - raft.server.rpc.timeout.max = 1200ms (custom)
2019-09-27 09:23:52,168 [pool-557-thread-1] INFO  server.RaftServerConfigKeys (ConfUtils.java:logGet(43)) - raft.server.log.appender.install.snapshot.enabled = false (custom)
2019-09-27 09:23:52,168 [pool-597-thread-1] INFO  server.RaftServerConfigKeys (ConfUtils.java:logGet(43)) - raft.server.rpcslowness.timeout = 120s (custom)
2019-09-27 09:23:52,168 [pool-567-thread-1] INFO  server.RaftServerConfigKeys (ConfUtils.java:logGet(43)) - raft.server.rpcslowness.timeout = 120s (custom)
2019-09-27 09:23:52,168 [pool-597-thread-1] INFO  server.RaftServerConfigKeys (ConfUtils.java:logGet(43)) - raft.server.sleep.deviation.threshold = 300 (default)
2019-09-27 09:23:52,168 [pool-557-thread-1] INFO  impl.RaftServerImpl (ServerState.java:<init>(103)) - 923630be-6089-4454-ada8-343910becadd@group-827F9F9FA464: ConfigurationManager, init=-1: [923630be-6089-4454-ada8-343910becadd:192.168.151.103:41127, 48a73947-ad36-4a89-bdb8-df91e6dae885:192.168.151.103:39788, 002bed63-9761-4b9f-9eba-a6bdbdfe34b9:192.168.151.103:43508], old=null, confs=<EMPTY_MAP>
2019-09-27 09:23:52,168 [pool-597-thread-1] INFO  server.RaftServerConfigKeys (ConfUtils.java:logGet(43)) - raft.server.log.appender.install.snapshot.enabled = false (custom)
2019-09-27 09:23:52,168 [pool-567-thread-1] INFO  server.RaftServerConfigKeys (ConfUtils.java:logGet(43)) - raft.server.sleep.deviation.threshold = 300 (default)
2019-09-27 09:23:52,168 [pool-597-thread-1] INFO  impl.RaftServerImpl (ServerState.java:<init>(103)) - 002bed63-9761-4b9f-9eba-a6bdbdfe34b9@group-827F9F9FA464: ConfigurationManager, init=-1: [923630be-6089-4454-ada8-343910becadd:192.168.151.103:41127, 48a73947-ad36-4a89-bdb8-df91e6dae885:192.168.151.103:39788, 002bed63-9761-4b9f-9eba-a6bdbdfe34b9:192.168.151.103:43508], old=null, confs=<EMPTY_MAP>
2019-09-27 09:23:52,168 [pool-557-thread-1] INFO  server.RaftServerConfigKeys (ConfUtils.java:logGet(43)) - raft.server.storage.dir = [/workdir/hadoop-ozone/integration-test/target/test-dir/MiniOzoneClusterImpl-398c5316-7398-4fb3-bac3-d05c7117414d/datanode-5/data/ratis] (custom)
2019-09-27 09:23:52,169 [pool-597-thread-1] INFO  server.RaftServerConfigKeys (ConfUtils.java:logGet(43)) - raft.server.storage.dir = [/workdir/hadoop-ozone/integration-test/target/test-dir/MiniOzoneClusterImpl-398c5316-7398-4fb3-bac3-d05c7117414d/datanode-9/data/ratis] (custom)
2019-09-27 09:23:52,169 [pool-567-thread-1] INFO  server.RaftServerConfigKeys (ConfUtils.java:logGet(43)) - raft.server.log.appender.install.snapshot.enabled = false (custom)
2019-09-27 09:23:52,169 [pool-567-thread-1] INFO  impl.RaftServerImpl (ServerState.java:<init>(103)) - 48a73947-ad36-4a89-bdb8-df91e6dae885@group-827F9F9FA464: ConfigurationManager, init=-1: [923630be-6089-4454-ada8-343910becadd:192.168.151.103:41127, 48a73947-ad36-4a89-bdb8-df91e6dae885:192.168.151.103:39788, 002bed63-9761-4b9f-9eba-a6bdbdfe34b9:192.168.151.103:43508], old=null, confs=<EMPTY_MAP>
2019-09-27 09:23:52,169 [pool-557-thread-1] INFO  storage.RaftStorageDirectory (RaftStorageDirectory.java:analyzeStorage(246)) - The storage directory /workdir/hadoop-ozone/integration-test/target/test-dir/MiniOzoneClusterImpl-398c5316-7398-4fb3-bac3-d05c7117414d/datanode-5/data/ratis/6fdfa62b-191a-4597-b5f3-827f9f9fa464 does not exist. Creating ...
2019-09-27 09:23:52,169 [pool-567-thread-1] INFO  server.RaftServerConfigKeys (ConfUtils.java:logGet(43)) - raft.server.storage.dir = [/workdir/hadoop-ozone/integration-test/target/test-dir/MiniOzoneClusterImpl-398c5316-7398-4fb3-bac3-d05c7117414d/datanode-6/data/ratis] (custom)
2019-09-27 09:23:52,169 [pool-597-thread-1] INFO  storage.RaftStorageDirectory (RaftStorageDirectory.java:analyzeStorage(246)) - The storage directory /workdir/hadoop-ozone/integration-test/target/test-dir/MiniOzoneClusterImpl-398c5316-7398-4fb3-bac3-d05c7117414d/datanode-9/data/ratis/6fdfa62b-191a-4597-b5f3-827f9f9fa464 does not exist. Creating ...
2019-09-27 09:23:52,169 [pool-567-thread-1] INFO  storage.RaftStorageDirectory (RaftStorageDirectory.java:analyzeStorage(246)) - The storage directory /workdir/hadoop-ozone/integration-test/target/test-dir/MiniOzoneClusterImpl-398c5316-7398-4fb3-bac3-d05c7117414d/datanode-6/data/ratis/6fdfa62b-191a-4597-b5f3-827f9f9fa464 does not exist. Creating ...
2019-09-27 09:23:52,192 [pool-557-thread-1] INFO  storage.RaftStorageDirectory (RaftStorageDirectory.java:tryLock(328)) - Lock on /workdir/hadoop-ozone/integration-test/target/test-dir/MiniOzoneClusterImpl-398c5316-7398-4fb3-bac3-d05c7117414d/datanode-5/data/ratis/6fdfa62b-191a-4597-b5f3-827f9f9fa464/in_use.lock acquired by nodename 29571@pr-hdds2162-4fxhj-20988671
2019-09-27 09:23:52,192 [pool-597-thread-1] INFO  storage.RaftStorageDirectory (RaftStorageDirectory.java:tryLock(328)) - Lock on /workdir/hadoop-ozone/integration-test/target/test-dir/MiniOzoneClusterImpl-398c5316-7398-4fb3-bac3-d05c7117414d/datanode-9/data/ratis/6fdfa62b-191a-4597-b5f3-827f9f9fa464/in_use.lock acquired by nodename 29571@pr-hdds2162-4fxhj-20988671
2019-09-27 09:23:52,192 [pool-567-thread-1] INFO  storage.RaftStorageDirectory (RaftStorageDirectory.java:tryLock(328)) - Lock on /workdir/hadoop-ozone/integration-test/target/test-dir/MiniOzoneClusterImpl-398c5316-7398-4fb3-bac3-d05c7117414d/datanode-6/data/ratis/6fdfa62b-191a-4597-b5f3-827f9f9fa464/in_use.lock acquired by nodename 29571@pr-hdds2162-4fxhj-20988671
2019-09-27 09:23:52,206 [pool-567-thread-1] INFO  storage.RaftStorage (RaftStorage.java:format(72)) - Storage directory /workdir/hadoop-ozone/integration-test/target/test-dir/MiniOzoneClusterImpl-398c5316-7398-4fb3-bac3-d05c7117414d/datanode-6/data/ratis/6fdfa62b-191a-4597-b5f3-827f9f9fa464 has been successfully formatted.
2019-09-27 09:23:52,206 [pool-597-thread-1] INFO  storage.RaftStorage (RaftStorage.java:format(72)) - Storage directory /workdir/hadoop-ozone/integration-test/target/test-dir/MiniOzoneClusterImpl-398c5316-7398-4fb3-bac3-d05c7117414d/datanode-9/data/ratis/6fdfa62b-191a-4597-b5f3-827f9f9fa464 has been successfully formatted.
2019-09-27 09:23:52,206 [pool-557-thread-1] INFO  storage.RaftStorage (RaftStorage.java:format(72)) - Storage directory /workdir/hadoop-ozone/integration-test/target/test-dir/MiniOzoneClusterImpl-398c5316-7398-4fb3-bac3-d05c7117414d/datanode-5/data/ratis/6fdfa62b-191a-4597-b5f3-827f9f9fa464 has been successfully formatted.
2019-09-27 09:23:52,207 [pool-567-thread-1] INFO  ratis.ContainerStateMachine (ContainerStateMachine.java:loadSnapshot(230)) - group-827F9F9FA464: The snapshot info is null. Setting the last applied indexto:(t:0, i:~)
2019-09-27 09:23:52,207 [pool-597-thread-1] INFO  ratis.ContainerStateMachine (ContainerStateMachine.java:loadSnapshot(230)) - group-827F9F9FA464: The snapshot info is null. Setting the last applied indexto:(t:0, i:~)
2019-09-27 09:23:52,207 [pool-557-thread-1] INFO  ratis.ContainerStateMachine (ContainerStateMachine.java:loadSnapshot(230)) - group-827F9F9FA464: The snapshot info is null. Setting the last applied indexto:(t:0, i:~)
2019-09-27 09:23:52,207 [pool-597-thread-1] INFO  server.RaftServerConfigKeys (ConfUtils.java:logGet(43)) - raft.server.notification.no-leader.timeout = 120s (custom)
2019-09-27 09:23:52,207 [pool-567-thread-1] INFO  server.RaftServerConfigKeys (ConfUtils.java:logGet(43)) - raft.server.notification.no-leader.timeout = 120s (custom)
2019-09-27 09:23:52,207 [pool-597-thread-1] INFO  server.RaftServerConfigKeys (ConfUtils.java:logGet(43)) - raft.server.log.use.memory = false (default)
2019-09-27 09:23:52,207 [pool-557-thread-1] INFO  server.RaftServerConfigKeys (ConfUtils.java:logGet(43)) - raft.server.notification.no-leader.timeout = 120s (custom)
2019-09-27 09:23:52,207 [pool-597-thread-1] INFO  server.RaftServerConfigKeys (ConfUtils.java:logGet(43)) - raft.server.log.purge.gap = 1000000 (custom)
2019-09-27 09:23:52,207 [pool-567-thread-1] INFO  server.RaftServerConfigKeys (ConfUtils.java:logGet(43)) - raft.server.log.use.memory = false (default)
2019-09-27 09:23:52,208 [pool-597-thread-1] INFO  server.RaftServerConfigKeys (ConfUtils.java:logGet(43)) - raft.server.log.appender.buffer.byte-limit = 33554432 (custom)
2019-09-27 09:23:52,208 [pool-557-thread-1] INFO  server.RaftServerConfigKeys (ConfUtils.java:logGet(43)) - raft.server.log.use.memory = false (default)
2019-09-27 09:23:52,208 [pool-597-thread-1] INFO  server.RaftServerConfigKeys (ConfUtils.java:logGet(43)) - raft.server.log.segment.size.max = 1048576 (custom)
2019-09-27 09:23:52,208 [pool-567-thread-1] INFO  server.RaftServerConfigKeys (ConfUtils.java:logGet(43)) - raft.server.log.purge.gap = 1000000 (custom)
2019-09-27 09:23:52,208 [pool-597-thread-1] INFO  server.RaftServerConfigKeys (ConfUtils.java:logGet(43)) - raft.server.log.segment.cache.num.max = 2 (custom)
2019-09-27 09:23:52,208 [pool-557-thread-1] INFO  server.RaftServerConfigKeys (ConfUtils.java:logGet(43)) - raft.server.log.purge.gap = 1000000 (custom)
2019-09-27 09:23:52,208 [pool-597-thread-1] INFO  segmented.SegmentedRaftLogWorker (SegmentedRaftLogWorker.java:<init>(172)) - new 002bed63-9761-4b9f-9eba-a6bdbdfe34b9@group-827F9F9FA464-SegmentedRaftLogWorker for RaftStorage:Storage Directory /workdir/hadoop-ozone/integration-test/target/test-dir/MiniOzoneClusterImpl-398c5316-7398-4fb3-bac3-d05c7117414d/datanode-9/data/ratis/6fdfa62b-191a-4597-b5f3-827f9f9fa464
2019-09-27 09:23:52,208 [pool-567-thread-1] INFO  server.RaftServerConfigKeys (ConfUtils.java:logGet(43)) - raft.server.log.appender.buffer.byte-limit = 33554432 (custom)
2019-09-27 09:23:52,209 [pool-597-thread-1] INFO  server.RaftServerConfigKeys (ConfUtils.java:logGet(43)) - raft.server.log.queue.byte-limit = 2147483647 (custom)
2019-09-27 09:23:52,208 [pool-557-thread-1] INFO  server.RaftServerConfigKeys (ConfUtils.java:logGet(43)) - raft.server.log.appender.buffer.byte-limit = 33554432 (custom)
2019-09-27 09:23:52,209 [pool-597-thread-1] INFO  server.RaftServerConfigKeys (ConfUtils.java:logGet(43)) - raft.server.log.queue.element-limit = 1024 (custom)
2019-09-27 09:23:52,209 [pool-567-thread-1] INFO  server.RaftServerConfigKeys (ConfUtils.java:logGet(43)) - raft.server.log.segment.size.max = 1048576 (custom)
2019-09-27 09:23:52,209 [pool-597-thread-1] INFO  server.RaftServerConfigKeys (ConfUtils.java:logGet(43)) - raft.server.log.segment.size.max = 1048576 (custom)
2019-09-27 09:23:52,209 [pool-557-thread-1] INFO  server.RaftServerConfigKeys (ConfUtils.java:logGet(43)) - raft.server.log.segment.size.max = 1048576 (custom)
2019-09-27 09:23:52,209 [pool-597-thread-1] INFO  server.RaftServerConfigKeys (ConfUtils.java:logGet(43)) - raft.server.log.preallocated.size = 16384 (custom)
2019-09-27 09:23:52,209 [pool-567-thread-1] INFO  server.RaftServerConfigKeys (ConfUtils.java:logGet(43)) - raft.server.log.segment.cache.num.max = 2 (custom)
2019-09-27 09:23:52,209 [pool-597-thread-1] INFO  server.RaftServerConfigKeys (ConfUtils.java:logGet(43)) - raft.server.log.write.buffer.size = 33554432 (custom)
2019-09-27 09:23:52,209 [pool-557-thread-1] INFO  server.RaftServerConfigKeys (ConfUtils.java:logGet(43)) - raft.server.log.segment.cache.num.max = 2 (custom)
2019-09-27 09:23:52,210 [pool-597-thread-1] INFO  server.RaftServerConfigKeys (ConfUtils.java:logGet(43)) - raft.server.log.force.sync.num = 128 (default)
2019-09-27 09:23:52,210 [pool-567-thread-1] INFO  segmented.SegmentedRaftLogWorker (SegmentedRaftLogWorker.java:<init>(172)) - new 48a73947-ad36-4a89-bdb8-df91e6dae885@group-827F9F9FA464-SegmentedRaftLogWorker for RaftStorage:Storage Directory /workdir/hadoop-ozone/integration-test/target/test-dir/MiniOzoneClusterImpl-398c5316-7398-4fb3-bac3-d05c7117414d/datanode-6/data/ratis/6fdfa62b-191a-4597-b5f3-827f9f9fa464
2019-09-27 09:23:52,210 [pool-597-thread-1] INFO  server.RaftServerConfigKeys (ConfUtils.java:logGet(43)) - raft.server.log.statemachine.data.sync = true (default)
2019-09-27 09:23:52,210 [pool-557-thread-1] INFO  segmented.SegmentedRaftLogWorker (SegmentedRaftLogWorker.java:<init>(172)) - new 923630be-6089-4454-ada8-343910becadd@group-827F9F9FA464-SegmentedRaftLogWorker for RaftStorage:Storage Directory /workdir/hadoop-ozone/integration-test/target/test-dir/MiniOzoneClusterImpl-398c5316-7398-4fb3-bac3-d05c7117414d/datanode-5/data/ratis/6fdfa62b-191a-4597-b5f3-827f9f9fa464
2019-09-27 09:23:52,210 [pool-597-thread-1] INFO  server.RaftServerConfigKeys (ConfUtils.java:logGet(43)) - raft.server.log.statemachine.data.sync.timeout = 10s (default)
2019-09-27 09:23:52,210 [pool-567-thread-1] INFO  server.RaftServerConfigKeys (ConfUtils.java:logGet(43)) - raft.server.log.queue.byte-limit = 2147483647 (custom)
2019-09-27 09:23:52,210 [pool-597-thread-1] INFO  server.RaftServerConfigKeys (ConfUtils.java:logGet(43)) - raft.server.log.statemachine.data.sync.timeout.retry = -1 (default)
2019-09-27 09:23:52,210 [pool-557-thread-1] INFO  server.RaftServerConfigKeys (ConfUtils.java:logGet(43)) - raft.server.log.queue.byte-limit = 2147483647 (custom)
2019-09-27 09:23:52,210 [pool-597-thread-1] INFO  server.RaftServerConfigKeys (ConfUtils.java:logGet(43)) - raft.server.log.statemachine.data.caching.enabled = true (custom)
2019-09-27 09:23:52,210 [pool-567-thread-1] INFO  server.RaftServerConfigKeys (ConfUtils.java:logGet(43)) - raft.server.log.queue.element-limit = 1024 (custom)
2019-09-27 09:23:52,211 [pool-557-thread-1] INFO  server.RaftServerConfigKeys (ConfUtils.java:logGet(43)) - raft.server.log.queue.element-limit = 1024 (custom)
2019-09-27 09:23:52,211 [pool-567-thread-1] INFO  server.RaftServerConfigKeys (ConfUtils.java:logGet(43)) - raft.server.log.segment.size.max = 1048576 (custom)
2019-09-27 09:23:52,211 [pool-557-thread-1] INFO  server.RaftServerConfigKeys (ConfUtils.java:logGet(43)) - raft.server.log.segment.size.max = 1048576 (custom)
2019-09-27 09:23:52,211 [pool-597-thread-1] INFO  segmented.SegmentedRaftLogWorker (SegmentedRaftLogWorker.java:lambda$new$0(132)) - 002bed63-9761-4b9f-9eba-a6bdbdfe34b9@group-827F9F9FA464-SegmentedRaftLogWorker: flushIndex: setUnconditionally 0 -> -1
2019-09-27 09:23:52,211 [pool-557-thread-1] INFO  server.RaftServerConfigKeys (ConfUtils.java:logGet(43)) - raft.server.log.preallocated.size = 16384 (custom)
2019-09-27 09:23:52,211 [pool-567-thread-1] INFO  server.RaftServerConfigKeys (ConfUtils.java:logGet(43)) - raft.server.log.preallocated.size = 16384 (custom)
2019-09-27 09:23:52,211 [pool-597-thread-1] INFO  server.RaftServerConfigKeys (ConfUtils.java:logGet(43)) - raft.server.snapshot.auto.trigger.enabled = true (custom)
2019-09-27 09:23:52,211 [pool-557-thread-1] INFO  server.RaftServerConfigKeys (ConfUtils.java:logGet(43)) - raft.server.log.write.buffer.size = 33554432 (custom)
2019-09-27 09:23:52,212 [pool-597-thread-1] INFO  server.RaftServerConfigKeys (ConfUtils.java:logGet(43)) - raft.server.snapshot.auto.trigger.threshold = 10000 (custom)
2019-09-27 09:23:52,211 [pool-567-thread-1] INFO  server.RaftServerConfigKeys (ConfUtils.java:logGet(43)) - raft.server.log.write.buffer.size = 33554432 (custom)
2019-09-27 09:23:52,212 [pool-597-thread-1] INFO  server.RaftServerConfigKeys (ConfUtils.java:logGet(43)) - raft.server.snapshot.retention.num.files = 5 (custom)
2019-09-27 09:23:52,212 [pool-557-thread-1] INFO  server.RaftServerConfigKeys (ConfUtils.java:logGet(43)) - raft.server.log.force.sync.num = 128 (default)
2019-09-27 09:23:52,212 [pool-597-thread-1] INFO  server.RaftServerConfigKeys (ConfUtils.java:logGet(43)) - raft.server.retrycache.expirytime = 600000ms (custom)
2019-09-27 09:23:52,212 [pool-567-thread-1] INFO  server.RaftServerConfigKeys (ConfUtils.java:logGet(43)) - raft.server.log.force.sync.num = 128 (default)
2019-09-27 09:23:52,212 [pool-557-thread-1] INFO  server.RaftServerConfigKeys (ConfUtils.java:logGet(43)) - raft.server.log.statemachine.data.sync = true (default)
2019-09-27 09:23:52,212 [pool-567-thread-1] INFO  server.RaftServerConfigKeys (ConfUtils.java:logGet(43)) - raft.server.log.statemachine.data.sync = true (default)
2019-09-27 09:23:52,212 [pool-557-thread-1] INFO  server.RaftServerConfigKeys (ConfUtils.java:logGet(43)) - raft.server.log.statemachine.data.sync.timeout = 10s (default)
2019-09-27 09:23:52,212 [pool-567-thread-1] INFO  server.RaftServerConfigKeys (ConfUtils.java:logGet(43)) - raft.server.log.statemachine.data.sync.timeout = 10s (default)
2019-09-27 09:23:52,212 [pool-557-thread-1] INFO  server.RaftServerConfigKeys (ConfUtils.java:logGet(43)) - raft.server.log.statemachine.data.sync.timeout.retry = -1 (default)
2019-09-27 09:23:52,213 [pool-567-thread-1] INFO  server.RaftServerConfigKeys (ConfUtils.java:logGet(43)) - raft.server.log.statemachine.data.sync.timeout.retry = -1 (default)
2019-09-27 09:23:52,213 [pool-557-thread-1] INFO  server.RaftServerConfigKeys (ConfUtils.java:logGet(43)) - raft.server.log.statemachine.data.caching.enabled = true (custom)
2019-09-27 09:23:52,213 [pool-567-thread-1] INFO  server.RaftServerConfigKeys (ConfUtils.java:logGet(43)) - raft.server.log.statemachine.data.caching.enabled = true (custom)
2019-09-27 09:23:52,213 [pool-557-thread-1] INFO  segmented.SegmentedRaftLogWorker (SegmentedRaftLogWorker.java:lambda$new$0(132)) - 923630be-6089-4454-ada8-343910becadd@group-827F9F9FA464-SegmentedRaftLogWorker: flushIndex: setUnconditionally 0 -> -1
2019-09-27 09:23:52,213 [pool-567-thread-1] INFO  segmented.SegmentedRaftLogWorker (SegmentedRaftLogWorker.java:lambda$new$0(132)) - 48a73947-ad36-4a89-bdb8-df91e6dae885@group-827F9F9FA464-SegmentedRaftLogWorker: flushIndex: setUnconditionally 0 -> -1
2019-09-27 09:23:52,213 [pool-557-thread-1] INFO  server.RaftServerConfigKeys (ConfUtils.java:logGet(43)) - raft.server.snapshot.auto.trigger.enabled = true (custom)
2019-09-27 09:23:52,213 [pool-567-thread-1] INFO  server.RaftServerConfigKeys (ConfUtils.java:logGet(43)) - raft.server.snapshot.auto.trigger.enabled = true (custom)
2019-09-27 09:23:52,213 [pool-557-thread-1] INFO  server.RaftServerConfigKeys (ConfUtils.java:logGet(43)) - raft.server.snapshot.auto.trigger.threshold = 10000 (custom)
2019-09-27 09:23:52,213 [pool-597-thread-1] INFO  impl.RaftServerImpl (RaftServerImpl.java:start(185)) - 002bed63-9761-4b9f-9eba-a6bdbdfe34b9@group-827F9F9FA464: start as a follower, conf=-1: [923630be-6089-4454-ada8-343910becadd:192.168.151.103:41127, 48a73947-ad36-4a89-bdb8-df91e6dae885:192.168.151.103:39788, 002bed63-9761-4b9f-9eba-a6bdbdfe34b9:192.168.151.103:43508], old=null
2019-09-27 09:23:52,214 [pool-557-thread-1] INFO  server.RaftServerConfigKeys (ConfUtils.java:logGet(43)) - raft.server.snapshot.retention.num.files = 5 (custom)
2019-09-27 09:23:52,214 [pool-567-thread-1] INFO  server.RaftServerConfigKeys (ConfUtils.java:logGet(43)) - raft.server.snapshot.auto.trigger.threshold = 10000 (custom)
2019-09-27 09:23:52,214 [pool-557-thread-1] INFO  server.RaftServerConfigKeys (ConfUtils.java:logGet(43)) - raft.server.retrycache.expirytime = 600000ms (custom)
2019-09-27 09:23:52,214 [pool-597-thread-1] INFO  impl.RaftServerImpl (RaftServerImpl.java:setRole(174)) - 002bed63-9761-4b9f-9eba-a6bdbdfe34b9@group-827F9F9FA464: changes role from      null to FOLLOWER at term 0 for startAsFollower
2019-09-27 09:23:52,214 [pool-567-thread-1] INFO  server.RaftServerConfigKeys (ConfUtils.java:logGet(43)) - raft.server.snapshot.retention.num.files = 5 (custom)
2019-09-27 09:23:52,214 [pool-597-thread-1] INFO  impl.RoleInfo (RoleInfo.java:updateAndGet(143)) - 002bed63-9761-4b9f-9eba-a6bdbdfe34b9: start FollowerState
2019-09-27 09:23:52,214 [pool-567-thread-1] INFO  server.RaftServerConfigKeys (ConfUtils.java:logGet(43)) - raft.server.retrycache.expirytime = 600000ms (custom)
2019-09-27 09:23:52,214 [pool-597-thread-1] INFO  util.JmxRegister (JmxRegister.java:tryRegister(44)) - Successfully registered JMX Bean with object name Ratis:service=RaftServer,group=group-827F9F9FA464,id=002bed63-9761-4b9f-9eba-a6bdbdfe34b9
2019-09-27 09:23:52,219 [pool-557-thread-1] INFO  impl.RaftServerImpl (RaftServerImpl.java:start(185)) - 923630be-6089-4454-ada8-343910becadd@group-827F9F9FA464: start as a follower, conf=-1: [923630be-6089-4454-ada8-343910becadd:192.168.151.103:41127, 48a73947-ad36-4a89-bdb8-df91e6dae885:192.168.151.103:39788, 002bed63-9761-4b9f-9eba-a6bdbdfe34b9:192.168.151.103:43508], old=null
2019-09-27 09:23:52,219 [pool-557-thread-1] INFO  impl.RaftServerImpl (RaftServerImpl.java:setRole(174)) - 923630be-6089-4454-ada8-343910becadd@group-827F9F9FA464: changes role from      null to FOLLOWER at term 0 for startAsFollower
2019-09-27 09:23:52,219 [pool-557-thread-1] INFO  impl.RoleInfo (RoleInfo.java:updateAndGet(143)) - 923630be-6089-4454-ada8-343910becadd: start FollowerState
2019-09-27 09:23:52,220 [pool-557-thread-1] INFO  util.JmxRegister (JmxRegister.java:tryRegister(44)) - Successfully registered JMX Bean with object name Ratis:service=RaftServer,group=group-827F9F9FA464,id=923630be-6089-4454-ada8-343910becadd
2019-09-27 09:23:52,221 [pool-567-thread-1] INFO  impl.RaftServerImpl (RaftServerImpl.java:start(185)) - 48a73947-ad36-4a89-bdb8-df91e6dae885@group-827F9F9FA464: start as a follower, conf=-1: [923630be-6089-4454-ada8-343910becadd:192.168.151.103:41127, 48a73947-ad36-4a89-bdb8-df91e6dae885:192.168.151.103:39788, 002bed63-9761-4b9f-9eba-a6bdbdfe34b9:192.168.151.103:43508], old=null
2019-09-27 09:23:52,221 [pool-567-thread-1] INFO  impl.RaftServerImpl (RaftServerImpl.java:setRole(174)) - 48a73947-ad36-4a89-bdb8-df91e6dae885@group-827F9F9FA464: changes role from      null to FOLLOWER at term 0 for startAsFollower
2019-09-27 09:23:52,221 [pool-567-thread-1] INFO  impl.RoleInfo (RoleInfo.java:updateAndGet(143)) - 48a73947-ad36-4a89-bdb8-df91e6dae885: start FollowerState
2019-09-27 09:23:52,234 [pool-567-thread-1] INFO  util.JmxRegister (JmxRegister.java:tryRegister(44)) - Successfully registered JMX Bean with object name Ratis:service=RaftServer,group=group-827F9F9FA464,id=48a73947-ad36-4a89-bdb8-df91e6dae885
2019-09-27 09:23:52,239 [RatisPipelineUtilsThread] INFO  pipeline.PipelineStateManager (PipelineStateManager.java:addPipeline(56)) - Created pipeline Pipeline[ Id: 6fdfa62b-191a-4597-b5f3-827f9f9fa464, Nodes: 002bed63-9761-4b9f-9eba-a6bdbdfe34b9{ip: 192.168.151.103, host: pr-hdds2162-4fxhj-20988671, networkLocation: /rack1, certSerialId: null}923630be-6089-4454-ada8-343910becadd{ip: 192.168.151.103, host: pr-hdds2162-4fxhj-20988671, networkLocation: /rack1, certSerialId: null}48a73947-ad36-4a89-bdb8-df91e6dae885{ip: 192.168.151.103, host: pr-hdds2162-4fxhj-20988671, networkLocation: /rack1, certSerialId: null}, Type:RATIS, Factor:THREE, State:OPEN]
2019-09-27 09:23:52,249 [grpc-default-executor-2] INFO  impl.RaftServerProxy (RaftServerProxy.java:addNew(89)) - 03814bdb-c6b3-415d-8615-039e811c0048: addNew group-CB4EA96F2AAE:[c1dc816a-002e-4190-8c4b-03368fc83464:192.168.151.103:35476, 03814bdb-c6b3-415d-8615-039e811c0048:192.168.151.103:40137, 513ea752-2bb4-4e9d-94cf-0dce8d7e1b31:192.168.151.103:39440] returns group-CB4EA96F2AAE:java.util.concurrent.CompletableFuture@260f09ac[Not completed]
2019-09-27 09:23:52,249 [grpc-default-executor-0] INFO  impl.RaftServerProxy (RaftServerProxy.java:addNew(89)) - c1dc816a-002e-4190-8c4b-03368fc83464: addNew group-CB4EA96F2AAE:[c1dc816a-002e-4190-8c4b-03368fc83464:192.168.151.103:35476, 03814bdb-c6b3-415d-8615-039e811c0048:192.168.151.103:40137, 513ea752-2bb4-4e9d-94cf-0dce8d7e1b31:192.168.151.103:39440] returns group-CB4EA96F2AAE:java.util.concurrent.CompletableFuture@2347f0e5[Not completed]
2019-09-27 09:23:52,249 [grpc-default-executor-1] INFO  impl.RaftServerProxy (RaftServerProxy.java:addNew(89)) - 513ea752-2bb4-4e9d-94cf-0dce8d7e1b31: addNew group-CB4EA96F2AAE:[c1dc816a-002e-4190-8c4b-03368fc83464:192.168.151.103:35476, 03814bdb-c6b3-415d-8615-039e811c0048:192.168.151.103:40137, 513ea752-2bb4-4e9d-94cf-0dce8d7e1b31:192.168.151.103:39440] returns group-CB4EA96F2AAE:java.util.concurrent.CompletableFuture@5f8f3df7[Not completed]
2019-09-27 09:23:52,250 [pool-587-thread-1] INFO  impl.RaftServerImpl (RaftServerImpl.java:<init>(95)) - 513ea752-2bb4-4e9d-94cf-0dce8d7e1b31: new RaftServerImpl for group-CB4EA96F2AAE:[c1dc816a-002e-4190-8c4b-03368fc83464:192.168.151.103:35476, 03814bdb-c6b3-415d-8615-039e811c0048:192.168.151.103:40137, 513ea752-2bb4-4e9d-94cf-0dce8d7e1b31:192.168.151.103:39440] with ContainerStateMachine:uninitialized
2019-09-27 09:23:52,250 [pool-587-thread-1] INFO  server.RaftServerConfigKeys (ConfUtils.java:logGet(43)) - raft.server.rpc.timeout.min = 1s (custom)
2019-09-27 09:23:52,251 [pool-587-thread-1] INFO  server.RaftServerConfigKeys (ConfUtils.java:logGet(43)) - raft.server.rpc.timeout.max = 1200ms (custom)
2019-09-27 09:23:52,251 [pool-587-thread-1] INFO  server.RaftServerConfigKeys (ConfUtils.java:logGet(43)) - raft.server.rpcslowness.timeout = 120s (custom)
2019-09-27 09:23:52,251 [pool-587-thread-1] INFO  server.RaftServerConfigKeys (ConfUtils.java:logGet(43)) - raft.server.sleep.deviation.threshold = 300 (default)
2019-09-27 09:23:52,251 [pool-587-thread-1] INFO  server.RaftServerConfigKeys (ConfUtils.java:logGet(43)) - raft.server.log.appender.install.snapshot.enabled = false (custom)
2019-09-27 09:23:52,251 [pool-587-thread-1] INFO  impl.RaftServerImpl (ServerState.java:<init>(103)) - 513ea752-2bb4-4e9d-94cf-0dce8d7e1b31@group-CB4EA96F2AAE: ConfigurationManager, init=-1: [c1dc816a-002e-4190-8c4b-03368fc83464:192.168.151.103:35476, 03814bdb-c6b3-415d-8615-039e811c0048:192.168.151.103:40137, 513ea752-2bb4-4e9d-94cf-0dce8d7e1b31:192.168.151.103:39440], old=null, confs=<EMPTY_MAP>
2019-09-27 09:23:52,251 [pool-587-thread-1] INFO  server.RaftServerConfigKeys (ConfUtils.java:logGet(43)) - raft.server.storage.dir = [/workdir/hadoop-ozone/integration-test/target/test-dir/MiniOzoneClusterImpl-398c5316-7398-4fb3-bac3-d05c7117414d/datanode-8/data/ratis] (custom)
2019-09-27 09:23:52,251 [pool-577-thread-1] INFO  impl.RaftServerImpl (RaftServerImpl.java:<init>(95)) - c1dc816a-002e-4190-8c4b-03368fc83464: new RaftServerImpl for group-CB4EA96F2AAE:[c1dc816a-002e-4190-8c4b-03368fc83464:192.168.151.103:35476, 03814bdb-c6b3-415d-8615-039e811c0048:192.168.151.103:40137, 513ea752-2bb4-4e9d-94cf-0dce8d7e1b31:192.168.151.103:39440] with ContainerStateMachine:uninitialized
2019-09-27 09:23:52,251 [pool-587-thread-1] INFO  storage.RaftStorageDirectory (RaftStorageDirectory.java:analyzeStorage(246)) - The storage directory /workdir/hadoop-ozone/integration-test/target/test-dir/MiniOzoneClusterImpl-398c5316-7398-4fb3-bac3-d05c7117414d/datanode-8/data/ratis/8fecde7c-3784-4dd6-a0c1-cb4ea96f2aae does not exist. Creating ...
2019-09-27 09:23:52,251 [pool-537-thread-1] INFO  impl.RaftServerImpl (RaftServerImpl.java:<init>(95)) - 03814bdb-c6b3-415d-8615-039e811c0048: new RaftServerImpl for group-CB4EA96F2AAE:[c1dc816a-002e-4190-8c4b-03368fc83464:192.168.151.103:35476, 03814bdb-c6b3-415d-8615-039e811c0048:192.168.151.103:40137, 513ea752-2bb4-4e9d-94cf-0dce8d7e1b31:192.168.151.103:39440] with ContainerStateMachine:uninitialized
2019-09-27 09:23:52,251 [pool-577-thread-1] INFO  server.RaftServerConfigKeys (ConfUtils.java:logGet(43)) - raft.server.rpc.timeout.min = 1s (custom)
2019-09-27 09:23:52,251 [pool-537-thread-1] INFO  server.RaftServerConfigKeys (ConfUtils.java:logGet(43)) - raft.server.rpc.timeout.min = 1s (custom)
2019-09-27 09:23:52,252 [pool-577-thread-1] INFO  server.RaftServerConfigKeys (ConfUtils.java:logGet(43)) - raft.server.rpc.timeout.max = 1200ms (custom)
2019-09-27 09:23:52,252 [pool-537-thread-1] INFO  server.RaftServerConfigKeys (ConfUtils.java:logGet(43)) - raft.server.rpc.timeout.max = 1200ms (custom)
2019-09-27 09:23:52,252 [pool-577-thread-1] INFO  server.RaftServerConfigKeys (ConfUtils.java:logGet(43)) - raft.server.rpcslowness.timeout = 120s (custom)
2019-09-27 09:23:52,252 [pool-537-thread-1] INFO  server.RaftServerConfigKeys (ConfUtils.java:logGet(43)) - raft.server.rpcslowness.timeout = 120s (custom)
2019-09-27 09:23:52,252 [pool-577-thread-1] INFO  server.RaftServerConfigKeys (ConfUtils.java:logGet(43)) - raft.server.sleep.deviation.threshold = 300 (default)
2019-09-27 09:23:52,252 [pool-537-thread-1] INFO  server.RaftServerConfigKeys (ConfUtils.java:logGet(43)) - raft.server.sleep.deviation.threshold = 300 (default)
2019-09-27 09:23:52,252 [pool-577-thread-1] INFO  server.RaftServerConfigKeys (ConfUtils.java:logGet(43)) - raft.server.log.appender.install.snapshot.enabled = false (custom)
2019-09-27 09:23:52,252 [pool-537-thread-1] INFO  server.RaftServerConfigKeys (ConfUtils.java:logGet(43)) - raft.server.log.appender.install.snapshot.enabled = false (custom)
2019-09-27 09:23:52,252 [pool-577-thread-1] INFO  impl.RaftServerImpl (ServerState.java:<init>(103)) - c1dc816a-002e-4190-8c4b-03368fc83464@group-CB4EA96F2AAE: ConfigurationManager, init=-1: [c1dc816a-002e-4190-8c4b-03368fc83464:192.168.151.103:35476, 03814bdb-c6b3-415d-8615-039e811c0048:192.168.151.103:40137, 513ea752-2bb4-4e9d-94cf-0dce8d7e1b31:192.168.151.103:39440], old=null, confs=<EMPTY_MAP>
2019-09-27 09:23:52,252 [pool-537-thread-1] INFO  impl.RaftServerImpl (ServerState.java:<init>(103)) - 03814bdb-c6b3-415d-8615-039e811c0048@group-CB4EA96F2AAE: ConfigurationManager, init=-1: [c1dc816a-002e-4190-8c4b-03368fc83464:192.168.151.103:35476, 03814bdb-c6b3-415d-8615-039e811c0048:192.168.151.103:40137, 513ea752-2bb4-4e9d-94cf-0dce8d7e1b31:192.168.151.103:39440], old=null, confs=<EMPTY_MAP>
2019-09-27 09:23:52,253 [pool-577-thread-1] INFO  server.RaftServerConfigKeys (ConfUtils.java:logGet(43)) - raft.server.storage.dir = [/workdir/hadoop-ozone/integration-test/target/test-dir/MiniOzoneClusterImpl-398c5316-7398-4fb3-bac3-d05c7117414d/datanode-7/data/ratis] (custom)
2019-09-27 09:23:52,253 [pool-537-thread-1] INFO  server.RaftServerConfigKeys (ConfUtils.java:logGet(43)) - raft.server.storage.dir = [/workdir/hadoop-ozone/integration-test/target/test-dir/MiniOzoneClusterImpl-398c5316-7398-4fb3-bac3-d05c7117414d/datanode-3/data/ratis] (custom)
2019-09-27 09:23:52,253 [pool-537-thread-1] INFO  storage.RaftStorageDirectory (RaftStorageDirectory.java:analyzeStorage(246)) - The storage directory /workdir/hadoop-ozone/integration-test/target/test-dir/MiniOzoneClusterImpl-398c5316-7398-4fb3-bac3-d05c7117414d/datanode-3/data/ratis/8fecde7c-3784-4dd6-a0c1-cb4ea96f2aae does not exist. Creating ...
2019-09-27 09:23:52,253 [pool-577-thread-1] INFO  storage.RaftStorageDirectory (RaftStorageDirectory.java:analyzeStorage(246)) - The storage directory /workdir/hadoop-ozone/integration-test/target/test-dir/MiniOzoneClusterImpl-398c5316-7398-4fb3-bac3-d05c7117414d/datanode-7/data/ratis/8fecde7c-3784-4dd6-a0c1-cb4ea96f2aae does not exist. Creating ...
2019-09-27 09:23:52,265 [pool-537-thread-1] INFO  storage.RaftStorageDirectory (RaftStorageDirectory.java:tryLock(328)) - Lock on /workdir/hadoop-ozone/integration-test/target/test-dir/MiniOzoneClusterImpl-398c5316-7398-4fb3-bac3-d05c7117414d/datanode-3/data/ratis/8fecde7c-3784-4dd6-a0c1-cb4ea96f2aae/in_use.lock acquired by nodename 29571@pr-hdds2162-4fxhj-20988671
2019-09-27 09:23:52,265 [pool-577-thread-1] INFO  storage.RaftStorageDirectory (RaftStorageDirectory.java:tryLock(328)) - Lock on /workdir/hadoop-ozone/integration-test/target/test-dir/MiniOzoneClusterImpl-398c5316-7398-4fb3-bac3-d05c7117414d/datanode-7/data/ratis/8fecde7c-3784-4dd6-a0c1-cb4ea96f2aae/in_use.lock acquired by nodename 29571@pr-hdds2162-4fxhj-20988671
2019-09-27 09:23:52,265 [pool-587-thread-1] INFO  storage.RaftStorageDirectory (RaftStorageDirectory.java:tryLock(328)) - Lock on /workdir/hadoop-ozone/integration-test/target/test-dir/MiniOzoneClusterImpl-398c5316-7398-4fb3-bac3-d05c7117414d/datanode-8/data/ratis/8fecde7c-3784-4dd6-a0c1-cb4ea96f2aae/in_use.lock acquired by nodename 29571@pr-hdds2162-4fxhj-20988671
2019-09-27 09:23:52,278 [pool-587-thread-1] INFO  storage.RaftStorage (RaftStorage.java:format(72)) - Storage directory /workdir/hadoop-ozone/integration-test/target/test-dir/MiniOzoneClusterImpl-398c5316-7398-4fb3-bac3-d05c7117414d/datanode-8/data/ratis/8fecde7c-3784-4dd6-a0c1-cb4ea96f2aae has been successfully formatted.
2019-09-27 09:23:52,279 [pool-577-thread-1] INFO  storage.RaftStorage (RaftStorage.java:format(72)) - Storage directory /workdir/hadoop-ozone/integration-test/target/test-dir/MiniOzoneClusterImpl-398c5316-7398-4fb3-bac3-d05c7117414d/datanode-7/data/ratis/8fecde7c-3784-4dd6-a0c1-cb4ea96f2aae has been successfully formatted.
2019-09-27 09:23:52,278 [pool-537-thread-1] INFO  storage.RaftStorage (RaftStorage.java:format(72)) - Storage directory /workdir/hadoop-ozone/integration-test/target/test-dir/MiniOzoneClusterImpl-398c5316-7398-4fb3-bac3-d05c7117414d/datanode-3/data/ratis/8fecde7c-3784-4dd6-a0c1-cb4ea96f2aae has been successfully formatted.
2019-09-27 09:23:52,279 [pool-587-thread-1] INFO  ratis.ContainerStateMachine (ContainerStateMachine.java:loadSnapshot(230)) - group-CB4EA96F2AAE: The snapshot info is null. Setting the last applied indexto:(t:0, i:~)
2019-09-27 09:23:52,279 [pool-537-thread-1] INFO  ratis.ContainerStateMachine (ContainerStateMachine.java:loadSnapshot(230)) - group-CB4EA96F2AAE: The snapshot info is null. Setting the last applied indexto:(t:0, i:~)
2019-09-27 09:23:52,279 [pool-577-thread-1] INFO  ratis.ContainerStateMachine (ContainerStateMachine.java:loadSnapshot(230)) - group-CB4EA96F2AAE: The snapshot info is null. Setting the last applied indexto:(t:0, i:~)
2019-09-27 09:23:52,279 [pool-537-thread-1] INFO  server.RaftServerConfigKeys (ConfUtils.java:logGet(43)) - raft.server.notification.no-leader.timeout = 120s (custom)
2019-09-27 09:23:52,279 [pool-587-thread-1] INFO  server.RaftServerConfigKeys (ConfUtils.java:logGet(43)) - raft.server.notification.no-leader.timeout = 120s (custom)
2019-09-27 09:23:52,279 [pool-537-thread-1] INFO  server.RaftServerConfigKeys (ConfUtils.java:logGet(43)) - raft.server.log.use.memory = false (default)
2019-09-27 09:23:52,279 [pool-577-thread-1] INFO  server.RaftServerConfigKeys (ConfUtils.java:logGet(43)) - raft.server.notification.no-leader.timeout = 120s (custom)
2019-09-27 09:23:52,279 [pool-537-thread-1] INFO  server.RaftServerConfigKeys (ConfUtils.java:logGet(43)) - raft.server.log.purge.gap = 1000000 (custom)
2019-09-27 09:23:52,279 [pool-587-thread-1] INFO  server.RaftServerConfigKeys (ConfUtils.java:logGet(43)) - raft.server.log.use.memory = false (default)
2019-09-27 09:23:52,280 [pool-537-thread-1] INFO  server.RaftServerConfigKeys (ConfUtils.java:logGet(43)) - raft.server.log.appender.buffer.byte-limit = 33554432 (custom)
2019-09-27 09:23:52,279 [pool-577-thread-1] INFO  server.RaftServerConfigKeys (ConfUtils.java:logGet(43)) - raft.server.log.use.memory = false (default)
2019-09-27 09:23:52,280 [pool-537-thread-1] INFO  server.RaftServerConfigKeys (ConfUtils.java:logGet(43)) - raft.server.log.segment.size.max = 1048576 (custom)
2019-09-27 09:23:52,280 [pool-587-thread-1] INFO  server.RaftServerConfigKeys (ConfUtils.java:logGet(43)) - raft.server.log.purge.gap = 1000000 (custom)
2019-09-27 09:23:52,280 [pool-537-thread-1] INFO  server.RaftServerConfigKeys (ConfUtils.java:logGet(43)) - raft.server.log.segment.cache.num.max = 2 (custom)
2019-09-27 09:23:52,280 [pool-577-thread-1] INFO  server.RaftServerConfigKeys (ConfUtils.java:logGet(43)) - raft.server.log.purge.gap = 1000000 (custom)
2019-09-27 09:23:52,280 [pool-537-thread-1] INFO  segmented.SegmentedRaftLogWorker (SegmentedRaftLogWorker.java:<init>(172)) - new 03814bdb-c6b3-415d-8615-039e811c0048@group-CB4EA96F2AAE-SegmentedRaftLogWorker for RaftStorage:Storage Directory /workdir/hadoop-ozone/integration-test/target/test-dir/MiniOzoneClusterImpl-398c5316-7398-4fb3-bac3-d05c7117414d/datanode-3/data/ratis/8fecde7c-3784-4dd6-a0c1-cb4ea96f2aae
2019-09-27 09:23:52,280 [pool-587-thread-1] INFO  server.RaftServerConfigKeys (ConfUtils.java:logGet(43)) - raft.server.log.appender.buffer.byte-limit = 33554432 (custom)
2019-09-27 09:23:52,280 [pool-537-thread-1] INFO  server.RaftServerConfigKeys (ConfUtils.java:logGet(43)) - raft.server.log.queue.byte-limit = 2147483647 (custom)
2019-09-27 09:23:52,280 [pool-577-thread-1] INFO  server.RaftServerConfigKeys (ConfUtils.java:logGet(43)) - raft.server.log.appender.buffer.byte-limit = 33554432 (custom)
2019-09-27 09:23:52,281 [pool-537-thread-1] INFO  server.RaftServerConfigKeys (ConfUtils.java:logGet(43)) - raft.server.log.queue.element-limit = 1024 (custom)
2019-09-27 09:23:52,281 [pool-587-thread-1] INFO  server.RaftServerConfigKeys (ConfUtils.java:logGet(43)) - raft.server.log.segment.size.max = 1048576 (custom)
2019-09-27 09:23:52,281 [pool-537-thread-1] INFO  server.RaftServerConfigKeys (ConfUtils.java:logGet(43)) - raft.server.log.segment.size.max = 1048576 (custom)
2019-09-27 09:23:52,281 [pool-577-thread-1] INFO  server.RaftServerConfigKeys (ConfUtils.java:logGet(43)) - raft.server.log.segment.size.max = 1048576 (custom)
2019-09-27 09:23:52,281 [pool-537-thread-1] INFO  server.RaftServerConfigKeys (ConfUtils.java:logGet(43)) - raft.server.log.preallocated.size = 16384 (custom)
2019-09-27 09:23:52,281 [pool-587-thread-1] INFO  server.RaftServerConfigKeys (ConfUtils.java:logGet(43)) - raft.server.log.segment.cache.num.max = 2 (custom)
2019-09-27 09:23:52,281 [pool-537-thread-1] INFO  server.RaftServerConfigKeys (ConfUtils.java:logGet(43)) - raft.server.log.write.buffer.size = 33554432 (custom)
2019-09-27 09:23:52,281 [pool-537-thread-1] INFO  server.RaftServerConfigKeys (ConfUtils.java:logGet(43)) - raft.server.log.force.sync.num = 128 (default)
2019-09-27 09:23:52,281 [pool-577-thread-1] INFO  server.RaftServerConfigKeys (ConfUtils.java:logGet(43)) - raft.server.log.segment.cache.num.max = 2 (custom)
2019-09-27 09:23:52,281 [pool-537-thread-1] INFO  server.RaftServerConfigKeys (ConfUtils.java:logGet(43)) - raft.server.log.statemachine.data.sync = true (default)
2019-09-27 09:23:52,282 [pool-537-thread-1] INFO  server.RaftServerConfigKeys (ConfUtils.java:logGet(43)) - raft.server.log.statemachine.data.sync.timeout = 10s (default)
2019-09-27 09:23:52,281 [pool-587-thread-1] INFO  segmented.SegmentedRaftLogWorker (SegmentedRaftLogWorker.java:<init>(172)) - new 513ea752-2bb4-4e9d-94cf-0dce8d7e1b31@group-CB4EA96F2AAE-SegmentedRaftLogWorker for RaftStorage:Storage Directory /workdir/hadoop-ozone/integration-test/target/test-dir/MiniOzoneClusterImpl-398c5316-7398-4fb3-bac3-d05c7117414d/datanode-8/data/ratis/8fecde7c-3784-4dd6-a0c1-cb4ea96f2aae
2019-09-27 09:23:52,282 [pool-537-thread-1] INFO  server.RaftServerConfigKeys (ConfUtils.java:logGet(43)) - raft.server.log.statemachine.data.sync.timeout.retry = -1 (default)
2019-09-27 09:23:52,282 [pool-577-thread-1] INFO  segmented.SegmentedRaftLogWorker (SegmentedRaftLogWorker.java:<init>(172)) - new c1dc816a-002e-4190-8c4b-03368fc83464@group-CB4EA96F2AAE-SegmentedRaftLogWorker for RaftStorage:Storage Directory /workdir/hadoop-ozone/integration-test/target/test-dir/MiniOzoneClusterImpl-398c5316-7398-4fb3-bac3-d05c7117414d/datanode-7/data/ratis/8fecde7c-3784-4dd6-a0c1-cb4ea96f2aae
2019-09-27 09:23:52,282 [pool-537-thread-1] INFO  server.RaftServerConfigKeys (ConfUtils.java:logGet(43)) - raft.server.log.statemachine.data.caching.enabled = true (custom)
2019-09-27 09:23:52,282 [pool-587-thread-1] INFO  server.RaftServerConfigKeys (ConfUtils.java:logGet(43)) - raft.server.log.queue.byte-limit = 2147483647 (custom)
2019-09-27 09:23:52,282 [pool-577-thread-1] INFO  server.RaftServerConfigKeys (ConfUtils.java:logGet(43)) - raft.server.log.queue.byte-limit = 2147483647 (custom)
2019-09-27 09:23:52,282 [pool-537-thread-1] INFO  segmented.SegmentedRaftLogWorker (SegmentedRaftLogWorker.java:lambda$new$0(132)) - 03814bdb-c6b3-415d-8615-039e811c0048@group-CB4EA96F2AAE-SegmentedRaftLogWorker: flushIndex: setUnconditionally 0 -> -1
2019-09-27 09:23:52,282 [pool-587-thread-1] INFO  server.RaftServerConfigKeys (ConfUtils.java:logGet(43)) - raft.server.log.queue.element-limit = 1024 (custom)
2019-09-27 09:23:52,282 [pool-577-thread-1] INFO  server.RaftServerConfigKeys (ConfUtils.java:logGet(43)) - raft.server.log.queue.element-limit = 1024 (custom)
2019-09-27 09:23:52,282 [pool-537-thread-1] INFO  server.RaftServerConfigKeys (ConfUtils.java:logGet(43)) - raft.server.snapshot.auto.trigger.enabled = true (custom)
2019-09-27 09:23:52,282 [pool-587-thread-1] INFO  server.RaftServerConfigKeys (ConfUtils.java:logGet(43)) - raft.server.log.segment.size.max = 1048576 (custom)
2019-09-27 09:23:52,283 [pool-537-thread-1] INFO  server.RaftServerConfigKeys (ConfUtils.java:logGet(43)) - raft.server.snapshot.auto.trigger.threshold = 10000 (custom)
2019-09-27 09:23:52,283 [pool-577-thread-1] INFO  server.RaftServerConfigKeys (ConfUtils.java:logGet(43)) - raft.server.log.segment.size.max = 1048576 (custom)
2019-09-27 09:23:52,283 [pool-537-thread-1] INFO  server.RaftServerConfigKeys (ConfUtils.java:logGet(43)) - raft.server.snapshot.retention.num.files = 5 (custom)
2019-09-27 09:23:52,283 [pool-587-thread-1] INFO  server.RaftServerConfigKeys (ConfUtils.java:logGet(43)) - raft.server.log.preallocated.size = 16384 (custom)
2019-09-27 09:23:52,283 [pool-537-thread-1] INFO  server.RaftServerConfigKeys (ConfUtils.java:logGet(43)) - raft.server.retrycache.expirytime = 600000ms (custom)
2019-09-27 09:23:52,283 [pool-577-thread-1] INFO  server.RaftServerConfigKeys (ConfUtils.java:logGet(43)) - raft.server.log.preallocated.size = 16384 (custom)
2019-09-27 09:23:52,283 [pool-587-thread-1] INFO  server.RaftServerConfigKeys (ConfUtils.java:logGet(43)) - raft.server.log.write.buffer.size = 33554432 (custom)
2019-09-27 09:23:52,283 [pool-577-thread-1] INFO  server.RaftServerConfigKeys (ConfUtils.java:logGet(43)) - raft.server.log.write.buffer.size = 33554432 (custom)
2019-09-27 09:23:52,283 [pool-587-thread-1] INFO  server.RaftServerConfigKeys (ConfUtils.java:logGet(43)) - raft.server.log.force.sync.num = 128 (default)
2019-09-27 09:23:52,283 [pool-577-thread-1] INFO  server.RaftServerConfigKeys (ConfUtils.java:logGet(43)) - raft.server.log.force.sync.num = 128 (default)
2019-09-27 09:23:52,283 [pool-587-thread-1] INFO  server.RaftServerConfigKeys (ConfUtils.java:logGet(43)) - raft.server.log.statemachine.data.sync = true (default)
2019-09-27 09:23:52,283 [pool-577-thread-1] INFO  server.RaftServerConfigKeys (ConfUtils.java:logGet(43)) - raft.server.log.statemachine.data.sync = true (default)
2019-09-27 09:23:52,284 [pool-587-thread-1] INFO  server.RaftServerConfigKeys (ConfUtils.java:logGet(43)) - raft.server.log.statemachine.data.sync.timeout = 10s (default)
2019-09-27 09:23:52,284 [pool-577-thread-1] INFO  server.RaftServerConfigKeys (ConfUtils.java:logGet(43)) - raft.server.log.statemachine.data.sync.timeout = 10s (default)
2019-09-27 09:23:52,284 [pool-587-thread-1] INFO  server.RaftServerConfigKeys (ConfUtils.java:logGet(43)) - raft.server.log.statemachine.data.sync.timeout.retry = -1 (default)
2019-09-27 09:23:52,284 [pool-577-thread-1] INFO  server.RaftServerConfigKeys (ConfUtils.java:logGet(43)) - raft.server.log.statemachine.data.sync.timeout.retry = -1 (default)
2019-09-27 09:23:52,284 [pool-587-thread-1] INFO  server.RaftServerConfigKeys (ConfUtils.java:logGet(43)) - raft.server.log.statemachine.data.caching.enabled = true (custom)
2019-09-27 09:23:52,284 [pool-537-thread-1] INFO  impl.RaftServerImpl (RaftServerImpl.java:start(185)) - 03814bdb-c6b3-415d-8615-039e811c0048@group-CB4EA96F2AAE: start as a follower, conf=-1: [c1dc816a-002e-4190-8c4b-03368fc83464:192.168.151.103:35476, 03814bdb-c6b3-415d-8615-039e811c0048:192.168.151.103:40137, 513ea752-2bb4-4e9d-94cf-0dce8d7e1b31:192.168.151.103:39440], old=null
2019-09-27 09:23:52,284 [pool-577-thread-1] INFO  server.RaftServerConfigKeys (ConfUtils.java:logGet(43)) - raft.server.log.statemachine.data.caching.enabled = true (custom)
2019-09-27 09:23:52,284 [pool-587-thread-1] INFO  segmented.SegmentedRaftLogWorker (SegmentedRaftLogWorker.java:lambda$new$0(132)) - 513ea752-2bb4-4e9d-94cf-0dce8d7e1b31@group-CB4EA96F2AAE-SegmentedRaftLogWorker: flushIndex: setUnconditionally 0 -> -1
2019-09-27 09:23:52,284 [pool-537-thread-1] INFO  impl.RaftServerImpl (RaftServerImpl.java:setRole(174)) - 03814bdb-c6b3-415d-8615-039e811c0048@group-CB4EA96F2AAE: changes role from      null to FOLLOWER at term 0 for startAsFollower
2019-09-27 09:23:52,284 [pool-577-thread-1] INFO  segmented.SegmentedRaftLogWorker (SegmentedRaftLogWorker.java:lambda$new$0(132)) - c1dc816a-002e-4190-8c4b-03368fc83464@group-CB4EA96F2AAE-SegmentedRaftLogWorker: flushIndex: setUnconditionally 0 -> -1
2019-09-27 09:23:52,284 [pool-587-thread-1] INFO  server.RaftServerConfigKeys (ConfUtils.java:logGet(43)) - raft.server.snapshot.auto.trigger.enabled = true (custom)
2019-09-27 09:23:52,284 [pool-537-thread-1] INFO  impl.RoleInfo (RoleInfo.java:updateAndGet(143)) - 03814bdb-c6b3-415d-8615-039e811c0048: start FollowerState
2019-09-27 09:23:52,285 [pool-577-thread-1] INFO  server.RaftServerConfigKeys (ConfUtils.java:logGet(43)) - raft.server.snapshot.auto.trigger.enabled = true (custom)
2019-09-27 09:23:52,285 [pool-587-thread-1] INFO  server.RaftServerConfigKeys (ConfUtils.java:logGet(43)) - raft.server.snapshot.auto.trigger.threshold = 10000 (custom)
2019-09-27 09:23:52,285 [pool-537-thread-1] INFO  util.JmxRegister (JmxRegister.java:tryRegister(44)) - Successfully registered JMX Bean with object name Ratis:service=RaftServer,group=group-CB4EA96F2AAE,id=03814bdb-c6b3-415d-8615-039e811c0048
2019-09-27 09:23:52,285 [pool-577-thread-1] INFO  server.RaftServerConfigKeys (ConfUtils.java:logGet(43)) - raft.server.snapshot.auto.trigger.threshold = 10000 (custom)
2019-09-27 09:23:52,285 [pool-587-thread-1] INFO  server.RaftServerConfigKeys (ConfUtils.java:logGet(43)) - raft.server.snapshot.retention.num.files = 5 (custom)
2019-09-27 09:23:52,285 [pool-577-thread-1] INFO  server.RaftServerConfigKeys (ConfUtils.java:logGet(43)) - raft.server.snapshot.retention.num.files = 5 (custom)
2019-09-27 09:23:52,285 [pool-587-thread-1] INFO  server.RaftServerConfigKeys (ConfUtils.java:logGet(43)) - raft.server.retrycache.expirytime = 600000ms (custom)
2019-09-27 09:23:52,285 [pool-577-thread-1] INFO  server.RaftServerConfigKeys (ConfUtils.java:logGet(43)) - raft.server.retrycache.expirytime = 600000ms (custom)
2019-09-27 09:23:52,291 [pool-587-thread-1] INFO  impl.RaftServerImpl (RaftServerImpl.java:start(185)) - 513ea752-2bb4-4e9d-94cf-0dce8d7e1b31@group-CB4EA96F2AAE: start as a follower, conf=-1: [c1dc816a-002e-4190-8c4b-03368fc83464:192.168.151.103:35476, 03814bdb-c6b3-415d-8615-039e811c0048:192.168.151.103:40137, 513ea752-2bb4-4e9d-94cf-0dce8d7e1b31:192.168.151.103:39440], old=null
2019-09-27 09:23:52,291 [pool-577-thread-1] INFO  impl.RaftServerImpl (RaftServerImpl.java:start(185)) - c1dc816a-002e-4190-8c4b-03368fc83464@group-CB4EA96F2AAE: start as a follower, conf=-1: [c1dc816a-002e-4190-8c4b-03368fc83464:192.168.151.103:35476, 03814bdb-c6b3-415d-8615-039e811c0048:192.168.151.103:40137, 513ea752-2bb4-4e9d-94cf-0dce8d7e1b31:192.168.151.103:39440], old=null
2019-09-27 09:23:52,291 [pool-587-thread-1] INFO  impl.RaftServerImpl (RaftServerImpl.java:setRole(174)) - 513ea752-2bb4-4e9d-94cf-0dce8d7e1b31@group-CB4EA96F2AAE: changes role from      null to FOLLOWER at term 0 for startAsFollower
2019-09-27 09:23:52,291 [pool-577-thread-1] INFO  impl.RaftServerImpl (RaftServerImpl.java:setRole(174)) - c1dc816a-002e-4190-8c4b-03368fc83464@group-CB4EA96F2AAE: changes role from      null to FOLLOWER at term 0 for startAsFollower
2019-09-27 09:23:52,291 [pool-587-thread-1] INFO  impl.RoleInfo (RoleInfo.java:updateAndGet(143)) - 513ea752-2bb4-4e9d-94cf-0dce8d7e1b31: start FollowerState
2019-09-27 09:23:52,291 [pool-577-thread-1] INFO  impl.RoleInfo (RoleInfo.java:updateAndGet(143)) - c1dc816a-002e-4190-8c4b-03368fc83464: start FollowerState
2019-09-27 09:23:52,291 [pool-587-thread-1] INFO  util.JmxRegister (JmxRegister.java:tryRegister(44)) - Successfully registered JMX Bean with object name Ratis:service=RaftServer,group=group-CB4EA96F2AAE,id=513ea752-2bb4-4e9d-94cf-0dce8d7e1b31
2019-09-27 09:23:52,292 [pool-577-thread-1] INFO  util.JmxRegister (JmxRegister.java:tryRegister(44)) - Successfully registered JMX Bean with object name Ratis:service=RaftServer,group=group-CB4EA96F2AAE,id=c1dc816a-002e-4190-8c4b-03368fc83464
2019-09-27 09:23:52,296 [RatisPipelineUtilsThread] INFO  pipeline.PipelineStateManager (PipelineStateManager.java:addPipeline(56)) - Created pipeline Pipeline[ Id: 8fecde7c-3784-4dd6-a0c1-cb4ea96f2aae, Nodes: c1dc816a-002e-4190-8c4b-03368fc83464{ip: 192.168.151.103, host: pr-hdds2162-4fxhj-20988671, networkLocation: /rack1, certSerialId: null}03814bdb-c6b3-415d-8615-039e811c0048{ip: 192.168.151.103, host: pr-hdds2162-4fxhj-20988671, networkLocation: /rack1, certSerialId: null}513ea752-2bb4-4e9d-94cf-0dce8d7e1b31{ip: 192.168.151.103, host: pr-hdds2162-4fxhj-20988671, networkLocation: /rack1, certSerialId: null}, Type:RATIS, Factor:THREE, State:OPEN]
2019-09-27 09:23:52,584 [Thread-8098] INFO  impl.FollowerState (FollowerState.java:run(106)) - 391bbd77-e270-498a-b344-18095c6f1940:group-F55728285A95 changes to CANDIDATE, lastRpcTime:1177, electionTimeout:1177ms
2019-09-27 09:23:52,585 [Thread-8098] INFO  impl.RoleInfo (RoleInfo.java:shutdownFollowerState(121)) - 391bbd77-e270-498a-b344-18095c6f1940: shutdown FollowerState
2019-09-27 09:23:52,585 [Thread-8098] INFO  impl.RaftServerImpl (RaftServerImpl.java:setRole(174)) - 391bbd77-e270-498a-b344-18095c6f1940@group-F55728285A95: changes role from  FOLLOWER to CANDIDATE at term 0 for changeToCandidate
2019-09-27 09:23:52,585 [Thread-8098] INFO  impl.RoleInfo (RoleInfo.java:updateAndGet(143)) - 391bbd77-e270-498a-b344-18095c6f1940: start LeaderElection
2019-09-27 09:23:52,605 [391bbd77-e270-498a-b344-18095c6f1940@group-F55728285A95:LeaderElection130] INFO  impl.LeaderElection (LeaderElection.java:askForVotes(182)) - 391bbd77-e270-498a-b344-18095c6f1940@group-F55728285A95:LeaderElection130: begin an election at term 1 for -1: [391bbd77-e270-498a-b344-18095c6f1940:192.168.151.103:34484], old=null
2019-09-27 09:23:52,605 [391bbd77-e270-498a-b344-18095c6f1940@group-F55728285A95:LeaderElection130] INFO  impl.RoleInfo (RoleInfo.java:shutdownLeaderElection(134)) - 391bbd77-e270-498a-b344-18095c6f1940: shutdown LeaderElection
2019-09-27 09:23:52,606 [391bbd77-e270-498a-b344-18095c6f1940@group-F55728285A95:LeaderElection130] INFO  impl.RaftServerImpl (RaftServerImpl.java:setRole(174)) - 391bbd77-e270-498a-b344-18095c6f1940@group-F55728285A95: changes role from CANDIDATE to LEADER at term 1 for changeToLeader
2019-09-27 09:23:52,606 [391bbd77-e270-498a-b344-18095c6f1940@group-F55728285A95:LeaderElection130] INFO  impl.RaftServerImpl (ServerState.java:setLeader(253)) - 391bbd77-e270-498a-b344-18095c6f1940@group-F55728285A95: change Leader from null to 391bbd77-e270-498a-b344-18095c6f1940 at term 1 for becomeLeader, leader elected after 1205ms
2019-09-27 09:23:52,606 [391bbd77-e270-498a-b344-18095c6f1940@group-F55728285A95:LeaderElection130] INFO  server.RaftServerConfigKeys (ConfUtils.java:logGet(43)) - raft.server.staging.catchup.gap = 1000 (default)
2019-09-27 09:23:52,606 [391bbd77-e270-498a-b344-18095c6f1940@group-F55728285A95:LeaderElection130] INFO  server.RaftServerConfigKeys (ConfUtils.java:logGet(43)) - raft.server.rpc.sleep.time = 25ms (default)
2019-09-27 09:23:52,606 [391bbd77-e270-498a-b344-18095c6f1940@group-F55728285A95:LeaderElection130] INFO  server.RaftServerConfigKeys (ConfUtils.java:logGet(43)) - raft.server.write.element-limit = 4096 (default)
2019-09-27 09:23:52,606 [391bbd77-e270-498a-b344-18095c6f1940@group-F55728285A95:LeaderElection130] INFO  server.RaftServerConfigKeys (ConfUtils.java:logGet(43)) - raft.server.watch.timeout = 10s (default)
2019-09-27 09:23:52,607 [391bbd77-e270-498a-b344-18095c6f1940@group-F55728285A95:LeaderElection130] INFO  server.RaftServerConfigKeys (ConfUtils.java:logGet(43)) - raft.server.watch.timeout.denomination = 1s (default)
2019-09-27 09:23:52,607 [391bbd77-e270-498a-b344-18095c6f1940@group-F55728285A95:LeaderElection130] INFO  server.RaftServerConfigKeys (ConfUtils.java:logGet(43)) - raft.server.watch.element-limit = 65536 (default)
2019-09-27 09:23:52,609 [391bbd77-e270-498a-b344-18095c6f1940@group-F55728285A95:LeaderElection130] INFO  impl.RoleInfo (RoleInfo.java:updateAndGet(143)) - 391bbd77-e270-498a-b344-18095c6f1940: start LeaderState
2019-09-27 09:23:52,609 [391bbd77-e270-498a-b344-18095c6f1940@group-F55728285A95:LeaderElection130] INFO  segmented.SegmentedRaftLogWorker (SegmentedRaftLogWorker.java:startLogSegment(380)) - 391bbd77-e270-498a-b344-18095c6f1940@group-F55728285A95-SegmentedRaftLogWorker: Starting segment from index:0
2019-09-27 09:23:52,610 [391bbd77-e270-498a-b344-18095c6f1940@group-F55728285A95:LeaderElection130] INFO  impl.RaftServerImpl (ServerState.java:setRaftConf(354)) - 391bbd77-e270-498a-b344-18095c6f1940@group-F55728285A95: set configuration 0: [391bbd77-e270-498a-b344-18095c6f1940:192.168.151.103:34484], old=null at 0
2019-09-27 09:23:52,653 [391bbd77-e270-498a-b344-18095c6f1940@group-F55728285A95-SegmentedRaftLogWorker] INFO  segmented.SegmentedRaftLogWorker (SegmentedRaftLogWorker.java:execute(569)) - 391bbd77-e270-498a-b344-18095c6f1940@group-F55728285A95-SegmentedRaftLogWorker: created new log segment /workdir/hadoop-ozone/integration-test/target/test-dir/MiniOzoneClusterImpl-398c5316-7398-4fb3-bac3-d05c7117414d/datanode-0/data/ratis/eb080546-163e-46fb-967a-f55728285a95/current/log_inprogress_0
2019-09-27 09:23:52,679 [Thread-8101] INFO  impl.FollowerState (FollowerState.java:run(106)) - de56bb40-4206-44bb-8a25-0aa735fdda15:group-BD08C385C0FC changes to CANDIDATE, lastRpcTime:1074, electionTimeout:1074ms
2019-09-27 09:23:52,680 [Thread-8101] INFO  impl.RoleInfo (RoleInfo.java:shutdownFollowerState(121)) - de56bb40-4206-44bb-8a25-0aa735fdda15: shutdown FollowerState
2019-09-27 09:23:52,680 [Thread-8101] INFO  impl.RaftServerImpl (RaftServerImpl.java:setRole(174)) - de56bb40-4206-44bb-8a25-0aa735fdda15@group-BD08C385C0FC: changes role from  FOLLOWER to CANDIDATE at term 0 for changeToCandidate
2019-09-27 09:23:52,680 [Thread-8101] INFO  impl.RoleInfo (RoleInfo.java:updateAndGet(143)) - de56bb40-4206-44bb-8a25-0aa735fdda15: start LeaderElection
2019-09-27 09:23:52,689 [Thread-8104] INFO  impl.FollowerState (FollowerState.java:run(106)) - 42a6dc71-468f-4bda-a1ef-3415db0682d5:group-C9BF3ADD7736 changes to CANDIDATE, lastRpcTime:1015, electionTimeout:1015ms
2019-09-27 09:23:52,690 [Thread-8104] INFO  impl.RoleInfo (RoleInfo.java:shutdownFollowerState(121)) - 42a6dc71-468f-4bda-a1ef-3415db0682d5: shutdown FollowerState
2019-09-27 09:23:52,690 [Thread-8104] INFO  impl.RaftServerImpl (RaftServerImpl.java:setRole(174)) - 42a6dc71-468f-4bda-a1ef-3415db0682d5@group-C9BF3ADD7736: changes role from  FOLLOWER to CANDIDATE at term 0 for changeToCandidate
2019-09-27 09:23:52,690 [Thread-8104] INFO  impl.RoleInfo (RoleInfo.java:updateAndGet(143)) - 42a6dc71-468f-4bda-a1ef-3415db0682d5: start LeaderElection
2019-09-27 09:23:52,701 [de56bb40-4206-44bb-8a25-0aa735fdda15@group-BD08C385C0FC:LeaderElection131] INFO  impl.LeaderElection (LeaderElection.java:askForVotes(182)) - de56bb40-4206-44bb-8a25-0aa735fdda15@group-BD08C385C0FC:LeaderElection131: begin an election at term 1 for -1: [de56bb40-4206-44bb-8a25-0aa735fdda15:192.168.151.103:35304], old=null
2019-09-27 09:23:52,701 [42a6dc71-468f-4bda-a1ef-3415db0682d5@group-C9BF3ADD7736:LeaderElection132] INFO  impl.LeaderElection (LeaderElection.java:askForVotes(182)) - 42a6dc71-468f-4bda-a1ef-3415db0682d5@group-C9BF3ADD7736:LeaderElection132: begin an election at term 1 for -1: [42a6dc71-468f-4bda-a1ef-3415db0682d5:192.168.151.103:35261], old=null
2019-09-27 09:23:52,702 [de56bb40-4206-44bb-8a25-0aa735fdda15@group-BD08C385C0FC:LeaderElection131] INFO  impl.RoleInfo (RoleInfo.java:shutdownLeaderElection(134)) - de56bb40-4206-44bb-8a25-0aa735fdda15: shutdown LeaderElection
2019-09-27 09:23:52,702 [42a6dc71-468f-4bda-a1ef-3415db0682d5@group-C9BF3ADD7736:LeaderElection132] INFO  impl.RoleInfo (RoleInfo.java:shutdownLeaderElection(134)) - 42a6dc71-468f-4bda-a1ef-3415db0682d5: shutdown LeaderElection
2019-09-27 09:23:52,702 [de56bb40-4206-44bb-8a25-0aa735fdda15@group-BD08C385C0FC:LeaderElection131] INFO  impl.RaftServerImpl (RaftServerImpl.java:setRole(174)) - de56bb40-4206-44bb-8a25-0aa735fdda15@group-BD08C385C0FC: changes role from CANDIDATE to LEADER at term 1 for changeToLeader
2019-09-27 09:23:52,702 [42a6dc71-468f-4bda-a1ef-3415db0682d5@group-C9BF3ADD7736:LeaderElection132] INFO  impl.RaftServerImpl (RaftServerImpl.java:setRole(174)) - 42a6dc71-468f-4bda-a1ef-3415db0682d5@group-C9BF3ADD7736: changes role from CANDIDATE to LEADER at term 1 for changeToLeader
2019-09-27 09:23:52,702 [de56bb40-4206-44bb-8a25-0aa735fdda15@group-BD08C385C0FC:LeaderElection131] INFO  impl.RaftServerImpl (ServerState.java:setLeader(253)) - de56bb40-4206-44bb-8a25-0aa735fdda15@group-BD08C385C0FC: change Leader from null to de56bb40-4206-44bb-8a25-0aa735fdda15 at term 1 for becomeLeader, leader elected after 1103ms
2019-09-27 09:23:52,702 [42a6dc71-468f-4bda-a1ef-3415db0682d5@group-C9BF3ADD7736:LeaderElection132] INFO  impl.RaftServerImpl (ServerState.java:setLeader(253)) - 42a6dc71-468f-4bda-a1ef-3415db0682d5@group-C9BF3ADD7736: change Leader from null to 42a6dc71-468f-4bda-a1ef-3415db0682d5 at term 1 for becomeLeader, leader elected after 1033ms
2019-09-27 09:23:52,702 [de56bb40-4206-44bb-8a25-0aa735fdda15@group-BD08C385C0FC:LeaderElection131] INFO  server.RaftServerConfigKeys (ConfUtils.java:logGet(43)) - raft.server.staging.catchup.gap = 1000 (default)
2019-09-27 09:23:52,702 [42a6dc71-468f-4bda-a1ef-3415db0682d5@group-C9BF3ADD7736:LeaderElection132] INFO  server.RaftServerConfigKeys (ConfUtils.java:logGet(43)) - raft.server.staging.catchup.gap = 1000 (default)
2019-09-27 09:23:52,702 [de56bb40-4206-44bb-8a25-0aa735fdda15@group-BD08C385C0FC:LeaderElection131] INFO  server.RaftServerConfigKeys (ConfUtils.java:logGet(43)) - raft.server.rpc.sleep.time = 25ms (default)
2019-09-27 09:23:52,702 [42a6dc71-468f-4bda-a1ef-3415db0682d5@group-C9BF3ADD7736:LeaderElection132] INFO  server.RaftServerConfigKeys (ConfUtils.java:logGet(43)) - raft.server.rpc.sleep.time = 25ms (default)
2019-09-27 09:23:52,703 [de56bb40-4206-44bb-8a25-0aa735fdda15@group-BD08C385C0FC:LeaderElection131] INFO  server.RaftServerConfigKeys (ConfUtils.java:logGet(43)) - raft.server.write.element-limit = 4096 (default)
2019-09-27 09:23:52,703 [42a6dc71-468f-4bda-a1ef-3415db0682d5@group-C9BF3ADD7736:LeaderElection132] INFO  server.RaftServerConfigKeys (ConfUtils.java:logGet(43)) - raft.server.write.element-limit = 4096 (default)
2019-09-27 09:23:52,703 [de56bb40-4206-44bb-8a25-0aa735fdda15@group-BD08C385C0FC:LeaderElection131] INFO  server.RaftServerConfigKeys (ConfUtils.java:logGet(43)) - raft.server.watch.timeout = 10s (default)
2019-09-27 09:23:52,703 [42a6dc71-468f-4bda-a1ef-3415db0682d5@group-C9BF3ADD7736:LeaderElection132] INFO  server.RaftServerConfigKeys (ConfUtils.java:logGet(43)) - raft.server.watch.timeout = 10s (default)
2019-09-27 09:23:52,703 [de56bb40-4206-44bb-8a25-0aa735fdda15@group-BD08C385C0FC:LeaderElection131] INFO  server.RaftServerConfigKeys (ConfUtils.java:logGet(43)) - raft.server.watch.timeout.denomination = 1s (default)
2019-09-27 09:23:52,703 [42a6dc71-468f-4bda-a1ef-3415db0682d5@group-C9BF3ADD7736:LeaderElection132] INFO  server.RaftServerConfigKeys (ConfUtils.java:logGet(43)) - raft.server.watch.timeout.denomination = 1s (default)
2019-09-27 09:23:52,703 [de56bb40-4206-44bb-8a25-0aa735fdda15@group-BD08C385C0FC:LeaderElection131] INFO  server.RaftServerConfigKeys (ConfUtils.java:logGet(43)) - raft.server.watch.element-limit = 65536 (default)
2019-09-27 09:23:52,703 [42a6dc71-468f-4bda-a1ef-3415db0682d5@group-C9BF3ADD7736:LeaderElection132] INFO  server.RaftServerConfigKeys (ConfUtils.java:logGet(43)) - raft.server.watch.element-limit = 65536 (default)
2019-09-27 09:23:52,706 [de56bb40-4206-44bb-8a25-0aa735fdda15@group-BD08C385C0FC:LeaderElection131] INFO  impl.RoleInfo (RoleInfo.java:updateAndGet(143)) - de56bb40-4206-44bb-8a25-0aa735fdda15: start LeaderState
2019-09-27 09:23:52,706 [42a6dc71-468f-4bda-a1ef-3415db0682d5@group-C9BF3ADD7736:LeaderElection132] INFO  impl.RoleInfo (RoleInfo.java:updateAndGet(143)) - 42a6dc71-468f-4bda-a1ef-3415db0682d5: start LeaderState
2019-09-27 09:23:52,706 [de56bb40-4206-44bb-8a25-0aa735fdda15@group-BD08C385C0FC:LeaderElection131] INFO  segmented.SegmentedRaftLogWorker (SegmentedRaftLogWorker.java:startLogSegment(380)) - de56bb40-4206-44bb-8a25-0aa735fdda15@group-BD08C385C0FC-SegmentedRaftLogWorker: Starting segment from index:0
2019-09-27 09:23:52,706 [42a6dc71-468f-4bda-a1ef-3415db0682d5@group-C9BF3ADD7736:LeaderElection132] INFO  segmented.SegmentedRaftLogWorker (SegmentedRaftLogWorker.java:startLogSegment(380)) - 42a6dc71-468f-4bda-a1ef-3415db0682d5@group-C9BF3ADD7736-SegmentedRaftLogWorker: Starting segment from index:0
2019-09-27 09:23:52,706 [de56bb40-4206-44bb-8a25-0aa735fdda15@group-BD08C385C0FC:LeaderElection131] INFO  impl.RaftServerImpl (ServerState.java:setRaftConf(354)) - de56bb40-4206-44bb-8a25-0aa735fdda15@group-BD08C385C0FC: set configuration 0: [de56bb40-4206-44bb-8a25-0aa735fdda15:192.168.151.103:35304], old=null at 0
2019-09-27 09:23:52,707 [42a6dc71-468f-4bda-a1ef-3415db0682d5@group-C9BF3ADD7736:LeaderElection132] INFO  impl.RaftServerImpl (ServerState.java:setRaftConf(354)) - 42a6dc71-468f-4bda-a1ef-3415db0682d5@group-C9BF3ADD7736: set configuration 0: [42a6dc71-468f-4bda-a1ef-3415db0682d5:192.168.151.103:35261], old=null at 0
2019-09-27 09:23:52,752 [de56bb40-4206-44bb-8a25-0aa735fdda15@group-BD08C385C0FC-SegmentedRaftLogWorker] INFO  segmented.SegmentedRaftLogWorker (SegmentedRaftLogWorker.java:execute(569)) - de56bb40-4206-44bb-8a25-0aa735fdda15@group-BD08C385C0FC-SegmentedRaftLogWorker: created new log segment /workdir/hadoop-ozone/integration-test/target/test-dir/MiniOzoneClusterImpl-398c5316-7398-4fb3-bac3-d05c7117414d/datanode-1/data/ratis/fa6891c4-fa45-4fcc-a0d9-bd08c385c0fc/current/log_inprogress_0
2019-09-27 09:23:52,752 [42a6dc71-468f-4bda-a1ef-3415db0682d5@group-C9BF3ADD7736-SegmentedRaftLogWorker] INFO  segmented.SegmentedRaftLogWorker (SegmentedRaftLogWorker.java:execute(569)) - 42a6dc71-468f-4bda-a1ef-3415db0682d5@group-C9BF3ADD7736-SegmentedRaftLogWorker: created new log segment /workdir/hadoop-ozone/integration-test/target/test-dir/MiniOzoneClusterImpl-398c5316-7398-4fb3-bac3-d05c7117414d/datanode-2/data/ratis/e08bfde2-ebd3-4993-84c0-c9bf3add7736/current/log_inprogress_0
2019-09-27 09:23:52,815 [Thread-8112] INFO  impl.FollowerState (FollowerState.java:run(106)) - de56bb40-4206-44bb-8a25-0aa735fdda15:group-49BF442FE5BA changes to CANDIDATE, lastRpcTime:1073, electionTimeout:1073ms
2019-09-27 09:23:52,815 [Thread-8112] INFO  impl.RoleInfo (RoleInfo.java:shutdownFollowerState(121)) - de56bb40-4206-44bb-8a25-0aa735fdda15: shutdown FollowerState
2019-09-27 09:23:52,815 [Thread-8112] INFO  impl.RaftServerImpl (RaftServerImpl.java:setRole(174)) - de56bb40-4206-44bb-8a25-0aa735fdda15@group-49BF442FE5BA: changes role from  FOLLOWER to CANDIDATE at term 0 for changeToCandidate
2019-09-27 09:23:52,816 [Thread-8112] INFO  impl.RoleInfo (RoleInfo.java:updateAndGet(143)) - de56bb40-4206-44bb-8a25-0aa735fdda15: start LeaderElection
2019-09-27 09:23:52,825 [Thread-8111] INFO  impl.FollowerState (FollowerState.java:run(106)) - 42a6dc71-468f-4bda-a1ef-3415db0682d5:group-49BF442FE5BA changes to CANDIDATE, lastRpcTime:1083, electionTimeout:1083ms
2019-09-27 09:23:52,825 [Thread-8111] INFO  impl.RoleInfo (RoleInfo.java:shutdownFollowerState(121)) - 42a6dc71-468f-4bda-a1ef-3415db0682d5: shutdown FollowerState
2019-09-27 09:23:52,825 [Thread-8111] INFO  impl.RaftServerImpl (RaftServerImpl.java:setRole(174)) - 42a6dc71-468f-4bda-a1ef-3415db0682d5@group-49BF442FE5BA: changes role from  FOLLOWER to CANDIDATE at term 0 for changeToCandidate
2019-09-27 09:23:52,825 [Thread-8111] INFO  impl.RoleInfo (RoleInfo.java:updateAndGet(143)) - 42a6dc71-468f-4bda-a1ef-3415db0682d5: start LeaderElection
2019-09-27 09:23:52,836 [Thread-8108] INFO  impl.FollowerState (FollowerState.java:run(106)) - 391bbd77-e270-498a-b344-18095c6f1940:group-49BF442FE5BA changes to CANDIDATE, lastRpcTime:1100, electionTimeout:1100ms
2019-09-27 09:23:52,837 [Thread-8108] INFO  impl.RoleInfo (RoleInfo.java:shutdownFollowerState(121)) - 391bbd77-e270-498a-b344-18095c6f1940: shutdown FollowerState
2019-09-27 09:23:52,837 [Thread-8108] INFO  impl.RaftServerImpl (RaftServerImpl.java:setRole(174)) - 391bbd77-e270-498a-b344-18095c6f1940@group-49BF442FE5BA: changes role from  FOLLOWER to CANDIDATE at term 0 for changeToCandidate
2019-09-27 09:23:52,837 [Thread-8108] INFO  impl.RoleInfo (RoleInfo.java:updateAndGet(143)) - 391bbd77-e270-498a-b344-18095c6f1940: start LeaderElection
2019-09-27 09:23:52,843 [42a6dc71-468f-4bda-a1ef-3415db0682d5@group-49BF442FE5BA:LeaderElection134] INFO  impl.LeaderElection (LeaderElection.java:askForVotes(182)) - 42a6dc71-468f-4bda-a1ef-3415db0682d5@group-49BF442FE5BA:LeaderElection134: begin an election at term 1 for -1: [42a6dc71-468f-4bda-a1ef-3415db0682d5:192.168.151.103:35261, de56bb40-4206-44bb-8a25-0aa735fdda15:192.168.151.103:35304, 391bbd77-e270-498a-b344-18095c6f1940:192.168.151.103:34484], old=null
2019-09-27 09:23:52,843 [de56bb40-4206-44bb-8a25-0aa735fdda15@group-49BF442FE5BA:LeaderElection133] INFO  impl.LeaderElection (LeaderElection.java:askForVotes(182)) - de56bb40-4206-44bb-8a25-0aa735fdda15@group-49BF442FE5BA:LeaderElection133: begin an election at term 1 for -1: [42a6dc71-468f-4bda-a1ef-3415db0682d5:192.168.151.103:35261, de56bb40-4206-44bb-8a25-0aa735fdda15:192.168.151.103:35304, 391bbd77-e270-498a-b344-18095c6f1940:192.168.151.103:34484], old=null
2019-09-27 09:23:52,869 [391bbd77-e270-498a-b344-18095c6f1940@group-49BF442FE5BA:LeaderElection135] INFO  impl.LeaderElection (LeaderElection.java:askForVotes(182)) - 391bbd77-e270-498a-b344-18095c6f1940@group-49BF442FE5BA:LeaderElection135: begin an election at term 1 for -1: [42a6dc71-468f-4bda-a1ef-3415db0682d5:192.168.151.103:35261, de56bb40-4206-44bb-8a25-0aa735fdda15:192.168.151.103:35304, 391bbd77-e270-498a-b344-18095c6f1940:192.168.151.103:34484], old=null
2019-09-27 09:23:52,869 [de56bb40-4206-44bb-8a25-0aa735fdda15@group-49BF442FE5BA:LeaderElection133] INFO  impl.LeaderElection (LeaderElection.java:logAndReturn(56)) - de56bb40-4206-44bb-8a25-0aa735fdda15@group-49BF442FE5BA:LeaderElection133: Election REJECTED; received 2 response(s) [de56bb40-4206-44bb-8a25-0aa735fdda15<-42a6dc71-468f-4bda-a1ef-3415db0682d5#0:FAIL-t1, de56bb40-4206-44bb-8a25-0aa735fdda15<-391bbd77-e270-498a-b344-18095c6f1940#0:FAIL-t1] and 0 exception(s); de56bb40-4206-44bb-8a25-0aa735fdda15@group-49BF442FE5BA:t1, leader=null, voted=de56bb40-4206-44bb-8a25-0aa735fdda15, raftlog=de56bb40-4206-44bb-8a25-0aa735fdda15@group-49BF442FE5BA-SegmentedRaftLog:OPENED:c-1,f-1,i0, conf=-1: [42a6dc71-468f-4bda-a1ef-3415db0682d5:192.168.151.103:35261, de56bb40-4206-44bb-8a25-0aa735fdda15:192.168.151.103:35304, 391bbd77-e270-498a-b344-18095c6f1940:192.168.151.103:34484], old=null
2019-09-27 09:23:52,870 [de56bb40-4206-44bb-8a25-0aa735fdda15@group-49BF442FE5BA:LeaderElection133] INFO  impl.RaftServerImpl (RaftServerImpl.java:setRole(174)) - de56bb40-4206-44bb-8a25-0aa735fdda15@group-49BF442FE5BA: changes role from CANDIDATE to FOLLOWER at term 1 for DISCOVERED_A_NEW_TERM
2019-09-27 09:23:52,870 [de56bb40-4206-44bb-8a25-0aa735fdda15@group-49BF442FE5BA:LeaderElection133] INFO  impl.RoleInfo (RoleInfo.java:shutdownLeaderElection(134)) - de56bb40-4206-44bb-8a25-0aa735fdda15: shutdown LeaderElection
2019-09-27 09:23:52,870 [de56bb40-4206-44bb-8a25-0aa735fdda15@group-49BF442FE5BA:LeaderElection133] INFO  impl.RoleInfo (RoleInfo.java:updateAndGet(143)) - de56bb40-4206-44bb-8a25-0aa735fdda15: start FollowerState
2019-09-27 09:23:52,871 [42a6dc71-468f-4bda-a1ef-3415db0682d5@group-49BF442FE5BA:LeaderElection134] INFO  impl.LeaderElection (LeaderElection.java:logAndReturn(56)) - 42a6dc71-468f-4bda-a1ef-3415db0682d5@group-49BF442FE5BA:LeaderElection134: Election REJECTED; received 2 response(s) [42a6dc71-468f-4bda-a1ef-3415db0682d5<-de56bb40-4206-44bb-8a25-0aa735fdda15#0:FAIL-t1, 42a6dc71-468f-4bda-a1ef-3415db0682d5<-391bbd77-e270-498a-b344-18095c6f1940#0:FAIL-t1] and 0 exception(s); 42a6dc71-468f-4bda-a1ef-3415db0682d5@group-49BF442FE5BA:t1, leader=null, voted=42a6dc71-468f-4bda-a1ef-3415db0682d5, raftlog=42a6dc71-468f-4bda-a1ef-3415db0682d5@group-49BF442FE5BA-SegmentedRaftLog:OPENED:c-1,f-1,i0, conf=-1: [42a6dc71-468f-4bda-a1ef-3415db0682d5:192.168.151.103:35261, de56bb40-4206-44bb-8a25-0aa735fdda15:192.168.151.103:35304, 391bbd77-e270-498a-b344-18095c6f1940:192.168.151.103:34484], old=null
2019-09-27 09:23:52,871 [42a6dc71-468f-4bda-a1ef-3415db0682d5@group-49BF442FE5BA:LeaderElection134] INFO  impl.RaftServerImpl (RaftServerImpl.java:setRole(174)) - 42a6dc71-468f-4bda-a1ef-3415db0682d5@group-49BF442FE5BA: changes role from CANDIDATE to FOLLOWER at term 1 for DISCOVERED_A_NEW_TERM
2019-09-27 09:23:52,871 [42a6dc71-468f-4bda-a1ef-3415db0682d5@group-49BF442FE5BA:LeaderElection134] INFO  impl.RoleInfo (RoleInfo.java:shutdownLeaderElection(134)) - 42a6dc71-468f-4bda-a1ef-3415db0682d5: shutdown LeaderElection
2019-09-27 09:23:52,871 [42a6dc71-468f-4bda-a1ef-3415db0682d5@group-49BF442FE5BA:LeaderElection134] INFO  impl.RoleInfo (RoleInfo.java:updateAndGet(143)) - 42a6dc71-468f-4bda-a1ef-3415db0682d5: start FollowerState
2019-09-27 09:23:52,876 [391bbd77-e270-498a-b344-18095c6f1940@group-49BF442FE5BA:LeaderElection135] INFO  impl.LeaderElection (LeaderElection.java:logAndReturn(56)) - 391bbd77-e270-498a-b344-18095c6f1940@group-49BF442FE5BA:LeaderElection135: Election REJECTED; received 2 response(s) [391bbd77-e270-498a-b344-18095c6f1940<-42a6dc71-468f-4bda-a1ef-3415db0682d5#0:FAIL-t1, 391bbd77-e270-498a-b344-18095c6f1940<-de56bb40-4206-44bb-8a25-0aa735fdda15#0:FAIL-t1] and 0 exception(s); 391bbd77-e270-498a-b344-18095c6f1940@group-49BF442FE5BA:t1, leader=null, voted=391bbd77-e270-498a-b344-18095c6f1940, raftlog=391bbd77-e270-498a-b344-18095c6f1940@group-49BF442FE5BA-SegmentedRaftLog:OPENED:c-1,f-1,i0, conf=-1: [42a6dc71-468f-4bda-a1ef-3415db0682d5:192.168.151.103:35261, de56bb40-4206-44bb-8a25-0aa735fdda15:192.168.151.103:35304, 391bbd77-e270-498a-b344-18095c6f1940:192.168.151.103:34484], old=null
2019-09-27 09:23:52,876 [391bbd77-e270-498a-b344-18095c6f1940@group-49BF442FE5BA:LeaderElection135] INFO  impl.RaftServerImpl (RaftServerImpl.java:setRole(174)) - 391bbd77-e270-498a-b344-18095c6f1940@group-49BF442FE5BA: changes role from CANDIDATE to FOLLOWER at term 1 for DISCOVERED_A_NEW_TERM
2019-09-27 09:23:52,877 [391bbd77-e270-498a-b344-18095c6f1940@group-49BF442FE5BA:LeaderElection135] INFO  impl.RoleInfo (RoleInfo.java:shutdownLeaderElection(134)) - 391bbd77-e270-498a-b344-18095c6f1940: shutdown LeaderElection
2019-09-27 09:23:52,877 [391bbd77-e270-498a-b344-18095c6f1940@group-49BF442FE5BA:LeaderElection135] INFO  impl.RoleInfo (RoleInfo.java:updateAndGet(143)) - 391bbd77-e270-498a-b344-18095c6f1940: start FollowerState
2019-09-27 09:23:53,009 [Thread-8116] INFO  impl.FollowerState (FollowerState.java:run(106)) - 923630be-6089-4454-ada8-343910becadd:group-C91C80A27DF2 changes to CANDIDATE, lastRpcTime:1159, electionTimeout:1159ms
2019-09-27 09:23:53,009 [Thread-8116] INFO  impl.RoleInfo (RoleInfo.java:shutdownFollowerState(121)) - 923630be-6089-4454-ada8-343910becadd: shutdown FollowerState
2019-09-27 09:23:53,009 [Thread-8116] INFO  impl.RaftServerImpl (RaftServerImpl.java:setRole(174)) - 923630be-6089-4454-ada8-343910becadd@group-C91C80A27DF2: changes role from  FOLLOWER to CANDIDATE at term 0 for changeToCandidate
2019-09-27 09:23:53,009 [Thread-8116] INFO  impl.RoleInfo (RoleInfo.java:updateAndGet(143)) - 923630be-6089-4454-ada8-343910becadd: start LeaderElection
2019-09-27 09:23:53,037 [Thread-8122] INFO  impl.FollowerState (FollowerState.java:run(106)) - 48a73947-ad36-4a89-bdb8-df91e6dae885:group-2730EFE61A34 changes to CANDIDATE, lastRpcTime:1079, electionTimeout:1079ms
2019-09-27 09:23:53,037 [Thread-8122] INFO  impl.RoleInfo (RoleInfo.java:shutdownFollowerState(121)) - 48a73947-ad36-4a89-bdb8-df91e6dae885: shutdown FollowerState
2019-09-27 09:23:53,037 [Thread-8122] INFO  impl.RaftServerImpl (RaftServerImpl.java:setRole(174)) - 48a73947-ad36-4a89-bdb8-df91e6dae885@group-2730EFE61A34: changes role from  FOLLOWER to CANDIDATE at term 0 for changeToCandidate
2019-09-27 09:23:53,038 [Thread-8122] INFO  impl.RoleInfo (RoleInfo.java:updateAndGet(143)) - 48a73947-ad36-4a89-bdb8-df91e6dae885: start LeaderElection
2019-09-27 09:23:53,053 [923630be-6089-4454-ada8-343910becadd@group-C91C80A27DF2:LeaderElection136] INFO  impl.LeaderElection (LeaderElection.java:askForVotes(182)) - 923630be-6089-4454-ada8-343910becadd@group-C91C80A27DF2:LeaderElection136: begin an election at term 1 for -1: [923630be-6089-4454-ada8-343910becadd:192.168.151.103:41127], old=null
2019-09-27 09:23:53,053 [923630be-6089-4454-ada8-343910becadd@group-C91C80A27DF2:LeaderElection136] INFO  impl.RoleInfo (RoleInfo.java:shutdownLeaderElection(134)) - 923630be-6089-4454-ada8-343910becadd: shutdown LeaderElection
2019-09-27 09:23:53,053 [923630be-6089-4454-ada8-343910becadd@group-C91C80A27DF2:LeaderElection136] INFO  impl.RaftServerImpl (RaftServerImpl.java:setRole(174)) - 923630be-6089-4454-ada8-343910becadd@group-C91C80A27DF2: changes role from CANDIDATE to LEADER at term 1 for changeToLeader
2019-09-27 09:23:53,053 [923630be-6089-4454-ada8-343910becadd@group-C91C80A27DF2:LeaderElection136] INFO  impl.RaftServerImpl (ServerState.java:setLeader(253)) - 923630be-6089-4454-ada8-343910becadd@group-C91C80A27DF2: change Leader from null to 923630be-6089-4454-ada8-343910becadd at term 1 for becomeLeader, leader elected after 1208ms
2019-09-27 09:23:53,053 [923630be-6089-4454-ada8-343910becadd@group-C91C80A27DF2:LeaderElection136] INFO  server.RaftServerConfigKeys (ConfUtils.java:logGet(43)) - raft.server.staging.catchup.gap = 1000 (default)
2019-09-27 09:23:53,053 [923630be-6089-4454-ada8-343910becadd@group-C91C80A27DF2:LeaderElection136] INFO  server.RaftServerConfigKeys (ConfUtils.java:logGet(43)) - raft.server.rpc.sleep.time = 25ms (default)
2019-09-27 09:23:53,054 [923630be-6089-4454-ada8-343910becadd@group-C91C80A27DF2:LeaderElection136] INFO  server.RaftServerConfigKeys (ConfUtils.java:logGet(43)) - raft.server.write.element-limit = 4096 (default)
2019-09-27 09:23:53,054 [923630be-6089-4454-ada8-343910becadd@group-C91C80A27DF2:LeaderElection136] INFO  server.RaftServerConfigKeys (ConfUtils.java:logGet(43)) - raft.server.watch.timeout = 10s (default)
2019-09-27 09:23:53,054 [923630be-6089-4454-ada8-343910becadd@group-C91C80A27DF2:LeaderElection136] INFO  server.RaftServerConfigKeys (ConfUtils.java:logGet(43)) - raft.server.watch.timeout.denomination = 1s (default)
2019-09-27 09:23:53,054 [923630be-6089-4454-ada8-343910becadd@group-C91C80A27DF2:LeaderElection136] INFO  server.RaftServerConfigKeys (ConfUtils.java:logGet(43)) - raft.server.watch.element-limit = 65536 (default)
2019-09-27 09:23:53,055 [48a73947-ad36-4a89-bdb8-df91e6dae885@group-2730EFE61A34:LeaderElection137] INFO  impl.LeaderElection (LeaderElection.java:askForVotes(182)) - 48a73947-ad36-4a89-bdb8-df91e6dae885@group-2730EFE61A34:LeaderElection137: begin an election at term 1 for -1: [48a73947-ad36-4a89-bdb8-df91e6dae885:192.168.151.103:39788], old=null
2019-09-27 09:23:53,055 [48a73947-ad36-4a89-bdb8-df91e6dae885@group-2730EFE61A34:LeaderElection137] INFO  impl.RoleInfo (RoleInfo.java:shutdownLeaderElection(134)) - 48a73947-ad36-4a89-bdb8-df91e6dae885: shutdown LeaderElection
2019-09-27 09:23:53,055 [48a73947-ad36-4a89-bdb8-df91e6dae885@group-2730EFE61A34:LeaderElection137] INFO  impl.RaftServerImpl (RaftServerImpl.java:setRole(174)) - 48a73947-ad36-4a89-bdb8-df91e6dae885@group-2730EFE61A34: changes role from CANDIDATE to LEADER at term 1 for changeToLeader
2019-09-27 09:23:53,055 [48a73947-ad36-4a89-bdb8-df91e6dae885@group-2730EFE61A34:LeaderElection137] INFO  impl.RaftServerImpl (ServerState.java:setLeader(253)) - 48a73947-ad36-4a89-bdb8-df91e6dae885@group-2730EFE61A34: change Leader from null to 48a73947-ad36-4a89-bdb8-df91e6dae885 at term 1 for becomeLeader, leader elected after 1105ms
2019-09-27 09:23:53,055 [48a73947-ad36-4a89-bdb8-df91e6dae885@group-2730EFE61A34:LeaderElection137] INFO  server.RaftServerConfigKeys (ConfUtils.java:logGet(43)) - raft.server.staging.catchup.gap = 1000 (default)
2019-09-27 09:23:53,056 [48a73947-ad36-4a89-bdb8-df91e6dae885@group-2730EFE61A34:LeaderElection137] INFO  server.RaftServerConfigKeys (ConfUtils.java:logGet(43)) - raft.server.rpc.sleep.time = 25ms (default)
2019-09-27 09:23:53,056 [48a73947-ad36-4a89-bdb8-df91e6dae885@group-2730EFE61A34:LeaderElection137] INFO  server.RaftServerConfigKeys (ConfUtils.java:logGet(43)) - raft.server.write.element-limit = 4096 (default)
2019-09-27 09:23:53,056 [923630be-6089-4454-ada8-343910becadd@group-C91C80A27DF2:LeaderElection136] INFO  impl.RoleInfo (RoleInfo.java:updateAndGet(143)) - 923630be-6089-4454-ada8-343910becadd: start LeaderState
2019-09-27 09:23:53,056 [48a73947-ad36-4a89-bdb8-df91e6dae885@group-2730EFE61A34:LeaderElection137] INFO  server.RaftServerConfigKeys (ConfUtils.java:logGet(43)) - raft.server.watch.timeout = 10s (default)
2019-09-27 09:23:53,056 [48a73947-ad36-4a89-bdb8-df91e6dae885@group-2730EFE61A34:LeaderElection137] INFO  server.RaftServerConfigKeys (ConfUtils.java:logGet(43)) - raft.server.watch.timeout.denomination = 1s (default)
2019-09-27 09:23:53,056 [923630be-6089-4454-ada8-343910becadd@group-C91C80A27DF2:LeaderElection136] INFO  segmented.SegmentedRaftLogWorker (SegmentedRaftLogWorker.java:startLogSegment(380)) - 923630be-6089-4454-ada8-343910becadd@group-C91C80A27DF2-SegmentedRaftLogWorker: Starting segment from index:0
2019-09-27 09:23:53,057 [48a73947-ad36-4a89-bdb8-df91e6dae885@group-2730EFE61A34:LeaderElection137] INFO  server.RaftServerConfigKeys (ConfUtils.java:logGet(43)) - raft.server.watch.element-limit = 65536 (default)
2019-09-27 09:23:53,057 [923630be-6089-4454-ada8-343910becadd@group-C91C80A27DF2:LeaderElection136] INFO  impl.RaftServerImpl (ServerState.java:setRaftConf(354)) - 923630be-6089-4454-ada8-343910becadd@group-C91C80A27DF2: set configuration 0: [923630be-6089-4454-ada8-343910becadd:192.168.151.103:41127], old=null at 0
2019-09-27 09:23:53,058 [main] INFO  ipc.Client (Client.java:handleConnectionFailure(948)) - Retrying connect to server: localhost/127.0.0.1:0. Already tried 0 time(s); retry policy is RetryUpToMaximumCountWithFixedSleep(maxRetries=10, sleepTime=1000 MILLISECONDS)
2019-09-27 09:23:53,059 [48a73947-ad36-4a89-bdb8-df91e6dae885@group-2730EFE61A34:LeaderElection137] INFO  impl.RoleInfo (RoleInfo.java:updateAndGet(143)) - 48a73947-ad36-4a89-bdb8-df91e6dae885: start LeaderState
2019-09-27 09:23:53,059 [48a73947-ad36-4a89-bdb8-df91e6dae885@group-2730EFE61A34:LeaderElection137] INFO  segmented.SegmentedRaftLogWorker (SegmentedRaftLogWorker.java:startLogSegment(380)) - 48a73947-ad36-4a89-bdb8-df91e6dae885@group-2730EFE61A34-SegmentedRaftLogWorker: Starting segment from index:0
2019-09-27 09:23:53,059 [Thread-8125] INFO  impl.FollowerState (FollowerState.java:run(106)) - c1dc816a-002e-4190-8c4b-03368fc83464:group-A1934EB41010 changes to CANDIDATE, lastRpcTime:1053, electionTimeout:1053ms
2019-09-27 09:23:53,059 [48a73947-ad36-4a89-bdb8-df91e6dae885@group-2730EFE61A34:LeaderElection137] INFO  impl.RaftServerImpl (ServerState.java:setRaftConf(354)) - 48a73947-ad36-4a89-bdb8-df91e6dae885@group-2730EFE61A34: set configuration 0: [48a73947-ad36-4a89-bdb8-df91e6dae885:192.168.151.103:39788], old=null at 0
2019-09-27 09:23:53,059 [Thread-8125] INFO  impl.RoleInfo (RoleInfo.java:shutdownFollowerState(121)) - c1dc816a-002e-4190-8c4b-03368fc83464: shutdown FollowerState
2019-09-27 09:23:53,629 [Thread-8152] INFO  impl.FollowerState (FollowerState.java:run(106)) - c1dc816a-002e-4190-8c4b-03368fc83464:group-CB4EA96F2AAE changes to CANDIDATE, lastRpcTime:1328, electionTimeout:1114ms
2019-09-27 09:23:53,634 [Thread-8132] WARN  util.JavaUtils (JavaUtils.java:sleep(250)) - Unexpected long sleep: sleep(1098ms) actually took 1526ms which is over the threshold 300ms
2019-09-27 09:23:53,634 [Thread-8135] WARN  util.JavaUtils (JavaUtils.java:sleep(250)) - Unexpected long sleep: sleep(1098ms) actually took 1480ms which is over the threshold 300ms
2019-09-27 09:23:53,634 [Thread-8139] WARN  util.JavaUtils (JavaUtils.java:sleep(250)) - Unexpected long sleep: sleep(1034ms) actually took 1406ms which is over the threshold 300ms
2019-09-27 09:23:53,634 [Thread-8128] WARN  util.JavaUtils (JavaUtils.java:sleep(250)) - Unexpected long sleep: sleep(1181ms) actually took 1569ms which is over the threshold 300ms
2019-09-27 09:23:53,629 [Thread-8125] INFO  impl.RaftServerImpl (RaftServerImpl.java:setRole(174)) - c1dc816a-002e-4190-8c4b-03368fc83464@group-A1934EB41010: changes role from  FOLLOWER to CANDIDATE at term 0 for changeToCandidate
2019-09-27 09:23:53,629 [Thread-8147] INFO  impl.FollowerState (FollowerState.java:run(106)) - 03814bdb-c6b3-415d-8615-039e811c0048:group-CB4EA96F2AAE changes to CANDIDATE, lastRpcTime:1335, electionTimeout:1080ms
2019-09-27 09:23:53,629 [Thread-8144] INFO  impl.FollowerState (FollowerState.java:run(106)) - 48a73947-ad36-4a89-bdb8-df91e6dae885:group-827F9F9FA464 changes to CANDIDATE, lastRpcTime:1398, electionTimeout:1122ms
2019-09-27 09:23:53,629 [Thread-8142] INFO  impl.FollowerState (FollowerState.java:run(106)) - 923630be-6089-4454-ada8-343910becadd:group-827F9F9FA464 changes to CANDIDATE, lastRpcTime:1400, electionTimeout:1157ms
2019-09-27 09:23:53,629 [Thread-8151] INFO  impl.FollowerState (FollowerState.java:run(106)) - 513ea752-2bb4-4e9d-94cf-0dce8d7e1b31:group-CB4EA96F2AAE changes to CANDIDATE, lastRpcTime:1328, electionTimeout:1065ms
2019-09-27 09:23:53,640 [Thread-8125] INFO  impl.RoleInfo (RoleInfo.java:updateAndGet(143)) - c1dc816a-002e-4190-8c4b-03368fc83464: start LeaderElection
2019-09-27 09:23:53,656 [Thread-8152] INFO  impl.RoleInfo (RoleInfo.java:shutdownFollowerState(121)) - c1dc816a-002e-4190-8c4b-03368fc83464: shutdown FollowerState
2019-09-27 09:23:53,656 [Thread-8152] INFO  impl.RaftServerImpl (RaftServerImpl.java:setRole(174)) - c1dc816a-002e-4190-8c4b-03368fc83464@group-CB4EA96F2AAE: changes role from  FOLLOWER to CANDIDATE at term 0 for changeToCandidate
2019-09-27 09:23:53,657 [923630be-6089-4454-ada8-343910becadd@group-C91C80A27DF2-SegmentedRaftLogWorker] INFO  segmented.SegmentedRaftLogWorker (SegmentedRaftLogWorker.java:execute(569)) - 923630be-6089-4454-ada8-343910becadd@group-C91C80A27DF2-SegmentedRaftLogWorker: created new log segment /workdir/hadoop-ozone/integration-test/target/test-dir/MiniOzoneClusterImpl-398c5316-7398-4fb3-bac3-d05c7117414d/datanode-5/data/ratis/63f85690-0591-4060-b93a-c91c80a27df2/current/log_inprogress_0
2019-09-27 09:23:53,669 [Thread-8119] WARN  util.JavaUtils (JavaUtils.java:sleep(250)) - Unexpected long sleep: sleep(1197ms) actually took 1715ms which is over the threshold 300ms
2019-09-27 09:23:53,669 [Thread-8152] INFO  impl.RoleInfo (RoleInfo.java:updateAndGet(143)) - c1dc816a-002e-4190-8c4b-03368fc83464: start LeaderElection
2019-09-27 09:23:53,669 [Thread-8142] INFO  impl.RoleInfo (RoleInfo.java:shutdownFollowerState(121)) - 923630be-6089-4454-ada8-343910becadd: shutdown FollowerState
2019-09-27 09:23:53,669 [Thread-8144] INFO  impl.RoleInfo (RoleInfo.java:shutdownFollowerState(121)) - 48a73947-ad36-4a89-bdb8-df91e6dae885: shutdown FollowerState
2019-09-27 09:23:53,670 [Thread-8142] INFO  impl.RaftServerImpl (RaftServerImpl.java:setRole(174)) - 923630be-6089-4454-ada8-343910becadd@group-827F9F9FA464: changes role from  FOLLOWER to CANDIDATE at term 0 for changeToCandidate
2019-09-27 09:23:53,670 [Thread-8144] INFO  impl.RaftServerImpl (RaftServerImpl.java:setRole(174)) - 48a73947-ad36-4a89-bdb8-df91e6dae885@group-827F9F9FA464: changes role from  FOLLOWER to CANDIDATE at term 0 for changeToCandidate
2019-09-27 09:23:53,675 [Thread-8147] INFO  impl.RoleInfo (RoleInfo.java:shutdownFollowerState(121)) - 03814bdb-c6b3-415d-8615-039e811c0048: shutdown FollowerState
2019-09-27 09:23:53,675 [Thread-8144] INFO  impl.RoleInfo (RoleInfo.java:updateAndGet(143)) - 48a73947-ad36-4a89-bdb8-df91e6dae885: start LeaderElection
2019-09-27 09:23:53,675 [Thread-8142] INFO  impl.RoleInfo (RoleInfo.java:updateAndGet(143)) - 923630be-6089-4454-ada8-343910becadd: start LeaderElection
2019-09-27 09:23:53,675 [Thread-8147] INFO  impl.RaftServerImpl (RaftServerImpl.java:setRole(174)) - 03814bdb-c6b3-415d-8615-039e811c0048@group-CB4EA96F2AAE: changes role from  FOLLOWER to CANDIDATE at term 0 for changeToCandidate
2019-09-27 09:23:53,711 [Thread-8147] INFO  impl.RoleInfo (RoleInfo.java:updateAndGet(143)) - 03814bdb-c6b3-415d-8615-039e811c0048: start LeaderElection
2019-09-27 09:23:53,714 [Thread-8151] INFO  impl.RoleInfo (RoleInfo.java:shutdownFollowerState(121)) - 513ea752-2bb4-4e9d-94cf-0dce8d7e1b31: shutdown FollowerState
2019-09-27 09:23:53,714 [Thread-8151] INFO  impl.RaftServerImpl (RaftServerImpl.java:setRole(174)) - 513ea752-2bb4-4e9d-94cf-0dce8d7e1b31@group-CB4EA96F2AAE: changes role from  FOLLOWER to CANDIDATE at term 0 for changeToCandidate
2019-09-27 09:23:53,720 [Thread-8151] INFO  impl.RoleInfo (RoleInfo.java:updateAndGet(143)) - 513ea752-2bb4-4e9d-94cf-0dce8d7e1b31: start LeaderElection
2019-09-27 09:23:53,727 [48a73947-ad36-4a89-bdb8-df91e6dae885@group-2730EFE61A34-SegmentedRaftLogWorker] INFO  segmented.SegmentedRaftLogWorker (SegmentedRaftLogWorker.java:execute(569)) - 48a73947-ad36-4a89-bdb8-df91e6dae885@group-2730EFE61A34-SegmentedRaftLogWorker: created new log segment /workdir/hadoop-ozone/integration-test/target/test-dir/MiniOzoneClusterImpl-398c5316-7398-4fb3-bac3-d05c7117414d/datanode-6/data/ratis/ff766e26-1630-4a88-854e-2730efe61a34/current/log_inprogress_0
2019-09-27 09:23:53,761 [c1dc816a-002e-4190-8c4b-03368fc83464@group-A1934EB41010:LeaderElection138] INFO  impl.LeaderElection (LeaderElection.java:askForVotes(182)) - c1dc816a-002e-4190-8c4b-03368fc83464@group-A1934EB41010:LeaderElection138: begin an election at term 1 for -1: [c1dc816a-002e-4190-8c4b-03368fc83464:192.168.151.103:35476], old=null
2019-09-27 09:23:53,761 [c1dc816a-002e-4190-8c4b-03368fc83464@group-CB4EA96F2AAE:LeaderElection139] INFO  impl.LeaderElection (LeaderElection.java:askForVotes(182)) - c1dc816a-002e-4190-8c4b-03368fc83464@group-CB4EA96F2AAE:LeaderElection139: begin an election at term 1 for -1: [c1dc816a-002e-4190-8c4b-03368fc83464:192.168.151.103:35476, 03814bdb-c6b3-415d-8615-039e811c0048:192.168.151.103:40137, 513ea752-2bb4-4e9d-94cf-0dce8d7e1b31:192.168.151.103:39440], old=null
2019-09-27 09:23:53,762 [c1dc816a-002e-4190-8c4b-03368fc83464@group-A1934EB41010:LeaderElection138] INFO  impl.RoleInfo (RoleInfo.java:shutdownLeaderElection(134)) - c1dc816a-002e-4190-8c4b-03368fc83464: shutdown LeaderElection
2019-09-27 09:23:53,762 [c1dc816a-002e-4190-8c4b-03368fc83464@group-A1934EB41010:LeaderElection138] INFO  impl.RaftServerImpl (RaftServerImpl.java:setRole(174)) - c1dc816a-002e-4190-8c4b-03368fc83464@group-A1934EB41010: changes role from CANDIDATE to LEADER at term 1 for changeToLeader
2019-09-27 09:23:53,762 [c1dc816a-002e-4190-8c4b-03368fc83464@group-A1934EB41010:LeaderElection138] INFO  impl.RaftServerImpl (ServerState.java:setLeader(253)) - c1dc816a-002e-4190-8c4b-03368fc83464@group-A1934EB41010: change Leader from null to c1dc816a-002e-4190-8c4b-03368fc83464 at term 1 for becomeLeader, leader elected after 1761ms
2019-09-27 09:23:53,762 [c1dc816a-002e-4190-8c4b-03368fc83464@group-A1934EB41010:LeaderElection138] INFO  server.RaftServerConfigKeys (ConfUtils.java:logGet(43)) - raft.server.staging.catchup.gap = 1000 (default)
2019-09-27 09:23:53,762 [c1dc816a-002e-4190-8c4b-03368fc83464@group-A1934EB41010:LeaderElection138] INFO  server.RaftServerConfigKeys (ConfUtils.java:logGet(43)) - raft.server.rpc.sleep.time = 25ms (default)
2019-09-27 09:23:53,767 [c1dc816a-002e-4190-8c4b-03368fc83464@group-A1934EB41010:LeaderElection138] INFO  server.RaftServerConfigKeys (ConfUtils.java:logGet(43)) - raft.server.write.element-limit = 4096 (default)
2019-09-27 09:23:53,767 [c1dc816a-002e-4190-8c4b-03368fc83464@group-A1934EB41010:LeaderElection138] INFO  server.RaftServerConfigKeys (ConfUtils.java:logGet(43)) - raft.server.watch.timeout = 10s (default)
2019-09-27 09:23:53,772 [c1dc816a-002e-4190-8c4b-03368fc83464@group-A1934EB41010:LeaderElection138] INFO  server.RaftServerConfigKeys (ConfUtils.java:logGet(43)) - raft.server.watch.timeout.denomination = 1s (default)
2019-09-27 09:23:53,772 [c1dc816a-002e-4190-8c4b-03368fc83464@group-A1934EB41010:LeaderElection138] INFO  server.RaftServerConfigKeys (ConfUtils.java:logGet(43)) - raft.server.watch.element-limit = 65536 (default)
2019-09-27 09:23:53,775 [03814bdb-c6b3-415d-8615-039e811c0048@group-CB4EA96F2AAE:LeaderElection142] INFO  impl.LeaderElection (LeaderElection.java:askForVotes(182)) - 03814bdb-c6b3-415d-8615-039e811c0048@group-CB4EA96F2AAE:LeaderElection142: begin an election at term 1 for -1: [c1dc816a-002e-4190-8c4b-03368fc83464:192.168.151.103:35476, 03814bdb-c6b3-415d-8615-039e811c0048:192.168.151.103:40137, 513ea752-2bb4-4e9d-94cf-0dce8d7e1b31:192.168.151.103:39440], old=null
2019-09-27 09:23:53,775 [48a73947-ad36-4a89-bdb8-df91e6dae885@group-827F9F9FA464:LeaderElection141] INFO  impl.LeaderElection (LeaderElection.java:askForVotes(182)) - 48a73947-ad36-4a89-bdb8-df91e6dae885@group-827F9F9FA464:LeaderElection141: begin an election at term 1 for -1: [923630be-6089-4454-ada8-343910becadd:192.168.151.103:41127, 48a73947-ad36-4a89-bdb8-df91e6dae885:192.168.151.103:39788, 002bed63-9761-4b9f-9eba-a6bdbdfe34b9:192.168.151.103:43508], old=null
2019-09-27 09:23:53,775 [923630be-6089-4454-ada8-343910becadd@group-827F9F9FA464:LeaderElection140] INFO  impl.LeaderElection (LeaderElection.java:askForVotes(182)) - 923630be-6089-4454-ada8-343910becadd@group-827F9F9FA464:LeaderElection140: begin an election at term 1 for -1: [923630be-6089-4454-ada8-343910becadd:192.168.151.103:41127, 48a73947-ad36-4a89-bdb8-df91e6dae885:192.168.151.103:39788, 002bed63-9761-4b9f-9eba-a6bdbdfe34b9:192.168.151.103:43508], old=null
2019-09-27 09:23:53,775 [513ea752-2bb4-4e9d-94cf-0dce8d7e1b31@group-CB4EA96F2AAE:LeaderElection143] INFO  impl.LeaderElection (LeaderElection.java:askForVotes(182)) - 513ea752-2bb4-4e9d-94cf-0dce8d7e1b31@group-CB4EA96F2AAE:LeaderElection143: begin an election at term 1 for -1: [c1dc816a-002e-4190-8c4b-03368fc83464:192.168.151.103:35476, 03814bdb-c6b3-415d-8615-039e811c0048:192.168.151.103:40137, 513ea752-2bb4-4e9d-94cf-0dce8d7e1b31:192.168.151.103:39440], old=null
2019-09-27 09:23:53,835 [c1dc816a-002e-4190-8c4b-03368fc83464@group-A1934EB41010:LeaderElection138] INFO  impl.RoleInfo (RoleInfo.java:updateAndGet(143)) - c1dc816a-002e-4190-8c4b-03368fc83464: start LeaderState
2019-09-27 09:23:53,835 [c1dc816a-002e-4190-8c4b-03368fc83464@group-A1934EB41010:LeaderElection138] INFO  segmented.SegmentedRaftLogWorker (SegmentedRaftLogWorker.java:startLogSegment(380)) - c1dc816a-002e-4190-8c4b-03368fc83464@group-A1934EB41010-SegmentedRaftLogWorker: Starting segment from index:0
2019-09-27 09:23:53,860 [c1dc816a-002e-4190-8c4b-03368fc83464@group-A1934EB41010:LeaderElection138] INFO  impl.RaftServerImpl (ServerState.java:setRaftConf(354)) - c1dc816a-002e-4190-8c4b-03368fc83464@group-A1934EB41010: set configuration 0: [c1dc816a-002e-4190-8c4b-03368fc83464:192.168.151.103:35476], old=null at 0
2019-09-27 09:23:53,910 [513ea752-2bb4-4e9d-94cf-0dce8d7e1b31@group-CB4EA96F2AAE:LeaderElection143] INFO  impl.LeaderElection (LeaderElection.java:logAndReturn(56)) - 513ea752-2bb4-4e9d-94cf-0dce8d7e1b31@group-CB4EA96F2AAE:LeaderElection143: Election REJECTED; received 2 response(s) [513ea752-2bb4-4e9d-94cf-0dce8d7e1b31<-c1dc816a-002e-4190-8c4b-03368fc83464#0:FAIL-t1, 513ea752-2bb4-4e9d-94cf-0dce8d7e1b31<-03814bdb-c6b3-415d-8615-039e811c0048#0:FAIL-t1] and 0 exception(s); 513ea752-2bb4-4e9d-94cf-0dce8d7e1b31@group-CB4EA96F2AAE:t1, leader=null, voted=513ea752-2bb4-4e9d-94cf-0dce8d7e1b31, raftlog=513ea752-2bb4-4e9d-94cf-0dce8d7e1b31@group-CB4EA96F2AAE-SegmentedRaftLog:OPENED:c-1,f-1,i0, conf=-1: [c1dc816a-002e-4190-8c4b-03368fc83464:192.168.151.103:35476, 03814bdb-c6b3-415d-8615-039e811c0048:192.168.151.103:40137, 513ea752-2bb4-4e9d-94cf-0dce8d7e1b31:192.168.151.103:39440], old=null
2019-09-27 09:23:53,910 [513ea752-2bb4-4e9d-94cf-0dce8d7e1b31@group-CB4EA96F2AAE:LeaderElection143] INFO  impl.RaftServerImpl (RaftServerImpl.java:setRole(174)) - 513ea752-2bb4-4e9d-94cf-0dce8d7e1b31@group-CB4EA96F2AAE: changes role from CANDIDATE to FOLLOWER at term 1 for DISCOVERED_A_NEW_TERM
2019-09-27 09:23:53,910 [513ea752-2bb4-4e9d-94cf-0dce8d7e1b31@group-CB4EA96F2AAE:LeaderElection143] INFO  impl.RoleInfo (RoleInfo.java:shutdownLeaderElection(134)) - 513ea752-2bb4-4e9d-94cf-0dce8d7e1b31: shutdown LeaderElection
2019-09-27 09:23:53,911 [513ea752-2bb4-4e9d-94cf-0dce8d7e1b31@group-CB4EA96F2AAE:LeaderElection143] INFO  impl.RoleInfo (RoleInfo.java:updateAndGet(143)) - 513ea752-2bb4-4e9d-94cf-0dce8d7e1b31: start FollowerState
2019-09-27 09:23:53,924 [c1dc816a-002e-4190-8c4b-03368fc83464@group-A1934EB41010-SegmentedRaftLogWorker] INFO  segmented.SegmentedRaftLogWorker (SegmentedRaftLogWorker.java:execute(569)) - c1dc816a-002e-4190-8c4b-03368fc83464@group-A1934EB41010-SegmentedRaftLogWorker: created new log segment /workdir/hadoop-ozone/integration-test/target/test-dir/MiniOzoneClusterImpl-398c5316-7398-4fb3-bac3-d05c7117414d/datanode-7/data/ratis/45d93359-06d0-42f8-860a-a1934eb41010/current/log_inprogress_0
2019-09-27 09:23:53,931 [Thread-8170] INFO  impl.FollowerState (FollowerState.java:run(106)) - de56bb40-4206-44bb-8a25-0aa735fdda15:group-49BF442FE5BA changes to CANDIDATE, lastRpcTime:1053, electionTimeout:1047ms
2019-09-27 09:23:53,940 [Thread-8172] INFO  impl.FollowerState (FollowerState.java:run(106)) - 391bbd77-e270-498a-b344-18095c6f1940:group-49BF442FE5BA changes to CANDIDATE, lastRpcTime:1058, electionTimeout:1049ms
2019-09-27 09:23:53,949 [Thread-8170] INFO  impl.RoleInfo (RoleInfo.java:shutdownFollowerState(121)) - de56bb40-4206-44bb-8a25-0aa735fdda15: shutdown FollowerState
2019-09-27 09:23:53,949 [grpc-default-executor-0] INFO  impl.RaftServerImpl (RaftServerImpl.java:setRole(174)) - 002bed63-9761-4b9f-9eba-a6bdbdfe34b9@group-827F9F9FA464: changes role from  FOLLOWER to FOLLOWER at term 1 for recognizeCandidate:48a73947-ad36-4a89-bdb8-df91e6dae885
2019-09-27 09:23:53,949 [Thread-8170] INFO  impl.RaftServerImpl (RaftServerImpl.java:setRole(174)) - de56bb40-4206-44bb-8a25-0aa735fdda15@group-49BF442FE5BA: changes role from  FOLLOWER to CANDIDATE at term 1 for changeToCandidate
2019-09-27 09:23:53,962 [grpc-default-executor-0] INFO  impl.RoleInfo (RoleInfo.java:shutdownFollowerState(121)) - 002bed63-9761-4b9f-9eba-a6bdbdfe34b9: shutdown FollowerState
2019-09-27 09:23:53,963 [grpc-default-executor-0] INFO  impl.RoleInfo (RoleInfo.java:updateAndGet(143)) - 002bed63-9761-4b9f-9eba-a6bdbdfe34b9: start FollowerState
2019-09-27 09:23:53,962 [Thread-8172] INFO  impl.RoleInfo (RoleInfo.java:shutdownFollowerState(121)) - 391bbd77-e270-498a-b344-18095c6f1940: shutdown FollowerState
2019-09-27 09:23:53,962 [Thread-8170] INFO  impl.RoleInfo (RoleInfo.java:updateAndGet(143)) - de56bb40-4206-44bb-8a25-0aa735fdda15: start LeaderElection
2019-09-27 09:23:53,963 [Thread-8172] INFO  impl.RaftServerImpl (RaftServerImpl.java:setRole(174)) - 391bbd77-e270-498a-b344-18095c6f1940@group-49BF442FE5BA: changes role from  FOLLOWER to CANDIDATE at term 1 for changeToCandidate
2019-09-27 09:23:53,963 [Thread-8139] INFO  impl.FollowerState (FollowerState.java:run(115)) - 002bed63-9761-4b9f-9eba-a6bdbdfe34b9: FollowerState was interrupted: java.lang.InterruptedException: sleep interrupted
2019-09-27 09:23:53,967 [Thread-8172] INFO  impl.RoleInfo (RoleInfo.java:updateAndGet(143)) - 391bbd77-e270-498a-b344-18095c6f1940: start LeaderElection
2019-09-27 09:23:53,967 [03814bdb-c6b3-415d-8615-039e811c0048@group-CB4EA96F2AAE:LeaderElection142] INFO  impl.LeaderElection (LeaderElection.java:logAndReturn(56)) - 03814bdb-c6b3-415d-8615-039e811c0048@group-CB4EA96F2AAE:LeaderElection142: Election REJECTED; received 2 response(s) [03814bdb-c6b3-415d-8615-039e811c0048<-c1dc816a-002e-4190-8c4b-03368fc83464#0:FAIL-t1, 03814bdb-c6b3-415d-8615-039e811c0048<-513ea752-2bb4-4e9d-94cf-0dce8d7e1b31#0:FAIL-t1] and 0 exception(s); 03814bdb-c6b3-415d-8615-039e811c0048@group-CB4EA96F2AAE:t1, leader=null, voted=03814bdb-c6b3-415d-8615-039e811c0048, raftlog=03814bdb-c6b3-415d-8615-039e811c0048@group-CB4EA96F2AAE-SegmentedRaftLog:OPENED:c-1,f-1,i0, conf=-1: [c1dc816a-002e-4190-8c4b-03368fc83464:192.168.151.103:35476, 03814bdb-c6b3-415d-8615-039e811c0048:192.168.151.103:40137, 513ea752-2bb4-4e9d-94cf-0dce8d7e1b31:192.168.151.103:39440], old=null
2019-09-27 09:23:53,974 [c1dc816a-002e-4190-8c4b-03368fc83464@group-CB4EA96F2AAE:LeaderElection139] INFO  impl.LeaderElection (LeaderElection.java:logAndReturn(56)) - c1dc816a-002e-4190-8c4b-03368fc83464@group-CB4EA96F2AAE:LeaderElection139: Election REJECTED; received 2 response(s) [c1dc816a-002e-4190-8c4b-03368fc83464<-03814bdb-c6b3-415d-8615-039e811c0048#0:FAIL-t1, c1dc816a-002e-4190-8c4b-03368fc83464<-513ea752-2bb4-4e9d-94cf-0dce8d7e1b31#0:FAIL-t1] and 0 exception(s); c1dc816a-002e-4190-8c4b-03368fc83464@group-CB4EA96F2AAE:t1, leader=null, voted=c1dc816a-002e-4190-8c4b-03368fc83464, raftlog=c1dc816a-002e-4190-8c4b-03368fc83464@group-CB4EA96F2AAE-SegmentedRaftLog:OPENED:c-1,f-1,i0, conf=-1: [c1dc816a-002e-4190-8c4b-03368fc83464:192.168.151.103:35476, 03814bdb-c6b3-415d-8615-039e811c0048:192.168.151.103:40137, 513ea752-2bb4-4e9d-94cf-0dce8d7e1b31:192.168.151.103:39440], old=null
2019-09-27 09:23:53,975 [c1dc816a-002e-4190-8c4b-03368fc83464@group-CB4EA96F2AAE:LeaderElection139] INFO  impl.RaftServerImpl (RaftServerImpl.java:setRole(174)) - c1dc816a-002e-4190-8c4b-03368fc83464@group-CB4EA96F2AAE: changes role from CANDIDATE to FOLLOWER at term 1 for DISCOVERED_A_NEW_TERM
2019-09-27 09:23:53,975 [c1dc816a-002e-4190-8c4b-03368fc83464@group-CB4EA96F2AAE:LeaderElection139] INFO  impl.RoleInfo (RoleInfo.java:shutdownLeaderElection(134)) - c1dc816a-002e-4190-8c4b-03368fc83464: shutdown LeaderElection
2019-09-27 09:23:53,978 [c1dc816a-002e-4190-8c4b-03368fc83464@group-CB4EA96F2AAE:LeaderElection139] INFO  impl.RoleInfo (RoleInfo.java:updateAndGet(143)) - c1dc816a-002e-4190-8c4b-03368fc83464: start FollowerState
2019-09-27 09:23:53,978 [03814bdb-c6b3-415d-8615-039e811c0048@group-CB4EA96F2AAE:LeaderElection142] INFO  impl.RaftServerImpl (RaftServerImpl.java:setRole(174)) - 03814bdb-c6b3-415d-8615-039e811c0048@group-CB4EA96F2AAE: changes role from CANDIDATE to FOLLOWER at term 1 for DISCOVERED_A_NEW_TERM
2019-09-27 09:23:53,979 [03814bdb-c6b3-415d-8615-039e811c0048@group-CB4EA96F2AAE:LeaderElection142] INFO  impl.RoleInfo (RoleInfo.java:shutdownLeaderElection(134)) - 03814bdb-c6b3-415d-8615-039e811c0048: shutdown LeaderElection
2019-09-27 09:23:53,991 [03814bdb-c6b3-415d-8615-039e811c0048@group-CB4EA96F2AAE:LeaderElection142] INFO  impl.RoleInfo (RoleInfo.java:updateAndGet(143)) - 03814bdb-c6b3-415d-8615-039e811c0048: start FollowerState
2019-09-27 09:23:53,991 [48a73947-ad36-4a89-bdb8-df91e6dae885@group-827F9F9FA464:LeaderElection141] INFO  impl.LeaderElection (LeaderElection.java:logAndReturn(56)) - 48a73947-ad36-4a89-bdb8-df91e6dae885@group-827F9F9FA464:LeaderElection141: Election PASSED; received 2 response(s) [48a73947-ad36-4a89-bdb8-df91e6dae885<-923630be-6089-4454-ada8-343910becadd#0:FAIL-t1, 48a73947-ad36-4a89-bdb8-df91e6dae885<-002bed63-9761-4b9f-9eba-a6bdbdfe34b9#0:OK-t1] and 0 exception(s); 48a73947-ad36-4a89-bdb8-df91e6dae885@group-827F9F9FA464:t1, leader=null, voted=48a73947-ad36-4a89-bdb8-df91e6dae885, raftlog=48a73947-ad36-4a89-bdb8-df91e6dae885@group-827F9F9FA464-SegmentedRaftLog:OPENED:c-1,f-1,i0, conf=-1: [923630be-6089-4454-ada8-343910becadd:192.168.151.103:41127, 48a73947-ad36-4a89-bdb8-df91e6dae885:192.168.151.103:39788, 002bed63-9761-4b9f-9eba-a6bdbdfe34b9:192.168.151.103:43508], old=null
2019-09-27 09:23:54,001 [923630be-6089-4454-ada8-343910becadd@group-827F9F9FA464:LeaderElection140] INFO  impl.LeaderElection (LeaderElection.java:logAndReturn(56)) - 923630be-6089-4454-ada8-343910becadd@group-827F9F9FA464:LeaderElection140: Election REJECTED; received 2 response(s) [923630be-6089-4454-ada8-343910becadd<-48a73947-ad36-4a89-bdb8-df91e6dae885#0:FAIL-t1, 923630be-6089-4454-ada8-343910becadd<-002bed63-9761-4b9f-9eba-a6bdbdfe34b9#0:FAIL-t1] and 0 exception(s); 923630be-6089-4454-ada8-343910becadd@group-827F9F9FA464:t1, leader=null, voted=923630be-6089-4454-ada8-343910becadd, raftlog=923630be-6089-4454-ada8-343910becadd@group-827F9F9FA464-SegmentedRaftLog:OPENED:c-1,f-1,i0, conf=-1: [923630be-6089-4454-ada8-343910becadd:192.168.151.103:41127, 48a73947-ad36-4a89-bdb8-df91e6dae885:192.168.151.103:39788, 002bed63-9761-4b9f-9eba-a6bdbdfe34b9:192.168.151.103:43508], old=null
2019-09-27 09:23:54,002 [48a73947-ad36-4a89-bdb8-df91e6dae885@group-827F9F9FA464:LeaderElection141] INFO  impl.RoleInfo (RoleInfo.java:shutdownLeaderElection(134)) - 48a73947-ad36-4a89-bdb8-df91e6dae885: shutdown LeaderElection
2019-09-27 09:23:54,002 [923630be-6089-4454-ada8-343910becadd@group-827F9F9FA464:LeaderElection140] INFO  impl.RaftServerImpl (RaftServerImpl.java:setRole(174)) - 923630be-6089-4454-ada8-343910becadd@group-827F9F9FA464: changes role from CANDIDATE to FOLLOWER at term 1 for DISCOVERED_A_NEW_TERM
2019-09-27 09:23:54,002 [923630be-6089-4454-ada8-343910becadd@group-827F9F9FA464:LeaderElection140] INFO  impl.RoleInfo (RoleInfo.java:shutdownLeaderElection(134)) - 923630be-6089-4454-ada8-343910becadd: shutdown LeaderElection
2019-09-27 09:23:54,002 [48a73947-ad36-4a89-bdb8-df91e6dae885@group-827F9F9FA464:LeaderElection141] INFO  impl.RaftServerImpl (RaftServerImpl.java:setRole(174)) - 48a73947-ad36-4a89-bdb8-df91e6dae885@group-827F9F9FA464: changes role from CANDIDATE to LEADER at term 1 for changeToLeader
2019-09-27 09:23:54,002 [923630be-6089-4454-ada8-343910becadd@group-827F9F9FA464:LeaderElection140] INFO  impl.RoleInfo (RoleInfo.java:updateAndGet(143)) - 923630be-6089-4454-ada8-343910becadd: start FollowerState
2019-09-27 09:23:54,002 [48a73947-ad36-4a89-bdb8-df91e6dae885@group-827F9F9FA464:LeaderElection141] INFO  impl.RaftServerImpl (ServerState.java:setLeader(253)) - 48a73947-ad36-4a89-bdb8-df91e6dae885@group-827F9F9FA464: change Leader from null to 48a73947-ad36-4a89-bdb8-df91e6dae885 at term 1 for becomeLeader, leader elected after 1795ms
2019-09-27 09:23:54,002 [48a73947-ad36-4a89-bdb8-df91e6dae885@group-827F9F9FA464:LeaderElection141] INFO  server.RaftServerConfigKeys (ConfUtils.java:logGet(43)) - raft.server.staging.catchup.gap = 1000 (default)
2019-09-27 09:23:54,002 [48a73947-ad36-4a89-bdb8-df91e6dae885@group-827F9F9FA464:LeaderElection141] INFO  server.RaftServerConfigKeys (ConfUtils.java:logGet(43)) - raft.server.rpc.sleep.time = 25ms (default)
2019-09-27 09:23:54,010 [48a73947-ad36-4a89-bdb8-df91e6dae885@group-827F9F9FA464:LeaderElection141] INFO  server.RaftServerConfigKeys (ConfUtils.java:logGet(43)) - raft.server.write.element-limit = 4096 (default)
2019-09-27 09:23:54,022 [48a73947-ad36-4a89-bdb8-df91e6dae885@group-827F9F9FA464:LeaderElection141] INFO  server.RaftServerConfigKeys (ConfUtils.java:logGet(43)) - raft.server.watch.timeout = 10s (default)
2019-09-27 09:23:54,022 [391bbd77-e270-498a-b344-18095c6f1940@group-49BF442FE5BA:LeaderElection145] INFO  impl.LeaderElection (LeaderElection.java:askForVotes(182)) - 391bbd77-e270-498a-b344-18095c6f1940@group-49BF442FE5BA:LeaderElection145: begin an election at term 2 for -1: [42a6dc71-468f-4bda-a1ef-3415db0682d5:192.168.151.103:35261, de56bb40-4206-44bb-8a25-0aa735fdda15:192.168.151.103:35304, 391bbd77-e270-498a-b344-18095c6f1940:192.168.151.103:34484], old=null
2019-09-27 09:23:54,022 [de56bb40-4206-44bb-8a25-0aa735fdda15@group-49BF442FE5BA:LeaderElection144] INFO  impl.LeaderElection (LeaderElection.java:askForVotes(182)) - de56bb40-4206-44bb-8a25-0aa735fdda15@group-49BF442FE5BA:LeaderElection144: begin an election at term 2 for -1: [42a6dc71-468f-4bda-a1ef-3415db0682d5:192.168.151.103:35261, de56bb40-4206-44bb-8a25-0aa735fdda15:192.168.151.103:35304, 391bbd77-e270-498a-b344-18095c6f1940:192.168.151.103:34484], old=null
2019-09-27 09:23:54,022 [48a73947-ad36-4a89-bdb8-df91e6dae885@group-827F9F9FA464:LeaderElection141] INFO  server.RaftServerConfigKeys (ConfUtils.java:logGet(43)) - raft.server.watch.timeout.denomination = 1s (default)
2019-09-27 09:23:54,022 [48a73947-ad36-4a89-bdb8-df91e6dae885@group-827F9F9FA464:LeaderElection141] INFO  server.RaftServerConfigKeys (ConfUtils.java:logGet(43)) - raft.server.watch.element-limit = 65536 (default)
2019-09-27 09:23:54,026 [Thread-8171] INFO  impl.FollowerState (FollowerState.java:run(106)) - 42a6dc71-468f-4bda-a1ef-3415db0682d5:group-49BF442FE5BA changes to CANDIDATE, lastRpcTime:1154, electionTimeout:1153ms
2019-09-27 09:23:54,079 [main] INFO  ipc.Client (Client.java:handleConnectionFailure(948)) - Retrying connect to server: localhost/127.0.0.1:0. Already tried 1 time(s); retry policy is RetryUpToMaximumCountWithFixedSleep(maxRetries=10, sleepTime=1000 MILLISECONDS)
2019-09-27 09:23:54,080 [Thread-8171] INFO  impl.RoleInfo (RoleInfo.java:shutdownFollowerState(121)) - 42a6dc71-468f-4bda-a1ef-3415db0682d5: shutdown FollowerState
2019-09-27 09:23:54,080 [Thread-8171] INFO  impl.RaftServerImpl (RaftServerImpl.java:setRole(174)) - 42a6dc71-468f-4bda-a1ef-3415db0682d5@group-49BF442FE5BA: changes role from  FOLLOWER to CANDIDATE at term 1 for changeToCandidate
2019-09-27 09:23:54,080 [Thread-8171] INFO  impl.RoleInfo (RoleInfo.java:updateAndGet(143)) - 42a6dc71-468f-4bda-a1ef-3415db0682d5: start LeaderElection
2019-09-27 09:23:54,083 [48a73947-ad36-4a89-bdb8-df91e6dae885@group-827F9F9FA464:LeaderElection141] INFO  server.RaftServerConfigKeys (ConfUtils.java:logGet(43)) - raft.server.log.appender.snapshot.chunk.size.max = 16MB (=16777216) (default)
2019-09-27 09:23:54,085 [48a73947-ad36-4a89-bdb8-df91e6dae885@group-827F9F9FA464:LeaderElection141] INFO  server.RaftServerConfigKeys (ConfUtils.java:logGet(43)) - raft.server.log.appender.buffer.byte-limit = 33554432 (custom)
2019-09-27 09:23:54,085 [48a73947-ad36-4a89-bdb8-df91e6dae885@group-827F9F9FA464:LeaderElection141] INFO  server.RaftServerConfigKeys (ConfUtils.java:logGet(43)) - raft.server.log.appender.buffer.element-limit = 1 (custom)
2019-09-27 09:23:54,085 [48a73947-ad36-4a89-bdb8-df91e6dae885@group-827F9F9FA464:LeaderElection141] INFO  grpc.GrpcConfigKeys$Server (ConfUtils.java:logGet(43)) - raft.grpc.server.leader.outstanding.appends.max = 128 (default)
2019-09-27 09:23:54,086 [48a73947-ad36-4a89-bdb8-df91e6dae885@group-827F9F9FA464:LeaderElection141] INFO  server.RaftServerConfigKeys (ConfUtils.java:logGet(43)) - raft.server.rpc.request.timeout = 3000ms (default)
2019-09-27 09:23:54,086 [48a73947-ad36-4a89-bdb8-df91e6dae885@group-827F9F9FA464:LeaderElection141] INFO  server.RaftServerConfigKeys (ConfUtils.java:logGet(43)) - raft.server.log.appender.install.snapshot.enabled = false (custom)
2019-09-27 09:23:54,086 [48a73947-ad36-4a89-bdb8-df91e6dae885@group-827F9F9FA464:LeaderElection141] INFO  server.RaftServerConfigKeys (ConfUtils.java:logGet(43)) - raft.server.log.appender.snapshot.chunk.size.max = 16MB (=16777216) (default)
2019-09-27 09:23:54,086 [48a73947-ad36-4a89-bdb8-df91e6dae885@group-827F9F9FA464:LeaderElection141] INFO  server.RaftServerConfigKeys (ConfUtils.java:logGet(43)) - raft.server.log.appender.buffer.byte-limit = 33554432 (custom)
2019-09-27 09:23:54,086 [48a73947-ad36-4a89-bdb8-df91e6dae885@group-827F9F9FA464:LeaderElection141] INFO  server.RaftServerConfigKeys (ConfUtils.java:logGet(43)) - raft.server.log.appender.buffer.element-limit = 1 (custom)
2019-09-27 09:23:54,086 [48a73947-ad36-4a89-bdb8-df91e6dae885@group-827F9F9FA464:LeaderElection141] INFO  grpc.GrpcConfigKeys$Server (ConfUtils.java:logGet(43)) - raft.grpc.server.leader.outstanding.appends.max = 128 (default)
2019-09-27 09:23:54,086 [48a73947-ad36-4a89-bdb8-df91e6dae885@group-827F9F9FA464:LeaderElection141] INFO  server.RaftServerConfigKeys (ConfUtils.java:logGet(43)) - raft.server.rpc.request.timeout = 3000ms (default)
2019-09-27 09:23:54,086 [48a73947-ad36-4a89-bdb8-df91e6dae885@group-827F9F9FA464:LeaderElection141] INFO  server.RaftServerConfigKeys (ConfUtils.java:logGet(43)) - raft.server.log.appender.install.snapshot.enabled = false (custom)
2019-09-27 09:23:54,087 [48a73947-ad36-4a89-bdb8-df91e6dae885@group-827F9F9FA464:LeaderElection141] INFO  impl.RoleInfo (RoleInfo.java:updateAndGet(143)) - 48a73947-ad36-4a89-bdb8-df91e6dae885: start LeaderState
2019-09-27 09:23:54,087 [48a73947-ad36-4a89-bdb8-df91e6dae885@group-827F9F9FA464:LeaderElection141] INFO  segmented.SegmentedRaftLogWorker (SegmentedRaftLogWorker.java:startLogSegment(380)) - 48a73947-ad36-4a89-bdb8-df91e6dae885@group-827F9F9FA464-SegmentedRaftLogWorker: Starting segment from index:0
2019-09-27 09:23:54,087 [48a73947-ad36-4a89-bdb8-df91e6dae885@group-827F9F9FA464:LeaderElection141] INFO  impl.RaftServerImpl (ServerState.java:setRaftConf(354)) - 48a73947-ad36-4a89-bdb8-df91e6dae885@group-827F9F9FA464: set configuration 0: [923630be-6089-4454-ada8-343910becadd:192.168.151.103:41127, 48a73947-ad36-4a89-bdb8-df91e6dae885:192.168.151.103:39788, 002bed63-9761-4b9f-9eba-a6bdbdfe34b9:192.168.151.103:43508], old=null at 0
2019-09-27 09:23:54,088 [grpc-default-executor-3] INFO  impl.RaftServerImpl (ServerState.java:setLeader(253)) - 923630be-6089-4454-ada8-343910becadd@group-827F9F9FA464: change Leader from null to 48a73947-ad36-4a89-bdb8-df91e6dae885 at term 1 for appendEntries, leader elected after 1881ms
2019-09-27 09:23:54,088 [grpc-default-executor-0] INFO  impl.RaftServerImpl (ServerState.java:setLeader(253)) - 002bed63-9761-4b9f-9eba-a6bdbdfe34b9@group-827F9F9FA464: change Leader from null to 48a73947-ad36-4a89-bdb8-df91e6dae885 at term 1 for appendEntries, leader elected after 1881ms
2019-09-27 09:23:54,090 [grpc-default-executor-3] INFO  impl.RaftServerImpl (ServerState.java:setRaftConf(354)) - 002bed63-9761-4b9f-9eba-a6bdbdfe34b9@group-827F9F9FA464: set configuration 0: [923630be-6089-4454-ada8-343910becadd:192.168.151.103:41127, 48a73947-ad36-4a89-bdb8-df91e6dae885:192.168.151.103:39788, 002bed63-9761-4b9f-9eba-a6bdbdfe34b9:192.168.151.103:43508], old=null at 0
2019-09-27 09:23:54,090 [grpc-default-executor-0] INFO  impl.RaftServerImpl (ServerState.java:setRaftConf(354)) - 923630be-6089-4454-ada8-343910becadd@group-827F9F9FA464: set configuration 0: [923630be-6089-4454-ada8-343910becadd:192.168.151.103:41127, 48a73947-ad36-4a89-bdb8-df91e6dae885:192.168.151.103:39788, 002bed63-9761-4b9f-9eba-a6bdbdfe34b9:192.168.151.103:43508], old=null at 0
2019-09-27 09:23:54,090 [grpc-default-executor-3] INFO  segmented.SegmentedRaftLogWorker (SegmentedRaftLogWorker.java:startLogSegment(380)) - 002bed63-9761-4b9f-9eba-a6bdbdfe34b9@group-827F9F9FA464-SegmentedRaftLogWorker: Starting segment from index:0
2019-09-27 09:23:54,091 [grpc-default-executor-0] INFO  segmented.SegmentedRaftLogWorker (SegmentedRaftLogWorker.java:startLogSegment(380)) - 923630be-6089-4454-ada8-343910becadd@group-827F9F9FA464-SegmentedRaftLogWorker: Starting segment from index:0
2019-09-27 09:23:54,098 [42a6dc71-468f-4bda-a1ef-3415db0682d5@group-49BF442FE5BA:LeaderElection146] INFO  impl.LeaderElection (LeaderElection.java:askForVotes(182)) - 42a6dc71-468f-4bda-a1ef-3415db0682d5@group-49BF442FE5BA:LeaderElection146: begin an election at term 2 for -1: [42a6dc71-468f-4bda-a1ef-3415db0682d5:192.168.151.103:35261, de56bb40-4206-44bb-8a25-0aa735fdda15:192.168.151.103:35304, 391bbd77-e270-498a-b344-18095c6f1940:192.168.151.103:34484], old=null
2019-09-27 09:23:54,099 [de56bb40-4206-44bb-8a25-0aa735fdda15@group-49BF442FE5BA:LeaderElection144] INFO  impl.LeaderElection (LeaderElection.java:logAndReturn(56)) - de56bb40-4206-44bb-8a25-0aa735fdda15@group-49BF442FE5BA:LeaderElection144: Election REJECTED; received 2 response(s) [de56bb40-4206-44bb-8a25-0aa735fdda15<-42a6dc71-468f-4bda-a1ef-3415db0682d5#0:FAIL-t2, de56bb40-4206-44bb-8a25-0aa735fdda15<-391bbd77-e270-498a-b344-18095c6f1940#0:FAIL-t2] and 0 exception(s); de56bb40-4206-44bb-8a25-0aa735fdda15@group-49BF442FE5BA:t2, leader=null, voted=de56bb40-4206-44bb-8a25-0aa735fdda15, raftlog=de56bb40-4206-44bb-8a25-0aa735fdda15@group-49BF442FE5BA-SegmentedRaftLog:OPENED:c-1,f-1,i0, conf=-1: [42a6dc71-468f-4bda-a1ef-3415db0682d5:192.168.151.103:35261, de56bb40-4206-44bb-8a25-0aa735fdda15:192.168.151.103:35304, 391bbd77-e270-498a-b344-18095c6f1940:192.168.151.103:34484], old=null
2019-09-27 09:23:54,099 [de56bb40-4206-44bb-8a25-0aa735fdda15@group-49BF442FE5BA:LeaderElection144] INFO  impl.RaftServerImpl (RaftServerImpl.java:setRole(174)) - de56bb40-4206-44bb-8a25-0aa735fdda15@group-49BF442FE5BA: changes role from CANDIDATE to FOLLOWER at term 2 for DISCOVERED_A_NEW_TERM
2019-09-27 09:23:54,099 [de56bb40-4206-44bb-8a25-0aa735fdda15@group-49BF442FE5BA:LeaderElection144] INFO  impl.RoleInfo (RoleInfo.java:shutdownLeaderElection(134)) - de56bb40-4206-44bb-8a25-0aa735fdda15: shutdown LeaderElection
2019-09-27 09:23:54,099 [391bbd77-e270-498a-b344-18095c6f1940@group-49BF442FE5BA:LeaderElection145] INFO  impl.LeaderElection (LeaderElection.java:logAndReturn(56)) - 391bbd77-e270-498a-b344-18095c6f1940@group-49BF442FE5BA:LeaderElection145: Election REJECTED; received 2 response(s) [391bbd77-e270-498a-b344-18095c6f1940<-42a6dc71-468f-4bda-a1ef-3415db0682d5#0:FAIL-t2, 391bbd77-e270-498a-b344-18095c6f1940<-de56bb40-4206-44bb-8a25-0aa735fdda15#0:FAIL-t2] and 0 exception(s); 391bbd77-e270-498a-b344-18095c6f1940@group-49BF442FE5BA:t2, leader=null, voted=391bbd77-e270-498a-b344-18095c6f1940, raftlog=391bbd77-e270-498a-b344-18095c6f1940@group-49BF442FE5BA-SegmentedRaftLog:OPENED:c-1,f-1,i0, conf=-1: [42a6dc71-468f-4bda-a1ef-3415db0682d5:192.168.151.103:35261, de56bb40-4206-44bb-8a25-0aa735fdda15:192.168.151.103:35304, 391bbd77-e270-498a-b344-18095c6f1940:192.168.151.103:34484], old=null
2019-09-27 09:23:54,100 [de56bb40-4206-44bb-8a25-0aa735fdda15@group-49BF442FE5BA:LeaderElection144] INFO  impl.RoleInfo (RoleInfo.java:updateAndGet(143)) - de56bb40-4206-44bb-8a25-0aa735fdda15: start FollowerState
2019-09-27 09:23:54,100 [391bbd77-e270-498a-b344-18095c6f1940@group-49BF442FE5BA:LeaderElection145] INFO  impl.RaftServerImpl (RaftServerImpl.java:setRole(174)) - 391bbd77-e270-498a-b344-18095c6f1940@group-49BF442FE5BA: changes role from CANDIDATE to FOLLOWER at term 2 for DISCOVERED_A_NEW_TERM
2019-09-27 09:23:54,100 [391bbd77-e270-498a-b344-18095c6f1940@group-49BF442FE5BA:LeaderElection145] INFO  impl.RoleInfo (RoleInfo.java:shutdownLeaderElection(134)) - 391bbd77-e270-498a-b344-18095c6f1940: shutdown LeaderElection
2019-09-27 09:23:54,100 [391bbd77-e270-498a-b344-18095c6f1940@group-49BF442FE5BA:LeaderElection145] INFO  impl.RoleInfo (RoleInfo.java:updateAndGet(143)) - 391bbd77-e270-498a-b344-18095c6f1940: start FollowerState
2019-09-27 09:23:54,100 [42a6dc71-468f-4bda-a1ef-3415db0682d5@group-49BF442FE5BA:LeaderElection146] INFO  impl.LeaderElection (LeaderElection.java:logAndReturn(56)) - 42a6dc71-468f-4bda-a1ef-3415db0682d5@group-49BF442FE5BA:LeaderElection146: Election REJECTED; received 2 response(s) [42a6dc71-468f-4bda-a1ef-3415db0682d5<-de56bb40-4206-44bb-8a25-0aa735fdda15#0:FAIL-t2, 42a6dc71-468f-4bda-a1ef-3415db0682d5<-391bbd77-e270-498a-b344-18095c6f1940#0:FAIL-t2] and 0 exception(s); 42a6dc71-468f-4bda-a1ef-3415db0682d5@group-49BF442FE5BA:t2, leader=null, voted=42a6dc71-468f-4bda-a1ef-3415db0682d5, raftlog=42a6dc71-468f-4bda-a1ef-3415db0682d5@group-49BF442FE5BA-SegmentedRaftLog:OPENED:c-1,f-1,i0, conf=-1: [42a6dc71-468f-4bda-a1ef-3415db0682d5:192.168.151.103:35261, de56bb40-4206-44bb-8a25-0aa735fdda15:192.168.151.103:35304, 391bbd77-e270-498a-b344-18095c6f1940:192.168.151.103:34484], old=null
2019-09-27 09:23:54,100 [42a6dc71-468f-4bda-a1ef-3415db0682d5@group-49BF442FE5BA:LeaderElection146] INFO  impl.RaftServerImpl (RaftServerImpl.java:setRole(174)) - 42a6dc71-468f-4bda-a1ef-3415db0682d5@group-49BF442FE5BA: changes role from CANDIDATE to FOLLOWER at term 2 for DISCOVERED_A_NEW_TERM
2019-09-27 09:23:54,100 [42a6dc71-468f-4bda-a1ef-3415db0682d5@group-49BF442FE5BA:LeaderElection146] INFO  impl.RoleInfo (RoleInfo.java:shutdownLeaderElection(134)) - 42a6dc71-468f-4bda-a1ef-3415db0682d5: shutdown LeaderElection
2019-09-27 09:23:54,101 [42a6dc71-468f-4bda-a1ef-3415db0682d5@group-49BF442FE5BA:LeaderElection146] INFO  impl.RoleInfo (RoleInfo.java:updateAndGet(143)) - 42a6dc71-468f-4bda-a1ef-3415db0682d5: start FollowerState
2019-09-27 09:23:54,129 [002bed63-9761-4b9f-9eba-a6bdbdfe34b9@group-827F9F9FA464-SegmentedRaftLogWorker] INFO  segmented.SegmentedRaftLogWorker (SegmentedRaftLogWorker.java:execute(569)) - 002bed63-9761-4b9f-9eba-a6bdbdfe34b9@group-827F9F9FA464-SegmentedRaftLogWorker: created new log segment /workdir/hadoop-ozone/integration-test/target/test-dir/MiniOzoneClusterImpl-398c5316-7398-4fb3-bac3-d05c7117414d/datanode-9/data/ratis/6fdfa62b-191a-4597-b5f3-827f9f9fa464/current/log_inprogress_0
2019-09-27 09:23:54,129 [48a73947-ad36-4a89-bdb8-df91e6dae885@group-827F9F9FA464-SegmentedRaftLogWorker] INFO  segmented.SegmentedRaftLogWorker (SegmentedRaftLogWorker.java:execute(569)) - 48a73947-ad36-4a89-bdb8-df91e6dae885@group-827F9F9FA464-SegmentedRaftLogWorker: created new log segment /workdir/hadoop-ozone/integration-test/target/test-dir/MiniOzoneClusterImpl-398c5316-7398-4fb3-bac3-d05c7117414d/datanode-6/data/ratis/6fdfa62b-191a-4597-b5f3-827f9f9fa464/current/log_inprogress_0
2019-09-27 09:23:54,129 [923630be-6089-4454-ada8-343910becadd@group-827F9F9FA464-SegmentedRaftLogWorker] INFO  segmented.SegmentedRaftLogWorker (SegmentedRaftLogWorker.java:execute(569)) - 923630be-6089-4454-ada8-343910becadd@group-827F9F9FA464-SegmentedRaftLogWorker: created new log segment /workdir/hadoop-ozone/integration-test/target/test-dir/MiniOzoneClusterImpl-398c5316-7398-4fb3-bac3-d05c7117414d/datanode-5/data/ratis/6fdfa62b-191a-4597-b5f3-827f9f9fa464/current/log_inprogress_0
2019-09-27 09:23:54,349 [Thread-8096] INFO  container.ReplicationManager (ReplicationManager.java:start(162)) - Starting Replication Monitor Thread.
2019-09-27 09:23:54,353 [ReplicationMonitor] INFO  container.ReplicationManager (ReplicationManager.java:run(225)) - Replication Monitor Thread took 0 milliseconds for processing 0 containers.
2019-09-27 09:23:54,686 [Thread-8119] INFO  impl.FollowerState (FollowerState.java:run(106)) - 03814bdb-c6b3-415d-8615-039e811c0048:group-DC9951E0AEC2 changes to CANDIDATE, lastRpcTime:2780, electionTimeout:1017ms
2019-09-27 09:23:54,687 [Thread-8119] INFO  impl.RoleInfo (RoleInfo.java:shutdownFollowerState(121)) - 03814bdb-c6b3-415d-8615-039e811c0048: shutdown FollowerState
2019-09-27 09:23:54,687 [Thread-8119] INFO  impl.RaftServerImpl (RaftServerImpl.java:setRole(174)) - 03814bdb-c6b3-415d-8615-039e811c0048@group-DC9951E0AEC2: changes role from  FOLLOWER to CANDIDATE at term 0 for changeToCandidate
2019-09-27 09:23:54,687 [Thread-8119] INFO  impl.RoleInfo (RoleInfo.java:updateAndGet(143)) - 03814bdb-c6b3-415d-8615-039e811c0048: start LeaderElection
2019-09-27 09:23:54,706 [Thread-8128] INFO  impl.FollowerState (FollowerState.java:run(106)) - 513ea752-2bb4-4e9d-94cf-0dce8d7e1b31:group-FD7C0AF0CBE2 changes to CANDIDATE, lastRpcTime:2655, electionTimeout:1072ms
2019-09-27 09:23:54,707 [Thread-8128] INFO  impl.RoleInfo (RoleInfo.java:shutdownFollowerState(121)) - 513ea752-2bb4-4e9d-94cf-0dce8d7e1b31: shutdown FollowerState
2019-09-27 09:23:54,707 [Thread-8128] INFO  impl.RaftServerImpl (RaftServerImpl.java:setRole(174)) - 513ea752-2bb4-4e9d-94cf-0dce8d7e1b31@group-FD7C0AF0CBE2: changes role from  FOLLOWER to CANDIDATE at term 0 for changeToCandidate
2019-09-27 09:23:54,707 [Thread-8128] INFO  impl.RoleInfo (RoleInfo.java:updateAndGet(143)) - 513ea752-2bb4-4e9d-94cf-0dce8d7e1b31: start LeaderElection
2019-09-27 09:23:54,714 [03814bdb-c6b3-415d-8615-039e811c0048@group-DC9951E0AEC2:LeaderElection147] INFO  impl.LeaderElection (LeaderElection.java:askForVotes(182)) - 03814bdb-c6b3-415d-8615-039e811c0048@group-DC9951E0AEC2:LeaderElection147: begin an election at term 1 for -1: [03814bdb-c6b3-415d-8615-039e811c0048:192.168.151.103:40137], old=null
2019-09-27 09:23:54,714 [03814bdb-c6b3-415d-8615-039e811c0048@group-DC9951E0AEC2:LeaderElection147] INFO  impl.RoleInfo (RoleInfo.java:shutdownLeaderElection(134)) - 03814bdb-c6b3-415d-8615-039e811c0048: shutdown LeaderElection
2019-09-27 09:23:54,714 [03814bdb-c6b3-415d-8615-039e811c0048@group-DC9951E0AEC2:LeaderElection147] INFO  impl.RaftServerImpl (RaftServerImpl.java:setRole(174)) - 03814bdb-c6b3-415d-8615-039e811c0048@group-DC9951E0AEC2: changes role from CANDIDATE to LEADER at term 1 for changeToLeader
2019-09-27 09:23:54,714 [03814bdb-c6b3-415d-8615-039e811c0048@group-DC9951E0AEC2:LeaderElection147] INFO  impl.RaftServerImpl (ServerState.java:setLeader(253)) - 03814bdb-c6b3-415d-8615-039e811c0048@group-DC9951E0AEC2: change Leader from null to 03814bdb-c6b3-415d-8615-039e811c0048 at term 1 for becomeLeader, leader elected after 2813ms
2019-09-27 09:23:54,714 [03814bdb-c6b3-415d-8615-039e811c0048@group-DC9951E0AEC2:LeaderElection147] INFO  server.RaftServerConfigKeys (ConfUtils.java:logGet(43)) - raft.server.staging.catchup.gap = 1000 (default)
2019-09-27 09:23:54,715 [03814bdb-c6b3-415d-8615-039e811c0048@group-DC9951E0AEC2:LeaderElection147] INFO  server.RaftServerConfigKeys (ConfUtils.java:logGet(43)) - raft.server.rpc.sleep.time = 25ms (default)
2019-09-27 09:23:54,715 [03814bdb-c6b3-415d-8615-039e811c0048@group-DC9951E0AEC2:LeaderElection147] INFO  server.RaftServerConfigKeys (ConfUtils.java:logGet(43)) - raft.server.write.element-limit = 4096 (default)
2019-09-27 09:23:54,715 [03814bdb-c6b3-415d-8615-039e811c0048@group-DC9951E0AEC2:LeaderElection147] INFO  server.RaftServerConfigKeys (ConfUtils.java:logGet(43)) - raft.server.watch.timeout = 10s (default)
2019-09-27 09:23:54,715 [03814bdb-c6b3-415d-8615-039e811c0048@group-DC9951E0AEC2:LeaderElection147] INFO  server.RaftServerConfigKeys (ConfUtils.java:logGet(43)) - raft.server.watch.timeout.denomination = 1s (default)
2019-09-27 09:23:54,715 [03814bdb-c6b3-415d-8615-039e811c0048@group-DC9951E0AEC2:LeaderElection147] INFO  server.RaftServerConfigKeys (ConfUtils.java:logGet(43)) - raft.server.watch.element-limit = 65536 (default)
2019-09-27 09:23:54,716 [03814bdb-c6b3-415d-8615-039e811c0048@group-DC9951E0AEC2:LeaderElection147] INFO  impl.RoleInfo (RoleInfo.java:updateAndGet(143)) - 03814bdb-c6b3-415d-8615-039e811c0048: start LeaderState
2019-09-27 09:23:54,716 [03814bdb-c6b3-415d-8615-039e811c0048@group-DC9951E0AEC2:LeaderElection147] INFO  segmented.SegmentedRaftLogWorker (SegmentedRaftLogWorker.java:startLogSegment(380)) - 03814bdb-c6b3-415d-8615-039e811c0048@group-DC9951E0AEC2-SegmentedRaftLogWorker: Starting segment from index:0
2019-09-27 09:23:54,717 [03814bdb-c6b3-415d-8615-039e811c0048@group-DC9951E0AEC2:LeaderElection147] INFO  impl.RaftServerImpl (ServerState.java:setRaftConf(354)) - 03814bdb-c6b3-415d-8615-039e811c0048@group-DC9951E0AEC2: set configuration 0: [03814bdb-c6b3-415d-8615-039e811c0048:192.168.151.103:40137], old=null at 0
2019-09-27 09:23:54,720 [Thread-8135] INFO  impl.FollowerState (FollowerState.java:run(106)) - f8f36aa8-f38f-472a-aa09-c3130b79cc81:group-77629DF9AC2E changes to CANDIDATE, lastRpcTime:2580, electionTimeout:1086ms
2019-09-27 09:23:54,720 [Thread-8135] INFO  impl.RoleInfo (RoleInfo.java:shutdownFollowerState(121)) - f8f36aa8-f38f-472a-aa09-c3130b79cc81: shutdown FollowerState
2019-09-27 09:23:54,720 [Thread-8135] INFO  impl.RaftServerImpl (RaftServerImpl.java:setRole(174)) - f8f36aa8-f38f-472a-aa09-c3130b79cc81@group-77629DF9AC2E: changes role from  FOLLOWER to CANDIDATE at term 0 for changeToCandidate
2019-09-27 09:23:54,720 [Thread-8135] INFO  impl.RoleInfo (RoleInfo.java:updateAndGet(143)) - f8f36aa8-f38f-472a-aa09-c3130b79cc81: start LeaderElection
2019-09-27 09:23:54,746 [Thread-8132] INFO  impl.FollowerState (FollowerState.java:run(106)) - 002bed63-9761-4b9f-9eba-a6bdbdfe34b9:group-9BBBE867F159 changes to CANDIDATE, lastRpcTime:2651, electionTimeout:1099ms
2019-09-27 09:23:54,746 [Thread-8132] INFO  impl.RoleInfo (RoleInfo.java:shutdownFollowerState(121)) - 002bed63-9761-4b9f-9eba-a6bdbdfe34b9: shutdown FollowerState
2019-09-27 09:23:54,746 [Thread-8132] INFO  impl.RaftServerImpl (RaftServerImpl.java:setRole(174)) - 002bed63-9761-4b9f-9eba-a6bdbdfe34b9@group-9BBBE867F159: changes role from  FOLLOWER to CANDIDATE at term 0 for changeToCandidate
2019-09-27 09:23:54,746 [Thread-8132] INFO  impl.RoleInfo (RoleInfo.java:updateAndGet(143)) - 002bed63-9761-4b9f-9eba-a6bdbdfe34b9: start LeaderElection
2019-09-27 09:23:54,746 [513ea752-2bb4-4e9d-94cf-0dce8d7e1b31@group-FD7C0AF0CBE2:LeaderElection148] INFO  impl.LeaderElection (LeaderElection.java:askForVotes(182)) - 513ea752-2bb4-4e9d-94cf-0dce8d7e1b31@group-FD7C0AF0CBE2:LeaderElection148: begin an election at term 1 for -1: [513ea752-2bb4-4e9d-94cf-0dce8d7e1b31:192.168.151.103:39440], old=null
2019-09-27 09:23:54,746 [513ea752-2bb4-4e9d-94cf-0dce8d7e1b31@group-FD7C0AF0CBE2:LeaderElection148] INFO  impl.RoleInfo (RoleInfo.java:shutdownLeaderElection(134)) - 513ea752-2bb4-4e9d-94cf-0dce8d7e1b31: shutdown LeaderElection
2019-09-27 09:23:54,752 [513ea752-2bb4-4e9d-94cf-0dce8d7e1b31@group-FD7C0AF0CBE2:LeaderElection148] INFO  impl.RaftServerImpl (RaftServerImpl.java:setRole(174)) - 513ea752-2bb4-4e9d-94cf-0dce8d7e1b31@group-FD7C0AF0CBE2: changes role from CANDIDATE to LEADER at term 1 for changeToLeader
2019-09-27 09:23:54,752 [513ea752-2bb4-4e9d-94cf-0dce8d7e1b31@group-FD7C0AF0CBE2:LeaderElection148] INFO  impl.RaftServerImpl (ServerState.java:setLeader(253)) - 513ea752-2bb4-4e9d-94cf-0dce8d7e1b31@group-FD7C0AF0CBE2: change Leader from null to 513ea752-2bb4-4e9d-94cf-0dce8d7e1b31 at term 1 for becomeLeader, leader elected after 2707ms
2019-09-27 09:23:54,752 [513ea752-2bb4-4e9d-94cf-0dce8d7e1b31@group-FD7C0AF0CBE2:LeaderElection148] INFO  server.RaftServerConfigKeys (ConfUtils.java:logGet(43)) - raft.server.staging.catchup.gap = 1000 (default)
2019-09-27 09:23:54,752 [513ea752-2bb4-4e9d-94cf-0dce8d7e1b31@group-FD7C0AF0CBE2:LeaderElection148] INFO  server.RaftServerConfigKeys (ConfUtils.java:logGet(43)) - raft.server.rpc.sleep.time = 25ms (default)
2019-09-27 09:23:54,753 [513ea752-2bb4-4e9d-94cf-0dce8d7e1b31@group-FD7C0AF0CBE2:LeaderElection148] INFO  server.RaftServerConfigKeys (ConfUtils.java:logGet(43)) - raft.server.write.element-limit = 4096 (default)
2019-09-27 09:23:54,753 [513ea752-2bb4-4e9d-94cf-0dce8d7e1b31@group-FD7C0AF0CBE2:LeaderElection148] INFO  server.RaftServerConfigKeys (ConfUtils.java:logGet(43)) - raft.server.watch.timeout = 10s (default)
2019-09-27 09:23:54,753 [513ea752-2bb4-4e9d-94cf-0dce8d7e1b31@group-FD7C0AF0CBE2:LeaderElection148] INFO  server.RaftServerConfigKeys (ConfUtils.java:logGet(43)) - raft.server.watch.timeout.denomination = 1s (default)
2019-09-27 09:23:54,753 [513ea752-2bb4-4e9d-94cf-0dce8d7e1b31@group-FD7C0AF0CBE2:LeaderElection148] INFO  server.RaftServerConfigKeys (ConfUtils.java:logGet(43)) - raft.server.watch.element-limit = 65536 (default)
2019-09-27 09:23:54,754 [03814bdb-c6b3-415d-8615-039e811c0048@group-DC9951E0AEC2-SegmentedRaftLogWorker] INFO  segmented.SegmentedRaftLogWorker (SegmentedRaftLogWorker.java:execute(569)) - 03814bdb-c6b3-415d-8615-039e811c0048@group-DC9951E0AEC2-SegmentedRaftLogWorker: created new log segment /workdir/hadoop-ozone/integration-test/target/test-dir/MiniOzoneClusterImpl-398c5316-7398-4fb3-bac3-d05c7117414d/datanode-3/data/ratis/68f0d30b-383b-49c9-8bb9-dc9951e0aec2/current/log_inprogress_0
2019-09-27 09:23:54,754 [f8f36aa8-f38f-472a-aa09-c3130b79cc81@group-77629DF9AC2E:LeaderElection149] INFO  impl.LeaderElection (LeaderElection.java:askForVotes(182)) - f8f36aa8-f38f-472a-aa09-c3130b79cc81@group-77629DF9AC2E:LeaderElection149: begin an election at term 1 for -1: [f8f36aa8-f38f-472a-aa09-c3130b79cc81:192.168.151.103:43152], old=null
2019-09-27 09:23:54,754 [002bed63-9761-4b9f-9eba-a6bdbdfe34b9@group-9BBBE867F159:LeaderElection150] INFO  impl.LeaderElection (LeaderElection.java:askForVotes(182)) - 002bed63-9761-4b9f-9eba-a6bdbdfe34b9@group-9BBBE867F159:LeaderElection150: begin an election at term 1 for -1: [002bed63-9761-4b9f-9eba-a6bdbdfe34b9:192.168.151.103:43508], old=null
2019-09-27 09:23:54,755 [f8f36aa8-f38f-472a-aa09-c3130b79cc81@group-77629DF9AC2E:LeaderElection149] INFO  impl.RoleInfo (RoleInfo.java:shutdownLeaderElection(134)) - f8f36aa8-f38f-472a-aa09-c3130b79cc81: shutdown LeaderElection
2019-09-27 09:23:54,755 [002bed63-9761-4b9f-9eba-a6bdbdfe34b9@group-9BBBE867F159:LeaderElection150] INFO  impl.RoleInfo (RoleInfo.java:shutdownLeaderElection(134)) - 002bed63-9761-4b9f-9eba-a6bdbdfe34b9: shutdown LeaderElection
2019-09-27 09:23:54,755 [f8f36aa8-f38f-472a-aa09-c3130b79cc81@group-77629DF9AC2E:LeaderElection149] INFO  impl.RaftServerImpl (RaftServerImpl.java:setRole(174)) - f8f36aa8-f38f-472a-aa09-c3130b79cc81@group-77629DF9AC2E: changes role from CANDIDATE to LEADER at term 1 for changeToLeader
2019-09-27 09:23:54,755 [002bed63-9761-4b9f-9eba-a6bdbdfe34b9@group-9BBBE867F159:LeaderElection150] INFO  impl.RaftServerImpl (RaftServerImpl.java:setRole(174)) - 002bed63-9761-4b9f-9eba-a6bdbdfe34b9@group-9BBBE867F159: changes role from CANDIDATE to LEADER at term 1 for changeToLeader
2019-09-27 09:23:54,755 [f8f36aa8-f38f-472a-aa09-c3130b79cc81@group-77629DF9AC2E:LeaderElection149] INFO  impl.RaftServerImpl (ServerState.java:setLeader(253)) - f8f36aa8-f38f-472a-aa09-c3130b79cc81@group-77629DF9AC2E: change Leader from null to f8f36aa8-f38f-472a-aa09-c3130b79cc81 at term 1 for becomeLeader, leader elected after 2621ms
2019-09-27 09:23:54,755 [002bed63-9761-4b9f-9eba-a6bdbdfe34b9@group-9BBBE867F159:LeaderElection150] INFO  impl.RaftServerImpl (ServerState.java:setLeader(253)) - 002bed63-9761-4b9f-9eba-a6bdbdfe34b9@group-9BBBE867F159: change Leader from null to 002bed63-9761-4b9f-9eba-a6bdbdfe34b9 at term 1 for becomeLeader, leader elected after 2665ms
2019-09-27 09:23:54,756 [f8f36aa8-f38f-472a-aa09-c3130b79cc81@group-77629DF9AC2E:LeaderElection149] INFO  server.RaftServerConfigKeys (ConfUtils.java:logGet(43)) - raft.server.staging.catchup.gap = 1000 (default)
2019-09-27 09:23:54,756 [002bed63-9761-4b9f-9eba-a6bdbdfe34b9@group-9BBBE867F159:LeaderElection150] INFO  server.RaftServerConfigKeys (ConfUtils.java:logGet(43)) - raft.server.staging.catchup.gap = 1000 (default)
2019-09-27 09:23:54,756 [f8f36aa8-f38f-472a-aa09-c3130b79cc81@group-77629DF9AC2E:LeaderElection149] INFO  server.RaftServerConfigKeys (ConfUtils.java:logGet(43)) - raft.server.rpc.sleep.time = 25ms (default)
2019-09-27 09:23:54,756 [002bed63-9761-4b9f-9eba-a6bdbdfe34b9@group-9BBBE867F159:LeaderElection150] INFO  server.RaftServerConfigKeys (ConfUtils.java:logGet(43)) - raft.server.rpc.sleep.time = 25ms (default)
2019-09-27 09:23:54,756 [513ea752-2bb4-4e9d-94cf-0dce8d7e1b31@group-FD7C0AF0CBE2:LeaderElection148] INFO  impl.RoleInfo (RoleInfo.java:updateAndGet(143)) - 513ea752-2bb4-4e9d-94cf-0dce8d7e1b31: start LeaderState
2019-09-27 09:23:54,756 [002bed63-9761-4b9f-9eba-a6bdbdfe34b9@group-9BBBE867F159:LeaderElection150] INFO  server.RaftServerConfigKeys (ConfUtils.java:logGet(43)) - raft.server.write.element-limit = 4096 (default)
2019-09-27 09:23:54,756 [f8f36aa8-f38f-472a-aa09-c3130b79cc81@group-77629DF9AC2E:LeaderElection149] INFO  server.RaftServerConfigKeys (ConfUtils.java:logGet(43)) - raft.server.write.element-limit = 4096 (default)
2019-09-27 09:23:54,756 [002bed63-9761-4b9f-9eba-a6bdbdfe34b9@group-9BBBE867F159:LeaderElection150] INFO  server.RaftServerConfigKeys (ConfUtils.java:logGet(43)) - raft.server.watch.timeout = 10s (default)
2019-09-27 09:23:54,756 [513ea752-2bb4-4e9d-94cf-0dce8d7e1b31@group-FD7C0AF0CBE2:LeaderElection148] INFO  segmented.SegmentedRaftLogWorker (SegmentedRaftLogWorker.java:startLogSegment(380)) - 513ea752-2bb4-4e9d-94cf-0dce8d7e1b31@group-FD7C0AF0CBE2-SegmentedRaftLogWorker: Starting segment from index:0
2019-09-27 09:23:54,757 [002bed63-9761-4b9f-9eba-a6bdbdfe34b9@group-9BBBE867F159:LeaderElection150] INFO  server.RaftServerConfigKeys (ConfUtils.java:logGet(43)) - raft.server.watch.timeout.denomination = 1s (default)
2019-09-27 09:23:54,757 [f8f36aa8-f38f-472a-aa09-c3130b79cc81@group-77629DF9AC2E:LeaderElection149] INFO  server.RaftServerConfigKeys (ConfUtils.java:logGet(43)) - raft.server.watch.timeout = 10s (default)
2019-09-27 09:23:54,757 [002bed63-9761-4b9f-9eba-a6bdbdfe34b9@group-9BBBE867F159:LeaderElection150] INFO  server.RaftServerConfigKeys (ConfUtils.java:logGet(43)) - raft.server.watch.element-limit = 65536 (default)
2019-09-27 09:23:54,757 [513ea752-2bb4-4e9d-94cf-0dce8d7e1b31@group-FD7C0AF0CBE2:LeaderElection148] INFO  impl.RaftServerImpl (ServerState.java:setRaftConf(354)) - 513ea752-2bb4-4e9d-94cf-0dce8d7e1b31@group-FD7C0AF0CBE2: set configuration 0: [513ea752-2bb4-4e9d-94cf-0dce8d7e1b31:192.168.151.103:39440], old=null at 0
2019-09-27 09:23:54,757 [f8f36aa8-f38f-472a-aa09-c3130b79cc81@group-77629DF9AC2E:LeaderElection149] INFO  server.RaftServerConfigKeys (ConfUtils.java:logGet(43)) - raft.server.watch.timeout.denomination = 1s (default)
2019-09-27 09:23:54,757 [f8f36aa8-f38f-472a-aa09-c3130b79cc81@group-77629DF9AC2E:LeaderElection149] INFO  server.RaftServerConfigKeys (ConfUtils.java:logGet(43)) - raft.server.watch.element-limit = 65536 (default)
2019-09-27 09:23:54,759 [002bed63-9761-4b9f-9eba-a6bdbdfe34b9@group-9BBBE867F159:LeaderElection150] INFO  impl.RoleInfo (RoleInfo.java:updateAndGet(143)) - 002bed63-9761-4b9f-9eba-a6bdbdfe34b9: start LeaderState
2019-09-27 09:23:54,760 [f8f36aa8-f38f-472a-aa09-c3130b79cc81@group-77629DF9AC2E:LeaderElection149] INFO  impl.RoleInfo (RoleInfo.java:updateAndGet(143)) - f8f36aa8-f38f-472a-aa09-c3130b79cc81: start LeaderState
2019-09-27 09:23:54,760 [002bed63-9761-4b9f-9eba-a6bdbdfe34b9@group-9BBBE867F159:LeaderElection150] INFO  segmented.SegmentedRaftLogWorker (SegmentedRaftLogWorker.java:startLogSegment(380)) - 002bed63-9761-4b9f-9eba-a6bdbdfe34b9@group-9BBBE867F159-SegmentedRaftLogWorker: Starting segment from index:0
2019-09-27 09:23:54,760 [f8f36aa8-f38f-472a-aa09-c3130b79cc81@group-77629DF9AC2E:LeaderElection149] INFO  segmented.SegmentedRaftLogWorker (SegmentedRaftLogWorker.java:startLogSegment(380)) - f8f36aa8-f38f-472a-aa09-c3130b79cc81@group-77629DF9AC2E-SegmentedRaftLogWorker: Starting segment from index:0
2019-09-27 09:23:54,760 [002bed63-9761-4b9f-9eba-a6bdbdfe34b9@group-9BBBE867F159:LeaderElection150] INFO  impl.RaftServerImpl (ServerState.java:setRaftConf(354)) - 002bed63-9761-4b9f-9eba-a6bdbdfe34b9@group-9BBBE867F159: set configuration 0: [002bed63-9761-4b9f-9eba-a6bdbdfe34b9:192.168.151.103:43508], old=null at 0
2019-09-27 09:23:54,760 [f8f36aa8-f38f-472a-aa09-c3130b79cc81@group-77629DF9AC2E:LeaderElection149] INFO  impl.RaftServerImpl (ServerState.java:setRaftConf(354)) - f8f36aa8-f38f-472a-aa09-c3130b79cc81@group-77629DF9AC2E: set configuration 0: [f8f36aa8-f38f-472a-aa09-c3130b79cc81:192.168.151.103:43152], old=null at 0
2019-09-27 09:23:54,794 [513ea752-2bb4-4e9d-94cf-0dce8d7e1b31@group-FD7C0AF0CBE2-SegmentedRaftLogWorker] INFO  segmented.SegmentedRaftLogWorker (SegmentedRaftLogWorker.java:execute(569)) - 513ea752-2bb4-4e9d-94cf-0dce8d7e1b31@group-FD7C0AF0CBE2-SegmentedRaftLogWorker: created new log segment /workdir/hadoop-ozone/integration-test/target/test-dir/MiniOzoneClusterImpl-398c5316-7398-4fb3-bac3-d05c7117414d/datanode-8/data/ratis/1384d3b2-d5b7-4bd1-87db-fd7c0af0cbe2/current/log_inprogress_0
2019-09-27 09:23:54,794 [002bed63-9761-4b9f-9eba-a6bdbdfe34b9@group-9BBBE867F159-SegmentedRaftLogWorker] INFO  segmented.SegmentedRaftLogWorker (SegmentedRaftLogWorker.java:execute(569)) - 002bed63-9761-4b9f-9eba-a6bdbdfe34b9@group-9BBBE867F159-SegmentedRaftLogWorker: created new log segment /workdir/hadoop-ozone/integration-test/target/test-dir/MiniOzoneClusterImpl-398c5316-7398-4fb3-bac3-d05c7117414d/datanode-9/data/ratis/148e3c42-58ab-4bdf-bccd-9bbbe867f159/current/log_inprogress_0
2019-09-27 09:23:54,811 [f8f36aa8-f38f-472a-aa09-c3130b79cc81@group-77629DF9AC2E-SegmentedRaftLogWorker] INFO  segmented.SegmentedRaftLogWorker (SegmentedRaftLogWorker.java:execute(569)) - f8f36aa8-f38f-472a-aa09-c3130b79cc81@group-77629DF9AC2E-SegmentedRaftLogWorker: created new log segment /workdir/hadoop-ozone/integration-test/target/test-dir/MiniOzoneClusterImpl-398c5316-7398-4fb3-bac3-d05c7117414d/datanode-4/data/ratis/f94cac6d-8ac5-4f04-b44e-77629df9ac2e/current/log_inprogress_0
2019-09-27 09:23:54,949 [Thread-8194] INFO  impl.FollowerState (FollowerState.java:run(106)) - 513ea752-2bb4-4e9d-94cf-0dce8d7e1b31:group-CB4EA96F2AAE changes to CANDIDATE, lastRpcTime:1038, electionTimeout:1009ms
2019-09-27 09:23:54,949 [Thread-8194] INFO  impl.RoleInfo (RoleInfo.java:shutdownFollowerState(121)) - 513ea752-2bb4-4e9d-94cf-0dce8d7e1b31: shutdown FollowerState
2019-09-27 09:23:54,949 [Thread-8194] INFO  impl.RaftServerImpl (RaftServerImpl.java:setRole(174)) - 513ea752-2bb4-4e9d-94cf-0dce8d7e1b31@group-CB4EA96F2AAE: changes role from  FOLLOWER to CANDIDATE at term 1 for changeToCandidate
2019-09-27 09:23:54,950 [Thread-8194] INFO  impl.RoleInfo (RoleInfo.java:updateAndGet(143)) - 513ea752-2bb4-4e9d-94cf-0dce8d7e1b31: start LeaderElection
2019-09-27 09:23:54,963 [513ea752-2bb4-4e9d-94cf-0dce8d7e1b31@group-CB4EA96F2AAE:LeaderElection151] INFO  impl.LeaderElection (LeaderElection.java:askForVotes(182)) - 513ea752-2bb4-4e9d-94cf-0dce8d7e1b31@group-CB4EA96F2AAE:LeaderElection151: begin an election at term 2 for -1: [c1dc816a-002e-4190-8c4b-03368fc83464:192.168.151.103:35476, 03814bdb-c6b3-415d-8615-039e811c0048:192.168.151.103:40137, 513ea752-2bb4-4e9d-94cf-0dce8d7e1b31:192.168.151.103:39440], old=null
2019-09-27 09:23:54,966 [grpc-default-executor-1] INFO  impl.RaftServerImpl (RaftServerImpl.java:setRole(174)) - c1dc816a-002e-4190-8c4b-03368fc83464@group-CB4EA96F2AAE: changes role from  FOLLOWER to FOLLOWER at term 2 for recognizeCandidate:513ea752-2bb4-4e9d-94cf-0dce8d7e1b31
2019-09-27 09:23:54,966 [grpc-default-executor-2] INFO  impl.RaftServerImpl (RaftServerImpl.java:setRole(174)) - 03814bdb-c6b3-415d-8615-039e811c0048@group-CB4EA96F2AAE: changes role from  FOLLOWER to FOLLOWER at term 2 for recognizeCandidate:513ea752-2bb4-4e9d-94cf-0dce8d7e1b31
2019-09-27 09:23:54,966 [grpc-default-executor-1] INFO  impl.RoleInfo (RoleInfo.java:shutdownFollowerState(121)) - c1dc816a-002e-4190-8c4b-03368fc83464: shutdown FollowerState
2019-09-27 09:23:54,966 [grpc-default-executor-2] INFO  impl.RoleInfo (RoleInfo.java:shutdownFollowerState(121)) - 03814bdb-c6b3-415d-8615-039e811c0048: shutdown FollowerState
2019-09-27 09:23:54,966 [grpc-default-executor-1] INFO  impl.RoleInfo (RoleInfo.java:updateAndGet(143)) - c1dc816a-002e-4190-8c4b-03368fc83464: start FollowerState
2019-09-27 09:23:54,966 [Thread-8198] INFO  impl.FollowerState (FollowerState.java:run(115)) - c1dc816a-002e-4190-8c4b-03368fc83464: FollowerState was interrupted: java.lang.InterruptedException: sleep interrupted
2019-09-27 09:23:54,966 [grpc-default-executor-2] INFO  impl.RoleInfo (RoleInfo.java:updateAndGet(143)) - 03814bdb-c6b3-415d-8615-039e811c0048: start FollowerState
2019-09-27 09:23:54,967 [Thread-8199] INFO  impl.FollowerState (FollowerState.java:run(115)) - 03814bdb-c6b3-415d-8615-039e811c0048: FollowerState was interrupted: java.lang.InterruptedException: sleep interrupted
2019-09-27 09:23:54,981 [513ea752-2bb4-4e9d-94cf-0dce8d7e1b31@group-CB4EA96F2AAE:LeaderElection151] INFO  impl.LeaderElection (LeaderElection.java:logAndReturn(56)) - 513ea752-2bb4-4e9d-94cf-0dce8d7e1b31@group-CB4EA96F2AAE:LeaderElection151: Election PASSED; received 1 response(s) [513ea752-2bb4-4e9d-94cf-0dce8d7e1b31<-c1dc816a-002e-4190-8c4b-03368fc83464#0:OK-t2] and 0 exception(s); 513ea752-2bb4-4e9d-94cf-0dce8d7e1b31@group-CB4EA96F2AAE:t2, leader=null, voted=513ea752-2bb4-4e9d-94cf-0dce8d7e1b31, raftlog=513ea752-2bb4-4e9d-94cf-0dce8d7e1b31@group-CB4EA96F2AAE-SegmentedRaftLog:OPENED:c-1,f-1,i0, conf=-1: [c1dc816a-002e-4190-8c4b-03368fc83464:192.168.151.103:35476, 03814bdb-c6b3-415d-8615-039e811c0048:192.168.151.103:40137, 513ea752-2bb4-4e9d-94cf-0dce8d7e1b31:192.168.151.103:39440], old=null
2019-09-27 09:23:54,982 [513ea752-2bb4-4e9d-94cf-0dce8d7e1b31@group-CB4EA96F2AAE:LeaderElection151] INFO  impl.RoleInfo (RoleInfo.java:shutdownLeaderElection(134)) - 513ea752-2bb4-4e9d-94cf-0dce8d7e1b31: shutdown LeaderElection
2019-09-27 09:23:54,982 [513ea752-2bb4-4e9d-94cf-0dce8d7e1b31@group-CB4EA96F2AAE:LeaderElection151] INFO  impl.RaftServerImpl (RaftServerImpl.java:setRole(174)) - 513ea752-2bb4-4e9d-94cf-0dce8d7e1b31@group-CB4EA96F2AAE: changes role from CANDIDATE to LEADER at term 2 for changeToLeader
2019-09-27 09:23:54,982 [513ea752-2bb4-4e9d-94cf-0dce8d7e1b31@group-CB4EA96F2AAE:LeaderElection151] INFO  impl.RaftServerImpl (ServerState.java:setLeader(253)) - 513ea752-2bb4-4e9d-94cf-0dce8d7e1b31@group-CB4EA96F2AAE: change Leader from null to 513ea752-2bb4-4e9d-94cf-0dce8d7e1b31 at term 2 for becomeLeader, leader elected after 2702ms
2019-09-27 09:23:54,982 [513ea752-2bb4-4e9d-94cf-0dce8d7e1b31@group-CB4EA96F2AAE:LeaderElection151] INFO  server.RaftServerConfigKeys (ConfUtils.java:logGet(43)) - raft.server.staging.catchup.gap = 1000 (default)
2019-09-27 09:23:54,982 [513ea752-2bb4-4e9d-94cf-0dce8d7e1b31@group-CB4EA96F2AAE:LeaderElection151] INFO  server.RaftServerConfigKeys (ConfUtils.java:logGet(43)) - raft.server.rpc.sleep.time = 25ms (default)
2019-09-27 09:23:54,982 [513ea752-2bb4-4e9d-94cf-0dce8d7e1b31@group-CB4EA96F2AAE:LeaderElection151] INFO  server.RaftServerConfigKeys (ConfUtils.java:logGet(43)) - raft.server.write.element-limit = 4096 (default)
2019-09-27 09:23:54,982 [513ea752-2bb4-4e9d-94cf-0dce8d7e1b31@group-CB4EA96F2AAE:LeaderElection151] INFO  server.RaftServerConfigKeys (ConfUtils.java:logGet(43)) - raft.server.watch.timeout = 10s (default)
2019-09-27 09:23:54,983 [513ea752-2bb4-4e9d-94cf-0dce8d7e1b31@group-CB4EA96F2AAE:LeaderElection151] INFO  server.RaftServerConfigKeys (ConfUtils.java:logGet(43)) - raft.server.watch.timeout.denomination = 1s (default)
2019-09-27 09:23:54,983 [513ea752-2bb4-4e9d-94cf-0dce8d7e1b31@group-CB4EA96F2AAE:LeaderElection151] INFO  server.RaftServerConfigKeys (ConfUtils.java:logGet(43)) - raft.server.watch.element-limit = 65536 (default)
2019-09-27 09:23:54,984 [513ea752-2bb4-4e9d-94cf-0dce8d7e1b31@group-CB4EA96F2AAE:LeaderElection151] INFO  server.RaftServerConfigKeys (ConfUtils.java:logGet(43)) - raft.server.log.appender.snapshot.chunk.size.max = 16MB (=16777216) (default)
2019-09-27 09:23:54,985 [513ea752-2bb4-4e9d-94cf-0dce8d7e1b31@group-CB4EA96F2AAE:LeaderElection151] INFO  server.RaftServerConfigKeys (ConfUtils.java:logGet(43)) - raft.server.log.appender.buffer.byte-limit = 33554432 (custom)
2019-09-27 09:23:54,985 [513ea752-2bb4-4e9d-94cf-0dce8d7e1b31@group-CB4EA96F2AAE:LeaderElection151] INFO  server.RaftServerConfigKeys (ConfUtils.java:logGet(43)) - raft.server.log.appender.buffer.element-limit = 1 (custom)
2019-09-27 09:23:54,985 [513ea752-2bb4-4e9d-94cf-0dce8d7e1b31@group-CB4EA96F2AAE:LeaderElection151] INFO  grpc.GrpcConfigKeys$Server (ConfUtils.java:logGet(43)) - raft.grpc.server.leader.outstanding.appends.max = 128 (default)
2019-09-27 09:23:54,985 [513ea752-2bb4-4e9d-94cf-0dce8d7e1b31@group-CB4EA96F2AAE:LeaderElection151] INFO  server.RaftServerConfigKeys (ConfUtils.java:logGet(43)) - raft.server.rpc.request.timeout = 3000ms (default)
2019-09-27 09:23:54,985 [513ea752-2bb4-4e9d-94cf-0dce8d7e1b31@group-CB4EA96F2AAE:LeaderElection151] INFO  server.RaftServerConfigKeys (ConfUtils.java:logGet(43)) - raft.server.log.appender.install.snapshot.enabled = false (custom)
2019-09-27 09:23:54,986 [513ea752-2bb4-4e9d-94cf-0dce8d7e1b31@group-CB4EA96F2AAE:LeaderElection151] INFO  server.RaftServerConfigKeys (ConfUtils.java:logGet(43)) - raft.server.log.appender.snapshot.chunk.size.max = 16MB (=16777216) (default)
2019-09-27 09:23:54,986 [513ea752-2bb4-4e9d-94cf-0dce8d7e1b31@group-CB4EA96F2AAE:LeaderElection151] INFO  server.RaftServerConfigKeys (ConfUtils.java:logGet(43)) - raft.server.log.appender.buffer.byte-limit = 33554432 (custom)
2019-09-27 09:23:54,986 [513ea752-2bb4-4e9d-94cf-0dce8d7e1b31@group-CB4EA96F2AAE:LeaderElection151] INFO  server.RaftServerConfigKeys (ConfUtils.java:logGet(43)) - raft.server.log.appender.buffer.element-limit = 1 (custom)
2019-09-27 09:23:54,986 [513ea752-2bb4-4e9d-94cf-0dce8d7e1b31@group-CB4EA96F2AAE:LeaderElection151] INFO  grpc.GrpcConfigKeys$Server (ConfUtils.java:logGet(43)) - raft.grpc.server.leader.outstanding.appends.max = 128 (default)
2019-09-27 09:23:54,986 [513ea752-2bb4-4e9d-94cf-0dce8d7e1b31@group-CB4EA96F2AAE:LeaderElection151] INFO  server.RaftServerConfigKeys (ConfUtils.java:logGet(43)) - raft.server.rpc.request.timeout = 3000ms (default)
2019-09-27 09:23:54,986 [513ea752-2bb4-4e9d-94cf-0dce8d7e1b31@group-CB4EA96F2AAE:LeaderElection151] INFO  server.RaftServerConfigKeys (ConfUtils.java:logGet(43)) - raft.server.log.appender.install.snapshot.enabled = false (custom)
2019-09-27 09:23:54,987 [513ea752-2bb4-4e9d-94cf-0dce8d7e1b31@group-CB4EA96F2AAE:LeaderElection151] INFO  impl.RoleInfo (RoleInfo.java:updateAndGet(143)) - 513ea752-2bb4-4e9d-94cf-0dce8d7e1b31: start LeaderState
2019-09-27 09:23:54,987 [513ea752-2bb4-4e9d-94cf-0dce8d7e1b31@group-CB4EA96F2AAE:LeaderElection151] INFO  segmented.SegmentedRaftLogWorker (SegmentedRaftLogWorker.java:startLogSegment(380)) - 513ea752-2bb4-4e9d-94cf-0dce8d7e1b31@group-CB4EA96F2AAE-SegmentedRaftLogWorker: Starting segment from index:0
2019-09-27 09:23:54,988 [513ea752-2bb4-4e9d-94cf-0dce8d7e1b31@group-CB4EA96F2AAE:LeaderElection151] INFO  impl.RaftServerImpl (ServerState.java:setRaftConf(354)) - 513ea752-2bb4-4e9d-94cf-0dce8d7e1b31@group-CB4EA96F2AAE: set configuration 0: [c1dc816a-002e-4190-8c4b-03368fc83464:192.168.151.103:35476, 03814bdb-c6b3-415d-8615-039e811c0048:192.168.151.103:40137, 513ea752-2bb4-4e9d-94cf-0dce8d7e1b31:192.168.151.103:39440], old=null at 0
2019-09-27 09:23:54,989 [grpc-default-executor-1] INFO  impl.RaftServerImpl (ServerState.java:setLeader(253)) - c1dc816a-002e-4190-8c4b-03368fc83464@group-CB4EA96F2AAE: change Leader from null to 513ea752-2bb4-4e9d-94cf-0dce8d7e1b31 at term 2 for appendEntries, leader elected after 2709ms
2019-09-27 09:23:54,989 [grpc-default-executor-2] INFO  impl.RaftServerImpl (ServerState.java:setLeader(253)) - 03814bdb-c6b3-415d-8615-039e811c0048@group-CB4EA96F2AAE: change Leader from null to 513ea752-2bb4-4e9d-94cf-0dce8d7e1b31 at term 2 for appendEntries, leader elected after 2709ms
2019-09-27 09:23:54,991 [grpc-default-executor-2] INFO  impl.RaftServerImpl (ServerState.java:setRaftConf(354)) - c1dc816a-002e-4190-8c4b-03368fc83464@group-CB4EA96F2AAE: set configuration 0: [c1dc816a-002e-4190-8c4b-03368fc83464:192.168.151.103:35476, 03814bdb-c6b3-415d-8615-039e811c0048:192.168.151.103:40137, 513ea752-2bb4-4e9d-94cf-0dce8d7e1b31:192.168.151.103:39440], old=null at 0
2019-09-27 09:23:54,991 [grpc-default-executor-1] INFO  impl.RaftServerImpl (ServerState.java:setRaftConf(354)) - 03814bdb-c6b3-415d-8615-039e811c0048@group-CB4EA96F2AAE: set configuration 0: [c1dc816a-002e-4190-8c4b-03368fc83464:192.168.151.103:35476, 03814bdb-c6b3-415d-8615-039e811c0048:192.168.151.103:40137, 513ea752-2bb4-4e9d-94cf-0dce8d7e1b31:192.168.151.103:39440], old=null at 0
2019-09-27 09:23:54,991 [grpc-default-executor-2] INFO  segmented.SegmentedRaftLogWorker (SegmentedRaftLogWorker.java:startLogSegment(380)) - c1dc816a-002e-4190-8c4b-03368fc83464@group-CB4EA96F2AAE-SegmentedRaftLogWorker: Starting segment from index:0
2019-09-27 09:23:54,991 [grpc-default-executor-1] INFO  segmented.SegmentedRaftLogWorker (SegmentedRaftLogWorker.java:startLogSegment(380)) - 03814bdb-c6b3-415d-8615-039e811c0048@group-CB4EA96F2AAE-SegmentedRaftLogWorker: Starting segment from index:0
2019-09-27 09:23:55,029 [513ea752-2bb4-4e9d-94cf-0dce8d7e1b31@group-CB4EA96F2AAE-SegmentedRaftLogWorker] INFO  segmented.SegmentedRaftLogWorker (SegmentedRaftLogWorker.java:execute(569)) - 513ea752-2bb4-4e9d-94cf-0dce8d7e1b31@group-CB4EA96F2AAE-SegmentedRaftLogWorker: created new log segment /workdir/hadoop-ozone/integration-test/target/test-dir/MiniOzoneClusterImpl-398c5316-7398-4fb3-bac3-d05c7117414d/datanode-8/data/ratis/8fecde7c-3784-4dd6-a0c1-cb4ea96f2aae/current/log_inprogress_0
2019-09-27 09:23:55,044 [c1dc816a-002e-4190-8c4b-03368fc83464@group-CB4EA96F2AAE-SegmentedRaftLogWorker] INFO  segmented.SegmentedRaftLogWorker (SegmentedRaftLogWorker.java:execute(569)) - c1dc816a-002e-4190-8c4b-03368fc83464@group-CB4EA96F2AAE-SegmentedRaftLogWorker: created new log segment /workdir/hadoop-ozone/integration-test/target/test-dir/MiniOzoneClusterImpl-398c5316-7398-4fb3-bac3-d05c7117414d/datanode-7/data/ratis/8fecde7c-3784-4dd6-a0c1-cb4ea96f2aae/current/log_inprogress_0
2019-09-27 09:23:55,044 [03814bdb-c6b3-415d-8615-039e811c0048@group-CB4EA96F2AAE-SegmentedRaftLogWorker] INFO  segmented.SegmentedRaftLogWorker (SegmentedRaftLogWorker.java:execute(569)) - 03814bdb-c6b3-415d-8615-039e811c0048@group-CB4EA96F2AAE-SegmentedRaftLogWorker: created new log segment /workdir/hadoop-ozone/integration-test/target/test-dir/MiniOzoneClusterImpl-398c5316-7398-4fb3-bac3-d05c7117414d/datanode-3/data/ratis/8fecde7c-3784-4dd6-a0c1-cb4ea96f2aae/current/log_inprogress_0
2019-09-27 09:23:55,083 [main] INFO  ipc.Client (Client.java:handleConnectionFailure(948)) - Retrying connect to server: localhost/127.0.0.1:0. Already tried 2 time(s); retry policy is RetryUpToMaximumCountWithFixedSleep(maxRetries=10, sleepTime=1000 MILLISECONDS)
2019-09-27 09:23:55,147 [Thread-8216] INFO  impl.FollowerState (FollowerState.java:run(106)) - 391bbd77-e270-498a-b344-18095c6f1940:group-49BF442FE5BA changes to CANDIDATE, lastRpcTime:1047, electionTimeout:1047ms
2019-09-27 09:23:55,148 [Thread-8216] INFO  impl.RoleInfo (RoleInfo.java:shutdownFollowerState(121)) - 391bbd77-e270-498a-b344-18095c6f1940: shutdown FollowerState
2019-09-27 09:23:55,148 [Thread-8216] INFO  impl.RaftServerImpl (RaftServerImpl.java:setRole(174)) - 391bbd77-e270-498a-b344-18095c6f1940@group-49BF442FE5BA: changes role from  FOLLOWER to CANDIDATE at term 2 for changeToCandidate
2019-09-27 09:23:55,148 [Thread-8216] INFO  impl.RoleInfo (RoleInfo.java:updateAndGet(143)) - 391bbd77-e270-498a-b344-18095c6f1940: start LeaderElection
2019-09-27 09:23:55,162 [391bbd77-e270-498a-b344-18095c6f1940@group-49BF442FE5BA:LeaderElection152] INFO  impl.LeaderElection (LeaderElection.java:askForVotes(182)) - 391bbd77-e270-498a-b344-18095c6f1940@group-49BF442FE5BA:LeaderElection152: begin an election at term 3 for -1: [42a6dc71-468f-4bda-a1ef-3415db0682d5:192.168.151.103:35261, de56bb40-4206-44bb-8a25-0aa735fdda15:192.168.151.103:35304, 391bbd77-e270-498a-b344-18095c6f1940:192.168.151.103:34484], old=null
2019-09-27 09:23:55,163 [grpc-default-executor-2] INFO  impl.RaftServerImpl (RaftServerImpl.java:setRole(174)) - 42a6dc71-468f-4bda-a1ef-3415db0682d5@group-49BF442FE5BA: changes role from  FOLLOWER to FOLLOWER at term 3 for recognizeCandidate:391bbd77-e270-498a-b344-18095c6f1940
2019-09-27 09:23:55,164 [grpc-default-executor-2] INFO  impl.RoleInfo (RoleInfo.java:shutdownFollowerState(121)) - 42a6dc71-468f-4bda-a1ef-3415db0682d5: shutdown FollowerState
2019-09-27 09:23:55,164 [grpc-default-executor-1] INFO  impl.RaftServerImpl (RaftServerImpl.java:setRole(174)) - de56bb40-4206-44bb-8a25-0aa735fdda15@group-49BF442FE5BA: changes role from  FOLLOWER to FOLLOWER at term 3 for recognizeCandidate:391bbd77-e270-498a-b344-18095c6f1940
2019-09-27 09:23:55,164 [grpc-default-executor-2] INFO  impl.RoleInfo (RoleInfo.java:updateAndGet(143)) - 42a6dc71-468f-4bda-a1ef-3415db0682d5: start FollowerState
2019-09-27 09:23:55,164 [Thread-8217] INFO  impl.FollowerState (FollowerState.java:run(115)) - 42a6dc71-468f-4bda-a1ef-3415db0682d5: FollowerState was interrupted: java.lang.InterruptedException: sleep interrupted
2019-09-27 09:23:55,164 [grpc-default-executor-1] INFO  impl.RoleInfo (RoleInfo.java:shutdownFollowerState(121)) - de56bb40-4206-44bb-8a25-0aa735fdda15: shutdown FollowerState
2019-09-27 09:23:55,164 [grpc-default-executor-1] INFO  impl.RoleInfo (RoleInfo.java:updateAndGet(143)) - de56bb40-4206-44bb-8a25-0aa735fdda15: start FollowerState
2019-09-27 09:23:55,165 [Thread-8215] INFO  impl.FollowerState (FollowerState.java:run(115)) - de56bb40-4206-44bb-8a25-0aa735fdda15: FollowerState was interrupted: java.lang.InterruptedException: sleep interrupted
2019-09-27 09:23:55,179 [391bbd77-e270-498a-b344-18095c6f1940@group-49BF442FE5BA:LeaderElection152] INFO  impl.LeaderElection (LeaderElection.java:logAndReturn(56)) - 391bbd77-e270-498a-b344-18095c6f1940@group-49BF442FE5BA:LeaderElection152: Election PASSED; received 1 response(s) [391bbd77-e270-498a-b344-18095c6f1940<-de56bb40-4206-44bb-8a25-0aa735fdda15#0:OK-t3] and 0 exception(s); 391bbd77-e270-498a-b344-18095c6f1940@group-49BF442FE5BA:t3, leader=null, voted=391bbd77-e270-498a-b344-18095c6f1940, raftlog=391bbd77-e270-498a-b344-18095c6f1940@group-49BF442FE5BA-SegmentedRaftLog:OPENED:c-1,f-1,i0, conf=-1: [42a6dc71-468f-4bda-a1ef-3415db0682d5:192.168.151.103:35261, de56bb40-4206-44bb-8a25-0aa735fdda15:192.168.151.103:35304, 391bbd77-e270-498a-b344-18095c6f1940:192.168.151.103:34484], old=null
2019-09-27 09:23:55,179 [391bbd77-e270-498a-b344-18095c6f1940@group-49BF442FE5BA:LeaderElection152] INFO  impl.RoleInfo (RoleInfo.java:shutdownLeaderElection(134)) - 391bbd77-e270-498a-b344-18095c6f1940: shutdown LeaderElection
2019-09-27 09:23:55,179 [391bbd77-e270-498a-b344-18095c6f1940@group-49BF442FE5BA:LeaderElection152] INFO  impl.RaftServerImpl (RaftServerImpl.java:setRole(174)) - 391bbd77-e270-498a-b344-18095c6f1940@group-49BF442FE5BA: changes role from CANDIDATE to LEADER at term 3 for changeToLeader
2019-09-27 09:23:55,179 [391bbd77-e270-498a-b344-18095c6f1940@group-49BF442FE5BA:LeaderElection152] INFO  impl.RaftServerImpl (ServerState.java:setLeader(253)) - 391bbd77-e270-498a-b344-18095c6f1940@group-49BF442FE5BA: change Leader from null to 391bbd77-e270-498a-b344-18095c6f1940 at term 3 for becomeLeader, leader elected after 3451ms
2019-09-27 09:23:55,179 [391bbd77-e270-498a-b344-18095c6f1940@group-49BF442FE5BA:LeaderElection152] INFO  server.RaftServerConfigKeys (ConfUtils.java:logGet(43)) - raft.server.staging.catchup.gap = 1000 (default)
2019-09-27 09:23:55,180 [391bbd77-e270-498a-b344-18095c6f1940@group-49BF442FE5BA:LeaderElection152] INFO  server.RaftServerConfigKeys (ConfUtils.java:logGet(43)) - raft.server.rpc.sleep.time = 25ms (default)
2019-09-27 09:23:55,180 [391bbd77-e270-498a-b344-18095c6f1940@group-49BF442FE5BA:LeaderElection152] INFO  server.RaftServerConfigKeys (ConfUtils.java:logGet(43)) - raft.server.write.element-limit = 4096 (default)
2019-09-27 09:23:55,180 [391bbd77-e270-498a-b344-18095c6f1940@group-49BF442FE5BA:LeaderElection152] INFO  server.RaftServerConfigKeys (ConfUtils.java:logGet(43)) - raft.server.watch.timeout = 10s (default)
2019-09-27 09:23:55,180 [391bbd77-e270-498a-b344-18095c6f1940@group-49BF442FE5BA:LeaderElection152] INFO  server.RaftServerConfigKeys (ConfUtils.java:logGet(43)) - raft.server.watch.timeout.denomination = 1s (default)
2019-09-27 09:23:55,180 [391bbd77-e270-498a-b344-18095c6f1940@group-49BF442FE5BA:LeaderElection152] INFO  server.RaftServerConfigKeys (ConfUtils.java:logGet(43)) - raft.server.watch.element-limit = 65536 (default)
2019-09-27 09:23:55,182 [391bbd77-e270-498a-b344-18095c6f1940@group-49BF442FE5BA:LeaderElection152] INFO  server.RaftServerConfigKeys (ConfUtils.java:logGet(43)) - raft.server.log.appender.snapshot.chunk.size.max = 16MB (=16777216) (default)
2019-09-27 09:23:55,182 [391bbd77-e270-498a-b344-18095c6f1940@group-49BF442FE5BA:LeaderElection152] INFO  server.RaftServerConfigKeys (ConfUtils.java:logGet(43)) - raft.server.log.appender.buffer.byte-limit = 33554432 (custom)
2019-09-27 09:23:55,182 [391bbd77-e270-498a-b344-18095c6f1940@group-49BF442FE5BA:LeaderElection152] INFO  server.RaftServerConfigKeys (ConfUtils.java:logGet(43)) - raft.server.log.appender.buffer.element-limit = 1 (custom)
2019-09-27 09:23:55,182 [391bbd77-e270-498a-b344-18095c6f1940@group-49BF442FE5BA:LeaderElection152] INFO  grpc.GrpcConfigKeys$Server (ConfUtils.java:logGet(43)) - raft.grpc.server.leader.outstanding.appends.max = 128 (default)
2019-09-27 09:23:55,182 [391bbd77-e270-498a-b344-18095c6f1940@group-49BF442FE5BA:LeaderElection152] INFO  server.RaftServerConfigKeys (ConfUtils.java:logGet(43)) - raft.server.rpc.request.timeout = 3000ms (default)
2019-09-27 09:23:55,183 [391bbd77-e270-498a-b344-18095c6f1940@group-49BF442FE5BA:LeaderElection152] INFO  server.RaftServerConfigKeys (ConfUtils.java:logGet(43)) - raft.server.log.appender.install.snapshot.enabled = false (custom)
2019-09-27 09:23:55,183 [391bbd77-e270-498a-b344-18095c6f1940@group-49BF442FE5BA:LeaderElection152] INFO  server.RaftServerConfigKeys (ConfUtils.java:logGet(43)) - raft.server.log.appender.snapshot.chunk.size.max = 16MB (=16777216) (default)
2019-09-27 09:23:55,183 [391bbd77-e270-498a-b344-18095c6f1940@group-49BF442FE5BA:LeaderElection152] INFO  server.RaftServerConfigKeys (ConfUtils.java:logGet(43)) - raft.server.log.appender.buffer.byte-limit = 33554432 (custom)
2019-09-27 09:23:55,183 [391bbd77-e270-498a-b344-18095c6f1940@group-49BF442FE5BA:LeaderElection152] INFO  server.RaftServerConfigKeys (ConfUtils.java:logGet(43)) - raft.server.log.appender.buffer.element-limit = 1 (custom)
2019-09-27 09:23:55,183 [391bbd77-e270-498a-b344-18095c6f1940@group-49BF442FE5BA:LeaderElection152] INFO  grpc.GrpcConfigKeys$Server (ConfUtils.java:logGet(43)) - raft.grpc.server.leader.outstanding.appends.max = 128 (default)
2019-09-27 09:23:55,183 [391bbd77-e270-498a-b344-18095c6f1940@group-49BF442FE5BA:LeaderElection152] INFO  server.RaftServerConfigKeys (ConfUtils.java:logGet(43)) - raft.server.rpc.request.timeout = 3000ms (default)
2019-09-27 09:23:55,183 [391bbd77-e270-498a-b344-18095c6f1940@group-49BF442FE5BA:LeaderElection152] INFO  server.RaftServerConfigKeys (ConfUtils.java:logGet(43)) - raft.server.log.appender.install.snapshot.enabled = false (custom)
2019-09-27 09:23:55,184 [391bbd77-e270-498a-b344-18095c6f1940@group-49BF442FE5BA:LeaderElection152] INFO  impl.RoleInfo (RoleInfo.java:updateAndGet(143)) - 391bbd77-e270-498a-b344-18095c6f1940: start LeaderState
2019-09-27 09:23:55,184 [391bbd77-e270-498a-b344-18095c6f1940@group-49BF442FE5BA:LeaderElection152] INFO  segmented.SegmentedRaftLogWorker (SegmentedRaftLogWorker.java:startLogSegment(380)) - 391bbd77-e270-498a-b344-18095c6f1940@group-49BF442FE5BA-SegmentedRaftLogWorker: Starting segment from index:0
2019-09-27 09:23:55,185 [391bbd77-e270-498a-b344-18095c6f1940@group-49BF442FE5BA:LeaderElection152] INFO  impl.RaftServerImpl (ServerState.java:setRaftConf(354)) - 391bbd77-e270-498a-b344-18095c6f1940@group-49BF442FE5BA: set configuration 0: [42a6dc71-468f-4bda-a1ef-3415db0682d5:192.168.151.103:35261, de56bb40-4206-44bb-8a25-0aa735fdda15:192.168.151.103:35304, 391bbd77-e270-498a-b344-18095c6f1940:192.168.151.103:34484], old=null at 0
2019-09-27 09:23:55,186 [grpc-default-executor-2] INFO  impl.RaftServerImpl (ServerState.java:setLeader(253)) - 42a6dc71-468f-4bda-a1ef-3415db0682d5@group-49BF442FE5BA: change Leader from null to 391bbd77-e270-498a-b344-18095c6f1940 at term 3 for appendEntries, leader elected after 3458ms
2019-09-27 09:23:55,186 [grpc-default-executor-1] INFO  impl.RaftServerImpl (ServerState.java:setLeader(253)) - de56bb40-4206-44bb-8a25-0aa735fdda15@group-49BF442FE5BA: change Leader from null to 391bbd77-e270-498a-b344-18095c6f1940 at term 3 for appendEntries, leader elected after 3458ms
2019-09-27 09:23:55,209 [grpc-default-executor-1] INFO  impl.RaftServerImpl (ServerState.java:setRaftConf(354)) - 42a6dc71-468f-4bda-a1ef-3415db0682d5@group-49BF442FE5BA: set configuration 0: [42a6dc71-468f-4bda-a1ef-3415db0682d5:192.168.151.103:35261, de56bb40-4206-44bb-8a25-0aa735fdda15:192.168.151.103:35304, 391bbd77-e270-498a-b344-18095c6f1940:192.168.151.103:34484], old=null at 0
2019-09-27 09:23:55,209 [grpc-default-executor-2] INFO  impl.RaftServerImpl (ServerState.java:setRaftConf(354)) - de56bb40-4206-44bb-8a25-0aa735fdda15@group-49BF442FE5BA: set configuration 0: [42a6dc71-468f-4bda-a1ef-3415db0682d5:192.168.151.103:35261, de56bb40-4206-44bb-8a25-0aa735fdda15:192.168.151.103:35304, 391bbd77-e270-498a-b344-18095c6f1940:192.168.151.103:34484], old=null at 0
2019-09-27 09:23:55,209 [grpc-default-executor-1] INFO  segmented.SegmentedRaftLogWorker (SegmentedRaftLogWorker.java:startLogSegment(380)) - 42a6dc71-468f-4bda-a1ef-3415db0682d5@group-49BF442FE5BA-SegmentedRaftLogWorker: Starting segment from index:0
2019-09-27 09:23:55,210 [grpc-default-executor-2] INFO  segmented.SegmentedRaftLogWorker (SegmentedRaftLogWorker.java:startLogSegment(380)) - de56bb40-4206-44bb-8a25-0aa735fdda15@group-49BF442FE5BA-SegmentedRaftLogWorker: Starting segment from index:0
2019-09-27 09:23:55,221 [391bbd77-e270-498a-b344-18095c6f1940@group-49BF442FE5BA-SegmentedRaftLogWorker] INFO  segmented.SegmentedRaftLogWorker (SegmentedRaftLogWorker.java:execute(569)) - 391bbd77-e270-498a-b344-18095c6f1940@group-49BF442FE5BA-SegmentedRaftLogWorker: created new log segment /workdir/hadoop-ozone/integration-test/target/test-dir/MiniOzoneClusterImpl-398c5316-7398-4fb3-bac3-d05c7117414d/datanode-0/data/ratis/d0555c21-837f-47f7-828c-49bf442fe5ba/current/log_inprogress_0
2019-09-27 09:23:55,256 [42a6dc71-468f-4bda-a1ef-3415db0682d5@group-49BF442FE5BA-SegmentedRaftLogWorker] INFO  segmented.SegmentedRaftLogWorker (SegmentedRaftLogWorker.java:execute(569)) - 42a6dc71-468f-4bda-a1ef-3415db0682d5@group-49BF442FE5BA-SegmentedRaftLogWorker: created new log segment /workdir/hadoop-ozone/integration-test/target/test-dir/MiniOzoneClusterImpl-398c5316-7398-4fb3-bac3-d05c7117414d/datanode-2/data/ratis/d0555c21-837f-47f7-828c-49bf442fe5ba/current/log_inprogress_0
2019-09-27 09:23:55,256 [de56bb40-4206-44bb-8a25-0aa735fdda15@group-49BF442FE5BA-SegmentedRaftLogWorker] INFO  segmented.SegmentedRaftLogWorker (SegmentedRaftLogWorker.java:execute(569)) - de56bb40-4206-44bb-8a25-0aa735fdda15@group-49BF442FE5BA-SegmentedRaftLogWorker: created new log segment /workdir/hadoop-ozone/integration-test/target/test-dir/MiniOzoneClusterImpl-398c5316-7398-4fb3-bac3-d05c7117414d/datanode-1/data/ratis/d0555c21-837f-47f7-828c-49bf442fe5ba/current/log_inprogress_0
2019-09-27 09:23:56,084 [main] INFO  ipc.Client (Client.java:handleConnectionFailure(948)) - Retrying connect to server: localhost/127.0.0.1:0. Already tried 3 time(s); retry policy is RetryUpToMaximumCountWithFixedSleep(maxRetries=10, sleepTime=1000 MILLISECONDS)
2019-09-27 09:23:57,085 [main] INFO  ipc.Client (Client.java:handleConnectionFailure(948)) - Retrying connect to server: localhost/127.0.0.1:0. Already tried 4 time(s); retry policy is RetryUpToMaximumCountWithFixedSleep(maxRetries=10, sleepTime=1000 MILLISECONDS)
2019-09-27 09:23:58,086 [main] INFO  ipc.Client (Client.java:handleConnectionFailure(948)) - Retrying connect to server: localhost/127.0.0.1:0. Already tried 5 time(s); retry policy is RetryUpToMaximumCountWithFixedSleep(maxRetries=10, sleepTime=1000 MILLISECONDS)
2019-09-27 09:23:59,087 [main] INFO  ipc.Client (Client.java:handleConnectionFailure(948)) - Retrying connect to server: localhost/127.0.0.1:0. Already tried 6 time(s); retry policy is RetryUpToMaximumCountWithFixedSleep(maxRetries=10, sleepTime=1000 MILLISECONDS)
2019-09-27 09:24:00,088 [main] INFO  ipc.Client (Client.java:handleConnectionFailure(948)) - Retrying connect to server: localhost/127.0.0.1:0. Already tried 7 time(s); retry policy is RetryUpToMaximumCountWithFixedSleep(maxRetries=10, sleepTime=1000 MILLISECONDS)
2019-09-27 09:24:01,089 [main] INFO  ipc.Client (Client.java:handleConnectionFailure(948)) - Retrying connect to server: localhost/127.0.0.1:0. Already tried 8 time(s); retry policy is RetryUpToMaximumCountWithFixedSleep(maxRetries=10, sleepTime=1000 MILLISECONDS)
2019-09-27 09:24:02,090 [main] INFO  ipc.Client (Client.java:handleConnectionFailure(948)) - Retrying connect to server: localhost/127.0.0.1:0. Already tried 9 time(s); retry policy is RetryUpToMaximumCountWithFixedSleep(maxRetries=10, sleepTime=1000 MILLISECONDS)
2019-09-27 09:24:03,093 [main] INFO  ipc.Client (Client.java:handleConnectionFailure(948)) - Retrying connect to server: localhost/127.0.0.1:0. Already tried 0 time(s); retry policy is RetryUpToMaximumCountWithFixedSleep(maxRetries=10, sleepTime=1000 MILLISECONDS)
2019-09-27 09:24:04,094 [main] INFO  ipc.Client (Client.java:handleConnectionFailure(948)) - Retrying connect to server: localhost/127.0.0.1:0. Already tried 1 time(s); retry policy is RetryUpToMaximumCountWithFixedSleep(maxRetries=10, sleepTime=1000 MILLISECONDS)
2019-09-27 09:24:05,095 [main] INFO  ipc.Client (Client.java:handleConnectionFailure(948)) - Retrying connect to server: localhost/127.0.0.1:0. Already tried 2 time(s); retry policy is RetryUpToMaximumCountWithFixedSleep(maxRetries=10, sleepTime=1000 MILLISECONDS)
2019-09-27 09:24:06,096 [main] INFO  ipc.Client (Client.java:handleConnectionFailure(948)) - Retrying connect to server: localhost/127.0.0.1:0. Already tried 3 time(s); retry policy is RetryUpToMaximumCountWithFixedSleep(maxRetries=10, sleepTime=1000 MILLISECONDS)
2019-09-27 09:24:07,097 [main] INFO  ipc.Client (Client.java:handleConnectionFailure(948)) - Retrying connect to server: localhost/127.0.0.1:0. Already tried 4 time(s); retry policy is RetryUpToMaximumCountWithFixedSleep(maxRetries=10, sleepTime=1000 MILLISECONDS)
2019-09-27 09:24:08,098 [main] INFO  ipc.Client (Client.java:handleConnectionFailure(948)) - Retrying connect to server: localhost/127.0.0.1:0. Already tried 5 time(s); retry policy is RetryUpToMaximumCountWithFixedSleep(maxRetries=10, sleepTime=1000 MILLISECONDS)
2019-09-27 09:24:09,099 [main] INFO  ipc.Client (Client.java:handleConnectionFailure(948)) - Retrying connect to server: localhost/127.0.0.1:0. Already tried 6 time(s); retry policy is RetryUpToMaximumCountWithFixedSleep(maxRetries=10, sleepTime=1000 MILLISECONDS)
2019-09-27 09:24:10,100 [main] INFO  ipc.Client (Client.java:handleConnectionFailure(948)) - Retrying connect to server: localhost/127.0.0.1:0. Already tried 7 time(s); retry policy is RetryUpToMaximumCountWithFixedSleep(maxRetries=10, sleepTime=1000 MILLISECONDS)
2019-09-27 09:24:11,101 [main] INFO  ipc.Client (Client.java:handleConnectionFailure(948)) - Retrying connect to server: localhost/127.0.0.1:0. Already tried 8 time(s); retry policy is RetryUpToMaximumCountWithFixedSleep(maxRetries=10, sleepTime=1000 MILLISECONDS)
2019-09-27 09:24:12,102 [main] INFO  ipc.Client (Client.java:handleConnectionFailure(948)) - Retrying connect to server: localhost/127.0.0.1:0. Already tried 9 time(s); retry policy is RetryUpToMaximumCountWithFixedSleep(maxRetries=10, sleepTime=1000 MILLISECONDS)
2019-09-27 09:24:12,103 [main] INFO  retry.RetryInvocationHandler (RetryInvocationHandler.java:log(411)) - com.google.protobuf.ServiceException: java.net.ConnectException: Your endpoint configuration is wrong; For more details see:  http://wiki.apache.org/hadoop/UnsetHostnameOrPort, while invoking $Proxy35.submitRequest over nodeId=null,nodeAddress=127.0.0.1:0 after 1 failover attempts. Trying to failover immediately.
2019-09-27 09:24:13,104 [main] INFO  ipc.Client (Client.java:handleConnectionFailure(948)) - Retrying connect to server: localhost/127.0.0.1:0. Already tried 0 time(s); retry policy is RetryUpToMaximumCountWithFixedSleep(maxRetries=10, sleepTime=1000 MILLISECONDS)
2019-09-27 09:24:14,105 [main] INFO  ipc.Client (Client.java:handleConnectionFailure(948)) - Retrying connect to server: localhost/127.0.0.1:0. Already tried 1 time(s); retry policy is RetryUpToMaximumCountWithFixedSleep(maxRetries=10, sleepTime=1000 MILLISECONDS)
2019-09-27 09:24:15,106 [main] INFO  ipc.Client (Client.java:handleConnectionFailure(948)) - Retrying connect to server: localhost/127.0.0.1:0. Already tried 2 time(s); retry policy is RetryUpToMaximumCountWithFixedSleep(maxRetries=10, sleepTime=1000 MILLISECONDS)
2019-09-27 09:24:16,107 [main] INFO  ipc.Client (Client.java:handleConnectionFailure(948)) - Retrying connect to server: localhost/127.0.0.1:0. Already tried 3 time(s); retry policy is RetryUpToMaximumCountWithFixedSleep(maxRetries=10, sleepTime=1000 MILLISECONDS)
2019-09-27 09:24:17,108 [main] INFO  ipc.Client (Client.java:handleConnectionFailure(948)) - Retrying connect to server: localhost/127.0.0.1:0. Already tried 4 time(s); retry policy is RetryUpToMaximumCountWithFixedSleep(maxRetries=10, sleepTime=1000 MILLISECONDS)
2019-09-27 09:24:18,109 [main] INFO  ipc.Client (Client.java:handleConnectionFailure(948)) - Retrying connect to server: localhost/127.0.0.1:0. Already tried 5 time(s); retry policy is RetryUpToMaximumCountWithFixedSleep(maxRetries=10, sleepTime=1000 MILLISECONDS)
2019-09-27 09:24:19,110 [main] INFO  ipc.Client (Client.java:handleConnectionFailure(948)) - Retrying connect to server: localhost/127.0.0.1:0. Already tried 6 time(s); retry policy is RetryUpToMaximumCountWithFixedSleep(maxRetries=10, sleepTime=1000 MILLISECONDS)
2019-09-27 09:24:20,111 [main] INFO  ipc.Client (Client.java:handleConnectionFailure(948)) - Retrying connect to server: localhost/127.0.0.1:0. Already tried 7 time(s); retry policy is RetryUpToMaximumCountWithFixedSleep(maxRetries=10, sleepTime=1000 MILLISECONDS)
2019-09-27 09:24:21,112 [main] INFO  ipc.Client (Client.java:handleConnectionFailure(948)) - Retrying connect to server: localhost/127.0.0.1:0. Already tried 8 time(s); retry policy is RetryUpToMaximumCountWithFixedSleep(maxRetries=10, sleepTime=1000 MILLISECONDS)
2019-09-27 09:24:22,113 [main] INFO  ipc.Client (Client.java:handleConnectionFailure(948)) - Retrying connect to server: localhost/127.0.0.1:0. Already tried 9 time(s); retry policy is RetryUpToMaximumCountWithFixedSleep(maxRetries=10, sleepTime=1000 MILLISECONDS)
2019-09-27 09:24:22,114 [main] INFO  retry.RetryInvocationHandler (RetryInvocationHandler.java:log(411)) - com.google.protobuf.ServiceException: java.net.ConnectException: Your endpoint configuration is wrong; For more details see:  http://wiki.apache.org/hadoop/UnsetHostnameOrPort, while invoking $Proxy35.submitRequest over nodeId=null,nodeAddress=127.0.0.1:0 after 2 failover attempts. Trying to failover immediately.
2019-09-27 09:24:23,115 [main] INFO  ipc.Client (Client.java:handleConnectionFailure(948)) - Retrying connect to server: localhost/127.0.0.1:0. Already tried 0 time(s); retry policy is RetryUpToMaximumCountWithFixedSleep(maxRetries=10, sleepTime=1000 MILLISECONDS)
2019-09-27 09:24:24,116 [main] INFO  ipc.Client (Client.java:handleConnectionFailure(948)) - Retrying connect to server: localhost/127.0.0.1:0. Already tried 1 time(s); retry policy is RetryUpToMaximumCountWithFixedSleep(maxRetries=10, sleepTime=1000 MILLISECONDS)
2019-09-27 09:24:25,117 [main] INFO  ipc.Client (Client.java:handleConnectionFailure(948)) - Retrying connect to server: localhost/127.0.0.1:0. Already tried 2 time(s); retry policy is RetryUpToMaximumCountWithFixedSleep(maxRetries=10, sleepTime=1000 MILLISECONDS)
2019-09-27 09:24:26,118 [main] INFO  ipc.Client (Client.java:handleConnectionFailure(948)) - Retrying connect to server: localhost/127.0.0.1:0. Already tried 3 time(s); retry policy is RetryUpToMaximumCountWithFixedSleep(maxRetries=10, sleepTime=1000 MILLISECONDS)
2019-09-27 09:24:27,119 [main] INFO  ipc.Client (Client.java:handleConnectionFailure(948)) - Retrying connect to server: localhost/127.0.0.1:0. Already tried 4 time(s); retry policy is RetryUpToMaximumCountWithFixedSleep(maxRetries=10, sleepTime=1000 MILLISECONDS)
2019-09-27 09:24:28,120 [main] INFO  ipc.Client (Client.java:handleConnectionFailure(948)) - Retrying connect to server: localhost/127.0.0.1:0. Already tried 5 time(s); retry policy is RetryUpToMaximumCountWithFixedSleep(maxRetries=10, sleepTime=1000 MILLISECONDS)
2019-09-27 09:24:29,121 [main] INFO  ipc.Client (Client.java:handleConnectionFailure(948)) - Retrying connect to server: localhost/127.0.0.1:0. Already tried 6 time(s); retry policy is RetryUpToMaximumCountWithFixedSleep(maxRetries=10, sleepTime=1000 MILLISECONDS)
2019-09-27 09:24:30,122 [main] INFO  ipc.Client (Client.java:handleConnectionFailure(948)) - Retrying connect to server: localhost/127.0.0.1:0. Already tried 7 time(s); retry policy is RetryUpToMaximumCountWithFixedSleep(maxRetries=10, sleepTime=1000 MILLISECONDS)
2019-09-27 09:24:31,123 [main] INFO  ipc.Client (Client.java:handleConnectionFailure(948)) - Retrying connect to server: localhost/127.0.0.1:0. Already tried 8 time(s); retry policy is RetryUpToMaximumCountWithFixedSleep(maxRetries=10, sleepTime=1000 MILLISECONDS)
2019-09-27 09:24:32,124 [main] INFO  ipc.Client (Client.java:handleConnectionFailure(948)) - Retrying connect to server: localhost/127.0.0.1:0. Already tried 9 time(s); retry policy is RetryUpToMaximumCountWithFixedSleep(maxRetries=10, sleepTime=1000 MILLISECONDS)
2019-09-27 09:24:32,125 [main] INFO  retry.RetryInvocationHandler (RetryInvocationHandler.java:log(411)) - com.google.protobuf.ServiceException: java.net.ConnectException: Your endpoint configuration is wrong; For more details see:  http://wiki.apache.org/hadoop/UnsetHostnameOrPort, while invoking $Proxy35.submitRequest over nodeId=null,nodeAddress=127.0.0.1:0 after 3 failover attempts. Trying to failover immediately.
2019-09-27 09:24:33,126 [main] INFO  ipc.Client (Client.java:handleConnectionFailure(948)) - Retrying connect to server: localhost/127.0.0.1:0. Already tried 0 time(s); retry policy is RetryUpToMaximumCountWithFixedSleep(maxRetries=10, sleepTime=1000 MILLISECONDS)
2019-09-27 09:24:34,127 [main] INFO  ipc.Client (Client.java:handleConnectionFailure(948)) - Retrying connect to server: localhost/127.0.0.1:0. Already tried 1 time(s); retry policy is RetryUpToMaximumCountWithFixedSleep(maxRetries=10, sleepTime=1000 MILLISECONDS)
2019-09-27 09:24:35,128 [main] INFO  ipc.Client (Client.java:handleConnectionFailure(948)) - Retrying connect to server: localhost/127.0.0.1:0. Already tried 2 time(s); retry policy is RetryUpToMaximumCountWithFixedSleep(maxRetries=10, sleepTime=1000 MILLISECONDS)
2019-09-27 09:24:36,129 [main] INFO  ipc.Client (Client.java:handleConnectionFailure(948)) - Retrying connect to server: localhost/127.0.0.1:0. Already tried 3 time(s); retry policy is RetryUpToMaximumCountWithFixedSleep(maxRetries=10, sleepTime=1000 MILLISECONDS)
2019-09-27 09:24:37,130 [main] INFO  ipc.Client (Client.java:handleConnectionFailure(948)) - Retrying connect to server: localhost/127.0.0.1:0. Already tried 4 time(s); retry policy is RetryUpToMaximumCountWithFixedSleep(maxRetries=10, sleepTime=1000 MILLISECONDS)
2019-09-27 09:24:38,131 [main] INFO  ipc.Client (Client.java:handleConnectionFailure(948)) - Retrying connect to server: localhost/127.0.0.1:0. Already tried 5 time(s); retry policy is RetryUpToMaximumCountWithFixedSleep(maxRetries=10, sleepTime=1000 MILLISECONDS)
2019-09-27 09:24:39,132 [main] INFO  ipc.Client (Client.java:handleConnectionFailure(948)) - Retrying connect to server: localhost/127.0.0.1:0. Already tried 6 time(s); retry policy is RetryUpToMaximumCountWithFixedSleep(maxRetries=10, sleepTime=1000 MILLISECONDS)
2019-09-27 09:24:40,134 [main] INFO  ipc.Client (Client.java:handleConnectionFailure(948)) - Retrying connect to server: localhost/127.0.0.1:0. Already tried 7 time(s); retry policy is RetryUpToMaximumCountWithFixedSleep(maxRetries=10, sleepTime=1000 MILLISECONDS)
2019-09-27 09:24:41,135 [main] INFO  ipc.Client (Client.java:handleConnectionFailure(948)) - Retrying connect to server: localhost/127.0.0.1:0. Already tried 8 time(s); retry policy is RetryUpToMaximumCountWithFixedSleep(maxRetries=10, sleepTime=1000 MILLISECONDS)
2019-09-27 09:24:42,136 [main] INFO  ipc.Client (Client.java:handleConnectionFailure(948)) - Retrying connect to server: localhost/127.0.0.1:0. Already tried 9 time(s); retry policy is RetryUpToMaximumCountWithFixedSleep(maxRetries=10, sleepTime=1000 MILLISECONDS)
2019-09-27 09:24:42,138 [main] INFO  retry.RetryInvocationHandler (RetryInvocationHandler.java:log(411)) - com.google.protobuf.ServiceException: java.net.ConnectException: Your endpoint configuration is wrong; For more details see:  http://wiki.apache.org/hadoop/UnsetHostnameOrPort, while invoking $Proxy35.submitRequest over nodeId=null,nodeAddress=127.0.0.1:0 after 4 failover attempts. Trying to failover immediately.
2019-09-27 09:24:43,139 [main] INFO  ipc.Client (Client.java:handleConnectionFailure(948)) - Retrying connect to server: localhost/127.0.0.1:0. Already tried 0 time(s); retry policy is RetryUpToMaximumCountWithFixedSleep(maxRetries=10, sleepTime=1000 MILLISECONDS)
2019-09-27 09:24:44,140 [main] INFO  ipc.Client (Client.java:handleConnectionFailure(948)) - Retrying connect to server: localhost/127.0.0.1:0. Already tried 1 time(s); retry policy is RetryUpToMaximumCountWithFixedSleep(maxRetries=10, sleepTime=1000 MILLISECONDS)
2019-09-27 09:24:45,141 [main] INFO  ipc.Client (Client.java:handleConnectionFailure(948)) - Retrying connect to server: localhost/127.0.0.1:0. Already tried 2 time(s); retry policy is RetryUpToMaximumCountWithFixedSleep(maxRetries=10, sleepTime=1000 MILLISECONDS)
2019-09-27 09:24:46,142 [main] INFO  ipc.Client (Client.java:handleConnectionFailure(948)) - Retrying connect to server: localhost/127.0.0.1:0. Already tried 3 time(s); retry policy is RetryUpToMaximumCountWithFixedSleep(maxRetries=10, sleepTime=1000 MILLISECONDS)
2019-09-27 09:24:47,143 [main] INFO  ipc.Client (Client.java:handleConnectionFailure(948)) - Retrying connect to server: localhost/127.0.0.1:0. Already tried 4 time(s); retry policy is RetryUpToMaximumCountWithFixedSleep(maxRetries=10, sleepTime=1000 MILLISECONDS)
2019-09-27 09:24:48,144 [main] INFO  ipc.Client (Client.java:handleConnectionFailure(948)) - Retrying connect to server: localhost/127.0.0.1:0. Already tried 5 time(s); retry policy is RetryUpToMaximumCountWithFixedSleep(maxRetries=10, sleepTime=1000 MILLISECONDS)
2019-09-27 09:24:49,144 [main] INFO  ipc.Client (Client.java:handleConnectionFailure(948)) - Retrying connect to server: localhost/127.0.0.1:0. Already tried 6 time(s); retry policy is RetryUpToMaximumCountWithFixedSleep(maxRetries=10, sleepTime=1000 MILLISECONDS)
2019-09-27 09:24:50,145 [main] INFO  ipc.Client (Client.java:handleConnectionFailure(948)) - Retrying connect to server: localhost/127.0.0.1:0. Already tried 7 time(s); retry policy is RetryUpToMaximumCountWithFixedSleep(maxRetries=10, sleepTime=1000 MILLISECONDS)
2019-09-27 09:24:51,146 [main] INFO  ipc.Client (Client.java:handleConnectionFailure(948)) - Retrying connect to server: localhost/127.0.0.1:0. Already tried 8 time(s); retry policy is RetryUpToMaximumCountWithFixedSleep(maxRetries=10, sleepTime=1000 MILLISECONDS)
2019-09-27 09:24:52,147 [main] INFO  ipc.Client (Client.java:handleConnectionFailure(948)) - Retrying connect to server: localhost/127.0.0.1:0. Already tried 9 time(s); retry policy is RetryUpToMaximumCountWithFixedSleep(maxRetries=10, sleepTime=1000 MILLISECONDS)
2019-09-27 09:24:52,149 [main] INFO  retry.RetryInvocationHandler (RetryInvocationHandler.java:log(411)) - com.google.protobuf.ServiceException: java.net.ConnectException: Your endpoint configuration is wrong; For more details see:  http://wiki.apache.org/hadoop/UnsetHostnameOrPort, while invoking $Proxy35.submitRequest over nodeId=null,nodeAddress=127.0.0.1:0 after 5 failover attempts. Trying to failover immediately.
2019-09-27 09:24:53,149 [main] INFO  ipc.Client (Client.java:handleConnectionFailure(948)) - Retrying connect to server: localhost/127.0.0.1:0. Already tried 0 time(s); retry policy is RetryUpToMaximumCountWithFixedSleep(maxRetries=10, sleepTime=1000 MILLISECONDS)
2019-09-27 09:24:54,150 [main] INFO  ipc.Client (Client.java:handleConnectionFailure(948)) - Retrying connect to server: localhost/127.0.0.1:0. Already tried 1 time(s); retry policy is RetryUpToMaximumCountWithFixedSleep(maxRetries=10, sleepTime=1000 MILLISECONDS)
2019-09-27 09:24:55,151 [main] INFO  ipc.Client (Client.java:handleConnectionFailure(948)) - Retrying connect to server: localhost/127.0.0.1:0. Already tried 2 time(s); retry policy is RetryUpToMaximumCountWithFixedSleep(maxRetries=10, sleepTime=1000 MILLISECONDS)
2019-09-27 09:24:56,152 [main] INFO  ipc.Client (Client.java:handleConnectionFailure(948)) - Retrying connect to server: localhost/127.0.0.1:0. Already tried 3 time(s); retry policy is RetryUpToMaximumCountWithFixedSleep(maxRetries=10, sleepTime=1000 MILLISECONDS)
2019-09-27 09:24:57,153 [main] INFO  ipc.Client (Client.java:handleConnectionFailure(948)) - Retrying connect to server: localhost/127.0.0.1:0. Already tried 4 time(s); retry policy is RetryUpToMaximumCountWithFixedSleep(maxRetries=10, sleepTime=1000 MILLISECONDS)
2019-09-27 09:24:58,154 [main] INFO  ipc.Client (Client.java:handleConnectionFailure(948)) - Retrying connect to server: localhost/127.0.0.1:0. Already tried 5 time(s); retry policy is RetryUpToMaximumCountWithFixedSleep(maxRetries=10, sleepTime=1000 MILLISECONDS)
2019-09-27 09:24:59,155 [main] INFO  ipc.Client (Client.java:handleConnectionFailure(948)) - Retrying connect to server: localhost/127.0.0.1:0. Already tried 6 time(s); retry policy is RetryUpToMaximumCountWithFixedSleep(maxRetries=10, sleepTime=1000 MILLISECONDS)
2019-09-27 09:25:00,156 [main] INFO  ipc.Client (Client.java:handleConnectionFailure(948)) - Retrying connect to server: localhost/127.0.0.1:0. Already tried 7 time(s); retry policy is RetryUpToMaximumCountWithFixedSleep(maxRetries=10, sleepTime=1000 MILLISECONDS)
2019-09-27 09:25:01,157 [main] INFO  ipc.Client (Client.java:handleConnectionFailure(948)) - Retrying connect to server: localhost/127.0.0.1:0. Already tried 8 time(s); retry policy is RetryUpToMaximumCountWithFixedSleep(maxRetries=10, sleepTime=1000 MILLISECONDS)
2019-09-27 09:25:02,158 [main] INFO  ipc.Client (Client.java:handleConnectionFailure(948)) - Retrying connect to server: localhost/127.0.0.1:0. Already tried 9 time(s); retry policy is RetryUpToMaximumCountWithFixedSleep(maxRetries=10, sleepTime=1000 MILLISECONDS)
2019-09-27 09:25:02,159 [main] INFO  retry.RetryInvocationHandler (RetryInvocationHandler.java:log(411)) - com.google.protobuf.ServiceException: java.net.ConnectException: Your endpoint configuration is wrong; For more details see:  http://wiki.apache.org/hadoop/UnsetHostnameOrPort, while invoking $Proxy35.submitRequest over nodeId=null,nodeAddress=127.0.0.1:0 after 6 failover attempts. Trying to failover immediately.
2019-09-27 09:25:03,159 [main] INFO  ipc.Client (Client.java:handleConnectionFailure(948)) - Retrying connect to server: localhost/127.0.0.1:0. Already tried 0 time(s); retry policy is RetryUpToMaximumCountWithFixedSleep(maxRetries=10, sleepTime=1000 MILLISECONDS)
2019-09-27 09:25:04,160 [main] INFO  ipc.Client (Client.java:handleConnectionFailure(948)) - Retrying connect to server: localhost/127.0.0.1:0. Already tried 1 time(s); retry policy is RetryUpToMaximumCountWithFixedSleep(maxRetries=10, sleepTime=1000 MILLISECONDS)
2019-09-27 09:25:05,161 [main] INFO  ipc.Client (Client.java:handleConnectionFailure(948)) - Retrying connect to server: localhost/127.0.0.1:0. Already tried 2 time(s); retry policy is RetryUpToMaximumCountWithFixedSleep(maxRetries=10, sleepTime=1000 MILLISECONDS)
2019-09-27 09:25:06,162 [main] INFO  ipc.Client (Client.java:handleConnectionFailure(948)) - Retrying connect to server: localhost/127.0.0.1:0. Already tried 3 time(s); retry policy is RetryUpToMaximumCountWithFixedSleep(maxRetries=10, sleepTime=1000 MILLISECONDS)
2019-09-27 09:25:07,163 [main] INFO  ipc.Client (Client.java:handleConnectionFailure(948)) - Retrying connect to server: localhost/127.0.0.1:0. Already tried 4 time(s); retry policy is RetryUpToMaximumCountWithFixedSleep(maxRetries=10, sleepTime=1000 MILLISECONDS)
2019-09-27 09:25:08,164 [main] INFO  ipc.Client (Client.java:handleConnectionFailure(948)) - Retrying connect to server: localhost/127.0.0.1:0. Already tried 5 time(s); retry policy is RetryUpToMaximumCountWithFixedSleep(maxRetries=10, sleepTime=1000 MILLISECONDS)
2019-09-27 09:25:09,165 [main] INFO  ipc.Client (Client.java:handleConnectionFailure(948)) - Retrying connect to server: localhost/127.0.0.1:0. Already tried 6 time(s); retry policy is RetryUpToMaximumCountWithFixedSleep(maxRetries=10, sleepTime=1000 MILLISECONDS)
2019-09-27 09:25:10,166 [main] INFO  ipc.Client (Client.java:handleConnectionFailure(948)) - Retrying connect to server: localhost/127.0.0.1:0. Already tried 7 time(s); retry policy is RetryUpToMaximumCountWithFixedSleep(maxRetries=10, sleepTime=1000 MILLISECONDS)
2019-09-27 09:25:11,167 [main] INFO  ipc.Client (Client.java:handleConnectionFailure(948)) - Retrying connect to server: localhost/127.0.0.1:0. Already tried 8 time(s); retry policy is RetryUpToMaximumCountWithFixedSleep(maxRetries=10, sleepTime=1000 MILLISECONDS)
2019-09-27 09:25:12,168 [main] INFO  ipc.Client (Client.java:handleConnectionFailure(948)) - Retrying connect to server: localhost/127.0.0.1:0. Already tried 9 time(s); retry policy is RetryUpToMaximumCountWithFixedSleep(maxRetries=10, sleepTime=1000 MILLISECONDS)
2019-09-27 09:25:12,169 [main] INFO  retry.RetryInvocationHandler (RetryInvocationHandler.java:log(411)) - com.google.protobuf.ServiceException: java.net.ConnectException: Your endpoint configuration is wrong; For more details see:  http://wiki.apache.org/hadoop/UnsetHostnameOrPort, while invoking $Proxy35.submitRequest over nodeId=null,nodeAddress=127.0.0.1:0 after 7 failover attempts. Trying to failover immediately.
2019-09-27 09:25:13,170 [main] INFO  ipc.Client (Client.java:handleConnectionFailure(948)) - Retrying connect to server: localhost/127.0.0.1:0. Already tried 0 time(s); retry policy is RetryUpToMaximumCountWithFixedSleep(maxRetries=10, sleepTime=1000 MILLISECONDS)
2019-09-27 09:25:14,171 [main] INFO  ipc.Client (Client.java:handleConnectionFailure(948)) - Retrying connect to server: localhost/127.0.0.1:0. Already tried 1 time(s); retry policy is RetryUpToMaximumCountWithFixedSleep(maxRetries=10, sleepTime=1000 MILLISECONDS)
2019-09-27 09:25:15,172 [main] INFO  ipc.Client (Client.java:handleConnectionFailure(948)) - Retrying connect to server: localhost/127.0.0.1:0. Already tried 2 time(s); retry policy is RetryUpToMaximumCountWithFixedSleep(maxRetries=10, sleepTime=1000 MILLISECONDS)
2019-09-27 09:25:16,172 [main] INFO  ipc.Client (Client.java:handleConnectionFailure(948)) - Retrying connect to server: localhost/127.0.0.1:0. Already tried 3 time(s); retry policy is RetryUpToMaximumCountWithFixedSleep(maxRetries=10, sleepTime=1000 MILLISECONDS)
2019-09-27 09:25:17,173 [main] INFO  ipc.Client (Client.java:handleConnectionFailure(948)) - Retrying connect to server: localhost/127.0.0.1:0. Already tried 4 time(s); retry policy is RetryUpToMaximumCountWithFixedSleep(maxRetries=10, sleepTime=1000 MILLISECONDS)
2019-09-27 09:25:18,174 [main] INFO  ipc.Client (Client.java:handleConnectionFailure(948)) - Retrying connect to server: localhost/127.0.0.1:0. Already tried 5 time(s); retry policy is RetryUpToMaximumCountWithFixedSleep(maxRetries=10, sleepTime=1000 MILLISECONDS)
2019-09-27 09:25:19,175 [main] INFO  ipc.Client (Client.java:handleConnectionFailure(948)) - Retrying connect to server: localhost/127.0.0.1:0. Already tried 6 time(s); retry policy is RetryUpToMaximumCountWithFixedSleep(maxRetries=10, sleepTime=1000 MILLISECONDS)
2019-09-27 09:25:20,176 [main] INFO  ipc.Client (Client.java:handleConnectionFailure(948)) - Retrying connect to server: localhost/127.0.0.1:0. Already tried 7 time(s); retry policy is RetryUpToMaximumCountWithFixedSleep(maxRetries=10, sleepTime=1000 MILLISECONDS)
2019-09-27 09:25:21,177 [main] INFO  ipc.Client (Client.java:handleConnectionFailure(948)) - Retrying connect to server: localhost/127.0.0.1:0. Already tried 8 time(s); retry policy is RetryUpToMaximumCountWithFixedSleep(maxRetries=10, sleepTime=1000 MILLISECONDS)
2019-09-27 09:25:22,178 [main] INFO  ipc.Client (Client.java:handleConnectionFailure(948)) - Retrying connect to server: localhost/127.0.0.1:0. Already tried 9 time(s); retry policy is RetryUpToMaximumCountWithFixedSleep(maxRetries=10, sleepTime=1000 MILLISECONDS)
2019-09-27 09:25:22,179 [main] INFO  retry.RetryInvocationHandler (RetryInvocationHandler.java:log(411)) - com.google.protobuf.ServiceException: java.net.ConnectException: Your endpoint configuration is wrong; For more details see:  http://wiki.apache.org/hadoop/UnsetHostnameOrPort, while invoking $Proxy35.submitRequest over nodeId=null,nodeAddress=127.0.0.1:0 after 8 failover attempts. Trying to failover immediately.
2019-09-27 09:25:23,180 [main] INFO  ipc.Client (Client.java:handleConnectionFailure(948)) - Retrying connect to server: localhost/127.0.0.1:0. Already tried 0 time(s); retry policy is RetryUpToMaximumCountWithFixedSleep(maxRetries=10, sleepTime=1000 MILLISECONDS)
2019-09-27 09:25:24,181 [main] INFO  ipc.Client (Client.java:handleConnectionFailure(948)) - Retrying connect to server: localhost/127.0.0.1:0. Already tried 1 time(s); retry policy is RetryUpToMaximumCountWithFixedSleep(maxRetries=10, sleepTime=1000 MILLISECONDS)
2019-09-27 09:25:25,182 [main] INFO  ipc.Client (Client.java:handleConnectionFailure(948)) - Retrying connect to server: localhost/127.0.0.1:0. Already tried 2 time(s); retry policy is RetryUpToMaximumCountWithFixedSleep(maxRetries=10, sleepTime=1000 MILLISECONDS)
2019-09-27 09:25:26,183 [main] INFO  ipc.Client (Client.java:handleConnectionFailure(948)) - Retrying connect to server: localhost/127.0.0.1:0. Already tried 3 time(s); retry policy is RetryUpToMaximumCountWithFixedSleep(maxRetries=10, sleepTime=1000 MILLISECONDS)
2019-09-27 09:25:27,183 [main] INFO  ipc.Client (Client.java:handleConnectionFailure(948)) - Retrying connect to server: localhost/127.0.0.1:0. Already tried 4 time(s); retry policy is RetryUpToMaximumCountWithFixedSleep(maxRetries=10, sleepTime=1000 MILLISECONDS)
2019-09-27 09:25:28,184 [main] INFO  ipc.Client (Client.java:handleConnectionFailure(948)) - Retrying connect to server: localhost/127.0.0.1:0. Already tried 5 time(s); retry policy is RetryUpToMaximumCountWithFixedSleep(maxRetries=10, sleepTime=1000 MILLISECONDS)
2019-09-27 09:25:29,186 [main] INFO  ipc.Client (Client.java:handleConnectionFailure(948)) - Retrying connect to server: localhost/127.0.0.1:0. Already tried 6 time(s); retry policy is RetryUpToMaximumCountWithFixedSleep(maxRetries=10, sleepTime=1000 MILLISECONDS)
2019-09-27 09:25:30,187 [main] INFO  ipc.Client (Client.java:handleConnectionFailure(948)) - Retrying connect to server: localhost/127.0.0.1:0. Already tried 7 time(s); retry policy is RetryUpToMaximumCountWithFixedSleep(maxRetries=10, sleepTime=1000 MILLISECONDS)
2019-09-27 09:25:31,188 [main] INFO  ipc.Client (Client.java:handleConnectionFailure(948)) - Retrying connect to server: localhost/127.0.0.1:0. Already tried 8 time(s); retry policy is RetryUpToMaximumCountWithFixedSleep(maxRetries=10, sleepTime=1000 MILLISECONDS)
2019-09-27 09:25:32,189 [main] INFO  ipc.Client (Client.java:handleConnectionFailure(948)) - Retrying connect to server: localhost/127.0.0.1:0. Already tried 9 time(s); retry policy is RetryUpToMaximumCountWithFixedSleep(maxRetries=10, sleepTime=1000 MILLISECONDS)
2019-09-27 09:25:32,190 [main] INFO  retry.RetryInvocationHandler (RetryInvocationHandler.java:log(411)) - com.google.protobuf.ServiceException: java.net.ConnectException: Your endpoint configuration is wrong; For more details see:  http://wiki.apache.org/hadoop/UnsetHostnameOrPort, while invoking $Proxy35.submitRequest over nodeId=null,nodeAddress=127.0.0.1:0 after 9 failover attempts. Trying to failover immediately.
2019-09-27 09:25:33,213 [main] INFO  ipc.Client (Client.java:handleConnectionFailure(948)) - Retrying connect to server: localhost/127.0.0.1:0. Already tried 0 time(s); retry policy is RetryUpToMaximumCountWithFixedSleep(maxRetries=10, sleepTime=1000 MILLISECONDS)
2019-09-27 09:25:34,215 [main] INFO  ipc.Client (Client.java:handleConnectionFailure(948)) - Retrying connect to server: localhost/127.0.0.1:0. Already tried 1 time(s); retry policy is RetryUpToMaximumCountWithFixedSleep(maxRetries=10, sleepTime=1000 MILLISECONDS)
2019-09-27 09:25:35,215 [main] INFO  ipc.Client (Client.java:handleConnectionFailure(948)) - Retrying connect to server: localhost/127.0.0.1:0. Already tried 2 time(s); retry policy is RetryUpToMaximumCountWithFixedSleep(maxRetries=10, sleepTime=1000 MILLISECONDS)
2019-09-27 09:25:36,216 [main] INFO  ipc.Client (Client.java:handleConnectionFailure(948)) - Retrying connect to server: localhost/127.0.0.1:0. Already tried 3 time(s); retry policy is RetryUpToMaximumCountWithFixedSleep(maxRetries=10, sleepTime=1000 MILLISECONDS)
2019-09-27 09:25:37,217 [main] INFO  ipc.Client (Client.java:handleConnectionFailure(948)) - Retrying connect to server: localhost/127.0.0.1:0. Already tried 4 time(s); retry policy is RetryUpToMaximumCountWithFixedSleep(maxRetries=10, sleepTime=1000 MILLISECONDS)
2019-09-27 09:25:38,219 [main] INFO  ipc.Client (Client.java:handleConnectionFailure(948)) - Retrying connect to server: localhost/127.0.0.1:0. Already tried 5 time(s); retry policy is RetryUpToMaximumCountWithFixedSleep(maxRetries=10, sleepTime=1000 MILLISECONDS)
2019-09-27 09:25:39,220 [main] INFO  ipc.Client (Client.java:handleConnectionFailure(948)) - Retrying connect to server: localhost/127.0.0.1:0. Already tried 6 time(s); retry policy is RetryUpToMaximumCountWithFixedSleep(maxRetries=10, sleepTime=1000 MILLISECONDS)
2019-09-27 09:25:40,221 [main] INFO  ipc.Client (Client.java:handleConnectionFailure(948)) - Retrying connect to server: localhost/127.0.0.1:0. Already tried 7 time(s); retry policy is RetryUpToMaximumCountWithFixedSleep(maxRetries=10, sleepTime=1000 MILLISECONDS)
2019-09-27 09:25:41,222 [main] INFO  ipc.Client (Client.java:handleConnectionFailure(948)) - Retrying connect to server: localhost/127.0.0.1:0. Already tried 8 time(s); retry policy is RetryUpToMaximumCountWithFixedSleep(maxRetries=10, sleepTime=1000 MILLISECONDS)
2019-09-27 09:25:42,223 [main] INFO  ipc.Client (Client.java:handleConnectionFailure(948)) - Retrying connect to server: localhost/127.0.0.1:0. Already tried 9 time(s); retry policy is RetryUpToMaximumCountWithFixedSleep(maxRetries=10, sleepTime=1000 MILLISECONDS)
2019-09-27 09:25:42,224 [main] ERROR ha.OMFailoverProxyProvider (OzoneManagerProtocolClientSideTranslatorPB.java:getRetryAction(268)) - Failed to connect to OM. Attempted 10 retries and 10 failovers
2019-09-27 09:25:42,225 [main] ERROR client.OzoneClientFactory (OzoneClientFactory.java:getClientProtocol(259)) - Couldn't create RpcClient protocol exception: 
java.net.ConnectException: Your endpoint configuration is wrong; For more details see:  http://wiki.apache.org/hadoop/UnsetHostnameOrPort
	at sun.reflect.GeneratedConstructorAccessor43.newInstance(Unknown Source)
	at sun.reflect.DelegatingConstructorAccessorImpl.newInstance(DelegatingConstructorAccessorImpl.java:45)
	at java.lang.reflect.Constructor.newInstance(Constructor.java:423)
	at org.apache.hadoop.net.NetUtils.wrapWithMessage(NetUtils.java:831)
	at org.apache.hadoop.net.NetUtils.wrapException(NetUtils.java:751)
	at org.apache.hadoop.ipc.Client.getRpcResponse(Client.java:1515)
	at org.apache.hadoop.ipc.Client.call(Client.java:1457)
	at org.apache.hadoop.ipc.Client.call(Client.java:1367)
	at org.apache.hadoop.ipc.ProtobufRpcEngine$Invoker.invoke(ProtobufRpcEngine.java:228)
	at org.apache.hadoop.ipc.ProtobufRpcEngine$Invoker.invoke(ProtobufRpcEngine.java:116)
	at com.sun.proxy.$Proxy35.submitRequest(Unknown Source)
	at sun.reflect.GeneratedMethodAccessor36.invoke(Unknown Source)
	at sun.reflect.DelegatingMethodAccessorImpl.invoke(DelegatingMethodAccessorImpl.java:43)
	at java.lang.reflect.Method.invoke(Method.java:498)
	at org.apache.hadoop.io.retry.RetryInvocationHandler.invokeMethod(RetryInvocationHandler.java:422)
	at org.apache.hadoop.io.retry.RetryInvocationHandler$Call.invokeMethod(RetryInvocationHandler.java:165)
	at org.apache.hadoop.io.retry.RetryInvocationHandler$Call.invoke(RetryInvocationHandler.java:157)
	at org.apache.hadoop.io.retry.RetryInvocationHandler$Call.invokeOnce(RetryInvocationHandler.java:95)
	at org.apache.hadoop.io.retry.RetryInvocationHandler.invoke(RetryInvocationHandler.java:359)
	at com.sun.proxy.$Proxy35.submitRequest(Unknown Source)
	at org.apache.hadoop.ozone.om.protocolPB.OzoneManagerProtocolClientSideTranslatorPB.submitRequest(OzoneManagerProtocolClientSideTranslatorPB.java:338)
	at org.apache.hadoop.ozone.om.protocolPB.OzoneManagerProtocolClientSideTranslatorPB.getServiceInfo(OzoneManagerProtocolClientSideTranslatorPB.java:1223)
	at sun.reflect.NativeMethodAccessorImpl.invoke0(Native Method)
	at sun.reflect.NativeMethodAccessorImpl.invoke(NativeMethodAccessorImpl.java:62)
	at sun.reflect.DelegatingMethodAccessorImpl.invoke(DelegatingMethodAccessorImpl.java:43)
	at java.lang.reflect.Method.invoke(Method.java:498)
	at org.apache.hadoop.hdds.tracing.TraceAllMethod.invoke(TraceAllMethod.java:66)
	at com.sun.proxy.$Proxy36.getServiceInfo(Unknown Source)
	at org.apache.hadoop.ozone.client.rpc.RpcClient.<init>(RpcClient.java:154)
	at org.apache.hadoop.ozone.client.OzoneClientFactory.getClientProtocol(OzoneClientFactory.java:256)
	at org.apache.hadoop.ozone.client.OzoneClientFactory.getClientProtocol(OzoneClientFactory.java:239)
	at org.apache.hadoop.ozone.client.OzoneClientFactory.getClient(OzoneClientFactory.java:75)
	at org.apache.hadoop.ozone.client.rpc.TestFailureHandlingByClient.init(TestFailureHandlingByClient.java:111)
	at org.apache.hadoop.ozone.client.rpc.TestFailureHandlingByClient.startCluster(TestFailureHandlingByClient.java:121)
	at org.apache.hadoop.ozone.client.rpc.TestFailureHandlingByClient.testDatanodeExclusionWithMajorityCommit(TestFailureHandlingByClient.java:282)
	at sun.reflect.NativeMethodAccessorImpl.invoke0(Native Method)
	at sun.reflect.NativeMethodAccessorImpl.invoke(NativeMethodAccessorImpl.java:62)
	at sun.reflect.DelegatingMethodAccessorImpl.invoke(DelegatingMethodAccessorImpl.java:43)
	at java.lang.reflect.Method.invoke(Method.java:498)
	at org.junit.runners.model.FrameworkMethod$1.runReflectiveCall(FrameworkMethod.java:47)
	at org.junit.internal.runners.model.ReflectiveCallable.run(ReflectiveCallable.java:12)
	at org.junit.runners.model.FrameworkMethod.invokeExplosively(FrameworkMethod.java:44)
	at org.junit.internal.runners.statements.InvokeMethod.evaluate(InvokeMethod.java:17)
	at org.junit.internal.runners.statements.RunAfters.evaluate(RunAfters.java:27)
	at org.junit.runners.ParentRunner.runLeaf(ParentRunner.java:271)
	at org.junit.runners.BlockJUnit4ClassRunner.runChild(BlockJUnit4ClassRunner.java:70)
	at org.junit.runners.BlockJUnit4ClassRunner.runChild(BlockJUnit4ClassRunner.java:50)
	at org.junit.runners.ParentRunner$3.run(ParentRunner.java:238)
	at org.junit.runners.ParentRunner$1.schedule(ParentRunner.java:63)
	at org.junit.runners.ParentRunner.runChildren(ParentRunner.java:236)
	at org.junit.runners.ParentRunner.access$000(ParentRunner.java:53)
	at org.junit.runners.ParentRunner$2.evaluate(ParentRunner.java:229)
	at org.junit.runners.ParentRunner.run(ParentRunner.java:309)
	at org.apache.maven.surefire.junit4.JUnit4Provider.execute(JUnit4Provider.java:365)
	at org.apache.maven.surefire.junit4.JUnit4Provider.executeWithRerun(JUnit4Provider.java:273)
	at org.apache.maven.surefire.junit4.JUnit4Provider.executeTestSet(JUnit4Provider.java:238)
	at org.apache.maven.surefire.junit4.JUnit4Provider.invoke(JUnit4Provider.java:159)
	at org.apache.maven.surefire.booter.ForkedBooter.invokeProviderInSameClassLoader(ForkedBooter.java:384)
	at org.apache.maven.surefire.booter.ForkedBooter.runSuitesInProcess(ForkedBooter.java:345)
	at org.apache.maven.surefire.booter.ForkedBooter.execute(ForkedBooter.java:126)
	at org.apache.maven.surefire.booter.ForkedBooter.main(ForkedBooter.java:418)
Caused by: java.net.ConnectException: Connection refused
	at sun.nio.ch.SocketChannelImpl.checkConnect(Native Method)
	at sun.nio.ch.SocketChannelImpl.finishConnect(SocketChannelImpl.java:717)
	at org.apache.hadoop.net.SocketIOWithTimeout.connect(SocketIOWithTimeout.java:206)
	at org.apache.hadoop.net.NetUtils.connect(NetUtils.java:531)
	at org.apache.hadoop.ipc.Client$Connection.setupConnection(Client.java:690)
	at org.apache.hadoop.ipc.Client$Connection.setupIOstreams(Client.java:794)
	at org.apache.hadoop.ipc.Client$Connection.access$3700(Client.java:411)
	at org.apache.hadoop.ipc.Client.getConnection(Client.java:1572)
	at org.apache.hadoop.ipc.Client.call(Client.java:1403)
	... 54 more
2019-09-27 09:25:42,226 [main] INFO  ozone.MiniOzoneClusterImpl (MiniOzoneClusterImpl.java:shutdown(314)) - Shutting down the Mini Ozone Cluster
2019-09-27 09:25:42,226 [main] INFO  ozone.MiniOzoneClusterImpl (MiniOzoneClusterImpl.java:stop(330)) - Stopping the Mini Ozone Cluster
2019-09-27 09:25:42,227 [main] INFO  ozone.MiniOzoneClusterImpl (MiniOzoneClusterImpl.java:stopOM(400)) - Stopping the OzoneManager
2019-09-27 09:25:42,227 [main] INFO  ipc.Server (Server.java:stop(3082)) - Stopping server on 44729
2019-09-27 09:25:42,265 [IPC Server listener on 44729] INFO  ipc.Server (Server.java:run(1185)) - Stopping IPC Server listener on 44729
2019-09-27 09:25:42,265 [main] INFO  ratis.OzoneManagerDoubleBuffer (OzoneManagerDoubleBuffer.java:stop(248)) - Stopping OMDoubleBuffer flush thread
2019-09-27 09:25:42,265 [IPC Server Responder] INFO  ipc.Server (Server.java:run(1319)) - Stopping IPC Server Responder
2019-09-27 09:25:42,267 [OMDoubleBufferFlushThread] INFO  ratis.OzoneManagerDoubleBuffer (OzoneManagerDoubleBuffer.java:flushTransactions(191)) - OMDoubleBuffer flush thread OMDoubleBufferFlushThread is interrupted and will exit. OMDoubleBufferFlushThread
2019-09-27 09:25:42,268 [main] INFO  utils.BackgroundService (BackgroundService.java:shutdown(148)) - Shutting down service KeyDeletingService
2019-09-27 09:25:42,270 [main] INFO  handler.ContextHandler (ContextHandler.java:doStop(910)) - Stopped o.e.j.w.WebAppContext@75bd28d{/,null,UNAVAILABLE}{/ozoneManager}
2019-09-27 09:25:42,271 [main] INFO  server.AbstractConnector (AbstractConnector.java:doStop(318)) - Stopped ServerConnector@129c4d19{HTTP/1.1,[http/1.1]}{0.0.0.0:0}
2019-09-27 09:25:42,271 [main] INFO  handler.ContextHandler (ContextHandler.java:doStop(910)) - Stopped o.e.j.s.ServletContextHandler@55296b50{/static,file:///workdir/hadoop-ozone/integration-test/target/test-classes/webapps/static,UNAVAILABLE}
2019-09-27 09:25:42,271 [main] INFO  handler.ContextHandler (ContextHandler.java:doStop(910)) - Stopped o.e.j.s.ServletContextHandler@2f0ccb34{/logs,file:///workdir/hadoop-ozone/integration-test/target/log,UNAVAILABLE}
2019-09-27 09:25:42,273 [main] INFO  ozone.MiniOzoneClusterImpl (MiniOzoneClusterImpl.java:stopDatanodes(377)) - Stopping the HddsDatanodes
2019-09-27 09:25:42,750 [Datanode State Machine Thread - 0] INFO  statemachine.DatanodeStateMachine (DatanodeStateMachine.java:lambda$startDaemon$0(350)) - Ozone container server started.
2019-09-27 09:25:42,824 [Datanode State Machine Thread - 0] INFO  statemachine.DatanodeStateMachine (DatanodeStateMachine.java:lambda$startDaemon$0(350)) - Ozone container server started.
2019-09-27 09:25:47,276 [main] INFO  ozoneimpl.OzoneContainer (OzoneContainer.java:stop(231)) - Attempting to stop container services.
2019-09-27 09:25:47,276 [ForkJoinPool.commonPool-worker-0] INFO  ozoneimpl.OzoneContainer (OzoneContainer.java:stop(231)) - Attempting to stop container services.
2019-09-27 09:25:47,276 [main] INFO  impl.RaftServerProxy (RaftServerProxy.java:lambda$close$4(314)) - 923630be-6089-4454-ada8-343910becadd: close
2019-09-27 09:25:47,277 [ForkJoinPool.commonPool-worker-0] INFO  impl.RaftServerProxy (RaftServerProxy.java:lambda$close$4(314)) - 42a6dc71-468f-4bda-a1ef-3415db0682d5: close
2019-09-27 09:25:47,277 [main] INFO  impl.RaftServerImpl (RaftServerImpl.java:lambda$shutdown$3(251)) - 923630be-6089-4454-ada8-343910becadd@group-827F9F9FA464: shutdown
2019-09-27 09:25:47,277 [ForkJoinPool.commonPool-worker-0] INFO  impl.RaftServerImpl (RaftServerImpl.java:lambda$shutdown$3(251)) - 42a6dc71-468f-4bda-a1ef-3415db0682d5@group-49BF442FE5BA: shutdown
2019-09-27 09:25:47,278 [main] INFO  util.JmxRegister (JmxRegister.java:unregister(73)) - Successfully un-registered JMX Bean with object name Ratis:service=RaftServer,group=group-827F9F9FA464,id=923630be-6089-4454-ada8-343910becadd
2019-09-27 09:25:47,278 [ForkJoinPool.commonPool-worker-0] INFO  util.JmxRegister (JmxRegister.java:unregister(73)) - Successfully un-registered JMX Bean with object name Ratis:service=RaftServer,group=group-49BF442FE5BA,id=42a6dc71-468f-4bda-a1ef-3415db0682d5
2019-09-27 09:25:47,278 [main] INFO  impl.RoleInfo (RoleInfo.java:shutdownFollowerState(121)) - 923630be-6089-4454-ada8-343910becadd: shutdown FollowerState
2019-09-27 09:25:47,279 [ForkJoinPool.commonPool-worker-0] INFO  impl.RoleInfo (RoleInfo.java:shutdownFollowerState(121)) - 42a6dc71-468f-4bda-a1ef-3415db0682d5: shutdown FollowerState
2019-09-27 09:25:47,279 [Thread-8200] INFO  impl.FollowerState (FollowerState.java:run(115)) - 923630be-6089-4454-ada8-343910becadd: FollowerState was interrupted: java.lang.InterruptedException: sleep interrupted
2019-09-27 09:25:47,279 [main] INFO  impl.StateMachineUpdater (StateMachineUpdater.java:stopAndJoin(125)) - 923630be-6089-4454-ada8-343910becadd@group-827F9F9FA464-StateMachineUpdater: set stopIndex = 0
2019-09-27 09:25:47,279 [Thread-8250] INFO  impl.FollowerState (FollowerState.java:run(115)) - 42a6dc71-468f-4bda-a1ef-3415db0682d5: FollowerState was interrupted: java.lang.InterruptedException: sleep interrupted
2019-09-27 09:25:47,279 [ForkJoinPool.commonPool-worker-0] INFO  impl.StateMachineUpdater (StateMachineUpdater.java:stopAndJoin(125)) - 42a6dc71-468f-4bda-a1ef-3415db0682d5@group-49BF442FE5BA-StateMachineUpdater: set stopIndex = 0
2019-09-27 09:25:47,280 [main] INFO  impl.RaftServerImpl (ServerState.java:close(385)) - 923630be-6089-4454-ada8-343910becadd@group-827F9F9FA464: closes. applyIndex: 0
2019-09-27 09:25:47,280 [ForkJoinPool.commonPool-worker-0] INFO  impl.RaftServerImpl (ServerState.java:close(385)) - 42a6dc71-468f-4bda-a1ef-3415db0682d5@group-49BF442FE5BA: closes. applyIndex: 0
2019-09-27 09:25:47,281 [923630be-6089-4454-ada8-343910becadd@group-827F9F9FA464-SegmentedRaftLogWorker] INFO  segmented.SegmentedRaftLogWorker (SegmentedRaftLogWorker.java:run(313)) - 923630be-6089-4454-ada8-343910becadd@group-827F9F9FA464-SegmentedRaftLogWorker was interrupted, exiting. There are 0 tasks remaining in the queue.
2019-09-27 09:25:47,281 [42a6dc71-468f-4bda-a1ef-3415db0682d5@group-49BF442FE5BA-SegmentedRaftLogWorker] INFO  segmented.SegmentedRaftLogWorker (SegmentedRaftLogWorker.java:run(313)) - 42a6dc71-468f-4bda-a1ef-3415db0682d5@group-49BF442FE5BA-SegmentedRaftLogWorker was interrupted, exiting. There are 0 tasks remaining in the queue.
2019-09-27 09:25:47,284 [main] INFO  segmented.SegmentedRaftLogWorker (SegmentedRaftLogWorker.java:close(228)) - 923630be-6089-4454-ada8-343910becadd@group-827F9F9FA464-SegmentedRaftLogWorker close()
2019-09-27 09:25:47,288 [ForkJoinPool.commonPool-worker-0] INFO  segmented.SegmentedRaftLogWorker (SegmentedRaftLogWorker.java:close(228)) - 42a6dc71-468f-4bda-a1ef-3415db0682d5@group-49BF442FE5BA-SegmentedRaftLogWorker close()
2019-09-27 09:25:47,294 [main] INFO  impl.RaftServerImpl (RaftServerImpl.java:lambda$shutdown$3(251)) - 923630be-6089-4454-ada8-343910becadd@group-C91C80A27DF2: shutdown
2019-09-27 09:25:47,300 [ForkJoinPool.commonPool-worker-0] INFO  impl.RaftServerImpl (RaftServerImpl.java:lambda$shutdown$3(251)) - 42a6dc71-468f-4bda-a1ef-3415db0682d5@group-C9BF3ADD7736: shutdown
2019-09-27 09:25:47,300 [main] INFO  util.JmxRegister (JmxRegister.java:unregister(73)) - Successfully un-registered JMX Bean with object name Ratis:service=RaftServer,group=group-C91C80A27DF2,id=923630be-6089-4454-ada8-343910becadd
2019-09-27 09:25:47,300 [ForkJoinPool.commonPool-worker-0] INFO  util.JmxRegister (JmxRegister.java:unregister(73)) - Successfully un-registered JMX Bean with object name Ratis:service=RaftServer,group=group-C9BF3ADD7736,id=42a6dc71-468f-4bda-a1ef-3415db0682d5
2019-09-27 09:25:47,301 [ForkJoinPool.commonPool-worker-0] INFO  impl.RoleInfo (RoleInfo.java:shutdownLeaderState(104)) - 42a6dc71-468f-4bda-a1ef-3415db0682d5: shutdown LeaderState
2019-09-27 09:25:47,301 [main] INFO  impl.RoleInfo (RoleInfo.java:shutdownLeaderState(104)) - 923630be-6089-4454-ada8-343910becadd: shutdown LeaderState
2019-09-27 09:25:47,301 [ForkJoinPool.commonPool-worker-0] INFO  impl.PendingRequests (PendingRequests.java:sendNotLeaderResponses(202)) - 42a6dc71-468f-4bda-a1ef-3415db0682d5-PendingRequests: sendNotLeaderResponses
2019-09-27 09:25:47,302 [main] INFO  impl.PendingRequests (PendingRequests.java:sendNotLeaderResponses(202)) - 923630be-6089-4454-ada8-343910becadd-PendingRequests: sendNotLeaderResponses
2019-09-27 09:25:47,302 [ForkJoinPool.commonPool-worker-0] INFO  impl.StateMachineUpdater (StateMachineUpdater.java:stopAndJoin(125)) - 42a6dc71-468f-4bda-a1ef-3415db0682d5@group-C9BF3ADD7736-StateMachineUpdater: set stopIndex = 0
2019-09-27 09:25:47,302 [main] INFO  impl.StateMachineUpdater (StateMachineUpdater.java:stopAndJoin(125)) - 923630be-6089-4454-ada8-343910becadd@group-C91C80A27DF2-StateMachineUpdater: set stopIndex = 0
2019-09-27 09:25:47,302 [ForkJoinPool.commonPool-worker-0] INFO  impl.RaftServerImpl (ServerState.java:close(385)) - 42a6dc71-468f-4bda-a1ef-3415db0682d5@group-C9BF3ADD7736: closes. applyIndex: 0
2019-09-27 09:25:47,303 [main] INFO  impl.RaftServerImpl (ServerState.java:close(385)) - 923630be-6089-4454-ada8-343910becadd@group-C91C80A27DF2: closes. applyIndex: 0
2019-09-27 09:25:47,303 [42a6dc71-468f-4bda-a1ef-3415db0682d5@group-C9BF3ADD7736-SegmentedRaftLogWorker] INFO  segmented.SegmentedRaftLogWorker (SegmentedRaftLogWorker.java:run(313)) - 42a6dc71-468f-4bda-a1ef-3415db0682d5@group-C9BF3ADD7736-SegmentedRaftLogWorker was interrupted, exiting. There are 0 tasks remaining in the queue.
2019-09-27 09:25:47,306 [923630be-6089-4454-ada8-343910becadd@group-C91C80A27DF2-SegmentedRaftLogWorker] INFO  segmented.SegmentedRaftLogWorker (SegmentedRaftLogWorker.java:run(313)) - 923630be-6089-4454-ada8-343910becadd@group-C91C80A27DF2-SegmentedRaftLogWorker was interrupted, exiting. There are 0 tasks remaining in the queue.
2019-09-27 09:25:47,306 [ForkJoinPool.commonPool-worker-0] INFO  segmented.SegmentedRaftLogWorker (SegmentedRaftLogWorker.java:close(228)) - 42a6dc71-468f-4bda-a1ef-3415db0682d5@group-C9BF3ADD7736-SegmentedRaftLogWorker close()
2019-09-27 09:25:47,309 [main] INFO  segmented.SegmentedRaftLogWorker (SegmentedRaftLogWorker.java:close(228)) - 923630be-6089-4454-ada8-343910becadd@group-C91C80A27DF2-SegmentedRaftLogWorker close()
2019-09-27 09:25:47,315 [ForkJoinPool.commonPool-worker-0] INFO  server.GrpcService (GrpcService.java:closeImpl(164)) - 42a6dc71-468f-4bda-a1ef-3415db0682d5: shutdown server with port 35261 now
2019-09-27 09:25:47,320 [main] INFO  server.GrpcService (GrpcService.java:closeImpl(164)) - 923630be-6089-4454-ada8-343910becadd: shutdown server with port 41127 now
2019-09-27 09:25:47,322 [grpc-default-executor-1] WARN  server.GrpcServerProtocolService (LogUtils.java:warn(134)) - 42a6dc71-468f-4bda-a1ef-3415db0682d5: installSnapshot onError, lastRequest: 391bbd77-e270-498a-b344-18095c6f1940->42a6dc71-468f-4bda-a1ef-3415db0682d5#224-t3, previous=(t:3, i:0), leaderCommit=0, initializing? false, entries: <empty>: org.apache.ratis.thirdparty.io.grpc.StatusRuntimeException: CANCELLED: cancelled before receiving half close
2019-09-27 09:25:47,322 [grpc-default-executor-2] WARN  server.GrpcLogAppender (LogUtils.java:warn(134)) - 391bbd77-e270-498a-b344-18095c6f1940@group-49BF442FE5BA->42a6dc71-468f-4bda-a1ef-3415db0682d5-AppendLogResponseHandler: Failed appendEntries: org.apache.ratis.thirdparty.io.grpc.StatusRuntimeException: CANCELLED: HTTP/2 error code: CANCEL
Received Rst Stream
2019-09-27 09:25:47,322 [ForkJoinPool.commonPool-worker-0] INFO  server.GrpcService (GrpcService.java:closeImpl(172)) - 42a6dc71-468f-4bda-a1ef-3415db0682d5: shutdown server with port 35261 successfully
2019-09-27 09:25:47,323 [grpc-default-executor-2] INFO  impl.FollowerInfo (FollowerInfo.java:lambda$new$0(51)) - 391bbd77-e270-498a-b344-18095c6f1940@group-49BF442FE5BA->42a6dc71-468f-4bda-a1ef-3415db0682d5: nextIndex: updateUnconditionally 1 -> 0
2019-09-27 09:25:47,324 [grpc-default-executor-5] WARN  server.GrpcServerProtocolService (LogUtils.java:warn(134)) - 923630be-6089-4454-ada8-343910becadd: installSnapshot onError, lastRequest: 48a73947-ad36-4a89-bdb8-df91e6dae885->923630be-6089-4454-ada8-343910becadd#226-t1, previous=(t:1, i:0), leaderCommit=0, initializing? false, entries: <empty>: org.apache.ratis.thirdparty.io.grpc.StatusRuntimeException: CANCELLED: cancelled before receiving half close
2019-09-27 09:25:47,324 [main] INFO  server.GrpcService (GrpcService.java:closeImpl(172)) - 923630be-6089-4454-ada8-343910becadd: shutdown server with port 41127 successfully
2019-09-27 09:25:47,324 [grpc-default-executor-4] WARN  server.GrpcLogAppender (LogUtils.java:warn(134)) - 48a73947-ad36-4a89-bdb8-df91e6dae885@group-827F9F9FA464->923630be-6089-4454-ada8-343910becadd-AppendLogResponseHandler: Failed appendEntries: org.apache.ratis.thirdparty.io.grpc.StatusRuntimeException: CANCELLED: HTTP/2 error code: CANCEL
Received Rst Stream
2019-09-27 09:25:47,324 [grpc-default-executor-4] INFO  impl.FollowerInfo (FollowerInfo.java:lambda$new$0(51)) - 48a73947-ad36-4a89-bdb8-df91e6dae885@group-827F9F9FA464->923630be-6089-4454-ada8-343910becadd: nextIndex: updateUnconditionally 1 -> 0
2019-09-27 09:25:47,326 [refreshUsed-/workdir/hadoop-ozone/integration-test/target/test-dir/MiniOzoneClusterImpl-398c5316-7398-4fb3-bac3-d05c7117414d/datanode-2/data/containers] WARN  fs.CachingGetSpaceUsed (CachingGetSpaceUsed.java:run(183)) - Thread Interrupted waiting to refresh disk information: sleep interrupted
2019-09-27 09:25:47,327 [refreshUsed-/workdir/hadoop-ozone/integration-test/target/test-dir/MiniOzoneClusterImpl-398c5316-7398-4fb3-bac3-d05c7117414d/datanode-5/data/containers] WARN  fs.CachingGetSpaceUsed (CachingGetSpaceUsed.java:run(183)) - Thread Interrupted waiting to refresh disk information: sleep interrupted
2019-09-27 09:25:47,347 [main] INFO  utils.BackgroundService (BackgroundService.java:shutdown(148)) - Shutting down service BlockDeletingService
2019-09-27 09:25:47,358 [main] INFO  statemachine.DatanodeStateMachine (DatanodeStateMachine.java:stopDaemon(395)) - Ozone container server stopped.
2019-09-27 09:25:47,359 [main] INFO  handler.ContextHandler (ContextHandler.java:doStop(910)) - Stopped o.e.j.w.WebAppContext@6ddc67d0{/,null,UNAVAILABLE}{/hddsDatanode}
2019-09-27 09:25:47,359 [ForkJoinPool.commonPool-worker-0] INFO  utils.BackgroundService (BackgroundService.java:shutdown(148)) - Shutting down service BlockDeletingService
2019-09-27 09:25:47,359 [main] INFO  server.AbstractConnector (AbstractConnector.java:doStop(318)) - Stopped ServerConnector@7767bd4e{HTTP/1.1,[http/1.1]}{0.0.0.0:0}
2019-09-27 09:25:47,364 [main] INFO  handler.ContextHandler (ContextHandler.java:doStop(910)) - Stopped o.e.j.s.ServletContextHandler@74697863{/static,jar:file:/home/user/.m2/repository/org/apache/hadoop/hadoop-hdds-container-service/0.5.0-SNAPSHOT/hadoop-hdds-container-service-0.5.0-SNAPSHOT.jar!/webapps/static,UNAVAILABLE}
2019-09-27 09:25:47,366 [ForkJoinPool.commonPool-worker-0] INFO  statemachine.DatanodeStateMachine (DatanodeStateMachine.java:stopDaemon(395)) - Ozone container server stopped.
2019-09-27 09:25:47,366 [main] INFO  handler.ContextHandler (ContextHandler.java:doStop(910)) - Stopped o.e.j.s.ServletContextHandler@5ba1b62e{/logs,file:///workdir/hadoop-ozone/integration-test/target/log,UNAVAILABLE}
2019-09-27 09:25:47,374 [ForkJoinPool.commonPool-worker-0] INFO  handler.ContextHandler (ContextHandler.java:doStop(910)) - Stopped o.e.j.w.WebAppContext@2c7c0e36{/,null,UNAVAILABLE}{/hddsDatanode}
2019-09-27 09:25:47,374 [ForkJoinPool.commonPool-worker-0] INFO  server.AbstractConnector (AbstractConnector.java:doStop(318)) - Stopped ServerConnector@307cf964{HTTP/1.1,[http/1.1]}{0.0.0.0:0}
2019-09-27 09:25:47,377 [ForkJoinPool.commonPool-worker-0] INFO  handler.ContextHandler (ContextHandler.java:doStop(910)) - Stopped o.e.j.s.ServletContextHandler@6af87130{/static,jar:file:/home/user/.m2/repository/org/apache/hadoop/hadoop-hdds-container-service/0.5.0-SNAPSHOT/hadoop-hdds-container-service-0.5.0-SNAPSHOT.jar!/webapps/static,UNAVAILABLE}
2019-09-27 09:25:47,379 [ForkJoinPool.commonPool-worker-0] INFO  handler.ContextHandler (ContextHandler.java:doStop(910)) - Stopped o.e.j.s.ServletContextHandler@289f15e9{/logs,file:///workdir/hadoop-ozone/integration-test/target/log,UNAVAILABLE}
2019-09-27 09:25:47,493 [grpc-default-executor-5] WARN  server.GrpcLogAppender (LogUtils.java:warn(134)) - 48a73947-ad36-4a89-bdb8-df91e6dae885@group-827F9F9FA464->923630be-6089-4454-ada8-343910becadd-AppendLogResponseHandler: Failed appendEntries: org.apache.ratis.thirdparty.io.grpc.StatusRuntimeException: UNAVAILABLE: io exception
2019-09-27 09:25:47,493 [grpc-default-executor-5] INFO  impl.FollowerInfo (FollowerInfo.java:lambda$new$0(51)) - 48a73947-ad36-4a89-bdb8-df91e6dae885@group-827F9F9FA464->923630be-6089-4454-ada8-343910becadd: nextIndex: updateUnconditionally 0 -> 0
2019-09-27 09:25:47,531 [grpc-default-executor-5] WARN  server.GrpcLogAppender (LogUtils.java:warn(134)) - 391bbd77-e270-498a-b344-18095c6f1940@group-49BF442FE5BA->42a6dc71-468f-4bda-a1ef-3415db0682d5-AppendLogResponseHandler: Failed appendEntries: org.apache.ratis.thirdparty.io.grpc.StatusRuntimeException: UNAVAILABLE: io exception
2019-09-27 09:25:47,531 [grpc-default-executor-5] INFO  impl.FollowerInfo (FollowerInfo.java:lambda$new$0(51)) - 391bbd77-e270-498a-b344-18095c6f1940@group-49BF442FE5BA->42a6dc71-468f-4bda-a1ef-3415db0682d5: nextIndex: updateUnconditionally 0 -> 0
2019-09-27 09:25:47,746 [Datanode State Machine Thread - 0] INFO  statemachine.DatanodeStateMachine (DatanodeStateMachine.java:lambda$startDaemon$0(350)) - Ozone container server started.
2019-09-27 09:25:47,913 [Datanode State Machine Thread - 0] INFO  statemachine.DatanodeStateMachine (DatanodeStateMachine.java:lambda$startDaemon$0(350)) - Ozone container server started.
2019-09-27 09:25:47,993 [grpc-default-executor-4] WARN  server.GrpcLogAppender (LogUtils.java:warn(134)) - 48a73947-ad36-4a89-bdb8-df91e6dae885@group-827F9F9FA464->923630be-6089-4454-ada8-343910becadd-AppendLogResponseHandler: Failed appendEntries: org.apache.ratis.thirdparty.io.grpc.StatusRuntimeException: UNAVAILABLE: io exception
2019-09-27 09:25:47,993 [grpc-default-executor-4] INFO  impl.FollowerInfo (FollowerInfo.java:lambda$new$0(51)) - 48a73947-ad36-4a89-bdb8-df91e6dae885@group-827F9F9FA464->923630be-6089-4454-ada8-343910becadd: nextIndex: updateUnconditionally 0 -> 0
2019-09-27 09:25:48,031 [grpc-default-executor-1] WARN  server.GrpcLogAppender (LogUtils.java:warn(134)) - 391bbd77-e270-498a-b344-18095c6f1940@group-49BF442FE5BA->42a6dc71-468f-4bda-a1ef-3415db0682d5-AppendLogResponseHandler: Failed appendEntries: org.apache.ratis.thirdparty.io.grpc.StatusRuntimeException: UNAVAILABLE: io exception
2019-09-27 09:25:48,032 [grpc-default-executor-1] INFO  impl.FollowerInfo (FollowerInfo.java:lambda$new$0(51)) - 391bbd77-e270-498a-b344-18095c6f1940@group-49BF442FE5BA->42a6dc71-468f-4bda-a1ef-3415db0682d5: nextIndex: updateUnconditionally 0 -> 0
2019-09-27 09:25:48,493 [grpc-default-executor-1] WARN  server.GrpcLogAppender (LogUtils.java:warn(134)) - 48a73947-ad36-4a89-bdb8-df91e6dae885@group-827F9F9FA464->923630be-6089-4454-ada8-343910becadd-AppendLogResponseHandler: Failed appendEntries: org.apache.ratis.thirdparty.io.grpc.StatusRuntimeException: UNAVAILABLE: io exception
2019-09-27 09:25:48,493 [grpc-default-executor-1] INFO  impl.FollowerInfo (FollowerInfo.java:lambda$new$0(51)) - 48a73947-ad36-4a89-bdb8-df91e6dae885@group-827F9F9FA464->923630be-6089-4454-ada8-343910becadd: nextIndex: updateUnconditionally 0 -> 0
2019-09-27 09:25:48,532 [grpc-default-executor-1] WARN  server.GrpcLogAppender (LogUtils.java:warn(134)) - 391bbd77-e270-498a-b344-18095c6f1940@group-49BF442FE5BA->42a6dc71-468f-4bda-a1ef-3415db0682d5-AppendLogResponseHandler: Failed appendEntries: org.apache.ratis.thirdparty.io.grpc.StatusRuntimeException: UNAVAILABLE: io exception
2019-09-27 09:25:48,532 [grpc-default-executor-1] INFO  impl.FollowerInfo (FollowerInfo.java:lambda$new$0(51)) - 391bbd77-e270-498a-b344-18095c6f1940@group-49BF442FE5BA->42a6dc71-468f-4bda-a1ef-3415db0682d5: nextIndex: updateUnconditionally 0 -> 0
2019-09-27 09:25:48,994 [grpc-default-executor-1] WARN  server.GrpcLogAppender (LogUtils.java:warn(134)) - 48a73947-ad36-4a89-bdb8-df91e6dae885@group-827F9F9FA464->923630be-6089-4454-ada8-343910becadd-AppendLogResponseHandler: Failed appendEntries: org.apache.ratis.thirdparty.io.grpc.StatusRuntimeException: UNAVAILABLE: io exception
2019-09-27 09:25:48,994 [grpc-default-executor-1] INFO  impl.FollowerInfo (FollowerInfo.java:lambda$new$0(51)) - 48a73947-ad36-4a89-bdb8-df91e6dae885@group-827F9F9FA464->923630be-6089-4454-ada8-343910becadd: nextIndex: updateUnconditionally 0 -> 0
2019-09-27 09:25:49,032 [grpc-default-executor-1] WARN  server.GrpcLogAppender (LogUtils.java:warn(134)) - 391bbd77-e270-498a-b344-18095c6f1940@group-49BF442FE5BA->42a6dc71-468f-4bda-a1ef-3415db0682d5-AppendLogResponseHandler: Failed appendEntries: org.apache.ratis.thirdparty.io.grpc.StatusRuntimeException: UNAVAILABLE: io exception
2019-09-27 09:25:49,032 [grpc-default-executor-1] INFO  impl.FollowerInfo (FollowerInfo.java:lambda$new$0(51)) - 391bbd77-e270-498a-b344-18095c6f1940@group-49BF442FE5BA->42a6dc71-468f-4bda-a1ef-3415db0682d5: nextIndex: updateUnconditionally 0 -> 0
2019-09-27 09:25:49,494 [grpc-default-executor-5] WARN  server.GrpcLogAppender (LogUtils.java:warn(134)) - 48a73947-ad36-4a89-bdb8-df91e6dae885@group-827F9F9FA464->923630be-6089-4454-ada8-343910becadd-AppendLogResponseHandler: Failed appendEntries: org.apache.ratis.thirdparty.io.grpc.StatusRuntimeException: UNAVAILABLE: io exception
2019-09-27 09:25:49,494 [grpc-default-executor-5] INFO  impl.FollowerInfo (FollowerInfo.java:lambda$new$0(51)) - 48a73947-ad36-4a89-bdb8-df91e6dae885@group-827F9F9FA464->923630be-6089-4454-ada8-343910becadd: nextIndex: updateUnconditionally 0 -> 0
2019-09-27 09:25:49,532 [grpc-default-executor-4] WARN  server.GrpcLogAppender (LogUtils.java:warn(134)) - 391bbd77-e270-498a-b344-18095c6f1940@group-49BF442FE5BA->42a6dc71-468f-4bda-a1ef-3415db0682d5-AppendLogResponseHandler: Failed appendEntries: org.apache.ratis.thirdparty.io.grpc.StatusRuntimeException: UNAVAILABLE: io exception
2019-09-27 09:25:49,532 [grpc-default-executor-4] INFO  impl.FollowerInfo (FollowerInfo.java:lambda$new$0(51)) - 391bbd77-e270-498a-b344-18095c6f1940@group-49BF442FE5BA->42a6dc71-468f-4bda-a1ef-3415db0682d5: nextIndex: updateUnconditionally 0 -> 0
2019-09-27 09:25:49,995 [grpc-default-executor-5] WARN  server.GrpcLogAppender (LogUtils.java:warn(134)) - 48a73947-ad36-4a89-bdb8-df91e6dae885@group-827F9F9FA464->923630be-6089-4454-ada8-343910becadd-AppendLogResponseHandler: Failed appendEntries: org.apache.ratis.thirdparty.io.grpc.StatusRuntimeException: UNAVAILABLE: io exception
2019-09-27 09:25:49,995 [grpc-default-executor-5] INFO  impl.FollowerInfo (FollowerInfo.java:lambda$new$0(51)) - 48a73947-ad36-4a89-bdb8-df91e6dae885@group-827F9F9FA464->923630be-6089-4454-ada8-343910becadd: nextIndex: updateUnconditionally 0 -> 0
2019-09-27 09:25:50,033 [grpc-default-executor-5] WARN  server.GrpcLogAppender (LogUtils.java:warn(134)) - 391bbd77-e270-498a-b344-18095c6f1940@group-49BF442FE5BA->42a6dc71-468f-4bda-a1ef-3415db0682d5-AppendLogResponseHandler: Failed appendEntries: org.apache.ratis.thirdparty.io.grpc.StatusRuntimeException: UNAVAILABLE: io exception
2019-09-27 09:25:50,036 [grpc-default-executor-5] INFO  impl.FollowerInfo (FollowerInfo.java:lambda$new$0(51)) - 391bbd77-e270-498a-b344-18095c6f1940@group-49BF442FE5BA->42a6dc71-468f-4bda-a1ef-3415db0682d5: nextIndex: updateUnconditionally 0 -> 0
2019-09-27 09:25:50,495 [grpc-default-executor-1] WARN  server.GrpcLogAppender (LogUtils.java:warn(134)) - 48a73947-ad36-4a89-bdb8-df91e6dae885@group-827F9F9FA464->923630be-6089-4454-ada8-343910becadd-AppendLogResponseHandler: Failed appendEntries: org.apache.ratis.thirdparty.io.grpc.StatusRuntimeException: UNAVAILABLE: io exception
2019-09-27 09:25:50,496 [grpc-default-executor-1] INFO  impl.FollowerInfo (FollowerInfo.java:lambda$new$0(51)) - 48a73947-ad36-4a89-bdb8-df91e6dae885@group-827F9F9FA464->923630be-6089-4454-ada8-343910becadd: nextIndex: updateUnconditionally 0 -> 0
2019-09-27 09:25:50,533 [grpc-default-executor-5] WARN  server.GrpcLogAppender (LogUtils.java:warn(134)) - 391bbd77-e270-498a-b344-18095c6f1940@group-49BF442FE5BA->42a6dc71-468f-4bda-a1ef-3415db0682d5-AppendLogResponseHandler: Failed appendEntries: org.apache.ratis.thirdparty.io.grpc.StatusRuntimeException: UNAVAILABLE: io exception
2019-09-27 09:25:50,534 [grpc-default-executor-5] INFO  impl.FollowerInfo (FollowerInfo.java:lambda$new$0(51)) - 391bbd77-e270-498a-b344-18095c6f1940@group-49BF442FE5BA->42a6dc71-468f-4bda-a1ef-3415db0682d5: nextIndex: updateUnconditionally 0 -> 0
2019-09-27 09:25:50,996 [grpc-default-executor-4] WARN  server.GrpcLogAppender (LogUtils.java:warn(134)) - 48a73947-ad36-4a89-bdb8-df91e6dae885@group-827F9F9FA464->923630be-6089-4454-ada8-343910becadd-AppendLogResponseHandler: Failed appendEntries: org.apache.ratis.thirdparty.io.grpc.StatusRuntimeException: UNAVAILABLE: io exception
2019-09-27 09:25:50,996 [grpc-default-executor-4] INFO  impl.FollowerInfo (FollowerInfo.java:lambda$new$0(51)) - 48a73947-ad36-4a89-bdb8-df91e6dae885@group-827F9F9FA464->923630be-6089-4454-ada8-343910becadd: nextIndex: updateUnconditionally 0 -> 0
2019-09-27 09:25:51,033 [grpc-default-executor-1] WARN  server.GrpcLogAppender (LogUtils.java:warn(134)) - 391bbd77-e270-498a-b344-18095c6f1940@group-49BF442FE5BA->42a6dc71-468f-4bda-a1ef-3415db0682d5-AppendLogResponseHandler: Failed appendEntries: org.apache.ratis.thirdparty.io.grpc.StatusRuntimeException: UNAVAILABLE: io exception
2019-09-27 09:25:51,034 [grpc-default-executor-1] INFO  impl.FollowerInfo (FollowerInfo.java:lambda$new$0(51)) - 391bbd77-e270-498a-b344-18095c6f1940@group-49BF442FE5BA->42a6dc71-468f-4bda-a1ef-3415db0682d5: nextIndex: updateUnconditionally 0 -> 0
2019-09-27 09:25:51,496 [grpc-default-executor-5] WARN  server.GrpcLogAppender (LogUtils.java:warn(134)) - 48a73947-ad36-4a89-bdb8-df91e6dae885@group-827F9F9FA464->923630be-6089-4454-ada8-343910becadd-AppendLogResponseHandler: Failed appendEntries: org.apache.ratis.thirdparty.io.grpc.StatusRuntimeException: UNAVAILABLE: io exception
2019-09-27 09:25:51,497 [grpc-default-executor-5] INFO  impl.FollowerInfo (FollowerInfo.java:lambda$new$0(51)) - 48a73947-ad36-4a89-bdb8-df91e6dae885@group-827F9F9FA464->923630be-6089-4454-ada8-343910becadd: nextIndex: updateUnconditionally 0 -> 0
2019-09-27 09:25:51,534 [grpc-default-executor-4] WARN  server.GrpcLogAppender (LogUtils.java:warn(134)) - 391bbd77-e270-498a-b344-18095c6f1940@group-49BF442FE5BA->42a6dc71-468f-4bda-a1ef-3415db0682d5-AppendLogResponseHandler: Failed appendEntries: org.apache.ratis.thirdparty.io.grpc.StatusRuntimeException: UNAVAILABLE: io exception
2019-09-27 09:25:51,534 [grpc-default-executor-4] INFO  impl.FollowerInfo (FollowerInfo.java:lambda$new$0(51)) - 391bbd77-e270-498a-b344-18095c6f1940@group-49BF442FE5BA->42a6dc71-468f-4bda-a1ef-3415db0682d5: nextIndex: updateUnconditionally 0 -> 0
2019-09-27 09:25:51,997 [grpc-default-executor-5] WARN  server.GrpcLogAppender (LogUtils.java:warn(134)) - 48a73947-ad36-4a89-bdb8-df91e6dae885@group-827F9F9FA464->923630be-6089-4454-ada8-343910becadd-AppendLogResponseHandler: Failed appendEntries: org.apache.ratis.thirdparty.io.grpc.StatusRuntimeException: UNAVAILABLE: io exception
2019-09-27 09:25:51,997 [grpc-default-executor-5] INFO  impl.FollowerInfo (FollowerInfo.java:lambda$new$0(51)) - 48a73947-ad36-4a89-bdb8-df91e6dae885@group-827F9F9FA464->923630be-6089-4454-ada8-343910becadd: nextIndex: updateUnconditionally 0 -> 0
2019-09-27 09:25:52,034 [grpc-default-executor-5] WARN  server.GrpcLogAppender (LogUtils.java:warn(134)) - 391bbd77-e270-498a-b344-18095c6f1940@group-49BF442FE5BA->42a6dc71-468f-4bda-a1ef-3415db0682d5-AppendLogResponseHandler: Failed appendEntries: org.apache.ratis.thirdparty.io.grpc.StatusRuntimeException: UNAVAILABLE: io exception
2019-09-27 09:25:52,034 [grpc-default-executor-5] INFO  impl.FollowerInfo (FollowerInfo.java:lambda$new$0(51)) - 391bbd77-e270-498a-b344-18095c6f1940@group-49BF442FE5BA->42a6dc71-468f-4bda-a1ef-3415db0682d5: nextIndex: updateUnconditionally 0 -> 0
2019-09-27 09:25:52,374 [main] INFO  ozoneimpl.OzoneContainer (OzoneContainer.java:stop(231)) - Attempting to stop container services.
2019-09-27 09:25:52,375 [main] INFO  impl.RaftServerProxy (RaftServerProxy.java:lambda$close$4(314)) - 48a73947-ad36-4a89-bdb8-df91e6dae885: close
2019-09-27 09:25:52,375 [main] INFO  impl.RaftServerImpl (RaftServerImpl.java:lambda$shutdown$3(251)) - 48a73947-ad36-4a89-bdb8-df91e6dae885@group-2730EFE61A34: shutdown
2019-09-27 09:25:52,375 [main] INFO  util.JmxRegister (JmxRegister.java:unregister(73)) - Successfully un-registered JMX Bean with object name Ratis:service=RaftServer,group=group-2730EFE61A34,id=48a73947-ad36-4a89-bdb8-df91e6dae885
2019-09-27 09:25:52,376 [main] INFO  impl.RoleInfo (RoleInfo.java:shutdownLeaderState(104)) - 48a73947-ad36-4a89-bdb8-df91e6dae885: shutdown LeaderState
2019-09-27 09:25:52,376 [main] INFO  impl.PendingRequests (PendingRequests.java:sendNotLeaderResponses(202)) - 48a73947-ad36-4a89-bdb8-df91e6dae885-PendingRequests: sendNotLeaderResponses
2019-09-27 09:25:52,376 [main] INFO  impl.StateMachineUpdater (StateMachineUpdater.java:stopAndJoin(125)) - 48a73947-ad36-4a89-bdb8-df91e6dae885@group-2730EFE61A34-StateMachineUpdater: set stopIndex = 0
2019-09-27 09:25:52,377 [main] INFO  impl.RaftServerImpl (ServerState.java:close(385)) - 48a73947-ad36-4a89-bdb8-df91e6dae885@group-2730EFE61A34: closes. applyIndex: 0
2019-09-27 09:25:52,378 [48a73947-ad36-4a89-bdb8-df91e6dae885@group-2730EFE61A34-SegmentedRaftLogWorker] INFO  segmented.SegmentedRaftLogWorker (SegmentedRaftLogWorker.java:run(313)) - 48a73947-ad36-4a89-bdb8-df91e6dae885@group-2730EFE61A34-SegmentedRaftLogWorker was interrupted, exiting. There are 0 tasks remaining in the queue.
2019-09-27 09:25:52,380 [main] INFO  segmented.SegmentedRaftLogWorker (SegmentedRaftLogWorker.java:close(228)) - 48a73947-ad36-4a89-bdb8-df91e6dae885@group-2730EFE61A34-SegmentedRaftLogWorker close()
2019-09-27 09:25:52,380 [ForkJoinPool.commonPool-worker-0] INFO  ozoneimpl.OzoneContainer (OzoneContainer.java:stop(231)) - Attempting to stop container services.
2019-09-27 09:25:52,384 [main] INFO  impl.RaftServerImpl (RaftServerImpl.java:lambda$shutdown$3(251)) - 48a73947-ad36-4a89-bdb8-df91e6dae885@group-827F9F9FA464: shutdown
2019-09-27 09:25:52,384 [ForkJoinPool.commonPool-worker-0] INFO  impl.RaftServerProxy (RaftServerProxy.java:lambda$close$4(314)) - 03814bdb-c6b3-415d-8615-039e811c0048: close
2019-09-27 09:25:52,384 [main] INFO  util.JmxRegister (JmxRegister.java:unregister(73)) - Successfully un-registered JMX Bean with object name Ratis:service=RaftServer,group=group-827F9F9FA464,id=48a73947-ad36-4a89-bdb8-df91e6dae885
2019-09-27 09:25:52,384 [ForkJoinPool.commonPool-worker-0] INFO  impl.RaftServerImpl (RaftServerImpl.java:lambda$shutdown$3(251)) - 03814bdb-c6b3-415d-8615-039e811c0048@group-DC9951E0AEC2: shutdown
2019-09-27 09:25:52,385 [main] INFO  impl.RoleInfo (RoleInfo.java:shutdownLeaderState(104)) - 48a73947-ad36-4a89-bdb8-df91e6dae885: shutdown LeaderState
2019-09-27 09:25:52,385 [ForkJoinPool.commonPool-worker-0] INFO  util.JmxRegister (JmxRegister.java:unregister(73)) - Successfully un-registered JMX Bean with object name Ratis:service=RaftServer,group=group-DC9951E0AEC2,id=03814bdb-c6b3-415d-8615-039e811c0048
2019-09-27 09:25:52,389 [org.apache.ratis.server.impl.LogAppender$AppenderDaemon$$Lambda$400/247186050@a93aded] WARN  server.GrpcLogAppender (GrpcLogAppender.java:mayWait(143)) - 48a73947-ad36-4a89-bdb8-df91e6dae885@group-827F9F9FA464->923630be-6089-4454-ada8-343910becadd-GrpcLogAppender: Wait interrupted by java.lang.InterruptedException
2019-09-27 09:25:52,389 [main] INFO  impl.PendingRequests (PendingRequests.java:sendNotLeaderResponses(202)) - 48a73947-ad36-4a89-bdb8-df91e6dae885-PendingRequests: sendNotLeaderResponses
2019-09-27 09:25:52,389 [org.apache.ratis.server.impl.LogAppender$AppenderDaemon$$Lambda$400/247186050@57dd4ad] WARN  server.GrpcLogAppender (GrpcLogAppender.java:mayWait(143)) - 48a73947-ad36-4a89-bdb8-df91e6dae885@group-827F9F9FA464->002bed63-9761-4b9f-9eba-a6bdbdfe34b9-GrpcLogAppender: Wait interrupted by java.lang.InterruptedException
2019-09-27 09:25:52,389 [ForkJoinPool.commonPool-worker-0] INFO  impl.RoleInfo (RoleInfo.java:shutdownLeaderState(104)) - 03814bdb-c6b3-415d-8615-039e811c0048: shutdown LeaderState
2019-09-27 09:25:52,389 [main] INFO  impl.StateMachineUpdater (StateMachineUpdater.java:stopAndJoin(125)) - 48a73947-ad36-4a89-bdb8-df91e6dae885@group-827F9F9FA464-StateMachineUpdater: set stopIndex = 0
2019-09-27 09:25:52,390 [grpc-default-executor-4] INFO  server.GrpcServerProtocolService (GrpcServerProtocolService.java:onCompleted(113)) - 002bed63-9761-4b9f-9eba-a6bdbdfe34b9: Completed APPEND_ENTRIES, lastRequest: 48a73947-ad36-4a89-bdb8-df91e6dae885->002bed63-9761-4b9f-9eba-a6bdbdfe34b9#236-t1, previous=(t:1, i:0), leaderCommit=0, initializing? false, entries: <empty>
2019-09-27 09:25:52,390 [ForkJoinPool.commonPool-worker-0] INFO  impl.PendingRequests (PendingRequests.java:sendNotLeaderResponses(202)) - 03814bdb-c6b3-415d-8615-039e811c0048-PendingRequests: sendNotLeaderResponses
2019-09-27 09:25:52,390 [main] INFO  impl.RaftServerImpl (ServerState.java:close(385)) - 48a73947-ad36-4a89-bdb8-df91e6dae885@group-827F9F9FA464: closes. applyIndex: 0
2019-09-27 09:25:52,390 [ForkJoinPool.commonPool-worker-0] INFO  impl.StateMachineUpdater (StateMachineUpdater.java:stopAndJoin(125)) - 03814bdb-c6b3-415d-8615-039e811c0048@group-DC9951E0AEC2-StateMachineUpdater: set stopIndex = 0
2019-09-27 09:25:52,391 [48a73947-ad36-4a89-bdb8-df91e6dae885@group-827F9F9FA464-SegmentedRaftLogWorker] INFO  segmented.SegmentedRaftLogWorker (SegmentedRaftLogWorker.java:run(313)) - 48a73947-ad36-4a89-bdb8-df91e6dae885@group-827F9F9FA464-SegmentedRaftLogWorker was interrupted, exiting. There are 0 tasks remaining in the queue.
2019-09-27 09:25:52,391 [grpc-default-executor-4] INFO  server.GrpcLogAppender (GrpcLogAppender.java:onCompleted(293)) - 48a73947-ad36-4a89-bdb8-df91e6dae885@group-827F9F9FA464->002bed63-9761-4b9f-9eba-a6bdbdfe34b9-AppendLogResponseHandler: follower responses appendEntries COMPLETED
2019-09-27 09:25:52,391 [ForkJoinPool.commonPool-worker-0] INFO  impl.RaftServerImpl (ServerState.java:close(385)) - 03814bdb-c6b3-415d-8615-039e811c0048@group-DC9951E0AEC2: closes. applyIndex: 0
2019-09-27 09:25:52,393 [grpc-default-executor-4] INFO  impl.FollowerInfo (FollowerInfo.java:lambda$new$0(51)) - 48a73947-ad36-4a89-bdb8-df91e6dae885@group-827F9F9FA464->002bed63-9761-4b9f-9eba-a6bdbdfe34b9: nextIndex: updateUnconditionally 1 -> 0
2019-09-27 09:25:52,393 [main] INFO  segmented.SegmentedRaftLogWorker (SegmentedRaftLogWorker.java:close(228)) - 48a73947-ad36-4a89-bdb8-df91e6dae885@group-827F9F9FA464-SegmentedRaftLogWorker close()
2019-09-27 09:25:52,393 [03814bdb-c6b3-415d-8615-039e811c0048@group-DC9951E0AEC2-SegmentedRaftLogWorker] INFO  segmented.SegmentedRaftLogWorker (SegmentedRaftLogWorker.java:run(313)) - 03814bdb-c6b3-415d-8615-039e811c0048@group-DC9951E0AEC2-SegmentedRaftLogWorker was interrupted, exiting. There are 0 tasks remaining in the queue.
2019-09-27 09:25:52,398 [main] INFO  server.GrpcService (GrpcService.java:closeImpl(164)) - 48a73947-ad36-4a89-bdb8-df91e6dae885: shutdown server with port 39788 now
2019-09-27 09:25:52,400 [ForkJoinPool.commonPool-worker-0] INFO  segmented.SegmentedRaftLogWorker (SegmentedRaftLogWorker.java:close(228)) - 03814bdb-c6b3-415d-8615-039e811c0048@group-DC9951E0AEC2-SegmentedRaftLogWorker close()
2019-09-27 09:25:52,401 [main] INFO  server.GrpcService (GrpcService.java:closeImpl(172)) - 48a73947-ad36-4a89-bdb8-df91e6dae885: shutdown server with port 39788 successfully
2019-09-27 09:25:52,405 [ForkJoinPool.commonPool-worker-0] INFO  impl.RaftServerImpl (RaftServerImpl.java:lambda$shutdown$3(251)) - 03814bdb-c6b3-415d-8615-039e811c0048@group-CB4EA96F2AAE: shutdown
2019-09-27 09:25:52,406 [ForkJoinPool.commonPool-worker-0] INFO  util.JmxRegister (JmxRegister.java:unregister(73)) - Successfully un-registered JMX Bean with object name Ratis:service=RaftServer,group=group-CB4EA96F2AAE,id=03814bdb-c6b3-415d-8615-039e811c0048
2019-09-27 09:25:52,406 [ForkJoinPool.commonPool-worker-0] INFO  impl.RoleInfo (RoleInfo.java:shutdownFollowerState(121)) - 03814bdb-c6b3-415d-8615-039e811c0048: shutdown FollowerState
2019-09-27 09:25:52,407 [ForkJoinPool.commonPool-worker-0] INFO  impl.StateMachineUpdater (StateMachineUpdater.java:stopAndJoin(125)) - 03814bdb-c6b3-415d-8615-039e811c0048@group-CB4EA96F2AAE-StateMachineUpdater: set stopIndex = 0
2019-09-27 09:25:52,407 [Thread-8235] INFO  impl.FollowerState (FollowerState.java:run(115)) - 03814bdb-c6b3-415d-8615-039e811c0048: FollowerState was interrupted: java.lang.InterruptedException: sleep interrupted
2019-09-27 09:25:52,407 [refreshUsed-/workdir/hadoop-ozone/integration-test/target/test-dir/MiniOzoneClusterImpl-398c5316-7398-4fb3-bac3-d05c7117414d/datanode-6/data/containers] WARN  fs.CachingGetSpaceUsed (CachingGetSpaceUsed.java:run(183)) - Thread Interrupted waiting to refresh disk information: sleep interrupted
2019-09-27 09:25:52,407 [ForkJoinPool.commonPool-worker-0] INFO  impl.RaftServerImpl (ServerState.java:close(385)) - 03814bdb-c6b3-415d-8615-039e811c0048@group-CB4EA96F2AAE: closes. applyIndex: 0
2019-09-27 09:25:52,408 [03814bdb-c6b3-415d-8615-039e811c0048@group-CB4EA96F2AAE-SegmentedRaftLogWorker] INFO  segmented.SegmentedRaftLogWorker (SegmentedRaftLogWorker.java:run(313)) - 03814bdb-c6b3-415d-8615-039e811c0048@group-CB4EA96F2AAE-SegmentedRaftLogWorker was interrupted, exiting. There are 0 tasks remaining in the queue.
2019-09-27 09:25:52,410 [ForkJoinPool.commonPool-worker-0] INFO  segmented.SegmentedRaftLogWorker (SegmentedRaftLogWorker.java:close(228)) - 03814bdb-c6b3-415d-8615-039e811c0048@group-CB4EA96F2AAE-SegmentedRaftLogWorker close()
2019-09-27 09:25:52,413 [ForkJoinPool.commonPool-worker-0] INFO  server.GrpcService (GrpcService.java:closeImpl(164)) - 03814bdb-c6b3-415d-8615-039e811c0048: shutdown server with port 40137 now
2019-09-27 09:25:52,414 [ForkJoinPool.commonPool-worker-0] INFO  server.GrpcService (GrpcService.java:closeImpl(172)) - 03814bdb-c6b3-415d-8615-039e811c0048: shutdown server with port 40137 successfully
2019-09-27 09:25:52,415 [grpc-default-executor-5] WARN  server.GrpcServerProtocolService (LogUtils.java:warn(134)) - 03814bdb-c6b3-415d-8615-039e811c0048: installSnapshot onError, lastRequest: 513ea752-2bb4-4e9d-94cf-0dce8d7e1b31->03814bdb-c6b3-415d-8615-039e811c0048#235-t2, previous=(t:2, i:0), leaderCommit=0, initializing? false, entries: <empty>: org.apache.ratis.thirdparty.io.grpc.StatusRuntimeException: CANCELLED: cancelled before receiving half close
2019-09-27 09:25:52,415 [grpc-default-executor-1] WARN  server.GrpcLogAppender (LogUtils.java:warn(134)) - 513ea752-2bb4-4e9d-94cf-0dce8d7e1b31@group-CB4EA96F2AAE->03814bdb-c6b3-415d-8615-039e811c0048-AppendLogResponseHandler: Failed appendEntries: org.apache.ratis.thirdparty.io.grpc.StatusRuntimeException: CANCELLED: HTTP/2 error code: CANCEL
Received Rst Stream
2019-09-27 09:25:52,416 [grpc-default-executor-1] INFO  impl.FollowerInfo (FollowerInfo.java:lambda$new$0(51)) - 513ea752-2bb4-4e9d-94cf-0dce8d7e1b31@group-CB4EA96F2AAE->03814bdb-c6b3-415d-8615-039e811c0048: nextIndex: updateUnconditionally 1 -> 0
2019-09-27 09:25:52,417 [refreshUsed-/workdir/hadoop-ozone/integration-test/target/test-dir/MiniOzoneClusterImpl-398c5316-7398-4fb3-bac3-d05c7117414d/datanode-3/data/containers] WARN  fs.CachingGetSpaceUsed (CachingGetSpaceUsed.java:run(183)) - Thread Interrupted waiting to refresh disk information: sleep interrupted
2019-09-27 09:25:52,422 [main] INFO  utils.BackgroundService (BackgroundService.java:shutdown(148)) - Shutting down service BlockDeletingService
2019-09-27 09:25:52,428 [main] INFO  statemachine.DatanodeStateMachine (DatanodeStateMachine.java:stopDaemon(395)) - Ozone container server stopped.
2019-09-27 09:25:52,428 [main] INFO  handler.ContextHandler (ContextHandler.java:doStop(910)) - Stopped o.e.j.w.WebAppContext@4ea1aa52{/,null,UNAVAILABLE}{/hddsDatanode}
2019-09-27 09:25:52,429 [main] INFO  server.AbstractConnector (AbstractConnector.java:doStop(318)) - Stopped ServerConnector@74123110{HTTP/1.1,[http/1.1]}{0.0.0.0:0}
2019-09-27 09:25:52,429 [main] INFO  handler.ContextHandler (ContextHandler.java:doStop(910)) - Stopped o.e.j.s.ServletContextHandler@3e03046d{/static,jar:file:/home/user/.m2/repository/org/apache/hadoop/hadoop-hdds-container-service/0.5.0-SNAPSHOT/hadoop-hdds-container-service-0.5.0-SNAPSHOT.jar!/webapps/static,UNAVAILABLE}
2019-09-27 09:25:52,430 [main] INFO  handler.ContextHandler (ContextHandler.java:doStop(910)) - Stopped o.e.j.s.ServletContextHandler@283ab206{/logs,file:///workdir/hadoop-ozone/integration-test/target/log,UNAVAILABLE}
2019-09-27 09:25:52,432 [ForkJoinPool.commonPool-worker-0] INFO  utils.BackgroundService (BackgroundService.java:shutdown(148)) - Shutting down service BlockDeletingService
2019-09-27 09:25:52,437 [ForkJoinPool.commonPool-worker-0] INFO  statemachine.DatanodeStateMachine (DatanodeStateMachine.java:stopDaemon(395)) - Ozone container server stopped.
2019-09-27 09:25:52,441 [ForkJoinPool.commonPool-worker-0] INFO  handler.ContextHandler (ContextHandler.java:doStop(910)) - Stopped o.e.j.w.WebAppContext@2abc55c4{/,null,UNAVAILABLE}{/hddsDatanode}
2019-09-27 09:25:52,442 [ForkJoinPool.commonPool-worker-0] INFO  server.AbstractConnector (AbstractConnector.java:doStop(318)) - Stopped ServerConnector@4e958f08{HTTP/1.1,[http/1.1]}{0.0.0.0:0}
2019-09-27 09:25:52,443 [ForkJoinPool.commonPool-worker-0] INFO  handler.ContextHandler (ContextHandler.java:doStop(910)) - Stopped o.e.j.s.ServletContextHandler@4eb9ae4d{/static,jar:file:/home/user/.m2/repository/org/apache/hadoop/hadoop-hdds-container-service/0.5.0-SNAPSHOT/hadoop-hdds-container-service-0.5.0-SNAPSHOT.jar!/webapps/static,UNAVAILABLE}
2019-09-27 09:25:52,445 [ForkJoinPool.commonPool-worker-0] INFO  handler.ContextHandler (ContextHandler.java:doStop(910)) - Stopped o.e.j.s.ServletContextHandler@7761e342{/logs,file:///workdir/hadoop-ozone/integration-test/target/log,UNAVAILABLE}
2019-09-27 09:25:52,535 [grpc-default-executor-4] WARN  server.GrpcLogAppender (LogUtils.java:warn(134)) - 391bbd77-e270-498a-b344-18095c6f1940@group-49BF442FE5BA->42a6dc71-468f-4bda-a1ef-3415db0682d5-AppendLogResponseHandler: Failed appendEntries: org.apache.ratis.thirdparty.io.grpc.StatusRuntimeException: UNAVAILABLE: io exception
2019-09-27 09:25:52,535 [grpc-default-executor-4] INFO  impl.FollowerInfo (FollowerInfo.java:lambda$new$0(51)) - 391bbd77-e270-498a-b344-18095c6f1940@group-49BF442FE5BA->42a6dc71-468f-4bda-a1ef-3415db0682d5: nextIndex: updateUnconditionally 0 -> 0
2019-09-27 09:25:52,773 [Datanode State Machine Thread - 0] INFO  statemachine.DatanodeStateMachine (DatanodeStateMachine.java:lambda$startDaemon$0(350)) - Ozone container server started.
2019-09-27 09:25:52,844 [grpc-default-executor-4] WARN  server.GrpcLogAppender (LogUtils.java:warn(134)) - 513ea752-2bb4-4e9d-94cf-0dce8d7e1b31@group-CB4EA96F2AAE->03814bdb-c6b3-415d-8615-039e811c0048-AppendLogResponseHandler: Failed appendEntries: org.apache.ratis.thirdparty.io.grpc.StatusRuntimeException: UNAVAILABLE: io exception
2019-09-27 09:25:52,845 [grpc-default-executor-4] INFO  impl.FollowerInfo (FollowerInfo.java:lambda$new$0(51)) - 513ea752-2bb4-4e9d-94cf-0dce8d7e1b31@group-CB4EA96F2AAE->03814bdb-c6b3-415d-8615-039e811c0048: nextIndex: updateUnconditionally 0 -> 0
2019-09-27 09:25:53,016 [Datanode State Machine Thread - 0] INFO  statemachine.DatanodeStateMachine (DatanodeStateMachine.java:lambda$startDaemon$0(350)) - Ozone container server started.
2019-09-27 09:25:53,036 [grpc-default-executor-4] WARN  server.GrpcLogAppender (LogUtils.java:warn(134)) - 391bbd77-e270-498a-b344-18095c6f1940@group-49BF442FE5BA->42a6dc71-468f-4bda-a1ef-3415db0682d5-AppendLogResponseHandler: Failed appendEntries: org.apache.ratis.thirdparty.io.grpc.StatusRuntimeException: UNAVAILABLE: io exception
2019-09-27 09:25:53,036 [grpc-default-executor-4] INFO  impl.FollowerInfo (FollowerInfo.java:lambda$new$0(51)) - 391bbd77-e270-498a-b344-18095c6f1940@group-49BF442FE5BA->42a6dc71-468f-4bda-a1ef-3415db0682d5: nextIndex: updateUnconditionally 0 -> 0
2019-09-27 09:25:53,204 [Thread-8196] INFO  impl.FollowerState (FollowerState.java:run(106)) - 002bed63-9761-4b9f-9eba-a6bdbdfe34b9:group-827F9F9FA464 changes to CANDIDATE, lastRpcTime:1205, electionTimeout:1163ms
2019-09-27 09:25:53,205 [Thread-8196] INFO  impl.RoleInfo (RoleInfo.java:shutdownFollowerState(121)) - 002bed63-9761-4b9f-9eba-a6bdbdfe34b9: shutdown FollowerState
2019-09-27 09:25:53,205 [Thread-8196] INFO  impl.RaftServerImpl (RaftServerImpl.java:setRole(174)) - 002bed63-9761-4b9f-9eba-a6bdbdfe34b9@group-827F9F9FA464: changes role from  FOLLOWER to CANDIDATE at term 1 for changeToCandidate
2019-09-27 09:25:53,205 [Thread-8196] INFO  impl.RoleInfo (RoleInfo.java:updateAndGet(143)) - 002bed63-9761-4b9f-9eba-a6bdbdfe34b9: start LeaderElection
2019-09-27 09:25:53,205 [002bed63-9761-4b9f-9eba-a6bdbdfe34b9@group-827F9F9FA464:LeaderElection153] INFO  impl.RaftServerImpl (ServerState.java:setLeader(253)) - 002bed63-9761-4b9f-9eba-a6bdbdfe34b9@group-827F9F9FA464: change Leader from 48a73947-ad36-4a89-bdb8-df91e6dae885 to null at term 1 for initElection
2019-09-27 09:25:53,219 [002bed63-9761-4b9f-9eba-a6bdbdfe34b9@group-827F9F9FA464:LeaderElection153] INFO  impl.LeaderElection (LeaderElection.java:askForVotes(182)) - 002bed63-9761-4b9f-9eba-a6bdbdfe34b9@group-827F9F9FA464:LeaderElection153: begin an election at term 2 for 0: [923630be-6089-4454-ada8-343910becadd:192.168.151.103:41127, 48a73947-ad36-4a89-bdb8-df91e6dae885:192.168.151.103:39788, 002bed63-9761-4b9f-9eba-a6bdbdfe34b9:192.168.151.103:43508], old=null
2019-09-27 09:25:53,222 [002bed63-9761-4b9f-9eba-a6bdbdfe34b9@group-827F9F9FA464:LeaderElection153] INFO  impl.LeaderElection (LogUtils.java:infoOrTrace(149)) - 002bed63-9761-4b9f-9eba-a6bdbdfe34b9@group-827F9F9FA464:LeaderElection153 got exception when requesting votes: {}
java.util.concurrent.ExecutionException: org.apache.ratis.thirdparty.io.grpc.StatusRuntimeException: UNAVAILABLE: io exception
	at java.util.concurrent.FutureTask.report(FutureTask.java:122)
	at java.util.concurrent.FutureTask.get(FutureTask.java:192)
	at org.apache.ratis.server.impl.LeaderElection.waitForResults(LeaderElection.java:263)
	at org.apache.ratis.server.impl.LeaderElection.askForVotes(LeaderElection.java:201)
	at org.apache.ratis.server.impl.LeaderElection.run(LeaderElection.java:133)
	at java.lang.Thread.run(Thread.java:748)
Caused by: org.apache.ratis.thirdparty.io.grpc.StatusRuntimeException: UNAVAILABLE: io exception
	at org.apache.ratis.thirdparty.io.grpc.stub.ClientCalls.toStatusRuntimeException(ClientCalls.java:233)
	at org.apache.ratis.thirdparty.io.grpc.stub.ClientCalls.getUnchecked(ClientCalls.java:214)
	at org.apache.ratis.thirdparty.io.grpc.stub.ClientCalls.blockingUnaryCall(ClientCalls.java:139)
	at org.apache.ratis.proto.grpc.RaftServerProtocolServiceGrpc$RaftServerProtocolServiceBlockingStub.requestVote(RaftServerProtocolServiceGrpc.java:265)
	at org.apache.ratis.grpc.server.GrpcServerProtocolClient.requestVote(GrpcServerProtocolClient.java:90)
	at org.apache.ratis.grpc.server.GrpcService.requestVote(GrpcService.java:204)
	at org.apache.ratis.server.impl.LeaderElection.lambda$submitRequests$1(LeaderElection.java:238)
	at java.util.concurrent.FutureTask.run(FutureTask.java:266)
	at java.util.concurrent.Executors$RunnableAdapter.call(Executors.java:511)
	at java.util.concurrent.FutureTask.run(FutureTask.java:266)
	at java.util.concurrent.ThreadPoolExecutor.runWorker(ThreadPoolExecutor.java:1149)
	at java.util.concurrent.ThreadPoolExecutor$Worker.run(ThreadPoolExecutor.java:624)
	... 1 more
Caused by: org.apache.ratis.thirdparty.io.netty.channel.AbstractChannel$AnnotatedConnectException: Connection refused: /192.168.151.103:41127
	at sun.nio.ch.SocketChannelImpl.checkConnect(Native Method)
	at sun.nio.ch.SocketChannelImpl.finishConnect(SocketChannelImpl.java:717)
	at org.apache.ratis.thirdparty.io.netty.channel.socket.nio.NioSocketChannel.doFinishConnect(NioSocketChannel.java:327)
	at org.apache.ratis.thirdparty.io.netty.channel.nio.AbstractNioChannel$AbstractNioUnsafe.finishConnect(AbstractNioChannel.java:340)
	at org.apache.ratis.thirdparty.io.netty.channel.nio.NioEventLoop.processSelectedKey(NioEventLoop.java:632)
	at org.apache.ratis.thirdparty.io.netty.channel.nio.NioEventLoop.processSelectedKeysOptimized(NioEventLoop.java:579)
	at org.apache.ratis.thirdparty.io.netty.channel.nio.NioEventLoop.processSelectedKeys(NioEventLoop.java:496)
	at org.apache.ratis.thirdparty.io.netty.channel.nio.NioEventLoop.run(NioEventLoop.java:458)
	at org.apache.ratis.thirdparty.io.netty.util.concurrent.SingleThreadEventExecutor$5.run(SingleThreadEventExecutor.java:897)
	at org.apache.ratis.thirdparty.io.netty.util.concurrent.FastThreadLocalRunnable.run(FastThreadLocalRunnable.java:30)
	... 1 more
Caused by: java.net.ConnectException: Connection refused
	... 11 more
2019-09-27 09:25:53,223 [002bed63-9761-4b9f-9eba-a6bdbdfe34b9@group-827F9F9FA464:LeaderElection153] INFO  impl.LeaderElection (LogUtils.java:infoOrTrace(149)) - 002bed63-9761-4b9f-9eba-a6bdbdfe34b9@group-827F9F9FA464:LeaderElection153 got exception when requesting votes: {}
java.util.concurrent.ExecutionException: org.apache.ratis.thirdparty.io.grpc.StatusRuntimeException: UNAVAILABLE: io exception
	at java.util.concurrent.FutureTask.report(FutureTask.java:122)
	at java.util.concurrent.FutureTask.get(FutureTask.java:192)
	at org.apache.ratis.server.impl.LeaderElection.waitForResults(LeaderElection.java:263)
	at org.apache.ratis.server.impl.LeaderElection.askForVotes(LeaderElection.java:201)
	at org.apache.ratis.server.impl.LeaderElection.run(LeaderElection.java:133)
	at java.lang.Thread.run(Thread.java:748)
Caused by: org.apache.ratis.thirdparty.io.grpc.StatusRuntimeException: UNAVAILABLE: io exception
	at org.apache.ratis.thirdparty.io.grpc.stub.ClientCalls.toStatusRuntimeException(ClientCalls.java:233)
	at org.apache.ratis.thirdparty.io.grpc.stub.ClientCalls.getUnchecked(ClientCalls.java:214)
	at org.apache.ratis.thirdparty.io.grpc.stub.ClientCalls.blockingUnaryCall(ClientCalls.java:139)
	at org.apache.ratis.proto.grpc.RaftServerProtocolServiceGrpc$RaftServerProtocolServiceBlockingStub.requestVote(RaftServerProtocolServiceGrpc.java:265)
	at org.apache.ratis.grpc.server.GrpcServerProtocolClient.requestVote(GrpcServerProtocolClient.java:90)
	at org.apache.ratis.grpc.server.GrpcService.requestVote(GrpcService.java:204)
	at org.apache.ratis.server.impl.LeaderElection.lambda$submitRequests$1(LeaderElection.java:238)
	at java.util.concurrent.FutureTask.run(FutureTask.java:266)
	at java.util.concurrent.Executors$RunnableAdapter.call(Executors.java:511)
	at java.util.concurrent.FutureTask.run(FutureTask.java:266)
	at java.util.concurrent.ThreadPoolExecutor.runWorker(ThreadPoolExecutor.java:1149)
	at java.util.concurrent.ThreadPoolExecutor$Worker.run(ThreadPoolExecutor.java:624)
	... 1 more
Caused by: org.apache.ratis.thirdparty.io.netty.channel.AbstractChannel$AnnotatedConnectException: Connection refused: /192.168.151.103:39788
	at sun.nio.ch.SocketChannelImpl.checkConnect(Native Method)
	at sun.nio.ch.SocketChannelImpl.finishConnect(SocketChannelImpl.java:717)
	at org.apache.ratis.thirdparty.io.netty.channel.socket.nio.NioSocketChannel.doFinishConnect(NioSocketChannel.java:327)
	at org.apache.ratis.thirdparty.io.netty.channel.nio.AbstractNioChannel$AbstractNioUnsafe.finishConnect(AbstractNioChannel.java:340)
	at org.apache.ratis.thirdparty.io.netty.channel.nio.NioEventLoop.processSelectedKey(NioEventLoop.java:632)
	at org.apache.ratis.thirdparty.io.netty.channel.nio.NioEventLoop.processSelectedKeysOptimized(NioEventLoop.java:579)
	at org.apache.ratis.thirdparty.io.netty.channel.nio.NioEventLoop.processSelectedKeys(NioEventLoop.java:496)
	at org.apache.ratis.thirdparty.io.netty.channel.nio.NioEventLoop.run(NioEventLoop.java:458)
	at org.apache.ratis.thirdparty.io.netty.util.concurrent.SingleThreadEventExecutor$5.run(SingleThreadEventExecutor.java:897)
	at org.apache.ratis.thirdparty.io.netty.util.concurrent.FastThreadLocalRunnable.run(FastThreadLocalRunnable.java:30)
	... 1 more
Caused by: java.net.ConnectException: Connection refused
	... 11 more
2019-09-27 09:25:53,223 [002bed63-9761-4b9f-9eba-a6bdbdfe34b9@group-827F9F9FA464:LeaderElection153] INFO  impl.LeaderElection (LeaderElection.java:logAndReturn(56)) - 002bed63-9761-4b9f-9eba-a6bdbdfe34b9@group-827F9F9FA464:LeaderElection153: Election REJECTED; received 0 response(s) [] and 2 exception(s); 002bed63-9761-4b9f-9eba-a6bdbdfe34b9@group-827F9F9FA464:t2, leader=null, voted=002bed63-9761-4b9f-9eba-a6bdbdfe34b9, raftlog=002bed63-9761-4b9f-9eba-a6bdbdfe34b9@group-827F9F9FA464-SegmentedRaftLog:OPENED:c0,f0,i0, conf=0: [923630be-6089-4454-ada8-343910becadd:192.168.151.103:41127, 48a73947-ad36-4a89-bdb8-df91e6dae885:192.168.151.103:39788, 002bed63-9761-4b9f-9eba-a6bdbdfe34b9:192.168.151.103:43508], old=null
2019-09-27 09:25:53,223 [002bed63-9761-4b9f-9eba-a6bdbdfe34b9@group-827F9F9FA464:LeaderElection153] INFO  impl.LeaderElection (LogUtils.java:infoOrTrace(149)) -   Exception 0: {}
java.util.concurrent.ExecutionException: org.apache.ratis.thirdparty.io.grpc.StatusRuntimeException: UNAVAILABLE: io exception
	at java.util.concurrent.FutureTask.report(FutureTask.java:122)
	at java.util.concurrent.FutureTask.get(FutureTask.java:192)
	at org.apache.ratis.server.impl.LeaderElection.waitForResults(LeaderElection.java:263)
	at org.apache.ratis.server.impl.LeaderElection.askForVotes(LeaderElection.java:201)
	at org.apache.ratis.server.impl.LeaderElection.run(LeaderElection.java:133)
	at java.lang.Thread.run(Thread.java:748)
Caused by: org.apache.ratis.thirdparty.io.grpc.StatusRuntimeException: UNAVAILABLE: io exception
	at org.apache.ratis.thirdparty.io.grpc.stub.ClientCalls.toStatusRuntimeException(ClientCalls.java:233)
	at org.apache.ratis.thirdparty.io.grpc.stub.ClientCalls.getUnchecked(ClientCalls.java:214)
	at org.apache.ratis.thirdparty.io.grpc.stub.ClientCalls.blockingUnaryCall(ClientCalls.java:139)
	at org.apache.ratis.proto.grpc.RaftServerProtocolServiceGrpc$RaftServerProtocolServiceBlockingStub.requestVote(RaftServerProtocolServiceGrpc.java:265)
	at org.apache.ratis.grpc.server.GrpcServerProtocolClient.requestVote(GrpcServerProtocolClient.java:90)
	at org.apache.ratis.grpc.server.GrpcService.requestVote(GrpcService.java:204)
	at org.apache.ratis.server.impl.LeaderElection.lambda$submitRequests$1(LeaderElection.java:238)
	at java.util.concurrent.FutureTask.run(FutureTask.java:266)
	at java.util.concurrent.Executors$RunnableAdapter.call(Executors.java:511)
	at java.util.concurrent.FutureTask.run(FutureTask.java:266)
	at java.util.concurrent.ThreadPoolExecutor.runWorker(ThreadPoolExecutor.java:1149)
	at java.util.concurrent.ThreadPoolExecutor$Worker.run(ThreadPoolExecutor.java:624)
	... 1 more
Caused by: org.apache.ratis.thirdparty.io.netty.channel.AbstractChannel$AnnotatedConnectException: Connection refused: /192.168.151.103:41127
	at sun.nio.ch.SocketChannelImpl.checkConnect(Native Method)
	at sun.nio.ch.SocketChannelImpl.finishConnect(SocketChannelImpl.java:717)
	at org.apache.ratis.thirdparty.io.netty.channel.socket.nio.NioSocketChannel.doFinishConnect(NioSocketChannel.java:327)
	at org.apache.ratis.thirdparty.io.netty.channel.nio.AbstractNioChannel$AbstractNioUnsafe.finishConnect(AbstractNioChannel.java:340)
	at org.apache.ratis.thirdparty.io.netty.channel.nio.NioEventLoop.processSelectedKey(NioEventLoop.java:632)
	at org.apache.ratis.thirdparty.io.netty.channel.nio.NioEventLoop.processSelectedKeysOptimized(NioEventLoop.java:579)
	at org.apache.ratis.thirdparty.io.netty.channel.nio.NioEventLoop.processSelectedKeys(NioEventLoop.java:496)
	at org.apache.ratis.thirdparty.io.netty.channel.nio.NioEventLoop.run(NioEventLoop.java:458)
	at org.apache.ratis.thirdparty.io.netty.util.concurrent.SingleThreadEventExecutor$5.run(SingleThreadEventExecutor.java:897)
	at org.apache.ratis.thirdparty.io.netty.util.concurrent.FastThreadLocalRunnable.run(FastThreadLocalRunnable.java:30)
	... 1 more
Caused by: java.net.ConnectException: Connection refused
	... 11 more
2019-09-27 09:25:53,223 [002bed63-9761-4b9f-9eba-a6bdbdfe34b9@group-827F9F9FA464:LeaderElection153] INFO  impl.LeaderElection (LogUtils.java:infoOrTrace(149)) -   Exception 1: {}
java.util.concurrent.ExecutionException: org.apache.ratis.thirdparty.io.grpc.StatusRuntimeException: UNAVAILABLE: io exception
	at java.util.concurrent.FutureTask.report(FutureTask.java:122)
	at java.util.concurrent.FutureTask.get(FutureTask.java:192)
	at org.apache.ratis.server.impl.LeaderElection.waitForResults(LeaderElection.java:263)
	at org.apache.ratis.server.impl.LeaderElection.askForVotes(LeaderElection.java:201)
	at org.apache.ratis.server.impl.LeaderElection.run(LeaderElection.java:133)
	at java.lang.Thread.run(Thread.java:748)
Caused by: org.apache.ratis.thirdparty.io.grpc.StatusRuntimeException: UNAVAILABLE: io exception
	at org.apache.ratis.thirdparty.io.grpc.stub.ClientCalls.toStatusRuntimeException(ClientCalls.java:233)
	at org.apache.ratis.thirdparty.io.grpc.stub.ClientCalls.getUnchecked(ClientCalls.java:214)
	at org.apache.ratis.thirdparty.io.grpc.stub.ClientCalls.blockingUnaryCall(ClientCalls.java:139)
	at org.apache.ratis.proto.grpc.RaftServerProtocolServiceGrpc$RaftServerProtocolServiceBlockingStub.requestVote(RaftServerProtocolServiceGrpc.java:265)
	at org.apache.ratis.grpc.server.GrpcServerProtocolClient.requestVote(GrpcServerProtocolClient.java:90)
	at org.apache.ratis.grpc.server.GrpcService.requestVote(GrpcService.java:204)
	at org.apache.ratis.server.impl.LeaderElection.lambda$submitRequests$1(LeaderElection.java:238)
	at java.util.concurrent.FutureTask.run(FutureTask.java:266)
	at java.util.concurrent.Executors$RunnableAdapter.call(Executors.java:511)
	at java.util.concurrent.FutureTask.run(FutureTask.java:266)
	at java.util.concurrent.ThreadPoolExecutor.runWorker(ThreadPoolExecutor.java:1149)
	at java.util.concurrent.ThreadPoolExecutor$Worker.run(ThreadPoolExecutor.java:624)
	... 1 more
Caused by: org.apache.ratis.thirdparty.io.netty.channel.AbstractChannel$AnnotatedConnectException: Connection refused: /192.168.151.103:39788
	at sun.nio.ch.SocketChannelImpl.checkConnect(Native Method)
	at sun.nio.ch.SocketChannelImpl.finishConnect(SocketChannelImpl.java:717)
	at org.apache.ratis.thirdparty.io.netty.channel.socket.nio.NioSocketChannel.doFinishConnect(NioSocketChannel.java:327)
	at org.apache.ratis.thirdparty.io.netty.channel.nio.AbstractNioChannel$AbstractNioUnsafe.finishConnect(AbstractNioChannel.java:340)
	at org.apache.ratis.thirdparty.io.netty.channel.nio.NioEventLoop.processSelectedKey(NioEventLoop.java:632)
	at org.apache.ratis.thirdparty.io.netty.channel.nio.NioEventLoop.processSelectedKeysOptimized(NioEventLoop.java:579)
	at org.apache.ratis.thirdparty.io.netty.channel.nio.NioEventLoop.processSelectedKeys(NioEventLoop.java:496)
	at org.apache.ratis.thirdparty.io.netty.channel.nio.NioEventLoop.run(NioEventLoop.java:458)
	at org.apache.ratis.thirdparty.io.netty.util.concurrent.SingleThreadEventExecutor$5.run(SingleThreadEventExecutor.java:897)
	at org.apache.ratis.thirdparty.io.netty.util.concurrent.FastThreadLocalRunnable.run(FastThreadLocalRunnable.java:30)
	... 1 more
Caused by: java.net.ConnectException: Connection refused
	... 11 more
2019-09-27 09:25:53,224 [002bed63-9761-4b9f-9eba-a6bdbdfe34b9@group-827F9F9FA464:LeaderElection153] INFO  impl.RaftServerImpl (RaftServerImpl.java:setRole(174)) - 002bed63-9761-4b9f-9eba-a6bdbdfe34b9@group-827F9F9FA464: changes role from CANDIDATE to FOLLOWER at term 2 for DISCOVERED_A_NEW_TERM
2019-09-27 09:25:53,224 [002bed63-9761-4b9f-9eba-a6bdbdfe34b9@group-827F9F9FA464:LeaderElection153] INFO  impl.RoleInfo (RoleInfo.java:shutdownLeaderElection(134)) - 002bed63-9761-4b9f-9eba-a6bdbdfe34b9: shutdown LeaderElection
2019-09-27 09:25:53,224 [002bed63-9761-4b9f-9eba-a6bdbdfe34b9@group-827F9F9FA464:LeaderElection153] INFO  impl.RoleInfo (RoleInfo.java:updateAndGet(143)) - 002bed63-9761-4b9f-9eba-a6bdbdfe34b9: start FollowerState
2019-09-27 09:25:53,345 [grpc-default-executor-1] WARN  server.GrpcLogAppender (LogUtils.java:warn(134)) - 513ea752-2bb4-4e9d-94cf-0dce8d7e1b31@group-CB4EA96F2AAE->03814bdb-c6b3-415d-8615-039e811c0048-AppendLogResponseHandler: Failed appendEntries: org.apache.ratis.thirdparty.io.grpc.StatusRuntimeException: UNAVAILABLE: io exception
2019-09-27 09:25:53,345 [grpc-default-executor-1] INFO  impl.FollowerInfo (FollowerInfo.java:lambda$new$0(51)) - 513ea752-2bb4-4e9d-94cf-0dce8d7e1b31@group-CB4EA96F2AAE->03814bdb-c6b3-415d-8615-039e811c0048: nextIndex: updateUnconditionally 0 -> 0
2019-09-27 09:25:53,536 [grpc-default-executor-1] WARN  server.GrpcLogAppender (LogUtils.java:warn(134)) - 391bbd77-e270-498a-b344-18095c6f1940@group-49BF442FE5BA->42a6dc71-468f-4bda-a1ef-3415db0682d5-AppendLogResponseHandler: Failed appendEntries: org.apache.ratis.thirdparty.io.grpc.StatusRuntimeException: UNAVAILABLE: io exception
2019-09-27 09:25:53,536 [grpc-default-executor-1] INFO  impl.FollowerInfo (FollowerInfo.java:lambda$new$0(51)) - 391bbd77-e270-498a-b344-18095c6f1940@group-49BF442FE5BA->42a6dc71-468f-4bda-a1ef-3415db0682d5: nextIndex: updateUnconditionally 0 -> 0
2019-09-27 09:25:53,845 [grpc-default-executor-1] WARN  server.GrpcLogAppender (LogUtils.java:warn(134)) - 513ea752-2bb4-4e9d-94cf-0dce8d7e1b31@group-CB4EA96F2AAE->03814bdb-c6b3-415d-8615-039e811c0048-AppendLogResponseHandler: Failed appendEntries: org.apache.ratis.thirdparty.io.grpc.StatusRuntimeException: UNAVAILABLE: io exception
2019-09-27 09:25:53,846 [grpc-default-executor-1] INFO  impl.FollowerInfo (FollowerInfo.java:lambda$new$0(51)) - 513ea752-2bb4-4e9d-94cf-0dce8d7e1b31@group-CB4EA96F2AAE->03814bdb-c6b3-415d-8615-039e811c0048: nextIndex: updateUnconditionally 0 -> 0
2019-09-27 09:25:54,036 [grpc-default-executor-1] WARN  server.GrpcLogAppender (LogUtils.java:warn(134)) - 391bbd77-e270-498a-b344-18095c6f1940@group-49BF442FE5BA->42a6dc71-468f-4bda-a1ef-3415db0682d5-AppendLogResponseHandler: Failed appendEntries: org.apache.ratis.thirdparty.io.grpc.StatusRuntimeException: UNAVAILABLE: io exception
2019-09-27 09:25:54,037 [grpc-default-executor-1] INFO  impl.FollowerInfo (FollowerInfo.java:lambda$new$0(51)) - 391bbd77-e270-498a-b344-18095c6f1940@group-49BF442FE5BA->42a6dc71-468f-4bda-a1ef-3415db0682d5: nextIndex: updateUnconditionally 0 -> 0
2019-09-27 09:25:54,323 [Thread-9675] INFO  impl.FollowerState (FollowerState.java:run(106)) - 002bed63-9761-4b9f-9eba-a6bdbdfe34b9:group-827F9F9FA464 changes to CANDIDATE, lastRpcTime:1099, electionTimeout:1099ms
2019-09-27 09:25:54,324 [Thread-9675] INFO  impl.RoleInfo (RoleInfo.java:shutdownFollowerState(121)) - 002bed63-9761-4b9f-9eba-a6bdbdfe34b9: shutdown FollowerState
2019-09-27 09:25:54,324 [Thread-9675] INFO  impl.RaftServerImpl (RaftServerImpl.java:setRole(174)) - 002bed63-9761-4b9f-9eba-a6bdbdfe34b9@group-827F9F9FA464: changes role from  FOLLOWER to CANDIDATE at term 2 for changeToCandidate
2019-09-27 09:25:54,324 [Thread-9675] INFO  impl.RoleInfo (RoleInfo.java:updateAndGet(143)) - 002bed63-9761-4b9f-9eba-a6bdbdfe34b9: start LeaderElection
2019-09-27 09:25:54,338 [002bed63-9761-4b9f-9eba-a6bdbdfe34b9@group-827F9F9FA464:LeaderElection154] INFO  impl.LeaderElection (LeaderElection.java:askForVotes(182)) - 002bed63-9761-4b9f-9eba-a6bdbdfe34b9@group-827F9F9FA464:LeaderElection154: begin an election at term 3 for 0: [923630be-6089-4454-ada8-343910becadd:192.168.151.103:41127, 48a73947-ad36-4a89-bdb8-df91e6dae885:192.168.151.103:39788, 002bed63-9761-4b9f-9eba-a6bdbdfe34b9:192.168.151.103:43508], old=null
2019-09-27 09:25:54,339 [002bed63-9761-4b9f-9eba-a6bdbdfe34b9@group-827F9F9FA464:LeaderElection154] INFO  impl.LeaderElection (LogUtils.java:infoOrTrace(149)) - 002bed63-9761-4b9f-9eba-a6bdbdfe34b9@group-827F9F9FA464:LeaderElection154 got exception when requesting votes: {}
java.util.concurrent.ExecutionException: org.apache.ratis.thirdparty.io.grpc.StatusRuntimeException: UNAVAILABLE: io exception
	at java.util.concurrent.FutureTask.report(FutureTask.java:122)
	at java.util.concurrent.FutureTask.get(FutureTask.java:192)
	at org.apache.ratis.server.impl.LeaderElection.waitForResults(LeaderElection.java:263)
	at org.apache.ratis.server.impl.LeaderElection.askForVotes(LeaderElection.java:201)
	at org.apache.ratis.server.impl.LeaderElection.run(LeaderElection.java:133)
	at java.lang.Thread.run(Thread.java:748)
Caused by: org.apache.ratis.thirdparty.io.grpc.StatusRuntimeException: UNAVAILABLE: io exception
	at org.apache.ratis.thirdparty.io.grpc.stub.ClientCalls.toStatusRuntimeException(ClientCalls.java:233)
	at org.apache.ratis.thirdparty.io.grpc.stub.ClientCalls.getUnchecked(ClientCalls.java:214)
	at org.apache.ratis.thirdparty.io.grpc.stub.ClientCalls.blockingUnaryCall(ClientCalls.java:139)
	at org.apache.ratis.proto.grpc.RaftServerProtocolServiceGrpc$RaftServerProtocolServiceBlockingStub.requestVote(RaftServerProtocolServiceGrpc.java:265)
	at org.apache.ratis.grpc.server.GrpcServerProtocolClient.requestVote(GrpcServerProtocolClient.java:90)
	at org.apache.ratis.grpc.server.GrpcService.requestVote(GrpcService.java:204)
	at org.apache.ratis.server.impl.LeaderElection.lambda$submitRequests$1(LeaderElection.java:238)
	at java.util.concurrent.FutureTask.run(FutureTask.java:266)
	at java.util.concurrent.Executors$RunnableAdapter.call(Executors.java:511)
	at java.util.concurrent.FutureTask.run(FutureTask.java:266)
	at java.util.concurrent.ThreadPoolExecutor.runWorker(ThreadPoolExecutor.java:1149)
	at java.util.concurrent.ThreadPoolExecutor$Worker.run(ThreadPoolExecutor.java:624)
	... 1 more
Caused by: org.apache.ratis.thirdparty.io.netty.channel.AbstractChannel$AnnotatedConnectException: Connection refused: /192.168.151.103:41127
	at sun.nio.ch.SocketChannelImpl.checkConnect(Native Method)
	at sun.nio.ch.SocketChannelImpl.finishConnect(SocketChannelImpl.java:717)
	at org.apache.ratis.thirdparty.io.netty.channel.socket.nio.NioSocketChannel.doFinishConnect(NioSocketChannel.java:327)
	at org.apache.ratis.thirdparty.io.netty.channel.nio.AbstractNioChannel$AbstractNioUnsafe.finishConnect(AbstractNioChannel.java:340)
	at org.apache.ratis.thirdparty.io.netty.channel.nio.NioEventLoop.processSelectedKey(NioEventLoop.java:632)
	at org.apache.ratis.thirdparty.io.netty.channel.nio.NioEventLoop.processSelectedKeysOptimized(NioEventLoop.java:579)
	at org.apache.ratis.thirdparty.io.netty.channel.nio.NioEventLoop.processSelectedKeys(NioEventLoop.java:496)
	at org.apache.ratis.thirdparty.io.netty.channel.nio.NioEventLoop.run(NioEventLoop.java:458)
	at org.apache.ratis.thirdparty.io.netty.util.concurrent.SingleThreadEventExecutor$5.run(SingleThreadEventExecutor.java:897)
	at org.apache.ratis.thirdparty.io.netty.util.concurrent.FastThreadLocalRunnable.run(FastThreadLocalRunnable.java:30)
	... 1 more
Caused by: java.net.ConnectException: Connection refused
	... 11 more
2019-09-27 09:25:54,340 [002bed63-9761-4b9f-9eba-a6bdbdfe34b9@group-827F9F9FA464:LeaderElection154] INFO  impl.LeaderElection (LogUtils.java:infoOrTrace(149)) - 002bed63-9761-4b9f-9eba-a6bdbdfe34b9@group-827F9F9FA464:LeaderElection154 got exception when requesting votes: {}
java.util.concurrent.ExecutionException: org.apache.ratis.thirdparty.io.grpc.StatusRuntimeException: UNAVAILABLE: io exception
	at java.util.concurrent.FutureTask.report(FutureTask.java:122)
	at java.util.concurrent.FutureTask.get(FutureTask.java:192)
	at org.apache.ratis.server.impl.LeaderElection.waitForResults(LeaderElection.java:263)
	at org.apache.ratis.server.impl.LeaderElection.askForVotes(LeaderElection.java:201)
	at org.apache.ratis.server.impl.LeaderElection.run(LeaderElection.java:133)
	at java.lang.Thread.run(Thread.java:748)
Caused by: org.apache.ratis.thirdparty.io.grpc.StatusRuntimeException: UNAVAILABLE: io exception
	at org.apache.ratis.thirdparty.io.grpc.stub.ClientCalls.toStatusRuntimeException(ClientCalls.java:233)
	at org.apache.ratis.thirdparty.io.grpc.stub.ClientCalls.getUnchecked(ClientCalls.java:214)
	at org.apache.ratis.thirdparty.io.grpc.stub.ClientCalls.blockingUnaryCall(ClientCalls.java:139)
	at org.apache.ratis.proto.grpc.RaftServerProtocolServiceGrpc$RaftServerProtocolServiceBlockingStub.requestVote(RaftServerProtocolServiceGrpc.java:265)
	at org.apache.ratis.grpc.server.GrpcServerProtocolClient.requestVote(GrpcServerProtocolClient.java:90)
	at org.apache.ratis.grpc.server.GrpcService.requestVote(GrpcService.java:204)
	at org.apache.ratis.server.impl.LeaderElection.lambda$submitRequests$1(LeaderElection.java:238)
	at java.util.concurrent.FutureTask.run(FutureTask.java:266)
	at java.util.concurrent.Executors$RunnableAdapter.call(Executors.java:511)
	at java.util.concurrent.FutureTask.run(FutureTask.java:266)
	at java.util.concurrent.ThreadPoolExecutor.runWorker(ThreadPoolExecutor.java:1149)
	at java.util.concurrent.ThreadPoolExecutor$Worker.run(ThreadPoolExecutor.java:624)
	... 1 more
Caused by: org.apache.ratis.thirdparty.io.netty.channel.AbstractChannel$AnnotatedConnectException: Connection refused: /192.168.151.103:39788
	at sun.nio.ch.SocketChannelImpl.checkConnect(Native Method)
	at sun.nio.ch.SocketChannelImpl.finishConnect(SocketChannelImpl.java:717)
	at org.apache.ratis.thirdparty.io.netty.channel.socket.nio.NioSocketChannel.doFinishConnect(NioSocketChannel.java:327)
	at org.apache.ratis.thirdparty.io.netty.channel.nio.AbstractNioChannel$AbstractNioUnsafe.finishConnect(AbstractNioChannel.java:340)
	at org.apache.ratis.thirdparty.io.netty.channel.nio.NioEventLoop.processSelectedKey(NioEventLoop.java:632)
	at org.apache.ratis.thirdparty.io.netty.channel.nio.NioEventLoop.processSelectedKeysOptimized(NioEventLoop.java:579)
	at org.apache.ratis.thirdparty.io.netty.channel.nio.NioEventLoop.processSelectedKeys(NioEventLoop.java:496)
	at org.apache.ratis.thirdparty.io.netty.channel.nio.NioEventLoop.run(NioEventLoop.java:458)
	at org.apache.ratis.thirdparty.io.netty.util.concurrent.SingleThreadEventExecutor$5.run(SingleThreadEventExecutor.java:897)
	at org.apache.ratis.thirdparty.io.netty.util.concurrent.FastThreadLocalRunnable.run(FastThreadLocalRunnable.java:30)
	... 1 more
Caused by: java.net.ConnectException: Connection refused
	... 11 more
2019-09-27 09:25:54,340 [002bed63-9761-4b9f-9eba-a6bdbdfe34b9@group-827F9F9FA464:LeaderElection154] INFO  impl.LeaderElection (LeaderElection.java:logAndReturn(56)) - 002bed63-9761-4b9f-9eba-a6bdbdfe34b9@group-827F9F9FA464:LeaderElection154: Election REJECTED; received 0 response(s) [] and 2 exception(s); 002bed63-9761-4b9f-9eba-a6bdbdfe34b9@group-827F9F9FA464:t3, leader=null, voted=002bed63-9761-4b9f-9eba-a6bdbdfe34b9, raftlog=002bed63-9761-4b9f-9eba-a6bdbdfe34b9@group-827F9F9FA464-SegmentedRaftLog:OPENED:c0,f0,i0, conf=0: [923630be-6089-4454-ada8-343910becadd:192.168.151.103:41127, 48a73947-ad36-4a89-bdb8-df91e6dae885:192.168.151.103:39788, 002bed63-9761-4b9f-9eba-a6bdbdfe34b9:192.168.151.103:43508], old=null
2019-09-27 09:25:54,340 [002bed63-9761-4b9f-9eba-a6bdbdfe34b9@group-827F9F9FA464:LeaderElection154] INFO  impl.LeaderElection (LogUtils.java:infoOrTrace(149)) -   Exception 0: {}
java.util.concurrent.ExecutionException: org.apache.ratis.thirdparty.io.grpc.StatusRuntimeException: UNAVAILABLE: io exception
	at java.util.concurrent.FutureTask.report(FutureTask.java:122)
	at java.util.concurrent.FutureTask.get(FutureTask.java:192)
	at org.apache.ratis.server.impl.LeaderElection.waitForResults(LeaderElection.java:263)
	at org.apache.ratis.server.impl.LeaderElection.askForVotes(LeaderElection.java:201)
	at org.apache.ratis.server.impl.LeaderElection.run(LeaderElection.java:133)
	at java.lang.Thread.run(Thread.java:748)
Caused by: org.apache.ratis.thirdparty.io.grpc.StatusRuntimeException: UNAVAILABLE: io exception
	at org.apache.ratis.thirdparty.io.grpc.stub.ClientCalls.toStatusRuntimeException(ClientCalls.java:233)
	at org.apache.ratis.thirdparty.io.grpc.stub.ClientCalls.getUnchecked(ClientCalls.java:214)
	at org.apache.ratis.thirdparty.io.grpc.stub.ClientCalls.blockingUnaryCall(ClientCalls.java:139)
	at org.apache.ratis.proto.grpc.RaftServerProtocolServiceGrpc$RaftServerProtocolServiceBlockingStub.requestVote(RaftServerProtocolServiceGrpc.java:265)
	at org.apache.ratis.grpc.server.GrpcServerProtocolClient.requestVote(GrpcServerProtocolClient.java:90)
	at org.apache.ratis.grpc.server.GrpcService.requestVote(GrpcService.java:204)
	at org.apache.ratis.server.impl.LeaderElection.lambda$submitRequests$1(LeaderElection.java:238)
	at java.util.concurrent.FutureTask.run(FutureTask.java:266)
	at java.util.concurrent.Executors$RunnableAdapter.call(Executors.java:511)
	at java.util.concurrent.FutureTask.run(FutureTask.java:266)
	at java.util.concurrent.ThreadPoolExecutor.runWorker(ThreadPoolExecutor.java:1149)
	at java.util.concurrent.ThreadPoolExecutor$Worker.run(ThreadPoolExecutor.java:624)
	... 1 more
Caused by: org.apache.ratis.thirdparty.io.netty.channel.AbstractChannel$AnnotatedConnectException: Connection refused: /192.168.151.103:41127
	at sun.nio.ch.SocketChannelImpl.checkConnect(Native Method)
	at sun.nio.ch.SocketChannelImpl.finishConnect(SocketChannelImpl.java:717)
	at org.apache.ratis.thirdparty.io.netty.channel.socket.nio.NioSocketChannel.doFinishConnect(NioSocketChannel.java:327)
	at org.apache.ratis.thirdparty.io.netty.channel.nio.AbstractNioChannel$AbstractNioUnsafe.finishConnect(AbstractNioChannel.java:340)
	at org.apache.ratis.thirdparty.io.netty.channel.nio.NioEventLoop.processSelectedKey(NioEventLoop.java:632)
	at org.apache.ratis.thirdparty.io.netty.channel.nio.NioEventLoop.processSelectedKeysOptimized(NioEventLoop.java:579)
	at org.apache.ratis.thirdparty.io.netty.channel.nio.NioEventLoop.processSelectedKeys(NioEventLoop.java:496)
	at org.apache.ratis.thirdparty.io.netty.channel.nio.NioEventLoop.run(NioEventLoop.java:458)
	at org.apache.ratis.thirdparty.io.netty.util.concurrent.SingleThreadEventExecutor$5.run(SingleThreadEventExecutor.java:897)
	at org.apache.ratis.thirdparty.io.netty.util.concurrent.FastThreadLocalRunnable.run(FastThreadLocalRunnable.java:30)
	... 1 more
Caused by: java.net.ConnectException: Connection refused
	... 11 more
2019-09-27 09:25:54,341 [002bed63-9761-4b9f-9eba-a6bdbdfe34b9@group-827F9F9FA464:LeaderElection154] INFO  impl.LeaderElection (LogUtils.java:infoOrTrace(149)) -   Exception 1: {}
java.util.concurrent.ExecutionException: org.apache.ratis.thirdparty.io.grpc.StatusRuntimeException: UNAVAILABLE: io exception
	at java.util.concurrent.FutureTask.report(FutureTask.java:122)
	at java.util.concurrent.FutureTask.get(FutureTask.java:192)
	at org.apache.ratis.server.impl.LeaderElection.waitForResults(LeaderElection.java:263)
	at org.apache.ratis.server.impl.LeaderElection.askForVotes(LeaderElection.java:201)
	at org.apache.ratis.server.impl.LeaderElection.run(LeaderElection.java:133)
	at java.lang.Thread.run(Thread.java:748)
Caused by: org.apache.ratis.thirdparty.io.grpc.StatusRuntimeException: UNAVAILABLE: io exception
	at org.apache.ratis.thirdparty.io.grpc.stub.ClientCalls.toStatusRuntimeException(ClientCalls.java:233)
	at org.apache.ratis.thirdparty.io.grpc.stub.ClientCalls.getUnchecked(ClientCalls.java:214)
	at org.apache.ratis.thirdparty.io.grpc.stub.ClientCalls.blockingUnaryCall(ClientCalls.java:139)
	at org.apache.ratis.proto.grpc.RaftServerProtocolServiceGrpc$RaftServerProtocolServiceBlockingStub.requestVote(RaftServerProtocolServiceGrpc.java:265)
	at org.apache.ratis.grpc.server.GrpcServerProtocolClient.requestVote(GrpcServerProtocolClient.java:90)
	at org.apache.ratis.grpc.server.GrpcService.requestVote(GrpcService.java:204)
	at org.apache.ratis.server.impl.LeaderElection.lambda$submitRequests$1(LeaderElection.java:238)
	at java.util.concurrent.FutureTask.run(FutureTask.java:266)
	at java.util.concurrent.Executors$RunnableAdapter.call(Executors.java:511)
	at java.util.concurrent.FutureTask.run(FutureTask.java:266)
	at java.util.concurrent.ThreadPoolExecutor.runWorker(ThreadPoolExecutor.java:1149)
	at java.util.concurrent.ThreadPoolExecutor$Worker.run(ThreadPoolExecutor.java:624)
	... 1 more
Caused by: org.apache.ratis.thirdparty.io.netty.channel.AbstractChannel$AnnotatedConnectException: Connection refused: /192.168.151.103:39788
	at sun.nio.ch.SocketChannelImpl.checkConnect(Native Method)
	at sun.nio.ch.SocketChannelImpl.finishConnect(SocketChannelImpl.java:717)
	at org.apache.ratis.thirdparty.io.netty.channel.socket.nio.NioSocketChannel.doFinishConnect(NioSocketChannel.java:327)
	at org.apache.ratis.thirdparty.io.netty.channel.nio.AbstractNioChannel$AbstractNioUnsafe.finishConnect(AbstractNioChannel.java:340)
	at org.apache.ratis.thirdparty.io.netty.channel.nio.NioEventLoop.processSelectedKey(NioEventLoop.java:632)
	at org.apache.ratis.thirdparty.io.netty.channel.nio.NioEventLoop.processSelectedKeysOptimized(NioEventLoop.java:579)
	at org.apache.ratis.thirdparty.io.netty.channel.nio.NioEventLoop.processSelectedKeys(NioEventLoop.java:496)
	at org.apache.ratis.thirdparty.io.netty.channel.nio.NioEventLoop.run(NioEventLoop.java:458)
	at org.apache.ratis.thirdparty.io.netty.util.concurrent.SingleThreadEventExecutor$5.run(SingleThreadEventExecutor.java:897)
	at org.apache.ratis.thirdparty.io.netty.util.concurrent.FastThreadLocalRunnable.run(FastThreadLocalRunnable.java:30)
	... 1 more
Caused by: java.net.ConnectException: Connection refused
	... 11 more
2019-09-27 09:25:54,341 [002bed63-9761-4b9f-9eba-a6bdbdfe34b9@group-827F9F9FA464:LeaderElection154] INFO  impl.RaftServerImpl (RaftServerImpl.java:setRole(174)) - 002bed63-9761-4b9f-9eba-a6bdbdfe34b9@group-827F9F9FA464: changes role from CANDIDATE to FOLLOWER at term 3 for DISCOVERED_A_NEW_TERM
2019-09-27 09:25:54,341 [002bed63-9761-4b9f-9eba-a6bdbdfe34b9@group-827F9F9FA464:LeaderElection154] INFO  impl.RoleInfo (RoleInfo.java:shutdownLeaderElection(134)) - 002bed63-9761-4b9f-9eba-a6bdbdfe34b9: shutdown LeaderElection
2019-09-27 09:25:54,341 [002bed63-9761-4b9f-9eba-a6bdbdfe34b9@group-827F9F9FA464:LeaderElection154] INFO  impl.RoleInfo (RoleInfo.java:updateAndGet(143)) - 002bed63-9761-4b9f-9eba-a6bdbdfe34b9: start FollowerState
2019-09-27 09:25:54,346 [grpc-default-executor-4] WARN  server.GrpcLogAppender (LogUtils.java:warn(134)) - 513ea752-2bb4-4e9d-94cf-0dce8d7e1b31@group-CB4EA96F2AAE->03814bdb-c6b3-415d-8615-039e811c0048-AppendLogResponseHandler: Failed appendEntries: org.apache.ratis.thirdparty.io.grpc.StatusRuntimeException: UNAVAILABLE: io exception
2019-09-27 09:25:54,346 [grpc-default-executor-4] INFO  impl.FollowerInfo (FollowerInfo.java:lambda$new$0(51)) - 513ea752-2bb4-4e9d-94cf-0dce8d7e1b31@group-CB4EA96F2AAE->03814bdb-c6b3-415d-8615-039e811c0048: nextIndex: updateUnconditionally 0 -> 0
2019-09-27 09:25:54,537 [grpc-default-executor-4] WARN  server.GrpcLogAppender (LogUtils.java:warn(134)) - 391bbd77-e270-498a-b344-18095c6f1940@group-49BF442FE5BA->42a6dc71-468f-4bda-a1ef-3415db0682d5-AppendLogResponseHandler: Failed appendEntries: org.apache.ratis.thirdparty.io.grpc.StatusRuntimeException: UNAVAILABLE: io exception
2019-09-27 09:25:54,537 [grpc-default-executor-4] INFO  impl.FollowerInfo (FollowerInfo.java:lambda$new$0(51)) - 391bbd77-e270-498a-b344-18095c6f1940@group-49BF442FE5BA->42a6dc71-468f-4bda-a1ef-3415db0682d5: nextIndex: updateUnconditionally 0 -> 0
2019-09-27 09:25:54,846 [grpc-default-executor-4] WARN  server.GrpcLogAppender (LogUtils.java:warn(134)) - 513ea752-2bb4-4e9d-94cf-0dce8d7e1b31@group-CB4EA96F2AAE->03814bdb-c6b3-415d-8615-039e811c0048-AppendLogResponseHandler: Failed appendEntries: org.apache.ratis.thirdparty.io.grpc.StatusRuntimeException: UNAVAILABLE: io exception
2019-09-27 09:25:54,846 [grpc-default-executor-4] INFO  impl.FollowerInfo (FollowerInfo.java:lambda$new$0(51)) - 513ea752-2bb4-4e9d-94cf-0dce8d7e1b31@group-CB4EA96F2AAE->03814bdb-c6b3-415d-8615-039e811c0048: nextIndex: updateUnconditionally 0 -> 0
2019-09-27 09:25:55,038 [grpc-default-executor-4] WARN  server.GrpcLogAppender (LogUtils.java:warn(134)) - 391bbd77-e270-498a-b344-18095c6f1940@group-49BF442FE5BA->42a6dc71-468f-4bda-a1ef-3415db0682d5-AppendLogResponseHandler: Failed appendEntries: org.apache.ratis.thirdparty.io.grpc.StatusRuntimeException: UNAVAILABLE: io exception
2019-09-27 09:25:55,038 [grpc-default-executor-4] INFO  impl.FollowerInfo (FollowerInfo.java:lambda$new$0(51)) - 391bbd77-e270-498a-b344-18095c6f1940@group-49BF442FE5BA->42a6dc71-468f-4bda-a1ef-3415db0682d5: nextIndex: updateUnconditionally 0 -> 0
2019-09-27 09:25:55,347 [grpc-default-executor-5] WARN  server.GrpcLogAppender (LogUtils.java:warn(134)) - 513ea752-2bb4-4e9d-94cf-0dce8d7e1b31@group-CB4EA96F2AAE->03814bdb-c6b3-415d-8615-039e811c0048-AppendLogResponseHandler: Failed appendEntries: org.apache.ratis.thirdparty.io.grpc.StatusRuntimeException: UNAVAILABLE: io exception
2019-09-27 09:25:55,347 [grpc-default-executor-5] INFO  impl.FollowerInfo (FollowerInfo.java:lambda$new$0(51)) - 513ea752-2bb4-4e9d-94cf-0dce8d7e1b31@group-CB4EA96F2AAE->03814bdb-c6b3-415d-8615-039e811c0048: nextIndex: updateUnconditionally 0 -> 0
2019-09-27 09:25:55,398 [Thread-9684] INFO  impl.FollowerState (FollowerState.java:run(106)) - 002bed63-9761-4b9f-9eba-a6bdbdfe34b9:group-827F9F9FA464 changes to CANDIDATE, lastRpcTime:1056, electionTimeout:1056ms
2019-09-27 09:25:55,398 [Thread-9684] INFO  impl.RoleInfo (RoleInfo.java:shutdownFollowerState(121)) - 002bed63-9761-4b9f-9eba-a6bdbdfe34b9: shutdown FollowerState
2019-09-27 09:25:55,398 [Thread-9684] INFO  impl.RaftServerImpl (RaftServerImpl.java:setRole(174)) - 002bed63-9761-4b9f-9eba-a6bdbdfe34b9@group-827F9F9FA464: changes role from  FOLLOWER to CANDIDATE at term 3 for changeToCandidate
2019-09-27 09:25:55,398 [Thread-9684] INFO  impl.RoleInfo (RoleInfo.java:updateAndGet(143)) - 002bed63-9761-4b9f-9eba-a6bdbdfe34b9: start LeaderElection
2019-09-27 09:25:55,412 [002bed63-9761-4b9f-9eba-a6bdbdfe34b9@group-827F9F9FA464:LeaderElection155] INFO  impl.LeaderElection (LeaderElection.java:askForVotes(182)) - 002bed63-9761-4b9f-9eba-a6bdbdfe34b9@group-827F9F9FA464:LeaderElection155: begin an election at term 4 for 0: [923630be-6089-4454-ada8-343910becadd:192.168.151.103:41127, 48a73947-ad36-4a89-bdb8-df91e6dae885:192.168.151.103:39788, 002bed63-9761-4b9f-9eba-a6bdbdfe34b9:192.168.151.103:43508], old=null
2019-09-27 09:25:55,413 [002bed63-9761-4b9f-9eba-a6bdbdfe34b9@group-827F9F9FA464:LeaderElection155] INFO  impl.LeaderElection (LogUtils.java:infoOrTrace(149)) - 002bed63-9761-4b9f-9eba-a6bdbdfe34b9@group-827F9F9FA464:LeaderElection155 got exception when requesting votes: {}
java.util.concurrent.ExecutionException: org.apache.ratis.thirdparty.io.grpc.StatusRuntimeException: UNAVAILABLE: io exception
	at java.util.concurrent.FutureTask.report(FutureTask.java:122)
	at java.util.concurrent.FutureTask.get(FutureTask.java:192)
	at org.apache.ratis.server.impl.LeaderElection.waitForResults(LeaderElection.java:263)
	at org.apache.ratis.server.impl.LeaderElection.askForVotes(LeaderElection.java:201)
	at org.apache.ratis.server.impl.LeaderElection.run(LeaderElection.java:133)
	at java.lang.Thread.run(Thread.java:748)
Caused by: org.apache.ratis.thirdparty.io.grpc.StatusRuntimeException: UNAVAILABLE: io exception
	at org.apache.ratis.thirdparty.io.grpc.stub.ClientCalls.toStatusRuntimeException(ClientCalls.java:233)
	at org.apache.ratis.thirdparty.io.grpc.stub.ClientCalls.getUnchecked(ClientCalls.java:214)
	at org.apache.ratis.thirdparty.io.grpc.stub.ClientCalls.blockingUnaryCall(ClientCalls.java:139)
	at org.apache.ratis.proto.grpc.RaftServerProtocolServiceGrpc$RaftServerProtocolServiceBlockingStub.requestVote(RaftServerProtocolServiceGrpc.java:265)
	at org.apache.ratis.grpc.server.GrpcServerProtocolClient.requestVote(GrpcServerProtocolClient.java:90)
	at org.apache.ratis.grpc.server.GrpcService.requestVote(GrpcService.java:204)
	at org.apache.ratis.server.impl.LeaderElection.lambda$submitRequests$1(LeaderElection.java:238)
	at java.util.concurrent.FutureTask.run(FutureTask.java:266)
	at java.util.concurrent.Executors$RunnableAdapter.call(Executors.java:511)
	at java.util.concurrent.FutureTask.run(FutureTask.java:266)
	at java.util.concurrent.ThreadPoolExecutor.runWorker(ThreadPoolExecutor.java:1149)
	at java.util.concurrent.ThreadPoolExecutor$Worker.run(ThreadPoolExecutor.java:624)
	... 1 more
Caused by: org.apache.ratis.thirdparty.io.netty.channel.AbstractChannel$AnnotatedConnectException: Connection refused: /192.168.151.103:41127
	at sun.nio.ch.SocketChannelImpl.checkConnect(Native Method)
	at sun.nio.ch.SocketChannelImpl.finishConnect(SocketChannelImpl.java:717)
	at org.apache.ratis.thirdparty.io.netty.channel.socket.nio.NioSocketChannel.doFinishConnect(NioSocketChannel.java:327)
	at org.apache.ratis.thirdparty.io.netty.channel.nio.AbstractNioChannel$AbstractNioUnsafe.finishConnect(AbstractNioChannel.java:340)
	at org.apache.ratis.thirdparty.io.netty.channel.nio.NioEventLoop.processSelectedKey(NioEventLoop.java:632)
	at org.apache.ratis.thirdparty.io.netty.channel.nio.NioEventLoop.processSelectedKeysOptimized(NioEventLoop.java:579)
	at org.apache.ratis.thirdparty.io.netty.channel.nio.NioEventLoop.processSelectedKeys(NioEventLoop.java:496)
	at org.apache.ratis.thirdparty.io.netty.channel.nio.NioEventLoop.run(NioEventLoop.java:458)
	at org.apache.ratis.thirdparty.io.netty.util.concurrent.SingleThreadEventExecutor$5.run(SingleThreadEventExecutor.java:897)
	at org.apache.ratis.thirdparty.io.netty.util.concurrent.FastThreadLocalRunnable.run(FastThreadLocalRunnable.java:30)
	... 1 more
Caused by: java.net.ConnectException: Connection refused
	... 11 more
2019-09-27 09:25:55,413 [002bed63-9761-4b9f-9eba-a6bdbdfe34b9@group-827F9F9FA464:LeaderElection155] INFO  impl.LeaderElection (LogUtils.java:infoOrTrace(149)) - 002bed63-9761-4b9f-9eba-a6bdbdfe34b9@group-827F9F9FA464:LeaderElection155 got exception when requesting votes: {}
java.util.concurrent.ExecutionException: org.apache.ratis.thirdparty.io.grpc.StatusRuntimeException: UNAVAILABLE: io exception
	at java.util.concurrent.FutureTask.report(FutureTask.java:122)
	at java.util.concurrent.FutureTask.get(FutureTask.java:192)
	at org.apache.ratis.server.impl.LeaderElection.waitForResults(LeaderElection.java:263)
	at org.apache.ratis.server.impl.LeaderElection.askForVotes(LeaderElection.java:201)
	at org.apache.ratis.server.impl.LeaderElection.run(LeaderElection.java:133)
	at java.lang.Thread.run(Thread.java:748)
Caused by: org.apache.ratis.thirdparty.io.grpc.StatusRuntimeException: UNAVAILABLE: io exception
	at org.apache.ratis.thirdparty.io.grpc.stub.ClientCalls.toStatusRuntimeException(ClientCalls.java:233)
	at org.apache.ratis.thirdparty.io.grpc.stub.ClientCalls.getUnchecked(ClientCalls.java:214)
	at org.apache.ratis.thirdparty.io.grpc.stub.ClientCalls.blockingUnaryCall(ClientCalls.java:139)
	at org.apache.ratis.proto.grpc.RaftServerProtocolServiceGrpc$RaftServerProtocolServiceBlockingStub.requestVote(RaftServerProtocolServiceGrpc.java:265)
	at org.apache.ratis.grpc.server.GrpcServerProtocolClient.requestVote(GrpcServerProtocolClient.java:90)
	at org.apache.ratis.grpc.server.GrpcService.requestVote(GrpcService.java:204)
	at org.apache.ratis.server.impl.LeaderElection.lambda$submitRequests$1(LeaderElection.java:238)
	at java.util.concurrent.FutureTask.run(FutureTask.java:266)
	at java.util.concurrent.Executors$RunnableAdapter.call(Executors.java:511)
	at java.util.concurrent.FutureTask.run(FutureTask.java:266)
	at java.util.concurrent.ThreadPoolExecutor.runWorker(ThreadPoolExecutor.java:1149)
	at java.util.concurrent.ThreadPoolExecutor$Worker.run(ThreadPoolExecutor.java:624)
	... 1 more
Caused by: org.apache.ratis.thirdparty.io.netty.channel.AbstractChannel$AnnotatedConnectException: Connection refused: /192.168.151.103:39788
	at sun.nio.ch.SocketChannelImpl.checkConnect(Native Method)
	at sun.nio.ch.SocketChannelImpl.finishConnect(SocketChannelImpl.java:717)
	at org.apache.ratis.thirdparty.io.netty.channel.socket.nio.NioSocketChannel.doFinishConnect(NioSocketChannel.java:327)
	at org.apache.ratis.thirdparty.io.netty.channel.nio.AbstractNioChannel$AbstractNioUnsafe.finishConnect(AbstractNioChannel.java:340)
	at org.apache.ratis.thirdparty.io.netty.channel.nio.NioEventLoop.processSelectedKey(NioEventLoop.java:632)
	at org.apache.ratis.thirdparty.io.netty.channel.nio.NioEventLoop.processSelectedKeysOptimized(NioEventLoop.java:579)
	at org.apache.ratis.thirdparty.io.netty.channel.nio.NioEventLoop.processSelectedKeys(NioEventLoop.java:496)
	at org.apache.ratis.thirdparty.io.netty.channel.nio.NioEventLoop.run(NioEventLoop.java:458)
	at org.apache.ratis.thirdparty.io.netty.util.concurrent.SingleThreadEventExecutor$5.run(SingleThreadEventExecutor.java:897)
	at org.apache.ratis.thirdparty.io.netty.util.concurrent.FastThreadLocalRunnable.run(FastThreadLocalRunnable.java:30)
	... 1 more
Caused by: java.net.ConnectException: Connection refused
	... 11 more
2019-09-27 09:25:55,414 [002bed63-9761-4b9f-9eba-a6bdbdfe34b9@group-827F9F9FA464:LeaderElection155] INFO  impl.LeaderElection (LeaderElection.java:logAndReturn(56)) - 002bed63-9761-4b9f-9eba-a6bdbdfe34b9@group-827F9F9FA464:LeaderElection155: Election REJECTED; received 0 response(s) [] and 2 exception(s); 002bed63-9761-4b9f-9eba-a6bdbdfe34b9@group-827F9F9FA464:t4, leader=null, voted=002bed63-9761-4b9f-9eba-a6bdbdfe34b9, raftlog=002bed63-9761-4b9f-9eba-a6bdbdfe34b9@group-827F9F9FA464-SegmentedRaftLog:OPENED:c0,f0,i0, conf=0: [923630be-6089-4454-ada8-343910becadd:192.168.151.103:41127, 48a73947-ad36-4a89-bdb8-df91e6dae885:192.168.151.103:39788, 002bed63-9761-4b9f-9eba-a6bdbdfe34b9:192.168.151.103:43508], old=null
2019-09-27 09:25:55,414 [002bed63-9761-4b9f-9eba-a6bdbdfe34b9@group-827F9F9FA464:LeaderElection155] INFO  impl.LeaderElection (LogUtils.java:infoOrTrace(149)) -   Exception 0: {}
java.util.concurrent.ExecutionException: org.apache.ratis.thirdparty.io.grpc.StatusRuntimeException: UNAVAILABLE: io exception
	at java.util.concurrent.FutureTask.report(FutureTask.java:122)
	at java.util.concurrent.FutureTask.get(FutureTask.java:192)
	at org.apache.ratis.server.impl.LeaderElection.waitForResults(LeaderElection.java:263)
	at org.apache.ratis.server.impl.LeaderElection.askForVotes(LeaderElection.java:201)
	at org.apache.ratis.server.impl.LeaderElection.run(LeaderElection.java:133)
	at java.lang.Thread.run(Thread.java:748)
Caused by: org.apache.ratis.thirdparty.io.grpc.StatusRuntimeException: UNAVAILABLE: io exception
	at org.apache.ratis.thirdparty.io.grpc.stub.ClientCalls.toStatusRuntimeException(ClientCalls.java:233)
	at org.apache.ratis.thirdparty.io.grpc.stub.ClientCalls.getUnchecked(ClientCalls.java:214)
	at org.apache.ratis.thirdparty.io.grpc.stub.ClientCalls.blockingUnaryCall(ClientCalls.java:139)
	at org.apache.ratis.proto.grpc.RaftServerProtocolServiceGrpc$RaftServerProtocolServiceBlockingStub.requestVote(RaftServerProtocolServiceGrpc.java:265)
	at org.apache.ratis.grpc.server.GrpcServerProtocolClient.requestVote(GrpcServerProtocolClient.java:90)
	at org.apache.ratis.grpc.server.GrpcService.requestVote(GrpcService.java:204)
	at org.apache.ratis.server.impl.LeaderElection.lambda$submitRequests$1(LeaderElection.java:238)
	at java.util.concurrent.FutureTask.run(FutureTask.java:266)
	at java.util.concurrent.Executors$RunnableAdapter.call(Executors.java:511)
	at java.util.concurrent.FutureTask.run(FutureTask.java:266)
	at java.util.concurrent.ThreadPoolExecutor.runWorker(ThreadPoolExecutor.java:1149)
	at java.util.concurrent.ThreadPoolExecutor$Worker.run(ThreadPoolExecutor.java:624)
	... 1 more
Caused by: org.apache.ratis.thirdparty.io.netty.channel.AbstractChannel$AnnotatedConnectException: Connection refused: /192.168.151.103:41127
	at sun.nio.ch.SocketChannelImpl.checkConnect(Native Method)
	at sun.nio.ch.SocketChannelImpl.finishConnect(SocketChannelImpl.java:717)
	at org.apache.ratis.thirdparty.io.netty.channel.socket.nio.NioSocketChannel.doFinishConnect(NioSocketChannel.java:327)
	at org.apache.ratis.thirdparty.io.netty.channel.nio.AbstractNioChannel$AbstractNioUnsafe.finishConnect(AbstractNioChannel.java:340)
	at org.apache.ratis.thirdparty.io.netty.channel.nio.NioEventLoop.processSelectedKey(NioEventLoop.java:632)
	at org.apache.ratis.thirdparty.io.netty.channel.nio.NioEventLoop.processSelectedKeysOptimized(NioEventLoop.java:579)
	at org.apache.ratis.thirdparty.io.netty.channel.nio.NioEventLoop.processSelectedKeys(NioEventLoop.java:496)
	at org.apache.ratis.thirdparty.io.netty.channel.nio.NioEventLoop.run(NioEventLoop.java:458)
	at org.apache.ratis.thirdparty.io.netty.util.concurrent.SingleThreadEventExecutor$5.run(SingleThreadEventExecutor.java:897)
	at org.apache.ratis.thirdparty.io.netty.util.concurrent.FastThreadLocalRunnable.run(FastThreadLocalRunnable.java:30)
	... 1 more
Caused by: java.net.ConnectException: Connection refused
	... 11 more
2019-09-27 09:25:55,414 [002bed63-9761-4b9f-9eba-a6bdbdfe34b9@group-827F9F9FA464:LeaderElection155] INFO  impl.LeaderElection (LogUtils.java:infoOrTrace(149)) -   Exception 1: {}
java.util.concurrent.ExecutionException: org.apache.ratis.thirdparty.io.grpc.StatusRuntimeException: UNAVAILABLE: io exception
	at java.util.concurrent.FutureTask.report(FutureTask.java:122)
	at java.util.concurrent.FutureTask.get(FutureTask.java:192)
	at org.apache.ratis.server.impl.LeaderElection.waitForResults(LeaderElection.java:263)
	at org.apache.ratis.server.impl.LeaderElection.askForVotes(LeaderElection.java:201)
	at org.apache.ratis.server.impl.LeaderElection.run(LeaderElection.java:133)
	at java.lang.Thread.run(Thread.java:748)
Caused by: org.apache.ratis.thirdparty.io.grpc.StatusRuntimeException: UNAVAILABLE: io exception
	at org.apache.ratis.thirdparty.io.grpc.stub.ClientCalls.toStatusRuntimeException(ClientCalls.java:233)
	at org.apache.ratis.thirdparty.io.grpc.stub.ClientCalls.getUnchecked(ClientCalls.java:214)
	at org.apache.ratis.thirdparty.io.grpc.stub.ClientCalls.blockingUnaryCall(ClientCalls.java:139)
	at org.apache.ratis.proto.grpc.RaftServerProtocolServiceGrpc$RaftServerProtocolServiceBlockingStub.requestVote(RaftServerProtocolServiceGrpc.java:265)
	at org.apache.ratis.grpc.server.GrpcServerProtocolClient.requestVote(GrpcServerProtocolClient.java:90)
	at org.apache.ratis.grpc.server.GrpcService.requestVote(GrpcService.java:204)
	at org.apache.ratis.server.impl.LeaderElection.lambda$submitRequests$1(LeaderElection.java:238)
	at java.util.concurrent.FutureTask.run(FutureTask.java:266)
	at java.util.concurrent.Executors$RunnableAdapter.call(Executors.java:511)
	at java.util.concurrent.FutureTask.run(FutureTask.java:266)
	at java.util.concurrent.ThreadPoolExecutor.runWorker(ThreadPoolExecutor.java:1149)
	at java.util.concurrent.ThreadPoolExecutor$Worker.run(ThreadPoolExecutor.java:624)
	... 1 more
Caused by: org.apache.ratis.thirdparty.io.netty.channel.AbstractChannel$AnnotatedConnectException: Connection refused: /192.168.151.103:39788
	at sun.nio.ch.SocketChannelImpl.checkConnect(Native Method)
	at sun.nio.ch.SocketChannelImpl.finishConnect(SocketChannelImpl.java:717)
	at org.apache.ratis.thirdparty.io.netty.channel.socket.nio.NioSocketChannel.doFinishConnect(NioSocketChannel.java:327)
	at org.apache.ratis.thirdparty.io.netty.channel.nio.AbstractNioChannel$AbstractNioUnsafe.finishConnect(AbstractNioChannel.java:340)
	at org.apache.ratis.thirdparty.io.netty.channel.nio.NioEventLoop.processSelectedKey(NioEventLoop.java:632)
	at org.apache.ratis.thirdparty.io.netty.channel.nio.NioEventLoop.processSelectedKeysOptimized(NioEventLoop.java:579)
	at org.apache.ratis.thirdparty.io.netty.channel.nio.NioEventLoop.processSelectedKeys(NioEventLoop.java:496)
	at org.apache.ratis.thirdparty.io.netty.channel.nio.NioEventLoop.run(NioEventLoop.java:458)
	at org.apache.ratis.thirdparty.io.netty.util.concurrent.SingleThreadEventExecutor$5.run(SingleThreadEventExecutor.java:897)
	at org.apache.ratis.thirdparty.io.netty.util.concurrent.FastThreadLocalRunnable.run(FastThreadLocalRunnable.java:30)
	... 1 more
Caused by: java.net.ConnectException: Connection refused
	... 11 more
2019-09-27 09:25:55,414 [002bed63-9761-4b9f-9eba-a6bdbdfe34b9@group-827F9F9FA464:LeaderElection155] INFO  impl.RaftServerImpl (RaftServerImpl.java:setRole(174)) - 002bed63-9761-4b9f-9eba-a6bdbdfe34b9@group-827F9F9FA464: changes role from CANDIDATE to FOLLOWER at term 4 for DISCOVERED_A_NEW_TERM
2019-09-27 09:25:55,414 [002bed63-9761-4b9f-9eba-a6bdbdfe34b9@group-827F9F9FA464:LeaderElection155] INFO  impl.RoleInfo (RoleInfo.java:shutdownLeaderElection(134)) - 002bed63-9761-4b9f-9eba-a6bdbdfe34b9: shutdown LeaderElection
2019-09-27 09:25:55,415 [002bed63-9761-4b9f-9eba-a6bdbdfe34b9@group-827F9F9FA464:LeaderElection155] INFO  impl.RoleInfo (RoleInfo.java:updateAndGet(143)) - 002bed63-9761-4b9f-9eba-a6bdbdfe34b9: start FollowerState
2019-09-27 09:25:55,538 [grpc-default-executor-1] WARN  server.GrpcLogAppender (LogUtils.java:warn(134)) - 391bbd77-e270-498a-b344-18095c6f1940@group-49BF442FE5BA->42a6dc71-468f-4bda-a1ef-3415db0682d5-AppendLogResponseHandler: Failed appendEntries: org.apache.ratis.thirdparty.io.grpc.StatusRuntimeException: UNAVAILABLE: io exception
2019-09-27 09:25:55,539 [grpc-default-executor-1] INFO  impl.FollowerInfo (FollowerInfo.java:lambda$new$0(51)) - 391bbd77-e270-498a-b344-18095c6f1940@group-49BF442FE5BA->42a6dc71-468f-4bda-a1ef-3415db0682d5: nextIndex: updateUnconditionally 0 -> 0
2019-09-27 09:25:55,847 [grpc-default-executor-4] WARN  server.GrpcLogAppender (LogUtils.java:warn(134)) - 513ea752-2bb4-4e9d-94cf-0dce8d7e1b31@group-CB4EA96F2AAE->03814bdb-c6b3-415d-8615-039e811c0048-AppendLogResponseHandler: Failed appendEntries: org.apache.ratis.thirdparty.io.grpc.StatusRuntimeException: UNAVAILABLE: io exception
2019-09-27 09:25:55,848 [grpc-default-executor-4] INFO  impl.FollowerInfo (FollowerInfo.java:lambda$new$0(51)) - 513ea752-2bb4-4e9d-94cf-0dce8d7e1b31@group-CB4EA96F2AAE->03814bdb-c6b3-415d-8615-039e811c0048: nextIndex: updateUnconditionally 0 -> 0
2019-09-27 09:25:56,038 [grpc-default-executor-4] WARN  server.GrpcLogAppender (LogUtils.java:warn(134)) - 391bbd77-e270-498a-b344-18095c6f1940@group-49BF442FE5BA->42a6dc71-468f-4bda-a1ef-3415db0682d5-AppendLogResponseHandler: Failed appendEntries: org.apache.ratis.thirdparty.io.grpc.StatusRuntimeException: UNAVAILABLE: io exception
2019-09-27 09:25:56,039 [grpc-default-executor-4] INFO  impl.FollowerInfo (FollowerInfo.java:lambda$new$0(51)) - 391bbd77-e270-498a-b344-18095c6f1940@group-49BF442FE5BA->42a6dc71-468f-4bda-a1ef-3415db0682d5: nextIndex: updateUnconditionally 0 -> 0
2019-09-27 09:25:56,348 [grpc-default-executor-5] WARN  server.GrpcLogAppender (LogUtils.java:warn(134)) - 513ea752-2bb4-4e9d-94cf-0dce8d7e1b31@group-CB4EA96F2AAE->03814bdb-c6b3-415d-8615-039e811c0048-AppendLogResponseHandler: Failed appendEntries: org.apache.ratis.thirdparty.io.grpc.StatusRuntimeException: UNAVAILABLE: io exception
2019-09-27 09:25:56,348 [grpc-default-executor-5] INFO  impl.FollowerInfo (FollowerInfo.java:lambda$new$0(51)) - 513ea752-2bb4-4e9d-94cf-0dce8d7e1b31@group-CB4EA96F2AAE->03814bdb-c6b3-415d-8615-039e811c0048: nextIndex: updateUnconditionally 0 -> 0
2019-09-27 09:25:56,484 [Thread-9693] INFO  impl.FollowerState (FollowerState.java:run(106)) - 002bed63-9761-4b9f-9eba-a6bdbdfe34b9:group-827F9F9FA464 changes to CANDIDATE, lastRpcTime:1069, electionTimeout:1069ms
2019-09-27 09:25:56,484 [Thread-9693] INFO  impl.RoleInfo (RoleInfo.java:shutdownFollowerState(121)) - 002bed63-9761-4b9f-9eba-a6bdbdfe34b9: shutdown FollowerState
2019-09-27 09:25:56,484 [Thread-9693] INFO  impl.RaftServerImpl (RaftServerImpl.java:setRole(174)) - 002bed63-9761-4b9f-9eba-a6bdbdfe34b9@group-827F9F9FA464: changes role from  FOLLOWER to CANDIDATE at term 4 for changeToCandidate
2019-09-27 09:25:56,485 [Thread-9693] INFO  impl.RoleInfo (RoleInfo.java:updateAndGet(143)) - 002bed63-9761-4b9f-9eba-a6bdbdfe34b9: start LeaderElection
2019-09-27 09:25:56,498 [002bed63-9761-4b9f-9eba-a6bdbdfe34b9@group-827F9F9FA464:LeaderElection156] INFO  impl.LeaderElection (LeaderElection.java:askForVotes(182)) - 002bed63-9761-4b9f-9eba-a6bdbdfe34b9@group-827F9F9FA464:LeaderElection156: begin an election at term 5 for 0: [923630be-6089-4454-ada8-343910becadd:192.168.151.103:41127, 48a73947-ad36-4a89-bdb8-df91e6dae885:192.168.151.103:39788, 002bed63-9761-4b9f-9eba-a6bdbdfe34b9:192.168.151.103:43508], old=null
2019-09-27 09:25:56,499 [002bed63-9761-4b9f-9eba-a6bdbdfe34b9@group-827F9F9FA464:LeaderElection156] INFO  impl.LeaderElection (LogUtils.java:infoOrTrace(149)) - 002bed63-9761-4b9f-9eba-a6bdbdfe34b9@group-827F9F9FA464:LeaderElection156 got exception when requesting votes: {}
java.util.concurrent.ExecutionException: org.apache.ratis.thirdparty.io.grpc.StatusRuntimeException: UNAVAILABLE: io exception
	at java.util.concurrent.FutureTask.report(FutureTask.java:122)
	at java.util.concurrent.FutureTask.get(FutureTask.java:192)
	at org.apache.ratis.server.impl.LeaderElection.waitForResults(LeaderElection.java:263)
	at org.apache.ratis.server.impl.LeaderElection.askForVotes(LeaderElection.java:201)
	at org.apache.ratis.server.impl.LeaderElection.run(LeaderElection.java:133)
	at java.lang.Thread.run(Thread.java:748)
Caused by: org.apache.ratis.thirdparty.io.grpc.StatusRuntimeException: UNAVAILABLE: io exception
	at org.apache.ratis.thirdparty.io.grpc.stub.ClientCalls.toStatusRuntimeException(ClientCalls.java:233)
	at org.apache.ratis.thirdparty.io.grpc.stub.ClientCalls.getUnchecked(ClientCalls.java:214)
	at org.apache.ratis.thirdparty.io.grpc.stub.ClientCalls.blockingUnaryCall(ClientCalls.java:139)
	at org.apache.ratis.proto.grpc.RaftServerProtocolServiceGrpc$RaftServerProtocolServiceBlockingStub.requestVote(RaftServerProtocolServiceGrpc.java:265)
	at org.apache.ratis.grpc.server.GrpcServerProtocolClient.requestVote(GrpcServerProtocolClient.java:90)
	at org.apache.ratis.grpc.server.GrpcService.requestVote(GrpcService.java:204)
	at org.apache.ratis.server.impl.LeaderElection.lambda$submitRequests$1(LeaderElection.java:238)
	at java.util.concurrent.FutureTask.run(FutureTask.java:266)
	at java.util.concurrent.Executors$RunnableAdapter.call(Executors.java:511)
	at java.util.concurrent.FutureTask.run(FutureTask.java:266)
	at java.util.concurrent.ThreadPoolExecutor.runWorker(ThreadPoolExecutor.java:1149)
	at java.util.concurrent.ThreadPoolExecutor$Worker.run(ThreadPoolExecutor.java:624)
	... 1 more
Caused by: org.apache.ratis.thirdparty.io.netty.channel.AbstractChannel$AnnotatedConnectException: Connection refused: /192.168.151.103:41127
	at sun.nio.ch.SocketChannelImpl.checkConnect(Native Method)
	at sun.nio.ch.SocketChannelImpl.finishConnect(SocketChannelImpl.java:717)
	at org.apache.ratis.thirdparty.io.netty.channel.socket.nio.NioSocketChannel.doFinishConnect(NioSocketChannel.java:327)
	at org.apache.ratis.thirdparty.io.netty.channel.nio.AbstractNioChannel$AbstractNioUnsafe.finishConnect(AbstractNioChannel.java:340)
	at org.apache.ratis.thirdparty.io.netty.channel.nio.NioEventLoop.processSelectedKey(NioEventLoop.java:632)
	at org.apache.ratis.thirdparty.io.netty.channel.nio.NioEventLoop.processSelectedKeysOptimized(NioEventLoop.java:579)
	at org.apache.ratis.thirdparty.io.netty.channel.nio.NioEventLoop.processSelectedKeys(NioEventLoop.java:496)
	at org.apache.ratis.thirdparty.io.netty.channel.nio.NioEventLoop.run(NioEventLoop.java:458)
	at org.apache.ratis.thirdparty.io.netty.util.concurrent.SingleThreadEventExecutor$5.run(SingleThreadEventExecutor.java:897)
	at org.apache.ratis.thirdparty.io.netty.util.concurrent.FastThreadLocalRunnable.run(FastThreadLocalRunnable.java:30)
	... 1 more
Caused by: java.net.ConnectException: Connection refused
	... 11 more
2019-09-27 09:25:56,499 [002bed63-9761-4b9f-9eba-a6bdbdfe34b9@group-827F9F9FA464:LeaderElection156] INFO  impl.LeaderElection (LogUtils.java:infoOrTrace(149)) - 002bed63-9761-4b9f-9eba-a6bdbdfe34b9@group-827F9F9FA464:LeaderElection156 got exception when requesting votes: {}
java.util.concurrent.ExecutionException: org.apache.ratis.thirdparty.io.grpc.StatusRuntimeException: UNAVAILABLE: io exception
	at java.util.concurrent.FutureTask.report(FutureTask.java:122)
	at java.util.concurrent.FutureTask.get(FutureTask.java:192)
	at org.apache.ratis.server.impl.LeaderElection.waitForResults(LeaderElection.java:263)
	at org.apache.ratis.server.impl.LeaderElection.askForVotes(LeaderElection.java:201)
	at org.apache.ratis.server.impl.LeaderElection.run(LeaderElection.java:133)
	at java.lang.Thread.run(Thread.java:748)
Caused by: org.apache.ratis.thirdparty.io.grpc.StatusRuntimeException: UNAVAILABLE: io exception
	at org.apache.ratis.thirdparty.io.grpc.stub.ClientCalls.toStatusRuntimeException(ClientCalls.java:233)
	at org.apache.ratis.thirdparty.io.grpc.stub.ClientCalls.getUnchecked(ClientCalls.java:214)
	at org.apache.ratis.thirdparty.io.grpc.stub.ClientCalls.blockingUnaryCall(ClientCalls.java:139)
	at org.apache.ratis.proto.grpc.RaftServerProtocolServiceGrpc$RaftServerProtocolServiceBlockingStub.requestVote(RaftServerProtocolServiceGrpc.java:265)
	at org.apache.ratis.grpc.server.GrpcServerProtocolClient.requestVote(GrpcServerProtocolClient.java:90)
	at org.apache.ratis.grpc.server.GrpcService.requestVote(GrpcService.java:204)
	at org.apache.ratis.server.impl.LeaderElection.lambda$submitRequests$1(LeaderElection.java:238)
	at java.util.concurrent.FutureTask.run(FutureTask.java:266)
	at java.util.concurrent.Executors$RunnableAdapter.call(Executors.java:511)
	at java.util.concurrent.FutureTask.run(FutureTask.java:266)
	at java.util.concurrent.ThreadPoolExecutor.runWorker(ThreadPoolExecutor.java:1149)
	at java.util.concurrent.ThreadPoolExecutor$Worker.run(ThreadPoolExecutor.java:624)
	... 1 more
Caused by: org.apache.ratis.thirdparty.io.netty.channel.AbstractChannel$AnnotatedConnectException: Connection refused: /192.168.151.103:39788
	at sun.nio.ch.SocketChannelImpl.checkConnect(Native Method)
	at sun.nio.ch.SocketChannelImpl.finishConnect(SocketChannelImpl.java:717)
	at org.apache.ratis.thirdparty.io.netty.channel.socket.nio.NioSocketChannel.doFinishConnect(NioSocketChannel.java:327)
	at org.apache.ratis.thirdparty.io.netty.channel.nio.AbstractNioChannel$AbstractNioUnsafe.finishConnect(AbstractNioChannel.java:340)
	at org.apache.ratis.thirdparty.io.netty.channel.nio.NioEventLoop.processSelectedKey(NioEventLoop.java:632)
	at org.apache.ratis.thirdparty.io.netty.channel.nio.NioEventLoop.processSelectedKeysOptimized(NioEventLoop.java:579)
	at org.apache.ratis.thirdparty.io.netty.channel.nio.NioEventLoop.processSelectedKeys(NioEventLoop.java:496)
	at org.apache.ratis.thirdparty.io.netty.channel.nio.NioEventLoop.run(NioEventLoop.java:458)
	at org.apache.ratis.thirdparty.io.netty.util.concurrent.SingleThreadEventExecutor$5.run(SingleThreadEventExecutor.java:897)
	at org.apache.ratis.thirdparty.io.netty.util.concurrent.FastThreadLocalRunnable.run(FastThreadLocalRunnable.java:30)
	... 1 more
Caused by: java.net.ConnectException: Connection refused
	... 11 more
2019-09-27 09:25:56,500 [002bed63-9761-4b9f-9eba-a6bdbdfe34b9@group-827F9F9FA464:LeaderElection156] INFO  impl.LeaderElection (LeaderElection.java:logAndReturn(56)) - 002bed63-9761-4b9f-9eba-a6bdbdfe34b9@group-827F9F9FA464:LeaderElection156: Election REJECTED; received 0 response(s) [] and 2 exception(s); 002bed63-9761-4b9f-9eba-a6bdbdfe34b9@group-827F9F9FA464:t5, leader=null, voted=002bed63-9761-4b9f-9eba-a6bdbdfe34b9, raftlog=002bed63-9761-4b9f-9eba-a6bdbdfe34b9@group-827F9F9FA464-SegmentedRaftLog:OPENED:c0,f0,i0, conf=0: [923630be-6089-4454-ada8-343910becadd:192.168.151.103:41127, 48a73947-ad36-4a89-bdb8-df91e6dae885:192.168.151.103:39788, 002bed63-9761-4b9f-9eba-a6bdbdfe34b9:192.168.151.103:43508], old=null
2019-09-27 09:25:56,500 [002bed63-9761-4b9f-9eba-a6bdbdfe34b9@group-827F9F9FA464:LeaderElection156] INFO  impl.LeaderElection (LogUtils.java:infoOrTrace(149)) -   Exception 0: {}
java.util.concurrent.ExecutionException: org.apache.ratis.thirdparty.io.grpc.StatusRuntimeException: UNAVAILABLE: io exception
	at java.util.concurrent.FutureTask.report(FutureTask.java:122)
	at java.util.concurrent.FutureTask.get(FutureTask.java:192)
	at org.apache.ratis.server.impl.LeaderElection.waitForResults(LeaderElection.java:263)
	at org.apache.ratis.server.impl.LeaderElection.askForVotes(LeaderElection.java:201)
	at org.apache.ratis.server.impl.LeaderElection.run(LeaderElection.java:133)
	at java.lang.Thread.run(Thread.java:748)
Caused by: org.apache.ratis.thirdparty.io.grpc.StatusRuntimeException: UNAVAILABLE: io exception
	at org.apache.ratis.thirdparty.io.grpc.stub.ClientCalls.toStatusRuntimeException(ClientCalls.java:233)
	at org.apache.ratis.thirdparty.io.grpc.stub.ClientCalls.getUnchecked(ClientCalls.java:214)
	at org.apache.ratis.thirdparty.io.grpc.stub.ClientCalls.blockingUnaryCall(ClientCalls.java:139)
	at org.apache.ratis.proto.grpc.RaftServerProtocolServiceGrpc$RaftServerProtocolServiceBlockingStub.requestVote(RaftServerProtocolServiceGrpc.java:265)
	at org.apache.ratis.grpc.server.GrpcServerProtocolClient.requestVote(GrpcServerProtocolClient.java:90)
	at org.apache.ratis.grpc.server.GrpcService.requestVote(GrpcService.java:204)
	at org.apache.ratis.server.impl.LeaderElection.lambda$submitRequests$1(LeaderElection.java:238)
	at java.util.concurrent.FutureTask.run(FutureTask.java:266)
	at java.util.concurrent.Executors$RunnableAdapter.call(Executors.java:511)
	at java.util.concurrent.FutureTask.run(FutureTask.java:266)
	at java.util.concurrent.ThreadPoolExecutor.runWorker(ThreadPoolExecutor.java:1149)
	at java.util.concurrent.ThreadPoolExecutor$Worker.run(ThreadPoolExecutor.java:624)
	... 1 more
Caused by: org.apache.ratis.thirdparty.io.netty.channel.AbstractChannel$AnnotatedConnectException: Connection refused: /192.168.151.103:41127
	at sun.nio.ch.SocketChannelImpl.checkConnect(Native Method)
	at sun.nio.ch.SocketChannelImpl.finishConnect(SocketChannelImpl.java:717)
	at org.apache.ratis.thirdparty.io.netty.channel.socket.nio.NioSocketChannel.doFinishConnect(NioSocketChannel.java:327)
	at org.apache.ratis.thirdparty.io.netty.channel.nio.AbstractNioChannel$AbstractNioUnsafe.finishConnect(AbstractNioChannel.java:340)
	at org.apache.ratis.thirdparty.io.netty.channel.nio.NioEventLoop.processSelectedKey(NioEventLoop.java:632)
	at org.apache.ratis.thirdparty.io.netty.channel.nio.NioEventLoop.processSelectedKeysOptimized(NioEventLoop.java:579)
	at org.apache.ratis.thirdparty.io.netty.channel.nio.NioEventLoop.processSelectedKeys(NioEventLoop.java:496)
	at org.apache.ratis.thirdparty.io.netty.channel.nio.NioEventLoop.run(NioEventLoop.java:458)
	at org.apache.ratis.thirdparty.io.netty.util.concurrent.SingleThreadEventExecutor$5.run(SingleThreadEventExecutor.java:897)
	at org.apache.ratis.thirdparty.io.netty.util.concurrent.FastThreadLocalRunnable.run(FastThreadLocalRunnable.java:30)
	... 1 more
Caused by: java.net.ConnectException: Connection refused
	... 11 more
2019-09-27 09:25:56,500 [002bed63-9761-4b9f-9eba-a6bdbdfe34b9@group-827F9F9FA464:LeaderElection156] INFO  impl.LeaderElection (LogUtils.java:infoOrTrace(149)) -   Exception 1: {}
java.util.concurrent.ExecutionException: org.apache.ratis.thirdparty.io.grpc.StatusRuntimeException: UNAVAILABLE: io exception
	at java.util.concurrent.FutureTask.report(FutureTask.java:122)
	at java.util.concurrent.FutureTask.get(FutureTask.java:192)
	at org.apache.ratis.server.impl.LeaderElection.waitForResults(LeaderElection.java:263)
	at org.apache.ratis.server.impl.LeaderElection.askForVotes(LeaderElection.java:201)
	at org.apache.ratis.server.impl.LeaderElection.run(LeaderElection.java:133)
	at java.lang.Thread.run(Thread.java:748)
Caused by: org.apache.ratis.thirdparty.io.grpc.StatusRuntimeException: UNAVAILABLE: io exception
	at org.apache.ratis.thirdparty.io.grpc.stub.ClientCalls.toStatusRuntimeException(ClientCalls.java:233)
	at org.apache.ratis.thirdparty.io.grpc.stub.ClientCalls.getUnchecked(ClientCalls.java:214)
	at org.apache.ratis.thirdparty.io.grpc.stub.ClientCalls.blockingUnaryCall(ClientCalls.java:139)
	at org.apache.ratis.proto.grpc.RaftServerProtocolServiceGrpc$RaftServerProtocolServiceBlockingStub.requestVote(RaftServerProtocolServiceGrpc.java:265)
	at org.apache.ratis.grpc.server.GrpcServerProtocolClient.requestVote(GrpcServerProtocolClient.java:90)
	at org.apache.ratis.grpc.server.GrpcService.requestVote(GrpcService.java:204)
	at org.apache.ratis.server.impl.LeaderElection.lambda$submitRequests$1(LeaderElection.java:238)
	at java.util.concurrent.FutureTask.run(FutureTask.java:266)
	at java.util.concurrent.Executors$RunnableAdapter.call(Executors.java:511)
	at java.util.concurrent.FutureTask.run(FutureTask.java:266)
	at java.util.concurrent.ThreadPoolExecutor.runWorker(ThreadPoolExecutor.java:1149)
	at java.util.concurrent.ThreadPoolExecutor$Worker.run(ThreadPoolExecutor.java:624)
	... 1 more
Caused by: org.apache.ratis.thirdparty.io.netty.channel.AbstractChannel$AnnotatedConnectException: Connection refused: /192.168.151.103:39788
	at sun.nio.ch.SocketChannelImpl.checkConnect(Native Method)
	at sun.nio.ch.SocketChannelImpl.finishConnect(SocketChannelImpl.java:717)
	at org.apache.ratis.thirdparty.io.netty.channel.socket.nio.NioSocketChannel.doFinishConnect(NioSocketChannel.java:327)
	at org.apache.ratis.thirdparty.io.netty.channel.nio.AbstractNioChannel$AbstractNioUnsafe.finishConnect(AbstractNioChannel.java:340)
	at org.apache.ratis.thirdparty.io.netty.channel.nio.NioEventLoop.processSelectedKey(NioEventLoop.java:632)
	at org.apache.ratis.thirdparty.io.netty.channel.nio.NioEventLoop.processSelectedKeysOptimized(NioEventLoop.java:579)
	at org.apache.ratis.thirdparty.io.netty.channel.nio.NioEventLoop.processSelectedKeys(NioEventLoop.java:496)
	at org.apache.ratis.thirdparty.io.netty.channel.nio.NioEventLoop.run(NioEventLoop.java:458)
	at org.apache.ratis.thirdparty.io.netty.util.concurrent.SingleThreadEventExecutor$5.run(SingleThreadEventExecutor.java:897)
	at org.apache.ratis.thirdparty.io.netty.util.concurrent.FastThreadLocalRunnable.run(FastThreadLocalRunnable.java:30)
	... 1 more
Caused by: java.net.ConnectException: Connection refused
	... 11 more
2019-09-27 09:25:56,500 [002bed63-9761-4b9f-9eba-a6bdbdfe34b9@group-827F9F9FA464:LeaderElection156] INFO  impl.RaftServerImpl (RaftServerImpl.java:setRole(174)) - 002bed63-9761-4b9f-9eba-a6bdbdfe34b9@group-827F9F9FA464: changes role from CANDIDATE to FOLLOWER at term 5 for DISCOVERED_A_NEW_TERM
2019-09-27 09:25:56,500 [002bed63-9761-4b9f-9eba-a6bdbdfe34b9@group-827F9F9FA464:LeaderElection156] INFO  impl.RoleInfo (RoleInfo.java:shutdownLeaderElection(134)) - 002bed63-9761-4b9f-9eba-a6bdbdfe34b9: shutdown LeaderElection
2019-09-27 09:25:56,500 [002bed63-9761-4b9f-9eba-a6bdbdfe34b9@group-827F9F9FA464:LeaderElection156] INFO  impl.RoleInfo (RoleInfo.java:updateAndGet(143)) - 002bed63-9761-4b9f-9eba-a6bdbdfe34b9: start FollowerState
2019-09-27 09:25:56,539 [grpc-default-executor-4] WARN  server.GrpcLogAppender (LogUtils.java:warn(134)) - 391bbd77-e270-498a-b344-18095c6f1940@group-49BF442FE5BA->42a6dc71-468f-4bda-a1ef-3415db0682d5-AppendLogResponseHandler: Failed appendEntries: org.apache.ratis.thirdparty.io.grpc.StatusRuntimeException: UNAVAILABLE: io exception
2019-09-27 09:25:56,539 [grpc-default-executor-4] INFO  impl.FollowerInfo (FollowerInfo.java:lambda$new$0(51)) - 391bbd77-e270-498a-b344-18095c6f1940@group-49BF442FE5BA->42a6dc71-468f-4bda-a1ef-3415db0682d5: nextIndex: updateUnconditionally 0 -> 0
2019-09-27 09:25:56,848 [grpc-default-executor-1] WARN  server.GrpcLogAppender (LogUtils.java:warn(134)) - 513ea752-2bb4-4e9d-94cf-0dce8d7e1b31@group-CB4EA96F2AAE->03814bdb-c6b3-415d-8615-039e811c0048-AppendLogResponseHandler: Failed appendEntries: org.apache.ratis.thirdparty.io.grpc.StatusRuntimeException: UNAVAILABLE: io exception
2019-09-27 09:25:56,848 [grpc-default-executor-1] INFO  impl.FollowerInfo (FollowerInfo.java:lambda$new$0(51)) - 513ea752-2bb4-4e9d-94cf-0dce8d7e1b31@group-CB4EA96F2AAE->03814bdb-c6b3-415d-8615-039e811c0048: nextIndex: updateUnconditionally 0 -> 0
2019-09-27 09:25:57,039 [grpc-default-executor-5] WARN  server.GrpcLogAppender (LogUtils.java:warn(134)) - 391bbd77-e270-498a-b344-18095c6f1940@group-49BF442FE5BA->42a6dc71-468f-4bda-a1ef-3415db0682d5-AppendLogResponseHandler: Failed appendEntries: org.apache.ratis.thirdparty.io.grpc.StatusRuntimeException: UNAVAILABLE: io exception
2019-09-27 09:25:57,040 [grpc-default-executor-5] INFO  impl.FollowerInfo (FollowerInfo.java:lambda$new$0(51)) - 391bbd77-e270-498a-b344-18095c6f1940@group-49BF442FE5BA->42a6dc71-468f-4bda-a1ef-3415db0682d5: nextIndex: updateUnconditionally 0 -> 0
2019-09-27 09:25:57,349 [grpc-default-executor-4] WARN  server.GrpcLogAppender (LogUtils.java:warn(134)) - 513ea752-2bb4-4e9d-94cf-0dce8d7e1b31@group-CB4EA96F2AAE->03814bdb-c6b3-415d-8615-039e811c0048-AppendLogResponseHandler: Failed appendEntries: org.apache.ratis.thirdparty.io.grpc.StatusRuntimeException: UNAVAILABLE: io exception
2019-09-27 09:25:57,349 [grpc-default-executor-4] INFO  impl.FollowerInfo (FollowerInfo.java:lambda$new$0(51)) - 513ea752-2bb4-4e9d-94cf-0dce8d7e1b31@group-CB4EA96F2AAE->03814bdb-c6b3-415d-8615-039e811c0048: nextIndex: updateUnconditionally 0 -> 0
2019-09-27 09:25:57,431 [main] INFO  ozoneimpl.OzoneContainer (OzoneContainer.java:stop(231)) - Attempting to stop container services.
2019-09-27 09:25:57,431 [main] INFO  impl.RaftServerProxy (RaftServerProxy.java:lambda$close$4(314)) - 513ea752-2bb4-4e9d-94cf-0dce8d7e1b31: close
2019-09-27 09:25:57,432 [main] INFO  impl.RaftServerImpl (RaftServerImpl.java:lambda$shutdown$3(251)) - 513ea752-2bb4-4e9d-94cf-0dce8d7e1b31@group-FD7C0AF0CBE2: shutdown
2019-09-27 09:25:57,432 [main] INFO  util.JmxRegister (JmxRegister.java:unregister(73)) - Successfully un-registered JMX Bean with object name Ratis:service=RaftServer,group=group-FD7C0AF0CBE2,id=513ea752-2bb4-4e9d-94cf-0dce8d7e1b31
2019-09-27 09:25:57,432 [main] INFO  impl.RoleInfo (RoleInfo.java:shutdownLeaderState(104)) - 513ea752-2bb4-4e9d-94cf-0dce8d7e1b31: shutdown LeaderState
2019-09-27 09:25:57,432 [main] INFO  impl.PendingRequests (PendingRequests.java:sendNotLeaderResponses(202)) - 513ea752-2bb4-4e9d-94cf-0dce8d7e1b31-PendingRequests: sendNotLeaderResponses
2019-09-27 09:25:57,433 [main] INFO  impl.StateMachineUpdater (StateMachineUpdater.java:stopAndJoin(125)) - 513ea752-2bb4-4e9d-94cf-0dce8d7e1b31@group-FD7C0AF0CBE2-StateMachineUpdater: set stopIndex = 0
2019-09-27 09:25:57,433 [main] INFO  impl.RaftServerImpl (ServerState.java:close(385)) - 513ea752-2bb4-4e9d-94cf-0dce8d7e1b31@group-FD7C0AF0CBE2: closes. applyIndex: 0
2019-09-27 09:25:57,433 [513ea752-2bb4-4e9d-94cf-0dce8d7e1b31@group-FD7C0AF0CBE2-SegmentedRaftLogWorker] INFO  segmented.SegmentedRaftLogWorker (SegmentedRaftLogWorker.java:run(313)) - 513ea752-2bb4-4e9d-94cf-0dce8d7e1b31@group-FD7C0AF0CBE2-SegmentedRaftLogWorker was interrupted, exiting. There are 0 tasks remaining in the queue.
2019-09-27 09:25:57,436 [main] INFO  segmented.SegmentedRaftLogWorker (SegmentedRaftLogWorker.java:close(228)) - 513ea752-2bb4-4e9d-94cf-0dce8d7e1b31@group-FD7C0AF0CBE2-SegmentedRaftLogWorker close()
2019-09-27 09:25:57,438 [main] INFO  impl.RaftServerImpl (RaftServerImpl.java:lambda$shutdown$3(251)) - 513ea752-2bb4-4e9d-94cf-0dce8d7e1b31@group-CB4EA96F2AAE: shutdown
2019-09-27 09:25:57,438 [main] INFO  util.JmxRegister (JmxRegister.java:unregister(73)) - Successfully un-registered JMX Bean with object name Ratis:service=RaftServer,group=group-CB4EA96F2AAE,id=513ea752-2bb4-4e9d-94cf-0dce8d7e1b31
2019-09-27 09:25:57,438 [main] INFO  impl.RoleInfo (RoleInfo.java:shutdownLeaderState(104)) - 513ea752-2bb4-4e9d-94cf-0dce8d7e1b31: shutdown LeaderState
2019-09-27 09:25:57,441 [org.apache.ratis.server.impl.LogAppender$AppenderDaemon$$Lambda$400/247186050@68108772] WARN  server.GrpcLogAppender (GrpcLogAppender.java:mayWait(143)) - 513ea752-2bb4-4e9d-94cf-0dce8d7e1b31@group-CB4EA96F2AAE->c1dc816a-002e-4190-8c4b-03368fc83464-GrpcLogAppender: Wait interrupted by java.lang.InterruptedException
2019-09-27 09:25:57,441 [org.apache.ratis.server.impl.LogAppender$AppenderDaemon$$Lambda$400/247186050@1c3099e3] WARN  server.GrpcLogAppender (GrpcLogAppender.java:mayWait(143)) - 513ea752-2bb4-4e9d-94cf-0dce8d7e1b31@group-CB4EA96F2AAE->03814bdb-c6b3-415d-8615-039e811c0048-GrpcLogAppender: Wait interrupted by java.lang.InterruptedException
2019-09-27 09:25:57,441 [main] INFO  impl.PendingRequests (PendingRequests.java:sendNotLeaderResponses(202)) - 513ea752-2bb4-4e9d-94cf-0dce8d7e1b31-PendingRequests: sendNotLeaderResponses
2019-09-27 09:25:57,441 [grpc-default-executor-4] INFO  server.GrpcServerProtocolService (GrpcServerProtocolService.java:onCompleted(113)) - c1dc816a-002e-4190-8c4b-03368fc83464: Completed APPEND_ENTRIES, lastRequest: 513ea752-2bb4-4e9d-94cf-0dce8d7e1b31->c1dc816a-002e-4190-8c4b-03368fc83464#245-t2, previous=(t:2, i:0), leaderCommit=0, initializing? false, entries: <empty>
2019-09-27 09:25:57,441 [main] INFO  impl.StateMachineUpdater (StateMachineUpdater.java:stopAndJoin(125)) - 513ea752-2bb4-4e9d-94cf-0dce8d7e1b31@group-CB4EA96F2AAE-StateMachineUpdater: set stopIndex = 0
2019-09-27 09:25:57,442 [main] INFO  impl.RaftServerImpl (ServerState.java:close(385)) - 513ea752-2bb4-4e9d-94cf-0dce8d7e1b31@group-CB4EA96F2AAE: closes. applyIndex: 0
2019-09-27 09:25:57,442 [grpc-default-executor-4] INFO  server.GrpcLogAppender (GrpcLogAppender.java:onCompleted(293)) - 513ea752-2bb4-4e9d-94cf-0dce8d7e1b31@group-CB4EA96F2AAE->c1dc816a-002e-4190-8c4b-03368fc83464-AppendLogResponseHandler: follower responses appendEntries COMPLETED
2019-09-27 09:25:57,442 [513ea752-2bb4-4e9d-94cf-0dce8d7e1b31@group-CB4EA96F2AAE-SegmentedRaftLogWorker] INFO  segmented.SegmentedRaftLogWorker (SegmentedRaftLogWorker.java:run(313)) - 513ea752-2bb4-4e9d-94cf-0dce8d7e1b31@group-CB4EA96F2AAE-SegmentedRaftLogWorker was interrupted, exiting. There are 0 tasks remaining in the queue.
2019-09-27 09:25:57,442 [grpc-default-executor-4] INFO  impl.FollowerInfo (FollowerInfo.java:lambda$new$0(51)) - 513ea752-2bb4-4e9d-94cf-0dce8d7e1b31@group-CB4EA96F2AAE->c1dc816a-002e-4190-8c4b-03368fc83464: nextIndex: updateUnconditionally 1 -> 0
2019-09-27 09:25:57,443 [main] INFO  segmented.SegmentedRaftLogWorker (SegmentedRaftLogWorker.java:close(228)) - 513ea752-2bb4-4e9d-94cf-0dce8d7e1b31@group-CB4EA96F2AAE-SegmentedRaftLogWorker close()
2019-09-27 09:25:57,452 [main] INFO  server.GrpcService (GrpcService.java:closeImpl(164)) - 513ea752-2bb4-4e9d-94cf-0dce8d7e1b31: shutdown server with port 39440 now
2019-09-27 09:25:57,452 [ForkJoinPool.commonPool-worker-0] INFO  ozoneimpl.OzoneContainer (OzoneContainer.java:stop(231)) - Attempting to stop container services.
2019-09-27 09:25:57,452 [ForkJoinPool.commonPool-worker-0] INFO  impl.RaftServerProxy (RaftServerProxy.java:lambda$close$4(314)) - f8f36aa8-f38f-472a-aa09-c3130b79cc81: close
2019-09-27 09:25:57,452 [main] INFO  server.GrpcService (GrpcService.java:closeImpl(172)) - 513ea752-2bb4-4e9d-94cf-0dce8d7e1b31: shutdown server with port 39440 successfully
2019-09-27 09:25:57,452 [ForkJoinPool.commonPool-worker-0] INFO  impl.RaftServerImpl (RaftServerImpl.java:lambda$shutdown$3(251)) - f8f36aa8-f38f-472a-aa09-c3130b79cc81@group-77629DF9AC2E: shutdown
2019-09-27 09:25:57,453 [ForkJoinPool.commonPool-worker-0] INFO  util.JmxRegister (JmxRegister.java:unregister(73)) - Successfully un-registered JMX Bean with object name Ratis:service=RaftServer,group=group-77629DF9AC2E,id=f8f36aa8-f38f-472a-aa09-c3130b79cc81
2019-09-27 09:25:57,453 [ForkJoinPool.commonPool-worker-0] INFO  impl.RoleInfo (RoleInfo.java:shutdownLeaderState(104)) - f8f36aa8-f38f-472a-aa09-c3130b79cc81: shutdown LeaderState
2019-09-27 09:25:57,453 [ForkJoinPool.commonPool-worker-0] INFO  impl.PendingRequests (PendingRequests.java:sendNotLeaderResponses(202)) - f8f36aa8-f38f-472a-aa09-c3130b79cc81-PendingRequests: sendNotLeaderResponses
2019-09-27 09:25:57,453 [ForkJoinPool.commonPool-worker-0] INFO  impl.StateMachineUpdater (StateMachineUpdater.java:stopAndJoin(125)) - f8f36aa8-f38f-472a-aa09-c3130b79cc81@group-77629DF9AC2E-StateMachineUpdater: set stopIndex = 0
2019-09-27 09:25:57,454 [ForkJoinPool.commonPool-worker-0] INFO  impl.RaftServerImpl (ServerState.java:close(385)) - f8f36aa8-f38f-472a-aa09-c3130b79cc81@group-77629DF9AC2E: closes. applyIndex: 0
2019-09-27 09:25:57,454 [f8f36aa8-f38f-472a-aa09-c3130b79cc81@group-77629DF9AC2E-SegmentedRaftLogWorker] INFO  segmented.SegmentedRaftLogWorker (SegmentedRaftLogWorker.java:run(313)) - f8f36aa8-f38f-472a-aa09-c3130b79cc81@group-77629DF9AC2E-SegmentedRaftLogWorker was interrupted, exiting. There are 0 tasks remaining in the queue.
2019-09-27 09:25:57,454 [ForkJoinPool.commonPool-worker-0] INFO  segmented.SegmentedRaftLogWorker (SegmentedRaftLogWorker.java:close(228)) - f8f36aa8-f38f-472a-aa09-c3130b79cc81@group-77629DF9AC2E-SegmentedRaftLogWorker close()
2019-09-27 09:25:57,455 [refreshUsed-/workdir/hadoop-ozone/integration-test/target/test-dir/MiniOzoneClusterImpl-398c5316-7398-4fb3-bac3-d05c7117414d/datanode-8/data/containers] WARN  fs.CachingGetSpaceUsed (CachingGetSpaceUsed.java:run(183)) - Thread Interrupted waiting to refresh disk information: sleep interrupted
2019-09-27 09:25:57,456 [ForkJoinPool.commonPool-worker-0] INFO  server.GrpcService (GrpcService.java:closeImpl(164)) - f8f36aa8-f38f-472a-aa09-c3130b79cc81: shutdown server with port 43152 now
2019-09-27 09:25:57,462 [ForkJoinPool.commonPool-worker-0] INFO  server.GrpcService (GrpcService.java:closeImpl(172)) - f8f36aa8-f38f-472a-aa09-c3130b79cc81: shutdown server with port 43152 successfully
2019-09-27 09:25:57,465 [refreshUsed-/workdir/hadoop-ozone/integration-test/target/test-dir/MiniOzoneClusterImpl-398c5316-7398-4fb3-bac3-d05c7117414d/datanode-4/data/containers] WARN  fs.CachingGetSpaceUsed (CachingGetSpaceUsed.java:run(183)) - Thread Interrupted waiting to refresh disk information: sleep interrupted
2019-09-27 09:25:57,472 [main] INFO  utils.BackgroundService (BackgroundService.java:shutdown(148)) - Shutting down service BlockDeletingService
2019-09-27 09:25:57,475 [main] INFO  statemachine.DatanodeStateMachine (DatanodeStateMachine.java:stopDaemon(395)) - Ozone container server stopped.
2019-09-27 09:25:57,476 [main] INFO  handler.ContextHandler (ContextHandler.java:doStop(910)) - Stopped o.e.j.w.WebAppContext@1a2773a8{/,null,UNAVAILABLE}{/hddsDatanode}
2019-09-27 09:25:57,477 [main] INFO  server.AbstractConnector (AbstractConnector.java:doStop(318)) - Stopped ServerConnector@78b0ec3a{HTTP/1.1,[http/1.1]}{0.0.0.0:0}
2019-09-27 09:25:57,477 [main] INFO  handler.ContextHandler (ContextHandler.java:doStop(910)) - Stopped o.e.j.s.ServletContextHandler@3c33fcf8{/static,jar:file:/home/user/.m2/repository/org/apache/hadoop/hadoop-hdds-container-service/0.5.0-SNAPSHOT/hadoop-hdds-container-service-0.5.0-SNAPSHOT.jar!/webapps/static,UNAVAILABLE}
2019-09-27 09:25:57,477 [main] INFO  handler.ContextHandler (ContextHandler.java:doStop(910)) - Stopped o.e.j.s.ServletContextHandler@1abcd059{/logs,file:///workdir/hadoop-ozone/integration-test/target/log,UNAVAILABLE}
2019-09-27 09:25:57,480 [ForkJoinPool.commonPool-worker-0] INFO  utils.BackgroundService (BackgroundService.java:shutdown(148)) - Shutting down service BlockDeletingService
2019-09-27 09:25:57,484 [ForkJoinPool.commonPool-worker-0] INFO  statemachine.DatanodeStateMachine (DatanodeStateMachine.java:stopDaemon(395)) - Ozone container server stopped.
2019-09-27 09:25:57,487 [ForkJoinPool.commonPool-worker-0] INFO  handler.ContextHandler (ContextHandler.java:doStop(910)) - Stopped o.e.j.w.WebAppContext@50cbcca7{/,null,UNAVAILABLE}{/hddsDatanode}
2019-09-27 09:25:57,487 [ForkJoinPool.commonPool-worker-0] INFO  server.AbstractConnector (AbstractConnector.java:doStop(318)) - Stopped ServerConnector@49491770{HTTP/1.1,[http/1.1]}{0.0.0.0:0}
2019-09-27 09:25:57,489 [ForkJoinPool.commonPool-worker-0] INFO  handler.ContextHandler (ContextHandler.java:doStop(910)) - Stopped o.e.j.s.ServletContextHandler@6a8a551e{/static,jar:file:/home/user/.m2/repository/org/apache/hadoop/hadoop-hdds-container-service/0.5.0-SNAPSHOT/hadoop-hdds-container-service-0.5.0-SNAPSHOT.jar!/webapps/static,UNAVAILABLE}
2019-09-27 09:25:57,490 [ForkJoinPool.commonPool-worker-0] INFO  handler.ContextHandler (ContextHandler.java:doStop(910)) - Stopped o.e.j.s.ServletContextHandler@4245bf68{/logs,file:///workdir/hadoop-ozone/integration-test/target/log,UNAVAILABLE}
2019-09-27 09:25:57,540 [grpc-default-executor-4] WARN  server.GrpcLogAppender (LogUtils.java:warn(134)) - 391bbd77-e270-498a-b344-18095c6f1940@group-49BF442FE5BA->42a6dc71-468f-4bda-a1ef-3415db0682d5-AppendLogResponseHandler: Failed appendEntries: org.apache.ratis.thirdparty.io.grpc.StatusRuntimeException: UNAVAILABLE: io exception
2019-09-27 09:25:57,540 [grpc-default-executor-4] INFO  impl.FollowerInfo (FollowerInfo.java:lambda$new$0(51)) - 391bbd77-e270-498a-b344-18095c6f1940@group-49BF442FE5BA->42a6dc71-468f-4bda-a1ef-3415db0682d5: nextIndex: updateUnconditionally 0 -> 0
2019-09-27 09:25:57,611 [Thread-9701] INFO  impl.FollowerState (FollowerState.java:run(106)) - 002bed63-9761-4b9f-9eba-a6bdbdfe34b9:group-827F9F9FA464 changes to CANDIDATE, lastRpcTime:1110, electionTimeout:1110ms
2019-09-27 09:25:57,611 [Thread-9701] INFO  impl.RoleInfo (RoleInfo.java:shutdownFollowerState(121)) - 002bed63-9761-4b9f-9eba-a6bdbdfe34b9: shutdown FollowerState
2019-09-27 09:25:57,611 [Thread-9701] INFO  impl.RaftServerImpl (RaftServerImpl.java:setRole(174)) - 002bed63-9761-4b9f-9eba-a6bdbdfe34b9@group-827F9F9FA464: changes role from  FOLLOWER to CANDIDATE at term 5 for changeToCandidate
2019-09-27 09:25:57,611 [Thread-9701] INFO  impl.RoleInfo (RoleInfo.java:updateAndGet(143)) - 002bed63-9761-4b9f-9eba-a6bdbdfe34b9: start LeaderElection
2019-09-27 09:25:57,625 [002bed63-9761-4b9f-9eba-a6bdbdfe34b9@group-827F9F9FA464:LeaderElection157] INFO  impl.LeaderElection (LeaderElection.java:askForVotes(182)) - 002bed63-9761-4b9f-9eba-a6bdbdfe34b9@group-827F9F9FA464:LeaderElection157: begin an election at term 6 for 0: [923630be-6089-4454-ada8-343910becadd:192.168.151.103:41127, 48a73947-ad36-4a89-bdb8-df91e6dae885:192.168.151.103:39788, 002bed63-9761-4b9f-9eba-a6bdbdfe34b9:192.168.151.103:43508], old=null
2019-09-27 09:25:57,626 [002bed63-9761-4b9f-9eba-a6bdbdfe34b9@group-827F9F9FA464:LeaderElection157] INFO  impl.LeaderElection (LogUtils.java:infoOrTrace(149)) - 002bed63-9761-4b9f-9eba-a6bdbdfe34b9@group-827F9F9FA464:LeaderElection157 got exception when requesting votes: {}
java.util.concurrent.ExecutionException: org.apache.ratis.thirdparty.io.grpc.StatusRuntimeException: UNAVAILABLE: io exception
	at java.util.concurrent.FutureTask.report(FutureTask.java:122)
	at java.util.concurrent.FutureTask.get(FutureTask.java:192)
	at org.apache.ratis.server.impl.LeaderElection.waitForResults(LeaderElection.java:263)
	at org.apache.ratis.server.impl.LeaderElection.askForVotes(LeaderElection.java:201)
	at org.apache.ratis.server.impl.LeaderElection.run(LeaderElection.java:133)
	at java.lang.Thread.run(Thread.java:748)
Caused by: org.apache.ratis.thirdparty.io.grpc.StatusRuntimeException: UNAVAILABLE: io exception
	at org.apache.ratis.thirdparty.io.grpc.stub.ClientCalls.toStatusRuntimeException(ClientCalls.java:233)
	at org.apache.ratis.thirdparty.io.grpc.stub.ClientCalls.getUnchecked(ClientCalls.java:214)
	at org.apache.ratis.thirdparty.io.grpc.stub.ClientCalls.blockingUnaryCall(ClientCalls.java:139)
	at org.apache.ratis.proto.grpc.RaftServerProtocolServiceGrpc$RaftServerProtocolServiceBlockingStub.requestVote(RaftServerProtocolServiceGrpc.java:265)
	at org.apache.ratis.grpc.server.GrpcServerProtocolClient.requestVote(GrpcServerProtocolClient.java:90)
	at org.apache.ratis.grpc.server.GrpcService.requestVote(GrpcService.java:204)
	at org.apache.ratis.server.impl.LeaderElection.lambda$submitRequests$1(LeaderElection.java:238)
	at java.util.concurrent.FutureTask.run(FutureTask.java:266)
	at java.util.concurrent.Executors$RunnableAdapter.call(Executors.java:511)
	at java.util.concurrent.FutureTask.run(FutureTask.java:266)
	at java.util.concurrent.ThreadPoolExecutor.runWorker(ThreadPoolExecutor.java:1149)
	at java.util.concurrent.ThreadPoolExecutor$Worker.run(ThreadPoolExecutor.java:624)
	... 1 more
Caused by: org.apache.ratis.thirdparty.io.netty.channel.AbstractChannel$AnnotatedConnectException: Connection refused: /192.168.151.103:41127
	at sun.nio.ch.SocketChannelImpl.checkConnect(Native Method)
	at sun.nio.ch.SocketChannelImpl.finishConnect(SocketChannelImpl.java:717)
	at org.apache.ratis.thirdparty.io.netty.channel.socket.nio.NioSocketChannel.doFinishConnect(NioSocketChannel.java:327)
	at org.apache.ratis.thirdparty.io.netty.channel.nio.AbstractNioChannel$AbstractNioUnsafe.finishConnect(AbstractNioChannel.java:340)
	at org.apache.ratis.thirdparty.io.netty.channel.nio.NioEventLoop.processSelectedKey(NioEventLoop.java:632)
	at org.apache.ratis.thirdparty.io.netty.channel.nio.NioEventLoop.processSelectedKeysOptimized(NioEventLoop.java:579)
	at org.apache.ratis.thirdparty.io.netty.channel.nio.NioEventLoop.processSelectedKeys(NioEventLoop.java:496)
	at org.apache.ratis.thirdparty.io.netty.channel.nio.NioEventLoop.run(NioEventLoop.java:458)
	at org.apache.ratis.thirdparty.io.netty.util.concurrent.SingleThreadEventExecutor$5.run(SingleThreadEventExecutor.java:897)
	at org.apache.ratis.thirdparty.io.netty.util.concurrent.FastThreadLocalRunnable.run(FastThreadLocalRunnable.java:30)
	... 1 more
Caused by: java.net.ConnectException: Connection refused
	... 11 more
2019-09-27 09:25:57,626 [002bed63-9761-4b9f-9eba-a6bdbdfe34b9@group-827F9F9FA464:LeaderElection157] INFO  impl.LeaderElection (LogUtils.java:infoOrTrace(149)) - 002bed63-9761-4b9f-9eba-a6bdbdfe34b9@group-827F9F9FA464:LeaderElection157 got exception when requesting votes: {}
java.util.concurrent.ExecutionException: org.apache.ratis.thirdparty.io.grpc.StatusRuntimeException: UNAVAILABLE: io exception
	at java.util.concurrent.FutureTask.report(FutureTask.java:122)
	at java.util.concurrent.FutureTask.get(FutureTask.java:192)
	at org.apache.ratis.server.impl.LeaderElection.waitForResults(LeaderElection.java:263)
	at org.apache.ratis.server.impl.LeaderElection.askForVotes(LeaderElection.java:201)
	at org.apache.ratis.server.impl.LeaderElection.run(LeaderElection.java:133)
	at java.lang.Thread.run(Thread.java:748)
Caused by: org.apache.ratis.thirdparty.io.grpc.StatusRuntimeException: UNAVAILABLE: io exception
	at org.apache.ratis.thirdparty.io.grpc.stub.ClientCalls.toStatusRuntimeException(ClientCalls.java:233)
	at org.apache.ratis.thirdparty.io.grpc.stub.ClientCalls.getUnchecked(ClientCalls.java:214)
	at org.apache.ratis.thirdparty.io.grpc.stub.ClientCalls.blockingUnaryCall(ClientCalls.java:139)
	at org.apache.ratis.proto.grpc.RaftServerProtocolServiceGrpc$RaftServerProtocolServiceBlockingStub.requestVote(RaftServerProtocolServiceGrpc.java:265)
	at org.apache.ratis.grpc.server.GrpcServerProtocolClient.requestVote(GrpcServerProtocolClient.java:90)
	at org.apache.ratis.grpc.server.GrpcService.requestVote(GrpcService.java:204)
	at org.apache.ratis.server.impl.LeaderElection.lambda$submitRequests$1(LeaderElection.java:238)
	at java.util.concurrent.FutureTask.run(FutureTask.java:266)
	at java.util.concurrent.Executors$RunnableAdapter.call(Executors.java:511)
	at java.util.concurrent.FutureTask.run(FutureTask.java:266)
	at java.util.concurrent.ThreadPoolExecutor.runWorker(ThreadPoolExecutor.java:1149)
	at java.util.concurrent.ThreadPoolExecutor$Worker.run(ThreadPoolExecutor.java:624)
	... 1 more
Caused by: org.apache.ratis.thirdparty.io.netty.channel.AbstractChannel$AnnotatedConnectException: Connection refused: /192.168.151.103:39788
	at sun.nio.ch.SocketChannelImpl.checkConnect(Native Method)
	at sun.nio.ch.SocketChannelImpl.finishConnect(SocketChannelImpl.java:717)
	at org.apache.ratis.thirdparty.io.netty.channel.socket.nio.NioSocketChannel.doFinishConnect(NioSocketChannel.java:327)
	at org.apache.ratis.thirdparty.io.netty.channel.nio.AbstractNioChannel$AbstractNioUnsafe.finishConnect(AbstractNioChannel.java:340)
	at org.apache.ratis.thirdparty.io.netty.channel.nio.NioEventLoop.processSelectedKey(NioEventLoop.java:632)
	at org.apache.ratis.thirdparty.io.netty.channel.nio.NioEventLoop.processSelectedKeysOptimized(NioEventLoop.java:579)
	at org.apache.ratis.thirdparty.io.netty.channel.nio.NioEventLoop.processSelectedKeys(NioEventLoop.java:496)
	at org.apache.ratis.thirdparty.io.netty.channel.nio.NioEventLoop.run(NioEventLoop.java:458)
	at org.apache.ratis.thirdparty.io.netty.util.concurrent.SingleThreadEventExecutor$5.run(SingleThreadEventExecutor.java:897)
	at org.apache.ratis.thirdparty.io.netty.util.concurrent.FastThreadLocalRunnable.run(FastThreadLocalRunnable.java:30)
	... 1 more
Caused by: java.net.ConnectException: Connection refused
	... 11 more
2019-09-27 09:25:57,626 [002bed63-9761-4b9f-9eba-a6bdbdfe34b9@group-827F9F9FA464:LeaderElection157] INFO  impl.LeaderElection (LeaderElection.java:logAndReturn(56)) - 002bed63-9761-4b9f-9eba-a6bdbdfe34b9@group-827F9F9FA464:LeaderElection157: Election REJECTED; received 0 response(s) [] and 2 exception(s); 002bed63-9761-4b9f-9eba-a6bdbdfe34b9@group-827F9F9FA464:t6, leader=null, voted=002bed63-9761-4b9f-9eba-a6bdbdfe34b9, raftlog=002bed63-9761-4b9f-9eba-a6bdbdfe34b9@group-827F9F9FA464-SegmentedRaftLog:OPENED:c0,f0,i0, conf=0: [923630be-6089-4454-ada8-343910becadd:192.168.151.103:41127, 48a73947-ad36-4a89-bdb8-df91e6dae885:192.168.151.103:39788, 002bed63-9761-4b9f-9eba-a6bdbdfe34b9:192.168.151.103:43508], old=null
2019-09-27 09:25:57,626 [002bed63-9761-4b9f-9eba-a6bdbdfe34b9@group-827F9F9FA464:LeaderElection157] INFO  impl.LeaderElection (LogUtils.java:infoOrTrace(149)) -   Exception 0: {}
java.util.concurrent.ExecutionException: org.apache.ratis.thirdparty.io.grpc.StatusRuntimeException: UNAVAILABLE: io exception
	at java.util.concurrent.FutureTask.report(FutureTask.java:122)
	at java.util.concurrent.FutureTask.get(FutureTask.java:192)
	at org.apache.ratis.server.impl.LeaderElection.waitForResults(LeaderElection.java:263)
	at org.apache.ratis.server.impl.LeaderElection.askForVotes(LeaderElection.java:201)
	at org.apache.ratis.server.impl.LeaderElection.run(LeaderElection.java:133)
	at java.lang.Thread.run(Thread.java:748)
Caused by: org.apache.ratis.thirdparty.io.grpc.StatusRuntimeException: UNAVAILABLE: io exception
	at org.apache.ratis.thirdparty.io.grpc.stub.ClientCalls.toStatusRuntimeException(ClientCalls.java:233)
	at org.apache.ratis.thirdparty.io.grpc.stub.ClientCalls.getUnchecked(ClientCalls.java:214)
	at org.apache.ratis.thirdparty.io.grpc.stub.ClientCalls.blockingUnaryCall(ClientCalls.java:139)
	at org.apache.ratis.proto.grpc.RaftServerProtocolServiceGrpc$RaftServerProtocolServiceBlockingStub.requestVote(RaftServerProtocolServiceGrpc.java:265)
	at org.apache.ratis.grpc.server.GrpcServerProtocolClient.requestVote(GrpcServerProtocolClient.java:90)
	at org.apache.ratis.grpc.server.GrpcService.requestVote(GrpcService.java:204)
	at org.apache.ratis.server.impl.LeaderElection.lambda$submitRequests$1(LeaderElection.java:238)
	at java.util.concurrent.FutureTask.run(FutureTask.java:266)
	at java.util.concurrent.Executors$RunnableAdapter.call(Executors.java:511)
	at java.util.concurrent.FutureTask.run(FutureTask.java:266)
	at java.util.concurrent.ThreadPoolExecutor.runWorker(ThreadPoolExecutor.java:1149)
	at java.util.concurrent.ThreadPoolExecutor$Worker.run(ThreadPoolExecutor.java:624)
	... 1 more
Caused by: org.apache.ratis.thirdparty.io.netty.channel.AbstractChannel$AnnotatedConnectException: Connection refused: /192.168.151.103:41127
	at sun.nio.ch.SocketChannelImpl.checkConnect(Native Method)
	at sun.nio.ch.SocketChannelImpl.finishConnect(SocketChannelImpl.java:717)
	at org.apache.ratis.thirdparty.io.netty.channel.socket.nio.NioSocketChannel.doFinishConnect(NioSocketChannel.java:327)
	at org.apache.ratis.thirdparty.io.netty.channel.nio.AbstractNioChannel$AbstractNioUnsafe.finishConnect(AbstractNioChannel.java:340)
	at org.apache.ratis.thirdparty.io.netty.channel.nio.NioEventLoop.processSelectedKey(NioEventLoop.java:632)
	at org.apache.ratis.thirdparty.io.netty.channel.nio.NioEventLoop.processSelectedKeysOptimized(NioEventLoop.java:579)
	at org.apache.ratis.thirdparty.io.netty.channel.nio.NioEventLoop.processSelectedKeys(NioEventLoop.java:496)
	at org.apache.ratis.thirdparty.io.netty.channel.nio.NioEventLoop.run(NioEventLoop.java:458)
	at org.apache.ratis.thirdparty.io.netty.util.concurrent.SingleThreadEventExecutor$5.run(SingleThreadEventExecutor.java:897)
	at org.apache.ratis.thirdparty.io.netty.util.concurrent.FastThreadLocalRunnable.run(FastThreadLocalRunnable.java:30)
	... 1 more
Caused by: java.net.ConnectException: Connection refused
	... 11 more
2019-09-27 09:25:57,627 [002bed63-9761-4b9f-9eba-a6bdbdfe34b9@group-827F9F9FA464:LeaderElection157] INFO  impl.LeaderElection (LogUtils.java:infoOrTrace(149)) -   Exception 1: {}
java.util.concurrent.ExecutionException: org.apache.ratis.thirdparty.io.grpc.StatusRuntimeException: UNAVAILABLE: io exception
	at java.util.concurrent.FutureTask.report(FutureTask.java:122)
	at java.util.concurrent.FutureTask.get(FutureTask.java:192)
	at org.apache.ratis.server.impl.LeaderElection.waitForResults(LeaderElection.java:263)
	at org.apache.ratis.server.impl.LeaderElection.askForVotes(LeaderElection.java:201)
	at org.apache.ratis.server.impl.LeaderElection.run(LeaderElection.java:133)
	at java.lang.Thread.run(Thread.java:748)
Caused by: org.apache.ratis.thirdparty.io.grpc.StatusRuntimeException: UNAVAILABLE: io exception
	at org.apache.ratis.thirdparty.io.grpc.stub.ClientCalls.toStatusRuntimeException(ClientCalls.java:233)
	at org.apache.ratis.thirdparty.io.grpc.stub.ClientCalls.getUnchecked(ClientCalls.java:214)
	at org.apache.ratis.thirdparty.io.grpc.stub.ClientCalls.blockingUnaryCall(ClientCalls.java:139)
	at org.apache.ratis.proto.grpc.RaftServerProtocolServiceGrpc$RaftServerProtocolServiceBlockingStub.requestVote(RaftServerProtocolServiceGrpc.java:265)
	at org.apache.ratis.grpc.server.GrpcServerProtocolClient.requestVote(GrpcServerProtocolClient.java:90)
	at org.apache.ratis.grpc.server.GrpcService.requestVote(GrpcService.java:204)
	at org.apache.ratis.server.impl.LeaderElection.lambda$submitRequests$1(LeaderElection.java:238)
	at java.util.concurrent.FutureTask.run(FutureTask.java:266)
	at java.util.concurrent.Executors$RunnableAdapter.call(Executors.java:511)
	at java.util.concurrent.FutureTask.run(FutureTask.java:266)
	at java.util.concurrent.ThreadPoolExecutor.runWorker(ThreadPoolExecutor.java:1149)
	at java.util.concurrent.ThreadPoolExecutor$Worker.run(ThreadPoolExecutor.java:624)
	... 1 more
Caused by: org.apache.ratis.thirdparty.io.netty.channel.AbstractChannel$AnnotatedConnectException: Connection refused: /192.168.151.103:39788
	at sun.nio.ch.SocketChannelImpl.checkConnect(Native Method)
	at sun.nio.ch.SocketChannelImpl.finishConnect(SocketChannelImpl.java:717)
	at org.apache.ratis.thirdparty.io.netty.channel.socket.nio.NioSocketChannel.doFinishConnect(NioSocketChannel.java:327)
	at org.apache.ratis.thirdparty.io.netty.channel.nio.AbstractNioChannel$AbstractNioUnsafe.finishConnect(AbstractNioChannel.java:340)
	at org.apache.ratis.thirdparty.io.netty.channel.nio.NioEventLoop.processSelectedKey(NioEventLoop.java:632)
	at org.apache.ratis.thirdparty.io.netty.channel.nio.NioEventLoop.processSelectedKeysOptimized(NioEventLoop.java:579)
	at org.apache.ratis.thirdparty.io.netty.channel.nio.NioEventLoop.processSelectedKeys(NioEventLoop.java:496)
	at org.apache.ratis.thirdparty.io.netty.channel.nio.NioEventLoop.run(NioEventLoop.java:458)
	at org.apache.ratis.thirdparty.io.netty.util.concurrent.SingleThreadEventExecutor$5.run(SingleThreadEventExecutor.java:897)
	at org.apache.ratis.thirdparty.io.netty.util.concurrent.FastThreadLocalRunnable.run(FastThreadLocalRunnable.java:30)
	... 1 more
Caused by: java.net.ConnectException: Connection refused
	... 11 more
2019-09-27 09:25:57,627 [002bed63-9761-4b9f-9eba-a6bdbdfe34b9@group-827F9F9FA464:LeaderElection157] INFO  impl.RaftServerImpl (RaftServerImpl.java:setRole(174)) - 002bed63-9761-4b9f-9eba-a6bdbdfe34b9@group-827F9F9FA464: changes role from CANDIDATE to FOLLOWER at term 6 for DISCOVERED_A_NEW_TERM
2019-09-27 09:25:57,627 [002bed63-9761-4b9f-9eba-a6bdbdfe34b9@group-827F9F9FA464:LeaderElection157] INFO  impl.RoleInfo (RoleInfo.java:shutdownLeaderElection(134)) - 002bed63-9761-4b9f-9eba-a6bdbdfe34b9: shutdown LeaderElection
2019-09-27 09:25:57,627 [002bed63-9761-4b9f-9eba-a6bdbdfe34b9@group-827F9F9FA464:LeaderElection157] INFO  impl.RoleInfo (RoleInfo.java:updateAndGet(143)) - 002bed63-9761-4b9f-9eba-a6bdbdfe34b9: start FollowerState
2019-09-27 09:25:57,747 [Datanode State Machine Thread - 0] INFO  statemachine.DatanodeStateMachine (DatanodeStateMachine.java:lambda$startDaemon$0(350)) - Ozone container server started.
2019-09-27 09:25:58,040 [grpc-default-executor-1] WARN  server.GrpcLogAppender (LogUtils.java:warn(134)) - 391bbd77-e270-498a-b344-18095c6f1940@group-49BF442FE5BA->42a6dc71-468f-4bda-a1ef-3415db0682d5-AppendLogResponseHandler: Failed appendEntries: org.apache.ratis.thirdparty.io.grpc.StatusRuntimeException: UNAVAILABLE: io exception
2019-09-27 09:25:58,041 [grpc-default-executor-1] INFO  impl.FollowerInfo (FollowerInfo.java:lambda$new$0(51)) - 391bbd77-e270-498a-b344-18095c6f1940@group-49BF442FE5BA->42a6dc71-468f-4bda-a1ef-3415db0682d5: nextIndex: updateUnconditionally 0 -> 0
2019-09-27 09:25:58,066 [Datanode State Machine Thread - 0] INFO  statemachine.DatanodeStateMachine (DatanodeStateMachine.java:lambda$startDaemon$0(350)) - Ozone container server started.
2019-09-27 09:25:58,541 [grpc-default-executor-1] WARN  server.GrpcLogAppender (LogUtils.java:warn(134)) - 391bbd77-e270-498a-b344-18095c6f1940@group-49BF442FE5BA->42a6dc71-468f-4bda-a1ef-3415db0682d5-AppendLogResponseHandler: Failed appendEntries: org.apache.ratis.thirdparty.io.grpc.StatusRuntimeException: UNAVAILABLE: io exception
2019-09-27 09:25:58,541 [grpc-default-executor-1] INFO  impl.FollowerInfo (FollowerInfo.java:lambda$new$0(51)) - 391bbd77-e270-498a-b344-18095c6f1940@group-49BF442FE5BA->42a6dc71-468f-4bda-a1ef-3415db0682d5: nextIndex: updateUnconditionally 0 -> 0
2019-09-27 09:25:58,774 [Thread-9709] INFO  impl.FollowerState (FollowerState.java:run(106)) - 002bed63-9761-4b9f-9eba-a6bdbdfe34b9:group-827F9F9FA464 changes to CANDIDATE, lastRpcTime:1147, electionTimeout:1147ms
2019-09-27 09:25:58,775 [Thread-9709] INFO  impl.RoleInfo (RoleInfo.java:shutdownFollowerState(121)) - 002bed63-9761-4b9f-9eba-a6bdbdfe34b9: shutdown FollowerState
2019-09-27 09:25:58,775 [Thread-9709] INFO  impl.RaftServerImpl (RaftServerImpl.java:setRole(174)) - 002bed63-9761-4b9f-9eba-a6bdbdfe34b9@group-827F9F9FA464: changes role from  FOLLOWER to CANDIDATE at term 6 for changeToCandidate
2019-09-27 09:25:58,775 [Thread-9709] INFO  impl.RoleInfo (RoleInfo.java:updateAndGet(143)) - 002bed63-9761-4b9f-9eba-a6bdbdfe34b9: start LeaderElection
2019-09-27 09:25:58,788 [002bed63-9761-4b9f-9eba-a6bdbdfe34b9@group-827F9F9FA464:LeaderElection158] INFO  impl.LeaderElection (LeaderElection.java:askForVotes(182)) - 002bed63-9761-4b9f-9eba-a6bdbdfe34b9@group-827F9F9FA464:LeaderElection158: begin an election at term 7 for 0: [923630be-6089-4454-ada8-343910becadd:192.168.151.103:41127, 48a73947-ad36-4a89-bdb8-df91e6dae885:192.168.151.103:39788, 002bed63-9761-4b9f-9eba-a6bdbdfe34b9:192.168.151.103:43508], old=null
2019-09-27 09:25:58,789 [002bed63-9761-4b9f-9eba-a6bdbdfe34b9@group-827F9F9FA464:LeaderElection158] INFO  impl.LeaderElection (LogUtils.java:infoOrTrace(149)) - 002bed63-9761-4b9f-9eba-a6bdbdfe34b9@group-827F9F9FA464:LeaderElection158 got exception when requesting votes: {}
java.util.concurrent.ExecutionException: org.apache.ratis.thirdparty.io.grpc.StatusRuntimeException: UNAVAILABLE: io exception
	at java.util.concurrent.FutureTask.report(FutureTask.java:122)
	at java.util.concurrent.FutureTask.get(FutureTask.java:192)
	at org.apache.ratis.server.impl.LeaderElection.waitForResults(LeaderElection.java:263)
	at org.apache.ratis.server.impl.LeaderElection.askForVotes(LeaderElection.java:201)
	at org.apache.ratis.server.impl.LeaderElection.run(LeaderElection.java:133)
	at java.lang.Thread.run(Thread.java:748)
Caused by: org.apache.ratis.thirdparty.io.grpc.StatusRuntimeException: UNAVAILABLE: io exception
	at org.apache.ratis.thirdparty.io.grpc.stub.ClientCalls.toStatusRuntimeException(ClientCalls.java:233)
	at org.apache.ratis.thirdparty.io.grpc.stub.ClientCalls.getUnchecked(ClientCalls.java:214)
	at org.apache.ratis.thirdparty.io.grpc.stub.ClientCalls.blockingUnaryCall(ClientCalls.java:139)
	at org.apache.ratis.proto.grpc.RaftServerProtocolServiceGrpc$RaftServerProtocolServiceBlockingStub.requestVote(RaftServerProtocolServiceGrpc.java:265)
	at org.apache.ratis.grpc.server.GrpcServerProtocolClient.requestVote(GrpcServerProtocolClient.java:90)
	at org.apache.ratis.grpc.server.GrpcService.requestVote(GrpcService.java:204)
	at org.apache.ratis.server.impl.LeaderElection.lambda$submitRequests$1(LeaderElection.java:238)
	at java.util.concurrent.FutureTask.run(FutureTask.java:266)
	at java.util.concurrent.Executors$RunnableAdapter.call(Executors.java:511)
	at java.util.concurrent.FutureTask.run(FutureTask.java:266)
	at java.util.concurrent.ThreadPoolExecutor.runWorker(ThreadPoolExecutor.java:1149)
	at java.util.concurrent.ThreadPoolExecutor$Worker.run(ThreadPoolExecutor.java:624)
	... 1 more
Caused by: org.apache.ratis.thirdparty.io.netty.channel.AbstractChannel$AnnotatedConnectException: Connection refused: /192.168.151.103:41127
	at sun.nio.ch.SocketChannelImpl.checkConnect(Native Method)
	at sun.nio.ch.SocketChannelImpl.finishConnect(SocketChannelImpl.java:717)
	at org.apache.ratis.thirdparty.io.netty.channel.socket.nio.NioSocketChannel.doFinishConnect(NioSocketChannel.java:327)
	at org.apache.ratis.thirdparty.io.netty.channel.nio.AbstractNioChannel$AbstractNioUnsafe.finishConnect(AbstractNioChannel.java:340)
	at org.apache.ratis.thirdparty.io.netty.channel.nio.NioEventLoop.processSelectedKey(NioEventLoop.java:632)
	at org.apache.ratis.thirdparty.io.netty.channel.nio.NioEventLoop.processSelectedKeysOptimized(NioEventLoop.java:579)
	at org.apache.ratis.thirdparty.io.netty.channel.nio.NioEventLoop.processSelectedKeys(NioEventLoop.java:496)
	at org.apache.ratis.thirdparty.io.netty.channel.nio.NioEventLoop.run(NioEventLoop.java:458)
	at org.apache.ratis.thirdparty.io.netty.util.concurrent.SingleThreadEventExecutor$5.run(SingleThreadEventExecutor.java:897)
	at org.apache.ratis.thirdparty.io.netty.util.concurrent.FastThreadLocalRunnable.run(FastThreadLocalRunnable.java:30)
	... 1 more
Caused by: java.net.ConnectException: Connection refused
	... 11 more
2019-09-27 09:25:58,789 [002bed63-9761-4b9f-9eba-a6bdbdfe34b9@group-827F9F9FA464:LeaderElection158] INFO  impl.LeaderElection (LogUtils.java:infoOrTrace(149)) - 002bed63-9761-4b9f-9eba-a6bdbdfe34b9@group-827F9F9FA464:LeaderElection158 got exception when requesting votes: {}
java.util.concurrent.ExecutionException: org.apache.ratis.thirdparty.io.grpc.StatusRuntimeException: UNAVAILABLE: io exception
	at java.util.concurrent.FutureTask.report(FutureTask.java:122)
	at java.util.concurrent.FutureTask.get(FutureTask.java:192)
	at org.apache.ratis.server.impl.LeaderElection.waitForResults(LeaderElection.java:263)
	at org.apache.ratis.server.impl.LeaderElection.askForVotes(LeaderElection.java:201)
	at org.apache.ratis.server.impl.LeaderElection.run(LeaderElection.java:133)
	at java.lang.Thread.run(Thread.java:748)
Caused by: org.apache.ratis.thirdparty.io.grpc.StatusRuntimeException: UNAVAILABLE: io exception
	at org.apache.ratis.thirdparty.io.grpc.stub.ClientCalls.toStatusRuntimeException(ClientCalls.java:233)
	at org.apache.ratis.thirdparty.io.grpc.stub.ClientCalls.getUnchecked(ClientCalls.java:214)
	at org.apache.ratis.thirdparty.io.grpc.stub.ClientCalls.blockingUnaryCall(ClientCalls.java:139)
	at org.apache.ratis.proto.grpc.RaftServerProtocolServiceGrpc$RaftServerProtocolServiceBlockingStub.requestVote(RaftServerProtocolServiceGrpc.java:265)
	at org.apache.ratis.grpc.server.GrpcServerProtocolClient.requestVote(GrpcServerProtocolClient.java:90)
	at org.apache.ratis.grpc.server.GrpcService.requestVote(GrpcService.java:204)
	at org.apache.ratis.server.impl.LeaderElection.lambda$submitRequests$1(LeaderElection.java:238)
	at java.util.concurrent.FutureTask.run(FutureTask.java:266)
	at java.util.concurrent.Executors$RunnableAdapter.call(Executors.java:511)
	at java.util.concurrent.FutureTask.run(FutureTask.java:266)
	at java.util.concurrent.ThreadPoolExecutor.runWorker(ThreadPoolExecutor.java:1149)
	at java.util.concurrent.ThreadPoolExecutor$Worker.run(ThreadPoolExecutor.java:624)
	... 1 more
Caused by: org.apache.ratis.thirdparty.io.netty.channel.AbstractChannel$AnnotatedConnectException: Connection refused: /192.168.151.103:39788
	at sun.nio.ch.SocketChannelImpl.checkConnect(Native Method)
	at sun.nio.ch.SocketChannelImpl.finishConnect(SocketChannelImpl.java:717)
	at org.apache.ratis.thirdparty.io.netty.channel.socket.nio.NioSocketChannel.doFinishConnect(NioSocketChannel.java:327)
	at org.apache.ratis.thirdparty.io.netty.channel.nio.AbstractNioChannel$AbstractNioUnsafe.finishConnect(AbstractNioChannel.java:340)
	at org.apache.ratis.thirdparty.io.netty.channel.nio.NioEventLoop.processSelectedKey(NioEventLoop.java:632)
	at org.apache.ratis.thirdparty.io.netty.channel.nio.NioEventLoop.processSelectedKeysOptimized(NioEventLoop.java:579)
	at org.apache.ratis.thirdparty.io.netty.channel.nio.NioEventLoop.processSelectedKeys(NioEventLoop.java:496)
	at org.apache.ratis.thirdparty.io.netty.channel.nio.NioEventLoop.run(NioEventLoop.java:458)
	at org.apache.ratis.thirdparty.io.netty.util.concurrent.SingleThreadEventExecutor$5.run(SingleThreadEventExecutor.java:897)
	at org.apache.ratis.thirdparty.io.netty.util.concurrent.FastThreadLocalRunnable.run(FastThreadLocalRunnable.java:30)
	... 1 more
Caused by: java.net.ConnectException: Connection refused
	... 11 more
2019-09-27 09:25:58,790 [002bed63-9761-4b9f-9eba-a6bdbdfe34b9@group-827F9F9FA464:LeaderElection158] INFO  impl.LeaderElection (LeaderElection.java:logAndReturn(56)) - 002bed63-9761-4b9f-9eba-a6bdbdfe34b9@group-827F9F9FA464:LeaderElection158: Election REJECTED; received 0 response(s) [] and 2 exception(s); 002bed63-9761-4b9f-9eba-a6bdbdfe34b9@group-827F9F9FA464:t7, leader=null, voted=002bed63-9761-4b9f-9eba-a6bdbdfe34b9, raftlog=002bed63-9761-4b9f-9eba-a6bdbdfe34b9@group-827F9F9FA464-SegmentedRaftLog:OPENED:c0,f0,i0, conf=0: [923630be-6089-4454-ada8-343910becadd:192.168.151.103:41127, 48a73947-ad36-4a89-bdb8-df91e6dae885:192.168.151.103:39788, 002bed63-9761-4b9f-9eba-a6bdbdfe34b9:192.168.151.103:43508], old=null
2019-09-27 09:25:58,790 [002bed63-9761-4b9f-9eba-a6bdbdfe34b9@group-827F9F9FA464:LeaderElection158] INFO  impl.LeaderElection (LogUtils.java:infoOrTrace(149)) -   Exception 0: {}
java.util.concurrent.ExecutionException: org.apache.ratis.thirdparty.io.grpc.StatusRuntimeException: UNAVAILABLE: io exception
	at java.util.concurrent.FutureTask.report(FutureTask.java:122)
	at java.util.concurrent.FutureTask.get(FutureTask.java:192)
	at org.apache.ratis.server.impl.LeaderElection.waitForResults(LeaderElection.java:263)
	at org.apache.ratis.server.impl.LeaderElection.askForVotes(LeaderElection.java:201)
	at org.apache.ratis.server.impl.LeaderElection.run(LeaderElection.java:133)
	at java.lang.Thread.run(Thread.java:748)
Caused by: org.apache.ratis.thirdparty.io.grpc.StatusRuntimeException: UNAVAILABLE: io exception
	at org.apache.ratis.thirdparty.io.grpc.stub.ClientCalls.toStatusRuntimeException(ClientCalls.java:233)
	at org.apache.ratis.thirdparty.io.grpc.stub.ClientCalls.getUnchecked(ClientCalls.java:214)
	at org.apache.ratis.thirdparty.io.grpc.stub.ClientCalls.blockingUnaryCall(ClientCalls.java:139)
	at org.apache.ratis.proto.grpc.RaftServerProtocolServiceGrpc$RaftServerProtocolServiceBlockingStub.requestVote(RaftServerProtocolServiceGrpc.java:265)
	at org.apache.ratis.grpc.server.GrpcServerProtocolClient.requestVote(GrpcServerProtocolClient.java:90)
	at org.apache.ratis.grpc.server.GrpcService.requestVote(GrpcService.java:204)
	at org.apache.ratis.server.impl.LeaderElection.lambda$submitRequests$1(LeaderElection.java:238)
	at java.util.concurrent.FutureTask.run(FutureTask.java:266)
	at java.util.concurrent.Executors$RunnableAdapter.call(Executors.java:511)
	at java.util.concurrent.FutureTask.run(FutureTask.java:266)
	at java.util.concurrent.ThreadPoolExecutor.runWorker(ThreadPoolExecutor.java:1149)
	at java.util.concurrent.ThreadPoolExecutor$Worker.run(ThreadPoolExecutor.java:624)
	... 1 more
Caused by: org.apache.ratis.thirdparty.io.netty.channel.AbstractChannel$AnnotatedConnectException: Connection refused: /192.168.151.103:41127
	at sun.nio.ch.SocketChannelImpl.checkConnect(Native Method)
	at sun.nio.ch.SocketChannelImpl.finishConnect(SocketChannelImpl.java:717)
	at org.apache.ratis.thirdparty.io.netty.channel.socket.nio.NioSocketChannel.doFinishConnect(NioSocketChannel.java:327)
	at org.apache.ratis.thirdparty.io.netty.channel.nio.AbstractNioChannel$AbstractNioUnsafe.finishConnect(AbstractNioChannel.java:340)
	at org.apache.ratis.thirdparty.io.netty.channel.nio.NioEventLoop.processSelectedKey(NioEventLoop.java:632)
	at org.apache.ratis.thirdparty.io.netty.channel.nio.NioEventLoop.processSelectedKeysOptimized(NioEventLoop.java:579)
	at org.apache.ratis.thirdparty.io.netty.channel.nio.NioEventLoop.processSelectedKeys(NioEventLoop.java:496)
	at org.apache.ratis.thirdparty.io.netty.channel.nio.NioEventLoop.run(NioEventLoop.java:458)
	at org.apache.ratis.thirdparty.io.netty.util.concurrent.SingleThreadEventExecutor$5.run(SingleThreadEventExecutor.java:897)
	at org.apache.ratis.thirdparty.io.netty.util.concurrent.FastThreadLocalRunnable.run(FastThreadLocalRunnable.java:30)
	... 1 more
Caused by: java.net.ConnectException: Connection refused
	... 11 more
2019-09-27 09:25:58,790 [002bed63-9761-4b9f-9eba-a6bdbdfe34b9@group-827F9F9FA464:LeaderElection158] INFO  impl.LeaderElection (LogUtils.java:infoOrTrace(149)) -   Exception 1: {}
java.util.concurrent.ExecutionException: org.apache.ratis.thirdparty.io.grpc.StatusRuntimeException: UNAVAILABLE: io exception
	at java.util.concurrent.FutureTask.report(FutureTask.java:122)
	at java.util.concurrent.FutureTask.get(FutureTask.java:192)
	at org.apache.ratis.server.impl.LeaderElection.waitForResults(LeaderElection.java:263)
	at org.apache.ratis.server.impl.LeaderElection.askForVotes(LeaderElection.java:201)
	at org.apache.ratis.server.impl.LeaderElection.run(LeaderElection.java:133)
	at java.lang.Thread.run(Thread.java:748)
Caused by: org.apache.ratis.thirdparty.io.grpc.StatusRuntimeException: UNAVAILABLE: io exception
	at org.apache.ratis.thirdparty.io.grpc.stub.ClientCalls.toStatusRuntimeException(ClientCalls.java:233)
	at org.apache.ratis.thirdparty.io.grpc.stub.ClientCalls.getUnchecked(ClientCalls.java:214)
	at org.apache.ratis.thirdparty.io.grpc.stub.ClientCalls.blockingUnaryCall(ClientCalls.java:139)
	at org.apache.ratis.proto.grpc.RaftServerProtocolServiceGrpc$RaftServerProtocolServiceBlockingStub.requestVote(RaftServerProtocolServiceGrpc.java:265)
	at org.apache.ratis.grpc.server.GrpcServerProtocolClient.requestVote(GrpcServerProtocolClient.java:90)
	at org.apache.ratis.grpc.server.GrpcService.requestVote(GrpcService.java:204)
	at org.apache.ratis.server.impl.LeaderElection.lambda$submitRequests$1(LeaderElection.java:238)
	at java.util.concurrent.FutureTask.run(FutureTask.java:266)
	at java.util.concurrent.Executors$RunnableAdapter.call(Executors.java:511)
	at java.util.concurrent.FutureTask.run(FutureTask.java:266)
	at java.util.concurrent.ThreadPoolExecutor.runWorker(ThreadPoolExecutor.java:1149)
	at java.util.concurrent.ThreadPoolExecutor$Worker.run(ThreadPoolExecutor.java:624)
	... 1 more
Caused by: org.apache.ratis.thirdparty.io.netty.channel.AbstractChannel$AnnotatedConnectException: Connection refused: /192.168.151.103:39788
	at sun.nio.ch.SocketChannelImpl.checkConnect(Native Method)
	at sun.nio.ch.SocketChannelImpl.finishConnect(SocketChannelImpl.java:717)
	at org.apache.ratis.thirdparty.io.netty.channel.socket.nio.NioSocketChannel.doFinishConnect(NioSocketChannel.java:327)
	at org.apache.ratis.thirdparty.io.netty.channel.nio.AbstractNioChannel$AbstractNioUnsafe.finishConnect(AbstractNioChannel.java:340)
	at org.apache.ratis.thirdparty.io.netty.channel.nio.NioEventLoop.processSelectedKey(NioEventLoop.java:632)
	at org.apache.ratis.thirdparty.io.netty.channel.nio.NioEventLoop.processSelectedKeysOptimized(NioEventLoop.java:579)
	at org.apache.ratis.thirdparty.io.netty.channel.nio.NioEventLoop.processSelectedKeys(NioEventLoop.java:496)
	at org.apache.ratis.thirdparty.io.netty.channel.nio.NioEventLoop.run(NioEventLoop.java:458)
	at org.apache.ratis.thirdparty.io.netty.util.concurrent.SingleThreadEventExecutor$5.run(SingleThreadEventExecutor.java:897)
	at org.apache.ratis.thirdparty.io.netty.util.concurrent.FastThreadLocalRunnable.run(FastThreadLocalRunnable.java:30)
	... 1 more
Caused by: java.net.ConnectException: Connection refused
	... 11 more
2019-09-27 09:25:58,790 [002bed63-9761-4b9f-9eba-a6bdbdfe34b9@group-827F9F9FA464:LeaderElection158] INFO  impl.RaftServerImpl (RaftServerImpl.java:setRole(174)) - 002bed63-9761-4b9f-9eba-a6bdbdfe34b9@group-827F9F9FA464: changes role from CANDIDATE to FOLLOWER at term 7 for DISCOVERED_A_NEW_TERM
2019-09-27 09:25:58,790 [002bed63-9761-4b9f-9eba-a6bdbdfe34b9@group-827F9F9FA464:LeaderElection158] INFO  impl.RoleInfo (RoleInfo.java:shutdownLeaderElection(134)) - 002bed63-9761-4b9f-9eba-a6bdbdfe34b9: shutdown LeaderElection
2019-09-27 09:25:58,790 [002bed63-9761-4b9f-9eba-a6bdbdfe34b9@group-827F9F9FA464:LeaderElection158] INFO  impl.RoleInfo (RoleInfo.java:updateAndGet(143)) - 002bed63-9761-4b9f-9eba-a6bdbdfe34b9: start FollowerState
2019-09-27 09:25:59,042 [grpc-default-executor-1] WARN  server.GrpcLogAppender (LogUtils.java:warn(134)) - 391bbd77-e270-498a-b344-18095c6f1940@group-49BF442FE5BA->42a6dc71-468f-4bda-a1ef-3415db0682d5-AppendLogResponseHandler: Failed appendEntries: org.apache.ratis.thirdparty.io.grpc.StatusRuntimeException: UNAVAILABLE: io exception
2019-09-27 09:25:59,042 [grpc-default-executor-1] INFO  impl.FollowerInfo (FollowerInfo.java:lambda$new$0(51)) - 391bbd77-e270-498a-b344-18095c6f1940@group-49BF442FE5BA->42a6dc71-468f-4bda-a1ef-3415db0682d5: nextIndex: updateUnconditionally 0 -> 0
2019-09-27 09:25:59,185 [Thread-8234] INFO  impl.FollowerState (FollowerState.java:run(106)) - c1dc816a-002e-4190-8c4b-03368fc83464:group-CB4EA96F2AAE changes to CANDIDATE, lastRpcTime:1833, electionTimeout:1186ms
2019-09-27 09:25:59,185 [Thread-8234] INFO  impl.RoleInfo (RoleInfo.java:shutdownFollowerState(121)) - c1dc816a-002e-4190-8c4b-03368fc83464: shutdown FollowerState
2019-09-27 09:25:59,185 [Thread-8234] INFO  impl.RaftServerImpl (RaftServerImpl.java:setRole(174)) - c1dc816a-002e-4190-8c4b-03368fc83464@group-CB4EA96F2AAE: changes role from  FOLLOWER to CANDIDATE at term 2 for changeToCandidate
2019-09-27 09:25:59,185 [Thread-8234] INFO  impl.RoleInfo (RoleInfo.java:updateAndGet(143)) - c1dc816a-002e-4190-8c4b-03368fc83464: start LeaderElection
2019-09-27 09:25:59,186 [c1dc816a-002e-4190-8c4b-03368fc83464@group-CB4EA96F2AAE:LeaderElection159] INFO  impl.RaftServerImpl (ServerState.java:setLeader(253)) - c1dc816a-002e-4190-8c4b-03368fc83464@group-CB4EA96F2AAE: change Leader from 513ea752-2bb4-4e9d-94cf-0dce8d7e1b31 to null at term 2 for initElection
2019-09-27 09:25:59,199 [c1dc816a-002e-4190-8c4b-03368fc83464@group-CB4EA96F2AAE:LeaderElection159] INFO  impl.LeaderElection (LeaderElection.java:askForVotes(182)) - c1dc816a-002e-4190-8c4b-03368fc83464@group-CB4EA96F2AAE:LeaderElection159: begin an election at term 3 for 0: [c1dc816a-002e-4190-8c4b-03368fc83464:192.168.151.103:35476, 03814bdb-c6b3-415d-8615-039e811c0048:192.168.151.103:40137, 513ea752-2bb4-4e9d-94cf-0dce8d7e1b31:192.168.151.103:39440], old=null
2019-09-27 09:25:59,201 [c1dc816a-002e-4190-8c4b-03368fc83464@group-CB4EA96F2AAE:LeaderElection159] INFO  impl.LeaderElection (LogUtils.java:infoOrTrace(149)) - c1dc816a-002e-4190-8c4b-03368fc83464@group-CB4EA96F2AAE:LeaderElection159 got exception when requesting votes: {}
java.util.concurrent.ExecutionException: org.apache.ratis.thirdparty.io.grpc.StatusRuntimeException: UNAVAILABLE: io exception
	at java.util.concurrent.FutureTask.report(FutureTask.java:122)
	at java.util.concurrent.FutureTask.get(FutureTask.java:192)
	at org.apache.ratis.server.impl.LeaderElection.waitForResults(LeaderElection.java:263)
	at org.apache.ratis.server.impl.LeaderElection.askForVotes(LeaderElection.java:201)
	at org.apache.ratis.server.impl.LeaderElection.run(LeaderElection.java:133)
	at java.lang.Thread.run(Thread.java:748)
Caused by: org.apache.ratis.thirdparty.io.grpc.StatusRuntimeException: UNAVAILABLE: io exception
	at org.apache.ratis.thirdparty.io.grpc.stub.ClientCalls.toStatusRuntimeException(ClientCalls.java:233)
	at org.apache.ratis.thirdparty.io.grpc.stub.ClientCalls.getUnchecked(ClientCalls.java:214)
	at org.apache.ratis.thirdparty.io.grpc.stub.ClientCalls.blockingUnaryCall(ClientCalls.java:139)
	at org.apache.ratis.proto.grpc.RaftServerProtocolServiceGrpc$RaftServerProtocolServiceBlockingStub.requestVote(RaftServerProtocolServiceGrpc.java:265)
	at org.apache.ratis.grpc.server.GrpcServerProtocolClient.requestVote(GrpcServerProtocolClient.java:90)
	at org.apache.ratis.grpc.server.GrpcService.requestVote(GrpcService.java:204)
	at org.apache.ratis.server.impl.LeaderElection.lambda$submitRequests$1(LeaderElection.java:238)
	at java.util.concurrent.FutureTask.run(FutureTask.java:266)
	at java.util.concurrent.Executors$RunnableAdapter.call(Executors.java:511)
	at java.util.concurrent.FutureTask.run(FutureTask.java:266)
	at java.util.concurrent.ThreadPoolExecutor.runWorker(ThreadPoolExecutor.java:1149)
	at java.util.concurrent.ThreadPoolExecutor$Worker.run(ThreadPoolExecutor.java:624)
	... 1 more
Caused by: org.apache.ratis.thirdparty.io.netty.channel.AbstractChannel$AnnotatedConnectException: Connection refused: /192.168.151.103:40137
	at sun.nio.ch.SocketChannelImpl.checkConnect(Native Method)
	at sun.nio.ch.SocketChannelImpl.finishConnect(SocketChannelImpl.java:717)
	at org.apache.ratis.thirdparty.io.netty.channel.socket.nio.NioSocketChannel.doFinishConnect(NioSocketChannel.java:327)
	at org.apache.ratis.thirdparty.io.netty.channel.nio.AbstractNioChannel$AbstractNioUnsafe.finishConnect(AbstractNioChannel.java:340)
	at org.apache.ratis.thirdparty.io.netty.channel.nio.NioEventLoop.processSelectedKey(NioEventLoop.java:632)
	at org.apache.ratis.thirdparty.io.netty.channel.nio.NioEventLoop.processSelectedKeysOptimized(NioEventLoop.java:579)
	at org.apache.ratis.thirdparty.io.netty.channel.nio.NioEventLoop.processSelectedKeys(NioEventLoop.java:496)
	at org.apache.ratis.thirdparty.io.netty.channel.nio.NioEventLoop.run(NioEventLoop.java:458)
	at org.apache.ratis.thirdparty.io.netty.util.concurrent.SingleThreadEventExecutor$5.run(SingleThreadEventExecutor.java:897)
	at org.apache.ratis.thirdparty.io.netty.util.concurrent.FastThreadLocalRunnable.run(FastThreadLocalRunnable.java:30)
	... 1 more
Caused by: java.net.ConnectException: Connection refused
	... 11 more
2019-09-27 09:25:59,201 [c1dc816a-002e-4190-8c4b-03368fc83464@group-CB4EA96F2AAE:LeaderElection159] INFO  impl.LeaderElection (LogUtils.java:infoOrTrace(149)) - c1dc816a-002e-4190-8c4b-03368fc83464@group-CB4EA96F2AAE:LeaderElection159 got exception when requesting votes: {}
java.util.concurrent.ExecutionException: org.apache.ratis.thirdparty.io.grpc.StatusRuntimeException: UNAVAILABLE: io exception
	at java.util.concurrent.FutureTask.report(FutureTask.java:122)
	at java.util.concurrent.FutureTask.get(FutureTask.java:192)
	at org.apache.ratis.server.impl.LeaderElection.waitForResults(LeaderElection.java:263)
	at org.apache.ratis.server.impl.LeaderElection.askForVotes(LeaderElection.java:201)
	at org.apache.ratis.server.impl.LeaderElection.run(LeaderElection.java:133)
	at java.lang.Thread.run(Thread.java:748)
Caused by: org.apache.ratis.thirdparty.io.grpc.StatusRuntimeException: UNAVAILABLE: io exception
	at org.apache.ratis.thirdparty.io.grpc.stub.ClientCalls.toStatusRuntimeException(ClientCalls.java:233)
	at org.apache.ratis.thirdparty.io.grpc.stub.ClientCalls.getUnchecked(ClientCalls.java:214)
	at org.apache.ratis.thirdparty.io.grpc.stub.ClientCalls.blockingUnaryCall(ClientCalls.java:139)
	at org.apache.ratis.proto.grpc.RaftServerProtocolServiceGrpc$RaftServerProtocolServiceBlockingStub.requestVote(RaftServerProtocolServiceGrpc.java:265)
	at org.apache.ratis.grpc.server.GrpcServerProtocolClient.requestVote(GrpcServerProtocolClient.java:90)
	at org.apache.ratis.grpc.server.GrpcService.requestVote(GrpcService.java:204)
	at org.apache.ratis.server.impl.LeaderElection.lambda$submitRequests$1(LeaderElection.java:238)
	at java.util.concurrent.FutureTask.run(FutureTask.java:266)
	at java.util.concurrent.Executors$RunnableAdapter.call(Executors.java:511)
	at java.util.concurrent.FutureTask.run(FutureTask.java:266)
	at java.util.concurrent.ThreadPoolExecutor.runWorker(ThreadPoolExecutor.java:1149)
	at java.util.concurrent.ThreadPoolExecutor$Worker.run(ThreadPoolExecutor.java:624)
	... 1 more
Caused by: org.apache.ratis.thirdparty.io.netty.channel.AbstractChannel$AnnotatedConnectException: Connection refused: /192.168.151.103:39440
	at sun.nio.ch.SocketChannelImpl.checkConnect(Native Method)
	at sun.nio.ch.SocketChannelImpl.finishConnect(SocketChannelImpl.java:717)
	at org.apache.ratis.thirdparty.io.netty.channel.socket.nio.NioSocketChannel.doFinishConnect(NioSocketChannel.java:327)
	at org.apache.ratis.thirdparty.io.netty.channel.nio.AbstractNioChannel$AbstractNioUnsafe.finishConnect(AbstractNioChannel.java:340)
	at org.apache.ratis.thirdparty.io.netty.channel.nio.NioEventLoop.processSelectedKey(NioEventLoop.java:632)
	at org.apache.ratis.thirdparty.io.netty.channel.nio.NioEventLoop.processSelectedKeysOptimized(NioEventLoop.java:579)
	at org.apache.ratis.thirdparty.io.netty.channel.nio.NioEventLoop.processSelectedKeys(NioEventLoop.java:496)
	at org.apache.ratis.thirdparty.io.netty.channel.nio.NioEventLoop.run(NioEventLoop.java:458)
	at org.apache.ratis.thirdparty.io.netty.util.concurrent.SingleThreadEventExecutor$5.run(SingleThreadEventExecutor.java:897)
	at org.apache.ratis.thirdparty.io.netty.util.concurrent.FastThreadLocalRunnable.run(FastThreadLocalRunnable.java:30)
	... 1 more
Caused by: java.net.ConnectException: Connection refused
	... 11 more
2019-09-27 09:25:59,201 [c1dc816a-002e-4190-8c4b-03368fc83464@group-CB4EA96F2AAE:LeaderElection159] INFO  impl.LeaderElection (LeaderElection.java:logAndReturn(56)) - c1dc816a-002e-4190-8c4b-03368fc83464@group-CB4EA96F2AAE:LeaderElection159: Election REJECTED; received 0 response(s) [] and 2 exception(s); c1dc816a-002e-4190-8c4b-03368fc83464@group-CB4EA96F2AAE:t3, leader=null, voted=c1dc816a-002e-4190-8c4b-03368fc83464, raftlog=c1dc816a-002e-4190-8c4b-03368fc83464@group-CB4EA96F2AAE-SegmentedRaftLog:OPENED:c0,f0,i0, conf=0: [c1dc816a-002e-4190-8c4b-03368fc83464:192.168.151.103:35476, 03814bdb-c6b3-415d-8615-039e811c0048:192.168.151.103:40137, 513ea752-2bb4-4e9d-94cf-0dce8d7e1b31:192.168.151.103:39440], old=null
2019-09-27 09:25:59,202 [c1dc816a-002e-4190-8c4b-03368fc83464@group-CB4EA96F2AAE:LeaderElection159] INFO  impl.LeaderElection (LogUtils.java:infoOrTrace(149)) -   Exception 0: {}
java.util.concurrent.ExecutionException: org.apache.ratis.thirdparty.io.grpc.StatusRuntimeException: UNAVAILABLE: io exception
	at java.util.concurrent.FutureTask.report(FutureTask.java:122)
	at java.util.concurrent.FutureTask.get(FutureTask.java:192)
	at org.apache.ratis.server.impl.LeaderElection.waitForResults(LeaderElection.java:263)
	at org.apache.ratis.server.impl.LeaderElection.askForVotes(LeaderElection.java:201)
	at org.apache.ratis.server.impl.LeaderElection.run(LeaderElection.java:133)
	at java.lang.Thread.run(Thread.java:748)
Caused by: org.apache.ratis.thirdparty.io.grpc.StatusRuntimeException: UNAVAILABLE: io exception
	at org.apache.ratis.thirdparty.io.grpc.stub.ClientCalls.toStatusRuntimeException(ClientCalls.java:233)
	at org.apache.ratis.thirdparty.io.grpc.stub.ClientCalls.getUnchecked(ClientCalls.java:214)
	at org.apache.ratis.thirdparty.io.grpc.stub.ClientCalls.blockingUnaryCall(ClientCalls.java:139)
	at org.apache.ratis.proto.grpc.RaftServerProtocolServiceGrpc$RaftServerProtocolServiceBlockingStub.requestVote(RaftServerProtocolServiceGrpc.java:265)
	at org.apache.ratis.grpc.server.GrpcServerProtocolClient.requestVote(GrpcServerProtocolClient.java:90)
	at org.apache.ratis.grpc.server.GrpcService.requestVote(GrpcService.java:204)
	at org.apache.ratis.server.impl.LeaderElection.lambda$submitRequests$1(LeaderElection.java:238)
	at java.util.concurrent.FutureTask.run(FutureTask.java:266)
	at java.util.concurrent.Executors$RunnableAdapter.call(Executors.java:511)
	at java.util.concurrent.FutureTask.run(FutureTask.java:266)
	at java.util.concurrent.ThreadPoolExecutor.runWorker(ThreadPoolExecutor.java:1149)
	at java.util.concurrent.ThreadPoolExecutor$Worker.run(ThreadPoolExecutor.java:624)
	... 1 more
Caused by: org.apache.ratis.thirdparty.io.netty.channel.AbstractChannel$AnnotatedConnectException: Connection refused: /192.168.151.103:40137
	at sun.nio.ch.SocketChannelImpl.checkConnect(Native Method)
	at sun.nio.ch.SocketChannelImpl.finishConnect(SocketChannelImpl.java:717)
	at org.apache.ratis.thirdparty.io.netty.channel.socket.nio.NioSocketChannel.doFinishConnect(NioSocketChannel.java:327)
	at org.apache.ratis.thirdparty.io.netty.channel.nio.AbstractNioChannel$AbstractNioUnsafe.finishConnect(AbstractNioChannel.java:340)
	at org.apache.ratis.thirdparty.io.netty.channel.nio.NioEventLoop.processSelectedKey(NioEventLoop.java:632)
	at org.apache.ratis.thirdparty.io.netty.channel.nio.NioEventLoop.processSelectedKeysOptimized(NioEventLoop.java:579)
	at org.apache.ratis.thirdparty.io.netty.channel.nio.NioEventLoop.processSelectedKeys(NioEventLoop.java:496)
	at org.apache.ratis.thirdparty.io.netty.channel.nio.NioEventLoop.run(NioEventLoop.java:458)
	at org.apache.ratis.thirdparty.io.netty.util.concurrent.SingleThreadEventExecutor$5.run(SingleThreadEventExecutor.java:897)
	at org.apache.ratis.thirdparty.io.netty.util.concurrent.FastThreadLocalRunnable.run(FastThreadLocalRunnable.java:30)
	... 1 more
Caused by: java.net.ConnectException: Connection refused
	... 11 more
2019-09-27 09:25:59,202 [c1dc816a-002e-4190-8c4b-03368fc83464@group-CB4EA96F2AAE:LeaderElection159] INFO  impl.LeaderElection (LogUtils.java:infoOrTrace(149)) -   Exception 1: {}
java.util.concurrent.ExecutionException: org.apache.ratis.thirdparty.io.grpc.StatusRuntimeException: UNAVAILABLE: io exception
	at java.util.concurrent.FutureTask.report(FutureTask.java:122)
	at java.util.concurrent.FutureTask.get(FutureTask.java:192)
	at org.apache.ratis.server.impl.LeaderElection.waitForResults(LeaderElection.java:263)
	at org.apache.ratis.server.impl.LeaderElection.askForVotes(LeaderElection.java:201)
	at org.apache.ratis.server.impl.LeaderElection.run(LeaderElection.java:133)
	at java.lang.Thread.run(Thread.java:748)
Caused by: org.apache.ratis.thirdparty.io.grpc.StatusRuntimeException: UNAVAILABLE: io exception
	at org.apache.ratis.thirdparty.io.grpc.stub.ClientCalls.toStatusRuntimeException(ClientCalls.java:233)
	at org.apache.ratis.thirdparty.io.grpc.stub.ClientCalls.getUnchecked(ClientCalls.java:214)
	at org.apache.ratis.thirdparty.io.grpc.stub.ClientCalls.blockingUnaryCall(ClientCalls.java:139)
	at org.apache.ratis.proto.grpc.RaftServerProtocolServiceGrpc$RaftServerProtocolServiceBlockingStub.requestVote(RaftServerProtocolServiceGrpc.java:265)
	at org.apache.ratis.grpc.server.GrpcServerProtocolClient.requestVote(GrpcServerProtocolClient.java:90)
	at org.apache.ratis.grpc.server.GrpcService.requestVote(GrpcService.java:204)
	at org.apache.ratis.server.impl.LeaderElection.lambda$submitRequests$1(LeaderElection.java:238)
	at java.util.concurrent.FutureTask.run(FutureTask.java:266)
	at java.util.concurrent.Executors$RunnableAdapter.call(Executors.java:511)
	at java.util.concurrent.FutureTask.run(FutureTask.java:266)
	at java.util.concurrent.ThreadPoolExecutor.runWorker(ThreadPoolExecutor.java:1149)
	at java.util.concurrent.ThreadPoolExecutor$Worker.run(ThreadPoolExecutor.java:624)
	... 1 more
Caused by: org.apache.ratis.thirdparty.io.netty.channel.AbstractChannel$AnnotatedConnectException: Connection refused: /192.168.151.103:39440
	at sun.nio.ch.SocketChannelImpl.checkConnect(Native Method)
	at sun.nio.ch.SocketChannelImpl.finishConnect(SocketChannelImpl.java:717)
	at org.apache.ratis.thirdparty.io.netty.channel.socket.nio.NioSocketChannel.doFinishConnect(NioSocketChannel.java:327)
	at org.apache.ratis.thirdparty.io.netty.channel.nio.AbstractNioChannel$AbstractNioUnsafe.finishConnect(AbstractNioChannel.java:340)
	at org.apache.ratis.thirdparty.io.netty.channel.nio.NioEventLoop.processSelectedKey(NioEventLoop.java:632)
	at org.apache.ratis.thirdparty.io.netty.channel.nio.NioEventLoop.processSelectedKeysOptimized(NioEventLoop.java:579)
	at org.apache.ratis.thirdparty.io.netty.channel.nio.NioEventLoop.processSelectedKeys(NioEventLoop.java:496)
	at org.apache.ratis.thirdparty.io.netty.channel.nio.NioEventLoop.run(NioEventLoop.java:458)
	at org.apache.ratis.thirdparty.io.netty.util.concurrent.SingleThreadEventExecutor$5.run(SingleThreadEventExecutor.java:897)
	at org.apache.ratis.thirdparty.io.netty.util.concurrent.FastThreadLocalRunnable.run(FastThreadLocalRunnable.java:30)
	... 1 more
Caused by: java.net.ConnectException: Connection refused
	... 11 more
2019-09-27 09:25:59,202 [c1dc816a-002e-4190-8c4b-03368fc83464@group-CB4EA96F2AAE:LeaderElection159] INFO  impl.RaftServerImpl (RaftServerImpl.java:setRole(174)) - c1dc816a-002e-4190-8c4b-03368fc83464@group-CB4EA96F2AAE: changes role from CANDIDATE to FOLLOWER at term 3 for DISCOVERED_A_NEW_TERM
2019-09-27 09:25:59,202 [c1dc816a-002e-4190-8c4b-03368fc83464@group-CB4EA96F2AAE:LeaderElection159] INFO  impl.RoleInfo (RoleInfo.java:shutdownLeaderElection(134)) - c1dc816a-002e-4190-8c4b-03368fc83464: shutdown LeaderElection
2019-09-27 09:25:59,202 [c1dc816a-002e-4190-8c4b-03368fc83464@group-CB4EA96F2AAE:LeaderElection159] INFO  impl.RoleInfo (RoleInfo.java:updateAndGet(143)) - c1dc816a-002e-4190-8c4b-03368fc83464: start FollowerState
2019-09-27 09:25:59,542 [grpc-default-executor-5] WARN  server.GrpcLogAppender (LogUtils.java:warn(134)) - 391bbd77-e270-498a-b344-18095c6f1940@group-49BF442FE5BA->42a6dc71-468f-4bda-a1ef-3415db0682d5-AppendLogResponseHandler: Failed appendEntries: org.apache.ratis.thirdparty.io.grpc.StatusRuntimeException: UNAVAILABLE: io exception
2019-09-27 09:25:59,542 [grpc-default-executor-5] INFO  impl.FollowerInfo (FollowerInfo.java:lambda$new$0(51)) - 391bbd77-e270-498a-b344-18095c6f1940@group-49BF442FE5BA->42a6dc71-468f-4bda-a1ef-3415db0682d5: nextIndex: updateUnconditionally 0 -> 0
2019-09-27 09:25:59,829 [Thread-9715] INFO  impl.FollowerState (FollowerState.java:run(106)) - 002bed63-9761-4b9f-9eba-a6bdbdfe34b9:group-827F9F9FA464 changes to CANDIDATE, lastRpcTime:1038, electionTimeout:1038ms
2019-09-27 09:25:59,829 [Thread-9715] INFO  impl.RoleInfo (RoleInfo.java:shutdownFollowerState(121)) - 002bed63-9761-4b9f-9eba-a6bdbdfe34b9: shutdown FollowerState
2019-09-27 09:25:59,829 [Thread-9715] INFO  impl.RaftServerImpl (RaftServerImpl.java:setRole(174)) - 002bed63-9761-4b9f-9eba-a6bdbdfe34b9@group-827F9F9FA464: changes role from  FOLLOWER to CANDIDATE at term 7 for changeToCandidate
2019-09-27 09:25:59,829 [Thread-9715] INFO  impl.RoleInfo (RoleInfo.java:updateAndGet(143)) - 002bed63-9761-4b9f-9eba-a6bdbdfe34b9: start LeaderElection
2019-09-27 09:25:59,843 [002bed63-9761-4b9f-9eba-a6bdbdfe34b9@group-827F9F9FA464:LeaderElection160] INFO  impl.LeaderElection (LeaderElection.java:askForVotes(182)) - 002bed63-9761-4b9f-9eba-a6bdbdfe34b9@group-827F9F9FA464:LeaderElection160: begin an election at term 8 for 0: [923630be-6089-4454-ada8-343910becadd:192.168.151.103:41127, 48a73947-ad36-4a89-bdb8-df91e6dae885:192.168.151.103:39788, 002bed63-9761-4b9f-9eba-a6bdbdfe34b9:192.168.151.103:43508], old=null
2019-09-27 09:25:59,844 [002bed63-9761-4b9f-9eba-a6bdbdfe34b9@group-827F9F9FA464:LeaderElection160] INFO  impl.LeaderElection (LogUtils.java:infoOrTrace(149)) - 002bed63-9761-4b9f-9eba-a6bdbdfe34b9@group-827F9F9FA464:LeaderElection160 got exception when requesting votes: {}
java.util.concurrent.ExecutionException: org.apache.ratis.thirdparty.io.grpc.StatusRuntimeException: UNAVAILABLE: io exception
	at java.util.concurrent.FutureTask.report(FutureTask.java:122)
	at java.util.concurrent.FutureTask.get(FutureTask.java:192)
	at org.apache.ratis.server.impl.LeaderElection.waitForResults(LeaderElection.java:263)
	at org.apache.ratis.server.impl.LeaderElection.askForVotes(LeaderElection.java:201)
	at org.apache.ratis.server.impl.LeaderElection.run(LeaderElection.java:133)
	at java.lang.Thread.run(Thread.java:748)
Caused by: org.apache.ratis.thirdparty.io.grpc.StatusRuntimeException: UNAVAILABLE: io exception
	at org.apache.ratis.thirdparty.io.grpc.stub.ClientCalls.toStatusRuntimeException(ClientCalls.java:233)
	at org.apache.ratis.thirdparty.io.grpc.stub.ClientCalls.getUnchecked(ClientCalls.java:214)
	at org.apache.ratis.thirdparty.io.grpc.stub.ClientCalls.blockingUnaryCall(ClientCalls.java:139)
	at org.apache.ratis.proto.grpc.RaftServerProtocolServiceGrpc$RaftServerProtocolServiceBlockingStub.requestVote(RaftServerProtocolServiceGrpc.java:265)
	at org.apache.ratis.grpc.server.GrpcServerProtocolClient.requestVote(GrpcServerProtocolClient.java:90)
	at org.apache.ratis.grpc.server.GrpcService.requestVote(GrpcService.java:204)
	at org.apache.ratis.server.impl.LeaderElection.lambda$submitRequests$1(LeaderElection.java:238)
	at java.util.concurrent.FutureTask.run(FutureTask.java:266)
	at java.util.concurrent.Executors$RunnableAdapter.call(Executors.java:511)
	at java.util.concurrent.FutureTask.run(FutureTask.java:266)
	at java.util.concurrent.ThreadPoolExecutor.runWorker(ThreadPoolExecutor.java:1149)
	at java.util.concurrent.ThreadPoolExecutor$Worker.run(ThreadPoolExecutor.java:624)
	... 1 more
Caused by: org.apache.ratis.thirdparty.io.netty.channel.AbstractChannel$AnnotatedConnectException: Connection refused: /192.168.151.103:41127
	at sun.nio.ch.SocketChannelImpl.checkConnect(Native Method)
	at sun.nio.ch.SocketChannelImpl.finishConnect(SocketChannelImpl.java:717)
	at org.apache.ratis.thirdparty.io.netty.channel.socket.nio.NioSocketChannel.doFinishConnect(NioSocketChannel.java:327)
	at org.apache.ratis.thirdparty.io.netty.channel.nio.AbstractNioChannel$AbstractNioUnsafe.finishConnect(AbstractNioChannel.java:340)
	at org.apache.ratis.thirdparty.io.netty.channel.nio.NioEventLoop.processSelectedKey(NioEventLoop.java:632)
	at org.apache.ratis.thirdparty.io.netty.channel.nio.NioEventLoop.processSelectedKeysOptimized(NioEventLoop.java:579)
	at org.apache.ratis.thirdparty.io.netty.channel.nio.NioEventLoop.processSelectedKeys(NioEventLoop.java:496)
	at org.apache.ratis.thirdparty.io.netty.channel.nio.NioEventLoop.run(NioEventLoop.java:458)
	at org.apache.ratis.thirdparty.io.netty.util.concurrent.SingleThreadEventExecutor$5.run(SingleThreadEventExecutor.java:897)
	at org.apache.ratis.thirdparty.io.netty.util.concurrent.FastThreadLocalRunnable.run(FastThreadLocalRunnable.java:30)
	... 1 more
Caused by: java.net.ConnectException: Connection refused
	... 11 more
2019-09-27 09:25:59,844 [002bed63-9761-4b9f-9eba-a6bdbdfe34b9@group-827F9F9FA464:LeaderElection160] INFO  impl.LeaderElection (LogUtils.java:infoOrTrace(149)) - 002bed63-9761-4b9f-9eba-a6bdbdfe34b9@group-827F9F9FA464:LeaderElection160 got exception when requesting votes: {}
java.util.concurrent.ExecutionException: org.apache.ratis.thirdparty.io.grpc.StatusRuntimeException: UNAVAILABLE: io exception
	at java.util.concurrent.FutureTask.report(FutureTask.java:122)
	at java.util.concurrent.FutureTask.get(FutureTask.java:192)
	at org.apache.ratis.server.impl.LeaderElection.waitForResults(LeaderElection.java:263)
	at org.apache.ratis.server.impl.LeaderElection.askForVotes(LeaderElection.java:201)
	at org.apache.ratis.server.impl.LeaderElection.run(LeaderElection.java:133)
	at java.lang.Thread.run(Thread.java:748)
Caused by: org.apache.ratis.thirdparty.io.grpc.StatusRuntimeException: UNAVAILABLE: io exception
	at org.apache.ratis.thirdparty.io.grpc.stub.ClientCalls.toStatusRuntimeException(ClientCalls.java:233)
	at org.apache.ratis.thirdparty.io.grpc.stub.ClientCalls.getUnchecked(ClientCalls.java:214)
	at org.apache.ratis.thirdparty.io.grpc.stub.ClientCalls.blockingUnaryCall(ClientCalls.java:139)
	at org.apache.ratis.proto.grpc.RaftServerProtocolServiceGrpc$RaftServerProtocolServiceBlockingStub.requestVote(RaftServerProtocolServiceGrpc.java:265)
	at org.apache.ratis.grpc.server.GrpcServerProtocolClient.requestVote(GrpcServerProtocolClient.java:90)
	at org.apache.ratis.grpc.server.GrpcService.requestVote(GrpcService.java:204)
	at org.apache.ratis.server.impl.LeaderElection.lambda$submitRequests$1(LeaderElection.java:238)
	at java.util.concurrent.FutureTask.run(FutureTask.java:266)
	at java.util.concurrent.Executors$RunnableAdapter.call(Executors.java:511)
	at java.util.concurrent.FutureTask.run(FutureTask.java:266)
	at java.util.concurrent.ThreadPoolExecutor.runWorker(ThreadPoolExecutor.java:1149)
	at java.util.concurrent.ThreadPoolExecutor$Worker.run(ThreadPoolExecutor.java:624)
	... 1 more
Caused by: org.apache.ratis.thirdparty.io.netty.channel.AbstractChannel$AnnotatedConnectException: Connection refused: /192.168.151.103:39788
	at sun.nio.ch.SocketChannelImpl.checkConnect(Native Method)
	at sun.nio.ch.SocketChannelImpl.finishConnect(SocketChannelImpl.java:717)
	at org.apache.ratis.thirdparty.io.netty.channel.socket.nio.NioSocketChannel.doFinishConnect(NioSocketChannel.java:327)
	at org.apache.ratis.thirdparty.io.netty.channel.nio.AbstractNioChannel$AbstractNioUnsafe.finishConnect(AbstractNioChannel.java:340)
	at org.apache.ratis.thirdparty.io.netty.channel.nio.NioEventLoop.processSelectedKey(NioEventLoop.java:632)
	at org.apache.ratis.thirdparty.io.netty.channel.nio.NioEventLoop.processSelectedKeysOptimized(NioEventLoop.java:579)
	at org.apache.ratis.thirdparty.io.netty.channel.nio.NioEventLoop.processSelectedKeys(NioEventLoop.java:496)
	at org.apache.ratis.thirdparty.io.netty.channel.nio.NioEventLoop.run(NioEventLoop.java:458)
	at org.apache.ratis.thirdparty.io.netty.util.concurrent.SingleThreadEventExecutor$5.run(SingleThreadEventExecutor.java:897)
	at org.apache.ratis.thirdparty.io.netty.util.concurrent.FastThreadLocalRunnable.run(FastThreadLocalRunnable.java:30)
	... 1 more
Caused by: java.net.ConnectException: Connection refused
	... 11 more
2019-09-27 09:25:59,845 [002bed63-9761-4b9f-9eba-a6bdbdfe34b9@group-827F9F9FA464:LeaderElection160] INFO  impl.LeaderElection (LeaderElection.java:logAndReturn(56)) - 002bed63-9761-4b9f-9eba-a6bdbdfe34b9@group-827F9F9FA464:LeaderElection160: Election REJECTED; received 0 response(s) [] and 2 exception(s); 002bed63-9761-4b9f-9eba-a6bdbdfe34b9@group-827F9F9FA464:t8, leader=null, voted=002bed63-9761-4b9f-9eba-a6bdbdfe34b9, raftlog=002bed63-9761-4b9f-9eba-a6bdbdfe34b9@group-827F9F9FA464-SegmentedRaftLog:OPENED:c0,f0,i0, conf=0: [923630be-6089-4454-ada8-343910becadd:192.168.151.103:41127, 48a73947-ad36-4a89-bdb8-df91e6dae885:192.168.151.103:39788, 002bed63-9761-4b9f-9eba-a6bdbdfe34b9:192.168.151.103:43508], old=null
2019-09-27 09:25:59,845 [002bed63-9761-4b9f-9eba-a6bdbdfe34b9@group-827F9F9FA464:LeaderElection160] INFO  impl.LeaderElection (LogUtils.java:infoOrTrace(149)) -   Exception 0: {}
java.util.concurrent.ExecutionException: org.apache.ratis.thirdparty.io.grpc.StatusRuntimeException: UNAVAILABLE: io exception
	at java.util.concurrent.FutureTask.report(FutureTask.java:122)
	at java.util.concurrent.FutureTask.get(FutureTask.java:192)
	at org.apache.ratis.server.impl.LeaderElection.waitForResults(LeaderElection.java:263)
	at org.apache.ratis.server.impl.LeaderElection.askForVotes(LeaderElection.java:201)
	at org.apache.ratis.server.impl.LeaderElection.run(LeaderElection.java:133)
	at java.lang.Thread.run(Thread.java:748)
Caused by: org.apache.ratis.thirdparty.io.grpc.StatusRuntimeException: UNAVAILABLE: io exception
	at org.apache.ratis.thirdparty.io.grpc.stub.ClientCalls.toStatusRuntimeException(ClientCalls.java:233)
	at org.apache.ratis.thirdparty.io.grpc.stub.ClientCalls.getUnchecked(ClientCalls.java:214)
	at org.apache.ratis.thirdparty.io.grpc.stub.ClientCalls.blockingUnaryCall(ClientCalls.java:139)
	at org.apache.ratis.proto.grpc.RaftServerProtocolServiceGrpc$RaftServerProtocolServiceBlockingStub.requestVote(RaftServerProtocolServiceGrpc.java:265)
	at org.apache.ratis.grpc.server.GrpcServerProtocolClient.requestVote(GrpcServerProtocolClient.java:90)
	at org.apache.ratis.grpc.server.GrpcService.requestVote(GrpcService.java:204)
	at org.apache.ratis.server.impl.LeaderElection.lambda$submitRequests$1(LeaderElection.java:238)
	at java.util.concurrent.FutureTask.run(FutureTask.java:266)
	at java.util.concurrent.Executors$RunnableAdapter.call(Executors.java:511)
	at java.util.concurrent.FutureTask.run(FutureTask.java:266)
	at java.util.concurrent.ThreadPoolExecutor.runWorker(ThreadPoolExecutor.java:1149)
	at java.util.concurrent.ThreadPoolExecutor$Worker.run(ThreadPoolExecutor.java:624)
	... 1 more
Caused by: org.apache.ratis.thirdparty.io.netty.channel.AbstractChannel$AnnotatedConnectException: Connection refused: /192.168.151.103:41127
	at sun.nio.ch.SocketChannelImpl.checkConnect(Native Method)
	at sun.nio.ch.SocketChannelImpl.finishConnect(SocketChannelImpl.java:717)
	at org.apache.ratis.thirdparty.io.netty.channel.socket.nio.NioSocketChannel.doFinishConnect(NioSocketChannel.java:327)
	at org.apache.ratis.thirdparty.io.netty.channel.nio.AbstractNioChannel$AbstractNioUnsafe.finishConnect(AbstractNioChannel.java:340)
	at org.apache.ratis.thirdparty.io.netty.channel.nio.NioEventLoop.processSelectedKey(NioEventLoop.java:632)
	at org.apache.ratis.thirdparty.io.netty.channel.nio.NioEventLoop.processSelectedKeysOptimized(NioEventLoop.java:579)
	at org.apache.ratis.thirdparty.io.netty.channel.nio.NioEventLoop.processSelectedKeys(NioEventLoop.java:496)
	at org.apache.ratis.thirdparty.io.netty.channel.nio.NioEventLoop.run(NioEventLoop.java:458)
	at org.apache.ratis.thirdparty.io.netty.util.concurrent.SingleThreadEventExecutor$5.run(SingleThreadEventExecutor.java:897)
	at org.apache.ratis.thirdparty.io.netty.util.concurrent.FastThreadLocalRunnable.run(FastThreadLocalRunnable.java:30)
	... 1 more
Caused by: java.net.ConnectException: Connection refused
	... 11 more
2019-09-27 09:25:59,845 [002bed63-9761-4b9f-9eba-a6bdbdfe34b9@group-827F9F9FA464:LeaderElection160] INFO  impl.LeaderElection (LogUtils.java:infoOrTrace(149)) -   Exception 1: {}
java.util.concurrent.ExecutionException: org.apache.ratis.thirdparty.io.grpc.StatusRuntimeException: UNAVAILABLE: io exception
	at java.util.concurrent.FutureTask.report(FutureTask.java:122)
	at java.util.concurrent.FutureTask.get(FutureTask.java:192)
	at org.apache.ratis.server.impl.LeaderElection.waitForResults(LeaderElection.java:263)
	at org.apache.ratis.server.impl.LeaderElection.askForVotes(LeaderElection.java:201)
	at org.apache.ratis.server.impl.LeaderElection.run(LeaderElection.java:133)
	at java.lang.Thread.run(Thread.java:748)
Caused by: org.apache.ratis.thirdparty.io.grpc.StatusRuntimeException: UNAVAILABLE: io exception
	at org.apache.ratis.thirdparty.io.grpc.stub.ClientCalls.toStatusRuntimeException(ClientCalls.java:233)
	at org.apache.ratis.thirdparty.io.grpc.stub.ClientCalls.getUnchecked(ClientCalls.java:214)
	at org.apache.ratis.thirdparty.io.grpc.stub.ClientCalls.blockingUnaryCall(ClientCalls.java:139)
	at org.apache.ratis.proto.grpc.RaftServerProtocolServiceGrpc$RaftServerProtocolServiceBlockingStub.requestVote(RaftServerProtocolServiceGrpc.java:265)
	at org.apache.ratis.grpc.server.GrpcServerProtocolClient.requestVote(GrpcServerProtocolClient.java:90)
	at org.apache.ratis.grpc.server.GrpcService.requestVote(GrpcService.java:204)
	at org.apache.ratis.server.impl.LeaderElection.lambda$submitRequests$1(LeaderElection.java:238)
	at java.util.concurrent.FutureTask.run(FutureTask.java:266)
	at java.util.concurrent.Executors$RunnableAdapter.call(Executors.java:511)
	at java.util.concurrent.FutureTask.run(FutureTask.java:266)
	at java.util.concurrent.ThreadPoolExecutor.runWorker(ThreadPoolExecutor.java:1149)
	at java.util.concurrent.ThreadPoolExecutor$Worker.run(ThreadPoolExecutor.java:624)
	... 1 more
Caused by: org.apache.ratis.thirdparty.io.netty.channel.AbstractChannel$AnnotatedConnectException: Connection refused: /192.168.151.103:39788
	at sun.nio.ch.SocketChannelImpl.checkConnect(Native Method)
	at sun.nio.ch.SocketChannelImpl.finishConnect(SocketChannelImpl.java:717)
	at org.apache.ratis.thirdparty.io.netty.channel.socket.nio.NioSocketChannel.doFinishConnect(NioSocketChannel.java:327)
	at org.apache.ratis.thirdparty.io.netty.channel.nio.AbstractNioChannel$AbstractNioUnsafe.finishConnect(AbstractNioChannel.java:340)
	at org.apache.ratis.thirdparty.io.netty.channel.nio.NioEventLoop.processSelectedKey(NioEventLoop.java:632)
	at org.apache.ratis.thirdparty.io.netty.channel.nio.NioEventLoop.processSelectedKeysOptimized(NioEventLoop.java:579)
	at org.apache.ratis.thirdparty.io.netty.channel.nio.NioEventLoop.processSelectedKeys(NioEventLoop.java:496)
	at org.apache.ratis.thirdparty.io.netty.channel.nio.NioEventLoop.run(NioEventLoop.java:458)
	at org.apache.ratis.thirdparty.io.netty.util.concurrent.SingleThreadEventExecutor$5.run(SingleThreadEventExecutor.java:897)
	at org.apache.ratis.thirdparty.io.netty.util.concurrent.FastThreadLocalRunnable.run(FastThreadLocalRunnable.java:30)
	... 1 more
Caused by: java.net.ConnectException: Connection refused
	... 11 more
2019-09-27 09:25:59,845 [002bed63-9761-4b9f-9eba-a6bdbdfe34b9@group-827F9F9FA464:LeaderElection160] INFO  impl.RaftServerImpl (RaftServerImpl.java:setRole(174)) - 002bed63-9761-4b9f-9eba-a6bdbdfe34b9@group-827F9F9FA464: changes role from CANDIDATE to FOLLOWER at term 8 for DISCOVERED_A_NEW_TERM
2019-09-27 09:25:59,845 [002bed63-9761-4b9f-9eba-a6bdbdfe34b9@group-827F9F9FA464:LeaderElection160] INFO  impl.RoleInfo (RoleInfo.java:shutdownLeaderElection(134)) - 002bed63-9761-4b9f-9eba-a6bdbdfe34b9: shutdown LeaderElection
2019-09-27 09:25:59,845 [002bed63-9761-4b9f-9eba-a6bdbdfe34b9@group-827F9F9FA464:LeaderElection160] INFO  impl.RoleInfo (RoleInfo.java:updateAndGet(143)) - 002bed63-9761-4b9f-9eba-a6bdbdfe34b9: start FollowerState
2019-09-27 09:26:00,043 [grpc-default-executor-5] WARN  server.GrpcLogAppender (LogUtils.java:warn(134)) - 391bbd77-e270-498a-b344-18095c6f1940@group-49BF442FE5BA->42a6dc71-468f-4bda-a1ef-3415db0682d5-AppendLogResponseHandler: Failed appendEntries: org.apache.ratis.thirdparty.io.grpc.StatusRuntimeException: UNAVAILABLE: io exception
2019-09-27 09:26:00,043 [grpc-default-executor-5] INFO  impl.FollowerInfo (FollowerInfo.java:lambda$new$0(51)) - 391bbd77-e270-498a-b344-18095c6f1940@group-49BF442FE5BA->42a6dc71-468f-4bda-a1ef-3415db0682d5: nextIndex: updateUnconditionally 0 -> 0
2019-09-27 09:26:00,209 [Thread-9720] INFO  impl.FollowerState (FollowerState.java:run(106)) - c1dc816a-002e-4190-8c4b-03368fc83464:group-CB4EA96F2AAE changes to CANDIDATE, lastRpcTime:1006, electionTimeout:1006ms
2019-09-27 09:26:00,209 [Thread-9720] INFO  impl.RoleInfo (RoleInfo.java:shutdownFollowerState(121)) - c1dc816a-002e-4190-8c4b-03368fc83464: shutdown FollowerState
2019-09-27 09:26:00,209 [Thread-9720] INFO  impl.RaftServerImpl (RaftServerImpl.java:setRole(174)) - c1dc816a-002e-4190-8c4b-03368fc83464@group-CB4EA96F2AAE: changes role from  FOLLOWER to CANDIDATE at term 3 for changeToCandidate
2019-09-27 09:26:00,209 [Thread-9720] INFO  impl.RoleInfo (RoleInfo.java:updateAndGet(143)) - c1dc816a-002e-4190-8c4b-03368fc83464: start LeaderElection
2019-09-27 09:26:00,224 [c1dc816a-002e-4190-8c4b-03368fc83464@group-CB4EA96F2AAE:LeaderElection161] INFO  impl.LeaderElection (LeaderElection.java:askForVotes(182)) - c1dc816a-002e-4190-8c4b-03368fc83464@group-CB4EA96F2AAE:LeaderElection161: begin an election at term 4 for 0: [c1dc816a-002e-4190-8c4b-03368fc83464:192.168.151.103:35476, 03814bdb-c6b3-415d-8615-039e811c0048:192.168.151.103:40137, 513ea752-2bb4-4e9d-94cf-0dce8d7e1b31:192.168.151.103:39440], old=null
2019-09-27 09:26:00,225 [c1dc816a-002e-4190-8c4b-03368fc83464@group-CB4EA96F2AAE:LeaderElection161] INFO  impl.LeaderElection (LogUtils.java:infoOrTrace(149)) - c1dc816a-002e-4190-8c4b-03368fc83464@group-CB4EA96F2AAE:LeaderElection161 got exception when requesting votes: {}
java.util.concurrent.ExecutionException: org.apache.ratis.thirdparty.io.grpc.StatusRuntimeException: UNAVAILABLE: io exception
	at java.util.concurrent.FutureTask.report(FutureTask.java:122)
	at java.util.concurrent.FutureTask.get(FutureTask.java:192)
	at org.apache.ratis.server.impl.LeaderElection.waitForResults(LeaderElection.java:263)
	at org.apache.ratis.server.impl.LeaderElection.askForVotes(LeaderElection.java:201)
	at org.apache.ratis.server.impl.LeaderElection.run(LeaderElection.java:133)
	at java.lang.Thread.run(Thread.java:748)
Caused by: org.apache.ratis.thirdparty.io.grpc.StatusRuntimeException: UNAVAILABLE: io exception
	at org.apache.ratis.thirdparty.io.grpc.stub.ClientCalls.toStatusRuntimeException(ClientCalls.java:233)
	at org.apache.ratis.thirdparty.io.grpc.stub.ClientCalls.getUnchecked(ClientCalls.java:214)
	at org.apache.ratis.thirdparty.io.grpc.stub.ClientCalls.blockingUnaryCall(ClientCalls.java:139)
	at org.apache.ratis.proto.grpc.RaftServerProtocolServiceGrpc$RaftServerProtocolServiceBlockingStub.requestVote(RaftServerProtocolServiceGrpc.java:265)
	at org.apache.ratis.grpc.server.GrpcServerProtocolClient.requestVote(GrpcServerProtocolClient.java:90)
	at org.apache.ratis.grpc.server.GrpcService.requestVote(GrpcService.java:204)
	at org.apache.ratis.server.impl.LeaderElection.lambda$submitRequests$1(LeaderElection.java:238)
	at java.util.concurrent.FutureTask.run(FutureTask.java:266)
	at java.util.concurrent.Executors$RunnableAdapter.call(Executors.java:511)
	at java.util.concurrent.FutureTask.run(FutureTask.java:266)
	at java.util.concurrent.ThreadPoolExecutor.runWorker(ThreadPoolExecutor.java:1149)
	at java.util.concurrent.ThreadPoolExecutor$Worker.run(ThreadPoolExecutor.java:624)
	... 1 more
Caused by: org.apache.ratis.thirdparty.io.netty.channel.AbstractChannel$AnnotatedConnectException: Connection refused: /192.168.151.103:40137
	at sun.nio.ch.SocketChannelImpl.checkConnect(Native Method)
	at sun.nio.ch.SocketChannelImpl.finishConnect(SocketChannelImpl.java:717)
	at org.apache.ratis.thirdparty.io.netty.channel.socket.nio.NioSocketChannel.doFinishConnect(NioSocketChannel.java:327)
	at org.apache.ratis.thirdparty.io.netty.channel.nio.AbstractNioChannel$AbstractNioUnsafe.finishConnect(AbstractNioChannel.java:340)
	at org.apache.ratis.thirdparty.io.netty.channel.nio.NioEventLoop.processSelectedKey(NioEventLoop.java:632)
	at org.apache.ratis.thirdparty.io.netty.channel.nio.NioEventLoop.processSelectedKeysOptimized(NioEventLoop.java:579)
	at org.apache.ratis.thirdparty.io.netty.channel.nio.NioEventLoop.processSelectedKeys(NioEventLoop.java:496)
	at org.apache.ratis.thirdparty.io.netty.channel.nio.NioEventLoop.run(NioEventLoop.java:458)
	at org.apache.ratis.thirdparty.io.netty.util.concurrent.SingleThreadEventExecutor$5.run(SingleThreadEventExecutor.java:897)
	at org.apache.ratis.thirdparty.io.netty.util.concurrent.FastThreadLocalRunnable.run(FastThreadLocalRunnable.java:30)
	... 1 more
Caused by: java.net.ConnectException: Connection refused
	... 11 more
2019-09-27 09:26:00,225 [c1dc816a-002e-4190-8c4b-03368fc83464@group-CB4EA96F2AAE:LeaderElection161] INFO  impl.LeaderElection (LogUtils.java:infoOrTrace(149)) - c1dc816a-002e-4190-8c4b-03368fc83464@group-CB4EA96F2AAE:LeaderElection161 got exception when requesting votes: {}
java.util.concurrent.ExecutionException: org.apache.ratis.thirdparty.io.grpc.StatusRuntimeException: UNAVAILABLE: io exception
	at java.util.concurrent.FutureTask.report(FutureTask.java:122)
	at java.util.concurrent.FutureTask.get(FutureTask.java:192)
	at org.apache.ratis.server.impl.LeaderElection.waitForResults(LeaderElection.java:263)
	at org.apache.ratis.server.impl.LeaderElection.askForVotes(LeaderElection.java:201)
	at org.apache.ratis.server.impl.LeaderElection.run(LeaderElection.java:133)
	at java.lang.Thread.run(Thread.java:748)
Caused by: org.apache.ratis.thirdparty.io.grpc.StatusRuntimeException: UNAVAILABLE: io exception
	at org.apache.ratis.thirdparty.io.grpc.stub.ClientCalls.toStatusRuntimeException(ClientCalls.java:233)
	at org.apache.ratis.thirdparty.io.grpc.stub.ClientCalls.getUnchecked(ClientCalls.java:214)
	at org.apache.ratis.thirdparty.io.grpc.stub.ClientCalls.blockingUnaryCall(ClientCalls.java:139)
	at org.apache.ratis.proto.grpc.RaftServerProtocolServiceGrpc$RaftServerProtocolServiceBlockingStub.requestVote(RaftServerProtocolServiceGrpc.java:265)
	at org.apache.ratis.grpc.server.GrpcServerProtocolClient.requestVote(GrpcServerProtocolClient.java:90)
	at org.apache.ratis.grpc.server.GrpcService.requestVote(GrpcService.java:204)
	at org.apache.ratis.server.impl.LeaderElection.lambda$submitRequests$1(LeaderElection.java:238)
	at java.util.concurrent.FutureTask.run(FutureTask.java:266)
	at java.util.concurrent.Executors$RunnableAdapter.call(Executors.java:511)
	at java.util.concurrent.FutureTask.run(FutureTask.java:266)
	at java.util.concurrent.ThreadPoolExecutor.runWorker(ThreadPoolExecutor.java:1149)
	at java.util.concurrent.ThreadPoolExecutor$Worker.run(ThreadPoolExecutor.java:624)
	... 1 more
Caused by: org.apache.ratis.thirdparty.io.netty.channel.AbstractChannel$AnnotatedConnectException: Connection refused: /192.168.151.103:39440
	at sun.nio.ch.SocketChannelImpl.checkConnect(Native Method)
	at sun.nio.ch.SocketChannelImpl.finishConnect(SocketChannelImpl.java:717)
	at org.apache.ratis.thirdparty.io.netty.channel.socket.nio.NioSocketChannel.doFinishConnect(NioSocketChannel.java:327)
	at org.apache.ratis.thirdparty.io.netty.channel.nio.AbstractNioChannel$AbstractNioUnsafe.finishConnect(AbstractNioChannel.java:340)
	at org.apache.ratis.thirdparty.io.netty.channel.nio.NioEventLoop.processSelectedKey(NioEventLoop.java:632)
	at org.apache.ratis.thirdparty.io.netty.channel.nio.NioEventLoop.processSelectedKeysOptimized(NioEventLoop.java:579)
	at org.apache.ratis.thirdparty.io.netty.channel.nio.NioEventLoop.processSelectedKeys(NioEventLoop.java:496)
	at org.apache.ratis.thirdparty.io.netty.channel.nio.NioEventLoop.run(NioEventLoop.java:458)
	at org.apache.ratis.thirdparty.io.netty.util.concurrent.SingleThreadEventExecutor$5.run(SingleThreadEventExecutor.java:897)
	at org.apache.ratis.thirdparty.io.netty.util.concurrent.FastThreadLocalRunnable.run(FastThreadLocalRunnable.java:30)
	... 1 more
Caused by: java.net.ConnectException: Connection refused
	... 11 more
2019-09-27 09:26:00,226 [c1dc816a-002e-4190-8c4b-03368fc83464@group-CB4EA96F2AAE:LeaderElection161] INFO  impl.LeaderElection (LeaderElection.java:logAndReturn(56)) - c1dc816a-002e-4190-8c4b-03368fc83464@group-CB4EA96F2AAE:LeaderElection161: Election REJECTED; received 0 response(s) [] and 2 exception(s); c1dc816a-002e-4190-8c4b-03368fc83464@group-CB4EA96F2AAE:t4, leader=null, voted=c1dc816a-002e-4190-8c4b-03368fc83464, raftlog=c1dc816a-002e-4190-8c4b-03368fc83464@group-CB4EA96F2AAE-SegmentedRaftLog:OPENED:c0,f0,i0, conf=0: [c1dc816a-002e-4190-8c4b-03368fc83464:192.168.151.103:35476, 03814bdb-c6b3-415d-8615-039e811c0048:192.168.151.103:40137, 513ea752-2bb4-4e9d-94cf-0dce8d7e1b31:192.168.151.103:39440], old=null
2019-09-27 09:26:00,226 [c1dc816a-002e-4190-8c4b-03368fc83464@group-CB4EA96F2AAE:LeaderElection161] INFO  impl.LeaderElection (LogUtils.java:infoOrTrace(149)) -   Exception 0: {}
java.util.concurrent.ExecutionException: org.apache.ratis.thirdparty.io.grpc.StatusRuntimeException: UNAVAILABLE: io exception
	at java.util.concurrent.FutureTask.report(FutureTask.java:122)
	at java.util.concurrent.FutureTask.get(FutureTask.java:192)
	at org.apache.ratis.server.impl.LeaderElection.waitForResults(LeaderElection.java:263)
	at org.apache.ratis.server.impl.LeaderElection.askForVotes(LeaderElection.java:201)
	at org.apache.ratis.server.impl.LeaderElection.run(LeaderElection.java:133)
	at java.lang.Thread.run(Thread.java:748)
Caused by: org.apache.ratis.thirdparty.io.grpc.StatusRuntimeException: UNAVAILABLE: io exception
	at org.apache.ratis.thirdparty.io.grpc.stub.ClientCalls.toStatusRuntimeException(ClientCalls.java:233)
	at org.apache.ratis.thirdparty.io.grpc.stub.ClientCalls.getUnchecked(ClientCalls.java:214)
	at org.apache.ratis.thirdparty.io.grpc.stub.ClientCalls.blockingUnaryCall(ClientCalls.java:139)
	at org.apache.ratis.proto.grpc.RaftServerProtocolServiceGrpc$RaftServerProtocolServiceBlockingStub.requestVote(RaftServerProtocolServiceGrpc.java:265)
	at org.apache.ratis.grpc.server.GrpcServerProtocolClient.requestVote(GrpcServerProtocolClient.java:90)
	at org.apache.ratis.grpc.server.GrpcService.requestVote(GrpcService.java:204)
	at org.apache.ratis.server.impl.LeaderElection.lambda$submitRequests$1(LeaderElection.java:238)
	at java.util.concurrent.FutureTask.run(FutureTask.java:266)
	at java.util.concurrent.Executors$RunnableAdapter.call(Executors.java:511)
	at java.util.concurrent.FutureTask.run(FutureTask.java:266)
	at java.util.concurrent.ThreadPoolExecutor.runWorker(ThreadPoolExecutor.java:1149)
	at java.util.concurrent.ThreadPoolExecutor$Worker.run(ThreadPoolExecutor.java:624)
	... 1 more
Caused by: org.apache.ratis.thirdparty.io.netty.channel.AbstractChannel$AnnotatedConnectException: Connection refused: /192.168.151.103:40137
	at sun.nio.ch.SocketChannelImpl.checkConnect(Native Method)
	at sun.nio.ch.SocketChannelImpl.finishConnect(SocketChannelImpl.java:717)
	at org.apache.ratis.thirdparty.io.netty.channel.socket.nio.NioSocketChannel.doFinishConnect(NioSocketChannel.java:327)
	at org.apache.ratis.thirdparty.io.netty.channel.nio.AbstractNioChannel$AbstractNioUnsafe.finishConnect(AbstractNioChannel.java:340)
	at org.apache.ratis.thirdparty.io.netty.channel.nio.NioEventLoop.processSelectedKey(NioEventLoop.java:632)
	at org.apache.ratis.thirdparty.io.netty.channel.nio.NioEventLoop.processSelectedKeysOptimized(NioEventLoop.java:579)
	at org.apache.ratis.thirdparty.io.netty.channel.nio.NioEventLoop.processSelectedKeys(NioEventLoop.java:496)
	at org.apache.ratis.thirdparty.io.netty.channel.nio.NioEventLoop.run(NioEventLoop.java:458)
	at org.apache.ratis.thirdparty.io.netty.util.concurrent.SingleThreadEventExecutor$5.run(SingleThreadEventExecutor.java:897)
	at org.apache.ratis.thirdparty.io.netty.util.concurrent.FastThreadLocalRunnable.run(FastThreadLocalRunnable.java:30)
	... 1 more
Caused by: java.net.ConnectException: Connection refused
	... 11 more
2019-09-27 09:26:00,226 [c1dc816a-002e-4190-8c4b-03368fc83464@group-CB4EA96F2AAE:LeaderElection161] INFO  impl.LeaderElection (LogUtils.java:infoOrTrace(149)) -   Exception 1: {}
java.util.concurrent.ExecutionException: org.apache.ratis.thirdparty.io.grpc.StatusRuntimeException: UNAVAILABLE: io exception
	at java.util.concurrent.FutureTask.report(FutureTask.java:122)
	at java.util.concurrent.FutureTask.get(FutureTask.java:192)
	at org.apache.ratis.server.impl.LeaderElection.waitForResults(LeaderElection.java:263)
	at org.apache.ratis.server.impl.LeaderElection.askForVotes(LeaderElection.java:201)
	at org.apache.ratis.server.impl.LeaderElection.run(LeaderElection.java:133)
	at java.lang.Thread.run(Thread.java:748)
Caused by: org.apache.ratis.thirdparty.io.grpc.StatusRuntimeException: UNAVAILABLE: io exception
	at org.apache.ratis.thirdparty.io.grpc.stub.ClientCalls.toStatusRuntimeException(ClientCalls.java:233)
	at org.apache.ratis.thirdparty.io.grpc.stub.ClientCalls.getUnchecked(ClientCalls.java:214)
	at org.apache.ratis.thirdparty.io.grpc.stub.ClientCalls.blockingUnaryCall(ClientCalls.java:139)
	at org.apache.ratis.proto.grpc.RaftServerProtocolServiceGrpc$RaftServerProtocolServiceBlockingStub.requestVote(RaftServerProtocolServiceGrpc.java:265)
	at org.apache.ratis.grpc.server.GrpcServerProtocolClient.requestVote(GrpcServerProtocolClient.java:90)
	at org.apache.ratis.grpc.server.GrpcService.requestVote(GrpcService.java:204)
	at org.apache.ratis.server.impl.LeaderElection.lambda$submitRequests$1(LeaderElection.java:238)
	at java.util.concurrent.FutureTask.run(FutureTask.java:266)
	at java.util.concurrent.Executors$RunnableAdapter.call(Executors.java:511)
	at java.util.concurrent.FutureTask.run(FutureTask.java:266)
	at java.util.concurrent.ThreadPoolExecutor.runWorker(ThreadPoolExecutor.java:1149)
	at java.util.concurrent.ThreadPoolExecutor$Worker.run(ThreadPoolExecutor.java:624)
	... 1 more
Caused by: org.apache.ratis.thirdparty.io.netty.channel.AbstractChannel$AnnotatedConnectException: Connection refused: /192.168.151.103:39440
	at sun.nio.ch.SocketChannelImpl.checkConnect(Native Method)
	at sun.nio.ch.SocketChannelImpl.finishConnect(SocketChannelImpl.java:717)
	at org.apache.ratis.thirdparty.io.netty.channel.socket.nio.NioSocketChannel.doFinishConnect(NioSocketChannel.java:327)
	at org.apache.ratis.thirdparty.io.netty.channel.nio.AbstractNioChannel$AbstractNioUnsafe.finishConnect(AbstractNioChannel.java:340)
	at org.apache.ratis.thirdparty.io.netty.channel.nio.NioEventLoop.processSelectedKey(NioEventLoop.java:632)
	at org.apache.ratis.thirdparty.io.netty.channel.nio.NioEventLoop.processSelectedKeysOptimized(NioEventLoop.java:579)
	at org.apache.ratis.thirdparty.io.netty.channel.nio.NioEventLoop.processSelectedKeys(NioEventLoop.java:496)
	at org.apache.ratis.thirdparty.io.netty.channel.nio.NioEventLoop.run(NioEventLoop.java:458)
	at org.apache.ratis.thirdparty.io.netty.util.concurrent.SingleThreadEventExecutor$5.run(SingleThreadEventExecutor.java:897)
	at org.apache.ratis.thirdparty.io.netty.util.concurrent.FastThreadLocalRunnable.run(FastThreadLocalRunnable.java:30)
	... 1 more
Caused by: java.net.ConnectException: Connection refused
	... 11 more
2019-09-27 09:26:00,226 [c1dc816a-002e-4190-8c4b-03368fc83464@group-CB4EA96F2AAE:LeaderElection161] INFO  impl.RaftServerImpl (RaftServerImpl.java:setRole(174)) - c1dc816a-002e-4190-8c4b-03368fc83464@group-CB4EA96F2AAE: changes role from CANDIDATE to FOLLOWER at term 4 for DISCOVERED_A_NEW_TERM
2019-09-27 09:26:00,226 [c1dc816a-002e-4190-8c4b-03368fc83464@group-CB4EA96F2AAE:LeaderElection161] INFO  impl.RoleInfo (RoleInfo.java:shutdownLeaderElection(134)) - c1dc816a-002e-4190-8c4b-03368fc83464: shutdown LeaderElection
2019-09-27 09:26:00,226 [c1dc816a-002e-4190-8c4b-03368fc83464@group-CB4EA96F2AAE:LeaderElection161] INFO  impl.RoleInfo (RoleInfo.java:updateAndGet(143)) - c1dc816a-002e-4190-8c4b-03368fc83464: start FollowerState
2019-09-27 09:26:00,543 [grpc-default-executor-1] WARN  server.GrpcLogAppender (LogUtils.java:warn(134)) - 391bbd77-e270-498a-b344-18095c6f1940@group-49BF442FE5BA->42a6dc71-468f-4bda-a1ef-3415db0682d5-AppendLogResponseHandler: Failed appendEntries: org.apache.ratis.thirdparty.io.grpc.StatusRuntimeException: UNAVAILABLE: io exception
2019-09-27 09:26:00,543 [grpc-default-executor-1] INFO  impl.FollowerInfo (FollowerInfo.java:lambda$new$0(51)) - 391bbd77-e270-498a-b344-18095c6f1940@group-49BF442FE5BA->42a6dc71-468f-4bda-a1ef-3415db0682d5: nextIndex: updateUnconditionally 0 -> 0
2019-09-27 09:26:00,956 [Thread-9725] INFO  impl.FollowerState (FollowerState.java:run(106)) - 002bed63-9761-4b9f-9eba-a6bdbdfe34b9:group-827F9F9FA464 changes to CANDIDATE, lastRpcTime:1110, electionTimeout:1110ms
2019-09-27 09:26:00,956 [Thread-9725] INFO  impl.RoleInfo (RoleInfo.java:shutdownFollowerState(121)) - 002bed63-9761-4b9f-9eba-a6bdbdfe34b9: shutdown FollowerState
2019-09-27 09:26:00,956 [Thread-9725] INFO  impl.RaftServerImpl (RaftServerImpl.java:setRole(174)) - 002bed63-9761-4b9f-9eba-a6bdbdfe34b9@group-827F9F9FA464: changes role from  FOLLOWER to CANDIDATE at term 8 for changeToCandidate
2019-09-27 09:26:00,956 [Thread-9725] INFO  impl.RoleInfo (RoleInfo.java:updateAndGet(143)) - 002bed63-9761-4b9f-9eba-a6bdbdfe34b9: start LeaderElection
2019-09-27 09:26:00,970 [002bed63-9761-4b9f-9eba-a6bdbdfe34b9@group-827F9F9FA464:LeaderElection162] INFO  impl.LeaderElection (LeaderElection.java:askForVotes(182)) - 002bed63-9761-4b9f-9eba-a6bdbdfe34b9@group-827F9F9FA464:LeaderElection162: begin an election at term 9 for 0: [923630be-6089-4454-ada8-343910becadd:192.168.151.103:41127, 48a73947-ad36-4a89-bdb8-df91e6dae885:192.168.151.103:39788, 002bed63-9761-4b9f-9eba-a6bdbdfe34b9:192.168.151.103:43508], old=null
2019-09-27 09:26:00,971 [002bed63-9761-4b9f-9eba-a6bdbdfe34b9@group-827F9F9FA464:LeaderElection162] INFO  impl.LeaderElection (LogUtils.java:infoOrTrace(149)) - 002bed63-9761-4b9f-9eba-a6bdbdfe34b9@group-827F9F9FA464:LeaderElection162 got exception when requesting votes: {}
java.util.concurrent.ExecutionException: org.apache.ratis.thirdparty.io.grpc.StatusRuntimeException: UNAVAILABLE: io exception
	at java.util.concurrent.FutureTask.report(FutureTask.java:122)
	at java.util.concurrent.FutureTask.get(FutureTask.java:192)
	at org.apache.ratis.server.impl.LeaderElection.waitForResults(LeaderElection.java:263)
	at org.apache.ratis.server.impl.LeaderElection.askForVotes(LeaderElection.java:201)
	at org.apache.ratis.server.impl.LeaderElection.run(LeaderElection.java:133)
	at java.lang.Thread.run(Thread.java:748)
Caused by: org.apache.ratis.thirdparty.io.grpc.StatusRuntimeException: UNAVAILABLE: io exception
	at org.apache.ratis.thirdparty.io.grpc.stub.ClientCalls.toStatusRuntimeException(ClientCalls.java:233)
	at org.apache.ratis.thirdparty.io.grpc.stub.ClientCalls.getUnchecked(ClientCalls.java:214)
	at org.apache.ratis.thirdparty.io.grpc.stub.ClientCalls.blockingUnaryCall(ClientCalls.java:139)
	at org.apache.ratis.proto.grpc.RaftServerProtocolServiceGrpc$RaftServerProtocolServiceBlockingStub.requestVote(RaftServerProtocolServiceGrpc.java:265)
	at org.apache.ratis.grpc.server.GrpcServerProtocolClient.requestVote(GrpcServerProtocolClient.java:90)
	at org.apache.ratis.grpc.server.GrpcService.requestVote(GrpcService.java:204)
	at org.apache.ratis.server.impl.LeaderElection.lambda$submitRequests$1(LeaderElection.java:238)
	at java.util.concurrent.FutureTask.run(FutureTask.java:266)
	at java.util.concurrent.Executors$RunnableAdapter.call(Executors.java:511)
	at java.util.concurrent.FutureTask.run(FutureTask.java:266)
	at java.util.concurrent.ThreadPoolExecutor.runWorker(ThreadPoolExecutor.java:1149)
	at java.util.concurrent.ThreadPoolExecutor$Worker.run(ThreadPoolExecutor.java:624)
	... 1 more
Caused by: org.apache.ratis.thirdparty.io.netty.channel.AbstractChannel$AnnotatedConnectException: Connection refused: /192.168.151.103:39788
	at sun.nio.ch.SocketChannelImpl.checkConnect(Native Method)
	at sun.nio.ch.SocketChannelImpl.finishConnect(SocketChannelImpl.java:717)
	at org.apache.ratis.thirdparty.io.netty.channel.socket.nio.NioSocketChannel.doFinishConnect(NioSocketChannel.java:327)
	at org.apache.ratis.thirdparty.io.netty.channel.nio.AbstractNioChannel$AbstractNioUnsafe.finishConnect(AbstractNioChannel.java:340)
	at org.apache.ratis.thirdparty.io.netty.channel.nio.NioEventLoop.processSelectedKey(NioEventLoop.java:632)
	at org.apache.ratis.thirdparty.io.netty.channel.nio.NioEventLoop.processSelectedKeysOptimized(NioEventLoop.java:579)
	at org.apache.ratis.thirdparty.io.netty.channel.nio.NioEventLoop.processSelectedKeys(NioEventLoop.java:496)
	at org.apache.ratis.thirdparty.io.netty.channel.nio.NioEventLoop.run(NioEventLoop.java:458)
	at org.apache.ratis.thirdparty.io.netty.util.concurrent.SingleThreadEventExecutor$5.run(SingleThreadEventExecutor.java:897)
	at org.apache.ratis.thirdparty.io.netty.util.concurrent.FastThreadLocalRunnable.run(FastThreadLocalRunnable.java:30)
	... 1 more
Caused by: java.net.ConnectException: Connection refused
	... 11 more
2019-09-27 09:26:00,972 [002bed63-9761-4b9f-9eba-a6bdbdfe34b9@group-827F9F9FA464:LeaderElection162] INFO  impl.LeaderElection (LogUtils.java:infoOrTrace(149)) - 002bed63-9761-4b9f-9eba-a6bdbdfe34b9@group-827F9F9FA464:LeaderElection162 got exception when requesting votes: {}
java.util.concurrent.ExecutionException: org.apache.ratis.thirdparty.io.grpc.StatusRuntimeException: UNAVAILABLE: io exception
	at java.util.concurrent.FutureTask.report(FutureTask.java:122)
	at java.util.concurrent.FutureTask.get(FutureTask.java:192)
	at org.apache.ratis.server.impl.LeaderElection.waitForResults(LeaderElection.java:263)
	at org.apache.ratis.server.impl.LeaderElection.askForVotes(LeaderElection.java:201)
	at org.apache.ratis.server.impl.LeaderElection.run(LeaderElection.java:133)
	at java.lang.Thread.run(Thread.java:748)
Caused by: org.apache.ratis.thirdparty.io.grpc.StatusRuntimeException: UNAVAILABLE: io exception
	at org.apache.ratis.thirdparty.io.grpc.stub.ClientCalls.toStatusRuntimeException(ClientCalls.java:233)
	at org.apache.ratis.thirdparty.io.grpc.stub.ClientCalls.getUnchecked(ClientCalls.java:214)
	at org.apache.ratis.thirdparty.io.grpc.stub.ClientCalls.blockingUnaryCall(ClientCalls.java:139)
	at org.apache.ratis.proto.grpc.RaftServerProtocolServiceGrpc$RaftServerProtocolServiceBlockingStub.requestVote(RaftServerProtocolServiceGrpc.java:265)
	at org.apache.ratis.grpc.server.GrpcServerProtocolClient.requestVote(GrpcServerProtocolClient.java:90)
	at org.apache.ratis.grpc.server.GrpcService.requestVote(GrpcService.java:204)
	at org.apache.ratis.server.impl.LeaderElection.lambda$submitRequests$1(LeaderElection.java:238)
	at java.util.concurrent.FutureTask.run(FutureTask.java:266)
	at java.util.concurrent.Executors$RunnableAdapter.call(Executors.java:511)
	at java.util.concurrent.FutureTask.run(FutureTask.java:266)
	at java.util.concurrent.ThreadPoolExecutor.runWorker(ThreadPoolExecutor.java:1149)
	at java.util.concurrent.ThreadPoolExecutor$Worker.run(ThreadPoolExecutor.java:624)
	... 1 more
Caused by: org.apache.ratis.thirdparty.io.netty.channel.AbstractChannel$AnnotatedConnectException: Connection refused: /192.168.151.103:41127
	at sun.nio.ch.SocketChannelImpl.checkConnect(Native Method)
	at sun.nio.ch.SocketChannelImpl.finishConnect(SocketChannelImpl.java:717)
	at org.apache.ratis.thirdparty.io.netty.channel.socket.nio.NioSocketChannel.doFinishConnect(NioSocketChannel.java:327)
	at org.apache.ratis.thirdparty.io.netty.channel.nio.AbstractNioChannel$AbstractNioUnsafe.finishConnect(AbstractNioChannel.java:340)
	at org.apache.ratis.thirdparty.io.netty.channel.nio.NioEventLoop.processSelectedKey(NioEventLoop.java:632)
	at org.apache.ratis.thirdparty.io.netty.channel.nio.NioEventLoop.processSelectedKeysOptimized(NioEventLoop.java:579)
	at org.apache.ratis.thirdparty.io.netty.channel.nio.NioEventLoop.processSelectedKeys(NioEventLoop.java:496)
	at org.apache.ratis.thirdparty.io.netty.channel.nio.NioEventLoop.run(NioEventLoop.java:458)
	at org.apache.ratis.thirdparty.io.netty.util.concurrent.SingleThreadEventExecutor$5.run(SingleThreadEventExecutor.java:897)
	at org.apache.ratis.thirdparty.io.netty.util.concurrent.FastThreadLocalRunnable.run(FastThreadLocalRunnable.java:30)
	... 1 more
Caused by: java.net.ConnectException: Connection refused
	... 11 more
2019-09-27 09:26:00,972 [002bed63-9761-4b9f-9eba-a6bdbdfe34b9@group-827F9F9FA464:LeaderElection162] INFO  impl.LeaderElection (LeaderElection.java:logAndReturn(56)) - 002bed63-9761-4b9f-9eba-a6bdbdfe34b9@group-827F9F9FA464:LeaderElection162: Election REJECTED; received 0 response(s) [] and 2 exception(s); 002bed63-9761-4b9f-9eba-a6bdbdfe34b9@group-827F9F9FA464:t9, leader=null, voted=002bed63-9761-4b9f-9eba-a6bdbdfe34b9, raftlog=002bed63-9761-4b9f-9eba-a6bdbdfe34b9@group-827F9F9FA464-SegmentedRaftLog:OPENED:c0,f0,i0, conf=0: [923630be-6089-4454-ada8-343910becadd:192.168.151.103:41127, 48a73947-ad36-4a89-bdb8-df91e6dae885:192.168.151.103:39788, 002bed63-9761-4b9f-9eba-a6bdbdfe34b9:192.168.151.103:43508], old=null
2019-09-27 09:26:00,972 [002bed63-9761-4b9f-9eba-a6bdbdfe34b9@group-827F9F9FA464:LeaderElection162] INFO  impl.LeaderElection (LogUtils.java:infoOrTrace(149)) -   Exception 0: {}
java.util.concurrent.ExecutionException: org.apache.ratis.thirdparty.io.grpc.StatusRuntimeException: UNAVAILABLE: io exception
	at java.util.concurrent.FutureTask.report(FutureTask.java:122)
	at java.util.concurrent.FutureTask.get(FutureTask.java:192)
	at org.apache.ratis.server.impl.LeaderElection.waitForResults(LeaderElection.java:263)
	at org.apache.ratis.server.impl.LeaderElection.askForVotes(LeaderElection.java:201)
	at org.apache.ratis.server.impl.LeaderElection.run(LeaderElection.java:133)
	at java.lang.Thread.run(Thread.java:748)
Caused by: org.apache.ratis.thirdparty.io.grpc.StatusRuntimeException: UNAVAILABLE: io exception
	at org.apache.ratis.thirdparty.io.grpc.stub.ClientCalls.toStatusRuntimeException(ClientCalls.java:233)
	at org.apache.ratis.thirdparty.io.grpc.stub.ClientCalls.getUnchecked(ClientCalls.java:214)
	at org.apache.ratis.thirdparty.io.grpc.stub.ClientCalls.blockingUnaryCall(ClientCalls.java:139)
	at org.apache.ratis.proto.grpc.RaftServerProtocolServiceGrpc$RaftServerProtocolServiceBlockingStub.requestVote(RaftServerProtocolServiceGrpc.java:265)
	at org.apache.ratis.grpc.server.GrpcServerProtocolClient.requestVote(GrpcServerProtocolClient.java:90)
	at org.apache.ratis.grpc.server.GrpcService.requestVote(GrpcService.java:204)
	at org.apache.ratis.server.impl.LeaderElection.lambda$submitRequests$1(LeaderElection.java:238)
	at java.util.concurrent.FutureTask.run(FutureTask.java:266)
	at java.util.concurrent.Executors$RunnableAdapter.call(Executors.java:511)
	at java.util.concurrent.FutureTask.run(FutureTask.java:266)
	at java.util.concurrent.ThreadPoolExecutor.runWorker(ThreadPoolExecutor.java:1149)
	at java.util.concurrent.ThreadPoolExecutor$Worker.run(ThreadPoolExecutor.java:624)
	... 1 more
Caused by: org.apache.ratis.thirdparty.io.netty.channel.AbstractChannel$AnnotatedConnectException: Connection refused: /192.168.151.103:39788
	at sun.nio.ch.SocketChannelImpl.checkConnect(Native Method)
	at sun.nio.ch.SocketChannelImpl.finishConnect(SocketChannelImpl.java:717)
	at org.apache.ratis.thirdparty.io.netty.channel.socket.nio.NioSocketChannel.doFinishConnect(NioSocketChannel.java:327)
	at org.apache.ratis.thirdparty.io.netty.channel.nio.AbstractNioChannel$AbstractNioUnsafe.finishConnect(AbstractNioChannel.java:340)
	at org.apache.ratis.thirdparty.io.netty.channel.nio.NioEventLoop.processSelectedKey(NioEventLoop.java:632)
	at org.apache.ratis.thirdparty.io.netty.channel.nio.NioEventLoop.processSelectedKeysOptimized(NioEventLoop.java:579)
	at org.apache.ratis.thirdparty.io.netty.channel.nio.NioEventLoop.processSelectedKeys(NioEventLoop.java:496)
	at org.apache.ratis.thirdparty.io.netty.channel.nio.NioEventLoop.run(NioEventLoop.java:458)
	at org.apache.ratis.thirdparty.io.netty.util.concurrent.SingleThreadEventExecutor$5.run(SingleThreadEventExecutor.java:897)
	at org.apache.ratis.thirdparty.io.netty.util.concurrent.FastThreadLocalRunnable.run(FastThreadLocalRunnable.java:30)
	... 1 more
Caused by: java.net.ConnectException: Connection refused
	... 11 more
2019-09-27 09:26:00,972 [002bed63-9761-4b9f-9eba-a6bdbdfe34b9@group-827F9F9FA464:LeaderElection162] INFO  impl.LeaderElection (LogUtils.java:infoOrTrace(149)) -   Exception 1: {}
java.util.concurrent.ExecutionException: org.apache.ratis.thirdparty.io.grpc.StatusRuntimeException: UNAVAILABLE: io exception
	at java.util.concurrent.FutureTask.report(FutureTask.java:122)
	at java.util.concurrent.FutureTask.get(FutureTask.java:192)
	at org.apache.ratis.server.impl.LeaderElection.waitForResults(LeaderElection.java:263)
	at org.apache.ratis.server.impl.LeaderElection.askForVotes(LeaderElection.java:201)
	at org.apache.ratis.server.impl.LeaderElection.run(LeaderElection.java:133)
	at java.lang.Thread.run(Thread.java:748)
Caused by: org.apache.ratis.thirdparty.io.grpc.StatusRuntimeException: UNAVAILABLE: io exception
	at org.apache.ratis.thirdparty.io.grpc.stub.ClientCalls.toStatusRuntimeException(ClientCalls.java:233)
	at org.apache.ratis.thirdparty.io.grpc.stub.ClientCalls.getUnchecked(ClientCalls.java:214)
	at org.apache.ratis.thirdparty.io.grpc.stub.ClientCalls.blockingUnaryCall(ClientCalls.java:139)
	at org.apache.ratis.proto.grpc.RaftServerProtocolServiceGrpc$RaftServerProtocolServiceBlockingStub.requestVote(RaftServerProtocolServiceGrpc.java:265)
	at org.apache.ratis.grpc.server.GrpcServerProtocolClient.requestVote(GrpcServerProtocolClient.java:90)
	at org.apache.ratis.grpc.server.GrpcService.requestVote(GrpcService.java:204)
	at org.apache.ratis.server.impl.LeaderElection.lambda$submitRequests$1(LeaderElection.java:238)
	at java.util.concurrent.FutureTask.run(FutureTask.java:266)
	at java.util.concurrent.Executors$RunnableAdapter.call(Executors.java:511)
	at java.util.concurrent.FutureTask.run(FutureTask.java:266)
	at java.util.concurrent.ThreadPoolExecutor.runWorker(ThreadPoolExecutor.java:1149)
	at java.util.concurrent.ThreadPoolExecutor$Worker.run(ThreadPoolExecutor.java:624)
	... 1 more
Caused by: org.apache.ratis.thirdparty.io.netty.channel.AbstractChannel$AnnotatedConnectException: Connection refused: /192.168.151.103:41127
	at sun.nio.ch.SocketChannelImpl.checkConnect(Native Method)
	at sun.nio.ch.SocketChannelImpl.finishConnect(SocketChannelImpl.java:717)
	at org.apache.ratis.thirdparty.io.netty.channel.socket.nio.NioSocketChannel.doFinishConnect(NioSocketChannel.java:327)
	at org.apache.ratis.thirdparty.io.netty.channel.nio.AbstractNioChannel$AbstractNioUnsafe.finishConnect(AbstractNioChannel.java:340)
	at org.apache.ratis.thirdparty.io.netty.channel.nio.NioEventLoop.processSelectedKey(NioEventLoop.java:632)
	at org.apache.ratis.thirdparty.io.netty.channel.nio.NioEventLoop.processSelectedKeysOptimized(NioEventLoop.java:579)
	at org.apache.ratis.thirdparty.io.netty.channel.nio.NioEventLoop.processSelectedKeys(NioEventLoop.java:496)
	at org.apache.ratis.thirdparty.io.netty.channel.nio.NioEventLoop.run(NioEventLoop.java:458)
	at org.apache.ratis.thirdparty.io.netty.util.concurrent.SingleThreadEventExecutor$5.run(SingleThreadEventExecutor.java:897)
	at org.apache.ratis.thirdparty.io.netty.util.concurrent.FastThreadLocalRunnable.run(FastThreadLocalRunnable.java:30)
	... 1 more
Caused by: java.net.ConnectException: Connection refused
	... 11 more
2019-09-27 09:26:00,972 [002bed63-9761-4b9f-9eba-a6bdbdfe34b9@group-827F9F9FA464:LeaderElection162] INFO  impl.RaftServerImpl (RaftServerImpl.java:setRole(174)) - 002bed63-9761-4b9f-9eba-a6bdbdfe34b9@group-827F9F9FA464: changes role from CANDIDATE to FOLLOWER at term 9 for DISCOVERED_A_NEW_TERM
2019-09-27 09:26:00,972 [002bed63-9761-4b9f-9eba-a6bdbdfe34b9@group-827F9F9FA464:LeaderElection162] INFO  impl.RoleInfo (RoleInfo.java:shutdownLeaderElection(134)) - 002bed63-9761-4b9f-9eba-a6bdbdfe34b9: shutdown LeaderElection
2019-09-27 09:26:00,972 [002bed63-9761-4b9f-9eba-a6bdbdfe34b9@group-827F9F9FA464:LeaderElection162] INFO  impl.RoleInfo (RoleInfo.java:updateAndGet(143)) - 002bed63-9761-4b9f-9eba-a6bdbdfe34b9: start FollowerState
2019-09-27 09:26:01,044 [grpc-default-executor-1] WARN  server.GrpcLogAppender (LogUtils.java:warn(134)) - 391bbd77-e270-498a-b344-18095c6f1940@group-49BF442FE5BA->42a6dc71-468f-4bda-a1ef-3415db0682d5-AppendLogResponseHandler: Failed appendEntries: org.apache.ratis.thirdparty.io.grpc.StatusRuntimeException: UNAVAILABLE: io exception
2019-09-27 09:26:01,044 [grpc-default-executor-1] INFO  impl.FollowerInfo (FollowerInfo.java:lambda$new$0(51)) - 391bbd77-e270-498a-b344-18095c6f1940@group-49BF442FE5BA->42a6dc71-468f-4bda-a1ef-3415db0682d5: nextIndex: updateUnconditionally 0 -> 0
2019-09-27 09:26:01,333 [Thread-9730] INFO  impl.FollowerState (FollowerState.java:run(106)) - c1dc816a-002e-4190-8c4b-03368fc83464:group-CB4EA96F2AAE changes to CANDIDATE, lastRpcTime:1106, electionTimeout:1106ms
2019-09-27 09:26:01,333 [Thread-9730] INFO  impl.RoleInfo (RoleInfo.java:shutdownFollowerState(121)) - c1dc816a-002e-4190-8c4b-03368fc83464: shutdown FollowerState
2019-09-27 09:26:01,333 [Thread-9730] INFO  impl.RaftServerImpl (RaftServerImpl.java:setRole(174)) - c1dc816a-002e-4190-8c4b-03368fc83464@group-CB4EA96F2AAE: changes role from  FOLLOWER to CANDIDATE at term 4 for changeToCandidate
2019-09-27 09:26:01,333 [Thread-9730] INFO  impl.RoleInfo (RoleInfo.java:updateAndGet(143)) - c1dc816a-002e-4190-8c4b-03368fc83464: start LeaderElection
2019-09-27 09:26:01,347 [c1dc816a-002e-4190-8c4b-03368fc83464@group-CB4EA96F2AAE:LeaderElection163] INFO  impl.LeaderElection (LeaderElection.java:askForVotes(182)) - c1dc816a-002e-4190-8c4b-03368fc83464@group-CB4EA96F2AAE:LeaderElection163: begin an election at term 5 for 0: [c1dc816a-002e-4190-8c4b-03368fc83464:192.168.151.103:35476, 03814bdb-c6b3-415d-8615-039e811c0048:192.168.151.103:40137, 513ea752-2bb4-4e9d-94cf-0dce8d7e1b31:192.168.151.103:39440], old=null
2019-09-27 09:26:01,347 [c1dc816a-002e-4190-8c4b-03368fc83464@group-CB4EA96F2AAE:LeaderElection163] INFO  impl.LeaderElection (LogUtils.java:infoOrTrace(149)) - c1dc816a-002e-4190-8c4b-03368fc83464@group-CB4EA96F2AAE:LeaderElection163 got exception when requesting votes: {}
java.util.concurrent.ExecutionException: org.apache.ratis.thirdparty.io.grpc.StatusRuntimeException: UNAVAILABLE: io exception
	at java.util.concurrent.FutureTask.report(FutureTask.java:122)
	at java.util.concurrent.FutureTask.get(FutureTask.java:192)
	at org.apache.ratis.server.impl.LeaderElection.waitForResults(LeaderElection.java:263)
	at org.apache.ratis.server.impl.LeaderElection.askForVotes(LeaderElection.java:201)
	at org.apache.ratis.server.impl.LeaderElection.run(LeaderElection.java:133)
	at java.lang.Thread.run(Thread.java:748)
Caused by: org.apache.ratis.thirdparty.io.grpc.StatusRuntimeException: UNAVAILABLE: io exception
	at org.apache.ratis.thirdparty.io.grpc.stub.ClientCalls.toStatusRuntimeException(ClientCalls.java:233)
	at org.apache.ratis.thirdparty.io.grpc.stub.ClientCalls.getUnchecked(ClientCalls.java:214)
	at org.apache.ratis.thirdparty.io.grpc.stub.ClientCalls.blockingUnaryCall(ClientCalls.java:139)
	at org.apache.ratis.proto.grpc.RaftServerProtocolServiceGrpc$RaftServerProtocolServiceBlockingStub.requestVote(RaftServerProtocolServiceGrpc.java:265)
	at org.apache.ratis.grpc.server.GrpcServerProtocolClient.requestVote(GrpcServerProtocolClient.java:90)
	at org.apache.ratis.grpc.server.GrpcService.requestVote(GrpcService.java:204)
	at org.apache.ratis.server.impl.LeaderElection.lambda$submitRequests$1(LeaderElection.java:238)
	at java.util.concurrent.FutureTask.run(FutureTask.java:266)
	at java.util.concurrent.Executors$RunnableAdapter.call(Executors.java:511)
	at java.util.concurrent.FutureTask.run(FutureTask.java:266)
	at java.util.concurrent.ThreadPoolExecutor.runWorker(ThreadPoolExecutor.java:1149)
	at java.util.concurrent.ThreadPoolExecutor$Worker.run(ThreadPoolExecutor.java:624)
	... 1 more
Caused by: org.apache.ratis.thirdparty.io.netty.channel.AbstractChannel$AnnotatedConnectException: Connection refused: /192.168.151.103:40137
	at sun.nio.ch.SocketChannelImpl.checkConnect(Native Method)
	at sun.nio.ch.SocketChannelImpl.finishConnect(SocketChannelImpl.java:717)
	at org.apache.ratis.thirdparty.io.netty.channel.socket.nio.NioSocketChannel.doFinishConnect(NioSocketChannel.java:327)
	at org.apache.ratis.thirdparty.io.netty.channel.nio.AbstractNioChannel$AbstractNioUnsafe.finishConnect(AbstractNioChannel.java:340)
	at org.apache.ratis.thirdparty.io.netty.channel.nio.NioEventLoop.processSelectedKey(NioEventLoop.java:632)
	at org.apache.ratis.thirdparty.io.netty.channel.nio.NioEventLoop.processSelectedKeysOptimized(NioEventLoop.java:579)
	at org.apache.ratis.thirdparty.io.netty.channel.nio.NioEventLoop.processSelectedKeys(NioEventLoop.java:496)
	at org.apache.ratis.thirdparty.io.netty.channel.nio.NioEventLoop.run(NioEventLoop.java:458)
	at org.apache.ratis.thirdparty.io.netty.util.concurrent.SingleThreadEventExecutor$5.run(SingleThreadEventExecutor.java:897)
	at org.apache.ratis.thirdparty.io.netty.util.concurrent.FastThreadLocalRunnable.run(FastThreadLocalRunnable.java:30)
	... 1 more
Caused by: java.net.ConnectException: Connection refused
	... 11 more
2019-09-27 09:26:01,348 [c1dc816a-002e-4190-8c4b-03368fc83464@group-CB4EA96F2AAE:LeaderElection163] INFO  impl.LeaderElection (LogUtils.java:infoOrTrace(149)) - c1dc816a-002e-4190-8c4b-03368fc83464@group-CB4EA96F2AAE:LeaderElection163 got exception when requesting votes: {}
java.util.concurrent.ExecutionException: org.apache.ratis.thirdparty.io.grpc.StatusRuntimeException: UNAVAILABLE: io exception
	at java.util.concurrent.FutureTask.report(FutureTask.java:122)
	at java.util.concurrent.FutureTask.get(FutureTask.java:192)
	at org.apache.ratis.server.impl.LeaderElection.waitForResults(LeaderElection.java:263)
	at org.apache.ratis.server.impl.LeaderElection.askForVotes(LeaderElection.java:201)
	at org.apache.ratis.server.impl.LeaderElection.run(LeaderElection.java:133)
	at java.lang.Thread.run(Thread.java:748)
Caused by: org.apache.ratis.thirdparty.io.grpc.StatusRuntimeException: UNAVAILABLE: io exception
	at org.apache.ratis.thirdparty.io.grpc.stub.ClientCalls.toStatusRuntimeException(ClientCalls.java:233)
	at org.apache.ratis.thirdparty.io.grpc.stub.ClientCalls.getUnchecked(ClientCalls.java:214)
	at org.apache.ratis.thirdparty.io.grpc.stub.ClientCalls.blockingUnaryCall(ClientCalls.java:139)
	at org.apache.ratis.proto.grpc.RaftServerProtocolServiceGrpc$RaftServerProtocolServiceBlockingStub.requestVote(RaftServerProtocolServiceGrpc.java:265)
	at org.apache.ratis.grpc.server.GrpcServerProtocolClient.requestVote(GrpcServerProtocolClient.java:90)
	at org.apache.ratis.grpc.server.GrpcService.requestVote(GrpcService.java:204)
	at org.apache.ratis.server.impl.LeaderElection.lambda$submitRequests$1(LeaderElection.java:238)
	at java.util.concurrent.FutureTask.run(FutureTask.java:266)
	at java.util.concurrent.Executors$RunnableAdapter.call(Executors.java:511)
	at java.util.concurrent.FutureTask.run(FutureTask.java:266)
	at java.util.concurrent.ThreadPoolExecutor.runWorker(ThreadPoolExecutor.java:1149)
	at java.util.concurrent.ThreadPoolExecutor$Worker.run(ThreadPoolExecutor.java:624)
	... 1 more
Caused by: org.apache.ratis.thirdparty.io.netty.channel.AbstractChannel$AnnotatedConnectException: Connection refused: /192.168.151.103:39440
	at sun.nio.ch.SocketChannelImpl.checkConnect(Native Method)
	at sun.nio.ch.SocketChannelImpl.finishConnect(SocketChannelImpl.java:717)
	at org.apache.ratis.thirdparty.io.netty.channel.socket.nio.NioSocketChannel.doFinishConnect(NioSocketChannel.java:327)
	at org.apache.ratis.thirdparty.io.netty.channel.nio.AbstractNioChannel$AbstractNioUnsafe.finishConnect(AbstractNioChannel.java:340)
	at org.apache.ratis.thirdparty.io.netty.channel.nio.NioEventLoop.processSelectedKey(NioEventLoop.java:632)
	at org.apache.ratis.thirdparty.io.netty.channel.nio.NioEventLoop.processSelectedKeysOptimized(NioEventLoop.java:579)
	at org.apache.ratis.thirdparty.io.netty.channel.nio.NioEventLoop.processSelectedKeys(NioEventLoop.java:496)
	at org.apache.ratis.thirdparty.io.netty.channel.nio.NioEventLoop.run(NioEventLoop.java:458)
	at org.apache.ratis.thirdparty.io.netty.util.concurrent.SingleThreadEventExecutor$5.run(SingleThreadEventExecutor.java:897)
	at org.apache.ratis.thirdparty.io.netty.util.concurrent.FastThreadLocalRunnable.run(FastThreadLocalRunnable.java:30)
	... 1 more
Caused by: java.net.ConnectException: Connection refused
	... 11 more
2019-09-27 09:26:01,348 [c1dc816a-002e-4190-8c4b-03368fc83464@group-CB4EA96F2AAE:LeaderElection163] INFO  impl.LeaderElection (LeaderElection.java:logAndReturn(56)) - c1dc816a-002e-4190-8c4b-03368fc83464@group-CB4EA96F2AAE:LeaderElection163: Election REJECTED; received 0 response(s) [] and 2 exception(s); c1dc816a-002e-4190-8c4b-03368fc83464@group-CB4EA96F2AAE:t5, leader=null, voted=c1dc816a-002e-4190-8c4b-03368fc83464, raftlog=c1dc816a-002e-4190-8c4b-03368fc83464@group-CB4EA96F2AAE-SegmentedRaftLog:OPENED:c0,f0,i0, conf=0: [c1dc816a-002e-4190-8c4b-03368fc83464:192.168.151.103:35476, 03814bdb-c6b3-415d-8615-039e811c0048:192.168.151.103:40137, 513ea752-2bb4-4e9d-94cf-0dce8d7e1b31:192.168.151.103:39440], old=null
2019-09-27 09:26:01,348 [c1dc816a-002e-4190-8c4b-03368fc83464@group-CB4EA96F2AAE:LeaderElection163] INFO  impl.LeaderElection (LogUtils.java:infoOrTrace(149)) -   Exception 0: {}
java.util.concurrent.ExecutionException: org.apache.ratis.thirdparty.io.grpc.StatusRuntimeException: UNAVAILABLE: io exception
	at java.util.concurrent.FutureTask.report(FutureTask.java:122)
	at java.util.concurrent.FutureTask.get(FutureTask.java:192)
	at org.apache.ratis.server.impl.LeaderElection.waitForResults(LeaderElection.java:263)
	at org.apache.ratis.server.impl.LeaderElection.askForVotes(LeaderElection.java:201)
	at org.apache.ratis.server.impl.LeaderElection.run(LeaderElection.java:133)
	at java.lang.Thread.run(Thread.java:748)
Caused by: org.apache.ratis.thirdparty.io.grpc.StatusRuntimeException: UNAVAILABLE: io exception
	at org.apache.ratis.thirdparty.io.grpc.stub.ClientCalls.toStatusRuntimeException(ClientCalls.java:233)
	at org.apache.ratis.thirdparty.io.grpc.stub.ClientCalls.getUnchecked(ClientCalls.java:214)
	at org.apache.ratis.thirdparty.io.grpc.stub.ClientCalls.blockingUnaryCall(ClientCalls.java:139)
	at org.apache.ratis.proto.grpc.RaftServerProtocolServiceGrpc$RaftServerProtocolServiceBlockingStub.requestVote(RaftServerProtocolServiceGrpc.java:265)
	at org.apache.ratis.grpc.server.GrpcServerProtocolClient.requestVote(GrpcServerProtocolClient.java:90)
	at org.apache.ratis.grpc.server.GrpcService.requestVote(GrpcService.java:204)
	at org.apache.ratis.server.impl.LeaderElection.lambda$submitRequests$1(LeaderElection.java:238)
	at java.util.concurrent.FutureTask.run(FutureTask.java:266)
	at java.util.concurrent.Executors$RunnableAdapter.call(Executors.java:511)
	at java.util.concurrent.FutureTask.run(FutureTask.java:266)
	at java.util.concurrent.ThreadPoolExecutor.runWorker(ThreadPoolExecutor.java:1149)
	at java.util.concurrent.ThreadPoolExecutor$Worker.run(ThreadPoolExecutor.java:624)
	... 1 more
Caused by: org.apache.ratis.thirdparty.io.netty.channel.AbstractChannel$AnnotatedConnectException: Connection refused: /192.168.151.103:40137
	at sun.nio.ch.SocketChannelImpl.checkConnect(Native Method)
	at sun.nio.ch.SocketChannelImpl.finishConnect(SocketChannelImpl.java:717)
	at org.apache.ratis.thirdparty.io.netty.channel.socket.nio.NioSocketChannel.doFinishConnect(NioSocketChannel.java:327)
	at org.apache.ratis.thirdparty.io.netty.channel.nio.AbstractNioChannel$AbstractNioUnsafe.finishConnect(AbstractNioChannel.java:340)
	at org.apache.ratis.thirdparty.io.netty.channel.nio.NioEventLoop.processSelectedKey(NioEventLoop.java:632)
	at org.apache.ratis.thirdparty.io.netty.channel.nio.NioEventLoop.processSelectedKeysOptimized(NioEventLoop.java:579)
	at org.apache.ratis.thirdparty.io.netty.channel.nio.NioEventLoop.processSelectedKeys(NioEventLoop.java:496)
	at org.apache.ratis.thirdparty.io.netty.channel.nio.NioEventLoop.run(NioEventLoop.java:458)
	at org.apache.ratis.thirdparty.io.netty.util.concurrent.SingleThreadEventExecutor$5.run(SingleThreadEventExecutor.java:897)
	at org.apache.ratis.thirdparty.io.netty.util.concurrent.FastThreadLocalRunnable.run(FastThreadLocalRunnable.java:30)
	... 1 more
Caused by: java.net.ConnectException: Connection refused
	... 11 more
2019-09-27 09:26:01,348 [c1dc816a-002e-4190-8c4b-03368fc83464@group-CB4EA96F2AAE:LeaderElection163] INFO  impl.LeaderElection (LogUtils.java:infoOrTrace(149)) -   Exception 1: {}
java.util.concurrent.ExecutionException: org.apache.ratis.thirdparty.io.grpc.StatusRuntimeException: UNAVAILABLE: io exception
	at java.util.concurrent.FutureTask.report(FutureTask.java:122)
	at java.util.concurrent.FutureTask.get(FutureTask.java:192)
	at org.apache.ratis.server.impl.LeaderElection.waitForResults(LeaderElection.java:263)
	at org.apache.ratis.server.impl.LeaderElection.askForVotes(LeaderElection.java:201)
	at org.apache.ratis.server.impl.LeaderElection.run(LeaderElection.java:133)
	at java.lang.Thread.run(Thread.java:748)
Caused by: org.apache.ratis.thirdparty.io.grpc.StatusRuntimeException: UNAVAILABLE: io exception
	at org.apache.ratis.thirdparty.io.grpc.stub.ClientCalls.toStatusRuntimeException(ClientCalls.java:233)
	at org.apache.ratis.thirdparty.io.grpc.stub.ClientCalls.getUnchecked(ClientCalls.java:214)
	at org.apache.ratis.thirdparty.io.grpc.stub.ClientCalls.blockingUnaryCall(ClientCalls.java:139)
	at org.apache.ratis.proto.grpc.RaftServerProtocolServiceGrpc$RaftServerProtocolServiceBlockingStub.requestVote(RaftServerProtocolServiceGrpc.java:265)
	at org.apache.ratis.grpc.server.GrpcServerProtocolClient.requestVote(GrpcServerProtocolClient.java:90)
	at org.apache.ratis.grpc.server.GrpcService.requestVote(GrpcService.java:204)
	at org.apache.ratis.server.impl.LeaderElection.lambda$submitRequests$1(LeaderElection.java:238)
	at java.util.concurrent.FutureTask.run(FutureTask.java:266)
	at java.util.concurrent.Executors$RunnableAdapter.call(Executors.java:511)
	at java.util.concurrent.FutureTask.run(FutureTask.java:266)
	at java.util.concurrent.ThreadPoolExecutor.runWorker(ThreadPoolExecutor.java:1149)
	at java.util.concurrent.ThreadPoolExecutor$Worker.run(ThreadPoolExecutor.java:624)
	... 1 more
Caused by: org.apache.ratis.thirdparty.io.netty.channel.AbstractChannel$AnnotatedConnectException: Connection refused: /192.168.151.103:39440
	at sun.nio.ch.SocketChannelImpl.checkConnect(Native Method)
	at sun.nio.ch.SocketChannelImpl.finishConnect(SocketChannelImpl.java:717)
	at org.apache.ratis.thirdparty.io.netty.channel.socket.nio.NioSocketChannel.doFinishConnect(NioSocketChannel.java:327)
	at org.apache.ratis.thirdparty.io.netty.channel.nio.AbstractNioChannel$AbstractNioUnsafe.finishConnect(AbstractNioChannel.java:340)
	at org.apache.ratis.thirdparty.io.netty.channel.nio.NioEventLoop.processSelectedKey(NioEventLoop.java:632)
	at org.apache.ratis.thirdparty.io.netty.channel.nio.NioEventLoop.processSelectedKeysOptimized(NioEventLoop.java:579)
	at org.apache.ratis.thirdparty.io.netty.channel.nio.NioEventLoop.processSelectedKeys(NioEventLoop.java:496)
	at org.apache.ratis.thirdparty.io.netty.channel.nio.NioEventLoop.run(NioEventLoop.java:458)
	at org.apache.ratis.thirdparty.io.netty.util.concurrent.SingleThreadEventExecutor$5.run(SingleThreadEventExecutor.java:897)
	at org.apache.ratis.thirdparty.io.netty.util.concurrent.FastThreadLocalRunnable.run(FastThreadLocalRunnable.java:30)
	... 1 more
Caused by: java.net.ConnectException: Connection refused
	... 11 more
2019-09-27 09:26:01,348 [c1dc816a-002e-4190-8c4b-03368fc83464@group-CB4EA96F2AAE:LeaderElection163] INFO  impl.RaftServerImpl (RaftServerImpl.java:setRole(174)) - c1dc816a-002e-4190-8c4b-03368fc83464@group-CB4EA96F2AAE: changes role from CANDIDATE to FOLLOWER at term 5 for DISCOVERED_A_NEW_TERM
2019-09-27 09:26:01,348 [c1dc816a-002e-4190-8c4b-03368fc83464@group-CB4EA96F2AAE:LeaderElection163] INFO  impl.RoleInfo (RoleInfo.java:shutdownLeaderElection(134)) - c1dc816a-002e-4190-8c4b-03368fc83464: shutdown LeaderElection
2019-09-27 09:26:01,349 [c1dc816a-002e-4190-8c4b-03368fc83464@group-CB4EA96F2AAE:LeaderElection163] INFO  impl.RoleInfo (RoleInfo.java:updateAndGet(143)) - c1dc816a-002e-4190-8c4b-03368fc83464: start FollowerState
2019-09-27 09:26:01,545 [grpc-default-executor-5] WARN  server.GrpcLogAppender (LogUtils.java:warn(134)) - 391bbd77-e270-498a-b344-18095c6f1940@group-49BF442FE5BA->42a6dc71-468f-4bda-a1ef-3415db0682d5-AppendLogResponseHandler: Failed appendEntries: org.apache.ratis.thirdparty.io.grpc.StatusRuntimeException: UNAVAILABLE: io exception
2019-09-27 09:26:01,545 [grpc-default-executor-5] INFO  impl.FollowerInfo (FollowerInfo.java:lambda$new$0(51)) - 391bbd77-e270-498a-b344-18095c6f1940@group-49BF442FE5BA->42a6dc71-468f-4bda-a1ef-3415db0682d5: nextIndex: updateUnconditionally 0 -> 0
2019-09-27 09:26:02,045 [grpc-default-executor-5] WARN  server.GrpcLogAppender (LogUtils.java:warn(134)) - 391bbd77-e270-498a-b344-18095c6f1940@group-49BF442FE5BA->42a6dc71-468f-4bda-a1ef-3415db0682d5-AppendLogResponseHandler: Failed appendEntries: org.apache.ratis.thirdparty.io.grpc.StatusRuntimeException: UNAVAILABLE: io exception
2019-09-27 09:26:02,045 [grpc-default-executor-5] INFO  impl.FollowerInfo (FollowerInfo.java:lambda$new$0(51)) - 391bbd77-e270-498a-b344-18095c6f1940@group-49BF442FE5BA->42a6dc71-468f-4bda-a1ef-3415db0682d5: nextIndex: updateUnconditionally 0 -> 0
2019-09-27 09:26:02,059 [Thread-9736] INFO  impl.FollowerState (FollowerState.java:run(106)) - 002bed63-9761-4b9f-9eba-a6bdbdfe34b9:group-827F9F9FA464 changes to CANDIDATE, lastRpcTime:1086, electionTimeout:1086ms
2019-09-27 09:26:02,059 [Thread-9736] INFO  impl.RoleInfo (RoleInfo.java:shutdownFollowerState(121)) - 002bed63-9761-4b9f-9eba-a6bdbdfe34b9: shutdown FollowerState
2019-09-27 09:26:02,059 [Thread-9736] INFO  impl.RaftServerImpl (RaftServerImpl.java:setRole(174)) - 002bed63-9761-4b9f-9eba-a6bdbdfe34b9@group-827F9F9FA464: changes role from  FOLLOWER to CANDIDATE at term 9 for changeToCandidate
2019-09-27 09:26:02,059 [Thread-9736] INFO  impl.RoleInfo (RoleInfo.java:updateAndGet(143)) - 002bed63-9761-4b9f-9eba-a6bdbdfe34b9: start LeaderElection
2019-09-27 09:26:02,073 [002bed63-9761-4b9f-9eba-a6bdbdfe34b9@group-827F9F9FA464:LeaderElection164] INFO  impl.LeaderElection (LeaderElection.java:askForVotes(182)) - 002bed63-9761-4b9f-9eba-a6bdbdfe34b9@group-827F9F9FA464:LeaderElection164: begin an election at term 10 for 0: [923630be-6089-4454-ada8-343910becadd:192.168.151.103:41127, 48a73947-ad36-4a89-bdb8-df91e6dae885:192.168.151.103:39788, 002bed63-9761-4b9f-9eba-a6bdbdfe34b9:192.168.151.103:43508], old=null
2019-09-27 09:26:02,074 [002bed63-9761-4b9f-9eba-a6bdbdfe34b9@group-827F9F9FA464:LeaderElection164] INFO  impl.LeaderElection (LogUtils.java:infoOrTrace(149)) - 002bed63-9761-4b9f-9eba-a6bdbdfe34b9@group-827F9F9FA464:LeaderElection164 got exception when requesting votes: {}
java.util.concurrent.ExecutionException: org.apache.ratis.thirdparty.io.grpc.StatusRuntimeException: UNAVAILABLE: io exception
	at java.util.concurrent.FutureTask.report(FutureTask.java:122)
	at java.util.concurrent.FutureTask.get(FutureTask.java:192)
	at org.apache.ratis.server.impl.LeaderElection.waitForResults(LeaderElection.java:263)
	at org.apache.ratis.server.impl.LeaderElection.askForVotes(LeaderElection.java:201)
	at org.apache.ratis.server.impl.LeaderElection.run(LeaderElection.java:133)
	at java.lang.Thread.run(Thread.java:748)
Caused by: org.apache.ratis.thirdparty.io.grpc.StatusRuntimeException: UNAVAILABLE: io exception
	at org.apache.ratis.thirdparty.io.grpc.stub.ClientCalls.toStatusRuntimeException(ClientCalls.java:233)
	at org.apache.ratis.thirdparty.io.grpc.stub.ClientCalls.getUnchecked(ClientCalls.java:214)
	at org.apache.ratis.thirdparty.io.grpc.stub.ClientCalls.blockingUnaryCall(ClientCalls.java:139)
	at org.apache.ratis.proto.grpc.RaftServerProtocolServiceGrpc$RaftServerProtocolServiceBlockingStub.requestVote(RaftServerProtocolServiceGrpc.java:265)
	at org.apache.ratis.grpc.server.GrpcServerProtocolClient.requestVote(GrpcServerProtocolClient.java:90)
	at org.apache.ratis.grpc.server.GrpcService.requestVote(GrpcService.java:204)
	at org.apache.ratis.server.impl.LeaderElection.lambda$submitRequests$1(LeaderElection.java:238)
	at java.util.concurrent.FutureTask.run(FutureTask.java:266)
	at java.util.concurrent.Executors$RunnableAdapter.call(Executors.java:511)
	at java.util.concurrent.FutureTask.run(FutureTask.java:266)
	at java.util.concurrent.ThreadPoolExecutor.runWorker(ThreadPoolExecutor.java:1149)
	at java.util.concurrent.ThreadPoolExecutor$Worker.run(ThreadPoolExecutor.java:624)
	... 1 more
Caused by: org.apache.ratis.thirdparty.io.netty.channel.AbstractChannel$AnnotatedConnectException: Connection refused: /192.168.151.103:41127
	at sun.nio.ch.SocketChannelImpl.checkConnect(Native Method)
	at sun.nio.ch.SocketChannelImpl.finishConnect(SocketChannelImpl.java:717)
	at org.apache.ratis.thirdparty.io.netty.channel.socket.nio.NioSocketChannel.doFinishConnect(NioSocketChannel.java:327)
	at org.apache.ratis.thirdparty.io.netty.channel.nio.AbstractNioChannel$AbstractNioUnsafe.finishConnect(AbstractNioChannel.java:340)
	at org.apache.ratis.thirdparty.io.netty.channel.nio.NioEventLoop.processSelectedKey(NioEventLoop.java:632)
	at org.apache.ratis.thirdparty.io.netty.channel.nio.NioEventLoop.processSelectedKeysOptimized(NioEventLoop.java:579)
	at org.apache.ratis.thirdparty.io.netty.channel.nio.NioEventLoop.processSelectedKeys(NioEventLoop.java:496)
	at org.apache.ratis.thirdparty.io.netty.channel.nio.NioEventLoop.run(NioEventLoop.java:458)
	at org.apache.ratis.thirdparty.io.netty.util.concurrent.SingleThreadEventExecutor$5.run(SingleThreadEventExecutor.java:897)
	at org.apache.ratis.thirdparty.io.netty.util.concurrent.FastThreadLocalRunnable.run(FastThreadLocalRunnable.java:30)
	... 1 more
Caused by: java.net.ConnectException: Connection refused
	... 11 more
2019-09-27 09:26:02,075 [002bed63-9761-4b9f-9eba-a6bdbdfe34b9@group-827F9F9FA464:LeaderElection164] INFO  impl.LeaderElection (LogUtils.java:infoOrTrace(149)) - 002bed63-9761-4b9f-9eba-a6bdbdfe34b9@group-827F9F9FA464:LeaderElection164 got exception when requesting votes: {}
java.util.concurrent.ExecutionException: org.apache.ratis.thirdparty.io.grpc.StatusRuntimeException: UNAVAILABLE: io exception
	at java.util.concurrent.FutureTask.report(FutureTask.java:122)
	at java.util.concurrent.FutureTask.get(FutureTask.java:192)
	at org.apache.ratis.server.impl.LeaderElection.waitForResults(LeaderElection.java:263)
	at org.apache.ratis.server.impl.LeaderElection.askForVotes(LeaderElection.java:201)
	at org.apache.ratis.server.impl.LeaderElection.run(LeaderElection.java:133)
	at java.lang.Thread.run(Thread.java:748)
Caused by: org.apache.ratis.thirdparty.io.grpc.StatusRuntimeException: UNAVAILABLE: io exception
	at org.apache.ratis.thirdparty.io.grpc.stub.ClientCalls.toStatusRuntimeException(ClientCalls.java:233)
	at org.apache.ratis.thirdparty.io.grpc.stub.ClientCalls.getUnchecked(ClientCalls.java:214)
	at org.apache.ratis.thirdparty.io.grpc.stub.ClientCalls.blockingUnaryCall(ClientCalls.java:139)
	at org.apache.ratis.proto.grpc.RaftServerProtocolServiceGrpc$RaftServerProtocolServiceBlockingStub.requestVote(RaftServerProtocolServiceGrpc.java:265)
	at org.apache.ratis.grpc.server.GrpcServerProtocolClient.requestVote(GrpcServerProtocolClient.java:90)
	at org.apache.ratis.grpc.server.GrpcService.requestVote(GrpcService.java:204)
	at org.apache.ratis.server.impl.LeaderElection.lambda$submitRequests$1(LeaderElection.java:238)
	at java.util.concurrent.FutureTask.run(FutureTask.java:266)
	at java.util.concurrent.Executors$RunnableAdapter.call(Executors.java:511)
	at java.util.concurrent.FutureTask.run(FutureTask.java:266)
	at java.util.concurrent.ThreadPoolExecutor.runWorker(ThreadPoolExecutor.java:1149)
	at java.util.concurrent.ThreadPoolExecutor$Worker.run(ThreadPoolExecutor.java:624)
	... 1 more
Caused by: org.apache.ratis.thirdparty.io.netty.channel.AbstractChannel$AnnotatedConnectException: Connection refused: /192.168.151.103:39788
	at sun.nio.ch.SocketChannelImpl.checkConnect(Native Method)
	at sun.nio.ch.SocketChannelImpl.finishConnect(SocketChannelImpl.java:717)
	at org.apache.ratis.thirdparty.io.netty.channel.socket.nio.NioSocketChannel.doFinishConnect(NioSocketChannel.java:327)
	at org.apache.ratis.thirdparty.io.netty.channel.nio.AbstractNioChannel$AbstractNioUnsafe.finishConnect(AbstractNioChannel.java:340)
	at org.apache.ratis.thirdparty.io.netty.channel.nio.NioEventLoop.processSelectedKey(NioEventLoop.java:632)
	at org.apache.ratis.thirdparty.io.netty.channel.nio.NioEventLoop.processSelectedKeysOptimized(NioEventLoop.java:579)
	at org.apache.ratis.thirdparty.io.netty.channel.nio.NioEventLoop.processSelectedKeys(NioEventLoop.java:496)
	at org.apache.ratis.thirdparty.io.netty.channel.nio.NioEventLoop.run(NioEventLoop.java:458)
	at org.apache.ratis.thirdparty.io.netty.util.concurrent.SingleThreadEventExecutor$5.run(SingleThreadEventExecutor.java:897)
	at org.apache.ratis.thirdparty.io.netty.util.concurrent.FastThreadLocalRunnable.run(FastThreadLocalRunnable.java:30)
	... 1 more
Caused by: java.net.ConnectException: Connection refused
	... 11 more
2019-09-27 09:26:02,075 [002bed63-9761-4b9f-9eba-a6bdbdfe34b9@group-827F9F9FA464:LeaderElection164] INFO  impl.LeaderElection (LeaderElection.java:logAndReturn(56)) - 002bed63-9761-4b9f-9eba-a6bdbdfe34b9@group-827F9F9FA464:LeaderElection164: Election REJECTED; received 0 response(s) [] and 2 exception(s); 002bed63-9761-4b9f-9eba-a6bdbdfe34b9@group-827F9F9FA464:t10, leader=null, voted=002bed63-9761-4b9f-9eba-a6bdbdfe34b9, raftlog=002bed63-9761-4b9f-9eba-a6bdbdfe34b9@group-827F9F9FA464-SegmentedRaftLog:OPENED:c0,f0,i0, conf=0: [923630be-6089-4454-ada8-343910becadd:192.168.151.103:41127, 48a73947-ad36-4a89-bdb8-df91e6dae885:192.168.151.103:39788, 002bed63-9761-4b9f-9eba-a6bdbdfe34b9:192.168.151.103:43508], old=null
2019-09-27 09:26:02,075 [002bed63-9761-4b9f-9eba-a6bdbdfe34b9@group-827F9F9FA464:LeaderElection164] INFO  impl.LeaderElection (LogUtils.java:infoOrTrace(149)) -   Exception 0: {}
java.util.concurrent.ExecutionException: org.apache.ratis.thirdparty.io.grpc.StatusRuntimeException: UNAVAILABLE: io exception
	at java.util.concurrent.FutureTask.report(FutureTask.java:122)
	at java.util.concurrent.FutureTask.get(FutureTask.java:192)
	at org.apache.ratis.server.impl.LeaderElection.waitForResults(LeaderElection.java:263)
	at org.apache.ratis.server.impl.LeaderElection.askForVotes(LeaderElection.java:201)
	at org.apache.ratis.server.impl.LeaderElection.run(LeaderElection.java:133)
	at java.lang.Thread.run(Thread.java:748)
Caused by: org.apache.ratis.thirdparty.io.grpc.StatusRuntimeException: UNAVAILABLE: io exception
	at org.apache.ratis.thirdparty.io.grpc.stub.ClientCalls.toStatusRuntimeException(ClientCalls.java:233)
	at org.apache.ratis.thirdparty.io.grpc.stub.ClientCalls.getUnchecked(ClientCalls.java:214)
	at org.apache.ratis.thirdparty.io.grpc.stub.ClientCalls.blockingUnaryCall(ClientCalls.java:139)
	at org.apache.ratis.proto.grpc.RaftServerProtocolServiceGrpc$RaftServerProtocolServiceBlockingStub.requestVote(RaftServerProtocolServiceGrpc.java:265)
	at org.apache.ratis.grpc.server.GrpcServerProtocolClient.requestVote(GrpcServerProtocolClient.java:90)
	at org.apache.ratis.grpc.server.GrpcService.requestVote(GrpcService.java:204)
	at org.apache.ratis.server.impl.LeaderElection.lambda$submitRequests$1(LeaderElection.java:238)
	at java.util.concurrent.FutureTask.run(FutureTask.java:266)
	at java.util.concurrent.Executors$RunnableAdapter.call(Executors.java:511)
	at java.util.concurrent.FutureTask.run(FutureTask.java:266)
	at java.util.concurrent.ThreadPoolExecutor.runWorker(ThreadPoolExecutor.java:1149)
	at java.util.concurrent.ThreadPoolExecutor$Worker.run(ThreadPoolExecutor.java:624)
	... 1 more
Caused by: org.apache.ratis.thirdparty.io.netty.channel.AbstractChannel$AnnotatedConnectException: Connection refused: /192.168.151.103:41127
	at sun.nio.ch.SocketChannelImpl.checkConnect(Native Method)
	at sun.nio.ch.SocketChannelImpl.finishConnect(SocketChannelImpl.java:717)
	at org.apache.ratis.thirdparty.io.netty.channel.socket.nio.NioSocketChannel.doFinishConnect(NioSocketChannel.java:327)
	at org.apache.ratis.thirdparty.io.netty.channel.nio.AbstractNioChannel$AbstractNioUnsafe.finishConnect(AbstractNioChannel.java:340)
	at org.apache.ratis.thirdparty.io.netty.channel.nio.NioEventLoop.processSelectedKey(NioEventLoop.java:632)
	at org.apache.ratis.thirdparty.io.netty.channel.nio.NioEventLoop.processSelectedKeysOptimized(NioEventLoop.java:579)
	at org.apache.ratis.thirdparty.io.netty.channel.nio.NioEventLoop.processSelectedKeys(NioEventLoop.java:496)
	at org.apache.ratis.thirdparty.io.netty.channel.nio.NioEventLoop.run(NioEventLoop.java:458)
	at org.apache.ratis.thirdparty.io.netty.util.concurrent.SingleThreadEventExecutor$5.run(SingleThreadEventExecutor.java:897)
	at org.apache.ratis.thirdparty.io.netty.util.concurrent.FastThreadLocalRunnable.run(FastThreadLocalRunnable.java:30)
	... 1 more
Caused by: java.net.ConnectException: Connection refused
	... 11 more
2019-09-27 09:26:02,075 [002bed63-9761-4b9f-9eba-a6bdbdfe34b9@group-827F9F9FA464:LeaderElection164] INFO  impl.LeaderElection (LogUtils.java:infoOrTrace(149)) -   Exception 1: {}
java.util.concurrent.ExecutionException: org.apache.ratis.thirdparty.io.grpc.StatusRuntimeException: UNAVAILABLE: io exception
	at java.util.concurrent.FutureTask.report(FutureTask.java:122)
	at java.util.concurrent.FutureTask.get(FutureTask.java:192)
	at org.apache.ratis.server.impl.LeaderElection.waitForResults(LeaderElection.java:263)
	at org.apache.ratis.server.impl.LeaderElection.askForVotes(LeaderElection.java:201)
	at org.apache.ratis.server.impl.LeaderElection.run(LeaderElection.java:133)
	at java.lang.Thread.run(Thread.java:748)
Caused by: org.apache.ratis.thirdparty.io.grpc.StatusRuntimeException: UNAVAILABLE: io exception
	at org.apache.ratis.thirdparty.io.grpc.stub.ClientCalls.toStatusRuntimeException(ClientCalls.java:233)
	at org.apache.ratis.thirdparty.io.grpc.stub.ClientCalls.getUnchecked(ClientCalls.java:214)
	at org.apache.ratis.thirdparty.io.grpc.stub.ClientCalls.blockingUnaryCall(ClientCalls.java:139)
	at org.apache.ratis.proto.grpc.RaftServerProtocolServiceGrpc$RaftServerProtocolServiceBlockingStub.requestVote(RaftServerProtocolServiceGrpc.java:265)
	at org.apache.ratis.grpc.server.GrpcServerProtocolClient.requestVote(GrpcServerProtocolClient.java:90)
	at org.apache.ratis.grpc.server.GrpcService.requestVote(GrpcService.java:204)
	at org.apache.ratis.server.impl.LeaderElection.lambda$submitRequests$1(LeaderElection.java:238)
	at java.util.concurrent.FutureTask.run(FutureTask.java:266)
	at java.util.concurrent.Executors$RunnableAdapter.call(Executors.java:511)
	at java.util.concurrent.FutureTask.run(FutureTask.java:266)
	at java.util.concurrent.ThreadPoolExecutor.runWorker(ThreadPoolExecutor.java:1149)
	at java.util.concurrent.ThreadPoolExecutor$Worker.run(ThreadPoolExecutor.java:624)
	... 1 more
Caused by: org.apache.ratis.thirdparty.io.netty.channel.AbstractChannel$AnnotatedConnectException: Connection refused: /192.168.151.103:39788
	at sun.nio.ch.SocketChannelImpl.checkConnect(Native Method)
	at sun.nio.ch.SocketChannelImpl.finishConnect(SocketChannelImpl.java:717)
	at org.apache.ratis.thirdparty.io.netty.channel.socket.nio.NioSocketChannel.doFinishConnect(NioSocketChannel.java:327)
	at org.apache.ratis.thirdparty.io.netty.channel.nio.AbstractNioChannel$AbstractNioUnsafe.finishConnect(AbstractNioChannel.java:340)
	at org.apache.ratis.thirdparty.io.netty.channel.nio.NioEventLoop.processSelectedKey(NioEventLoop.java:632)
	at org.apache.ratis.thirdparty.io.netty.channel.nio.NioEventLoop.processSelectedKeysOptimized(NioEventLoop.java:579)
	at org.apache.ratis.thirdparty.io.netty.channel.nio.NioEventLoop.processSelectedKeys(NioEventLoop.java:496)
	at org.apache.ratis.thirdparty.io.netty.channel.nio.NioEventLoop.run(NioEventLoop.java:458)
	at org.apache.ratis.thirdparty.io.netty.util.concurrent.SingleThreadEventExecutor$5.run(SingleThreadEventExecutor.java:897)
	at org.apache.ratis.thirdparty.io.netty.util.concurrent.FastThreadLocalRunnable.run(FastThreadLocalRunnable.java:30)
	... 1 more
Caused by: java.net.ConnectException: Connection refused
	... 11 more
2019-09-27 09:26:02,076 [002bed63-9761-4b9f-9eba-a6bdbdfe34b9@group-827F9F9FA464:LeaderElection164] INFO  impl.RaftServerImpl (RaftServerImpl.java:setRole(174)) - 002bed63-9761-4b9f-9eba-a6bdbdfe34b9@group-827F9F9FA464: changes role from CANDIDATE to FOLLOWER at term 10 for DISCOVERED_A_NEW_TERM
2019-09-27 09:26:02,076 [002bed63-9761-4b9f-9eba-a6bdbdfe34b9@group-827F9F9FA464:LeaderElection164] INFO  impl.RoleInfo (RoleInfo.java:shutdownLeaderElection(134)) - 002bed63-9761-4b9f-9eba-a6bdbdfe34b9: shutdown LeaderElection
2019-09-27 09:26:02,076 [002bed63-9761-4b9f-9eba-a6bdbdfe34b9@group-827F9F9FA464:LeaderElection164] INFO  impl.RoleInfo (RoleInfo.java:updateAndGet(143)) - 002bed63-9761-4b9f-9eba-a6bdbdfe34b9: start FollowerState
2019-09-27 09:26:02,427 [Thread-9740] INFO  impl.FollowerState (FollowerState.java:run(106)) - c1dc816a-002e-4190-8c4b-03368fc83464:group-CB4EA96F2AAE changes to CANDIDATE, lastRpcTime:1078, electionTimeout:1075ms
2019-09-27 09:26:02,428 [Thread-9740] INFO  impl.RoleInfo (RoleInfo.java:shutdownFollowerState(121)) - c1dc816a-002e-4190-8c4b-03368fc83464: shutdown FollowerState
2019-09-27 09:26:02,428 [Thread-9740] INFO  impl.RaftServerImpl (RaftServerImpl.java:setRole(174)) - c1dc816a-002e-4190-8c4b-03368fc83464@group-CB4EA96F2AAE: changes role from  FOLLOWER to CANDIDATE at term 5 for changeToCandidate
2019-09-27 09:26:02,428 [Thread-9740] INFO  impl.RoleInfo (RoleInfo.java:updateAndGet(143)) - c1dc816a-002e-4190-8c4b-03368fc83464: start LeaderElection
2019-09-27 09:26:02,442 [c1dc816a-002e-4190-8c4b-03368fc83464@group-CB4EA96F2AAE:LeaderElection165] INFO  impl.LeaderElection (LeaderElection.java:askForVotes(182)) - c1dc816a-002e-4190-8c4b-03368fc83464@group-CB4EA96F2AAE:LeaderElection165: begin an election at term 6 for 0: [c1dc816a-002e-4190-8c4b-03368fc83464:192.168.151.103:35476, 03814bdb-c6b3-415d-8615-039e811c0048:192.168.151.103:40137, 513ea752-2bb4-4e9d-94cf-0dce8d7e1b31:192.168.151.103:39440], old=null
2019-09-27 09:26:02,443 [c1dc816a-002e-4190-8c4b-03368fc83464@group-CB4EA96F2AAE:LeaderElection165] INFO  impl.LeaderElection (LogUtils.java:infoOrTrace(149)) - c1dc816a-002e-4190-8c4b-03368fc83464@group-CB4EA96F2AAE:LeaderElection165 got exception when requesting votes: {}
java.util.concurrent.ExecutionException: org.apache.ratis.thirdparty.io.grpc.StatusRuntimeException: UNAVAILABLE: io exception
	at java.util.concurrent.FutureTask.report(FutureTask.java:122)
	at java.util.concurrent.FutureTask.get(FutureTask.java:192)
	at org.apache.ratis.server.impl.LeaderElection.waitForResults(LeaderElection.java:263)
	at org.apache.ratis.server.impl.LeaderElection.askForVotes(LeaderElection.java:201)
	at org.apache.ratis.server.impl.LeaderElection.run(LeaderElection.java:133)
	at java.lang.Thread.run(Thread.java:748)
Caused by: org.apache.ratis.thirdparty.io.grpc.StatusRuntimeException: UNAVAILABLE: io exception
	at org.apache.ratis.thirdparty.io.grpc.stub.ClientCalls.toStatusRuntimeException(ClientCalls.java:233)
	at org.apache.ratis.thirdparty.io.grpc.stub.ClientCalls.getUnchecked(ClientCalls.java:214)
	at org.apache.ratis.thirdparty.io.grpc.stub.ClientCalls.blockingUnaryCall(ClientCalls.java:139)
	at org.apache.ratis.proto.grpc.RaftServerProtocolServiceGrpc$RaftServerProtocolServiceBlockingStub.requestVote(RaftServerProtocolServiceGrpc.java:265)
	at org.apache.ratis.grpc.server.GrpcServerProtocolClient.requestVote(GrpcServerProtocolClient.java:90)
	at org.apache.ratis.grpc.server.GrpcService.requestVote(GrpcService.java:204)
	at org.apache.ratis.server.impl.LeaderElection.lambda$submitRequests$1(LeaderElection.java:238)
	at java.util.concurrent.FutureTask.run(FutureTask.java:266)
	at java.util.concurrent.Executors$RunnableAdapter.call(Executors.java:511)
	at java.util.concurrent.FutureTask.run(FutureTask.java:266)
	at java.util.concurrent.ThreadPoolExecutor.runWorker(ThreadPoolExecutor.java:1149)
	at java.util.concurrent.ThreadPoolExecutor$Worker.run(ThreadPoolExecutor.java:624)
	... 1 more
Caused by: org.apache.ratis.thirdparty.io.netty.channel.AbstractChannel$AnnotatedConnectException: Connection refused: /192.168.151.103:40137
	at sun.nio.ch.SocketChannelImpl.checkConnect(Native Method)
	at sun.nio.ch.SocketChannelImpl.finishConnect(SocketChannelImpl.java:717)
	at org.apache.ratis.thirdparty.io.netty.channel.socket.nio.NioSocketChannel.doFinishConnect(NioSocketChannel.java:327)
	at org.apache.ratis.thirdparty.io.netty.channel.nio.AbstractNioChannel$AbstractNioUnsafe.finishConnect(AbstractNioChannel.java:340)
	at org.apache.ratis.thirdparty.io.netty.channel.nio.NioEventLoop.processSelectedKey(NioEventLoop.java:632)
	at org.apache.ratis.thirdparty.io.netty.channel.nio.NioEventLoop.processSelectedKeysOptimized(NioEventLoop.java:579)
	at org.apache.ratis.thirdparty.io.netty.channel.nio.NioEventLoop.processSelectedKeys(NioEventLoop.java:496)
	at org.apache.ratis.thirdparty.io.netty.channel.nio.NioEventLoop.run(NioEventLoop.java:458)
	at org.apache.ratis.thirdparty.io.netty.util.concurrent.SingleThreadEventExecutor$5.run(SingleThreadEventExecutor.java:897)
	at org.apache.ratis.thirdparty.io.netty.util.concurrent.FastThreadLocalRunnable.run(FastThreadLocalRunnable.java:30)
	... 1 more
Caused by: java.net.ConnectException: Connection refused
	... 11 more
2019-09-27 09:26:02,443 [c1dc816a-002e-4190-8c4b-03368fc83464@group-CB4EA96F2AAE:LeaderElection165] INFO  impl.LeaderElection (LogUtils.java:infoOrTrace(149)) - c1dc816a-002e-4190-8c4b-03368fc83464@group-CB4EA96F2AAE:LeaderElection165 got exception when requesting votes: {}
java.util.concurrent.ExecutionException: org.apache.ratis.thirdparty.io.grpc.StatusRuntimeException: UNAVAILABLE: io exception
	at java.util.concurrent.FutureTask.report(FutureTask.java:122)
	at java.util.concurrent.FutureTask.get(FutureTask.java:192)
	at org.apache.ratis.server.impl.LeaderElection.waitForResults(LeaderElection.java:263)
	at org.apache.ratis.server.impl.LeaderElection.askForVotes(LeaderElection.java:201)
	at org.apache.ratis.server.impl.LeaderElection.run(LeaderElection.java:133)
	at java.lang.Thread.run(Thread.java:748)
Caused by: org.apache.ratis.thirdparty.io.grpc.StatusRuntimeException: UNAVAILABLE: io exception
	at org.apache.ratis.thirdparty.io.grpc.stub.ClientCalls.toStatusRuntimeException(ClientCalls.java:233)
	at org.apache.ratis.thirdparty.io.grpc.stub.ClientCalls.getUnchecked(ClientCalls.java:214)
	at org.apache.ratis.thirdparty.io.grpc.stub.ClientCalls.blockingUnaryCall(ClientCalls.java:139)
	at org.apache.ratis.proto.grpc.RaftServerProtocolServiceGrpc$RaftServerProtocolServiceBlockingStub.requestVote(RaftServerProtocolServiceGrpc.java:265)
	at org.apache.ratis.grpc.server.GrpcServerProtocolClient.requestVote(GrpcServerProtocolClient.java:90)
	at org.apache.ratis.grpc.server.GrpcService.requestVote(GrpcService.java:204)
	at org.apache.ratis.server.impl.LeaderElection.lambda$submitRequests$1(LeaderElection.java:238)
	at java.util.concurrent.FutureTask.run(FutureTask.java:266)
	at java.util.concurrent.Executors$RunnableAdapter.call(Executors.java:511)
	at java.util.concurrent.FutureTask.run(FutureTask.java:266)
	at java.util.concurrent.ThreadPoolExecutor.runWorker(ThreadPoolExecutor.java:1149)
	at java.util.concurrent.ThreadPoolExecutor$Worker.run(ThreadPoolExecutor.java:624)
	... 1 more
Caused by: org.apache.ratis.thirdparty.io.netty.channel.AbstractChannel$AnnotatedConnectException: Connection refused: /192.168.151.103:39440
	at sun.nio.ch.SocketChannelImpl.checkConnect(Native Method)
	at sun.nio.ch.SocketChannelImpl.finishConnect(SocketChannelImpl.java:717)
	at org.apache.ratis.thirdparty.io.netty.channel.socket.nio.NioSocketChannel.doFinishConnect(NioSocketChannel.java:327)
	at org.apache.ratis.thirdparty.io.netty.channel.nio.AbstractNioChannel$AbstractNioUnsafe.finishConnect(AbstractNioChannel.java:340)
	at org.apache.ratis.thirdparty.io.netty.channel.nio.NioEventLoop.processSelectedKey(NioEventLoop.java:632)
	at org.apache.ratis.thirdparty.io.netty.channel.nio.NioEventLoop.processSelectedKeysOptimized(NioEventLoop.java:579)
	at org.apache.ratis.thirdparty.io.netty.channel.nio.NioEventLoop.processSelectedKeys(NioEventLoop.java:496)
	at org.apache.ratis.thirdparty.io.netty.channel.nio.NioEventLoop.run(NioEventLoop.java:458)
	at org.apache.ratis.thirdparty.io.netty.util.concurrent.SingleThreadEventExecutor$5.run(SingleThreadEventExecutor.java:897)
	at org.apache.ratis.thirdparty.io.netty.util.concurrent.FastThreadLocalRunnable.run(FastThreadLocalRunnable.java:30)
	... 1 more
Caused by: java.net.ConnectException: Connection refused
	... 11 more
2019-09-27 09:26:02,444 [c1dc816a-002e-4190-8c4b-03368fc83464@group-CB4EA96F2AAE:LeaderElection165] INFO  impl.LeaderElection (LeaderElection.java:logAndReturn(56)) - c1dc816a-002e-4190-8c4b-03368fc83464@group-CB4EA96F2AAE:LeaderElection165: Election REJECTED; received 0 response(s) [] and 2 exception(s); c1dc816a-002e-4190-8c4b-03368fc83464@group-CB4EA96F2AAE:t6, leader=null, voted=c1dc816a-002e-4190-8c4b-03368fc83464, raftlog=c1dc816a-002e-4190-8c4b-03368fc83464@group-CB4EA96F2AAE-SegmentedRaftLog:OPENED:c0,f0,i0, conf=0: [c1dc816a-002e-4190-8c4b-03368fc83464:192.168.151.103:35476, 03814bdb-c6b3-415d-8615-039e811c0048:192.168.151.103:40137, 513ea752-2bb4-4e9d-94cf-0dce8d7e1b31:192.168.151.103:39440], old=null
2019-09-27 09:26:02,444 [c1dc816a-002e-4190-8c4b-03368fc83464@group-CB4EA96F2AAE:LeaderElection165] INFO  impl.LeaderElection (LogUtils.java:infoOrTrace(149)) -   Exception 0: {}
java.util.concurrent.ExecutionException: org.apache.ratis.thirdparty.io.grpc.StatusRuntimeException: UNAVAILABLE: io exception
	at java.util.concurrent.FutureTask.report(FutureTask.java:122)
	at java.util.concurrent.FutureTask.get(FutureTask.java:192)
	at org.apache.ratis.server.impl.LeaderElection.waitForResults(LeaderElection.java:263)
	at org.apache.ratis.server.impl.LeaderElection.askForVotes(LeaderElection.java:201)
	at org.apache.ratis.server.impl.LeaderElection.run(LeaderElection.java:133)
	at java.lang.Thread.run(Thread.java:748)
Caused by: org.apache.ratis.thirdparty.io.grpc.StatusRuntimeException: UNAVAILABLE: io exception
	at org.apache.ratis.thirdparty.io.grpc.stub.ClientCalls.toStatusRuntimeException(ClientCalls.java:233)
	at org.apache.ratis.thirdparty.io.grpc.stub.ClientCalls.getUnchecked(ClientCalls.java:214)
	at org.apache.ratis.thirdparty.io.grpc.stub.ClientCalls.blockingUnaryCall(ClientCalls.java:139)
	at org.apache.ratis.proto.grpc.RaftServerProtocolServiceGrpc$RaftServerProtocolServiceBlockingStub.requestVote(RaftServerProtocolServiceGrpc.java:265)
	at org.apache.ratis.grpc.server.GrpcServerProtocolClient.requestVote(GrpcServerProtocolClient.java:90)
	at org.apache.ratis.grpc.server.GrpcService.requestVote(GrpcService.java:204)
	at org.apache.ratis.server.impl.LeaderElection.lambda$submitRequests$1(LeaderElection.java:238)
	at java.util.concurrent.FutureTask.run(FutureTask.java:266)
	at java.util.concurrent.Executors$RunnableAdapter.call(Executors.java:511)
	at java.util.concurrent.FutureTask.run(FutureTask.java:266)
	at java.util.concurrent.ThreadPoolExecutor.runWorker(ThreadPoolExecutor.java:1149)
	at java.util.concurrent.ThreadPoolExecutor$Worker.run(ThreadPoolExecutor.java:624)
	... 1 more
Caused by: org.apache.ratis.thirdparty.io.netty.channel.AbstractChannel$AnnotatedConnectException: Connection refused: /192.168.151.103:40137
	at sun.nio.ch.SocketChannelImpl.checkConnect(Native Method)
	at sun.nio.ch.SocketChannelImpl.finishConnect(SocketChannelImpl.java:717)
	at org.apache.ratis.thirdparty.io.netty.channel.socket.nio.NioSocketChannel.doFinishConnect(NioSocketChannel.java:327)
	at org.apache.ratis.thirdparty.io.netty.channel.nio.AbstractNioChannel$AbstractNioUnsafe.finishConnect(AbstractNioChannel.java:340)
	at org.apache.ratis.thirdparty.io.netty.channel.nio.NioEventLoop.processSelectedKey(NioEventLoop.java:632)
	at org.apache.ratis.thirdparty.io.netty.channel.nio.NioEventLoop.processSelectedKeysOptimized(NioEventLoop.java:579)
	at org.apache.ratis.thirdparty.io.netty.channel.nio.NioEventLoop.processSelectedKeys(NioEventLoop.java:496)
	at org.apache.ratis.thirdparty.io.netty.channel.nio.NioEventLoop.run(NioEventLoop.java:458)
	at org.apache.ratis.thirdparty.io.netty.util.concurrent.SingleThreadEventExecutor$5.run(SingleThreadEventExecutor.java:897)
	at org.apache.ratis.thirdparty.io.netty.util.concurrent.FastThreadLocalRunnable.run(FastThreadLocalRunnable.java:30)
	... 1 more
Caused by: java.net.ConnectException: Connection refused
	... 11 more
2019-09-27 09:26:02,444 [c1dc816a-002e-4190-8c4b-03368fc83464@group-CB4EA96F2AAE:LeaderElection165] INFO  impl.LeaderElection (LogUtils.java:infoOrTrace(149)) -   Exception 1: {}
java.util.concurrent.ExecutionException: org.apache.ratis.thirdparty.io.grpc.StatusRuntimeException: UNAVAILABLE: io exception
	at java.util.concurrent.FutureTask.report(FutureTask.java:122)
	at java.util.concurrent.FutureTask.get(FutureTask.java:192)
	at org.apache.ratis.server.impl.LeaderElection.waitForResults(LeaderElection.java:263)
	at org.apache.ratis.server.impl.LeaderElection.askForVotes(LeaderElection.java:201)
	at org.apache.ratis.server.impl.LeaderElection.run(LeaderElection.java:133)
	at java.lang.Thread.run(Thread.java:748)
Caused by: org.apache.ratis.thirdparty.io.grpc.StatusRuntimeException: UNAVAILABLE: io exception
	at org.apache.ratis.thirdparty.io.grpc.stub.ClientCalls.toStatusRuntimeException(ClientCalls.java:233)
	at org.apache.ratis.thirdparty.io.grpc.stub.ClientCalls.getUnchecked(ClientCalls.java:214)
	at org.apache.ratis.thirdparty.io.grpc.stub.ClientCalls.blockingUnaryCall(ClientCalls.java:139)
	at org.apache.ratis.proto.grpc.RaftServerProtocolServiceGrpc$RaftServerProtocolServiceBlockingStub.requestVote(RaftServerProtocolServiceGrpc.java:265)
	at org.apache.ratis.grpc.server.GrpcServerProtocolClient.requestVote(GrpcServerProtocolClient.java:90)
	at org.apache.ratis.grpc.server.GrpcService.requestVote(GrpcService.java:204)
	at org.apache.ratis.server.impl.LeaderElection.lambda$submitRequests$1(LeaderElection.java:238)
	at java.util.concurrent.FutureTask.run(FutureTask.java:266)
	at java.util.concurrent.Executors$RunnableAdapter.call(Executors.java:511)
	at java.util.concurrent.FutureTask.run(FutureTask.java:266)
	at java.util.concurrent.ThreadPoolExecutor.runWorker(ThreadPoolExecutor.java:1149)
	at java.util.concurrent.ThreadPoolExecutor$Worker.run(ThreadPoolExecutor.java:624)
	... 1 more
Caused by: org.apache.ratis.thirdparty.io.netty.channel.AbstractChannel$AnnotatedConnectException: Connection refused: /192.168.151.103:39440
	at sun.nio.ch.SocketChannelImpl.checkConnect(Native Method)
	at sun.nio.ch.SocketChannelImpl.finishConnect(SocketChannelImpl.java:717)
	at org.apache.ratis.thirdparty.io.netty.channel.socket.nio.NioSocketChannel.doFinishConnect(NioSocketChannel.java:327)
	at org.apache.ratis.thirdparty.io.netty.channel.nio.AbstractNioChannel$AbstractNioUnsafe.finishConnect(AbstractNioChannel.java:340)
	at org.apache.ratis.thirdparty.io.netty.channel.nio.NioEventLoop.processSelectedKey(NioEventLoop.java:632)
	at org.apache.ratis.thirdparty.io.netty.channel.nio.NioEventLoop.processSelectedKeysOptimized(NioEventLoop.java:579)
	at org.apache.ratis.thirdparty.io.netty.channel.nio.NioEventLoop.processSelectedKeys(NioEventLoop.java:496)
	at org.apache.ratis.thirdparty.io.netty.channel.nio.NioEventLoop.run(NioEventLoop.java:458)
	at org.apache.ratis.thirdparty.io.netty.util.concurrent.SingleThreadEventExecutor$5.run(SingleThreadEventExecutor.java:897)
	at org.apache.ratis.thirdparty.io.netty.util.concurrent.FastThreadLocalRunnable.run(FastThreadLocalRunnable.java:30)
	... 1 more
Caused by: java.net.ConnectException: Connection refused
	... 11 more
2019-09-27 09:26:02,445 [c1dc816a-002e-4190-8c4b-03368fc83464@group-CB4EA96F2AAE:LeaderElection165] INFO  impl.RaftServerImpl (RaftServerImpl.java:setRole(174)) - c1dc816a-002e-4190-8c4b-03368fc83464@group-CB4EA96F2AAE: changes role from CANDIDATE to FOLLOWER at term 6 for DISCOVERED_A_NEW_TERM
2019-09-27 09:26:02,445 [c1dc816a-002e-4190-8c4b-03368fc83464@group-CB4EA96F2AAE:LeaderElection165] INFO  impl.RoleInfo (RoleInfo.java:shutdownLeaderElection(134)) - c1dc816a-002e-4190-8c4b-03368fc83464: shutdown LeaderElection
2019-09-27 09:26:02,445 [c1dc816a-002e-4190-8c4b-03368fc83464@group-CB4EA96F2AAE:LeaderElection165] INFO  impl.RoleInfo (RoleInfo.java:updateAndGet(143)) - c1dc816a-002e-4190-8c4b-03368fc83464: start FollowerState
2019-09-27 09:26:02,478 [main] INFO  ozoneimpl.OzoneContainer (OzoneContainer.java:stop(231)) - Attempting to stop container services.
2019-09-27 09:26:02,479 [main] INFO  impl.RaftServerProxy (RaftServerProxy.java:lambda$close$4(314)) - 002bed63-9761-4b9f-9eba-a6bdbdfe34b9: close
2019-09-27 09:26:02,480 [main] INFO  impl.RaftServerImpl (RaftServerImpl.java:lambda$shutdown$3(251)) - 002bed63-9761-4b9f-9eba-a6bdbdfe34b9@group-9BBBE867F159: shutdown
2019-09-27 09:26:02,480 [main] INFO  util.JmxRegister (JmxRegister.java:unregister(73)) - Successfully un-registered JMX Bean with object name Ratis:service=RaftServer,group=group-9BBBE867F159,id=002bed63-9761-4b9f-9eba-a6bdbdfe34b9
2019-09-27 09:26:02,480 [main] INFO  impl.RoleInfo (RoleInfo.java:shutdownLeaderState(104)) - 002bed63-9761-4b9f-9eba-a6bdbdfe34b9: shutdown LeaderState
2019-09-27 09:26:02,481 [main] INFO  impl.PendingRequests (PendingRequests.java:sendNotLeaderResponses(202)) - 002bed63-9761-4b9f-9eba-a6bdbdfe34b9-PendingRequests: sendNotLeaderResponses
2019-09-27 09:26:02,482 [main] INFO  impl.StateMachineUpdater (StateMachineUpdater.java:stopAndJoin(125)) - 002bed63-9761-4b9f-9eba-a6bdbdfe34b9@group-9BBBE867F159-StateMachineUpdater: set stopIndex = 0
2019-09-27 09:26:02,482 [main] INFO  impl.RaftServerImpl (ServerState.java:close(385)) - 002bed63-9761-4b9f-9eba-a6bdbdfe34b9@group-9BBBE867F159: closes. applyIndex: 0
2019-09-27 09:26:02,483 [002bed63-9761-4b9f-9eba-a6bdbdfe34b9@group-9BBBE867F159-SegmentedRaftLogWorker] INFO  segmented.SegmentedRaftLogWorker (SegmentedRaftLogWorker.java:run(313)) - 002bed63-9761-4b9f-9eba-a6bdbdfe34b9@group-9BBBE867F159-SegmentedRaftLogWorker was interrupted, exiting. There are 0 tasks remaining in the queue.
2019-09-27 09:26:02,483 [main] INFO  segmented.SegmentedRaftLogWorker (SegmentedRaftLogWorker.java:close(228)) - 002bed63-9761-4b9f-9eba-a6bdbdfe34b9@group-9BBBE867F159-SegmentedRaftLogWorker close()
2019-09-27 09:26:02,486 [main] INFO  impl.RaftServerImpl (RaftServerImpl.java:lambda$shutdown$3(251)) - 002bed63-9761-4b9f-9eba-a6bdbdfe34b9@group-827F9F9FA464: shutdown
2019-09-27 09:26:02,487 [main] INFO  util.JmxRegister (JmxRegister.java:unregister(73)) - Successfully un-registered JMX Bean with object name Ratis:service=RaftServer,group=group-827F9F9FA464,id=002bed63-9761-4b9f-9eba-a6bdbdfe34b9
2019-09-27 09:26:02,487 [main] INFO  impl.RoleInfo (RoleInfo.java:shutdownFollowerState(121)) - 002bed63-9761-4b9f-9eba-a6bdbdfe34b9: shutdown FollowerState
2019-09-27 09:26:02,488 [main] INFO  impl.StateMachineUpdater (StateMachineUpdater.java:stopAndJoin(125)) - 002bed63-9761-4b9f-9eba-a6bdbdfe34b9@group-827F9F9FA464-StateMachineUpdater: set stopIndex = 0
2019-09-27 09:26:02,488 [Thread-9746] INFO  impl.FollowerState (FollowerState.java:run(115)) - 002bed63-9761-4b9f-9eba-a6bdbdfe34b9: FollowerState was interrupted: java.lang.InterruptedException: sleep interrupted
2019-09-27 09:26:02,488 [main] INFO  impl.RaftServerImpl (ServerState.java:close(385)) - 002bed63-9761-4b9f-9eba-a6bdbdfe34b9@group-827F9F9FA464: closes. applyIndex: 0
2019-09-27 09:26:02,489 [002bed63-9761-4b9f-9eba-a6bdbdfe34b9@group-827F9F9FA464-SegmentedRaftLogWorker] INFO  segmented.SegmentedRaftLogWorker (SegmentedRaftLogWorker.java:run(313)) - 002bed63-9761-4b9f-9eba-a6bdbdfe34b9@group-827F9F9FA464-SegmentedRaftLogWorker was interrupted, exiting. There are 0 tasks remaining in the queue.
2019-09-27 09:26:02,489 [main] INFO  segmented.SegmentedRaftLogWorker (SegmentedRaftLogWorker.java:close(228)) - 002bed63-9761-4b9f-9eba-a6bdbdfe34b9@group-827F9F9FA464-SegmentedRaftLogWorker close()
2019-09-27 09:26:02,492 [main] INFO  server.GrpcService (GrpcService.java:closeImpl(164)) - 002bed63-9761-4b9f-9eba-a6bdbdfe34b9: shutdown server with port 43508 now
2019-09-27 09:26:02,492 [ForkJoinPool.commonPool-worker-0] INFO  ozoneimpl.OzoneContainer (OzoneContainer.java:stop(231)) - Attempting to stop container services.
2019-09-27 09:26:02,492 [main] INFO  server.GrpcService (GrpcService.java:closeImpl(172)) - 002bed63-9761-4b9f-9eba-a6bdbdfe34b9: shutdown server with port 43508 successfully
2019-09-27 09:26:02,493 [ForkJoinPool.commonPool-worker-0] INFO  impl.RaftServerProxy (RaftServerProxy.java:lambda$close$4(314)) - 391bbd77-e270-498a-b344-18095c6f1940: close
2019-09-27 09:26:02,493 [ForkJoinPool.commonPool-worker-0] INFO  impl.RaftServerImpl (RaftServerImpl.java:lambda$shutdown$3(251)) - 391bbd77-e270-498a-b344-18095c6f1940@group-49BF442FE5BA: shutdown
2019-09-27 09:26:02,494 [ForkJoinPool.commonPool-worker-0] INFO  util.JmxRegister (JmxRegister.java:unregister(73)) - Successfully un-registered JMX Bean with object name Ratis:service=RaftServer,group=group-49BF442FE5BA,id=391bbd77-e270-498a-b344-18095c6f1940
2019-09-27 09:26:02,494 [ForkJoinPool.commonPool-worker-0] INFO  impl.RoleInfo (RoleInfo.java:shutdownLeaderState(104)) - 391bbd77-e270-498a-b344-18095c6f1940: shutdown LeaderState
2019-09-27 09:26:02,504 [ForkJoinPool.commonPool-worker-0] INFO  impl.PendingRequests (PendingRequests.java:sendNotLeaderResponses(202)) - 391bbd77-e270-498a-b344-18095c6f1940-PendingRequests: sendNotLeaderResponses
2019-09-27 09:26:02,505 [org.apache.ratis.server.impl.LogAppender$AppenderDaemon$$Lambda$400/247186050@11947ee6] WARN  server.GrpcLogAppender (GrpcLogAppender.java:mayWait(143)) - 391bbd77-e270-498a-b344-18095c6f1940@group-49BF442FE5BA->42a6dc71-468f-4bda-a1ef-3415db0682d5-GrpcLogAppender: Wait interrupted by java.lang.InterruptedException
2019-09-27 09:26:02,505 [org.apache.ratis.server.impl.LogAppender$AppenderDaemon$$Lambda$400/247186050@3bdb8835] WARN  server.GrpcLogAppender (GrpcLogAppender.java:mayWait(143)) - 391bbd77-e270-498a-b344-18095c6f1940@group-49BF442FE5BA->de56bb40-4206-44bb-8a25-0aa735fdda15-GrpcLogAppender: Wait interrupted by java.lang.InterruptedException
2019-09-27 09:26:02,505 [ForkJoinPool.commonPool-worker-0] INFO  impl.StateMachineUpdater (StateMachineUpdater.java:stopAndJoin(125)) - 391bbd77-e270-498a-b344-18095c6f1940@group-49BF442FE5BA-StateMachineUpdater: set stopIndex = 0
2019-09-27 09:26:02,506 [grpc-default-executor-5] INFO  server.GrpcServerProtocolService (GrpcServerProtocolService.java:onCompleted(113)) - de56bb40-4206-44bb-8a25-0aa735fdda15: Completed APPEND_ENTRIES, lastRequest: 391bbd77-e270-498a-b344-18095c6f1940->de56bb40-4206-44bb-8a25-0aa735fdda15#254-t3, previous=(t:3, i:0), leaderCommit=0, initializing? false, entries: <empty>
2019-09-27 09:26:02,507 [ForkJoinPool.commonPool-worker-0] INFO  impl.RaftServerImpl (ServerState.java:close(385)) - 391bbd77-e270-498a-b344-18095c6f1940@group-49BF442FE5BA: closes. applyIndex: 0
2019-09-27 09:26:02,507 [grpc-default-executor-5] INFO  server.GrpcLogAppender (GrpcLogAppender.java:onCompleted(293)) - 391bbd77-e270-498a-b344-18095c6f1940@group-49BF442FE5BA->de56bb40-4206-44bb-8a25-0aa735fdda15-AppendLogResponseHandler: follower responses appendEntries COMPLETED
2019-09-27 09:26:02,508 [refreshUsed-/workdir/hadoop-ozone/integration-test/target/test-dir/MiniOzoneClusterImpl-398c5316-7398-4fb3-bac3-d05c7117414d/datanode-9/data/containers] WARN  fs.CachingGetSpaceUsed (CachingGetSpaceUsed.java:run(183)) - Thread Interrupted waiting to refresh disk information: sleep interrupted
2019-09-27 09:26:02,508 [391bbd77-e270-498a-b344-18095c6f1940@group-49BF442FE5BA-SegmentedRaftLogWorker] INFO  segmented.SegmentedRaftLogWorker (SegmentedRaftLogWorker.java:run(313)) - 391bbd77-e270-498a-b344-18095c6f1940@group-49BF442FE5BA-SegmentedRaftLogWorker was interrupted, exiting. There are 0 tasks remaining in the queue.
2019-09-27 09:26:02,508 [grpc-default-executor-5] INFO  impl.FollowerInfo (FollowerInfo.java:lambda$new$0(51)) - 391bbd77-e270-498a-b344-18095c6f1940@group-49BF442FE5BA->de56bb40-4206-44bb-8a25-0aa735fdda15: nextIndex: updateUnconditionally 1 -> 0
2019-09-27 09:26:02,509 [ForkJoinPool.commonPool-worker-0] INFO  segmented.SegmentedRaftLogWorker (SegmentedRaftLogWorker.java:close(228)) - 391bbd77-e270-498a-b344-18095c6f1940@group-49BF442FE5BA-SegmentedRaftLogWorker close()
2019-09-27 09:26:02,511 [ForkJoinPool.commonPool-worker-0] INFO  impl.RaftServerImpl (RaftServerImpl.java:lambda$shutdown$3(251)) - 391bbd77-e270-498a-b344-18095c6f1940@group-F55728285A95: shutdown
2019-09-27 09:26:02,511 [ForkJoinPool.commonPool-worker-0] INFO  util.JmxRegister (JmxRegister.java:unregister(73)) - Successfully un-registered JMX Bean with object name Ratis:service=RaftServer,group=group-F55728285A95,id=391bbd77-e270-498a-b344-18095c6f1940
2019-09-27 09:26:02,511 [ForkJoinPool.commonPool-worker-0] INFO  impl.RoleInfo (RoleInfo.java:shutdownLeaderState(104)) - 391bbd77-e270-498a-b344-18095c6f1940: shutdown LeaderState
2019-09-27 09:26:02,511 [ForkJoinPool.commonPool-worker-0] INFO  impl.PendingRequests (PendingRequests.java:sendNotLeaderResponses(202)) - 391bbd77-e270-498a-b344-18095c6f1940-PendingRequests: sendNotLeaderResponses
2019-09-27 09:26:02,512 [ForkJoinPool.commonPool-worker-0] INFO  impl.StateMachineUpdater (StateMachineUpdater.java:stopAndJoin(125)) - 391bbd77-e270-498a-b344-18095c6f1940@group-F55728285A95-StateMachineUpdater: set stopIndex = 0
2019-09-27 09:26:02,512 [ForkJoinPool.commonPool-worker-0] INFO  impl.RaftServerImpl (ServerState.java:close(385)) - 391bbd77-e270-498a-b344-18095c6f1940@group-F55728285A95: closes. applyIndex: 0
2019-09-27 09:26:02,512 [391bbd77-e270-498a-b344-18095c6f1940@group-F55728285A95-SegmentedRaftLogWorker] INFO  segmented.SegmentedRaftLogWorker (SegmentedRaftLogWorker.java:run(313)) - 391bbd77-e270-498a-b344-18095c6f1940@group-F55728285A95-SegmentedRaftLogWorker was interrupted, exiting. There are 0 tasks remaining in the queue.
2019-09-27 09:26:02,513 [ForkJoinPool.commonPool-worker-0] INFO  segmented.SegmentedRaftLogWorker (SegmentedRaftLogWorker.java:close(228)) - 391bbd77-e270-498a-b344-18095c6f1940@group-F55728285A95-SegmentedRaftLogWorker close()
2019-09-27 09:26:02,515 [ForkJoinPool.commonPool-worker-0] INFO  server.GrpcService (GrpcService.java:closeImpl(164)) - 391bbd77-e270-498a-b344-18095c6f1940: shutdown server with port 34484 now
2019-09-27 09:26:02,515 [ForkJoinPool.commonPool-worker-0] INFO  server.GrpcService (GrpcService.java:closeImpl(172)) - 391bbd77-e270-498a-b344-18095c6f1940: shutdown server with port 34484 successfully
2019-09-27 09:26:02,518 [refreshUsed-/workdir/hadoop-ozone/integration-test/target/test-dir/MiniOzoneClusterImpl-398c5316-7398-4fb3-bac3-d05c7117414d/datanode-0/data/containers] WARN  fs.CachingGetSpaceUsed (CachingGetSpaceUsed.java:run(183)) - Thread Interrupted waiting to refresh disk information: sleep interrupted
2019-09-27 09:26:02,526 [main] INFO  utils.BackgroundService (BackgroundService.java:shutdown(148)) - Shutting down service BlockDeletingService
2019-09-27 09:26:02,532 [main] INFO  statemachine.DatanodeStateMachine (DatanodeStateMachine.java:stopDaemon(395)) - Ozone container server stopped.
2019-09-27 09:26:02,533 [main] INFO  handler.ContextHandler (ContextHandler.java:doStop(910)) - Stopped o.e.j.w.WebAppContext@a056b26{/,null,UNAVAILABLE}{/hddsDatanode}
2019-09-27 09:26:02,533 [main] INFO  server.AbstractConnector (AbstractConnector.java:doStop(318)) - Stopped ServerConnector@2a5abd3c{HTTP/1.1,[http/1.1]}{0.0.0.0:0}
2019-09-27 09:26:02,534 [main] INFO  handler.ContextHandler (ContextHandler.java:doStop(910)) - Stopped o.e.j.s.ServletContextHandler@7a572ea0{/static,jar:file:/home/user/.m2/repository/org/apache/hadoop/hadoop-hdds-container-service/0.5.0-SNAPSHOT/hadoop-hdds-container-service-0.5.0-SNAPSHOT.jar!/webapps/static,UNAVAILABLE}
2019-09-27 09:26:02,534 [main] INFO  handler.ContextHandler (ContextHandler.java:doStop(910)) - Stopped o.e.j.s.ServletContextHandler@1144a02b{/logs,file:///workdir/hadoop-ozone/integration-test/target/log,UNAVAILABLE}
2019-09-27 09:26:02,534 [ForkJoinPool.commonPool-worker-0] INFO  utils.BackgroundService (BackgroundService.java:shutdown(148)) - Shutting down service BlockDeletingService
2019-09-27 09:26:02,539 [ForkJoinPool.commonPool-worker-0] INFO  statemachine.DatanodeStateMachine (DatanodeStateMachine.java:stopDaemon(395)) - Ozone container server stopped.
2019-09-27 09:26:02,543 [ForkJoinPool.commonPool-worker-0] INFO  handler.ContextHandler (ContextHandler.java:doStop(910)) - Stopped o.e.j.w.WebAppContext@454bcbbf{/,null,UNAVAILABLE}{/hddsDatanode}
2019-09-27 09:26:02,544 [ForkJoinPool.commonPool-worker-0] INFO  server.AbstractConnector (AbstractConnector.java:doStop(318)) - Stopped ServerConnector@2c9fdb64{HTTP/1.1,[http/1.1]}{0.0.0.0:0}
2019-09-27 09:26:02,545 [ForkJoinPool.commonPool-worker-0] INFO  handler.ContextHandler (ContextHandler.java:doStop(910)) - Stopped o.e.j.s.ServletContextHandler@6aea99e7{/static,jar:file:/home/user/.m2/repository/org/apache/hadoop/hadoop-hdds-container-service/0.5.0-SNAPSHOT/hadoop-hdds-container-service-0.5.0-SNAPSHOT.jar!/webapps/static,UNAVAILABLE}
2019-09-27 09:26:02,547 [ForkJoinPool.commonPool-worker-0] INFO  handler.ContextHandler (ContextHandler.java:doStop(910)) - Stopped o.e.j.s.ServletContextHandler@284990de{/logs,file:///workdir/hadoop-ozone/integration-test/target/log,UNAVAILABLE}
2019-09-27 09:26:02,740 [Datanode State Machine Thread - 0] INFO  statemachine.DatanodeStateMachine (DatanodeStateMachine.java:lambda$startDaemon$0(350)) - Ozone container server started.
2019-09-27 09:26:02,951 [Datanode State Machine Thread - 0] INFO  statemachine.DatanodeStateMachine (DatanodeStateMachine.java:lambda$startDaemon$0(350)) - Ozone container server started.
2019-09-27 09:26:03,574 [Thread-8251] INFO  impl.FollowerState (FollowerState.java:run(106)) - de56bb40-4206-44bb-8a25-0aa735fdda15:group-49BF442FE5BA changes to CANDIDATE, lastRpcTime:1219, electionTimeout:1181ms
2019-09-27 09:26:03,574 [Thread-8251] INFO  impl.RoleInfo (RoleInfo.java:shutdownFollowerState(121)) - de56bb40-4206-44bb-8a25-0aa735fdda15: shutdown FollowerState
2019-09-27 09:26:03,575 [Thread-8251] INFO  impl.RaftServerImpl (RaftServerImpl.java:setRole(174)) - de56bb40-4206-44bb-8a25-0aa735fdda15@group-49BF442FE5BA: changes role from  FOLLOWER to CANDIDATE at term 3 for changeToCandidate
2019-09-27 09:26:03,575 [Thread-8251] INFO  impl.RoleInfo (RoleInfo.java:updateAndGet(143)) - de56bb40-4206-44bb-8a25-0aa735fdda15: start LeaderElection
2019-09-27 09:26:03,575 [de56bb40-4206-44bb-8a25-0aa735fdda15@group-49BF442FE5BA:LeaderElection166] INFO  impl.RaftServerImpl (ServerState.java:setLeader(253)) - de56bb40-4206-44bb-8a25-0aa735fdda15@group-49BF442FE5BA: change Leader from 391bbd77-e270-498a-b344-18095c6f1940 to null at term 3 for initElection
2019-09-27 09:26:03,580 [Thread-9751] INFO  impl.FollowerState (FollowerState.java:run(106)) - c1dc816a-002e-4190-8c4b-03368fc83464:group-CB4EA96F2AAE changes to CANDIDATE, lastRpcTime:1135, electionTimeout:1135ms
2019-09-27 09:26:03,581 [Thread-9751] INFO  impl.RoleInfo (RoleInfo.java:shutdownFollowerState(121)) - c1dc816a-002e-4190-8c4b-03368fc83464: shutdown FollowerState
2019-09-27 09:26:03,581 [Thread-9751] INFO  impl.RaftServerImpl (RaftServerImpl.java:setRole(174)) - c1dc816a-002e-4190-8c4b-03368fc83464@group-CB4EA96F2AAE: changes role from  FOLLOWER to CANDIDATE at term 6 for changeToCandidate
2019-09-27 09:26:03,581 [Thread-9751] INFO  impl.RoleInfo (RoleInfo.java:updateAndGet(143)) - c1dc816a-002e-4190-8c4b-03368fc83464: start LeaderElection
2019-09-27 09:26:03,590 [de56bb40-4206-44bb-8a25-0aa735fdda15@group-49BF442FE5BA:LeaderElection166] INFO  impl.LeaderElection (LeaderElection.java:askForVotes(182)) - de56bb40-4206-44bb-8a25-0aa735fdda15@group-49BF442FE5BA:LeaderElection166: begin an election at term 4 for 0: [42a6dc71-468f-4bda-a1ef-3415db0682d5:192.168.151.103:35261, de56bb40-4206-44bb-8a25-0aa735fdda15:192.168.151.103:35304, 391bbd77-e270-498a-b344-18095c6f1940:192.168.151.103:34484], old=null
2019-09-27 09:26:03,590 [c1dc816a-002e-4190-8c4b-03368fc83464@group-CB4EA96F2AAE:LeaderElection167] INFO  impl.LeaderElection (LeaderElection.java:askForVotes(182)) - c1dc816a-002e-4190-8c4b-03368fc83464@group-CB4EA96F2AAE:LeaderElection167: begin an election at term 7 for 0: [c1dc816a-002e-4190-8c4b-03368fc83464:192.168.151.103:35476, 03814bdb-c6b3-415d-8615-039e811c0048:192.168.151.103:40137, 513ea752-2bb4-4e9d-94cf-0dce8d7e1b31:192.168.151.103:39440], old=null
2019-09-27 09:26:03,591 [c1dc816a-002e-4190-8c4b-03368fc83464@group-CB4EA96F2AAE:LeaderElection167] INFO  impl.LeaderElection (LogUtils.java:infoOrTrace(149)) - c1dc816a-002e-4190-8c4b-03368fc83464@group-CB4EA96F2AAE:LeaderElection167 got exception when requesting votes: {}
java.util.concurrent.ExecutionException: org.apache.ratis.thirdparty.io.grpc.StatusRuntimeException: UNAVAILABLE: io exception
	at java.util.concurrent.FutureTask.report(FutureTask.java:122)
	at java.util.concurrent.FutureTask.get(FutureTask.java:192)
	at org.apache.ratis.server.impl.LeaderElection.waitForResults(LeaderElection.java:263)
	at org.apache.ratis.server.impl.LeaderElection.askForVotes(LeaderElection.java:201)
	at org.apache.ratis.server.impl.LeaderElection.run(LeaderElection.java:133)
	at java.lang.Thread.run(Thread.java:748)
Caused by: org.apache.ratis.thirdparty.io.grpc.StatusRuntimeException: UNAVAILABLE: io exception
	at org.apache.ratis.thirdparty.io.grpc.stub.ClientCalls.toStatusRuntimeException(ClientCalls.java:233)
	at org.apache.ratis.thirdparty.io.grpc.stub.ClientCalls.getUnchecked(ClientCalls.java:214)
	at org.apache.ratis.thirdparty.io.grpc.stub.ClientCalls.blockingUnaryCall(ClientCalls.java:139)
	at org.apache.ratis.proto.grpc.RaftServerProtocolServiceGrpc$RaftServerProtocolServiceBlockingStub.requestVote(RaftServerProtocolServiceGrpc.java:265)
	at org.apache.ratis.grpc.server.GrpcServerProtocolClient.requestVote(GrpcServerProtocolClient.java:90)
	at org.apache.ratis.grpc.server.GrpcService.requestVote(GrpcService.java:204)
	at org.apache.ratis.server.impl.LeaderElection.lambda$submitRequests$1(LeaderElection.java:238)
	at java.util.concurrent.FutureTask.run(FutureTask.java:266)
	at java.util.concurrent.Executors$RunnableAdapter.call(Executors.java:511)
	at java.util.concurrent.FutureTask.run(FutureTask.java:266)
	at java.util.concurrent.ThreadPoolExecutor.runWorker(ThreadPoolExecutor.java:1149)
	at java.util.concurrent.ThreadPoolExecutor$Worker.run(ThreadPoolExecutor.java:624)
	... 1 more
Caused by: org.apache.ratis.thirdparty.io.netty.channel.AbstractChannel$AnnotatedConnectException: Connection refused: /192.168.151.103:40137
	at sun.nio.ch.SocketChannelImpl.checkConnect(Native Method)
	at sun.nio.ch.SocketChannelImpl.finishConnect(SocketChannelImpl.java:717)
	at org.apache.ratis.thirdparty.io.netty.channel.socket.nio.NioSocketChannel.doFinishConnect(NioSocketChannel.java:327)
	at org.apache.ratis.thirdparty.io.netty.channel.nio.AbstractNioChannel$AbstractNioUnsafe.finishConnect(AbstractNioChannel.java:340)
	at org.apache.ratis.thirdparty.io.netty.channel.nio.NioEventLoop.processSelectedKey(NioEventLoop.java:632)
	at org.apache.ratis.thirdparty.io.netty.channel.nio.NioEventLoop.processSelectedKeysOptimized(NioEventLoop.java:579)
	at org.apache.ratis.thirdparty.io.netty.channel.nio.NioEventLoop.processSelectedKeys(NioEventLoop.java:496)
	at org.apache.ratis.thirdparty.io.netty.channel.nio.NioEventLoop.run(NioEventLoop.java:458)
	at org.apache.ratis.thirdparty.io.netty.util.concurrent.SingleThreadEventExecutor$5.run(SingleThreadEventExecutor.java:897)
	at org.apache.ratis.thirdparty.io.netty.util.concurrent.FastThreadLocalRunnable.run(FastThreadLocalRunnable.java:30)
	... 1 more
Caused by: java.net.ConnectException: Connection refused
	... 11 more
2019-09-27 09:26:03,592 [c1dc816a-002e-4190-8c4b-03368fc83464@group-CB4EA96F2AAE:LeaderElection167] INFO  impl.LeaderElection (LogUtils.java:infoOrTrace(149)) - c1dc816a-002e-4190-8c4b-03368fc83464@group-CB4EA96F2AAE:LeaderElection167 got exception when requesting votes: {}
java.util.concurrent.ExecutionException: org.apache.ratis.thirdparty.io.grpc.StatusRuntimeException: UNAVAILABLE: io exception
	at java.util.concurrent.FutureTask.report(FutureTask.java:122)
	at java.util.concurrent.FutureTask.get(FutureTask.java:192)
	at org.apache.ratis.server.impl.LeaderElection.waitForResults(LeaderElection.java:263)
	at org.apache.ratis.server.impl.LeaderElection.askForVotes(LeaderElection.java:201)
	at org.apache.ratis.server.impl.LeaderElection.run(LeaderElection.java:133)
	at java.lang.Thread.run(Thread.java:748)
Caused by: org.apache.ratis.thirdparty.io.grpc.StatusRuntimeException: UNAVAILABLE: io exception
	at org.apache.ratis.thirdparty.io.grpc.stub.ClientCalls.toStatusRuntimeException(ClientCalls.java:233)
	at org.apache.ratis.thirdparty.io.grpc.stub.ClientCalls.getUnchecked(ClientCalls.java:214)
	at org.apache.ratis.thirdparty.io.grpc.stub.ClientCalls.blockingUnaryCall(ClientCalls.java:139)
	at org.apache.ratis.proto.grpc.RaftServerProtocolServiceGrpc$RaftServerProtocolServiceBlockingStub.requestVote(RaftServerProtocolServiceGrpc.java:265)
	at org.apache.ratis.grpc.server.GrpcServerProtocolClient.requestVote(GrpcServerProtocolClient.java:90)
	at org.apache.ratis.grpc.server.GrpcService.requestVote(GrpcService.java:204)
	at org.apache.ratis.server.impl.LeaderElection.lambda$submitRequests$1(LeaderElection.java:238)
	at java.util.concurrent.FutureTask.run(FutureTask.java:266)
	at java.util.concurrent.Executors$RunnableAdapter.call(Executors.java:511)
	at java.util.concurrent.FutureTask.run(FutureTask.java:266)
	at java.util.concurrent.ThreadPoolExecutor.runWorker(ThreadPoolExecutor.java:1149)
	at java.util.concurrent.ThreadPoolExecutor$Worker.run(ThreadPoolExecutor.java:624)
	... 1 more
Caused by: org.apache.ratis.thirdparty.io.netty.channel.AbstractChannel$AnnotatedConnectException: Connection refused: /192.168.151.103:39440
	at sun.nio.ch.SocketChannelImpl.checkConnect(Native Method)
	at sun.nio.ch.SocketChannelImpl.finishConnect(SocketChannelImpl.java:717)
	at org.apache.ratis.thirdparty.io.netty.channel.socket.nio.NioSocketChannel.doFinishConnect(NioSocketChannel.java:327)
	at org.apache.ratis.thirdparty.io.netty.channel.nio.AbstractNioChannel$AbstractNioUnsafe.finishConnect(AbstractNioChannel.java:340)
	at org.apache.ratis.thirdparty.io.netty.channel.nio.NioEventLoop.processSelectedKey(NioEventLoop.java:632)
	at org.apache.ratis.thirdparty.io.netty.channel.nio.NioEventLoop.processSelectedKeysOptimized(NioEventLoop.java:579)
	at org.apache.ratis.thirdparty.io.netty.channel.nio.NioEventLoop.processSelectedKeys(NioEventLoop.java:496)
	at org.apache.ratis.thirdparty.io.netty.channel.nio.NioEventLoop.run(NioEventLoop.java:458)
	at org.apache.ratis.thirdparty.io.netty.util.concurrent.SingleThreadEventExecutor$5.run(SingleThreadEventExecutor.java:897)
	at org.apache.ratis.thirdparty.io.netty.util.concurrent.FastThreadLocalRunnable.run(FastThreadLocalRunnable.java:30)
	... 1 more
Caused by: java.net.ConnectException: Connection refused
	... 11 more
2019-09-27 09:26:03,592 [c1dc816a-002e-4190-8c4b-03368fc83464@group-CB4EA96F2AAE:LeaderElection167] INFO  impl.LeaderElection (LeaderElection.java:logAndReturn(56)) - c1dc816a-002e-4190-8c4b-03368fc83464@group-CB4EA96F2AAE:LeaderElection167: Election REJECTED; received 0 response(s) [] and 2 exception(s); c1dc816a-002e-4190-8c4b-03368fc83464@group-CB4EA96F2AAE:t7, leader=null, voted=c1dc816a-002e-4190-8c4b-03368fc83464, raftlog=c1dc816a-002e-4190-8c4b-03368fc83464@group-CB4EA96F2AAE-SegmentedRaftLog:OPENED:c0,f0,i0, conf=0: [c1dc816a-002e-4190-8c4b-03368fc83464:192.168.151.103:35476, 03814bdb-c6b3-415d-8615-039e811c0048:192.168.151.103:40137, 513ea752-2bb4-4e9d-94cf-0dce8d7e1b31:192.168.151.103:39440], old=null
2019-09-27 09:26:03,592 [de56bb40-4206-44bb-8a25-0aa735fdda15@group-49BF442FE5BA:LeaderElection166] INFO  impl.LeaderElection (LogUtils.java:infoOrTrace(149)) - de56bb40-4206-44bb-8a25-0aa735fdda15@group-49BF442FE5BA:LeaderElection166 got exception when requesting votes: {}
java.util.concurrent.ExecutionException: org.apache.ratis.thirdparty.io.grpc.StatusRuntimeException: UNAVAILABLE: io exception
	at java.util.concurrent.FutureTask.report(FutureTask.java:122)
	at java.util.concurrent.FutureTask.get(FutureTask.java:192)
	at org.apache.ratis.server.impl.LeaderElection.waitForResults(LeaderElection.java:263)
	at org.apache.ratis.server.impl.LeaderElection.askForVotes(LeaderElection.java:201)
	at org.apache.ratis.server.impl.LeaderElection.run(LeaderElection.java:133)
	at java.lang.Thread.run(Thread.java:748)
Caused by: org.apache.ratis.thirdparty.io.grpc.StatusRuntimeException: UNAVAILABLE: io exception
	at org.apache.ratis.thirdparty.io.grpc.stub.ClientCalls.toStatusRuntimeException(ClientCalls.java:233)
	at org.apache.ratis.thirdparty.io.grpc.stub.ClientCalls.getUnchecked(ClientCalls.java:214)
	at org.apache.ratis.thirdparty.io.grpc.stub.ClientCalls.blockingUnaryCall(ClientCalls.java:139)
	at org.apache.ratis.proto.grpc.RaftServerProtocolServiceGrpc$RaftServerProtocolServiceBlockingStub.requestVote(RaftServerProtocolServiceGrpc.java:265)
	at org.apache.ratis.grpc.server.GrpcServerProtocolClient.requestVote(GrpcServerProtocolClient.java:90)
	at org.apache.ratis.grpc.server.GrpcService.requestVote(GrpcService.java:204)
	at org.apache.ratis.server.impl.LeaderElection.lambda$submitRequests$1(LeaderElection.java:238)
	at java.util.concurrent.FutureTask.run(FutureTask.java:266)
	at java.util.concurrent.Executors$RunnableAdapter.call(Executors.java:511)
	at java.util.concurrent.FutureTask.run(FutureTask.java:266)
	at java.util.concurrent.ThreadPoolExecutor.runWorker(ThreadPoolExecutor.java:1149)
	at java.util.concurrent.ThreadPoolExecutor$Worker.run(ThreadPoolExecutor.java:624)
	... 1 more
Caused by: org.apache.ratis.thirdparty.io.netty.channel.AbstractChannel$AnnotatedConnectException: Connection refused: /192.168.151.103:35261
	at sun.nio.ch.SocketChannelImpl.checkConnect(Native Method)
	at sun.nio.ch.SocketChannelImpl.finishConnect(SocketChannelImpl.java:717)
	at org.apache.ratis.thirdparty.io.netty.channel.socket.nio.NioSocketChannel.doFinishConnect(NioSocketChannel.java:327)
	at org.apache.ratis.thirdparty.io.netty.channel.nio.AbstractNioChannel$AbstractNioUnsafe.finishConnect(AbstractNioChannel.java:340)
	at org.apache.ratis.thirdparty.io.netty.channel.nio.NioEventLoop.processSelectedKey(NioEventLoop.java:632)
	at org.apache.ratis.thirdparty.io.netty.channel.nio.NioEventLoop.processSelectedKeysOptimized(NioEventLoop.java:579)
	at org.apache.ratis.thirdparty.io.netty.channel.nio.NioEventLoop.processSelectedKeys(NioEventLoop.java:496)
	at org.apache.ratis.thirdparty.io.netty.channel.nio.NioEventLoop.run(NioEventLoop.java:458)
	at org.apache.ratis.thirdparty.io.netty.util.concurrent.SingleThreadEventExecutor$5.run(SingleThreadEventExecutor.java:897)
	at org.apache.ratis.thirdparty.io.netty.util.concurrent.FastThreadLocalRunnable.run(FastThreadLocalRunnable.java:30)
	... 1 more
Caused by: java.net.ConnectException: Connection refused
	... 11 more
2019-09-27 09:26:03,592 [c1dc816a-002e-4190-8c4b-03368fc83464@group-CB4EA96F2AAE:LeaderElection167] INFO  impl.LeaderElection (LogUtils.java:infoOrTrace(149)) -   Exception 0: {}
java.util.concurrent.ExecutionException: org.apache.ratis.thirdparty.io.grpc.StatusRuntimeException: UNAVAILABLE: io exception
	at java.util.concurrent.FutureTask.report(FutureTask.java:122)
	at java.util.concurrent.FutureTask.get(FutureTask.java:192)
	at org.apache.ratis.server.impl.LeaderElection.waitForResults(LeaderElection.java:263)
	at org.apache.ratis.server.impl.LeaderElection.askForVotes(LeaderElection.java:201)
	at org.apache.ratis.server.impl.LeaderElection.run(LeaderElection.java:133)
	at java.lang.Thread.run(Thread.java:748)
Caused by: org.apache.ratis.thirdparty.io.grpc.StatusRuntimeException: UNAVAILABLE: io exception
	at org.apache.ratis.thirdparty.io.grpc.stub.ClientCalls.toStatusRuntimeException(ClientCalls.java:233)
	at org.apache.ratis.thirdparty.io.grpc.stub.ClientCalls.getUnchecked(ClientCalls.java:214)
	at org.apache.ratis.thirdparty.io.grpc.stub.ClientCalls.blockingUnaryCall(ClientCalls.java:139)
	at org.apache.ratis.proto.grpc.RaftServerProtocolServiceGrpc$RaftServerProtocolServiceBlockingStub.requestVote(RaftServerProtocolServiceGrpc.java:265)
	at org.apache.ratis.grpc.server.GrpcServerProtocolClient.requestVote(GrpcServerProtocolClient.java:90)
	at org.apache.ratis.grpc.server.GrpcService.requestVote(GrpcService.java:204)
	at org.apache.ratis.server.impl.LeaderElection.lambda$submitRequests$1(LeaderElection.java:238)
	at java.util.concurrent.FutureTask.run(FutureTask.java:266)
	at java.util.concurrent.Executors$RunnableAdapter.call(Executors.java:511)
	at java.util.concurrent.FutureTask.run(FutureTask.java:266)
	at java.util.concurrent.ThreadPoolExecutor.runWorker(ThreadPoolExecutor.java:1149)
	at java.util.concurrent.ThreadPoolExecutor$Worker.run(ThreadPoolExecutor.java:624)
	... 1 more
Caused by: org.apache.ratis.thirdparty.io.netty.channel.AbstractChannel$AnnotatedConnectException: Connection refused: /192.168.151.103:40137
	at sun.nio.ch.SocketChannelImpl.checkConnect(Native Method)
	at sun.nio.ch.SocketChannelImpl.finishConnect(SocketChannelImpl.java:717)
	at org.apache.ratis.thirdparty.io.netty.channel.socket.nio.NioSocketChannel.doFinishConnect(NioSocketChannel.java:327)
	at org.apache.ratis.thirdparty.io.netty.channel.nio.AbstractNioChannel$AbstractNioUnsafe.finishConnect(AbstractNioChannel.java:340)
	at org.apache.ratis.thirdparty.io.netty.channel.nio.NioEventLoop.processSelectedKey(NioEventLoop.java:632)
	at org.apache.ratis.thirdparty.io.netty.channel.nio.NioEventLoop.processSelectedKeysOptimized(NioEventLoop.java:579)
	at org.apache.ratis.thirdparty.io.netty.channel.nio.NioEventLoop.processSelectedKeys(NioEventLoop.java:496)
	at org.apache.ratis.thirdparty.io.netty.channel.nio.NioEventLoop.run(NioEventLoop.java:458)
	at org.apache.ratis.thirdparty.io.netty.util.concurrent.SingleThreadEventExecutor$5.run(SingleThreadEventExecutor.java:897)
	at org.apache.ratis.thirdparty.io.netty.util.concurrent.FastThreadLocalRunnable.run(FastThreadLocalRunnable.java:30)
	... 1 more
Caused by: java.net.ConnectException: Connection refused
	... 11 more
2019-09-27 09:26:03,592 [de56bb40-4206-44bb-8a25-0aa735fdda15@group-49BF442FE5BA:LeaderElection166] INFO  impl.LeaderElection (LogUtils.java:infoOrTrace(149)) - de56bb40-4206-44bb-8a25-0aa735fdda15@group-49BF442FE5BA:LeaderElection166 got exception when requesting votes: {}
java.util.concurrent.ExecutionException: org.apache.ratis.thirdparty.io.grpc.StatusRuntimeException: UNAVAILABLE: io exception
	at java.util.concurrent.FutureTask.report(FutureTask.java:122)
	at java.util.concurrent.FutureTask.get(FutureTask.java:192)
	at org.apache.ratis.server.impl.LeaderElection.waitForResults(LeaderElection.java:263)
	at org.apache.ratis.server.impl.LeaderElection.askForVotes(LeaderElection.java:201)
	at org.apache.ratis.server.impl.LeaderElection.run(LeaderElection.java:133)
	at java.lang.Thread.run(Thread.java:748)
Caused by: org.apache.ratis.thirdparty.io.grpc.StatusRuntimeException: UNAVAILABLE: io exception
	at org.apache.ratis.thirdparty.io.grpc.stub.ClientCalls.toStatusRuntimeException(ClientCalls.java:233)
	at org.apache.ratis.thirdparty.io.grpc.stub.ClientCalls.getUnchecked(ClientCalls.java:214)
	at org.apache.ratis.thirdparty.io.grpc.stub.ClientCalls.blockingUnaryCall(ClientCalls.java:139)
	at org.apache.ratis.proto.grpc.RaftServerProtocolServiceGrpc$RaftServerProtocolServiceBlockingStub.requestVote(RaftServerProtocolServiceGrpc.java:265)
	at org.apache.ratis.grpc.server.GrpcServerProtocolClient.requestVote(GrpcServerProtocolClient.java:90)
	at org.apache.ratis.grpc.server.GrpcService.requestVote(GrpcService.java:204)
	at org.apache.ratis.server.impl.LeaderElection.lambda$submitRequests$1(LeaderElection.java:238)
	at java.util.concurrent.FutureTask.run(FutureTask.java:266)
	at java.util.concurrent.Executors$RunnableAdapter.call(Executors.java:511)
	at java.util.concurrent.FutureTask.run(FutureTask.java:266)
	at java.util.concurrent.ThreadPoolExecutor.runWorker(ThreadPoolExecutor.java:1149)
	at java.util.concurrent.ThreadPoolExecutor$Worker.run(ThreadPoolExecutor.java:624)
	... 1 more
Caused by: org.apache.ratis.thirdparty.io.netty.channel.AbstractChannel$AnnotatedConnectException: Connection refused: /192.168.151.103:34484
	at sun.nio.ch.SocketChannelImpl.checkConnect(Native Method)
	at sun.nio.ch.SocketChannelImpl.finishConnect(SocketChannelImpl.java:717)
	at org.apache.ratis.thirdparty.io.netty.channel.socket.nio.NioSocketChannel.doFinishConnect(NioSocketChannel.java:327)
	at org.apache.ratis.thirdparty.io.netty.channel.nio.AbstractNioChannel$AbstractNioUnsafe.finishConnect(AbstractNioChannel.java:340)
	at org.apache.ratis.thirdparty.io.netty.channel.nio.NioEventLoop.processSelectedKey(NioEventLoop.java:632)
	at org.apache.ratis.thirdparty.io.netty.channel.nio.NioEventLoop.processSelectedKeysOptimized(NioEventLoop.java:579)
	at org.apache.ratis.thirdparty.io.netty.channel.nio.NioEventLoop.processSelectedKeys(NioEventLoop.java:496)
	at org.apache.ratis.thirdparty.io.netty.channel.nio.NioEventLoop.run(NioEventLoop.java:458)
	at org.apache.ratis.thirdparty.io.netty.util.concurrent.SingleThreadEventExecutor$5.run(SingleThreadEventExecutor.java:897)
	at org.apache.ratis.thirdparty.io.netty.util.concurrent.FastThreadLocalRunnable.run(FastThreadLocalRunnable.java:30)
	... 1 more
Caused by: java.net.ConnectException: Connection refused
	... 11 more
2019-09-27 09:26:03,593 [c1dc816a-002e-4190-8c4b-03368fc83464@group-CB4EA96F2AAE:LeaderElection167] INFO  impl.LeaderElection (LogUtils.java:infoOrTrace(149)) -   Exception 1: {}
java.util.concurrent.ExecutionException: org.apache.ratis.thirdparty.io.grpc.StatusRuntimeException: UNAVAILABLE: io exception
	at java.util.concurrent.FutureTask.report(FutureTask.java:122)
	at java.util.concurrent.FutureTask.get(FutureTask.java:192)
	at org.apache.ratis.server.impl.LeaderElection.waitForResults(LeaderElection.java:263)
	at org.apache.ratis.server.impl.LeaderElection.askForVotes(LeaderElection.java:201)
	at org.apache.ratis.server.impl.LeaderElection.run(LeaderElection.java:133)
	at java.lang.Thread.run(Thread.java:748)
Caused by: org.apache.ratis.thirdparty.io.grpc.StatusRuntimeException: UNAVAILABLE: io exception
	at org.apache.ratis.thirdparty.io.grpc.stub.ClientCalls.toStatusRuntimeException(ClientCalls.java:233)
	at org.apache.ratis.thirdparty.io.grpc.stub.ClientCalls.getUnchecked(ClientCalls.java:214)
	at org.apache.ratis.thirdparty.io.grpc.stub.ClientCalls.blockingUnaryCall(ClientCalls.java:139)
	at org.apache.ratis.proto.grpc.RaftServerProtocolServiceGrpc$RaftServerProtocolServiceBlockingStub.requestVote(RaftServerProtocolServiceGrpc.java:265)
	at org.apache.ratis.grpc.server.GrpcServerProtocolClient.requestVote(GrpcServerProtocolClient.java:90)
	at org.apache.ratis.grpc.server.GrpcService.requestVote(GrpcService.java:204)
	at org.apache.ratis.server.impl.LeaderElection.lambda$submitRequests$1(LeaderElection.java:238)
	at java.util.concurrent.FutureTask.run(FutureTask.java:266)
	at java.util.concurrent.Executors$RunnableAdapter.call(Executors.java:511)
	at java.util.concurrent.FutureTask.run(FutureTask.java:266)
	at java.util.concurrent.ThreadPoolExecutor.runWorker(ThreadPoolExecutor.java:1149)
	at java.util.concurrent.ThreadPoolExecutor$Worker.run(ThreadPoolExecutor.java:624)
	... 1 more
Caused by: org.apache.ratis.thirdparty.io.netty.channel.AbstractChannel$AnnotatedConnectException: Connection refused: /192.168.151.103:39440
	at sun.nio.ch.SocketChannelImpl.checkConnect(Native Method)
	at sun.nio.ch.SocketChannelImpl.finishConnect(SocketChannelImpl.java:717)
	at org.apache.ratis.thirdparty.io.netty.channel.socket.nio.NioSocketChannel.doFinishConnect(NioSocketChannel.java:327)
	at org.apache.ratis.thirdparty.io.netty.channel.nio.AbstractNioChannel$AbstractNioUnsafe.finishConnect(AbstractNioChannel.java:340)
	at org.apache.ratis.thirdparty.io.netty.channel.nio.NioEventLoop.processSelectedKey(NioEventLoop.java:632)
	at org.apache.ratis.thirdparty.io.netty.channel.nio.NioEventLoop.processSelectedKeysOptimized(NioEventLoop.java:579)
	at org.apache.ratis.thirdparty.io.netty.channel.nio.NioEventLoop.processSelectedKeys(NioEventLoop.java:496)
	at org.apache.ratis.thirdparty.io.netty.channel.nio.NioEventLoop.run(NioEventLoop.java:458)
	at org.apache.ratis.thirdparty.io.netty.util.concurrent.SingleThreadEventExecutor$5.run(SingleThreadEventExecutor.java:897)
	at org.apache.ratis.thirdparty.io.netty.util.concurrent.FastThreadLocalRunnable.run(FastThreadLocalRunnable.java:30)
	... 1 more
Caused by: java.net.ConnectException: Connection refused
	... 11 more
2019-09-27 09:26:03,593 [de56bb40-4206-44bb-8a25-0aa735fdda15@group-49BF442FE5BA:LeaderElection166] INFO  impl.LeaderElection (LeaderElection.java:logAndReturn(56)) - de56bb40-4206-44bb-8a25-0aa735fdda15@group-49BF442FE5BA:LeaderElection166: Election REJECTED; received 0 response(s) [] and 2 exception(s); de56bb40-4206-44bb-8a25-0aa735fdda15@group-49BF442FE5BA:t4, leader=null, voted=de56bb40-4206-44bb-8a25-0aa735fdda15, raftlog=de56bb40-4206-44bb-8a25-0aa735fdda15@group-49BF442FE5BA-SegmentedRaftLog:OPENED:c0,f0,i0, conf=0: [42a6dc71-468f-4bda-a1ef-3415db0682d5:192.168.151.103:35261, de56bb40-4206-44bb-8a25-0aa735fdda15:192.168.151.103:35304, 391bbd77-e270-498a-b344-18095c6f1940:192.168.151.103:34484], old=null
2019-09-27 09:26:03,593 [c1dc816a-002e-4190-8c4b-03368fc83464@group-CB4EA96F2AAE:LeaderElection167] INFO  impl.RaftServerImpl (RaftServerImpl.java:setRole(174)) - c1dc816a-002e-4190-8c4b-03368fc83464@group-CB4EA96F2AAE: changes role from CANDIDATE to FOLLOWER at term 7 for DISCOVERED_A_NEW_TERM
2019-09-27 09:26:03,593 [de56bb40-4206-44bb-8a25-0aa735fdda15@group-49BF442FE5BA:LeaderElection166] INFO  impl.LeaderElection (LogUtils.java:infoOrTrace(149)) -   Exception 0: {}
java.util.concurrent.ExecutionException: org.apache.ratis.thirdparty.io.grpc.StatusRuntimeException: UNAVAILABLE: io exception
	at java.util.concurrent.FutureTask.report(FutureTask.java:122)
	at java.util.concurrent.FutureTask.get(FutureTask.java:192)
	at org.apache.ratis.server.impl.LeaderElection.waitForResults(LeaderElection.java:263)
	at org.apache.ratis.server.impl.LeaderElection.askForVotes(LeaderElection.java:201)
	at org.apache.ratis.server.impl.LeaderElection.run(LeaderElection.java:133)
	at java.lang.Thread.run(Thread.java:748)
Caused by: org.apache.ratis.thirdparty.io.grpc.StatusRuntimeException: UNAVAILABLE: io exception
	at org.apache.ratis.thirdparty.io.grpc.stub.ClientCalls.toStatusRuntimeException(ClientCalls.java:233)
	at org.apache.ratis.thirdparty.io.grpc.stub.ClientCalls.getUnchecked(ClientCalls.java:214)
	at org.apache.ratis.thirdparty.io.grpc.stub.ClientCalls.blockingUnaryCall(ClientCalls.java:139)
	at org.apache.ratis.proto.grpc.RaftServerProtocolServiceGrpc$RaftServerProtocolServiceBlockingStub.requestVote(RaftServerProtocolServiceGrpc.java:265)
	at org.apache.ratis.grpc.server.GrpcServerProtocolClient.requestVote(GrpcServerProtocolClient.java:90)
	at org.apache.ratis.grpc.server.GrpcService.requestVote(GrpcService.java:204)
	at org.apache.ratis.server.impl.LeaderElection.lambda$submitRequests$1(LeaderElection.java:238)
	at java.util.concurrent.FutureTask.run(FutureTask.java:266)
	at java.util.concurrent.Executors$RunnableAdapter.call(Executors.java:511)
	at java.util.concurrent.FutureTask.run(FutureTask.java:266)
	at java.util.concurrent.ThreadPoolExecutor.runWorker(ThreadPoolExecutor.java:1149)
	at java.util.concurrent.ThreadPoolExecutor$Worker.run(ThreadPoolExecutor.java:624)
	... 1 more
Caused by: org.apache.ratis.thirdparty.io.netty.channel.AbstractChannel$AnnotatedConnectException: Connection refused: /192.168.151.103:35261
	at sun.nio.ch.SocketChannelImpl.checkConnect(Native Method)
	at sun.nio.ch.SocketChannelImpl.finishConnect(SocketChannelImpl.java:717)
	at org.apache.ratis.thirdparty.io.netty.channel.socket.nio.NioSocketChannel.doFinishConnect(NioSocketChannel.java:327)
	at org.apache.ratis.thirdparty.io.netty.channel.nio.AbstractNioChannel$AbstractNioUnsafe.finishConnect(AbstractNioChannel.java:340)
	at org.apache.ratis.thirdparty.io.netty.channel.nio.NioEventLoop.processSelectedKey(NioEventLoop.java:632)
	at org.apache.ratis.thirdparty.io.netty.channel.nio.NioEventLoop.processSelectedKeysOptimized(NioEventLoop.java:579)
	at org.apache.ratis.thirdparty.io.netty.channel.nio.NioEventLoop.processSelectedKeys(NioEventLoop.java:496)
	at org.apache.ratis.thirdparty.io.netty.channel.nio.NioEventLoop.run(NioEventLoop.java:458)
	at org.apache.ratis.thirdparty.io.netty.util.concurrent.SingleThreadEventExecutor$5.run(SingleThreadEventExecutor.java:897)
	at org.apache.ratis.thirdparty.io.netty.util.concurrent.FastThreadLocalRunnable.run(FastThreadLocalRunnable.java:30)
	... 1 more
Caused by: java.net.ConnectException: Connection refused
	... 11 more
2019-09-27 09:26:03,594 [c1dc816a-002e-4190-8c4b-03368fc83464@group-CB4EA96F2AAE:LeaderElection167] INFO  impl.RoleInfo (RoleInfo.java:shutdownLeaderElection(134)) - c1dc816a-002e-4190-8c4b-03368fc83464: shutdown LeaderElection
2019-09-27 09:26:03,594 [de56bb40-4206-44bb-8a25-0aa735fdda15@group-49BF442FE5BA:LeaderElection166] INFO  impl.LeaderElection (LogUtils.java:infoOrTrace(149)) -   Exception 1: {}
java.util.concurrent.ExecutionException: org.apache.ratis.thirdparty.io.grpc.StatusRuntimeException: UNAVAILABLE: io exception
	at java.util.concurrent.FutureTask.report(FutureTask.java:122)
	at java.util.concurrent.FutureTask.get(FutureTask.java:192)
	at org.apache.ratis.server.impl.LeaderElection.waitForResults(LeaderElection.java:263)
	at org.apache.ratis.server.impl.LeaderElection.askForVotes(LeaderElection.java:201)
	at org.apache.ratis.server.impl.LeaderElection.run(LeaderElection.java:133)
	at java.lang.Thread.run(Thread.java:748)
Caused by: org.apache.ratis.thirdparty.io.grpc.StatusRuntimeException: UNAVAILABLE: io exception
	at org.apache.ratis.thirdparty.io.grpc.stub.ClientCalls.toStatusRuntimeException(ClientCalls.java:233)
	at org.apache.ratis.thirdparty.io.grpc.stub.ClientCalls.getUnchecked(ClientCalls.java:214)
	at org.apache.ratis.thirdparty.io.grpc.stub.ClientCalls.blockingUnaryCall(ClientCalls.java:139)
	at org.apache.ratis.proto.grpc.RaftServerProtocolServiceGrpc$RaftServerProtocolServiceBlockingStub.requestVote(RaftServerProtocolServiceGrpc.java:265)
	at org.apache.ratis.grpc.server.GrpcServerProtocolClient.requestVote(GrpcServerProtocolClient.java:90)
	at org.apache.ratis.grpc.server.GrpcService.requestVote(GrpcService.java:204)
	at org.apache.ratis.server.impl.LeaderElection.lambda$submitRequests$1(LeaderElection.java:238)
	at java.util.concurrent.FutureTask.run(FutureTask.java:266)
	at java.util.concurrent.Executors$RunnableAdapter.call(Executors.java:511)
	at java.util.concurrent.FutureTask.run(FutureTask.java:266)
	at java.util.concurrent.ThreadPoolExecutor.runWorker(ThreadPoolExecutor.java:1149)
	at java.util.concurrent.ThreadPoolExecutor$Worker.run(ThreadPoolExecutor.java:624)
	... 1 more
Caused by: org.apache.ratis.thirdparty.io.netty.channel.AbstractChannel$AnnotatedConnectException: Connection refused: /192.168.151.103:34484
	at sun.nio.ch.SocketChannelImpl.checkConnect(Native Method)
	at sun.nio.ch.SocketChannelImpl.finishConnect(SocketChannelImpl.java:717)
	at org.apache.ratis.thirdparty.io.netty.channel.socket.nio.NioSocketChannel.doFinishConnect(NioSocketChannel.java:327)
	at org.apache.ratis.thirdparty.io.netty.channel.nio.AbstractNioChannel$AbstractNioUnsafe.finishConnect(AbstractNioChannel.java:340)
	at org.apache.ratis.thirdparty.io.netty.channel.nio.NioEventLoop.processSelectedKey(NioEventLoop.java:632)
	at org.apache.ratis.thirdparty.io.netty.channel.nio.NioEventLoop.processSelectedKeysOptimized(NioEventLoop.java:579)
	at org.apache.ratis.thirdparty.io.netty.channel.nio.NioEventLoop.processSelectedKeys(NioEventLoop.java:496)
	at org.apache.ratis.thirdparty.io.netty.channel.nio.NioEventLoop.run(NioEventLoop.java:458)
	at org.apache.ratis.thirdparty.io.netty.util.concurrent.SingleThreadEventExecutor$5.run(SingleThreadEventExecutor.java:897)
	at org.apache.ratis.thirdparty.io.netty.util.concurrent.FastThreadLocalRunnable.run(FastThreadLocalRunnable.java:30)
	... 1 more
Caused by: java.net.ConnectException: Connection refused
	... 11 more
2019-09-27 09:26:03,594 [c1dc816a-002e-4190-8c4b-03368fc83464@group-CB4EA96F2AAE:LeaderElection167] INFO  impl.RoleInfo (RoleInfo.java:updateAndGet(143)) - c1dc816a-002e-4190-8c4b-03368fc83464: start FollowerState
2019-09-27 09:26:03,594 [de56bb40-4206-44bb-8a25-0aa735fdda15@group-49BF442FE5BA:LeaderElection166] INFO  impl.RaftServerImpl (RaftServerImpl.java:setRole(174)) - de56bb40-4206-44bb-8a25-0aa735fdda15@group-49BF442FE5BA: changes role from CANDIDATE to FOLLOWER at term 4 for DISCOVERED_A_NEW_TERM
2019-09-27 09:26:03,594 [de56bb40-4206-44bb-8a25-0aa735fdda15@group-49BF442FE5BA:LeaderElection166] INFO  impl.RoleInfo (RoleInfo.java:shutdownLeaderElection(134)) - de56bb40-4206-44bb-8a25-0aa735fdda15: shutdown LeaderElection
2019-09-27 09:26:03,595 [de56bb40-4206-44bb-8a25-0aa735fdda15@group-49BF442FE5BA:LeaderElection166] INFO  impl.RoleInfo (RoleInfo.java:updateAndGet(143)) - de56bb40-4206-44bb-8a25-0aa735fdda15: start FollowerState
2019-09-27 09:26:04,666 [Thread-9759] INFO  impl.FollowerState (FollowerState.java:run(106)) - de56bb40-4206-44bb-8a25-0aa735fdda15:group-49BF442FE5BA changes to CANDIDATE, lastRpcTime:1071, electionTimeout:1071ms
2019-09-27 09:26:04,667 [Thread-9759] INFO  impl.RoleInfo (RoleInfo.java:shutdownFollowerState(121)) - de56bb40-4206-44bb-8a25-0aa735fdda15: shutdown FollowerState
2019-09-27 09:26:04,667 [Thread-9759] INFO  impl.RaftServerImpl (RaftServerImpl.java:setRole(174)) - de56bb40-4206-44bb-8a25-0aa735fdda15@group-49BF442FE5BA: changes role from  FOLLOWER to CANDIDATE at term 4 for changeToCandidate
2019-09-27 09:26:04,667 [Thread-9759] INFO  impl.RoleInfo (RoleInfo.java:updateAndGet(143)) - de56bb40-4206-44bb-8a25-0aa735fdda15: start LeaderElection
2019-09-27 09:26:04,681 [de56bb40-4206-44bb-8a25-0aa735fdda15@group-49BF442FE5BA:LeaderElection168] INFO  impl.LeaderElection (LeaderElection.java:askForVotes(182)) - de56bb40-4206-44bb-8a25-0aa735fdda15@group-49BF442FE5BA:LeaderElection168: begin an election at term 5 for 0: [42a6dc71-468f-4bda-a1ef-3415db0682d5:192.168.151.103:35261, de56bb40-4206-44bb-8a25-0aa735fdda15:192.168.151.103:35304, 391bbd77-e270-498a-b344-18095c6f1940:192.168.151.103:34484], old=null
2019-09-27 09:26:04,682 [de56bb40-4206-44bb-8a25-0aa735fdda15@group-49BF442FE5BA:LeaderElection168] INFO  impl.LeaderElection (LogUtils.java:infoOrTrace(149)) - de56bb40-4206-44bb-8a25-0aa735fdda15@group-49BF442FE5BA:LeaderElection168 got exception when requesting votes: {}
java.util.concurrent.ExecutionException: org.apache.ratis.thirdparty.io.grpc.StatusRuntimeException: UNAVAILABLE: io exception
	at java.util.concurrent.FutureTask.report(FutureTask.java:122)
	at java.util.concurrent.FutureTask.get(FutureTask.java:192)
	at org.apache.ratis.server.impl.LeaderElection.waitForResults(LeaderElection.java:263)
	at org.apache.ratis.server.impl.LeaderElection.askForVotes(LeaderElection.java:201)
	at org.apache.ratis.server.impl.LeaderElection.run(LeaderElection.java:133)
	at java.lang.Thread.run(Thread.java:748)
Caused by: org.apache.ratis.thirdparty.io.grpc.StatusRuntimeException: UNAVAILABLE: io exception
	at org.apache.ratis.thirdparty.io.grpc.stub.ClientCalls.toStatusRuntimeException(ClientCalls.java:233)
	at org.apache.ratis.thirdparty.io.grpc.stub.ClientCalls.getUnchecked(ClientCalls.java:214)
	at org.apache.ratis.thirdparty.io.grpc.stub.ClientCalls.blockingUnaryCall(ClientCalls.java:139)
	at org.apache.ratis.proto.grpc.RaftServerProtocolServiceGrpc$RaftServerProtocolServiceBlockingStub.requestVote(RaftServerProtocolServiceGrpc.java:265)
	at org.apache.ratis.grpc.server.GrpcServerProtocolClient.requestVote(GrpcServerProtocolClient.java:90)
	at org.apache.ratis.grpc.server.GrpcService.requestVote(GrpcService.java:204)
	at org.apache.ratis.server.impl.LeaderElection.lambda$submitRequests$1(LeaderElection.java:238)
	at java.util.concurrent.FutureTask.run(FutureTask.java:266)
	at java.util.concurrent.Executors$RunnableAdapter.call(Executors.java:511)
	at java.util.concurrent.FutureTask.run(FutureTask.java:266)
	at java.util.concurrent.ThreadPoolExecutor.runWorker(ThreadPoolExecutor.java:1149)
	at java.util.concurrent.ThreadPoolExecutor$Worker.run(ThreadPoolExecutor.java:624)
	... 1 more
Caused by: org.apache.ratis.thirdparty.io.netty.channel.AbstractChannel$AnnotatedConnectException: Connection refused: /192.168.151.103:35261
	at sun.nio.ch.SocketChannelImpl.checkConnect(Native Method)
	at sun.nio.ch.SocketChannelImpl.finishConnect(SocketChannelImpl.java:717)
	at org.apache.ratis.thirdparty.io.netty.channel.socket.nio.NioSocketChannel.doFinishConnect(NioSocketChannel.java:327)
	at org.apache.ratis.thirdparty.io.netty.channel.nio.AbstractNioChannel$AbstractNioUnsafe.finishConnect(AbstractNioChannel.java:340)
	at org.apache.ratis.thirdparty.io.netty.channel.nio.NioEventLoop.processSelectedKey(NioEventLoop.java:632)
	at org.apache.ratis.thirdparty.io.netty.channel.nio.NioEventLoop.processSelectedKeysOptimized(NioEventLoop.java:579)
	at org.apache.ratis.thirdparty.io.netty.channel.nio.NioEventLoop.processSelectedKeys(NioEventLoop.java:496)
	at org.apache.ratis.thirdparty.io.netty.channel.nio.NioEventLoop.run(NioEventLoop.java:458)
	at org.apache.ratis.thirdparty.io.netty.util.concurrent.SingleThreadEventExecutor$5.run(SingleThreadEventExecutor.java:897)
	at org.apache.ratis.thirdparty.io.netty.util.concurrent.FastThreadLocalRunnable.run(FastThreadLocalRunnable.java:30)
	... 1 more
Caused by: java.net.ConnectException: Connection refused
	... 11 more
2019-09-27 09:26:04,682 [de56bb40-4206-44bb-8a25-0aa735fdda15@group-49BF442FE5BA:LeaderElection168] INFO  impl.LeaderElection (LogUtils.java:infoOrTrace(149)) - de56bb40-4206-44bb-8a25-0aa735fdda15@group-49BF442FE5BA:LeaderElection168 got exception when requesting votes: {}
java.util.concurrent.ExecutionException: org.apache.ratis.thirdparty.io.grpc.StatusRuntimeException: UNAVAILABLE: io exception
	at java.util.concurrent.FutureTask.report(FutureTask.java:122)
	at java.util.concurrent.FutureTask.get(FutureTask.java:192)
	at org.apache.ratis.server.impl.LeaderElection.waitForResults(LeaderElection.java:263)
	at org.apache.ratis.server.impl.LeaderElection.askForVotes(LeaderElection.java:201)
	at org.apache.ratis.server.impl.LeaderElection.run(LeaderElection.java:133)
	at java.lang.Thread.run(Thread.java:748)
Caused by: org.apache.ratis.thirdparty.io.grpc.StatusRuntimeException: UNAVAILABLE: io exception
	at org.apache.ratis.thirdparty.io.grpc.stub.ClientCalls.toStatusRuntimeException(ClientCalls.java:233)
	at org.apache.ratis.thirdparty.io.grpc.stub.ClientCalls.getUnchecked(ClientCalls.java:214)
	at org.apache.ratis.thirdparty.io.grpc.stub.ClientCalls.blockingUnaryCall(ClientCalls.java:139)
	at org.apache.ratis.proto.grpc.RaftServerProtocolServiceGrpc$RaftServerProtocolServiceBlockingStub.requestVote(RaftServerProtocolServiceGrpc.java:265)
	at org.apache.ratis.grpc.server.GrpcServerProtocolClient.requestVote(GrpcServerProtocolClient.java:90)
	at org.apache.ratis.grpc.server.GrpcService.requestVote(GrpcService.java:204)
	at org.apache.ratis.server.impl.LeaderElection.lambda$submitRequests$1(LeaderElection.java:238)
	at java.util.concurrent.FutureTask.run(FutureTask.java:266)
	at java.util.concurrent.Executors$RunnableAdapter.call(Executors.java:511)
	at java.util.concurrent.FutureTask.run(FutureTask.java:266)
	at java.util.concurrent.ThreadPoolExecutor.runWorker(ThreadPoolExecutor.java:1149)
	at java.util.concurrent.ThreadPoolExecutor$Worker.run(ThreadPoolExecutor.java:624)
	... 1 more
Caused by: org.apache.ratis.thirdparty.io.netty.channel.AbstractChannel$AnnotatedConnectException: Connection refused: /192.168.151.103:34484
	at sun.nio.ch.SocketChannelImpl.checkConnect(Native Method)
	at sun.nio.ch.SocketChannelImpl.finishConnect(SocketChannelImpl.java:717)
	at org.apache.ratis.thirdparty.io.netty.channel.socket.nio.NioSocketChannel.doFinishConnect(NioSocketChannel.java:327)
	at org.apache.ratis.thirdparty.io.netty.channel.nio.AbstractNioChannel$AbstractNioUnsafe.finishConnect(AbstractNioChannel.java:340)
	at org.apache.ratis.thirdparty.io.netty.channel.nio.NioEventLoop.processSelectedKey(NioEventLoop.java:632)
	at org.apache.ratis.thirdparty.io.netty.channel.nio.NioEventLoop.processSelectedKeysOptimized(NioEventLoop.java:579)
	at org.apache.ratis.thirdparty.io.netty.channel.nio.NioEventLoop.processSelectedKeys(NioEventLoop.java:496)
	at org.apache.ratis.thirdparty.io.netty.channel.nio.NioEventLoop.run(NioEventLoop.java:458)
	at org.apache.ratis.thirdparty.io.netty.util.concurrent.SingleThreadEventExecutor$5.run(SingleThreadEventExecutor.java:897)
	at org.apache.ratis.thirdparty.io.netty.util.concurrent.FastThreadLocalRunnable.run(FastThreadLocalRunnable.java:30)
	... 1 more
Caused by: java.net.ConnectException: Connection refused
	... 11 more
2019-09-27 09:26:04,683 [Thread-9758] INFO  impl.FollowerState (FollowerState.java:run(106)) - c1dc816a-002e-4190-8c4b-03368fc83464:group-CB4EA96F2AAE changes to CANDIDATE, lastRpcTime:1088, electionTimeout:1088ms
2019-09-27 09:26:04,683 [de56bb40-4206-44bb-8a25-0aa735fdda15@group-49BF442FE5BA:LeaderElection168] INFO  impl.LeaderElection (LeaderElection.java:logAndReturn(56)) - de56bb40-4206-44bb-8a25-0aa735fdda15@group-49BF442FE5BA:LeaderElection168: Election REJECTED; received 0 response(s) [] and 2 exception(s); de56bb40-4206-44bb-8a25-0aa735fdda15@group-49BF442FE5BA:t5, leader=null, voted=de56bb40-4206-44bb-8a25-0aa735fdda15, raftlog=de56bb40-4206-44bb-8a25-0aa735fdda15@group-49BF442FE5BA-SegmentedRaftLog:OPENED:c0,f0,i0, conf=0: [42a6dc71-468f-4bda-a1ef-3415db0682d5:192.168.151.103:35261, de56bb40-4206-44bb-8a25-0aa735fdda15:192.168.151.103:35304, 391bbd77-e270-498a-b344-18095c6f1940:192.168.151.103:34484], old=null
2019-09-27 09:26:04,683 [Thread-9758] INFO  impl.RoleInfo (RoleInfo.java:shutdownFollowerState(121)) - c1dc816a-002e-4190-8c4b-03368fc83464: shutdown FollowerState
2019-09-27 09:26:04,683 [de56bb40-4206-44bb-8a25-0aa735fdda15@group-49BF442FE5BA:LeaderElection168] INFO  impl.LeaderElection (LogUtils.java:infoOrTrace(149)) -   Exception 0: {}
java.util.concurrent.ExecutionException: org.apache.ratis.thirdparty.io.grpc.StatusRuntimeException: UNAVAILABLE: io exception
	at java.util.concurrent.FutureTask.report(FutureTask.java:122)
	at java.util.concurrent.FutureTask.get(FutureTask.java:192)
	at org.apache.ratis.server.impl.LeaderElection.waitForResults(LeaderElection.java:263)
	at org.apache.ratis.server.impl.LeaderElection.askForVotes(LeaderElection.java:201)
	at org.apache.ratis.server.impl.LeaderElection.run(LeaderElection.java:133)
	at java.lang.Thread.run(Thread.java:748)
Caused by: org.apache.ratis.thirdparty.io.grpc.StatusRuntimeException: UNAVAILABLE: io exception
	at org.apache.ratis.thirdparty.io.grpc.stub.ClientCalls.toStatusRuntimeException(ClientCalls.java:233)
	at org.apache.ratis.thirdparty.io.grpc.stub.ClientCalls.getUnchecked(ClientCalls.java:214)
	at org.apache.ratis.thirdparty.io.grpc.stub.ClientCalls.blockingUnaryCall(ClientCalls.java:139)
	at org.apache.ratis.proto.grpc.RaftServerProtocolServiceGrpc$RaftServerProtocolServiceBlockingStub.requestVote(RaftServerProtocolServiceGrpc.java:265)
	at org.apache.ratis.grpc.server.GrpcServerProtocolClient.requestVote(GrpcServerProtocolClient.java:90)
	at org.apache.ratis.grpc.server.GrpcService.requestVote(GrpcService.java:204)
	at org.apache.ratis.server.impl.LeaderElection.lambda$submitRequests$1(LeaderElection.java:238)
	at java.util.concurrent.FutureTask.run(FutureTask.java:266)
	at java.util.concurrent.Executors$RunnableAdapter.call(Executors.java:511)
	at java.util.concurrent.FutureTask.run(FutureTask.java:266)
	at java.util.concurrent.ThreadPoolExecutor.runWorker(ThreadPoolExecutor.java:1149)
	at java.util.concurrent.ThreadPoolExecutor$Worker.run(ThreadPoolExecutor.java:624)
	... 1 more
Caused by: org.apache.ratis.thirdparty.io.netty.channel.AbstractChannel$AnnotatedConnectException: Connection refused: /192.168.151.103:35261
	at sun.nio.ch.SocketChannelImpl.checkConnect(Native Method)
	at sun.nio.ch.SocketChannelImpl.finishConnect(SocketChannelImpl.java:717)
	at org.apache.ratis.thirdparty.io.netty.channel.socket.nio.NioSocketChannel.doFinishConnect(NioSocketChannel.java:327)
	at org.apache.ratis.thirdparty.io.netty.channel.nio.AbstractNioChannel$AbstractNioUnsafe.finishConnect(AbstractNioChannel.java:340)
	at org.apache.ratis.thirdparty.io.netty.channel.nio.NioEventLoop.processSelectedKey(NioEventLoop.java:632)
	at org.apache.ratis.thirdparty.io.netty.channel.nio.NioEventLoop.processSelectedKeysOptimized(NioEventLoop.java:579)
	at org.apache.ratis.thirdparty.io.netty.channel.nio.NioEventLoop.processSelectedKeys(NioEventLoop.java:496)
	at org.apache.ratis.thirdparty.io.netty.channel.nio.NioEventLoop.run(NioEventLoop.java:458)
	at org.apache.ratis.thirdparty.io.netty.util.concurrent.SingleThreadEventExecutor$5.run(SingleThreadEventExecutor.java:897)
	at org.apache.ratis.thirdparty.io.netty.util.concurrent.FastThreadLocalRunnable.run(FastThreadLocalRunnable.java:30)
	... 1 more
Caused by: java.net.ConnectException: Connection refused
	... 11 more
2019-09-27 09:26:04,683 [Thread-9758] INFO  impl.RaftServerImpl (RaftServerImpl.java:setRole(174)) - c1dc816a-002e-4190-8c4b-03368fc83464@group-CB4EA96F2AAE: changes role from  FOLLOWER to CANDIDATE at term 7 for changeToCandidate
2019-09-27 09:26:04,683 [de56bb40-4206-44bb-8a25-0aa735fdda15@group-49BF442FE5BA:LeaderElection168] INFO  impl.LeaderElection (LogUtils.java:infoOrTrace(149)) -   Exception 1: {}
java.util.concurrent.ExecutionException: org.apache.ratis.thirdparty.io.grpc.StatusRuntimeException: UNAVAILABLE: io exception
	at java.util.concurrent.FutureTask.report(FutureTask.java:122)
	at java.util.concurrent.FutureTask.get(FutureTask.java:192)
	at org.apache.ratis.server.impl.LeaderElection.waitForResults(LeaderElection.java:263)
	at org.apache.ratis.server.impl.LeaderElection.askForVotes(LeaderElection.java:201)
	at org.apache.ratis.server.impl.LeaderElection.run(LeaderElection.java:133)
	at java.lang.Thread.run(Thread.java:748)
Caused by: org.apache.ratis.thirdparty.io.grpc.StatusRuntimeException: UNAVAILABLE: io exception
	at org.apache.ratis.thirdparty.io.grpc.stub.ClientCalls.toStatusRuntimeException(ClientCalls.java:233)
	at org.apache.ratis.thirdparty.io.grpc.stub.ClientCalls.getUnchecked(ClientCalls.java:214)
	at org.apache.ratis.thirdparty.io.grpc.stub.ClientCalls.blockingUnaryCall(ClientCalls.java:139)
	at org.apache.ratis.proto.grpc.RaftServerProtocolServiceGrpc$RaftServerProtocolServiceBlockingStub.requestVote(RaftServerProtocolServiceGrpc.java:265)
	at org.apache.ratis.grpc.server.GrpcServerProtocolClient.requestVote(GrpcServerProtocolClient.java:90)
	at org.apache.ratis.grpc.server.GrpcService.requestVote(GrpcService.java:204)
	at org.apache.ratis.server.impl.LeaderElection.lambda$submitRequests$1(LeaderElection.java:238)
	at java.util.concurrent.FutureTask.run(FutureTask.java:266)
	at java.util.concurrent.Executors$RunnableAdapter.call(Executors.java:511)
	at java.util.concurrent.FutureTask.run(FutureTask.java:266)
	at java.util.concurrent.ThreadPoolExecutor.runWorker(ThreadPoolExecutor.java:1149)
	at java.util.concurrent.ThreadPoolExecutor$Worker.run(ThreadPoolExecutor.java:624)
	... 1 more
Caused by: org.apache.ratis.thirdparty.io.netty.channel.AbstractChannel$AnnotatedConnectException: Connection refused: /192.168.151.103:34484
	at sun.nio.ch.SocketChannelImpl.checkConnect(Native Method)
	at sun.nio.ch.SocketChannelImpl.finishConnect(SocketChannelImpl.java:717)
	at org.apache.ratis.thirdparty.io.netty.channel.socket.nio.NioSocketChannel.doFinishConnect(NioSocketChannel.java:327)
	at org.apache.ratis.thirdparty.io.netty.channel.nio.AbstractNioChannel$AbstractNioUnsafe.finishConnect(AbstractNioChannel.java:340)
	at org.apache.ratis.thirdparty.io.netty.channel.nio.NioEventLoop.processSelectedKey(NioEventLoop.java:632)
	at org.apache.ratis.thirdparty.io.netty.channel.nio.NioEventLoop.processSelectedKeysOptimized(NioEventLoop.java:579)
	at org.apache.ratis.thirdparty.io.netty.channel.nio.NioEventLoop.processSelectedKeys(NioEventLoop.java:496)
	at org.apache.ratis.thirdparty.io.netty.channel.nio.NioEventLoop.run(NioEventLoop.java:458)
	at org.apache.ratis.thirdparty.io.netty.util.concurrent.SingleThreadEventExecutor$5.run(SingleThreadEventExecutor.java:897)
	at org.apache.ratis.thirdparty.io.netty.util.concurrent.FastThreadLocalRunnable.run(FastThreadLocalRunnable.java:30)
	... 1 more
Caused by: java.net.ConnectException: Connection refused
	... 11 more
2019-09-27 09:26:04,684 [Thread-9758] INFO  impl.RoleInfo (RoleInfo.java:updateAndGet(143)) - c1dc816a-002e-4190-8c4b-03368fc83464: start LeaderElection
2019-09-27 09:26:04,684 [de56bb40-4206-44bb-8a25-0aa735fdda15@group-49BF442FE5BA:LeaderElection168] INFO  impl.RaftServerImpl (RaftServerImpl.java:setRole(174)) - de56bb40-4206-44bb-8a25-0aa735fdda15@group-49BF442FE5BA: changes role from CANDIDATE to FOLLOWER at term 5 for DISCOVERED_A_NEW_TERM
2019-09-27 09:26:04,684 [de56bb40-4206-44bb-8a25-0aa735fdda15@group-49BF442FE5BA:LeaderElection168] INFO  impl.RoleInfo (RoleInfo.java:shutdownLeaderElection(134)) - de56bb40-4206-44bb-8a25-0aa735fdda15: shutdown LeaderElection
2019-09-27 09:26:04,684 [de56bb40-4206-44bb-8a25-0aa735fdda15@group-49BF442FE5BA:LeaderElection168] INFO  impl.RoleInfo (RoleInfo.java:updateAndGet(143)) - de56bb40-4206-44bb-8a25-0aa735fdda15: start FollowerState
2019-09-27 09:26:04,698 [c1dc816a-002e-4190-8c4b-03368fc83464@group-CB4EA96F2AAE:LeaderElection169] INFO  impl.LeaderElection (LeaderElection.java:askForVotes(182)) - c1dc816a-002e-4190-8c4b-03368fc83464@group-CB4EA96F2AAE:LeaderElection169: begin an election at term 8 for 0: [c1dc816a-002e-4190-8c4b-03368fc83464:192.168.151.103:35476, 03814bdb-c6b3-415d-8615-039e811c0048:192.168.151.103:40137, 513ea752-2bb4-4e9d-94cf-0dce8d7e1b31:192.168.151.103:39440], old=null
2019-09-27 09:26:04,699 [c1dc816a-002e-4190-8c4b-03368fc83464@group-CB4EA96F2AAE:LeaderElection169] INFO  impl.LeaderElection (LogUtils.java:infoOrTrace(149)) - c1dc816a-002e-4190-8c4b-03368fc83464@group-CB4EA96F2AAE:LeaderElection169 got exception when requesting votes: {}
java.util.concurrent.ExecutionException: org.apache.ratis.thirdparty.io.grpc.StatusRuntimeException: UNAVAILABLE: io exception
	at java.util.concurrent.FutureTask.report(FutureTask.java:122)
	at java.util.concurrent.FutureTask.get(FutureTask.java:192)
	at org.apache.ratis.server.impl.LeaderElection.waitForResults(LeaderElection.java:263)
	at org.apache.ratis.server.impl.LeaderElection.askForVotes(LeaderElection.java:201)
	at org.apache.ratis.server.impl.LeaderElection.run(LeaderElection.java:133)
	at java.lang.Thread.run(Thread.java:748)
Caused by: org.apache.ratis.thirdparty.io.grpc.StatusRuntimeException: UNAVAILABLE: io exception
	at org.apache.ratis.thirdparty.io.grpc.stub.ClientCalls.toStatusRuntimeException(ClientCalls.java:233)
	at org.apache.ratis.thirdparty.io.grpc.stub.ClientCalls.getUnchecked(ClientCalls.java:214)
	at org.apache.ratis.thirdparty.io.grpc.stub.ClientCalls.blockingUnaryCall(ClientCalls.java:139)
	at org.apache.ratis.proto.grpc.RaftServerProtocolServiceGrpc$RaftServerProtocolServiceBlockingStub.requestVote(RaftServerProtocolServiceGrpc.java:265)
	at org.apache.ratis.grpc.server.GrpcServerProtocolClient.requestVote(GrpcServerProtocolClient.java:90)
	at org.apache.ratis.grpc.server.GrpcService.requestVote(GrpcService.java:204)
	at org.apache.ratis.server.impl.LeaderElection.lambda$submitRequests$1(LeaderElection.java:238)
	at java.util.concurrent.FutureTask.run(FutureTask.java:266)
	at java.util.concurrent.Executors$RunnableAdapter.call(Executors.java:511)
	at java.util.concurrent.FutureTask.run(FutureTask.java:266)
	at java.util.concurrent.ThreadPoolExecutor.runWorker(ThreadPoolExecutor.java:1149)
	at java.util.concurrent.ThreadPoolExecutor$Worker.run(ThreadPoolExecutor.java:624)
	... 1 more
Caused by: org.apache.ratis.thirdparty.io.netty.channel.AbstractChannel$AnnotatedConnectException: Connection refused: /192.168.151.103:40137
	at sun.nio.ch.SocketChannelImpl.checkConnect(Native Method)
	at sun.nio.ch.SocketChannelImpl.finishConnect(SocketChannelImpl.java:717)
	at org.apache.ratis.thirdparty.io.netty.channel.socket.nio.NioSocketChannel.doFinishConnect(NioSocketChannel.java:327)
	at org.apache.ratis.thirdparty.io.netty.channel.nio.AbstractNioChannel$AbstractNioUnsafe.finishConnect(AbstractNioChannel.java:340)
	at org.apache.ratis.thirdparty.io.netty.channel.nio.NioEventLoop.processSelectedKey(NioEventLoop.java:632)
	at org.apache.ratis.thirdparty.io.netty.channel.nio.NioEventLoop.processSelectedKeysOptimized(NioEventLoop.java:579)
	at org.apache.ratis.thirdparty.io.netty.channel.nio.NioEventLoop.processSelectedKeys(NioEventLoop.java:496)
	at org.apache.ratis.thirdparty.io.netty.channel.nio.NioEventLoop.run(NioEventLoop.java:458)
	at org.apache.ratis.thirdparty.io.netty.util.concurrent.SingleThreadEventExecutor$5.run(SingleThreadEventExecutor.java:897)
	at org.apache.ratis.thirdparty.io.netty.util.concurrent.FastThreadLocalRunnable.run(FastThreadLocalRunnable.java:30)
	... 1 more
Caused by: java.net.ConnectException: Connection refused
	... 11 more
2019-09-27 09:26:04,699 [c1dc816a-002e-4190-8c4b-03368fc83464@group-CB4EA96F2AAE:LeaderElection169] INFO  impl.LeaderElection (LogUtils.java:infoOrTrace(149)) - c1dc816a-002e-4190-8c4b-03368fc83464@group-CB4EA96F2AAE:LeaderElection169 got exception when requesting votes: {}
java.util.concurrent.ExecutionException: org.apache.ratis.thirdparty.io.grpc.StatusRuntimeException: UNAVAILABLE: io exception
	at java.util.concurrent.FutureTask.report(FutureTask.java:122)
	at java.util.concurrent.FutureTask.get(FutureTask.java:192)
	at org.apache.ratis.server.impl.LeaderElection.waitForResults(LeaderElection.java:263)
	at org.apache.ratis.server.impl.LeaderElection.askForVotes(LeaderElection.java:201)
	at org.apache.ratis.server.impl.LeaderElection.run(LeaderElection.java:133)
	at java.lang.Thread.run(Thread.java:748)
Caused by: org.apache.ratis.thirdparty.io.grpc.StatusRuntimeException: UNAVAILABLE: io exception
	at org.apache.ratis.thirdparty.io.grpc.stub.ClientCalls.toStatusRuntimeException(ClientCalls.java:233)
	at org.apache.ratis.thirdparty.io.grpc.stub.ClientCalls.getUnchecked(ClientCalls.java:214)
	at org.apache.ratis.thirdparty.io.grpc.stub.ClientCalls.blockingUnaryCall(ClientCalls.java:139)
	at org.apache.ratis.proto.grpc.RaftServerProtocolServiceGrpc$RaftServerProtocolServiceBlockingStub.requestVote(RaftServerProtocolServiceGrpc.java:265)
	at org.apache.ratis.grpc.server.GrpcServerProtocolClient.requestVote(GrpcServerProtocolClient.java:90)
	at org.apache.ratis.grpc.server.GrpcService.requestVote(GrpcService.java:204)
	at org.apache.ratis.server.impl.LeaderElection.lambda$submitRequests$1(LeaderElection.java:238)
	at java.util.concurrent.FutureTask.run(FutureTask.java:266)
	at java.util.concurrent.Executors$RunnableAdapter.call(Executors.java:511)
	at java.util.concurrent.FutureTask.run(FutureTask.java:266)
	at java.util.concurrent.ThreadPoolExecutor.runWorker(ThreadPoolExecutor.java:1149)
	at java.util.concurrent.ThreadPoolExecutor$Worker.run(ThreadPoolExecutor.java:624)
	... 1 more
Caused by: org.apache.ratis.thirdparty.io.netty.channel.AbstractChannel$AnnotatedConnectException: Connection refused: /192.168.151.103:39440
	at sun.nio.ch.SocketChannelImpl.checkConnect(Native Method)
	at sun.nio.ch.SocketChannelImpl.finishConnect(SocketChannelImpl.java:717)
	at org.apache.ratis.thirdparty.io.netty.channel.socket.nio.NioSocketChannel.doFinishConnect(NioSocketChannel.java:327)
	at org.apache.ratis.thirdparty.io.netty.channel.nio.AbstractNioChannel$AbstractNioUnsafe.finishConnect(AbstractNioChannel.java:340)
	at org.apache.ratis.thirdparty.io.netty.channel.nio.NioEventLoop.processSelectedKey(NioEventLoop.java:632)
	at org.apache.ratis.thirdparty.io.netty.channel.nio.NioEventLoop.processSelectedKeysOptimized(NioEventLoop.java:579)
	at org.apache.ratis.thirdparty.io.netty.channel.nio.NioEventLoop.processSelectedKeys(NioEventLoop.java:496)
	at org.apache.ratis.thirdparty.io.netty.channel.nio.NioEventLoop.run(NioEventLoop.java:458)
	at org.apache.ratis.thirdparty.io.netty.util.concurrent.SingleThreadEventExecutor$5.run(SingleThreadEventExecutor.java:897)
	at org.apache.ratis.thirdparty.io.netty.util.concurrent.FastThreadLocalRunnable.run(FastThreadLocalRunnable.java:30)
	... 1 more
Caused by: java.net.ConnectException: Connection refused
	... 11 more
2019-09-27 09:26:04,699 [c1dc816a-002e-4190-8c4b-03368fc83464@group-CB4EA96F2AAE:LeaderElection169] INFO  impl.LeaderElection (LeaderElection.java:logAndReturn(56)) - c1dc816a-002e-4190-8c4b-03368fc83464@group-CB4EA96F2AAE:LeaderElection169: Election REJECTED; received 0 response(s) [] and 2 exception(s); c1dc816a-002e-4190-8c4b-03368fc83464@group-CB4EA96F2AAE:t8, leader=null, voted=c1dc816a-002e-4190-8c4b-03368fc83464, raftlog=c1dc816a-002e-4190-8c4b-03368fc83464@group-CB4EA96F2AAE-SegmentedRaftLog:OPENED:c0,f0,i0, conf=0: [c1dc816a-002e-4190-8c4b-03368fc83464:192.168.151.103:35476, 03814bdb-c6b3-415d-8615-039e811c0048:192.168.151.103:40137, 513ea752-2bb4-4e9d-94cf-0dce8d7e1b31:192.168.151.103:39440], old=null
2019-09-27 09:26:04,699 [c1dc816a-002e-4190-8c4b-03368fc83464@group-CB4EA96F2AAE:LeaderElection169] INFO  impl.LeaderElection (LogUtils.java:infoOrTrace(149)) -   Exception 0: {}
java.util.concurrent.ExecutionException: org.apache.ratis.thirdparty.io.grpc.StatusRuntimeException: UNAVAILABLE: io exception
	at java.util.concurrent.FutureTask.report(FutureTask.java:122)
	at java.util.concurrent.FutureTask.get(FutureTask.java:192)
	at org.apache.ratis.server.impl.LeaderElection.waitForResults(LeaderElection.java:263)
	at org.apache.ratis.server.impl.LeaderElection.askForVotes(LeaderElection.java:201)
	at org.apache.ratis.server.impl.LeaderElection.run(LeaderElection.java:133)
	at java.lang.Thread.run(Thread.java:748)
Caused by: org.apache.ratis.thirdparty.io.grpc.StatusRuntimeException: UNAVAILABLE: io exception
	at org.apache.ratis.thirdparty.io.grpc.stub.ClientCalls.toStatusRuntimeException(ClientCalls.java:233)
	at org.apache.ratis.thirdparty.io.grpc.stub.ClientCalls.getUnchecked(ClientCalls.java:214)
	at org.apache.ratis.thirdparty.io.grpc.stub.ClientCalls.blockingUnaryCall(ClientCalls.java:139)
	at org.apache.ratis.proto.grpc.RaftServerProtocolServiceGrpc$RaftServerProtocolServiceBlockingStub.requestVote(RaftServerProtocolServiceGrpc.java:265)
	at org.apache.ratis.grpc.server.GrpcServerProtocolClient.requestVote(GrpcServerProtocolClient.java:90)
	at org.apache.ratis.grpc.server.GrpcService.requestVote(GrpcService.java:204)
	at org.apache.ratis.server.impl.LeaderElection.lambda$submitRequests$1(LeaderElection.java:238)
	at java.util.concurrent.FutureTask.run(FutureTask.java:266)
	at java.util.concurrent.Executors$RunnableAdapter.call(Executors.java:511)
	at java.util.concurrent.FutureTask.run(FutureTask.java:266)
	at java.util.concurrent.ThreadPoolExecutor.runWorker(ThreadPoolExecutor.java:1149)
	at java.util.concurrent.ThreadPoolExecutor$Worker.run(ThreadPoolExecutor.java:624)
	... 1 more
Caused by: org.apache.ratis.thirdparty.io.netty.channel.AbstractChannel$AnnotatedConnectException: Connection refused: /192.168.151.103:40137
	at sun.nio.ch.SocketChannelImpl.checkConnect(Native Method)
	at sun.nio.ch.SocketChannelImpl.finishConnect(SocketChannelImpl.java:717)
	at org.apache.ratis.thirdparty.io.netty.channel.socket.nio.NioSocketChannel.doFinishConnect(NioSocketChannel.java:327)
	at org.apache.ratis.thirdparty.io.netty.channel.nio.AbstractNioChannel$AbstractNioUnsafe.finishConnect(AbstractNioChannel.java:340)
	at org.apache.ratis.thirdparty.io.netty.channel.nio.NioEventLoop.processSelectedKey(NioEventLoop.java:632)
	at org.apache.ratis.thirdparty.io.netty.channel.nio.NioEventLoop.processSelectedKeysOptimized(NioEventLoop.java:579)
	at org.apache.ratis.thirdparty.io.netty.channel.nio.NioEventLoop.processSelectedKeys(NioEventLoop.java:496)
	at org.apache.ratis.thirdparty.io.netty.channel.nio.NioEventLoop.run(NioEventLoop.java:458)
	at org.apache.ratis.thirdparty.io.netty.util.concurrent.SingleThreadEventExecutor$5.run(SingleThreadEventExecutor.java:897)
	at org.apache.ratis.thirdparty.io.netty.util.concurrent.FastThreadLocalRunnable.run(FastThreadLocalRunnable.java:30)
	... 1 more
Caused by: java.net.ConnectException: Connection refused
	... 11 more
2019-09-27 09:26:04,700 [c1dc816a-002e-4190-8c4b-03368fc83464@group-CB4EA96F2AAE:LeaderElection169] INFO  impl.LeaderElection (LogUtils.java:infoOrTrace(149)) -   Exception 1: {}
java.util.concurrent.ExecutionException: org.apache.ratis.thirdparty.io.grpc.StatusRuntimeException: UNAVAILABLE: io exception
	at java.util.concurrent.FutureTask.report(FutureTask.java:122)
	at java.util.concurrent.FutureTask.get(FutureTask.java:192)
	at org.apache.ratis.server.impl.LeaderElection.waitForResults(LeaderElection.java:263)
	at org.apache.ratis.server.impl.LeaderElection.askForVotes(LeaderElection.java:201)
	at org.apache.ratis.server.impl.LeaderElection.run(LeaderElection.java:133)
	at java.lang.Thread.run(Thread.java:748)
Caused by: org.apache.ratis.thirdparty.io.grpc.StatusRuntimeException: UNAVAILABLE: io exception
	at org.apache.ratis.thirdparty.io.grpc.stub.ClientCalls.toStatusRuntimeException(ClientCalls.java:233)
	at org.apache.ratis.thirdparty.io.grpc.stub.ClientCalls.getUnchecked(ClientCalls.java:214)
	at org.apache.ratis.thirdparty.io.grpc.stub.ClientCalls.blockingUnaryCall(ClientCalls.java:139)
	at org.apache.ratis.proto.grpc.RaftServerProtocolServiceGrpc$RaftServerProtocolServiceBlockingStub.requestVote(RaftServerProtocolServiceGrpc.java:265)
	at org.apache.ratis.grpc.server.GrpcServerProtocolClient.requestVote(GrpcServerProtocolClient.java:90)
	at org.apache.ratis.grpc.server.GrpcService.requestVote(GrpcService.java:204)
	at org.apache.ratis.server.impl.LeaderElection.lambda$submitRequests$1(LeaderElection.java:238)
	at java.util.concurrent.FutureTask.run(FutureTask.java:266)
	at java.util.concurrent.Executors$RunnableAdapter.call(Executors.java:511)
	at java.util.concurrent.FutureTask.run(FutureTask.java:266)
	at java.util.concurrent.ThreadPoolExecutor.runWorker(ThreadPoolExecutor.java:1149)
	at java.util.concurrent.ThreadPoolExecutor$Worker.run(ThreadPoolExecutor.java:624)
	... 1 more
Caused by: org.apache.ratis.thirdparty.io.netty.channel.AbstractChannel$AnnotatedConnectException: Connection refused: /192.168.151.103:39440
	at sun.nio.ch.SocketChannelImpl.checkConnect(Native Method)
	at sun.nio.ch.SocketChannelImpl.finishConnect(SocketChannelImpl.java:717)
	at org.apache.ratis.thirdparty.io.netty.channel.socket.nio.NioSocketChannel.doFinishConnect(NioSocketChannel.java:327)
	at org.apache.ratis.thirdparty.io.netty.channel.nio.AbstractNioChannel$AbstractNioUnsafe.finishConnect(AbstractNioChannel.java:340)
	at org.apache.ratis.thirdparty.io.netty.channel.nio.NioEventLoop.processSelectedKey(NioEventLoop.java:632)
	at org.apache.ratis.thirdparty.io.netty.channel.nio.NioEventLoop.processSelectedKeysOptimized(NioEventLoop.java:579)
	at org.apache.ratis.thirdparty.io.netty.channel.nio.NioEventLoop.processSelectedKeys(NioEventLoop.java:496)
	at org.apache.ratis.thirdparty.io.netty.channel.nio.NioEventLoop.run(NioEventLoop.java:458)
	at org.apache.ratis.thirdparty.io.netty.util.concurrent.SingleThreadEventExecutor$5.run(SingleThreadEventExecutor.java:897)
	at org.apache.ratis.thirdparty.io.netty.util.concurrent.FastThreadLocalRunnable.run(FastThreadLocalRunnable.java:30)
	... 1 more
Caused by: java.net.ConnectException: Connection refused
	... 11 more
2019-09-27 09:26:04,700 [c1dc816a-002e-4190-8c4b-03368fc83464@group-CB4EA96F2AAE:LeaderElection169] INFO  impl.RaftServerImpl (RaftServerImpl.java:setRole(174)) - c1dc816a-002e-4190-8c4b-03368fc83464@group-CB4EA96F2AAE: changes role from CANDIDATE to FOLLOWER at term 8 for DISCOVERED_A_NEW_TERM
2019-09-27 09:26:04,700 [c1dc816a-002e-4190-8c4b-03368fc83464@group-CB4EA96F2AAE:LeaderElection169] INFO  impl.RoleInfo (RoleInfo.java:shutdownLeaderElection(134)) - c1dc816a-002e-4190-8c4b-03368fc83464: shutdown LeaderElection
2019-09-27 09:26:04,700 [c1dc816a-002e-4190-8c4b-03368fc83464@group-CB4EA96F2AAE:LeaderElection169] INFO  impl.RoleInfo (RoleInfo.java:updateAndGet(143)) - c1dc816a-002e-4190-8c4b-03368fc83464: start FollowerState
2019-09-27 09:26:05,725 [Thread-9767] INFO  impl.FollowerState (FollowerState.java:run(106)) - c1dc816a-002e-4190-8c4b-03368fc83464:group-CB4EA96F2AAE changes to CANDIDATE, lastRpcTime:1024, electionTimeout:1024ms
2019-09-27 09:26:05,725 [Thread-9767] INFO  impl.RoleInfo (RoleInfo.java:shutdownFollowerState(121)) - c1dc816a-002e-4190-8c4b-03368fc83464: shutdown FollowerState
2019-09-27 09:26:05,725 [Thread-9767] INFO  impl.RaftServerImpl (RaftServerImpl.java:setRole(174)) - c1dc816a-002e-4190-8c4b-03368fc83464@group-CB4EA96F2AAE: changes role from  FOLLOWER to CANDIDATE at term 8 for changeToCandidate
2019-09-27 09:26:05,725 [Thread-9767] INFO  impl.RoleInfo (RoleInfo.java:updateAndGet(143)) - c1dc816a-002e-4190-8c4b-03368fc83464: start LeaderElection
2019-09-27 09:26:05,739 [c1dc816a-002e-4190-8c4b-03368fc83464@group-CB4EA96F2AAE:LeaderElection170] INFO  impl.LeaderElection (LeaderElection.java:askForVotes(182)) - c1dc816a-002e-4190-8c4b-03368fc83464@group-CB4EA96F2AAE:LeaderElection170: begin an election at term 9 for 0: [c1dc816a-002e-4190-8c4b-03368fc83464:192.168.151.103:35476, 03814bdb-c6b3-415d-8615-039e811c0048:192.168.151.103:40137, 513ea752-2bb4-4e9d-94cf-0dce8d7e1b31:192.168.151.103:39440], old=null
2019-09-27 09:26:05,740 [c1dc816a-002e-4190-8c4b-03368fc83464@group-CB4EA96F2AAE:LeaderElection170] INFO  impl.LeaderElection (LogUtils.java:infoOrTrace(149)) - c1dc816a-002e-4190-8c4b-03368fc83464@group-CB4EA96F2AAE:LeaderElection170 got exception when requesting votes: {}
java.util.concurrent.ExecutionException: org.apache.ratis.thirdparty.io.grpc.StatusRuntimeException: UNAVAILABLE: io exception
	at java.util.concurrent.FutureTask.report(FutureTask.java:122)
	at java.util.concurrent.FutureTask.get(FutureTask.java:192)
	at org.apache.ratis.server.impl.LeaderElection.waitForResults(LeaderElection.java:263)
	at org.apache.ratis.server.impl.LeaderElection.askForVotes(LeaderElection.java:201)
	at org.apache.ratis.server.impl.LeaderElection.run(LeaderElection.java:133)
	at java.lang.Thread.run(Thread.java:748)
Caused by: org.apache.ratis.thirdparty.io.grpc.StatusRuntimeException: UNAVAILABLE: io exception
	at org.apache.ratis.thirdparty.io.grpc.stub.ClientCalls.toStatusRuntimeException(ClientCalls.java:233)
	at org.apache.ratis.thirdparty.io.grpc.stub.ClientCalls.getUnchecked(ClientCalls.java:214)
	at org.apache.ratis.thirdparty.io.grpc.stub.ClientCalls.blockingUnaryCall(ClientCalls.java:139)
	at org.apache.ratis.proto.grpc.RaftServerProtocolServiceGrpc$RaftServerProtocolServiceBlockingStub.requestVote(RaftServerProtocolServiceGrpc.java:265)
	at org.apache.ratis.grpc.server.GrpcServerProtocolClient.requestVote(GrpcServerProtocolClient.java:90)
	at org.apache.ratis.grpc.server.GrpcService.requestVote(GrpcService.java:204)
	at org.apache.ratis.server.impl.LeaderElection.lambda$submitRequests$1(LeaderElection.java:238)
	at java.util.concurrent.FutureTask.run(FutureTask.java:266)
	at java.util.concurrent.Executors$RunnableAdapter.call(Executors.java:511)
	at java.util.concurrent.FutureTask.run(FutureTask.java:266)
	at java.util.concurrent.ThreadPoolExecutor.runWorker(ThreadPoolExecutor.java:1149)
	at java.util.concurrent.ThreadPoolExecutor$Worker.run(ThreadPoolExecutor.java:624)
	... 1 more
Caused by: org.apache.ratis.thirdparty.io.netty.channel.AbstractChannel$AnnotatedConnectException: Connection refused: /192.168.151.103:39440
	at sun.nio.ch.SocketChannelImpl.checkConnect(Native Method)
	at sun.nio.ch.SocketChannelImpl.finishConnect(SocketChannelImpl.java:717)
	at org.apache.ratis.thirdparty.io.netty.channel.socket.nio.NioSocketChannel.doFinishConnect(NioSocketChannel.java:327)
	at org.apache.ratis.thirdparty.io.netty.channel.nio.AbstractNioChannel$AbstractNioUnsafe.finishConnect(AbstractNioChannel.java:340)
	at org.apache.ratis.thirdparty.io.netty.channel.nio.NioEventLoop.processSelectedKey(NioEventLoop.java:632)
	at org.apache.ratis.thirdparty.io.netty.channel.nio.NioEventLoop.processSelectedKeysOptimized(NioEventLoop.java:579)
	at org.apache.ratis.thirdparty.io.netty.channel.nio.NioEventLoop.processSelectedKeys(NioEventLoop.java:496)
	at org.apache.ratis.thirdparty.io.netty.channel.nio.NioEventLoop.run(NioEventLoop.java:458)
	at org.apache.ratis.thirdparty.io.netty.util.concurrent.SingleThreadEventExecutor$5.run(SingleThreadEventExecutor.java:897)
	at org.apache.ratis.thirdparty.io.netty.util.concurrent.FastThreadLocalRunnable.run(FastThreadLocalRunnable.java:30)
	... 1 more
Caused by: java.net.ConnectException: Connection refused
	... 11 more
2019-09-27 09:26:05,740 [c1dc816a-002e-4190-8c4b-03368fc83464@group-CB4EA96F2AAE:LeaderElection170] INFO  impl.LeaderElection (LogUtils.java:infoOrTrace(149)) - c1dc816a-002e-4190-8c4b-03368fc83464@group-CB4EA96F2AAE:LeaderElection170 got exception when requesting votes: {}
java.util.concurrent.ExecutionException: org.apache.ratis.thirdparty.io.grpc.StatusRuntimeException: UNAVAILABLE: io exception
	at java.util.concurrent.FutureTask.report(FutureTask.java:122)
	at java.util.concurrent.FutureTask.get(FutureTask.java:192)
	at org.apache.ratis.server.impl.LeaderElection.waitForResults(LeaderElection.java:263)
	at org.apache.ratis.server.impl.LeaderElection.askForVotes(LeaderElection.java:201)
	at org.apache.ratis.server.impl.LeaderElection.run(LeaderElection.java:133)
	at java.lang.Thread.run(Thread.java:748)
Caused by: org.apache.ratis.thirdparty.io.grpc.StatusRuntimeException: UNAVAILABLE: io exception
	at org.apache.ratis.thirdparty.io.grpc.stub.ClientCalls.toStatusRuntimeException(ClientCalls.java:233)
	at org.apache.ratis.thirdparty.io.grpc.stub.ClientCalls.getUnchecked(ClientCalls.java:214)
	at org.apache.ratis.thirdparty.io.grpc.stub.ClientCalls.blockingUnaryCall(ClientCalls.java:139)
	at org.apache.ratis.proto.grpc.RaftServerProtocolServiceGrpc$RaftServerProtocolServiceBlockingStub.requestVote(RaftServerProtocolServiceGrpc.java:265)
	at org.apache.ratis.grpc.server.GrpcServerProtocolClient.requestVote(GrpcServerProtocolClient.java:90)
	at org.apache.ratis.grpc.server.GrpcService.requestVote(GrpcService.java:204)
	at org.apache.ratis.server.impl.LeaderElection.lambda$submitRequests$1(LeaderElection.java:238)
	at java.util.concurrent.FutureTask.run(FutureTask.java:266)
	at java.util.concurrent.Executors$RunnableAdapter.call(Executors.java:511)
	at java.util.concurrent.FutureTask.run(FutureTask.java:266)
	at java.util.concurrent.ThreadPoolExecutor.runWorker(ThreadPoolExecutor.java:1149)
	at java.util.concurrent.ThreadPoolExecutor$Worker.run(ThreadPoolExecutor.java:624)
	... 1 more
Caused by: org.apache.ratis.thirdparty.io.netty.channel.AbstractChannel$AnnotatedConnectException: Connection refused: /192.168.151.103:40137
	at sun.nio.ch.SocketChannelImpl.checkConnect(Native Method)
	at sun.nio.ch.SocketChannelImpl.finishConnect(SocketChannelImpl.java:717)
	at org.apache.ratis.thirdparty.io.netty.channel.socket.nio.NioSocketChannel.doFinishConnect(NioSocketChannel.java:327)
	at org.apache.ratis.thirdparty.io.netty.channel.nio.AbstractNioChannel$AbstractNioUnsafe.finishConnect(AbstractNioChannel.java:340)
	at org.apache.ratis.thirdparty.io.netty.channel.nio.NioEventLoop.processSelectedKey(NioEventLoop.java:632)
	at org.apache.ratis.thirdparty.io.netty.channel.nio.NioEventLoop.processSelectedKeysOptimized(NioEventLoop.java:579)
	at org.apache.ratis.thirdparty.io.netty.channel.nio.NioEventLoop.processSelectedKeys(NioEventLoop.java:496)
	at org.apache.ratis.thirdparty.io.netty.channel.nio.NioEventLoop.run(NioEventLoop.java:458)
	at org.apache.ratis.thirdparty.io.netty.util.concurrent.SingleThreadEventExecutor$5.run(SingleThreadEventExecutor.java:897)
	at org.apache.ratis.thirdparty.io.netty.util.concurrent.FastThreadLocalRunnable.run(FastThreadLocalRunnable.java:30)
	... 1 more
Caused by: java.net.ConnectException: Connection refused
	... 11 more
2019-09-27 09:26:05,741 [c1dc816a-002e-4190-8c4b-03368fc83464@group-CB4EA96F2AAE:LeaderElection170] INFO  impl.LeaderElection (LeaderElection.java:logAndReturn(56)) - c1dc816a-002e-4190-8c4b-03368fc83464@group-CB4EA96F2AAE:LeaderElection170: Election REJECTED; received 0 response(s) [] and 2 exception(s); c1dc816a-002e-4190-8c4b-03368fc83464@group-CB4EA96F2AAE:t9, leader=null, voted=c1dc816a-002e-4190-8c4b-03368fc83464, raftlog=c1dc816a-002e-4190-8c4b-03368fc83464@group-CB4EA96F2AAE-SegmentedRaftLog:OPENED:c0,f0,i0, conf=0: [c1dc816a-002e-4190-8c4b-03368fc83464:192.168.151.103:35476, 03814bdb-c6b3-415d-8615-039e811c0048:192.168.151.103:40137, 513ea752-2bb4-4e9d-94cf-0dce8d7e1b31:192.168.151.103:39440], old=null
2019-09-27 09:26:05,741 [c1dc816a-002e-4190-8c4b-03368fc83464@group-CB4EA96F2AAE:LeaderElection170] INFO  impl.LeaderElection (LogUtils.java:infoOrTrace(149)) -   Exception 0: {}
java.util.concurrent.ExecutionException: org.apache.ratis.thirdparty.io.grpc.StatusRuntimeException: UNAVAILABLE: io exception
	at java.util.concurrent.FutureTask.report(FutureTask.java:122)
	at java.util.concurrent.FutureTask.get(FutureTask.java:192)
	at org.apache.ratis.server.impl.LeaderElection.waitForResults(LeaderElection.java:263)
	at org.apache.ratis.server.impl.LeaderElection.askForVotes(LeaderElection.java:201)
	at org.apache.ratis.server.impl.LeaderElection.run(LeaderElection.java:133)
	at java.lang.Thread.run(Thread.java:748)
Caused by: org.apache.ratis.thirdparty.io.grpc.StatusRuntimeException: UNAVAILABLE: io exception
	at org.apache.ratis.thirdparty.io.grpc.stub.ClientCalls.toStatusRuntimeException(ClientCalls.java:233)
	at org.apache.ratis.thirdparty.io.grpc.stub.ClientCalls.getUnchecked(ClientCalls.java:214)
	at org.apache.ratis.thirdparty.io.grpc.stub.ClientCalls.blockingUnaryCall(ClientCalls.java:139)
	at org.apache.ratis.proto.grpc.RaftServerProtocolServiceGrpc$RaftServerProtocolServiceBlockingStub.requestVote(RaftServerProtocolServiceGrpc.java:265)
	at org.apache.ratis.grpc.server.GrpcServerProtocolClient.requestVote(GrpcServerProtocolClient.java:90)
	at org.apache.ratis.grpc.server.GrpcService.requestVote(GrpcService.java:204)
	at org.apache.ratis.server.impl.LeaderElection.lambda$submitRequests$1(LeaderElection.java:238)
	at java.util.concurrent.FutureTask.run(FutureTask.java:266)
	at java.util.concurrent.Executors$RunnableAdapter.call(Executors.java:511)
	at java.util.concurrent.FutureTask.run(FutureTask.java:266)
	at java.util.concurrent.ThreadPoolExecutor.runWorker(ThreadPoolExecutor.java:1149)
	at java.util.concurrent.ThreadPoolExecutor$Worker.run(ThreadPoolExecutor.java:624)
	... 1 more
Caused by: org.apache.ratis.thirdparty.io.netty.channel.AbstractChannel$AnnotatedConnectException: Connection refused: /192.168.151.103:39440
	at sun.nio.ch.SocketChannelImpl.checkConnect(Native Method)
	at sun.nio.ch.SocketChannelImpl.finishConnect(SocketChannelImpl.java:717)
	at org.apache.ratis.thirdparty.io.netty.channel.socket.nio.NioSocketChannel.doFinishConnect(NioSocketChannel.java:327)
	at org.apache.ratis.thirdparty.io.netty.channel.nio.AbstractNioChannel$AbstractNioUnsafe.finishConnect(AbstractNioChannel.java:340)
	at org.apache.ratis.thirdparty.io.netty.channel.nio.NioEventLoop.processSelectedKey(NioEventLoop.java:632)
	at org.apache.ratis.thirdparty.io.netty.channel.nio.NioEventLoop.processSelectedKeysOptimized(NioEventLoop.java:579)
	at org.apache.ratis.thirdparty.io.netty.channel.nio.NioEventLoop.processSelectedKeys(NioEventLoop.java:496)
	at org.apache.ratis.thirdparty.io.netty.channel.nio.NioEventLoop.run(NioEventLoop.java:458)
	at org.apache.ratis.thirdparty.io.netty.util.concurrent.SingleThreadEventExecutor$5.run(SingleThreadEventExecutor.java:897)
	at org.apache.ratis.thirdparty.io.netty.util.concurrent.FastThreadLocalRunnable.run(FastThreadLocalRunnable.java:30)
	... 1 more
Caused by: java.net.ConnectException: Connection refused
	... 11 more
2019-09-27 09:26:05,741 [c1dc816a-002e-4190-8c4b-03368fc83464@group-CB4EA96F2AAE:LeaderElection170] INFO  impl.LeaderElection (LogUtils.java:infoOrTrace(149)) -   Exception 1: {}
java.util.concurrent.ExecutionException: org.apache.ratis.thirdparty.io.grpc.StatusRuntimeException: UNAVAILABLE: io exception
	at java.util.concurrent.FutureTask.report(FutureTask.java:122)
	at java.util.concurrent.FutureTask.get(FutureTask.java:192)
	at org.apache.ratis.server.impl.LeaderElection.waitForResults(LeaderElection.java:263)
	at org.apache.ratis.server.impl.LeaderElection.askForVotes(LeaderElection.java:201)
	at org.apache.ratis.server.impl.LeaderElection.run(LeaderElection.java:133)
	at java.lang.Thread.run(Thread.java:748)
Caused by: org.apache.ratis.thirdparty.io.grpc.StatusRuntimeException: UNAVAILABLE: io exception
	at org.apache.ratis.thirdparty.io.grpc.stub.ClientCalls.toStatusRuntimeException(ClientCalls.java:233)
	at org.apache.ratis.thirdparty.io.grpc.stub.ClientCalls.getUnchecked(ClientCalls.java:214)
	at org.apache.ratis.thirdparty.io.grpc.stub.ClientCalls.blockingUnaryCall(ClientCalls.java:139)
	at org.apache.ratis.proto.grpc.RaftServerProtocolServiceGrpc$RaftServerProtocolServiceBlockingStub.requestVote(RaftServerProtocolServiceGrpc.java:265)
	at org.apache.ratis.grpc.server.GrpcServerProtocolClient.requestVote(GrpcServerProtocolClient.java:90)
	at org.apache.ratis.grpc.server.GrpcService.requestVote(GrpcService.java:204)
	at org.apache.ratis.server.impl.LeaderElection.lambda$submitRequests$1(LeaderElection.java:238)
	at java.util.concurrent.FutureTask.run(FutureTask.java:266)
	at java.util.concurrent.Executors$RunnableAdapter.call(Executors.java:511)
	at java.util.concurrent.FutureTask.run(FutureTask.java:266)
	at java.util.concurrent.ThreadPoolExecutor.runWorker(ThreadPoolExecutor.java:1149)
	at java.util.concurrent.ThreadPoolExecutor$Worker.run(ThreadPoolExecutor.java:624)
	... 1 more
Caused by: org.apache.ratis.thirdparty.io.netty.channel.AbstractChannel$AnnotatedConnectException: Connection refused: /192.168.151.103:40137
	at sun.nio.ch.SocketChannelImpl.checkConnect(Native Method)
	at sun.nio.ch.SocketChannelImpl.finishConnect(SocketChannelImpl.java:717)
	at org.apache.ratis.thirdparty.io.netty.channel.socket.nio.NioSocketChannel.doFinishConnect(NioSocketChannel.java:327)
	at org.apache.ratis.thirdparty.io.netty.channel.nio.AbstractNioChannel$AbstractNioUnsafe.finishConnect(AbstractNioChannel.java:340)
	at org.apache.ratis.thirdparty.io.netty.channel.nio.NioEventLoop.processSelectedKey(NioEventLoop.java:632)
	at org.apache.ratis.thirdparty.io.netty.channel.nio.NioEventLoop.processSelectedKeysOptimized(NioEventLoop.java:579)
	at org.apache.ratis.thirdparty.io.netty.channel.nio.NioEventLoop.processSelectedKeys(NioEventLoop.java:496)
	at org.apache.ratis.thirdparty.io.netty.channel.nio.NioEventLoop.run(NioEventLoop.java:458)
	at org.apache.ratis.thirdparty.io.netty.util.concurrent.SingleThreadEventExecutor$5.run(SingleThreadEventExecutor.java:897)
	at org.apache.ratis.thirdparty.io.netty.util.concurrent.FastThreadLocalRunnable.run(FastThreadLocalRunnable.java:30)
	... 1 more
Caused by: java.net.ConnectException: Connection refused
	... 11 more
2019-09-27 09:26:05,741 [c1dc816a-002e-4190-8c4b-03368fc83464@group-CB4EA96F2AAE:LeaderElection170] INFO  impl.RaftServerImpl (RaftServerImpl.java:setRole(174)) - c1dc816a-002e-4190-8c4b-03368fc83464@group-CB4EA96F2AAE: changes role from CANDIDATE to FOLLOWER at term 9 for DISCOVERED_A_NEW_TERM
2019-09-27 09:26:05,741 [c1dc816a-002e-4190-8c4b-03368fc83464@group-CB4EA96F2AAE:LeaderElection170] INFO  impl.RoleInfo (RoleInfo.java:shutdownLeaderElection(134)) - c1dc816a-002e-4190-8c4b-03368fc83464: shutdown LeaderElection
2019-09-27 09:26:05,741 [c1dc816a-002e-4190-8c4b-03368fc83464@group-CB4EA96F2AAE:LeaderElection170] INFO  impl.RoleInfo (RoleInfo.java:updateAndGet(143)) - c1dc816a-002e-4190-8c4b-03368fc83464: start FollowerState
2019-09-27 09:26:05,794 [Thread-9764] INFO  impl.FollowerState (FollowerState.java:run(106)) - de56bb40-4206-44bb-8a25-0aa735fdda15:group-49BF442FE5BA changes to CANDIDATE, lastRpcTime:1109, electionTimeout:1109ms
2019-09-27 09:26:05,794 [Thread-9764] INFO  impl.RoleInfo (RoleInfo.java:shutdownFollowerState(121)) - de56bb40-4206-44bb-8a25-0aa735fdda15: shutdown FollowerState
2019-09-27 09:26:05,794 [Thread-9764] INFO  impl.RaftServerImpl (RaftServerImpl.java:setRole(174)) - de56bb40-4206-44bb-8a25-0aa735fdda15@group-49BF442FE5BA: changes role from  FOLLOWER to CANDIDATE at term 5 for changeToCandidate
2019-09-27 09:26:05,794 [Thread-9764] INFO  impl.RoleInfo (RoleInfo.java:updateAndGet(143)) - de56bb40-4206-44bb-8a25-0aa735fdda15: start LeaderElection
2019-09-27 09:26:05,808 [de56bb40-4206-44bb-8a25-0aa735fdda15@group-49BF442FE5BA:LeaderElection171] INFO  impl.LeaderElection (LeaderElection.java:askForVotes(182)) - de56bb40-4206-44bb-8a25-0aa735fdda15@group-49BF442FE5BA:LeaderElection171: begin an election at term 6 for 0: [42a6dc71-468f-4bda-a1ef-3415db0682d5:192.168.151.103:35261, de56bb40-4206-44bb-8a25-0aa735fdda15:192.168.151.103:35304, 391bbd77-e270-498a-b344-18095c6f1940:192.168.151.103:34484], old=null
2019-09-27 09:26:05,809 [de56bb40-4206-44bb-8a25-0aa735fdda15@group-49BF442FE5BA:LeaderElection171] INFO  impl.LeaderElection (LogUtils.java:infoOrTrace(149)) - de56bb40-4206-44bb-8a25-0aa735fdda15@group-49BF442FE5BA:LeaderElection171 got exception when requesting votes: {}
java.util.concurrent.ExecutionException: org.apache.ratis.thirdparty.io.grpc.StatusRuntimeException: UNAVAILABLE: io exception
	at java.util.concurrent.FutureTask.report(FutureTask.java:122)
	at java.util.concurrent.FutureTask.get(FutureTask.java:192)
	at org.apache.ratis.server.impl.LeaderElection.waitForResults(LeaderElection.java:263)
	at org.apache.ratis.server.impl.LeaderElection.askForVotes(LeaderElection.java:201)
	at org.apache.ratis.server.impl.LeaderElection.run(LeaderElection.java:133)
	at java.lang.Thread.run(Thread.java:748)
Caused by: org.apache.ratis.thirdparty.io.grpc.StatusRuntimeException: UNAVAILABLE: io exception
	at org.apache.ratis.thirdparty.io.grpc.stub.ClientCalls.toStatusRuntimeException(ClientCalls.java:233)
	at org.apache.ratis.thirdparty.io.grpc.stub.ClientCalls.getUnchecked(ClientCalls.java:214)
	at org.apache.ratis.thirdparty.io.grpc.stub.ClientCalls.blockingUnaryCall(ClientCalls.java:139)
	at org.apache.ratis.proto.grpc.RaftServerProtocolServiceGrpc$RaftServerProtocolServiceBlockingStub.requestVote(RaftServerProtocolServiceGrpc.java:265)
	at org.apache.ratis.grpc.server.GrpcServerProtocolClient.requestVote(GrpcServerProtocolClient.java:90)
	at org.apache.ratis.grpc.server.GrpcService.requestVote(GrpcService.java:204)
	at org.apache.ratis.server.impl.LeaderElection.lambda$submitRequests$1(LeaderElection.java:238)
	at java.util.concurrent.FutureTask.run(FutureTask.java:266)
	at java.util.concurrent.Executors$RunnableAdapter.call(Executors.java:511)
	at java.util.concurrent.FutureTask.run(FutureTask.java:266)
	at java.util.concurrent.ThreadPoolExecutor.runWorker(ThreadPoolExecutor.java:1149)
	at java.util.concurrent.ThreadPoolExecutor$Worker.run(ThreadPoolExecutor.java:624)
	... 1 more
Caused by: org.apache.ratis.thirdparty.io.netty.channel.AbstractChannel$AnnotatedConnectException: Connection refused: /192.168.151.103:35261
	at sun.nio.ch.SocketChannelImpl.checkConnect(Native Method)
	at sun.nio.ch.SocketChannelImpl.finishConnect(SocketChannelImpl.java:717)
	at org.apache.ratis.thirdparty.io.netty.channel.socket.nio.NioSocketChannel.doFinishConnect(NioSocketChannel.java:327)
	at org.apache.ratis.thirdparty.io.netty.channel.nio.AbstractNioChannel$AbstractNioUnsafe.finishConnect(AbstractNioChannel.java:340)
	at org.apache.ratis.thirdparty.io.netty.channel.nio.NioEventLoop.processSelectedKey(NioEventLoop.java:632)
	at org.apache.ratis.thirdparty.io.netty.channel.nio.NioEventLoop.processSelectedKeysOptimized(NioEventLoop.java:579)
	at org.apache.ratis.thirdparty.io.netty.channel.nio.NioEventLoop.processSelectedKeys(NioEventLoop.java:496)
	at org.apache.ratis.thirdparty.io.netty.channel.nio.NioEventLoop.run(NioEventLoop.java:458)
	at org.apache.ratis.thirdparty.io.netty.util.concurrent.SingleThreadEventExecutor$5.run(SingleThreadEventExecutor.java:897)
	at org.apache.ratis.thirdparty.io.netty.util.concurrent.FastThreadLocalRunnable.run(FastThreadLocalRunnable.java:30)
	... 1 more
Caused by: java.net.ConnectException: Connection refused
	... 11 more
2019-09-27 09:26:05,809 [de56bb40-4206-44bb-8a25-0aa735fdda15@group-49BF442FE5BA:LeaderElection171] INFO  impl.LeaderElection (LogUtils.java:infoOrTrace(149)) - de56bb40-4206-44bb-8a25-0aa735fdda15@group-49BF442FE5BA:LeaderElection171 got exception when requesting votes: {}
java.util.concurrent.ExecutionException: org.apache.ratis.thirdparty.io.grpc.StatusRuntimeException: UNAVAILABLE: io exception
	at java.util.concurrent.FutureTask.report(FutureTask.java:122)
	at java.util.concurrent.FutureTask.get(FutureTask.java:192)
	at org.apache.ratis.server.impl.LeaderElection.waitForResults(LeaderElection.java:263)
	at org.apache.ratis.server.impl.LeaderElection.askForVotes(LeaderElection.java:201)
	at org.apache.ratis.server.impl.LeaderElection.run(LeaderElection.java:133)
	at java.lang.Thread.run(Thread.java:748)
Caused by: org.apache.ratis.thirdparty.io.grpc.StatusRuntimeException: UNAVAILABLE: io exception
	at org.apache.ratis.thirdparty.io.grpc.stub.ClientCalls.toStatusRuntimeException(ClientCalls.java:233)
	at org.apache.ratis.thirdparty.io.grpc.stub.ClientCalls.getUnchecked(ClientCalls.java:214)
	at org.apache.ratis.thirdparty.io.grpc.stub.ClientCalls.blockingUnaryCall(ClientCalls.java:139)
	at org.apache.ratis.proto.grpc.RaftServerProtocolServiceGrpc$RaftServerProtocolServiceBlockingStub.requestVote(RaftServerProtocolServiceGrpc.java:265)
	at org.apache.ratis.grpc.server.GrpcServerProtocolClient.requestVote(GrpcServerProtocolClient.java:90)
	at org.apache.ratis.grpc.server.GrpcService.requestVote(GrpcService.java:204)
	at org.apache.ratis.server.impl.LeaderElection.lambda$submitRequests$1(LeaderElection.java:238)
	at java.util.concurrent.FutureTask.run(FutureTask.java:266)
	at java.util.concurrent.Executors$RunnableAdapter.call(Executors.java:511)
	at java.util.concurrent.FutureTask.run(FutureTask.java:266)
	at java.util.concurrent.ThreadPoolExecutor.runWorker(ThreadPoolExecutor.java:1149)
	at java.util.concurrent.ThreadPoolExecutor$Worker.run(ThreadPoolExecutor.java:624)
	... 1 more
Caused by: org.apache.ratis.thirdparty.io.netty.channel.AbstractChannel$AnnotatedConnectException: Connection refused: /192.168.151.103:34484
	at sun.nio.ch.SocketChannelImpl.checkConnect(Native Method)
	at sun.nio.ch.SocketChannelImpl.finishConnect(SocketChannelImpl.java:717)
	at org.apache.ratis.thirdparty.io.netty.channel.socket.nio.NioSocketChannel.doFinishConnect(NioSocketChannel.java:327)
	at org.apache.ratis.thirdparty.io.netty.channel.nio.AbstractNioChannel$AbstractNioUnsafe.finishConnect(AbstractNioChannel.java:340)
	at org.apache.ratis.thirdparty.io.netty.channel.nio.NioEventLoop.processSelectedKey(NioEventLoop.java:632)
	at org.apache.ratis.thirdparty.io.netty.channel.nio.NioEventLoop.processSelectedKeysOptimized(NioEventLoop.java:579)
	at org.apache.ratis.thirdparty.io.netty.channel.nio.NioEventLoop.processSelectedKeys(NioEventLoop.java:496)
	at org.apache.ratis.thirdparty.io.netty.channel.nio.NioEventLoop.run(NioEventLoop.java:458)
	at org.apache.ratis.thirdparty.io.netty.util.concurrent.SingleThreadEventExecutor$5.run(SingleThreadEventExecutor.java:897)
	at org.apache.ratis.thirdparty.io.netty.util.concurrent.FastThreadLocalRunnable.run(FastThreadLocalRunnable.java:30)
	... 1 more
Caused by: java.net.ConnectException: Connection refused
	... 11 more
2019-09-27 09:26:05,809 [de56bb40-4206-44bb-8a25-0aa735fdda15@group-49BF442FE5BA:LeaderElection171] INFO  impl.LeaderElection (LeaderElection.java:logAndReturn(56)) - de56bb40-4206-44bb-8a25-0aa735fdda15@group-49BF442FE5BA:LeaderElection171: Election REJECTED; received 0 response(s) [] and 2 exception(s); de56bb40-4206-44bb-8a25-0aa735fdda15@group-49BF442FE5BA:t6, leader=null, voted=de56bb40-4206-44bb-8a25-0aa735fdda15, raftlog=de56bb40-4206-44bb-8a25-0aa735fdda15@group-49BF442FE5BA-SegmentedRaftLog:OPENED:c0,f0,i0, conf=0: [42a6dc71-468f-4bda-a1ef-3415db0682d5:192.168.151.103:35261, de56bb40-4206-44bb-8a25-0aa735fdda15:192.168.151.103:35304, 391bbd77-e270-498a-b344-18095c6f1940:192.168.151.103:34484], old=null
2019-09-27 09:26:05,809 [de56bb40-4206-44bb-8a25-0aa735fdda15@group-49BF442FE5BA:LeaderElection171] INFO  impl.LeaderElection (LogUtils.java:infoOrTrace(149)) -   Exception 0: {}
java.util.concurrent.ExecutionException: org.apache.ratis.thirdparty.io.grpc.StatusRuntimeException: UNAVAILABLE: io exception
	at java.util.concurrent.FutureTask.report(FutureTask.java:122)
	at java.util.concurrent.FutureTask.get(FutureTask.java:192)
	at org.apache.ratis.server.impl.LeaderElection.waitForResults(LeaderElection.java:263)
	at org.apache.ratis.server.impl.LeaderElection.askForVotes(LeaderElection.java:201)
	at org.apache.ratis.server.impl.LeaderElection.run(LeaderElection.java:133)
	at java.lang.Thread.run(Thread.java:748)
Caused by: org.apache.ratis.thirdparty.io.grpc.StatusRuntimeException: UNAVAILABLE: io exception
	at org.apache.ratis.thirdparty.io.grpc.stub.ClientCalls.toStatusRuntimeException(ClientCalls.java:233)
	at org.apache.ratis.thirdparty.io.grpc.stub.ClientCalls.getUnchecked(ClientCalls.java:214)
	at org.apache.ratis.thirdparty.io.grpc.stub.ClientCalls.blockingUnaryCall(ClientCalls.java:139)
	at org.apache.ratis.proto.grpc.RaftServerProtocolServiceGrpc$RaftServerProtocolServiceBlockingStub.requestVote(RaftServerProtocolServiceGrpc.java:265)
	at org.apache.ratis.grpc.server.GrpcServerProtocolClient.requestVote(GrpcServerProtocolClient.java:90)
	at org.apache.ratis.grpc.server.GrpcService.requestVote(GrpcService.java:204)
	at org.apache.ratis.server.impl.LeaderElection.lambda$submitRequests$1(LeaderElection.java:238)
	at java.util.concurrent.FutureTask.run(FutureTask.java:266)
	at java.util.concurrent.Executors$RunnableAdapter.call(Executors.java:511)
	at java.util.concurrent.FutureTask.run(FutureTask.java:266)
	at java.util.concurrent.ThreadPoolExecutor.runWorker(ThreadPoolExecutor.java:1149)
	at java.util.concurrent.ThreadPoolExecutor$Worker.run(ThreadPoolExecutor.java:624)
	... 1 more
Caused by: org.apache.ratis.thirdparty.io.netty.channel.AbstractChannel$AnnotatedConnectException: Connection refused: /192.168.151.103:35261
	at sun.nio.ch.SocketChannelImpl.checkConnect(Native Method)
	at sun.nio.ch.SocketChannelImpl.finishConnect(SocketChannelImpl.java:717)
	at org.apache.ratis.thirdparty.io.netty.channel.socket.nio.NioSocketChannel.doFinishConnect(NioSocketChannel.java:327)
	at org.apache.ratis.thirdparty.io.netty.channel.nio.AbstractNioChannel$AbstractNioUnsafe.finishConnect(AbstractNioChannel.java:340)
	at org.apache.ratis.thirdparty.io.netty.channel.nio.NioEventLoop.processSelectedKey(NioEventLoop.java:632)
	at org.apache.ratis.thirdparty.io.netty.channel.nio.NioEventLoop.processSelectedKeysOptimized(NioEventLoop.java:579)
	at org.apache.ratis.thirdparty.io.netty.channel.nio.NioEventLoop.processSelectedKeys(NioEventLoop.java:496)
	at org.apache.ratis.thirdparty.io.netty.channel.nio.NioEventLoop.run(NioEventLoop.java:458)
	at org.apache.ratis.thirdparty.io.netty.util.concurrent.SingleThreadEventExecutor$5.run(SingleThreadEventExecutor.java:897)
	at org.apache.ratis.thirdparty.io.netty.util.concurrent.FastThreadLocalRunnable.run(FastThreadLocalRunnable.java:30)
	... 1 more
Caused by: java.net.ConnectException: Connection refused
	... 11 more
2019-09-27 09:26:05,810 [de56bb40-4206-44bb-8a25-0aa735fdda15@group-49BF442FE5BA:LeaderElection171] INFO  impl.LeaderElection (LogUtils.java:infoOrTrace(149)) -   Exception 1: {}
java.util.concurrent.ExecutionException: org.apache.ratis.thirdparty.io.grpc.StatusRuntimeException: UNAVAILABLE: io exception
	at java.util.concurrent.FutureTask.report(FutureTask.java:122)
	at java.util.concurrent.FutureTask.get(FutureTask.java:192)
	at org.apache.ratis.server.impl.LeaderElection.waitForResults(LeaderElection.java:263)
	at org.apache.ratis.server.impl.LeaderElection.askForVotes(LeaderElection.java:201)
	at org.apache.ratis.server.impl.LeaderElection.run(LeaderElection.java:133)
	at java.lang.Thread.run(Thread.java:748)
Caused by: org.apache.ratis.thirdparty.io.grpc.StatusRuntimeException: UNAVAILABLE: io exception
	at org.apache.ratis.thirdparty.io.grpc.stub.ClientCalls.toStatusRuntimeException(ClientCalls.java:233)
	at org.apache.ratis.thirdparty.io.grpc.stub.ClientCalls.getUnchecked(ClientCalls.java:214)
	at org.apache.ratis.thirdparty.io.grpc.stub.ClientCalls.blockingUnaryCall(ClientCalls.java:139)
	at org.apache.ratis.proto.grpc.RaftServerProtocolServiceGrpc$RaftServerProtocolServiceBlockingStub.requestVote(RaftServerProtocolServiceGrpc.java:265)
	at org.apache.ratis.grpc.server.GrpcServerProtocolClient.requestVote(GrpcServerProtocolClient.java:90)
	at org.apache.ratis.grpc.server.GrpcService.requestVote(GrpcService.java:204)
	at org.apache.ratis.server.impl.LeaderElection.lambda$submitRequests$1(LeaderElection.java:238)
	at java.util.concurrent.FutureTask.run(FutureTask.java:266)
	at java.util.concurrent.Executors$RunnableAdapter.call(Executors.java:511)
	at java.util.concurrent.FutureTask.run(FutureTask.java:266)
	at java.util.concurrent.ThreadPoolExecutor.runWorker(ThreadPoolExecutor.java:1149)
	at java.util.concurrent.ThreadPoolExecutor$Worker.run(ThreadPoolExecutor.java:624)
	... 1 more
Caused by: org.apache.ratis.thirdparty.io.netty.channel.AbstractChannel$AnnotatedConnectException: Connection refused: /192.168.151.103:34484
	at sun.nio.ch.SocketChannelImpl.checkConnect(Native Method)
	at sun.nio.ch.SocketChannelImpl.finishConnect(SocketChannelImpl.java:717)
	at org.apache.ratis.thirdparty.io.netty.channel.socket.nio.NioSocketChannel.doFinishConnect(NioSocketChannel.java:327)
	at org.apache.ratis.thirdparty.io.netty.channel.nio.AbstractNioChannel$AbstractNioUnsafe.finishConnect(AbstractNioChannel.java:340)
	at org.apache.ratis.thirdparty.io.netty.channel.nio.NioEventLoop.processSelectedKey(NioEventLoop.java:632)
	at org.apache.ratis.thirdparty.io.netty.channel.nio.NioEventLoop.processSelectedKeysOptimized(NioEventLoop.java:579)
	at org.apache.ratis.thirdparty.io.netty.channel.nio.NioEventLoop.processSelectedKeys(NioEventLoop.java:496)
	at org.apache.ratis.thirdparty.io.netty.channel.nio.NioEventLoop.run(NioEventLoop.java:458)
	at org.apache.ratis.thirdparty.io.netty.util.concurrent.SingleThreadEventExecutor$5.run(SingleThreadEventExecutor.java:897)
	at org.apache.ratis.thirdparty.io.netty.util.concurrent.FastThreadLocalRunnable.run(FastThreadLocalRunnable.java:30)
	... 1 more
Caused by: java.net.ConnectException: Connection refused
	... 11 more
2019-09-27 09:26:05,810 [de56bb40-4206-44bb-8a25-0aa735fdda15@group-49BF442FE5BA:LeaderElection171] INFO  impl.RaftServerImpl (RaftServerImpl.java:setRole(174)) - de56bb40-4206-44bb-8a25-0aa735fdda15@group-49BF442FE5BA: changes role from CANDIDATE to FOLLOWER at term 6 for DISCOVERED_A_NEW_TERM
2019-09-27 09:26:05,810 [de56bb40-4206-44bb-8a25-0aa735fdda15@group-49BF442FE5BA:LeaderElection171] INFO  impl.RoleInfo (RoleInfo.java:shutdownLeaderElection(134)) - de56bb40-4206-44bb-8a25-0aa735fdda15: shutdown LeaderElection
2019-09-27 09:26:05,810 [de56bb40-4206-44bb-8a25-0aa735fdda15@group-49BF442FE5BA:LeaderElection171] INFO  impl.RoleInfo (RoleInfo.java:updateAndGet(143)) - de56bb40-4206-44bb-8a25-0aa735fdda15: start FollowerState
2019-09-27 09:26:06,825 [Thread-9775] INFO  impl.FollowerState (FollowerState.java:run(106)) - de56bb40-4206-44bb-8a25-0aa735fdda15:group-49BF442FE5BA changes to CANDIDATE, lastRpcTime:1014, electionTimeout:1014ms
2019-09-27 09:26:06,825 [Thread-9775] INFO  impl.RoleInfo (RoleInfo.java:shutdownFollowerState(121)) - de56bb40-4206-44bb-8a25-0aa735fdda15: shutdown FollowerState
2019-09-27 09:26:06,825 [Thread-9775] INFO  impl.RaftServerImpl (RaftServerImpl.java:setRole(174)) - de56bb40-4206-44bb-8a25-0aa735fdda15@group-49BF442FE5BA: changes role from  FOLLOWER to CANDIDATE at term 6 for changeToCandidate
2019-09-27 09:26:06,826 [Thread-9775] INFO  impl.RoleInfo (RoleInfo.java:updateAndGet(143)) - de56bb40-4206-44bb-8a25-0aa735fdda15: start LeaderElection
2019-09-27 09:26:06,840 [de56bb40-4206-44bb-8a25-0aa735fdda15@group-49BF442FE5BA:LeaderElection172] INFO  impl.LeaderElection (LeaderElection.java:askForVotes(182)) - de56bb40-4206-44bb-8a25-0aa735fdda15@group-49BF442FE5BA:LeaderElection172: begin an election at term 7 for 0: [42a6dc71-468f-4bda-a1ef-3415db0682d5:192.168.151.103:35261, de56bb40-4206-44bb-8a25-0aa735fdda15:192.168.151.103:35304, 391bbd77-e270-498a-b344-18095c6f1940:192.168.151.103:34484], old=null
2019-09-27 09:26:06,841 [de56bb40-4206-44bb-8a25-0aa735fdda15@group-49BF442FE5BA:LeaderElection172] INFO  impl.LeaderElection (LogUtils.java:infoOrTrace(149)) - de56bb40-4206-44bb-8a25-0aa735fdda15@group-49BF442FE5BA:LeaderElection172 got exception when requesting votes: {}
java.util.concurrent.ExecutionException: org.apache.ratis.thirdparty.io.grpc.StatusRuntimeException: UNAVAILABLE: io exception
	at java.util.concurrent.FutureTask.report(FutureTask.java:122)
	at java.util.concurrent.FutureTask.get(FutureTask.java:192)
	at org.apache.ratis.server.impl.LeaderElection.waitForResults(LeaderElection.java:263)
	at org.apache.ratis.server.impl.LeaderElection.askForVotes(LeaderElection.java:201)
	at org.apache.ratis.server.impl.LeaderElection.run(LeaderElection.java:133)
	at java.lang.Thread.run(Thread.java:748)
Caused by: org.apache.ratis.thirdparty.io.grpc.StatusRuntimeException: UNAVAILABLE: io exception
	at org.apache.ratis.thirdparty.io.grpc.stub.ClientCalls.toStatusRuntimeException(ClientCalls.java:233)
	at org.apache.ratis.thirdparty.io.grpc.stub.ClientCalls.getUnchecked(ClientCalls.java:214)
	at org.apache.ratis.thirdparty.io.grpc.stub.ClientCalls.blockingUnaryCall(ClientCalls.java:139)
	at org.apache.ratis.proto.grpc.RaftServerProtocolServiceGrpc$RaftServerProtocolServiceBlockingStub.requestVote(RaftServerProtocolServiceGrpc.java:265)
	at org.apache.ratis.grpc.server.GrpcServerProtocolClient.requestVote(GrpcServerProtocolClient.java:90)
	at org.apache.ratis.grpc.server.GrpcService.requestVote(GrpcService.java:204)
	at org.apache.ratis.server.impl.LeaderElection.lambda$submitRequests$1(LeaderElection.java:238)
	at java.util.concurrent.FutureTask.run(FutureTask.java:266)
	at java.util.concurrent.Executors$RunnableAdapter.call(Executors.java:511)
	at java.util.concurrent.FutureTask.run(FutureTask.java:266)
	at java.util.concurrent.ThreadPoolExecutor.runWorker(ThreadPoolExecutor.java:1149)
	at java.util.concurrent.ThreadPoolExecutor$Worker.run(ThreadPoolExecutor.java:624)
	... 1 more
Caused by: org.apache.ratis.thirdparty.io.netty.channel.AbstractChannel$AnnotatedConnectException: Connection refused: /192.168.151.103:34484
	at sun.nio.ch.SocketChannelImpl.checkConnect(Native Method)
	at sun.nio.ch.SocketChannelImpl.finishConnect(SocketChannelImpl.java:717)
	at org.apache.ratis.thirdparty.io.netty.channel.socket.nio.NioSocketChannel.doFinishConnect(NioSocketChannel.java:327)
	at org.apache.ratis.thirdparty.io.netty.channel.nio.AbstractNioChannel$AbstractNioUnsafe.finishConnect(AbstractNioChannel.java:340)
	at org.apache.ratis.thirdparty.io.netty.channel.nio.NioEventLoop.processSelectedKey(NioEventLoop.java:632)
	at org.apache.ratis.thirdparty.io.netty.channel.nio.NioEventLoop.processSelectedKeysOptimized(NioEventLoop.java:579)
	at org.apache.ratis.thirdparty.io.netty.channel.nio.NioEventLoop.processSelectedKeys(NioEventLoop.java:496)
	at org.apache.ratis.thirdparty.io.netty.channel.nio.NioEventLoop.run(NioEventLoop.java:458)
	at org.apache.ratis.thirdparty.io.netty.util.concurrent.SingleThreadEventExecutor$5.run(SingleThreadEventExecutor.java:897)
	at org.apache.ratis.thirdparty.io.netty.util.concurrent.FastThreadLocalRunnable.run(FastThreadLocalRunnable.java:30)
	... 1 more
Caused by: java.net.ConnectException: Connection refused
	... 11 more
2019-09-27 09:26:06,841 [de56bb40-4206-44bb-8a25-0aa735fdda15@group-49BF442FE5BA:LeaderElection172] INFO  impl.LeaderElection (LogUtils.java:infoOrTrace(149)) - de56bb40-4206-44bb-8a25-0aa735fdda15@group-49BF442FE5BA:LeaderElection172 got exception when requesting votes: {}
java.util.concurrent.ExecutionException: org.apache.ratis.thirdparty.io.grpc.StatusRuntimeException: UNAVAILABLE: io exception
	at java.util.concurrent.FutureTask.report(FutureTask.java:122)
	at java.util.concurrent.FutureTask.get(FutureTask.java:192)
	at org.apache.ratis.server.impl.LeaderElection.waitForResults(LeaderElection.java:263)
	at org.apache.ratis.server.impl.LeaderElection.askForVotes(LeaderElection.java:201)
	at org.apache.ratis.server.impl.LeaderElection.run(LeaderElection.java:133)
	at java.lang.Thread.run(Thread.java:748)
Caused by: org.apache.ratis.thirdparty.io.grpc.StatusRuntimeException: UNAVAILABLE: io exception
	at org.apache.ratis.thirdparty.io.grpc.stub.ClientCalls.toStatusRuntimeException(ClientCalls.java:233)
	at org.apache.ratis.thirdparty.io.grpc.stub.ClientCalls.getUnchecked(ClientCalls.java:214)
	at org.apache.ratis.thirdparty.io.grpc.stub.ClientCalls.blockingUnaryCall(ClientCalls.java:139)
	at org.apache.ratis.proto.grpc.RaftServerProtocolServiceGrpc$RaftServerProtocolServiceBlockingStub.requestVote(RaftServerProtocolServiceGrpc.java:265)
	at org.apache.ratis.grpc.server.GrpcServerProtocolClient.requestVote(GrpcServerProtocolClient.java:90)
	at org.apache.ratis.grpc.server.GrpcService.requestVote(GrpcService.java:204)
	at org.apache.ratis.server.impl.LeaderElection.lambda$submitRequests$1(LeaderElection.java:238)
	at java.util.concurrent.FutureTask.run(FutureTask.java:266)
	at java.util.concurrent.Executors$RunnableAdapter.call(Executors.java:511)
	at java.util.concurrent.FutureTask.run(FutureTask.java:266)
	at java.util.concurrent.ThreadPoolExecutor.runWorker(ThreadPoolExecutor.java:1149)
	at java.util.concurrent.ThreadPoolExecutor$Worker.run(ThreadPoolExecutor.java:624)
	... 1 more
Caused by: org.apache.ratis.thirdparty.io.netty.channel.AbstractChannel$AnnotatedConnectException: Connection refused: /192.168.151.103:35261
	at sun.nio.ch.SocketChannelImpl.checkConnect(Native Method)
	at sun.nio.ch.SocketChannelImpl.finishConnect(SocketChannelImpl.java:717)
	at org.apache.ratis.thirdparty.io.netty.channel.socket.nio.NioSocketChannel.doFinishConnect(NioSocketChannel.java:327)
	at org.apache.ratis.thirdparty.io.netty.channel.nio.AbstractNioChannel$AbstractNioUnsafe.finishConnect(AbstractNioChannel.java:340)
	at org.apache.ratis.thirdparty.io.netty.channel.nio.NioEventLoop.processSelectedKey(NioEventLoop.java:632)
	at org.apache.ratis.thirdparty.io.netty.channel.nio.NioEventLoop.processSelectedKeysOptimized(NioEventLoop.java:579)
	at org.apache.ratis.thirdparty.io.netty.channel.nio.NioEventLoop.processSelectedKeys(NioEventLoop.java:496)
	at org.apache.ratis.thirdparty.io.netty.channel.nio.NioEventLoop.run(NioEventLoop.java:458)
	at org.apache.ratis.thirdparty.io.netty.util.concurrent.SingleThreadEventExecutor$5.run(SingleThreadEventExecutor.java:897)
	at org.apache.ratis.thirdparty.io.netty.util.concurrent.FastThreadLocalRunnable.run(FastThreadLocalRunnable.java:30)
	... 1 more
Caused by: java.net.ConnectException: Connection refused
	... 11 more
2019-09-27 09:26:06,841 [de56bb40-4206-44bb-8a25-0aa735fdda15@group-49BF442FE5BA:LeaderElection172] INFO  impl.LeaderElection (LeaderElection.java:logAndReturn(56)) - de56bb40-4206-44bb-8a25-0aa735fdda15@group-49BF442FE5BA:LeaderElection172: Election REJECTED; received 0 response(s) [] and 2 exception(s); de56bb40-4206-44bb-8a25-0aa735fdda15@group-49BF442FE5BA:t7, leader=null, voted=de56bb40-4206-44bb-8a25-0aa735fdda15, raftlog=de56bb40-4206-44bb-8a25-0aa735fdda15@group-49BF442FE5BA-SegmentedRaftLog:OPENED:c0,f0,i0, conf=0: [42a6dc71-468f-4bda-a1ef-3415db0682d5:192.168.151.103:35261, de56bb40-4206-44bb-8a25-0aa735fdda15:192.168.151.103:35304, 391bbd77-e270-498a-b344-18095c6f1940:192.168.151.103:34484], old=null
2019-09-27 09:26:06,842 [de56bb40-4206-44bb-8a25-0aa735fdda15@group-49BF442FE5BA:LeaderElection172] INFO  impl.LeaderElection (LogUtils.java:infoOrTrace(149)) -   Exception 0: {}
java.util.concurrent.ExecutionException: org.apache.ratis.thirdparty.io.grpc.StatusRuntimeException: UNAVAILABLE: io exception
	at java.util.concurrent.FutureTask.report(FutureTask.java:122)
	at java.util.concurrent.FutureTask.get(FutureTask.java:192)
	at org.apache.ratis.server.impl.LeaderElection.waitForResults(LeaderElection.java:263)
	at org.apache.ratis.server.impl.LeaderElection.askForVotes(LeaderElection.java:201)
	at org.apache.ratis.server.impl.LeaderElection.run(LeaderElection.java:133)
	at java.lang.Thread.run(Thread.java:748)
Caused by: org.apache.ratis.thirdparty.io.grpc.StatusRuntimeException: UNAVAILABLE: io exception
	at org.apache.ratis.thirdparty.io.grpc.stub.ClientCalls.toStatusRuntimeException(ClientCalls.java:233)
	at org.apache.ratis.thirdparty.io.grpc.stub.ClientCalls.getUnchecked(ClientCalls.java:214)
	at org.apache.ratis.thirdparty.io.grpc.stub.ClientCalls.blockingUnaryCall(ClientCalls.java:139)
	at org.apache.ratis.proto.grpc.RaftServerProtocolServiceGrpc$RaftServerProtocolServiceBlockingStub.requestVote(RaftServerProtocolServiceGrpc.java:265)
	at org.apache.ratis.grpc.server.GrpcServerProtocolClient.requestVote(GrpcServerProtocolClient.java:90)
	at org.apache.ratis.grpc.server.GrpcService.requestVote(GrpcService.java:204)
	at org.apache.ratis.server.impl.LeaderElection.lambda$submitRequests$1(LeaderElection.java:238)
	at java.util.concurrent.FutureTask.run(FutureTask.java:266)
	at java.util.concurrent.Executors$RunnableAdapter.call(Executors.java:511)
	at java.util.concurrent.FutureTask.run(FutureTask.java:266)
	at java.util.concurrent.ThreadPoolExecutor.runWorker(ThreadPoolExecutor.java:1149)
	at java.util.concurrent.ThreadPoolExecutor$Worker.run(ThreadPoolExecutor.java:624)
	... 1 more
Caused by: org.apache.ratis.thirdparty.io.netty.channel.AbstractChannel$AnnotatedConnectException: Connection refused: /192.168.151.103:34484
	at sun.nio.ch.SocketChannelImpl.checkConnect(Native Method)
	at sun.nio.ch.SocketChannelImpl.finishConnect(SocketChannelImpl.java:717)
	at org.apache.ratis.thirdparty.io.netty.channel.socket.nio.NioSocketChannel.doFinishConnect(NioSocketChannel.java:327)
	at org.apache.ratis.thirdparty.io.netty.channel.nio.AbstractNioChannel$AbstractNioUnsafe.finishConnect(AbstractNioChannel.java:340)
	at org.apache.ratis.thirdparty.io.netty.channel.nio.NioEventLoop.processSelectedKey(NioEventLoop.java:632)
	at org.apache.ratis.thirdparty.io.netty.channel.nio.NioEventLoop.processSelectedKeysOptimized(NioEventLoop.java:579)
	at org.apache.ratis.thirdparty.io.netty.channel.nio.NioEventLoop.processSelectedKeys(NioEventLoop.java:496)
	at org.apache.ratis.thirdparty.io.netty.channel.nio.NioEventLoop.run(NioEventLoop.java:458)
	at org.apache.ratis.thirdparty.io.netty.util.concurrent.SingleThreadEventExecutor$5.run(SingleThreadEventExecutor.java:897)
	at org.apache.ratis.thirdparty.io.netty.util.concurrent.FastThreadLocalRunnable.run(FastThreadLocalRunnable.java:30)
	... 1 more
Caused by: java.net.ConnectException: Connection refused
	... 11 more
2019-09-27 09:26:06,842 [de56bb40-4206-44bb-8a25-0aa735fdda15@group-49BF442FE5BA:LeaderElection172] INFO  impl.LeaderElection (LogUtils.java:infoOrTrace(149)) -   Exception 1: {}
java.util.concurrent.ExecutionException: org.apache.ratis.thirdparty.io.grpc.StatusRuntimeException: UNAVAILABLE: io exception
	at java.util.concurrent.FutureTask.report(FutureTask.java:122)
	at java.util.concurrent.FutureTask.get(FutureTask.java:192)
	at org.apache.ratis.server.impl.LeaderElection.waitForResults(LeaderElection.java:263)
	at org.apache.ratis.server.impl.LeaderElection.askForVotes(LeaderElection.java:201)
	at org.apache.ratis.server.impl.LeaderElection.run(LeaderElection.java:133)
	at java.lang.Thread.run(Thread.java:748)
Caused by: org.apache.ratis.thirdparty.io.grpc.StatusRuntimeException: UNAVAILABLE: io exception
	at org.apache.ratis.thirdparty.io.grpc.stub.ClientCalls.toStatusRuntimeException(ClientCalls.java:233)
	at org.apache.ratis.thirdparty.io.grpc.stub.ClientCalls.getUnchecked(ClientCalls.java:214)
	at org.apache.ratis.thirdparty.io.grpc.stub.ClientCalls.blockingUnaryCall(ClientCalls.java:139)
	at org.apache.ratis.proto.grpc.RaftServerProtocolServiceGrpc$RaftServerProtocolServiceBlockingStub.requestVote(RaftServerProtocolServiceGrpc.java:265)
	at org.apache.ratis.grpc.server.GrpcServerProtocolClient.requestVote(GrpcServerProtocolClient.java:90)
	at org.apache.ratis.grpc.server.GrpcService.requestVote(GrpcService.java:204)
	at org.apache.ratis.server.impl.LeaderElection.lambda$submitRequests$1(LeaderElection.java:238)
	at java.util.concurrent.FutureTask.run(FutureTask.java:266)
	at java.util.concurrent.Executors$RunnableAdapter.call(Executors.java:511)
	at java.util.concurrent.FutureTask.run(FutureTask.java:266)
	at java.util.concurrent.ThreadPoolExecutor.runWorker(ThreadPoolExecutor.java:1149)
	at java.util.concurrent.ThreadPoolExecutor$Worker.run(ThreadPoolExecutor.java:624)
	... 1 more
Caused by: org.apache.ratis.thirdparty.io.netty.channel.AbstractChannel$AnnotatedConnectException: Connection refused: /192.168.151.103:35261
	at sun.nio.ch.SocketChannelImpl.checkConnect(Native Method)
	at sun.nio.ch.SocketChannelImpl.finishConnect(SocketChannelImpl.java:717)
	at org.apache.ratis.thirdparty.io.netty.channel.socket.nio.NioSocketChannel.doFinishConnect(NioSocketChannel.java:327)
	at org.apache.ratis.thirdparty.io.netty.channel.nio.AbstractNioChannel$AbstractNioUnsafe.finishConnect(AbstractNioChannel.java:340)
	at org.apache.ratis.thirdparty.io.netty.channel.nio.NioEventLoop.processSelectedKey(NioEventLoop.java:632)
	at org.apache.ratis.thirdparty.io.netty.channel.nio.NioEventLoop.processSelectedKeysOptimized(NioEventLoop.java:579)
	at org.apache.ratis.thirdparty.io.netty.channel.nio.NioEventLoop.processSelectedKeys(NioEventLoop.java:496)
	at org.apache.ratis.thirdparty.io.netty.channel.nio.NioEventLoop.run(NioEventLoop.java:458)
	at org.apache.ratis.thirdparty.io.netty.util.concurrent.SingleThreadEventExecutor$5.run(SingleThreadEventExecutor.java:897)
	at org.apache.ratis.thirdparty.io.netty.util.concurrent.FastThreadLocalRunnable.run(FastThreadLocalRunnable.java:30)
	... 1 more
Caused by: java.net.ConnectException: Connection refused
	... 11 more
2019-09-27 09:26:06,842 [de56bb40-4206-44bb-8a25-0aa735fdda15@group-49BF442FE5BA:LeaderElection172] INFO  impl.RaftServerImpl (RaftServerImpl.java:setRole(174)) - de56bb40-4206-44bb-8a25-0aa735fdda15@group-49BF442FE5BA: changes role from CANDIDATE to FOLLOWER at term 7 for DISCOVERED_A_NEW_TERM
2019-09-27 09:26:06,842 [de56bb40-4206-44bb-8a25-0aa735fdda15@group-49BF442FE5BA:LeaderElection172] INFO  impl.RoleInfo (RoleInfo.java:shutdownLeaderElection(134)) - de56bb40-4206-44bb-8a25-0aa735fdda15: shutdown LeaderElection
2019-09-27 09:26:06,842 [de56bb40-4206-44bb-8a25-0aa735fdda15@group-49BF442FE5BA:LeaderElection172] INFO  impl.RoleInfo (RoleInfo.java:updateAndGet(143)) - de56bb40-4206-44bb-8a25-0aa735fdda15: start FollowerState
2019-09-27 09:26:06,859 [Thread-9771] INFO  impl.FollowerState (FollowerState.java:run(106)) - c1dc816a-002e-4190-8c4b-03368fc83464:group-CB4EA96F2AAE changes to CANDIDATE, lastRpcTime:1117, electionTimeout:1117ms
2019-09-27 09:26:06,859 [Thread-9771] INFO  impl.RoleInfo (RoleInfo.java:shutdownFollowerState(121)) - c1dc816a-002e-4190-8c4b-03368fc83464: shutdown FollowerState
2019-09-27 09:26:06,859 [Thread-9771] INFO  impl.RaftServerImpl (RaftServerImpl.java:setRole(174)) - c1dc816a-002e-4190-8c4b-03368fc83464@group-CB4EA96F2AAE: changes role from  FOLLOWER to CANDIDATE at term 9 for changeToCandidate
2019-09-27 09:26:06,859 [Thread-9771] INFO  impl.RoleInfo (RoleInfo.java:updateAndGet(143)) - c1dc816a-002e-4190-8c4b-03368fc83464: start LeaderElection
2019-09-27 09:26:06,872 [c1dc816a-002e-4190-8c4b-03368fc83464@group-CB4EA96F2AAE:LeaderElection173] INFO  impl.LeaderElection (LeaderElection.java:askForVotes(182)) - c1dc816a-002e-4190-8c4b-03368fc83464@group-CB4EA96F2AAE:LeaderElection173: begin an election at term 10 for 0: [c1dc816a-002e-4190-8c4b-03368fc83464:192.168.151.103:35476, 03814bdb-c6b3-415d-8615-039e811c0048:192.168.151.103:40137, 513ea752-2bb4-4e9d-94cf-0dce8d7e1b31:192.168.151.103:39440], old=null
2019-09-27 09:26:06,873 [c1dc816a-002e-4190-8c4b-03368fc83464@group-CB4EA96F2AAE:LeaderElection173] INFO  impl.LeaderElection (LogUtils.java:infoOrTrace(149)) - c1dc816a-002e-4190-8c4b-03368fc83464@group-CB4EA96F2AAE:LeaderElection173 got exception when requesting votes: {}
java.util.concurrent.ExecutionException: org.apache.ratis.thirdparty.io.grpc.StatusRuntimeException: UNAVAILABLE: io exception
	at java.util.concurrent.FutureTask.report(FutureTask.java:122)
	at java.util.concurrent.FutureTask.get(FutureTask.java:192)
	at org.apache.ratis.server.impl.LeaderElection.waitForResults(LeaderElection.java:263)
	at org.apache.ratis.server.impl.LeaderElection.askForVotes(LeaderElection.java:201)
	at org.apache.ratis.server.impl.LeaderElection.run(LeaderElection.java:133)
	at java.lang.Thread.run(Thread.java:748)
Caused by: org.apache.ratis.thirdparty.io.grpc.StatusRuntimeException: UNAVAILABLE: io exception
	at org.apache.ratis.thirdparty.io.grpc.stub.ClientCalls.toStatusRuntimeException(ClientCalls.java:233)
	at org.apache.ratis.thirdparty.io.grpc.stub.ClientCalls.getUnchecked(ClientCalls.java:214)
	at org.apache.ratis.thirdparty.io.grpc.stub.ClientCalls.blockingUnaryCall(ClientCalls.java:139)
	at org.apache.ratis.proto.grpc.RaftServerProtocolServiceGrpc$RaftServerProtocolServiceBlockingStub.requestVote(RaftServerProtocolServiceGrpc.java:265)
	at org.apache.ratis.grpc.server.GrpcServerProtocolClient.requestVote(GrpcServerProtocolClient.java:90)
	at org.apache.ratis.grpc.server.GrpcService.requestVote(GrpcService.java:204)
	at org.apache.ratis.server.impl.LeaderElection.lambda$submitRequests$1(LeaderElection.java:238)
	at java.util.concurrent.FutureTask.run(FutureTask.java:266)
	at java.util.concurrent.Executors$RunnableAdapter.call(Executors.java:511)
	at java.util.concurrent.FutureTask.run(FutureTask.java:266)
	at java.util.concurrent.ThreadPoolExecutor.runWorker(ThreadPoolExecutor.java:1149)
	at java.util.concurrent.ThreadPoolExecutor$Worker.run(ThreadPoolExecutor.java:624)
	... 1 more
Caused by: org.apache.ratis.thirdparty.io.netty.channel.AbstractChannel$AnnotatedConnectException: Connection refused: /192.168.151.103:40137
	at sun.nio.ch.SocketChannelImpl.checkConnect(Native Method)
	at sun.nio.ch.SocketChannelImpl.finishConnect(SocketChannelImpl.java:717)
	at org.apache.ratis.thirdparty.io.netty.channel.socket.nio.NioSocketChannel.doFinishConnect(NioSocketChannel.java:327)
	at org.apache.ratis.thirdparty.io.netty.channel.nio.AbstractNioChannel$AbstractNioUnsafe.finishConnect(AbstractNioChannel.java:340)
	at org.apache.ratis.thirdparty.io.netty.channel.nio.NioEventLoop.processSelectedKey(NioEventLoop.java:632)
	at org.apache.ratis.thirdparty.io.netty.channel.nio.NioEventLoop.processSelectedKeysOptimized(NioEventLoop.java:579)
	at org.apache.ratis.thirdparty.io.netty.channel.nio.NioEventLoop.processSelectedKeys(NioEventLoop.java:496)
	at org.apache.ratis.thirdparty.io.netty.channel.nio.NioEventLoop.run(NioEventLoop.java:458)
	at org.apache.ratis.thirdparty.io.netty.util.concurrent.SingleThreadEventExecutor$5.run(SingleThreadEventExecutor.java:897)
	at org.apache.ratis.thirdparty.io.netty.util.concurrent.FastThreadLocalRunnable.run(FastThreadLocalRunnable.java:30)
	... 1 more
Caused by: java.net.ConnectException: Connection refused
	... 11 more
2019-09-27 09:26:06,873 [c1dc816a-002e-4190-8c4b-03368fc83464@group-CB4EA96F2AAE:LeaderElection173] INFO  impl.LeaderElection (LogUtils.java:infoOrTrace(149)) - c1dc816a-002e-4190-8c4b-03368fc83464@group-CB4EA96F2AAE:LeaderElection173 got exception when requesting votes: {}
java.util.concurrent.ExecutionException: org.apache.ratis.thirdparty.io.grpc.StatusRuntimeException: UNAVAILABLE: io exception
	at java.util.concurrent.FutureTask.report(FutureTask.java:122)
	at java.util.concurrent.FutureTask.get(FutureTask.java:192)
	at org.apache.ratis.server.impl.LeaderElection.waitForResults(LeaderElection.java:263)
	at org.apache.ratis.server.impl.LeaderElection.askForVotes(LeaderElection.java:201)
	at org.apache.ratis.server.impl.LeaderElection.run(LeaderElection.java:133)
	at java.lang.Thread.run(Thread.java:748)
Caused by: org.apache.ratis.thirdparty.io.grpc.StatusRuntimeException: UNAVAILABLE: io exception
	at org.apache.ratis.thirdparty.io.grpc.stub.ClientCalls.toStatusRuntimeException(ClientCalls.java:233)
	at org.apache.ratis.thirdparty.io.grpc.stub.ClientCalls.getUnchecked(ClientCalls.java:214)
	at org.apache.ratis.thirdparty.io.grpc.stub.ClientCalls.blockingUnaryCall(ClientCalls.java:139)
	at org.apache.ratis.proto.grpc.RaftServerProtocolServiceGrpc$RaftServerProtocolServiceBlockingStub.requestVote(RaftServerProtocolServiceGrpc.java:265)
	at org.apache.ratis.grpc.server.GrpcServerProtocolClient.requestVote(GrpcServerProtocolClient.java:90)
	at org.apache.ratis.grpc.server.GrpcService.requestVote(GrpcService.java:204)
	at org.apache.ratis.server.impl.LeaderElection.lambda$submitRequests$1(LeaderElection.java:238)
	at java.util.concurrent.FutureTask.run(FutureTask.java:266)
	at java.util.concurrent.Executors$RunnableAdapter.call(Executors.java:511)
	at java.util.concurrent.FutureTask.run(FutureTask.java:266)
	at java.util.concurrent.ThreadPoolExecutor.runWorker(ThreadPoolExecutor.java:1149)
	at java.util.concurrent.ThreadPoolExecutor$Worker.run(ThreadPoolExecutor.java:624)
	... 1 more
Caused by: org.apache.ratis.thirdparty.io.netty.channel.AbstractChannel$AnnotatedConnectException: Connection refused: /192.168.151.103:39440
	at sun.nio.ch.SocketChannelImpl.checkConnect(Native Method)
	at sun.nio.ch.SocketChannelImpl.finishConnect(SocketChannelImpl.java:717)
	at org.apache.ratis.thirdparty.io.netty.channel.socket.nio.NioSocketChannel.doFinishConnect(NioSocketChannel.java:327)
	at org.apache.ratis.thirdparty.io.netty.channel.nio.AbstractNioChannel$AbstractNioUnsafe.finishConnect(AbstractNioChannel.java:340)
	at org.apache.ratis.thirdparty.io.netty.channel.nio.NioEventLoop.processSelectedKey(NioEventLoop.java:632)
	at org.apache.ratis.thirdparty.io.netty.channel.nio.NioEventLoop.processSelectedKeysOptimized(NioEventLoop.java:579)
	at org.apache.ratis.thirdparty.io.netty.channel.nio.NioEventLoop.processSelectedKeys(NioEventLoop.java:496)
	at org.apache.ratis.thirdparty.io.netty.channel.nio.NioEventLoop.run(NioEventLoop.java:458)
	at org.apache.ratis.thirdparty.io.netty.util.concurrent.SingleThreadEventExecutor$5.run(SingleThreadEventExecutor.java:897)
	at org.apache.ratis.thirdparty.io.netty.util.concurrent.FastThreadLocalRunnable.run(FastThreadLocalRunnable.java:30)
	... 1 more
Caused by: java.net.ConnectException: Connection refused
	... 11 more
2019-09-27 09:26:06,873 [c1dc816a-002e-4190-8c4b-03368fc83464@group-CB4EA96F2AAE:LeaderElection173] INFO  impl.LeaderElection (LeaderElection.java:logAndReturn(56)) - c1dc816a-002e-4190-8c4b-03368fc83464@group-CB4EA96F2AAE:LeaderElection173: Election REJECTED; received 0 response(s) [] and 2 exception(s); c1dc816a-002e-4190-8c4b-03368fc83464@group-CB4EA96F2AAE:t10, leader=null, voted=c1dc816a-002e-4190-8c4b-03368fc83464, raftlog=c1dc816a-002e-4190-8c4b-03368fc83464@group-CB4EA96F2AAE-SegmentedRaftLog:OPENED:c0,f0,i0, conf=0: [c1dc816a-002e-4190-8c4b-03368fc83464:192.168.151.103:35476, 03814bdb-c6b3-415d-8615-039e811c0048:192.168.151.103:40137, 513ea752-2bb4-4e9d-94cf-0dce8d7e1b31:192.168.151.103:39440], old=null
2019-09-27 09:26:06,874 [c1dc816a-002e-4190-8c4b-03368fc83464@group-CB4EA96F2AAE:LeaderElection173] INFO  impl.LeaderElection (LogUtils.java:infoOrTrace(149)) -   Exception 0: {}
java.util.concurrent.ExecutionException: org.apache.ratis.thirdparty.io.grpc.StatusRuntimeException: UNAVAILABLE: io exception
	at java.util.concurrent.FutureTask.report(FutureTask.java:122)
	at java.util.concurrent.FutureTask.get(FutureTask.java:192)
	at org.apache.ratis.server.impl.LeaderElection.waitForResults(LeaderElection.java:263)
	at org.apache.ratis.server.impl.LeaderElection.askForVotes(LeaderElection.java:201)
	at org.apache.ratis.server.impl.LeaderElection.run(LeaderElection.java:133)
	at java.lang.Thread.run(Thread.java:748)
Caused by: org.apache.ratis.thirdparty.io.grpc.StatusRuntimeException: UNAVAILABLE: io exception
	at org.apache.ratis.thirdparty.io.grpc.stub.ClientCalls.toStatusRuntimeException(ClientCalls.java:233)
	at org.apache.ratis.thirdparty.io.grpc.stub.ClientCalls.getUnchecked(ClientCalls.java:214)
	at org.apache.ratis.thirdparty.io.grpc.stub.ClientCalls.blockingUnaryCall(ClientCalls.java:139)
	at org.apache.ratis.proto.grpc.RaftServerProtocolServiceGrpc$RaftServerProtocolServiceBlockingStub.requestVote(RaftServerProtocolServiceGrpc.java:265)
	at org.apache.ratis.grpc.server.GrpcServerProtocolClient.requestVote(GrpcServerProtocolClient.java:90)
	at org.apache.ratis.grpc.server.GrpcService.requestVote(GrpcService.java:204)
	at org.apache.ratis.server.impl.LeaderElection.lambda$submitRequests$1(LeaderElection.java:238)
	at java.util.concurrent.FutureTask.run(FutureTask.java:266)
	at java.util.concurrent.Executors$RunnableAdapter.call(Executors.java:511)
	at java.util.concurrent.FutureTask.run(FutureTask.java:266)
	at java.util.concurrent.ThreadPoolExecutor.runWorker(ThreadPoolExecutor.java:1149)
	at java.util.concurrent.ThreadPoolExecutor$Worker.run(ThreadPoolExecutor.java:624)
	... 1 more
Caused by: org.apache.ratis.thirdparty.io.netty.channel.AbstractChannel$AnnotatedConnectException: Connection refused: /192.168.151.103:40137
	at sun.nio.ch.SocketChannelImpl.checkConnect(Native Method)
	at sun.nio.ch.SocketChannelImpl.finishConnect(SocketChannelImpl.java:717)
	at org.apache.ratis.thirdparty.io.netty.channel.socket.nio.NioSocketChannel.doFinishConnect(NioSocketChannel.java:327)
	at org.apache.ratis.thirdparty.io.netty.channel.nio.AbstractNioChannel$AbstractNioUnsafe.finishConnect(AbstractNioChannel.java:340)
	at org.apache.ratis.thirdparty.io.netty.channel.nio.NioEventLoop.processSelectedKey(NioEventLoop.java:632)
	at org.apache.ratis.thirdparty.io.netty.channel.nio.NioEventLoop.processSelectedKeysOptimized(NioEventLoop.java:579)
	at org.apache.ratis.thirdparty.io.netty.channel.nio.NioEventLoop.processSelectedKeys(NioEventLoop.java:496)
	at org.apache.ratis.thirdparty.io.netty.channel.nio.NioEventLoop.run(NioEventLoop.java:458)
	at org.apache.ratis.thirdparty.io.netty.util.concurrent.SingleThreadEventExecutor$5.run(SingleThreadEventExecutor.java:897)
	at org.apache.ratis.thirdparty.io.netty.util.concurrent.FastThreadLocalRunnable.run(FastThreadLocalRunnable.java:30)
	... 1 more
Caused by: java.net.ConnectException: Connection refused
	... 11 more
2019-09-27 09:26:06,874 [c1dc816a-002e-4190-8c4b-03368fc83464@group-CB4EA96F2AAE:LeaderElection173] INFO  impl.LeaderElection (LogUtils.java:infoOrTrace(149)) -   Exception 1: {}
java.util.concurrent.ExecutionException: org.apache.ratis.thirdparty.io.grpc.StatusRuntimeException: UNAVAILABLE: io exception
	at java.util.concurrent.FutureTask.report(FutureTask.java:122)
	at java.util.concurrent.FutureTask.get(FutureTask.java:192)
	at org.apache.ratis.server.impl.LeaderElection.waitForResults(LeaderElection.java:263)
	at org.apache.ratis.server.impl.LeaderElection.askForVotes(LeaderElection.java:201)
	at org.apache.ratis.server.impl.LeaderElection.run(LeaderElection.java:133)
	at java.lang.Thread.run(Thread.java:748)
Caused by: org.apache.ratis.thirdparty.io.grpc.StatusRuntimeException: UNAVAILABLE: io exception
	at org.apache.ratis.thirdparty.io.grpc.stub.ClientCalls.toStatusRuntimeException(ClientCalls.java:233)
	at org.apache.ratis.thirdparty.io.grpc.stub.ClientCalls.getUnchecked(ClientCalls.java:214)
	at org.apache.ratis.thirdparty.io.grpc.stub.ClientCalls.blockingUnaryCall(ClientCalls.java:139)
	at org.apache.ratis.proto.grpc.RaftServerProtocolServiceGrpc$RaftServerProtocolServiceBlockingStub.requestVote(RaftServerProtocolServiceGrpc.java:265)
	at org.apache.ratis.grpc.server.GrpcServerProtocolClient.requestVote(GrpcServerProtocolClient.java:90)
	at org.apache.ratis.grpc.server.GrpcService.requestVote(GrpcService.java:204)
	at org.apache.ratis.server.impl.LeaderElection.lambda$submitRequests$1(LeaderElection.java:238)
	at java.util.concurrent.FutureTask.run(FutureTask.java:266)
	at java.util.concurrent.Executors$RunnableAdapter.call(Executors.java:511)
	at java.util.concurrent.FutureTask.run(FutureTask.java:266)
	at java.util.concurrent.ThreadPoolExecutor.runWorker(ThreadPoolExecutor.java:1149)
	at java.util.concurrent.ThreadPoolExecutor$Worker.run(ThreadPoolExecutor.java:624)
	... 1 more
Caused by: org.apache.ratis.thirdparty.io.netty.channel.AbstractChannel$AnnotatedConnectException: Connection refused: /192.168.151.103:39440
	at sun.nio.ch.SocketChannelImpl.checkConnect(Native Method)
	at sun.nio.ch.SocketChannelImpl.finishConnect(SocketChannelImpl.java:717)
	at org.apache.ratis.thirdparty.io.netty.channel.socket.nio.NioSocketChannel.doFinishConnect(NioSocketChannel.java:327)
	at org.apache.ratis.thirdparty.io.netty.channel.nio.AbstractNioChannel$AbstractNioUnsafe.finishConnect(AbstractNioChannel.java:340)
	at org.apache.ratis.thirdparty.io.netty.channel.nio.NioEventLoop.processSelectedKey(NioEventLoop.java:632)
	at org.apache.ratis.thirdparty.io.netty.channel.nio.NioEventLoop.processSelectedKeysOptimized(NioEventLoop.java:579)
	at org.apache.ratis.thirdparty.io.netty.channel.nio.NioEventLoop.processSelectedKeys(NioEventLoop.java:496)
	at org.apache.ratis.thirdparty.io.netty.channel.nio.NioEventLoop.run(NioEventLoop.java:458)
	at org.apache.ratis.thirdparty.io.netty.util.concurrent.SingleThreadEventExecutor$5.run(SingleThreadEventExecutor.java:897)
	at org.apache.ratis.thirdparty.io.netty.util.concurrent.FastThreadLocalRunnable.run(FastThreadLocalRunnable.java:30)
	... 1 more
Caused by: java.net.ConnectException: Connection refused
	... 11 more
2019-09-27 09:26:06,874 [c1dc816a-002e-4190-8c4b-03368fc83464@group-CB4EA96F2AAE:LeaderElection173] INFO  impl.RaftServerImpl (RaftServerImpl.java:setRole(174)) - c1dc816a-002e-4190-8c4b-03368fc83464@group-CB4EA96F2AAE: changes role from CANDIDATE to FOLLOWER at term 10 for DISCOVERED_A_NEW_TERM
2019-09-27 09:26:06,874 [c1dc816a-002e-4190-8c4b-03368fc83464@group-CB4EA96F2AAE:LeaderElection173] INFO  impl.RoleInfo (RoleInfo.java:shutdownLeaderElection(134)) - c1dc816a-002e-4190-8c4b-03368fc83464: shutdown LeaderElection
2019-09-27 09:26:06,874 [c1dc816a-002e-4190-8c4b-03368fc83464@group-CB4EA96F2AAE:LeaderElection173] INFO  impl.RoleInfo (RoleInfo.java:updateAndGet(143)) - c1dc816a-002e-4190-8c4b-03368fc83464: start FollowerState
2019-09-27 09:26:07,536 [main] INFO  ozoneimpl.OzoneContainer (OzoneContainer.java:stop(231)) - Attempting to stop container services.
2019-09-27 09:26:07,537 [main] INFO  impl.RaftServerProxy (RaftServerProxy.java:lambda$close$4(314)) - c1dc816a-002e-4190-8c4b-03368fc83464: close
2019-09-27 09:26:07,537 [main] INFO  impl.RaftServerImpl (RaftServerImpl.java:lambda$shutdown$3(251)) - c1dc816a-002e-4190-8c4b-03368fc83464@group-A1934EB41010: shutdown
2019-09-27 09:26:07,538 [main] INFO  util.JmxRegister (JmxRegister.java:unregister(73)) - Successfully un-registered JMX Bean with object name Ratis:service=RaftServer,group=group-A1934EB41010,id=c1dc816a-002e-4190-8c4b-03368fc83464
2019-09-27 09:26:07,538 [main] INFO  impl.RoleInfo (RoleInfo.java:shutdownLeaderState(104)) - c1dc816a-002e-4190-8c4b-03368fc83464: shutdown LeaderState
2019-09-27 09:26:07,538 [main] INFO  impl.PendingRequests (PendingRequests.java:sendNotLeaderResponses(202)) - c1dc816a-002e-4190-8c4b-03368fc83464-PendingRequests: sendNotLeaderResponses
2019-09-27 09:26:07,539 [main] INFO  impl.StateMachineUpdater (StateMachineUpdater.java:stopAndJoin(125)) - c1dc816a-002e-4190-8c4b-03368fc83464@group-A1934EB41010-StateMachineUpdater: set stopIndex = 0
2019-09-27 09:26:07,539 [main] INFO  impl.RaftServerImpl (ServerState.java:close(385)) - c1dc816a-002e-4190-8c4b-03368fc83464@group-A1934EB41010: closes. applyIndex: 0
2019-09-27 09:26:07,540 [c1dc816a-002e-4190-8c4b-03368fc83464@group-A1934EB41010-SegmentedRaftLogWorker] INFO  segmented.SegmentedRaftLogWorker (SegmentedRaftLogWorker.java:run(313)) - c1dc816a-002e-4190-8c4b-03368fc83464@group-A1934EB41010-SegmentedRaftLogWorker was interrupted, exiting. There are 0 tasks remaining in the queue.
2019-09-27 09:26:07,541 [main] INFO  segmented.SegmentedRaftLogWorker (SegmentedRaftLogWorker.java:close(228)) - c1dc816a-002e-4190-8c4b-03368fc83464@group-A1934EB41010-SegmentedRaftLogWorker close()
2019-09-27 09:26:07,544 [main] INFO  impl.RaftServerImpl (RaftServerImpl.java:lambda$shutdown$3(251)) - c1dc816a-002e-4190-8c4b-03368fc83464@group-CB4EA96F2AAE: shutdown
2019-09-27 09:26:07,544 [main] INFO  util.JmxRegister (JmxRegister.java:unregister(73)) - Successfully un-registered JMX Bean with object name Ratis:service=RaftServer,group=group-CB4EA96F2AAE,id=c1dc816a-002e-4190-8c4b-03368fc83464
2019-09-27 09:26:07,544 [main] INFO  impl.RoleInfo (RoleInfo.java:shutdownFollowerState(121)) - c1dc816a-002e-4190-8c4b-03368fc83464: shutdown FollowerState
2019-09-27 09:26:07,545 [main] INFO  impl.StateMachineUpdater (StateMachineUpdater.java:stopAndJoin(125)) - c1dc816a-002e-4190-8c4b-03368fc83464@group-CB4EA96F2AAE-StateMachineUpdater: set stopIndex = 0
2019-09-27 09:26:07,545 [Thread-9783] INFO  impl.FollowerState (FollowerState.java:run(115)) - c1dc816a-002e-4190-8c4b-03368fc83464: FollowerState was interrupted: java.lang.InterruptedException: sleep interrupted
2019-09-27 09:26:07,545 [main] INFO  impl.RaftServerImpl (ServerState.java:close(385)) - c1dc816a-002e-4190-8c4b-03368fc83464@group-CB4EA96F2AAE: closes. applyIndex: 0
2019-09-27 09:26:07,546 [c1dc816a-002e-4190-8c4b-03368fc83464@group-CB4EA96F2AAE-SegmentedRaftLogWorker] INFO  segmented.SegmentedRaftLogWorker (SegmentedRaftLogWorker.java:run(313)) - c1dc816a-002e-4190-8c4b-03368fc83464@group-CB4EA96F2AAE-SegmentedRaftLogWorker was interrupted, exiting. There are 0 tasks remaining in the queue.
2019-09-27 09:26:07,546 [main] INFO  segmented.SegmentedRaftLogWorker (SegmentedRaftLogWorker.java:close(228)) - c1dc816a-002e-4190-8c4b-03368fc83464@group-CB4EA96F2AAE-SegmentedRaftLogWorker close()
2019-09-27 09:26:07,548 [main] INFO  server.GrpcService (GrpcService.java:closeImpl(164)) - c1dc816a-002e-4190-8c4b-03368fc83464: shutdown server with port 35476 now
2019-09-27 09:26:07,548 [ForkJoinPool.commonPool-worker-0] INFO  ozoneimpl.OzoneContainer (OzoneContainer.java:stop(231)) - Attempting to stop container services.
2019-09-27 09:26:07,549 [main] INFO  server.GrpcService (GrpcService.java:closeImpl(172)) - c1dc816a-002e-4190-8c4b-03368fc83464: shutdown server with port 35476 successfully
2019-09-27 09:26:07,549 [ForkJoinPool.commonPool-worker-0] INFO  impl.RaftServerProxy (RaftServerProxy.java:lambda$close$4(314)) - de56bb40-4206-44bb-8a25-0aa735fdda15: close
2019-09-27 09:26:07,550 [ForkJoinPool.commonPool-worker-0] INFO  impl.RaftServerImpl (RaftServerImpl.java:lambda$shutdown$3(251)) - de56bb40-4206-44bb-8a25-0aa735fdda15@group-49BF442FE5BA: shutdown
2019-09-27 09:26:07,550 [ForkJoinPool.commonPool-worker-0] INFO  util.JmxRegister (JmxRegister.java:unregister(73)) - Successfully un-registered JMX Bean with object name Ratis:service=RaftServer,group=group-49BF442FE5BA,id=de56bb40-4206-44bb-8a25-0aa735fdda15
2019-09-27 09:26:07,550 [ForkJoinPool.commonPool-worker-0] INFO  impl.RoleInfo (RoleInfo.java:shutdownFollowerState(121)) - de56bb40-4206-44bb-8a25-0aa735fdda15: shutdown FollowerState
2019-09-27 09:26:07,551 [ForkJoinPool.commonPool-worker-0] INFO  impl.StateMachineUpdater (StateMachineUpdater.java:stopAndJoin(125)) - de56bb40-4206-44bb-8a25-0aa735fdda15@group-49BF442FE5BA-StateMachineUpdater: set stopIndex = 0
2019-09-27 09:26:07,551 [Thread-9779] INFO  impl.FollowerState (FollowerState.java:run(115)) - de56bb40-4206-44bb-8a25-0aa735fdda15: FollowerState was interrupted: java.lang.InterruptedException: sleep interrupted
2019-09-27 09:26:07,551 [ForkJoinPool.commonPool-worker-0] INFO  impl.RaftServerImpl (ServerState.java:close(385)) - de56bb40-4206-44bb-8a25-0aa735fdda15@group-49BF442FE5BA: closes. applyIndex: 0
2019-09-27 09:26:07,552 [de56bb40-4206-44bb-8a25-0aa735fdda15@group-49BF442FE5BA-SegmentedRaftLogWorker] INFO  segmented.SegmentedRaftLogWorker (SegmentedRaftLogWorker.java:run(313)) - de56bb40-4206-44bb-8a25-0aa735fdda15@group-49BF442FE5BA-SegmentedRaftLogWorker was interrupted, exiting. There are 0 tasks remaining in the queue.
2019-09-27 09:26:07,552 [ForkJoinPool.commonPool-worker-0] INFO  segmented.SegmentedRaftLogWorker (SegmentedRaftLogWorker.java:close(228)) - de56bb40-4206-44bb-8a25-0aa735fdda15@group-49BF442FE5BA-SegmentedRaftLogWorker close()
2019-09-27 09:26:07,555 [ForkJoinPool.commonPool-worker-0] INFO  impl.RaftServerImpl (RaftServerImpl.java:lambda$shutdown$3(251)) - de56bb40-4206-44bb-8a25-0aa735fdda15@group-BD08C385C0FC: shutdown
2019-09-27 09:26:07,555 [ForkJoinPool.commonPool-worker-0] INFO  util.JmxRegister (JmxRegister.java:unregister(73)) - Successfully un-registered JMX Bean with object name Ratis:service=RaftServer,group=group-BD08C385C0FC,id=de56bb40-4206-44bb-8a25-0aa735fdda15
2019-09-27 09:26:07,555 [refreshUsed-/workdir/hadoop-ozone/integration-test/target/test-dir/MiniOzoneClusterImpl-398c5316-7398-4fb3-bac3-d05c7117414d/datanode-7/data/containers] WARN  fs.CachingGetSpaceUsed (CachingGetSpaceUsed.java:run(183)) - Thread Interrupted waiting to refresh disk information: sleep interrupted
2019-09-27 09:26:07,556 [ForkJoinPool.commonPool-worker-0] INFO  impl.RoleInfo (RoleInfo.java:shutdownLeaderState(104)) - de56bb40-4206-44bb-8a25-0aa735fdda15: shutdown LeaderState
2019-09-27 09:26:07,556 [ForkJoinPool.commonPool-worker-0] INFO  impl.PendingRequests (PendingRequests.java:sendNotLeaderResponses(202)) - de56bb40-4206-44bb-8a25-0aa735fdda15-PendingRequests: sendNotLeaderResponses
2019-09-27 09:26:07,557 [ForkJoinPool.commonPool-worker-0] INFO  impl.StateMachineUpdater (StateMachineUpdater.java:stopAndJoin(125)) - de56bb40-4206-44bb-8a25-0aa735fdda15@group-BD08C385C0FC-StateMachineUpdater: set stopIndex = 0
2019-09-27 09:26:07,557 [ForkJoinPool.commonPool-worker-0] INFO  impl.RaftServerImpl (ServerState.java:close(385)) - de56bb40-4206-44bb-8a25-0aa735fdda15@group-BD08C385C0FC: closes. applyIndex: 0
2019-09-27 09:26:07,557 [de56bb40-4206-44bb-8a25-0aa735fdda15@group-BD08C385C0FC-SegmentedRaftLogWorker] INFO  segmented.SegmentedRaftLogWorker (SegmentedRaftLogWorker.java:run(313)) - de56bb40-4206-44bb-8a25-0aa735fdda15@group-BD08C385C0FC-SegmentedRaftLogWorker was interrupted, exiting. There are 0 tasks remaining in the queue.
2019-09-27 09:26:07,558 [ForkJoinPool.commonPool-worker-0] INFO  segmented.SegmentedRaftLogWorker (SegmentedRaftLogWorker.java:close(228)) - de56bb40-4206-44bb-8a25-0aa735fdda15@group-BD08C385C0FC-SegmentedRaftLogWorker close()
2019-09-27 09:26:07,559 [ForkJoinPool.commonPool-worker-0] INFO  server.GrpcService (GrpcService.java:closeImpl(164)) - de56bb40-4206-44bb-8a25-0aa735fdda15: shutdown server with port 35304 now
2019-09-27 09:26:07,559 [ForkJoinPool.commonPool-worker-0] INFO  server.GrpcService (GrpcService.java:closeImpl(172)) - de56bb40-4206-44bb-8a25-0aa735fdda15: shutdown server with port 35304 successfully
2019-09-27 09:26:07,563 [refreshUsed-/workdir/hadoop-ozone/integration-test/target/test-dir/MiniOzoneClusterImpl-398c5316-7398-4fb3-bac3-d05c7117414d/datanode-1/data/containers] WARN  fs.CachingGetSpaceUsed (CachingGetSpaceUsed.java:run(183)) - Thread Interrupted waiting to refresh disk information: sleep interrupted
2019-09-27 09:26:07,570 [main] INFO  utils.BackgroundService (BackgroundService.java:shutdown(148)) - Shutting down service BlockDeletingService
2019-09-27 09:26:07,573 [main] INFO  statemachine.DatanodeStateMachine (DatanodeStateMachine.java:stopDaemon(395)) - Ozone container server stopped.
2019-09-27 09:26:07,574 [main] INFO  handler.ContextHandler (ContextHandler.java:doStop(910)) - Stopped o.e.j.w.WebAppContext@409732fb{/,null,UNAVAILABLE}{/hddsDatanode}
2019-09-27 09:26:07,575 [main] INFO  server.AbstractConnector (AbstractConnector.java:doStop(318)) - Stopped ServerConnector@73d62b5{HTTP/1.1,[http/1.1]}{0.0.0.0:0}
2019-09-27 09:26:07,576 [main] INFO  handler.ContextHandler (ContextHandler.java:doStop(910)) - Stopped o.e.j.s.ServletContextHandler@69d103f0{/static,jar:file:/home/user/.m2/repository/org/apache/hadoop/hadoop-hdds-container-service/0.5.0-SNAPSHOT/hadoop-hdds-container-service-0.5.0-SNAPSHOT.jar!/webapps/static,UNAVAILABLE}
2019-09-27 09:26:07,576 [main] INFO  handler.ContextHandler (ContextHandler.java:doStop(910)) - Stopped o.e.j.s.ServletContextHandler@44fd7ba4{/logs,file:///workdir/hadoop-ozone/integration-test/target/log,UNAVAILABLE}
2019-09-27 09:26:07,587 [ForkJoinPool.commonPool-worker-0] INFO  utils.BackgroundService (BackgroundService.java:shutdown(148)) - Shutting down service BlockDeletingService
2019-09-27 09:26:07,590 [ForkJoinPool.commonPool-worker-0] INFO  statemachine.DatanodeStateMachine (DatanodeStateMachine.java:stopDaemon(395)) - Ozone container server stopped.
2019-09-27 09:26:07,594 [ForkJoinPool.commonPool-worker-0] INFO  handler.ContextHandler (ContextHandler.java:doStop(910)) - Stopped o.e.j.w.WebAppContext@19a5b637{/,null,UNAVAILABLE}{/hddsDatanode}
2019-09-27 09:26:07,594 [ForkJoinPool.commonPool-worker-0] INFO  server.AbstractConnector (AbstractConnector.java:doStop(318)) - Stopped ServerConnector@4f3c7808{HTTP/1.1,[http/1.1]}{0.0.0.0:0}
2019-09-27 09:26:07,596 [ForkJoinPool.commonPool-worker-0] INFO  handler.ContextHandler (ContextHandler.java:doStop(910)) - Stopped o.e.j.s.ServletContextHandler@36d582cb{/static,jar:file:/home/user/.m2/repository/org/apache/hadoop/hadoop-hdds-container-service/0.5.0-SNAPSHOT/hadoop-hdds-container-service-0.5.0-SNAPSHOT.jar!/webapps/static,UNAVAILABLE}
2019-09-27 09:26:07,597 [ForkJoinPool.commonPool-worker-0] INFO  handler.ContextHandler (ContextHandler.java:doStop(910)) - Stopped o.e.j.s.ServletContextHandler@226d5af0{/logs,file:///workdir/hadoop-ozone/integration-test/target/log,UNAVAILABLE}
2019-09-27 09:26:07,598 [main] INFO  ozone.MiniOzoneClusterImpl (MiniOzoneClusterImpl.java:stopSCM(392)) - Stopping the StorageContainerManager
2019-09-27 09:26:07,598 [main] INFO  server.StorageContainerManager (StorageContainerManager.java:stop(808)) - Stopping Replication Manager Service.
2019-09-27 09:26:07,598 [main] INFO  container.ReplicationManager (ReplicationManager.java:stop(203)) - Stopping Replication Monitor Thread.
2019-09-27 09:26:07,598 [main] INFO  server.StorageContainerManager (StorageContainerManager.java:stop(815)) - Stopping Lease Manager of the command watchers
2019-09-27 09:26:07,599 [main] INFO  server.StorageContainerManager (StorageContainerManager.java:stop(822)) - Stopping datanode service RPC server
2019-09-27 09:26:07,599 [main] INFO  server.SCMDatanodeProtocolServer (SCMDatanodeProtocolServer.java:stop(367)) - Stopping the RPC server for DataNodes
2019-09-27 09:26:07,599 [main] INFO  ipc.Server (Server.java:stop(3082)) - Stopping server on 40094
2019-09-27 09:26:07,600 [IPC Server listener on 40094] INFO  ipc.Server (Server.java:run(1185)) - Stopping IPC Server listener on 40094
2019-09-27 09:26:07,602 [IPC Server Responder] INFO  ipc.Server (Server.java:run(1319)) - Stopping IPC Server Responder
2019-09-27 09:26:07,700 [SCM Heartbeat Processing Thread - 0] WARN  node.NodeStateManager (NodeStateManager.java:scheduleNextHealthCheck(646)) - Current Thread is interrupted, shutting down HB processing thread for Node Manager.
2019-09-27 09:26:07,701 [main] INFO  server.StorageContainerManager (StorageContainerManager.java:stop(830)) - Stopping block service RPC server
2019-09-27 09:26:07,701 [main] INFO  server.SCMBlockProtocolServer (SCMBlockProtocolServer.java:stop(155)) - Stopping the RPC server for Block Protocol
2019-09-27 09:26:07,701 [main] INFO  ipc.Server (Server.java:stop(3082)) - Stopping server on 37114
2019-09-27 09:26:07,704 [IPC Server listener on 37114] INFO  ipc.Server (Server.java:run(1185)) - Stopping IPC Server listener on 37114
2019-09-27 09:26:07,704 [main] INFO  server.StorageContainerManager (StorageContainerManager.java:stop(837)) - Stopping the StorageContainerLocationProtocol RPC server
2019-09-27 09:26:07,705 [main] INFO  server.SCMClientProtocolServer (SCMClientProtocolServer.java:stop(159)) - Stopping the RPC server for Client Protocol
2019-09-27 09:26:07,705 [main] INFO  ipc.Server (Server.java:stop(3082)) - Stopping server on 37420
2019-09-27 09:26:07,704 [IPC Server Responder] INFO  ipc.Server (Server.java:run(1319)) - Stopping IPC Server Responder
2019-09-27 09:26:07,711 [IPC Server listener on 37420] INFO  ipc.Server (Server.java:run(1185)) - Stopping IPC Server listener on 37420
2019-09-27 09:26:07,712 [main] INFO  server.StorageContainerManager (StorageContainerManager.java:stop(844)) - Stopping Storage Container Manager HTTP server.
2019-09-27 09:26:07,712 [IPC Server Responder] INFO  ipc.Server (Server.java:run(1319)) - Stopping IPC Server Responder
2019-09-27 09:26:07,714 [main] INFO  handler.ContextHandler (ContextHandler.java:doStop(910)) - Stopped o.e.j.w.WebAppContext@5012c571{/,null,UNAVAILABLE}{/scm}
2019-09-27 09:26:07,714 [main] INFO  server.AbstractConnector (AbstractConnector.java:doStop(318)) - Stopped ServerConnector@6486fe7b{HTTP/1.1,[http/1.1]}{0.0.0.0:0}
2019-09-27 09:26:07,714 [main] INFO  handler.ContextHandler (ContextHandler.java:doStop(910)) - Stopped o.e.j.s.ServletContextHandler@132e3594{/static,file:///workdir/hadoop-ozone/integration-test/target/test-classes/webapps/static,UNAVAILABLE}
2019-09-27 09:26:07,715 [main] INFO  handler.ContextHandler (ContextHandler.java:doStop(910)) - Stopped o.e.j.s.ServletContextHandler@448462f0{/logs,file:///workdir/hadoop-ozone/integration-test/target/log,UNAVAILABLE}
2019-09-27 09:26:07,715 [main] INFO  server.StorageContainerManager (StorageContainerManager.java:stop(855)) - Stopping Block Manager Service.
2019-09-27 09:26:07,715 [main] INFO  utils.BackgroundService (BackgroundService.java:shutdown(148)) - Shutting down service SCMBlockDeletingService
2019-09-27 09:26:07,715 [main] INFO  utils.BackgroundService (BackgroundService.java:shutdown(148)) - Shutting down service SCMBlockDeletingService
2019-09-27 09:26:07,716 [main] INFO  server.StorageContainerManager (StorageContainerManager.java:stop(877)) - Stopping SCM Event Queue.
2019-09-27 09:26:07,720 [main] INFO  impl.MetricsSystemImpl (MetricsSystemImpl.java:stop(210)) - Stopping HddsDatanode metrics system...
2019-09-27 09:26:07,744 [main] INFO  impl.MetricsSystemImpl (MetricsSystemImpl.java:stop(216)) - HddsDatanode metrics system stopped.
]]></system-out>
    <system-err><![CDATA[Sep 27, 2019 9:25:47 AM org.apache.ratis.thirdparty.io.grpc.internal.SerializingExecutor run
SEVERE: Exception while executing runnable org.apache.ratis.thirdparty.io.grpc.internal.ServerImpl$JumpToApplicationThreadServerStreamListener$1Closed@3ae30f83
org.apache.ratis.thirdparty.io.grpc.StatusRuntimeException: CANCELLED: call already cancelled
	at org.apache.ratis.thirdparty.io.grpc.Status.asRuntimeException(Status.java:517)
	at org.apache.ratis.thirdparty.io.grpc.stub.ServerCalls$ServerCallStreamObserverImpl.onCompleted(ServerCalls.java:356)
	at org.apache.ratis.grpc.server.GrpcServerProtocolService$ServerRequestStreamObserver.onError(GrpcServerProtocolService.java:121)
	at org.apache.ratis.thirdparty.io.grpc.stub.ServerCalls$StreamingServerCallHandler$StreamingServerCallListener.onCancel(ServerCalls.java:269)
	at org.apache.ratis.thirdparty.io.grpc.internal.ServerCallImpl$ServerStreamListenerImpl.closed(ServerCallImpl.java:293)
	at org.apache.ratis.thirdparty.io.grpc.internal.ServerImpl$JumpToApplicationThreadServerStreamListener$1Closed.runInContext(ServerImpl.java:741)
	at org.apache.ratis.thirdparty.io.grpc.internal.ContextRunnable.run(ContextRunnable.java:37)
	at org.apache.ratis.thirdparty.io.grpc.internal.SerializingExecutor.run(SerializingExecutor.java:123)
	at java.util.concurrent.ThreadPoolExecutor.runWorker(ThreadPoolExecutor.java:1149)
	at java.util.concurrent.ThreadPoolExecutor$Worker.run(ThreadPoolExecutor.java:624)
	at java.lang.Thread.run(Thread.java:748)

Sep 27, 2019 9:25:47 AM org.apache.ratis.thirdparty.io.grpc.internal.SerializingExecutor run
SEVERE: Exception while executing runnable org.apache.ratis.thirdparty.io.grpc.internal.ServerImpl$JumpToApplicationThreadServerStreamListener$1Closed@34d041a5
org.apache.ratis.thirdparty.io.grpc.StatusRuntimeException: CANCELLED: call already cancelled
	at org.apache.ratis.thirdparty.io.grpc.Status.asRuntimeException(Status.java:517)
	at org.apache.ratis.thirdparty.io.grpc.stub.ServerCalls$ServerCallStreamObserverImpl.onCompleted(ServerCalls.java:356)
	at org.apache.ratis.grpc.server.GrpcServerProtocolService$ServerRequestStreamObserver.onError(GrpcServerProtocolService.java:121)
	at org.apache.ratis.thirdparty.io.grpc.stub.ServerCalls$StreamingServerCallHandler$StreamingServerCallListener.onCancel(ServerCalls.java:269)
	at org.apache.ratis.thirdparty.io.grpc.internal.ServerCallImpl$ServerStreamListenerImpl.closed(ServerCallImpl.java:293)
	at org.apache.ratis.thirdparty.io.grpc.internal.ServerImpl$JumpToApplicationThreadServerStreamListener$1Closed.runInContext(ServerImpl.java:741)
	at org.apache.ratis.thirdparty.io.grpc.internal.ContextRunnable.run(ContextRunnable.java:37)
	at org.apache.ratis.thirdparty.io.grpc.internal.SerializingExecutor.run(SerializingExecutor.java:123)
	at java.util.concurrent.ThreadPoolExecutor.runWorker(ThreadPoolExecutor.java:1149)
	at java.util.concurrent.ThreadPoolExecutor$Worker.run(ThreadPoolExecutor.java:624)
	at java.lang.Thread.run(Thread.java:748)

Sep 27, 2019 9:25:52 AM org.apache.ratis.thirdparty.io.grpc.internal.SerializingExecutor run
SEVERE: Exception while executing runnable org.apache.ratis.thirdparty.io.grpc.internal.ServerImpl$JumpToApplicationThreadServerStreamListener$1Closed@48a51200
org.apache.ratis.thirdparty.io.grpc.StatusRuntimeException: CANCELLED: call already cancelled
	at org.apache.ratis.thirdparty.io.grpc.Status.asRuntimeException(Status.java:517)
	at org.apache.ratis.thirdparty.io.grpc.stub.ServerCalls$ServerCallStreamObserverImpl.onCompleted(ServerCalls.java:356)
	at org.apache.ratis.grpc.server.GrpcServerProtocolService$ServerRequestStreamObserver.onError(GrpcServerProtocolService.java:121)
	at org.apache.ratis.thirdparty.io.grpc.stub.ServerCalls$StreamingServerCallHandler$StreamingServerCallListener.onCancel(ServerCalls.java:269)
	at org.apache.ratis.thirdparty.io.grpc.internal.ServerCallImpl$ServerStreamListenerImpl.closed(ServerCallImpl.java:293)
	at org.apache.ratis.thirdparty.io.grpc.internal.ServerImpl$JumpToApplicationThreadServerStreamListener$1Closed.runInContext(ServerImpl.java:741)
	at org.apache.ratis.thirdparty.io.grpc.internal.ContextRunnable.run(ContextRunnable.java:37)
	at org.apache.ratis.thirdparty.io.grpc.internal.SerializingExecutor.run(SerializingExecutor.java:123)
	at java.util.concurrent.ThreadPoolExecutor.runWorker(ThreadPoolExecutor.java:1149)
	at java.util.concurrent.ThreadPoolExecutor$Worker.run(ThreadPoolExecutor.java:624)
	at java.lang.Thread.run(Thread.java:748)

]]></system-err>
  </testcase>
</testsuite>