<?xml version="1.0" encoding="UTF-8"?>
<testsuite xmlns:xsi="http://www.w3.org/2001/XMLSchema-instance" xsi:noNamespaceSchemaLocation="https://maven.apache.org/surefire/maven-surefire-plugin/xsd/surefire-test-report.xsd" name="org.apache.hadoop.ozone.client.rpc.TestOzoneClientRetriesOnException" time="278.961" tests="2" errors="2" skipped="0" failures="0">
  <properties>
    <property name="awt.toolkit" value="sun.awt.X11.XToolkit"/>
    <property name="file.encoding.pkg" value="sun.io"/>
    <property name="java.specification.version" value="1.8"/>
    <property name="sun.cpu.isalist" value=""/>
    <property name="sun.jnu.encoding" value="UTF-8"/>
    <property name="java.class.path" value="/workdir/hadoop-ozone/integration-test/target/test-classes:/workdir/hadoop-ozone/integration-test/target/classes:/home/user/.m2/repository/org/apache/hadoop/hadoop-ozone-common/0.5.0-SNAPSHOT/hadoop-ozone-common-0.5.0-SNAPSHOT.jar:/home/user/.m2/repository/org/apache/commons/commons-compress/1.4.1/commons-compress-1.4.1.jar:/home/user/.m2/repository/org/tukaani/xz/1.0/xz-1.0.jar:/home/user/.m2/repository/org/apache/hadoop/hadoop-common/3.2.0/hadoop-common-3.2.0.jar:/home/user/.m2/repository/org/apache/hadoop/hadoop-hdfs/3.2.0/hadoop-hdfs-3.2.0.jar:/home/user/.m2/repository/org/apache/hadoop/hadoop-hdfs-client/3.2.0/hadoop-hdfs-client-3.2.0.jar:/home/user/.m2/repository/com/fasterxml/jackson/core/jackson-annotations/2.9.9/jackson-annotations-2.9.9.jar:/home/user/.m2/repository/org/apache/hadoop/hadoop-hdds-common/0.5.0-SNAPSHOT/hadoop-hdds-common-0.5.0-SNAPSHOT.jar:/home/user/.m2/repository/javax/annotation/javax.annotation-api/1.2/javax.annotation-api-1.2.jar:/home/user/.m2/repository/org/apache/ratis/ratis-server/0.4.0/ratis-server-0.4.0.jar:/home/user/.m2/repository/org/apache/ratis/ratis-thirdparty-misc/0.2.0/ratis-thirdparty-misc-0.2.0.jar:/home/user/.m2/repository/org/apache/ratis/ratis-proto/0.4.0/ratis-proto-0.4.0.jar:/home/user/.m2/repository/org/apache/ratis/ratis-common/0.4.0/ratis-common-0.4.0.jar:/home/user/.m2/repository/org/apache/ratis/ratis-client/0.4.0/ratis-client-0.4.0.jar:/home/user/.m2/repository/org/apache/ratis/ratis-metrics/0.4.0/ratis-metrics-0.4.0.jar:/home/user/.m2/repository/com/github/joshelser/dropwizard-metrics-hadoop-metrics2-reporter/0.1.2/dropwizard-metrics-hadoop-metrics2-reporter-0.1.2.jar:/home/user/.m2/repository/io/dropwizard/metrics/metrics-jvm/3.2.5/metrics-jvm-3.2.5.jar:/home/user/.m2/repository/io/dropwizard/metrics/metrics-ganglia/3.2.5/metrics-ganglia-3.2.5.jar:/home/user/.m2/repository/info/ganglia/gmetric4j/gmetric4j/1.0.7/gmetric4j-1.0.7.jar:/home/user/.m2/repository/org/apache/ratis/ratis-netty/0.4.0/ratis-netty-0.4.0.jar:/home/user/.m2/repository/org/apache/ratis/ratis-grpc/0.4.0/ratis-grpc-0.4.0.jar:/home/user/.m2/repository/org/rocksdb/rocksdbjni/6.0.1/rocksdbjni-6.0.1.jar:/home/user/.m2/repository/org/apache/logging/log4j/log4j-api/2.11.0/log4j-api-2.11.0.jar:/home/user/.m2/repository/org/apache/logging/log4j/log4j-core/2.11.0/log4j-core-2.11.0.jar:/home/user/.m2/repository/com/lmax/disruptor/3.4.2/disruptor-3.4.2.jar:/home/user/.m2/repository/org/apache/commons/commons-pool2/2.6.0/commons-pool2-2.6.0.jar:/home/user/.m2/repository/org/bouncycastle/bcpkix-jdk15on/1.60/bcpkix-jdk15on-1.60.jar:/home/user/.m2/repository/commons-validator/commons-validator/1.6/commons-validator-1.6.jar:/home/user/.m2/repository/commons-digester/commons-digester/1.8.1/commons-digester-1.8.1.jar:/home/user/.m2/repository/io/jaegertracing/jaeger-client/0.34.0/jaeger-client-0.34.0.jar:/home/user/.m2/repository/io/jaegertracing/jaeger-thrift/0.34.0/jaeger-thrift-0.34.0.jar:/home/user/.m2/repository/org/apache/thrift/libthrift/0.12.0/libthrift-0.12.0.jar:/home/user/.m2/repository/com/squareup/okhttp3/okhttp/3.9.0/okhttp-3.9.0.jar:/home/user/.m2/repository/com/squareup/okio/okio/1.13.0/okio-1.13.0.jar:/home/user/.m2/repository/io/jaegertracing/jaeger-core/0.34.0/jaeger-core-0.34.0.jar:/home/user/.m2/repository/io/jaegertracing/jaeger-tracerresolver/0.34.0/jaeger-tracerresolver-0.34.0.jar:/home/user/.m2/repository/io/opentracing/contrib/opentracing-tracerresolver/0.1.5/opentracing-tracerresolver-0.1.5.jar:/home/user/.m2/repository/io/opentracing/opentracing-util/0.31.0/opentracing-util-0.31.0.jar:/home/user/.m2/repository/io/opentracing/opentracing-api/0.31.0/opentracing-api-0.31.0.jar:/home/user/.m2/repository/io/opentracing/opentracing-noop/0.31.0/opentracing-noop-0.31.0.jar:/home/user/.m2/repository/org/apache/hadoop/hadoop-hdds-server-framework/0.5.0-SNAPSHOT/hadoop-hdds-server-framework-0.5.0-SNAPSHOT.jar:/home/user/.m2/repository/org/apache/hadoop/hadoop-hdds-container-service/0.5.0-SNAPSHOT/hadoop-hdds-container-service-0.5.0-SNAPSHOT.jar:/home/user/.m2/repository/org/apache/hadoop/hadoop-hdds-client/0.5.0-SNAPSHOT/hadoop-hdds-client-0.5.0-SNAPSHOT.jar:/home/user/.m2/repository/org/apache/hadoop/hadoop-hdds-tools/0.5.0-SNAPSHOT/hadoop-hdds-tools-0.5.0-SNAPSHOT.jar:/home/user/.m2/repository/org/apache/hadoop/hadoop-hdds-server-scm/0.5.0-SNAPSHOT/hadoop-hdds-server-scm-0.5.0-SNAPSHOT.jar:/home/user/.m2/repository/org/apache/hadoop/hadoop-hdds-docs/0.5.0-SNAPSHOT/hadoop-hdds-docs-0.5.0-SNAPSHOT.jar:/home/user/.m2/repository/io/dropwizard/metrics/metrics-core/3.2.4/metrics-core-3.2.4.jar:/home/user/.m2/repository/org/hamcrest/hamcrest-all/1.3/hamcrest-all-1.3.jar:/home/user/.m2/repository/org/bouncycastle/bcprov-jdk15on/1.60/bcprov-jdk15on-1.60.jar:/home/user/.m2/repository/info/picocli/picocli/3.9.6/picocli-3.9.6.jar:/home/user/.m2/repository/com/google/protobuf/protobuf-java/2.5.0/protobuf-java-2.5.0.jar:/home/user/.m2/repository/com/google/guava/guava/11.0.2/guava-11.0.2.jar:/home/user/.m2/repository/org/apache/hadoop/hadoop-ozone-ozone-manager/0.5.0-SNAPSHOT/hadoop-ozone-ozone-manager-0.5.0-SNAPSHOT.jar:/home/user/.m2/repository/org/apache/hadoop/hadoop-minikdc/3.2.0/hadoop-minikdc-3.2.0.jar:/home/user/.m2/repository/commons-io/commons-io/2.5/commons-io-2.5.jar:/home/user/.m2/repository/org/apache/kerby/kerb-simplekdc/1.0.1/kerb-simplekdc-1.0.1.jar:/home/user/.m2/repository/org/apache/kerby/kerb-client/1.0.1/kerb-client-1.0.1.jar:/home/user/.m2/repository/org/apache/kerby/kerby-config/1.0.1/kerby-config-1.0.1.jar:/home/user/.m2/repository/org/apache/kerby/kerb-core/1.0.1/kerb-core-1.0.1.jar:/home/user/.m2/repository/org/apache/kerby/kerby-pkix/1.0.1/kerby-pkix-1.0.1.jar:/home/user/.m2/repository/org/apache/kerby/kerby-asn1/1.0.1/kerby-asn1-1.0.1.jar:/home/user/.m2/repository/org/apache/kerby/kerby-util/1.0.1/kerby-util-1.0.1.jar:/home/user/.m2/repository/org/apache/kerby/kerb-common/1.0.1/kerb-common-1.0.1.jar:/home/user/.m2/repository/org/apache/kerby/kerb-crypto/1.0.1/kerb-crypto-1.0.1.jar:/home/user/.m2/repository/org/apache/kerby/kerb-util/1.0.1/kerb-util-1.0.1.jar:/home/user/.m2/repository/org/apache/kerby/token-provider/1.0.1/token-provider-1.0.1.jar:/home/user/.m2/repository/org/apache/kerby/kerb-admin/1.0.1/kerb-admin-1.0.1.jar:/home/user/.m2/repository/org/apache/kerby/kerb-server/1.0.1/kerb-server-1.0.1.jar:/home/user/.m2/repository/org/apache/kerby/kerb-identity/1.0.1/kerb-identity-1.0.1.jar:/home/user/.m2/repository/org/apache/kerby/kerby-xdr/1.0.1/kerby-xdr-1.0.1.jar:/home/user/.m2/repository/org/slf4j/slf4j-log4j12/1.7.25/slf4j-log4j12-1.7.25.jar:/home/user/.m2/repository/org/apache/hadoop/hadoop-ozone-s3gateway/0.5.0-SNAPSHOT/hadoop-ozone-s3gateway-0.5.0-SNAPSHOT.jar:/home/user/.m2/repository/org/jboss/weld/servlet/weld-servlet/2.4.7.Final/weld-servlet-2.4.7.Final.jar:/home/user/.m2/repository/org/glassfish/jersey/containers/jersey-container-servlet-core/2.27/jersey-container-servlet-core-2.27.jar:/home/user/.m2/repository/org/glassfish/hk2/external/javax.inject/2.5.0-b42/javax.inject-2.5.0-b42.jar:/home/user/.m2/repository/org/glassfish/jersey/core/jersey-common/2.27/jersey-common-2.27.jar:/home/user/.m2/repository/org/glassfish/hk2/osgi-resource-locator/1.0.1/osgi-resource-locator-1.0.1.jar:/home/user/.m2/repository/javax/ws/rs/javax.ws.rs-api/2.1/javax.ws.rs-api-2.1.jar:/home/user/.m2/repository/org/glassfish/jersey/ext/cdi/jersey-cdi1x/2.27/jersey-cdi1x-2.27.jar:/home/user/.m2/repository/org/glassfish/jersey/inject/jersey-hk2/2.27/jersey-hk2-2.27.jar:/home/user/.m2/repository/org/glassfish/hk2/hk2-locator/2.5.0-b42/hk2-locator-2.5.0-b42.jar:/home/user/.m2/repository/org/javassist/javassist/3.22.0-CR2/javassist-3.22.0-CR2.jar:/home/user/.m2/repository/org/glassfish/hk2/hk2-api/2.5.0/hk2-api-2.5.0.jar:/home/user/.m2/repository/org/glassfish/hk2/external/jakarta.inject/2.5.0/jakarta.inject-2.5.0.jar:/home/user/.m2/repository/org/glassfish/hk2/hk2-utils/2.5.0/hk2-utils-2.5.0.jar:/home/user/.m2/repository/jakarta/annotation/jakarta.annotation-api/1.3.4/jakarta.annotation-api-1.3.4.jar:/home/user/.m2/repository/org/glassfish/hk2/external/aopalliance-repackaged/2.5.0/aopalliance-repackaged-2.5.0.jar:/home/user/.m2/repository/com/fasterxml/jackson/dataformat/jackson-dataformat-xml/2.9.0/jackson-dataformat-xml-2.9.0.jar:/home/user/.m2/repository/com/fasterxml/jackson/core/jackson-core/2.9.9/jackson-core-2.9.9.jar:/home/user/.m2/repository/com/fasterxml/jackson/module/jackson-module-jaxb-annotations/2.9.9/jackson-module-jaxb-annotations-2.9.9.jar:/home/user/.m2/repository/javax/enterprise/cdi-api/1.2/cdi-api-1.2.jar:/home/user/.m2/repository/javax/el/javax.el-api/3.0.0/javax.el-api-3.0.0.jar:/home/user/.m2/repository/javax/interceptor/javax.interceptor-api/1.2/javax.interceptor-api-1.2.jar:/home/user/.m2/repository/javax/inject/javax.inject/1/javax.inject-1.jar:/home/user/.m2/repository/com/sun/xml/bind/jaxb-impl/2.3.0.1/jaxb-impl-2.3.0.1.jar:/home/user/.m2/repository/com/sun/xml/bind/jaxb-core/2.3.0.1/jaxb-core-2.3.0.1.jar:/home/user/.m2/repository/javax/xml/bind/jaxb-api/2.3.0/jaxb-api-2.3.0.jar:/home/user/.m2/repository/javax/activation/activation/1.1.1/activation-1.1.1.jar:/home/user/.m2/repository/org/apache/hadoop/hadoop-ozone-csi/0.5.0-SNAPSHOT/hadoop-ozone-csi-0.5.0-SNAPSHOT.jar:/home/user/.m2/repository/com/google/protobuf/protobuf-java-util/3.5.1/protobuf-java-util-3.5.1.jar:/home/user/.m2/repository/org/apache/hadoop/hadoop-hdds-config/0.5.0-SNAPSHOT/hadoop-hdds-config-0.5.0-SNAPSHOT.jar:/home/user/.m2/repository/io/grpc/grpc-netty/1.17.1/grpc-netty-1.17.1.jar:/home/user/.m2/repository/io/grpc/grpc-core/1.17.1/grpc-core-1.17.1.jar:/home/user/.m2/repository/io/grpc/grpc-context/1.17.1/grpc-context-1.17.1.jar:/home/user/.m2/repository/com/google/errorprone/error_prone_annotations/2.2.0/error_prone_annotations-2.2.0.jar:/home/user/.m2/repository/org/codehaus/mojo/animal-sniffer-annotations/1.17/animal-sniffer-annotations-1.17.jar:/home/user/.m2/repository/io/opencensus/opencensus-api/0.17.0/opencensus-api-0.17.0.jar:/home/user/.m2/repository/io/opencensus/opencensus-contrib-grpc-metrics/0.17.0/opencensus-contrib-grpc-metrics-0.17.0.jar:/home/user/.m2/repository/io/netty/netty-codec-http2/4.1.30.Final/netty-codec-http2-4.1.30.Final.jar:/home/user/.m2/repository/io/netty/netty-codec-http/4.1.30.Final/netty-codec-http-4.1.30.Final.jar:/home/user/.m2/repository/io/netty/netty-codec/4.1.30.Final/netty-codec-4.1.30.Final.jar:/home/user/.m2/repository/io/netty/netty-handler/4.1.30.Final/netty-handler-4.1.30.Final.jar:/home/user/.m2/repository/io/netty/netty-handler-proxy/4.1.30.Final/netty-handler-proxy-4.1.30.Final.jar:/home/user/.m2/repository/io/netty/netty-codec-socks/4.1.30.Final/netty-codec-socks-4.1.30.Final.jar:/home/user/.m2/repository/io/netty/netty-transport-native-epoll/4.1.30.Final/netty-transport-native-epoll-4.1.30.Final.jar:/home/user/.m2/repository/io/netty/netty-common/4.1.30.Final/netty-common-4.1.30.Final.jar:/home/user/.m2/repository/io/netty/netty-buffer/4.1.30.Final/netty-buffer-4.1.30.Final.jar:/home/user/.m2/repository/io/netty/netty-transport/4.1.30.Final/netty-transport-4.1.30.Final.jar:/home/user/.m2/repository/io/netty/netty-resolver/4.1.30.Final/netty-resolver-4.1.30.Final.jar:/home/user/.m2/repository/io/netty/netty-transport-native-unix-common/4.1.30.Final/netty-transport-native-unix-common-4.1.30.Final.jar:/home/user/.m2/repository/io/grpc/grpc-protobuf/1.17.1/grpc-protobuf-1.17.1.jar:/home/user/.m2/repository/com/google/api/grpc/proto-google-common-protos/1.0.0/proto-google-common-protos-1.0.0.jar:/home/user/.m2/repository/io/grpc/grpc-protobuf-lite/1.17.1/grpc-protobuf-lite-1.17.1.jar:/home/user/.m2/repository/io/grpc/grpc-stub/1.17.1/grpc-stub-1.17.1.jar:/home/user/.m2/repository/org/apache/hadoop/hadoop-ozone-recon/0.5.0-SNAPSHOT/hadoop-ozone-recon-0.5.0-SNAPSHOT.jar:/home/user/.m2/repository/org/apache/hadoop/hadoop-ozone-reconcodegen/0.5.0-SNAPSHOT/hadoop-ozone-reconcodegen-0.5.0-SNAPSHOT.jar:/home/user/.m2/repository/com/google/inject/extensions/guice-multibindings/4.0/guice-multibindings-4.0.jar:/home/user/.m2/repository/com/google/inject/guice/4.0/guice-4.0.jar:/home/user/.m2/repository/aopalliance/aopalliance/1.0/aopalliance-1.0.jar:/home/user/.m2/repository/com/google/inject/extensions/guice-servlet/4.0/guice-servlet-4.0.jar:/home/user/.m2/repository/org/glassfish/jersey/containers/jersey-container-servlet/2.27/jersey-container-servlet-2.27.jar:/home/user/.m2/repository/org/glassfish/hk2/guice-bridge/2.5.0/guice-bridge-2.5.0.jar:/home/user/.m2/repository/org/glassfish/jersey/core/jersey-server/2.27/jersey-server-2.27.jar:/home/user/.m2/repository/org/glassfish/jersey/core/jersey-client/2.27/jersey-client-2.27.jar:/home/user/.m2/repository/org/glassfish/jersey/media/jersey-media-jaxb/2.27/jersey-media-jaxb-2.27.jar:/home/user/.m2/repository/javax/validation/validation-api/1.1.0.Final/validation-api-1.1.0.Final.jar:/home/user/.m2/repository/org/glassfish/jersey/media/jersey-media-json-jackson/2.27/jersey-media-json-jackson-2.27.jar:/home/user/.m2/repository/org/glassfish/jersey/ext/jersey-entity-filtering/2.27/jersey-entity-filtering-2.27.jar:/home/user/.m2/repository/com/google/inject/extensions/guice-assistedinject/4.0/guice-assistedinject-4.0.jar:/home/user/.m2/repository/org/jooq/jooq/3.11.10/jooq-3.11.10.jar:/home/user/.m2/repository/org/jooq/jooq-meta/3.11.10/jooq-meta-3.11.10.jar:/home/user/.m2/repository/org/jooq/jooq-codegen/3.11.10/jooq-codegen-3.11.10.jar:/home/user/.m2/repository/com/jolbox/bonecp/0.8.0.RELEASE/bonecp-0.8.0.RELEASE.jar:/home/user/.m2/repository/org/xerial/sqlite-jdbc/3.25.2/sqlite-jdbc-3.25.2.jar:/home/user/.m2/repository/org/springframework/spring-jdbc/5.1.3.RELEASE/spring-jdbc-5.1.3.RELEASE.jar:/home/user/.m2/repository/org/springframework/spring-beans/5.1.3.RELEASE/spring-beans-5.1.3.RELEASE.jar:/home/user/.m2/repository/org/springframework/spring-core/5.1.3.RELEASE/spring-core-5.1.3.RELEASE.jar:/home/user/.m2/repository/org/springframework/spring-jcl/5.1.3.RELEASE/spring-jcl-5.1.3.RELEASE.jar:/home/user/.m2/repository/org/springframework/spring-tx/5.1.3.RELEASE/spring-tx-5.1.3.RELEASE.jar:/home/user/.m2/repository/org/apache/hadoop/hadoop-ozone-client/0.5.0-SNAPSHOT/hadoop-ozone-client-0.5.0-SNAPSHOT.jar:/home/user/.m2/repository/commons-lang/commons-lang/2.6/commons-lang-2.6.jar:/home/user/.m2/repository/org/apache/hadoop/hadoop-ozone-ozone-manager/0.5.0-SNAPSHOT/hadoop-ozone-ozone-manager-0.5.0-SNAPSHOT-tests.jar:/home/user/.m2/repository/junit/junit/4.11/junit-4.11.jar:/home/user/.m2/repository/org/hamcrest/hamcrest-core/1.3/hamcrest-core-1.3.jar:/home/user/.m2/repository/org/openjdk/jmh/jmh-core/1.19/jmh-core-1.19.jar:/home/user/.m2/repository/net/sf/jopt-simple/jopt-simple/4.6/jopt-simple-4.6.jar:/home/user/.m2/repository/org/apache/commons/commons-math3/3.1.1/commons-math3-3.1.1.jar:/home/user/.m2/repository/org/openjdk/jmh/jmh-generator-annprocess/1.19/jmh-generator-annprocess-1.19.jar:/home/user/.m2/repository/org/mockito/mockito-all/1.8.5/mockito-all-1.8.5.jar:/home/user/.m2/repository/org/apache/hadoop/hadoop-kms/3.2.0/hadoop-kms-3.2.0.jar:/home/user/.m2/repository/org/apache/hadoop/hadoop-auth/3.2.0/hadoop-auth-3.2.0.jar:/home/user/.m2/repository/com/nimbusds/nimbus-jose-jwt/4.41.1/nimbus-jose-jwt-4.41.1.jar:/home/user/.m2/repository/com/github/stephenc/jcip/jcip-annotations/1.0-1/jcip-annotations-1.0-1.jar:/home/user/.m2/repository/net/minidev/json-smart/2.3/json-smart-2.3.jar:/home/user/.m2/repository/net/minidev/accessors-smart/1.2/accessors-smart-1.2.jar:/home/user/.m2/repository/org/ow2/asm/asm/5.0.4/asm-5.0.4.jar:/home/user/.m2/repository/org/apache/curator/curator-framework/2.12.0/curator-framework-2.12.0.jar:/home/user/.m2/repository/com/sun/jersey/jersey-core/1.19/jersey-core-1.19.jar:/home/user/.m2/repository/javax/ws/rs/jsr311-api/1.1.1/jsr311-api-1.1.1.jar:/home/user/.m2/repository/com/sun/jersey/jersey-server/1.19/jersey-server-1.19.jar:/home/user/.m2/repository/javax/servlet/javax.servlet-api/3.1.0/javax.servlet-api-3.1.0.jar:/home/user/.m2/repository/org/eclipse/jetty/jetty-server/9.3.25.v20180904/jetty-server-9.3.25.v20180904.jar:/home/user/.m2/repository/org/eclipse/jetty/jetty-http/9.3.25.v20180904/jetty-http-9.3.25.v20180904.jar:/home/user/.m2/repository/org/eclipse/jetty/jetty-io/9.3.25.v20180904/jetty-io-9.3.25.v20180904.jar:/home/user/.m2/repository/org/eclipse/jetty/jetty-webapp/9.3.25.v20180904/jetty-webapp-9.3.25.v20180904.jar:/home/user/.m2/repository/org/eclipse/jetty/jetty-xml/9.3.25.v20180904/jetty-xml-9.3.25.v20180904.jar:/home/user/.m2/repository/log4j/log4j/1.2.17/log4j-1.2.17.jar:/home/user/.m2/repository/org/slf4j/slf4j-api/1.7.25/slf4j-api-1.7.25.jar:/home/user/.m2/repository/org/slf4j/jul-to-slf4j/1.7.25/jul-to-slf4j-1.7.25.jar:/home/user/.m2/repository/org/eclipse/jetty/jetty-util/9.3.25.v20180904/jetty-util-9.3.25.v20180904.jar:/home/user/.m2/repository/com/fasterxml/jackson/core/jackson-databind/2.9.9/jackson-databind-2.9.9.jar:/home/user/.m2/repository/org/apache/hadoop/hadoop-kms/3.2.0/hadoop-kms-3.2.0-tests.jar:/home/user/.m2/repository/org/apache/hadoop/hadoop-hdds-server-scm/0.5.0-SNAPSHOT/hadoop-hdds-server-scm-0.5.0-SNAPSHOT-tests.jar:/home/user/.m2/repository/org/apache/hadoop/hadoop-hdds-container-service/0.5.0-SNAPSHOT/hadoop-hdds-container-service-0.5.0-SNAPSHOT-tests.jar:/home/user/.m2/repository/org/yaml/snakeyaml/1.16/snakeyaml-1.16.jar:/home/user/.m2/repository/org/apache/hadoop/hadoop-common/3.2.0/hadoop-common-3.2.0-tests.jar:/home/user/.m2/repository/org/apache/hadoop/hadoop-annotations/3.2.0/hadoop-annotations-3.2.0.jar:/usr/lib/jvm/java-1.8-openjdk/jre/../lib/tools.jar:/home/user/.m2/repository/commons-cli/commons-cli/1.2/commons-cli-1.2.jar:/home/user/.m2/repository/org/apache/httpcomponents/httpclient/4.5.2/httpclient-4.5.2.jar:/home/user/.m2/repository/org/apache/httpcomponents/httpcore/4.4.4/httpcore-4.4.4.jar:/home/user/.m2/repository/commons-codec/commons-codec/1.11/commons-codec-1.11.jar:/home/user/.m2/repository/commons-net/commons-net/3.6/commons-net-3.6.jar:/home/user/.m2/repository/commons-collections/commons-collections/3.2.2/commons-collections-3.2.2.jar:/home/user/.m2/repository/org/eclipse/jetty/jetty-servlet/9.3.25.v20180904/jetty-servlet-9.3.25.v20180904.jar:/home/user/.m2/repository/org/eclipse/jetty/jetty-security/9.3.25.v20180904/jetty-security-9.3.25.v20180904.jar:/home/user/.m2/repository/javax/servlet/jsp/jsp-api/2.1/jsp-api-2.1.jar:/home/user/.m2/repository/com/sun/jersey/jersey-servlet/1.19/jersey-servlet-1.19.jar:/home/user/.m2/repository/com/sun/jersey/jersey-json/1.19/jersey-json-1.19.jar:/home/user/.m2/repository/org/codehaus/jettison/jettison/1.1/jettison-1.1.jar:/home/user/.m2/repository/org/codehaus/jackson/jackson-core-asl/1.9.13/jackson-core-asl-1.9.13.jar:/home/user/.m2/repository/org/codehaus/jackson/jackson-mapper-asl/1.9.13/jackson-mapper-asl-1.9.13.jar:/home/user/.m2/repository/org/codehaus/jackson/jackson-jaxrs/1.9.13/jackson-jaxrs-1.9.13.jar:/home/user/.m2/repository/org/codehaus/jackson/jackson-xc/1.9.13/jackson-xc-1.9.13.jar:/home/user/.m2/repository/commons-logging/commons-logging/1.1.3/commons-logging-1.1.3.jar:/home/user/.m2/repository/commons-beanutils/commons-beanutils/1.9.4/commons-beanutils-1.9.4.jar:/home/user/.m2/repository/org/apache/commons/commons-configuration2/2.1.1/commons-configuration2-2.1.1.jar:/home/user/.m2/repository/org/apache/commons/commons-lang3/3.7/commons-lang3-3.7.jar:/home/user/.m2/repository/org/apache/commons/commons-text/1.4/commons-text-1.4.jar:/home/user/.m2/repository/org/apache/avro/avro/1.7.7/avro-1.7.7.jar:/home/user/.m2/repository/com/thoughtworks/paranamer/paranamer/2.3/paranamer-2.3.jar:/home/user/.m2/repository/org/xerial/snappy/snappy-java/1.0.5/snappy-java-1.0.5.jar:/home/user/.m2/repository/com/google/re2j/re2j/1.1/re2j-1.1.jar:/home/user/.m2/repository/com/google/code/gson/gson/2.2.4/gson-2.2.4.jar:/home/user/.m2/repository/com/jcraft/jsch/0.1.54/jsch-0.1.54.jar:/home/user/.m2/repository/org/apache/curator/curator-client/2.12.0/curator-client-2.12.0.jar:/home/user/.m2/repository/org/apache/curator/curator-recipes/2.12.0/curator-recipes-2.12.0.jar:/home/user/.m2/repository/com/google/code/findbugs/jsr305/3.0.0/jsr305-3.0.0.jar:/home/user/.m2/repository/org/apache/htrace/htrace-core4/4.1.0-incubating/htrace-core4-4.1.0-incubating.jar:/home/user/.m2/repository/org/apache/zookeeper/zookeeper/3.4.13/zookeeper-3.4.13.jar:/home/user/.m2/repository/jline/jline/0.9.94/jline-0.9.94.jar:/home/user/.m2/repository/org/apache/yetus/audience-annotations/0.5.0/audience-annotations-0.5.0.jar:/home/user/.m2/repository/org/codehaus/woodstox/stax2-api/3.1.4/stax2-api-3.1.4.jar:/home/user/.m2/repository/com/fasterxml/woodstox/woodstox-core/5.0.3/woodstox-core-5.0.3.jar:/home/user/.m2/repository/dnsjava/dnsjava/2.1.7/dnsjava-2.1.7.jar:/home/user/.m2/repository/org/apache/hadoop/hadoop-hdfs/3.2.0/hadoop-hdfs-3.2.0-tests.jar:/home/user/.m2/repository/org/eclipse/jetty/jetty-util-ajax/9.3.25.v20180904/jetty-util-ajax-9.3.25.v20180904.jar:/home/user/.m2/repository/commons-daemon/commons-daemon/1.0.13/commons-daemon-1.0.13.jar:/home/user/.m2/repository/io/netty/netty/3.10.5.Final/netty-3.10.5.Final.jar:/home/user/.m2/repository/io/netty/netty-all/4.0.52.Final/netty-all-4.0.52.Final.jar:/home/user/.m2/repository/org/fusesource/leveldbjni/leveldbjni-all/1.8/leveldbjni-all-1.8.jar:"/>
    <property name="java.vm.vendor" value="IcedTea"/>
    <property name="sun.arch.data.model" value="64"/>
    <property name="test.build.dir" value="/workdir/hadoop-ozone/integration-test/target/test-dir"/>
    <property name="test.cache.data" value=""/>
    <property name="java.vendor.url" value="https://icedtea.classpath.org"/>
    <property name="user.timezone" value=""/>
    <property name="java.vm.specification.version" value="1.8"/>
    <property name="os.name" value="Linux"/>
    <property name="test.build.data" value="/workdir/hadoop-ozone/integration-test/target/test-dir"/>
    <property name="user.country" value="US"/>
    <property name="sun.java.launcher" value="SUN_STANDARD"/>
    <property name="sun.boot.library.path" value="/usr/lib/jvm/java-1.8-openjdk/jre/lib/amd64"/>
    <property name="sun.java.command" value="/workdir/hadoop-ozone/integration-test/target/surefire/surefirebooter7572669294537320444.jar /workdir/hadoop-ozone/integration-test/target/surefire 2019-09-27T08-07-59_298-jvmRun1 surefire6053212274072073455tmp surefire_6814308832523894928tmp"/>
    <property name="test" value="!TestMiniChaosOzoneCluster"/>
    <property name="surefire.test.class.path" value="/workdir/hadoop-ozone/integration-test/target/test-classes:/workdir/hadoop-ozone/integration-test/target/classes:/home/user/.m2/repository/org/apache/hadoop/hadoop-ozone-common/0.5.0-SNAPSHOT/hadoop-ozone-common-0.5.0-SNAPSHOT.jar:/home/user/.m2/repository/org/apache/commons/commons-compress/1.4.1/commons-compress-1.4.1.jar:/home/user/.m2/repository/org/tukaani/xz/1.0/xz-1.0.jar:/home/user/.m2/repository/org/apache/hadoop/hadoop-common/3.2.0/hadoop-common-3.2.0.jar:/home/user/.m2/repository/org/apache/hadoop/hadoop-hdfs/3.2.0/hadoop-hdfs-3.2.0.jar:/home/user/.m2/repository/org/apache/hadoop/hadoop-hdfs-client/3.2.0/hadoop-hdfs-client-3.2.0.jar:/home/user/.m2/repository/com/fasterxml/jackson/core/jackson-annotations/2.9.9/jackson-annotations-2.9.9.jar:/home/user/.m2/repository/org/apache/hadoop/hadoop-hdds-common/0.5.0-SNAPSHOT/hadoop-hdds-common-0.5.0-SNAPSHOT.jar:/home/user/.m2/repository/javax/annotation/javax.annotation-api/1.2/javax.annotation-api-1.2.jar:/home/user/.m2/repository/org/apache/ratis/ratis-server/0.4.0/ratis-server-0.4.0.jar:/home/user/.m2/repository/org/apache/ratis/ratis-thirdparty-misc/0.2.0/ratis-thirdparty-misc-0.2.0.jar:/home/user/.m2/repository/org/apache/ratis/ratis-proto/0.4.0/ratis-proto-0.4.0.jar:/home/user/.m2/repository/org/apache/ratis/ratis-common/0.4.0/ratis-common-0.4.0.jar:/home/user/.m2/repository/org/apache/ratis/ratis-client/0.4.0/ratis-client-0.4.0.jar:/home/user/.m2/repository/org/apache/ratis/ratis-metrics/0.4.0/ratis-metrics-0.4.0.jar:/home/user/.m2/repository/com/github/joshelser/dropwizard-metrics-hadoop-metrics2-reporter/0.1.2/dropwizard-metrics-hadoop-metrics2-reporter-0.1.2.jar:/home/user/.m2/repository/io/dropwizard/metrics/metrics-jvm/3.2.5/metrics-jvm-3.2.5.jar:/home/user/.m2/repository/io/dropwizard/metrics/metrics-ganglia/3.2.5/metrics-ganglia-3.2.5.jar:/home/user/.m2/repository/info/ganglia/gmetric4j/gmetric4j/1.0.7/gmetric4j-1.0.7.jar:/home/user/.m2/repository/org/apache/ratis/ratis-netty/0.4.0/ratis-netty-0.4.0.jar:/home/user/.m2/repository/org/apache/ratis/ratis-grpc/0.4.0/ratis-grpc-0.4.0.jar:/home/user/.m2/repository/org/rocksdb/rocksdbjni/6.0.1/rocksdbjni-6.0.1.jar:/home/user/.m2/repository/org/apache/logging/log4j/log4j-api/2.11.0/log4j-api-2.11.0.jar:/home/user/.m2/repository/org/apache/logging/log4j/log4j-core/2.11.0/log4j-core-2.11.0.jar:/home/user/.m2/repository/com/lmax/disruptor/3.4.2/disruptor-3.4.2.jar:/home/user/.m2/repository/org/apache/commons/commons-pool2/2.6.0/commons-pool2-2.6.0.jar:/home/user/.m2/repository/org/bouncycastle/bcpkix-jdk15on/1.60/bcpkix-jdk15on-1.60.jar:/home/user/.m2/repository/commons-validator/commons-validator/1.6/commons-validator-1.6.jar:/home/user/.m2/repository/commons-digester/commons-digester/1.8.1/commons-digester-1.8.1.jar:/home/user/.m2/repository/io/jaegertracing/jaeger-client/0.34.0/jaeger-client-0.34.0.jar:/home/user/.m2/repository/io/jaegertracing/jaeger-thrift/0.34.0/jaeger-thrift-0.34.0.jar:/home/user/.m2/repository/org/apache/thrift/libthrift/0.12.0/libthrift-0.12.0.jar:/home/user/.m2/repository/com/squareup/okhttp3/okhttp/3.9.0/okhttp-3.9.0.jar:/home/user/.m2/repository/com/squareup/okio/okio/1.13.0/okio-1.13.0.jar:/home/user/.m2/repository/io/jaegertracing/jaeger-core/0.34.0/jaeger-core-0.34.0.jar:/home/user/.m2/repository/io/jaegertracing/jaeger-tracerresolver/0.34.0/jaeger-tracerresolver-0.34.0.jar:/home/user/.m2/repository/io/opentracing/contrib/opentracing-tracerresolver/0.1.5/opentracing-tracerresolver-0.1.5.jar:/home/user/.m2/repository/io/opentracing/opentracing-util/0.31.0/opentracing-util-0.31.0.jar:/home/user/.m2/repository/io/opentracing/opentracing-api/0.31.0/opentracing-api-0.31.0.jar:/home/user/.m2/repository/io/opentracing/opentracing-noop/0.31.0/opentracing-noop-0.31.0.jar:/home/user/.m2/repository/org/apache/hadoop/hadoop-hdds-server-framework/0.5.0-SNAPSHOT/hadoop-hdds-server-framework-0.5.0-SNAPSHOT.jar:/home/user/.m2/repository/org/apache/hadoop/hadoop-hdds-container-service/0.5.0-SNAPSHOT/hadoop-hdds-container-service-0.5.0-SNAPSHOT.jar:/home/user/.m2/repository/org/apache/hadoop/hadoop-hdds-client/0.5.0-SNAPSHOT/hadoop-hdds-client-0.5.0-SNAPSHOT.jar:/home/user/.m2/repository/org/apache/hadoop/hadoop-hdds-tools/0.5.0-SNAPSHOT/hadoop-hdds-tools-0.5.0-SNAPSHOT.jar:/home/user/.m2/repository/org/apache/hadoop/hadoop-hdds-server-scm/0.5.0-SNAPSHOT/hadoop-hdds-server-scm-0.5.0-SNAPSHOT.jar:/home/user/.m2/repository/org/apache/hadoop/hadoop-hdds-docs/0.5.0-SNAPSHOT/hadoop-hdds-docs-0.5.0-SNAPSHOT.jar:/home/user/.m2/repository/io/dropwizard/metrics/metrics-core/3.2.4/metrics-core-3.2.4.jar:/home/user/.m2/repository/org/hamcrest/hamcrest-all/1.3/hamcrest-all-1.3.jar:/home/user/.m2/repository/org/bouncycastle/bcprov-jdk15on/1.60/bcprov-jdk15on-1.60.jar:/home/user/.m2/repository/info/picocli/picocli/3.9.6/picocli-3.9.6.jar:/home/user/.m2/repository/com/google/protobuf/protobuf-java/2.5.0/protobuf-java-2.5.0.jar:/home/user/.m2/repository/com/google/guava/guava/11.0.2/guava-11.0.2.jar:/home/user/.m2/repository/org/apache/hadoop/hadoop-ozone-ozone-manager/0.5.0-SNAPSHOT/hadoop-ozone-ozone-manager-0.5.0-SNAPSHOT.jar:/home/user/.m2/repository/org/apache/hadoop/hadoop-minikdc/3.2.0/hadoop-minikdc-3.2.0.jar:/home/user/.m2/repository/commons-io/commons-io/2.5/commons-io-2.5.jar:/home/user/.m2/repository/org/apache/kerby/kerb-simplekdc/1.0.1/kerb-simplekdc-1.0.1.jar:/home/user/.m2/repository/org/apache/kerby/kerb-client/1.0.1/kerb-client-1.0.1.jar:/home/user/.m2/repository/org/apache/kerby/kerby-config/1.0.1/kerby-config-1.0.1.jar:/home/user/.m2/repository/org/apache/kerby/kerb-core/1.0.1/kerb-core-1.0.1.jar:/home/user/.m2/repository/org/apache/kerby/kerby-pkix/1.0.1/kerby-pkix-1.0.1.jar:/home/user/.m2/repository/org/apache/kerby/kerby-asn1/1.0.1/kerby-asn1-1.0.1.jar:/home/user/.m2/repository/org/apache/kerby/kerby-util/1.0.1/kerby-util-1.0.1.jar:/home/user/.m2/repository/org/apache/kerby/kerb-common/1.0.1/kerb-common-1.0.1.jar:/home/user/.m2/repository/org/apache/kerby/kerb-crypto/1.0.1/kerb-crypto-1.0.1.jar:/home/user/.m2/repository/org/apache/kerby/kerb-util/1.0.1/kerb-util-1.0.1.jar:/home/user/.m2/repository/org/apache/kerby/token-provider/1.0.1/token-provider-1.0.1.jar:/home/user/.m2/repository/org/apache/kerby/kerb-admin/1.0.1/kerb-admin-1.0.1.jar:/home/user/.m2/repository/org/apache/kerby/kerb-server/1.0.1/kerb-server-1.0.1.jar:/home/user/.m2/repository/org/apache/kerby/kerb-identity/1.0.1/kerb-identity-1.0.1.jar:/home/user/.m2/repository/org/apache/kerby/kerby-xdr/1.0.1/kerby-xdr-1.0.1.jar:/home/user/.m2/repository/org/slf4j/slf4j-log4j12/1.7.25/slf4j-log4j12-1.7.25.jar:/home/user/.m2/repository/org/apache/hadoop/hadoop-ozone-s3gateway/0.5.0-SNAPSHOT/hadoop-ozone-s3gateway-0.5.0-SNAPSHOT.jar:/home/user/.m2/repository/org/jboss/weld/servlet/weld-servlet/2.4.7.Final/weld-servlet-2.4.7.Final.jar:/home/user/.m2/repository/org/glassfish/jersey/containers/jersey-container-servlet-core/2.27/jersey-container-servlet-core-2.27.jar:/home/user/.m2/repository/org/glassfish/hk2/external/javax.inject/2.5.0-b42/javax.inject-2.5.0-b42.jar:/home/user/.m2/repository/org/glassfish/jersey/core/jersey-common/2.27/jersey-common-2.27.jar:/home/user/.m2/repository/org/glassfish/hk2/osgi-resource-locator/1.0.1/osgi-resource-locator-1.0.1.jar:/home/user/.m2/repository/javax/ws/rs/javax.ws.rs-api/2.1/javax.ws.rs-api-2.1.jar:/home/user/.m2/repository/org/glassfish/jersey/ext/cdi/jersey-cdi1x/2.27/jersey-cdi1x-2.27.jar:/home/user/.m2/repository/org/glassfish/jersey/inject/jersey-hk2/2.27/jersey-hk2-2.27.jar:/home/user/.m2/repository/org/glassfish/hk2/hk2-locator/2.5.0-b42/hk2-locator-2.5.0-b42.jar:/home/user/.m2/repository/org/javassist/javassist/3.22.0-CR2/javassist-3.22.0-CR2.jar:/home/user/.m2/repository/org/glassfish/hk2/hk2-api/2.5.0/hk2-api-2.5.0.jar:/home/user/.m2/repository/org/glassfish/hk2/external/jakarta.inject/2.5.0/jakarta.inject-2.5.0.jar:/home/user/.m2/repository/org/glassfish/hk2/hk2-utils/2.5.0/hk2-utils-2.5.0.jar:/home/user/.m2/repository/jakarta/annotation/jakarta.annotation-api/1.3.4/jakarta.annotation-api-1.3.4.jar:/home/user/.m2/repository/org/glassfish/hk2/external/aopalliance-repackaged/2.5.0/aopalliance-repackaged-2.5.0.jar:/home/user/.m2/repository/com/fasterxml/jackson/dataformat/jackson-dataformat-xml/2.9.0/jackson-dataformat-xml-2.9.0.jar:/home/user/.m2/repository/com/fasterxml/jackson/core/jackson-core/2.9.9/jackson-core-2.9.9.jar:/home/user/.m2/repository/com/fasterxml/jackson/module/jackson-module-jaxb-annotations/2.9.9/jackson-module-jaxb-annotations-2.9.9.jar:/home/user/.m2/repository/javax/enterprise/cdi-api/1.2/cdi-api-1.2.jar:/home/user/.m2/repository/javax/el/javax.el-api/3.0.0/javax.el-api-3.0.0.jar:/home/user/.m2/repository/javax/interceptor/javax.interceptor-api/1.2/javax.interceptor-api-1.2.jar:/home/user/.m2/repository/javax/inject/javax.inject/1/javax.inject-1.jar:/home/user/.m2/repository/com/sun/xml/bind/jaxb-impl/2.3.0.1/jaxb-impl-2.3.0.1.jar:/home/user/.m2/repository/com/sun/xml/bind/jaxb-core/2.3.0.1/jaxb-core-2.3.0.1.jar:/home/user/.m2/repository/javax/xml/bind/jaxb-api/2.3.0/jaxb-api-2.3.0.jar:/home/user/.m2/repository/javax/activation/activation/1.1.1/activation-1.1.1.jar:/home/user/.m2/repository/org/apache/hadoop/hadoop-ozone-csi/0.5.0-SNAPSHOT/hadoop-ozone-csi-0.5.0-SNAPSHOT.jar:/home/user/.m2/repository/com/google/protobuf/protobuf-java-util/3.5.1/protobuf-java-util-3.5.1.jar:/home/user/.m2/repository/org/apache/hadoop/hadoop-hdds-config/0.5.0-SNAPSHOT/hadoop-hdds-config-0.5.0-SNAPSHOT.jar:/home/user/.m2/repository/io/grpc/grpc-netty/1.17.1/grpc-netty-1.17.1.jar:/home/user/.m2/repository/io/grpc/grpc-core/1.17.1/grpc-core-1.17.1.jar:/home/user/.m2/repository/io/grpc/grpc-context/1.17.1/grpc-context-1.17.1.jar:/home/user/.m2/repository/com/google/errorprone/error_prone_annotations/2.2.0/error_prone_annotations-2.2.0.jar:/home/user/.m2/repository/org/codehaus/mojo/animal-sniffer-annotations/1.17/animal-sniffer-annotations-1.17.jar:/home/user/.m2/repository/io/opencensus/opencensus-api/0.17.0/opencensus-api-0.17.0.jar:/home/user/.m2/repository/io/opencensus/opencensus-contrib-grpc-metrics/0.17.0/opencensus-contrib-grpc-metrics-0.17.0.jar:/home/user/.m2/repository/io/netty/netty-codec-http2/4.1.30.Final/netty-codec-http2-4.1.30.Final.jar:/home/user/.m2/repository/io/netty/netty-codec-http/4.1.30.Final/netty-codec-http-4.1.30.Final.jar:/home/user/.m2/repository/io/netty/netty-codec/4.1.30.Final/netty-codec-4.1.30.Final.jar:/home/user/.m2/repository/io/netty/netty-handler/4.1.30.Final/netty-handler-4.1.30.Final.jar:/home/user/.m2/repository/io/netty/netty-handler-proxy/4.1.30.Final/netty-handler-proxy-4.1.30.Final.jar:/home/user/.m2/repository/io/netty/netty-codec-socks/4.1.30.Final/netty-codec-socks-4.1.30.Final.jar:/home/user/.m2/repository/io/netty/netty-transport-native-epoll/4.1.30.Final/netty-transport-native-epoll-4.1.30.Final.jar:/home/user/.m2/repository/io/netty/netty-common/4.1.30.Final/netty-common-4.1.30.Final.jar:/home/user/.m2/repository/io/netty/netty-buffer/4.1.30.Final/netty-buffer-4.1.30.Final.jar:/home/user/.m2/repository/io/netty/netty-transport/4.1.30.Final/netty-transport-4.1.30.Final.jar:/home/user/.m2/repository/io/netty/netty-resolver/4.1.30.Final/netty-resolver-4.1.30.Final.jar:/home/user/.m2/repository/io/netty/netty-transport-native-unix-common/4.1.30.Final/netty-transport-native-unix-common-4.1.30.Final.jar:/home/user/.m2/repository/io/grpc/grpc-protobuf/1.17.1/grpc-protobuf-1.17.1.jar:/home/user/.m2/repository/com/google/api/grpc/proto-google-common-protos/1.0.0/proto-google-common-protos-1.0.0.jar:/home/user/.m2/repository/io/grpc/grpc-protobuf-lite/1.17.1/grpc-protobuf-lite-1.17.1.jar:/home/user/.m2/repository/io/grpc/grpc-stub/1.17.1/grpc-stub-1.17.1.jar:/home/user/.m2/repository/org/apache/hadoop/hadoop-ozone-recon/0.5.0-SNAPSHOT/hadoop-ozone-recon-0.5.0-SNAPSHOT.jar:/home/user/.m2/repository/org/apache/hadoop/hadoop-ozone-reconcodegen/0.5.0-SNAPSHOT/hadoop-ozone-reconcodegen-0.5.0-SNAPSHOT.jar:/home/user/.m2/repository/com/google/inject/extensions/guice-multibindings/4.0/guice-multibindings-4.0.jar:/home/user/.m2/repository/com/google/inject/guice/4.0/guice-4.0.jar:/home/user/.m2/repository/aopalliance/aopalliance/1.0/aopalliance-1.0.jar:/home/user/.m2/repository/com/google/inject/extensions/guice-servlet/4.0/guice-servlet-4.0.jar:/home/user/.m2/repository/org/glassfish/jersey/containers/jersey-container-servlet/2.27/jersey-container-servlet-2.27.jar:/home/user/.m2/repository/org/glassfish/hk2/guice-bridge/2.5.0/guice-bridge-2.5.0.jar:/home/user/.m2/repository/org/glassfish/jersey/core/jersey-server/2.27/jersey-server-2.27.jar:/home/user/.m2/repository/org/glassfish/jersey/core/jersey-client/2.27/jersey-client-2.27.jar:/home/user/.m2/repository/org/glassfish/jersey/media/jersey-media-jaxb/2.27/jersey-media-jaxb-2.27.jar:/home/user/.m2/repository/javax/validation/validation-api/1.1.0.Final/validation-api-1.1.0.Final.jar:/home/user/.m2/repository/org/glassfish/jersey/media/jersey-media-json-jackson/2.27/jersey-media-json-jackson-2.27.jar:/home/user/.m2/repository/org/glassfish/jersey/ext/jersey-entity-filtering/2.27/jersey-entity-filtering-2.27.jar:/home/user/.m2/repository/com/google/inject/extensions/guice-assistedinject/4.0/guice-assistedinject-4.0.jar:/home/user/.m2/repository/org/jooq/jooq/3.11.10/jooq-3.11.10.jar:/home/user/.m2/repository/org/jooq/jooq-meta/3.11.10/jooq-meta-3.11.10.jar:/home/user/.m2/repository/org/jooq/jooq-codegen/3.11.10/jooq-codegen-3.11.10.jar:/home/user/.m2/repository/com/jolbox/bonecp/0.8.0.RELEASE/bonecp-0.8.0.RELEASE.jar:/home/user/.m2/repository/org/xerial/sqlite-jdbc/3.25.2/sqlite-jdbc-3.25.2.jar:/home/user/.m2/repository/org/springframework/spring-jdbc/5.1.3.RELEASE/spring-jdbc-5.1.3.RELEASE.jar:/home/user/.m2/repository/org/springframework/spring-beans/5.1.3.RELEASE/spring-beans-5.1.3.RELEASE.jar:/home/user/.m2/repository/org/springframework/spring-core/5.1.3.RELEASE/spring-core-5.1.3.RELEASE.jar:/home/user/.m2/repository/org/springframework/spring-jcl/5.1.3.RELEASE/spring-jcl-5.1.3.RELEASE.jar:/home/user/.m2/repository/org/springframework/spring-tx/5.1.3.RELEASE/spring-tx-5.1.3.RELEASE.jar:/home/user/.m2/repository/org/apache/hadoop/hadoop-ozone-client/0.5.0-SNAPSHOT/hadoop-ozone-client-0.5.0-SNAPSHOT.jar:/home/user/.m2/repository/commons-lang/commons-lang/2.6/commons-lang-2.6.jar:/home/user/.m2/repository/org/apache/hadoop/hadoop-ozone-ozone-manager/0.5.0-SNAPSHOT/hadoop-ozone-ozone-manager-0.5.0-SNAPSHOT-tests.jar:/home/user/.m2/repository/junit/junit/4.11/junit-4.11.jar:/home/user/.m2/repository/org/hamcrest/hamcrest-core/1.3/hamcrest-core-1.3.jar:/home/user/.m2/repository/org/openjdk/jmh/jmh-core/1.19/jmh-core-1.19.jar:/home/user/.m2/repository/net/sf/jopt-simple/jopt-simple/4.6/jopt-simple-4.6.jar:/home/user/.m2/repository/org/apache/commons/commons-math3/3.1.1/commons-math3-3.1.1.jar:/home/user/.m2/repository/org/openjdk/jmh/jmh-generator-annprocess/1.19/jmh-generator-annprocess-1.19.jar:/home/user/.m2/repository/org/mockito/mockito-all/1.8.5/mockito-all-1.8.5.jar:/home/user/.m2/repository/org/apache/hadoop/hadoop-kms/3.2.0/hadoop-kms-3.2.0.jar:/home/user/.m2/repository/org/apache/hadoop/hadoop-auth/3.2.0/hadoop-auth-3.2.0.jar:/home/user/.m2/repository/com/nimbusds/nimbus-jose-jwt/4.41.1/nimbus-jose-jwt-4.41.1.jar:/home/user/.m2/repository/com/github/stephenc/jcip/jcip-annotations/1.0-1/jcip-annotations-1.0-1.jar:/home/user/.m2/repository/net/minidev/json-smart/2.3/json-smart-2.3.jar:/home/user/.m2/repository/net/minidev/accessors-smart/1.2/accessors-smart-1.2.jar:/home/user/.m2/repository/org/ow2/asm/asm/5.0.4/asm-5.0.4.jar:/home/user/.m2/repository/org/apache/curator/curator-framework/2.12.0/curator-framework-2.12.0.jar:/home/user/.m2/repository/com/sun/jersey/jersey-core/1.19/jersey-core-1.19.jar:/home/user/.m2/repository/javax/ws/rs/jsr311-api/1.1.1/jsr311-api-1.1.1.jar:/home/user/.m2/repository/com/sun/jersey/jersey-server/1.19/jersey-server-1.19.jar:/home/user/.m2/repository/javax/servlet/javax.servlet-api/3.1.0/javax.servlet-api-3.1.0.jar:/home/user/.m2/repository/org/eclipse/jetty/jetty-server/9.3.25.v20180904/jetty-server-9.3.25.v20180904.jar:/home/user/.m2/repository/org/eclipse/jetty/jetty-http/9.3.25.v20180904/jetty-http-9.3.25.v20180904.jar:/home/user/.m2/repository/org/eclipse/jetty/jetty-io/9.3.25.v20180904/jetty-io-9.3.25.v20180904.jar:/home/user/.m2/repository/org/eclipse/jetty/jetty-webapp/9.3.25.v20180904/jetty-webapp-9.3.25.v20180904.jar:/home/user/.m2/repository/org/eclipse/jetty/jetty-xml/9.3.25.v20180904/jetty-xml-9.3.25.v20180904.jar:/home/user/.m2/repository/log4j/log4j/1.2.17/log4j-1.2.17.jar:/home/user/.m2/repository/org/slf4j/slf4j-api/1.7.25/slf4j-api-1.7.25.jar:/home/user/.m2/repository/org/slf4j/jul-to-slf4j/1.7.25/jul-to-slf4j-1.7.25.jar:/home/user/.m2/repository/org/eclipse/jetty/jetty-util/9.3.25.v20180904/jetty-util-9.3.25.v20180904.jar:/home/user/.m2/repository/com/fasterxml/jackson/core/jackson-databind/2.9.9/jackson-databind-2.9.9.jar:/home/user/.m2/repository/org/apache/hadoop/hadoop-kms/3.2.0/hadoop-kms-3.2.0-tests.jar:/home/user/.m2/repository/org/apache/hadoop/hadoop-hdds-server-scm/0.5.0-SNAPSHOT/hadoop-hdds-server-scm-0.5.0-SNAPSHOT-tests.jar:/home/user/.m2/repository/org/apache/hadoop/hadoop-hdds-container-service/0.5.0-SNAPSHOT/hadoop-hdds-container-service-0.5.0-SNAPSHOT-tests.jar:/home/user/.m2/repository/org/yaml/snakeyaml/1.16/snakeyaml-1.16.jar:/home/user/.m2/repository/org/apache/hadoop/hadoop-common/3.2.0/hadoop-common-3.2.0-tests.jar:/home/user/.m2/repository/org/apache/hadoop/hadoop-annotations/3.2.0/hadoop-annotations-3.2.0.jar:/usr/lib/jvm/java-1.8-openjdk/jre/../lib/tools.jar:/home/user/.m2/repository/commons-cli/commons-cli/1.2/commons-cli-1.2.jar:/home/user/.m2/repository/org/apache/httpcomponents/httpclient/4.5.2/httpclient-4.5.2.jar:/home/user/.m2/repository/org/apache/httpcomponents/httpcore/4.4.4/httpcore-4.4.4.jar:/home/user/.m2/repository/commons-codec/commons-codec/1.11/commons-codec-1.11.jar:/home/user/.m2/repository/commons-net/commons-net/3.6/commons-net-3.6.jar:/home/user/.m2/repository/commons-collections/commons-collections/3.2.2/commons-collections-3.2.2.jar:/home/user/.m2/repository/org/eclipse/jetty/jetty-servlet/9.3.25.v20180904/jetty-servlet-9.3.25.v20180904.jar:/home/user/.m2/repository/org/eclipse/jetty/jetty-security/9.3.25.v20180904/jetty-security-9.3.25.v20180904.jar:/home/user/.m2/repository/javax/servlet/jsp/jsp-api/2.1/jsp-api-2.1.jar:/home/user/.m2/repository/com/sun/jersey/jersey-servlet/1.19/jersey-servlet-1.19.jar:/home/user/.m2/repository/com/sun/jersey/jersey-json/1.19/jersey-json-1.19.jar:/home/user/.m2/repository/org/codehaus/jettison/jettison/1.1/jettison-1.1.jar:/home/user/.m2/repository/org/codehaus/jackson/jackson-core-asl/1.9.13/jackson-core-asl-1.9.13.jar:/home/user/.m2/repository/org/codehaus/jackson/jackson-mapper-asl/1.9.13/jackson-mapper-asl-1.9.13.jar:/home/user/.m2/repository/org/codehaus/jackson/jackson-jaxrs/1.9.13/jackson-jaxrs-1.9.13.jar:/home/user/.m2/repository/org/codehaus/jackson/jackson-xc/1.9.13/jackson-xc-1.9.13.jar:/home/user/.m2/repository/commons-logging/commons-logging/1.1.3/commons-logging-1.1.3.jar:/home/user/.m2/repository/commons-beanutils/commons-beanutils/1.9.4/commons-beanutils-1.9.4.jar:/home/user/.m2/repository/org/apache/commons/commons-configuration2/2.1.1/commons-configuration2-2.1.1.jar:/home/user/.m2/repository/org/apache/commons/commons-lang3/3.7/commons-lang3-3.7.jar:/home/user/.m2/repository/org/apache/commons/commons-text/1.4/commons-text-1.4.jar:/home/user/.m2/repository/org/apache/avro/avro/1.7.7/avro-1.7.7.jar:/home/user/.m2/repository/com/thoughtworks/paranamer/paranamer/2.3/paranamer-2.3.jar:/home/user/.m2/repository/org/xerial/snappy/snappy-java/1.0.5/snappy-java-1.0.5.jar:/home/user/.m2/repository/com/google/re2j/re2j/1.1/re2j-1.1.jar:/home/user/.m2/repository/com/google/code/gson/gson/2.2.4/gson-2.2.4.jar:/home/user/.m2/repository/com/jcraft/jsch/0.1.54/jsch-0.1.54.jar:/home/user/.m2/repository/org/apache/curator/curator-client/2.12.0/curator-client-2.12.0.jar:/home/user/.m2/repository/org/apache/curator/curator-recipes/2.12.0/curator-recipes-2.12.0.jar:/home/user/.m2/repository/com/google/code/findbugs/jsr305/3.0.0/jsr305-3.0.0.jar:/home/user/.m2/repository/org/apache/htrace/htrace-core4/4.1.0-incubating/htrace-core4-4.1.0-incubating.jar:/home/user/.m2/repository/org/apache/zookeeper/zookeeper/3.4.13/zookeeper-3.4.13.jar:/home/user/.m2/repository/jline/jline/0.9.94/jline-0.9.94.jar:/home/user/.m2/repository/org/apache/yetus/audience-annotations/0.5.0/audience-annotations-0.5.0.jar:/home/user/.m2/repository/org/codehaus/woodstox/stax2-api/3.1.4/stax2-api-3.1.4.jar:/home/user/.m2/repository/com/fasterxml/woodstox/woodstox-core/5.0.3/woodstox-core-5.0.3.jar:/home/user/.m2/repository/dnsjava/dnsjava/2.1.7/dnsjava-2.1.7.jar:/home/user/.m2/repository/org/apache/hadoop/hadoop-hdfs/3.2.0/hadoop-hdfs-3.2.0-tests.jar:/home/user/.m2/repository/org/eclipse/jetty/jetty-util-ajax/9.3.25.v20180904/jetty-util-ajax-9.3.25.v20180904.jar:/home/user/.m2/repository/commons-daemon/commons-daemon/1.0.13/commons-daemon-1.0.13.jar:/home/user/.m2/repository/io/netty/netty/3.10.5.Final/netty-3.10.5.Final.jar:/home/user/.m2/repository/io/netty/netty-all/4.0.52.Final/netty-all-4.0.52.Final.jar:/home/user/.m2/repository/org/fusesource/leveldbjni/leveldbjni-all/1.8/leveldbjni-all-1.8.jar:"/>
    <property name="sun.cpu.endian" value="little"/>
    <property name="user.home" value="/home/user"/>
    <property name="user.language" value="en"/>
    <property name="java.specification.vendor" value="Oracle Corporation"/>
    <property name="java.home" value="/usr/lib/jvm/java-1.8-openjdk/jre"/>
    <property name="java.security.krb5.conf" value="/workdir/hadoop-ozone/integration-test/target/test-classes/krb5.conf"/>
    <property name="basedir" value="/workdir/hadoop-ozone/integration-test"/>
    <property name="file.separator" value="/"/>
    <property name="line.separator" value="&#10;"/>
    <property name="java.vm.specification.vendor" value="Oracle Corporation"/>
    <property name="java.specification.name" value="Java Platform API Specification"/>
    <property name="java.awt.graphicsenv" value="sun.awt.X11GraphicsEnvironment"/>
    <property name="surefire.real.class.path" value="/workdir/hadoop-ozone/integration-test/target/surefire/surefirebooter7572669294537320444.jar"/>
    <property name="hadoop.log.dir" value="/workdir/hadoop-ozone/integration-test/target/log"/>
    <property name="sun.boot.class.path" value="/usr/lib/jvm/java-1.8-openjdk/jre/lib/resources.jar:/usr/lib/jvm/java-1.8-openjdk/jre/lib/rt.jar:/usr/lib/jvm/java-1.8-openjdk/jre/lib/sunrsasign.jar:/usr/lib/jvm/java-1.8-openjdk/jre/lib/jsse.jar:/usr/lib/jvm/java-1.8-openjdk/jre/lib/jce.jar:/usr/lib/jvm/java-1.8-openjdk/jre/lib/charsets.jar:/usr/lib/jvm/java-1.8-openjdk/jre/lib/jfr.jar:/usr/lib/jvm/java-1.8-openjdk/jre/classes"/>
    <property name="sun.management.compiler" value="HotSpot 64-Bit Tiered Compilers"/>
    <property name="java.runtime.version" value="1.8.0_212-b04"/>
    <property name="java.net.preferIPv4Stack" value="true"/>
    <property name="user.name" value="jenkins1000"/>
    <property name="path.separator" value=":"/>
    <property name="java.security.egd" value="file:///dev/urandom"/>
    <property name="os.version" value="3.10.0-957.12.2.el7.x86_64"/>
    <property name="java.endorsed.dirs" value="/usr/lib/jvm/java-1.8-openjdk/jre/lib/endorsed"/>
    <property name="java.runtime.name" value="OpenJDK Runtime Environment"/>
    <property name="file.encoding" value="UTF-8"/>
    <property name="java.vm.name" value="OpenJDK 64-Bit Server VM"/>
    <property name="test.build.webapps" value=""/>
    <property name="localRepository" value="/home/user/.m2/repository"/>
    <property name="java.vendor.url.bug" value="https://icedtea.classpath.org/bugzilla"/>
    <property name="java.io.tmpdir" value="/tmp"/>
    <property name="require.test.libhadoop" value=""/>
    <property name="java.version" value="1.8.0_212"/>
    <property name="user.dir" value="/workdir/hadoop-ozone/integration-test"/>
    <property name="os.arch" value="amd64"/>
    <property name="java.vm.specification.name" value="Java Virtual Machine Specification"/>
    <property name="test.build.classes" value="/workdir/hadoop-ozone/integration-test/target/test-classes"/>
    <property name="java.awt.printerjob" value="sun.print.PSPrinterJob"/>
    <property name="sun.os.patch.level" value="unknown"/>
    <property name="hadoop.tmp.dir" value="/workdir/hadoop-ozone/integration-test/target/tmp"/>
    <property name="java.library.path" value="/usr/lib/jvm/java-1.8-openjdk/jre/lib/amd64/server:/usr/lib/jvm/java-1.8-openjdk/jre/lib/amd64:/usr/lib/jvm/java-1.8-openjdk/jre/../lib/amd64:/workdir/hadoop-ozone/integration-test/target/native/target/usr/local/lib:/workdir/hadoop-ozone/integration-test/../../hadoop-common-project/hadoop-common/target/native/target/usr/local/lib:/usr/java/packages/lib/amd64:/usr/lib64:/lib64:/lib:/usr/lib"/>
    <property name="java.vm.info" value="mixed mode"/>
    <property name="java.vendor" value="IcedTea"/>
    <property name="java.vm.version" value="25.212-b04"/>
    <property name="java.ext.dirs" value="/usr/lib/jvm/java-1.8-openjdk/jre/lib/ext:/usr/java/packages/lib/ext"/>
    <property name="sun.io.unicode.encoding" value="UnicodeLittle"/>
    <property name="java.class.version" value="52.0"/>
  </properties>
  <testcase name="testGroupMismatchExceptionHandling" classname="org.apache.hadoop.ozone.client.rpc.TestOzoneClientRetriesOnException" time="141.457">
    <error message="Connection refused" type="java.net.ConnectException"><![CDATA[java.net.ConnectException: Connection refused
	at sun.nio.ch.SocketChannelImpl.checkConnect(Native Method)
	at sun.nio.ch.SocketChannelImpl.finishConnect(SocketChannelImpl.java:717)
	at org.apache.hadoop.net.SocketIOWithTimeout.connect(SocketIOWithTimeout.java:206)
	at org.apache.hadoop.net.NetUtils.connect(NetUtils.java:531)
	at org.apache.hadoop.ipc.Client$Connection.setupConnection(Client.java:690)
	at org.apache.hadoop.ipc.Client$Connection.setupIOstreams(Client.java:794)
	at org.apache.hadoop.ipc.Client$Connection.access$3700(Client.java:411)
	at org.apache.hadoop.ipc.Client.getConnection(Client.java:1572)
	at org.apache.hadoop.ipc.Client.call(Client.java:1403)
	at org.apache.hadoop.ipc.Client.call(Client.java:1367)
	at org.apache.hadoop.ipc.ProtobufRpcEngine$Invoker.invoke(ProtobufRpcEngine.java:228)
	at org.apache.hadoop.ipc.ProtobufRpcEngine$Invoker.invoke(ProtobufRpcEngine.java:116)
	at com.sun.proxy.$Proxy36.submitRequest(Unknown Source)
	at sun.reflect.NativeMethodAccessorImpl.invoke0(Native Method)
	at sun.reflect.NativeMethodAccessorImpl.invoke(NativeMethodAccessorImpl.java:62)
	at sun.reflect.DelegatingMethodAccessorImpl.invoke(DelegatingMethodAccessorImpl.java:43)
	at java.lang.reflect.Method.invoke(Method.java:498)
	at org.apache.hadoop.io.retry.RetryInvocationHandler.invokeMethod(RetryInvocationHandler.java:422)
	at org.apache.hadoop.io.retry.RetryInvocationHandler$Call.invokeMethod(RetryInvocationHandler.java:165)
	at org.apache.hadoop.io.retry.RetryInvocationHandler$Call.invoke(RetryInvocationHandler.java:157)
	at org.apache.hadoop.io.retry.RetryInvocationHandler$Call.invokeOnce(RetryInvocationHandler.java:95)
	at org.apache.hadoop.io.retry.RetryInvocationHandler.invoke(RetryInvocationHandler.java:359)
	at com.sun.proxy.$Proxy36.submitRequest(Unknown Source)
	at org.apache.hadoop.ozone.om.protocolPB.OzoneManagerProtocolClientSideTranslatorPB.submitRequest(OzoneManagerProtocolClientSideTranslatorPB.java:338)
	at org.apache.hadoop.ozone.om.protocolPB.OzoneManagerProtocolClientSideTranslatorPB.getServiceInfo(OzoneManagerProtocolClientSideTranslatorPB.java:1223)
	at sun.reflect.NativeMethodAccessorImpl.invoke0(Native Method)
	at sun.reflect.NativeMethodAccessorImpl.invoke(NativeMethodAccessorImpl.java:62)
	at sun.reflect.DelegatingMethodAccessorImpl.invoke(DelegatingMethodAccessorImpl.java:43)
	at java.lang.reflect.Method.invoke(Method.java:498)
	at org.apache.hadoop.hdds.tracing.TraceAllMethod.invoke(TraceAllMethod.java:66)
	at com.sun.proxy.$Proxy37.getServiceInfo(Unknown Source)
	at org.apache.hadoop.ozone.client.rpc.RpcClient.<init>(RpcClient.java:154)
	at org.apache.hadoop.ozone.client.OzoneClientFactory.getClientProtocol(OzoneClientFactory.java:256)
	at org.apache.hadoop.ozone.client.OzoneClientFactory.getClientProtocol(OzoneClientFactory.java:239)
	at org.apache.hadoop.ozone.client.OzoneClientFactory.getClient(OzoneClientFactory.java:75)
	at org.apache.hadoop.ozone.client.rpc.TestOzoneClientRetriesOnException.init(TestOzoneClientRetriesOnException.java:102)
	at sun.reflect.NativeMethodAccessorImpl.invoke0(Native Method)
	at sun.reflect.NativeMethodAccessorImpl.invoke(NativeMethodAccessorImpl.java:62)
	at sun.reflect.DelegatingMethodAccessorImpl.invoke(DelegatingMethodAccessorImpl.java:43)
	at java.lang.reflect.Method.invoke(Method.java:498)
	at org.junit.runners.model.FrameworkMethod$1.runReflectiveCall(FrameworkMethod.java:47)
	at org.junit.internal.runners.model.ReflectiveCallable.run(ReflectiveCallable.java:12)
	at org.junit.runners.model.FrameworkMethod.invokeExplosively(FrameworkMethod.java:44)
	at org.junit.internal.runners.statements.RunBefores.evaluate(RunBefores.java:24)
	at org.junit.internal.runners.statements.RunAfters.evaluate(RunAfters.java:27)
	at org.junit.runners.ParentRunner.runLeaf(ParentRunner.java:271)
	at org.junit.runners.BlockJUnit4ClassRunner.runChild(BlockJUnit4ClassRunner.java:70)
	at org.junit.runners.BlockJUnit4ClassRunner.runChild(BlockJUnit4ClassRunner.java:50)
	at org.junit.runners.ParentRunner$3.run(ParentRunner.java:238)
	at org.junit.runners.ParentRunner$1.schedule(ParentRunner.java:63)
	at org.junit.runners.ParentRunner.runChildren(ParentRunner.java:236)
	at org.junit.runners.ParentRunner.access$000(ParentRunner.java:53)
	at org.junit.runners.ParentRunner$2.evaluate(ParentRunner.java:229)
	at org.junit.runners.ParentRunner.run(ParentRunner.java:309)
	at org.apache.maven.surefire.junit4.JUnit4Provider.execute(JUnit4Provider.java:365)
	at org.apache.maven.surefire.junit4.JUnit4Provider.executeWithRerun(JUnit4Provider.java:273)
	at org.apache.maven.surefire.junit4.JUnit4Provider.executeTestSet(JUnit4Provider.java:238)
	at org.apache.maven.surefire.junit4.JUnit4Provider.invoke(JUnit4Provider.java:159)
	at org.apache.maven.surefire.booter.ForkedBooter.invokeProviderInSameClassLoader(ForkedBooter.java:384)
	at org.apache.maven.surefire.booter.ForkedBooter.runSuitesInProcess(ForkedBooter.java:345)
	at org.apache.maven.surefire.booter.ForkedBooter.execute(ForkedBooter.java:126)
	at org.apache.maven.surefire.booter.ForkedBooter.main(ForkedBooter.java:418)
]]></error>
    <system-out><![CDATA[2019-09-27 09:59:05,967 [main] WARN  server.ServerUtils (ServerUtils.java:getScmDbDir(145)) - ozone.scm.db.dirs is not configured. We recommend adding this setting. Falling back to ozone.metadata.dirs instead.
2019-09-27 09:59:06,088 [main] WARN  server.ServerUtils (ServerUtils.java:getScmDbDir(145)) - ozone.scm.db.dirs is not configured. We recommend adding this setting. Falling back to ozone.metadata.dirs instead.
2019-09-27 09:59:06,091 [main] WARN  server.ServerUtils (ServerUtils.java:getScmDbDir(145)) - ozone.scm.db.dirs is not configured. We recommend adding this setting. Falling back to ozone.metadata.dirs instead.
2019-09-27 09:59:06,108 [main] INFO  util.log (Log.java:initialized(192)) - Logging initialized @932ms
2019-09-27 09:59:06,216 [main] INFO  db.DBStoreBuilder (DBStoreBuilder.java:addTable(110)) - using custom profile for table: deletedBlocks
2019-09-27 09:59:06,217 [main] INFO  db.DBStoreBuilder (DBStoreBuilder.java:processTables(161)) - Using default column profile:DBProfile.DISK for Table:deletedBlocks
2019-09-27 09:59:06,217 [main] INFO  db.DBStoreBuilder (DBStoreBuilder.java:addTable(110)) - using custom profile for table: validCerts
2019-09-27 09:59:06,217 [main] INFO  db.DBStoreBuilder (DBStoreBuilder.java:processTables(161)) - Using default column profile:DBProfile.DISK for Table:validCerts
2019-09-27 09:59:06,218 [main] INFO  db.DBStoreBuilder (DBStoreBuilder.java:addTable(110)) - using custom profile for table: revokedCerts
2019-09-27 09:59:06,219 [main] INFO  db.DBStoreBuilder (DBStoreBuilder.java:processTables(161)) - Using default column profile:DBProfile.DISK for Table:revokedCerts
2019-09-27 09:59:06,241 [main] INFO  db.DBStoreBuilder (DBStoreBuilder.java:addTable(110)) - using custom profile for table: default
2019-09-27 09:59:06,241 [main] INFO  db.DBStoreBuilder (DBStoreBuilder.java:processTables(167)) - Using default column profile:DBProfile.DISK for Table:default
2019-09-27 09:59:06,243 [main] INFO  db.DBStoreBuilder (DBStoreBuilder.java:getDbProfile(198)) - Using default options. DBProfile.DISK
2019-09-27 09:59:06,553 [main] INFO  net.NodeSchemaLoader (NodeSchemaLoader.java:loadSchemaFromFile(125)) - Loading file from sun.misc.CompoundEnumeration@34123d65
2019-09-27 09:59:06,554 [main] INFO  net.NodeSchemaLoader (NodeSchemaLoader.java:loadSchema(171)) - Loading network topology layer schema file
2019-09-27 09:59:06,625 [main] WARN  server.ServerUtils (ServerUtils.java:sanitizeUserArgs(70)) - ozone.scm.stale.node.interval value = 300000 is larger than max = 100000 based on the key value of ozone.scm.heartbeat.thread.interval, reset to the max value 100000.
2019-09-27 09:59:06,627 [main] WARN  server.ServerUtils (ServerUtils.java:sanitizeUserArgs(70)) - ozone.scm.stale.node.interval value = 300000 is larger than max = 100000 based on the key value of ozone.scm.heartbeat.thread.interval, reset to the max value 100000.
2019-09-27 09:59:06,629 [main] INFO  node.SCMNodeManager (SCMNodeManager.java:<init>(114)) - Entering startup safe mode.
2019-09-27 09:59:06,701 [main] INFO  algorithms.ContainerPlacementPolicyFactory (ContainerPlacementPolicyFactory.java:getPolicy(57)) - Create container placement policy of type org.apache.hadoop.hdds.scm.container.placement.algorithms.SCMContainerPlacementRandom
2019-09-27 09:59:06,715 [main] WARN  server.ServerUtils (ServerUtils.java:getScmDbDir(145)) - ozone.scm.db.dirs is not configured. We recommend adding this setting. Falling back to ozone.metadata.dirs instead.
2019-09-27 09:59:06,775 [main] INFO  pipeline.SCMPipelineManager (SCMPipelineManager.java:initializePipelineState(132)) - No pipeline exists in current db
2019-09-27 09:59:06,777 [main] WARN  server.ServerUtils (ServerUtils.java:getScmDbDir(145)) - ozone.scm.db.dirs is not configured. We recommend adding this setting. Falling back to ozone.metadata.dirs instead.
2019-09-27 09:59:06,891 [main] WARN  events.EventQueue (EventQueue.java:fireEvent(183)) - No event handler registered for event TypedEvent{payloadType=SafeModeStatus, name='SafeModeStatus'}
2019-09-27 09:59:07,255 [main] INFO  ipc.CallQueueManager (CallQueueManager.java:<init>(84)) - Using callQueue: class java.util.concurrent.LinkedBlockingQueue, queueCapacity: 2000, scheduler: class org.apache.hadoop.ipc.DefaultRpcScheduler, ipcBackoff: false.
2019-09-27 09:59:07,282 [Socket Reader #1 for port 37722] INFO  ipc.Server (Server.java:run(1074)) - Starting Socket Reader #1 for port 37722
2019-09-27 09:59:07,439 [main] INFO  ipc.CallQueueManager (CallQueueManager.java:<init>(84)) - Using callQueue: class java.util.concurrent.LinkedBlockingQueue, queueCapacity: 2000, scheduler: class org.apache.hadoop.ipc.DefaultRpcScheduler, ipcBackoff: false.
2019-09-27 09:59:07,440 [Socket Reader #1 for port 36111] INFO  ipc.Server (Server.java:run(1074)) - Starting Socket Reader #1 for port 36111
2019-09-27 09:59:07,452 [main] INFO  ipc.CallQueueManager (CallQueueManager.java:<init>(84)) - Using callQueue: class java.util.concurrent.LinkedBlockingQueue, queueCapacity: 2000, scheduler: class org.apache.hadoop.ipc.DefaultRpcScheduler, ipcBackoff: false.
2019-09-27 09:59:07,453 [Socket Reader #1 for port 46164] INFO  ipc.Server (Server.java:run(1074)) - Starting Socket Reader #1 for port 46164
2019-09-27 09:59:07,482 [main] INFO  hdfs.DFSUtil (DFSUtil.java:httpServerTemplateForNNAndJN(1641)) - Starting Web-server for scm at: http://0.0.0.0:0
2019-09-27 09:59:07,642 [main] INFO  server.AuthenticationFilter (AuthenticationFilter.java:constructSecretProvider(240)) - Unable to initialize FileSignerSecretProvider, falling back to use random secrets.
2019-09-27 09:59:07,650 [main] WARN  http.HttpRequestLog (HttpRequestLog.java:getRequestLog(97)) - Jetty request log can only be enabled using Log4j
2019-09-27 09:59:07,658 [main] INFO  http.HttpServer2 (HttpServer2.java:addGlobalFilter(975)) - Added global filter 'safety' (class=org.apache.hadoop.http.HttpServer2$QuotingInputFilter)
2019-09-27 09:59:07,661 [main] INFO  http.HttpServer2 (HttpServer2.java:addFilter(948)) - Added filter static_user_filter (class=org.apache.hadoop.http.lib.StaticUserWebFilter$StaticUserFilter) to context scm
2019-09-27 09:59:07,661 [main] INFO  http.HttpServer2 (HttpServer2.java:addFilter(958)) - Added filter static_user_filter (class=org.apache.hadoop.http.lib.StaticUserWebFilter$StaticUserFilter) to context logs
2019-09-27 09:59:07,661 [main] INFO  http.HttpServer2 (HttpServer2.java:addFilter(958)) - Added filter static_user_filter (class=org.apache.hadoop.http.lib.StaticUserWebFilter$StaticUserFilter) to context static
2019-09-27 09:59:07,694 [main] INFO  server.StorageContainerManager (StorageContainerManager.java:start(770)) - StorageContainerLocationProtocol RPC server is listening at /0.0.0.0:46164
2019-09-27 09:59:07,771 [main] WARN  impl.MetricsConfig (MetricsConfig.java:loadFirst(134)) - Cannot locate configuration: tried hadoop-metrics2-storagecontainermanager.properties,hadoop-metrics2.properties
2019-09-27 09:59:07,784 [main] INFO  impl.MetricsSystemImpl (MetricsSystemImpl.java:startTimer(374)) - Scheduled Metric snapshot period at 10 second(s).
2019-09-27 09:59:07,785 [main] INFO  impl.MetricsSystemImpl (MetricsSystemImpl.java:start(191)) - StorageContainerManager metrics system started
2019-09-27 09:59:08,021 [main] INFO  server.SCMClientProtocolServer (SCMClientProtocolServer.java:start(151)) - RPC server for Client  is listening at /0.0.0.0:46164
2019-09-27 09:59:08,021 [IPC Server Responder] INFO  ipc.Server (Server.java:run(1314)) - IPC Server Responder: starting
2019-09-27 09:59:08,022 [IPC Server listener on 46164] INFO  ipc.Server (Server.java:run(1153)) - IPC Server listener on 46164: starting
2019-09-27 09:59:08,027 [main] INFO  server.StorageContainerManager (StorageContainerManager.java:start(780)) - ScmBlockLocationProtocol RPC server is listening at /0.0.0.0:36111
2019-09-27 09:59:08,028 [main] INFO  server.SCMBlockProtocolServer (SCMBlockProtocolServer.java:start(146)) - RPC server for Block Protocol is listening at /0.0.0.0:36111
2019-09-27 09:59:08,029 [IPC Server Responder] INFO  ipc.Server (Server.java:run(1314)) - IPC Server Responder: starting
2019-09-27 09:59:08,029 [IPC Server listener on 36111] INFO  ipc.Server (Server.java:run(1153)) - IPC Server listener on 36111: starting
2019-09-27 09:59:08,037 [main] INFO  server.StorageContainerManager (StorageContainerManager.java:start(784)) - ScmDatanodeProtocl RPC server is listening at /0.0.0.0:37722
2019-09-27 09:59:08,037 [main] INFO  server.SCMDatanodeProtocolServer (SCMDatanodeProtocolServer.java:start(191)) - RPC server for DataNodes is listening at /0.0.0.0:37722
2019-09-27 09:59:08,038 [IPC Server Responder] INFO  ipc.Server (Server.java:run(1314)) - IPC Server Responder: starting
2019-09-27 09:59:08,039 [IPC Server listener on 37722] INFO  ipc.Server (Server.java:run(1153)) - IPC Server listener on 37722: starting
2019-09-27 09:59:08,046 [main] INFO  http.HttpServer2 (HttpServer2.java:bindListener(1191)) - Jetty bound to port 40170
2019-09-27 09:59:08,048 [main] INFO  server.Server (Server.java:doStart(351)) - jetty-9.3.25.v20180904, build timestamp: 2018-09-04T21:11:46Z, git hash: 3ce520221d0240229c862b122d2b06c12a625732
2019-09-27 09:59:08,084 [main] INFO  handler.ContextHandler (ContextHandler.java:doStart(781)) - Started o.e.j.s.ServletContextHandler@4aa83f4f{/logs,file:///workdir/hadoop-ozone/integration-test/target/log,AVAILABLE}
2019-09-27 09:59:08,085 [main] INFO  handler.ContextHandler (ContextHandler.java:doStart(781)) - Started o.e.j.s.ServletContextHandler@260e86a1{/static,file:///workdir/hadoop-ozone/integration-test/target/test-classes/webapps/static,AVAILABLE}
2019-09-27 09:59:08,114 [main] INFO  handler.ContextHandler (ContextHandler.java:doStart(781)) - Started o.e.j.w.WebAppContext@db44aa2{/,file:///workdir/hadoop-ozone/integration-test/target/test-classes/webapps/scm/,AVAILABLE}{/scm}
2019-09-27 09:59:08,119 [main] INFO  server.AbstractConnector (AbstractConnector.java:doStart(278)) - Started ServerConnector@59a67c3a{HTTP/1.1,[http/1.1]}{0.0.0.0:40170}
2019-09-27 09:59:08,119 [main] INFO  server.Server (Server.java:doStart(419)) - Started @2943ms
2019-09-27 09:59:08,121 [main] INFO  impl.MetricsSinkAdapter (MetricsSinkAdapter.java:start(204)) - Sink prometheus started
2019-09-27 09:59:08,121 [main] INFO  impl.MetricsSystemImpl (MetricsSystemImpl.java:registerSink(301)) - Registered sink prometheus
2019-09-27 09:59:08,122 [main] INFO  server.BaseHttpServer (BaseHttpServer.java:updateConnectorAddress(215)) - HTTP server of SCM is listening at http://0.0.0.0:40170
2019-09-27 09:59:08,127 [org.apache.hadoop.util.JvmPauseMonitor$Monitor@514eedd8] INFO  util.JvmPauseMonitor (JvmPauseMonitor.java:run(188)) - Starting JVM pause monitor
2019-09-27 09:59:08,129 [main] WARN  server.ServerUtils (ServerUtils.java:getDBPath(222)) - ozone.om.db.dirs is not configured. We recommend adding this setting. Falling back to ozone.metadata.dirs instead.
2019-09-27 09:59:08,218 [main] INFO  ha.OMHANodeDetails (OMHANodeDetails.java:loadOMHAConfig(194)) - Configuration either no ozone.om.address set. Falling back to the default OM address /127.0.0.1:0
2019-09-27 09:59:08,218 [main] INFO  ha.OMHANodeDetails (OMHANodeDetails.java:getOMNodeDetails(224)) - OM Service ID is not set. Setting it to the default ID: omServiceIdDefault
2019-09-27 09:59:08,220 [main] WARN  server.ServerUtils (ServerUtils.java:getDBPath(222)) - ozone.om.db.dirs is not configured. We recommend adding this setting. Falling back to ozone.metadata.dirs instead.
2019-09-27 09:59:08,220 [main] WARN  server.ServerUtils (ServerUtils.java:getDBPath(222)) - ozone.om.db.dirs is not configured. We recommend adding this setting. Falling back to ozone.metadata.dirs instead.
2019-09-27 09:59:08,946 [main] WARN  server.ServerUtils (ServerUtils.java:getDBPath(222)) - ozone.om.db.dirs is not configured. We recommend adding this setting. Falling back to ozone.metadata.dirs instead.
2019-09-27 09:59:08,954 [main] INFO  db.DBStoreBuilder (DBStoreBuilder.java:addTable(110)) - using custom profile for table: userTable
2019-09-27 09:59:08,954 [main] INFO  db.DBStoreBuilder (DBStoreBuilder.java:processTables(161)) - Using default column profile:DBProfile.DISK for Table:userTable
2019-09-27 09:59:08,954 [main] INFO  db.DBStoreBuilder (DBStoreBuilder.java:addTable(110)) - using custom profile for table: volumeTable
2019-09-27 09:59:08,954 [main] INFO  db.DBStoreBuilder (DBStoreBuilder.java:processTables(161)) - Using default column profile:DBProfile.DISK for Table:volumeTable
2019-09-27 09:59:08,955 [main] INFO  db.DBStoreBuilder (DBStoreBuilder.java:addTable(110)) - using custom profile for table: bucketTable
2019-09-27 09:59:08,955 [main] INFO  db.DBStoreBuilder (DBStoreBuilder.java:processTables(161)) - Using default column profile:DBProfile.DISK for Table:bucketTable
2019-09-27 09:59:08,955 [main] INFO  db.DBStoreBuilder (DBStoreBuilder.java:addTable(110)) - using custom profile for table: keyTable
2019-09-27 09:59:08,955 [main] INFO  db.DBStoreBuilder (DBStoreBuilder.java:processTables(161)) - Using default column profile:DBProfile.DISK for Table:keyTable
2019-09-27 09:59:08,956 [main] INFO  db.DBStoreBuilder (DBStoreBuilder.java:addTable(110)) - using custom profile for table: deletedTable
2019-09-27 09:59:08,956 [main] INFO  db.DBStoreBuilder (DBStoreBuilder.java:processTables(161)) - Using default column profile:DBProfile.DISK for Table:deletedTable
2019-09-27 09:59:08,956 [main] INFO  db.DBStoreBuilder (DBStoreBuilder.java:addTable(110)) - using custom profile for table: openKeyTable
2019-09-27 09:59:08,957 [main] INFO  db.DBStoreBuilder (DBStoreBuilder.java:processTables(161)) - Using default column profile:DBProfile.DISK for Table:openKeyTable
2019-09-27 09:59:08,957 [main] INFO  db.DBStoreBuilder (DBStoreBuilder.java:addTable(110)) - using custom profile for table: s3Table
2019-09-27 09:59:08,957 [main] INFO  db.DBStoreBuilder (DBStoreBuilder.java:processTables(161)) - Using default column profile:DBProfile.DISK for Table:s3Table
2019-09-27 09:59:08,957 [main] INFO  db.DBStoreBuilder (DBStoreBuilder.java:addTable(110)) - using custom profile for table: multipartInfoTable
2019-09-27 09:59:08,958 [main] INFO  db.DBStoreBuilder (DBStoreBuilder.java:processTables(161)) - Using default column profile:DBProfile.DISK for Table:multipartInfoTable
2019-09-27 09:59:08,958 [main] INFO  db.DBStoreBuilder (DBStoreBuilder.java:addTable(110)) - using custom profile for table: dTokenTable
2019-09-27 09:59:08,958 [main] INFO  db.DBStoreBuilder (DBStoreBuilder.java:processTables(161)) - Using default column profile:DBProfile.DISK for Table:dTokenTable
2019-09-27 09:59:08,958 [main] INFO  db.DBStoreBuilder (DBStoreBuilder.java:addTable(110)) - using custom profile for table: s3SecretTable
2019-09-27 09:59:08,959 [main] INFO  db.DBStoreBuilder (DBStoreBuilder.java:processTables(161)) - Using default column profile:DBProfile.DISK for Table:s3SecretTable
2019-09-27 09:59:08,959 [main] INFO  db.DBStoreBuilder (DBStoreBuilder.java:addTable(110)) - using custom profile for table: prefixTable
2019-09-27 09:59:08,959 [main] INFO  db.DBStoreBuilder (DBStoreBuilder.java:processTables(161)) - Using default column profile:DBProfile.DISK for Table:prefixTable
2019-09-27 09:59:08,960 [main] INFO  db.DBStoreBuilder (DBStoreBuilder.java:addTable(110)) - using custom profile for table: default
2019-09-27 09:59:08,960 [main] INFO  db.DBStoreBuilder (DBStoreBuilder.java:processTables(167)) - Using default column profile:DBProfile.DISK for Table:default
2019-09-27 09:59:08,960 [main] INFO  db.DBStoreBuilder (DBStoreBuilder.java:getDbProfile(198)) - Using default options. DBProfile.DISK
2019-09-27 09:59:09,494 [main] INFO  ipc.CallQueueManager (CallQueueManager.java:<init>(84)) - Using callQueue: class java.util.concurrent.LinkedBlockingQueue, queueCapacity: 2000, scheduler: class org.apache.hadoop.ipc.DefaultRpcScheduler, ipcBackoff: false.
2019-09-27 09:59:09,495 [Socket Reader #1 for port 45461] INFO  ipc.Server (Server.java:run(1074)) - Starting Socket Reader #1 for port 45461
2019-09-27 09:59:09,516 [main] INFO  om.OzoneManager (OzoneManager.java:start(1069)) - OzoneManager RPC server is listening at localhost/127.0.0.1:45461
2019-09-27 09:59:09,516 [main] INFO  impl.MetricsSystemImpl (MetricsSystemImpl.java:init(158)) - OzoneManager metrics system started (again)
2019-09-27 09:59:09,518 [IPC Server Responder] INFO  ipc.Server (Server.java:run(1314)) - IPC Server Responder: starting
2019-09-27 09:59:09,518 [IPC Server listener on 45461] INFO  ipc.Server (Server.java:run(1153)) - IPC Server listener on 45461: starting
2019-09-27 09:59:09,523 [main] INFO  hdfs.DFSUtil (DFSUtil.java:httpServerTemplateForNNAndJN(1641)) - Starting Web-server for ozoneManager at: http://0.0.0.0:0
2019-09-27 09:59:09,526 [main] INFO  server.AuthenticationFilter (AuthenticationFilter.java:constructSecretProvider(240)) - Unable to initialize FileSignerSecretProvider, falling back to use random secrets.
2019-09-27 09:59:09,526 [main] WARN  http.HttpRequestLog (HttpRequestLog.java:getRequestLog(97)) - Jetty request log can only be enabled using Log4j
2019-09-27 09:59:09,529 [main] INFO  http.HttpServer2 (HttpServer2.java:addGlobalFilter(975)) - Added global filter 'safety' (class=org.apache.hadoop.http.HttpServer2$QuotingInputFilter)
2019-09-27 09:59:09,531 [main] INFO  http.HttpServer2 (HttpServer2.java:addFilter(948)) - Added filter static_user_filter (class=org.apache.hadoop.http.lib.StaticUserWebFilter$StaticUserFilter) to context ozoneManager
2019-09-27 09:59:09,531 [main] INFO  http.HttpServer2 (HttpServer2.java:addFilter(958)) - Added filter static_user_filter (class=org.apache.hadoop.http.lib.StaticUserWebFilter$StaticUserFilter) to context logs
2019-09-27 09:59:09,531 [main] INFO  http.HttpServer2 (HttpServer2.java:addFilter(958)) - Added filter static_user_filter (class=org.apache.hadoop.http.lib.StaticUserWebFilter$StaticUserFilter) to context static
2019-09-27 09:59:09,534 [main] INFO  http.HttpServer2 (HttpServer2.java:bindListener(1191)) - Jetty bound to port 45802
2019-09-27 09:59:09,534 [main] INFO  server.Server (Server.java:doStart(351)) - jetty-9.3.25.v20180904, build timestamp: 2018-09-04T21:11:46Z, git hash: 3ce520221d0240229c862b122d2b06c12a625732
2019-09-27 09:59:09,537 [main] INFO  handler.ContextHandler (ContextHandler.java:doStart(781)) - Started o.e.j.s.ServletContextHandler@989da1{/logs,file:///workdir/hadoop-ozone/integration-test/target/log,AVAILABLE}
2019-09-27 09:59:09,537 [main] INFO  handler.ContextHandler (ContextHandler.java:doStart(781)) - Started o.e.j.s.ServletContextHandler@3eed0f5{/static,file:///workdir/hadoop-ozone/integration-test/target/test-classes/webapps/static,AVAILABLE}
2019-09-27 09:59:09,544 [main] INFO  handler.ContextHandler (ContextHandler.java:doStart(781)) - Started o.e.j.w.WebAppContext@353efdbf{/,file:///workdir/hadoop-ozone/integration-test/target/test-classes/webapps/ozoneManager/,AVAILABLE}{/ozoneManager}
2019-09-27 09:59:09,545 [main] INFO  server.AbstractConnector (AbstractConnector.java:doStart(278)) - Started ServerConnector@55cff952{HTTP/1.1,[http/1.1]}{0.0.0.0:45802}
2019-09-27 09:59:09,546 [main] INFO  server.Server (Server.java:doStart(419)) - Started @4370ms
2019-09-27 09:59:09,546 [main] WARN  impl.MetricsSystemImpl (MetricsSystemImpl.java:register(276)) - Sink prometheus already exists!
2019-09-27 09:59:09,547 [main] INFO  server.BaseHttpServer (BaseHttpServer.java:updateConnectorAddress(215)) - HTTP server of OZONEMANAGER is listening at http://0.0.0.0:45802
2019-09-27 09:59:09,876 [main] INFO  impl.MetricsSystemImpl (MetricsSystemImpl.java:init(158)) - HddsDatanode metrics system started (again)
2019-09-27 09:59:09,940 [main] INFO  ozone.HddsDatanodeService (HddsDatanodeService.java:start(184)) - HddsDatanodeService host:pr-hdds2162-4fxhj-20988671 ip:192.168.151.103
2019-09-27 09:59:09,973 [main] INFO  volume.HddsVolume (HddsVolume.java:<init>(176)) - Creating Volume: /workdir/hadoop-ozone/integration-test/target/test-dir/MiniOzoneClusterImpl-f97b6056-80ca-4d0a-8f3e-89a36336af0c/datanode-0/data/containers/hdds of  storage type : DISK and capacity : 1482555576320
2019-09-27 09:59:09,974 [main] INFO  volume.VolumeSet (VolumeSet.java:initializeVolumeSet(170)) - Added Volume : /workdir/hadoop-ozone/integration-test/target/test-dir/MiniOzoneClusterImpl-f97b6056-80ca-4d0a-8f3e-89a36336af0c/datanode-0/data/containers/hdds to VolumeSet
2019-09-27 09:59:09,978 [main] INFO  volume.ThrottledAsyncChecker (ThrottledAsyncChecker.java:schedule(139)) - Scheduling a check for org.apache.hadoop.ozone.container.common.volume.HddsVolume@45d6ef73
2019-09-27 09:59:09,994 [main] INFO  volume.HddsVolumeChecker (HddsVolumeChecker.java:checkAllVolumes(202)) - Scheduled health check for volume org.apache.hadoop.ozone.container.common.volume.HddsVolume@45d6ef73
2019-09-27 09:59:10,106 [main] INFO  impl.RaftServerProxy (ConfUtils.java:logGet(43)) - raft.rpc.type = GRPC (default)
2019-09-27 09:59:10,175 [main] INFO  grpc.GrpcFactory (GrpcFactory.java:checkPooledByteBufAllocatorUseCacheForAllThreads(45)) - PERFORMANCE WARNING: useCacheForAllThreads is true that may cause Netty to create a lot garbage objects and, as a result, trigger GC.
	It is recommended to disable useCacheForAllThreads by setting -Dorg.apache.ratis.thirdparty.io.netty.allocator.useCacheForAllThreads=false in command line.
2019-09-27 09:59:10,180 [main] INFO  grpc.GrpcConfigKeys$Server (ConfUtils.java:logGet(43)) - raft.grpc.server.port = 0 (default)
2019-09-27 09:59:10,181 [main] INFO  server.GrpcService (ConfUtils.java:logGet(43)) - raft.grpc.message.size.max = 33570816 (custom)
2019-09-27 09:59:10,182 [main] INFO  server.RaftServerConfigKeys (ConfUtils.java:logGet(43)) - raft.server.log.appender.buffer.byte-limit = 33554432 (custom)
2019-09-27 09:59:10,183 [main] INFO  server.GrpcService (ConfUtils.java:logGet(43)) - raft.grpc.flow.control.window = 1MB (=1048576) (default)
2019-09-27 09:59:10,184 [main] INFO  server.RaftServerConfigKeys (ConfUtils.java:logGet(43)) - raft.server.rpc.request.timeout = 3000ms (default)
2019-09-27 09:59:10,349 [main] INFO  server.RaftServerConfigKeys (ConfUtils.java:logGet(43)) - raft.server.storage.dir = [/workdir/hadoop-ozone/integration-test/target/test-dir/MiniOzoneClusterImpl-f97b6056-80ca-4d0a-8f3e-89a36336af0c/datanode-0/data/ratis] (custom)
2019-09-27 09:59:10,395 [main] INFO  hdfs.DFSUtil (DFSUtil.java:httpServerTemplateForNNAndJN(1641)) - Starting Web-server for hddsDatanode at: http://0.0.0.0:0
2019-09-27 09:59:10,398 [main] INFO  server.AuthenticationFilter (AuthenticationFilter.java:constructSecretProvider(240)) - Unable to initialize FileSignerSecretProvider, falling back to use random secrets.
2019-09-27 09:59:10,399 [main] WARN  http.HttpRequestLog (HttpRequestLog.java:getRequestLog(97)) - Jetty request log can only be enabled using Log4j
2019-09-27 09:59:10,402 [main] INFO  http.HttpServer2 (HttpServer2.java:addGlobalFilter(975)) - Added global filter 'safety' (class=org.apache.hadoop.http.HttpServer2$QuotingInputFilter)
2019-09-27 09:59:10,403 [main] INFO  http.HttpServer2 (HttpServer2.java:addFilter(948)) - Added filter static_user_filter (class=org.apache.hadoop.http.lib.StaticUserWebFilter$StaticUserFilter) to context hddsDatanode
2019-09-27 09:59:10,403 [main] INFO  http.HttpServer2 (HttpServer2.java:addFilter(958)) - Added filter static_user_filter (class=org.apache.hadoop.http.lib.StaticUserWebFilter$StaticUserFilter) to context logs
2019-09-27 09:59:10,404 [main] INFO  http.HttpServer2 (HttpServer2.java:addFilter(958)) - Added filter static_user_filter (class=org.apache.hadoop.http.lib.StaticUserWebFilter$StaticUserFilter) to context static
2019-09-27 09:59:10,405 [main] INFO  http.HttpServer2 (HttpServer2.java:bindListener(1191)) - Jetty bound to port 39554
2019-09-27 09:59:10,406 [main] INFO  server.Server (Server.java:doStart(351)) - jetty-9.3.25.v20180904, build timestamp: 2018-09-04T21:11:46Z, git hash: 3ce520221d0240229c862b122d2b06c12a625732
2019-09-27 09:59:10,409 [main] INFO  handler.ContextHandler (ContextHandler.java:doStart(781)) - Started o.e.j.s.ServletContextHandler@75ae4a1f{/logs,file:///workdir/hadoop-ozone/integration-test/target/log,AVAILABLE}
2019-09-27 09:59:10,410 [main] INFO  handler.ContextHandler (ContextHandler.java:doStart(781)) - Started o.e.j.s.ServletContextHandler@63c12e52{/static,jar:file:/home/user/.m2/repository/org/apache/hadoop/hadoop-hdds-container-service/0.5.0-SNAPSHOT/hadoop-hdds-container-service-0.5.0-SNAPSHOT.jar!/webapps/static,AVAILABLE}
2019-09-27 09:59:10,455 [main] INFO  handler.ContextHandler (ContextHandler.java:doStart(781)) - Started o.e.j.w.WebAppContext@68a4dcc6{/,file:///tmp/jetty-0.0.0.0-39554-hddsDatanode-_-any-7340850376267511471.dir/webapp/,AVAILABLE}{/hddsDatanode}
2019-09-27 09:59:10,456 [main] INFO  server.AbstractConnector (AbstractConnector.java:doStart(278)) - Started ServerConnector@646c0a67{HTTP/1.1,[http/1.1]}{0.0.0.0:39554}
2019-09-27 09:59:10,457 [main] INFO  server.Server (Server.java:doStart(419)) - Started @5281ms
2019-09-27 09:59:10,458 [main] WARN  impl.MetricsSystemImpl (MetricsSystemImpl.java:register(276)) - Sink prometheus already exists!
2019-09-27 09:59:10,459 [main] INFO  server.BaseHttpServer (BaseHttpServer.java:updateConnectorAddress(215)) - HTTP server of HDDSDATANODE is listening at http://0.0.0.0:39554
2019-09-27 09:59:10,460 [main] INFO  impl.MetricsSystemImpl (MetricsSystemImpl.java:init(158)) - HddsDatanode metrics system started (again)
2019-09-27 09:59:10,463 [main] INFO  ozone.HddsDatanodeService (HddsDatanodeService.java:start(184)) - HddsDatanodeService host:pr-hdds2162-4fxhj-20988671 ip:192.168.151.103
2019-09-27 09:59:10,466 [org.apache.hadoop.util.JvmPauseMonitor$Monitor@5e33519] INFO  util.JvmPauseMonitor (JvmPauseMonitor.java:run(188)) - Starting JVM pause monitor
2019-09-27 09:59:10,474 [main] INFO  volume.HddsVolume (HddsVolume.java:<init>(176)) - Creating Volume: /workdir/hadoop-ozone/integration-test/target/test-dir/MiniOzoneClusterImpl-f97b6056-80ca-4d0a-8f3e-89a36336af0c/datanode-1/data/containers/hdds of  storage type : DISK and capacity : 1482555576320
2019-09-27 09:59:10,474 [main] INFO  volume.VolumeSet (VolumeSet.java:initializeVolumeSet(170)) - Added Volume : /workdir/hadoop-ozone/integration-test/target/test-dir/MiniOzoneClusterImpl-f97b6056-80ca-4d0a-8f3e-89a36336af0c/datanode-1/data/containers/hdds to VolumeSet
2019-09-27 09:59:10,475 [main] INFO  volume.ThrottledAsyncChecker (ThrottledAsyncChecker.java:schedule(139)) - Scheduling a check for org.apache.hadoop.ozone.container.common.volume.HddsVolume@15400fff
2019-09-27 09:59:10,476 [main] INFO  volume.HddsVolumeChecker (HddsVolumeChecker.java:checkAllVolumes(202)) - Scheduled health check for volume org.apache.hadoop.ozone.container.common.volume.HddsVolume@15400fff
2019-09-27 09:59:10,492 [main] INFO  impl.RaftServerProxy (ConfUtils.java:logGet(43)) - raft.rpc.type = GRPC (default)
2019-09-27 09:59:10,493 [main] INFO  grpc.GrpcFactory (GrpcFactory.java:checkPooledByteBufAllocatorUseCacheForAllThreads(45)) - PERFORMANCE WARNING: useCacheForAllThreads is true that may cause Netty to create a lot garbage objects and, as a result, trigger GC.
	It is recommended to disable useCacheForAllThreads by setting -Dorg.apache.ratis.thirdparty.io.netty.allocator.useCacheForAllThreads=false in command line.
2019-09-27 09:59:10,493 [main] INFO  grpc.GrpcConfigKeys$Server (ConfUtils.java:logGet(43)) - raft.grpc.server.port = 0 (default)
2019-09-27 09:59:10,494 [main] INFO  server.GrpcService (ConfUtils.java:logGet(43)) - raft.grpc.message.size.max = 33570816 (custom)
2019-09-27 09:59:10,494 [main] INFO  server.RaftServerConfigKeys (ConfUtils.java:logGet(43)) - raft.server.log.appender.buffer.byte-limit = 33554432 (custom)
2019-09-27 09:59:10,495 [main] INFO  server.GrpcService (ConfUtils.java:logGet(43)) - raft.grpc.flow.control.window = 1MB (=1048576) (default)
2019-09-27 09:59:10,495 [main] INFO  server.RaftServerConfigKeys (ConfUtils.java:logGet(43)) - raft.server.rpc.request.timeout = 3000ms (default)
2019-09-27 09:59:10,496 [main] INFO  server.RaftServerConfigKeys (ConfUtils.java:logGet(43)) - raft.server.storage.dir = [/workdir/hadoop-ozone/integration-test/target/test-dir/MiniOzoneClusterImpl-f97b6056-80ca-4d0a-8f3e-89a36336af0c/datanode-1/data/ratis] (custom)
2019-09-27 09:59:10,498 [main] INFO  hdfs.DFSUtil (DFSUtil.java:httpServerTemplateForNNAndJN(1641)) - Starting Web-server for hddsDatanode at: http://0.0.0.0:0
2019-09-27 09:59:10,499 [main] INFO  server.AuthenticationFilter (AuthenticationFilter.java:constructSecretProvider(240)) - Unable to initialize FileSignerSecretProvider, falling back to use random secrets.
2019-09-27 09:59:10,500 [main] WARN  http.HttpRequestLog (HttpRequestLog.java:getRequestLog(97)) - Jetty request log can only be enabled using Log4j
2019-09-27 09:59:10,502 [main] INFO  http.HttpServer2 (HttpServer2.java:addGlobalFilter(975)) - Added global filter 'safety' (class=org.apache.hadoop.http.HttpServer2$QuotingInputFilter)
2019-09-27 09:59:10,503 [main] INFO  http.HttpServer2 (HttpServer2.java:addFilter(948)) - Added filter static_user_filter (class=org.apache.hadoop.http.lib.StaticUserWebFilter$StaticUserFilter) to context hddsDatanode
2019-09-27 09:59:10,503 [main] INFO  http.HttpServer2 (HttpServer2.java:addFilter(958)) - Added filter static_user_filter (class=org.apache.hadoop.http.lib.StaticUserWebFilter$StaticUserFilter) to context logs
2019-09-27 09:59:10,503 [main] INFO  http.HttpServer2 (HttpServer2.java:addFilter(958)) - Added filter static_user_filter (class=org.apache.hadoop.http.lib.StaticUserWebFilter$StaticUserFilter) to context static
2019-09-27 09:59:10,504 [main] INFO  http.HttpServer2 (HttpServer2.java:bindListener(1191)) - Jetty bound to port 46248
2019-09-27 09:59:10,505 [main] INFO  server.Server (Server.java:doStart(351)) - jetty-9.3.25.v20180904, build timestamp: 2018-09-04T21:11:46Z, git hash: 3ce520221d0240229c862b122d2b06c12a625732
2019-09-27 09:59:10,509 [main] INFO  handler.ContextHandler (ContextHandler.java:doStart(781)) - Started o.e.j.s.ServletContextHandler@56a4f272{/logs,file:///workdir/hadoop-ozone/integration-test/target/log,AVAILABLE}
2019-09-27 09:59:10,510 [main] INFO  handler.ContextHandler (ContextHandler.java:doStart(781)) - Started o.e.j.s.ServletContextHandler@79b84841{/static,jar:file:/home/user/.m2/repository/org/apache/hadoop/hadoop-hdds-container-service/0.5.0-SNAPSHOT/hadoop-hdds-container-service-0.5.0-SNAPSHOT.jar!/webapps/static,AVAILABLE}
2019-09-27 09:59:10,552 [main] INFO  handler.ContextHandler (ContextHandler.java:doStart(781)) - Started o.e.j.w.WebAppContext@467b684d{/,file:///tmp/jetty-0.0.0.0-46248-hddsDatanode-_-any-2343256822293242210.dir/webapp/,AVAILABLE}{/hddsDatanode}
2019-09-27 09:59:10,554 [main] INFO  server.AbstractConnector (AbstractConnector.java:doStart(278)) - Started ServerConnector@7baf1f5a{HTTP/1.1,[http/1.1]}{0.0.0.0:46248}
2019-09-27 09:59:10,555 [main] INFO  server.Server (Server.java:doStart(419)) - Started @5379ms
2019-09-27 09:59:10,555 [main] WARN  impl.MetricsSystemImpl (MetricsSystemImpl.java:register(276)) - Sink prometheus already exists!
2019-09-27 09:59:10,557 [main] INFO  server.BaseHttpServer (BaseHttpServer.java:updateConnectorAddress(215)) - HTTP server of HDDSDATANODE is listening at http://0.0.0.0:46248
2019-09-27 09:59:10,557 [main] INFO  impl.MetricsSystemImpl (MetricsSystemImpl.java:init(158)) - HddsDatanode metrics system started (again)
2019-09-27 09:59:10,561 [org.apache.hadoop.util.JvmPauseMonitor$Monitor@74b64d03] INFO  util.JvmPauseMonitor (JvmPauseMonitor.java:run(188)) - Starting JVM pause monitor
2019-09-27 09:59:10,562 [main] INFO  ozone.HddsDatanodeService (HddsDatanodeService.java:start(184)) - HddsDatanodeService host:pr-hdds2162-4fxhj-20988671 ip:192.168.151.103
2019-09-27 09:59:10,572 [main] INFO  volume.HddsVolume (HddsVolume.java:<init>(176)) - Creating Volume: /workdir/hadoop-ozone/integration-test/target/test-dir/MiniOzoneClusterImpl-f97b6056-80ca-4d0a-8f3e-89a36336af0c/datanode-2/data/containers/hdds of  storage type : DISK and capacity : 1482555576320
2019-09-27 09:59:10,573 [main] INFO  volume.VolumeSet (VolumeSet.java:initializeVolumeSet(170)) - Added Volume : /workdir/hadoop-ozone/integration-test/target/test-dir/MiniOzoneClusterImpl-f97b6056-80ca-4d0a-8f3e-89a36336af0c/datanode-2/data/containers/hdds to VolumeSet
2019-09-27 09:59:10,573 [main] INFO  volume.ThrottledAsyncChecker (ThrottledAsyncChecker.java:schedule(139)) - Scheduling a check for org.apache.hadoop.ozone.container.common.volume.HddsVolume@4b65d9f4
2019-09-27 09:59:10,574 [main] INFO  volume.HddsVolumeChecker (HddsVolumeChecker.java:checkAllVolumes(202)) - Scheduled health check for volume org.apache.hadoop.ozone.container.common.volume.HddsVolume@4b65d9f4
2019-09-27 09:59:10,595 [Datanode State Machine Thread - 0] INFO  datanode.InitDatanodeState (InitDatanodeState.java:persistContainerDatanodeDetails(140)) - DatanodeDetails is persisted to /workdir/hadoop-ozone/integration-test/target/test-dir/MiniOzoneClusterImpl-f97b6056-80ca-4d0a-8f3e-89a36336af0c/datanode-0/meta/datanode.id
2019-09-27 09:59:10,598 [main] INFO  impl.RaftServerProxy (ConfUtils.java:logGet(43)) - raft.rpc.type = GRPC (default)
2019-09-27 09:59:10,598 [main] INFO  grpc.GrpcFactory (GrpcFactory.java:checkPooledByteBufAllocatorUseCacheForAllThreads(45)) - PERFORMANCE WARNING: useCacheForAllThreads is true that may cause Netty to create a lot garbage objects and, as a result, trigger GC.
	It is recommended to disable useCacheForAllThreads by setting -Dorg.apache.ratis.thirdparty.io.netty.allocator.useCacheForAllThreads=false in command line.
2019-09-27 09:59:10,599 [main] INFO  grpc.GrpcConfigKeys$Server (ConfUtils.java:logGet(43)) - raft.grpc.server.port = 0 (default)
2019-09-27 09:59:10,599 [main] INFO  server.GrpcService (ConfUtils.java:logGet(43)) - raft.grpc.message.size.max = 33570816 (custom)
2019-09-27 09:59:10,600 [Datanode State Machine Thread - 0] INFO  datanode.InitDatanodeState (InitDatanodeState.java:persistContainerDatanodeDetails(140)) - DatanodeDetails is persisted to /workdir/hadoop-ozone/integration-test/target/test-dir/MiniOzoneClusterImpl-f97b6056-80ca-4d0a-8f3e-89a36336af0c/datanode-1/meta/datanode.id
2019-09-27 09:59:10,600 [main] INFO  server.RaftServerConfigKeys (ConfUtils.java:logGet(43)) - raft.server.log.appender.buffer.byte-limit = 33554432 (custom)
2019-09-27 09:59:10,601 [main] INFO  server.GrpcService (ConfUtils.java:logGet(43)) - raft.grpc.flow.control.window = 1MB (=1048576) (default)
2019-09-27 09:59:10,601 [main] INFO  server.RaftServerConfigKeys (ConfUtils.java:logGet(43)) - raft.server.rpc.request.timeout = 3000ms (default)
2019-09-27 09:59:10,602 [main] INFO  server.RaftServerConfigKeys (ConfUtils.java:logGet(43)) - raft.server.storage.dir = [/workdir/hadoop-ozone/integration-test/target/test-dir/MiniOzoneClusterImpl-f97b6056-80ca-4d0a-8f3e-89a36336af0c/datanode-2/data/ratis] (custom)
2019-09-27 09:59:10,605 [main] INFO  hdfs.DFSUtil (DFSUtil.java:httpServerTemplateForNNAndJN(1641)) - Starting Web-server for hddsDatanode at: http://0.0.0.0:0
2019-09-27 09:59:10,607 [main] INFO  server.AuthenticationFilter (AuthenticationFilter.java:constructSecretProvider(240)) - Unable to initialize FileSignerSecretProvider, falling back to use random secrets.
2019-09-27 09:59:10,607 [main] WARN  http.HttpRequestLog (HttpRequestLog.java:getRequestLog(97)) - Jetty request log can only be enabled using Log4j
2019-09-27 09:59:10,609 [main] INFO  http.HttpServer2 (HttpServer2.java:addGlobalFilter(975)) - Added global filter 'safety' (class=org.apache.hadoop.http.HttpServer2$QuotingInputFilter)
2019-09-27 09:59:10,610 [main] INFO  http.HttpServer2 (HttpServer2.java:addFilter(948)) - Added filter static_user_filter (class=org.apache.hadoop.http.lib.StaticUserWebFilter$StaticUserFilter) to context hddsDatanode
2019-09-27 09:59:10,611 [main] INFO  http.HttpServer2 (HttpServer2.java:addFilter(958)) - Added filter static_user_filter (class=org.apache.hadoop.http.lib.StaticUserWebFilter$StaticUserFilter) to context logs
2019-09-27 09:59:10,611 [main] INFO  http.HttpServer2 (HttpServer2.java:addFilter(958)) - Added filter static_user_filter (class=org.apache.hadoop.http.lib.StaticUserWebFilter$StaticUserFilter) to context static
2019-09-27 09:59:10,612 [main] INFO  http.HttpServer2 (HttpServer2.java:bindListener(1191)) - Jetty bound to port 40520
2019-09-27 09:59:10,612 [main] INFO  server.Server (Server.java:doStart(351)) - jetty-9.3.25.v20180904, build timestamp: 2018-09-04T21:11:46Z, git hash: 3ce520221d0240229c862b122d2b06c12a625732
2019-09-27 09:59:10,614 [main] INFO  handler.ContextHandler (ContextHandler.java:doStart(781)) - Started o.e.j.s.ServletContextHandler@40e37b06{/logs,file:///workdir/hadoop-ozone/integration-test/target/log,AVAILABLE}
2019-09-27 09:59:10,615 [main] INFO  handler.ContextHandler (ContextHandler.java:doStart(781)) - Started o.e.j.s.ServletContextHandler@6dcc40f5{/static,jar:file:/home/user/.m2/repository/org/apache/hadoop/hadoop-hdds-container-service/0.5.0-SNAPSHOT/hadoop-hdds-container-service-0.5.0-SNAPSHOT.jar!/webapps/static,AVAILABLE}
2019-09-27 09:59:10,652 [main] INFO  handler.ContextHandler (ContextHandler.java:doStart(781)) - Started o.e.j.w.WebAppContext@6b1dc20f{/,file:///tmp/jetty-0.0.0.0-40520-hddsDatanode-_-any-5206119176720896329.dir/webapp/,AVAILABLE}{/hddsDatanode}
2019-09-27 09:59:10,652 [main] INFO  server.AbstractConnector (AbstractConnector.java:doStart(278)) - Started ServerConnector@4613311f{HTTP/1.1,[http/1.1]}{0.0.0.0:40520}
2019-09-27 09:59:10,653 [main] INFO  server.Server (Server.java:doStart(419)) - Started @5478ms
2019-09-27 09:59:10,654 [main] WARN  impl.MetricsSystemImpl (MetricsSystemImpl.java:register(276)) - Sink prometheus already exists!
2019-09-27 09:59:10,655 [main] INFO  server.BaseHttpServer (BaseHttpServer.java:updateConnectorAddress(215)) - HTTP server of HDDSDATANODE is listening at http://0.0.0.0:40520
2019-09-27 09:59:10,656 [main] INFO  impl.MetricsSystemImpl (MetricsSystemImpl.java:init(158)) - HddsDatanode metrics system started (again)
2019-09-27 09:59:10,658 [main] INFO  ozone.HddsDatanodeService (HddsDatanodeService.java:start(184)) - HddsDatanodeService host:pr-hdds2162-4fxhj-20988671 ip:192.168.151.103
2019-09-27 09:59:10,659 [org.apache.hadoop.util.JvmPauseMonitor$Monitor@1cba8a38] INFO  util.JvmPauseMonitor (JvmPauseMonitor.java:run(188)) - Starting JVM pause monitor
2019-09-27 09:59:10,663 [Datanode State Machine Thread - 0] INFO  datanode.InitDatanodeState (InitDatanodeState.java:persistContainerDatanodeDetails(140)) - DatanodeDetails is persisted to /workdir/hadoop-ozone/integration-test/target/test-dir/MiniOzoneClusterImpl-f97b6056-80ca-4d0a-8f3e-89a36336af0c/datanode-2/meta/datanode.id
2019-09-27 09:59:10,667 [main] INFO  volume.HddsVolume (HddsVolume.java:<init>(176)) - Creating Volume: /workdir/hadoop-ozone/integration-test/target/test-dir/MiniOzoneClusterImpl-f97b6056-80ca-4d0a-8f3e-89a36336af0c/datanode-3/data/containers/hdds of  storage type : DISK and capacity : 1482555576320
2019-09-27 09:59:10,668 [main] INFO  volume.VolumeSet (VolumeSet.java:initializeVolumeSet(170)) - Added Volume : /workdir/hadoop-ozone/integration-test/target/test-dir/MiniOzoneClusterImpl-f97b6056-80ca-4d0a-8f3e-89a36336af0c/datanode-3/data/containers/hdds to VolumeSet
2019-09-27 09:59:10,668 [main] INFO  volume.ThrottledAsyncChecker (ThrottledAsyncChecker.java:schedule(139)) - Scheduling a check for org.apache.hadoop.ozone.container.common.volume.HddsVolume@53b7ce6
2019-09-27 09:59:10,669 [main] INFO  volume.HddsVolumeChecker (HddsVolumeChecker.java:checkAllVolumes(202)) - Scheduled health check for volume org.apache.hadoop.ozone.container.common.volume.HddsVolume@53b7ce6
2019-09-27 09:59:10,688 [main] INFO  impl.RaftServerProxy (ConfUtils.java:logGet(43)) - raft.rpc.type = GRPC (default)
2019-09-27 09:59:10,688 [main] INFO  grpc.GrpcFactory (GrpcFactory.java:checkPooledByteBufAllocatorUseCacheForAllThreads(45)) - PERFORMANCE WARNING: useCacheForAllThreads is true that may cause Netty to create a lot garbage objects and, as a result, trigger GC.
	It is recommended to disable useCacheForAllThreads by setting -Dorg.apache.ratis.thirdparty.io.netty.allocator.useCacheForAllThreads=false in command line.
2019-09-27 09:59:10,688 [main] INFO  grpc.GrpcConfigKeys$Server (ConfUtils.java:logGet(43)) - raft.grpc.server.port = 0 (default)
2019-09-27 09:59:10,689 [main] INFO  server.GrpcService (ConfUtils.java:logGet(43)) - raft.grpc.message.size.max = 33570816 (custom)
2019-09-27 09:59:10,689 [main] INFO  server.RaftServerConfigKeys (ConfUtils.java:logGet(43)) - raft.server.log.appender.buffer.byte-limit = 33554432 (custom)
2019-09-27 09:59:10,690 [main] INFO  server.GrpcService (ConfUtils.java:logGet(43)) - raft.grpc.flow.control.window = 1MB (=1048576) (default)
2019-09-27 09:59:10,690 [main] INFO  server.RaftServerConfigKeys (ConfUtils.java:logGet(43)) - raft.server.rpc.request.timeout = 3000ms (default)
2019-09-27 09:59:10,691 [main] INFO  server.RaftServerConfigKeys (ConfUtils.java:logGet(43)) - raft.server.storage.dir = [/workdir/hadoop-ozone/integration-test/target/test-dir/MiniOzoneClusterImpl-f97b6056-80ca-4d0a-8f3e-89a36336af0c/datanode-3/data/ratis] (custom)
2019-09-27 09:59:10,693 [main] INFO  hdfs.DFSUtil (DFSUtil.java:httpServerTemplateForNNAndJN(1641)) - Starting Web-server for hddsDatanode at: http://0.0.0.0:0
2019-09-27 09:59:10,694 [main] INFO  server.AuthenticationFilter (AuthenticationFilter.java:constructSecretProvider(240)) - Unable to initialize FileSignerSecretProvider, falling back to use random secrets.
2019-09-27 09:59:10,695 [main] WARN  http.HttpRequestLog (HttpRequestLog.java:getRequestLog(97)) - Jetty request log can only be enabled using Log4j
2019-09-27 09:59:10,696 [main] INFO  http.HttpServer2 (HttpServer2.java:addGlobalFilter(975)) - Added global filter 'safety' (class=org.apache.hadoop.http.HttpServer2$QuotingInputFilter)
2019-09-27 09:59:10,697 [main] INFO  http.HttpServer2 (HttpServer2.java:addFilter(948)) - Added filter static_user_filter (class=org.apache.hadoop.http.lib.StaticUserWebFilter$StaticUserFilter) to context hddsDatanode
2019-09-27 09:59:10,697 [main] INFO  http.HttpServer2 (HttpServer2.java:addFilter(958)) - Added filter static_user_filter (class=org.apache.hadoop.http.lib.StaticUserWebFilter$StaticUserFilter) to context logs
2019-09-27 09:59:10,698 [main] INFO  http.HttpServer2 (HttpServer2.java:addFilter(958)) - Added filter static_user_filter (class=org.apache.hadoop.http.lib.StaticUserWebFilter$StaticUserFilter) to context static
2019-09-27 09:59:10,698 [main] INFO  http.HttpServer2 (HttpServer2.java:bindListener(1191)) - Jetty bound to port 39825
2019-09-27 09:59:10,699 [main] INFO  server.Server (Server.java:doStart(351)) - jetty-9.3.25.v20180904, build timestamp: 2018-09-04T21:11:46Z, git hash: 3ce520221d0240229c862b122d2b06c12a625732
2019-09-27 09:59:10,705 [main] INFO  handler.ContextHandler (ContextHandler.java:doStart(781)) - Started o.e.j.s.ServletContextHandler@54e2fe{/logs,file:///workdir/hadoop-ozone/integration-test/target/log,AVAILABLE}
2019-09-27 09:59:10,705 [main] INFO  handler.ContextHandler (ContextHandler.java:doStart(781)) - Started o.e.j.s.ServletContextHandler@119aa36{/static,jar:file:/home/user/.m2/repository/org/apache/hadoop/hadoop-hdds-container-service/0.5.0-SNAPSHOT/hadoop-hdds-container-service-0.5.0-SNAPSHOT.jar!/webapps/static,AVAILABLE}
2019-09-27 09:59:10,735 [main] INFO  handler.ContextHandler (ContextHandler.java:doStart(781)) - Started o.e.j.w.WebAppContext@411c6d44{/,file:///tmp/jetty-0.0.0.0-39825-hddsDatanode-_-any-6763684325477629544.dir/webapp/,AVAILABLE}{/hddsDatanode}
2019-09-27 09:59:10,736 [main] INFO  server.AbstractConnector (AbstractConnector.java:doStart(278)) - Started ServerConnector@1687eb01{HTTP/1.1,[http/1.1]}{0.0.0.0:39825}
2019-09-27 09:59:10,736 [main] INFO  server.Server (Server.java:doStart(419)) - Started @5561ms
2019-09-27 09:59:10,739 [main] WARN  impl.MetricsSystemImpl (MetricsSystemImpl.java:register(276)) - Sink prometheus already exists!
2019-09-27 09:59:10,741 [main] INFO  server.BaseHttpServer (BaseHttpServer.java:updateConnectorAddress(215)) - HTTP server of HDDSDATANODE is listening at http://0.0.0.0:39825
2019-09-27 09:59:10,742 [main] INFO  impl.MetricsSystemImpl (MetricsSystemImpl.java:init(158)) - HddsDatanode metrics system started (again)
2019-09-27 09:59:10,745 [main] INFO  ozone.HddsDatanodeService (HddsDatanodeService.java:start(184)) - HddsDatanodeService host:pr-hdds2162-4fxhj-20988671 ip:192.168.151.103
2019-09-27 09:59:10,746 [org.apache.hadoop.util.JvmPauseMonitor$Monitor@2b8b64b0] INFO  util.JvmPauseMonitor (JvmPauseMonitor.java:run(188)) - Starting JVM pause monitor
2019-09-27 09:59:10,748 [Datanode State Machine Thread - 0] INFO  datanode.InitDatanodeState (InitDatanodeState.java:persistContainerDatanodeDetails(140)) - DatanodeDetails is persisted to /workdir/hadoop-ozone/integration-test/target/test-dir/MiniOzoneClusterImpl-f97b6056-80ca-4d0a-8f3e-89a36336af0c/datanode-3/meta/datanode.id
2019-09-27 09:59:10,753 [main] INFO  volume.HddsVolume (HddsVolume.java:<init>(176)) - Creating Volume: /workdir/hadoop-ozone/integration-test/target/test-dir/MiniOzoneClusterImpl-f97b6056-80ca-4d0a-8f3e-89a36336af0c/datanode-4/data/containers/hdds of  storage type : DISK and capacity : 1482555576320
2019-09-27 09:59:10,755 [main] INFO  volume.VolumeSet (VolumeSet.java:initializeVolumeSet(170)) - Added Volume : /workdir/hadoop-ozone/integration-test/target/test-dir/MiniOzoneClusterImpl-f97b6056-80ca-4d0a-8f3e-89a36336af0c/datanode-4/data/containers/hdds to VolumeSet
2019-09-27 09:59:10,755 [main] INFO  volume.ThrottledAsyncChecker (ThrottledAsyncChecker.java:schedule(139)) - Scheduling a check for org.apache.hadoop.ozone.container.common.volume.HddsVolume@6c0e13b7
2019-09-27 09:59:10,755 [main] INFO  volume.HddsVolumeChecker (HddsVolumeChecker.java:checkAllVolumes(202)) - Scheduled health check for volume org.apache.hadoop.ozone.container.common.volume.HddsVolume@6c0e13b7
2019-09-27 09:59:10,769 [main] INFO  impl.RaftServerProxy (ConfUtils.java:logGet(43)) - raft.rpc.type = GRPC (default)
2019-09-27 09:59:10,769 [main] INFO  grpc.GrpcFactory (GrpcFactory.java:checkPooledByteBufAllocatorUseCacheForAllThreads(45)) - PERFORMANCE WARNING: useCacheForAllThreads is true that may cause Netty to create a lot garbage objects and, as a result, trigger GC.
	It is recommended to disable useCacheForAllThreads by setting -Dorg.apache.ratis.thirdparty.io.netty.allocator.useCacheForAllThreads=false in command line.
2019-09-27 09:59:10,769 [main] INFO  grpc.GrpcConfigKeys$Server (ConfUtils.java:logGet(43)) - raft.grpc.server.port = 0 (default)
2019-09-27 09:59:10,769 [main] INFO  server.GrpcService (ConfUtils.java:logGet(43)) - raft.grpc.message.size.max = 33570816 (custom)
2019-09-27 09:59:10,770 [main] INFO  server.RaftServerConfigKeys (ConfUtils.java:logGet(43)) - raft.server.log.appender.buffer.byte-limit = 33554432 (custom)
2019-09-27 09:59:10,770 [main] INFO  server.GrpcService (ConfUtils.java:logGet(43)) - raft.grpc.flow.control.window = 1MB (=1048576) (default)
2019-09-27 09:59:10,770 [main] INFO  server.RaftServerConfigKeys (ConfUtils.java:logGet(43)) - raft.server.rpc.request.timeout = 3000ms (default)
2019-09-27 09:59:10,771 [main] INFO  server.RaftServerConfigKeys (ConfUtils.java:logGet(43)) - raft.server.storage.dir = [/workdir/hadoop-ozone/integration-test/target/test-dir/MiniOzoneClusterImpl-f97b6056-80ca-4d0a-8f3e-89a36336af0c/datanode-4/data/ratis] (custom)
2019-09-27 09:59:10,772 [main] INFO  hdfs.DFSUtil (DFSUtil.java:httpServerTemplateForNNAndJN(1641)) - Starting Web-server for hddsDatanode at: http://0.0.0.0:0
2019-09-27 09:59:10,773 [main] INFO  server.AuthenticationFilter (AuthenticationFilter.java:constructSecretProvider(240)) - Unable to initialize FileSignerSecretProvider, falling back to use random secrets.
2019-09-27 09:59:10,774 [main] WARN  http.HttpRequestLog (HttpRequestLog.java:getRequestLog(97)) - Jetty request log can only be enabled using Log4j
2019-09-27 09:59:10,775 [main] INFO  http.HttpServer2 (HttpServer2.java:addGlobalFilter(975)) - Added global filter 'safety' (class=org.apache.hadoop.http.HttpServer2$QuotingInputFilter)
2019-09-27 09:59:10,776 [main] INFO  http.HttpServer2 (HttpServer2.java:addFilter(948)) - Added filter static_user_filter (class=org.apache.hadoop.http.lib.StaticUserWebFilter$StaticUserFilter) to context hddsDatanode
2019-09-27 09:59:10,776 [main] INFO  http.HttpServer2 (HttpServer2.java:addFilter(958)) - Added filter static_user_filter (class=org.apache.hadoop.http.lib.StaticUserWebFilter$StaticUserFilter) to context static
2019-09-27 09:59:10,776 [main] INFO  http.HttpServer2 (HttpServer2.java:addFilter(958)) - Added filter static_user_filter (class=org.apache.hadoop.http.lib.StaticUserWebFilter$StaticUserFilter) to context logs
2019-09-27 09:59:10,777 [main] INFO  http.HttpServer2 (HttpServer2.java:bindListener(1191)) - Jetty bound to port 44404
2019-09-27 09:59:10,777 [main] INFO  server.Server (Server.java:doStart(351)) - jetty-9.3.25.v20180904, build timestamp: 2018-09-04T21:11:46Z, git hash: 3ce520221d0240229c862b122d2b06c12a625732
2019-09-27 09:59:10,780 [main] INFO  handler.ContextHandler (ContextHandler.java:doStart(781)) - Started o.e.j.s.ServletContextHandler@c755b2{/logs,file:///workdir/hadoop-ozone/integration-test/target/log,AVAILABLE}
2019-09-27 09:59:10,780 [main] INFO  handler.ContextHandler (ContextHandler.java:doStart(781)) - Started o.e.j.s.ServletContextHandler@250a500b{/static,jar:file:/home/user/.m2/repository/org/apache/hadoop/hadoop-hdds-container-service/0.5.0-SNAPSHOT/hadoop-hdds-container-service-0.5.0-SNAPSHOT.jar!/webapps/static,AVAILABLE}
2019-09-27 09:59:10,809 [main] INFO  handler.ContextHandler (ContextHandler.java:doStart(781)) - Started o.e.j.w.WebAppContext@6ad16c5d{/,file:///tmp/jetty-0.0.0.0-44404-hddsDatanode-_-any-6292863676531915855.dir/webapp/,AVAILABLE}{/hddsDatanode}
2019-09-27 09:59:10,809 [main] INFO  server.AbstractConnector (AbstractConnector.java:doStart(278)) - Started ServerConnector@74ea46e2{HTTP/1.1,[http/1.1]}{0.0.0.0:44404}
2019-09-27 09:59:10,811 [main] INFO  server.Server (Server.java:doStart(419)) - Started @5635ms
2019-09-27 09:59:10,817 [main] WARN  impl.MetricsSystemImpl (MetricsSystemImpl.java:register(276)) - Sink prometheus already exists!
2019-09-27 09:59:10,818 [main] INFO  server.BaseHttpServer (BaseHttpServer.java:updateConnectorAddress(215)) - HTTP server of HDDSDATANODE is listening at http://0.0.0.0:44404
2019-09-27 09:59:10,818 [main] INFO  impl.MetricsSystemImpl (MetricsSystemImpl.java:init(158)) - HddsDatanode metrics system started (again)
2019-09-27 09:59:10,822 [main] INFO  ozone.HddsDatanodeService (HddsDatanodeService.java:start(184)) - HddsDatanodeService host:pr-hdds2162-4fxhj-20988671 ip:192.168.151.103
2019-09-27 09:59:10,822 [org.apache.hadoop.util.JvmPauseMonitor$Monitor@1691f4bd] INFO  util.JvmPauseMonitor (JvmPauseMonitor.java:run(188)) - Starting JVM pause monitor
2019-09-27 09:59:10,826 [Datanode State Machine Thread - 0] INFO  datanode.InitDatanodeState (InitDatanodeState.java:persistContainerDatanodeDetails(140)) - DatanodeDetails is persisted to /workdir/hadoop-ozone/integration-test/target/test-dir/MiniOzoneClusterImpl-f97b6056-80ca-4d0a-8f3e-89a36336af0c/datanode-4/meta/datanode.id
2019-09-27 09:59:10,830 [main] INFO  volume.HddsVolume (HddsVolume.java:<init>(176)) - Creating Volume: /workdir/hadoop-ozone/integration-test/target/test-dir/MiniOzoneClusterImpl-f97b6056-80ca-4d0a-8f3e-89a36336af0c/datanode-5/data/containers/hdds of  storage type : DISK and capacity : 1482555576320
2019-09-27 09:59:10,831 [main] INFO  volume.VolumeSet (VolumeSet.java:initializeVolumeSet(170)) - Added Volume : /workdir/hadoop-ozone/integration-test/target/test-dir/MiniOzoneClusterImpl-f97b6056-80ca-4d0a-8f3e-89a36336af0c/datanode-5/data/containers/hdds to VolumeSet
2019-09-27 09:59:10,831 [main] INFO  volume.ThrottledAsyncChecker (ThrottledAsyncChecker.java:schedule(139)) - Scheduling a check for org.apache.hadoop.ozone.container.common.volume.HddsVolume@117d32e
2019-09-27 09:59:10,831 [main] INFO  volume.HddsVolumeChecker (HddsVolumeChecker.java:checkAllVolumes(202)) - Scheduled health check for volume org.apache.hadoop.ozone.container.common.volume.HddsVolume@117d32e
2019-09-27 09:59:10,851 [main] INFO  impl.RaftServerProxy (ConfUtils.java:logGet(43)) - raft.rpc.type = GRPC (default)
2019-09-27 09:59:10,851 [main] INFO  grpc.GrpcFactory (GrpcFactory.java:checkPooledByteBufAllocatorUseCacheForAllThreads(45)) - PERFORMANCE WARNING: useCacheForAllThreads is true that may cause Netty to create a lot garbage objects and, as a result, trigger GC.
	It is recommended to disable useCacheForAllThreads by setting -Dorg.apache.ratis.thirdparty.io.netty.allocator.useCacheForAllThreads=false in command line.
2019-09-27 09:59:10,852 [main] INFO  grpc.GrpcConfigKeys$Server (ConfUtils.java:logGet(43)) - raft.grpc.server.port = 0 (default)
2019-09-27 09:59:10,852 [main] INFO  server.GrpcService (ConfUtils.java:logGet(43)) - raft.grpc.message.size.max = 33570816 (custom)
2019-09-27 09:59:10,852 [main] INFO  server.RaftServerConfigKeys (ConfUtils.java:logGet(43)) - raft.server.log.appender.buffer.byte-limit = 33554432 (custom)
2019-09-27 09:59:10,852 [main] INFO  server.GrpcService (ConfUtils.java:logGet(43)) - raft.grpc.flow.control.window = 1MB (=1048576) (default)
2019-09-27 09:59:10,853 [main] INFO  server.RaftServerConfigKeys (ConfUtils.java:logGet(43)) - raft.server.rpc.request.timeout = 3000ms (default)
2019-09-27 09:59:10,853 [main] INFO  server.RaftServerConfigKeys (ConfUtils.java:logGet(43)) - raft.server.storage.dir = [/workdir/hadoop-ozone/integration-test/target/test-dir/MiniOzoneClusterImpl-f97b6056-80ca-4d0a-8f3e-89a36336af0c/datanode-5/data/ratis] (custom)
2019-09-27 09:59:10,855 [main] INFO  hdfs.DFSUtil (DFSUtil.java:httpServerTemplateForNNAndJN(1641)) - Starting Web-server for hddsDatanode at: http://0.0.0.0:0
2019-09-27 09:59:10,857 [main] INFO  server.AuthenticationFilter (AuthenticationFilter.java:constructSecretProvider(240)) - Unable to initialize FileSignerSecretProvider, falling back to use random secrets.
2019-09-27 09:59:10,857 [main] WARN  http.HttpRequestLog (HttpRequestLog.java:getRequestLog(97)) - Jetty request log can only be enabled using Log4j
2019-09-27 09:59:10,859 [main] INFO  http.HttpServer2 (HttpServer2.java:addGlobalFilter(975)) - Added global filter 'safety' (class=org.apache.hadoop.http.HttpServer2$QuotingInputFilter)
2019-09-27 09:59:10,860 [main] INFO  http.HttpServer2 (HttpServer2.java:addFilter(948)) - Added filter static_user_filter (class=org.apache.hadoop.http.lib.StaticUserWebFilter$StaticUserFilter) to context hddsDatanode
2019-09-27 09:59:10,861 [main] INFO  http.HttpServer2 (HttpServer2.java:addFilter(958)) - Added filter static_user_filter (class=org.apache.hadoop.http.lib.StaticUserWebFilter$StaticUserFilter) to context logs
2019-09-27 09:59:10,861 [main] INFO  http.HttpServer2 (HttpServer2.java:addFilter(958)) - Added filter static_user_filter (class=org.apache.hadoop.http.lib.StaticUserWebFilter$StaticUserFilter) to context static
2019-09-27 09:59:10,862 [main] INFO  http.HttpServer2 (HttpServer2.java:bindListener(1191)) - Jetty bound to port 35169
2019-09-27 09:59:10,862 [main] INFO  server.Server (Server.java:doStart(351)) - jetty-9.3.25.v20180904, build timestamp: 2018-09-04T21:11:46Z, git hash: 3ce520221d0240229c862b122d2b06c12a625732
2019-09-27 09:59:10,865 [main] INFO  handler.ContextHandler (ContextHandler.java:doStart(781)) - Started o.e.j.s.ServletContextHandler@181d8899{/logs,file:///workdir/hadoop-ozone/integration-test/target/log,AVAILABLE}
2019-09-27 09:59:10,865 [main] INFO  handler.ContextHandler (ContextHandler.java:doStart(781)) - Started o.e.j.s.ServletContextHandler@b887730{/static,jar:file:/home/user/.m2/repository/org/apache/hadoop/hadoop-hdds-container-service/0.5.0-SNAPSHOT/hadoop-hdds-container-service-0.5.0-SNAPSHOT.jar!/webapps/static,AVAILABLE}
2019-09-27 09:59:10,906 [main] INFO  handler.ContextHandler (ContextHandler.java:doStart(781)) - Started o.e.j.w.WebAppContext@7ab34619{/,file:///tmp/jetty-0.0.0.0-35169-hddsDatanode-_-any-329035831952830837.dir/webapp/,AVAILABLE}{/hddsDatanode}
2019-09-27 09:59:10,907 [main] INFO  server.AbstractConnector (AbstractConnector.java:doStart(278)) - Started ServerConnector@ae2db25{HTTP/1.1,[http/1.1]}{0.0.0.0:35169}
2019-09-27 09:59:10,908 [main] INFO  server.Server (Server.java:doStart(419)) - Started @5733ms
2019-09-27 09:59:10,908 [main] WARN  impl.MetricsSystemImpl (MetricsSystemImpl.java:register(276)) - Sink prometheus already exists!
2019-09-27 09:59:10,909 [main] INFO  server.BaseHttpServer (BaseHttpServer.java:updateConnectorAddress(215)) - HTTP server of HDDSDATANODE is listening at http://0.0.0.0:35169
2019-09-27 09:59:10,910 [main] INFO  impl.MetricsSystemImpl (MetricsSystemImpl.java:init(158)) - HddsDatanode metrics system started (again)
2019-09-27 09:59:10,914 [org.apache.hadoop.util.JvmPauseMonitor$Monitor@17312992] INFO  util.JvmPauseMonitor (JvmPauseMonitor.java:run(188)) - Starting JVM pause monitor
2019-09-27 09:59:10,915 [main] INFO  ozone.HddsDatanodeService (HddsDatanodeService.java:start(184)) - HddsDatanodeService host:pr-hdds2162-4fxhj-20988671 ip:192.168.151.103
2019-09-27 09:59:10,918 [Datanode State Machine Thread - 0] INFO  datanode.InitDatanodeState (InitDatanodeState.java:persistContainerDatanodeDetails(140)) - DatanodeDetails is persisted to /workdir/hadoop-ozone/integration-test/target/test-dir/MiniOzoneClusterImpl-f97b6056-80ca-4d0a-8f3e-89a36336af0c/datanode-5/meta/datanode.id
2019-09-27 09:59:10,923 [main] INFO  volume.HddsVolume (HddsVolume.java:<init>(176)) - Creating Volume: /workdir/hadoop-ozone/integration-test/target/test-dir/MiniOzoneClusterImpl-f97b6056-80ca-4d0a-8f3e-89a36336af0c/datanode-6/data/containers/hdds of  storage type : DISK and capacity : 1482555576320
2019-09-27 09:59:10,923 [main] INFO  volume.VolumeSet (VolumeSet.java:initializeVolumeSet(170)) - Added Volume : /workdir/hadoop-ozone/integration-test/target/test-dir/MiniOzoneClusterImpl-f97b6056-80ca-4d0a-8f3e-89a36336af0c/datanode-6/data/containers/hdds to VolumeSet
2019-09-27 09:59:10,924 [main] INFO  volume.ThrottledAsyncChecker (ThrottledAsyncChecker.java:schedule(139)) - Scheduling a check for org.apache.hadoop.ozone.container.common.volume.HddsVolume@7f5538a1
2019-09-27 09:59:10,924 [main] INFO  volume.HddsVolumeChecker (HddsVolumeChecker.java:checkAllVolumes(202)) - Scheduled health check for volume org.apache.hadoop.ozone.container.common.volume.HddsVolume@7f5538a1
2019-09-27 09:59:10,940 [main] INFO  impl.RaftServerProxy (ConfUtils.java:logGet(43)) - raft.rpc.type = GRPC (default)
2019-09-27 09:59:10,940 [main] INFO  grpc.GrpcFactory (GrpcFactory.java:checkPooledByteBufAllocatorUseCacheForAllThreads(45)) - PERFORMANCE WARNING: useCacheForAllThreads is true that may cause Netty to create a lot garbage objects and, as a result, trigger GC.
	It is recommended to disable useCacheForAllThreads by setting -Dorg.apache.ratis.thirdparty.io.netty.allocator.useCacheForAllThreads=false in command line.
2019-09-27 09:59:10,940 [main] INFO  grpc.GrpcConfigKeys$Server (ConfUtils.java:logGet(43)) - raft.grpc.server.port = 0 (default)
2019-09-27 09:59:10,941 [main] INFO  server.GrpcService (ConfUtils.java:logGet(43)) - raft.grpc.message.size.max = 33570816 (custom)
2019-09-27 09:59:10,941 [main] INFO  server.RaftServerConfigKeys (ConfUtils.java:logGet(43)) - raft.server.log.appender.buffer.byte-limit = 33554432 (custom)
2019-09-27 09:59:10,941 [main] INFO  server.GrpcService (ConfUtils.java:logGet(43)) - raft.grpc.flow.control.window = 1MB (=1048576) (default)
2019-09-27 09:59:10,941 [main] INFO  server.RaftServerConfigKeys (ConfUtils.java:logGet(43)) - raft.server.rpc.request.timeout = 3000ms (default)
2019-09-27 09:59:10,942 [main] INFO  server.RaftServerConfigKeys (ConfUtils.java:logGet(43)) - raft.server.storage.dir = [/workdir/hadoop-ozone/integration-test/target/test-dir/MiniOzoneClusterImpl-f97b6056-80ca-4d0a-8f3e-89a36336af0c/datanode-6/data/ratis] (custom)
2019-09-27 09:59:10,943 [main] INFO  hdfs.DFSUtil (DFSUtil.java:httpServerTemplateForNNAndJN(1641)) - Starting Web-server for hddsDatanode at: http://0.0.0.0:0
2019-09-27 09:59:10,945 [main] INFO  server.AuthenticationFilter (AuthenticationFilter.java:constructSecretProvider(240)) - Unable to initialize FileSignerSecretProvider, falling back to use random secrets.
2019-09-27 09:59:10,945 [main] WARN  http.HttpRequestLog (HttpRequestLog.java:getRequestLog(97)) - Jetty request log can only be enabled using Log4j
2019-09-27 09:59:10,947 [main] INFO  http.HttpServer2 (HttpServer2.java:addGlobalFilter(975)) - Added global filter 'safety' (class=org.apache.hadoop.http.HttpServer2$QuotingInputFilter)
2019-09-27 09:59:10,947 [main] INFO  http.HttpServer2 (HttpServer2.java:addFilter(948)) - Added filter static_user_filter (class=org.apache.hadoop.http.lib.StaticUserWebFilter$StaticUserFilter) to context hddsDatanode
2019-09-27 09:59:10,947 [main] INFO  http.HttpServer2 (HttpServer2.java:addFilter(958)) - Added filter static_user_filter (class=org.apache.hadoop.http.lib.StaticUserWebFilter$StaticUserFilter) to context static
2019-09-27 09:59:10,948 [main] INFO  http.HttpServer2 (HttpServer2.java:addFilter(958)) - Added filter static_user_filter (class=org.apache.hadoop.http.lib.StaticUserWebFilter$StaticUserFilter) to context logs
2019-09-27 09:59:10,948 [main] INFO  http.HttpServer2 (HttpServer2.java:bindListener(1191)) - Jetty bound to port 39171
2019-09-27 09:59:10,948 [main] INFO  server.Server (Server.java:doStart(351)) - jetty-9.3.25.v20180904, build timestamp: 2018-09-04T21:11:46Z, git hash: 3ce520221d0240229c862b122d2b06c12a625732
2019-09-27 09:59:10,950 [main] INFO  handler.ContextHandler (ContextHandler.java:doStart(781)) - Started o.e.j.s.ServletContextHandler@58434b19{/logs,file:///workdir/hadoop-ozone/integration-test/target/log,AVAILABLE}
2019-09-27 09:59:10,951 [main] INFO  handler.ContextHandler (ContextHandler.java:doStart(781)) - Started o.e.j.s.ServletContextHandler@7dbe2ebf{/static,jar:file:/home/user/.m2/repository/org/apache/hadoop/hadoop-hdds-container-service/0.5.0-SNAPSHOT/hadoop-hdds-container-service-0.5.0-SNAPSHOT.jar!/webapps/static,AVAILABLE}
2019-09-27 09:59:10,979 [main] INFO  handler.ContextHandler (ContextHandler.java:doStart(781)) - Started o.e.j.w.WebAppContext@3c74aa0d{/,file:///tmp/jetty-0.0.0.0-39171-hddsDatanode-_-any-7925059926273874845.dir/webapp/,AVAILABLE}{/hddsDatanode}
2019-09-27 09:59:10,979 [main] INFO  server.AbstractConnector (AbstractConnector.java:doStart(278)) - Started ServerConnector@6c841199{HTTP/1.1,[http/1.1]}{0.0.0.0:39171}
2019-09-27 09:59:10,981 [main] INFO  server.Server (Server.java:doStart(419)) - Started @5805ms
2019-09-27 09:59:10,981 [main] WARN  impl.MetricsSystemImpl (MetricsSystemImpl.java:register(276)) - Sink prometheus already exists!
2019-09-27 09:59:10,981 [main] INFO  server.BaseHttpServer (BaseHttpServer.java:updateConnectorAddress(215)) - HTTP server of HDDSDATANODE is listening at http://0.0.0.0:39171
2019-09-27 09:59:10,985 [main] INFO  ozone.MiniOzoneClusterImpl (MiniOzoneClusterImpl.java:lambda$waitForClusterToBeReady$0(147)) - Waiting for cluster to be ready. Got 0 of 7 DN Heartbeats.
2019-09-27 09:59:10,986 [org.apache.hadoop.util.JvmPauseMonitor$Monitor@ff50466] INFO  util.JvmPauseMonitor (JvmPauseMonitor.java:run(188)) - Starting JVM pause monitor
2019-09-27 09:59:10,989 [Datanode State Machine Thread - 0] INFO  datanode.InitDatanodeState (InitDatanodeState.java:persistContainerDatanodeDetails(140)) - DatanodeDetails is persisted to /workdir/hadoop-ozone/integration-test/target/test-dir/MiniOzoneClusterImpl-f97b6056-80ca-4d0a-8f3e-89a36336af0c/datanode-6/meta/datanode.id
2019-09-27 09:59:11,986 [main] INFO  ozone.MiniOzoneClusterImpl (MiniOzoneClusterImpl.java:lambda$waitForClusterToBeReady$0(147)) - Waiting for cluster to be ready. Got 0 of 7 DN Heartbeats.
2019-09-27 09:59:12,539 [Datanode State Machine Thread - 0] INFO  ozoneimpl.OzoneContainer (OzoneContainer.java:start(217)) - Attempting to start container services.
2019-09-27 09:59:12,543 [Datanode State Machine Thread - 0] INFO  ozoneimpl.OzoneContainer (OzoneContainer.java:startContainerScrub(179)) - Background container scanner has been disabled.
2019-09-27 09:59:12,544 [Datanode State Machine Thread - 0] INFO  ratis.XceiverServerRatis (XceiverServerRatis.java:start(411)) - Starting XceiverServerRatis 0bcfdd62-3878-4412-9a7b-270e304bd33f at port 0
2019-09-27 09:59:12,576 [Datanode State Machine Thread - 0] INFO  impl.RaftServerProxy (RaftServerProxy.java:lambda$start$3(299)) - 0bcfdd62-3878-4412-9a7b-270e304bd33f: start RPC server
2019-09-27 09:59:12,586 [Datanode State Machine Thread - 0] INFO  ozoneimpl.OzoneContainer (OzoneContainer.java:start(217)) - Attempting to start container services.
2019-09-27 09:59:12,593 [Datanode State Machine Thread - 0] INFO  ozoneimpl.OzoneContainer (OzoneContainer.java:startContainerScrub(179)) - Background container scanner has been disabled.
2019-09-27 09:59:12,593 [Datanode State Machine Thread - 0] INFO  ratis.XceiverServerRatis (XceiverServerRatis.java:start(411)) - Starting XceiverServerRatis 3e4a6c72-a651-45f4-ad3d-9f31c18d5887 at port 0
2019-09-27 09:59:12,602 [Datanode State Machine Thread - 0] INFO  impl.RaftServerProxy (RaftServerProxy.java:lambda$start$3(299)) - 3e4a6c72-a651-45f4-ad3d-9f31c18d5887: start RPC server
2019-09-27 09:59:12,676 [Datanode State Machine Thread - 0] INFO  ozoneimpl.OzoneContainer (OzoneContainer.java:start(217)) - Attempting to start container services.
2019-09-27 09:59:12,680 [Datanode State Machine Thread - 0] INFO  ozoneimpl.OzoneContainer (OzoneContainer.java:startContainerScrub(179)) - Background container scanner has been disabled.
2019-09-27 09:59:12,681 [Datanode State Machine Thread - 0] INFO  ratis.XceiverServerRatis (XceiverServerRatis.java:start(411)) - Starting XceiverServerRatis 5b0d7dbd-1701-4a84-8425-9a9d8091f3c4 at port 0
2019-09-27 09:59:12,689 [Datanode State Machine Thread - 0] INFO  impl.RaftServerProxy (RaftServerProxy.java:lambda$start$3(299)) - 5b0d7dbd-1701-4a84-8425-9a9d8091f3c4: start RPC server
2019-09-27 09:59:12,744 [Datanode State Machine Thread - 0] INFO  server.GrpcService (GrpcService.java:startImpl(158)) - 0bcfdd62-3878-4412-9a7b-270e304bd33f: GrpcService started, listening on 0.0.0.0/0.0.0.0:38626
2019-09-27 09:59:12,744 [Datanode State Machine Thread - 0] INFO  server.GrpcService (GrpcService.java:startImpl(158)) - 3e4a6c72-a651-45f4-ad3d-9f31c18d5887: GrpcService started, listening on 0.0.0.0/0.0.0.0:39140
2019-09-27 09:59:12,744 [Datanode State Machine Thread - 0] INFO  server.GrpcService (GrpcService.java:startImpl(158)) - 5b0d7dbd-1701-4a84-8425-9a9d8091f3c4: GrpcService started, listening on 0.0.0.0/0.0.0.0:38592
2019-09-27 09:59:12,745 [Datanode State Machine Thread - 0] INFO  ratis.XceiverServerRatis (XceiverServerRatis.java:start(421)) - XceiverServerRatis 3e4a6c72-a651-45f4-ad3d-9f31c18d5887 is started using port 39140
2019-09-27 09:59:12,745 [Datanode State Machine Thread - 0] INFO  ratis.XceiverServerRatis (XceiverServerRatis.java:start(421)) - XceiverServerRatis 0bcfdd62-3878-4412-9a7b-270e304bd33f is started using port 38626
2019-09-27 09:59:12,745 [Datanode State Machine Thread - 0] INFO  ratis.XceiverServerRatis (XceiverServerRatis.java:start(421)) - XceiverServerRatis 5b0d7dbd-1701-4a84-8425-9a9d8091f3c4 is started using port 38592
2019-09-27 09:59:12,757 [Datanode State Machine Thread - 0] INFO  server.XceiverServerGrpc (XceiverServerGrpc.java:start(149)) - XceiverServerGrpc 0bcfdd62-3878-4412-9a7b-270e304bd33f is started using port 33665
2019-09-27 09:59:12,758 [Datanode State Machine Thread - 0] INFO  server.XceiverServerGrpc (XceiverServerGrpc.java:start(149)) - XceiverServerGrpc 3e4a6c72-a651-45f4-ad3d-9f31c18d5887 is started using port 35743
2019-09-27 09:59:12,757 [Datanode State Machine Thread - 0] INFO  server.XceiverServerGrpc (XceiverServerGrpc.java:start(149)) - XceiverServerGrpc 5b0d7dbd-1701-4a84-8425-9a9d8091f3c4 is started using port 44273
2019-09-27 09:59:12,770 [Datanode State Machine Thread - 0] INFO  ozoneimpl.OzoneContainer (OzoneContainer.java:start(217)) - Attempting to start container services.
2019-09-27 09:59:12,770 [Datanode State Machine Thread - 0] INFO  ozoneimpl.OzoneContainer (OzoneContainer.java:startContainerScrub(179)) - Background container scanner has been disabled.
2019-09-27 09:59:12,774 [Datanode State Machine Thread - 0] INFO  ratis.XceiverServerRatis (XceiverServerRatis.java:start(411)) - Starting XceiverServerRatis 17627f09-c64f-4a32-be95-414265d9eb02 at port 0
2019-09-27 09:59:12,785 [Datanode State Machine Thread - 0] INFO  impl.RaftServerProxy (RaftServerProxy.java:lambda$start$3(299)) - 17627f09-c64f-4a32-be95-414265d9eb02: start RPC server
2019-09-27 09:59:12,788 [Datanode State Machine Thread - 0] INFO  server.GrpcService (GrpcService.java:startImpl(158)) - 17627f09-c64f-4a32-be95-414265d9eb02: GrpcService started, listening on 0.0.0.0/0.0.0.0:34984
2019-09-27 09:59:12,788 [Datanode State Machine Thread - 0] INFO  ratis.XceiverServerRatis (XceiverServerRatis.java:start(421)) - XceiverServerRatis 17627f09-c64f-4a32-be95-414265d9eb02 is started using port 34984
2019-09-27 09:59:12,791 [Datanode State Machine Thread - 0] INFO  server.XceiverServerGrpc (XceiverServerGrpc.java:start(149)) - XceiverServerGrpc 17627f09-c64f-4a32-be95-414265d9eb02 is started using port 45805
2019-09-27 09:59:12,838 [Datanode State Machine Thread - 0] INFO  ozoneimpl.OzoneContainer (OzoneContainer.java:start(217)) - Attempting to start container services.
2019-09-27 09:59:12,838 [Datanode State Machine Thread - 0] INFO  ozoneimpl.OzoneContainer (OzoneContainer.java:startContainerScrub(179)) - Background container scanner has been disabled.
2019-09-27 09:59:12,839 [Datanode State Machine Thread - 0] INFO  ratis.XceiverServerRatis (XceiverServerRatis.java:start(411)) - Starting XceiverServerRatis c7642098-e716-426b-bee3-02b0ecc21bb4 at port 0
2019-09-27 09:59:12,849 [Datanode State Machine Thread - 0] INFO  impl.RaftServerProxy (RaftServerProxy.java:lambda$start$3(299)) - c7642098-e716-426b-bee3-02b0ecc21bb4: start RPC server
2019-09-27 09:59:12,853 [Datanode State Machine Thread - 0] INFO  server.GrpcService (GrpcService.java:startImpl(158)) - c7642098-e716-426b-bee3-02b0ecc21bb4: GrpcService started, listening on 0.0.0.0/0.0.0.0:42518
2019-09-27 09:59:12,853 [Datanode State Machine Thread - 0] INFO  ratis.XceiverServerRatis (XceiverServerRatis.java:start(421)) - XceiverServerRatis c7642098-e716-426b-bee3-02b0ecc21bb4 is started using port 42518
2019-09-27 09:59:12,856 [Datanode State Machine Thread - 0] INFO  server.XceiverServerGrpc (XceiverServerGrpc.java:start(149)) - XceiverServerGrpc c7642098-e716-426b-bee3-02b0ecc21bb4 is started using port 35452
2019-09-27 09:59:12,931 [Datanode State Machine Thread - 0] INFO  ozoneimpl.OzoneContainer (OzoneContainer.java:start(217)) - Attempting to start container services.
2019-09-27 09:59:12,931 [Datanode State Machine Thread - 0] INFO  ozoneimpl.OzoneContainer (OzoneContainer.java:startContainerScrub(179)) - Background container scanner has been disabled.
2019-09-27 09:59:12,931 [Datanode State Machine Thread - 0] INFO  ratis.XceiverServerRatis (XceiverServerRatis.java:start(411)) - Starting XceiverServerRatis 7073ba57-90fa-45e1-a6d3-87c26f71d023 at port 0
2019-09-27 09:59:12,940 [Datanode State Machine Thread - 0] INFO  impl.RaftServerProxy (RaftServerProxy.java:lambda$start$3(299)) - 7073ba57-90fa-45e1-a6d3-87c26f71d023: start RPC server
2019-09-27 09:59:12,944 [Datanode State Machine Thread - 0] INFO  server.GrpcService (GrpcService.java:startImpl(158)) - 7073ba57-90fa-45e1-a6d3-87c26f71d023: GrpcService started, listening on 0.0.0.0/0.0.0.0:41965
2019-09-27 09:59:12,945 [Datanode State Machine Thread - 0] INFO  ratis.XceiverServerRatis (XceiverServerRatis.java:start(421)) - XceiverServerRatis 7073ba57-90fa-45e1-a6d3-87c26f71d023 is started using port 41965
2019-09-27 09:59:12,949 [Datanode State Machine Thread - 0] INFO  server.XceiverServerGrpc (XceiverServerGrpc.java:start(149)) - XceiverServerGrpc 7073ba57-90fa-45e1-a6d3-87c26f71d023 is started using port 45295
2019-09-27 09:59:12,988 [main] INFO  ozone.MiniOzoneClusterImpl (MiniOzoneClusterImpl.java:lambda$waitForClusterToBeReady$0(147)) - Waiting for cluster to be ready. Got 0 of 7 DN Heartbeats.
2019-09-27 09:59:13,001 [Datanode State Machine Thread - 0] INFO  ozoneimpl.OzoneContainer (OzoneContainer.java:start(217)) - Attempting to start container services.
2019-09-27 09:59:13,002 [Datanode State Machine Thread - 0] INFO  ozoneimpl.OzoneContainer (OzoneContainer.java:startContainerScrub(179)) - Background container scanner has been disabled.
2019-09-27 09:59:13,002 [Datanode State Machine Thread - 0] INFO  ratis.XceiverServerRatis (XceiverServerRatis.java:start(411)) - Starting XceiverServerRatis 5b3e2021-d7d4-4a5d-96a1-be67d08a7fc9 at port 0
2019-09-27 09:59:13,011 [Datanode State Machine Thread - 0] INFO  impl.RaftServerProxy (RaftServerProxy.java:lambda$start$3(299)) - 5b3e2021-d7d4-4a5d-96a1-be67d08a7fc9: start RPC server
2019-09-27 09:59:13,016 [Datanode State Machine Thread - 0] INFO  server.GrpcService (GrpcService.java:startImpl(158)) - 5b3e2021-d7d4-4a5d-96a1-be67d08a7fc9: GrpcService started, listening on 0.0.0.0/0.0.0.0:44989
2019-09-27 09:59:13,016 [Datanode State Machine Thread - 0] INFO  ratis.XceiverServerRatis (XceiverServerRatis.java:start(421)) - XceiverServerRatis 5b3e2021-d7d4-4a5d-96a1-be67d08a7fc9 is started using port 44989
2019-09-27 09:59:13,020 [Datanode State Machine Thread - 0] INFO  server.XceiverServerGrpc (XceiverServerGrpc.java:start(149)) - XceiverServerGrpc 5b3e2021-d7d4-4a5d-96a1-be67d08a7fc9 is started using port 39523
2019-09-27 09:59:13,989 [main] INFO  ozone.MiniOzoneClusterImpl (MiniOzoneClusterImpl.java:lambda$waitForClusterToBeReady$0(147)) - Waiting for cluster to be ready. Got 0 of 7 DN Heartbeats.
2019-09-27 09:59:14,519 [IPC Server handler 0 on 37722] INFO  net.NetworkTopology (NetworkTopologyImpl.java:add(111)) - Added a new node: /default-rack/0bcfdd62-3878-4412-9a7b-270e304bd33f
2019-09-27 09:59:14,520 [IPC Server handler 0 on 37722] INFO  node.SCMNodeManager (SCMNodeManager.java:register(266)) - Registered Data node : 0bcfdd62-3878-4412-9a7b-270e304bd33f{ip: 192.168.151.103, host: pr-hdds2162-4fxhj-20988671, networkLocation: /default-rack, certSerialId: null}
2019-09-27 09:59:14,527 [EventQueue-NodeRegistrationContainerReportForDataNodeSafeModeRule] INFO  safemode.SCMSafeModeManager (DataNodeSafeModeRule.java:process(71)) - SCM in safe mode. 1 DataNodes registered, 1 required.
2019-09-27 09:59:14,527 [EventQueue-NodeRegistrationContainerReportForDataNodeSafeModeRule] INFO  safemode.SCMSafeModeManager (SCMSafeModeManager.java:validateSafeModeExitRules(177)) - ScmSafeModeManager, all rules are successfully validated
2019-09-27 09:59:14,527 [EventQueue-NodeRegistrationContainerReportForDataNodeSafeModeRule] INFO  safemode.SCMSafeModeManager (SCMSafeModeManager.java:exitSafeMode(193)) - SCM exiting safe mode.
2019-09-27 09:59:14,564 [IPC Server handler 1 on 37722] INFO  net.NetworkTopology (NetworkTopologyImpl.java:add(111)) - Added a new node: /default-rack/3e4a6c72-a651-45f4-ad3d-9f31c18d5887
2019-09-27 09:59:14,565 [IPC Server handler 1 on 37722] INFO  node.SCMNodeManager (SCMNodeManager.java:register(266)) - Registered Data node : 3e4a6c72-a651-45f4-ad3d-9f31c18d5887{ip: 192.168.151.103, host: pr-hdds2162-4fxhj-20988671, networkLocation: /default-rack, certSerialId: null}
2019-09-27 09:59:14,664 [IPC Server handler 3 on 37722] INFO  net.NetworkTopology (NetworkTopologyImpl.java:add(111)) - Added a new node: /default-rack/5b0d7dbd-1701-4a84-8425-9a9d8091f3c4
2019-09-27 09:59:14,664 [IPC Server handler 3 on 37722] INFO  node.SCMNodeManager (SCMNodeManager.java:register(266)) - Registered Data node : 5b0d7dbd-1701-4a84-8425-9a9d8091f3c4{ip: 192.168.151.103, host: pr-hdds2162-4fxhj-20988671, networkLocation: /default-rack, certSerialId: null}
2019-09-27 09:59:14,749 [IPC Server handler 4 on 37722] INFO  net.NetworkTopology (NetworkTopologyImpl.java:add(111)) - Added a new node: /default-rack/17627f09-c64f-4a32-be95-414265d9eb02
2019-09-27 09:59:14,749 [IPC Server handler 4 on 37722] INFO  node.SCMNodeManager (SCMNodeManager.java:register(266)) - Registered Data node : 17627f09-c64f-4a32-be95-414265d9eb02{ip: 192.168.151.103, host: pr-hdds2162-4fxhj-20988671, networkLocation: /default-rack, certSerialId: null}
2019-09-27 09:59:14,825 [IPC Server handler 5 on 37722] INFO  net.NetworkTopology (NetworkTopologyImpl.java:add(111)) - Added a new node: /default-rack/c7642098-e716-426b-bee3-02b0ecc21bb4
2019-09-27 09:59:14,826 [IPC Server handler 5 on 37722] INFO  node.SCMNodeManager (SCMNodeManager.java:register(266)) - Registered Data node : c7642098-e716-426b-bee3-02b0ecc21bb4{ip: 192.168.151.103, host: pr-hdds2162-4fxhj-20988671, networkLocation: /default-rack, certSerialId: null}
2019-09-27 09:59:14,921 [IPC Server handler 6 on 37722] INFO  net.NetworkTopology (NetworkTopologyImpl.java:add(111)) - Added a new node: /default-rack/7073ba57-90fa-45e1-a6d3-87c26f71d023
2019-09-27 09:59:14,921 [IPC Server handler 6 on 37722] INFO  node.SCMNodeManager (SCMNodeManager.java:register(266)) - Registered Data node : 7073ba57-90fa-45e1-a6d3-87c26f71d023{ip: 192.168.151.103, host: pr-hdds2162-4fxhj-20988671, networkLocation: /default-rack, certSerialId: null}
2019-09-27 09:59:14,989 [main] INFO  ozone.MiniOzoneClusterImpl (MiniOzoneClusterImpl.java:lambda$waitForClusterToBeReady$0(147)) - Waiting for cluster to be ready. Got 6 of 7 DN Heartbeats.
2019-09-27 09:59:14,989 [IPC Server handler 7 on 37722] INFO  net.NetworkTopology (NetworkTopologyImpl.java:add(111)) - Added a new node: /default-rack/5b3e2021-d7d4-4a5d-96a1-be67d08a7fc9
2019-09-27 09:59:14,990 [IPC Server handler 7 on 37722] INFO  node.SCMNodeManager (SCMNodeManager.java:register(266)) - Registered Data node : 5b3e2021-d7d4-4a5d-96a1-be67d08a7fc9{ip: 192.168.151.103, host: pr-hdds2162-4fxhj-20988671, networkLocation: /default-rack, certSerialId: null}
2019-09-27 09:59:15,137 [grpc-default-executor-0] INFO  impl.RaftServerProxy (RaftServerProxy.java:addNew(89)) - 0bcfdd62-3878-4412-9a7b-270e304bd33f: addNew group-4CC59DA26929:[0bcfdd62-3878-4412-9a7b-270e304bd33f:192.168.151.103:38626] returns group-4CC59DA26929:java.util.concurrent.CompletableFuture@60b189fe[Not completed]
2019-09-27 09:59:15,161 [pool-27-thread-1] INFO  impl.RaftServerImpl (RaftServerImpl.java:<init>(95)) - 0bcfdd62-3878-4412-9a7b-270e304bd33f: new RaftServerImpl for group-4CC59DA26929:[0bcfdd62-3878-4412-9a7b-270e304bd33f:192.168.151.103:38626] with ContainerStateMachine:uninitialized
2019-09-27 09:59:15,163 [pool-27-thread-1] INFO  server.RaftServerConfigKeys (ConfUtils.java:logGet(43)) - raft.server.rpc.timeout.min = 5s (custom)
2019-09-27 09:59:15,166 [pool-27-thread-1] INFO  server.RaftServerConfigKeys (ConfUtils.java:logGet(43)) - raft.server.rpc.timeout.max = 5200ms (custom)
2019-09-27 09:59:15,166 [pool-27-thread-1] INFO  server.RaftServerConfigKeys (ConfUtils.java:logGet(43)) - raft.server.rpcslowness.timeout = 120s (custom)
2019-09-27 09:59:15,167 [pool-27-thread-1] INFO  server.RaftServerConfigKeys (ConfUtils.java:logGet(43)) - raft.server.sleep.deviation.threshold = 300 (default)
2019-09-27 09:59:15,168 [pool-27-thread-1] INFO  server.RaftServerConfigKeys (ConfUtils.java:logGet(43)) - raft.server.log.appender.install.snapshot.enabled = false (custom)
2019-09-27 09:59:15,178 [pool-27-thread-1] INFO  impl.RaftServerImpl (ServerState.java:<init>(103)) - 0bcfdd62-3878-4412-9a7b-270e304bd33f@group-4CC59DA26929: ConfigurationManager, init=-1: [0bcfdd62-3878-4412-9a7b-270e304bd33f:192.168.151.103:38626], old=null, confs=<EMPTY_MAP>
2019-09-27 09:59:15,179 [pool-27-thread-1] INFO  server.RaftServerConfigKeys (ConfUtils.java:logGet(43)) - raft.server.storage.dir = [/workdir/hadoop-ozone/integration-test/target/test-dir/MiniOzoneClusterImpl-f97b6056-80ca-4d0a-8f3e-89a36336af0c/datanode-0/data/ratis] (custom)
2019-09-27 09:59:15,188 [pool-27-thread-1] INFO  storage.RaftStorageDirectory (RaftStorageDirectory.java:analyzeStorage(246)) - The storage directory /workdir/hadoop-ozone/integration-test/target/test-dir/MiniOzoneClusterImpl-f97b6056-80ca-4d0a-8f3e-89a36336af0c/datanode-0/data/ratis/01c23adc-acbb-46a5-9391-4cc59da26929 does not exist. Creating ...
2019-09-27 09:59:15,214 [pool-27-thread-1] INFO  storage.RaftStorageDirectory (RaftStorageDirectory.java:tryLock(328)) - Lock on /workdir/hadoop-ozone/integration-test/target/test-dir/MiniOzoneClusterImpl-f97b6056-80ca-4d0a-8f3e-89a36336af0c/datanode-0/data/ratis/01c23adc-acbb-46a5-9391-4cc59da26929/in_use.lock acquired by nodename 30667@pr-hdds2162-4fxhj-20988671
2019-09-27 09:59:15,220 [pool-27-thread-1] INFO  storage.RaftStorage (RaftStorage.java:format(72)) - Storage directory /workdir/hadoop-ozone/integration-test/target/test-dir/MiniOzoneClusterImpl-f97b6056-80ca-4d0a-8f3e-89a36336af0c/datanode-0/data/ratis/01c23adc-acbb-46a5-9391-4cc59da26929 has been successfully formatted.
2019-09-27 09:59:15,222 [pool-27-thread-1] INFO  ratis.ContainerStateMachine (ContainerStateMachine.java:loadSnapshot(230)) - group-4CC59DA26929: The snapshot info is null. Setting the last applied indexto:(t:0, i:~)
2019-09-27 09:59:15,223 [pool-27-thread-1] INFO  server.RaftServerConfigKeys (ConfUtils.java:logGet(43)) - raft.server.notification.no-leader.timeout = 120s (custom)
2019-09-27 09:59:15,225 [pool-27-thread-1] INFO  server.RaftServerConfigKeys (ConfUtils.java:logGet(43)) - raft.server.log.use.memory = false (default)
2019-09-27 09:59:15,232 [pool-27-thread-1] INFO  server.RaftServerConfigKeys (ConfUtils.java:logGet(43)) - raft.server.log.purge.gap = 1000000 (custom)
2019-09-27 09:59:15,232 [pool-27-thread-1] INFO  server.RaftServerConfigKeys (ConfUtils.java:logGet(43)) - raft.server.log.appender.buffer.byte-limit = 33554432 (custom)
2019-09-27 09:59:15,235 [pool-27-thread-1] INFO  server.RaftServerConfigKeys (ConfUtils.java:logGet(43)) - raft.server.log.segment.size.max = 1048576 (custom)
2019-09-27 09:59:15,241 [pool-27-thread-1] INFO  server.RaftServerConfigKeys (ConfUtils.java:logGet(43)) - raft.server.log.segment.cache.num.max = 2 (custom)
2019-09-27 09:59:15,248 [pool-27-thread-1] INFO  segmented.SegmentedRaftLogWorker (SegmentedRaftLogWorker.java:<init>(172)) - new 0bcfdd62-3878-4412-9a7b-270e304bd33f@group-4CC59DA26929-SegmentedRaftLogWorker for RaftStorage:Storage Directory /workdir/hadoop-ozone/integration-test/target/test-dir/MiniOzoneClusterImpl-f97b6056-80ca-4d0a-8f3e-89a36336af0c/datanode-0/data/ratis/01c23adc-acbb-46a5-9391-4cc59da26929
2019-09-27 09:59:15,250 [pool-27-thread-1] INFO  impl.MetricsSystemImpl (MetricsSystemImpl.java:init(158)) - ratis metrics system started (again)
2019-09-27 09:59:15,258 [pool-27-thread-1] INFO  metrics.MetricRegistries (MetricRegistriesLoader.java:load(64)) - Loaded MetricRegistries class org.apache.ratis.metrics.impl.MetricRegistriesImpl
2019-09-27 09:59:15,288 [pool-27-thread-1] INFO  server.RaftServerConfigKeys (ConfUtils.java:logGet(43)) - raft.server.log.queue.byte-limit = 2147483647 (custom)
2019-09-27 09:59:15,289 [pool-27-thread-1] INFO  server.RaftServerConfigKeys (ConfUtils.java:logGet(43)) - raft.server.log.queue.element-limit = 1024 (custom)
2019-09-27 09:59:15,291 [pool-27-thread-1] INFO  server.RaftServerConfigKeys (ConfUtils.java:logGet(43)) - raft.server.log.segment.size.max = 1048576 (custom)
2019-09-27 09:59:15,292 [pool-27-thread-1] INFO  server.RaftServerConfigKeys (ConfUtils.java:logGet(43)) - raft.server.log.preallocated.size = 16384 (custom)
2019-09-27 09:59:15,292 [pool-27-thread-1] INFO  server.RaftServerConfigKeys (ConfUtils.java:logGet(43)) - raft.server.log.write.buffer.size = 33554432 (custom)
2019-09-27 09:59:15,293 [pool-27-thread-1] INFO  server.RaftServerConfigKeys (ConfUtils.java:logGet(43)) - raft.server.log.force.sync.num = 128 (default)
2019-09-27 09:59:15,294 [pool-27-thread-1] INFO  server.RaftServerConfigKeys (ConfUtils.java:logGet(43)) - raft.server.log.statemachine.data.sync = true (default)
2019-09-27 09:59:15,294 [pool-27-thread-1] INFO  server.RaftServerConfigKeys (ConfUtils.java:logGet(43)) - raft.server.log.statemachine.data.sync.timeout = 10s (default)
2019-09-27 09:59:15,294 [pool-27-thread-1] INFO  server.RaftServerConfigKeys (ConfUtils.java:logGet(43)) - raft.server.log.statemachine.data.sync.timeout.retry = -1 (default)
2019-09-27 09:59:15,302 [pool-27-thread-1] INFO  server.RaftServerConfigKeys (ConfUtils.java:logGet(43)) - raft.server.log.statemachine.data.caching.enabled = true (custom)
2019-09-27 09:59:15,307 [pool-27-thread-1] INFO  segmented.SegmentedRaftLogWorker (SegmentedRaftLogWorker.java:lambda$new$0(132)) - 0bcfdd62-3878-4412-9a7b-270e304bd33f@group-4CC59DA26929-SegmentedRaftLogWorker: flushIndex: setUnconditionally 0 -> -1
2019-09-27 09:59:15,311 [pool-27-thread-1] INFO  server.RaftServerConfigKeys (ConfUtils.java:logGet(43)) - raft.server.snapshot.auto.trigger.enabled = true (custom)
2019-09-27 09:59:15,312 [pool-27-thread-1] INFO  server.RaftServerConfigKeys (ConfUtils.java:logGet(43)) - raft.server.snapshot.auto.trigger.threshold = 10000 (custom)
2019-09-27 09:59:15,312 [pool-27-thread-1] INFO  server.RaftServerConfigKeys (ConfUtils.java:logGet(43)) - raft.server.snapshot.retention.num.files = 5 (custom)
2019-09-27 09:59:15,313 [pool-27-thread-1] INFO  server.RaftServerConfigKeys (ConfUtils.java:logGet(43)) - raft.server.retrycache.expirytime = 600000ms (custom)
2019-09-27 09:59:15,339 [pool-27-thread-1] INFO  impl.RaftServerImpl (RaftServerImpl.java:start(185)) - 0bcfdd62-3878-4412-9a7b-270e304bd33f@group-4CC59DA26929: start as a follower, conf=-1: [0bcfdd62-3878-4412-9a7b-270e304bd33f:192.168.151.103:38626], old=null
2019-09-27 09:59:15,340 [pool-27-thread-1] INFO  impl.RaftServerImpl (RaftServerImpl.java:setRole(174)) - 0bcfdd62-3878-4412-9a7b-270e304bd33f@group-4CC59DA26929: changes role from      null to FOLLOWER at term 0 for startAsFollower
2019-09-27 09:59:15,341 [pool-27-thread-1] INFO  impl.RoleInfo (RoleInfo.java:updateAndGet(143)) - 0bcfdd62-3878-4412-9a7b-270e304bd33f: start FollowerState
2019-09-27 09:59:15,342 [pool-27-thread-1] INFO  util.JmxRegister (JmxRegister.java:tryRegister(44)) - Successfully registered JMX Bean with object name Ratis:service=RaftServer,group=group-4CC59DA26929,id=0bcfdd62-3878-4412-9a7b-270e304bd33f
2019-09-27 09:59:15,412 [RatisPipelineUtilsThread] INFO  pipeline.PipelineStateManager (PipelineStateManager.java:addPipeline(56)) - Created pipeline Pipeline[ Id: 01c23adc-acbb-46a5-9391-4cc59da26929, Nodes: 0bcfdd62-3878-4412-9a7b-270e304bd33f{ip: 192.168.151.103, host: pr-hdds2162-4fxhj-20988671, networkLocation: /default-rack, certSerialId: null}, Type:RATIS, Factor:ONE, State:OPEN]
2019-09-27 09:59:15,446 [grpc-default-executor-0] INFO  impl.RaftServerProxy (RaftServerProxy.java:addNew(89)) - 5b3e2021-d7d4-4a5d-96a1-be67d08a7fc9: addNew group-CF45BF6ABD5A:[5b3e2021-d7d4-4a5d-96a1-be67d08a7fc9:192.168.151.103:44989] returns group-CF45BF6ABD5A:java.util.concurrent.CompletableFuture@4612f270[Not completed]
2019-09-27 09:59:15,513 [pool-87-thread-1] INFO  impl.RaftServerImpl (RaftServerImpl.java:<init>(95)) - 5b3e2021-d7d4-4a5d-96a1-be67d08a7fc9: new RaftServerImpl for group-CF45BF6ABD5A:[5b3e2021-d7d4-4a5d-96a1-be67d08a7fc9:192.168.151.103:44989] with ContainerStateMachine:uninitialized
2019-09-27 09:59:15,515 [pool-87-thread-1] INFO  server.RaftServerConfigKeys (ConfUtils.java:logGet(43)) - raft.server.rpc.timeout.min = 5s (custom)
2019-09-27 09:59:15,515 [pool-87-thread-1] INFO  server.RaftServerConfigKeys (ConfUtils.java:logGet(43)) - raft.server.rpc.timeout.max = 5200ms (custom)
2019-09-27 09:59:15,516 [pool-87-thread-1] INFO  server.RaftServerConfigKeys (ConfUtils.java:logGet(43)) - raft.server.rpcslowness.timeout = 120s (custom)
2019-09-27 09:59:15,516 [pool-87-thread-1] INFO  server.RaftServerConfigKeys (ConfUtils.java:logGet(43)) - raft.server.sleep.deviation.threshold = 300 (default)
2019-09-27 09:59:15,516 [pool-87-thread-1] INFO  server.RaftServerConfigKeys (ConfUtils.java:logGet(43)) - raft.server.log.appender.install.snapshot.enabled = false (custom)
2019-09-27 09:59:15,516 [pool-87-thread-1] INFO  impl.RaftServerImpl (ServerState.java:<init>(103)) - 5b3e2021-d7d4-4a5d-96a1-be67d08a7fc9@group-CF45BF6ABD5A: ConfigurationManager, init=-1: [5b3e2021-d7d4-4a5d-96a1-be67d08a7fc9:192.168.151.103:44989], old=null, confs=<EMPTY_MAP>
2019-09-27 09:59:15,517 [pool-87-thread-1] INFO  server.RaftServerConfigKeys (ConfUtils.java:logGet(43)) - raft.server.storage.dir = [/workdir/hadoop-ozone/integration-test/target/test-dir/MiniOzoneClusterImpl-f97b6056-80ca-4d0a-8f3e-89a36336af0c/datanode-6/data/ratis] (custom)
2019-09-27 09:59:15,517 [pool-87-thread-1] INFO  storage.RaftStorageDirectory (RaftStorageDirectory.java:analyzeStorage(246)) - The storage directory /workdir/hadoop-ozone/integration-test/target/test-dir/MiniOzoneClusterImpl-f97b6056-80ca-4d0a-8f3e-89a36336af0c/datanode-6/data/ratis/aa8a8da9-adce-44a6-8629-cf45bf6abd5a does not exist. Creating ...
2019-09-27 09:59:15,536 [pool-87-thread-1] INFO  storage.RaftStorageDirectory (RaftStorageDirectory.java:tryLock(328)) - Lock on /workdir/hadoop-ozone/integration-test/target/test-dir/MiniOzoneClusterImpl-f97b6056-80ca-4d0a-8f3e-89a36336af0c/datanode-6/data/ratis/aa8a8da9-adce-44a6-8629-cf45bf6abd5a/in_use.lock acquired by nodename 30667@pr-hdds2162-4fxhj-20988671
2019-09-27 09:59:15,549 [pool-87-thread-1] INFO  storage.RaftStorage (RaftStorage.java:format(72)) - Storage directory /workdir/hadoop-ozone/integration-test/target/test-dir/MiniOzoneClusterImpl-f97b6056-80ca-4d0a-8f3e-89a36336af0c/datanode-6/data/ratis/aa8a8da9-adce-44a6-8629-cf45bf6abd5a has been successfully formatted.
2019-09-27 09:59:15,552 [pool-87-thread-1] INFO  ratis.ContainerStateMachine (ContainerStateMachine.java:loadSnapshot(230)) - group-CF45BF6ABD5A: The snapshot info is null. Setting the last applied indexto:(t:0, i:~)
2019-09-27 09:59:15,554 [pool-87-thread-1] INFO  server.RaftServerConfigKeys (ConfUtils.java:logGet(43)) - raft.server.notification.no-leader.timeout = 120s (custom)
2019-09-27 09:59:15,554 [pool-87-thread-1] INFO  server.RaftServerConfigKeys (ConfUtils.java:logGet(43)) - raft.server.log.use.memory = false (default)
2019-09-27 09:59:15,554 [pool-87-thread-1] INFO  server.RaftServerConfigKeys (ConfUtils.java:logGet(43)) - raft.server.log.purge.gap = 1000000 (custom)
2019-09-27 09:59:15,554 [pool-87-thread-1] INFO  server.RaftServerConfigKeys (ConfUtils.java:logGet(43)) - raft.server.log.appender.buffer.byte-limit = 33554432 (custom)
2019-09-27 09:59:15,554 [pool-87-thread-1] INFO  server.RaftServerConfigKeys (ConfUtils.java:logGet(43)) - raft.server.log.segment.size.max = 1048576 (custom)
2019-09-27 09:59:15,555 [pool-87-thread-1] INFO  server.RaftServerConfigKeys (ConfUtils.java:logGet(43)) - raft.server.log.segment.cache.num.max = 2 (custom)
2019-09-27 09:59:15,555 [pool-87-thread-1] INFO  segmented.SegmentedRaftLogWorker (SegmentedRaftLogWorker.java:<init>(172)) - new 5b3e2021-d7d4-4a5d-96a1-be67d08a7fc9@group-CF45BF6ABD5A-SegmentedRaftLogWorker for RaftStorage:Storage Directory /workdir/hadoop-ozone/integration-test/target/test-dir/MiniOzoneClusterImpl-f97b6056-80ca-4d0a-8f3e-89a36336af0c/datanode-6/data/ratis/aa8a8da9-adce-44a6-8629-cf45bf6abd5a
2019-09-27 09:59:15,563 [pool-87-thread-1] INFO  server.RaftServerConfigKeys (ConfUtils.java:logGet(43)) - raft.server.log.queue.byte-limit = 2147483647 (custom)
2019-09-27 09:59:15,563 [pool-87-thread-1] INFO  server.RaftServerConfigKeys (ConfUtils.java:logGet(43)) - raft.server.log.queue.element-limit = 1024 (custom)
2019-09-27 09:59:15,564 [pool-87-thread-1] INFO  server.RaftServerConfigKeys (ConfUtils.java:logGet(43)) - raft.server.log.segment.size.max = 1048576 (custom)
2019-09-27 09:59:15,564 [pool-87-thread-1] INFO  server.RaftServerConfigKeys (ConfUtils.java:logGet(43)) - raft.server.log.preallocated.size = 16384 (custom)
2019-09-27 09:59:15,564 [pool-87-thread-1] INFO  server.RaftServerConfigKeys (ConfUtils.java:logGet(43)) - raft.server.log.write.buffer.size = 33554432 (custom)
2019-09-27 09:59:15,564 [pool-87-thread-1] INFO  server.RaftServerConfigKeys (ConfUtils.java:logGet(43)) - raft.server.log.force.sync.num = 128 (default)
2019-09-27 09:59:15,564 [pool-87-thread-1] INFO  server.RaftServerConfigKeys (ConfUtils.java:logGet(43)) - raft.server.log.statemachine.data.sync = true (default)
2019-09-27 09:59:15,565 [pool-87-thread-1] INFO  server.RaftServerConfigKeys (ConfUtils.java:logGet(43)) - raft.server.log.statemachine.data.sync.timeout = 10s (default)
2019-09-27 09:59:15,565 [pool-87-thread-1] INFO  server.RaftServerConfigKeys (ConfUtils.java:logGet(43)) - raft.server.log.statemachine.data.sync.timeout.retry = -1 (default)
2019-09-27 09:59:15,565 [pool-87-thread-1] INFO  server.RaftServerConfigKeys (ConfUtils.java:logGet(43)) - raft.server.log.statemachine.data.caching.enabled = true (custom)
2019-09-27 09:59:15,566 [pool-87-thread-1] INFO  segmented.SegmentedRaftLogWorker (SegmentedRaftLogWorker.java:lambda$new$0(132)) - 5b3e2021-d7d4-4a5d-96a1-be67d08a7fc9@group-CF45BF6ABD5A-SegmentedRaftLogWorker: flushIndex: setUnconditionally 0 -> -1
2019-09-27 09:59:15,566 [pool-87-thread-1] INFO  server.RaftServerConfigKeys (ConfUtils.java:logGet(43)) - raft.server.snapshot.auto.trigger.enabled = true (custom)
2019-09-27 09:59:15,566 [pool-87-thread-1] INFO  server.RaftServerConfigKeys (ConfUtils.java:logGet(43)) - raft.server.snapshot.auto.trigger.threshold = 10000 (custom)
2019-09-27 09:59:15,566 [pool-87-thread-1] INFO  server.RaftServerConfigKeys (ConfUtils.java:logGet(43)) - raft.server.snapshot.retention.num.files = 5 (custom)
2019-09-27 09:59:15,567 [pool-87-thread-1] INFO  server.RaftServerConfigKeys (ConfUtils.java:logGet(43)) - raft.server.retrycache.expirytime = 600000ms (custom)
2019-09-27 09:59:15,573 [pool-87-thread-1] INFO  impl.RaftServerImpl (RaftServerImpl.java:start(185)) - 5b3e2021-d7d4-4a5d-96a1-be67d08a7fc9@group-CF45BF6ABD5A: start as a follower, conf=-1: [5b3e2021-d7d4-4a5d-96a1-be67d08a7fc9:192.168.151.103:44989], old=null
2019-09-27 09:59:15,573 [pool-87-thread-1] INFO  impl.RaftServerImpl (RaftServerImpl.java:setRole(174)) - 5b3e2021-d7d4-4a5d-96a1-be67d08a7fc9@group-CF45BF6ABD5A: changes role from      null to FOLLOWER at term 0 for startAsFollower
2019-09-27 09:59:15,573 [pool-87-thread-1] INFO  impl.RoleInfo (RoleInfo.java:updateAndGet(143)) - 5b3e2021-d7d4-4a5d-96a1-be67d08a7fc9: start FollowerState
2019-09-27 09:59:15,576 [pool-87-thread-1] INFO  util.JmxRegister (JmxRegister.java:tryRegister(44)) - Successfully registered JMX Bean with object name Ratis:service=RaftServer,group=group-CF45BF6ABD5A,id=5b3e2021-d7d4-4a5d-96a1-be67d08a7fc9
2019-09-27 09:59:15,598 [RatisPipelineUtilsThread] INFO  pipeline.PipelineStateManager (PipelineStateManager.java:addPipeline(56)) - Created pipeline Pipeline[ Id: aa8a8da9-adce-44a6-8629-cf45bf6abd5a, Nodes: 5b3e2021-d7d4-4a5d-96a1-be67d08a7fc9{ip: 192.168.151.103, host: pr-hdds2162-4fxhj-20988671, networkLocation: /default-rack, certSerialId: null}, Type:RATIS, Factor:ONE, State:OPEN]
2019-09-27 09:59:15,627 [grpc-default-executor-0] INFO  impl.RaftServerProxy (RaftServerProxy.java:addNew(89)) - c7642098-e716-426b-bee3-02b0ecc21bb4: addNew group-4C01C2FB6FE9:[c7642098-e716-426b-bee3-02b0ecc21bb4:192.168.151.103:42518] returns group-4C01C2FB6FE9:java.util.concurrent.CompletableFuture@7f338940[Not completed]
2019-09-27 09:59:15,652 [pool-67-thread-1] INFO  impl.RaftServerImpl (RaftServerImpl.java:<init>(95)) - c7642098-e716-426b-bee3-02b0ecc21bb4: new RaftServerImpl for group-4C01C2FB6FE9:[c7642098-e716-426b-bee3-02b0ecc21bb4:192.168.151.103:42518] with ContainerStateMachine:uninitialized
2019-09-27 09:59:15,652 [pool-67-thread-1] INFO  server.RaftServerConfigKeys (ConfUtils.java:logGet(43)) - raft.server.rpc.timeout.min = 5s (custom)
2019-09-27 09:59:15,652 [pool-67-thread-1] INFO  server.RaftServerConfigKeys (ConfUtils.java:logGet(43)) - raft.server.rpc.timeout.max = 5200ms (custom)
2019-09-27 09:59:15,652 [pool-67-thread-1] INFO  server.RaftServerConfigKeys (ConfUtils.java:logGet(43)) - raft.server.rpcslowness.timeout = 120s (custom)
2019-09-27 09:59:15,653 [pool-67-thread-1] INFO  server.RaftServerConfigKeys (ConfUtils.java:logGet(43)) - raft.server.sleep.deviation.threshold = 300 (default)
2019-09-27 09:59:15,653 [pool-67-thread-1] INFO  server.RaftServerConfigKeys (ConfUtils.java:logGet(43)) - raft.server.log.appender.install.snapshot.enabled = false (custom)
2019-09-27 09:59:15,653 [pool-67-thread-1] INFO  impl.RaftServerImpl (ServerState.java:<init>(103)) - c7642098-e716-426b-bee3-02b0ecc21bb4@group-4C01C2FB6FE9: ConfigurationManager, init=-1: [c7642098-e716-426b-bee3-02b0ecc21bb4:192.168.151.103:42518], old=null, confs=<EMPTY_MAP>
2019-09-27 09:59:15,653 [pool-67-thread-1] INFO  server.RaftServerConfigKeys (ConfUtils.java:logGet(43)) - raft.server.storage.dir = [/workdir/hadoop-ozone/integration-test/target/test-dir/MiniOzoneClusterImpl-f97b6056-80ca-4d0a-8f3e-89a36336af0c/datanode-4/data/ratis] (custom)
2019-09-27 09:59:15,654 [pool-67-thread-1] INFO  storage.RaftStorageDirectory (RaftStorageDirectory.java:analyzeStorage(246)) - The storage directory /workdir/hadoop-ozone/integration-test/target/test-dir/MiniOzoneClusterImpl-f97b6056-80ca-4d0a-8f3e-89a36336af0c/datanode-4/data/ratis/00a1d878-26c6-4b3c-81e9-4c01c2fb6fe9 does not exist. Creating ...
2019-09-27 09:59:15,675 [pool-67-thread-1] INFO  storage.RaftStorageDirectory (RaftStorageDirectory.java:tryLock(328)) - Lock on /workdir/hadoop-ozone/integration-test/target/test-dir/MiniOzoneClusterImpl-f97b6056-80ca-4d0a-8f3e-89a36336af0c/datanode-4/data/ratis/00a1d878-26c6-4b3c-81e9-4c01c2fb6fe9/in_use.lock acquired by nodename 30667@pr-hdds2162-4fxhj-20988671
2019-09-27 09:59:15,688 [pool-67-thread-1] INFO  storage.RaftStorage (RaftStorage.java:format(72)) - Storage directory /workdir/hadoop-ozone/integration-test/target/test-dir/MiniOzoneClusterImpl-f97b6056-80ca-4d0a-8f3e-89a36336af0c/datanode-4/data/ratis/00a1d878-26c6-4b3c-81e9-4c01c2fb6fe9 has been successfully formatted.
2019-09-27 09:59:15,689 [pool-67-thread-1] INFO  ratis.ContainerStateMachine (ContainerStateMachine.java:loadSnapshot(230)) - group-4C01C2FB6FE9: The snapshot info is null. Setting the last applied indexto:(t:0, i:~)
2019-09-27 09:59:15,689 [pool-67-thread-1] INFO  server.RaftServerConfigKeys (ConfUtils.java:logGet(43)) - raft.server.notification.no-leader.timeout = 120s (custom)
2019-09-27 09:59:15,689 [pool-67-thread-1] INFO  server.RaftServerConfigKeys (ConfUtils.java:logGet(43)) - raft.server.log.use.memory = false (default)
2019-09-27 09:59:15,689 [pool-67-thread-1] INFO  server.RaftServerConfigKeys (ConfUtils.java:logGet(43)) - raft.server.log.purge.gap = 1000000 (custom)
2019-09-27 09:59:15,690 [pool-67-thread-1] INFO  server.RaftServerConfigKeys (ConfUtils.java:logGet(43)) - raft.server.log.appender.buffer.byte-limit = 33554432 (custom)
2019-09-27 09:59:15,690 [pool-67-thread-1] INFO  server.RaftServerConfigKeys (ConfUtils.java:logGet(43)) - raft.server.log.segment.size.max = 1048576 (custom)
2019-09-27 09:59:15,690 [pool-67-thread-1] INFO  server.RaftServerConfigKeys (ConfUtils.java:logGet(43)) - raft.server.log.segment.cache.num.max = 2 (custom)
2019-09-27 09:59:15,690 [pool-67-thread-1] INFO  segmented.SegmentedRaftLogWorker (SegmentedRaftLogWorker.java:<init>(172)) - new c7642098-e716-426b-bee3-02b0ecc21bb4@group-4C01C2FB6FE9-SegmentedRaftLogWorker for RaftStorage:Storage Directory /workdir/hadoop-ozone/integration-test/target/test-dir/MiniOzoneClusterImpl-f97b6056-80ca-4d0a-8f3e-89a36336af0c/datanode-4/data/ratis/00a1d878-26c6-4b3c-81e9-4c01c2fb6fe9
2019-09-27 09:59:15,739 [pool-67-thread-1] INFO  server.RaftServerConfigKeys (ConfUtils.java:logGet(43)) - raft.server.log.queue.byte-limit = 2147483647 (custom)
2019-09-27 09:59:15,739 [pool-67-thread-1] INFO  server.RaftServerConfigKeys (ConfUtils.java:logGet(43)) - raft.server.log.queue.element-limit = 1024 (custom)
2019-09-27 09:59:15,740 [pool-67-thread-1] INFO  server.RaftServerConfigKeys (ConfUtils.java:logGet(43)) - raft.server.log.segment.size.max = 1048576 (custom)
2019-09-27 09:59:15,740 [pool-67-thread-1] INFO  server.RaftServerConfigKeys (ConfUtils.java:logGet(43)) - raft.server.log.preallocated.size = 16384 (custom)
2019-09-27 09:59:15,740 [pool-67-thread-1] INFO  server.RaftServerConfigKeys (ConfUtils.java:logGet(43)) - raft.server.log.write.buffer.size = 33554432 (custom)
2019-09-27 09:59:15,740 [pool-67-thread-1] INFO  server.RaftServerConfigKeys (ConfUtils.java:logGet(43)) - raft.server.log.force.sync.num = 128 (default)
2019-09-27 09:59:15,740 [pool-67-thread-1] INFO  server.RaftServerConfigKeys (ConfUtils.java:logGet(43)) - raft.server.log.statemachine.data.sync = true (default)
2019-09-27 09:59:15,741 [pool-67-thread-1] INFO  server.RaftServerConfigKeys (ConfUtils.java:logGet(43)) - raft.server.log.statemachine.data.sync.timeout = 10s (default)
2019-09-27 09:59:15,741 [pool-67-thread-1] INFO  server.RaftServerConfigKeys (ConfUtils.java:logGet(43)) - raft.server.log.statemachine.data.sync.timeout.retry = -1 (default)
2019-09-27 09:59:15,741 [pool-67-thread-1] INFO  server.RaftServerConfigKeys (ConfUtils.java:logGet(43)) - raft.server.log.statemachine.data.caching.enabled = true (custom)
2019-09-27 09:59:15,742 [pool-67-thread-1] INFO  segmented.SegmentedRaftLogWorker (SegmentedRaftLogWorker.java:lambda$new$0(132)) - c7642098-e716-426b-bee3-02b0ecc21bb4@group-4C01C2FB6FE9-SegmentedRaftLogWorker: flushIndex: setUnconditionally 0 -> -1
2019-09-27 09:59:15,742 [pool-67-thread-1] INFO  server.RaftServerConfigKeys (ConfUtils.java:logGet(43)) - raft.server.snapshot.auto.trigger.enabled = true (custom)
2019-09-27 09:59:15,742 [pool-67-thread-1] INFO  server.RaftServerConfigKeys (ConfUtils.java:logGet(43)) - raft.server.snapshot.auto.trigger.threshold = 10000 (custom)
2019-09-27 09:59:15,743 [pool-67-thread-1] INFO  server.RaftServerConfigKeys (ConfUtils.java:logGet(43)) - raft.server.snapshot.retention.num.files = 5 (custom)
2019-09-27 09:59:15,743 [pool-67-thread-1] INFO  server.RaftServerConfigKeys (ConfUtils.java:logGet(43)) - raft.server.retrycache.expirytime = 600000ms (custom)
2019-09-27 09:59:15,749 [pool-67-thread-1] INFO  impl.RaftServerImpl (RaftServerImpl.java:start(185)) - c7642098-e716-426b-bee3-02b0ecc21bb4@group-4C01C2FB6FE9: start as a follower, conf=-1: [c7642098-e716-426b-bee3-02b0ecc21bb4:192.168.151.103:42518], old=null
2019-09-27 09:59:15,749 [pool-67-thread-1] INFO  impl.RaftServerImpl (RaftServerImpl.java:setRole(174)) - c7642098-e716-426b-bee3-02b0ecc21bb4@group-4C01C2FB6FE9: changes role from      null to FOLLOWER at term 0 for startAsFollower
2019-09-27 09:59:15,750 [pool-67-thread-1] INFO  impl.RoleInfo (RoleInfo.java:updateAndGet(143)) - c7642098-e716-426b-bee3-02b0ecc21bb4: start FollowerState
2019-09-27 09:59:15,750 [pool-67-thread-1] INFO  util.JmxRegister (JmxRegister.java:tryRegister(44)) - Successfully registered JMX Bean with object name Ratis:service=RaftServer,group=group-4C01C2FB6FE9,id=c7642098-e716-426b-bee3-02b0ecc21bb4
2019-09-27 09:59:15,764 [RatisPipelineUtilsThread] INFO  pipeline.PipelineStateManager (PipelineStateManager.java:addPipeline(56)) - Created pipeline Pipeline[ Id: 00a1d878-26c6-4b3c-81e9-4c01c2fb6fe9, Nodes: c7642098-e716-426b-bee3-02b0ecc21bb4{ip: 192.168.151.103, host: pr-hdds2162-4fxhj-20988671, networkLocation: /default-rack, certSerialId: null}, Type:RATIS, Factor:ONE, State:OPEN]
2019-09-27 09:59:15,789 [grpc-default-executor-0] INFO  impl.RaftServerProxy (RaftServerProxy.java:addNew(89)) - 5b0d7dbd-1701-4a84-8425-9a9d8091f3c4: addNew group-DE789E0F0D82:[5b0d7dbd-1701-4a84-8425-9a9d8091f3c4:192.168.151.103:38592] returns group-DE789E0F0D82:java.util.concurrent.CompletableFuture@343f752c[Not completed]
2019-09-27 09:59:15,793 [pool-47-thread-1] INFO  impl.RaftServerImpl (RaftServerImpl.java:<init>(95)) - 5b0d7dbd-1701-4a84-8425-9a9d8091f3c4: new RaftServerImpl for group-DE789E0F0D82:[5b0d7dbd-1701-4a84-8425-9a9d8091f3c4:192.168.151.103:38592] with ContainerStateMachine:uninitialized
2019-09-27 09:59:15,793 [pool-47-thread-1] INFO  server.RaftServerConfigKeys (ConfUtils.java:logGet(43)) - raft.server.rpc.timeout.min = 5s (custom)
2019-09-27 09:59:15,794 [pool-47-thread-1] INFO  server.RaftServerConfigKeys (ConfUtils.java:logGet(43)) - raft.server.rpc.timeout.max = 5200ms (custom)
2019-09-27 09:59:15,794 [pool-47-thread-1] INFO  server.RaftServerConfigKeys (ConfUtils.java:logGet(43)) - raft.server.rpcslowness.timeout = 120s (custom)
2019-09-27 09:59:15,794 [pool-47-thread-1] INFO  server.RaftServerConfigKeys (ConfUtils.java:logGet(43)) - raft.server.sleep.deviation.threshold = 300 (default)
2019-09-27 09:59:15,794 [pool-47-thread-1] INFO  server.RaftServerConfigKeys (ConfUtils.java:logGet(43)) - raft.server.log.appender.install.snapshot.enabled = false (custom)
2019-09-27 09:59:15,794 [pool-47-thread-1] INFO  impl.RaftServerImpl (ServerState.java:<init>(103)) - 5b0d7dbd-1701-4a84-8425-9a9d8091f3c4@group-DE789E0F0D82: ConfigurationManager, init=-1: [5b0d7dbd-1701-4a84-8425-9a9d8091f3c4:192.168.151.103:38592], old=null, confs=<EMPTY_MAP>
2019-09-27 09:59:15,795 [pool-47-thread-1] INFO  server.RaftServerConfigKeys (ConfUtils.java:logGet(43)) - raft.server.storage.dir = [/workdir/hadoop-ozone/integration-test/target/test-dir/MiniOzoneClusterImpl-f97b6056-80ca-4d0a-8f3e-89a36336af0c/datanode-2/data/ratis] (custom)
2019-09-27 09:59:15,796 [pool-47-thread-1] INFO  storage.RaftStorageDirectory (RaftStorageDirectory.java:analyzeStorage(246)) - The storage directory /workdir/hadoop-ozone/integration-test/target/test-dir/MiniOzoneClusterImpl-f97b6056-80ca-4d0a-8f3e-89a36336af0c/datanode-2/data/ratis/a00994dd-34d6-47bd-8acb-de789e0f0d82 does not exist. Creating ...
2019-09-27 09:59:15,828 [pool-47-thread-1] INFO  storage.RaftStorageDirectory (RaftStorageDirectory.java:tryLock(328)) - Lock on /workdir/hadoop-ozone/integration-test/target/test-dir/MiniOzoneClusterImpl-f97b6056-80ca-4d0a-8f3e-89a36336af0c/datanode-2/data/ratis/a00994dd-34d6-47bd-8acb-de789e0f0d82/in_use.lock acquired by nodename 30667@pr-hdds2162-4fxhj-20988671
2019-09-27 09:59:15,853 [pool-47-thread-1] INFO  storage.RaftStorage (RaftStorage.java:format(72)) - Storage directory /workdir/hadoop-ozone/integration-test/target/test-dir/MiniOzoneClusterImpl-f97b6056-80ca-4d0a-8f3e-89a36336af0c/datanode-2/data/ratis/a00994dd-34d6-47bd-8acb-de789e0f0d82 has been successfully formatted.
2019-09-27 09:59:15,854 [pool-47-thread-1] INFO  ratis.ContainerStateMachine (ContainerStateMachine.java:loadSnapshot(230)) - group-DE789E0F0D82: The snapshot info is null. Setting the last applied indexto:(t:0, i:~)
2019-09-27 09:59:15,854 [pool-47-thread-1] INFO  server.RaftServerConfigKeys (ConfUtils.java:logGet(43)) - raft.server.notification.no-leader.timeout = 120s (custom)
2019-09-27 09:59:15,854 [pool-47-thread-1] INFO  server.RaftServerConfigKeys (ConfUtils.java:logGet(43)) - raft.server.log.use.memory = false (default)
2019-09-27 09:59:15,855 [pool-47-thread-1] INFO  server.RaftServerConfigKeys (ConfUtils.java:logGet(43)) - raft.server.log.purge.gap = 1000000 (custom)
2019-09-27 09:59:15,855 [pool-47-thread-1] INFO  server.RaftServerConfigKeys (ConfUtils.java:logGet(43)) - raft.server.log.appender.buffer.byte-limit = 33554432 (custom)
2019-09-27 09:59:15,855 [pool-47-thread-1] INFO  server.RaftServerConfigKeys (ConfUtils.java:logGet(43)) - raft.server.log.segment.size.max = 1048576 (custom)
2019-09-27 09:59:15,855 [pool-47-thread-1] INFO  server.RaftServerConfigKeys (ConfUtils.java:logGet(43)) - raft.server.log.segment.cache.num.max = 2 (custom)
2019-09-27 09:59:15,855 [pool-47-thread-1] INFO  segmented.SegmentedRaftLogWorker (SegmentedRaftLogWorker.java:<init>(172)) - new 5b0d7dbd-1701-4a84-8425-9a9d8091f3c4@group-DE789E0F0D82-SegmentedRaftLogWorker for RaftStorage:Storage Directory /workdir/hadoop-ozone/integration-test/target/test-dir/MiniOzoneClusterImpl-f97b6056-80ca-4d0a-8f3e-89a36336af0c/datanode-2/data/ratis/a00994dd-34d6-47bd-8acb-de789e0f0d82
2019-09-27 09:59:15,862 [pool-47-thread-1] INFO  server.RaftServerConfigKeys (ConfUtils.java:logGet(43)) - raft.server.log.queue.byte-limit = 2147483647 (custom)
2019-09-27 09:59:15,862 [pool-47-thread-1] INFO  server.RaftServerConfigKeys (ConfUtils.java:logGet(43)) - raft.server.log.queue.element-limit = 1024 (custom)
2019-09-27 09:59:15,862 [pool-47-thread-1] INFO  server.RaftServerConfigKeys (ConfUtils.java:logGet(43)) - raft.server.log.segment.size.max = 1048576 (custom)
2019-09-27 09:59:15,863 [pool-47-thread-1] INFO  server.RaftServerConfigKeys (ConfUtils.java:logGet(43)) - raft.server.log.preallocated.size = 16384 (custom)
2019-09-27 09:59:15,863 [pool-47-thread-1] INFO  server.RaftServerConfigKeys (ConfUtils.java:logGet(43)) - raft.server.log.write.buffer.size = 33554432 (custom)
2019-09-27 09:59:15,863 [pool-47-thread-1] INFO  server.RaftServerConfigKeys (ConfUtils.java:logGet(43)) - raft.server.log.force.sync.num = 128 (default)
2019-09-27 09:59:15,863 [pool-47-thread-1] INFO  server.RaftServerConfigKeys (ConfUtils.java:logGet(43)) - raft.server.log.statemachine.data.sync = true (default)
2019-09-27 09:59:15,864 [pool-47-thread-1] INFO  server.RaftServerConfigKeys (ConfUtils.java:logGet(43)) - raft.server.log.statemachine.data.sync.timeout = 10s (default)
2019-09-27 09:59:15,864 [pool-47-thread-1] INFO  server.RaftServerConfigKeys (ConfUtils.java:logGet(43)) - raft.server.log.statemachine.data.sync.timeout.retry = -1 (default)
2019-09-27 09:59:15,864 [pool-47-thread-1] INFO  server.RaftServerConfigKeys (ConfUtils.java:logGet(43)) - raft.server.log.statemachine.data.caching.enabled = true (custom)
2019-09-27 09:59:15,865 [pool-47-thread-1] INFO  segmented.SegmentedRaftLogWorker (SegmentedRaftLogWorker.java:lambda$new$0(132)) - 5b0d7dbd-1701-4a84-8425-9a9d8091f3c4@group-DE789E0F0D82-SegmentedRaftLogWorker: flushIndex: setUnconditionally 0 -> -1
2019-09-27 09:59:15,865 [pool-47-thread-1] INFO  server.RaftServerConfigKeys (ConfUtils.java:logGet(43)) - raft.server.snapshot.auto.trigger.enabled = true (custom)
2019-09-27 09:59:15,865 [pool-47-thread-1] INFO  server.RaftServerConfigKeys (ConfUtils.java:logGet(43)) - raft.server.snapshot.auto.trigger.threshold = 10000 (custom)
2019-09-27 09:59:15,865 [pool-47-thread-1] INFO  server.RaftServerConfigKeys (ConfUtils.java:logGet(43)) - raft.server.snapshot.retention.num.files = 5 (custom)
2019-09-27 09:59:15,866 [pool-47-thread-1] INFO  server.RaftServerConfigKeys (ConfUtils.java:logGet(43)) - raft.server.retrycache.expirytime = 600000ms (custom)
2019-09-27 09:59:15,872 [pool-47-thread-1] INFO  impl.RaftServerImpl (RaftServerImpl.java:start(185)) - 5b0d7dbd-1701-4a84-8425-9a9d8091f3c4@group-DE789E0F0D82: start as a follower, conf=-1: [5b0d7dbd-1701-4a84-8425-9a9d8091f3c4:192.168.151.103:38592], old=null
2019-09-27 09:59:15,872 [pool-47-thread-1] INFO  impl.RaftServerImpl (RaftServerImpl.java:setRole(174)) - 5b0d7dbd-1701-4a84-8425-9a9d8091f3c4@group-DE789E0F0D82: changes role from      null to FOLLOWER at term 0 for startAsFollower
2019-09-27 09:59:15,872 [pool-47-thread-1] INFO  impl.RoleInfo (RoleInfo.java:updateAndGet(143)) - 5b0d7dbd-1701-4a84-8425-9a9d8091f3c4: start FollowerState
2019-09-27 09:59:15,873 [pool-47-thread-1] INFO  util.JmxRegister (JmxRegister.java:tryRegister(44)) - Successfully registered JMX Bean with object name Ratis:service=RaftServer,group=group-DE789E0F0D82,id=5b0d7dbd-1701-4a84-8425-9a9d8091f3c4
2019-09-27 09:59:15,886 [RatisPipelineUtilsThread] INFO  pipeline.PipelineStateManager (PipelineStateManager.java:addPipeline(56)) - Created pipeline Pipeline[ Id: a00994dd-34d6-47bd-8acb-de789e0f0d82, Nodes: 5b0d7dbd-1701-4a84-8425-9a9d8091f3c4{ip: 192.168.151.103, host: pr-hdds2162-4fxhj-20988671, networkLocation: /default-rack, certSerialId: null}, Type:RATIS, Factor:ONE, State:OPEN]
2019-09-27 09:59:15,908 [grpc-default-executor-0] INFO  impl.RaftServerProxy (RaftServerProxy.java:addNew(89)) - 17627f09-c64f-4a32-be95-414265d9eb02: addNew group-8A08FEE89D50:[17627f09-c64f-4a32-be95-414265d9eb02:192.168.151.103:34984] returns group-8A08FEE89D50:java.util.concurrent.CompletableFuture@79002feb[Not completed]
2019-09-27 09:59:15,913 [pool-57-thread-1] INFO  impl.RaftServerImpl (RaftServerImpl.java:<init>(95)) - 17627f09-c64f-4a32-be95-414265d9eb02: new RaftServerImpl for group-8A08FEE89D50:[17627f09-c64f-4a32-be95-414265d9eb02:192.168.151.103:34984] with ContainerStateMachine:uninitialized
2019-09-27 09:59:15,914 [pool-57-thread-1] INFO  server.RaftServerConfigKeys (ConfUtils.java:logGet(43)) - raft.server.rpc.timeout.min = 5s (custom)
2019-09-27 09:59:15,914 [pool-57-thread-1] INFO  server.RaftServerConfigKeys (ConfUtils.java:logGet(43)) - raft.server.rpc.timeout.max = 5200ms (custom)
2019-09-27 09:59:15,914 [pool-57-thread-1] INFO  server.RaftServerConfigKeys (ConfUtils.java:logGet(43)) - raft.server.rpcslowness.timeout = 120s (custom)
2019-09-27 09:59:15,915 [pool-57-thread-1] INFO  server.RaftServerConfigKeys (ConfUtils.java:logGet(43)) - raft.server.sleep.deviation.threshold = 300 (default)
2019-09-27 09:59:15,915 [pool-57-thread-1] INFO  server.RaftServerConfigKeys (ConfUtils.java:logGet(43)) - raft.server.log.appender.install.snapshot.enabled = false (custom)
2019-09-27 09:59:15,915 [pool-57-thread-1] INFO  impl.RaftServerImpl (ServerState.java:<init>(103)) - 17627f09-c64f-4a32-be95-414265d9eb02@group-8A08FEE89D50: ConfigurationManager, init=-1: [17627f09-c64f-4a32-be95-414265d9eb02:192.168.151.103:34984], old=null, confs=<EMPTY_MAP>
2019-09-27 09:59:15,915 [pool-57-thread-1] INFO  server.RaftServerConfigKeys (ConfUtils.java:logGet(43)) - raft.server.storage.dir = [/workdir/hadoop-ozone/integration-test/target/test-dir/MiniOzoneClusterImpl-f97b6056-80ca-4d0a-8f3e-89a36336af0c/datanode-3/data/ratis] (custom)
2019-09-27 09:59:15,916 [pool-57-thread-1] INFO  storage.RaftStorageDirectory (RaftStorageDirectory.java:analyzeStorage(246)) - The storage directory /workdir/hadoop-ozone/integration-test/target/test-dir/MiniOzoneClusterImpl-f97b6056-80ca-4d0a-8f3e-89a36336af0c/datanode-3/data/ratis/9b4ad77a-8d4b-42aa-a859-8a08fee89d50 does not exist. Creating ...
2019-09-27 09:59:15,937 [pool-57-thread-1] INFO  storage.RaftStorageDirectory (RaftStorageDirectory.java:tryLock(328)) - Lock on /workdir/hadoop-ozone/integration-test/target/test-dir/MiniOzoneClusterImpl-f97b6056-80ca-4d0a-8f3e-89a36336af0c/datanode-3/data/ratis/9b4ad77a-8d4b-42aa-a859-8a08fee89d50/in_use.lock acquired by nodename 30667@pr-hdds2162-4fxhj-20988671
2019-09-27 09:59:15,951 [pool-57-thread-1] INFO  storage.RaftStorage (RaftStorage.java:format(72)) - Storage directory /workdir/hadoop-ozone/integration-test/target/test-dir/MiniOzoneClusterImpl-f97b6056-80ca-4d0a-8f3e-89a36336af0c/datanode-3/data/ratis/9b4ad77a-8d4b-42aa-a859-8a08fee89d50 has been successfully formatted.
2019-09-27 09:59:15,951 [pool-57-thread-1] INFO  ratis.ContainerStateMachine (ContainerStateMachine.java:loadSnapshot(230)) - group-8A08FEE89D50: The snapshot info is null. Setting the last applied indexto:(t:0, i:~)
2019-09-27 09:59:15,952 [pool-57-thread-1] INFO  server.RaftServerConfigKeys (ConfUtils.java:logGet(43)) - raft.server.notification.no-leader.timeout = 120s (custom)
2019-09-27 09:59:15,952 [pool-57-thread-1] INFO  server.RaftServerConfigKeys (ConfUtils.java:logGet(43)) - raft.server.log.use.memory = false (default)
2019-09-27 09:59:15,952 [pool-57-thread-1] INFO  server.RaftServerConfigKeys (ConfUtils.java:logGet(43)) - raft.server.log.purge.gap = 1000000 (custom)
2019-09-27 09:59:15,952 [pool-57-thread-1] INFO  server.RaftServerConfigKeys (ConfUtils.java:logGet(43)) - raft.server.log.appender.buffer.byte-limit = 33554432 (custom)
2019-09-27 09:59:15,952 [pool-57-thread-1] INFO  server.RaftServerConfigKeys (ConfUtils.java:logGet(43)) - raft.server.log.segment.size.max = 1048576 (custom)
2019-09-27 09:59:15,953 [pool-57-thread-1] INFO  server.RaftServerConfigKeys (ConfUtils.java:logGet(43)) - raft.server.log.segment.cache.num.max = 2 (custom)
2019-09-27 09:59:15,953 [pool-57-thread-1] INFO  segmented.SegmentedRaftLogWorker (SegmentedRaftLogWorker.java:<init>(172)) - new 17627f09-c64f-4a32-be95-414265d9eb02@group-8A08FEE89D50-SegmentedRaftLogWorker for RaftStorage:Storage Directory /workdir/hadoop-ozone/integration-test/target/test-dir/MiniOzoneClusterImpl-f97b6056-80ca-4d0a-8f3e-89a36336af0c/datanode-3/data/ratis/9b4ad77a-8d4b-42aa-a859-8a08fee89d50
2019-09-27 09:59:15,958 [pool-57-thread-1] INFO  server.RaftServerConfigKeys (ConfUtils.java:logGet(43)) - raft.server.log.queue.byte-limit = 2147483647 (custom)
2019-09-27 09:59:15,959 [pool-57-thread-1] INFO  server.RaftServerConfigKeys (ConfUtils.java:logGet(43)) - raft.server.log.queue.element-limit = 1024 (custom)
2019-09-27 09:59:15,959 [pool-57-thread-1] INFO  server.RaftServerConfigKeys (ConfUtils.java:logGet(43)) - raft.server.log.segment.size.max = 1048576 (custom)
2019-09-27 09:59:15,959 [pool-57-thread-1] INFO  server.RaftServerConfigKeys (ConfUtils.java:logGet(43)) - raft.server.log.preallocated.size = 16384 (custom)
2019-09-27 09:59:15,959 [pool-57-thread-1] INFO  server.RaftServerConfigKeys (ConfUtils.java:logGet(43)) - raft.server.log.write.buffer.size = 33554432 (custom)
2019-09-27 09:59:15,960 [pool-57-thread-1] INFO  server.RaftServerConfigKeys (ConfUtils.java:logGet(43)) - raft.server.log.force.sync.num = 128 (default)
2019-09-27 09:59:15,960 [pool-57-thread-1] INFO  server.RaftServerConfigKeys (ConfUtils.java:logGet(43)) - raft.server.log.statemachine.data.sync = true (default)
2019-09-27 09:59:15,960 [pool-57-thread-1] INFO  server.RaftServerConfigKeys (ConfUtils.java:logGet(43)) - raft.server.log.statemachine.data.sync.timeout = 10s (default)
2019-09-27 09:59:15,960 [pool-57-thread-1] INFO  server.RaftServerConfigKeys (ConfUtils.java:logGet(43)) - raft.server.log.statemachine.data.sync.timeout.retry = -1 (default)
2019-09-27 09:59:15,961 [pool-57-thread-1] INFO  server.RaftServerConfigKeys (ConfUtils.java:logGet(43)) - raft.server.log.statemachine.data.caching.enabled = true (custom)
2019-09-27 09:59:15,961 [pool-57-thread-1] INFO  segmented.SegmentedRaftLogWorker (SegmentedRaftLogWorker.java:lambda$new$0(132)) - 17627f09-c64f-4a32-be95-414265d9eb02@group-8A08FEE89D50-SegmentedRaftLogWorker: flushIndex: setUnconditionally 0 -> -1
2019-09-27 09:59:15,961 [pool-57-thread-1] INFO  server.RaftServerConfigKeys (ConfUtils.java:logGet(43)) - raft.server.snapshot.auto.trigger.enabled = true (custom)
2019-09-27 09:59:15,962 [pool-57-thread-1] INFO  server.RaftServerConfigKeys (ConfUtils.java:logGet(43)) - raft.server.snapshot.auto.trigger.threshold = 10000 (custom)
2019-09-27 09:59:15,962 [pool-57-thread-1] INFO  server.RaftServerConfigKeys (ConfUtils.java:logGet(43)) - raft.server.snapshot.retention.num.files = 5 (custom)
2019-09-27 09:59:15,962 [pool-57-thread-1] INFO  server.RaftServerConfigKeys (ConfUtils.java:logGet(43)) - raft.server.retrycache.expirytime = 600000ms (custom)
2019-09-27 09:59:15,967 [pool-57-thread-1] INFO  impl.RaftServerImpl (RaftServerImpl.java:start(185)) - 17627f09-c64f-4a32-be95-414265d9eb02@group-8A08FEE89D50: start as a follower, conf=-1: [17627f09-c64f-4a32-be95-414265d9eb02:192.168.151.103:34984], old=null
2019-09-27 09:59:15,968 [pool-57-thread-1] INFO  impl.RaftServerImpl (RaftServerImpl.java:setRole(174)) - 17627f09-c64f-4a32-be95-414265d9eb02@group-8A08FEE89D50: changes role from      null to FOLLOWER at term 0 for startAsFollower
2019-09-27 09:59:15,968 [pool-57-thread-1] INFO  impl.RoleInfo (RoleInfo.java:updateAndGet(143)) - 17627f09-c64f-4a32-be95-414265d9eb02: start FollowerState
2019-09-27 09:59:15,968 [pool-57-thread-1] INFO  util.JmxRegister (JmxRegister.java:tryRegister(44)) - Successfully registered JMX Bean with object name Ratis:service=RaftServer,group=group-8A08FEE89D50,id=17627f09-c64f-4a32-be95-414265d9eb02
2019-09-27 09:59:15,981 [RatisPipelineUtilsThread] INFO  pipeline.PipelineStateManager (PipelineStateManager.java:addPipeline(56)) - Created pipeline Pipeline[ Id: 9b4ad77a-8d4b-42aa-a859-8a08fee89d50, Nodes: 17627f09-c64f-4a32-be95-414265d9eb02{ip: 192.168.151.103, host: pr-hdds2162-4fxhj-20988671, networkLocation: /default-rack, certSerialId: null}, Type:RATIS, Factor:ONE, State:OPEN]
2019-09-27 09:59:15,991 [main] INFO  ozone.MiniOzoneClusterImpl (MiniOzoneClusterImpl.java:lambda$waitForClusterToBeReady$0(147)) - Cluster is ready. Got 7 of 7 DN Heartbeats.
2019-09-27 09:59:16,006 [grpc-default-executor-0] INFO  impl.RaftServerProxy (RaftServerProxy.java:addNew(89)) - 3e4a6c72-a651-45f4-ad3d-9f31c18d5887: addNew group-9CDBB8BF7341:[3e4a6c72-a651-45f4-ad3d-9f31c18d5887:192.168.151.103:39140] returns group-9CDBB8BF7341:java.util.concurrent.CompletableFuture@5f437636[Not completed]
2019-09-27 09:59:16,009 [pool-37-thread-1] INFO  impl.RaftServerImpl (RaftServerImpl.java:<init>(95)) - 3e4a6c72-a651-45f4-ad3d-9f31c18d5887: new RaftServerImpl for group-9CDBB8BF7341:[3e4a6c72-a651-45f4-ad3d-9f31c18d5887:192.168.151.103:39140] with ContainerStateMachine:uninitialized
2019-09-27 09:59:16,009 [pool-37-thread-1] INFO  server.RaftServerConfigKeys (ConfUtils.java:logGet(43)) - raft.server.rpc.timeout.min = 5s (custom)
2019-09-27 09:59:16,009 [pool-37-thread-1] INFO  server.RaftServerConfigKeys (ConfUtils.java:logGet(43)) - raft.server.rpc.timeout.max = 5200ms (custom)
2019-09-27 09:59:16,009 [pool-37-thread-1] INFO  server.RaftServerConfigKeys (ConfUtils.java:logGet(43)) - raft.server.rpcslowness.timeout = 120s (custom)
2019-09-27 09:59:16,010 [pool-37-thread-1] INFO  server.RaftServerConfigKeys (ConfUtils.java:logGet(43)) - raft.server.sleep.deviation.threshold = 300 (default)
2019-09-27 09:59:16,010 [pool-37-thread-1] INFO  server.RaftServerConfigKeys (ConfUtils.java:logGet(43)) - raft.server.log.appender.install.snapshot.enabled = false (custom)
2019-09-27 09:59:16,010 [pool-37-thread-1] INFO  impl.RaftServerImpl (ServerState.java:<init>(103)) - 3e4a6c72-a651-45f4-ad3d-9f31c18d5887@group-9CDBB8BF7341: ConfigurationManager, init=-1: [3e4a6c72-a651-45f4-ad3d-9f31c18d5887:192.168.151.103:39140], old=null, confs=<EMPTY_MAP>
2019-09-27 09:59:16,010 [pool-37-thread-1] INFO  server.RaftServerConfigKeys (ConfUtils.java:logGet(43)) - raft.server.storage.dir = [/workdir/hadoop-ozone/integration-test/target/test-dir/MiniOzoneClusterImpl-f97b6056-80ca-4d0a-8f3e-89a36336af0c/datanode-1/data/ratis] (custom)
2019-09-27 09:59:16,011 [pool-37-thread-1] INFO  storage.RaftStorageDirectory (RaftStorageDirectory.java:analyzeStorage(246)) - The storage directory /workdir/hadoop-ozone/integration-test/target/test-dir/MiniOzoneClusterImpl-f97b6056-80ca-4d0a-8f3e-89a36336af0c/datanode-1/data/ratis/51e67719-9536-467b-abcc-9cdbb8bf7341 does not exist. Creating ...
2019-09-27 09:59:16,023 [pool-37-thread-1] INFO  storage.RaftStorageDirectory (RaftStorageDirectory.java:tryLock(328)) - Lock on /workdir/hadoop-ozone/integration-test/target/test-dir/MiniOzoneClusterImpl-f97b6056-80ca-4d0a-8f3e-89a36336af0c/datanode-1/data/ratis/51e67719-9536-467b-abcc-9cdbb8bf7341/in_use.lock acquired by nodename 30667@pr-hdds2162-4fxhj-20988671
2019-09-27 09:59:16,036 [pool-37-thread-1] INFO  storage.RaftStorage (RaftStorage.java:format(72)) - Storage directory /workdir/hadoop-ozone/integration-test/target/test-dir/MiniOzoneClusterImpl-f97b6056-80ca-4d0a-8f3e-89a36336af0c/datanode-1/data/ratis/51e67719-9536-467b-abcc-9cdbb8bf7341 has been successfully formatted.
2019-09-27 09:59:16,037 [pool-37-thread-1] INFO  ratis.ContainerStateMachine (ContainerStateMachine.java:loadSnapshot(230)) - group-9CDBB8BF7341: The snapshot info is null. Setting the last applied indexto:(t:0, i:~)
2019-09-27 09:59:16,037 [pool-37-thread-1] INFO  server.RaftServerConfigKeys (ConfUtils.java:logGet(43)) - raft.server.notification.no-leader.timeout = 120s (custom)
2019-09-27 09:59:16,037 [pool-37-thread-1] INFO  server.RaftServerConfigKeys (ConfUtils.java:logGet(43)) - raft.server.log.use.memory = false (default)
2019-09-27 09:59:16,037 [pool-37-thread-1] INFO  server.RaftServerConfigKeys (ConfUtils.java:logGet(43)) - raft.server.log.purge.gap = 1000000 (custom)
2019-09-27 09:59:16,038 [pool-37-thread-1] INFO  server.RaftServerConfigKeys (ConfUtils.java:logGet(43)) - raft.server.log.appender.buffer.byte-limit = 33554432 (custom)
2019-09-27 09:59:16,038 [pool-37-thread-1] INFO  server.RaftServerConfigKeys (ConfUtils.java:logGet(43)) - raft.server.log.segment.size.max = 1048576 (custom)
2019-09-27 09:59:16,038 [pool-37-thread-1] INFO  server.RaftServerConfigKeys (ConfUtils.java:logGet(43)) - raft.server.log.segment.cache.num.max = 2 (custom)
2019-09-27 09:59:16,038 [pool-37-thread-1] INFO  segmented.SegmentedRaftLogWorker (SegmentedRaftLogWorker.java:<init>(172)) - new 3e4a6c72-a651-45f4-ad3d-9f31c18d5887@group-9CDBB8BF7341-SegmentedRaftLogWorker for RaftStorage:Storage Directory /workdir/hadoop-ozone/integration-test/target/test-dir/MiniOzoneClusterImpl-f97b6056-80ca-4d0a-8f3e-89a36336af0c/datanode-1/data/ratis/51e67719-9536-467b-abcc-9cdbb8bf7341
2019-09-27 09:59:16,043 [pool-37-thread-1] INFO  server.RaftServerConfigKeys (ConfUtils.java:logGet(43)) - raft.server.log.queue.byte-limit = 2147483647 (custom)
2019-09-27 09:59:16,043 [pool-37-thread-1] INFO  server.RaftServerConfigKeys (ConfUtils.java:logGet(43)) - raft.server.log.queue.element-limit = 1024 (custom)
2019-09-27 09:59:16,044 [pool-37-thread-1] INFO  server.RaftServerConfigKeys (ConfUtils.java:logGet(43)) - raft.server.log.segment.size.max = 1048576 (custom)
2019-09-27 09:59:16,044 [pool-37-thread-1] INFO  server.RaftServerConfigKeys (ConfUtils.java:logGet(43)) - raft.server.log.preallocated.size = 16384 (custom)
2019-09-27 09:59:16,044 [pool-37-thread-1] INFO  server.RaftServerConfigKeys (ConfUtils.java:logGet(43)) - raft.server.log.write.buffer.size = 33554432 (custom)
2019-09-27 09:59:16,044 [pool-37-thread-1] INFO  server.RaftServerConfigKeys (ConfUtils.java:logGet(43)) - raft.server.log.force.sync.num = 128 (default)
2019-09-27 09:59:16,044 [pool-37-thread-1] INFO  server.RaftServerConfigKeys (ConfUtils.java:logGet(43)) - raft.server.log.statemachine.data.sync = true (default)
2019-09-27 09:59:16,044 [pool-37-thread-1] INFO  server.RaftServerConfigKeys (ConfUtils.java:logGet(43)) - raft.server.log.statemachine.data.sync.timeout = 10s (default)
2019-09-27 09:59:16,045 [pool-37-thread-1] INFO  server.RaftServerConfigKeys (ConfUtils.java:logGet(43)) - raft.server.log.statemachine.data.sync.timeout.retry = -1 (default)
2019-09-27 09:59:16,045 [pool-37-thread-1] INFO  server.RaftServerConfigKeys (ConfUtils.java:logGet(43)) - raft.server.log.statemachine.data.caching.enabled = true (custom)
2019-09-27 09:59:16,046 [pool-37-thread-1] INFO  segmented.SegmentedRaftLogWorker (SegmentedRaftLogWorker.java:lambda$new$0(132)) - 3e4a6c72-a651-45f4-ad3d-9f31c18d5887@group-9CDBB8BF7341-SegmentedRaftLogWorker: flushIndex: setUnconditionally 0 -> -1
2019-09-27 09:59:16,046 [pool-37-thread-1] INFO  server.RaftServerConfigKeys (ConfUtils.java:logGet(43)) - raft.server.snapshot.auto.trigger.enabled = true (custom)
2019-09-27 09:59:16,046 [pool-37-thread-1] INFO  server.RaftServerConfigKeys (ConfUtils.java:logGet(43)) - raft.server.snapshot.auto.trigger.threshold = 10000 (custom)
2019-09-27 09:59:16,046 [pool-37-thread-1] INFO  server.RaftServerConfigKeys (ConfUtils.java:logGet(43)) - raft.server.snapshot.retention.num.files = 5 (custom)
2019-09-27 09:59:16,047 [pool-37-thread-1] INFO  server.RaftServerConfigKeys (ConfUtils.java:logGet(43)) - raft.server.retrycache.expirytime = 600000ms (custom)
2019-09-27 09:59:16,051 [pool-37-thread-1] INFO  impl.RaftServerImpl (RaftServerImpl.java:start(185)) - 3e4a6c72-a651-45f4-ad3d-9f31c18d5887@group-9CDBB8BF7341: start as a follower, conf=-1: [3e4a6c72-a651-45f4-ad3d-9f31c18d5887:192.168.151.103:39140], old=null
2019-09-27 09:59:16,051 [pool-37-thread-1] INFO  impl.RaftServerImpl (RaftServerImpl.java:setRole(174)) - 3e4a6c72-a651-45f4-ad3d-9f31c18d5887@group-9CDBB8BF7341: changes role from      null to FOLLOWER at term 0 for startAsFollower
2019-09-27 09:59:16,051 [pool-37-thread-1] INFO  impl.RoleInfo (RoleInfo.java:updateAndGet(143)) - 3e4a6c72-a651-45f4-ad3d-9f31c18d5887: start FollowerState
2019-09-27 09:59:16,052 [pool-37-thread-1] INFO  util.JmxRegister (JmxRegister.java:tryRegister(44)) - Successfully registered JMX Bean with object name Ratis:service=RaftServer,group=group-9CDBB8BF7341,id=3e4a6c72-a651-45f4-ad3d-9f31c18d5887
2019-09-27 09:59:16,065 [RatisPipelineUtilsThread] INFO  pipeline.PipelineStateManager (PipelineStateManager.java:addPipeline(56)) - Created pipeline Pipeline[ Id: 51e67719-9536-467b-abcc-9cdbb8bf7341, Nodes: 3e4a6c72-a651-45f4-ad3d-9f31c18d5887{ip: 192.168.151.103, host: pr-hdds2162-4fxhj-20988671, networkLocation: /default-rack, certSerialId: null}, Type:RATIS, Factor:ONE, State:OPEN]
2019-09-27 09:59:16,082 [grpc-default-executor-0] INFO  impl.RaftServerProxy (RaftServerProxy.java:addNew(89)) - 7073ba57-90fa-45e1-a6d3-87c26f71d023: addNew group-9A8E60456C72:[7073ba57-90fa-45e1-a6d3-87c26f71d023:192.168.151.103:41965] returns group-9A8E60456C72:java.util.concurrent.CompletableFuture@750a8de4[Not completed]
2019-09-27 09:59:16,087 [pool-77-thread-1] INFO  impl.RaftServerImpl (RaftServerImpl.java:<init>(95)) - 7073ba57-90fa-45e1-a6d3-87c26f71d023: new RaftServerImpl for group-9A8E60456C72:[7073ba57-90fa-45e1-a6d3-87c26f71d023:192.168.151.103:41965] with ContainerStateMachine:uninitialized
2019-09-27 09:59:16,087 [pool-77-thread-1] INFO  server.RaftServerConfigKeys (ConfUtils.java:logGet(43)) - raft.server.rpc.timeout.min = 5s (custom)
2019-09-27 09:59:16,087 [pool-77-thread-1] INFO  server.RaftServerConfigKeys (ConfUtils.java:logGet(43)) - raft.server.rpc.timeout.max = 5200ms (custom)
2019-09-27 09:59:16,088 [pool-77-thread-1] INFO  server.RaftServerConfigKeys (ConfUtils.java:logGet(43)) - raft.server.rpcslowness.timeout = 120s (custom)
2019-09-27 09:59:16,088 [pool-77-thread-1] INFO  server.RaftServerConfigKeys (ConfUtils.java:logGet(43)) - raft.server.sleep.deviation.threshold = 300 (default)
2019-09-27 09:59:16,088 [pool-77-thread-1] INFO  server.RaftServerConfigKeys (ConfUtils.java:logGet(43)) - raft.server.log.appender.install.snapshot.enabled = false (custom)
2019-09-27 09:59:16,088 [pool-77-thread-1] INFO  impl.RaftServerImpl (ServerState.java:<init>(103)) - 7073ba57-90fa-45e1-a6d3-87c26f71d023@group-9A8E60456C72: ConfigurationManager, init=-1: [7073ba57-90fa-45e1-a6d3-87c26f71d023:192.168.151.103:41965], old=null, confs=<EMPTY_MAP>
2019-09-27 09:59:16,089 [pool-77-thread-1] INFO  server.RaftServerConfigKeys (ConfUtils.java:logGet(43)) - raft.server.storage.dir = [/workdir/hadoop-ozone/integration-test/target/test-dir/MiniOzoneClusterImpl-f97b6056-80ca-4d0a-8f3e-89a36336af0c/datanode-5/data/ratis] (custom)
2019-09-27 09:59:16,089 [pool-77-thread-1] INFO  storage.RaftStorageDirectory (RaftStorageDirectory.java:analyzeStorage(246)) - The storage directory /workdir/hadoop-ozone/integration-test/target/test-dir/MiniOzoneClusterImpl-f97b6056-80ca-4d0a-8f3e-89a36336af0c/datanode-5/data/ratis/f4db05d6-3de2-49bb-86a5-9a8e60456c72 does not exist. Creating ...
2019-09-27 09:59:16,102 [pool-77-thread-1] INFO  storage.RaftStorageDirectory (RaftStorageDirectory.java:tryLock(328)) - Lock on /workdir/hadoop-ozone/integration-test/target/test-dir/MiniOzoneClusterImpl-f97b6056-80ca-4d0a-8f3e-89a36336af0c/datanode-5/data/ratis/f4db05d6-3de2-49bb-86a5-9a8e60456c72/in_use.lock acquired by nodename 30667@pr-hdds2162-4fxhj-20988671
2019-09-27 09:59:16,131 [pool-77-thread-1] INFO  storage.RaftStorage (RaftStorage.java:format(72)) - Storage directory /workdir/hadoop-ozone/integration-test/target/test-dir/MiniOzoneClusterImpl-f97b6056-80ca-4d0a-8f3e-89a36336af0c/datanode-5/data/ratis/f4db05d6-3de2-49bb-86a5-9a8e60456c72 has been successfully formatted.
2019-09-27 09:59:16,132 [pool-77-thread-1] INFO  ratis.ContainerStateMachine (ContainerStateMachine.java:loadSnapshot(230)) - group-9A8E60456C72: The snapshot info is null. Setting the last applied indexto:(t:0, i:~)
2019-09-27 09:59:16,132 [pool-77-thread-1] INFO  server.RaftServerConfigKeys (ConfUtils.java:logGet(43)) - raft.server.notification.no-leader.timeout = 120s (custom)
2019-09-27 09:59:16,132 [pool-77-thread-1] INFO  server.RaftServerConfigKeys (ConfUtils.java:logGet(43)) - raft.server.log.use.memory = false (default)
2019-09-27 09:59:16,132 [pool-77-thread-1] INFO  server.RaftServerConfigKeys (ConfUtils.java:logGet(43)) - raft.server.log.purge.gap = 1000000 (custom)
2019-09-27 09:59:16,132 [pool-77-thread-1] INFO  server.RaftServerConfigKeys (ConfUtils.java:logGet(43)) - raft.server.log.appender.buffer.byte-limit = 33554432 (custom)
2019-09-27 09:59:16,133 [pool-77-thread-1] INFO  server.RaftServerConfigKeys (ConfUtils.java:logGet(43)) - raft.server.log.segment.size.max = 1048576 (custom)
2019-09-27 09:59:16,133 [pool-77-thread-1] INFO  server.RaftServerConfigKeys (ConfUtils.java:logGet(43)) - raft.server.log.segment.cache.num.max = 2 (custom)
2019-09-27 09:59:16,133 [pool-77-thread-1] INFO  segmented.SegmentedRaftLogWorker (SegmentedRaftLogWorker.java:<init>(172)) - new 7073ba57-90fa-45e1-a6d3-87c26f71d023@group-9A8E60456C72-SegmentedRaftLogWorker for RaftStorage:Storage Directory /workdir/hadoop-ozone/integration-test/target/test-dir/MiniOzoneClusterImpl-f97b6056-80ca-4d0a-8f3e-89a36336af0c/datanode-5/data/ratis/f4db05d6-3de2-49bb-86a5-9a8e60456c72
2019-09-27 09:59:16,137 [pool-77-thread-1] INFO  server.RaftServerConfigKeys (ConfUtils.java:logGet(43)) - raft.server.log.queue.byte-limit = 2147483647 (custom)
2019-09-27 09:59:16,137 [pool-77-thread-1] INFO  server.RaftServerConfigKeys (ConfUtils.java:logGet(43)) - raft.server.log.queue.element-limit = 1024 (custom)
2019-09-27 09:59:16,137 [pool-77-thread-1] INFO  server.RaftServerConfigKeys (ConfUtils.java:logGet(43)) - raft.server.log.segment.size.max = 1048576 (custom)
2019-09-27 09:59:16,137 [pool-77-thread-1] INFO  server.RaftServerConfigKeys (ConfUtils.java:logGet(43)) - raft.server.log.preallocated.size = 16384 (custom)
2019-09-27 09:59:16,137 [pool-77-thread-1] INFO  server.RaftServerConfigKeys (ConfUtils.java:logGet(43)) - raft.server.log.write.buffer.size = 33554432 (custom)
2019-09-27 09:59:16,138 [pool-77-thread-1] INFO  server.RaftServerConfigKeys (ConfUtils.java:logGet(43)) - raft.server.log.force.sync.num = 128 (default)
2019-09-27 09:59:16,138 [pool-77-thread-1] INFO  server.RaftServerConfigKeys (ConfUtils.java:logGet(43)) - raft.server.log.statemachine.data.sync = true (default)
2019-09-27 09:59:16,138 [pool-77-thread-1] INFO  server.RaftServerConfigKeys (ConfUtils.java:logGet(43)) - raft.server.log.statemachine.data.sync.timeout = 10s (default)
2019-09-27 09:59:16,138 [pool-77-thread-1] INFO  server.RaftServerConfigKeys (ConfUtils.java:logGet(43)) - raft.server.log.statemachine.data.sync.timeout.retry = -1 (default)
2019-09-27 09:59:16,139 [pool-77-thread-1] INFO  server.RaftServerConfigKeys (ConfUtils.java:logGet(43)) - raft.server.log.statemachine.data.caching.enabled = true (custom)
2019-09-27 09:59:16,139 [pool-77-thread-1] INFO  segmented.SegmentedRaftLogWorker (SegmentedRaftLogWorker.java:lambda$new$0(132)) - 7073ba57-90fa-45e1-a6d3-87c26f71d023@group-9A8E60456C72-SegmentedRaftLogWorker: flushIndex: setUnconditionally 0 -> -1
2019-09-27 09:59:16,139 [pool-77-thread-1] INFO  server.RaftServerConfigKeys (ConfUtils.java:logGet(43)) - raft.server.snapshot.auto.trigger.enabled = true (custom)
2019-09-27 09:59:16,140 [pool-77-thread-1] INFO  server.RaftServerConfigKeys (ConfUtils.java:logGet(43)) - raft.server.snapshot.auto.trigger.threshold = 10000 (custom)
2019-09-27 09:59:16,140 [pool-77-thread-1] INFO  server.RaftServerConfigKeys (ConfUtils.java:logGet(43)) - raft.server.snapshot.retention.num.files = 5 (custom)
2019-09-27 09:59:16,140 [pool-77-thread-1] INFO  server.RaftServerConfigKeys (ConfUtils.java:logGet(43)) - raft.server.retrycache.expirytime = 600000ms (custom)
2019-09-27 09:59:16,143 [pool-77-thread-1] INFO  impl.RaftServerImpl (RaftServerImpl.java:start(185)) - 7073ba57-90fa-45e1-a6d3-87c26f71d023@group-9A8E60456C72: start as a follower, conf=-1: [7073ba57-90fa-45e1-a6d3-87c26f71d023:192.168.151.103:41965], old=null
2019-09-27 09:59:16,144 [pool-77-thread-1] INFO  impl.RaftServerImpl (RaftServerImpl.java:setRole(174)) - 7073ba57-90fa-45e1-a6d3-87c26f71d023@group-9A8E60456C72: changes role from      null to FOLLOWER at term 0 for startAsFollower
2019-09-27 09:59:16,144 [pool-77-thread-1] INFO  impl.RoleInfo (RoleInfo.java:updateAndGet(143)) - 7073ba57-90fa-45e1-a6d3-87c26f71d023: start FollowerState
2019-09-27 09:59:16,144 [pool-77-thread-1] INFO  util.JmxRegister (JmxRegister.java:tryRegister(44)) - Successfully registered JMX Bean with object name Ratis:service=RaftServer,group=group-9A8E60456C72,id=7073ba57-90fa-45e1-a6d3-87c26f71d023
2019-09-27 09:59:16,163 [RatisPipelineUtilsThread] INFO  pipeline.PipelineStateManager (PipelineStateManager.java:addPipeline(56)) - Created pipeline Pipeline[ Id: f4db05d6-3de2-49bb-86a5-9a8e60456c72, Nodes: 7073ba57-90fa-45e1-a6d3-87c26f71d023{ip: 192.168.151.103, host: pr-hdds2162-4fxhj-20988671, networkLocation: /default-rack, certSerialId: null}, Type:RATIS, Factor:ONE, State:OPEN]
2019-09-27 09:59:16,202 [grpc-default-executor-2] INFO  impl.RaftServerProxy (RaftServerProxy.java:addNew(89)) - 0bcfdd62-3878-4412-9a7b-270e304bd33f: addNew group-D8DB0446DA57:[5b3e2021-d7d4-4a5d-96a1-be67d08a7fc9:192.168.151.103:44989, c7642098-e716-426b-bee3-02b0ecc21bb4:192.168.151.103:42518, 0bcfdd62-3878-4412-9a7b-270e304bd33f:192.168.151.103:38626] returns group-D8DB0446DA57:java.util.concurrent.CompletableFuture@49d8d550[Not completed]
2019-09-27 09:59:16,206 [grpc-default-executor-0] INFO  impl.RaftServerProxy (RaftServerProxy.java:addNew(89)) - c7642098-e716-426b-bee3-02b0ecc21bb4: addNew group-D8DB0446DA57:[5b3e2021-d7d4-4a5d-96a1-be67d08a7fc9:192.168.151.103:44989, c7642098-e716-426b-bee3-02b0ecc21bb4:192.168.151.103:42518, 0bcfdd62-3878-4412-9a7b-270e304bd33f:192.168.151.103:38626] returns group-D8DB0446DA57:java.util.concurrent.CompletableFuture@251caab8[Not completed]
2019-09-27 09:59:16,206 [grpc-default-executor-2] INFO  impl.RaftServerProxy (RaftServerProxy.java:addNew(89)) - 5b3e2021-d7d4-4a5d-96a1-be67d08a7fc9: addNew group-D8DB0446DA57:[5b3e2021-d7d4-4a5d-96a1-be67d08a7fc9:192.168.151.103:44989, c7642098-e716-426b-bee3-02b0ecc21bb4:192.168.151.103:42518, 0bcfdd62-3878-4412-9a7b-270e304bd33f:192.168.151.103:38626] returns group-D8DB0446DA57:java.util.concurrent.CompletableFuture@4de758b3[Not completed]
2019-09-27 09:59:16,208 [pool-27-thread-1] INFO  impl.RaftServerImpl (RaftServerImpl.java:<init>(95)) - 0bcfdd62-3878-4412-9a7b-270e304bd33f: new RaftServerImpl for group-D8DB0446DA57:[5b3e2021-d7d4-4a5d-96a1-be67d08a7fc9:192.168.151.103:44989, c7642098-e716-426b-bee3-02b0ecc21bb4:192.168.151.103:42518, 0bcfdd62-3878-4412-9a7b-270e304bd33f:192.168.151.103:38626] with ContainerStateMachine:uninitialized
2019-09-27 09:59:16,208 [pool-27-thread-1] INFO  server.RaftServerConfigKeys (ConfUtils.java:logGet(43)) - raft.server.rpc.timeout.min = 5s (custom)
2019-09-27 09:59:16,208 [pool-27-thread-1] INFO  server.RaftServerConfigKeys (ConfUtils.java:logGet(43)) - raft.server.rpc.timeout.max = 5200ms (custom)
2019-09-27 09:59:16,208 [pool-27-thread-1] INFO  server.RaftServerConfigKeys (ConfUtils.java:logGet(43)) - raft.server.rpcslowness.timeout = 120s (custom)
2019-09-27 09:59:16,209 [pool-27-thread-1] INFO  server.RaftServerConfigKeys (ConfUtils.java:logGet(43)) - raft.server.sleep.deviation.threshold = 300 (default)
2019-09-27 09:59:16,209 [pool-87-thread-1] INFO  impl.RaftServerImpl (RaftServerImpl.java:<init>(95)) - 5b3e2021-d7d4-4a5d-96a1-be67d08a7fc9: new RaftServerImpl for group-D8DB0446DA57:[5b3e2021-d7d4-4a5d-96a1-be67d08a7fc9:192.168.151.103:44989, c7642098-e716-426b-bee3-02b0ecc21bb4:192.168.151.103:42518, 0bcfdd62-3878-4412-9a7b-270e304bd33f:192.168.151.103:38626] with ContainerStateMachine:uninitialized
2019-09-27 09:59:16,209 [pool-27-thread-1] INFO  server.RaftServerConfigKeys (ConfUtils.java:logGet(43)) - raft.server.log.appender.install.snapshot.enabled = false (custom)
2019-09-27 09:59:16,209 [pool-87-thread-1] INFO  server.RaftServerConfigKeys (ConfUtils.java:logGet(43)) - raft.server.rpc.timeout.min = 5s (custom)
2019-09-27 09:59:16,209 [pool-27-thread-1] INFO  impl.RaftServerImpl (ServerState.java:<init>(103)) - 0bcfdd62-3878-4412-9a7b-270e304bd33f@group-D8DB0446DA57: ConfigurationManager, init=-1: [5b3e2021-d7d4-4a5d-96a1-be67d08a7fc9:192.168.151.103:44989, c7642098-e716-426b-bee3-02b0ecc21bb4:192.168.151.103:42518, 0bcfdd62-3878-4412-9a7b-270e304bd33f:192.168.151.103:38626], old=null, confs=<EMPTY_MAP>
2019-09-27 09:59:16,209 [pool-87-thread-1] INFO  server.RaftServerConfigKeys (ConfUtils.java:logGet(43)) - raft.server.rpc.timeout.max = 5200ms (custom)
2019-09-27 09:59:16,210 [pool-27-thread-1] INFO  server.RaftServerConfigKeys (ConfUtils.java:logGet(43)) - raft.server.storage.dir = [/workdir/hadoop-ozone/integration-test/target/test-dir/MiniOzoneClusterImpl-f97b6056-80ca-4d0a-8f3e-89a36336af0c/datanode-0/data/ratis] (custom)
2019-09-27 09:59:16,210 [pool-67-thread-1] INFO  impl.RaftServerImpl (RaftServerImpl.java:<init>(95)) - c7642098-e716-426b-bee3-02b0ecc21bb4: new RaftServerImpl for group-D8DB0446DA57:[5b3e2021-d7d4-4a5d-96a1-be67d08a7fc9:192.168.151.103:44989, c7642098-e716-426b-bee3-02b0ecc21bb4:192.168.151.103:42518, 0bcfdd62-3878-4412-9a7b-270e304bd33f:192.168.151.103:38626] with ContainerStateMachine:uninitialized
2019-09-27 09:59:16,210 [pool-87-thread-1] INFO  server.RaftServerConfigKeys (ConfUtils.java:logGet(43)) - raft.server.rpcslowness.timeout = 120s (custom)
2019-09-27 09:59:16,210 [pool-67-thread-1] INFO  server.RaftServerConfigKeys (ConfUtils.java:logGet(43)) - raft.server.rpc.timeout.min = 5s (custom)
2019-09-27 09:59:16,210 [pool-87-thread-1] INFO  server.RaftServerConfigKeys (ConfUtils.java:logGet(43)) - raft.server.sleep.deviation.threshold = 300 (default)
2019-09-27 09:59:16,210 [pool-27-thread-1] INFO  storage.RaftStorageDirectory (RaftStorageDirectory.java:analyzeStorage(246)) - The storage directory /workdir/hadoop-ozone/integration-test/target/test-dir/MiniOzoneClusterImpl-f97b6056-80ca-4d0a-8f3e-89a36336af0c/datanode-0/data/ratis/a9ba8f03-11a0-4b65-976c-d8db0446da57 does not exist. Creating ...
2019-09-27 09:59:16,210 [pool-67-thread-1] INFO  server.RaftServerConfigKeys (ConfUtils.java:logGet(43)) - raft.server.rpc.timeout.max = 5200ms (custom)
2019-09-27 09:59:16,210 [pool-87-thread-1] INFO  server.RaftServerConfigKeys (ConfUtils.java:logGet(43)) - raft.server.log.appender.install.snapshot.enabled = false (custom)
2019-09-27 09:59:16,211 [pool-67-thread-1] INFO  server.RaftServerConfigKeys (ConfUtils.java:logGet(43)) - raft.server.rpcslowness.timeout = 120s (custom)
2019-09-27 09:59:16,211 [pool-87-thread-1] INFO  impl.RaftServerImpl (ServerState.java:<init>(103)) - 5b3e2021-d7d4-4a5d-96a1-be67d08a7fc9@group-D8DB0446DA57: ConfigurationManager, init=-1: [5b3e2021-d7d4-4a5d-96a1-be67d08a7fc9:192.168.151.103:44989, c7642098-e716-426b-bee3-02b0ecc21bb4:192.168.151.103:42518, 0bcfdd62-3878-4412-9a7b-270e304bd33f:192.168.151.103:38626], old=null, confs=<EMPTY_MAP>
2019-09-27 09:59:16,211 [pool-67-thread-1] INFO  server.RaftServerConfigKeys (ConfUtils.java:logGet(43)) - raft.server.sleep.deviation.threshold = 300 (default)
2019-09-27 09:59:16,211 [pool-67-thread-1] INFO  server.RaftServerConfigKeys (ConfUtils.java:logGet(43)) - raft.server.log.appender.install.snapshot.enabled = false (custom)
2019-09-27 09:59:16,211 [pool-87-thread-1] INFO  server.RaftServerConfigKeys (ConfUtils.java:logGet(43)) - raft.server.storage.dir = [/workdir/hadoop-ozone/integration-test/target/test-dir/MiniOzoneClusterImpl-f97b6056-80ca-4d0a-8f3e-89a36336af0c/datanode-6/data/ratis] (custom)
2019-09-27 09:59:16,212 [pool-67-thread-1] INFO  impl.RaftServerImpl (ServerState.java:<init>(103)) - c7642098-e716-426b-bee3-02b0ecc21bb4@group-D8DB0446DA57: ConfigurationManager, init=-1: [5b3e2021-d7d4-4a5d-96a1-be67d08a7fc9:192.168.151.103:44989, c7642098-e716-426b-bee3-02b0ecc21bb4:192.168.151.103:42518, 0bcfdd62-3878-4412-9a7b-270e304bd33f:192.168.151.103:38626], old=null, confs=<EMPTY_MAP>
2019-09-27 09:59:16,212 [pool-67-thread-1] INFO  server.RaftServerConfigKeys (ConfUtils.java:logGet(43)) - raft.server.storage.dir = [/workdir/hadoop-ozone/integration-test/target/test-dir/MiniOzoneClusterImpl-f97b6056-80ca-4d0a-8f3e-89a36336af0c/datanode-4/data/ratis] (custom)
2019-09-27 09:59:16,212 [pool-87-thread-1] INFO  storage.RaftStorageDirectory (RaftStorageDirectory.java:analyzeStorage(246)) - The storage directory /workdir/hadoop-ozone/integration-test/target/test-dir/MiniOzoneClusterImpl-f97b6056-80ca-4d0a-8f3e-89a36336af0c/datanode-6/data/ratis/a9ba8f03-11a0-4b65-976c-d8db0446da57 does not exist. Creating ...
2019-09-27 09:59:16,212 [pool-67-thread-1] INFO  storage.RaftStorageDirectory (RaftStorageDirectory.java:analyzeStorage(246)) - The storage directory /workdir/hadoop-ozone/integration-test/target/test-dir/MiniOzoneClusterImpl-f97b6056-80ca-4d0a-8f3e-89a36336af0c/datanode-4/data/ratis/a9ba8f03-11a0-4b65-976c-d8db0446da57 does not exist. Creating ...
2019-09-27 09:59:16,224 [pool-27-thread-1] INFO  storage.RaftStorageDirectory (RaftStorageDirectory.java:tryLock(328)) - Lock on /workdir/hadoop-ozone/integration-test/target/test-dir/MiniOzoneClusterImpl-f97b6056-80ca-4d0a-8f3e-89a36336af0c/datanode-0/data/ratis/a9ba8f03-11a0-4b65-976c-d8db0446da57/in_use.lock acquired by nodename 30667@pr-hdds2162-4fxhj-20988671
2019-09-27 09:59:16,224 [pool-67-thread-1] INFO  storage.RaftStorageDirectory (RaftStorageDirectory.java:tryLock(328)) - Lock on /workdir/hadoop-ozone/integration-test/target/test-dir/MiniOzoneClusterImpl-f97b6056-80ca-4d0a-8f3e-89a36336af0c/datanode-4/data/ratis/a9ba8f03-11a0-4b65-976c-d8db0446da57/in_use.lock acquired by nodename 30667@pr-hdds2162-4fxhj-20988671
2019-09-27 09:59:16,224 [pool-87-thread-1] INFO  storage.RaftStorageDirectory (RaftStorageDirectory.java:tryLock(328)) - Lock on /workdir/hadoop-ozone/integration-test/target/test-dir/MiniOzoneClusterImpl-f97b6056-80ca-4d0a-8f3e-89a36336af0c/datanode-6/data/ratis/a9ba8f03-11a0-4b65-976c-d8db0446da57/in_use.lock acquired by nodename 30667@pr-hdds2162-4fxhj-20988671
2019-09-27 09:59:16,251 [pool-27-thread-1] INFO  storage.RaftStorage (RaftStorage.java:format(72)) - Storage directory /workdir/hadoop-ozone/integration-test/target/test-dir/MiniOzoneClusterImpl-f97b6056-80ca-4d0a-8f3e-89a36336af0c/datanode-0/data/ratis/a9ba8f03-11a0-4b65-976c-d8db0446da57 has been successfully formatted.
2019-09-27 09:59:16,251 [pool-87-thread-1] INFO  storage.RaftStorage (RaftStorage.java:format(72)) - Storage directory /workdir/hadoop-ozone/integration-test/target/test-dir/MiniOzoneClusterImpl-f97b6056-80ca-4d0a-8f3e-89a36336af0c/datanode-6/data/ratis/a9ba8f03-11a0-4b65-976c-d8db0446da57 has been successfully formatted.
2019-09-27 09:59:16,252 [pool-27-thread-1] INFO  ratis.ContainerStateMachine (ContainerStateMachine.java:loadSnapshot(230)) - group-D8DB0446DA57: The snapshot info is null. Setting the last applied indexto:(t:0, i:~)
2019-09-27 09:59:16,251 [pool-67-thread-1] INFO  storage.RaftStorage (RaftStorage.java:format(72)) - Storage directory /workdir/hadoop-ozone/integration-test/target/test-dir/MiniOzoneClusterImpl-f97b6056-80ca-4d0a-8f3e-89a36336af0c/datanode-4/data/ratis/a9ba8f03-11a0-4b65-976c-d8db0446da57 has been successfully formatted.
2019-09-27 09:59:16,252 [pool-87-thread-1] INFO  ratis.ContainerStateMachine (ContainerStateMachine.java:loadSnapshot(230)) - group-D8DB0446DA57: The snapshot info is null. Setting the last applied indexto:(t:0, i:~)
2019-09-27 09:59:16,252 [pool-27-thread-1] INFO  server.RaftServerConfigKeys (ConfUtils.java:logGet(43)) - raft.server.notification.no-leader.timeout = 120s (custom)
2019-09-27 09:59:16,252 [pool-87-thread-1] INFO  server.RaftServerConfigKeys (ConfUtils.java:logGet(43)) - raft.server.notification.no-leader.timeout = 120s (custom)
2019-09-27 09:59:16,252 [pool-67-thread-1] INFO  ratis.ContainerStateMachine (ContainerStateMachine.java:loadSnapshot(230)) - group-D8DB0446DA57: The snapshot info is null. Setting the last applied indexto:(t:0, i:~)
2019-09-27 09:59:16,253 [pool-87-thread-1] INFO  server.RaftServerConfigKeys (ConfUtils.java:logGet(43)) - raft.server.log.use.memory = false (default)
2019-09-27 09:59:16,252 [pool-27-thread-1] INFO  server.RaftServerConfigKeys (ConfUtils.java:logGet(43)) - raft.server.log.use.memory = false (default)
2019-09-27 09:59:16,253 [pool-87-thread-1] INFO  server.RaftServerConfigKeys (ConfUtils.java:logGet(43)) - raft.server.log.purge.gap = 1000000 (custom)
2019-09-27 09:59:16,253 [pool-67-thread-1] INFO  server.RaftServerConfigKeys (ConfUtils.java:logGet(43)) - raft.server.notification.no-leader.timeout = 120s (custom)
2019-09-27 09:59:16,253 [pool-87-thread-1] INFO  server.RaftServerConfigKeys (ConfUtils.java:logGet(43)) - raft.server.log.appender.buffer.byte-limit = 33554432 (custom)
2019-09-27 09:59:16,253 [pool-27-thread-1] INFO  server.RaftServerConfigKeys (ConfUtils.java:logGet(43)) - raft.server.log.purge.gap = 1000000 (custom)
2019-09-27 09:59:16,254 [pool-87-thread-1] INFO  server.RaftServerConfigKeys (ConfUtils.java:logGet(43)) - raft.server.log.segment.size.max = 1048576 (custom)
2019-09-27 09:59:16,253 [pool-67-thread-1] INFO  server.RaftServerConfigKeys (ConfUtils.java:logGet(43)) - raft.server.log.use.memory = false (default)
2019-09-27 09:59:16,254 [pool-87-thread-1] INFO  server.RaftServerConfigKeys (ConfUtils.java:logGet(43)) - raft.server.log.segment.cache.num.max = 2 (custom)
2019-09-27 09:59:16,254 [pool-27-thread-1] INFO  server.RaftServerConfigKeys (ConfUtils.java:logGet(43)) - raft.server.log.appender.buffer.byte-limit = 33554432 (custom)
2019-09-27 09:59:16,254 [pool-87-thread-1] INFO  segmented.SegmentedRaftLogWorker (SegmentedRaftLogWorker.java:<init>(172)) - new 5b3e2021-d7d4-4a5d-96a1-be67d08a7fc9@group-D8DB0446DA57-SegmentedRaftLogWorker for RaftStorage:Storage Directory /workdir/hadoop-ozone/integration-test/target/test-dir/MiniOzoneClusterImpl-f97b6056-80ca-4d0a-8f3e-89a36336af0c/datanode-6/data/ratis/a9ba8f03-11a0-4b65-976c-d8db0446da57
2019-09-27 09:59:16,254 [pool-67-thread-1] INFO  server.RaftServerConfigKeys (ConfUtils.java:logGet(43)) - raft.server.log.purge.gap = 1000000 (custom)
2019-09-27 09:59:16,255 [pool-87-thread-1] INFO  server.RaftServerConfigKeys (ConfUtils.java:logGet(43)) - raft.server.log.queue.byte-limit = 2147483647 (custom)
2019-09-27 09:59:16,254 [pool-27-thread-1] INFO  server.RaftServerConfigKeys (ConfUtils.java:logGet(43)) - raft.server.log.segment.size.max = 1048576 (custom)
2019-09-27 09:59:16,255 [pool-87-thread-1] INFO  server.RaftServerConfigKeys (ConfUtils.java:logGet(43)) - raft.server.log.queue.element-limit = 1024 (custom)
2019-09-27 09:59:16,255 [pool-67-thread-1] INFO  server.RaftServerConfigKeys (ConfUtils.java:logGet(43)) - raft.server.log.appender.buffer.byte-limit = 33554432 (custom)
2019-09-27 09:59:16,255 [pool-87-thread-1] INFO  server.RaftServerConfigKeys (ConfUtils.java:logGet(43)) - raft.server.log.segment.size.max = 1048576 (custom)
2019-09-27 09:59:16,255 [pool-27-thread-1] INFO  server.RaftServerConfigKeys (ConfUtils.java:logGet(43)) - raft.server.log.segment.cache.num.max = 2 (custom)
2019-09-27 09:59:16,256 [pool-87-thread-1] INFO  server.RaftServerConfigKeys (ConfUtils.java:logGet(43)) - raft.server.log.preallocated.size = 16384 (custom)
2019-09-27 09:59:16,255 [pool-67-thread-1] INFO  server.RaftServerConfigKeys (ConfUtils.java:logGet(43)) - raft.server.log.segment.size.max = 1048576 (custom)
2019-09-27 09:59:16,256 [pool-87-thread-1] INFO  server.RaftServerConfigKeys (ConfUtils.java:logGet(43)) - raft.server.log.write.buffer.size = 33554432 (custom)
2019-09-27 09:59:16,256 [pool-27-thread-1] INFO  segmented.SegmentedRaftLogWorker (SegmentedRaftLogWorker.java:<init>(172)) - new 0bcfdd62-3878-4412-9a7b-270e304bd33f@group-D8DB0446DA57-SegmentedRaftLogWorker for RaftStorage:Storage Directory /workdir/hadoop-ozone/integration-test/target/test-dir/MiniOzoneClusterImpl-f97b6056-80ca-4d0a-8f3e-89a36336af0c/datanode-0/data/ratis/a9ba8f03-11a0-4b65-976c-d8db0446da57
2019-09-27 09:59:16,256 [pool-87-thread-1] INFO  server.RaftServerConfigKeys (ConfUtils.java:logGet(43)) - raft.server.log.force.sync.num = 128 (default)
2019-09-27 09:59:16,256 [pool-67-thread-1] INFO  server.RaftServerConfigKeys (ConfUtils.java:logGet(43)) - raft.server.log.segment.cache.num.max = 2 (custom)
2019-09-27 09:59:16,257 [pool-87-thread-1] INFO  server.RaftServerConfigKeys (ConfUtils.java:logGet(43)) - raft.server.log.statemachine.data.sync = true (default)
2019-09-27 09:59:16,257 [pool-27-thread-1] INFO  server.RaftServerConfigKeys (ConfUtils.java:logGet(43)) - raft.server.log.queue.byte-limit = 2147483647 (custom)
2019-09-27 09:59:16,257 [pool-87-thread-1] INFO  server.RaftServerConfigKeys (ConfUtils.java:logGet(43)) - raft.server.log.statemachine.data.sync.timeout = 10s (default)
2019-09-27 09:59:16,257 [pool-67-thread-1] INFO  segmented.SegmentedRaftLogWorker (SegmentedRaftLogWorker.java:<init>(172)) - new c7642098-e716-426b-bee3-02b0ecc21bb4@group-D8DB0446DA57-SegmentedRaftLogWorker for RaftStorage:Storage Directory /workdir/hadoop-ozone/integration-test/target/test-dir/MiniOzoneClusterImpl-f97b6056-80ca-4d0a-8f3e-89a36336af0c/datanode-4/data/ratis/a9ba8f03-11a0-4b65-976c-d8db0446da57
2019-09-27 09:59:16,257 [pool-87-thread-1] INFO  server.RaftServerConfigKeys (ConfUtils.java:logGet(43)) - raft.server.log.statemachine.data.sync.timeout.retry = -1 (default)
2019-09-27 09:59:16,257 [pool-27-thread-1] INFO  server.RaftServerConfigKeys (ConfUtils.java:logGet(43)) - raft.server.log.queue.element-limit = 1024 (custom)
2019-09-27 09:59:16,258 [pool-87-thread-1] INFO  server.RaftServerConfigKeys (ConfUtils.java:logGet(43)) - raft.server.log.statemachine.data.caching.enabled = true (custom)
2019-09-27 09:59:16,258 [pool-67-thread-1] INFO  server.RaftServerConfigKeys (ConfUtils.java:logGet(43)) - raft.server.log.queue.byte-limit = 2147483647 (custom)
2019-09-27 09:59:16,258 [pool-27-thread-1] INFO  server.RaftServerConfigKeys (ConfUtils.java:logGet(43)) - raft.server.log.segment.size.max = 1048576 (custom)
2019-09-27 09:59:16,258 [pool-87-thread-1] INFO  segmented.SegmentedRaftLogWorker (SegmentedRaftLogWorker.java:lambda$new$0(132)) - 5b3e2021-d7d4-4a5d-96a1-be67d08a7fc9@group-D8DB0446DA57-SegmentedRaftLogWorker: flushIndex: setUnconditionally 0 -> -1
2019-09-27 09:59:16,258 [pool-67-thread-1] INFO  server.RaftServerConfigKeys (ConfUtils.java:logGet(43)) - raft.server.log.queue.element-limit = 1024 (custom)
2019-09-27 09:59:16,259 [pool-27-thread-1] INFO  server.RaftServerConfigKeys (ConfUtils.java:logGet(43)) - raft.server.log.preallocated.size = 16384 (custom)
2019-09-27 09:59:16,259 [pool-67-thread-1] INFO  server.RaftServerConfigKeys (ConfUtils.java:logGet(43)) - raft.server.log.segment.size.max = 1048576 (custom)
2019-09-27 09:59:16,259 [pool-87-thread-1] INFO  server.RaftServerConfigKeys (ConfUtils.java:logGet(43)) - raft.server.snapshot.auto.trigger.enabled = true (custom)
2019-09-27 09:59:16,259 [pool-67-thread-1] INFO  server.RaftServerConfigKeys (ConfUtils.java:logGet(43)) - raft.server.log.preallocated.size = 16384 (custom)
2019-09-27 09:59:16,259 [pool-27-thread-1] INFO  server.RaftServerConfigKeys (ConfUtils.java:logGet(43)) - raft.server.log.write.buffer.size = 33554432 (custom)
2019-09-27 09:59:16,260 [pool-67-thread-1] INFO  server.RaftServerConfigKeys (ConfUtils.java:logGet(43)) - raft.server.log.write.buffer.size = 33554432 (custom)
2019-09-27 09:59:16,259 [pool-87-thread-1] INFO  server.RaftServerConfigKeys (ConfUtils.java:logGet(43)) - raft.server.snapshot.auto.trigger.threshold = 10000 (custom)
2019-09-27 09:59:16,260 [pool-67-thread-1] INFO  server.RaftServerConfigKeys (ConfUtils.java:logGet(43)) - raft.server.log.force.sync.num = 128 (default)
2019-09-27 09:59:16,260 [pool-27-thread-1] INFO  server.RaftServerConfigKeys (ConfUtils.java:logGet(43)) - raft.server.log.force.sync.num = 128 (default)
2019-09-27 09:59:16,260 [pool-67-thread-1] INFO  server.RaftServerConfigKeys (ConfUtils.java:logGet(43)) - raft.server.log.statemachine.data.sync = true (default)
2019-09-27 09:59:16,260 [pool-87-thread-1] INFO  server.RaftServerConfigKeys (ConfUtils.java:logGet(43)) - raft.server.snapshot.retention.num.files = 5 (custom)
2019-09-27 09:59:16,261 [pool-67-thread-1] INFO  server.RaftServerConfigKeys (ConfUtils.java:logGet(43)) - raft.server.log.statemachine.data.sync.timeout = 10s (default)
2019-09-27 09:59:16,260 [pool-27-thread-1] INFO  server.RaftServerConfigKeys (ConfUtils.java:logGet(43)) - raft.server.log.statemachine.data.sync = true (default)
2019-09-27 09:59:16,261 [pool-67-thread-1] INFO  server.RaftServerConfigKeys (ConfUtils.java:logGet(43)) - raft.server.log.statemachine.data.sync.timeout.retry = -1 (default)
2019-09-27 09:59:16,261 [pool-87-thread-1] INFO  server.RaftServerConfigKeys (ConfUtils.java:logGet(43)) - raft.server.retrycache.expirytime = 600000ms (custom)
2019-09-27 09:59:16,261 [pool-67-thread-1] INFO  server.RaftServerConfigKeys (ConfUtils.java:logGet(43)) - raft.server.log.statemachine.data.caching.enabled = true (custom)
2019-09-27 09:59:16,261 [pool-27-thread-1] INFO  server.RaftServerConfigKeys (ConfUtils.java:logGet(43)) - raft.server.log.statemachine.data.sync.timeout = 10s (default)
2019-09-27 09:59:16,262 [pool-27-thread-1] INFO  server.RaftServerConfigKeys (ConfUtils.java:logGet(43)) - raft.server.log.statemachine.data.sync.timeout.retry = -1 (default)
2019-09-27 09:59:16,262 [pool-67-thread-1] INFO  segmented.SegmentedRaftLogWorker (SegmentedRaftLogWorker.java:lambda$new$0(132)) - c7642098-e716-426b-bee3-02b0ecc21bb4@group-D8DB0446DA57-SegmentedRaftLogWorker: flushIndex: setUnconditionally 0 -> -1
2019-09-27 09:59:16,262 [pool-27-thread-1] INFO  server.RaftServerConfigKeys (ConfUtils.java:logGet(43)) - raft.server.log.statemachine.data.caching.enabled = true (custom)
2019-09-27 09:59:16,262 [pool-67-thread-1] INFO  server.RaftServerConfigKeys (ConfUtils.java:logGet(43)) - raft.server.snapshot.auto.trigger.enabled = true (custom)
2019-09-27 09:59:16,263 [pool-27-thread-1] INFO  segmented.SegmentedRaftLogWorker (SegmentedRaftLogWorker.java:lambda$new$0(132)) - 0bcfdd62-3878-4412-9a7b-270e304bd33f@group-D8DB0446DA57-SegmentedRaftLogWorker: flushIndex: setUnconditionally 0 -> -1
2019-09-27 09:59:16,263 [pool-67-thread-1] INFO  server.RaftServerConfigKeys (ConfUtils.java:logGet(43)) - raft.server.snapshot.auto.trigger.threshold = 10000 (custom)
2019-09-27 09:59:16,263 [pool-67-thread-1] INFO  server.RaftServerConfigKeys (ConfUtils.java:logGet(43)) - raft.server.snapshot.retention.num.files = 5 (custom)
2019-09-27 09:59:16,263 [pool-27-thread-1] INFO  server.RaftServerConfigKeys (ConfUtils.java:logGet(43)) - raft.server.snapshot.auto.trigger.enabled = true (custom)
2019-09-27 09:59:16,263 [pool-67-thread-1] INFO  server.RaftServerConfigKeys (ConfUtils.java:logGet(43)) - raft.server.retrycache.expirytime = 600000ms (custom)
2019-09-27 09:59:16,263 [pool-27-thread-1] INFO  server.RaftServerConfigKeys (ConfUtils.java:logGet(43)) - raft.server.snapshot.auto.trigger.threshold = 10000 (custom)
2019-09-27 09:59:16,264 [pool-27-thread-1] INFO  server.RaftServerConfigKeys (ConfUtils.java:logGet(43)) - raft.server.snapshot.retention.num.files = 5 (custom)
2019-09-27 09:59:16,264 [pool-27-thread-1] INFO  server.RaftServerConfigKeys (ConfUtils.java:logGet(43)) - raft.server.retrycache.expirytime = 600000ms (custom)
2019-09-27 09:59:16,266 [pool-87-thread-1] INFO  impl.RaftServerImpl (RaftServerImpl.java:start(185)) - 5b3e2021-d7d4-4a5d-96a1-be67d08a7fc9@group-D8DB0446DA57: start as a follower, conf=-1: [5b3e2021-d7d4-4a5d-96a1-be67d08a7fc9:192.168.151.103:44989, c7642098-e716-426b-bee3-02b0ecc21bb4:192.168.151.103:42518, 0bcfdd62-3878-4412-9a7b-270e304bd33f:192.168.151.103:38626], old=null
2019-09-27 09:59:16,266 [pool-87-thread-1] INFO  impl.RaftServerImpl (RaftServerImpl.java:setRole(174)) - 5b3e2021-d7d4-4a5d-96a1-be67d08a7fc9@group-D8DB0446DA57: changes role from      null to FOLLOWER at term 0 for startAsFollower
2019-09-27 09:59:16,266 [pool-87-thread-1] INFO  impl.RoleInfo (RoleInfo.java:updateAndGet(143)) - 5b3e2021-d7d4-4a5d-96a1-be67d08a7fc9: start FollowerState
2019-09-27 09:59:16,266 [pool-87-thread-1] INFO  util.JmxRegister (JmxRegister.java:tryRegister(44)) - Successfully registered JMX Bean with object name Ratis:service=RaftServer,group=group-D8DB0446DA57,id=5b3e2021-d7d4-4a5d-96a1-be67d08a7fc9
2019-09-27 09:59:16,268 [pool-67-thread-1] INFO  impl.RaftServerImpl (RaftServerImpl.java:start(185)) - c7642098-e716-426b-bee3-02b0ecc21bb4@group-D8DB0446DA57: start as a follower, conf=-1: [5b3e2021-d7d4-4a5d-96a1-be67d08a7fc9:192.168.151.103:44989, c7642098-e716-426b-bee3-02b0ecc21bb4:192.168.151.103:42518, 0bcfdd62-3878-4412-9a7b-270e304bd33f:192.168.151.103:38626], old=null
2019-09-27 09:59:16,268 [pool-67-thread-1] INFO  impl.RaftServerImpl (RaftServerImpl.java:setRole(174)) - c7642098-e716-426b-bee3-02b0ecc21bb4@group-D8DB0446DA57: changes role from      null to FOLLOWER at term 0 for startAsFollower
2019-09-27 09:59:16,269 [pool-67-thread-1] INFO  impl.RoleInfo (RoleInfo.java:updateAndGet(143)) - c7642098-e716-426b-bee3-02b0ecc21bb4: start FollowerState
2019-09-27 09:59:16,269 [pool-27-thread-1] INFO  impl.RaftServerImpl (RaftServerImpl.java:start(185)) - 0bcfdd62-3878-4412-9a7b-270e304bd33f@group-D8DB0446DA57: start as a follower, conf=-1: [5b3e2021-d7d4-4a5d-96a1-be67d08a7fc9:192.168.151.103:44989, c7642098-e716-426b-bee3-02b0ecc21bb4:192.168.151.103:42518, 0bcfdd62-3878-4412-9a7b-270e304bd33f:192.168.151.103:38626], old=null
2019-09-27 09:59:16,271 [pool-27-thread-1] INFO  impl.RaftServerImpl (RaftServerImpl.java:setRole(174)) - 0bcfdd62-3878-4412-9a7b-270e304bd33f@group-D8DB0446DA57: changes role from      null to FOLLOWER at term 0 for startAsFollower
2019-09-27 09:59:16,271 [pool-67-thread-1] INFO  util.JmxRegister (JmxRegister.java:tryRegister(44)) - Successfully registered JMX Bean with object name Ratis:service=RaftServer,group=group-D8DB0446DA57,id=c7642098-e716-426b-bee3-02b0ecc21bb4
2019-09-27 09:59:16,271 [pool-27-thread-1] INFO  impl.RoleInfo (RoleInfo.java:updateAndGet(143)) - 0bcfdd62-3878-4412-9a7b-270e304bd33f: start FollowerState
2019-09-27 09:59:16,272 [pool-27-thread-1] INFO  util.JmxRegister (JmxRegister.java:tryRegister(44)) - Successfully registered JMX Bean with object name Ratis:service=RaftServer,group=group-D8DB0446DA57,id=0bcfdd62-3878-4412-9a7b-270e304bd33f
2019-09-27 09:59:16,295 [RatisPipelineUtilsThread] INFO  pipeline.PipelineStateManager (PipelineStateManager.java:addPipeline(56)) - Created pipeline Pipeline[ Id: a9ba8f03-11a0-4b65-976c-d8db0446da57, Nodes: 5b3e2021-d7d4-4a5d-96a1-be67d08a7fc9{ip: 192.168.151.103, host: pr-hdds2162-4fxhj-20988671, networkLocation: /default-rack, certSerialId: null}c7642098-e716-426b-bee3-02b0ecc21bb4{ip: 192.168.151.103, host: pr-hdds2162-4fxhj-20988671, networkLocation: /default-rack, certSerialId: null}0bcfdd62-3878-4412-9a7b-270e304bd33f{ip: 192.168.151.103, host: pr-hdds2162-4fxhj-20988671, networkLocation: /default-rack, certSerialId: null}, Type:RATIS, Factor:THREE, State:OPEN]
2019-09-27 09:59:16,342 [grpc-default-executor-0] INFO  impl.RaftServerProxy (RaftServerProxy.java:addNew(89)) - 5b0d7dbd-1701-4a84-8425-9a9d8091f3c4: addNew group-F827E6FA5E5D:[5b0d7dbd-1701-4a84-8425-9a9d8091f3c4:192.168.151.103:38592, 17627f09-c64f-4a32-be95-414265d9eb02:192.168.151.103:34984, 3e4a6c72-a651-45f4-ad3d-9f31c18d5887:192.168.151.103:39140] returns group-F827E6FA5E5D:java.util.concurrent.CompletableFuture@508d7873[Not completed]
2019-09-27 09:59:16,343 [grpc-default-executor-1] INFO  impl.RaftServerProxy (RaftServerProxy.java:addNew(89)) - 17627f09-c64f-4a32-be95-414265d9eb02: addNew group-F827E6FA5E5D:[5b0d7dbd-1701-4a84-8425-9a9d8091f3c4:192.168.151.103:38592, 17627f09-c64f-4a32-be95-414265d9eb02:192.168.151.103:34984, 3e4a6c72-a651-45f4-ad3d-9f31c18d5887:192.168.151.103:39140] returns group-F827E6FA5E5D:java.util.concurrent.CompletableFuture@71dd856f[Not completed]
2019-09-27 09:59:16,343 [grpc-default-executor-2] INFO  impl.RaftServerProxy (RaftServerProxy.java:addNew(89)) - 3e4a6c72-a651-45f4-ad3d-9f31c18d5887: addNew group-F827E6FA5E5D:[5b0d7dbd-1701-4a84-8425-9a9d8091f3c4:192.168.151.103:38592, 17627f09-c64f-4a32-be95-414265d9eb02:192.168.151.103:34984, 3e4a6c72-a651-45f4-ad3d-9f31c18d5887:192.168.151.103:39140] returns group-F827E6FA5E5D:java.util.concurrent.CompletableFuture@365a749f[Not completed]
2019-09-27 09:59:16,345 [pool-47-thread-1] INFO  impl.RaftServerImpl (RaftServerImpl.java:<init>(95)) - 5b0d7dbd-1701-4a84-8425-9a9d8091f3c4: new RaftServerImpl for group-F827E6FA5E5D:[5b0d7dbd-1701-4a84-8425-9a9d8091f3c4:192.168.151.103:38592, 17627f09-c64f-4a32-be95-414265d9eb02:192.168.151.103:34984, 3e4a6c72-a651-45f4-ad3d-9f31c18d5887:192.168.151.103:39140] with ContainerStateMachine:uninitialized
2019-09-27 09:59:16,346 [pool-47-thread-1] INFO  server.RaftServerConfigKeys (ConfUtils.java:logGet(43)) - raft.server.rpc.timeout.min = 5s (custom)
2019-09-27 09:59:16,346 [pool-47-thread-1] INFO  server.RaftServerConfigKeys (ConfUtils.java:logGet(43)) - raft.server.rpc.timeout.max = 5200ms (custom)
2019-09-27 09:59:16,346 [pool-47-thread-1] INFO  server.RaftServerConfigKeys (ConfUtils.java:logGet(43)) - raft.server.rpcslowness.timeout = 120s (custom)
2019-09-27 09:59:16,346 [pool-47-thread-1] INFO  server.RaftServerConfigKeys (ConfUtils.java:logGet(43)) - raft.server.sleep.deviation.threshold = 300 (default)
2019-09-27 09:59:16,346 [pool-47-thread-1] INFO  server.RaftServerConfigKeys (ConfUtils.java:logGet(43)) - raft.server.log.appender.install.snapshot.enabled = false (custom)
2019-09-27 09:59:16,346 [pool-47-thread-1] INFO  impl.RaftServerImpl (ServerState.java:<init>(103)) - 5b0d7dbd-1701-4a84-8425-9a9d8091f3c4@group-F827E6FA5E5D: ConfigurationManager, init=-1: [5b0d7dbd-1701-4a84-8425-9a9d8091f3c4:192.168.151.103:38592, 17627f09-c64f-4a32-be95-414265d9eb02:192.168.151.103:34984, 3e4a6c72-a651-45f4-ad3d-9f31c18d5887:192.168.151.103:39140], old=null, confs=<EMPTY_MAP>
2019-09-27 09:59:16,346 [pool-37-thread-1] INFO  impl.RaftServerImpl (RaftServerImpl.java:<init>(95)) - 3e4a6c72-a651-45f4-ad3d-9f31c18d5887: new RaftServerImpl for group-F827E6FA5E5D:[5b0d7dbd-1701-4a84-8425-9a9d8091f3c4:192.168.151.103:38592, 17627f09-c64f-4a32-be95-414265d9eb02:192.168.151.103:34984, 3e4a6c72-a651-45f4-ad3d-9f31c18d5887:192.168.151.103:39140] with ContainerStateMachine:uninitialized
2019-09-27 09:59:16,346 [pool-47-thread-1] INFO  server.RaftServerConfigKeys (ConfUtils.java:logGet(43)) - raft.server.storage.dir = [/workdir/hadoop-ozone/integration-test/target/test-dir/MiniOzoneClusterImpl-f97b6056-80ca-4d0a-8f3e-89a36336af0c/datanode-2/data/ratis] (custom)
2019-09-27 09:59:16,346 [pool-37-thread-1] INFO  server.RaftServerConfigKeys (ConfUtils.java:logGet(43)) - raft.server.rpc.timeout.min = 5s (custom)
2019-09-27 09:59:16,346 [pool-37-thread-1] INFO  server.RaftServerConfigKeys (ConfUtils.java:logGet(43)) - raft.server.rpc.timeout.max = 5200ms (custom)
2019-09-27 09:59:16,347 [pool-37-thread-1] INFO  server.RaftServerConfigKeys (ConfUtils.java:logGet(43)) - raft.server.rpcslowness.timeout = 120s (custom)
2019-09-27 09:59:16,347 [pool-47-thread-1] INFO  storage.RaftStorageDirectory (RaftStorageDirectory.java:analyzeStorage(246)) - The storage directory /workdir/hadoop-ozone/integration-test/target/test-dir/MiniOzoneClusterImpl-f97b6056-80ca-4d0a-8f3e-89a36336af0c/datanode-2/data/ratis/da5e5820-e178-4121-9dc9-f827e6fa5e5d does not exist. Creating ...
2019-09-27 09:59:16,347 [pool-37-thread-1] INFO  server.RaftServerConfigKeys (ConfUtils.java:logGet(43)) - raft.server.sleep.deviation.threshold = 300 (default)
2019-09-27 09:59:16,347 [pool-37-thread-1] INFO  server.RaftServerConfigKeys (ConfUtils.java:logGet(43)) - raft.server.log.appender.install.snapshot.enabled = false (custom)
2019-09-27 09:59:16,347 [pool-37-thread-1] INFO  impl.RaftServerImpl (ServerState.java:<init>(103)) - 3e4a6c72-a651-45f4-ad3d-9f31c18d5887@group-F827E6FA5E5D: ConfigurationManager, init=-1: [5b0d7dbd-1701-4a84-8425-9a9d8091f3c4:192.168.151.103:38592, 17627f09-c64f-4a32-be95-414265d9eb02:192.168.151.103:34984, 3e4a6c72-a651-45f4-ad3d-9f31c18d5887:192.168.151.103:39140], old=null, confs=<EMPTY_MAP>
2019-09-27 09:59:16,347 [pool-57-thread-1] INFO  impl.RaftServerImpl (RaftServerImpl.java:<init>(95)) - 17627f09-c64f-4a32-be95-414265d9eb02: new RaftServerImpl for group-F827E6FA5E5D:[5b0d7dbd-1701-4a84-8425-9a9d8091f3c4:192.168.151.103:38592, 17627f09-c64f-4a32-be95-414265d9eb02:192.168.151.103:34984, 3e4a6c72-a651-45f4-ad3d-9f31c18d5887:192.168.151.103:39140] with ContainerStateMachine:uninitialized
2019-09-27 09:59:16,347 [pool-37-thread-1] INFO  server.RaftServerConfigKeys (ConfUtils.java:logGet(43)) - raft.server.storage.dir = [/workdir/hadoop-ozone/integration-test/target/test-dir/MiniOzoneClusterImpl-f97b6056-80ca-4d0a-8f3e-89a36336af0c/datanode-1/data/ratis] (custom)
2019-09-27 09:59:16,347 [pool-57-thread-1] INFO  server.RaftServerConfigKeys (ConfUtils.java:logGet(43)) - raft.server.rpc.timeout.min = 5s (custom)
2019-09-27 09:59:16,347 [pool-57-thread-1] INFO  server.RaftServerConfigKeys (ConfUtils.java:logGet(43)) - raft.server.rpc.timeout.max = 5200ms (custom)
2019-09-27 09:59:16,348 [pool-37-thread-1] INFO  storage.RaftStorageDirectory (RaftStorageDirectory.java:analyzeStorage(246)) - The storage directory /workdir/hadoop-ozone/integration-test/target/test-dir/MiniOzoneClusterImpl-f97b6056-80ca-4d0a-8f3e-89a36336af0c/datanode-1/data/ratis/da5e5820-e178-4121-9dc9-f827e6fa5e5d does not exist. Creating ...
2019-09-27 09:59:16,348 [pool-57-thread-1] INFO  server.RaftServerConfigKeys (ConfUtils.java:logGet(43)) - raft.server.rpcslowness.timeout = 120s (custom)
2019-09-27 09:59:16,348 [pool-57-thread-1] INFO  server.RaftServerConfigKeys (ConfUtils.java:logGet(43)) - raft.server.sleep.deviation.threshold = 300 (default)
2019-09-27 09:59:16,348 [pool-57-thread-1] INFO  server.RaftServerConfigKeys (ConfUtils.java:logGet(43)) - raft.server.log.appender.install.snapshot.enabled = false (custom)
2019-09-27 09:59:16,348 [pool-57-thread-1] INFO  impl.RaftServerImpl (ServerState.java:<init>(103)) - 17627f09-c64f-4a32-be95-414265d9eb02@group-F827E6FA5E5D: ConfigurationManager, init=-1: [5b0d7dbd-1701-4a84-8425-9a9d8091f3c4:192.168.151.103:38592, 17627f09-c64f-4a32-be95-414265d9eb02:192.168.151.103:34984, 3e4a6c72-a651-45f4-ad3d-9f31c18d5887:192.168.151.103:39140], old=null, confs=<EMPTY_MAP>
2019-09-27 09:59:16,348 [pool-57-thread-1] INFO  server.RaftServerConfigKeys (ConfUtils.java:logGet(43)) - raft.server.storage.dir = [/workdir/hadoop-ozone/integration-test/target/test-dir/MiniOzoneClusterImpl-f97b6056-80ca-4d0a-8f3e-89a36336af0c/datanode-3/data/ratis] (custom)
2019-09-27 09:59:16,349 [pool-57-thread-1] INFO  storage.RaftStorageDirectory (RaftStorageDirectory.java:analyzeStorage(246)) - The storage directory /workdir/hadoop-ozone/integration-test/target/test-dir/MiniOzoneClusterImpl-f97b6056-80ca-4d0a-8f3e-89a36336af0c/datanode-3/data/ratis/da5e5820-e178-4121-9dc9-f827e6fa5e5d does not exist. Creating ...
2019-09-27 09:59:16,372 [pool-37-thread-1] INFO  storage.RaftStorageDirectory (RaftStorageDirectory.java:tryLock(328)) - Lock on /workdir/hadoop-ozone/integration-test/target/test-dir/MiniOzoneClusterImpl-f97b6056-80ca-4d0a-8f3e-89a36336af0c/datanode-1/data/ratis/da5e5820-e178-4121-9dc9-f827e6fa5e5d/in_use.lock acquired by nodename 30667@pr-hdds2162-4fxhj-20988671
2019-09-27 09:59:16,372 [pool-57-thread-1] INFO  storage.RaftStorageDirectory (RaftStorageDirectory.java:tryLock(328)) - Lock on /workdir/hadoop-ozone/integration-test/target/test-dir/MiniOzoneClusterImpl-f97b6056-80ca-4d0a-8f3e-89a36336af0c/datanode-3/data/ratis/da5e5820-e178-4121-9dc9-f827e6fa5e5d/in_use.lock acquired by nodename 30667@pr-hdds2162-4fxhj-20988671
2019-09-27 09:59:16,372 [pool-47-thread-1] INFO  storage.RaftStorageDirectory (RaftStorageDirectory.java:tryLock(328)) - Lock on /workdir/hadoop-ozone/integration-test/target/test-dir/MiniOzoneClusterImpl-f97b6056-80ca-4d0a-8f3e-89a36336af0c/datanode-2/data/ratis/da5e5820-e178-4121-9dc9-f827e6fa5e5d/in_use.lock acquired by nodename 30667@pr-hdds2162-4fxhj-20988671
2019-09-27 09:59:16,397 [pool-57-thread-1] INFO  storage.RaftStorage (RaftStorage.java:format(72)) - Storage directory /workdir/hadoop-ozone/integration-test/target/test-dir/MiniOzoneClusterImpl-f97b6056-80ca-4d0a-8f3e-89a36336af0c/datanode-3/data/ratis/da5e5820-e178-4121-9dc9-f827e6fa5e5d has been successfully formatted.
2019-09-27 09:59:16,397 [pool-37-thread-1] INFO  storage.RaftStorage (RaftStorage.java:format(72)) - Storage directory /workdir/hadoop-ozone/integration-test/target/test-dir/MiniOzoneClusterImpl-f97b6056-80ca-4d0a-8f3e-89a36336af0c/datanode-1/data/ratis/da5e5820-e178-4121-9dc9-f827e6fa5e5d has been successfully formatted.
2019-09-27 09:59:16,398 [pool-57-thread-1] INFO  ratis.ContainerStateMachine (ContainerStateMachine.java:loadSnapshot(230)) - group-F827E6FA5E5D: The snapshot info is null. Setting the last applied indexto:(t:0, i:~)
2019-09-27 09:59:16,397 [pool-47-thread-1] INFO  storage.RaftStorage (RaftStorage.java:format(72)) - Storage directory /workdir/hadoop-ozone/integration-test/target/test-dir/MiniOzoneClusterImpl-f97b6056-80ca-4d0a-8f3e-89a36336af0c/datanode-2/data/ratis/da5e5820-e178-4121-9dc9-f827e6fa5e5d has been successfully formatted.
2019-09-27 09:59:16,398 [pool-37-thread-1] INFO  ratis.ContainerStateMachine (ContainerStateMachine.java:loadSnapshot(230)) - group-F827E6FA5E5D: The snapshot info is null. Setting the last applied indexto:(t:0, i:~)
2019-09-27 09:59:16,398 [pool-57-thread-1] INFO  server.RaftServerConfigKeys (ConfUtils.java:logGet(43)) - raft.server.notification.no-leader.timeout = 120s (custom)
2019-09-27 09:59:16,398 [pool-37-thread-1] INFO  server.RaftServerConfigKeys (ConfUtils.java:logGet(43)) - raft.server.notification.no-leader.timeout = 120s (custom)
2019-09-27 09:59:16,398 [pool-47-thread-1] INFO  ratis.ContainerStateMachine (ContainerStateMachine.java:loadSnapshot(230)) - group-F827E6FA5E5D: The snapshot info is null. Setting the last applied indexto:(t:0, i:~)
2019-09-27 09:59:16,398 [pool-37-thread-1] INFO  server.RaftServerConfigKeys (ConfUtils.java:logGet(43)) - raft.server.log.use.memory = false (default)
2019-09-27 09:59:16,398 [pool-57-thread-1] INFO  server.RaftServerConfigKeys (ConfUtils.java:logGet(43)) - raft.server.log.use.memory = false (default)
2019-09-27 09:59:16,399 [pool-37-thread-1] INFO  server.RaftServerConfigKeys (ConfUtils.java:logGet(43)) - raft.server.log.purge.gap = 1000000 (custom)
2019-09-27 09:59:16,399 [pool-47-thread-1] INFO  server.RaftServerConfigKeys (ConfUtils.java:logGet(43)) - raft.server.notification.no-leader.timeout = 120s (custom)
2019-09-27 09:59:16,399 [pool-37-thread-1] INFO  server.RaftServerConfigKeys (ConfUtils.java:logGet(43)) - raft.server.log.appender.buffer.byte-limit = 33554432 (custom)
2019-09-27 09:59:16,399 [pool-57-thread-1] INFO  server.RaftServerConfigKeys (ConfUtils.java:logGet(43)) - raft.server.log.purge.gap = 1000000 (custom)
2019-09-27 09:59:16,399 [pool-37-thread-1] INFO  server.RaftServerConfigKeys (ConfUtils.java:logGet(43)) - raft.server.log.segment.size.max = 1048576 (custom)
2019-09-27 09:59:16,399 [pool-47-thread-1] INFO  server.RaftServerConfigKeys (ConfUtils.java:logGet(43)) - raft.server.log.use.memory = false (default)
2019-09-27 09:59:16,399 [pool-37-thread-1] INFO  server.RaftServerConfigKeys (ConfUtils.java:logGet(43)) - raft.server.log.segment.cache.num.max = 2 (custom)
2019-09-27 09:59:16,399 [pool-57-thread-1] INFO  server.RaftServerConfigKeys (ConfUtils.java:logGet(43)) - raft.server.log.appender.buffer.byte-limit = 33554432 (custom)
2019-09-27 09:59:16,400 [pool-37-thread-1] INFO  segmented.SegmentedRaftLogWorker (SegmentedRaftLogWorker.java:<init>(172)) - new 3e4a6c72-a651-45f4-ad3d-9f31c18d5887@group-F827E6FA5E5D-SegmentedRaftLogWorker for RaftStorage:Storage Directory /workdir/hadoop-ozone/integration-test/target/test-dir/MiniOzoneClusterImpl-f97b6056-80ca-4d0a-8f3e-89a36336af0c/datanode-1/data/ratis/da5e5820-e178-4121-9dc9-f827e6fa5e5d
2019-09-27 09:59:16,400 [pool-47-thread-1] INFO  server.RaftServerConfigKeys (ConfUtils.java:logGet(43)) - raft.server.log.purge.gap = 1000000 (custom)
2019-09-27 09:59:16,400 [pool-37-thread-1] INFO  server.RaftServerConfigKeys (ConfUtils.java:logGet(43)) - raft.server.log.queue.byte-limit = 2147483647 (custom)
2019-09-27 09:59:16,400 [pool-57-thread-1] INFO  server.RaftServerConfigKeys (ConfUtils.java:logGet(43)) - raft.server.log.segment.size.max = 1048576 (custom)
2019-09-27 09:59:16,400 [pool-47-thread-1] INFO  server.RaftServerConfigKeys (ConfUtils.java:logGet(43)) - raft.server.log.appender.buffer.byte-limit = 33554432 (custom)
2019-09-27 09:59:16,400 [pool-37-thread-1] INFO  server.RaftServerConfigKeys (ConfUtils.java:logGet(43)) - raft.server.log.queue.element-limit = 1024 (custom)
2019-09-27 09:59:16,400 [pool-57-thread-1] INFO  server.RaftServerConfigKeys (ConfUtils.java:logGet(43)) - raft.server.log.segment.cache.num.max = 2 (custom)
2019-09-27 09:59:16,401 [pool-37-thread-1] INFO  server.RaftServerConfigKeys (ConfUtils.java:logGet(43)) - raft.server.log.segment.size.max = 1048576 (custom)
2019-09-27 09:59:16,401 [pool-47-thread-1] INFO  server.RaftServerConfigKeys (ConfUtils.java:logGet(43)) - raft.server.log.segment.size.max = 1048576 (custom)
2019-09-27 09:59:16,401 [pool-37-thread-1] INFO  server.RaftServerConfigKeys (ConfUtils.java:logGet(43)) - raft.server.log.preallocated.size = 16384 (custom)
2019-09-27 09:59:16,401 [pool-57-thread-1] INFO  segmented.SegmentedRaftLogWorker (SegmentedRaftLogWorker.java:<init>(172)) - new 17627f09-c64f-4a32-be95-414265d9eb02@group-F827E6FA5E5D-SegmentedRaftLogWorker for RaftStorage:Storage Directory /workdir/hadoop-ozone/integration-test/target/test-dir/MiniOzoneClusterImpl-f97b6056-80ca-4d0a-8f3e-89a36336af0c/datanode-3/data/ratis/da5e5820-e178-4121-9dc9-f827e6fa5e5d
2019-09-27 09:59:16,401 [pool-37-thread-1] INFO  server.RaftServerConfigKeys (ConfUtils.java:logGet(43)) - raft.server.log.write.buffer.size = 33554432 (custom)
2019-09-27 09:59:16,401 [pool-47-thread-1] INFO  server.RaftServerConfigKeys (ConfUtils.java:logGet(43)) - raft.server.log.segment.cache.num.max = 2 (custom)
2019-09-27 09:59:16,402 [pool-37-thread-1] INFO  server.RaftServerConfigKeys (ConfUtils.java:logGet(43)) - raft.server.log.force.sync.num = 128 (default)
2019-09-27 09:59:16,401 [pool-57-thread-1] INFO  server.RaftServerConfigKeys (ConfUtils.java:logGet(43)) - raft.server.log.queue.byte-limit = 2147483647 (custom)
2019-09-27 09:59:16,402 [pool-37-thread-1] INFO  server.RaftServerConfigKeys (ConfUtils.java:logGet(43)) - raft.server.log.statemachine.data.sync = true (default)
2019-09-27 09:59:16,402 [pool-47-thread-1] INFO  segmented.SegmentedRaftLogWorker (SegmentedRaftLogWorker.java:<init>(172)) - new 5b0d7dbd-1701-4a84-8425-9a9d8091f3c4@group-F827E6FA5E5D-SegmentedRaftLogWorker for RaftStorage:Storage Directory /workdir/hadoop-ozone/integration-test/target/test-dir/MiniOzoneClusterImpl-f97b6056-80ca-4d0a-8f3e-89a36336af0c/datanode-2/data/ratis/da5e5820-e178-4121-9dc9-f827e6fa5e5d
2019-09-27 09:59:16,402 [pool-37-thread-1] INFO  server.RaftServerConfigKeys (ConfUtils.java:logGet(43)) - raft.server.log.statemachine.data.sync.timeout = 10s (default)
2019-09-27 09:59:16,402 [pool-57-thread-1] INFO  server.RaftServerConfigKeys (ConfUtils.java:logGet(43)) - raft.server.log.queue.element-limit = 1024 (custom)
2019-09-27 09:59:16,402 [pool-37-thread-1] INFO  server.RaftServerConfigKeys (ConfUtils.java:logGet(43)) - raft.server.log.statemachine.data.sync.timeout.retry = -1 (default)
2019-09-27 09:59:16,402 [pool-47-thread-1] INFO  server.RaftServerConfigKeys (ConfUtils.java:logGet(43)) - raft.server.log.queue.byte-limit = 2147483647 (custom)
2019-09-27 09:59:16,403 [pool-57-thread-1] INFO  server.RaftServerConfigKeys (ConfUtils.java:logGet(43)) - raft.server.log.segment.size.max = 1048576 (custom)
2019-09-27 09:59:16,403 [pool-47-thread-1] INFO  server.RaftServerConfigKeys (ConfUtils.java:logGet(43)) - raft.server.log.queue.element-limit = 1024 (custom)
2019-09-27 09:59:16,403 [pool-37-thread-1] INFO  server.RaftServerConfigKeys (ConfUtils.java:logGet(43)) - raft.server.log.statemachine.data.caching.enabled = true (custom)
2019-09-27 09:59:16,403 [pool-47-thread-1] INFO  server.RaftServerConfigKeys (ConfUtils.java:logGet(43)) - raft.server.log.segment.size.max = 1048576 (custom)
2019-09-27 09:59:16,403 [pool-57-thread-1] INFO  server.RaftServerConfigKeys (ConfUtils.java:logGet(43)) - raft.server.log.preallocated.size = 16384 (custom)
2019-09-27 09:59:16,403 [pool-47-thread-1] INFO  server.RaftServerConfigKeys (ConfUtils.java:logGet(43)) - raft.server.log.preallocated.size = 16384 (custom)
2019-09-27 09:59:16,403 [pool-37-thread-1] INFO  segmented.SegmentedRaftLogWorker (SegmentedRaftLogWorker.java:lambda$new$0(132)) - 3e4a6c72-a651-45f4-ad3d-9f31c18d5887@group-F827E6FA5E5D-SegmentedRaftLogWorker: flushIndex: setUnconditionally 0 -> -1
2019-09-27 09:59:16,403 [pool-57-thread-1] INFO  server.RaftServerConfigKeys (ConfUtils.java:logGet(43)) - raft.server.log.write.buffer.size = 33554432 (custom)
2019-09-27 09:59:16,404 [pool-47-thread-1] INFO  server.RaftServerConfigKeys (ConfUtils.java:logGet(43)) - raft.server.log.write.buffer.size = 33554432 (custom)
2019-09-27 09:59:16,404 [pool-57-thread-1] INFO  server.RaftServerConfigKeys (ConfUtils.java:logGet(43)) - raft.server.log.force.sync.num = 128 (default)
2019-09-27 09:59:16,404 [pool-47-thread-1] INFO  server.RaftServerConfigKeys (ConfUtils.java:logGet(43)) - raft.server.log.force.sync.num = 128 (default)
2019-09-27 09:59:16,404 [pool-37-thread-1] INFO  server.RaftServerConfigKeys (ConfUtils.java:logGet(43)) - raft.server.snapshot.auto.trigger.enabled = true (custom)
2019-09-27 09:59:16,404 [pool-47-thread-1] INFO  server.RaftServerConfigKeys (ConfUtils.java:logGet(43)) - raft.server.log.statemachine.data.sync = true (default)
2019-09-27 09:59:16,404 [pool-57-thread-1] INFO  server.RaftServerConfigKeys (ConfUtils.java:logGet(43)) - raft.server.log.statemachine.data.sync = true (default)
2019-09-27 09:59:16,404 [pool-47-thread-1] INFO  server.RaftServerConfigKeys (ConfUtils.java:logGet(43)) - raft.server.log.statemachine.data.sync.timeout = 10s (default)
2019-09-27 09:59:16,404 [pool-37-thread-1] INFO  server.RaftServerConfigKeys (ConfUtils.java:logGet(43)) - raft.server.snapshot.auto.trigger.threshold = 10000 (custom)
2019-09-27 09:59:16,405 [pool-47-thread-1] INFO  server.RaftServerConfigKeys (ConfUtils.java:logGet(43)) - raft.server.log.statemachine.data.sync.timeout.retry = -1 (default)
2019-09-27 09:59:16,405 [pool-57-thread-1] INFO  server.RaftServerConfigKeys (ConfUtils.java:logGet(43)) - raft.server.log.statemachine.data.sync.timeout = 10s (default)
2019-09-27 09:59:16,405 [pool-47-thread-1] INFO  server.RaftServerConfigKeys (ConfUtils.java:logGet(43)) - raft.server.log.statemachine.data.caching.enabled = true (custom)
2019-09-27 09:59:16,405 [pool-37-thread-1] INFO  server.RaftServerConfigKeys (ConfUtils.java:logGet(43)) - raft.server.snapshot.retention.num.files = 5 (custom)
2019-09-27 09:59:16,405 [pool-57-thread-1] INFO  server.RaftServerConfigKeys (ConfUtils.java:logGet(43)) - raft.server.log.statemachine.data.sync.timeout.retry = -1 (default)
2019-09-27 09:59:16,405 [pool-47-thread-1] INFO  segmented.SegmentedRaftLogWorker (SegmentedRaftLogWorker.java:lambda$new$0(132)) - 5b0d7dbd-1701-4a84-8425-9a9d8091f3c4@group-F827E6FA5E5D-SegmentedRaftLogWorker: flushIndex: setUnconditionally 0 -> -1
2019-09-27 09:59:16,405 [pool-57-thread-1] INFO  server.RaftServerConfigKeys (ConfUtils.java:logGet(43)) - raft.server.log.statemachine.data.caching.enabled = true (custom)
2019-09-27 09:59:16,405 [pool-37-thread-1] INFO  server.RaftServerConfigKeys (ConfUtils.java:logGet(43)) - raft.server.retrycache.expirytime = 600000ms (custom)
2019-09-27 09:59:16,406 [pool-57-thread-1] INFO  segmented.SegmentedRaftLogWorker (SegmentedRaftLogWorker.java:lambda$new$0(132)) - 17627f09-c64f-4a32-be95-414265d9eb02@group-F827E6FA5E5D-SegmentedRaftLogWorker: flushIndex: setUnconditionally 0 -> -1
2019-09-27 09:59:16,406 [pool-47-thread-1] INFO  server.RaftServerConfigKeys (ConfUtils.java:logGet(43)) - raft.server.snapshot.auto.trigger.enabled = true (custom)
2019-09-27 09:59:16,406 [pool-47-thread-1] INFO  server.RaftServerConfigKeys (ConfUtils.java:logGet(43)) - raft.server.snapshot.auto.trigger.threshold = 10000 (custom)
2019-09-27 09:59:16,406 [pool-57-thread-1] INFO  server.RaftServerConfigKeys (ConfUtils.java:logGet(43)) - raft.server.snapshot.auto.trigger.enabled = true (custom)
2019-09-27 09:59:16,406 [pool-47-thread-1] INFO  server.RaftServerConfigKeys (ConfUtils.java:logGet(43)) - raft.server.snapshot.retention.num.files = 5 (custom)
2019-09-27 09:59:16,406 [pool-57-thread-1] INFO  server.RaftServerConfigKeys (ConfUtils.java:logGet(43)) - raft.server.snapshot.auto.trigger.threshold = 10000 (custom)
2019-09-27 09:59:16,406 [pool-47-thread-1] INFO  server.RaftServerConfigKeys (ConfUtils.java:logGet(43)) - raft.server.retrycache.expirytime = 600000ms (custom)
2019-09-27 09:59:16,406 [pool-57-thread-1] INFO  server.RaftServerConfigKeys (ConfUtils.java:logGet(43)) - raft.server.snapshot.retention.num.files = 5 (custom)
2019-09-27 09:59:16,407 [pool-57-thread-1] INFO  server.RaftServerConfigKeys (ConfUtils.java:logGet(43)) - raft.server.retrycache.expirytime = 600000ms (custom)
2019-09-27 09:59:16,411 [pool-37-thread-1] INFO  impl.RaftServerImpl (RaftServerImpl.java:start(185)) - 3e4a6c72-a651-45f4-ad3d-9f31c18d5887@group-F827E6FA5E5D: start as a follower, conf=-1: [5b0d7dbd-1701-4a84-8425-9a9d8091f3c4:192.168.151.103:38592, 17627f09-c64f-4a32-be95-414265d9eb02:192.168.151.103:34984, 3e4a6c72-a651-45f4-ad3d-9f31c18d5887:192.168.151.103:39140], old=null
2019-09-27 09:59:16,411 [pool-47-thread-1] INFO  impl.RaftServerImpl (RaftServerImpl.java:start(185)) - 5b0d7dbd-1701-4a84-8425-9a9d8091f3c4@group-F827E6FA5E5D: start as a follower, conf=-1: [5b0d7dbd-1701-4a84-8425-9a9d8091f3c4:192.168.151.103:38592, 17627f09-c64f-4a32-be95-414265d9eb02:192.168.151.103:34984, 3e4a6c72-a651-45f4-ad3d-9f31c18d5887:192.168.151.103:39140], old=null
2019-09-27 09:59:16,411 [pool-37-thread-1] INFO  impl.RaftServerImpl (RaftServerImpl.java:setRole(174)) - 3e4a6c72-a651-45f4-ad3d-9f31c18d5887@group-F827E6FA5E5D: changes role from      null to FOLLOWER at term 0 for startAsFollower
2019-09-27 09:59:16,411 [pool-57-thread-1] INFO  impl.RaftServerImpl (RaftServerImpl.java:start(185)) - 17627f09-c64f-4a32-be95-414265d9eb02@group-F827E6FA5E5D: start as a follower, conf=-1: [5b0d7dbd-1701-4a84-8425-9a9d8091f3c4:192.168.151.103:38592, 17627f09-c64f-4a32-be95-414265d9eb02:192.168.151.103:34984, 3e4a6c72-a651-45f4-ad3d-9f31c18d5887:192.168.151.103:39140], old=null
2019-09-27 09:59:16,411 [pool-37-thread-1] INFO  impl.RoleInfo (RoleInfo.java:updateAndGet(143)) - 3e4a6c72-a651-45f4-ad3d-9f31c18d5887: start FollowerState
2019-09-27 09:59:16,411 [pool-57-thread-1] INFO  impl.RaftServerImpl (RaftServerImpl.java:setRole(174)) - 17627f09-c64f-4a32-be95-414265d9eb02@group-F827E6FA5E5D: changes role from      null to FOLLOWER at term 0 for startAsFollower
2019-09-27 09:59:16,411 [pool-47-thread-1] INFO  impl.RaftServerImpl (RaftServerImpl.java:setRole(174)) - 5b0d7dbd-1701-4a84-8425-9a9d8091f3c4@group-F827E6FA5E5D: changes role from      null to FOLLOWER at term 0 for startAsFollower
2019-09-27 09:59:16,412 [pool-57-thread-1] INFO  impl.RoleInfo (RoleInfo.java:updateAndGet(143)) - 17627f09-c64f-4a32-be95-414265d9eb02: start FollowerState
2019-09-27 09:59:16,412 [pool-47-thread-1] INFO  impl.RoleInfo (RoleInfo.java:updateAndGet(143)) - 5b0d7dbd-1701-4a84-8425-9a9d8091f3c4: start FollowerState
2019-09-27 09:59:16,412 [pool-37-thread-1] INFO  util.JmxRegister (JmxRegister.java:tryRegister(44)) - Successfully registered JMX Bean with object name Ratis:service=RaftServer,group=group-F827E6FA5E5D,id=3e4a6c72-a651-45f4-ad3d-9f31c18d5887
2019-09-27 09:59:16,412 [pool-57-thread-1] INFO  util.JmxRegister (JmxRegister.java:tryRegister(44)) - Successfully registered JMX Bean with object name Ratis:service=RaftServer,group=group-F827E6FA5E5D,id=17627f09-c64f-4a32-be95-414265d9eb02
2019-09-27 09:59:16,412 [pool-47-thread-1] INFO  util.JmxRegister (JmxRegister.java:tryRegister(44)) - Successfully registered JMX Bean with object name Ratis:service=RaftServer,group=group-F827E6FA5E5D,id=5b0d7dbd-1701-4a84-8425-9a9d8091f3c4
2019-09-27 09:59:16,438 [RatisPipelineUtilsThread] INFO  pipeline.PipelineStateManager (PipelineStateManager.java:addPipeline(56)) - Created pipeline Pipeline[ Id: da5e5820-e178-4121-9dc9-f827e6fa5e5d, Nodes: 5b0d7dbd-1701-4a84-8425-9a9d8091f3c4{ip: 192.168.151.103, host: pr-hdds2162-4fxhj-20988671, networkLocation: /default-rack, certSerialId: null}17627f09-c64f-4a32-be95-414265d9eb02{ip: 192.168.151.103, host: pr-hdds2162-4fxhj-20988671, networkLocation: /default-rack, certSerialId: null}3e4a6c72-a651-45f4-ad3d-9f31c18d5887{ip: 192.168.151.103, host: pr-hdds2162-4fxhj-20988671, networkLocation: /default-rack, certSerialId: null}, Type:RATIS, Factor:THREE, State:OPEN]
2019-09-27 09:59:17,348 [main] INFO  ipc.Client (Client.java:handleConnectionFailure(948)) - Retrying connect to server: localhost/127.0.0.1:0. Already tried 0 time(s); retry policy is RetryUpToMaximumCountWithFixedSleep(maxRetries=10, sleepTime=1000 MILLISECONDS)
2019-09-27 09:59:17,535 [Thread-238] INFO  container.ReplicationManager (ReplicationManager.java:start(162)) - Starting Replication Monitor Thread.
2019-09-27 09:59:17,540 [ReplicationMonitor] INFO  container.ReplicationManager (ReplicationManager.java:run(225)) - Replication Monitor Thread took 1 milliseconds for processing 0 containers.
2019-09-27 09:59:18,350 [main] INFO  ipc.Client (Client.java:handleConnectionFailure(948)) - Retrying connect to server: localhost/127.0.0.1:0. Already tried 1 time(s); retry policy is RetryUpToMaximumCountWithFixedSleep(maxRetries=10, sleepTime=1000 MILLISECONDS)
2019-09-27 09:59:19,351 [main] INFO  ipc.Client (Client.java:handleConnectionFailure(948)) - Retrying connect to server: localhost/127.0.0.1:0. Already tried 2 time(s); retry policy is RetryUpToMaximumCountWithFixedSleep(maxRetries=10, sleepTime=1000 MILLISECONDS)
2019-09-27 09:59:20,353 [main] INFO  ipc.Client (Client.java:handleConnectionFailure(948)) - Retrying connect to server: localhost/127.0.0.1:0. Already tried 3 time(s); retry policy is RetryUpToMaximumCountWithFixedSleep(maxRetries=10, sleepTime=1000 MILLISECONDS)
2019-09-27 09:59:20,493 [Thread-240] INFO  impl.FollowerState (FollowerState.java:run(106)) - 0bcfdd62-3878-4412-9a7b-270e304bd33f:group-4CC59DA26929 changes to CANDIDATE, lastRpcTime:5152, electionTimeout:5151ms
2019-09-27 09:59:20,495 [Thread-240] INFO  impl.RoleInfo (RoleInfo.java:shutdownFollowerState(121)) - 0bcfdd62-3878-4412-9a7b-270e304bd33f: shutdown FollowerState
2019-09-27 09:59:20,496 [Thread-240] INFO  impl.RaftServerImpl (RaftServerImpl.java:setRole(174)) - 0bcfdd62-3878-4412-9a7b-270e304bd33f@group-4CC59DA26929: changes role from  FOLLOWER to CANDIDATE at term 0 for changeToCandidate
2019-09-27 09:59:20,506 [Thread-240] INFO  impl.RoleInfo (RoleInfo.java:updateAndGet(143)) - 0bcfdd62-3878-4412-9a7b-270e304bd33f: start LeaderElection
2019-09-27 09:59:20,527 [0bcfdd62-3878-4412-9a7b-270e304bd33f@group-4CC59DA26929:LeaderElection1] INFO  impl.LeaderElection (LeaderElection.java:askForVotes(182)) - 0bcfdd62-3878-4412-9a7b-270e304bd33f@group-4CC59DA26929:LeaderElection1: begin an election at term 1 for -1: [0bcfdd62-3878-4412-9a7b-270e304bd33f:192.168.151.103:38626], old=null
2019-09-27 09:59:20,529 [0bcfdd62-3878-4412-9a7b-270e304bd33f@group-4CC59DA26929:LeaderElection1] INFO  impl.RoleInfo (RoleInfo.java:shutdownLeaderElection(134)) - 0bcfdd62-3878-4412-9a7b-270e304bd33f: shutdown LeaderElection
2019-09-27 09:59:20,530 [0bcfdd62-3878-4412-9a7b-270e304bd33f@group-4CC59DA26929:LeaderElection1] INFO  impl.RaftServerImpl (RaftServerImpl.java:setRole(174)) - 0bcfdd62-3878-4412-9a7b-270e304bd33f@group-4CC59DA26929: changes role from CANDIDATE to LEADER at term 1 for changeToLeader
2019-09-27 09:59:20,531 [0bcfdd62-3878-4412-9a7b-270e304bd33f@group-4CC59DA26929:LeaderElection1] INFO  impl.RaftServerImpl (ServerState.java:setLeader(253)) - 0bcfdd62-3878-4412-9a7b-270e304bd33f@group-4CC59DA26929: change Leader from null to 0bcfdd62-3878-4412-9a7b-270e304bd33f at term 1 for becomeLeader, leader elected after 5308ms
2019-09-27 09:59:20,541 [0bcfdd62-3878-4412-9a7b-270e304bd33f@group-4CC59DA26929:LeaderElection1] INFO  server.RaftServerConfigKeys (ConfUtils.java:logGet(43)) - raft.server.staging.catchup.gap = 1000 (default)
2019-09-27 09:59:20,541 [0bcfdd62-3878-4412-9a7b-270e304bd33f@group-4CC59DA26929:LeaderElection1] INFO  server.RaftServerConfigKeys (ConfUtils.java:logGet(43)) - raft.server.rpc.sleep.time = 25ms (default)
2019-09-27 09:59:20,545 [0bcfdd62-3878-4412-9a7b-270e304bd33f@group-4CC59DA26929:LeaderElection1] INFO  server.RaftServerConfigKeys (ConfUtils.java:logGet(43)) - raft.server.write.element-limit = 4096 (default)
2019-09-27 09:59:20,549 [0bcfdd62-3878-4412-9a7b-270e304bd33f@group-4CC59DA26929:LeaderElection1] INFO  server.RaftServerConfigKeys (ConfUtils.java:logGet(43)) - raft.server.watch.timeout = 10s (default)
2019-09-27 09:59:20,549 [0bcfdd62-3878-4412-9a7b-270e304bd33f@group-4CC59DA26929:LeaderElection1] INFO  server.RaftServerConfigKeys (ConfUtils.java:logGet(43)) - raft.server.watch.timeout.denomination = 1s (default)
2019-09-27 09:59:20,550 [0bcfdd62-3878-4412-9a7b-270e304bd33f@group-4CC59DA26929:LeaderElection1] INFO  server.RaftServerConfigKeys (ConfUtils.java:logGet(43)) - raft.server.watch.element-limit = 65536 (default)
2019-09-27 09:59:20,566 [0bcfdd62-3878-4412-9a7b-270e304bd33f@group-4CC59DA26929:LeaderElection1] INFO  impl.RoleInfo (RoleInfo.java:updateAndGet(143)) - 0bcfdd62-3878-4412-9a7b-270e304bd33f: start LeaderState
2019-09-27 09:59:20,593 [0bcfdd62-3878-4412-9a7b-270e304bd33f@group-4CC59DA26929:LeaderElection1] INFO  segmented.SegmentedRaftLogWorker (SegmentedRaftLogWorker.java:startLogSegment(380)) - 0bcfdd62-3878-4412-9a7b-270e304bd33f@group-4CC59DA26929-SegmentedRaftLogWorker: Starting segment from index:0
2019-09-27 09:59:20,602 [0bcfdd62-3878-4412-9a7b-270e304bd33f@group-4CC59DA26929:LeaderElection1] INFO  impl.RaftServerImpl (ServerState.java:setRaftConf(354)) - 0bcfdd62-3878-4412-9a7b-270e304bd33f@group-4CC59DA26929: set configuration 0: [0bcfdd62-3878-4412-9a7b-270e304bd33f:192.168.151.103:38626], old=null at 0
2019-09-27 09:59:20,603 [Thread-243] INFO  impl.FollowerState (FollowerState.java:run(106)) - 5b3e2021-d7d4-4a5d-96a1-be67d08a7fc9:group-CF45BF6ABD5A changes to CANDIDATE, lastRpcTime:5029, electionTimeout:5027ms
2019-09-27 09:59:20,605 [Thread-243] INFO  impl.RoleInfo (RoleInfo.java:shutdownFollowerState(121)) - 5b3e2021-d7d4-4a5d-96a1-be67d08a7fc9: shutdown FollowerState
2019-09-27 09:59:20,605 [Thread-243] INFO  impl.RaftServerImpl (RaftServerImpl.java:setRole(174)) - 5b3e2021-d7d4-4a5d-96a1-be67d08a7fc9@group-CF45BF6ABD5A: changes role from  FOLLOWER to CANDIDATE at term 0 for changeToCandidate
2019-09-27 09:59:20,605 [Thread-243] INFO  impl.RoleInfo (RoleInfo.java:updateAndGet(143)) - 5b3e2021-d7d4-4a5d-96a1-be67d08a7fc9: start LeaderElection
2019-09-27 09:59:20,635 [5b3e2021-d7d4-4a5d-96a1-be67d08a7fc9@group-CF45BF6ABD5A:LeaderElection2] INFO  impl.LeaderElection (LeaderElection.java:askForVotes(182)) - 5b3e2021-d7d4-4a5d-96a1-be67d08a7fc9@group-CF45BF6ABD5A:LeaderElection2: begin an election at term 1 for -1: [5b3e2021-d7d4-4a5d-96a1-be67d08a7fc9:192.168.151.103:44989], old=null
2019-09-27 09:59:20,637 [5b3e2021-d7d4-4a5d-96a1-be67d08a7fc9@group-CF45BF6ABD5A:LeaderElection2] INFO  impl.RoleInfo (RoleInfo.java:shutdownLeaderElection(134)) - 5b3e2021-d7d4-4a5d-96a1-be67d08a7fc9: shutdown LeaderElection
2019-09-27 09:59:20,637 [5b3e2021-d7d4-4a5d-96a1-be67d08a7fc9@group-CF45BF6ABD5A:LeaderElection2] INFO  impl.RaftServerImpl (RaftServerImpl.java:setRole(174)) - 5b3e2021-d7d4-4a5d-96a1-be67d08a7fc9@group-CF45BF6ABD5A: changes role from CANDIDATE to LEADER at term 1 for changeToLeader
2019-09-27 09:59:20,637 [5b3e2021-d7d4-4a5d-96a1-be67d08a7fc9@group-CF45BF6ABD5A:LeaderElection2] INFO  impl.RaftServerImpl (ServerState.java:setLeader(253)) - 5b3e2021-d7d4-4a5d-96a1-be67d08a7fc9@group-CF45BF6ABD5A: change Leader from null to 5b3e2021-d7d4-4a5d-96a1-be67d08a7fc9 at term 1 for becomeLeader, leader elected after 5083ms
2019-09-27 09:59:20,639 [5b3e2021-d7d4-4a5d-96a1-be67d08a7fc9@group-CF45BF6ABD5A:LeaderElection2] INFO  server.RaftServerConfigKeys (ConfUtils.java:logGet(43)) - raft.server.staging.catchup.gap = 1000 (default)
2019-09-27 09:59:20,640 [5b3e2021-d7d4-4a5d-96a1-be67d08a7fc9@group-CF45BF6ABD5A:LeaderElection2] INFO  server.RaftServerConfigKeys (ConfUtils.java:logGet(43)) - raft.server.rpc.sleep.time = 25ms (default)
2019-09-27 09:59:20,640 [5b3e2021-d7d4-4a5d-96a1-be67d08a7fc9@group-CF45BF6ABD5A:LeaderElection2] INFO  server.RaftServerConfigKeys (ConfUtils.java:logGet(43)) - raft.server.write.element-limit = 4096 (default)
2019-09-27 09:59:20,640 [5b3e2021-d7d4-4a5d-96a1-be67d08a7fc9@group-CF45BF6ABD5A:LeaderElection2] INFO  server.RaftServerConfigKeys (ConfUtils.java:logGet(43)) - raft.server.watch.timeout = 10s (default)
2019-09-27 09:59:20,640 [5b3e2021-d7d4-4a5d-96a1-be67d08a7fc9@group-CF45BF6ABD5A:LeaderElection2] INFO  server.RaftServerConfigKeys (ConfUtils.java:logGet(43)) - raft.server.watch.timeout.denomination = 1s (default)
2019-09-27 09:59:20,641 [5b3e2021-d7d4-4a5d-96a1-be67d08a7fc9@group-CF45BF6ABD5A:LeaderElection2] INFO  server.RaftServerConfigKeys (ConfUtils.java:logGet(43)) - raft.server.watch.element-limit = 65536 (default)
2019-09-27 09:59:20,644 [5b3e2021-d7d4-4a5d-96a1-be67d08a7fc9@group-CF45BF6ABD5A:LeaderElection2] INFO  impl.RoleInfo (RoleInfo.java:updateAndGet(143)) - 5b3e2021-d7d4-4a5d-96a1-be67d08a7fc9: start LeaderState
2019-09-27 09:59:20,644 [5b3e2021-d7d4-4a5d-96a1-be67d08a7fc9@group-CF45BF6ABD5A:LeaderElection2] INFO  segmented.SegmentedRaftLogWorker (SegmentedRaftLogWorker.java:startLogSegment(380)) - 5b3e2021-d7d4-4a5d-96a1-be67d08a7fc9@group-CF45BF6ABD5A-SegmentedRaftLogWorker: Starting segment from index:0
2019-09-27 09:59:20,645 [5b3e2021-d7d4-4a5d-96a1-be67d08a7fc9@group-CF45BF6ABD5A:LeaderElection2] INFO  impl.RaftServerImpl (ServerState.java:setRaftConf(354)) - 5b3e2021-d7d4-4a5d-96a1-be67d08a7fc9@group-CF45BF6ABD5A: set configuration 0: [5b3e2021-d7d4-4a5d-96a1-be67d08a7fc9:192.168.151.103:44989], old=null at 0
2019-09-27 09:59:20,817 [0bcfdd62-3878-4412-9a7b-270e304bd33f@group-4CC59DA26929-SegmentedRaftLogWorker] INFO  segmented.SegmentedRaftLogWorker (SegmentedRaftLogWorker.java:execute(569)) - 0bcfdd62-3878-4412-9a7b-270e304bd33f@group-4CC59DA26929-SegmentedRaftLogWorker: created new log segment /workdir/hadoop-ozone/integration-test/target/test-dir/MiniOzoneClusterImpl-f97b6056-80ca-4d0a-8f3e-89a36336af0c/datanode-0/data/ratis/01c23adc-acbb-46a5-9391-4cc59da26929/current/log_inprogress_0
2019-09-27 09:59:20,817 [5b3e2021-d7d4-4a5d-96a1-be67d08a7fc9@group-CF45BF6ABD5A-SegmentedRaftLogWorker] INFO  segmented.SegmentedRaftLogWorker (SegmentedRaftLogWorker.java:execute(569)) - 5b3e2021-d7d4-4a5d-96a1-be67d08a7fc9@group-CF45BF6ABD5A-SegmentedRaftLogWorker: created new log segment /workdir/hadoop-ozone/integration-test/target/test-dir/MiniOzoneClusterImpl-f97b6056-80ca-4d0a-8f3e-89a36336af0c/datanode-6/data/ratis/aa8a8da9-adce-44a6-8629-cf45bf6abd5a/current/log_inprogress_0
2019-09-27 09:59:20,839 [Thread-246] INFO  impl.FollowerState (FollowerState.java:run(106)) - c7642098-e716-426b-bee3-02b0ecc21bb4:group-4C01C2FB6FE9 changes to CANDIDATE, lastRpcTime:5089, electionTimeout:5089ms
2019-09-27 09:59:20,839 [Thread-246] INFO  impl.RoleInfo (RoleInfo.java:shutdownFollowerState(121)) - c7642098-e716-426b-bee3-02b0ecc21bb4: shutdown FollowerState
2019-09-27 09:59:20,840 [Thread-246] INFO  impl.RaftServerImpl (RaftServerImpl.java:setRole(174)) - c7642098-e716-426b-bee3-02b0ecc21bb4@group-4C01C2FB6FE9: changes role from  FOLLOWER to CANDIDATE at term 0 for changeToCandidate
2019-09-27 09:59:20,840 [Thread-246] INFO  impl.RoleInfo (RoleInfo.java:updateAndGet(143)) - c7642098-e716-426b-bee3-02b0ecc21bb4: start LeaderElection
2019-09-27 09:59:20,858 [c7642098-e716-426b-bee3-02b0ecc21bb4@group-4C01C2FB6FE9:LeaderElection3] INFO  impl.LeaderElection (LeaderElection.java:askForVotes(182)) - c7642098-e716-426b-bee3-02b0ecc21bb4@group-4C01C2FB6FE9:LeaderElection3: begin an election at term 1 for -1: [c7642098-e716-426b-bee3-02b0ecc21bb4:192.168.151.103:42518], old=null
2019-09-27 09:59:20,858 [c7642098-e716-426b-bee3-02b0ecc21bb4@group-4C01C2FB6FE9:LeaderElection3] INFO  impl.RoleInfo (RoleInfo.java:shutdownLeaderElection(134)) - c7642098-e716-426b-bee3-02b0ecc21bb4: shutdown LeaderElection
2019-09-27 09:59:20,858 [c7642098-e716-426b-bee3-02b0ecc21bb4@group-4C01C2FB6FE9:LeaderElection3] INFO  impl.RaftServerImpl (RaftServerImpl.java:setRole(174)) - c7642098-e716-426b-bee3-02b0ecc21bb4@group-4C01C2FB6FE9: changes role from CANDIDATE to LEADER at term 1 for changeToLeader
2019-09-27 09:59:20,858 [c7642098-e716-426b-bee3-02b0ecc21bb4@group-4C01C2FB6FE9:LeaderElection3] INFO  impl.RaftServerImpl (ServerState.java:setLeader(253)) - c7642098-e716-426b-bee3-02b0ecc21bb4@group-4C01C2FB6FE9: change Leader from null to c7642098-e716-426b-bee3-02b0ecc21bb4 at term 1 for becomeLeader, leader elected after 5169ms
2019-09-27 09:59:20,860 [c7642098-e716-426b-bee3-02b0ecc21bb4@group-4C01C2FB6FE9:LeaderElection3] INFO  server.RaftServerConfigKeys (ConfUtils.java:logGet(43)) - raft.server.staging.catchup.gap = 1000 (default)
2019-09-27 09:59:20,860 [c7642098-e716-426b-bee3-02b0ecc21bb4@group-4C01C2FB6FE9:LeaderElection3] INFO  server.RaftServerConfigKeys (ConfUtils.java:logGet(43)) - raft.server.rpc.sleep.time = 25ms (default)
2019-09-27 09:59:20,861 [c7642098-e716-426b-bee3-02b0ecc21bb4@group-4C01C2FB6FE9:LeaderElection3] INFO  server.RaftServerConfigKeys (ConfUtils.java:logGet(43)) - raft.server.write.element-limit = 4096 (default)
2019-09-27 09:59:20,861 [c7642098-e716-426b-bee3-02b0ecc21bb4@group-4C01C2FB6FE9:LeaderElection3] INFO  server.RaftServerConfigKeys (ConfUtils.java:logGet(43)) - raft.server.watch.timeout = 10s (default)
2019-09-27 09:59:20,861 [c7642098-e716-426b-bee3-02b0ecc21bb4@group-4C01C2FB6FE9:LeaderElection3] INFO  server.RaftServerConfigKeys (ConfUtils.java:logGet(43)) - raft.server.watch.timeout.denomination = 1s (default)
2019-09-27 09:59:20,861 [c7642098-e716-426b-bee3-02b0ecc21bb4@group-4C01C2FB6FE9:LeaderElection3] INFO  server.RaftServerConfigKeys (ConfUtils.java:logGet(43)) - raft.server.watch.element-limit = 65536 (default)
2019-09-27 09:59:20,864 [c7642098-e716-426b-bee3-02b0ecc21bb4@group-4C01C2FB6FE9:LeaderElection3] INFO  impl.RoleInfo (RoleInfo.java:updateAndGet(143)) - c7642098-e716-426b-bee3-02b0ecc21bb4: start LeaderState
2019-09-27 09:59:20,864 [c7642098-e716-426b-bee3-02b0ecc21bb4@group-4C01C2FB6FE9:LeaderElection3] INFO  segmented.SegmentedRaftLogWorker (SegmentedRaftLogWorker.java:startLogSegment(380)) - c7642098-e716-426b-bee3-02b0ecc21bb4@group-4C01C2FB6FE9-SegmentedRaftLogWorker: Starting segment from index:0
2019-09-27 09:59:20,865 [c7642098-e716-426b-bee3-02b0ecc21bb4@group-4C01C2FB6FE9:LeaderElection3] INFO  impl.RaftServerImpl (ServerState.java:setRaftConf(354)) - c7642098-e716-426b-bee3-02b0ecc21bb4@group-4C01C2FB6FE9: set configuration 0: [c7642098-e716-426b-bee3-02b0ecc21bb4:192.168.151.103:42518], old=null at 0
2019-09-27 09:59:20,923 [c7642098-e716-426b-bee3-02b0ecc21bb4@group-4C01C2FB6FE9-SegmentedRaftLogWorker] INFO  segmented.SegmentedRaftLogWorker (SegmentedRaftLogWorker.java:execute(569)) - c7642098-e716-426b-bee3-02b0ecc21bb4@group-4C01C2FB6FE9-SegmentedRaftLogWorker: created new log segment /workdir/hadoop-ozone/integration-test/target/test-dir/MiniOzoneClusterImpl-f97b6056-80ca-4d0a-8f3e-89a36336af0c/datanode-4/data/ratis/00a1d878-26c6-4b3c-81e9-4c01c2fb6fe9/current/log_inprogress_0
2019-09-27 09:59:20,992 [Thread-252] INFO  impl.FollowerState (FollowerState.java:run(106)) - 17627f09-c64f-4a32-be95-414265d9eb02:group-8A08FEE89D50 changes to CANDIDATE, lastRpcTime:5024, electionTimeout:5024ms
2019-09-27 09:59:20,993 [Thread-252] INFO  impl.RoleInfo (RoleInfo.java:shutdownFollowerState(121)) - 17627f09-c64f-4a32-be95-414265d9eb02: shutdown FollowerState
2019-09-27 09:59:20,993 [Thread-252] INFO  impl.RaftServerImpl (RaftServerImpl.java:setRole(174)) - 17627f09-c64f-4a32-be95-414265d9eb02@group-8A08FEE89D50: changes role from  FOLLOWER to CANDIDATE at term 0 for changeToCandidate
2019-09-27 09:59:20,993 [Thread-252] INFO  impl.RoleInfo (RoleInfo.java:updateAndGet(143)) - 17627f09-c64f-4a32-be95-414265d9eb02: start LeaderElection
2019-09-27 09:59:21,011 [17627f09-c64f-4a32-be95-414265d9eb02@group-8A08FEE89D50:LeaderElection4] INFO  impl.LeaderElection (LeaderElection.java:askForVotes(182)) - 17627f09-c64f-4a32-be95-414265d9eb02@group-8A08FEE89D50:LeaderElection4: begin an election at term 1 for -1: [17627f09-c64f-4a32-be95-414265d9eb02:192.168.151.103:34984], old=null
2019-09-27 09:59:21,011 [17627f09-c64f-4a32-be95-414265d9eb02@group-8A08FEE89D50:LeaderElection4] INFO  impl.RoleInfo (RoleInfo.java:shutdownLeaderElection(134)) - 17627f09-c64f-4a32-be95-414265d9eb02: shutdown LeaderElection
2019-09-27 09:59:21,011 [17627f09-c64f-4a32-be95-414265d9eb02@group-8A08FEE89D50:LeaderElection4] INFO  impl.RaftServerImpl (RaftServerImpl.java:setRole(174)) - 17627f09-c64f-4a32-be95-414265d9eb02@group-8A08FEE89D50: changes role from CANDIDATE to LEADER at term 1 for changeToLeader
2019-09-27 09:59:21,011 [17627f09-c64f-4a32-be95-414265d9eb02@group-8A08FEE89D50:LeaderElection4] INFO  impl.RaftServerImpl (ServerState.java:setLeader(253)) - 17627f09-c64f-4a32-be95-414265d9eb02@group-8A08FEE89D50: change Leader from null to 17627f09-c64f-4a32-be95-414265d9eb02 at term 1 for becomeLeader, leader elected after 5059ms
2019-09-27 09:59:21,013 [17627f09-c64f-4a32-be95-414265d9eb02@group-8A08FEE89D50:LeaderElection4] INFO  server.RaftServerConfigKeys (ConfUtils.java:logGet(43)) - raft.server.staging.catchup.gap = 1000 (default)
2019-09-27 09:59:21,014 [17627f09-c64f-4a32-be95-414265d9eb02@group-8A08FEE89D50:LeaderElection4] INFO  server.RaftServerConfigKeys (ConfUtils.java:logGet(43)) - raft.server.rpc.sleep.time = 25ms (default)
2019-09-27 09:59:21,014 [Thread-249] INFO  impl.FollowerState (FollowerState.java:run(106)) - 5b0d7dbd-1701-4a84-8425-9a9d8091f3c4:group-DE789E0F0D82 changes to CANDIDATE, lastRpcTime:5141, electionTimeout:5141ms
2019-09-27 09:59:21,014 [17627f09-c64f-4a32-be95-414265d9eb02@group-8A08FEE89D50:LeaderElection4] INFO  server.RaftServerConfigKeys (ConfUtils.java:logGet(43)) - raft.server.write.element-limit = 4096 (default)
2019-09-27 09:59:21,014 [Thread-249] INFO  impl.RoleInfo (RoleInfo.java:shutdownFollowerState(121)) - 5b0d7dbd-1701-4a84-8425-9a9d8091f3c4: shutdown FollowerState
2019-09-27 09:59:21,014 [17627f09-c64f-4a32-be95-414265d9eb02@group-8A08FEE89D50:LeaderElection4] INFO  server.RaftServerConfigKeys (ConfUtils.java:logGet(43)) - raft.server.watch.timeout = 10s (default)
2019-09-27 09:59:21,014 [Thread-249] INFO  impl.RaftServerImpl (RaftServerImpl.java:setRole(174)) - 5b0d7dbd-1701-4a84-8425-9a9d8091f3c4@group-DE789E0F0D82: changes role from  FOLLOWER to CANDIDATE at term 0 for changeToCandidate
2019-09-27 09:59:21,014 [17627f09-c64f-4a32-be95-414265d9eb02@group-8A08FEE89D50:LeaderElection4] INFO  server.RaftServerConfigKeys (ConfUtils.java:logGet(43)) - raft.server.watch.timeout.denomination = 1s (default)
2019-09-27 09:59:21,015 [Thread-249] INFO  impl.RoleInfo (RoleInfo.java:updateAndGet(143)) - 5b0d7dbd-1701-4a84-8425-9a9d8091f3c4: start LeaderElection
2019-09-27 09:59:21,015 [17627f09-c64f-4a32-be95-414265d9eb02@group-8A08FEE89D50:LeaderElection4] INFO  server.RaftServerConfigKeys (ConfUtils.java:logGet(43)) - raft.server.watch.element-limit = 65536 (default)
2019-09-27 09:59:21,022 [17627f09-c64f-4a32-be95-414265d9eb02@group-8A08FEE89D50:LeaderElection4] INFO  impl.RoleInfo (RoleInfo.java:updateAndGet(143)) - 17627f09-c64f-4a32-be95-414265d9eb02: start LeaderState
2019-09-27 09:59:21,022 [17627f09-c64f-4a32-be95-414265d9eb02@group-8A08FEE89D50:LeaderElection4] INFO  segmented.SegmentedRaftLogWorker (SegmentedRaftLogWorker.java:startLogSegment(380)) - 17627f09-c64f-4a32-be95-414265d9eb02@group-8A08FEE89D50-SegmentedRaftLogWorker: Starting segment from index:0
2019-09-27 09:59:21,023 [17627f09-c64f-4a32-be95-414265d9eb02@group-8A08FEE89D50:LeaderElection4] INFO  impl.RaftServerImpl (ServerState.java:setRaftConf(354)) - 17627f09-c64f-4a32-be95-414265d9eb02@group-8A08FEE89D50: set configuration 0: [17627f09-c64f-4a32-be95-414265d9eb02:192.168.151.103:34984], old=null at 0
2019-09-27 09:59:21,065 [5b0d7dbd-1701-4a84-8425-9a9d8091f3c4@group-DE789E0F0D82:LeaderElection5] INFO  impl.LeaderElection (LeaderElection.java:askForVotes(182)) - 5b0d7dbd-1701-4a84-8425-9a9d8091f3c4@group-DE789E0F0D82:LeaderElection5: begin an election at term 1 for -1: [5b0d7dbd-1701-4a84-8425-9a9d8091f3c4:192.168.151.103:38592], old=null
2019-09-27 09:59:21,065 [5b0d7dbd-1701-4a84-8425-9a9d8091f3c4@group-DE789E0F0D82:LeaderElection5] INFO  impl.RoleInfo (RoleInfo.java:shutdownLeaderElection(134)) - 5b0d7dbd-1701-4a84-8425-9a9d8091f3c4: shutdown LeaderElection
2019-09-27 09:59:21,065 [5b0d7dbd-1701-4a84-8425-9a9d8091f3c4@group-DE789E0F0D82:LeaderElection5] INFO  impl.RaftServerImpl (RaftServerImpl.java:setRole(174)) - 5b0d7dbd-1701-4a84-8425-9a9d8091f3c4@group-DE789E0F0D82: changes role from CANDIDATE to LEADER at term 1 for changeToLeader
2019-09-27 09:59:21,065 [5b0d7dbd-1701-4a84-8425-9a9d8091f3c4@group-DE789E0F0D82:LeaderElection5] INFO  impl.RaftServerImpl (ServerState.java:setLeader(253)) - 5b0d7dbd-1701-4a84-8425-9a9d8091f3c4@group-DE789E0F0D82: change Leader from null to 5b0d7dbd-1701-4a84-8425-9a9d8091f3c4 at term 1 for becomeLeader, leader elected after 5211ms
2019-09-27 09:59:21,068 [5b0d7dbd-1701-4a84-8425-9a9d8091f3c4@group-DE789E0F0D82:LeaderElection5] INFO  server.RaftServerConfigKeys (ConfUtils.java:logGet(43)) - raft.server.staging.catchup.gap = 1000 (default)
2019-09-27 09:59:21,068 [5b0d7dbd-1701-4a84-8425-9a9d8091f3c4@group-DE789E0F0D82:LeaderElection5] INFO  server.RaftServerConfigKeys (ConfUtils.java:logGet(43)) - raft.server.rpc.sleep.time = 25ms (default)
2019-09-27 09:59:21,068 [5b0d7dbd-1701-4a84-8425-9a9d8091f3c4@group-DE789E0F0D82:LeaderElection5] INFO  server.RaftServerConfigKeys (ConfUtils.java:logGet(43)) - raft.server.write.element-limit = 4096 (default)
2019-09-27 09:59:21,068 [5b0d7dbd-1701-4a84-8425-9a9d8091f3c4@group-DE789E0F0D82:LeaderElection5] INFO  server.RaftServerConfigKeys (ConfUtils.java:logGet(43)) - raft.server.watch.timeout = 10s (default)
2019-09-27 09:59:21,068 [5b0d7dbd-1701-4a84-8425-9a9d8091f3c4@group-DE789E0F0D82:LeaderElection5] INFO  server.RaftServerConfigKeys (ConfUtils.java:logGet(43)) - raft.server.watch.timeout.denomination = 1s (default)
2019-09-27 09:59:21,069 [5b0d7dbd-1701-4a84-8425-9a9d8091f3c4@group-DE789E0F0D82:LeaderElection5] INFO  server.RaftServerConfigKeys (ConfUtils.java:logGet(43)) - raft.server.watch.element-limit = 65536 (default)
2019-09-27 09:59:21,072 [5b0d7dbd-1701-4a84-8425-9a9d8091f3c4@group-DE789E0F0D82:LeaderElection5] INFO  impl.RoleInfo (RoleInfo.java:updateAndGet(143)) - 5b0d7dbd-1701-4a84-8425-9a9d8091f3c4: start LeaderState
2019-09-27 09:59:21,072 [5b0d7dbd-1701-4a84-8425-9a9d8091f3c4@group-DE789E0F0D82:LeaderElection5] INFO  segmented.SegmentedRaftLogWorker (SegmentedRaftLogWorker.java:startLogSegment(380)) - 5b0d7dbd-1701-4a84-8425-9a9d8091f3c4@group-DE789E0F0D82-SegmentedRaftLogWorker: Starting segment from index:0
2019-09-27 09:59:21,073 [5b0d7dbd-1701-4a84-8425-9a9d8091f3c4@group-DE789E0F0D82:LeaderElection5] INFO  impl.RaftServerImpl (ServerState.java:setRaftConf(354)) - 5b0d7dbd-1701-4a84-8425-9a9d8091f3c4@group-DE789E0F0D82: set configuration 0: [5b0d7dbd-1701-4a84-8425-9a9d8091f3c4:192.168.151.103:38592], old=null at 0
2019-09-27 09:59:21,111 [Thread-255] INFO  impl.FollowerState (FollowerState.java:run(106)) - 3e4a6c72-a651-45f4-ad3d-9f31c18d5887:group-9CDBB8BF7341 changes to CANDIDATE, lastRpcTime:5059, electionTimeout:5055ms
2019-09-27 09:59:21,112 [17627f09-c64f-4a32-be95-414265d9eb02@group-8A08FEE89D50-SegmentedRaftLogWorker] INFO  segmented.SegmentedRaftLogWorker (SegmentedRaftLogWorker.java:execute(569)) - 17627f09-c64f-4a32-be95-414265d9eb02@group-8A08FEE89D50-SegmentedRaftLogWorker: created new log segment /workdir/hadoop-ozone/integration-test/target/test-dir/MiniOzoneClusterImpl-f97b6056-80ca-4d0a-8f3e-89a36336af0c/datanode-3/data/ratis/9b4ad77a-8d4b-42aa-a859-8a08fee89d50/current/log_inprogress_0
2019-09-27 09:59:21,112 [Thread-255] INFO  impl.RoleInfo (RoleInfo.java:shutdownFollowerState(121)) - 3e4a6c72-a651-45f4-ad3d-9f31c18d5887: shutdown FollowerState
2019-09-27 09:59:21,112 [Thread-255] INFO  impl.RaftServerImpl (RaftServerImpl.java:setRole(174)) - 3e4a6c72-a651-45f4-ad3d-9f31c18d5887@group-9CDBB8BF7341: changes role from  FOLLOWER to CANDIDATE at term 0 for changeToCandidate
2019-09-27 09:59:21,112 [Thread-255] INFO  impl.RoleInfo (RoleInfo.java:updateAndGet(143)) - 3e4a6c72-a651-45f4-ad3d-9f31c18d5887: start LeaderElection
2019-09-27 09:59:21,136 [5b0d7dbd-1701-4a84-8425-9a9d8091f3c4@group-DE789E0F0D82-SegmentedRaftLogWorker] INFO  segmented.SegmentedRaftLogWorker (SegmentedRaftLogWorker.java:execute(569)) - 5b0d7dbd-1701-4a84-8425-9a9d8091f3c4@group-DE789E0F0D82-SegmentedRaftLogWorker: created new log segment /workdir/hadoop-ozone/integration-test/target/test-dir/MiniOzoneClusterImpl-f97b6056-80ca-4d0a-8f3e-89a36336af0c/datanode-2/data/ratis/a00994dd-34d6-47bd-8acb-de789e0f0d82/current/log_inprogress_0
2019-09-27 09:59:21,136 [3e4a6c72-a651-45f4-ad3d-9f31c18d5887@group-9CDBB8BF7341:LeaderElection6] INFO  impl.LeaderElection (LeaderElection.java:askForVotes(182)) - 3e4a6c72-a651-45f4-ad3d-9f31c18d5887@group-9CDBB8BF7341:LeaderElection6: begin an election at term 1 for -1: [3e4a6c72-a651-45f4-ad3d-9f31c18d5887:192.168.151.103:39140], old=null
2019-09-27 09:59:21,137 [3e4a6c72-a651-45f4-ad3d-9f31c18d5887@group-9CDBB8BF7341:LeaderElection6] INFO  impl.RoleInfo (RoleInfo.java:shutdownLeaderElection(134)) - 3e4a6c72-a651-45f4-ad3d-9f31c18d5887: shutdown LeaderElection
2019-09-27 09:59:21,137 [3e4a6c72-a651-45f4-ad3d-9f31c18d5887@group-9CDBB8BF7341:LeaderElection6] INFO  impl.RaftServerImpl (RaftServerImpl.java:setRole(174)) - 3e4a6c72-a651-45f4-ad3d-9f31c18d5887@group-9CDBB8BF7341: changes role from CANDIDATE to LEADER at term 1 for changeToLeader
2019-09-27 09:59:21,137 [3e4a6c72-a651-45f4-ad3d-9f31c18d5887@group-9CDBB8BF7341:LeaderElection6] INFO  impl.RaftServerImpl (ServerState.java:setLeader(253)) - 3e4a6c72-a651-45f4-ad3d-9f31c18d5887@group-9CDBB8BF7341: change Leader from null to 3e4a6c72-a651-45f4-ad3d-9f31c18d5887 at term 1 for becomeLeader, leader elected after 5099ms
2019-09-27 09:59:21,139 [3e4a6c72-a651-45f4-ad3d-9f31c18d5887@group-9CDBB8BF7341:LeaderElection6] INFO  server.RaftServerConfigKeys (ConfUtils.java:logGet(43)) - raft.server.staging.catchup.gap = 1000 (default)
2019-09-27 09:59:21,139 [3e4a6c72-a651-45f4-ad3d-9f31c18d5887@group-9CDBB8BF7341:LeaderElection6] INFO  server.RaftServerConfigKeys (ConfUtils.java:logGet(43)) - raft.server.rpc.sleep.time = 25ms (default)
2019-09-27 09:59:21,139 [3e4a6c72-a651-45f4-ad3d-9f31c18d5887@group-9CDBB8BF7341:LeaderElection6] INFO  server.RaftServerConfigKeys (ConfUtils.java:logGet(43)) - raft.server.write.element-limit = 4096 (default)
2019-09-27 09:59:21,140 [3e4a6c72-a651-45f4-ad3d-9f31c18d5887@group-9CDBB8BF7341:LeaderElection6] INFO  server.RaftServerConfigKeys (ConfUtils.java:logGet(43)) - raft.server.watch.timeout = 10s (default)
2019-09-27 09:59:21,140 [3e4a6c72-a651-45f4-ad3d-9f31c18d5887@group-9CDBB8BF7341:LeaderElection6] INFO  server.RaftServerConfigKeys (ConfUtils.java:logGet(43)) - raft.server.watch.timeout.denomination = 1s (default)
2019-09-27 09:59:21,140 [3e4a6c72-a651-45f4-ad3d-9f31c18d5887@group-9CDBB8BF7341:LeaderElection6] INFO  server.RaftServerConfigKeys (ConfUtils.java:logGet(43)) - raft.server.watch.element-limit = 65536 (default)
2019-09-27 09:59:21,145 [3e4a6c72-a651-45f4-ad3d-9f31c18d5887@group-9CDBB8BF7341:LeaderElection6] INFO  impl.RoleInfo (RoleInfo.java:updateAndGet(143)) - 3e4a6c72-a651-45f4-ad3d-9f31c18d5887: start LeaderState
2019-09-27 09:59:21,146 [3e4a6c72-a651-45f4-ad3d-9f31c18d5887@group-9CDBB8BF7341:LeaderElection6] INFO  segmented.SegmentedRaftLogWorker (SegmentedRaftLogWorker.java:startLogSegment(380)) - 3e4a6c72-a651-45f4-ad3d-9f31c18d5887@group-9CDBB8BF7341-SegmentedRaftLogWorker: Starting segment from index:0
2019-09-27 09:59:21,146 [3e4a6c72-a651-45f4-ad3d-9f31c18d5887@group-9CDBB8BF7341:LeaderElection6] INFO  impl.RaftServerImpl (ServerState.java:setRaftConf(354)) - 3e4a6c72-a651-45f4-ad3d-9f31c18d5887@group-9CDBB8BF7341: set configuration 0: [3e4a6c72-a651-45f4-ad3d-9f31c18d5887:192.168.151.103:39140], old=null at 0
2019-09-27 09:59:21,210 [3e4a6c72-a651-45f4-ad3d-9f31c18d5887@group-9CDBB8BF7341-SegmentedRaftLogWorker] INFO  segmented.SegmentedRaftLogWorker (SegmentedRaftLogWorker.java:execute(569)) - 3e4a6c72-a651-45f4-ad3d-9f31c18d5887@group-9CDBB8BF7341-SegmentedRaftLogWorker: created new log segment /workdir/hadoop-ozone/integration-test/target/test-dir/MiniOzoneClusterImpl-f97b6056-80ca-4d0a-8f3e-89a36336af0c/datanode-1/data/ratis/51e67719-9536-467b-abcc-9cdbb8bf7341/current/log_inprogress_0
2019-09-27 09:59:21,244 [Thread-258] INFO  impl.FollowerState (FollowerState.java:run(106)) - 7073ba57-90fa-45e1-a6d3-87c26f71d023:group-9A8E60456C72 changes to CANDIDATE, lastRpcTime:5100, electionTimeout:5100ms
2019-09-27 09:59:21,245 [Thread-258] INFO  impl.RoleInfo (RoleInfo.java:shutdownFollowerState(121)) - 7073ba57-90fa-45e1-a6d3-87c26f71d023: shutdown FollowerState
2019-09-27 09:59:21,245 [Thread-258] INFO  impl.RaftServerImpl (RaftServerImpl.java:setRole(174)) - 7073ba57-90fa-45e1-a6d3-87c26f71d023@group-9A8E60456C72: changes role from  FOLLOWER to CANDIDATE at term 0 for changeToCandidate
2019-09-27 09:59:21,245 [Thread-258] INFO  impl.RoleInfo (RoleInfo.java:updateAndGet(143)) - 7073ba57-90fa-45e1-a6d3-87c26f71d023: start LeaderElection
2019-09-27 09:59:21,263 [7073ba57-90fa-45e1-a6d3-87c26f71d023@group-9A8E60456C72:LeaderElection7] INFO  impl.LeaderElection (LeaderElection.java:askForVotes(182)) - 7073ba57-90fa-45e1-a6d3-87c26f71d023@group-9A8E60456C72:LeaderElection7: begin an election at term 1 for -1: [7073ba57-90fa-45e1-a6d3-87c26f71d023:192.168.151.103:41965], old=null
2019-09-27 09:59:21,263 [7073ba57-90fa-45e1-a6d3-87c26f71d023@group-9A8E60456C72:LeaderElection7] INFO  impl.RoleInfo (RoleInfo.java:shutdownLeaderElection(134)) - 7073ba57-90fa-45e1-a6d3-87c26f71d023: shutdown LeaderElection
2019-09-27 09:59:21,263 [7073ba57-90fa-45e1-a6d3-87c26f71d023@group-9A8E60456C72:LeaderElection7] INFO  impl.RaftServerImpl (RaftServerImpl.java:setRole(174)) - 7073ba57-90fa-45e1-a6d3-87c26f71d023@group-9A8E60456C72: changes role from CANDIDATE to LEADER at term 1 for changeToLeader
2019-09-27 09:59:21,263 [7073ba57-90fa-45e1-a6d3-87c26f71d023@group-9A8E60456C72:LeaderElection7] INFO  impl.RaftServerImpl (ServerState.java:setLeader(253)) - 7073ba57-90fa-45e1-a6d3-87c26f71d023@group-9A8E60456C72: change Leader from null to 7073ba57-90fa-45e1-a6d3-87c26f71d023 at term 1 for becomeLeader, leader elected after 5131ms
2019-09-27 09:59:21,265 [7073ba57-90fa-45e1-a6d3-87c26f71d023@group-9A8E60456C72:LeaderElection7] INFO  server.RaftServerConfigKeys (ConfUtils.java:logGet(43)) - raft.server.staging.catchup.gap = 1000 (default)
2019-09-27 09:59:21,266 [7073ba57-90fa-45e1-a6d3-87c26f71d023@group-9A8E60456C72:LeaderElection7] INFO  server.RaftServerConfigKeys (ConfUtils.java:logGet(43)) - raft.server.rpc.sleep.time = 25ms (default)
2019-09-27 09:59:21,266 [7073ba57-90fa-45e1-a6d3-87c26f71d023@group-9A8E60456C72:LeaderElection7] INFO  server.RaftServerConfigKeys (ConfUtils.java:logGet(43)) - raft.server.write.element-limit = 4096 (default)
2019-09-27 09:59:21,266 [7073ba57-90fa-45e1-a6d3-87c26f71d023@group-9A8E60456C72:LeaderElection7] INFO  server.RaftServerConfigKeys (ConfUtils.java:logGet(43)) - raft.server.watch.timeout = 10s (default)
2019-09-27 09:59:21,266 [7073ba57-90fa-45e1-a6d3-87c26f71d023@group-9A8E60456C72:LeaderElection7] INFO  server.RaftServerConfigKeys (ConfUtils.java:logGet(43)) - raft.server.watch.timeout.denomination = 1s (default)
2019-09-27 09:59:21,266 [7073ba57-90fa-45e1-a6d3-87c26f71d023@group-9A8E60456C72:LeaderElection7] INFO  server.RaftServerConfigKeys (ConfUtils.java:logGet(43)) - raft.server.watch.element-limit = 65536 (default)
2019-09-27 09:59:21,270 [7073ba57-90fa-45e1-a6d3-87c26f71d023@group-9A8E60456C72:LeaderElection7] INFO  impl.RoleInfo (RoleInfo.java:updateAndGet(143)) - 7073ba57-90fa-45e1-a6d3-87c26f71d023: start LeaderState
2019-09-27 09:59:21,270 [7073ba57-90fa-45e1-a6d3-87c26f71d023@group-9A8E60456C72:LeaderElection7] INFO  segmented.SegmentedRaftLogWorker (SegmentedRaftLogWorker.java:startLogSegment(380)) - 7073ba57-90fa-45e1-a6d3-87c26f71d023@group-9A8E60456C72-SegmentedRaftLogWorker: Starting segment from index:0
2019-09-27 09:59:21,271 [7073ba57-90fa-45e1-a6d3-87c26f71d023@group-9A8E60456C72:LeaderElection7] INFO  impl.RaftServerImpl (ServerState.java:setRaftConf(354)) - 7073ba57-90fa-45e1-a6d3-87c26f71d023@group-9A8E60456C72: set configuration 0: [7073ba57-90fa-45e1-a6d3-87c26f71d023:192.168.151.103:41965], old=null at 0
2019-09-27 09:59:21,322 [7073ba57-90fa-45e1-a6d3-87c26f71d023@group-9A8E60456C72-SegmentedRaftLogWorker] INFO  segmented.SegmentedRaftLogWorker (SegmentedRaftLogWorker.java:execute(569)) - 7073ba57-90fa-45e1-a6d3-87c26f71d023@group-9A8E60456C72-SegmentedRaftLogWorker: created new log segment /workdir/hadoop-ozone/integration-test/target/test-dir/MiniOzoneClusterImpl-f97b6056-80ca-4d0a-8f3e-89a36336af0c/datanode-5/data/ratis/f4db05d6-3de2-49bb-86a5-9a8e60456c72/current/log_inprogress_0
2019-09-27 09:59:21,355 [main] INFO  ipc.Client (Client.java:handleConnectionFailure(948)) - Retrying connect to server: localhost/127.0.0.1:0. Already tried 4 time(s); retry policy is RetryUpToMaximumCountWithFixedSleep(maxRetries=10, sleepTime=1000 MILLISECONDS)
2019-09-27 09:59:21,368 [Thread-265] INFO  impl.FollowerState (FollowerState.java:run(106)) - c7642098-e716-426b-bee3-02b0ecc21bb4:group-D8DB0446DA57 changes to CANDIDATE, lastRpcTime:5099, electionTimeout:5097ms
2019-09-27 09:59:21,368 [Thread-265] INFO  impl.RoleInfo (RoleInfo.java:shutdownFollowerState(121)) - c7642098-e716-426b-bee3-02b0ecc21bb4: shutdown FollowerState
2019-09-27 09:59:21,368 [Thread-265] INFO  impl.RaftServerImpl (RaftServerImpl.java:setRole(174)) - c7642098-e716-426b-bee3-02b0ecc21bb4@group-D8DB0446DA57: changes role from  FOLLOWER to CANDIDATE at term 0 for changeToCandidate
2019-09-27 09:59:21,369 [Thread-265] INFO  impl.RoleInfo (RoleInfo.java:updateAndGet(143)) - c7642098-e716-426b-bee3-02b0ecc21bb4: start LeaderElection
2019-09-27 09:59:21,398 [c7642098-e716-426b-bee3-02b0ecc21bb4@group-D8DB0446DA57:LeaderElection8] INFO  impl.LeaderElection (LeaderElection.java:askForVotes(182)) - c7642098-e716-426b-bee3-02b0ecc21bb4@group-D8DB0446DA57:LeaderElection8: begin an election at term 1 for -1: [5b3e2021-d7d4-4a5d-96a1-be67d08a7fc9:192.168.151.103:44989, c7642098-e716-426b-bee3-02b0ecc21bb4:192.168.151.103:42518, 0bcfdd62-3878-4412-9a7b-270e304bd33f:192.168.151.103:38626], old=null
2019-09-27 09:59:21,413 [Thread-263] INFO  impl.FollowerState (FollowerState.java:run(106)) - 5b3e2021-d7d4-4a5d-96a1-be67d08a7fc9:group-D8DB0446DA57 changes to CANDIDATE, lastRpcTime:5146, electionTimeout:5146ms
2019-09-27 09:59:21,413 [Thread-263] INFO  impl.RoleInfo (RoleInfo.java:shutdownFollowerState(121)) - 5b3e2021-d7d4-4a5d-96a1-be67d08a7fc9: shutdown FollowerState
2019-09-27 09:59:21,413 [Thread-263] INFO  impl.RaftServerImpl (RaftServerImpl.java:setRole(174)) - 5b3e2021-d7d4-4a5d-96a1-be67d08a7fc9@group-D8DB0446DA57: changes role from  FOLLOWER to CANDIDATE at term 0 for changeToCandidate
2019-09-27 09:59:21,413 [Thread-263] INFO  impl.RoleInfo (RoleInfo.java:updateAndGet(143)) - 5b3e2021-d7d4-4a5d-96a1-be67d08a7fc9: start LeaderElection
2019-09-27 09:59:21,425 [Thread-273] INFO  impl.FollowerState (FollowerState.java:run(106)) - 3e4a6c72-a651-45f4-ad3d-9f31c18d5887:group-F827E6FA5E5D changes to CANDIDATE, lastRpcTime:5013, electionTimeout:5013ms
2019-09-27 09:59:21,425 [Thread-273] INFO  impl.RoleInfo (RoleInfo.java:shutdownFollowerState(121)) - 3e4a6c72-a651-45f4-ad3d-9f31c18d5887: shutdown FollowerState
2019-09-27 09:59:21,425 [Thread-273] INFO  impl.RaftServerImpl (RaftServerImpl.java:setRole(174)) - 3e4a6c72-a651-45f4-ad3d-9f31c18d5887@group-F827E6FA5E5D: changes role from  FOLLOWER to CANDIDATE at term 0 for changeToCandidate
2019-09-27 09:59:21,426 [Thread-273] INFO  impl.RoleInfo (RoleInfo.java:updateAndGet(143)) - 3e4a6c72-a651-45f4-ad3d-9f31c18d5887: start LeaderElection
2019-09-27 09:59:21,434 [Thread-275] INFO  impl.FollowerState (FollowerState.java:run(106)) - 5b0d7dbd-1701-4a84-8425-9a9d8091f3c4:group-F827E6FA5E5D changes to CANDIDATE, lastRpcTime:5021, electionTimeout:5021ms
2019-09-27 09:59:21,434 [Thread-275] INFO  impl.RoleInfo (RoleInfo.java:shutdownFollowerState(121)) - 5b0d7dbd-1701-4a84-8425-9a9d8091f3c4: shutdown FollowerState
2019-09-27 09:59:21,434 [grpc-default-executor-1] INFO  impl.RaftServerImpl (RaftServerImpl.java:setRole(174)) - 0bcfdd62-3878-4412-9a7b-270e304bd33f@group-D8DB0446DA57: changes role from  FOLLOWER to FOLLOWER at term 1 for recognizeCandidate:c7642098-e716-426b-bee3-02b0ecc21bb4
2019-09-27 09:59:21,434 [Thread-275] INFO  impl.RaftServerImpl (RaftServerImpl.java:setRole(174)) - 5b0d7dbd-1701-4a84-8425-9a9d8091f3c4@group-F827E6FA5E5D: changes role from  FOLLOWER to CANDIDATE at term 0 for changeToCandidate
2019-09-27 09:59:21,434 [grpc-default-executor-1] INFO  impl.RoleInfo (RoleInfo.java:shutdownFollowerState(121)) - 0bcfdd62-3878-4412-9a7b-270e304bd33f: shutdown FollowerState
2019-09-27 09:59:21,434 [Thread-275] INFO  impl.RoleInfo (RoleInfo.java:updateAndGet(143)) - 5b0d7dbd-1701-4a84-8425-9a9d8091f3c4: start LeaderElection
2019-09-27 09:59:21,434 [grpc-default-executor-1] INFO  impl.RoleInfo (RoleInfo.java:updateAndGet(143)) - 0bcfdd62-3878-4412-9a7b-270e304bd33f: start FollowerState
2019-09-27 09:59:21,435 [Thread-266] INFO  impl.FollowerState (FollowerState.java:run(115)) - 0bcfdd62-3878-4412-9a7b-270e304bd33f: FollowerState was interrupted: java.lang.InterruptedException: sleep interrupted
2019-09-27 09:59:21,447 [5b3e2021-d7d4-4a5d-96a1-be67d08a7fc9@group-D8DB0446DA57:LeaderElection9] INFO  impl.LeaderElection (LeaderElection.java:askForVotes(182)) - 5b3e2021-d7d4-4a5d-96a1-be67d08a7fc9@group-D8DB0446DA57:LeaderElection9: begin an election at term 1 for -1: [5b3e2021-d7d4-4a5d-96a1-be67d08a7fc9:192.168.151.103:44989, c7642098-e716-426b-bee3-02b0ecc21bb4:192.168.151.103:42518, 0bcfdd62-3878-4412-9a7b-270e304bd33f:192.168.151.103:38626], old=null
2019-09-27 09:59:21,466 [5b0d7dbd-1701-4a84-8425-9a9d8091f3c4@group-F827E6FA5E5D:LeaderElection11] INFO  impl.LeaderElection (LeaderElection.java:askForVotes(182)) - 5b0d7dbd-1701-4a84-8425-9a9d8091f3c4@group-F827E6FA5E5D:LeaderElection11: begin an election at term 1 for -1: [5b0d7dbd-1701-4a84-8425-9a9d8091f3c4:192.168.151.103:38592, 17627f09-c64f-4a32-be95-414265d9eb02:192.168.151.103:34984, 3e4a6c72-a651-45f4-ad3d-9f31c18d5887:192.168.151.103:39140], old=null
2019-09-27 09:59:21,466 [3e4a6c72-a651-45f4-ad3d-9f31c18d5887@group-F827E6FA5E5D:LeaderElection10] INFO  impl.LeaderElection (LeaderElection.java:askForVotes(182)) - 3e4a6c72-a651-45f4-ad3d-9f31c18d5887@group-F827E6FA5E5D:LeaderElection10: begin an election at term 1 for -1: [5b0d7dbd-1701-4a84-8425-9a9d8091f3c4:192.168.151.103:38592, 17627f09-c64f-4a32-be95-414265d9eb02:192.168.151.103:34984, 3e4a6c72-a651-45f4-ad3d-9f31c18d5887:192.168.151.103:39140], old=null
2019-09-27 09:59:21,484 [c7642098-e716-426b-bee3-02b0ecc21bb4@group-D8DB0446DA57:LeaderElection8] INFO  impl.LeaderElection (LeaderElection.java:logAndReturn(56)) - c7642098-e716-426b-bee3-02b0ecc21bb4@group-D8DB0446DA57:LeaderElection8: Election PASSED; received 2 response(s) [c7642098-e716-426b-bee3-02b0ecc21bb4<-5b3e2021-d7d4-4a5d-96a1-be67d08a7fc9#0:FAIL-t1, c7642098-e716-426b-bee3-02b0ecc21bb4<-0bcfdd62-3878-4412-9a7b-270e304bd33f#0:OK-t1] and 0 exception(s); c7642098-e716-426b-bee3-02b0ecc21bb4@group-D8DB0446DA57:t1, leader=null, voted=c7642098-e716-426b-bee3-02b0ecc21bb4, raftlog=c7642098-e716-426b-bee3-02b0ecc21bb4@group-D8DB0446DA57-SegmentedRaftLog:OPENED:c-1,f-1,i0, conf=-1: [5b3e2021-d7d4-4a5d-96a1-be67d08a7fc9:192.168.151.103:44989, c7642098-e716-426b-bee3-02b0ecc21bb4:192.168.151.103:42518, 0bcfdd62-3878-4412-9a7b-270e304bd33f:192.168.151.103:38626], old=null
2019-09-27 09:59:21,485 [c7642098-e716-426b-bee3-02b0ecc21bb4@group-D8DB0446DA57:LeaderElection8] INFO  impl.RoleInfo (RoleInfo.java:shutdownLeaderElection(134)) - c7642098-e716-426b-bee3-02b0ecc21bb4: shutdown LeaderElection
2019-09-27 09:59:21,485 [c7642098-e716-426b-bee3-02b0ecc21bb4@group-D8DB0446DA57:LeaderElection8] INFO  impl.RaftServerImpl (RaftServerImpl.java:setRole(174)) - c7642098-e716-426b-bee3-02b0ecc21bb4@group-D8DB0446DA57: changes role from CANDIDATE to LEADER at term 1 for changeToLeader
2019-09-27 09:59:21,488 [c7642098-e716-426b-bee3-02b0ecc21bb4@group-D8DB0446DA57:LeaderElection8] INFO  impl.RaftServerImpl (ServerState.java:setLeader(253)) - c7642098-e716-426b-bee3-02b0ecc21bb4@group-D8DB0446DA57: change Leader from null to c7642098-e716-426b-bee3-02b0ecc21bb4 at term 1 for becomeLeader, leader elected after 5235ms
2019-09-27 09:59:21,489 [c7642098-e716-426b-bee3-02b0ecc21bb4@group-D8DB0446DA57:LeaderElection8] INFO  server.RaftServerConfigKeys (ConfUtils.java:logGet(43)) - raft.server.staging.catchup.gap = 1000 (default)
2019-09-27 09:59:21,490 [c7642098-e716-426b-bee3-02b0ecc21bb4@group-D8DB0446DA57:LeaderElection8] INFO  server.RaftServerConfigKeys (ConfUtils.java:logGet(43)) - raft.server.rpc.sleep.time = 25ms (default)
2019-09-27 09:59:21,490 [c7642098-e716-426b-bee3-02b0ecc21bb4@group-D8DB0446DA57:LeaderElection8] INFO  server.RaftServerConfigKeys (ConfUtils.java:logGet(43)) - raft.server.write.element-limit = 4096 (default)
2019-09-27 09:59:21,490 [c7642098-e716-426b-bee3-02b0ecc21bb4@group-D8DB0446DA57:LeaderElection8] INFO  server.RaftServerConfigKeys (ConfUtils.java:logGet(43)) - raft.server.watch.timeout = 10s (default)
2019-09-27 09:59:21,490 [c7642098-e716-426b-bee3-02b0ecc21bb4@group-D8DB0446DA57:LeaderElection8] INFO  server.RaftServerConfigKeys (ConfUtils.java:logGet(43)) - raft.server.watch.timeout.denomination = 1s (default)
2019-09-27 09:59:21,490 [c7642098-e716-426b-bee3-02b0ecc21bb4@group-D8DB0446DA57:LeaderElection8] INFO  server.RaftServerConfigKeys (ConfUtils.java:logGet(43)) - raft.server.watch.element-limit = 65536 (default)
2019-09-27 09:59:21,499 [grpc-default-executor-1] INFO  impl.RaftServerImpl (RaftServerImpl.java:setRole(174)) - 17627f09-c64f-4a32-be95-414265d9eb02@group-F827E6FA5E5D: changes role from  FOLLOWER to FOLLOWER at term 1 for recognizeCandidate:3e4a6c72-a651-45f4-ad3d-9f31c18d5887
2019-09-27 09:59:21,501 [grpc-default-executor-1] INFO  impl.RoleInfo (RoleInfo.java:shutdownFollowerState(121)) - 17627f09-c64f-4a32-be95-414265d9eb02: shutdown FollowerState
2019-09-27 09:59:21,606 [Thread-274] INFO  impl.FollowerState (FollowerState.java:run(101)) - 17627f09-c64f-4a32-be95-414265d9eb02 heartbeat monitor quit
2019-09-27 09:59:21,615 [grpc-default-executor-1] INFO  impl.RoleInfo (RoleInfo.java:updateAndGet(143)) - 17627f09-c64f-4a32-be95-414265d9eb02: start FollowerState
2019-09-27 09:59:21,629 [c7642098-e716-426b-bee3-02b0ecc21bb4@group-D8DB0446DA57:LeaderElection8] INFO  server.RaftServerConfigKeys (ConfUtils.java:logGet(43)) - raft.server.log.appender.snapshot.chunk.size.max = 16MB (=16777216) (default)
2019-09-27 09:59:21,630 [c7642098-e716-426b-bee3-02b0ecc21bb4@group-D8DB0446DA57:LeaderElection8] INFO  server.RaftServerConfigKeys (ConfUtils.java:logGet(43)) - raft.server.log.appender.buffer.byte-limit = 33554432 (custom)
2019-09-27 09:59:21,630 [c7642098-e716-426b-bee3-02b0ecc21bb4@group-D8DB0446DA57:LeaderElection8] INFO  server.RaftServerConfigKeys (ConfUtils.java:logGet(43)) - raft.server.log.appender.buffer.element-limit = 1 (custom)
2019-09-27 09:59:21,672 [5b0d7dbd-1701-4a84-8425-9a9d8091f3c4@group-F827E6FA5E5D:LeaderElection11] INFO  impl.LeaderElection (LeaderElection.java:logAndReturn(56)) - 5b0d7dbd-1701-4a84-8425-9a9d8091f3c4@group-F827E6FA5E5D:LeaderElection11: Election REJECTED; received 2 response(s) [5b0d7dbd-1701-4a84-8425-9a9d8091f3c4<-17627f09-c64f-4a32-be95-414265d9eb02#0:FAIL-t1, 5b0d7dbd-1701-4a84-8425-9a9d8091f3c4<-3e4a6c72-a651-45f4-ad3d-9f31c18d5887#0:FAIL-t1] and 0 exception(s); 5b0d7dbd-1701-4a84-8425-9a9d8091f3c4@group-F827E6FA5E5D:t1, leader=null, voted=5b0d7dbd-1701-4a84-8425-9a9d8091f3c4, raftlog=5b0d7dbd-1701-4a84-8425-9a9d8091f3c4@group-F827E6FA5E5D-SegmentedRaftLog:OPENED:c-1,f-1,i0, conf=-1: [5b0d7dbd-1701-4a84-8425-9a9d8091f3c4:192.168.151.103:38592, 17627f09-c64f-4a32-be95-414265d9eb02:192.168.151.103:34984, 3e4a6c72-a651-45f4-ad3d-9f31c18d5887:192.168.151.103:39140], old=null
2019-09-27 09:59:21,672 [3e4a6c72-a651-45f4-ad3d-9f31c18d5887@group-F827E6FA5E5D:LeaderElection10] INFO  impl.LeaderElection (LeaderElection.java:logAndReturn(56)) - 3e4a6c72-a651-45f4-ad3d-9f31c18d5887@group-F827E6FA5E5D:LeaderElection10: Election PASSED; received 2 response(s) [3e4a6c72-a651-45f4-ad3d-9f31c18d5887<-5b0d7dbd-1701-4a84-8425-9a9d8091f3c4#0:FAIL-t1, 3e4a6c72-a651-45f4-ad3d-9f31c18d5887<-17627f09-c64f-4a32-be95-414265d9eb02#0:OK-t1] and 0 exception(s); 3e4a6c72-a651-45f4-ad3d-9f31c18d5887@group-F827E6FA5E5D:t1, leader=null, voted=3e4a6c72-a651-45f4-ad3d-9f31c18d5887, raftlog=3e4a6c72-a651-45f4-ad3d-9f31c18d5887@group-F827E6FA5E5D-SegmentedRaftLog:OPENED:c-1,f-1,i0, conf=-1: [5b0d7dbd-1701-4a84-8425-9a9d8091f3c4:192.168.151.103:38592, 17627f09-c64f-4a32-be95-414265d9eb02:192.168.151.103:34984, 3e4a6c72-a651-45f4-ad3d-9f31c18d5887:192.168.151.103:39140], old=null
2019-09-27 09:59:21,672 [5b0d7dbd-1701-4a84-8425-9a9d8091f3c4@group-F827E6FA5E5D:LeaderElection11] INFO  impl.RaftServerImpl (RaftServerImpl.java:setRole(174)) - 5b0d7dbd-1701-4a84-8425-9a9d8091f3c4@group-F827E6FA5E5D: changes role from CANDIDATE to FOLLOWER at term 1 for DISCOVERED_A_NEW_TERM
2019-09-27 09:59:21,674 [c7642098-e716-426b-bee3-02b0ecc21bb4@group-D8DB0446DA57:LeaderElection8] INFO  grpc.GrpcConfigKeys$Server (ConfUtils.java:logGet(43)) - raft.grpc.server.leader.outstanding.appends.max = 128 (default)
2019-09-27 09:59:21,677 [5b0d7dbd-1701-4a84-8425-9a9d8091f3c4@group-F827E6FA5E5D:LeaderElection11] INFO  impl.RoleInfo (RoleInfo.java:shutdownLeaderElection(134)) - 5b0d7dbd-1701-4a84-8425-9a9d8091f3c4: shutdown LeaderElection
2019-09-27 09:59:21,677 [3e4a6c72-a651-45f4-ad3d-9f31c18d5887@group-F827E6FA5E5D:LeaderElection10] INFO  impl.RoleInfo (RoleInfo.java:shutdownLeaderElection(134)) - 3e4a6c72-a651-45f4-ad3d-9f31c18d5887: shutdown LeaderElection
2019-09-27 09:59:21,679 [5b0d7dbd-1701-4a84-8425-9a9d8091f3c4@group-F827E6FA5E5D:LeaderElection11] INFO  impl.RoleInfo (RoleInfo.java:updateAndGet(143)) - 5b0d7dbd-1701-4a84-8425-9a9d8091f3c4: start FollowerState
2019-09-27 09:59:21,677 [c7642098-e716-426b-bee3-02b0ecc21bb4@group-D8DB0446DA57:LeaderElection8] INFO  server.RaftServerConfigKeys (ConfUtils.java:logGet(43)) - raft.server.rpc.request.timeout = 3000ms (default)
2019-09-27 09:59:21,680 [3e4a6c72-a651-45f4-ad3d-9f31c18d5887@group-F827E6FA5E5D:LeaderElection10] INFO  impl.RaftServerImpl (RaftServerImpl.java:setRole(174)) - 3e4a6c72-a651-45f4-ad3d-9f31c18d5887@group-F827E6FA5E5D: changes role from CANDIDATE to LEADER at term 1 for changeToLeader
2019-09-27 09:59:21,680 [c7642098-e716-426b-bee3-02b0ecc21bb4@group-D8DB0446DA57:LeaderElection8] INFO  server.RaftServerConfigKeys (ConfUtils.java:logGet(43)) - raft.server.log.appender.install.snapshot.enabled = false (custom)
2019-09-27 09:59:21,681 [3e4a6c72-a651-45f4-ad3d-9f31c18d5887@group-F827E6FA5E5D:LeaderElection10] INFO  impl.RaftServerImpl (ServerState.java:setLeader(253)) - 3e4a6c72-a651-45f4-ad3d-9f31c18d5887@group-F827E6FA5E5D: change Leader from null to 3e4a6c72-a651-45f4-ad3d-9f31c18d5887 at term 1 for becomeLeader, leader elected after 5283ms
2019-09-27 09:59:21,682 [3e4a6c72-a651-45f4-ad3d-9f31c18d5887@group-F827E6FA5E5D:LeaderElection10] INFO  server.RaftServerConfigKeys (ConfUtils.java:logGet(43)) - raft.server.staging.catchup.gap = 1000 (default)
2019-09-27 09:59:21,682 [3e4a6c72-a651-45f4-ad3d-9f31c18d5887@group-F827E6FA5E5D:LeaderElection10] INFO  server.RaftServerConfigKeys (ConfUtils.java:logGet(43)) - raft.server.rpc.sleep.time = 25ms (default)
2019-09-27 09:59:21,682 [3e4a6c72-a651-45f4-ad3d-9f31c18d5887@group-F827E6FA5E5D:LeaderElection10] INFO  server.RaftServerConfigKeys (ConfUtils.java:logGet(43)) - raft.server.write.element-limit = 4096 (default)
2019-09-27 09:59:21,682 [3e4a6c72-a651-45f4-ad3d-9f31c18d5887@group-F827E6FA5E5D:LeaderElection10] INFO  server.RaftServerConfigKeys (ConfUtils.java:logGet(43)) - raft.server.watch.timeout = 10s (default)
2019-09-27 09:59:21,682 [3e4a6c72-a651-45f4-ad3d-9f31c18d5887@group-F827E6FA5E5D:LeaderElection10] INFO  server.RaftServerConfigKeys (ConfUtils.java:logGet(43)) - raft.server.watch.timeout.denomination = 1s (default)
2019-09-27 09:59:21,683 [3e4a6c72-a651-45f4-ad3d-9f31c18d5887@group-F827E6FA5E5D:LeaderElection10] INFO  server.RaftServerConfigKeys (ConfUtils.java:logGet(43)) - raft.server.watch.element-limit = 65536 (default)
2019-09-27 09:59:21,683 [c7642098-e716-426b-bee3-02b0ecc21bb4@group-D8DB0446DA57:LeaderElection8] INFO  server.RaftServerConfigKeys (ConfUtils.java:logGet(43)) - raft.server.log.appender.snapshot.chunk.size.max = 16MB (=16777216) (default)
2019-09-27 09:59:21,683 [c7642098-e716-426b-bee3-02b0ecc21bb4@group-D8DB0446DA57:LeaderElection8] INFO  server.RaftServerConfigKeys (ConfUtils.java:logGet(43)) - raft.server.log.appender.buffer.byte-limit = 33554432 (custom)
2019-09-27 09:59:21,683 [c7642098-e716-426b-bee3-02b0ecc21bb4@group-D8DB0446DA57:LeaderElection8] INFO  server.RaftServerConfigKeys (ConfUtils.java:logGet(43)) - raft.server.log.appender.buffer.element-limit = 1 (custom)
2019-09-27 09:59:21,683 [c7642098-e716-426b-bee3-02b0ecc21bb4@group-D8DB0446DA57:LeaderElection8] INFO  grpc.GrpcConfigKeys$Server (ConfUtils.java:logGet(43)) - raft.grpc.server.leader.outstanding.appends.max = 128 (default)
2019-09-27 09:59:21,683 [c7642098-e716-426b-bee3-02b0ecc21bb4@group-D8DB0446DA57:LeaderElection8] INFO  server.RaftServerConfigKeys (ConfUtils.java:logGet(43)) - raft.server.rpc.request.timeout = 3000ms (default)
2019-09-27 09:59:21,684 [c7642098-e716-426b-bee3-02b0ecc21bb4@group-D8DB0446DA57:LeaderElection8] INFO  server.RaftServerConfigKeys (ConfUtils.java:logGet(43)) - raft.server.log.appender.install.snapshot.enabled = false (custom)
2019-09-27 09:59:21,686 [3e4a6c72-a651-45f4-ad3d-9f31c18d5887@group-F827E6FA5E5D:LeaderElection10] INFO  server.RaftServerConfigKeys (ConfUtils.java:logGet(43)) - raft.server.log.appender.snapshot.chunk.size.max = 16MB (=16777216) (default)
2019-09-27 09:59:21,686 [3e4a6c72-a651-45f4-ad3d-9f31c18d5887@group-F827E6FA5E5D:LeaderElection10] INFO  server.RaftServerConfigKeys (ConfUtils.java:logGet(43)) - raft.server.log.appender.buffer.byte-limit = 33554432 (custom)
2019-09-27 09:59:21,686 [3e4a6c72-a651-45f4-ad3d-9f31c18d5887@group-F827E6FA5E5D:LeaderElection10] INFO  server.RaftServerConfigKeys (ConfUtils.java:logGet(43)) - raft.server.log.appender.buffer.element-limit = 1 (custom)
2019-09-27 09:59:21,686 [3e4a6c72-a651-45f4-ad3d-9f31c18d5887@group-F827E6FA5E5D:LeaderElection10] INFO  grpc.GrpcConfigKeys$Server (ConfUtils.java:logGet(43)) - raft.grpc.server.leader.outstanding.appends.max = 128 (default)
2019-09-27 09:59:21,686 [3e4a6c72-a651-45f4-ad3d-9f31c18d5887@group-F827E6FA5E5D:LeaderElection10] INFO  server.RaftServerConfigKeys (ConfUtils.java:logGet(43)) - raft.server.rpc.request.timeout = 3000ms (default)
2019-09-27 09:59:21,687 [c7642098-e716-426b-bee3-02b0ecc21bb4@group-D8DB0446DA57:LeaderElection8] INFO  impl.RoleInfo (RoleInfo.java:updateAndGet(143)) - c7642098-e716-426b-bee3-02b0ecc21bb4: start LeaderState
2019-09-27 09:59:21,687 [3e4a6c72-a651-45f4-ad3d-9f31c18d5887@group-F827E6FA5E5D:LeaderElection10] INFO  server.RaftServerConfigKeys (ConfUtils.java:logGet(43)) - raft.server.log.appender.install.snapshot.enabled = false (custom)
2019-09-27 09:59:21,687 [c7642098-e716-426b-bee3-02b0ecc21bb4@group-D8DB0446DA57:LeaderElection8] INFO  segmented.SegmentedRaftLogWorker (SegmentedRaftLogWorker.java:startLogSegment(380)) - c7642098-e716-426b-bee3-02b0ecc21bb4@group-D8DB0446DA57-SegmentedRaftLogWorker: Starting segment from index:0
2019-09-27 09:59:21,687 [3e4a6c72-a651-45f4-ad3d-9f31c18d5887@group-F827E6FA5E5D:LeaderElection10] INFO  server.RaftServerConfigKeys (ConfUtils.java:logGet(43)) - raft.server.log.appender.snapshot.chunk.size.max = 16MB (=16777216) (default)
2019-09-27 09:59:21,687 [3e4a6c72-a651-45f4-ad3d-9f31c18d5887@group-F827E6FA5E5D:LeaderElection10] INFO  server.RaftServerConfigKeys (ConfUtils.java:logGet(43)) - raft.server.log.appender.buffer.byte-limit = 33554432 (custom)
2019-09-27 09:59:21,687 [3e4a6c72-a651-45f4-ad3d-9f31c18d5887@group-F827E6FA5E5D:LeaderElection10] INFO  server.RaftServerConfigKeys (ConfUtils.java:logGet(43)) - raft.server.log.appender.buffer.element-limit = 1 (custom)
2019-09-27 09:59:21,688 [c7642098-e716-426b-bee3-02b0ecc21bb4@group-D8DB0446DA57:LeaderElection8] INFO  impl.RaftServerImpl (ServerState.java:setRaftConf(354)) - c7642098-e716-426b-bee3-02b0ecc21bb4@group-D8DB0446DA57: set configuration 0: [5b3e2021-d7d4-4a5d-96a1-be67d08a7fc9:192.168.151.103:44989, c7642098-e716-426b-bee3-02b0ecc21bb4:192.168.151.103:42518, 0bcfdd62-3878-4412-9a7b-270e304bd33f:192.168.151.103:38626], old=null at 0
2019-09-27 09:59:21,688 [3e4a6c72-a651-45f4-ad3d-9f31c18d5887@group-F827E6FA5E5D:LeaderElection10] INFO  grpc.GrpcConfigKeys$Server (ConfUtils.java:logGet(43)) - raft.grpc.server.leader.outstanding.appends.max = 128 (default)
2019-09-27 09:59:21,716 [grpc-default-executor-2] INFO  impl.RaftServerImpl (RaftServerImpl.java:requestVote(758)) - c7642098-e716-426b-bee3-02b0ecc21bb4@group-D8DB0446DA57-   LEADER: Withhold vote from candidate 5b3e2021-d7d4-4a5d-96a1-be67d08a7fc9 with term 1. State: leader=c7642098-e716-426b-bee3-02b0ecc21bb4, term=1, lastRpcElapsed=null
2019-09-27 09:59:21,716 [3e4a6c72-a651-45f4-ad3d-9f31c18d5887@group-F827E6FA5E5D:LeaderElection10] INFO  server.RaftServerConfigKeys (ConfUtils.java:logGet(43)) - raft.server.rpc.request.timeout = 3000ms (default)
2019-09-27 09:59:21,717 [3e4a6c72-a651-45f4-ad3d-9f31c18d5887@group-F827E6FA5E5D:LeaderElection10] INFO  server.RaftServerConfigKeys (ConfUtils.java:logGet(43)) - raft.server.log.appender.install.snapshot.enabled = false (custom)
2019-09-27 09:59:21,717 [3e4a6c72-a651-45f4-ad3d-9f31c18d5887@group-F827E6FA5E5D:LeaderElection10] INFO  impl.RoleInfo (RoleInfo.java:updateAndGet(143)) - 3e4a6c72-a651-45f4-ad3d-9f31c18d5887: start LeaderState
2019-09-27 09:59:21,717 [3e4a6c72-a651-45f4-ad3d-9f31c18d5887@group-F827E6FA5E5D:LeaderElection10] INFO  segmented.SegmentedRaftLogWorker (SegmentedRaftLogWorker.java:startLogSegment(380)) - 3e4a6c72-a651-45f4-ad3d-9f31c18d5887@group-F827E6FA5E5D-SegmentedRaftLogWorker: Starting segment from index:0
2019-09-27 09:59:21,745 [c7642098-e716-426b-bee3-02b0ecc21bb4@group-D8DB0446DA57-SegmentedRaftLogWorker] INFO  segmented.SegmentedRaftLogWorker (SegmentedRaftLogWorker.java:execute(569)) - c7642098-e716-426b-bee3-02b0ecc21bb4@group-D8DB0446DA57-SegmentedRaftLogWorker: created new log segment /workdir/hadoop-ozone/integration-test/target/test-dir/MiniOzoneClusterImpl-f97b6056-80ca-4d0a-8f3e-89a36336af0c/datanode-4/data/ratis/a9ba8f03-11a0-4b65-976c-d8db0446da57/current/log_inprogress_0
2019-09-27 09:59:21,745 [3e4a6c72-a651-45f4-ad3d-9f31c18d5887@group-F827E6FA5E5D:LeaderElection10] INFO  impl.RaftServerImpl (ServerState.java:setRaftConf(354)) - 3e4a6c72-a651-45f4-ad3d-9f31c18d5887@group-F827E6FA5E5D: set configuration 0: [5b0d7dbd-1701-4a84-8425-9a9d8091f3c4:192.168.151.103:38592, 17627f09-c64f-4a32-be95-414265d9eb02:192.168.151.103:34984, 3e4a6c72-a651-45f4-ad3d-9f31c18d5887:192.168.151.103:39140], old=null at 0
2019-09-27 09:59:21,748 [5b3e2021-d7d4-4a5d-96a1-be67d08a7fc9@group-D8DB0446DA57:LeaderElection9] INFO  impl.LeaderElection (LeaderElection.java:logAndReturn(56)) - 5b3e2021-d7d4-4a5d-96a1-be67d08a7fc9@group-D8DB0446DA57:LeaderElection9: Election REJECTED; received 2 response(s) [5b3e2021-d7d4-4a5d-96a1-be67d08a7fc9<-c7642098-e716-426b-bee3-02b0ecc21bb4#0:FAIL-t1, 5b3e2021-d7d4-4a5d-96a1-be67d08a7fc9<-0bcfdd62-3878-4412-9a7b-270e304bd33f#0:FAIL-t1] and 0 exception(s); 5b3e2021-d7d4-4a5d-96a1-be67d08a7fc9@group-D8DB0446DA57:t1, leader=null, voted=5b3e2021-d7d4-4a5d-96a1-be67d08a7fc9, raftlog=5b3e2021-d7d4-4a5d-96a1-be67d08a7fc9@group-D8DB0446DA57-SegmentedRaftLog:OPENED:c-1,f-1,i0, conf=-1: [5b3e2021-d7d4-4a5d-96a1-be67d08a7fc9:192.168.151.103:44989, c7642098-e716-426b-bee3-02b0ecc21bb4:192.168.151.103:42518, 0bcfdd62-3878-4412-9a7b-270e304bd33f:192.168.151.103:38626], old=null
2019-09-27 09:59:21,748 [5b3e2021-d7d4-4a5d-96a1-be67d08a7fc9@group-D8DB0446DA57:LeaderElection9] INFO  impl.RaftServerImpl (RaftServerImpl.java:setRole(174)) - 5b3e2021-d7d4-4a5d-96a1-be67d08a7fc9@group-D8DB0446DA57: changes role from CANDIDATE to FOLLOWER at term 1 for DISCOVERED_A_NEW_TERM
2019-09-27 09:59:21,750 [5b3e2021-d7d4-4a5d-96a1-be67d08a7fc9@group-D8DB0446DA57:LeaderElection9] INFO  impl.RoleInfo (RoleInfo.java:shutdownLeaderElection(134)) - 5b3e2021-d7d4-4a5d-96a1-be67d08a7fc9: shutdown LeaderElection
2019-09-27 09:59:21,753 [5b3e2021-d7d4-4a5d-96a1-be67d08a7fc9@group-D8DB0446DA57:LeaderElection9] INFO  impl.RoleInfo (RoleInfo.java:updateAndGet(143)) - 5b3e2021-d7d4-4a5d-96a1-be67d08a7fc9: start FollowerState
2019-09-27 09:59:21,770 [3e4a6c72-a651-45f4-ad3d-9f31c18d5887@group-F827E6FA5E5D-SegmentedRaftLogWorker] INFO  segmented.SegmentedRaftLogWorker (SegmentedRaftLogWorker.java:execute(569)) - 3e4a6c72-a651-45f4-ad3d-9f31c18d5887@group-F827E6FA5E5D-SegmentedRaftLogWorker: created new log segment /workdir/hadoop-ozone/integration-test/target/test-dir/MiniOzoneClusterImpl-f97b6056-80ca-4d0a-8f3e-89a36336af0c/datanode-1/data/ratis/da5e5820-e178-4121-9dc9-f827e6fa5e5d/current/log_inprogress_0
2019-09-27 09:59:21,780 [grpc-default-executor-1] INFO  impl.RaftServerImpl (ServerState.java:setLeader(253)) - 17627f09-c64f-4a32-be95-414265d9eb02@group-F827E6FA5E5D: change Leader from null to 3e4a6c72-a651-45f4-ad3d-9f31c18d5887 at term 1 for appendEntries, leader elected after 5381ms
2019-09-27 09:59:21,780 [grpc-default-executor-2] INFO  impl.RaftServerImpl (ServerState.java:setLeader(253)) - 5b0d7dbd-1701-4a84-8425-9a9d8091f3c4@group-F827E6FA5E5D: change Leader from null to 3e4a6c72-a651-45f4-ad3d-9f31c18d5887 at term 1 for appendEntries, leader elected after 5381ms
2019-09-27 09:59:21,780 [grpc-default-executor-4] INFO  impl.RaftServerImpl (ServerState.java:setLeader(253)) - 0bcfdd62-3878-4412-9a7b-270e304bd33f@group-D8DB0446DA57: change Leader from null to c7642098-e716-426b-bee3-02b0ecc21bb4 at term 1 for appendEntries, leader elected after 5528ms
2019-09-27 09:59:21,780 [grpc-default-executor-3] INFO  impl.RaftServerImpl (ServerState.java:setLeader(253)) - 5b3e2021-d7d4-4a5d-96a1-be67d08a7fc9@group-D8DB0446DA57: change Leader from null to c7642098-e716-426b-bee3-02b0ecc21bb4 at term 1 for appendEntries, leader elected after 5527ms
2019-09-27 09:59:21,807 [grpc-default-executor-1] INFO  impl.RaftServerImpl (ServerState.java:setRaftConf(354)) - 0bcfdd62-3878-4412-9a7b-270e304bd33f@group-D8DB0446DA57: set configuration 0: [5b3e2021-d7d4-4a5d-96a1-be67d08a7fc9:192.168.151.103:44989, c7642098-e716-426b-bee3-02b0ecc21bb4:192.168.151.103:42518, 0bcfdd62-3878-4412-9a7b-270e304bd33f:192.168.151.103:38626], old=null at 0
2019-09-27 09:59:21,807 [grpc-default-executor-3] INFO  impl.RaftServerImpl (ServerState.java:setRaftConf(354)) - 5b3e2021-d7d4-4a5d-96a1-be67d08a7fc9@group-D8DB0446DA57: set configuration 0: [5b3e2021-d7d4-4a5d-96a1-be67d08a7fc9:192.168.151.103:44989, c7642098-e716-426b-bee3-02b0ecc21bb4:192.168.151.103:42518, 0bcfdd62-3878-4412-9a7b-270e304bd33f:192.168.151.103:38626], old=null at 0
2019-09-27 09:59:21,807 [grpc-default-executor-1] INFO  segmented.SegmentedRaftLogWorker (SegmentedRaftLogWorker.java:startLogSegment(380)) - 0bcfdd62-3878-4412-9a7b-270e304bd33f@group-D8DB0446DA57-SegmentedRaftLogWorker: Starting segment from index:0
2019-09-27 09:59:21,807 [grpc-default-executor-2] INFO  impl.RaftServerImpl (ServerState.java:setRaftConf(354)) - 5b0d7dbd-1701-4a84-8425-9a9d8091f3c4@group-F827E6FA5E5D: set configuration 0: [5b0d7dbd-1701-4a84-8425-9a9d8091f3c4:192.168.151.103:38592, 17627f09-c64f-4a32-be95-414265d9eb02:192.168.151.103:34984, 3e4a6c72-a651-45f4-ad3d-9f31c18d5887:192.168.151.103:39140], old=null at 0
2019-09-27 09:59:21,807 [grpc-default-executor-4] INFO  impl.RaftServerImpl (ServerState.java:setRaftConf(354)) - 17627f09-c64f-4a32-be95-414265d9eb02@group-F827E6FA5E5D: set configuration 0: [5b0d7dbd-1701-4a84-8425-9a9d8091f3c4:192.168.151.103:38592, 17627f09-c64f-4a32-be95-414265d9eb02:192.168.151.103:34984, 3e4a6c72-a651-45f4-ad3d-9f31c18d5887:192.168.151.103:39140], old=null at 0
2019-09-27 09:59:21,808 [grpc-default-executor-2] INFO  segmented.SegmentedRaftLogWorker (SegmentedRaftLogWorker.java:startLogSegment(380)) - 5b0d7dbd-1701-4a84-8425-9a9d8091f3c4@group-F827E6FA5E5D-SegmentedRaftLogWorker: Starting segment from index:0
2019-09-27 09:59:21,807 [grpc-default-executor-3] INFO  segmented.SegmentedRaftLogWorker (SegmentedRaftLogWorker.java:startLogSegment(380)) - 5b3e2021-d7d4-4a5d-96a1-be67d08a7fc9@group-D8DB0446DA57-SegmentedRaftLogWorker: Starting segment from index:0
2019-09-27 09:59:21,808 [grpc-default-executor-4] INFO  segmented.SegmentedRaftLogWorker (SegmentedRaftLogWorker.java:startLogSegment(380)) - 17627f09-c64f-4a32-be95-414265d9eb02@group-F827E6FA5E5D-SegmentedRaftLogWorker: Starting segment from index:0
2019-09-27 09:59:21,848 [0bcfdd62-3878-4412-9a7b-270e304bd33f@group-D8DB0446DA57-SegmentedRaftLogWorker] INFO  segmented.SegmentedRaftLogWorker (SegmentedRaftLogWorker.java:execute(569)) - 0bcfdd62-3878-4412-9a7b-270e304bd33f@group-D8DB0446DA57-SegmentedRaftLogWorker: created new log segment /workdir/hadoop-ozone/integration-test/target/test-dir/MiniOzoneClusterImpl-f97b6056-80ca-4d0a-8f3e-89a36336af0c/datanode-0/data/ratis/a9ba8f03-11a0-4b65-976c-d8db0446da57/current/log_inprogress_0
2019-09-27 09:59:21,848 [17627f09-c64f-4a32-be95-414265d9eb02@group-F827E6FA5E5D-SegmentedRaftLogWorker] INFO  segmented.SegmentedRaftLogWorker (SegmentedRaftLogWorker.java:execute(569)) - 17627f09-c64f-4a32-be95-414265d9eb02@group-F827E6FA5E5D-SegmentedRaftLogWorker: created new log segment /workdir/hadoop-ozone/integration-test/target/test-dir/MiniOzoneClusterImpl-f97b6056-80ca-4d0a-8f3e-89a36336af0c/datanode-3/data/ratis/da5e5820-e178-4121-9dc9-f827e6fa5e5d/current/log_inprogress_0
2019-09-27 09:59:21,848 [5b3e2021-d7d4-4a5d-96a1-be67d08a7fc9@group-D8DB0446DA57-SegmentedRaftLogWorker] INFO  segmented.SegmentedRaftLogWorker (SegmentedRaftLogWorker.java:execute(569)) - 5b3e2021-d7d4-4a5d-96a1-be67d08a7fc9@group-D8DB0446DA57-SegmentedRaftLogWorker: created new log segment /workdir/hadoop-ozone/integration-test/target/test-dir/MiniOzoneClusterImpl-f97b6056-80ca-4d0a-8f3e-89a36336af0c/datanode-6/data/ratis/a9ba8f03-11a0-4b65-976c-d8db0446da57/current/log_inprogress_0
2019-09-27 09:59:21,848 [5b0d7dbd-1701-4a84-8425-9a9d8091f3c4@group-F827E6FA5E5D-SegmentedRaftLogWorker] INFO  segmented.SegmentedRaftLogWorker (SegmentedRaftLogWorker.java:execute(569)) - 5b0d7dbd-1701-4a84-8425-9a9d8091f3c4@group-F827E6FA5E5D-SegmentedRaftLogWorker: created new log segment /workdir/hadoop-ozone/integration-test/target/test-dir/MiniOzoneClusterImpl-f97b6056-80ca-4d0a-8f3e-89a36336af0c/datanode-2/data/ratis/da5e5820-e178-4121-9dc9-f827e6fa5e5d/current/log_inprogress_0
2019-09-27 09:59:22,356 [main] INFO  ipc.Client (Client.java:handleConnectionFailure(948)) - Retrying connect to server: localhost/127.0.0.1:0. Already tried 5 time(s); retry policy is RetryUpToMaximumCountWithFixedSleep(maxRetries=10, sleepTime=1000 MILLISECONDS)
2019-09-27 09:59:23,357 [main] INFO  ipc.Client (Client.java:handleConnectionFailure(948)) - Retrying connect to server: localhost/127.0.0.1:0. Already tried 6 time(s); retry policy is RetryUpToMaximumCountWithFixedSleep(maxRetries=10, sleepTime=1000 MILLISECONDS)
2019-09-27 09:59:24,359 [main] INFO  ipc.Client (Client.java:handleConnectionFailure(948)) - Retrying connect to server: localhost/127.0.0.1:0. Already tried 7 time(s); retry policy is RetryUpToMaximumCountWithFixedSleep(maxRetries=10, sleepTime=1000 MILLISECONDS)
2019-09-27 09:59:25,360 [main] INFO  ipc.Client (Client.java:handleConnectionFailure(948)) - Retrying connect to server: localhost/127.0.0.1:0. Already tried 8 time(s); retry policy is RetryUpToMaximumCountWithFixedSleep(maxRetries=10, sleepTime=1000 MILLISECONDS)
2019-09-27 09:59:26,362 [main] INFO  ipc.Client (Client.java:handleConnectionFailure(948)) - Retrying connect to server: localhost/127.0.0.1:0. Already tried 9 time(s); retry policy is RetryUpToMaximumCountWithFixedSleep(maxRetries=10, sleepTime=1000 MILLISECONDS)
2019-09-27 09:59:27,367 [main] INFO  ipc.Client (Client.java:handleConnectionFailure(948)) - Retrying connect to server: localhost/127.0.0.1:0. Already tried 0 time(s); retry policy is RetryUpToMaximumCountWithFixedSleep(maxRetries=10, sleepTime=1000 MILLISECONDS)
2019-09-27 09:59:28,369 [main] INFO  ipc.Client (Client.java:handleConnectionFailure(948)) - Retrying connect to server: localhost/127.0.0.1:0. Already tried 1 time(s); retry policy is RetryUpToMaximumCountWithFixedSleep(maxRetries=10, sleepTime=1000 MILLISECONDS)
2019-09-27 09:59:29,370 [main] INFO  ipc.Client (Client.java:handleConnectionFailure(948)) - Retrying connect to server: localhost/127.0.0.1:0. Already tried 2 time(s); retry policy is RetryUpToMaximumCountWithFixedSleep(maxRetries=10, sleepTime=1000 MILLISECONDS)
2019-09-27 09:59:30,372 [main] INFO  ipc.Client (Client.java:handleConnectionFailure(948)) - Retrying connect to server: localhost/127.0.0.1:0. Already tried 3 time(s); retry policy is RetryUpToMaximumCountWithFixedSleep(maxRetries=10, sleepTime=1000 MILLISECONDS)
2019-09-27 09:59:31,373 [main] INFO  ipc.Client (Client.java:handleConnectionFailure(948)) - Retrying connect to server: localhost/127.0.0.1:0. Already tried 4 time(s); retry policy is RetryUpToMaximumCountWithFixedSleep(maxRetries=10, sleepTime=1000 MILLISECONDS)
2019-09-27 09:59:32,375 [main] INFO  ipc.Client (Client.java:handleConnectionFailure(948)) - Retrying connect to server: localhost/127.0.0.1:0. Already tried 5 time(s); retry policy is RetryUpToMaximumCountWithFixedSleep(maxRetries=10, sleepTime=1000 MILLISECONDS)
2019-09-27 09:59:33,376 [main] INFO  ipc.Client (Client.java:handleConnectionFailure(948)) - Retrying connect to server: localhost/127.0.0.1:0. Already tried 6 time(s); retry policy is RetryUpToMaximumCountWithFixedSleep(maxRetries=10, sleepTime=1000 MILLISECONDS)
2019-09-27 09:59:34,378 [main] INFO  ipc.Client (Client.java:handleConnectionFailure(948)) - Retrying connect to server: localhost/127.0.0.1:0. Already tried 7 time(s); retry policy is RetryUpToMaximumCountWithFixedSleep(maxRetries=10, sleepTime=1000 MILLISECONDS)
2019-09-27 09:59:35,379 [main] INFO  ipc.Client (Client.java:handleConnectionFailure(948)) - Retrying connect to server: localhost/127.0.0.1:0. Already tried 8 time(s); retry policy is RetryUpToMaximumCountWithFixedSleep(maxRetries=10, sleepTime=1000 MILLISECONDS)
2019-09-27 09:59:36,381 [main] INFO  ipc.Client (Client.java:handleConnectionFailure(948)) - Retrying connect to server: localhost/127.0.0.1:0. Already tried 9 time(s); retry policy is RetryUpToMaximumCountWithFixedSleep(maxRetries=10, sleepTime=1000 MILLISECONDS)
2019-09-27 09:59:36,383 [main] INFO  retry.RetryInvocationHandler (RetryInvocationHandler.java:log(411)) - com.google.protobuf.ServiceException: java.net.ConnectException: Your endpoint configuration is wrong; For more details see:  http://wiki.apache.org/hadoop/UnsetHostnameOrPort, while invoking $Proxy36.submitRequest over nodeId=null,nodeAddress=127.0.0.1:0 after 1 failover attempts. Trying to failover immediately.
2019-09-27 09:59:37,384 [main] INFO  ipc.Client (Client.java:handleConnectionFailure(948)) - Retrying connect to server: localhost/127.0.0.1:0. Already tried 0 time(s); retry policy is RetryUpToMaximumCountWithFixedSleep(maxRetries=10, sleepTime=1000 MILLISECONDS)
2019-09-27 09:59:38,386 [main] INFO  ipc.Client (Client.java:handleConnectionFailure(948)) - Retrying connect to server: localhost/127.0.0.1:0. Already tried 1 time(s); retry policy is RetryUpToMaximumCountWithFixedSleep(maxRetries=10, sleepTime=1000 MILLISECONDS)
2019-09-27 09:59:39,388 [main] INFO  ipc.Client (Client.java:handleConnectionFailure(948)) - Retrying connect to server: localhost/127.0.0.1:0. Already tried 2 time(s); retry policy is RetryUpToMaximumCountWithFixedSleep(maxRetries=10, sleepTime=1000 MILLISECONDS)
2019-09-27 09:59:40,390 [main] INFO  ipc.Client (Client.java:handleConnectionFailure(948)) - Retrying connect to server: localhost/127.0.0.1:0. Already tried 3 time(s); retry policy is RetryUpToMaximumCountWithFixedSleep(maxRetries=10, sleepTime=1000 MILLISECONDS)
2019-09-27 09:59:41,391 [main] INFO  ipc.Client (Client.java:handleConnectionFailure(948)) - Retrying connect to server: localhost/127.0.0.1:0. Already tried 4 time(s); retry policy is RetryUpToMaximumCountWithFixedSleep(maxRetries=10, sleepTime=1000 MILLISECONDS)
2019-09-27 09:59:42,392 [main] INFO  ipc.Client (Client.java:handleConnectionFailure(948)) - Retrying connect to server: localhost/127.0.0.1:0. Already tried 5 time(s); retry policy is RetryUpToMaximumCountWithFixedSleep(maxRetries=10, sleepTime=1000 MILLISECONDS)
2019-09-27 09:59:43,394 [main] INFO  ipc.Client (Client.java:handleConnectionFailure(948)) - Retrying connect to server: localhost/127.0.0.1:0. Already tried 6 time(s); retry policy is RetryUpToMaximumCountWithFixedSleep(maxRetries=10, sleepTime=1000 MILLISECONDS)
2019-09-27 09:59:44,395 [main] INFO  ipc.Client (Client.java:handleConnectionFailure(948)) - Retrying connect to server: localhost/127.0.0.1:0. Already tried 7 time(s); retry policy is RetryUpToMaximumCountWithFixedSleep(maxRetries=10, sleepTime=1000 MILLISECONDS)
2019-09-27 09:59:45,396 [main] INFO  ipc.Client (Client.java:handleConnectionFailure(948)) - Retrying connect to server: localhost/127.0.0.1:0. Already tried 8 time(s); retry policy is RetryUpToMaximumCountWithFixedSleep(maxRetries=10, sleepTime=1000 MILLISECONDS)
2019-09-27 09:59:46,398 [main] INFO  ipc.Client (Client.java:handleConnectionFailure(948)) - Retrying connect to server: localhost/127.0.0.1:0. Already tried 9 time(s); retry policy is RetryUpToMaximumCountWithFixedSleep(maxRetries=10, sleepTime=1000 MILLISECONDS)
2019-09-27 09:59:46,400 [main] INFO  retry.RetryInvocationHandler (RetryInvocationHandler.java:log(411)) - com.google.protobuf.ServiceException: java.net.ConnectException: Your endpoint configuration is wrong; For more details see:  http://wiki.apache.org/hadoop/UnsetHostnameOrPort, while invoking $Proxy36.submitRequest over nodeId=null,nodeAddress=127.0.0.1:0 after 2 failover attempts. Trying to failover immediately.
2019-09-27 09:59:47,401 [main] INFO  ipc.Client (Client.java:handleConnectionFailure(948)) - Retrying connect to server: localhost/127.0.0.1:0. Already tried 0 time(s); retry policy is RetryUpToMaximumCountWithFixedSleep(maxRetries=10, sleepTime=1000 MILLISECONDS)
2019-09-27 09:59:48,402 [main] INFO  ipc.Client (Client.java:handleConnectionFailure(948)) - Retrying connect to server: localhost/127.0.0.1:0. Already tried 1 time(s); retry policy is RetryUpToMaximumCountWithFixedSleep(maxRetries=10, sleepTime=1000 MILLISECONDS)
2019-09-27 09:59:49,404 [main] INFO  ipc.Client (Client.java:handleConnectionFailure(948)) - Retrying connect to server: localhost/127.0.0.1:0. Already tried 2 time(s); retry policy is RetryUpToMaximumCountWithFixedSleep(maxRetries=10, sleepTime=1000 MILLISECONDS)
2019-09-27 09:59:50,405 [main] INFO  ipc.Client (Client.java:handleConnectionFailure(948)) - Retrying connect to server: localhost/127.0.0.1:0. Already tried 3 time(s); retry policy is RetryUpToMaximumCountWithFixedSleep(maxRetries=10, sleepTime=1000 MILLISECONDS)
2019-09-27 09:59:51,406 [main] INFO  ipc.Client (Client.java:handleConnectionFailure(948)) - Retrying connect to server: localhost/127.0.0.1:0. Already tried 4 time(s); retry policy is RetryUpToMaximumCountWithFixedSleep(maxRetries=10, sleepTime=1000 MILLISECONDS)
2019-09-27 09:59:52,407 [main] INFO  ipc.Client (Client.java:handleConnectionFailure(948)) - Retrying connect to server: localhost/127.0.0.1:0. Already tried 5 time(s); retry policy is RetryUpToMaximumCountWithFixedSleep(maxRetries=10, sleepTime=1000 MILLISECONDS)
2019-09-27 09:59:53,409 [main] INFO  ipc.Client (Client.java:handleConnectionFailure(948)) - Retrying connect to server: localhost/127.0.0.1:0. Already tried 6 time(s); retry policy is RetryUpToMaximumCountWithFixedSleep(maxRetries=10, sleepTime=1000 MILLISECONDS)
2019-09-27 09:59:54,411 [main] INFO  ipc.Client (Client.java:handleConnectionFailure(948)) - Retrying connect to server: localhost/127.0.0.1:0. Already tried 7 time(s); retry policy is RetryUpToMaximumCountWithFixedSleep(maxRetries=10, sleepTime=1000 MILLISECONDS)
2019-09-27 09:59:55,412 [main] INFO  ipc.Client (Client.java:handleConnectionFailure(948)) - Retrying connect to server: localhost/127.0.0.1:0. Already tried 8 time(s); retry policy is RetryUpToMaximumCountWithFixedSleep(maxRetries=10, sleepTime=1000 MILLISECONDS)
2019-09-27 09:59:56,413 [main] INFO  ipc.Client (Client.java:handleConnectionFailure(948)) - Retrying connect to server: localhost/127.0.0.1:0. Already tried 9 time(s); retry policy is RetryUpToMaximumCountWithFixedSleep(maxRetries=10, sleepTime=1000 MILLISECONDS)
2019-09-27 09:59:56,415 [main] INFO  retry.RetryInvocationHandler (RetryInvocationHandler.java:log(411)) - com.google.protobuf.ServiceException: java.net.ConnectException: Your endpoint configuration is wrong; For more details see:  http://wiki.apache.org/hadoop/UnsetHostnameOrPort, while invoking $Proxy36.submitRequest over nodeId=null,nodeAddress=127.0.0.1:0 after 3 failover attempts. Trying to failover immediately.
2019-09-27 09:59:57,417 [main] INFO  ipc.Client (Client.java:handleConnectionFailure(948)) - Retrying connect to server: localhost/127.0.0.1:0. Already tried 0 time(s); retry policy is RetryUpToMaximumCountWithFixedSleep(maxRetries=10, sleepTime=1000 MILLISECONDS)
2019-09-27 09:59:58,418 [main] INFO  ipc.Client (Client.java:handleConnectionFailure(948)) - Retrying connect to server: localhost/127.0.0.1:0. Already tried 1 time(s); retry policy is RetryUpToMaximumCountWithFixedSleep(maxRetries=10, sleepTime=1000 MILLISECONDS)
2019-09-27 09:59:59,419 [main] INFO  ipc.Client (Client.java:handleConnectionFailure(948)) - Retrying connect to server: localhost/127.0.0.1:0. Already tried 2 time(s); retry policy is RetryUpToMaximumCountWithFixedSleep(maxRetries=10, sleepTime=1000 MILLISECONDS)
2019-09-27 10:00:00,420 [main] INFO  ipc.Client (Client.java:handleConnectionFailure(948)) - Retrying connect to server: localhost/127.0.0.1:0. Already tried 3 time(s); retry policy is RetryUpToMaximumCountWithFixedSleep(maxRetries=10, sleepTime=1000 MILLISECONDS)
2019-09-27 10:00:01,422 [main] INFO  ipc.Client (Client.java:handleConnectionFailure(948)) - Retrying connect to server: localhost/127.0.0.1:0. Already tried 4 time(s); retry policy is RetryUpToMaximumCountWithFixedSleep(maxRetries=10, sleepTime=1000 MILLISECONDS)
2019-09-27 10:00:02,423 [main] INFO  ipc.Client (Client.java:handleConnectionFailure(948)) - Retrying connect to server: localhost/127.0.0.1:0. Already tried 5 time(s); retry policy is RetryUpToMaximumCountWithFixedSleep(maxRetries=10, sleepTime=1000 MILLISECONDS)
2019-09-27 10:00:03,424 [main] INFO  ipc.Client (Client.java:handleConnectionFailure(948)) - Retrying connect to server: localhost/127.0.0.1:0. Already tried 6 time(s); retry policy is RetryUpToMaximumCountWithFixedSleep(maxRetries=10, sleepTime=1000 MILLISECONDS)
2019-09-27 10:00:04,426 [main] INFO  ipc.Client (Client.java:handleConnectionFailure(948)) - Retrying connect to server: localhost/127.0.0.1:0. Already tried 7 time(s); retry policy is RetryUpToMaximumCountWithFixedSleep(maxRetries=10, sleepTime=1000 MILLISECONDS)
2019-09-27 10:00:05,427 [main] INFO  ipc.Client (Client.java:handleConnectionFailure(948)) - Retrying connect to server: localhost/127.0.0.1:0. Already tried 8 time(s); retry policy is RetryUpToMaximumCountWithFixedSleep(maxRetries=10, sleepTime=1000 MILLISECONDS)
2019-09-27 10:00:06,429 [main] INFO  ipc.Client (Client.java:handleConnectionFailure(948)) - Retrying connect to server: localhost/127.0.0.1:0. Already tried 9 time(s); retry policy is RetryUpToMaximumCountWithFixedSleep(maxRetries=10, sleepTime=1000 MILLISECONDS)
2019-09-27 10:00:06,430 [main] INFO  retry.RetryInvocationHandler (RetryInvocationHandler.java:log(411)) - com.google.protobuf.ServiceException: java.net.ConnectException: Your endpoint configuration is wrong; For more details see:  http://wiki.apache.org/hadoop/UnsetHostnameOrPort, while invoking $Proxy36.submitRequest over nodeId=null,nodeAddress=127.0.0.1:0 after 4 failover attempts. Trying to failover immediately.
2019-09-27 10:00:07,432 [main] INFO  ipc.Client (Client.java:handleConnectionFailure(948)) - Retrying connect to server: localhost/127.0.0.1:0. Already tried 0 time(s); retry policy is RetryUpToMaximumCountWithFixedSleep(maxRetries=10, sleepTime=1000 MILLISECONDS)
2019-09-27 10:00:08,433 [main] INFO  ipc.Client (Client.java:handleConnectionFailure(948)) - Retrying connect to server: localhost/127.0.0.1:0. Already tried 1 time(s); retry policy is RetryUpToMaximumCountWithFixedSleep(maxRetries=10, sleepTime=1000 MILLISECONDS)
2019-09-27 10:00:09,435 [main] INFO  ipc.Client (Client.java:handleConnectionFailure(948)) - Retrying connect to server: localhost/127.0.0.1:0. Already tried 2 time(s); retry policy is RetryUpToMaximumCountWithFixedSleep(maxRetries=10, sleepTime=1000 MILLISECONDS)
2019-09-27 10:00:10,437 [main] INFO  ipc.Client (Client.java:handleConnectionFailure(948)) - Retrying connect to server: localhost/127.0.0.1:0. Already tried 3 time(s); retry policy is RetryUpToMaximumCountWithFixedSleep(maxRetries=10, sleepTime=1000 MILLISECONDS)
2019-09-27 10:00:11,438 [main] INFO  ipc.Client (Client.java:handleConnectionFailure(948)) - Retrying connect to server: localhost/127.0.0.1:0. Already tried 4 time(s); retry policy is RetryUpToMaximumCountWithFixedSleep(maxRetries=10, sleepTime=1000 MILLISECONDS)
2019-09-27 10:00:12,439 [main] INFO  ipc.Client (Client.java:handleConnectionFailure(948)) - Retrying connect to server: localhost/127.0.0.1:0. Already tried 5 time(s); retry policy is RetryUpToMaximumCountWithFixedSleep(maxRetries=10, sleepTime=1000 MILLISECONDS)
2019-09-27 10:00:13,441 [main] INFO  ipc.Client (Client.java:handleConnectionFailure(948)) - Retrying connect to server: localhost/127.0.0.1:0. Already tried 6 time(s); retry policy is RetryUpToMaximumCountWithFixedSleep(maxRetries=10, sleepTime=1000 MILLISECONDS)
2019-09-27 10:00:14,442 [main] INFO  ipc.Client (Client.java:handleConnectionFailure(948)) - Retrying connect to server: localhost/127.0.0.1:0. Already tried 7 time(s); retry policy is RetryUpToMaximumCountWithFixedSleep(maxRetries=10, sleepTime=1000 MILLISECONDS)
2019-09-27 10:00:15,443 [main] INFO  ipc.Client (Client.java:handleConnectionFailure(948)) - Retrying connect to server: localhost/127.0.0.1:0. Already tried 8 time(s); retry policy is RetryUpToMaximumCountWithFixedSleep(maxRetries=10, sleepTime=1000 MILLISECONDS)
2019-09-27 10:00:16,445 [main] INFO  ipc.Client (Client.java:handleConnectionFailure(948)) - Retrying connect to server: localhost/127.0.0.1:0. Already tried 9 time(s); retry policy is RetryUpToMaximumCountWithFixedSleep(maxRetries=10, sleepTime=1000 MILLISECONDS)
2019-09-27 10:00:16,447 [main] INFO  retry.RetryInvocationHandler (RetryInvocationHandler.java:log(411)) - com.google.protobuf.ServiceException: java.net.ConnectException: Your endpoint configuration is wrong; For more details see:  http://wiki.apache.org/hadoop/UnsetHostnameOrPort, while invoking $Proxy36.submitRequest over nodeId=null,nodeAddress=127.0.0.1:0 after 5 failover attempts. Trying to failover immediately.
2019-09-27 10:00:17,448 [main] INFO  ipc.Client (Client.java:handleConnectionFailure(948)) - Retrying connect to server: localhost/127.0.0.1:0. Already tried 0 time(s); retry policy is RetryUpToMaximumCountWithFixedSleep(maxRetries=10, sleepTime=1000 MILLISECONDS)
2019-09-27 10:00:18,450 [main] INFO  ipc.Client (Client.java:handleConnectionFailure(948)) - Retrying connect to server: localhost/127.0.0.1:0. Already tried 1 time(s); retry policy is RetryUpToMaximumCountWithFixedSleep(maxRetries=10, sleepTime=1000 MILLISECONDS)
2019-09-27 10:00:19,451 [main] INFO  ipc.Client (Client.java:handleConnectionFailure(948)) - Retrying connect to server: localhost/127.0.0.1:0. Already tried 2 time(s); retry policy is RetryUpToMaximumCountWithFixedSleep(maxRetries=10, sleepTime=1000 MILLISECONDS)
2019-09-27 10:00:20,453 [main] INFO  ipc.Client (Client.java:handleConnectionFailure(948)) - Retrying connect to server: localhost/127.0.0.1:0. Already tried 3 time(s); retry policy is RetryUpToMaximumCountWithFixedSleep(maxRetries=10, sleepTime=1000 MILLISECONDS)
2019-09-27 10:00:21,454 [main] INFO  ipc.Client (Client.java:handleConnectionFailure(948)) - Retrying connect to server: localhost/127.0.0.1:0. Already tried 4 time(s); retry policy is RetryUpToMaximumCountWithFixedSleep(maxRetries=10, sleepTime=1000 MILLISECONDS)
2019-09-27 10:00:22,455 [main] INFO  ipc.Client (Client.java:handleConnectionFailure(948)) - Retrying connect to server: localhost/127.0.0.1:0. Already tried 5 time(s); retry policy is RetryUpToMaximumCountWithFixedSleep(maxRetries=10, sleepTime=1000 MILLISECONDS)
2019-09-27 10:00:23,457 [main] INFO  ipc.Client (Client.java:handleConnectionFailure(948)) - Retrying connect to server: localhost/127.0.0.1:0. Already tried 6 time(s); retry policy is RetryUpToMaximumCountWithFixedSleep(maxRetries=10, sleepTime=1000 MILLISECONDS)
2019-09-27 10:00:24,458 [main] INFO  ipc.Client (Client.java:handleConnectionFailure(948)) - Retrying connect to server: localhost/127.0.0.1:0. Already tried 7 time(s); retry policy is RetryUpToMaximumCountWithFixedSleep(maxRetries=10, sleepTime=1000 MILLISECONDS)
2019-09-27 10:00:25,460 [main] INFO  ipc.Client (Client.java:handleConnectionFailure(948)) - Retrying connect to server: localhost/127.0.0.1:0. Already tried 8 time(s); retry policy is RetryUpToMaximumCountWithFixedSleep(maxRetries=10, sleepTime=1000 MILLISECONDS)
2019-09-27 10:00:26,461 [main] INFO  ipc.Client (Client.java:handleConnectionFailure(948)) - Retrying connect to server: localhost/127.0.0.1:0. Already tried 9 time(s); retry policy is RetryUpToMaximumCountWithFixedSleep(maxRetries=10, sleepTime=1000 MILLISECONDS)
2019-09-27 10:00:26,463 [main] INFO  retry.RetryInvocationHandler (RetryInvocationHandler.java:log(411)) - com.google.protobuf.ServiceException: java.net.ConnectException: Your endpoint configuration is wrong; For more details see:  http://wiki.apache.org/hadoop/UnsetHostnameOrPort, while invoking $Proxy36.submitRequest over nodeId=null,nodeAddress=127.0.0.1:0 after 6 failover attempts. Trying to failover immediately.
2019-09-27 10:00:27,464 [main] INFO  ipc.Client (Client.java:handleConnectionFailure(948)) - Retrying connect to server: localhost/127.0.0.1:0. Already tried 0 time(s); retry policy is RetryUpToMaximumCountWithFixedSleep(maxRetries=10, sleepTime=1000 MILLISECONDS)
2019-09-27 10:00:28,466 [main] INFO  ipc.Client (Client.java:handleConnectionFailure(948)) - Retrying connect to server: localhost/127.0.0.1:0. Already tried 1 time(s); retry policy is RetryUpToMaximumCountWithFixedSleep(maxRetries=10, sleepTime=1000 MILLISECONDS)
2019-09-27 10:00:29,467 [main] INFO  ipc.Client (Client.java:handleConnectionFailure(948)) - Retrying connect to server: localhost/127.0.0.1:0. Already tried 2 time(s); retry policy is RetryUpToMaximumCountWithFixedSleep(maxRetries=10, sleepTime=1000 MILLISECONDS)
2019-09-27 10:00:30,468 [main] INFO  ipc.Client (Client.java:handleConnectionFailure(948)) - Retrying connect to server: localhost/127.0.0.1:0. Already tried 3 time(s); retry policy is RetryUpToMaximumCountWithFixedSleep(maxRetries=10, sleepTime=1000 MILLISECONDS)
2019-09-27 10:00:31,470 [main] INFO  ipc.Client (Client.java:handleConnectionFailure(948)) - Retrying connect to server: localhost/127.0.0.1:0. Already tried 4 time(s); retry policy is RetryUpToMaximumCountWithFixedSleep(maxRetries=10, sleepTime=1000 MILLISECONDS)
2019-09-27 10:00:32,471 [main] INFO  ipc.Client (Client.java:handleConnectionFailure(948)) - Retrying connect to server: localhost/127.0.0.1:0. Already tried 5 time(s); retry policy is RetryUpToMaximumCountWithFixedSleep(maxRetries=10, sleepTime=1000 MILLISECONDS)
2019-09-27 10:00:33,473 [main] INFO  ipc.Client (Client.java:handleConnectionFailure(948)) - Retrying connect to server: localhost/127.0.0.1:0. Already tried 6 time(s); retry policy is RetryUpToMaximumCountWithFixedSleep(maxRetries=10, sleepTime=1000 MILLISECONDS)
2019-09-27 10:00:34,474 [main] INFO  ipc.Client (Client.java:handleConnectionFailure(948)) - Retrying connect to server: localhost/127.0.0.1:0. Already tried 7 time(s); retry policy is RetryUpToMaximumCountWithFixedSleep(maxRetries=10, sleepTime=1000 MILLISECONDS)
2019-09-27 10:00:35,475 [main] INFO  ipc.Client (Client.java:handleConnectionFailure(948)) - Retrying connect to server: localhost/127.0.0.1:0. Already tried 8 time(s); retry policy is RetryUpToMaximumCountWithFixedSleep(maxRetries=10, sleepTime=1000 MILLISECONDS)
2019-09-27 10:00:36,477 [main] INFO  ipc.Client (Client.java:handleConnectionFailure(948)) - Retrying connect to server: localhost/127.0.0.1:0. Already tried 9 time(s); retry policy is RetryUpToMaximumCountWithFixedSleep(maxRetries=10, sleepTime=1000 MILLISECONDS)
2019-09-27 10:00:36,479 [main] INFO  retry.RetryInvocationHandler (RetryInvocationHandler.java:log(411)) - com.google.protobuf.ServiceException: java.net.ConnectException: Your endpoint configuration is wrong; For more details see:  http://wiki.apache.org/hadoop/UnsetHostnameOrPort, while invoking $Proxy36.submitRequest over nodeId=null,nodeAddress=127.0.0.1:0 after 7 failover attempts. Trying to failover immediately.
2019-09-27 10:00:37,480 [main] INFO  ipc.Client (Client.java:handleConnectionFailure(948)) - Retrying connect to server: localhost/127.0.0.1:0. Already tried 0 time(s); retry policy is RetryUpToMaximumCountWithFixedSleep(maxRetries=10, sleepTime=1000 MILLISECONDS)
2019-09-27 10:00:38,481 [main] INFO  ipc.Client (Client.java:handleConnectionFailure(948)) - Retrying connect to server: localhost/127.0.0.1:0. Already tried 1 time(s); retry policy is RetryUpToMaximumCountWithFixedSleep(maxRetries=10, sleepTime=1000 MILLISECONDS)
2019-09-27 10:00:39,485 [main] INFO  ipc.Client (Client.java:handleConnectionFailure(948)) - Retrying connect to server: localhost/127.0.0.1:0. Already tried 2 time(s); retry policy is RetryUpToMaximumCountWithFixedSleep(maxRetries=10, sleepTime=1000 MILLISECONDS)
2019-09-27 10:00:40,487 [main] INFO  ipc.Client (Client.java:handleConnectionFailure(948)) - Retrying connect to server: localhost/127.0.0.1:0. Already tried 3 time(s); retry policy is RetryUpToMaximumCountWithFixedSleep(maxRetries=10, sleepTime=1000 MILLISECONDS)
2019-09-27 10:00:41,488 [main] INFO  ipc.Client (Client.java:handleConnectionFailure(948)) - Retrying connect to server: localhost/127.0.0.1:0. Already tried 4 time(s); retry policy is RetryUpToMaximumCountWithFixedSleep(maxRetries=10, sleepTime=1000 MILLISECONDS)
2019-09-27 10:00:42,489 [main] INFO  ipc.Client (Client.java:handleConnectionFailure(948)) - Retrying connect to server: localhost/127.0.0.1:0. Already tried 5 time(s); retry policy is RetryUpToMaximumCountWithFixedSleep(maxRetries=10, sleepTime=1000 MILLISECONDS)
2019-09-27 10:00:43,491 [main] INFO  ipc.Client (Client.java:handleConnectionFailure(948)) - Retrying connect to server: localhost/127.0.0.1:0. Already tried 6 time(s); retry policy is RetryUpToMaximumCountWithFixedSleep(maxRetries=10, sleepTime=1000 MILLISECONDS)
2019-09-27 10:00:44,492 [main] INFO  ipc.Client (Client.java:handleConnectionFailure(948)) - Retrying connect to server: localhost/127.0.0.1:0. Already tried 7 time(s); retry policy is RetryUpToMaximumCountWithFixedSleep(maxRetries=10, sleepTime=1000 MILLISECONDS)
2019-09-27 10:00:45,494 [main] INFO  ipc.Client (Client.java:handleConnectionFailure(948)) - Retrying connect to server: localhost/127.0.0.1:0. Already tried 8 time(s); retry policy is RetryUpToMaximumCountWithFixedSleep(maxRetries=10, sleepTime=1000 MILLISECONDS)
2019-09-27 10:00:46,495 [main] INFO  ipc.Client (Client.java:handleConnectionFailure(948)) - Retrying connect to server: localhost/127.0.0.1:0. Already tried 9 time(s); retry policy is RetryUpToMaximumCountWithFixedSleep(maxRetries=10, sleepTime=1000 MILLISECONDS)
2019-09-27 10:00:46,497 [main] INFO  retry.RetryInvocationHandler (RetryInvocationHandler.java:log(411)) - com.google.protobuf.ServiceException: java.net.ConnectException: Your endpoint configuration is wrong; For more details see:  http://wiki.apache.org/hadoop/UnsetHostnameOrPort, while invoking $Proxy36.submitRequest over nodeId=null,nodeAddress=127.0.0.1:0 after 8 failover attempts. Trying to failover immediately.
2019-09-27 10:00:47,548 [main] INFO  ipc.Client (Client.java:handleConnectionFailure(948)) - Retrying connect to server: localhost/127.0.0.1:0. Already tried 0 time(s); retry policy is RetryUpToMaximumCountWithFixedSleep(maxRetries=10, sleepTime=1000 MILLISECONDS)
2019-09-27 10:00:48,559 [main] INFO  ipc.Client (Client.java:handleConnectionFailure(948)) - Retrying connect to server: localhost/127.0.0.1:0. Already tried 1 time(s); retry policy is RetryUpToMaximumCountWithFixedSleep(maxRetries=10, sleepTime=1000 MILLISECONDS)
2019-09-27 10:00:49,561 [main] INFO  ipc.Client (Client.java:handleConnectionFailure(948)) - Retrying connect to server: localhost/127.0.0.1:0. Already tried 2 time(s); retry policy is RetryUpToMaximumCountWithFixedSleep(maxRetries=10, sleepTime=1000 MILLISECONDS)
2019-09-27 10:00:50,564 [main] INFO  ipc.Client (Client.java:handleConnectionFailure(948)) - Retrying connect to server: localhost/127.0.0.1:0. Already tried 3 time(s); retry policy is RetryUpToMaximumCountWithFixedSleep(maxRetries=10, sleepTime=1000 MILLISECONDS)
2019-09-27 10:00:51,565 [main] INFO  ipc.Client (Client.java:handleConnectionFailure(948)) - Retrying connect to server: localhost/127.0.0.1:0. Already tried 4 time(s); retry policy is RetryUpToMaximumCountWithFixedSleep(maxRetries=10, sleepTime=1000 MILLISECONDS)
2019-09-27 10:00:52,566 [main] INFO  ipc.Client (Client.java:handleConnectionFailure(948)) - Retrying connect to server: localhost/127.0.0.1:0. Already tried 5 time(s); retry policy is RetryUpToMaximumCountWithFixedSleep(maxRetries=10, sleepTime=1000 MILLISECONDS)
2019-09-27 10:00:53,568 [main] INFO  ipc.Client (Client.java:handleConnectionFailure(948)) - Retrying connect to server: localhost/127.0.0.1:0. Already tried 6 time(s); retry policy is RetryUpToMaximumCountWithFixedSleep(maxRetries=10, sleepTime=1000 MILLISECONDS)
2019-09-27 10:00:54,569 [main] INFO  ipc.Client (Client.java:handleConnectionFailure(948)) - Retrying connect to server: localhost/127.0.0.1:0. Already tried 7 time(s); retry policy is RetryUpToMaximumCountWithFixedSleep(maxRetries=10, sleepTime=1000 MILLISECONDS)
2019-09-27 10:00:55,571 [main] INFO  ipc.Client (Client.java:handleConnectionFailure(948)) - Retrying connect to server: localhost/127.0.0.1:0. Already tried 8 time(s); retry policy is RetryUpToMaximumCountWithFixedSleep(maxRetries=10, sleepTime=1000 MILLISECONDS)
2019-09-27 10:00:56,575 [main] INFO  ipc.Client (Client.java:handleConnectionFailure(948)) - Retrying connect to server: localhost/127.0.0.1:0. Already tried 9 time(s); retry policy is RetryUpToMaximumCountWithFixedSleep(maxRetries=10, sleepTime=1000 MILLISECONDS)
2019-09-27 10:00:56,577 [main] INFO  retry.RetryInvocationHandler (RetryInvocationHandler.java:log(411)) - com.google.protobuf.ServiceException: java.net.ConnectException: Your endpoint configuration is wrong; For more details see:  http://wiki.apache.org/hadoop/UnsetHostnameOrPort, while invoking $Proxy36.submitRequest over nodeId=null,nodeAddress=127.0.0.1:0 after 9 failover attempts. Trying to failover immediately.
2019-09-27 10:00:57,579 [main] INFO  ipc.Client (Client.java:handleConnectionFailure(948)) - Retrying connect to server: localhost/127.0.0.1:0. Already tried 0 time(s); retry policy is RetryUpToMaximumCountWithFixedSleep(maxRetries=10, sleepTime=1000 MILLISECONDS)
2019-09-27 10:00:58,581 [main] INFO  ipc.Client (Client.java:handleConnectionFailure(948)) - Retrying connect to server: localhost/127.0.0.1:0. Already tried 1 time(s); retry policy is RetryUpToMaximumCountWithFixedSleep(maxRetries=10, sleepTime=1000 MILLISECONDS)
2019-09-27 10:00:59,582 [main] INFO  ipc.Client (Client.java:handleConnectionFailure(948)) - Retrying connect to server: localhost/127.0.0.1:0. Already tried 2 time(s); retry policy is RetryUpToMaximumCountWithFixedSleep(maxRetries=10, sleepTime=1000 MILLISECONDS)
2019-09-27 10:01:00,585 [main] INFO  ipc.Client (Client.java:handleConnectionFailure(948)) - Retrying connect to server: localhost/127.0.0.1:0. Already tried 3 time(s); retry policy is RetryUpToMaximumCountWithFixedSleep(maxRetries=10, sleepTime=1000 MILLISECONDS)
2019-09-27 10:01:01,586 [main] INFO  ipc.Client (Client.java:handleConnectionFailure(948)) - Retrying connect to server: localhost/127.0.0.1:0. Already tried 4 time(s); retry policy is RetryUpToMaximumCountWithFixedSleep(maxRetries=10, sleepTime=1000 MILLISECONDS)
2019-09-27 10:01:02,587 [main] INFO  ipc.Client (Client.java:handleConnectionFailure(948)) - Retrying connect to server: localhost/127.0.0.1:0. Already tried 5 time(s); retry policy is RetryUpToMaximumCountWithFixedSleep(maxRetries=10, sleepTime=1000 MILLISECONDS)
2019-09-27 10:01:03,590 [main] INFO  ipc.Client (Client.java:handleConnectionFailure(948)) - Retrying connect to server: localhost/127.0.0.1:0. Already tried 6 time(s); retry policy is RetryUpToMaximumCountWithFixedSleep(maxRetries=10, sleepTime=1000 MILLISECONDS)
2019-09-27 10:01:04,594 [main] INFO  ipc.Client (Client.java:handleConnectionFailure(948)) - Retrying connect to server: localhost/127.0.0.1:0. Already tried 7 time(s); retry policy is RetryUpToMaximumCountWithFixedSleep(maxRetries=10, sleepTime=1000 MILLISECONDS)
2019-09-27 10:01:05,598 [main] INFO  ipc.Client (Client.java:handleConnectionFailure(948)) - Retrying connect to server: localhost/127.0.0.1:0. Already tried 8 time(s); retry policy is RetryUpToMaximumCountWithFixedSleep(maxRetries=10, sleepTime=1000 MILLISECONDS)
2019-09-27 10:01:06,602 [main] INFO  ipc.Client (Client.java:handleConnectionFailure(948)) - Retrying connect to server: localhost/127.0.0.1:0. Already tried 9 time(s); retry policy is RetryUpToMaximumCountWithFixedSleep(maxRetries=10, sleepTime=1000 MILLISECONDS)
2019-09-27 10:01:06,605 [main] ERROR ha.OMFailoverProxyProvider (OzoneManagerProtocolClientSideTranslatorPB.java:getRetryAction(268)) - Failed to connect to OM. Attempted 10 retries and 10 failovers
2019-09-27 10:01:06,608 [main] ERROR client.OzoneClientFactory (OzoneClientFactory.java:getClientProtocol(259)) - Couldn't create RpcClient protocol exception: 
java.net.ConnectException: Your endpoint configuration is wrong; For more details see:  http://wiki.apache.org/hadoop/UnsetHostnameOrPort
	at sun.reflect.NativeConstructorAccessorImpl.newInstance0(Native Method)
	at sun.reflect.NativeConstructorAccessorImpl.newInstance(NativeConstructorAccessorImpl.java:62)
	at sun.reflect.DelegatingConstructorAccessorImpl.newInstance(DelegatingConstructorAccessorImpl.java:45)
	at java.lang.reflect.Constructor.newInstance(Constructor.java:423)
	at org.apache.hadoop.net.NetUtils.wrapWithMessage(NetUtils.java:831)
	at org.apache.hadoop.net.NetUtils.wrapException(NetUtils.java:751)
	at org.apache.hadoop.ipc.Client.getRpcResponse(Client.java:1515)
	at org.apache.hadoop.ipc.Client.call(Client.java:1457)
	at org.apache.hadoop.ipc.Client.call(Client.java:1367)
	at org.apache.hadoop.ipc.ProtobufRpcEngine$Invoker.invoke(ProtobufRpcEngine.java:228)
	at org.apache.hadoop.ipc.ProtobufRpcEngine$Invoker.invoke(ProtobufRpcEngine.java:116)
	at com.sun.proxy.$Proxy36.submitRequest(Unknown Source)
	at sun.reflect.NativeMethodAccessorImpl.invoke0(Native Method)
	at sun.reflect.NativeMethodAccessorImpl.invoke(NativeMethodAccessorImpl.java:62)
	at sun.reflect.DelegatingMethodAccessorImpl.invoke(DelegatingMethodAccessorImpl.java:43)
	at java.lang.reflect.Method.invoke(Method.java:498)
	at org.apache.hadoop.io.retry.RetryInvocationHandler.invokeMethod(RetryInvocationHandler.java:422)
	at org.apache.hadoop.io.retry.RetryInvocationHandler$Call.invokeMethod(RetryInvocationHandler.java:165)
	at org.apache.hadoop.io.retry.RetryInvocationHandler$Call.invoke(RetryInvocationHandler.java:157)
	at org.apache.hadoop.io.retry.RetryInvocationHandler$Call.invokeOnce(RetryInvocationHandler.java:95)
	at org.apache.hadoop.io.retry.RetryInvocationHandler.invoke(RetryInvocationHandler.java:359)
	at com.sun.proxy.$Proxy36.submitRequest(Unknown Source)
	at org.apache.hadoop.ozone.om.protocolPB.OzoneManagerProtocolClientSideTranslatorPB.submitRequest(OzoneManagerProtocolClientSideTranslatorPB.java:338)
	at org.apache.hadoop.ozone.om.protocolPB.OzoneManagerProtocolClientSideTranslatorPB.getServiceInfo(OzoneManagerProtocolClientSideTranslatorPB.java:1223)
	at sun.reflect.NativeMethodAccessorImpl.invoke0(Native Method)
	at sun.reflect.NativeMethodAccessorImpl.invoke(NativeMethodAccessorImpl.java:62)
	at sun.reflect.DelegatingMethodAccessorImpl.invoke(DelegatingMethodAccessorImpl.java:43)
	at java.lang.reflect.Method.invoke(Method.java:498)
	at org.apache.hadoop.hdds.tracing.TraceAllMethod.invoke(TraceAllMethod.java:66)
	at com.sun.proxy.$Proxy37.getServiceInfo(Unknown Source)
	at org.apache.hadoop.ozone.client.rpc.RpcClient.<init>(RpcClient.java:154)
	at org.apache.hadoop.ozone.client.OzoneClientFactory.getClientProtocol(OzoneClientFactory.java:256)
	at org.apache.hadoop.ozone.client.OzoneClientFactory.getClientProtocol(OzoneClientFactory.java:239)
	at org.apache.hadoop.ozone.client.OzoneClientFactory.getClient(OzoneClientFactory.java:75)
	at org.apache.hadoop.ozone.client.rpc.TestOzoneClientRetriesOnException.init(TestOzoneClientRetriesOnException.java:102)
	at sun.reflect.NativeMethodAccessorImpl.invoke0(Native Method)
	at sun.reflect.NativeMethodAccessorImpl.invoke(NativeMethodAccessorImpl.java:62)
	at sun.reflect.DelegatingMethodAccessorImpl.invoke(DelegatingMethodAccessorImpl.java:43)
	at java.lang.reflect.Method.invoke(Method.java:498)
	at org.junit.runners.model.FrameworkMethod$1.runReflectiveCall(FrameworkMethod.java:47)
	at org.junit.internal.runners.model.ReflectiveCallable.run(ReflectiveCallable.java:12)
	at org.junit.runners.model.FrameworkMethod.invokeExplosively(FrameworkMethod.java:44)
	at org.junit.internal.runners.statements.RunBefores.evaluate(RunBefores.java:24)
	at org.junit.internal.runners.statements.RunAfters.evaluate(RunAfters.java:27)
	at org.junit.runners.ParentRunner.runLeaf(ParentRunner.java:271)
	at org.junit.runners.BlockJUnit4ClassRunner.runChild(BlockJUnit4ClassRunner.java:70)
	at org.junit.runners.BlockJUnit4ClassRunner.runChild(BlockJUnit4ClassRunner.java:50)
	at org.junit.runners.ParentRunner$3.run(ParentRunner.java:238)
	at org.junit.runners.ParentRunner$1.schedule(ParentRunner.java:63)
	at org.junit.runners.ParentRunner.runChildren(ParentRunner.java:236)
	at org.junit.runners.ParentRunner.access$000(ParentRunner.java:53)
	at org.junit.runners.ParentRunner$2.evaluate(ParentRunner.java:229)
	at org.junit.runners.ParentRunner.run(ParentRunner.java:309)
	at org.apache.maven.surefire.junit4.JUnit4Provider.execute(JUnit4Provider.java:365)
	at org.apache.maven.surefire.junit4.JUnit4Provider.executeWithRerun(JUnit4Provider.java:273)
	at org.apache.maven.surefire.junit4.JUnit4Provider.executeTestSet(JUnit4Provider.java:238)
	at org.apache.maven.surefire.junit4.JUnit4Provider.invoke(JUnit4Provider.java:159)
	at org.apache.maven.surefire.booter.ForkedBooter.invokeProviderInSameClassLoader(ForkedBooter.java:384)
	at org.apache.maven.surefire.booter.ForkedBooter.runSuitesInProcess(ForkedBooter.java:345)
	at org.apache.maven.surefire.booter.ForkedBooter.execute(ForkedBooter.java:126)
	at org.apache.maven.surefire.booter.ForkedBooter.main(ForkedBooter.java:418)
Caused by: java.net.ConnectException: Connection refused
	at sun.nio.ch.SocketChannelImpl.checkConnect(Native Method)
	at sun.nio.ch.SocketChannelImpl.finishConnect(SocketChannelImpl.java:717)
	at org.apache.hadoop.net.SocketIOWithTimeout.connect(SocketIOWithTimeout.java:206)
	at org.apache.hadoop.net.NetUtils.connect(NetUtils.java:531)
	at org.apache.hadoop.ipc.Client$Connection.setupConnection(Client.java:690)
	at org.apache.hadoop.ipc.Client$Connection.setupIOstreams(Client.java:794)
	at org.apache.hadoop.ipc.Client$Connection.access$3700(Client.java:411)
	at org.apache.hadoop.ipc.Client.getConnection(Client.java:1572)
	at org.apache.hadoop.ipc.Client.call(Client.java:1403)
	... 53 more
2019-09-27 10:01:06,612 [main] INFO  ozone.MiniOzoneClusterImpl (MiniOzoneClusterImpl.java:shutdown(314)) - Shutting down the Mini Ozone Cluster
2019-09-27 10:01:06,613 [main] INFO  ozone.MiniOzoneClusterImpl (MiniOzoneClusterImpl.java:stop(330)) - Stopping the Mini Ozone Cluster
2019-09-27 10:01:06,613 [main] INFO  ozone.MiniOzoneClusterImpl (MiniOzoneClusterImpl.java:stopOM(400)) - Stopping the OzoneManager
2019-09-27 10:01:06,614 [main] INFO  ipc.Server (Server.java:stop(3082)) - Stopping server on 45461
2019-09-27 10:01:06,625 [IPC Server listener on 45461] INFO  ipc.Server (Server.java:run(1185)) - Stopping IPC Server listener on 45461
2019-09-27 10:01:06,630 [main] INFO  ratis.OzoneManagerDoubleBuffer (OzoneManagerDoubleBuffer.java:stop(248)) - Stopping OMDoubleBuffer flush thread
2019-09-27 10:01:06,634 [IPC Server Responder] INFO  ipc.Server (Server.java:run(1319)) - Stopping IPC Server Responder
2019-09-27 10:01:06,644 [OMDoubleBufferFlushThread] INFO  ratis.OzoneManagerDoubleBuffer (OzoneManagerDoubleBuffer.java:flushTransactions(191)) - OMDoubleBuffer flush thread OMDoubleBufferFlushThread is interrupted and will exit. OMDoubleBufferFlushThread
2019-09-27 10:01:06,678 [main] INFO  utils.BackgroundService (BackgroundService.java:shutdown(148)) - Shutting down service KeyDeletingService
2019-09-27 10:01:06,694 [main] INFO  handler.ContextHandler (ContextHandler.java:doStop(910)) - Stopped o.e.j.w.WebAppContext@353efdbf{/,null,UNAVAILABLE}{/ozoneManager}
2019-09-27 10:01:06,702 [main] INFO  server.AbstractConnector (AbstractConnector.java:doStop(318)) - Stopped ServerConnector@55cff952{HTTP/1.1,[http/1.1]}{0.0.0.0:0}
2019-09-27 10:01:06,702 [main] INFO  handler.ContextHandler (ContextHandler.java:doStop(910)) - Stopped o.e.j.s.ServletContextHandler@3eed0f5{/static,file:///workdir/hadoop-ozone/integration-test/target/test-classes/webapps/static,UNAVAILABLE}
2019-09-27 10:01:06,703 [main] INFO  handler.ContextHandler (ContextHandler.java:doStop(910)) - Stopped o.e.j.s.ServletContextHandler@989da1{/logs,file:///workdir/hadoop-ozone/integration-test/target/log,UNAVAILABLE}
2019-09-27 10:01:06,710 [main] INFO  ozone.MiniOzoneClusterImpl (MiniOzoneClusterImpl.java:stopDatanodes(377)) - Stopping the HddsDatanodes
2019-09-27 10:01:06,842 [Datanode State Machine Thread - 0] INFO  statemachine.DatanodeStateMachine (DatanodeStateMachine.java:lambda$startDaemon$0(350)) - Ozone container server started.
2019-09-27 10:01:07,620 [Datanode State Machine Thread - 0] INFO  statemachine.DatanodeStateMachine (DatanodeStateMachine.java:lambda$startDaemon$0(350)) - Ozone container server started.
2019-09-27 10:01:11,713 [ForkJoinPool.commonPool-worker-0] INFO  ozoneimpl.OzoneContainer (OzoneContainer.java:stop(231)) - Attempting to stop container services.
2019-09-27 10:01:11,713 [main] INFO  ozoneimpl.OzoneContainer (OzoneContainer.java:stop(231)) - Attempting to stop container services.
2019-09-27 10:01:11,714 [ForkJoinPool.commonPool-worker-0] INFO  impl.RaftServerProxy (RaftServerProxy.java:lambda$close$4(314)) - 3e4a6c72-a651-45f4-ad3d-9f31c18d5887: close
2019-09-27 10:01:11,715 [main] INFO  impl.RaftServerProxy (RaftServerProxy.java:lambda$close$4(314)) - c7642098-e716-426b-bee3-02b0ecc21bb4: close
2019-09-27 10:01:11,718 [main] INFO  impl.RaftServerImpl (RaftServerImpl.java:lambda$shutdown$3(251)) - c7642098-e716-426b-bee3-02b0ecc21bb4@group-4C01C2FB6FE9: shutdown
2019-09-27 10:01:11,718 [ForkJoinPool.commonPool-worker-0] INFO  impl.RaftServerImpl (RaftServerImpl.java:lambda$shutdown$3(251)) - 3e4a6c72-a651-45f4-ad3d-9f31c18d5887@group-9CDBB8BF7341: shutdown
2019-09-27 10:01:11,718 [main] INFO  util.JmxRegister (JmxRegister.java:unregister(73)) - Successfully un-registered JMX Bean with object name Ratis:service=RaftServer,group=group-4C01C2FB6FE9,id=c7642098-e716-426b-bee3-02b0ecc21bb4
2019-09-27 10:01:11,719 [ForkJoinPool.commonPool-worker-0] INFO  util.JmxRegister (JmxRegister.java:unregister(73)) - Successfully un-registered JMX Bean with object name Ratis:service=RaftServer,group=group-9CDBB8BF7341,id=3e4a6c72-a651-45f4-ad3d-9f31c18d5887
2019-09-27 10:01:11,719 [main] INFO  impl.RoleInfo (RoleInfo.java:shutdownLeaderState(104)) - c7642098-e716-426b-bee3-02b0ecc21bb4: shutdown LeaderState
2019-09-27 10:01:11,719 [ForkJoinPool.commonPool-worker-0] INFO  impl.RoleInfo (RoleInfo.java:shutdownLeaderState(104)) - 3e4a6c72-a651-45f4-ad3d-9f31c18d5887: shutdown LeaderState
2019-09-27 10:01:11,721 [main] INFO  impl.PendingRequests (PendingRequests.java:sendNotLeaderResponses(202)) - c7642098-e716-426b-bee3-02b0ecc21bb4-PendingRequests: sendNotLeaderResponses
2019-09-27 10:01:11,721 [ForkJoinPool.commonPool-worker-0] INFO  impl.PendingRequests (PendingRequests.java:sendNotLeaderResponses(202)) - 3e4a6c72-a651-45f4-ad3d-9f31c18d5887-PendingRequests: sendNotLeaderResponses
2019-09-27 10:01:11,727 [ForkJoinPool.commonPool-worker-0] INFO  impl.StateMachineUpdater (StateMachineUpdater.java:stopAndJoin(125)) - 3e4a6c72-a651-45f4-ad3d-9f31c18d5887@group-9CDBB8BF7341-StateMachineUpdater: set stopIndex = 0
2019-09-27 10:01:11,727 [main] INFO  impl.StateMachineUpdater (StateMachineUpdater.java:stopAndJoin(125)) - c7642098-e716-426b-bee3-02b0ecc21bb4@group-4C01C2FB6FE9-StateMachineUpdater: set stopIndex = 0
2019-09-27 10:01:11,744 [main] INFO  impl.RaftServerImpl (ServerState.java:close(385)) - c7642098-e716-426b-bee3-02b0ecc21bb4@group-4C01C2FB6FE9: closes. applyIndex: 0
2019-09-27 10:01:11,744 [ForkJoinPool.commonPool-worker-0] INFO  impl.RaftServerImpl (ServerState.java:close(385)) - 3e4a6c72-a651-45f4-ad3d-9f31c18d5887@group-9CDBB8BF7341: closes. applyIndex: 0
2019-09-27 10:01:11,747 [3e4a6c72-a651-45f4-ad3d-9f31c18d5887@group-9CDBB8BF7341-SegmentedRaftLogWorker] INFO  segmented.SegmentedRaftLogWorker (SegmentedRaftLogWorker.java:run(313)) - 3e4a6c72-a651-45f4-ad3d-9f31c18d5887@group-9CDBB8BF7341-SegmentedRaftLogWorker was interrupted, exiting. There are 0 tasks remaining in the queue.
2019-09-27 10:01:11,747 [c7642098-e716-426b-bee3-02b0ecc21bb4@group-4C01C2FB6FE9-SegmentedRaftLogWorker] INFO  segmented.SegmentedRaftLogWorker (SegmentedRaftLogWorker.java:run(313)) - c7642098-e716-426b-bee3-02b0ecc21bb4@group-4C01C2FB6FE9-SegmentedRaftLogWorker was interrupted, exiting. There are 0 tasks remaining in the queue.
2019-09-27 10:01:11,751 [ForkJoinPool.commonPool-worker-0] INFO  segmented.SegmentedRaftLogWorker (SegmentedRaftLogWorker.java:close(228)) - 3e4a6c72-a651-45f4-ad3d-9f31c18d5887@group-9CDBB8BF7341-SegmentedRaftLogWorker close()
2019-09-27 10:01:11,751 [main] INFO  segmented.SegmentedRaftLogWorker (SegmentedRaftLogWorker.java:close(228)) - c7642098-e716-426b-bee3-02b0ecc21bb4@group-4C01C2FB6FE9-SegmentedRaftLogWorker close()
2019-09-27 10:01:11,756 [ForkJoinPool.commonPool-worker-0] INFO  impl.RaftServerImpl (RaftServerImpl.java:lambda$shutdown$3(251)) - 3e4a6c72-a651-45f4-ad3d-9f31c18d5887@group-F827E6FA5E5D: shutdown
2019-09-27 10:01:11,760 [main] INFO  impl.RaftServerImpl (RaftServerImpl.java:lambda$shutdown$3(251)) - c7642098-e716-426b-bee3-02b0ecc21bb4@group-D8DB0446DA57: shutdown
2019-09-27 10:01:11,760 [ForkJoinPool.commonPool-worker-0] INFO  util.JmxRegister (JmxRegister.java:unregister(73)) - Successfully un-registered JMX Bean with object name Ratis:service=RaftServer,group=group-F827E6FA5E5D,id=3e4a6c72-a651-45f4-ad3d-9f31c18d5887
2019-09-27 10:01:11,760 [main] INFO  util.JmxRegister (JmxRegister.java:unregister(73)) - Successfully un-registered JMX Bean with object name Ratis:service=RaftServer,group=group-D8DB0446DA57,id=c7642098-e716-426b-bee3-02b0ecc21bb4
2019-09-27 10:01:11,761 [ForkJoinPool.commonPool-worker-0] INFO  impl.RoleInfo (RoleInfo.java:shutdownLeaderState(104)) - 3e4a6c72-a651-45f4-ad3d-9f31c18d5887: shutdown LeaderState
2019-09-27 10:01:11,761 [main] INFO  impl.RoleInfo (RoleInfo.java:shutdownLeaderState(104)) - c7642098-e716-426b-bee3-02b0ecc21bb4: shutdown LeaderState
2019-09-27 10:01:11,765 [org.apache.ratis.server.impl.LogAppender$AppenderDaemon$$Lambda$393/1281863639@50fd70cc] WARN  server.GrpcLogAppender (GrpcLogAppender.java:mayWait(143)) - 3e4a6c72-a651-45f4-ad3d-9f31c18d5887@group-F827E6FA5E5D->5b0d7dbd-1701-4a84-8425-9a9d8091f3c4-GrpcLogAppender: Wait interrupted by java.lang.InterruptedException
2019-09-27 10:01:11,765 [org.apache.ratis.server.impl.LogAppender$AppenderDaemon$$Lambda$393/1281863639@73e2691b] WARN  server.GrpcLogAppender (GrpcLogAppender.java:mayWait(143)) - 3e4a6c72-a651-45f4-ad3d-9f31c18d5887@group-F827E6FA5E5D->17627f09-c64f-4a32-be95-414265d9eb02-GrpcLogAppender: Wait interrupted by java.lang.InterruptedException
2019-09-27 10:01:11,765 [ForkJoinPool.commonPool-worker-0] INFO  impl.PendingRequests (PendingRequests.java:sendNotLeaderResponses(202)) - 3e4a6c72-a651-45f4-ad3d-9f31c18d5887-PendingRequests: sendNotLeaderResponses
2019-09-27 10:01:11,772 [org.apache.ratis.server.impl.LogAppender$AppenderDaemon$$Lambda$393/1281863639@15180548] WARN  server.GrpcLogAppender (GrpcLogAppender.java:mayWait(143)) - c7642098-e716-426b-bee3-02b0ecc21bb4@group-D8DB0446DA57->5b3e2021-d7d4-4a5d-96a1-be67d08a7fc9-GrpcLogAppender: Wait interrupted by java.lang.InterruptedException
2019-09-27 10:01:11,772 [org.apache.ratis.server.impl.LogAppender$AppenderDaemon$$Lambda$393/1281863639@cfcd5f] WARN  server.GrpcLogAppender (GrpcLogAppender.java:mayWait(143)) - c7642098-e716-426b-bee3-02b0ecc21bb4@group-D8DB0446DA57->0bcfdd62-3878-4412-9a7b-270e304bd33f-GrpcLogAppender: Wait interrupted by java.lang.InterruptedException
2019-09-27 10:01:11,772 [main] INFO  impl.PendingRequests (PendingRequests.java:sendNotLeaderResponses(202)) - c7642098-e716-426b-bee3-02b0ecc21bb4-PendingRequests: sendNotLeaderResponses
2019-09-27 10:01:11,773 [ForkJoinPool.commonPool-worker-0] INFO  impl.StateMachineUpdater (StateMachineUpdater.java:stopAndJoin(125)) - 3e4a6c72-a651-45f4-ad3d-9f31c18d5887@group-F827E6FA5E5D-StateMachineUpdater: set stopIndex = 0
2019-09-27 10:01:11,774 [ForkJoinPool.commonPool-worker-0] INFO  impl.RaftServerImpl (ServerState.java:close(385)) - 3e4a6c72-a651-45f4-ad3d-9f31c18d5887@group-F827E6FA5E5D: closes. applyIndex: 0
2019-09-27 10:01:11,774 [main] INFO  impl.StateMachineUpdater (StateMachineUpdater.java:stopAndJoin(125)) - c7642098-e716-426b-bee3-02b0ecc21bb4@group-D8DB0446DA57-StateMachineUpdater: set stopIndex = 0
2019-09-27 10:01:11,774 [3e4a6c72-a651-45f4-ad3d-9f31c18d5887@group-F827E6FA5E5D-SegmentedRaftLogWorker] INFO  segmented.SegmentedRaftLogWorker (SegmentedRaftLogWorker.java:run(313)) - 3e4a6c72-a651-45f4-ad3d-9f31c18d5887@group-F827E6FA5E5D-SegmentedRaftLogWorker was interrupted, exiting. There are 0 tasks remaining in the queue.
2019-09-27 10:01:11,775 [main] INFO  impl.RaftServerImpl (ServerState.java:close(385)) - c7642098-e716-426b-bee3-02b0ecc21bb4@group-D8DB0446DA57: closes. applyIndex: 0
2019-09-27 10:01:11,777 [ForkJoinPool.commonPool-worker-0] INFO  segmented.SegmentedRaftLogWorker (SegmentedRaftLogWorker.java:close(228)) - 3e4a6c72-a651-45f4-ad3d-9f31c18d5887@group-F827E6FA5E5D-SegmentedRaftLogWorker close()
2019-09-27 10:01:11,780 [grpc-default-executor-1] INFO  server.GrpcServerProtocolService (GrpcServerProtocolService.java:onCompleted(113)) - 5b0d7dbd-1701-4a84-8425-9a9d8091f3c4: Completed APPEND_ENTRIES, lastRequest: 3e4a6c72-a651-45f4-ad3d-9f31c18d5887->5b0d7dbd-1701-4a84-8425-9a9d8091f3c4#44-t1, previous=(t:1, i:0), leaderCommit=0, initializing? false, entries: <empty>
2019-09-27 10:01:11,778 [grpc-default-executor-4] INFO  server.GrpcServerProtocolService (GrpcServerProtocolService.java:onCompleted(113)) - 17627f09-c64f-4a32-be95-414265d9eb02: Completed APPEND_ENTRIES, lastRequest: 3e4a6c72-a651-45f4-ad3d-9f31c18d5887->17627f09-c64f-4a32-be95-414265d9eb02#44-t1, previous=(t:1, i:0), leaderCommit=0, initializing? false, entries: <empty>
2019-09-27 10:01:11,778 [grpc-default-executor-2] INFO  server.GrpcServerProtocolService (GrpcServerProtocolService.java:onCompleted(113)) - 5b3e2021-d7d4-4a5d-96a1-be67d08a7fc9: Completed APPEND_ENTRIES, lastRequest: c7642098-e716-426b-bee3-02b0ecc21bb4->5b3e2021-d7d4-4a5d-96a1-be67d08a7fc9#44-t1, previous=(t:1, i:0), leaderCommit=0, initializing? false, entries: <empty>
2019-09-27 10:01:11,778 [grpc-default-executor-3] INFO  server.GrpcServerProtocolService (GrpcServerProtocolService.java:onCompleted(113)) - 0bcfdd62-3878-4412-9a7b-270e304bd33f: Completed APPEND_ENTRIES, lastRequest: c7642098-e716-426b-bee3-02b0ecc21bb4->0bcfdd62-3878-4412-9a7b-270e304bd33f#44-t1, previous=(t:1, i:0), leaderCommit=0, initializing? false, entries: <empty>
2019-09-27 10:01:11,778 [c7642098-e716-426b-bee3-02b0ecc21bb4@group-D8DB0446DA57-SegmentedRaftLogWorker] INFO  segmented.SegmentedRaftLogWorker (SegmentedRaftLogWorker.java:run(313)) - c7642098-e716-426b-bee3-02b0ecc21bb4@group-D8DB0446DA57-SegmentedRaftLogWorker was interrupted, exiting. There are 0 tasks remaining in the queue.
2019-09-27 10:01:11,784 [ForkJoinPool.commonPool-worker-0] INFO  server.GrpcService (GrpcService.java:closeImpl(164)) - 3e4a6c72-a651-45f4-ad3d-9f31c18d5887: shutdown server with port 39140 now
2019-09-27 10:01:11,787 [main] INFO  segmented.SegmentedRaftLogWorker (SegmentedRaftLogWorker.java:close(228)) - c7642098-e716-426b-bee3-02b0ecc21bb4@group-D8DB0446DA57-SegmentedRaftLogWorker close()
2019-09-27 10:01:11,794 [main] INFO  server.GrpcService (GrpcService.java:closeImpl(164)) - c7642098-e716-426b-bee3-02b0ecc21bb4: shutdown server with port 42518 now
2019-09-27 10:01:11,794 [grpc-default-executor-1] INFO  server.GrpcLogAppender (GrpcLogAppender.java:onCompleted(293)) - 3e4a6c72-a651-45f4-ad3d-9f31c18d5887@group-F827E6FA5E5D->17627f09-c64f-4a32-be95-414265d9eb02-AppendLogResponseHandler: follower responses appendEntries COMPLETED
2019-09-27 10:01:11,794 [grpc-default-executor-2] INFO  server.GrpcLogAppender (GrpcLogAppender.java:onCompleted(293)) - 3e4a6c72-a651-45f4-ad3d-9f31c18d5887@group-F827E6FA5E5D->5b0d7dbd-1701-4a84-8425-9a9d8091f3c4-AppendLogResponseHandler: follower responses appendEntries COMPLETED
2019-09-27 10:01:11,794 [grpc-default-executor-4] INFO  server.GrpcLogAppender (GrpcLogAppender.java:onCompleted(293)) - c7642098-e716-426b-bee3-02b0ecc21bb4@group-D8DB0446DA57->0bcfdd62-3878-4412-9a7b-270e304bd33f-AppendLogResponseHandler: follower responses appendEntries COMPLETED
2019-09-27 10:01:11,794 [grpc-default-executor-3] INFO  server.GrpcLogAppender (GrpcLogAppender.java:onCompleted(293)) - c7642098-e716-426b-bee3-02b0ecc21bb4@group-D8DB0446DA57->5b3e2021-d7d4-4a5d-96a1-be67d08a7fc9-AppendLogResponseHandler: follower responses appendEntries COMPLETED
2019-09-27 10:01:11,804 [grpc-default-executor-2] INFO  impl.FollowerInfo (FollowerInfo.java:lambda$new$0(51)) - 3e4a6c72-a651-45f4-ad3d-9f31c18d5887@group-F827E6FA5E5D->5b0d7dbd-1701-4a84-8425-9a9d8091f3c4: nextIndex: updateUnconditionally 1 -> 0
2019-09-27 10:01:11,806 [grpc-default-executor-1] INFO  impl.FollowerInfo (FollowerInfo.java:lambda$new$0(51)) - 3e4a6c72-a651-45f4-ad3d-9f31c18d5887@group-F827E6FA5E5D->17627f09-c64f-4a32-be95-414265d9eb02: nextIndex: updateUnconditionally 1 -> 0
2019-09-27 10:01:11,807 [main] INFO  server.GrpcService (GrpcService.java:closeImpl(172)) - c7642098-e716-426b-bee3-02b0ecc21bb4: shutdown server with port 42518 successfully
2019-09-27 10:01:11,806 [grpc-default-executor-4] INFO  impl.FollowerInfo (FollowerInfo.java:lambda$new$0(51)) - c7642098-e716-426b-bee3-02b0ecc21bb4@group-D8DB0446DA57->0bcfdd62-3878-4412-9a7b-270e304bd33f: nextIndex: updateUnconditionally 1 -> 0
2019-09-27 10:01:11,804 [grpc-default-executor-3] INFO  impl.FollowerInfo (FollowerInfo.java:lambda$new$0(51)) - c7642098-e716-426b-bee3-02b0ecc21bb4@group-D8DB0446DA57->5b3e2021-d7d4-4a5d-96a1-be67d08a7fc9: nextIndex: updateUnconditionally 1 -> 0
2019-09-27 10:01:11,807 [ForkJoinPool.commonPool-worker-0] INFO  server.GrpcService (GrpcService.java:closeImpl(172)) - 3e4a6c72-a651-45f4-ad3d-9f31c18d5887: shutdown server with port 39140 successfully
2019-09-27 10:01:11,813 [refreshUsed-/workdir/hadoop-ozone/integration-test/target/test-dir/MiniOzoneClusterImpl-f97b6056-80ca-4d0a-8f3e-89a36336af0c/datanode-4/data/containers] WARN  fs.CachingGetSpaceUsed (CachingGetSpaceUsed.java:run(183)) - Thread Interrupted waiting to refresh disk information: sleep interrupted
2019-09-27 10:01:11,834 [refreshUsed-/workdir/hadoop-ozone/integration-test/target/test-dir/MiniOzoneClusterImpl-f97b6056-80ca-4d0a-8f3e-89a36336af0c/datanode-1/data/containers] WARN  fs.CachingGetSpaceUsed (CachingGetSpaceUsed.java:run(183)) - Thread Interrupted waiting to refresh disk information: sleep interrupted
2019-09-27 10:01:11,843 [main] INFO  utils.BackgroundService (BackgroundService.java:shutdown(148)) - Shutting down service BlockDeletingService
2019-09-27 10:01:11,849 [main] INFO  statemachine.DatanodeStateMachine (DatanodeStateMachine.java:stopDaemon(395)) - Ozone container server stopped.
2019-09-27 10:01:11,850 [main] INFO  handler.ContextHandler (ContextHandler.java:doStop(910)) - Stopped o.e.j.w.WebAppContext@6ad16c5d{/,null,UNAVAILABLE}{/hddsDatanode}
2019-09-27 10:01:11,851 [main] INFO  server.AbstractConnector (AbstractConnector.java:doStop(318)) - Stopped ServerConnector@74ea46e2{HTTP/1.1,[http/1.1]}{0.0.0.0:0}
2019-09-27 10:01:11,851 [main] INFO  handler.ContextHandler (ContextHandler.java:doStop(910)) - Stopped o.e.j.s.ServletContextHandler@250a500b{/static,jar:file:/home/user/.m2/repository/org/apache/hadoop/hadoop-hdds-container-service/0.5.0-SNAPSHOT/hadoop-hdds-container-service-0.5.0-SNAPSHOT.jar!/webapps/static,UNAVAILABLE}
2019-09-27 10:01:11,852 [main] INFO  handler.ContextHandler (ContextHandler.java:doStop(910)) - Stopped o.e.j.s.ServletContextHandler@c755b2{/logs,file:///workdir/hadoop-ozone/integration-test/target/log,UNAVAILABLE}
2019-09-27 10:01:11,860 [ForkJoinPool.commonPool-worker-0] INFO  utils.BackgroundService (BackgroundService.java:shutdown(148)) - Shutting down service BlockDeletingService
2019-09-27 10:01:11,864 [ForkJoinPool.commonPool-worker-0] INFO  statemachine.DatanodeStateMachine (DatanodeStateMachine.java:stopDaemon(395)) - Ozone container server stopped.
2019-09-27 10:01:11,868 [ForkJoinPool.commonPool-worker-0] INFO  handler.ContextHandler (ContextHandler.java:doStop(910)) - Stopped o.e.j.w.WebAppContext@467b684d{/,null,UNAVAILABLE}{/hddsDatanode}
2019-09-27 10:01:11,869 [ForkJoinPool.commonPool-worker-0] INFO  server.AbstractConnector (AbstractConnector.java:doStop(318)) - Stopped ServerConnector@7baf1f5a{HTTP/1.1,[http/1.1]}{0.0.0.0:0}
2019-09-27 10:01:11,871 [ForkJoinPool.commonPool-worker-0] INFO  handler.ContextHandler (ContextHandler.java:doStop(910)) - Stopped o.e.j.s.ServletContextHandler@79b84841{/static,jar:file:/home/user/.m2/repository/org/apache/hadoop/hadoop-hdds-container-service/0.5.0-SNAPSHOT/hadoop-hdds-container-service-0.5.0-SNAPSHOT.jar!/webapps/static,UNAVAILABLE}
2019-09-27 10:01:11,872 [ForkJoinPool.commonPool-worker-0] INFO  handler.ContextHandler (ContextHandler.java:doStop(910)) - Stopped o.e.j.s.ServletContextHandler@56a4f272{/logs,file:///workdir/hadoop-ozone/integration-test/target/log,UNAVAILABLE}
2019-09-27 10:01:12,679 [Datanode State Machine Thread - 0] INFO  statemachine.DatanodeStateMachine (DatanodeStateMachine.java:lambda$startDaemon$0(350)) - Ozone container server started.
2019-09-27 10:01:12,760 [Datanode State Machine Thread - 0] INFO  statemachine.DatanodeStateMachine (DatanodeStateMachine.java:lambda$startDaemon$0(350)) - Ozone container server started.
2019-09-27 10:01:16,854 [main] INFO  ozoneimpl.OzoneContainer (OzoneContainer.java:stop(231)) - Attempting to stop container services.
2019-09-27 10:01:16,855 [main] INFO  impl.RaftServerProxy (RaftServerProxy.java:lambda$close$4(314)) - 17627f09-c64f-4a32-be95-414265d9eb02: close
2019-09-27 10:01:16,855 [main] INFO  impl.RaftServerImpl (RaftServerImpl.java:lambda$shutdown$3(251)) - 17627f09-c64f-4a32-be95-414265d9eb02@group-8A08FEE89D50: shutdown
2019-09-27 10:01:16,856 [main] INFO  util.JmxRegister (JmxRegister.java:unregister(73)) - Successfully un-registered JMX Bean with object name Ratis:service=RaftServer,group=group-8A08FEE89D50,id=17627f09-c64f-4a32-be95-414265d9eb02
2019-09-27 10:01:16,856 [main] INFO  impl.RoleInfo (RoleInfo.java:shutdownLeaderState(104)) - 17627f09-c64f-4a32-be95-414265d9eb02: shutdown LeaderState
2019-09-27 10:01:16,857 [main] INFO  impl.PendingRequests (PendingRequests.java:sendNotLeaderResponses(202)) - 17627f09-c64f-4a32-be95-414265d9eb02-PendingRequests: sendNotLeaderResponses
2019-09-27 10:01:16,857 [main] INFO  impl.StateMachineUpdater (StateMachineUpdater.java:stopAndJoin(125)) - 17627f09-c64f-4a32-be95-414265d9eb02@group-8A08FEE89D50-StateMachineUpdater: set stopIndex = 0
2019-09-27 10:01:16,858 [main] INFO  impl.RaftServerImpl (ServerState.java:close(385)) - 17627f09-c64f-4a32-be95-414265d9eb02@group-8A08FEE89D50: closes. applyIndex: 0
2019-09-27 10:01:16,859 [17627f09-c64f-4a32-be95-414265d9eb02@group-8A08FEE89D50-SegmentedRaftLogWorker] INFO  segmented.SegmentedRaftLogWorker (SegmentedRaftLogWorker.java:run(313)) - 17627f09-c64f-4a32-be95-414265d9eb02@group-8A08FEE89D50-SegmentedRaftLogWorker was interrupted, exiting. There are 0 tasks remaining in the queue.
2019-09-27 10:01:16,862 [main] INFO  segmented.SegmentedRaftLogWorker (SegmentedRaftLogWorker.java:close(228)) - 17627f09-c64f-4a32-be95-414265d9eb02@group-8A08FEE89D50-SegmentedRaftLogWorker close()
2019-09-27 10:01:16,866 [main] INFO  impl.RaftServerImpl (RaftServerImpl.java:lambda$shutdown$3(251)) - 17627f09-c64f-4a32-be95-414265d9eb02@group-F827E6FA5E5D: shutdown
2019-09-27 10:01:16,867 [main] INFO  util.JmxRegister (JmxRegister.java:unregister(73)) - Successfully un-registered JMX Bean with object name Ratis:service=RaftServer,group=group-F827E6FA5E5D,id=17627f09-c64f-4a32-be95-414265d9eb02
2019-09-27 10:01:16,867 [main] INFO  impl.RoleInfo (RoleInfo.java:shutdownFollowerState(121)) - 17627f09-c64f-4a32-be95-414265d9eb02: shutdown FollowerState
2019-09-27 10:01:16,868 [main] INFO  impl.StateMachineUpdater (StateMachineUpdater.java:stopAndJoin(125)) - 17627f09-c64f-4a32-be95-414265d9eb02@group-F827E6FA5E5D-StateMachineUpdater: set stopIndex = 0
2019-09-27 10:01:16,868 [Thread-308] INFO  impl.FollowerState (FollowerState.java:run(115)) - 17627f09-c64f-4a32-be95-414265d9eb02: FollowerState was interrupted: java.lang.InterruptedException: sleep interrupted
2019-09-27 10:01:16,868 [main] INFO  impl.RaftServerImpl (ServerState.java:close(385)) - 17627f09-c64f-4a32-be95-414265d9eb02@group-F827E6FA5E5D: closes. applyIndex: 0
2019-09-27 10:01:16,870 [17627f09-c64f-4a32-be95-414265d9eb02@group-F827E6FA5E5D-SegmentedRaftLogWorker] INFO  segmented.SegmentedRaftLogWorker (SegmentedRaftLogWorker.java:run(313)) - 17627f09-c64f-4a32-be95-414265d9eb02@group-F827E6FA5E5D-SegmentedRaftLogWorker was interrupted, exiting. There are 0 tasks remaining in the queue.
2019-09-27 10:01:16,874 [ForkJoinPool.commonPool-worker-0] INFO  ozoneimpl.OzoneContainer (OzoneContainer.java:stop(231)) - Attempting to stop container services.
2019-09-27 10:01:16,874 [ForkJoinPool.commonPool-worker-0] INFO  impl.RaftServerProxy (RaftServerProxy.java:lambda$close$4(314)) - 5b0d7dbd-1701-4a84-8425-9a9d8091f3c4: close
2019-09-27 10:01:16,875 [ForkJoinPool.commonPool-worker-0] INFO  impl.RaftServerImpl (RaftServerImpl.java:lambda$shutdown$3(251)) - 5b0d7dbd-1701-4a84-8425-9a9d8091f3c4@group-DE789E0F0D82: shutdown
2019-09-27 10:01:16,875 [ForkJoinPool.commonPool-worker-0] INFO  util.JmxRegister (JmxRegister.java:unregister(73)) - Successfully un-registered JMX Bean with object name Ratis:service=RaftServer,group=group-DE789E0F0D82,id=5b0d7dbd-1701-4a84-8425-9a9d8091f3c4
2019-09-27 10:01:16,875 [ForkJoinPool.commonPool-worker-0] INFO  impl.RoleInfo (RoleInfo.java:shutdownLeaderState(104)) - 5b0d7dbd-1701-4a84-8425-9a9d8091f3c4: shutdown LeaderState
2019-09-27 10:01:16,876 [ForkJoinPool.commonPool-worker-0] INFO  impl.PendingRequests (PendingRequests.java:sendNotLeaderResponses(202)) - 5b0d7dbd-1701-4a84-8425-9a9d8091f3c4-PendingRequests: sendNotLeaderResponses
2019-09-27 10:01:16,876 [ForkJoinPool.commonPool-worker-0] INFO  impl.StateMachineUpdater (StateMachineUpdater.java:stopAndJoin(125)) - 5b0d7dbd-1701-4a84-8425-9a9d8091f3c4@group-DE789E0F0D82-StateMachineUpdater: set stopIndex = 0
2019-09-27 10:01:16,876 [main] INFO  segmented.SegmentedRaftLogWorker (SegmentedRaftLogWorker.java:close(228)) - 17627f09-c64f-4a32-be95-414265d9eb02@group-F827E6FA5E5D-SegmentedRaftLogWorker close()
2019-09-27 10:01:16,877 [ForkJoinPool.commonPool-worker-0] INFO  impl.RaftServerImpl (ServerState.java:close(385)) - 5b0d7dbd-1701-4a84-8425-9a9d8091f3c4@group-DE789E0F0D82: closes. applyIndex: 0
2019-09-27 10:01:16,880 [main] INFO  server.GrpcService (GrpcService.java:closeImpl(164)) - 17627f09-c64f-4a32-be95-414265d9eb02: shutdown server with port 34984 now
2019-09-27 10:01:16,881 [5b0d7dbd-1701-4a84-8425-9a9d8091f3c4@group-DE789E0F0D82-SegmentedRaftLogWorker] INFO  segmented.SegmentedRaftLogWorker (SegmentedRaftLogWorker.java:run(313)) - 5b0d7dbd-1701-4a84-8425-9a9d8091f3c4@group-DE789E0F0D82-SegmentedRaftLogWorker was interrupted, exiting. There are 0 tasks remaining in the queue.
2019-09-27 10:01:16,883 [ForkJoinPool.commonPool-worker-0] INFO  segmented.SegmentedRaftLogWorker (SegmentedRaftLogWorker.java:close(228)) - 5b0d7dbd-1701-4a84-8425-9a9d8091f3c4@group-DE789E0F0D82-SegmentedRaftLogWorker close()
2019-09-27 10:01:16,887 [ForkJoinPool.commonPool-worker-0] INFO  impl.RaftServerImpl (RaftServerImpl.java:lambda$shutdown$3(251)) - 5b0d7dbd-1701-4a84-8425-9a9d8091f3c4@group-F827E6FA5E5D: shutdown
2019-09-27 10:01:16,887 [main] INFO  server.GrpcService (GrpcService.java:closeImpl(172)) - 17627f09-c64f-4a32-be95-414265d9eb02: shutdown server with port 34984 successfully
2019-09-27 10:01:16,887 [ForkJoinPool.commonPool-worker-0] INFO  util.JmxRegister (JmxRegister.java:unregister(73)) - Successfully un-registered JMX Bean with object name Ratis:service=RaftServer,group=group-F827E6FA5E5D,id=5b0d7dbd-1701-4a84-8425-9a9d8091f3c4
2019-09-27 10:01:16,888 [ForkJoinPool.commonPool-worker-0] INFO  impl.RoleInfo (RoleInfo.java:shutdownFollowerState(121)) - 5b0d7dbd-1701-4a84-8425-9a9d8091f3c4: shutdown FollowerState
2019-09-27 10:01:16,889 [ForkJoinPool.commonPool-worker-0] INFO  impl.StateMachineUpdater (StateMachineUpdater.java:stopAndJoin(125)) - 5b0d7dbd-1701-4a84-8425-9a9d8091f3c4@group-F827E6FA5E5D-StateMachineUpdater: set stopIndex = 0
2019-09-27 10:01:16,889 [Thread-310] INFO  impl.FollowerState (FollowerState.java:run(115)) - 5b0d7dbd-1701-4a84-8425-9a9d8091f3c4: FollowerState was interrupted: java.lang.InterruptedException: sleep interrupted
2019-09-27 10:01:16,891 [ForkJoinPool.commonPool-worker-0] INFO  impl.RaftServerImpl (ServerState.java:close(385)) - 5b0d7dbd-1701-4a84-8425-9a9d8091f3c4@group-F827E6FA5E5D: closes. applyIndex: 0
2019-09-27 10:01:16,892 [5b0d7dbd-1701-4a84-8425-9a9d8091f3c4@group-F827E6FA5E5D-SegmentedRaftLogWorker] INFO  segmented.SegmentedRaftLogWorker (SegmentedRaftLogWorker.java:run(313)) - 5b0d7dbd-1701-4a84-8425-9a9d8091f3c4@group-F827E6FA5E5D-SegmentedRaftLogWorker was interrupted, exiting. There are 0 tasks remaining in the queue.
2019-09-27 10:01:16,894 [ForkJoinPool.commonPool-worker-0] INFO  segmented.SegmentedRaftLogWorker (SegmentedRaftLogWorker.java:close(228)) - 5b0d7dbd-1701-4a84-8425-9a9d8091f3c4@group-F827E6FA5E5D-SegmentedRaftLogWorker close()
2019-09-27 10:01:16,898 [ForkJoinPool.commonPool-worker-0] INFO  server.GrpcService (GrpcService.java:closeImpl(164)) - 5b0d7dbd-1701-4a84-8425-9a9d8091f3c4: shutdown server with port 38592 now
2019-09-27 10:01:16,902 [ForkJoinPool.commonPool-worker-0] INFO  server.GrpcService (GrpcService.java:closeImpl(172)) - 5b0d7dbd-1701-4a84-8425-9a9d8091f3c4: shutdown server with port 38592 successfully
2019-09-27 10:01:16,916 [refreshUsed-/workdir/hadoop-ozone/integration-test/target/test-dir/MiniOzoneClusterImpl-f97b6056-80ca-4d0a-8f3e-89a36336af0c/datanode-3/data/containers] WARN  fs.CachingGetSpaceUsed (CachingGetSpaceUsed.java:run(183)) - Thread Interrupted waiting to refresh disk information: sleep interrupted
2019-09-27 10:01:16,920 [refreshUsed-/workdir/hadoop-ozone/integration-test/target/test-dir/MiniOzoneClusterImpl-f97b6056-80ca-4d0a-8f3e-89a36336af0c/datanode-2/data/containers] WARN  fs.CachingGetSpaceUsed (CachingGetSpaceUsed.java:run(183)) - Thread Interrupted waiting to refresh disk information: sleep interrupted
2019-09-27 10:01:16,937 [ForkJoinPool.commonPool-worker-0] INFO  utils.BackgroundService (BackgroundService.java:shutdown(148)) - Shutting down service BlockDeletingService
2019-09-27 10:01:16,938 [main] INFO  utils.BackgroundService (BackgroundService.java:shutdown(148)) - Shutting down service BlockDeletingService
2019-09-27 10:01:16,942 [ForkJoinPool.commonPool-worker-0] INFO  statemachine.DatanodeStateMachine (DatanodeStateMachine.java:stopDaemon(395)) - Ozone container server stopped.
2019-09-27 10:01:16,948 [main] INFO  statemachine.DatanodeStateMachine (DatanodeStateMachine.java:stopDaemon(395)) - Ozone container server stopped.
2019-09-27 10:01:16,950 [ForkJoinPool.commonPool-worker-0] INFO  handler.ContextHandler (ContextHandler.java:doStop(910)) - Stopped o.e.j.w.WebAppContext@6b1dc20f{/,null,UNAVAILABLE}{/hddsDatanode}
2019-09-27 10:01:16,951 [main] INFO  handler.ContextHandler (ContextHandler.java:doStop(910)) - Stopped o.e.j.w.WebAppContext@411c6d44{/,null,UNAVAILABLE}{/hddsDatanode}
2019-09-27 10:01:16,951 [ForkJoinPool.commonPool-worker-0] INFO  server.AbstractConnector (AbstractConnector.java:doStop(318)) - Stopped ServerConnector@4613311f{HTTP/1.1,[http/1.1]}{0.0.0.0:0}
2019-09-27 10:01:16,953 [main] INFO  server.AbstractConnector (AbstractConnector.java:doStop(318)) - Stopped ServerConnector@1687eb01{HTTP/1.1,[http/1.1]}{0.0.0.0:0}
2019-09-27 10:01:16,953 [ForkJoinPool.commonPool-worker-0] INFO  handler.ContextHandler (ContextHandler.java:doStop(910)) - Stopped o.e.j.s.ServletContextHandler@6dcc40f5{/static,jar:file:/home/user/.m2/repository/org/apache/hadoop/hadoop-hdds-container-service/0.5.0-SNAPSHOT/hadoop-hdds-container-service-0.5.0-SNAPSHOT.jar!/webapps/static,UNAVAILABLE}
2019-09-27 10:01:16,953 [main] INFO  handler.ContextHandler (ContextHandler.java:doStop(910)) - Stopped o.e.j.s.ServletContextHandler@119aa36{/static,jar:file:/home/user/.m2/repository/org/apache/hadoop/hadoop-hdds-container-service/0.5.0-SNAPSHOT/hadoop-hdds-container-service-0.5.0-SNAPSHOT.jar!/webapps/static,UNAVAILABLE}
2019-09-27 10:01:16,955 [ForkJoinPool.commonPool-worker-0] INFO  handler.ContextHandler (ContextHandler.java:doStop(910)) - Stopped o.e.j.s.ServletContextHandler@40e37b06{/logs,file:///workdir/hadoop-ozone/integration-test/target/log,UNAVAILABLE}
2019-09-27 10:01:16,955 [main] INFO  handler.ContextHandler (ContextHandler.java:doStop(910)) - Stopped o.e.j.s.ServletContextHandler@54e2fe{/logs,file:///workdir/hadoop-ozone/integration-test/target/log,UNAVAILABLE}
2019-09-27 10:01:17,009 [Datanode State Machine Thread - 0] INFO  statemachine.DatanodeStateMachine (DatanodeStateMachine.java:lambda$startDaemon$0(350)) - Ozone container server started.
2019-09-27 10:01:17,556 [Datanode State Machine Thread - 0] INFO  statemachine.DatanodeStateMachine (DatanodeStateMachine.java:lambda$startDaemon$0(350)) - Ozone container server started.
2019-09-27 10:01:18,710 [Thread-315] INFO  impl.FollowerState (FollowerState.java:run(106)) - 5b3e2021-d7d4-4a5d-96a1-be67d08a7fc9:group-D8DB0446DA57 changes to CANDIDATE, lastRpcTime:8602, electionTimeout:5137ms
2019-09-27 10:01:18,711 [Thread-315] INFO  impl.RoleInfo (RoleInfo.java:shutdownFollowerState(121)) - 5b3e2021-d7d4-4a5d-96a1-be67d08a7fc9: shutdown FollowerState
2019-09-27 10:01:18,711 [Thread-315] INFO  impl.RaftServerImpl (RaftServerImpl.java:setRole(174)) - 5b3e2021-d7d4-4a5d-96a1-be67d08a7fc9@group-D8DB0446DA57: changes role from  FOLLOWER to CANDIDATE at term 1 for changeToCandidate
2019-09-27 10:01:18,711 [Thread-315] INFO  impl.RoleInfo (RoleInfo.java:updateAndGet(143)) - 5b3e2021-d7d4-4a5d-96a1-be67d08a7fc9: start LeaderElection
2019-09-27 10:01:18,714 [5b3e2021-d7d4-4a5d-96a1-be67d08a7fc9@group-D8DB0446DA57:LeaderElection12] INFO  impl.RaftServerImpl (ServerState.java:setLeader(253)) - 5b3e2021-d7d4-4a5d-96a1-be67d08a7fc9@group-D8DB0446DA57: change Leader from c7642098-e716-426b-bee3-02b0ecc21bb4 to null at term 1 for initElection
2019-09-27 10:01:18,740 [5b3e2021-d7d4-4a5d-96a1-be67d08a7fc9@group-D8DB0446DA57:LeaderElection12] INFO  impl.LeaderElection (LeaderElection.java:askForVotes(182)) - 5b3e2021-d7d4-4a5d-96a1-be67d08a7fc9@group-D8DB0446DA57:LeaderElection12: begin an election at term 2 for 0: [5b3e2021-d7d4-4a5d-96a1-be67d08a7fc9:192.168.151.103:44989, c7642098-e716-426b-bee3-02b0ecc21bb4:192.168.151.103:42518, 0bcfdd62-3878-4412-9a7b-270e304bd33f:192.168.151.103:38626], old=null
2019-09-27 10:01:18,749 [grpc-default-executor-3] INFO  impl.RaftServerImpl (ServerState.java:setLeader(253)) - 0bcfdd62-3878-4412-9a7b-270e304bd33f@group-D8DB0446DA57: change Leader from c7642098-e716-426b-bee3-02b0ecc21bb4 to null at term 2 for updateCurrentTerm
2019-09-27 10:01:18,749 [grpc-default-executor-3] INFO  impl.RaftServerImpl (RaftServerImpl.java:setRole(174)) - 0bcfdd62-3878-4412-9a7b-270e304bd33f@group-D8DB0446DA57: changes role from  FOLLOWER to FOLLOWER at term 2 for recognizeCandidate:5b3e2021-d7d4-4a5d-96a1-be67d08a7fc9
2019-09-27 10:01:18,749 [grpc-default-executor-3] INFO  impl.RoleInfo (RoleInfo.java:shutdownFollowerState(121)) - 0bcfdd62-3878-4412-9a7b-270e304bd33f: shutdown FollowerState
2019-09-27 10:01:18,750 [grpc-default-executor-3] INFO  impl.RoleInfo (RoleInfo.java:updateAndGet(143)) - 0bcfdd62-3878-4412-9a7b-270e304bd33f: start FollowerState
2019-09-27 10:01:18,750 [Thread-300] INFO  impl.FollowerState (FollowerState.java:run(115)) - 0bcfdd62-3878-4412-9a7b-270e304bd33f: FollowerState was interrupted: java.lang.InterruptedException: sleep interrupted
2019-09-27 10:01:18,764 [5b3e2021-d7d4-4a5d-96a1-be67d08a7fc9@group-D8DB0446DA57:LeaderElection12] INFO  impl.LeaderElection (LogUtils.java:infoOrTrace(149)) - 5b3e2021-d7d4-4a5d-96a1-be67d08a7fc9@group-D8DB0446DA57:LeaderElection12 got exception when requesting votes: {}
java.util.concurrent.ExecutionException: org.apache.ratis.thirdparty.io.grpc.StatusRuntimeException: UNAVAILABLE: io exception
	at java.util.concurrent.FutureTask.report(FutureTask.java:122)
	at java.util.concurrent.FutureTask.get(FutureTask.java:192)
	at org.apache.ratis.server.impl.LeaderElection.waitForResults(LeaderElection.java:263)
	at org.apache.ratis.server.impl.LeaderElection.askForVotes(LeaderElection.java:201)
	at org.apache.ratis.server.impl.LeaderElection.run(LeaderElection.java:133)
	at java.lang.Thread.run(Thread.java:748)
Caused by: org.apache.ratis.thirdparty.io.grpc.StatusRuntimeException: UNAVAILABLE: io exception
	at org.apache.ratis.thirdparty.io.grpc.stub.ClientCalls.toStatusRuntimeException(ClientCalls.java:233)
	at org.apache.ratis.thirdparty.io.grpc.stub.ClientCalls.getUnchecked(ClientCalls.java:214)
	at org.apache.ratis.thirdparty.io.grpc.stub.ClientCalls.blockingUnaryCall(ClientCalls.java:139)
	at org.apache.ratis.proto.grpc.RaftServerProtocolServiceGrpc$RaftServerProtocolServiceBlockingStub.requestVote(RaftServerProtocolServiceGrpc.java:265)
	at org.apache.ratis.grpc.server.GrpcServerProtocolClient.requestVote(GrpcServerProtocolClient.java:90)
	at org.apache.ratis.grpc.server.GrpcService.requestVote(GrpcService.java:204)
	at org.apache.ratis.server.impl.LeaderElection.lambda$submitRequests$1(LeaderElection.java:238)
	at java.util.concurrent.FutureTask.run(FutureTask.java:266)
	at java.util.concurrent.Executors$RunnableAdapter.call(Executors.java:511)
	at java.util.concurrent.FutureTask.run(FutureTask.java:266)
	at java.util.concurrent.ThreadPoolExecutor.runWorker(ThreadPoolExecutor.java:1149)
	at java.util.concurrent.ThreadPoolExecutor$Worker.run(ThreadPoolExecutor.java:624)
	... 1 more
Caused by: org.apache.ratis.thirdparty.io.netty.channel.AbstractChannel$AnnotatedConnectException: Connection refused: /192.168.151.103:42518
	at sun.nio.ch.SocketChannelImpl.checkConnect(Native Method)
	at sun.nio.ch.SocketChannelImpl.finishConnect(SocketChannelImpl.java:717)
	at org.apache.ratis.thirdparty.io.netty.channel.socket.nio.NioSocketChannel.doFinishConnect(NioSocketChannel.java:327)
	at org.apache.ratis.thirdparty.io.netty.channel.nio.AbstractNioChannel$AbstractNioUnsafe.finishConnect(AbstractNioChannel.java:340)
	at org.apache.ratis.thirdparty.io.netty.channel.nio.NioEventLoop.processSelectedKey(NioEventLoop.java:632)
	at org.apache.ratis.thirdparty.io.netty.channel.nio.NioEventLoop.processSelectedKeysOptimized(NioEventLoop.java:579)
	at org.apache.ratis.thirdparty.io.netty.channel.nio.NioEventLoop.processSelectedKeys(NioEventLoop.java:496)
	at org.apache.ratis.thirdparty.io.netty.channel.nio.NioEventLoop.run(NioEventLoop.java:458)
	at org.apache.ratis.thirdparty.io.netty.util.concurrent.SingleThreadEventExecutor$5.run(SingleThreadEventExecutor.java:897)
	at org.apache.ratis.thirdparty.io.netty.util.concurrent.FastThreadLocalRunnable.run(FastThreadLocalRunnable.java:30)
	... 1 more
Caused by: java.net.ConnectException: Connection refused
	... 11 more
2019-09-27 10:01:18,768 [5b3e2021-d7d4-4a5d-96a1-be67d08a7fc9@group-D8DB0446DA57:LeaderElection12] INFO  impl.LeaderElection (LeaderElection.java:logAndReturn(56)) - 5b3e2021-d7d4-4a5d-96a1-be67d08a7fc9@group-D8DB0446DA57:LeaderElection12: Election PASSED; received 1 response(s) [5b3e2021-d7d4-4a5d-96a1-be67d08a7fc9<-0bcfdd62-3878-4412-9a7b-270e304bd33f#0:OK-t2] and 1 exception(s); 5b3e2021-d7d4-4a5d-96a1-be67d08a7fc9@group-D8DB0446DA57:t2, leader=null, voted=5b3e2021-d7d4-4a5d-96a1-be67d08a7fc9, raftlog=5b3e2021-d7d4-4a5d-96a1-be67d08a7fc9@group-D8DB0446DA57-SegmentedRaftLog:OPENED:c0,f0,i0, conf=0: [5b3e2021-d7d4-4a5d-96a1-be67d08a7fc9:192.168.151.103:44989, c7642098-e716-426b-bee3-02b0ecc21bb4:192.168.151.103:42518, 0bcfdd62-3878-4412-9a7b-270e304bd33f:192.168.151.103:38626], old=null
2019-09-27 10:01:18,769 [5b3e2021-d7d4-4a5d-96a1-be67d08a7fc9@group-D8DB0446DA57:LeaderElection12] INFO  impl.LeaderElection (LogUtils.java:infoOrTrace(149)) -   Exception 0: {}
java.util.concurrent.ExecutionException: org.apache.ratis.thirdparty.io.grpc.StatusRuntimeException: UNAVAILABLE: io exception
	at java.util.concurrent.FutureTask.report(FutureTask.java:122)
	at java.util.concurrent.FutureTask.get(FutureTask.java:192)
	at org.apache.ratis.server.impl.LeaderElection.waitForResults(LeaderElection.java:263)
	at org.apache.ratis.server.impl.LeaderElection.askForVotes(LeaderElection.java:201)
	at org.apache.ratis.server.impl.LeaderElection.run(LeaderElection.java:133)
	at java.lang.Thread.run(Thread.java:748)
Caused by: org.apache.ratis.thirdparty.io.grpc.StatusRuntimeException: UNAVAILABLE: io exception
	at org.apache.ratis.thirdparty.io.grpc.stub.ClientCalls.toStatusRuntimeException(ClientCalls.java:233)
	at org.apache.ratis.thirdparty.io.grpc.stub.ClientCalls.getUnchecked(ClientCalls.java:214)
	at org.apache.ratis.thirdparty.io.grpc.stub.ClientCalls.blockingUnaryCall(ClientCalls.java:139)
	at org.apache.ratis.proto.grpc.RaftServerProtocolServiceGrpc$RaftServerProtocolServiceBlockingStub.requestVote(RaftServerProtocolServiceGrpc.java:265)
	at org.apache.ratis.grpc.server.GrpcServerProtocolClient.requestVote(GrpcServerProtocolClient.java:90)
	at org.apache.ratis.grpc.server.GrpcService.requestVote(GrpcService.java:204)
	at org.apache.ratis.server.impl.LeaderElection.lambda$submitRequests$1(LeaderElection.java:238)
	at java.util.concurrent.FutureTask.run(FutureTask.java:266)
	at java.util.concurrent.Executors$RunnableAdapter.call(Executors.java:511)
	at java.util.concurrent.FutureTask.run(FutureTask.java:266)
	at java.util.concurrent.ThreadPoolExecutor.runWorker(ThreadPoolExecutor.java:1149)
	at java.util.concurrent.ThreadPoolExecutor$Worker.run(ThreadPoolExecutor.java:624)
	... 1 more
Caused by: org.apache.ratis.thirdparty.io.netty.channel.AbstractChannel$AnnotatedConnectException: Connection refused: /192.168.151.103:42518
	at sun.nio.ch.SocketChannelImpl.checkConnect(Native Method)
	at sun.nio.ch.SocketChannelImpl.finishConnect(SocketChannelImpl.java:717)
	at org.apache.ratis.thirdparty.io.netty.channel.socket.nio.NioSocketChannel.doFinishConnect(NioSocketChannel.java:327)
	at org.apache.ratis.thirdparty.io.netty.channel.nio.AbstractNioChannel$AbstractNioUnsafe.finishConnect(AbstractNioChannel.java:340)
	at org.apache.ratis.thirdparty.io.netty.channel.nio.NioEventLoop.processSelectedKey(NioEventLoop.java:632)
	at org.apache.ratis.thirdparty.io.netty.channel.nio.NioEventLoop.processSelectedKeysOptimized(NioEventLoop.java:579)
	at org.apache.ratis.thirdparty.io.netty.channel.nio.NioEventLoop.processSelectedKeys(NioEventLoop.java:496)
	at org.apache.ratis.thirdparty.io.netty.channel.nio.NioEventLoop.run(NioEventLoop.java:458)
	at org.apache.ratis.thirdparty.io.netty.util.concurrent.SingleThreadEventExecutor$5.run(SingleThreadEventExecutor.java:897)
	at org.apache.ratis.thirdparty.io.netty.util.concurrent.FastThreadLocalRunnable.run(FastThreadLocalRunnable.java:30)
	... 1 more
Caused by: java.net.ConnectException: Connection refused
	... 11 more
2019-09-27 10:01:18,769 [5b3e2021-d7d4-4a5d-96a1-be67d08a7fc9@group-D8DB0446DA57:LeaderElection12] INFO  impl.RoleInfo (RoleInfo.java:shutdownLeaderElection(134)) - 5b3e2021-d7d4-4a5d-96a1-be67d08a7fc9: shutdown LeaderElection
2019-09-27 10:01:18,771 [5b3e2021-d7d4-4a5d-96a1-be67d08a7fc9@group-D8DB0446DA57:LeaderElection12] INFO  impl.RaftServerImpl (RaftServerImpl.java:setRole(174)) - 5b3e2021-d7d4-4a5d-96a1-be67d08a7fc9@group-D8DB0446DA57: changes role from CANDIDATE to LEADER at term 2 for changeToLeader
2019-09-27 10:01:18,771 [5b3e2021-d7d4-4a5d-96a1-be67d08a7fc9@group-D8DB0446DA57:LeaderElection12] INFO  impl.RaftServerImpl (ServerState.java:setLeader(253)) - 5b3e2021-d7d4-4a5d-96a1-be67d08a7fc9@group-D8DB0446DA57: change Leader from null to 5b3e2021-d7d4-4a5d-96a1-be67d08a7fc9 at term 2 for becomeLeader, leader elected after 57ms
2019-09-27 10:01:18,771 [5b3e2021-d7d4-4a5d-96a1-be67d08a7fc9@group-D8DB0446DA57:LeaderElection12] INFO  server.RaftServerConfigKeys (ConfUtils.java:logGet(43)) - raft.server.staging.catchup.gap = 1000 (default)
2019-09-27 10:01:18,771 [5b3e2021-d7d4-4a5d-96a1-be67d08a7fc9@group-D8DB0446DA57:LeaderElection12] INFO  server.RaftServerConfigKeys (ConfUtils.java:logGet(43)) - raft.server.rpc.sleep.time = 25ms (default)
2019-09-27 10:01:18,772 [5b3e2021-d7d4-4a5d-96a1-be67d08a7fc9@group-D8DB0446DA57:LeaderElection12] INFO  server.RaftServerConfigKeys (ConfUtils.java:logGet(43)) - raft.server.write.element-limit = 4096 (default)
2019-09-27 10:01:18,772 [5b3e2021-d7d4-4a5d-96a1-be67d08a7fc9@group-D8DB0446DA57:LeaderElection12] INFO  server.RaftServerConfigKeys (ConfUtils.java:logGet(43)) - raft.server.watch.timeout = 10s (default)
2019-09-27 10:01:18,772 [5b3e2021-d7d4-4a5d-96a1-be67d08a7fc9@group-D8DB0446DA57:LeaderElection12] INFO  server.RaftServerConfigKeys (ConfUtils.java:logGet(43)) - raft.server.watch.timeout.denomination = 1s (default)
2019-09-27 10:01:18,772 [5b3e2021-d7d4-4a5d-96a1-be67d08a7fc9@group-D8DB0446DA57:LeaderElection12] INFO  server.RaftServerConfigKeys (ConfUtils.java:logGet(43)) - raft.server.watch.element-limit = 65536 (default)
2019-09-27 10:01:18,776 [5b3e2021-d7d4-4a5d-96a1-be67d08a7fc9@group-D8DB0446DA57:LeaderElection12] INFO  server.RaftServerConfigKeys (ConfUtils.java:logGet(43)) - raft.server.log.appender.snapshot.chunk.size.max = 16MB (=16777216) (default)
2019-09-27 10:01:18,776 [5b3e2021-d7d4-4a5d-96a1-be67d08a7fc9@group-D8DB0446DA57:LeaderElection12] INFO  server.RaftServerConfigKeys (ConfUtils.java:logGet(43)) - raft.server.log.appender.buffer.byte-limit = 33554432 (custom)
2019-09-27 10:01:18,776 [5b3e2021-d7d4-4a5d-96a1-be67d08a7fc9@group-D8DB0446DA57:LeaderElection12] INFO  server.RaftServerConfigKeys (ConfUtils.java:logGet(43)) - raft.server.log.appender.buffer.element-limit = 1 (custom)
2019-09-27 10:01:18,776 [5b3e2021-d7d4-4a5d-96a1-be67d08a7fc9@group-D8DB0446DA57:LeaderElection12] INFO  grpc.GrpcConfigKeys$Server (ConfUtils.java:logGet(43)) - raft.grpc.server.leader.outstanding.appends.max = 128 (default)
2019-09-27 10:01:18,777 [5b3e2021-d7d4-4a5d-96a1-be67d08a7fc9@group-D8DB0446DA57:LeaderElection12] INFO  server.RaftServerConfigKeys (ConfUtils.java:logGet(43)) - raft.server.rpc.request.timeout = 3000ms (default)
2019-09-27 10:01:18,777 [5b3e2021-d7d4-4a5d-96a1-be67d08a7fc9@group-D8DB0446DA57:LeaderElection12] INFO  server.RaftServerConfigKeys (ConfUtils.java:logGet(43)) - raft.server.log.appender.install.snapshot.enabled = false (custom)
2019-09-27 10:01:18,777 [5b3e2021-d7d4-4a5d-96a1-be67d08a7fc9@group-D8DB0446DA57:LeaderElection12] INFO  server.RaftServerConfigKeys (ConfUtils.java:logGet(43)) - raft.server.log.appender.snapshot.chunk.size.max = 16MB (=16777216) (default)
2019-09-27 10:01:18,777 [5b3e2021-d7d4-4a5d-96a1-be67d08a7fc9@group-D8DB0446DA57:LeaderElection12] INFO  server.RaftServerConfigKeys (ConfUtils.java:logGet(43)) - raft.server.log.appender.buffer.byte-limit = 33554432 (custom)
2019-09-27 10:01:18,777 [5b3e2021-d7d4-4a5d-96a1-be67d08a7fc9@group-D8DB0446DA57:LeaderElection12] INFO  server.RaftServerConfigKeys (ConfUtils.java:logGet(43)) - raft.server.log.appender.buffer.element-limit = 1 (custom)
2019-09-27 10:01:18,778 [5b3e2021-d7d4-4a5d-96a1-be67d08a7fc9@group-D8DB0446DA57:LeaderElection12] INFO  grpc.GrpcConfigKeys$Server (ConfUtils.java:logGet(43)) - raft.grpc.server.leader.outstanding.appends.max = 128 (default)
2019-09-27 10:01:18,778 [5b3e2021-d7d4-4a5d-96a1-be67d08a7fc9@group-D8DB0446DA57:LeaderElection12] INFO  server.RaftServerConfigKeys (ConfUtils.java:logGet(43)) - raft.server.rpc.request.timeout = 3000ms (default)
2019-09-27 10:01:18,778 [5b3e2021-d7d4-4a5d-96a1-be67d08a7fc9@group-D8DB0446DA57:LeaderElection12] INFO  server.RaftServerConfigKeys (ConfUtils.java:logGet(43)) - raft.server.log.appender.install.snapshot.enabled = false (custom)
2019-09-27 10:01:18,778 [5b3e2021-d7d4-4a5d-96a1-be67d08a7fc9@group-D8DB0446DA57:LeaderElection12] INFO  impl.RoleInfo (RoleInfo.java:updateAndGet(143)) - 5b3e2021-d7d4-4a5d-96a1-be67d08a7fc9: start LeaderState
2019-09-27 10:01:18,779 [5b3e2021-d7d4-4a5d-96a1-be67d08a7fc9@group-D8DB0446DA57:LeaderElection12] INFO  segmented.SegmentedRaftLogWorker (SegmentedRaftLogWorker.java:rollLogSegment(385)) - 5b3e2021-d7d4-4a5d-96a1-be67d08a7fc9@group-D8DB0446DA57-SegmentedRaftLogWorker: Rolling segment log-0_0 to index:0
2019-09-27 10:01:18,782 [5b3e2021-d7d4-4a5d-96a1-be67d08a7fc9@group-D8DB0446DA57-SegmentedRaftLogWorker] INFO  segmented.SegmentedRaftLogWorker (SegmentedRaftLogWorker.java:execute(526)) - 5b3e2021-d7d4-4a5d-96a1-be67d08a7fc9@group-D8DB0446DA57-SegmentedRaftLogWorker: Rolled log segment from /workdir/hadoop-ozone/integration-test/target/test-dir/MiniOzoneClusterImpl-f97b6056-80ca-4d0a-8f3e-89a36336af0c/datanode-6/data/ratis/a9ba8f03-11a0-4b65-976c-d8db0446da57/current/log_inprogress_0 to /workdir/hadoop-ozone/integration-test/target/test-dir/MiniOzoneClusterImpl-f97b6056-80ca-4d0a-8f3e-89a36336af0c/datanode-6/data/ratis/a9ba8f03-11a0-4b65-976c-d8db0446da57/current/log_0-0
2019-09-27 10:01:18,786 [5b3e2021-d7d4-4a5d-96a1-be67d08a7fc9@group-D8DB0446DA57:LeaderElection12] INFO  impl.RaftServerImpl (ServerState.java:setRaftConf(354)) - 5b3e2021-d7d4-4a5d-96a1-be67d08a7fc9@group-D8DB0446DA57: set configuration 1: [5b3e2021-d7d4-4a5d-96a1-be67d08a7fc9:192.168.151.103:44989, c7642098-e716-426b-bee3-02b0ecc21bb4:192.168.151.103:42518, 0bcfdd62-3878-4412-9a7b-270e304bd33f:192.168.151.103:38626], old=null at 1
2019-09-27 10:01:18,826 [grpc-default-executor-3] WARN  server.GrpcLogAppender (LogUtils.java:warn(134)) - 5b3e2021-d7d4-4a5d-96a1-be67d08a7fc9@group-D8DB0446DA57->c7642098-e716-426b-bee3-02b0ecc21bb4-AppendLogResponseHandler: Failed appendEntries: org.apache.ratis.thirdparty.io.grpc.StatusRuntimeException: UNAVAILABLE: io exception
2019-09-27 10:01:18,830 [grpc-default-executor-3] INFO  impl.FollowerInfo (FollowerInfo.java:lambda$new$0(51)) - 5b3e2021-d7d4-4a5d-96a1-be67d08a7fc9@group-D8DB0446DA57->c7642098-e716-426b-bee3-02b0ecc21bb4: nextIndex: updateUnconditionally 1 -> 0
2019-09-27 10:01:18,830 [grpc-default-executor-4] INFO  impl.RaftServerImpl (ServerState.java:setLeader(253)) - 0bcfdd62-3878-4412-9a7b-270e304bd33f@group-D8DB0446DA57: change Leader from null to 5b3e2021-d7d4-4a5d-96a1-be67d08a7fc9 at term 2 for appendEntries, leader elected after 81ms
2019-09-27 10:01:18,837 [grpc-default-executor-4] INFO  impl.RaftServerImpl (ServerState.java:setRaftConf(354)) - 0bcfdd62-3878-4412-9a7b-270e304bd33f@group-D8DB0446DA57: set configuration 1: [5b3e2021-d7d4-4a5d-96a1-be67d08a7fc9:192.168.151.103:44989, c7642098-e716-426b-bee3-02b0ecc21bb4:192.168.151.103:42518, 0bcfdd62-3878-4412-9a7b-270e304bd33f:192.168.151.103:38626], old=null at 1
2019-09-27 10:01:18,837 [grpc-default-executor-4] INFO  segmented.SegmentedRaftLogWorker (SegmentedRaftLogWorker.java:rollLogSegment(385)) - 0bcfdd62-3878-4412-9a7b-270e304bd33f@group-D8DB0446DA57-SegmentedRaftLogWorker: Rolling segment log-0_0 to index:0
2019-09-27 10:01:18,850 [0bcfdd62-3878-4412-9a7b-270e304bd33f@group-D8DB0446DA57-SegmentedRaftLogWorker] INFO  segmented.SegmentedRaftLogWorker (SegmentedRaftLogWorker.java:execute(526)) - 0bcfdd62-3878-4412-9a7b-270e304bd33f@group-D8DB0446DA57-SegmentedRaftLogWorker: Rolled log segment from /workdir/hadoop-ozone/integration-test/target/test-dir/MiniOzoneClusterImpl-f97b6056-80ca-4d0a-8f3e-89a36336af0c/datanode-0/data/ratis/a9ba8f03-11a0-4b65-976c-d8db0446da57/current/log_inprogress_0 to /workdir/hadoop-ozone/integration-test/target/test-dir/MiniOzoneClusterImpl-f97b6056-80ca-4d0a-8f3e-89a36336af0c/datanode-0/data/ratis/a9ba8f03-11a0-4b65-976c-d8db0446da57/current/log_0-0
2019-09-27 10:01:18,850 [5b3e2021-d7d4-4a5d-96a1-be67d08a7fc9@group-D8DB0446DA57-SegmentedRaftLogWorker] INFO  segmented.SegmentedRaftLogWorker (SegmentedRaftLogWorker.java:execute(569)) - 5b3e2021-d7d4-4a5d-96a1-be67d08a7fc9@group-D8DB0446DA57-SegmentedRaftLogWorker: created new log segment /workdir/hadoop-ozone/integration-test/target/test-dir/MiniOzoneClusterImpl-f97b6056-80ca-4d0a-8f3e-89a36336af0c/datanode-6/data/ratis/a9ba8f03-11a0-4b65-976c-d8db0446da57/current/log_inprogress_1
2019-09-27 10:01:18,900 [0bcfdd62-3878-4412-9a7b-270e304bd33f@group-D8DB0446DA57-SegmentedRaftLogWorker] INFO  segmented.SegmentedRaftLogWorker (SegmentedRaftLogWorker.java:execute(569)) - 0bcfdd62-3878-4412-9a7b-270e304bd33f@group-D8DB0446DA57-SegmentedRaftLogWorker: created new log segment /workdir/hadoop-ozone/integration-test/target/test-dir/MiniOzoneClusterImpl-f97b6056-80ca-4d0a-8f3e-89a36336af0c/datanode-0/data/ratis/a9ba8f03-11a0-4b65-976c-d8db0446da57/current/log_inprogress_1
2019-09-27 10:01:18,935 [grpc-default-executor-1] WARN  server.GrpcLogAppender (LogUtils.java:warn(134)) - 5b3e2021-d7d4-4a5d-96a1-be67d08a7fc9@group-D8DB0446DA57->c7642098-e716-426b-bee3-02b0ecc21bb4-AppendLogResponseHandler: Failed appendEntries: org.apache.ratis.thirdparty.io.grpc.StatusRuntimeException: UNAVAILABLE: io exception
2019-09-27 10:01:18,937 [grpc-default-executor-1] INFO  impl.FollowerInfo (FollowerInfo.java:lambda$new$0(51)) - 5b3e2021-d7d4-4a5d-96a1-be67d08a7fc9@group-D8DB0446DA57->c7642098-e716-426b-bee3-02b0ecc21bb4: nextIndex: updateUnconditionally 1 -> 0
2019-09-27 10:01:18,943 [grpc-default-executor-3] WARN  server.GrpcLogAppender (LogUtils.java:warn(134)) - 5b3e2021-d7d4-4a5d-96a1-be67d08a7fc9@group-D8DB0446DA57->c7642098-e716-426b-bee3-02b0ecc21bb4-AppendLogResponseHandler: Failed appendEntries: org.apache.ratis.thirdparty.io.grpc.StatusRuntimeException: UNAVAILABLE: io exception
2019-09-27 10:01:18,945 [grpc-default-executor-3] INFO  impl.FollowerInfo (FollowerInfo.java:lambda$new$0(51)) - 5b3e2021-d7d4-4a5d-96a1-be67d08a7fc9@group-D8DB0446DA57->c7642098-e716-426b-bee3-02b0ecc21bb4: nextIndex: updateUnconditionally 1 -> 0
2019-09-27 10:01:21,447 [grpc-default-executor-4] WARN  server.GrpcLogAppender (LogUtils.java:warn(134)) - 5b3e2021-d7d4-4a5d-96a1-be67d08a7fc9@group-D8DB0446DA57->c7642098-e716-426b-bee3-02b0ecc21bb4-AppendLogResponseHandler: Failed appendEntries: org.apache.ratis.thirdparty.io.grpc.StatusRuntimeException: UNAVAILABLE: io exception
2019-09-27 10:01:21,450 [grpc-default-executor-4] INFO  impl.FollowerInfo (FollowerInfo.java:lambda$new$0(51)) - 5b3e2021-d7d4-4a5d-96a1-be67d08a7fc9@group-D8DB0446DA57->c7642098-e716-426b-bee3-02b0ecc21bb4: nextIndex: updateUnconditionally 0 -> 0
2019-09-27 10:01:21,957 [ForkJoinPool.commonPool-worker-0] INFO  ozoneimpl.OzoneContainer (OzoneContainer.java:stop(231)) - Attempting to stop container services.
2019-09-27 10:01:21,958 [main] INFO  ozoneimpl.OzoneContainer (OzoneContainer.java:stop(231)) - Attempting to stop container services.
2019-09-27 10:01:21,958 [ForkJoinPool.commonPool-worker-0] INFO  impl.RaftServerProxy (RaftServerProxy.java:lambda$close$4(314)) - 0bcfdd62-3878-4412-9a7b-270e304bd33f: close
2019-09-27 10:01:21,958 [main] INFO  impl.RaftServerProxy (RaftServerProxy.java:lambda$close$4(314)) - 5b3e2021-d7d4-4a5d-96a1-be67d08a7fc9: close
2019-09-27 10:01:21,959 [ForkJoinPool.commonPool-worker-0] INFO  impl.RaftServerImpl (RaftServerImpl.java:lambda$shutdown$3(251)) - 0bcfdd62-3878-4412-9a7b-270e304bd33f@group-D8DB0446DA57: shutdown
2019-09-27 10:01:21,959 [main] INFO  impl.RaftServerImpl (RaftServerImpl.java:lambda$shutdown$3(251)) - 5b3e2021-d7d4-4a5d-96a1-be67d08a7fc9@group-CF45BF6ABD5A: shutdown
2019-09-27 10:01:21,959 [ForkJoinPool.commonPool-worker-0] INFO  util.JmxRegister (JmxRegister.java:unregister(73)) - Successfully un-registered JMX Bean with object name Ratis:service=RaftServer,group=group-D8DB0446DA57,id=0bcfdd62-3878-4412-9a7b-270e304bd33f
2019-09-27 10:01:21,960 [main] INFO  util.JmxRegister (JmxRegister.java:unregister(73)) - Successfully un-registered JMX Bean with object name Ratis:service=RaftServer,group=group-CF45BF6ABD5A,id=5b3e2021-d7d4-4a5d-96a1-be67d08a7fc9
2019-09-27 10:01:21,960 [ForkJoinPool.commonPool-worker-0] INFO  impl.RoleInfo (RoleInfo.java:shutdownFollowerState(121)) - 0bcfdd62-3878-4412-9a7b-270e304bd33f: shutdown FollowerState
2019-09-27 10:01:21,961 [main] INFO  impl.RoleInfo (RoleInfo.java:shutdownLeaderState(104)) - 5b3e2021-d7d4-4a5d-96a1-be67d08a7fc9: shutdown LeaderState
2019-09-27 10:01:21,961 [Thread-526] INFO  impl.FollowerState (FollowerState.java:run(115)) - 0bcfdd62-3878-4412-9a7b-270e304bd33f: FollowerState was interrupted: java.lang.InterruptedException: sleep interrupted
2019-09-27 10:01:21,961 [ForkJoinPool.commonPool-worker-0] INFO  impl.StateMachineUpdater (StateMachineUpdater.java:stopAndJoin(125)) - 0bcfdd62-3878-4412-9a7b-270e304bd33f@group-D8DB0446DA57-StateMachineUpdater: set stopIndex = 2
2019-09-27 10:01:21,964 [ForkJoinPool.commonPool-worker-0] INFO  impl.RaftServerImpl (ServerState.java:close(385)) - 0bcfdd62-3878-4412-9a7b-270e304bd33f@group-D8DB0446DA57: closes. applyIndex: 2
2019-09-27 10:01:21,962 [main] INFO  impl.PendingRequests (PendingRequests.java:sendNotLeaderResponses(202)) - 5b3e2021-d7d4-4a5d-96a1-be67d08a7fc9-PendingRequests: sendNotLeaderResponses
2019-09-27 10:01:21,965 [0bcfdd62-3878-4412-9a7b-270e304bd33f@group-D8DB0446DA57-SegmentedRaftLogWorker] INFO  segmented.SegmentedRaftLogWorker (SegmentedRaftLogWorker.java:run(313)) - 0bcfdd62-3878-4412-9a7b-270e304bd33f@group-D8DB0446DA57-SegmentedRaftLogWorker was interrupted, exiting. There are 0 tasks remaining in the queue.
2019-09-27 10:01:21,965 [main] INFO  impl.StateMachineUpdater (StateMachineUpdater.java:stopAndJoin(125)) - 5b3e2021-d7d4-4a5d-96a1-be67d08a7fc9@group-CF45BF6ABD5A-StateMachineUpdater: set stopIndex = 0
2019-09-27 10:01:21,967 [ForkJoinPool.commonPool-worker-0] INFO  segmented.SegmentedRaftLogWorker (SegmentedRaftLogWorker.java:close(228)) - 0bcfdd62-3878-4412-9a7b-270e304bd33f@group-D8DB0446DA57-SegmentedRaftLogWorker close()
2019-09-27 10:01:21,968 [main] INFO  impl.RaftServerImpl (ServerState.java:close(385)) - 5b3e2021-d7d4-4a5d-96a1-be67d08a7fc9@group-CF45BF6ABD5A: closes. applyIndex: 0
2019-09-27 10:01:21,971 [ForkJoinPool.commonPool-worker-0] INFO  impl.RaftServerImpl (RaftServerImpl.java:lambda$shutdown$3(251)) - 0bcfdd62-3878-4412-9a7b-270e304bd33f@group-4CC59DA26929: shutdown
2019-09-27 10:01:21,971 [5b3e2021-d7d4-4a5d-96a1-be67d08a7fc9@group-CF45BF6ABD5A-SegmentedRaftLogWorker] INFO  segmented.SegmentedRaftLogWorker (SegmentedRaftLogWorker.java:run(313)) - 5b3e2021-d7d4-4a5d-96a1-be67d08a7fc9@group-CF45BF6ABD5A-SegmentedRaftLogWorker was interrupted, exiting. There are 0 tasks remaining in the queue.
2019-09-27 10:01:21,972 [ForkJoinPool.commonPool-worker-0] INFO  util.JmxRegister (JmxRegister.java:unregister(73)) - Successfully un-registered JMX Bean with object name Ratis:service=RaftServer,group=group-4CC59DA26929,id=0bcfdd62-3878-4412-9a7b-270e304bd33f
2019-09-27 10:01:21,973 [main] INFO  segmented.SegmentedRaftLogWorker (SegmentedRaftLogWorker.java:close(228)) - 5b3e2021-d7d4-4a5d-96a1-be67d08a7fc9@group-CF45BF6ABD5A-SegmentedRaftLogWorker close()
2019-09-27 10:01:21,973 [ForkJoinPool.commonPool-worker-0] INFO  impl.RoleInfo (RoleInfo.java:shutdownLeaderState(104)) - 0bcfdd62-3878-4412-9a7b-270e304bd33f: shutdown LeaderState
2019-09-27 10:01:21,981 [main] INFO  impl.RaftServerImpl (RaftServerImpl.java:lambda$shutdown$3(251)) - 5b3e2021-d7d4-4a5d-96a1-be67d08a7fc9@group-D8DB0446DA57: shutdown
2019-09-27 10:01:21,981 [ForkJoinPool.commonPool-worker-0] INFO  impl.PendingRequests (PendingRequests.java:sendNotLeaderResponses(202)) - 0bcfdd62-3878-4412-9a7b-270e304bd33f-PendingRequests: sendNotLeaderResponses
2019-09-27 10:01:21,982 [main] INFO  util.JmxRegister (JmxRegister.java:unregister(73)) - Successfully un-registered JMX Bean with object name Ratis:service=RaftServer,group=group-D8DB0446DA57,id=5b3e2021-d7d4-4a5d-96a1-be67d08a7fc9
2019-09-27 10:01:21,982 [ForkJoinPool.commonPool-worker-0] INFO  impl.StateMachineUpdater (StateMachineUpdater.java:stopAndJoin(125)) - 0bcfdd62-3878-4412-9a7b-270e304bd33f@group-4CC59DA26929-StateMachineUpdater: set stopIndex = 0
2019-09-27 10:01:21,982 [main] INFO  impl.RoleInfo (RoleInfo.java:shutdownLeaderState(104)) - 5b3e2021-d7d4-4a5d-96a1-be67d08a7fc9: shutdown LeaderState
2019-09-27 10:01:21,983 [ForkJoinPool.commonPool-worker-0] INFO  impl.RaftServerImpl (ServerState.java:close(385)) - 0bcfdd62-3878-4412-9a7b-270e304bd33f@group-4CC59DA26929: closes. applyIndex: 0
2019-09-27 10:01:21,986 [org.apache.ratis.server.impl.LogAppender$AppenderDaemon$$Lambda$393/1281863639@6e781730] WARN  server.GrpcLogAppender (GrpcLogAppender.java:mayWait(143)) - 5b3e2021-d7d4-4a5d-96a1-be67d08a7fc9@group-D8DB0446DA57->c7642098-e716-426b-bee3-02b0ecc21bb4-GrpcLogAppender: Wait interrupted by java.lang.InterruptedException
2019-09-27 10:01:21,986 [org.apache.ratis.server.impl.LogAppender$AppenderDaemon$$Lambda$393/1281863639@527294ef] WARN  server.GrpcLogAppender (GrpcLogAppender.java:mayWait(143)) - 5b3e2021-d7d4-4a5d-96a1-be67d08a7fc9@group-D8DB0446DA57->0bcfdd62-3878-4412-9a7b-270e304bd33f-GrpcLogAppender: Wait interrupted by java.lang.InterruptedException
2019-09-27 10:01:21,986 [main] INFO  impl.PendingRequests (PendingRequests.java:sendNotLeaderResponses(202)) - 5b3e2021-d7d4-4a5d-96a1-be67d08a7fc9-PendingRequests: sendNotLeaderResponses
2019-09-27 10:01:21,986 [0bcfdd62-3878-4412-9a7b-270e304bd33f@group-4CC59DA26929-SegmentedRaftLogWorker] INFO  segmented.SegmentedRaftLogWorker (SegmentedRaftLogWorker.java:run(313)) - 0bcfdd62-3878-4412-9a7b-270e304bd33f@group-4CC59DA26929-SegmentedRaftLogWorker was interrupted, exiting. There are 0 tasks remaining in the queue.
2019-09-27 10:01:21,991 [main] INFO  impl.StateMachineUpdater (StateMachineUpdater.java:stopAndJoin(125)) - 5b3e2021-d7d4-4a5d-96a1-be67d08a7fc9@group-D8DB0446DA57-StateMachineUpdater: set stopIndex = 2
2019-09-27 10:01:21,992 [ForkJoinPool.commonPool-worker-0] INFO  segmented.SegmentedRaftLogWorker (SegmentedRaftLogWorker.java:close(228)) - 0bcfdd62-3878-4412-9a7b-270e304bd33f@group-4CC59DA26929-SegmentedRaftLogWorker close()
2019-09-27 10:01:21,992 [grpc-default-executor-4] INFO  server.GrpcServerProtocolService (GrpcServerProtocolService.java:onCompleted(113)) - 0bcfdd62-3878-4412-9a7b-270e304bd33f: Completed APPEND_ENTRIES, lastRequest: 5b3e2021-d7d4-4a5d-96a1-be67d08a7fc9->0bcfdd62-3878-4412-9a7b-270e304bd33f#3-t2, previous=(t:2, i:2), leaderCommit=2, initializing? false, entries: <empty>
2019-09-27 10:01:21,992 [main] INFO  impl.RaftServerImpl (ServerState.java:close(385)) - 5b3e2021-d7d4-4a5d-96a1-be67d08a7fc9@group-D8DB0446DA57: closes. applyIndex: 2
2019-09-27 10:01:21,994 [ForkJoinPool.commonPool-worker-0] INFO  server.GrpcService (GrpcService.java:closeImpl(164)) - 0bcfdd62-3878-4412-9a7b-270e304bd33f: shutdown server with port 38626 now
2019-09-27 10:01:21,994 [5b3e2021-d7d4-4a5d-96a1-be67d08a7fc9@group-D8DB0446DA57-SegmentedRaftLogWorker] INFO  segmented.SegmentedRaftLogWorker (SegmentedRaftLogWorker.java:run(313)) - 5b3e2021-d7d4-4a5d-96a1-be67d08a7fc9@group-D8DB0446DA57-SegmentedRaftLogWorker was interrupted, exiting. There are 0 tasks remaining in the queue.
2019-09-27 10:01:21,995 [main] INFO  segmented.SegmentedRaftLogWorker (SegmentedRaftLogWorker.java:close(228)) - 5b3e2021-d7d4-4a5d-96a1-be67d08a7fc9@group-D8DB0446DA57-SegmentedRaftLogWorker close()
2019-09-27 10:01:21,995 [grpc-default-executor-4] INFO  server.GrpcLogAppender (GrpcLogAppender.java:onCompleted(293)) - 5b3e2021-d7d4-4a5d-96a1-be67d08a7fc9@group-D8DB0446DA57->0bcfdd62-3878-4412-9a7b-270e304bd33f-AppendLogResponseHandler: follower responses appendEntries COMPLETED
2019-09-27 10:01:21,997 [ForkJoinPool.commonPool-worker-0] INFO  server.GrpcService (GrpcService.java:closeImpl(172)) - 0bcfdd62-3878-4412-9a7b-270e304bd33f: shutdown server with port 38626 successfully
2019-09-27 10:01:21,998 [grpc-default-executor-4] INFO  impl.FollowerInfo (FollowerInfo.java:lambda$new$0(51)) - 5b3e2021-d7d4-4a5d-96a1-be67d08a7fc9@group-D8DB0446DA57->0bcfdd62-3878-4412-9a7b-270e304bd33f: nextIndex: updateUnconditionally 3 -> 2
2019-09-27 10:01:21,997 [main] INFO  server.GrpcService (GrpcService.java:closeImpl(164)) - 5b3e2021-d7d4-4a5d-96a1-be67d08a7fc9: shutdown server with port 44989 now
2019-09-27 10:01:22,001 [main] INFO  server.GrpcService (GrpcService.java:closeImpl(172)) - 5b3e2021-d7d4-4a5d-96a1-be67d08a7fc9: shutdown server with port 44989 successfully
2019-09-27 10:01:22,012 [refreshUsed-/workdir/hadoop-ozone/integration-test/target/test-dir/MiniOzoneClusterImpl-f97b6056-80ca-4d0a-8f3e-89a36336af0c/datanode-0/data/containers] WARN  fs.CachingGetSpaceUsed (CachingGetSpaceUsed.java:run(183)) - Thread Interrupted waiting to refresh disk information: sleep interrupted
2019-09-27 10:01:22,016 [refreshUsed-/workdir/hadoop-ozone/integration-test/target/test-dir/MiniOzoneClusterImpl-f97b6056-80ca-4d0a-8f3e-89a36336af0c/datanode-6/data/containers] WARN  fs.CachingGetSpaceUsed (CachingGetSpaceUsed.java:run(183)) - Thread Interrupted waiting to refresh disk information: sleep interrupted
2019-09-27 10:01:22,031 [main] INFO  utils.BackgroundService (BackgroundService.java:shutdown(148)) - Shutting down service BlockDeletingService
2019-09-27 10:01:22,035 [main] INFO  statemachine.DatanodeStateMachine (DatanodeStateMachine.java:stopDaemon(395)) - Ozone container server stopped.
2019-09-27 10:01:22,036 [main] INFO  handler.ContextHandler (ContextHandler.java:doStop(910)) - Stopped o.e.j.w.WebAppContext@3c74aa0d{/,null,UNAVAILABLE}{/hddsDatanode}
2019-09-27 10:01:22,036 [ForkJoinPool.commonPool-worker-0] INFO  utils.BackgroundService (BackgroundService.java:shutdown(148)) - Shutting down service BlockDeletingService
2019-09-27 10:01:22,037 [main] INFO  server.AbstractConnector (AbstractConnector.java:doStop(318)) - Stopped ServerConnector@6c841199{HTTP/1.1,[http/1.1]}{0.0.0.0:0}
2019-09-27 10:01:22,039 [ForkJoinPool.commonPool-worker-0] INFO  statemachine.DatanodeStateMachine (DatanodeStateMachine.java:stopDaemon(395)) - Ozone container server stopped.
2019-09-27 10:01:22,039 [main] INFO  handler.ContextHandler (ContextHandler.java:doStop(910)) - Stopped o.e.j.s.ServletContextHandler@7dbe2ebf{/static,jar:file:/home/user/.m2/repository/org/apache/hadoop/hadoop-hdds-container-service/0.5.0-SNAPSHOT/hadoop-hdds-container-service-0.5.0-SNAPSHOT.jar!/webapps/static,UNAVAILABLE}
2019-09-27 10:01:22,042 [main] INFO  handler.ContextHandler (ContextHandler.java:doStop(910)) - Stopped o.e.j.s.ServletContextHandler@58434b19{/logs,file:///workdir/hadoop-ozone/integration-test/target/log,UNAVAILABLE}
2019-09-27 10:01:22,043 [ForkJoinPool.commonPool-worker-0] INFO  handler.ContextHandler (ContextHandler.java:doStop(910)) - Stopped o.e.j.w.WebAppContext@68a4dcc6{/,null,UNAVAILABLE}{/hddsDatanode}
2019-09-27 10:01:22,044 [ForkJoinPool.commonPool-worker-0] INFO  server.AbstractConnector (AbstractConnector.java:doStop(318)) - Stopped ServerConnector@646c0a67{HTTP/1.1,[http/1.1]}{0.0.0.0:0}
2019-09-27 10:01:22,045 [ForkJoinPool.commonPool-worker-0] INFO  handler.ContextHandler (ContextHandler.java:doStop(910)) - Stopped o.e.j.s.ServletContextHandler@63c12e52{/static,jar:file:/home/user/.m2/repository/org/apache/hadoop/hadoop-hdds-container-service/0.5.0-SNAPSHOT/hadoop-hdds-container-service-0.5.0-SNAPSHOT.jar!/webapps/static,UNAVAILABLE}
2019-09-27 10:01:22,046 [ForkJoinPool.commonPool-worker-0] INFO  handler.ContextHandler (ContextHandler.java:doStop(910)) - Stopped o.e.j.s.ServletContextHandler@75ae4a1f{/logs,file:///workdir/hadoop-ozone/integration-test/target/log,UNAVAILABLE}
2019-09-27 10:01:22,938 [Datanode State Machine Thread - 0] INFO  statemachine.DatanodeStateMachine (DatanodeStateMachine.java:lambda$startDaemon$0(350)) - Ozone container server started.
2019-09-27 10:01:27,044 [main] INFO  ozoneimpl.OzoneContainer (OzoneContainer.java:stop(231)) - Attempting to stop container services.
2019-09-27 10:01:27,045 [main] INFO  impl.RaftServerProxy (RaftServerProxy.java:lambda$close$4(314)) - 7073ba57-90fa-45e1-a6d3-87c26f71d023: close
2019-09-27 10:01:27,045 [main] INFO  impl.RaftServerImpl (RaftServerImpl.java:lambda$shutdown$3(251)) - 7073ba57-90fa-45e1-a6d3-87c26f71d023@group-9A8E60456C72: shutdown
2019-09-27 10:01:27,046 [main] INFO  util.JmxRegister (JmxRegister.java:unregister(73)) - Successfully un-registered JMX Bean with object name Ratis:service=RaftServer,group=group-9A8E60456C72,id=7073ba57-90fa-45e1-a6d3-87c26f71d023
2019-09-27 10:01:27,046 [main] INFO  impl.RoleInfo (RoleInfo.java:shutdownLeaderState(104)) - 7073ba57-90fa-45e1-a6d3-87c26f71d023: shutdown LeaderState
2019-09-27 10:01:27,047 [main] INFO  impl.PendingRequests (PendingRequests.java:sendNotLeaderResponses(202)) - 7073ba57-90fa-45e1-a6d3-87c26f71d023-PendingRequests: sendNotLeaderResponses
2019-09-27 10:01:27,047 [main] INFO  impl.StateMachineUpdater (StateMachineUpdater.java:stopAndJoin(125)) - 7073ba57-90fa-45e1-a6d3-87c26f71d023@group-9A8E60456C72-StateMachineUpdater: set stopIndex = 0
2019-09-27 10:01:27,048 [main] INFO  impl.RaftServerImpl (ServerState.java:close(385)) - 7073ba57-90fa-45e1-a6d3-87c26f71d023@group-9A8E60456C72: closes. applyIndex: 0
2019-09-27 10:01:27,049 [7073ba57-90fa-45e1-a6d3-87c26f71d023@group-9A8E60456C72-SegmentedRaftLogWorker] INFO  segmented.SegmentedRaftLogWorker (SegmentedRaftLogWorker.java:run(313)) - 7073ba57-90fa-45e1-a6d3-87c26f71d023@group-9A8E60456C72-SegmentedRaftLogWorker was interrupted, exiting. There are 0 tasks remaining in the queue.
2019-09-27 10:01:27,049 [main] INFO  segmented.SegmentedRaftLogWorker (SegmentedRaftLogWorker.java:close(228)) - 7073ba57-90fa-45e1-a6d3-87c26f71d023@group-9A8E60456C72-SegmentedRaftLogWorker close()
2019-09-27 10:01:27,051 [main] INFO  server.GrpcService (GrpcService.java:closeImpl(164)) - 7073ba57-90fa-45e1-a6d3-87c26f71d023: shutdown server with port 41965 now
2019-09-27 10:01:27,053 [main] INFO  server.GrpcService (GrpcService.java:closeImpl(172)) - 7073ba57-90fa-45e1-a6d3-87c26f71d023: shutdown server with port 41965 successfully
2019-09-27 10:01:27,057 [refreshUsed-/workdir/hadoop-ozone/integration-test/target/test-dir/MiniOzoneClusterImpl-f97b6056-80ca-4d0a-8f3e-89a36336af0c/datanode-5/data/containers] WARN  fs.CachingGetSpaceUsed (CachingGetSpaceUsed.java:run(183)) - Thread Interrupted waiting to refresh disk information: sleep interrupted
2019-09-27 10:01:27,075 [main] INFO  utils.BackgroundService (BackgroundService.java:shutdown(148)) - Shutting down service BlockDeletingService
2019-09-27 10:01:27,078 [main] INFO  statemachine.DatanodeStateMachine (DatanodeStateMachine.java:stopDaemon(395)) - Ozone container server stopped.
2019-09-27 10:01:27,079 [main] INFO  handler.ContextHandler (ContextHandler.java:doStop(910)) - Stopped o.e.j.w.WebAppContext@7ab34619{/,null,UNAVAILABLE}{/hddsDatanode}
2019-09-27 10:01:27,080 [main] INFO  server.AbstractConnector (AbstractConnector.java:doStop(318)) - Stopped ServerConnector@ae2db25{HTTP/1.1,[http/1.1]}{0.0.0.0:0}
2019-09-27 10:01:27,080 [main] INFO  handler.ContextHandler (ContextHandler.java:doStop(910)) - Stopped o.e.j.s.ServletContextHandler@b887730{/static,jar:file:/home/user/.m2/repository/org/apache/hadoop/hadoop-hdds-container-service/0.5.0-SNAPSHOT/hadoop-hdds-container-service-0.5.0-SNAPSHOT.jar!/webapps/static,UNAVAILABLE}
2019-09-27 10:01:27,081 [main] INFO  handler.ContextHandler (ContextHandler.java:doStop(910)) - Stopped o.e.j.s.ServletContextHandler@181d8899{/logs,file:///workdir/hadoop-ozone/integration-test/target/log,UNAVAILABLE}
2019-09-27 10:01:27,082 [main] INFO  ozone.MiniOzoneClusterImpl (MiniOzoneClusterImpl.java:stopSCM(392)) - Stopping the StorageContainerManager
2019-09-27 10:01:27,082 [main] INFO  server.StorageContainerManager (StorageContainerManager.java:stop(808)) - Stopping Replication Manager Service.
2019-09-27 10:01:27,082 [main] INFO  container.ReplicationManager (ReplicationManager.java:stop(203)) - Stopping Replication Monitor Thread.
2019-09-27 10:01:27,082 [main] INFO  server.StorageContainerManager (StorageContainerManager.java:stop(815)) - Stopping Lease Manager of the command watchers
2019-09-27 10:01:27,083 [main] INFO  server.StorageContainerManager (StorageContainerManager.java:stop(822)) - Stopping datanode service RPC server
2019-09-27 10:01:27,083 [main] INFO  server.SCMDatanodeProtocolServer (SCMDatanodeProtocolServer.java:stop(367)) - Stopping the RPC server for DataNodes
2019-09-27 10:01:27,083 [main] INFO  ipc.Server (Server.java:stop(3082)) - Stopping server on 37722
2019-09-27 10:01:27,085 [IPC Server Responder] INFO  ipc.Server (Server.java:run(1319)) - Stopping IPC Server Responder
2019-09-27 10:01:27,085 [IPC Server listener on 37722] INFO  ipc.Server (Server.java:run(1185)) - Stopping IPC Server listener on 37722
2019-09-27 10:01:27,138 [SCM Heartbeat Processing Thread - 0] WARN  node.NodeStateManager (NodeStateManager.java:scheduleNextHealthCheck(646)) - Current Thread is interrupted, shutting down HB processing thread for Node Manager.
2019-09-27 10:01:27,138 [main] INFO  server.StorageContainerManager (StorageContainerManager.java:stop(830)) - Stopping block service RPC server
2019-09-27 10:01:27,138 [main] INFO  server.SCMBlockProtocolServer (SCMBlockProtocolServer.java:stop(155)) - Stopping the RPC server for Block Protocol
2019-09-27 10:01:27,139 [main] INFO  ipc.Server (Server.java:stop(3082)) - Stopping server on 36111
2019-09-27 10:01:27,141 [main] INFO  server.StorageContainerManager (StorageContainerManager.java:stop(837)) - Stopping the StorageContainerLocationProtocol RPC server
2019-09-27 10:01:27,141 [IPC Server listener on 36111] INFO  ipc.Server (Server.java:run(1185)) - Stopping IPC Server listener on 36111
2019-09-27 10:01:27,141 [IPC Server Responder] INFO  ipc.Server (Server.java:run(1319)) - Stopping IPC Server Responder
2019-09-27 10:01:27,141 [main] INFO  server.SCMClientProtocolServer (SCMClientProtocolServer.java:stop(159)) - Stopping the RPC server for Client Protocol
2019-09-27 10:01:27,142 [main] INFO  ipc.Server (Server.java:stop(3082)) - Stopping server on 46164
2019-09-27 10:01:27,144 [IPC Server listener on 46164] INFO  ipc.Server (Server.java:run(1185)) - Stopping IPC Server listener on 46164
2019-09-27 10:01:27,144 [main] INFO  server.StorageContainerManager (StorageContainerManager.java:stop(844)) - Stopping Storage Container Manager HTTP server.
2019-09-27 10:01:27,145 [IPC Server Responder] INFO  ipc.Server (Server.java:run(1319)) - Stopping IPC Server Responder
2019-09-27 10:01:27,145 [main] INFO  handler.ContextHandler (ContextHandler.java:doStop(910)) - Stopped o.e.j.w.WebAppContext@db44aa2{/,null,UNAVAILABLE}{/scm}
2019-09-27 10:01:27,146 [main] INFO  server.AbstractConnector (AbstractConnector.java:doStop(318)) - Stopped ServerConnector@59a67c3a{HTTP/1.1,[http/1.1]}{0.0.0.0:0}
2019-09-27 10:01:27,147 [main] INFO  handler.ContextHandler (ContextHandler.java:doStop(910)) - Stopped o.e.j.s.ServletContextHandler@260e86a1{/static,file:///workdir/hadoop-ozone/integration-test/target/test-classes/webapps/static,UNAVAILABLE}
2019-09-27 10:01:27,147 [main] INFO  handler.ContextHandler (ContextHandler.java:doStop(910)) - Stopped o.e.j.s.ServletContextHandler@4aa83f4f{/logs,file:///workdir/hadoop-ozone/integration-test/target/log,UNAVAILABLE}
2019-09-27 10:01:27,148 [main] INFO  server.StorageContainerManager (StorageContainerManager.java:stop(855)) - Stopping Block Manager Service.
2019-09-27 10:01:27,148 [main] INFO  utils.BackgroundService (BackgroundService.java:shutdown(148)) - Shutting down service SCMBlockDeletingService
2019-09-27 10:01:27,149 [main] INFO  utils.BackgroundService (BackgroundService.java:shutdown(148)) - Shutting down service SCMBlockDeletingService
2019-09-27 10:01:27,149 [main] INFO  server.StorageContainerManager (StorageContainerManager.java:stop(877)) - Stopping SCM Event Queue.
2019-09-27 10:01:27,157 [main] INFO  impl.MetricsSystemImpl (MetricsSystemImpl.java:stop(210)) - Stopping ratis metrics system...
2019-09-27 10:01:27,170 [prometheus] INFO  impl.MetricsSinkAdapter (MetricsSinkAdapter.java:publishMetricsFromQueue(141)) - prometheus thread interrupted.
2019-09-27 10:01:27,170 [main] INFO  impl.MetricsSystemImpl (MetricsSystemImpl.java:stop(216)) - ratis metrics system stopped.
]]></system-out>
    <system-err><![CDATA[ERROR StatusLogger No Log4j 2 configuration file found. Using default configuration (logging only errors to the console), or user programmatically provided configurations. Set system property 'log4j2.debug' to show Log4j 2 internal initialization logging. See https://logging.apache.org/log4j/2.x/manual/configuration.html for instructions on how to configure Log4j 2
]]></system-err>
  </testcase>
  <testcase name="testMaxRetriesByOzoneClient" classname="org.apache.hadoop.ozone.client.rpc.TestOzoneClientRetriesOnException" time="137.27">
    <error message="Connection refused" type="java.net.ConnectException"><![CDATA[java.net.ConnectException: Connection refused
	at sun.nio.ch.SocketChannelImpl.checkConnect(Native Method)
	at sun.nio.ch.SocketChannelImpl.finishConnect(SocketChannelImpl.java:717)
	at org.apache.hadoop.net.SocketIOWithTimeout.connect(SocketIOWithTimeout.java:206)
	at org.apache.hadoop.net.NetUtils.connect(NetUtils.java:531)
	at org.apache.hadoop.ipc.Client$Connection.setupConnection(Client.java:690)
	at org.apache.hadoop.ipc.Client$Connection.setupIOstreams(Client.java:794)
	at org.apache.hadoop.ipc.Client$Connection.access$3700(Client.java:411)
	at org.apache.hadoop.ipc.Client.getConnection(Client.java:1572)
	at org.apache.hadoop.ipc.Client.call(Client.java:1403)
	at org.apache.hadoop.ipc.Client.call(Client.java:1367)
	at org.apache.hadoop.ipc.ProtobufRpcEngine$Invoker.invoke(ProtobufRpcEngine.java:228)
	at org.apache.hadoop.ipc.ProtobufRpcEngine$Invoker.invoke(ProtobufRpcEngine.java:116)
	at com.sun.proxy.$Proxy36.submitRequest(Unknown Source)
	at sun.reflect.GeneratedMethodAccessor24.invoke(Unknown Source)
	at sun.reflect.DelegatingMethodAccessorImpl.invoke(DelegatingMethodAccessorImpl.java:43)
	at java.lang.reflect.Method.invoke(Method.java:498)
	at org.apache.hadoop.io.retry.RetryInvocationHandler.invokeMethod(RetryInvocationHandler.java:422)
	at org.apache.hadoop.io.retry.RetryInvocationHandler$Call.invokeMethod(RetryInvocationHandler.java:165)
	at org.apache.hadoop.io.retry.RetryInvocationHandler$Call.invoke(RetryInvocationHandler.java:157)
	at org.apache.hadoop.io.retry.RetryInvocationHandler$Call.invokeOnce(RetryInvocationHandler.java:95)
	at org.apache.hadoop.io.retry.RetryInvocationHandler.invoke(RetryInvocationHandler.java:359)
	at com.sun.proxy.$Proxy36.submitRequest(Unknown Source)
	at org.apache.hadoop.ozone.om.protocolPB.OzoneManagerProtocolClientSideTranslatorPB.submitRequest(OzoneManagerProtocolClientSideTranslatorPB.java:338)
	at org.apache.hadoop.ozone.om.protocolPB.OzoneManagerProtocolClientSideTranslatorPB.getServiceInfo(OzoneManagerProtocolClientSideTranslatorPB.java:1223)
	at sun.reflect.NativeMethodAccessorImpl.invoke0(Native Method)
	at sun.reflect.NativeMethodAccessorImpl.invoke(NativeMethodAccessorImpl.java:62)
	at sun.reflect.DelegatingMethodAccessorImpl.invoke(DelegatingMethodAccessorImpl.java:43)
	at java.lang.reflect.Method.invoke(Method.java:498)
	at org.apache.hadoop.hdds.tracing.TraceAllMethod.invoke(TraceAllMethod.java:66)
	at com.sun.proxy.$Proxy37.getServiceInfo(Unknown Source)
	at org.apache.hadoop.ozone.client.rpc.RpcClient.<init>(RpcClient.java:154)
	at org.apache.hadoop.ozone.client.OzoneClientFactory.getClientProtocol(OzoneClientFactory.java:256)
	at org.apache.hadoop.ozone.client.OzoneClientFactory.getClientProtocol(OzoneClientFactory.java:239)
	at org.apache.hadoop.ozone.client.OzoneClientFactory.getClient(OzoneClientFactory.java:75)
	at org.apache.hadoop.ozone.client.rpc.TestOzoneClientRetriesOnException.init(TestOzoneClientRetriesOnException.java:102)
	at sun.reflect.NativeMethodAccessorImpl.invoke0(Native Method)
	at sun.reflect.NativeMethodAccessorImpl.invoke(NativeMethodAccessorImpl.java:62)
	at sun.reflect.DelegatingMethodAccessorImpl.invoke(DelegatingMethodAccessorImpl.java:43)
	at java.lang.reflect.Method.invoke(Method.java:498)
	at org.junit.runners.model.FrameworkMethod$1.runReflectiveCall(FrameworkMethod.java:47)
	at org.junit.internal.runners.model.ReflectiveCallable.run(ReflectiveCallable.java:12)
	at org.junit.runners.model.FrameworkMethod.invokeExplosively(FrameworkMethod.java:44)
	at org.junit.internal.runners.statements.RunBefores.evaluate(RunBefores.java:24)
	at org.junit.internal.runners.statements.RunAfters.evaluate(RunAfters.java:27)
	at org.junit.runners.ParentRunner.runLeaf(ParentRunner.java:271)
	at org.junit.runners.BlockJUnit4ClassRunner.runChild(BlockJUnit4ClassRunner.java:70)
	at org.junit.runners.BlockJUnit4ClassRunner.runChild(BlockJUnit4ClassRunner.java:50)
	at org.junit.runners.ParentRunner$3.run(ParentRunner.java:238)
	at org.junit.runners.ParentRunner$1.schedule(ParentRunner.java:63)
	at org.junit.runners.ParentRunner.runChildren(ParentRunner.java:236)
	at org.junit.runners.ParentRunner.access$000(ParentRunner.java:53)
	at org.junit.runners.ParentRunner$2.evaluate(ParentRunner.java:229)
	at org.junit.runners.ParentRunner.run(ParentRunner.java:309)
	at org.apache.maven.surefire.junit4.JUnit4Provider.execute(JUnit4Provider.java:365)
	at org.apache.maven.surefire.junit4.JUnit4Provider.executeWithRerun(JUnit4Provider.java:273)
	at org.apache.maven.surefire.junit4.JUnit4Provider.executeTestSet(JUnit4Provider.java:238)
	at org.apache.maven.surefire.junit4.JUnit4Provider.invoke(JUnit4Provider.java:159)
	at org.apache.maven.surefire.booter.ForkedBooter.invokeProviderInSameClassLoader(ForkedBooter.java:384)
	at org.apache.maven.surefire.booter.ForkedBooter.runSuitesInProcess(ForkedBooter.java:345)
	at org.apache.maven.surefire.booter.ForkedBooter.execute(ForkedBooter.java:126)
	at org.apache.maven.surefire.booter.ForkedBooter.main(ForkedBooter.java:418)
]]></error>
    <system-out><![CDATA[2019-09-27 10:01:27,247 [main] WARN  server.ServerUtils (ServerUtils.java:getScmDbDir(145)) - ozone.scm.db.dirs is not configured. We recommend adding this setting. Falling back to ozone.metadata.dirs instead.
2019-09-27 10:01:27,262 [main] WARN  server.ServerUtils (ServerUtils.java:getScmDbDir(145)) - ozone.scm.db.dirs is not configured. We recommend adding this setting. Falling back to ozone.metadata.dirs instead.
2019-09-27 10:01:27,262 [main] WARN  server.ServerUtils (ServerUtils.java:getScmDbDir(145)) - ozone.scm.db.dirs is not configured. We recommend adding this setting. Falling back to ozone.metadata.dirs instead.
2019-09-27 10:01:27,263 [main] INFO  db.DBStoreBuilder (DBStoreBuilder.java:addTable(110)) - using custom profile for table: deletedBlocks
2019-09-27 10:01:27,264 [main] INFO  db.DBStoreBuilder (DBStoreBuilder.java:processTables(161)) - Using default column profile:DBProfile.DISK for Table:deletedBlocks
2019-09-27 10:01:27,264 [main] INFO  db.DBStoreBuilder (DBStoreBuilder.java:addTable(110)) - using custom profile for table: validCerts
2019-09-27 10:01:27,264 [main] INFO  db.DBStoreBuilder (DBStoreBuilder.java:processTables(161)) - Using default column profile:DBProfile.DISK for Table:validCerts
2019-09-27 10:01:27,265 [main] INFO  db.DBStoreBuilder (DBStoreBuilder.java:addTable(110)) - using custom profile for table: revokedCerts
2019-09-27 10:01:27,265 [main] INFO  db.DBStoreBuilder (DBStoreBuilder.java:processTables(161)) - Using default column profile:DBProfile.DISK for Table:revokedCerts
2019-09-27 10:01:27,265 [main] INFO  db.DBStoreBuilder (DBStoreBuilder.java:addTable(110)) - using custom profile for table: default
2019-09-27 10:01:27,265 [main] INFO  db.DBStoreBuilder (DBStoreBuilder.java:processTables(167)) - Using default column profile:DBProfile.DISK for Table:default
2019-09-27 10:01:27,266 [main] INFO  db.DBStoreBuilder (DBStoreBuilder.java:getDbProfile(198)) - Using default options. DBProfile.DISK
2019-09-27 10:01:27,431 [main] INFO  net.NodeSchemaLoader (NodeSchemaLoader.java:loadSchemaFromFile(125)) - Loading file from sun.misc.CompoundEnumeration@4ed4a7e4
2019-09-27 10:01:27,431 [main] INFO  net.NodeSchemaLoader (NodeSchemaLoader.java:loadSchema(171)) - Loading network topology layer schema file
2019-09-27 10:01:27,438 [main] WARN  server.ServerUtils (ServerUtils.java:sanitizeUserArgs(70)) - ozone.scm.stale.node.interval value = 300000 is larger than max = 100000 based on the key value of ozone.scm.heartbeat.thread.interval, reset to the max value 100000.
2019-09-27 10:01:27,438 [main] WARN  server.ServerUtils (ServerUtils.java:sanitizeUserArgs(70)) - ozone.scm.stale.node.interval value = 300000 is larger than max = 100000 based on the key value of ozone.scm.heartbeat.thread.interval, reset to the max value 100000.
2019-09-27 10:01:27,439 [main] INFO  node.SCMNodeManager (SCMNodeManager.java:<init>(114)) - Entering startup safe mode.
2019-09-27 10:01:27,440 [main] INFO  algorithms.ContainerPlacementPolicyFactory (ContainerPlacementPolicyFactory.java:getPolicy(57)) - Create container placement policy of type org.apache.hadoop.hdds.scm.container.placement.algorithms.SCMContainerPlacementRandom
2019-09-27 10:01:27,440 [main] WARN  server.ServerUtils (ServerUtils.java:getScmDbDir(145)) - ozone.scm.db.dirs is not configured. We recommend adding this setting. Falling back to ozone.metadata.dirs instead.
2019-09-27 10:01:27,463 [main] INFO  pipeline.SCMPipelineManager (SCMPipelineManager.java:initializePipelineState(132)) - No pipeline exists in current db
2019-09-27 10:01:27,464 [main] WARN  server.ServerUtils (ServerUtils.java:getScmDbDir(145)) - ozone.scm.db.dirs is not configured. We recommend adding this setting. Falling back to ozone.metadata.dirs instead.
2019-09-27 10:01:27,490 [main] WARN  events.EventQueue (EventQueue.java:fireEvent(183)) - No event handler registered for event TypedEvent{payloadType=SafeModeStatus, name='SafeModeStatus'}
2019-09-27 10:01:27,492 [main] INFO  ipc.CallQueueManager (CallQueueManager.java:<init>(84)) - Using callQueue: class java.util.concurrent.LinkedBlockingQueue, queueCapacity: 2000, scheduler: class org.apache.hadoop.ipc.DefaultRpcScheduler, ipcBackoff: false.
2019-09-27 10:01:27,493 [Socket Reader #1 for port 35414] INFO  ipc.Server (Server.java:run(1074)) - Starting Socket Reader #1 for port 35414
2019-09-27 10:01:27,495 [main] INFO  ipc.CallQueueManager (CallQueueManager.java:<init>(84)) - Using callQueue: class java.util.concurrent.LinkedBlockingQueue, queueCapacity: 2000, scheduler: class org.apache.hadoop.ipc.DefaultRpcScheduler, ipcBackoff: false.
2019-09-27 10:01:27,496 [Socket Reader #1 for port 36166] INFO  ipc.Server (Server.java:run(1074)) - Starting Socket Reader #1 for port 36166
2019-09-27 10:01:27,498 [main] INFO  ipc.CallQueueManager (CallQueueManager.java:<init>(84)) - Using callQueue: class java.util.concurrent.LinkedBlockingQueue, queueCapacity: 2000, scheduler: class org.apache.hadoop.ipc.DefaultRpcScheduler, ipcBackoff: false.
2019-09-27 10:01:27,499 [Socket Reader #1 for port 46095] INFO  ipc.Server (Server.java:run(1074)) - Starting Socket Reader #1 for port 46095
2019-09-27 10:01:27,502 [main] INFO  hdfs.DFSUtil (DFSUtil.java:httpServerTemplateForNNAndJN(1641)) - Starting Web-server for scm at: http://0.0.0.0:0
2019-09-27 10:01:27,504 [main] INFO  server.AuthenticationFilter (AuthenticationFilter.java:constructSecretProvider(240)) - Unable to initialize FileSignerSecretProvider, falling back to use random secrets.
2019-09-27 10:01:27,505 [main] WARN  http.HttpRequestLog (HttpRequestLog.java:getRequestLog(97)) - Jetty request log can only be enabled using Log4j
2019-09-27 10:01:27,509 [main] INFO  http.HttpServer2 (HttpServer2.java:addGlobalFilter(975)) - Added global filter 'safety' (class=org.apache.hadoop.http.HttpServer2$QuotingInputFilter)
2019-09-27 10:01:27,510 [main] INFO  http.HttpServer2 (HttpServer2.java:addFilter(948)) - Added filter static_user_filter (class=org.apache.hadoop.http.lib.StaticUserWebFilter$StaticUserFilter) to context scm
2019-09-27 10:01:27,510 [main] INFO  http.HttpServer2 (HttpServer2.java:addFilter(958)) - Added filter static_user_filter (class=org.apache.hadoop.http.lib.StaticUserWebFilter$StaticUserFilter) to context logs
2019-09-27 10:01:27,510 [main] INFO  http.HttpServer2 (HttpServer2.java:addFilter(958)) - Added filter static_user_filter (class=org.apache.hadoop.http.lib.StaticUserWebFilter$StaticUserFilter) to context static
2019-09-27 10:01:27,514 [main] INFO  server.StorageContainerManager (StorageContainerManager.java:start(770)) - StorageContainerLocationProtocol RPC server is listening at /0.0.0.0:46095
2019-09-27 10:01:27,517 [main] WARN  impl.MetricsConfig (MetricsConfig.java:loadFirst(134)) - Cannot locate configuration: tried hadoop-metrics2-storagecontainermanager.properties,hadoop-metrics2.properties
2019-09-27 10:01:27,519 [main] INFO  impl.MetricsSystemImpl (MetricsSystemImpl.java:startTimer(374)) - Scheduled Metric snapshot period at 10 second(s).
2019-09-27 10:01:27,519 [main] INFO  impl.MetricsSystemImpl (MetricsSystemImpl.java:start(191)) - StorageContainerManager metrics system started
2019-09-27 10:01:27,568 [main] WARN  impl.MetricsSystemImpl (MetricsSystemImpl.java:register(276)) - Sink prometheus already exists!
2019-09-27 10:01:27,575 [main] INFO  server.SCMClientProtocolServer (SCMClientProtocolServer.java:start(151)) - RPC server for Client  is listening at /0.0.0.0:46095
2019-09-27 10:01:27,575 [IPC Server Responder] INFO  ipc.Server (Server.java:run(1314)) - IPC Server Responder: starting
2019-09-27 10:01:27,575 [IPC Server listener on 46095] INFO  ipc.Server (Server.java:run(1153)) - IPC Server listener on 46095: starting
2019-09-27 10:01:27,580 [main] INFO  server.StorageContainerManager (StorageContainerManager.java:start(780)) - ScmBlockLocationProtocol RPC server is listening at /0.0.0.0:36166
2019-09-27 10:01:27,580 [main] INFO  server.SCMBlockProtocolServer (SCMBlockProtocolServer.java:start(146)) - RPC server for Block Protocol is listening at /0.0.0.0:36166
2019-09-27 10:01:27,581 [IPC Server Responder] INFO  ipc.Server (Server.java:run(1314)) - IPC Server Responder: starting
2019-09-27 10:01:27,581 [IPC Server listener on 36166] INFO  ipc.Server (Server.java:run(1153)) - IPC Server listener on 36166: starting
2019-09-27 10:01:27,585 [main] INFO  server.StorageContainerManager (StorageContainerManager.java:start(784)) - ScmDatanodeProtocl RPC server is listening at /0.0.0.0:35414
2019-09-27 10:01:27,586 [main] INFO  server.SCMDatanodeProtocolServer (SCMDatanodeProtocolServer.java:start(191)) - RPC server for DataNodes is listening at /0.0.0.0:35414
2019-09-27 10:01:27,586 [IPC Server Responder] INFO  ipc.Server (Server.java:run(1314)) - IPC Server Responder: starting
2019-09-27 10:01:27,586 [IPC Server listener on 35414] INFO  ipc.Server (Server.java:run(1153)) - IPC Server listener on 35414: starting
2019-09-27 10:01:27,590 [main] INFO  http.HttpServer2 (HttpServer2.java:bindListener(1191)) - Jetty bound to port 42237
2019-09-27 10:01:27,590 [main] INFO  server.Server (Server.java:doStart(351)) - jetty-9.3.25.v20180904, build timestamp: 2018-09-04T21:11:46Z, git hash: 3ce520221d0240229c862b122d2b06c12a625732
2019-09-27 10:01:27,593 [main] INFO  handler.ContextHandler (ContextHandler.java:doStart(781)) - Started o.e.j.s.ServletContextHandler@6949e948{/logs,file:///workdir/hadoop-ozone/integration-test/target/log,AVAILABLE}
2019-09-27 10:01:27,593 [main] INFO  handler.ContextHandler (ContextHandler.java:doStart(781)) - Started o.e.j.s.ServletContextHandler@3bec5821{/static,file:///workdir/hadoop-ozone/integration-test/target/test-classes/webapps/static,AVAILABLE}
2019-09-27 10:01:27,599 [main] INFO  handler.ContextHandler (ContextHandler.java:doStart(781)) - Started o.e.j.w.WebAppContext@73971965{/,file:///workdir/hadoop-ozone/integration-test/target/test-classes/webapps/scm/,AVAILABLE}{/scm}
2019-09-27 10:01:27,600 [main] INFO  server.AbstractConnector (AbstractConnector.java:doStart(278)) - Started ServerConnector@76a14c8d{HTTP/1.1,[http/1.1]}{0.0.0.0:42237}
2019-09-27 10:01:27,601 [main] INFO  server.Server (Server.java:doStart(419)) - Started @142425ms
2019-09-27 10:01:27,601 [main] WARN  impl.MetricsSystemImpl (MetricsSystemImpl.java:register(276)) - Sink prometheus already exists!
2019-09-27 10:01:27,602 [main] INFO  server.BaseHttpServer (BaseHttpServer.java:updateConnectorAddress(215)) - HTTP server of SCM is listening at http://0.0.0.0:42237
2019-09-27 10:01:27,602 [main] WARN  server.ServerUtils (ServerUtils.java:getDBPath(222)) - ozone.om.db.dirs is not configured. We recommend adding this setting. Falling back to ozone.metadata.dirs instead.
2019-09-27 10:01:27,603 [org.apache.hadoop.util.JvmPauseMonitor$Monitor@6ee99964] INFO  util.JvmPauseMonitor (JvmPauseMonitor.java:run(188)) - Starting JVM pause monitor
2019-09-27 10:01:27,629 [main] INFO  ha.OMHANodeDetails (OMHANodeDetails.java:loadOMHAConfig(194)) - Configuration either no ozone.om.address set. Falling back to the default OM address /127.0.0.1:0
2019-09-27 10:01:27,629 [main] INFO  ha.OMHANodeDetails (OMHANodeDetails.java:getOMNodeDetails(224)) - OM Service ID is not set. Setting it to the default ID: omServiceIdDefault
2019-09-27 10:01:27,630 [main] WARN  server.ServerUtils (ServerUtils.java:getDBPath(222)) - ozone.om.db.dirs is not configured. We recommend adding this setting. Falling back to ozone.metadata.dirs instead.
2019-09-27 10:01:27,630 [main] WARN  server.ServerUtils (ServerUtils.java:getDBPath(222)) - ozone.om.db.dirs is not configured. We recommend adding this setting. Falling back to ozone.metadata.dirs instead.
2019-09-27 10:01:27,645 [main] WARN  server.ServerUtils (ServerUtils.java:getDBPath(222)) - ozone.om.db.dirs is not configured. We recommend adding this setting. Falling back to ozone.metadata.dirs instead.
2019-09-27 10:01:27,645 [main] INFO  db.DBStoreBuilder (DBStoreBuilder.java:addTable(110)) - using custom profile for table: userTable
2019-09-27 10:01:27,645 [main] INFO  db.DBStoreBuilder (DBStoreBuilder.java:processTables(161)) - Using default column profile:DBProfile.DISK for Table:userTable
2019-09-27 10:01:27,646 [main] INFO  db.DBStoreBuilder (DBStoreBuilder.java:addTable(110)) - using custom profile for table: volumeTable
2019-09-27 10:01:27,646 [main] INFO  db.DBStoreBuilder (DBStoreBuilder.java:processTables(161)) - Using default column profile:DBProfile.DISK for Table:volumeTable
2019-09-27 10:01:27,646 [main] INFO  db.DBStoreBuilder (DBStoreBuilder.java:addTable(110)) - using custom profile for table: bucketTable
2019-09-27 10:01:27,646 [main] INFO  db.DBStoreBuilder (DBStoreBuilder.java:processTables(161)) - Using default column profile:DBProfile.DISK for Table:bucketTable
2019-09-27 10:01:27,647 [main] INFO  db.DBStoreBuilder (DBStoreBuilder.java:addTable(110)) - using custom profile for table: keyTable
2019-09-27 10:01:27,647 [main] INFO  db.DBStoreBuilder (DBStoreBuilder.java:processTables(161)) - Using default column profile:DBProfile.DISK for Table:keyTable
2019-09-27 10:01:27,647 [main] INFO  db.DBStoreBuilder (DBStoreBuilder.java:addTable(110)) - using custom profile for table: deletedTable
2019-09-27 10:01:27,647 [main] INFO  db.DBStoreBuilder (DBStoreBuilder.java:processTables(161)) - Using default column profile:DBProfile.DISK for Table:deletedTable
2019-09-27 10:01:27,648 [main] INFO  db.DBStoreBuilder (DBStoreBuilder.java:addTable(110)) - using custom profile for table: openKeyTable
2019-09-27 10:01:27,648 [main] INFO  db.DBStoreBuilder (DBStoreBuilder.java:processTables(161)) - Using default column profile:DBProfile.DISK for Table:openKeyTable
2019-09-27 10:01:27,648 [main] INFO  db.DBStoreBuilder (DBStoreBuilder.java:addTable(110)) - using custom profile for table: s3Table
2019-09-27 10:01:27,648 [main] INFO  db.DBStoreBuilder (DBStoreBuilder.java:processTables(161)) - Using default column profile:DBProfile.DISK for Table:s3Table
2019-09-27 10:01:27,649 [main] INFO  db.DBStoreBuilder (DBStoreBuilder.java:addTable(110)) - using custom profile for table: multipartInfoTable
2019-09-27 10:01:27,649 [main] INFO  db.DBStoreBuilder (DBStoreBuilder.java:processTables(161)) - Using default column profile:DBProfile.DISK for Table:multipartInfoTable
2019-09-27 10:01:27,649 [main] INFO  db.DBStoreBuilder (DBStoreBuilder.java:addTable(110)) - using custom profile for table: dTokenTable
2019-09-27 10:01:27,649 [main] INFO  db.DBStoreBuilder (DBStoreBuilder.java:processTables(161)) - Using default column profile:DBProfile.DISK for Table:dTokenTable
2019-09-27 10:01:27,650 [main] INFO  db.DBStoreBuilder (DBStoreBuilder.java:addTable(110)) - using custom profile for table: s3SecretTable
2019-09-27 10:01:27,650 [main] INFO  db.DBStoreBuilder (DBStoreBuilder.java:processTables(161)) - Using default column profile:DBProfile.DISK for Table:s3SecretTable
2019-09-27 10:01:27,650 [main] INFO  db.DBStoreBuilder (DBStoreBuilder.java:addTable(110)) - using custom profile for table: prefixTable
2019-09-27 10:01:27,650 [main] INFO  db.DBStoreBuilder (DBStoreBuilder.java:processTables(161)) - Using default column profile:DBProfile.DISK for Table:prefixTable
2019-09-27 10:01:27,650 [main] INFO  db.DBStoreBuilder (DBStoreBuilder.java:addTable(110)) - using custom profile for table: default
2019-09-27 10:01:27,651 [main] INFO  db.DBStoreBuilder (DBStoreBuilder.java:processTables(167)) - Using default column profile:DBProfile.DISK for Table:default
2019-09-27 10:01:27,651 [main] INFO  db.DBStoreBuilder (DBStoreBuilder.java:getDbProfile(198)) - Using default options. DBProfile.DISK
2019-09-27 10:01:28,181 [main] INFO  ipc.CallQueueManager (CallQueueManager.java:<init>(84)) - Using callQueue: class java.util.concurrent.LinkedBlockingQueue, queueCapacity: 2000, scheduler: class org.apache.hadoop.ipc.DefaultRpcScheduler, ipcBackoff: false.
2019-09-27 10:01:28,182 [Socket Reader #1 for port 44507] INFO  ipc.Server (Server.java:run(1074)) - Starting Socket Reader #1 for port 44507
2019-09-27 10:01:28,200 [main] INFO  om.OzoneManager (OzoneManager.java:start(1069)) - OzoneManager RPC server is listening at localhost/127.0.0.1:44507
2019-09-27 10:01:28,200 [main] INFO  impl.MetricsSystemImpl (MetricsSystemImpl.java:init(158)) - OzoneManager metrics system started (again)
2019-09-27 10:01:28,201 [IPC Server listener on 44507] INFO  ipc.Server (Server.java:run(1153)) - IPC Server listener on 44507: starting
2019-09-27 10:01:28,202 [IPC Server Responder] INFO  ipc.Server (Server.java:run(1314)) - IPC Server Responder: starting
2019-09-27 10:01:28,207 [main] INFO  hdfs.DFSUtil (DFSUtil.java:httpServerTemplateForNNAndJN(1641)) - Starting Web-server for ozoneManager at: http://0.0.0.0:0
2019-09-27 10:01:28,209 [main] INFO  server.AuthenticationFilter (AuthenticationFilter.java:constructSecretProvider(240)) - Unable to initialize FileSignerSecretProvider, falling back to use random secrets.
2019-09-27 10:01:28,210 [main] WARN  http.HttpRequestLog (HttpRequestLog.java:getRequestLog(97)) - Jetty request log can only be enabled using Log4j
2019-09-27 10:01:28,212 [main] INFO  http.HttpServer2 (HttpServer2.java:addGlobalFilter(975)) - Added global filter 'safety' (class=org.apache.hadoop.http.HttpServer2$QuotingInputFilter)
2019-09-27 10:01:28,213 [main] INFO  http.HttpServer2 (HttpServer2.java:addFilter(948)) - Added filter static_user_filter (class=org.apache.hadoop.http.lib.StaticUserWebFilter$StaticUserFilter) to context ozoneManager
2019-09-27 10:01:28,213 [main] INFO  http.HttpServer2 (HttpServer2.java:addFilter(958)) - Added filter static_user_filter (class=org.apache.hadoop.http.lib.StaticUserWebFilter$StaticUserFilter) to context static
2019-09-27 10:01:28,214 [main] INFO  http.HttpServer2 (HttpServer2.java:addFilter(958)) - Added filter static_user_filter (class=org.apache.hadoop.http.lib.StaticUserWebFilter$StaticUserFilter) to context logs
2019-09-27 10:01:28,215 [main] INFO  http.HttpServer2 (HttpServer2.java:bindListener(1191)) - Jetty bound to port 42148
2019-09-27 10:01:28,215 [main] INFO  server.Server (Server.java:doStart(351)) - jetty-9.3.25.v20180904, build timestamp: 2018-09-04T21:11:46Z, git hash: 3ce520221d0240229c862b122d2b06c12a625732
2019-09-27 10:01:28,217 [main] INFO  handler.ContextHandler (ContextHandler.java:doStart(781)) - Started o.e.j.s.ServletContextHandler@57545c3f{/logs,file:///workdir/hadoop-ozone/integration-test/target/log,AVAILABLE}
2019-09-27 10:01:28,218 [main] INFO  handler.ContextHandler (ContextHandler.java:doStart(781)) - Started o.e.j.s.ServletContextHandler@36baa049{/static,file:///workdir/hadoop-ozone/integration-test/target/test-classes/webapps/static,AVAILABLE}
2019-09-27 10:01:28,225 [main] INFO  handler.ContextHandler (ContextHandler.java:doStart(781)) - Started o.e.j.w.WebAppContext@56f730b2{/,file:///workdir/hadoop-ozone/integration-test/target/test-classes/webapps/ozoneManager/,AVAILABLE}{/ozoneManager}
2019-09-27 10:01:28,225 [main] INFO  server.AbstractConnector (AbstractConnector.java:doStart(278)) - Started ServerConnector@47311277{HTTP/1.1,[http/1.1]}{0.0.0.0:42148}
2019-09-27 10:01:28,226 [main] INFO  server.Server (Server.java:doStart(419)) - Started @143051ms
2019-09-27 10:01:28,227 [main] WARN  impl.MetricsSystemImpl (MetricsSystemImpl.java:register(276)) - Sink prometheus already exists!
2019-09-27 10:01:28,227 [main] INFO  server.BaseHttpServer (BaseHttpServer.java:updateConnectorAddress(215)) - HTTP server of OZONEMANAGER is listening at http://0.0.0.0:42148
2019-09-27 10:01:28,252 [main] INFO  impl.MetricsSystemImpl (MetricsSystemImpl.java:init(158)) - HddsDatanode metrics system started (again)
2019-09-27 10:01:28,254 [main] INFO  ozone.HddsDatanodeService (HddsDatanodeService.java:start(184)) - HddsDatanodeService host:pr-hdds2162-4fxhj-20988671 ip:192.168.151.103
2019-09-27 10:01:28,261 [main] INFO  volume.HddsVolume (HddsVolume.java:<init>(176)) - Creating Volume: /workdir/hadoop-ozone/integration-test/target/test-dir/MiniOzoneClusterImpl-cdbcb096-6118-4bf2-bc8d-5446b0901881/datanode-0/data/containers/hdds of  storage type : DISK and capacity : 1482555576320
2019-09-27 10:01:28,261 [main] INFO  volume.VolumeSet (VolumeSet.java:initializeVolumeSet(170)) - Added Volume : /workdir/hadoop-ozone/integration-test/target/test-dir/MiniOzoneClusterImpl-cdbcb096-6118-4bf2-bc8d-5446b0901881/datanode-0/data/containers/hdds to VolumeSet
2019-09-27 10:01:28,261 [main] INFO  volume.ThrottledAsyncChecker (ThrottledAsyncChecker.java:schedule(139)) - Scheduling a check for org.apache.hadoop.ozone.container.common.volume.HddsVolume@3b1dc579
2019-09-27 10:01:28,262 [main] INFO  volume.HddsVolumeChecker (HddsVolumeChecker.java:checkAllVolumes(202)) - Scheduled health check for volume org.apache.hadoop.ozone.container.common.volume.HddsVolume@3b1dc579
2019-09-27 10:01:28,276 [main] INFO  impl.RaftServerProxy (ConfUtils.java:logGet(43)) - raft.rpc.type = GRPC (default)
2019-09-27 10:01:28,276 [main] INFO  grpc.GrpcFactory (GrpcFactory.java:checkPooledByteBufAllocatorUseCacheForAllThreads(45)) - PERFORMANCE WARNING: useCacheForAllThreads is true that may cause Netty to create a lot garbage objects and, as a result, trigger GC.
	It is recommended to disable useCacheForAllThreads by setting -Dorg.apache.ratis.thirdparty.io.netty.allocator.useCacheForAllThreads=false in command line.
2019-09-27 10:01:28,277 [main] INFO  grpc.GrpcConfigKeys$Server (ConfUtils.java:logGet(43)) - raft.grpc.server.port = 0 (default)
2019-09-27 10:01:28,277 [main] INFO  server.GrpcService (ConfUtils.java:logGet(43)) - raft.grpc.message.size.max = 33570816 (custom)
2019-09-27 10:01:28,277 [main] INFO  server.RaftServerConfigKeys (ConfUtils.java:logGet(43)) - raft.server.log.appender.buffer.byte-limit = 33554432 (custom)
2019-09-27 10:01:28,277 [main] INFO  server.GrpcService (ConfUtils.java:logGet(43)) - raft.grpc.flow.control.window = 1MB (=1048576) (default)
2019-09-27 10:01:28,278 [main] INFO  server.RaftServerConfigKeys (ConfUtils.java:logGet(43)) - raft.server.rpc.request.timeout = 3000ms (default)
2019-09-27 10:01:28,278 [main] INFO  server.RaftServerConfigKeys (ConfUtils.java:logGet(43)) - raft.server.storage.dir = [/workdir/hadoop-ozone/integration-test/target/test-dir/MiniOzoneClusterImpl-cdbcb096-6118-4bf2-bc8d-5446b0901881/datanode-0/data/ratis] (custom)
2019-09-27 10:01:28,280 [main] INFO  hdfs.DFSUtil (DFSUtil.java:httpServerTemplateForNNAndJN(1641)) - Starting Web-server for hddsDatanode at: http://0.0.0.0:0
2019-09-27 10:01:28,281 [main] INFO  server.AuthenticationFilter (AuthenticationFilter.java:constructSecretProvider(240)) - Unable to initialize FileSignerSecretProvider, falling back to use random secrets.
2019-09-27 10:01:28,282 [main] WARN  http.HttpRequestLog (HttpRequestLog.java:getRequestLog(97)) - Jetty request log can only be enabled using Log4j
2019-09-27 10:01:28,283 [main] INFO  http.HttpServer2 (HttpServer2.java:addGlobalFilter(975)) - Added global filter 'safety' (class=org.apache.hadoop.http.HttpServer2$QuotingInputFilter)
2019-09-27 10:01:28,284 [main] INFO  http.HttpServer2 (HttpServer2.java:addFilter(948)) - Added filter static_user_filter (class=org.apache.hadoop.http.lib.StaticUserWebFilter$StaticUserFilter) to context hddsDatanode
2019-09-27 10:01:28,284 [main] INFO  http.HttpServer2 (HttpServer2.java:addFilter(958)) - Added filter static_user_filter (class=org.apache.hadoop.http.lib.StaticUserWebFilter$StaticUserFilter) to context static
2019-09-27 10:01:28,284 [main] INFO  http.HttpServer2 (HttpServer2.java:addFilter(958)) - Added filter static_user_filter (class=org.apache.hadoop.http.lib.StaticUserWebFilter$StaticUserFilter) to context logs
2019-09-27 10:01:28,285 [main] INFO  http.HttpServer2 (HttpServer2.java:bindListener(1191)) - Jetty bound to port 34013
2019-09-27 10:01:28,285 [main] INFO  server.Server (Server.java:doStart(351)) - jetty-9.3.25.v20180904, build timestamp: 2018-09-04T21:11:46Z, git hash: 3ce520221d0240229c862b122d2b06c12a625732
2019-09-27 10:01:28,287 [main] INFO  handler.ContextHandler (ContextHandler.java:doStart(781)) - Started o.e.j.s.ServletContextHandler@25d0cb3a{/logs,file:///workdir/hadoop-ozone/integration-test/target/log,AVAILABLE}
2019-09-27 10:01:28,287 [main] INFO  handler.ContextHandler (ContextHandler.java:doStart(781)) - Started o.e.j.s.ServletContextHandler@6e3eb0cd{/static,jar:file:/home/user/.m2/repository/org/apache/hadoop/hadoop-hdds-container-service/0.5.0-SNAPSHOT/hadoop-hdds-container-service-0.5.0-SNAPSHOT.jar!/webapps/static,AVAILABLE}
2019-09-27 10:01:28,317 [main] INFO  handler.ContextHandler (ContextHandler.java:doStart(781)) - Started o.e.j.w.WebAppContext@d08edc5{/,file:///tmp/jetty-0.0.0.0-34013-hddsDatanode-_-any-7290396721093253561.dir/webapp/,AVAILABLE}{/hddsDatanode}
2019-09-27 10:01:28,317 [main] INFO  server.AbstractConnector (AbstractConnector.java:doStart(278)) - Started ServerConnector@49fa1d74{HTTP/1.1,[http/1.1]}{0.0.0.0:34013}
2019-09-27 10:01:28,318 [main] INFO  server.Server (Server.java:doStart(419)) - Started @143143ms
2019-09-27 10:01:28,318 [main] WARN  impl.MetricsSystemImpl (MetricsSystemImpl.java:register(276)) - Sink prometheus already exists!
2019-09-27 10:01:28,319 [main] INFO  server.BaseHttpServer (BaseHttpServer.java:updateConnectorAddress(215)) - HTTP server of HDDSDATANODE is listening at http://0.0.0.0:34013
2019-09-27 10:01:28,319 [main] INFO  impl.MetricsSystemImpl (MetricsSystemImpl.java:init(158)) - HddsDatanode metrics system started (again)
2019-09-27 10:01:28,322 [main] INFO  ozone.HddsDatanodeService (HddsDatanodeService.java:start(184)) - HddsDatanodeService host:pr-hdds2162-4fxhj-20988671 ip:192.168.151.103
2019-09-27 10:01:28,323 [org.apache.hadoop.util.JvmPauseMonitor$Monitor@39793293] INFO  util.JvmPauseMonitor (JvmPauseMonitor.java:run(188)) - Starting JVM pause monitor
2019-09-27 10:01:28,326 [Datanode State Machine Thread - 0] INFO  datanode.InitDatanodeState (InitDatanodeState.java:persistContainerDatanodeDetails(140)) - DatanodeDetails is persisted to /workdir/hadoop-ozone/integration-test/target/test-dir/MiniOzoneClusterImpl-cdbcb096-6118-4bf2-bc8d-5446b0901881/datanode-0/meta/datanode.id
2019-09-27 10:01:28,329 [main] INFO  volume.HddsVolume (HddsVolume.java:<init>(176)) - Creating Volume: /workdir/hadoop-ozone/integration-test/target/test-dir/MiniOzoneClusterImpl-cdbcb096-6118-4bf2-bc8d-5446b0901881/datanode-1/data/containers/hdds of  storage type : DISK and capacity : 1482555576320
2019-09-27 10:01:28,329 [main] INFO  volume.VolumeSet (VolumeSet.java:initializeVolumeSet(170)) - Added Volume : /workdir/hadoop-ozone/integration-test/target/test-dir/MiniOzoneClusterImpl-cdbcb096-6118-4bf2-bc8d-5446b0901881/datanode-1/data/containers/hdds to VolumeSet
2019-09-27 10:01:28,329 [main] INFO  volume.ThrottledAsyncChecker (ThrottledAsyncChecker.java:schedule(139)) - Scheduling a check for org.apache.hadoop.ozone.container.common.volume.HddsVolume@62d1dc3c
2019-09-27 10:01:28,330 [main] INFO  volume.HddsVolumeChecker (HddsVolumeChecker.java:checkAllVolumes(202)) - Scheduled health check for volume org.apache.hadoop.ozone.container.common.volume.HddsVolume@62d1dc3c
2019-09-27 10:01:28,343 [main] INFO  impl.RaftServerProxy (ConfUtils.java:logGet(43)) - raft.rpc.type = GRPC (default)
2019-09-27 10:01:28,343 [main] INFO  grpc.GrpcFactory (GrpcFactory.java:checkPooledByteBufAllocatorUseCacheForAllThreads(45)) - PERFORMANCE WARNING: useCacheForAllThreads is true that may cause Netty to create a lot garbage objects and, as a result, trigger GC.
	It is recommended to disable useCacheForAllThreads by setting -Dorg.apache.ratis.thirdparty.io.netty.allocator.useCacheForAllThreads=false in command line.
2019-09-27 10:01:28,343 [main] INFO  grpc.GrpcConfigKeys$Server (ConfUtils.java:logGet(43)) - raft.grpc.server.port = 0 (default)
2019-09-27 10:01:28,343 [main] INFO  server.GrpcService (ConfUtils.java:logGet(43)) - raft.grpc.message.size.max = 33570816 (custom)
2019-09-27 10:01:28,344 [main] INFO  server.RaftServerConfigKeys (ConfUtils.java:logGet(43)) - raft.server.log.appender.buffer.byte-limit = 33554432 (custom)
2019-09-27 10:01:28,344 [main] INFO  server.GrpcService (ConfUtils.java:logGet(43)) - raft.grpc.flow.control.window = 1MB (=1048576) (default)
2019-09-27 10:01:28,344 [main] INFO  server.RaftServerConfigKeys (ConfUtils.java:logGet(43)) - raft.server.rpc.request.timeout = 3000ms (default)
2019-09-27 10:01:28,344 [main] INFO  server.RaftServerConfigKeys (ConfUtils.java:logGet(43)) - raft.server.storage.dir = [/workdir/hadoop-ozone/integration-test/target/test-dir/MiniOzoneClusterImpl-cdbcb096-6118-4bf2-bc8d-5446b0901881/datanode-1/data/ratis] (custom)
2019-09-27 10:01:28,346 [main] INFO  hdfs.DFSUtil (DFSUtil.java:httpServerTemplateForNNAndJN(1641)) - Starting Web-server for hddsDatanode at: http://0.0.0.0:0
2019-09-27 10:01:28,347 [main] INFO  server.AuthenticationFilter (AuthenticationFilter.java:constructSecretProvider(240)) - Unable to initialize FileSignerSecretProvider, falling back to use random secrets.
2019-09-27 10:01:28,348 [main] WARN  http.HttpRequestLog (HttpRequestLog.java:getRequestLog(97)) - Jetty request log can only be enabled using Log4j
2019-09-27 10:01:28,349 [main] INFO  http.HttpServer2 (HttpServer2.java:addGlobalFilter(975)) - Added global filter 'safety' (class=org.apache.hadoop.http.HttpServer2$QuotingInputFilter)
2019-09-27 10:01:28,350 [main] INFO  http.HttpServer2 (HttpServer2.java:addFilter(948)) - Added filter static_user_filter (class=org.apache.hadoop.http.lib.StaticUserWebFilter$StaticUserFilter) to context hddsDatanode
2019-09-27 10:01:28,350 [main] INFO  http.HttpServer2 (HttpServer2.java:addFilter(958)) - Added filter static_user_filter (class=org.apache.hadoop.http.lib.StaticUserWebFilter$StaticUserFilter) to context logs
2019-09-27 10:01:28,350 [main] INFO  http.HttpServer2 (HttpServer2.java:addFilter(958)) - Added filter static_user_filter (class=org.apache.hadoop.http.lib.StaticUserWebFilter$StaticUserFilter) to context static
2019-09-27 10:01:28,351 [main] INFO  http.HttpServer2 (HttpServer2.java:bindListener(1191)) - Jetty bound to port 39916
2019-09-27 10:01:28,351 [main] INFO  server.Server (Server.java:doStart(351)) - jetty-9.3.25.v20180904, build timestamp: 2018-09-04T21:11:46Z, git hash: 3ce520221d0240229c862b122d2b06c12a625732
2019-09-27 10:01:28,353 [main] INFO  handler.ContextHandler (ContextHandler.java:doStart(781)) - Started o.e.j.s.ServletContextHandler@7d21852b{/logs,file:///workdir/hadoop-ozone/integration-test/target/log,AVAILABLE}
2019-09-27 10:01:28,354 [main] INFO  handler.ContextHandler (ContextHandler.java:doStart(781)) - Started o.e.j.s.ServletContextHandler@3b8ec001{/static,jar:file:/home/user/.m2/repository/org/apache/hadoop/hadoop-hdds-container-service/0.5.0-SNAPSHOT/hadoop-hdds-container-service-0.5.0-SNAPSHOT.jar!/webapps/static,AVAILABLE}
2019-09-27 10:01:28,382 [main] INFO  handler.ContextHandler (ContextHandler.java:doStart(781)) - Started o.e.j.w.WebAppContext@7f973a14{/,file:///tmp/jetty-0.0.0.0-39916-hddsDatanode-_-any-6418005635129519544.dir/webapp/,AVAILABLE}{/hddsDatanode}
2019-09-27 10:01:28,382 [main] INFO  server.AbstractConnector (AbstractConnector.java:doStart(278)) - Started ServerConnector@76130a29{HTTP/1.1,[http/1.1]}{0.0.0.0:39916}
2019-09-27 10:01:28,383 [main] INFO  server.Server (Server.java:doStart(419)) - Started @143208ms
2019-09-27 10:01:28,384 [main] WARN  impl.MetricsSystemImpl (MetricsSystemImpl.java:register(276)) - Sink prometheus already exists!
2019-09-27 10:01:28,384 [main] INFO  server.BaseHttpServer (BaseHttpServer.java:updateConnectorAddress(215)) - HTTP server of HDDSDATANODE is listening at http://0.0.0.0:39916
2019-09-27 10:01:28,385 [main] INFO  impl.MetricsSystemImpl (MetricsSystemImpl.java:init(158)) - HddsDatanode metrics system started (again)
2019-09-27 10:01:28,387 [org.apache.hadoop.util.JvmPauseMonitor$Monitor@77098b3b] INFO  util.JvmPauseMonitor (JvmPauseMonitor.java:run(188)) - Starting JVM pause monitor
2019-09-27 10:01:28,388 [main] INFO  ozone.HddsDatanodeService (HddsDatanodeService.java:start(184)) - HddsDatanodeService host:pr-hdds2162-4fxhj-20988671 ip:192.168.151.103
2019-09-27 10:01:28,390 [Datanode State Machine Thread - 0] INFO  datanode.InitDatanodeState (InitDatanodeState.java:persistContainerDatanodeDetails(140)) - DatanodeDetails is persisted to /workdir/hadoop-ozone/integration-test/target/test-dir/MiniOzoneClusterImpl-cdbcb096-6118-4bf2-bc8d-5446b0901881/datanode-1/meta/datanode.id
2019-09-27 10:01:28,393 [main] INFO  volume.HddsVolume (HddsVolume.java:<init>(176)) - Creating Volume: /workdir/hadoop-ozone/integration-test/target/test-dir/MiniOzoneClusterImpl-cdbcb096-6118-4bf2-bc8d-5446b0901881/datanode-2/data/containers/hdds of  storage type : DISK and capacity : 1482555576320
2019-09-27 10:01:28,393 [main] INFO  volume.VolumeSet (VolumeSet.java:initializeVolumeSet(170)) - Added Volume : /workdir/hadoop-ozone/integration-test/target/test-dir/MiniOzoneClusterImpl-cdbcb096-6118-4bf2-bc8d-5446b0901881/datanode-2/data/containers/hdds to VolumeSet
2019-09-27 10:01:28,394 [main] INFO  volume.ThrottledAsyncChecker (ThrottledAsyncChecker.java:schedule(139)) - Scheduling a check for org.apache.hadoop.ozone.container.common.volume.HddsVolume@36920bd6
2019-09-27 10:01:28,394 [main] INFO  volume.HddsVolumeChecker (HddsVolumeChecker.java:checkAllVolumes(202)) - Scheduled health check for volume org.apache.hadoop.ozone.container.common.volume.HddsVolume@36920bd6
2019-09-27 10:01:28,409 [main] INFO  impl.RaftServerProxy (ConfUtils.java:logGet(43)) - raft.rpc.type = GRPC (default)
2019-09-27 10:01:28,409 [main] INFO  grpc.GrpcFactory (GrpcFactory.java:checkPooledByteBufAllocatorUseCacheForAllThreads(45)) - PERFORMANCE WARNING: useCacheForAllThreads is true that may cause Netty to create a lot garbage objects and, as a result, trigger GC.
	It is recommended to disable useCacheForAllThreads by setting -Dorg.apache.ratis.thirdparty.io.netty.allocator.useCacheForAllThreads=false in command line.
2019-09-27 10:01:28,409 [main] INFO  grpc.GrpcConfigKeys$Server (ConfUtils.java:logGet(43)) - raft.grpc.server.port = 0 (default)
2019-09-27 10:01:28,409 [main] INFO  server.GrpcService (ConfUtils.java:logGet(43)) - raft.grpc.message.size.max = 33570816 (custom)
2019-09-27 10:01:28,409 [main] INFO  server.RaftServerConfigKeys (ConfUtils.java:logGet(43)) - raft.server.log.appender.buffer.byte-limit = 33554432 (custom)
2019-09-27 10:01:28,410 [main] INFO  server.GrpcService (ConfUtils.java:logGet(43)) - raft.grpc.flow.control.window = 1MB (=1048576) (default)
2019-09-27 10:01:28,410 [main] INFO  server.RaftServerConfigKeys (ConfUtils.java:logGet(43)) - raft.server.rpc.request.timeout = 3000ms (default)
2019-09-27 10:01:28,410 [main] INFO  server.RaftServerConfigKeys (ConfUtils.java:logGet(43)) - raft.server.storage.dir = [/workdir/hadoop-ozone/integration-test/target/test-dir/MiniOzoneClusterImpl-cdbcb096-6118-4bf2-bc8d-5446b0901881/datanode-2/data/ratis] (custom)
2019-09-27 10:01:28,412 [main] INFO  hdfs.DFSUtil (DFSUtil.java:httpServerTemplateForNNAndJN(1641)) - Starting Web-server for hddsDatanode at: http://0.0.0.0:0
2019-09-27 10:01:28,413 [main] INFO  server.AuthenticationFilter (AuthenticationFilter.java:constructSecretProvider(240)) - Unable to initialize FileSignerSecretProvider, falling back to use random secrets.
2019-09-27 10:01:28,413 [main] WARN  http.HttpRequestLog (HttpRequestLog.java:getRequestLog(97)) - Jetty request log can only be enabled using Log4j
2019-09-27 10:01:28,414 [main] INFO  http.HttpServer2 (HttpServer2.java:addGlobalFilter(975)) - Added global filter 'safety' (class=org.apache.hadoop.http.HttpServer2$QuotingInputFilter)
2019-09-27 10:01:28,415 [main] INFO  http.HttpServer2 (HttpServer2.java:addFilter(948)) - Added filter static_user_filter (class=org.apache.hadoop.http.lib.StaticUserWebFilter$StaticUserFilter) to context hddsDatanode
2019-09-27 10:01:28,415 [main] INFO  http.HttpServer2 (HttpServer2.java:addFilter(958)) - Added filter static_user_filter (class=org.apache.hadoop.http.lib.StaticUserWebFilter$StaticUserFilter) to context logs
2019-09-27 10:01:28,415 [main] INFO  http.HttpServer2 (HttpServer2.java:addFilter(958)) - Added filter static_user_filter (class=org.apache.hadoop.http.lib.StaticUserWebFilter$StaticUserFilter) to context static
2019-09-27 10:01:28,416 [main] INFO  http.HttpServer2 (HttpServer2.java:bindListener(1191)) - Jetty bound to port 46072
2019-09-27 10:01:28,416 [main] INFO  server.Server (Server.java:doStart(351)) - jetty-9.3.25.v20180904, build timestamp: 2018-09-04T21:11:46Z, git hash: 3ce520221d0240229c862b122d2b06c12a625732
2019-09-27 10:01:28,418 [main] INFO  handler.ContextHandler (ContextHandler.java:doStart(781)) - Started o.e.j.s.ServletContextHandler@550de6b8{/logs,file:///workdir/hadoop-ozone/integration-test/target/log,AVAILABLE}
2019-09-27 10:01:28,418 [main] INFO  handler.ContextHandler (ContextHandler.java:doStart(781)) - Started o.e.j.s.ServletContextHandler@3c6c4689{/static,jar:file:/home/user/.m2/repository/org/apache/hadoop/hadoop-hdds-container-service/0.5.0-SNAPSHOT/hadoop-hdds-container-service-0.5.0-SNAPSHOT.jar!/webapps/static,AVAILABLE}
2019-09-27 10:01:28,453 [main] INFO  handler.ContextHandler (ContextHandler.java:doStart(781)) - Started o.e.j.w.WebAppContext@19a20bb2{/,file:///tmp/jetty-0.0.0.0-46072-hddsDatanode-_-any-6820705343509666784.dir/webapp/,AVAILABLE}{/hddsDatanode}
2019-09-27 10:01:28,454 [main] INFO  server.AbstractConnector (AbstractConnector.java:doStart(278)) - Started ServerConnector@75babb67{HTTP/1.1,[http/1.1]}{0.0.0.0:46072}
2019-09-27 10:01:28,455 [main] INFO  server.Server (Server.java:doStart(419)) - Started @143280ms
2019-09-27 10:01:28,455 [main] WARN  impl.MetricsSystemImpl (MetricsSystemImpl.java:register(276)) - Sink prometheus already exists!
2019-09-27 10:01:28,456 [main] INFO  server.BaseHttpServer (BaseHttpServer.java:updateConnectorAddress(215)) - HTTP server of HDDSDATANODE is listening at http://0.0.0.0:46072
2019-09-27 10:01:28,457 [main] INFO  impl.MetricsSystemImpl (MetricsSystemImpl.java:init(158)) - HddsDatanode metrics system started (again)
2019-09-27 10:01:28,460 [main] INFO  ozone.HddsDatanodeService (HddsDatanodeService.java:start(184)) - HddsDatanodeService host:pr-hdds2162-4fxhj-20988671 ip:192.168.151.103
2019-09-27 10:01:28,460 [org.apache.hadoop.util.JvmPauseMonitor$Monitor@2d411b96] INFO  util.JvmPauseMonitor (JvmPauseMonitor.java:run(188)) - Starting JVM pause monitor
2019-09-27 10:01:28,462 [Datanode State Machine Thread - 0] INFO  datanode.InitDatanodeState (InitDatanodeState.java:persistContainerDatanodeDetails(140)) - DatanodeDetails is persisted to /workdir/hadoop-ozone/integration-test/target/test-dir/MiniOzoneClusterImpl-cdbcb096-6118-4bf2-bc8d-5446b0901881/datanode-2/meta/datanode.id
2019-09-27 10:01:28,466 [main] INFO  volume.HddsVolume (HddsVolume.java:<init>(176)) - Creating Volume: /workdir/hadoop-ozone/integration-test/target/test-dir/MiniOzoneClusterImpl-cdbcb096-6118-4bf2-bc8d-5446b0901881/datanode-3/data/containers/hdds of  storage type : DISK and capacity : 1482555576320
2019-09-27 10:01:28,467 [main] INFO  volume.VolumeSet (VolumeSet.java:initializeVolumeSet(170)) - Added Volume : /workdir/hadoop-ozone/integration-test/target/test-dir/MiniOzoneClusterImpl-cdbcb096-6118-4bf2-bc8d-5446b0901881/datanode-3/data/containers/hdds to VolumeSet
2019-09-27 10:01:28,467 [main] INFO  volume.ThrottledAsyncChecker (ThrottledAsyncChecker.java:schedule(139)) - Scheduling a check for org.apache.hadoop.ozone.container.common.volume.HddsVolume@6d099323
2019-09-27 10:01:28,467 [main] INFO  volume.HddsVolumeChecker (HddsVolumeChecker.java:checkAllVolumes(202)) - Scheduled health check for volume org.apache.hadoop.ozone.container.common.volume.HddsVolume@6d099323
2019-09-27 10:01:28,480 [main] INFO  impl.RaftServerProxy (ConfUtils.java:logGet(43)) - raft.rpc.type = GRPC (default)
2019-09-27 10:01:28,481 [main] INFO  grpc.GrpcFactory (GrpcFactory.java:checkPooledByteBufAllocatorUseCacheForAllThreads(45)) - PERFORMANCE WARNING: useCacheForAllThreads is true that may cause Netty to create a lot garbage objects and, as a result, trigger GC.
	It is recommended to disable useCacheForAllThreads by setting -Dorg.apache.ratis.thirdparty.io.netty.allocator.useCacheForAllThreads=false in command line.
2019-09-27 10:01:28,481 [main] INFO  grpc.GrpcConfigKeys$Server (ConfUtils.java:logGet(43)) - raft.grpc.server.port = 0 (default)
2019-09-27 10:01:28,481 [main] INFO  server.GrpcService (ConfUtils.java:logGet(43)) - raft.grpc.message.size.max = 33570816 (custom)
2019-09-27 10:01:28,481 [main] INFO  server.RaftServerConfigKeys (ConfUtils.java:logGet(43)) - raft.server.log.appender.buffer.byte-limit = 33554432 (custom)
2019-09-27 10:01:28,481 [main] INFO  server.GrpcService (ConfUtils.java:logGet(43)) - raft.grpc.flow.control.window = 1MB (=1048576) (default)
2019-09-27 10:01:28,482 [main] INFO  server.RaftServerConfigKeys (ConfUtils.java:logGet(43)) - raft.server.rpc.request.timeout = 3000ms (default)
2019-09-27 10:01:28,482 [main] INFO  server.RaftServerConfigKeys (ConfUtils.java:logGet(43)) - raft.server.storage.dir = [/workdir/hadoop-ozone/integration-test/target/test-dir/MiniOzoneClusterImpl-cdbcb096-6118-4bf2-bc8d-5446b0901881/datanode-3/data/ratis] (custom)
2019-09-27 10:01:28,484 [main] INFO  hdfs.DFSUtil (DFSUtil.java:httpServerTemplateForNNAndJN(1641)) - Starting Web-server for hddsDatanode at: http://0.0.0.0:0
2019-09-27 10:01:28,485 [main] INFO  server.AuthenticationFilter (AuthenticationFilter.java:constructSecretProvider(240)) - Unable to initialize FileSignerSecretProvider, falling back to use random secrets.
2019-09-27 10:01:28,485 [main] WARN  http.HttpRequestLog (HttpRequestLog.java:getRequestLog(97)) - Jetty request log can only be enabled using Log4j
2019-09-27 10:01:28,486 [main] INFO  http.HttpServer2 (HttpServer2.java:addGlobalFilter(975)) - Added global filter 'safety' (class=org.apache.hadoop.http.HttpServer2$QuotingInputFilter)
2019-09-27 10:01:28,487 [main] INFO  http.HttpServer2 (HttpServer2.java:addFilter(948)) - Added filter static_user_filter (class=org.apache.hadoop.http.lib.StaticUserWebFilter$StaticUserFilter) to context hddsDatanode
2019-09-27 10:01:28,487 [main] INFO  http.HttpServer2 (HttpServer2.java:addFilter(958)) - Added filter static_user_filter (class=org.apache.hadoop.http.lib.StaticUserWebFilter$StaticUserFilter) to context static
2019-09-27 10:01:28,487 [main] INFO  http.HttpServer2 (HttpServer2.java:addFilter(958)) - Added filter static_user_filter (class=org.apache.hadoop.http.lib.StaticUserWebFilter$StaticUserFilter) to context logs
2019-09-27 10:01:28,488 [main] INFO  http.HttpServer2 (HttpServer2.java:bindListener(1191)) - Jetty bound to port 33261
2019-09-27 10:01:28,488 [main] INFO  server.Server (Server.java:doStart(351)) - jetty-9.3.25.v20180904, build timestamp: 2018-09-04T21:11:46Z, git hash: 3ce520221d0240229c862b122d2b06c12a625732
2019-09-27 10:01:28,490 [main] INFO  handler.ContextHandler (ContextHandler.java:doStart(781)) - Started o.e.j.s.ServletContextHandler@9e54c59{/logs,file:///workdir/hadoop-ozone/integration-test/target/log,AVAILABLE}
2019-09-27 10:01:28,490 [main] INFO  handler.ContextHandler (ContextHandler.java:doStart(781)) - Started o.e.j.s.ServletContextHandler@4a2e7bcb{/static,jar:file:/home/user/.m2/repository/org/apache/hadoop/hadoop-hdds-container-service/0.5.0-SNAPSHOT/hadoop-hdds-container-service-0.5.0-SNAPSHOT.jar!/webapps/static,AVAILABLE}
2019-09-27 10:01:28,518 [main] INFO  handler.ContextHandler (ContextHandler.java:doStart(781)) - Started o.e.j.w.WebAppContext@45b15381{/,file:///tmp/jetty-0.0.0.0-33261-hddsDatanode-_-any-2722564729703923700.dir/webapp/,AVAILABLE}{/hddsDatanode}
2019-09-27 10:01:28,518 [main] INFO  server.AbstractConnector (AbstractConnector.java:doStart(278)) - Started ServerConnector@2dbfcf7{HTTP/1.1,[http/1.1]}{0.0.0.0:33261}
2019-09-27 10:01:28,520 [main] INFO  server.Server (Server.java:doStart(419)) - Started @143344ms
2019-09-27 10:01:28,520 [main] WARN  impl.MetricsSystemImpl (MetricsSystemImpl.java:register(276)) - Sink prometheus already exists!
2019-09-27 10:01:28,520 [main] INFO  server.BaseHttpServer (BaseHttpServer.java:updateConnectorAddress(215)) - HTTP server of HDDSDATANODE is listening at http://0.0.0.0:33261
2019-09-27 10:01:28,521 [main] INFO  impl.MetricsSystemImpl (MetricsSystemImpl.java:init(158)) - HddsDatanode metrics system started (again)
2019-09-27 10:01:28,524 [main] INFO  ozone.HddsDatanodeService (HddsDatanodeService.java:start(184)) - HddsDatanodeService host:pr-hdds2162-4fxhj-20988671 ip:192.168.151.103
2019-09-27 10:01:28,525 [org.apache.hadoop.util.JvmPauseMonitor$Monitor@5afe8d69] INFO  util.JvmPauseMonitor (JvmPauseMonitor.java:run(188)) - Starting JVM pause monitor
2019-09-27 10:01:28,527 [Datanode State Machine Thread - 0] INFO  datanode.InitDatanodeState (InitDatanodeState.java:persistContainerDatanodeDetails(140)) - DatanodeDetails is persisted to /workdir/hadoop-ozone/integration-test/target/test-dir/MiniOzoneClusterImpl-cdbcb096-6118-4bf2-bc8d-5446b0901881/datanode-3/meta/datanode.id
2019-09-27 10:01:28,530 [main] INFO  volume.HddsVolume (HddsVolume.java:<init>(176)) - Creating Volume: /workdir/hadoop-ozone/integration-test/target/test-dir/MiniOzoneClusterImpl-cdbcb096-6118-4bf2-bc8d-5446b0901881/datanode-4/data/containers/hdds of  storage type : DISK and capacity : 1482555576320
2019-09-27 10:01:28,530 [main] INFO  volume.VolumeSet (VolumeSet.java:initializeVolumeSet(170)) - Added Volume : /workdir/hadoop-ozone/integration-test/target/test-dir/MiniOzoneClusterImpl-cdbcb096-6118-4bf2-bc8d-5446b0901881/datanode-4/data/containers/hdds to VolumeSet
2019-09-27 10:01:28,530 [main] INFO  volume.ThrottledAsyncChecker (ThrottledAsyncChecker.java:schedule(139)) - Scheduling a check for org.apache.hadoop.ozone.container.common.volume.HddsVolume@1fedf0a4
2019-09-27 10:01:28,531 [main] INFO  volume.HddsVolumeChecker (HddsVolumeChecker.java:checkAllVolumes(202)) - Scheduled health check for volume org.apache.hadoop.ozone.container.common.volume.HddsVolume@1fedf0a4
2019-09-27 10:01:28,544 [main] INFO  impl.RaftServerProxy (ConfUtils.java:logGet(43)) - raft.rpc.type = GRPC (default)
2019-09-27 10:01:28,544 [main] INFO  grpc.GrpcFactory (GrpcFactory.java:checkPooledByteBufAllocatorUseCacheForAllThreads(45)) - PERFORMANCE WARNING: useCacheForAllThreads is true that may cause Netty to create a lot garbage objects and, as a result, trigger GC.
	It is recommended to disable useCacheForAllThreads by setting -Dorg.apache.ratis.thirdparty.io.netty.allocator.useCacheForAllThreads=false in command line.
2019-09-27 10:01:28,545 [main] INFO  grpc.GrpcConfigKeys$Server (ConfUtils.java:logGet(43)) - raft.grpc.server.port = 0 (default)
2019-09-27 10:01:28,545 [main] INFO  server.GrpcService (ConfUtils.java:logGet(43)) - raft.grpc.message.size.max = 33570816 (custom)
2019-09-27 10:01:28,545 [main] INFO  server.RaftServerConfigKeys (ConfUtils.java:logGet(43)) - raft.server.log.appender.buffer.byte-limit = 33554432 (custom)
2019-09-27 10:01:28,545 [main] INFO  server.GrpcService (ConfUtils.java:logGet(43)) - raft.grpc.flow.control.window = 1MB (=1048576) (default)
2019-09-27 10:01:28,545 [main] INFO  server.RaftServerConfigKeys (ConfUtils.java:logGet(43)) - raft.server.rpc.request.timeout = 3000ms (default)
2019-09-27 10:01:28,546 [main] INFO  server.RaftServerConfigKeys (ConfUtils.java:logGet(43)) - raft.server.storage.dir = [/workdir/hadoop-ozone/integration-test/target/test-dir/MiniOzoneClusterImpl-cdbcb096-6118-4bf2-bc8d-5446b0901881/datanode-4/data/ratis] (custom)
2019-09-27 10:01:28,547 [main] INFO  hdfs.DFSUtil (DFSUtil.java:httpServerTemplateForNNAndJN(1641)) - Starting Web-server for hddsDatanode at: http://0.0.0.0:0
2019-09-27 10:01:28,548 [main] INFO  server.AuthenticationFilter (AuthenticationFilter.java:constructSecretProvider(240)) - Unable to initialize FileSignerSecretProvider, falling back to use random secrets.
2019-09-27 10:01:28,549 [main] WARN  http.HttpRequestLog (HttpRequestLog.java:getRequestLog(97)) - Jetty request log can only be enabled using Log4j
2019-09-27 10:01:28,550 [main] INFO  http.HttpServer2 (HttpServer2.java:addGlobalFilter(975)) - Added global filter 'safety' (class=org.apache.hadoop.http.HttpServer2$QuotingInputFilter)
2019-09-27 10:01:28,551 [main] INFO  http.HttpServer2 (HttpServer2.java:addFilter(948)) - Added filter static_user_filter (class=org.apache.hadoop.http.lib.StaticUserWebFilter$StaticUserFilter) to context hddsDatanode
2019-09-27 10:01:28,551 [main] INFO  http.HttpServer2 (HttpServer2.java:addFilter(958)) - Added filter static_user_filter (class=org.apache.hadoop.http.lib.StaticUserWebFilter$StaticUserFilter) to context logs
2019-09-27 10:01:28,551 [main] INFO  http.HttpServer2 (HttpServer2.java:addFilter(958)) - Added filter static_user_filter (class=org.apache.hadoop.http.lib.StaticUserWebFilter$StaticUserFilter) to context static
2019-09-27 10:01:28,552 [main] INFO  http.HttpServer2 (HttpServer2.java:bindListener(1191)) - Jetty bound to port 40775
2019-09-27 10:01:28,552 [main] INFO  server.Server (Server.java:doStart(351)) - jetty-9.3.25.v20180904, build timestamp: 2018-09-04T21:11:46Z, git hash: 3ce520221d0240229c862b122d2b06c12a625732
2019-09-27 10:01:28,554 [main] INFO  handler.ContextHandler (ContextHandler.java:doStart(781)) - Started o.e.j.s.ServletContextHandler@7668892a{/logs,file:///workdir/hadoop-ozone/integration-test/target/log,AVAILABLE}
2019-09-27 10:01:28,554 [main] INFO  handler.ContextHandler (ContextHandler.java:doStart(781)) - Started o.e.j.s.ServletContextHandler@7e83992{/static,jar:file:/home/user/.m2/repository/org/apache/hadoop/hadoop-hdds-container-service/0.5.0-SNAPSHOT/hadoop-hdds-container-service-0.5.0-SNAPSHOT.jar!/webapps/static,AVAILABLE}
2019-09-27 10:01:28,582 [main] INFO  handler.ContextHandler (ContextHandler.java:doStart(781)) - Started o.e.j.w.WebAppContext@7d17ee50{/,file:///tmp/jetty-0.0.0.0-40775-hddsDatanode-_-any-1745138996918721945.dir/webapp/,AVAILABLE}{/hddsDatanode}
2019-09-27 10:01:28,583 [main] INFO  server.AbstractConnector (AbstractConnector.java:doStart(278)) - Started ServerConnector@44fdce3c{HTTP/1.1,[http/1.1]}{0.0.0.0:40775}
2019-09-27 10:01:28,584 [main] INFO  server.Server (Server.java:doStart(419)) - Started @143408ms
2019-09-27 10:01:28,584 [main] WARN  impl.MetricsSystemImpl (MetricsSystemImpl.java:register(276)) - Sink prometheus already exists!
2019-09-27 10:01:28,585 [main] INFO  server.BaseHttpServer (BaseHttpServer.java:updateConnectorAddress(215)) - HTTP server of HDDSDATANODE is listening at http://0.0.0.0:40775
2019-09-27 10:01:28,585 [main] INFO  impl.MetricsSystemImpl (MetricsSystemImpl.java:init(158)) - HddsDatanode metrics system started (again)
2019-09-27 10:01:28,589 [main] INFO  ozone.HddsDatanodeService (HddsDatanodeService.java:start(184)) - HddsDatanodeService host:pr-hdds2162-4fxhj-20988671 ip:192.168.151.103
2019-09-27 10:01:28,589 [org.apache.hadoop.util.JvmPauseMonitor$Monitor@6e2591c3] INFO  util.JvmPauseMonitor (JvmPauseMonitor.java:run(188)) - Starting JVM pause monitor
2019-09-27 10:01:28,591 [Datanode State Machine Thread - 0] INFO  datanode.InitDatanodeState (InitDatanodeState.java:persistContainerDatanodeDetails(140)) - DatanodeDetails is persisted to /workdir/hadoop-ozone/integration-test/target/test-dir/MiniOzoneClusterImpl-cdbcb096-6118-4bf2-bc8d-5446b0901881/datanode-4/meta/datanode.id
2019-09-27 10:01:28,595 [main] INFO  volume.HddsVolume (HddsVolume.java:<init>(176)) - Creating Volume: /workdir/hadoop-ozone/integration-test/target/test-dir/MiniOzoneClusterImpl-cdbcb096-6118-4bf2-bc8d-5446b0901881/datanode-5/data/containers/hdds of  storage type : DISK and capacity : 1482555576320
2019-09-27 10:01:28,595 [main] INFO  volume.VolumeSet (VolumeSet.java:initializeVolumeSet(170)) - Added Volume : /workdir/hadoop-ozone/integration-test/target/test-dir/MiniOzoneClusterImpl-cdbcb096-6118-4bf2-bc8d-5446b0901881/datanode-5/data/containers/hdds to VolumeSet
2019-09-27 10:01:28,595 [main] INFO  volume.ThrottledAsyncChecker (ThrottledAsyncChecker.java:schedule(139)) - Scheduling a check for org.apache.hadoop.ozone.container.common.volume.HddsVolume@1e977098
2019-09-27 10:01:28,595 [main] INFO  volume.HddsVolumeChecker (HddsVolumeChecker.java:checkAllVolumes(202)) - Scheduled health check for volume org.apache.hadoop.ozone.container.common.volume.HddsVolume@1e977098
2019-09-27 10:01:28,610 [main] INFO  impl.RaftServerProxy (ConfUtils.java:logGet(43)) - raft.rpc.type = GRPC (default)
2019-09-27 10:01:28,610 [main] INFO  grpc.GrpcFactory (GrpcFactory.java:checkPooledByteBufAllocatorUseCacheForAllThreads(45)) - PERFORMANCE WARNING: useCacheForAllThreads is true that may cause Netty to create a lot garbage objects and, as a result, trigger GC.
	It is recommended to disable useCacheForAllThreads by setting -Dorg.apache.ratis.thirdparty.io.netty.allocator.useCacheForAllThreads=false in command line.
2019-09-27 10:01:28,610 [main] INFO  grpc.GrpcConfigKeys$Server (ConfUtils.java:logGet(43)) - raft.grpc.server.port = 0 (default)
2019-09-27 10:01:28,611 [main] INFO  server.GrpcService (ConfUtils.java:logGet(43)) - raft.grpc.message.size.max = 33570816 (custom)
2019-09-27 10:01:28,611 [main] INFO  server.RaftServerConfigKeys (ConfUtils.java:logGet(43)) - raft.server.log.appender.buffer.byte-limit = 33554432 (custom)
2019-09-27 10:01:28,611 [main] INFO  server.GrpcService (ConfUtils.java:logGet(43)) - raft.grpc.flow.control.window = 1MB (=1048576) (default)
2019-09-27 10:01:28,612 [main] INFO  server.RaftServerConfigKeys (ConfUtils.java:logGet(43)) - raft.server.rpc.request.timeout = 3000ms (default)
2019-09-27 10:01:28,612 [main] INFO  server.RaftServerConfigKeys (ConfUtils.java:logGet(43)) - raft.server.storage.dir = [/workdir/hadoop-ozone/integration-test/target/test-dir/MiniOzoneClusterImpl-cdbcb096-6118-4bf2-bc8d-5446b0901881/datanode-5/data/ratis] (custom)
2019-09-27 10:01:28,615 [main] INFO  hdfs.DFSUtil (DFSUtil.java:httpServerTemplateForNNAndJN(1641)) - Starting Web-server for hddsDatanode at: http://0.0.0.0:0
2019-09-27 10:01:28,616 [main] INFO  server.AuthenticationFilter (AuthenticationFilter.java:constructSecretProvider(240)) - Unable to initialize FileSignerSecretProvider, falling back to use random secrets.
2019-09-27 10:01:28,617 [main] WARN  http.HttpRequestLog (HttpRequestLog.java:getRequestLog(97)) - Jetty request log can only be enabled using Log4j
2019-09-27 10:01:28,618 [main] INFO  http.HttpServer2 (HttpServer2.java:addGlobalFilter(975)) - Added global filter 'safety' (class=org.apache.hadoop.http.HttpServer2$QuotingInputFilter)
2019-09-27 10:01:28,619 [main] INFO  http.HttpServer2 (HttpServer2.java:addFilter(948)) - Added filter static_user_filter (class=org.apache.hadoop.http.lib.StaticUserWebFilter$StaticUserFilter) to context hddsDatanode
2019-09-27 10:01:28,619 [main] INFO  http.HttpServer2 (HttpServer2.java:addFilter(958)) - Added filter static_user_filter (class=org.apache.hadoop.http.lib.StaticUserWebFilter$StaticUserFilter) to context logs
2019-09-27 10:01:28,619 [main] INFO  http.HttpServer2 (HttpServer2.java:addFilter(958)) - Added filter static_user_filter (class=org.apache.hadoop.http.lib.StaticUserWebFilter$StaticUserFilter) to context static
2019-09-27 10:01:28,620 [main] INFO  http.HttpServer2 (HttpServer2.java:bindListener(1191)) - Jetty bound to port 46596
2019-09-27 10:01:28,620 [main] INFO  server.Server (Server.java:doStart(351)) - jetty-9.3.25.v20180904, build timestamp: 2018-09-04T21:11:46Z, git hash: 3ce520221d0240229c862b122d2b06c12a625732
2019-09-27 10:01:28,622 [main] INFO  handler.ContextHandler (ContextHandler.java:doStart(781)) - Started o.e.j.s.ServletContextHandler@3a2e9f5b{/logs,file:///workdir/hadoop-ozone/integration-test/target/log,AVAILABLE}
2019-09-27 10:01:28,622 [main] INFO  handler.ContextHandler (ContextHandler.java:doStart(781)) - Started o.e.j.s.ServletContextHandler@10c47c79{/static,jar:file:/home/user/.m2/repository/org/apache/hadoop/hadoop-hdds-container-service/0.5.0-SNAPSHOT/hadoop-hdds-container-service-0.5.0-SNAPSHOT.jar!/webapps/static,AVAILABLE}
2019-09-27 10:01:28,649 [main] INFO  handler.ContextHandler (ContextHandler.java:doStart(781)) - Started o.e.j.w.WebAppContext@6ef60295{/,file:///tmp/jetty-0.0.0.0-46596-hddsDatanode-_-any-4895463877818236386.dir/webapp/,AVAILABLE}{/hddsDatanode}
2019-09-27 10:01:28,650 [main] INFO  server.AbstractConnector (AbstractConnector.java:doStart(278)) - Started ServerConnector@3127cb44{HTTP/1.1,[http/1.1]}{0.0.0.0:46596}
2019-09-27 10:01:28,651 [main] INFO  server.Server (Server.java:doStart(419)) - Started @143476ms
2019-09-27 10:01:28,651 [main] WARN  impl.MetricsSystemImpl (MetricsSystemImpl.java:register(276)) - Sink prometheus already exists!
2019-09-27 10:01:28,652 [main] INFO  server.BaseHttpServer (BaseHttpServer.java:updateConnectorAddress(215)) - HTTP server of HDDSDATANODE is listening at http://0.0.0.0:46596
2019-09-27 10:01:28,652 [main] INFO  impl.MetricsSystemImpl (MetricsSystemImpl.java:init(158)) - HddsDatanode metrics system started (again)
2019-09-27 10:01:28,656 [org.apache.hadoop.util.JvmPauseMonitor$Monitor@15e04c76] INFO  util.JvmPauseMonitor (JvmPauseMonitor.java:run(188)) - Starting JVM pause monitor
2019-09-27 10:01:28,656 [main] INFO  ozone.HddsDatanodeService (HddsDatanodeService.java:start(184)) - HddsDatanodeService host:pr-hdds2162-4fxhj-20988671 ip:192.168.151.103
2019-09-27 10:01:28,658 [Datanode State Machine Thread - 0] INFO  datanode.InitDatanodeState (InitDatanodeState.java:persistContainerDatanodeDetails(140)) - DatanodeDetails is persisted to /workdir/hadoop-ozone/integration-test/target/test-dir/MiniOzoneClusterImpl-cdbcb096-6118-4bf2-bc8d-5446b0901881/datanode-5/meta/datanode.id
2019-09-27 10:01:28,662 [main] INFO  volume.HddsVolume (HddsVolume.java:<init>(176)) - Creating Volume: /workdir/hadoop-ozone/integration-test/target/test-dir/MiniOzoneClusterImpl-cdbcb096-6118-4bf2-bc8d-5446b0901881/datanode-6/data/containers/hdds of  storage type : DISK and capacity : 1482555576320
2019-09-27 10:01:28,662 [main] INFO  volume.VolumeSet (VolumeSet.java:initializeVolumeSet(170)) - Added Volume : /workdir/hadoop-ozone/integration-test/target/test-dir/MiniOzoneClusterImpl-cdbcb096-6118-4bf2-bc8d-5446b0901881/datanode-6/data/containers/hdds to VolumeSet
2019-09-27 10:01:28,662 [main] INFO  volume.ThrottledAsyncChecker (ThrottledAsyncChecker.java:schedule(139)) - Scheduling a check for org.apache.hadoop.ozone.container.common.volume.HddsVolume@2577a95d
2019-09-27 10:01:28,663 [main] INFO  volume.HddsVolumeChecker (HddsVolumeChecker.java:checkAllVolumes(202)) - Scheduled health check for volume org.apache.hadoop.ozone.container.common.volume.HddsVolume@2577a95d
2019-09-27 10:01:28,674 [main] INFO  impl.RaftServerProxy (ConfUtils.java:logGet(43)) - raft.rpc.type = GRPC (default)
2019-09-27 10:01:28,674 [main] INFO  grpc.GrpcFactory (GrpcFactory.java:checkPooledByteBufAllocatorUseCacheForAllThreads(45)) - PERFORMANCE WARNING: useCacheForAllThreads is true that may cause Netty to create a lot garbage objects and, as a result, trigger GC.
	It is recommended to disable useCacheForAllThreads by setting -Dorg.apache.ratis.thirdparty.io.netty.allocator.useCacheForAllThreads=false in command line.
2019-09-27 10:01:28,674 [main] INFO  grpc.GrpcConfigKeys$Server (ConfUtils.java:logGet(43)) - raft.grpc.server.port = 0 (default)
2019-09-27 10:01:28,675 [main] INFO  server.GrpcService (ConfUtils.java:logGet(43)) - raft.grpc.message.size.max = 33570816 (custom)
2019-09-27 10:01:28,675 [main] INFO  server.RaftServerConfigKeys (ConfUtils.java:logGet(43)) - raft.server.log.appender.buffer.byte-limit = 33554432 (custom)
2019-09-27 10:01:28,675 [main] INFO  server.GrpcService (ConfUtils.java:logGet(43)) - raft.grpc.flow.control.window = 1MB (=1048576) (default)
2019-09-27 10:01:28,675 [main] INFO  server.RaftServerConfigKeys (ConfUtils.java:logGet(43)) - raft.server.rpc.request.timeout = 3000ms (default)
2019-09-27 10:01:28,676 [main] INFO  server.RaftServerConfigKeys (ConfUtils.java:logGet(43)) - raft.server.storage.dir = [/workdir/hadoop-ozone/integration-test/target/test-dir/MiniOzoneClusterImpl-cdbcb096-6118-4bf2-bc8d-5446b0901881/datanode-6/data/ratis] (custom)
2019-09-27 10:01:28,677 [main] INFO  hdfs.DFSUtil (DFSUtil.java:httpServerTemplateForNNAndJN(1641)) - Starting Web-server for hddsDatanode at: http://0.0.0.0:0
2019-09-27 10:01:28,678 [main] INFO  server.AuthenticationFilter (AuthenticationFilter.java:constructSecretProvider(240)) - Unable to initialize FileSignerSecretProvider, falling back to use random secrets.
2019-09-27 10:01:28,678 [main] WARN  http.HttpRequestLog (HttpRequestLog.java:getRequestLog(97)) - Jetty request log can only be enabled using Log4j
2019-09-27 10:01:28,680 [main] INFO  http.HttpServer2 (HttpServer2.java:addGlobalFilter(975)) - Added global filter 'safety' (class=org.apache.hadoop.http.HttpServer2$QuotingInputFilter)
2019-09-27 10:01:28,680 [main] INFO  http.HttpServer2 (HttpServer2.java:addFilter(948)) - Added filter static_user_filter (class=org.apache.hadoop.http.lib.StaticUserWebFilter$StaticUserFilter) to context hddsDatanode
2019-09-27 10:01:28,680 [main] INFO  http.HttpServer2 (HttpServer2.java:addFilter(958)) - Added filter static_user_filter (class=org.apache.hadoop.http.lib.StaticUserWebFilter$StaticUserFilter) to context static
2019-09-27 10:01:28,680 [main] INFO  http.HttpServer2 (HttpServer2.java:addFilter(958)) - Added filter static_user_filter (class=org.apache.hadoop.http.lib.StaticUserWebFilter$StaticUserFilter) to context logs
2019-09-27 10:01:28,681 [main] INFO  http.HttpServer2 (HttpServer2.java:bindListener(1191)) - Jetty bound to port 34562
2019-09-27 10:01:28,681 [main] INFO  server.Server (Server.java:doStart(351)) - jetty-9.3.25.v20180904, build timestamp: 2018-09-04T21:11:46Z, git hash: 3ce520221d0240229c862b122d2b06c12a625732
2019-09-27 10:01:28,683 [main] INFO  handler.ContextHandler (ContextHandler.java:doStart(781)) - Started o.e.j.s.ServletContextHandler@7209ffb5{/logs,file:///workdir/hadoop-ozone/integration-test/target/log,AVAILABLE}
2019-09-27 10:01:28,683 [main] INFO  handler.ContextHandler (ContextHandler.java:doStart(781)) - Started o.e.j.s.ServletContextHandler@2fe74516{/static,jar:file:/home/user/.m2/repository/org/apache/hadoop/hadoop-hdds-container-service/0.5.0-SNAPSHOT/hadoop-hdds-container-service-0.5.0-SNAPSHOT.jar!/webapps/static,AVAILABLE}
2019-09-27 10:01:28,716 [main] INFO  handler.ContextHandler (ContextHandler.java:doStart(781)) - Started o.e.j.w.WebAppContext@650c405c{/,file:///tmp/jetty-0.0.0.0-34562-hddsDatanode-_-any-5003588729566742589.dir/webapp/,AVAILABLE}{/hddsDatanode}
2019-09-27 10:01:28,718 [main] INFO  server.AbstractConnector (AbstractConnector.java:doStart(278)) - Started ServerConnector@20eaeaf8{HTTP/1.1,[http/1.1]}{0.0.0.0:34562}
2019-09-27 10:01:28,718 [main] INFO  server.Server (Server.java:doStart(419)) - Started @143543ms
2019-09-27 10:01:28,719 [main] WARN  impl.MetricsSystemImpl (MetricsSystemImpl.java:register(276)) - Sink prometheus already exists!
2019-09-27 10:01:28,719 [main] INFO  server.BaseHttpServer (BaseHttpServer.java:updateConnectorAddress(215)) - HTTP server of HDDSDATANODE is listening at http://0.0.0.0:34562
2019-09-27 10:01:28,720 [main] INFO  ozone.MiniOzoneClusterImpl (MiniOzoneClusterImpl.java:lambda$waitForClusterToBeReady$0(147)) - Waiting for cluster to be ready. Got 0 of 7 DN Heartbeats.
2019-09-27 10:01:28,722 [org.apache.hadoop.util.JvmPauseMonitor$Monitor@22db7152] INFO  util.JvmPauseMonitor (JvmPauseMonitor.java:run(188)) - Starting JVM pause monitor
2019-09-27 10:01:28,725 [Datanode State Machine Thread - 0] INFO  datanode.InitDatanodeState (InitDatanodeState.java:persistContainerDatanodeDetails(140)) - DatanodeDetails is persisted to /workdir/hadoop-ozone/integration-test/target/test-dir/MiniOzoneClusterImpl-cdbcb096-6118-4bf2-bc8d-5446b0901881/datanode-6/meta/datanode.id
2019-09-27 10:01:29,720 [main] INFO  ozone.MiniOzoneClusterImpl (MiniOzoneClusterImpl.java:lambda$waitForClusterToBeReady$0(147)) - Waiting for cluster to be ready. Got 0 of 7 DN Heartbeats.
2019-09-27 10:01:30,346 [Datanode State Machine Thread - 0] INFO  ozoneimpl.OzoneContainer (OzoneContainer.java:start(217)) - Attempting to start container services.
2019-09-27 10:01:30,349 [Datanode State Machine Thread - 0] INFO  ozoneimpl.OzoneContainer (OzoneContainer.java:startContainerScrub(179)) - Background container scanner has been disabled.
2019-09-27 10:01:30,349 [Datanode State Machine Thread - 0] INFO  ratis.XceiverServerRatis (XceiverServerRatis.java:start(411)) - Starting XceiverServerRatis e4aee8ab-3701-4138-bdf7-9839da9344db at port 0
2019-09-27 10:01:30,357 [Datanode State Machine Thread - 0] INFO  impl.RaftServerProxy (RaftServerProxy.java:lambda$start$3(299)) - e4aee8ab-3701-4138-bdf7-9839da9344db: start RPC server
2019-09-27 10:01:30,359 [Datanode State Machine Thread - 0] INFO  server.GrpcService (GrpcService.java:startImpl(158)) - e4aee8ab-3701-4138-bdf7-9839da9344db: GrpcService started, listening on 0.0.0.0/0.0.0.0:38331
2019-09-27 10:01:30,360 [Datanode State Machine Thread - 0] INFO  ratis.XceiverServerRatis (XceiverServerRatis.java:start(421)) - XceiverServerRatis e4aee8ab-3701-4138-bdf7-9839da9344db is started using port 38331
2019-09-27 10:01:30,361 [Datanode State Machine Thread - 0] INFO  server.XceiverServerGrpc (XceiverServerGrpc.java:start(149)) - XceiverServerGrpc e4aee8ab-3701-4138-bdf7-9839da9344db is started using port 43155
2019-09-27 10:01:30,403 [Datanode State Machine Thread - 0] INFO  ozoneimpl.OzoneContainer (OzoneContainer.java:start(217)) - Attempting to start container services.
2019-09-27 10:01:30,406 [Datanode State Machine Thread - 0] INFO  ozoneimpl.OzoneContainer (OzoneContainer.java:startContainerScrub(179)) - Background container scanner has been disabled.
2019-09-27 10:01:30,406 [Datanode State Machine Thread - 0] INFO  ratis.XceiverServerRatis (XceiverServerRatis.java:start(411)) - Starting XceiverServerRatis d0aee7ae-f9ea-4c15-9e81-76cf25fa0665 at port 0
2019-09-27 10:01:30,414 [Datanode State Machine Thread - 0] INFO  impl.RaftServerProxy (RaftServerProxy.java:lambda$start$3(299)) - d0aee7ae-f9ea-4c15-9e81-76cf25fa0665: start RPC server
2019-09-27 10:01:30,416 [Datanode State Machine Thread - 0] INFO  server.GrpcService (GrpcService.java:startImpl(158)) - d0aee7ae-f9ea-4c15-9e81-76cf25fa0665: GrpcService started, listening on 0.0.0.0/0.0.0.0:41706
2019-09-27 10:01:30,416 [Datanode State Machine Thread - 0] INFO  ratis.XceiverServerRatis (XceiverServerRatis.java:start(421)) - XceiverServerRatis d0aee7ae-f9ea-4c15-9e81-76cf25fa0665 is started using port 41706
2019-09-27 10:01:30,417 [Datanode State Machine Thread - 0] INFO  server.XceiverServerGrpc (XceiverServerGrpc.java:start(149)) - XceiverServerGrpc d0aee7ae-f9ea-4c15-9e81-76cf25fa0665 is started using port 43210
2019-09-27 10:01:30,475 [Datanode State Machine Thread - 0] INFO  ozoneimpl.OzoneContainer (OzoneContainer.java:start(217)) - Attempting to start container services.
2019-09-27 10:01:30,485 [Datanode State Machine Thread - 0] INFO  ozoneimpl.OzoneContainer (OzoneContainer.java:startContainerScrub(179)) - Background container scanner has been disabled.
2019-09-27 10:01:30,485 [Datanode State Machine Thread - 0] INFO  ratis.XceiverServerRatis (XceiverServerRatis.java:start(411)) - Starting XceiverServerRatis b4c9881e-ccdd-41f3-8b47-caf73170c791 at port 0
2019-09-27 10:01:30,493 [Datanode State Machine Thread - 0] INFO  impl.RaftServerProxy (RaftServerProxy.java:lambda$start$3(299)) - b4c9881e-ccdd-41f3-8b47-caf73170c791: start RPC server
2019-09-27 10:01:30,501 [Datanode State Machine Thread - 0] INFO  server.GrpcService (GrpcService.java:startImpl(158)) - b4c9881e-ccdd-41f3-8b47-caf73170c791: GrpcService started, listening on 0.0.0.0/0.0.0.0:37794
2019-09-27 10:01:30,501 [Datanode State Machine Thread - 0] INFO  ratis.XceiverServerRatis (XceiverServerRatis.java:start(421)) - XceiverServerRatis b4c9881e-ccdd-41f3-8b47-caf73170c791 is started using port 37794
2019-09-27 10:01:30,507 [Datanode State Machine Thread - 0] INFO  server.XceiverServerGrpc (XceiverServerGrpc.java:start(149)) - XceiverServerGrpc b4c9881e-ccdd-41f3-8b47-caf73170c791 is started using port 40104
2019-09-27 10:01:30,538 [Datanode State Machine Thread - 0] INFO  ozoneimpl.OzoneContainer (OzoneContainer.java:start(217)) - Attempting to start container services.
2019-09-27 10:01:30,538 [Datanode State Machine Thread - 0] INFO  ozoneimpl.OzoneContainer (OzoneContainer.java:startContainerScrub(179)) - Background container scanner has been disabled.
2019-09-27 10:01:30,539 [Datanode State Machine Thread - 0] INFO  ratis.XceiverServerRatis (XceiverServerRatis.java:start(411)) - Starting XceiverServerRatis 1006a943-b738-48bb-8dca-a3d46061f13e at port 0
2019-09-27 10:01:30,546 [Datanode State Machine Thread - 0] INFO  impl.RaftServerProxy (RaftServerProxy.java:lambda$start$3(299)) - 1006a943-b738-48bb-8dca-a3d46061f13e: start RPC server
2019-09-27 10:01:30,548 [Datanode State Machine Thread - 0] INFO  server.GrpcService (GrpcService.java:startImpl(158)) - 1006a943-b738-48bb-8dca-a3d46061f13e: GrpcService started, listening on 0.0.0.0/0.0.0.0:33924
2019-09-27 10:01:30,549 [Datanode State Machine Thread - 0] INFO  ratis.XceiverServerRatis (XceiverServerRatis.java:start(421)) - XceiverServerRatis 1006a943-b738-48bb-8dca-a3d46061f13e is started using port 33924
2019-09-27 10:01:30,551 [Datanode State Machine Thread - 0] INFO  server.XceiverServerGrpc (XceiverServerGrpc.java:start(149)) - XceiverServerGrpc 1006a943-b738-48bb-8dca-a3d46061f13e is started using port 39897
2019-09-27 10:01:30,604 [Datanode State Machine Thread - 0] INFO  ozoneimpl.OzoneContainer (OzoneContainer.java:start(217)) - Attempting to start container services.
2019-09-27 10:01:30,604 [Datanode State Machine Thread - 0] INFO  ozoneimpl.OzoneContainer (OzoneContainer.java:startContainerScrub(179)) - Background container scanner has been disabled.
2019-09-27 10:01:30,604 [Datanode State Machine Thread - 0] INFO  ratis.XceiverServerRatis (XceiverServerRatis.java:start(411)) - Starting XceiverServerRatis ca69c954-0527-45b8-aa74-abb1f8453a40 at port 0
2019-09-27 10:01:30,612 [Datanode State Machine Thread - 0] INFO  impl.RaftServerProxy (RaftServerProxy.java:lambda$start$3(299)) - ca69c954-0527-45b8-aa74-abb1f8453a40: start RPC server
2019-09-27 10:01:30,614 [Datanode State Machine Thread - 0] INFO  server.GrpcService (GrpcService.java:startImpl(158)) - ca69c954-0527-45b8-aa74-abb1f8453a40: GrpcService started, listening on 0.0.0.0/0.0.0.0:33275
2019-09-27 10:01:30,615 [Datanode State Machine Thread - 0] INFO  ratis.XceiverServerRatis (XceiverServerRatis.java:start(421)) - XceiverServerRatis ca69c954-0527-45b8-aa74-abb1f8453a40 is started using port 33275
2019-09-27 10:01:30,617 [Datanode State Machine Thread - 0] INFO  server.XceiverServerGrpc (XceiverServerGrpc.java:start(149)) - XceiverServerGrpc ca69c954-0527-45b8-aa74-abb1f8453a40 is started using port 33696
2019-09-27 10:01:30,673 [Datanode State Machine Thread - 0] INFO  ozoneimpl.OzoneContainer (OzoneContainer.java:start(217)) - Attempting to start container services.
2019-09-27 10:01:30,673 [Datanode State Machine Thread - 0] INFO  ozoneimpl.OzoneContainer (OzoneContainer.java:startContainerScrub(179)) - Background container scanner has been disabled.
2019-09-27 10:01:30,673 [Datanode State Machine Thread - 0] INFO  ratis.XceiverServerRatis (XceiverServerRatis.java:start(411)) - Starting XceiverServerRatis 010a5080-8642-4af5-99ba-788150127419 at port 0
2019-09-27 10:01:30,680 [Datanode State Machine Thread - 0] INFO  impl.RaftServerProxy (RaftServerProxy.java:lambda$start$3(299)) - 010a5080-8642-4af5-99ba-788150127419: start RPC server
2019-09-27 10:01:30,681 [Datanode State Machine Thread - 0] INFO  server.GrpcService (GrpcService.java:startImpl(158)) - 010a5080-8642-4af5-99ba-788150127419: GrpcService started, listening on 0.0.0.0/0.0.0.0:38175
2019-09-27 10:01:30,681 [Datanode State Machine Thread - 0] INFO  ratis.XceiverServerRatis (XceiverServerRatis.java:start(421)) - XceiverServerRatis 010a5080-8642-4af5-99ba-788150127419 is started using port 38175
2019-09-27 10:01:30,682 [Datanode State Machine Thread - 0] INFO  server.XceiverServerGrpc (XceiverServerGrpc.java:start(149)) - XceiverServerGrpc 010a5080-8642-4af5-99ba-788150127419 is started using port 34814
2019-09-27 10:01:30,721 [main] INFO  ozone.MiniOzoneClusterImpl (MiniOzoneClusterImpl.java:lambda$waitForClusterToBeReady$0(147)) - Waiting for cluster to be ready. Got 0 of 7 DN Heartbeats.
2019-09-27 10:01:30,738 [Datanode State Machine Thread - 0] INFO  ozoneimpl.OzoneContainer (OzoneContainer.java:start(217)) - Attempting to start container services.
2019-09-27 10:01:30,739 [Datanode State Machine Thread - 0] INFO  ozoneimpl.OzoneContainer (OzoneContainer.java:startContainerScrub(179)) - Background container scanner has been disabled.
2019-09-27 10:01:30,739 [Datanode State Machine Thread - 0] INFO  ratis.XceiverServerRatis (XceiverServerRatis.java:start(411)) - Starting XceiverServerRatis e156b416-77a3-4e07-9c94-a4b27caf2078 at port 0
2019-09-27 10:01:30,749 [Datanode State Machine Thread - 0] INFO  impl.RaftServerProxy (RaftServerProxy.java:lambda$start$3(299)) - e156b416-77a3-4e07-9c94-a4b27caf2078: start RPC server
2019-09-27 10:01:30,750 [Datanode State Machine Thread - 0] INFO  server.GrpcService (GrpcService.java:startImpl(158)) - e156b416-77a3-4e07-9c94-a4b27caf2078: GrpcService started, listening on 0.0.0.0/0.0.0.0:39366
2019-09-27 10:01:30,750 [Datanode State Machine Thread - 0] INFO  ratis.XceiverServerRatis (XceiverServerRatis.java:start(421)) - XceiverServerRatis e156b416-77a3-4e07-9c94-a4b27caf2078 is started using port 39366
2019-09-27 10:01:30,751 [Datanode State Machine Thread - 0] INFO  server.XceiverServerGrpc (XceiverServerGrpc.java:start(149)) - XceiverServerGrpc e156b416-77a3-4e07-9c94-a4b27caf2078 is started using port 42378
2019-09-27 10:01:31,721 [main] INFO  ozone.MiniOzoneClusterImpl (MiniOzoneClusterImpl.java:lambda$waitForClusterToBeReady$0(147)) - Waiting for cluster to be ready. Got 0 of 7 DN Heartbeats.
2019-09-27 10:01:32,328 [IPC Server handler 2 on 35414] INFO  net.NetworkTopology (NetworkTopologyImpl.java:add(111)) - Added a new node: /default-rack/e4aee8ab-3701-4138-bdf7-9839da9344db
2019-09-27 10:01:32,331 [IPC Server handler 2 on 35414] INFO  node.SCMNodeManager (SCMNodeManager.java:register(266)) - Registered Data node : e4aee8ab-3701-4138-bdf7-9839da9344db{ip: 192.168.151.103, host: pr-hdds2162-4fxhj-20988671, networkLocation: /default-rack, certSerialId: null}
2019-09-27 10:01:32,332 [EventQueue-NodeRegistrationContainerReportForDataNodeSafeModeRule] INFO  safemode.SCMSafeModeManager (DataNodeSafeModeRule.java:process(71)) - SCM in safe mode. 1 DataNodes registered, 1 required.
2019-09-27 10:01:32,334 [EventQueue-NodeRegistrationContainerReportForDataNodeSafeModeRule] INFO  safemode.SCMSafeModeManager (SCMSafeModeManager.java:validateSafeModeExitRules(177)) - ScmSafeModeManager, all rules are successfully validated
2019-09-27 10:01:32,335 [EventQueue-NodeRegistrationContainerReportForDataNodeSafeModeRule] INFO  safemode.SCMSafeModeManager (SCMSafeModeManager.java:exitSafeMode(193)) - SCM exiting safe mode.
2019-09-27 10:01:32,375 [grpc-default-executor-0] INFO  impl.RaftServerProxy (RaftServerProxy.java:addNew(89)) - e4aee8ab-3701-4138-bdf7-9839da9344db: addNew group-6248E5CC11B2:[e4aee8ab-3701-4138-bdf7-9839da9344db:192.168.151.103:38331] returns group-6248E5CC11B2:java.util.concurrent.CompletableFuture@72d051e2[Not completed]
2019-09-27 10:01:32,381 [pool-117-thread-1] INFO  impl.RaftServerImpl (RaftServerImpl.java:<init>(95)) - e4aee8ab-3701-4138-bdf7-9839da9344db: new RaftServerImpl for group-6248E5CC11B2:[e4aee8ab-3701-4138-bdf7-9839da9344db:192.168.151.103:38331] with ContainerStateMachine:uninitialized
2019-09-27 10:01:32,381 [pool-117-thread-1] INFO  server.RaftServerConfigKeys (ConfUtils.java:logGet(43)) - raft.server.rpc.timeout.min = 5s (custom)
2019-09-27 10:01:32,381 [pool-117-thread-1] INFO  server.RaftServerConfigKeys (ConfUtils.java:logGet(43)) - raft.server.rpc.timeout.max = 5200ms (custom)
2019-09-27 10:01:32,381 [pool-117-thread-1] INFO  server.RaftServerConfigKeys (ConfUtils.java:logGet(43)) - raft.server.rpcslowness.timeout = 120s (custom)
2019-09-27 10:01:32,382 [pool-117-thread-1] INFO  server.RaftServerConfigKeys (ConfUtils.java:logGet(43)) - raft.server.sleep.deviation.threshold = 300 (default)
2019-09-27 10:01:32,382 [pool-117-thread-1] INFO  server.RaftServerConfigKeys (ConfUtils.java:logGet(43)) - raft.server.log.appender.install.snapshot.enabled = false (custom)
2019-09-27 10:01:32,382 [pool-117-thread-1] INFO  impl.RaftServerImpl (ServerState.java:<init>(103)) - e4aee8ab-3701-4138-bdf7-9839da9344db@group-6248E5CC11B2: ConfigurationManager, init=-1: [e4aee8ab-3701-4138-bdf7-9839da9344db:192.168.151.103:38331], old=null, confs=<EMPTY_MAP>
2019-09-27 10:01:32,382 [pool-117-thread-1] INFO  server.RaftServerConfigKeys (ConfUtils.java:logGet(43)) - raft.server.storage.dir = [/workdir/hadoop-ozone/integration-test/target/test-dir/MiniOzoneClusterImpl-cdbcb096-6118-4bf2-bc8d-5446b0901881/datanode-0/data/ratis] (custom)
2019-09-27 10:01:32,383 [pool-117-thread-1] INFO  storage.RaftStorageDirectory (RaftStorageDirectory.java:analyzeStorage(246)) - The storage directory /workdir/hadoop-ozone/integration-test/target/test-dir/MiniOzoneClusterImpl-cdbcb096-6118-4bf2-bc8d-5446b0901881/datanode-0/data/ratis/6eb2a63d-8bf2-416e-a01d-6248e5cc11b2 does not exist. Creating ...
2019-09-27 10:01:32,388 [IPC Server handler 3 on 35414] INFO  net.NetworkTopology (NetworkTopologyImpl.java:add(111)) - Added a new node: /default-rack/d0aee7ae-f9ea-4c15-9e81-76cf25fa0665
2019-09-27 10:01:32,389 [IPC Server handler 3 on 35414] INFO  node.SCMNodeManager (SCMNodeManager.java:register(266)) - Registered Data node : d0aee7ae-f9ea-4c15-9e81-76cf25fa0665{ip: 192.168.151.103, host: pr-hdds2162-4fxhj-20988671, networkLocation: /default-rack, certSerialId: null}
2019-09-27 10:01:32,408 [pool-117-thread-1] INFO  storage.RaftStorageDirectory (RaftStorageDirectory.java:tryLock(328)) - Lock on /workdir/hadoop-ozone/integration-test/target/test-dir/MiniOzoneClusterImpl-cdbcb096-6118-4bf2-bc8d-5446b0901881/datanode-0/data/ratis/6eb2a63d-8bf2-416e-a01d-6248e5cc11b2/in_use.lock acquired by nodename 30667@pr-hdds2162-4fxhj-20988671
2019-09-27 10:01:32,422 [pool-117-thread-1] INFO  storage.RaftStorage (RaftStorage.java:format(72)) - Storage directory /workdir/hadoop-ozone/integration-test/target/test-dir/MiniOzoneClusterImpl-cdbcb096-6118-4bf2-bc8d-5446b0901881/datanode-0/data/ratis/6eb2a63d-8bf2-416e-a01d-6248e5cc11b2 has been successfully formatted.
2019-09-27 10:01:32,422 [pool-117-thread-1] INFO  ratis.ContainerStateMachine (ContainerStateMachine.java:loadSnapshot(230)) - group-6248E5CC11B2: The snapshot info is null. Setting the last applied indexto:(t:0, i:~)
2019-09-27 10:01:32,423 [pool-117-thread-1] INFO  server.RaftServerConfigKeys (ConfUtils.java:logGet(43)) - raft.server.notification.no-leader.timeout = 120s (custom)
2019-09-27 10:01:32,423 [pool-117-thread-1] INFO  server.RaftServerConfigKeys (ConfUtils.java:logGet(43)) - raft.server.log.use.memory = false (default)
2019-09-27 10:01:32,423 [pool-117-thread-1] INFO  server.RaftServerConfigKeys (ConfUtils.java:logGet(43)) - raft.server.log.purge.gap = 1000000 (custom)
2019-09-27 10:01:32,423 [pool-117-thread-1] INFO  server.RaftServerConfigKeys (ConfUtils.java:logGet(43)) - raft.server.log.appender.buffer.byte-limit = 33554432 (custom)
2019-09-27 10:01:32,424 [pool-117-thread-1] INFO  server.RaftServerConfigKeys (ConfUtils.java:logGet(43)) - raft.server.log.segment.size.max = 1048576 (custom)
2019-09-27 10:01:32,424 [pool-117-thread-1] INFO  server.RaftServerConfigKeys (ConfUtils.java:logGet(43)) - raft.server.log.segment.cache.num.max = 2 (custom)
2019-09-27 10:01:32,424 [pool-117-thread-1] INFO  segmented.SegmentedRaftLogWorker (SegmentedRaftLogWorker.java:<init>(172)) - new e4aee8ab-3701-4138-bdf7-9839da9344db@group-6248E5CC11B2-SegmentedRaftLogWorker for RaftStorage:Storage Directory /workdir/hadoop-ozone/integration-test/target/test-dir/MiniOzoneClusterImpl-cdbcb096-6118-4bf2-bc8d-5446b0901881/datanode-0/data/ratis/6eb2a63d-8bf2-416e-a01d-6248e5cc11b2
2019-09-27 10:01:32,427 [pool-117-thread-1] INFO  server.RaftServerConfigKeys (ConfUtils.java:logGet(43)) - raft.server.log.queue.byte-limit = 2147483647 (custom)
2019-09-27 10:01:32,427 [pool-117-thread-1] INFO  server.RaftServerConfigKeys (ConfUtils.java:logGet(43)) - raft.server.log.queue.element-limit = 1024 (custom)
2019-09-27 10:01:32,428 [pool-117-thread-1] INFO  server.RaftServerConfigKeys (ConfUtils.java:logGet(43)) - raft.server.log.segment.size.max = 1048576 (custom)
2019-09-27 10:01:32,428 [pool-117-thread-1] INFO  server.RaftServerConfigKeys (ConfUtils.java:logGet(43)) - raft.server.log.preallocated.size = 16384 (custom)
2019-09-27 10:01:32,428 [pool-117-thread-1] INFO  server.RaftServerConfigKeys (ConfUtils.java:logGet(43)) - raft.server.log.write.buffer.size = 33554432 (custom)
2019-09-27 10:01:32,429 [pool-117-thread-1] INFO  server.RaftServerConfigKeys (ConfUtils.java:logGet(43)) - raft.server.log.force.sync.num = 128 (default)
2019-09-27 10:01:32,429 [pool-117-thread-1] INFO  server.RaftServerConfigKeys (ConfUtils.java:logGet(43)) - raft.server.log.statemachine.data.sync = true (default)
2019-09-27 10:01:32,429 [pool-117-thread-1] INFO  server.RaftServerConfigKeys (ConfUtils.java:logGet(43)) - raft.server.log.statemachine.data.sync.timeout = 10s (default)
2019-09-27 10:01:32,429 [pool-117-thread-1] INFO  server.RaftServerConfigKeys (ConfUtils.java:logGet(43)) - raft.server.log.statemachine.data.sync.timeout.retry = -1 (default)
2019-09-27 10:01:32,430 [pool-117-thread-1] INFO  server.RaftServerConfigKeys (ConfUtils.java:logGet(43)) - raft.server.log.statemachine.data.caching.enabled = true (custom)
2019-09-27 10:01:32,430 [pool-117-thread-1] INFO  segmented.SegmentedRaftLogWorker (SegmentedRaftLogWorker.java:lambda$new$0(132)) - e4aee8ab-3701-4138-bdf7-9839da9344db@group-6248E5CC11B2-SegmentedRaftLogWorker: flushIndex: setUnconditionally 0 -> -1
2019-09-27 10:01:32,431 [pool-117-thread-1] INFO  server.RaftServerConfigKeys (ConfUtils.java:logGet(43)) - raft.server.snapshot.auto.trigger.enabled = true (custom)
2019-09-27 10:01:32,431 [pool-117-thread-1] INFO  server.RaftServerConfigKeys (ConfUtils.java:logGet(43)) - raft.server.snapshot.auto.trigger.threshold = 10000 (custom)
2019-09-27 10:01:32,431 [pool-117-thread-1] INFO  server.RaftServerConfigKeys (ConfUtils.java:logGet(43)) - raft.server.snapshot.retention.num.files = 5 (custom)
2019-09-27 10:01:32,431 [pool-117-thread-1] INFO  server.RaftServerConfigKeys (ConfUtils.java:logGet(43)) - raft.server.retrycache.expirytime = 600000ms (custom)
2019-09-27 10:01:32,434 [pool-117-thread-1] INFO  impl.RaftServerImpl (RaftServerImpl.java:start(185)) - e4aee8ab-3701-4138-bdf7-9839da9344db@group-6248E5CC11B2: start as a follower, conf=-1: [e4aee8ab-3701-4138-bdf7-9839da9344db:192.168.151.103:38331], old=null
2019-09-27 10:01:32,434 [pool-117-thread-1] INFO  impl.RaftServerImpl (RaftServerImpl.java:setRole(174)) - e4aee8ab-3701-4138-bdf7-9839da9344db@group-6248E5CC11B2: changes role from      null to FOLLOWER at term 0 for startAsFollower
2019-09-27 10:01:32,435 [pool-117-thread-1] INFO  impl.RoleInfo (RoleInfo.java:updateAndGet(143)) - e4aee8ab-3701-4138-bdf7-9839da9344db: start FollowerState
2019-09-27 10:01:32,435 [pool-117-thread-1] INFO  util.JmxRegister (JmxRegister.java:tryRegister(44)) - Successfully registered JMX Bean with object name Ratis:service=RaftServer,group=group-6248E5CC11B2,id=e4aee8ab-3701-4138-bdf7-9839da9344db
2019-09-27 10:01:32,451 [RatisPipelineUtilsThread] INFO  pipeline.PipelineStateManager (PipelineStateManager.java:addPipeline(56)) - Created pipeline Pipeline[ Id: 6eb2a63d-8bf2-416e-a01d-6248e5cc11b2, Nodes: e4aee8ab-3701-4138-bdf7-9839da9344db{ip: 192.168.151.103, host: pr-hdds2162-4fxhj-20988671, networkLocation: /default-rack, certSerialId: null}, Type:RATIS, Factor:ONE, State:OPEN]
2019-09-27 10:01:32,469 [grpc-default-executor-0] INFO  impl.RaftServerProxy (RaftServerProxy.java:addNew(89)) - d0aee7ae-f9ea-4c15-9e81-76cf25fa0665: addNew group-891BE9262B2B:[d0aee7ae-f9ea-4c15-9e81-76cf25fa0665:192.168.151.103:41706] returns group-891BE9262B2B:java.util.concurrent.CompletableFuture@62d0bc54[Not completed]
2019-09-27 10:01:32,469 [IPC Server handler 4 on 35414] INFO  net.NetworkTopology (NetworkTopologyImpl.java:add(111)) - Added a new node: /default-rack/b4c9881e-ccdd-41f3-8b47-caf73170c791
2019-09-27 10:01:32,470 [IPC Server handler 4 on 35414] INFO  node.SCMNodeManager (SCMNodeManager.java:register(266)) - Registered Data node : b4c9881e-ccdd-41f3-8b47-caf73170c791{ip: 192.168.151.103, host: pr-hdds2162-4fxhj-20988671, networkLocation: /default-rack, certSerialId: null}
2019-09-27 10:01:32,471 [pool-127-thread-1] INFO  impl.RaftServerImpl (RaftServerImpl.java:<init>(95)) - d0aee7ae-f9ea-4c15-9e81-76cf25fa0665: new RaftServerImpl for group-891BE9262B2B:[d0aee7ae-f9ea-4c15-9e81-76cf25fa0665:192.168.151.103:41706] with ContainerStateMachine:uninitialized
2019-09-27 10:01:32,472 [pool-127-thread-1] INFO  server.RaftServerConfigKeys (ConfUtils.java:logGet(43)) - raft.server.rpc.timeout.min = 5s (custom)
2019-09-27 10:01:32,472 [pool-127-thread-1] INFO  server.RaftServerConfigKeys (ConfUtils.java:logGet(43)) - raft.server.rpc.timeout.max = 5200ms (custom)
2019-09-27 10:01:32,472 [pool-127-thread-1] INFO  server.RaftServerConfigKeys (ConfUtils.java:logGet(43)) - raft.server.rpcslowness.timeout = 120s (custom)
2019-09-27 10:01:32,472 [pool-127-thread-1] INFO  server.RaftServerConfigKeys (ConfUtils.java:logGet(43)) - raft.server.sleep.deviation.threshold = 300 (default)
2019-09-27 10:01:32,473 [pool-127-thread-1] INFO  server.RaftServerConfigKeys (ConfUtils.java:logGet(43)) - raft.server.log.appender.install.snapshot.enabled = false (custom)
2019-09-27 10:01:32,473 [pool-127-thread-1] INFO  impl.RaftServerImpl (ServerState.java:<init>(103)) - d0aee7ae-f9ea-4c15-9e81-76cf25fa0665@group-891BE9262B2B: ConfigurationManager, init=-1: [d0aee7ae-f9ea-4c15-9e81-76cf25fa0665:192.168.151.103:41706], old=null, confs=<EMPTY_MAP>
2019-09-27 10:01:32,473 [pool-127-thread-1] INFO  server.RaftServerConfigKeys (ConfUtils.java:logGet(43)) - raft.server.storage.dir = [/workdir/hadoop-ozone/integration-test/target/test-dir/MiniOzoneClusterImpl-cdbcb096-6118-4bf2-bc8d-5446b0901881/datanode-1/data/ratis] (custom)
2019-09-27 10:01:32,474 [pool-127-thread-1] INFO  storage.RaftStorageDirectory (RaftStorageDirectory.java:analyzeStorage(246)) - The storage directory /workdir/hadoop-ozone/integration-test/target/test-dir/MiniOzoneClusterImpl-cdbcb096-6118-4bf2-bc8d-5446b0901881/datanode-1/data/ratis/e710023a-d646-41ad-a399-891be9262b2b does not exist. Creating ...
2019-09-27 10:01:32,489 [pool-127-thread-1] INFO  storage.RaftStorageDirectory (RaftStorageDirectory.java:tryLock(328)) - Lock on /workdir/hadoop-ozone/integration-test/target/test-dir/MiniOzoneClusterImpl-cdbcb096-6118-4bf2-bc8d-5446b0901881/datanode-1/data/ratis/e710023a-d646-41ad-a399-891be9262b2b/in_use.lock acquired by nodename 30667@pr-hdds2162-4fxhj-20988671
2019-09-27 10:01:32,514 [pool-127-thread-1] INFO  storage.RaftStorage (RaftStorage.java:format(72)) - Storage directory /workdir/hadoop-ozone/integration-test/target/test-dir/MiniOzoneClusterImpl-cdbcb096-6118-4bf2-bc8d-5446b0901881/datanode-1/data/ratis/e710023a-d646-41ad-a399-891be9262b2b has been successfully formatted.
2019-09-27 10:01:32,514 [pool-127-thread-1] INFO  ratis.ContainerStateMachine (ContainerStateMachine.java:loadSnapshot(230)) - group-891BE9262B2B: The snapshot info is null. Setting the last applied indexto:(t:0, i:~)
2019-09-27 10:01:32,514 [pool-127-thread-1] INFO  server.RaftServerConfigKeys (ConfUtils.java:logGet(43)) - raft.server.notification.no-leader.timeout = 120s (custom)
2019-09-27 10:01:32,514 [pool-127-thread-1] INFO  server.RaftServerConfigKeys (ConfUtils.java:logGet(43)) - raft.server.log.use.memory = false (default)
2019-09-27 10:01:32,515 [pool-127-thread-1] INFO  server.RaftServerConfigKeys (ConfUtils.java:logGet(43)) - raft.server.log.purge.gap = 1000000 (custom)
2019-09-27 10:01:32,515 [pool-127-thread-1] INFO  server.RaftServerConfigKeys (ConfUtils.java:logGet(43)) - raft.server.log.appender.buffer.byte-limit = 33554432 (custom)
2019-09-27 10:01:32,515 [pool-127-thread-1] INFO  server.RaftServerConfigKeys (ConfUtils.java:logGet(43)) - raft.server.log.segment.size.max = 1048576 (custom)
2019-09-27 10:01:32,516 [pool-127-thread-1] INFO  server.RaftServerConfigKeys (ConfUtils.java:logGet(43)) - raft.server.log.segment.cache.num.max = 2 (custom)
2019-09-27 10:01:32,516 [pool-127-thread-1] INFO  segmented.SegmentedRaftLogWorker (SegmentedRaftLogWorker.java:<init>(172)) - new d0aee7ae-f9ea-4c15-9e81-76cf25fa0665@group-891BE9262B2B-SegmentedRaftLogWorker for RaftStorage:Storage Directory /workdir/hadoop-ozone/integration-test/target/test-dir/MiniOzoneClusterImpl-cdbcb096-6118-4bf2-bc8d-5446b0901881/datanode-1/data/ratis/e710023a-d646-41ad-a399-891be9262b2b
2019-09-27 10:01:32,519 [pool-127-thread-1] INFO  server.RaftServerConfigKeys (ConfUtils.java:logGet(43)) - raft.server.log.queue.byte-limit = 2147483647 (custom)
2019-09-27 10:01:32,520 [pool-127-thread-1] INFO  server.RaftServerConfigKeys (ConfUtils.java:logGet(43)) - raft.server.log.queue.element-limit = 1024 (custom)
2019-09-27 10:01:32,520 [pool-127-thread-1] INFO  server.RaftServerConfigKeys (ConfUtils.java:logGet(43)) - raft.server.log.segment.size.max = 1048576 (custom)
2019-09-27 10:01:32,520 [pool-127-thread-1] INFO  server.RaftServerConfigKeys (ConfUtils.java:logGet(43)) - raft.server.log.preallocated.size = 16384 (custom)
2019-09-27 10:01:32,520 [pool-127-thread-1] INFO  server.RaftServerConfigKeys (ConfUtils.java:logGet(43)) - raft.server.log.write.buffer.size = 33554432 (custom)
2019-09-27 10:01:32,521 [pool-127-thread-1] INFO  server.RaftServerConfigKeys (ConfUtils.java:logGet(43)) - raft.server.log.force.sync.num = 128 (default)
2019-09-27 10:01:32,521 [pool-127-thread-1] INFO  server.RaftServerConfigKeys (ConfUtils.java:logGet(43)) - raft.server.log.statemachine.data.sync = true (default)
2019-09-27 10:01:32,521 [pool-127-thread-1] INFO  server.RaftServerConfigKeys (ConfUtils.java:logGet(43)) - raft.server.log.statemachine.data.sync.timeout = 10s (default)
2019-09-27 10:01:32,521 [pool-127-thread-1] INFO  server.RaftServerConfigKeys (ConfUtils.java:logGet(43)) - raft.server.log.statemachine.data.sync.timeout.retry = -1 (default)
2019-09-27 10:01:32,522 [pool-127-thread-1] INFO  server.RaftServerConfigKeys (ConfUtils.java:logGet(43)) - raft.server.log.statemachine.data.caching.enabled = true (custom)
2019-09-27 10:01:32,522 [pool-127-thread-1] INFO  segmented.SegmentedRaftLogWorker (SegmentedRaftLogWorker.java:lambda$new$0(132)) - d0aee7ae-f9ea-4c15-9e81-76cf25fa0665@group-891BE9262B2B-SegmentedRaftLogWorker: flushIndex: setUnconditionally 0 -> -1
2019-09-27 10:01:32,523 [pool-127-thread-1] INFO  server.RaftServerConfigKeys (ConfUtils.java:logGet(43)) - raft.server.snapshot.auto.trigger.enabled = true (custom)
2019-09-27 10:01:32,523 [pool-127-thread-1] INFO  server.RaftServerConfigKeys (ConfUtils.java:logGet(43)) - raft.server.snapshot.auto.trigger.threshold = 10000 (custom)
2019-09-27 10:01:32,523 [pool-127-thread-1] INFO  server.RaftServerConfigKeys (ConfUtils.java:logGet(43)) - raft.server.snapshot.retention.num.files = 5 (custom)
2019-09-27 10:01:32,523 [pool-127-thread-1] INFO  server.RaftServerConfigKeys (ConfUtils.java:logGet(43)) - raft.server.retrycache.expirytime = 600000ms (custom)
2019-09-27 10:01:32,526 [IPC Server handler 5 on 35414] INFO  net.NetworkTopology (NetworkTopologyImpl.java:add(111)) - Added a new node: /default-rack/1006a943-b738-48bb-8dca-a3d46061f13e
2019-09-27 10:01:32,526 [IPC Server handler 5 on 35414] INFO  node.SCMNodeManager (SCMNodeManager.java:register(266)) - Registered Data node : 1006a943-b738-48bb-8dca-a3d46061f13e{ip: 192.168.151.103, host: pr-hdds2162-4fxhj-20988671, networkLocation: /default-rack, certSerialId: null}
2019-09-27 10:01:32,527 [pool-127-thread-1] INFO  impl.RaftServerImpl (RaftServerImpl.java:start(185)) - d0aee7ae-f9ea-4c15-9e81-76cf25fa0665@group-891BE9262B2B: start as a follower, conf=-1: [d0aee7ae-f9ea-4c15-9e81-76cf25fa0665:192.168.151.103:41706], old=null
2019-09-27 10:01:32,527 [pool-127-thread-1] INFO  impl.RaftServerImpl (RaftServerImpl.java:setRole(174)) - d0aee7ae-f9ea-4c15-9e81-76cf25fa0665@group-891BE9262B2B: changes role from      null to FOLLOWER at term 0 for startAsFollower
2019-09-27 10:01:32,527 [pool-127-thread-1] INFO  impl.RoleInfo (RoleInfo.java:updateAndGet(143)) - d0aee7ae-f9ea-4c15-9e81-76cf25fa0665: start FollowerState
2019-09-27 10:01:32,528 [pool-127-thread-1] INFO  util.JmxRegister (JmxRegister.java:tryRegister(44)) - Successfully registered JMX Bean with object name Ratis:service=RaftServer,group=group-891BE9262B2B,id=d0aee7ae-f9ea-4c15-9e81-76cf25fa0665
2019-09-27 10:01:32,534 [RatisPipelineUtilsThread] INFO  pipeline.PipelineStateManager (PipelineStateManager.java:addPipeline(56)) - Created pipeline Pipeline[ Id: e710023a-d646-41ad-a399-891be9262b2b, Nodes: d0aee7ae-f9ea-4c15-9e81-76cf25fa0665{ip: 192.168.151.103, host: pr-hdds2162-4fxhj-20988671, networkLocation: /default-rack, certSerialId: null}, Type:RATIS, Factor:ONE, State:OPEN]
2019-09-27 10:01:32,548 [grpc-default-executor-0] INFO  impl.RaftServerProxy (RaftServerProxy.java:addNew(89)) - 1006a943-b738-48bb-8dca-a3d46061f13e: addNew group-60620C0D0EED:[1006a943-b738-48bb-8dca-a3d46061f13e:192.168.151.103:33924] returns group-60620C0D0EED:java.util.concurrent.CompletableFuture@1e01ae22[Not completed]
2019-09-27 10:01:32,554 [pool-147-thread-1] INFO  impl.RaftServerImpl (RaftServerImpl.java:<init>(95)) - 1006a943-b738-48bb-8dca-a3d46061f13e: new RaftServerImpl for group-60620C0D0EED:[1006a943-b738-48bb-8dca-a3d46061f13e:192.168.151.103:33924] with ContainerStateMachine:uninitialized
2019-09-27 10:01:32,554 [pool-147-thread-1] INFO  server.RaftServerConfigKeys (ConfUtils.java:logGet(43)) - raft.server.rpc.timeout.min = 5s (custom)
2019-09-27 10:01:32,555 [pool-147-thread-1] INFO  server.RaftServerConfigKeys (ConfUtils.java:logGet(43)) - raft.server.rpc.timeout.max = 5200ms (custom)
2019-09-27 10:01:32,555 [pool-147-thread-1] INFO  server.RaftServerConfigKeys (ConfUtils.java:logGet(43)) - raft.server.rpcslowness.timeout = 120s (custom)
2019-09-27 10:01:32,555 [pool-147-thread-1] INFO  server.RaftServerConfigKeys (ConfUtils.java:logGet(43)) - raft.server.sleep.deviation.threshold = 300 (default)
2019-09-27 10:01:32,555 [pool-147-thread-1] INFO  server.RaftServerConfigKeys (ConfUtils.java:logGet(43)) - raft.server.log.appender.install.snapshot.enabled = false (custom)
2019-09-27 10:01:32,555 [pool-147-thread-1] INFO  impl.RaftServerImpl (ServerState.java:<init>(103)) - 1006a943-b738-48bb-8dca-a3d46061f13e@group-60620C0D0EED: ConfigurationManager, init=-1: [1006a943-b738-48bb-8dca-a3d46061f13e:192.168.151.103:33924], old=null, confs=<EMPTY_MAP>
2019-09-27 10:01:32,556 [pool-147-thread-1] INFO  server.RaftServerConfigKeys (ConfUtils.java:logGet(43)) - raft.server.storage.dir = [/workdir/hadoop-ozone/integration-test/target/test-dir/MiniOzoneClusterImpl-cdbcb096-6118-4bf2-bc8d-5446b0901881/datanode-3/data/ratis] (custom)
2019-09-27 10:01:32,556 [pool-147-thread-1] INFO  storage.RaftStorageDirectory (RaftStorageDirectory.java:analyzeStorage(246)) - The storage directory /workdir/hadoop-ozone/integration-test/target/test-dir/MiniOzoneClusterImpl-cdbcb096-6118-4bf2-bc8d-5446b0901881/datanode-3/data/ratis/68d160ed-2e08-417f-8b65-60620c0d0eed does not exist. Creating ...
2019-09-27 10:01:32,569 [pool-147-thread-1] INFO  storage.RaftStorageDirectory (RaftStorageDirectory.java:tryLock(328)) - Lock on /workdir/hadoop-ozone/integration-test/target/test-dir/MiniOzoneClusterImpl-cdbcb096-6118-4bf2-bc8d-5446b0901881/datanode-3/data/ratis/68d160ed-2e08-417f-8b65-60620c0d0eed/in_use.lock acquired by nodename 30667@pr-hdds2162-4fxhj-20988671
2019-09-27 10:01:32,582 [pool-147-thread-1] INFO  storage.RaftStorage (RaftStorage.java:format(72)) - Storage directory /workdir/hadoop-ozone/integration-test/target/test-dir/MiniOzoneClusterImpl-cdbcb096-6118-4bf2-bc8d-5446b0901881/datanode-3/data/ratis/68d160ed-2e08-417f-8b65-60620c0d0eed has been successfully formatted.
2019-09-27 10:01:32,582 [pool-147-thread-1] INFO  ratis.ContainerStateMachine (ContainerStateMachine.java:loadSnapshot(230)) - group-60620C0D0EED: The snapshot info is null. Setting the last applied indexto:(t:0, i:~)
2019-09-27 10:01:32,582 [pool-147-thread-1] INFO  server.RaftServerConfigKeys (ConfUtils.java:logGet(43)) - raft.server.notification.no-leader.timeout = 120s (custom)
2019-09-27 10:01:32,582 [pool-147-thread-1] INFO  server.RaftServerConfigKeys (ConfUtils.java:logGet(43)) - raft.server.log.use.memory = false (default)
2019-09-27 10:01:32,582 [pool-147-thread-1] INFO  server.RaftServerConfigKeys (ConfUtils.java:logGet(43)) - raft.server.log.purge.gap = 1000000 (custom)
2019-09-27 10:01:32,583 [pool-147-thread-1] INFO  server.RaftServerConfigKeys (ConfUtils.java:logGet(43)) - raft.server.log.appender.buffer.byte-limit = 33554432 (custom)
2019-09-27 10:01:32,583 [pool-147-thread-1] INFO  server.RaftServerConfigKeys (ConfUtils.java:logGet(43)) - raft.server.log.segment.size.max = 1048576 (custom)
2019-09-27 10:01:32,583 [pool-147-thread-1] INFO  server.RaftServerConfigKeys (ConfUtils.java:logGet(43)) - raft.server.log.segment.cache.num.max = 2 (custom)
2019-09-27 10:01:32,583 [pool-147-thread-1] INFO  segmented.SegmentedRaftLogWorker (SegmentedRaftLogWorker.java:<init>(172)) - new 1006a943-b738-48bb-8dca-a3d46061f13e@group-60620C0D0EED-SegmentedRaftLogWorker for RaftStorage:Storage Directory /workdir/hadoop-ozone/integration-test/target/test-dir/MiniOzoneClusterImpl-cdbcb096-6118-4bf2-bc8d-5446b0901881/datanode-3/data/ratis/68d160ed-2e08-417f-8b65-60620c0d0eed
2019-09-27 10:01:32,586 [pool-147-thread-1] INFO  server.RaftServerConfigKeys (ConfUtils.java:logGet(43)) - raft.server.log.queue.byte-limit = 2147483647 (custom)
2019-09-27 10:01:32,586 [pool-147-thread-1] INFO  server.RaftServerConfigKeys (ConfUtils.java:logGet(43)) - raft.server.log.queue.element-limit = 1024 (custom)
2019-09-27 10:01:32,586 [pool-147-thread-1] INFO  server.RaftServerConfigKeys (ConfUtils.java:logGet(43)) - raft.server.log.segment.size.max = 1048576 (custom)
2019-09-27 10:01:32,586 [pool-147-thread-1] INFO  server.RaftServerConfigKeys (ConfUtils.java:logGet(43)) - raft.server.log.preallocated.size = 16384 (custom)
2019-09-27 10:01:32,587 [pool-147-thread-1] INFO  server.RaftServerConfigKeys (ConfUtils.java:logGet(43)) - raft.server.log.write.buffer.size = 33554432 (custom)
2019-09-27 10:01:32,587 [pool-147-thread-1] INFO  server.RaftServerConfigKeys (ConfUtils.java:logGet(43)) - raft.server.log.force.sync.num = 128 (default)
2019-09-27 10:01:32,587 [pool-147-thread-1] INFO  server.RaftServerConfigKeys (ConfUtils.java:logGet(43)) - raft.server.log.statemachine.data.sync = true (default)
2019-09-27 10:01:32,587 [pool-147-thread-1] INFO  server.RaftServerConfigKeys (ConfUtils.java:logGet(43)) - raft.server.log.statemachine.data.sync.timeout = 10s (default)
2019-09-27 10:01:32,587 [pool-147-thread-1] INFO  server.RaftServerConfigKeys (ConfUtils.java:logGet(43)) - raft.server.log.statemachine.data.sync.timeout.retry = -1 (default)
2019-09-27 10:01:32,588 [pool-147-thread-1] INFO  server.RaftServerConfigKeys (ConfUtils.java:logGet(43)) - raft.server.log.statemachine.data.caching.enabled = true (custom)
2019-09-27 10:01:32,588 [pool-147-thread-1] INFO  segmented.SegmentedRaftLogWorker (SegmentedRaftLogWorker.java:lambda$new$0(132)) - 1006a943-b738-48bb-8dca-a3d46061f13e@group-60620C0D0EED-SegmentedRaftLogWorker: flushIndex: setUnconditionally 0 -> -1
2019-09-27 10:01:32,588 [pool-147-thread-1] INFO  server.RaftServerConfigKeys (ConfUtils.java:logGet(43)) - raft.server.snapshot.auto.trigger.enabled = true (custom)
2019-09-27 10:01:32,589 [pool-147-thread-1] INFO  server.RaftServerConfigKeys (ConfUtils.java:logGet(43)) - raft.server.snapshot.auto.trigger.threshold = 10000 (custom)
2019-09-27 10:01:32,589 [pool-147-thread-1] INFO  server.RaftServerConfigKeys (ConfUtils.java:logGet(43)) - raft.server.snapshot.retention.num.files = 5 (custom)
2019-09-27 10:01:32,589 [pool-147-thread-1] INFO  server.RaftServerConfigKeys (ConfUtils.java:logGet(43)) - raft.server.retrycache.expirytime = 600000ms (custom)
2019-09-27 10:01:32,591 [IPC Server handler 0 on 35414] INFO  net.NetworkTopology (NetworkTopologyImpl.java:add(111)) - Added a new node: /default-rack/ca69c954-0527-45b8-aa74-abb1f8453a40
2019-09-27 10:01:32,591 [pool-147-thread-1] INFO  impl.RaftServerImpl (RaftServerImpl.java:start(185)) - 1006a943-b738-48bb-8dca-a3d46061f13e@group-60620C0D0EED: start as a follower, conf=-1: [1006a943-b738-48bb-8dca-a3d46061f13e:192.168.151.103:33924], old=null
2019-09-27 10:01:32,592 [IPC Server handler 0 on 35414] INFO  node.SCMNodeManager (SCMNodeManager.java:register(266)) - Registered Data node : ca69c954-0527-45b8-aa74-abb1f8453a40{ip: 192.168.151.103, host: pr-hdds2162-4fxhj-20988671, networkLocation: /default-rack, certSerialId: null}
2019-09-27 10:01:32,592 [pool-147-thread-1] INFO  impl.RaftServerImpl (RaftServerImpl.java:setRole(174)) - 1006a943-b738-48bb-8dca-a3d46061f13e@group-60620C0D0EED: changes role from      null to FOLLOWER at term 0 for startAsFollower
2019-09-27 10:01:32,592 [pool-147-thread-1] INFO  impl.RoleInfo (RoleInfo.java:updateAndGet(143)) - 1006a943-b738-48bb-8dca-a3d46061f13e: start FollowerState
2019-09-27 10:01:32,593 [pool-147-thread-1] INFO  util.JmxRegister (JmxRegister.java:tryRegister(44)) - Successfully registered JMX Bean with object name Ratis:service=RaftServer,group=group-60620C0D0EED,id=1006a943-b738-48bb-8dca-a3d46061f13e
2019-09-27 10:01:32,599 [RatisPipelineUtilsThread] INFO  pipeline.PipelineStateManager (PipelineStateManager.java:addPipeline(56)) - Created pipeline Pipeline[ Id: 68d160ed-2e08-417f-8b65-60620c0d0eed, Nodes: 1006a943-b738-48bb-8dca-a3d46061f13e{ip: 192.168.151.103, host: pr-hdds2162-4fxhj-20988671, networkLocation: /default-rack, certSerialId: null}, Type:RATIS, Factor:ONE, State:OPEN]
2019-09-27 10:01:32,612 [grpc-default-executor-0] INFO  impl.RaftServerProxy (RaftServerProxy.java:addNew(89)) - ca69c954-0527-45b8-aa74-abb1f8453a40: addNew group-50C63BE9B918:[ca69c954-0527-45b8-aa74-abb1f8453a40:192.168.151.103:33275] returns group-50C63BE9B918:java.util.concurrent.CompletableFuture@47bd9524[Not completed]
2019-09-27 10:01:32,617 [pool-157-thread-1] INFO  impl.RaftServerImpl (RaftServerImpl.java:<init>(95)) - ca69c954-0527-45b8-aa74-abb1f8453a40: new RaftServerImpl for group-50C63BE9B918:[ca69c954-0527-45b8-aa74-abb1f8453a40:192.168.151.103:33275] with ContainerStateMachine:uninitialized
2019-09-27 10:01:32,617 [pool-157-thread-1] INFO  server.RaftServerConfigKeys (ConfUtils.java:logGet(43)) - raft.server.rpc.timeout.min = 5s (custom)
2019-09-27 10:01:32,617 [pool-157-thread-1] INFO  server.RaftServerConfigKeys (ConfUtils.java:logGet(43)) - raft.server.rpc.timeout.max = 5200ms (custom)
2019-09-27 10:01:32,617 [pool-157-thread-1] INFO  server.RaftServerConfigKeys (ConfUtils.java:logGet(43)) - raft.server.rpcslowness.timeout = 120s (custom)
2019-09-27 10:01:32,617 [pool-157-thread-1] INFO  server.RaftServerConfigKeys (ConfUtils.java:logGet(43)) - raft.server.sleep.deviation.threshold = 300 (default)
2019-09-27 10:01:32,618 [pool-157-thread-1] INFO  server.RaftServerConfigKeys (ConfUtils.java:logGet(43)) - raft.server.log.appender.install.snapshot.enabled = false (custom)
2019-09-27 10:01:32,618 [pool-157-thread-1] INFO  impl.RaftServerImpl (ServerState.java:<init>(103)) - ca69c954-0527-45b8-aa74-abb1f8453a40@group-50C63BE9B918: ConfigurationManager, init=-1: [ca69c954-0527-45b8-aa74-abb1f8453a40:192.168.151.103:33275], old=null, confs=<EMPTY_MAP>
2019-09-27 10:01:32,618 [pool-157-thread-1] INFO  server.RaftServerConfigKeys (ConfUtils.java:logGet(43)) - raft.server.storage.dir = [/workdir/hadoop-ozone/integration-test/target/test-dir/MiniOzoneClusterImpl-cdbcb096-6118-4bf2-bc8d-5446b0901881/datanode-4/data/ratis] (custom)
2019-09-27 10:01:32,618 [pool-157-thread-1] INFO  storage.RaftStorageDirectory (RaftStorageDirectory.java:analyzeStorage(246)) - The storage directory /workdir/hadoop-ozone/integration-test/target/test-dir/MiniOzoneClusterImpl-cdbcb096-6118-4bf2-bc8d-5446b0901881/datanode-4/data/ratis/528f673b-7a57-4076-94bb-50c63be9b918 does not exist. Creating ...
2019-09-27 10:01:32,630 [pool-157-thread-1] INFO  storage.RaftStorageDirectory (RaftStorageDirectory.java:tryLock(328)) - Lock on /workdir/hadoop-ozone/integration-test/target/test-dir/MiniOzoneClusterImpl-cdbcb096-6118-4bf2-bc8d-5446b0901881/datanode-4/data/ratis/528f673b-7a57-4076-94bb-50c63be9b918/in_use.lock acquired by nodename 30667@pr-hdds2162-4fxhj-20988671
2019-09-27 10:01:32,643 [pool-157-thread-1] INFO  storage.RaftStorage (RaftStorage.java:format(72)) - Storage directory /workdir/hadoop-ozone/integration-test/target/test-dir/MiniOzoneClusterImpl-cdbcb096-6118-4bf2-bc8d-5446b0901881/datanode-4/data/ratis/528f673b-7a57-4076-94bb-50c63be9b918 has been successfully formatted.
2019-09-27 10:01:32,643 [pool-157-thread-1] INFO  ratis.ContainerStateMachine (ContainerStateMachine.java:loadSnapshot(230)) - group-50C63BE9B918: The snapshot info is null. Setting the last applied indexto:(t:0, i:~)
2019-09-27 10:01:32,644 [pool-157-thread-1] INFO  server.RaftServerConfigKeys (ConfUtils.java:logGet(43)) - raft.server.notification.no-leader.timeout = 120s (custom)
2019-09-27 10:01:32,644 [pool-157-thread-1] INFO  server.RaftServerConfigKeys (ConfUtils.java:logGet(43)) - raft.server.log.use.memory = false (default)
2019-09-27 10:01:32,644 [pool-157-thread-1] INFO  server.RaftServerConfigKeys (ConfUtils.java:logGet(43)) - raft.server.log.purge.gap = 1000000 (custom)
2019-09-27 10:01:32,644 [pool-157-thread-1] INFO  server.RaftServerConfigKeys (ConfUtils.java:logGet(43)) - raft.server.log.appender.buffer.byte-limit = 33554432 (custom)
2019-09-27 10:01:32,644 [pool-157-thread-1] INFO  server.RaftServerConfigKeys (ConfUtils.java:logGet(43)) - raft.server.log.segment.size.max = 1048576 (custom)
2019-09-27 10:01:32,644 [pool-157-thread-1] INFO  server.RaftServerConfigKeys (ConfUtils.java:logGet(43)) - raft.server.log.segment.cache.num.max = 2 (custom)
2019-09-27 10:01:32,644 [pool-157-thread-1] INFO  segmented.SegmentedRaftLogWorker (SegmentedRaftLogWorker.java:<init>(172)) - new ca69c954-0527-45b8-aa74-abb1f8453a40@group-50C63BE9B918-SegmentedRaftLogWorker for RaftStorage:Storage Directory /workdir/hadoop-ozone/integration-test/target/test-dir/MiniOzoneClusterImpl-cdbcb096-6118-4bf2-bc8d-5446b0901881/datanode-4/data/ratis/528f673b-7a57-4076-94bb-50c63be9b918
2019-09-27 10:01:32,646 [pool-157-thread-1] INFO  server.RaftServerConfigKeys (ConfUtils.java:logGet(43)) - raft.server.log.queue.byte-limit = 2147483647 (custom)
2019-09-27 10:01:32,646 [pool-157-thread-1] INFO  server.RaftServerConfigKeys (ConfUtils.java:logGet(43)) - raft.server.log.queue.element-limit = 1024 (custom)
2019-09-27 10:01:32,646 [pool-157-thread-1] INFO  server.RaftServerConfigKeys (ConfUtils.java:logGet(43)) - raft.server.log.segment.size.max = 1048576 (custom)
2019-09-27 10:01:32,646 [pool-157-thread-1] INFO  server.RaftServerConfigKeys (ConfUtils.java:logGet(43)) - raft.server.log.preallocated.size = 16384 (custom)
2019-09-27 10:01:32,647 [pool-157-thread-1] INFO  server.RaftServerConfigKeys (ConfUtils.java:logGet(43)) - raft.server.log.write.buffer.size = 33554432 (custom)
2019-09-27 10:01:32,647 [pool-157-thread-1] INFO  server.RaftServerConfigKeys (ConfUtils.java:logGet(43)) - raft.server.log.force.sync.num = 128 (default)
2019-09-27 10:01:32,647 [pool-157-thread-1] INFO  server.RaftServerConfigKeys (ConfUtils.java:logGet(43)) - raft.server.log.statemachine.data.sync = true (default)
2019-09-27 10:01:32,647 [pool-157-thread-1] INFO  server.RaftServerConfigKeys (ConfUtils.java:logGet(43)) - raft.server.log.statemachine.data.sync.timeout = 10s (default)
2019-09-27 10:01:32,647 [pool-157-thread-1] INFO  server.RaftServerConfigKeys (ConfUtils.java:logGet(43)) - raft.server.log.statemachine.data.sync.timeout.retry = -1 (default)
2019-09-27 10:01:32,647 [pool-157-thread-1] INFO  server.RaftServerConfigKeys (ConfUtils.java:logGet(43)) - raft.server.log.statemachine.data.caching.enabled = true (custom)
2019-09-27 10:01:32,648 [pool-157-thread-1] INFO  segmented.SegmentedRaftLogWorker (SegmentedRaftLogWorker.java:lambda$new$0(132)) - ca69c954-0527-45b8-aa74-abb1f8453a40@group-50C63BE9B918-SegmentedRaftLogWorker: flushIndex: setUnconditionally 0 -> -1
2019-09-27 10:01:32,648 [pool-157-thread-1] INFO  server.RaftServerConfigKeys (ConfUtils.java:logGet(43)) - raft.server.snapshot.auto.trigger.enabled = true (custom)
2019-09-27 10:01:32,648 [pool-157-thread-1] INFO  server.RaftServerConfigKeys (ConfUtils.java:logGet(43)) - raft.server.snapshot.auto.trigger.threshold = 10000 (custom)
2019-09-27 10:01:32,648 [pool-157-thread-1] INFO  server.RaftServerConfigKeys (ConfUtils.java:logGet(43)) - raft.server.snapshot.retention.num.files = 5 (custom)
2019-09-27 10:01:32,648 [pool-157-thread-1] INFO  server.RaftServerConfigKeys (ConfUtils.java:logGet(43)) - raft.server.retrycache.expirytime = 600000ms (custom)
2019-09-27 10:01:32,650 [pool-157-thread-1] INFO  impl.RaftServerImpl (RaftServerImpl.java:start(185)) - ca69c954-0527-45b8-aa74-abb1f8453a40@group-50C63BE9B918: start as a follower, conf=-1: [ca69c954-0527-45b8-aa74-abb1f8453a40:192.168.151.103:33275], old=null
2019-09-27 10:01:32,650 [pool-157-thread-1] INFO  impl.RaftServerImpl (RaftServerImpl.java:setRole(174)) - ca69c954-0527-45b8-aa74-abb1f8453a40@group-50C63BE9B918: changes role from      null to FOLLOWER at term 0 for startAsFollower
2019-09-27 10:01:32,650 [pool-157-thread-1] INFO  impl.RoleInfo (RoleInfo.java:updateAndGet(143)) - ca69c954-0527-45b8-aa74-abb1f8453a40: start FollowerState
2019-09-27 10:01:32,651 [pool-157-thread-1] INFO  util.JmxRegister (JmxRegister.java:tryRegister(44)) - Successfully registered JMX Bean with object name Ratis:service=RaftServer,group=group-50C63BE9B918,id=ca69c954-0527-45b8-aa74-abb1f8453a40
2019-09-27 10:01:32,656 [RatisPipelineUtilsThread] INFO  pipeline.PipelineStateManager (PipelineStateManager.java:addPipeline(56)) - Created pipeline Pipeline[ Id: 528f673b-7a57-4076-94bb-50c63be9b918, Nodes: ca69c954-0527-45b8-aa74-abb1f8453a40{ip: 192.168.151.103, host: pr-hdds2162-4fxhj-20988671, networkLocation: /default-rack, certSerialId: null}, Type:RATIS, Factor:ONE, State:OPEN]
2019-09-27 10:01:32,658 [IPC Server handler 1 on 35414] INFO  net.NetworkTopology (NetworkTopologyImpl.java:add(111)) - Added a new node: /default-rack/010a5080-8642-4af5-99ba-788150127419
2019-09-27 10:01:32,660 [IPC Server handler 1 on 35414] INFO  node.SCMNodeManager (SCMNodeManager.java:register(266)) - Registered Data node : 010a5080-8642-4af5-99ba-788150127419{ip: 192.168.151.103, host: pr-hdds2162-4fxhj-20988671, networkLocation: /default-rack, certSerialId: null}
2019-09-27 10:01:32,668 [grpc-default-executor-0] INFO  impl.RaftServerProxy (RaftServerProxy.java:addNew(89)) - b4c9881e-ccdd-41f3-8b47-caf73170c791: addNew group-F4AB4D89E9E6:[b4c9881e-ccdd-41f3-8b47-caf73170c791:192.168.151.103:37794] returns group-F4AB4D89E9E6:java.util.concurrent.CompletableFuture@11e4fc67[Not completed]
2019-09-27 10:01:32,673 [pool-137-thread-1] INFO  impl.RaftServerImpl (RaftServerImpl.java:<init>(95)) - b4c9881e-ccdd-41f3-8b47-caf73170c791: new RaftServerImpl for group-F4AB4D89E9E6:[b4c9881e-ccdd-41f3-8b47-caf73170c791:192.168.151.103:37794] with ContainerStateMachine:uninitialized
2019-09-27 10:01:32,673 [pool-137-thread-1] INFO  server.RaftServerConfigKeys (ConfUtils.java:logGet(43)) - raft.server.rpc.timeout.min = 5s (custom)
2019-09-27 10:01:32,674 [pool-137-thread-1] INFO  server.RaftServerConfigKeys (ConfUtils.java:logGet(43)) - raft.server.rpc.timeout.max = 5200ms (custom)
2019-09-27 10:01:32,674 [pool-137-thread-1] INFO  server.RaftServerConfigKeys (ConfUtils.java:logGet(43)) - raft.server.rpcslowness.timeout = 120s (custom)
2019-09-27 10:01:32,674 [pool-137-thread-1] INFO  server.RaftServerConfigKeys (ConfUtils.java:logGet(43)) - raft.server.sleep.deviation.threshold = 300 (default)
2019-09-27 10:01:32,674 [pool-137-thread-1] INFO  server.RaftServerConfigKeys (ConfUtils.java:logGet(43)) - raft.server.log.appender.install.snapshot.enabled = false (custom)
2019-09-27 10:01:32,674 [pool-137-thread-1] INFO  impl.RaftServerImpl (ServerState.java:<init>(103)) - b4c9881e-ccdd-41f3-8b47-caf73170c791@group-F4AB4D89E9E6: ConfigurationManager, init=-1: [b4c9881e-ccdd-41f3-8b47-caf73170c791:192.168.151.103:37794], old=null, confs=<EMPTY_MAP>
2019-09-27 10:01:32,674 [pool-137-thread-1] INFO  server.RaftServerConfigKeys (ConfUtils.java:logGet(43)) - raft.server.storage.dir = [/workdir/hadoop-ozone/integration-test/target/test-dir/MiniOzoneClusterImpl-cdbcb096-6118-4bf2-bc8d-5446b0901881/datanode-2/data/ratis] (custom)
2019-09-27 10:01:32,674 [pool-137-thread-1] INFO  storage.RaftStorageDirectory (RaftStorageDirectory.java:analyzeStorage(246)) - The storage directory /workdir/hadoop-ozone/integration-test/target/test-dir/MiniOzoneClusterImpl-cdbcb096-6118-4bf2-bc8d-5446b0901881/datanode-2/data/ratis/392fa0fd-612f-49d7-aa51-f4ab4d89e9e6 does not exist. Creating ...
2019-09-27 10:01:32,677 [pool-137-thread-1] INFO  storage.RaftStorageDirectory (RaftStorageDirectory.java:tryLock(328)) - Lock on /workdir/hadoop-ozone/integration-test/target/test-dir/MiniOzoneClusterImpl-cdbcb096-6118-4bf2-bc8d-5446b0901881/datanode-2/data/ratis/392fa0fd-612f-49d7-aa51-f4ab4d89e9e6/in_use.lock acquired by nodename 30667@pr-hdds2162-4fxhj-20988671
2019-09-27 10:01:32,681 [pool-137-thread-1] INFO  storage.RaftStorage (RaftStorage.java:format(72)) - Storage directory /workdir/hadoop-ozone/integration-test/target/test-dir/MiniOzoneClusterImpl-cdbcb096-6118-4bf2-bc8d-5446b0901881/datanode-2/data/ratis/392fa0fd-612f-49d7-aa51-f4ab4d89e9e6 has been successfully formatted.
2019-09-27 10:01:32,681 [pool-137-thread-1] INFO  ratis.ContainerStateMachine (ContainerStateMachine.java:loadSnapshot(230)) - group-F4AB4D89E9E6: The snapshot info is null. Setting the last applied indexto:(t:0, i:~)
2019-09-27 10:01:32,681 [pool-137-thread-1] INFO  server.RaftServerConfigKeys (ConfUtils.java:logGet(43)) - raft.server.notification.no-leader.timeout = 120s (custom)
2019-09-27 10:01:32,681 [pool-137-thread-1] INFO  server.RaftServerConfigKeys (ConfUtils.java:logGet(43)) - raft.server.log.use.memory = false (default)
2019-09-27 10:01:32,681 [pool-137-thread-1] INFO  server.RaftServerConfigKeys (ConfUtils.java:logGet(43)) - raft.server.log.purge.gap = 1000000 (custom)
2019-09-27 10:01:32,681 [pool-137-thread-1] INFO  server.RaftServerConfigKeys (ConfUtils.java:logGet(43)) - raft.server.log.appender.buffer.byte-limit = 33554432 (custom)
2019-09-27 10:01:32,681 [pool-137-thread-1] INFO  server.RaftServerConfigKeys (ConfUtils.java:logGet(43)) - raft.server.log.segment.size.max = 1048576 (custom)
2019-09-27 10:01:32,681 [pool-137-thread-1] INFO  server.RaftServerConfigKeys (ConfUtils.java:logGet(43)) - raft.server.log.segment.cache.num.max = 2 (custom)
2019-09-27 10:01:32,682 [pool-137-thread-1] INFO  segmented.SegmentedRaftLogWorker (SegmentedRaftLogWorker.java:<init>(172)) - new b4c9881e-ccdd-41f3-8b47-caf73170c791@group-F4AB4D89E9E6-SegmentedRaftLogWorker for RaftStorage:Storage Directory /workdir/hadoop-ozone/integration-test/target/test-dir/MiniOzoneClusterImpl-cdbcb096-6118-4bf2-bc8d-5446b0901881/datanode-2/data/ratis/392fa0fd-612f-49d7-aa51-f4ab4d89e9e6
2019-09-27 10:01:32,683 [pool-137-thread-1] INFO  server.RaftServerConfigKeys (ConfUtils.java:logGet(43)) - raft.server.log.queue.byte-limit = 2147483647 (custom)
2019-09-27 10:01:32,683 [pool-137-thread-1] INFO  server.RaftServerConfigKeys (ConfUtils.java:logGet(43)) - raft.server.log.queue.element-limit = 1024 (custom)
2019-09-27 10:01:32,684 [pool-137-thread-1] INFO  server.RaftServerConfigKeys (ConfUtils.java:logGet(43)) - raft.server.log.segment.size.max = 1048576 (custom)
2019-09-27 10:01:32,684 [pool-137-thread-1] INFO  server.RaftServerConfigKeys (ConfUtils.java:logGet(43)) - raft.server.log.preallocated.size = 16384 (custom)
2019-09-27 10:01:32,684 [pool-137-thread-1] INFO  server.RaftServerConfigKeys (ConfUtils.java:logGet(43)) - raft.server.log.write.buffer.size = 33554432 (custom)
2019-09-27 10:01:32,684 [pool-137-thread-1] INFO  server.RaftServerConfigKeys (ConfUtils.java:logGet(43)) - raft.server.log.force.sync.num = 128 (default)
2019-09-27 10:01:32,684 [pool-137-thread-1] INFO  server.RaftServerConfigKeys (ConfUtils.java:logGet(43)) - raft.server.log.statemachine.data.sync = true (default)
2019-09-27 10:01:32,684 [pool-137-thread-1] INFO  server.RaftServerConfigKeys (ConfUtils.java:logGet(43)) - raft.server.log.statemachine.data.sync.timeout = 10s (default)
2019-09-27 10:01:32,684 [pool-137-thread-1] INFO  server.RaftServerConfigKeys (ConfUtils.java:logGet(43)) - raft.server.log.statemachine.data.sync.timeout.retry = -1 (default)
2019-09-27 10:01:32,685 [pool-137-thread-1] INFO  server.RaftServerConfigKeys (ConfUtils.java:logGet(43)) - raft.server.log.statemachine.data.caching.enabled = true (custom)
2019-09-27 10:01:32,685 [pool-137-thread-1] INFO  segmented.SegmentedRaftLogWorker (SegmentedRaftLogWorker.java:lambda$new$0(132)) - b4c9881e-ccdd-41f3-8b47-caf73170c791@group-F4AB4D89E9E6-SegmentedRaftLogWorker: flushIndex: setUnconditionally 0 -> -1
2019-09-27 10:01:32,685 [pool-137-thread-1] INFO  server.RaftServerConfigKeys (ConfUtils.java:logGet(43)) - raft.server.snapshot.auto.trigger.enabled = true (custom)
2019-09-27 10:01:32,685 [pool-137-thread-1] INFO  server.RaftServerConfigKeys (ConfUtils.java:logGet(43)) - raft.server.snapshot.auto.trigger.threshold = 10000 (custom)
2019-09-27 10:01:32,685 [pool-137-thread-1] INFO  server.RaftServerConfigKeys (ConfUtils.java:logGet(43)) - raft.server.snapshot.retention.num.files = 5 (custom)
2019-09-27 10:01:32,685 [pool-137-thread-1] INFO  server.RaftServerConfigKeys (ConfUtils.java:logGet(43)) - raft.server.retrycache.expirytime = 600000ms (custom)
2019-09-27 10:01:32,687 [pool-137-thread-1] INFO  impl.RaftServerImpl (RaftServerImpl.java:start(185)) - b4c9881e-ccdd-41f3-8b47-caf73170c791@group-F4AB4D89E9E6: start as a follower, conf=-1: [b4c9881e-ccdd-41f3-8b47-caf73170c791:192.168.151.103:37794], old=null
2019-09-27 10:01:32,687 [pool-137-thread-1] INFO  impl.RaftServerImpl (RaftServerImpl.java:setRole(174)) - b4c9881e-ccdd-41f3-8b47-caf73170c791@group-F4AB4D89E9E6: changes role from      null to FOLLOWER at term 0 for startAsFollower
2019-09-27 10:01:32,687 [pool-137-thread-1] INFO  impl.RoleInfo (RoleInfo.java:updateAndGet(143)) - b4c9881e-ccdd-41f3-8b47-caf73170c791: start FollowerState
2019-09-27 10:01:32,688 [pool-137-thread-1] INFO  util.JmxRegister (JmxRegister.java:tryRegister(44)) - Successfully registered JMX Bean with object name Ratis:service=RaftServer,group=group-F4AB4D89E9E6,id=b4c9881e-ccdd-41f3-8b47-caf73170c791
2019-09-27 10:01:32,693 [RatisPipelineUtilsThread] INFO  pipeline.PipelineStateManager (PipelineStateManager.java:addPipeline(56)) - Created pipeline Pipeline[ Id: 392fa0fd-612f-49d7-aa51-f4ab4d89e9e6, Nodes: b4c9881e-ccdd-41f3-8b47-caf73170c791{ip: 192.168.151.103, host: pr-hdds2162-4fxhj-20988671, networkLocation: /default-rack, certSerialId: null}, Type:RATIS, Factor:ONE, State:OPEN]
2019-09-27 10:01:32,705 [grpc-default-executor-0] INFO  impl.RaftServerProxy (RaftServerProxy.java:addNew(89)) - 010a5080-8642-4af5-99ba-788150127419: addNew group-5636BBB24C4C:[010a5080-8642-4af5-99ba-788150127419:192.168.151.103:38175] returns group-5636BBB24C4C:java.util.concurrent.CompletableFuture@4331c874[Not completed]
2019-09-27 10:01:32,708 [pool-167-thread-1] INFO  impl.RaftServerImpl (RaftServerImpl.java:<init>(95)) - 010a5080-8642-4af5-99ba-788150127419: new RaftServerImpl for group-5636BBB24C4C:[010a5080-8642-4af5-99ba-788150127419:192.168.151.103:38175] with ContainerStateMachine:uninitialized
2019-09-27 10:01:32,708 [pool-167-thread-1] INFO  server.RaftServerConfigKeys (ConfUtils.java:logGet(43)) - raft.server.rpc.timeout.min = 5s (custom)
2019-09-27 10:01:32,708 [pool-167-thread-1] INFO  server.RaftServerConfigKeys (ConfUtils.java:logGet(43)) - raft.server.rpc.timeout.max = 5200ms (custom)
2019-09-27 10:01:32,709 [pool-167-thread-1] INFO  server.RaftServerConfigKeys (ConfUtils.java:logGet(43)) - raft.server.rpcslowness.timeout = 120s (custom)
2019-09-27 10:01:32,709 [pool-167-thread-1] INFO  server.RaftServerConfigKeys (ConfUtils.java:logGet(43)) - raft.server.sleep.deviation.threshold = 300 (default)
2019-09-27 10:01:32,709 [pool-167-thread-1] INFO  server.RaftServerConfigKeys (ConfUtils.java:logGet(43)) - raft.server.log.appender.install.snapshot.enabled = false (custom)
2019-09-27 10:01:32,709 [pool-167-thread-1] INFO  impl.RaftServerImpl (ServerState.java:<init>(103)) - 010a5080-8642-4af5-99ba-788150127419@group-5636BBB24C4C: ConfigurationManager, init=-1: [010a5080-8642-4af5-99ba-788150127419:192.168.151.103:38175], old=null, confs=<EMPTY_MAP>
2019-09-27 10:01:32,709 [pool-167-thread-1] INFO  server.RaftServerConfigKeys (ConfUtils.java:logGet(43)) - raft.server.storage.dir = [/workdir/hadoop-ozone/integration-test/target/test-dir/MiniOzoneClusterImpl-cdbcb096-6118-4bf2-bc8d-5446b0901881/datanode-5/data/ratis] (custom)
2019-09-27 10:01:32,709 [pool-167-thread-1] INFO  storage.RaftStorageDirectory (RaftStorageDirectory.java:analyzeStorage(246)) - The storage directory /workdir/hadoop-ozone/integration-test/target/test-dir/MiniOzoneClusterImpl-cdbcb096-6118-4bf2-bc8d-5446b0901881/datanode-5/data/ratis/07f5db65-f9fa-4b1b-a92c-5636bbb24c4c does not exist. Creating ...
2019-09-27 10:01:32,722 [main] INFO  ozone.MiniOzoneClusterImpl (MiniOzoneClusterImpl.java:lambda$waitForClusterToBeReady$0(147)) - Waiting for cluster to be ready. Got 6 of 7 DN Heartbeats.
2019-09-27 10:01:32,722 [pool-167-thread-1] INFO  storage.RaftStorageDirectory (RaftStorageDirectory.java:tryLock(328)) - Lock on /workdir/hadoop-ozone/integration-test/target/test-dir/MiniOzoneClusterImpl-cdbcb096-6118-4bf2-bc8d-5446b0901881/datanode-5/data/ratis/07f5db65-f9fa-4b1b-a92c-5636bbb24c4c/in_use.lock acquired by nodename 30667@pr-hdds2162-4fxhj-20988671
2019-09-27 10:01:32,724 [IPC Server handler 2 on 35414] INFO  net.NetworkTopology (NetworkTopologyImpl.java:add(111)) - Added a new node: /default-rack/e156b416-77a3-4e07-9c94-a4b27caf2078
2019-09-27 10:01:32,724 [IPC Server handler 2 on 35414] INFO  node.SCMNodeManager (SCMNodeManager.java:register(266)) - Registered Data node : e156b416-77a3-4e07-9c94-a4b27caf2078{ip: 192.168.151.103, host: pr-hdds2162-4fxhj-20988671, networkLocation: /default-rack, certSerialId: null}
2019-09-27 10:01:32,735 [pool-167-thread-1] INFO  storage.RaftStorage (RaftStorage.java:format(72)) - Storage directory /workdir/hadoop-ozone/integration-test/target/test-dir/MiniOzoneClusterImpl-cdbcb096-6118-4bf2-bc8d-5446b0901881/datanode-5/data/ratis/07f5db65-f9fa-4b1b-a92c-5636bbb24c4c has been successfully formatted.
2019-09-27 10:01:32,735 [pool-167-thread-1] INFO  ratis.ContainerStateMachine (ContainerStateMachine.java:loadSnapshot(230)) - group-5636BBB24C4C: The snapshot info is null. Setting the last applied indexto:(t:0, i:~)
2019-09-27 10:01:32,736 [pool-167-thread-1] INFO  server.RaftServerConfigKeys (ConfUtils.java:logGet(43)) - raft.server.notification.no-leader.timeout = 120s (custom)
2019-09-27 10:01:32,736 [pool-167-thread-1] INFO  server.RaftServerConfigKeys (ConfUtils.java:logGet(43)) - raft.server.log.use.memory = false (default)
2019-09-27 10:01:32,736 [pool-167-thread-1] INFO  server.RaftServerConfigKeys (ConfUtils.java:logGet(43)) - raft.server.log.purge.gap = 1000000 (custom)
2019-09-27 10:01:32,736 [pool-167-thread-1] INFO  server.RaftServerConfigKeys (ConfUtils.java:logGet(43)) - raft.server.log.appender.buffer.byte-limit = 33554432 (custom)
2019-09-27 10:01:32,736 [pool-167-thread-1] INFO  server.RaftServerConfigKeys (ConfUtils.java:logGet(43)) - raft.server.log.segment.size.max = 1048576 (custom)
2019-09-27 10:01:32,736 [pool-167-thread-1] INFO  server.RaftServerConfigKeys (ConfUtils.java:logGet(43)) - raft.server.log.segment.cache.num.max = 2 (custom)
2019-09-27 10:01:32,736 [pool-167-thread-1] INFO  segmented.SegmentedRaftLogWorker (SegmentedRaftLogWorker.java:<init>(172)) - new 010a5080-8642-4af5-99ba-788150127419@group-5636BBB24C4C-SegmentedRaftLogWorker for RaftStorage:Storage Directory /workdir/hadoop-ozone/integration-test/target/test-dir/MiniOzoneClusterImpl-cdbcb096-6118-4bf2-bc8d-5446b0901881/datanode-5/data/ratis/07f5db65-f9fa-4b1b-a92c-5636bbb24c4c
2019-09-27 10:01:32,738 [pool-167-thread-1] INFO  server.RaftServerConfigKeys (ConfUtils.java:logGet(43)) - raft.server.log.queue.byte-limit = 2147483647 (custom)
2019-09-27 10:01:32,738 [pool-167-thread-1] INFO  server.RaftServerConfigKeys (ConfUtils.java:logGet(43)) - raft.server.log.queue.element-limit = 1024 (custom)
2019-09-27 10:01:32,738 [pool-167-thread-1] INFO  server.RaftServerConfigKeys (ConfUtils.java:logGet(43)) - raft.server.log.segment.size.max = 1048576 (custom)
2019-09-27 10:01:32,739 [pool-167-thread-1] INFO  server.RaftServerConfigKeys (ConfUtils.java:logGet(43)) - raft.server.log.preallocated.size = 16384 (custom)
2019-09-27 10:01:32,739 [pool-167-thread-1] INFO  server.RaftServerConfigKeys (ConfUtils.java:logGet(43)) - raft.server.log.write.buffer.size = 33554432 (custom)
2019-09-27 10:01:32,739 [pool-167-thread-1] INFO  server.RaftServerConfigKeys (ConfUtils.java:logGet(43)) - raft.server.log.force.sync.num = 128 (default)
2019-09-27 10:01:32,739 [pool-167-thread-1] INFO  server.RaftServerConfigKeys (ConfUtils.java:logGet(43)) - raft.server.log.statemachine.data.sync = true (default)
2019-09-27 10:01:32,739 [pool-167-thread-1] INFO  server.RaftServerConfigKeys (ConfUtils.java:logGet(43)) - raft.server.log.statemachine.data.sync.timeout = 10s (default)
2019-09-27 10:01:32,739 [pool-167-thread-1] INFO  server.RaftServerConfigKeys (ConfUtils.java:logGet(43)) - raft.server.log.statemachine.data.sync.timeout.retry = -1 (default)
2019-09-27 10:01:32,740 [pool-167-thread-1] INFO  server.RaftServerConfigKeys (ConfUtils.java:logGet(43)) - raft.server.log.statemachine.data.caching.enabled = true (custom)
2019-09-27 10:01:32,740 [pool-167-thread-1] INFO  segmented.SegmentedRaftLogWorker (SegmentedRaftLogWorker.java:lambda$new$0(132)) - 010a5080-8642-4af5-99ba-788150127419@group-5636BBB24C4C-SegmentedRaftLogWorker: flushIndex: setUnconditionally 0 -> -1
2019-09-27 10:01:32,740 [pool-167-thread-1] INFO  server.RaftServerConfigKeys (ConfUtils.java:logGet(43)) - raft.server.snapshot.auto.trigger.enabled = true (custom)
2019-09-27 10:01:32,740 [pool-167-thread-1] INFO  server.RaftServerConfigKeys (ConfUtils.java:logGet(43)) - raft.server.snapshot.auto.trigger.threshold = 10000 (custom)
2019-09-27 10:01:32,740 [pool-167-thread-1] INFO  server.RaftServerConfigKeys (ConfUtils.java:logGet(43)) - raft.server.snapshot.retention.num.files = 5 (custom)
2019-09-27 10:01:32,741 [pool-167-thread-1] INFO  server.RaftServerConfigKeys (ConfUtils.java:logGet(43)) - raft.server.retrycache.expirytime = 600000ms (custom)
2019-09-27 10:01:32,742 [pool-167-thread-1] INFO  impl.RaftServerImpl (RaftServerImpl.java:start(185)) - 010a5080-8642-4af5-99ba-788150127419@group-5636BBB24C4C: start as a follower, conf=-1: [010a5080-8642-4af5-99ba-788150127419:192.168.151.103:38175], old=null
2019-09-27 10:01:32,742 [pool-167-thread-1] INFO  impl.RaftServerImpl (RaftServerImpl.java:setRole(174)) - 010a5080-8642-4af5-99ba-788150127419@group-5636BBB24C4C: changes role from      null to FOLLOWER at term 0 for startAsFollower
2019-09-27 10:01:32,743 [pool-167-thread-1] INFO  impl.RoleInfo (RoleInfo.java:updateAndGet(143)) - 010a5080-8642-4af5-99ba-788150127419: start FollowerState
2019-09-27 10:01:32,743 [pool-167-thread-1] INFO  util.JmxRegister (JmxRegister.java:tryRegister(44)) - Successfully registered JMX Bean with object name Ratis:service=RaftServer,group=group-5636BBB24C4C,id=010a5080-8642-4af5-99ba-788150127419
2019-09-27 10:01:32,748 [RatisPipelineUtilsThread] INFO  pipeline.PipelineStateManager (PipelineStateManager.java:addPipeline(56)) - Created pipeline Pipeline[ Id: 07f5db65-f9fa-4b1b-a92c-5636bbb24c4c, Nodes: 010a5080-8642-4af5-99ba-788150127419{ip: 192.168.151.103, host: pr-hdds2162-4fxhj-20988671, networkLocation: /default-rack, certSerialId: null}, Type:RATIS, Factor:ONE, State:OPEN]
2019-09-27 10:01:32,759 [grpc-default-executor-0] INFO  impl.RaftServerProxy (RaftServerProxy.java:addNew(89)) - e156b416-77a3-4e07-9c94-a4b27caf2078: addNew group-222CDE664E56:[e156b416-77a3-4e07-9c94-a4b27caf2078:192.168.151.103:39366] returns group-222CDE664E56:java.util.concurrent.CompletableFuture@4412bc06[Not completed]
2019-09-27 10:01:32,762 [pool-177-thread-1] INFO  impl.RaftServerImpl (RaftServerImpl.java:<init>(95)) - e156b416-77a3-4e07-9c94-a4b27caf2078: new RaftServerImpl for group-222CDE664E56:[e156b416-77a3-4e07-9c94-a4b27caf2078:192.168.151.103:39366] with ContainerStateMachine:uninitialized
2019-09-27 10:01:32,763 [pool-177-thread-1] INFO  server.RaftServerConfigKeys (ConfUtils.java:logGet(43)) - raft.server.rpc.timeout.min = 5s (custom)
2019-09-27 10:01:32,763 [pool-177-thread-1] INFO  server.RaftServerConfigKeys (ConfUtils.java:logGet(43)) - raft.server.rpc.timeout.max = 5200ms (custom)
2019-09-27 10:01:32,763 [pool-177-thread-1] INFO  server.RaftServerConfigKeys (ConfUtils.java:logGet(43)) - raft.server.rpcslowness.timeout = 120s (custom)
2019-09-27 10:01:32,763 [pool-177-thread-1] INFO  server.RaftServerConfigKeys (ConfUtils.java:logGet(43)) - raft.server.sleep.deviation.threshold = 300 (default)
2019-09-27 10:01:32,763 [pool-177-thread-1] INFO  server.RaftServerConfigKeys (ConfUtils.java:logGet(43)) - raft.server.log.appender.install.snapshot.enabled = false (custom)
2019-09-27 10:01:32,763 [pool-177-thread-1] INFO  impl.RaftServerImpl (ServerState.java:<init>(103)) - e156b416-77a3-4e07-9c94-a4b27caf2078@group-222CDE664E56: ConfigurationManager, init=-1: [e156b416-77a3-4e07-9c94-a4b27caf2078:192.168.151.103:39366], old=null, confs=<EMPTY_MAP>
2019-09-27 10:01:32,764 [pool-177-thread-1] INFO  server.RaftServerConfigKeys (ConfUtils.java:logGet(43)) - raft.server.storage.dir = [/workdir/hadoop-ozone/integration-test/target/test-dir/MiniOzoneClusterImpl-cdbcb096-6118-4bf2-bc8d-5446b0901881/datanode-6/data/ratis] (custom)
2019-09-27 10:01:32,764 [pool-177-thread-1] INFO  storage.RaftStorageDirectory (RaftStorageDirectory.java:analyzeStorage(246)) - The storage directory /workdir/hadoop-ozone/integration-test/target/test-dir/MiniOzoneClusterImpl-cdbcb096-6118-4bf2-bc8d-5446b0901881/datanode-6/data/ratis/5637146f-8675-4ae0-b9e9-222cde664e56 does not exist. Creating ...
2019-09-27 10:01:32,776 [pool-177-thread-1] INFO  storage.RaftStorageDirectory (RaftStorageDirectory.java:tryLock(328)) - Lock on /workdir/hadoop-ozone/integration-test/target/test-dir/MiniOzoneClusterImpl-cdbcb096-6118-4bf2-bc8d-5446b0901881/datanode-6/data/ratis/5637146f-8675-4ae0-b9e9-222cde664e56/in_use.lock acquired by nodename 30667@pr-hdds2162-4fxhj-20988671
2019-09-27 10:01:32,788 [pool-177-thread-1] INFO  storage.RaftStorage (RaftStorage.java:format(72)) - Storage directory /workdir/hadoop-ozone/integration-test/target/test-dir/MiniOzoneClusterImpl-cdbcb096-6118-4bf2-bc8d-5446b0901881/datanode-6/data/ratis/5637146f-8675-4ae0-b9e9-222cde664e56 has been successfully formatted.
2019-09-27 10:01:32,789 [pool-177-thread-1] INFO  ratis.ContainerStateMachine (ContainerStateMachine.java:loadSnapshot(230)) - group-222CDE664E56: The snapshot info is null. Setting the last applied indexto:(t:0, i:~)
2019-09-27 10:01:32,789 [pool-177-thread-1] INFO  server.RaftServerConfigKeys (ConfUtils.java:logGet(43)) - raft.server.notification.no-leader.timeout = 120s (custom)
2019-09-27 10:01:32,789 [pool-177-thread-1] INFO  server.RaftServerConfigKeys (ConfUtils.java:logGet(43)) - raft.server.log.use.memory = false (default)
2019-09-27 10:01:32,789 [pool-177-thread-1] INFO  server.RaftServerConfigKeys (ConfUtils.java:logGet(43)) - raft.server.log.purge.gap = 1000000 (custom)
2019-09-27 10:01:32,789 [pool-177-thread-1] INFO  server.RaftServerConfigKeys (ConfUtils.java:logGet(43)) - raft.server.log.appender.buffer.byte-limit = 33554432 (custom)
2019-09-27 10:01:32,789 [pool-177-thread-1] INFO  server.RaftServerConfigKeys (ConfUtils.java:logGet(43)) - raft.server.log.segment.size.max = 1048576 (custom)
2019-09-27 10:01:32,789 [pool-177-thread-1] INFO  server.RaftServerConfigKeys (ConfUtils.java:logGet(43)) - raft.server.log.segment.cache.num.max = 2 (custom)
2019-09-27 10:01:32,789 [pool-177-thread-1] INFO  segmented.SegmentedRaftLogWorker (SegmentedRaftLogWorker.java:<init>(172)) - new e156b416-77a3-4e07-9c94-a4b27caf2078@group-222CDE664E56-SegmentedRaftLogWorker for RaftStorage:Storage Directory /workdir/hadoop-ozone/integration-test/target/test-dir/MiniOzoneClusterImpl-cdbcb096-6118-4bf2-bc8d-5446b0901881/datanode-6/data/ratis/5637146f-8675-4ae0-b9e9-222cde664e56
2019-09-27 10:01:32,791 [pool-177-thread-1] INFO  server.RaftServerConfigKeys (ConfUtils.java:logGet(43)) - raft.server.log.queue.byte-limit = 2147483647 (custom)
2019-09-27 10:01:32,791 [pool-177-thread-1] INFO  server.RaftServerConfigKeys (ConfUtils.java:logGet(43)) - raft.server.log.queue.element-limit = 1024 (custom)
2019-09-27 10:01:32,791 [pool-177-thread-1] INFO  server.RaftServerConfigKeys (ConfUtils.java:logGet(43)) - raft.server.log.segment.size.max = 1048576 (custom)
2019-09-27 10:01:32,792 [pool-177-thread-1] INFO  server.RaftServerConfigKeys (ConfUtils.java:logGet(43)) - raft.server.log.preallocated.size = 16384 (custom)
2019-09-27 10:01:32,792 [pool-177-thread-1] INFO  server.RaftServerConfigKeys (ConfUtils.java:logGet(43)) - raft.server.log.write.buffer.size = 33554432 (custom)
2019-09-27 10:01:32,792 [pool-177-thread-1] INFO  server.RaftServerConfigKeys (ConfUtils.java:logGet(43)) - raft.server.log.force.sync.num = 128 (default)
2019-09-27 10:01:32,792 [pool-177-thread-1] INFO  server.RaftServerConfigKeys (ConfUtils.java:logGet(43)) - raft.server.log.statemachine.data.sync = true (default)
2019-09-27 10:01:32,792 [pool-177-thread-1] INFO  server.RaftServerConfigKeys (ConfUtils.java:logGet(43)) - raft.server.log.statemachine.data.sync.timeout = 10s (default)
2019-09-27 10:01:32,792 [pool-177-thread-1] INFO  server.RaftServerConfigKeys (ConfUtils.java:logGet(43)) - raft.server.log.statemachine.data.sync.timeout.retry = -1 (default)
2019-09-27 10:01:32,792 [pool-177-thread-1] INFO  server.RaftServerConfigKeys (ConfUtils.java:logGet(43)) - raft.server.log.statemachine.data.caching.enabled = true (custom)
2019-09-27 10:01:32,793 [pool-177-thread-1] INFO  segmented.SegmentedRaftLogWorker (SegmentedRaftLogWorker.java:lambda$new$0(132)) - e156b416-77a3-4e07-9c94-a4b27caf2078@group-222CDE664E56-SegmentedRaftLogWorker: flushIndex: setUnconditionally 0 -> -1
2019-09-27 10:01:32,793 [pool-177-thread-1] INFO  server.RaftServerConfigKeys (ConfUtils.java:logGet(43)) - raft.server.snapshot.auto.trigger.enabled = true (custom)
2019-09-27 10:01:32,793 [pool-177-thread-1] INFO  server.RaftServerConfigKeys (ConfUtils.java:logGet(43)) - raft.server.snapshot.auto.trigger.threshold = 10000 (custom)
2019-09-27 10:01:32,793 [pool-177-thread-1] INFO  server.RaftServerConfigKeys (ConfUtils.java:logGet(43)) - raft.server.snapshot.retention.num.files = 5 (custom)
2019-09-27 10:01:32,793 [pool-177-thread-1] INFO  server.RaftServerConfigKeys (ConfUtils.java:logGet(43)) - raft.server.retrycache.expirytime = 600000ms (custom)
2019-09-27 10:01:32,795 [pool-177-thread-1] INFO  impl.RaftServerImpl (RaftServerImpl.java:start(185)) - e156b416-77a3-4e07-9c94-a4b27caf2078@group-222CDE664E56: start as a follower, conf=-1: [e156b416-77a3-4e07-9c94-a4b27caf2078:192.168.151.103:39366], old=null
2019-09-27 10:01:32,795 [pool-177-thread-1] INFO  impl.RaftServerImpl (RaftServerImpl.java:setRole(174)) - e156b416-77a3-4e07-9c94-a4b27caf2078@group-222CDE664E56: changes role from      null to FOLLOWER at term 0 for startAsFollower
2019-09-27 10:01:32,795 [pool-177-thread-1] INFO  impl.RoleInfo (RoleInfo.java:updateAndGet(143)) - e156b416-77a3-4e07-9c94-a4b27caf2078: start FollowerState
2019-09-27 10:01:32,804 [pool-177-thread-1] INFO  util.JmxRegister (JmxRegister.java:tryRegister(44)) - Successfully registered JMX Bean with object name Ratis:service=RaftServer,group=group-222CDE664E56,id=e156b416-77a3-4e07-9c94-a4b27caf2078
2019-09-27 10:01:32,813 [RatisPipelineUtilsThread] INFO  pipeline.PipelineStateManager (PipelineStateManager.java:addPipeline(56)) - Created pipeline Pipeline[ Id: 5637146f-8675-4ae0-b9e9-222cde664e56, Nodes: e156b416-77a3-4e07-9c94-a4b27caf2078{ip: 192.168.151.103, host: pr-hdds2162-4fxhj-20988671, networkLocation: /default-rack, certSerialId: null}, Type:RATIS, Factor:ONE, State:OPEN]
2019-09-27 10:01:32,840 [grpc-default-executor-2] INFO  impl.RaftServerProxy (RaftServerProxy.java:addNew(89)) - e156b416-77a3-4e07-9c94-a4b27caf2078: addNew group-CFD578AC5048:[e156b416-77a3-4e07-9c94-a4b27caf2078:192.168.151.103:39366, ca69c954-0527-45b8-aa74-abb1f8453a40:192.168.151.103:33275, 1006a943-b738-48bb-8dca-a3d46061f13e:192.168.151.103:33924] returns group-CFD578AC5048:java.util.concurrent.CompletableFuture@4371ca6a[Not completed]
2019-09-27 10:01:32,843 [pool-177-thread-1] INFO  impl.RaftServerImpl (RaftServerImpl.java:<init>(95)) - e156b416-77a3-4e07-9c94-a4b27caf2078: new RaftServerImpl for group-CFD578AC5048:[e156b416-77a3-4e07-9c94-a4b27caf2078:192.168.151.103:39366, ca69c954-0527-45b8-aa74-abb1f8453a40:192.168.151.103:33275, 1006a943-b738-48bb-8dca-a3d46061f13e:192.168.151.103:33924] with ContainerStateMachine:uninitialized
2019-09-27 10:01:32,843 [grpc-default-executor-0] INFO  impl.RaftServerProxy (RaftServerProxy.java:addNew(89)) - 1006a943-b738-48bb-8dca-a3d46061f13e: addNew group-CFD578AC5048:[e156b416-77a3-4e07-9c94-a4b27caf2078:192.168.151.103:39366, ca69c954-0527-45b8-aa74-abb1f8453a40:192.168.151.103:33275, 1006a943-b738-48bb-8dca-a3d46061f13e:192.168.151.103:33924] returns group-CFD578AC5048:java.util.concurrent.CompletableFuture@7c45a997[Not completed]
2019-09-27 10:01:32,844 [pool-177-thread-1] INFO  server.RaftServerConfigKeys (ConfUtils.java:logGet(43)) - raft.server.rpc.timeout.min = 5s (custom)
2019-09-27 10:01:32,845 [pool-177-thread-1] INFO  server.RaftServerConfigKeys (ConfUtils.java:logGet(43)) - raft.server.rpc.timeout.max = 5200ms (custom)
2019-09-27 10:01:32,846 [grpc-default-executor-2] INFO  impl.RaftServerProxy (RaftServerProxy.java:addNew(89)) - ca69c954-0527-45b8-aa74-abb1f8453a40: addNew group-CFD578AC5048:[e156b416-77a3-4e07-9c94-a4b27caf2078:192.168.151.103:39366, ca69c954-0527-45b8-aa74-abb1f8453a40:192.168.151.103:33275, 1006a943-b738-48bb-8dca-a3d46061f13e:192.168.151.103:33924] returns group-CFD578AC5048:java.util.concurrent.CompletableFuture@276bcc5[Not completed]
2019-09-27 10:01:32,846 [pool-177-thread-1] INFO  server.RaftServerConfigKeys (ConfUtils.java:logGet(43)) - raft.server.rpcslowness.timeout = 120s (custom)
2019-09-27 10:01:32,846 [pool-177-thread-1] INFO  server.RaftServerConfigKeys (ConfUtils.java:logGet(43)) - raft.server.sleep.deviation.threshold = 300 (default)
2019-09-27 10:01:32,846 [pool-177-thread-1] INFO  server.RaftServerConfigKeys (ConfUtils.java:logGet(43)) - raft.server.log.appender.install.snapshot.enabled = false (custom)
2019-09-27 10:01:32,846 [pool-177-thread-1] INFO  impl.RaftServerImpl (ServerState.java:<init>(103)) - e156b416-77a3-4e07-9c94-a4b27caf2078@group-CFD578AC5048: ConfigurationManager, init=-1: [e156b416-77a3-4e07-9c94-a4b27caf2078:192.168.151.103:39366, ca69c954-0527-45b8-aa74-abb1f8453a40:192.168.151.103:33275, 1006a943-b738-48bb-8dca-a3d46061f13e:192.168.151.103:33924], old=null, confs=<EMPTY_MAP>
2019-09-27 10:01:32,847 [pool-177-thread-1] INFO  server.RaftServerConfigKeys (ConfUtils.java:logGet(43)) - raft.server.storage.dir = [/workdir/hadoop-ozone/integration-test/target/test-dir/MiniOzoneClusterImpl-cdbcb096-6118-4bf2-bc8d-5446b0901881/datanode-6/data/ratis] (custom)
2019-09-27 10:01:32,847 [pool-177-thread-1] INFO  storage.RaftStorageDirectory (RaftStorageDirectory.java:analyzeStorage(246)) - The storage directory /workdir/hadoop-ozone/integration-test/target/test-dir/MiniOzoneClusterImpl-cdbcb096-6118-4bf2-bc8d-5446b0901881/datanode-6/data/ratis/6026da56-1a73-491e-924e-cfd578ac5048 does not exist. Creating ...
2019-09-27 10:01:32,847 [pool-147-thread-1] INFO  impl.RaftServerImpl (RaftServerImpl.java:<init>(95)) - 1006a943-b738-48bb-8dca-a3d46061f13e: new RaftServerImpl for group-CFD578AC5048:[e156b416-77a3-4e07-9c94-a4b27caf2078:192.168.151.103:39366, ca69c954-0527-45b8-aa74-abb1f8453a40:192.168.151.103:33275, 1006a943-b738-48bb-8dca-a3d46061f13e:192.168.151.103:33924] with ContainerStateMachine:uninitialized
2019-09-27 10:01:32,848 [pool-147-thread-1] INFO  server.RaftServerConfigKeys (ConfUtils.java:logGet(43)) - raft.server.rpc.timeout.min = 5s (custom)
2019-09-27 10:01:32,848 [pool-147-thread-1] INFO  server.RaftServerConfigKeys (ConfUtils.java:logGet(43)) - raft.server.rpc.timeout.max = 5200ms (custom)
2019-09-27 10:01:32,848 [pool-147-thread-1] INFO  server.RaftServerConfigKeys (ConfUtils.java:logGet(43)) - raft.server.rpcslowness.timeout = 120s (custom)
2019-09-27 10:01:32,848 [pool-147-thread-1] INFO  server.RaftServerConfigKeys (ConfUtils.java:logGet(43)) - raft.server.sleep.deviation.threshold = 300 (default)
2019-09-27 10:01:32,848 [pool-147-thread-1] INFO  server.RaftServerConfigKeys (ConfUtils.java:logGet(43)) - raft.server.log.appender.install.snapshot.enabled = false (custom)
2019-09-27 10:01:32,849 [pool-147-thread-1] INFO  impl.RaftServerImpl (ServerState.java:<init>(103)) - 1006a943-b738-48bb-8dca-a3d46061f13e@group-CFD578AC5048: ConfigurationManager, init=-1: [e156b416-77a3-4e07-9c94-a4b27caf2078:192.168.151.103:39366, ca69c954-0527-45b8-aa74-abb1f8453a40:192.168.151.103:33275, 1006a943-b738-48bb-8dca-a3d46061f13e:192.168.151.103:33924], old=null, confs=<EMPTY_MAP>
2019-09-27 10:01:32,849 [pool-147-thread-1] INFO  server.RaftServerConfigKeys (ConfUtils.java:logGet(43)) - raft.server.storage.dir = [/workdir/hadoop-ozone/integration-test/target/test-dir/MiniOzoneClusterImpl-cdbcb096-6118-4bf2-bc8d-5446b0901881/datanode-3/data/ratis] (custom)
2019-09-27 10:01:32,849 [pool-157-thread-1] INFO  impl.RaftServerImpl (RaftServerImpl.java:<init>(95)) - ca69c954-0527-45b8-aa74-abb1f8453a40: new RaftServerImpl for group-CFD578AC5048:[e156b416-77a3-4e07-9c94-a4b27caf2078:192.168.151.103:39366, ca69c954-0527-45b8-aa74-abb1f8453a40:192.168.151.103:33275, 1006a943-b738-48bb-8dca-a3d46061f13e:192.168.151.103:33924] with ContainerStateMachine:uninitialized
2019-09-27 10:01:32,849 [pool-157-thread-1] INFO  server.RaftServerConfigKeys (ConfUtils.java:logGet(43)) - raft.server.rpc.timeout.min = 5s (custom)
2019-09-27 10:01:32,849 [pool-147-thread-1] INFO  storage.RaftStorageDirectory (RaftStorageDirectory.java:analyzeStorage(246)) - The storage directory /workdir/hadoop-ozone/integration-test/target/test-dir/MiniOzoneClusterImpl-cdbcb096-6118-4bf2-bc8d-5446b0901881/datanode-3/data/ratis/6026da56-1a73-491e-924e-cfd578ac5048 does not exist. Creating ...
2019-09-27 10:01:32,849 [pool-157-thread-1] INFO  server.RaftServerConfigKeys (ConfUtils.java:logGet(43)) - raft.server.rpc.timeout.max = 5200ms (custom)
2019-09-27 10:01:32,850 [pool-157-thread-1] INFO  server.RaftServerConfigKeys (ConfUtils.java:logGet(43)) - raft.server.rpcslowness.timeout = 120s (custom)
2019-09-27 10:01:32,850 [pool-157-thread-1] INFO  server.RaftServerConfigKeys (ConfUtils.java:logGet(43)) - raft.server.sleep.deviation.threshold = 300 (default)
2019-09-27 10:01:32,850 [pool-157-thread-1] INFO  server.RaftServerConfigKeys (ConfUtils.java:logGet(43)) - raft.server.log.appender.install.snapshot.enabled = false (custom)
2019-09-27 10:01:32,850 [pool-157-thread-1] INFO  impl.RaftServerImpl (ServerState.java:<init>(103)) - ca69c954-0527-45b8-aa74-abb1f8453a40@group-CFD578AC5048: ConfigurationManager, init=-1: [e156b416-77a3-4e07-9c94-a4b27caf2078:192.168.151.103:39366, ca69c954-0527-45b8-aa74-abb1f8453a40:192.168.151.103:33275, 1006a943-b738-48bb-8dca-a3d46061f13e:192.168.151.103:33924], old=null, confs=<EMPTY_MAP>
2019-09-27 10:01:32,850 [pool-157-thread-1] INFO  server.RaftServerConfigKeys (ConfUtils.java:logGet(43)) - raft.server.storage.dir = [/workdir/hadoop-ozone/integration-test/target/test-dir/MiniOzoneClusterImpl-cdbcb096-6118-4bf2-bc8d-5446b0901881/datanode-4/data/ratis] (custom)
2019-09-27 10:01:32,851 [pool-157-thread-1] INFO  storage.RaftStorageDirectory (RaftStorageDirectory.java:analyzeStorage(246)) - The storage directory /workdir/hadoop-ozone/integration-test/target/test-dir/MiniOzoneClusterImpl-cdbcb096-6118-4bf2-bc8d-5446b0901881/datanode-4/data/ratis/6026da56-1a73-491e-924e-cfd578ac5048 does not exist. Creating ...
2019-09-27 10:01:32,873 [pool-147-thread-1] INFO  storage.RaftStorageDirectory (RaftStorageDirectory.java:tryLock(328)) - Lock on /workdir/hadoop-ozone/integration-test/target/test-dir/MiniOzoneClusterImpl-cdbcb096-6118-4bf2-bc8d-5446b0901881/datanode-3/data/ratis/6026da56-1a73-491e-924e-cfd578ac5048/in_use.lock acquired by nodename 30667@pr-hdds2162-4fxhj-20988671
2019-09-27 10:01:32,873 [pool-177-thread-1] INFO  storage.RaftStorageDirectory (RaftStorageDirectory.java:tryLock(328)) - Lock on /workdir/hadoop-ozone/integration-test/target/test-dir/MiniOzoneClusterImpl-cdbcb096-6118-4bf2-bc8d-5446b0901881/datanode-6/data/ratis/6026da56-1a73-491e-924e-cfd578ac5048/in_use.lock acquired by nodename 30667@pr-hdds2162-4fxhj-20988671
2019-09-27 10:01:32,873 [pool-157-thread-1] INFO  storage.RaftStorageDirectory (RaftStorageDirectory.java:tryLock(328)) - Lock on /workdir/hadoop-ozone/integration-test/target/test-dir/MiniOzoneClusterImpl-cdbcb096-6118-4bf2-bc8d-5446b0901881/datanode-4/data/ratis/6026da56-1a73-491e-924e-cfd578ac5048/in_use.lock acquired by nodename 30667@pr-hdds2162-4fxhj-20988671
2019-09-27 10:01:32,899 [pool-177-thread-1] INFO  storage.RaftStorage (RaftStorage.java:format(72)) - Storage directory /workdir/hadoop-ozone/integration-test/target/test-dir/MiniOzoneClusterImpl-cdbcb096-6118-4bf2-bc8d-5446b0901881/datanode-6/data/ratis/6026da56-1a73-491e-924e-cfd578ac5048 has been successfully formatted.
2019-09-27 10:01:32,899 [pool-157-thread-1] INFO  storage.RaftStorage (RaftStorage.java:format(72)) - Storage directory /workdir/hadoop-ozone/integration-test/target/test-dir/MiniOzoneClusterImpl-cdbcb096-6118-4bf2-bc8d-5446b0901881/datanode-4/data/ratis/6026da56-1a73-491e-924e-cfd578ac5048 has been successfully formatted.
2019-09-27 10:01:32,899 [pool-177-thread-1] INFO  ratis.ContainerStateMachine (ContainerStateMachine.java:loadSnapshot(230)) - group-CFD578AC5048: The snapshot info is null. Setting the last applied indexto:(t:0, i:~)
2019-09-27 10:01:32,899 [pool-147-thread-1] INFO  storage.RaftStorage (RaftStorage.java:format(72)) - Storage directory /workdir/hadoop-ozone/integration-test/target/test-dir/MiniOzoneClusterImpl-cdbcb096-6118-4bf2-bc8d-5446b0901881/datanode-3/data/ratis/6026da56-1a73-491e-924e-cfd578ac5048 has been successfully formatted.
2019-09-27 10:01:32,899 [pool-157-thread-1] INFO  ratis.ContainerStateMachine (ContainerStateMachine.java:loadSnapshot(230)) - group-CFD578AC5048: The snapshot info is null. Setting the last applied indexto:(t:0, i:~)
2019-09-27 10:01:32,899 [pool-177-thread-1] INFO  server.RaftServerConfigKeys (ConfUtils.java:logGet(43)) - raft.server.notification.no-leader.timeout = 120s (custom)
2019-09-27 10:01:32,900 [pool-157-thread-1] INFO  server.RaftServerConfigKeys (ConfUtils.java:logGet(43)) - raft.server.notification.no-leader.timeout = 120s (custom)
2019-09-27 10:01:32,900 [pool-147-thread-1] INFO  ratis.ContainerStateMachine (ContainerStateMachine.java:loadSnapshot(230)) - group-CFD578AC5048: The snapshot info is null. Setting the last applied indexto:(t:0, i:~)
2019-09-27 10:01:32,900 [pool-157-thread-1] INFO  server.RaftServerConfigKeys (ConfUtils.java:logGet(43)) - raft.server.log.use.memory = false (default)
2019-09-27 10:01:32,900 [pool-177-thread-1] INFO  server.RaftServerConfigKeys (ConfUtils.java:logGet(43)) - raft.server.log.use.memory = false (default)
2019-09-27 10:01:32,901 [pool-157-thread-1] INFO  server.RaftServerConfigKeys (ConfUtils.java:logGet(43)) - raft.server.log.purge.gap = 1000000 (custom)
2019-09-27 10:01:32,900 [pool-147-thread-1] INFO  server.RaftServerConfigKeys (ConfUtils.java:logGet(43)) - raft.server.notification.no-leader.timeout = 120s (custom)
2019-09-27 10:01:32,901 [pool-157-thread-1] INFO  server.RaftServerConfigKeys (ConfUtils.java:logGet(43)) - raft.server.log.appender.buffer.byte-limit = 33554432 (custom)
2019-09-27 10:01:32,901 [pool-177-thread-1] INFO  server.RaftServerConfigKeys (ConfUtils.java:logGet(43)) - raft.server.log.purge.gap = 1000000 (custom)
2019-09-27 10:01:32,901 [pool-157-thread-1] INFO  server.RaftServerConfigKeys (ConfUtils.java:logGet(43)) - raft.server.log.segment.size.max = 1048576 (custom)
2019-09-27 10:01:32,901 [pool-147-thread-1] INFO  server.RaftServerConfigKeys (ConfUtils.java:logGet(43)) - raft.server.log.use.memory = false (default)
2019-09-27 10:01:32,902 [pool-157-thread-1] INFO  server.RaftServerConfigKeys (ConfUtils.java:logGet(43)) - raft.server.log.segment.cache.num.max = 2 (custom)
2019-09-27 10:01:32,901 [pool-177-thread-1] INFO  server.RaftServerConfigKeys (ConfUtils.java:logGet(43)) - raft.server.log.appender.buffer.byte-limit = 33554432 (custom)
2019-09-27 10:01:32,902 [pool-157-thread-1] INFO  segmented.SegmentedRaftLogWorker (SegmentedRaftLogWorker.java:<init>(172)) - new ca69c954-0527-45b8-aa74-abb1f8453a40@group-CFD578AC5048-SegmentedRaftLogWorker for RaftStorage:Storage Directory /workdir/hadoop-ozone/integration-test/target/test-dir/MiniOzoneClusterImpl-cdbcb096-6118-4bf2-bc8d-5446b0901881/datanode-4/data/ratis/6026da56-1a73-491e-924e-cfd578ac5048
2019-09-27 10:01:32,902 [pool-147-thread-1] INFO  server.RaftServerConfigKeys (ConfUtils.java:logGet(43)) - raft.server.log.purge.gap = 1000000 (custom)
2019-09-27 10:01:32,902 [pool-157-thread-1] INFO  server.RaftServerConfigKeys (ConfUtils.java:logGet(43)) - raft.server.log.queue.byte-limit = 2147483647 (custom)
2019-09-27 10:01:32,902 [pool-177-thread-1] INFO  server.RaftServerConfigKeys (ConfUtils.java:logGet(43)) - raft.server.log.segment.size.max = 1048576 (custom)
2019-09-27 10:01:32,903 [pool-157-thread-1] INFO  server.RaftServerConfigKeys (ConfUtils.java:logGet(43)) - raft.server.log.queue.element-limit = 1024 (custom)
2019-09-27 10:01:32,902 [pool-147-thread-1] INFO  server.RaftServerConfigKeys (ConfUtils.java:logGet(43)) - raft.server.log.appender.buffer.byte-limit = 33554432 (custom)
2019-09-27 10:01:32,903 [pool-157-thread-1] INFO  server.RaftServerConfigKeys (ConfUtils.java:logGet(43)) - raft.server.log.segment.size.max = 1048576 (custom)
2019-09-27 10:01:32,903 [pool-177-thread-1] INFO  server.RaftServerConfigKeys (ConfUtils.java:logGet(43)) - raft.server.log.segment.cache.num.max = 2 (custom)
2019-09-27 10:01:32,904 [pool-157-thread-1] INFO  server.RaftServerConfigKeys (ConfUtils.java:logGet(43)) - raft.server.log.preallocated.size = 16384 (custom)
2019-09-27 10:01:32,903 [pool-147-thread-1] INFO  server.RaftServerConfigKeys (ConfUtils.java:logGet(43)) - raft.server.log.segment.size.max = 1048576 (custom)
2019-09-27 10:01:32,904 [pool-157-thread-1] INFO  server.RaftServerConfigKeys (ConfUtils.java:logGet(43)) - raft.server.log.write.buffer.size = 33554432 (custom)
2019-09-27 10:01:32,904 [pool-177-thread-1] INFO  segmented.SegmentedRaftLogWorker (SegmentedRaftLogWorker.java:<init>(172)) - new e156b416-77a3-4e07-9c94-a4b27caf2078@group-CFD578AC5048-SegmentedRaftLogWorker for RaftStorage:Storage Directory /workdir/hadoop-ozone/integration-test/target/test-dir/MiniOzoneClusterImpl-cdbcb096-6118-4bf2-bc8d-5446b0901881/datanode-6/data/ratis/6026da56-1a73-491e-924e-cfd578ac5048
2019-09-27 10:01:32,904 [pool-157-thread-1] INFO  server.RaftServerConfigKeys (ConfUtils.java:logGet(43)) - raft.server.log.force.sync.num = 128 (default)
2019-09-27 10:01:32,904 [pool-147-thread-1] INFO  server.RaftServerConfigKeys (ConfUtils.java:logGet(43)) - raft.server.log.segment.cache.num.max = 2 (custom)
2019-09-27 10:01:32,905 [pool-157-thread-1] INFO  server.RaftServerConfigKeys (ConfUtils.java:logGet(43)) - raft.server.log.statemachine.data.sync = true (default)
2019-09-27 10:01:32,904 [pool-177-thread-1] INFO  server.RaftServerConfigKeys (ConfUtils.java:logGet(43)) - raft.server.log.queue.byte-limit = 2147483647 (custom)
2019-09-27 10:01:32,905 [pool-157-thread-1] INFO  server.RaftServerConfigKeys (ConfUtils.java:logGet(43)) - raft.server.log.statemachine.data.sync.timeout = 10s (default)
2019-09-27 10:01:32,905 [pool-147-thread-1] INFO  segmented.SegmentedRaftLogWorker (SegmentedRaftLogWorker.java:<init>(172)) - new 1006a943-b738-48bb-8dca-a3d46061f13e@group-CFD578AC5048-SegmentedRaftLogWorker for RaftStorage:Storage Directory /workdir/hadoop-ozone/integration-test/target/test-dir/MiniOzoneClusterImpl-cdbcb096-6118-4bf2-bc8d-5446b0901881/datanode-3/data/ratis/6026da56-1a73-491e-924e-cfd578ac5048
2019-09-27 10:01:32,905 [pool-157-thread-1] INFO  server.RaftServerConfigKeys (ConfUtils.java:logGet(43)) - raft.server.log.statemachine.data.sync.timeout.retry = -1 (default)
2019-09-27 10:01:32,905 [pool-177-thread-1] INFO  server.RaftServerConfigKeys (ConfUtils.java:logGet(43)) - raft.server.log.queue.element-limit = 1024 (custom)
2019-09-27 10:01:32,906 [pool-157-thread-1] INFO  server.RaftServerConfigKeys (ConfUtils.java:logGet(43)) - raft.server.log.statemachine.data.caching.enabled = true (custom)
2019-09-27 10:01:32,906 [pool-147-thread-1] INFO  server.RaftServerConfigKeys (ConfUtils.java:logGet(43)) - raft.server.log.queue.byte-limit = 2147483647 (custom)
2019-09-27 10:01:32,906 [pool-157-thread-1] INFO  segmented.SegmentedRaftLogWorker (SegmentedRaftLogWorker.java:lambda$new$0(132)) - ca69c954-0527-45b8-aa74-abb1f8453a40@group-CFD578AC5048-SegmentedRaftLogWorker: flushIndex: setUnconditionally 0 -> -1
2019-09-27 10:01:32,906 [pool-177-thread-1] INFO  server.RaftServerConfigKeys (ConfUtils.java:logGet(43)) - raft.server.log.segment.size.max = 1048576 (custom)
2019-09-27 10:01:32,906 [pool-147-thread-1] INFO  server.RaftServerConfigKeys (ConfUtils.java:logGet(43)) - raft.server.log.queue.element-limit = 1024 (custom)
2019-09-27 10:01:32,907 [pool-157-thread-1] INFO  server.RaftServerConfigKeys (ConfUtils.java:logGet(43)) - raft.server.snapshot.auto.trigger.enabled = true (custom)
2019-09-27 10:01:32,907 [pool-177-thread-1] INFO  server.RaftServerConfigKeys (ConfUtils.java:logGet(43)) - raft.server.log.preallocated.size = 16384 (custom)
2019-09-27 10:01:32,907 [pool-157-thread-1] INFO  server.RaftServerConfigKeys (ConfUtils.java:logGet(43)) - raft.server.snapshot.auto.trigger.threshold = 10000 (custom)
2019-09-27 10:01:32,907 [pool-147-thread-1] INFO  server.RaftServerConfigKeys (ConfUtils.java:logGet(43)) - raft.server.log.segment.size.max = 1048576 (custom)
2019-09-27 10:01:32,908 [pool-157-thread-1] INFO  server.RaftServerConfigKeys (ConfUtils.java:logGet(43)) - raft.server.snapshot.retention.num.files = 5 (custom)
2019-09-27 10:01:32,907 [pool-177-thread-1] INFO  server.RaftServerConfigKeys (ConfUtils.java:logGet(43)) - raft.server.log.write.buffer.size = 33554432 (custom)
2019-09-27 10:01:32,908 [pool-157-thread-1] INFO  server.RaftServerConfigKeys (ConfUtils.java:logGet(43)) - raft.server.retrycache.expirytime = 600000ms (custom)
2019-09-27 10:01:32,908 [pool-147-thread-1] INFO  server.RaftServerConfigKeys (ConfUtils.java:logGet(43)) - raft.server.log.preallocated.size = 16384 (custom)
2019-09-27 10:01:32,908 [pool-177-thread-1] INFO  server.RaftServerConfigKeys (ConfUtils.java:logGet(43)) - raft.server.log.force.sync.num = 128 (default)
2019-09-27 10:01:32,908 [pool-147-thread-1] INFO  server.RaftServerConfigKeys (ConfUtils.java:logGet(43)) - raft.server.log.write.buffer.size = 33554432 (custom)
2019-09-27 10:01:32,909 [pool-177-thread-1] INFO  server.RaftServerConfigKeys (ConfUtils.java:logGet(43)) - raft.server.log.statemachine.data.sync = true (default)
2019-09-27 10:01:32,909 [pool-147-thread-1] INFO  server.RaftServerConfigKeys (ConfUtils.java:logGet(43)) - raft.server.log.force.sync.num = 128 (default)
2019-09-27 10:01:32,909 [pool-177-thread-1] INFO  server.RaftServerConfigKeys (ConfUtils.java:logGet(43)) - raft.server.log.statemachine.data.sync.timeout = 10s (default)
2019-09-27 10:01:32,909 [pool-147-thread-1] INFO  server.RaftServerConfigKeys (ConfUtils.java:logGet(43)) - raft.server.log.statemachine.data.sync = true (default)
2019-09-27 10:01:32,909 [pool-177-thread-1] INFO  server.RaftServerConfigKeys (ConfUtils.java:logGet(43)) - raft.server.log.statemachine.data.sync.timeout.retry = -1 (default)
2019-09-27 10:01:32,909 [pool-147-thread-1] INFO  server.RaftServerConfigKeys (ConfUtils.java:logGet(43)) - raft.server.log.statemachine.data.sync.timeout = 10s (default)
2019-09-27 10:01:32,910 [pool-177-thread-1] INFO  server.RaftServerConfigKeys (ConfUtils.java:logGet(43)) - raft.server.log.statemachine.data.caching.enabled = true (custom)
2019-09-27 10:01:32,910 [pool-147-thread-1] INFO  server.RaftServerConfigKeys (ConfUtils.java:logGet(43)) - raft.server.log.statemachine.data.sync.timeout.retry = -1 (default)
2019-09-27 10:01:32,910 [pool-177-thread-1] INFO  segmented.SegmentedRaftLogWorker (SegmentedRaftLogWorker.java:lambda$new$0(132)) - e156b416-77a3-4e07-9c94-a4b27caf2078@group-CFD578AC5048-SegmentedRaftLogWorker: flushIndex: setUnconditionally 0 -> -1
2019-09-27 10:01:32,910 [pool-147-thread-1] INFO  server.RaftServerConfigKeys (ConfUtils.java:logGet(43)) - raft.server.log.statemachine.data.caching.enabled = true (custom)
2019-09-27 10:01:32,911 [pool-177-thread-1] INFO  server.RaftServerConfigKeys (ConfUtils.java:logGet(43)) - raft.server.snapshot.auto.trigger.enabled = true (custom)
2019-09-27 10:01:32,911 [pool-147-thread-1] INFO  segmented.SegmentedRaftLogWorker (SegmentedRaftLogWorker.java:lambda$new$0(132)) - 1006a943-b738-48bb-8dca-a3d46061f13e@group-CFD578AC5048-SegmentedRaftLogWorker: flushIndex: setUnconditionally 0 -> -1
2019-09-27 10:01:32,911 [pool-177-thread-1] INFO  server.RaftServerConfigKeys (ConfUtils.java:logGet(43)) - raft.server.snapshot.auto.trigger.threshold = 10000 (custom)
2019-09-27 10:01:32,911 [pool-157-thread-1] INFO  impl.RaftServerImpl (RaftServerImpl.java:start(185)) - ca69c954-0527-45b8-aa74-abb1f8453a40@group-CFD578AC5048: start as a follower, conf=-1: [e156b416-77a3-4e07-9c94-a4b27caf2078:192.168.151.103:39366, ca69c954-0527-45b8-aa74-abb1f8453a40:192.168.151.103:33275, 1006a943-b738-48bb-8dca-a3d46061f13e:192.168.151.103:33924], old=null
2019-09-27 10:01:32,911 [pool-147-thread-1] INFO  server.RaftServerConfigKeys (ConfUtils.java:logGet(43)) - raft.server.snapshot.auto.trigger.enabled = true (custom)
2019-09-27 10:01:32,911 [pool-177-thread-1] INFO  server.RaftServerConfigKeys (ConfUtils.java:logGet(43)) - raft.server.snapshot.retention.num.files = 5 (custom)
2019-09-27 10:01:32,911 [pool-147-thread-1] INFO  server.RaftServerConfigKeys (ConfUtils.java:logGet(43)) - raft.server.snapshot.auto.trigger.threshold = 10000 (custom)
2019-09-27 10:01:32,911 [pool-157-thread-1] INFO  impl.RaftServerImpl (RaftServerImpl.java:setRole(174)) - ca69c954-0527-45b8-aa74-abb1f8453a40@group-CFD578AC5048: changes role from      null to FOLLOWER at term 0 for startAsFollower
2019-09-27 10:01:32,912 [pool-147-thread-1] INFO  server.RaftServerConfigKeys (ConfUtils.java:logGet(43)) - raft.server.snapshot.retention.num.files = 5 (custom)
2019-09-27 10:01:32,912 [pool-177-thread-1] INFO  server.RaftServerConfigKeys (ConfUtils.java:logGet(43)) - raft.server.retrycache.expirytime = 600000ms (custom)
2019-09-27 10:01:32,912 [pool-147-thread-1] INFO  server.RaftServerConfigKeys (ConfUtils.java:logGet(43)) - raft.server.retrycache.expirytime = 600000ms (custom)
2019-09-27 10:01:32,912 [pool-157-thread-1] INFO  impl.RoleInfo (RoleInfo.java:updateAndGet(143)) - ca69c954-0527-45b8-aa74-abb1f8453a40: start FollowerState
2019-09-27 10:01:32,913 [pool-157-thread-1] INFO  util.JmxRegister (JmxRegister.java:tryRegister(44)) - Successfully registered JMX Bean with object name Ratis:service=RaftServer,group=group-CFD578AC5048,id=ca69c954-0527-45b8-aa74-abb1f8453a40
2019-09-27 10:01:32,919 [pool-177-thread-1] INFO  impl.RaftServerImpl (RaftServerImpl.java:start(185)) - e156b416-77a3-4e07-9c94-a4b27caf2078@group-CFD578AC5048: start as a follower, conf=-1: [e156b416-77a3-4e07-9c94-a4b27caf2078:192.168.151.103:39366, ca69c954-0527-45b8-aa74-abb1f8453a40:192.168.151.103:33275, 1006a943-b738-48bb-8dca-a3d46061f13e:192.168.151.103:33924], old=null
2019-09-27 10:01:32,919 [pool-177-thread-1] INFO  impl.RaftServerImpl (RaftServerImpl.java:setRole(174)) - e156b416-77a3-4e07-9c94-a4b27caf2078@group-CFD578AC5048: changes role from      null to FOLLOWER at term 0 for startAsFollower
2019-09-27 10:01:32,920 [pool-177-thread-1] INFO  impl.RoleInfo (RoleInfo.java:updateAndGet(143)) - e156b416-77a3-4e07-9c94-a4b27caf2078: start FollowerState
2019-09-27 10:01:32,920 [pool-147-thread-1] INFO  impl.RaftServerImpl (RaftServerImpl.java:start(185)) - 1006a943-b738-48bb-8dca-a3d46061f13e@group-CFD578AC5048: start as a follower, conf=-1: [e156b416-77a3-4e07-9c94-a4b27caf2078:192.168.151.103:39366, ca69c954-0527-45b8-aa74-abb1f8453a40:192.168.151.103:33275, 1006a943-b738-48bb-8dca-a3d46061f13e:192.168.151.103:33924], old=null
2019-09-27 10:01:32,920 [pool-147-thread-1] INFO  impl.RaftServerImpl (RaftServerImpl.java:setRole(174)) - 1006a943-b738-48bb-8dca-a3d46061f13e@group-CFD578AC5048: changes role from      null to FOLLOWER at term 0 for startAsFollower
2019-09-27 10:01:32,920 [pool-177-thread-1] INFO  util.JmxRegister (JmxRegister.java:tryRegister(44)) - Successfully registered JMX Bean with object name Ratis:service=RaftServer,group=group-CFD578AC5048,id=e156b416-77a3-4e07-9c94-a4b27caf2078
2019-09-27 10:01:32,920 [pool-147-thread-1] INFO  impl.RoleInfo (RoleInfo.java:updateAndGet(143)) - 1006a943-b738-48bb-8dca-a3d46061f13e: start FollowerState
2019-09-27 10:01:32,921 [pool-147-thread-1] INFO  util.JmxRegister (JmxRegister.java:tryRegister(44)) - Successfully registered JMX Bean with object name Ratis:service=RaftServer,group=group-CFD578AC5048,id=1006a943-b738-48bb-8dca-a3d46061f13e
2019-09-27 10:01:32,930 [RatisPipelineUtilsThread] INFO  pipeline.PipelineStateManager (PipelineStateManager.java:addPipeline(56)) - Created pipeline Pipeline[ Id: 6026da56-1a73-491e-924e-cfd578ac5048, Nodes: ca69c954-0527-45b8-aa74-abb1f8453a40{ip: 192.168.151.103, host: pr-hdds2162-4fxhj-20988671, networkLocation: /default-rack, certSerialId: null}e156b416-77a3-4e07-9c94-a4b27caf2078{ip: 192.168.151.103, host: pr-hdds2162-4fxhj-20988671, networkLocation: /default-rack, certSerialId: null}1006a943-b738-48bb-8dca-a3d46061f13e{ip: 192.168.151.103, host: pr-hdds2162-4fxhj-20988671, networkLocation: /default-rack, certSerialId: null}, Type:RATIS, Factor:THREE, State:OPEN]
2019-09-27 10:01:32,953 [grpc-default-executor-1] INFO  impl.RaftServerProxy (RaftServerProxy.java:addNew(89)) - b4c9881e-ccdd-41f3-8b47-caf73170c791: addNew group-61F0866A4D7E:[b4c9881e-ccdd-41f3-8b47-caf73170c791:192.168.151.103:37794, 010a5080-8642-4af5-99ba-788150127419:192.168.151.103:38175, e4aee8ab-3701-4138-bdf7-9839da9344db:192.168.151.103:38331] returns group-61F0866A4D7E:java.util.concurrent.CompletableFuture@69234d9d[Not completed]
2019-09-27 10:01:32,953 [grpc-default-executor-0] INFO  impl.RaftServerProxy (RaftServerProxy.java:addNew(89)) - e4aee8ab-3701-4138-bdf7-9839da9344db: addNew group-61F0866A4D7E:[b4c9881e-ccdd-41f3-8b47-caf73170c791:192.168.151.103:37794, 010a5080-8642-4af5-99ba-788150127419:192.168.151.103:38175, e4aee8ab-3701-4138-bdf7-9839da9344db:192.168.151.103:38331] returns group-61F0866A4D7E:java.util.concurrent.CompletableFuture@15a53cc6[Not completed]
2019-09-27 10:01:32,959 [grpc-default-executor-2] INFO  impl.RaftServerProxy (RaftServerProxy.java:addNew(89)) - 010a5080-8642-4af5-99ba-788150127419: addNew group-61F0866A4D7E:[b4c9881e-ccdd-41f3-8b47-caf73170c791:192.168.151.103:37794, 010a5080-8642-4af5-99ba-788150127419:192.168.151.103:38175, e4aee8ab-3701-4138-bdf7-9839da9344db:192.168.151.103:38331] returns group-61F0866A4D7E:java.util.concurrent.CompletableFuture@7ad0e059[Not completed]
2019-09-27 10:01:32,961 [pool-137-thread-1] INFO  impl.RaftServerImpl (RaftServerImpl.java:<init>(95)) - b4c9881e-ccdd-41f3-8b47-caf73170c791: new RaftServerImpl for group-61F0866A4D7E:[b4c9881e-ccdd-41f3-8b47-caf73170c791:192.168.151.103:37794, 010a5080-8642-4af5-99ba-788150127419:192.168.151.103:38175, e4aee8ab-3701-4138-bdf7-9839da9344db:192.168.151.103:38331] with ContainerStateMachine:uninitialized
2019-09-27 10:01:32,961 [pool-137-thread-1] INFO  server.RaftServerConfigKeys (ConfUtils.java:logGet(43)) - raft.server.rpc.timeout.min = 5s (custom)
2019-09-27 10:01:32,961 [pool-137-thread-1] INFO  server.RaftServerConfigKeys (ConfUtils.java:logGet(43)) - raft.server.rpc.timeout.max = 5200ms (custom)
2019-09-27 10:01:32,962 [pool-137-thread-1] INFO  server.RaftServerConfigKeys (ConfUtils.java:logGet(43)) - raft.server.rpcslowness.timeout = 120s (custom)
2019-09-27 10:01:32,962 [pool-137-thread-1] INFO  server.RaftServerConfigKeys (ConfUtils.java:logGet(43)) - raft.server.sleep.deviation.threshold = 300 (default)
2019-09-27 10:01:32,962 [pool-137-thread-1] INFO  server.RaftServerConfigKeys (ConfUtils.java:logGet(43)) - raft.server.log.appender.install.snapshot.enabled = false (custom)
2019-09-27 10:01:32,962 [pool-167-thread-1] INFO  impl.RaftServerImpl (RaftServerImpl.java:<init>(95)) - 010a5080-8642-4af5-99ba-788150127419: new RaftServerImpl for group-61F0866A4D7E:[b4c9881e-ccdd-41f3-8b47-caf73170c791:192.168.151.103:37794, 010a5080-8642-4af5-99ba-788150127419:192.168.151.103:38175, e4aee8ab-3701-4138-bdf7-9839da9344db:192.168.151.103:38331] with ContainerStateMachine:uninitialized
2019-09-27 10:01:32,962 [pool-137-thread-1] INFO  impl.RaftServerImpl (ServerState.java:<init>(103)) - b4c9881e-ccdd-41f3-8b47-caf73170c791@group-61F0866A4D7E: ConfigurationManager, init=-1: [b4c9881e-ccdd-41f3-8b47-caf73170c791:192.168.151.103:37794, 010a5080-8642-4af5-99ba-788150127419:192.168.151.103:38175, e4aee8ab-3701-4138-bdf7-9839da9344db:192.168.151.103:38331], old=null, confs=<EMPTY_MAP>
2019-09-27 10:01:32,962 [pool-167-thread-1] INFO  server.RaftServerConfigKeys (ConfUtils.java:logGet(43)) - raft.server.rpc.timeout.min = 5s (custom)
2019-09-27 10:01:32,963 [pool-137-thread-1] INFO  server.RaftServerConfigKeys (ConfUtils.java:logGet(43)) - raft.server.storage.dir = [/workdir/hadoop-ozone/integration-test/target/test-dir/MiniOzoneClusterImpl-cdbcb096-6118-4bf2-bc8d-5446b0901881/datanode-2/data/ratis] (custom)
2019-09-27 10:01:32,963 [pool-167-thread-1] INFO  server.RaftServerConfigKeys (ConfUtils.java:logGet(43)) - raft.server.rpc.timeout.max = 5200ms (custom)
2019-09-27 10:01:32,963 [pool-167-thread-1] INFO  server.RaftServerConfigKeys (ConfUtils.java:logGet(43)) - raft.server.rpcslowness.timeout = 120s (custom)
2019-09-27 10:01:32,963 [pool-167-thread-1] INFO  server.RaftServerConfigKeys (ConfUtils.java:logGet(43)) - raft.server.sleep.deviation.threshold = 300 (default)
2019-09-27 10:01:32,963 [pool-137-thread-1] INFO  storage.RaftStorageDirectory (RaftStorageDirectory.java:analyzeStorage(246)) - The storage directory /workdir/hadoop-ozone/integration-test/target/test-dir/MiniOzoneClusterImpl-cdbcb096-6118-4bf2-bc8d-5446b0901881/datanode-2/data/ratis/f5ffc316-3577-44e5-ac0c-61f0866a4d7e does not exist. Creating ...
2019-09-27 10:01:32,963 [pool-167-thread-1] INFO  server.RaftServerConfigKeys (ConfUtils.java:logGet(43)) - raft.server.log.appender.install.snapshot.enabled = false (custom)
2019-09-27 10:01:32,964 [pool-167-thread-1] INFO  impl.RaftServerImpl (ServerState.java:<init>(103)) - 010a5080-8642-4af5-99ba-788150127419@group-61F0866A4D7E: ConfigurationManager, init=-1: [b4c9881e-ccdd-41f3-8b47-caf73170c791:192.168.151.103:37794, 010a5080-8642-4af5-99ba-788150127419:192.168.151.103:38175, e4aee8ab-3701-4138-bdf7-9839da9344db:192.168.151.103:38331], old=null, confs=<EMPTY_MAP>
2019-09-27 10:01:32,964 [pool-117-thread-1] INFO  impl.RaftServerImpl (RaftServerImpl.java:<init>(95)) - e4aee8ab-3701-4138-bdf7-9839da9344db: new RaftServerImpl for group-61F0866A4D7E:[b4c9881e-ccdd-41f3-8b47-caf73170c791:192.168.151.103:37794, 010a5080-8642-4af5-99ba-788150127419:192.168.151.103:38175, e4aee8ab-3701-4138-bdf7-9839da9344db:192.168.151.103:38331] with ContainerStateMachine:uninitialized
2019-09-27 10:01:32,964 [pool-167-thread-1] INFO  server.RaftServerConfigKeys (ConfUtils.java:logGet(43)) - raft.server.storage.dir = [/workdir/hadoop-ozone/integration-test/target/test-dir/MiniOzoneClusterImpl-cdbcb096-6118-4bf2-bc8d-5446b0901881/datanode-5/data/ratis] (custom)
2019-09-27 10:01:32,964 [pool-117-thread-1] INFO  server.RaftServerConfigKeys (ConfUtils.java:logGet(43)) - raft.server.rpc.timeout.min = 5s (custom)
2019-09-27 10:01:32,964 [pool-117-thread-1] INFO  server.RaftServerConfigKeys (ConfUtils.java:logGet(43)) - raft.server.rpc.timeout.max = 5200ms (custom)
2019-09-27 10:01:32,964 [pool-167-thread-1] INFO  storage.RaftStorageDirectory (RaftStorageDirectory.java:analyzeStorage(246)) - The storage directory /workdir/hadoop-ozone/integration-test/target/test-dir/MiniOzoneClusterImpl-cdbcb096-6118-4bf2-bc8d-5446b0901881/datanode-5/data/ratis/f5ffc316-3577-44e5-ac0c-61f0866a4d7e does not exist. Creating ...
2019-09-27 10:01:32,964 [pool-117-thread-1] INFO  server.RaftServerConfigKeys (ConfUtils.java:logGet(43)) - raft.server.rpcslowness.timeout = 120s (custom)
2019-09-27 10:01:32,965 [pool-117-thread-1] INFO  server.RaftServerConfigKeys (ConfUtils.java:logGet(43)) - raft.server.sleep.deviation.threshold = 300 (default)
2019-09-27 10:01:32,965 [pool-117-thread-1] INFO  server.RaftServerConfigKeys (ConfUtils.java:logGet(43)) - raft.server.log.appender.install.snapshot.enabled = false (custom)
2019-09-27 10:01:32,965 [pool-117-thread-1] INFO  impl.RaftServerImpl (ServerState.java:<init>(103)) - e4aee8ab-3701-4138-bdf7-9839da9344db@group-61F0866A4D7E: ConfigurationManager, init=-1: [b4c9881e-ccdd-41f3-8b47-caf73170c791:192.168.151.103:37794, 010a5080-8642-4af5-99ba-788150127419:192.168.151.103:38175, e4aee8ab-3701-4138-bdf7-9839da9344db:192.168.151.103:38331], old=null, confs=<EMPTY_MAP>
2019-09-27 10:01:32,965 [pool-117-thread-1] INFO  server.RaftServerConfigKeys (ConfUtils.java:logGet(43)) - raft.server.storage.dir = [/workdir/hadoop-ozone/integration-test/target/test-dir/MiniOzoneClusterImpl-cdbcb096-6118-4bf2-bc8d-5446b0901881/datanode-0/data/ratis] (custom)
2019-09-27 10:01:32,966 [pool-117-thread-1] INFO  storage.RaftStorageDirectory (RaftStorageDirectory.java:analyzeStorage(246)) - The storage directory /workdir/hadoop-ozone/integration-test/target/test-dir/MiniOzoneClusterImpl-cdbcb096-6118-4bf2-bc8d-5446b0901881/datanode-0/data/ratis/f5ffc316-3577-44e5-ac0c-61f0866a4d7e does not exist. Creating ...
2019-09-27 10:01:32,989 [pool-137-thread-1] INFO  storage.RaftStorageDirectory (RaftStorageDirectory.java:tryLock(328)) - Lock on /workdir/hadoop-ozone/integration-test/target/test-dir/MiniOzoneClusterImpl-cdbcb096-6118-4bf2-bc8d-5446b0901881/datanode-2/data/ratis/f5ffc316-3577-44e5-ac0c-61f0866a4d7e/in_use.lock acquired by nodename 30667@pr-hdds2162-4fxhj-20988671
2019-09-27 10:01:32,989 [pool-117-thread-1] INFO  storage.RaftStorageDirectory (RaftStorageDirectory.java:tryLock(328)) - Lock on /workdir/hadoop-ozone/integration-test/target/test-dir/MiniOzoneClusterImpl-cdbcb096-6118-4bf2-bc8d-5446b0901881/datanode-0/data/ratis/f5ffc316-3577-44e5-ac0c-61f0866a4d7e/in_use.lock acquired by nodename 30667@pr-hdds2162-4fxhj-20988671
2019-09-27 10:01:32,989 [pool-167-thread-1] INFO  storage.RaftStorageDirectory (RaftStorageDirectory.java:tryLock(328)) - Lock on /workdir/hadoop-ozone/integration-test/target/test-dir/MiniOzoneClusterImpl-cdbcb096-6118-4bf2-bc8d-5446b0901881/datanode-5/data/ratis/f5ffc316-3577-44e5-ac0c-61f0866a4d7e/in_use.lock acquired by nodename 30667@pr-hdds2162-4fxhj-20988671
2019-09-27 10:01:33,003 [pool-117-thread-1] INFO  storage.RaftStorage (RaftStorage.java:format(72)) - Storage directory /workdir/hadoop-ozone/integration-test/target/test-dir/MiniOzoneClusterImpl-cdbcb096-6118-4bf2-bc8d-5446b0901881/datanode-0/data/ratis/f5ffc316-3577-44e5-ac0c-61f0866a4d7e has been successfully formatted.
2019-09-27 10:01:33,003 [pool-167-thread-1] INFO  storage.RaftStorage (RaftStorage.java:format(72)) - Storage directory /workdir/hadoop-ozone/integration-test/target/test-dir/MiniOzoneClusterImpl-cdbcb096-6118-4bf2-bc8d-5446b0901881/datanode-5/data/ratis/f5ffc316-3577-44e5-ac0c-61f0866a4d7e has been successfully formatted.
2019-09-27 10:01:33,003 [pool-137-thread-1] INFO  storage.RaftStorage (RaftStorage.java:format(72)) - Storage directory /workdir/hadoop-ozone/integration-test/target/test-dir/MiniOzoneClusterImpl-cdbcb096-6118-4bf2-bc8d-5446b0901881/datanode-2/data/ratis/f5ffc316-3577-44e5-ac0c-61f0866a4d7e has been successfully formatted.
2019-09-27 10:01:33,004 [pool-167-thread-1] INFO  ratis.ContainerStateMachine (ContainerStateMachine.java:loadSnapshot(230)) - group-61F0866A4D7E: The snapshot info is null. Setting the last applied indexto:(t:0, i:~)
2019-09-27 10:01:33,003 [pool-117-thread-1] INFO  ratis.ContainerStateMachine (ContainerStateMachine.java:loadSnapshot(230)) - group-61F0866A4D7E: The snapshot info is null. Setting the last applied indexto:(t:0, i:~)
2019-09-27 10:01:33,004 [pool-167-thread-1] INFO  server.RaftServerConfigKeys (ConfUtils.java:logGet(43)) - raft.server.notification.no-leader.timeout = 120s (custom)
2019-09-27 10:01:33,004 [pool-137-thread-1] INFO  ratis.ContainerStateMachine (ContainerStateMachine.java:loadSnapshot(230)) - group-61F0866A4D7E: The snapshot info is null. Setting the last applied indexto:(t:0, i:~)
2019-09-27 10:01:33,004 [pool-167-thread-1] INFO  server.RaftServerConfigKeys (ConfUtils.java:logGet(43)) - raft.server.log.use.memory = false (default)
2019-09-27 10:01:33,004 [pool-117-thread-1] INFO  server.RaftServerConfigKeys (ConfUtils.java:logGet(43)) - raft.server.notification.no-leader.timeout = 120s (custom)
2019-09-27 10:01:33,005 [pool-167-thread-1] INFO  server.RaftServerConfigKeys (ConfUtils.java:logGet(43)) - raft.server.log.purge.gap = 1000000 (custom)
2019-09-27 10:01:33,004 [pool-137-thread-1] INFO  server.RaftServerConfigKeys (ConfUtils.java:logGet(43)) - raft.server.notification.no-leader.timeout = 120s (custom)
2019-09-27 10:01:33,005 [pool-167-thread-1] INFO  server.RaftServerConfigKeys (ConfUtils.java:logGet(43)) - raft.server.log.appender.buffer.byte-limit = 33554432 (custom)
2019-09-27 10:01:33,005 [pool-117-thread-1] INFO  server.RaftServerConfigKeys (ConfUtils.java:logGet(43)) - raft.server.log.use.memory = false (default)
2019-09-27 10:01:33,005 [pool-167-thread-1] INFO  server.RaftServerConfigKeys (ConfUtils.java:logGet(43)) - raft.server.log.segment.size.max = 1048576 (custom)
2019-09-27 10:01:33,005 [pool-137-thread-1] INFO  server.RaftServerConfigKeys (ConfUtils.java:logGet(43)) - raft.server.log.use.memory = false (default)
2019-09-27 10:01:33,006 [pool-167-thread-1] INFO  server.RaftServerConfigKeys (ConfUtils.java:logGet(43)) - raft.server.log.segment.cache.num.max = 2 (custom)
2019-09-27 10:01:33,006 [pool-117-thread-1] INFO  server.RaftServerConfigKeys (ConfUtils.java:logGet(43)) - raft.server.log.purge.gap = 1000000 (custom)
2019-09-27 10:01:33,006 [pool-167-thread-1] INFO  segmented.SegmentedRaftLogWorker (SegmentedRaftLogWorker.java:<init>(172)) - new 010a5080-8642-4af5-99ba-788150127419@group-61F0866A4D7E-SegmentedRaftLogWorker for RaftStorage:Storage Directory /workdir/hadoop-ozone/integration-test/target/test-dir/MiniOzoneClusterImpl-cdbcb096-6118-4bf2-bc8d-5446b0901881/datanode-5/data/ratis/f5ffc316-3577-44e5-ac0c-61f0866a4d7e
2019-09-27 10:01:33,006 [pool-137-thread-1] INFO  server.RaftServerConfigKeys (ConfUtils.java:logGet(43)) - raft.server.log.purge.gap = 1000000 (custom)
2019-09-27 10:01:33,007 [pool-167-thread-1] INFO  server.RaftServerConfigKeys (ConfUtils.java:logGet(43)) - raft.server.log.queue.byte-limit = 2147483647 (custom)
2019-09-27 10:01:33,006 [pool-117-thread-1] INFO  server.RaftServerConfigKeys (ConfUtils.java:logGet(43)) - raft.server.log.appender.buffer.byte-limit = 33554432 (custom)
2019-09-27 10:01:33,007 [pool-167-thread-1] INFO  server.RaftServerConfigKeys (ConfUtils.java:logGet(43)) - raft.server.log.queue.element-limit = 1024 (custom)
2019-09-27 10:01:33,007 [pool-137-thread-1] INFO  server.RaftServerConfigKeys (ConfUtils.java:logGet(43)) - raft.server.log.appender.buffer.byte-limit = 33554432 (custom)
2019-09-27 10:01:33,007 [pool-167-thread-1] INFO  server.RaftServerConfigKeys (ConfUtils.java:logGet(43)) - raft.server.log.segment.size.max = 1048576 (custom)
2019-09-27 10:01:33,007 [pool-117-thread-1] INFO  server.RaftServerConfigKeys (ConfUtils.java:logGet(43)) - raft.server.log.segment.size.max = 1048576 (custom)
2019-09-27 10:01:33,008 [pool-167-thread-1] INFO  server.RaftServerConfigKeys (ConfUtils.java:logGet(43)) - raft.server.log.preallocated.size = 16384 (custom)
2019-09-27 10:01:33,007 [pool-137-thread-1] INFO  server.RaftServerConfigKeys (ConfUtils.java:logGet(43)) - raft.server.log.segment.size.max = 1048576 (custom)
2019-09-27 10:01:33,008 [pool-167-thread-1] INFO  server.RaftServerConfigKeys (ConfUtils.java:logGet(43)) - raft.server.log.write.buffer.size = 33554432 (custom)
2019-09-27 10:01:33,008 [pool-117-thread-1] INFO  server.RaftServerConfigKeys (ConfUtils.java:logGet(43)) - raft.server.log.segment.cache.num.max = 2 (custom)
2019-09-27 10:01:33,008 [pool-167-thread-1] INFO  server.RaftServerConfigKeys (ConfUtils.java:logGet(43)) - raft.server.log.force.sync.num = 128 (default)
2019-09-27 10:01:33,008 [pool-137-thread-1] INFO  server.RaftServerConfigKeys (ConfUtils.java:logGet(43)) - raft.server.log.segment.cache.num.max = 2 (custom)
2019-09-27 10:01:33,009 [pool-167-thread-1] INFO  server.RaftServerConfigKeys (ConfUtils.java:logGet(43)) - raft.server.log.statemachine.data.sync = true (default)
2019-09-27 10:01:33,009 [pool-117-thread-1] INFO  segmented.SegmentedRaftLogWorker (SegmentedRaftLogWorker.java:<init>(172)) - new e4aee8ab-3701-4138-bdf7-9839da9344db@group-61F0866A4D7E-SegmentedRaftLogWorker for RaftStorage:Storage Directory /workdir/hadoop-ozone/integration-test/target/test-dir/MiniOzoneClusterImpl-cdbcb096-6118-4bf2-bc8d-5446b0901881/datanode-0/data/ratis/f5ffc316-3577-44e5-ac0c-61f0866a4d7e
2019-09-27 10:01:33,009 [pool-167-thread-1] INFO  server.RaftServerConfigKeys (ConfUtils.java:logGet(43)) - raft.server.log.statemachine.data.sync.timeout = 10s (default)
2019-09-27 10:01:33,009 [pool-137-thread-1] INFO  segmented.SegmentedRaftLogWorker (SegmentedRaftLogWorker.java:<init>(172)) - new b4c9881e-ccdd-41f3-8b47-caf73170c791@group-61F0866A4D7E-SegmentedRaftLogWorker for RaftStorage:Storage Directory /workdir/hadoop-ozone/integration-test/target/test-dir/MiniOzoneClusterImpl-cdbcb096-6118-4bf2-bc8d-5446b0901881/datanode-2/data/ratis/f5ffc316-3577-44e5-ac0c-61f0866a4d7e
2019-09-27 10:01:33,010 [pool-167-thread-1] INFO  server.RaftServerConfigKeys (ConfUtils.java:logGet(43)) - raft.server.log.statemachine.data.sync.timeout.retry = -1 (default)
2019-09-27 10:01:33,009 [pool-117-thread-1] INFO  server.RaftServerConfigKeys (ConfUtils.java:logGet(43)) - raft.server.log.queue.byte-limit = 2147483647 (custom)
2019-09-27 10:01:33,010 [pool-167-thread-1] INFO  server.RaftServerConfigKeys (ConfUtils.java:logGet(43)) - raft.server.log.statemachine.data.caching.enabled = true (custom)
2019-09-27 10:01:33,010 [pool-137-thread-1] INFO  server.RaftServerConfigKeys (ConfUtils.java:logGet(43)) - raft.server.log.queue.byte-limit = 2147483647 (custom)
2019-09-27 10:01:33,011 [pool-137-thread-1] INFO  server.RaftServerConfigKeys (ConfUtils.java:logGet(43)) - raft.server.log.queue.element-limit = 1024 (custom)
2019-09-27 10:01:33,010 [pool-117-thread-1] INFO  server.RaftServerConfigKeys (ConfUtils.java:logGet(43)) - raft.server.log.queue.element-limit = 1024 (custom)
2019-09-27 10:01:33,011 [pool-137-thread-1] INFO  server.RaftServerConfigKeys (ConfUtils.java:logGet(43)) - raft.server.log.segment.size.max = 1048576 (custom)
2019-09-27 10:01:33,011 [pool-167-thread-1] INFO  segmented.SegmentedRaftLogWorker (SegmentedRaftLogWorker.java:lambda$new$0(132)) - 010a5080-8642-4af5-99ba-788150127419@group-61F0866A4D7E-SegmentedRaftLogWorker: flushIndex: setUnconditionally 0 -> -1
2019-09-27 10:01:33,011 [pool-137-thread-1] INFO  server.RaftServerConfigKeys (ConfUtils.java:logGet(43)) - raft.server.log.preallocated.size = 16384 (custom)
2019-09-27 10:01:33,011 [pool-117-thread-1] INFO  server.RaftServerConfigKeys (ConfUtils.java:logGet(43)) - raft.server.log.segment.size.max = 1048576 (custom)
2019-09-27 10:01:33,012 [pool-167-thread-1] INFO  server.RaftServerConfigKeys (ConfUtils.java:logGet(43)) - raft.server.snapshot.auto.trigger.enabled = true (custom)
2019-09-27 10:01:33,012 [pool-137-thread-1] INFO  server.RaftServerConfigKeys (ConfUtils.java:logGet(43)) - raft.server.log.write.buffer.size = 33554432 (custom)
2019-09-27 10:01:33,012 [pool-167-thread-1] INFO  server.RaftServerConfigKeys (ConfUtils.java:logGet(43)) - raft.server.snapshot.auto.trigger.threshold = 10000 (custom)
2019-09-27 10:01:33,012 [pool-167-thread-1] INFO  server.RaftServerConfigKeys (ConfUtils.java:logGet(43)) - raft.server.snapshot.retention.num.files = 5 (custom)
2019-09-27 10:01:33,012 [pool-117-thread-1] INFO  server.RaftServerConfigKeys (ConfUtils.java:logGet(43)) - raft.server.log.preallocated.size = 16384 (custom)
2019-09-27 10:01:33,012 [pool-167-thread-1] INFO  server.RaftServerConfigKeys (ConfUtils.java:logGet(43)) - raft.server.retrycache.expirytime = 600000ms (custom)
2019-09-27 10:01:33,012 [pool-137-thread-1] INFO  server.RaftServerConfigKeys (ConfUtils.java:logGet(43)) - raft.server.log.force.sync.num = 128 (default)
2019-09-27 10:01:33,013 [pool-117-thread-1] INFO  server.RaftServerConfigKeys (ConfUtils.java:logGet(43)) - raft.server.log.write.buffer.size = 33554432 (custom)
2019-09-27 10:01:33,013 [pool-137-thread-1] INFO  server.RaftServerConfigKeys (ConfUtils.java:logGet(43)) - raft.server.log.statemachine.data.sync = true (default)
2019-09-27 10:01:33,013 [pool-117-thread-1] INFO  server.RaftServerConfigKeys (ConfUtils.java:logGet(43)) - raft.server.log.force.sync.num = 128 (default)
2019-09-27 10:01:33,013 [pool-137-thread-1] INFO  server.RaftServerConfigKeys (ConfUtils.java:logGet(43)) - raft.server.log.statemachine.data.sync.timeout = 10s (default)
2019-09-27 10:01:33,014 [pool-117-thread-1] INFO  server.RaftServerConfigKeys (ConfUtils.java:logGet(43)) - raft.server.log.statemachine.data.sync = true (default)
2019-09-27 10:01:33,014 [pool-137-thread-1] INFO  server.RaftServerConfigKeys (ConfUtils.java:logGet(43)) - raft.server.log.statemachine.data.sync.timeout.retry = -1 (default)
2019-09-27 10:01:33,014 [pool-117-thread-1] INFO  server.RaftServerConfigKeys (ConfUtils.java:logGet(43)) - raft.server.log.statemachine.data.sync.timeout = 10s (default)
2019-09-27 10:01:33,014 [pool-137-thread-1] INFO  server.RaftServerConfigKeys (ConfUtils.java:logGet(43)) - raft.server.log.statemachine.data.caching.enabled = true (custom)
2019-09-27 10:01:33,014 [pool-117-thread-1] INFO  server.RaftServerConfigKeys (ConfUtils.java:logGet(43)) - raft.server.log.statemachine.data.sync.timeout.retry = -1 (default)
2019-09-27 10:01:33,015 [pool-137-thread-1] INFO  segmented.SegmentedRaftLogWorker (SegmentedRaftLogWorker.java:lambda$new$0(132)) - b4c9881e-ccdd-41f3-8b47-caf73170c791@group-61F0866A4D7E-SegmentedRaftLogWorker: flushIndex: setUnconditionally 0 -> -1
2019-09-27 10:01:33,015 [pool-117-thread-1] INFO  server.RaftServerConfigKeys (ConfUtils.java:logGet(43)) - raft.server.log.statemachine.data.caching.enabled = true (custom)
2019-09-27 10:01:33,015 [pool-137-thread-1] INFO  server.RaftServerConfigKeys (ConfUtils.java:logGet(43)) - raft.server.snapshot.auto.trigger.enabled = true (custom)
2019-09-27 10:01:33,015 [pool-137-thread-1] INFO  server.RaftServerConfigKeys (ConfUtils.java:logGet(43)) - raft.server.snapshot.auto.trigger.threshold = 10000 (custom)
2019-09-27 10:01:33,016 [pool-117-thread-1] INFO  segmented.SegmentedRaftLogWorker (SegmentedRaftLogWorker.java:lambda$new$0(132)) - e4aee8ab-3701-4138-bdf7-9839da9344db@group-61F0866A4D7E-SegmentedRaftLogWorker: flushIndex: setUnconditionally 0 -> -1
2019-09-27 10:01:33,016 [pool-137-thread-1] INFO  server.RaftServerConfigKeys (ConfUtils.java:logGet(43)) - raft.server.snapshot.retention.num.files = 5 (custom)
2019-09-27 10:01:33,016 [pool-117-thread-1] INFO  server.RaftServerConfigKeys (ConfUtils.java:logGet(43)) - raft.server.snapshot.auto.trigger.enabled = true (custom)
2019-09-27 10:01:33,016 [pool-137-thread-1] INFO  server.RaftServerConfigKeys (ConfUtils.java:logGet(43)) - raft.server.retrycache.expirytime = 600000ms (custom)
2019-09-27 10:01:33,016 [pool-167-thread-1] INFO  impl.RaftServerImpl (RaftServerImpl.java:start(185)) - 010a5080-8642-4af5-99ba-788150127419@group-61F0866A4D7E: start as a follower, conf=-1: [b4c9881e-ccdd-41f3-8b47-caf73170c791:192.168.151.103:37794, 010a5080-8642-4af5-99ba-788150127419:192.168.151.103:38175, e4aee8ab-3701-4138-bdf7-9839da9344db:192.168.151.103:38331], old=null
2019-09-27 10:01:33,016 [pool-117-thread-1] INFO  server.RaftServerConfigKeys (ConfUtils.java:logGet(43)) - raft.server.snapshot.auto.trigger.threshold = 10000 (custom)
2019-09-27 10:01:33,019 [pool-167-thread-1] INFO  impl.RaftServerImpl (RaftServerImpl.java:setRole(174)) - 010a5080-8642-4af5-99ba-788150127419@group-61F0866A4D7E: changes role from      null to FOLLOWER at term 0 for startAsFollower
2019-09-27 10:01:33,019 [pool-117-thread-1] INFO  server.RaftServerConfigKeys (ConfUtils.java:logGet(43)) - raft.server.snapshot.retention.num.files = 5 (custom)
2019-09-27 10:01:33,019 [pool-167-thread-1] INFO  impl.RoleInfo (RoleInfo.java:updateAndGet(143)) - 010a5080-8642-4af5-99ba-788150127419: start FollowerState
2019-09-27 10:01:33,020 [pool-117-thread-1] INFO  server.RaftServerConfigKeys (ConfUtils.java:logGet(43)) - raft.server.retrycache.expirytime = 600000ms (custom)
2019-09-27 10:01:33,020 [pool-167-thread-1] INFO  util.JmxRegister (JmxRegister.java:tryRegister(44)) - Successfully registered JMX Bean with object name Ratis:service=RaftServer,group=group-61F0866A4D7E,id=010a5080-8642-4af5-99ba-788150127419
2019-09-27 10:01:33,027 [pool-137-thread-1] INFO  impl.RaftServerImpl (RaftServerImpl.java:start(185)) - b4c9881e-ccdd-41f3-8b47-caf73170c791@group-61F0866A4D7E: start as a follower, conf=-1: [b4c9881e-ccdd-41f3-8b47-caf73170c791:192.168.151.103:37794, 010a5080-8642-4af5-99ba-788150127419:192.168.151.103:38175, e4aee8ab-3701-4138-bdf7-9839da9344db:192.168.151.103:38331], old=null
2019-09-27 10:01:33,027 [pool-137-thread-1] INFO  impl.RaftServerImpl (RaftServerImpl.java:setRole(174)) - b4c9881e-ccdd-41f3-8b47-caf73170c791@group-61F0866A4D7E: changes role from      null to FOLLOWER at term 0 for startAsFollower
2019-09-27 10:01:33,027 [pool-137-thread-1] INFO  impl.RoleInfo (RoleInfo.java:updateAndGet(143)) - b4c9881e-ccdd-41f3-8b47-caf73170c791: start FollowerState
2019-09-27 10:01:33,028 [pool-137-thread-1] INFO  util.JmxRegister (JmxRegister.java:tryRegister(44)) - Successfully registered JMX Bean with object name Ratis:service=RaftServer,group=group-61F0866A4D7E,id=b4c9881e-ccdd-41f3-8b47-caf73170c791
2019-09-27 10:01:33,028 [pool-117-thread-1] INFO  impl.RaftServerImpl (RaftServerImpl.java:start(185)) - e4aee8ab-3701-4138-bdf7-9839da9344db@group-61F0866A4D7E: start as a follower, conf=-1: [b4c9881e-ccdd-41f3-8b47-caf73170c791:192.168.151.103:37794, 010a5080-8642-4af5-99ba-788150127419:192.168.151.103:38175, e4aee8ab-3701-4138-bdf7-9839da9344db:192.168.151.103:38331], old=null
2019-09-27 10:01:33,028 [pool-117-thread-1] INFO  impl.RaftServerImpl (RaftServerImpl.java:setRole(174)) - e4aee8ab-3701-4138-bdf7-9839da9344db@group-61F0866A4D7E: changes role from      null to FOLLOWER at term 0 for startAsFollower
2019-09-27 10:01:33,029 [pool-117-thread-1] INFO  impl.RoleInfo (RoleInfo.java:updateAndGet(143)) - e4aee8ab-3701-4138-bdf7-9839da9344db: start FollowerState
2019-09-27 10:01:33,029 [pool-117-thread-1] INFO  util.JmxRegister (JmxRegister.java:tryRegister(44)) - Successfully registered JMX Bean with object name Ratis:service=RaftServer,group=group-61F0866A4D7E,id=e4aee8ab-3701-4138-bdf7-9839da9344db
2019-09-27 10:01:33,036 [RatisPipelineUtilsThread] INFO  pipeline.PipelineStateManager (PipelineStateManager.java:addPipeline(56)) - Created pipeline Pipeline[ Id: f5ffc316-3577-44e5-ac0c-61f0866a4d7e, Nodes: b4c9881e-ccdd-41f3-8b47-caf73170c791{ip: 192.168.151.103, host: pr-hdds2162-4fxhj-20988671, networkLocation: /default-rack, certSerialId: null}e4aee8ab-3701-4138-bdf7-9839da9344db{ip: 192.168.151.103, host: pr-hdds2162-4fxhj-20988671, networkLocation: /default-rack, certSerialId: null}010a5080-8642-4af5-99ba-788150127419{ip: 192.168.151.103, host: pr-hdds2162-4fxhj-20988671, networkLocation: /default-rack, certSerialId: null}, Type:RATIS, Factor:THREE, State:OPEN]
2019-09-27 10:01:33,722 [main] INFO  ozone.MiniOzoneClusterImpl (MiniOzoneClusterImpl.java:lambda$waitForClusterToBeReady$0(147)) - Cluster is ready. Got 7 of 7 DN Heartbeats.
2019-09-27 10:01:34,728 [main] INFO  ipc.Client (Client.java:handleConnectionFailure(948)) - Retrying connect to server: localhost/127.0.0.1:0. Already tried 0 time(s); retry policy is RetryUpToMaximumCountWithFixedSleep(maxRetries=10, sleepTime=1000 MILLISECONDS)
2019-09-27 10:01:35,342 [Thread-767] INFO  container.ReplicationManager (ReplicationManager.java:start(162)) - Starting Replication Monitor Thread.
2019-09-27 10:01:35,348 [ReplicationMonitor] INFO  container.ReplicationManager (ReplicationManager.java:run(225)) - Replication Monitor Thread took 0 milliseconds for processing 0 containers.
2019-09-27 10:01:35,729 [main] INFO  ipc.Client (Client.java:handleConnectionFailure(948)) - Retrying connect to server: localhost/127.0.0.1:0. Already tried 1 time(s); retry policy is RetryUpToMaximumCountWithFixedSleep(maxRetries=10, sleepTime=1000 MILLISECONDS)
2019-09-27 10:01:36,731 [main] INFO  ipc.Client (Client.java:handleConnectionFailure(948)) - Retrying connect to server: localhost/127.0.0.1:0. Already tried 2 time(s); retry policy is RetryUpToMaximumCountWithFixedSleep(maxRetries=10, sleepTime=1000 MILLISECONDS)
2019-09-27 10:01:37,451 [Thread-769] INFO  impl.FollowerState (FollowerState.java:run(106)) - e4aee8ab-3701-4138-bdf7-9839da9344db:group-6248E5CC11B2 changes to CANDIDATE, lastRpcTime:5016, electionTimeout:5016ms
2019-09-27 10:01:37,452 [Thread-769] INFO  impl.RoleInfo (RoleInfo.java:shutdownFollowerState(121)) - e4aee8ab-3701-4138-bdf7-9839da9344db: shutdown FollowerState
2019-09-27 10:01:37,452 [Thread-769] INFO  impl.RaftServerImpl (RaftServerImpl.java:setRole(174)) - e4aee8ab-3701-4138-bdf7-9839da9344db@group-6248E5CC11B2: changes role from  FOLLOWER to CANDIDATE at term 0 for changeToCandidate
2019-09-27 10:01:37,453 [Thread-769] INFO  impl.RoleInfo (RoleInfo.java:updateAndGet(143)) - e4aee8ab-3701-4138-bdf7-9839da9344db: start LeaderElection
2019-09-27 10:01:37,475 [e4aee8ab-3701-4138-bdf7-9839da9344db@group-6248E5CC11B2:LeaderElection13] INFO  impl.LeaderElection (LeaderElection.java:askForVotes(182)) - e4aee8ab-3701-4138-bdf7-9839da9344db@group-6248E5CC11B2:LeaderElection13: begin an election at term 1 for -1: [e4aee8ab-3701-4138-bdf7-9839da9344db:192.168.151.103:38331], old=null
2019-09-27 10:01:37,476 [e4aee8ab-3701-4138-bdf7-9839da9344db@group-6248E5CC11B2:LeaderElection13] INFO  impl.RoleInfo (RoleInfo.java:shutdownLeaderElection(134)) - e4aee8ab-3701-4138-bdf7-9839da9344db: shutdown LeaderElection
2019-09-27 10:01:37,476 [e4aee8ab-3701-4138-bdf7-9839da9344db@group-6248E5CC11B2:LeaderElection13] INFO  impl.RaftServerImpl (RaftServerImpl.java:setRole(174)) - e4aee8ab-3701-4138-bdf7-9839da9344db@group-6248E5CC11B2: changes role from CANDIDATE to LEADER at term 1 for changeToLeader
2019-09-27 10:01:37,476 [e4aee8ab-3701-4138-bdf7-9839da9344db@group-6248E5CC11B2:LeaderElection13] INFO  impl.RaftServerImpl (ServerState.java:setLeader(253)) - e4aee8ab-3701-4138-bdf7-9839da9344db@group-6248E5CC11B2: change Leader from null to e4aee8ab-3701-4138-bdf7-9839da9344db at term 1 for becomeLeader, leader elected after 5053ms
2019-09-27 10:01:37,479 [e4aee8ab-3701-4138-bdf7-9839da9344db@group-6248E5CC11B2:LeaderElection13] INFO  server.RaftServerConfigKeys (ConfUtils.java:logGet(43)) - raft.server.staging.catchup.gap = 1000 (default)
2019-09-27 10:01:37,479 [e4aee8ab-3701-4138-bdf7-9839da9344db@group-6248E5CC11B2:LeaderElection13] INFO  server.RaftServerConfigKeys (ConfUtils.java:logGet(43)) - raft.server.rpc.sleep.time = 25ms (default)
2019-09-27 10:01:37,479 [e4aee8ab-3701-4138-bdf7-9839da9344db@group-6248E5CC11B2:LeaderElection13] INFO  server.RaftServerConfigKeys (ConfUtils.java:logGet(43)) - raft.server.write.element-limit = 4096 (default)
2019-09-27 10:01:37,479 [e4aee8ab-3701-4138-bdf7-9839da9344db@group-6248E5CC11B2:LeaderElection13] INFO  server.RaftServerConfigKeys (ConfUtils.java:logGet(43)) - raft.server.watch.timeout = 10s (default)
2019-09-27 10:01:37,480 [e4aee8ab-3701-4138-bdf7-9839da9344db@group-6248E5CC11B2:LeaderElection13] INFO  server.RaftServerConfigKeys (ConfUtils.java:logGet(43)) - raft.server.watch.timeout.denomination = 1s (default)
2019-09-27 10:01:37,480 [e4aee8ab-3701-4138-bdf7-9839da9344db@group-6248E5CC11B2:LeaderElection13] INFO  server.RaftServerConfigKeys (ConfUtils.java:logGet(43)) - raft.server.watch.element-limit = 65536 (default)
2019-09-27 10:01:37,483 [e4aee8ab-3701-4138-bdf7-9839da9344db@group-6248E5CC11B2:LeaderElection13] INFO  impl.RoleInfo (RoleInfo.java:updateAndGet(143)) - e4aee8ab-3701-4138-bdf7-9839da9344db: start LeaderState
2019-09-27 10:01:37,484 [e4aee8ab-3701-4138-bdf7-9839da9344db@group-6248E5CC11B2:LeaderElection13] INFO  segmented.SegmentedRaftLogWorker (SegmentedRaftLogWorker.java:startLogSegment(380)) - e4aee8ab-3701-4138-bdf7-9839da9344db@group-6248E5CC11B2-SegmentedRaftLogWorker: Starting segment from index:0
2019-09-27 10:01:37,485 [e4aee8ab-3701-4138-bdf7-9839da9344db@group-6248E5CC11B2:LeaderElection13] INFO  impl.RaftServerImpl (ServerState.java:setRaftConf(354)) - e4aee8ab-3701-4138-bdf7-9839da9344db@group-6248E5CC11B2: set configuration 0: [e4aee8ab-3701-4138-bdf7-9839da9344db:192.168.151.103:38331], old=null at 0
2019-09-27 10:01:37,540 [e4aee8ab-3701-4138-bdf7-9839da9344db@group-6248E5CC11B2-SegmentedRaftLogWorker] INFO  segmented.SegmentedRaftLogWorker (SegmentedRaftLogWorker.java:execute(569)) - e4aee8ab-3701-4138-bdf7-9839da9344db@group-6248E5CC11B2-SegmentedRaftLogWorker: created new log segment /workdir/hadoop-ozone/integration-test/target/test-dir/MiniOzoneClusterImpl-cdbcb096-6118-4bf2-bc8d-5446b0901881/datanode-0/data/ratis/6eb2a63d-8bf2-416e-a01d-6248e5cc11b2/current/log_inprogress_0
2019-09-27 10:01:37,637 [Thread-772] INFO  impl.FollowerState (FollowerState.java:run(106)) - d0aee7ae-f9ea-4c15-9e81-76cf25fa0665:group-891BE9262B2B changes to CANDIDATE, lastRpcTime:5109, electionTimeout:5109ms
2019-09-27 10:01:37,637 [Thread-772] INFO  impl.RoleInfo (RoleInfo.java:shutdownFollowerState(121)) - d0aee7ae-f9ea-4c15-9e81-76cf25fa0665: shutdown FollowerState
2019-09-27 10:01:37,638 [Thread-772] INFO  impl.RaftServerImpl (RaftServerImpl.java:setRole(174)) - d0aee7ae-f9ea-4c15-9e81-76cf25fa0665@group-891BE9262B2B: changes role from  FOLLOWER to CANDIDATE at term 0 for changeToCandidate
2019-09-27 10:01:37,638 [Thread-772] INFO  impl.RoleInfo (RoleInfo.java:updateAndGet(143)) - d0aee7ae-f9ea-4c15-9e81-76cf25fa0665: start LeaderElection
2019-09-27 10:01:37,671 [d0aee7ae-f9ea-4c15-9e81-76cf25fa0665@group-891BE9262B2B:LeaderElection14] INFO  impl.LeaderElection (LeaderElection.java:askForVotes(182)) - d0aee7ae-f9ea-4c15-9e81-76cf25fa0665@group-891BE9262B2B:LeaderElection14: begin an election at term 1 for -1: [d0aee7ae-f9ea-4c15-9e81-76cf25fa0665:192.168.151.103:41706], old=null
2019-09-27 10:01:37,671 [d0aee7ae-f9ea-4c15-9e81-76cf25fa0665@group-891BE9262B2B:LeaderElection14] INFO  impl.RoleInfo (RoleInfo.java:shutdownLeaderElection(134)) - d0aee7ae-f9ea-4c15-9e81-76cf25fa0665: shutdown LeaderElection
2019-09-27 10:01:37,671 [d0aee7ae-f9ea-4c15-9e81-76cf25fa0665@group-891BE9262B2B:LeaderElection14] INFO  impl.RaftServerImpl (RaftServerImpl.java:setRole(174)) - d0aee7ae-f9ea-4c15-9e81-76cf25fa0665@group-891BE9262B2B: changes role from CANDIDATE to LEADER at term 1 for changeToLeader
2019-09-27 10:01:37,671 [d0aee7ae-f9ea-4c15-9e81-76cf25fa0665@group-891BE9262B2B:LeaderElection14] INFO  impl.RaftServerImpl (ServerState.java:setLeader(253)) - d0aee7ae-f9ea-4c15-9e81-76cf25fa0665@group-891BE9262B2B: change Leader from null to d0aee7ae-f9ea-4c15-9e81-76cf25fa0665 at term 1 for becomeLeader, leader elected after 5156ms
2019-09-27 10:01:37,673 [d0aee7ae-f9ea-4c15-9e81-76cf25fa0665@group-891BE9262B2B:LeaderElection14] INFO  server.RaftServerConfigKeys (ConfUtils.java:logGet(43)) - raft.server.staging.catchup.gap = 1000 (default)
2019-09-27 10:01:37,674 [d0aee7ae-f9ea-4c15-9e81-76cf25fa0665@group-891BE9262B2B:LeaderElection14] INFO  server.RaftServerConfigKeys (ConfUtils.java:logGet(43)) - raft.server.rpc.sleep.time = 25ms (default)
2019-09-27 10:01:37,674 [d0aee7ae-f9ea-4c15-9e81-76cf25fa0665@group-891BE9262B2B:LeaderElection14] INFO  server.RaftServerConfigKeys (ConfUtils.java:logGet(43)) - raft.server.write.element-limit = 4096 (default)
2019-09-27 10:01:37,674 [d0aee7ae-f9ea-4c15-9e81-76cf25fa0665@group-891BE9262B2B:LeaderElection14] INFO  server.RaftServerConfigKeys (ConfUtils.java:logGet(43)) - raft.server.watch.timeout = 10s (default)
2019-09-27 10:01:37,674 [d0aee7ae-f9ea-4c15-9e81-76cf25fa0665@group-891BE9262B2B:LeaderElection14] INFO  server.RaftServerConfigKeys (ConfUtils.java:logGet(43)) - raft.server.watch.timeout.denomination = 1s (default)
2019-09-27 10:01:37,674 [d0aee7ae-f9ea-4c15-9e81-76cf25fa0665@group-891BE9262B2B:LeaderElection14] INFO  server.RaftServerConfigKeys (ConfUtils.java:logGet(43)) - raft.server.watch.element-limit = 65536 (default)
2019-09-27 10:01:37,678 [d0aee7ae-f9ea-4c15-9e81-76cf25fa0665@group-891BE9262B2B:LeaderElection14] INFO  impl.RoleInfo (RoleInfo.java:updateAndGet(143)) - d0aee7ae-f9ea-4c15-9e81-76cf25fa0665: start LeaderState
2019-09-27 10:01:37,678 [d0aee7ae-f9ea-4c15-9e81-76cf25fa0665@group-891BE9262B2B:LeaderElection14] INFO  segmented.SegmentedRaftLogWorker (SegmentedRaftLogWorker.java:startLogSegment(380)) - d0aee7ae-f9ea-4c15-9e81-76cf25fa0665@group-891BE9262B2B-SegmentedRaftLogWorker: Starting segment from index:0
2019-09-27 10:01:37,679 [d0aee7ae-f9ea-4c15-9e81-76cf25fa0665@group-891BE9262B2B:LeaderElection14] INFO  impl.RaftServerImpl (ServerState.java:setRaftConf(354)) - d0aee7ae-f9ea-4c15-9e81-76cf25fa0665@group-891BE9262B2B: set configuration 0: [d0aee7ae-f9ea-4c15-9e81-76cf25fa0665:192.168.151.103:41706], old=null at 0
2019-09-27 10:01:37,732 [main] INFO  ipc.Client (Client.java:handleConnectionFailure(948)) - Retrying connect to server: localhost/127.0.0.1:0. Already tried 3 time(s); retry policy is RetryUpToMaximumCountWithFixedSleep(maxRetries=10, sleepTime=1000 MILLISECONDS)
2019-09-27 10:01:37,737 [Thread-775] INFO  impl.FollowerState (FollowerState.java:run(106)) - 1006a943-b738-48bb-8dca-a3d46061f13e:group-60620C0D0EED changes to CANDIDATE, lastRpcTime:5144, electionTimeout:5144ms
2019-09-27 10:01:37,737 [Thread-775] INFO  impl.RoleInfo (RoleInfo.java:shutdownFollowerState(121)) - 1006a943-b738-48bb-8dca-a3d46061f13e: shutdown FollowerState
2019-09-27 10:01:37,737 [Thread-775] INFO  impl.RaftServerImpl (RaftServerImpl.java:setRole(174)) - 1006a943-b738-48bb-8dca-a3d46061f13e@group-60620C0D0EED: changes role from  FOLLOWER to CANDIDATE at term 0 for changeToCandidate
2019-09-27 10:01:37,738 [Thread-775] INFO  impl.RoleInfo (RoleInfo.java:updateAndGet(143)) - 1006a943-b738-48bb-8dca-a3d46061f13e: start LeaderElection
2019-09-27 10:01:37,748 [d0aee7ae-f9ea-4c15-9e81-76cf25fa0665@group-891BE9262B2B-SegmentedRaftLogWorker] INFO  segmented.SegmentedRaftLogWorker (SegmentedRaftLogWorker.java:execute(569)) - d0aee7ae-f9ea-4c15-9e81-76cf25fa0665@group-891BE9262B2B-SegmentedRaftLogWorker: created new log segment /workdir/hadoop-ozone/integration-test/target/test-dir/MiniOzoneClusterImpl-cdbcb096-6118-4bf2-bc8d-5446b0901881/datanode-1/data/ratis/e710023a-d646-41ad-a399-891be9262b2b/current/log_inprogress_0
2019-09-27 10:01:37,750 [1006a943-b738-48bb-8dca-a3d46061f13e@group-60620C0D0EED:LeaderElection15] INFO  impl.LeaderElection (LeaderElection.java:askForVotes(182)) - 1006a943-b738-48bb-8dca-a3d46061f13e@group-60620C0D0EED:LeaderElection15: begin an election at term 1 for -1: [1006a943-b738-48bb-8dca-a3d46061f13e:192.168.151.103:33924], old=null
2019-09-27 10:01:37,750 [1006a943-b738-48bb-8dca-a3d46061f13e@group-60620C0D0EED:LeaderElection15] INFO  impl.RoleInfo (RoleInfo.java:shutdownLeaderElection(134)) - 1006a943-b738-48bb-8dca-a3d46061f13e: shutdown LeaderElection
2019-09-27 10:01:37,750 [1006a943-b738-48bb-8dca-a3d46061f13e@group-60620C0D0EED:LeaderElection15] INFO  impl.RaftServerImpl (RaftServerImpl.java:setRole(174)) - 1006a943-b738-48bb-8dca-a3d46061f13e@group-60620C0D0EED: changes role from CANDIDATE to LEADER at term 1 for changeToLeader
2019-09-27 10:01:37,750 [1006a943-b738-48bb-8dca-a3d46061f13e@group-60620C0D0EED:LeaderElection15] INFO  impl.RaftServerImpl (ServerState.java:setLeader(253)) - 1006a943-b738-48bb-8dca-a3d46061f13e@group-60620C0D0EED: change Leader from null to 1006a943-b738-48bb-8dca-a3d46061f13e at term 1 for becomeLeader, leader elected after 5168ms
2019-09-27 10:01:37,753 [1006a943-b738-48bb-8dca-a3d46061f13e@group-60620C0D0EED:LeaderElection15] INFO  server.RaftServerConfigKeys (ConfUtils.java:logGet(43)) - raft.server.staging.catchup.gap = 1000 (default)
2019-09-27 10:01:37,753 [1006a943-b738-48bb-8dca-a3d46061f13e@group-60620C0D0EED:LeaderElection15] INFO  server.RaftServerConfigKeys (ConfUtils.java:logGet(43)) - raft.server.rpc.sleep.time = 25ms (default)
2019-09-27 10:01:37,753 [1006a943-b738-48bb-8dca-a3d46061f13e@group-60620C0D0EED:LeaderElection15] INFO  server.RaftServerConfigKeys (ConfUtils.java:logGet(43)) - raft.server.write.element-limit = 4096 (default)
2019-09-27 10:01:37,753 [1006a943-b738-48bb-8dca-a3d46061f13e@group-60620C0D0EED:LeaderElection15] INFO  server.RaftServerConfigKeys (ConfUtils.java:logGet(43)) - raft.server.watch.timeout = 10s (default)
2019-09-27 10:01:37,754 [1006a943-b738-48bb-8dca-a3d46061f13e@group-60620C0D0EED:LeaderElection15] INFO  server.RaftServerConfigKeys (ConfUtils.java:logGet(43)) - raft.server.watch.timeout.denomination = 1s (default)
2019-09-27 10:01:37,754 [1006a943-b738-48bb-8dca-a3d46061f13e@group-60620C0D0EED:LeaderElection15] INFO  server.RaftServerConfigKeys (ConfUtils.java:logGet(43)) - raft.server.watch.element-limit = 65536 (default)
2019-09-27 10:01:37,757 [1006a943-b738-48bb-8dca-a3d46061f13e@group-60620C0D0EED:LeaderElection15] INFO  impl.RoleInfo (RoleInfo.java:updateAndGet(143)) - 1006a943-b738-48bb-8dca-a3d46061f13e: start LeaderState
2019-09-27 10:01:37,757 [1006a943-b738-48bb-8dca-a3d46061f13e@group-60620C0D0EED:LeaderElection15] INFO  segmented.SegmentedRaftLogWorker (SegmentedRaftLogWorker.java:startLogSegment(380)) - 1006a943-b738-48bb-8dca-a3d46061f13e@group-60620C0D0EED-SegmentedRaftLogWorker: Starting segment from index:0
2019-09-27 10:01:37,758 [1006a943-b738-48bb-8dca-a3d46061f13e@group-60620C0D0EED:LeaderElection15] INFO  impl.RaftServerImpl (ServerState.java:setRaftConf(354)) - 1006a943-b738-48bb-8dca-a3d46061f13e@group-60620C0D0EED: set configuration 0: [1006a943-b738-48bb-8dca-a3d46061f13e:192.168.151.103:33924], old=null at 0
2019-09-27 10:01:37,817 [Thread-781] INFO  impl.FollowerState (FollowerState.java:run(106)) - b4c9881e-ccdd-41f3-8b47-caf73170c791:group-F4AB4D89E9E6 changes to CANDIDATE, lastRpcTime:5129, electionTimeout:5129ms
2019-09-27 10:01:37,817 [Thread-781] INFO  impl.RoleInfo (RoleInfo.java:shutdownFollowerState(121)) - b4c9881e-ccdd-41f3-8b47-caf73170c791: shutdown FollowerState
2019-09-27 10:01:37,817 [Thread-781] INFO  impl.RaftServerImpl (RaftServerImpl.java:setRole(174)) - b4c9881e-ccdd-41f3-8b47-caf73170c791@group-F4AB4D89E9E6: changes role from  FOLLOWER to CANDIDATE at term 0 for changeToCandidate
2019-09-27 10:01:37,818 [1006a943-b738-48bb-8dca-a3d46061f13e@group-60620C0D0EED-SegmentedRaftLogWorker] INFO  segmented.SegmentedRaftLogWorker (SegmentedRaftLogWorker.java:execute(569)) - 1006a943-b738-48bb-8dca-a3d46061f13e@group-60620C0D0EED-SegmentedRaftLogWorker: created new log segment /workdir/hadoop-ozone/integration-test/target/test-dir/MiniOzoneClusterImpl-cdbcb096-6118-4bf2-bc8d-5446b0901881/datanode-3/data/ratis/68d160ed-2e08-417f-8b65-60620c0d0eed/current/log_inprogress_0
2019-09-27 10:01:37,818 [Thread-781] INFO  impl.RoleInfo (RoleInfo.java:updateAndGet(143)) - b4c9881e-ccdd-41f3-8b47-caf73170c791: start LeaderElection
2019-09-27 10:01:37,826 [Thread-778] INFO  impl.FollowerState (FollowerState.java:run(106)) - ca69c954-0527-45b8-aa74-abb1f8453a40:group-50C63BE9B918 changes to CANDIDATE, lastRpcTime:5175, electionTimeout:5175ms
2019-09-27 10:01:37,826 [Thread-778] INFO  impl.RoleInfo (RoleInfo.java:shutdownFollowerState(121)) - ca69c954-0527-45b8-aa74-abb1f8453a40: shutdown FollowerState
2019-09-27 10:01:37,826 [Thread-778] INFO  impl.RaftServerImpl (RaftServerImpl.java:setRole(174)) - ca69c954-0527-45b8-aa74-abb1f8453a40@group-50C63BE9B918: changes role from  FOLLOWER to CANDIDATE at term 0 for changeToCandidate
2019-09-27 10:01:37,826 [Thread-778] INFO  impl.RoleInfo (RoleInfo.java:updateAndGet(143)) - ca69c954-0527-45b8-aa74-abb1f8453a40: start LeaderElection
2019-09-27 10:01:37,834 [b4c9881e-ccdd-41f3-8b47-caf73170c791@group-F4AB4D89E9E6:LeaderElection16] INFO  impl.LeaderElection (LeaderElection.java:askForVotes(182)) - b4c9881e-ccdd-41f3-8b47-caf73170c791@group-F4AB4D89E9E6:LeaderElection16: begin an election at term 1 for -1: [b4c9881e-ccdd-41f3-8b47-caf73170c791:192.168.151.103:37794], old=null
2019-09-27 10:01:37,834 [b4c9881e-ccdd-41f3-8b47-caf73170c791@group-F4AB4D89E9E6:LeaderElection16] INFO  impl.RoleInfo (RoleInfo.java:shutdownLeaderElection(134)) - b4c9881e-ccdd-41f3-8b47-caf73170c791: shutdown LeaderElection
2019-09-27 10:01:37,834 [b4c9881e-ccdd-41f3-8b47-caf73170c791@group-F4AB4D89E9E6:LeaderElection16] INFO  impl.RaftServerImpl (RaftServerImpl.java:setRole(174)) - b4c9881e-ccdd-41f3-8b47-caf73170c791@group-F4AB4D89E9E6: changes role from CANDIDATE to LEADER at term 1 for changeToLeader
2019-09-27 10:01:37,835 [b4c9881e-ccdd-41f3-8b47-caf73170c791@group-F4AB4D89E9E6:LeaderElection16] INFO  impl.RaftServerImpl (ServerState.java:setLeader(253)) - b4c9881e-ccdd-41f3-8b47-caf73170c791@group-F4AB4D89E9E6: change Leader from null to b4c9881e-ccdd-41f3-8b47-caf73170c791 at term 1 for becomeLeader, leader elected after 5153ms
2019-09-27 10:01:37,837 [b4c9881e-ccdd-41f3-8b47-caf73170c791@group-F4AB4D89E9E6:LeaderElection16] INFO  server.RaftServerConfigKeys (ConfUtils.java:logGet(43)) - raft.server.staging.catchup.gap = 1000 (default)
2019-09-27 10:01:37,837 [b4c9881e-ccdd-41f3-8b47-caf73170c791@group-F4AB4D89E9E6:LeaderElection16] INFO  server.RaftServerConfigKeys (ConfUtils.java:logGet(43)) - raft.server.rpc.sleep.time = 25ms (default)
2019-09-27 10:01:37,837 [b4c9881e-ccdd-41f3-8b47-caf73170c791@group-F4AB4D89E9E6:LeaderElection16] INFO  server.RaftServerConfigKeys (ConfUtils.java:logGet(43)) - raft.server.write.element-limit = 4096 (default)
2019-09-27 10:01:37,838 [b4c9881e-ccdd-41f3-8b47-caf73170c791@group-F4AB4D89E9E6:LeaderElection16] INFO  server.RaftServerConfigKeys (ConfUtils.java:logGet(43)) - raft.server.watch.timeout = 10s (default)
2019-09-27 10:01:37,838 [b4c9881e-ccdd-41f3-8b47-caf73170c791@group-F4AB4D89E9E6:LeaderElection16] INFO  server.RaftServerConfigKeys (ConfUtils.java:logGet(43)) - raft.server.watch.timeout.denomination = 1s (default)
2019-09-27 10:01:37,838 [b4c9881e-ccdd-41f3-8b47-caf73170c791@group-F4AB4D89E9E6:LeaderElection16] INFO  server.RaftServerConfigKeys (ConfUtils.java:logGet(43)) - raft.server.watch.element-limit = 65536 (default)
2019-09-27 10:01:37,841 [b4c9881e-ccdd-41f3-8b47-caf73170c791@group-F4AB4D89E9E6:LeaderElection16] INFO  impl.RoleInfo (RoleInfo.java:updateAndGet(143)) - b4c9881e-ccdd-41f3-8b47-caf73170c791: start LeaderState
2019-09-27 10:01:37,841 [b4c9881e-ccdd-41f3-8b47-caf73170c791@group-F4AB4D89E9E6:LeaderElection16] INFO  segmented.SegmentedRaftLogWorker (SegmentedRaftLogWorker.java:startLogSegment(380)) - b4c9881e-ccdd-41f3-8b47-caf73170c791@group-F4AB4D89E9E6-SegmentedRaftLogWorker: Starting segment from index:0
2019-09-27 10:01:37,842 [b4c9881e-ccdd-41f3-8b47-caf73170c791@group-F4AB4D89E9E6:LeaderElection16] INFO  impl.RaftServerImpl (ServerState.java:setRaftConf(354)) - b4c9881e-ccdd-41f3-8b47-caf73170c791@group-F4AB4D89E9E6: set configuration 0: [b4c9881e-ccdd-41f3-8b47-caf73170c791:192.168.151.103:37794], old=null at 0
2019-09-27 10:01:37,881 [Thread-784] INFO  impl.FollowerState (FollowerState.java:run(106)) - 010a5080-8642-4af5-99ba-788150127419:group-5636BBB24C4C changes to CANDIDATE, lastRpcTime:5138, electionTimeout:5119ms
2019-09-27 10:01:37,882 [ca69c954-0527-45b8-aa74-abb1f8453a40@group-50C63BE9B918:LeaderElection17] INFO  impl.LeaderElection (LeaderElection.java:askForVotes(182)) - ca69c954-0527-45b8-aa74-abb1f8453a40@group-50C63BE9B918:LeaderElection17: begin an election at term 1 for -1: [ca69c954-0527-45b8-aa74-abb1f8453a40:192.168.151.103:33275], old=null
2019-09-27 10:01:37,882 [Thread-784] INFO  impl.RoleInfo (RoleInfo.java:shutdownFollowerState(121)) - 010a5080-8642-4af5-99ba-788150127419: shutdown FollowerState
2019-09-27 10:01:37,882 [ca69c954-0527-45b8-aa74-abb1f8453a40@group-50C63BE9B918:LeaderElection17] INFO  impl.RoleInfo (RoleInfo.java:shutdownLeaderElection(134)) - ca69c954-0527-45b8-aa74-abb1f8453a40: shutdown LeaderElection
2019-09-27 10:01:37,882 [Thread-784] INFO  impl.RaftServerImpl (RaftServerImpl.java:setRole(174)) - 010a5080-8642-4af5-99ba-788150127419@group-5636BBB24C4C: changes role from  FOLLOWER to CANDIDATE at term 0 for changeToCandidate
2019-09-27 10:01:37,882 [ca69c954-0527-45b8-aa74-abb1f8453a40@group-50C63BE9B918:LeaderElection17] INFO  impl.RaftServerImpl (RaftServerImpl.java:setRole(174)) - ca69c954-0527-45b8-aa74-abb1f8453a40@group-50C63BE9B918: changes role from CANDIDATE to LEADER at term 1 for changeToLeader
2019-09-27 10:01:37,882 [Thread-784] INFO  impl.RoleInfo (RoleInfo.java:updateAndGet(143)) - 010a5080-8642-4af5-99ba-788150127419: start LeaderElection
2019-09-27 10:01:37,882 [ca69c954-0527-45b8-aa74-abb1f8453a40@group-50C63BE9B918:LeaderElection17] INFO  impl.RaftServerImpl (ServerState.java:setLeader(253)) - ca69c954-0527-45b8-aa74-abb1f8453a40@group-50C63BE9B918: change Leader from null to ca69c954-0527-45b8-aa74-abb1f8453a40 at term 1 for becomeLeader, leader elected after 5238ms
2019-09-27 10:01:37,885 [ca69c954-0527-45b8-aa74-abb1f8453a40@group-50C63BE9B918:LeaderElection17] INFO  server.RaftServerConfigKeys (ConfUtils.java:logGet(43)) - raft.server.staging.catchup.gap = 1000 (default)
2019-09-27 10:01:37,885 [ca69c954-0527-45b8-aa74-abb1f8453a40@group-50C63BE9B918:LeaderElection17] INFO  server.RaftServerConfigKeys (ConfUtils.java:logGet(43)) - raft.server.rpc.sleep.time = 25ms (default)
2019-09-27 10:01:37,890 [ca69c954-0527-45b8-aa74-abb1f8453a40@group-50C63BE9B918:LeaderElection17] INFO  server.RaftServerConfigKeys (ConfUtils.java:logGet(43)) - raft.server.write.element-limit = 4096 (default)
2019-09-27 10:01:37,890 [ca69c954-0527-45b8-aa74-abb1f8453a40@group-50C63BE9B918:LeaderElection17] INFO  server.RaftServerConfigKeys (ConfUtils.java:logGet(43)) - raft.server.watch.timeout = 10s (default)
2019-09-27 10:01:37,890 [ca69c954-0527-45b8-aa74-abb1f8453a40@group-50C63BE9B918:LeaderElection17] INFO  server.RaftServerConfigKeys (ConfUtils.java:logGet(43)) - raft.server.watch.timeout.denomination = 1s (default)
2019-09-27 10:01:37,891 [ca69c954-0527-45b8-aa74-abb1f8453a40@group-50C63BE9B918:LeaderElection17] INFO  server.RaftServerConfigKeys (ConfUtils.java:logGet(43)) - raft.server.watch.element-limit = 65536 (default)
2019-09-27 10:01:37,893 [ca69c954-0527-45b8-aa74-abb1f8453a40@group-50C63BE9B918:LeaderElection17] INFO  impl.RoleInfo (RoleInfo.java:updateAndGet(143)) - ca69c954-0527-45b8-aa74-abb1f8453a40: start LeaderState
2019-09-27 10:01:37,894 [ca69c954-0527-45b8-aa74-abb1f8453a40@group-50C63BE9B918:LeaderElection17] INFO  segmented.SegmentedRaftLogWorker (SegmentedRaftLogWorker.java:startLogSegment(380)) - ca69c954-0527-45b8-aa74-abb1f8453a40@group-50C63BE9B918-SegmentedRaftLogWorker: Starting segment from index:0
2019-09-27 10:01:37,894 [ca69c954-0527-45b8-aa74-abb1f8453a40@group-50C63BE9B918:LeaderElection17] INFO  impl.RaftServerImpl (ServerState.java:setRaftConf(354)) - ca69c954-0527-45b8-aa74-abb1f8453a40@group-50C63BE9B918: set configuration 0: [ca69c954-0527-45b8-aa74-abb1f8453a40:192.168.151.103:33275], old=null at 0
2019-09-27 10:01:37,938 [Thread-787] INFO  impl.FollowerState (FollowerState.java:run(106)) - e156b416-77a3-4e07-9c94-a4b27caf2078:group-222CDE664E56 changes to CANDIDATE, lastRpcTime:5142, electionTimeout:5125ms
2019-09-27 10:01:37,939 [b4c9881e-ccdd-41f3-8b47-caf73170c791@group-F4AB4D89E9E6-SegmentedRaftLogWorker] INFO  segmented.SegmentedRaftLogWorker (SegmentedRaftLogWorker.java:execute(569)) - b4c9881e-ccdd-41f3-8b47-caf73170c791@group-F4AB4D89E9E6-SegmentedRaftLogWorker: created new log segment /workdir/hadoop-ozone/integration-test/target/test-dir/MiniOzoneClusterImpl-cdbcb096-6118-4bf2-bc8d-5446b0901881/datanode-2/data/ratis/392fa0fd-612f-49d7-aa51-f4ab4d89e9e6/current/log_inprogress_0
2019-09-27 10:01:37,939 [Thread-787] INFO  impl.RoleInfo (RoleInfo.java:shutdownFollowerState(121)) - e156b416-77a3-4e07-9c94-a4b27caf2078: shutdown FollowerState
2019-09-27 10:01:37,939 [010a5080-8642-4af5-99ba-788150127419@group-5636BBB24C4C:LeaderElection18] INFO  impl.LeaderElection (LeaderElection.java:askForVotes(182)) - 010a5080-8642-4af5-99ba-788150127419@group-5636BBB24C4C:LeaderElection18: begin an election at term 1 for -1: [010a5080-8642-4af5-99ba-788150127419:192.168.151.103:38175], old=null
2019-09-27 10:01:37,939 [Thread-787] INFO  impl.RaftServerImpl (RaftServerImpl.java:setRole(174)) - e156b416-77a3-4e07-9c94-a4b27caf2078@group-222CDE664E56: changes role from  FOLLOWER to CANDIDATE at term 0 for changeToCandidate
2019-09-27 10:01:37,939 [010a5080-8642-4af5-99ba-788150127419@group-5636BBB24C4C:LeaderElection18] INFO  impl.RoleInfo (RoleInfo.java:shutdownLeaderElection(134)) - 010a5080-8642-4af5-99ba-788150127419: shutdown LeaderElection
2019-09-27 10:01:37,939 [Thread-787] INFO  impl.RoleInfo (RoleInfo.java:updateAndGet(143)) - e156b416-77a3-4e07-9c94-a4b27caf2078: start LeaderElection
2019-09-27 10:01:37,940 [010a5080-8642-4af5-99ba-788150127419@group-5636BBB24C4C:LeaderElection18] INFO  impl.RaftServerImpl (RaftServerImpl.java:setRole(174)) - 010a5080-8642-4af5-99ba-788150127419@group-5636BBB24C4C: changes role from CANDIDATE to LEADER at term 1 for changeToLeader
2019-09-27 10:01:37,940 [010a5080-8642-4af5-99ba-788150127419@group-5636BBB24C4C:LeaderElection18] INFO  impl.RaftServerImpl (ServerState.java:setLeader(253)) - 010a5080-8642-4af5-99ba-788150127419@group-5636BBB24C4C: change Leader from null to 010a5080-8642-4af5-99ba-788150127419 at term 1 for becomeLeader, leader elected after 5204ms
2019-09-27 10:01:37,943 [010a5080-8642-4af5-99ba-788150127419@group-5636BBB24C4C:LeaderElection18] INFO  server.RaftServerConfigKeys (ConfUtils.java:logGet(43)) - raft.server.staging.catchup.gap = 1000 (default)
2019-09-27 10:01:37,961 [010a5080-8642-4af5-99ba-788150127419@group-5636BBB24C4C:LeaderElection18] INFO  server.RaftServerConfigKeys (ConfUtils.java:logGet(43)) - raft.server.rpc.sleep.time = 25ms (default)
2019-09-27 10:01:37,961 [010a5080-8642-4af5-99ba-788150127419@group-5636BBB24C4C:LeaderElection18] INFO  server.RaftServerConfigKeys (ConfUtils.java:logGet(43)) - raft.server.write.element-limit = 4096 (default)
2019-09-27 10:01:37,961 [010a5080-8642-4af5-99ba-788150127419@group-5636BBB24C4C:LeaderElection18] INFO  server.RaftServerConfigKeys (ConfUtils.java:logGet(43)) - raft.server.watch.timeout = 10s (default)
2019-09-27 10:01:37,962 [010a5080-8642-4af5-99ba-788150127419@group-5636BBB24C4C:LeaderElection18] INFO  server.RaftServerConfigKeys (ConfUtils.java:logGet(43)) - raft.server.watch.timeout.denomination = 1s (default)
2019-09-27 10:01:37,962 [010a5080-8642-4af5-99ba-788150127419@group-5636BBB24C4C:LeaderElection18] INFO  server.RaftServerConfigKeys (ConfUtils.java:logGet(43)) - raft.server.watch.element-limit = 65536 (default)
2019-09-27 10:01:37,963 [ca69c954-0527-45b8-aa74-abb1f8453a40@group-50C63BE9B918-SegmentedRaftLogWorker] INFO  segmented.SegmentedRaftLogWorker (SegmentedRaftLogWorker.java:execute(569)) - ca69c954-0527-45b8-aa74-abb1f8453a40@group-50C63BE9B918-SegmentedRaftLogWorker: created new log segment /workdir/hadoop-ozone/integration-test/target/test-dir/MiniOzoneClusterImpl-cdbcb096-6118-4bf2-bc8d-5446b0901881/datanode-4/data/ratis/528f673b-7a57-4076-94bb-50c63be9b918/current/log_inprogress_0
2019-09-27 10:01:37,964 [010a5080-8642-4af5-99ba-788150127419@group-5636BBB24C4C:LeaderElection18] INFO  impl.RoleInfo (RoleInfo.java:updateAndGet(143)) - 010a5080-8642-4af5-99ba-788150127419: start LeaderState
2019-09-27 10:01:37,965 [010a5080-8642-4af5-99ba-788150127419@group-5636BBB24C4C:LeaderElection18] INFO  segmented.SegmentedRaftLogWorker (SegmentedRaftLogWorker.java:startLogSegment(380)) - 010a5080-8642-4af5-99ba-788150127419@group-5636BBB24C4C-SegmentedRaftLogWorker: Starting segment from index:0
2019-09-27 10:01:37,965 [010a5080-8642-4af5-99ba-788150127419@group-5636BBB24C4C:LeaderElection18] INFO  impl.RaftServerImpl (ServerState.java:setRaftConf(354)) - 010a5080-8642-4af5-99ba-788150127419@group-5636BBB24C4C: set configuration 0: [010a5080-8642-4af5-99ba-788150127419:192.168.151.103:38175], old=null at 0
2019-09-27 10:01:37,971 [Thread-794] INFO  impl.FollowerState (FollowerState.java:run(106)) - e156b416-77a3-4e07-9c94-a4b27caf2078:group-CFD578AC5048 changes to CANDIDATE, lastRpcTime:5050, electionTimeout:5050ms
2019-09-27 10:01:37,971 [Thread-794] INFO  impl.RoleInfo (RoleInfo.java:shutdownFollowerState(121)) - e156b416-77a3-4e07-9c94-a4b27caf2078: shutdown FollowerState
2019-09-27 10:01:37,971 [Thread-794] INFO  impl.RaftServerImpl (RaftServerImpl.java:setRole(174)) - e156b416-77a3-4e07-9c94-a4b27caf2078@group-CFD578AC5048: changes role from  FOLLOWER to CANDIDATE at term 0 for changeToCandidate
2019-09-27 10:01:37,971 [Thread-794] INFO  impl.RoleInfo (RoleInfo.java:updateAndGet(143)) - e156b416-77a3-4e07-9c94-a4b27caf2078: start LeaderElection
2019-09-27 10:01:38,004 [Thread-795] INFO  impl.FollowerState (FollowerState.java:run(106)) - 1006a943-b738-48bb-8dca-a3d46061f13e:group-CFD578AC5048 changes to CANDIDATE, lastRpcTime:5084, electionTimeout:5082ms
2019-09-27 10:01:38,007 [e156b416-77a3-4e07-9c94-a4b27caf2078@group-222CDE664E56:LeaderElection19] INFO  impl.LeaderElection (LeaderElection.java:askForVotes(182)) - e156b416-77a3-4e07-9c94-a4b27caf2078@group-222CDE664E56:LeaderElection19: begin an election at term 1 for -1: [e156b416-77a3-4e07-9c94-a4b27caf2078:192.168.151.103:39366], old=null
2019-09-27 10:01:38,007 [Thread-795] INFO  impl.RoleInfo (RoleInfo.java:shutdownFollowerState(121)) - 1006a943-b738-48bb-8dca-a3d46061f13e: shutdown FollowerState
2019-09-27 10:01:38,007 [e156b416-77a3-4e07-9c94-a4b27caf2078@group-222CDE664E56:LeaderElection19] INFO  impl.RoleInfo (RoleInfo.java:shutdownLeaderElection(134)) - e156b416-77a3-4e07-9c94-a4b27caf2078: shutdown LeaderElection
2019-09-27 10:01:38,008 [Thread-795] INFO  impl.RaftServerImpl (RaftServerImpl.java:setRole(174)) - 1006a943-b738-48bb-8dca-a3d46061f13e@group-CFD578AC5048: changes role from  FOLLOWER to CANDIDATE at term 0 for changeToCandidate
2019-09-27 10:01:38,008 [e156b416-77a3-4e07-9c94-a4b27caf2078@group-222CDE664E56:LeaderElection19] INFO  impl.RaftServerImpl (RaftServerImpl.java:setRole(174)) - e156b416-77a3-4e07-9c94-a4b27caf2078@group-222CDE664E56: changes role from CANDIDATE to LEADER at term 1 for changeToLeader
2019-09-27 10:01:38,008 [Thread-795] INFO  impl.RoleInfo (RoleInfo.java:updateAndGet(143)) - 1006a943-b738-48bb-8dca-a3d46061f13e: start LeaderElection
2019-09-27 10:01:38,008 [e156b416-77a3-4e07-9c94-a4b27caf2078@group-222CDE664E56:LeaderElection19] INFO  impl.RaftServerImpl (ServerState.java:setLeader(253)) - e156b416-77a3-4e07-9c94-a4b27caf2078@group-222CDE664E56: change Leader from null to e156b416-77a3-4e07-9c94-a4b27caf2078 at term 1 for becomeLeader, leader elected after 5219ms
2019-09-27 10:01:38,008 [Thread-791] INFO  impl.FollowerState (FollowerState.java:run(106)) - ca69c954-0527-45b8-aa74-abb1f8453a40:group-CFD578AC5048 changes to CANDIDATE, lastRpcTime:5096, electionTimeout:5095ms
2019-09-27 10:01:38,011 [e156b416-77a3-4e07-9c94-a4b27caf2078@group-222CDE664E56:LeaderElection19] INFO  server.RaftServerConfigKeys (ConfUtils.java:logGet(43)) - raft.server.staging.catchup.gap = 1000 (default)
2019-09-27 10:01:38,013 [Thread-791] INFO  impl.RoleInfo (RoleInfo.java:shutdownFollowerState(121)) - ca69c954-0527-45b8-aa74-abb1f8453a40: shutdown FollowerState
2019-09-27 10:01:38,014 [e156b416-77a3-4e07-9c94-a4b27caf2078@group-222CDE664E56:LeaderElection19] INFO  server.RaftServerConfigKeys (ConfUtils.java:logGet(43)) - raft.server.rpc.sleep.time = 25ms (default)
2019-09-27 10:01:38,014 [Thread-791] INFO  impl.RaftServerImpl (RaftServerImpl.java:setRole(174)) - ca69c954-0527-45b8-aa74-abb1f8453a40@group-CFD578AC5048: changes role from  FOLLOWER to CANDIDATE at term 0 for changeToCandidate
2019-09-27 10:01:38,014 [e156b416-77a3-4e07-9c94-a4b27caf2078@group-222CDE664E56:LeaderElection19] INFO  server.RaftServerConfigKeys (ConfUtils.java:logGet(43)) - raft.server.write.element-limit = 4096 (default)
2019-09-27 10:01:38,014 [Thread-791] INFO  impl.RoleInfo (RoleInfo.java:updateAndGet(143)) - ca69c954-0527-45b8-aa74-abb1f8453a40: start LeaderElection
2019-09-27 10:01:38,014 [e156b416-77a3-4e07-9c94-a4b27caf2078@group-222CDE664E56:LeaderElection19] INFO  server.RaftServerConfigKeys (ConfUtils.java:logGet(43)) - raft.server.watch.timeout = 10s (default)
2019-09-27 10:01:38,015 [e156b416-77a3-4e07-9c94-a4b27caf2078@group-222CDE664E56:LeaderElection19] INFO  server.RaftServerConfigKeys (ConfUtils.java:logGet(43)) - raft.server.watch.timeout.denomination = 1s (default)
2019-09-27 10:01:38,015 [e156b416-77a3-4e07-9c94-a4b27caf2078@group-222CDE664E56:LeaderElection19] INFO  server.RaftServerConfigKeys (ConfUtils.java:logGet(43)) - raft.server.watch.element-limit = 65536 (default)
2019-09-27 10:01:38,021 [e156b416-77a3-4e07-9c94-a4b27caf2078@group-222CDE664E56:LeaderElection19] INFO  impl.RoleInfo (RoleInfo.java:updateAndGet(143)) - e156b416-77a3-4e07-9c94-a4b27caf2078: start LeaderState
2019-09-27 10:01:38,021 [e156b416-77a3-4e07-9c94-a4b27caf2078@group-222CDE664E56:LeaderElection19] INFO  segmented.SegmentedRaftLogWorker (SegmentedRaftLogWorker.java:startLogSegment(380)) - e156b416-77a3-4e07-9c94-a4b27caf2078@group-222CDE664E56-SegmentedRaftLogWorker: Starting segment from index:0
2019-09-27 10:01:38,022 [e156b416-77a3-4e07-9c94-a4b27caf2078@group-222CDE664E56:LeaderElection19] INFO  impl.RaftServerImpl (ServerState.java:setRaftConf(354)) - e156b416-77a3-4e07-9c94-a4b27caf2078@group-222CDE664E56: set configuration 0: [e156b416-77a3-4e07-9c94-a4b27caf2078:192.168.151.103:39366], old=null at 0
2019-09-27 10:01:38,064 [e156b416-77a3-4e07-9c94-a4b27caf2078@group-CFD578AC5048:LeaderElection20] INFO  impl.LeaderElection (LeaderElection.java:askForVotes(182)) - e156b416-77a3-4e07-9c94-a4b27caf2078@group-CFD578AC5048:LeaderElection20: begin an election at term 1 for -1: [e156b416-77a3-4e07-9c94-a4b27caf2078:192.168.151.103:39366, ca69c954-0527-45b8-aa74-abb1f8453a40:192.168.151.103:33275, 1006a943-b738-48bb-8dca-a3d46061f13e:192.168.151.103:33924], old=null
2019-09-27 10:01:38,064 [1006a943-b738-48bb-8dca-a3d46061f13e@group-CFD578AC5048:LeaderElection21] INFO  impl.LeaderElection (LeaderElection.java:askForVotes(182)) - 1006a943-b738-48bb-8dca-a3d46061f13e@group-CFD578AC5048:LeaderElection21: begin an election at term 1 for -1: [e156b416-77a3-4e07-9c94-a4b27caf2078:192.168.151.103:39366, ca69c954-0527-45b8-aa74-abb1f8453a40:192.168.151.103:33275, 1006a943-b738-48bb-8dca-a3d46061f13e:192.168.151.103:33924], old=null
2019-09-27 10:01:38,064 [010a5080-8642-4af5-99ba-788150127419@group-5636BBB24C4C-SegmentedRaftLogWorker] INFO  segmented.SegmentedRaftLogWorker (SegmentedRaftLogWorker.java:execute(569)) - 010a5080-8642-4af5-99ba-788150127419@group-5636BBB24C4C-SegmentedRaftLogWorker: created new log segment /workdir/hadoop-ozone/integration-test/target/test-dir/MiniOzoneClusterImpl-cdbcb096-6118-4bf2-bc8d-5446b0901881/datanode-5/data/ratis/07f5db65-f9fa-4b1b-a92c-5636bbb24c4c/current/log_inprogress_0
2019-09-27 10:01:38,064 [Thread-805] INFO  impl.FollowerState (FollowerState.java:run(106)) - e4aee8ab-3701-4138-bdf7-9839da9344db:group-61F0866A4D7E changes to CANDIDATE, lastRpcTime:5035, electionTimeout:5021ms
2019-09-27 10:01:38,064 [ca69c954-0527-45b8-aa74-abb1f8453a40@group-CFD578AC5048:LeaderElection22] INFO  impl.LeaderElection (LeaderElection.java:askForVotes(182)) - ca69c954-0527-45b8-aa74-abb1f8453a40@group-CFD578AC5048:LeaderElection22: begin an election at term 1 for -1: [e156b416-77a3-4e07-9c94-a4b27caf2078:192.168.151.103:39366, ca69c954-0527-45b8-aa74-abb1f8453a40:192.168.151.103:33275, 1006a943-b738-48bb-8dca-a3d46061f13e:192.168.151.103:33924], old=null
2019-09-27 10:01:38,068 [Thread-805] INFO  impl.RoleInfo (RoleInfo.java:shutdownFollowerState(121)) - e4aee8ab-3701-4138-bdf7-9839da9344db: shutdown FollowerState
2019-09-27 10:01:38,068 [Thread-805] INFO  impl.RaftServerImpl (RaftServerImpl.java:setRole(174)) - e4aee8ab-3701-4138-bdf7-9839da9344db@group-61F0866A4D7E: changes role from  FOLLOWER to CANDIDATE at term 0 for changeToCandidate
2019-09-27 10:01:38,068 [Thread-805] INFO  impl.RoleInfo (RoleInfo.java:updateAndGet(143)) - e4aee8ab-3701-4138-bdf7-9839da9344db: start LeaderElection
2019-09-27 10:01:38,088 [e156b416-77a3-4e07-9c94-a4b27caf2078@group-222CDE664E56-SegmentedRaftLogWorker] INFO  segmented.SegmentedRaftLogWorker (SegmentedRaftLogWorker.java:execute(569)) - e156b416-77a3-4e07-9c94-a4b27caf2078@group-222CDE664E56-SegmentedRaftLogWorker: created new log segment /workdir/hadoop-ozone/integration-test/target/test-dir/MiniOzoneClusterImpl-cdbcb096-6118-4bf2-bc8d-5446b0901881/datanode-6/data/ratis/5637146f-8675-4ae0-b9e9-222cde664e56/current/log_inprogress_0
2019-09-27 10:01:38,092 [e4aee8ab-3701-4138-bdf7-9839da9344db@group-61F0866A4D7E:LeaderElection23] INFO  impl.LeaderElection (LeaderElection.java:askForVotes(182)) - e4aee8ab-3701-4138-bdf7-9839da9344db@group-61F0866A4D7E:LeaderElection23: begin an election at term 1 for -1: [b4c9881e-ccdd-41f3-8b47-caf73170c791:192.168.151.103:37794, 010a5080-8642-4af5-99ba-788150127419:192.168.151.103:38175, e4aee8ab-3701-4138-bdf7-9839da9344db:192.168.151.103:38331], old=null
2019-09-27 10:01:38,109 [Thread-800] INFO  impl.FollowerState (FollowerState.java:run(106)) - 010a5080-8642-4af5-99ba-788150127419:group-61F0866A4D7E changes to CANDIDATE, lastRpcTime:5089, electionTimeout:5089ms
2019-09-27 10:01:38,109 [Thread-800] INFO  impl.RoleInfo (RoleInfo.java:shutdownFollowerState(121)) - 010a5080-8642-4af5-99ba-788150127419: shutdown FollowerState
2019-09-27 10:01:38,110 [Thread-800] INFO  impl.RaftServerImpl (RaftServerImpl.java:setRole(174)) - 010a5080-8642-4af5-99ba-788150127419@group-61F0866A4D7E: changes role from  FOLLOWER to CANDIDATE at term 0 for changeToCandidate
2019-09-27 10:01:38,110 [Thread-800] INFO  impl.RoleInfo (RoleInfo.java:updateAndGet(143)) - 010a5080-8642-4af5-99ba-788150127419: start LeaderElection
2019-09-27 10:01:38,147 [grpc-default-executor-5] INFO  impl.RaftServerImpl (RaftServerImpl.java:setRole(174)) - b4c9881e-ccdd-41f3-8b47-caf73170c791@group-61F0866A4D7E: changes role from  FOLLOWER to FOLLOWER at term 1 for recognizeCandidate:e4aee8ab-3701-4138-bdf7-9839da9344db
2019-09-27 10:01:38,147 [ca69c954-0527-45b8-aa74-abb1f8453a40@group-CFD578AC5048:LeaderElection22] INFO  impl.LeaderElection (LeaderElection.java:logAndReturn(56)) - ca69c954-0527-45b8-aa74-abb1f8453a40@group-CFD578AC5048:LeaderElection22: Election REJECTED; received 2 response(s) [ca69c954-0527-45b8-aa74-abb1f8453a40<-e156b416-77a3-4e07-9c94-a4b27caf2078#0:FAIL-t1, ca69c954-0527-45b8-aa74-abb1f8453a40<-1006a943-b738-48bb-8dca-a3d46061f13e#0:FAIL-t1] and 0 exception(s); ca69c954-0527-45b8-aa74-abb1f8453a40@group-CFD578AC5048:t1, leader=null, voted=ca69c954-0527-45b8-aa74-abb1f8453a40, raftlog=ca69c954-0527-45b8-aa74-abb1f8453a40@group-CFD578AC5048-SegmentedRaftLog:OPENED:c-1,f-1,i0, conf=-1: [e156b416-77a3-4e07-9c94-a4b27caf2078:192.168.151.103:39366, ca69c954-0527-45b8-aa74-abb1f8453a40:192.168.151.103:33275, 1006a943-b738-48bb-8dca-a3d46061f13e:192.168.151.103:33924], old=null
2019-09-27 10:01:38,147 [010a5080-8642-4af5-99ba-788150127419@group-61F0866A4D7E:LeaderElection24] INFO  impl.LeaderElection (LeaderElection.java:askForVotes(182)) - 010a5080-8642-4af5-99ba-788150127419@group-61F0866A4D7E:LeaderElection24: begin an election at term 1 for -1: [b4c9881e-ccdd-41f3-8b47-caf73170c791:192.168.151.103:37794, 010a5080-8642-4af5-99ba-788150127419:192.168.151.103:38175, e4aee8ab-3701-4138-bdf7-9839da9344db:192.168.151.103:38331], old=null
2019-09-27 10:01:38,149 [ca69c954-0527-45b8-aa74-abb1f8453a40@group-CFD578AC5048:LeaderElection22] INFO  impl.RaftServerImpl (RaftServerImpl.java:setRole(174)) - ca69c954-0527-45b8-aa74-abb1f8453a40@group-CFD578AC5048: changes role from CANDIDATE to FOLLOWER at term 1 for DISCOVERED_A_NEW_TERM
2019-09-27 10:01:38,147 [1006a943-b738-48bb-8dca-a3d46061f13e@group-CFD578AC5048:LeaderElection21] INFO  impl.LeaderElection (LeaderElection.java:logAndReturn(56)) - 1006a943-b738-48bb-8dca-a3d46061f13e@group-CFD578AC5048:LeaderElection21: Election REJECTED; received 2 response(s) [1006a943-b738-48bb-8dca-a3d46061f13e<-e156b416-77a3-4e07-9c94-a4b27caf2078#0:FAIL-t1, 1006a943-b738-48bb-8dca-a3d46061f13e<-ca69c954-0527-45b8-aa74-abb1f8453a40#0:FAIL-t1] and 0 exception(s); 1006a943-b738-48bb-8dca-a3d46061f13e@group-CFD578AC5048:t1, leader=null, voted=1006a943-b738-48bb-8dca-a3d46061f13e, raftlog=1006a943-b738-48bb-8dca-a3d46061f13e@group-CFD578AC5048-SegmentedRaftLog:OPENED:c-1,f-1,i0, conf=-1: [e156b416-77a3-4e07-9c94-a4b27caf2078:192.168.151.103:39366, ca69c954-0527-45b8-aa74-abb1f8453a40:192.168.151.103:33275, 1006a943-b738-48bb-8dca-a3d46061f13e:192.168.151.103:33924], old=null
2019-09-27 10:01:38,147 [grpc-default-executor-5] INFO  impl.RoleInfo (RoleInfo.java:shutdownFollowerState(121)) - b4c9881e-ccdd-41f3-8b47-caf73170c791: shutdown FollowerState
2019-09-27 10:01:38,153 [ca69c954-0527-45b8-aa74-abb1f8453a40@group-CFD578AC5048:LeaderElection22] INFO  impl.RoleInfo (RoleInfo.java:shutdownLeaderElection(134)) - ca69c954-0527-45b8-aa74-abb1f8453a40: shutdown LeaderElection
2019-09-27 10:01:38,153 [e156b416-77a3-4e07-9c94-a4b27caf2078@group-CFD578AC5048:LeaderElection20] INFO  impl.LeaderElection (LeaderElection.java:logAndReturn(56)) - e156b416-77a3-4e07-9c94-a4b27caf2078@group-CFD578AC5048:LeaderElection20: Election REJECTED; received 2 response(s) [e156b416-77a3-4e07-9c94-a4b27caf2078<-ca69c954-0527-45b8-aa74-abb1f8453a40#0:FAIL-t1, e156b416-77a3-4e07-9c94-a4b27caf2078<-1006a943-b738-48bb-8dca-a3d46061f13e#0:FAIL-t1] and 0 exception(s); e156b416-77a3-4e07-9c94-a4b27caf2078@group-CFD578AC5048:t1, leader=null, voted=e156b416-77a3-4e07-9c94-a4b27caf2078, raftlog=e156b416-77a3-4e07-9c94-a4b27caf2078@group-CFD578AC5048-SegmentedRaftLog:OPENED:c-1,f-1,i0, conf=-1: [e156b416-77a3-4e07-9c94-a4b27caf2078:192.168.151.103:39366, ca69c954-0527-45b8-aa74-abb1f8453a40:192.168.151.103:33275, 1006a943-b738-48bb-8dca-a3d46061f13e:192.168.151.103:33924], old=null
2019-09-27 10:01:38,158 [Thread-803] INFO  impl.FollowerState (FollowerState.java:run(115)) - b4c9881e-ccdd-41f3-8b47-caf73170c791: FollowerState was interrupted: java.lang.InterruptedException: sleep interrupted
2019-09-27 10:01:38,158 [grpc-default-executor-5] INFO  impl.RoleInfo (RoleInfo.java:updateAndGet(143)) - b4c9881e-ccdd-41f3-8b47-caf73170c791: start FollowerState
2019-09-27 10:01:38,158 [1006a943-b738-48bb-8dca-a3d46061f13e@group-CFD578AC5048:LeaderElection21] INFO  impl.RaftServerImpl (RaftServerImpl.java:setRole(174)) - 1006a943-b738-48bb-8dca-a3d46061f13e@group-CFD578AC5048: changes role from CANDIDATE to FOLLOWER at term 1 for DISCOVERED_A_NEW_TERM
2019-09-27 10:01:38,158 [ca69c954-0527-45b8-aa74-abb1f8453a40@group-CFD578AC5048:LeaderElection22] INFO  impl.RoleInfo (RoleInfo.java:updateAndGet(143)) - ca69c954-0527-45b8-aa74-abb1f8453a40: start FollowerState
2019-09-27 10:01:38,181 [1006a943-b738-48bb-8dca-a3d46061f13e@group-CFD578AC5048:LeaderElection21] INFO  impl.RoleInfo (RoleInfo.java:shutdownLeaderElection(134)) - 1006a943-b738-48bb-8dca-a3d46061f13e: shutdown LeaderElection
2019-09-27 10:01:38,168 [e156b416-77a3-4e07-9c94-a4b27caf2078@group-CFD578AC5048:LeaderElection20] INFO  impl.RaftServerImpl (RaftServerImpl.java:setRole(174)) - e156b416-77a3-4e07-9c94-a4b27caf2078@group-CFD578AC5048: changes role from CANDIDATE to FOLLOWER at term 1 for DISCOVERED_A_NEW_TERM
2019-09-27 10:01:38,183 [1006a943-b738-48bb-8dca-a3d46061f13e@group-CFD578AC5048:LeaderElection21] INFO  impl.RoleInfo (RoleInfo.java:updateAndGet(143)) - 1006a943-b738-48bb-8dca-a3d46061f13e: start FollowerState
2019-09-27 10:01:38,183 [e156b416-77a3-4e07-9c94-a4b27caf2078@group-CFD578AC5048:LeaderElection20] INFO  impl.RoleInfo (RoleInfo.java:shutdownLeaderElection(134)) - e156b416-77a3-4e07-9c94-a4b27caf2078: shutdown LeaderElection
2019-09-27 10:01:38,186 [e156b416-77a3-4e07-9c94-a4b27caf2078@group-CFD578AC5048:LeaderElection20] INFO  impl.RoleInfo (RoleInfo.java:updateAndGet(143)) - e156b416-77a3-4e07-9c94-a4b27caf2078: start FollowerState
2019-09-27 10:01:38,202 [e4aee8ab-3701-4138-bdf7-9839da9344db@group-61F0866A4D7E:LeaderElection23] INFO  impl.LeaderElection (LeaderElection.java:logAndReturn(56)) - e4aee8ab-3701-4138-bdf7-9839da9344db@group-61F0866A4D7E:LeaderElection23: Election PASSED; received 2 response(s) [e4aee8ab-3701-4138-bdf7-9839da9344db<-b4c9881e-ccdd-41f3-8b47-caf73170c791#0:OK-t1, e4aee8ab-3701-4138-bdf7-9839da9344db<-010a5080-8642-4af5-99ba-788150127419#0:FAIL-t1] and 0 exception(s); e4aee8ab-3701-4138-bdf7-9839da9344db@group-61F0866A4D7E:t1, leader=null, voted=e4aee8ab-3701-4138-bdf7-9839da9344db, raftlog=e4aee8ab-3701-4138-bdf7-9839da9344db@group-61F0866A4D7E-SegmentedRaftLog:OPENED:c-1,f-1,i0, conf=-1: [b4c9881e-ccdd-41f3-8b47-caf73170c791:192.168.151.103:37794, 010a5080-8642-4af5-99ba-788150127419:192.168.151.103:38175, e4aee8ab-3701-4138-bdf7-9839da9344db:192.168.151.103:38331], old=null
2019-09-27 10:01:38,203 [e4aee8ab-3701-4138-bdf7-9839da9344db@group-61F0866A4D7E:LeaderElection23] INFO  impl.RoleInfo (RoleInfo.java:shutdownLeaderElection(134)) - e4aee8ab-3701-4138-bdf7-9839da9344db: shutdown LeaderElection
2019-09-27 10:01:38,205 [e4aee8ab-3701-4138-bdf7-9839da9344db@group-61F0866A4D7E:LeaderElection23] INFO  impl.RaftServerImpl (RaftServerImpl.java:setRole(174)) - e4aee8ab-3701-4138-bdf7-9839da9344db@group-61F0866A4D7E: changes role from CANDIDATE to LEADER at term 1 for changeToLeader
2019-09-27 10:01:38,205 [010a5080-8642-4af5-99ba-788150127419@group-61F0866A4D7E:LeaderElection24] INFO  impl.LeaderElection (LeaderElection.java:logAndReturn(56)) - 010a5080-8642-4af5-99ba-788150127419@group-61F0866A4D7E:LeaderElection24: Election REJECTED; received 2 response(s) [010a5080-8642-4af5-99ba-788150127419<-b4c9881e-ccdd-41f3-8b47-caf73170c791#0:FAIL-t1, 010a5080-8642-4af5-99ba-788150127419<-e4aee8ab-3701-4138-bdf7-9839da9344db#0:FAIL-t1] and 0 exception(s); 010a5080-8642-4af5-99ba-788150127419@group-61F0866A4D7E:t1, leader=null, voted=010a5080-8642-4af5-99ba-788150127419, raftlog=010a5080-8642-4af5-99ba-788150127419@group-61F0866A4D7E-SegmentedRaftLog:OPENED:c-1,f-1,i0, conf=-1: [b4c9881e-ccdd-41f3-8b47-caf73170c791:192.168.151.103:37794, 010a5080-8642-4af5-99ba-788150127419:192.168.151.103:38175, e4aee8ab-3701-4138-bdf7-9839da9344db:192.168.151.103:38331], old=null
2019-09-27 10:01:38,207 [010a5080-8642-4af5-99ba-788150127419@group-61F0866A4D7E:LeaderElection24] INFO  impl.RaftServerImpl (RaftServerImpl.java:setRole(174)) - 010a5080-8642-4af5-99ba-788150127419@group-61F0866A4D7E: changes role from CANDIDATE to FOLLOWER at term 1 for DISCOVERED_A_NEW_TERM
2019-09-27 10:01:38,215 [010a5080-8642-4af5-99ba-788150127419@group-61F0866A4D7E:LeaderElection24] INFO  impl.RoleInfo (RoleInfo.java:shutdownLeaderElection(134)) - 010a5080-8642-4af5-99ba-788150127419: shutdown LeaderElection
2019-09-27 10:01:38,208 [e4aee8ab-3701-4138-bdf7-9839da9344db@group-61F0866A4D7E:LeaderElection23] INFO  impl.RaftServerImpl (ServerState.java:setLeader(253)) - e4aee8ab-3701-4138-bdf7-9839da9344db@group-61F0866A4D7E: change Leader from null to e4aee8ab-3701-4138-bdf7-9839da9344db at term 1 for becomeLeader, leader elected after 5200ms
2019-09-27 10:01:38,217 [010a5080-8642-4af5-99ba-788150127419@group-61F0866A4D7E:LeaderElection24] INFO  impl.RoleInfo (RoleInfo.java:updateAndGet(143)) - 010a5080-8642-4af5-99ba-788150127419: start FollowerState
2019-09-27 10:01:38,217 [e4aee8ab-3701-4138-bdf7-9839da9344db@group-61F0866A4D7E:LeaderElection23] INFO  server.RaftServerConfigKeys (ConfUtils.java:logGet(43)) - raft.server.staging.catchup.gap = 1000 (default)
2019-09-27 10:01:38,217 [e4aee8ab-3701-4138-bdf7-9839da9344db@group-61F0866A4D7E:LeaderElection23] INFO  server.RaftServerConfigKeys (ConfUtils.java:logGet(43)) - raft.server.rpc.sleep.time = 25ms (default)
2019-09-27 10:01:38,217 [e4aee8ab-3701-4138-bdf7-9839da9344db@group-61F0866A4D7E:LeaderElection23] INFO  server.RaftServerConfigKeys (ConfUtils.java:logGet(43)) - raft.server.write.element-limit = 4096 (default)
2019-09-27 10:01:38,218 [e4aee8ab-3701-4138-bdf7-9839da9344db@group-61F0866A4D7E:LeaderElection23] INFO  server.RaftServerConfigKeys (ConfUtils.java:logGet(43)) - raft.server.watch.timeout = 10s (default)
2019-09-27 10:01:38,218 [e4aee8ab-3701-4138-bdf7-9839da9344db@group-61F0866A4D7E:LeaderElection23] INFO  server.RaftServerConfigKeys (ConfUtils.java:logGet(43)) - raft.server.watch.timeout.denomination = 1s (default)
2019-09-27 10:01:38,218 [e4aee8ab-3701-4138-bdf7-9839da9344db@group-61F0866A4D7E:LeaderElection23] INFO  server.RaftServerConfigKeys (ConfUtils.java:logGet(43)) - raft.server.watch.element-limit = 65536 (default)
2019-09-27 10:01:38,221 [e4aee8ab-3701-4138-bdf7-9839da9344db@group-61F0866A4D7E:LeaderElection23] INFO  server.RaftServerConfigKeys (ConfUtils.java:logGet(43)) - raft.server.log.appender.snapshot.chunk.size.max = 16MB (=16777216) (default)
2019-09-27 10:01:38,221 [e4aee8ab-3701-4138-bdf7-9839da9344db@group-61F0866A4D7E:LeaderElection23] INFO  server.RaftServerConfigKeys (ConfUtils.java:logGet(43)) - raft.server.log.appender.buffer.byte-limit = 33554432 (custom)
2019-09-27 10:01:38,222 [e4aee8ab-3701-4138-bdf7-9839da9344db@group-61F0866A4D7E:LeaderElection23] INFO  server.RaftServerConfigKeys (ConfUtils.java:logGet(43)) - raft.server.log.appender.buffer.element-limit = 1 (custom)
2019-09-27 10:01:38,222 [e4aee8ab-3701-4138-bdf7-9839da9344db@group-61F0866A4D7E:LeaderElection23] INFO  grpc.GrpcConfigKeys$Server (ConfUtils.java:logGet(43)) - raft.grpc.server.leader.outstanding.appends.max = 128 (default)
2019-09-27 10:01:38,222 [e4aee8ab-3701-4138-bdf7-9839da9344db@group-61F0866A4D7E:LeaderElection23] INFO  server.RaftServerConfigKeys (ConfUtils.java:logGet(43)) - raft.server.rpc.request.timeout = 3000ms (default)
2019-09-27 10:01:38,222 [e4aee8ab-3701-4138-bdf7-9839da9344db@group-61F0866A4D7E:LeaderElection23] INFO  server.RaftServerConfigKeys (ConfUtils.java:logGet(43)) - raft.server.log.appender.install.snapshot.enabled = false (custom)
2019-09-27 10:01:38,223 [e4aee8ab-3701-4138-bdf7-9839da9344db@group-61F0866A4D7E:LeaderElection23] INFO  server.RaftServerConfigKeys (ConfUtils.java:logGet(43)) - raft.server.log.appender.snapshot.chunk.size.max = 16MB (=16777216) (default)
2019-09-27 10:01:38,223 [e4aee8ab-3701-4138-bdf7-9839da9344db@group-61F0866A4D7E:LeaderElection23] INFO  server.RaftServerConfigKeys (ConfUtils.java:logGet(43)) - raft.server.log.appender.buffer.byte-limit = 33554432 (custom)
2019-09-27 10:01:38,223 [e4aee8ab-3701-4138-bdf7-9839da9344db@group-61F0866A4D7E:LeaderElection23] INFO  server.RaftServerConfigKeys (ConfUtils.java:logGet(43)) - raft.server.log.appender.buffer.element-limit = 1 (custom)
2019-09-27 10:01:38,223 [e4aee8ab-3701-4138-bdf7-9839da9344db@group-61F0866A4D7E:LeaderElection23] INFO  grpc.GrpcConfigKeys$Server (ConfUtils.java:logGet(43)) - raft.grpc.server.leader.outstanding.appends.max = 128 (default)
2019-09-27 10:01:38,224 [e4aee8ab-3701-4138-bdf7-9839da9344db@group-61F0866A4D7E:LeaderElection23] INFO  server.RaftServerConfigKeys (ConfUtils.java:logGet(43)) - raft.server.rpc.request.timeout = 3000ms (default)
2019-09-27 10:01:38,224 [e4aee8ab-3701-4138-bdf7-9839da9344db@group-61F0866A4D7E:LeaderElection23] INFO  server.RaftServerConfigKeys (ConfUtils.java:logGet(43)) - raft.server.log.appender.install.snapshot.enabled = false (custom)
2019-09-27 10:01:38,224 [e4aee8ab-3701-4138-bdf7-9839da9344db@group-61F0866A4D7E:LeaderElection23] INFO  impl.RoleInfo (RoleInfo.java:updateAndGet(143)) - e4aee8ab-3701-4138-bdf7-9839da9344db: start LeaderState
2019-09-27 10:01:38,225 [e4aee8ab-3701-4138-bdf7-9839da9344db@group-61F0866A4D7E:LeaderElection23] INFO  segmented.SegmentedRaftLogWorker (SegmentedRaftLogWorker.java:startLogSegment(380)) - e4aee8ab-3701-4138-bdf7-9839da9344db@group-61F0866A4D7E-SegmentedRaftLogWorker: Starting segment from index:0
2019-09-27 10:01:38,225 [e4aee8ab-3701-4138-bdf7-9839da9344db@group-61F0866A4D7E:LeaderElection23] INFO  impl.RaftServerImpl (ServerState.java:setRaftConf(354)) - e4aee8ab-3701-4138-bdf7-9839da9344db@group-61F0866A4D7E: set configuration 0: [b4c9881e-ccdd-41f3-8b47-caf73170c791:192.168.151.103:37794, 010a5080-8642-4af5-99ba-788150127419:192.168.151.103:38175, e4aee8ab-3701-4138-bdf7-9839da9344db:192.168.151.103:38331], old=null at 0
2019-09-27 10:01:38,271 [grpc-default-executor-3] INFO  impl.RaftServerImpl (ServerState.java:setLeader(253)) - b4c9881e-ccdd-41f3-8b47-caf73170c791@group-61F0866A4D7E: change Leader from null to e4aee8ab-3701-4138-bdf7-9839da9344db at term 1 for appendEntries, leader elected after 5266ms
2019-09-27 10:01:38,271 [grpc-default-executor-2] INFO  impl.RaftServerImpl (ServerState.java:setLeader(253)) - 010a5080-8642-4af5-99ba-788150127419@group-61F0866A4D7E: change Leader from null to e4aee8ab-3701-4138-bdf7-9839da9344db at term 1 for appendEntries, leader elected after 5267ms
2019-09-27 10:01:38,275 [grpc-default-executor-2] INFO  impl.RaftServerImpl (ServerState.java:setRaftConf(354)) - b4c9881e-ccdd-41f3-8b47-caf73170c791@group-61F0866A4D7E: set configuration 0: [b4c9881e-ccdd-41f3-8b47-caf73170c791:192.168.151.103:37794, 010a5080-8642-4af5-99ba-788150127419:192.168.151.103:38175, e4aee8ab-3701-4138-bdf7-9839da9344db:192.168.151.103:38331], old=null at 0
2019-09-27 10:01:38,275 [grpc-default-executor-3] INFO  impl.RaftServerImpl (ServerState.java:setRaftConf(354)) - 010a5080-8642-4af5-99ba-788150127419@group-61F0866A4D7E: set configuration 0: [b4c9881e-ccdd-41f3-8b47-caf73170c791:192.168.151.103:37794, 010a5080-8642-4af5-99ba-788150127419:192.168.151.103:38175, e4aee8ab-3701-4138-bdf7-9839da9344db:192.168.151.103:38331], old=null at 0
2019-09-27 10:01:38,275 [grpc-default-executor-2] INFO  segmented.SegmentedRaftLogWorker (SegmentedRaftLogWorker.java:startLogSegment(380)) - b4c9881e-ccdd-41f3-8b47-caf73170c791@group-61F0866A4D7E-SegmentedRaftLogWorker: Starting segment from index:0
2019-09-27 10:01:38,276 [grpc-default-executor-3] INFO  segmented.SegmentedRaftLogWorker (SegmentedRaftLogWorker.java:startLogSegment(380)) - 010a5080-8642-4af5-99ba-788150127419@group-61F0866A4D7E-SegmentedRaftLogWorker: Starting segment from index:0
2019-09-27 10:01:38,294 [e4aee8ab-3701-4138-bdf7-9839da9344db@group-61F0866A4D7E-SegmentedRaftLogWorker] INFO  segmented.SegmentedRaftLogWorker (SegmentedRaftLogWorker.java:execute(569)) - e4aee8ab-3701-4138-bdf7-9839da9344db@group-61F0866A4D7E-SegmentedRaftLogWorker: created new log segment /workdir/hadoop-ozone/integration-test/target/test-dir/MiniOzoneClusterImpl-cdbcb096-6118-4bf2-bc8d-5446b0901881/datanode-0/data/ratis/f5ffc316-3577-44e5-ac0c-61f0866a4d7e/current/log_inprogress_0
2019-09-27 10:01:38,319 [b4c9881e-ccdd-41f3-8b47-caf73170c791@group-61F0866A4D7E-SegmentedRaftLogWorker] INFO  segmented.SegmentedRaftLogWorker (SegmentedRaftLogWorker.java:execute(569)) - b4c9881e-ccdd-41f3-8b47-caf73170c791@group-61F0866A4D7E-SegmentedRaftLogWorker: created new log segment /workdir/hadoop-ozone/integration-test/target/test-dir/MiniOzoneClusterImpl-cdbcb096-6118-4bf2-bc8d-5446b0901881/datanode-2/data/ratis/f5ffc316-3577-44e5-ac0c-61f0866a4d7e/current/log_inprogress_0
2019-09-27 10:01:38,343 [010a5080-8642-4af5-99ba-788150127419@group-61F0866A4D7E-SegmentedRaftLogWorker] INFO  segmented.SegmentedRaftLogWorker (SegmentedRaftLogWorker.java:execute(569)) - 010a5080-8642-4af5-99ba-788150127419@group-61F0866A4D7E-SegmentedRaftLogWorker: created new log segment /workdir/hadoop-ozone/integration-test/target/test-dir/MiniOzoneClusterImpl-cdbcb096-6118-4bf2-bc8d-5446b0901881/datanode-5/data/ratis/f5ffc316-3577-44e5-ac0c-61f0866a4d7e/current/log_inprogress_0
2019-09-27 10:01:38,733 [main] INFO  ipc.Client (Client.java:handleConnectionFailure(948)) - Retrying connect to server: localhost/127.0.0.1:0. Already tried 4 time(s); retry policy is RetryUpToMaximumCountWithFixedSleep(maxRetries=10, sleepTime=1000 MILLISECONDS)
2019-09-27 10:01:39,734 [main] INFO  ipc.Client (Client.java:handleConnectionFailure(948)) - Retrying connect to server: localhost/127.0.0.1:0. Already tried 5 time(s); retry policy is RetryUpToMaximumCountWithFixedSleep(maxRetries=10, sleepTime=1000 MILLISECONDS)
2019-09-27 10:01:40,736 [main] INFO  ipc.Client (Client.java:handleConnectionFailure(948)) - Retrying connect to server: localhost/127.0.0.1:0. Already tried 6 time(s); retry policy is RetryUpToMaximumCountWithFixedSleep(maxRetries=10, sleepTime=1000 MILLISECONDS)
2019-09-27 10:01:41,737 [main] INFO  ipc.Client (Client.java:handleConnectionFailure(948)) - Retrying connect to server: localhost/127.0.0.1:0. Already tried 7 time(s); retry policy is RetryUpToMaximumCountWithFixedSleep(maxRetries=10, sleepTime=1000 MILLISECONDS)
2019-09-27 10:01:42,739 [main] INFO  ipc.Client (Client.java:handleConnectionFailure(948)) - Retrying connect to server: localhost/127.0.0.1:0. Already tried 8 time(s); retry policy is RetryUpToMaximumCountWithFixedSleep(maxRetries=10, sleepTime=1000 MILLISECONDS)
2019-09-27 10:01:43,286 [Thread-841] INFO  impl.FollowerState (FollowerState.java:run(106)) - e156b416-77a3-4e07-9c94-a4b27caf2078:group-CFD578AC5048 changes to CANDIDATE, lastRpcTime:5102, electionTimeout:5098ms
2019-09-27 10:01:43,287 [Thread-841] INFO  impl.RoleInfo (RoleInfo.java:shutdownFollowerState(121)) - e156b416-77a3-4e07-9c94-a4b27caf2078: shutdown FollowerState
2019-09-27 10:01:43,287 [Thread-841] INFO  impl.RaftServerImpl (RaftServerImpl.java:setRole(174)) - e156b416-77a3-4e07-9c94-a4b27caf2078@group-CFD578AC5048: changes role from  FOLLOWER to CANDIDATE at term 1 for changeToCandidate
2019-09-27 10:01:43,287 [Thread-841] INFO  impl.RoleInfo (RoleInfo.java:updateAndGet(143)) - e156b416-77a3-4e07-9c94-a4b27caf2078: start LeaderElection
2019-09-27 10:01:43,295 [Thread-840] INFO  impl.FollowerState (FollowerState.java:run(106)) - 1006a943-b738-48bb-8dca-a3d46061f13e:group-CFD578AC5048 changes to CANDIDATE, lastRpcTime:5111, electionTimeout:5109ms
2019-09-27 10:01:43,295 [Thread-840] INFO  impl.RoleInfo (RoleInfo.java:shutdownFollowerState(121)) - 1006a943-b738-48bb-8dca-a3d46061f13e: shutdown FollowerState
2019-09-27 10:01:43,295 [Thread-840] INFO  impl.RaftServerImpl (RaftServerImpl.java:setRole(174)) - 1006a943-b738-48bb-8dca-a3d46061f13e@group-CFD578AC5048: changes role from  FOLLOWER to CANDIDATE at term 1 for changeToCandidate
2019-09-27 10:01:43,295 [Thread-840] INFO  impl.RoleInfo (RoleInfo.java:updateAndGet(143)) - 1006a943-b738-48bb-8dca-a3d46061f13e: start LeaderElection
2019-09-27 10:01:43,317 [e156b416-77a3-4e07-9c94-a4b27caf2078@group-CFD578AC5048:LeaderElection25] INFO  impl.LeaderElection (LeaderElection.java:askForVotes(182)) - e156b416-77a3-4e07-9c94-a4b27caf2078@group-CFD578AC5048:LeaderElection25: begin an election at term 2 for -1: [e156b416-77a3-4e07-9c94-a4b27caf2078:192.168.151.103:39366, ca69c954-0527-45b8-aa74-abb1f8453a40:192.168.151.103:33275, 1006a943-b738-48bb-8dca-a3d46061f13e:192.168.151.103:33924], old=null
2019-09-27 10:01:43,317 [1006a943-b738-48bb-8dca-a3d46061f13e@group-CFD578AC5048:LeaderElection26] INFO  impl.LeaderElection (LeaderElection.java:askForVotes(182)) - 1006a943-b738-48bb-8dca-a3d46061f13e@group-CFD578AC5048:LeaderElection26: begin an election at term 2 for -1: [e156b416-77a3-4e07-9c94-a4b27caf2078:192.168.151.103:39366, ca69c954-0527-45b8-aa74-abb1f8453a40:192.168.151.103:33275, 1006a943-b738-48bb-8dca-a3d46061f13e:192.168.151.103:33924], old=null
2019-09-27 10:01:43,329 [grpc-default-executor-3] INFO  impl.RaftServerImpl (RaftServerImpl.java:setRole(174)) - ca69c954-0527-45b8-aa74-abb1f8453a40@group-CFD578AC5048: changes role from  FOLLOWER to FOLLOWER at term 2 for recognizeCandidate:e156b416-77a3-4e07-9c94-a4b27caf2078
2019-09-27 10:01:43,329 [grpc-default-executor-3] INFO  impl.RoleInfo (RoleInfo.java:shutdownFollowerState(121)) - ca69c954-0527-45b8-aa74-abb1f8453a40: shutdown FollowerState
2019-09-27 10:01:43,330 [grpc-default-executor-3] INFO  impl.RoleInfo (RoleInfo.java:updateAndGet(143)) - ca69c954-0527-45b8-aa74-abb1f8453a40: start FollowerState
2019-09-27 10:01:43,353 [1006a943-b738-48bb-8dca-a3d46061f13e@group-CFD578AC5048:LeaderElection26] INFO  impl.LeaderElection (LeaderElection.java:logAndReturn(56)) - 1006a943-b738-48bb-8dca-a3d46061f13e@group-CFD578AC5048:LeaderElection26: Election REJECTED; received 2 response(s) [1006a943-b738-48bb-8dca-a3d46061f13e<-e156b416-77a3-4e07-9c94-a4b27caf2078#0:FAIL-t2, 1006a943-b738-48bb-8dca-a3d46061f13e<-ca69c954-0527-45b8-aa74-abb1f8453a40#0:FAIL-t2] and 0 exception(s); 1006a943-b738-48bb-8dca-a3d46061f13e@group-CFD578AC5048:t2, leader=null, voted=1006a943-b738-48bb-8dca-a3d46061f13e, raftlog=1006a943-b738-48bb-8dca-a3d46061f13e@group-CFD578AC5048-SegmentedRaftLog:OPENED:c-1,f-1,i0, conf=-1: [e156b416-77a3-4e07-9c94-a4b27caf2078:192.168.151.103:39366, ca69c954-0527-45b8-aa74-abb1f8453a40:192.168.151.103:33275, 1006a943-b738-48bb-8dca-a3d46061f13e:192.168.151.103:33924], old=null
2019-09-27 10:01:43,353 [e156b416-77a3-4e07-9c94-a4b27caf2078@group-CFD578AC5048:LeaderElection25] INFO  impl.LeaderElection (LeaderElection.java:logAndReturn(56)) - e156b416-77a3-4e07-9c94-a4b27caf2078@group-CFD578AC5048:LeaderElection25: Election PASSED; received 2 response(s) [e156b416-77a3-4e07-9c94-a4b27caf2078<-ca69c954-0527-45b8-aa74-abb1f8453a40#0:OK-t2, e156b416-77a3-4e07-9c94-a4b27caf2078<-1006a943-b738-48bb-8dca-a3d46061f13e#0:FAIL-t2] and 0 exception(s); e156b416-77a3-4e07-9c94-a4b27caf2078@group-CFD578AC5048:t2, leader=null, voted=e156b416-77a3-4e07-9c94-a4b27caf2078, raftlog=e156b416-77a3-4e07-9c94-a4b27caf2078@group-CFD578AC5048-SegmentedRaftLog:OPENED:c-1,f-1,i0, conf=-1: [e156b416-77a3-4e07-9c94-a4b27caf2078:192.168.151.103:39366, ca69c954-0527-45b8-aa74-abb1f8453a40:192.168.151.103:33275, 1006a943-b738-48bb-8dca-a3d46061f13e:192.168.151.103:33924], old=null
2019-09-27 10:01:43,353 [1006a943-b738-48bb-8dca-a3d46061f13e@group-CFD578AC5048:LeaderElection26] INFO  impl.RaftServerImpl (RaftServerImpl.java:setRole(174)) - 1006a943-b738-48bb-8dca-a3d46061f13e@group-CFD578AC5048: changes role from CANDIDATE to FOLLOWER at term 2 for DISCOVERED_A_NEW_TERM
2019-09-27 10:01:43,362 [e156b416-77a3-4e07-9c94-a4b27caf2078@group-CFD578AC5048:LeaderElection25] INFO  impl.RoleInfo (RoleInfo.java:shutdownLeaderElection(134)) - e156b416-77a3-4e07-9c94-a4b27caf2078: shutdown LeaderElection
2019-09-27 10:01:43,364 [1006a943-b738-48bb-8dca-a3d46061f13e@group-CFD578AC5048:LeaderElection26] INFO  impl.RoleInfo (RoleInfo.java:shutdownLeaderElection(134)) - 1006a943-b738-48bb-8dca-a3d46061f13e: shutdown LeaderElection
2019-09-27 10:01:43,364 [e156b416-77a3-4e07-9c94-a4b27caf2078@group-CFD578AC5048:LeaderElection25] INFO  impl.RaftServerImpl (RaftServerImpl.java:setRole(174)) - e156b416-77a3-4e07-9c94-a4b27caf2078@group-CFD578AC5048: changes role from CANDIDATE to LEADER at term 2 for changeToLeader
2019-09-27 10:01:43,365 [e156b416-77a3-4e07-9c94-a4b27caf2078@group-CFD578AC5048:LeaderElection25] INFO  impl.RaftServerImpl (ServerState.java:setLeader(253)) - e156b416-77a3-4e07-9c94-a4b27caf2078@group-CFD578AC5048: change Leader from null to e156b416-77a3-4e07-9c94-a4b27caf2078 at term 2 for becomeLeader, leader elected after 10465ms
2019-09-27 10:01:43,365 [1006a943-b738-48bb-8dca-a3d46061f13e@group-CFD578AC5048:LeaderElection26] INFO  impl.RoleInfo (RoleInfo.java:updateAndGet(143)) - 1006a943-b738-48bb-8dca-a3d46061f13e: start FollowerState
2019-09-27 10:01:43,365 [e156b416-77a3-4e07-9c94-a4b27caf2078@group-CFD578AC5048:LeaderElection25] INFO  server.RaftServerConfigKeys (ConfUtils.java:logGet(43)) - raft.server.staging.catchup.gap = 1000 (default)
2019-09-27 10:01:43,365 [e156b416-77a3-4e07-9c94-a4b27caf2078@group-CFD578AC5048:LeaderElection25] INFO  server.RaftServerConfigKeys (ConfUtils.java:logGet(43)) - raft.server.rpc.sleep.time = 25ms (default)
2019-09-27 10:01:43,368 [e156b416-77a3-4e07-9c94-a4b27caf2078@group-CFD578AC5048:LeaderElection25] INFO  server.RaftServerConfigKeys (ConfUtils.java:logGet(43)) - raft.server.write.element-limit = 4096 (default)
2019-09-27 10:01:43,368 [e156b416-77a3-4e07-9c94-a4b27caf2078@group-CFD578AC5048:LeaderElection25] INFO  server.RaftServerConfigKeys (ConfUtils.java:logGet(43)) - raft.server.watch.timeout = 10s (default)
2019-09-27 10:01:43,368 [e156b416-77a3-4e07-9c94-a4b27caf2078@group-CFD578AC5048:LeaderElection25] INFO  server.RaftServerConfigKeys (ConfUtils.java:logGet(43)) - raft.server.watch.timeout.denomination = 1s (default)
2019-09-27 10:01:43,368 [e156b416-77a3-4e07-9c94-a4b27caf2078@group-CFD578AC5048:LeaderElection25] INFO  server.RaftServerConfigKeys (ConfUtils.java:logGet(43)) - raft.server.watch.element-limit = 65536 (default)
2019-09-27 10:01:43,371 [e156b416-77a3-4e07-9c94-a4b27caf2078@group-CFD578AC5048:LeaderElection25] INFO  server.RaftServerConfigKeys (ConfUtils.java:logGet(43)) - raft.server.log.appender.snapshot.chunk.size.max = 16MB (=16777216) (default)
2019-09-27 10:01:43,371 [e156b416-77a3-4e07-9c94-a4b27caf2078@group-CFD578AC5048:LeaderElection25] INFO  server.RaftServerConfigKeys (ConfUtils.java:logGet(43)) - raft.server.log.appender.buffer.byte-limit = 33554432 (custom)
2019-09-27 10:01:43,371 [e156b416-77a3-4e07-9c94-a4b27caf2078@group-CFD578AC5048:LeaderElection25] INFO  server.RaftServerConfigKeys (ConfUtils.java:logGet(43)) - raft.server.log.appender.buffer.element-limit = 1 (custom)
2019-09-27 10:01:43,371 [e156b416-77a3-4e07-9c94-a4b27caf2078@group-CFD578AC5048:LeaderElection25] INFO  grpc.GrpcConfigKeys$Server (ConfUtils.java:logGet(43)) - raft.grpc.server.leader.outstanding.appends.max = 128 (default)
2019-09-27 10:01:43,372 [e156b416-77a3-4e07-9c94-a4b27caf2078@group-CFD578AC5048:LeaderElection25] INFO  server.RaftServerConfigKeys (ConfUtils.java:logGet(43)) - raft.server.rpc.request.timeout = 3000ms (default)
2019-09-27 10:01:43,372 [e156b416-77a3-4e07-9c94-a4b27caf2078@group-CFD578AC5048:LeaderElection25] INFO  server.RaftServerConfigKeys (ConfUtils.java:logGet(43)) - raft.server.log.appender.install.snapshot.enabled = false (custom)
2019-09-27 10:01:43,372 [e156b416-77a3-4e07-9c94-a4b27caf2078@group-CFD578AC5048:LeaderElection25] INFO  server.RaftServerConfigKeys (ConfUtils.java:logGet(43)) - raft.server.log.appender.snapshot.chunk.size.max = 16MB (=16777216) (default)
2019-09-27 10:01:43,372 [e156b416-77a3-4e07-9c94-a4b27caf2078@group-CFD578AC5048:LeaderElection25] INFO  server.RaftServerConfigKeys (ConfUtils.java:logGet(43)) - raft.server.log.appender.buffer.byte-limit = 33554432 (custom)
2019-09-27 10:01:43,372 [e156b416-77a3-4e07-9c94-a4b27caf2078@group-CFD578AC5048:LeaderElection25] INFO  server.RaftServerConfigKeys (ConfUtils.java:logGet(43)) - raft.server.log.appender.buffer.element-limit = 1 (custom)
2019-09-27 10:01:43,372 [e156b416-77a3-4e07-9c94-a4b27caf2078@group-CFD578AC5048:LeaderElection25] INFO  grpc.GrpcConfigKeys$Server (ConfUtils.java:logGet(43)) - raft.grpc.server.leader.outstanding.appends.max = 128 (default)
2019-09-27 10:01:43,373 [e156b416-77a3-4e07-9c94-a4b27caf2078@group-CFD578AC5048:LeaderElection25] INFO  server.RaftServerConfigKeys (ConfUtils.java:logGet(43)) - raft.server.rpc.request.timeout = 3000ms (default)
2019-09-27 10:01:43,373 [e156b416-77a3-4e07-9c94-a4b27caf2078@group-CFD578AC5048:LeaderElection25] INFO  server.RaftServerConfigKeys (ConfUtils.java:logGet(43)) - raft.server.log.appender.install.snapshot.enabled = false (custom)
2019-09-27 10:01:43,373 [e156b416-77a3-4e07-9c94-a4b27caf2078@group-CFD578AC5048:LeaderElection25] INFO  impl.RoleInfo (RoleInfo.java:updateAndGet(143)) - e156b416-77a3-4e07-9c94-a4b27caf2078: start LeaderState
2019-09-27 10:01:43,373 [e156b416-77a3-4e07-9c94-a4b27caf2078@group-CFD578AC5048:LeaderElection25] INFO  segmented.SegmentedRaftLogWorker (SegmentedRaftLogWorker.java:startLogSegment(380)) - e156b416-77a3-4e07-9c94-a4b27caf2078@group-CFD578AC5048-SegmentedRaftLogWorker: Starting segment from index:0
2019-09-27 10:01:43,374 [e156b416-77a3-4e07-9c94-a4b27caf2078@group-CFD578AC5048:LeaderElection25] INFO  impl.RaftServerImpl (ServerState.java:setRaftConf(354)) - e156b416-77a3-4e07-9c94-a4b27caf2078@group-CFD578AC5048: set configuration 0: [e156b416-77a3-4e07-9c94-a4b27caf2078:192.168.151.103:39366, ca69c954-0527-45b8-aa74-abb1f8453a40:192.168.151.103:33275, 1006a943-b738-48bb-8dca-a3d46061f13e:192.168.151.103:33924], old=null at 0
2019-09-27 10:01:43,413 [grpc-default-executor-3] INFO  impl.RaftServerImpl (ServerState.java:setLeader(253)) - ca69c954-0527-45b8-aa74-abb1f8453a40@group-CFD578AC5048: change Leader from null to e156b416-77a3-4e07-9c94-a4b27caf2078 at term 2 for appendEntries, leader elected after 10513ms
2019-09-27 10:01:43,413 [grpc-default-executor-5] INFO  impl.RaftServerImpl (ServerState.java:setLeader(253)) - 1006a943-b738-48bb-8dca-a3d46061f13e@group-CFD578AC5048: change Leader from null to e156b416-77a3-4e07-9c94-a4b27caf2078 at term 2 for appendEntries, leader elected after 10513ms
2019-09-27 10:01:43,417 [grpc-default-executor-3] INFO  impl.RaftServerImpl (ServerState.java:setRaftConf(354)) - ca69c954-0527-45b8-aa74-abb1f8453a40@group-CFD578AC5048: set configuration 0: [e156b416-77a3-4e07-9c94-a4b27caf2078:192.168.151.103:39366, ca69c954-0527-45b8-aa74-abb1f8453a40:192.168.151.103:33275, 1006a943-b738-48bb-8dca-a3d46061f13e:192.168.151.103:33924], old=null at 0
2019-09-27 10:01:43,417 [grpc-default-executor-5] INFO  impl.RaftServerImpl (ServerState.java:setRaftConf(354)) - 1006a943-b738-48bb-8dca-a3d46061f13e@group-CFD578AC5048: set configuration 0: [e156b416-77a3-4e07-9c94-a4b27caf2078:192.168.151.103:39366, ca69c954-0527-45b8-aa74-abb1f8453a40:192.168.151.103:33275, 1006a943-b738-48bb-8dca-a3d46061f13e:192.168.151.103:33924], old=null at 0
2019-09-27 10:01:43,417 [grpc-default-executor-3] INFO  segmented.SegmentedRaftLogWorker (SegmentedRaftLogWorker.java:startLogSegment(380)) - ca69c954-0527-45b8-aa74-abb1f8453a40@group-CFD578AC5048-SegmentedRaftLogWorker: Starting segment from index:0
2019-09-27 10:01:43,417 [grpc-default-executor-5] INFO  segmented.SegmentedRaftLogWorker (SegmentedRaftLogWorker.java:startLogSegment(380)) - 1006a943-b738-48bb-8dca-a3d46061f13e@group-CFD578AC5048-SegmentedRaftLogWorker: Starting segment from index:0
2019-09-27 10:01:43,436 [e156b416-77a3-4e07-9c94-a4b27caf2078@group-CFD578AC5048-SegmentedRaftLogWorker] INFO  segmented.SegmentedRaftLogWorker (SegmentedRaftLogWorker.java:execute(569)) - e156b416-77a3-4e07-9c94-a4b27caf2078@group-CFD578AC5048-SegmentedRaftLogWorker: created new log segment /workdir/hadoop-ozone/integration-test/target/test-dir/MiniOzoneClusterImpl-cdbcb096-6118-4bf2-bc8d-5446b0901881/datanode-6/data/ratis/6026da56-1a73-491e-924e-cfd578ac5048/current/log_inprogress_0
2019-09-27 10:01:43,449 [ca69c954-0527-45b8-aa74-abb1f8453a40@group-CFD578AC5048-SegmentedRaftLogWorker] INFO  segmented.SegmentedRaftLogWorker (SegmentedRaftLogWorker.java:execute(569)) - ca69c954-0527-45b8-aa74-abb1f8453a40@group-CFD578AC5048-SegmentedRaftLogWorker: created new log segment /workdir/hadoop-ozone/integration-test/target/test-dir/MiniOzoneClusterImpl-cdbcb096-6118-4bf2-bc8d-5446b0901881/datanode-4/data/ratis/6026da56-1a73-491e-924e-cfd578ac5048/current/log_inprogress_0
2019-09-27 10:01:43,462 [1006a943-b738-48bb-8dca-a3d46061f13e@group-CFD578AC5048-SegmentedRaftLogWorker] INFO  segmented.SegmentedRaftLogWorker (SegmentedRaftLogWorker.java:execute(569)) - 1006a943-b738-48bb-8dca-a3d46061f13e@group-CFD578AC5048-SegmentedRaftLogWorker: created new log segment /workdir/hadoop-ozone/integration-test/target/test-dir/MiniOzoneClusterImpl-cdbcb096-6118-4bf2-bc8d-5446b0901881/datanode-3/data/ratis/6026da56-1a73-491e-924e-cfd578ac5048/current/log_inprogress_0
2019-09-27 10:01:43,740 [main] INFO  ipc.Client (Client.java:handleConnectionFailure(948)) - Retrying connect to server: localhost/127.0.0.1:0. Already tried 9 time(s); retry policy is RetryUpToMaximumCountWithFixedSleep(maxRetries=10, sleepTime=1000 MILLISECONDS)
2019-09-27 10:01:44,742 [main] INFO  ipc.Client (Client.java:handleConnectionFailure(948)) - Retrying connect to server: localhost/127.0.0.1:0. Already tried 0 time(s); retry policy is RetryUpToMaximumCountWithFixedSleep(maxRetries=10, sleepTime=1000 MILLISECONDS)
2019-09-27 10:01:45,744 [main] INFO  ipc.Client (Client.java:handleConnectionFailure(948)) - Retrying connect to server: localhost/127.0.0.1:0. Already tried 1 time(s); retry policy is RetryUpToMaximumCountWithFixedSleep(maxRetries=10, sleepTime=1000 MILLISECONDS)
2019-09-27 10:01:46,745 [main] INFO  ipc.Client (Client.java:handleConnectionFailure(948)) - Retrying connect to server: localhost/127.0.0.1:0. Already tried 2 time(s); retry policy is RetryUpToMaximumCountWithFixedSleep(maxRetries=10, sleepTime=1000 MILLISECONDS)
2019-09-27 10:01:47,747 [main] INFO  ipc.Client (Client.java:handleConnectionFailure(948)) - Retrying connect to server: localhost/127.0.0.1:0. Already tried 3 time(s); retry policy is RetryUpToMaximumCountWithFixedSleep(maxRetries=10, sleepTime=1000 MILLISECONDS)
2019-09-27 10:01:48,749 [main] INFO  ipc.Client (Client.java:handleConnectionFailure(948)) - Retrying connect to server: localhost/127.0.0.1:0. Already tried 4 time(s); retry policy is RetryUpToMaximumCountWithFixedSleep(maxRetries=10, sleepTime=1000 MILLISECONDS)
2019-09-27 10:01:49,750 [main] INFO  ipc.Client (Client.java:handleConnectionFailure(948)) - Retrying connect to server: localhost/127.0.0.1:0. Already tried 5 time(s); retry policy is RetryUpToMaximumCountWithFixedSleep(maxRetries=10, sleepTime=1000 MILLISECONDS)
2019-09-27 10:01:50,752 [main] INFO  ipc.Client (Client.java:handleConnectionFailure(948)) - Retrying connect to server: localhost/127.0.0.1:0. Already tried 6 time(s); retry policy is RetryUpToMaximumCountWithFixedSleep(maxRetries=10, sleepTime=1000 MILLISECONDS)
2019-09-27 10:01:51,753 [main] INFO  ipc.Client (Client.java:handleConnectionFailure(948)) - Retrying connect to server: localhost/127.0.0.1:0. Already tried 7 time(s); retry policy is RetryUpToMaximumCountWithFixedSleep(maxRetries=10, sleepTime=1000 MILLISECONDS)
2019-09-27 10:01:52,755 [main] INFO  ipc.Client (Client.java:handleConnectionFailure(948)) - Retrying connect to server: localhost/127.0.0.1:0. Already tried 8 time(s); retry policy is RetryUpToMaximumCountWithFixedSleep(maxRetries=10, sleepTime=1000 MILLISECONDS)
2019-09-27 10:01:53,757 [main] INFO  ipc.Client (Client.java:handleConnectionFailure(948)) - Retrying connect to server: localhost/127.0.0.1:0. Already tried 9 time(s); retry policy is RetryUpToMaximumCountWithFixedSleep(maxRetries=10, sleepTime=1000 MILLISECONDS)
2019-09-27 10:01:53,759 [main] INFO  retry.RetryInvocationHandler (RetryInvocationHandler.java:log(411)) - com.google.protobuf.ServiceException: java.net.ConnectException: Your endpoint configuration is wrong; For more details see:  http://wiki.apache.org/hadoop/UnsetHostnameOrPort, while invoking $Proxy36.submitRequest over nodeId=null,nodeAddress=127.0.0.1:0 after 1 failover attempts. Trying to failover immediately.
2019-09-27 10:01:54,760 [main] INFO  ipc.Client (Client.java:handleConnectionFailure(948)) - Retrying connect to server: localhost/127.0.0.1:0. Already tried 0 time(s); retry policy is RetryUpToMaximumCountWithFixedSleep(maxRetries=10, sleepTime=1000 MILLISECONDS)
2019-09-27 10:01:55,762 [main] INFO  ipc.Client (Client.java:handleConnectionFailure(948)) - Retrying connect to server: localhost/127.0.0.1:0. Already tried 1 time(s); retry policy is RetryUpToMaximumCountWithFixedSleep(maxRetries=10, sleepTime=1000 MILLISECONDS)
2019-09-27 10:01:56,763 [main] INFO  ipc.Client (Client.java:handleConnectionFailure(948)) - Retrying connect to server: localhost/127.0.0.1:0. Already tried 2 time(s); retry policy is RetryUpToMaximumCountWithFixedSleep(maxRetries=10, sleepTime=1000 MILLISECONDS)
2019-09-27 10:01:57,764 [main] INFO  ipc.Client (Client.java:handleConnectionFailure(948)) - Retrying connect to server: localhost/127.0.0.1:0. Already tried 3 time(s); retry policy is RetryUpToMaximumCountWithFixedSleep(maxRetries=10, sleepTime=1000 MILLISECONDS)
2019-09-27 10:01:58,766 [main] INFO  ipc.Client (Client.java:handleConnectionFailure(948)) - Retrying connect to server: localhost/127.0.0.1:0. Already tried 4 time(s); retry policy is RetryUpToMaximumCountWithFixedSleep(maxRetries=10, sleepTime=1000 MILLISECONDS)
2019-09-27 10:01:59,767 [main] INFO  ipc.Client (Client.java:handleConnectionFailure(948)) - Retrying connect to server: localhost/127.0.0.1:0. Already tried 5 time(s); retry policy is RetryUpToMaximumCountWithFixedSleep(maxRetries=10, sleepTime=1000 MILLISECONDS)
2019-09-27 10:02:00,770 [main] INFO  ipc.Client (Client.java:handleConnectionFailure(948)) - Retrying connect to server: localhost/127.0.0.1:0. Already tried 6 time(s); retry policy is RetryUpToMaximumCountWithFixedSleep(maxRetries=10, sleepTime=1000 MILLISECONDS)
2019-09-27 10:02:01,771 [main] INFO  ipc.Client (Client.java:handleConnectionFailure(948)) - Retrying connect to server: localhost/127.0.0.1:0. Already tried 7 time(s); retry policy is RetryUpToMaximumCountWithFixedSleep(maxRetries=10, sleepTime=1000 MILLISECONDS)
2019-09-27 10:02:02,772 [main] INFO  ipc.Client (Client.java:handleConnectionFailure(948)) - Retrying connect to server: localhost/127.0.0.1:0. Already tried 8 time(s); retry policy is RetryUpToMaximumCountWithFixedSleep(maxRetries=10, sleepTime=1000 MILLISECONDS)
2019-09-27 10:02:03,774 [main] INFO  ipc.Client (Client.java:handleConnectionFailure(948)) - Retrying connect to server: localhost/127.0.0.1:0. Already tried 9 time(s); retry policy is RetryUpToMaximumCountWithFixedSleep(maxRetries=10, sleepTime=1000 MILLISECONDS)
2019-09-27 10:02:03,776 [main] INFO  retry.RetryInvocationHandler (RetryInvocationHandler.java:log(411)) - com.google.protobuf.ServiceException: java.net.ConnectException: Your endpoint configuration is wrong; For more details see:  http://wiki.apache.org/hadoop/UnsetHostnameOrPort, while invoking $Proxy36.submitRequest over nodeId=null,nodeAddress=127.0.0.1:0 after 2 failover attempts. Trying to failover immediately.
2019-09-27 10:02:04,777 [main] INFO  ipc.Client (Client.java:handleConnectionFailure(948)) - Retrying connect to server: localhost/127.0.0.1:0. Already tried 0 time(s); retry policy is RetryUpToMaximumCountWithFixedSleep(maxRetries=10, sleepTime=1000 MILLISECONDS)
2019-09-27 10:02:05,778 [main] INFO  ipc.Client (Client.java:handleConnectionFailure(948)) - Retrying connect to server: localhost/127.0.0.1:0. Already tried 1 time(s); retry policy is RetryUpToMaximumCountWithFixedSleep(maxRetries=10, sleepTime=1000 MILLISECONDS)
2019-09-27 10:02:06,780 [main] INFO  ipc.Client (Client.java:handleConnectionFailure(948)) - Retrying connect to server: localhost/127.0.0.1:0. Already tried 2 time(s); retry policy is RetryUpToMaximumCountWithFixedSleep(maxRetries=10, sleepTime=1000 MILLISECONDS)
2019-09-27 10:02:07,781 [main] INFO  ipc.Client (Client.java:handleConnectionFailure(948)) - Retrying connect to server: localhost/127.0.0.1:0. Already tried 3 time(s); retry policy is RetryUpToMaximumCountWithFixedSleep(maxRetries=10, sleepTime=1000 MILLISECONDS)
2019-09-27 10:02:08,783 [main] INFO  ipc.Client (Client.java:handleConnectionFailure(948)) - Retrying connect to server: localhost/127.0.0.1:0. Already tried 4 time(s); retry policy is RetryUpToMaximumCountWithFixedSleep(maxRetries=10, sleepTime=1000 MILLISECONDS)
2019-09-27 10:02:09,784 [main] INFO  ipc.Client (Client.java:handleConnectionFailure(948)) - Retrying connect to server: localhost/127.0.0.1:0. Already tried 5 time(s); retry policy is RetryUpToMaximumCountWithFixedSleep(maxRetries=10, sleepTime=1000 MILLISECONDS)
2019-09-27 10:02:10,785 [main] INFO  ipc.Client (Client.java:handleConnectionFailure(948)) - Retrying connect to server: localhost/127.0.0.1:0. Already tried 6 time(s); retry policy is RetryUpToMaximumCountWithFixedSleep(maxRetries=10, sleepTime=1000 MILLISECONDS)
2019-09-27 10:02:11,787 [main] INFO  ipc.Client (Client.java:handleConnectionFailure(948)) - Retrying connect to server: localhost/127.0.0.1:0. Already tried 7 time(s); retry policy is RetryUpToMaximumCountWithFixedSleep(maxRetries=10, sleepTime=1000 MILLISECONDS)
2019-09-27 10:02:12,789 [main] INFO  ipc.Client (Client.java:handleConnectionFailure(948)) - Retrying connect to server: localhost/127.0.0.1:0. Already tried 8 time(s); retry policy is RetryUpToMaximumCountWithFixedSleep(maxRetries=10, sleepTime=1000 MILLISECONDS)
2019-09-27 10:02:13,790 [main] INFO  ipc.Client (Client.java:handleConnectionFailure(948)) - Retrying connect to server: localhost/127.0.0.1:0. Already tried 9 time(s); retry policy is RetryUpToMaximumCountWithFixedSleep(maxRetries=10, sleepTime=1000 MILLISECONDS)
2019-09-27 10:02:13,792 [main] INFO  retry.RetryInvocationHandler (RetryInvocationHandler.java:log(411)) - com.google.protobuf.ServiceException: java.net.ConnectException: Your endpoint configuration is wrong; For more details see:  http://wiki.apache.org/hadoop/UnsetHostnameOrPort, while invoking $Proxy36.submitRequest over nodeId=null,nodeAddress=127.0.0.1:0 after 3 failover attempts. Trying to failover immediately.
2019-09-27 10:02:14,794 [main] INFO  ipc.Client (Client.java:handleConnectionFailure(948)) - Retrying connect to server: localhost/127.0.0.1:0. Already tried 0 time(s); retry policy is RetryUpToMaximumCountWithFixedSleep(maxRetries=10, sleepTime=1000 MILLISECONDS)
2019-09-27 10:02:15,796 [main] INFO  ipc.Client (Client.java:handleConnectionFailure(948)) - Retrying connect to server: localhost/127.0.0.1:0. Already tried 1 time(s); retry policy is RetryUpToMaximumCountWithFixedSleep(maxRetries=10, sleepTime=1000 MILLISECONDS)
2019-09-27 10:02:16,797 [main] INFO  ipc.Client (Client.java:handleConnectionFailure(948)) - Retrying connect to server: localhost/127.0.0.1:0. Already tried 2 time(s); retry policy is RetryUpToMaximumCountWithFixedSleep(maxRetries=10, sleepTime=1000 MILLISECONDS)
2019-09-27 10:02:17,799 [main] INFO  ipc.Client (Client.java:handleConnectionFailure(948)) - Retrying connect to server: localhost/127.0.0.1:0. Already tried 3 time(s); retry policy is RetryUpToMaximumCountWithFixedSleep(maxRetries=10, sleepTime=1000 MILLISECONDS)
2019-09-27 10:02:18,800 [main] INFO  ipc.Client (Client.java:handleConnectionFailure(948)) - Retrying connect to server: localhost/127.0.0.1:0. Already tried 4 time(s); retry policy is RetryUpToMaximumCountWithFixedSleep(maxRetries=10, sleepTime=1000 MILLISECONDS)
2019-09-27 10:02:19,801 [main] INFO  ipc.Client (Client.java:handleConnectionFailure(948)) - Retrying connect to server: localhost/127.0.0.1:0. Already tried 5 time(s); retry policy is RetryUpToMaximumCountWithFixedSleep(maxRetries=10, sleepTime=1000 MILLISECONDS)
2019-09-27 10:02:20,803 [main] INFO  ipc.Client (Client.java:handleConnectionFailure(948)) - Retrying connect to server: localhost/127.0.0.1:0. Already tried 6 time(s); retry policy is RetryUpToMaximumCountWithFixedSleep(maxRetries=10, sleepTime=1000 MILLISECONDS)
2019-09-27 10:02:21,804 [main] INFO  ipc.Client (Client.java:handleConnectionFailure(948)) - Retrying connect to server: localhost/127.0.0.1:0. Already tried 7 time(s); retry policy is RetryUpToMaximumCountWithFixedSleep(maxRetries=10, sleepTime=1000 MILLISECONDS)
2019-09-27 10:02:22,805 [main] INFO  ipc.Client (Client.java:handleConnectionFailure(948)) - Retrying connect to server: localhost/127.0.0.1:0. Already tried 8 time(s); retry policy is RetryUpToMaximumCountWithFixedSleep(maxRetries=10, sleepTime=1000 MILLISECONDS)
2019-09-27 10:02:23,807 [main] INFO  ipc.Client (Client.java:handleConnectionFailure(948)) - Retrying connect to server: localhost/127.0.0.1:0. Already tried 9 time(s); retry policy is RetryUpToMaximumCountWithFixedSleep(maxRetries=10, sleepTime=1000 MILLISECONDS)
2019-09-27 10:02:23,810 [main] INFO  retry.RetryInvocationHandler (RetryInvocationHandler.java:log(411)) - com.google.protobuf.ServiceException: java.net.ConnectException: Your endpoint configuration is wrong; For more details see:  http://wiki.apache.org/hadoop/UnsetHostnameOrPort, while invoking $Proxy36.submitRequest over nodeId=null,nodeAddress=127.0.0.1:0 after 4 failover attempts. Trying to failover immediately.
2019-09-27 10:02:24,834 [main] INFO  ipc.Client (Client.java:handleConnectionFailure(948)) - Retrying connect to server: localhost/127.0.0.1:0. Already tried 0 time(s); retry policy is RetryUpToMaximumCountWithFixedSleep(maxRetries=10, sleepTime=1000 MILLISECONDS)
2019-09-27 10:02:25,836 [main] INFO  ipc.Client (Client.java:handleConnectionFailure(948)) - Retrying connect to server: localhost/127.0.0.1:0. Already tried 1 time(s); retry policy is RetryUpToMaximumCountWithFixedSleep(maxRetries=10, sleepTime=1000 MILLISECONDS)
2019-09-27 10:02:26,838 [main] INFO  ipc.Client (Client.java:handleConnectionFailure(948)) - Retrying connect to server: localhost/127.0.0.1:0. Already tried 2 time(s); retry policy is RetryUpToMaximumCountWithFixedSleep(maxRetries=10, sleepTime=1000 MILLISECONDS)
2019-09-27 10:02:27,841 [main] INFO  ipc.Client (Client.java:handleConnectionFailure(948)) - Retrying connect to server: localhost/127.0.0.1:0. Already tried 3 time(s); retry policy is RetryUpToMaximumCountWithFixedSleep(maxRetries=10, sleepTime=1000 MILLISECONDS)
2019-09-27 10:02:28,843 [main] INFO  ipc.Client (Client.java:handleConnectionFailure(948)) - Retrying connect to server: localhost/127.0.0.1:0. Already tried 4 time(s); retry policy is RetryUpToMaximumCountWithFixedSleep(maxRetries=10, sleepTime=1000 MILLISECONDS)
2019-09-27 10:02:29,844 [main] INFO  ipc.Client (Client.java:handleConnectionFailure(948)) - Retrying connect to server: localhost/127.0.0.1:0. Already tried 5 time(s); retry policy is RetryUpToMaximumCountWithFixedSleep(maxRetries=10, sleepTime=1000 MILLISECONDS)
2019-09-27 10:02:30,846 [main] INFO  ipc.Client (Client.java:handleConnectionFailure(948)) - Retrying connect to server: localhost/127.0.0.1:0. Already tried 6 time(s); retry policy is RetryUpToMaximumCountWithFixedSleep(maxRetries=10, sleepTime=1000 MILLISECONDS)
2019-09-27 10:02:31,847 [main] INFO  ipc.Client (Client.java:handleConnectionFailure(948)) - Retrying connect to server: localhost/127.0.0.1:0. Already tried 7 time(s); retry policy is RetryUpToMaximumCountWithFixedSleep(maxRetries=10, sleepTime=1000 MILLISECONDS)
2019-09-27 10:02:32,848 [main] INFO  ipc.Client (Client.java:handleConnectionFailure(948)) - Retrying connect to server: localhost/127.0.0.1:0. Already tried 8 time(s); retry policy is RetryUpToMaximumCountWithFixedSleep(maxRetries=10, sleepTime=1000 MILLISECONDS)
2019-09-27 10:02:33,850 [main] INFO  ipc.Client (Client.java:handleConnectionFailure(948)) - Retrying connect to server: localhost/127.0.0.1:0. Already tried 9 time(s); retry policy is RetryUpToMaximumCountWithFixedSleep(maxRetries=10, sleepTime=1000 MILLISECONDS)
2019-09-27 10:02:33,852 [main] INFO  retry.RetryInvocationHandler (RetryInvocationHandler.java:log(411)) - com.google.protobuf.ServiceException: java.net.ConnectException: Your endpoint configuration is wrong; For more details see:  http://wiki.apache.org/hadoop/UnsetHostnameOrPort, while invoking $Proxy36.submitRequest over nodeId=null,nodeAddress=127.0.0.1:0 after 5 failover attempts. Trying to failover immediately.
2019-09-27 10:02:34,853 [main] INFO  ipc.Client (Client.java:handleConnectionFailure(948)) - Retrying connect to server: localhost/127.0.0.1:0. Already tried 0 time(s); retry policy is RetryUpToMaximumCountWithFixedSleep(maxRetries=10, sleepTime=1000 MILLISECONDS)
2019-09-27 10:02:35,854 [main] INFO  ipc.Client (Client.java:handleConnectionFailure(948)) - Retrying connect to server: localhost/127.0.0.1:0. Already tried 1 time(s); retry policy is RetryUpToMaximumCountWithFixedSleep(maxRetries=10, sleepTime=1000 MILLISECONDS)
2019-09-27 10:02:36,856 [main] INFO  ipc.Client (Client.java:handleConnectionFailure(948)) - Retrying connect to server: localhost/127.0.0.1:0. Already tried 2 time(s); retry policy is RetryUpToMaximumCountWithFixedSleep(maxRetries=10, sleepTime=1000 MILLISECONDS)
2019-09-27 10:02:37,857 [main] INFO  ipc.Client (Client.java:handleConnectionFailure(948)) - Retrying connect to server: localhost/127.0.0.1:0. Already tried 3 time(s); retry policy is RetryUpToMaximumCountWithFixedSleep(maxRetries=10, sleepTime=1000 MILLISECONDS)
2019-09-27 10:02:38,858 [main] INFO  ipc.Client (Client.java:handleConnectionFailure(948)) - Retrying connect to server: localhost/127.0.0.1:0. Already tried 4 time(s); retry policy is RetryUpToMaximumCountWithFixedSleep(maxRetries=10, sleepTime=1000 MILLISECONDS)
2019-09-27 10:02:39,860 [main] INFO  ipc.Client (Client.java:handleConnectionFailure(948)) - Retrying connect to server: localhost/127.0.0.1:0. Already tried 5 time(s); retry policy is RetryUpToMaximumCountWithFixedSleep(maxRetries=10, sleepTime=1000 MILLISECONDS)
2019-09-27 10:02:40,861 [main] INFO  ipc.Client (Client.java:handleConnectionFailure(948)) - Retrying connect to server: localhost/127.0.0.1:0. Already tried 6 time(s); retry policy is RetryUpToMaximumCountWithFixedSleep(maxRetries=10, sleepTime=1000 MILLISECONDS)
2019-09-27 10:02:41,863 [main] INFO  ipc.Client (Client.java:handleConnectionFailure(948)) - Retrying connect to server: localhost/127.0.0.1:0. Already tried 7 time(s); retry policy is RetryUpToMaximumCountWithFixedSleep(maxRetries=10, sleepTime=1000 MILLISECONDS)
2019-09-27 10:02:42,864 [main] INFO  ipc.Client (Client.java:handleConnectionFailure(948)) - Retrying connect to server: localhost/127.0.0.1:0. Already tried 8 time(s); retry policy is RetryUpToMaximumCountWithFixedSleep(maxRetries=10, sleepTime=1000 MILLISECONDS)
2019-09-27 10:02:43,865 [main] INFO  ipc.Client (Client.java:handleConnectionFailure(948)) - Retrying connect to server: localhost/127.0.0.1:0. Already tried 9 time(s); retry policy is RetryUpToMaximumCountWithFixedSleep(maxRetries=10, sleepTime=1000 MILLISECONDS)
2019-09-27 10:02:43,867 [main] INFO  retry.RetryInvocationHandler (RetryInvocationHandler.java:log(411)) - com.google.protobuf.ServiceException: java.net.ConnectException: Your endpoint configuration is wrong; For more details see:  http://wiki.apache.org/hadoop/UnsetHostnameOrPort, while invoking $Proxy36.submitRequest over nodeId=null,nodeAddress=127.0.0.1:0 after 6 failover attempts. Trying to failover immediately.
2019-09-27 10:02:44,868 [main] INFO  ipc.Client (Client.java:handleConnectionFailure(948)) - Retrying connect to server: localhost/127.0.0.1:0. Already tried 0 time(s); retry policy is RetryUpToMaximumCountWithFixedSleep(maxRetries=10, sleepTime=1000 MILLISECONDS)
2019-09-27 10:02:45,870 [main] INFO  ipc.Client (Client.java:handleConnectionFailure(948)) - Retrying connect to server: localhost/127.0.0.1:0. Already tried 1 time(s); retry policy is RetryUpToMaximumCountWithFixedSleep(maxRetries=10, sleepTime=1000 MILLISECONDS)
2019-09-27 10:02:46,871 [main] INFO  ipc.Client (Client.java:handleConnectionFailure(948)) - Retrying connect to server: localhost/127.0.0.1:0. Already tried 2 time(s); retry policy is RetryUpToMaximumCountWithFixedSleep(maxRetries=10, sleepTime=1000 MILLISECONDS)
2019-09-27 10:02:47,872 [main] INFO  ipc.Client (Client.java:handleConnectionFailure(948)) - Retrying connect to server: localhost/127.0.0.1:0. Already tried 3 time(s); retry policy is RetryUpToMaximumCountWithFixedSleep(maxRetries=10, sleepTime=1000 MILLISECONDS)
2019-09-27 10:02:48,874 [main] INFO  ipc.Client (Client.java:handleConnectionFailure(948)) - Retrying connect to server: localhost/127.0.0.1:0. Already tried 4 time(s); retry policy is RetryUpToMaximumCountWithFixedSleep(maxRetries=10, sleepTime=1000 MILLISECONDS)
2019-09-27 10:02:49,875 [main] INFO  ipc.Client (Client.java:handleConnectionFailure(948)) - Retrying connect to server: localhost/127.0.0.1:0. Already tried 5 time(s); retry policy is RetryUpToMaximumCountWithFixedSleep(maxRetries=10, sleepTime=1000 MILLISECONDS)
2019-09-27 10:02:50,881 [main] INFO  ipc.Client (Client.java:handleConnectionFailure(948)) - Retrying connect to server: localhost/127.0.0.1:0. Already tried 6 time(s); retry policy is RetryUpToMaximumCountWithFixedSleep(maxRetries=10, sleepTime=1000 MILLISECONDS)
2019-09-27 10:02:51,882 [main] INFO  ipc.Client (Client.java:handleConnectionFailure(948)) - Retrying connect to server: localhost/127.0.0.1:0. Already tried 7 time(s); retry policy is RetryUpToMaximumCountWithFixedSleep(maxRetries=10, sleepTime=1000 MILLISECONDS)
2019-09-27 10:02:52,884 [main] INFO  ipc.Client (Client.java:handleConnectionFailure(948)) - Retrying connect to server: localhost/127.0.0.1:0. Already tried 8 time(s); retry policy is RetryUpToMaximumCountWithFixedSleep(maxRetries=10, sleepTime=1000 MILLISECONDS)
2019-09-27 10:02:53,885 [main] INFO  ipc.Client (Client.java:handleConnectionFailure(948)) - Retrying connect to server: localhost/127.0.0.1:0. Already tried 9 time(s); retry policy is RetryUpToMaximumCountWithFixedSleep(maxRetries=10, sleepTime=1000 MILLISECONDS)
2019-09-27 10:02:53,886 [main] INFO  retry.RetryInvocationHandler (RetryInvocationHandler.java:log(411)) - com.google.protobuf.ServiceException: java.net.ConnectException: Your endpoint configuration is wrong; For more details see:  http://wiki.apache.org/hadoop/UnsetHostnameOrPort, while invoking $Proxy36.submitRequest over nodeId=null,nodeAddress=127.0.0.1:0 after 7 failover attempts. Trying to failover immediately.
2019-09-27 10:02:54,887 [main] INFO  ipc.Client (Client.java:handleConnectionFailure(948)) - Retrying connect to server: localhost/127.0.0.1:0. Already tried 0 time(s); retry policy is RetryUpToMaximumCountWithFixedSleep(maxRetries=10, sleepTime=1000 MILLISECONDS)
2019-09-27 10:02:55,889 [main] INFO  ipc.Client (Client.java:handleConnectionFailure(948)) - Retrying connect to server: localhost/127.0.0.1:0. Already tried 1 time(s); retry policy is RetryUpToMaximumCountWithFixedSleep(maxRetries=10, sleepTime=1000 MILLISECONDS)
2019-09-27 10:02:56,890 [main] INFO  ipc.Client (Client.java:handleConnectionFailure(948)) - Retrying connect to server: localhost/127.0.0.1:0. Already tried 2 time(s); retry policy is RetryUpToMaximumCountWithFixedSleep(maxRetries=10, sleepTime=1000 MILLISECONDS)
2019-09-27 10:02:57,891 [main] INFO  ipc.Client (Client.java:handleConnectionFailure(948)) - Retrying connect to server: localhost/127.0.0.1:0. Already tried 3 time(s); retry policy is RetryUpToMaximumCountWithFixedSleep(maxRetries=10, sleepTime=1000 MILLISECONDS)
2019-09-27 10:02:58,893 [main] INFO  ipc.Client (Client.java:handleConnectionFailure(948)) - Retrying connect to server: localhost/127.0.0.1:0. Already tried 4 time(s); retry policy is RetryUpToMaximumCountWithFixedSleep(maxRetries=10, sleepTime=1000 MILLISECONDS)
2019-09-27 10:02:59,894 [main] INFO  ipc.Client (Client.java:handleConnectionFailure(948)) - Retrying connect to server: localhost/127.0.0.1:0. Already tried 5 time(s); retry policy is RetryUpToMaximumCountWithFixedSleep(maxRetries=10, sleepTime=1000 MILLISECONDS)
2019-09-27 10:03:00,896 [main] INFO  ipc.Client (Client.java:handleConnectionFailure(948)) - Retrying connect to server: localhost/127.0.0.1:0. Already tried 6 time(s); retry policy is RetryUpToMaximumCountWithFixedSleep(maxRetries=10, sleepTime=1000 MILLISECONDS)
2019-09-27 10:03:01,897 [main] INFO  ipc.Client (Client.java:handleConnectionFailure(948)) - Retrying connect to server: localhost/127.0.0.1:0. Already tried 7 time(s); retry policy is RetryUpToMaximumCountWithFixedSleep(maxRetries=10, sleepTime=1000 MILLISECONDS)
2019-09-27 10:03:02,899 [main] INFO  ipc.Client (Client.java:handleConnectionFailure(948)) - Retrying connect to server: localhost/127.0.0.1:0. Already tried 8 time(s); retry policy is RetryUpToMaximumCountWithFixedSleep(maxRetries=10, sleepTime=1000 MILLISECONDS)
2019-09-27 10:03:03,900 [main] INFO  ipc.Client (Client.java:handleConnectionFailure(948)) - Retrying connect to server: localhost/127.0.0.1:0. Already tried 9 time(s); retry policy is RetryUpToMaximumCountWithFixedSleep(maxRetries=10, sleepTime=1000 MILLISECONDS)
2019-09-27 10:03:03,902 [main] INFO  retry.RetryInvocationHandler (RetryInvocationHandler.java:log(411)) - com.google.protobuf.ServiceException: java.net.ConnectException: Your endpoint configuration is wrong; For more details see:  http://wiki.apache.org/hadoop/UnsetHostnameOrPort, while invoking $Proxy36.submitRequest over nodeId=null,nodeAddress=127.0.0.1:0 after 8 failover attempts. Trying to failover immediately.
2019-09-27 10:03:04,903 [main] INFO  ipc.Client (Client.java:handleConnectionFailure(948)) - Retrying connect to server: localhost/127.0.0.1:0. Already tried 0 time(s); retry policy is RetryUpToMaximumCountWithFixedSleep(maxRetries=10, sleepTime=1000 MILLISECONDS)
2019-09-27 10:03:05,905 [main] INFO  ipc.Client (Client.java:handleConnectionFailure(948)) - Retrying connect to server: localhost/127.0.0.1:0. Already tried 1 time(s); retry policy is RetryUpToMaximumCountWithFixedSleep(maxRetries=10, sleepTime=1000 MILLISECONDS)
2019-09-27 10:03:06,906 [main] INFO  ipc.Client (Client.java:handleConnectionFailure(948)) - Retrying connect to server: localhost/127.0.0.1:0. Already tried 2 time(s); retry policy is RetryUpToMaximumCountWithFixedSleep(maxRetries=10, sleepTime=1000 MILLISECONDS)
2019-09-27 10:03:07,908 [main] INFO  ipc.Client (Client.java:handleConnectionFailure(948)) - Retrying connect to server: localhost/127.0.0.1:0. Already tried 3 time(s); retry policy is RetryUpToMaximumCountWithFixedSleep(maxRetries=10, sleepTime=1000 MILLISECONDS)
2019-09-27 10:03:08,909 [main] INFO  ipc.Client (Client.java:handleConnectionFailure(948)) - Retrying connect to server: localhost/127.0.0.1:0. Already tried 4 time(s); retry policy is RetryUpToMaximumCountWithFixedSleep(maxRetries=10, sleepTime=1000 MILLISECONDS)
2019-09-27 10:03:09,911 [main] INFO  ipc.Client (Client.java:handleConnectionFailure(948)) - Retrying connect to server: localhost/127.0.0.1:0. Already tried 5 time(s); retry policy is RetryUpToMaximumCountWithFixedSleep(maxRetries=10, sleepTime=1000 MILLISECONDS)
2019-09-27 10:03:10,912 [main] INFO  ipc.Client (Client.java:handleConnectionFailure(948)) - Retrying connect to server: localhost/127.0.0.1:0. Already tried 6 time(s); retry policy is RetryUpToMaximumCountWithFixedSleep(maxRetries=10, sleepTime=1000 MILLISECONDS)
2019-09-27 10:03:11,914 [main] INFO  ipc.Client (Client.java:handleConnectionFailure(948)) - Retrying connect to server: localhost/127.0.0.1:0. Already tried 7 time(s); retry policy is RetryUpToMaximumCountWithFixedSleep(maxRetries=10, sleepTime=1000 MILLISECONDS)
2019-09-27 10:03:12,915 [main] INFO  ipc.Client (Client.java:handleConnectionFailure(948)) - Retrying connect to server: localhost/127.0.0.1:0. Already tried 8 time(s); retry policy is RetryUpToMaximumCountWithFixedSleep(maxRetries=10, sleepTime=1000 MILLISECONDS)
2019-09-27 10:03:13,917 [main] INFO  ipc.Client (Client.java:handleConnectionFailure(948)) - Retrying connect to server: localhost/127.0.0.1:0. Already tried 9 time(s); retry policy is RetryUpToMaximumCountWithFixedSleep(maxRetries=10, sleepTime=1000 MILLISECONDS)
2019-09-27 10:03:13,919 [main] INFO  retry.RetryInvocationHandler (RetryInvocationHandler.java:log(411)) - com.google.protobuf.ServiceException: java.net.ConnectException: Your endpoint configuration is wrong; For more details see:  http://wiki.apache.org/hadoop/UnsetHostnameOrPort, while invoking $Proxy36.submitRequest over nodeId=null,nodeAddress=127.0.0.1:0 after 9 failover attempts. Trying to failover immediately.
2019-09-27 10:03:14,920 [main] INFO  ipc.Client (Client.java:handleConnectionFailure(948)) - Retrying connect to server: localhost/127.0.0.1:0. Already tried 0 time(s); retry policy is RetryUpToMaximumCountWithFixedSleep(maxRetries=10, sleepTime=1000 MILLISECONDS)
2019-09-27 10:03:15,921 [main] INFO  ipc.Client (Client.java:handleConnectionFailure(948)) - Retrying connect to server: localhost/127.0.0.1:0. Already tried 1 time(s); retry policy is RetryUpToMaximumCountWithFixedSleep(maxRetries=10, sleepTime=1000 MILLISECONDS)
2019-09-27 10:03:16,923 [main] INFO  ipc.Client (Client.java:handleConnectionFailure(948)) - Retrying connect to server: localhost/127.0.0.1:0. Already tried 2 time(s); retry policy is RetryUpToMaximumCountWithFixedSleep(maxRetries=10, sleepTime=1000 MILLISECONDS)
2019-09-27 10:03:17,924 [main] INFO  ipc.Client (Client.java:handleConnectionFailure(948)) - Retrying connect to server: localhost/127.0.0.1:0. Already tried 3 time(s); retry policy is RetryUpToMaximumCountWithFixedSleep(maxRetries=10, sleepTime=1000 MILLISECONDS)
2019-09-27 10:03:18,925 [main] INFO  ipc.Client (Client.java:handleConnectionFailure(948)) - Retrying connect to server: localhost/127.0.0.1:0. Already tried 4 time(s); retry policy is RetryUpToMaximumCountWithFixedSleep(maxRetries=10, sleepTime=1000 MILLISECONDS)
2019-09-27 10:03:19,927 [main] INFO  ipc.Client (Client.java:handleConnectionFailure(948)) - Retrying connect to server: localhost/127.0.0.1:0. Already tried 5 time(s); retry policy is RetryUpToMaximumCountWithFixedSleep(maxRetries=10, sleepTime=1000 MILLISECONDS)
2019-09-27 10:03:20,928 [main] INFO  ipc.Client (Client.java:handleConnectionFailure(948)) - Retrying connect to server: localhost/127.0.0.1:0. Already tried 6 time(s); retry policy is RetryUpToMaximumCountWithFixedSleep(maxRetries=10, sleepTime=1000 MILLISECONDS)
2019-09-27 10:03:21,930 [main] INFO  ipc.Client (Client.java:handleConnectionFailure(948)) - Retrying connect to server: localhost/127.0.0.1:0. Already tried 7 time(s); retry policy is RetryUpToMaximumCountWithFixedSleep(maxRetries=10, sleepTime=1000 MILLISECONDS)
2019-09-27 10:03:22,931 [main] INFO  ipc.Client (Client.java:handleConnectionFailure(948)) - Retrying connect to server: localhost/127.0.0.1:0. Already tried 8 time(s); retry policy is RetryUpToMaximumCountWithFixedSleep(maxRetries=10, sleepTime=1000 MILLISECONDS)
2019-09-27 10:03:23,932 [main] INFO  ipc.Client (Client.java:handleConnectionFailure(948)) - Retrying connect to server: localhost/127.0.0.1:0. Already tried 9 time(s); retry policy is RetryUpToMaximumCountWithFixedSleep(maxRetries=10, sleepTime=1000 MILLISECONDS)
2019-09-27 10:03:23,934 [main] ERROR ha.OMFailoverProxyProvider (OzoneManagerProtocolClientSideTranslatorPB.java:getRetryAction(268)) - Failed to connect to OM. Attempted 10 retries and 10 failovers
2019-09-27 10:03:23,935 [main] ERROR client.OzoneClientFactory (OzoneClientFactory.java:getClientProtocol(259)) - Couldn't create RpcClient protocol exception: 
java.net.ConnectException: Your endpoint configuration is wrong; For more details see:  http://wiki.apache.org/hadoop/UnsetHostnameOrPort
	at sun.reflect.GeneratedConstructorAccessor32.newInstance(Unknown Source)
	at sun.reflect.DelegatingConstructorAccessorImpl.newInstance(DelegatingConstructorAccessorImpl.java:45)
	at java.lang.reflect.Constructor.newInstance(Constructor.java:423)
	at org.apache.hadoop.net.NetUtils.wrapWithMessage(NetUtils.java:831)
	at org.apache.hadoop.net.NetUtils.wrapException(NetUtils.java:751)
	at org.apache.hadoop.ipc.Client.getRpcResponse(Client.java:1515)
	at org.apache.hadoop.ipc.Client.call(Client.java:1457)
	at org.apache.hadoop.ipc.Client.call(Client.java:1367)
	at org.apache.hadoop.ipc.ProtobufRpcEngine$Invoker.invoke(ProtobufRpcEngine.java:228)
	at org.apache.hadoop.ipc.ProtobufRpcEngine$Invoker.invoke(ProtobufRpcEngine.java:116)
	at com.sun.proxy.$Proxy36.submitRequest(Unknown Source)
	at sun.reflect.GeneratedMethodAccessor24.invoke(Unknown Source)
	at sun.reflect.DelegatingMethodAccessorImpl.invoke(DelegatingMethodAccessorImpl.java:43)
	at java.lang.reflect.Method.invoke(Method.java:498)
	at org.apache.hadoop.io.retry.RetryInvocationHandler.invokeMethod(RetryInvocationHandler.java:422)
	at org.apache.hadoop.io.retry.RetryInvocationHandler$Call.invokeMethod(RetryInvocationHandler.java:165)
	at org.apache.hadoop.io.retry.RetryInvocationHandler$Call.invoke(RetryInvocationHandler.java:157)
	at org.apache.hadoop.io.retry.RetryInvocationHandler$Call.invokeOnce(RetryInvocationHandler.java:95)
	at org.apache.hadoop.io.retry.RetryInvocationHandler.invoke(RetryInvocationHandler.java:359)
	at com.sun.proxy.$Proxy36.submitRequest(Unknown Source)
	at org.apache.hadoop.ozone.om.protocolPB.OzoneManagerProtocolClientSideTranslatorPB.submitRequest(OzoneManagerProtocolClientSideTranslatorPB.java:338)
	at org.apache.hadoop.ozone.om.protocolPB.OzoneManagerProtocolClientSideTranslatorPB.getServiceInfo(OzoneManagerProtocolClientSideTranslatorPB.java:1223)
	at sun.reflect.NativeMethodAccessorImpl.invoke0(Native Method)
	at sun.reflect.NativeMethodAccessorImpl.invoke(NativeMethodAccessorImpl.java:62)
	at sun.reflect.DelegatingMethodAccessorImpl.invoke(DelegatingMethodAccessorImpl.java:43)
	at java.lang.reflect.Method.invoke(Method.java:498)
	at org.apache.hadoop.hdds.tracing.TraceAllMethod.invoke(TraceAllMethod.java:66)
	at com.sun.proxy.$Proxy37.getServiceInfo(Unknown Source)
	at org.apache.hadoop.ozone.client.rpc.RpcClient.<init>(RpcClient.java:154)
	at org.apache.hadoop.ozone.client.OzoneClientFactory.getClientProtocol(OzoneClientFactory.java:256)
	at org.apache.hadoop.ozone.client.OzoneClientFactory.getClientProtocol(OzoneClientFactory.java:239)
	at org.apache.hadoop.ozone.client.OzoneClientFactory.getClient(OzoneClientFactory.java:75)
	at org.apache.hadoop.ozone.client.rpc.TestOzoneClientRetriesOnException.init(TestOzoneClientRetriesOnException.java:102)
	at sun.reflect.NativeMethodAccessorImpl.invoke0(Native Method)
	at sun.reflect.NativeMethodAccessorImpl.invoke(NativeMethodAccessorImpl.java:62)
	at sun.reflect.DelegatingMethodAccessorImpl.invoke(DelegatingMethodAccessorImpl.java:43)
	at java.lang.reflect.Method.invoke(Method.java:498)
	at org.junit.runners.model.FrameworkMethod$1.runReflectiveCall(FrameworkMethod.java:47)
	at org.junit.internal.runners.model.ReflectiveCallable.run(ReflectiveCallable.java:12)
	at org.junit.runners.model.FrameworkMethod.invokeExplosively(FrameworkMethod.java:44)
	at org.junit.internal.runners.statements.RunBefores.evaluate(RunBefores.java:24)
	at org.junit.internal.runners.statements.RunAfters.evaluate(RunAfters.java:27)
	at org.junit.runners.ParentRunner.runLeaf(ParentRunner.java:271)
	at org.junit.runners.BlockJUnit4ClassRunner.runChild(BlockJUnit4ClassRunner.java:70)
	at org.junit.runners.BlockJUnit4ClassRunner.runChild(BlockJUnit4ClassRunner.java:50)
	at org.junit.runners.ParentRunner$3.run(ParentRunner.java:238)
	at org.junit.runners.ParentRunner$1.schedule(ParentRunner.java:63)
	at org.junit.runners.ParentRunner.runChildren(ParentRunner.java:236)
	at org.junit.runners.ParentRunner.access$000(ParentRunner.java:53)
	at org.junit.runners.ParentRunner$2.evaluate(ParentRunner.java:229)
	at org.junit.runners.ParentRunner.run(ParentRunner.java:309)
	at org.apache.maven.surefire.junit4.JUnit4Provider.execute(JUnit4Provider.java:365)
	at org.apache.maven.surefire.junit4.JUnit4Provider.executeWithRerun(JUnit4Provider.java:273)
	at org.apache.maven.surefire.junit4.JUnit4Provider.executeTestSet(JUnit4Provider.java:238)
	at org.apache.maven.surefire.junit4.JUnit4Provider.invoke(JUnit4Provider.java:159)
	at org.apache.maven.surefire.booter.ForkedBooter.invokeProviderInSameClassLoader(ForkedBooter.java:384)
	at org.apache.maven.surefire.booter.ForkedBooter.runSuitesInProcess(ForkedBooter.java:345)
	at org.apache.maven.surefire.booter.ForkedBooter.execute(ForkedBooter.java:126)
	at org.apache.maven.surefire.booter.ForkedBooter.main(ForkedBooter.java:418)
Caused by: java.net.ConnectException: Connection refused
	at sun.nio.ch.SocketChannelImpl.checkConnect(Native Method)
	at sun.nio.ch.SocketChannelImpl.finishConnect(SocketChannelImpl.java:717)
	at org.apache.hadoop.net.SocketIOWithTimeout.connect(SocketIOWithTimeout.java:206)
	at org.apache.hadoop.net.NetUtils.connect(NetUtils.java:531)
	at org.apache.hadoop.ipc.Client$Connection.setupConnection(Client.java:690)
	at org.apache.hadoop.ipc.Client$Connection.setupIOstreams(Client.java:794)
	at org.apache.hadoop.ipc.Client$Connection.access$3700(Client.java:411)
	at org.apache.hadoop.ipc.Client.getConnection(Client.java:1572)
	at org.apache.hadoop.ipc.Client.call(Client.java:1403)
	... 52 more
2019-09-27 10:03:23,937 [main] INFO  ozone.MiniOzoneClusterImpl (MiniOzoneClusterImpl.java:shutdown(314)) - Shutting down the Mini Ozone Cluster
2019-09-27 10:03:23,938 [main] INFO  ozone.MiniOzoneClusterImpl (MiniOzoneClusterImpl.java:stop(330)) - Stopping the Mini Ozone Cluster
2019-09-27 10:03:23,938 [main] INFO  ozone.MiniOzoneClusterImpl (MiniOzoneClusterImpl.java:stopOM(400)) - Stopping the OzoneManager
2019-09-27 10:03:23,938 [main] INFO  ipc.Server (Server.java:stop(3082)) - Stopping server on 44507
2019-09-27 10:03:23,957 [IPC Server listener on 44507] INFO  ipc.Server (Server.java:run(1185)) - Stopping IPC Server listener on 44507
2019-09-27 10:03:23,968 [IPC Server Responder] INFO  ipc.Server (Server.java:run(1319)) - Stopping IPC Server Responder
2019-09-27 10:03:23,968 [main] INFO  ratis.OzoneManagerDoubleBuffer (OzoneManagerDoubleBuffer.java:stop(248)) - Stopping OMDoubleBuffer flush thread
2019-09-27 10:03:23,986 [OMDoubleBufferFlushThread] INFO  ratis.OzoneManagerDoubleBuffer (OzoneManagerDoubleBuffer.java:flushTransactions(191)) - OMDoubleBuffer flush thread OMDoubleBufferFlushThread is interrupted and will exit. OMDoubleBufferFlushThread
2019-09-27 10:03:23,987 [main] INFO  utils.BackgroundService (BackgroundService.java:shutdown(148)) - Shutting down service KeyDeletingService
2019-09-27 10:03:23,990 [main] INFO  handler.ContextHandler (ContextHandler.java:doStop(910)) - Stopped o.e.j.w.WebAppContext@56f730b2{/,null,UNAVAILABLE}{/ozoneManager}
2019-09-27 10:03:23,991 [main] INFO  server.AbstractConnector (AbstractConnector.java:doStop(318)) - Stopped ServerConnector@47311277{HTTP/1.1,[http/1.1]}{0.0.0.0:0}
2019-09-27 10:03:23,992 [main] INFO  handler.ContextHandler (ContextHandler.java:doStop(910)) - Stopped o.e.j.s.ServletContextHandler@36baa049{/static,file:///workdir/hadoop-ozone/integration-test/target/test-classes/webapps/static,UNAVAILABLE}
2019-09-27 10:03:23,992 [main] INFO  handler.ContextHandler (ContextHandler.java:doStop(910)) - Stopped o.e.j.s.ServletContextHandler@57545c3f{/logs,file:///workdir/hadoop-ozone/integration-test/target/log,UNAVAILABLE}
2019-09-27 10:03:23,996 [main] INFO  ozone.MiniOzoneClusterImpl (MiniOzoneClusterImpl.java:stopDatanodes(377)) - Stopping the HddsDatanodes
2019-09-27 10:03:24,425 [Datanode State Machine Thread - 0] INFO  statemachine.DatanodeStateMachine (DatanodeStateMachine.java:lambda$startDaemon$0(350)) - Ozone container server started.
2019-09-27 10:03:24,602 [Datanode State Machine Thread - 0] INFO  statemachine.DatanodeStateMachine (DatanodeStateMachine.java:lambda$startDaemon$0(350)) - Ozone container server started.
2019-09-27 10:03:28,998 [main] INFO  ozoneimpl.OzoneContainer (OzoneContainer.java:stop(231)) - Attempting to stop container services.
2019-09-27 10:03:28,998 [ForkJoinPool.commonPool-worker-0] INFO  ozoneimpl.OzoneContainer (OzoneContainer.java:stop(231)) - Attempting to stop container services.
2019-09-27 10:03:28,999 [main] INFO  impl.RaftServerProxy (RaftServerProxy.java:lambda$close$4(314)) - ca69c954-0527-45b8-aa74-abb1f8453a40: close
2019-09-27 10:03:28,999 [ForkJoinPool.commonPool-worker-0] INFO  impl.RaftServerProxy (RaftServerProxy.java:lambda$close$4(314)) - d0aee7ae-f9ea-4c15-9e81-76cf25fa0665: close
2019-09-27 10:03:29,000 [main] INFO  impl.RaftServerImpl (RaftServerImpl.java:lambda$shutdown$3(251)) - ca69c954-0527-45b8-aa74-abb1f8453a40@group-CFD578AC5048: shutdown
2019-09-27 10:03:29,000 [ForkJoinPool.commonPool-worker-0] INFO  impl.RaftServerImpl (RaftServerImpl.java:lambda$shutdown$3(251)) - d0aee7ae-f9ea-4c15-9e81-76cf25fa0665@group-891BE9262B2B: shutdown
2019-09-27 10:03:29,001 [main] INFO  util.JmxRegister (JmxRegister.java:unregister(73)) - Successfully un-registered JMX Bean with object name Ratis:service=RaftServer,group=group-CFD578AC5048,id=ca69c954-0527-45b8-aa74-abb1f8453a40
2019-09-27 10:03:29,001 [ForkJoinPool.commonPool-worker-0] INFO  util.JmxRegister (JmxRegister.java:unregister(73)) - Successfully un-registered JMX Bean with object name Ratis:service=RaftServer,group=group-891BE9262B2B,id=d0aee7ae-f9ea-4c15-9e81-76cf25fa0665
2019-09-27 10:03:29,002 [main] INFO  impl.RoleInfo (RoleInfo.java:shutdownFollowerState(121)) - ca69c954-0527-45b8-aa74-abb1f8453a40: shutdown FollowerState
2019-09-27 10:03:29,002 [ForkJoinPool.commonPool-worker-0] INFO  impl.RoleInfo (RoleInfo.java:shutdownLeaderState(104)) - d0aee7ae-f9ea-4c15-9e81-76cf25fa0665: shutdown LeaderState
2019-09-27 10:03:29,003 [Thread-860] INFO  impl.FollowerState (FollowerState.java:run(115)) - ca69c954-0527-45b8-aa74-abb1f8453a40: FollowerState was interrupted: java.lang.InterruptedException: sleep interrupted
2019-09-27 10:03:29,003 [main] INFO  impl.StateMachineUpdater (StateMachineUpdater.java:stopAndJoin(125)) - ca69c954-0527-45b8-aa74-abb1f8453a40@group-CFD578AC5048-StateMachineUpdater: set stopIndex = 0
2019-09-27 10:03:29,007 [main] INFO  impl.RaftServerImpl (ServerState.java:close(385)) - ca69c954-0527-45b8-aa74-abb1f8453a40@group-CFD578AC5048: closes. applyIndex: 0
2019-09-27 10:03:29,003 [ForkJoinPool.commonPool-worker-0] INFO  impl.PendingRequests (PendingRequests.java:sendNotLeaderResponses(202)) - d0aee7ae-f9ea-4c15-9e81-76cf25fa0665-PendingRequests: sendNotLeaderResponses
2019-09-27 10:03:29,008 [ca69c954-0527-45b8-aa74-abb1f8453a40@group-CFD578AC5048-SegmentedRaftLogWorker] INFO  segmented.SegmentedRaftLogWorker (SegmentedRaftLogWorker.java:run(313)) - ca69c954-0527-45b8-aa74-abb1f8453a40@group-CFD578AC5048-SegmentedRaftLogWorker was interrupted, exiting. There are 0 tasks remaining in the queue.
2019-09-27 10:03:29,008 [ForkJoinPool.commonPool-worker-0] INFO  impl.StateMachineUpdater (StateMachineUpdater.java:stopAndJoin(125)) - d0aee7ae-f9ea-4c15-9e81-76cf25fa0665@group-891BE9262B2B-StateMachineUpdater: set stopIndex = 0
2019-09-27 10:03:29,011 [main] INFO  segmented.SegmentedRaftLogWorker (SegmentedRaftLogWorker.java:close(228)) - ca69c954-0527-45b8-aa74-abb1f8453a40@group-CFD578AC5048-SegmentedRaftLogWorker close()
2019-09-27 10:03:29,011 [ForkJoinPool.commonPool-worker-0] INFO  impl.RaftServerImpl (ServerState.java:close(385)) - d0aee7ae-f9ea-4c15-9e81-76cf25fa0665@group-891BE9262B2B: closes. applyIndex: 0
2019-09-27 10:03:29,016 [main] INFO  impl.RaftServerImpl (RaftServerImpl.java:lambda$shutdown$3(251)) - ca69c954-0527-45b8-aa74-abb1f8453a40@group-50C63BE9B918: shutdown
2019-09-27 10:03:29,017 [d0aee7ae-f9ea-4c15-9e81-76cf25fa0665@group-891BE9262B2B-SegmentedRaftLogWorker] INFO  segmented.SegmentedRaftLogWorker (SegmentedRaftLogWorker.java:run(313)) - d0aee7ae-f9ea-4c15-9e81-76cf25fa0665@group-891BE9262B2B-SegmentedRaftLogWorker was interrupted, exiting. There are 0 tasks remaining in the queue.
2019-09-27 10:03:29,017 [main] INFO  util.JmxRegister (JmxRegister.java:unregister(73)) - Successfully un-registered JMX Bean with object name Ratis:service=RaftServer,group=group-50C63BE9B918,id=ca69c954-0527-45b8-aa74-abb1f8453a40
2019-09-27 10:03:29,019 [ForkJoinPool.commonPool-worker-0] INFO  segmented.SegmentedRaftLogWorker (SegmentedRaftLogWorker.java:close(228)) - d0aee7ae-f9ea-4c15-9e81-76cf25fa0665@group-891BE9262B2B-SegmentedRaftLogWorker close()
2019-09-27 10:03:29,020 [main] INFO  impl.RoleInfo (RoleInfo.java:shutdownLeaderState(104)) - ca69c954-0527-45b8-aa74-abb1f8453a40: shutdown LeaderState
2019-09-27 10:03:29,024 [ForkJoinPool.commonPool-worker-0] INFO  server.GrpcService (GrpcService.java:closeImpl(164)) - d0aee7ae-f9ea-4c15-9e81-76cf25fa0665: shutdown server with port 41706 now
2019-09-27 10:03:29,025 [main] INFO  impl.PendingRequests (PendingRequests.java:sendNotLeaderResponses(202)) - ca69c954-0527-45b8-aa74-abb1f8453a40-PendingRequests: sendNotLeaderResponses
2019-09-27 10:03:29,028 [main] INFO  impl.StateMachineUpdater (StateMachineUpdater.java:stopAndJoin(125)) - ca69c954-0527-45b8-aa74-abb1f8453a40@group-50C63BE9B918-StateMachineUpdater: set stopIndex = 0
2019-09-27 10:03:29,028 [ForkJoinPool.commonPool-worker-0] INFO  server.GrpcService (GrpcService.java:closeImpl(172)) - d0aee7ae-f9ea-4c15-9e81-76cf25fa0665: shutdown server with port 41706 successfully
2019-09-27 10:03:29,028 [main] INFO  impl.RaftServerImpl (ServerState.java:close(385)) - ca69c954-0527-45b8-aa74-abb1f8453a40@group-50C63BE9B918: closes. applyIndex: 0
2019-09-27 10:03:29,029 [ca69c954-0527-45b8-aa74-abb1f8453a40@group-50C63BE9B918-SegmentedRaftLogWorker] INFO  segmented.SegmentedRaftLogWorker (SegmentedRaftLogWorker.java:run(313)) - ca69c954-0527-45b8-aa74-abb1f8453a40@group-50C63BE9B918-SegmentedRaftLogWorker was interrupted, exiting. There are 0 tasks remaining in the queue.
2019-09-27 10:03:29,032 [main] INFO  segmented.SegmentedRaftLogWorker (SegmentedRaftLogWorker.java:close(228)) - ca69c954-0527-45b8-aa74-abb1f8453a40@group-50C63BE9B918-SegmentedRaftLogWorker close()
2019-09-27 10:03:29,036 [main] INFO  server.GrpcService (GrpcService.java:closeImpl(164)) - ca69c954-0527-45b8-aa74-abb1f8453a40: shutdown server with port 33275 now
2019-09-27 10:03:29,040 [refreshUsed-/workdir/hadoop-ozone/integration-test/target/test-dir/MiniOzoneClusterImpl-cdbcb096-6118-4bf2-bc8d-5446b0901881/datanode-1/data/containers] WARN  fs.CachingGetSpaceUsed (CachingGetSpaceUsed.java:run(183)) - Thread Interrupted waiting to refresh disk information: sleep interrupted
2019-09-27 10:03:29,054 [grpc-default-executor-5] WARN  server.GrpcServerProtocolService (LogUtils.java:warn(134)) - ca69c954-0527-45b8-aa74-abb1f8453a40: installSnapshot onError, lastRequest: e156b416-77a3-4e07-9c94-a4b27caf2078->ca69c954-0527-45b8-aa74-abb1f8453a40#43-t2, previous=(t:2, i:0), leaderCommit=0, initializing? false, entries: <empty>: org.apache.ratis.thirdparty.io.grpc.StatusRuntimeException: CANCELLED: cancelled before receiving half close
2019-09-27 10:03:29,055 [main] INFO  server.GrpcService (GrpcService.java:closeImpl(172)) - ca69c954-0527-45b8-aa74-abb1f8453a40: shutdown server with port 33275 successfully
2019-09-27 10:03:29,056 [grpc-default-executor-3] WARN  server.GrpcLogAppender (LogUtils.java:warn(134)) - e156b416-77a3-4e07-9c94-a4b27caf2078@group-CFD578AC5048->ca69c954-0527-45b8-aa74-abb1f8453a40-AppendLogResponseHandler: Failed appendEntries: org.apache.ratis.thirdparty.io.grpc.StatusRuntimeException: CANCELLED: HTTP/2 error code: CANCEL
Received Rst Stream
2019-09-27 10:03:29,059 [grpc-default-executor-3] INFO  impl.FollowerInfo (FollowerInfo.java:lambda$new$0(51)) - e156b416-77a3-4e07-9c94-a4b27caf2078@group-CFD578AC5048->ca69c954-0527-45b8-aa74-abb1f8453a40: nextIndex: updateUnconditionally 1 -> 0
2019-09-27 10:03:29,062 [refreshUsed-/workdir/hadoop-ozone/integration-test/target/test-dir/MiniOzoneClusterImpl-cdbcb096-6118-4bf2-bc8d-5446b0901881/datanode-4/data/containers] WARN  fs.CachingGetSpaceUsed (CachingGetSpaceUsed.java:run(183)) - Thread Interrupted waiting to refresh disk information: sleep interrupted
2019-09-27 10:03:29,077 [ForkJoinPool.commonPool-worker-0] INFO  utils.BackgroundService (BackgroundService.java:shutdown(148)) - Shutting down service BlockDeletingService
2019-09-27 10:03:29,085 [ForkJoinPool.commonPool-worker-0] INFO  statemachine.DatanodeStateMachine (DatanodeStateMachine.java:stopDaemon(395)) - Ozone container server stopped.
2019-09-27 10:03:29,092 [ForkJoinPool.commonPool-worker-0] INFO  handler.ContextHandler (ContextHandler.java:doStop(910)) - Stopped o.e.j.w.WebAppContext@7f973a14{/,null,UNAVAILABLE}{/hddsDatanode}
2019-09-27 10:03:29,093 [main] INFO  utils.BackgroundService (BackgroundService.java:shutdown(148)) - Shutting down service BlockDeletingService
2019-09-27 10:03:29,093 [ForkJoinPool.commonPool-worker-0] INFO  server.AbstractConnector (AbstractConnector.java:doStop(318)) - Stopped ServerConnector@76130a29{HTTP/1.1,[http/1.1]}{0.0.0.0:0}
2019-09-27 10:03:29,099 [ForkJoinPool.commonPool-worker-0] INFO  handler.ContextHandler (ContextHandler.java:doStop(910)) - Stopped o.e.j.s.ServletContextHandler@3b8ec001{/static,jar:file:/home/user/.m2/repository/org/apache/hadoop/hadoop-hdds-container-service/0.5.0-SNAPSHOT/hadoop-hdds-container-service-0.5.0-SNAPSHOT.jar!/webapps/static,UNAVAILABLE}
2019-09-27 10:03:29,100 [main] INFO  statemachine.DatanodeStateMachine (DatanodeStateMachine.java:stopDaemon(395)) - Ozone container server stopped.
2019-09-27 10:03:29,102 [ForkJoinPool.commonPool-worker-0] INFO  handler.ContextHandler (ContextHandler.java:doStop(910)) - Stopped o.e.j.s.ServletContextHandler@7d21852b{/logs,file:///workdir/hadoop-ozone/integration-test/target/log,UNAVAILABLE}
2019-09-27 10:03:29,104 [main] INFO  handler.ContextHandler (ContextHandler.java:doStop(910)) - Stopped o.e.j.w.WebAppContext@7d17ee50{/,null,UNAVAILABLE}{/hddsDatanode}
2019-09-27 10:03:29,105 [main] INFO  server.AbstractConnector (AbstractConnector.java:doStop(318)) - Stopped ServerConnector@44fdce3c{HTTP/1.1,[http/1.1]}{0.0.0.0:0}
2019-09-27 10:03:29,105 [main] INFO  handler.ContextHandler (ContextHandler.java:doStop(910)) - Stopped o.e.j.s.ServletContextHandler@7e83992{/static,jar:file:/home/user/.m2/repository/org/apache/hadoop/hadoop-hdds-container-service/0.5.0-SNAPSHOT/hadoop-hdds-container-service-0.5.0-SNAPSHOT.jar!/webapps/static,UNAVAILABLE}
2019-09-27 10:03:29,106 [main] INFO  handler.ContextHandler (ContextHandler.java:doStop(910)) - Stopped o.e.j.s.ServletContextHandler@7668892a{/logs,file:///workdir/hadoop-ozone/integration-test/target/log,UNAVAILABLE}
2019-09-27 10:03:29,473 [Datanode State Machine Thread - 0] INFO  statemachine.DatanodeStateMachine (DatanodeStateMachine.java:lambda$startDaemon$0(350)) - Ozone container server started.
2019-09-27 10:03:29,541 [Datanode State Machine Thread - 0] INFO  statemachine.DatanodeStateMachine (DatanodeStateMachine.java:lambda$startDaemon$0(350)) - Ozone container server started.
2019-09-27 10:03:31,109 [grpc-default-executor-6] WARN  server.GrpcLogAppender (LogUtils.java:warn(134)) - e156b416-77a3-4e07-9c94-a4b27caf2078@group-CFD578AC5048->ca69c954-0527-45b8-aa74-abb1f8453a40-AppendLogResponseHandler: Failed appendEntries: org.apache.ratis.thirdparty.io.grpc.StatusRuntimeException: UNAVAILABLE: io exception
2019-09-27 10:03:31,111 [grpc-default-executor-6] INFO  impl.FollowerInfo (FollowerInfo.java:lambda$new$0(51)) - e156b416-77a3-4e07-9c94-a4b27caf2078@group-CFD578AC5048->ca69c954-0527-45b8-aa74-abb1f8453a40: nextIndex: updateUnconditionally 0 -> 0
2019-09-27 10:03:33,611 [grpc-default-executor-3] WARN  server.GrpcLogAppender (LogUtils.java:warn(134)) - e156b416-77a3-4e07-9c94-a4b27caf2078@group-CFD578AC5048->ca69c954-0527-45b8-aa74-abb1f8453a40-AppendLogResponseHandler: Failed appendEntries: org.apache.ratis.thirdparty.io.grpc.StatusRuntimeException: UNAVAILABLE: io exception
2019-09-27 10:03:33,614 [grpc-default-executor-3] INFO  impl.FollowerInfo (FollowerInfo.java:lambda$new$0(51)) - e156b416-77a3-4e07-9c94-a4b27caf2078@group-CFD578AC5048->ca69c954-0527-45b8-aa74-abb1f8453a40: nextIndex: updateUnconditionally 0 -> 0
2019-09-27 10:03:34,104 [ForkJoinPool.commonPool-worker-0] INFO  ozoneimpl.OzoneContainer (OzoneContainer.java:stop(231)) - Attempting to stop container services.
2019-09-27 10:03:34,105 [ForkJoinPool.commonPool-worker-0] INFO  impl.RaftServerProxy (RaftServerProxy.java:lambda$close$4(314)) - b4c9881e-ccdd-41f3-8b47-caf73170c791: close
2019-09-27 10:03:34,106 [ForkJoinPool.commonPool-worker-0] INFO  impl.RaftServerImpl (RaftServerImpl.java:lambda$shutdown$3(251)) - b4c9881e-ccdd-41f3-8b47-caf73170c791@group-61F0866A4D7E: shutdown
2019-09-27 10:03:34,106 [ForkJoinPool.commonPool-worker-0] INFO  util.JmxRegister (JmxRegister.java:unregister(73)) - Successfully un-registered JMX Bean with object name Ratis:service=RaftServer,group=group-61F0866A4D7E,id=b4c9881e-ccdd-41f3-8b47-caf73170c791
2019-09-27 10:03:34,106 [ForkJoinPool.commonPool-worker-0] INFO  impl.RoleInfo (RoleInfo.java:shutdownFollowerState(121)) - b4c9881e-ccdd-41f3-8b47-caf73170c791: shutdown FollowerState
2019-09-27 10:03:34,107 [ForkJoinPool.commonPool-worker-0] INFO  impl.StateMachineUpdater (StateMachineUpdater.java:stopAndJoin(125)) - b4c9881e-ccdd-41f3-8b47-caf73170c791@group-61F0866A4D7E-StateMachineUpdater: set stopIndex = 0
2019-09-27 10:03:34,107 [Thread-838] INFO  impl.FollowerState (FollowerState.java:run(115)) - b4c9881e-ccdd-41f3-8b47-caf73170c791: FollowerState was interrupted: java.lang.InterruptedException: sleep interrupted
2019-09-27 10:03:34,107 [main] INFO  ozoneimpl.OzoneContainer (OzoneContainer.java:stop(231)) - Attempting to stop container services.
2019-09-27 10:03:34,107 [ForkJoinPool.commonPool-worker-0] INFO  impl.RaftServerImpl (ServerState.java:close(385)) - b4c9881e-ccdd-41f3-8b47-caf73170c791@group-61F0866A4D7E: closes. applyIndex: 0
2019-09-27 10:03:34,111 [main] INFO  impl.RaftServerProxy (RaftServerProxy.java:lambda$close$4(314)) - 1006a943-b738-48bb-8dca-a3d46061f13e: close
2019-09-27 10:03:34,112 [b4c9881e-ccdd-41f3-8b47-caf73170c791@group-61F0866A4D7E-SegmentedRaftLogWorker] INFO  segmented.SegmentedRaftLogWorker (SegmentedRaftLogWorker.java:run(313)) - b4c9881e-ccdd-41f3-8b47-caf73170c791@group-61F0866A4D7E-SegmentedRaftLogWorker was interrupted, exiting. There are 0 tasks remaining in the queue.
2019-09-27 10:03:34,112 [main] INFO  impl.RaftServerImpl (RaftServerImpl.java:lambda$shutdown$3(251)) - 1006a943-b738-48bb-8dca-a3d46061f13e@group-CFD578AC5048: shutdown
2019-09-27 10:03:34,114 [main] INFO  util.JmxRegister (JmxRegister.java:unregister(73)) - Successfully un-registered JMX Bean with object name Ratis:service=RaftServer,group=group-CFD578AC5048,id=1006a943-b738-48bb-8dca-a3d46061f13e
2019-09-27 10:03:34,115 [main] INFO  impl.RoleInfo (RoleInfo.java:shutdownFollowerState(121)) - 1006a943-b738-48bb-8dca-a3d46061f13e: shutdown FollowerState
2019-09-27 10:03:34,115 [main] INFO  impl.StateMachineUpdater (StateMachineUpdater.java:stopAndJoin(125)) - 1006a943-b738-48bb-8dca-a3d46061f13e@group-CFD578AC5048-StateMachineUpdater: set stopIndex = 0
2019-09-27 10:03:34,116 [main] INFO  impl.RaftServerImpl (ServerState.java:close(385)) - 1006a943-b738-48bb-8dca-a3d46061f13e@group-CFD578AC5048: closes. applyIndex: 0
2019-09-27 10:03:34,115 [Thread-862] INFO  impl.FollowerState (FollowerState.java:run(115)) - 1006a943-b738-48bb-8dca-a3d46061f13e: FollowerState was interrupted: java.lang.InterruptedException: sleep interrupted
2019-09-27 10:03:34,118 [1006a943-b738-48bb-8dca-a3d46061f13e@group-CFD578AC5048-SegmentedRaftLogWorker] INFO  segmented.SegmentedRaftLogWorker (SegmentedRaftLogWorker.java:run(313)) - 1006a943-b738-48bb-8dca-a3d46061f13e@group-CFD578AC5048-SegmentedRaftLogWorker was interrupted, exiting. There are 0 tasks remaining in the queue.
2019-09-27 10:03:34,118 [ForkJoinPool.commonPool-worker-0] INFO  segmented.SegmentedRaftLogWorker (SegmentedRaftLogWorker.java:close(228)) - b4c9881e-ccdd-41f3-8b47-caf73170c791@group-61F0866A4D7E-SegmentedRaftLogWorker close()
2019-09-27 10:03:34,120 [main] INFO  segmented.SegmentedRaftLogWorker (SegmentedRaftLogWorker.java:close(228)) - 1006a943-b738-48bb-8dca-a3d46061f13e@group-CFD578AC5048-SegmentedRaftLogWorker close()
2019-09-27 10:03:34,124 [ForkJoinPool.commonPool-worker-0] INFO  impl.RaftServerImpl (RaftServerImpl.java:lambda$shutdown$3(251)) - b4c9881e-ccdd-41f3-8b47-caf73170c791@group-F4AB4D89E9E6: shutdown
2019-09-27 10:03:34,127 [main] INFO  impl.RaftServerImpl (RaftServerImpl.java:lambda$shutdown$3(251)) - 1006a943-b738-48bb-8dca-a3d46061f13e@group-60620C0D0EED: shutdown
2019-09-27 10:03:34,128 [ForkJoinPool.commonPool-worker-0] INFO  util.JmxRegister (JmxRegister.java:unregister(73)) - Successfully un-registered JMX Bean with object name Ratis:service=RaftServer,group=group-F4AB4D89E9E6,id=b4c9881e-ccdd-41f3-8b47-caf73170c791
2019-09-27 10:03:34,128 [main] INFO  util.JmxRegister (JmxRegister.java:unregister(73)) - Successfully un-registered JMX Bean with object name Ratis:service=RaftServer,group=group-60620C0D0EED,id=1006a943-b738-48bb-8dca-a3d46061f13e
2019-09-27 10:03:34,129 [main] INFO  impl.RoleInfo (RoleInfo.java:shutdownLeaderState(104)) - 1006a943-b738-48bb-8dca-a3d46061f13e: shutdown LeaderState
2019-09-27 10:03:34,128 [ForkJoinPool.commonPool-worker-0] INFO  impl.RoleInfo (RoleInfo.java:shutdownLeaderState(104)) - b4c9881e-ccdd-41f3-8b47-caf73170c791: shutdown LeaderState
2019-09-27 10:03:34,129 [main] INFO  impl.PendingRequests (PendingRequests.java:sendNotLeaderResponses(202)) - 1006a943-b738-48bb-8dca-a3d46061f13e-PendingRequests: sendNotLeaderResponses
2019-09-27 10:03:34,130 [ForkJoinPool.commonPool-worker-0] INFO  impl.PendingRequests (PendingRequests.java:sendNotLeaderResponses(202)) - b4c9881e-ccdd-41f3-8b47-caf73170c791-PendingRequests: sendNotLeaderResponses
2019-09-27 10:03:34,130 [main] INFO  impl.StateMachineUpdater (StateMachineUpdater.java:stopAndJoin(125)) - 1006a943-b738-48bb-8dca-a3d46061f13e@group-60620C0D0EED-StateMachineUpdater: set stopIndex = 0
2019-09-27 10:03:34,131 [main] INFO  impl.RaftServerImpl (ServerState.java:close(385)) - 1006a943-b738-48bb-8dca-a3d46061f13e@group-60620C0D0EED: closes. applyIndex: 0
2019-09-27 10:03:34,131 [ForkJoinPool.commonPool-worker-0] INFO  impl.StateMachineUpdater (StateMachineUpdater.java:stopAndJoin(125)) - b4c9881e-ccdd-41f3-8b47-caf73170c791@group-F4AB4D89E9E6-StateMachineUpdater: set stopIndex = 0
2019-09-27 10:03:34,132 [1006a943-b738-48bb-8dca-a3d46061f13e@group-60620C0D0EED-SegmentedRaftLogWorker] INFO  segmented.SegmentedRaftLogWorker (SegmentedRaftLogWorker.java:run(313)) - 1006a943-b738-48bb-8dca-a3d46061f13e@group-60620C0D0EED-SegmentedRaftLogWorker was interrupted, exiting. There are 0 tasks remaining in the queue.
2019-09-27 10:03:34,132 [ForkJoinPool.commonPool-worker-0] INFO  impl.RaftServerImpl (ServerState.java:close(385)) - b4c9881e-ccdd-41f3-8b47-caf73170c791@group-F4AB4D89E9E6: closes. applyIndex: 0
2019-09-27 10:03:34,136 [main] INFO  segmented.SegmentedRaftLogWorker (SegmentedRaftLogWorker.java:close(228)) - 1006a943-b738-48bb-8dca-a3d46061f13e@group-60620C0D0EED-SegmentedRaftLogWorker close()
2019-09-27 10:03:34,136 [b4c9881e-ccdd-41f3-8b47-caf73170c791@group-F4AB4D89E9E6-SegmentedRaftLogWorker] INFO  segmented.SegmentedRaftLogWorker (SegmentedRaftLogWorker.java:run(313)) - b4c9881e-ccdd-41f3-8b47-caf73170c791@group-F4AB4D89E9E6-SegmentedRaftLogWorker was interrupted, exiting. There are 0 tasks remaining in the queue.
2019-09-27 10:03:34,140 [main] INFO  server.GrpcService (GrpcService.java:closeImpl(164)) - 1006a943-b738-48bb-8dca-a3d46061f13e: shutdown server with port 33924 now
2019-09-27 10:03:34,142 [ForkJoinPool.commonPool-worker-0] INFO  segmented.SegmentedRaftLogWorker (SegmentedRaftLogWorker.java:close(228)) - b4c9881e-ccdd-41f3-8b47-caf73170c791@group-F4AB4D89E9E6-SegmentedRaftLogWorker close()
2019-09-27 10:03:34,156 [ForkJoinPool.commonPool-worker-0] INFO  server.GrpcService (GrpcService.java:closeImpl(164)) - b4c9881e-ccdd-41f3-8b47-caf73170c791: shutdown server with port 37794 now
2019-09-27 10:03:34,159 [grpc-default-executor-6] WARN  server.GrpcServerProtocolService (LogUtils.java:warn(134)) - 1006a943-b738-48bb-8dca-a3d46061f13e: installSnapshot onError, lastRequest: e156b416-77a3-4e07-9c94-a4b27caf2078->1006a943-b738-48bb-8dca-a3d46061f13e#45-t2, previous=(t:2, i:0), leaderCommit=0, initializing? false, entries: <empty>: org.apache.ratis.thirdparty.io.grpc.StatusRuntimeException: CANCELLED: cancelled before receiving half close
2019-09-27 10:03:34,159 [main] INFO  server.GrpcService (GrpcService.java:closeImpl(172)) - 1006a943-b738-48bb-8dca-a3d46061f13e: shutdown server with port 33924 successfully
2019-09-27 10:03:34,165 [ForkJoinPool.commonPool-worker-0] INFO  server.GrpcService (GrpcService.java:closeImpl(172)) - b4c9881e-ccdd-41f3-8b47-caf73170c791: shutdown server with port 37794 successfully
2019-09-27 10:03:34,165 [grpc-default-executor-5] WARN  server.GrpcLogAppender (LogUtils.java:warn(134)) - e4aee8ab-3701-4138-bdf7-9839da9344db@group-61F0866A4D7E->b4c9881e-ccdd-41f3-8b47-caf73170c791-AppendLogResponseHandler: Failed appendEntries: org.apache.ratis.thirdparty.io.grpc.StatusRuntimeException: CANCELLED: HTTP/2 error code: CANCEL
Received Rst Stream
2019-09-27 10:03:34,165 [grpc-default-executor-7] WARN  server.GrpcServerProtocolService (LogUtils.java:warn(134)) - b4c9881e-ccdd-41f3-8b47-caf73170c791: installSnapshot onError, lastRequest: e4aee8ab-3701-4138-bdf7-9839da9344db->b4c9881e-ccdd-41f3-8b47-caf73170c791#47-t1, previous=(t:1, i:0), leaderCommit=0, initializing? false, entries: <empty>: org.apache.ratis.thirdparty.io.grpc.StatusRuntimeException: CANCELLED: cancelled before receiving half close
2019-09-27 10:03:34,168 [grpc-default-executor-5] INFO  impl.FollowerInfo (FollowerInfo.java:lambda$new$0(51)) - e4aee8ab-3701-4138-bdf7-9839da9344db@group-61F0866A4D7E->b4c9881e-ccdd-41f3-8b47-caf73170c791: nextIndex: updateUnconditionally 1 -> 0
2019-09-27 10:03:34,166 [grpc-default-executor-8] WARN  server.GrpcLogAppender (LogUtils.java:warn(134)) - e156b416-77a3-4e07-9c94-a4b27caf2078@group-CFD578AC5048->1006a943-b738-48bb-8dca-a3d46061f13e-AppendLogResponseHandler: Failed appendEntries: org.apache.ratis.thirdparty.io.grpc.StatusRuntimeException: CANCELLED: HTTP/2 error code: CANCEL
Received Rst Stream
2019-09-27 10:03:34,176 [grpc-default-executor-8] INFO  impl.FollowerInfo (FollowerInfo.java:lambda$new$0(51)) - e156b416-77a3-4e07-9c94-a4b27caf2078@group-CFD578AC5048->1006a943-b738-48bb-8dca-a3d46061f13e: nextIndex: updateUnconditionally 1 -> 0
2019-09-27 10:03:34,181 [refreshUsed-/workdir/hadoop-ozone/integration-test/target/test-dir/MiniOzoneClusterImpl-cdbcb096-6118-4bf2-bc8d-5446b0901881/datanode-2/data/containers] WARN  fs.CachingGetSpaceUsed (CachingGetSpaceUsed.java:run(183)) - Thread Interrupted waiting to refresh disk information: sleep interrupted
2019-09-27 10:03:34,181 [refreshUsed-/workdir/hadoop-ozone/integration-test/target/test-dir/MiniOzoneClusterImpl-cdbcb096-6118-4bf2-bc8d-5446b0901881/datanode-3/data/containers] WARN  fs.CachingGetSpaceUsed (CachingGetSpaceUsed.java:run(183)) - Thread Interrupted waiting to refresh disk information: sleep interrupted
2019-09-27 10:03:34,202 [main] INFO  utils.BackgroundService (BackgroundService.java:shutdown(148)) - Shutting down service BlockDeletingService
2019-09-27 10:03:34,202 [ForkJoinPool.commonPool-worker-0] INFO  utils.BackgroundService (BackgroundService.java:shutdown(148)) - Shutting down service BlockDeletingService
2019-09-27 10:03:34,207 [main] INFO  statemachine.DatanodeStateMachine (DatanodeStateMachine.java:stopDaemon(395)) - Ozone container server stopped.
2019-09-27 10:03:34,211 [ForkJoinPool.commonPool-worker-0] INFO  statemachine.DatanodeStateMachine (DatanodeStateMachine.java:stopDaemon(395)) - Ozone container server stopped.
2019-09-27 10:03:34,217 [ForkJoinPool.commonPool-worker-0] INFO  handler.ContextHandler (ContextHandler.java:doStop(910)) - Stopped o.e.j.w.WebAppContext@19a20bb2{/,null,UNAVAILABLE}{/hddsDatanode}
2019-09-27 10:03:34,217 [main] INFO  handler.ContextHandler (ContextHandler.java:doStop(910)) - Stopped o.e.j.w.WebAppContext@45b15381{/,null,UNAVAILABLE}{/hddsDatanode}
2019-09-27 10:03:34,218 [ForkJoinPool.commonPool-worker-0] INFO  server.AbstractConnector (AbstractConnector.java:doStop(318)) - Stopped ServerConnector@75babb67{HTTP/1.1,[http/1.1]}{0.0.0.0:0}
2019-09-27 10:03:34,220 [ForkJoinPool.commonPool-worker-0] INFO  handler.ContextHandler (ContextHandler.java:doStop(910)) - Stopped o.e.j.s.ServletContextHandler@3c6c4689{/static,jar:file:/home/user/.m2/repository/org/apache/hadoop/hadoop-hdds-container-service/0.5.0-SNAPSHOT/hadoop-hdds-container-service-0.5.0-SNAPSHOT.jar!/webapps/static,UNAVAILABLE}
2019-09-27 10:03:34,220 [main] INFO  server.AbstractConnector (AbstractConnector.java:doStop(318)) - Stopped ServerConnector@2dbfcf7{HTTP/1.1,[http/1.1]}{0.0.0.0:0}
2019-09-27 10:03:34,222 [ForkJoinPool.commonPool-worker-0] INFO  handler.ContextHandler (ContextHandler.java:doStop(910)) - Stopped o.e.j.s.ServletContextHandler@550de6b8{/logs,file:///workdir/hadoop-ozone/integration-test/target/log,UNAVAILABLE}
2019-09-27 10:03:34,222 [main] INFO  handler.ContextHandler (ContextHandler.java:doStop(910)) - Stopped o.e.j.s.ServletContextHandler@4a2e7bcb{/static,jar:file:/home/user/.m2/repository/org/apache/hadoop/hadoop-hdds-container-service/0.5.0-SNAPSHOT/hadoop-hdds-container-service-0.5.0-SNAPSHOT.jar!/webapps/static,UNAVAILABLE}
2019-09-27 10:03:34,223 [main] INFO  handler.ContextHandler (ContextHandler.java:doStop(910)) - Stopped o.e.j.s.ServletContextHandler@9e54c59{/logs,file:///workdir/hadoop-ozone/integration-test/target/log,UNAVAILABLE}
2019-09-27 10:03:34,340 [Datanode State Machine Thread - 0] INFO  statemachine.DatanodeStateMachine (DatanodeStateMachine.java:lambda$startDaemon$0(350)) - Ozone container server started.
2019-09-27 10:03:34,738 [Datanode State Machine Thread - 0] INFO  statemachine.DatanodeStateMachine (DatanodeStateMachine.java:lambda$startDaemon$0(350)) - Ozone container server started.
2019-09-27 10:03:36,019 [grpc-default-executor-6] WARN  server.GrpcLogAppender (LogUtils.java:warn(134)) - e4aee8ab-3701-4138-bdf7-9839da9344db@group-61F0866A4D7E->b4c9881e-ccdd-41f3-8b47-caf73170c791-AppendLogResponseHandler: Failed appendEntries: org.apache.ratis.thirdparty.io.grpc.StatusRuntimeException: UNAVAILABLE: io exception
2019-09-27 10:03:36,023 [grpc-default-executor-6] INFO  impl.FollowerInfo (FollowerInfo.java:lambda$new$0(51)) - e4aee8ab-3701-4138-bdf7-9839da9344db@group-61F0866A4D7E->b4c9881e-ccdd-41f3-8b47-caf73170c791: nextIndex: updateUnconditionally 0 -> 0
2019-09-27 10:03:36,110 [grpc-default-executor-7] WARN  server.GrpcLogAppender (LogUtils.java:warn(134)) - e156b416-77a3-4e07-9c94-a4b27caf2078@group-CFD578AC5048->ca69c954-0527-45b8-aa74-abb1f8453a40-AppendLogResponseHandler: Failed appendEntries: org.apache.ratis.thirdparty.io.grpc.StatusRuntimeException: UNAVAILABLE: io exception
2019-09-27 10:03:36,111 [grpc-default-executor-7] INFO  impl.FollowerInfo (FollowerInfo.java:lambda$new$0(51)) - e156b416-77a3-4e07-9c94-a4b27caf2078@group-CFD578AC5048->ca69c954-0527-45b8-aa74-abb1f8453a40: nextIndex: updateUnconditionally 0 -> 0
2019-09-27 10:03:36,115 [grpc-default-executor-8] WARN  server.GrpcLogAppender (LogUtils.java:warn(134)) - e156b416-77a3-4e07-9c94-a4b27caf2078@group-CFD578AC5048->1006a943-b738-48bb-8dca-a3d46061f13e-AppendLogResponseHandler: Failed appendEntries: org.apache.ratis.thirdparty.io.grpc.StatusRuntimeException: UNAVAILABLE: io exception
2019-09-27 10:03:36,117 [grpc-default-executor-8] INFO  impl.FollowerInfo (FollowerInfo.java:lambda$new$0(51)) - e156b416-77a3-4e07-9c94-a4b27caf2078@group-CFD578AC5048->1006a943-b738-48bb-8dca-a3d46061f13e: nextIndex: updateUnconditionally 0 -> 0
2019-09-27 10:03:38,523 [grpc-default-executor-6] WARN  server.GrpcLogAppender (LogUtils.java:warn(134)) - e4aee8ab-3701-4138-bdf7-9839da9344db@group-61F0866A4D7E->b4c9881e-ccdd-41f3-8b47-caf73170c791-AppendLogResponseHandler: Failed appendEntries: org.apache.ratis.thirdparty.io.grpc.StatusRuntimeException: UNAVAILABLE: io exception
2019-09-27 10:03:38,525 [grpc-default-executor-6] INFO  impl.FollowerInfo (FollowerInfo.java:lambda$new$0(51)) - e4aee8ab-3701-4138-bdf7-9839da9344db@group-61F0866A4D7E->b4c9881e-ccdd-41f3-8b47-caf73170c791: nextIndex: updateUnconditionally 0 -> 0
2019-09-27 10:03:38,612 [grpc-default-executor-8] WARN  server.GrpcLogAppender (LogUtils.java:warn(134)) - e156b416-77a3-4e07-9c94-a4b27caf2078@group-CFD578AC5048->ca69c954-0527-45b8-aa74-abb1f8453a40-AppendLogResponseHandler: Failed appendEntries: org.apache.ratis.thirdparty.io.grpc.StatusRuntimeException: UNAVAILABLE: io exception
2019-09-27 10:03:38,614 [grpc-default-executor-8] INFO  impl.FollowerInfo (FollowerInfo.java:lambda$new$0(51)) - e156b416-77a3-4e07-9c94-a4b27caf2078@group-CFD578AC5048->ca69c954-0527-45b8-aa74-abb1f8453a40: nextIndex: updateUnconditionally 0 -> 0
2019-09-27 10:03:38,618 [grpc-default-executor-7] WARN  server.GrpcLogAppender (LogUtils.java:warn(134)) - e156b416-77a3-4e07-9c94-a4b27caf2078@group-CFD578AC5048->1006a943-b738-48bb-8dca-a3d46061f13e-AppendLogResponseHandler: Failed appendEntries: org.apache.ratis.thirdparty.io.grpc.StatusRuntimeException: UNAVAILABLE: io exception
2019-09-27 10:03:38,620 [grpc-default-executor-7] INFO  impl.FollowerInfo (FollowerInfo.java:lambda$new$0(51)) - e156b416-77a3-4e07-9c94-a4b27caf2078@group-CFD578AC5048->1006a943-b738-48bb-8dca-a3d46061f13e: nextIndex: updateUnconditionally 0 -> 0
2019-09-27 10:03:39,224 [ForkJoinPool.commonPool-worker-0] INFO  ozoneimpl.OzoneContainer (OzoneContainer.java:stop(231)) - Attempting to stop container services.
2019-09-27 10:03:39,225 [ForkJoinPool.commonPool-worker-0] INFO  impl.RaftServerProxy (RaftServerProxy.java:lambda$close$4(314)) - e4aee8ab-3701-4138-bdf7-9839da9344db: close
2019-09-27 10:03:39,225 [main] INFO  ozoneimpl.OzoneContainer (OzoneContainer.java:stop(231)) - Attempting to stop container services.
2019-09-27 10:03:39,226 [ForkJoinPool.commonPool-worker-0] INFO  impl.RaftServerImpl (RaftServerImpl.java:lambda$shutdown$3(251)) - e4aee8ab-3701-4138-bdf7-9839da9344db@group-61F0866A4D7E: shutdown
2019-09-27 10:03:39,226 [main] INFO  impl.RaftServerProxy (RaftServerProxy.java:lambda$close$4(314)) - e156b416-77a3-4e07-9c94-a4b27caf2078: close
2019-09-27 10:03:39,226 [ForkJoinPool.commonPool-worker-0] INFO  util.JmxRegister (JmxRegister.java:unregister(73)) - Successfully un-registered JMX Bean with object name Ratis:service=RaftServer,group=group-61F0866A4D7E,id=e4aee8ab-3701-4138-bdf7-9839da9344db
2019-09-27 10:03:39,227 [main] INFO  impl.RaftServerImpl (RaftServerImpl.java:lambda$shutdown$3(251)) - e156b416-77a3-4e07-9c94-a4b27caf2078@group-CFD578AC5048: shutdown
2019-09-27 10:03:39,227 [ForkJoinPool.commonPool-worker-0] INFO  impl.RoleInfo (RoleInfo.java:shutdownLeaderState(104)) - e4aee8ab-3701-4138-bdf7-9839da9344db: shutdown LeaderState
2019-09-27 10:03:39,228 [main] INFO  util.JmxRegister (JmxRegister.java:unregister(73)) - Successfully un-registered JMX Bean with object name Ratis:service=RaftServer,group=group-CFD578AC5048,id=e156b416-77a3-4e07-9c94-a4b27caf2078
2019-09-27 10:03:39,232 [org.apache.ratis.server.impl.LogAppender$AppenderDaemon$$Lambda$393/1281863639@503af984] WARN  server.GrpcLogAppender (GrpcLogAppender.java:mayWait(143)) - e4aee8ab-3701-4138-bdf7-9839da9344db@group-61F0866A4D7E->010a5080-8642-4af5-99ba-788150127419-GrpcLogAppender: Wait interrupted by java.lang.InterruptedException
2019-09-27 10:03:39,232 [org.apache.ratis.server.impl.LogAppender$AppenderDaemon$$Lambda$393/1281863639@17390fa9] WARN  server.GrpcLogAppender (GrpcLogAppender.java:mayWait(143)) - e4aee8ab-3701-4138-bdf7-9839da9344db@group-61F0866A4D7E->b4c9881e-ccdd-41f3-8b47-caf73170c791-GrpcLogAppender: Wait interrupted by java.lang.InterruptedException
2019-09-27 10:03:39,232 [ForkJoinPool.commonPool-worker-0] INFO  impl.PendingRequests (PendingRequests.java:sendNotLeaderResponses(202)) - e4aee8ab-3701-4138-bdf7-9839da9344db-PendingRequests: sendNotLeaderResponses
2019-09-27 10:03:39,233 [main] INFO  impl.RoleInfo (RoleInfo.java:shutdownLeaderState(104)) - e156b416-77a3-4e07-9c94-a4b27caf2078: shutdown LeaderState
2019-09-27 10:03:39,235 [ForkJoinPool.commonPool-worker-0] INFO  impl.StateMachineUpdater (StateMachineUpdater.java:stopAndJoin(125)) - e4aee8ab-3701-4138-bdf7-9839da9344db@group-61F0866A4D7E-StateMachineUpdater: set stopIndex = 0
2019-09-27 10:03:39,238 [org.apache.ratis.server.impl.LogAppender$AppenderDaemon$$Lambda$393/1281863639@7225999f] WARN  server.GrpcLogAppender (GrpcLogAppender.java:mayWait(143)) - e156b416-77a3-4e07-9c94-a4b27caf2078@group-CFD578AC5048->ca69c954-0527-45b8-aa74-abb1f8453a40-GrpcLogAppender: Wait interrupted by java.lang.InterruptedException
2019-09-27 10:03:39,238 [main] INFO  impl.PendingRequests (PendingRequests.java:sendNotLeaderResponses(202)) - e156b416-77a3-4e07-9c94-a4b27caf2078-PendingRequests: sendNotLeaderResponses
2019-09-27 10:03:39,238 [org.apache.ratis.server.impl.LogAppender$AppenderDaemon$$Lambda$393/1281863639@346f99b6] WARN  server.GrpcLogAppender (GrpcLogAppender.java:mayWait(143)) - e156b416-77a3-4e07-9c94-a4b27caf2078@group-CFD578AC5048->1006a943-b738-48bb-8dca-a3d46061f13e-GrpcLogAppender: Wait interrupted by java.lang.InterruptedException
2019-09-27 10:03:39,238 [grpc-default-executor-7] INFO  server.GrpcServerProtocolService (GrpcServerProtocolService.java:onCompleted(113)) - 010a5080-8642-4af5-99ba-788150127419: Completed APPEND_ENTRIES, lastRequest: e4aee8ab-3701-4138-bdf7-9839da9344db->010a5080-8642-4af5-99ba-788150127419#49-t1, previous=(t:1, i:0), leaderCommit=0, initializing? false, entries: <empty>
2019-09-27 10:03:39,240 [main] INFO  impl.StateMachineUpdater (StateMachineUpdater.java:stopAndJoin(125)) - e156b416-77a3-4e07-9c94-a4b27caf2078@group-CFD578AC5048-StateMachineUpdater: set stopIndex = 0
2019-09-27 10:03:39,238 [ForkJoinPool.commonPool-worker-0] INFO  impl.RaftServerImpl (ServerState.java:close(385)) - e4aee8ab-3701-4138-bdf7-9839da9344db@group-61F0866A4D7E: closes. applyIndex: 0
2019-09-27 10:03:39,242 [main] INFO  impl.RaftServerImpl (ServerState.java:close(385)) - e156b416-77a3-4e07-9c94-a4b27caf2078@group-CFD578AC5048: closes. applyIndex: 0
2019-09-27 10:03:39,244 [e4aee8ab-3701-4138-bdf7-9839da9344db@group-61F0866A4D7E-SegmentedRaftLogWorker] INFO  segmented.SegmentedRaftLogWorker (SegmentedRaftLogWorker.java:run(313)) - e4aee8ab-3701-4138-bdf7-9839da9344db@group-61F0866A4D7E-SegmentedRaftLogWorker was interrupted, exiting. There are 0 tasks remaining in the queue.
2019-09-27 10:03:39,244 [e156b416-77a3-4e07-9c94-a4b27caf2078@group-CFD578AC5048-SegmentedRaftLogWorker] INFO  segmented.SegmentedRaftLogWorker (SegmentedRaftLogWorker.java:run(313)) - e156b416-77a3-4e07-9c94-a4b27caf2078@group-CFD578AC5048-SegmentedRaftLogWorker was interrupted, exiting. There are 0 tasks remaining in the queue.
2019-09-27 10:03:39,244 [grpc-default-executor-7] INFO  server.GrpcLogAppender (GrpcLogAppender.java:onCompleted(293)) - e4aee8ab-3701-4138-bdf7-9839da9344db@group-61F0866A4D7E->010a5080-8642-4af5-99ba-788150127419-AppendLogResponseHandler: follower responses appendEntries COMPLETED
2019-09-27 10:03:39,247 [ForkJoinPool.commonPool-worker-0] INFO  segmented.SegmentedRaftLogWorker (SegmentedRaftLogWorker.java:close(228)) - e4aee8ab-3701-4138-bdf7-9839da9344db@group-61F0866A4D7E-SegmentedRaftLogWorker close()
2019-09-27 10:03:39,247 [grpc-default-executor-7] INFO  impl.FollowerInfo (FollowerInfo.java:lambda$new$0(51)) - e4aee8ab-3701-4138-bdf7-9839da9344db@group-61F0866A4D7E->010a5080-8642-4af5-99ba-788150127419: nextIndex: updateUnconditionally 1 -> 0
2019-09-27 10:03:39,249 [ForkJoinPool.commonPool-worker-0] INFO  impl.RaftServerImpl (RaftServerImpl.java:lambda$shutdown$3(251)) - e4aee8ab-3701-4138-bdf7-9839da9344db@group-6248E5CC11B2: shutdown
2019-09-27 10:03:39,249 [ForkJoinPool.commonPool-worker-0] INFO  util.JmxRegister (JmxRegister.java:unregister(73)) - Successfully un-registered JMX Bean with object name Ratis:service=RaftServer,group=group-6248E5CC11B2,id=e4aee8ab-3701-4138-bdf7-9839da9344db
2019-09-27 10:03:39,249 [ForkJoinPool.commonPool-worker-0] INFO  impl.RoleInfo (RoleInfo.java:shutdownLeaderState(104)) - e4aee8ab-3701-4138-bdf7-9839da9344db: shutdown LeaderState
2019-09-27 10:03:39,250 [ForkJoinPool.commonPool-worker-0] INFO  impl.PendingRequests (PendingRequests.java:sendNotLeaderResponses(202)) - e4aee8ab-3701-4138-bdf7-9839da9344db-PendingRequests: sendNotLeaderResponses
2019-09-27 10:03:39,250 [ForkJoinPool.commonPool-worker-0] INFO  impl.StateMachineUpdater (StateMachineUpdater.java:stopAndJoin(125)) - e4aee8ab-3701-4138-bdf7-9839da9344db@group-6248E5CC11B2-StateMachineUpdater: set stopIndex = 0
2019-09-27 10:03:39,251 [ForkJoinPool.commonPool-worker-0] INFO  impl.RaftServerImpl (ServerState.java:close(385)) - e4aee8ab-3701-4138-bdf7-9839da9344db@group-6248E5CC11B2: closes. applyIndex: 0
2019-09-27 10:03:39,251 [e4aee8ab-3701-4138-bdf7-9839da9344db@group-6248E5CC11B2-SegmentedRaftLogWorker] INFO  segmented.SegmentedRaftLogWorker (SegmentedRaftLogWorker.java:run(313)) - e4aee8ab-3701-4138-bdf7-9839da9344db@group-6248E5CC11B2-SegmentedRaftLogWorker was interrupted, exiting. There are 0 tasks remaining in the queue.
2019-09-27 10:03:39,252 [ForkJoinPool.commonPool-worker-0] INFO  segmented.SegmentedRaftLogWorker (SegmentedRaftLogWorker.java:close(228)) - e4aee8ab-3701-4138-bdf7-9839da9344db@group-6248E5CC11B2-SegmentedRaftLogWorker close()
2019-09-27 10:03:39,254 [ForkJoinPool.commonPool-worker-0] INFO  server.GrpcService (GrpcService.java:closeImpl(164)) - e4aee8ab-3701-4138-bdf7-9839da9344db: shutdown server with port 38331 now
2019-09-27 10:03:39,255 [ForkJoinPool.commonPool-worker-0] INFO  server.GrpcService (GrpcService.java:closeImpl(172)) - e4aee8ab-3701-4138-bdf7-9839da9344db: shutdown server with port 38331 successfully
2019-09-27 10:03:39,257 [main] INFO  segmented.SegmentedRaftLogWorker (SegmentedRaftLogWorker.java:close(228)) - e156b416-77a3-4e07-9c94-a4b27caf2078@group-CFD578AC5048-SegmentedRaftLogWorker close()
2019-09-27 10:03:39,263 [refreshUsed-/workdir/hadoop-ozone/integration-test/target/test-dir/MiniOzoneClusterImpl-cdbcb096-6118-4bf2-bc8d-5446b0901881/datanode-0/data/containers] WARN  fs.CachingGetSpaceUsed (CachingGetSpaceUsed.java:run(183)) - Thread Interrupted waiting to refresh disk information: sleep interrupted
2019-09-27 10:03:39,263 [main] INFO  impl.RaftServerImpl (RaftServerImpl.java:lambda$shutdown$3(251)) - e156b416-77a3-4e07-9c94-a4b27caf2078@group-222CDE664E56: shutdown
2019-09-27 10:03:39,264 [main] INFO  util.JmxRegister (JmxRegister.java:unregister(73)) - Successfully un-registered JMX Bean with object name Ratis:service=RaftServer,group=group-222CDE664E56,id=e156b416-77a3-4e07-9c94-a4b27caf2078
2019-09-27 10:03:39,265 [main] INFO  impl.RoleInfo (RoleInfo.java:shutdownLeaderState(104)) - e156b416-77a3-4e07-9c94-a4b27caf2078: shutdown LeaderState
2019-09-27 10:03:39,266 [main] INFO  impl.PendingRequests (PendingRequests.java:sendNotLeaderResponses(202)) - e156b416-77a3-4e07-9c94-a4b27caf2078-PendingRequests: sendNotLeaderResponses
2019-09-27 10:03:39,267 [main] INFO  impl.StateMachineUpdater (StateMachineUpdater.java:stopAndJoin(125)) - e156b416-77a3-4e07-9c94-a4b27caf2078@group-222CDE664E56-StateMachineUpdater: set stopIndex = 0
2019-09-27 10:03:39,267 [main] INFO  impl.RaftServerImpl (ServerState.java:close(385)) - e156b416-77a3-4e07-9c94-a4b27caf2078@group-222CDE664E56: closes. applyIndex: 0
2019-09-27 10:03:39,268 [e156b416-77a3-4e07-9c94-a4b27caf2078@group-222CDE664E56-SegmentedRaftLogWorker] INFO  segmented.SegmentedRaftLogWorker (SegmentedRaftLogWorker.java:run(313)) - e156b416-77a3-4e07-9c94-a4b27caf2078@group-222CDE664E56-SegmentedRaftLogWorker was interrupted, exiting. There are 0 tasks remaining in the queue.
2019-09-27 10:03:39,268 [main] INFO  segmented.SegmentedRaftLogWorker (SegmentedRaftLogWorker.java:close(228)) - e156b416-77a3-4e07-9c94-a4b27caf2078@group-222CDE664E56-SegmentedRaftLogWorker close()
2019-09-27 10:03:39,268 [main] INFO  server.GrpcService (GrpcService.java:closeImpl(164)) - e156b416-77a3-4e07-9c94-a4b27caf2078: shutdown server with port 39366 now
2019-09-27 10:03:39,269 [main] INFO  server.GrpcService (GrpcService.java:closeImpl(172)) - e156b416-77a3-4e07-9c94-a4b27caf2078: shutdown server with port 39366 successfully
2019-09-27 10:03:39,271 [refreshUsed-/workdir/hadoop-ozone/integration-test/target/test-dir/MiniOzoneClusterImpl-cdbcb096-6118-4bf2-bc8d-5446b0901881/datanode-6/data/containers] WARN  fs.CachingGetSpaceUsed (CachingGetSpaceUsed.java:run(183)) - Thread Interrupted waiting to refresh disk information: sleep interrupted
2019-09-27 10:03:39,281 [ForkJoinPool.commonPool-worker-0] INFO  utils.BackgroundService (BackgroundService.java:shutdown(148)) - Shutting down service BlockDeletingService
2019-09-27 10:03:39,285 [ForkJoinPool.commonPool-worker-0] INFO  statemachine.DatanodeStateMachine (DatanodeStateMachine.java:stopDaemon(395)) - Ozone container server stopped.
2019-09-27 10:03:39,288 [ForkJoinPool.commonPool-worker-0] INFO  handler.ContextHandler (ContextHandler.java:doStop(910)) - Stopped o.e.j.w.WebAppContext@d08edc5{/,null,UNAVAILABLE}{/hddsDatanode}
2019-09-27 10:03:39,289 [ForkJoinPool.commonPool-worker-0] INFO  server.AbstractConnector (AbstractConnector.java:doStop(318)) - Stopped ServerConnector@49fa1d74{HTTP/1.1,[http/1.1]}{0.0.0.0:0}
2019-09-27 10:03:39,290 [ForkJoinPool.commonPool-worker-0] INFO  handler.ContextHandler (ContextHandler.java:doStop(910)) - Stopped o.e.j.s.ServletContextHandler@6e3eb0cd{/static,jar:file:/home/user/.m2/repository/org/apache/hadoop/hadoop-hdds-container-service/0.5.0-SNAPSHOT/hadoop-hdds-container-service-0.5.0-SNAPSHOT.jar!/webapps/static,UNAVAILABLE}
2019-09-27 10:03:39,291 [ForkJoinPool.commonPool-worker-0] INFO  handler.ContextHandler (ContextHandler.java:doStop(910)) - Stopped o.e.j.s.ServletContextHandler@25d0cb3a{/logs,file:///workdir/hadoop-ozone/integration-test/target/log,UNAVAILABLE}
2019-09-27 10:03:39,295 [main] INFO  utils.BackgroundService (BackgroundService.java:shutdown(148)) - Shutting down service BlockDeletingService
2019-09-27 10:03:39,299 [main] INFO  statemachine.DatanodeStateMachine (DatanodeStateMachine.java:stopDaemon(395)) - Ozone container server stopped.
2019-09-27 10:03:39,301 [main] INFO  handler.ContextHandler (ContextHandler.java:doStop(910)) - Stopped o.e.j.w.WebAppContext@650c405c{/,null,UNAVAILABLE}{/hddsDatanode}
2019-09-27 10:03:39,302 [main] INFO  server.AbstractConnector (AbstractConnector.java:doStop(318)) - Stopped ServerConnector@20eaeaf8{HTTP/1.1,[http/1.1]}{0.0.0.0:0}
2019-09-27 10:03:39,303 [main] INFO  handler.ContextHandler (ContextHandler.java:doStop(910)) - Stopped o.e.j.s.ServletContextHandler@2fe74516{/static,jar:file:/home/user/.m2/repository/org/apache/hadoop/hadoop-hdds-container-service/0.5.0-SNAPSHOT/hadoop-hdds-container-service-0.5.0-SNAPSHOT.jar!/webapps/static,UNAVAILABLE}
2019-09-27 10:03:39,303 [main] INFO  handler.ContextHandler (ContextHandler.java:doStop(910)) - Stopped o.e.j.s.ServletContextHandler@7209ffb5{/logs,file:///workdir/hadoop-ozone/integration-test/target/log,UNAVAILABLE}
2019-09-27 10:03:39,679 [Datanode State Machine Thread - 0] INFO  statemachine.DatanodeStateMachine (DatanodeStateMachine.java:lambda$startDaemon$0(350)) - Ozone container server started.
2019-09-27 10:03:44,293 [ForkJoinPool.commonPool-worker-0] INFO  ozoneimpl.OzoneContainer (OzoneContainer.java:stop(231)) - Attempting to stop container services.
2019-09-27 10:03:44,293 [ForkJoinPool.commonPool-worker-0] INFO  impl.RaftServerProxy (RaftServerProxy.java:lambda$close$4(314)) - 010a5080-8642-4af5-99ba-788150127419: close
2019-09-27 10:03:44,294 [ForkJoinPool.commonPool-worker-0] INFO  impl.RaftServerImpl (RaftServerImpl.java:lambda$shutdown$3(251)) - 010a5080-8642-4af5-99ba-788150127419@group-61F0866A4D7E: shutdown
2019-09-27 10:03:44,294 [ForkJoinPool.commonPool-worker-0] INFO  util.JmxRegister (JmxRegister.java:unregister(73)) - Successfully un-registered JMX Bean with object name Ratis:service=RaftServer,group=group-61F0866A4D7E,id=010a5080-8642-4af5-99ba-788150127419
2019-09-27 10:03:44,294 [ForkJoinPool.commonPool-worker-0] INFO  impl.RoleInfo (RoleInfo.java:shutdownFollowerState(121)) - 010a5080-8642-4af5-99ba-788150127419: shutdown FollowerState
2019-09-27 10:03:44,295 [ForkJoinPool.commonPool-worker-0] INFO  impl.StateMachineUpdater (StateMachineUpdater.java:stopAndJoin(125)) - 010a5080-8642-4af5-99ba-788150127419@group-61F0866A4D7E-StateMachineUpdater: set stopIndex = 0
2019-09-27 10:03:44,295 [Thread-842] INFO  impl.FollowerState (FollowerState.java:run(115)) - 010a5080-8642-4af5-99ba-788150127419: FollowerState was interrupted: java.lang.InterruptedException: sleep interrupted
2019-09-27 10:03:44,295 [ForkJoinPool.commonPool-worker-0] INFO  impl.RaftServerImpl (ServerState.java:close(385)) - 010a5080-8642-4af5-99ba-788150127419@group-61F0866A4D7E: closes. applyIndex: 0
2019-09-27 10:03:44,297 [010a5080-8642-4af5-99ba-788150127419@group-61F0866A4D7E-SegmentedRaftLogWorker] INFO  segmented.SegmentedRaftLogWorker (SegmentedRaftLogWorker.java:run(313)) - 010a5080-8642-4af5-99ba-788150127419@group-61F0866A4D7E-SegmentedRaftLogWorker was interrupted, exiting. There are 0 tasks remaining in the queue.
2019-09-27 10:03:44,298 [ForkJoinPool.commonPool-worker-0] INFO  segmented.SegmentedRaftLogWorker (SegmentedRaftLogWorker.java:close(228)) - 010a5080-8642-4af5-99ba-788150127419@group-61F0866A4D7E-SegmentedRaftLogWorker close()
2019-09-27 10:03:44,298 [ForkJoinPool.commonPool-worker-0] INFO  impl.RaftServerImpl (RaftServerImpl.java:lambda$shutdown$3(251)) - 010a5080-8642-4af5-99ba-788150127419@group-5636BBB24C4C: shutdown
2019-09-27 10:03:44,299 [ForkJoinPool.commonPool-worker-0] INFO  util.JmxRegister (JmxRegister.java:unregister(73)) - Successfully un-registered JMX Bean with object name Ratis:service=RaftServer,group=group-5636BBB24C4C,id=010a5080-8642-4af5-99ba-788150127419
2019-09-27 10:03:44,299 [ForkJoinPool.commonPool-worker-0] INFO  impl.RoleInfo (RoleInfo.java:shutdownLeaderState(104)) - 010a5080-8642-4af5-99ba-788150127419: shutdown LeaderState
2019-09-27 10:03:44,299 [ForkJoinPool.commonPool-worker-0] INFO  impl.PendingRequests (PendingRequests.java:sendNotLeaderResponses(202)) - 010a5080-8642-4af5-99ba-788150127419-PendingRequests: sendNotLeaderResponses
2019-09-27 10:03:44,300 [ForkJoinPool.commonPool-worker-0] INFO  impl.StateMachineUpdater (StateMachineUpdater.java:stopAndJoin(125)) - 010a5080-8642-4af5-99ba-788150127419@group-5636BBB24C4C-StateMachineUpdater: set stopIndex = 0
2019-09-27 10:03:44,300 [ForkJoinPool.commonPool-worker-0] INFO  impl.RaftServerImpl (ServerState.java:close(385)) - 010a5080-8642-4af5-99ba-788150127419@group-5636BBB24C4C: closes. applyIndex: 0
2019-09-27 10:03:44,301 [010a5080-8642-4af5-99ba-788150127419@group-5636BBB24C4C-SegmentedRaftLogWorker] INFO  segmented.SegmentedRaftLogWorker (SegmentedRaftLogWorker.java:run(313)) - 010a5080-8642-4af5-99ba-788150127419@group-5636BBB24C4C-SegmentedRaftLogWorker was interrupted, exiting. There are 0 tasks remaining in the queue.
2019-09-27 10:03:44,301 [ForkJoinPool.commonPool-worker-0] INFO  segmented.SegmentedRaftLogWorker (SegmentedRaftLogWorker.java:close(228)) - 010a5080-8642-4af5-99ba-788150127419@group-5636BBB24C4C-SegmentedRaftLogWorker close()
2019-09-27 10:03:44,302 [ForkJoinPool.commonPool-worker-0] INFO  server.GrpcService (GrpcService.java:closeImpl(164)) - 010a5080-8642-4af5-99ba-788150127419: shutdown server with port 38175 now
2019-09-27 10:03:44,302 [ForkJoinPool.commonPool-worker-0] INFO  server.GrpcService (GrpcService.java:closeImpl(172)) - 010a5080-8642-4af5-99ba-788150127419: shutdown server with port 38175 successfully
2019-09-27 10:03:44,310 [refreshUsed-/workdir/hadoop-ozone/integration-test/target/test-dir/MiniOzoneClusterImpl-cdbcb096-6118-4bf2-bc8d-5446b0901881/datanode-5/data/containers] WARN  fs.CachingGetSpaceUsed (CachingGetSpaceUsed.java:run(183)) - Thread Interrupted waiting to refresh disk information: sleep interrupted
2019-09-27 10:03:44,327 [ForkJoinPool.commonPool-worker-0] INFO  utils.BackgroundService (BackgroundService.java:shutdown(148)) - Shutting down service BlockDeletingService
2019-09-27 10:03:44,330 [ForkJoinPool.commonPool-worker-0] INFO  statemachine.DatanodeStateMachine (DatanodeStateMachine.java:stopDaemon(395)) - Ozone container server stopped.
2019-09-27 10:03:44,333 [ForkJoinPool.commonPool-worker-0] INFO  handler.ContextHandler (ContextHandler.java:doStop(910)) - Stopped o.e.j.w.WebAppContext@6ef60295{/,null,UNAVAILABLE}{/hddsDatanode}
2019-09-27 10:03:44,334 [ForkJoinPool.commonPool-worker-0] INFO  server.AbstractConnector (AbstractConnector.java:doStop(318)) - Stopped ServerConnector@3127cb44{HTTP/1.1,[http/1.1]}{0.0.0.0:0}
2019-09-27 10:03:44,338 [ForkJoinPool.commonPool-worker-0] INFO  handler.ContextHandler (ContextHandler.java:doStop(910)) - Stopped o.e.j.s.ServletContextHandler@10c47c79{/static,jar:file:/home/user/.m2/repository/org/apache/hadoop/hadoop-hdds-container-service/0.5.0-SNAPSHOT/hadoop-hdds-container-service-0.5.0-SNAPSHOT.jar!/webapps/static,UNAVAILABLE}
2019-09-27 10:03:44,338 [ForkJoinPool.commonPool-worker-0] INFO  handler.ContextHandler (ContextHandler.java:doStop(910)) - Stopped o.e.j.s.ServletContextHandler@3a2e9f5b{/logs,file:///workdir/hadoop-ozone/integration-test/target/log,UNAVAILABLE}
2019-09-27 10:03:44,339 [main] INFO  ozone.MiniOzoneClusterImpl (MiniOzoneClusterImpl.java:stopSCM(392)) - Stopping the StorageContainerManager
2019-09-27 10:03:44,339 [main] INFO  server.StorageContainerManager (StorageContainerManager.java:stop(808)) - Stopping Replication Manager Service.
2019-09-27 10:03:44,340 [main] INFO  container.ReplicationManager (ReplicationManager.java:stop(203)) - Stopping Replication Monitor Thread.
2019-09-27 10:03:44,340 [main] INFO  server.StorageContainerManager (StorageContainerManager.java:stop(815)) - Stopping Lease Manager of the command watchers
2019-09-27 10:03:44,340 [main] INFO  server.StorageContainerManager (StorageContainerManager.java:stop(822)) - Stopping datanode service RPC server
2019-09-27 10:03:44,340 [main] INFO  server.SCMDatanodeProtocolServer (SCMDatanodeProtocolServer.java:stop(367)) - Stopping the RPC server for DataNodes
2019-09-27 10:03:44,341 [main] INFO  ipc.Server (Server.java:stop(3082)) - Stopping server on 35414
2019-09-27 10:03:44,344 [IPC Server listener on 35414] INFO  ipc.Server (Server.java:run(1185)) - Stopping IPC Server listener on 35414
2019-09-27 10:03:44,344 [IPC Server Responder] INFO  ipc.Server (Server.java:run(1319)) - Stopping IPC Server Responder
2019-09-27 10:03:44,445 [SCM Heartbeat Processing Thread - 0] WARN  node.NodeStateManager (NodeStateManager.java:scheduleNextHealthCheck(646)) - Current Thread is interrupted, shutting down HB processing thread for Node Manager.
2019-09-27 10:03:44,445 [main] INFO  server.StorageContainerManager (StorageContainerManager.java:stop(830)) - Stopping block service RPC server
2019-09-27 10:03:44,446 [main] INFO  server.SCMBlockProtocolServer (SCMBlockProtocolServer.java:stop(155)) - Stopping the RPC server for Block Protocol
2019-09-27 10:03:44,446 [main] INFO  ipc.Server (Server.java:stop(3082)) - Stopping server on 36166
2019-09-27 10:03:44,449 [IPC Server listener on 36166] INFO  ipc.Server (Server.java:run(1185)) - Stopping IPC Server listener on 36166
2019-09-27 10:03:44,450 [main] INFO  server.StorageContainerManager (StorageContainerManager.java:stop(837)) - Stopping the StorageContainerLocationProtocol RPC server
2019-09-27 10:03:44,451 [IPC Server Responder] INFO  ipc.Server (Server.java:run(1319)) - Stopping IPC Server Responder
2019-09-27 10:03:44,451 [main] INFO  server.SCMClientProtocolServer (SCMClientProtocolServer.java:stop(159)) - Stopping the RPC server for Client Protocol
2019-09-27 10:03:44,451 [main] INFO  ipc.Server (Server.java:stop(3082)) - Stopping server on 46095
2019-09-27 10:03:44,454 [IPC Server listener on 46095] INFO  ipc.Server (Server.java:run(1185)) - Stopping IPC Server listener on 46095
2019-09-27 10:03:44,454 [main] INFO  server.StorageContainerManager (StorageContainerManager.java:stop(844)) - Stopping Storage Container Manager HTTP server.
2019-09-27 10:03:44,455 [IPC Server Responder] INFO  ipc.Server (Server.java:run(1319)) - Stopping IPC Server Responder
2019-09-27 10:03:44,456 [main] INFO  handler.ContextHandler (ContextHandler.java:doStop(910)) - Stopped o.e.j.w.WebAppContext@73971965{/,null,UNAVAILABLE}{/scm}
2019-09-27 10:03:44,457 [main] INFO  server.AbstractConnector (AbstractConnector.java:doStop(318)) - Stopped ServerConnector@76a14c8d{HTTP/1.1,[http/1.1]}{0.0.0.0:0}
2019-09-27 10:03:44,458 [main] INFO  handler.ContextHandler (ContextHandler.java:doStop(910)) - Stopped o.e.j.s.ServletContextHandler@3bec5821{/static,file:///workdir/hadoop-ozone/integration-test/target/test-classes/webapps/static,UNAVAILABLE}
2019-09-27 10:03:44,459 [main] INFO  handler.ContextHandler (ContextHandler.java:doStop(910)) - Stopped o.e.j.s.ServletContextHandler@6949e948{/logs,file:///workdir/hadoop-ozone/integration-test/target/log,UNAVAILABLE}
2019-09-27 10:03:44,460 [main] INFO  server.StorageContainerManager (StorageContainerManager.java:stop(855)) - Stopping Block Manager Service.
2019-09-27 10:03:44,460 [main] INFO  utils.BackgroundService (BackgroundService.java:shutdown(148)) - Shutting down service SCMBlockDeletingService
2019-09-27 10:03:44,461 [main] INFO  utils.BackgroundService (BackgroundService.java:shutdown(148)) - Shutting down service SCMBlockDeletingService
2019-09-27 10:03:44,462 [main] INFO  server.StorageContainerManager (StorageContainerManager.java:stop(877)) - Stopping SCM Event Queue.
2019-09-27 10:03:44,466 [main] INFO  impl.MetricsSystemImpl (MetricsSystemImpl.java:stop(210)) - Stopping HddsDatanode metrics system...
2019-09-27 10:03:44,481 [main] INFO  impl.MetricsSystemImpl (MetricsSystemImpl.java:stop(216)) - HddsDatanode metrics system stopped.
]]></system-out>
    <system-err><![CDATA[Sep 27, 2019 10:03:29 AM org.apache.ratis.thirdparty.io.grpc.internal.SerializingExecutor run
SEVERE: Exception while executing runnable org.apache.ratis.thirdparty.io.grpc.internal.ServerImpl$JumpToApplicationThreadServerStreamListener$1Closed@5783acb5
org.apache.ratis.thirdparty.io.grpc.StatusRuntimeException: CANCELLED: call already cancelled
	at org.apache.ratis.thirdparty.io.grpc.Status.asRuntimeException(Status.java:517)
	at org.apache.ratis.thirdparty.io.grpc.stub.ServerCalls$ServerCallStreamObserverImpl.onCompleted(ServerCalls.java:356)
	at org.apache.ratis.grpc.server.GrpcServerProtocolService$ServerRequestStreamObserver.onError(GrpcServerProtocolService.java:121)
	at org.apache.ratis.thirdparty.io.grpc.stub.ServerCalls$StreamingServerCallHandler$StreamingServerCallListener.onCancel(ServerCalls.java:269)
	at org.apache.ratis.thirdparty.io.grpc.internal.ServerCallImpl$ServerStreamListenerImpl.closed(ServerCallImpl.java:293)
	at org.apache.ratis.thirdparty.io.grpc.internal.ServerImpl$JumpToApplicationThreadServerStreamListener$1Closed.runInContext(ServerImpl.java:741)
	at org.apache.ratis.thirdparty.io.grpc.internal.ContextRunnable.run(ContextRunnable.java:37)
	at org.apache.ratis.thirdparty.io.grpc.internal.SerializingExecutor.run(SerializingExecutor.java:123)
	at java.util.concurrent.ThreadPoolExecutor.runWorker(ThreadPoolExecutor.java:1149)
	at java.util.concurrent.ThreadPoolExecutor$Worker.run(ThreadPoolExecutor.java:624)
	at java.lang.Thread.run(Thread.java:748)

Sep 27, 2019 10:03:34 AM org.apache.ratis.thirdparty.io.grpc.internal.SerializingExecutor run
SEVERE: Exception while executing runnable org.apache.ratis.thirdparty.io.grpc.internal.ServerImpl$JumpToApplicationThreadServerStreamListener$1Closed@76db8b7d
org.apache.ratis.thirdparty.io.grpc.StatusRuntimeException: CANCELLED: call already cancelled
	at org.apache.ratis.thirdparty.io.grpc.Status.asRuntimeException(Status.java:517)
	at org.apache.ratis.thirdparty.io.grpc.stub.ServerCalls$ServerCallStreamObserverImpl.onCompleted(ServerCalls.java:356)
	at org.apache.ratis.grpc.server.GrpcServerProtocolService$ServerRequestStreamObserver.onError(GrpcServerProtocolService.java:121)
	at org.apache.ratis.thirdparty.io.grpc.stub.ServerCalls$StreamingServerCallHandler$StreamingServerCallListener.onCancel(ServerCalls.java:269)
	at org.apache.ratis.thirdparty.io.grpc.internal.ServerCallImpl$ServerStreamListenerImpl.closed(ServerCallImpl.java:293)
	at org.apache.ratis.thirdparty.io.grpc.internal.ServerImpl$JumpToApplicationThreadServerStreamListener$1Closed.runInContext(ServerImpl.java:741)
	at org.apache.ratis.thirdparty.io.grpc.internal.ContextRunnable.run(ContextRunnable.java:37)
	at org.apache.ratis.thirdparty.io.grpc.internal.SerializingExecutor.run(SerializingExecutor.java:123)
	at java.util.concurrent.ThreadPoolExecutor.runWorker(ThreadPoolExecutor.java:1149)
	at java.util.concurrent.ThreadPoolExecutor$Worker.run(ThreadPoolExecutor.java:624)
	at java.lang.Thread.run(Thread.java:748)

Sep 27, 2019 10:03:34 AM org.apache.ratis.thirdparty.io.grpc.internal.SerializingExecutor run
SEVERE: Exception while executing runnable org.apache.ratis.thirdparty.io.grpc.internal.ServerImpl$JumpToApplicationThreadServerStreamListener$1Closed@7961a470
org.apache.ratis.thirdparty.io.grpc.StatusRuntimeException: CANCELLED: call already cancelled
	at org.apache.ratis.thirdparty.io.grpc.Status.asRuntimeException(Status.java:517)
	at org.apache.ratis.thirdparty.io.grpc.stub.ServerCalls$ServerCallStreamObserverImpl.onCompleted(ServerCalls.java:356)
	at org.apache.ratis.grpc.server.GrpcServerProtocolService$ServerRequestStreamObserver.onError(GrpcServerProtocolService.java:121)
	at org.apache.ratis.thirdparty.io.grpc.stub.ServerCalls$StreamingServerCallHandler$StreamingServerCallListener.onCancel(ServerCalls.java:269)
	at org.apache.ratis.thirdparty.io.grpc.internal.ServerCallImpl$ServerStreamListenerImpl.closed(ServerCallImpl.java:293)
	at org.apache.ratis.thirdparty.io.grpc.internal.ServerImpl$JumpToApplicationThreadServerStreamListener$1Closed.runInContext(ServerImpl.java:741)
	at org.apache.ratis.thirdparty.io.grpc.internal.ContextRunnable.run(ContextRunnable.java:37)
	at org.apache.ratis.thirdparty.io.grpc.internal.SerializingExecutor.run(SerializingExecutor.java:123)
	at java.util.concurrent.ThreadPoolExecutor.runWorker(ThreadPoolExecutor.java:1149)
	at java.util.concurrent.ThreadPoolExecutor$Worker.run(ThreadPoolExecutor.java:624)
	at java.lang.Thread.run(Thread.java:748)

]]></system-err>
  </testcase>
</testsuite>