<?xml version="1.0" encoding="UTF-8"?>
<testsuite xmlns:xsi="http://www.w3.org/2001/XMLSchema-instance" xsi:noNamespaceSchemaLocation="https://maven.apache.org/surefire/maven-surefire-plugin/xsd/surefire-test-report.xsd" name="org.apache.hadoop.ozone.client.rpc.TestWatchForCommit" time="243.922" tests="5" errors="1" skipped="0" failures="1">
  <properties>
    <property name="awt.toolkit" value="sun.awt.X11.XToolkit"/>
    <property name="file.encoding.pkg" value="sun.io"/>
    <property name="java.specification.version" value="1.8"/>
    <property name="sun.cpu.isalist" value=""/>
    <property name="sun.jnu.encoding" value="UTF-8"/>
    <property name="java.class.path" value="/workdir/hadoop-ozone/integration-test/target/test-classes:/workdir/hadoop-ozone/integration-test/target/classes:/home/user/.m2/repository/org/apache/hadoop/hadoop-ozone-common/0.5.0-SNAPSHOT/hadoop-ozone-common-0.5.0-SNAPSHOT.jar:/home/user/.m2/repository/org/apache/commons/commons-compress/1.4.1/commons-compress-1.4.1.jar:/home/user/.m2/repository/org/tukaani/xz/1.0/xz-1.0.jar:/home/user/.m2/repository/org/apache/hadoop/hadoop-common/3.2.0/hadoop-common-3.2.0.jar:/home/user/.m2/repository/org/apache/hadoop/hadoop-hdfs/3.2.0/hadoop-hdfs-3.2.0.jar:/home/user/.m2/repository/org/apache/hadoop/hadoop-hdfs-client/3.2.0/hadoop-hdfs-client-3.2.0.jar:/home/user/.m2/repository/com/fasterxml/jackson/core/jackson-annotations/2.9.9/jackson-annotations-2.9.9.jar:/home/user/.m2/repository/org/apache/hadoop/hadoop-hdds-common/0.5.0-SNAPSHOT/hadoop-hdds-common-0.5.0-SNAPSHOT.jar:/home/user/.m2/repository/javax/annotation/javax.annotation-api/1.2/javax.annotation-api-1.2.jar:/home/user/.m2/repository/org/apache/ratis/ratis-server/0.5.0-201fc85-SNAPSHOT/ratis-server-0.5.0-201fc85-SNAPSHOT.jar:/home/user/.m2/repository/org/apache/ratis/ratis-thirdparty-misc/0.2.0/ratis-thirdparty-misc-0.2.0.jar:/home/user/.m2/repository/org/apache/ratis/ratis-proto/0.5.0-201fc85-SNAPSHOT/ratis-proto-0.5.0-201fc85-SNAPSHOT.jar:/home/user/.m2/repository/org/apache/ratis/ratis-common/0.5.0-201fc85-SNAPSHOT/ratis-common-0.5.0-201fc85-SNAPSHOT.jar:/home/user/.m2/repository/org/apache/ratis/ratis-client/0.5.0-201fc85-SNAPSHOT/ratis-client-0.5.0-201fc85-SNAPSHOT.jar:/home/user/.m2/repository/org/apache/ratis/ratis-metrics/0.5.0-201fc85-SNAPSHOT/ratis-metrics-0.5.0-201fc85-SNAPSHOT.jar:/home/user/.m2/repository/com/github/joshelser/dropwizard-metrics-hadoop-metrics2-reporter/0.1.2/dropwizard-metrics-hadoop-metrics2-reporter-0.1.2.jar:/home/user/.m2/repository/io/dropwizard/metrics/metrics-jvm/3.2.5/metrics-jvm-3.2.5.jar:/home/user/.m2/repository/io/dropwizard/metrics/metrics-ganglia/3.2.5/metrics-ganglia-3.2.5.jar:/home/user/.m2/repository/info/ganglia/gmetric4j/gmetric4j/1.0.7/gmetric4j-1.0.7.jar:/home/user/.m2/repository/org/apache/ratis/ratis-netty/0.5.0-201fc85-SNAPSHOT/ratis-netty-0.5.0-201fc85-SNAPSHOT.jar:/home/user/.m2/repository/org/apache/ratis/ratis-grpc/0.5.0-201fc85-SNAPSHOT/ratis-grpc-0.5.0-201fc85-SNAPSHOT.jar:/home/user/.m2/repository/org/rocksdb/rocksdbjni/6.0.1/rocksdbjni-6.0.1.jar:/home/user/.m2/repository/org/apache/logging/log4j/log4j-api/2.11.0/log4j-api-2.11.0.jar:/home/user/.m2/repository/org/apache/logging/log4j/log4j-core/2.11.0/log4j-core-2.11.0.jar:/home/user/.m2/repository/com/lmax/disruptor/3.4.2/disruptor-3.4.2.jar:/home/user/.m2/repository/org/apache/commons/commons-pool2/2.6.0/commons-pool2-2.6.0.jar:/home/user/.m2/repository/org/bouncycastle/bcpkix-jdk15on/1.60/bcpkix-jdk15on-1.60.jar:/home/user/.m2/repository/commons-validator/commons-validator/1.6/commons-validator-1.6.jar:/home/user/.m2/repository/commons-digester/commons-digester/1.8.1/commons-digester-1.8.1.jar:/home/user/.m2/repository/io/jaegertracing/jaeger-client/0.34.0/jaeger-client-0.34.0.jar:/home/user/.m2/repository/io/jaegertracing/jaeger-thrift/0.34.0/jaeger-thrift-0.34.0.jar:/home/user/.m2/repository/org/apache/thrift/libthrift/0.12.0/libthrift-0.12.0.jar:/home/user/.m2/repository/com/squareup/okhttp3/okhttp/3.9.0/okhttp-3.9.0.jar:/home/user/.m2/repository/com/squareup/okio/okio/1.13.0/okio-1.13.0.jar:/home/user/.m2/repository/io/jaegertracing/jaeger-core/0.34.0/jaeger-core-0.34.0.jar:/home/user/.m2/repository/io/jaegertracing/jaeger-tracerresolver/0.34.0/jaeger-tracerresolver-0.34.0.jar:/home/user/.m2/repository/io/opentracing/contrib/opentracing-tracerresolver/0.1.5/opentracing-tracerresolver-0.1.5.jar:/home/user/.m2/repository/io/opentracing/opentracing-util/0.31.0/opentracing-util-0.31.0.jar:/home/user/.m2/repository/io/opentracing/opentracing-api/0.31.0/opentracing-api-0.31.0.jar:/home/user/.m2/repository/io/opentracing/opentracing-noop/0.31.0/opentracing-noop-0.31.0.jar:/home/user/.m2/repository/org/apache/hadoop/hadoop-hdds-server-framework/0.5.0-SNAPSHOT/hadoop-hdds-server-framework-0.5.0-SNAPSHOT.jar:/home/user/.m2/repository/org/apache/hadoop/hadoop-hdds-container-service/0.5.0-SNAPSHOT/hadoop-hdds-container-service-0.5.0-SNAPSHOT.jar:/home/user/.m2/repository/org/apache/hadoop/hadoop-hdds-client/0.5.0-SNAPSHOT/hadoop-hdds-client-0.5.0-SNAPSHOT.jar:/home/user/.m2/repository/org/apache/hadoop/hadoop-hdds-tools/0.5.0-SNAPSHOT/hadoop-hdds-tools-0.5.0-SNAPSHOT.jar:/home/user/.m2/repository/org/apache/hadoop/hadoop-hdds-server-scm/0.5.0-SNAPSHOT/hadoop-hdds-server-scm-0.5.0-SNAPSHOT.jar:/home/user/.m2/repository/org/apache/hadoop/hadoop-hdds-docs/0.5.0-SNAPSHOT/hadoop-hdds-docs-0.5.0-SNAPSHOT.jar:/home/user/.m2/repository/io/dropwizard/metrics/metrics-core/3.2.4/metrics-core-3.2.4.jar:/home/user/.m2/repository/org/hamcrest/hamcrest-all/1.3/hamcrest-all-1.3.jar:/home/user/.m2/repository/org/bouncycastle/bcprov-jdk15on/1.60/bcprov-jdk15on-1.60.jar:/home/user/.m2/repository/info/picocli/picocli/3.9.6/picocli-3.9.6.jar:/home/user/.m2/repository/com/google/protobuf/protobuf-java/2.5.0/protobuf-java-2.5.0.jar:/home/user/.m2/repository/com/google/guava/guava/11.0.2/guava-11.0.2.jar:/home/user/.m2/repository/org/apache/hadoop/hadoop-ozone-ozone-manager/0.5.0-SNAPSHOT/hadoop-ozone-ozone-manager-0.5.0-SNAPSHOT.jar:/home/user/.m2/repository/org/apache/hadoop/hadoop-minikdc/3.2.0/hadoop-minikdc-3.2.0.jar:/home/user/.m2/repository/commons-io/commons-io/2.5/commons-io-2.5.jar:/home/user/.m2/repository/org/apache/kerby/kerb-simplekdc/1.0.1/kerb-simplekdc-1.0.1.jar:/home/user/.m2/repository/org/apache/kerby/kerb-client/1.0.1/kerb-client-1.0.1.jar:/home/user/.m2/repository/org/apache/kerby/kerby-config/1.0.1/kerby-config-1.0.1.jar:/home/user/.m2/repository/org/apache/kerby/kerb-core/1.0.1/kerb-core-1.0.1.jar:/home/user/.m2/repository/org/apache/kerby/kerby-pkix/1.0.1/kerby-pkix-1.0.1.jar:/home/user/.m2/repository/org/apache/kerby/kerby-asn1/1.0.1/kerby-asn1-1.0.1.jar:/home/user/.m2/repository/org/apache/kerby/kerby-util/1.0.1/kerby-util-1.0.1.jar:/home/user/.m2/repository/org/apache/kerby/kerb-common/1.0.1/kerb-common-1.0.1.jar:/home/user/.m2/repository/org/apache/kerby/kerb-crypto/1.0.1/kerb-crypto-1.0.1.jar:/home/user/.m2/repository/org/apache/kerby/kerb-util/1.0.1/kerb-util-1.0.1.jar:/home/user/.m2/repository/org/apache/kerby/token-provider/1.0.1/token-provider-1.0.1.jar:/home/user/.m2/repository/org/apache/kerby/kerb-admin/1.0.1/kerb-admin-1.0.1.jar:/home/user/.m2/repository/org/apache/kerby/kerb-server/1.0.1/kerb-server-1.0.1.jar:/home/user/.m2/repository/org/apache/kerby/kerb-identity/1.0.1/kerb-identity-1.0.1.jar:/home/user/.m2/repository/org/apache/kerby/kerby-xdr/1.0.1/kerby-xdr-1.0.1.jar:/home/user/.m2/repository/org/slf4j/slf4j-log4j12/1.7.25/slf4j-log4j12-1.7.25.jar:/home/user/.m2/repository/org/apache/hadoop/hadoop-ozone-s3gateway/0.5.0-SNAPSHOT/hadoop-ozone-s3gateway-0.5.0-SNAPSHOT.jar:/home/user/.m2/repository/org/jboss/weld/servlet/weld-servlet/2.4.7.Final/weld-servlet-2.4.7.Final.jar:/home/user/.m2/repository/org/glassfish/jersey/containers/jersey-container-servlet-core/2.27/jersey-container-servlet-core-2.27.jar:/home/user/.m2/repository/org/glassfish/hk2/external/javax.inject/2.5.0-b42/javax.inject-2.5.0-b42.jar:/home/user/.m2/repository/org/glassfish/jersey/core/jersey-common/2.27/jersey-common-2.27.jar:/home/user/.m2/repository/org/glassfish/hk2/osgi-resource-locator/1.0.1/osgi-resource-locator-1.0.1.jar:/home/user/.m2/repository/javax/ws/rs/javax.ws.rs-api/2.1/javax.ws.rs-api-2.1.jar:/home/user/.m2/repository/org/glassfish/jersey/ext/cdi/jersey-cdi1x/2.27/jersey-cdi1x-2.27.jar:/home/user/.m2/repository/org/glassfish/jersey/inject/jersey-hk2/2.27/jersey-hk2-2.27.jar:/home/user/.m2/repository/org/glassfish/hk2/hk2-locator/2.5.0-b42/hk2-locator-2.5.0-b42.jar:/home/user/.m2/repository/org/javassist/javassist/3.22.0-CR2/javassist-3.22.0-CR2.jar:/home/user/.m2/repository/org/glassfish/hk2/hk2-api/2.5.0/hk2-api-2.5.0.jar:/home/user/.m2/repository/org/glassfish/hk2/external/jakarta.inject/2.5.0/jakarta.inject-2.5.0.jar:/home/user/.m2/repository/org/glassfish/hk2/hk2-utils/2.5.0/hk2-utils-2.5.0.jar:/home/user/.m2/repository/jakarta/annotation/jakarta.annotation-api/1.3.4/jakarta.annotation-api-1.3.4.jar:/home/user/.m2/repository/org/glassfish/hk2/external/aopalliance-repackaged/2.5.0/aopalliance-repackaged-2.5.0.jar:/home/user/.m2/repository/com/fasterxml/jackson/dataformat/jackson-dataformat-xml/2.9.0/jackson-dataformat-xml-2.9.0.jar:/home/user/.m2/repository/com/fasterxml/jackson/core/jackson-core/2.9.9/jackson-core-2.9.9.jar:/home/user/.m2/repository/com/fasterxml/jackson/module/jackson-module-jaxb-annotations/2.9.9/jackson-module-jaxb-annotations-2.9.9.jar:/home/user/.m2/repository/javax/enterprise/cdi-api/1.2/cdi-api-1.2.jar:/home/user/.m2/repository/javax/el/javax.el-api/3.0.0/javax.el-api-3.0.0.jar:/home/user/.m2/repository/javax/interceptor/javax.interceptor-api/1.2/javax.interceptor-api-1.2.jar:/home/user/.m2/repository/javax/inject/javax.inject/1/javax.inject-1.jar:/home/user/.m2/repository/com/sun/xml/bind/jaxb-impl/2.3.0.1/jaxb-impl-2.3.0.1.jar:/home/user/.m2/repository/com/sun/xml/bind/jaxb-core/2.3.0.1/jaxb-core-2.3.0.1.jar:/home/user/.m2/repository/javax/xml/bind/jaxb-api/2.3.0/jaxb-api-2.3.0.jar:/home/user/.m2/repository/javax/activation/activation/1.1.1/activation-1.1.1.jar:/home/user/.m2/repository/org/apache/hadoop/hadoop-ozone-csi/0.5.0-SNAPSHOT/hadoop-ozone-csi-0.5.0-SNAPSHOT.jar:/home/user/.m2/repository/com/google/protobuf/protobuf-java-util/3.5.1/protobuf-java-util-3.5.1.jar:/home/user/.m2/repository/org/apache/hadoop/hadoop-hdds-config/0.5.0-SNAPSHOT/hadoop-hdds-config-0.5.0-SNAPSHOT.jar:/home/user/.m2/repository/io/grpc/grpc-netty/1.17.1/grpc-netty-1.17.1.jar:/home/user/.m2/repository/io/grpc/grpc-core/1.17.1/grpc-core-1.17.1.jar:/home/user/.m2/repository/io/grpc/grpc-context/1.17.1/grpc-context-1.17.1.jar:/home/user/.m2/repository/com/google/errorprone/error_prone_annotations/2.2.0/error_prone_annotations-2.2.0.jar:/home/user/.m2/repository/org/codehaus/mojo/animal-sniffer-annotations/1.17/animal-sniffer-annotations-1.17.jar:/home/user/.m2/repository/io/opencensus/opencensus-api/0.17.0/opencensus-api-0.17.0.jar:/home/user/.m2/repository/io/opencensus/opencensus-contrib-grpc-metrics/0.17.0/opencensus-contrib-grpc-metrics-0.17.0.jar:/home/user/.m2/repository/io/netty/netty-codec-http2/4.1.30.Final/netty-codec-http2-4.1.30.Final.jar:/home/user/.m2/repository/io/netty/netty-codec-http/4.1.30.Final/netty-codec-http-4.1.30.Final.jar:/home/user/.m2/repository/io/netty/netty-codec/4.1.30.Final/netty-codec-4.1.30.Final.jar:/home/user/.m2/repository/io/netty/netty-handler/4.1.30.Final/netty-handler-4.1.30.Final.jar:/home/user/.m2/repository/io/netty/netty-handler-proxy/4.1.30.Final/netty-handler-proxy-4.1.30.Final.jar:/home/user/.m2/repository/io/netty/netty-codec-socks/4.1.30.Final/netty-codec-socks-4.1.30.Final.jar:/home/user/.m2/repository/io/netty/netty-transport-native-epoll/4.1.30.Final/netty-transport-native-epoll-4.1.30.Final.jar:/home/user/.m2/repository/io/netty/netty-common/4.1.30.Final/netty-common-4.1.30.Final.jar:/home/user/.m2/repository/io/netty/netty-buffer/4.1.30.Final/netty-buffer-4.1.30.Final.jar:/home/user/.m2/repository/io/netty/netty-transport/4.1.30.Final/netty-transport-4.1.30.Final.jar:/home/user/.m2/repository/io/netty/netty-resolver/4.1.30.Final/netty-resolver-4.1.30.Final.jar:/home/user/.m2/repository/io/netty/netty-transport-native-unix-common/4.1.30.Final/netty-transport-native-unix-common-4.1.30.Final.jar:/home/user/.m2/repository/io/grpc/grpc-protobuf/1.17.1/grpc-protobuf-1.17.1.jar:/home/user/.m2/repository/com/google/api/grpc/proto-google-common-protos/1.0.0/proto-google-common-protos-1.0.0.jar:/home/user/.m2/repository/io/grpc/grpc-protobuf-lite/1.17.1/grpc-protobuf-lite-1.17.1.jar:/home/user/.m2/repository/io/grpc/grpc-stub/1.17.1/grpc-stub-1.17.1.jar:/home/user/.m2/repository/org/apache/hadoop/hadoop-ozone-recon/0.5.0-SNAPSHOT/hadoop-ozone-recon-0.5.0-SNAPSHOT.jar:/home/user/.m2/repository/org/apache/hadoop/hadoop-ozone-reconcodegen/0.5.0-SNAPSHOT/hadoop-ozone-reconcodegen-0.5.0-SNAPSHOT.jar:/home/user/.m2/repository/com/google/inject/extensions/guice-multibindings/4.0/guice-multibindings-4.0.jar:/home/user/.m2/repository/com/google/inject/guice/4.0/guice-4.0.jar:/home/user/.m2/repository/aopalliance/aopalliance/1.0/aopalliance-1.0.jar:/home/user/.m2/repository/com/google/inject/extensions/guice-servlet/4.0/guice-servlet-4.0.jar:/home/user/.m2/repository/org/glassfish/jersey/containers/jersey-container-servlet/2.27/jersey-container-servlet-2.27.jar:/home/user/.m2/repository/org/glassfish/hk2/guice-bridge/2.5.0/guice-bridge-2.5.0.jar:/home/user/.m2/repository/org/glassfish/jersey/core/jersey-server/2.27/jersey-server-2.27.jar:/home/user/.m2/repository/org/glassfish/jersey/core/jersey-client/2.27/jersey-client-2.27.jar:/home/user/.m2/repository/org/glassfish/jersey/media/jersey-media-jaxb/2.27/jersey-media-jaxb-2.27.jar:/home/user/.m2/repository/javax/validation/validation-api/1.1.0.Final/validation-api-1.1.0.Final.jar:/home/user/.m2/repository/org/glassfish/jersey/media/jersey-media-json-jackson/2.27/jersey-media-json-jackson-2.27.jar:/home/user/.m2/repository/org/glassfish/jersey/ext/jersey-entity-filtering/2.27/jersey-entity-filtering-2.27.jar:/home/user/.m2/repository/com/google/inject/extensions/guice-assistedinject/4.0/guice-assistedinject-4.0.jar:/home/user/.m2/repository/org/jooq/jooq/3.11.10/jooq-3.11.10.jar:/home/user/.m2/repository/org/jooq/jooq-meta/3.11.10/jooq-meta-3.11.10.jar:/home/user/.m2/repository/org/jooq/jooq-codegen/3.11.10/jooq-codegen-3.11.10.jar:/home/user/.m2/repository/com/jolbox/bonecp/0.8.0.RELEASE/bonecp-0.8.0.RELEASE.jar:/home/user/.m2/repository/org/xerial/sqlite-jdbc/3.25.2/sqlite-jdbc-3.25.2.jar:/home/user/.m2/repository/org/springframework/spring-jdbc/5.1.3.RELEASE/spring-jdbc-5.1.3.RELEASE.jar:/home/user/.m2/repository/org/springframework/spring-beans/5.1.3.RELEASE/spring-beans-5.1.3.RELEASE.jar:/home/user/.m2/repository/org/springframework/spring-core/5.1.3.RELEASE/spring-core-5.1.3.RELEASE.jar:/home/user/.m2/repository/org/springframework/spring-jcl/5.1.3.RELEASE/spring-jcl-5.1.3.RELEASE.jar:/home/user/.m2/repository/org/springframework/spring-tx/5.1.3.RELEASE/spring-tx-5.1.3.RELEASE.jar:/home/user/.m2/repository/org/apache/hadoop/hadoop-ozone-client/0.5.0-SNAPSHOT/hadoop-ozone-client-0.5.0-SNAPSHOT.jar:/home/user/.m2/repository/commons-lang/commons-lang/2.6/commons-lang-2.6.jar:/home/user/.m2/repository/org/apache/hadoop/hadoop-ozone-ozone-manager/0.5.0-SNAPSHOT/hadoop-ozone-ozone-manager-0.5.0-SNAPSHOT-tests.jar:/home/user/.m2/repository/junit/junit/4.11/junit-4.11.jar:/home/user/.m2/repository/org/hamcrest/hamcrest-core/1.3/hamcrest-core-1.3.jar:/home/user/.m2/repository/org/openjdk/jmh/jmh-core/1.19/jmh-core-1.19.jar:/home/user/.m2/repository/net/sf/jopt-simple/jopt-simple/4.6/jopt-simple-4.6.jar:/home/user/.m2/repository/org/apache/commons/commons-math3/3.1.1/commons-math3-3.1.1.jar:/home/user/.m2/repository/org/openjdk/jmh/jmh-generator-annprocess/1.19/jmh-generator-annprocess-1.19.jar:/home/user/.m2/repository/org/mockito/mockito-all/1.8.5/mockito-all-1.8.5.jar:/home/user/.m2/repository/org/apache/hadoop/hadoop-kms/3.2.0/hadoop-kms-3.2.0.jar:/home/user/.m2/repository/org/apache/hadoop/hadoop-auth/3.2.0/hadoop-auth-3.2.0.jar:/home/user/.m2/repository/com/nimbusds/nimbus-jose-jwt/4.41.1/nimbus-jose-jwt-4.41.1.jar:/home/user/.m2/repository/com/github/stephenc/jcip/jcip-annotations/1.0-1/jcip-annotations-1.0-1.jar:/home/user/.m2/repository/net/minidev/json-smart/2.3/json-smart-2.3.jar:/home/user/.m2/repository/net/minidev/accessors-smart/1.2/accessors-smart-1.2.jar:/home/user/.m2/repository/org/ow2/asm/asm/5.0.4/asm-5.0.4.jar:/home/user/.m2/repository/org/apache/curator/curator-framework/2.12.0/curator-framework-2.12.0.jar:/home/user/.m2/repository/com/sun/jersey/jersey-core/1.19/jersey-core-1.19.jar:/home/user/.m2/repository/javax/ws/rs/jsr311-api/1.1.1/jsr311-api-1.1.1.jar:/home/user/.m2/repository/com/sun/jersey/jersey-server/1.19/jersey-server-1.19.jar:/home/user/.m2/repository/javax/servlet/javax.servlet-api/3.1.0/javax.servlet-api-3.1.0.jar:/home/user/.m2/repository/org/eclipse/jetty/jetty-server/9.3.25.v20180904/jetty-server-9.3.25.v20180904.jar:/home/user/.m2/repository/org/eclipse/jetty/jetty-http/9.3.25.v20180904/jetty-http-9.3.25.v20180904.jar:/home/user/.m2/repository/org/eclipse/jetty/jetty-io/9.3.25.v20180904/jetty-io-9.3.25.v20180904.jar:/home/user/.m2/repository/org/eclipse/jetty/jetty-webapp/9.3.25.v20180904/jetty-webapp-9.3.25.v20180904.jar:/home/user/.m2/repository/org/eclipse/jetty/jetty-xml/9.3.25.v20180904/jetty-xml-9.3.25.v20180904.jar:/home/user/.m2/repository/log4j/log4j/1.2.17/log4j-1.2.17.jar:/home/user/.m2/repository/org/slf4j/slf4j-api/1.7.25/slf4j-api-1.7.25.jar:/home/user/.m2/repository/org/slf4j/jul-to-slf4j/1.7.25/jul-to-slf4j-1.7.25.jar:/home/user/.m2/repository/org/eclipse/jetty/jetty-util/9.3.25.v20180904/jetty-util-9.3.25.v20180904.jar:/home/user/.m2/repository/com/fasterxml/jackson/core/jackson-databind/2.9.9/jackson-databind-2.9.9.jar:/home/user/.m2/repository/org/apache/hadoop/hadoop-kms/3.2.0/hadoop-kms-3.2.0-tests.jar:/home/user/.m2/repository/org/apache/hadoop/hadoop-hdds-server-scm/0.5.0-SNAPSHOT/hadoop-hdds-server-scm-0.5.0-SNAPSHOT-tests.jar:/home/user/.m2/repository/org/apache/hadoop/hadoop-hdds-container-service/0.5.0-SNAPSHOT/hadoop-hdds-container-service-0.5.0-SNAPSHOT-tests.jar:/home/user/.m2/repository/org/yaml/snakeyaml/1.16/snakeyaml-1.16.jar:/home/user/.m2/repository/org/apache/hadoop/hadoop-common/3.2.0/hadoop-common-3.2.0-tests.jar:/home/user/.m2/repository/org/apache/hadoop/hadoop-annotations/3.2.0/hadoop-annotations-3.2.0.jar:/usr/lib/jvm/java-1.8-openjdk/jre/../lib/tools.jar:/home/user/.m2/repository/commons-cli/commons-cli/1.2/commons-cli-1.2.jar:/home/user/.m2/repository/org/apache/httpcomponents/httpclient/4.5.2/httpclient-4.5.2.jar:/home/user/.m2/repository/org/apache/httpcomponents/httpcore/4.4.4/httpcore-4.4.4.jar:/home/user/.m2/repository/commons-codec/commons-codec/1.11/commons-codec-1.11.jar:/home/user/.m2/repository/commons-net/commons-net/3.6/commons-net-3.6.jar:/home/user/.m2/repository/commons-collections/commons-collections/3.2.2/commons-collections-3.2.2.jar:/home/user/.m2/repository/org/eclipse/jetty/jetty-servlet/9.3.25.v20180904/jetty-servlet-9.3.25.v20180904.jar:/home/user/.m2/repository/org/eclipse/jetty/jetty-security/9.3.25.v20180904/jetty-security-9.3.25.v20180904.jar:/home/user/.m2/repository/javax/servlet/jsp/jsp-api/2.1/jsp-api-2.1.jar:/home/user/.m2/repository/com/sun/jersey/jersey-servlet/1.19/jersey-servlet-1.19.jar:/home/user/.m2/repository/com/sun/jersey/jersey-json/1.19/jersey-json-1.19.jar:/home/user/.m2/repository/org/codehaus/jettison/jettison/1.1/jettison-1.1.jar:/home/user/.m2/repository/org/codehaus/jackson/jackson-core-asl/1.9.13/jackson-core-asl-1.9.13.jar:/home/user/.m2/repository/org/codehaus/jackson/jackson-mapper-asl/1.9.13/jackson-mapper-asl-1.9.13.jar:/home/user/.m2/repository/org/codehaus/jackson/jackson-jaxrs/1.9.13/jackson-jaxrs-1.9.13.jar:/home/user/.m2/repository/org/codehaus/jackson/jackson-xc/1.9.13/jackson-xc-1.9.13.jar:/home/user/.m2/repository/commons-logging/commons-logging/1.1.3/commons-logging-1.1.3.jar:/home/user/.m2/repository/commons-beanutils/commons-beanutils/1.9.4/commons-beanutils-1.9.4.jar:/home/user/.m2/repository/org/apache/commons/commons-configuration2/2.1.1/commons-configuration2-2.1.1.jar:/home/user/.m2/repository/org/apache/commons/commons-lang3/3.7/commons-lang3-3.7.jar:/home/user/.m2/repository/org/apache/commons/commons-text/1.4/commons-text-1.4.jar:/home/user/.m2/repository/org/apache/avro/avro/1.7.7/avro-1.7.7.jar:/home/user/.m2/repository/com/thoughtworks/paranamer/paranamer/2.3/paranamer-2.3.jar:/home/user/.m2/repository/org/xerial/snappy/snappy-java/1.0.5/snappy-java-1.0.5.jar:/home/user/.m2/repository/com/google/re2j/re2j/1.1/re2j-1.1.jar:/home/user/.m2/repository/com/google/code/gson/gson/2.2.4/gson-2.2.4.jar:/home/user/.m2/repository/com/jcraft/jsch/0.1.54/jsch-0.1.54.jar:/home/user/.m2/repository/org/apache/curator/curator-client/2.12.0/curator-client-2.12.0.jar:/home/user/.m2/repository/org/apache/curator/curator-recipes/2.12.0/curator-recipes-2.12.0.jar:/home/user/.m2/repository/com/google/code/findbugs/jsr305/3.0.0/jsr305-3.0.0.jar:/home/user/.m2/repository/org/apache/htrace/htrace-core4/4.1.0-incubating/htrace-core4-4.1.0-incubating.jar:/home/user/.m2/repository/org/apache/zookeeper/zookeeper/3.4.13/zookeeper-3.4.13.jar:/home/user/.m2/repository/jline/jline/0.9.94/jline-0.9.94.jar:/home/user/.m2/repository/org/apache/yetus/audience-annotations/0.5.0/audience-annotations-0.5.0.jar:/home/user/.m2/repository/org/codehaus/woodstox/stax2-api/3.1.4/stax2-api-3.1.4.jar:/home/user/.m2/repository/com/fasterxml/woodstox/woodstox-core/5.0.3/woodstox-core-5.0.3.jar:/home/user/.m2/repository/dnsjava/dnsjava/2.1.7/dnsjava-2.1.7.jar:/home/user/.m2/repository/org/apache/hadoop/hadoop-hdfs/3.2.0/hadoop-hdfs-3.2.0-tests.jar:/home/user/.m2/repository/org/eclipse/jetty/jetty-util-ajax/9.3.25.v20180904/jetty-util-ajax-9.3.25.v20180904.jar:/home/user/.m2/repository/commons-daemon/commons-daemon/1.0.13/commons-daemon-1.0.13.jar:/home/user/.m2/repository/io/netty/netty/3.10.5.Final/netty-3.10.5.Final.jar:/home/user/.m2/repository/io/netty/netty-all/4.0.52.Final/netty-all-4.0.52.Final.jar:/home/user/.m2/repository/org/fusesource/leveldbjni/leveldbjni-all/1.8/leveldbjni-all-1.8.jar:"/>
    <property name="java.vm.vendor" value="IcedTea"/>
    <property name="sun.arch.data.model" value="64"/>
    <property name="test.build.dir" value="/workdir/hadoop-ozone/integration-test/target/test-dir"/>
    <property name="test.cache.data" value=""/>
    <property name="java.vendor.url" value="https://icedtea.classpath.org"/>
    <property name="user.timezone" value=""/>
    <property name="java.vm.specification.version" value="1.8"/>
    <property name="os.name" value="Linux"/>
    <property name="test.build.data" value="/workdir/hadoop-ozone/integration-test/target/test-dir"/>
    <property name="user.country" value="US"/>
    <property name="sun.java.launcher" value="SUN_STANDARD"/>
    <property name="sun.boot.library.path" value="/usr/lib/jvm/java-1.8-openjdk/jre/lib/amd64"/>
    <property name="sun.java.command" value="/workdir/hadoop-ozone/integration-test/target/surefire/surefirebooter8954785821979975355.jar /workdir/hadoop-ozone/integration-test/target/surefire 2019-10-04T23-54-12_736-jvmRun1 surefire5873739383622397221tmp surefire_763415397195093282079tmp"/>
    <property name="test" value="!TestMiniChaosOzoneCluster"/>
    <property name="surefire.test.class.path" value="/workdir/hadoop-ozone/integration-test/target/test-classes:/workdir/hadoop-ozone/integration-test/target/classes:/home/user/.m2/repository/org/apache/hadoop/hadoop-ozone-common/0.5.0-SNAPSHOT/hadoop-ozone-common-0.5.0-SNAPSHOT.jar:/home/user/.m2/repository/org/apache/commons/commons-compress/1.4.1/commons-compress-1.4.1.jar:/home/user/.m2/repository/org/tukaani/xz/1.0/xz-1.0.jar:/home/user/.m2/repository/org/apache/hadoop/hadoop-common/3.2.0/hadoop-common-3.2.0.jar:/home/user/.m2/repository/org/apache/hadoop/hadoop-hdfs/3.2.0/hadoop-hdfs-3.2.0.jar:/home/user/.m2/repository/org/apache/hadoop/hadoop-hdfs-client/3.2.0/hadoop-hdfs-client-3.2.0.jar:/home/user/.m2/repository/com/fasterxml/jackson/core/jackson-annotations/2.9.9/jackson-annotations-2.9.9.jar:/home/user/.m2/repository/org/apache/hadoop/hadoop-hdds-common/0.5.0-SNAPSHOT/hadoop-hdds-common-0.5.0-SNAPSHOT.jar:/home/user/.m2/repository/javax/annotation/javax.annotation-api/1.2/javax.annotation-api-1.2.jar:/home/user/.m2/repository/org/apache/ratis/ratis-server/0.5.0-201fc85-SNAPSHOT/ratis-server-0.5.0-201fc85-SNAPSHOT.jar:/home/user/.m2/repository/org/apache/ratis/ratis-thirdparty-misc/0.2.0/ratis-thirdparty-misc-0.2.0.jar:/home/user/.m2/repository/org/apache/ratis/ratis-proto/0.5.0-201fc85-SNAPSHOT/ratis-proto-0.5.0-201fc85-SNAPSHOT.jar:/home/user/.m2/repository/org/apache/ratis/ratis-common/0.5.0-201fc85-SNAPSHOT/ratis-common-0.5.0-201fc85-SNAPSHOT.jar:/home/user/.m2/repository/org/apache/ratis/ratis-client/0.5.0-201fc85-SNAPSHOT/ratis-client-0.5.0-201fc85-SNAPSHOT.jar:/home/user/.m2/repository/org/apache/ratis/ratis-metrics/0.5.0-201fc85-SNAPSHOT/ratis-metrics-0.5.0-201fc85-SNAPSHOT.jar:/home/user/.m2/repository/com/github/joshelser/dropwizard-metrics-hadoop-metrics2-reporter/0.1.2/dropwizard-metrics-hadoop-metrics2-reporter-0.1.2.jar:/home/user/.m2/repository/io/dropwizard/metrics/metrics-jvm/3.2.5/metrics-jvm-3.2.5.jar:/home/user/.m2/repository/io/dropwizard/metrics/metrics-ganglia/3.2.5/metrics-ganglia-3.2.5.jar:/home/user/.m2/repository/info/ganglia/gmetric4j/gmetric4j/1.0.7/gmetric4j-1.0.7.jar:/home/user/.m2/repository/org/apache/ratis/ratis-netty/0.5.0-201fc85-SNAPSHOT/ratis-netty-0.5.0-201fc85-SNAPSHOT.jar:/home/user/.m2/repository/org/apache/ratis/ratis-grpc/0.5.0-201fc85-SNAPSHOT/ratis-grpc-0.5.0-201fc85-SNAPSHOT.jar:/home/user/.m2/repository/org/rocksdb/rocksdbjni/6.0.1/rocksdbjni-6.0.1.jar:/home/user/.m2/repository/org/apache/logging/log4j/log4j-api/2.11.0/log4j-api-2.11.0.jar:/home/user/.m2/repository/org/apache/logging/log4j/log4j-core/2.11.0/log4j-core-2.11.0.jar:/home/user/.m2/repository/com/lmax/disruptor/3.4.2/disruptor-3.4.2.jar:/home/user/.m2/repository/org/apache/commons/commons-pool2/2.6.0/commons-pool2-2.6.0.jar:/home/user/.m2/repository/org/bouncycastle/bcpkix-jdk15on/1.60/bcpkix-jdk15on-1.60.jar:/home/user/.m2/repository/commons-validator/commons-validator/1.6/commons-validator-1.6.jar:/home/user/.m2/repository/commons-digester/commons-digester/1.8.1/commons-digester-1.8.1.jar:/home/user/.m2/repository/io/jaegertracing/jaeger-client/0.34.0/jaeger-client-0.34.0.jar:/home/user/.m2/repository/io/jaegertracing/jaeger-thrift/0.34.0/jaeger-thrift-0.34.0.jar:/home/user/.m2/repository/org/apache/thrift/libthrift/0.12.0/libthrift-0.12.0.jar:/home/user/.m2/repository/com/squareup/okhttp3/okhttp/3.9.0/okhttp-3.9.0.jar:/home/user/.m2/repository/com/squareup/okio/okio/1.13.0/okio-1.13.0.jar:/home/user/.m2/repository/io/jaegertracing/jaeger-core/0.34.0/jaeger-core-0.34.0.jar:/home/user/.m2/repository/io/jaegertracing/jaeger-tracerresolver/0.34.0/jaeger-tracerresolver-0.34.0.jar:/home/user/.m2/repository/io/opentracing/contrib/opentracing-tracerresolver/0.1.5/opentracing-tracerresolver-0.1.5.jar:/home/user/.m2/repository/io/opentracing/opentracing-util/0.31.0/opentracing-util-0.31.0.jar:/home/user/.m2/repository/io/opentracing/opentracing-api/0.31.0/opentracing-api-0.31.0.jar:/home/user/.m2/repository/io/opentracing/opentracing-noop/0.31.0/opentracing-noop-0.31.0.jar:/home/user/.m2/repository/org/apache/hadoop/hadoop-hdds-server-framework/0.5.0-SNAPSHOT/hadoop-hdds-server-framework-0.5.0-SNAPSHOT.jar:/home/user/.m2/repository/org/apache/hadoop/hadoop-hdds-container-service/0.5.0-SNAPSHOT/hadoop-hdds-container-service-0.5.0-SNAPSHOT.jar:/home/user/.m2/repository/org/apache/hadoop/hadoop-hdds-client/0.5.0-SNAPSHOT/hadoop-hdds-client-0.5.0-SNAPSHOT.jar:/home/user/.m2/repository/org/apache/hadoop/hadoop-hdds-tools/0.5.0-SNAPSHOT/hadoop-hdds-tools-0.5.0-SNAPSHOT.jar:/home/user/.m2/repository/org/apache/hadoop/hadoop-hdds-server-scm/0.5.0-SNAPSHOT/hadoop-hdds-server-scm-0.5.0-SNAPSHOT.jar:/home/user/.m2/repository/org/apache/hadoop/hadoop-hdds-docs/0.5.0-SNAPSHOT/hadoop-hdds-docs-0.5.0-SNAPSHOT.jar:/home/user/.m2/repository/io/dropwizard/metrics/metrics-core/3.2.4/metrics-core-3.2.4.jar:/home/user/.m2/repository/org/hamcrest/hamcrest-all/1.3/hamcrest-all-1.3.jar:/home/user/.m2/repository/org/bouncycastle/bcprov-jdk15on/1.60/bcprov-jdk15on-1.60.jar:/home/user/.m2/repository/info/picocli/picocli/3.9.6/picocli-3.9.6.jar:/home/user/.m2/repository/com/google/protobuf/protobuf-java/2.5.0/protobuf-java-2.5.0.jar:/home/user/.m2/repository/com/google/guava/guava/11.0.2/guava-11.0.2.jar:/home/user/.m2/repository/org/apache/hadoop/hadoop-ozone-ozone-manager/0.5.0-SNAPSHOT/hadoop-ozone-ozone-manager-0.5.0-SNAPSHOT.jar:/home/user/.m2/repository/org/apache/hadoop/hadoop-minikdc/3.2.0/hadoop-minikdc-3.2.0.jar:/home/user/.m2/repository/commons-io/commons-io/2.5/commons-io-2.5.jar:/home/user/.m2/repository/org/apache/kerby/kerb-simplekdc/1.0.1/kerb-simplekdc-1.0.1.jar:/home/user/.m2/repository/org/apache/kerby/kerb-client/1.0.1/kerb-client-1.0.1.jar:/home/user/.m2/repository/org/apache/kerby/kerby-config/1.0.1/kerby-config-1.0.1.jar:/home/user/.m2/repository/org/apache/kerby/kerb-core/1.0.1/kerb-core-1.0.1.jar:/home/user/.m2/repository/org/apache/kerby/kerby-pkix/1.0.1/kerby-pkix-1.0.1.jar:/home/user/.m2/repository/org/apache/kerby/kerby-asn1/1.0.1/kerby-asn1-1.0.1.jar:/home/user/.m2/repository/org/apache/kerby/kerby-util/1.0.1/kerby-util-1.0.1.jar:/home/user/.m2/repository/org/apache/kerby/kerb-common/1.0.1/kerb-common-1.0.1.jar:/home/user/.m2/repository/org/apache/kerby/kerb-crypto/1.0.1/kerb-crypto-1.0.1.jar:/home/user/.m2/repository/org/apache/kerby/kerb-util/1.0.1/kerb-util-1.0.1.jar:/home/user/.m2/repository/org/apache/kerby/token-provider/1.0.1/token-provider-1.0.1.jar:/home/user/.m2/repository/org/apache/kerby/kerb-admin/1.0.1/kerb-admin-1.0.1.jar:/home/user/.m2/repository/org/apache/kerby/kerb-server/1.0.1/kerb-server-1.0.1.jar:/home/user/.m2/repository/org/apache/kerby/kerb-identity/1.0.1/kerb-identity-1.0.1.jar:/home/user/.m2/repository/org/apache/kerby/kerby-xdr/1.0.1/kerby-xdr-1.0.1.jar:/home/user/.m2/repository/org/slf4j/slf4j-log4j12/1.7.25/slf4j-log4j12-1.7.25.jar:/home/user/.m2/repository/org/apache/hadoop/hadoop-ozone-s3gateway/0.5.0-SNAPSHOT/hadoop-ozone-s3gateway-0.5.0-SNAPSHOT.jar:/home/user/.m2/repository/org/jboss/weld/servlet/weld-servlet/2.4.7.Final/weld-servlet-2.4.7.Final.jar:/home/user/.m2/repository/org/glassfish/jersey/containers/jersey-container-servlet-core/2.27/jersey-container-servlet-core-2.27.jar:/home/user/.m2/repository/org/glassfish/hk2/external/javax.inject/2.5.0-b42/javax.inject-2.5.0-b42.jar:/home/user/.m2/repository/org/glassfish/jersey/core/jersey-common/2.27/jersey-common-2.27.jar:/home/user/.m2/repository/org/glassfish/hk2/osgi-resource-locator/1.0.1/osgi-resource-locator-1.0.1.jar:/home/user/.m2/repository/javax/ws/rs/javax.ws.rs-api/2.1/javax.ws.rs-api-2.1.jar:/home/user/.m2/repository/org/glassfish/jersey/ext/cdi/jersey-cdi1x/2.27/jersey-cdi1x-2.27.jar:/home/user/.m2/repository/org/glassfish/jersey/inject/jersey-hk2/2.27/jersey-hk2-2.27.jar:/home/user/.m2/repository/org/glassfish/hk2/hk2-locator/2.5.0-b42/hk2-locator-2.5.0-b42.jar:/home/user/.m2/repository/org/javassist/javassist/3.22.0-CR2/javassist-3.22.0-CR2.jar:/home/user/.m2/repository/org/glassfish/hk2/hk2-api/2.5.0/hk2-api-2.5.0.jar:/home/user/.m2/repository/org/glassfish/hk2/external/jakarta.inject/2.5.0/jakarta.inject-2.5.0.jar:/home/user/.m2/repository/org/glassfish/hk2/hk2-utils/2.5.0/hk2-utils-2.5.0.jar:/home/user/.m2/repository/jakarta/annotation/jakarta.annotation-api/1.3.4/jakarta.annotation-api-1.3.4.jar:/home/user/.m2/repository/org/glassfish/hk2/external/aopalliance-repackaged/2.5.0/aopalliance-repackaged-2.5.0.jar:/home/user/.m2/repository/com/fasterxml/jackson/dataformat/jackson-dataformat-xml/2.9.0/jackson-dataformat-xml-2.9.0.jar:/home/user/.m2/repository/com/fasterxml/jackson/core/jackson-core/2.9.9/jackson-core-2.9.9.jar:/home/user/.m2/repository/com/fasterxml/jackson/module/jackson-module-jaxb-annotations/2.9.9/jackson-module-jaxb-annotations-2.9.9.jar:/home/user/.m2/repository/javax/enterprise/cdi-api/1.2/cdi-api-1.2.jar:/home/user/.m2/repository/javax/el/javax.el-api/3.0.0/javax.el-api-3.0.0.jar:/home/user/.m2/repository/javax/interceptor/javax.interceptor-api/1.2/javax.interceptor-api-1.2.jar:/home/user/.m2/repository/javax/inject/javax.inject/1/javax.inject-1.jar:/home/user/.m2/repository/com/sun/xml/bind/jaxb-impl/2.3.0.1/jaxb-impl-2.3.0.1.jar:/home/user/.m2/repository/com/sun/xml/bind/jaxb-core/2.3.0.1/jaxb-core-2.3.0.1.jar:/home/user/.m2/repository/javax/xml/bind/jaxb-api/2.3.0/jaxb-api-2.3.0.jar:/home/user/.m2/repository/javax/activation/activation/1.1.1/activation-1.1.1.jar:/home/user/.m2/repository/org/apache/hadoop/hadoop-ozone-csi/0.5.0-SNAPSHOT/hadoop-ozone-csi-0.5.0-SNAPSHOT.jar:/home/user/.m2/repository/com/google/protobuf/protobuf-java-util/3.5.1/protobuf-java-util-3.5.1.jar:/home/user/.m2/repository/org/apache/hadoop/hadoop-hdds-config/0.5.0-SNAPSHOT/hadoop-hdds-config-0.5.0-SNAPSHOT.jar:/home/user/.m2/repository/io/grpc/grpc-netty/1.17.1/grpc-netty-1.17.1.jar:/home/user/.m2/repository/io/grpc/grpc-core/1.17.1/grpc-core-1.17.1.jar:/home/user/.m2/repository/io/grpc/grpc-context/1.17.1/grpc-context-1.17.1.jar:/home/user/.m2/repository/com/google/errorprone/error_prone_annotations/2.2.0/error_prone_annotations-2.2.0.jar:/home/user/.m2/repository/org/codehaus/mojo/animal-sniffer-annotations/1.17/animal-sniffer-annotations-1.17.jar:/home/user/.m2/repository/io/opencensus/opencensus-api/0.17.0/opencensus-api-0.17.0.jar:/home/user/.m2/repository/io/opencensus/opencensus-contrib-grpc-metrics/0.17.0/opencensus-contrib-grpc-metrics-0.17.0.jar:/home/user/.m2/repository/io/netty/netty-codec-http2/4.1.30.Final/netty-codec-http2-4.1.30.Final.jar:/home/user/.m2/repository/io/netty/netty-codec-http/4.1.30.Final/netty-codec-http-4.1.30.Final.jar:/home/user/.m2/repository/io/netty/netty-codec/4.1.30.Final/netty-codec-4.1.30.Final.jar:/home/user/.m2/repository/io/netty/netty-handler/4.1.30.Final/netty-handler-4.1.30.Final.jar:/home/user/.m2/repository/io/netty/netty-handler-proxy/4.1.30.Final/netty-handler-proxy-4.1.30.Final.jar:/home/user/.m2/repository/io/netty/netty-codec-socks/4.1.30.Final/netty-codec-socks-4.1.30.Final.jar:/home/user/.m2/repository/io/netty/netty-transport-native-epoll/4.1.30.Final/netty-transport-native-epoll-4.1.30.Final.jar:/home/user/.m2/repository/io/netty/netty-common/4.1.30.Final/netty-common-4.1.30.Final.jar:/home/user/.m2/repository/io/netty/netty-buffer/4.1.30.Final/netty-buffer-4.1.30.Final.jar:/home/user/.m2/repository/io/netty/netty-transport/4.1.30.Final/netty-transport-4.1.30.Final.jar:/home/user/.m2/repository/io/netty/netty-resolver/4.1.30.Final/netty-resolver-4.1.30.Final.jar:/home/user/.m2/repository/io/netty/netty-transport-native-unix-common/4.1.30.Final/netty-transport-native-unix-common-4.1.30.Final.jar:/home/user/.m2/repository/io/grpc/grpc-protobuf/1.17.1/grpc-protobuf-1.17.1.jar:/home/user/.m2/repository/com/google/api/grpc/proto-google-common-protos/1.0.0/proto-google-common-protos-1.0.0.jar:/home/user/.m2/repository/io/grpc/grpc-protobuf-lite/1.17.1/grpc-protobuf-lite-1.17.1.jar:/home/user/.m2/repository/io/grpc/grpc-stub/1.17.1/grpc-stub-1.17.1.jar:/home/user/.m2/repository/org/apache/hadoop/hadoop-ozone-recon/0.5.0-SNAPSHOT/hadoop-ozone-recon-0.5.0-SNAPSHOT.jar:/home/user/.m2/repository/org/apache/hadoop/hadoop-ozone-reconcodegen/0.5.0-SNAPSHOT/hadoop-ozone-reconcodegen-0.5.0-SNAPSHOT.jar:/home/user/.m2/repository/com/google/inject/extensions/guice-multibindings/4.0/guice-multibindings-4.0.jar:/home/user/.m2/repository/com/google/inject/guice/4.0/guice-4.0.jar:/home/user/.m2/repository/aopalliance/aopalliance/1.0/aopalliance-1.0.jar:/home/user/.m2/repository/com/google/inject/extensions/guice-servlet/4.0/guice-servlet-4.0.jar:/home/user/.m2/repository/org/glassfish/jersey/containers/jersey-container-servlet/2.27/jersey-container-servlet-2.27.jar:/home/user/.m2/repository/org/glassfish/hk2/guice-bridge/2.5.0/guice-bridge-2.5.0.jar:/home/user/.m2/repository/org/glassfish/jersey/core/jersey-server/2.27/jersey-server-2.27.jar:/home/user/.m2/repository/org/glassfish/jersey/core/jersey-client/2.27/jersey-client-2.27.jar:/home/user/.m2/repository/org/glassfish/jersey/media/jersey-media-jaxb/2.27/jersey-media-jaxb-2.27.jar:/home/user/.m2/repository/javax/validation/validation-api/1.1.0.Final/validation-api-1.1.0.Final.jar:/home/user/.m2/repository/org/glassfish/jersey/media/jersey-media-json-jackson/2.27/jersey-media-json-jackson-2.27.jar:/home/user/.m2/repository/org/glassfish/jersey/ext/jersey-entity-filtering/2.27/jersey-entity-filtering-2.27.jar:/home/user/.m2/repository/com/google/inject/extensions/guice-assistedinject/4.0/guice-assistedinject-4.0.jar:/home/user/.m2/repository/org/jooq/jooq/3.11.10/jooq-3.11.10.jar:/home/user/.m2/repository/org/jooq/jooq-meta/3.11.10/jooq-meta-3.11.10.jar:/home/user/.m2/repository/org/jooq/jooq-codegen/3.11.10/jooq-codegen-3.11.10.jar:/home/user/.m2/repository/com/jolbox/bonecp/0.8.0.RELEASE/bonecp-0.8.0.RELEASE.jar:/home/user/.m2/repository/org/xerial/sqlite-jdbc/3.25.2/sqlite-jdbc-3.25.2.jar:/home/user/.m2/repository/org/springframework/spring-jdbc/5.1.3.RELEASE/spring-jdbc-5.1.3.RELEASE.jar:/home/user/.m2/repository/org/springframework/spring-beans/5.1.3.RELEASE/spring-beans-5.1.3.RELEASE.jar:/home/user/.m2/repository/org/springframework/spring-core/5.1.3.RELEASE/spring-core-5.1.3.RELEASE.jar:/home/user/.m2/repository/org/springframework/spring-jcl/5.1.3.RELEASE/spring-jcl-5.1.3.RELEASE.jar:/home/user/.m2/repository/org/springframework/spring-tx/5.1.3.RELEASE/spring-tx-5.1.3.RELEASE.jar:/home/user/.m2/repository/org/apache/hadoop/hadoop-ozone-client/0.5.0-SNAPSHOT/hadoop-ozone-client-0.5.0-SNAPSHOT.jar:/home/user/.m2/repository/commons-lang/commons-lang/2.6/commons-lang-2.6.jar:/home/user/.m2/repository/org/apache/hadoop/hadoop-ozone-ozone-manager/0.5.0-SNAPSHOT/hadoop-ozone-ozone-manager-0.5.0-SNAPSHOT-tests.jar:/home/user/.m2/repository/junit/junit/4.11/junit-4.11.jar:/home/user/.m2/repository/org/hamcrest/hamcrest-core/1.3/hamcrest-core-1.3.jar:/home/user/.m2/repository/org/openjdk/jmh/jmh-core/1.19/jmh-core-1.19.jar:/home/user/.m2/repository/net/sf/jopt-simple/jopt-simple/4.6/jopt-simple-4.6.jar:/home/user/.m2/repository/org/apache/commons/commons-math3/3.1.1/commons-math3-3.1.1.jar:/home/user/.m2/repository/org/openjdk/jmh/jmh-generator-annprocess/1.19/jmh-generator-annprocess-1.19.jar:/home/user/.m2/repository/org/mockito/mockito-all/1.8.5/mockito-all-1.8.5.jar:/home/user/.m2/repository/org/apache/hadoop/hadoop-kms/3.2.0/hadoop-kms-3.2.0.jar:/home/user/.m2/repository/org/apache/hadoop/hadoop-auth/3.2.0/hadoop-auth-3.2.0.jar:/home/user/.m2/repository/com/nimbusds/nimbus-jose-jwt/4.41.1/nimbus-jose-jwt-4.41.1.jar:/home/user/.m2/repository/com/github/stephenc/jcip/jcip-annotations/1.0-1/jcip-annotations-1.0-1.jar:/home/user/.m2/repository/net/minidev/json-smart/2.3/json-smart-2.3.jar:/home/user/.m2/repository/net/minidev/accessors-smart/1.2/accessors-smart-1.2.jar:/home/user/.m2/repository/org/ow2/asm/asm/5.0.4/asm-5.0.4.jar:/home/user/.m2/repository/org/apache/curator/curator-framework/2.12.0/curator-framework-2.12.0.jar:/home/user/.m2/repository/com/sun/jersey/jersey-core/1.19/jersey-core-1.19.jar:/home/user/.m2/repository/javax/ws/rs/jsr311-api/1.1.1/jsr311-api-1.1.1.jar:/home/user/.m2/repository/com/sun/jersey/jersey-server/1.19/jersey-server-1.19.jar:/home/user/.m2/repository/javax/servlet/javax.servlet-api/3.1.0/javax.servlet-api-3.1.0.jar:/home/user/.m2/repository/org/eclipse/jetty/jetty-server/9.3.25.v20180904/jetty-server-9.3.25.v20180904.jar:/home/user/.m2/repository/org/eclipse/jetty/jetty-http/9.3.25.v20180904/jetty-http-9.3.25.v20180904.jar:/home/user/.m2/repository/org/eclipse/jetty/jetty-io/9.3.25.v20180904/jetty-io-9.3.25.v20180904.jar:/home/user/.m2/repository/org/eclipse/jetty/jetty-webapp/9.3.25.v20180904/jetty-webapp-9.3.25.v20180904.jar:/home/user/.m2/repository/org/eclipse/jetty/jetty-xml/9.3.25.v20180904/jetty-xml-9.3.25.v20180904.jar:/home/user/.m2/repository/log4j/log4j/1.2.17/log4j-1.2.17.jar:/home/user/.m2/repository/org/slf4j/slf4j-api/1.7.25/slf4j-api-1.7.25.jar:/home/user/.m2/repository/org/slf4j/jul-to-slf4j/1.7.25/jul-to-slf4j-1.7.25.jar:/home/user/.m2/repository/org/eclipse/jetty/jetty-util/9.3.25.v20180904/jetty-util-9.3.25.v20180904.jar:/home/user/.m2/repository/com/fasterxml/jackson/core/jackson-databind/2.9.9/jackson-databind-2.9.9.jar:/home/user/.m2/repository/org/apache/hadoop/hadoop-kms/3.2.0/hadoop-kms-3.2.0-tests.jar:/home/user/.m2/repository/org/apache/hadoop/hadoop-hdds-server-scm/0.5.0-SNAPSHOT/hadoop-hdds-server-scm-0.5.0-SNAPSHOT-tests.jar:/home/user/.m2/repository/org/apache/hadoop/hadoop-hdds-container-service/0.5.0-SNAPSHOT/hadoop-hdds-container-service-0.5.0-SNAPSHOT-tests.jar:/home/user/.m2/repository/org/yaml/snakeyaml/1.16/snakeyaml-1.16.jar:/home/user/.m2/repository/org/apache/hadoop/hadoop-common/3.2.0/hadoop-common-3.2.0-tests.jar:/home/user/.m2/repository/org/apache/hadoop/hadoop-annotations/3.2.0/hadoop-annotations-3.2.0.jar:/usr/lib/jvm/java-1.8-openjdk/jre/../lib/tools.jar:/home/user/.m2/repository/commons-cli/commons-cli/1.2/commons-cli-1.2.jar:/home/user/.m2/repository/org/apache/httpcomponents/httpclient/4.5.2/httpclient-4.5.2.jar:/home/user/.m2/repository/org/apache/httpcomponents/httpcore/4.4.4/httpcore-4.4.4.jar:/home/user/.m2/repository/commons-codec/commons-codec/1.11/commons-codec-1.11.jar:/home/user/.m2/repository/commons-net/commons-net/3.6/commons-net-3.6.jar:/home/user/.m2/repository/commons-collections/commons-collections/3.2.2/commons-collections-3.2.2.jar:/home/user/.m2/repository/org/eclipse/jetty/jetty-servlet/9.3.25.v20180904/jetty-servlet-9.3.25.v20180904.jar:/home/user/.m2/repository/org/eclipse/jetty/jetty-security/9.3.25.v20180904/jetty-security-9.3.25.v20180904.jar:/home/user/.m2/repository/javax/servlet/jsp/jsp-api/2.1/jsp-api-2.1.jar:/home/user/.m2/repository/com/sun/jersey/jersey-servlet/1.19/jersey-servlet-1.19.jar:/home/user/.m2/repository/com/sun/jersey/jersey-json/1.19/jersey-json-1.19.jar:/home/user/.m2/repository/org/codehaus/jettison/jettison/1.1/jettison-1.1.jar:/home/user/.m2/repository/org/codehaus/jackson/jackson-core-asl/1.9.13/jackson-core-asl-1.9.13.jar:/home/user/.m2/repository/org/codehaus/jackson/jackson-mapper-asl/1.9.13/jackson-mapper-asl-1.9.13.jar:/home/user/.m2/repository/org/codehaus/jackson/jackson-jaxrs/1.9.13/jackson-jaxrs-1.9.13.jar:/home/user/.m2/repository/org/codehaus/jackson/jackson-xc/1.9.13/jackson-xc-1.9.13.jar:/home/user/.m2/repository/commons-logging/commons-logging/1.1.3/commons-logging-1.1.3.jar:/home/user/.m2/repository/commons-beanutils/commons-beanutils/1.9.4/commons-beanutils-1.9.4.jar:/home/user/.m2/repository/org/apache/commons/commons-configuration2/2.1.1/commons-configuration2-2.1.1.jar:/home/user/.m2/repository/org/apache/commons/commons-lang3/3.7/commons-lang3-3.7.jar:/home/user/.m2/repository/org/apache/commons/commons-text/1.4/commons-text-1.4.jar:/home/user/.m2/repository/org/apache/avro/avro/1.7.7/avro-1.7.7.jar:/home/user/.m2/repository/com/thoughtworks/paranamer/paranamer/2.3/paranamer-2.3.jar:/home/user/.m2/repository/org/xerial/snappy/snappy-java/1.0.5/snappy-java-1.0.5.jar:/home/user/.m2/repository/com/google/re2j/re2j/1.1/re2j-1.1.jar:/home/user/.m2/repository/com/google/code/gson/gson/2.2.4/gson-2.2.4.jar:/home/user/.m2/repository/com/jcraft/jsch/0.1.54/jsch-0.1.54.jar:/home/user/.m2/repository/org/apache/curator/curator-client/2.12.0/curator-client-2.12.0.jar:/home/user/.m2/repository/org/apache/curator/curator-recipes/2.12.0/curator-recipes-2.12.0.jar:/home/user/.m2/repository/com/google/code/findbugs/jsr305/3.0.0/jsr305-3.0.0.jar:/home/user/.m2/repository/org/apache/htrace/htrace-core4/4.1.0-incubating/htrace-core4-4.1.0-incubating.jar:/home/user/.m2/repository/org/apache/zookeeper/zookeeper/3.4.13/zookeeper-3.4.13.jar:/home/user/.m2/repository/jline/jline/0.9.94/jline-0.9.94.jar:/home/user/.m2/repository/org/apache/yetus/audience-annotations/0.5.0/audience-annotations-0.5.0.jar:/home/user/.m2/repository/org/codehaus/woodstox/stax2-api/3.1.4/stax2-api-3.1.4.jar:/home/user/.m2/repository/com/fasterxml/woodstox/woodstox-core/5.0.3/woodstox-core-5.0.3.jar:/home/user/.m2/repository/dnsjava/dnsjava/2.1.7/dnsjava-2.1.7.jar:/home/user/.m2/repository/org/apache/hadoop/hadoop-hdfs/3.2.0/hadoop-hdfs-3.2.0-tests.jar:/home/user/.m2/repository/org/eclipse/jetty/jetty-util-ajax/9.3.25.v20180904/jetty-util-ajax-9.3.25.v20180904.jar:/home/user/.m2/repository/commons-daemon/commons-daemon/1.0.13/commons-daemon-1.0.13.jar:/home/user/.m2/repository/io/netty/netty/3.10.5.Final/netty-3.10.5.Final.jar:/home/user/.m2/repository/io/netty/netty-all/4.0.52.Final/netty-all-4.0.52.Final.jar:/home/user/.m2/repository/org/fusesource/leveldbjni/leveldbjni-all/1.8/leveldbjni-all-1.8.jar:"/>
    <property name="sun.cpu.endian" value="little"/>
    <property name="user.home" value="/home/user"/>
    <property name="user.language" value="en"/>
    <property name="java.specification.vendor" value="Oracle Corporation"/>
    <property name="java.home" value="/usr/lib/jvm/java-1.8-openjdk/jre"/>
    <property name="java.security.krb5.conf" value="/workdir/hadoop-ozone/integration-test/target/test-classes/krb5.conf"/>
    <property name="basedir" value="/workdir/hadoop-ozone/integration-test"/>
    <property name="file.separator" value="/"/>
    <property name="line.separator" value="&#10;"/>
    <property name="java.vm.specification.vendor" value="Oracle Corporation"/>
    <property name="java.specification.name" value="Java Platform API Specification"/>
    <property name="java.awt.graphicsenv" value="sun.awt.X11GraphicsEnvironment"/>
    <property name="surefire.real.class.path" value="/workdir/hadoop-ozone/integration-test/target/surefire/surefirebooter8954785821979975355.jar"/>
    <property name="hadoop.log.dir" value="/workdir/hadoop-ozone/integration-test/target/log"/>
    <property name="sun.boot.class.path" value="/usr/lib/jvm/java-1.8-openjdk/jre/lib/resources.jar:/usr/lib/jvm/java-1.8-openjdk/jre/lib/rt.jar:/usr/lib/jvm/java-1.8-openjdk/jre/lib/sunrsasign.jar:/usr/lib/jvm/java-1.8-openjdk/jre/lib/jsse.jar:/usr/lib/jvm/java-1.8-openjdk/jre/lib/jce.jar:/usr/lib/jvm/java-1.8-openjdk/jre/lib/charsets.jar:/usr/lib/jvm/java-1.8-openjdk/jre/lib/jfr.jar:/usr/lib/jvm/java-1.8-openjdk/jre/classes"/>
    <property name="sun.management.compiler" value="HotSpot 64-Bit Tiered Compilers"/>
    <property name="java.runtime.version" value="1.8.0_212-b04"/>
    <property name="java.net.preferIPv4Stack" value="true"/>
    <property name="user.name" value="jenkins1000"/>
    <property name="path.separator" value=":"/>
    <property name="java.security.egd" value="file:///dev/urandom"/>
    <property name="os.version" value="3.10.0-957.12.2.el7.x86_64"/>
    <property name="java.endorsed.dirs" value="/usr/lib/jvm/java-1.8-openjdk/jre/lib/endorsed"/>
    <property name="java.runtime.name" value="OpenJDK Runtime Environment"/>
    <property name="file.encoding" value="UTF-8"/>
    <property name="java.vm.name" value="OpenJDK 64-Bit Server VM"/>
    <property name="test.build.webapps" value=""/>
    <property name="localRepository" value="/home/user/.m2/repository"/>
    <property name="java.vendor.url.bug" value="https://icedtea.classpath.org/bugzilla"/>
    <property name="java.io.tmpdir" value="/tmp"/>
    <property name="require.test.libhadoop" value=""/>
    <property name="java.version" value="1.8.0_212"/>
    <property name="user.dir" value="/workdir/hadoop-ozone/integration-test"/>
    <property name="os.arch" value="amd64"/>
    <property name="java.vm.specification.name" value="Java Virtual Machine Specification"/>
    <property name="test.build.classes" value="/workdir/hadoop-ozone/integration-test/target/test-classes"/>
    <property name="java.awt.printerjob" value="sun.print.PSPrinterJob"/>
    <property name="sun.os.patch.level" value="unknown"/>
    <property name="hadoop.tmp.dir" value="/workdir/hadoop-ozone/integration-test/target/tmp"/>
    <property name="java.library.path" value="/usr/lib/jvm/java-1.8-openjdk/jre/lib/amd64/server:/usr/lib/jvm/java-1.8-openjdk/jre/lib/amd64:/usr/lib/jvm/java-1.8-openjdk/jre/../lib/amd64:/workdir/hadoop-ozone/integration-test/target/native/target/usr/local/lib:/workdir/hadoop-ozone/integration-test/../../hadoop-common-project/hadoop-common/target/native/target/usr/local/lib:/usr/java/packages/lib/amd64:/usr/lib64:/lib64:/lib:/usr/lib"/>
    <property name="java.vm.info" value="mixed mode"/>
    <property name="java.vendor" value="IcedTea"/>
    <property name="java.vm.version" value="25.212-b04"/>
    <property name="java.ext.dirs" value="/usr/lib/jvm/java-1.8-openjdk/jre/lib/ext:/usr/java/packages/lib/ext"/>
    <property name="sun.io.unicode.encoding" value="UnicodeLittle"/>
    <property name="java.class.version" value="52.0"/>
  </properties>
  <testcase name="testWatchForCommitWithKeyWrite" classname="org.apache.hadoop.ozone.client.rpc.TestWatchForCommit" time="79.673"/>
  <testcase name="testWatchForCommitWithSmallerTimeoutValue" classname="org.apache.hadoop.ozone.client.rpc.TestWatchForCommit" time="42.565"/>
  <testcase name="testWatchForCommitForRetryfailure" classname="org.apache.hadoop.ozone.client.rpc.TestWatchForCommit" time="66.19">
    <failure type="java.lang.AssertionError">java.lang.AssertionError
	at org.junit.Assert.fail(Assert.java:86)
	at org.junit.Assert.assertTrue(Assert.java:41)
	at org.junit.Assert.assertTrue(Assert.java:52)
	at org.apache.hadoop.ozone.client.rpc.TestWatchForCommit.testWatchForCommitForRetryfailure(TestWatchForCommit.java:348)
	at sun.reflect.NativeMethodAccessorImpl.invoke0(Native Method)
	at sun.reflect.NativeMethodAccessorImpl.invoke(NativeMethodAccessorImpl.java:62)
	at sun.reflect.DelegatingMethodAccessorImpl.invoke(DelegatingMethodAccessorImpl.java:43)
	at java.lang.reflect.Method.invoke(Method.java:498)
	at org.junit.runners.model.FrameworkMethod$1.runReflectiveCall(FrameworkMethod.java:47)
	at org.junit.internal.runners.model.ReflectiveCallable.run(ReflectiveCallable.java:12)
	at org.junit.runners.model.FrameworkMethod.invokeExplosively(FrameworkMethod.java:44)
	at org.junit.internal.runners.statements.InvokeMethod.evaluate(InvokeMethod.java:17)
	at org.junit.runners.ParentRunner.runLeaf(ParentRunner.java:271)
	at org.junit.runners.BlockJUnit4ClassRunner.runChild(BlockJUnit4ClassRunner.java:70)
	at org.junit.runners.BlockJUnit4ClassRunner.runChild(BlockJUnit4ClassRunner.java:50)
	at org.junit.runners.ParentRunner$3.run(ParentRunner.java:238)
	at org.junit.runners.ParentRunner$1.schedule(ParentRunner.java:63)
	at org.junit.runners.ParentRunner.runChildren(ParentRunner.java:236)
	at org.junit.runners.ParentRunner.access$000(ParentRunner.java:53)
	at org.junit.runners.ParentRunner$2.evaluate(ParentRunner.java:229)
	at org.junit.runners.ParentRunner.run(ParentRunner.java:309)
	at org.apache.maven.surefire.junit4.JUnit4Provider.execute(JUnit4Provider.java:365)
	at org.apache.maven.surefire.junit4.JUnit4Provider.executeWithRerun(JUnit4Provider.java:273)
	at org.apache.maven.surefire.junit4.JUnit4Provider.executeTestSet(JUnit4Provider.java:238)
	at org.apache.maven.surefire.junit4.JUnit4Provider.invoke(JUnit4Provider.java:159)
	at org.apache.maven.surefire.booter.ForkedBooter.invokeProviderInSameClassLoader(ForkedBooter.java:384)
	at org.apache.maven.surefire.booter.ForkedBooter.runSuitesInProcess(ForkedBooter.java:345)
	at org.apache.maven.surefire.booter.ForkedBooter.execute(ForkedBooter.java:126)
	at org.apache.maven.surefire.booter.ForkedBooter.main(ForkedBooter.java:418)
</failure>
    <system-out><![CDATA[2019-10-05 01:09:40,067 [main] WARN  server.ServerUtils (ServerUtils.java:getScmDbDir(145)) - ozone.scm.db.dirs is not configured. We recommend adding this setting. Falling back to ozone.metadata.dirs instead.
2019-10-05 01:09:40,091 [main] WARN  server.ServerUtils (ServerUtils.java:getScmDbDir(145)) - ozone.scm.db.dirs is not configured. We recommend adding this setting. Falling back to ozone.metadata.dirs instead.
2019-10-05 01:09:40,092 [main] WARN  server.ServerUtils (ServerUtils.java:getScmDbDir(145)) - ozone.scm.db.dirs is not configured. We recommend adding this setting. Falling back to ozone.metadata.dirs instead.
2019-10-05 01:09:40,092 [main] INFO  db.DBStoreBuilder (DBStoreBuilder.java:addTable(117)) - using custom profile for table: deletedBlocks
2019-10-05 01:09:40,092 [main] INFO  db.DBStoreBuilder (DBStoreBuilder.java:processTables(168)) - Using default column profile:DBProfile.DISK for Table:deletedBlocks
2019-10-05 01:09:40,093 [main] INFO  db.DBStoreBuilder (DBStoreBuilder.java:addTable(117)) - using custom profile for table: validCerts
2019-10-05 01:09:40,093 [main] INFO  db.DBStoreBuilder (DBStoreBuilder.java:processTables(168)) - Using default column profile:DBProfile.DISK for Table:validCerts
2019-10-05 01:09:40,093 [main] INFO  db.DBStoreBuilder (DBStoreBuilder.java:addTable(117)) - using custom profile for table: revokedCerts
2019-10-05 01:09:40,093 [main] INFO  db.DBStoreBuilder (DBStoreBuilder.java:processTables(168)) - Using default column profile:DBProfile.DISK for Table:revokedCerts
2019-10-05 01:09:40,093 [main] INFO  db.DBStoreBuilder (DBStoreBuilder.java:addTable(117)) - using custom profile for table: default
2019-10-05 01:09:40,094 [main] INFO  db.DBStoreBuilder (DBStoreBuilder.java:processTables(174)) - Using default column profile:DBProfile.DISK for Table:default
2019-10-05 01:09:40,094 [main] INFO  db.DBStoreBuilder (DBStoreBuilder.java:getDbProfile(205)) - Using default options. DBProfile.DISK
2019-10-05 01:09:40,248 [main] INFO  net.NodeSchemaLoader (NodeSchemaLoader.java:loadSchemaFromFile(125)) - Loading file from sun.misc.CompoundEnumeration@202ae86f
2019-10-05 01:09:40,248 [main] INFO  net.NodeSchemaLoader (NodeSchemaLoader.java:loadSchema(171)) - Loading network topology layer schema file
2019-10-05 01:09:40,252 [main] WARN  server.ServerUtils (ServerUtils.java:sanitizeUserArgs(70)) - ozone.scm.stale.node.interval value = 300000 is larger than max = 100000 based on the key value of ozone.scm.heartbeat.thread.interval, reset to the max value 100000.
2019-10-05 01:09:40,252 [main] WARN  server.ServerUtils (ServerUtils.java:sanitizeUserArgs(70)) - ozone.scm.stale.node.interval value = 300000 is larger than max = 100000 based on the key value of ozone.scm.heartbeat.thread.interval, reset to the max value 100000.
2019-10-05 01:09:40,253 [main] INFO  node.SCMNodeManager (SCMNodeManager.java:<init>(116)) - Entering startup safe mode.
2019-10-05 01:09:40,253 [main] INFO  algorithms.ContainerPlacementPolicyFactory (ContainerPlacementPolicyFactory.java:getPolicy(57)) - Create container placement policy of type org.apache.hadoop.hdds.scm.container.placement.algorithms.SCMContainerPlacementRandom
2019-10-05 01:09:40,253 [main] WARN  server.ServerUtils (ServerUtils.java:getScmDbDir(145)) - ozone.scm.db.dirs is not configured. We recommend adding this setting. Falling back to ozone.metadata.dirs instead.
2019-10-05 01:09:40,292 [main] INFO  pipeline.SCMPipelineManager (SCMPipelineManager.java:initializePipelineState(132)) - No pipeline exists in current db
2019-10-05 01:09:40,292 [main] WARN  server.ServerUtils (ServerUtils.java:getScmDbDir(145)) - ozone.scm.db.dirs is not configured. We recommend adding this setting. Falling back to ozone.metadata.dirs instead.
2019-10-05 01:09:40,314 [main] WARN  events.EventQueue (EventQueue.java:fireEvent(183)) - No event handler registered for event TypedEvent{payloadType=SafeModeStatus, name='SafeModeStatus'}
2019-10-05 01:09:40,315 [main] INFO  ipc.CallQueueManager (CallQueueManager.java:<init>(84)) - Using callQueue: class java.util.concurrent.LinkedBlockingQueue, queueCapacity: 2000, scheduler: class org.apache.hadoop.ipc.DefaultRpcScheduler, ipcBackoff: false.
2019-10-05 01:09:40,316 [Socket Reader #1 for port 35031] INFO  ipc.Server (Server.java:run(1074)) - Starting Socket Reader #1 for port 35031
2019-10-05 01:09:40,318 [main] INFO  ipc.CallQueueManager (CallQueueManager.java:<init>(84)) - Using callQueue: class java.util.concurrent.LinkedBlockingQueue, queueCapacity: 2000, scheduler: class org.apache.hadoop.ipc.DefaultRpcScheduler, ipcBackoff: false.
2019-10-05 01:09:40,319 [Socket Reader #1 for port 34409] INFO  ipc.Server (Server.java:run(1074)) - Starting Socket Reader #1 for port 34409
2019-10-05 01:09:40,320 [main] INFO  ipc.CallQueueManager (CallQueueManager.java:<init>(84)) - Using callQueue: class java.util.concurrent.LinkedBlockingQueue, queueCapacity: 2000, scheduler: class org.apache.hadoop.ipc.DefaultRpcScheduler, ipcBackoff: false.
2019-10-05 01:09:40,321 [Socket Reader #1 for port 44308] INFO  ipc.Server (Server.java:run(1074)) - Starting Socket Reader #1 for port 44308
2019-10-05 01:09:40,323 [main] INFO  hdfs.DFSUtil (DFSUtil.java:httpServerTemplateForNNAndJN(1641)) - Starting Web-server for scm at: http://0.0.0.0:0
2019-10-05 01:09:40,325 [main] INFO  server.AuthenticationFilter (AuthenticationFilter.java:constructSecretProvider(240)) - Unable to initialize FileSignerSecretProvider, falling back to use random secrets.
2019-10-05 01:09:40,326 [main] WARN  http.HttpRequestLog (HttpRequestLog.java:getRequestLog(97)) - Jetty request log can only be enabled using Log4j
2019-10-05 01:09:40,328 [main] INFO  http.HttpServer2 (HttpServer2.java:addGlobalFilter(975)) - Added global filter 'safety' (class=org.apache.hadoop.http.HttpServer2$QuotingInputFilter)
2019-10-05 01:09:40,329 [main] INFO  http.HttpServer2 (HttpServer2.java:addFilter(948)) - Added filter static_user_filter (class=org.apache.hadoop.http.lib.StaticUserWebFilter$StaticUserFilter) to context scm
2019-10-05 01:09:40,329 [main] INFO  http.HttpServer2 (HttpServer2.java:addFilter(958)) - Added filter static_user_filter (class=org.apache.hadoop.http.lib.StaticUserWebFilter$StaticUserFilter) to context static
2019-10-05 01:09:40,329 [main] INFO  http.HttpServer2 (HttpServer2.java:addFilter(958)) - Added filter static_user_filter (class=org.apache.hadoop.http.lib.StaticUserWebFilter$StaticUserFilter) to context logs
2019-10-05 01:09:40,331 [main] INFO  server.StorageContainerManager (StorageContainerManager.java:start(770)) - StorageContainerLocationProtocol RPC server is listening at /0.0.0.0:44308
2019-10-05 01:09:40,334 [main] WARN  impl.MetricsConfig (MetricsConfig.java:loadFirst(134)) - Cannot locate configuration: tried hadoop-metrics2-storagecontainermanager.properties,hadoop-metrics2.properties
2019-10-05 01:09:40,335 [main] INFO  impl.MetricsSystemImpl (MetricsSystemImpl.java:startTimer(374)) - Scheduled Metric snapshot period at 10 second(s).
2019-10-05 01:09:40,335 [main] INFO  impl.MetricsSystemImpl (MetricsSystemImpl.java:start(191)) - StorageContainerManager metrics system started
2019-10-05 01:09:40,352 [main] INFO  lib.Interns (Interns.java:removeEldestEntry(50)) - Metrics intern cache overflow at 2011 for MetricsSystem={MetricsSystem=MetricsInfoImpl{name=MetricsSystem, description=MetricsSystem}, MetricsSystem record=MetricsInfoImpl{name=MetricsSystem, description=MetricsSystem record}}
2019-10-05 01:09:40,395 [main] WARN  impl.MetricsSystemImpl (MetricsSystemImpl.java:register(276)) - Sink prometheus already exists!
2019-10-05 01:09:40,441 [main] INFO  server.SCMClientProtocolServer (SCMClientProtocolServer.java:start(159)) - RPC server for Client  is listening at /0.0.0.0:44308
2019-10-05 01:09:40,442 [IPC Server Responder] INFO  ipc.Server (Server.java:run(1314)) - IPC Server Responder: starting
2019-10-05 01:09:40,442 [IPC Server listener on 44308] INFO  ipc.Server (Server.java:run(1153)) - IPC Server listener on 44308: starting
2019-10-05 01:09:40,446 [main] INFO  server.StorageContainerManager (StorageContainerManager.java:start(780)) - ScmBlockLocationProtocol RPC server is listening at /0.0.0.0:34409
2019-10-05 01:09:40,446 [main] INFO  server.SCMBlockProtocolServer (SCMBlockProtocolServer.java:start(146)) - RPC server for Block Protocol is listening at /0.0.0.0:34409
2019-10-05 01:09:40,447 [IPC Server Responder] INFO  ipc.Server (Server.java:run(1314)) - IPC Server Responder: starting
2019-10-05 01:09:40,447 [IPC Server listener on 34409] INFO  ipc.Server (Server.java:run(1153)) - IPC Server listener on 34409: starting
2019-10-05 01:09:40,451 [main] INFO  server.StorageContainerManager (StorageContainerManager.java:start(784)) - ScmDatanodeProtocl RPC server is listening at /0.0.0.0:35031
2019-10-05 01:09:40,451 [main] INFO  server.SCMDatanodeProtocolServer (SCMDatanodeProtocolServer.java:start(169)) - RPC server for DataNodes is listening at /0.0.0.0:35031
2019-10-05 01:09:40,452 [IPC Server Responder] INFO  ipc.Server (Server.java:run(1314)) - IPC Server Responder: starting
2019-10-05 01:09:40,452 [IPC Server listener on 35031] INFO  ipc.Server (Server.java:run(1153)) - IPC Server listener on 35031: starting
2019-10-05 01:09:40,456 [main] INFO  http.HttpServer2 (HttpServer2.java:bindListener(1191)) - Jetty bound to port 35124
2019-10-05 01:09:40,457 [main] INFO  server.Server (Server.java:doStart(351)) - jetty-9.3.25.v20180904, build timestamp: 2018-09-04T21:11:46Z, git hash: 3ce520221d0240229c862b122d2b06c12a625732
2019-10-05 01:09:40,459 [main] INFO  handler.ContextHandler (ContextHandler.java:doStart(781)) - Started o.e.j.s.ServletContextHandler@7793ad58{/logs,file:///workdir/hadoop-ozone/integration-test/target/log,AVAILABLE}
2019-10-05 01:09:40,459 [main] INFO  handler.ContextHandler (ContextHandler.java:doStart(781)) - Started o.e.j.s.ServletContextHandler@16132f21{/static,file:///workdir/hadoop-ozone/integration-test/target/test-classes/webapps/static,AVAILABLE}
2019-10-05 01:09:40,464 [main] INFO  handler.ContextHandler (ContextHandler.java:doStart(781)) - Started o.e.j.w.WebAppContext@7ccfdaef{/,file:///workdir/hadoop-ozone/integration-test/target/test-classes/webapps/scm/,AVAILABLE}{/scm}
2019-10-05 01:09:40,465 [main] INFO  server.AbstractConnector (AbstractConnector.java:doStart(278)) - Started ServerConnector@a6e4897{HTTP/1.1,[http/1.1]}{0.0.0.0:35124}
2019-10-05 01:09:40,466 [main] INFO  server.Server (Server.java:doStart(419)) - Started @123036ms
2019-10-05 01:09:40,466 [main] WARN  impl.MetricsSystemImpl (MetricsSystemImpl.java:register(276)) - Sink prometheus already exists!
2019-10-05 01:09:40,467 [main] INFO  server.BaseHttpServer (BaseHttpServer.java:updateConnectorAddress(215)) - HTTP server of SCM is listening at http://0.0.0.0:35124
2019-10-05 01:09:40,468 [main] WARN  server.ServerUtils (ServerUtils.java:getDBPath(222)) - ozone.om.db.dirs is not configured. We recommend adding this setting. Falling back to ozone.metadata.dirs instead.
2019-10-05 01:09:40,469 [org.apache.hadoop.util.JvmPauseMonitor$Monitor@19bedeb8] INFO  util.JvmPauseMonitor (JvmPauseMonitor.java:run(188)) - Starting JVM pause monitor
2019-10-05 01:09:40,481 [main] INFO  ha.OMHANodeDetails (OMHANodeDetails.java:loadOMHAConfig(190)) - Configuration either no ozone.om.address set. Falling back to the default OM address /127.0.0.1:0
2019-10-05 01:09:40,482 [main] INFO  ha.OMHANodeDetails (OMHANodeDetails.java:getOMNodeDetails(220)) - OM Service ID is not set. Setting it to the default ID: omServiceIdDefault
2019-10-05 01:09:40,482 [main] WARN  server.ServerUtils (ServerUtils.java:getDBPath(222)) - ozone.om.db.dirs is not configured. We recommend adding this setting. Falling back to ozone.metadata.dirs instead.
2019-10-05 01:09:40,482 [main] WARN  server.ServerUtils (ServerUtils.java:getDBPath(222)) - ozone.om.db.dirs is not configured. We recommend adding this setting. Falling back to ozone.metadata.dirs instead.
2019-10-05 01:09:40,490 [main] WARN  server.ServerUtils (ServerUtils.java:getDBPath(222)) - ozone.om.db.dirs is not configured. We recommend adding this setting. Falling back to ozone.metadata.dirs instead.
2019-10-05 01:09:40,491 [main] INFO  db.DBStoreBuilder (DBStoreBuilder.java:addTable(117)) - using custom profile for table: userTable
2019-10-05 01:09:40,491 [main] INFO  db.DBStoreBuilder (DBStoreBuilder.java:processTables(168)) - Using default column profile:DBProfile.DISK for Table:userTable
2019-10-05 01:09:40,491 [main] INFO  db.DBStoreBuilder (DBStoreBuilder.java:addTable(117)) - using custom profile for table: volumeTable
2019-10-05 01:09:40,492 [main] INFO  db.DBStoreBuilder (DBStoreBuilder.java:processTables(168)) - Using default column profile:DBProfile.DISK for Table:volumeTable
2019-10-05 01:09:40,492 [main] INFO  db.DBStoreBuilder (DBStoreBuilder.java:addTable(117)) - using custom profile for table: bucketTable
2019-10-05 01:09:40,492 [main] INFO  db.DBStoreBuilder (DBStoreBuilder.java:processTables(168)) - Using default column profile:DBProfile.DISK for Table:bucketTable
2019-10-05 01:09:40,492 [main] INFO  db.DBStoreBuilder (DBStoreBuilder.java:addTable(117)) - using custom profile for table: keyTable
2019-10-05 01:09:40,493 [main] INFO  db.DBStoreBuilder (DBStoreBuilder.java:processTables(168)) - Using default column profile:DBProfile.DISK for Table:keyTable
2019-10-05 01:09:40,493 [main] INFO  db.DBStoreBuilder (DBStoreBuilder.java:addTable(117)) - using custom profile for table: deletedTable
2019-10-05 01:09:40,493 [main] INFO  db.DBStoreBuilder (DBStoreBuilder.java:processTables(168)) - Using default column profile:DBProfile.DISK for Table:deletedTable
2019-10-05 01:09:40,493 [main] INFO  db.DBStoreBuilder (DBStoreBuilder.java:addTable(117)) - using custom profile for table: openKeyTable
2019-10-05 01:09:40,494 [main] INFO  db.DBStoreBuilder (DBStoreBuilder.java:processTables(168)) - Using default column profile:DBProfile.DISK for Table:openKeyTable
2019-10-05 01:09:40,494 [main] INFO  db.DBStoreBuilder (DBStoreBuilder.java:addTable(117)) - using custom profile for table: s3Table
2019-10-05 01:09:40,494 [main] INFO  db.DBStoreBuilder (DBStoreBuilder.java:processTables(168)) - Using default column profile:DBProfile.DISK for Table:s3Table
2019-10-05 01:09:40,494 [main] INFO  db.DBStoreBuilder (DBStoreBuilder.java:addTable(117)) - using custom profile for table: multipartInfoTable
2019-10-05 01:09:40,494 [main] INFO  db.DBStoreBuilder (DBStoreBuilder.java:processTables(168)) - Using default column profile:DBProfile.DISK for Table:multipartInfoTable
2019-10-05 01:09:40,495 [main] INFO  db.DBStoreBuilder (DBStoreBuilder.java:addTable(117)) - using custom profile for table: dTokenTable
2019-10-05 01:09:40,495 [main] INFO  db.DBStoreBuilder (DBStoreBuilder.java:processTables(168)) - Using default column profile:DBProfile.DISK for Table:dTokenTable
2019-10-05 01:09:40,495 [main] INFO  db.DBStoreBuilder (DBStoreBuilder.java:addTable(117)) - using custom profile for table: s3SecretTable
2019-10-05 01:09:40,495 [main] INFO  db.DBStoreBuilder (DBStoreBuilder.java:processTables(168)) - Using default column profile:DBProfile.DISK for Table:s3SecretTable
2019-10-05 01:09:40,496 [main] INFO  db.DBStoreBuilder (DBStoreBuilder.java:addTable(117)) - using custom profile for table: prefixTable
2019-10-05 01:09:40,496 [main] INFO  db.DBStoreBuilder (DBStoreBuilder.java:processTables(168)) - Using default column profile:DBProfile.DISK for Table:prefixTable
2019-10-05 01:09:40,496 [main] INFO  db.DBStoreBuilder (DBStoreBuilder.java:addTable(117)) - using custom profile for table: default
2019-10-05 01:09:40,496 [main] INFO  db.DBStoreBuilder (DBStoreBuilder.java:processTables(174)) - Using default column profile:DBProfile.DISK for Table:default
2019-10-05 01:09:40,497 [main] INFO  db.DBStoreBuilder (DBStoreBuilder.java:getDbProfile(205)) - Using default options. DBProfile.DISK
2019-10-05 01:09:40,971 [main] INFO  ipc.CallQueueManager (CallQueueManager.java:<init>(84)) - Using callQueue: class java.util.concurrent.LinkedBlockingQueue, queueCapacity: 2000, scheduler: class org.apache.hadoop.ipc.DefaultRpcScheduler, ipcBackoff: false.
2019-10-05 01:09:40,972 [Socket Reader #1 for port 39551] INFO  ipc.Server (Server.java:run(1074)) - Starting Socket Reader #1 for port 39551
2019-10-05 01:09:40,987 [main] INFO  om.OzoneManager (OzoneManager.java:start(1069)) - OzoneManager RPC server is listening at localhost/127.0.0.1:39551
2019-10-05 01:09:40,987 [main] INFO  impl.MetricsSystemImpl (MetricsSystemImpl.java:init(158)) - OzoneManager metrics system started (again)
2019-10-05 01:09:40,988 [IPC Server Responder] INFO  ipc.Server (Server.java:run(1314)) - IPC Server Responder: starting
2019-10-05 01:09:40,989 [IPC Server listener on 39551] INFO  ipc.Server (Server.java:run(1153)) - IPC Server listener on 39551: starting
2019-10-05 01:09:40,993 [main] INFO  hdfs.DFSUtil (DFSUtil.java:httpServerTemplateForNNAndJN(1641)) - Starting Web-server for ozoneManager at: http://0.0.0.0:0
2019-10-05 01:09:40,994 [main] INFO  server.AuthenticationFilter (AuthenticationFilter.java:constructSecretProvider(240)) - Unable to initialize FileSignerSecretProvider, falling back to use random secrets.
2019-10-05 01:09:40,995 [main] WARN  http.HttpRequestLog (HttpRequestLog.java:getRequestLog(97)) - Jetty request log can only be enabled using Log4j
2019-10-05 01:09:40,997 [main] INFO  http.HttpServer2 (HttpServer2.java:addGlobalFilter(975)) - Added global filter 'safety' (class=org.apache.hadoop.http.HttpServer2$QuotingInputFilter)
2019-10-05 01:09:40,997 [main] INFO  http.HttpServer2 (HttpServer2.java:addFilter(948)) - Added filter static_user_filter (class=org.apache.hadoop.http.lib.StaticUserWebFilter$StaticUserFilter) to context ozoneManager
2019-10-05 01:09:40,997 [main] INFO  http.HttpServer2 (HttpServer2.java:addFilter(958)) - Added filter static_user_filter (class=org.apache.hadoop.http.lib.StaticUserWebFilter$StaticUserFilter) to context static
2019-10-05 01:09:40,998 [main] INFO  http.HttpServer2 (HttpServer2.java:addFilter(958)) - Added filter static_user_filter (class=org.apache.hadoop.http.lib.StaticUserWebFilter$StaticUserFilter) to context logs
2019-10-05 01:09:40,998 [main] INFO  http.HttpServer2 (HttpServer2.java:bindListener(1191)) - Jetty bound to port 37973
2019-10-05 01:09:40,998 [main] INFO  server.Server (Server.java:doStart(351)) - jetty-9.3.25.v20180904, build timestamp: 2018-09-04T21:11:46Z, git hash: 3ce520221d0240229c862b122d2b06c12a625732
2019-10-05 01:09:41,000 [main] INFO  handler.ContextHandler (ContextHandler.java:doStart(781)) - Started o.e.j.s.ServletContextHandler@183ade54{/logs,file:///workdir/hadoop-ozone/integration-test/target/log,AVAILABLE}
2019-10-05 01:09:41,001 [main] INFO  handler.ContextHandler (ContextHandler.java:doStart(781)) - Started o.e.j.s.ServletContextHandler@5974b7e8{/static,file:///workdir/hadoop-ozone/integration-test/target/test-classes/webapps/static,AVAILABLE}
2019-10-05 01:09:41,005 [main] INFO  handler.ContextHandler (ContextHandler.java:doStart(781)) - Started o.e.j.w.WebAppContext@45e6d1e0{/,file:///workdir/hadoop-ozone/integration-test/target/test-classes/webapps/ozoneManager/,AVAILABLE}{/ozoneManager}
2019-10-05 01:09:41,005 [main] INFO  server.AbstractConnector (AbstractConnector.java:doStart(278)) - Started ServerConnector@61db86bf{HTTP/1.1,[http/1.1]}{0.0.0.0:37973}
2019-10-05 01:09:41,006 [main] INFO  server.Server (Server.java:doStart(419)) - Started @123577ms
2019-10-05 01:09:41,006 [main] WARN  impl.MetricsSystemImpl (MetricsSystemImpl.java:register(276)) - Sink prometheus already exists!
2019-10-05 01:09:41,007 [main] INFO  server.BaseHttpServer (BaseHttpServer.java:updateConnectorAddress(215)) - HTTP server of OZONEMANAGER is listening at http://0.0.0.0:37973
2019-10-05 01:09:41,026 [main] INFO  impl.MetricsSystemImpl (MetricsSystemImpl.java:init(158)) - HddsDatanode metrics system started (again)
2019-10-05 01:09:41,028 [main] INFO  ozone.HddsDatanodeService (HddsDatanodeService.java:start(184)) - HddsDatanodeService host:pr-hdds-1986-f466r-3473100931 ip:192.168.151.105
2019-10-05 01:09:41,034 [main] INFO  volume.HddsVolume (HddsVolume.java:<init>(176)) - Creating Volume: /workdir/hadoop-ozone/integration-test/target/test-dir/MiniOzoneClusterImpl-aae8a5e2-5455-4700-bcf4-486adb770533/datanode-0/data/containers/hdds of  storage type : DISK and capacity : 1482555576320
2019-10-05 01:09:41,034 [main] INFO  volume.VolumeSet (VolumeSet.java:initializeVolumeSet(170)) - Added Volume : /workdir/hadoop-ozone/integration-test/target/test-dir/MiniOzoneClusterImpl-aae8a5e2-5455-4700-bcf4-486adb770533/datanode-0/data/containers/hdds to VolumeSet
2019-10-05 01:09:41,035 [main] INFO  volume.ThrottledAsyncChecker (ThrottledAsyncChecker.java:schedule(139)) - Scheduling a check for org.apache.hadoop.ozone.container.common.volume.HddsVolume@6d672bd4
2019-10-05 01:09:41,035 [main] INFO  volume.HddsVolumeChecker (HddsVolumeChecker.java:checkAllVolumes(202)) - Scheduled health check for volume org.apache.hadoop.ozone.container.common.volume.HddsVolume@6d672bd4
2019-10-05 01:09:41,051 [main] INFO  impl.RaftServerProxy (ConfUtils.java:logGet(43)) - raft.rpc.type = GRPC (default)
2019-10-05 01:09:41,051 [main] INFO  grpc.GrpcFactory (GrpcFactory.java:checkPooledByteBufAllocatorUseCacheForAllThreads(45)) - PERFORMANCE WARNING: useCacheForAllThreads is true that may cause Netty to create a lot garbage objects and, as a result, trigger GC.
	It is recommended to disable useCacheForAllThreads by setting -Dorg.apache.ratis.thirdparty.io.netty.allocator.useCacheForAllThreads=false in command line.
2019-10-05 01:09:41,051 [main] INFO  grpc.GrpcConfigKeys$Server (ConfUtils.java:logGet(43)) - raft.grpc.server.port = 0 (default)
2019-10-05 01:09:41,051 [main] INFO  server.GrpcService (ConfUtils.java:logGet(43)) - raft.grpc.message.size.max = 33570816 (custom)
2019-10-05 01:09:41,051 [main] INFO  server.RaftServerConfigKeys (ConfUtils.java:logGet(43)) - raft.server.log.appender.buffer.byte-limit = 33554432 (custom)
2019-10-05 01:09:41,052 [main] INFO  server.GrpcService (ConfUtils.java:logGet(43)) - raft.grpc.flow.control.window = 1MB (=1048576) (default)
2019-10-05 01:09:41,052 [main] INFO  server.RaftServerConfigKeys (ConfUtils.java:logGet(43)) - raft.server.rpc.request.timeout = 3000ms (default)
2019-10-05 01:09:41,052 [main] INFO  server.RaftServerConfigKeys (ConfUtils.java:logGet(43)) - raft.server.storage.dir = [/workdir/hadoop-ozone/integration-test/target/test-dir/MiniOzoneClusterImpl-aae8a5e2-5455-4700-bcf4-486adb770533/datanode-0/data/ratis] (custom)
2019-10-05 01:09:41,054 [main] INFO  hdfs.DFSUtil (DFSUtil.java:httpServerTemplateForNNAndJN(1641)) - Starting Web-server for hddsDatanode at: http://0.0.0.0:0
2019-10-05 01:09:41,057 [main] INFO  server.AuthenticationFilter (AuthenticationFilter.java:constructSecretProvider(240)) - Unable to initialize FileSignerSecretProvider, falling back to use random secrets.
2019-10-05 01:09:41,057 [main] WARN  http.HttpRequestLog (HttpRequestLog.java:getRequestLog(97)) - Jetty request log can only be enabled using Log4j
2019-10-05 01:09:41,058 [main] INFO  http.HttpServer2 (HttpServer2.java:addGlobalFilter(975)) - Added global filter 'safety' (class=org.apache.hadoop.http.HttpServer2$QuotingInputFilter)
2019-10-05 01:09:41,059 [main] INFO  http.HttpServer2 (HttpServer2.java:addFilter(948)) - Added filter static_user_filter (class=org.apache.hadoop.http.lib.StaticUserWebFilter$StaticUserFilter) to context hddsDatanode
2019-10-05 01:09:41,059 [main] INFO  http.HttpServer2 (HttpServer2.java:addFilter(958)) - Added filter static_user_filter (class=org.apache.hadoop.http.lib.StaticUserWebFilter$StaticUserFilter) to context static
2019-10-05 01:09:41,059 [main] INFO  http.HttpServer2 (HttpServer2.java:addFilter(958)) - Added filter static_user_filter (class=org.apache.hadoop.http.lib.StaticUserWebFilter$StaticUserFilter) to context logs
2019-10-05 01:09:41,060 [main] INFO  http.HttpServer2 (HttpServer2.java:bindListener(1191)) - Jetty bound to port 33379
2019-10-05 01:09:41,060 [main] INFO  server.Server (Server.java:doStart(351)) - jetty-9.3.25.v20180904, build timestamp: 2018-09-04T21:11:46Z, git hash: 3ce520221d0240229c862b122d2b06c12a625732
2019-10-05 01:09:41,062 [main] INFO  handler.ContextHandler (ContextHandler.java:doStart(781)) - Started o.e.j.s.ServletContextHandler@1da1380b{/logs,file:///workdir/hadoop-ozone/integration-test/target/log,AVAILABLE}
2019-10-05 01:09:41,062 [main] INFO  handler.ContextHandler (ContextHandler.java:doStart(781)) - Started o.e.j.s.ServletContextHandler@3332c7a5{/static,jar:file:/home/user/.m2/repository/org/apache/hadoop/hadoop-hdds-container-service/0.5.0-SNAPSHOT/hadoop-hdds-container-service-0.5.0-SNAPSHOT.jar!/webapps/static,AVAILABLE}
2019-10-05 01:09:41,092 [main] INFO  handler.ContextHandler (ContextHandler.java:doStart(781)) - Started o.e.j.w.WebAppContext@61615b4a{/,file:///tmp/jetty-0.0.0.0-33379-hddsDatanode-_-any-9220197245016722452.dir/webapp/,AVAILABLE}{/hddsDatanode}
2019-10-05 01:09:41,092 [main] INFO  server.AbstractConnector (AbstractConnector.java:doStart(278)) - Started ServerConnector@721d8ab5{HTTP/1.1,[http/1.1]}{0.0.0.0:33379}
2019-10-05 01:09:41,095 [main] INFO  server.Server (Server.java:doStart(419)) - Started @123666ms
2019-10-05 01:09:41,095 [main] WARN  impl.MetricsSystemImpl (MetricsSystemImpl.java:register(276)) - Sink prometheus already exists!
2019-10-05 01:09:41,096 [main] INFO  server.BaseHttpServer (BaseHttpServer.java:updateConnectorAddress(215)) - HTTP server of HDDSDATANODE is listening at http://0.0.0.0:33379
2019-10-05 01:09:41,096 [main] INFO  impl.MetricsSystemImpl (MetricsSystemImpl.java:init(158)) - HddsDatanode metrics system started (again)
2019-10-05 01:09:41,099 [org.apache.hadoop.util.JvmPauseMonitor$Monitor@39baa7c4] INFO  util.JvmPauseMonitor (JvmPauseMonitor.java:run(188)) - Starting JVM pause monitor
2019-10-05 01:09:41,099 [main] INFO  ozone.HddsDatanodeService (HddsDatanodeService.java:start(184)) - HddsDatanodeService host:pr-hdds-1986-f466r-3473100931 ip:192.168.151.105
2019-10-05 01:09:41,100 [Datanode State Machine Thread - 0] INFO  datanode.InitDatanodeState (InitDatanodeState.java:persistContainerDatanodeDetails(140)) - DatanodeDetails is persisted to /workdir/hadoop-ozone/integration-test/target/test-dir/MiniOzoneClusterImpl-aae8a5e2-5455-4700-bcf4-486adb770533/datanode-0/meta/datanode.id
2019-10-05 01:09:41,104 [main] INFO  volume.HddsVolume (HddsVolume.java:<init>(176)) - Creating Volume: /workdir/hadoop-ozone/integration-test/target/test-dir/MiniOzoneClusterImpl-aae8a5e2-5455-4700-bcf4-486adb770533/datanode-1/data/containers/hdds of  storage type : DISK and capacity : 1482555576320
2019-10-05 01:09:41,104 [main] INFO  volume.VolumeSet (VolumeSet.java:initializeVolumeSet(170)) - Added Volume : /workdir/hadoop-ozone/integration-test/target/test-dir/MiniOzoneClusterImpl-aae8a5e2-5455-4700-bcf4-486adb770533/datanode-1/data/containers/hdds to VolumeSet
2019-10-05 01:09:41,104 [main] INFO  volume.ThrottledAsyncChecker (ThrottledAsyncChecker.java:schedule(139)) - Scheduling a check for org.apache.hadoop.ozone.container.common.volume.HddsVolume@3a00b15d
2019-10-05 01:09:41,105 [main] INFO  volume.HddsVolumeChecker (HddsVolumeChecker.java:checkAllVolumes(202)) - Scheduled health check for volume org.apache.hadoop.ozone.container.common.volume.HddsVolume@3a00b15d
2019-10-05 01:09:41,118 [main] INFO  impl.RaftServerProxy (ConfUtils.java:logGet(43)) - raft.rpc.type = GRPC (default)
2019-10-05 01:09:41,118 [main] INFO  grpc.GrpcFactory (GrpcFactory.java:checkPooledByteBufAllocatorUseCacheForAllThreads(45)) - PERFORMANCE WARNING: useCacheForAllThreads is true that may cause Netty to create a lot garbage objects and, as a result, trigger GC.
	It is recommended to disable useCacheForAllThreads by setting -Dorg.apache.ratis.thirdparty.io.netty.allocator.useCacheForAllThreads=false in command line.
2019-10-05 01:09:41,118 [main] INFO  grpc.GrpcConfigKeys$Server (ConfUtils.java:logGet(43)) - raft.grpc.server.port = 0 (default)
2019-10-05 01:09:41,118 [main] INFO  server.GrpcService (ConfUtils.java:logGet(43)) - raft.grpc.message.size.max = 33570816 (custom)
2019-10-05 01:09:41,118 [main] INFO  server.RaftServerConfigKeys (ConfUtils.java:logGet(43)) - raft.server.log.appender.buffer.byte-limit = 33554432 (custom)
2019-10-05 01:09:41,119 [main] INFO  server.GrpcService (ConfUtils.java:logGet(43)) - raft.grpc.flow.control.window = 1MB (=1048576) (default)
2019-10-05 01:09:41,119 [main] INFO  server.RaftServerConfigKeys (ConfUtils.java:logGet(43)) - raft.server.rpc.request.timeout = 3000ms (default)
2019-10-05 01:09:41,119 [main] INFO  server.RaftServerConfigKeys (ConfUtils.java:logGet(43)) - raft.server.storage.dir = [/workdir/hadoop-ozone/integration-test/target/test-dir/MiniOzoneClusterImpl-aae8a5e2-5455-4700-bcf4-486adb770533/datanode-1/data/ratis] (custom)
2019-10-05 01:09:41,121 [main] INFO  hdfs.DFSUtil (DFSUtil.java:httpServerTemplateForNNAndJN(1641)) - Starting Web-server for hddsDatanode at: http://0.0.0.0:0
2019-10-05 01:09:41,123 [main] INFO  server.AuthenticationFilter (AuthenticationFilter.java:constructSecretProvider(240)) - Unable to initialize FileSignerSecretProvider, falling back to use random secrets.
2019-10-05 01:09:41,123 [main] WARN  http.HttpRequestLog (HttpRequestLog.java:getRequestLog(97)) - Jetty request log can only be enabled using Log4j
2019-10-05 01:09:41,125 [main] INFO  http.HttpServer2 (HttpServer2.java:addGlobalFilter(975)) - Added global filter 'safety' (class=org.apache.hadoop.http.HttpServer2$QuotingInputFilter)
2019-10-05 01:09:41,125 [main] INFO  http.HttpServer2 (HttpServer2.java:addFilter(948)) - Added filter static_user_filter (class=org.apache.hadoop.http.lib.StaticUserWebFilter$StaticUserFilter) to context hddsDatanode
2019-10-05 01:09:41,126 [main] INFO  http.HttpServer2 (HttpServer2.java:addFilter(958)) - Added filter static_user_filter (class=org.apache.hadoop.http.lib.StaticUserWebFilter$StaticUserFilter) to context logs
2019-10-05 01:09:41,126 [main] INFO  http.HttpServer2 (HttpServer2.java:addFilter(958)) - Added filter static_user_filter (class=org.apache.hadoop.http.lib.StaticUserWebFilter$StaticUserFilter) to context static
2019-10-05 01:09:41,127 [main] INFO  http.HttpServer2 (HttpServer2.java:bindListener(1191)) - Jetty bound to port 45961
2019-10-05 01:09:41,127 [main] INFO  server.Server (Server.java:doStart(351)) - jetty-9.3.25.v20180904, build timestamp: 2018-09-04T21:11:46Z, git hash: 3ce520221d0240229c862b122d2b06c12a625732
2019-10-05 01:09:41,128 [main] INFO  handler.ContextHandler (ContextHandler.java:doStart(781)) - Started o.e.j.s.ServletContextHandler@5a90265a{/logs,file:///workdir/hadoop-ozone/integration-test/target/log,AVAILABLE}
2019-10-05 01:09:41,129 [main] INFO  handler.ContextHandler (ContextHandler.java:doStart(781)) - Started o.e.j.s.ServletContextHandler@66fbc5e7{/static,jar:file:/home/user/.m2/repository/org/apache/hadoop/hadoop-hdds-container-service/0.5.0-SNAPSHOT/hadoop-hdds-container-service-0.5.0-SNAPSHOT.jar!/webapps/static,AVAILABLE}
2019-10-05 01:09:41,156 [main] INFO  handler.ContextHandler (ContextHandler.java:doStart(781)) - Started o.e.j.w.WebAppContext@6a15b73{/,file:///tmp/jetty-0.0.0.0-45961-hddsDatanode-_-any-5382619884375099183.dir/webapp/,AVAILABLE}{/hddsDatanode}
2019-10-05 01:09:41,157 [main] INFO  server.AbstractConnector (AbstractConnector.java:doStart(278)) - Started ServerConnector@44dc7b7d{HTTP/1.1,[http/1.1]}{0.0.0.0:45961}
2019-10-05 01:09:41,158 [main] INFO  server.Server (Server.java:doStart(419)) - Started @123728ms
2019-10-05 01:09:41,158 [main] WARN  impl.MetricsSystemImpl (MetricsSystemImpl.java:register(276)) - Sink prometheus already exists!
2019-10-05 01:09:41,159 [main] INFO  server.BaseHttpServer (BaseHttpServer.java:updateConnectorAddress(215)) - HTTP server of HDDSDATANODE is listening at http://0.0.0.0:45961
2019-10-05 01:09:41,159 [main] INFO  impl.MetricsSystemImpl (MetricsSystemImpl.java:init(158)) - HddsDatanode metrics system started (again)
2019-10-05 01:09:41,162 [org.apache.hadoop.util.JvmPauseMonitor$Monitor@3e5f162a] INFO  util.JvmPauseMonitor (JvmPauseMonitor.java:run(188)) - Starting JVM pause monitor
2019-10-05 01:09:41,162 [main] INFO  ozone.HddsDatanodeService (HddsDatanodeService.java:start(184)) - HddsDatanodeService host:pr-hdds-1986-f466r-3473100931 ip:192.168.151.105
2019-10-05 01:09:41,164 [Datanode State Machine Thread - 0] INFO  datanode.InitDatanodeState (InitDatanodeState.java:persistContainerDatanodeDetails(140)) - DatanodeDetails is persisted to /workdir/hadoop-ozone/integration-test/target/test-dir/MiniOzoneClusterImpl-aae8a5e2-5455-4700-bcf4-486adb770533/datanode-1/meta/datanode.id
2019-10-05 01:09:41,168 [main] INFO  volume.HddsVolume (HddsVolume.java:<init>(176)) - Creating Volume: /workdir/hadoop-ozone/integration-test/target/test-dir/MiniOzoneClusterImpl-aae8a5e2-5455-4700-bcf4-486adb770533/datanode-2/data/containers/hdds of  storage type : DISK and capacity : 1482555576320
2019-10-05 01:09:41,168 [main] INFO  volume.VolumeSet (VolumeSet.java:initializeVolumeSet(170)) - Added Volume : /workdir/hadoop-ozone/integration-test/target/test-dir/MiniOzoneClusterImpl-aae8a5e2-5455-4700-bcf4-486adb770533/datanode-2/data/containers/hdds to VolumeSet
2019-10-05 01:09:41,168 [main] INFO  volume.ThrottledAsyncChecker (ThrottledAsyncChecker.java:schedule(139)) - Scheduling a check for org.apache.hadoop.ozone.container.common.volume.HddsVolume@65514add
2019-10-05 01:09:41,169 [main] INFO  volume.HddsVolumeChecker (HddsVolumeChecker.java:checkAllVolumes(202)) - Scheduled health check for volume org.apache.hadoop.ozone.container.common.volume.HddsVolume@65514add
2019-10-05 01:09:41,180 [main] INFO  impl.RaftServerProxy (ConfUtils.java:logGet(43)) - raft.rpc.type = GRPC (default)
2019-10-05 01:09:41,180 [main] INFO  grpc.GrpcFactory (GrpcFactory.java:checkPooledByteBufAllocatorUseCacheForAllThreads(45)) - PERFORMANCE WARNING: useCacheForAllThreads is true that may cause Netty to create a lot garbage objects and, as a result, trigger GC.
	It is recommended to disable useCacheForAllThreads by setting -Dorg.apache.ratis.thirdparty.io.netty.allocator.useCacheForAllThreads=false in command line.
2019-10-05 01:09:41,181 [main] INFO  grpc.GrpcConfigKeys$Server (ConfUtils.java:logGet(43)) - raft.grpc.server.port = 0 (default)
2019-10-05 01:09:41,181 [main] INFO  server.GrpcService (ConfUtils.java:logGet(43)) - raft.grpc.message.size.max = 33570816 (custom)
2019-10-05 01:09:41,181 [main] INFO  server.RaftServerConfigKeys (ConfUtils.java:logGet(43)) - raft.server.log.appender.buffer.byte-limit = 33554432 (custom)
2019-10-05 01:09:41,181 [main] INFO  server.GrpcService (ConfUtils.java:logGet(43)) - raft.grpc.flow.control.window = 1MB (=1048576) (default)
2019-10-05 01:09:41,181 [main] INFO  server.RaftServerConfigKeys (ConfUtils.java:logGet(43)) - raft.server.rpc.request.timeout = 3000ms (default)
2019-10-05 01:09:41,182 [main] INFO  server.RaftServerConfigKeys (ConfUtils.java:logGet(43)) - raft.server.storage.dir = [/workdir/hadoop-ozone/integration-test/target/test-dir/MiniOzoneClusterImpl-aae8a5e2-5455-4700-bcf4-486adb770533/datanode-2/data/ratis] (custom)
2019-10-05 01:09:41,183 [main] INFO  hdfs.DFSUtil (DFSUtil.java:httpServerTemplateForNNAndJN(1641)) - Starting Web-server for hddsDatanode at: http://0.0.0.0:0
2019-10-05 01:09:41,184 [main] INFO  server.AuthenticationFilter (AuthenticationFilter.java:constructSecretProvider(240)) - Unable to initialize FileSignerSecretProvider, falling back to use random secrets.
2019-10-05 01:09:41,184 [main] WARN  http.HttpRequestLog (HttpRequestLog.java:getRequestLog(97)) - Jetty request log can only be enabled using Log4j
2019-10-05 01:09:41,185 [main] INFO  http.HttpServer2 (HttpServer2.java:addGlobalFilter(975)) - Added global filter 'safety' (class=org.apache.hadoop.http.HttpServer2$QuotingInputFilter)
2019-10-05 01:09:41,186 [main] INFO  http.HttpServer2 (HttpServer2.java:addFilter(948)) - Added filter static_user_filter (class=org.apache.hadoop.http.lib.StaticUserWebFilter$StaticUserFilter) to context hddsDatanode
2019-10-05 01:09:41,186 [main] INFO  http.HttpServer2 (HttpServer2.java:addFilter(958)) - Added filter static_user_filter (class=org.apache.hadoop.http.lib.StaticUserWebFilter$StaticUserFilter) to context static
2019-10-05 01:09:41,186 [main] INFO  http.HttpServer2 (HttpServer2.java:addFilter(958)) - Added filter static_user_filter (class=org.apache.hadoop.http.lib.StaticUserWebFilter$StaticUserFilter) to context logs
2019-10-05 01:09:41,186 [main] INFO  http.HttpServer2 (HttpServer2.java:bindListener(1191)) - Jetty bound to port 45396
2019-10-05 01:09:41,187 [main] INFO  server.Server (Server.java:doStart(351)) - jetty-9.3.25.v20180904, build timestamp: 2018-09-04T21:11:46Z, git hash: 3ce520221d0240229c862b122d2b06c12a625732
2019-10-05 01:09:41,188 [main] INFO  handler.ContextHandler (ContextHandler.java:doStart(781)) - Started o.e.j.s.ServletContextHandler@67fa5045{/logs,file:///workdir/hadoop-ozone/integration-test/target/log,AVAILABLE}
2019-10-05 01:09:41,188 [main] INFO  handler.ContextHandler (ContextHandler.java:doStart(781)) - Started o.e.j.s.ServletContextHandler@5974b233{/static,jar:file:/home/user/.m2/repository/org/apache/hadoop/hadoop-hdds-container-service/0.5.0-SNAPSHOT/hadoop-hdds-container-service-0.5.0-SNAPSHOT.jar!/webapps/static,AVAILABLE}
2019-10-05 01:09:41,214 [main] INFO  handler.ContextHandler (ContextHandler.java:doStart(781)) - Started o.e.j.w.WebAppContext@715a70e9{/,file:///tmp/jetty-0.0.0.0-45396-hddsDatanode-_-any-5127821340925540618.dir/webapp/,AVAILABLE}{/hddsDatanode}
2019-10-05 01:09:41,215 [main] INFO  server.AbstractConnector (AbstractConnector.java:doStart(278)) - Started ServerConnector@3bc69ce9{HTTP/1.1,[http/1.1]}{0.0.0.0:45396}
2019-10-05 01:09:41,216 [main] INFO  server.Server (Server.java:doStart(419)) - Started @123786ms
2019-10-05 01:09:41,216 [main] WARN  impl.MetricsSystemImpl (MetricsSystemImpl.java:register(276)) - Sink prometheus already exists!
2019-10-05 01:09:41,217 [main] INFO  server.BaseHttpServer (BaseHttpServer.java:updateConnectorAddress(215)) - HTTP server of HDDSDATANODE is listening at http://0.0.0.0:45396
2019-10-05 01:09:41,217 [main] INFO  impl.MetricsSystemImpl (MetricsSystemImpl.java:init(158)) - HddsDatanode metrics system started (again)
2019-10-05 01:09:41,220 [org.apache.hadoop.util.JvmPauseMonitor$Monitor@7674921e] INFO  util.JvmPauseMonitor (JvmPauseMonitor.java:run(188)) - Starting JVM pause monitor
2019-10-05 01:09:41,220 [main] INFO  ozone.HddsDatanodeService (HddsDatanodeService.java:start(184)) - HddsDatanodeService host:pr-hdds-1986-f466r-3473100931 ip:192.168.151.105
2019-10-05 01:09:41,221 [Datanode State Machine Thread - 0] INFO  datanode.InitDatanodeState (InitDatanodeState.java:persistContainerDatanodeDetails(140)) - DatanodeDetails is persisted to /workdir/hadoop-ozone/integration-test/target/test-dir/MiniOzoneClusterImpl-aae8a5e2-5455-4700-bcf4-486adb770533/datanode-2/meta/datanode.id
2019-10-05 01:09:41,225 [main] INFO  volume.HddsVolume (HddsVolume.java:<init>(176)) - Creating Volume: /workdir/hadoop-ozone/integration-test/target/test-dir/MiniOzoneClusterImpl-aae8a5e2-5455-4700-bcf4-486adb770533/datanode-3/data/containers/hdds of  storage type : DISK and capacity : 1482555576320
2019-10-05 01:09:41,225 [main] INFO  volume.VolumeSet (VolumeSet.java:initializeVolumeSet(170)) - Added Volume : /workdir/hadoop-ozone/integration-test/target/test-dir/MiniOzoneClusterImpl-aae8a5e2-5455-4700-bcf4-486adb770533/datanode-3/data/containers/hdds to VolumeSet
2019-10-05 01:09:41,226 [main] INFO  volume.ThrottledAsyncChecker (ThrottledAsyncChecker.java:schedule(139)) - Scheduling a check for org.apache.hadoop.ozone.container.common.volume.HddsVolume@21ae657b
2019-10-05 01:09:41,226 [main] INFO  volume.HddsVolumeChecker (HddsVolumeChecker.java:checkAllVolumes(202)) - Scheduled health check for volume org.apache.hadoop.ozone.container.common.volume.HddsVolume@21ae657b
2019-10-05 01:09:41,239 [main] INFO  impl.RaftServerProxy (ConfUtils.java:logGet(43)) - raft.rpc.type = GRPC (default)
2019-10-05 01:09:41,239 [main] INFO  grpc.GrpcFactory (GrpcFactory.java:checkPooledByteBufAllocatorUseCacheForAllThreads(45)) - PERFORMANCE WARNING: useCacheForAllThreads is true that may cause Netty to create a lot garbage objects and, as a result, trigger GC.
	It is recommended to disable useCacheForAllThreads by setting -Dorg.apache.ratis.thirdparty.io.netty.allocator.useCacheForAllThreads=false in command line.
2019-10-05 01:09:41,239 [main] INFO  grpc.GrpcConfigKeys$Server (ConfUtils.java:logGet(43)) - raft.grpc.server.port = 0 (default)
2019-10-05 01:09:41,240 [main] INFO  server.GrpcService (ConfUtils.java:logGet(43)) - raft.grpc.message.size.max = 33570816 (custom)
2019-10-05 01:09:41,240 [main] INFO  server.RaftServerConfigKeys (ConfUtils.java:logGet(43)) - raft.server.log.appender.buffer.byte-limit = 33554432 (custom)
2019-10-05 01:09:41,240 [main] INFO  server.GrpcService (ConfUtils.java:logGet(43)) - raft.grpc.flow.control.window = 1MB (=1048576) (default)
2019-10-05 01:09:41,241 [main] INFO  server.RaftServerConfigKeys (ConfUtils.java:logGet(43)) - raft.server.rpc.request.timeout = 3000ms (default)
2019-10-05 01:09:41,241 [main] INFO  server.RaftServerConfigKeys (ConfUtils.java:logGet(43)) - raft.server.storage.dir = [/workdir/hadoop-ozone/integration-test/target/test-dir/MiniOzoneClusterImpl-aae8a5e2-5455-4700-bcf4-486adb770533/datanode-3/data/ratis] (custom)
2019-10-05 01:09:41,242 [main] INFO  hdfs.DFSUtil (DFSUtil.java:httpServerTemplateForNNAndJN(1641)) - Starting Web-server for hddsDatanode at: http://0.0.0.0:0
2019-10-05 01:09:41,243 [main] INFO  server.AuthenticationFilter (AuthenticationFilter.java:constructSecretProvider(240)) - Unable to initialize FileSignerSecretProvider, falling back to use random secrets.
2019-10-05 01:09:41,244 [main] WARN  http.HttpRequestLog (HttpRequestLog.java:getRequestLog(97)) - Jetty request log can only be enabled using Log4j
2019-10-05 01:09:41,245 [main] INFO  http.HttpServer2 (HttpServer2.java:addGlobalFilter(975)) - Added global filter 'safety' (class=org.apache.hadoop.http.HttpServer2$QuotingInputFilter)
2019-10-05 01:09:41,245 [main] INFO  http.HttpServer2 (HttpServer2.java:addFilter(948)) - Added filter static_user_filter (class=org.apache.hadoop.http.lib.StaticUserWebFilter$StaticUserFilter) to context hddsDatanode
2019-10-05 01:09:41,245 [main] INFO  http.HttpServer2 (HttpServer2.java:addFilter(958)) - Added filter static_user_filter (class=org.apache.hadoop.http.lib.StaticUserWebFilter$StaticUserFilter) to context logs
2019-10-05 01:09:41,246 [main] INFO  http.HttpServer2 (HttpServer2.java:addFilter(958)) - Added filter static_user_filter (class=org.apache.hadoop.http.lib.StaticUserWebFilter$StaticUserFilter) to context static
2019-10-05 01:09:41,246 [main] INFO  http.HttpServer2 (HttpServer2.java:bindListener(1191)) - Jetty bound to port 37405
2019-10-05 01:09:41,246 [main] INFO  server.Server (Server.java:doStart(351)) - jetty-9.3.25.v20180904, build timestamp: 2018-09-04T21:11:46Z, git hash: 3ce520221d0240229c862b122d2b06c12a625732
2019-10-05 01:09:41,248 [main] INFO  handler.ContextHandler (ContextHandler.java:doStart(781)) - Started o.e.j.s.ServletContextHandler@24043ec5{/logs,file:///workdir/hadoop-ozone/integration-test/target/log,AVAILABLE}
2019-10-05 01:09:41,248 [main] INFO  handler.ContextHandler (ContextHandler.java:doStart(781)) - Started o.e.j.s.ServletContextHandler@4c6a4ffd{/static,jar:file:/home/user/.m2/repository/org/apache/hadoop/hadoop-hdds-container-service/0.5.0-SNAPSHOT/hadoop-hdds-container-service-0.5.0-SNAPSHOT.jar!/webapps/static,AVAILABLE}
2019-10-05 01:09:41,277 [main] INFO  handler.ContextHandler (ContextHandler.java:doStart(781)) - Started o.e.j.w.WebAppContext@4c3de38e{/,file:///tmp/jetty-0.0.0.0-37405-hddsDatanode-_-any-4555815460904401969.dir/webapp/,AVAILABLE}{/hddsDatanode}
2019-10-05 01:09:41,277 [main] INFO  server.AbstractConnector (AbstractConnector.java:doStart(278)) - Started ServerConnector@74b86971{HTTP/1.1,[http/1.1]}{0.0.0.0:37405}
2019-10-05 01:09:41,279 [main] INFO  server.Server (Server.java:doStart(419)) - Started @123849ms
2019-10-05 01:09:41,279 [main] WARN  impl.MetricsSystemImpl (MetricsSystemImpl.java:register(276)) - Sink prometheus already exists!
2019-10-05 01:09:41,279 [main] INFO  server.BaseHttpServer (BaseHttpServer.java:updateConnectorAddress(215)) - HTTP server of HDDSDATANODE is listening at http://0.0.0.0:37405
2019-10-05 01:09:41,280 [main] INFO  impl.MetricsSystemImpl (MetricsSystemImpl.java:init(158)) - HddsDatanode metrics system started (again)
2019-10-05 01:09:41,283 [org.apache.hadoop.util.JvmPauseMonitor$Monitor@4b96447a] INFO  util.JvmPauseMonitor (JvmPauseMonitor.java:run(188)) - Starting JVM pause monitor
2019-10-05 01:09:41,283 [main] INFO  ozone.HddsDatanodeService (HddsDatanodeService.java:start(184)) - HddsDatanodeService host:pr-hdds-1986-f466r-3473100931 ip:192.168.151.105
2019-10-05 01:09:41,284 [Datanode State Machine Thread - 0] INFO  datanode.InitDatanodeState (InitDatanodeState.java:persistContainerDatanodeDetails(140)) - DatanodeDetails is persisted to /workdir/hadoop-ozone/integration-test/target/test-dir/MiniOzoneClusterImpl-aae8a5e2-5455-4700-bcf4-486adb770533/datanode-3/meta/datanode.id
2019-10-05 01:09:41,292 [main] INFO  volume.HddsVolume (HddsVolume.java:<init>(176)) - Creating Volume: /workdir/hadoop-ozone/integration-test/target/test-dir/MiniOzoneClusterImpl-aae8a5e2-5455-4700-bcf4-486adb770533/datanode-4/data/containers/hdds of  storage type : DISK and capacity : 1482555576320
2019-10-05 01:09:41,299 [main] INFO  volume.VolumeSet (VolumeSet.java:initializeVolumeSet(170)) - Added Volume : /workdir/hadoop-ozone/integration-test/target/test-dir/MiniOzoneClusterImpl-aae8a5e2-5455-4700-bcf4-486adb770533/datanode-4/data/containers/hdds to VolumeSet
2019-10-05 01:09:41,299 [main] INFO  volume.ThrottledAsyncChecker (ThrottledAsyncChecker.java:schedule(139)) - Scheduling a check for org.apache.hadoop.ozone.container.common.volume.HddsVolume@3d40a3b4
2019-10-05 01:09:41,300 [main] INFO  volume.HddsVolumeChecker (HddsVolumeChecker.java:checkAllVolumes(202)) - Scheduled health check for volume org.apache.hadoop.ozone.container.common.volume.HddsVolume@3d40a3b4
2019-10-05 01:09:41,312 [main] INFO  impl.RaftServerProxy (ConfUtils.java:logGet(43)) - raft.rpc.type = GRPC (default)
2019-10-05 01:09:41,312 [main] INFO  grpc.GrpcFactory (GrpcFactory.java:checkPooledByteBufAllocatorUseCacheForAllThreads(45)) - PERFORMANCE WARNING: useCacheForAllThreads is true that may cause Netty to create a lot garbage objects and, as a result, trigger GC.
	It is recommended to disable useCacheForAllThreads by setting -Dorg.apache.ratis.thirdparty.io.netty.allocator.useCacheForAllThreads=false in command line.
2019-10-05 01:09:41,312 [main] INFO  grpc.GrpcConfigKeys$Server (ConfUtils.java:logGet(43)) - raft.grpc.server.port = 0 (default)
2019-10-05 01:09:41,312 [main] INFO  server.GrpcService (ConfUtils.java:logGet(43)) - raft.grpc.message.size.max = 33570816 (custom)
2019-10-05 01:09:41,313 [main] INFO  server.RaftServerConfigKeys (ConfUtils.java:logGet(43)) - raft.server.log.appender.buffer.byte-limit = 33554432 (custom)
2019-10-05 01:09:41,313 [main] INFO  server.GrpcService (ConfUtils.java:logGet(43)) - raft.grpc.flow.control.window = 1MB (=1048576) (default)
2019-10-05 01:09:41,313 [main] INFO  server.RaftServerConfigKeys (ConfUtils.java:logGet(43)) - raft.server.rpc.request.timeout = 3000ms (default)
2019-10-05 01:09:41,313 [main] INFO  server.RaftServerConfigKeys (ConfUtils.java:logGet(43)) - raft.server.storage.dir = [/workdir/hadoop-ozone/integration-test/target/test-dir/MiniOzoneClusterImpl-aae8a5e2-5455-4700-bcf4-486adb770533/datanode-4/data/ratis] (custom)
2019-10-05 01:09:41,314 [main] INFO  hdfs.DFSUtil (DFSUtil.java:httpServerTemplateForNNAndJN(1641)) - Starting Web-server for hddsDatanode at: http://0.0.0.0:0
2019-10-05 01:09:41,315 [main] INFO  server.AuthenticationFilter (AuthenticationFilter.java:constructSecretProvider(240)) - Unable to initialize FileSignerSecretProvider, falling back to use random secrets.
2019-10-05 01:09:41,316 [main] WARN  http.HttpRequestLog (HttpRequestLog.java:getRequestLog(97)) - Jetty request log can only be enabled using Log4j
2019-10-05 01:09:41,317 [main] INFO  http.HttpServer2 (HttpServer2.java:addGlobalFilter(975)) - Added global filter 'safety' (class=org.apache.hadoop.http.HttpServer2$QuotingInputFilter)
2019-10-05 01:09:41,317 [main] INFO  http.HttpServer2 (HttpServer2.java:addFilter(948)) - Added filter static_user_filter (class=org.apache.hadoop.http.lib.StaticUserWebFilter$StaticUserFilter) to context hddsDatanode
2019-10-05 01:09:41,317 [main] INFO  http.HttpServer2 (HttpServer2.java:addFilter(958)) - Added filter static_user_filter (class=org.apache.hadoop.http.lib.StaticUserWebFilter$StaticUserFilter) to context logs
2019-10-05 01:09:41,318 [main] INFO  http.HttpServer2 (HttpServer2.java:addFilter(958)) - Added filter static_user_filter (class=org.apache.hadoop.http.lib.StaticUserWebFilter$StaticUserFilter) to context static
2019-10-05 01:09:41,318 [main] INFO  http.HttpServer2 (HttpServer2.java:bindListener(1191)) - Jetty bound to port 42527
2019-10-05 01:09:41,318 [main] INFO  server.Server (Server.java:doStart(351)) - jetty-9.3.25.v20180904, build timestamp: 2018-09-04T21:11:46Z, git hash: 3ce520221d0240229c862b122d2b06c12a625732
2019-10-05 01:09:41,320 [main] INFO  handler.ContextHandler (ContextHandler.java:doStart(781)) - Started o.e.j.s.ServletContextHandler@6f6efa4f{/logs,file:///workdir/hadoop-ozone/integration-test/target/log,AVAILABLE}
2019-10-05 01:09:41,320 [main] INFO  handler.ContextHandler (ContextHandler.java:doStart(781)) - Started o.e.j.s.ServletContextHandler@6b357eb6{/static,jar:file:/home/user/.m2/repository/org/apache/hadoop/hadoop-hdds-container-service/0.5.0-SNAPSHOT/hadoop-hdds-container-service-0.5.0-SNAPSHOT.jar!/webapps/static,AVAILABLE}
2019-10-05 01:09:41,348 [main] INFO  handler.ContextHandler (ContextHandler.java:doStart(781)) - Started o.e.j.w.WebAppContext@7c241a9f{/,file:///tmp/jetty-0.0.0.0-42527-hddsDatanode-_-any-2108900155780700111.dir/webapp/,AVAILABLE}{/hddsDatanode}
2019-10-05 01:09:41,348 [main] INFO  server.AbstractConnector (AbstractConnector.java:doStart(278)) - Started ServerConnector@58fd1214{HTTP/1.1,[http/1.1]}{0.0.0.0:42527}
2019-10-05 01:09:41,349 [main] INFO  server.Server (Server.java:doStart(419)) - Started @123919ms
2019-10-05 01:09:41,349 [main] WARN  impl.MetricsSystemImpl (MetricsSystemImpl.java:register(276)) - Sink prometheus already exists!
2019-10-05 01:09:41,350 [main] INFO  server.BaseHttpServer (BaseHttpServer.java:updateConnectorAddress(215)) - HTTP server of HDDSDATANODE is listening at http://0.0.0.0:42527
2019-10-05 01:09:41,350 [main] INFO  impl.MetricsSystemImpl (MetricsSystemImpl.java:init(158)) - HddsDatanode metrics system started (again)
2019-10-05 01:09:41,354 [org.apache.hadoop.util.JvmPauseMonitor$Monitor@7052366c] INFO  util.JvmPauseMonitor (JvmPauseMonitor.java:run(188)) - Starting JVM pause monitor
2019-10-05 01:09:41,354 [main] INFO  ozone.HddsDatanodeService (HddsDatanodeService.java:start(184)) - HddsDatanodeService host:pr-hdds-1986-f466r-3473100931 ip:192.168.151.105
2019-10-05 01:09:41,354 [Datanode State Machine Thread - 0] INFO  datanode.InitDatanodeState (InitDatanodeState.java:persistContainerDatanodeDetails(140)) - DatanodeDetails is persisted to /workdir/hadoop-ozone/integration-test/target/test-dir/MiniOzoneClusterImpl-aae8a5e2-5455-4700-bcf4-486adb770533/datanode-4/meta/datanode.id
2019-10-05 01:09:41,359 [main] INFO  volume.HddsVolume (HddsVolume.java:<init>(176)) - Creating Volume: /workdir/hadoop-ozone/integration-test/target/test-dir/MiniOzoneClusterImpl-aae8a5e2-5455-4700-bcf4-486adb770533/datanode-5/data/containers/hdds of  storage type : DISK and capacity : 1482555576320
2019-10-05 01:09:41,359 [main] INFO  volume.VolumeSet (VolumeSet.java:initializeVolumeSet(170)) - Added Volume : /workdir/hadoop-ozone/integration-test/target/test-dir/MiniOzoneClusterImpl-aae8a5e2-5455-4700-bcf4-486adb770533/datanode-5/data/containers/hdds to VolumeSet
2019-10-05 01:09:41,359 [main] INFO  volume.ThrottledAsyncChecker (ThrottledAsyncChecker.java:schedule(139)) - Scheduling a check for org.apache.hadoop.ozone.container.common.volume.HddsVolume@384fda47
2019-10-05 01:09:41,360 [main] INFO  volume.HddsVolumeChecker (HddsVolumeChecker.java:checkAllVolumes(202)) - Scheduled health check for volume org.apache.hadoop.ozone.container.common.volume.HddsVolume@384fda47
2019-10-05 01:09:41,372 [main] INFO  impl.RaftServerProxy (ConfUtils.java:logGet(43)) - raft.rpc.type = GRPC (default)
2019-10-05 01:09:41,372 [main] INFO  grpc.GrpcFactory (GrpcFactory.java:checkPooledByteBufAllocatorUseCacheForAllThreads(45)) - PERFORMANCE WARNING: useCacheForAllThreads is true that may cause Netty to create a lot garbage objects and, as a result, trigger GC.
	It is recommended to disable useCacheForAllThreads by setting -Dorg.apache.ratis.thirdparty.io.netty.allocator.useCacheForAllThreads=false in command line.
2019-10-05 01:09:41,373 [main] INFO  grpc.GrpcConfigKeys$Server (ConfUtils.java:logGet(43)) - raft.grpc.server.port = 0 (default)
2019-10-05 01:09:41,373 [main] INFO  server.GrpcService (ConfUtils.java:logGet(43)) - raft.grpc.message.size.max = 33570816 (custom)
2019-10-05 01:09:41,373 [main] INFO  server.RaftServerConfigKeys (ConfUtils.java:logGet(43)) - raft.server.log.appender.buffer.byte-limit = 33554432 (custom)
2019-10-05 01:09:41,373 [main] INFO  server.GrpcService (ConfUtils.java:logGet(43)) - raft.grpc.flow.control.window = 1MB (=1048576) (default)
2019-10-05 01:09:41,373 [main] INFO  server.RaftServerConfigKeys (ConfUtils.java:logGet(43)) - raft.server.rpc.request.timeout = 3000ms (default)
2019-10-05 01:09:41,374 [main] INFO  server.RaftServerConfigKeys (ConfUtils.java:logGet(43)) - raft.server.storage.dir = [/workdir/hadoop-ozone/integration-test/target/test-dir/MiniOzoneClusterImpl-aae8a5e2-5455-4700-bcf4-486adb770533/datanode-5/data/ratis] (custom)
2019-10-05 01:09:41,375 [main] INFO  hdfs.DFSUtil (DFSUtil.java:httpServerTemplateForNNAndJN(1641)) - Starting Web-server for hddsDatanode at: http://0.0.0.0:0
2019-10-05 01:09:41,376 [main] INFO  server.AuthenticationFilter (AuthenticationFilter.java:constructSecretProvider(240)) - Unable to initialize FileSignerSecretProvider, falling back to use random secrets.
2019-10-05 01:09:41,376 [main] WARN  http.HttpRequestLog (HttpRequestLog.java:getRequestLog(97)) - Jetty request log can only be enabled using Log4j
2019-10-05 01:09:41,377 [main] INFO  http.HttpServer2 (HttpServer2.java:addGlobalFilter(975)) - Added global filter 'safety' (class=org.apache.hadoop.http.HttpServer2$QuotingInputFilter)
2019-10-05 01:09:41,378 [main] INFO  http.HttpServer2 (HttpServer2.java:addFilter(948)) - Added filter static_user_filter (class=org.apache.hadoop.http.lib.StaticUserWebFilter$StaticUserFilter) to context hddsDatanode
2019-10-05 01:09:41,378 [main] INFO  http.HttpServer2 (HttpServer2.java:addFilter(958)) - Added filter static_user_filter (class=org.apache.hadoop.http.lib.StaticUserWebFilter$StaticUserFilter) to context logs
2019-10-05 01:09:41,378 [main] INFO  http.HttpServer2 (HttpServer2.java:addFilter(958)) - Added filter static_user_filter (class=org.apache.hadoop.http.lib.StaticUserWebFilter$StaticUserFilter) to context static
2019-10-05 01:09:41,379 [main] INFO  http.HttpServer2 (HttpServer2.java:bindListener(1191)) - Jetty bound to port 45321
2019-10-05 01:09:41,379 [main] INFO  server.Server (Server.java:doStart(351)) - jetty-9.3.25.v20180904, build timestamp: 2018-09-04T21:11:46Z, git hash: 3ce520221d0240229c862b122d2b06c12a625732
2019-10-05 01:09:41,380 [main] INFO  handler.ContextHandler (ContextHandler.java:doStart(781)) - Started o.e.j.s.ServletContextHandler@29bcf51d{/logs,file:///workdir/hadoop-ozone/integration-test/target/log,AVAILABLE}
2019-10-05 01:09:41,381 [main] INFO  handler.ContextHandler (ContextHandler.java:doStart(781)) - Started o.e.j.s.ServletContextHandler@f238e4f{/static,jar:file:/home/user/.m2/repository/org/apache/hadoop/hadoop-hdds-container-service/0.5.0-SNAPSHOT/hadoop-hdds-container-service-0.5.0-SNAPSHOT.jar!/webapps/static,AVAILABLE}
2019-10-05 01:09:41,417 [main] INFO  handler.ContextHandler (ContextHandler.java:doStart(781)) - Started o.e.j.w.WebAppContext@3ad8717d{/,file:///tmp/jetty-0.0.0.0-45321-hddsDatanode-_-any-5244039795159024091.dir/webapp/,AVAILABLE}{/hddsDatanode}
2019-10-05 01:09:41,417 [main] INFO  server.AbstractConnector (AbstractConnector.java:doStart(278)) - Started ServerConnector@4293e066{HTTP/1.1,[http/1.1]}{0.0.0.0:45321}
2019-10-05 01:09:41,419 [main] INFO  server.Server (Server.java:doStart(419)) - Started @123989ms
2019-10-05 01:09:41,419 [main] WARN  impl.MetricsSystemImpl (MetricsSystemImpl.java:register(276)) - Sink prometheus already exists!
2019-10-05 01:09:41,419 [main] INFO  server.BaseHttpServer (BaseHttpServer.java:updateConnectorAddress(215)) - HTTP server of HDDSDATANODE is listening at http://0.0.0.0:45321
2019-10-05 01:09:41,420 [main] INFO  impl.MetricsSystemImpl (MetricsSystemImpl.java:init(158)) - HddsDatanode metrics system started (again)
2019-10-05 01:09:41,423 [org.apache.hadoop.util.JvmPauseMonitor$Monitor@4b056f80] INFO  util.JvmPauseMonitor (JvmPauseMonitor.java:run(188)) - Starting JVM pause monitor
2019-10-05 01:09:41,424 [main] INFO  ozone.HddsDatanodeService (HddsDatanodeService.java:start(184)) - HddsDatanodeService host:pr-hdds-1986-f466r-3473100931 ip:192.168.151.105
2019-10-05 01:09:41,425 [Datanode State Machine Thread - 0] INFO  datanode.InitDatanodeState (InitDatanodeState.java:persistContainerDatanodeDetails(140)) - DatanodeDetails is persisted to /workdir/hadoop-ozone/integration-test/target/test-dir/MiniOzoneClusterImpl-aae8a5e2-5455-4700-bcf4-486adb770533/datanode-5/meta/datanode.id
2019-10-05 01:09:41,429 [main] INFO  volume.HddsVolume (HddsVolume.java:<init>(176)) - Creating Volume: /workdir/hadoop-ozone/integration-test/target/test-dir/MiniOzoneClusterImpl-aae8a5e2-5455-4700-bcf4-486adb770533/datanode-6/data/containers/hdds of  storage type : DISK and capacity : 1482555576320
2019-10-05 01:09:41,429 [main] INFO  volume.VolumeSet (VolumeSet.java:initializeVolumeSet(170)) - Added Volume : /workdir/hadoop-ozone/integration-test/target/test-dir/MiniOzoneClusterImpl-aae8a5e2-5455-4700-bcf4-486adb770533/datanode-6/data/containers/hdds to VolumeSet
2019-10-05 01:09:41,430 [main] INFO  volume.ThrottledAsyncChecker (ThrottledAsyncChecker.java:schedule(139)) - Scheduling a check for org.apache.hadoop.ozone.container.common.volume.HddsVolume@e7b265e
2019-10-05 01:09:41,430 [main] INFO  volume.HddsVolumeChecker (HddsVolumeChecker.java:checkAllVolumes(202)) - Scheduled health check for volume org.apache.hadoop.ozone.container.common.volume.HddsVolume@e7b265e
2019-10-05 01:09:41,442 [main] INFO  impl.RaftServerProxy (ConfUtils.java:logGet(43)) - raft.rpc.type = GRPC (default)
2019-10-05 01:09:41,442 [main] INFO  grpc.GrpcFactory (GrpcFactory.java:checkPooledByteBufAllocatorUseCacheForAllThreads(45)) - PERFORMANCE WARNING: useCacheForAllThreads is true that may cause Netty to create a lot garbage objects and, as a result, trigger GC.
	It is recommended to disable useCacheForAllThreads by setting -Dorg.apache.ratis.thirdparty.io.netty.allocator.useCacheForAllThreads=false in command line.
2019-10-05 01:09:41,442 [main] INFO  grpc.GrpcConfigKeys$Server (ConfUtils.java:logGet(43)) - raft.grpc.server.port = 0 (default)
2019-10-05 01:09:41,443 [main] INFO  server.GrpcService (ConfUtils.java:logGet(43)) - raft.grpc.message.size.max = 33570816 (custom)
2019-10-05 01:09:41,443 [main] INFO  server.RaftServerConfigKeys (ConfUtils.java:logGet(43)) - raft.server.log.appender.buffer.byte-limit = 33554432 (custom)
2019-10-05 01:09:41,443 [main] INFO  server.GrpcService (ConfUtils.java:logGet(43)) - raft.grpc.flow.control.window = 1MB (=1048576) (default)
2019-10-05 01:09:41,443 [main] INFO  server.RaftServerConfigKeys (ConfUtils.java:logGet(43)) - raft.server.rpc.request.timeout = 3000ms (default)
2019-10-05 01:09:41,444 [main] INFO  server.RaftServerConfigKeys (ConfUtils.java:logGet(43)) - raft.server.storage.dir = [/workdir/hadoop-ozone/integration-test/target/test-dir/MiniOzoneClusterImpl-aae8a5e2-5455-4700-bcf4-486adb770533/datanode-6/data/ratis] (custom)
2019-10-05 01:09:41,445 [main] INFO  hdfs.DFSUtil (DFSUtil.java:httpServerTemplateForNNAndJN(1641)) - Starting Web-server for hddsDatanode at: http://0.0.0.0:0
2019-10-05 01:09:41,446 [main] INFO  server.AuthenticationFilter (AuthenticationFilter.java:constructSecretProvider(240)) - Unable to initialize FileSignerSecretProvider, falling back to use random secrets.
2019-10-05 01:09:41,446 [main] WARN  http.HttpRequestLog (HttpRequestLog.java:getRequestLog(97)) - Jetty request log can only be enabled using Log4j
2019-10-05 01:09:41,448 [main] INFO  http.HttpServer2 (HttpServer2.java:addGlobalFilter(975)) - Added global filter 'safety' (class=org.apache.hadoop.http.HttpServer2$QuotingInputFilter)
2019-10-05 01:09:41,448 [main] INFO  http.HttpServer2 (HttpServer2.java:addFilter(948)) - Added filter static_user_filter (class=org.apache.hadoop.http.lib.StaticUserWebFilter$StaticUserFilter) to context hddsDatanode
2019-10-05 01:09:41,448 [main] INFO  http.HttpServer2 (HttpServer2.java:addFilter(958)) - Added filter static_user_filter (class=org.apache.hadoop.http.lib.StaticUserWebFilter$StaticUserFilter) to context static
2019-10-05 01:09:41,448 [main] INFO  http.HttpServer2 (HttpServer2.java:addFilter(958)) - Added filter static_user_filter (class=org.apache.hadoop.http.lib.StaticUserWebFilter$StaticUserFilter) to context logs
2019-10-05 01:09:41,449 [main] INFO  http.HttpServer2 (HttpServer2.java:bindListener(1191)) - Jetty bound to port 40330
2019-10-05 01:09:41,449 [main] INFO  server.Server (Server.java:doStart(351)) - jetty-9.3.25.v20180904, build timestamp: 2018-09-04T21:11:46Z, git hash: 3ce520221d0240229c862b122d2b06c12a625732
2019-10-05 01:09:41,451 [main] INFO  handler.ContextHandler (ContextHandler.java:doStart(781)) - Started o.e.j.s.ServletContextHandler@648c5fb3{/logs,file:///workdir/hadoop-ozone/integration-test/target/log,AVAILABLE}
2019-10-05 01:09:41,451 [main] INFO  handler.ContextHandler (ContextHandler.java:doStart(781)) - Started o.e.j.s.ServletContextHandler@7126e26{/static,jar:file:/home/user/.m2/repository/org/apache/hadoop/hadoop-hdds-container-service/0.5.0-SNAPSHOT/hadoop-hdds-container-service-0.5.0-SNAPSHOT.jar!/webapps/static,AVAILABLE}
2019-10-05 01:09:41,478 [main] INFO  handler.ContextHandler (ContextHandler.java:doStart(781)) - Started o.e.j.w.WebAppContext@e9474f{/,file:///tmp/jetty-0.0.0.0-40330-hddsDatanode-_-any-8458637022724443430.dir/webapp/,AVAILABLE}{/hddsDatanode}
2019-10-05 01:09:41,478 [main] INFO  server.AbstractConnector (AbstractConnector.java:doStart(278)) - Started ServerConnector@1c61eda5{HTTP/1.1,[http/1.1]}{0.0.0.0:40330}
2019-10-05 01:09:41,480 [main] INFO  server.Server (Server.java:doStart(419)) - Started @124050ms
2019-10-05 01:09:41,480 [main] WARN  impl.MetricsSystemImpl (MetricsSystemImpl.java:register(276)) - Sink prometheus already exists!
2019-10-05 01:09:41,481 [main] INFO  server.BaseHttpServer (BaseHttpServer.java:updateConnectorAddress(215)) - HTTP server of HDDSDATANODE is listening at http://0.0.0.0:40330
2019-10-05 01:09:41,481 [main] INFO  ozone.MiniOzoneClusterImpl (MiniOzoneClusterImpl.java:lambda$waitForClusterToBeReady$0(147)) - Waiting for cluster to be ready. Got 0 of 7 DN Heartbeats.
2019-10-05 01:09:41,482 [org.apache.hadoop.util.JvmPauseMonitor$Monitor@11f35b06] INFO  util.JvmPauseMonitor (JvmPauseMonitor.java:run(188)) - Starting JVM pause monitor
2019-10-05 01:09:41,484 [Datanode State Machine Thread - 0] INFO  datanode.InitDatanodeState (InitDatanodeState.java:persistContainerDatanodeDetails(140)) - DatanodeDetails is persisted to /workdir/hadoop-ozone/integration-test/target/test-dir/MiniOzoneClusterImpl-aae8a5e2-5455-4700-bcf4-486adb770533/datanode-6/meta/datanode.id
2019-10-05 01:09:42,481 [main] INFO  ozone.MiniOzoneClusterImpl (MiniOzoneClusterImpl.java:lambda$waitForClusterToBeReady$0(147)) - Waiting for cluster to be ready. Got 0 of 7 DN Heartbeats.
2019-10-05 01:09:43,125 [Datanode State Machine Thread - 0] INFO  ozoneimpl.OzoneContainer (OzoneContainer.java:start(217)) - Attempting to start container services.
2019-10-05 01:09:43,125 [Datanode State Machine Thread - 0] INFO  ozoneimpl.OzoneContainer (OzoneContainer.java:startContainerScrub(179)) - Background container scanner has been disabled.
2019-10-05 01:09:43,126 [Datanode State Machine Thread - 0] INFO  ratis.XceiverServerRatis (XceiverServerRatis.java:start(417)) - Starting XceiverServerRatis e7349651-06e6-4307-8dab-742a146f4cf9 at port 0
2019-10-05 01:09:43,132 [Datanode State Machine Thread - 0] INFO  impl.RaftServerProxy (RaftServerProxy.java:lambda$start$3(299)) - e7349651-06e6-4307-8dab-742a146f4cf9: start RPC server
2019-10-05 01:09:43,133 [Datanode State Machine Thread - 0] INFO  server.GrpcService (GrpcService.java:startImpl(158)) - e7349651-06e6-4307-8dab-742a146f4cf9: GrpcService started, listening on 0.0.0.0/0.0.0.0:46156
2019-10-05 01:09:43,134 [Datanode State Machine Thread - 0] INFO  ratis.XceiverServerRatis (XceiverServerRatis.java:start(427)) - XceiverServerRatis e7349651-06e6-4307-8dab-742a146f4cf9 is started using port 46156
2019-10-05 01:09:43,134 [Datanode State Machine Thread - 0] INFO  server.XceiverServerGrpc (XceiverServerGrpc.java:start(149)) - XceiverServerGrpc e7349651-06e6-4307-8dab-742a146f4cf9 is started using port 44624
2019-10-05 01:09:43,178 [Datanode State Machine Thread - 0] INFO  ozoneimpl.OzoneContainer (OzoneContainer.java:start(217)) - Attempting to start container services.
2019-10-05 01:09:43,179 [Datanode State Machine Thread - 0] INFO  ozoneimpl.OzoneContainer (OzoneContainer.java:startContainerScrub(179)) - Background container scanner has been disabled.
2019-10-05 01:09:43,179 [Datanode State Machine Thread - 0] INFO  ratis.XceiverServerRatis (XceiverServerRatis.java:start(417)) - Starting XceiverServerRatis dd7c482c-1b2f-4af4-92b2-62b6d1a2f033 at port 0
2019-10-05 01:09:43,185 [Datanode State Machine Thread - 0] INFO  impl.RaftServerProxy (RaftServerProxy.java:lambda$start$3(299)) - dd7c482c-1b2f-4af4-92b2-62b6d1a2f033: start RPC server
2019-10-05 01:09:43,186 [Datanode State Machine Thread - 0] INFO  server.GrpcService (GrpcService.java:startImpl(158)) - dd7c482c-1b2f-4af4-92b2-62b6d1a2f033: GrpcService started, listening on 0.0.0.0/0.0.0.0:41204
2019-10-05 01:09:43,186 [Datanode State Machine Thread - 0] INFO  ratis.XceiverServerRatis (XceiverServerRatis.java:start(427)) - XceiverServerRatis dd7c482c-1b2f-4af4-92b2-62b6d1a2f033 is started using port 41204
2019-10-05 01:09:43,186 [Datanode State Machine Thread - 0] INFO  server.XceiverServerGrpc (XceiverServerGrpc.java:start(149)) - XceiverServerGrpc dd7c482c-1b2f-4af4-92b2-62b6d1a2f033 is started using port 41121
2019-10-05 01:09:43,236 [Datanode State Machine Thread - 0] INFO  ozoneimpl.OzoneContainer (OzoneContainer.java:start(217)) - Attempting to start container services.
2019-10-05 01:09:43,236 [Datanode State Machine Thread - 0] INFO  ozoneimpl.OzoneContainer (OzoneContainer.java:startContainerScrub(179)) - Background container scanner has been disabled.
2019-10-05 01:09:43,236 [Datanode State Machine Thread - 0] INFO  ratis.XceiverServerRatis (XceiverServerRatis.java:start(417)) - Starting XceiverServerRatis 670cdd41-9814-468f-bc7b-ff27614b320e at port 0
2019-10-05 01:09:43,241 [Datanode State Machine Thread - 0] INFO  impl.RaftServerProxy (RaftServerProxy.java:lambda$start$3(299)) - 670cdd41-9814-468f-bc7b-ff27614b320e: start RPC server
2019-10-05 01:09:43,242 [Datanode State Machine Thread - 0] INFO  server.GrpcService (GrpcService.java:startImpl(158)) - 670cdd41-9814-468f-bc7b-ff27614b320e: GrpcService started, listening on 0.0.0.0/0.0.0.0:41497
2019-10-05 01:09:43,242 [Datanode State Machine Thread - 0] INFO  ratis.XceiverServerRatis (XceiverServerRatis.java:start(427)) - XceiverServerRatis 670cdd41-9814-468f-bc7b-ff27614b320e is started using port 41497
2019-10-05 01:09:43,243 [Datanode State Machine Thread - 0] INFO  server.XceiverServerGrpc (XceiverServerGrpc.java:start(149)) - XceiverServerGrpc 670cdd41-9814-468f-bc7b-ff27614b320e is started using port 45348
2019-10-05 01:09:43,297 [Datanode State Machine Thread - 0] INFO  ozoneimpl.OzoneContainer (OzoneContainer.java:start(217)) - Attempting to start container services.
2019-10-05 01:09:43,297 [Datanode State Machine Thread - 0] INFO  ozoneimpl.OzoneContainer (OzoneContainer.java:startContainerScrub(179)) - Background container scanner has been disabled.
2019-10-05 01:09:43,297 [Datanode State Machine Thread - 0] INFO  ratis.XceiverServerRatis (XceiverServerRatis.java:start(417)) - Starting XceiverServerRatis f19346f0-5ca3-4e6f-bfd9-1e67cc451c5e at port 0
2019-10-05 01:09:43,304 [Datanode State Machine Thread - 0] INFO  impl.RaftServerProxy (RaftServerProxy.java:lambda$start$3(299)) - f19346f0-5ca3-4e6f-bfd9-1e67cc451c5e: start RPC server
2019-10-05 01:09:43,306 [Datanode State Machine Thread - 0] INFO  server.GrpcService (GrpcService.java:startImpl(158)) - f19346f0-5ca3-4e6f-bfd9-1e67cc451c5e: GrpcService started, listening on 0.0.0.0/0.0.0.0:40429
2019-10-05 01:09:43,307 [Datanode State Machine Thread - 0] INFO  ratis.XceiverServerRatis (XceiverServerRatis.java:start(427)) - XceiverServerRatis f19346f0-5ca3-4e6f-bfd9-1e67cc451c5e is started using port 40429
2019-10-05 01:09:43,309 [Datanode State Machine Thread - 0] INFO  server.XceiverServerGrpc (XceiverServerGrpc.java:start(149)) - XceiverServerGrpc f19346f0-5ca3-4e6f-bfd9-1e67cc451c5e is started using port 45282
2019-10-05 01:09:43,368 [Datanode State Machine Thread - 0] INFO  ozoneimpl.OzoneContainer (OzoneContainer.java:start(217)) - Attempting to start container services.
2019-10-05 01:09:43,368 [Datanode State Machine Thread - 0] INFO  ozoneimpl.OzoneContainer (OzoneContainer.java:startContainerScrub(179)) - Background container scanner has been disabled.
2019-10-05 01:09:43,368 [Datanode State Machine Thread - 0] INFO  ratis.XceiverServerRatis (XceiverServerRatis.java:start(417)) - Starting XceiverServerRatis 07cb5bbc-8352-4509-916c-30becd83db4e at port 0
2019-10-05 01:09:43,376 [Datanode State Machine Thread - 0] INFO  impl.RaftServerProxy (RaftServerProxy.java:lambda$start$3(299)) - 07cb5bbc-8352-4509-916c-30becd83db4e: start RPC server
2019-10-05 01:09:43,377 [Datanode State Machine Thread - 0] INFO  server.GrpcService (GrpcService.java:startImpl(158)) - 07cb5bbc-8352-4509-916c-30becd83db4e: GrpcService started, listening on 0.0.0.0/0.0.0.0:44643
2019-10-05 01:09:43,377 [Datanode State Machine Thread - 0] INFO  ratis.XceiverServerRatis (XceiverServerRatis.java:start(427)) - XceiverServerRatis 07cb5bbc-8352-4509-916c-30becd83db4e is started using port 44643
2019-10-05 01:09:43,377 [Datanode State Machine Thread - 0] INFO  server.XceiverServerGrpc (XceiverServerGrpc.java:start(149)) - XceiverServerGrpc 07cb5bbc-8352-4509-916c-30becd83db4e is started using port 42760
2019-10-05 01:09:43,439 [Datanode State Machine Thread - 0] INFO  ozoneimpl.OzoneContainer (OzoneContainer.java:start(217)) - Attempting to start container services.
2019-10-05 01:09:43,439 [Datanode State Machine Thread - 0] INFO  ozoneimpl.OzoneContainer (OzoneContainer.java:startContainerScrub(179)) - Background container scanner has been disabled.
2019-10-05 01:09:43,439 [Datanode State Machine Thread - 0] INFO  ratis.XceiverServerRatis (XceiverServerRatis.java:start(417)) - Starting XceiverServerRatis 3019d9cd-f4df-4c53-b2e3-9f2effc4d01b at port 0
2019-10-05 01:09:43,448 [Datanode State Machine Thread - 0] INFO  impl.RaftServerProxy (RaftServerProxy.java:lambda$start$3(299)) - 3019d9cd-f4df-4c53-b2e3-9f2effc4d01b: start RPC server
2019-10-05 01:09:43,449 [Datanode State Machine Thread - 0] INFO  server.GrpcService (GrpcService.java:startImpl(158)) - 3019d9cd-f4df-4c53-b2e3-9f2effc4d01b: GrpcService started, listening on 0.0.0.0/0.0.0.0:44772
2019-10-05 01:09:43,449 [Datanode State Machine Thread - 0] INFO  ratis.XceiverServerRatis (XceiverServerRatis.java:start(427)) - XceiverServerRatis 3019d9cd-f4df-4c53-b2e3-9f2effc4d01b is started using port 44772
2019-10-05 01:09:43,450 [Datanode State Machine Thread - 0] INFO  server.XceiverServerGrpc (XceiverServerGrpc.java:start(149)) - XceiverServerGrpc 3019d9cd-f4df-4c53-b2e3-9f2effc4d01b is started using port 43051
2019-10-05 01:09:43,482 [main] INFO  ozone.MiniOzoneClusterImpl (MiniOzoneClusterImpl.java:lambda$waitForClusterToBeReady$0(147)) - Waiting for cluster to be ready. Got 0 of 7 DN Heartbeats.
2019-10-05 01:09:43,496 [Datanode State Machine Thread - 0] INFO  ozoneimpl.OzoneContainer (OzoneContainer.java:start(217)) - Attempting to start container services.
2019-10-05 01:09:43,496 [Datanode State Machine Thread - 0] INFO  ozoneimpl.OzoneContainer (OzoneContainer.java:startContainerScrub(179)) - Background container scanner has been disabled.
2019-10-05 01:09:43,496 [Datanode State Machine Thread - 0] INFO  ratis.XceiverServerRatis (XceiverServerRatis.java:start(417)) - Starting XceiverServerRatis deb9e9c6-ff8a-43e6-ae0e-0cc48bd6aa91 at port 0
2019-10-05 01:09:43,503 [Datanode State Machine Thread - 0] INFO  impl.RaftServerProxy (RaftServerProxy.java:lambda$start$3(299)) - deb9e9c6-ff8a-43e6-ae0e-0cc48bd6aa91: start RPC server
2019-10-05 01:09:43,504 [Datanode State Machine Thread - 0] INFO  server.GrpcService (GrpcService.java:startImpl(158)) - deb9e9c6-ff8a-43e6-ae0e-0cc48bd6aa91: GrpcService started, listening on 0.0.0.0/0.0.0.0:35280
2019-10-05 01:09:43,504 [Datanode State Machine Thread - 0] INFO  ratis.XceiverServerRatis (XceiverServerRatis.java:start(427)) - XceiverServerRatis deb9e9c6-ff8a-43e6-ae0e-0cc48bd6aa91 is started using port 35280
2019-10-05 01:09:43,504 [Datanode State Machine Thread - 0] INFO  server.XceiverServerGrpc (XceiverServerGrpc.java:start(149)) - XceiverServerGrpc deb9e9c6-ff8a-43e6-ae0e-0cc48bd6aa91 is started using port 36949
2019-10-05 01:09:44,482 [main] INFO  ozone.MiniOzoneClusterImpl (MiniOzoneClusterImpl.java:lambda$waitForClusterToBeReady$0(147)) - Waiting for cluster to be ready. Got 0 of 7 DN Heartbeats.
2019-10-05 01:09:45,108 [IPC Server handler 1 on 35031] INFO  net.NetworkTopology (NetworkTopologyImpl.java:add(111)) - Added a new node: /default-rack/e7349651-06e6-4307-8dab-742a146f4cf9
2019-10-05 01:09:45,112 [IPC Server handler 1 on 35031] INFO  node.SCMNodeManager (SCMNodeManager.java:register(268)) - Registered Data node : e7349651-06e6-4307-8dab-742a146f4cf9{ip: 192.168.151.105, host: pr-hdds-1986-f466r-3473100931, networkLocation: /default-rack, certSerialId: null}
2019-10-05 01:09:45,113 [EventQueue-NodeRegistrationContainerReportForDataNodeSafeModeRule] INFO  safemode.SCMSafeModeManager (DataNodeSafeModeRule.java:process(71)) - SCM in safe mode. 1 DataNodes registered, 1 required.
2019-10-05 01:09:45,116 [EventQueue-NodeRegistrationContainerReportForDataNodeSafeModeRule] INFO  safemode.SCMSafeModeManager (SCMSafeModeManager.java:validateSafeModeExitRules(177)) - ScmSafeModeManager, all rules are successfully validated
2019-10-05 01:09:45,116 [EventQueue-NodeRegistrationContainerReportForDataNodeSafeModeRule] INFO  safemode.SCMSafeModeManager (SCMSafeModeManager.java:exitSafeMode(193)) - SCM exiting safe mode.
2019-10-05 01:09:45,129 [grpc-default-executor-3] INFO  impl.RaftServerProxy (RaftServerProxy.java:addNew(89)) - e7349651-06e6-4307-8dab-742a146f4cf9: addNew group-28FDBF65F551:[e7349651-06e6-4307-8dab-742a146f4cf9:192.168.151.105:46156] returns group-28FDBF65F551:java.util.concurrent.CompletableFuture@145a0684[Not completed]
2019-10-05 01:09:45,132 [pool-207-thread-1] INFO  impl.RaftServerImpl (RaftServerImpl.java:<init>(95)) - e7349651-06e6-4307-8dab-742a146f4cf9: new RaftServerImpl for group-28FDBF65F551:[e7349651-06e6-4307-8dab-742a146f4cf9:192.168.151.105:46156] with ContainerStateMachine:uninitialized
2019-10-05 01:09:45,132 [pool-207-thread-1] INFO  server.RaftServerConfigKeys (ConfUtils.java:logGet(43)) - raft.server.rpc.timeout.min = 5s (custom)
2019-10-05 01:09:45,133 [pool-207-thread-1] INFO  server.RaftServerConfigKeys (ConfUtils.java:logGet(43)) - raft.server.rpc.timeout.max = 5200ms (custom)
2019-10-05 01:09:45,133 [pool-207-thread-1] INFO  server.RaftServerConfigKeys (ConfUtils.java:logGet(43)) - raft.server.rpcslowness.timeout = 120s (custom)
2019-10-05 01:09:45,133 [pool-207-thread-1] INFO  server.RaftServerConfigKeys (ConfUtils.java:logGet(43)) - raft.server.sleep.deviation.threshold = 300 (default)
2019-10-05 01:09:45,133 [pool-207-thread-1] INFO  server.RaftServerConfigKeys (ConfUtils.java:logGet(43)) - raft.server.log.appender.install.snapshot.enabled = false (custom)
2019-10-05 01:09:45,133 [pool-207-thread-1] INFO  impl.RaftServerImpl (ServerState.java:<init>(103)) - e7349651-06e6-4307-8dab-742a146f4cf9@group-28FDBF65F551: ConfigurationManager, init=-1: [e7349651-06e6-4307-8dab-742a146f4cf9:192.168.151.105:46156], old=null, confs=<EMPTY_MAP>
2019-10-05 01:09:45,134 [pool-207-thread-1] INFO  server.RaftServerConfigKeys (ConfUtils.java:logGet(43)) - raft.server.storage.dir = [/workdir/hadoop-ozone/integration-test/target/test-dir/MiniOzoneClusterImpl-aae8a5e2-5455-4700-bcf4-486adb770533/datanode-0/data/ratis] (custom)
2019-10-05 01:09:45,134 [pool-207-thread-1] INFO  server.RaftServerConfigKeys (ConfUtils.java:logGet(43)) - raft.server.log.corruption.policy = EXCEPTION (default)
2019-10-05 01:09:45,134 [pool-207-thread-1] INFO  storage.RaftStorageDirectory (RaftStorageDirectory.java:analyzeStorage(246)) - The storage directory /workdir/hadoop-ozone/integration-test/target/test-dir/MiniOzoneClusterImpl-aae8a5e2-5455-4700-bcf4-486adb770533/datanode-0/data/ratis/10c58985-bb6d-4718-8a2f-28fdbf65f551 does not exist. Creating ...
2019-10-05 01:09:45,148 [pool-207-thread-1] INFO  storage.RaftStorageDirectory (RaftStorageDirectory.java:tryLock(328)) - Lock on /workdir/hadoop-ozone/integration-test/target/test-dir/MiniOzoneClusterImpl-aae8a5e2-5455-4700-bcf4-486adb770533/datanode-0/data/ratis/10c58985-bb6d-4718-8a2f-28fdbf65f551/in_use.lock acquired by nodename 25491@pr-hdds-1986-f466r-3473100931
2019-10-05 01:09:45,162 [IPC Server handler 2 on 35031] INFO  net.NetworkTopology (NetworkTopologyImpl.java:add(111)) - Added a new node: /default-rack/dd7c482c-1b2f-4af4-92b2-62b6d1a2f033
2019-10-05 01:09:45,162 [IPC Server handler 2 on 35031] INFO  node.SCMNodeManager (SCMNodeManager.java:register(268)) - Registered Data node : dd7c482c-1b2f-4af4-92b2-62b6d1a2f033{ip: 192.168.151.105, host: pr-hdds-1986-f466r-3473100931, networkLocation: /default-rack, certSerialId: null}
2019-10-05 01:09:45,170 [pool-207-thread-1] INFO  storage.RaftStorage (RaftStorage.java:format(84)) - Storage directory /workdir/hadoop-ozone/integration-test/target/test-dir/MiniOzoneClusterImpl-aae8a5e2-5455-4700-bcf4-486adb770533/datanode-0/data/ratis/10c58985-bb6d-4718-8a2f-28fdbf65f551 has been successfully formatted.
2019-10-05 01:09:45,170 [pool-207-thread-1] INFO  ratis.ContainerStateMachine (ContainerStateMachine.java:loadSnapshot(230)) - group-28FDBF65F551: The snapshot info is null. Setting the last applied indexto:(t:0, i:~)
2019-10-05 01:09:45,170 [pool-207-thread-1] INFO  server.RaftServerConfigKeys (ConfUtils.java:logGet(43)) - raft.server.notification.no-leader.timeout = 120s (custom)
2019-10-05 01:09:45,170 [pool-207-thread-1] INFO  server.RaftServerConfigKeys (ConfUtils.java:logGet(43)) - raft.server.log.use.memory = false (default)
2019-10-05 01:09:45,170 [pool-207-thread-1] INFO  server.RaftServerConfigKeys (ConfUtils.java:logGet(43)) - raft.server.log.purge.gap = 1000000 (custom)
2019-10-05 01:09:45,171 [pool-207-thread-1] INFO  server.RaftServerConfigKeys (ConfUtils.java:logGet(43)) - raft.server.log.appender.buffer.byte-limit = 33554432 (custom)
2019-10-05 01:09:45,171 [pool-207-thread-1] INFO  server.RaftServerConfigKeys (ConfUtils.java:logGet(43)) - raft.server.log.segment.size.max = 1048576 (custom)
2019-10-05 01:09:45,173 [pool-207-thread-1] INFO  server.RaftServerConfigKeys (ConfUtils.java:logGet(43)) - raft.server.log.segment.cache.num.max = 2 (custom)
2019-10-05 01:09:45,174 [pool-207-thread-1] INFO  segmented.SegmentedRaftLogWorker (SegmentedRaftLogWorker.java:<init>(173)) - new e7349651-06e6-4307-8dab-742a146f4cf9@group-28FDBF65F551-SegmentedRaftLogWorker for RaftStorage:Storage Directory /workdir/hadoop-ozone/integration-test/target/test-dir/MiniOzoneClusterImpl-aae8a5e2-5455-4700-bcf4-486adb770533/datanode-0/data/ratis/10c58985-bb6d-4718-8a2f-28fdbf65f551
2019-10-05 01:09:45,174 [pool-207-thread-1] INFO  server.RaftServerConfigKeys (ConfUtils.java:logGet(43)) - raft.server.log.queue.byte-limit = 2147483647 (custom)
2019-10-05 01:09:45,174 [pool-207-thread-1] INFO  server.RaftServerConfigKeys (ConfUtils.java:logGet(43)) - raft.server.log.queue.element-limit = 1024 (custom)
2019-10-05 01:09:45,174 [pool-207-thread-1] INFO  server.RaftServerConfigKeys (ConfUtils.java:logGet(43)) - raft.server.log.segment.size.max = 1048576 (custom)
2019-10-05 01:09:45,174 [pool-207-thread-1] INFO  server.RaftServerConfigKeys (ConfUtils.java:logGet(43)) - raft.server.log.preallocated.size = 16384 (custom)
2019-10-05 01:09:45,174 [pool-207-thread-1] INFO  server.RaftServerConfigKeys (ConfUtils.java:logGet(43)) - raft.server.log.write.buffer.size = 33554432 (custom)
2019-10-05 01:09:45,174 [pool-207-thread-1] INFO  server.RaftServerConfigKeys (ConfUtils.java:logGet(43)) - raft.server.log.force.sync.num = 128 (default)
2019-10-05 01:09:45,174 [pool-207-thread-1] INFO  server.RaftServerConfigKeys (ConfUtils.java:logGet(43)) - raft.server.log.statemachine.data.sync = true (default)
2019-10-05 01:09:45,175 [pool-207-thread-1] INFO  server.RaftServerConfigKeys (ConfUtils.java:logGet(43)) - raft.server.log.statemachine.data.sync.timeout = 10s (default)
2019-10-05 01:09:45,175 [pool-207-thread-1] INFO  server.RaftServerConfigKeys (ConfUtils.java:logGet(43)) - raft.server.log.statemachine.data.sync.timeout.retry = -1 (default)
2019-10-05 01:09:45,175 [pool-207-thread-1] INFO  server.RaftServerConfigKeys (ConfUtils.java:logGet(43)) - raft.server.log.statemachine.data.caching.enabled = true (custom)
2019-10-05 01:09:45,176 [pool-207-thread-1] INFO  segmented.SegmentedRaftLogWorker (SegmentedRaftLogWorker.java:lambda$new$0(128)) - e7349651-06e6-4307-8dab-742a146f4cf9@group-28FDBF65F551-SegmentedRaftLogWorker: flushIndex: setUnconditionally 0 -> -1
2019-10-05 01:09:45,177 [pool-207-thread-1] INFO  server.RaftServerConfigKeys (ConfUtils.java:logGet(43)) - raft.server.snapshot.auto.trigger.enabled = true (custom)
2019-10-05 01:09:45,177 [pool-207-thread-1] INFO  server.RaftServerConfigKeys (ConfUtils.java:logGet(43)) - raft.server.snapshot.auto.trigger.threshold = 10000 (custom)
2019-10-05 01:09:45,177 [pool-207-thread-1] INFO  server.RaftServerConfigKeys (ConfUtils.java:logGet(43)) - raft.server.snapshot.retention.file.num = 5 (custom)
2019-10-05 01:09:45,177 [pool-207-thread-1] INFO  server.RaftServerConfigKeys (ConfUtils.java:logGet(43)) - raft.server.retrycache.expirytime = 600000ms (custom)
2019-10-05 01:09:45,179 [pool-207-thread-1] INFO  impl.RaftServerImpl (RaftServerImpl.java:start(181)) - e7349651-06e6-4307-8dab-742a146f4cf9@group-28FDBF65F551: start as a follower, conf=-1: [e7349651-06e6-4307-8dab-742a146f4cf9:192.168.151.105:46156], old=null
2019-10-05 01:09:45,179 [pool-207-thread-1] INFO  impl.RaftServerImpl (RaftServerImpl.java:setRole(170)) - e7349651-06e6-4307-8dab-742a146f4cf9@group-28FDBF65F551: changes role from      null to FOLLOWER at term 0 for startAsFollower
2019-10-05 01:09:45,179 [pool-207-thread-1] INFO  impl.RoleInfo (RoleInfo.java:updateAndGet(143)) - e7349651-06e6-4307-8dab-742a146f4cf9: start FollowerState
2019-10-05 01:09:45,180 [pool-207-thread-1] INFO  util.JmxRegister (JmxRegister.java:tryRegister(44)) - Successfully registered JMX Bean with object name Ratis:service=RaftServer,group=group-28FDBF65F551,id=e7349651-06e6-4307-8dab-742a146f4cf9
2019-10-05 01:09:45,204 [RatisPipelineUtilsThread] INFO  pipeline.PipelineStateManager (PipelineStateManager.java:addPipeline(56)) - Created pipeline Pipeline[ Id: 10c58985-bb6d-4718-8a2f-28fdbf65f551, Nodes: e7349651-06e6-4307-8dab-742a146f4cf9{ip: 192.168.151.105, host: pr-hdds-1986-f466r-3473100931, networkLocation: /default-rack, certSerialId: null}, Type:RATIS, Factor:ONE, State:OPEN]
2019-10-05 01:09:45,221 [IPC Server handler 4 on 35031] INFO  net.NetworkTopology (NetworkTopologyImpl.java:add(111)) - Added a new node: /default-rack/670cdd41-9814-468f-bc7b-ff27614b320e
2019-10-05 01:09:45,221 [IPC Server handler 4 on 35031] INFO  node.SCMNodeManager (SCMNodeManager.java:register(268)) - Registered Data node : 670cdd41-9814-468f-bc7b-ff27614b320e{ip: 192.168.151.105, host: pr-hdds-1986-f466r-3473100931, networkLocation: /default-rack, certSerialId: null}
2019-10-05 01:09:45,225 [grpc-default-executor-3] INFO  impl.RaftServerProxy (RaftServerProxy.java:addNew(89)) - dd7c482c-1b2f-4af4-92b2-62b6d1a2f033: addNew group-43952E731E14:[dd7c482c-1b2f-4af4-92b2-62b6d1a2f033:192.168.151.105:41204] returns group-43952E731E14:java.util.concurrent.CompletableFuture@29eacd74[Not completed]
2019-10-05 01:09:45,226 [pool-217-thread-1] INFO  impl.RaftServerImpl (RaftServerImpl.java:<init>(95)) - dd7c482c-1b2f-4af4-92b2-62b6d1a2f033: new RaftServerImpl for group-43952E731E14:[dd7c482c-1b2f-4af4-92b2-62b6d1a2f033:192.168.151.105:41204] with ContainerStateMachine:uninitialized
2019-10-05 01:09:45,226 [pool-217-thread-1] INFO  server.RaftServerConfigKeys (ConfUtils.java:logGet(43)) - raft.server.rpc.timeout.min = 5s (custom)
2019-10-05 01:09:45,226 [pool-217-thread-1] INFO  server.RaftServerConfigKeys (ConfUtils.java:logGet(43)) - raft.server.rpc.timeout.max = 5200ms (custom)
2019-10-05 01:09:45,226 [pool-217-thread-1] INFO  server.RaftServerConfigKeys (ConfUtils.java:logGet(43)) - raft.server.rpcslowness.timeout = 120s (custom)
2019-10-05 01:09:45,226 [pool-217-thread-1] INFO  server.RaftServerConfigKeys (ConfUtils.java:logGet(43)) - raft.server.sleep.deviation.threshold = 300 (default)
2019-10-05 01:09:45,226 [pool-217-thread-1] INFO  server.RaftServerConfigKeys (ConfUtils.java:logGet(43)) - raft.server.log.appender.install.snapshot.enabled = false (custom)
2019-10-05 01:09:45,226 [pool-217-thread-1] INFO  impl.RaftServerImpl (ServerState.java:<init>(103)) - dd7c482c-1b2f-4af4-92b2-62b6d1a2f033@group-43952E731E14: ConfigurationManager, init=-1: [dd7c482c-1b2f-4af4-92b2-62b6d1a2f033:192.168.151.105:41204], old=null, confs=<EMPTY_MAP>
2019-10-05 01:09:45,227 [pool-217-thread-1] INFO  server.RaftServerConfigKeys (ConfUtils.java:logGet(43)) - raft.server.storage.dir = [/workdir/hadoop-ozone/integration-test/target/test-dir/MiniOzoneClusterImpl-aae8a5e2-5455-4700-bcf4-486adb770533/datanode-1/data/ratis] (custom)
2019-10-05 01:09:45,227 [pool-217-thread-1] INFO  server.RaftServerConfigKeys (ConfUtils.java:logGet(43)) - raft.server.log.corruption.policy = EXCEPTION (default)
2019-10-05 01:09:45,227 [pool-217-thread-1] INFO  storage.RaftStorageDirectory (RaftStorageDirectory.java:analyzeStorage(246)) - The storage directory /workdir/hadoop-ozone/integration-test/target/test-dir/MiniOzoneClusterImpl-aae8a5e2-5455-4700-bcf4-486adb770533/datanode-1/data/ratis/659fef71-2a7a-4f4a-bd56-43952e731e14 does not exist. Creating ...
2019-10-05 01:09:45,240 [pool-217-thread-1] INFO  storage.RaftStorageDirectory (RaftStorageDirectory.java:tryLock(328)) - Lock on /workdir/hadoop-ozone/integration-test/target/test-dir/MiniOzoneClusterImpl-aae8a5e2-5455-4700-bcf4-486adb770533/datanode-1/data/ratis/659fef71-2a7a-4f4a-bd56-43952e731e14/in_use.lock acquired by nodename 25491@pr-hdds-1986-f466r-3473100931
2019-10-05 01:09:45,254 [pool-217-thread-1] INFO  storage.RaftStorage (RaftStorage.java:format(84)) - Storage directory /workdir/hadoop-ozone/integration-test/target/test-dir/MiniOzoneClusterImpl-aae8a5e2-5455-4700-bcf4-486adb770533/datanode-1/data/ratis/659fef71-2a7a-4f4a-bd56-43952e731e14 has been successfully formatted.
2019-10-05 01:09:45,254 [pool-217-thread-1] INFO  ratis.ContainerStateMachine (ContainerStateMachine.java:loadSnapshot(230)) - group-43952E731E14: The snapshot info is null. Setting the last applied indexto:(t:0, i:~)
2019-10-05 01:09:45,254 [pool-217-thread-1] INFO  server.RaftServerConfigKeys (ConfUtils.java:logGet(43)) - raft.server.notification.no-leader.timeout = 120s (custom)
2019-10-05 01:09:45,254 [pool-217-thread-1] INFO  server.RaftServerConfigKeys (ConfUtils.java:logGet(43)) - raft.server.log.use.memory = false (default)
2019-10-05 01:09:45,254 [pool-217-thread-1] INFO  server.RaftServerConfigKeys (ConfUtils.java:logGet(43)) - raft.server.log.purge.gap = 1000000 (custom)
2019-10-05 01:09:45,254 [pool-217-thread-1] INFO  server.RaftServerConfigKeys (ConfUtils.java:logGet(43)) - raft.server.log.appender.buffer.byte-limit = 33554432 (custom)
2019-10-05 01:09:45,255 [pool-217-thread-1] INFO  server.RaftServerConfigKeys (ConfUtils.java:logGet(43)) - raft.server.log.segment.size.max = 1048576 (custom)
2019-10-05 01:09:45,256 [pool-217-thread-1] INFO  server.RaftServerConfigKeys (ConfUtils.java:logGet(43)) - raft.server.log.segment.cache.num.max = 2 (custom)
2019-10-05 01:09:45,256 [pool-217-thread-1] INFO  segmented.SegmentedRaftLogWorker (SegmentedRaftLogWorker.java:<init>(173)) - new dd7c482c-1b2f-4af4-92b2-62b6d1a2f033@group-43952E731E14-SegmentedRaftLogWorker for RaftStorage:Storage Directory /workdir/hadoop-ozone/integration-test/target/test-dir/MiniOzoneClusterImpl-aae8a5e2-5455-4700-bcf4-486adb770533/datanode-1/data/ratis/659fef71-2a7a-4f4a-bd56-43952e731e14
2019-10-05 01:09:45,256 [pool-217-thread-1] INFO  server.RaftServerConfigKeys (ConfUtils.java:logGet(43)) - raft.server.log.queue.byte-limit = 2147483647 (custom)
2019-10-05 01:09:45,257 [pool-217-thread-1] INFO  server.RaftServerConfigKeys (ConfUtils.java:logGet(43)) - raft.server.log.queue.element-limit = 1024 (custom)
2019-10-05 01:09:45,257 [pool-217-thread-1] INFO  server.RaftServerConfigKeys (ConfUtils.java:logGet(43)) - raft.server.log.segment.size.max = 1048576 (custom)
2019-10-05 01:09:45,257 [pool-217-thread-1] INFO  server.RaftServerConfigKeys (ConfUtils.java:logGet(43)) - raft.server.log.preallocated.size = 16384 (custom)
2019-10-05 01:09:45,257 [pool-217-thread-1] INFO  server.RaftServerConfigKeys (ConfUtils.java:logGet(43)) - raft.server.log.write.buffer.size = 33554432 (custom)
2019-10-05 01:09:45,257 [pool-217-thread-1] INFO  server.RaftServerConfigKeys (ConfUtils.java:logGet(43)) - raft.server.log.force.sync.num = 128 (default)
2019-10-05 01:09:45,257 [pool-217-thread-1] INFO  server.RaftServerConfigKeys (ConfUtils.java:logGet(43)) - raft.server.log.statemachine.data.sync = true (default)
2019-10-05 01:09:45,257 [pool-217-thread-1] INFO  server.RaftServerConfigKeys (ConfUtils.java:logGet(43)) - raft.server.log.statemachine.data.sync.timeout = 10s (default)
2019-10-05 01:09:45,257 [pool-217-thread-1] INFO  server.RaftServerConfigKeys (ConfUtils.java:logGet(43)) - raft.server.log.statemachine.data.sync.timeout.retry = -1 (default)
2019-10-05 01:09:45,258 [pool-217-thread-1] INFO  server.RaftServerConfigKeys (ConfUtils.java:logGet(43)) - raft.server.log.statemachine.data.caching.enabled = true (custom)
2019-10-05 01:09:45,258 [pool-217-thread-1] INFO  segmented.SegmentedRaftLogWorker (SegmentedRaftLogWorker.java:lambda$new$0(128)) - dd7c482c-1b2f-4af4-92b2-62b6d1a2f033@group-43952E731E14-SegmentedRaftLogWorker: flushIndex: setUnconditionally 0 -> -1
2019-10-05 01:09:45,258 [pool-217-thread-1] INFO  server.RaftServerConfigKeys (ConfUtils.java:logGet(43)) - raft.server.snapshot.auto.trigger.enabled = true (custom)
2019-10-05 01:09:45,258 [pool-217-thread-1] INFO  server.RaftServerConfigKeys (ConfUtils.java:logGet(43)) - raft.server.snapshot.auto.trigger.threshold = 10000 (custom)
2019-10-05 01:09:45,258 [pool-217-thread-1] INFO  server.RaftServerConfigKeys (ConfUtils.java:logGet(43)) - raft.server.snapshot.retention.file.num = 5 (custom)
2019-10-05 01:09:45,259 [pool-217-thread-1] INFO  server.RaftServerConfigKeys (ConfUtils.java:logGet(43)) - raft.server.retrycache.expirytime = 600000ms (custom)
2019-10-05 01:09:45,260 [pool-217-thread-1] INFO  impl.RaftServerImpl (RaftServerImpl.java:start(181)) - dd7c482c-1b2f-4af4-92b2-62b6d1a2f033@group-43952E731E14: start as a follower, conf=-1: [dd7c482c-1b2f-4af4-92b2-62b6d1a2f033:192.168.151.105:41204], old=null
2019-10-05 01:09:45,260 [pool-217-thread-1] INFO  impl.RaftServerImpl (RaftServerImpl.java:setRole(170)) - dd7c482c-1b2f-4af4-92b2-62b6d1a2f033@group-43952E731E14: changes role from      null to FOLLOWER at term 0 for startAsFollower
2019-10-05 01:09:45,260 [pool-217-thread-1] INFO  impl.RoleInfo (RoleInfo.java:updateAndGet(143)) - dd7c482c-1b2f-4af4-92b2-62b6d1a2f033: start FollowerState
2019-10-05 01:09:45,261 [pool-217-thread-1] INFO  util.JmxRegister (JmxRegister.java:tryRegister(44)) - Successfully registered JMX Bean with object name Ratis:service=RaftServer,group=group-43952E731E14,id=dd7c482c-1b2f-4af4-92b2-62b6d1a2f033
2019-10-05 01:09:45,269 [RatisPipelineUtilsThread] INFO  pipeline.PipelineStateManager (PipelineStateManager.java:addPipeline(56)) - Created pipeline Pipeline[ Id: 659fef71-2a7a-4f4a-bd56-43952e731e14, Nodes: dd7c482c-1b2f-4af4-92b2-62b6d1a2f033{ip: 192.168.151.105, host: pr-hdds-1986-f466r-3473100931, networkLocation: /default-rack, certSerialId: null}, Type:RATIS, Factor:ONE, State:OPEN]
2019-10-05 01:09:45,277 [grpc-default-executor-3] INFO  impl.RaftServerProxy (RaftServerProxy.java:addNew(89)) - 670cdd41-9814-468f-bc7b-ff27614b320e: addNew group-B3369F551A4A:[670cdd41-9814-468f-bc7b-ff27614b320e:192.168.151.105:41497] returns group-B3369F551A4A:java.util.concurrent.CompletableFuture@5a911729[Not completed]
2019-10-05 01:09:45,278 [pool-227-thread-1] INFO  impl.RaftServerImpl (RaftServerImpl.java:<init>(95)) - 670cdd41-9814-468f-bc7b-ff27614b320e: new RaftServerImpl for group-B3369F551A4A:[670cdd41-9814-468f-bc7b-ff27614b320e:192.168.151.105:41497] with ContainerStateMachine:uninitialized
2019-10-05 01:09:45,278 [pool-227-thread-1] INFO  server.RaftServerConfigKeys (ConfUtils.java:logGet(43)) - raft.server.rpc.timeout.min = 5s (custom)
2019-10-05 01:09:45,278 [pool-227-thread-1] INFO  server.RaftServerConfigKeys (ConfUtils.java:logGet(43)) - raft.server.rpc.timeout.max = 5200ms (custom)
2019-10-05 01:09:45,279 [pool-227-thread-1] INFO  server.RaftServerConfigKeys (ConfUtils.java:logGet(43)) - raft.server.rpcslowness.timeout = 120s (custom)
2019-10-05 01:09:45,279 [pool-227-thread-1] INFO  server.RaftServerConfigKeys (ConfUtils.java:logGet(43)) - raft.server.sleep.deviation.threshold = 300 (default)
2019-10-05 01:09:45,279 [pool-227-thread-1] INFO  server.RaftServerConfigKeys (ConfUtils.java:logGet(43)) - raft.server.log.appender.install.snapshot.enabled = false (custom)
2019-10-05 01:09:45,279 [pool-227-thread-1] INFO  impl.RaftServerImpl (ServerState.java:<init>(103)) - 670cdd41-9814-468f-bc7b-ff27614b320e@group-B3369F551A4A: ConfigurationManager, init=-1: [670cdd41-9814-468f-bc7b-ff27614b320e:192.168.151.105:41497], old=null, confs=<EMPTY_MAP>
2019-10-05 01:09:45,279 [pool-227-thread-1] INFO  server.RaftServerConfigKeys (ConfUtils.java:logGet(43)) - raft.server.storage.dir = [/workdir/hadoop-ozone/integration-test/target/test-dir/MiniOzoneClusterImpl-aae8a5e2-5455-4700-bcf4-486adb770533/datanode-2/data/ratis] (custom)
2019-10-05 01:09:45,279 [pool-227-thread-1] INFO  server.RaftServerConfigKeys (ConfUtils.java:logGet(43)) - raft.server.log.corruption.policy = EXCEPTION (default)
2019-10-05 01:09:45,279 [pool-227-thread-1] INFO  storage.RaftStorageDirectory (RaftStorageDirectory.java:analyzeStorage(246)) - The storage directory /workdir/hadoop-ozone/integration-test/target/test-dir/MiniOzoneClusterImpl-aae8a5e2-5455-4700-bcf4-486adb770533/datanode-2/data/ratis/e527f405-60ce-41d4-957f-b3369f551a4a does not exist. Creating ...
2019-10-05 01:09:45,284 [IPC Server handler 3 on 35031] INFO  net.NetworkTopology (NetworkTopologyImpl.java:add(111)) - Added a new node: /default-rack/f19346f0-5ca3-4e6f-bfd9-1e67cc451c5e
2019-10-05 01:09:45,284 [IPC Server handler 3 on 35031] INFO  node.SCMNodeManager (SCMNodeManager.java:register(268)) - Registered Data node : f19346f0-5ca3-4e6f-bfd9-1e67cc451c5e{ip: 192.168.151.105, host: pr-hdds-1986-f466r-3473100931, networkLocation: /default-rack, certSerialId: null}
2019-10-05 01:09:45,293 [pool-227-thread-1] INFO  storage.RaftStorageDirectory (RaftStorageDirectory.java:tryLock(328)) - Lock on /workdir/hadoop-ozone/integration-test/target/test-dir/MiniOzoneClusterImpl-aae8a5e2-5455-4700-bcf4-486adb770533/datanode-2/data/ratis/e527f405-60ce-41d4-957f-b3369f551a4a/in_use.lock acquired by nodename 25491@pr-hdds-1986-f466r-3473100931
2019-10-05 01:09:45,306 [pool-227-thread-1] INFO  storage.RaftStorage (RaftStorage.java:format(84)) - Storage directory /workdir/hadoop-ozone/integration-test/target/test-dir/MiniOzoneClusterImpl-aae8a5e2-5455-4700-bcf4-486adb770533/datanode-2/data/ratis/e527f405-60ce-41d4-957f-b3369f551a4a has been successfully formatted.
2019-10-05 01:09:45,306 [pool-227-thread-1] INFO  ratis.ContainerStateMachine (ContainerStateMachine.java:loadSnapshot(230)) - group-B3369F551A4A: The snapshot info is null. Setting the last applied indexto:(t:0, i:~)
2019-10-05 01:09:45,306 [pool-227-thread-1] INFO  server.RaftServerConfigKeys (ConfUtils.java:logGet(43)) - raft.server.notification.no-leader.timeout = 120s (custom)
2019-10-05 01:09:45,306 [pool-227-thread-1] INFO  server.RaftServerConfigKeys (ConfUtils.java:logGet(43)) - raft.server.log.use.memory = false (default)
2019-10-05 01:09:45,306 [pool-227-thread-1] INFO  server.RaftServerConfigKeys (ConfUtils.java:logGet(43)) - raft.server.log.purge.gap = 1000000 (custom)
2019-10-05 01:09:45,306 [pool-227-thread-1] INFO  server.RaftServerConfigKeys (ConfUtils.java:logGet(43)) - raft.server.log.appender.buffer.byte-limit = 33554432 (custom)
2019-10-05 01:09:45,307 [pool-227-thread-1] INFO  server.RaftServerConfigKeys (ConfUtils.java:logGet(43)) - raft.server.log.segment.size.max = 1048576 (custom)
2019-10-05 01:09:45,308 [pool-227-thread-1] INFO  server.RaftServerConfigKeys (ConfUtils.java:logGet(43)) - raft.server.log.segment.cache.num.max = 2 (custom)
2019-10-05 01:09:45,308 [pool-227-thread-1] INFO  segmented.SegmentedRaftLogWorker (SegmentedRaftLogWorker.java:<init>(173)) - new 670cdd41-9814-468f-bc7b-ff27614b320e@group-B3369F551A4A-SegmentedRaftLogWorker for RaftStorage:Storage Directory /workdir/hadoop-ozone/integration-test/target/test-dir/MiniOzoneClusterImpl-aae8a5e2-5455-4700-bcf4-486adb770533/datanode-2/data/ratis/e527f405-60ce-41d4-957f-b3369f551a4a
2019-10-05 01:09:45,309 [pool-227-thread-1] INFO  server.RaftServerConfigKeys (ConfUtils.java:logGet(43)) - raft.server.log.queue.byte-limit = 2147483647 (custom)
2019-10-05 01:09:45,309 [pool-227-thread-1] INFO  server.RaftServerConfigKeys (ConfUtils.java:logGet(43)) - raft.server.log.queue.element-limit = 1024 (custom)
2019-10-05 01:09:45,309 [pool-227-thread-1] INFO  server.RaftServerConfigKeys (ConfUtils.java:logGet(43)) - raft.server.log.segment.size.max = 1048576 (custom)
2019-10-05 01:09:45,309 [pool-227-thread-1] INFO  server.RaftServerConfigKeys (ConfUtils.java:logGet(43)) - raft.server.log.preallocated.size = 16384 (custom)
2019-10-05 01:09:45,309 [pool-227-thread-1] INFO  server.RaftServerConfigKeys (ConfUtils.java:logGet(43)) - raft.server.log.write.buffer.size = 33554432 (custom)
2019-10-05 01:09:45,309 [pool-227-thread-1] INFO  server.RaftServerConfigKeys (ConfUtils.java:logGet(43)) - raft.server.log.force.sync.num = 128 (default)
2019-10-05 01:09:45,309 [pool-227-thread-1] INFO  server.RaftServerConfigKeys (ConfUtils.java:logGet(43)) - raft.server.log.statemachine.data.sync = true (default)
2019-10-05 01:09:45,309 [pool-227-thread-1] INFO  server.RaftServerConfigKeys (ConfUtils.java:logGet(43)) - raft.server.log.statemachine.data.sync.timeout = 10s (default)
2019-10-05 01:09:45,309 [pool-227-thread-1] INFO  server.RaftServerConfigKeys (ConfUtils.java:logGet(43)) - raft.server.log.statemachine.data.sync.timeout.retry = -1 (default)
2019-10-05 01:09:45,310 [pool-227-thread-1] INFO  server.RaftServerConfigKeys (ConfUtils.java:logGet(43)) - raft.server.log.statemachine.data.caching.enabled = true (custom)
2019-10-05 01:09:45,310 [pool-227-thread-1] INFO  segmented.SegmentedRaftLogWorker (SegmentedRaftLogWorker.java:lambda$new$0(128)) - 670cdd41-9814-468f-bc7b-ff27614b320e@group-B3369F551A4A-SegmentedRaftLogWorker: flushIndex: setUnconditionally 0 -> -1
2019-10-05 01:09:45,311 [pool-227-thread-1] INFO  server.RaftServerConfigKeys (ConfUtils.java:logGet(43)) - raft.server.snapshot.auto.trigger.enabled = true (custom)
2019-10-05 01:09:45,311 [pool-227-thread-1] INFO  server.RaftServerConfigKeys (ConfUtils.java:logGet(43)) - raft.server.snapshot.auto.trigger.threshold = 10000 (custom)
2019-10-05 01:09:45,311 [pool-227-thread-1] INFO  server.RaftServerConfigKeys (ConfUtils.java:logGet(43)) - raft.server.snapshot.retention.file.num = 5 (custom)
2019-10-05 01:09:45,311 [pool-227-thread-1] INFO  server.RaftServerConfigKeys (ConfUtils.java:logGet(43)) - raft.server.retrycache.expirytime = 600000ms (custom)
2019-10-05 01:09:45,312 [pool-227-thread-1] INFO  impl.RaftServerImpl (RaftServerImpl.java:start(181)) - 670cdd41-9814-468f-bc7b-ff27614b320e@group-B3369F551A4A: start as a follower, conf=-1: [670cdd41-9814-468f-bc7b-ff27614b320e:192.168.151.105:41497], old=null
2019-10-05 01:09:45,313 [pool-227-thread-1] INFO  impl.RaftServerImpl (RaftServerImpl.java:setRole(170)) - 670cdd41-9814-468f-bc7b-ff27614b320e@group-B3369F551A4A: changes role from      null to FOLLOWER at term 0 for startAsFollower
2019-10-05 01:09:45,313 [pool-227-thread-1] INFO  impl.RoleInfo (RoleInfo.java:updateAndGet(143)) - 670cdd41-9814-468f-bc7b-ff27614b320e: start FollowerState
2019-10-05 01:09:45,313 [pool-227-thread-1] INFO  util.JmxRegister (JmxRegister.java:tryRegister(44)) - Successfully registered JMX Bean with object name Ratis:service=RaftServer,group=group-B3369F551A4A,id=670cdd41-9814-468f-bc7b-ff27614b320e
2019-10-05 01:09:45,321 [RatisPipelineUtilsThread] INFO  pipeline.PipelineStateManager (PipelineStateManager.java:addPipeline(56)) - Created pipeline Pipeline[ Id: e527f405-60ce-41d4-957f-b3369f551a4a, Nodes: 670cdd41-9814-468f-bc7b-ff27614b320e{ip: 192.168.151.105, host: pr-hdds-1986-f466r-3473100931, networkLocation: /default-rack, certSerialId: null}, Type:RATIS, Factor:ONE, State:OPEN]
2019-10-05 01:09:45,332 [grpc-default-executor-3] INFO  impl.RaftServerProxy (RaftServerProxy.java:addNew(89)) - f19346f0-5ca3-4e6f-bfd9-1e67cc451c5e: addNew group-EA151FE381B1:[f19346f0-5ca3-4e6f-bfd9-1e67cc451c5e:192.168.151.105:40429] returns group-EA151FE381B1:java.util.concurrent.CompletableFuture@637912f7[Not completed]
2019-10-05 01:09:45,333 [pool-237-thread-1] INFO  impl.RaftServerImpl (RaftServerImpl.java:<init>(95)) - f19346f0-5ca3-4e6f-bfd9-1e67cc451c5e: new RaftServerImpl for group-EA151FE381B1:[f19346f0-5ca3-4e6f-bfd9-1e67cc451c5e:192.168.151.105:40429] with ContainerStateMachine:uninitialized
2019-10-05 01:09:45,334 [pool-237-thread-1] INFO  server.RaftServerConfigKeys (ConfUtils.java:logGet(43)) - raft.server.rpc.timeout.min = 5s (custom)
2019-10-05 01:09:45,334 [pool-237-thread-1] INFO  server.RaftServerConfigKeys (ConfUtils.java:logGet(43)) - raft.server.rpc.timeout.max = 5200ms (custom)
2019-10-05 01:09:45,334 [pool-237-thread-1] INFO  server.RaftServerConfigKeys (ConfUtils.java:logGet(43)) - raft.server.rpcslowness.timeout = 120s (custom)
2019-10-05 01:09:45,334 [pool-237-thread-1] INFO  server.RaftServerConfigKeys (ConfUtils.java:logGet(43)) - raft.server.sleep.deviation.threshold = 300 (default)
2019-10-05 01:09:45,334 [pool-237-thread-1] INFO  server.RaftServerConfigKeys (ConfUtils.java:logGet(43)) - raft.server.log.appender.install.snapshot.enabled = false (custom)
2019-10-05 01:09:45,334 [pool-237-thread-1] INFO  impl.RaftServerImpl (ServerState.java:<init>(103)) - f19346f0-5ca3-4e6f-bfd9-1e67cc451c5e@group-EA151FE381B1: ConfigurationManager, init=-1: [f19346f0-5ca3-4e6f-bfd9-1e67cc451c5e:192.168.151.105:40429], old=null, confs=<EMPTY_MAP>
2019-10-05 01:09:45,334 [pool-237-thread-1] INFO  server.RaftServerConfigKeys (ConfUtils.java:logGet(43)) - raft.server.storage.dir = [/workdir/hadoop-ozone/integration-test/target/test-dir/MiniOzoneClusterImpl-aae8a5e2-5455-4700-bcf4-486adb770533/datanode-3/data/ratis] (custom)
2019-10-05 01:09:45,335 [pool-237-thread-1] INFO  server.RaftServerConfigKeys (ConfUtils.java:logGet(43)) - raft.server.log.corruption.policy = EXCEPTION (default)
2019-10-05 01:09:45,335 [pool-237-thread-1] INFO  storage.RaftStorageDirectory (RaftStorageDirectory.java:analyzeStorage(246)) - The storage directory /workdir/hadoop-ozone/integration-test/target/test-dir/MiniOzoneClusterImpl-aae8a5e2-5455-4700-bcf4-486adb770533/datanode-3/data/ratis/df0aac6f-7b97-40f3-8b3a-ea151fe381b1 does not exist. Creating ...
2019-10-05 01:09:45,347 [pool-237-thread-1] INFO  storage.RaftStorageDirectory (RaftStorageDirectory.java:tryLock(328)) - Lock on /workdir/hadoop-ozone/integration-test/target/test-dir/MiniOzoneClusterImpl-aae8a5e2-5455-4700-bcf4-486adb770533/datanode-3/data/ratis/df0aac6f-7b97-40f3-8b3a-ea151fe381b1/in_use.lock acquired by nodename 25491@pr-hdds-1986-f466r-3473100931
2019-10-05 01:09:45,355 [IPC Server handler 5 on 35031] INFO  net.NetworkTopology (NetworkTopologyImpl.java:add(111)) - Added a new node: /default-rack/07cb5bbc-8352-4509-916c-30becd83db4e
2019-10-05 01:09:45,355 [IPC Server handler 5 on 35031] INFO  node.SCMNodeManager (SCMNodeManager.java:register(268)) - Registered Data node : 07cb5bbc-8352-4509-916c-30becd83db4e{ip: 192.168.151.105, host: pr-hdds-1986-f466r-3473100931, networkLocation: /default-rack, certSerialId: null}
2019-10-05 01:09:45,360 [pool-237-thread-1] INFO  storage.RaftStorage (RaftStorage.java:format(84)) - Storage directory /workdir/hadoop-ozone/integration-test/target/test-dir/MiniOzoneClusterImpl-aae8a5e2-5455-4700-bcf4-486adb770533/datanode-3/data/ratis/df0aac6f-7b97-40f3-8b3a-ea151fe381b1 has been successfully formatted.
2019-10-05 01:09:45,360 [pool-237-thread-1] INFO  ratis.ContainerStateMachine (ContainerStateMachine.java:loadSnapshot(230)) - group-EA151FE381B1: The snapshot info is null. Setting the last applied indexto:(t:0, i:~)
2019-10-05 01:09:45,360 [pool-237-thread-1] INFO  server.RaftServerConfigKeys (ConfUtils.java:logGet(43)) - raft.server.notification.no-leader.timeout = 120s (custom)
2019-10-05 01:09:45,361 [pool-237-thread-1] INFO  server.RaftServerConfigKeys (ConfUtils.java:logGet(43)) - raft.server.log.use.memory = false (default)
2019-10-05 01:09:45,361 [pool-237-thread-1] INFO  server.RaftServerConfigKeys (ConfUtils.java:logGet(43)) - raft.server.log.purge.gap = 1000000 (custom)
2019-10-05 01:09:45,361 [pool-237-thread-1] INFO  server.RaftServerConfigKeys (ConfUtils.java:logGet(43)) - raft.server.log.appender.buffer.byte-limit = 33554432 (custom)
2019-10-05 01:09:45,361 [pool-237-thread-1] INFO  server.RaftServerConfigKeys (ConfUtils.java:logGet(43)) - raft.server.log.segment.size.max = 1048576 (custom)
2019-10-05 01:09:45,363 [pool-237-thread-1] INFO  server.RaftServerConfigKeys (ConfUtils.java:logGet(43)) - raft.server.log.segment.cache.num.max = 2 (custom)
2019-10-05 01:09:45,363 [pool-237-thread-1] INFO  segmented.SegmentedRaftLogWorker (SegmentedRaftLogWorker.java:<init>(173)) - new f19346f0-5ca3-4e6f-bfd9-1e67cc451c5e@group-EA151FE381B1-SegmentedRaftLogWorker for RaftStorage:Storage Directory /workdir/hadoop-ozone/integration-test/target/test-dir/MiniOzoneClusterImpl-aae8a5e2-5455-4700-bcf4-486adb770533/datanode-3/data/ratis/df0aac6f-7b97-40f3-8b3a-ea151fe381b1
2019-10-05 01:09:45,363 [pool-237-thread-1] INFO  server.RaftServerConfigKeys (ConfUtils.java:logGet(43)) - raft.server.log.queue.byte-limit = 2147483647 (custom)
2019-10-05 01:09:45,363 [pool-237-thread-1] INFO  server.RaftServerConfigKeys (ConfUtils.java:logGet(43)) - raft.server.log.queue.element-limit = 1024 (custom)
2019-10-05 01:09:45,363 [pool-237-thread-1] INFO  server.RaftServerConfigKeys (ConfUtils.java:logGet(43)) - raft.server.log.segment.size.max = 1048576 (custom)
2019-10-05 01:09:45,363 [pool-237-thread-1] INFO  server.RaftServerConfigKeys (ConfUtils.java:logGet(43)) - raft.server.log.preallocated.size = 16384 (custom)
2019-10-05 01:09:45,363 [pool-237-thread-1] INFO  server.RaftServerConfigKeys (ConfUtils.java:logGet(43)) - raft.server.log.write.buffer.size = 33554432 (custom)
2019-10-05 01:09:45,364 [pool-237-thread-1] INFO  server.RaftServerConfigKeys (ConfUtils.java:logGet(43)) - raft.server.log.force.sync.num = 128 (default)
2019-10-05 01:09:45,364 [pool-237-thread-1] INFO  server.RaftServerConfigKeys (ConfUtils.java:logGet(43)) - raft.server.log.statemachine.data.sync = true (default)
2019-10-05 01:09:45,364 [pool-237-thread-1] INFO  server.RaftServerConfigKeys (ConfUtils.java:logGet(43)) - raft.server.log.statemachine.data.sync.timeout = 10s (default)
2019-10-05 01:09:45,364 [pool-237-thread-1] INFO  server.RaftServerConfigKeys (ConfUtils.java:logGet(43)) - raft.server.log.statemachine.data.sync.timeout.retry = -1 (default)
2019-10-05 01:09:45,364 [pool-237-thread-1] INFO  server.RaftServerConfigKeys (ConfUtils.java:logGet(43)) - raft.server.log.statemachine.data.caching.enabled = true (custom)
2019-10-05 01:09:45,365 [pool-237-thread-1] INFO  segmented.SegmentedRaftLogWorker (SegmentedRaftLogWorker.java:lambda$new$0(128)) - f19346f0-5ca3-4e6f-bfd9-1e67cc451c5e@group-EA151FE381B1-SegmentedRaftLogWorker: flushIndex: setUnconditionally 0 -> -1
2019-10-05 01:09:45,365 [pool-237-thread-1] INFO  server.RaftServerConfigKeys (ConfUtils.java:logGet(43)) - raft.server.snapshot.auto.trigger.enabled = true (custom)
2019-10-05 01:09:45,365 [pool-237-thread-1] INFO  server.RaftServerConfigKeys (ConfUtils.java:logGet(43)) - raft.server.snapshot.auto.trigger.threshold = 10000 (custom)
2019-10-05 01:09:45,365 [pool-237-thread-1] INFO  server.RaftServerConfigKeys (ConfUtils.java:logGet(43)) - raft.server.snapshot.retention.file.num = 5 (custom)
2019-10-05 01:09:45,365 [pool-237-thread-1] INFO  server.RaftServerConfigKeys (ConfUtils.java:logGet(43)) - raft.server.retrycache.expirytime = 600000ms (custom)
2019-10-05 01:09:45,367 [pool-237-thread-1] INFO  impl.RaftServerImpl (RaftServerImpl.java:start(181)) - f19346f0-5ca3-4e6f-bfd9-1e67cc451c5e@group-EA151FE381B1: start as a follower, conf=-1: [f19346f0-5ca3-4e6f-bfd9-1e67cc451c5e:192.168.151.105:40429], old=null
2019-10-05 01:09:45,367 [pool-237-thread-1] INFO  impl.RaftServerImpl (RaftServerImpl.java:setRole(170)) - f19346f0-5ca3-4e6f-bfd9-1e67cc451c5e@group-EA151FE381B1: changes role from      null to FOLLOWER at term 0 for startAsFollower
2019-10-05 01:09:45,367 [pool-237-thread-1] INFO  impl.RoleInfo (RoleInfo.java:updateAndGet(143)) - f19346f0-5ca3-4e6f-bfd9-1e67cc451c5e: start FollowerState
2019-10-05 01:09:45,367 [pool-237-thread-1] INFO  util.JmxRegister (JmxRegister.java:tryRegister(44)) - Successfully registered JMX Bean with object name Ratis:service=RaftServer,group=group-EA151FE381B1,id=f19346f0-5ca3-4e6f-bfd9-1e67cc451c5e
2019-10-05 01:09:45,375 [RatisPipelineUtilsThread] INFO  pipeline.PipelineStateManager (PipelineStateManager.java:addPipeline(56)) - Created pipeline Pipeline[ Id: df0aac6f-7b97-40f3-8b3a-ea151fe381b1, Nodes: f19346f0-5ca3-4e6f-bfd9-1e67cc451c5e{ip: 192.168.151.105, host: pr-hdds-1986-f466r-3473100931, networkLocation: /default-rack, certSerialId: null}, Type:RATIS, Factor:ONE, State:OPEN]
2019-10-05 01:09:45,383 [grpc-default-executor-3] INFO  impl.RaftServerProxy (RaftServerProxy.java:addNew(89)) - 07cb5bbc-8352-4509-916c-30becd83db4e: addNew group-4D90E83F8B1C:[07cb5bbc-8352-4509-916c-30becd83db4e:192.168.151.105:44643] returns group-4D90E83F8B1C:java.util.concurrent.CompletableFuture@28e8fbcd[Not completed]
2019-10-05 01:09:45,385 [pool-247-thread-1] INFO  impl.RaftServerImpl (RaftServerImpl.java:<init>(95)) - 07cb5bbc-8352-4509-916c-30becd83db4e: new RaftServerImpl for group-4D90E83F8B1C:[07cb5bbc-8352-4509-916c-30becd83db4e:192.168.151.105:44643] with ContainerStateMachine:uninitialized
2019-10-05 01:09:45,385 [pool-247-thread-1] INFO  server.RaftServerConfigKeys (ConfUtils.java:logGet(43)) - raft.server.rpc.timeout.min = 5s (custom)
2019-10-05 01:09:45,385 [pool-247-thread-1] INFO  server.RaftServerConfigKeys (ConfUtils.java:logGet(43)) - raft.server.rpc.timeout.max = 5200ms (custom)
2019-10-05 01:09:45,385 [pool-247-thread-1] INFO  server.RaftServerConfigKeys (ConfUtils.java:logGet(43)) - raft.server.rpcslowness.timeout = 120s (custom)
2019-10-05 01:09:45,385 [pool-247-thread-1] INFO  server.RaftServerConfigKeys (ConfUtils.java:logGet(43)) - raft.server.sleep.deviation.threshold = 300 (default)
2019-10-05 01:09:45,386 [pool-247-thread-1] INFO  server.RaftServerConfigKeys (ConfUtils.java:logGet(43)) - raft.server.log.appender.install.snapshot.enabled = false (custom)
2019-10-05 01:09:45,386 [pool-247-thread-1] INFO  impl.RaftServerImpl (ServerState.java:<init>(103)) - 07cb5bbc-8352-4509-916c-30becd83db4e@group-4D90E83F8B1C: ConfigurationManager, init=-1: [07cb5bbc-8352-4509-916c-30becd83db4e:192.168.151.105:44643], old=null, confs=<EMPTY_MAP>
2019-10-05 01:09:45,386 [pool-247-thread-1] INFO  server.RaftServerConfigKeys (ConfUtils.java:logGet(43)) - raft.server.storage.dir = [/workdir/hadoop-ozone/integration-test/target/test-dir/MiniOzoneClusterImpl-aae8a5e2-5455-4700-bcf4-486adb770533/datanode-4/data/ratis] (custom)
2019-10-05 01:09:45,386 [pool-247-thread-1] INFO  server.RaftServerConfigKeys (ConfUtils.java:logGet(43)) - raft.server.log.corruption.policy = EXCEPTION (default)
2019-10-05 01:09:45,387 [pool-247-thread-1] INFO  storage.RaftStorageDirectory (RaftStorageDirectory.java:analyzeStorage(246)) - The storage directory /workdir/hadoop-ozone/integration-test/target/test-dir/MiniOzoneClusterImpl-aae8a5e2-5455-4700-bcf4-486adb770533/datanode-4/data/ratis/8c8966a9-2f25-4664-9383-4d90e83f8b1c does not exist. Creating ...
2019-10-05 01:09:45,400 [pool-247-thread-1] INFO  storage.RaftStorageDirectory (RaftStorageDirectory.java:tryLock(328)) - Lock on /workdir/hadoop-ozone/integration-test/target/test-dir/MiniOzoneClusterImpl-aae8a5e2-5455-4700-bcf4-486adb770533/datanode-4/data/ratis/8c8966a9-2f25-4664-9383-4d90e83f8b1c/in_use.lock acquired by nodename 25491@pr-hdds-1986-f466r-3473100931
2019-10-05 01:09:45,425 [IPC Server handler 18 on 35031] INFO  net.NetworkTopology (NetworkTopologyImpl.java:add(111)) - Added a new node: /default-rack/3019d9cd-f4df-4c53-b2e3-9f2effc4d01b
2019-10-05 01:09:45,425 [pool-247-thread-1] INFO  storage.RaftStorage (RaftStorage.java:format(84)) - Storage directory /workdir/hadoop-ozone/integration-test/target/test-dir/MiniOzoneClusterImpl-aae8a5e2-5455-4700-bcf4-486adb770533/datanode-4/data/ratis/8c8966a9-2f25-4664-9383-4d90e83f8b1c has been successfully formatted.
2019-10-05 01:09:45,425 [IPC Server handler 18 on 35031] INFO  node.SCMNodeManager (SCMNodeManager.java:register(268)) - Registered Data node : 3019d9cd-f4df-4c53-b2e3-9f2effc4d01b{ip: 192.168.151.105, host: pr-hdds-1986-f466r-3473100931, networkLocation: /default-rack, certSerialId: null}
2019-10-05 01:09:45,425 [pool-247-thread-1] INFO  ratis.ContainerStateMachine (ContainerStateMachine.java:loadSnapshot(230)) - group-4D90E83F8B1C: The snapshot info is null. Setting the last applied indexto:(t:0, i:~)
2019-10-05 01:09:45,426 [pool-247-thread-1] INFO  server.RaftServerConfigKeys (ConfUtils.java:logGet(43)) - raft.server.notification.no-leader.timeout = 120s (custom)
2019-10-05 01:09:45,426 [pool-247-thread-1] INFO  server.RaftServerConfigKeys (ConfUtils.java:logGet(43)) - raft.server.log.use.memory = false (default)
2019-10-05 01:09:45,426 [pool-247-thread-1] INFO  server.RaftServerConfigKeys (ConfUtils.java:logGet(43)) - raft.server.log.purge.gap = 1000000 (custom)
2019-10-05 01:09:45,426 [pool-247-thread-1] INFO  server.RaftServerConfigKeys (ConfUtils.java:logGet(43)) - raft.server.log.appender.buffer.byte-limit = 33554432 (custom)
2019-10-05 01:09:45,426 [pool-247-thread-1] INFO  server.RaftServerConfigKeys (ConfUtils.java:logGet(43)) - raft.server.log.segment.size.max = 1048576 (custom)
2019-10-05 01:09:45,429 [pool-247-thread-1] INFO  server.RaftServerConfigKeys (ConfUtils.java:logGet(43)) - raft.server.log.segment.cache.num.max = 2 (custom)
2019-10-05 01:09:45,429 [pool-247-thread-1] INFO  segmented.SegmentedRaftLogWorker (SegmentedRaftLogWorker.java:<init>(173)) - new 07cb5bbc-8352-4509-916c-30becd83db4e@group-4D90E83F8B1C-SegmentedRaftLogWorker for RaftStorage:Storage Directory /workdir/hadoop-ozone/integration-test/target/test-dir/MiniOzoneClusterImpl-aae8a5e2-5455-4700-bcf4-486adb770533/datanode-4/data/ratis/8c8966a9-2f25-4664-9383-4d90e83f8b1c
2019-10-05 01:09:45,430 [pool-247-thread-1] INFO  server.RaftServerConfigKeys (ConfUtils.java:logGet(43)) - raft.server.log.queue.byte-limit = 2147483647 (custom)
2019-10-05 01:09:45,430 [pool-247-thread-1] INFO  server.RaftServerConfigKeys (ConfUtils.java:logGet(43)) - raft.server.log.queue.element-limit = 1024 (custom)
2019-10-05 01:09:45,430 [pool-247-thread-1] INFO  server.RaftServerConfigKeys (ConfUtils.java:logGet(43)) - raft.server.log.segment.size.max = 1048576 (custom)
2019-10-05 01:09:45,430 [pool-247-thread-1] INFO  server.RaftServerConfigKeys (ConfUtils.java:logGet(43)) - raft.server.log.preallocated.size = 16384 (custom)
2019-10-05 01:09:45,430 [pool-247-thread-1] INFO  server.RaftServerConfigKeys (ConfUtils.java:logGet(43)) - raft.server.log.write.buffer.size = 33554432 (custom)
2019-10-05 01:09:45,431 [pool-247-thread-1] INFO  server.RaftServerConfigKeys (ConfUtils.java:logGet(43)) - raft.server.log.force.sync.num = 128 (default)
2019-10-05 01:09:45,431 [pool-247-thread-1] INFO  server.RaftServerConfigKeys (ConfUtils.java:logGet(43)) - raft.server.log.statemachine.data.sync = true (default)
2019-10-05 01:09:45,431 [pool-247-thread-1] INFO  server.RaftServerConfigKeys (ConfUtils.java:logGet(43)) - raft.server.log.statemachine.data.sync.timeout = 10s (default)
2019-10-05 01:09:45,431 [pool-247-thread-1] INFO  server.RaftServerConfigKeys (ConfUtils.java:logGet(43)) - raft.server.log.statemachine.data.sync.timeout.retry = -1 (default)
2019-10-05 01:09:45,432 [pool-247-thread-1] INFO  server.RaftServerConfigKeys (ConfUtils.java:logGet(43)) - raft.server.log.statemachine.data.caching.enabled = true (custom)
2019-10-05 01:09:45,432 [pool-247-thread-1] INFO  segmented.SegmentedRaftLogWorker (SegmentedRaftLogWorker.java:lambda$new$0(128)) - 07cb5bbc-8352-4509-916c-30becd83db4e@group-4D90E83F8B1C-SegmentedRaftLogWorker: flushIndex: setUnconditionally 0 -> -1
2019-10-05 01:09:45,432 [pool-247-thread-1] INFO  server.RaftServerConfigKeys (ConfUtils.java:logGet(43)) - raft.server.snapshot.auto.trigger.enabled = true (custom)
2019-10-05 01:09:45,432 [pool-247-thread-1] INFO  server.RaftServerConfigKeys (ConfUtils.java:logGet(43)) - raft.server.snapshot.auto.trigger.threshold = 10000 (custom)
2019-10-05 01:09:45,433 [pool-247-thread-1] INFO  server.RaftServerConfigKeys (ConfUtils.java:logGet(43)) - raft.server.snapshot.retention.file.num = 5 (custom)
2019-10-05 01:09:45,433 [pool-247-thread-1] INFO  server.RaftServerConfigKeys (ConfUtils.java:logGet(43)) - raft.server.retrycache.expirytime = 600000ms (custom)
2019-10-05 01:09:45,435 [pool-247-thread-1] INFO  impl.RaftServerImpl (RaftServerImpl.java:start(181)) - 07cb5bbc-8352-4509-916c-30becd83db4e@group-4D90E83F8B1C: start as a follower, conf=-1: [07cb5bbc-8352-4509-916c-30becd83db4e:192.168.151.105:44643], old=null
2019-10-05 01:09:45,435 [pool-247-thread-1] INFO  impl.RaftServerImpl (RaftServerImpl.java:setRole(170)) - 07cb5bbc-8352-4509-916c-30becd83db4e@group-4D90E83F8B1C: changes role from      null to FOLLOWER at term 0 for startAsFollower
2019-10-05 01:09:45,435 [pool-247-thread-1] INFO  impl.RoleInfo (RoleInfo.java:updateAndGet(143)) - 07cb5bbc-8352-4509-916c-30becd83db4e: start FollowerState
2019-10-05 01:09:45,436 [pool-247-thread-1] INFO  util.JmxRegister (JmxRegister.java:tryRegister(44)) - Successfully registered JMX Bean with object name Ratis:service=RaftServer,group=group-4D90E83F8B1C,id=07cb5bbc-8352-4509-916c-30becd83db4e
2019-10-05 01:09:45,450 [RatisPipelineUtilsThread] INFO  pipeline.PipelineStateManager (PipelineStateManager.java:addPipeline(56)) - Created pipeline Pipeline[ Id: 8c8966a9-2f25-4664-9383-4d90e83f8b1c, Nodes: 07cb5bbc-8352-4509-916c-30becd83db4e{ip: 192.168.151.105, host: pr-hdds-1986-f466r-3473100931, networkLocation: /default-rack, certSerialId: null}, Type:RATIS, Factor:ONE, State:OPEN]
2019-10-05 01:09:45,466 [grpc-default-executor-3] INFO  impl.RaftServerProxy (RaftServerProxy.java:addNew(89)) - 3019d9cd-f4df-4c53-b2e3-9f2effc4d01b: addNew group-32DFAB204B47:[3019d9cd-f4df-4c53-b2e3-9f2effc4d01b:192.168.151.105:44772] returns group-32DFAB204B47:java.util.concurrent.CompletableFuture@6da04669[Not completed]
2019-10-05 01:09:45,467 [pool-257-thread-1] INFO  impl.RaftServerImpl (RaftServerImpl.java:<init>(95)) - 3019d9cd-f4df-4c53-b2e3-9f2effc4d01b: new RaftServerImpl for group-32DFAB204B47:[3019d9cd-f4df-4c53-b2e3-9f2effc4d01b:192.168.151.105:44772] with ContainerStateMachine:uninitialized
2019-10-05 01:09:45,467 [pool-257-thread-1] INFO  server.RaftServerConfigKeys (ConfUtils.java:logGet(43)) - raft.server.rpc.timeout.min = 5s (custom)
2019-10-05 01:09:45,467 [pool-257-thread-1] INFO  server.RaftServerConfigKeys (ConfUtils.java:logGet(43)) - raft.server.rpc.timeout.max = 5200ms (custom)
2019-10-05 01:09:45,467 [pool-257-thread-1] INFO  server.RaftServerConfigKeys (ConfUtils.java:logGet(43)) - raft.server.rpcslowness.timeout = 120s (custom)
2019-10-05 01:09:45,467 [pool-257-thread-1] INFO  server.RaftServerConfigKeys (ConfUtils.java:logGet(43)) - raft.server.sleep.deviation.threshold = 300 (default)
2019-10-05 01:09:45,467 [pool-257-thread-1] INFO  server.RaftServerConfigKeys (ConfUtils.java:logGet(43)) - raft.server.log.appender.install.snapshot.enabled = false (custom)
2019-10-05 01:09:45,468 [pool-257-thread-1] INFO  impl.RaftServerImpl (ServerState.java:<init>(103)) - 3019d9cd-f4df-4c53-b2e3-9f2effc4d01b@group-32DFAB204B47: ConfigurationManager, init=-1: [3019d9cd-f4df-4c53-b2e3-9f2effc4d01b:192.168.151.105:44772], old=null, confs=<EMPTY_MAP>
2019-10-05 01:09:45,468 [pool-257-thread-1] INFO  server.RaftServerConfigKeys (ConfUtils.java:logGet(43)) - raft.server.storage.dir = [/workdir/hadoop-ozone/integration-test/target/test-dir/MiniOzoneClusterImpl-aae8a5e2-5455-4700-bcf4-486adb770533/datanode-5/data/ratis] (custom)
2019-10-05 01:09:45,468 [pool-257-thread-1] INFO  server.RaftServerConfigKeys (ConfUtils.java:logGet(43)) - raft.server.log.corruption.policy = EXCEPTION (default)
2019-10-05 01:09:45,468 [pool-257-thread-1] INFO  storage.RaftStorageDirectory (RaftStorageDirectory.java:analyzeStorage(246)) - The storage directory /workdir/hadoop-ozone/integration-test/target/test-dir/MiniOzoneClusterImpl-aae8a5e2-5455-4700-bcf4-486adb770533/datanode-5/data/ratis/b05216c8-f3d8-442f-9f5e-32dfab204b47 does not exist. Creating ...
2019-10-05 01:09:45,481 [pool-257-thread-1] INFO  storage.RaftStorageDirectory (RaftStorageDirectory.java:tryLock(328)) - Lock on /workdir/hadoop-ozone/integration-test/target/test-dir/MiniOzoneClusterImpl-aae8a5e2-5455-4700-bcf4-486adb770533/datanode-5/data/ratis/b05216c8-f3d8-442f-9f5e-32dfab204b47/in_use.lock acquired by nodename 25491@pr-hdds-1986-f466r-3473100931
2019-10-05 01:09:45,483 [main] INFO  ozone.MiniOzoneClusterImpl (MiniOzoneClusterImpl.java:lambda$waitForClusterToBeReady$0(147)) - Waiting for cluster to be ready. Got 6 of 7 DN Heartbeats.
2019-10-05 01:09:45,484 [IPC Server handler 1 on 35031] INFO  net.NetworkTopology (NetworkTopologyImpl.java:add(111)) - Added a new node: /default-rack/deb9e9c6-ff8a-43e6-ae0e-0cc48bd6aa91
2019-10-05 01:09:45,484 [IPC Server handler 1 on 35031] INFO  node.SCMNodeManager (SCMNodeManager.java:register(268)) - Registered Data node : deb9e9c6-ff8a-43e6-ae0e-0cc48bd6aa91{ip: 192.168.151.105, host: pr-hdds-1986-f466r-3473100931, networkLocation: /default-rack, certSerialId: null}
2019-10-05 01:09:45,494 [pool-257-thread-1] INFO  storage.RaftStorage (RaftStorage.java:format(84)) - Storage directory /workdir/hadoop-ozone/integration-test/target/test-dir/MiniOzoneClusterImpl-aae8a5e2-5455-4700-bcf4-486adb770533/datanode-5/data/ratis/b05216c8-f3d8-442f-9f5e-32dfab204b47 has been successfully formatted.
2019-10-05 01:09:45,494 [pool-257-thread-1] INFO  ratis.ContainerStateMachine (ContainerStateMachine.java:loadSnapshot(230)) - group-32DFAB204B47: The snapshot info is null. Setting the last applied indexto:(t:0, i:~)
2019-10-05 01:09:45,494 [pool-257-thread-1] INFO  server.RaftServerConfigKeys (ConfUtils.java:logGet(43)) - raft.server.notification.no-leader.timeout = 120s (custom)
2019-10-05 01:09:45,494 [pool-257-thread-1] INFO  server.RaftServerConfigKeys (ConfUtils.java:logGet(43)) - raft.server.log.use.memory = false (default)
2019-10-05 01:09:45,494 [pool-257-thread-1] INFO  server.RaftServerConfigKeys (ConfUtils.java:logGet(43)) - raft.server.log.purge.gap = 1000000 (custom)
2019-10-05 01:09:45,494 [pool-257-thread-1] INFO  server.RaftServerConfigKeys (ConfUtils.java:logGet(43)) - raft.server.log.appender.buffer.byte-limit = 33554432 (custom)
2019-10-05 01:09:45,495 [pool-257-thread-1] INFO  server.RaftServerConfigKeys (ConfUtils.java:logGet(43)) - raft.server.log.segment.size.max = 1048576 (custom)
2019-10-05 01:09:45,496 [pool-257-thread-1] INFO  server.RaftServerConfigKeys (ConfUtils.java:logGet(43)) - raft.server.log.segment.cache.num.max = 2 (custom)
2019-10-05 01:09:45,496 [pool-257-thread-1] INFO  segmented.SegmentedRaftLogWorker (SegmentedRaftLogWorker.java:<init>(173)) - new 3019d9cd-f4df-4c53-b2e3-9f2effc4d01b@group-32DFAB204B47-SegmentedRaftLogWorker for RaftStorage:Storage Directory /workdir/hadoop-ozone/integration-test/target/test-dir/MiniOzoneClusterImpl-aae8a5e2-5455-4700-bcf4-486adb770533/datanode-5/data/ratis/b05216c8-f3d8-442f-9f5e-32dfab204b47
2019-10-05 01:09:45,496 [pool-257-thread-1] INFO  server.RaftServerConfigKeys (ConfUtils.java:logGet(43)) - raft.server.log.queue.byte-limit = 2147483647 (custom)
2019-10-05 01:09:45,496 [pool-257-thread-1] INFO  server.RaftServerConfigKeys (ConfUtils.java:logGet(43)) - raft.server.log.queue.element-limit = 1024 (custom)
2019-10-05 01:09:45,496 [pool-257-thread-1] INFO  server.RaftServerConfigKeys (ConfUtils.java:logGet(43)) - raft.server.log.segment.size.max = 1048576 (custom)
2019-10-05 01:09:45,496 [pool-257-thread-1] INFO  server.RaftServerConfigKeys (ConfUtils.java:logGet(43)) - raft.server.log.preallocated.size = 16384 (custom)
2019-10-05 01:09:45,497 [pool-257-thread-1] INFO  server.RaftServerConfigKeys (ConfUtils.java:logGet(43)) - raft.server.log.write.buffer.size = 33554432 (custom)
2019-10-05 01:09:45,497 [pool-257-thread-1] INFO  server.RaftServerConfigKeys (ConfUtils.java:logGet(43)) - raft.server.log.force.sync.num = 128 (default)
2019-10-05 01:09:45,497 [pool-257-thread-1] INFO  server.RaftServerConfigKeys (ConfUtils.java:logGet(43)) - raft.server.log.statemachine.data.sync = true (default)
2019-10-05 01:09:45,497 [pool-257-thread-1] INFO  server.RaftServerConfigKeys (ConfUtils.java:logGet(43)) - raft.server.log.statemachine.data.sync.timeout = 10s (default)
2019-10-05 01:09:45,497 [pool-257-thread-1] INFO  server.RaftServerConfigKeys (ConfUtils.java:logGet(43)) - raft.server.log.statemachine.data.sync.timeout.retry = -1 (default)
2019-10-05 01:09:45,497 [pool-257-thread-1] INFO  server.RaftServerConfigKeys (ConfUtils.java:logGet(43)) - raft.server.log.statemachine.data.caching.enabled = true (custom)
2019-10-05 01:09:45,497 [pool-257-thread-1] INFO  segmented.SegmentedRaftLogWorker (SegmentedRaftLogWorker.java:lambda$new$0(128)) - 3019d9cd-f4df-4c53-b2e3-9f2effc4d01b@group-32DFAB204B47-SegmentedRaftLogWorker: flushIndex: setUnconditionally 0 -> -1
2019-10-05 01:09:45,498 [pool-257-thread-1] INFO  server.RaftServerConfigKeys (ConfUtils.java:logGet(43)) - raft.server.snapshot.auto.trigger.enabled = true (custom)
2019-10-05 01:09:45,498 [pool-257-thread-1] INFO  server.RaftServerConfigKeys (ConfUtils.java:logGet(43)) - raft.server.snapshot.auto.trigger.threshold = 10000 (custom)
2019-10-05 01:09:45,498 [pool-257-thread-1] INFO  server.RaftServerConfigKeys (ConfUtils.java:logGet(43)) - raft.server.snapshot.retention.file.num = 5 (custom)
2019-10-05 01:09:45,498 [pool-257-thread-1] INFO  server.RaftServerConfigKeys (ConfUtils.java:logGet(43)) - raft.server.retrycache.expirytime = 600000ms (custom)
2019-10-05 01:09:45,500 [pool-257-thread-1] INFO  impl.RaftServerImpl (RaftServerImpl.java:start(181)) - 3019d9cd-f4df-4c53-b2e3-9f2effc4d01b@group-32DFAB204B47: start as a follower, conf=-1: [3019d9cd-f4df-4c53-b2e3-9f2effc4d01b:192.168.151.105:44772], old=null
2019-10-05 01:09:45,500 [pool-257-thread-1] INFO  impl.RaftServerImpl (RaftServerImpl.java:setRole(170)) - 3019d9cd-f4df-4c53-b2e3-9f2effc4d01b@group-32DFAB204B47: changes role from      null to FOLLOWER at term 0 for startAsFollower
2019-10-05 01:09:45,500 [pool-257-thread-1] INFO  impl.RoleInfo (RoleInfo.java:updateAndGet(143)) - 3019d9cd-f4df-4c53-b2e3-9f2effc4d01b: start FollowerState
2019-10-05 01:09:45,501 [pool-257-thread-1] INFO  util.JmxRegister (JmxRegister.java:tryRegister(44)) - Successfully registered JMX Bean with object name Ratis:service=RaftServer,group=group-32DFAB204B47,id=3019d9cd-f4df-4c53-b2e3-9f2effc4d01b
2019-10-05 01:09:45,508 [RatisPipelineUtilsThread] INFO  pipeline.PipelineStateManager (PipelineStateManager.java:addPipeline(56)) - Created pipeline Pipeline[ Id: b05216c8-f3d8-442f-9f5e-32dfab204b47, Nodes: 3019d9cd-f4df-4c53-b2e3-9f2effc4d01b{ip: 192.168.151.105, host: pr-hdds-1986-f466r-3473100931, networkLocation: /default-rack, certSerialId: null}, Type:RATIS, Factor:ONE, State:OPEN]
2019-10-05 01:09:45,516 [grpc-default-executor-3] INFO  impl.RaftServerProxy (RaftServerProxy.java:addNew(89)) - deb9e9c6-ff8a-43e6-ae0e-0cc48bd6aa91: addNew group-E417AFB72851:[deb9e9c6-ff8a-43e6-ae0e-0cc48bd6aa91:192.168.151.105:35280] returns group-E417AFB72851:java.util.concurrent.CompletableFuture@1aabfc86[Not completed]
2019-10-05 01:09:45,517 [pool-267-thread-1] INFO  impl.RaftServerImpl (RaftServerImpl.java:<init>(95)) - deb9e9c6-ff8a-43e6-ae0e-0cc48bd6aa91: new RaftServerImpl for group-E417AFB72851:[deb9e9c6-ff8a-43e6-ae0e-0cc48bd6aa91:192.168.151.105:35280] with ContainerStateMachine:uninitialized
2019-10-05 01:09:45,517 [pool-267-thread-1] INFO  server.RaftServerConfigKeys (ConfUtils.java:logGet(43)) - raft.server.rpc.timeout.min = 5s (custom)
2019-10-05 01:09:45,517 [pool-267-thread-1] INFO  server.RaftServerConfigKeys (ConfUtils.java:logGet(43)) - raft.server.rpc.timeout.max = 5200ms (custom)
2019-10-05 01:09:45,517 [pool-267-thread-1] INFO  server.RaftServerConfigKeys (ConfUtils.java:logGet(43)) - raft.server.rpcslowness.timeout = 120s (custom)
2019-10-05 01:09:45,517 [pool-267-thread-1] INFO  server.RaftServerConfigKeys (ConfUtils.java:logGet(43)) - raft.server.sleep.deviation.threshold = 300 (default)
2019-10-05 01:09:45,517 [pool-267-thread-1] INFO  server.RaftServerConfigKeys (ConfUtils.java:logGet(43)) - raft.server.log.appender.install.snapshot.enabled = false (custom)
2019-10-05 01:09:45,517 [pool-267-thread-1] INFO  impl.RaftServerImpl (ServerState.java:<init>(103)) - deb9e9c6-ff8a-43e6-ae0e-0cc48bd6aa91@group-E417AFB72851: ConfigurationManager, init=-1: [deb9e9c6-ff8a-43e6-ae0e-0cc48bd6aa91:192.168.151.105:35280], old=null, confs=<EMPTY_MAP>
2019-10-05 01:09:45,517 [pool-267-thread-1] INFO  server.RaftServerConfigKeys (ConfUtils.java:logGet(43)) - raft.server.storage.dir = [/workdir/hadoop-ozone/integration-test/target/test-dir/MiniOzoneClusterImpl-aae8a5e2-5455-4700-bcf4-486adb770533/datanode-6/data/ratis] (custom)
2019-10-05 01:09:45,518 [pool-267-thread-1] INFO  server.RaftServerConfigKeys (ConfUtils.java:logGet(43)) - raft.server.log.corruption.policy = EXCEPTION (default)
2019-10-05 01:09:45,518 [pool-267-thread-1] INFO  storage.RaftStorageDirectory (RaftStorageDirectory.java:analyzeStorage(246)) - The storage directory /workdir/hadoop-ozone/integration-test/target/test-dir/MiniOzoneClusterImpl-aae8a5e2-5455-4700-bcf4-486adb770533/datanode-6/data/ratis/9859202f-c943-4d09-b3f3-e417afb72851 does not exist. Creating ...
2019-10-05 01:09:45,531 [pool-267-thread-1] INFO  storage.RaftStorageDirectory (RaftStorageDirectory.java:tryLock(328)) - Lock on /workdir/hadoop-ozone/integration-test/target/test-dir/MiniOzoneClusterImpl-aae8a5e2-5455-4700-bcf4-486adb770533/datanode-6/data/ratis/9859202f-c943-4d09-b3f3-e417afb72851/in_use.lock acquired by nodename 25491@pr-hdds-1986-f466r-3473100931
2019-10-05 01:09:45,544 [pool-267-thread-1] INFO  storage.RaftStorage (RaftStorage.java:format(84)) - Storage directory /workdir/hadoop-ozone/integration-test/target/test-dir/MiniOzoneClusterImpl-aae8a5e2-5455-4700-bcf4-486adb770533/datanode-6/data/ratis/9859202f-c943-4d09-b3f3-e417afb72851 has been successfully formatted.
2019-10-05 01:09:45,544 [pool-267-thread-1] INFO  ratis.ContainerStateMachine (ContainerStateMachine.java:loadSnapshot(230)) - group-E417AFB72851: The snapshot info is null. Setting the last applied indexto:(t:0, i:~)
2019-10-05 01:09:45,544 [pool-267-thread-1] INFO  server.RaftServerConfigKeys (ConfUtils.java:logGet(43)) - raft.server.notification.no-leader.timeout = 120s (custom)
2019-10-05 01:09:45,544 [pool-267-thread-1] INFO  server.RaftServerConfigKeys (ConfUtils.java:logGet(43)) - raft.server.log.use.memory = false (default)
2019-10-05 01:09:45,544 [pool-267-thread-1] INFO  server.RaftServerConfigKeys (ConfUtils.java:logGet(43)) - raft.server.log.purge.gap = 1000000 (custom)
2019-10-05 01:09:45,545 [pool-267-thread-1] INFO  server.RaftServerConfigKeys (ConfUtils.java:logGet(43)) - raft.server.log.appender.buffer.byte-limit = 33554432 (custom)
2019-10-05 01:09:45,545 [pool-267-thread-1] INFO  server.RaftServerConfigKeys (ConfUtils.java:logGet(43)) - raft.server.log.segment.size.max = 1048576 (custom)
2019-10-05 01:09:45,546 [pool-267-thread-1] INFO  server.RaftServerConfigKeys (ConfUtils.java:logGet(43)) - raft.server.log.segment.cache.num.max = 2 (custom)
2019-10-05 01:09:45,546 [pool-267-thread-1] INFO  segmented.SegmentedRaftLogWorker (SegmentedRaftLogWorker.java:<init>(173)) - new deb9e9c6-ff8a-43e6-ae0e-0cc48bd6aa91@group-E417AFB72851-SegmentedRaftLogWorker for RaftStorage:Storage Directory /workdir/hadoop-ozone/integration-test/target/test-dir/MiniOzoneClusterImpl-aae8a5e2-5455-4700-bcf4-486adb770533/datanode-6/data/ratis/9859202f-c943-4d09-b3f3-e417afb72851
2019-10-05 01:09:45,546 [pool-267-thread-1] INFO  server.RaftServerConfigKeys (ConfUtils.java:logGet(43)) - raft.server.log.queue.byte-limit = 2147483647 (custom)
2019-10-05 01:09:45,546 [pool-267-thread-1] INFO  server.RaftServerConfigKeys (ConfUtils.java:logGet(43)) - raft.server.log.queue.element-limit = 1024 (custom)
2019-10-05 01:09:45,546 [pool-267-thread-1] INFO  server.RaftServerConfigKeys (ConfUtils.java:logGet(43)) - raft.server.log.segment.size.max = 1048576 (custom)
2019-10-05 01:09:45,547 [pool-267-thread-1] INFO  server.RaftServerConfigKeys (ConfUtils.java:logGet(43)) - raft.server.log.preallocated.size = 16384 (custom)
2019-10-05 01:09:45,547 [pool-267-thread-1] INFO  server.RaftServerConfigKeys (ConfUtils.java:logGet(43)) - raft.server.log.write.buffer.size = 33554432 (custom)
2019-10-05 01:09:45,547 [pool-267-thread-1] INFO  server.RaftServerConfigKeys (ConfUtils.java:logGet(43)) - raft.server.log.force.sync.num = 128 (default)
2019-10-05 01:09:45,547 [pool-267-thread-1] INFO  server.RaftServerConfigKeys (ConfUtils.java:logGet(43)) - raft.server.log.statemachine.data.sync = true (default)
2019-10-05 01:09:45,547 [pool-267-thread-1] INFO  server.RaftServerConfigKeys (ConfUtils.java:logGet(43)) - raft.server.log.statemachine.data.sync.timeout = 10s (default)
2019-10-05 01:09:45,547 [pool-267-thread-1] INFO  server.RaftServerConfigKeys (ConfUtils.java:logGet(43)) - raft.server.log.statemachine.data.sync.timeout.retry = -1 (default)
2019-10-05 01:09:45,548 [pool-267-thread-1] INFO  server.RaftServerConfigKeys (ConfUtils.java:logGet(43)) - raft.server.log.statemachine.data.caching.enabled = true (custom)
2019-10-05 01:09:45,548 [pool-267-thread-1] INFO  segmented.SegmentedRaftLogWorker (SegmentedRaftLogWorker.java:lambda$new$0(128)) - deb9e9c6-ff8a-43e6-ae0e-0cc48bd6aa91@group-E417AFB72851-SegmentedRaftLogWorker: flushIndex: setUnconditionally 0 -> -1
2019-10-05 01:09:45,548 [pool-267-thread-1] INFO  server.RaftServerConfigKeys (ConfUtils.java:logGet(43)) - raft.server.snapshot.auto.trigger.enabled = true (custom)
2019-10-05 01:09:45,548 [pool-267-thread-1] INFO  server.RaftServerConfigKeys (ConfUtils.java:logGet(43)) - raft.server.snapshot.auto.trigger.threshold = 10000 (custom)
2019-10-05 01:09:45,548 [pool-267-thread-1] INFO  server.RaftServerConfigKeys (ConfUtils.java:logGet(43)) - raft.server.snapshot.retention.file.num = 5 (custom)
2019-10-05 01:09:45,549 [pool-267-thread-1] INFO  server.RaftServerConfigKeys (ConfUtils.java:logGet(43)) - raft.server.retrycache.expirytime = 600000ms (custom)
2019-10-05 01:09:45,550 [pool-267-thread-1] INFO  impl.RaftServerImpl (RaftServerImpl.java:start(181)) - deb9e9c6-ff8a-43e6-ae0e-0cc48bd6aa91@group-E417AFB72851: start as a follower, conf=-1: [deb9e9c6-ff8a-43e6-ae0e-0cc48bd6aa91:192.168.151.105:35280], old=null
2019-10-05 01:09:45,550 [pool-267-thread-1] INFO  impl.RaftServerImpl (RaftServerImpl.java:setRole(170)) - deb9e9c6-ff8a-43e6-ae0e-0cc48bd6aa91@group-E417AFB72851: changes role from      null to FOLLOWER at term 0 for startAsFollower
2019-10-05 01:09:45,550 [pool-267-thread-1] INFO  impl.RoleInfo (RoleInfo.java:updateAndGet(143)) - deb9e9c6-ff8a-43e6-ae0e-0cc48bd6aa91: start FollowerState
2019-10-05 01:09:45,551 [pool-267-thread-1] INFO  util.JmxRegister (JmxRegister.java:tryRegister(44)) - Successfully registered JMX Bean with object name Ratis:service=RaftServer,group=group-E417AFB72851,id=deb9e9c6-ff8a-43e6-ae0e-0cc48bd6aa91
2019-10-05 01:09:45,558 [RatisPipelineUtilsThread] INFO  pipeline.PipelineStateManager (PipelineStateManager.java:addPipeline(56)) - Created pipeline Pipeline[ Id: 9859202f-c943-4d09-b3f3-e417afb72851, Nodes: deb9e9c6-ff8a-43e6-ae0e-0cc48bd6aa91{ip: 192.168.151.105, host: pr-hdds-1986-f466r-3473100931, networkLocation: /default-rack, certSerialId: null}, Type:RATIS, Factor:ONE, State:OPEN]
2019-10-05 01:09:45,574 [grpc-default-executor-3] INFO  impl.RaftServerProxy (RaftServerProxy.java:addNew(89)) - 07cb5bbc-8352-4509-916c-30becd83db4e: addNew group-6C146C812D05:[e7349651-06e6-4307-8dab-742a146f4cf9:192.168.151.105:46156, 07cb5bbc-8352-4509-916c-30becd83db4e:192.168.151.105:44643, f19346f0-5ca3-4e6f-bfd9-1e67cc451c5e:192.168.151.105:40429] returns group-6C146C812D05:java.util.concurrent.CompletableFuture@224f9f37[Not completed]
2019-10-05 01:09:45,575 [grpc-default-executor-3] INFO  impl.RaftServerProxy (RaftServerProxy.java:addNew(89)) - e7349651-06e6-4307-8dab-742a146f4cf9: addNew group-6C146C812D05:[e7349651-06e6-4307-8dab-742a146f4cf9:192.168.151.105:46156, 07cb5bbc-8352-4509-916c-30becd83db4e:192.168.151.105:44643, f19346f0-5ca3-4e6f-bfd9-1e67cc451c5e:192.168.151.105:40429] returns group-6C146C812D05:java.util.concurrent.CompletableFuture@67450834[Not completed]
2019-10-05 01:09:45,575 [grpc-default-executor-3] INFO  impl.RaftServerProxy (RaftServerProxy.java:addNew(89)) - f19346f0-5ca3-4e6f-bfd9-1e67cc451c5e: addNew group-6C146C812D05:[e7349651-06e6-4307-8dab-742a146f4cf9:192.168.151.105:46156, 07cb5bbc-8352-4509-916c-30becd83db4e:192.168.151.105:44643, f19346f0-5ca3-4e6f-bfd9-1e67cc451c5e:192.168.151.105:40429] returns group-6C146C812D05:java.util.concurrent.CompletableFuture@29c994aa[Not completed]
2019-10-05 01:09:45,576 [pool-247-thread-1] INFO  impl.RaftServerImpl (RaftServerImpl.java:<init>(95)) - 07cb5bbc-8352-4509-916c-30becd83db4e: new RaftServerImpl for group-6C146C812D05:[e7349651-06e6-4307-8dab-742a146f4cf9:192.168.151.105:46156, 07cb5bbc-8352-4509-916c-30becd83db4e:192.168.151.105:44643, f19346f0-5ca3-4e6f-bfd9-1e67cc451c5e:192.168.151.105:40429] with ContainerStateMachine:uninitialized
2019-10-05 01:09:45,576 [pool-247-thread-1] INFO  server.RaftServerConfigKeys (ConfUtils.java:logGet(43)) - raft.server.rpc.timeout.min = 5s (custom)
2019-10-05 01:09:45,577 [pool-237-thread-1] INFO  impl.RaftServerImpl (RaftServerImpl.java:<init>(95)) - f19346f0-5ca3-4e6f-bfd9-1e67cc451c5e: new RaftServerImpl for group-6C146C812D05:[e7349651-06e6-4307-8dab-742a146f4cf9:192.168.151.105:46156, 07cb5bbc-8352-4509-916c-30becd83db4e:192.168.151.105:44643, f19346f0-5ca3-4e6f-bfd9-1e67cc451c5e:192.168.151.105:40429] with ContainerStateMachine:uninitialized
2019-10-05 01:09:45,577 [pool-247-thread-1] INFO  server.RaftServerConfigKeys (ConfUtils.java:logGet(43)) - raft.server.rpc.timeout.max = 5200ms (custom)
2019-10-05 01:09:45,577 [pool-237-thread-1] INFO  server.RaftServerConfigKeys (ConfUtils.java:logGet(43)) - raft.server.rpc.timeout.min = 5s (custom)
2019-10-05 01:09:45,577 [pool-247-thread-1] INFO  server.RaftServerConfigKeys (ConfUtils.java:logGet(43)) - raft.server.rpcslowness.timeout = 120s (custom)
2019-10-05 01:09:45,577 [pool-237-thread-1] INFO  server.RaftServerConfigKeys (ConfUtils.java:logGet(43)) - raft.server.rpc.timeout.max = 5200ms (custom)
2019-10-05 01:09:45,577 [pool-247-thread-1] INFO  server.RaftServerConfigKeys (ConfUtils.java:logGet(43)) - raft.server.sleep.deviation.threshold = 300 (default)
2019-10-05 01:09:45,577 [pool-237-thread-1] INFO  server.RaftServerConfigKeys (ConfUtils.java:logGet(43)) - raft.server.rpcslowness.timeout = 120s (custom)
2019-10-05 01:09:45,577 [pool-207-thread-1] INFO  impl.RaftServerImpl (RaftServerImpl.java:<init>(95)) - e7349651-06e6-4307-8dab-742a146f4cf9: new RaftServerImpl for group-6C146C812D05:[e7349651-06e6-4307-8dab-742a146f4cf9:192.168.151.105:46156, 07cb5bbc-8352-4509-916c-30becd83db4e:192.168.151.105:44643, f19346f0-5ca3-4e6f-bfd9-1e67cc451c5e:192.168.151.105:40429] with ContainerStateMachine:uninitialized
2019-10-05 01:09:45,577 [pool-247-thread-1] INFO  server.RaftServerConfigKeys (ConfUtils.java:logGet(43)) - raft.server.log.appender.install.snapshot.enabled = false (custom)
2019-10-05 01:09:45,578 [pool-207-thread-1] INFO  server.RaftServerConfigKeys (ConfUtils.java:logGet(43)) - raft.server.rpc.timeout.min = 5s (custom)
2019-10-05 01:09:45,578 [pool-247-thread-1] INFO  impl.RaftServerImpl (ServerState.java:<init>(103)) - 07cb5bbc-8352-4509-916c-30becd83db4e@group-6C146C812D05: ConfigurationManager, init=-1: [e7349651-06e6-4307-8dab-742a146f4cf9:192.168.151.105:46156, 07cb5bbc-8352-4509-916c-30becd83db4e:192.168.151.105:44643, f19346f0-5ca3-4e6f-bfd9-1e67cc451c5e:192.168.151.105:40429], old=null, confs=<EMPTY_MAP>
2019-10-05 01:09:45,577 [pool-237-thread-1] INFO  server.RaftServerConfigKeys (ConfUtils.java:logGet(43)) - raft.server.sleep.deviation.threshold = 300 (default)
2019-10-05 01:09:45,578 [pool-207-thread-1] INFO  server.RaftServerConfigKeys (ConfUtils.java:logGet(43)) - raft.server.rpc.timeout.max = 5200ms (custom)
2019-10-05 01:09:45,578 [pool-247-thread-1] INFO  server.RaftServerConfigKeys (ConfUtils.java:logGet(43)) - raft.server.storage.dir = [/workdir/hadoop-ozone/integration-test/target/test-dir/MiniOzoneClusterImpl-aae8a5e2-5455-4700-bcf4-486adb770533/datanode-4/data/ratis] (custom)
2019-10-05 01:09:45,578 [pool-237-thread-1] INFO  server.RaftServerConfigKeys (ConfUtils.java:logGet(43)) - raft.server.log.appender.install.snapshot.enabled = false (custom)
2019-10-05 01:09:45,578 [pool-207-thread-1] INFO  server.RaftServerConfigKeys (ConfUtils.java:logGet(43)) - raft.server.rpcslowness.timeout = 120s (custom)
2019-10-05 01:09:45,578 [pool-237-thread-1] INFO  impl.RaftServerImpl (ServerState.java:<init>(103)) - f19346f0-5ca3-4e6f-bfd9-1e67cc451c5e@group-6C146C812D05: ConfigurationManager, init=-1: [e7349651-06e6-4307-8dab-742a146f4cf9:192.168.151.105:46156, 07cb5bbc-8352-4509-916c-30becd83db4e:192.168.151.105:44643, f19346f0-5ca3-4e6f-bfd9-1e67cc451c5e:192.168.151.105:40429], old=null, confs=<EMPTY_MAP>
2019-10-05 01:09:45,579 [pool-247-thread-1] INFO  server.RaftServerConfigKeys (ConfUtils.java:logGet(43)) - raft.server.log.corruption.policy = EXCEPTION (default)
2019-10-05 01:09:45,579 [pool-207-thread-1] INFO  server.RaftServerConfigKeys (ConfUtils.java:logGet(43)) - raft.server.sleep.deviation.threshold = 300 (default)
2019-10-05 01:09:45,579 [pool-237-thread-1] INFO  server.RaftServerConfigKeys (ConfUtils.java:logGet(43)) - raft.server.storage.dir = [/workdir/hadoop-ozone/integration-test/target/test-dir/MiniOzoneClusterImpl-aae8a5e2-5455-4700-bcf4-486adb770533/datanode-3/data/ratis] (custom)
2019-10-05 01:09:45,579 [pool-247-thread-1] INFO  storage.RaftStorageDirectory (RaftStorageDirectory.java:analyzeStorage(246)) - The storage directory /workdir/hadoop-ozone/integration-test/target/test-dir/MiniOzoneClusterImpl-aae8a5e2-5455-4700-bcf4-486adb770533/datanode-4/data/ratis/7bab6404-008a-4979-9711-6c146c812d05 does not exist. Creating ...
2019-10-05 01:09:45,579 [pool-237-thread-1] INFO  server.RaftServerConfigKeys (ConfUtils.java:logGet(43)) - raft.server.log.corruption.policy = EXCEPTION (default)
2019-10-05 01:09:45,579 [pool-207-thread-1] INFO  server.RaftServerConfigKeys (ConfUtils.java:logGet(43)) - raft.server.log.appender.install.snapshot.enabled = false (custom)
2019-10-05 01:09:45,579 [pool-237-thread-1] INFO  storage.RaftStorageDirectory (RaftStorageDirectory.java:analyzeStorage(246)) - The storage directory /workdir/hadoop-ozone/integration-test/target/test-dir/MiniOzoneClusterImpl-aae8a5e2-5455-4700-bcf4-486adb770533/datanode-3/data/ratis/7bab6404-008a-4979-9711-6c146c812d05 does not exist. Creating ...
2019-10-05 01:09:45,579 [pool-207-thread-1] INFO  impl.RaftServerImpl (ServerState.java:<init>(103)) - e7349651-06e6-4307-8dab-742a146f4cf9@group-6C146C812D05: ConfigurationManager, init=-1: [e7349651-06e6-4307-8dab-742a146f4cf9:192.168.151.105:46156, 07cb5bbc-8352-4509-916c-30becd83db4e:192.168.151.105:44643, f19346f0-5ca3-4e6f-bfd9-1e67cc451c5e:192.168.151.105:40429], old=null, confs=<EMPTY_MAP>
2019-10-05 01:09:45,579 [pool-207-thread-1] INFO  server.RaftServerConfigKeys (ConfUtils.java:logGet(43)) - raft.server.storage.dir = [/workdir/hadoop-ozone/integration-test/target/test-dir/MiniOzoneClusterImpl-aae8a5e2-5455-4700-bcf4-486adb770533/datanode-0/data/ratis] (custom)
2019-10-05 01:09:45,580 [pool-207-thread-1] INFO  server.RaftServerConfigKeys (ConfUtils.java:logGet(43)) - raft.server.log.corruption.policy = EXCEPTION (default)
2019-10-05 01:09:45,580 [pool-207-thread-1] INFO  storage.RaftStorageDirectory (RaftStorageDirectory.java:analyzeStorage(246)) - The storage directory /workdir/hadoop-ozone/integration-test/target/test-dir/MiniOzoneClusterImpl-aae8a5e2-5455-4700-bcf4-486adb770533/datanode-0/data/ratis/7bab6404-008a-4979-9711-6c146c812d05 does not exist. Creating ...
2019-10-05 01:09:45,593 [pool-247-thread-1] INFO  storage.RaftStorageDirectory (RaftStorageDirectory.java:tryLock(328)) - Lock on /workdir/hadoop-ozone/integration-test/target/test-dir/MiniOzoneClusterImpl-aae8a5e2-5455-4700-bcf4-486adb770533/datanode-4/data/ratis/7bab6404-008a-4979-9711-6c146c812d05/in_use.lock acquired by nodename 25491@pr-hdds-1986-f466r-3473100931
2019-10-05 01:09:45,593 [pool-207-thread-1] INFO  storage.RaftStorageDirectory (RaftStorageDirectory.java:tryLock(328)) - Lock on /workdir/hadoop-ozone/integration-test/target/test-dir/MiniOzoneClusterImpl-aae8a5e2-5455-4700-bcf4-486adb770533/datanode-0/data/ratis/7bab6404-008a-4979-9711-6c146c812d05/in_use.lock acquired by nodename 25491@pr-hdds-1986-f466r-3473100931
2019-10-05 01:09:45,593 [pool-237-thread-1] INFO  storage.RaftStorageDirectory (RaftStorageDirectory.java:tryLock(328)) - Lock on /workdir/hadoop-ozone/integration-test/target/test-dir/MiniOzoneClusterImpl-aae8a5e2-5455-4700-bcf4-486adb770533/datanode-3/data/ratis/7bab6404-008a-4979-9711-6c146c812d05/in_use.lock acquired by nodename 25491@pr-hdds-1986-f466r-3473100931
2019-10-05 01:09:45,607 [pool-247-thread-1] INFO  storage.RaftStorage (RaftStorage.java:format(84)) - Storage directory /workdir/hadoop-ozone/integration-test/target/test-dir/MiniOzoneClusterImpl-aae8a5e2-5455-4700-bcf4-486adb770533/datanode-4/data/ratis/7bab6404-008a-4979-9711-6c146c812d05 has been successfully formatted.
2019-10-05 01:09:45,607 [pool-207-thread-1] INFO  storage.RaftStorage (RaftStorage.java:format(84)) - Storage directory /workdir/hadoop-ozone/integration-test/target/test-dir/MiniOzoneClusterImpl-aae8a5e2-5455-4700-bcf4-486adb770533/datanode-0/data/ratis/7bab6404-008a-4979-9711-6c146c812d05 has been successfully formatted.
2019-10-05 01:09:45,607 [pool-237-thread-1] INFO  storage.RaftStorage (RaftStorage.java:format(84)) - Storage directory /workdir/hadoop-ozone/integration-test/target/test-dir/MiniOzoneClusterImpl-aae8a5e2-5455-4700-bcf4-486adb770533/datanode-3/data/ratis/7bab6404-008a-4979-9711-6c146c812d05 has been successfully formatted.
2019-10-05 01:09:45,607 [pool-247-thread-1] INFO  ratis.ContainerStateMachine (ContainerStateMachine.java:loadSnapshot(230)) - group-6C146C812D05: The snapshot info is null. Setting the last applied indexto:(t:0, i:~)
2019-10-05 01:09:45,607 [pool-207-thread-1] INFO  ratis.ContainerStateMachine (ContainerStateMachine.java:loadSnapshot(230)) - group-6C146C812D05: The snapshot info is null. Setting the last applied indexto:(t:0, i:~)
2019-10-05 01:09:45,607 [pool-237-thread-1] INFO  ratis.ContainerStateMachine (ContainerStateMachine.java:loadSnapshot(230)) - group-6C146C812D05: The snapshot info is null. Setting the last applied indexto:(t:0, i:~)
2019-10-05 01:09:45,608 [pool-207-thread-1] INFO  server.RaftServerConfigKeys (ConfUtils.java:logGet(43)) - raft.server.notification.no-leader.timeout = 120s (custom)
2019-10-05 01:09:45,607 [pool-247-thread-1] INFO  server.RaftServerConfigKeys (ConfUtils.java:logGet(43)) - raft.server.notification.no-leader.timeout = 120s (custom)
2019-10-05 01:09:45,608 [pool-207-thread-1] INFO  server.RaftServerConfigKeys (ConfUtils.java:logGet(43)) - raft.server.log.use.memory = false (default)
2019-10-05 01:09:45,608 [pool-237-thread-1] INFO  server.RaftServerConfigKeys (ConfUtils.java:logGet(43)) - raft.server.notification.no-leader.timeout = 120s (custom)
2019-10-05 01:09:45,608 [pool-207-thread-1] INFO  server.RaftServerConfigKeys (ConfUtils.java:logGet(43)) - raft.server.log.purge.gap = 1000000 (custom)
2019-10-05 01:09:45,608 [pool-247-thread-1] INFO  server.RaftServerConfigKeys (ConfUtils.java:logGet(43)) - raft.server.log.use.memory = false (default)
2019-10-05 01:09:45,609 [pool-207-thread-1] INFO  server.RaftServerConfigKeys (ConfUtils.java:logGet(43)) - raft.server.log.appender.buffer.byte-limit = 33554432 (custom)
2019-10-05 01:09:45,608 [pool-237-thread-1] INFO  server.RaftServerConfigKeys (ConfUtils.java:logGet(43)) - raft.server.log.use.memory = false (default)
2019-10-05 01:09:45,609 [pool-207-thread-1] INFO  server.RaftServerConfigKeys (ConfUtils.java:logGet(43)) - raft.server.log.segment.size.max = 1048576 (custom)
2019-10-05 01:09:45,609 [pool-247-thread-1] INFO  server.RaftServerConfigKeys (ConfUtils.java:logGet(43)) - raft.server.log.purge.gap = 1000000 (custom)
2019-10-05 01:09:45,609 [pool-207-thread-1] INFO  server.RaftServerConfigKeys (ConfUtils.java:logGet(43)) - raft.server.log.segment.cache.num.max = 2 (custom)
2019-10-05 01:09:45,609 [pool-237-thread-1] INFO  server.RaftServerConfigKeys (ConfUtils.java:logGet(43)) - raft.server.log.purge.gap = 1000000 (custom)
2019-10-05 01:09:45,609 [pool-207-thread-1] INFO  segmented.SegmentedRaftLogWorker (SegmentedRaftLogWorker.java:<init>(173)) - new e7349651-06e6-4307-8dab-742a146f4cf9@group-6C146C812D05-SegmentedRaftLogWorker for RaftStorage:Storage Directory /workdir/hadoop-ozone/integration-test/target/test-dir/MiniOzoneClusterImpl-aae8a5e2-5455-4700-bcf4-486adb770533/datanode-0/data/ratis/7bab6404-008a-4979-9711-6c146c812d05
2019-10-05 01:09:45,609 [pool-247-thread-1] INFO  server.RaftServerConfigKeys (ConfUtils.java:logGet(43)) - raft.server.log.appender.buffer.byte-limit = 33554432 (custom)
2019-10-05 01:09:45,610 [pool-207-thread-1] INFO  server.RaftServerConfigKeys (ConfUtils.java:logGet(43)) - raft.server.log.queue.byte-limit = 2147483647 (custom)
2019-10-05 01:09:45,610 [pool-237-thread-1] INFO  server.RaftServerConfigKeys (ConfUtils.java:logGet(43)) - raft.server.log.appender.buffer.byte-limit = 33554432 (custom)
2019-10-05 01:09:45,610 [pool-207-thread-1] INFO  server.RaftServerConfigKeys (ConfUtils.java:logGet(43)) - raft.server.log.queue.element-limit = 1024 (custom)
2019-10-05 01:09:45,610 [pool-247-thread-1] INFO  server.RaftServerConfigKeys (ConfUtils.java:logGet(43)) - raft.server.log.segment.size.max = 1048576 (custom)
2019-10-05 01:09:45,610 [pool-207-thread-1] INFO  server.RaftServerConfigKeys (ConfUtils.java:logGet(43)) - raft.server.log.segment.size.max = 1048576 (custom)
2019-10-05 01:09:45,610 [pool-237-thread-1] INFO  server.RaftServerConfigKeys (ConfUtils.java:logGet(43)) - raft.server.log.segment.size.max = 1048576 (custom)
2019-10-05 01:09:45,611 [pool-207-thread-1] INFO  server.RaftServerConfigKeys (ConfUtils.java:logGet(43)) - raft.server.log.preallocated.size = 16384 (custom)
2019-10-05 01:09:45,611 [pool-247-thread-1] INFO  server.RaftServerConfigKeys (ConfUtils.java:logGet(43)) - raft.server.log.segment.cache.num.max = 2 (custom)
2019-10-05 01:09:45,611 [pool-207-thread-1] INFO  server.RaftServerConfigKeys (ConfUtils.java:logGet(43)) - raft.server.log.write.buffer.size = 33554432 (custom)
2019-10-05 01:09:45,611 [pool-237-thread-1] INFO  server.RaftServerConfigKeys (ConfUtils.java:logGet(43)) - raft.server.log.segment.cache.num.max = 2 (custom)
2019-10-05 01:09:45,611 [pool-207-thread-1] INFO  server.RaftServerConfigKeys (ConfUtils.java:logGet(43)) - raft.server.log.force.sync.num = 128 (default)
2019-10-05 01:09:45,611 [pool-247-thread-1] INFO  segmented.SegmentedRaftLogWorker (SegmentedRaftLogWorker.java:<init>(173)) - new 07cb5bbc-8352-4509-916c-30becd83db4e@group-6C146C812D05-SegmentedRaftLogWorker for RaftStorage:Storage Directory /workdir/hadoop-ozone/integration-test/target/test-dir/MiniOzoneClusterImpl-aae8a5e2-5455-4700-bcf4-486adb770533/datanode-4/data/ratis/7bab6404-008a-4979-9711-6c146c812d05
2019-10-05 01:09:45,612 [pool-207-thread-1] INFO  server.RaftServerConfigKeys (ConfUtils.java:logGet(43)) - raft.server.log.statemachine.data.sync = true (default)
2019-10-05 01:09:45,611 [pool-237-thread-1] INFO  segmented.SegmentedRaftLogWorker (SegmentedRaftLogWorker.java:<init>(173)) - new f19346f0-5ca3-4e6f-bfd9-1e67cc451c5e@group-6C146C812D05-SegmentedRaftLogWorker for RaftStorage:Storage Directory /workdir/hadoop-ozone/integration-test/target/test-dir/MiniOzoneClusterImpl-aae8a5e2-5455-4700-bcf4-486adb770533/datanode-3/data/ratis/7bab6404-008a-4979-9711-6c146c812d05
2019-10-05 01:09:45,612 [pool-207-thread-1] INFO  server.RaftServerConfigKeys (ConfUtils.java:logGet(43)) - raft.server.log.statemachine.data.sync.timeout = 10s (default)
2019-10-05 01:09:45,612 [pool-247-thread-1] INFO  server.RaftServerConfigKeys (ConfUtils.java:logGet(43)) - raft.server.log.queue.byte-limit = 2147483647 (custom)
2019-10-05 01:09:45,612 [pool-207-thread-1] INFO  server.RaftServerConfigKeys (ConfUtils.java:logGet(43)) - raft.server.log.statemachine.data.sync.timeout.retry = -1 (default)
2019-10-05 01:09:45,612 [pool-237-thread-1] INFO  server.RaftServerConfigKeys (ConfUtils.java:logGet(43)) - raft.server.log.queue.byte-limit = 2147483647 (custom)
2019-10-05 01:09:45,613 [pool-207-thread-1] INFO  server.RaftServerConfigKeys (ConfUtils.java:logGet(43)) - raft.server.log.statemachine.data.caching.enabled = true (custom)
2019-10-05 01:09:45,612 [pool-247-thread-1] INFO  server.RaftServerConfigKeys (ConfUtils.java:logGet(43)) - raft.server.log.queue.element-limit = 1024 (custom)
2019-10-05 01:09:45,613 [pool-237-thread-1] INFO  server.RaftServerConfigKeys (ConfUtils.java:logGet(43)) - raft.server.log.queue.element-limit = 1024 (custom)
2019-10-05 01:09:45,613 [pool-207-thread-1] INFO  segmented.SegmentedRaftLogWorker (SegmentedRaftLogWorker.java:lambda$new$0(128)) - e7349651-06e6-4307-8dab-742a146f4cf9@group-6C146C812D05-SegmentedRaftLogWorker: flushIndex: setUnconditionally 0 -> -1
2019-10-05 01:09:45,613 [pool-247-thread-1] INFO  server.RaftServerConfigKeys (ConfUtils.java:logGet(43)) - raft.server.log.segment.size.max = 1048576 (custom)
2019-10-05 01:09:45,613 [pool-237-thread-1] INFO  server.RaftServerConfigKeys (ConfUtils.java:logGet(43)) - raft.server.log.segment.size.max = 1048576 (custom)
2019-10-05 01:09:45,613 [pool-207-thread-1] INFO  server.RaftServerConfigKeys (ConfUtils.java:logGet(43)) - raft.server.snapshot.auto.trigger.enabled = true (custom)
2019-10-05 01:09:45,613 [pool-247-thread-1] INFO  server.RaftServerConfigKeys (ConfUtils.java:logGet(43)) - raft.server.log.preallocated.size = 16384 (custom)
2019-10-05 01:09:45,614 [pool-207-thread-1] INFO  server.RaftServerConfigKeys (ConfUtils.java:logGet(43)) - raft.server.snapshot.auto.trigger.threshold = 10000 (custom)
2019-10-05 01:09:45,613 [pool-237-thread-1] INFO  server.RaftServerConfigKeys (ConfUtils.java:logGet(43)) - raft.server.log.preallocated.size = 16384 (custom)
2019-10-05 01:09:45,614 [pool-207-thread-1] INFO  server.RaftServerConfigKeys (ConfUtils.java:logGet(43)) - raft.server.snapshot.retention.file.num = 5 (custom)
2019-10-05 01:09:45,614 [pool-247-thread-1] INFO  server.RaftServerConfigKeys (ConfUtils.java:logGet(43)) - raft.server.log.write.buffer.size = 33554432 (custom)
2019-10-05 01:09:45,614 [pool-207-thread-1] INFO  server.RaftServerConfigKeys (ConfUtils.java:logGet(43)) - raft.server.retrycache.expirytime = 600000ms (custom)
2019-10-05 01:09:45,614 [pool-237-thread-1] INFO  server.RaftServerConfigKeys (ConfUtils.java:logGet(43)) - raft.server.log.write.buffer.size = 33554432 (custom)
2019-10-05 01:09:45,614 [pool-247-thread-1] INFO  server.RaftServerConfigKeys (ConfUtils.java:logGet(43)) - raft.server.log.force.sync.num = 128 (default)
2019-10-05 01:09:45,615 [pool-237-thread-1] INFO  server.RaftServerConfigKeys (ConfUtils.java:logGet(43)) - raft.server.log.force.sync.num = 128 (default)
2019-10-05 01:09:45,615 [pool-247-thread-1] INFO  server.RaftServerConfigKeys (ConfUtils.java:logGet(43)) - raft.server.log.statemachine.data.sync = true (default)
2019-10-05 01:09:45,615 [pool-237-thread-1] INFO  server.RaftServerConfigKeys (ConfUtils.java:logGet(43)) - raft.server.log.statemachine.data.sync = true (default)
2019-10-05 01:09:45,615 [pool-247-thread-1] INFO  server.RaftServerConfigKeys (ConfUtils.java:logGet(43)) - raft.server.log.statemachine.data.sync.timeout = 10s (default)
2019-10-05 01:09:45,615 [pool-237-thread-1] INFO  server.RaftServerConfigKeys (ConfUtils.java:logGet(43)) - raft.server.log.statemachine.data.sync.timeout = 10s (default)
2019-10-05 01:09:45,615 [pool-247-thread-1] INFO  server.RaftServerConfigKeys (ConfUtils.java:logGet(43)) - raft.server.log.statemachine.data.sync.timeout.retry = -1 (default)
2019-10-05 01:09:45,615 [pool-237-thread-1] INFO  server.RaftServerConfigKeys (ConfUtils.java:logGet(43)) - raft.server.log.statemachine.data.sync.timeout.retry = -1 (default)
2019-10-05 01:09:45,616 [pool-247-thread-1] INFO  server.RaftServerConfigKeys (ConfUtils.java:logGet(43)) - raft.server.log.statemachine.data.caching.enabled = true (custom)
2019-10-05 01:09:45,616 [pool-237-thread-1] INFO  server.RaftServerConfigKeys (ConfUtils.java:logGet(43)) - raft.server.log.statemachine.data.caching.enabled = true (custom)
2019-10-05 01:09:45,616 [pool-247-thread-1] INFO  segmented.SegmentedRaftLogWorker (SegmentedRaftLogWorker.java:lambda$new$0(128)) - 07cb5bbc-8352-4509-916c-30becd83db4e@group-6C146C812D05-SegmentedRaftLogWorker: flushIndex: setUnconditionally 0 -> -1
2019-10-05 01:09:45,616 [pool-237-thread-1] INFO  segmented.SegmentedRaftLogWorker (SegmentedRaftLogWorker.java:lambda$new$0(128)) - f19346f0-5ca3-4e6f-bfd9-1e67cc451c5e@group-6C146C812D05-SegmentedRaftLogWorker: flushIndex: setUnconditionally 0 -> -1
2019-10-05 01:09:45,616 [pool-247-thread-1] INFO  server.RaftServerConfigKeys (ConfUtils.java:logGet(43)) - raft.server.snapshot.auto.trigger.enabled = true (custom)
2019-10-05 01:09:45,617 [pool-237-thread-1] INFO  server.RaftServerConfigKeys (ConfUtils.java:logGet(43)) - raft.server.snapshot.auto.trigger.enabled = true (custom)
2019-10-05 01:09:45,617 [pool-207-thread-1] INFO  impl.RaftServerImpl (RaftServerImpl.java:start(181)) - e7349651-06e6-4307-8dab-742a146f4cf9@group-6C146C812D05: start as a follower, conf=-1: [e7349651-06e6-4307-8dab-742a146f4cf9:192.168.151.105:46156, 07cb5bbc-8352-4509-916c-30becd83db4e:192.168.151.105:44643, f19346f0-5ca3-4e6f-bfd9-1e67cc451c5e:192.168.151.105:40429], old=null
2019-10-05 01:09:45,617 [pool-247-thread-1] INFO  server.RaftServerConfigKeys (ConfUtils.java:logGet(43)) - raft.server.snapshot.auto.trigger.threshold = 10000 (custom)
2019-10-05 01:09:45,617 [pool-207-thread-1] INFO  impl.RaftServerImpl (RaftServerImpl.java:setRole(170)) - e7349651-06e6-4307-8dab-742a146f4cf9@group-6C146C812D05: changes role from      null to FOLLOWER at term 0 for startAsFollower
2019-10-05 01:09:45,617 [pool-237-thread-1] INFO  server.RaftServerConfigKeys (ConfUtils.java:logGet(43)) - raft.server.snapshot.auto.trigger.threshold = 10000 (custom)
2019-10-05 01:09:45,617 [pool-207-thread-1] INFO  impl.RoleInfo (RoleInfo.java:updateAndGet(143)) - e7349651-06e6-4307-8dab-742a146f4cf9: start FollowerState
2019-10-05 01:09:45,617 [pool-247-thread-1] INFO  server.RaftServerConfigKeys (ConfUtils.java:logGet(43)) - raft.server.snapshot.retention.file.num = 5 (custom)
2019-10-05 01:09:45,617 [pool-237-thread-1] INFO  server.RaftServerConfigKeys (ConfUtils.java:logGet(43)) - raft.server.snapshot.retention.file.num = 5 (custom)
2019-10-05 01:09:45,618 [pool-247-thread-1] INFO  server.RaftServerConfigKeys (ConfUtils.java:logGet(43)) - raft.server.retrycache.expirytime = 600000ms (custom)
2019-10-05 01:09:45,618 [pool-207-thread-1] INFO  util.JmxRegister (JmxRegister.java:tryRegister(44)) - Successfully registered JMX Bean with object name Ratis:service=RaftServer,group=group-6C146C812D05,id=e7349651-06e6-4307-8dab-742a146f4cf9
2019-10-05 01:09:45,618 [pool-237-thread-1] INFO  server.RaftServerConfigKeys (ConfUtils.java:logGet(43)) - raft.server.retrycache.expirytime = 600000ms (custom)
2019-10-05 01:09:45,623 [pool-247-thread-1] INFO  impl.RaftServerImpl (RaftServerImpl.java:start(181)) - 07cb5bbc-8352-4509-916c-30becd83db4e@group-6C146C812D05: start as a follower, conf=-1: [e7349651-06e6-4307-8dab-742a146f4cf9:192.168.151.105:46156, 07cb5bbc-8352-4509-916c-30becd83db4e:192.168.151.105:44643, f19346f0-5ca3-4e6f-bfd9-1e67cc451c5e:192.168.151.105:40429], old=null
2019-10-05 01:09:45,623 [pool-247-thread-1] INFO  impl.RaftServerImpl (RaftServerImpl.java:setRole(170)) - 07cb5bbc-8352-4509-916c-30becd83db4e@group-6C146C812D05: changes role from      null to FOLLOWER at term 0 for startAsFollower
2019-10-05 01:09:45,623 [pool-237-thread-1] INFO  impl.RaftServerImpl (RaftServerImpl.java:start(181)) - f19346f0-5ca3-4e6f-bfd9-1e67cc451c5e@group-6C146C812D05: start as a follower, conf=-1: [e7349651-06e6-4307-8dab-742a146f4cf9:192.168.151.105:46156, 07cb5bbc-8352-4509-916c-30becd83db4e:192.168.151.105:44643, f19346f0-5ca3-4e6f-bfd9-1e67cc451c5e:192.168.151.105:40429], old=null
2019-10-05 01:09:45,623 [pool-247-thread-1] INFO  impl.RoleInfo (RoleInfo.java:updateAndGet(143)) - 07cb5bbc-8352-4509-916c-30becd83db4e: start FollowerState
2019-10-05 01:09:45,623 [pool-237-thread-1] INFO  impl.RaftServerImpl (RaftServerImpl.java:setRole(170)) - f19346f0-5ca3-4e6f-bfd9-1e67cc451c5e@group-6C146C812D05: changes role from      null to FOLLOWER at term 0 for startAsFollower
2019-10-05 01:09:45,623 [pool-237-thread-1] INFO  impl.RoleInfo (RoleInfo.java:updateAndGet(143)) - f19346f0-5ca3-4e6f-bfd9-1e67cc451c5e: start FollowerState
2019-10-05 01:09:45,624 [pool-247-thread-1] INFO  util.JmxRegister (JmxRegister.java:tryRegister(44)) - Successfully registered JMX Bean with object name Ratis:service=RaftServer,group=group-6C146C812D05,id=07cb5bbc-8352-4509-916c-30becd83db4e
2019-10-05 01:09:45,624 [pool-237-thread-1] INFO  util.JmxRegister (JmxRegister.java:tryRegister(44)) - Successfully registered JMX Bean with object name Ratis:service=RaftServer,group=group-6C146C812D05,id=f19346f0-5ca3-4e6f-bfd9-1e67cc451c5e
2019-10-05 01:09:45,640 [RatisPipelineUtilsThread] INFO  pipeline.PipelineStateManager (PipelineStateManager.java:addPipeline(56)) - Created pipeline Pipeline[ Id: 7bab6404-008a-4979-9711-6c146c812d05, Nodes: e7349651-06e6-4307-8dab-742a146f4cf9{ip: 192.168.151.105, host: pr-hdds-1986-f466r-3473100931, networkLocation: /default-rack, certSerialId: null}07cb5bbc-8352-4509-916c-30becd83db4e{ip: 192.168.151.105, host: pr-hdds-1986-f466r-3473100931, networkLocation: /default-rack, certSerialId: null}f19346f0-5ca3-4e6f-bfd9-1e67cc451c5e{ip: 192.168.151.105, host: pr-hdds-1986-f466r-3473100931, networkLocation: /default-rack, certSerialId: null}, Type:RATIS, Factor:THREE, State:OPEN]
2019-10-05 01:09:45,666 [grpc-default-executor-4] INFO  impl.RaftServerProxy (RaftServerProxy.java:addNew(89)) - dd7c482c-1b2f-4af4-92b2-62b6d1a2f033: addNew group-5EED5E665DC5:[3019d9cd-f4df-4c53-b2e3-9f2effc4d01b:192.168.151.105:44772, deb9e9c6-ff8a-43e6-ae0e-0cc48bd6aa91:192.168.151.105:35280, dd7c482c-1b2f-4af4-92b2-62b6d1a2f033:192.168.151.105:41204] returns group-5EED5E665DC5:java.util.concurrent.CompletableFuture@744781af[Not completed]
2019-10-05 01:09:45,666 [grpc-default-executor-2] INFO  impl.RaftServerProxy (RaftServerProxy.java:addNew(89)) - deb9e9c6-ff8a-43e6-ae0e-0cc48bd6aa91: addNew group-5EED5E665DC5:[3019d9cd-f4df-4c53-b2e3-9f2effc4d01b:192.168.151.105:44772, deb9e9c6-ff8a-43e6-ae0e-0cc48bd6aa91:192.168.151.105:35280, dd7c482c-1b2f-4af4-92b2-62b6d1a2f033:192.168.151.105:41204] returns group-5EED5E665DC5:java.util.concurrent.CompletableFuture@78c26330[Not completed]
2019-10-05 01:09:45,669 [grpc-default-executor-3] INFO  impl.RaftServerProxy (RaftServerProxy.java:addNew(89)) - 3019d9cd-f4df-4c53-b2e3-9f2effc4d01b: addNew group-5EED5E665DC5:[3019d9cd-f4df-4c53-b2e3-9f2effc4d01b:192.168.151.105:44772, deb9e9c6-ff8a-43e6-ae0e-0cc48bd6aa91:192.168.151.105:35280, dd7c482c-1b2f-4af4-92b2-62b6d1a2f033:192.168.151.105:41204] returns group-5EED5E665DC5:java.util.concurrent.CompletableFuture@770de68b[Not completed]
2019-10-05 01:09:45,670 [pool-217-thread-1] INFO  impl.RaftServerImpl (RaftServerImpl.java:<init>(95)) - dd7c482c-1b2f-4af4-92b2-62b6d1a2f033: new RaftServerImpl for group-5EED5E665DC5:[3019d9cd-f4df-4c53-b2e3-9f2effc4d01b:192.168.151.105:44772, deb9e9c6-ff8a-43e6-ae0e-0cc48bd6aa91:192.168.151.105:35280, dd7c482c-1b2f-4af4-92b2-62b6d1a2f033:192.168.151.105:41204] with ContainerStateMachine:uninitialized
2019-10-05 01:09:45,670 [pool-217-thread-1] INFO  server.RaftServerConfigKeys (ConfUtils.java:logGet(43)) - raft.server.rpc.timeout.min = 5s (custom)
2019-10-05 01:09:45,670 [pool-217-thread-1] INFO  server.RaftServerConfigKeys (ConfUtils.java:logGet(43)) - raft.server.rpc.timeout.max = 5200ms (custom)
2019-10-05 01:09:45,670 [pool-217-thread-1] INFO  server.RaftServerConfigKeys (ConfUtils.java:logGet(43)) - raft.server.rpcslowness.timeout = 120s (custom)
2019-10-05 01:09:45,670 [pool-217-thread-1] INFO  server.RaftServerConfigKeys (ConfUtils.java:logGet(43)) - raft.server.sleep.deviation.threshold = 300 (default)
2019-10-05 01:09:45,670 [pool-257-thread-1] INFO  impl.RaftServerImpl (RaftServerImpl.java:<init>(95)) - 3019d9cd-f4df-4c53-b2e3-9f2effc4d01b: new RaftServerImpl for group-5EED5E665DC5:[3019d9cd-f4df-4c53-b2e3-9f2effc4d01b:192.168.151.105:44772, deb9e9c6-ff8a-43e6-ae0e-0cc48bd6aa91:192.168.151.105:35280, dd7c482c-1b2f-4af4-92b2-62b6d1a2f033:192.168.151.105:41204] with ContainerStateMachine:uninitialized
2019-10-05 01:09:45,671 [pool-217-thread-1] INFO  server.RaftServerConfigKeys (ConfUtils.java:logGet(43)) - raft.server.log.appender.install.snapshot.enabled = false (custom)
2019-10-05 01:09:45,671 [pool-257-thread-1] INFO  server.RaftServerConfigKeys (ConfUtils.java:logGet(43)) - raft.server.rpc.timeout.min = 5s (custom)
2019-10-05 01:09:45,671 [pool-217-thread-1] INFO  impl.RaftServerImpl (ServerState.java:<init>(103)) - dd7c482c-1b2f-4af4-92b2-62b6d1a2f033@group-5EED5E665DC5: ConfigurationManager, init=-1: [3019d9cd-f4df-4c53-b2e3-9f2effc4d01b:192.168.151.105:44772, deb9e9c6-ff8a-43e6-ae0e-0cc48bd6aa91:192.168.151.105:35280, dd7c482c-1b2f-4af4-92b2-62b6d1a2f033:192.168.151.105:41204], old=null, confs=<EMPTY_MAP>
2019-10-05 01:09:45,671 [pool-257-thread-1] INFO  server.RaftServerConfigKeys (ConfUtils.java:logGet(43)) - raft.server.rpc.timeout.max = 5200ms (custom)
2019-10-05 01:09:45,671 [pool-217-thread-1] INFO  server.RaftServerConfigKeys (ConfUtils.java:logGet(43)) - raft.server.storage.dir = [/workdir/hadoop-ozone/integration-test/target/test-dir/MiniOzoneClusterImpl-aae8a5e2-5455-4700-bcf4-486adb770533/datanode-1/data/ratis] (custom)
2019-10-05 01:09:45,671 [pool-257-thread-1] INFO  server.RaftServerConfigKeys (ConfUtils.java:logGet(43)) - raft.server.rpcslowness.timeout = 120s (custom)
2019-10-05 01:09:45,672 [pool-217-thread-1] INFO  server.RaftServerConfigKeys (ConfUtils.java:logGet(43)) - raft.server.log.corruption.policy = EXCEPTION (default)
2019-10-05 01:09:45,672 [pool-257-thread-1] INFO  server.RaftServerConfigKeys (ConfUtils.java:logGet(43)) - raft.server.sleep.deviation.threshold = 300 (default)
2019-10-05 01:09:45,672 [pool-217-thread-1] INFO  storage.RaftStorageDirectory (RaftStorageDirectory.java:analyzeStorage(246)) - The storage directory /workdir/hadoop-ozone/integration-test/target/test-dir/MiniOzoneClusterImpl-aae8a5e2-5455-4700-bcf4-486adb770533/datanode-1/data/ratis/93949fe6-7ed4-4daa-bb60-5eed5e665dc5 does not exist. Creating ...
2019-10-05 01:09:45,672 [pool-267-thread-1] INFO  impl.RaftServerImpl (RaftServerImpl.java:<init>(95)) - deb9e9c6-ff8a-43e6-ae0e-0cc48bd6aa91: new RaftServerImpl for group-5EED5E665DC5:[3019d9cd-f4df-4c53-b2e3-9f2effc4d01b:192.168.151.105:44772, deb9e9c6-ff8a-43e6-ae0e-0cc48bd6aa91:192.168.151.105:35280, dd7c482c-1b2f-4af4-92b2-62b6d1a2f033:192.168.151.105:41204] with ContainerStateMachine:uninitialized
2019-10-05 01:09:45,672 [pool-257-thread-1] INFO  server.RaftServerConfigKeys (ConfUtils.java:logGet(43)) - raft.server.log.appender.install.snapshot.enabled = false (custom)
2019-10-05 01:09:45,672 [pool-267-thread-1] INFO  server.RaftServerConfigKeys (ConfUtils.java:logGet(43)) - raft.server.rpc.timeout.min = 5s (custom)
2019-10-05 01:09:45,672 [pool-257-thread-1] INFO  impl.RaftServerImpl (ServerState.java:<init>(103)) - 3019d9cd-f4df-4c53-b2e3-9f2effc4d01b@group-5EED5E665DC5: ConfigurationManager, init=-1: [3019d9cd-f4df-4c53-b2e3-9f2effc4d01b:192.168.151.105:44772, deb9e9c6-ff8a-43e6-ae0e-0cc48bd6aa91:192.168.151.105:35280, dd7c482c-1b2f-4af4-92b2-62b6d1a2f033:192.168.151.105:41204], old=null, confs=<EMPTY_MAP>
2019-10-05 01:09:45,673 [pool-267-thread-1] INFO  server.RaftServerConfigKeys (ConfUtils.java:logGet(43)) - raft.server.rpc.timeout.max = 5200ms (custom)
2019-10-05 01:09:45,673 [pool-257-thread-1] INFO  server.RaftServerConfigKeys (ConfUtils.java:logGet(43)) - raft.server.storage.dir = [/workdir/hadoop-ozone/integration-test/target/test-dir/MiniOzoneClusterImpl-aae8a5e2-5455-4700-bcf4-486adb770533/datanode-5/data/ratis] (custom)
2019-10-05 01:09:45,673 [pool-267-thread-1] INFO  server.RaftServerConfigKeys (ConfUtils.java:logGet(43)) - raft.server.rpcslowness.timeout = 120s (custom)
2019-10-05 01:09:45,673 [pool-267-thread-1] INFO  server.RaftServerConfigKeys (ConfUtils.java:logGet(43)) - raft.server.sleep.deviation.threshold = 300 (default)
2019-10-05 01:09:45,673 [pool-257-thread-1] INFO  server.RaftServerConfigKeys (ConfUtils.java:logGet(43)) - raft.server.log.corruption.policy = EXCEPTION (default)
2019-10-05 01:09:45,673 [pool-267-thread-1] INFO  server.RaftServerConfigKeys (ConfUtils.java:logGet(43)) - raft.server.log.appender.install.snapshot.enabled = false (custom)
2019-10-05 01:09:45,673 [pool-257-thread-1] INFO  storage.RaftStorageDirectory (RaftStorageDirectory.java:analyzeStorage(246)) - The storage directory /workdir/hadoop-ozone/integration-test/target/test-dir/MiniOzoneClusterImpl-aae8a5e2-5455-4700-bcf4-486adb770533/datanode-5/data/ratis/93949fe6-7ed4-4daa-bb60-5eed5e665dc5 does not exist. Creating ...
2019-10-05 01:09:45,673 [pool-267-thread-1] INFO  impl.RaftServerImpl (ServerState.java:<init>(103)) - deb9e9c6-ff8a-43e6-ae0e-0cc48bd6aa91@group-5EED5E665DC5: ConfigurationManager, init=-1: [3019d9cd-f4df-4c53-b2e3-9f2effc4d01b:192.168.151.105:44772, deb9e9c6-ff8a-43e6-ae0e-0cc48bd6aa91:192.168.151.105:35280, dd7c482c-1b2f-4af4-92b2-62b6d1a2f033:192.168.151.105:41204], old=null, confs=<EMPTY_MAP>
2019-10-05 01:09:45,674 [pool-267-thread-1] INFO  server.RaftServerConfigKeys (ConfUtils.java:logGet(43)) - raft.server.storage.dir = [/workdir/hadoop-ozone/integration-test/target/test-dir/MiniOzoneClusterImpl-aae8a5e2-5455-4700-bcf4-486adb770533/datanode-6/data/ratis] (custom)
2019-10-05 01:09:45,674 [pool-267-thread-1] INFO  server.RaftServerConfigKeys (ConfUtils.java:logGet(43)) - raft.server.log.corruption.policy = EXCEPTION (default)
2019-10-05 01:09:45,674 [pool-267-thread-1] INFO  storage.RaftStorageDirectory (RaftStorageDirectory.java:analyzeStorage(246)) - The storage directory /workdir/hadoop-ozone/integration-test/target/test-dir/MiniOzoneClusterImpl-aae8a5e2-5455-4700-bcf4-486adb770533/datanode-6/data/ratis/93949fe6-7ed4-4daa-bb60-5eed5e665dc5 does not exist. Creating ...
2019-10-05 01:09:45,685 [pool-267-thread-1] INFO  storage.RaftStorageDirectory (RaftStorageDirectory.java:tryLock(328)) - Lock on /workdir/hadoop-ozone/integration-test/target/test-dir/MiniOzoneClusterImpl-aae8a5e2-5455-4700-bcf4-486adb770533/datanode-6/data/ratis/93949fe6-7ed4-4daa-bb60-5eed5e665dc5/in_use.lock acquired by nodename 25491@pr-hdds-1986-f466r-3473100931
2019-10-05 01:09:45,685 [pool-257-thread-1] INFO  storage.RaftStorageDirectory (RaftStorageDirectory.java:tryLock(328)) - Lock on /workdir/hadoop-ozone/integration-test/target/test-dir/MiniOzoneClusterImpl-aae8a5e2-5455-4700-bcf4-486adb770533/datanode-5/data/ratis/93949fe6-7ed4-4daa-bb60-5eed5e665dc5/in_use.lock acquired by nodename 25491@pr-hdds-1986-f466r-3473100931
2019-10-05 01:09:45,685 [pool-217-thread-1] INFO  storage.RaftStorageDirectory (RaftStorageDirectory.java:tryLock(328)) - Lock on /workdir/hadoop-ozone/integration-test/target/test-dir/MiniOzoneClusterImpl-aae8a5e2-5455-4700-bcf4-486adb770533/datanode-1/data/ratis/93949fe6-7ed4-4daa-bb60-5eed5e665dc5/in_use.lock acquired by nodename 25491@pr-hdds-1986-f466r-3473100931
2019-10-05 01:09:45,707 [pool-257-thread-1] INFO  storage.RaftStorage (RaftStorage.java:format(84)) - Storage directory /workdir/hadoop-ozone/integration-test/target/test-dir/MiniOzoneClusterImpl-aae8a5e2-5455-4700-bcf4-486adb770533/datanode-5/data/ratis/93949fe6-7ed4-4daa-bb60-5eed5e665dc5 has been successfully formatted.
2019-10-05 01:09:45,707 [pool-217-thread-1] INFO  storage.RaftStorage (RaftStorage.java:format(84)) - Storage directory /workdir/hadoop-ozone/integration-test/target/test-dir/MiniOzoneClusterImpl-aae8a5e2-5455-4700-bcf4-486adb770533/datanode-1/data/ratis/93949fe6-7ed4-4daa-bb60-5eed5e665dc5 has been successfully formatted.
2019-10-05 01:09:45,707 [pool-257-thread-1] INFO  ratis.ContainerStateMachine (ContainerStateMachine.java:loadSnapshot(230)) - group-5EED5E665DC5: The snapshot info is null. Setting the last applied indexto:(t:0, i:~)
2019-10-05 01:09:45,707 [pool-267-thread-1] INFO  storage.RaftStorage (RaftStorage.java:format(84)) - Storage directory /workdir/hadoop-ozone/integration-test/target/test-dir/MiniOzoneClusterImpl-aae8a5e2-5455-4700-bcf4-486adb770533/datanode-6/data/ratis/93949fe6-7ed4-4daa-bb60-5eed5e665dc5 has been successfully formatted.
2019-10-05 01:09:45,708 [pool-257-thread-1] INFO  server.RaftServerConfigKeys (ConfUtils.java:logGet(43)) - raft.server.notification.no-leader.timeout = 120s (custom)
2019-10-05 01:09:45,708 [pool-217-thread-1] INFO  ratis.ContainerStateMachine (ContainerStateMachine.java:loadSnapshot(230)) - group-5EED5E665DC5: The snapshot info is null. Setting the last applied indexto:(t:0, i:~)
2019-10-05 01:09:45,708 [pool-257-thread-1] INFO  server.RaftServerConfigKeys (ConfUtils.java:logGet(43)) - raft.server.log.use.memory = false (default)
2019-10-05 01:09:45,708 [pool-267-thread-1] INFO  ratis.ContainerStateMachine (ContainerStateMachine.java:loadSnapshot(230)) - group-5EED5E665DC5: The snapshot info is null. Setting the last applied indexto:(t:0, i:~)
2019-10-05 01:09:45,708 [pool-257-thread-1] INFO  server.RaftServerConfigKeys (ConfUtils.java:logGet(43)) - raft.server.log.purge.gap = 1000000 (custom)
2019-10-05 01:09:45,708 [pool-217-thread-1] INFO  server.RaftServerConfigKeys (ConfUtils.java:logGet(43)) - raft.server.notification.no-leader.timeout = 120s (custom)
2019-10-05 01:09:45,708 [pool-257-thread-1] INFO  server.RaftServerConfigKeys (ConfUtils.java:logGet(43)) - raft.server.log.appender.buffer.byte-limit = 33554432 (custom)
2019-10-05 01:09:45,708 [pool-267-thread-1] INFO  server.RaftServerConfigKeys (ConfUtils.java:logGet(43)) - raft.server.notification.no-leader.timeout = 120s (custom)
2019-10-05 01:09:45,709 [pool-257-thread-1] INFO  server.RaftServerConfigKeys (ConfUtils.java:logGet(43)) - raft.server.log.segment.size.max = 1048576 (custom)
2019-10-05 01:09:45,709 [pool-217-thread-1] INFO  server.RaftServerConfigKeys (ConfUtils.java:logGet(43)) - raft.server.log.use.memory = false (default)
2019-10-05 01:09:45,709 [pool-257-thread-1] INFO  server.RaftServerConfigKeys (ConfUtils.java:logGet(43)) - raft.server.log.segment.cache.num.max = 2 (custom)
2019-10-05 01:09:45,709 [pool-267-thread-1] INFO  server.RaftServerConfigKeys (ConfUtils.java:logGet(43)) - raft.server.log.use.memory = false (default)
2019-10-05 01:09:45,709 [pool-257-thread-1] INFO  segmented.SegmentedRaftLogWorker (SegmentedRaftLogWorker.java:<init>(173)) - new 3019d9cd-f4df-4c53-b2e3-9f2effc4d01b@group-5EED5E665DC5-SegmentedRaftLogWorker for RaftStorage:Storage Directory /workdir/hadoop-ozone/integration-test/target/test-dir/MiniOzoneClusterImpl-aae8a5e2-5455-4700-bcf4-486adb770533/datanode-5/data/ratis/93949fe6-7ed4-4daa-bb60-5eed5e665dc5
2019-10-05 01:09:45,709 [pool-217-thread-1] INFO  server.RaftServerConfigKeys (ConfUtils.java:logGet(43)) - raft.server.log.purge.gap = 1000000 (custom)
2019-10-05 01:09:45,710 [pool-257-thread-1] INFO  server.RaftServerConfigKeys (ConfUtils.java:logGet(43)) - raft.server.log.queue.byte-limit = 2147483647 (custom)
2019-10-05 01:09:45,709 [pool-267-thread-1] INFO  server.RaftServerConfigKeys (ConfUtils.java:logGet(43)) - raft.server.log.purge.gap = 1000000 (custom)
2019-10-05 01:09:45,710 [pool-257-thread-1] INFO  server.RaftServerConfigKeys (ConfUtils.java:logGet(43)) - raft.server.log.queue.element-limit = 1024 (custom)
2019-10-05 01:09:45,710 [pool-217-thread-1] INFO  server.RaftServerConfigKeys (ConfUtils.java:logGet(43)) - raft.server.log.appender.buffer.byte-limit = 33554432 (custom)
2019-10-05 01:09:45,710 [pool-257-thread-1] INFO  server.RaftServerConfigKeys (ConfUtils.java:logGet(43)) - raft.server.log.segment.size.max = 1048576 (custom)
2019-10-05 01:09:45,710 [pool-267-thread-1] INFO  server.RaftServerConfigKeys (ConfUtils.java:logGet(43)) - raft.server.log.appender.buffer.byte-limit = 33554432 (custom)
2019-10-05 01:09:45,710 [pool-257-thread-1] INFO  server.RaftServerConfigKeys (ConfUtils.java:logGet(43)) - raft.server.log.preallocated.size = 16384 (custom)
2019-10-05 01:09:45,710 [pool-217-thread-1] INFO  server.RaftServerConfigKeys (ConfUtils.java:logGet(43)) - raft.server.log.segment.size.max = 1048576 (custom)
2019-10-05 01:09:45,711 [pool-257-thread-1] INFO  server.RaftServerConfigKeys (ConfUtils.java:logGet(43)) - raft.server.log.write.buffer.size = 33554432 (custom)
2019-10-05 01:09:45,711 [pool-267-thread-1] INFO  server.RaftServerConfigKeys (ConfUtils.java:logGet(43)) - raft.server.log.segment.size.max = 1048576 (custom)
2019-10-05 01:09:45,711 [pool-257-thread-1] INFO  server.RaftServerConfigKeys (ConfUtils.java:logGet(43)) - raft.server.log.force.sync.num = 128 (default)
2019-10-05 01:09:45,711 [pool-217-thread-1] INFO  server.RaftServerConfigKeys (ConfUtils.java:logGet(43)) - raft.server.log.segment.cache.num.max = 2 (custom)
2019-10-05 01:09:45,711 [pool-257-thread-1] INFO  server.RaftServerConfigKeys (ConfUtils.java:logGet(43)) - raft.server.log.statemachine.data.sync = true (default)
2019-10-05 01:09:45,711 [pool-267-thread-1] INFO  server.RaftServerConfigKeys (ConfUtils.java:logGet(43)) - raft.server.log.segment.cache.num.max = 2 (custom)
2019-10-05 01:09:45,712 [pool-257-thread-1] INFO  server.RaftServerConfigKeys (ConfUtils.java:logGet(43)) - raft.server.log.statemachine.data.sync.timeout = 10s (default)
2019-10-05 01:09:45,711 [pool-217-thread-1] INFO  segmented.SegmentedRaftLogWorker (SegmentedRaftLogWorker.java:<init>(173)) - new dd7c482c-1b2f-4af4-92b2-62b6d1a2f033@group-5EED5E665DC5-SegmentedRaftLogWorker for RaftStorage:Storage Directory /workdir/hadoop-ozone/integration-test/target/test-dir/MiniOzoneClusterImpl-aae8a5e2-5455-4700-bcf4-486adb770533/datanode-1/data/ratis/93949fe6-7ed4-4daa-bb60-5eed5e665dc5
2019-10-05 01:09:45,712 [pool-257-thread-1] INFO  server.RaftServerConfigKeys (ConfUtils.java:logGet(43)) - raft.server.log.statemachine.data.sync.timeout.retry = -1 (default)
2019-10-05 01:09:45,712 [pool-267-thread-1] INFO  segmented.SegmentedRaftLogWorker (SegmentedRaftLogWorker.java:<init>(173)) - new deb9e9c6-ff8a-43e6-ae0e-0cc48bd6aa91@group-5EED5E665DC5-SegmentedRaftLogWorker for RaftStorage:Storage Directory /workdir/hadoop-ozone/integration-test/target/test-dir/MiniOzoneClusterImpl-aae8a5e2-5455-4700-bcf4-486adb770533/datanode-6/data/ratis/93949fe6-7ed4-4daa-bb60-5eed5e665dc5
2019-10-05 01:09:45,712 [pool-257-thread-1] INFO  server.RaftServerConfigKeys (ConfUtils.java:logGet(43)) - raft.server.log.statemachine.data.caching.enabled = true (custom)
2019-10-05 01:09:45,712 [pool-217-thread-1] INFO  server.RaftServerConfigKeys (ConfUtils.java:logGet(43)) - raft.server.log.queue.byte-limit = 2147483647 (custom)
2019-10-05 01:09:45,712 [pool-267-thread-1] INFO  server.RaftServerConfigKeys (ConfUtils.java:logGet(43)) - raft.server.log.queue.byte-limit = 2147483647 (custom)
2019-10-05 01:09:45,712 [pool-217-thread-1] INFO  server.RaftServerConfigKeys (ConfUtils.java:logGet(43)) - raft.server.log.queue.element-limit = 1024 (custom)
2019-10-05 01:09:45,713 [pool-257-thread-1] INFO  segmented.SegmentedRaftLogWorker (SegmentedRaftLogWorker.java:lambda$new$0(128)) - 3019d9cd-f4df-4c53-b2e3-9f2effc4d01b@group-5EED5E665DC5-SegmentedRaftLogWorker: flushIndex: setUnconditionally 0 -> -1
2019-10-05 01:09:45,713 [pool-267-thread-1] INFO  server.RaftServerConfigKeys (ConfUtils.java:logGet(43)) - raft.server.log.queue.element-limit = 1024 (custom)
2019-10-05 01:09:45,713 [pool-217-thread-1] INFO  server.RaftServerConfigKeys (ConfUtils.java:logGet(43)) - raft.server.log.segment.size.max = 1048576 (custom)
2019-10-05 01:09:45,713 [pool-257-thread-1] INFO  server.RaftServerConfigKeys (ConfUtils.java:logGet(43)) - raft.server.snapshot.auto.trigger.enabled = true (custom)
2019-10-05 01:09:45,713 [pool-267-thread-1] INFO  server.RaftServerConfigKeys (ConfUtils.java:logGet(43)) - raft.server.log.segment.size.max = 1048576 (custom)
2019-10-05 01:09:45,713 [pool-257-thread-1] INFO  server.RaftServerConfigKeys (ConfUtils.java:logGet(43)) - raft.server.snapshot.auto.trigger.threshold = 10000 (custom)
2019-10-05 01:09:45,713 [pool-217-thread-1] INFO  server.RaftServerConfigKeys (ConfUtils.java:logGet(43)) - raft.server.log.preallocated.size = 16384 (custom)
2019-10-05 01:09:45,714 [pool-257-thread-1] INFO  server.RaftServerConfigKeys (ConfUtils.java:logGet(43)) - raft.server.snapshot.retention.file.num = 5 (custom)
2019-10-05 01:09:45,713 [pool-267-thread-1] INFO  server.RaftServerConfigKeys (ConfUtils.java:logGet(43)) - raft.server.log.preallocated.size = 16384 (custom)
2019-10-05 01:09:45,714 [pool-257-thread-1] INFO  server.RaftServerConfigKeys (ConfUtils.java:logGet(43)) - raft.server.retrycache.expirytime = 600000ms (custom)
2019-10-05 01:09:45,714 [pool-217-thread-1] INFO  server.RaftServerConfigKeys (ConfUtils.java:logGet(43)) - raft.server.log.write.buffer.size = 33554432 (custom)
2019-10-05 01:09:45,714 [pool-267-thread-1] INFO  server.RaftServerConfigKeys (ConfUtils.java:logGet(43)) - raft.server.log.write.buffer.size = 33554432 (custom)
2019-10-05 01:09:45,714 [pool-217-thread-1] INFO  server.RaftServerConfigKeys (ConfUtils.java:logGet(43)) - raft.server.log.force.sync.num = 128 (default)
2019-10-05 01:09:45,714 [pool-267-thread-1] INFO  server.RaftServerConfigKeys (ConfUtils.java:logGet(43)) - raft.server.log.force.sync.num = 128 (default)
2019-10-05 01:09:45,714 [pool-217-thread-1] INFO  server.RaftServerConfigKeys (ConfUtils.java:logGet(43)) - raft.server.log.statemachine.data.sync = true (default)
2019-10-05 01:09:45,715 [pool-267-thread-1] INFO  server.RaftServerConfigKeys (ConfUtils.java:logGet(43)) - raft.server.log.statemachine.data.sync = true (default)
2019-10-05 01:09:45,715 [pool-217-thread-1] INFO  server.RaftServerConfigKeys (ConfUtils.java:logGet(43)) - raft.server.log.statemachine.data.sync.timeout = 10s (default)
2019-10-05 01:09:45,715 [pool-267-thread-1] INFO  server.RaftServerConfigKeys (ConfUtils.java:logGet(43)) - raft.server.log.statemachine.data.sync.timeout = 10s (default)
2019-10-05 01:09:45,715 [pool-217-thread-1] INFO  server.RaftServerConfigKeys (ConfUtils.java:logGet(43)) - raft.server.log.statemachine.data.sync.timeout.retry = -1 (default)
2019-10-05 01:09:45,715 [pool-267-thread-1] INFO  server.RaftServerConfigKeys (ConfUtils.java:logGet(43)) - raft.server.log.statemachine.data.sync.timeout.retry = -1 (default)
2019-10-05 01:09:45,715 [pool-217-thread-1] INFO  server.RaftServerConfigKeys (ConfUtils.java:logGet(43)) - raft.server.log.statemachine.data.caching.enabled = true (custom)
2019-10-05 01:09:45,715 [pool-267-thread-1] INFO  server.RaftServerConfigKeys (ConfUtils.java:logGet(43)) - raft.server.log.statemachine.data.caching.enabled = true (custom)
2019-10-05 01:09:45,716 [pool-217-thread-1] INFO  segmented.SegmentedRaftLogWorker (SegmentedRaftLogWorker.java:lambda$new$0(128)) - dd7c482c-1b2f-4af4-92b2-62b6d1a2f033@group-5EED5E665DC5-SegmentedRaftLogWorker: flushIndex: setUnconditionally 0 -> -1
2019-10-05 01:09:45,716 [pool-267-thread-1] INFO  segmented.SegmentedRaftLogWorker (SegmentedRaftLogWorker.java:lambda$new$0(128)) - deb9e9c6-ff8a-43e6-ae0e-0cc48bd6aa91@group-5EED5E665DC5-SegmentedRaftLogWorker: flushIndex: setUnconditionally 0 -> -1
2019-10-05 01:09:45,716 [pool-217-thread-1] INFO  server.RaftServerConfigKeys (ConfUtils.java:logGet(43)) - raft.server.snapshot.auto.trigger.enabled = true (custom)
2019-10-05 01:09:45,716 [pool-217-thread-1] INFO  server.RaftServerConfigKeys (ConfUtils.java:logGet(43)) - raft.server.snapshot.auto.trigger.threshold = 10000 (custom)
2019-10-05 01:09:45,716 [pool-267-thread-1] INFO  server.RaftServerConfigKeys (ConfUtils.java:logGet(43)) - raft.server.snapshot.auto.trigger.enabled = true (custom)
2019-10-05 01:09:45,716 [pool-257-thread-1] INFO  impl.RaftServerImpl (RaftServerImpl.java:start(181)) - 3019d9cd-f4df-4c53-b2e3-9f2effc4d01b@group-5EED5E665DC5: start as a follower, conf=-1: [3019d9cd-f4df-4c53-b2e3-9f2effc4d01b:192.168.151.105:44772, deb9e9c6-ff8a-43e6-ae0e-0cc48bd6aa91:192.168.151.105:35280, dd7c482c-1b2f-4af4-92b2-62b6d1a2f033:192.168.151.105:41204], old=null
2019-10-05 01:09:45,716 [pool-267-thread-1] INFO  server.RaftServerConfigKeys (ConfUtils.java:logGet(43)) - raft.server.snapshot.auto.trigger.threshold = 10000 (custom)
2019-10-05 01:09:45,716 [pool-217-thread-1] INFO  server.RaftServerConfigKeys (ConfUtils.java:logGet(43)) - raft.server.snapshot.retention.file.num = 5 (custom)
2019-10-05 01:09:45,717 [pool-267-thread-1] INFO  server.RaftServerConfigKeys (ConfUtils.java:logGet(43)) - raft.server.snapshot.retention.file.num = 5 (custom)
2019-10-05 01:09:45,717 [pool-257-thread-1] INFO  impl.RaftServerImpl (RaftServerImpl.java:setRole(170)) - 3019d9cd-f4df-4c53-b2e3-9f2effc4d01b@group-5EED5E665DC5: changes role from      null to FOLLOWER at term 0 for startAsFollower
2019-10-05 01:09:45,717 [pool-267-thread-1] INFO  server.RaftServerConfigKeys (ConfUtils.java:logGet(43)) - raft.server.retrycache.expirytime = 600000ms (custom)
2019-10-05 01:09:45,717 [pool-217-thread-1] INFO  server.RaftServerConfigKeys (ConfUtils.java:logGet(43)) - raft.server.retrycache.expirytime = 600000ms (custom)
2019-10-05 01:09:45,717 [pool-257-thread-1] INFO  impl.RoleInfo (RoleInfo.java:updateAndGet(143)) - 3019d9cd-f4df-4c53-b2e3-9f2effc4d01b: start FollowerState
2019-10-05 01:09:45,718 [pool-257-thread-1] INFO  util.JmxRegister (JmxRegister.java:tryRegister(44)) - Successfully registered JMX Bean with object name Ratis:service=RaftServer,group=group-5EED5E665DC5,id=3019d9cd-f4df-4c53-b2e3-9f2effc4d01b
2019-10-05 01:09:45,721 [pool-217-thread-1] INFO  impl.RaftServerImpl (RaftServerImpl.java:start(181)) - dd7c482c-1b2f-4af4-92b2-62b6d1a2f033@group-5EED5E665DC5: start as a follower, conf=-1: [3019d9cd-f4df-4c53-b2e3-9f2effc4d01b:192.168.151.105:44772, deb9e9c6-ff8a-43e6-ae0e-0cc48bd6aa91:192.168.151.105:35280, dd7c482c-1b2f-4af4-92b2-62b6d1a2f033:192.168.151.105:41204], old=null
2019-10-05 01:09:45,721 [pool-217-thread-1] INFO  impl.RaftServerImpl (RaftServerImpl.java:setRole(170)) - dd7c482c-1b2f-4af4-92b2-62b6d1a2f033@group-5EED5E665DC5: changes role from      null to FOLLOWER at term 0 for startAsFollower
2019-10-05 01:09:45,721 [pool-217-thread-1] INFO  impl.RoleInfo (RoleInfo.java:updateAndGet(143)) - dd7c482c-1b2f-4af4-92b2-62b6d1a2f033: start FollowerState
2019-10-05 01:09:45,722 [pool-217-thread-1] INFO  util.JmxRegister (JmxRegister.java:tryRegister(44)) - Successfully registered JMX Bean with object name Ratis:service=RaftServer,group=group-5EED5E665DC5,id=dd7c482c-1b2f-4af4-92b2-62b6d1a2f033
2019-10-05 01:09:45,722 [pool-267-thread-1] INFO  impl.RaftServerImpl (RaftServerImpl.java:start(181)) - deb9e9c6-ff8a-43e6-ae0e-0cc48bd6aa91@group-5EED5E665DC5: start as a follower, conf=-1: [3019d9cd-f4df-4c53-b2e3-9f2effc4d01b:192.168.151.105:44772, deb9e9c6-ff8a-43e6-ae0e-0cc48bd6aa91:192.168.151.105:35280, dd7c482c-1b2f-4af4-92b2-62b6d1a2f033:192.168.151.105:41204], old=null
2019-10-05 01:09:45,722 [pool-267-thread-1] INFO  impl.RaftServerImpl (RaftServerImpl.java:setRole(170)) - deb9e9c6-ff8a-43e6-ae0e-0cc48bd6aa91@group-5EED5E665DC5: changes role from      null to FOLLOWER at term 0 for startAsFollower
2019-10-05 01:09:45,722 [pool-267-thread-1] INFO  impl.RoleInfo (RoleInfo.java:updateAndGet(143)) - deb9e9c6-ff8a-43e6-ae0e-0cc48bd6aa91: start FollowerState
2019-10-05 01:09:45,723 [pool-267-thread-1] INFO  util.JmxRegister (JmxRegister.java:tryRegister(44)) - Successfully registered JMX Bean with object name Ratis:service=RaftServer,group=group-5EED5E665DC5,id=deb9e9c6-ff8a-43e6-ae0e-0cc48bd6aa91
2019-10-05 01:09:45,737 [RatisPipelineUtilsThread] INFO  pipeline.PipelineStateManager (PipelineStateManager.java:addPipeline(56)) - Created pipeline Pipeline[ Id: 93949fe6-7ed4-4daa-bb60-5eed5e665dc5, Nodes: 3019d9cd-f4df-4c53-b2e3-9f2effc4d01b{ip: 192.168.151.105, host: pr-hdds-1986-f466r-3473100931, networkLocation: /default-rack, certSerialId: null}dd7c482c-1b2f-4af4-92b2-62b6d1a2f033{ip: 192.168.151.105, host: pr-hdds-1986-f466r-3473100931, networkLocation: /default-rack, certSerialId: null}deb9e9c6-ff8a-43e6-ae0e-0cc48bd6aa91{ip: 192.168.151.105, host: pr-hdds-1986-f466r-3473100931, networkLocation: /default-rack, certSerialId: null}, Type:RATIS, Factor:THREE, State:OPEN]
2019-10-05 01:09:46,484 [main] INFO  ozone.MiniOzoneClusterImpl (MiniOzoneClusterImpl.java:lambda$waitForClusterToBeReady$0(147)) - Cluster is ready. Got 7 of 7 DN Heartbeats.
2019-10-05 01:09:46,538 [main] INFO  rpc.RpcClient (RpcClient.java:createVolume(277)) - Creating Volume: watchforcommithandlingtest, with jenkins1000 as owner.
2019-10-05 01:09:46,543 [IPC Server handler 2 on 39551] INFO  volume.OMVolumeCreateRequest (OMVolumeCreateRequest.java:validateAndUpdateCache(193)) - created volume:watchforcommithandlingtest for user:jenkins1000
2019-10-05 01:09:46,564 [main] INFO  rpc.RpcClient (RpcClient.java:createBucket(416)) - Creating Bucket: watchforcommithandlingtest/watchforcommithandlingtest, with Versioning false and Storage Type set to DISK and Encryption set to false 
2019-10-05 01:09:46,568 [main] INFO  ozone.MiniOzoneClusterImpl (MiniOzoneClusterImpl.java:getStorageContainerLocationClient(234)) - Creating StorageContainerLocationProtocol RPC client with address /0.0.0.0:44308
2019-10-05 01:09:48,118 [Thread-1422] INFO  container.ReplicationManager (ReplicationManager.java:start(162)) - Starting Replication Monitor Thread.
2019-10-05 01:09:48,122 [ReplicationMonitor] INFO  container.ReplicationManager (ReplicationManager.java:run(225)) - Replication Monitor Thread took 0 milliseconds for processing 1 containers.
2019-10-05 01:09:50,225 [Thread-1424] INFO  impl.FollowerState (FollowerState.java:run(108)) - e7349651-06e6-4307-8dab-742a146f4cf9@group-28FDBF65F551-FollowerState: change to CANDIDATE, lastRpcTime:5045ms, electionTimeout:5045ms
2019-10-05 01:09:50,226 [Thread-1424] INFO  impl.RoleInfo (RoleInfo.java:shutdownFollowerState(121)) - e7349651-06e6-4307-8dab-742a146f4cf9: shutdown FollowerState
2019-10-05 01:09:50,226 [Thread-1424] INFO  impl.RaftServerImpl (RaftServerImpl.java:setRole(170)) - e7349651-06e6-4307-8dab-742a146f4cf9@group-28FDBF65F551: changes role from  FOLLOWER to CANDIDATE at term 0 for changeToCandidate
2019-10-05 01:09:50,226 [Thread-1424] INFO  impl.RoleInfo (RoleInfo.java:updateAndGet(143)) - e7349651-06e6-4307-8dab-742a146f4cf9: start LeaderElection
2019-10-05 01:09:50,258 [e7349651-06e6-4307-8dab-742a146f4cf9@group-28FDBF65F551-LeaderElection29] INFO  impl.LeaderElection (LeaderElection.java:askForVotes(178)) - e7349651-06e6-4307-8dab-742a146f4cf9@group-28FDBF65F551-LeaderElection29: begin an election at term 1 for -1: [e7349651-06e6-4307-8dab-742a146f4cf9:192.168.151.105:46156], old=null
2019-10-05 01:09:50,258 [e7349651-06e6-4307-8dab-742a146f4cf9@group-28FDBF65F551-LeaderElection29] INFO  impl.RoleInfo (RoleInfo.java:shutdownLeaderElection(134)) - e7349651-06e6-4307-8dab-742a146f4cf9: shutdown LeaderElection
2019-10-05 01:09:50,258 [e7349651-06e6-4307-8dab-742a146f4cf9@group-28FDBF65F551-LeaderElection29] INFO  impl.RaftServerImpl (RaftServerImpl.java:setRole(170)) - e7349651-06e6-4307-8dab-742a146f4cf9@group-28FDBF65F551: changes role from CANDIDATE to LEADER at term 1 for changeToLeader
2019-10-05 01:09:50,258 [e7349651-06e6-4307-8dab-742a146f4cf9@group-28FDBF65F551-LeaderElection29] INFO  impl.RaftServerImpl (ServerState.java:setLeader(255)) - e7349651-06e6-4307-8dab-742a146f4cf9@group-28FDBF65F551: change Leader from null to e7349651-06e6-4307-8dab-742a146f4cf9 at term 1 for becomeLeader, leader elected after 5088ms
2019-10-05 01:09:50,259 [e7349651-06e6-4307-8dab-742a146f4cf9@group-28FDBF65F551-LeaderElection29] INFO  server.RaftServerConfigKeys (ConfUtils.java:logGet(43)) - raft.server.staging.catchup.gap = 1000 (default)
2019-10-05 01:09:50,259 [e7349651-06e6-4307-8dab-742a146f4cf9@group-28FDBF65F551-LeaderElection29] INFO  server.RaftServerConfigKeys (ConfUtils.java:logGet(43)) - raft.server.rpc.sleep.time = 25ms (default)
2019-10-05 01:09:50,260 [e7349651-06e6-4307-8dab-742a146f4cf9@group-28FDBF65F551-LeaderElection29] INFO  server.RaftServerConfigKeys (ConfUtils.java:logGet(43)) - raft.server.write.element-limit = 4096 (default)
2019-10-05 01:09:50,260 [e7349651-06e6-4307-8dab-742a146f4cf9@group-28FDBF65F551-LeaderElection29] INFO  server.RaftServerConfigKeys (ConfUtils.java:logGet(43)) - raft.server.watch.timeout = 10s (default)
2019-10-05 01:09:50,260 [e7349651-06e6-4307-8dab-742a146f4cf9@group-28FDBF65F551-LeaderElection29] INFO  server.RaftServerConfigKeys (ConfUtils.java:logGet(43)) - raft.server.watch.timeout.denomination = 1s (default)
2019-10-05 01:09:50,261 [e7349651-06e6-4307-8dab-742a146f4cf9@group-28FDBF65F551-LeaderElection29] INFO  server.RaftServerConfigKeys (ConfUtils.java:logGet(43)) - raft.server.watch.element-limit = 65536 (default)
2019-10-05 01:09:50,265 [e7349651-06e6-4307-8dab-742a146f4cf9@group-28FDBF65F551-LeaderElection29] INFO  impl.RoleInfo (RoleInfo.java:updateAndGet(143)) - e7349651-06e6-4307-8dab-742a146f4cf9: start LeaderState
2019-10-05 01:09:50,266 [e7349651-06e6-4307-8dab-742a146f4cf9@group-28FDBF65F551-LeaderElection29] INFO  segmented.SegmentedRaftLogWorker (SegmentedRaftLogWorker.java:startLogSegment(385)) - e7349651-06e6-4307-8dab-742a146f4cf9@group-28FDBF65F551-SegmentedRaftLogWorker: Starting segment from index:0
2019-10-05 01:09:50,268 [e7349651-06e6-4307-8dab-742a146f4cf9@group-28FDBF65F551-LeaderElection29] INFO  impl.RaftServerImpl (ServerState.java:setRaftConf(356)) - e7349651-06e6-4307-8dab-742a146f4cf9@group-28FDBF65F551: set configuration 0: [e7349651-06e6-4307-8dab-742a146f4cf9:192.168.151.105:46156], old=null at 0
2019-10-05 01:09:50,311 [Thread-1427] INFO  impl.FollowerState (FollowerState.java:run(108)) - dd7c482c-1b2f-4af4-92b2-62b6d1a2f033@group-43952E731E14-FollowerState: change to CANDIDATE, lastRpcTime:5050ms, electionTimeout:5050ms
2019-10-05 01:09:50,311 [Thread-1427] INFO  impl.RoleInfo (RoleInfo.java:shutdownFollowerState(121)) - dd7c482c-1b2f-4af4-92b2-62b6d1a2f033: shutdown FollowerState
2019-10-05 01:09:50,311 [Thread-1427] INFO  impl.RaftServerImpl (RaftServerImpl.java:setRole(170)) - dd7c482c-1b2f-4af4-92b2-62b6d1a2f033@group-43952E731E14: changes role from  FOLLOWER to CANDIDATE at term 0 for changeToCandidate
2019-10-05 01:09:50,312 [Thread-1427] INFO  impl.RoleInfo (RoleInfo.java:updateAndGet(143)) - dd7c482c-1b2f-4af4-92b2-62b6d1a2f033: start LeaderElection
2019-10-05 01:09:50,313 [e7349651-06e6-4307-8dab-742a146f4cf9@group-28FDBF65F551-SegmentedRaftLogWorker] INFO  segmented.SegmentedRaftLogWorker (SegmentedRaftLogWorker.java:execute(574)) - e7349651-06e6-4307-8dab-742a146f4cf9@group-28FDBF65F551-SegmentedRaftLogWorker: created new log segment /workdir/hadoop-ozone/integration-test/target/test-dir/MiniOzoneClusterImpl-aae8a5e2-5455-4700-bcf4-486adb770533/datanode-0/data/ratis/10c58985-bb6d-4718-8a2f-28fdbf65f551/current/log_inprogress_0
2019-10-05 01:09:50,333 [dd7c482c-1b2f-4af4-92b2-62b6d1a2f033@group-43952E731E14-LeaderElection30] INFO  impl.LeaderElection (LeaderElection.java:askForVotes(178)) - dd7c482c-1b2f-4af4-92b2-62b6d1a2f033@group-43952E731E14-LeaderElection30: begin an election at term 1 for -1: [dd7c482c-1b2f-4af4-92b2-62b6d1a2f033:192.168.151.105:41204], old=null
2019-10-05 01:09:50,333 [dd7c482c-1b2f-4af4-92b2-62b6d1a2f033@group-43952E731E14-LeaderElection30] INFO  impl.RoleInfo (RoleInfo.java:shutdownLeaderElection(134)) - dd7c482c-1b2f-4af4-92b2-62b6d1a2f033: shutdown LeaderElection
2019-10-05 01:09:50,333 [dd7c482c-1b2f-4af4-92b2-62b6d1a2f033@group-43952E731E14-LeaderElection30] INFO  impl.RaftServerImpl (RaftServerImpl.java:setRole(170)) - dd7c482c-1b2f-4af4-92b2-62b6d1a2f033@group-43952E731E14: changes role from CANDIDATE to LEADER at term 1 for changeToLeader
2019-10-05 01:09:50,334 [dd7c482c-1b2f-4af4-92b2-62b6d1a2f033@group-43952E731E14-LeaderElection30] INFO  impl.RaftServerImpl (ServerState.java:setLeader(255)) - dd7c482c-1b2f-4af4-92b2-62b6d1a2f033@group-43952E731E14: change Leader from null to dd7c482c-1b2f-4af4-92b2-62b6d1a2f033 at term 1 for becomeLeader, leader elected after 5079ms
2019-10-05 01:09:50,334 [dd7c482c-1b2f-4af4-92b2-62b6d1a2f033@group-43952E731E14-LeaderElection30] INFO  server.RaftServerConfigKeys (ConfUtils.java:logGet(43)) - raft.server.staging.catchup.gap = 1000 (default)
2019-10-05 01:09:50,334 [dd7c482c-1b2f-4af4-92b2-62b6d1a2f033@group-43952E731E14-LeaderElection30] INFO  server.RaftServerConfigKeys (ConfUtils.java:logGet(43)) - raft.server.rpc.sleep.time = 25ms (default)
2019-10-05 01:09:50,334 [dd7c482c-1b2f-4af4-92b2-62b6d1a2f033@group-43952E731E14-LeaderElection30] INFO  server.RaftServerConfigKeys (ConfUtils.java:logGet(43)) - raft.server.write.element-limit = 4096 (default)
2019-10-05 01:09:50,334 [dd7c482c-1b2f-4af4-92b2-62b6d1a2f033@group-43952E731E14-LeaderElection30] INFO  server.RaftServerConfigKeys (ConfUtils.java:logGet(43)) - raft.server.watch.timeout = 10s (default)
2019-10-05 01:09:50,334 [dd7c482c-1b2f-4af4-92b2-62b6d1a2f033@group-43952E731E14-LeaderElection30] INFO  server.RaftServerConfigKeys (ConfUtils.java:logGet(43)) - raft.server.watch.timeout.denomination = 1s (default)
2019-10-05 01:09:50,335 [dd7c482c-1b2f-4af4-92b2-62b6d1a2f033@group-43952E731E14-LeaderElection30] INFO  server.RaftServerConfigKeys (ConfUtils.java:logGet(43)) - raft.server.watch.element-limit = 65536 (default)
2019-10-05 01:09:50,337 [dd7c482c-1b2f-4af4-92b2-62b6d1a2f033@group-43952E731E14-LeaderElection30] INFO  impl.RoleInfo (RoleInfo.java:updateAndGet(143)) - dd7c482c-1b2f-4af4-92b2-62b6d1a2f033: start LeaderState
2019-10-05 01:09:50,337 [dd7c482c-1b2f-4af4-92b2-62b6d1a2f033@group-43952E731E14-LeaderElection30] INFO  segmented.SegmentedRaftLogWorker (SegmentedRaftLogWorker.java:startLogSegment(385)) - dd7c482c-1b2f-4af4-92b2-62b6d1a2f033@group-43952E731E14-SegmentedRaftLogWorker: Starting segment from index:0
2019-10-05 01:09:50,338 [dd7c482c-1b2f-4af4-92b2-62b6d1a2f033@group-43952E731E14-LeaderElection30] INFO  impl.RaftServerImpl (ServerState.java:setRaftConf(356)) - dd7c482c-1b2f-4af4-92b2-62b6d1a2f033@group-43952E731E14: set configuration 0: [dd7c482c-1b2f-4af4-92b2-62b6d1a2f033:192.168.151.105:41204], old=null at 0
2019-10-05 01:09:50,371 [dd7c482c-1b2f-4af4-92b2-62b6d1a2f033@group-43952E731E14-SegmentedRaftLogWorker] INFO  segmented.SegmentedRaftLogWorker (SegmentedRaftLogWorker.java:execute(574)) - dd7c482c-1b2f-4af4-92b2-62b6d1a2f033@group-43952E731E14-SegmentedRaftLogWorker: created new log segment /workdir/hadoop-ozone/integration-test/target/test-dir/MiniOzoneClusterImpl-aae8a5e2-5455-4700-bcf4-486adb770533/datanode-1/data/ratis/659fef71-2a7a-4f4a-bd56-43952e731e14/current/log_inprogress_0
2019-10-05 01:09:50,456 [Thread-1433] INFO  impl.FollowerState (FollowerState.java:run(108)) - f19346f0-5ca3-4e6f-bfd9-1e67cc451c5e@group-EA151FE381B1-FollowerState: change to CANDIDATE, lastRpcTime:5088ms, electionTimeout:5088ms
2019-10-05 01:09:50,456 [Thread-1433] INFO  impl.RoleInfo (RoleInfo.java:shutdownFollowerState(121)) - f19346f0-5ca3-4e6f-bfd9-1e67cc451c5e: shutdown FollowerState
2019-10-05 01:09:50,456 [Thread-1433] INFO  impl.RaftServerImpl (RaftServerImpl.java:setRole(170)) - f19346f0-5ca3-4e6f-bfd9-1e67cc451c5e@group-EA151FE381B1: changes role from  FOLLOWER to CANDIDATE at term 0 for changeToCandidate
2019-10-05 01:09:50,456 [Thread-1433] INFO  impl.RoleInfo (RoleInfo.java:updateAndGet(143)) - f19346f0-5ca3-4e6f-bfd9-1e67cc451c5e: start LeaderElection
2019-10-05 01:09:50,476 [f19346f0-5ca3-4e6f-bfd9-1e67cc451c5e@group-EA151FE381B1-LeaderElection31] INFO  impl.LeaderElection (LeaderElection.java:askForVotes(178)) - f19346f0-5ca3-4e6f-bfd9-1e67cc451c5e@group-EA151FE381B1-LeaderElection31: begin an election at term 1 for -1: [f19346f0-5ca3-4e6f-bfd9-1e67cc451c5e:192.168.151.105:40429], old=null
2019-10-05 01:09:50,476 [f19346f0-5ca3-4e6f-bfd9-1e67cc451c5e@group-EA151FE381B1-LeaderElection31] INFO  impl.RoleInfo (RoleInfo.java:shutdownLeaderElection(134)) - f19346f0-5ca3-4e6f-bfd9-1e67cc451c5e: shutdown LeaderElection
2019-10-05 01:09:50,477 [f19346f0-5ca3-4e6f-bfd9-1e67cc451c5e@group-EA151FE381B1-LeaderElection31] INFO  impl.RaftServerImpl (RaftServerImpl.java:setRole(170)) - f19346f0-5ca3-4e6f-bfd9-1e67cc451c5e@group-EA151FE381B1: changes role from CANDIDATE to LEADER at term 1 for changeToLeader
2019-10-05 01:09:50,477 [f19346f0-5ca3-4e6f-bfd9-1e67cc451c5e@group-EA151FE381B1-LeaderElection31] INFO  impl.RaftServerImpl (ServerState.java:setLeader(255)) - f19346f0-5ca3-4e6f-bfd9-1e67cc451c5e@group-EA151FE381B1: change Leader from null to f19346f0-5ca3-4e6f-bfd9-1e67cc451c5e at term 1 for becomeLeader, leader elected after 5116ms
2019-10-05 01:09:50,477 [f19346f0-5ca3-4e6f-bfd9-1e67cc451c5e@group-EA151FE381B1-LeaderElection31] INFO  server.RaftServerConfigKeys (ConfUtils.java:logGet(43)) - raft.server.staging.catchup.gap = 1000 (default)
2019-10-05 01:09:50,477 [f19346f0-5ca3-4e6f-bfd9-1e67cc451c5e@group-EA151FE381B1-LeaderElection31] INFO  server.RaftServerConfigKeys (ConfUtils.java:logGet(43)) - raft.server.rpc.sleep.time = 25ms (default)
2019-10-05 01:09:50,477 [f19346f0-5ca3-4e6f-bfd9-1e67cc451c5e@group-EA151FE381B1-LeaderElection31] INFO  server.RaftServerConfigKeys (ConfUtils.java:logGet(43)) - raft.server.write.element-limit = 4096 (default)
2019-10-05 01:09:50,478 [f19346f0-5ca3-4e6f-bfd9-1e67cc451c5e@group-EA151FE381B1-LeaderElection31] INFO  server.RaftServerConfigKeys (ConfUtils.java:logGet(43)) - raft.server.watch.timeout = 10s (default)
2019-10-05 01:09:50,478 [f19346f0-5ca3-4e6f-bfd9-1e67cc451c5e@group-EA151FE381B1-LeaderElection31] INFO  server.RaftServerConfigKeys (ConfUtils.java:logGet(43)) - raft.server.watch.timeout.denomination = 1s (default)
2019-10-05 01:09:50,478 [f19346f0-5ca3-4e6f-bfd9-1e67cc451c5e@group-EA151FE381B1-LeaderElection31] INFO  server.RaftServerConfigKeys (ConfUtils.java:logGet(43)) - raft.server.watch.element-limit = 65536 (default)
2019-10-05 01:09:50,480 [f19346f0-5ca3-4e6f-bfd9-1e67cc451c5e@group-EA151FE381B1-LeaderElection31] INFO  impl.RoleInfo (RoleInfo.java:updateAndGet(143)) - f19346f0-5ca3-4e6f-bfd9-1e67cc451c5e: start LeaderState
2019-10-05 01:09:50,481 [f19346f0-5ca3-4e6f-bfd9-1e67cc451c5e@group-EA151FE381B1-LeaderElection31] INFO  segmented.SegmentedRaftLogWorker (SegmentedRaftLogWorker.java:startLogSegment(385)) - f19346f0-5ca3-4e6f-bfd9-1e67cc451c5e@group-EA151FE381B1-SegmentedRaftLogWorker: Starting segment from index:0
2019-10-05 01:09:50,481 [f19346f0-5ca3-4e6f-bfd9-1e67cc451c5e@group-EA151FE381B1-LeaderElection31] INFO  impl.RaftServerImpl (ServerState.java:setRaftConf(356)) - f19346f0-5ca3-4e6f-bfd9-1e67cc451c5e@group-EA151FE381B1: set configuration 0: [f19346f0-5ca3-4e6f-bfd9-1e67cc451c5e:192.168.151.105:40429], old=null at 0
2019-10-05 01:09:50,493 [Thread-1430] INFO  impl.FollowerState (FollowerState.java:run(108)) - 670cdd41-9814-468f-bc7b-ff27614b320e@group-B3369F551A4A-FollowerState: change to CANDIDATE, lastRpcTime:5180ms, electionTimeout:5180ms
2019-10-05 01:09:50,494 [Thread-1430] INFO  impl.RoleInfo (RoleInfo.java:shutdownFollowerState(121)) - 670cdd41-9814-468f-bc7b-ff27614b320e: shutdown FollowerState
2019-10-05 01:09:50,494 [Thread-1430] INFO  impl.RaftServerImpl (RaftServerImpl.java:setRole(170)) - 670cdd41-9814-468f-bc7b-ff27614b320e@group-B3369F551A4A: changes role from  FOLLOWER to CANDIDATE at term 0 for changeToCandidate
2019-10-05 01:09:50,494 [Thread-1430] INFO  impl.RoleInfo (RoleInfo.java:updateAndGet(143)) - 670cdd41-9814-468f-bc7b-ff27614b320e: start LeaderElection
2019-10-05 01:09:50,512 [Thread-1436] INFO  impl.FollowerState (FollowerState.java:run(108)) - 07cb5bbc-8352-4509-916c-30becd83db4e@group-4D90E83F8B1C-FollowerState: change to CANDIDATE, lastRpcTime:5077ms, electionTimeout:5064ms
2019-10-05 01:09:50,513 [Thread-1436] INFO  impl.RoleInfo (RoleInfo.java:shutdownFollowerState(121)) - 07cb5bbc-8352-4509-916c-30becd83db4e: shutdown FollowerState
2019-10-05 01:09:50,513 [Thread-1436] INFO  impl.RaftServerImpl (RaftServerImpl.java:setRole(170)) - 07cb5bbc-8352-4509-916c-30becd83db4e@group-4D90E83F8B1C: changes role from  FOLLOWER to CANDIDATE at term 0 for changeToCandidate
2019-10-05 01:09:50,513 [Thread-1436] INFO  impl.RoleInfo (RoleInfo.java:updateAndGet(143)) - 07cb5bbc-8352-4509-916c-30becd83db4e: start LeaderElection
2019-10-05 01:09:50,526 [f19346f0-5ca3-4e6f-bfd9-1e67cc451c5e@group-EA151FE381B1-SegmentedRaftLogWorker] INFO  segmented.SegmentedRaftLogWorker (SegmentedRaftLogWorker.java:execute(574)) - f19346f0-5ca3-4e6f-bfd9-1e67cc451c5e@group-EA151FE381B1-SegmentedRaftLogWorker: created new log segment /workdir/hadoop-ozone/integration-test/target/test-dir/MiniOzoneClusterImpl-aae8a5e2-5455-4700-bcf4-486adb770533/datanode-3/data/ratis/df0aac6f-7b97-40f3-8b3a-ea151fe381b1/current/log_inprogress_0
2019-10-05 01:09:50,526 [670cdd41-9814-468f-bc7b-ff27614b320e@group-B3369F551A4A-LeaderElection32] INFO  impl.LeaderElection (LeaderElection.java:askForVotes(178)) - 670cdd41-9814-468f-bc7b-ff27614b320e@group-B3369F551A4A-LeaderElection32: begin an election at term 1 for -1: [670cdd41-9814-468f-bc7b-ff27614b320e:192.168.151.105:41497], old=null
2019-10-05 01:09:50,526 [07cb5bbc-8352-4509-916c-30becd83db4e@group-4D90E83F8B1C-LeaderElection33] INFO  impl.LeaderElection (LeaderElection.java:askForVotes(178)) - 07cb5bbc-8352-4509-916c-30becd83db4e@group-4D90E83F8B1C-LeaderElection33: begin an election at term 1 for -1: [07cb5bbc-8352-4509-916c-30becd83db4e:192.168.151.105:44643], old=null
2019-10-05 01:09:50,526 [670cdd41-9814-468f-bc7b-ff27614b320e@group-B3369F551A4A-LeaderElection32] INFO  impl.RoleInfo (RoleInfo.java:shutdownLeaderElection(134)) - 670cdd41-9814-468f-bc7b-ff27614b320e: shutdown LeaderElection
2019-10-05 01:09:50,526 [07cb5bbc-8352-4509-916c-30becd83db4e@group-4D90E83F8B1C-LeaderElection33] INFO  impl.RoleInfo (RoleInfo.java:shutdownLeaderElection(134)) - 07cb5bbc-8352-4509-916c-30becd83db4e: shutdown LeaderElection
2019-10-05 01:09:50,526 [670cdd41-9814-468f-bc7b-ff27614b320e@group-B3369F551A4A-LeaderElection32] INFO  impl.RaftServerImpl (RaftServerImpl.java:setRole(170)) - 670cdd41-9814-468f-bc7b-ff27614b320e@group-B3369F551A4A: changes role from CANDIDATE to LEADER at term 1 for changeToLeader
2019-10-05 01:09:50,526 [07cb5bbc-8352-4509-916c-30becd83db4e@group-4D90E83F8B1C-LeaderElection33] INFO  impl.RaftServerImpl (RaftServerImpl.java:setRole(170)) - 07cb5bbc-8352-4509-916c-30becd83db4e@group-4D90E83F8B1C: changes role from CANDIDATE to LEADER at term 1 for changeToLeader
2019-10-05 01:09:50,526 [670cdd41-9814-468f-bc7b-ff27614b320e@group-B3369F551A4A-LeaderElection32] INFO  impl.RaftServerImpl (ServerState.java:setLeader(255)) - 670cdd41-9814-468f-bc7b-ff27614b320e@group-B3369F551A4A: change Leader from null to 670cdd41-9814-468f-bc7b-ff27614b320e at term 1 for becomeLeader, leader elected after 5220ms
2019-10-05 01:09:50,527 [07cb5bbc-8352-4509-916c-30becd83db4e@group-4D90E83F8B1C-LeaderElection33] INFO  impl.RaftServerImpl (ServerState.java:setLeader(255)) - 07cb5bbc-8352-4509-916c-30becd83db4e@group-4D90E83F8B1C: change Leader from null to 07cb5bbc-8352-4509-916c-30becd83db4e at term 1 for becomeLeader, leader elected after 5101ms
2019-10-05 01:09:50,527 [670cdd41-9814-468f-bc7b-ff27614b320e@group-B3369F551A4A-LeaderElection32] INFO  server.RaftServerConfigKeys (ConfUtils.java:logGet(43)) - raft.server.staging.catchup.gap = 1000 (default)
2019-10-05 01:09:50,527 [07cb5bbc-8352-4509-916c-30becd83db4e@group-4D90E83F8B1C-LeaderElection33] INFO  server.RaftServerConfigKeys (ConfUtils.java:logGet(43)) - raft.server.staging.catchup.gap = 1000 (default)
2019-10-05 01:09:50,527 [670cdd41-9814-468f-bc7b-ff27614b320e@group-B3369F551A4A-LeaderElection32] INFO  server.RaftServerConfigKeys (ConfUtils.java:logGet(43)) - raft.server.rpc.sleep.time = 25ms (default)
2019-10-05 01:09:50,527 [07cb5bbc-8352-4509-916c-30becd83db4e@group-4D90E83F8B1C-LeaderElection33] INFO  server.RaftServerConfigKeys (ConfUtils.java:logGet(43)) - raft.server.rpc.sleep.time = 25ms (default)
2019-10-05 01:09:50,527 [670cdd41-9814-468f-bc7b-ff27614b320e@group-B3369F551A4A-LeaderElection32] INFO  server.RaftServerConfigKeys (ConfUtils.java:logGet(43)) - raft.server.write.element-limit = 4096 (default)
2019-10-05 01:09:50,527 [07cb5bbc-8352-4509-916c-30becd83db4e@group-4D90E83F8B1C-LeaderElection33] INFO  server.RaftServerConfigKeys (ConfUtils.java:logGet(43)) - raft.server.write.element-limit = 4096 (default)
2019-10-05 01:09:50,528 [670cdd41-9814-468f-bc7b-ff27614b320e@group-B3369F551A4A-LeaderElection32] INFO  server.RaftServerConfigKeys (ConfUtils.java:logGet(43)) - raft.server.watch.timeout = 10s (default)
2019-10-05 01:09:50,528 [07cb5bbc-8352-4509-916c-30becd83db4e@group-4D90E83F8B1C-LeaderElection33] INFO  server.RaftServerConfigKeys (ConfUtils.java:logGet(43)) - raft.server.watch.timeout = 10s (default)
2019-10-05 01:09:50,528 [670cdd41-9814-468f-bc7b-ff27614b320e@group-B3369F551A4A-LeaderElection32] INFO  server.RaftServerConfigKeys (ConfUtils.java:logGet(43)) - raft.server.watch.timeout.denomination = 1s (default)
2019-10-05 01:09:50,528 [07cb5bbc-8352-4509-916c-30becd83db4e@group-4D90E83F8B1C-LeaderElection33] INFO  server.RaftServerConfigKeys (ConfUtils.java:logGet(43)) - raft.server.watch.timeout.denomination = 1s (default)
2019-10-05 01:09:50,528 [670cdd41-9814-468f-bc7b-ff27614b320e@group-B3369F551A4A-LeaderElection32] INFO  server.RaftServerConfigKeys (ConfUtils.java:logGet(43)) - raft.server.watch.element-limit = 65536 (default)
2019-10-05 01:09:50,528 [07cb5bbc-8352-4509-916c-30becd83db4e@group-4D90E83F8B1C-LeaderElection33] INFO  server.RaftServerConfigKeys (ConfUtils.java:logGet(43)) - raft.server.watch.element-limit = 65536 (default)
2019-10-05 01:09:50,531 [670cdd41-9814-468f-bc7b-ff27614b320e@group-B3369F551A4A-LeaderElection32] INFO  impl.RoleInfo (RoleInfo.java:updateAndGet(143)) - 670cdd41-9814-468f-bc7b-ff27614b320e: start LeaderState
2019-10-05 01:09:50,531 [670cdd41-9814-468f-bc7b-ff27614b320e@group-B3369F551A4A-LeaderElection32] INFO  segmented.SegmentedRaftLogWorker (SegmentedRaftLogWorker.java:startLogSegment(385)) - 670cdd41-9814-468f-bc7b-ff27614b320e@group-B3369F551A4A-SegmentedRaftLogWorker: Starting segment from index:0
2019-10-05 01:09:50,531 [07cb5bbc-8352-4509-916c-30becd83db4e@group-4D90E83F8B1C-LeaderElection33] INFO  impl.RoleInfo (RoleInfo.java:updateAndGet(143)) - 07cb5bbc-8352-4509-916c-30becd83db4e: start LeaderState
2019-10-05 01:09:50,531 [07cb5bbc-8352-4509-916c-30becd83db4e@group-4D90E83F8B1C-LeaderElection33] INFO  segmented.SegmentedRaftLogWorker (SegmentedRaftLogWorker.java:startLogSegment(385)) - 07cb5bbc-8352-4509-916c-30becd83db4e@group-4D90E83F8B1C-SegmentedRaftLogWorker: Starting segment from index:0
2019-10-05 01:09:50,531 [670cdd41-9814-468f-bc7b-ff27614b320e@group-B3369F551A4A-LeaderElection32] INFO  impl.RaftServerImpl (ServerState.java:setRaftConf(356)) - 670cdd41-9814-468f-bc7b-ff27614b320e@group-B3369F551A4A: set configuration 0: [670cdd41-9814-468f-bc7b-ff27614b320e:192.168.151.105:41497], old=null at 0
2019-10-05 01:09:50,532 [07cb5bbc-8352-4509-916c-30becd83db4e@group-4D90E83F8B1C-LeaderElection33] INFO  impl.RaftServerImpl (ServerState.java:setRaftConf(356)) - 07cb5bbc-8352-4509-916c-30becd83db4e@group-4D90E83F8B1C: set configuration 0: [07cb5bbc-8352-4509-916c-30becd83db4e:192.168.151.105:44643], old=null at 0
2019-10-05 01:09:50,568 [Thread-1439] INFO  impl.FollowerState (FollowerState.java:run(108)) - 3019d9cd-f4df-4c53-b2e3-9f2effc4d01b@group-32DFAB204B47-FollowerState: change to CANDIDATE, lastRpcTime:5067ms, electionTimeout:5067ms
2019-10-05 01:09:50,568 [Thread-1439] INFO  impl.RoleInfo (RoleInfo.java:shutdownFollowerState(121)) - 3019d9cd-f4df-4c53-b2e3-9f2effc4d01b: shutdown FollowerState
2019-10-05 01:09:50,568 [Thread-1439] INFO  impl.RaftServerImpl (RaftServerImpl.java:setRole(170)) - 3019d9cd-f4df-4c53-b2e3-9f2effc4d01b@group-32DFAB204B47: changes role from  FOLLOWER to CANDIDATE at term 0 for changeToCandidate
2019-10-05 01:09:50,568 [Thread-1439] INFO  impl.RoleInfo (RoleInfo.java:updateAndGet(143)) - 3019d9cd-f4df-4c53-b2e3-9f2effc4d01b: start LeaderElection
2019-10-05 01:09:50,575 [670cdd41-9814-468f-bc7b-ff27614b320e@group-B3369F551A4A-SegmentedRaftLogWorker] INFO  segmented.SegmentedRaftLogWorker (SegmentedRaftLogWorker.java:execute(574)) - 670cdd41-9814-468f-bc7b-ff27614b320e@group-B3369F551A4A-SegmentedRaftLogWorker: created new log segment /workdir/hadoop-ozone/integration-test/target/test-dir/MiniOzoneClusterImpl-aae8a5e2-5455-4700-bcf4-486adb770533/datanode-2/data/ratis/e527f405-60ce-41d4-957f-b3369f551a4a/current/log_inprogress_0
2019-10-05 01:09:50,575 [07cb5bbc-8352-4509-916c-30becd83db4e@group-4D90E83F8B1C-SegmentedRaftLogWorker] INFO  segmented.SegmentedRaftLogWorker (SegmentedRaftLogWorker.java:execute(574)) - 07cb5bbc-8352-4509-916c-30becd83db4e@group-4D90E83F8B1C-SegmentedRaftLogWorker: created new log segment /workdir/hadoop-ozone/integration-test/target/test-dir/MiniOzoneClusterImpl-aae8a5e2-5455-4700-bcf4-486adb770533/datanode-4/data/ratis/8c8966a9-2f25-4664-9383-4d90e83f8b1c/current/log_inprogress_0
2019-10-05 01:09:50,589 [3019d9cd-f4df-4c53-b2e3-9f2effc4d01b@group-32DFAB204B47-LeaderElection34] INFO  impl.LeaderElection (LeaderElection.java:askForVotes(178)) - 3019d9cd-f4df-4c53-b2e3-9f2effc4d01b@group-32DFAB204B47-LeaderElection34: begin an election at term 1 for -1: [3019d9cd-f4df-4c53-b2e3-9f2effc4d01b:192.168.151.105:44772], old=null
2019-10-05 01:09:50,589 [3019d9cd-f4df-4c53-b2e3-9f2effc4d01b@group-32DFAB204B47-LeaderElection34] INFO  impl.RoleInfo (RoleInfo.java:shutdownLeaderElection(134)) - 3019d9cd-f4df-4c53-b2e3-9f2effc4d01b: shutdown LeaderElection
2019-10-05 01:09:50,589 [3019d9cd-f4df-4c53-b2e3-9f2effc4d01b@group-32DFAB204B47-LeaderElection34] INFO  impl.RaftServerImpl (RaftServerImpl.java:setRole(170)) - 3019d9cd-f4df-4c53-b2e3-9f2effc4d01b@group-32DFAB204B47: changes role from CANDIDATE to LEADER at term 1 for changeToLeader
2019-10-05 01:09:50,589 [3019d9cd-f4df-4c53-b2e3-9f2effc4d01b@group-32DFAB204B47-LeaderElection34] INFO  impl.RaftServerImpl (ServerState.java:setLeader(255)) - 3019d9cd-f4df-4c53-b2e3-9f2effc4d01b@group-32DFAB204B47: change Leader from null to 3019d9cd-f4df-4c53-b2e3-9f2effc4d01b at term 1 for becomeLeader, leader elected after 5094ms
2019-10-05 01:09:50,589 [3019d9cd-f4df-4c53-b2e3-9f2effc4d01b@group-32DFAB204B47-LeaderElection34] INFO  server.RaftServerConfigKeys (ConfUtils.java:logGet(43)) - raft.server.staging.catchup.gap = 1000 (default)
2019-10-05 01:09:50,589 [3019d9cd-f4df-4c53-b2e3-9f2effc4d01b@group-32DFAB204B47-LeaderElection34] INFO  server.RaftServerConfigKeys (ConfUtils.java:logGet(43)) - raft.server.rpc.sleep.time = 25ms (default)
2019-10-05 01:09:50,589 [3019d9cd-f4df-4c53-b2e3-9f2effc4d01b@group-32DFAB204B47-LeaderElection34] INFO  server.RaftServerConfigKeys (ConfUtils.java:logGet(43)) - raft.server.write.element-limit = 4096 (default)
2019-10-05 01:09:50,590 [3019d9cd-f4df-4c53-b2e3-9f2effc4d01b@group-32DFAB204B47-LeaderElection34] INFO  server.RaftServerConfigKeys (ConfUtils.java:logGet(43)) - raft.server.watch.timeout = 10s (default)
2019-10-05 01:09:50,590 [3019d9cd-f4df-4c53-b2e3-9f2effc4d01b@group-32DFAB204B47-LeaderElection34] INFO  server.RaftServerConfigKeys (ConfUtils.java:logGet(43)) - raft.server.watch.timeout.denomination = 1s (default)
2019-10-05 01:09:50,590 [3019d9cd-f4df-4c53-b2e3-9f2effc4d01b@group-32DFAB204B47-LeaderElection34] INFO  server.RaftServerConfigKeys (ConfUtils.java:logGet(43)) - raft.server.watch.element-limit = 65536 (default)
2019-10-05 01:09:50,592 [3019d9cd-f4df-4c53-b2e3-9f2effc4d01b@group-32DFAB204B47-LeaderElection34] INFO  impl.RoleInfo (RoleInfo.java:updateAndGet(143)) - 3019d9cd-f4df-4c53-b2e3-9f2effc4d01b: start LeaderState
2019-10-05 01:09:50,592 [3019d9cd-f4df-4c53-b2e3-9f2effc4d01b@group-32DFAB204B47-LeaderElection34] INFO  segmented.SegmentedRaftLogWorker (SegmentedRaftLogWorker.java:startLogSegment(385)) - 3019d9cd-f4df-4c53-b2e3-9f2effc4d01b@group-32DFAB204B47-SegmentedRaftLogWorker: Starting segment from index:0
2019-10-05 01:09:50,592 [3019d9cd-f4df-4c53-b2e3-9f2effc4d01b@group-32DFAB204B47-LeaderElection34] INFO  impl.RaftServerImpl (ServerState.java:setRaftConf(356)) - 3019d9cd-f4df-4c53-b2e3-9f2effc4d01b@group-32DFAB204B47: set configuration 0: [3019d9cd-f4df-4c53-b2e3-9f2effc4d01b:192.168.151.105:44772], old=null at 0
2019-10-05 01:09:50,631 [3019d9cd-f4df-4c53-b2e3-9f2effc4d01b@group-32DFAB204B47-SegmentedRaftLogWorker] INFO  segmented.SegmentedRaftLogWorker (SegmentedRaftLogWorker.java:execute(574)) - 3019d9cd-f4df-4c53-b2e3-9f2effc4d01b@group-32DFAB204B47-SegmentedRaftLogWorker: created new log segment /workdir/hadoop-ozone/integration-test/target/test-dir/MiniOzoneClusterImpl-aae8a5e2-5455-4700-bcf4-486adb770533/datanode-5/data/ratis/b05216c8-f3d8-442f-9f5e-32dfab204b47/current/log_inprogress_0
2019-10-05 01:09:50,637 [Thread-1442] INFO  impl.FollowerState (FollowerState.java:run(108)) - deb9e9c6-ff8a-43e6-ae0e-0cc48bd6aa91@group-E417AFB72851-FollowerState: change to CANDIDATE, lastRpcTime:5086ms, electionTimeout:5086ms
2019-10-05 01:09:50,637 [Thread-1442] INFO  impl.RoleInfo (RoleInfo.java:shutdownFollowerState(121)) - deb9e9c6-ff8a-43e6-ae0e-0cc48bd6aa91: shutdown FollowerState
2019-10-05 01:09:50,637 [Thread-1442] INFO  impl.RaftServerImpl (RaftServerImpl.java:setRole(170)) - deb9e9c6-ff8a-43e6-ae0e-0cc48bd6aa91@group-E417AFB72851: changes role from  FOLLOWER to CANDIDATE at term 0 for changeToCandidate
2019-10-05 01:09:50,637 [Thread-1442] INFO  impl.RoleInfo (RoleInfo.java:updateAndGet(143)) - deb9e9c6-ff8a-43e6-ae0e-0cc48bd6aa91: start LeaderElection
2019-10-05 01:09:50,645 [Thread-1450] INFO  impl.FollowerState (FollowerState.java:run(108)) - f19346f0-5ca3-4e6f-bfd9-1e67cc451c5e@group-6C146C812D05-FollowerState: change to CANDIDATE, lastRpcTime:5021ms, electionTimeout:5014ms
2019-10-05 01:09:50,645 [Thread-1450] INFO  impl.RoleInfo (RoleInfo.java:shutdownFollowerState(121)) - f19346f0-5ca3-4e6f-bfd9-1e67cc451c5e: shutdown FollowerState
2019-10-05 01:09:50,645 [Thread-1450] INFO  impl.RaftServerImpl (RaftServerImpl.java:setRole(170)) - f19346f0-5ca3-4e6f-bfd9-1e67cc451c5e@group-6C146C812D05: changes role from  FOLLOWER to CANDIDATE at term 0 for changeToCandidate
2019-10-05 01:09:50,646 [Thread-1450] INFO  impl.RoleInfo (RoleInfo.java:updateAndGet(143)) - f19346f0-5ca3-4e6f-bfd9-1e67cc451c5e: start LeaderElection
2019-10-05 01:09:50,651 [Thread-1445] INFO  impl.FollowerState (FollowerState.java:run(108)) - e7349651-06e6-4307-8dab-742a146f4cf9@group-6C146C812D05-FollowerState: change to CANDIDATE, lastRpcTime:5033ms, electionTimeout:5033ms
2019-10-05 01:09:50,651 [Thread-1445] INFO  impl.RoleInfo (RoleInfo.java:shutdownFollowerState(121)) - e7349651-06e6-4307-8dab-742a146f4cf9: shutdown FollowerState
2019-10-05 01:09:50,651 [Thread-1445] INFO  impl.RaftServerImpl (RaftServerImpl.java:setRole(170)) - e7349651-06e6-4307-8dab-742a146f4cf9@group-6C146C812D05: changes role from  FOLLOWER to CANDIDATE at term 0 for changeToCandidate
2019-10-05 01:09:50,652 [Thread-1445] INFO  impl.RoleInfo (RoleInfo.java:updateAndGet(143)) - e7349651-06e6-4307-8dab-742a146f4cf9: start LeaderElection
2019-10-05 01:09:50,659 [e7349651-06e6-4307-8dab-742a146f4cf9@group-6C146C812D05-LeaderElection37] INFO  impl.LeaderElection (LeaderElection.java:askForVotes(178)) - e7349651-06e6-4307-8dab-742a146f4cf9@group-6C146C812D05-LeaderElection37: begin an election at term 1 for -1: [e7349651-06e6-4307-8dab-742a146f4cf9:192.168.151.105:46156, 07cb5bbc-8352-4509-916c-30becd83db4e:192.168.151.105:44643, f19346f0-5ca3-4e6f-bfd9-1e67cc451c5e:192.168.151.105:40429], old=null
2019-10-05 01:09:50,659 [f19346f0-5ca3-4e6f-bfd9-1e67cc451c5e@group-6C146C812D05-LeaderElection36] INFO  impl.LeaderElection (LeaderElection.java:askForVotes(178)) - f19346f0-5ca3-4e6f-bfd9-1e67cc451c5e@group-6C146C812D05-LeaderElection36: begin an election at term 1 for -1: [e7349651-06e6-4307-8dab-742a146f4cf9:192.168.151.105:46156, 07cb5bbc-8352-4509-916c-30becd83db4e:192.168.151.105:44643, f19346f0-5ca3-4e6f-bfd9-1e67cc451c5e:192.168.151.105:40429], old=null
2019-10-05 01:09:50,659 [deb9e9c6-ff8a-43e6-ae0e-0cc48bd6aa91@group-E417AFB72851-LeaderElection35] INFO  impl.LeaderElection (LeaderElection.java:askForVotes(178)) - deb9e9c6-ff8a-43e6-ae0e-0cc48bd6aa91@group-E417AFB72851-LeaderElection35: begin an election at term 1 for -1: [deb9e9c6-ff8a-43e6-ae0e-0cc48bd6aa91:192.168.151.105:35280], old=null
2019-10-05 01:09:50,659 [deb9e9c6-ff8a-43e6-ae0e-0cc48bd6aa91@group-E417AFB72851-LeaderElection35] INFO  impl.RoleInfo (RoleInfo.java:shutdownLeaderElection(134)) - deb9e9c6-ff8a-43e6-ae0e-0cc48bd6aa91: shutdown LeaderElection
2019-10-05 01:09:50,659 [deb9e9c6-ff8a-43e6-ae0e-0cc48bd6aa91@group-E417AFB72851-LeaderElection35] INFO  impl.RaftServerImpl (RaftServerImpl.java:setRole(170)) - deb9e9c6-ff8a-43e6-ae0e-0cc48bd6aa91@group-E417AFB72851: changes role from CANDIDATE to LEADER at term 1 for changeToLeader
2019-10-05 01:09:50,660 [deb9e9c6-ff8a-43e6-ae0e-0cc48bd6aa91@group-E417AFB72851-LeaderElection35] INFO  impl.RaftServerImpl (ServerState.java:setLeader(255)) - deb9e9c6-ff8a-43e6-ae0e-0cc48bd6aa91@group-E417AFB72851: change Leader from null to deb9e9c6-ff8a-43e6-ae0e-0cc48bd6aa91 at term 1 for becomeLeader, leader elected after 5115ms
2019-10-05 01:09:50,660 [deb9e9c6-ff8a-43e6-ae0e-0cc48bd6aa91@group-E417AFB72851-LeaderElection35] INFO  server.RaftServerConfigKeys (ConfUtils.java:logGet(43)) - raft.server.staging.catchup.gap = 1000 (default)
2019-10-05 01:09:50,660 [deb9e9c6-ff8a-43e6-ae0e-0cc48bd6aa91@group-E417AFB72851-LeaderElection35] INFO  server.RaftServerConfigKeys (ConfUtils.java:logGet(43)) - raft.server.rpc.sleep.time = 25ms (default)
2019-10-05 01:09:50,660 [deb9e9c6-ff8a-43e6-ae0e-0cc48bd6aa91@group-E417AFB72851-LeaderElection35] INFO  server.RaftServerConfigKeys (ConfUtils.java:logGet(43)) - raft.server.write.element-limit = 4096 (default)
2019-10-05 01:09:50,660 [deb9e9c6-ff8a-43e6-ae0e-0cc48bd6aa91@group-E417AFB72851-LeaderElection35] INFO  server.RaftServerConfigKeys (ConfUtils.java:logGet(43)) - raft.server.watch.timeout = 10s (default)
2019-10-05 01:09:50,661 [deb9e9c6-ff8a-43e6-ae0e-0cc48bd6aa91@group-E417AFB72851-LeaderElection35] INFO  server.RaftServerConfigKeys (ConfUtils.java:logGet(43)) - raft.server.watch.timeout.denomination = 1s (default)
2019-10-05 01:09:50,661 [deb9e9c6-ff8a-43e6-ae0e-0cc48bd6aa91@group-E417AFB72851-LeaderElection35] INFO  server.RaftServerConfigKeys (ConfUtils.java:logGet(43)) - raft.server.watch.element-limit = 65536 (default)
2019-10-05 01:09:50,673 [Thread-1448] INFO  impl.FollowerState (FollowerState.java:run(108)) - 07cb5bbc-8352-4509-916c-30becd83db4e@group-6C146C812D05-FollowerState: change to CANDIDATE, lastRpcTime:5049ms, electionTimeout:5046ms
2019-10-05 01:09:50,673 [Thread-1448] INFO  impl.RoleInfo (RoleInfo.java:shutdownFollowerState(121)) - 07cb5bbc-8352-4509-916c-30becd83db4e: shutdown FollowerState
2019-10-05 01:09:50,673 [Thread-1448] INFO  impl.RaftServerImpl (RaftServerImpl.java:setRole(170)) - 07cb5bbc-8352-4509-916c-30becd83db4e@group-6C146C812D05: changes role from  FOLLOWER to CANDIDATE at term 0 for changeToCandidate
2019-10-05 01:09:50,673 [Thread-1448] INFO  impl.RoleInfo (RoleInfo.java:updateAndGet(143)) - 07cb5bbc-8352-4509-916c-30becd83db4e: start LeaderElection
2019-10-05 01:09:50,678 [deb9e9c6-ff8a-43e6-ae0e-0cc48bd6aa91@group-E417AFB72851-LeaderElection35] INFO  impl.RoleInfo (RoleInfo.java:updateAndGet(143)) - deb9e9c6-ff8a-43e6-ae0e-0cc48bd6aa91: start LeaderState
2019-10-05 01:09:50,678 [deb9e9c6-ff8a-43e6-ae0e-0cc48bd6aa91@group-E417AFB72851-LeaderElection35] INFO  segmented.SegmentedRaftLogWorker (SegmentedRaftLogWorker.java:startLogSegment(385)) - deb9e9c6-ff8a-43e6-ae0e-0cc48bd6aa91@group-E417AFB72851-SegmentedRaftLogWorker: Starting segment from index:0
2019-10-05 01:09:50,679 [deb9e9c6-ff8a-43e6-ae0e-0cc48bd6aa91@group-E417AFB72851-LeaderElection35] INFO  impl.RaftServerImpl (ServerState.java:setRaftConf(356)) - deb9e9c6-ff8a-43e6-ae0e-0cc48bd6aa91@group-E417AFB72851: set configuration 0: [deb9e9c6-ff8a-43e6-ae0e-0cc48bd6aa91:192.168.151.105:35280], old=null at 0
2019-10-05 01:09:50,707 [07cb5bbc-8352-4509-916c-30becd83db4e@group-6C146C812D05-LeaderElection38] INFO  impl.LeaderElection (LeaderElection.java:askForVotes(178)) - 07cb5bbc-8352-4509-916c-30becd83db4e@group-6C146C812D05-LeaderElection38: begin an election at term 1 for -1: [e7349651-06e6-4307-8dab-742a146f4cf9:192.168.151.105:46156, 07cb5bbc-8352-4509-916c-30becd83db4e:192.168.151.105:44643, f19346f0-5ca3-4e6f-bfd9-1e67cc451c5e:192.168.151.105:40429], old=null
2019-10-05 01:09:50,719 [deb9e9c6-ff8a-43e6-ae0e-0cc48bd6aa91@group-E417AFB72851-SegmentedRaftLogWorker] INFO  segmented.SegmentedRaftLogWorker (SegmentedRaftLogWorker.java:execute(574)) - deb9e9c6-ff8a-43e6-ae0e-0cc48bd6aa91@group-E417AFB72851-SegmentedRaftLogWorker: created new log segment /workdir/hadoop-ozone/integration-test/target/test-dir/MiniOzoneClusterImpl-aae8a5e2-5455-4700-bcf4-486adb770533/datanode-6/data/ratis/9859202f-c943-4d09-b3f3-e417afb72851/current/log_inprogress_0
2019-10-05 01:09:50,719 [f19346f0-5ca3-4e6f-bfd9-1e67cc451c5e@group-6C146C812D05-LeaderElection36] INFO  impl.LeaderElection (LeaderElection.java:logAndReturn(56)) - f19346f0-5ca3-4e6f-bfd9-1e67cc451c5e@group-6C146C812D05-LeaderElection36: Election REJECTED; received 2 response(s) [f19346f0-5ca3-4e6f-bfd9-1e67cc451c5e<-e7349651-06e6-4307-8dab-742a146f4cf9#0:FAIL-t1, f19346f0-5ca3-4e6f-bfd9-1e67cc451c5e<-07cb5bbc-8352-4509-916c-30becd83db4e#0:FAIL-t1] and 0 exception(s); f19346f0-5ca3-4e6f-bfd9-1e67cc451c5e@group-6C146C812D05:t1, leader=null, voted=f19346f0-5ca3-4e6f-bfd9-1e67cc451c5e, raftlog=f19346f0-5ca3-4e6f-bfd9-1e67cc451c5e@group-6C146C812D05-SegmentedRaftLog:OPENED:c-1,f-1,i0, conf=-1: [e7349651-06e6-4307-8dab-742a146f4cf9:192.168.151.105:46156, 07cb5bbc-8352-4509-916c-30becd83db4e:192.168.151.105:44643, f19346f0-5ca3-4e6f-bfd9-1e67cc451c5e:192.168.151.105:40429], old=null
2019-10-05 01:09:50,719 [f19346f0-5ca3-4e6f-bfd9-1e67cc451c5e@group-6C146C812D05-LeaderElection36] INFO  impl.RaftServerImpl (RaftServerImpl.java:setRole(170)) - f19346f0-5ca3-4e6f-bfd9-1e67cc451c5e@group-6C146C812D05: changes role from CANDIDATE to FOLLOWER at term 1 for DISCOVERED_A_NEW_TERM
2019-10-05 01:09:50,719 [f19346f0-5ca3-4e6f-bfd9-1e67cc451c5e@group-6C146C812D05-LeaderElection36] INFO  impl.RoleInfo (RoleInfo.java:shutdownLeaderElection(134)) - f19346f0-5ca3-4e6f-bfd9-1e67cc451c5e: shutdown LeaderElection
2019-10-05 01:09:50,719 [f19346f0-5ca3-4e6f-bfd9-1e67cc451c5e@group-6C146C812D05-LeaderElection36] INFO  impl.RoleInfo (RoleInfo.java:updateAndGet(143)) - f19346f0-5ca3-4e6f-bfd9-1e67cc451c5e: start FollowerState
2019-10-05 01:09:50,720 [e7349651-06e6-4307-8dab-742a146f4cf9@group-6C146C812D05-LeaderElection37] INFO  impl.LeaderElection (LeaderElection.java:logAndReturn(56)) - e7349651-06e6-4307-8dab-742a146f4cf9@group-6C146C812D05-LeaderElection37: Election REJECTED; received 2 response(s) [e7349651-06e6-4307-8dab-742a146f4cf9<-07cb5bbc-8352-4509-916c-30becd83db4e#0:FAIL-t1, e7349651-06e6-4307-8dab-742a146f4cf9<-f19346f0-5ca3-4e6f-bfd9-1e67cc451c5e#0:FAIL-t1] and 0 exception(s); e7349651-06e6-4307-8dab-742a146f4cf9@group-6C146C812D05:t1, leader=null, voted=e7349651-06e6-4307-8dab-742a146f4cf9, raftlog=e7349651-06e6-4307-8dab-742a146f4cf9@group-6C146C812D05-SegmentedRaftLog:OPENED:c-1,f-1,i0, conf=-1: [e7349651-06e6-4307-8dab-742a146f4cf9:192.168.151.105:46156, 07cb5bbc-8352-4509-916c-30becd83db4e:192.168.151.105:44643, f19346f0-5ca3-4e6f-bfd9-1e67cc451c5e:192.168.151.105:40429], old=null
2019-10-05 01:09:50,723 [e7349651-06e6-4307-8dab-742a146f4cf9@group-6C146C812D05-LeaderElection37] INFO  impl.RaftServerImpl (RaftServerImpl.java:setRole(170)) - e7349651-06e6-4307-8dab-742a146f4cf9@group-6C146C812D05: changes role from CANDIDATE to FOLLOWER at term 1 for DISCOVERED_A_NEW_TERM
2019-10-05 01:09:50,723 [e7349651-06e6-4307-8dab-742a146f4cf9@group-6C146C812D05-LeaderElection37] INFO  impl.RoleInfo (RoleInfo.java:shutdownLeaderElection(134)) - e7349651-06e6-4307-8dab-742a146f4cf9: shutdown LeaderElection
2019-10-05 01:09:50,723 [e7349651-06e6-4307-8dab-742a146f4cf9@group-6C146C812D05-LeaderElection37] INFO  impl.RoleInfo (RoleInfo.java:updateAndGet(143)) - e7349651-06e6-4307-8dab-742a146f4cf9: start FollowerState
2019-10-05 01:09:50,753 [07cb5bbc-8352-4509-916c-30becd83db4e@group-6C146C812D05-LeaderElection38] INFO  impl.LeaderElection (LeaderElection.java:logAndReturn(56)) - 07cb5bbc-8352-4509-916c-30becd83db4e@group-6C146C812D05-LeaderElection38: Election REJECTED; received 2 response(s) [07cb5bbc-8352-4509-916c-30becd83db4e<-e7349651-06e6-4307-8dab-742a146f4cf9#0:FAIL-t1, 07cb5bbc-8352-4509-916c-30becd83db4e<-f19346f0-5ca3-4e6f-bfd9-1e67cc451c5e#0:FAIL-t1] and 0 exception(s); 07cb5bbc-8352-4509-916c-30becd83db4e@group-6C146C812D05:t1, leader=null, voted=07cb5bbc-8352-4509-916c-30becd83db4e, raftlog=07cb5bbc-8352-4509-916c-30becd83db4e@group-6C146C812D05-SegmentedRaftLog:OPENED:c-1,f-1,i0, conf=-1: [e7349651-06e6-4307-8dab-742a146f4cf9:192.168.151.105:46156, 07cb5bbc-8352-4509-916c-30becd83db4e:192.168.151.105:44643, f19346f0-5ca3-4e6f-bfd9-1e67cc451c5e:192.168.151.105:40429], old=null
2019-10-05 01:09:50,755 [Thread-1456] INFO  impl.FollowerState (FollowerState.java:run(108)) - 3019d9cd-f4df-4c53-b2e3-9f2effc4d01b@group-5EED5E665DC5-FollowerState: change to CANDIDATE, lastRpcTime:5038ms, electionTimeout:5037ms
2019-10-05 01:09:50,756 [07cb5bbc-8352-4509-916c-30becd83db4e@group-6C146C812D05-LeaderElection38] INFO  impl.RaftServerImpl (RaftServerImpl.java:setRole(170)) - 07cb5bbc-8352-4509-916c-30becd83db4e@group-6C146C812D05: changes role from CANDIDATE to FOLLOWER at term 1 for DISCOVERED_A_NEW_TERM
2019-10-05 01:09:50,758 [Thread-1456] INFO  impl.RoleInfo (RoleInfo.java:shutdownFollowerState(121)) - 3019d9cd-f4df-4c53-b2e3-9f2effc4d01b: shutdown FollowerState
2019-10-05 01:09:50,758 [07cb5bbc-8352-4509-916c-30becd83db4e@group-6C146C812D05-LeaderElection38] INFO  impl.RoleInfo (RoleInfo.java:shutdownLeaderElection(134)) - 07cb5bbc-8352-4509-916c-30becd83db4e: shutdown LeaderElection
2019-10-05 01:09:50,758 [Thread-1456] INFO  impl.RaftServerImpl (RaftServerImpl.java:setRole(170)) - 3019d9cd-f4df-4c53-b2e3-9f2effc4d01b@group-5EED5E665DC5: changes role from  FOLLOWER to CANDIDATE at term 0 for changeToCandidate
2019-10-05 01:09:50,759 [07cb5bbc-8352-4509-916c-30becd83db4e@group-6C146C812D05-LeaderElection38] INFO  impl.RoleInfo (RoleInfo.java:updateAndGet(143)) - 07cb5bbc-8352-4509-916c-30becd83db4e: start FollowerState
2019-10-05 01:09:50,759 [Thread-1456] INFO  impl.RoleInfo (RoleInfo.java:updateAndGet(143)) - 3019d9cd-f4df-4c53-b2e3-9f2effc4d01b: start LeaderElection
2019-10-05 01:09:50,763 [Thread-1457] INFO  impl.FollowerState (FollowerState.java:run(108)) - dd7c482c-1b2f-4af4-92b2-62b6d1a2f033@group-5EED5E665DC5-FollowerState: change to CANDIDATE, lastRpcTime:5040ms, electionTimeout:5039ms
2019-10-05 01:09:50,764 [Thread-1457] INFO  impl.RoleInfo (RoleInfo.java:shutdownFollowerState(121)) - dd7c482c-1b2f-4af4-92b2-62b6d1a2f033: shutdown FollowerState
2019-10-05 01:09:50,764 [Thread-1457] INFO  impl.RaftServerImpl (RaftServerImpl.java:setRole(170)) - dd7c482c-1b2f-4af4-92b2-62b6d1a2f033@group-5EED5E665DC5: changes role from  FOLLOWER to CANDIDATE at term 0 for changeToCandidate
2019-10-05 01:09:50,764 [Thread-1457] INFO  impl.RoleInfo (RoleInfo.java:updateAndGet(143)) - dd7c482c-1b2f-4af4-92b2-62b6d1a2f033: start LeaderElection
2019-10-05 01:09:50,778 [3019d9cd-f4df-4c53-b2e3-9f2effc4d01b@group-5EED5E665DC5-LeaderElection39] INFO  impl.LeaderElection (LeaderElection.java:askForVotes(178)) - 3019d9cd-f4df-4c53-b2e3-9f2effc4d01b@group-5EED5E665DC5-LeaderElection39: begin an election at term 1 for -1: [3019d9cd-f4df-4c53-b2e3-9f2effc4d01b:192.168.151.105:44772, deb9e9c6-ff8a-43e6-ae0e-0cc48bd6aa91:192.168.151.105:35280, dd7c482c-1b2f-4af4-92b2-62b6d1a2f033:192.168.151.105:41204], old=null
2019-10-05 01:09:50,778 [dd7c482c-1b2f-4af4-92b2-62b6d1a2f033@group-5EED5E665DC5-LeaderElection40] INFO  impl.LeaderElection (LeaderElection.java:askForVotes(178)) - dd7c482c-1b2f-4af4-92b2-62b6d1a2f033@group-5EED5E665DC5-LeaderElection40: begin an election at term 1 for -1: [3019d9cd-f4df-4c53-b2e3-9f2effc4d01b:192.168.151.105:44772, deb9e9c6-ff8a-43e6-ae0e-0cc48bd6aa91:192.168.151.105:35280, dd7c482c-1b2f-4af4-92b2-62b6d1a2f033:192.168.151.105:41204], old=null
2019-10-05 01:09:50,785 [grpc-default-executor-1] INFO  impl.RaftServerImpl (RaftServerImpl.java:setRole(170)) - deb9e9c6-ff8a-43e6-ae0e-0cc48bd6aa91@group-5EED5E665DC5: changes role from  FOLLOWER to FOLLOWER at term 1 for recognizeCandidate:3019d9cd-f4df-4c53-b2e3-9f2effc4d01b
2019-10-05 01:09:50,785 [grpc-default-executor-1] INFO  impl.RoleInfo (RoleInfo.java:shutdownFollowerState(121)) - deb9e9c6-ff8a-43e6-ae0e-0cc48bd6aa91: shutdown FollowerState
2019-10-05 01:09:50,785 [grpc-default-executor-1] INFO  impl.RoleInfo (RoleInfo.java:updateAndGet(143)) - deb9e9c6-ff8a-43e6-ae0e-0cc48bd6aa91: start FollowerState
2019-10-05 01:09:50,785 [Thread-1458] INFO  impl.FollowerState (FollowerState.java:run(117)) - deb9e9c6-ff8a-43e6-ae0e-0cc48bd6aa91@group-5EED5E665DC5-FollowerState was interrupted: java.lang.InterruptedException: sleep interrupted
2019-10-05 01:09:50,803 [3019d9cd-f4df-4c53-b2e3-9f2effc4d01b@group-5EED5E665DC5-LeaderElection39] INFO  impl.LeaderElection (LeaderElection.java:logAndReturn(56)) - 3019d9cd-f4df-4c53-b2e3-9f2effc4d01b@group-5EED5E665DC5-LeaderElection39: Election PASSED; received 2 response(s) [3019d9cd-f4df-4c53-b2e3-9f2effc4d01b<-deb9e9c6-ff8a-43e6-ae0e-0cc48bd6aa91#0:OK-t1, 3019d9cd-f4df-4c53-b2e3-9f2effc4d01b<-dd7c482c-1b2f-4af4-92b2-62b6d1a2f033#0:FAIL-t1] and 0 exception(s); 3019d9cd-f4df-4c53-b2e3-9f2effc4d01b@group-5EED5E665DC5:t1, leader=null, voted=3019d9cd-f4df-4c53-b2e3-9f2effc4d01b, raftlog=3019d9cd-f4df-4c53-b2e3-9f2effc4d01b@group-5EED5E665DC5-SegmentedRaftLog:OPENED:c-1,f-1,i0, conf=-1: [3019d9cd-f4df-4c53-b2e3-9f2effc4d01b:192.168.151.105:44772, deb9e9c6-ff8a-43e6-ae0e-0cc48bd6aa91:192.168.151.105:35280, dd7c482c-1b2f-4af4-92b2-62b6d1a2f033:192.168.151.105:41204], old=null
2019-10-05 01:09:50,803 [dd7c482c-1b2f-4af4-92b2-62b6d1a2f033@group-5EED5E665DC5-LeaderElection40] INFO  impl.LeaderElection (LeaderElection.java:logAndReturn(56)) - dd7c482c-1b2f-4af4-92b2-62b6d1a2f033@group-5EED5E665DC5-LeaderElection40: Election REJECTED; received 2 response(s) [dd7c482c-1b2f-4af4-92b2-62b6d1a2f033<-3019d9cd-f4df-4c53-b2e3-9f2effc4d01b#0:FAIL-t1, dd7c482c-1b2f-4af4-92b2-62b6d1a2f033<-deb9e9c6-ff8a-43e6-ae0e-0cc48bd6aa91#0:FAIL-t1] and 0 exception(s); dd7c482c-1b2f-4af4-92b2-62b6d1a2f033@group-5EED5E665DC5:t1, leader=null, voted=dd7c482c-1b2f-4af4-92b2-62b6d1a2f033, raftlog=dd7c482c-1b2f-4af4-92b2-62b6d1a2f033@group-5EED5E665DC5-SegmentedRaftLog:OPENED:c-1,f-1,i0, conf=-1: [3019d9cd-f4df-4c53-b2e3-9f2effc4d01b:192.168.151.105:44772, deb9e9c6-ff8a-43e6-ae0e-0cc48bd6aa91:192.168.151.105:35280, dd7c482c-1b2f-4af4-92b2-62b6d1a2f033:192.168.151.105:41204], old=null
2019-10-05 01:09:50,803 [3019d9cd-f4df-4c53-b2e3-9f2effc4d01b@group-5EED5E665DC5-LeaderElection39] INFO  impl.RoleInfo (RoleInfo.java:shutdownLeaderElection(134)) - 3019d9cd-f4df-4c53-b2e3-9f2effc4d01b: shutdown LeaderElection
2019-10-05 01:09:50,805 [dd7c482c-1b2f-4af4-92b2-62b6d1a2f033@group-5EED5E665DC5-LeaderElection40] INFO  impl.RaftServerImpl (RaftServerImpl.java:setRole(170)) - dd7c482c-1b2f-4af4-92b2-62b6d1a2f033@group-5EED5E665DC5: changes role from CANDIDATE to FOLLOWER at term 1 for DISCOVERED_A_NEW_TERM
2019-10-05 01:09:50,807 [3019d9cd-f4df-4c53-b2e3-9f2effc4d01b@group-5EED5E665DC5-LeaderElection39] INFO  impl.RaftServerImpl (RaftServerImpl.java:setRole(170)) - 3019d9cd-f4df-4c53-b2e3-9f2effc4d01b@group-5EED5E665DC5: changes role from CANDIDATE to LEADER at term 1 for changeToLeader
2019-10-05 01:09:50,807 [dd7c482c-1b2f-4af4-92b2-62b6d1a2f033@group-5EED5E665DC5-LeaderElection40] INFO  impl.RoleInfo (RoleInfo.java:shutdownLeaderElection(134)) - dd7c482c-1b2f-4af4-92b2-62b6d1a2f033: shutdown LeaderElection
2019-10-05 01:09:50,808 [3019d9cd-f4df-4c53-b2e3-9f2effc4d01b@group-5EED5E665DC5-LeaderElection39] INFO  impl.RaftServerImpl (ServerState.java:setLeader(255)) - 3019d9cd-f4df-4c53-b2e3-9f2effc4d01b@group-5EED5E665DC5: change Leader from null to 3019d9cd-f4df-4c53-b2e3-9f2effc4d01b at term 1 for becomeLeader, leader elected after 5099ms
2019-10-05 01:09:50,808 [dd7c482c-1b2f-4af4-92b2-62b6d1a2f033@group-5EED5E665DC5-LeaderElection40] INFO  impl.RoleInfo (RoleInfo.java:updateAndGet(143)) - dd7c482c-1b2f-4af4-92b2-62b6d1a2f033: start FollowerState
2019-10-05 01:09:50,808 [3019d9cd-f4df-4c53-b2e3-9f2effc4d01b@group-5EED5E665DC5-LeaderElection39] INFO  server.RaftServerConfigKeys (ConfUtils.java:logGet(43)) - raft.server.staging.catchup.gap = 1000 (default)
2019-10-05 01:09:50,808 [3019d9cd-f4df-4c53-b2e3-9f2effc4d01b@group-5EED5E665DC5-LeaderElection39] INFO  server.RaftServerConfigKeys (ConfUtils.java:logGet(43)) - raft.server.rpc.sleep.time = 25ms (default)
2019-10-05 01:09:50,808 [3019d9cd-f4df-4c53-b2e3-9f2effc4d01b@group-5EED5E665DC5-LeaderElection39] INFO  server.RaftServerConfigKeys (ConfUtils.java:logGet(43)) - raft.server.write.element-limit = 4096 (default)
2019-10-05 01:09:50,808 [3019d9cd-f4df-4c53-b2e3-9f2effc4d01b@group-5EED5E665DC5-LeaderElection39] INFO  server.RaftServerConfigKeys (ConfUtils.java:logGet(43)) - raft.server.watch.timeout = 10s (default)
2019-10-05 01:09:50,809 [3019d9cd-f4df-4c53-b2e3-9f2effc4d01b@group-5EED5E665DC5-LeaderElection39] INFO  server.RaftServerConfigKeys (ConfUtils.java:logGet(43)) - raft.server.watch.timeout.denomination = 1s (default)
2019-10-05 01:09:50,809 [3019d9cd-f4df-4c53-b2e3-9f2effc4d01b@group-5EED5E665DC5-LeaderElection39] INFO  server.RaftServerConfigKeys (ConfUtils.java:logGet(43)) - raft.server.watch.element-limit = 65536 (default)
2019-10-05 01:09:50,811 [3019d9cd-f4df-4c53-b2e3-9f2effc4d01b@group-5EED5E665DC5-LeaderElection39] INFO  server.RaftServerConfigKeys (ConfUtils.java:logGet(43)) - raft.server.log.appender.snapshot.chunk.size.max = 16MB (=16777216) (default)
2019-10-05 01:09:50,812 [3019d9cd-f4df-4c53-b2e3-9f2effc4d01b@group-5EED5E665DC5-LeaderElection39] INFO  server.RaftServerConfigKeys (ConfUtils.java:logGet(43)) - raft.server.log.appender.buffer.byte-limit = 33554432 (custom)
2019-10-05 01:09:50,812 [3019d9cd-f4df-4c53-b2e3-9f2effc4d01b@group-5EED5E665DC5-LeaderElection39] INFO  server.RaftServerConfigKeys (ConfUtils.java:logGet(43)) - raft.server.log.appender.buffer.element-limit = 1 (custom)
2019-10-05 01:09:50,812 [3019d9cd-f4df-4c53-b2e3-9f2effc4d01b@group-5EED5E665DC5-LeaderElection39] INFO  grpc.GrpcConfigKeys$Server (ConfUtils.java:logGet(43)) - raft.grpc.server.leader.outstanding.appends.max = 128 (default)
2019-10-05 01:09:50,812 [3019d9cd-f4df-4c53-b2e3-9f2effc4d01b@group-5EED5E665DC5-LeaderElection39] INFO  server.RaftServerConfigKeys (ConfUtils.java:logGet(43)) - raft.server.rpc.request.timeout = 3000ms (default)
2019-10-05 01:09:50,813 [3019d9cd-f4df-4c53-b2e3-9f2effc4d01b@group-5EED5E665DC5-LeaderElection39] INFO  server.RaftServerConfigKeys (ConfUtils.java:logGet(43)) - raft.server.log.appender.install.snapshot.enabled = false (custom)
2019-10-05 01:09:50,813 [3019d9cd-f4df-4c53-b2e3-9f2effc4d01b@group-5EED5E665DC5-LeaderElection39] INFO  server.RaftServerConfigKeys (ConfUtils.java:logGet(43)) - raft.server.log.appender.snapshot.chunk.size.max = 16MB (=16777216) (default)
2019-10-05 01:09:50,813 [3019d9cd-f4df-4c53-b2e3-9f2effc4d01b@group-5EED5E665DC5-LeaderElection39] INFO  server.RaftServerConfigKeys (ConfUtils.java:logGet(43)) - raft.server.log.appender.buffer.byte-limit = 33554432 (custom)
2019-10-05 01:09:50,813 [3019d9cd-f4df-4c53-b2e3-9f2effc4d01b@group-5EED5E665DC5-LeaderElection39] INFO  server.RaftServerConfigKeys (ConfUtils.java:logGet(43)) - raft.server.log.appender.buffer.element-limit = 1 (custom)
2019-10-05 01:09:50,813 [3019d9cd-f4df-4c53-b2e3-9f2effc4d01b@group-5EED5E665DC5-LeaderElection39] INFO  grpc.GrpcConfigKeys$Server (ConfUtils.java:logGet(43)) - raft.grpc.server.leader.outstanding.appends.max = 128 (default)
2019-10-05 01:09:50,814 [3019d9cd-f4df-4c53-b2e3-9f2effc4d01b@group-5EED5E665DC5-LeaderElection39] INFO  server.RaftServerConfigKeys (ConfUtils.java:logGet(43)) - raft.server.rpc.request.timeout = 3000ms (default)
2019-10-05 01:09:50,814 [3019d9cd-f4df-4c53-b2e3-9f2effc4d01b@group-5EED5E665DC5-LeaderElection39] INFO  server.RaftServerConfigKeys (ConfUtils.java:logGet(43)) - raft.server.log.appender.install.snapshot.enabled = false (custom)
2019-10-05 01:09:50,814 [3019d9cd-f4df-4c53-b2e3-9f2effc4d01b@group-5EED5E665DC5-LeaderElection39] INFO  impl.RoleInfo (RoleInfo.java:updateAndGet(143)) - 3019d9cd-f4df-4c53-b2e3-9f2effc4d01b: start LeaderState
2019-10-05 01:09:50,814 [3019d9cd-f4df-4c53-b2e3-9f2effc4d01b@group-5EED5E665DC5-LeaderElection39] INFO  segmented.SegmentedRaftLogWorker (SegmentedRaftLogWorker.java:startLogSegment(385)) - 3019d9cd-f4df-4c53-b2e3-9f2effc4d01b@group-5EED5E665DC5-SegmentedRaftLogWorker: Starting segment from index:0
2019-10-05 01:09:50,815 [3019d9cd-f4df-4c53-b2e3-9f2effc4d01b@group-5EED5E665DC5-LeaderElection39] INFO  impl.RaftServerImpl (ServerState.java:setRaftConf(356)) - 3019d9cd-f4df-4c53-b2e3-9f2effc4d01b@group-5EED5E665DC5: set configuration 0: [3019d9cd-f4df-4c53-b2e3-9f2effc4d01b:192.168.151.105:44772, deb9e9c6-ff8a-43e6-ae0e-0cc48bd6aa91:192.168.151.105:35280, dd7c482c-1b2f-4af4-92b2-62b6d1a2f033:192.168.151.105:41204], old=null at 0
2019-10-05 01:09:50,850 [grpc-default-executor-3] INFO  impl.RaftServerImpl (ServerState.java:setLeader(255)) - deb9e9c6-ff8a-43e6-ae0e-0cc48bd6aa91@group-5EED5E665DC5: change Leader from null to 3019d9cd-f4df-4c53-b2e3-9f2effc4d01b at term 1 for appendEntries, leader elected after 5141ms
2019-10-05 01:09:50,850 [grpc-default-executor-1] INFO  impl.RaftServerImpl (ServerState.java:setLeader(255)) - dd7c482c-1b2f-4af4-92b2-62b6d1a2f033@group-5EED5E665DC5: change Leader from null to 3019d9cd-f4df-4c53-b2e3-9f2effc4d01b at term 1 for appendEntries, leader elected after 5142ms
2019-10-05 01:09:50,853 [grpc-default-executor-3] INFO  impl.RaftServerImpl (ServerState.java:setRaftConf(356)) - deb9e9c6-ff8a-43e6-ae0e-0cc48bd6aa91@group-5EED5E665DC5: set configuration 0: [3019d9cd-f4df-4c53-b2e3-9f2effc4d01b:192.168.151.105:44772, deb9e9c6-ff8a-43e6-ae0e-0cc48bd6aa91:192.168.151.105:35280, dd7c482c-1b2f-4af4-92b2-62b6d1a2f033:192.168.151.105:41204], old=null at 0
2019-10-05 01:09:50,853 [grpc-default-executor-1] INFO  impl.RaftServerImpl (ServerState.java:setRaftConf(356)) - dd7c482c-1b2f-4af4-92b2-62b6d1a2f033@group-5EED5E665DC5: set configuration 0: [3019d9cd-f4df-4c53-b2e3-9f2effc4d01b:192.168.151.105:44772, deb9e9c6-ff8a-43e6-ae0e-0cc48bd6aa91:192.168.151.105:35280, dd7c482c-1b2f-4af4-92b2-62b6d1a2f033:192.168.151.105:41204], old=null at 0
2019-10-05 01:09:50,854 [grpc-default-executor-3] INFO  segmented.SegmentedRaftLogWorker (SegmentedRaftLogWorker.java:startLogSegment(385)) - deb9e9c6-ff8a-43e6-ae0e-0cc48bd6aa91@group-5EED5E665DC5-SegmentedRaftLogWorker: Starting segment from index:0
2019-10-05 01:09:50,854 [grpc-default-executor-1] INFO  segmented.SegmentedRaftLogWorker (SegmentedRaftLogWorker.java:startLogSegment(385)) - dd7c482c-1b2f-4af4-92b2-62b6d1a2f033@group-5EED5E665DC5-SegmentedRaftLogWorker: Starting segment from index:0
2019-10-05 01:09:50,860 [3019d9cd-f4df-4c53-b2e3-9f2effc4d01b@group-5EED5E665DC5-SegmentedRaftLogWorker] INFO  segmented.SegmentedRaftLogWorker (SegmentedRaftLogWorker.java:execute(574)) - 3019d9cd-f4df-4c53-b2e3-9f2effc4d01b@group-5EED5E665DC5-SegmentedRaftLogWorker: created new log segment /workdir/hadoop-ozone/integration-test/target/test-dir/MiniOzoneClusterImpl-aae8a5e2-5455-4700-bcf4-486adb770533/datanode-5/data/ratis/93949fe6-7ed4-4daa-bb60-5eed5e665dc5/current/log_inprogress_0
2019-10-05 01:09:50,916 [dd7c482c-1b2f-4af4-92b2-62b6d1a2f033@group-5EED5E665DC5-SegmentedRaftLogWorker] INFO  segmented.SegmentedRaftLogWorker (SegmentedRaftLogWorker.java:execute(574)) - dd7c482c-1b2f-4af4-92b2-62b6d1a2f033@group-5EED5E665DC5-SegmentedRaftLogWorker: created new log segment /workdir/hadoop-ozone/integration-test/target/test-dir/MiniOzoneClusterImpl-aae8a5e2-5455-4700-bcf4-486adb770533/datanode-1/data/ratis/93949fe6-7ed4-4daa-bb60-5eed5e665dc5/current/log_inprogress_0
2019-10-05 01:09:50,916 [deb9e9c6-ff8a-43e6-ae0e-0cc48bd6aa91@group-5EED5E665DC5-SegmentedRaftLogWorker] INFO  segmented.SegmentedRaftLogWorker (SegmentedRaftLogWorker.java:execute(574)) - deb9e9c6-ff8a-43e6-ae0e-0cc48bd6aa91@group-5EED5E665DC5-SegmentedRaftLogWorker: created new log segment /workdir/hadoop-ozone/integration-test/target/test-dir/MiniOzoneClusterImpl-aae8a5e2-5455-4700-bcf4-486adb770533/datanode-6/data/ratis/93949fe6-7ed4-4daa-bb60-5eed5e665dc5/current/log_inprogress_0
2019-10-05 01:09:55,754 [Thread-1507] INFO  impl.FollowerState (FollowerState.java:run(108)) - f19346f0-5ca3-4e6f-bfd9-1e67cc451c5e@group-6C146C812D05-FollowerState: change to CANDIDATE, lastRpcTime:5034ms, electionTimeout:5031ms
2019-10-05 01:09:55,755 [Thread-1507] INFO  impl.RoleInfo (RoleInfo.java:shutdownFollowerState(121)) - f19346f0-5ca3-4e6f-bfd9-1e67cc451c5e: shutdown FollowerState
2019-10-05 01:09:55,755 [Thread-1507] INFO  impl.RaftServerImpl (RaftServerImpl.java:setRole(170)) - f19346f0-5ca3-4e6f-bfd9-1e67cc451c5e@group-6C146C812D05: changes role from  FOLLOWER to CANDIDATE at term 1 for changeToCandidate
2019-10-05 01:09:55,755 [Thread-1507] INFO  impl.RoleInfo (RoleInfo.java:updateAndGet(143)) - f19346f0-5ca3-4e6f-bfd9-1e67cc451c5e: start LeaderElection
2019-10-05 01:09:55,769 [f19346f0-5ca3-4e6f-bfd9-1e67cc451c5e@group-6C146C812D05-LeaderElection41] INFO  impl.LeaderElection (LeaderElection.java:askForVotes(178)) - f19346f0-5ca3-4e6f-bfd9-1e67cc451c5e@group-6C146C812D05-LeaderElection41: begin an election at term 2 for -1: [e7349651-06e6-4307-8dab-742a146f4cf9:192.168.151.105:46156, 07cb5bbc-8352-4509-916c-30becd83db4e:192.168.151.105:44643, f19346f0-5ca3-4e6f-bfd9-1e67cc451c5e:192.168.151.105:40429], old=null
2019-10-05 01:09:55,773 [grpc-default-executor-3] INFO  impl.RaftServerImpl (RaftServerImpl.java:setRole(170)) - e7349651-06e6-4307-8dab-742a146f4cf9@group-6C146C812D05: changes role from  FOLLOWER to FOLLOWER at term 2 for recognizeCandidate:f19346f0-5ca3-4e6f-bfd9-1e67cc451c5e
2019-10-05 01:09:55,773 [grpc-default-executor-1] INFO  impl.RaftServerImpl (RaftServerImpl.java:setRole(170)) - 07cb5bbc-8352-4509-916c-30becd83db4e@group-6C146C812D05: changes role from  FOLLOWER to FOLLOWER at term 2 for recognizeCandidate:f19346f0-5ca3-4e6f-bfd9-1e67cc451c5e
2019-10-05 01:09:55,773 [grpc-default-executor-3] INFO  impl.RoleInfo (RoleInfo.java:shutdownFollowerState(121)) - e7349651-06e6-4307-8dab-742a146f4cf9: shutdown FollowerState
2019-10-05 01:09:55,773 [grpc-default-executor-1] INFO  impl.RoleInfo (RoleInfo.java:shutdownFollowerState(121)) - 07cb5bbc-8352-4509-916c-30becd83db4e: shutdown FollowerState
2019-10-05 01:09:55,774 [grpc-default-executor-3] INFO  impl.RoleInfo (RoleInfo.java:updateAndGet(143)) - e7349651-06e6-4307-8dab-742a146f4cf9: start FollowerState
2019-10-05 01:09:55,774 [Thread-1510] INFO  impl.FollowerState (FollowerState.java:run(117)) - 07cb5bbc-8352-4509-916c-30becd83db4e@group-6C146C812D05-FollowerState was interrupted: java.lang.InterruptedException: sleep interrupted
2019-10-05 01:09:55,774 [Thread-1508] INFO  impl.FollowerState (FollowerState.java:run(117)) - e7349651-06e6-4307-8dab-742a146f4cf9@group-6C146C812D05-FollowerState was interrupted: java.lang.InterruptedException: sleep interrupted
2019-10-05 01:09:55,774 [grpc-default-executor-1] INFO  impl.RoleInfo (RoleInfo.java:updateAndGet(143)) - 07cb5bbc-8352-4509-916c-30becd83db4e: start FollowerState
2019-10-05 01:09:55,790 [f19346f0-5ca3-4e6f-bfd9-1e67cc451c5e@group-6C146C812D05-LeaderElection41] INFO  impl.LeaderElection (LeaderElection.java:logAndReturn(56)) - f19346f0-5ca3-4e6f-bfd9-1e67cc451c5e@group-6C146C812D05-LeaderElection41: Election PASSED; received 1 response(s) [f19346f0-5ca3-4e6f-bfd9-1e67cc451c5e<-07cb5bbc-8352-4509-916c-30becd83db4e#0:OK-t2] and 0 exception(s); f19346f0-5ca3-4e6f-bfd9-1e67cc451c5e@group-6C146C812D05:t2, leader=null, voted=f19346f0-5ca3-4e6f-bfd9-1e67cc451c5e, raftlog=f19346f0-5ca3-4e6f-bfd9-1e67cc451c5e@group-6C146C812D05-SegmentedRaftLog:OPENED:c-1,f-1,i0, conf=-1: [e7349651-06e6-4307-8dab-742a146f4cf9:192.168.151.105:46156, 07cb5bbc-8352-4509-916c-30becd83db4e:192.168.151.105:44643, f19346f0-5ca3-4e6f-bfd9-1e67cc451c5e:192.168.151.105:40429], old=null
2019-10-05 01:09:55,790 [f19346f0-5ca3-4e6f-bfd9-1e67cc451c5e@group-6C146C812D05-LeaderElection41] INFO  impl.RoleInfo (RoleInfo.java:shutdownLeaderElection(134)) - f19346f0-5ca3-4e6f-bfd9-1e67cc451c5e: shutdown LeaderElection
2019-10-05 01:09:55,790 [f19346f0-5ca3-4e6f-bfd9-1e67cc451c5e@group-6C146C812D05-LeaderElection41] INFO  impl.RaftServerImpl (RaftServerImpl.java:setRole(170)) - f19346f0-5ca3-4e6f-bfd9-1e67cc451c5e@group-6C146C812D05: changes role from CANDIDATE to LEADER at term 2 for changeToLeader
2019-10-05 01:09:55,790 [f19346f0-5ca3-4e6f-bfd9-1e67cc451c5e@group-6C146C812D05-LeaderElection41] INFO  impl.RaftServerImpl (ServerState.java:setLeader(255)) - f19346f0-5ca3-4e6f-bfd9-1e67cc451c5e@group-6C146C812D05: change Leader from null to f19346f0-5ca3-4e6f-bfd9-1e67cc451c5e at term 2 for becomeLeader, leader elected after 10182ms
2019-10-05 01:09:55,790 [f19346f0-5ca3-4e6f-bfd9-1e67cc451c5e@group-6C146C812D05-LeaderElection41] INFO  server.RaftServerConfigKeys (ConfUtils.java:logGet(43)) - raft.server.staging.catchup.gap = 1000 (default)
2019-10-05 01:09:55,791 [f19346f0-5ca3-4e6f-bfd9-1e67cc451c5e@group-6C146C812D05-LeaderElection41] INFO  server.RaftServerConfigKeys (ConfUtils.java:logGet(43)) - raft.server.rpc.sleep.time = 25ms (default)
2019-10-05 01:09:55,791 [f19346f0-5ca3-4e6f-bfd9-1e67cc451c5e@group-6C146C812D05-LeaderElection41] INFO  server.RaftServerConfigKeys (ConfUtils.java:logGet(43)) - raft.server.write.element-limit = 4096 (default)
2019-10-05 01:09:55,791 [f19346f0-5ca3-4e6f-bfd9-1e67cc451c5e@group-6C146C812D05-LeaderElection41] INFO  server.RaftServerConfigKeys (ConfUtils.java:logGet(43)) - raft.server.watch.timeout = 10s (default)
2019-10-05 01:09:55,791 [f19346f0-5ca3-4e6f-bfd9-1e67cc451c5e@group-6C146C812D05-LeaderElection41] INFO  server.RaftServerConfigKeys (ConfUtils.java:logGet(43)) - raft.server.watch.timeout.denomination = 1s (default)
2019-10-05 01:09:55,791 [f19346f0-5ca3-4e6f-bfd9-1e67cc451c5e@group-6C146C812D05-LeaderElection41] INFO  server.RaftServerConfigKeys (ConfUtils.java:logGet(43)) - raft.server.watch.element-limit = 65536 (default)
2019-10-05 01:09:55,794 [f19346f0-5ca3-4e6f-bfd9-1e67cc451c5e@group-6C146C812D05-LeaderElection41] INFO  server.RaftServerConfigKeys (ConfUtils.java:logGet(43)) - raft.server.log.appender.snapshot.chunk.size.max = 16MB (=16777216) (default)
2019-10-05 01:09:55,795 [f19346f0-5ca3-4e6f-bfd9-1e67cc451c5e@group-6C146C812D05-LeaderElection41] INFO  server.RaftServerConfigKeys (ConfUtils.java:logGet(43)) - raft.server.log.appender.buffer.byte-limit = 33554432 (custom)
2019-10-05 01:09:55,795 [f19346f0-5ca3-4e6f-bfd9-1e67cc451c5e@group-6C146C812D05-LeaderElection41] INFO  server.RaftServerConfigKeys (ConfUtils.java:logGet(43)) - raft.server.log.appender.buffer.element-limit = 1 (custom)
2019-10-05 01:09:55,795 [f19346f0-5ca3-4e6f-bfd9-1e67cc451c5e@group-6C146C812D05-LeaderElection41] INFO  grpc.GrpcConfigKeys$Server (ConfUtils.java:logGet(43)) - raft.grpc.server.leader.outstanding.appends.max = 128 (default)
2019-10-05 01:09:55,796 [f19346f0-5ca3-4e6f-bfd9-1e67cc451c5e@group-6C146C812D05-LeaderElection41] INFO  server.RaftServerConfigKeys (ConfUtils.java:logGet(43)) - raft.server.rpc.request.timeout = 3000ms (default)
2019-10-05 01:09:55,796 [f19346f0-5ca3-4e6f-bfd9-1e67cc451c5e@group-6C146C812D05-LeaderElection41] INFO  server.RaftServerConfigKeys (ConfUtils.java:logGet(43)) - raft.server.log.appender.install.snapshot.enabled = false (custom)
2019-10-05 01:09:55,796 [f19346f0-5ca3-4e6f-bfd9-1e67cc451c5e@group-6C146C812D05-LeaderElection41] INFO  server.RaftServerConfigKeys (ConfUtils.java:logGet(43)) - raft.server.log.appender.snapshot.chunk.size.max = 16MB (=16777216) (default)
2019-10-05 01:09:55,796 [f19346f0-5ca3-4e6f-bfd9-1e67cc451c5e@group-6C146C812D05-LeaderElection41] INFO  server.RaftServerConfigKeys (ConfUtils.java:logGet(43)) - raft.server.log.appender.buffer.byte-limit = 33554432 (custom)
2019-10-05 01:09:55,796 [f19346f0-5ca3-4e6f-bfd9-1e67cc451c5e@group-6C146C812D05-LeaderElection41] INFO  server.RaftServerConfigKeys (ConfUtils.java:logGet(43)) - raft.server.log.appender.buffer.element-limit = 1 (custom)
2019-10-05 01:09:55,797 [f19346f0-5ca3-4e6f-bfd9-1e67cc451c5e@group-6C146C812D05-LeaderElection41] INFO  grpc.GrpcConfigKeys$Server (ConfUtils.java:logGet(43)) - raft.grpc.server.leader.outstanding.appends.max = 128 (default)
2019-10-05 01:09:55,797 [f19346f0-5ca3-4e6f-bfd9-1e67cc451c5e@group-6C146C812D05-LeaderElection41] INFO  server.RaftServerConfigKeys (ConfUtils.java:logGet(43)) - raft.server.rpc.request.timeout = 3000ms (default)
2019-10-05 01:09:55,797 [f19346f0-5ca3-4e6f-bfd9-1e67cc451c5e@group-6C146C812D05-LeaderElection41] INFO  server.RaftServerConfigKeys (ConfUtils.java:logGet(43)) - raft.server.log.appender.install.snapshot.enabled = false (custom)
2019-10-05 01:09:55,797 [f19346f0-5ca3-4e6f-bfd9-1e67cc451c5e@group-6C146C812D05-LeaderElection41] INFO  impl.RoleInfo (RoleInfo.java:updateAndGet(143)) - f19346f0-5ca3-4e6f-bfd9-1e67cc451c5e: start LeaderState
2019-10-05 01:09:55,798 [f19346f0-5ca3-4e6f-bfd9-1e67cc451c5e@group-6C146C812D05-LeaderElection41] INFO  segmented.SegmentedRaftLogWorker (SegmentedRaftLogWorker.java:startLogSegment(385)) - f19346f0-5ca3-4e6f-bfd9-1e67cc451c5e@group-6C146C812D05-SegmentedRaftLogWorker: Starting segment from index:0
2019-10-05 01:09:55,799 [f19346f0-5ca3-4e6f-bfd9-1e67cc451c5e@group-6C146C812D05-LeaderElection41] INFO  impl.RaftServerImpl (ServerState.java:setRaftConf(356)) - f19346f0-5ca3-4e6f-bfd9-1e67cc451c5e@group-6C146C812D05: set configuration 0: [e7349651-06e6-4307-8dab-742a146f4cf9:192.168.151.105:46156, 07cb5bbc-8352-4509-916c-30becd83db4e:192.168.151.105:44643, f19346f0-5ca3-4e6f-bfd9-1e67cc451c5e:192.168.151.105:40429], old=null at 0
2019-10-05 01:09:55,804 [grpc-default-executor-1] INFO  impl.RaftServerImpl (ServerState.java:setLeader(255)) - e7349651-06e6-4307-8dab-742a146f4cf9@group-6C146C812D05: change Leader from null to f19346f0-5ca3-4e6f-bfd9-1e67cc451c5e at term 2 for appendEntries, leader elected after 10196ms
2019-10-05 01:09:55,804 [grpc-default-executor-3] INFO  impl.RaftServerImpl (ServerState.java:setLeader(255)) - 07cb5bbc-8352-4509-916c-30becd83db4e@group-6C146C812D05: change Leader from null to f19346f0-5ca3-4e6f-bfd9-1e67cc451c5e at term 2 for appendEntries, leader elected after 10196ms
2019-10-05 01:09:55,843 [grpc-default-executor-4] INFO  impl.RaftServerImpl (ServerState.java:setRaftConf(356)) - e7349651-06e6-4307-8dab-742a146f4cf9@group-6C146C812D05: set configuration 0: [e7349651-06e6-4307-8dab-742a146f4cf9:192.168.151.105:46156, 07cb5bbc-8352-4509-916c-30becd83db4e:192.168.151.105:44643, f19346f0-5ca3-4e6f-bfd9-1e67cc451c5e:192.168.151.105:40429], old=null at 0
2019-10-05 01:09:55,843 [grpc-default-executor-3] INFO  impl.RaftServerImpl (ServerState.java:setRaftConf(356)) - 07cb5bbc-8352-4509-916c-30becd83db4e@group-6C146C812D05: set configuration 0: [e7349651-06e6-4307-8dab-742a146f4cf9:192.168.151.105:46156, 07cb5bbc-8352-4509-916c-30becd83db4e:192.168.151.105:44643, f19346f0-5ca3-4e6f-bfd9-1e67cc451c5e:192.168.151.105:40429], old=null at 0
2019-10-05 01:09:55,844 [grpc-default-executor-4] INFO  segmented.SegmentedRaftLogWorker (SegmentedRaftLogWorker.java:startLogSegment(385)) - e7349651-06e6-4307-8dab-742a146f4cf9@group-6C146C812D05-SegmentedRaftLogWorker: Starting segment from index:0
2019-10-05 01:09:55,844 [grpc-default-executor-3] INFO  segmented.SegmentedRaftLogWorker (SegmentedRaftLogWorker.java:startLogSegment(385)) - 07cb5bbc-8352-4509-916c-30becd83db4e@group-6C146C812D05-SegmentedRaftLogWorker: Starting segment from index:0
2019-10-05 01:09:55,882 [f19346f0-5ca3-4e6f-bfd9-1e67cc451c5e@group-6C146C812D05-SegmentedRaftLogWorker] INFO  segmented.SegmentedRaftLogWorker (SegmentedRaftLogWorker.java:execute(574)) - f19346f0-5ca3-4e6f-bfd9-1e67cc451c5e@group-6C146C812D05-SegmentedRaftLogWorker: created new log segment /workdir/hadoop-ozone/integration-test/target/test-dir/MiniOzoneClusterImpl-aae8a5e2-5455-4700-bcf4-486adb770533/datanode-3/data/ratis/7bab6404-008a-4979-9711-6c146c812d05/current/log_inprogress_0
2019-10-05 01:09:55,910 [07cb5bbc-8352-4509-916c-30becd83db4e@group-6C146C812D05-SegmentedRaftLogWorker] INFO  segmented.SegmentedRaftLogWorker (SegmentedRaftLogWorker.java:execute(574)) - 07cb5bbc-8352-4509-916c-30becd83db4e@group-6C146C812D05-SegmentedRaftLogWorker: created new log segment /workdir/hadoop-ozone/integration-test/target/test-dir/MiniOzoneClusterImpl-aae8a5e2-5455-4700-bcf4-486adb770533/datanode-4/data/ratis/7bab6404-008a-4979-9711-6c146c812d05/current/log_inprogress_0
2019-10-05 01:09:55,910 [e7349651-06e6-4307-8dab-742a146f4cf9@group-6C146C812D05-SegmentedRaftLogWorker] INFO  segmented.SegmentedRaftLogWorker (SegmentedRaftLogWorker.java:execute(574)) - e7349651-06e6-4307-8dab-742a146f4cf9@group-6C146C812D05-SegmentedRaftLogWorker: created new log segment /workdir/hadoop-ozone/integration-test/target/test-dir/MiniOzoneClusterImpl-aae8a5e2-5455-4700-bcf4-486adb770533/datanode-0/data/ratis/7bab6404-008a-4979-9711-6c146c812d05/current/log_inprogress_0
2019-10-05 01:09:57,022 [Datanode State Machine Thread - 0] INFO  statemachine.DatanodeStateMachine (DatanodeStateMachine.java:lambda$startDaemon$0(350)) - Ozone container server started.
2019-10-05 01:10:01,047 [main] INFO  ozoneimpl.OzoneContainer (OzoneContainer.java:stop(231)) - Attempting to stop container services.
2019-10-05 01:10:01,049 [main] INFO  impl.RaftServerProxy (RaftServerProxy.java:lambda$close$4(314)) - e7349651-06e6-4307-8dab-742a146f4cf9: close
2019-10-05 01:10:01,050 [main] INFO  impl.RaftServerImpl (RaftServerImpl.java:lambda$shutdown$3(247)) - e7349651-06e6-4307-8dab-742a146f4cf9@group-28FDBF65F551: shutdown
2019-10-05 01:10:01,050 [ForkJoinPool.commonPool-worker-0] INFO  impl.RaftServerImpl (RaftServerImpl.java:lambda$shutdown$3(247)) - e7349651-06e6-4307-8dab-742a146f4cf9@group-6C146C812D05: shutdown
2019-10-05 01:10:01,050 [main] INFO  util.JmxRegister (JmxRegister.java:unregister(73)) - Successfully un-registered JMX Bean with object name Ratis:service=RaftServer,group=group-28FDBF65F551,id=e7349651-06e6-4307-8dab-742a146f4cf9
2019-10-05 01:10:01,051 [ForkJoinPool.commonPool-worker-0] INFO  util.JmxRegister (JmxRegister.java:unregister(73)) - Successfully un-registered JMX Bean with object name Ratis:service=RaftServer,group=group-6C146C812D05,id=e7349651-06e6-4307-8dab-742a146f4cf9
2019-10-05 01:10:01,051 [main] INFO  impl.RoleInfo (RoleInfo.java:shutdownLeaderState(104)) - e7349651-06e6-4307-8dab-742a146f4cf9: shutdown LeaderState
2019-10-05 01:10:01,051 [ForkJoinPool.commonPool-worker-0] INFO  impl.RoleInfo (RoleInfo.java:shutdownFollowerState(121)) - e7349651-06e6-4307-8dab-742a146f4cf9: shutdown FollowerState
2019-10-05 01:10:01,052 [main] INFO  impl.PendingRequests (PendingRequests.java:sendNotLeaderResponses(202)) - e7349651-06e6-4307-8dab-742a146f4cf9@group-28FDBF65F551-PendingRequests: sendNotLeaderResponses
2019-10-05 01:10:01,052 [e7349651-06e6-4307-8dab-742a146f4cf9@group-6C146C812D05-StateMachineUpdater] INFO  ratis.ContainerStateMachine (ContainerStateMachine.java:takeSnapshot(293)) - group-6C146C812D05: Taking a snapshot at:(t:2, i:1) file /workdir/hadoop-ozone/integration-test/target/test-dir/MiniOzoneClusterImpl-aae8a5e2-5455-4700-bcf4-486adb770533/datanode-0/data/ratis/7bab6404-008a-4979-9711-6c146c812d05/sm/snapshot.2_1
2019-10-05 01:10:01,052 [Thread-1541] INFO  impl.FollowerState (FollowerState.java:run(117)) - e7349651-06e6-4307-8dab-742a146f4cf9@group-6C146C812D05-FollowerState was interrupted: java.lang.InterruptedException: sleep interrupted
2019-10-05 01:10:01,052 [ForkJoinPool.commonPool-worker-0] INFO  impl.StateMachineUpdater (StateMachineUpdater.java:stopAndJoin(136)) - e7349651-06e6-4307-8dab-742a146f4cf9@group-6C146C812D05-StateMachineUpdater: set stopIndex = 2
2019-10-05 01:10:01,052 [main] INFO  impl.StateMachineUpdater (StateMachineUpdater.java:stopAndJoin(136)) - e7349651-06e6-4307-8dab-742a146f4cf9@group-28FDBF65F551-StateMachineUpdater: set stopIndex = 0
2019-10-05 01:10:01,053 [main] INFO  impl.RaftServerImpl (ServerState.java:close(387)) - e7349651-06e6-4307-8dab-742a146f4cf9@group-28FDBF65F551: closes. applyIndex: 0
2019-10-05 01:10:01,054 [e7349651-06e6-4307-8dab-742a146f4cf9@group-28FDBF65F551-SegmentedRaftLogWorker] INFO  segmented.SegmentedRaftLogWorker (SegmentedRaftLogWorker.java:run(316)) - e7349651-06e6-4307-8dab-742a146f4cf9@group-28FDBF65F551-SegmentedRaftLogWorker was interrupted, exiting. There are 0 tasks remaining in the queue.
2019-10-05 01:10:01,058 [main] INFO  segmented.SegmentedRaftLogWorker (SegmentedRaftLogWorker.java:close(224)) - e7349651-06e6-4307-8dab-742a146f4cf9@group-28FDBF65F551-SegmentedRaftLogWorker close()
2019-10-05 01:10:01,066 [e7349651-06e6-4307-8dab-742a146f4cf9@group-6C146C812D05-StateMachineUpdater] INFO  ratis.ContainerStateMachine (ContainerStateMachine.java:takeSnapshot(304)) - group-6C146C812D05: Finished taking a snapshot at:(t:2, i:1) file:/workdir/hadoop-ozone/integration-test/target/test-dir/MiniOzoneClusterImpl-aae8a5e2-5455-4700-bcf4-486adb770533/datanode-0/data/ratis/7bab6404-008a-4979-9711-6c146c812d05/sm/snapshot.2_1 time:13
2019-10-05 01:10:01,066 [e7349651-06e6-4307-8dab-742a146f4cf9@group-6C146C812D05-StateMachineUpdater] INFO  impl.StateMachineUpdater (StateMachineUpdater.java:takeSnapshot(269)) - e7349651-06e6-4307-8dab-742a146f4cf9@group-6C146C812D05-StateMachineUpdater: Took a snapshot at index 1
2019-10-05 01:10:01,066 [e7349651-06e6-4307-8dab-742a146f4cf9@group-6C146C812D05-StateMachineUpdater] INFO  impl.StateMachineUpdater (StateMachineUpdater.java:lambda$new$0(84)) - e7349651-06e6-4307-8dab-742a146f4cf9@group-6C146C812D05-StateMachineUpdater: snapshotIndex: updateIncreasingly -1 -> 1
2019-10-05 01:10:01,067 [e7349651-06e6-4307-8dab-742a146f4cf9@group-6C146C812D05-StateMachineUpdater] INFO  ratis.ContainerStateMachine (ContainerStateMachine.java:takeSnapshot(293)) - group-6C146C812D05: Taking a snapshot at:(t:2, i:1) file /workdir/hadoop-ozone/integration-test/target/test-dir/MiniOzoneClusterImpl-aae8a5e2-5455-4700-bcf4-486adb770533/datanode-0/data/ratis/7bab6404-008a-4979-9711-6c146c812d05/sm/snapshot.2_1
2019-10-05 01:10:01,079 [e7349651-06e6-4307-8dab-742a146f4cf9@group-6C146C812D05-StateMachineUpdater] INFO  ratis.ContainerStateMachine (ContainerStateMachine.java:takeSnapshot(304)) - group-6C146C812D05: Finished taking a snapshot at:(t:2, i:1) file:/workdir/hadoop-ozone/integration-test/target/test-dir/MiniOzoneClusterImpl-aae8a5e2-5455-4700-bcf4-486adb770533/datanode-0/data/ratis/7bab6404-008a-4979-9711-6c146c812d05/sm/snapshot.2_1 time:12
2019-10-05 01:10:01,079 [e7349651-06e6-4307-8dab-742a146f4cf9@group-6C146C812D05-StateMachineUpdater] INFO  impl.StateMachineUpdater (StateMachineUpdater.java:takeSnapshot(269)) - e7349651-06e6-4307-8dab-742a146f4cf9@group-6C146C812D05-StateMachineUpdater: Took a snapshot at index 1
2019-10-05 01:10:01,079 [e7349651-06e6-4307-8dab-742a146f4cf9@group-6C146C812D05-StateMachineUpdater] INFO  impl.StateMachineUpdater (StateMachineUpdater.java:lambda$new$0(84)) - e7349651-06e6-4307-8dab-742a146f4cf9@group-6C146C812D05-StateMachineUpdater: snapshotIndex: updateIncreasingly 1 -> 1
2019-10-05 01:10:01,079 [ForkJoinPool.commonPool-worker-0] INFO  impl.RaftServerImpl (ServerState.java:close(387)) - e7349651-06e6-4307-8dab-742a146f4cf9@group-6C146C812D05: closes. applyIndex: 2
2019-10-05 01:10:01,080 [e7349651-06e6-4307-8dab-742a146f4cf9@group-6C146C812D05-SegmentedRaftLogWorker] INFO  segmented.SegmentedRaftLogWorker (SegmentedRaftLogWorker.java:run(316)) - e7349651-06e6-4307-8dab-742a146f4cf9@group-6C146C812D05-SegmentedRaftLogWorker was interrupted, exiting. There are 0 tasks remaining in the queue.
2019-10-05 01:10:01,082 [ForkJoinPool.commonPool-worker-0] INFO  segmented.SegmentedRaftLogWorker (SegmentedRaftLogWorker.java:close(224)) - e7349651-06e6-4307-8dab-742a146f4cf9@group-6C146C812D05-SegmentedRaftLogWorker close()
2019-10-05 01:10:01,087 [main] INFO  server.GrpcService (GrpcService.java:closeImpl(164)) - e7349651-06e6-4307-8dab-742a146f4cf9: shutdown server with port 46156 now
2019-10-05 01:10:01,089 [grpc-default-executor-3] WARN  server.GrpcServerProtocolService (LogUtils.java:warn(134)) - e7349651-06e6-4307-8dab-742a146f4cf9: installSnapshot onError, lastRequest: f19346f0-5ca3-4e6f-bfd9-1e67cc451c5e->e7349651-06e6-4307-8dab-742a146f4cf9#5-t2, previous=(t:2, i:2), leaderCommit=2, initializing? false, entries: <empty>: org.apache.ratis.thirdparty.io.grpc.StatusRuntimeException: CANCELLED: cancelled before receiving half close
2019-10-05 01:10:01,089 [main] INFO  server.GrpcService (GrpcService.java:closeImpl(172)) - e7349651-06e6-4307-8dab-742a146f4cf9: shutdown server with port 46156 successfully
2019-10-05 01:10:01,090 [grpc-default-executor-4] WARN  server.GrpcLogAppender (LogUtils.java:warn(134)) - f19346f0-5ca3-4e6f-bfd9-1e67cc451c5e@group-6C146C812D05->e7349651-06e6-4307-8dab-742a146f4cf9-AppendLogResponseHandler: Failed appendEntries: org.apache.ratis.thirdparty.io.grpc.StatusRuntimeException: CANCELLED: HTTP/2 error code: CANCEL
Received Rst Stream
2019-10-05 01:10:01,090 [grpc-default-executor-4] INFO  impl.FollowerInfo (FollowerInfo.java:lambda$new$0(51)) - f19346f0-5ca3-4e6f-bfd9-1e67cc451c5e@group-6C146C812D05->e7349651-06e6-4307-8dab-742a146f4cf9: nextIndex: updateUnconditionally 3 -> 2
2019-10-05 01:10:01,092 [refreshUsed-/workdir/hadoop-ozone/integration-test/target/test-dir/MiniOzoneClusterImpl-aae8a5e2-5455-4700-bcf4-486adb770533/datanode-0/data/containers] WARN  fs.CachingGetSpaceUsed (CachingGetSpaceUsed.java:run(183)) - Thread Interrupted waiting to refresh disk information: sleep interrupted
2019-10-05 01:10:01,105 [main] INFO  utils.BackgroundService (BackgroundService.java:shutdown(148)) - Shutting down service BlockDeletingService
2019-10-05 01:10:01,115 [main] INFO  statemachine.DatanodeStateMachine (DatanodeStateMachine.java:stopDaemon(395)) - Ozone container server stopped.
2019-10-05 01:10:01,116 [main] INFO  handler.ContextHandler (ContextHandler.java:doStop(910)) - Stopped o.e.j.w.WebAppContext@61615b4a{/,null,UNAVAILABLE}{/hddsDatanode}
2019-10-05 01:10:01,119 [main] INFO  server.AbstractConnector (AbstractConnector.java:doStop(318)) - Stopped ServerConnector@721d8ab5{HTTP/1.1,[http/1.1]}{0.0.0.0:0}
2019-10-05 01:10:01,119 [main] INFO  handler.ContextHandler (ContextHandler.java:doStop(910)) - Stopped o.e.j.s.ServletContextHandler@3332c7a5{/static,jar:file:/home/user/.m2/repository/org/apache/hadoop/hadoop-hdds-container-service/0.5.0-SNAPSHOT/hadoop-hdds-container-service-0.5.0-SNAPSHOT.jar!/webapps/static,UNAVAILABLE}
2019-10-05 01:10:01,120 [main] INFO  handler.ContextHandler (ContextHandler.java:doStop(910)) - Stopped o.e.j.s.ServletContextHandler@1da1380b{/logs,file:///workdir/hadoop-ozone/integration-test/target/log,UNAVAILABLE}
2019-10-05 01:10:02,022 [Datanode State Machine Thread - 0] INFO  statemachine.DatanodeStateMachine (DatanodeStateMachine.java:lambda$startDaemon$0(350)) - Ozone container server started.
2019-10-05 01:10:03,459 [grpc-default-executor-3] WARN  server.GrpcLogAppender (LogUtils.java:warn(134)) - f19346f0-5ca3-4e6f-bfd9-1e67cc451c5e@group-6C146C812D05->e7349651-06e6-4307-8dab-742a146f4cf9-AppendLogResponseHandler: Failed appendEntries: org.apache.ratis.thirdparty.io.grpc.StatusRuntimeException: UNAVAILABLE: io exception
2019-10-05 01:10:03,460 [grpc-default-executor-3] INFO  impl.FollowerInfo (FollowerInfo.java:lambda$new$0(51)) - f19346f0-5ca3-4e6f-bfd9-1e67cc451c5e@group-6C146C812D05->e7349651-06e6-4307-8dab-742a146f4cf9: nextIndex: updateUnconditionally 2 -> 1
2019-10-05 01:10:05,962 [grpc-default-executor-1] WARN  server.GrpcLogAppender (LogUtils.java:warn(134)) - f19346f0-5ca3-4e6f-bfd9-1e67cc451c5e@group-6C146C812D05->e7349651-06e6-4307-8dab-742a146f4cf9-AppendLogResponseHandler: Failed appendEntries: org.apache.ratis.thirdparty.io.grpc.StatusRuntimeException: UNAVAILABLE: io exception
2019-10-05 01:10:05,963 [grpc-default-executor-1] INFO  impl.FollowerInfo (FollowerInfo.java:lambda$new$0(51)) - f19346f0-5ca3-4e6f-bfd9-1e67cc451c5e@group-6C146C812D05->e7349651-06e6-4307-8dab-742a146f4cf9: nextIndex: updateUnconditionally 1 -> 0
2019-10-05 01:10:06,122 [main] INFO  ozoneimpl.OzoneContainer (OzoneContainer.java:stop(231)) - Attempting to stop container services.
2019-10-05 01:10:06,126 [main] INFO  impl.RaftServerProxy (RaftServerProxy.java:lambda$close$4(314)) - 07cb5bbc-8352-4509-916c-30becd83db4e: close
2019-10-05 01:10:06,127 [main] INFO  impl.RaftServerImpl (RaftServerImpl.java:lambda$shutdown$3(247)) - 07cb5bbc-8352-4509-916c-30becd83db4e@group-4D90E83F8B1C: shutdown
2019-10-05 01:10:06,127 [ForkJoinPool.commonPool-worker-1] INFO  impl.RaftServerImpl (RaftServerImpl.java:lambda$shutdown$3(247)) - 07cb5bbc-8352-4509-916c-30becd83db4e@group-6C146C812D05: shutdown
2019-10-05 01:10:06,127 [main] INFO  util.JmxRegister (JmxRegister.java:unregister(73)) - Successfully un-registered JMX Bean with object name Ratis:service=RaftServer,group=group-4D90E83F8B1C,id=07cb5bbc-8352-4509-916c-30becd83db4e
2019-10-05 01:10:06,128 [ForkJoinPool.commonPool-worker-1] INFO  util.JmxRegister (JmxRegister.java:unregister(73)) - Successfully un-registered JMX Bean with object name Ratis:service=RaftServer,group=group-6C146C812D05,id=07cb5bbc-8352-4509-916c-30becd83db4e
2019-10-05 01:10:06,128 [main] INFO  impl.RoleInfo (RoleInfo.java:shutdownLeaderState(104)) - 07cb5bbc-8352-4509-916c-30becd83db4e: shutdown LeaderState
2019-10-05 01:10:06,128 [ForkJoinPool.commonPool-worker-1] INFO  impl.RoleInfo (RoleInfo.java:shutdownFollowerState(121)) - 07cb5bbc-8352-4509-916c-30becd83db4e: shutdown FollowerState
2019-10-05 01:10:06,129 [main] INFO  impl.PendingRequests (PendingRequests.java:sendNotLeaderResponses(202)) - 07cb5bbc-8352-4509-916c-30becd83db4e@group-4D90E83F8B1C-PendingRequests: sendNotLeaderResponses
2019-10-05 01:10:06,129 [Thread-1542] INFO  impl.FollowerState (FollowerState.java:run(117)) - 07cb5bbc-8352-4509-916c-30becd83db4e@group-6C146C812D05-FollowerState was interrupted: java.lang.InterruptedException: sleep interrupted
2019-10-05 01:10:06,129 [07cb5bbc-8352-4509-916c-30becd83db4e@group-6C146C812D05-StateMachineUpdater] INFO  ratis.ContainerStateMachine (ContainerStateMachine.java:takeSnapshot(293)) - group-6C146C812D05: Taking a snapshot at:(t:2, i:1) file /workdir/hadoop-ozone/integration-test/target/test-dir/MiniOzoneClusterImpl-aae8a5e2-5455-4700-bcf4-486adb770533/datanode-4/data/ratis/7bab6404-008a-4979-9711-6c146c812d05/sm/snapshot.2_1
2019-10-05 01:10:06,129 [ForkJoinPool.commonPool-worker-1] INFO  impl.StateMachineUpdater (StateMachineUpdater.java:stopAndJoin(136)) - 07cb5bbc-8352-4509-916c-30becd83db4e@group-6C146C812D05-StateMachineUpdater: set stopIndex = 2
2019-10-05 01:10:06,130 [main] INFO  impl.StateMachineUpdater (StateMachineUpdater.java:stopAndJoin(136)) - 07cb5bbc-8352-4509-916c-30becd83db4e@group-4D90E83F8B1C-StateMachineUpdater: set stopIndex = 0
2019-10-05 01:10:06,130 [main] INFO  impl.RaftServerImpl (ServerState.java:close(387)) - 07cb5bbc-8352-4509-916c-30becd83db4e@group-4D90E83F8B1C: closes. applyIndex: 0
2019-10-05 01:10:06,131 [07cb5bbc-8352-4509-916c-30becd83db4e@group-4D90E83F8B1C-SegmentedRaftLogWorker] INFO  segmented.SegmentedRaftLogWorker (SegmentedRaftLogWorker.java:run(316)) - 07cb5bbc-8352-4509-916c-30becd83db4e@group-4D90E83F8B1C-SegmentedRaftLogWorker was interrupted, exiting. There are 0 tasks remaining in the queue.
2019-10-05 01:10:06,136 [main] INFO  segmented.SegmentedRaftLogWorker (SegmentedRaftLogWorker.java:close(224)) - 07cb5bbc-8352-4509-916c-30becd83db4e@group-4D90E83F8B1C-SegmentedRaftLogWorker close()
2019-10-05 01:10:06,144 [07cb5bbc-8352-4509-916c-30becd83db4e@group-6C146C812D05-StateMachineUpdater] INFO  ratis.ContainerStateMachine (ContainerStateMachine.java:takeSnapshot(304)) - group-6C146C812D05: Finished taking a snapshot at:(t:2, i:1) file:/workdir/hadoop-ozone/integration-test/target/test-dir/MiniOzoneClusterImpl-aae8a5e2-5455-4700-bcf4-486adb770533/datanode-4/data/ratis/7bab6404-008a-4979-9711-6c146c812d05/sm/snapshot.2_1 time:15
2019-10-05 01:10:06,144 [07cb5bbc-8352-4509-916c-30becd83db4e@group-6C146C812D05-StateMachineUpdater] INFO  impl.StateMachineUpdater (StateMachineUpdater.java:takeSnapshot(269)) - 07cb5bbc-8352-4509-916c-30becd83db4e@group-6C146C812D05-StateMachineUpdater: Took a snapshot at index 1
2019-10-05 01:10:06,145 [07cb5bbc-8352-4509-916c-30becd83db4e@group-6C146C812D05-StateMachineUpdater] INFO  impl.StateMachineUpdater (StateMachineUpdater.java:lambda$new$0(84)) - 07cb5bbc-8352-4509-916c-30becd83db4e@group-6C146C812D05-StateMachineUpdater: snapshotIndex: updateIncreasingly -1 -> 1
2019-10-05 01:10:06,145 [07cb5bbc-8352-4509-916c-30becd83db4e@group-6C146C812D05-StateMachineUpdater] INFO  ratis.ContainerStateMachine (ContainerStateMachine.java:takeSnapshot(293)) - group-6C146C812D05: Taking a snapshot at:(t:2, i:1) file /workdir/hadoop-ozone/integration-test/target/test-dir/MiniOzoneClusterImpl-aae8a5e2-5455-4700-bcf4-486adb770533/datanode-4/data/ratis/7bab6404-008a-4979-9711-6c146c812d05/sm/snapshot.2_1
2019-10-05 01:10:06,157 [07cb5bbc-8352-4509-916c-30becd83db4e@group-6C146C812D05-StateMachineUpdater] INFO  ratis.ContainerStateMachine (ContainerStateMachine.java:takeSnapshot(304)) - group-6C146C812D05: Finished taking a snapshot at:(t:2, i:1) file:/workdir/hadoop-ozone/integration-test/target/test-dir/MiniOzoneClusterImpl-aae8a5e2-5455-4700-bcf4-486adb770533/datanode-4/data/ratis/7bab6404-008a-4979-9711-6c146c812d05/sm/snapshot.2_1 time:12
2019-10-05 01:10:06,158 [07cb5bbc-8352-4509-916c-30becd83db4e@group-6C146C812D05-StateMachineUpdater] INFO  impl.StateMachineUpdater (StateMachineUpdater.java:takeSnapshot(269)) - 07cb5bbc-8352-4509-916c-30becd83db4e@group-6C146C812D05-StateMachineUpdater: Took a snapshot at index 1
2019-10-05 01:10:06,158 [07cb5bbc-8352-4509-916c-30becd83db4e@group-6C146C812D05-StateMachineUpdater] INFO  impl.StateMachineUpdater (StateMachineUpdater.java:lambda$new$0(84)) - 07cb5bbc-8352-4509-916c-30becd83db4e@group-6C146C812D05-StateMachineUpdater: snapshotIndex: updateIncreasingly 1 -> 1
2019-10-05 01:10:06,158 [ForkJoinPool.commonPool-worker-1] INFO  impl.RaftServerImpl (ServerState.java:close(387)) - 07cb5bbc-8352-4509-916c-30becd83db4e@group-6C146C812D05: closes. applyIndex: 2
2019-10-05 01:10:06,158 [07cb5bbc-8352-4509-916c-30becd83db4e@group-6C146C812D05-SegmentedRaftLogWorker] INFO  segmented.SegmentedRaftLogWorker (SegmentedRaftLogWorker.java:run(316)) - 07cb5bbc-8352-4509-916c-30becd83db4e@group-6C146C812D05-SegmentedRaftLogWorker was interrupted, exiting. There are 0 tasks remaining in the queue.
2019-10-05 01:10:06,162 [ForkJoinPool.commonPool-worker-1] INFO  segmented.SegmentedRaftLogWorker (SegmentedRaftLogWorker.java:close(224)) - 07cb5bbc-8352-4509-916c-30becd83db4e@group-6C146C812D05-SegmentedRaftLogWorker close()
2019-10-05 01:10:06,167 [main] INFO  server.GrpcService (GrpcService.java:closeImpl(164)) - 07cb5bbc-8352-4509-916c-30becd83db4e: shutdown server with port 44643 now
2019-10-05 01:10:06,168 [main] INFO  server.GrpcService (GrpcService.java:closeImpl(172)) - 07cb5bbc-8352-4509-916c-30becd83db4e: shutdown server with port 44643 successfully
2019-10-05 01:10:06,168 [grpc-default-executor-4] WARN  server.GrpcServerProtocolService (LogUtils.java:warn(134)) - 07cb5bbc-8352-4509-916c-30becd83db4e: installSnapshot onError, lastRequest: f19346f0-5ca3-4e6f-bfd9-1e67cc451c5e->07cb5bbc-8352-4509-916c-30becd83db4e#7-t2, previous=(t:2, i:2), leaderCommit=2, initializing? false, entries: <empty>: org.apache.ratis.thirdparty.io.grpc.StatusRuntimeException: CANCELLED: cancelled before receiving half close
2019-10-05 01:10:06,168 [grpc-default-executor-3] WARN  server.GrpcLogAppender (LogUtils.java:warn(134)) - f19346f0-5ca3-4e6f-bfd9-1e67cc451c5e@group-6C146C812D05->07cb5bbc-8352-4509-916c-30becd83db4e-AppendLogResponseHandler: Failed appendEntries: org.apache.ratis.thirdparty.io.grpc.StatusRuntimeException: CANCELLED: HTTP/2 error code: CANCEL
Received Rst Stream
2019-10-05 01:10:06,169 [grpc-default-executor-3] INFO  impl.FollowerInfo (FollowerInfo.java:lambda$new$0(51)) - f19346f0-5ca3-4e6f-bfd9-1e67cc451c5e@group-6C146C812D05->07cb5bbc-8352-4509-916c-30becd83db4e: nextIndex: updateUnconditionally 3 -> 2
2019-10-05 01:10:06,174 [refreshUsed-/workdir/hadoop-ozone/integration-test/target/test-dir/MiniOzoneClusterImpl-aae8a5e2-5455-4700-bcf4-486adb770533/datanode-4/data/containers] WARN  fs.CachingGetSpaceUsed (CachingGetSpaceUsed.java:run(183)) - Thread Interrupted waiting to refresh disk information: sleep interrupted
2019-10-05 01:10:06,200 [main] INFO  utils.BackgroundService (BackgroundService.java:shutdown(148)) - Shutting down service BlockDeletingService
2019-10-05 01:10:06,207 [main] INFO  statemachine.DatanodeStateMachine (DatanodeStateMachine.java:stopDaemon(395)) - Ozone container server stopped.
2019-10-05 01:10:06,210 [main] INFO  handler.ContextHandler (ContextHandler.java:doStop(910)) - Stopped o.e.j.w.WebAppContext@7c241a9f{/,null,UNAVAILABLE}{/hddsDatanode}
2019-10-05 01:10:06,212 [main] INFO  server.AbstractConnector (AbstractConnector.java:doStop(318)) - Stopped ServerConnector@58fd1214{HTTP/1.1,[http/1.1]}{0.0.0.0:0}
2019-10-05 01:10:06,212 [main] INFO  handler.ContextHandler (ContextHandler.java:doStop(910)) - Stopped o.e.j.s.ServletContextHandler@6b357eb6{/static,jar:file:/home/user/.m2/repository/org/apache/hadoop/hadoop-hdds-container-service/0.5.0-SNAPSHOT/hadoop-hdds-container-service-0.5.0-SNAPSHOT.jar!/webapps/static,UNAVAILABLE}
2019-10-05 01:10:06,213 [main] INFO  handler.ContextHandler (ContextHandler.java:doStop(910)) - Stopped o.e.j.s.ServletContextHandler@6f6efa4f{/logs,file:///workdir/hadoop-ozone/integration-test/target/log,UNAVAILABLE}
2019-10-05 01:10:08,461 [grpc-default-executor-4] WARN  server.GrpcLogAppender (LogUtils.java:warn(134)) - f19346f0-5ca3-4e6f-bfd9-1e67cc451c5e@group-6C146C812D05->e7349651-06e6-4307-8dab-742a146f4cf9-AppendLogResponseHandler: Failed appendEntries: org.apache.ratis.thirdparty.io.grpc.StatusRuntimeException: UNAVAILABLE: io exception
2019-10-05 01:10:08,462 [grpc-default-executor-2] WARN  server.GrpcLogAppender (LogUtils.java:warn(134)) - f19346f0-5ca3-4e6f-bfd9-1e67cc451c5e@group-6C146C812D05->07cb5bbc-8352-4509-916c-30becd83db4e-AppendLogResponseHandler: Failed appendEntries: org.apache.ratis.thirdparty.io.grpc.StatusRuntimeException: UNAVAILABLE: io exception
2019-10-05 01:10:08,462 [grpc-default-executor-4] INFO  impl.FollowerInfo (FollowerInfo.java:lambda$new$0(51)) - f19346f0-5ca3-4e6f-bfd9-1e67cc451c5e@group-6C146C812D05->e7349651-06e6-4307-8dab-742a146f4cf9: nextIndex: updateUnconditionally 0 -> 0
2019-10-05 01:10:08,462 [grpc-default-executor-2] INFO  impl.FollowerInfo (FollowerInfo.java:lambda$new$0(51)) - f19346f0-5ca3-4e6f-bfd9-1e67cc451c5e@group-6C146C812D05->07cb5bbc-8352-4509-916c-30becd83db4e: nextIndex: updateUnconditionally 2 -> 1
2019-10-05 01:10:10,965 [grpc-default-executor-2] WARN  server.GrpcLogAppender (LogUtils.java:warn(134)) - f19346f0-5ca3-4e6f-bfd9-1e67cc451c5e@group-6C146C812D05->07cb5bbc-8352-4509-916c-30becd83db4e-AppendLogResponseHandler: Failed appendEntries: org.apache.ratis.thirdparty.io.grpc.StatusRuntimeException: UNAVAILABLE: io exception
2019-10-05 01:10:10,965 [grpc-default-executor-1] WARN  server.GrpcLogAppender (LogUtils.java:warn(134)) - f19346f0-5ca3-4e6f-bfd9-1e67cc451c5e@group-6C146C812D05->e7349651-06e6-4307-8dab-742a146f4cf9-AppendLogResponseHandler: Failed appendEntries: org.apache.ratis.thirdparty.io.grpc.StatusRuntimeException: UNAVAILABLE: io exception
2019-10-05 01:10:10,966 [grpc-default-executor-2] INFO  impl.FollowerInfo (FollowerInfo.java:lambda$new$0(51)) - f19346f0-5ca3-4e6f-bfd9-1e67cc451c5e@group-6C146C812D05->07cb5bbc-8352-4509-916c-30becd83db4e: nextIndex: updateUnconditionally 1 -> 0
2019-10-05 01:10:10,966 [grpc-default-executor-1] INFO  impl.FollowerInfo (FollowerInfo.java:lambda$new$0(51)) - f19346f0-5ca3-4e6f-bfd9-1e67cc451c5e@group-6C146C812D05->e7349651-06e6-4307-8dab-742a146f4cf9: nextIndex: updateUnconditionally 0 -> 0
2019-10-05 01:10:13,464 [grpc-default-executor-2] WARN  server.GrpcLogAppender (LogUtils.java:warn(134)) - f19346f0-5ca3-4e6f-bfd9-1e67cc451c5e@group-6C146C812D05->07cb5bbc-8352-4509-916c-30becd83db4e-AppendLogResponseHandler: Failed appendEntries: org.apache.ratis.thirdparty.io.grpc.StatusRuntimeException: UNAVAILABLE: io exception
2019-10-05 01:10:13,464 [grpc-default-executor-3] WARN  server.GrpcLogAppender (LogUtils.java:warn(134)) - f19346f0-5ca3-4e6f-bfd9-1e67cc451c5e@group-6C146C812D05->e7349651-06e6-4307-8dab-742a146f4cf9-AppendLogResponseHandler: Failed appendEntries: org.apache.ratis.thirdparty.io.grpc.StatusRuntimeException: UNAVAILABLE: io exception
2019-10-05 01:10:13,465 [grpc-default-executor-2] INFO  impl.FollowerInfo (FollowerInfo.java:lambda$new$0(51)) - f19346f0-5ca3-4e6f-bfd9-1e67cc451c5e@group-6C146C812D05->07cb5bbc-8352-4509-916c-30becd83db4e: nextIndex: updateUnconditionally 0 -> 0
2019-10-05 01:10:13,465 [grpc-default-executor-3] INFO  impl.FollowerInfo (FollowerInfo.java:lambda$new$0(51)) - f19346f0-5ca3-4e6f-bfd9-1e67cc451c5e@group-6C146C812D05->e7349651-06e6-4307-8dab-742a146f4cf9: nextIndex: updateUnconditionally 0 -> 0
2019-10-05 01:10:15,970 [grpc-default-executor-2] WARN  server.GrpcLogAppender (LogUtils.java:warn(134)) - f19346f0-5ca3-4e6f-bfd9-1e67cc451c5e@group-6C146C812D05->07cb5bbc-8352-4509-916c-30becd83db4e-AppendLogResponseHandler: Failed appendEntries: org.apache.ratis.thirdparty.io.grpc.StatusRuntimeException: UNAVAILABLE: io exception
2019-10-05 01:10:15,970 [grpc-default-executor-6] WARN  server.GrpcLogAppender (LogUtils.java:warn(134)) - f19346f0-5ca3-4e6f-bfd9-1e67cc451c5e@group-6C146C812D05->e7349651-06e6-4307-8dab-742a146f4cf9-AppendLogResponseHandler: Failed appendEntries: org.apache.ratis.thirdparty.io.grpc.StatusRuntimeException: UNAVAILABLE: io exception
2019-10-05 01:10:15,977 [grpc-default-executor-6] INFO  impl.FollowerInfo (FollowerInfo.java:lambda$new$0(51)) - f19346f0-5ca3-4e6f-bfd9-1e67cc451c5e@group-6C146C812D05->e7349651-06e6-4307-8dab-742a146f4cf9: nextIndex: updateUnconditionally 0 -> 0
2019-10-05 01:10:15,977 [grpc-default-executor-2] INFO  impl.FollowerInfo (FollowerInfo.java:lambda$new$0(51)) - f19346f0-5ca3-4e6f-bfd9-1e67cc451c5e@group-6C146C812D05->07cb5bbc-8352-4509-916c-30becd83db4e: nextIndex: updateUnconditionally 0 -> 0
2019-10-05 01:10:17,057 [Thread-1594] INFO  client.GrpcClientProtocolService (GrpcClientProtocolService.java:lambda$processClientRequest$0(278)) - Failed RaftClientRequest:client-9CF7328F923B->f19346f0-5ca3-4e6f-bfd9-1e67cc451c5e@group-6C146C812D05, cid=67, seq=0, Watch-ALL_COMMITTED(49), Message:<EMPTY>, reply=RaftClientReply:client-9CF7328F923B->f19346f0-5ca3-4e6f-bfd9-1e67cc451c5e@group-6C146C812D05, cid=67, FAILED org.apache.ratis.protocol.NotReplicatedException: Request with call Id 67 and log index 49 is not yet replicated to ALL_COMMITTED, logIndex=49, commits[f19346f0-5ca3-4e6f-bfd9-1e67cc451c5e:c2, e7349651-06e6-4307-8dab-742a146f4cf9:c2, 07cb5bbc-8352-4509-916c-30becd83db4e:c2]
2019-10-05 01:10:18,470 [grpc-default-executor-6] WARN  server.GrpcLogAppender (LogUtils.java:warn(134)) - f19346f0-5ca3-4e6f-bfd9-1e67cc451c5e@group-6C146C812D05->e7349651-06e6-4307-8dab-742a146f4cf9-AppendLogResponseHandler: Failed appendEntries: org.apache.ratis.thirdparty.io.grpc.StatusRuntimeException: UNAVAILABLE: io exception
2019-10-05 01:10:18,470 [grpc-default-executor-1] WARN  server.GrpcLogAppender (LogUtils.java:warn(134)) - f19346f0-5ca3-4e6f-bfd9-1e67cc451c5e@group-6C146C812D05->07cb5bbc-8352-4509-916c-30becd83db4e-AppendLogResponseHandler: Failed appendEntries: org.apache.ratis.thirdparty.io.grpc.StatusRuntimeException: UNAVAILABLE: io exception
2019-10-05 01:10:18,474 [grpc-default-executor-6] INFO  impl.FollowerInfo (FollowerInfo.java:lambda$new$0(51)) - f19346f0-5ca3-4e6f-bfd9-1e67cc451c5e@group-6C146C812D05->e7349651-06e6-4307-8dab-742a146f4cf9: nextIndex: updateUnconditionally 0 -> 0
2019-10-05 01:10:18,474 [grpc-default-executor-1] INFO  impl.FollowerInfo (FollowerInfo.java:lambda$new$0(51)) - f19346f0-5ca3-4e6f-bfd9-1e67cc451c5e@group-6C146C812D05->07cb5bbc-8352-4509-916c-30becd83db4e: nextIndex: updateUnconditionally 0 -> 0
2019-10-05 01:10:20,974 [grpc-default-executor-6] WARN  server.GrpcLogAppender (LogUtils.java:warn(134)) - f19346f0-5ca3-4e6f-bfd9-1e67cc451c5e@group-6C146C812D05->07cb5bbc-8352-4509-916c-30becd83db4e-AppendLogResponseHandler: Failed appendEntries: org.apache.ratis.thirdparty.io.grpc.StatusRuntimeException: UNAVAILABLE: io exception
2019-10-05 01:10:20,974 [grpc-default-executor-1] WARN  server.GrpcLogAppender (LogUtils.java:warn(134)) - f19346f0-5ca3-4e6f-bfd9-1e67cc451c5e@group-6C146C812D05->e7349651-06e6-4307-8dab-742a146f4cf9-AppendLogResponseHandler: Failed appendEntries: org.apache.ratis.thirdparty.io.grpc.StatusRuntimeException: UNAVAILABLE: io exception
2019-10-05 01:10:20,976 [grpc-default-executor-6] INFO  impl.FollowerInfo (FollowerInfo.java:lambda$new$0(51)) - f19346f0-5ca3-4e6f-bfd9-1e67cc451c5e@group-6C146C812D05->07cb5bbc-8352-4509-916c-30becd83db4e: nextIndex: updateUnconditionally 0 -> 0
2019-10-05 01:10:20,976 [grpc-default-executor-1] INFO  impl.FollowerInfo (FollowerInfo.java:lambda$new$0(51)) - f19346f0-5ca3-4e6f-bfd9-1e67cc451c5e@group-6C146C812D05->e7349651-06e6-4307-8dab-742a146f4cf9: nextIndex: updateUnconditionally 0 -> 0
2019-10-05 01:10:23,475 [grpc-default-executor-1] WARN  server.GrpcLogAppender (LogUtils.java:warn(134)) - f19346f0-5ca3-4e6f-bfd9-1e67cc451c5e@group-6C146C812D05->e7349651-06e6-4307-8dab-742a146f4cf9-AppendLogResponseHandler: Failed appendEntries: org.apache.ratis.thirdparty.io.grpc.StatusRuntimeException: UNAVAILABLE: io exception
2019-10-05 01:10:23,475 [grpc-default-executor-6] WARN  server.GrpcLogAppender (LogUtils.java:warn(134)) - f19346f0-5ca3-4e6f-bfd9-1e67cc451c5e@group-6C146C812D05->07cb5bbc-8352-4509-916c-30becd83db4e-AppendLogResponseHandler: Failed appendEntries: org.apache.ratis.thirdparty.io.grpc.StatusRuntimeException: UNAVAILABLE: io exception
2019-10-05 01:10:23,476 [grpc-default-executor-1] INFO  impl.FollowerInfo (FollowerInfo.java:lambda$new$0(51)) - f19346f0-5ca3-4e6f-bfd9-1e67cc451c5e@group-6C146C812D05->e7349651-06e6-4307-8dab-742a146f4cf9: nextIndex: updateUnconditionally 0 -> 0
2019-10-05 01:10:23,476 [grpc-default-executor-6] INFO  impl.FollowerInfo (FollowerInfo.java:lambda$new$0(51)) - f19346f0-5ca3-4e6f-bfd9-1e67cc451c5e@group-6C146C812D05->07cb5bbc-8352-4509-916c-30becd83db4e: nextIndex: updateUnconditionally 0 -> 0
2019-10-05 01:10:25,977 [grpc-default-executor-6] WARN  server.GrpcLogAppender (LogUtils.java:warn(134)) - f19346f0-5ca3-4e6f-bfd9-1e67cc451c5e@group-6C146C812D05->07cb5bbc-8352-4509-916c-30becd83db4e-AppendLogResponseHandler: Failed appendEntries: org.apache.ratis.thirdparty.io.grpc.StatusRuntimeException: UNAVAILABLE: io exception
2019-10-05 01:10:25,977 [grpc-default-executor-1] WARN  server.GrpcLogAppender (LogUtils.java:warn(134)) - f19346f0-5ca3-4e6f-bfd9-1e67cc451c5e@group-6C146C812D05->e7349651-06e6-4307-8dab-742a146f4cf9-AppendLogResponseHandler: Failed appendEntries: org.apache.ratis.thirdparty.io.grpc.StatusRuntimeException: UNAVAILABLE: io exception
2019-10-05 01:10:25,980 [grpc-default-executor-6] INFO  impl.FollowerInfo (FollowerInfo.java:lambda$new$0(51)) - f19346f0-5ca3-4e6f-bfd9-1e67cc451c5e@group-6C146C812D05->07cb5bbc-8352-4509-916c-30becd83db4e: nextIndex: updateUnconditionally 0 -> 0
2019-10-05 01:10:25,980 [grpc-default-executor-1] INFO  impl.FollowerInfo (FollowerInfo.java:lambda$new$0(51)) - f19346f0-5ca3-4e6f-bfd9-1e67cc451c5e@group-6C146C812D05->e7349651-06e6-4307-8dab-742a146f4cf9: nextIndex: updateUnconditionally 0 -> 0
2019-10-05 01:10:26,218 [main] WARN  scm.XceiverClientRatis (XceiverClientRatis.java:watchForCommit(292)) - 3 way commit failed on pipeline Pipeline[ Id: 7bab6404-008a-4979-9711-6c146c812d05, Nodes: e7349651-06e6-4307-8dab-742a146f4cf9{ip: 192.168.151.105, host: pr-hdds-1986-f466r-3473100931, networkLocation: /default-rack, certSerialId: null}07cb5bbc-8352-4509-916c-30becd83db4e{ip: 192.168.151.105, host: pr-hdds-1986-f466r-3473100931, networkLocation: /default-rack, certSerialId: null}f19346f0-5ca3-4e6f-bfd9-1e67cc451c5e{ip: 192.168.151.105, host: pr-hdds-1986-f466r-3473100931, networkLocation: /default-rack, certSerialId: null}, Type:RATIS, Factor:THREE, State:OPEN]
java.util.concurrent.TimeoutException
	at java.util.concurrent.CompletableFuture.timedGet(CompletableFuture.java:1771)
	at java.util.concurrent.CompletableFuture.get(CompletableFuture.java:1915)
	at org.apache.hadoop.hdds.scm.XceiverClientRatis.watchForCommit(XceiverClientRatis.java:289)
	at org.apache.hadoop.ozone.client.rpc.TestWatchForCommit.testWatchForCommitForRetryfailure(TestWatchForCommit.java:345)
	at sun.reflect.NativeMethodAccessorImpl.invoke0(Native Method)
	at sun.reflect.NativeMethodAccessorImpl.invoke(NativeMethodAccessorImpl.java:62)
	at sun.reflect.DelegatingMethodAccessorImpl.invoke(DelegatingMethodAccessorImpl.java:43)
	at java.lang.reflect.Method.invoke(Method.java:498)
	at org.junit.runners.model.FrameworkMethod$1.runReflectiveCall(FrameworkMethod.java:47)
	at org.junit.internal.runners.model.ReflectiveCallable.run(ReflectiveCallable.java:12)
	at org.junit.runners.model.FrameworkMethod.invokeExplosively(FrameworkMethod.java:44)
	at org.junit.internal.runners.statements.InvokeMethod.evaluate(InvokeMethod.java:17)
	at org.junit.runners.ParentRunner.runLeaf(ParentRunner.java:271)
	at org.junit.runners.BlockJUnit4ClassRunner.runChild(BlockJUnit4ClassRunner.java:70)
	at org.junit.runners.BlockJUnit4ClassRunner.runChild(BlockJUnit4ClassRunner.java:50)
	at org.junit.runners.ParentRunner$3.run(ParentRunner.java:238)
	at org.junit.runners.ParentRunner$1.schedule(ParentRunner.java:63)
	at org.junit.runners.ParentRunner.runChildren(ParentRunner.java:236)
	at org.junit.runners.ParentRunner.access$000(ParentRunner.java:53)
	at org.junit.runners.ParentRunner$2.evaluate(ParentRunner.java:229)
	at org.junit.runners.ParentRunner.run(ParentRunner.java:309)
	at org.apache.maven.surefire.junit4.JUnit4Provider.execute(JUnit4Provider.java:365)
	at org.apache.maven.surefire.junit4.JUnit4Provider.executeWithRerun(JUnit4Provider.java:273)
	at org.apache.maven.surefire.junit4.JUnit4Provider.executeTestSet(JUnit4Provider.java:238)
	at org.apache.maven.surefire.junit4.JUnit4Provider.invoke(JUnit4Provider.java:159)
	at org.apache.maven.surefire.booter.ForkedBooter.invokeProviderInSameClassLoader(ForkedBooter.java:384)
	at org.apache.maven.surefire.booter.ForkedBooter.runSuitesInProcess(ForkedBooter.java:345)
	at org.apache.maven.surefire.booter.ForkedBooter.execute(ForkedBooter.java:126)
	at org.apache.maven.surefire.booter.ForkedBooter.main(ForkedBooter.java:418)
2019-10-05 01:10:28,478 [grpc-default-executor-4] WARN  server.GrpcLogAppender (LogUtils.java:warn(134)) - f19346f0-5ca3-4e6f-bfd9-1e67cc451c5e@group-6C146C812D05->e7349651-06e6-4307-8dab-742a146f4cf9-AppendLogResponseHandler: Failed appendEntries: org.apache.ratis.thirdparty.io.grpc.StatusRuntimeException: UNAVAILABLE: io exception
2019-10-05 01:10:28,478 [grpc-default-executor-3] WARN  server.GrpcLogAppender (LogUtils.java:warn(134)) - f19346f0-5ca3-4e6f-bfd9-1e67cc451c5e@group-6C146C812D05->07cb5bbc-8352-4509-916c-30becd83db4e-AppendLogResponseHandler: Failed appendEntries: org.apache.ratis.thirdparty.io.grpc.StatusRuntimeException: UNAVAILABLE: io exception
2019-10-05 01:10:28,482 [grpc-default-executor-4] INFO  impl.FollowerInfo (FollowerInfo.java:lambda$new$0(51)) - f19346f0-5ca3-4e6f-bfd9-1e67cc451c5e@group-6C146C812D05->e7349651-06e6-4307-8dab-742a146f4cf9: nextIndex: updateUnconditionally 0 -> 0
2019-10-05 01:10:28,482 [grpc-default-executor-3] INFO  impl.FollowerInfo (FollowerInfo.java:lambda$new$0(51)) - f19346f0-5ca3-4e6f-bfd9-1e67cc451c5e@group-6C146C812D05->07cb5bbc-8352-4509-916c-30becd83db4e: nextIndex: updateUnconditionally 0 -> 0
2019-10-05 01:10:29,057 [Thread-1612] INFO  client.GrpcClientProtocolService (GrpcClientProtocolService.java:lambda$processClientRequest$0(278)) - Failed RaftClientRequest:client-9CF7328F923B->f19346f0-5ca3-4e6f-bfd9-1e67cc451c5e@group-6C146C812D05, cid=67, seq=0, Watch-ALL_COMMITTED(49), Message:<EMPTY>, reply=RaftClientReply:client-9CF7328F923B->f19346f0-5ca3-4e6f-bfd9-1e67cc451c5e@group-6C146C812D05, cid=67, FAILED org.apache.ratis.protocol.NotReplicatedException: Request with call Id 67 and log index 49 is not yet replicated to ALL_COMMITTED, logIndex=49, commits[f19346f0-5ca3-4e6f-bfd9-1e67cc451c5e:c2, e7349651-06e6-4307-8dab-742a146f4cf9:c2, 07cb5bbc-8352-4509-916c-30becd83db4e:c2]
2019-10-05 01:10:30,981 [grpc-default-executor-2] WARN  server.GrpcLogAppender (LogUtils.java:warn(134)) - f19346f0-5ca3-4e6f-bfd9-1e67cc451c5e@group-6C146C812D05->e7349651-06e6-4307-8dab-742a146f4cf9-AppendLogResponseHandler: Failed appendEntries: org.apache.ratis.thirdparty.io.grpc.StatusRuntimeException: UNAVAILABLE: io exception
2019-10-05 01:10:30,981 [grpc-default-executor-4] WARN  server.GrpcLogAppender (LogUtils.java:warn(134)) - f19346f0-5ca3-4e6f-bfd9-1e67cc451c5e@group-6C146C812D05->07cb5bbc-8352-4509-916c-30becd83db4e-AppendLogResponseHandler: Failed appendEntries: org.apache.ratis.thirdparty.io.grpc.StatusRuntimeException: UNAVAILABLE: io exception
2019-10-05 01:10:30,985 [grpc-default-executor-2] INFO  impl.FollowerInfo (FollowerInfo.java:lambda$new$0(51)) - f19346f0-5ca3-4e6f-bfd9-1e67cc451c5e@group-6C146C812D05->e7349651-06e6-4307-8dab-742a146f4cf9: nextIndex: updateUnconditionally 0 -> 0
2019-10-05 01:10:30,985 [grpc-default-executor-4] INFO  impl.FollowerInfo (FollowerInfo.java:lambda$new$0(51)) - f19346f0-5ca3-4e6f-bfd9-1e67cc451c5e@group-6C146C812D05->07cb5bbc-8352-4509-916c-30becd83db4e: nextIndex: updateUnconditionally 0 -> 0
2019-10-05 01:10:33,480 [grpc-default-executor-1] WARN  server.GrpcLogAppender (LogUtils.java:warn(134)) - f19346f0-5ca3-4e6f-bfd9-1e67cc451c5e@group-6C146C812D05->e7349651-06e6-4307-8dab-742a146f4cf9-AppendLogResponseHandler: Failed appendEntries: org.apache.ratis.thirdparty.io.grpc.StatusRuntimeException: UNAVAILABLE: io exception
2019-10-05 01:10:33,481 [grpc-default-executor-2] WARN  server.GrpcLogAppender (LogUtils.java:warn(134)) - f19346f0-5ca3-4e6f-bfd9-1e67cc451c5e@group-6C146C812D05->07cb5bbc-8352-4509-916c-30becd83db4e-AppendLogResponseHandler: Failed appendEntries: org.apache.ratis.thirdparty.io.grpc.StatusRuntimeException: UNAVAILABLE: io exception
2019-10-05 01:10:33,481 [grpc-default-executor-1] INFO  impl.FollowerInfo (FollowerInfo.java:lambda$new$0(51)) - f19346f0-5ca3-4e6f-bfd9-1e67cc451c5e@group-6C146C812D05->e7349651-06e6-4307-8dab-742a146f4cf9: nextIndex: updateUnconditionally 0 -> 0
2019-10-05 01:10:33,481 [grpc-default-executor-2] INFO  impl.FollowerInfo (FollowerInfo.java:lambda$new$0(51)) - f19346f0-5ca3-4e6f-bfd9-1e67cc451c5e@group-6C146C812D05->07cb5bbc-8352-4509-916c-30becd83db4e: nextIndex: updateUnconditionally 0 -> 0
2019-10-05 01:10:35,986 [grpc-default-executor-2] WARN  server.GrpcLogAppender (LogUtils.java:warn(134)) - f19346f0-5ca3-4e6f-bfd9-1e67cc451c5e@group-6C146C812D05->07cb5bbc-8352-4509-916c-30becd83db4e-AppendLogResponseHandler: Failed appendEntries: org.apache.ratis.thirdparty.io.grpc.StatusRuntimeException: UNAVAILABLE: io exception
2019-10-05 01:10:35,986 [grpc-default-executor-1] WARN  server.GrpcLogAppender (LogUtils.java:warn(134)) - f19346f0-5ca3-4e6f-bfd9-1e67cc451c5e@group-6C146C812D05->e7349651-06e6-4307-8dab-742a146f4cf9-AppendLogResponseHandler: Failed appendEntries: org.apache.ratis.thirdparty.io.grpc.StatusRuntimeException: UNAVAILABLE: io exception
2019-10-05 01:10:35,988 [grpc-default-executor-2] INFO  impl.FollowerInfo (FollowerInfo.java:lambda$new$0(51)) - f19346f0-5ca3-4e6f-bfd9-1e67cc451c5e@group-6C146C812D05->07cb5bbc-8352-4509-916c-30becd83db4e: nextIndex: updateUnconditionally 0 -> 0
2019-10-05 01:10:35,988 [grpc-default-executor-1] INFO  impl.FollowerInfo (FollowerInfo.java:lambda$new$0(51)) - f19346f0-5ca3-4e6f-bfd9-1e67cc451c5e@group-6C146C812D05->e7349651-06e6-4307-8dab-742a146f4cf9: nextIndex: updateUnconditionally 0 -> 0
2019-10-05 01:10:38,058 [Thread-1629] INFO  client.GrpcClientProtocolService (GrpcClientProtocolService.java:lambda$processClientRequest$0(278)) - Failed RaftClientRequest:client-9CF7328F923B->f19346f0-5ca3-4e6f-bfd9-1e67cc451c5e@group-6C146C812D05, cid=67, seq=0, Watch-ALL_COMMITTED(49), Message:<EMPTY>, reply=RaftClientReply:client-9CF7328F923B->f19346f0-5ca3-4e6f-bfd9-1e67cc451c5e@group-6C146C812D05, cid=67, FAILED org.apache.ratis.protocol.NotReplicatedException: Request with call Id 67 and log index 49 is not yet replicated to ALL_COMMITTED, logIndex=49, commits[f19346f0-5ca3-4e6f-bfd9-1e67cc451c5e:c2, e7349651-06e6-4307-8dab-742a146f4cf9:c2, 07cb5bbc-8352-4509-916c-30becd83db4e:c2]
2019-10-05 01:10:38,058 [Thread-1630] INFO  client.GrpcClientProtocolService (GrpcClientProtocolService.java:lambda$processClientRequest$0(278)) - Failed RaftClientRequest:client-9CF7328F923B->f19346f0-5ca3-4e6f-bfd9-1e67cc451c5e@group-6C146C812D05, cid=68, seq=0, Watch-MAJORITY_COMMITTED(49), Message:<EMPTY>, reply=RaftClientReply:client-9CF7328F923B->f19346f0-5ca3-4e6f-bfd9-1e67cc451c5e@group-6C146C812D05, cid=68, FAILED org.apache.ratis.protocol.NotReplicatedException: Request with call Id 68 and log index 49 is not yet replicated to MAJORITY_COMMITTED, logIndex=49, commits[f19346f0-5ca3-4e6f-bfd9-1e67cc451c5e:c2, e7349651-06e6-4307-8dab-742a146f4cf9:c2, 07cb5bbc-8352-4509-916c-30becd83db4e:c2]
2019-10-05 01:10:38,485 [grpc-default-executor-1] WARN  server.GrpcLogAppender (LogUtils.java:warn(134)) - f19346f0-5ca3-4e6f-bfd9-1e67cc451c5e@group-6C146C812D05->e7349651-06e6-4307-8dab-742a146f4cf9-AppendLogResponseHandler: Failed appendEntries: org.apache.ratis.thirdparty.io.grpc.StatusRuntimeException: UNAVAILABLE: io exception
2019-10-05 01:10:38,485 [grpc-default-executor-4] WARN  server.GrpcLogAppender (LogUtils.java:warn(134)) - f19346f0-5ca3-4e6f-bfd9-1e67cc451c5e@group-6C146C812D05->07cb5bbc-8352-4509-916c-30becd83db4e-AppendLogResponseHandler: Failed appendEntries: org.apache.ratis.thirdparty.io.grpc.StatusRuntimeException: UNAVAILABLE: io exception
2019-10-05 01:10:38,491 [grpc-default-executor-1] INFO  impl.FollowerInfo (FollowerInfo.java:lambda$new$0(51)) - f19346f0-5ca3-4e6f-bfd9-1e67cc451c5e@group-6C146C812D05->e7349651-06e6-4307-8dab-742a146f4cf9: nextIndex: updateUnconditionally 0 -> 0
2019-10-05 01:10:38,491 [grpc-default-executor-4] INFO  impl.FollowerInfo (FollowerInfo.java:lambda$new$0(51)) - f19346f0-5ca3-4e6f-bfd9-1e67cc451c5e@group-6C146C812D05->07cb5bbc-8352-4509-916c-30becd83db4e: nextIndex: updateUnconditionally 0 -> 0
2019-10-05 01:10:40,988 [grpc-default-executor-1] WARN  server.GrpcLogAppender (LogUtils.java:warn(134)) - f19346f0-5ca3-4e6f-bfd9-1e67cc451c5e@group-6C146C812D05->07cb5bbc-8352-4509-916c-30becd83db4e-AppendLogResponseHandler: Failed appendEntries: org.apache.ratis.thirdparty.io.grpc.StatusRuntimeException: UNAVAILABLE: io exception
2019-10-05 01:10:40,988 [grpc-default-executor-4] WARN  server.GrpcLogAppender (LogUtils.java:warn(134)) - f19346f0-5ca3-4e6f-bfd9-1e67cc451c5e@group-6C146C812D05->e7349651-06e6-4307-8dab-742a146f4cf9-AppendLogResponseHandler: Failed appendEntries: org.apache.ratis.thirdparty.io.grpc.StatusRuntimeException: UNAVAILABLE: io exception
2019-10-05 01:10:40,989 [grpc-default-executor-1] INFO  impl.FollowerInfo (FollowerInfo.java:lambda$new$0(51)) - f19346f0-5ca3-4e6f-bfd9-1e67cc451c5e@group-6C146C812D05->07cb5bbc-8352-4509-916c-30becd83db4e: nextIndex: updateUnconditionally 0 -> 0
2019-10-05 01:10:40,989 [grpc-default-executor-4] INFO  impl.FollowerInfo (FollowerInfo.java:lambda$new$0(51)) - f19346f0-5ca3-4e6f-bfd9-1e67cc451c5e@group-6C146C812D05->e7349651-06e6-4307-8dab-742a146f4cf9: nextIndex: updateUnconditionally 0 -> 0
2019-10-05 01:10:43,490 [grpc-default-executor-6] WARN  server.GrpcLogAppender (LogUtils.java:warn(134)) - f19346f0-5ca3-4e6f-bfd9-1e67cc451c5e@group-6C146C812D05->e7349651-06e6-4307-8dab-742a146f4cf9-AppendLogResponseHandler: Failed appendEntries: org.apache.ratis.thirdparty.io.grpc.StatusRuntimeException: UNAVAILABLE: io exception
2019-10-05 01:10:43,490 [grpc-default-executor-1] WARN  server.GrpcLogAppender (LogUtils.java:warn(134)) - f19346f0-5ca3-4e6f-bfd9-1e67cc451c5e@group-6C146C812D05->07cb5bbc-8352-4509-916c-30becd83db4e-AppendLogResponseHandler: Failed appendEntries: org.apache.ratis.thirdparty.io.grpc.StatusRuntimeException: UNAVAILABLE: io exception
2019-10-05 01:10:43,491 [grpc-default-executor-6] INFO  impl.FollowerInfo (FollowerInfo.java:lambda$new$0(51)) - f19346f0-5ca3-4e6f-bfd9-1e67cc451c5e@group-6C146C812D05->e7349651-06e6-4307-8dab-742a146f4cf9: nextIndex: updateUnconditionally 0 -> 0
2019-10-05 01:10:43,491 [grpc-default-executor-1] INFO  impl.FollowerInfo (FollowerInfo.java:lambda$new$0(51)) - f19346f0-5ca3-4e6f-bfd9-1e67cc451c5e@group-6C146C812D05->07cb5bbc-8352-4509-916c-30becd83db4e: nextIndex: updateUnconditionally 0 -> 0
2019-10-05 01:10:45,991 [grpc-default-executor-6] WARN  server.GrpcLogAppender (LogUtils.java:warn(134)) - f19346f0-5ca3-4e6f-bfd9-1e67cc451c5e@group-6C146C812D05->e7349651-06e6-4307-8dab-742a146f4cf9-AppendLogResponseHandler: Failed appendEntries: org.apache.ratis.thirdparty.io.grpc.StatusRuntimeException: UNAVAILABLE: io exception
2019-10-05 01:10:45,991 [grpc-default-executor-1] WARN  server.GrpcLogAppender (LogUtils.java:warn(134)) - f19346f0-5ca3-4e6f-bfd9-1e67cc451c5e@group-6C146C812D05->07cb5bbc-8352-4509-916c-30becd83db4e-AppendLogResponseHandler: Failed appendEntries: org.apache.ratis.thirdparty.io.grpc.StatusRuntimeException: UNAVAILABLE: io exception
2019-10-05 01:10:45,991 [grpc-default-executor-6] INFO  impl.FollowerInfo (FollowerInfo.java:lambda$new$0(51)) - f19346f0-5ca3-4e6f-bfd9-1e67cc451c5e@group-6C146C812D05->e7349651-06e6-4307-8dab-742a146f4cf9: nextIndex: updateUnconditionally 0 -> 0
2019-10-05 01:10:45,991 [grpc-default-executor-1] INFO  impl.FollowerInfo (FollowerInfo.java:lambda$new$0(51)) - f19346f0-5ca3-4e6f-bfd9-1e67cc451c5e@group-6C146C812D05->07cb5bbc-8352-4509-916c-30becd83db4e: nextIndex: updateUnconditionally 0 -> 0
]]></system-out>
    <system-err><![CDATA[Oct 05, 2019 1:10:01 AM org.apache.ratis.thirdparty.io.grpc.internal.SerializingExecutor run
SEVERE: Exception while executing runnable org.apache.ratis.thirdparty.io.grpc.internal.ServerImpl$JumpToApplicationThreadServerStreamListener$1Closed@4446be0f
org.apache.ratis.thirdparty.io.grpc.StatusRuntimeException: CANCELLED: call already cancelled
	at org.apache.ratis.thirdparty.io.grpc.Status.asRuntimeException(Status.java:517)
	at org.apache.ratis.thirdparty.io.grpc.stub.ServerCalls$ServerCallStreamObserverImpl.onCompleted(ServerCalls.java:356)
	at org.apache.ratis.grpc.server.GrpcServerProtocolService$ServerRequestStreamObserver.onError(GrpcServerProtocolService.java:121)
	at org.apache.ratis.thirdparty.io.grpc.stub.ServerCalls$StreamingServerCallHandler$StreamingServerCallListener.onCancel(ServerCalls.java:269)
	at org.apache.ratis.thirdparty.io.grpc.internal.ServerCallImpl$ServerStreamListenerImpl.closed(ServerCallImpl.java:293)
	at org.apache.ratis.thirdparty.io.grpc.internal.ServerImpl$JumpToApplicationThreadServerStreamListener$1Closed.runInContext(ServerImpl.java:741)
	at org.apache.ratis.thirdparty.io.grpc.internal.ContextRunnable.run(ContextRunnable.java:37)
	at org.apache.ratis.thirdparty.io.grpc.internal.SerializingExecutor.run(SerializingExecutor.java:123)
	at java.util.concurrent.ThreadPoolExecutor.runWorker(ThreadPoolExecutor.java:1149)
	at java.util.concurrent.ThreadPoolExecutor$Worker.run(ThreadPoolExecutor.java:624)
	at java.lang.Thread.run(Thread.java:748)

Oct 05, 2019 1:10:06 AM org.apache.ratis.thirdparty.io.grpc.internal.SerializingExecutor run
SEVERE: Exception while executing runnable org.apache.ratis.thirdparty.io.grpc.internal.ServerImpl$JumpToApplicationThreadServerStreamListener$1Closed@111167
org.apache.ratis.thirdparty.io.grpc.StatusRuntimeException: CANCELLED: call already cancelled
	at org.apache.ratis.thirdparty.io.grpc.Status.asRuntimeException(Status.java:517)
	at org.apache.ratis.thirdparty.io.grpc.stub.ServerCalls$ServerCallStreamObserverImpl.onCompleted(ServerCalls.java:356)
	at org.apache.ratis.grpc.server.GrpcServerProtocolService$ServerRequestStreamObserver.onError(GrpcServerProtocolService.java:121)
	at org.apache.ratis.thirdparty.io.grpc.stub.ServerCalls$StreamingServerCallHandler$StreamingServerCallListener.onCancel(ServerCalls.java:269)
	at org.apache.ratis.thirdparty.io.grpc.internal.ServerCallImpl$ServerStreamListenerImpl.closed(ServerCallImpl.java:293)
	at org.apache.ratis.thirdparty.io.grpc.internal.ServerImpl$JumpToApplicationThreadServerStreamListener$1Closed.runInContext(ServerImpl.java:741)
	at org.apache.ratis.thirdparty.io.grpc.internal.ContextRunnable.run(ContextRunnable.java:37)
	at org.apache.ratis.thirdparty.io.grpc.internal.SerializingExecutor.run(SerializingExecutor.java:123)
	at java.util.concurrent.ThreadPoolExecutor.runWorker(ThreadPoolExecutor.java:1149)
	at java.util.concurrent.ThreadPoolExecutor$Worker.run(ThreadPoolExecutor.java:624)
	at java.lang.Thread.run(Thread.java:748)

]]></system-err>
  </testcase>
  <testcase name="testWatchForCommitForGroupMismatchException" classname="org.apache.hadoop.ozone.client.rpc.TestWatchForCommit" time="32.661"/>
  <testcase name="test2WayCommitForTimeoutException" classname="org.apache.hadoop.ozone.client.rpc.TestWatchForCommit" time="22.755">
    <error type="java.util.concurrent.TimeoutException">java.util.concurrent.TimeoutException
	at java.util.concurrent.CompletableFuture.timedGet(CompletableFuture.java:1771)
	at java.util.concurrent.CompletableFuture.get(CompletableFuture.java:1915)
	at org.apache.hadoop.hdds.scm.XceiverClientRatis.watchForCommit(XceiverClientRatis.java:298)
	at org.apache.hadoop.ozone.client.rpc.TestWatchForCommit.test2WayCommitForTimeoutException(TestWatchForCommit.java:391)
	at sun.reflect.NativeMethodAccessorImpl.invoke0(Native Method)
	at sun.reflect.NativeMethodAccessorImpl.invoke(NativeMethodAccessorImpl.java:62)
	at sun.reflect.DelegatingMethodAccessorImpl.invoke(DelegatingMethodAccessorImpl.java:43)
	at java.lang.reflect.Method.invoke(Method.java:498)
	at org.junit.runners.model.FrameworkMethod$1.runReflectiveCall(FrameworkMethod.java:47)
	at org.junit.internal.runners.model.ReflectiveCallable.run(ReflectiveCallable.java:12)
	at org.junit.runners.model.FrameworkMethod.invokeExplosively(FrameworkMethod.java:44)
	at org.junit.internal.runners.statements.InvokeMethod.evaluate(InvokeMethod.java:17)
	at org.junit.runners.ParentRunner.runLeaf(ParentRunner.java:271)
	at org.junit.runners.BlockJUnit4ClassRunner.runChild(BlockJUnit4ClassRunner.java:70)
	at org.junit.runners.BlockJUnit4ClassRunner.runChild(BlockJUnit4ClassRunner.java:50)
	at org.junit.runners.ParentRunner$3.run(ParentRunner.java:238)
	at org.junit.runners.ParentRunner$1.schedule(ParentRunner.java:63)
	at org.junit.runners.ParentRunner.runChildren(ParentRunner.java:236)
	at org.junit.runners.ParentRunner.access$000(ParentRunner.java:53)
	at org.junit.runners.ParentRunner$2.evaluate(ParentRunner.java:229)
	at org.junit.runners.ParentRunner.run(ParentRunner.java:309)
	at org.apache.maven.surefire.junit4.JUnit4Provider.execute(JUnit4Provider.java:365)
	at org.apache.maven.surefire.junit4.JUnit4Provider.executeWithRerun(JUnit4Provider.java:273)
	at org.apache.maven.surefire.junit4.JUnit4Provider.executeTestSet(JUnit4Provider.java:238)
	at org.apache.maven.surefire.junit4.JUnit4Provider.invoke(JUnit4Provider.java:159)
	at org.apache.maven.surefire.booter.ForkedBooter.invokeProviderInSameClassLoader(ForkedBooter.java:384)
	at org.apache.maven.surefire.booter.ForkedBooter.runSuitesInProcess(ForkedBooter.java:345)
	at org.apache.maven.surefire.booter.ForkedBooter.execute(ForkedBooter.java:126)
	at org.apache.maven.surefire.booter.ForkedBooter.main(ForkedBooter.java:418)
</error>
    <system-out><![CDATA[2019-10-05 01:11:18,921 [main] WARN  server.ServerUtils (ServerUtils.java:getScmDbDir(145)) - ozone.scm.db.dirs is not configured. We recommend adding this setting. Falling back to ozone.metadata.dirs instead.
2019-10-05 01:11:18,937 [main] WARN  server.ServerUtils (ServerUtils.java:getScmDbDir(145)) - ozone.scm.db.dirs is not configured. We recommend adding this setting. Falling back to ozone.metadata.dirs instead.
2019-10-05 01:11:18,937 [main] WARN  server.ServerUtils (ServerUtils.java:getScmDbDir(145)) - ozone.scm.db.dirs is not configured. We recommend adding this setting. Falling back to ozone.metadata.dirs instead.
2019-10-05 01:11:18,938 [main] INFO  db.DBStoreBuilder (DBStoreBuilder.java:addTable(117)) - using custom profile for table: deletedBlocks
2019-10-05 01:11:18,938 [main] INFO  db.DBStoreBuilder (DBStoreBuilder.java:processTables(168)) - Using default column profile:DBProfile.DISK for Table:deletedBlocks
2019-10-05 01:11:18,938 [main] INFO  db.DBStoreBuilder (DBStoreBuilder.java:addTable(117)) - using custom profile for table: validCerts
2019-10-05 01:11:18,938 [main] INFO  db.DBStoreBuilder (DBStoreBuilder.java:processTables(168)) - Using default column profile:DBProfile.DISK for Table:validCerts
2019-10-05 01:11:18,939 [main] INFO  db.DBStoreBuilder (DBStoreBuilder.java:addTable(117)) - using custom profile for table: revokedCerts
2019-10-05 01:11:18,939 [main] INFO  db.DBStoreBuilder (DBStoreBuilder.java:processTables(168)) - Using default column profile:DBProfile.DISK for Table:revokedCerts
2019-10-05 01:11:18,939 [main] INFO  db.DBStoreBuilder (DBStoreBuilder.java:addTable(117)) - using custom profile for table: default
2019-10-05 01:11:18,939 [main] INFO  db.DBStoreBuilder (DBStoreBuilder.java:processTables(174)) - Using default column profile:DBProfile.DISK for Table:default
2019-10-05 01:11:18,940 [main] INFO  db.DBStoreBuilder (DBStoreBuilder.java:getDbProfile(205)) - Using default options. DBProfile.DISK
2019-10-05 01:11:19,058 [main] INFO  net.NodeSchemaLoader (NodeSchemaLoader.java:loadSchemaFromFile(125)) - Loading file from sun.misc.CompoundEnumeration@22d477c2
2019-10-05 01:11:19,059 [main] INFO  net.NodeSchemaLoader (NodeSchemaLoader.java:loadSchema(171)) - Loading network topology layer schema file
2019-10-05 01:11:19,064 [main] WARN  server.ServerUtils (ServerUtils.java:sanitizeUserArgs(70)) - ozone.scm.stale.node.interval value = 300000 is larger than max = 100000 based on the key value of ozone.scm.heartbeat.thread.interval, reset to the max value 100000.
2019-10-05 01:11:19,064 [main] WARN  server.ServerUtils (ServerUtils.java:sanitizeUserArgs(70)) - ozone.scm.stale.node.interval value = 300000 is larger than max = 100000 based on the key value of ozone.scm.heartbeat.thread.interval, reset to the max value 100000.
2019-10-05 01:11:19,065 [main] INFO  node.SCMNodeManager (SCMNodeManager.java:<init>(116)) - Entering startup safe mode.
2019-10-05 01:11:19,066 [main] INFO  algorithms.ContainerPlacementPolicyFactory (ContainerPlacementPolicyFactory.java:getPolicy(57)) - Create container placement policy of type org.apache.hadoop.hdds.scm.container.placement.algorithms.SCMContainerPlacementRandom
2019-10-05 01:11:19,066 [main] WARN  server.ServerUtils (ServerUtils.java:getScmDbDir(145)) - ozone.scm.db.dirs is not configured. We recommend adding this setting. Falling back to ozone.metadata.dirs instead.
2019-10-05 01:11:19,089 [main] INFO  pipeline.SCMPipelineManager (SCMPipelineManager.java:initializePipelineState(132)) - No pipeline exists in current db
2019-10-05 01:11:19,089 [main] WARN  server.ServerUtils (ServerUtils.java:getScmDbDir(145)) - ozone.scm.db.dirs is not configured. We recommend adding this setting. Falling back to ozone.metadata.dirs instead.
2019-10-05 01:11:19,113 [main] WARN  events.EventQueue (EventQueue.java:fireEvent(183)) - No event handler registered for event TypedEvent{payloadType=SafeModeStatus, name='SafeModeStatus'}
2019-10-05 01:11:19,114 [main] INFO  ipc.CallQueueManager (CallQueueManager.java:<init>(84)) - Using callQueue: class java.util.concurrent.LinkedBlockingQueue, queueCapacity: 2000, scheduler: class org.apache.hadoop.ipc.DefaultRpcScheduler, ipcBackoff: false.
2019-10-05 01:11:19,115 [Socket Reader #1 for port 45764] INFO  ipc.Server (Server.java:run(1074)) - Starting Socket Reader #1 for port 45764
2019-10-05 01:11:19,119 [main] INFO  ipc.CallQueueManager (CallQueueManager.java:<init>(84)) - Using callQueue: class java.util.concurrent.LinkedBlockingQueue, queueCapacity: 2000, scheduler: class org.apache.hadoop.ipc.DefaultRpcScheduler, ipcBackoff: false.
2019-10-05 01:11:19,120 [Socket Reader #1 for port 42521] INFO  ipc.Server (Server.java:run(1074)) - Starting Socket Reader #1 for port 42521
2019-10-05 01:11:19,124 [main] INFO  ipc.CallQueueManager (CallQueueManager.java:<init>(84)) - Using callQueue: class java.util.concurrent.LinkedBlockingQueue, queueCapacity: 2000, scheduler: class org.apache.hadoop.ipc.DefaultRpcScheduler, ipcBackoff: false.
2019-10-05 01:11:19,124 [Socket Reader #1 for port 43618] INFO  ipc.Server (Server.java:run(1074)) - Starting Socket Reader #1 for port 43618
2019-10-05 01:11:19,128 [main] INFO  hdfs.DFSUtil (DFSUtil.java:httpServerTemplateForNNAndJN(1641)) - Starting Web-server for scm at: http://0.0.0.0:0
2019-10-05 01:11:19,131 [main] INFO  server.AuthenticationFilter (AuthenticationFilter.java:constructSecretProvider(240)) - Unable to initialize FileSignerSecretProvider, falling back to use random secrets.
2019-10-05 01:11:19,132 [main] WARN  http.HttpRequestLog (HttpRequestLog.java:getRequestLog(97)) - Jetty request log can only be enabled using Log4j
2019-10-05 01:11:19,134 [main] INFO  http.HttpServer2 (HttpServer2.java:addGlobalFilter(975)) - Added global filter 'safety' (class=org.apache.hadoop.http.HttpServer2$QuotingInputFilter)
2019-10-05 01:11:19,135 [main] INFO  http.HttpServer2 (HttpServer2.java:addFilter(948)) - Added filter static_user_filter (class=org.apache.hadoop.http.lib.StaticUserWebFilter$StaticUserFilter) to context scm
2019-10-05 01:11:19,135 [main] INFO  http.HttpServer2 (HttpServer2.java:addFilter(958)) - Added filter static_user_filter (class=org.apache.hadoop.http.lib.StaticUserWebFilter$StaticUserFilter) to context static
2019-10-05 01:11:19,135 [main] INFO  http.HttpServer2 (HttpServer2.java:addFilter(958)) - Added filter static_user_filter (class=org.apache.hadoop.http.lib.StaticUserWebFilter$StaticUserFilter) to context logs
2019-10-05 01:11:19,137 [main] INFO  server.StorageContainerManager (StorageContainerManager.java:start(770)) - StorageContainerLocationProtocol RPC server is listening at /0.0.0.0:43618
2019-10-05 01:11:19,140 [main] WARN  impl.MetricsConfig (MetricsConfig.java:loadFirst(134)) - Cannot locate configuration: tried hadoop-metrics2-storagecontainermanager.properties,hadoop-metrics2.properties
2019-10-05 01:11:19,141 [main] INFO  impl.MetricsSystemImpl (MetricsSystemImpl.java:startTimer(374)) - Scheduled Metric snapshot period at 10 second(s).
2019-10-05 01:11:19,141 [main] INFO  impl.MetricsSystemImpl (MetricsSystemImpl.java:start(191)) - StorageContainerManager metrics system started
2019-10-05 01:11:19,497 [main] WARN  impl.MetricsSystemImpl (MetricsSystemImpl.java:register(276)) - Sink prometheus already exists!
2019-10-05 01:11:19,787 [main] INFO  server.SCMClientProtocolServer (SCMClientProtocolServer.java:start(159)) - RPC server for Client  is listening at /0.0.0.0:43618
2019-10-05 01:11:19,788 [IPC Server Responder] INFO  ipc.Server (Server.java:run(1314)) - IPC Server Responder: starting
2019-10-05 01:11:19,788 [IPC Server listener on 43618] INFO  ipc.Server (Server.java:run(1153)) - IPC Server listener on 43618: starting
2019-10-05 01:11:19,795 [main] INFO  server.StorageContainerManager (StorageContainerManager.java:start(780)) - ScmBlockLocationProtocol RPC server is listening at /0.0.0.0:42521
2019-10-05 01:11:19,795 [main] INFO  server.SCMBlockProtocolServer (SCMBlockProtocolServer.java:start(146)) - RPC server for Block Protocol is listening at /0.0.0.0:42521
2019-10-05 01:11:19,795 [IPC Server Responder] INFO  ipc.Server (Server.java:run(1314)) - IPC Server Responder: starting
2019-10-05 01:11:19,795 [IPC Server listener on 42521] INFO  ipc.Server (Server.java:run(1153)) - IPC Server listener on 42521: starting
2019-10-05 01:11:19,806 [main] INFO  server.StorageContainerManager (StorageContainerManager.java:start(784)) - ScmDatanodeProtocl RPC server is listening at /0.0.0.0:45764
2019-10-05 01:11:19,806 [main] INFO  server.SCMDatanodeProtocolServer (SCMDatanodeProtocolServer.java:start(169)) - RPC server for DataNodes is listening at /0.0.0.0:45764
2019-10-05 01:11:19,807 [IPC Server Responder] INFO  ipc.Server (Server.java:run(1314)) - IPC Server Responder: starting
2019-10-05 01:11:19,807 [IPC Server listener on 45764] INFO  ipc.Server (Server.java:run(1153)) - IPC Server listener on 45764: starting
2019-10-05 01:11:19,812 [main] INFO  http.HttpServer2 (HttpServer2.java:bindListener(1191)) - Jetty bound to port 44635
2019-10-05 01:11:19,812 [main] INFO  server.Server (Server.java:doStart(351)) - jetty-9.3.25.v20180904, build timestamp: 2018-09-04T21:11:46Z, git hash: 3ce520221d0240229c862b122d2b06c12a625732
2019-10-05 01:11:19,813 [main] INFO  handler.ContextHandler (ContextHandler.java:doStart(781)) - Started o.e.j.s.ServletContextHandler@76c86567{/logs,file:///workdir/hadoop-ozone/integration-test/target/log,AVAILABLE}
2019-10-05 01:11:19,814 [main] INFO  handler.ContextHandler (ContextHandler.java:doStart(781)) - Started o.e.j.s.ServletContextHandler@5a4dda2{/static,file:///workdir/hadoop-ozone/integration-test/target/test-classes/webapps/static,AVAILABLE}
2019-10-05 01:11:19,817 [main] INFO  handler.ContextHandler (ContextHandler.java:doStart(781)) - Started o.e.j.w.WebAppContext@e62319f{/,file:///workdir/hadoop-ozone/integration-test/target/test-classes/webapps/scm/,AVAILABLE}{/scm}
2019-10-05 01:11:19,817 [main] INFO  server.AbstractConnector (AbstractConnector.java:doStart(278)) - Started ServerConnector@4d354a3e{HTTP/1.1,[http/1.1]}{0.0.0.0:44635}
2019-10-05 01:11:19,819 [main] INFO  server.Server (Server.java:doStart(419)) - Started @222390ms
2019-10-05 01:11:19,819 [main] WARN  impl.MetricsSystemImpl (MetricsSystemImpl.java:register(276)) - Sink prometheus already exists!
2019-10-05 01:11:19,820 [main] INFO  server.BaseHttpServer (BaseHttpServer.java:updateConnectorAddress(215)) - HTTP server of SCM is listening at http://0.0.0.0:44635
2019-10-05 01:11:19,821 [main] WARN  server.ServerUtils (ServerUtils.java:getDBPath(222)) - ozone.om.db.dirs is not configured. We recommend adding this setting. Falling back to ozone.metadata.dirs instead.
2019-10-05 01:11:19,822 [org.apache.hadoop.util.JvmPauseMonitor$Monitor@604d28c6] INFO  util.JvmPauseMonitor (JvmPauseMonitor.java:run(188)) - Starting JVM pause monitor
2019-10-05 01:11:19,836 [main] INFO  ha.OMHANodeDetails (OMHANodeDetails.java:loadOMHAConfig(190)) - Configuration either no ozone.om.address set. Falling back to the default OM address /127.0.0.1:0
2019-10-05 01:11:19,836 [main] INFO  ha.OMHANodeDetails (OMHANodeDetails.java:getOMNodeDetails(220)) - OM Service ID is not set. Setting it to the default ID: omServiceIdDefault
2019-10-05 01:11:19,836 [main] WARN  server.ServerUtils (ServerUtils.java:getDBPath(222)) - ozone.om.db.dirs is not configured. We recommend adding this setting. Falling back to ozone.metadata.dirs instead.
2019-10-05 01:11:19,837 [main] WARN  server.ServerUtils (ServerUtils.java:getDBPath(222)) - ozone.om.db.dirs is not configured. We recommend adding this setting. Falling back to ozone.metadata.dirs instead.
2019-10-05 01:11:19,847 [main] WARN  server.ServerUtils (ServerUtils.java:getDBPath(222)) - ozone.om.db.dirs is not configured. We recommend adding this setting. Falling back to ozone.metadata.dirs instead.
2019-10-05 01:11:19,848 [main] INFO  db.DBStoreBuilder (DBStoreBuilder.java:addTable(117)) - using custom profile for table: userTable
2019-10-05 01:11:19,848 [main] INFO  db.DBStoreBuilder (DBStoreBuilder.java:processTables(168)) - Using default column profile:DBProfile.DISK for Table:userTable
2019-10-05 01:11:19,848 [main] INFO  db.DBStoreBuilder (DBStoreBuilder.java:addTable(117)) - using custom profile for table: volumeTable
2019-10-05 01:11:19,848 [main] INFO  db.DBStoreBuilder (DBStoreBuilder.java:processTables(168)) - Using default column profile:DBProfile.DISK for Table:volumeTable
2019-10-05 01:11:19,848 [main] INFO  db.DBStoreBuilder (DBStoreBuilder.java:addTable(117)) - using custom profile for table: bucketTable
2019-10-05 01:11:19,848 [main] INFO  db.DBStoreBuilder (DBStoreBuilder.java:processTables(168)) - Using default column profile:DBProfile.DISK for Table:bucketTable
2019-10-05 01:11:19,849 [main] INFO  db.DBStoreBuilder (DBStoreBuilder.java:addTable(117)) - using custom profile for table: keyTable
2019-10-05 01:11:19,849 [main] INFO  db.DBStoreBuilder (DBStoreBuilder.java:processTables(168)) - Using default column profile:DBProfile.DISK for Table:keyTable
2019-10-05 01:11:19,849 [main] INFO  db.DBStoreBuilder (DBStoreBuilder.java:addTable(117)) - using custom profile for table: deletedTable
2019-10-05 01:11:19,849 [main] INFO  db.DBStoreBuilder (DBStoreBuilder.java:processTables(168)) - Using default column profile:DBProfile.DISK for Table:deletedTable
2019-10-05 01:11:19,849 [main] INFO  db.DBStoreBuilder (DBStoreBuilder.java:addTable(117)) - using custom profile for table: openKeyTable
2019-10-05 01:11:19,849 [main] INFO  db.DBStoreBuilder (DBStoreBuilder.java:processTables(168)) - Using default column profile:DBProfile.DISK for Table:openKeyTable
2019-10-05 01:11:19,849 [main] INFO  db.DBStoreBuilder (DBStoreBuilder.java:addTable(117)) - using custom profile for table: s3Table
2019-10-05 01:11:19,850 [main] INFO  db.DBStoreBuilder (DBStoreBuilder.java:processTables(168)) - Using default column profile:DBProfile.DISK for Table:s3Table
2019-10-05 01:11:19,850 [main] INFO  db.DBStoreBuilder (DBStoreBuilder.java:addTable(117)) - using custom profile for table: multipartInfoTable
2019-10-05 01:11:19,850 [main] INFO  db.DBStoreBuilder (DBStoreBuilder.java:processTables(168)) - Using default column profile:DBProfile.DISK for Table:multipartInfoTable
2019-10-05 01:11:19,850 [main] INFO  db.DBStoreBuilder (DBStoreBuilder.java:addTable(117)) - using custom profile for table: dTokenTable
2019-10-05 01:11:19,850 [main] INFO  db.DBStoreBuilder (DBStoreBuilder.java:processTables(168)) - Using default column profile:DBProfile.DISK for Table:dTokenTable
2019-10-05 01:11:19,850 [main] INFO  db.DBStoreBuilder (DBStoreBuilder.java:addTable(117)) - using custom profile for table: s3SecretTable
2019-10-05 01:11:19,850 [main] INFO  db.DBStoreBuilder (DBStoreBuilder.java:processTables(168)) - Using default column profile:DBProfile.DISK for Table:s3SecretTable
2019-10-05 01:11:19,851 [main] INFO  db.DBStoreBuilder (DBStoreBuilder.java:addTable(117)) - using custom profile for table: prefixTable
2019-10-05 01:11:19,851 [main] INFO  db.DBStoreBuilder (DBStoreBuilder.java:processTables(168)) - Using default column profile:DBProfile.DISK for Table:prefixTable
2019-10-05 01:11:19,851 [main] INFO  db.DBStoreBuilder (DBStoreBuilder.java:addTable(117)) - using custom profile for table: default
2019-10-05 01:11:19,851 [main] INFO  db.DBStoreBuilder (DBStoreBuilder.java:processTables(174)) - Using default column profile:DBProfile.DISK for Table:default
2019-10-05 01:11:19,851 [main] INFO  db.DBStoreBuilder (DBStoreBuilder.java:getDbProfile(205)) - Using default options. DBProfile.DISK
2019-10-05 01:11:20,262 [main] INFO  ipc.CallQueueManager (CallQueueManager.java:<init>(84)) - Using callQueue: class java.util.concurrent.LinkedBlockingQueue, queueCapacity: 2000, scheduler: class org.apache.hadoop.ipc.DefaultRpcScheduler, ipcBackoff: false.
2019-10-05 01:11:20,263 [Socket Reader #1 for port 43288] INFO  ipc.Server (Server.java:run(1074)) - Starting Socket Reader #1 for port 43288
2019-10-05 01:11:20,281 [main] INFO  om.OzoneManager (OzoneManager.java:start(1069)) - OzoneManager RPC server is listening at localhost/127.0.0.1:43288
2019-10-05 01:11:20,282 [main] INFO  impl.MetricsSystemImpl (MetricsSystemImpl.java:init(158)) - OzoneManager metrics system started (again)
2019-10-05 01:11:20,283 [IPC Server Responder] INFO  ipc.Server (Server.java:run(1314)) - IPC Server Responder: starting
2019-10-05 01:11:20,283 [IPC Server listener on 43288] INFO  ipc.Server (Server.java:run(1153)) - IPC Server listener on 43288: starting
2019-10-05 01:11:20,292 [main] INFO  hdfs.DFSUtil (DFSUtil.java:httpServerTemplateForNNAndJN(1641)) - Starting Web-server for ozoneManager at: http://0.0.0.0:0
2019-10-05 01:11:20,293 [main] INFO  server.AuthenticationFilter (AuthenticationFilter.java:constructSecretProvider(240)) - Unable to initialize FileSignerSecretProvider, falling back to use random secrets.
2019-10-05 01:11:20,294 [main] WARN  http.HttpRequestLog (HttpRequestLog.java:getRequestLog(97)) - Jetty request log can only be enabled using Log4j
2019-10-05 01:11:20,296 [main] INFO  http.HttpServer2 (HttpServer2.java:addGlobalFilter(975)) - Added global filter 'safety' (class=org.apache.hadoop.http.HttpServer2$QuotingInputFilter)
2019-10-05 01:11:20,297 [main] INFO  http.HttpServer2 (HttpServer2.java:addFilter(948)) - Added filter static_user_filter (class=org.apache.hadoop.http.lib.StaticUserWebFilter$StaticUserFilter) to context ozoneManager
2019-10-05 01:11:20,297 [main] INFO  http.HttpServer2 (HttpServer2.java:addFilter(958)) - Added filter static_user_filter (class=org.apache.hadoop.http.lib.StaticUserWebFilter$StaticUserFilter) to context logs
2019-10-05 01:11:20,297 [main] INFO  http.HttpServer2 (HttpServer2.java:addFilter(958)) - Added filter static_user_filter (class=org.apache.hadoop.http.lib.StaticUserWebFilter$StaticUserFilter) to context static
2019-10-05 01:11:20,298 [main] INFO  http.HttpServer2 (HttpServer2.java:bindListener(1191)) - Jetty bound to port 41029
2019-10-05 01:11:20,298 [main] INFO  server.Server (Server.java:doStart(351)) - jetty-9.3.25.v20180904, build timestamp: 2018-09-04T21:11:46Z, git hash: 3ce520221d0240229c862b122d2b06c12a625732
2019-10-05 01:11:20,300 [main] INFO  handler.ContextHandler (ContextHandler.java:doStart(781)) - Started o.e.j.s.ServletContextHandler@615efd1c{/logs,file:///workdir/hadoop-ozone/integration-test/target/log,AVAILABLE}
2019-10-05 01:11:20,300 [main] INFO  handler.ContextHandler (ContextHandler.java:doStart(781)) - Started o.e.j.s.ServletContextHandler@2a8dd942{/static,file:///workdir/hadoop-ozone/integration-test/target/test-classes/webapps/static,AVAILABLE}
2019-10-05 01:11:20,304 [main] INFO  handler.ContextHandler (ContextHandler.java:doStart(781)) - Started o.e.j.w.WebAppContext@22f02996{/,file:///workdir/hadoop-ozone/integration-test/target/test-classes/webapps/ozoneManager/,AVAILABLE}{/ozoneManager}
2019-10-05 01:11:20,305 [main] INFO  server.AbstractConnector (AbstractConnector.java:doStart(278)) - Started ServerConnector@7c8874ef{HTTP/1.1,[http/1.1]}{0.0.0.0:41029}
2019-10-05 01:11:20,307 [main] INFO  server.Server (Server.java:doStart(419)) - Started @222877ms
2019-10-05 01:11:20,307 [main] WARN  impl.MetricsSystemImpl (MetricsSystemImpl.java:register(276)) - Sink prometheus already exists!
2019-10-05 01:11:20,308 [main] INFO  server.BaseHttpServer (BaseHttpServer.java:updateConnectorAddress(215)) - HTTP server of OZONEMANAGER is listening at http://0.0.0.0:41029
2019-10-05 01:11:20,327 [main] INFO  impl.MetricsSystemImpl (MetricsSystemImpl.java:init(158)) - HddsDatanode metrics system started (again)
2019-10-05 01:11:20,344 [main] INFO  ozone.HddsDatanodeService (HddsDatanodeService.java:start(184)) - HddsDatanodeService host:pr-hdds-1986-f466r-3473100931 ip:192.168.151.105
2019-10-05 01:11:20,355 [main] INFO  volume.HddsVolume (HddsVolume.java:<init>(176)) - Creating Volume: /workdir/hadoop-ozone/integration-test/target/test-dir/MiniOzoneClusterImpl-89e9bd69-a153-46b5-bae3-cb56c8e8ff2c/datanode-0/data/containers/hdds of  storage type : DISK and capacity : 1482555576320
2019-10-05 01:11:20,355 [main] INFO  volume.VolumeSet (VolumeSet.java:initializeVolumeSet(170)) - Added Volume : /workdir/hadoop-ozone/integration-test/target/test-dir/MiniOzoneClusterImpl-89e9bd69-a153-46b5-bae3-cb56c8e8ff2c/datanode-0/data/containers/hdds to VolumeSet
2019-10-05 01:11:20,355 [main] INFO  volume.ThrottledAsyncChecker (ThrottledAsyncChecker.java:schedule(139)) - Scheduling a check for org.apache.hadoop.ozone.container.common.volume.HddsVolume@2ca54da9
2019-10-05 01:11:20,356 [main] INFO  volume.HddsVolumeChecker (HddsVolumeChecker.java:checkAllVolumes(202)) - Scheduled health check for volume org.apache.hadoop.ozone.container.common.volume.HddsVolume@2ca54da9
2019-10-05 01:11:20,374 [main] INFO  impl.RaftServerProxy (ConfUtils.java:logGet(43)) - raft.rpc.type = GRPC (default)
2019-10-05 01:11:20,374 [main] INFO  grpc.GrpcFactory (GrpcFactory.java:checkPooledByteBufAllocatorUseCacheForAllThreads(45)) - PERFORMANCE WARNING: useCacheForAllThreads is true that may cause Netty to create a lot garbage objects and, as a result, trigger GC.
	It is recommended to disable useCacheForAllThreads by setting -Dorg.apache.ratis.thirdparty.io.netty.allocator.useCacheForAllThreads=false in command line.
2019-10-05 01:11:20,374 [main] INFO  grpc.GrpcConfigKeys$Server (ConfUtils.java:logGet(43)) - raft.grpc.server.port = 0 (default)
2019-10-05 01:11:20,375 [main] INFO  server.GrpcService (ConfUtils.java:logGet(43)) - raft.grpc.message.size.max = 33570816 (custom)
2019-10-05 01:11:20,375 [main] INFO  server.RaftServerConfigKeys (ConfUtils.java:logGet(43)) - raft.server.log.appender.buffer.byte-limit = 33554432 (custom)
2019-10-05 01:11:20,375 [main] INFO  server.GrpcService (ConfUtils.java:logGet(43)) - raft.grpc.flow.control.window = 1MB (=1048576) (default)
2019-10-05 01:11:20,375 [main] INFO  server.RaftServerConfigKeys (ConfUtils.java:logGet(43)) - raft.server.rpc.request.timeout = 3000ms (default)
2019-10-05 01:11:20,375 [main] INFO  server.RaftServerConfigKeys (ConfUtils.java:logGet(43)) - raft.server.storage.dir = [/workdir/hadoop-ozone/integration-test/target/test-dir/MiniOzoneClusterImpl-89e9bd69-a153-46b5-bae3-cb56c8e8ff2c/datanode-0/data/ratis] (custom)
2019-10-05 01:11:20,377 [main] INFO  hdfs.DFSUtil (DFSUtil.java:httpServerTemplateForNNAndJN(1641)) - Starting Web-server for hddsDatanode at: http://0.0.0.0:0
2019-10-05 01:11:20,378 [main] INFO  server.AuthenticationFilter (AuthenticationFilter.java:constructSecretProvider(240)) - Unable to initialize FileSignerSecretProvider, falling back to use random secrets.
2019-10-05 01:11:20,378 [main] WARN  http.HttpRequestLog (HttpRequestLog.java:getRequestLog(97)) - Jetty request log can only be enabled using Log4j
2019-10-05 01:11:20,379 [main] INFO  http.HttpServer2 (HttpServer2.java:addGlobalFilter(975)) - Added global filter 'safety' (class=org.apache.hadoop.http.HttpServer2$QuotingInputFilter)
2019-10-05 01:11:20,380 [main] INFO  http.HttpServer2 (HttpServer2.java:addFilter(948)) - Added filter static_user_filter (class=org.apache.hadoop.http.lib.StaticUserWebFilter$StaticUserFilter) to context hddsDatanode
2019-10-05 01:11:20,380 [main] INFO  http.HttpServer2 (HttpServer2.java:addFilter(958)) - Added filter static_user_filter (class=org.apache.hadoop.http.lib.StaticUserWebFilter$StaticUserFilter) to context static
2019-10-05 01:11:20,380 [main] INFO  http.HttpServer2 (HttpServer2.java:addFilter(958)) - Added filter static_user_filter (class=org.apache.hadoop.http.lib.StaticUserWebFilter$StaticUserFilter) to context logs
2019-10-05 01:11:20,381 [main] INFO  http.HttpServer2 (HttpServer2.java:bindListener(1191)) - Jetty bound to port 42442
2019-10-05 01:11:20,381 [main] INFO  server.Server (Server.java:doStart(351)) - jetty-9.3.25.v20180904, build timestamp: 2018-09-04T21:11:46Z, git hash: 3ce520221d0240229c862b122d2b06c12a625732
2019-10-05 01:11:20,383 [main] INFO  handler.ContextHandler (ContextHandler.java:doStart(781)) - Started o.e.j.s.ServletContextHandler@26f0141{/logs,file:///workdir/hadoop-ozone/integration-test/target/log,AVAILABLE}
2019-10-05 01:11:20,383 [main] INFO  handler.ContextHandler (ContextHandler.java:doStart(781)) - Started o.e.j.s.ServletContextHandler@6de7778f{/static,jar:file:/home/user/.m2/repository/org/apache/hadoop/hadoop-hdds-container-service/0.5.0-SNAPSHOT/hadoop-hdds-container-service-0.5.0-SNAPSHOT.jar!/webapps/static,AVAILABLE}
2019-10-05 01:11:20,408 [main] INFO  handler.ContextHandler (ContextHandler.java:doStart(781)) - Started o.e.j.w.WebAppContext@538a2f0e{/,file:///tmp/jetty-0.0.0.0-42442-hddsDatanode-_-any-37821681165445540.dir/webapp/,AVAILABLE}{/hddsDatanode}
2019-10-05 01:11:20,408 [main] INFO  server.AbstractConnector (AbstractConnector.java:doStart(278)) - Started ServerConnector@d2708a7{HTTP/1.1,[http/1.1]}{0.0.0.0:42442}
2019-10-05 01:11:20,408 [main] INFO  server.Server (Server.java:doStart(419)) - Started @222979ms
2019-10-05 01:11:20,411 [main] WARN  impl.MetricsSystemImpl (MetricsSystemImpl.java:register(276)) - Sink prometheus already exists!
2019-10-05 01:11:20,412 [main] INFO  server.BaseHttpServer (BaseHttpServer.java:updateConnectorAddress(215)) - HTTP server of HDDSDATANODE is listening at http://0.0.0.0:42442
2019-10-05 01:11:20,412 [main] INFO  impl.MetricsSystemImpl (MetricsSystemImpl.java:init(158)) - HddsDatanode metrics system started (again)
2019-10-05 01:11:20,428 [org.apache.hadoop.util.JvmPauseMonitor$Monitor@6c24aa4c] INFO  util.JvmPauseMonitor (JvmPauseMonitor.java:run(188)) - Starting JVM pause monitor
2019-10-05 01:11:20,430 [main] INFO  ozone.HddsDatanodeService (HddsDatanodeService.java:start(184)) - HddsDatanodeService host:pr-hdds-1986-f466r-3473100931 ip:192.168.151.105
2019-10-05 01:11:20,430 [Datanode State Machine Thread - 0] INFO  datanode.InitDatanodeState (InitDatanodeState.java:persistContainerDatanodeDetails(140)) - DatanodeDetails is persisted to /workdir/hadoop-ozone/integration-test/target/test-dir/MiniOzoneClusterImpl-89e9bd69-a153-46b5-bae3-cb56c8e8ff2c/datanode-0/meta/datanode.id
2019-10-05 01:11:20,441 [main] INFO  volume.HddsVolume (HddsVolume.java:<init>(176)) - Creating Volume: /workdir/hadoop-ozone/integration-test/target/test-dir/MiniOzoneClusterImpl-89e9bd69-a153-46b5-bae3-cb56c8e8ff2c/datanode-1/data/containers/hdds of  storage type : DISK and capacity : 1482555576320
2019-10-05 01:11:20,441 [main] INFO  volume.VolumeSet (VolumeSet.java:initializeVolumeSet(170)) - Added Volume : /workdir/hadoop-ozone/integration-test/target/test-dir/MiniOzoneClusterImpl-89e9bd69-a153-46b5-bae3-cb56c8e8ff2c/datanode-1/data/containers/hdds to VolumeSet
2019-10-05 01:11:20,441 [main] INFO  volume.ThrottledAsyncChecker (ThrottledAsyncChecker.java:schedule(139)) - Scheduling a check for org.apache.hadoop.ozone.container.common.volume.HddsVolume@65cc5252
2019-10-05 01:11:20,445 [main] INFO  volume.HddsVolumeChecker (HddsVolumeChecker.java:checkAllVolumes(202)) - Scheduled health check for volume org.apache.hadoop.ozone.container.common.volume.HddsVolume@65cc5252
2019-10-05 01:11:20,462 [main] INFO  impl.RaftServerProxy (ConfUtils.java:logGet(43)) - raft.rpc.type = GRPC (default)
2019-10-05 01:11:20,462 [main] INFO  grpc.GrpcFactory (GrpcFactory.java:checkPooledByteBufAllocatorUseCacheForAllThreads(45)) - PERFORMANCE WARNING: useCacheForAllThreads is true that may cause Netty to create a lot garbage objects and, as a result, trigger GC.
	It is recommended to disable useCacheForAllThreads by setting -Dorg.apache.ratis.thirdparty.io.netty.allocator.useCacheForAllThreads=false in command line.
2019-10-05 01:11:20,462 [main] INFO  grpc.GrpcConfigKeys$Server (ConfUtils.java:logGet(43)) - raft.grpc.server.port = 0 (default)
2019-10-05 01:11:20,462 [main] INFO  server.GrpcService (ConfUtils.java:logGet(43)) - raft.grpc.message.size.max = 33570816 (custom)
2019-10-05 01:11:20,463 [main] INFO  server.RaftServerConfigKeys (ConfUtils.java:logGet(43)) - raft.server.log.appender.buffer.byte-limit = 33554432 (custom)
2019-10-05 01:11:20,463 [main] INFO  server.GrpcService (ConfUtils.java:logGet(43)) - raft.grpc.flow.control.window = 1MB (=1048576) (default)
2019-10-05 01:11:20,463 [main] INFO  server.RaftServerConfigKeys (ConfUtils.java:logGet(43)) - raft.server.rpc.request.timeout = 3000ms (default)
2019-10-05 01:11:20,463 [main] INFO  server.RaftServerConfigKeys (ConfUtils.java:logGet(43)) - raft.server.storage.dir = [/workdir/hadoop-ozone/integration-test/target/test-dir/MiniOzoneClusterImpl-89e9bd69-a153-46b5-bae3-cb56c8e8ff2c/datanode-1/data/ratis] (custom)
2019-10-05 01:11:20,465 [main] INFO  hdfs.DFSUtil (DFSUtil.java:httpServerTemplateForNNAndJN(1641)) - Starting Web-server for hddsDatanode at: http://0.0.0.0:0
2019-10-05 01:11:20,466 [main] INFO  server.AuthenticationFilter (AuthenticationFilter.java:constructSecretProvider(240)) - Unable to initialize FileSignerSecretProvider, falling back to use random secrets.
2019-10-05 01:11:20,466 [main] WARN  http.HttpRequestLog (HttpRequestLog.java:getRequestLog(97)) - Jetty request log can only be enabled using Log4j
2019-10-05 01:11:20,467 [main] INFO  http.HttpServer2 (HttpServer2.java:addGlobalFilter(975)) - Added global filter 'safety' (class=org.apache.hadoop.http.HttpServer2$QuotingInputFilter)
2019-10-05 01:11:20,468 [main] INFO  http.HttpServer2 (HttpServer2.java:addFilter(948)) - Added filter static_user_filter (class=org.apache.hadoop.http.lib.StaticUserWebFilter$StaticUserFilter) to context hddsDatanode
2019-10-05 01:11:20,468 [main] INFO  http.HttpServer2 (HttpServer2.java:addFilter(958)) - Added filter static_user_filter (class=org.apache.hadoop.http.lib.StaticUserWebFilter$StaticUserFilter) to context logs
2019-10-05 01:11:20,468 [main] INFO  http.HttpServer2 (HttpServer2.java:addFilter(958)) - Added filter static_user_filter (class=org.apache.hadoop.http.lib.StaticUserWebFilter$StaticUserFilter) to context static
2019-10-05 01:11:20,468 [main] INFO  http.HttpServer2 (HttpServer2.java:bindListener(1191)) - Jetty bound to port 33125
2019-10-05 01:11:20,469 [main] INFO  server.Server (Server.java:doStart(351)) - jetty-9.3.25.v20180904, build timestamp: 2018-09-04T21:11:46Z, git hash: 3ce520221d0240229c862b122d2b06c12a625732
2019-10-05 01:11:20,470 [main] INFO  handler.ContextHandler (ContextHandler.java:doStart(781)) - Started o.e.j.s.ServletContextHandler@4ffced4e{/logs,file:///workdir/hadoop-ozone/integration-test/target/log,AVAILABLE}
2019-10-05 01:11:20,471 [main] INFO  handler.ContextHandler (ContextHandler.java:doStart(781)) - Started o.e.j.s.ServletContextHandler@bbb6f0{/static,jar:file:/home/user/.m2/repository/org/apache/hadoop/hadoop-hdds-container-service/0.5.0-SNAPSHOT/hadoop-hdds-container-service-0.5.0-SNAPSHOT.jar!/webapps/static,AVAILABLE}
2019-10-05 01:11:20,496 [main] INFO  handler.ContextHandler (ContextHandler.java:doStart(781)) - Started o.e.j.w.WebAppContext@7d0cd23c{/,file:///tmp/jetty-0.0.0.0-33125-hddsDatanode-_-any-5098221935021051393.dir/webapp/,AVAILABLE}{/hddsDatanode}
2019-10-05 01:11:20,496 [main] INFO  server.AbstractConnector (AbstractConnector.java:doStart(278)) - Started ServerConnector@17c4dc5b{HTTP/1.1,[http/1.1]}{0.0.0.0:33125}
2019-10-05 01:11:20,499 [main] INFO  server.Server (Server.java:doStart(419)) - Started @223070ms
2019-10-05 01:11:20,500 [main] WARN  impl.MetricsSystemImpl (MetricsSystemImpl.java:register(276)) - Sink prometheus already exists!
2019-10-05 01:11:20,500 [main] INFO  server.BaseHttpServer (BaseHttpServer.java:updateConnectorAddress(215)) - HTTP server of HDDSDATANODE is listening at http://0.0.0.0:33125
2019-10-05 01:11:20,501 [main] INFO  impl.MetricsSystemImpl (MetricsSystemImpl.java:init(158)) - HddsDatanode metrics system started (again)
2019-10-05 01:11:20,517 [org.apache.hadoop.util.JvmPauseMonitor$Monitor@124f3897] INFO  util.JvmPauseMonitor (JvmPauseMonitor.java:run(188)) - Starting JVM pause monitor
2019-10-05 01:11:20,518 [Datanode State Machine Thread - 0] INFO  datanode.InitDatanodeState (InitDatanodeState.java:persistContainerDatanodeDetails(140)) - DatanodeDetails is persisted to /workdir/hadoop-ozone/integration-test/target/test-dir/MiniOzoneClusterImpl-89e9bd69-a153-46b5-bae3-cb56c8e8ff2c/datanode-1/meta/datanode.id
2019-10-05 01:11:20,519 [main] INFO  ozone.HddsDatanodeService (HddsDatanodeService.java:start(184)) - HddsDatanodeService host:pr-hdds-1986-f466r-3473100931 ip:192.168.151.105
2019-10-05 01:11:20,528 [main] INFO  volume.HddsVolume (HddsVolume.java:<init>(176)) - Creating Volume: /workdir/hadoop-ozone/integration-test/target/test-dir/MiniOzoneClusterImpl-89e9bd69-a153-46b5-bae3-cb56c8e8ff2c/datanode-2/data/containers/hdds of  storage type : DISK and capacity : 1482555576320
2019-10-05 01:11:20,529 [main] INFO  volume.VolumeSet (VolumeSet.java:initializeVolumeSet(170)) - Added Volume : /workdir/hadoop-ozone/integration-test/target/test-dir/MiniOzoneClusterImpl-89e9bd69-a153-46b5-bae3-cb56c8e8ff2c/datanode-2/data/containers/hdds to VolumeSet
2019-10-05 01:11:20,529 [main] INFO  volume.ThrottledAsyncChecker (ThrottledAsyncChecker.java:schedule(139)) - Scheduling a check for org.apache.hadoop.ozone.container.common.volume.HddsVolume@2506b881
2019-10-05 01:11:20,529 [main] INFO  volume.HddsVolumeChecker (HddsVolumeChecker.java:checkAllVolumes(202)) - Scheduled health check for volume org.apache.hadoop.ozone.container.common.volume.HddsVolume@2506b881
2019-10-05 01:11:20,546 [main] INFO  impl.RaftServerProxy (ConfUtils.java:logGet(43)) - raft.rpc.type = GRPC (default)
2019-10-05 01:11:20,546 [main] INFO  grpc.GrpcFactory (GrpcFactory.java:checkPooledByteBufAllocatorUseCacheForAllThreads(45)) - PERFORMANCE WARNING: useCacheForAllThreads is true that may cause Netty to create a lot garbage objects and, as a result, trigger GC.
	It is recommended to disable useCacheForAllThreads by setting -Dorg.apache.ratis.thirdparty.io.netty.allocator.useCacheForAllThreads=false in command line.
2019-10-05 01:11:20,546 [main] INFO  grpc.GrpcConfigKeys$Server (ConfUtils.java:logGet(43)) - raft.grpc.server.port = 0 (default)
2019-10-05 01:11:20,546 [main] INFO  server.GrpcService (ConfUtils.java:logGet(43)) - raft.grpc.message.size.max = 33570816 (custom)
2019-10-05 01:11:20,547 [main] INFO  server.RaftServerConfigKeys (ConfUtils.java:logGet(43)) - raft.server.log.appender.buffer.byte-limit = 33554432 (custom)
2019-10-05 01:11:20,547 [main] INFO  server.GrpcService (ConfUtils.java:logGet(43)) - raft.grpc.flow.control.window = 1MB (=1048576) (default)
2019-10-05 01:11:20,547 [main] INFO  server.RaftServerConfigKeys (ConfUtils.java:logGet(43)) - raft.server.rpc.request.timeout = 3000ms (default)
2019-10-05 01:11:20,547 [main] INFO  server.RaftServerConfigKeys (ConfUtils.java:logGet(43)) - raft.server.storage.dir = [/workdir/hadoop-ozone/integration-test/target/test-dir/MiniOzoneClusterImpl-89e9bd69-a153-46b5-bae3-cb56c8e8ff2c/datanode-2/data/ratis] (custom)
2019-10-05 01:11:20,548 [main] INFO  hdfs.DFSUtil (DFSUtil.java:httpServerTemplateForNNAndJN(1641)) - Starting Web-server for hddsDatanode at: http://0.0.0.0:0
2019-10-05 01:11:20,549 [main] INFO  server.AuthenticationFilter (AuthenticationFilter.java:constructSecretProvider(240)) - Unable to initialize FileSignerSecretProvider, falling back to use random secrets.
2019-10-05 01:11:20,550 [main] WARN  http.HttpRequestLog (HttpRequestLog.java:getRequestLog(97)) - Jetty request log can only be enabled using Log4j
2019-10-05 01:11:20,551 [main] INFO  http.HttpServer2 (HttpServer2.java:addGlobalFilter(975)) - Added global filter 'safety' (class=org.apache.hadoop.http.HttpServer2$QuotingInputFilter)
2019-10-05 01:11:20,551 [main] INFO  http.HttpServer2 (HttpServer2.java:addFilter(948)) - Added filter static_user_filter (class=org.apache.hadoop.http.lib.StaticUserWebFilter$StaticUserFilter) to context hddsDatanode
2019-10-05 01:11:20,551 [main] INFO  http.HttpServer2 (HttpServer2.java:addFilter(958)) - Added filter static_user_filter (class=org.apache.hadoop.http.lib.StaticUserWebFilter$StaticUserFilter) to context logs
2019-10-05 01:11:20,552 [main] INFO  http.HttpServer2 (HttpServer2.java:addFilter(958)) - Added filter static_user_filter (class=org.apache.hadoop.http.lib.StaticUserWebFilter$StaticUserFilter) to context static
2019-10-05 01:11:20,552 [main] INFO  http.HttpServer2 (HttpServer2.java:bindListener(1191)) - Jetty bound to port 45570
2019-10-05 01:11:20,552 [main] INFO  server.Server (Server.java:doStart(351)) - jetty-9.3.25.v20180904, build timestamp: 2018-09-04T21:11:46Z, git hash: 3ce520221d0240229c862b122d2b06c12a625732
2019-10-05 01:11:20,554 [main] INFO  handler.ContextHandler (ContextHandler.java:doStart(781)) - Started o.e.j.s.ServletContextHandler@723e2d08{/logs,file:///workdir/hadoop-ozone/integration-test/target/log,AVAILABLE}
2019-10-05 01:11:20,554 [main] INFO  handler.ContextHandler (ContextHandler.java:doStart(781)) - Started o.e.j.s.ServletContextHandler@14f060b8{/static,jar:file:/home/user/.m2/repository/org/apache/hadoop/hadoop-hdds-container-service/0.5.0-SNAPSHOT/hadoop-hdds-container-service-0.5.0-SNAPSHOT.jar!/webapps/static,AVAILABLE}
2019-10-05 01:11:20,580 [main] INFO  handler.ContextHandler (ContextHandler.java:doStart(781)) - Started o.e.j.w.WebAppContext@5fb3111a{/,file:///tmp/jetty-0.0.0.0-45570-hddsDatanode-_-any-82068963713297840.dir/webapp/,AVAILABLE}{/hddsDatanode}
2019-10-05 01:11:20,580 [main] INFO  server.AbstractConnector (AbstractConnector.java:doStart(278)) - Started ServerConnector@4aaecabd{HTTP/1.1,[http/1.1]}{0.0.0.0:45570}
2019-10-05 01:11:20,580 [main] INFO  server.Server (Server.java:doStart(419)) - Started @223151ms
2019-10-05 01:11:20,584 [main] WARN  impl.MetricsSystemImpl (MetricsSystemImpl.java:register(276)) - Sink prometheus already exists!
2019-10-05 01:11:20,585 [main] INFO  server.BaseHttpServer (BaseHttpServer.java:updateConnectorAddress(215)) - HTTP server of HDDSDATANODE is listening at http://0.0.0.0:45570
2019-10-05 01:11:20,585 [main] INFO  impl.MetricsSystemImpl (MetricsSystemImpl.java:init(158)) - HddsDatanode metrics system started (again)
2019-10-05 01:11:20,602 [org.apache.hadoop.util.JvmPauseMonitor$Monitor@83dcaa7] INFO  util.JvmPauseMonitor (JvmPauseMonitor.java:run(188)) - Starting JVM pause monitor
2019-10-05 01:11:20,603 [Datanode State Machine Thread - 0] INFO  datanode.InitDatanodeState (InitDatanodeState.java:persistContainerDatanodeDetails(140)) - DatanodeDetails is persisted to /workdir/hadoop-ozone/integration-test/target/test-dir/MiniOzoneClusterImpl-89e9bd69-a153-46b5-bae3-cb56c8e8ff2c/datanode-2/meta/datanode.id
2019-10-05 01:11:20,603 [main] INFO  ozone.HddsDatanodeService (HddsDatanodeService.java:start(184)) - HddsDatanodeService host:pr-hdds-1986-f466r-3473100931 ip:192.168.151.105
2019-10-05 01:11:20,614 [main] INFO  volume.HddsVolume (HddsVolume.java:<init>(176)) - Creating Volume: /workdir/hadoop-ozone/integration-test/target/test-dir/MiniOzoneClusterImpl-89e9bd69-a153-46b5-bae3-cb56c8e8ff2c/datanode-3/data/containers/hdds of  storage type : DISK and capacity : 1482555576320
2019-10-05 01:11:20,614 [main] INFO  volume.VolumeSet (VolumeSet.java:initializeVolumeSet(170)) - Added Volume : /workdir/hadoop-ozone/integration-test/target/test-dir/MiniOzoneClusterImpl-89e9bd69-a153-46b5-bae3-cb56c8e8ff2c/datanode-3/data/containers/hdds to VolumeSet
2019-10-05 01:11:20,614 [main] INFO  volume.ThrottledAsyncChecker (ThrottledAsyncChecker.java:schedule(139)) - Scheduling a check for org.apache.hadoop.ozone.container.common.volume.HddsVolume@6b8b5020
2019-10-05 01:11:20,615 [main] INFO  volume.HddsVolumeChecker (HddsVolumeChecker.java:checkAllVolumes(202)) - Scheduled health check for volume org.apache.hadoop.ozone.container.common.volume.HddsVolume@6b8b5020
2019-10-05 01:11:20,629 [main] INFO  impl.RaftServerProxy (ConfUtils.java:logGet(43)) - raft.rpc.type = GRPC (default)
2019-10-05 01:11:20,630 [main] INFO  grpc.GrpcFactory (GrpcFactory.java:checkPooledByteBufAllocatorUseCacheForAllThreads(45)) - PERFORMANCE WARNING: useCacheForAllThreads is true that may cause Netty to create a lot garbage objects and, as a result, trigger GC.
	It is recommended to disable useCacheForAllThreads by setting -Dorg.apache.ratis.thirdparty.io.netty.allocator.useCacheForAllThreads=false in command line.
2019-10-05 01:11:20,630 [main] INFO  grpc.GrpcConfigKeys$Server (ConfUtils.java:logGet(43)) - raft.grpc.server.port = 0 (default)
2019-10-05 01:11:20,630 [main] INFO  server.GrpcService (ConfUtils.java:logGet(43)) - raft.grpc.message.size.max = 33570816 (custom)
2019-10-05 01:11:20,630 [main] INFO  server.RaftServerConfigKeys (ConfUtils.java:logGet(43)) - raft.server.log.appender.buffer.byte-limit = 33554432 (custom)
2019-10-05 01:11:20,630 [main] INFO  server.GrpcService (ConfUtils.java:logGet(43)) - raft.grpc.flow.control.window = 1MB (=1048576) (default)
2019-10-05 01:11:20,631 [main] INFO  server.RaftServerConfigKeys (ConfUtils.java:logGet(43)) - raft.server.rpc.request.timeout = 3000ms (default)
2019-10-05 01:11:20,631 [main] INFO  server.RaftServerConfigKeys (ConfUtils.java:logGet(43)) - raft.server.storage.dir = [/workdir/hadoop-ozone/integration-test/target/test-dir/MiniOzoneClusterImpl-89e9bd69-a153-46b5-bae3-cb56c8e8ff2c/datanode-3/data/ratis] (custom)
2019-10-05 01:11:20,632 [main] INFO  hdfs.DFSUtil (DFSUtil.java:httpServerTemplateForNNAndJN(1641)) - Starting Web-server for hddsDatanode at: http://0.0.0.0:0
2019-10-05 01:11:20,633 [main] INFO  server.AuthenticationFilter (AuthenticationFilter.java:constructSecretProvider(240)) - Unable to initialize FileSignerSecretProvider, falling back to use random secrets.
2019-10-05 01:11:20,634 [main] WARN  http.HttpRequestLog (HttpRequestLog.java:getRequestLog(97)) - Jetty request log can only be enabled using Log4j
2019-10-05 01:11:20,635 [main] INFO  http.HttpServer2 (HttpServer2.java:addGlobalFilter(975)) - Added global filter 'safety' (class=org.apache.hadoop.http.HttpServer2$QuotingInputFilter)
2019-10-05 01:11:20,635 [main] INFO  http.HttpServer2 (HttpServer2.java:addFilter(948)) - Added filter static_user_filter (class=org.apache.hadoop.http.lib.StaticUserWebFilter$StaticUserFilter) to context hddsDatanode
2019-10-05 01:11:20,635 [main] INFO  http.HttpServer2 (HttpServer2.java:addFilter(958)) - Added filter static_user_filter (class=org.apache.hadoop.http.lib.StaticUserWebFilter$StaticUserFilter) to context static
2019-10-05 01:11:20,636 [main] INFO  http.HttpServer2 (HttpServer2.java:addFilter(958)) - Added filter static_user_filter (class=org.apache.hadoop.http.lib.StaticUserWebFilter$StaticUserFilter) to context logs
2019-10-05 01:11:20,636 [main] INFO  http.HttpServer2 (HttpServer2.java:bindListener(1191)) - Jetty bound to port 33020
2019-10-05 01:11:20,636 [main] INFO  server.Server (Server.java:doStart(351)) - jetty-9.3.25.v20180904, build timestamp: 2018-09-04T21:11:46Z, git hash: 3ce520221d0240229c862b122d2b06c12a625732
2019-10-05 01:11:20,638 [main] INFO  handler.ContextHandler (ContextHandler.java:doStart(781)) - Started o.e.j.s.ServletContextHandler@67f946c3{/logs,file:///workdir/hadoop-ozone/integration-test/target/log,AVAILABLE}
2019-10-05 01:11:20,638 [main] INFO  handler.ContextHandler (ContextHandler.java:doStart(781)) - Started o.e.j.s.ServletContextHandler@1785d194{/static,jar:file:/home/user/.m2/repository/org/apache/hadoop/hadoop-hdds-container-service/0.5.0-SNAPSHOT/hadoop-hdds-container-service-0.5.0-SNAPSHOT.jar!/webapps/static,AVAILABLE}
2019-10-05 01:11:20,676 [main] INFO  handler.ContextHandler (ContextHandler.java:doStart(781)) - Started o.e.j.w.WebAppContext@27ec8754{/,file:///tmp/jetty-0.0.0.0-33020-hddsDatanode-_-any-8698304615202711486.dir/webapp/,AVAILABLE}{/hddsDatanode}
2019-10-05 01:11:20,677 [main] INFO  server.AbstractConnector (AbstractConnector.java:doStart(278)) - Started ServerConnector@3bbf1c0d{HTTP/1.1,[http/1.1]}{0.0.0.0:33020}
2019-10-05 01:11:20,680 [main] INFO  server.Server (Server.java:doStart(419)) - Started @223251ms
2019-10-05 01:11:20,680 [main] WARN  impl.MetricsSystemImpl (MetricsSystemImpl.java:register(276)) - Sink prometheus already exists!
2019-10-05 01:11:20,681 [main] INFO  server.BaseHttpServer (BaseHttpServer.java:updateConnectorAddress(215)) - HTTP server of HDDSDATANODE is listening at http://0.0.0.0:33020
2019-10-05 01:11:20,681 [main] INFO  impl.MetricsSystemImpl (MetricsSystemImpl.java:init(158)) - HddsDatanode metrics system started (again)
2019-10-05 01:11:20,700 [org.apache.hadoop.util.JvmPauseMonitor$Monitor@296ba03a] INFO  util.JvmPauseMonitor (JvmPauseMonitor.java:run(188)) - Starting JVM pause monitor
2019-10-05 01:11:20,701 [main] INFO  ozone.HddsDatanodeService (HddsDatanodeService.java:start(184)) - HddsDatanodeService host:pr-hdds-1986-f466r-3473100931 ip:192.168.151.105
2019-10-05 01:11:20,701 [Datanode State Machine Thread - 0] INFO  datanode.InitDatanodeState (InitDatanodeState.java:persistContainerDatanodeDetails(140)) - DatanodeDetails is persisted to /workdir/hadoop-ozone/integration-test/target/test-dir/MiniOzoneClusterImpl-89e9bd69-a153-46b5-bae3-cb56c8e8ff2c/datanode-3/meta/datanode.id
2019-10-05 01:11:20,711 [main] INFO  volume.HddsVolume (HddsVolume.java:<init>(176)) - Creating Volume: /workdir/hadoop-ozone/integration-test/target/test-dir/MiniOzoneClusterImpl-89e9bd69-a153-46b5-bae3-cb56c8e8ff2c/datanode-4/data/containers/hdds of  storage type : DISK and capacity : 1482555576320
2019-10-05 01:11:20,712 [main] INFO  volume.VolumeSet (VolumeSet.java:initializeVolumeSet(170)) - Added Volume : /workdir/hadoop-ozone/integration-test/target/test-dir/MiniOzoneClusterImpl-89e9bd69-a153-46b5-bae3-cb56c8e8ff2c/datanode-4/data/containers/hdds to VolumeSet
2019-10-05 01:11:20,712 [main] INFO  volume.ThrottledAsyncChecker (ThrottledAsyncChecker.java:schedule(139)) - Scheduling a check for org.apache.hadoop.ozone.container.common.volume.HddsVolume@310d57b1
2019-10-05 01:11:20,712 [main] INFO  volume.HddsVolumeChecker (HddsVolumeChecker.java:checkAllVolumes(202)) - Scheduled health check for volume org.apache.hadoop.ozone.container.common.volume.HddsVolume@310d57b1
2019-10-05 01:11:20,728 [main] INFO  impl.RaftServerProxy (ConfUtils.java:logGet(43)) - raft.rpc.type = GRPC (default)
2019-10-05 01:11:20,728 [main] INFO  grpc.GrpcFactory (GrpcFactory.java:checkPooledByteBufAllocatorUseCacheForAllThreads(45)) - PERFORMANCE WARNING: useCacheForAllThreads is true that may cause Netty to create a lot garbage objects and, as a result, trigger GC.
	It is recommended to disable useCacheForAllThreads by setting -Dorg.apache.ratis.thirdparty.io.netty.allocator.useCacheForAllThreads=false in command line.
2019-10-05 01:11:20,729 [main] INFO  grpc.GrpcConfigKeys$Server (ConfUtils.java:logGet(43)) - raft.grpc.server.port = 0 (default)
2019-10-05 01:11:20,729 [main] INFO  server.GrpcService (ConfUtils.java:logGet(43)) - raft.grpc.message.size.max = 33570816 (custom)
2019-10-05 01:11:20,729 [main] INFO  server.RaftServerConfigKeys (ConfUtils.java:logGet(43)) - raft.server.log.appender.buffer.byte-limit = 33554432 (custom)
2019-10-05 01:11:20,729 [main] INFO  server.GrpcService (ConfUtils.java:logGet(43)) - raft.grpc.flow.control.window = 1MB (=1048576) (default)
2019-10-05 01:11:20,729 [main] INFO  server.RaftServerConfigKeys (ConfUtils.java:logGet(43)) - raft.server.rpc.request.timeout = 3000ms (default)
2019-10-05 01:11:20,730 [main] INFO  server.RaftServerConfigKeys (ConfUtils.java:logGet(43)) - raft.server.storage.dir = [/workdir/hadoop-ozone/integration-test/target/test-dir/MiniOzoneClusterImpl-89e9bd69-a153-46b5-bae3-cb56c8e8ff2c/datanode-4/data/ratis] (custom)
2019-10-05 01:11:20,731 [main] INFO  hdfs.DFSUtil (DFSUtil.java:httpServerTemplateForNNAndJN(1641)) - Starting Web-server for hddsDatanode at: http://0.0.0.0:0
2019-10-05 01:11:20,735 [main] INFO  server.AuthenticationFilter (AuthenticationFilter.java:constructSecretProvider(240)) - Unable to initialize FileSignerSecretProvider, falling back to use random secrets.
2019-10-05 01:11:20,736 [main] WARN  http.HttpRequestLog (HttpRequestLog.java:getRequestLog(97)) - Jetty request log can only be enabled using Log4j
2019-10-05 01:11:20,737 [main] INFO  http.HttpServer2 (HttpServer2.java:addGlobalFilter(975)) - Added global filter 'safety' (class=org.apache.hadoop.http.HttpServer2$QuotingInputFilter)
2019-10-05 01:11:20,737 [main] INFO  http.HttpServer2 (HttpServer2.java:addFilter(948)) - Added filter static_user_filter (class=org.apache.hadoop.http.lib.StaticUserWebFilter$StaticUserFilter) to context hddsDatanode
2019-10-05 01:11:20,738 [main] INFO  http.HttpServer2 (HttpServer2.java:addFilter(958)) - Added filter static_user_filter (class=org.apache.hadoop.http.lib.StaticUserWebFilter$StaticUserFilter) to context logs
2019-10-05 01:11:20,738 [main] INFO  http.HttpServer2 (HttpServer2.java:addFilter(958)) - Added filter static_user_filter (class=org.apache.hadoop.http.lib.StaticUserWebFilter$StaticUserFilter) to context static
2019-10-05 01:11:20,738 [main] INFO  http.HttpServer2 (HttpServer2.java:bindListener(1191)) - Jetty bound to port 37585
2019-10-05 01:11:20,738 [main] INFO  server.Server (Server.java:doStart(351)) - jetty-9.3.25.v20180904, build timestamp: 2018-09-04T21:11:46Z, git hash: 3ce520221d0240229c862b122d2b06c12a625732
2019-10-05 01:11:20,740 [main] INFO  handler.ContextHandler (ContextHandler.java:doStart(781)) - Started o.e.j.s.ServletContextHandler@2997ddfc{/logs,file:///workdir/hadoop-ozone/integration-test/target/log,AVAILABLE}
2019-10-05 01:11:20,740 [main] INFO  handler.ContextHandler (ContextHandler.java:doStart(781)) - Started o.e.j.s.ServletContextHandler@78d73b1b{/static,jar:file:/home/user/.m2/repository/org/apache/hadoop/hadoop-hdds-container-service/0.5.0-SNAPSHOT/hadoop-hdds-container-service-0.5.0-SNAPSHOT.jar!/webapps/static,AVAILABLE}
2019-10-05 01:11:20,768 [main] INFO  handler.ContextHandler (ContextHandler.java:doStart(781)) - Started o.e.j.w.WebAppContext@39c87b42{/,file:///tmp/jetty-0.0.0.0-37585-hddsDatanode-_-any-3114157883987916588.dir/webapp/,AVAILABLE}{/hddsDatanode}
2019-10-05 01:11:20,769 [main] INFO  server.AbstractConnector (AbstractConnector.java:doStart(278)) - Started ServerConnector@47fcefb3{HTTP/1.1,[http/1.1]}{0.0.0.0:37585}
2019-10-05 01:11:20,772 [main] INFO  server.Server (Server.java:doStart(419)) - Started @223342ms
2019-10-05 01:11:20,772 [main] WARN  impl.MetricsSystemImpl (MetricsSystemImpl.java:register(276)) - Sink prometheus already exists!
2019-10-05 01:11:20,773 [main] INFO  server.BaseHttpServer (BaseHttpServer.java:updateConnectorAddress(215)) - HTTP server of HDDSDATANODE is listening at http://0.0.0.0:37585
2019-10-05 01:11:20,773 [main] INFO  impl.MetricsSystemImpl (MetricsSystemImpl.java:init(158)) - HddsDatanode metrics system started (again)
2019-10-05 01:11:20,792 [org.apache.hadoop.util.JvmPauseMonitor$Monitor@b8dbaac] INFO  util.JvmPauseMonitor (JvmPauseMonitor.java:run(188)) - Starting JVM pause monitor
2019-10-05 01:11:20,794 [Datanode State Machine Thread - 0] INFO  datanode.InitDatanodeState (InitDatanodeState.java:persistContainerDatanodeDetails(140)) - DatanodeDetails is persisted to /workdir/hadoop-ozone/integration-test/target/test-dir/MiniOzoneClusterImpl-89e9bd69-a153-46b5-bae3-cb56c8e8ff2c/datanode-4/meta/datanode.id
2019-10-05 01:11:20,795 [main] INFO  ozone.HddsDatanodeService (HddsDatanodeService.java:start(184)) - HddsDatanodeService host:pr-hdds-1986-f466r-3473100931 ip:192.168.151.105
2019-10-05 01:11:20,804 [main] INFO  volume.HddsVolume (HddsVolume.java:<init>(176)) - Creating Volume: /workdir/hadoop-ozone/integration-test/target/test-dir/MiniOzoneClusterImpl-89e9bd69-a153-46b5-bae3-cb56c8e8ff2c/datanode-5/data/containers/hdds of  storage type : DISK and capacity : 1482555576320
2019-10-05 01:11:20,804 [main] INFO  volume.VolumeSet (VolumeSet.java:initializeVolumeSet(170)) - Added Volume : /workdir/hadoop-ozone/integration-test/target/test-dir/MiniOzoneClusterImpl-89e9bd69-a153-46b5-bae3-cb56c8e8ff2c/datanode-5/data/containers/hdds to VolumeSet
2019-10-05 01:11:20,804 [main] INFO  volume.ThrottledAsyncChecker (ThrottledAsyncChecker.java:schedule(139)) - Scheduling a check for org.apache.hadoop.ozone.container.common.volume.HddsVolume@3cb6e0ee
2019-10-05 01:11:20,805 [main] INFO  volume.HddsVolumeChecker (HddsVolumeChecker.java:checkAllVolumes(202)) - Scheduled health check for volume org.apache.hadoop.ozone.container.common.volume.HddsVolume@3cb6e0ee
2019-10-05 01:11:20,822 [main] INFO  impl.RaftServerProxy (ConfUtils.java:logGet(43)) - raft.rpc.type = GRPC (default)
2019-10-05 01:11:20,822 [main] INFO  grpc.GrpcFactory (GrpcFactory.java:checkPooledByteBufAllocatorUseCacheForAllThreads(45)) - PERFORMANCE WARNING: useCacheForAllThreads is true that may cause Netty to create a lot garbage objects and, as a result, trigger GC.
	It is recommended to disable useCacheForAllThreads by setting -Dorg.apache.ratis.thirdparty.io.netty.allocator.useCacheForAllThreads=false in command line.
2019-10-05 01:11:20,823 [main] INFO  grpc.GrpcConfigKeys$Server (ConfUtils.java:logGet(43)) - raft.grpc.server.port = 0 (default)
2019-10-05 01:11:20,823 [main] INFO  server.GrpcService (ConfUtils.java:logGet(43)) - raft.grpc.message.size.max = 33570816 (custom)
2019-10-05 01:11:20,823 [main] INFO  server.RaftServerConfigKeys (ConfUtils.java:logGet(43)) - raft.server.log.appender.buffer.byte-limit = 33554432 (custom)
2019-10-05 01:11:20,823 [main] INFO  server.GrpcService (ConfUtils.java:logGet(43)) - raft.grpc.flow.control.window = 1MB (=1048576) (default)
2019-10-05 01:11:20,823 [main] INFO  server.RaftServerConfigKeys (ConfUtils.java:logGet(43)) - raft.server.rpc.request.timeout = 3000ms (default)
2019-10-05 01:11:20,824 [main] INFO  server.RaftServerConfigKeys (ConfUtils.java:logGet(43)) - raft.server.storage.dir = [/workdir/hadoop-ozone/integration-test/target/test-dir/MiniOzoneClusterImpl-89e9bd69-a153-46b5-bae3-cb56c8e8ff2c/datanode-5/data/ratis] (custom)
2019-10-05 01:11:20,825 [main] INFO  hdfs.DFSUtil (DFSUtil.java:httpServerTemplateForNNAndJN(1641)) - Starting Web-server for hddsDatanode at: http://0.0.0.0:0
2019-10-05 01:11:20,827 [main] INFO  server.AuthenticationFilter (AuthenticationFilter.java:constructSecretProvider(240)) - Unable to initialize FileSignerSecretProvider, falling back to use random secrets.
2019-10-05 01:11:20,827 [main] WARN  http.HttpRequestLog (HttpRequestLog.java:getRequestLog(97)) - Jetty request log can only be enabled using Log4j
2019-10-05 01:11:20,828 [main] INFO  http.HttpServer2 (HttpServer2.java:addGlobalFilter(975)) - Added global filter 'safety' (class=org.apache.hadoop.http.HttpServer2$QuotingInputFilter)
2019-10-05 01:11:20,829 [main] INFO  http.HttpServer2 (HttpServer2.java:addFilter(948)) - Added filter static_user_filter (class=org.apache.hadoop.http.lib.StaticUserWebFilter$StaticUserFilter) to context hddsDatanode
2019-10-05 01:11:20,829 [main] INFO  http.HttpServer2 (HttpServer2.java:addFilter(958)) - Added filter static_user_filter (class=org.apache.hadoop.http.lib.StaticUserWebFilter$StaticUserFilter) to context static
2019-10-05 01:11:20,829 [main] INFO  http.HttpServer2 (HttpServer2.java:addFilter(958)) - Added filter static_user_filter (class=org.apache.hadoop.http.lib.StaticUserWebFilter$StaticUserFilter) to context logs
2019-10-05 01:11:20,829 [main] INFO  http.HttpServer2 (HttpServer2.java:bindListener(1191)) - Jetty bound to port 37632
2019-10-05 01:11:20,830 [main] INFO  server.Server (Server.java:doStart(351)) - jetty-9.3.25.v20180904, build timestamp: 2018-09-04T21:11:46Z, git hash: 3ce520221d0240229c862b122d2b06c12a625732
2019-10-05 01:11:20,831 [main] INFO  handler.ContextHandler (ContextHandler.java:doStart(781)) - Started o.e.j.s.ServletContextHandler@5a30722c{/logs,file:///workdir/hadoop-ozone/integration-test/target/log,AVAILABLE}
2019-10-05 01:11:20,831 [main] INFO  handler.ContextHandler (ContextHandler.java:doStart(781)) - Started o.e.j.s.ServletContextHandler@2484dbb7{/static,jar:file:/home/user/.m2/repository/org/apache/hadoop/hadoop-hdds-container-service/0.5.0-SNAPSHOT/hadoop-hdds-container-service-0.5.0-SNAPSHOT.jar!/webapps/static,AVAILABLE}
2019-10-05 01:11:20,870 [main] INFO  handler.ContextHandler (ContextHandler.java:doStart(781)) - Started o.e.j.w.WebAppContext@5faeeb56{/,file:///tmp/jetty-0.0.0.0-37632-hddsDatanode-_-any-332112605273621098.dir/webapp/,AVAILABLE}{/hddsDatanode}
2019-10-05 01:11:20,871 [main] INFO  server.AbstractConnector (AbstractConnector.java:doStart(278)) - Started ServerConnector@5396eeb1{HTTP/1.1,[http/1.1]}{0.0.0.0:37632}
2019-10-05 01:11:20,874 [main] INFO  server.Server (Server.java:doStart(419)) - Started @223444ms
2019-10-05 01:11:20,874 [main] WARN  impl.MetricsSystemImpl (MetricsSystemImpl.java:register(276)) - Sink prometheus already exists!
2019-10-05 01:11:20,875 [main] INFO  server.BaseHttpServer (BaseHttpServer.java:updateConnectorAddress(215)) - HTTP server of HDDSDATANODE is listening at http://0.0.0.0:37632
2019-10-05 01:11:20,875 [main] INFO  impl.MetricsSystemImpl (MetricsSystemImpl.java:init(158)) - HddsDatanode metrics system started (again)
2019-10-05 01:11:20,895 [org.apache.hadoop.util.JvmPauseMonitor$Monitor@741994fc] INFO  util.JvmPauseMonitor (JvmPauseMonitor.java:run(188)) - Starting JVM pause monitor
2019-10-05 01:11:20,896 [main] INFO  ozone.HddsDatanodeService (HddsDatanodeService.java:start(184)) - HddsDatanodeService host:pr-hdds-1986-f466r-3473100931 ip:192.168.151.105
2019-10-05 01:11:20,897 [Datanode State Machine Thread - 0] INFO  datanode.InitDatanodeState (InitDatanodeState.java:persistContainerDatanodeDetails(140)) - DatanodeDetails is persisted to /workdir/hadoop-ozone/integration-test/target/test-dir/MiniOzoneClusterImpl-89e9bd69-a153-46b5-bae3-cb56c8e8ff2c/datanode-5/meta/datanode.id
2019-10-05 01:11:20,905 [main] INFO  volume.HddsVolume (HddsVolume.java:<init>(176)) - Creating Volume: /workdir/hadoop-ozone/integration-test/target/test-dir/MiniOzoneClusterImpl-89e9bd69-a153-46b5-bae3-cb56c8e8ff2c/datanode-6/data/containers/hdds of  storage type : DISK and capacity : 1482555576320
2019-10-05 01:11:20,906 [main] INFO  volume.VolumeSet (VolumeSet.java:initializeVolumeSet(170)) - Added Volume : /workdir/hadoop-ozone/integration-test/target/test-dir/MiniOzoneClusterImpl-89e9bd69-a153-46b5-bae3-cb56c8e8ff2c/datanode-6/data/containers/hdds to VolumeSet
2019-10-05 01:11:20,906 [main] INFO  volume.ThrottledAsyncChecker (ThrottledAsyncChecker.java:schedule(139)) - Scheduling a check for org.apache.hadoop.ozone.container.common.volume.HddsVolume@1291aab5
2019-10-05 01:11:20,906 [main] INFO  volume.HddsVolumeChecker (HddsVolumeChecker.java:checkAllVolumes(202)) - Scheduled health check for volume org.apache.hadoop.ozone.container.common.volume.HddsVolume@1291aab5
2019-10-05 01:11:20,924 [main] INFO  impl.RaftServerProxy (ConfUtils.java:logGet(43)) - raft.rpc.type = GRPC (default)
2019-10-05 01:11:20,924 [main] INFO  grpc.GrpcFactory (GrpcFactory.java:checkPooledByteBufAllocatorUseCacheForAllThreads(45)) - PERFORMANCE WARNING: useCacheForAllThreads is true that may cause Netty to create a lot garbage objects and, as a result, trigger GC.
	It is recommended to disable useCacheForAllThreads by setting -Dorg.apache.ratis.thirdparty.io.netty.allocator.useCacheForAllThreads=false in command line.
2019-10-05 01:11:20,924 [main] INFO  grpc.GrpcConfigKeys$Server (ConfUtils.java:logGet(43)) - raft.grpc.server.port = 0 (default)
2019-10-05 01:11:20,924 [main] INFO  server.GrpcService (ConfUtils.java:logGet(43)) - raft.grpc.message.size.max = 33570816 (custom)
2019-10-05 01:11:20,924 [main] INFO  server.RaftServerConfigKeys (ConfUtils.java:logGet(43)) - raft.server.log.appender.buffer.byte-limit = 33554432 (custom)
2019-10-05 01:11:20,924 [main] INFO  server.GrpcService (ConfUtils.java:logGet(43)) - raft.grpc.flow.control.window = 1MB (=1048576) (default)
2019-10-05 01:11:20,925 [main] INFO  server.RaftServerConfigKeys (ConfUtils.java:logGet(43)) - raft.server.rpc.request.timeout = 3000ms (default)
2019-10-05 01:11:20,925 [main] INFO  server.RaftServerConfigKeys (ConfUtils.java:logGet(43)) - raft.server.storage.dir = [/workdir/hadoop-ozone/integration-test/target/test-dir/MiniOzoneClusterImpl-89e9bd69-a153-46b5-bae3-cb56c8e8ff2c/datanode-6/data/ratis] (custom)
2019-10-05 01:11:20,926 [main] INFO  hdfs.DFSUtil (DFSUtil.java:httpServerTemplateForNNAndJN(1641)) - Starting Web-server for hddsDatanode at: http://0.0.0.0:0
2019-10-05 01:11:20,927 [main] INFO  server.AuthenticationFilter (AuthenticationFilter.java:constructSecretProvider(240)) - Unable to initialize FileSignerSecretProvider, falling back to use random secrets.
2019-10-05 01:11:20,928 [main] WARN  http.HttpRequestLog (HttpRequestLog.java:getRequestLog(97)) - Jetty request log can only be enabled using Log4j
2019-10-05 01:11:20,929 [main] INFO  http.HttpServer2 (HttpServer2.java:addGlobalFilter(975)) - Added global filter 'safety' (class=org.apache.hadoop.http.HttpServer2$QuotingInputFilter)
2019-10-05 01:11:20,929 [main] INFO  http.HttpServer2 (HttpServer2.java:addFilter(948)) - Added filter static_user_filter (class=org.apache.hadoop.http.lib.StaticUserWebFilter$StaticUserFilter) to context hddsDatanode
2019-10-05 01:11:20,929 [main] INFO  http.HttpServer2 (HttpServer2.java:addFilter(958)) - Added filter static_user_filter (class=org.apache.hadoop.http.lib.StaticUserWebFilter$StaticUserFilter) to context static
2019-10-05 01:11:20,929 [main] INFO  http.HttpServer2 (HttpServer2.java:addFilter(958)) - Added filter static_user_filter (class=org.apache.hadoop.http.lib.StaticUserWebFilter$StaticUserFilter) to context logs
2019-10-05 01:11:20,930 [main] INFO  http.HttpServer2 (HttpServer2.java:bindListener(1191)) - Jetty bound to port 46438
2019-10-05 01:11:20,930 [main] INFO  server.Server (Server.java:doStart(351)) - jetty-9.3.25.v20180904, build timestamp: 2018-09-04T21:11:46Z, git hash: 3ce520221d0240229c862b122d2b06c12a625732
2019-10-05 01:11:20,931 [main] INFO  handler.ContextHandler (ContextHandler.java:doStart(781)) - Started o.e.j.s.ServletContextHandler@d8835af{/logs,file:///workdir/hadoop-ozone/integration-test/target/log,AVAILABLE}
2019-10-05 01:11:20,932 [main] INFO  handler.ContextHandler (ContextHandler.java:doStart(781)) - Started o.e.j.s.ServletContextHandler@6aae0e6f{/static,jar:file:/home/user/.m2/repository/org/apache/hadoop/hadoop-hdds-container-service/0.5.0-SNAPSHOT/hadoop-hdds-container-service-0.5.0-SNAPSHOT.jar!/webapps/static,AVAILABLE}
2019-10-05 01:11:20,966 [main] INFO  handler.ContextHandler (ContextHandler.java:doStart(781)) - Started o.e.j.w.WebAppContext@723742b2{/,file:///tmp/jetty-0.0.0.0-46438-hddsDatanode-_-any-4678930304949204165.dir/webapp/,AVAILABLE}{/hddsDatanode}
2019-10-05 01:11:20,966 [main] INFO  server.AbstractConnector (AbstractConnector.java:doStart(278)) - Started ServerConnector@559991f5{HTTP/1.1,[http/1.1]}{0.0.0.0:46438}
2019-10-05 01:11:20,970 [main] INFO  server.Server (Server.java:doStart(419)) - Started @223540ms
2019-10-05 01:11:20,970 [main] WARN  impl.MetricsSystemImpl (MetricsSystemImpl.java:register(276)) - Sink prometheus already exists!
2019-10-05 01:11:20,971 [main] INFO  server.BaseHttpServer (BaseHttpServer.java:updateConnectorAddress(215)) - HTTP server of HDDSDATANODE is listening at http://0.0.0.0:46438
2019-10-05 01:11:20,971 [main] INFO  ozone.MiniOzoneClusterImpl (MiniOzoneClusterImpl.java:lambda$waitForClusterToBeReady$0(147)) - Waiting for cluster to be ready. Got 0 of 7 DN Heartbeats.
2019-10-05 01:11:20,972 [org.apache.hadoop.util.JvmPauseMonitor$Monitor@4e722a7d] INFO  util.JvmPauseMonitor (JvmPauseMonitor.java:run(188)) - Starting JVM pause monitor
2019-10-05 01:11:20,974 [Datanode State Machine Thread - 0] INFO  datanode.InitDatanodeState (InitDatanodeState.java:persistContainerDatanodeDetails(140)) - DatanodeDetails is persisted to /workdir/hadoop-ozone/integration-test/target/test-dir/MiniOzoneClusterImpl-89e9bd69-a153-46b5-bae3-cb56c8e8ff2c/datanode-6/meta/datanode.id
2019-10-05 01:11:21,007 [grpc-default-executor-4] WARN  server.GrpcLogAppender (LogUtils.java:warn(134)) - f19346f0-5ca3-4e6f-bfd9-1e67cc451c5e@group-6C146C812D05->07cb5bbc-8352-4509-916c-30becd83db4e-AppendLogResponseHandler: Failed appendEntries: org.apache.ratis.thirdparty.io.grpc.StatusRuntimeException: UNAVAILABLE: io exception
2019-10-05 01:11:21,007 [grpc-default-executor-4] INFO  impl.FollowerInfo (FollowerInfo.java:lambda$new$0(51)) - f19346f0-5ca3-4e6f-bfd9-1e67cc451c5e@group-6C146C812D05->07cb5bbc-8352-4509-916c-30becd83db4e: nextIndex: updateUnconditionally 0 -> 0
2019-10-05 01:11:21,013 [grpc-default-executor-4] WARN  server.GrpcLogAppender (LogUtils.java:warn(134)) - f19346f0-5ca3-4e6f-bfd9-1e67cc451c5e@group-6C146C812D05->e7349651-06e6-4307-8dab-742a146f4cf9-AppendLogResponseHandler: Failed appendEntries: org.apache.ratis.thirdparty.io.grpc.StatusRuntimeException: UNAVAILABLE: io exception
2019-10-05 01:11:21,013 [grpc-default-executor-4] INFO  impl.FollowerInfo (FollowerInfo.java:lambda$new$0(51)) - f19346f0-5ca3-4e6f-bfd9-1e67cc451c5e@group-6C146C812D05->e7349651-06e6-4307-8dab-742a146f4cf9: nextIndex: updateUnconditionally 0 -> 0
2019-10-05 01:11:21,971 [main] INFO  ozone.MiniOzoneClusterImpl (MiniOzoneClusterImpl.java:lambda$waitForClusterToBeReady$0(147)) - Waiting for cluster to be ready. Got 0 of 7 DN Heartbeats.
2019-10-05 01:11:22,499 [Datanode State Machine Thread - 0] INFO  ozoneimpl.OzoneContainer (OzoneContainer.java:start(217)) - Attempting to start container services.
2019-10-05 01:11:22,500 [Datanode State Machine Thread - 0] INFO  ozoneimpl.OzoneContainer (OzoneContainer.java:startContainerScrub(179)) - Background container scanner has been disabled.
2019-10-05 01:11:22,500 [Datanode State Machine Thread - 0] INFO  ratis.XceiverServerRatis (XceiverServerRatis.java:start(417)) - Starting XceiverServerRatis 053a83ed-b28c-4b1f-bf18-66f49a6d94ff at port 0
2019-10-05 01:11:22,509 [Datanode State Machine Thread - 0] INFO  impl.RaftServerProxy (RaftServerProxy.java:lambda$start$3(299)) - 053a83ed-b28c-4b1f-bf18-66f49a6d94ff: start RPC server
2019-10-05 01:11:22,511 [Datanode State Machine Thread - 0] INFO  server.GrpcService (GrpcService.java:startImpl(158)) - 053a83ed-b28c-4b1f-bf18-66f49a6d94ff: GrpcService started, listening on 0.0.0.0/0.0.0.0:39846
2019-10-05 01:11:22,511 [Datanode State Machine Thread - 0] INFO  ratis.XceiverServerRatis (XceiverServerRatis.java:start(427)) - XceiverServerRatis 053a83ed-b28c-4b1f-bf18-66f49a6d94ff is started using port 39846
2019-10-05 01:11:22,515 [Datanode State Machine Thread - 0] INFO  server.XceiverServerGrpc (XceiverServerGrpc.java:start(149)) - XceiverServerGrpc 053a83ed-b28c-4b1f-bf18-66f49a6d94ff is started using port 37634
2019-10-05 01:11:22,554 [Datanode State Machine Thread - 0] INFO  ozoneimpl.OzoneContainer (OzoneContainer.java:start(217)) - Attempting to start container services.
2019-10-05 01:11:22,554 [Datanode State Machine Thread - 0] INFO  ozoneimpl.OzoneContainer (OzoneContainer.java:startContainerScrub(179)) - Background container scanner has been disabled.
2019-10-05 01:11:22,555 [Datanode State Machine Thread - 0] INFO  ratis.XceiverServerRatis (XceiverServerRatis.java:start(417)) - Starting XceiverServerRatis 5ec9b283-de98-40ef-ad07-e01c743893bf at port 0
2019-10-05 01:11:22,562 [Datanode State Machine Thread - 0] INFO  impl.RaftServerProxy (RaftServerProxy.java:lambda$start$3(299)) - 5ec9b283-de98-40ef-ad07-e01c743893bf: start RPC server
2019-10-05 01:11:22,566 [Datanode State Machine Thread - 0] INFO  server.GrpcService (GrpcService.java:startImpl(158)) - 5ec9b283-de98-40ef-ad07-e01c743893bf: GrpcService started, listening on 0.0.0.0/0.0.0.0:34119
2019-10-05 01:11:22,566 [Datanode State Machine Thread - 0] INFO  ratis.XceiverServerRatis (XceiverServerRatis.java:start(427)) - XceiverServerRatis 5ec9b283-de98-40ef-ad07-e01c743893bf is started using port 34119
2019-10-05 01:11:22,566 [Datanode State Machine Thread - 0] INFO  server.XceiverServerGrpc (XceiverServerGrpc.java:start(149)) - XceiverServerGrpc 5ec9b283-de98-40ef-ad07-e01c743893bf is started using port 36360
2019-10-05 01:11:22,617 [Datanode State Machine Thread - 0] INFO  ozoneimpl.OzoneContainer (OzoneContainer.java:start(217)) - Attempting to start container services.
2019-10-05 01:11:22,618 [Datanode State Machine Thread - 0] INFO  ozoneimpl.OzoneContainer (OzoneContainer.java:startContainerScrub(179)) - Background container scanner has been disabled.
2019-10-05 01:11:22,618 [Datanode State Machine Thread - 0] INFO  ratis.XceiverServerRatis (XceiverServerRatis.java:start(417)) - Starting XceiverServerRatis b21c3d66-d2f3-4711-a82c-97bd21a0be85 at port 0
2019-10-05 01:11:22,625 [Datanode State Machine Thread - 0] INFO  impl.RaftServerProxy (RaftServerProxy.java:lambda$start$3(299)) - b21c3d66-d2f3-4711-a82c-97bd21a0be85: start RPC server
2019-10-05 01:11:22,629 [Datanode State Machine Thread - 0] INFO  server.GrpcService (GrpcService.java:startImpl(158)) - b21c3d66-d2f3-4711-a82c-97bd21a0be85: GrpcService started, listening on 0.0.0.0/0.0.0.0:42420
2019-10-05 01:11:22,629 [Datanode State Machine Thread - 0] INFO  ratis.XceiverServerRatis (XceiverServerRatis.java:start(427)) - XceiverServerRatis b21c3d66-d2f3-4711-a82c-97bd21a0be85 is started using port 42420
2019-10-05 01:11:22,629 [Datanode State Machine Thread - 0] INFO  server.XceiverServerGrpc (XceiverServerGrpc.java:start(149)) - XceiverServerGrpc b21c3d66-d2f3-4711-a82c-97bd21a0be85 is started using port 35854
2019-10-05 01:11:22,714 [Datanode State Machine Thread - 0] INFO  ozoneimpl.OzoneContainer (OzoneContainer.java:start(217)) - Attempting to start container services.
2019-10-05 01:11:22,715 [Datanode State Machine Thread - 0] INFO  ozoneimpl.OzoneContainer (OzoneContainer.java:startContainerScrub(179)) - Background container scanner has been disabled.
2019-10-05 01:11:22,715 [Datanode State Machine Thread - 0] INFO  ratis.XceiverServerRatis (XceiverServerRatis.java:start(417)) - Starting XceiverServerRatis 32295ca9-a6a1-49e3-9af3-cbfbe785534d at port 0
2019-10-05 01:11:22,723 [Datanode State Machine Thread - 0] INFO  impl.RaftServerProxy (RaftServerProxy.java:lambda$start$3(299)) - 32295ca9-a6a1-49e3-9af3-cbfbe785534d: start RPC server
2019-10-05 01:11:22,724 [Datanode State Machine Thread - 0] INFO  server.GrpcService (GrpcService.java:startImpl(158)) - 32295ca9-a6a1-49e3-9af3-cbfbe785534d: GrpcService started, listening on 0.0.0.0/0.0.0.0:34745
2019-10-05 01:11:22,724 [Datanode State Machine Thread - 0] INFO  ratis.XceiverServerRatis (XceiverServerRatis.java:start(427)) - XceiverServerRatis 32295ca9-a6a1-49e3-9af3-cbfbe785534d is started using port 34745
2019-10-05 01:11:22,731 [Datanode State Machine Thread - 0] INFO  server.XceiverServerGrpc (XceiverServerGrpc.java:start(149)) - XceiverServerGrpc 32295ca9-a6a1-49e3-9af3-cbfbe785534d is started using port 45577
2019-10-05 01:11:22,806 [Datanode State Machine Thread - 0] INFO  ozoneimpl.OzoneContainer (OzoneContainer.java:start(217)) - Attempting to start container services.
2019-10-05 01:11:22,807 [Datanode State Machine Thread - 0] INFO  ozoneimpl.OzoneContainer (OzoneContainer.java:startContainerScrub(179)) - Background container scanner has been disabled.
2019-10-05 01:11:22,807 [Datanode State Machine Thread - 0] INFO  ratis.XceiverServerRatis (XceiverServerRatis.java:start(417)) - Starting XceiverServerRatis 32fd612c-fde5-495d-94a6-b177b0c3ee40 at port 0
2019-10-05 01:11:22,813 [Datanode State Machine Thread - 0] INFO  impl.RaftServerProxy (RaftServerProxy.java:lambda$start$3(299)) - 32fd612c-fde5-495d-94a6-b177b0c3ee40: start RPC server
2019-10-05 01:11:22,814 [Datanode State Machine Thread - 0] INFO  server.GrpcService (GrpcService.java:startImpl(158)) - 32fd612c-fde5-495d-94a6-b177b0c3ee40: GrpcService started, listening on 0.0.0.0/0.0.0.0:37650
2019-10-05 01:11:22,815 [Datanode State Machine Thread - 0] INFO  ratis.XceiverServerRatis (XceiverServerRatis.java:start(427)) - XceiverServerRatis 32fd612c-fde5-495d-94a6-b177b0c3ee40 is started using port 37650
2019-10-05 01:11:22,819 [Datanode State Machine Thread - 0] INFO  server.XceiverServerGrpc (XceiverServerGrpc.java:start(149)) - XceiverServerGrpc 32fd612c-fde5-495d-94a6-b177b0c3ee40 is started using port 38321
2019-10-05 01:11:22,910 [Datanode State Machine Thread - 0] INFO  ozoneimpl.OzoneContainer (OzoneContainer.java:start(217)) - Attempting to start container services.
2019-10-05 01:11:22,911 [Datanode State Machine Thread - 0] INFO  ozoneimpl.OzoneContainer (OzoneContainer.java:startContainerScrub(179)) - Background container scanner has been disabled.
2019-10-05 01:11:22,911 [Datanode State Machine Thread - 0] INFO  ratis.XceiverServerRatis (XceiverServerRatis.java:start(417)) - Starting XceiverServerRatis 60e6f12e-5d6a-440d-a53d-add976405879 at port 0
2019-10-05 01:11:22,918 [Datanode State Machine Thread - 0] INFO  impl.RaftServerProxy (RaftServerProxy.java:lambda$start$3(299)) - 60e6f12e-5d6a-440d-a53d-add976405879: start RPC server
2019-10-05 01:11:22,919 [Datanode State Machine Thread - 0] INFO  server.GrpcService (GrpcService.java:startImpl(158)) - 60e6f12e-5d6a-440d-a53d-add976405879: GrpcService started, listening on 0.0.0.0/0.0.0.0:39677
2019-10-05 01:11:22,919 [Datanode State Machine Thread - 0] INFO  ratis.XceiverServerRatis (XceiverServerRatis.java:start(427)) - XceiverServerRatis 60e6f12e-5d6a-440d-a53d-add976405879 is started using port 39677
2019-10-05 01:11:22,919 [Datanode State Machine Thread - 0] INFO  server.XceiverServerGrpc (XceiverServerGrpc.java:start(149)) - XceiverServerGrpc 60e6f12e-5d6a-440d-a53d-add976405879 is started using port 41644
2019-10-05 01:11:22,972 [main] INFO  ozone.MiniOzoneClusterImpl (MiniOzoneClusterImpl.java:lambda$waitForClusterToBeReady$0(147)) - Waiting for cluster to be ready. Got 0 of 7 DN Heartbeats.
2019-10-05 01:11:22,987 [Datanode State Machine Thread - 0] INFO  ozoneimpl.OzoneContainer (OzoneContainer.java:start(217)) - Attempting to start container services.
2019-10-05 01:11:22,988 [Datanode State Machine Thread - 0] INFO  ozoneimpl.OzoneContainer (OzoneContainer.java:startContainerScrub(179)) - Background container scanner has been disabled.
2019-10-05 01:11:22,988 [Datanode State Machine Thread - 0] INFO  ratis.XceiverServerRatis (XceiverServerRatis.java:start(417)) - Starting XceiverServerRatis 7594b30a-c57a-43b0-b891-3caa9c1c8e11 at port 0
2019-10-05 01:11:22,995 [Datanode State Machine Thread - 0] INFO  impl.RaftServerProxy (RaftServerProxy.java:lambda$start$3(299)) - 7594b30a-c57a-43b0-b891-3caa9c1c8e11: start RPC server
2019-10-05 01:11:22,999 [Datanode State Machine Thread - 0] INFO  server.GrpcService (GrpcService.java:startImpl(158)) - 7594b30a-c57a-43b0-b891-3caa9c1c8e11: GrpcService started, listening on 0.0.0.0/0.0.0.0:46524
2019-10-05 01:11:23,000 [Datanode State Machine Thread - 0] INFO  ratis.XceiverServerRatis (XceiverServerRatis.java:start(427)) - XceiverServerRatis 7594b30a-c57a-43b0-b891-3caa9c1c8e11 is started using port 46524
2019-10-05 01:11:23,019 [Datanode State Machine Thread - 0] INFO  server.XceiverServerGrpc (XceiverServerGrpc.java:start(149)) - XceiverServerGrpc 7594b30a-c57a-43b0-b891-3caa9c1c8e11 is started using port 38786
2019-10-05 01:11:23,056 [Thread-2329] INFO  client.GrpcClientProtocolService (GrpcClientProtocolService.java:lambda$processClientRequest$0(278)) - Failed RaftClientRequest:client-9CF7328F923B->f19346f0-5ca3-4e6f-bfd9-1e67cc451c5e@group-6C146C812D05, cid=68, seq=0, Watch-MAJORITY_COMMITTED(49), Message:<EMPTY>, reply=RaftClientReply:client-9CF7328F923B->f19346f0-5ca3-4e6f-bfd9-1e67cc451c5e@group-6C146C812D05, cid=68, FAILED org.apache.ratis.protocol.NotReplicatedException: Request with call Id 68 and log index 49 is not yet replicated to MAJORITY_COMMITTED, logIndex=49, commits[f19346f0-5ca3-4e6f-bfd9-1e67cc451c5e:c2, e7349651-06e6-4307-8dab-742a146f4cf9:c2, 07cb5bbc-8352-4509-916c-30becd83db4e:c2]
2019-10-05 01:11:23,056 [Thread-2330] INFO  client.GrpcClientProtocolService (GrpcClientProtocolService.java:lambda$processClientRequest$0(278)) - Failed RaftClientRequest:client-9CF7328F923B->f19346f0-5ca3-4e6f-bfd9-1e67cc451c5e@group-6C146C812D05, cid=67, seq=0, Watch-ALL_COMMITTED(49), Message:<EMPTY>, reply=RaftClientReply:client-9CF7328F923B->f19346f0-5ca3-4e6f-bfd9-1e67cc451c5e@group-6C146C812D05, cid=67, FAILED org.apache.ratis.protocol.NotReplicatedException: Request with call Id 67 and log index 49 is not yet replicated to ALL_COMMITTED, logIndex=49, commits[f19346f0-5ca3-4e6f-bfd9-1e67cc451c5e:c2, e7349651-06e6-4307-8dab-742a146f4cf9:c2, 07cb5bbc-8352-4509-916c-30becd83db4e:c2]
2019-10-05 01:11:23,512 [grpc-default-executor-6] WARN  server.GrpcLogAppender (LogUtils.java:warn(134)) - f19346f0-5ca3-4e6f-bfd9-1e67cc451c5e@group-6C146C812D05->07cb5bbc-8352-4509-916c-30becd83db4e-AppendLogResponseHandler: Failed appendEntries: org.apache.ratis.thirdparty.io.grpc.StatusRuntimeException: UNAVAILABLE: io exception
2019-10-05 01:11:23,513 [grpc-default-executor-6] INFO  impl.FollowerInfo (FollowerInfo.java:lambda$new$0(51)) - f19346f0-5ca3-4e6f-bfd9-1e67cc451c5e@group-6C146C812D05->07cb5bbc-8352-4509-916c-30becd83db4e: nextIndex: updateUnconditionally 0 -> 0
2019-10-05 01:11:23,514 [grpc-default-executor-4] WARN  server.GrpcLogAppender (LogUtils.java:warn(134)) - f19346f0-5ca3-4e6f-bfd9-1e67cc451c5e@group-6C146C812D05->e7349651-06e6-4307-8dab-742a146f4cf9-AppendLogResponseHandler: Failed appendEntries: org.apache.ratis.thirdparty.io.grpc.StatusRuntimeException: UNAVAILABLE: io exception
2019-10-05 01:11:23,514 [grpc-default-executor-4] INFO  impl.FollowerInfo (FollowerInfo.java:lambda$new$0(51)) - f19346f0-5ca3-4e6f-bfd9-1e67cc451c5e@group-6C146C812D05->e7349651-06e6-4307-8dab-742a146f4cf9: nextIndex: updateUnconditionally 0 -> 0
2019-10-05 01:11:23,972 [main] INFO  ozone.MiniOzoneClusterImpl (MiniOzoneClusterImpl.java:lambda$waitForClusterToBeReady$0(147)) - Waiting for cluster to be ready. Got 0 of 7 DN Heartbeats.
2019-10-05 01:11:24,435 [IPC Server handler 2 on 45764] INFO  net.NetworkTopology (NetworkTopologyImpl.java:add(111)) - Added a new node: /default-rack/053a83ed-b28c-4b1f-bf18-66f49a6d94ff
2019-10-05 01:11:24,440 [IPC Server handler 2 on 45764] INFO  node.SCMNodeManager (SCMNodeManager.java:register(268)) - Registered Data node : 053a83ed-b28c-4b1f-bf18-66f49a6d94ff{ip: 192.168.151.105, host: pr-hdds-1986-f466r-3473100931, networkLocation: /default-rack, certSerialId: null}
2019-10-05 01:11:24,442 [EventQueue-NodeRegistrationContainerReportForDataNodeSafeModeRule] INFO  safemode.SCMSafeModeManager (DataNodeSafeModeRule.java:process(71)) - SCM in safe mode. 1 DataNodes registered, 1 required.
2019-10-05 01:11:24,446 [EventQueue-NodeRegistrationContainerReportForDataNodeSafeModeRule] INFO  safemode.SCMSafeModeManager (SCMSafeModeManager.java:validateSafeModeExitRules(177)) - ScmSafeModeManager, all rules are successfully validated
2019-10-05 01:11:24,446 [EventQueue-NodeRegistrationContainerReportForDataNodeSafeModeRule] INFO  safemode.SCMSafeModeManager (SCMSafeModeManager.java:exitSafeMode(193)) - SCM exiting safe mode.
2019-10-05 01:11:24,457 [grpc-default-executor-3] INFO  impl.RaftServerProxy (RaftServerProxy.java:addNew(89)) - 053a83ed-b28c-4b1f-bf18-66f49a6d94ff: addNew group-A38330C15A59:[053a83ed-b28c-4b1f-bf18-66f49a6d94ff:192.168.151.105:39846] returns group-A38330C15A59:java.util.concurrent.CompletableFuture@74c9d521[Not completed]
2019-10-05 01:11:24,461 [pool-383-thread-1] INFO  impl.RaftServerImpl (RaftServerImpl.java:<init>(95)) - 053a83ed-b28c-4b1f-bf18-66f49a6d94ff: new RaftServerImpl for group-A38330C15A59:[053a83ed-b28c-4b1f-bf18-66f49a6d94ff:192.168.151.105:39846] with ContainerStateMachine:uninitialized
2019-10-05 01:11:24,461 [pool-383-thread-1] INFO  server.RaftServerConfigKeys (ConfUtils.java:logGet(43)) - raft.server.rpc.timeout.min = 5s (custom)
2019-10-05 01:11:24,462 [pool-383-thread-1] INFO  server.RaftServerConfigKeys (ConfUtils.java:logGet(43)) - raft.server.rpc.timeout.max = 5200ms (custom)
2019-10-05 01:11:24,462 [pool-383-thread-1] INFO  server.RaftServerConfigKeys (ConfUtils.java:logGet(43)) - raft.server.rpcslowness.timeout = 120s (custom)
2019-10-05 01:11:24,462 [pool-383-thread-1] INFO  server.RaftServerConfigKeys (ConfUtils.java:logGet(43)) - raft.server.sleep.deviation.threshold = 300 (default)
2019-10-05 01:11:24,462 [pool-383-thread-1] INFO  server.RaftServerConfigKeys (ConfUtils.java:logGet(43)) - raft.server.log.appender.install.snapshot.enabled = false (custom)
2019-10-05 01:11:24,462 [pool-383-thread-1] INFO  impl.RaftServerImpl (ServerState.java:<init>(103)) - 053a83ed-b28c-4b1f-bf18-66f49a6d94ff@group-A38330C15A59: ConfigurationManager, init=-1: [053a83ed-b28c-4b1f-bf18-66f49a6d94ff:192.168.151.105:39846], old=null, confs=<EMPTY_MAP>
2019-10-05 01:11:24,463 [pool-383-thread-1] INFO  server.RaftServerConfigKeys (ConfUtils.java:logGet(43)) - raft.server.storage.dir = [/workdir/hadoop-ozone/integration-test/target/test-dir/MiniOzoneClusterImpl-89e9bd69-a153-46b5-bae3-cb56c8e8ff2c/datanode-0/data/ratis] (custom)
2019-10-05 01:11:24,463 [pool-383-thread-1] INFO  server.RaftServerConfigKeys (ConfUtils.java:logGet(43)) - raft.server.log.corruption.policy = EXCEPTION (default)
2019-10-05 01:11:24,464 [pool-383-thread-1] INFO  storage.RaftStorageDirectory (RaftStorageDirectory.java:analyzeStorage(246)) - The storage directory /workdir/hadoop-ozone/integration-test/target/test-dir/MiniOzoneClusterImpl-89e9bd69-a153-46b5-bae3-cb56c8e8ff2c/datanode-0/data/ratis/6f811ca2-d114-4c1d-94be-a38330c15a59 does not exist. Creating ...
2019-10-05 01:11:24,478 [pool-383-thread-1] INFO  storage.RaftStorageDirectory (RaftStorageDirectory.java:tryLock(328)) - Lock on /workdir/hadoop-ozone/integration-test/target/test-dir/MiniOzoneClusterImpl-89e9bd69-a153-46b5-bae3-cb56c8e8ff2c/datanode-0/data/ratis/6f811ca2-d114-4c1d-94be-a38330c15a59/in_use.lock acquired by nodename 25491@pr-hdds-1986-f466r-3473100931
2019-10-05 01:11:24,491 [pool-383-thread-1] INFO  storage.RaftStorage (RaftStorage.java:format(84)) - Storage directory /workdir/hadoop-ozone/integration-test/target/test-dir/MiniOzoneClusterImpl-89e9bd69-a153-46b5-bae3-cb56c8e8ff2c/datanode-0/data/ratis/6f811ca2-d114-4c1d-94be-a38330c15a59 has been successfully formatted.
2019-10-05 01:11:24,491 [pool-383-thread-1] INFO  ratis.ContainerStateMachine (ContainerStateMachine.java:loadSnapshot(230)) - group-A38330C15A59: The snapshot info is null. Setting the last applied indexto:(t:0, i:~)
2019-10-05 01:11:24,491 [pool-383-thread-1] INFO  server.RaftServerConfigKeys (ConfUtils.java:logGet(43)) - raft.server.notification.no-leader.timeout = 120s (custom)
2019-10-05 01:11:24,491 [pool-383-thread-1] INFO  server.RaftServerConfigKeys (ConfUtils.java:logGet(43)) - raft.server.log.use.memory = false (default)
2019-10-05 01:11:24,492 [pool-383-thread-1] INFO  server.RaftServerConfigKeys (ConfUtils.java:logGet(43)) - raft.server.log.purge.gap = 1000000 (custom)
2019-10-05 01:11:24,492 [pool-383-thread-1] INFO  server.RaftServerConfigKeys (ConfUtils.java:logGet(43)) - raft.server.log.appender.buffer.byte-limit = 33554432 (custom)
2019-10-05 01:11:24,492 [pool-383-thread-1] INFO  server.RaftServerConfigKeys (ConfUtils.java:logGet(43)) - raft.server.log.segment.size.max = 1048576 (custom)
2019-10-05 01:11:24,494 [pool-383-thread-1] INFO  server.RaftServerConfigKeys (ConfUtils.java:logGet(43)) - raft.server.log.segment.cache.num.max = 2 (custom)
2019-10-05 01:11:24,494 [pool-383-thread-1] INFO  segmented.SegmentedRaftLogWorker (SegmentedRaftLogWorker.java:<init>(173)) - new 053a83ed-b28c-4b1f-bf18-66f49a6d94ff@group-A38330C15A59-SegmentedRaftLogWorker for RaftStorage:Storage Directory /workdir/hadoop-ozone/integration-test/target/test-dir/MiniOzoneClusterImpl-89e9bd69-a153-46b5-bae3-cb56c8e8ff2c/datanode-0/data/ratis/6f811ca2-d114-4c1d-94be-a38330c15a59
2019-10-05 01:11:24,494 [pool-383-thread-1] INFO  server.RaftServerConfigKeys (ConfUtils.java:logGet(43)) - raft.server.log.queue.byte-limit = 2147483647 (custom)
2019-10-05 01:11:24,494 [pool-383-thread-1] INFO  server.RaftServerConfigKeys (ConfUtils.java:logGet(43)) - raft.server.log.queue.element-limit = 1024 (custom)
2019-10-05 01:11:24,495 [pool-383-thread-1] INFO  server.RaftServerConfigKeys (ConfUtils.java:logGet(43)) - raft.server.log.segment.size.max = 1048576 (custom)
2019-10-05 01:11:24,495 [pool-383-thread-1] INFO  server.RaftServerConfigKeys (ConfUtils.java:logGet(43)) - raft.server.log.preallocated.size = 16384 (custom)
2019-10-05 01:11:24,495 [pool-383-thread-1] INFO  server.RaftServerConfigKeys (ConfUtils.java:logGet(43)) - raft.server.log.write.buffer.size = 33554432 (custom)
2019-10-05 01:11:24,495 [pool-383-thread-1] INFO  server.RaftServerConfigKeys (ConfUtils.java:logGet(43)) - raft.server.log.force.sync.num = 128 (default)
2019-10-05 01:11:24,495 [pool-383-thread-1] INFO  server.RaftServerConfigKeys (ConfUtils.java:logGet(43)) - raft.server.log.statemachine.data.sync = true (default)
2019-10-05 01:11:24,495 [pool-383-thread-1] INFO  server.RaftServerConfigKeys (ConfUtils.java:logGet(43)) - raft.server.log.statemachine.data.sync.timeout = 10s (default)
2019-10-05 01:11:24,495 [pool-383-thread-1] INFO  server.RaftServerConfigKeys (ConfUtils.java:logGet(43)) - raft.server.log.statemachine.data.sync.timeout.retry = -1 (default)
2019-10-05 01:11:24,496 [pool-383-thread-1] INFO  server.RaftServerConfigKeys (ConfUtils.java:logGet(43)) - raft.server.log.statemachine.data.caching.enabled = true (custom)
2019-10-05 01:11:24,496 [pool-383-thread-1] INFO  segmented.SegmentedRaftLogWorker (SegmentedRaftLogWorker.java:lambda$new$0(128)) - 053a83ed-b28c-4b1f-bf18-66f49a6d94ff@group-A38330C15A59-SegmentedRaftLogWorker: flushIndex: setUnconditionally 0 -> -1
2019-10-05 01:11:24,497 [pool-383-thread-1] INFO  server.RaftServerConfigKeys (ConfUtils.java:logGet(43)) - raft.server.snapshot.auto.trigger.enabled = true (custom)
2019-10-05 01:11:24,497 [pool-383-thread-1] INFO  server.RaftServerConfigKeys (ConfUtils.java:logGet(43)) - raft.server.snapshot.auto.trigger.threshold = 10000 (custom)
2019-10-05 01:11:24,497 [pool-383-thread-1] INFO  server.RaftServerConfigKeys (ConfUtils.java:logGet(43)) - raft.server.snapshot.retention.file.num = 5 (custom)
2019-10-05 01:11:24,497 [pool-383-thread-1] INFO  server.RaftServerConfigKeys (ConfUtils.java:logGet(43)) - raft.server.retrycache.expirytime = 600000ms (custom)
2019-10-05 01:11:24,499 [pool-383-thread-1] INFO  impl.RaftServerImpl (RaftServerImpl.java:start(181)) - 053a83ed-b28c-4b1f-bf18-66f49a6d94ff@group-A38330C15A59: start as a follower, conf=-1: [053a83ed-b28c-4b1f-bf18-66f49a6d94ff:192.168.151.105:39846], old=null
2019-10-05 01:11:24,499 [pool-383-thread-1] INFO  impl.RaftServerImpl (RaftServerImpl.java:setRole(170)) - 053a83ed-b28c-4b1f-bf18-66f49a6d94ff@group-A38330C15A59: changes role from      null to FOLLOWER at term 0 for startAsFollower
2019-10-05 01:11:24,499 [pool-383-thread-1] INFO  impl.RoleInfo (RoleInfo.java:updateAndGet(143)) - 053a83ed-b28c-4b1f-bf18-66f49a6d94ff: start FollowerState
2019-10-05 01:11:24,500 [pool-383-thread-1] INFO  util.JmxRegister (JmxRegister.java:tryRegister(44)) - Successfully registered JMX Bean with object name Ratis:service=RaftServer,group=group-A38330C15A59,id=053a83ed-b28c-4b1f-bf18-66f49a6d94ff
2019-10-05 01:11:24,504 [RatisPipelineUtilsThread] INFO  pipeline.PipelineStateManager (PipelineStateManager.java:addPipeline(56)) - Created pipeline Pipeline[ Id: 6f811ca2-d114-4c1d-94be-a38330c15a59, Nodes: 053a83ed-b28c-4b1f-bf18-66f49a6d94ff{ip: 192.168.151.105, host: pr-hdds-1986-f466r-3473100931, networkLocation: /default-rack, certSerialId: null}, Type:RATIS, Factor:ONE, State:OPEN]
2019-10-05 01:11:24,521 [IPC Server handler 3 on 45764] INFO  net.NetworkTopology (NetworkTopologyImpl.java:add(111)) - Added a new node: /default-rack/5ec9b283-de98-40ef-ad07-e01c743893bf
2019-10-05 01:11:24,521 [IPC Server handler 3 on 45764] INFO  node.SCMNodeManager (SCMNodeManager.java:register(268)) - Registered Data node : 5ec9b283-de98-40ef-ad07-e01c743893bf{ip: 192.168.151.105, host: pr-hdds-1986-f466r-3473100931, networkLocation: /default-rack, certSerialId: null}
2019-10-05 01:11:24,529 [grpc-default-executor-3] INFO  impl.RaftServerProxy (RaftServerProxy.java:addNew(89)) - 5ec9b283-de98-40ef-ad07-e01c743893bf: addNew group-5C6DCA51C1B0:[5ec9b283-de98-40ef-ad07-e01c743893bf:192.168.151.105:34119] returns group-5C6DCA51C1B0:java.util.concurrent.CompletableFuture@7379ebe4[Not completed]
2019-10-05 01:11:24,531 [pool-393-thread-1] INFO  impl.RaftServerImpl (RaftServerImpl.java:<init>(95)) - 5ec9b283-de98-40ef-ad07-e01c743893bf: new RaftServerImpl for group-5C6DCA51C1B0:[5ec9b283-de98-40ef-ad07-e01c743893bf:192.168.151.105:34119] with ContainerStateMachine:uninitialized
2019-10-05 01:11:24,531 [pool-393-thread-1] INFO  server.RaftServerConfigKeys (ConfUtils.java:logGet(43)) - raft.server.rpc.timeout.min = 5s (custom)
2019-10-05 01:11:24,531 [pool-393-thread-1] INFO  server.RaftServerConfigKeys (ConfUtils.java:logGet(43)) - raft.server.rpc.timeout.max = 5200ms (custom)
2019-10-05 01:11:24,532 [pool-393-thread-1] INFO  server.RaftServerConfigKeys (ConfUtils.java:logGet(43)) - raft.server.rpcslowness.timeout = 120s (custom)
2019-10-05 01:11:24,532 [pool-393-thread-1] INFO  server.RaftServerConfigKeys (ConfUtils.java:logGet(43)) - raft.server.sleep.deviation.threshold = 300 (default)
2019-10-05 01:11:24,532 [pool-393-thread-1] INFO  server.RaftServerConfigKeys (ConfUtils.java:logGet(43)) - raft.server.log.appender.install.snapshot.enabled = false (custom)
2019-10-05 01:11:24,532 [pool-393-thread-1] INFO  impl.RaftServerImpl (ServerState.java:<init>(103)) - 5ec9b283-de98-40ef-ad07-e01c743893bf@group-5C6DCA51C1B0: ConfigurationManager, init=-1: [5ec9b283-de98-40ef-ad07-e01c743893bf:192.168.151.105:34119], old=null, confs=<EMPTY_MAP>
2019-10-05 01:11:24,532 [pool-393-thread-1] INFO  server.RaftServerConfigKeys (ConfUtils.java:logGet(43)) - raft.server.storage.dir = [/workdir/hadoop-ozone/integration-test/target/test-dir/MiniOzoneClusterImpl-89e9bd69-a153-46b5-bae3-cb56c8e8ff2c/datanode-1/data/ratis] (custom)
2019-10-05 01:11:24,533 [pool-393-thread-1] INFO  server.RaftServerConfigKeys (ConfUtils.java:logGet(43)) - raft.server.log.corruption.policy = EXCEPTION (default)
2019-10-05 01:11:24,533 [pool-393-thread-1] INFO  storage.RaftStorageDirectory (RaftStorageDirectory.java:analyzeStorage(246)) - The storage directory /workdir/hadoop-ozone/integration-test/target/test-dir/MiniOzoneClusterImpl-89e9bd69-a153-46b5-bae3-cb56c8e8ff2c/datanode-1/data/ratis/ba98df36-0a78-44ec-93ba-5c6dca51c1b0 does not exist. Creating ...
2019-10-05 01:11:24,545 [pool-393-thread-1] INFO  storage.RaftStorageDirectory (RaftStorageDirectory.java:tryLock(328)) - Lock on /workdir/hadoop-ozone/integration-test/target/test-dir/MiniOzoneClusterImpl-89e9bd69-a153-46b5-bae3-cb56c8e8ff2c/datanode-1/data/ratis/ba98df36-0a78-44ec-93ba-5c6dca51c1b0/in_use.lock acquired by nodename 25491@pr-hdds-1986-f466r-3473100931
2019-10-05 01:11:24,558 [pool-393-thread-1] INFO  storage.RaftStorage (RaftStorage.java:format(84)) - Storage directory /workdir/hadoop-ozone/integration-test/target/test-dir/MiniOzoneClusterImpl-89e9bd69-a153-46b5-bae3-cb56c8e8ff2c/datanode-1/data/ratis/ba98df36-0a78-44ec-93ba-5c6dca51c1b0 has been successfully formatted.
2019-10-05 01:11:24,558 [pool-393-thread-1] INFO  ratis.ContainerStateMachine (ContainerStateMachine.java:loadSnapshot(230)) - group-5C6DCA51C1B0: The snapshot info is null. Setting the last applied indexto:(t:0, i:~)
2019-10-05 01:11:24,559 [pool-393-thread-1] INFO  server.RaftServerConfigKeys (ConfUtils.java:logGet(43)) - raft.server.notification.no-leader.timeout = 120s (custom)
2019-10-05 01:11:24,559 [pool-393-thread-1] INFO  server.RaftServerConfigKeys (ConfUtils.java:logGet(43)) - raft.server.log.use.memory = false (default)
2019-10-05 01:11:24,559 [pool-393-thread-1] INFO  server.RaftServerConfigKeys (ConfUtils.java:logGet(43)) - raft.server.log.purge.gap = 1000000 (custom)
2019-10-05 01:11:24,559 [pool-393-thread-1] INFO  server.RaftServerConfigKeys (ConfUtils.java:logGet(43)) - raft.server.log.appender.buffer.byte-limit = 33554432 (custom)
2019-10-05 01:11:24,559 [pool-393-thread-1] INFO  server.RaftServerConfigKeys (ConfUtils.java:logGet(43)) - raft.server.log.segment.size.max = 1048576 (custom)
2019-10-05 01:11:24,561 [pool-393-thread-1] INFO  server.RaftServerConfigKeys (ConfUtils.java:logGet(43)) - raft.server.log.segment.cache.num.max = 2 (custom)
2019-10-05 01:11:24,561 [pool-393-thread-1] INFO  segmented.SegmentedRaftLogWorker (SegmentedRaftLogWorker.java:<init>(173)) - new 5ec9b283-de98-40ef-ad07-e01c743893bf@group-5C6DCA51C1B0-SegmentedRaftLogWorker for RaftStorage:Storage Directory /workdir/hadoop-ozone/integration-test/target/test-dir/MiniOzoneClusterImpl-89e9bd69-a153-46b5-bae3-cb56c8e8ff2c/datanode-1/data/ratis/ba98df36-0a78-44ec-93ba-5c6dca51c1b0
2019-10-05 01:11:24,561 [pool-393-thread-1] INFO  server.RaftServerConfigKeys (ConfUtils.java:logGet(43)) - raft.server.log.queue.byte-limit = 2147483647 (custom)
2019-10-05 01:11:24,561 [pool-393-thread-1] INFO  server.RaftServerConfigKeys (ConfUtils.java:logGet(43)) - raft.server.log.queue.element-limit = 1024 (custom)
2019-10-05 01:11:24,561 [pool-393-thread-1] INFO  server.RaftServerConfigKeys (ConfUtils.java:logGet(43)) - raft.server.log.segment.size.max = 1048576 (custom)
2019-10-05 01:11:24,561 [pool-393-thread-1] INFO  server.RaftServerConfigKeys (ConfUtils.java:logGet(43)) - raft.server.log.preallocated.size = 16384 (custom)
2019-10-05 01:11:24,561 [pool-393-thread-1] INFO  server.RaftServerConfigKeys (ConfUtils.java:logGet(43)) - raft.server.log.write.buffer.size = 33554432 (custom)
2019-10-05 01:11:24,562 [pool-393-thread-1] INFO  server.RaftServerConfigKeys (ConfUtils.java:logGet(43)) - raft.server.log.force.sync.num = 128 (default)
2019-10-05 01:11:24,562 [pool-393-thread-1] INFO  server.RaftServerConfigKeys (ConfUtils.java:logGet(43)) - raft.server.log.statemachine.data.sync = true (default)
2019-10-05 01:11:24,562 [pool-393-thread-1] INFO  server.RaftServerConfigKeys (ConfUtils.java:logGet(43)) - raft.server.log.statemachine.data.sync.timeout = 10s (default)
2019-10-05 01:11:24,562 [pool-393-thread-1] INFO  server.RaftServerConfigKeys (ConfUtils.java:logGet(43)) - raft.server.log.statemachine.data.sync.timeout.retry = -1 (default)
2019-10-05 01:11:24,562 [pool-393-thread-1] INFO  server.RaftServerConfigKeys (ConfUtils.java:logGet(43)) - raft.server.log.statemachine.data.caching.enabled = true (custom)
2019-10-05 01:11:24,563 [pool-393-thread-1] INFO  segmented.SegmentedRaftLogWorker (SegmentedRaftLogWorker.java:lambda$new$0(128)) - 5ec9b283-de98-40ef-ad07-e01c743893bf@group-5C6DCA51C1B0-SegmentedRaftLogWorker: flushIndex: setUnconditionally 0 -> -1
2019-10-05 01:11:24,563 [pool-393-thread-1] INFO  server.RaftServerConfigKeys (ConfUtils.java:logGet(43)) - raft.server.snapshot.auto.trigger.enabled = true (custom)
2019-10-05 01:11:24,563 [pool-393-thread-1] INFO  server.RaftServerConfigKeys (ConfUtils.java:logGet(43)) - raft.server.snapshot.auto.trigger.threshold = 10000 (custom)
2019-10-05 01:11:24,563 [pool-393-thread-1] INFO  server.RaftServerConfigKeys (ConfUtils.java:logGet(43)) - raft.server.snapshot.retention.file.num = 5 (custom)
2019-10-05 01:11:24,563 [pool-393-thread-1] INFO  server.RaftServerConfigKeys (ConfUtils.java:logGet(43)) - raft.server.retrycache.expirytime = 600000ms (custom)
2019-10-05 01:11:24,565 [pool-393-thread-1] INFO  impl.RaftServerImpl (RaftServerImpl.java:start(181)) - 5ec9b283-de98-40ef-ad07-e01c743893bf@group-5C6DCA51C1B0: start as a follower, conf=-1: [5ec9b283-de98-40ef-ad07-e01c743893bf:192.168.151.105:34119], old=null
2019-10-05 01:11:24,565 [pool-393-thread-1] INFO  impl.RaftServerImpl (RaftServerImpl.java:setRole(170)) - 5ec9b283-de98-40ef-ad07-e01c743893bf@group-5C6DCA51C1B0: changes role from      null to FOLLOWER at term 0 for startAsFollower
2019-10-05 01:11:24,565 [pool-393-thread-1] INFO  impl.RoleInfo (RoleInfo.java:updateAndGet(143)) - 5ec9b283-de98-40ef-ad07-e01c743893bf: start FollowerState
2019-10-05 01:11:24,566 [pool-393-thread-1] INFO  util.JmxRegister (JmxRegister.java:tryRegister(44)) - Successfully registered JMX Bean with object name Ratis:service=RaftServer,group=group-5C6DCA51C1B0,id=5ec9b283-de98-40ef-ad07-e01c743893bf
2019-10-05 01:11:24,570 [RatisPipelineUtilsThread] INFO  pipeline.PipelineStateManager (PipelineStateManager.java:addPipeline(56)) - Created pipeline Pipeline[ Id: ba98df36-0a78-44ec-93ba-5c6dca51c1b0, Nodes: 5ec9b283-de98-40ef-ad07-e01c743893bf{ip: 192.168.151.105, host: pr-hdds-1986-f466r-3473100931, networkLocation: /default-rack, certSerialId: null}, Type:RATIS, Factor:ONE, State:OPEN]
2019-10-05 01:11:24,604 [IPC Server handler 4 on 45764] INFO  net.NetworkTopology (NetworkTopologyImpl.java:add(111)) - Added a new node: /default-rack/b21c3d66-d2f3-4711-a82c-97bd21a0be85
2019-10-05 01:11:24,604 [IPC Server handler 4 on 45764] INFO  node.SCMNodeManager (SCMNodeManager.java:register(268)) - Registered Data node : b21c3d66-d2f3-4711-a82c-97bd21a0be85{ip: 192.168.151.105, host: pr-hdds-1986-f466r-3473100931, networkLocation: /default-rack, certSerialId: null}
2019-10-05 01:11:24,615 [grpc-default-executor-3] INFO  impl.RaftServerProxy (RaftServerProxy.java:addNew(89)) - b21c3d66-d2f3-4711-a82c-97bd21a0be85: addNew group-0226CA835C7C:[b21c3d66-d2f3-4711-a82c-97bd21a0be85:192.168.151.105:42420] returns group-0226CA835C7C:java.util.concurrent.CompletableFuture@7865112c[Not completed]
2019-10-05 01:11:24,617 [pool-403-thread-1] INFO  impl.RaftServerImpl (RaftServerImpl.java:<init>(95)) - b21c3d66-d2f3-4711-a82c-97bd21a0be85: new RaftServerImpl for group-0226CA835C7C:[b21c3d66-d2f3-4711-a82c-97bd21a0be85:192.168.151.105:42420] with ContainerStateMachine:uninitialized
2019-10-05 01:11:24,618 [pool-403-thread-1] INFO  server.RaftServerConfigKeys (ConfUtils.java:logGet(43)) - raft.server.rpc.timeout.min = 5s (custom)
2019-10-05 01:11:24,618 [pool-403-thread-1] INFO  server.RaftServerConfigKeys (ConfUtils.java:logGet(43)) - raft.server.rpc.timeout.max = 5200ms (custom)
2019-10-05 01:11:24,618 [pool-403-thread-1] INFO  server.RaftServerConfigKeys (ConfUtils.java:logGet(43)) - raft.server.rpcslowness.timeout = 120s (custom)
2019-10-05 01:11:24,618 [pool-403-thread-1] INFO  server.RaftServerConfigKeys (ConfUtils.java:logGet(43)) - raft.server.sleep.deviation.threshold = 300 (default)
2019-10-05 01:11:24,618 [pool-403-thread-1] INFO  server.RaftServerConfigKeys (ConfUtils.java:logGet(43)) - raft.server.log.appender.install.snapshot.enabled = false (custom)
2019-10-05 01:11:24,618 [pool-403-thread-1] INFO  impl.RaftServerImpl (ServerState.java:<init>(103)) - b21c3d66-d2f3-4711-a82c-97bd21a0be85@group-0226CA835C7C: ConfigurationManager, init=-1: [b21c3d66-d2f3-4711-a82c-97bd21a0be85:192.168.151.105:42420], old=null, confs=<EMPTY_MAP>
2019-10-05 01:11:24,619 [pool-403-thread-1] INFO  server.RaftServerConfigKeys (ConfUtils.java:logGet(43)) - raft.server.storage.dir = [/workdir/hadoop-ozone/integration-test/target/test-dir/MiniOzoneClusterImpl-89e9bd69-a153-46b5-bae3-cb56c8e8ff2c/datanode-2/data/ratis] (custom)
2019-10-05 01:11:24,619 [pool-403-thread-1] INFO  server.RaftServerConfigKeys (ConfUtils.java:logGet(43)) - raft.server.log.corruption.policy = EXCEPTION (default)
2019-10-05 01:11:24,619 [pool-403-thread-1] INFO  storage.RaftStorageDirectory (RaftStorageDirectory.java:analyzeStorage(246)) - The storage directory /workdir/hadoop-ozone/integration-test/target/test-dir/MiniOzoneClusterImpl-89e9bd69-a153-46b5-bae3-cb56c8e8ff2c/datanode-2/data/ratis/4c5efaa6-b953-444a-8ce4-0226ca835c7c does not exist. Creating ...
2019-10-05 01:11:24,632 [pool-403-thread-1] INFO  storage.RaftStorageDirectory (RaftStorageDirectory.java:tryLock(328)) - Lock on /workdir/hadoop-ozone/integration-test/target/test-dir/MiniOzoneClusterImpl-89e9bd69-a153-46b5-bae3-cb56c8e8ff2c/datanode-2/data/ratis/4c5efaa6-b953-444a-8ce4-0226ca835c7c/in_use.lock acquired by nodename 25491@pr-hdds-1986-f466r-3473100931
2019-10-05 01:11:24,645 [pool-403-thread-1] INFO  storage.RaftStorage (RaftStorage.java:format(84)) - Storage directory /workdir/hadoop-ozone/integration-test/target/test-dir/MiniOzoneClusterImpl-89e9bd69-a153-46b5-bae3-cb56c8e8ff2c/datanode-2/data/ratis/4c5efaa6-b953-444a-8ce4-0226ca835c7c has been successfully formatted.
2019-10-05 01:11:24,645 [pool-403-thread-1] INFO  ratis.ContainerStateMachine (ContainerStateMachine.java:loadSnapshot(230)) - group-0226CA835C7C: The snapshot info is null. Setting the last applied indexto:(t:0, i:~)
2019-10-05 01:11:24,645 [pool-403-thread-1] INFO  server.RaftServerConfigKeys (ConfUtils.java:logGet(43)) - raft.server.notification.no-leader.timeout = 120s (custom)
2019-10-05 01:11:24,645 [pool-403-thread-1] INFO  server.RaftServerConfigKeys (ConfUtils.java:logGet(43)) - raft.server.log.use.memory = false (default)
2019-10-05 01:11:24,645 [pool-403-thread-1] INFO  server.RaftServerConfigKeys (ConfUtils.java:logGet(43)) - raft.server.log.purge.gap = 1000000 (custom)
2019-10-05 01:11:24,645 [pool-403-thread-1] INFO  server.RaftServerConfigKeys (ConfUtils.java:logGet(43)) - raft.server.log.appender.buffer.byte-limit = 33554432 (custom)
2019-10-05 01:11:24,646 [pool-403-thread-1] INFO  server.RaftServerConfigKeys (ConfUtils.java:logGet(43)) - raft.server.log.segment.size.max = 1048576 (custom)
2019-10-05 01:11:24,648 [pool-403-thread-1] INFO  server.RaftServerConfigKeys (ConfUtils.java:logGet(43)) - raft.server.log.segment.cache.num.max = 2 (custom)
2019-10-05 01:11:24,648 [pool-403-thread-1] INFO  segmented.SegmentedRaftLogWorker (SegmentedRaftLogWorker.java:<init>(173)) - new b21c3d66-d2f3-4711-a82c-97bd21a0be85@group-0226CA835C7C-SegmentedRaftLogWorker for RaftStorage:Storage Directory /workdir/hadoop-ozone/integration-test/target/test-dir/MiniOzoneClusterImpl-89e9bd69-a153-46b5-bae3-cb56c8e8ff2c/datanode-2/data/ratis/4c5efaa6-b953-444a-8ce4-0226ca835c7c
2019-10-05 01:11:24,648 [pool-403-thread-1] INFO  server.RaftServerConfigKeys (ConfUtils.java:logGet(43)) - raft.server.log.queue.byte-limit = 2147483647 (custom)
2019-10-05 01:11:24,648 [pool-403-thread-1] INFO  server.RaftServerConfigKeys (ConfUtils.java:logGet(43)) - raft.server.log.queue.element-limit = 1024 (custom)
2019-10-05 01:11:24,648 [pool-403-thread-1] INFO  server.RaftServerConfigKeys (ConfUtils.java:logGet(43)) - raft.server.log.segment.size.max = 1048576 (custom)
2019-10-05 01:11:24,648 [pool-403-thread-1] INFO  server.RaftServerConfigKeys (ConfUtils.java:logGet(43)) - raft.server.log.preallocated.size = 16384 (custom)
2019-10-05 01:11:24,649 [pool-403-thread-1] INFO  server.RaftServerConfigKeys (ConfUtils.java:logGet(43)) - raft.server.log.write.buffer.size = 33554432 (custom)
2019-10-05 01:11:24,649 [pool-403-thread-1] INFO  server.RaftServerConfigKeys (ConfUtils.java:logGet(43)) - raft.server.log.force.sync.num = 128 (default)
2019-10-05 01:11:24,649 [pool-403-thread-1] INFO  server.RaftServerConfigKeys (ConfUtils.java:logGet(43)) - raft.server.log.statemachine.data.sync = true (default)
2019-10-05 01:11:24,649 [pool-403-thread-1] INFO  server.RaftServerConfigKeys (ConfUtils.java:logGet(43)) - raft.server.log.statemachine.data.sync.timeout = 10s (default)
2019-10-05 01:11:24,649 [pool-403-thread-1] INFO  server.RaftServerConfigKeys (ConfUtils.java:logGet(43)) - raft.server.log.statemachine.data.sync.timeout.retry = -1 (default)
2019-10-05 01:11:24,650 [pool-403-thread-1] INFO  server.RaftServerConfigKeys (ConfUtils.java:logGet(43)) - raft.server.log.statemachine.data.caching.enabled = true (custom)
2019-10-05 01:11:24,650 [pool-403-thread-1] INFO  segmented.SegmentedRaftLogWorker (SegmentedRaftLogWorker.java:lambda$new$0(128)) - b21c3d66-d2f3-4711-a82c-97bd21a0be85@group-0226CA835C7C-SegmentedRaftLogWorker: flushIndex: setUnconditionally 0 -> -1
2019-10-05 01:11:24,650 [pool-403-thread-1] INFO  server.RaftServerConfigKeys (ConfUtils.java:logGet(43)) - raft.server.snapshot.auto.trigger.enabled = true (custom)
2019-10-05 01:11:24,650 [pool-403-thread-1] INFO  server.RaftServerConfigKeys (ConfUtils.java:logGet(43)) - raft.server.snapshot.auto.trigger.threshold = 10000 (custom)
2019-10-05 01:11:24,651 [pool-403-thread-1] INFO  server.RaftServerConfigKeys (ConfUtils.java:logGet(43)) - raft.server.snapshot.retention.file.num = 5 (custom)
2019-10-05 01:11:24,651 [pool-403-thread-1] INFO  server.RaftServerConfigKeys (ConfUtils.java:logGet(43)) - raft.server.retrycache.expirytime = 600000ms (custom)
2019-10-05 01:11:24,653 [pool-403-thread-1] INFO  impl.RaftServerImpl (RaftServerImpl.java:start(181)) - b21c3d66-d2f3-4711-a82c-97bd21a0be85@group-0226CA835C7C: start as a follower, conf=-1: [b21c3d66-d2f3-4711-a82c-97bd21a0be85:192.168.151.105:42420], old=null
2019-10-05 01:11:24,653 [pool-403-thread-1] INFO  impl.RaftServerImpl (RaftServerImpl.java:setRole(170)) - b21c3d66-d2f3-4711-a82c-97bd21a0be85@group-0226CA835C7C: changes role from      null to FOLLOWER at term 0 for startAsFollower
2019-10-05 01:11:24,653 [pool-403-thread-1] INFO  impl.RoleInfo (RoleInfo.java:updateAndGet(143)) - b21c3d66-d2f3-4711-a82c-97bd21a0be85: start FollowerState
2019-10-05 01:11:24,654 [pool-403-thread-1] INFO  util.JmxRegister (JmxRegister.java:tryRegister(44)) - Successfully registered JMX Bean with object name Ratis:service=RaftServer,group=group-0226CA835C7C,id=b21c3d66-d2f3-4711-a82c-97bd21a0be85
2019-10-05 01:11:24,658 [RatisPipelineUtilsThread] INFO  pipeline.PipelineStateManager (PipelineStateManager.java:addPipeline(56)) - Created pipeline Pipeline[ Id: 4c5efaa6-b953-444a-8ce4-0226ca835c7c, Nodes: b21c3d66-d2f3-4711-a82c-97bd21a0be85{ip: 192.168.151.105, host: pr-hdds-1986-f466r-3473100931, networkLocation: /default-rack, certSerialId: null}, Type:RATIS, Factor:ONE, State:OPEN]
2019-10-05 01:11:24,680 [grpc-default-executor-6] INFO  impl.RaftServerProxy (RaftServerProxy.java:addNew(89)) - 053a83ed-b28c-4b1f-bf18-66f49a6d94ff: addNew group-8A0C1F52EF29:[b21c3d66-d2f3-4711-a82c-97bd21a0be85:192.168.151.105:42420, 5ec9b283-de98-40ef-ad07-e01c743893bf:192.168.151.105:34119, 053a83ed-b28c-4b1f-bf18-66f49a6d94ff:192.168.151.105:39846] returns group-8A0C1F52EF29:java.util.concurrent.CompletableFuture@6f15ec78[Not completed]
2019-10-05 01:11:24,680 [grpc-default-executor-4] INFO  impl.RaftServerProxy (RaftServerProxy.java:addNew(89)) - b21c3d66-d2f3-4711-a82c-97bd21a0be85: addNew group-8A0C1F52EF29:[b21c3d66-d2f3-4711-a82c-97bd21a0be85:192.168.151.105:42420, 5ec9b283-de98-40ef-ad07-e01c743893bf:192.168.151.105:34119, 053a83ed-b28c-4b1f-bf18-66f49a6d94ff:192.168.151.105:39846] returns group-8A0C1F52EF29:java.util.concurrent.CompletableFuture@69feca91[Not completed]
2019-10-05 01:11:24,681 [grpc-default-executor-6] INFO  impl.RaftServerProxy (RaftServerProxy.java:addNew(89)) - 5ec9b283-de98-40ef-ad07-e01c743893bf: addNew group-8A0C1F52EF29:[b21c3d66-d2f3-4711-a82c-97bd21a0be85:192.168.151.105:42420, 5ec9b283-de98-40ef-ad07-e01c743893bf:192.168.151.105:34119, 053a83ed-b28c-4b1f-bf18-66f49a6d94ff:192.168.151.105:39846] returns group-8A0C1F52EF29:java.util.concurrent.CompletableFuture@672aba25[Not completed]
2019-10-05 01:11:24,682 [pool-383-thread-1] INFO  impl.RaftServerImpl (RaftServerImpl.java:<init>(95)) - 053a83ed-b28c-4b1f-bf18-66f49a6d94ff: new RaftServerImpl for group-8A0C1F52EF29:[b21c3d66-d2f3-4711-a82c-97bd21a0be85:192.168.151.105:42420, 5ec9b283-de98-40ef-ad07-e01c743893bf:192.168.151.105:34119, 053a83ed-b28c-4b1f-bf18-66f49a6d94ff:192.168.151.105:39846] with ContainerStateMachine:uninitialized
2019-10-05 01:11:24,682 [pool-383-thread-1] INFO  server.RaftServerConfigKeys (ConfUtils.java:logGet(43)) - raft.server.rpc.timeout.min = 5s (custom)
2019-10-05 01:11:24,682 [pool-383-thread-1] INFO  server.RaftServerConfigKeys (ConfUtils.java:logGet(43)) - raft.server.rpc.timeout.max = 5200ms (custom)
2019-10-05 01:11:24,682 [pool-383-thread-1] INFO  server.RaftServerConfigKeys (ConfUtils.java:logGet(43)) - raft.server.rpcslowness.timeout = 120s (custom)
2019-10-05 01:11:24,682 [pool-383-thread-1] INFO  server.RaftServerConfigKeys (ConfUtils.java:logGet(43)) - raft.server.sleep.deviation.threshold = 300 (default)
2019-10-05 01:11:24,682 [pool-383-thread-1] INFO  server.RaftServerConfigKeys (ConfUtils.java:logGet(43)) - raft.server.log.appender.install.snapshot.enabled = false (custom)
2019-10-05 01:11:24,682 [pool-383-thread-1] INFO  impl.RaftServerImpl (ServerState.java:<init>(103)) - 053a83ed-b28c-4b1f-bf18-66f49a6d94ff@group-8A0C1F52EF29: ConfigurationManager, init=-1: [b21c3d66-d2f3-4711-a82c-97bd21a0be85:192.168.151.105:42420, 5ec9b283-de98-40ef-ad07-e01c743893bf:192.168.151.105:34119, 053a83ed-b28c-4b1f-bf18-66f49a6d94ff:192.168.151.105:39846], old=null, confs=<EMPTY_MAP>
2019-10-05 01:11:24,683 [pool-393-thread-1] INFO  impl.RaftServerImpl (RaftServerImpl.java:<init>(95)) - 5ec9b283-de98-40ef-ad07-e01c743893bf: new RaftServerImpl for group-8A0C1F52EF29:[b21c3d66-d2f3-4711-a82c-97bd21a0be85:192.168.151.105:42420, 5ec9b283-de98-40ef-ad07-e01c743893bf:192.168.151.105:34119, 053a83ed-b28c-4b1f-bf18-66f49a6d94ff:192.168.151.105:39846] with ContainerStateMachine:uninitialized
2019-10-05 01:11:24,683 [pool-383-thread-1] INFO  server.RaftServerConfigKeys (ConfUtils.java:logGet(43)) - raft.server.storage.dir = [/workdir/hadoop-ozone/integration-test/target/test-dir/MiniOzoneClusterImpl-89e9bd69-a153-46b5-bae3-cb56c8e8ff2c/datanode-0/data/ratis] (custom)
2019-10-05 01:11:24,683 [pool-393-thread-1] INFO  server.RaftServerConfigKeys (ConfUtils.java:logGet(43)) - raft.server.rpc.timeout.min = 5s (custom)
2019-10-05 01:11:24,683 [pool-383-thread-1] INFO  server.RaftServerConfigKeys (ConfUtils.java:logGet(43)) - raft.server.log.corruption.policy = EXCEPTION (default)
2019-10-05 01:11:24,683 [pool-393-thread-1] INFO  server.RaftServerConfigKeys (ConfUtils.java:logGet(43)) - raft.server.rpc.timeout.max = 5200ms (custom)
2019-10-05 01:11:24,683 [pool-403-thread-1] INFO  impl.RaftServerImpl (RaftServerImpl.java:<init>(95)) - b21c3d66-d2f3-4711-a82c-97bd21a0be85: new RaftServerImpl for group-8A0C1F52EF29:[b21c3d66-d2f3-4711-a82c-97bd21a0be85:192.168.151.105:42420, 5ec9b283-de98-40ef-ad07-e01c743893bf:192.168.151.105:34119, 053a83ed-b28c-4b1f-bf18-66f49a6d94ff:192.168.151.105:39846] with ContainerStateMachine:uninitialized
2019-10-05 01:11:24,683 [pool-383-thread-1] INFO  storage.RaftStorageDirectory (RaftStorageDirectory.java:analyzeStorage(246)) - The storage directory /workdir/hadoop-ozone/integration-test/target/test-dir/MiniOzoneClusterImpl-89e9bd69-a153-46b5-bae3-cb56c8e8ff2c/datanode-0/data/ratis/ada3b3a3-8c0d-4099-bd11-8a0c1f52ef29 does not exist. Creating ...
2019-10-05 01:11:24,684 [pool-403-thread-1] INFO  server.RaftServerConfigKeys (ConfUtils.java:logGet(43)) - raft.server.rpc.timeout.min = 5s (custom)
2019-10-05 01:11:24,683 [pool-393-thread-1] INFO  server.RaftServerConfigKeys (ConfUtils.java:logGet(43)) - raft.server.rpcslowness.timeout = 120s (custom)
2019-10-05 01:11:24,684 [pool-403-thread-1] INFO  server.RaftServerConfigKeys (ConfUtils.java:logGet(43)) - raft.server.rpc.timeout.max = 5200ms (custom)
2019-10-05 01:11:24,684 [pool-393-thread-1] INFO  server.RaftServerConfigKeys (ConfUtils.java:logGet(43)) - raft.server.sleep.deviation.threshold = 300 (default)
2019-10-05 01:11:24,684 [pool-403-thread-1] INFO  server.RaftServerConfigKeys (ConfUtils.java:logGet(43)) - raft.server.rpcslowness.timeout = 120s (custom)
2019-10-05 01:11:24,684 [pool-393-thread-1] INFO  server.RaftServerConfigKeys (ConfUtils.java:logGet(43)) - raft.server.log.appender.install.snapshot.enabled = false (custom)
2019-10-05 01:11:24,684 [pool-403-thread-1] INFO  server.RaftServerConfigKeys (ConfUtils.java:logGet(43)) - raft.server.sleep.deviation.threshold = 300 (default)
2019-10-05 01:11:24,684 [pool-393-thread-1] INFO  impl.RaftServerImpl (ServerState.java:<init>(103)) - 5ec9b283-de98-40ef-ad07-e01c743893bf@group-8A0C1F52EF29: ConfigurationManager, init=-1: [b21c3d66-d2f3-4711-a82c-97bd21a0be85:192.168.151.105:42420, 5ec9b283-de98-40ef-ad07-e01c743893bf:192.168.151.105:34119, 053a83ed-b28c-4b1f-bf18-66f49a6d94ff:192.168.151.105:39846], old=null, confs=<EMPTY_MAP>
2019-10-05 01:11:24,684 [pool-403-thread-1] INFO  server.RaftServerConfigKeys (ConfUtils.java:logGet(43)) - raft.server.log.appender.install.snapshot.enabled = false (custom)
2019-10-05 01:11:24,684 [pool-393-thread-1] INFO  server.RaftServerConfigKeys (ConfUtils.java:logGet(43)) - raft.server.storage.dir = [/workdir/hadoop-ozone/integration-test/target/test-dir/MiniOzoneClusterImpl-89e9bd69-a153-46b5-bae3-cb56c8e8ff2c/datanode-1/data/ratis] (custom)
2019-10-05 01:11:24,685 [pool-403-thread-1] INFO  impl.RaftServerImpl (ServerState.java:<init>(103)) - b21c3d66-d2f3-4711-a82c-97bd21a0be85@group-8A0C1F52EF29: ConfigurationManager, init=-1: [b21c3d66-d2f3-4711-a82c-97bd21a0be85:192.168.151.105:42420, 5ec9b283-de98-40ef-ad07-e01c743893bf:192.168.151.105:34119, 053a83ed-b28c-4b1f-bf18-66f49a6d94ff:192.168.151.105:39846], old=null, confs=<EMPTY_MAP>
2019-10-05 01:11:24,685 [pool-393-thread-1] INFO  server.RaftServerConfigKeys (ConfUtils.java:logGet(43)) - raft.server.log.corruption.policy = EXCEPTION (default)
2019-10-05 01:11:24,685 [pool-403-thread-1] INFO  server.RaftServerConfigKeys (ConfUtils.java:logGet(43)) - raft.server.storage.dir = [/workdir/hadoop-ozone/integration-test/target/test-dir/MiniOzoneClusterImpl-89e9bd69-a153-46b5-bae3-cb56c8e8ff2c/datanode-2/data/ratis] (custom)
2019-10-05 01:11:24,685 [pool-393-thread-1] INFO  storage.RaftStorageDirectory (RaftStorageDirectory.java:analyzeStorage(246)) - The storage directory /workdir/hadoop-ozone/integration-test/target/test-dir/MiniOzoneClusterImpl-89e9bd69-a153-46b5-bae3-cb56c8e8ff2c/datanode-1/data/ratis/ada3b3a3-8c0d-4099-bd11-8a0c1f52ef29 does not exist. Creating ...
2019-10-05 01:11:24,685 [pool-403-thread-1] INFO  server.RaftServerConfigKeys (ConfUtils.java:logGet(43)) - raft.server.log.corruption.policy = EXCEPTION (default)
2019-10-05 01:11:24,685 [pool-403-thread-1] INFO  storage.RaftStorageDirectory (RaftStorageDirectory.java:analyzeStorage(246)) - The storage directory /workdir/hadoop-ozone/integration-test/target/test-dir/MiniOzoneClusterImpl-89e9bd69-a153-46b5-bae3-cb56c8e8ff2c/datanode-2/data/ratis/ada3b3a3-8c0d-4099-bd11-8a0c1f52ef29 does not exist. Creating ...
2019-10-05 01:11:24,697 [pool-403-thread-1] INFO  storage.RaftStorageDirectory (RaftStorageDirectory.java:tryLock(328)) - Lock on /workdir/hadoop-ozone/integration-test/target/test-dir/MiniOzoneClusterImpl-89e9bd69-a153-46b5-bae3-cb56c8e8ff2c/datanode-2/data/ratis/ada3b3a3-8c0d-4099-bd11-8a0c1f52ef29/in_use.lock acquired by nodename 25491@pr-hdds-1986-f466r-3473100931
2019-10-05 01:11:24,697 [pool-393-thread-1] INFO  storage.RaftStorageDirectory (RaftStorageDirectory.java:tryLock(328)) - Lock on /workdir/hadoop-ozone/integration-test/target/test-dir/MiniOzoneClusterImpl-89e9bd69-a153-46b5-bae3-cb56c8e8ff2c/datanode-1/data/ratis/ada3b3a3-8c0d-4099-bd11-8a0c1f52ef29/in_use.lock acquired by nodename 25491@pr-hdds-1986-f466r-3473100931
2019-10-05 01:11:24,697 [pool-383-thread-1] INFO  storage.RaftStorageDirectory (RaftStorageDirectory.java:tryLock(328)) - Lock on /workdir/hadoop-ozone/integration-test/target/test-dir/MiniOzoneClusterImpl-89e9bd69-a153-46b5-bae3-cb56c8e8ff2c/datanode-0/data/ratis/ada3b3a3-8c0d-4099-bd11-8a0c1f52ef29/in_use.lock acquired by nodename 25491@pr-hdds-1986-f466r-3473100931
2019-10-05 01:11:24,701 [IPC Server handler 6 on 45764] INFO  net.NetworkTopology (NetworkTopologyImpl.java:add(111)) - Added a new node: /default-rack/32295ca9-a6a1-49e3-9af3-cbfbe785534d
2019-10-05 01:11:24,701 [pool-383-thread-1] INFO  storage.RaftStorage (RaftStorage.java:format(84)) - Storage directory /workdir/hadoop-ozone/integration-test/target/test-dir/MiniOzoneClusterImpl-89e9bd69-a153-46b5-bae3-cb56c8e8ff2c/datanode-0/data/ratis/ada3b3a3-8c0d-4099-bd11-8a0c1f52ef29 has been successfully formatted.
2019-10-05 01:11:24,701 [pool-403-thread-1] INFO  storage.RaftStorage (RaftStorage.java:format(84)) - Storage directory /workdir/hadoop-ozone/integration-test/target/test-dir/MiniOzoneClusterImpl-89e9bd69-a153-46b5-bae3-cb56c8e8ff2c/datanode-2/data/ratis/ada3b3a3-8c0d-4099-bd11-8a0c1f52ef29 has been successfully formatted.
2019-10-05 01:11:24,701 [pool-393-thread-1] INFO  storage.RaftStorage (RaftStorage.java:format(84)) - Storage directory /workdir/hadoop-ozone/integration-test/target/test-dir/MiniOzoneClusterImpl-89e9bd69-a153-46b5-bae3-cb56c8e8ff2c/datanode-1/data/ratis/ada3b3a3-8c0d-4099-bd11-8a0c1f52ef29 has been successfully formatted.
2019-10-05 01:11:24,701 [pool-383-thread-1] INFO  ratis.ContainerStateMachine (ContainerStateMachine.java:loadSnapshot(230)) - group-8A0C1F52EF29: The snapshot info is null. Setting the last applied indexto:(t:0, i:~)
2019-10-05 01:11:24,701 [pool-403-thread-1] INFO  ratis.ContainerStateMachine (ContainerStateMachine.java:loadSnapshot(230)) - group-8A0C1F52EF29: The snapshot info is null. Setting the last applied indexto:(t:0, i:~)
2019-10-05 01:11:24,701 [IPC Server handler 6 on 45764] INFO  node.SCMNodeManager (SCMNodeManager.java:register(268)) - Registered Data node : 32295ca9-a6a1-49e3-9af3-cbfbe785534d{ip: 192.168.151.105, host: pr-hdds-1986-f466r-3473100931, networkLocation: /default-rack, certSerialId: null}
2019-10-05 01:11:24,701 [pool-403-thread-1] INFO  server.RaftServerConfigKeys (ConfUtils.java:logGet(43)) - raft.server.notification.no-leader.timeout = 120s (custom)
2019-10-05 01:11:24,701 [pool-383-thread-1] INFO  server.RaftServerConfigKeys (ConfUtils.java:logGet(43)) - raft.server.notification.no-leader.timeout = 120s (custom)
2019-10-05 01:11:24,702 [pool-383-thread-1] INFO  server.RaftServerConfigKeys (ConfUtils.java:logGet(43)) - raft.server.log.use.memory = false (default)
2019-10-05 01:11:24,701 [pool-393-thread-1] INFO  ratis.ContainerStateMachine (ContainerStateMachine.java:loadSnapshot(230)) - group-8A0C1F52EF29: The snapshot info is null. Setting the last applied indexto:(t:0, i:~)
2019-10-05 01:11:24,702 [pool-383-thread-1] INFO  server.RaftServerConfigKeys (ConfUtils.java:logGet(43)) - raft.server.log.purge.gap = 1000000 (custom)
2019-10-05 01:11:24,702 [pool-383-thread-1] INFO  server.RaftServerConfigKeys (ConfUtils.java:logGet(43)) - raft.server.log.appender.buffer.byte-limit = 33554432 (custom)
2019-10-05 01:11:24,702 [pool-403-thread-1] INFO  server.RaftServerConfigKeys (ConfUtils.java:logGet(43)) - raft.server.log.use.memory = false (default)
2019-10-05 01:11:24,702 [pool-383-thread-1] INFO  server.RaftServerConfigKeys (ConfUtils.java:logGet(43)) - raft.server.log.segment.size.max = 1048576 (custom)
2019-10-05 01:11:24,702 [pool-393-thread-1] INFO  server.RaftServerConfigKeys (ConfUtils.java:logGet(43)) - raft.server.notification.no-leader.timeout = 120s (custom)
2019-10-05 01:11:24,703 [pool-383-thread-1] INFO  server.RaftServerConfigKeys (ConfUtils.java:logGet(43)) - raft.server.log.segment.cache.num.max = 2 (custom)
2019-10-05 01:11:24,702 [pool-403-thread-1] INFO  server.RaftServerConfigKeys (ConfUtils.java:logGet(43)) - raft.server.log.purge.gap = 1000000 (custom)
2019-10-05 01:11:24,703 [pool-383-thread-1] INFO  segmented.SegmentedRaftLogWorker (SegmentedRaftLogWorker.java:<init>(173)) - new 053a83ed-b28c-4b1f-bf18-66f49a6d94ff@group-8A0C1F52EF29-SegmentedRaftLogWorker for RaftStorage:Storage Directory /workdir/hadoop-ozone/integration-test/target/test-dir/MiniOzoneClusterImpl-89e9bd69-a153-46b5-bae3-cb56c8e8ff2c/datanode-0/data/ratis/ada3b3a3-8c0d-4099-bd11-8a0c1f52ef29
2019-10-05 01:11:24,703 [pool-393-thread-1] INFO  server.RaftServerConfigKeys (ConfUtils.java:logGet(43)) - raft.server.log.use.memory = false (default)
2019-10-05 01:11:24,703 [pool-383-thread-1] INFO  server.RaftServerConfigKeys (ConfUtils.java:logGet(43)) - raft.server.log.queue.byte-limit = 2147483647 (custom)
2019-10-05 01:11:24,703 [pool-403-thread-1] INFO  server.RaftServerConfigKeys (ConfUtils.java:logGet(43)) - raft.server.log.appender.buffer.byte-limit = 33554432 (custom)
2019-10-05 01:11:24,703 [pool-383-thread-1] INFO  server.RaftServerConfigKeys (ConfUtils.java:logGet(43)) - raft.server.log.queue.element-limit = 1024 (custom)
2019-10-05 01:11:24,703 [pool-383-thread-1] INFO  server.RaftServerConfigKeys (ConfUtils.java:logGet(43)) - raft.server.log.segment.size.max = 1048576 (custom)
2019-10-05 01:11:24,703 [pool-393-thread-1] INFO  server.RaftServerConfigKeys (ConfUtils.java:logGet(43)) - raft.server.log.purge.gap = 1000000 (custom)
2019-10-05 01:11:24,704 [pool-383-thread-1] INFO  server.RaftServerConfigKeys (ConfUtils.java:logGet(43)) - raft.server.log.preallocated.size = 16384 (custom)
2019-10-05 01:11:24,703 [pool-403-thread-1] INFO  server.RaftServerConfigKeys (ConfUtils.java:logGet(43)) - raft.server.log.segment.size.max = 1048576 (custom)
2019-10-05 01:11:24,704 [pool-383-thread-1] INFO  server.RaftServerConfigKeys (ConfUtils.java:logGet(43)) - raft.server.log.write.buffer.size = 33554432 (custom)
2019-10-05 01:11:24,704 [pool-393-thread-1] INFO  server.RaftServerConfigKeys (ConfUtils.java:logGet(43)) - raft.server.log.appender.buffer.byte-limit = 33554432 (custom)
2019-10-05 01:11:24,704 [pool-383-thread-1] INFO  server.RaftServerConfigKeys (ConfUtils.java:logGet(43)) - raft.server.log.force.sync.num = 128 (default)
2019-10-05 01:11:24,704 [pool-403-thread-1] INFO  server.RaftServerConfigKeys (ConfUtils.java:logGet(43)) - raft.server.log.segment.cache.num.max = 2 (custom)
2019-10-05 01:11:24,704 [pool-383-thread-1] INFO  server.RaftServerConfigKeys (ConfUtils.java:logGet(43)) - raft.server.log.statemachine.data.sync = true (default)
2019-10-05 01:11:24,704 [pool-393-thread-1] INFO  server.RaftServerConfigKeys (ConfUtils.java:logGet(43)) - raft.server.log.segment.size.max = 1048576 (custom)
2019-10-05 01:11:24,705 [pool-383-thread-1] INFO  server.RaftServerConfigKeys (ConfUtils.java:logGet(43)) - raft.server.log.statemachine.data.sync.timeout = 10s (default)
2019-10-05 01:11:24,704 [pool-403-thread-1] INFO  segmented.SegmentedRaftLogWorker (SegmentedRaftLogWorker.java:<init>(173)) - new b21c3d66-d2f3-4711-a82c-97bd21a0be85@group-8A0C1F52EF29-SegmentedRaftLogWorker for RaftStorage:Storage Directory /workdir/hadoop-ozone/integration-test/target/test-dir/MiniOzoneClusterImpl-89e9bd69-a153-46b5-bae3-cb56c8e8ff2c/datanode-2/data/ratis/ada3b3a3-8c0d-4099-bd11-8a0c1f52ef29
2019-10-05 01:11:24,705 [pool-383-thread-1] INFO  server.RaftServerConfigKeys (ConfUtils.java:logGet(43)) - raft.server.log.statemachine.data.sync.timeout.retry = -1 (default)
2019-10-05 01:11:24,705 [pool-393-thread-1] INFO  server.RaftServerConfigKeys (ConfUtils.java:logGet(43)) - raft.server.log.segment.cache.num.max = 2 (custom)
2019-10-05 01:11:24,705 [pool-383-thread-1] INFO  server.RaftServerConfigKeys (ConfUtils.java:logGet(43)) - raft.server.log.statemachine.data.caching.enabled = true (custom)
2019-10-05 01:11:24,705 [pool-403-thread-1] INFO  server.RaftServerConfigKeys (ConfUtils.java:logGet(43)) - raft.server.log.queue.byte-limit = 2147483647 (custom)
2019-10-05 01:11:24,705 [pool-393-thread-1] INFO  segmented.SegmentedRaftLogWorker (SegmentedRaftLogWorker.java:<init>(173)) - new 5ec9b283-de98-40ef-ad07-e01c743893bf@group-8A0C1F52EF29-SegmentedRaftLogWorker for RaftStorage:Storage Directory /workdir/hadoop-ozone/integration-test/target/test-dir/MiniOzoneClusterImpl-89e9bd69-a153-46b5-bae3-cb56c8e8ff2c/datanode-1/data/ratis/ada3b3a3-8c0d-4099-bd11-8a0c1f52ef29
2019-10-05 01:11:24,705 [pool-403-thread-1] INFO  server.RaftServerConfigKeys (ConfUtils.java:logGet(43)) - raft.server.log.queue.element-limit = 1024 (custom)
2019-10-05 01:11:24,706 [pool-383-thread-1] INFO  segmented.SegmentedRaftLogWorker (SegmentedRaftLogWorker.java:lambda$new$0(128)) - 053a83ed-b28c-4b1f-bf18-66f49a6d94ff@group-8A0C1F52EF29-SegmentedRaftLogWorker: flushIndex: setUnconditionally 0 -> -1
2019-10-05 01:11:24,706 [pool-393-thread-1] INFO  server.RaftServerConfigKeys (ConfUtils.java:logGet(43)) - raft.server.log.queue.byte-limit = 2147483647 (custom)
2019-10-05 01:11:24,706 [pool-403-thread-1] INFO  server.RaftServerConfigKeys (ConfUtils.java:logGet(43)) - raft.server.log.segment.size.max = 1048576 (custom)
2019-10-05 01:11:24,706 [pool-383-thread-1] INFO  server.RaftServerConfigKeys (ConfUtils.java:logGet(43)) - raft.server.snapshot.auto.trigger.enabled = true (custom)
2019-10-05 01:11:24,706 [pool-393-thread-1] INFO  server.RaftServerConfigKeys (ConfUtils.java:logGet(43)) - raft.server.log.queue.element-limit = 1024 (custom)
2019-10-05 01:11:24,706 [pool-383-thread-1] INFO  server.RaftServerConfigKeys (ConfUtils.java:logGet(43)) - raft.server.snapshot.auto.trigger.threshold = 10000 (custom)
2019-10-05 01:11:24,706 [pool-403-thread-1] INFO  server.RaftServerConfigKeys (ConfUtils.java:logGet(43)) - raft.server.log.preallocated.size = 16384 (custom)
2019-10-05 01:11:24,706 [pool-383-thread-1] INFO  server.RaftServerConfigKeys (ConfUtils.java:logGet(43)) - raft.server.snapshot.retention.file.num = 5 (custom)
2019-10-05 01:11:24,706 [pool-393-thread-1] INFO  server.RaftServerConfigKeys (ConfUtils.java:logGet(43)) - raft.server.log.segment.size.max = 1048576 (custom)
2019-10-05 01:11:24,707 [pool-383-thread-1] INFO  server.RaftServerConfigKeys (ConfUtils.java:logGet(43)) - raft.server.retrycache.expirytime = 600000ms (custom)
2019-10-05 01:11:24,707 [pool-403-thread-1] INFO  server.RaftServerConfigKeys (ConfUtils.java:logGet(43)) - raft.server.log.write.buffer.size = 33554432 (custom)
2019-10-05 01:11:24,707 [pool-393-thread-1] INFO  server.RaftServerConfigKeys (ConfUtils.java:logGet(43)) - raft.server.log.preallocated.size = 16384 (custom)
2019-10-05 01:11:24,707 [pool-403-thread-1] INFO  server.RaftServerConfigKeys (ConfUtils.java:logGet(43)) - raft.server.log.force.sync.num = 128 (default)
2019-10-05 01:11:24,707 [pool-393-thread-1] INFO  server.RaftServerConfigKeys (ConfUtils.java:logGet(43)) - raft.server.log.write.buffer.size = 33554432 (custom)
2019-10-05 01:11:24,707 [pool-403-thread-1] INFO  server.RaftServerConfigKeys (ConfUtils.java:logGet(43)) - raft.server.log.statemachine.data.sync = true (default)
2019-10-05 01:11:24,707 [pool-393-thread-1] INFO  server.RaftServerConfigKeys (ConfUtils.java:logGet(43)) - raft.server.log.force.sync.num = 128 (default)
2019-10-05 01:11:24,707 [pool-403-thread-1] INFO  server.RaftServerConfigKeys (ConfUtils.java:logGet(43)) - raft.server.log.statemachine.data.sync.timeout = 10s (default)
2019-10-05 01:11:24,707 [pool-393-thread-1] INFO  server.RaftServerConfigKeys (ConfUtils.java:logGet(43)) - raft.server.log.statemachine.data.sync = true (default)
2019-10-05 01:11:24,708 [pool-403-thread-1] INFO  server.RaftServerConfigKeys (ConfUtils.java:logGet(43)) - raft.server.log.statemachine.data.sync.timeout.retry = -1 (default)
2019-10-05 01:11:24,708 [pool-393-thread-1] INFO  server.RaftServerConfigKeys (ConfUtils.java:logGet(43)) - raft.server.log.statemachine.data.sync.timeout = 10s (default)
2019-10-05 01:11:24,708 [pool-403-thread-1] INFO  server.RaftServerConfigKeys (ConfUtils.java:logGet(43)) - raft.server.log.statemachine.data.caching.enabled = true (custom)
2019-10-05 01:11:24,708 [pool-393-thread-1] INFO  server.RaftServerConfigKeys (ConfUtils.java:logGet(43)) - raft.server.log.statemachine.data.sync.timeout.retry = -1 (default)
2019-10-05 01:11:24,708 [pool-403-thread-1] INFO  segmented.SegmentedRaftLogWorker (SegmentedRaftLogWorker.java:lambda$new$0(128)) - b21c3d66-d2f3-4711-a82c-97bd21a0be85@group-8A0C1F52EF29-SegmentedRaftLogWorker: flushIndex: setUnconditionally 0 -> -1
2019-10-05 01:11:24,708 [pool-393-thread-1] INFO  server.RaftServerConfigKeys (ConfUtils.java:logGet(43)) - raft.server.log.statemachine.data.caching.enabled = true (custom)
2019-10-05 01:11:24,708 [pool-403-thread-1] INFO  server.RaftServerConfigKeys (ConfUtils.java:logGet(43)) - raft.server.snapshot.auto.trigger.enabled = true (custom)
2019-10-05 01:11:24,708 [pool-403-thread-1] INFO  server.RaftServerConfigKeys (ConfUtils.java:logGet(43)) - raft.server.snapshot.auto.trigger.threshold = 10000 (custom)
2019-10-05 01:11:24,708 [pool-403-thread-1] INFO  server.RaftServerConfigKeys (ConfUtils.java:logGet(43)) - raft.server.snapshot.retention.file.num = 5 (custom)
2019-10-05 01:11:24,709 [pool-403-thread-1] INFO  server.RaftServerConfigKeys (ConfUtils.java:logGet(43)) - raft.server.retrycache.expirytime = 600000ms (custom)
2019-10-05 01:11:24,709 [pool-383-thread-1] INFO  impl.RaftServerImpl (RaftServerImpl.java:start(181)) - 053a83ed-b28c-4b1f-bf18-66f49a6d94ff@group-8A0C1F52EF29: start as a follower, conf=-1: [b21c3d66-d2f3-4711-a82c-97bd21a0be85:192.168.151.105:42420, 5ec9b283-de98-40ef-ad07-e01c743893bf:192.168.151.105:34119, 053a83ed-b28c-4b1f-bf18-66f49a6d94ff:192.168.151.105:39846], old=null
2019-10-05 01:11:24,709 [pool-393-thread-1] INFO  segmented.SegmentedRaftLogWorker (SegmentedRaftLogWorker.java:lambda$new$0(128)) - 5ec9b283-de98-40ef-ad07-e01c743893bf@group-8A0C1F52EF29-SegmentedRaftLogWorker: flushIndex: setUnconditionally 0 -> -1
2019-10-05 01:11:24,709 [pool-383-thread-1] INFO  impl.RaftServerImpl (RaftServerImpl.java:setRole(170)) - 053a83ed-b28c-4b1f-bf18-66f49a6d94ff@group-8A0C1F52EF29: changes role from      null to FOLLOWER at term 0 for startAsFollower
2019-10-05 01:11:24,709 [pool-393-thread-1] INFO  server.RaftServerConfigKeys (ConfUtils.java:logGet(43)) - raft.server.snapshot.auto.trigger.enabled = true (custom)
2019-10-05 01:11:24,709 [pool-383-thread-1] INFO  impl.RoleInfo (RoleInfo.java:updateAndGet(143)) - 053a83ed-b28c-4b1f-bf18-66f49a6d94ff: start FollowerState
2019-10-05 01:11:24,709 [pool-393-thread-1] INFO  server.RaftServerConfigKeys (ConfUtils.java:logGet(43)) - raft.server.snapshot.auto.trigger.threshold = 10000 (custom)
2019-10-05 01:11:24,710 [pool-393-thread-1] INFO  server.RaftServerConfigKeys (ConfUtils.java:logGet(43)) - raft.server.snapshot.retention.file.num = 5 (custom)
2019-10-05 01:11:24,710 [pool-393-thread-1] INFO  server.RaftServerConfigKeys (ConfUtils.java:logGet(43)) - raft.server.retrycache.expirytime = 600000ms (custom)
2019-10-05 01:11:24,710 [pool-383-thread-1] INFO  util.JmxRegister (JmxRegister.java:tryRegister(44)) - Successfully registered JMX Bean with object name Ratis:service=RaftServer,group=group-8A0C1F52EF29,id=053a83ed-b28c-4b1f-bf18-66f49a6d94ff
2019-10-05 01:11:24,710 [pool-403-thread-1] INFO  impl.RaftServerImpl (RaftServerImpl.java:start(181)) - b21c3d66-d2f3-4711-a82c-97bd21a0be85@group-8A0C1F52EF29: start as a follower, conf=-1: [b21c3d66-d2f3-4711-a82c-97bd21a0be85:192.168.151.105:42420, 5ec9b283-de98-40ef-ad07-e01c743893bf:192.168.151.105:34119, 053a83ed-b28c-4b1f-bf18-66f49a6d94ff:192.168.151.105:39846], old=null
2019-10-05 01:11:24,710 [pool-403-thread-1] INFO  impl.RaftServerImpl (RaftServerImpl.java:setRole(170)) - b21c3d66-d2f3-4711-a82c-97bd21a0be85@group-8A0C1F52EF29: changes role from      null to FOLLOWER at term 0 for startAsFollower
2019-10-05 01:11:24,710 [pool-403-thread-1] INFO  impl.RoleInfo (RoleInfo.java:updateAndGet(143)) - b21c3d66-d2f3-4711-a82c-97bd21a0be85: start FollowerState
2019-10-05 01:11:24,710 [pool-403-thread-1] INFO  util.JmxRegister (JmxRegister.java:tryRegister(44)) - Successfully registered JMX Bean with object name Ratis:service=RaftServer,group=group-8A0C1F52EF29,id=b21c3d66-d2f3-4711-a82c-97bd21a0be85
2019-10-05 01:11:24,713 [pool-393-thread-1] INFO  impl.RaftServerImpl (RaftServerImpl.java:start(181)) - 5ec9b283-de98-40ef-ad07-e01c743893bf@group-8A0C1F52EF29: start as a follower, conf=-1: [b21c3d66-d2f3-4711-a82c-97bd21a0be85:192.168.151.105:42420, 5ec9b283-de98-40ef-ad07-e01c743893bf:192.168.151.105:34119, 053a83ed-b28c-4b1f-bf18-66f49a6d94ff:192.168.151.105:39846], old=null
2019-10-05 01:11:24,713 [pool-393-thread-1] INFO  impl.RaftServerImpl (RaftServerImpl.java:setRole(170)) - 5ec9b283-de98-40ef-ad07-e01c743893bf@group-8A0C1F52EF29: changes role from      null to FOLLOWER at term 0 for startAsFollower
2019-10-05 01:11:24,713 [pool-393-thread-1] INFO  impl.RoleInfo (RoleInfo.java:updateAndGet(143)) - 5ec9b283-de98-40ef-ad07-e01c743893bf: start FollowerState
2019-10-05 01:11:24,713 [pool-393-thread-1] INFO  util.JmxRegister (JmxRegister.java:tryRegister(44)) - Successfully registered JMX Bean with object name Ratis:service=RaftServer,group=group-8A0C1F52EF29,id=5ec9b283-de98-40ef-ad07-e01c743893bf
2019-10-05 01:11:24,716 [RatisPipelineUtilsThread] INFO  pipeline.PipelineStateManager (PipelineStateManager.java:addPipeline(56)) - Created pipeline Pipeline[ Id: ada3b3a3-8c0d-4099-bd11-8a0c1f52ef29, Nodes: 5ec9b283-de98-40ef-ad07-e01c743893bf{ip: 192.168.151.105, host: pr-hdds-1986-f466r-3473100931, networkLocation: /default-rack, certSerialId: null}053a83ed-b28c-4b1f-bf18-66f49a6d94ff{ip: 192.168.151.105, host: pr-hdds-1986-f466r-3473100931, networkLocation: /default-rack, certSerialId: null}b21c3d66-d2f3-4711-a82c-97bd21a0be85{ip: 192.168.151.105, host: pr-hdds-1986-f466r-3473100931, networkLocation: /default-rack, certSerialId: null}, Type:RATIS, Factor:THREE, State:OPEN]
2019-10-05 01:11:24,793 [IPC Server handler 7 on 45764] INFO  net.NetworkTopology (NetworkTopologyImpl.java:add(111)) - Added a new node: /default-rack/32fd612c-fde5-495d-94a6-b177b0c3ee40
2019-10-05 01:11:24,794 [IPC Server handler 7 on 45764] INFO  node.SCMNodeManager (SCMNodeManager.java:register(268)) - Registered Data node : 32fd612c-fde5-495d-94a6-b177b0c3ee40{ip: 192.168.151.105, host: pr-hdds-1986-f466r-3473100931, networkLocation: /default-rack, certSerialId: null}
2019-10-05 01:11:24,803 [grpc-default-executor-6] INFO  impl.RaftServerProxy (RaftServerProxy.java:addNew(89)) - 32295ca9-a6a1-49e3-9af3-cbfbe785534d: addNew group-6795B8910095:[32295ca9-a6a1-49e3-9af3-cbfbe785534d:192.168.151.105:34745] returns group-6795B8910095:java.util.concurrent.CompletableFuture@3d8a9098[Not completed]
2019-10-05 01:11:24,804 [pool-413-thread-1] INFO  impl.RaftServerImpl (RaftServerImpl.java:<init>(95)) - 32295ca9-a6a1-49e3-9af3-cbfbe785534d: new RaftServerImpl for group-6795B8910095:[32295ca9-a6a1-49e3-9af3-cbfbe785534d:192.168.151.105:34745] with ContainerStateMachine:uninitialized
2019-10-05 01:11:24,805 [pool-413-thread-1] INFO  server.RaftServerConfigKeys (ConfUtils.java:logGet(43)) - raft.server.rpc.timeout.min = 5s (custom)
2019-10-05 01:11:24,805 [pool-413-thread-1] INFO  server.RaftServerConfigKeys (ConfUtils.java:logGet(43)) - raft.server.rpc.timeout.max = 5200ms (custom)
2019-10-05 01:11:24,805 [pool-413-thread-1] INFO  server.RaftServerConfigKeys (ConfUtils.java:logGet(43)) - raft.server.rpcslowness.timeout = 120s (custom)
2019-10-05 01:11:24,805 [pool-413-thread-1] INFO  server.RaftServerConfigKeys (ConfUtils.java:logGet(43)) - raft.server.sleep.deviation.threshold = 300 (default)
2019-10-05 01:11:24,805 [pool-413-thread-1] INFO  server.RaftServerConfigKeys (ConfUtils.java:logGet(43)) - raft.server.log.appender.install.snapshot.enabled = false (custom)
2019-10-05 01:11:24,805 [pool-413-thread-1] INFO  impl.RaftServerImpl (ServerState.java:<init>(103)) - 32295ca9-a6a1-49e3-9af3-cbfbe785534d@group-6795B8910095: ConfigurationManager, init=-1: [32295ca9-a6a1-49e3-9af3-cbfbe785534d:192.168.151.105:34745], old=null, confs=<EMPTY_MAP>
2019-10-05 01:11:24,805 [pool-413-thread-1] INFO  server.RaftServerConfigKeys (ConfUtils.java:logGet(43)) - raft.server.storage.dir = [/workdir/hadoop-ozone/integration-test/target/test-dir/MiniOzoneClusterImpl-89e9bd69-a153-46b5-bae3-cb56c8e8ff2c/datanode-3/data/ratis] (custom)
2019-10-05 01:11:24,806 [pool-413-thread-1] INFO  server.RaftServerConfigKeys (ConfUtils.java:logGet(43)) - raft.server.log.corruption.policy = EXCEPTION (default)
2019-10-05 01:11:24,806 [pool-413-thread-1] INFO  storage.RaftStorageDirectory (RaftStorageDirectory.java:analyzeStorage(246)) - The storage directory /workdir/hadoop-ozone/integration-test/target/test-dir/MiniOzoneClusterImpl-89e9bd69-a153-46b5-bae3-cb56c8e8ff2c/datanode-3/data/ratis/90375fd5-4cff-4a58-a7f6-6795b8910095 does not exist. Creating ...
2019-10-05 01:11:24,819 [pool-413-thread-1] INFO  storage.RaftStorageDirectory (RaftStorageDirectory.java:tryLock(328)) - Lock on /workdir/hadoop-ozone/integration-test/target/test-dir/MiniOzoneClusterImpl-89e9bd69-a153-46b5-bae3-cb56c8e8ff2c/datanode-3/data/ratis/90375fd5-4cff-4a58-a7f6-6795b8910095/in_use.lock acquired by nodename 25491@pr-hdds-1986-f466r-3473100931
2019-10-05 01:11:24,832 [pool-413-thread-1] INFO  storage.RaftStorage (RaftStorage.java:format(84)) - Storage directory /workdir/hadoop-ozone/integration-test/target/test-dir/MiniOzoneClusterImpl-89e9bd69-a153-46b5-bae3-cb56c8e8ff2c/datanode-3/data/ratis/90375fd5-4cff-4a58-a7f6-6795b8910095 has been successfully formatted.
2019-10-05 01:11:24,833 [pool-413-thread-1] INFO  ratis.ContainerStateMachine (ContainerStateMachine.java:loadSnapshot(230)) - group-6795B8910095: The snapshot info is null. Setting the last applied indexto:(t:0, i:~)
2019-10-05 01:11:24,833 [pool-413-thread-1] INFO  server.RaftServerConfigKeys (ConfUtils.java:logGet(43)) - raft.server.notification.no-leader.timeout = 120s (custom)
2019-10-05 01:11:24,833 [pool-413-thread-1] INFO  server.RaftServerConfigKeys (ConfUtils.java:logGet(43)) - raft.server.log.use.memory = false (default)
2019-10-05 01:11:24,833 [pool-413-thread-1] INFO  server.RaftServerConfigKeys (ConfUtils.java:logGet(43)) - raft.server.log.purge.gap = 1000000 (custom)
2019-10-05 01:11:24,833 [pool-413-thread-1] INFO  server.RaftServerConfigKeys (ConfUtils.java:logGet(43)) - raft.server.log.appender.buffer.byte-limit = 33554432 (custom)
2019-10-05 01:11:24,833 [pool-413-thread-1] INFO  server.RaftServerConfigKeys (ConfUtils.java:logGet(43)) - raft.server.log.segment.size.max = 1048576 (custom)
2019-10-05 01:11:24,835 [pool-413-thread-1] INFO  server.RaftServerConfigKeys (ConfUtils.java:logGet(43)) - raft.server.log.segment.cache.num.max = 2 (custom)
2019-10-05 01:11:24,835 [pool-413-thread-1] INFO  segmented.SegmentedRaftLogWorker (SegmentedRaftLogWorker.java:<init>(173)) - new 32295ca9-a6a1-49e3-9af3-cbfbe785534d@group-6795B8910095-SegmentedRaftLogWorker for RaftStorage:Storage Directory /workdir/hadoop-ozone/integration-test/target/test-dir/MiniOzoneClusterImpl-89e9bd69-a153-46b5-bae3-cb56c8e8ff2c/datanode-3/data/ratis/90375fd5-4cff-4a58-a7f6-6795b8910095
2019-10-05 01:11:24,835 [pool-413-thread-1] INFO  server.RaftServerConfigKeys (ConfUtils.java:logGet(43)) - raft.server.log.queue.byte-limit = 2147483647 (custom)
2019-10-05 01:11:24,835 [pool-413-thread-1] INFO  server.RaftServerConfigKeys (ConfUtils.java:logGet(43)) - raft.server.log.queue.element-limit = 1024 (custom)
2019-10-05 01:11:24,836 [pool-413-thread-1] INFO  server.RaftServerConfigKeys (ConfUtils.java:logGet(43)) - raft.server.log.segment.size.max = 1048576 (custom)
2019-10-05 01:11:24,836 [pool-413-thread-1] INFO  server.RaftServerConfigKeys (ConfUtils.java:logGet(43)) - raft.server.log.preallocated.size = 16384 (custom)
2019-10-05 01:11:24,836 [pool-413-thread-1] INFO  server.RaftServerConfigKeys (ConfUtils.java:logGet(43)) - raft.server.log.write.buffer.size = 33554432 (custom)
2019-10-05 01:11:24,836 [pool-413-thread-1] INFO  server.RaftServerConfigKeys (ConfUtils.java:logGet(43)) - raft.server.log.force.sync.num = 128 (default)
2019-10-05 01:11:24,836 [pool-413-thread-1] INFO  server.RaftServerConfigKeys (ConfUtils.java:logGet(43)) - raft.server.log.statemachine.data.sync = true (default)
2019-10-05 01:11:24,836 [pool-413-thread-1] INFO  server.RaftServerConfigKeys (ConfUtils.java:logGet(43)) - raft.server.log.statemachine.data.sync.timeout = 10s (default)
2019-10-05 01:11:24,836 [pool-413-thread-1] INFO  server.RaftServerConfigKeys (ConfUtils.java:logGet(43)) - raft.server.log.statemachine.data.sync.timeout.retry = -1 (default)
2019-10-05 01:11:24,837 [pool-413-thread-1] INFO  server.RaftServerConfigKeys (ConfUtils.java:logGet(43)) - raft.server.log.statemachine.data.caching.enabled = true (custom)
2019-10-05 01:11:24,837 [pool-413-thread-1] INFO  segmented.SegmentedRaftLogWorker (SegmentedRaftLogWorker.java:lambda$new$0(128)) - 32295ca9-a6a1-49e3-9af3-cbfbe785534d@group-6795B8910095-SegmentedRaftLogWorker: flushIndex: setUnconditionally 0 -> -1
2019-10-05 01:11:24,837 [pool-413-thread-1] INFO  server.RaftServerConfigKeys (ConfUtils.java:logGet(43)) - raft.server.snapshot.auto.trigger.enabled = true (custom)
2019-10-05 01:11:24,837 [pool-413-thread-1] INFO  server.RaftServerConfigKeys (ConfUtils.java:logGet(43)) - raft.server.snapshot.auto.trigger.threshold = 10000 (custom)
2019-10-05 01:11:24,838 [pool-413-thread-1] INFO  server.RaftServerConfigKeys (ConfUtils.java:logGet(43)) - raft.server.snapshot.retention.file.num = 5 (custom)
2019-10-05 01:11:24,838 [pool-413-thread-1] INFO  server.RaftServerConfigKeys (ConfUtils.java:logGet(43)) - raft.server.retrycache.expirytime = 600000ms (custom)
2019-10-05 01:11:24,839 [pool-413-thread-1] INFO  impl.RaftServerImpl (RaftServerImpl.java:start(181)) - 32295ca9-a6a1-49e3-9af3-cbfbe785534d@group-6795B8910095: start as a follower, conf=-1: [32295ca9-a6a1-49e3-9af3-cbfbe785534d:192.168.151.105:34745], old=null
2019-10-05 01:11:24,839 [pool-413-thread-1] INFO  impl.RaftServerImpl (RaftServerImpl.java:setRole(170)) - 32295ca9-a6a1-49e3-9af3-cbfbe785534d@group-6795B8910095: changes role from      null to FOLLOWER at term 0 for startAsFollower
2019-10-05 01:11:24,840 [pool-413-thread-1] INFO  impl.RoleInfo (RoleInfo.java:updateAndGet(143)) - 32295ca9-a6a1-49e3-9af3-cbfbe785534d: start FollowerState
2019-10-05 01:11:24,840 [pool-413-thread-1] INFO  util.JmxRegister (JmxRegister.java:tryRegister(44)) - Successfully registered JMX Bean with object name Ratis:service=RaftServer,group=group-6795B8910095,id=32295ca9-a6a1-49e3-9af3-cbfbe785534d
2019-10-05 01:11:24,844 [RatisPipelineUtilsThread] INFO  pipeline.PipelineStateManager (PipelineStateManager.java:addPipeline(56)) - Created pipeline Pipeline[ Id: 90375fd5-4cff-4a58-a7f6-6795b8910095, Nodes: 32295ca9-a6a1-49e3-9af3-cbfbe785534d{ip: 192.168.151.105, host: pr-hdds-1986-f466r-3473100931, networkLocation: /default-rack, certSerialId: null}, Type:RATIS, Factor:ONE, State:OPEN]
2019-10-05 01:11:24,883 [grpc-default-executor-6] INFO  impl.RaftServerProxy (RaftServerProxy.java:addNew(89)) - 32fd612c-fde5-495d-94a6-b177b0c3ee40: addNew group-868EAD8CDC97:[32fd612c-fde5-495d-94a6-b177b0c3ee40:192.168.151.105:37650] returns group-868EAD8CDC97:java.util.concurrent.CompletableFuture@2a80f265[Not completed]
2019-10-05 01:11:24,884 [pool-423-thread-1] INFO  impl.RaftServerImpl (RaftServerImpl.java:<init>(95)) - 32fd612c-fde5-495d-94a6-b177b0c3ee40: new RaftServerImpl for group-868EAD8CDC97:[32fd612c-fde5-495d-94a6-b177b0c3ee40:192.168.151.105:37650] with ContainerStateMachine:uninitialized
2019-10-05 01:11:24,885 [pool-423-thread-1] INFO  server.RaftServerConfigKeys (ConfUtils.java:logGet(43)) - raft.server.rpc.timeout.min = 5s (custom)
2019-10-05 01:11:24,885 [pool-423-thread-1] INFO  server.RaftServerConfigKeys (ConfUtils.java:logGet(43)) - raft.server.rpc.timeout.max = 5200ms (custom)
2019-10-05 01:11:24,885 [pool-423-thread-1] INFO  server.RaftServerConfigKeys (ConfUtils.java:logGet(43)) - raft.server.rpcslowness.timeout = 120s (custom)
2019-10-05 01:11:24,885 [pool-423-thread-1] INFO  server.RaftServerConfigKeys (ConfUtils.java:logGet(43)) - raft.server.sleep.deviation.threshold = 300 (default)
2019-10-05 01:11:24,885 [pool-423-thread-1] INFO  server.RaftServerConfigKeys (ConfUtils.java:logGet(43)) - raft.server.log.appender.install.snapshot.enabled = false (custom)
2019-10-05 01:11:24,885 [pool-423-thread-1] INFO  impl.RaftServerImpl (ServerState.java:<init>(103)) - 32fd612c-fde5-495d-94a6-b177b0c3ee40@group-868EAD8CDC97: ConfigurationManager, init=-1: [32fd612c-fde5-495d-94a6-b177b0c3ee40:192.168.151.105:37650], old=null, confs=<EMPTY_MAP>
2019-10-05 01:11:24,885 [pool-423-thread-1] INFO  server.RaftServerConfigKeys (ConfUtils.java:logGet(43)) - raft.server.storage.dir = [/workdir/hadoop-ozone/integration-test/target/test-dir/MiniOzoneClusterImpl-89e9bd69-a153-46b5-bae3-cb56c8e8ff2c/datanode-4/data/ratis] (custom)
2019-10-05 01:11:24,886 [pool-423-thread-1] INFO  server.RaftServerConfigKeys (ConfUtils.java:logGet(43)) - raft.server.log.corruption.policy = EXCEPTION (default)
2019-10-05 01:11:24,886 [pool-423-thread-1] INFO  storage.RaftStorageDirectory (RaftStorageDirectory.java:analyzeStorage(246)) - The storage directory /workdir/hadoop-ozone/integration-test/target/test-dir/MiniOzoneClusterImpl-89e9bd69-a153-46b5-bae3-cb56c8e8ff2c/datanode-4/data/ratis/21f8fd01-428c-44f8-b161-868ead8cdc97 does not exist. Creating ...
2019-10-05 01:11:24,897 [IPC Server handler 1 on 45764] INFO  net.NetworkTopology (NetworkTopologyImpl.java:add(111)) - Added a new node: /default-rack/60e6f12e-5d6a-440d-a53d-add976405879
2019-10-05 01:11:24,897 [IPC Server handler 1 on 45764] INFO  node.SCMNodeManager (SCMNodeManager.java:register(268)) - Registered Data node : 60e6f12e-5d6a-440d-a53d-add976405879{ip: 192.168.151.105, host: pr-hdds-1986-f466r-3473100931, networkLocation: /default-rack, certSerialId: null}
2019-10-05 01:11:24,899 [pool-423-thread-1] INFO  storage.RaftStorageDirectory (RaftStorageDirectory.java:tryLock(328)) - Lock on /workdir/hadoop-ozone/integration-test/target/test-dir/MiniOzoneClusterImpl-89e9bd69-a153-46b5-bae3-cb56c8e8ff2c/datanode-4/data/ratis/21f8fd01-428c-44f8-b161-868ead8cdc97/in_use.lock acquired by nodename 25491@pr-hdds-1986-f466r-3473100931
2019-10-05 01:11:24,912 [pool-423-thread-1] INFO  storage.RaftStorage (RaftStorage.java:format(84)) - Storage directory /workdir/hadoop-ozone/integration-test/target/test-dir/MiniOzoneClusterImpl-89e9bd69-a153-46b5-bae3-cb56c8e8ff2c/datanode-4/data/ratis/21f8fd01-428c-44f8-b161-868ead8cdc97 has been successfully formatted.
2019-10-05 01:11:24,912 [pool-423-thread-1] INFO  ratis.ContainerStateMachine (ContainerStateMachine.java:loadSnapshot(230)) - group-868EAD8CDC97: The snapshot info is null. Setting the last applied indexto:(t:0, i:~)
2019-10-05 01:11:24,912 [pool-423-thread-1] INFO  server.RaftServerConfigKeys (ConfUtils.java:logGet(43)) - raft.server.notification.no-leader.timeout = 120s (custom)
2019-10-05 01:11:24,912 [pool-423-thread-1] INFO  server.RaftServerConfigKeys (ConfUtils.java:logGet(43)) - raft.server.log.use.memory = false (default)
2019-10-05 01:11:24,912 [pool-423-thread-1] INFO  server.RaftServerConfigKeys (ConfUtils.java:logGet(43)) - raft.server.log.purge.gap = 1000000 (custom)
2019-10-05 01:11:24,912 [pool-423-thread-1] INFO  server.RaftServerConfigKeys (ConfUtils.java:logGet(43)) - raft.server.log.appender.buffer.byte-limit = 33554432 (custom)
2019-10-05 01:11:24,913 [pool-423-thread-1] INFO  server.RaftServerConfigKeys (ConfUtils.java:logGet(43)) - raft.server.log.segment.size.max = 1048576 (custom)
2019-10-05 01:11:24,914 [pool-423-thread-1] INFO  server.RaftServerConfigKeys (ConfUtils.java:logGet(43)) - raft.server.log.segment.cache.num.max = 2 (custom)
2019-10-05 01:11:24,914 [pool-423-thread-1] INFO  segmented.SegmentedRaftLogWorker (SegmentedRaftLogWorker.java:<init>(173)) - new 32fd612c-fde5-495d-94a6-b177b0c3ee40@group-868EAD8CDC97-SegmentedRaftLogWorker for RaftStorage:Storage Directory /workdir/hadoop-ozone/integration-test/target/test-dir/MiniOzoneClusterImpl-89e9bd69-a153-46b5-bae3-cb56c8e8ff2c/datanode-4/data/ratis/21f8fd01-428c-44f8-b161-868ead8cdc97
2019-10-05 01:11:24,914 [pool-423-thread-1] INFO  server.RaftServerConfigKeys (ConfUtils.java:logGet(43)) - raft.server.log.queue.byte-limit = 2147483647 (custom)
2019-10-05 01:11:24,915 [pool-423-thread-1] INFO  server.RaftServerConfigKeys (ConfUtils.java:logGet(43)) - raft.server.log.queue.element-limit = 1024 (custom)
2019-10-05 01:11:24,915 [pool-423-thread-1] INFO  server.RaftServerConfigKeys (ConfUtils.java:logGet(43)) - raft.server.log.segment.size.max = 1048576 (custom)
2019-10-05 01:11:24,915 [pool-423-thread-1] INFO  server.RaftServerConfigKeys (ConfUtils.java:logGet(43)) - raft.server.log.preallocated.size = 16384 (custom)
2019-10-05 01:11:24,915 [pool-423-thread-1] INFO  server.RaftServerConfigKeys (ConfUtils.java:logGet(43)) - raft.server.log.write.buffer.size = 33554432 (custom)
2019-10-05 01:11:24,915 [pool-423-thread-1] INFO  server.RaftServerConfigKeys (ConfUtils.java:logGet(43)) - raft.server.log.force.sync.num = 128 (default)
2019-10-05 01:11:24,915 [pool-423-thread-1] INFO  server.RaftServerConfigKeys (ConfUtils.java:logGet(43)) - raft.server.log.statemachine.data.sync = true (default)
2019-10-05 01:11:24,915 [pool-423-thread-1] INFO  server.RaftServerConfigKeys (ConfUtils.java:logGet(43)) - raft.server.log.statemachine.data.sync.timeout = 10s (default)
2019-10-05 01:11:24,915 [pool-423-thread-1] INFO  server.RaftServerConfigKeys (ConfUtils.java:logGet(43)) - raft.server.log.statemachine.data.sync.timeout.retry = -1 (default)
2019-10-05 01:11:24,916 [pool-423-thread-1] INFO  server.RaftServerConfigKeys (ConfUtils.java:logGet(43)) - raft.server.log.statemachine.data.caching.enabled = true (custom)
2019-10-05 01:11:24,916 [pool-423-thread-1] INFO  segmented.SegmentedRaftLogWorker (SegmentedRaftLogWorker.java:lambda$new$0(128)) - 32fd612c-fde5-495d-94a6-b177b0c3ee40@group-868EAD8CDC97-SegmentedRaftLogWorker: flushIndex: setUnconditionally 0 -> -1
2019-10-05 01:11:24,916 [pool-423-thread-1] INFO  server.RaftServerConfigKeys (ConfUtils.java:logGet(43)) - raft.server.snapshot.auto.trigger.enabled = true (custom)
2019-10-05 01:11:24,916 [pool-423-thread-1] INFO  server.RaftServerConfigKeys (ConfUtils.java:logGet(43)) - raft.server.snapshot.auto.trigger.threshold = 10000 (custom)
2019-10-05 01:11:24,917 [pool-423-thread-1] INFO  server.RaftServerConfigKeys (ConfUtils.java:logGet(43)) - raft.server.snapshot.retention.file.num = 5 (custom)
2019-10-05 01:11:24,917 [pool-423-thread-1] INFO  server.RaftServerConfigKeys (ConfUtils.java:logGet(43)) - raft.server.retrycache.expirytime = 600000ms (custom)
2019-10-05 01:11:24,918 [pool-423-thread-1] INFO  impl.RaftServerImpl (RaftServerImpl.java:start(181)) - 32fd612c-fde5-495d-94a6-b177b0c3ee40@group-868EAD8CDC97: start as a follower, conf=-1: [32fd612c-fde5-495d-94a6-b177b0c3ee40:192.168.151.105:37650], old=null
2019-10-05 01:11:24,918 [pool-423-thread-1] INFO  impl.RaftServerImpl (RaftServerImpl.java:setRole(170)) - 32fd612c-fde5-495d-94a6-b177b0c3ee40@group-868EAD8CDC97: changes role from      null to FOLLOWER at term 0 for startAsFollower
2019-10-05 01:11:24,918 [pool-423-thread-1] INFO  impl.RoleInfo (RoleInfo.java:updateAndGet(143)) - 32fd612c-fde5-495d-94a6-b177b0c3ee40: start FollowerState
2019-10-05 01:11:24,919 [pool-423-thread-1] INFO  util.JmxRegister (JmxRegister.java:tryRegister(44)) - Successfully registered JMX Bean with object name Ratis:service=RaftServer,group=group-868EAD8CDC97,id=32fd612c-fde5-495d-94a6-b177b0c3ee40
2019-10-05 01:11:24,923 [RatisPipelineUtilsThread] INFO  pipeline.PipelineStateManager (PipelineStateManager.java:addPipeline(56)) - Created pipeline Pipeline[ Id: 21f8fd01-428c-44f8-b161-868ead8cdc97, Nodes: 32fd612c-fde5-495d-94a6-b177b0c3ee40{ip: 192.168.151.105, host: pr-hdds-1986-f466r-3473100931, networkLocation: /default-rack, certSerialId: null}, Type:RATIS, Factor:ONE, State:OPEN]
2019-10-05 01:11:24,936 [grpc-default-executor-6] INFO  impl.RaftServerProxy (RaftServerProxy.java:addNew(89)) - 60e6f12e-5d6a-440d-a53d-add976405879: addNew group-36983975A9F0:[60e6f12e-5d6a-440d-a53d-add976405879:192.168.151.105:39677] returns group-36983975A9F0:java.util.concurrent.CompletableFuture@56b11a5[Not completed]
2019-10-05 01:11:24,937 [pool-433-thread-1] INFO  impl.RaftServerImpl (RaftServerImpl.java:<init>(95)) - 60e6f12e-5d6a-440d-a53d-add976405879: new RaftServerImpl for group-36983975A9F0:[60e6f12e-5d6a-440d-a53d-add976405879:192.168.151.105:39677] with ContainerStateMachine:uninitialized
2019-10-05 01:11:24,937 [pool-433-thread-1] INFO  server.RaftServerConfigKeys (ConfUtils.java:logGet(43)) - raft.server.rpc.timeout.min = 5s (custom)
2019-10-05 01:11:24,937 [pool-433-thread-1] INFO  server.RaftServerConfigKeys (ConfUtils.java:logGet(43)) - raft.server.rpc.timeout.max = 5200ms (custom)
2019-10-05 01:11:24,937 [pool-433-thread-1] INFO  server.RaftServerConfigKeys (ConfUtils.java:logGet(43)) - raft.server.rpcslowness.timeout = 120s (custom)
2019-10-05 01:11:24,938 [pool-433-thread-1] INFO  server.RaftServerConfigKeys (ConfUtils.java:logGet(43)) - raft.server.sleep.deviation.threshold = 300 (default)
2019-10-05 01:11:24,938 [pool-433-thread-1] INFO  server.RaftServerConfigKeys (ConfUtils.java:logGet(43)) - raft.server.log.appender.install.snapshot.enabled = false (custom)
2019-10-05 01:11:24,938 [pool-433-thread-1] INFO  impl.RaftServerImpl (ServerState.java:<init>(103)) - 60e6f12e-5d6a-440d-a53d-add976405879@group-36983975A9F0: ConfigurationManager, init=-1: [60e6f12e-5d6a-440d-a53d-add976405879:192.168.151.105:39677], old=null, confs=<EMPTY_MAP>
2019-10-05 01:11:24,938 [pool-433-thread-1] INFO  server.RaftServerConfigKeys (ConfUtils.java:logGet(43)) - raft.server.storage.dir = [/workdir/hadoop-ozone/integration-test/target/test-dir/MiniOzoneClusterImpl-89e9bd69-a153-46b5-bae3-cb56c8e8ff2c/datanode-5/data/ratis] (custom)
2019-10-05 01:11:24,938 [pool-433-thread-1] INFO  server.RaftServerConfigKeys (ConfUtils.java:logGet(43)) - raft.server.log.corruption.policy = EXCEPTION (default)
2019-10-05 01:11:24,939 [pool-433-thread-1] INFO  storage.RaftStorageDirectory (RaftStorageDirectory.java:analyzeStorage(246)) - The storage directory /workdir/hadoop-ozone/integration-test/target/test-dir/MiniOzoneClusterImpl-89e9bd69-a153-46b5-bae3-cb56c8e8ff2c/datanode-5/data/ratis/d1dd4b1f-70a3-47b5-8e3b-36983975a9f0 does not exist. Creating ...
2019-10-05 01:11:24,951 [pool-433-thread-1] INFO  storage.RaftStorageDirectory (RaftStorageDirectory.java:tryLock(328)) - Lock on /workdir/hadoop-ozone/integration-test/target/test-dir/MiniOzoneClusterImpl-89e9bd69-a153-46b5-bae3-cb56c8e8ff2c/datanode-5/data/ratis/d1dd4b1f-70a3-47b5-8e3b-36983975a9f0/in_use.lock acquired by nodename 25491@pr-hdds-1986-f466r-3473100931
2019-10-05 01:11:24,964 [pool-433-thread-1] INFO  storage.RaftStorage (RaftStorage.java:format(84)) - Storage directory /workdir/hadoop-ozone/integration-test/target/test-dir/MiniOzoneClusterImpl-89e9bd69-a153-46b5-bae3-cb56c8e8ff2c/datanode-5/data/ratis/d1dd4b1f-70a3-47b5-8e3b-36983975a9f0 has been successfully formatted.
2019-10-05 01:11:24,964 [pool-433-thread-1] INFO  ratis.ContainerStateMachine (ContainerStateMachine.java:loadSnapshot(230)) - group-36983975A9F0: The snapshot info is null. Setting the last applied indexto:(t:0, i:~)
2019-10-05 01:11:24,964 [pool-433-thread-1] INFO  server.RaftServerConfigKeys (ConfUtils.java:logGet(43)) - raft.server.notification.no-leader.timeout = 120s (custom)
2019-10-05 01:11:24,964 [pool-433-thread-1] INFO  server.RaftServerConfigKeys (ConfUtils.java:logGet(43)) - raft.server.log.use.memory = false (default)
2019-10-05 01:11:24,965 [pool-433-thread-1] INFO  server.RaftServerConfigKeys (ConfUtils.java:logGet(43)) - raft.server.log.purge.gap = 1000000 (custom)
2019-10-05 01:11:24,965 [pool-433-thread-1] INFO  server.RaftServerConfigKeys (ConfUtils.java:logGet(43)) - raft.server.log.appender.buffer.byte-limit = 33554432 (custom)
2019-10-05 01:11:24,965 [pool-433-thread-1] INFO  server.RaftServerConfigKeys (ConfUtils.java:logGet(43)) - raft.server.log.segment.size.max = 1048576 (custom)
2019-10-05 01:11:24,967 [pool-433-thread-1] INFO  server.RaftServerConfigKeys (ConfUtils.java:logGet(43)) - raft.server.log.segment.cache.num.max = 2 (custom)
2019-10-05 01:11:24,967 [pool-433-thread-1] INFO  segmented.SegmentedRaftLogWorker (SegmentedRaftLogWorker.java:<init>(173)) - new 60e6f12e-5d6a-440d-a53d-add976405879@group-36983975A9F0-SegmentedRaftLogWorker for RaftStorage:Storage Directory /workdir/hadoop-ozone/integration-test/target/test-dir/MiniOzoneClusterImpl-89e9bd69-a153-46b5-bae3-cb56c8e8ff2c/datanode-5/data/ratis/d1dd4b1f-70a3-47b5-8e3b-36983975a9f0
2019-10-05 01:11:24,967 [pool-433-thread-1] INFO  server.RaftServerConfigKeys (ConfUtils.java:logGet(43)) - raft.server.log.queue.byte-limit = 2147483647 (custom)
2019-10-05 01:11:24,967 [pool-433-thread-1] INFO  server.RaftServerConfigKeys (ConfUtils.java:logGet(43)) - raft.server.log.queue.element-limit = 1024 (custom)
2019-10-05 01:11:24,968 [pool-433-thread-1] INFO  server.RaftServerConfigKeys (ConfUtils.java:logGet(43)) - raft.server.log.segment.size.max = 1048576 (custom)
2019-10-05 01:11:24,968 [pool-433-thread-1] INFO  server.RaftServerConfigKeys (ConfUtils.java:logGet(43)) - raft.server.log.preallocated.size = 16384 (custom)
2019-10-05 01:11:24,968 [pool-433-thread-1] INFO  server.RaftServerConfigKeys (ConfUtils.java:logGet(43)) - raft.server.log.write.buffer.size = 33554432 (custom)
2019-10-05 01:11:24,968 [pool-433-thread-1] INFO  server.RaftServerConfigKeys (ConfUtils.java:logGet(43)) - raft.server.log.force.sync.num = 128 (default)
2019-10-05 01:11:24,968 [pool-433-thread-1] INFO  server.RaftServerConfigKeys (ConfUtils.java:logGet(43)) - raft.server.log.statemachine.data.sync = true (default)
2019-10-05 01:11:24,968 [pool-433-thread-1] INFO  server.RaftServerConfigKeys (ConfUtils.java:logGet(43)) - raft.server.log.statemachine.data.sync.timeout = 10s (default)
2019-10-05 01:11:24,968 [pool-433-thread-1] INFO  server.RaftServerConfigKeys (ConfUtils.java:logGet(43)) - raft.server.log.statemachine.data.sync.timeout.retry = -1 (default)
2019-10-05 01:11:24,969 [pool-433-thread-1] INFO  server.RaftServerConfigKeys (ConfUtils.java:logGet(43)) - raft.server.log.statemachine.data.caching.enabled = true (custom)
2019-10-05 01:11:24,969 [pool-433-thread-1] INFO  segmented.SegmentedRaftLogWorker (SegmentedRaftLogWorker.java:lambda$new$0(128)) - 60e6f12e-5d6a-440d-a53d-add976405879@group-36983975A9F0-SegmentedRaftLogWorker: flushIndex: setUnconditionally 0 -> -1
2019-10-05 01:11:24,969 [pool-433-thread-1] INFO  server.RaftServerConfigKeys (ConfUtils.java:logGet(43)) - raft.server.snapshot.auto.trigger.enabled = true (custom)
2019-10-05 01:11:24,970 [pool-433-thread-1] INFO  server.RaftServerConfigKeys (ConfUtils.java:logGet(43)) - raft.server.snapshot.auto.trigger.threshold = 10000 (custom)
2019-10-05 01:11:24,970 [pool-433-thread-1] INFO  server.RaftServerConfigKeys (ConfUtils.java:logGet(43)) - raft.server.snapshot.retention.file.num = 5 (custom)
2019-10-05 01:11:24,970 [pool-433-thread-1] INFO  server.RaftServerConfigKeys (ConfUtils.java:logGet(43)) - raft.server.retrycache.expirytime = 600000ms (custom)
2019-10-05 01:11:24,972 [pool-433-thread-1] INFO  impl.RaftServerImpl (RaftServerImpl.java:start(181)) - 60e6f12e-5d6a-440d-a53d-add976405879@group-36983975A9F0: start as a follower, conf=-1: [60e6f12e-5d6a-440d-a53d-add976405879:192.168.151.105:39677], old=null
2019-10-05 01:11:24,972 [pool-433-thread-1] INFO  impl.RaftServerImpl (RaftServerImpl.java:setRole(170)) - 60e6f12e-5d6a-440d-a53d-add976405879@group-36983975A9F0: changes role from      null to FOLLOWER at term 0 for startAsFollower
2019-10-05 01:11:24,972 [pool-433-thread-1] INFO  impl.RoleInfo (RoleInfo.java:updateAndGet(143)) - 60e6f12e-5d6a-440d-a53d-add976405879: start FollowerState
2019-10-05 01:11:24,973 [pool-433-thread-1] INFO  util.JmxRegister (JmxRegister.java:tryRegister(44)) - Successfully registered JMX Bean with object name Ratis:service=RaftServer,group=group-36983975A9F0,id=60e6f12e-5d6a-440d-a53d-add976405879
2019-10-05 01:11:24,973 [main] INFO  ozone.MiniOzoneClusterImpl (MiniOzoneClusterImpl.java:lambda$waitForClusterToBeReady$0(147)) - Waiting for cluster to be ready. Got 6 of 7 DN Heartbeats.
2019-10-05 01:11:24,975 [IPC Server handler 2 on 45764] INFO  net.NetworkTopology (NetworkTopologyImpl.java:add(111)) - Added a new node: /default-rack/7594b30a-c57a-43b0-b891-3caa9c1c8e11
2019-10-05 01:11:24,975 [IPC Server handler 2 on 45764] INFO  node.SCMNodeManager (SCMNodeManager.java:register(268)) - Registered Data node : 7594b30a-c57a-43b0-b891-3caa9c1c8e11{ip: 192.168.151.105, host: pr-hdds-1986-f466r-3473100931, networkLocation: /default-rack, certSerialId: null}
2019-10-05 01:11:24,977 [RatisPipelineUtilsThread] INFO  pipeline.PipelineStateManager (PipelineStateManager.java:addPipeline(56)) - Created pipeline Pipeline[ Id: d1dd4b1f-70a3-47b5-8e3b-36983975a9f0, Nodes: 60e6f12e-5d6a-440d-a53d-add976405879{ip: 192.168.151.105, host: pr-hdds-1986-f466r-3473100931, networkLocation: /default-rack, certSerialId: null}, Type:RATIS, Factor:ONE, State:OPEN]
2019-10-05 01:11:24,990 [grpc-default-executor-6] INFO  impl.RaftServerProxy (RaftServerProxy.java:addNew(89)) - 7594b30a-c57a-43b0-b891-3caa9c1c8e11: addNew group-2F5ADEA4E372:[7594b30a-c57a-43b0-b891-3caa9c1c8e11:192.168.151.105:46524] returns group-2F5ADEA4E372:java.util.concurrent.CompletableFuture@1d43ec0[Not completed]
2019-10-05 01:11:24,991 [pool-443-thread-1] INFO  impl.RaftServerImpl (RaftServerImpl.java:<init>(95)) - 7594b30a-c57a-43b0-b891-3caa9c1c8e11: new RaftServerImpl for group-2F5ADEA4E372:[7594b30a-c57a-43b0-b891-3caa9c1c8e11:192.168.151.105:46524] with ContainerStateMachine:uninitialized
2019-10-05 01:11:24,991 [pool-443-thread-1] INFO  server.RaftServerConfigKeys (ConfUtils.java:logGet(43)) - raft.server.rpc.timeout.min = 5s (custom)
2019-10-05 01:11:24,992 [pool-443-thread-1] INFO  server.RaftServerConfigKeys (ConfUtils.java:logGet(43)) - raft.server.rpc.timeout.max = 5200ms (custom)
2019-10-05 01:11:24,992 [pool-443-thread-1] INFO  server.RaftServerConfigKeys (ConfUtils.java:logGet(43)) - raft.server.rpcslowness.timeout = 120s (custom)
2019-10-05 01:11:24,992 [pool-443-thread-1] INFO  server.RaftServerConfigKeys (ConfUtils.java:logGet(43)) - raft.server.sleep.deviation.threshold = 300 (default)
2019-10-05 01:11:24,992 [pool-443-thread-1] INFO  server.RaftServerConfigKeys (ConfUtils.java:logGet(43)) - raft.server.log.appender.install.snapshot.enabled = false (custom)
2019-10-05 01:11:24,992 [pool-443-thread-1] INFO  impl.RaftServerImpl (ServerState.java:<init>(103)) - 7594b30a-c57a-43b0-b891-3caa9c1c8e11@group-2F5ADEA4E372: ConfigurationManager, init=-1: [7594b30a-c57a-43b0-b891-3caa9c1c8e11:192.168.151.105:46524], old=null, confs=<EMPTY_MAP>
2019-10-05 01:11:24,992 [pool-443-thread-1] INFO  server.RaftServerConfigKeys (ConfUtils.java:logGet(43)) - raft.server.storage.dir = [/workdir/hadoop-ozone/integration-test/target/test-dir/MiniOzoneClusterImpl-89e9bd69-a153-46b5-bae3-cb56c8e8ff2c/datanode-6/data/ratis] (custom)
2019-10-05 01:11:24,992 [pool-443-thread-1] INFO  server.RaftServerConfigKeys (ConfUtils.java:logGet(43)) - raft.server.log.corruption.policy = EXCEPTION (default)
2019-10-05 01:11:24,992 [pool-443-thread-1] INFO  storage.RaftStorageDirectory (RaftStorageDirectory.java:analyzeStorage(246)) - The storage directory /workdir/hadoop-ozone/integration-test/target/test-dir/MiniOzoneClusterImpl-89e9bd69-a153-46b5-bae3-cb56c8e8ff2c/datanode-6/data/ratis/03faf15a-776c-4bd7-a53f-2f5adea4e372 does not exist. Creating ...
2019-10-05 01:11:25,005 [pool-443-thread-1] INFO  storage.RaftStorageDirectory (RaftStorageDirectory.java:tryLock(328)) - Lock on /workdir/hadoop-ozone/integration-test/target/test-dir/MiniOzoneClusterImpl-89e9bd69-a153-46b5-bae3-cb56c8e8ff2c/datanode-6/data/ratis/03faf15a-776c-4bd7-a53f-2f5adea4e372/in_use.lock acquired by nodename 25491@pr-hdds-1986-f466r-3473100931
2019-10-05 01:11:25,018 [pool-443-thread-1] INFO  storage.RaftStorage (RaftStorage.java:format(84)) - Storage directory /workdir/hadoop-ozone/integration-test/target/test-dir/MiniOzoneClusterImpl-89e9bd69-a153-46b5-bae3-cb56c8e8ff2c/datanode-6/data/ratis/03faf15a-776c-4bd7-a53f-2f5adea4e372 has been successfully formatted.
2019-10-05 01:11:25,018 [pool-443-thread-1] INFO  ratis.ContainerStateMachine (ContainerStateMachine.java:loadSnapshot(230)) - group-2F5ADEA4E372: The snapshot info is null. Setting the last applied indexto:(t:0, i:~)
2019-10-05 01:11:25,018 [pool-443-thread-1] INFO  server.RaftServerConfigKeys (ConfUtils.java:logGet(43)) - raft.server.notification.no-leader.timeout = 120s (custom)
2019-10-05 01:11:25,019 [pool-443-thread-1] INFO  server.RaftServerConfigKeys (ConfUtils.java:logGet(43)) - raft.server.log.use.memory = false (default)
2019-10-05 01:11:25,019 [pool-443-thread-1] INFO  server.RaftServerConfigKeys (ConfUtils.java:logGet(43)) - raft.server.log.purge.gap = 1000000 (custom)
2019-10-05 01:11:25,019 [pool-443-thread-1] INFO  server.RaftServerConfigKeys (ConfUtils.java:logGet(43)) - raft.server.log.appender.buffer.byte-limit = 33554432 (custom)
2019-10-05 01:11:25,019 [pool-443-thread-1] INFO  server.RaftServerConfigKeys (ConfUtils.java:logGet(43)) - raft.server.log.segment.size.max = 1048576 (custom)
2019-10-05 01:11:25,020 [pool-443-thread-1] INFO  server.RaftServerConfigKeys (ConfUtils.java:logGet(43)) - raft.server.log.segment.cache.num.max = 2 (custom)
2019-10-05 01:11:25,020 [pool-443-thread-1] INFO  segmented.SegmentedRaftLogWorker (SegmentedRaftLogWorker.java:<init>(173)) - new 7594b30a-c57a-43b0-b891-3caa9c1c8e11@group-2F5ADEA4E372-SegmentedRaftLogWorker for RaftStorage:Storage Directory /workdir/hadoop-ozone/integration-test/target/test-dir/MiniOzoneClusterImpl-89e9bd69-a153-46b5-bae3-cb56c8e8ff2c/datanode-6/data/ratis/03faf15a-776c-4bd7-a53f-2f5adea4e372
2019-10-05 01:11:25,020 [pool-443-thread-1] INFO  server.RaftServerConfigKeys (ConfUtils.java:logGet(43)) - raft.server.log.queue.byte-limit = 2147483647 (custom)
2019-10-05 01:11:25,020 [pool-443-thread-1] INFO  server.RaftServerConfigKeys (ConfUtils.java:logGet(43)) - raft.server.log.queue.element-limit = 1024 (custom)
2019-10-05 01:11:25,021 [pool-443-thread-1] INFO  server.RaftServerConfigKeys (ConfUtils.java:logGet(43)) - raft.server.log.segment.size.max = 1048576 (custom)
2019-10-05 01:11:25,021 [pool-443-thread-1] INFO  server.RaftServerConfigKeys (ConfUtils.java:logGet(43)) - raft.server.log.preallocated.size = 16384 (custom)
2019-10-05 01:11:25,021 [pool-443-thread-1] INFO  server.RaftServerConfigKeys (ConfUtils.java:logGet(43)) - raft.server.log.write.buffer.size = 33554432 (custom)
2019-10-05 01:11:25,021 [pool-443-thread-1] INFO  server.RaftServerConfigKeys (ConfUtils.java:logGet(43)) - raft.server.log.force.sync.num = 128 (default)
2019-10-05 01:11:25,021 [pool-443-thread-1] INFO  server.RaftServerConfigKeys (ConfUtils.java:logGet(43)) - raft.server.log.statemachine.data.sync = true (default)
2019-10-05 01:11:25,021 [pool-443-thread-1] INFO  server.RaftServerConfigKeys (ConfUtils.java:logGet(43)) - raft.server.log.statemachine.data.sync.timeout = 10s (default)
2019-10-05 01:11:25,021 [pool-443-thread-1] INFO  server.RaftServerConfigKeys (ConfUtils.java:logGet(43)) - raft.server.log.statemachine.data.sync.timeout.retry = -1 (default)
2019-10-05 01:11:25,021 [pool-443-thread-1] INFO  server.RaftServerConfigKeys (ConfUtils.java:logGet(43)) - raft.server.log.statemachine.data.caching.enabled = true (custom)
2019-10-05 01:11:25,022 [pool-443-thread-1] INFO  segmented.SegmentedRaftLogWorker (SegmentedRaftLogWorker.java:lambda$new$0(128)) - 7594b30a-c57a-43b0-b891-3caa9c1c8e11@group-2F5ADEA4E372-SegmentedRaftLogWorker: flushIndex: setUnconditionally 0 -> -1
2019-10-05 01:11:25,022 [pool-443-thread-1] INFO  server.RaftServerConfigKeys (ConfUtils.java:logGet(43)) - raft.server.snapshot.auto.trigger.enabled = true (custom)
2019-10-05 01:11:25,022 [pool-443-thread-1] INFO  server.RaftServerConfigKeys (ConfUtils.java:logGet(43)) - raft.server.snapshot.auto.trigger.threshold = 10000 (custom)
2019-10-05 01:11:25,022 [pool-443-thread-1] INFO  server.RaftServerConfigKeys (ConfUtils.java:logGet(43)) - raft.server.snapshot.retention.file.num = 5 (custom)
2019-10-05 01:11:25,022 [pool-443-thread-1] INFO  server.RaftServerConfigKeys (ConfUtils.java:logGet(43)) - raft.server.retrycache.expirytime = 600000ms (custom)
2019-10-05 01:11:25,023 [pool-443-thread-1] INFO  impl.RaftServerImpl (RaftServerImpl.java:start(181)) - 7594b30a-c57a-43b0-b891-3caa9c1c8e11@group-2F5ADEA4E372: start as a follower, conf=-1: [7594b30a-c57a-43b0-b891-3caa9c1c8e11:192.168.151.105:46524], old=null
2019-10-05 01:11:25,023 [pool-443-thread-1] INFO  impl.RaftServerImpl (RaftServerImpl.java:setRole(170)) - 7594b30a-c57a-43b0-b891-3caa9c1c8e11@group-2F5ADEA4E372: changes role from      null to FOLLOWER at term 0 for startAsFollower
2019-10-05 01:11:25,023 [pool-443-thread-1] INFO  impl.RoleInfo (RoleInfo.java:updateAndGet(143)) - 7594b30a-c57a-43b0-b891-3caa9c1c8e11: start FollowerState
2019-10-05 01:11:25,024 [pool-443-thread-1] INFO  util.JmxRegister (JmxRegister.java:tryRegister(44)) - Successfully registered JMX Bean with object name Ratis:service=RaftServer,group=group-2F5ADEA4E372,id=7594b30a-c57a-43b0-b891-3caa9c1c8e11
2019-10-05 01:11:25,027 [RatisPipelineUtilsThread] INFO  pipeline.PipelineStateManager (PipelineStateManager.java:addPipeline(56)) - Created pipeline Pipeline[ Id: 03faf15a-776c-4bd7-a53f-2f5adea4e372, Nodes: 7594b30a-c57a-43b0-b891-3caa9c1c8e11{ip: 192.168.151.105, host: pr-hdds-1986-f466r-3473100931, networkLocation: /default-rack, certSerialId: null}, Type:RATIS, Factor:ONE, State:OPEN]
2019-10-05 01:11:25,055 [grpc-default-executor-3] INFO  impl.RaftServerProxy (RaftServerProxy.java:addNew(89)) - 60e6f12e-5d6a-440d-a53d-add976405879: addNew group-35C619D91BDB:[32295ca9-a6a1-49e3-9af3-cbfbe785534d:192.168.151.105:34745, 7594b30a-c57a-43b0-b891-3caa9c1c8e11:192.168.151.105:46524, 60e6f12e-5d6a-440d-a53d-add976405879:192.168.151.105:39677] returns group-35C619D91BDB:java.util.concurrent.CompletableFuture@5a24f441[Not completed]
2019-10-05 01:11:25,055 [grpc-default-executor-6] INFO  impl.RaftServerProxy (RaftServerProxy.java:addNew(89)) - 7594b30a-c57a-43b0-b891-3caa9c1c8e11: addNew group-35C619D91BDB:[32295ca9-a6a1-49e3-9af3-cbfbe785534d:192.168.151.105:34745, 7594b30a-c57a-43b0-b891-3caa9c1c8e11:192.168.151.105:46524, 60e6f12e-5d6a-440d-a53d-add976405879:192.168.151.105:39677] returns group-35C619D91BDB:java.util.concurrent.CompletableFuture@5a799a3c[Not completed]
2019-10-05 01:11:25,055 [grpc-default-executor-4] INFO  impl.RaftServerProxy (RaftServerProxy.java:addNew(89)) - 32295ca9-a6a1-49e3-9af3-cbfbe785534d: addNew group-35C619D91BDB:[32295ca9-a6a1-49e3-9af3-cbfbe785534d:192.168.151.105:34745, 7594b30a-c57a-43b0-b891-3caa9c1c8e11:192.168.151.105:46524, 60e6f12e-5d6a-440d-a53d-add976405879:192.168.151.105:39677] returns group-35C619D91BDB:java.util.concurrent.CompletableFuture@58e8563f[Not completed]
2019-10-05 01:11:25,056 [pool-413-thread-1] INFO  impl.RaftServerImpl (RaftServerImpl.java:<init>(95)) - 32295ca9-a6a1-49e3-9af3-cbfbe785534d: new RaftServerImpl for group-35C619D91BDB:[32295ca9-a6a1-49e3-9af3-cbfbe785534d:192.168.151.105:34745, 7594b30a-c57a-43b0-b891-3caa9c1c8e11:192.168.151.105:46524, 60e6f12e-5d6a-440d-a53d-add976405879:192.168.151.105:39677] with ContainerStateMachine:uninitialized
2019-10-05 01:11:25,056 [pool-413-thread-1] INFO  server.RaftServerConfigKeys (ConfUtils.java:logGet(43)) - raft.server.rpc.timeout.min = 5s (custom)
2019-10-05 01:11:25,056 [pool-413-thread-1] INFO  server.RaftServerConfigKeys (ConfUtils.java:logGet(43)) - raft.server.rpc.timeout.max = 5200ms (custom)
2019-10-05 01:11:25,057 [pool-413-thread-1] INFO  server.RaftServerConfigKeys (ConfUtils.java:logGet(43)) - raft.server.rpcslowness.timeout = 120s (custom)
2019-10-05 01:11:25,057 [pool-413-thread-1] INFO  server.RaftServerConfigKeys (ConfUtils.java:logGet(43)) - raft.server.sleep.deviation.threshold = 300 (default)
2019-10-05 01:11:25,057 [pool-443-thread-1] INFO  impl.RaftServerImpl (RaftServerImpl.java:<init>(95)) - 7594b30a-c57a-43b0-b891-3caa9c1c8e11: new RaftServerImpl for group-35C619D91BDB:[32295ca9-a6a1-49e3-9af3-cbfbe785534d:192.168.151.105:34745, 7594b30a-c57a-43b0-b891-3caa9c1c8e11:192.168.151.105:46524, 60e6f12e-5d6a-440d-a53d-add976405879:192.168.151.105:39677] with ContainerStateMachine:uninitialized
2019-10-05 01:11:25,057 [pool-413-thread-1] INFO  server.RaftServerConfigKeys (ConfUtils.java:logGet(43)) - raft.server.log.appender.install.snapshot.enabled = false (custom)
2019-10-05 01:11:25,057 [pool-443-thread-1] INFO  server.RaftServerConfigKeys (ConfUtils.java:logGet(43)) - raft.server.rpc.timeout.min = 5s (custom)
2019-10-05 01:11:25,057 [pool-413-thread-1] INFO  impl.RaftServerImpl (ServerState.java:<init>(103)) - 32295ca9-a6a1-49e3-9af3-cbfbe785534d@group-35C619D91BDB: ConfigurationManager, init=-1: [32295ca9-a6a1-49e3-9af3-cbfbe785534d:192.168.151.105:34745, 7594b30a-c57a-43b0-b891-3caa9c1c8e11:192.168.151.105:46524, 60e6f12e-5d6a-440d-a53d-add976405879:192.168.151.105:39677], old=null, confs=<EMPTY_MAP>
2019-10-05 01:11:25,057 [pool-443-thread-1] INFO  server.RaftServerConfigKeys (ConfUtils.java:logGet(43)) - raft.server.rpc.timeout.max = 5200ms (custom)
2019-10-05 01:11:25,057 [pool-433-thread-1] INFO  impl.RaftServerImpl (RaftServerImpl.java:<init>(95)) - 60e6f12e-5d6a-440d-a53d-add976405879: new RaftServerImpl for group-35C619D91BDB:[32295ca9-a6a1-49e3-9af3-cbfbe785534d:192.168.151.105:34745, 7594b30a-c57a-43b0-b891-3caa9c1c8e11:192.168.151.105:46524, 60e6f12e-5d6a-440d-a53d-add976405879:192.168.151.105:39677] with ContainerStateMachine:uninitialized
2019-10-05 01:11:25,058 [pool-443-thread-1] INFO  server.RaftServerConfigKeys (ConfUtils.java:logGet(43)) - raft.server.rpcslowness.timeout = 120s (custom)
2019-10-05 01:11:25,057 [pool-413-thread-1] INFO  server.RaftServerConfigKeys (ConfUtils.java:logGet(43)) - raft.server.storage.dir = [/workdir/hadoop-ozone/integration-test/target/test-dir/MiniOzoneClusterImpl-89e9bd69-a153-46b5-bae3-cb56c8e8ff2c/datanode-3/data/ratis] (custom)
2019-10-05 01:11:25,058 [pool-443-thread-1] INFO  server.RaftServerConfigKeys (ConfUtils.java:logGet(43)) - raft.server.sleep.deviation.threshold = 300 (default)
2019-10-05 01:11:25,058 [pool-433-thread-1] INFO  server.RaftServerConfigKeys (ConfUtils.java:logGet(43)) - raft.server.rpc.timeout.min = 5s (custom)
2019-10-05 01:11:25,058 [pool-413-thread-1] INFO  server.RaftServerConfigKeys (ConfUtils.java:logGet(43)) - raft.server.log.corruption.policy = EXCEPTION (default)
2019-10-05 01:11:25,058 [pool-443-thread-1] INFO  server.RaftServerConfigKeys (ConfUtils.java:logGet(43)) - raft.server.log.appender.install.snapshot.enabled = false (custom)
2019-10-05 01:11:25,058 [pool-413-thread-1] INFO  storage.RaftStorageDirectory (RaftStorageDirectory.java:analyzeStorage(246)) - The storage directory /workdir/hadoop-ozone/integration-test/target/test-dir/MiniOzoneClusterImpl-89e9bd69-a153-46b5-bae3-cb56c8e8ff2c/datanode-3/data/ratis/3ee8b7db-00c8-4e36-8e46-35c619d91bdb does not exist. Creating ...
2019-10-05 01:11:25,058 [pool-433-thread-1] INFO  server.RaftServerConfigKeys (ConfUtils.java:logGet(43)) - raft.server.rpc.timeout.max = 5200ms (custom)
2019-10-05 01:11:25,058 [pool-443-thread-1] INFO  impl.RaftServerImpl (ServerState.java:<init>(103)) - 7594b30a-c57a-43b0-b891-3caa9c1c8e11@group-35C619D91BDB: ConfigurationManager, init=-1: [32295ca9-a6a1-49e3-9af3-cbfbe785534d:192.168.151.105:34745, 7594b30a-c57a-43b0-b891-3caa9c1c8e11:192.168.151.105:46524, 60e6f12e-5d6a-440d-a53d-add976405879:192.168.151.105:39677], old=null, confs=<EMPTY_MAP>
2019-10-05 01:11:25,059 [pool-433-thread-1] INFO  server.RaftServerConfigKeys (ConfUtils.java:logGet(43)) - raft.server.rpcslowness.timeout = 120s (custom)
2019-10-05 01:11:25,059 [pool-443-thread-1] INFO  server.RaftServerConfigKeys (ConfUtils.java:logGet(43)) - raft.server.storage.dir = [/workdir/hadoop-ozone/integration-test/target/test-dir/MiniOzoneClusterImpl-89e9bd69-a153-46b5-bae3-cb56c8e8ff2c/datanode-6/data/ratis] (custom)
2019-10-05 01:11:25,059 [pool-433-thread-1] INFO  server.RaftServerConfigKeys (ConfUtils.java:logGet(43)) - raft.server.sleep.deviation.threshold = 300 (default)
2019-10-05 01:11:25,059 [pool-433-thread-1] INFO  server.RaftServerConfigKeys (ConfUtils.java:logGet(43)) - raft.server.log.appender.install.snapshot.enabled = false (custom)
2019-10-05 01:11:25,059 [pool-443-thread-1] INFO  server.RaftServerConfigKeys (ConfUtils.java:logGet(43)) - raft.server.log.corruption.policy = EXCEPTION (default)
2019-10-05 01:11:25,059 [pool-433-thread-1] INFO  impl.RaftServerImpl (ServerState.java:<init>(103)) - 60e6f12e-5d6a-440d-a53d-add976405879@group-35C619D91BDB: ConfigurationManager, init=-1: [32295ca9-a6a1-49e3-9af3-cbfbe785534d:192.168.151.105:34745, 7594b30a-c57a-43b0-b891-3caa9c1c8e11:192.168.151.105:46524, 60e6f12e-5d6a-440d-a53d-add976405879:192.168.151.105:39677], old=null, confs=<EMPTY_MAP>
2019-10-05 01:11:25,060 [pool-443-thread-1] INFO  storage.RaftStorageDirectory (RaftStorageDirectory.java:analyzeStorage(246)) - The storage directory /workdir/hadoop-ozone/integration-test/target/test-dir/MiniOzoneClusterImpl-89e9bd69-a153-46b5-bae3-cb56c8e8ff2c/datanode-6/data/ratis/3ee8b7db-00c8-4e36-8e46-35c619d91bdb does not exist. Creating ...
2019-10-05 01:11:25,060 [pool-433-thread-1] INFO  server.RaftServerConfigKeys (ConfUtils.java:logGet(43)) - raft.server.storage.dir = [/workdir/hadoop-ozone/integration-test/target/test-dir/MiniOzoneClusterImpl-89e9bd69-a153-46b5-bae3-cb56c8e8ff2c/datanode-5/data/ratis] (custom)
2019-10-05 01:11:25,060 [pool-433-thread-1] INFO  server.RaftServerConfigKeys (ConfUtils.java:logGet(43)) - raft.server.log.corruption.policy = EXCEPTION (default)
2019-10-05 01:11:25,060 [pool-433-thread-1] INFO  storage.RaftStorageDirectory (RaftStorageDirectory.java:analyzeStorage(246)) - The storage directory /workdir/hadoop-ozone/integration-test/target/test-dir/MiniOzoneClusterImpl-89e9bd69-a153-46b5-bae3-cb56c8e8ff2c/datanode-5/data/ratis/3ee8b7db-00c8-4e36-8e46-35c619d91bdb does not exist. Creating ...
2019-10-05 01:11:25,072 [pool-443-thread-1] INFO  storage.RaftStorageDirectory (RaftStorageDirectory.java:tryLock(328)) - Lock on /workdir/hadoop-ozone/integration-test/target/test-dir/MiniOzoneClusterImpl-89e9bd69-a153-46b5-bae3-cb56c8e8ff2c/datanode-6/data/ratis/3ee8b7db-00c8-4e36-8e46-35c619d91bdb/in_use.lock acquired by nodename 25491@pr-hdds-1986-f466r-3473100931
2019-10-05 01:11:25,072 [pool-433-thread-1] INFO  storage.RaftStorageDirectory (RaftStorageDirectory.java:tryLock(328)) - Lock on /workdir/hadoop-ozone/integration-test/target/test-dir/MiniOzoneClusterImpl-89e9bd69-a153-46b5-bae3-cb56c8e8ff2c/datanode-5/data/ratis/3ee8b7db-00c8-4e36-8e46-35c619d91bdb/in_use.lock acquired by nodename 25491@pr-hdds-1986-f466r-3473100931
2019-10-05 01:11:25,072 [pool-413-thread-1] INFO  storage.RaftStorageDirectory (RaftStorageDirectory.java:tryLock(328)) - Lock on /workdir/hadoop-ozone/integration-test/target/test-dir/MiniOzoneClusterImpl-89e9bd69-a153-46b5-bae3-cb56c8e8ff2c/datanode-3/data/ratis/3ee8b7db-00c8-4e36-8e46-35c619d91bdb/in_use.lock acquired by nodename 25491@pr-hdds-1986-f466r-3473100931
2019-10-05 01:11:25,086 [pool-413-thread-1] INFO  storage.RaftStorage (RaftStorage.java:format(84)) - Storage directory /workdir/hadoop-ozone/integration-test/target/test-dir/MiniOzoneClusterImpl-89e9bd69-a153-46b5-bae3-cb56c8e8ff2c/datanode-3/data/ratis/3ee8b7db-00c8-4e36-8e46-35c619d91bdb has been successfully formatted.
2019-10-05 01:11:25,086 [pool-443-thread-1] INFO  storage.RaftStorage (RaftStorage.java:format(84)) - Storage directory /workdir/hadoop-ozone/integration-test/target/test-dir/MiniOzoneClusterImpl-89e9bd69-a153-46b5-bae3-cb56c8e8ff2c/datanode-6/data/ratis/3ee8b7db-00c8-4e36-8e46-35c619d91bdb has been successfully formatted.
2019-10-05 01:11:25,086 [pool-433-thread-1] INFO  storage.RaftStorage (RaftStorage.java:format(84)) - Storage directory /workdir/hadoop-ozone/integration-test/target/test-dir/MiniOzoneClusterImpl-89e9bd69-a153-46b5-bae3-cb56c8e8ff2c/datanode-5/data/ratis/3ee8b7db-00c8-4e36-8e46-35c619d91bdb has been successfully formatted.
2019-10-05 01:11:25,086 [pool-443-thread-1] INFO  ratis.ContainerStateMachine (ContainerStateMachine.java:loadSnapshot(230)) - group-35C619D91BDB: The snapshot info is null. Setting the last applied indexto:(t:0, i:~)
2019-10-05 01:11:25,086 [pool-413-thread-1] INFO  ratis.ContainerStateMachine (ContainerStateMachine.java:loadSnapshot(230)) - group-35C619D91BDB: The snapshot info is null. Setting the last applied indexto:(t:0, i:~)
2019-10-05 01:11:25,087 [pool-443-thread-1] INFO  server.RaftServerConfigKeys (ConfUtils.java:logGet(43)) - raft.server.notification.no-leader.timeout = 120s (custom)
2019-10-05 01:11:25,087 [pool-433-thread-1] INFO  ratis.ContainerStateMachine (ContainerStateMachine.java:loadSnapshot(230)) - group-35C619D91BDB: The snapshot info is null. Setting the last applied indexto:(t:0, i:~)
2019-10-05 01:11:25,087 [pool-443-thread-1] INFO  server.RaftServerConfigKeys (ConfUtils.java:logGet(43)) - raft.server.log.use.memory = false (default)
2019-10-05 01:11:25,087 [pool-413-thread-1] INFO  server.RaftServerConfigKeys (ConfUtils.java:logGet(43)) - raft.server.notification.no-leader.timeout = 120s (custom)
2019-10-05 01:11:25,087 [pool-443-thread-1] INFO  server.RaftServerConfigKeys (ConfUtils.java:logGet(43)) - raft.server.log.purge.gap = 1000000 (custom)
2019-10-05 01:11:25,087 [pool-443-thread-1] INFO  server.RaftServerConfigKeys (ConfUtils.java:logGet(43)) - raft.server.log.appender.buffer.byte-limit = 33554432 (custom)
2019-10-05 01:11:25,087 [pool-433-thread-1] INFO  server.RaftServerConfigKeys (ConfUtils.java:logGet(43)) - raft.server.notification.no-leader.timeout = 120s (custom)
2019-10-05 01:11:25,088 [pool-443-thread-1] INFO  server.RaftServerConfigKeys (ConfUtils.java:logGet(43)) - raft.server.log.segment.size.max = 1048576 (custom)
2019-10-05 01:11:25,087 [pool-413-thread-1] INFO  server.RaftServerConfigKeys (ConfUtils.java:logGet(43)) - raft.server.log.use.memory = false (default)
2019-10-05 01:11:25,088 [pool-443-thread-1] INFO  server.RaftServerConfigKeys (ConfUtils.java:logGet(43)) - raft.server.log.segment.cache.num.max = 2 (custom)
2019-10-05 01:11:25,088 [pool-433-thread-1] INFO  server.RaftServerConfigKeys (ConfUtils.java:logGet(43)) - raft.server.log.use.memory = false (default)
2019-10-05 01:11:25,088 [pool-443-thread-1] INFO  segmented.SegmentedRaftLogWorker (SegmentedRaftLogWorker.java:<init>(173)) - new 7594b30a-c57a-43b0-b891-3caa9c1c8e11@group-35C619D91BDB-SegmentedRaftLogWorker for RaftStorage:Storage Directory /workdir/hadoop-ozone/integration-test/target/test-dir/MiniOzoneClusterImpl-89e9bd69-a153-46b5-bae3-cb56c8e8ff2c/datanode-6/data/ratis/3ee8b7db-00c8-4e36-8e46-35c619d91bdb
2019-10-05 01:11:25,088 [pool-413-thread-1] INFO  server.RaftServerConfigKeys (ConfUtils.java:logGet(43)) - raft.server.log.purge.gap = 1000000 (custom)
2019-10-05 01:11:25,088 [pool-443-thread-1] INFO  server.RaftServerConfigKeys (ConfUtils.java:logGet(43)) - raft.server.log.queue.byte-limit = 2147483647 (custom)
2019-10-05 01:11:25,088 [pool-433-thread-1] INFO  server.RaftServerConfigKeys (ConfUtils.java:logGet(43)) - raft.server.log.purge.gap = 1000000 (custom)
2019-10-05 01:11:25,089 [pool-443-thread-1] INFO  server.RaftServerConfigKeys (ConfUtils.java:logGet(43)) - raft.server.log.queue.element-limit = 1024 (custom)
2019-10-05 01:11:25,088 [pool-413-thread-1] INFO  server.RaftServerConfigKeys (ConfUtils.java:logGet(43)) - raft.server.log.appender.buffer.byte-limit = 33554432 (custom)
2019-10-05 01:11:25,089 [pool-443-thread-1] INFO  server.RaftServerConfigKeys (ConfUtils.java:logGet(43)) - raft.server.log.segment.size.max = 1048576 (custom)
2019-10-05 01:11:25,089 [pool-433-thread-1] INFO  server.RaftServerConfigKeys (ConfUtils.java:logGet(43)) - raft.server.log.appender.buffer.byte-limit = 33554432 (custom)
2019-10-05 01:11:25,089 [pool-443-thread-1] INFO  server.RaftServerConfigKeys (ConfUtils.java:logGet(43)) - raft.server.log.preallocated.size = 16384 (custom)
2019-10-05 01:11:25,089 [pool-413-thread-1] INFO  server.RaftServerConfigKeys (ConfUtils.java:logGet(43)) - raft.server.log.segment.size.max = 1048576 (custom)
2019-10-05 01:11:25,089 [pool-443-thread-1] INFO  server.RaftServerConfigKeys (ConfUtils.java:logGet(43)) - raft.server.log.write.buffer.size = 33554432 (custom)
2019-10-05 01:11:25,089 [pool-433-thread-1] INFO  server.RaftServerConfigKeys (ConfUtils.java:logGet(43)) - raft.server.log.segment.size.max = 1048576 (custom)
2019-10-05 01:11:25,090 [pool-443-thread-1] INFO  server.RaftServerConfigKeys (ConfUtils.java:logGet(43)) - raft.server.log.force.sync.num = 128 (default)
2019-10-05 01:11:25,090 [pool-413-thread-1] INFO  server.RaftServerConfigKeys (ConfUtils.java:logGet(43)) - raft.server.log.segment.cache.num.max = 2 (custom)
2019-10-05 01:11:25,090 [pool-443-thread-1] INFO  server.RaftServerConfigKeys (ConfUtils.java:logGet(43)) - raft.server.log.statemachine.data.sync = true (default)
2019-10-05 01:11:25,090 [pool-433-thread-1] INFO  server.RaftServerConfigKeys (ConfUtils.java:logGet(43)) - raft.server.log.segment.cache.num.max = 2 (custom)
2019-10-05 01:11:25,090 [pool-443-thread-1] INFO  server.RaftServerConfigKeys (ConfUtils.java:logGet(43)) - raft.server.log.statemachine.data.sync.timeout = 10s (default)
2019-10-05 01:11:25,090 [pool-413-thread-1] INFO  segmented.SegmentedRaftLogWorker (SegmentedRaftLogWorker.java:<init>(173)) - new 32295ca9-a6a1-49e3-9af3-cbfbe785534d@group-35C619D91BDB-SegmentedRaftLogWorker for RaftStorage:Storage Directory /workdir/hadoop-ozone/integration-test/target/test-dir/MiniOzoneClusterImpl-89e9bd69-a153-46b5-bae3-cb56c8e8ff2c/datanode-3/data/ratis/3ee8b7db-00c8-4e36-8e46-35c619d91bdb
2019-10-05 01:11:25,091 [pool-443-thread-1] INFO  server.RaftServerConfigKeys (ConfUtils.java:logGet(43)) - raft.server.log.statemachine.data.sync.timeout.retry = -1 (default)
2019-10-05 01:11:25,090 [pool-433-thread-1] INFO  segmented.SegmentedRaftLogWorker (SegmentedRaftLogWorker.java:<init>(173)) - new 60e6f12e-5d6a-440d-a53d-add976405879@group-35C619D91BDB-SegmentedRaftLogWorker for RaftStorage:Storage Directory /workdir/hadoop-ozone/integration-test/target/test-dir/MiniOzoneClusterImpl-89e9bd69-a153-46b5-bae3-cb56c8e8ff2c/datanode-5/data/ratis/3ee8b7db-00c8-4e36-8e46-35c619d91bdb
2019-10-05 01:11:25,091 [pool-443-thread-1] INFO  server.RaftServerConfigKeys (ConfUtils.java:logGet(43)) - raft.server.log.statemachine.data.caching.enabled = true (custom)
2019-10-05 01:11:25,091 [pool-413-thread-1] INFO  server.RaftServerConfigKeys (ConfUtils.java:logGet(43)) - raft.server.log.queue.byte-limit = 2147483647 (custom)
2019-10-05 01:11:25,091 [pool-433-thread-1] INFO  server.RaftServerConfigKeys (ConfUtils.java:logGet(43)) - raft.server.log.queue.byte-limit = 2147483647 (custom)
2019-10-05 01:11:25,091 [pool-443-thread-1] INFO  segmented.SegmentedRaftLogWorker (SegmentedRaftLogWorker.java:lambda$new$0(128)) - 7594b30a-c57a-43b0-b891-3caa9c1c8e11@group-35C619D91BDB-SegmentedRaftLogWorker: flushIndex: setUnconditionally 0 -> -1
2019-10-05 01:11:25,091 [pool-413-thread-1] INFO  server.RaftServerConfigKeys (ConfUtils.java:logGet(43)) - raft.server.log.queue.element-limit = 1024 (custom)
2019-10-05 01:11:25,091 [pool-433-thread-1] INFO  server.RaftServerConfigKeys (ConfUtils.java:logGet(43)) - raft.server.log.queue.element-limit = 1024 (custom)
2019-10-05 01:11:25,092 [pool-443-thread-1] INFO  server.RaftServerConfigKeys (ConfUtils.java:logGet(43)) - raft.server.snapshot.auto.trigger.enabled = true (custom)
2019-10-05 01:11:25,092 [pool-413-thread-1] INFO  server.RaftServerConfigKeys (ConfUtils.java:logGet(43)) - raft.server.log.segment.size.max = 1048576 (custom)
2019-10-05 01:11:25,092 [pool-443-thread-1] INFO  server.RaftServerConfigKeys (ConfUtils.java:logGet(43)) - raft.server.snapshot.auto.trigger.threshold = 10000 (custom)
2019-10-05 01:11:25,092 [pool-433-thread-1] INFO  server.RaftServerConfigKeys (ConfUtils.java:logGet(43)) - raft.server.log.segment.size.max = 1048576 (custom)
2019-10-05 01:11:25,092 [pool-443-thread-1] INFO  server.RaftServerConfigKeys (ConfUtils.java:logGet(43)) - raft.server.snapshot.retention.file.num = 5 (custom)
2019-10-05 01:11:25,092 [pool-413-thread-1] INFO  server.RaftServerConfigKeys (ConfUtils.java:logGet(43)) - raft.server.log.preallocated.size = 16384 (custom)
2019-10-05 01:11:25,092 [pool-443-thread-1] INFO  server.RaftServerConfigKeys (ConfUtils.java:logGet(43)) - raft.server.retrycache.expirytime = 600000ms (custom)
2019-10-05 01:11:25,092 [pool-433-thread-1] INFO  server.RaftServerConfigKeys (ConfUtils.java:logGet(43)) - raft.server.log.preallocated.size = 16384 (custom)
2019-10-05 01:11:25,092 [pool-413-thread-1] INFO  server.RaftServerConfigKeys (ConfUtils.java:logGet(43)) - raft.server.log.write.buffer.size = 33554432 (custom)
2019-10-05 01:11:25,093 [pool-433-thread-1] INFO  server.RaftServerConfigKeys (ConfUtils.java:logGet(43)) - raft.server.log.write.buffer.size = 33554432 (custom)
2019-10-05 01:11:25,093 [pool-413-thread-1] INFO  server.RaftServerConfigKeys (ConfUtils.java:logGet(43)) - raft.server.log.force.sync.num = 128 (default)
2019-10-05 01:11:25,093 [pool-433-thread-1] INFO  server.RaftServerConfigKeys (ConfUtils.java:logGet(43)) - raft.server.log.force.sync.num = 128 (default)
2019-10-05 01:11:25,093 [pool-413-thread-1] INFO  server.RaftServerConfigKeys (ConfUtils.java:logGet(43)) - raft.server.log.statemachine.data.sync = true (default)
2019-10-05 01:11:25,093 [pool-433-thread-1] INFO  server.RaftServerConfigKeys (ConfUtils.java:logGet(43)) - raft.server.log.statemachine.data.sync = true (default)
2019-10-05 01:11:25,093 [pool-413-thread-1] INFO  server.RaftServerConfigKeys (ConfUtils.java:logGet(43)) - raft.server.log.statemachine.data.sync.timeout = 10s (default)
2019-10-05 01:11:25,093 [pool-433-thread-1] INFO  server.RaftServerConfigKeys (ConfUtils.java:logGet(43)) - raft.server.log.statemachine.data.sync.timeout = 10s (default)
2019-10-05 01:11:25,094 [pool-413-thread-1] INFO  server.RaftServerConfigKeys (ConfUtils.java:logGet(43)) - raft.server.log.statemachine.data.sync.timeout.retry = -1 (default)
2019-10-05 01:11:25,094 [pool-433-thread-1] INFO  server.RaftServerConfigKeys (ConfUtils.java:logGet(43)) - raft.server.log.statemachine.data.sync.timeout.retry = -1 (default)
2019-10-05 01:11:25,094 [pool-413-thread-1] INFO  server.RaftServerConfigKeys (ConfUtils.java:logGet(43)) - raft.server.log.statemachine.data.caching.enabled = true (custom)
2019-10-05 01:11:25,094 [pool-433-thread-1] INFO  server.RaftServerConfigKeys (ConfUtils.java:logGet(43)) - raft.server.log.statemachine.data.caching.enabled = true (custom)
2019-10-05 01:11:25,094 [pool-443-thread-1] INFO  impl.RaftServerImpl (RaftServerImpl.java:start(181)) - 7594b30a-c57a-43b0-b891-3caa9c1c8e11@group-35C619D91BDB: start as a follower, conf=-1: [32295ca9-a6a1-49e3-9af3-cbfbe785534d:192.168.151.105:34745, 7594b30a-c57a-43b0-b891-3caa9c1c8e11:192.168.151.105:46524, 60e6f12e-5d6a-440d-a53d-add976405879:192.168.151.105:39677], old=null
2019-10-05 01:11:25,094 [pool-413-thread-1] INFO  segmented.SegmentedRaftLogWorker (SegmentedRaftLogWorker.java:lambda$new$0(128)) - 32295ca9-a6a1-49e3-9af3-cbfbe785534d@group-35C619D91BDB-SegmentedRaftLogWorker: flushIndex: setUnconditionally 0 -> -1
2019-10-05 01:11:25,094 [pool-433-thread-1] INFO  segmented.SegmentedRaftLogWorker (SegmentedRaftLogWorker.java:lambda$new$0(128)) - 60e6f12e-5d6a-440d-a53d-add976405879@group-35C619D91BDB-SegmentedRaftLogWorker: flushIndex: setUnconditionally 0 -> -1
2019-10-05 01:11:25,094 [pool-443-thread-1] INFO  impl.RaftServerImpl (RaftServerImpl.java:setRole(170)) - 7594b30a-c57a-43b0-b891-3caa9c1c8e11@group-35C619D91BDB: changes role from      null to FOLLOWER at term 0 for startAsFollower
2019-10-05 01:11:25,094 [pool-413-thread-1] INFO  server.RaftServerConfigKeys (ConfUtils.java:logGet(43)) - raft.server.snapshot.auto.trigger.enabled = true (custom)
2019-10-05 01:11:25,095 [pool-433-thread-1] INFO  server.RaftServerConfigKeys (ConfUtils.java:logGet(43)) - raft.server.snapshot.auto.trigger.enabled = true (custom)
2019-10-05 01:11:25,095 [pool-443-thread-1] INFO  impl.RoleInfo (RoleInfo.java:updateAndGet(143)) - 7594b30a-c57a-43b0-b891-3caa9c1c8e11: start FollowerState
2019-10-05 01:11:25,095 [pool-433-thread-1] INFO  server.RaftServerConfigKeys (ConfUtils.java:logGet(43)) - raft.server.snapshot.auto.trigger.threshold = 10000 (custom)
2019-10-05 01:11:25,095 [pool-413-thread-1] INFO  server.RaftServerConfigKeys (ConfUtils.java:logGet(43)) - raft.server.snapshot.auto.trigger.threshold = 10000 (custom)
2019-10-05 01:11:25,095 [pool-433-thread-1] INFO  server.RaftServerConfigKeys (ConfUtils.java:logGet(43)) - raft.server.snapshot.retention.file.num = 5 (custom)
2019-10-05 01:11:25,095 [pool-443-thread-1] INFO  util.JmxRegister (JmxRegister.java:tryRegister(44)) - Successfully registered JMX Bean with object name Ratis:service=RaftServer,group=group-35C619D91BDB,id=7594b30a-c57a-43b0-b891-3caa9c1c8e11
2019-10-05 01:11:25,095 [pool-413-thread-1] INFO  server.RaftServerConfigKeys (ConfUtils.java:logGet(43)) - raft.server.snapshot.retention.file.num = 5 (custom)
2019-10-05 01:11:25,095 [pool-433-thread-1] INFO  server.RaftServerConfigKeys (ConfUtils.java:logGet(43)) - raft.server.retrycache.expirytime = 600000ms (custom)
2019-10-05 01:11:25,096 [pool-413-thread-1] INFO  server.RaftServerConfigKeys (ConfUtils.java:logGet(43)) - raft.server.retrycache.expirytime = 600000ms (custom)
2019-10-05 01:11:25,099 [pool-433-thread-1] INFO  impl.RaftServerImpl (RaftServerImpl.java:start(181)) - 60e6f12e-5d6a-440d-a53d-add976405879@group-35C619D91BDB: start as a follower, conf=-1: [32295ca9-a6a1-49e3-9af3-cbfbe785534d:192.168.151.105:34745, 7594b30a-c57a-43b0-b891-3caa9c1c8e11:192.168.151.105:46524, 60e6f12e-5d6a-440d-a53d-add976405879:192.168.151.105:39677], old=null
2019-10-05 01:11:25,099 [pool-413-thread-1] INFO  impl.RaftServerImpl (RaftServerImpl.java:start(181)) - 32295ca9-a6a1-49e3-9af3-cbfbe785534d@group-35C619D91BDB: start as a follower, conf=-1: [32295ca9-a6a1-49e3-9af3-cbfbe785534d:192.168.151.105:34745, 7594b30a-c57a-43b0-b891-3caa9c1c8e11:192.168.151.105:46524, 60e6f12e-5d6a-440d-a53d-add976405879:192.168.151.105:39677], old=null
2019-10-05 01:11:25,099 [pool-433-thread-1] INFO  impl.RaftServerImpl (RaftServerImpl.java:setRole(170)) - 60e6f12e-5d6a-440d-a53d-add976405879@group-35C619D91BDB: changes role from      null to FOLLOWER at term 0 for startAsFollower
2019-10-05 01:11:25,099 [pool-413-thread-1] INFO  impl.RaftServerImpl (RaftServerImpl.java:setRole(170)) - 32295ca9-a6a1-49e3-9af3-cbfbe785534d@group-35C619D91BDB: changes role from      null to FOLLOWER at term 0 for startAsFollower
2019-10-05 01:11:25,099 [pool-433-thread-1] INFO  impl.RoleInfo (RoleInfo.java:updateAndGet(143)) - 60e6f12e-5d6a-440d-a53d-add976405879: start FollowerState
2019-10-05 01:11:25,100 [pool-413-thread-1] INFO  impl.RoleInfo (RoleInfo.java:updateAndGet(143)) - 32295ca9-a6a1-49e3-9af3-cbfbe785534d: start FollowerState
2019-10-05 01:11:25,100 [pool-433-thread-1] INFO  util.JmxRegister (JmxRegister.java:tryRegister(44)) - Successfully registered JMX Bean with object name Ratis:service=RaftServer,group=group-35C619D91BDB,id=60e6f12e-5d6a-440d-a53d-add976405879
2019-10-05 01:11:25,100 [pool-413-thread-1] INFO  util.JmxRegister (JmxRegister.java:tryRegister(44)) - Successfully registered JMX Bean with object name Ratis:service=RaftServer,group=group-35C619D91BDB,id=32295ca9-a6a1-49e3-9af3-cbfbe785534d
2019-10-05 01:11:25,105 [RatisPipelineUtilsThread] INFO  pipeline.PipelineStateManager (PipelineStateManager.java:addPipeline(56)) - Created pipeline Pipeline[ Id: 3ee8b7db-00c8-4e36-8e46-35c619d91bdb, Nodes: 32295ca9-a6a1-49e3-9af3-cbfbe785534d{ip: 192.168.151.105, host: pr-hdds-1986-f466r-3473100931, networkLocation: /default-rack, certSerialId: null}60e6f12e-5d6a-440d-a53d-add976405879{ip: 192.168.151.105, host: pr-hdds-1986-f466r-3473100931, networkLocation: /default-rack, certSerialId: null}7594b30a-c57a-43b0-b891-3caa9c1c8e11{ip: 192.168.151.105, host: pr-hdds-1986-f466r-3473100931, networkLocation: /default-rack, certSerialId: null}, Type:RATIS, Factor:THREE, State:OPEN]
2019-10-05 01:11:25,973 [main] INFO  ozone.MiniOzoneClusterImpl (MiniOzoneClusterImpl.java:lambda$waitForClusterToBeReady$0(147)) - Cluster is ready. Got 7 of 7 DN Heartbeats.
2019-10-05 01:11:26,013 [grpc-default-executor-4] WARN  server.GrpcLogAppender (LogUtils.java:warn(134)) - f19346f0-5ca3-4e6f-bfd9-1e67cc451c5e@group-6C146C812D05->07cb5bbc-8352-4509-916c-30becd83db4e-AppendLogResponseHandler: Failed appendEntries: org.apache.ratis.thirdparty.io.grpc.StatusRuntimeException: UNAVAILABLE: io exception
2019-10-05 01:11:26,013 [grpc-default-executor-4] INFO  impl.FollowerInfo (FollowerInfo.java:lambda$new$0(51)) - f19346f0-5ca3-4e6f-bfd9-1e67cc451c5e@group-6C146C812D05->07cb5bbc-8352-4509-916c-30becd83db4e: nextIndex: updateUnconditionally 0 -> 0
2019-10-05 01:11:26,029 [main] INFO  rpc.RpcClient (RpcClient.java:createVolume(277)) - Creating Volume: watchforcommithandlingtest, with jenkins1000 as owner.
2019-10-05 01:11:26,030 [grpc-default-executor-6] WARN  server.GrpcLogAppender (LogUtils.java:warn(134)) - f19346f0-5ca3-4e6f-bfd9-1e67cc451c5e@group-6C146C812D05->e7349651-06e6-4307-8dab-742a146f4cf9-AppendLogResponseHandler: Failed appendEntries: org.apache.ratis.thirdparty.io.grpc.StatusRuntimeException: UNAVAILABLE: io exception
2019-10-05 01:11:26,030 [grpc-default-executor-6] INFO  impl.FollowerInfo (FollowerInfo.java:lambda$new$0(51)) - f19346f0-5ca3-4e6f-bfd9-1e67cc451c5e@group-6C146C812D05->e7349651-06e6-4307-8dab-742a146f4cf9: nextIndex: updateUnconditionally 0 -> 0
2019-10-05 01:11:26,032 [IPC Server handler 1 on 43288] INFO  volume.OMVolumeCreateRequest (OMVolumeCreateRequest.java:validateAndUpdateCache(193)) - created volume:watchforcommithandlingtest for user:jenkins1000
2019-10-05 01:11:26,050 [main] INFO  rpc.RpcClient (RpcClient.java:createBucket(416)) - Creating Bucket: watchforcommithandlingtest/watchforcommithandlingtest, with Versioning false and Storage Type set to DISK and Encryption set to false 
2019-10-05 01:11:26,055 [main] INFO  ozone.MiniOzoneClusterImpl (MiniOzoneClusterImpl.java:getStorageContainerLocationClient(234)) - Creating StorageContainerLocationProtocol RPC client with address /0.0.0.0:43618
2019-10-05 01:11:27,447 [Thread-2340] INFO  container.ReplicationManager (ReplicationManager.java:start(162)) - Starting Replication Monitor Thread.
2019-10-05 01:11:27,454 [ReplicationMonitor] INFO  container.ReplicationManager (ReplicationManager.java:run(225)) - Replication Monitor Thread took 0 milliseconds for processing 1 containers.
2019-10-05 01:11:28,514 [grpc-default-executor-6] WARN  server.GrpcLogAppender (LogUtils.java:warn(134)) - f19346f0-5ca3-4e6f-bfd9-1e67cc451c5e@group-6C146C812D05->07cb5bbc-8352-4509-916c-30becd83db4e-AppendLogResponseHandler: Failed appendEntries: org.apache.ratis.thirdparty.io.grpc.StatusRuntimeException: UNAVAILABLE: io exception
2019-10-05 01:11:28,514 [grpc-default-executor-6] INFO  impl.FollowerInfo (FollowerInfo.java:lambda$new$0(51)) - f19346f0-5ca3-4e6f-bfd9-1e67cc451c5e@group-6C146C812D05->07cb5bbc-8352-4509-916c-30becd83db4e: nextIndex: updateUnconditionally 0 -> 0
2019-10-05 01:11:28,515 [grpc-default-executor-6] WARN  server.GrpcLogAppender (LogUtils.java:warn(134)) - f19346f0-5ca3-4e6f-bfd9-1e67cc451c5e@group-6C146C812D05->e7349651-06e6-4307-8dab-742a146f4cf9-AppendLogResponseHandler: Failed appendEntries: org.apache.ratis.thirdparty.io.grpc.StatusRuntimeException: UNAVAILABLE: io exception
2019-10-05 01:11:28,515 [grpc-default-executor-6] INFO  impl.FollowerInfo (FollowerInfo.java:lambda$new$0(51)) - f19346f0-5ca3-4e6f-bfd9-1e67cc451c5e@group-6C146C812D05->e7349651-06e6-4307-8dab-742a146f4cf9: nextIndex: updateUnconditionally 0 -> 0
2019-10-05 01:11:29,639 [Thread-2342] INFO  impl.FollowerState (FollowerState.java:run(108)) - 053a83ed-b28c-4b1f-bf18-66f49a6d94ff@group-A38330C15A59-FollowerState: change to CANDIDATE, lastRpcTime:5139ms, electionTimeout:5139ms
2019-10-05 01:11:29,639 [Thread-2342] INFO  impl.RoleInfo (RoleInfo.java:shutdownFollowerState(121)) - 053a83ed-b28c-4b1f-bf18-66f49a6d94ff: shutdown FollowerState
2019-10-05 01:11:29,639 [Thread-2342] INFO  impl.RaftServerImpl (RaftServerImpl.java:setRole(170)) - 053a83ed-b28c-4b1f-bf18-66f49a6d94ff@group-A38330C15A59: changes role from  FOLLOWER to CANDIDATE at term 0 for changeToCandidate
2019-10-05 01:11:29,640 [Thread-2342] INFO  impl.RoleInfo (RoleInfo.java:updateAndGet(143)) - 053a83ed-b28c-4b1f-bf18-66f49a6d94ff: start LeaderElection
2019-10-05 01:11:29,662 [053a83ed-b28c-4b1f-bf18-66f49a6d94ff@group-A38330C15A59-LeaderElection56] INFO  impl.LeaderElection (LeaderElection.java:askForVotes(178)) - 053a83ed-b28c-4b1f-bf18-66f49a6d94ff@group-A38330C15A59-LeaderElection56: begin an election at term 1 for -1: [053a83ed-b28c-4b1f-bf18-66f49a6d94ff:192.168.151.105:39846], old=null
2019-10-05 01:11:29,663 [053a83ed-b28c-4b1f-bf18-66f49a6d94ff@group-A38330C15A59-LeaderElection56] INFO  impl.RoleInfo (RoleInfo.java:shutdownLeaderElection(134)) - 053a83ed-b28c-4b1f-bf18-66f49a6d94ff: shutdown LeaderElection
2019-10-05 01:11:29,663 [053a83ed-b28c-4b1f-bf18-66f49a6d94ff@group-A38330C15A59-LeaderElection56] INFO  impl.RaftServerImpl (RaftServerImpl.java:setRole(170)) - 053a83ed-b28c-4b1f-bf18-66f49a6d94ff@group-A38330C15A59: changes role from CANDIDATE to LEADER at term 1 for changeToLeader
2019-10-05 01:11:29,663 [053a83ed-b28c-4b1f-bf18-66f49a6d94ff@group-A38330C15A59-LeaderElection56] INFO  impl.RaftServerImpl (ServerState.java:setLeader(255)) - 053a83ed-b28c-4b1f-bf18-66f49a6d94ff@group-A38330C15A59: change Leader from null to 053a83ed-b28c-4b1f-bf18-66f49a6d94ff at term 1 for becomeLeader, leader elected after 5171ms
2019-10-05 01:11:29,663 [053a83ed-b28c-4b1f-bf18-66f49a6d94ff@group-A38330C15A59-LeaderElection56] INFO  server.RaftServerConfigKeys (ConfUtils.java:logGet(43)) - raft.server.staging.catchup.gap = 1000 (default)
2019-10-05 01:11:29,663 [053a83ed-b28c-4b1f-bf18-66f49a6d94ff@group-A38330C15A59-LeaderElection56] INFO  server.RaftServerConfigKeys (ConfUtils.java:logGet(43)) - raft.server.rpc.sleep.time = 25ms (default)
2019-10-05 01:11:29,664 [053a83ed-b28c-4b1f-bf18-66f49a6d94ff@group-A38330C15A59-LeaderElection56] INFO  server.RaftServerConfigKeys (ConfUtils.java:logGet(43)) - raft.server.write.element-limit = 4096 (default)
2019-10-05 01:11:29,664 [053a83ed-b28c-4b1f-bf18-66f49a6d94ff@group-A38330C15A59-LeaderElection56] INFO  server.RaftServerConfigKeys (ConfUtils.java:logGet(43)) - raft.server.watch.timeout = 10s (default)
2019-10-05 01:11:29,664 [053a83ed-b28c-4b1f-bf18-66f49a6d94ff@group-A38330C15A59-LeaderElection56] INFO  server.RaftServerConfigKeys (ConfUtils.java:logGet(43)) - raft.server.watch.timeout.denomination = 1s (default)
2019-10-05 01:11:29,664 [053a83ed-b28c-4b1f-bf18-66f49a6d94ff@group-A38330C15A59-LeaderElection56] INFO  server.RaftServerConfigKeys (ConfUtils.java:logGet(43)) - raft.server.watch.element-limit = 65536 (default)
2019-10-05 01:11:29,666 [053a83ed-b28c-4b1f-bf18-66f49a6d94ff@group-A38330C15A59-LeaderElection56] INFO  impl.RoleInfo (RoleInfo.java:updateAndGet(143)) - 053a83ed-b28c-4b1f-bf18-66f49a6d94ff: start LeaderState
2019-10-05 01:11:29,667 [053a83ed-b28c-4b1f-bf18-66f49a6d94ff@group-A38330C15A59-LeaderElection56] INFO  segmented.SegmentedRaftLogWorker (SegmentedRaftLogWorker.java:startLogSegment(385)) - 053a83ed-b28c-4b1f-bf18-66f49a6d94ff@group-A38330C15A59-SegmentedRaftLogWorker: Starting segment from index:0
2019-10-05 01:11:29,667 [053a83ed-b28c-4b1f-bf18-66f49a6d94ff@group-A38330C15A59-LeaderElection56] INFO  impl.RaftServerImpl (ServerState.java:setRaftConf(356)) - 053a83ed-b28c-4b1f-bf18-66f49a6d94ff@group-A38330C15A59: set configuration 0: [053a83ed-b28c-4b1f-bf18-66f49a6d94ff:192.168.151.105:39846], old=null at 0
2019-10-05 01:11:29,697 [Thread-2345] INFO  impl.FollowerState (FollowerState.java:run(108)) - 5ec9b283-de98-40ef-ad07-e01c743893bf@group-5C6DCA51C1B0-FollowerState: change to CANDIDATE, lastRpcTime:5131ms, electionTimeout:5131ms
2019-10-05 01:11:29,697 [Thread-2345] INFO  impl.RoleInfo (RoleInfo.java:shutdownFollowerState(121)) - 5ec9b283-de98-40ef-ad07-e01c743893bf: shutdown FollowerState
2019-10-05 01:11:29,697 [Thread-2345] INFO  impl.RaftServerImpl (RaftServerImpl.java:setRole(170)) - 5ec9b283-de98-40ef-ad07-e01c743893bf@group-5C6DCA51C1B0: changes role from  FOLLOWER to CANDIDATE at term 0 for changeToCandidate
2019-10-05 01:11:29,697 [Thread-2345] INFO  impl.RoleInfo (RoleInfo.java:updateAndGet(143)) - 5ec9b283-de98-40ef-ad07-e01c743893bf: start LeaderElection
2019-10-05 01:11:29,709 [053a83ed-b28c-4b1f-bf18-66f49a6d94ff@group-A38330C15A59-SegmentedRaftLogWorker] INFO  segmented.SegmentedRaftLogWorker (SegmentedRaftLogWorker.java:execute(574)) - 053a83ed-b28c-4b1f-bf18-66f49a6d94ff@group-A38330C15A59-SegmentedRaftLogWorker: created new log segment /workdir/hadoop-ozone/integration-test/target/test-dir/MiniOzoneClusterImpl-89e9bd69-a153-46b5-bae3-cb56c8e8ff2c/datanode-0/data/ratis/6f811ca2-d114-4c1d-94be-a38330c15a59/current/log_inprogress_0
2019-10-05 01:11:29,709 [5ec9b283-de98-40ef-ad07-e01c743893bf@group-5C6DCA51C1B0-LeaderElection57] INFO  impl.LeaderElection (LeaderElection.java:askForVotes(178)) - 5ec9b283-de98-40ef-ad07-e01c743893bf@group-5C6DCA51C1B0-LeaderElection57: begin an election at term 1 for -1: [5ec9b283-de98-40ef-ad07-e01c743893bf:192.168.151.105:34119], old=null
2019-10-05 01:11:29,710 [5ec9b283-de98-40ef-ad07-e01c743893bf@group-5C6DCA51C1B0-LeaderElection57] INFO  impl.RoleInfo (RoleInfo.java:shutdownLeaderElection(134)) - 5ec9b283-de98-40ef-ad07-e01c743893bf: shutdown LeaderElection
2019-10-05 01:11:29,710 [5ec9b283-de98-40ef-ad07-e01c743893bf@group-5C6DCA51C1B0-LeaderElection57] INFO  impl.RaftServerImpl (RaftServerImpl.java:setRole(170)) - 5ec9b283-de98-40ef-ad07-e01c743893bf@group-5C6DCA51C1B0: changes role from CANDIDATE to LEADER at term 1 for changeToLeader
2019-10-05 01:11:29,710 [5ec9b283-de98-40ef-ad07-e01c743893bf@group-5C6DCA51C1B0-LeaderElection57] INFO  impl.RaftServerImpl (ServerState.java:setLeader(255)) - 5ec9b283-de98-40ef-ad07-e01c743893bf@group-5C6DCA51C1B0: change Leader from null to 5ec9b283-de98-40ef-ad07-e01c743893bf at term 1 for becomeLeader, leader elected after 5151ms
2019-10-05 01:11:29,710 [5ec9b283-de98-40ef-ad07-e01c743893bf@group-5C6DCA51C1B0-LeaderElection57] INFO  server.RaftServerConfigKeys (ConfUtils.java:logGet(43)) - raft.server.staging.catchup.gap = 1000 (default)
2019-10-05 01:11:29,710 [5ec9b283-de98-40ef-ad07-e01c743893bf@group-5C6DCA51C1B0-LeaderElection57] INFO  server.RaftServerConfigKeys (ConfUtils.java:logGet(43)) - raft.server.rpc.sleep.time = 25ms (default)
2019-10-05 01:11:29,710 [5ec9b283-de98-40ef-ad07-e01c743893bf@group-5C6DCA51C1B0-LeaderElection57] INFO  server.RaftServerConfigKeys (ConfUtils.java:logGet(43)) - raft.server.write.element-limit = 4096 (default)
2019-10-05 01:11:29,710 [5ec9b283-de98-40ef-ad07-e01c743893bf@group-5C6DCA51C1B0-LeaderElection57] INFO  server.RaftServerConfigKeys (ConfUtils.java:logGet(43)) - raft.server.watch.timeout = 10s (default)
2019-10-05 01:11:29,710 [5ec9b283-de98-40ef-ad07-e01c743893bf@group-5C6DCA51C1B0-LeaderElection57] INFO  server.RaftServerConfigKeys (ConfUtils.java:logGet(43)) - raft.server.watch.timeout.denomination = 1s (default)
2019-10-05 01:11:29,711 [5ec9b283-de98-40ef-ad07-e01c743893bf@group-5C6DCA51C1B0-LeaderElection57] INFO  server.RaftServerConfigKeys (ConfUtils.java:logGet(43)) - raft.server.watch.element-limit = 65536 (default)
2019-10-05 01:11:29,712 [5ec9b283-de98-40ef-ad07-e01c743893bf@group-5C6DCA51C1B0-LeaderElection57] INFO  impl.RoleInfo (RoleInfo.java:updateAndGet(143)) - 5ec9b283-de98-40ef-ad07-e01c743893bf: start LeaderState
2019-10-05 01:11:29,712 [5ec9b283-de98-40ef-ad07-e01c743893bf@group-5C6DCA51C1B0-LeaderElection57] INFO  segmented.SegmentedRaftLogWorker (SegmentedRaftLogWorker.java:startLogSegment(385)) - 5ec9b283-de98-40ef-ad07-e01c743893bf@group-5C6DCA51C1B0-SegmentedRaftLogWorker: Starting segment from index:0
2019-10-05 01:11:29,713 [5ec9b283-de98-40ef-ad07-e01c743893bf@group-5C6DCA51C1B0-LeaderElection57] INFO  impl.RaftServerImpl (ServerState.java:setRaftConf(356)) - 5ec9b283-de98-40ef-ad07-e01c743893bf@group-5C6DCA51C1B0: set configuration 0: [5ec9b283-de98-40ef-ad07-e01c743893bf:192.168.151.105:34119], old=null at 0
2019-10-05 01:11:29,741 [Thread-2352] INFO  impl.FollowerState (FollowerState.java:run(108)) - 053a83ed-b28c-4b1f-bf18-66f49a6d94ff@group-8A0C1F52EF29-FollowerState: change to CANDIDATE, lastRpcTime:5031ms, electionTimeout:5031ms
2019-10-05 01:11:29,741 [Thread-2352] INFO  impl.RoleInfo (RoleInfo.java:shutdownFollowerState(121)) - 053a83ed-b28c-4b1f-bf18-66f49a6d94ff: shutdown FollowerState
2019-10-05 01:11:29,741 [Thread-2352] INFO  impl.RaftServerImpl (RaftServerImpl.java:setRole(170)) - 053a83ed-b28c-4b1f-bf18-66f49a6d94ff@group-8A0C1F52EF29: changes role from  FOLLOWER to CANDIDATE at term 0 for changeToCandidate
2019-10-05 01:11:29,741 [Thread-2352] INFO  impl.RoleInfo (RoleInfo.java:updateAndGet(143)) - 053a83ed-b28c-4b1f-bf18-66f49a6d94ff: start LeaderElection
2019-10-05 01:11:29,762 [5ec9b283-de98-40ef-ad07-e01c743893bf@group-5C6DCA51C1B0-SegmentedRaftLogWorker] INFO  segmented.SegmentedRaftLogWorker (SegmentedRaftLogWorker.java:execute(574)) - 5ec9b283-de98-40ef-ad07-e01c743893bf@group-5C6DCA51C1B0-SegmentedRaftLogWorker: created new log segment /workdir/hadoop-ozone/integration-test/target/test-dir/MiniOzoneClusterImpl-89e9bd69-a153-46b5-bae3-cb56c8e8ff2c/datanode-1/data/ratis/ba98df36-0a78-44ec-93ba-5c6dca51c1b0/current/log_inprogress_0
2019-10-05 01:11:29,763 [053a83ed-b28c-4b1f-bf18-66f49a6d94ff@group-8A0C1F52EF29-LeaderElection58] INFO  impl.LeaderElection (LeaderElection.java:askForVotes(178)) - 053a83ed-b28c-4b1f-bf18-66f49a6d94ff@group-8A0C1F52EF29-LeaderElection58: begin an election at term 1 for -1: [b21c3d66-d2f3-4711-a82c-97bd21a0be85:192.168.151.105:42420, 5ec9b283-de98-40ef-ad07-e01c743893bf:192.168.151.105:34119, 053a83ed-b28c-4b1f-bf18-66f49a6d94ff:192.168.151.105:39846], old=null
2019-10-05 01:11:29,766 [grpc-default-executor-3] INFO  impl.RaftServerImpl (RaftServerImpl.java:setRole(170)) - b21c3d66-d2f3-4711-a82c-97bd21a0be85@group-8A0C1F52EF29: changes role from  FOLLOWER to FOLLOWER at term 1 for recognizeCandidate:053a83ed-b28c-4b1f-bf18-66f49a6d94ff
2019-10-05 01:11:29,766 [grpc-default-executor-6] INFO  impl.RaftServerImpl (RaftServerImpl.java:setRole(170)) - 5ec9b283-de98-40ef-ad07-e01c743893bf@group-8A0C1F52EF29: changes role from  FOLLOWER to FOLLOWER at term 1 for recognizeCandidate:053a83ed-b28c-4b1f-bf18-66f49a6d94ff
2019-10-05 01:11:29,766 [grpc-default-executor-3] INFO  impl.RoleInfo (RoleInfo.java:shutdownFollowerState(121)) - b21c3d66-d2f3-4711-a82c-97bd21a0be85: shutdown FollowerState
2019-10-05 01:11:29,766 [grpc-default-executor-6] INFO  impl.RoleInfo (RoleInfo.java:shutdownFollowerState(121)) - 5ec9b283-de98-40ef-ad07-e01c743893bf: shutdown FollowerState
2019-10-05 01:11:29,766 [grpc-default-executor-3] INFO  impl.RoleInfo (RoleInfo.java:updateAndGet(143)) - b21c3d66-d2f3-4711-a82c-97bd21a0be85: start FollowerState
2019-10-05 01:11:29,766 [grpc-default-executor-6] INFO  impl.RoleInfo (RoleInfo.java:updateAndGet(143)) - 5ec9b283-de98-40ef-ad07-e01c743893bf: start FollowerState
2019-10-05 01:11:29,767 [Thread-2354] INFO  impl.FollowerState (FollowerState.java:run(117)) - b21c3d66-d2f3-4711-a82c-97bd21a0be85@group-8A0C1F52EF29-FollowerState was interrupted: java.lang.InterruptedException: sleep interrupted
2019-10-05 01:11:29,767 [Thread-2355] INFO  impl.FollowerState (FollowerState.java:run(117)) - 5ec9b283-de98-40ef-ad07-e01c743893bf@group-8A0C1F52EF29-FollowerState was interrupted: java.lang.InterruptedException: sleep interrupted
2019-10-05 01:11:29,777 [053a83ed-b28c-4b1f-bf18-66f49a6d94ff@group-8A0C1F52EF29-LeaderElection58] INFO  impl.LeaderElection (LeaderElection.java:logAndReturn(56)) - 053a83ed-b28c-4b1f-bf18-66f49a6d94ff@group-8A0C1F52EF29-LeaderElection58: Election PASSED; received 1 response(s) [053a83ed-b28c-4b1f-bf18-66f49a6d94ff<-b21c3d66-d2f3-4711-a82c-97bd21a0be85#0:OK-t1] and 0 exception(s); 053a83ed-b28c-4b1f-bf18-66f49a6d94ff@group-8A0C1F52EF29:t1, leader=null, voted=053a83ed-b28c-4b1f-bf18-66f49a6d94ff, raftlog=053a83ed-b28c-4b1f-bf18-66f49a6d94ff@group-8A0C1F52EF29-SegmentedRaftLog:OPENED:c-1,f-1,i0, conf=-1: [b21c3d66-d2f3-4711-a82c-97bd21a0be85:192.168.151.105:42420, 5ec9b283-de98-40ef-ad07-e01c743893bf:192.168.151.105:34119, 053a83ed-b28c-4b1f-bf18-66f49a6d94ff:192.168.151.105:39846], old=null
2019-10-05 01:11:29,777 [053a83ed-b28c-4b1f-bf18-66f49a6d94ff@group-8A0C1F52EF29-LeaderElection58] INFO  impl.RoleInfo (RoleInfo.java:shutdownLeaderElection(134)) - 053a83ed-b28c-4b1f-bf18-66f49a6d94ff: shutdown LeaderElection
2019-10-05 01:11:29,777 [053a83ed-b28c-4b1f-bf18-66f49a6d94ff@group-8A0C1F52EF29-LeaderElection58] INFO  impl.RaftServerImpl (RaftServerImpl.java:setRole(170)) - 053a83ed-b28c-4b1f-bf18-66f49a6d94ff@group-8A0C1F52EF29: changes role from CANDIDATE to LEADER at term 1 for changeToLeader
2019-10-05 01:11:29,777 [053a83ed-b28c-4b1f-bf18-66f49a6d94ff@group-8A0C1F52EF29-LeaderElection58] INFO  impl.RaftServerImpl (ServerState.java:setLeader(255)) - 053a83ed-b28c-4b1f-bf18-66f49a6d94ff@group-8A0C1F52EF29: change Leader from null to 053a83ed-b28c-4b1f-bf18-66f49a6d94ff at term 1 for becomeLeader, leader elected after 5075ms
2019-10-05 01:11:29,777 [053a83ed-b28c-4b1f-bf18-66f49a6d94ff@group-8A0C1F52EF29-LeaderElection58] INFO  server.RaftServerConfigKeys (ConfUtils.java:logGet(43)) - raft.server.staging.catchup.gap = 1000 (default)
2019-10-05 01:11:29,777 [053a83ed-b28c-4b1f-bf18-66f49a6d94ff@group-8A0C1F52EF29-LeaderElection58] INFO  server.RaftServerConfigKeys (ConfUtils.java:logGet(43)) - raft.server.rpc.sleep.time = 25ms (default)
2019-10-05 01:11:29,778 [053a83ed-b28c-4b1f-bf18-66f49a6d94ff@group-8A0C1F52EF29-LeaderElection58] INFO  server.RaftServerConfigKeys (ConfUtils.java:logGet(43)) - raft.server.write.element-limit = 4096 (default)
2019-10-05 01:11:29,778 [053a83ed-b28c-4b1f-bf18-66f49a6d94ff@group-8A0C1F52EF29-LeaderElection58] INFO  server.RaftServerConfigKeys (ConfUtils.java:logGet(43)) - raft.server.watch.timeout = 10s (default)
2019-10-05 01:11:29,778 [053a83ed-b28c-4b1f-bf18-66f49a6d94ff@group-8A0C1F52EF29-LeaderElection58] INFO  server.RaftServerConfigKeys (ConfUtils.java:logGet(43)) - raft.server.watch.timeout.denomination = 1s (default)
2019-10-05 01:11:29,778 [053a83ed-b28c-4b1f-bf18-66f49a6d94ff@group-8A0C1F52EF29-LeaderElection58] INFO  server.RaftServerConfigKeys (ConfUtils.java:logGet(43)) - raft.server.watch.element-limit = 65536 (default)
2019-10-05 01:11:29,780 [053a83ed-b28c-4b1f-bf18-66f49a6d94ff@group-8A0C1F52EF29-LeaderElection58] INFO  server.RaftServerConfigKeys (ConfUtils.java:logGet(43)) - raft.server.log.appender.snapshot.chunk.size.max = 16MB (=16777216) (default)
2019-10-05 01:11:29,780 [053a83ed-b28c-4b1f-bf18-66f49a6d94ff@group-8A0C1F52EF29-LeaderElection58] INFO  server.RaftServerConfigKeys (ConfUtils.java:logGet(43)) - raft.server.log.appender.buffer.byte-limit = 33554432 (custom)
2019-10-05 01:11:29,781 [053a83ed-b28c-4b1f-bf18-66f49a6d94ff@group-8A0C1F52EF29-LeaderElection58] INFO  server.RaftServerConfigKeys (ConfUtils.java:logGet(43)) - raft.server.log.appender.buffer.element-limit = 1 (custom)
2019-10-05 01:11:29,781 [053a83ed-b28c-4b1f-bf18-66f49a6d94ff@group-8A0C1F52EF29-LeaderElection58] INFO  grpc.GrpcConfigKeys$Server (ConfUtils.java:logGet(43)) - raft.grpc.server.leader.outstanding.appends.max = 128 (default)
2019-10-05 01:11:29,781 [053a83ed-b28c-4b1f-bf18-66f49a6d94ff@group-8A0C1F52EF29-LeaderElection58] INFO  server.RaftServerConfigKeys (ConfUtils.java:logGet(43)) - raft.server.rpc.request.timeout = 3000ms (default)
2019-10-05 01:11:29,781 [053a83ed-b28c-4b1f-bf18-66f49a6d94ff@group-8A0C1F52EF29-LeaderElection58] INFO  server.RaftServerConfigKeys (ConfUtils.java:logGet(43)) - raft.server.log.appender.install.snapshot.enabled = false (custom)
2019-10-05 01:11:29,782 [053a83ed-b28c-4b1f-bf18-66f49a6d94ff@group-8A0C1F52EF29-LeaderElection58] INFO  server.RaftServerConfigKeys (ConfUtils.java:logGet(43)) - raft.server.log.appender.snapshot.chunk.size.max = 16MB (=16777216) (default)
2019-10-05 01:11:29,782 [053a83ed-b28c-4b1f-bf18-66f49a6d94ff@group-8A0C1F52EF29-LeaderElection58] INFO  server.RaftServerConfigKeys (ConfUtils.java:logGet(43)) - raft.server.log.appender.buffer.byte-limit = 33554432 (custom)
2019-10-05 01:11:29,782 [053a83ed-b28c-4b1f-bf18-66f49a6d94ff@group-8A0C1F52EF29-LeaderElection58] INFO  server.RaftServerConfigKeys (ConfUtils.java:logGet(43)) - raft.server.log.appender.buffer.element-limit = 1 (custom)
2019-10-05 01:11:29,782 [053a83ed-b28c-4b1f-bf18-66f49a6d94ff@group-8A0C1F52EF29-LeaderElection58] INFO  grpc.GrpcConfigKeys$Server (ConfUtils.java:logGet(43)) - raft.grpc.server.leader.outstanding.appends.max = 128 (default)
2019-10-05 01:11:29,783 [053a83ed-b28c-4b1f-bf18-66f49a6d94ff@group-8A0C1F52EF29-LeaderElection58] INFO  server.RaftServerConfigKeys (ConfUtils.java:logGet(43)) - raft.server.rpc.request.timeout = 3000ms (default)
2019-10-05 01:11:29,783 [053a83ed-b28c-4b1f-bf18-66f49a6d94ff@group-8A0C1F52EF29-LeaderElection58] INFO  server.RaftServerConfigKeys (ConfUtils.java:logGet(43)) - raft.server.log.appender.install.snapshot.enabled = false (custom)
2019-10-05 01:11:29,783 [053a83ed-b28c-4b1f-bf18-66f49a6d94ff@group-8A0C1F52EF29-LeaderElection58] INFO  impl.RoleInfo (RoleInfo.java:updateAndGet(143)) - 053a83ed-b28c-4b1f-bf18-66f49a6d94ff: start LeaderState
2019-10-05 01:11:29,783 [053a83ed-b28c-4b1f-bf18-66f49a6d94ff@group-8A0C1F52EF29-LeaderElection58] INFO  segmented.SegmentedRaftLogWorker (SegmentedRaftLogWorker.java:startLogSegment(385)) - 053a83ed-b28c-4b1f-bf18-66f49a6d94ff@group-8A0C1F52EF29-SegmentedRaftLogWorker: Starting segment from index:0
2019-10-05 01:11:29,784 [053a83ed-b28c-4b1f-bf18-66f49a6d94ff@group-8A0C1F52EF29-LeaderElection58] INFO  impl.RaftServerImpl (ServerState.java:setRaftConf(356)) - 053a83ed-b28c-4b1f-bf18-66f49a6d94ff@group-8A0C1F52EF29: set configuration 0: [b21c3d66-d2f3-4711-a82c-97bd21a0be85:192.168.151.105:42420, 5ec9b283-de98-40ef-ad07-e01c743893bf:192.168.151.105:34119, 053a83ed-b28c-4b1f-bf18-66f49a6d94ff:192.168.151.105:39846], old=null at 0
2019-10-05 01:11:29,785 [grpc-default-executor-6] INFO  impl.RaftServerImpl (ServerState.java:setLeader(255)) - 5ec9b283-de98-40ef-ad07-e01c743893bf@group-8A0C1F52EF29: change Leader from null to 053a83ed-b28c-4b1f-bf18-66f49a6d94ff at term 1 for appendEntries, leader elected after 5083ms
2019-10-05 01:11:29,817 [grpc-default-executor-6] INFO  impl.RaftServerImpl (ServerState.java:setLeader(255)) - b21c3d66-d2f3-4711-a82c-97bd21a0be85@group-8A0C1F52EF29: change Leader from null to 053a83ed-b28c-4b1f-bf18-66f49a6d94ff at term 1 for appendEntries, leader elected after 5115ms
2019-10-05 01:11:29,817 [grpc-default-executor-3] INFO  impl.RaftServerImpl (ServerState.java:setRaftConf(356)) - 5ec9b283-de98-40ef-ad07-e01c743893bf@group-8A0C1F52EF29: set configuration 0: [b21c3d66-d2f3-4711-a82c-97bd21a0be85:192.168.151.105:42420, 5ec9b283-de98-40ef-ad07-e01c743893bf:192.168.151.105:34119, 053a83ed-b28c-4b1f-bf18-66f49a6d94ff:192.168.151.105:39846], old=null at 0
2019-10-05 01:11:29,817 [grpc-default-executor-3] INFO  segmented.SegmentedRaftLogWorker (SegmentedRaftLogWorker.java:startLogSegment(385)) - 5ec9b283-de98-40ef-ad07-e01c743893bf@group-8A0C1F52EF29-SegmentedRaftLogWorker: Starting segment from index:0
2019-10-05 01:11:29,819 [grpc-default-executor-3] INFO  impl.RaftServerImpl (ServerState.java:setRaftConf(356)) - b21c3d66-d2f3-4711-a82c-97bd21a0be85@group-8A0C1F52EF29: set configuration 0: [b21c3d66-d2f3-4711-a82c-97bd21a0be85:192.168.151.105:42420, 5ec9b283-de98-40ef-ad07-e01c743893bf:192.168.151.105:34119, 053a83ed-b28c-4b1f-bf18-66f49a6d94ff:192.168.151.105:39846], old=null at 0
2019-10-05 01:11:29,819 [grpc-default-executor-3] INFO  segmented.SegmentedRaftLogWorker (SegmentedRaftLogWorker.java:startLogSegment(385)) - b21c3d66-d2f3-4711-a82c-97bd21a0be85@group-8A0C1F52EF29-SegmentedRaftLogWorker: Starting segment from index:0
2019-10-05 01:11:29,825 [053a83ed-b28c-4b1f-bf18-66f49a6d94ff@group-8A0C1F52EF29-SegmentedRaftLogWorker] INFO  segmented.SegmentedRaftLogWorker (SegmentedRaftLogWorker.java:execute(574)) - 053a83ed-b28c-4b1f-bf18-66f49a6d94ff@group-8A0C1F52EF29-SegmentedRaftLogWorker: created new log segment /workdir/hadoop-ozone/integration-test/target/test-dir/MiniOzoneClusterImpl-89e9bd69-a153-46b5-bae3-cb56c8e8ff2c/datanode-0/data/ratis/ada3b3a3-8c0d-4099-bd11-8a0c1f52ef29/current/log_inprogress_0
2019-10-05 01:11:29,833 [Thread-2348] INFO  impl.FollowerState (FollowerState.java:run(108)) - b21c3d66-d2f3-4711-a82c-97bd21a0be85@group-0226CA835C7C-FollowerState: change to CANDIDATE, lastRpcTime:5179ms, electionTimeout:5179ms
2019-10-05 01:11:29,833 [Thread-2348] INFO  impl.RoleInfo (RoleInfo.java:shutdownFollowerState(121)) - b21c3d66-d2f3-4711-a82c-97bd21a0be85: shutdown FollowerState
2019-10-05 01:11:29,833 [Thread-2348] INFO  impl.RaftServerImpl (RaftServerImpl.java:setRole(170)) - b21c3d66-d2f3-4711-a82c-97bd21a0be85@group-0226CA835C7C: changes role from  FOLLOWER to CANDIDATE at term 0 for changeToCandidate
2019-10-05 01:11:29,834 [Thread-2348] INFO  impl.RoleInfo (RoleInfo.java:updateAndGet(143)) - b21c3d66-d2f3-4711-a82c-97bd21a0be85: start LeaderElection
2019-10-05 01:11:29,870 [5ec9b283-de98-40ef-ad07-e01c743893bf@group-8A0C1F52EF29-SegmentedRaftLogWorker] INFO  segmented.SegmentedRaftLogWorker (SegmentedRaftLogWorker.java:execute(574)) - 5ec9b283-de98-40ef-ad07-e01c743893bf@group-8A0C1F52EF29-SegmentedRaftLogWorker: created new log segment /workdir/hadoop-ozone/integration-test/target/test-dir/MiniOzoneClusterImpl-89e9bd69-a153-46b5-bae3-cb56c8e8ff2c/datanode-1/data/ratis/ada3b3a3-8c0d-4099-bd11-8a0c1f52ef29/current/log_inprogress_0
2019-10-05 01:11:29,870 [b21c3d66-d2f3-4711-a82c-97bd21a0be85@group-8A0C1F52EF29-SegmentedRaftLogWorker] INFO  segmented.SegmentedRaftLogWorker (SegmentedRaftLogWorker.java:execute(574)) - b21c3d66-d2f3-4711-a82c-97bd21a0be85@group-8A0C1F52EF29-SegmentedRaftLogWorker: created new log segment /workdir/hadoop-ozone/integration-test/target/test-dir/MiniOzoneClusterImpl-89e9bd69-a153-46b5-bae3-cb56c8e8ff2c/datanode-2/data/ratis/ada3b3a3-8c0d-4099-bd11-8a0c1f52ef29/current/log_inprogress_0
2019-10-05 01:11:29,870 [b21c3d66-d2f3-4711-a82c-97bd21a0be85@group-0226CA835C7C-LeaderElection59] INFO  impl.LeaderElection (LeaderElection.java:askForVotes(178)) - b21c3d66-d2f3-4711-a82c-97bd21a0be85@group-0226CA835C7C-LeaderElection59: begin an election at term 1 for -1: [b21c3d66-d2f3-4711-a82c-97bd21a0be85:192.168.151.105:42420], old=null
2019-10-05 01:11:29,870 [b21c3d66-d2f3-4711-a82c-97bd21a0be85@group-0226CA835C7C-LeaderElection59] INFO  impl.RoleInfo (RoleInfo.java:shutdownLeaderElection(134)) - b21c3d66-d2f3-4711-a82c-97bd21a0be85: shutdown LeaderElection
2019-10-05 01:11:29,871 [b21c3d66-d2f3-4711-a82c-97bd21a0be85@group-0226CA835C7C-LeaderElection59] INFO  impl.RaftServerImpl (RaftServerImpl.java:setRole(170)) - b21c3d66-d2f3-4711-a82c-97bd21a0be85@group-0226CA835C7C: changes role from CANDIDATE to LEADER at term 1 for changeToLeader
2019-10-05 01:11:29,871 [b21c3d66-d2f3-4711-a82c-97bd21a0be85@group-0226CA835C7C-LeaderElection59] INFO  impl.RaftServerImpl (ServerState.java:setLeader(255)) - b21c3d66-d2f3-4711-a82c-97bd21a0be85@group-0226CA835C7C: change Leader from null to b21c3d66-d2f3-4711-a82c-97bd21a0be85 at term 1 for becomeLeader, leader elected after 5225ms
2019-10-05 01:11:29,871 [b21c3d66-d2f3-4711-a82c-97bd21a0be85@group-0226CA835C7C-LeaderElection59] INFO  server.RaftServerConfigKeys (ConfUtils.java:logGet(43)) - raft.server.staging.catchup.gap = 1000 (default)
2019-10-05 01:11:29,871 [b21c3d66-d2f3-4711-a82c-97bd21a0be85@group-0226CA835C7C-LeaderElection59] INFO  server.RaftServerConfigKeys (ConfUtils.java:logGet(43)) - raft.server.rpc.sleep.time = 25ms (default)
2019-10-05 01:11:29,871 [b21c3d66-d2f3-4711-a82c-97bd21a0be85@group-0226CA835C7C-LeaderElection59] INFO  server.RaftServerConfigKeys (ConfUtils.java:logGet(43)) - raft.server.write.element-limit = 4096 (default)
2019-10-05 01:11:29,872 [b21c3d66-d2f3-4711-a82c-97bd21a0be85@group-0226CA835C7C-LeaderElection59] INFO  server.RaftServerConfigKeys (ConfUtils.java:logGet(43)) - raft.server.watch.timeout = 10s (default)
2019-10-05 01:11:29,872 [b21c3d66-d2f3-4711-a82c-97bd21a0be85@group-0226CA835C7C-LeaderElection59] INFO  server.RaftServerConfigKeys (ConfUtils.java:logGet(43)) - raft.server.watch.timeout.denomination = 1s (default)
2019-10-05 01:11:29,872 [b21c3d66-d2f3-4711-a82c-97bd21a0be85@group-0226CA835C7C-LeaderElection59] INFO  server.RaftServerConfigKeys (ConfUtils.java:logGet(43)) - raft.server.watch.element-limit = 65536 (default)
2019-10-05 01:11:29,874 [b21c3d66-d2f3-4711-a82c-97bd21a0be85@group-0226CA835C7C-LeaderElection59] INFO  impl.RoleInfo (RoleInfo.java:updateAndGet(143)) - b21c3d66-d2f3-4711-a82c-97bd21a0be85: start LeaderState
2019-10-05 01:11:29,875 [b21c3d66-d2f3-4711-a82c-97bd21a0be85@group-0226CA835C7C-LeaderElection59] INFO  segmented.SegmentedRaftLogWorker (SegmentedRaftLogWorker.java:startLogSegment(385)) - b21c3d66-d2f3-4711-a82c-97bd21a0be85@group-0226CA835C7C-SegmentedRaftLogWorker: Starting segment from index:0
2019-10-05 01:11:29,875 [b21c3d66-d2f3-4711-a82c-97bd21a0be85@group-0226CA835C7C-LeaderElection59] INFO  impl.RaftServerImpl (ServerState.java:setRaftConf(356)) - b21c3d66-d2f3-4711-a82c-97bd21a0be85@group-0226CA835C7C: set configuration 0: [b21c3d66-d2f3-4711-a82c-97bd21a0be85:192.168.151.105:42420], old=null at 0
2019-10-05 01:11:29,922 [Thread-2363] INFO  impl.FollowerState (FollowerState.java:run(108)) - 32fd612c-fde5-495d-94a6-b177b0c3ee40@group-868EAD8CDC97-FollowerState: change to CANDIDATE, lastRpcTime:5003ms, electionTimeout:5003ms
2019-10-05 01:11:29,922 [Thread-2363] INFO  impl.RoleInfo (RoleInfo.java:shutdownFollowerState(121)) - 32fd612c-fde5-495d-94a6-b177b0c3ee40: shutdown FollowerState
2019-10-05 01:11:29,922 [Thread-2363] INFO  impl.RaftServerImpl (RaftServerImpl.java:setRole(170)) - 32fd612c-fde5-495d-94a6-b177b0c3ee40@group-868EAD8CDC97: changes role from  FOLLOWER to CANDIDATE at term 0 for changeToCandidate
2019-10-05 01:11:29,922 [Thread-2363] INFO  impl.RoleInfo (RoleInfo.java:updateAndGet(143)) - 32fd612c-fde5-495d-94a6-b177b0c3ee40: start LeaderElection
2019-10-05 01:11:29,931 [b21c3d66-d2f3-4711-a82c-97bd21a0be85@group-0226CA835C7C-SegmentedRaftLogWorker] INFO  segmented.SegmentedRaftLogWorker (SegmentedRaftLogWorker.java:execute(574)) - b21c3d66-d2f3-4711-a82c-97bd21a0be85@group-0226CA835C7C-SegmentedRaftLogWorker: created new log segment /workdir/hadoop-ozone/integration-test/target/test-dir/MiniOzoneClusterImpl-89e9bd69-a153-46b5-bae3-cb56c8e8ff2c/datanode-2/data/ratis/4c5efaa6-b953-444a-8ce4-0226ca835c7c/current/log_inprogress_0
2019-10-05 01:11:29,948 [32fd612c-fde5-495d-94a6-b177b0c3ee40@group-868EAD8CDC97-LeaderElection60] INFO  impl.LeaderElection (LeaderElection.java:askForVotes(178)) - 32fd612c-fde5-495d-94a6-b177b0c3ee40@group-868EAD8CDC97-LeaderElection60: begin an election at term 1 for -1: [32fd612c-fde5-495d-94a6-b177b0c3ee40:192.168.151.105:37650], old=null
2019-10-05 01:11:29,948 [32fd612c-fde5-495d-94a6-b177b0c3ee40@group-868EAD8CDC97-LeaderElection60] INFO  impl.RoleInfo (RoleInfo.java:shutdownLeaderElection(134)) - 32fd612c-fde5-495d-94a6-b177b0c3ee40: shutdown LeaderElection
2019-10-05 01:11:29,948 [32fd612c-fde5-495d-94a6-b177b0c3ee40@group-868EAD8CDC97-LeaderElection60] INFO  impl.RaftServerImpl (RaftServerImpl.java:setRole(170)) - 32fd612c-fde5-495d-94a6-b177b0c3ee40@group-868EAD8CDC97: changes role from CANDIDATE to LEADER at term 1 for changeToLeader
2019-10-05 01:11:29,948 [32fd612c-fde5-495d-94a6-b177b0c3ee40@group-868EAD8CDC97-LeaderElection60] INFO  impl.RaftServerImpl (ServerState.java:setLeader(255)) - 32fd612c-fde5-495d-94a6-b177b0c3ee40@group-868EAD8CDC97: change Leader from null to 32fd612c-fde5-495d-94a6-b177b0c3ee40 at term 1 for becomeLeader, leader elected after 5036ms
2019-10-05 01:11:29,949 [32fd612c-fde5-495d-94a6-b177b0c3ee40@group-868EAD8CDC97-LeaderElection60] INFO  server.RaftServerConfigKeys (ConfUtils.java:logGet(43)) - raft.server.staging.catchup.gap = 1000 (default)
2019-10-05 01:11:29,949 [32fd612c-fde5-495d-94a6-b177b0c3ee40@group-868EAD8CDC97-LeaderElection60] INFO  server.RaftServerConfigKeys (ConfUtils.java:logGet(43)) - raft.server.rpc.sleep.time = 25ms (default)
2019-10-05 01:11:29,949 [32fd612c-fde5-495d-94a6-b177b0c3ee40@group-868EAD8CDC97-LeaderElection60] INFO  server.RaftServerConfigKeys (ConfUtils.java:logGet(43)) - raft.server.write.element-limit = 4096 (default)
2019-10-05 01:11:29,949 [32fd612c-fde5-495d-94a6-b177b0c3ee40@group-868EAD8CDC97-LeaderElection60] INFO  server.RaftServerConfigKeys (ConfUtils.java:logGet(43)) - raft.server.watch.timeout = 10s (default)
2019-10-05 01:11:29,949 [32fd612c-fde5-495d-94a6-b177b0c3ee40@group-868EAD8CDC97-LeaderElection60] INFO  server.RaftServerConfigKeys (ConfUtils.java:logGet(43)) - raft.server.watch.timeout.denomination = 1s (default)
2019-10-05 01:11:29,949 [32fd612c-fde5-495d-94a6-b177b0c3ee40@group-868EAD8CDC97-LeaderElection60] INFO  server.RaftServerConfigKeys (ConfUtils.java:logGet(43)) - raft.server.watch.element-limit = 65536 (default)
2019-10-05 01:11:29,950 [32fd612c-fde5-495d-94a6-b177b0c3ee40@group-868EAD8CDC97-LeaderElection60] INFO  impl.RoleInfo (RoleInfo.java:updateAndGet(143)) - 32fd612c-fde5-495d-94a6-b177b0c3ee40: start LeaderState
2019-10-05 01:11:29,951 [32fd612c-fde5-495d-94a6-b177b0c3ee40@group-868EAD8CDC97-LeaderElection60] INFO  segmented.SegmentedRaftLogWorker (SegmentedRaftLogWorker.java:startLogSegment(385)) - 32fd612c-fde5-495d-94a6-b177b0c3ee40@group-868EAD8CDC97-SegmentedRaftLogWorker: Starting segment from index:0
2019-10-05 01:11:29,951 [32fd612c-fde5-495d-94a6-b177b0c3ee40@group-868EAD8CDC97-LeaderElection60] INFO  impl.RaftServerImpl (ServerState.java:setRaftConf(356)) - 32fd612c-fde5-495d-94a6-b177b0c3ee40@group-868EAD8CDC97: set configuration 0: [32fd612c-fde5-495d-94a6-b177b0c3ee40:192.168.151.105:37650], old=null at 0
2019-10-05 01:11:29,975 [Thread-2360] INFO  impl.FollowerState (FollowerState.java:run(108)) - 32295ca9-a6a1-49e3-9af3-cbfbe785534d@group-6795B8910095-FollowerState: change to CANDIDATE, lastRpcTime:5135ms, electionTimeout:5135ms
2019-10-05 01:11:29,975 [Thread-2360] INFO  impl.RoleInfo (RoleInfo.java:shutdownFollowerState(121)) - 32295ca9-a6a1-49e3-9af3-cbfbe785534d: shutdown FollowerState
2019-10-05 01:11:29,976 [Thread-2360] INFO  impl.RaftServerImpl (RaftServerImpl.java:setRole(170)) - 32295ca9-a6a1-49e3-9af3-cbfbe785534d@group-6795B8910095: changes role from  FOLLOWER to CANDIDATE at term 0 for changeToCandidate
2019-10-05 01:11:29,976 [Thread-2360] INFO  impl.RoleInfo (RoleInfo.java:updateAndGet(143)) - 32295ca9-a6a1-49e3-9af3-cbfbe785534d: start LeaderElection
2019-10-05 01:11:29,998 [Thread-2366] INFO  impl.FollowerState (FollowerState.java:run(108)) - 60e6f12e-5d6a-440d-a53d-add976405879@group-36983975A9F0-FollowerState: change to CANDIDATE, lastRpcTime:5025ms, electionTimeout:5025ms
2019-10-05 01:11:29,998 [Thread-2366] INFO  impl.RoleInfo (RoleInfo.java:shutdownFollowerState(121)) - 60e6f12e-5d6a-440d-a53d-add976405879: shutdown FollowerState
2019-10-05 01:11:29,998 [Thread-2366] INFO  impl.RaftServerImpl (RaftServerImpl.java:setRole(170)) - 60e6f12e-5d6a-440d-a53d-add976405879@group-36983975A9F0: changes role from  FOLLOWER to CANDIDATE at term 0 for changeToCandidate
2019-10-05 01:11:29,998 [Thread-2366] INFO  impl.RoleInfo (RoleInfo.java:updateAndGet(143)) - 60e6f12e-5d6a-440d-a53d-add976405879: start LeaderElection
2019-10-05 01:11:30,005 [32fd612c-fde5-495d-94a6-b177b0c3ee40@group-868EAD8CDC97-SegmentedRaftLogWorker] INFO  segmented.SegmentedRaftLogWorker (SegmentedRaftLogWorker.java:execute(574)) - 32fd612c-fde5-495d-94a6-b177b0c3ee40@group-868EAD8CDC97-SegmentedRaftLogWorker: created new log segment /workdir/hadoop-ozone/integration-test/target/test-dir/MiniOzoneClusterImpl-89e9bd69-a153-46b5-bae3-cb56c8e8ff2c/datanode-4/data/ratis/21f8fd01-428c-44f8-b161-868ead8cdc97/current/log_inprogress_0
2019-10-05 01:11:30,005 [32295ca9-a6a1-49e3-9af3-cbfbe785534d@group-6795B8910095-LeaderElection61] INFO  impl.LeaderElection (LeaderElection.java:askForVotes(178)) - 32295ca9-a6a1-49e3-9af3-cbfbe785534d@group-6795B8910095-LeaderElection61: begin an election at term 1 for -1: [32295ca9-a6a1-49e3-9af3-cbfbe785534d:192.168.151.105:34745], old=null
2019-10-05 01:11:30,006 [32295ca9-a6a1-49e3-9af3-cbfbe785534d@group-6795B8910095-LeaderElection61] INFO  impl.RoleInfo (RoleInfo.java:shutdownLeaderElection(134)) - 32295ca9-a6a1-49e3-9af3-cbfbe785534d: shutdown LeaderElection
2019-10-05 01:11:30,006 [32295ca9-a6a1-49e3-9af3-cbfbe785534d@group-6795B8910095-LeaderElection61] INFO  impl.RaftServerImpl (RaftServerImpl.java:setRole(170)) - 32295ca9-a6a1-49e3-9af3-cbfbe785534d@group-6795B8910095: changes role from CANDIDATE to LEADER at term 1 for changeToLeader
2019-10-05 01:11:30,006 [32295ca9-a6a1-49e3-9af3-cbfbe785534d@group-6795B8910095-LeaderElection61] INFO  impl.RaftServerImpl (ServerState.java:setLeader(255)) - 32295ca9-a6a1-49e3-9af3-cbfbe785534d@group-6795B8910095: change Leader from null to 32295ca9-a6a1-49e3-9af3-cbfbe785534d at term 1 for becomeLeader, leader elected after 5173ms
2019-10-05 01:11:30,006 [32295ca9-a6a1-49e3-9af3-cbfbe785534d@group-6795B8910095-LeaderElection61] INFO  server.RaftServerConfigKeys (ConfUtils.java:logGet(43)) - raft.server.staging.catchup.gap = 1000 (default)
2019-10-05 01:11:30,006 [32295ca9-a6a1-49e3-9af3-cbfbe785534d@group-6795B8910095-LeaderElection61] INFO  server.RaftServerConfigKeys (ConfUtils.java:logGet(43)) - raft.server.rpc.sleep.time = 25ms (default)
2019-10-05 01:11:30,007 [32295ca9-a6a1-49e3-9af3-cbfbe785534d@group-6795B8910095-LeaderElection61] INFO  server.RaftServerConfigKeys (ConfUtils.java:logGet(43)) - raft.server.write.element-limit = 4096 (default)
2019-10-05 01:11:30,007 [32295ca9-a6a1-49e3-9af3-cbfbe785534d@group-6795B8910095-LeaderElection61] INFO  server.RaftServerConfigKeys (ConfUtils.java:logGet(43)) - raft.server.watch.timeout = 10s (default)
2019-10-05 01:11:30,007 [32295ca9-a6a1-49e3-9af3-cbfbe785534d@group-6795B8910095-LeaderElection61] INFO  server.RaftServerConfigKeys (ConfUtils.java:logGet(43)) - raft.server.watch.timeout.denomination = 1s (default)
2019-10-05 01:11:30,007 [32295ca9-a6a1-49e3-9af3-cbfbe785534d@group-6795B8910095-LeaderElection61] INFO  server.RaftServerConfigKeys (ConfUtils.java:logGet(43)) - raft.server.watch.element-limit = 65536 (default)
2019-10-05 01:11:30,009 [32295ca9-a6a1-49e3-9af3-cbfbe785534d@group-6795B8910095-LeaderElection61] INFO  impl.RoleInfo (RoleInfo.java:updateAndGet(143)) - 32295ca9-a6a1-49e3-9af3-cbfbe785534d: start LeaderState
2019-10-05 01:11:30,009 [32295ca9-a6a1-49e3-9af3-cbfbe785534d@group-6795B8910095-LeaderElection61] INFO  segmented.SegmentedRaftLogWorker (SegmentedRaftLogWorker.java:startLogSegment(385)) - 32295ca9-a6a1-49e3-9af3-cbfbe785534d@group-6795B8910095-SegmentedRaftLogWorker: Starting segment from index:0
2019-10-05 01:11:30,010 [32295ca9-a6a1-49e3-9af3-cbfbe785534d@group-6795B8910095-LeaderElection61] INFO  impl.RaftServerImpl (ServerState.java:setRaftConf(356)) - 32295ca9-a6a1-49e3-9af3-cbfbe785534d@group-6795B8910095: set configuration 0: [32295ca9-a6a1-49e3-9af3-cbfbe785534d:192.168.151.105:34745], old=null at 0
2019-10-05 01:11:30,019 [60e6f12e-5d6a-440d-a53d-add976405879@group-36983975A9F0-LeaderElection62] INFO  impl.LeaderElection (LeaderElection.java:askForVotes(178)) - 60e6f12e-5d6a-440d-a53d-add976405879@group-36983975A9F0-LeaderElection62: begin an election at term 1 for -1: [60e6f12e-5d6a-440d-a53d-add976405879:192.168.151.105:39677], old=null
2019-10-05 01:11:30,019 [60e6f12e-5d6a-440d-a53d-add976405879@group-36983975A9F0-LeaderElection62] INFO  impl.RoleInfo (RoleInfo.java:shutdownLeaderElection(134)) - 60e6f12e-5d6a-440d-a53d-add976405879: shutdown LeaderElection
2019-10-05 01:11:30,019 [60e6f12e-5d6a-440d-a53d-add976405879@group-36983975A9F0-LeaderElection62] INFO  impl.RaftServerImpl (RaftServerImpl.java:setRole(170)) - 60e6f12e-5d6a-440d-a53d-add976405879@group-36983975A9F0: changes role from CANDIDATE to LEADER at term 1 for changeToLeader
2019-10-05 01:11:30,020 [60e6f12e-5d6a-440d-a53d-add976405879@group-36983975A9F0-LeaderElection62] INFO  impl.RaftServerImpl (ServerState.java:setLeader(255)) - 60e6f12e-5d6a-440d-a53d-add976405879@group-36983975A9F0: change Leader from null to 60e6f12e-5d6a-440d-a53d-add976405879 at term 1 for becomeLeader, leader elected after 5055ms
2019-10-05 01:11:30,020 [60e6f12e-5d6a-440d-a53d-add976405879@group-36983975A9F0-LeaderElection62] INFO  server.RaftServerConfigKeys (ConfUtils.java:logGet(43)) - raft.server.staging.catchup.gap = 1000 (default)
2019-10-05 01:11:30,020 [60e6f12e-5d6a-440d-a53d-add976405879@group-36983975A9F0-LeaderElection62] INFO  server.RaftServerConfigKeys (ConfUtils.java:logGet(43)) - raft.server.rpc.sleep.time = 25ms (default)
2019-10-05 01:11:30,020 [60e6f12e-5d6a-440d-a53d-add976405879@group-36983975A9F0-LeaderElection62] INFO  server.RaftServerConfigKeys (ConfUtils.java:logGet(43)) - raft.server.write.element-limit = 4096 (default)
2019-10-05 01:11:30,021 [60e6f12e-5d6a-440d-a53d-add976405879@group-36983975A9F0-LeaderElection62] INFO  server.RaftServerConfigKeys (ConfUtils.java:logGet(43)) - raft.server.watch.timeout = 10s (default)
2019-10-05 01:11:30,021 [60e6f12e-5d6a-440d-a53d-add976405879@group-36983975A9F0-LeaderElection62] INFO  server.RaftServerConfigKeys (ConfUtils.java:logGet(43)) - raft.server.watch.timeout.denomination = 1s (default)
2019-10-05 01:11:30,021 [60e6f12e-5d6a-440d-a53d-add976405879@group-36983975A9F0-LeaderElection62] INFO  server.RaftServerConfigKeys (ConfUtils.java:logGet(43)) - raft.server.watch.element-limit = 65536 (default)
2019-10-05 01:11:30,023 [60e6f12e-5d6a-440d-a53d-add976405879@group-36983975A9F0-LeaderElection62] INFO  impl.RoleInfo (RoleInfo.java:updateAndGet(143)) - 60e6f12e-5d6a-440d-a53d-add976405879: start LeaderState
2019-10-05 01:11:30,024 [60e6f12e-5d6a-440d-a53d-add976405879@group-36983975A9F0-LeaderElection62] INFO  segmented.SegmentedRaftLogWorker (SegmentedRaftLogWorker.java:startLogSegment(385)) - 60e6f12e-5d6a-440d-a53d-add976405879@group-36983975A9F0-SegmentedRaftLogWorker: Starting segment from index:0
2019-10-05 01:11:30,026 [60e6f12e-5d6a-440d-a53d-add976405879@group-36983975A9F0-LeaderElection62] INFO  impl.RaftServerImpl (ServerState.java:setRaftConf(356)) - 60e6f12e-5d6a-440d-a53d-add976405879@group-36983975A9F0: set configuration 0: [60e6f12e-5d6a-440d-a53d-add976405879:192.168.151.105:39677], old=null at 0
2019-10-05 01:11:30,049 [32295ca9-a6a1-49e3-9af3-cbfbe785534d@group-6795B8910095-SegmentedRaftLogWorker] INFO  segmented.SegmentedRaftLogWorker (SegmentedRaftLogWorker.java:execute(574)) - 32295ca9-a6a1-49e3-9af3-cbfbe785534d@group-6795B8910095-SegmentedRaftLogWorker: created new log segment /workdir/hadoop-ozone/integration-test/target/test-dir/MiniOzoneClusterImpl-89e9bd69-a153-46b5-bae3-cb56c8e8ff2c/datanode-3/data/ratis/90375fd5-4cff-4a58-a7f6-6795b8910095/current/log_inprogress_0
2019-10-05 01:11:30,051 [60e6f12e-5d6a-440d-a53d-add976405879@group-36983975A9F0-SegmentedRaftLogWorker] INFO  segmented.SegmentedRaftLogWorker (SegmentedRaftLogWorker.java:execute(574)) - 60e6f12e-5d6a-440d-a53d-add976405879@group-36983975A9F0-SegmentedRaftLogWorker: created new log segment /workdir/hadoop-ozone/integration-test/target/test-dir/MiniOzoneClusterImpl-89e9bd69-a153-46b5-bae3-cb56c8e8ff2c/datanode-5/data/ratis/d1dd4b1f-70a3-47b5-8e3b-36983975a9f0/current/log_inprogress_0
2019-10-05 01:11:30,130 [Thread-2369] INFO  impl.FollowerState (FollowerState.java:run(108)) - 7594b30a-c57a-43b0-b891-3caa9c1c8e11@group-2F5ADEA4E372-FollowerState: change to CANDIDATE, lastRpcTime:5106ms, electionTimeout:5106ms
2019-10-05 01:11:30,130 [Thread-2369] INFO  impl.RoleInfo (RoleInfo.java:shutdownFollowerState(121)) - 7594b30a-c57a-43b0-b891-3caa9c1c8e11: shutdown FollowerState
2019-10-05 01:11:30,130 [Thread-2369] INFO  impl.RaftServerImpl (RaftServerImpl.java:setRole(170)) - 7594b30a-c57a-43b0-b891-3caa9c1c8e11@group-2F5ADEA4E372: changes role from  FOLLOWER to CANDIDATE at term 0 for changeToCandidate
2019-10-05 01:11:30,130 [Thread-2369] INFO  impl.RoleInfo (RoleInfo.java:updateAndGet(143)) - 7594b30a-c57a-43b0-b891-3caa9c1c8e11: start LeaderElection
2019-10-05 01:11:30,161 [7594b30a-c57a-43b0-b891-3caa9c1c8e11@group-2F5ADEA4E372-LeaderElection63] INFO  impl.LeaderElection (LeaderElection.java:askForVotes(178)) - 7594b30a-c57a-43b0-b891-3caa9c1c8e11@group-2F5ADEA4E372-LeaderElection63: begin an election at term 1 for -1: [7594b30a-c57a-43b0-b891-3caa9c1c8e11:192.168.151.105:46524], old=null
2019-10-05 01:11:30,162 [7594b30a-c57a-43b0-b891-3caa9c1c8e11@group-2F5ADEA4E372-LeaderElection63] INFO  impl.RoleInfo (RoleInfo.java:shutdownLeaderElection(134)) - 7594b30a-c57a-43b0-b891-3caa9c1c8e11: shutdown LeaderElection
2019-10-05 01:11:30,162 [7594b30a-c57a-43b0-b891-3caa9c1c8e11@group-2F5ADEA4E372-LeaderElection63] INFO  impl.RaftServerImpl (RaftServerImpl.java:setRole(170)) - 7594b30a-c57a-43b0-b891-3caa9c1c8e11@group-2F5ADEA4E372: changes role from CANDIDATE to LEADER at term 1 for changeToLeader
2019-10-05 01:11:30,162 [7594b30a-c57a-43b0-b891-3caa9c1c8e11@group-2F5ADEA4E372-LeaderElection63] INFO  impl.RaftServerImpl (ServerState.java:setLeader(255)) - 7594b30a-c57a-43b0-b891-3caa9c1c8e11@group-2F5ADEA4E372: change Leader from null to 7594b30a-c57a-43b0-b891-3caa9c1c8e11 at term 1 for becomeLeader, leader elected after 5143ms
2019-10-05 01:11:30,162 [7594b30a-c57a-43b0-b891-3caa9c1c8e11@group-2F5ADEA4E372-LeaderElection63] INFO  server.RaftServerConfigKeys (ConfUtils.java:logGet(43)) - raft.server.staging.catchup.gap = 1000 (default)
2019-10-05 01:11:30,162 [7594b30a-c57a-43b0-b891-3caa9c1c8e11@group-2F5ADEA4E372-LeaderElection63] INFO  server.RaftServerConfigKeys (ConfUtils.java:logGet(43)) - raft.server.rpc.sleep.time = 25ms (default)
2019-10-05 01:11:30,163 [7594b30a-c57a-43b0-b891-3caa9c1c8e11@group-2F5ADEA4E372-LeaderElection63] INFO  server.RaftServerConfigKeys (ConfUtils.java:logGet(43)) - raft.server.write.element-limit = 4096 (default)
2019-10-05 01:11:30,163 [7594b30a-c57a-43b0-b891-3caa9c1c8e11@group-2F5ADEA4E372-LeaderElection63] INFO  server.RaftServerConfigKeys (ConfUtils.java:logGet(43)) - raft.server.watch.timeout = 10s (default)
2019-10-05 01:11:30,163 [7594b30a-c57a-43b0-b891-3caa9c1c8e11@group-2F5ADEA4E372-LeaderElection63] INFO  server.RaftServerConfigKeys (ConfUtils.java:logGet(43)) - raft.server.watch.timeout.denomination = 1s (default)
2019-10-05 01:11:30,163 [7594b30a-c57a-43b0-b891-3caa9c1c8e11@group-2F5ADEA4E372-LeaderElection63] INFO  server.RaftServerConfigKeys (ConfUtils.java:logGet(43)) - raft.server.watch.element-limit = 65536 (default)
2019-10-05 01:11:30,165 [7594b30a-c57a-43b0-b891-3caa9c1c8e11@group-2F5ADEA4E372-LeaderElection63] INFO  impl.RoleInfo (RoleInfo.java:updateAndGet(143)) - 7594b30a-c57a-43b0-b891-3caa9c1c8e11: start LeaderState
2019-10-05 01:11:30,165 [7594b30a-c57a-43b0-b891-3caa9c1c8e11@group-2F5ADEA4E372-LeaderElection63] INFO  segmented.SegmentedRaftLogWorker (SegmentedRaftLogWorker.java:startLogSegment(385)) - 7594b30a-c57a-43b0-b891-3caa9c1c8e11@group-2F5ADEA4E372-SegmentedRaftLogWorker: Starting segment from index:0
2019-10-05 01:11:30,166 [7594b30a-c57a-43b0-b891-3caa9c1c8e11@group-2F5ADEA4E372-LeaderElection63] INFO  impl.RaftServerImpl (ServerState.java:setRaftConf(356)) - 7594b30a-c57a-43b0-b891-3caa9c1c8e11@group-2F5ADEA4E372: set configuration 0: [7594b30a-c57a-43b0-b891-3caa9c1c8e11:192.168.151.105:46524], old=null at 0
2019-10-05 01:11:30,189 [Thread-2372] INFO  impl.FollowerState (FollowerState.java:run(108)) - 7594b30a-c57a-43b0-b891-3caa9c1c8e11@group-35C619D91BDB-FollowerState: change to CANDIDATE, lastRpcTime:5094ms, electionTimeout:5094ms
2019-10-05 01:11:30,190 [Thread-2372] INFO  impl.RoleInfo (RoleInfo.java:shutdownFollowerState(121)) - 7594b30a-c57a-43b0-b891-3caa9c1c8e11: shutdown FollowerState
2019-10-05 01:11:30,190 [Thread-2372] INFO  impl.RaftServerImpl (RaftServerImpl.java:setRole(170)) - 7594b30a-c57a-43b0-b891-3caa9c1c8e11@group-35C619D91BDB: changes role from  FOLLOWER to CANDIDATE at term 0 for changeToCandidate
2019-10-05 01:11:30,190 [Thread-2372] INFO  impl.RoleInfo (RoleInfo.java:updateAndGet(143)) - 7594b30a-c57a-43b0-b891-3caa9c1c8e11: start LeaderElection
2019-10-05 01:11:30,211 [Thread-2376] INFO  impl.FollowerState (FollowerState.java:run(108)) - 60e6f12e-5d6a-440d-a53d-add976405879@group-35C619D91BDB-FollowerState: change to CANDIDATE, lastRpcTime:5111ms, electionTimeout:5111ms
2019-10-05 01:11:30,211 [Thread-2376] INFO  impl.RoleInfo (RoleInfo.java:shutdownFollowerState(121)) - 60e6f12e-5d6a-440d-a53d-add976405879: shutdown FollowerState
2019-10-05 01:11:30,211 [Thread-2376] INFO  impl.RaftServerImpl (RaftServerImpl.java:setRole(170)) - 60e6f12e-5d6a-440d-a53d-add976405879@group-35C619D91BDB: changes role from  FOLLOWER to CANDIDATE at term 0 for changeToCandidate
2019-10-05 01:11:30,211 [Thread-2376] INFO  impl.RoleInfo (RoleInfo.java:updateAndGet(143)) - 60e6f12e-5d6a-440d-a53d-add976405879: start LeaderElection
2019-10-05 01:11:30,235 [7594b30a-c57a-43b0-b891-3caa9c1c8e11@group-2F5ADEA4E372-SegmentedRaftLogWorker] INFO  segmented.SegmentedRaftLogWorker (SegmentedRaftLogWorker.java:execute(574)) - 7594b30a-c57a-43b0-b891-3caa9c1c8e11@group-2F5ADEA4E372-SegmentedRaftLogWorker: created new log segment /workdir/hadoop-ozone/integration-test/target/test-dir/MiniOzoneClusterImpl-89e9bd69-a153-46b5-bae3-cb56c8e8ff2c/datanode-6/data/ratis/03faf15a-776c-4bd7-a53f-2f5adea4e372/current/log_inprogress_0
2019-10-05 01:11:30,236 [60e6f12e-5d6a-440d-a53d-add976405879@group-35C619D91BDB-LeaderElection65] INFO  impl.LeaderElection (LeaderElection.java:askForVotes(178)) - 60e6f12e-5d6a-440d-a53d-add976405879@group-35C619D91BDB-LeaderElection65: begin an election at term 1 for -1: [32295ca9-a6a1-49e3-9af3-cbfbe785534d:192.168.151.105:34745, 7594b30a-c57a-43b0-b891-3caa9c1c8e11:192.168.151.105:46524, 60e6f12e-5d6a-440d-a53d-add976405879:192.168.151.105:39677], old=null
2019-10-05 01:11:30,236 [7594b30a-c57a-43b0-b891-3caa9c1c8e11@group-35C619D91BDB-LeaderElection64] INFO  impl.LeaderElection (LeaderElection.java:askForVotes(178)) - 7594b30a-c57a-43b0-b891-3caa9c1c8e11@group-35C619D91BDB-LeaderElection64: begin an election at term 1 for -1: [32295ca9-a6a1-49e3-9af3-cbfbe785534d:192.168.151.105:34745, 7594b30a-c57a-43b0-b891-3caa9c1c8e11:192.168.151.105:46524, 60e6f12e-5d6a-440d-a53d-add976405879:192.168.151.105:39677], old=null
2019-10-05 01:11:30,252 [grpc-default-executor-4] INFO  impl.RaftServerImpl (RaftServerImpl.java:setRole(170)) - 32295ca9-a6a1-49e3-9af3-cbfbe785534d@group-35C619D91BDB: changes role from  FOLLOWER to FOLLOWER at term 1 for recognizeCandidate:60e6f12e-5d6a-440d-a53d-add976405879
2019-10-05 01:11:30,253 [grpc-default-executor-4] INFO  impl.RoleInfo (RoleInfo.java:shutdownFollowerState(121)) - 32295ca9-a6a1-49e3-9af3-cbfbe785534d: shutdown FollowerState
2019-10-05 01:11:30,253 [grpc-default-executor-4] INFO  impl.RoleInfo (RoleInfo.java:updateAndGet(143)) - 32295ca9-a6a1-49e3-9af3-cbfbe785534d: start FollowerState
2019-10-05 01:11:30,257 [7594b30a-c57a-43b0-b891-3caa9c1c8e11@group-35C619D91BDB-LeaderElection64] INFO  impl.LeaderElection (LeaderElection.java:logAndReturn(56)) - 7594b30a-c57a-43b0-b891-3caa9c1c8e11@group-35C619D91BDB-LeaderElection64: Election REJECTED; received 2 response(s) [7594b30a-c57a-43b0-b891-3caa9c1c8e11<-32295ca9-a6a1-49e3-9af3-cbfbe785534d#0:FAIL-t1, 7594b30a-c57a-43b0-b891-3caa9c1c8e11<-60e6f12e-5d6a-440d-a53d-add976405879#0:FAIL-t1] and 0 exception(s); 7594b30a-c57a-43b0-b891-3caa9c1c8e11@group-35C619D91BDB:t1, leader=null, voted=7594b30a-c57a-43b0-b891-3caa9c1c8e11, raftlog=7594b30a-c57a-43b0-b891-3caa9c1c8e11@group-35C619D91BDB-SegmentedRaftLog:OPENED:c-1,f-1,i0, conf=-1: [32295ca9-a6a1-49e3-9af3-cbfbe785534d:192.168.151.105:34745, 7594b30a-c57a-43b0-b891-3caa9c1c8e11:192.168.151.105:46524, 60e6f12e-5d6a-440d-a53d-add976405879:192.168.151.105:39677], old=null
2019-10-05 01:11:30,257 [60e6f12e-5d6a-440d-a53d-add976405879@group-35C619D91BDB-LeaderElection65] INFO  impl.LeaderElection (LeaderElection.java:logAndReturn(56)) - 60e6f12e-5d6a-440d-a53d-add976405879@group-35C619D91BDB-LeaderElection65: Election PASSED; received 2 response(s) [60e6f12e-5d6a-440d-a53d-add976405879<-32295ca9-a6a1-49e3-9af3-cbfbe785534d#0:OK-t1, 60e6f12e-5d6a-440d-a53d-add976405879<-7594b30a-c57a-43b0-b891-3caa9c1c8e11#0:FAIL-t1] and 0 exception(s); 60e6f12e-5d6a-440d-a53d-add976405879@group-35C619D91BDB:t1, leader=null, voted=60e6f12e-5d6a-440d-a53d-add976405879, raftlog=60e6f12e-5d6a-440d-a53d-add976405879@group-35C619D91BDB-SegmentedRaftLog:OPENED:c-1,f-1,i0, conf=-1: [32295ca9-a6a1-49e3-9af3-cbfbe785534d:192.168.151.105:34745, 7594b30a-c57a-43b0-b891-3caa9c1c8e11:192.168.151.105:46524, 60e6f12e-5d6a-440d-a53d-add976405879:192.168.151.105:39677], old=null
2019-10-05 01:11:30,257 [7594b30a-c57a-43b0-b891-3caa9c1c8e11@group-35C619D91BDB-LeaderElection64] INFO  impl.RaftServerImpl (RaftServerImpl.java:setRole(170)) - 7594b30a-c57a-43b0-b891-3caa9c1c8e11@group-35C619D91BDB: changes role from CANDIDATE to FOLLOWER at term 1 for DISCOVERED_A_NEW_TERM
2019-10-05 01:11:30,257 [60e6f12e-5d6a-440d-a53d-add976405879@group-35C619D91BDB-LeaderElection65] INFO  impl.RoleInfo (RoleInfo.java:shutdownLeaderElection(134)) - 60e6f12e-5d6a-440d-a53d-add976405879: shutdown LeaderElection
2019-10-05 01:11:30,257 [7594b30a-c57a-43b0-b891-3caa9c1c8e11@group-35C619D91BDB-LeaderElection64] INFO  impl.RoleInfo (RoleInfo.java:shutdownLeaderElection(134)) - 7594b30a-c57a-43b0-b891-3caa9c1c8e11: shutdown LeaderElection
2019-10-05 01:11:30,257 [60e6f12e-5d6a-440d-a53d-add976405879@group-35C619D91BDB-LeaderElection65] INFO  impl.RaftServerImpl (RaftServerImpl.java:setRole(170)) - 60e6f12e-5d6a-440d-a53d-add976405879@group-35C619D91BDB: changes role from CANDIDATE to LEADER at term 1 for changeToLeader
2019-10-05 01:11:30,258 [7594b30a-c57a-43b0-b891-3caa9c1c8e11@group-35C619D91BDB-LeaderElection64] INFO  impl.RoleInfo (RoleInfo.java:updateAndGet(143)) - 7594b30a-c57a-43b0-b891-3caa9c1c8e11: start FollowerState
2019-10-05 01:11:30,258 [60e6f12e-5d6a-440d-a53d-add976405879@group-35C619D91BDB-LeaderElection65] INFO  impl.RaftServerImpl (ServerState.java:setLeader(255)) - 60e6f12e-5d6a-440d-a53d-add976405879@group-35C619D91BDB: change Leader from null to 60e6f12e-5d6a-440d-a53d-add976405879 at term 1 for becomeLeader, leader elected after 5170ms
2019-10-05 01:11:30,258 [60e6f12e-5d6a-440d-a53d-add976405879@group-35C619D91BDB-LeaderElection65] INFO  server.RaftServerConfigKeys (ConfUtils.java:logGet(43)) - raft.server.staging.catchup.gap = 1000 (default)
2019-10-05 01:11:30,258 [60e6f12e-5d6a-440d-a53d-add976405879@group-35C619D91BDB-LeaderElection65] INFO  server.RaftServerConfigKeys (ConfUtils.java:logGet(43)) - raft.server.rpc.sleep.time = 25ms (default)
2019-10-05 01:11:30,258 [60e6f12e-5d6a-440d-a53d-add976405879@group-35C619D91BDB-LeaderElection65] INFO  server.RaftServerConfigKeys (ConfUtils.java:logGet(43)) - raft.server.write.element-limit = 4096 (default)
2019-10-05 01:11:30,259 [60e6f12e-5d6a-440d-a53d-add976405879@group-35C619D91BDB-LeaderElection65] INFO  server.RaftServerConfigKeys (ConfUtils.java:logGet(43)) - raft.server.watch.timeout = 10s (default)
2019-10-05 01:11:30,259 [60e6f12e-5d6a-440d-a53d-add976405879@group-35C619D91BDB-LeaderElection65] INFO  server.RaftServerConfigKeys (ConfUtils.java:logGet(43)) - raft.server.watch.timeout.denomination = 1s (default)
2019-10-05 01:11:30,259 [60e6f12e-5d6a-440d-a53d-add976405879@group-35C619D91BDB-LeaderElection65] INFO  server.RaftServerConfigKeys (ConfUtils.java:logGet(43)) - raft.server.watch.element-limit = 65536 (default)
2019-10-05 01:11:30,261 [60e6f12e-5d6a-440d-a53d-add976405879@group-35C619D91BDB-LeaderElection65] INFO  server.RaftServerConfigKeys (ConfUtils.java:logGet(43)) - raft.server.log.appender.snapshot.chunk.size.max = 16MB (=16777216) (default)
2019-10-05 01:11:30,261 [60e6f12e-5d6a-440d-a53d-add976405879@group-35C619D91BDB-LeaderElection65] INFO  server.RaftServerConfigKeys (ConfUtils.java:logGet(43)) - raft.server.log.appender.buffer.byte-limit = 33554432 (custom)
2019-10-05 01:11:30,261 [60e6f12e-5d6a-440d-a53d-add976405879@group-35C619D91BDB-LeaderElection65] INFO  server.RaftServerConfigKeys (ConfUtils.java:logGet(43)) - raft.server.log.appender.buffer.element-limit = 1 (custom)
2019-10-05 01:11:30,262 [60e6f12e-5d6a-440d-a53d-add976405879@group-35C619D91BDB-LeaderElection65] INFO  grpc.GrpcConfigKeys$Server (ConfUtils.java:logGet(43)) - raft.grpc.server.leader.outstanding.appends.max = 128 (default)
2019-10-05 01:11:30,262 [60e6f12e-5d6a-440d-a53d-add976405879@group-35C619D91BDB-LeaderElection65] INFO  server.RaftServerConfigKeys (ConfUtils.java:logGet(43)) - raft.server.rpc.request.timeout = 3000ms (default)
2019-10-05 01:11:30,262 [60e6f12e-5d6a-440d-a53d-add976405879@group-35C619D91BDB-LeaderElection65] INFO  server.RaftServerConfigKeys (ConfUtils.java:logGet(43)) - raft.server.log.appender.install.snapshot.enabled = false (custom)
2019-10-05 01:11:30,262 [60e6f12e-5d6a-440d-a53d-add976405879@group-35C619D91BDB-LeaderElection65] INFO  server.RaftServerConfigKeys (ConfUtils.java:logGet(43)) - raft.server.log.appender.snapshot.chunk.size.max = 16MB (=16777216) (default)
2019-10-05 01:11:30,262 [60e6f12e-5d6a-440d-a53d-add976405879@group-35C619D91BDB-LeaderElection65] INFO  server.RaftServerConfigKeys (ConfUtils.java:logGet(43)) - raft.server.log.appender.buffer.byte-limit = 33554432 (custom)
2019-10-05 01:11:30,263 [60e6f12e-5d6a-440d-a53d-add976405879@group-35C619D91BDB-LeaderElection65] INFO  server.RaftServerConfigKeys (ConfUtils.java:logGet(43)) - raft.server.log.appender.buffer.element-limit = 1 (custom)
2019-10-05 01:11:30,263 [60e6f12e-5d6a-440d-a53d-add976405879@group-35C619D91BDB-LeaderElection65] INFO  grpc.GrpcConfigKeys$Server (ConfUtils.java:logGet(43)) - raft.grpc.server.leader.outstanding.appends.max = 128 (default)
2019-10-05 01:11:30,263 [60e6f12e-5d6a-440d-a53d-add976405879@group-35C619D91BDB-LeaderElection65] INFO  server.RaftServerConfigKeys (ConfUtils.java:logGet(43)) - raft.server.rpc.request.timeout = 3000ms (default)
2019-10-05 01:11:30,263 [60e6f12e-5d6a-440d-a53d-add976405879@group-35C619D91BDB-LeaderElection65] INFO  server.RaftServerConfigKeys (ConfUtils.java:logGet(43)) - raft.server.log.appender.install.snapshot.enabled = false (custom)
2019-10-05 01:11:30,263 [60e6f12e-5d6a-440d-a53d-add976405879@group-35C619D91BDB-LeaderElection65] INFO  impl.RoleInfo (RoleInfo.java:updateAndGet(143)) - 60e6f12e-5d6a-440d-a53d-add976405879: start LeaderState
2019-10-05 01:11:30,264 [60e6f12e-5d6a-440d-a53d-add976405879@group-35C619D91BDB-LeaderElection65] INFO  segmented.SegmentedRaftLogWorker (SegmentedRaftLogWorker.java:startLogSegment(385)) - 60e6f12e-5d6a-440d-a53d-add976405879@group-35C619D91BDB-SegmentedRaftLogWorker: Starting segment from index:0
2019-10-05 01:11:30,264 [60e6f12e-5d6a-440d-a53d-add976405879@group-35C619D91BDB-LeaderElection65] INFO  impl.RaftServerImpl (ServerState.java:setRaftConf(356)) - 60e6f12e-5d6a-440d-a53d-add976405879@group-35C619D91BDB: set configuration 0: [32295ca9-a6a1-49e3-9af3-cbfbe785534d:192.168.151.105:34745, 7594b30a-c57a-43b0-b891-3caa9c1c8e11:192.168.151.105:46524, 60e6f12e-5d6a-440d-a53d-add976405879:192.168.151.105:39677], old=null at 0
2019-10-05 01:11:30,266 [grpc-default-executor-3] INFO  impl.RaftServerImpl (ServerState.java:setLeader(255)) - 32295ca9-a6a1-49e3-9af3-cbfbe785534d@group-35C619D91BDB: change Leader from null to 60e6f12e-5d6a-440d-a53d-add976405879 at term 1 for appendEntries, leader elected after 5178ms
2019-10-05 01:11:30,266 [grpc-default-executor-4] INFO  impl.RaftServerImpl (ServerState.java:setLeader(255)) - 7594b30a-c57a-43b0-b891-3caa9c1c8e11@group-35C619D91BDB: change Leader from null to 60e6f12e-5d6a-440d-a53d-add976405879 at term 1 for appendEntries, leader elected after 5178ms
2019-10-05 01:11:30,267 [grpc-default-executor-3] INFO  impl.RaftServerImpl (ServerState.java:setRaftConf(356)) - 32295ca9-a6a1-49e3-9af3-cbfbe785534d@group-35C619D91BDB: set configuration 0: [32295ca9-a6a1-49e3-9af3-cbfbe785534d:192.168.151.105:34745, 7594b30a-c57a-43b0-b891-3caa9c1c8e11:192.168.151.105:46524, 60e6f12e-5d6a-440d-a53d-add976405879:192.168.151.105:39677], old=null at 0
2019-10-05 01:11:30,267 [grpc-default-executor-4] INFO  impl.RaftServerImpl (ServerState.java:setRaftConf(356)) - 7594b30a-c57a-43b0-b891-3caa9c1c8e11@group-35C619D91BDB: set configuration 0: [32295ca9-a6a1-49e3-9af3-cbfbe785534d:192.168.151.105:34745, 7594b30a-c57a-43b0-b891-3caa9c1c8e11:192.168.151.105:46524, 60e6f12e-5d6a-440d-a53d-add976405879:192.168.151.105:39677], old=null at 0
2019-10-05 01:11:30,268 [grpc-default-executor-3] INFO  segmented.SegmentedRaftLogWorker (SegmentedRaftLogWorker.java:startLogSegment(385)) - 32295ca9-a6a1-49e3-9af3-cbfbe785534d@group-35C619D91BDB-SegmentedRaftLogWorker: Starting segment from index:0
2019-10-05 01:11:30,268 [grpc-default-executor-4] INFO  segmented.SegmentedRaftLogWorker (SegmentedRaftLogWorker.java:startLogSegment(385)) - 7594b30a-c57a-43b0-b891-3caa9c1c8e11@group-35C619D91BDB-SegmentedRaftLogWorker: Starting segment from index:0
2019-10-05 01:11:30,304 [60e6f12e-5d6a-440d-a53d-add976405879@group-35C619D91BDB-SegmentedRaftLogWorker] INFO  segmented.SegmentedRaftLogWorker (SegmentedRaftLogWorker.java:execute(574)) - 60e6f12e-5d6a-440d-a53d-add976405879@group-35C619D91BDB-SegmentedRaftLogWorker: created new log segment /workdir/hadoop-ozone/integration-test/target/test-dir/MiniOzoneClusterImpl-89e9bd69-a153-46b5-bae3-cb56c8e8ff2c/datanode-5/data/ratis/3ee8b7db-00c8-4e36-8e46-35c619d91bdb/current/log_inprogress_0
2019-10-05 01:11:30,304 [32295ca9-a6a1-49e3-9af3-cbfbe785534d@group-35C619D91BDB-SegmentedRaftLogWorker] INFO  segmented.SegmentedRaftLogWorker (SegmentedRaftLogWorker.java:execute(574)) - 32295ca9-a6a1-49e3-9af3-cbfbe785534d@group-35C619D91BDB-SegmentedRaftLogWorker: created new log segment /workdir/hadoop-ozone/integration-test/target/test-dir/MiniOzoneClusterImpl-89e9bd69-a153-46b5-bae3-cb56c8e8ff2c/datanode-3/data/ratis/3ee8b7db-00c8-4e36-8e46-35c619d91bdb/current/log_inprogress_0
2019-10-05 01:11:30,320 [7594b30a-c57a-43b0-b891-3caa9c1c8e11@group-35C619D91BDB-SegmentedRaftLogWorker] INFO  segmented.SegmentedRaftLogWorker (SegmentedRaftLogWorker.java:execute(574)) - 7594b30a-c57a-43b0-b891-3caa9c1c8e11@group-35C619D91BDB-SegmentedRaftLogWorker: created new log segment /workdir/hadoop-ozone/integration-test/target/test-dir/MiniOzoneClusterImpl-89e9bd69-a153-46b5-bae3-cb56c8e8ff2c/datanode-6/data/ratis/3ee8b7db-00c8-4e36-8e46-35c619d91bdb/current/log_inprogress_0
2019-10-05 01:11:31,014 [grpc-default-executor-6] WARN  server.GrpcLogAppender (LogUtils.java:warn(134)) - f19346f0-5ca3-4e6f-bfd9-1e67cc451c5e@group-6C146C812D05->07cb5bbc-8352-4509-916c-30becd83db4e-AppendLogResponseHandler: Failed appendEntries: org.apache.ratis.thirdparty.io.grpc.StatusRuntimeException: UNAVAILABLE: io exception
2019-10-05 01:11:31,015 [grpc-default-executor-6] INFO  impl.FollowerInfo (FollowerInfo.java:lambda$new$0(51)) - f19346f0-5ca3-4e6f-bfd9-1e67cc451c5e@group-6C146C812D05->07cb5bbc-8352-4509-916c-30becd83db4e: nextIndex: updateUnconditionally 0 -> 0
2019-10-05 01:11:31,015 [grpc-default-executor-3] WARN  server.GrpcLogAppender (LogUtils.java:warn(134)) - f19346f0-5ca3-4e6f-bfd9-1e67cc451c5e@group-6C146C812D05->e7349651-06e6-4307-8dab-742a146f4cf9-AppendLogResponseHandler: Failed appendEntries: org.apache.ratis.thirdparty.io.grpc.StatusRuntimeException: UNAVAILABLE: io exception
2019-10-05 01:11:31,016 [grpc-default-executor-3] INFO  impl.FollowerInfo (FollowerInfo.java:lambda$new$0(51)) - f19346f0-5ca3-4e6f-bfd9-1e67cc451c5e@group-6C146C812D05->e7349651-06e6-4307-8dab-742a146f4cf9: nextIndex: updateUnconditionally 0 -> 0
2019-10-05 01:11:31,356 [Datanode State Machine Thread - 0] INFO  statemachine.DatanodeStateMachine (DatanodeStateMachine.java:lambda$startDaemon$0(350)) - Ozone container server started.
2019-10-05 01:11:33,056 [Thread-2460] INFO  client.GrpcClientProtocolService (GrpcClientProtocolService.java:lambda$processClientRequest$0(278)) - Failed RaftClientRequest:client-9CF7328F923B->f19346f0-5ca3-4e6f-bfd9-1e67cc451c5e@group-6C146C812D05, cid=68, seq=0, Watch-MAJORITY_COMMITTED(49), Message:<EMPTY>, reply=RaftClientReply:client-9CF7328F923B->f19346f0-5ca3-4e6f-bfd9-1e67cc451c5e@group-6C146C812D05, cid=68, FAILED org.apache.ratis.protocol.NotReplicatedException: Request with call Id 68 and log index 49 is not yet replicated to MAJORITY_COMMITTED, logIndex=49, commits[f19346f0-5ca3-4e6f-bfd9-1e67cc451c5e:c2, e7349651-06e6-4307-8dab-742a146f4cf9:c2, 07cb5bbc-8352-4509-916c-30becd83db4e:c2]
2019-10-05 01:11:33,516 [grpc-default-executor-4] WARN  server.GrpcLogAppender (LogUtils.java:warn(134)) - f19346f0-5ca3-4e6f-bfd9-1e67cc451c5e@group-6C146C812D05->e7349651-06e6-4307-8dab-742a146f4cf9-AppendLogResponseHandler: Failed appendEntries: org.apache.ratis.thirdparty.io.grpc.StatusRuntimeException: UNAVAILABLE: io exception
2019-10-05 01:11:33,516 [grpc-default-executor-6] WARN  server.GrpcLogAppender (LogUtils.java:warn(134)) - f19346f0-5ca3-4e6f-bfd9-1e67cc451c5e@group-6C146C812D05->07cb5bbc-8352-4509-916c-30becd83db4e-AppendLogResponseHandler: Failed appendEntries: org.apache.ratis.thirdparty.io.grpc.StatusRuntimeException: UNAVAILABLE: io exception
2019-10-05 01:11:33,516 [grpc-default-executor-4] INFO  impl.FollowerInfo (FollowerInfo.java:lambda$new$0(51)) - f19346f0-5ca3-4e6f-bfd9-1e67cc451c5e@group-6C146C812D05->e7349651-06e6-4307-8dab-742a146f4cf9: nextIndex: updateUnconditionally 0 -> 0
2019-10-05 01:11:33,517 [grpc-default-executor-6] INFO  impl.FollowerInfo (FollowerInfo.java:lambda$new$0(51)) - f19346f0-5ca3-4e6f-bfd9-1e67cc451c5e@group-6C146C812D05->07cb5bbc-8352-4509-916c-30becd83db4e: nextIndex: updateUnconditionally 0 -> 0
2019-10-05 01:11:35,369 [main] INFO  ozoneimpl.OzoneContainer (OzoneContainer.java:stop(231)) - Attempting to stop container services.
2019-10-05 01:11:35,370 [main] INFO  impl.RaftServerProxy (RaftServerProxy.java:lambda$close$4(314)) - 5ec9b283-de98-40ef-ad07-e01c743893bf: close
2019-10-05 01:11:35,371 [main] INFO  impl.RaftServerImpl (RaftServerImpl.java:lambda$shutdown$3(247)) - 5ec9b283-de98-40ef-ad07-e01c743893bf@group-8A0C1F52EF29: shutdown
2019-10-05 01:11:35,371 [ForkJoinPool.commonPool-worker-1] INFO  impl.RaftServerImpl (RaftServerImpl.java:lambda$shutdown$3(247)) - 5ec9b283-de98-40ef-ad07-e01c743893bf@group-5C6DCA51C1B0: shutdown
2019-10-05 01:11:35,372 [main] INFO  util.JmxRegister (JmxRegister.java:unregister(73)) - Successfully un-registered JMX Bean with object name Ratis:service=RaftServer,group=group-8A0C1F52EF29,id=5ec9b283-de98-40ef-ad07-e01c743893bf
2019-10-05 01:11:35,372 [ForkJoinPool.commonPool-worker-1] INFO  util.JmxRegister (JmxRegister.java:unregister(73)) - Successfully un-registered JMX Bean with object name Ratis:service=RaftServer,group=group-5C6DCA51C1B0,id=5ec9b283-de98-40ef-ad07-e01c743893bf
2019-10-05 01:11:35,372 [main] INFO  impl.RoleInfo (RoleInfo.java:shutdownFollowerState(121)) - 5ec9b283-de98-40ef-ad07-e01c743893bf: shutdown FollowerState
2019-10-05 01:11:35,372 [ForkJoinPool.commonPool-worker-1] INFO  impl.RoleInfo (RoleInfo.java:shutdownLeaderState(104)) - 5ec9b283-de98-40ef-ad07-e01c743893bf: shutdown LeaderState
2019-10-05 01:11:35,372 [main] INFO  impl.StateMachineUpdater (StateMachineUpdater.java:stopAndJoin(136)) - 5ec9b283-de98-40ef-ad07-e01c743893bf@group-8A0C1F52EF29-StateMachineUpdater: set stopIndex = 2
2019-10-05 01:11:35,372 [5ec9b283-de98-40ef-ad07-e01c743893bf@group-8A0C1F52EF29-StateMachineUpdater] INFO  ratis.ContainerStateMachine (ContainerStateMachine.java:takeSnapshot(293)) - group-8A0C1F52EF29: Taking a snapshot at:(t:1, i:1) file /workdir/hadoop-ozone/integration-test/target/test-dir/MiniOzoneClusterImpl-89e9bd69-a153-46b5-bae3-cb56c8e8ff2c/datanode-1/data/ratis/ada3b3a3-8c0d-4099-bd11-8a0c1f52ef29/sm/snapshot.1_1
2019-10-05 01:11:35,372 [ForkJoinPool.commonPool-worker-1] INFO  impl.PendingRequests (PendingRequests.java:sendNotLeaderResponses(202)) - 5ec9b283-de98-40ef-ad07-e01c743893bf@group-5C6DCA51C1B0-PendingRequests: sendNotLeaderResponses
2019-10-05 01:11:35,372 [Thread-2405] INFO  impl.FollowerState (FollowerState.java:run(117)) - 5ec9b283-de98-40ef-ad07-e01c743893bf@group-8A0C1F52EF29-FollowerState was interrupted: java.lang.InterruptedException: sleep interrupted
2019-10-05 01:11:35,373 [ForkJoinPool.commonPool-worker-1] INFO  impl.StateMachineUpdater (StateMachineUpdater.java:stopAndJoin(136)) - 5ec9b283-de98-40ef-ad07-e01c743893bf@group-5C6DCA51C1B0-StateMachineUpdater: set stopIndex = 0
2019-10-05 01:11:35,374 [ForkJoinPool.commonPool-worker-1] INFO  impl.RaftServerImpl (ServerState.java:close(387)) - 5ec9b283-de98-40ef-ad07-e01c743893bf@group-5C6DCA51C1B0: closes. applyIndex: 0
2019-10-05 01:11:35,374 [5ec9b283-de98-40ef-ad07-e01c743893bf@group-5C6DCA51C1B0-SegmentedRaftLogWorker] INFO  segmented.SegmentedRaftLogWorker (SegmentedRaftLogWorker.java:run(316)) - 5ec9b283-de98-40ef-ad07-e01c743893bf@group-5C6DCA51C1B0-SegmentedRaftLogWorker was interrupted, exiting. There are 0 tasks remaining in the queue.
2019-10-05 01:11:35,381 [ForkJoinPool.commonPool-worker-1] INFO  segmented.SegmentedRaftLogWorker (SegmentedRaftLogWorker.java:close(224)) - 5ec9b283-de98-40ef-ad07-e01c743893bf@group-5C6DCA51C1B0-SegmentedRaftLogWorker close()
2019-10-05 01:11:35,388 [5ec9b283-de98-40ef-ad07-e01c743893bf@group-8A0C1F52EF29-StateMachineUpdater] INFO  ratis.ContainerStateMachine (ContainerStateMachine.java:takeSnapshot(304)) - group-8A0C1F52EF29: Finished taking a snapshot at:(t:1, i:1) file:/workdir/hadoop-ozone/integration-test/target/test-dir/MiniOzoneClusterImpl-89e9bd69-a153-46b5-bae3-cb56c8e8ff2c/datanode-1/data/ratis/ada3b3a3-8c0d-4099-bd11-8a0c1f52ef29/sm/snapshot.1_1 time:16
2019-10-05 01:11:35,389 [5ec9b283-de98-40ef-ad07-e01c743893bf@group-8A0C1F52EF29-StateMachineUpdater] INFO  impl.StateMachineUpdater (StateMachineUpdater.java:takeSnapshot(269)) - 5ec9b283-de98-40ef-ad07-e01c743893bf@group-8A0C1F52EF29-StateMachineUpdater: Took a snapshot at index 1
2019-10-05 01:11:35,389 [5ec9b283-de98-40ef-ad07-e01c743893bf@group-8A0C1F52EF29-StateMachineUpdater] INFO  impl.StateMachineUpdater (StateMachineUpdater.java:lambda$new$0(84)) - 5ec9b283-de98-40ef-ad07-e01c743893bf@group-8A0C1F52EF29-StateMachineUpdater: snapshotIndex: updateIncreasingly -1 -> 1
2019-10-05 01:11:35,389 [5ec9b283-de98-40ef-ad07-e01c743893bf@group-8A0C1F52EF29-StateMachineUpdater] INFO  ratis.ContainerStateMachine (ContainerStateMachine.java:takeSnapshot(293)) - group-8A0C1F52EF29: Taking a snapshot at:(t:1, i:1) file /workdir/hadoop-ozone/integration-test/target/test-dir/MiniOzoneClusterImpl-89e9bd69-a153-46b5-bae3-cb56c8e8ff2c/datanode-1/data/ratis/ada3b3a3-8c0d-4099-bd11-8a0c1f52ef29/sm/snapshot.1_1
2019-10-05 01:11:35,401 [5ec9b283-de98-40ef-ad07-e01c743893bf@group-8A0C1F52EF29-StateMachineUpdater] INFO  ratis.ContainerStateMachine (ContainerStateMachine.java:takeSnapshot(304)) - group-8A0C1F52EF29: Finished taking a snapshot at:(t:1, i:1) file:/workdir/hadoop-ozone/integration-test/target/test-dir/MiniOzoneClusterImpl-89e9bd69-a153-46b5-bae3-cb56c8e8ff2c/datanode-1/data/ratis/ada3b3a3-8c0d-4099-bd11-8a0c1f52ef29/sm/snapshot.1_1 time:12
2019-10-05 01:11:35,401 [5ec9b283-de98-40ef-ad07-e01c743893bf@group-8A0C1F52EF29-StateMachineUpdater] INFO  impl.StateMachineUpdater (StateMachineUpdater.java:takeSnapshot(269)) - 5ec9b283-de98-40ef-ad07-e01c743893bf@group-8A0C1F52EF29-StateMachineUpdater: Took a snapshot at index 1
2019-10-05 01:11:35,401 [5ec9b283-de98-40ef-ad07-e01c743893bf@group-8A0C1F52EF29-StateMachineUpdater] INFO  impl.StateMachineUpdater (StateMachineUpdater.java:lambda$new$0(84)) - 5ec9b283-de98-40ef-ad07-e01c743893bf@group-8A0C1F52EF29-StateMachineUpdater: snapshotIndex: updateIncreasingly 1 -> 1
2019-10-05 01:11:35,402 [main] INFO  impl.RaftServerImpl (ServerState.java:close(387)) - 5ec9b283-de98-40ef-ad07-e01c743893bf@group-8A0C1F52EF29: closes. applyIndex: 2
2019-10-05 01:11:35,402 [5ec9b283-de98-40ef-ad07-e01c743893bf@group-8A0C1F52EF29-SegmentedRaftLogWorker] INFO  segmented.SegmentedRaftLogWorker (SegmentedRaftLogWorker.java:run(316)) - 5ec9b283-de98-40ef-ad07-e01c743893bf@group-8A0C1F52EF29-SegmentedRaftLogWorker was interrupted, exiting. There are 0 tasks remaining in the queue.
2019-10-05 01:11:35,406 [main] INFO  segmented.SegmentedRaftLogWorker (SegmentedRaftLogWorker.java:close(224)) - 5ec9b283-de98-40ef-ad07-e01c743893bf@group-8A0C1F52EF29-SegmentedRaftLogWorker close()
2019-10-05 01:11:35,414 [main] INFO  server.GrpcService (GrpcService.java:closeImpl(164)) - 5ec9b283-de98-40ef-ad07-e01c743893bf: shutdown server with port 34119 now
2019-10-05 01:11:35,415 [grpc-default-executor-3] WARN  server.GrpcServerProtocolService (LogUtils.java:warn(134)) - 5ec9b283-de98-40ef-ad07-e01c743893bf: installSnapshot onError, lastRequest: 053a83ed-b28c-4b1f-bf18-66f49a6d94ff->5ec9b283-de98-40ef-ad07-e01c743893bf#5-t1, previous=(t:1, i:2), leaderCommit=2, initializing? false, entries: <empty>: org.apache.ratis.thirdparty.io.grpc.StatusRuntimeException: CANCELLED: cancelled before receiving half close
2019-10-05 01:11:35,415 [grpc-default-executor-4] WARN  server.GrpcLogAppender (LogUtils.java:warn(134)) - 053a83ed-b28c-4b1f-bf18-66f49a6d94ff@group-8A0C1F52EF29->5ec9b283-de98-40ef-ad07-e01c743893bf-AppendLogResponseHandler: Failed appendEntries: org.apache.ratis.thirdparty.io.grpc.StatusRuntimeException: CANCELLED: HTTP/2 error code: CANCEL
Received Rst Stream
2019-10-05 01:11:35,415 [main] INFO  server.GrpcService (GrpcService.java:closeImpl(172)) - 5ec9b283-de98-40ef-ad07-e01c743893bf: shutdown server with port 34119 successfully
2019-10-05 01:11:35,416 [grpc-default-executor-4] INFO  impl.FollowerInfo (FollowerInfo.java:lambda$new$0(51)) - 053a83ed-b28c-4b1f-bf18-66f49a6d94ff@group-8A0C1F52EF29->5ec9b283-de98-40ef-ad07-e01c743893bf: nextIndex: updateUnconditionally 3 -> 2
2019-10-05 01:11:35,418 [refreshUsed-/workdir/hadoop-ozone/integration-test/target/test-dir/MiniOzoneClusterImpl-89e9bd69-a153-46b5-bae3-cb56c8e8ff2c/datanode-1/data/containers] WARN  fs.CachingGetSpaceUsed (CachingGetSpaceUsed.java:run(183)) - Thread Interrupted waiting to refresh disk information: sleep interrupted
2019-10-05 01:11:35,438 [main] INFO  utils.BackgroundService (BackgroundService.java:shutdown(148)) - Shutting down service BlockDeletingService
2019-10-05 01:11:35,448 [main] INFO  statemachine.DatanodeStateMachine (DatanodeStateMachine.java:stopDaemon(395)) - Ozone container server stopped.
2019-10-05 01:11:35,449 [main] INFO  handler.ContextHandler (ContextHandler.java:doStop(910)) - Stopped o.e.j.w.WebAppContext@7d0cd23c{/,null,UNAVAILABLE}{/hddsDatanode}
2019-10-05 01:11:35,450 [main] INFO  server.AbstractConnector (AbstractConnector.java:doStop(318)) - Stopped ServerConnector@17c4dc5b{HTTP/1.1,[http/1.1]}{0.0.0.0:0}
2019-10-05 01:11:35,450 [main] INFO  handler.ContextHandler (ContextHandler.java:doStop(910)) - Stopped o.e.j.s.ServletContextHandler@bbb6f0{/static,jar:file:/home/user/.m2/repository/org/apache/hadoop/hadoop-hdds-container-service/0.5.0-SNAPSHOT/hadoop-hdds-container-service-0.5.0-SNAPSHOT.jar!/webapps/static,UNAVAILABLE}
2019-10-05 01:11:35,451 [main] INFO  handler.ContextHandler (ContextHandler.java:doStop(910)) - Stopped o.e.j.s.ServletContextHandler@4ffced4e{/logs,file:///workdir/hadoop-ozone/integration-test/target/log,UNAVAILABLE}
2019-10-05 01:11:35,462 [grpc-default-executor-3] WARN  server.GrpcLogAppender (LogUtils.java:warn(134)) - 053a83ed-b28c-4b1f-bf18-66f49a6d94ff@group-8A0C1F52EF29->5ec9b283-de98-40ef-ad07-e01c743893bf-AppendLogResponseHandler: Failed appendEntries: org.apache.ratis.thirdparty.io.grpc.StatusRuntimeException: UNAVAILABLE: io exception
2019-10-05 01:11:35,462 [grpc-default-executor-3] INFO  impl.FollowerInfo (FollowerInfo.java:lambda$new$0(51)) - 053a83ed-b28c-4b1f-bf18-66f49a6d94ff@group-8A0C1F52EF29->5ec9b283-de98-40ef-ad07-e01c743893bf: nextIndex: updateUnconditionally 3 -> 2
2019-10-05 01:11:35,474 [grpc-default-executor-6] WARN  server.GrpcLogAppender (LogUtils.java:warn(134)) - 053a83ed-b28c-4b1f-bf18-66f49a6d94ff@group-8A0C1F52EF29->5ec9b283-de98-40ef-ad07-e01c743893bf-AppendLogResponseHandler: Failed appendEntries: org.apache.ratis.thirdparty.io.grpc.StatusRuntimeException: UNAVAILABLE: io exception
2019-10-05 01:11:35,474 [grpc-default-executor-6] INFO  impl.FollowerInfo (FollowerInfo.java:lambda$new$0(51)) - 053a83ed-b28c-4b1f-bf18-66f49a6d94ff@group-8A0C1F52EF29->5ec9b283-de98-40ef-ad07-e01c743893bf: nextIndex: updateUnconditionally 3 -> 2
2019-10-05 01:11:35,486 [grpc-default-executor-6] WARN  server.GrpcLogAppender (LogUtils.java:warn(134)) - 053a83ed-b28c-4b1f-bf18-66f49a6d94ff@group-8A0C1F52EF29->5ec9b283-de98-40ef-ad07-e01c743893bf-AppendLogResponseHandler: Failed appendEntries: org.apache.ratis.thirdparty.io.grpc.StatusRuntimeException: UNAVAILABLE: io exception
2019-10-05 01:11:35,487 [grpc-default-executor-6] INFO  impl.FollowerInfo (FollowerInfo.java:lambda$new$0(51)) - 053a83ed-b28c-4b1f-bf18-66f49a6d94ff@group-8A0C1F52EF29->5ec9b283-de98-40ef-ad07-e01c743893bf: nextIndex: updateUnconditionally 3 -> 2
2019-10-05 01:11:35,488 [EventQueue-IncrementalContainerReportForIncrementalContainerReportHandler] WARN  container.IncrementalContainerReportHandler (AbstractContainerReportHandler.java:updateContainerState(143)) - Container #1 is in OPEN state, but the datanode 053a83ed-b28c-4b1f-bf18-66f49a6d94ff{ip: 192.168.151.105, host: pr-hdds-1986-f466r-3473100931, networkLocation: /default-rack, certSerialId: null} reports an CLOSING replica.
2019-10-05 01:11:35,489 [EventQueue-IncrementalContainerReportForIncrementalContainerReportHandler] WARN  container.IncrementalContainerReportHandler (AbstractContainerReportHandler.java:updateContainerState(143)) - Container #1 is in OPEN state, but the datanode b21c3d66-d2f3-4711-a82c-97bd21a0be85{ip: 192.168.151.105, host: pr-hdds-1986-f466r-3473100931, networkLocation: /default-rack, certSerialId: null} reports an CLOSING replica.
2019-10-05 01:11:35,544 [RatisApplyTransactionExecutor 1] INFO  interfaces.Container (KeyValueContainer.java:flushAndSyncDB(386)) - Container 1 is synced with bcsId 0.
2019-10-05 01:11:35,579 [RatisApplyTransactionExecutor 1] INFO  interfaces.Container (KeyValueContainer.java:flushAndSyncDB(386)) - Container 1 is synced with bcsId 0.
2019-10-05 01:11:35,590 [RatisApplyTransactionExecutor 1] INFO  interfaces.Container (KeyValueContainer.java:flushAndSyncDB(386)) - Container 1 is synced with bcsId 0.
2019-10-05 01:11:35,590 [RatisApplyTransactionExecutor 1] INFO  interfaces.Container (KeyValueContainer.java:flushAndSyncDB(386)) - Container 1 is synced with bcsId 0.
2019-10-05 01:11:35,594 [RatisApplyTransactionExecutor 1] INFO  interfaces.Container (KeyValueContainer.java:close(335)) - Container 1 is closed with bcsId 0.
2019-10-05 01:11:35,594 [RatisApplyTransactionExecutor 1] INFO  interfaces.Container (KeyValueContainer.java:close(335)) - Container 1 is closed with bcsId 0.
2019-10-05 01:11:35,609 [EventQueue-IncrementalContainerReportForIncrementalContainerReportHandler] WARN  container.IncrementalContainerReportHandler (AbstractContainerReportHandler.java:updateContainerState(143)) - Container #1 is in OPEN state, but the datanode 053a83ed-b28c-4b1f-bf18-66f49a6d94ff{ip: 192.168.151.105, host: pr-hdds-1986-f466r-3473100931, networkLocation: /default-rack, certSerialId: null} reports an CLOSED replica.
2019-10-05 01:11:35,609 [EventQueue-IncrementalContainerReportForIncrementalContainerReportHandler] WARN  container.IncrementalContainerReportHandler (AbstractContainerReportHandler.java:updateContainerState(143)) - Container #1 is in OPEN state, but the datanode b21c3d66-d2f3-4711-a82c-97bd21a0be85{ip: 192.168.151.105, host: pr-hdds-1986-f466r-3473100931, networkLocation: /default-rack, certSerialId: null} reports an CLOSED replica.
2019-10-05 01:11:36,016 [grpc-default-executor-6] WARN  server.GrpcLogAppender (LogUtils.java:warn(134)) - f19346f0-5ca3-4e6f-bfd9-1e67cc451c5e@group-6C146C812D05->07cb5bbc-8352-4509-916c-30becd83db4e-AppendLogResponseHandler: Failed appendEntries: org.apache.ratis.thirdparty.io.grpc.StatusRuntimeException: UNAVAILABLE: io exception
2019-10-05 01:11:36,016 [grpc-default-executor-1] WARN  server.GrpcLogAppender (LogUtils.java:warn(134)) - f19346f0-5ca3-4e6f-bfd9-1e67cc451c5e@group-6C146C812D05->e7349651-06e6-4307-8dab-742a146f4cf9-AppendLogResponseHandler: Failed appendEntries: org.apache.ratis.thirdparty.io.grpc.StatusRuntimeException: UNAVAILABLE: io exception
2019-10-05 01:11:36,016 [grpc-default-executor-6] INFO  impl.FollowerInfo (FollowerInfo.java:lambda$new$0(51)) - f19346f0-5ca3-4e6f-bfd9-1e67cc451c5e@group-6C146C812D05->07cb5bbc-8352-4509-916c-30becd83db4e: nextIndex: updateUnconditionally 0 -> 0
2019-10-05 01:11:36,016 [grpc-default-executor-1] INFO  impl.FollowerInfo (FollowerInfo.java:lambda$new$0(51)) - f19346f0-5ca3-4e6f-bfd9-1e67cc451c5e@group-6C146C812D05->e7349651-06e6-4307-8dab-742a146f4cf9: nextIndex: updateUnconditionally 0 -> 0
2019-10-05 01:11:36,133 [EventQueue-StaleNodeForStaleNodeHandler] INFO  node.StaleNodeHandler (StaleNodeHandler.java:onMessage(58)) - Datanode e7349651-06e6-4307-8dab-742a146f4cf9{ip: 192.168.151.105, host: pr-hdds-1986-f466r-3473100931, networkLocation: /default-rack, certSerialId: null} moved to stale state. Finalizing its pipelines [PipelineID=10c58985-bb6d-4718-8a2f-28fdbf65f551, PipelineID=7bab6404-008a-4979-9711-6c146c812d05]
2019-10-05 01:11:36,133 [EventQueue-StaleNodeForStaleNodeHandler] INFO  pipeline.SCMPipelineManager (SCMPipelineManager.java:finalizeAndDestroyPipeline(315)) - destroying pipeline:Pipeline[ Id: 10c58985-bb6d-4718-8a2f-28fdbf65f551, Nodes: e7349651-06e6-4307-8dab-742a146f4cf9{ip: 192.168.151.105, host: pr-hdds-1986-f466r-3473100931, networkLocation: /default-rack, certSerialId: null}, Type:RATIS, Factor:ONE, State:OPEN]
2019-10-05 01:11:36,134 [EventQueue-StaleNodeForStaleNodeHandler] INFO  pipeline.PipelineStateManager (PipelineStateManager.java:finalizePipeline(123)) - Pipeline Pipeline[ Id: 10c58985-bb6d-4718-8a2f-28fdbf65f551, Nodes: e7349651-06e6-4307-8dab-742a146f4cf9{ip: 192.168.151.105, host: pr-hdds-1986-f466r-3473100931, networkLocation: /default-rack, certSerialId: null}, Type:RATIS, Factor:ONE, State:CLOSED] moved to CLOSED state
2019-10-05 01:11:36,134 [EventQueue-StaleNodeForStaleNodeHandler] INFO  pipeline.SCMPipelineManager (SCMPipelineManager.java:finalizeAndDestroyPipeline(315)) - destroying pipeline:Pipeline[ Id: 7bab6404-008a-4979-9711-6c146c812d05, Nodes: e7349651-06e6-4307-8dab-742a146f4cf9{ip: 192.168.151.105, host: pr-hdds-1986-f466r-3473100931, networkLocation: /default-rack, certSerialId: null}07cb5bbc-8352-4509-916c-30becd83db4e{ip: 192.168.151.105, host: pr-hdds-1986-f466r-3473100931, networkLocation: /default-rack, certSerialId: null}f19346f0-5ca3-4e6f-bfd9-1e67cc451c5e{ip: 192.168.151.105, host: pr-hdds-1986-f466r-3473100931, networkLocation: /default-rack, certSerialId: null}, Type:RATIS, Factor:THREE, State:OPEN]
2019-10-05 01:11:36,134 [EventQueue-StaleNodeForStaleNodeHandler] INFO  pipeline.PipelineStateManager (PipelineStateManager.java:finalizePipeline(123)) - Pipeline Pipeline[ Id: 7bab6404-008a-4979-9711-6c146c812d05, Nodes: e7349651-06e6-4307-8dab-742a146f4cf9{ip: 192.168.151.105, host: pr-hdds-1986-f466r-3473100931, networkLocation: /default-rack, certSerialId: null}07cb5bbc-8352-4509-916c-30becd83db4e{ip: 192.168.151.105, host: pr-hdds-1986-f466r-3473100931, networkLocation: /default-rack, certSerialId: null}f19346f0-5ca3-4e6f-bfd9-1e67cc451c5e{ip: 192.168.151.105, host: pr-hdds-1986-f466r-3473100931, networkLocation: /default-rack, certSerialId: null}, Type:RATIS, Factor:THREE, State:CLOSED] moved to CLOSED state
2019-10-05 01:11:36,135 [EventQueue-CloseContainerForCloseContainerEventHandler] INFO  container.CloseContainerEventHandler (CloseContainerEventHandler.java:onMessage(61)) - Close container Event triggered for container : #1
2019-10-05 01:11:37,987 [grpc-default-executor-4] WARN  server.GrpcLogAppender (LogUtils.java:warn(134)) - 053a83ed-b28c-4b1f-bf18-66f49a6d94ff@group-8A0C1F52EF29->5ec9b283-de98-40ef-ad07-e01c743893bf-AppendLogResponseHandler: Failed appendEntries: org.apache.ratis.thirdparty.io.grpc.StatusRuntimeException: UNAVAILABLE: io exception
2019-10-05 01:11:37,987 [grpc-default-executor-4] INFO  impl.FollowerInfo (FollowerInfo.java:lambda$new$0(51)) - 053a83ed-b28c-4b1f-bf18-66f49a6d94ff@group-8A0C1F52EF29->5ec9b283-de98-40ef-ad07-e01c743893bf: nextIndex: updateUnconditionally 2 -> 1
2019-10-05 01:11:38,076 [grpc-default-executor-6] WARN  server.GrpcLogAppender (LogUtils.java:warn(134)) - f19346f0-5ca3-4e6f-bfd9-1e67cc451c5e@group-6C146C812D05->07cb5bbc-8352-4509-916c-30becd83db4e-AppendLogResponseHandler: Failed appendEntries: org.apache.ratis.thirdparty.io.grpc.StatusRuntimeException: UNAVAILABLE: io exception
2019-10-05 01:11:38,077 [grpc-default-executor-3] WARN  server.GrpcLogAppender (LogUtils.java:warn(134)) - f19346f0-5ca3-4e6f-bfd9-1e67cc451c5e@group-6C146C812D05->e7349651-06e6-4307-8dab-742a146f4cf9-AppendLogResponseHandler: Failed appendEntries: org.apache.ratis.thirdparty.io.grpc.StatusRuntimeException: UNAVAILABLE: io exception
2019-10-05 01:11:38,077 [grpc-default-executor-6] INFO  impl.FollowerInfo (FollowerInfo.java:lambda$new$0(51)) - f19346f0-5ca3-4e6f-bfd9-1e67cc451c5e@group-6C146C812D05->07cb5bbc-8352-4509-916c-30becd83db4e: nextIndex: updateUnconditionally 1 -> 0
2019-10-05 01:11:38,077 [grpc-default-executor-3] INFO  impl.FollowerInfo (FollowerInfo.java:lambda$new$0(51)) - f19346f0-5ca3-4e6f-bfd9-1e67cc451c5e@group-6C146C812D05->e7349651-06e6-4307-8dab-742a146f4cf9: nextIndex: updateUnconditionally 1 -> 0
2019-10-05 01:11:38,633 [main] WARN  scm.XceiverClientRatis (XceiverClientRatis.java:watchForCommit(292)) - 3 way commit failed on pipeline Pipeline[ Id: ada3b3a3-8c0d-4099-bd11-8a0c1f52ef29, Nodes: 5ec9b283-de98-40ef-ad07-e01c743893bf{ip: 192.168.151.105, host: pr-hdds-1986-f466r-3473100931, networkLocation: /default-rack, certSerialId: null}053a83ed-b28c-4b1f-bf18-66f49a6d94ff{ip: 192.168.151.105, host: pr-hdds-1986-f466r-3473100931, networkLocation: /default-rack, certSerialId: null}b21c3d66-d2f3-4711-a82c-97bd21a0be85{ip: 192.168.151.105, host: pr-hdds-1986-f466r-3473100931, networkLocation: /default-rack, certSerialId: null}, Type:RATIS, Factor:THREE, State:OPEN]
java.util.concurrent.TimeoutException
	at java.util.concurrent.CompletableFuture.timedGet(CompletableFuture.java:1771)
	at java.util.concurrent.CompletableFuture.get(CompletableFuture.java:1915)
	at org.apache.hadoop.hdds.scm.XceiverClientRatis.watchForCommit(XceiverClientRatis.java:289)
	at org.apache.hadoop.ozone.client.rpc.TestWatchForCommit.test2WayCommitForTimeoutException(TestWatchForCommit.java:391)
	at sun.reflect.NativeMethodAccessorImpl.invoke0(Native Method)
	at sun.reflect.NativeMethodAccessorImpl.invoke(NativeMethodAccessorImpl.java:62)
	at sun.reflect.DelegatingMethodAccessorImpl.invoke(DelegatingMethodAccessorImpl.java:43)
	at java.lang.reflect.Method.invoke(Method.java:498)
	at org.junit.runners.model.FrameworkMethod$1.runReflectiveCall(FrameworkMethod.java:47)
	at org.junit.internal.runners.model.ReflectiveCallable.run(ReflectiveCallable.java:12)
	at org.junit.runners.model.FrameworkMethod.invokeExplosively(FrameworkMethod.java:44)
	at org.junit.internal.runners.statements.InvokeMethod.evaluate(InvokeMethod.java:17)
	at org.junit.runners.ParentRunner.runLeaf(ParentRunner.java:271)
	at org.junit.runners.BlockJUnit4ClassRunner.runChild(BlockJUnit4ClassRunner.java:70)
	at org.junit.runners.BlockJUnit4ClassRunner.runChild(BlockJUnit4ClassRunner.java:50)
	at org.junit.runners.ParentRunner$3.run(ParentRunner.java:238)
	at org.junit.runners.ParentRunner$1.schedule(ParentRunner.java:63)
	at org.junit.runners.ParentRunner.runChildren(ParentRunner.java:236)
	at org.junit.runners.ParentRunner.access$000(ParentRunner.java:53)
	at org.junit.runners.ParentRunner$2.evaluate(ParentRunner.java:229)
	at org.junit.runners.ParentRunner.run(ParentRunner.java:309)
	at org.apache.maven.surefire.junit4.JUnit4Provider.execute(JUnit4Provider.java:365)
	at org.apache.maven.surefire.junit4.JUnit4Provider.executeWithRerun(JUnit4Provider.java:273)
	at org.apache.maven.surefire.junit4.JUnit4Provider.executeTestSet(JUnit4Provider.java:238)
	at org.apache.maven.surefire.junit4.JUnit4Provider.invoke(JUnit4Provider.java:159)
	at org.apache.maven.surefire.booter.ForkedBooter.invokeProviderInSameClassLoader(ForkedBooter.java:384)
	at org.apache.maven.surefire.booter.ForkedBooter.runSuitesInProcess(ForkedBooter.java:345)
	at org.apache.maven.surefire.booter.ForkedBooter.execute(ForkedBooter.java:126)
	at org.apache.maven.surefire.booter.ForkedBooter.main(ForkedBooter.java:418)
2019-10-05 01:11:38,660 [Thread-2483] INFO  client.GrpcClientProtocolService (GrpcClientProtocolService.java:lambda$processClientRequest$0(278)) - Failed RaftClientRequest:client-0AFD4B9489B9->b21c3d66-d2f3-4711-a82c-97bd21a0be85@group-8A0C1F52EF29, cid=106, seq=0, Watch-MAJORITY_COMMITTED(3), Message:<EMPTY>, reply=RaftClientReply:client-0AFD4B9489B9->b21c3d66-d2f3-4711-a82c-97bd21a0be85@group-8A0C1F52EF29, cid=106, FAILED org.apache.ratis.protocol.NotLeaderException: Server b21c3d66-d2f3-4711-a82c-97bd21a0be85@group-8A0C1F52EF29 is not the leader 053a83ed-b28c-4b1f-bf18-66f49a6d94ff:192.168.151.105:39846, logIndex=0, commits[b21c3d66-d2f3-4711-a82c-97bd21a0be85:c4, 5ec9b283-de98-40ef-ad07-e01c743893bf:c2, 053a83ed-b28c-4b1f-bf18-66f49a6d94ff:c4]
2019-10-05 01:11:40,489 [grpc-default-executor-4] WARN  server.GrpcLogAppender (LogUtils.java:warn(134)) - 053a83ed-b28c-4b1f-bf18-66f49a6d94ff@group-8A0C1F52EF29->5ec9b283-de98-40ef-ad07-e01c743893bf-AppendLogResponseHandler: Failed appendEntries: org.apache.ratis.thirdparty.io.grpc.StatusRuntimeException: UNAVAILABLE: io exception
2019-10-05 01:11:40,490 [grpc-default-executor-4] INFO  impl.FollowerInfo (FollowerInfo.java:lambda$new$0(51)) - 053a83ed-b28c-4b1f-bf18-66f49a6d94ff@group-8A0C1F52EF29->5ec9b283-de98-40ef-ad07-e01c743893bf: nextIndex: updateUnconditionally 1 -> 0
2019-10-05 01:11:40,577 [grpc-default-executor-2] WARN  server.GrpcLogAppender (LogUtils.java:warn(134)) - f19346f0-5ca3-4e6f-bfd9-1e67cc451c5e@group-6C146C812D05->e7349651-06e6-4307-8dab-742a146f4cf9-AppendLogResponseHandler: Failed appendEntries: org.apache.ratis.thirdparty.io.grpc.StatusRuntimeException: UNAVAILABLE: io exception
2019-10-05 01:11:40,577 [grpc-default-executor-6] WARN  server.GrpcLogAppender (LogUtils.java:warn(134)) - f19346f0-5ca3-4e6f-bfd9-1e67cc451c5e@group-6C146C812D05->07cb5bbc-8352-4509-916c-30becd83db4e-AppendLogResponseHandler: Failed appendEntries: org.apache.ratis.thirdparty.io.grpc.StatusRuntimeException: UNAVAILABLE: io exception
2019-10-05 01:11:40,578 [grpc-default-executor-2] INFO  impl.FollowerInfo (FollowerInfo.java:lambda$new$0(51)) - f19346f0-5ca3-4e6f-bfd9-1e67cc451c5e@group-6C146C812D05->e7349651-06e6-4307-8dab-742a146f4cf9: nextIndex: updateUnconditionally 0 -> 0
2019-10-05 01:11:40,578 [grpc-default-executor-6] INFO  impl.FollowerInfo (FollowerInfo.java:lambda$new$0(51)) - f19346f0-5ca3-4e6f-bfd9-1e67cc451c5e@group-6C146C812D05->07cb5bbc-8352-4509-916c-30becd83db4e: nextIndex: updateUnconditionally 0 -> 0
2019-10-05 01:11:41,052 [EventQueue-StaleNodeForStaleNodeHandler] INFO  node.StaleNodeHandler (StaleNodeHandler.java:onMessage(58)) - Datanode 07cb5bbc-8352-4509-916c-30becd83db4e{ip: 192.168.151.105, host: pr-hdds-1986-f466r-3473100931, networkLocation: /default-rack, certSerialId: null} moved to stale state. Finalizing its pipelines [PipelineID=8c8966a9-2f25-4664-9383-4d90e83f8b1c, PipelineID=7bab6404-008a-4979-9711-6c146c812d05]
2019-10-05 01:11:41,053 [EventQueue-StaleNodeForStaleNodeHandler] INFO  pipeline.SCMPipelineManager (SCMPipelineManager.java:finalizeAndDestroyPipeline(315)) - destroying pipeline:Pipeline[ Id: 8c8966a9-2f25-4664-9383-4d90e83f8b1c, Nodes: 07cb5bbc-8352-4509-916c-30becd83db4e{ip: 192.168.151.105, host: pr-hdds-1986-f466r-3473100931, networkLocation: /default-rack, certSerialId: null}, Type:RATIS, Factor:ONE, State:OPEN]
2019-10-05 01:11:41,053 [EventQueue-StaleNodeForStaleNodeHandler] INFO  pipeline.PipelineStateManager (PipelineStateManager.java:finalizePipeline(123)) - Pipeline Pipeline[ Id: 8c8966a9-2f25-4664-9383-4d90e83f8b1c, Nodes: 07cb5bbc-8352-4509-916c-30becd83db4e{ip: 192.168.151.105, host: pr-hdds-1986-f466r-3473100931, networkLocation: /default-rack, certSerialId: null}, Type:RATIS, Factor:ONE, State:CLOSED] moved to CLOSED state
2019-10-05 01:11:41,053 [EventQueue-StaleNodeForStaleNodeHandler] INFO  pipeline.SCMPipelineManager (SCMPipelineManager.java:finalizeAndDestroyPipeline(315)) - destroying pipeline:Pipeline[ Id: 7bab6404-008a-4979-9711-6c146c812d05, Nodes: e7349651-06e6-4307-8dab-742a146f4cf9{ip: 192.168.151.105, host: pr-hdds-1986-f466r-3473100931, networkLocation: /default-rack, certSerialId: null}07cb5bbc-8352-4509-916c-30becd83db4e{ip: 192.168.151.105, host: pr-hdds-1986-f466r-3473100931, networkLocation: /default-rack, certSerialId: null}f19346f0-5ca3-4e6f-bfd9-1e67cc451c5e{ip: 192.168.151.105, host: pr-hdds-1986-f466r-3473100931, networkLocation: /default-rack, certSerialId: null}, Type:RATIS, Factor:THREE, State:CLOSED]
]]></system-out>
    <system-err><![CDATA[Oct 05, 2019 1:11:35 AM org.apache.ratis.thirdparty.io.grpc.internal.SerializingExecutor run
SEVERE: Exception while executing runnable org.apache.ratis.thirdparty.io.grpc.internal.ServerImpl$JumpToApplicationThreadServerStreamListener$1Closed@701dbe3
org.apache.ratis.thirdparty.io.grpc.StatusRuntimeException: CANCELLED: call already cancelled
	at org.apache.ratis.thirdparty.io.grpc.Status.asRuntimeException(Status.java:517)
	at org.apache.ratis.thirdparty.io.grpc.stub.ServerCalls$ServerCallStreamObserverImpl.onCompleted(ServerCalls.java:356)
	at org.apache.ratis.grpc.server.GrpcServerProtocolService$ServerRequestStreamObserver.onError(GrpcServerProtocolService.java:121)
	at org.apache.ratis.thirdparty.io.grpc.stub.ServerCalls$StreamingServerCallHandler$StreamingServerCallListener.onCancel(ServerCalls.java:269)
	at org.apache.ratis.thirdparty.io.grpc.internal.ServerCallImpl$ServerStreamListenerImpl.closed(ServerCallImpl.java:293)
	at org.apache.ratis.thirdparty.io.grpc.internal.ServerImpl$JumpToApplicationThreadServerStreamListener$1Closed.runInContext(ServerImpl.java:741)
	at org.apache.ratis.thirdparty.io.grpc.internal.ContextRunnable.run(ContextRunnable.java:37)
	at org.apache.ratis.thirdparty.io.grpc.internal.SerializingExecutor.run(SerializingExecutor.java:123)
	at java.util.concurrent.ThreadPoolExecutor.runWorker(ThreadPoolExecutor.java:1149)
	at java.util.concurrent.ThreadPoolExecutor$Worker.run(ThreadPoolExecutor.java:624)
	at java.lang.Thread.run(Thread.java:748)

]]></system-err>
  </testcase>
</testsuite>