<?xml version="1.0" encoding="UTF-8"?>
<testsuite xmlns:xsi="http://www.w3.org/2001/XMLSchema-instance" xsi:noNamespaceSchemaLocation="https://maven.apache.org/surefire/maven-surefire-plugin/xsd/surefire-test-report.xsd" name="org.apache.hadoop.ozone.client.rpc.TestBlockOutputStreamWithFailures" time="722.59" tests="8" errors="0" skipped="0" failures="1">
  <properties>
    <property name="awt.toolkit" value="sun.awt.X11.XToolkit"/>
    <property name="file.encoding.pkg" value="sun.io"/>
    <property name="java.specification.version" value="1.8"/>
    <property name="sun.cpu.isalist" value=""/>
    <property name="sun.jnu.encoding" value="UTF-8"/>
    <property name="java.class.path" value="/workdir/hadoop-ozone/integration-test/target/test-classes:/workdir/hadoop-ozone/integration-test/target/classes:/home/user/.m2/repository/org/apache/hadoop/hadoop-ozone-common/0.5.0-SNAPSHOT/hadoop-ozone-common-0.5.0-SNAPSHOT.jar:/home/user/.m2/repository/org/apache/commons/commons-compress/1.4.1/commons-compress-1.4.1.jar:/home/user/.m2/repository/org/tukaani/xz/1.0/xz-1.0.jar:/home/user/.m2/repository/org/apache/hadoop/hadoop-common/3.2.0/hadoop-common-3.2.0.jar:/home/user/.m2/repository/org/apache/hadoop/hadoop-hdfs/3.2.0/hadoop-hdfs-3.2.0.jar:/home/user/.m2/repository/org/apache/hadoop/hadoop-hdfs-client/3.2.0/hadoop-hdfs-client-3.2.0.jar:/home/user/.m2/repository/com/fasterxml/jackson/core/jackson-annotations/2.9.9/jackson-annotations-2.9.9.jar:/home/user/.m2/repository/org/apache/hadoop/hadoop-hdds-common/0.5.0-SNAPSHOT/hadoop-hdds-common-0.5.0-SNAPSHOT.jar:/home/user/.m2/repository/javax/annotation/javax.annotation-api/1.2/javax.annotation-api-1.2.jar:/home/user/.m2/repository/org/apache/ratis/ratis-server/0.4.0/ratis-server-0.4.0.jar:/home/user/.m2/repository/org/apache/ratis/ratis-thirdparty-misc/0.2.0/ratis-thirdparty-misc-0.2.0.jar:/home/user/.m2/repository/org/apache/ratis/ratis-proto/0.4.0/ratis-proto-0.4.0.jar:/home/user/.m2/repository/org/apache/ratis/ratis-common/0.4.0/ratis-common-0.4.0.jar:/home/user/.m2/repository/org/apache/ratis/ratis-client/0.4.0/ratis-client-0.4.0.jar:/home/user/.m2/repository/org/apache/ratis/ratis-metrics/0.4.0/ratis-metrics-0.4.0.jar:/home/user/.m2/repository/com/github/joshelser/dropwizard-metrics-hadoop-metrics2-reporter/0.1.2/dropwizard-metrics-hadoop-metrics2-reporter-0.1.2.jar:/home/user/.m2/repository/io/dropwizard/metrics/metrics-jvm/3.2.5/metrics-jvm-3.2.5.jar:/home/user/.m2/repository/io/dropwizard/metrics/metrics-ganglia/3.2.5/metrics-ganglia-3.2.5.jar:/home/user/.m2/repository/info/ganglia/gmetric4j/gmetric4j/1.0.7/gmetric4j-1.0.7.jar:/home/user/.m2/repository/org/apache/ratis/ratis-netty/0.4.0/ratis-netty-0.4.0.jar:/home/user/.m2/repository/org/apache/ratis/ratis-grpc/0.4.0/ratis-grpc-0.4.0.jar:/home/user/.m2/repository/org/rocksdb/rocksdbjni/6.0.1/rocksdbjni-6.0.1.jar:/home/user/.m2/repository/org/apache/logging/log4j/log4j-api/2.11.0/log4j-api-2.11.0.jar:/home/user/.m2/repository/org/apache/logging/log4j/log4j-core/2.11.0/log4j-core-2.11.0.jar:/home/user/.m2/repository/com/lmax/disruptor/3.4.2/disruptor-3.4.2.jar:/home/user/.m2/repository/org/apache/commons/commons-pool2/2.6.0/commons-pool2-2.6.0.jar:/home/user/.m2/repository/org/bouncycastle/bcpkix-jdk15on/1.60/bcpkix-jdk15on-1.60.jar:/home/user/.m2/repository/commons-validator/commons-validator/1.6/commons-validator-1.6.jar:/home/user/.m2/repository/commons-digester/commons-digester/1.8.1/commons-digester-1.8.1.jar:/home/user/.m2/repository/io/jaegertracing/jaeger-client/0.34.0/jaeger-client-0.34.0.jar:/home/user/.m2/repository/io/jaegertracing/jaeger-thrift/0.34.0/jaeger-thrift-0.34.0.jar:/home/user/.m2/repository/org/apache/thrift/libthrift/0.12.0/libthrift-0.12.0.jar:/home/user/.m2/repository/com/squareup/okhttp3/okhttp/3.9.0/okhttp-3.9.0.jar:/home/user/.m2/repository/com/squareup/okio/okio/1.13.0/okio-1.13.0.jar:/home/user/.m2/repository/io/jaegertracing/jaeger-core/0.34.0/jaeger-core-0.34.0.jar:/home/user/.m2/repository/io/jaegertracing/jaeger-tracerresolver/0.34.0/jaeger-tracerresolver-0.34.0.jar:/home/user/.m2/repository/io/opentracing/contrib/opentracing-tracerresolver/0.1.5/opentracing-tracerresolver-0.1.5.jar:/home/user/.m2/repository/io/opentracing/opentracing-util/0.31.0/opentracing-util-0.31.0.jar:/home/user/.m2/repository/io/opentracing/opentracing-api/0.31.0/opentracing-api-0.31.0.jar:/home/user/.m2/repository/io/opentracing/opentracing-noop/0.31.0/opentracing-noop-0.31.0.jar:/home/user/.m2/repository/org/apache/hadoop/hadoop-hdds-server-framework/0.5.0-SNAPSHOT/hadoop-hdds-server-framework-0.5.0-SNAPSHOT.jar:/home/user/.m2/repository/org/apache/hadoop/hadoop-hdds-container-service/0.5.0-SNAPSHOT/hadoop-hdds-container-service-0.5.0-SNAPSHOT.jar:/home/user/.m2/repository/org/apache/hadoop/hadoop-hdds-client/0.5.0-SNAPSHOT/hadoop-hdds-client-0.5.0-SNAPSHOT.jar:/home/user/.m2/repository/org/apache/hadoop/hadoop-hdds-tools/0.5.0-SNAPSHOT/hadoop-hdds-tools-0.5.0-SNAPSHOT.jar:/home/user/.m2/repository/org/apache/hadoop/hadoop-hdds-server-scm/0.5.0-SNAPSHOT/hadoop-hdds-server-scm-0.5.0-SNAPSHOT.jar:/home/user/.m2/repository/org/apache/hadoop/hadoop-hdds-docs/0.5.0-SNAPSHOT/hadoop-hdds-docs-0.5.0-SNAPSHOT.jar:/home/user/.m2/repository/io/dropwizard/metrics/metrics-core/3.2.4/metrics-core-3.2.4.jar:/home/user/.m2/repository/org/hamcrest/hamcrest-all/1.3/hamcrest-all-1.3.jar:/home/user/.m2/repository/org/bouncycastle/bcprov-jdk15on/1.60/bcprov-jdk15on-1.60.jar:/home/user/.m2/repository/info/picocli/picocli/3.9.6/picocli-3.9.6.jar:/home/user/.m2/repository/com/google/protobuf/protobuf-java/2.5.0/protobuf-java-2.5.0.jar:/home/user/.m2/repository/com/google/guava/guava/11.0.2/guava-11.0.2.jar:/home/user/.m2/repository/org/apache/hadoop/hadoop-ozone-ozone-manager/0.5.0-SNAPSHOT/hadoop-ozone-ozone-manager-0.5.0-SNAPSHOT.jar:/home/user/.m2/repository/org/apache/hadoop/hadoop-minikdc/3.2.0/hadoop-minikdc-3.2.0.jar:/home/user/.m2/repository/commons-io/commons-io/2.5/commons-io-2.5.jar:/home/user/.m2/repository/org/apache/kerby/kerb-simplekdc/1.0.1/kerb-simplekdc-1.0.1.jar:/home/user/.m2/repository/org/apache/kerby/kerb-client/1.0.1/kerb-client-1.0.1.jar:/home/user/.m2/repository/org/apache/kerby/kerby-config/1.0.1/kerby-config-1.0.1.jar:/home/user/.m2/repository/org/apache/kerby/kerb-core/1.0.1/kerb-core-1.0.1.jar:/home/user/.m2/repository/org/apache/kerby/kerby-pkix/1.0.1/kerby-pkix-1.0.1.jar:/home/user/.m2/repository/org/apache/kerby/kerby-asn1/1.0.1/kerby-asn1-1.0.1.jar:/home/user/.m2/repository/org/apache/kerby/kerby-util/1.0.1/kerby-util-1.0.1.jar:/home/user/.m2/repository/org/apache/kerby/kerb-common/1.0.1/kerb-common-1.0.1.jar:/home/user/.m2/repository/org/apache/kerby/kerb-crypto/1.0.1/kerb-crypto-1.0.1.jar:/home/user/.m2/repository/org/apache/kerby/kerb-util/1.0.1/kerb-util-1.0.1.jar:/home/user/.m2/repository/org/apache/kerby/token-provider/1.0.1/token-provider-1.0.1.jar:/home/user/.m2/repository/org/apache/kerby/kerb-admin/1.0.1/kerb-admin-1.0.1.jar:/home/user/.m2/repository/org/apache/kerby/kerb-server/1.0.1/kerb-server-1.0.1.jar:/home/user/.m2/repository/org/apache/kerby/kerb-identity/1.0.1/kerb-identity-1.0.1.jar:/home/user/.m2/repository/org/apache/kerby/kerby-xdr/1.0.1/kerby-xdr-1.0.1.jar:/home/user/.m2/repository/org/slf4j/slf4j-log4j12/1.7.25/slf4j-log4j12-1.7.25.jar:/home/user/.m2/repository/org/apache/hadoop/hadoop-ozone-s3gateway/0.5.0-SNAPSHOT/hadoop-ozone-s3gateway-0.5.0-SNAPSHOT.jar:/home/user/.m2/repository/org/jboss/weld/servlet/weld-servlet/2.4.7.Final/weld-servlet-2.4.7.Final.jar:/home/user/.m2/repository/org/glassfish/jersey/containers/jersey-container-servlet-core/2.27/jersey-container-servlet-core-2.27.jar:/home/user/.m2/repository/org/glassfish/hk2/external/javax.inject/2.5.0-b42/javax.inject-2.5.0-b42.jar:/home/user/.m2/repository/org/glassfish/jersey/core/jersey-common/2.27/jersey-common-2.27.jar:/home/user/.m2/repository/org/glassfish/hk2/osgi-resource-locator/1.0.1/osgi-resource-locator-1.0.1.jar:/home/user/.m2/repository/javax/ws/rs/javax.ws.rs-api/2.1/javax.ws.rs-api-2.1.jar:/home/user/.m2/repository/org/glassfish/jersey/ext/cdi/jersey-cdi1x/2.27/jersey-cdi1x-2.27.jar:/home/user/.m2/repository/org/glassfish/jersey/inject/jersey-hk2/2.27/jersey-hk2-2.27.jar:/home/user/.m2/repository/org/glassfish/hk2/hk2-locator/2.5.0-b42/hk2-locator-2.5.0-b42.jar:/home/user/.m2/repository/org/javassist/javassist/3.22.0-CR2/javassist-3.22.0-CR2.jar:/home/user/.m2/repository/org/glassfish/hk2/hk2-api/2.5.0/hk2-api-2.5.0.jar:/home/user/.m2/repository/org/glassfish/hk2/external/jakarta.inject/2.5.0/jakarta.inject-2.5.0.jar:/home/user/.m2/repository/org/glassfish/hk2/hk2-utils/2.5.0/hk2-utils-2.5.0.jar:/home/user/.m2/repository/jakarta/annotation/jakarta.annotation-api/1.3.4/jakarta.annotation-api-1.3.4.jar:/home/user/.m2/repository/org/glassfish/hk2/external/aopalliance-repackaged/2.5.0/aopalliance-repackaged-2.5.0.jar:/home/user/.m2/repository/com/fasterxml/jackson/dataformat/jackson-dataformat-xml/2.9.0/jackson-dataformat-xml-2.9.0.jar:/home/user/.m2/repository/com/fasterxml/jackson/core/jackson-core/2.9.9/jackson-core-2.9.9.jar:/home/user/.m2/repository/com/fasterxml/jackson/module/jackson-module-jaxb-annotations/2.9.9/jackson-module-jaxb-annotations-2.9.9.jar:/home/user/.m2/repository/javax/enterprise/cdi-api/1.2/cdi-api-1.2.jar:/home/user/.m2/repository/javax/el/javax.el-api/3.0.0/javax.el-api-3.0.0.jar:/home/user/.m2/repository/javax/interceptor/javax.interceptor-api/1.2/javax.interceptor-api-1.2.jar:/home/user/.m2/repository/javax/inject/javax.inject/1/javax.inject-1.jar:/home/user/.m2/repository/com/sun/xml/bind/jaxb-impl/2.3.0.1/jaxb-impl-2.3.0.1.jar:/home/user/.m2/repository/com/sun/xml/bind/jaxb-core/2.3.0.1/jaxb-core-2.3.0.1.jar:/home/user/.m2/repository/javax/xml/bind/jaxb-api/2.3.0/jaxb-api-2.3.0.jar:/home/user/.m2/repository/javax/activation/activation/1.1.1/activation-1.1.1.jar:/home/user/.m2/repository/org/apache/hadoop/hadoop-ozone-csi/0.5.0-SNAPSHOT/hadoop-ozone-csi-0.5.0-SNAPSHOT.jar:/home/user/.m2/repository/com/google/protobuf/protobuf-java-util/3.5.1/protobuf-java-util-3.5.1.jar:/home/user/.m2/repository/org/apache/hadoop/hadoop-hdds-config/0.5.0-SNAPSHOT/hadoop-hdds-config-0.5.0-SNAPSHOT.jar:/home/user/.m2/repository/io/grpc/grpc-netty/1.17.1/grpc-netty-1.17.1.jar:/home/user/.m2/repository/io/grpc/grpc-core/1.17.1/grpc-core-1.17.1.jar:/home/user/.m2/repository/io/grpc/grpc-context/1.17.1/grpc-context-1.17.1.jar:/home/user/.m2/repository/com/google/errorprone/error_prone_annotations/2.2.0/error_prone_annotations-2.2.0.jar:/home/user/.m2/repository/org/codehaus/mojo/animal-sniffer-annotations/1.17/animal-sniffer-annotations-1.17.jar:/home/user/.m2/repository/io/opencensus/opencensus-api/0.17.0/opencensus-api-0.17.0.jar:/home/user/.m2/repository/io/opencensus/opencensus-contrib-grpc-metrics/0.17.0/opencensus-contrib-grpc-metrics-0.17.0.jar:/home/user/.m2/repository/io/netty/netty-codec-http2/4.1.30.Final/netty-codec-http2-4.1.30.Final.jar:/home/user/.m2/repository/io/netty/netty-codec-http/4.1.30.Final/netty-codec-http-4.1.30.Final.jar:/home/user/.m2/repository/io/netty/netty-codec/4.1.30.Final/netty-codec-4.1.30.Final.jar:/home/user/.m2/repository/io/netty/netty-handler/4.1.30.Final/netty-handler-4.1.30.Final.jar:/home/user/.m2/repository/io/netty/netty-handler-proxy/4.1.30.Final/netty-handler-proxy-4.1.30.Final.jar:/home/user/.m2/repository/io/netty/netty-codec-socks/4.1.30.Final/netty-codec-socks-4.1.30.Final.jar:/home/user/.m2/repository/io/netty/netty-transport-native-epoll/4.1.30.Final/netty-transport-native-epoll-4.1.30.Final.jar:/home/user/.m2/repository/io/netty/netty-common/4.1.30.Final/netty-common-4.1.30.Final.jar:/home/user/.m2/repository/io/netty/netty-buffer/4.1.30.Final/netty-buffer-4.1.30.Final.jar:/home/user/.m2/repository/io/netty/netty-transport/4.1.30.Final/netty-transport-4.1.30.Final.jar:/home/user/.m2/repository/io/netty/netty-resolver/4.1.30.Final/netty-resolver-4.1.30.Final.jar:/home/user/.m2/repository/io/netty/netty-transport-native-unix-common/4.1.30.Final/netty-transport-native-unix-common-4.1.30.Final.jar:/home/user/.m2/repository/io/grpc/grpc-protobuf/1.17.1/grpc-protobuf-1.17.1.jar:/home/user/.m2/repository/com/google/api/grpc/proto-google-common-protos/1.0.0/proto-google-common-protos-1.0.0.jar:/home/user/.m2/repository/io/grpc/grpc-protobuf-lite/1.17.1/grpc-protobuf-lite-1.17.1.jar:/home/user/.m2/repository/io/grpc/grpc-stub/1.17.1/grpc-stub-1.17.1.jar:/home/user/.m2/repository/org/apache/hadoop/hadoop-ozone-recon/0.5.0-SNAPSHOT/hadoop-ozone-recon-0.5.0-SNAPSHOT.jar:/home/user/.m2/repository/org/apache/hadoop/hadoop-ozone-reconcodegen/0.5.0-SNAPSHOT/hadoop-ozone-reconcodegen-0.5.0-SNAPSHOT.jar:/home/user/.m2/repository/com/google/inject/extensions/guice-multibindings/4.0/guice-multibindings-4.0.jar:/home/user/.m2/repository/com/google/inject/guice/4.0/guice-4.0.jar:/home/user/.m2/repository/aopalliance/aopalliance/1.0/aopalliance-1.0.jar:/home/user/.m2/repository/com/google/inject/extensions/guice-servlet/4.0/guice-servlet-4.0.jar:/home/user/.m2/repository/org/glassfish/jersey/containers/jersey-container-servlet/2.27/jersey-container-servlet-2.27.jar:/home/user/.m2/repository/org/glassfish/hk2/guice-bridge/2.5.0/guice-bridge-2.5.0.jar:/home/user/.m2/repository/org/glassfish/jersey/core/jersey-server/2.27/jersey-server-2.27.jar:/home/user/.m2/repository/org/glassfish/jersey/core/jersey-client/2.27/jersey-client-2.27.jar:/home/user/.m2/repository/org/glassfish/jersey/media/jersey-media-jaxb/2.27/jersey-media-jaxb-2.27.jar:/home/user/.m2/repository/javax/validation/validation-api/1.1.0.Final/validation-api-1.1.0.Final.jar:/home/user/.m2/repository/org/glassfish/jersey/media/jersey-media-json-jackson/2.27/jersey-media-json-jackson-2.27.jar:/home/user/.m2/repository/org/glassfish/jersey/ext/jersey-entity-filtering/2.27/jersey-entity-filtering-2.27.jar:/home/user/.m2/repository/com/google/inject/extensions/guice-assistedinject/4.0/guice-assistedinject-4.0.jar:/home/user/.m2/repository/org/jooq/jooq/3.11.10/jooq-3.11.10.jar:/home/user/.m2/repository/org/jooq/jooq-meta/3.11.10/jooq-meta-3.11.10.jar:/home/user/.m2/repository/org/jooq/jooq-codegen/3.11.10/jooq-codegen-3.11.10.jar:/home/user/.m2/repository/com/jolbox/bonecp/0.8.0.RELEASE/bonecp-0.8.0.RELEASE.jar:/home/user/.m2/repository/org/xerial/sqlite-jdbc/3.25.2/sqlite-jdbc-3.25.2.jar:/home/user/.m2/repository/org/springframework/spring-jdbc/5.1.3.RELEASE/spring-jdbc-5.1.3.RELEASE.jar:/home/user/.m2/repository/org/springframework/spring-beans/5.1.3.RELEASE/spring-beans-5.1.3.RELEASE.jar:/home/user/.m2/repository/org/springframework/spring-core/5.1.3.RELEASE/spring-core-5.1.3.RELEASE.jar:/home/user/.m2/repository/org/springframework/spring-jcl/5.1.3.RELEASE/spring-jcl-5.1.3.RELEASE.jar:/home/user/.m2/repository/org/springframework/spring-tx/5.1.3.RELEASE/spring-tx-5.1.3.RELEASE.jar:/home/user/.m2/repository/org/apache/hadoop/hadoop-ozone-client/0.5.0-SNAPSHOT/hadoop-ozone-client-0.5.0-SNAPSHOT.jar:/home/user/.m2/repository/commons-lang/commons-lang/2.6/commons-lang-2.6.jar:/home/user/.m2/repository/org/apache/hadoop/hadoop-ozone-ozone-manager/0.5.0-SNAPSHOT/hadoop-ozone-ozone-manager-0.5.0-SNAPSHOT-tests.jar:/home/user/.m2/repository/junit/junit/4.11/junit-4.11.jar:/home/user/.m2/repository/org/hamcrest/hamcrest-core/1.3/hamcrest-core-1.3.jar:/home/user/.m2/repository/org/openjdk/jmh/jmh-core/1.19/jmh-core-1.19.jar:/home/user/.m2/repository/net/sf/jopt-simple/jopt-simple/4.6/jopt-simple-4.6.jar:/home/user/.m2/repository/org/apache/commons/commons-math3/3.1.1/commons-math3-3.1.1.jar:/home/user/.m2/repository/org/openjdk/jmh/jmh-generator-annprocess/1.19/jmh-generator-annprocess-1.19.jar:/home/user/.m2/repository/org/mockito/mockito-all/1.8.5/mockito-all-1.8.5.jar:/home/user/.m2/repository/org/apache/hadoop/hadoop-kms/3.2.0/hadoop-kms-3.2.0.jar:/home/user/.m2/repository/org/apache/hadoop/hadoop-auth/3.2.0/hadoop-auth-3.2.0.jar:/home/user/.m2/repository/com/nimbusds/nimbus-jose-jwt/4.41.1/nimbus-jose-jwt-4.41.1.jar:/home/user/.m2/repository/com/github/stephenc/jcip/jcip-annotations/1.0-1/jcip-annotations-1.0-1.jar:/home/user/.m2/repository/net/minidev/json-smart/2.3/json-smart-2.3.jar:/home/user/.m2/repository/net/minidev/accessors-smart/1.2/accessors-smart-1.2.jar:/home/user/.m2/repository/org/ow2/asm/asm/5.0.4/asm-5.0.4.jar:/home/user/.m2/repository/org/apache/curator/curator-framework/2.12.0/curator-framework-2.12.0.jar:/home/user/.m2/repository/com/sun/jersey/jersey-core/1.19/jersey-core-1.19.jar:/home/user/.m2/repository/javax/ws/rs/jsr311-api/1.1.1/jsr311-api-1.1.1.jar:/home/user/.m2/repository/com/sun/jersey/jersey-server/1.19/jersey-server-1.19.jar:/home/user/.m2/repository/javax/servlet/javax.servlet-api/3.1.0/javax.servlet-api-3.1.0.jar:/home/user/.m2/repository/org/eclipse/jetty/jetty-server/9.3.25.v20180904/jetty-server-9.3.25.v20180904.jar:/home/user/.m2/repository/org/eclipse/jetty/jetty-http/9.3.25.v20180904/jetty-http-9.3.25.v20180904.jar:/home/user/.m2/repository/org/eclipse/jetty/jetty-io/9.3.25.v20180904/jetty-io-9.3.25.v20180904.jar:/home/user/.m2/repository/org/eclipse/jetty/jetty-webapp/9.3.25.v20180904/jetty-webapp-9.3.25.v20180904.jar:/home/user/.m2/repository/org/eclipse/jetty/jetty-xml/9.3.25.v20180904/jetty-xml-9.3.25.v20180904.jar:/home/user/.m2/repository/log4j/log4j/1.2.17/log4j-1.2.17.jar:/home/user/.m2/repository/org/slf4j/slf4j-api/1.7.25/slf4j-api-1.7.25.jar:/home/user/.m2/repository/org/slf4j/jul-to-slf4j/1.7.25/jul-to-slf4j-1.7.25.jar:/home/user/.m2/repository/org/eclipse/jetty/jetty-util/9.3.25.v20180904/jetty-util-9.3.25.v20180904.jar:/home/user/.m2/repository/com/fasterxml/jackson/core/jackson-databind/2.9.9/jackson-databind-2.9.9.jar:/home/user/.m2/repository/org/apache/hadoop/hadoop-kms/3.2.0/hadoop-kms-3.2.0-tests.jar:/home/user/.m2/repository/org/apache/hadoop/hadoop-hdds-server-scm/0.5.0-SNAPSHOT/hadoop-hdds-server-scm-0.5.0-SNAPSHOT-tests.jar:/home/user/.m2/repository/org/apache/hadoop/hadoop-hdds-container-service/0.5.0-SNAPSHOT/hadoop-hdds-container-service-0.5.0-SNAPSHOT-tests.jar:/home/user/.m2/repository/org/yaml/snakeyaml/1.16/snakeyaml-1.16.jar:/home/user/.m2/repository/org/apache/hadoop/hadoop-common/3.2.0/hadoop-common-3.2.0-tests.jar:/home/user/.m2/repository/org/apache/hadoop/hadoop-annotations/3.2.0/hadoop-annotations-3.2.0.jar:/usr/lib/jvm/java-1.8-openjdk/jre/../lib/tools.jar:/home/user/.m2/repository/commons-cli/commons-cli/1.2/commons-cli-1.2.jar:/home/user/.m2/repository/org/apache/httpcomponents/httpclient/4.5.2/httpclient-4.5.2.jar:/home/user/.m2/repository/org/apache/httpcomponents/httpcore/4.4.4/httpcore-4.4.4.jar:/home/user/.m2/repository/commons-codec/commons-codec/1.11/commons-codec-1.11.jar:/home/user/.m2/repository/commons-net/commons-net/3.6/commons-net-3.6.jar:/home/user/.m2/repository/commons-collections/commons-collections/3.2.2/commons-collections-3.2.2.jar:/home/user/.m2/repository/org/eclipse/jetty/jetty-servlet/9.3.25.v20180904/jetty-servlet-9.3.25.v20180904.jar:/home/user/.m2/repository/org/eclipse/jetty/jetty-security/9.3.25.v20180904/jetty-security-9.3.25.v20180904.jar:/home/user/.m2/repository/javax/servlet/jsp/jsp-api/2.1/jsp-api-2.1.jar:/home/user/.m2/repository/com/sun/jersey/jersey-servlet/1.19/jersey-servlet-1.19.jar:/home/user/.m2/repository/com/sun/jersey/jersey-json/1.19/jersey-json-1.19.jar:/home/user/.m2/repository/org/codehaus/jettison/jettison/1.1/jettison-1.1.jar:/home/user/.m2/repository/org/codehaus/jackson/jackson-core-asl/1.9.13/jackson-core-asl-1.9.13.jar:/home/user/.m2/repository/org/codehaus/jackson/jackson-mapper-asl/1.9.13/jackson-mapper-asl-1.9.13.jar:/home/user/.m2/repository/org/codehaus/jackson/jackson-jaxrs/1.9.13/jackson-jaxrs-1.9.13.jar:/home/user/.m2/repository/org/codehaus/jackson/jackson-xc/1.9.13/jackson-xc-1.9.13.jar:/home/user/.m2/repository/commons-logging/commons-logging/1.1.3/commons-logging-1.1.3.jar:/home/user/.m2/repository/commons-beanutils/commons-beanutils/1.9.4/commons-beanutils-1.9.4.jar:/home/user/.m2/repository/org/apache/commons/commons-configuration2/2.1.1/commons-configuration2-2.1.1.jar:/home/user/.m2/repository/org/apache/commons/commons-lang3/3.7/commons-lang3-3.7.jar:/home/user/.m2/repository/org/apache/commons/commons-text/1.4/commons-text-1.4.jar:/home/user/.m2/repository/org/apache/avro/avro/1.7.7/avro-1.7.7.jar:/home/user/.m2/repository/com/thoughtworks/paranamer/paranamer/2.3/paranamer-2.3.jar:/home/user/.m2/repository/org/xerial/snappy/snappy-java/1.0.5/snappy-java-1.0.5.jar:/home/user/.m2/repository/com/google/re2j/re2j/1.1/re2j-1.1.jar:/home/user/.m2/repository/com/google/code/gson/gson/2.2.4/gson-2.2.4.jar:/home/user/.m2/repository/com/jcraft/jsch/0.1.54/jsch-0.1.54.jar:/home/user/.m2/repository/org/apache/curator/curator-client/2.12.0/curator-client-2.12.0.jar:/home/user/.m2/repository/org/apache/curator/curator-recipes/2.12.0/curator-recipes-2.12.0.jar:/home/user/.m2/repository/com/google/code/findbugs/jsr305/3.0.0/jsr305-3.0.0.jar:/home/user/.m2/repository/org/apache/htrace/htrace-core4/4.1.0-incubating/htrace-core4-4.1.0-incubating.jar:/home/user/.m2/repository/org/apache/zookeeper/zookeeper/3.4.13/zookeeper-3.4.13.jar:/home/user/.m2/repository/jline/jline/0.9.94/jline-0.9.94.jar:/home/user/.m2/repository/org/apache/yetus/audience-annotations/0.5.0/audience-annotations-0.5.0.jar:/home/user/.m2/repository/org/codehaus/woodstox/stax2-api/3.1.4/stax2-api-3.1.4.jar:/home/user/.m2/repository/com/fasterxml/woodstox/woodstox-core/5.0.3/woodstox-core-5.0.3.jar:/home/user/.m2/repository/dnsjava/dnsjava/2.1.7/dnsjava-2.1.7.jar:/home/user/.m2/repository/org/apache/hadoop/hadoop-hdfs/3.2.0/hadoop-hdfs-3.2.0-tests.jar:/home/user/.m2/repository/org/eclipse/jetty/jetty-util-ajax/9.3.25.v20180904/jetty-util-ajax-9.3.25.v20180904.jar:/home/user/.m2/repository/commons-daemon/commons-daemon/1.0.13/commons-daemon-1.0.13.jar:/home/user/.m2/repository/io/netty/netty/3.10.5.Final/netty-3.10.5.Final.jar:/home/user/.m2/repository/io/netty/netty-all/4.0.52.Final/netty-all-4.0.52.Final.jar:/home/user/.m2/repository/org/fusesource/leveldbjni/leveldbjni-all/1.8/leveldbjni-all-1.8.jar:"/>
    <property name="java.vm.vendor" value="IcedTea"/>
    <property name="sun.arch.data.model" value="64"/>
    <property name="test.build.dir" value="/workdir/hadoop-ozone/integration-test/target/test-dir"/>
    <property name="test.cache.data" value=""/>
    <property name="java.vendor.url" value="https://icedtea.classpath.org"/>
    <property name="user.timezone" value=""/>
    <property name="java.vm.specification.version" value="1.8"/>
    <property name="os.name" value="Linux"/>
    <property name="test.build.data" value="/workdir/hadoop-ozone/integration-test/target/test-dir"/>
    <property name="user.country" value="US"/>
    <property name="sun.java.launcher" value="SUN_STANDARD"/>
    <property name="sun.boot.library.path" value="/usr/lib/jvm/java-1.8-openjdk/jre/lib/amd64"/>
    <property name="sun.java.command" value="/workdir/hadoop-ozone/integration-test/target/surefire/surefirebooter4081471172164069073.jar /workdir/hadoop-ozone/integration-test/target/surefire 2019-10-11T04-09-39_459-jvmRun1 surefire3709606316612815516tmp surefire_313349744574479785576tmp"/>
    <property name="test" value="!TestMiniChaosOzoneCluster"/>
    <property name="surefire.test.class.path" value="/workdir/hadoop-ozone/integration-test/target/test-classes:/workdir/hadoop-ozone/integration-test/target/classes:/home/user/.m2/repository/org/apache/hadoop/hadoop-ozone-common/0.5.0-SNAPSHOT/hadoop-ozone-common-0.5.0-SNAPSHOT.jar:/home/user/.m2/repository/org/apache/commons/commons-compress/1.4.1/commons-compress-1.4.1.jar:/home/user/.m2/repository/org/tukaani/xz/1.0/xz-1.0.jar:/home/user/.m2/repository/org/apache/hadoop/hadoop-common/3.2.0/hadoop-common-3.2.0.jar:/home/user/.m2/repository/org/apache/hadoop/hadoop-hdfs/3.2.0/hadoop-hdfs-3.2.0.jar:/home/user/.m2/repository/org/apache/hadoop/hadoop-hdfs-client/3.2.0/hadoop-hdfs-client-3.2.0.jar:/home/user/.m2/repository/com/fasterxml/jackson/core/jackson-annotations/2.9.9/jackson-annotations-2.9.9.jar:/home/user/.m2/repository/org/apache/hadoop/hadoop-hdds-common/0.5.0-SNAPSHOT/hadoop-hdds-common-0.5.0-SNAPSHOT.jar:/home/user/.m2/repository/javax/annotation/javax.annotation-api/1.2/javax.annotation-api-1.2.jar:/home/user/.m2/repository/org/apache/ratis/ratis-server/0.4.0/ratis-server-0.4.0.jar:/home/user/.m2/repository/org/apache/ratis/ratis-thirdparty-misc/0.2.0/ratis-thirdparty-misc-0.2.0.jar:/home/user/.m2/repository/org/apache/ratis/ratis-proto/0.4.0/ratis-proto-0.4.0.jar:/home/user/.m2/repository/org/apache/ratis/ratis-common/0.4.0/ratis-common-0.4.0.jar:/home/user/.m2/repository/org/apache/ratis/ratis-client/0.4.0/ratis-client-0.4.0.jar:/home/user/.m2/repository/org/apache/ratis/ratis-metrics/0.4.0/ratis-metrics-0.4.0.jar:/home/user/.m2/repository/com/github/joshelser/dropwizard-metrics-hadoop-metrics2-reporter/0.1.2/dropwizard-metrics-hadoop-metrics2-reporter-0.1.2.jar:/home/user/.m2/repository/io/dropwizard/metrics/metrics-jvm/3.2.5/metrics-jvm-3.2.5.jar:/home/user/.m2/repository/io/dropwizard/metrics/metrics-ganglia/3.2.5/metrics-ganglia-3.2.5.jar:/home/user/.m2/repository/info/ganglia/gmetric4j/gmetric4j/1.0.7/gmetric4j-1.0.7.jar:/home/user/.m2/repository/org/apache/ratis/ratis-netty/0.4.0/ratis-netty-0.4.0.jar:/home/user/.m2/repository/org/apache/ratis/ratis-grpc/0.4.0/ratis-grpc-0.4.0.jar:/home/user/.m2/repository/org/rocksdb/rocksdbjni/6.0.1/rocksdbjni-6.0.1.jar:/home/user/.m2/repository/org/apache/logging/log4j/log4j-api/2.11.0/log4j-api-2.11.0.jar:/home/user/.m2/repository/org/apache/logging/log4j/log4j-core/2.11.0/log4j-core-2.11.0.jar:/home/user/.m2/repository/com/lmax/disruptor/3.4.2/disruptor-3.4.2.jar:/home/user/.m2/repository/org/apache/commons/commons-pool2/2.6.0/commons-pool2-2.6.0.jar:/home/user/.m2/repository/org/bouncycastle/bcpkix-jdk15on/1.60/bcpkix-jdk15on-1.60.jar:/home/user/.m2/repository/commons-validator/commons-validator/1.6/commons-validator-1.6.jar:/home/user/.m2/repository/commons-digester/commons-digester/1.8.1/commons-digester-1.8.1.jar:/home/user/.m2/repository/io/jaegertracing/jaeger-client/0.34.0/jaeger-client-0.34.0.jar:/home/user/.m2/repository/io/jaegertracing/jaeger-thrift/0.34.0/jaeger-thrift-0.34.0.jar:/home/user/.m2/repository/org/apache/thrift/libthrift/0.12.0/libthrift-0.12.0.jar:/home/user/.m2/repository/com/squareup/okhttp3/okhttp/3.9.0/okhttp-3.9.0.jar:/home/user/.m2/repository/com/squareup/okio/okio/1.13.0/okio-1.13.0.jar:/home/user/.m2/repository/io/jaegertracing/jaeger-core/0.34.0/jaeger-core-0.34.0.jar:/home/user/.m2/repository/io/jaegertracing/jaeger-tracerresolver/0.34.0/jaeger-tracerresolver-0.34.0.jar:/home/user/.m2/repository/io/opentracing/contrib/opentracing-tracerresolver/0.1.5/opentracing-tracerresolver-0.1.5.jar:/home/user/.m2/repository/io/opentracing/opentracing-util/0.31.0/opentracing-util-0.31.0.jar:/home/user/.m2/repository/io/opentracing/opentracing-api/0.31.0/opentracing-api-0.31.0.jar:/home/user/.m2/repository/io/opentracing/opentracing-noop/0.31.0/opentracing-noop-0.31.0.jar:/home/user/.m2/repository/org/apache/hadoop/hadoop-hdds-server-framework/0.5.0-SNAPSHOT/hadoop-hdds-server-framework-0.5.0-SNAPSHOT.jar:/home/user/.m2/repository/org/apache/hadoop/hadoop-hdds-container-service/0.5.0-SNAPSHOT/hadoop-hdds-container-service-0.5.0-SNAPSHOT.jar:/home/user/.m2/repository/org/apache/hadoop/hadoop-hdds-client/0.5.0-SNAPSHOT/hadoop-hdds-client-0.5.0-SNAPSHOT.jar:/home/user/.m2/repository/org/apache/hadoop/hadoop-hdds-tools/0.5.0-SNAPSHOT/hadoop-hdds-tools-0.5.0-SNAPSHOT.jar:/home/user/.m2/repository/org/apache/hadoop/hadoop-hdds-server-scm/0.5.0-SNAPSHOT/hadoop-hdds-server-scm-0.5.0-SNAPSHOT.jar:/home/user/.m2/repository/org/apache/hadoop/hadoop-hdds-docs/0.5.0-SNAPSHOT/hadoop-hdds-docs-0.5.0-SNAPSHOT.jar:/home/user/.m2/repository/io/dropwizard/metrics/metrics-core/3.2.4/metrics-core-3.2.4.jar:/home/user/.m2/repository/org/hamcrest/hamcrest-all/1.3/hamcrest-all-1.3.jar:/home/user/.m2/repository/org/bouncycastle/bcprov-jdk15on/1.60/bcprov-jdk15on-1.60.jar:/home/user/.m2/repository/info/picocli/picocli/3.9.6/picocli-3.9.6.jar:/home/user/.m2/repository/com/google/protobuf/protobuf-java/2.5.0/protobuf-java-2.5.0.jar:/home/user/.m2/repository/com/google/guava/guava/11.0.2/guava-11.0.2.jar:/home/user/.m2/repository/org/apache/hadoop/hadoop-ozone-ozone-manager/0.5.0-SNAPSHOT/hadoop-ozone-ozone-manager-0.5.0-SNAPSHOT.jar:/home/user/.m2/repository/org/apache/hadoop/hadoop-minikdc/3.2.0/hadoop-minikdc-3.2.0.jar:/home/user/.m2/repository/commons-io/commons-io/2.5/commons-io-2.5.jar:/home/user/.m2/repository/org/apache/kerby/kerb-simplekdc/1.0.1/kerb-simplekdc-1.0.1.jar:/home/user/.m2/repository/org/apache/kerby/kerb-client/1.0.1/kerb-client-1.0.1.jar:/home/user/.m2/repository/org/apache/kerby/kerby-config/1.0.1/kerby-config-1.0.1.jar:/home/user/.m2/repository/org/apache/kerby/kerb-core/1.0.1/kerb-core-1.0.1.jar:/home/user/.m2/repository/org/apache/kerby/kerby-pkix/1.0.1/kerby-pkix-1.0.1.jar:/home/user/.m2/repository/org/apache/kerby/kerby-asn1/1.0.1/kerby-asn1-1.0.1.jar:/home/user/.m2/repository/org/apache/kerby/kerby-util/1.0.1/kerby-util-1.0.1.jar:/home/user/.m2/repository/org/apache/kerby/kerb-common/1.0.1/kerb-common-1.0.1.jar:/home/user/.m2/repository/org/apache/kerby/kerb-crypto/1.0.1/kerb-crypto-1.0.1.jar:/home/user/.m2/repository/org/apache/kerby/kerb-util/1.0.1/kerb-util-1.0.1.jar:/home/user/.m2/repository/org/apache/kerby/token-provider/1.0.1/token-provider-1.0.1.jar:/home/user/.m2/repository/org/apache/kerby/kerb-admin/1.0.1/kerb-admin-1.0.1.jar:/home/user/.m2/repository/org/apache/kerby/kerb-server/1.0.1/kerb-server-1.0.1.jar:/home/user/.m2/repository/org/apache/kerby/kerb-identity/1.0.1/kerb-identity-1.0.1.jar:/home/user/.m2/repository/org/apache/kerby/kerby-xdr/1.0.1/kerby-xdr-1.0.1.jar:/home/user/.m2/repository/org/slf4j/slf4j-log4j12/1.7.25/slf4j-log4j12-1.7.25.jar:/home/user/.m2/repository/org/apache/hadoop/hadoop-ozone-s3gateway/0.5.0-SNAPSHOT/hadoop-ozone-s3gateway-0.5.0-SNAPSHOT.jar:/home/user/.m2/repository/org/jboss/weld/servlet/weld-servlet/2.4.7.Final/weld-servlet-2.4.7.Final.jar:/home/user/.m2/repository/org/glassfish/jersey/containers/jersey-container-servlet-core/2.27/jersey-container-servlet-core-2.27.jar:/home/user/.m2/repository/org/glassfish/hk2/external/javax.inject/2.5.0-b42/javax.inject-2.5.0-b42.jar:/home/user/.m2/repository/org/glassfish/jersey/core/jersey-common/2.27/jersey-common-2.27.jar:/home/user/.m2/repository/org/glassfish/hk2/osgi-resource-locator/1.0.1/osgi-resource-locator-1.0.1.jar:/home/user/.m2/repository/javax/ws/rs/javax.ws.rs-api/2.1/javax.ws.rs-api-2.1.jar:/home/user/.m2/repository/org/glassfish/jersey/ext/cdi/jersey-cdi1x/2.27/jersey-cdi1x-2.27.jar:/home/user/.m2/repository/org/glassfish/jersey/inject/jersey-hk2/2.27/jersey-hk2-2.27.jar:/home/user/.m2/repository/org/glassfish/hk2/hk2-locator/2.5.0-b42/hk2-locator-2.5.0-b42.jar:/home/user/.m2/repository/org/javassist/javassist/3.22.0-CR2/javassist-3.22.0-CR2.jar:/home/user/.m2/repository/org/glassfish/hk2/hk2-api/2.5.0/hk2-api-2.5.0.jar:/home/user/.m2/repository/org/glassfish/hk2/external/jakarta.inject/2.5.0/jakarta.inject-2.5.0.jar:/home/user/.m2/repository/org/glassfish/hk2/hk2-utils/2.5.0/hk2-utils-2.5.0.jar:/home/user/.m2/repository/jakarta/annotation/jakarta.annotation-api/1.3.4/jakarta.annotation-api-1.3.4.jar:/home/user/.m2/repository/org/glassfish/hk2/external/aopalliance-repackaged/2.5.0/aopalliance-repackaged-2.5.0.jar:/home/user/.m2/repository/com/fasterxml/jackson/dataformat/jackson-dataformat-xml/2.9.0/jackson-dataformat-xml-2.9.0.jar:/home/user/.m2/repository/com/fasterxml/jackson/core/jackson-core/2.9.9/jackson-core-2.9.9.jar:/home/user/.m2/repository/com/fasterxml/jackson/module/jackson-module-jaxb-annotations/2.9.9/jackson-module-jaxb-annotations-2.9.9.jar:/home/user/.m2/repository/javax/enterprise/cdi-api/1.2/cdi-api-1.2.jar:/home/user/.m2/repository/javax/el/javax.el-api/3.0.0/javax.el-api-3.0.0.jar:/home/user/.m2/repository/javax/interceptor/javax.interceptor-api/1.2/javax.interceptor-api-1.2.jar:/home/user/.m2/repository/javax/inject/javax.inject/1/javax.inject-1.jar:/home/user/.m2/repository/com/sun/xml/bind/jaxb-impl/2.3.0.1/jaxb-impl-2.3.0.1.jar:/home/user/.m2/repository/com/sun/xml/bind/jaxb-core/2.3.0.1/jaxb-core-2.3.0.1.jar:/home/user/.m2/repository/javax/xml/bind/jaxb-api/2.3.0/jaxb-api-2.3.0.jar:/home/user/.m2/repository/javax/activation/activation/1.1.1/activation-1.1.1.jar:/home/user/.m2/repository/org/apache/hadoop/hadoop-ozone-csi/0.5.0-SNAPSHOT/hadoop-ozone-csi-0.5.0-SNAPSHOT.jar:/home/user/.m2/repository/com/google/protobuf/protobuf-java-util/3.5.1/protobuf-java-util-3.5.1.jar:/home/user/.m2/repository/org/apache/hadoop/hadoop-hdds-config/0.5.0-SNAPSHOT/hadoop-hdds-config-0.5.0-SNAPSHOT.jar:/home/user/.m2/repository/io/grpc/grpc-netty/1.17.1/grpc-netty-1.17.1.jar:/home/user/.m2/repository/io/grpc/grpc-core/1.17.1/grpc-core-1.17.1.jar:/home/user/.m2/repository/io/grpc/grpc-context/1.17.1/grpc-context-1.17.1.jar:/home/user/.m2/repository/com/google/errorprone/error_prone_annotations/2.2.0/error_prone_annotations-2.2.0.jar:/home/user/.m2/repository/org/codehaus/mojo/animal-sniffer-annotations/1.17/animal-sniffer-annotations-1.17.jar:/home/user/.m2/repository/io/opencensus/opencensus-api/0.17.0/opencensus-api-0.17.0.jar:/home/user/.m2/repository/io/opencensus/opencensus-contrib-grpc-metrics/0.17.0/opencensus-contrib-grpc-metrics-0.17.0.jar:/home/user/.m2/repository/io/netty/netty-codec-http2/4.1.30.Final/netty-codec-http2-4.1.30.Final.jar:/home/user/.m2/repository/io/netty/netty-codec-http/4.1.30.Final/netty-codec-http-4.1.30.Final.jar:/home/user/.m2/repository/io/netty/netty-codec/4.1.30.Final/netty-codec-4.1.30.Final.jar:/home/user/.m2/repository/io/netty/netty-handler/4.1.30.Final/netty-handler-4.1.30.Final.jar:/home/user/.m2/repository/io/netty/netty-handler-proxy/4.1.30.Final/netty-handler-proxy-4.1.30.Final.jar:/home/user/.m2/repository/io/netty/netty-codec-socks/4.1.30.Final/netty-codec-socks-4.1.30.Final.jar:/home/user/.m2/repository/io/netty/netty-transport-native-epoll/4.1.30.Final/netty-transport-native-epoll-4.1.30.Final.jar:/home/user/.m2/repository/io/netty/netty-common/4.1.30.Final/netty-common-4.1.30.Final.jar:/home/user/.m2/repository/io/netty/netty-buffer/4.1.30.Final/netty-buffer-4.1.30.Final.jar:/home/user/.m2/repository/io/netty/netty-transport/4.1.30.Final/netty-transport-4.1.30.Final.jar:/home/user/.m2/repository/io/netty/netty-resolver/4.1.30.Final/netty-resolver-4.1.30.Final.jar:/home/user/.m2/repository/io/netty/netty-transport-native-unix-common/4.1.30.Final/netty-transport-native-unix-common-4.1.30.Final.jar:/home/user/.m2/repository/io/grpc/grpc-protobuf/1.17.1/grpc-protobuf-1.17.1.jar:/home/user/.m2/repository/com/google/api/grpc/proto-google-common-protos/1.0.0/proto-google-common-protos-1.0.0.jar:/home/user/.m2/repository/io/grpc/grpc-protobuf-lite/1.17.1/grpc-protobuf-lite-1.17.1.jar:/home/user/.m2/repository/io/grpc/grpc-stub/1.17.1/grpc-stub-1.17.1.jar:/home/user/.m2/repository/org/apache/hadoop/hadoop-ozone-recon/0.5.0-SNAPSHOT/hadoop-ozone-recon-0.5.0-SNAPSHOT.jar:/home/user/.m2/repository/org/apache/hadoop/hadoop-ozone-reconcodegen/0.5.0-SNAPSHOT/hadoop-ozone-reconcodegen-0.5.0-SNAPSHOT.jar:/home/user/.m2/repository/com/google/inject/extensions/guice-multibindings/4.0/guice-multibindings-4.0.jar:/home/user/.m2/repository/com/google/inject/guice/4.0/guice-4.0.jar:/home/user/.m2/repository/aopalliance/aopalliance/1.0/aopalliance-1.0.jar:/home/user/.m2/repository/com/google/inject/extensions/guice-servlet/4.0/guice-servlet-4.0.jar:/home/user/.m2/repository/org/glassfish/jersey/containers/jersey-container-servlet/2.27/jersey-container-servlet-2.27.jar:/home/user/.m2/repository/org/glassfish/hk2/guice-bridge/2.5.0/guice-bridge-2.5.0.jar:/home/user/.m2/repository/org/glassfish/jersey/core/jersey-server/2.27/jersey-server-2.27.jar:/home/user/.m2/repository/org/glassfish/jersey/core/jersey-client/2.27/jersey-client-2.27.jar:/home/user/.m2/repository/org/glassfish/jersey/media/jersey-media-jaxb/2.27/jersey-media-jaxb-2.27.jar:/home/user/.m2/repository/javax/validation/validation-api/1.1.0.Final/validation-api-1.1.0.Final.jar:/home/user/.m2/repository/org/glassfish/jersey/media/jersey-media-json-jackson/2.27/jersey-media-json-jackson-2.27.jar:/home/user/.m2/repository/org/glassfish/jersey/ext/jersey-entity-filtering/2.27/jersey-entity-filtering-2.27.jar:/home/user/.m2/repository/com/google/inject/extensions/guice-assistedinject/4.0/guice-assistedinject-4.0.jar:/home/user/.m2/repository/org/jooq/jooq/3.11.10/jooq-3.11.10.jar:/home/user/.m2/repository/org/jooq/jooq-meta/3.11.10/jooq-meta-3.11.10.jar:/home/user/.m2/repository/org/jooq/jooq-codegen/3.11.10/jooq-codegen-3.11.10.jar:/home/user/.m2/repository/com/jolbox/bonecp/0.8.0.RELEASE/bonecp-0.8.0.RELEASE.jar:/home/user/.m2/repository/org/xerial/sqlite-jdbc/3.25.2/sqlite-jdbc-3.25.2.jar:/home/user/.m2/repository/org/springframework/spring-jdbc/5.1.3.RELEASE/spring-jdbc-5.1.3.RELEASE.jar:/home/user/.m2/repository/org/springframework/spring-beans/5.1.3.RELEASE/spring-beans-5.1.3.RELEASE.jar:/home/user/.m2/repository/org/springframework/spring-core/5.1.3.RELEASE/spring-core-5.1.3.RELEASE.jar:/home/user/.m2/repository/org/springframework/spring-jcl/5.1.3.RELEASE/spring-jcl-5.1.3.RELEASE.jar:/home/user/.m2/repository/org/springframework/spring-tx/5.1.3.RELEASE/spring-tx-5.1.3.RELEASE.jar:/home/user/.m2/repository/org/apache/hadoop/hadoop-ozone-client/0.5.0-SNAPSHOT/hadoop-ozone-client-0.5.0-SNAPSHOT.jar:/home/user/.m2/repository/commons-lang/commons-lang/2.6/commons-lang-2.6.jar:/home/user/.m2/repository/org/apache/hadoop/hadoop-ozone-ozone-manager/0.5.0-SNAPSHOT/hadoop-ozone-ozone-manager-0.5.0-SNAPSHOT-tests.jar:/home/user/.m2/repository/junit/junit/4.11/junit-4.11.jar:/home/user/.m2/repository/org/hamcrest/hamcrest-core/1.3/hamcrest-core-1.3.jar:/home/user/.m2/repository/org/openjdk/jmh/jmh-core/1.19/jmh-core-1.19.jar:/home/user/.m2/repository/net/sf/jopt-simple/jopt-simple/4.6/jopt-simple-4.6.jar:/home/user/.m2/repository/org/apache/commons/commons-math3/3.1.1/commons-math3-3.1.1.jar:/home/user/.m2/repository/org/openjdk/jmh/jmh-generator-annprocess/1.19/jmh-generator-annprocess-1.19.jar:/home/user/.m2/repository/org/mockito/mockito-all/1.8.5/mockito-all-1.8.5.jar:/home/user/.m2/repository/org/apache/hadoop/hadoop-kms/3.2.0/hadoop-kms-3.2.0.jar:/home/user/.m2/repository/org/apache/hadoop/hadoop-auth/3.2.0/hadoop-auth-3.2.0.jar:/home/user/.m2/repository/com/nimbusds/nimbus-jose-jwt/4.41.1/nimbus-jose-jwt-4.41.1.jar:/home/user/.m2/repository/com/github/stephenc/jcip/jcip-annotations/1.0-1/jcip-annotations-1.0-1.jar:/home/user/.m2/repository/net/minidev/json-smart/2.3/json-smart-2.3.jar:/home/user/.m2/repository/net/minidev/accessors-smart/1.2/accessors-smart-1.2.jar:/home/user/.m2/repository/org/ow2/asm/asm/5.0.4/asm-5.0.4.jar:/home/user/.m2/repository/org/apache/curator/curator-framework/2.12.0/curator-framework-2.12.0.jar:/home/user/.m2/repository/com/sun/jersey/jersey-core/1.19/jersey-core-1.19.jar:/home/user/.m2/repository/javax/ws/rs/jsr311-api/1.1.1/jsr311-api-1.1.1.jar:/home/user/.m2/repository/com/sun/jersey/jersey-server/1.19/jersey-server-1.19.jar:/home/user/.m2/repository/javax/servlet/javax.servlet-api/3.1.0/javax.servlet-api-3.1.0.jar:/home/user/.m2/repository/org/eclipse/jetty/jetty-server/9.3.25.v20180904/jetty-server-9.3.25.v20180904.jar:/home/user/.m2/repository/org/eclipse/jetty/jetty-http/9.3.25.v20180904/jetty-http-9.3.25.v20180904.jar:/home/user/.m2/repository/org/eclipse/jetty/jetty-io/9.3.25.v20180904/jetty-io-9.3.25.v20180904.jar:/home/user/.m2/repository/org/eclipse/jetty/jetty-webapp/9.3.25.v20180904/jetty-webapp-9.3.25.v20180904.jar:/home/user/.m2/repository/org/eclipse/jetty/jetty-xml/9.3.25.v20180904/jetty-xml-9.3.25.v20180904.jar:/home/user/.m2/repository/log4j/log4j/1.2.17/log4j-1.2.17.jar:/home/user/.m2/repository/org/slf4j/slf4j-api/1.7.25/slf4j-api-1.7.25.jar:/home/user/.m2/repository/org/slf4j/jul-to-slf4j/1.7.25/jul-to-slf4j-1.7.25.jar:/home/user/.m2/repository/org/eclipse/jetty/jetty-util/9.3.25.v20180904/jetty-util-9.3.25.v20180904.jar:/home/user/.m2/repository/com/fasterxml/jackson/core/jackson-databind/2.9.9/jackson-databind-2.9.9.jar:/home/user/.m2/repository/org/apache/hadoop/hadoop-kms/3.2.0/hadoop-kms-3.2.0-tests.jar:/home/user/.m2/repository/org/apache/hadoop/hadoop-hdds-server-scm/0.5.0-SNAPSHOT/hadoop-hdds-server-scm-0.5.0-SNAPSHOT-tests.jar:/home/user/.m2/repository/org/apache/hadoop/hadoop-hdds-container-service/0.5.0-SNAPSHOT/hadoop-hdds-container-service-0.5.0-SNAPSHOT-tests.jar:/home/user/.m2/repository/org/yaml/snakeyaml/1.16/snakeyaml-1.16.jar:/home/user/.m2/repository/org/apache/hadoop/hadoop-common/3.2.0/hadoop-common-3.2.0-tests.jar:/home/user/.m2/repository/org/apache/hadoop/hadoop-annotations/3.2.0/hadoop-annotations-3.2.0.jar:/usr/lib/jvm/java-1.8-openjdk/jre/../lib/tools.jar:/home/user/.m2/repository/commons-cli/commons-cli/1.2/commons-cli-1.2.jar:/home/user/.m2/repository/org/apache/httpcomponents/httpclient/4.5.2/httpclient-4.5.2.jar:/home/user/.m2/repository/org/apache/httpcomponents/httpcore/4.4.4/httpcore-4.4.4.jar:/home/user/.m2/repository/commons-codec/commons-codec/1.11/commons-codec-1.11.jar:/home/user/.m2/repository/commons-net/commons-net/3.6/commons-net-3.6.jar:/home/user/.m2/repository/commons-collections/commons-collections/3.2.2/commons-collections-3.2.2.jar:/home/user/.m2/repository/org/eclipse/jetty/jetty-servlet/9.3.25.v20180904/jetty-servlet-9.3.25.v20180904.jar:/home/user/.m2/repository/org/eclipse/jetty/jetty-security/9.3.25.v20180904/jetty-security-9.3.25.v20180904.jar:/home/user/.m2/repository/javax/servlet/jsp/jsp-api/2.1/jsp-api-2.1.jar:/home/user/.m2/repository/com/sun/jersey/jersey-servlet/1.19/jersey-servlet-1.19.jar:/home/user/.m2/repository/com/sun/jersey/jersey-json/1.19/jersey-json-1.19.jar:/home/user/.m2/repository/org/codehaus/jettison/jettison/1.1/jettison-1.1.jar:/home/user/.m2/repository/org/codehaus/jackson/jackson-core-asl/1.9.13/jackson-core-asl-1.9.13.jar:/home/user/.m2/repository/org/codehaus/jackson/jackson-mapper-asl/1.9.13/jackson-mapper-asl-1.9.13.jar:/home/user/.m2/repository/org/codehaus/jackson/jackson-jaxrs/1.9.13/jackson-jaxrs-1.9.13.jar:/home/user/.m2/repository/org/codehaus/jackson/jackson-xc/1.9.13/jackson-xc-1.9.13.jar:/home/user/.m2/repository/commons-logging/commons-logging/1.1.3/commons-logging-1.1.3.jar:/home/user/.m2/repository/commons-beanutils/commons-beanutils/1.9.4/commons-beanutils-1.9.4.jar:/home/user/.m2/repository/org/apache/commons/commons-configuration2/2.1.1/commons-configuration2-2.1.1.jar:/home/user/.m2/repository/org/apache/commons/commons-lang3/3.7/commons-lang3-3.7.jar:/home/user/.m2/repository/org/apache/commons/commons-text/1.4/commons-text-1.4.jar:/home/user/.m2/repository/org/apache/avro/avro/1.7.7/avro-1.7.7.jar:/home/user/.m2/repository/com/thoughtworks/paranamer/paranamer/2.3/paranamer-2.3.jar:/home/user/.m2/repository/org/xerial/snappy/snappy-java/1.0.5/snappy-java-1.0.5.jar:/home/user/.m2/repository/com/google/re2j/re2j/1.1/re2j-1.1.jar:/home/user/.m2/repository/com/google/code/gson/gson/2.2.4/gson-2.2.4.jar:/home/user/.m2/repository/com/jcraft/jsch/0.1.54/jsch-0.1.54.jar:/home/user/.m2/repository/org/apache/curator/curator-client/2.12.0/curator-client-2.12.0.jar:/home/user/.m2/repository/org/apache/curator/curator-recipes/2.12.0/curator-recipes-2.12.0.jar:/home/user/.m2/repository/com/google/code/findbugs/jsr305/3.0.0/jsr305-3.0.0.jar:/home/user/.m2/repository/org/apache/htrace/htrace-core4/4.1.0-incubating/htrace-core4-4.1.0-incubating.jar:/home/user/.m2/repository/org/apache/zookeeper/zookeeper/3.4.13/zookeeper-3.4.13.jar:/home/user/.m2/repository/jline/jline/0.9.94/jline-0.9.94.jar:/home/user/.m2/repository/org/apache/yetus/audience-annotations/0.5.0/audience-annotations-0.5.0.jar:/home/user/.m2/repository/org/codehaus/woodstox/stax2-api/3.1.4/stax2-api-3.1.4.jar:/home/user/.m2/repository/com/fasterxml/woodstox/woodstox-core/5.0.3/woodstox-core-5.0.3.jar:/home/user/.m2/repository/dnsjava/dnsjava/2.1.7/dnsjava-2.1.7.jar:/home/user/.m2/repository/org/apache/hadoop/hadoop-hdfs/3.2.0/hadoop-hdfs-3.2.0-tests.jar:/home/user/.m2/repository/org/eclipse/jetty/jetty-util-ajax/9.3.25.v20180904/jetty-util-ajax-9.3.25.v20180904.jar:/home/user/.m2/repository/commons-daemon/commons-daemon/1.0.13/commons-daemon-1.0.13.jar:/home/user/.m2/repository/io/netty/netty/3.10.5.Final/netty-3.10.5.Final.jar:/home/user/.m2/repository/io/netty/netty-all/4.0.52.Final/netty-all-4.0.52.Final.jar:/home/user/.m2/repository/org/fusesource/leveldbjni/leveldbjni-all/1.8/leveldbjni-all-1.8.jar:"/>
    <property name="sun.cpu.endian" value="little"/>
    <property name="user.home" value="/home/user"/>
    <property name="user.language" value="en"/>
    <property name="java.specification.vendor" value="Oracle Corporation"/>
    <property name="java.home" value="/usr/lib/jvm/java-1.8-openjdk/jre"/>
    <property name="java.security.krb5.conf" value="/workdir/hadoop-ozone/integration-test/target/test-classes/krb5.conf"/>
    <property name="basedir" value="/workdir/hadoop-ozone/integration-test"/>
    <property name="file.separator" value="/"/>
    <property name="line.separator" value="&#10;"/>
    <property name="java.vm.specification.vendor" value="Oracle Corporation"/>
    <property name="java.specification.name" value="Java Platform API Specification"/>
    <property name="java.awt.graphicsenv" value="sun.awt.X11GraphicsEnvironment"/>
    <property name="surefire.real.class.path" value="/workdir/hadoop-ozone/integration-test/target/surefire/surefirebooter4081471172164069073.jar"/>
    <property name="hadoop.log.dir" value="/workdir/hadoop-ozone/integration-test/target/log"/>
    <property name="sun.boot.class.path" value="/usr/lib/jvm/java-1.8-openjdk/jre/lib/resources.jar:/usr/lib/jvm/java-1.8-openjdk/jre/lib/rt.jar:/usr/lib/jvm/java-1.8-openjdk/jre/lib/sunrsasign.jar:/usr/lib/jvm/java-1.8-openjdk/jre/lib/jsse.jar:/usr/lib/jvm/java-1.8-openjdk/jre/lib/jce.jar:/usr/lib/jvm/java-1.8-openjdk/jre/lib/charsets.jar:/usr/lib/jvm/java-1.8-openjdk/jre/lib/jfr.jar:/usr/lib/jvm/java-1.8-openjdk/jre/classes"/>
    <property name="sun.management.compiler" value="HotSpot 64-Bit Tiered Compilers"/>
    <property name="java.runtime.version" value="1.8.0_212-b04"/>
    <property name="java.net.preferIPv4Stack" value="true"/>
    <property name="user.name" value="jenkins1000"/>
    <property name="path.separator" value=":"/>
    <property name="java.security.egd" value="file:///dev/urandom"/>
    <property name="os.version" value="3.10.0-957.12.2.el7.x86_64"/>
    <property name="java.endorsed.dirs" value="/usr/lib/jvm/java-1.8-openjdk/jre/lib/endorsed"/>
    <property name="java.runtime.name" value="OpenJDK Runtime Environment"/>
    <property name="file.encoding" value="UTF-8"/>
    <property name="java.vm.name" value="OpenJDK 64-Bit Server VM"/>
    <property name="test.build.webapps" value=""/>
    <property name="localRepository" value="/home/user/.m2/repository"/>
    <property name="java.vendor.url.bug" value="https://icedtea.classpath.org/bugzilla"/>
    <property name="java.io.tmpdir" value="/tmp"/>
    <property name="require.test.libhadoop" value=""/>
    <property name="java.version" value="1.8.0_212"/>
    <property name="user.dir" value="/workdir/hadoop-ozone/integration-test"/>
    <property name="os.arch" value="amd64"/>
    <property name="java.vm.specification.name" value="Java Virtual Machine Specification"/>
    <property name="test.build.classes" value="/workdir/hadoop-ozone/integration-test/target/test-classes"/>
    <property name="java.awt.printerjob" value="sun.print.PSPrinterJob"/>
    <property name="sun.os.patch.level" value="unknown"/>
    <property name="hadoop.tmp.dir" value="/workdir/hadoop-ozone/integration-test/target/tmp"/>
    <property name="java.library.path" value="/usr/lib/jvm/java-1.8-openjdk/jre/lib/amd64/server:/usr/lib/jvm/java-1.8-openjdk/jre/lib/amd64:/usr/lib/jvm/java-1.8-openjdk/jre/../lib/amd64:/workdir/hadoop-ozone/integration-test/target/native/target/usr/local/lib:/workdir/hadoop-ozone/integration-test/../../hadoop-common-project/hadoop-common/target/native/target/usr/local/lib:/usr/java/packages/lib/amd64:/usr/lib64:/lib64:/lib:/usr/lib"/>
    <property name="java.vm.info" value="mixed mode"/>
    <property name="java.vendor" value="IcedTea"/>
    <property name="java.vm.version" value="25.212-b04"/>
    <property name="java.ext.dirs" value="/usr/lib/jvm/java-1.8-openjdk/jre/lib/ext:/usr/java/packages/lib/ext"/>
    <property name="sun.io.unicode.encoding" value="UnicodeLittle"/>
    <property name="java.class.version" value="52.0"/>
  </properties>
  <testcase name="test2DatanodesFailure" classname="org.apache.hadoop.ozone.client.rpc.TestBlockOutputStreamWithFailures" time="109.287"/>
  <testcase name="testDatanodeFailureWithPreAllocation" classname="org.apache.hadoop.ozone.client.rpc.TestBlockOutputStreamWithFailures" time="221.97"/>
  <testcase name="testDatanodeFailureWithSingleNodeRatis" classname="org.apache.hadoop.ozone.client.rpc.TestBlockOutputStreamWithFailures" time="221.519"/>
  <testcase name="testWatchForCommitWithSingleNodeRatis" classname="org.apache.hadoop.ozone.client.rpc.TestBlockOutputStreamWithFailures" time="33.384"/>
  <testcase name="testWatchForCommitDatanodeFailure" classname="org.apache.hadoop.ozone.client.rpc.TestBlockOutputStreamWithFailures" time="33.662"/>
  <testcase name="testFailureWithPrimeSizedData" classname="org.apache.hadoop.ozone.client.rpc.TestBlockOutputStreamWithFailures" time="33.286"/>
  <testcase name="testWatchForCommitWithCloseContainerException" classname="org.apache.hadoop.ozone.client.rpc.TestBlockOutputStreamWithFailures" time="34.564"/>
  <testcase name="testExceptionDuringClose" classname="org.apache.hadoop.ozone.client.rpc.TestBlockOutputStreamWithFailures" time="34.68">
    <failure message="expected:&lt;88&gt; but was:&lt;90&gt;" type="java.lang.AssertionError"><![CDATA[java.lang.AssertionError: expected:<88> but was:<90>
	at org.junit.Assert.fail(Assert.java:88)
	at org.junit.Assert.failNotEquals(Assert.java:743)
	at org.junit.Assert.assertEquals(Assert.java:118)
	at org.junit.Assert.assertEquals(Assert.java:555)
	at org.junit.Assert.assertEquals(Assert.java:542)
	at org.apache.hadoop.ozone.client.rpc.TestBlockOutputStreamWithFailures.testExceptionDuringClose(TestBlockOutputStreamWithFailures.java:726)
	at sun.reflect.NativeMethodAccessorImpl.invoke0(Native Method)
	at sun.reflect.NativeMethodAccessorImpl.invoke(NativeMethodAccessorImpl.java:62)
	at sun.reflect.DelegatingMethodAccessorImpl.invoke(DelegatingMethodAccessorImpl.java:43)
	at java.lang.reflect.Method.invoke(Method.java:498)
	at org.junit.runners.model.FrameworkMethod$1.runReflectiveCall(FrameworkMethod.java:47)
	at org.junit.internal.runners.model.ReflectiveCallable.run(ReflectiveCallable.java:12)
	at org.junit.runners.model.FrameworkMethod.invokeExplosively(FrameworkMethod.java:44)
	at org.junit.internal.runners.statements.InvokeMethod.evaluate(InvokeMethod.java:17)
	at org.junit.internal.runners.statements.RunBefores.evaluate(RunBefores.java:26)
	at org.junit.internal.runners.statements.RunAfters.evaluate(RunAfters.java:27)
	at org.junit.runners.ParentRunner.runLeaf(ParentRunner.java:271)
	at org.junit.runners.BlockJUnit4ClassRunner.runChild(BlockJUnit4ClassRunner.java:70)
	at org.junit.runners.BlockJUnit4ClassRunner.runChild(BlockJUnit4ClassRunner.java:50)
	at org.junit.runners.ParentRunner$3.run(ParentRunner.java:238)
	at org.junit.runners.ParentRunner$1.schedule(ParentRunner.java:63)
	at org.junit.runners.ParentRunner.runChildren(ParentRunner.java:236)
	at org.junit.runners.ParentRunner.access$000(ParentRunner.java:53)
	at org.junit.runners.ParentRunner$2.evaluate(ParentRunner.java:229)
	at org.junit.runners.ParentRunner.run(ParentRunner.java:309)
	at org.apache.maven.surefire.junit4.JUnit4Provider.execute(JUnit4Provider.java:365)
	at org.apache.maven.surefire.junit4.JUnit4Provider.executeWithRerun(JUnit4Provider.java:273)
	at org.apache.maven.surefire.junit4.JUnit4Provider.executeTestSet(JUnit4Provider.java:238)
	at org.apache.maven.surefire.junit4.JUnit4Provider.invoke(JUnit4Provider.java:159)
	at org.apache.maven.surefire.booter.ForkedBooter.invokeProviderInSameClassLoader(ForkedBooter.java:384)
	at org.apache.maven.surefire.booter.ForkedBooter.runSuitesInProcess(ForkedBooter.java:345)
	at org.apache.maven.surefire.booter.ForkedBooter.execute(ForkedBooter.java:126)
	at org.apache.maven.surefire.booter.ForkedBooter.main(ForkedBooter.java:418)
]]></failure>
    <system-out><![CDATA[2019-10-11 04:43:57,774 [main] WARN  server.ServerUtils (ServerUtils.java:getScmDbDir(145)) - ozone.scm.db.dirs is not configured. We recommend adding this setting. Falling back to ozone.metadata.dirs instead.
2019-10-11 04:43:57,801 [main] WARN  server.ServerUtils (ServerUtils.java:getScmDbDir(145)) - ozone.scm.db.dirs is not configured. We recommend adding this setting. Falling back to ozone.metadata.dirs instead.
2019-10-11 04:43:57,801 [main] WARN  server.ServerUtils (ServerUtils.java:getScmDbDir(145)) - ozone.scm.db.dirs is not configured. We recommend adding this setting. Falling back to ozone.metadata.dirs instead.
2019-10-11 04:43:57,802 [main] INFO  db.DBStoreBuilder (DBStoreBuilder.java:addTable(110)) - using custom profile for table: deletedBlocks
2019-10-11 04:43:57,802 [main] INFO  db.DBStoreBuilder (DBStoreBuilder.java:processTables(161)) - Using default column profile:DBProfile.DISK for Table:deletedBlocks
2019-10-11 04:43:57,802 [main] INFO  db.DBStoreBuilder (DBStoreBuilder.java:addTable(110)) - using custom profile for table: validCerts
2019-10-11 04:43:57,802 [main] INFO  db.DBStoreBuilder (DBStoreBuilder.java:processTables(161)) - Using default column profile:DBProfile.DISK for Table:validCerts
2019-10-11 04:43:57,803 [main] INFO  db.DBStoreBuilder (DBStoreBuilder.java:addTable(110)) - using custom profile for table: revokedCerts
2019-10-11 04:43:57,803 [main] INFO  db.DBStoreBuilder (DBStoreBuilder.java:processTables(161)) - Using default column profile:DBProfile.DISK for Table:revokedCerts
2019-10-11 04:43:57,803 [main] INFO  db.DBStoreBuilder (DBStoreBuilder.java:addTable(110)) - using custom profile for table: default
2019-10-11 04:43:57,803 [main] INFO  db.DBStoreBuilder (DBStoreBuilder.java:processTables(167)) - Using default column profile:DBProfile.DISK for Table:default
2019-10-11 04:43:57,804 [main] INFO  db.DBStoreBuilder (DBStoreBuilder.java:getDbProfile(198)) - Using default options. DBProfile.DISK
2019-10-11 04:43:57,970 [main] INFO  net.NodeSchemaLoader (NodeSchemaLoader.java:loadSchemaFromFile(125)) - Loading file from sun.misc.CompoundEnumeration@37ffe4f3
2019-10-11 04:43:57,971 [main] INFO  net.NodeSchemaLoader (NodeSchemaLoader.java:loadSchema(171)) - Loading network topology layer schema file
2019-10-11 04:43:57,976 [main] INFO  node.SCMNodeManager (SCMNodeManager.java:<init>(114)) - Entering startup safe mode.
2019-10-11 04:43:57,977 [main] INFO  algorithms.ContainerPlacementPolicyFactory (ContainerPlacementPolicyFactory.java:getPolicy(59)) - Create container placement policy of type org.apache.hadoop.hdds.scm.container.placement.algorithms.SCMContainerPlacementRandom
2019-10-11 04:43:57,978 [main] WARN  server.ServerUtils (ServerUtils.java:getScmDbDir(145)) - ozone.scm.db.dirs is not configured. We recommend adding this setting. Falling back to ozone.metadata.dirs instead.
2019-10-11 04:43:58,026 [main] INFO  pipeline.SCMPipelineManager (SCMPipelineManager.java:initializePipelineState(137)) - No pipeline exists in current db
2019-10-11 04:43:58,026 [main] WARN  server.ServerUtils (ServerUtils.java:getScmDbDir(145)) - ozone.scm.db.dirs is not configured. We recommend adding this setting. Falling back to ozone.metadata.dirs instead.
2019-10-11 04:43:58,076 [main] WARN  events.EventQueue (EventQueue.java:fireEvent(183)) - No event handler registered for event TypedEvent{payloadType=SafeModeStatus, name='SafeModeStatus'}
2019-10-11 04:43:58,077 [main] INFO  ipc.CallQueueManager (CallQueueManager.java:<init>(84)) - Using callQueue: class java.util.concurrent.LinkedBlockingQueue, queueCapacity: 2000, scheduler: class org.apache.hadoop.ipc.DefaultRpcScheduler, ipcBackoff: false.
2019-10-11 04:43:58,078 [Socket Reader #1 for port 42181] INFO  ipc.Server (Server.java:run(1074)) - Starting Socket Reader #1 for port 42181
2019-10-11 04:43:58,081 [main] INFO  ipc.CallQueueManager (CallQueueManager.java:<init>(84)) - Using callQueue: class java.util.concurrent.LinkedBlockingQueue, queueCapacity: 2000, scheduler: class org.apache.hadoop.ipc.DefaultRpcScheduler, ipcBackoff: false.
2019-10-11 04:43:58,082 [Socket Reader #1 for port 40052] INFO  ipc.Server (Server.java:run(1074)) - Starting Socket Reader #1 for port 40052
2019-10-11 04:43:58,087 [main] INFO  ipc.CallQueueManager (CallQueueManager.java:<init>(84)) - Using callQueue: class java.util.concurrent.LinkedBlockingQueue, queueCapacity: 2000, scheduler: class org.apache.hadoop.ipc.DefaultRpcScheduler, ipcBackoff: false.
2019-10-11 04:43:58,088 [Socket Reader #1 for port 41055] INFO  ipc.Server (Server.java:run(1074)) - Starting Socket Reader #1 for port 41055
2019-10-11 04:43:58,091 [main] INFO  hdfs.DFSUtil (DFSUtil.java:httpServerTemplateForNNAndJN(1641)) - Starting Web-server for scm at: http://0.0.0.0:0
2019-10-11 04:43:58,093 [main] INFO  server.AuthenticationFilter (AuthenticationFilter.java:constructSecretProvider(240)) - Unable to initialize FileSignerSecretProvider, falling back to use random secrets.
2019-10-11 04:43:58,094 [main] WARN  http.HttpRequestLog (HttpRequestLog.java:getRequestLog(97)) - Jetty request log can only be enabled using Log4j
2019-10-11 04:43:58,096 [main] INFO  http.HttpServer2 (HttpServer2.java:addGlobalFilter(975)) - Added global filter 'safety' (class=org.apache.hadoop.http.HttpServer2$QuotingInputFilter)
2019-10-11 04:43:58,096 [main] INFO  http.HttpServer2 (HttpServer2.java:addFilter(948)) - Added filter static_user_filter (class=org.apache.hadoop.http.lib.StaticUserWebFilter$StaticUserFilter) to context scm
2019-10-11 04:43:58,097 [main] INFO  http.HttpServer2 (HttpServer2.java:addFilter(958)) - Added filter static_user_filter (class=org.apache.hadoop.http.lib.StaticUserWebFilter$StaticUserFilter) to context logs
2019-10-11 04:43:58,097 [main] INFO  http.HttpServer2 (HttpServer2.java:addFilter(958)) - Added filter static_user_filter (class=org.apache.hadoop.http.lib.StaticUserWebFilter$StaticUserFilter) to context static
2019-10-11 04:43:58,098 [main] INFO  server.StorageContainerManager (StorageContainerManager.java:start(770)) - StorageContainerLocationProtocol RPC server is listening at /0.0.0.0:41055
2019-10-11 04:43:58,101 [main] WARN  impl.MetricsConfig (MetricsConfig.java:loadFirst(134)) - Cannot locate configuration: tried hadoop-metrics2-storagecontainermanager.properties,hadoop-metrics2.properties
2019-10-11 04:43:58,102 [main] INFO  impl.MetricsSystemImpl (MetricsSystemImpl.java:startTimer(374)) - Scheduled Metric snapshot period at 10 second(s).
2019-10-11 04:43:58,102 [main] INFO  impl.MetricsSystemImpl (MetricsSystemImpl.java:start(191)) - StorageContainerManager metrics system started
2019-10-11 04:43:58,718 [main] WARN  impl.MetricsSystemImpl (MetricsSystemImpl.java:register(276)) - Sink prometheus already exists!
2019-10-11 04:43:58,878 [main] INFO  server.SCMClientProtocolServer (SCMClientProtocolServer.java:start(151)) - RPC server for Client  is listening at /0.0.0.0:41055
2019-10-11 04:43:58,878 [IPC Server Responder] INFO  ipc.Server (Server.java:run(1314)) - IPC Server Responder: starting
2019-10-11 04:43:58,881 [IPC Server listener on 41055] INFO  ipc.Server (Server.java:run(1153)) - IPC Server listener on 41055: starting
2019-10-11 04:43:58,886 [main] INFO  server.StorageContainerManager (StorageContainerManager.java:start(780)) - ScmBlockLocationProtocol RPC server is listening at /0.0.0.0:40052
2019-10-11 04:43:58,887 [main] INFO  server.SCMBlockProtocolServer (SCMBlockProtocolServer.java:start(146)) - RPC server for Block Protocol is listening at /0.0.0.0:40052
2019-10-11 04:43:58,887 [IPC Server Responder] INFO  ipc.Server (Server.java:run(1314)) - IPC Server Responder: starting
2019-10-11 04:43:58,887 [IPC Server listener on 40052] INFO  ipc.Server (Server.java:run(1153)) - IPC Server listener on 40052: starting
2019-10-11 04:43:58,894 [main] INFO  server.StorageContainerManager (StorageContainerManager.java:start(784)) - ScmDatanodeProtocl RPC server is listening at /0.0.0.0:42181
2019-10-11 04:43:58,895 [main] INFO  server.SCMDatanodeProtocolServer (SCMDatanodeProtocolServer.java:start(191)) - RPC server for DataNodes is listening at /0.0.0.0:42181
2019-10-11 04:43:58,895 [IPC Server Responder] INFO  ipc.Server (Server.java:run(1314)) - IPC Server Responder: starting
2019-10-11 04:43:58,895 [IPC Server listener on 42181] INFO  ipc.Server (Server.java:run(1153)) - IPC Server listener on 42181: starting
2019-10-11 04:43:58,902 [main] INFO  http.HttpServer2 (HttpServer2.java:bindListener(1191)) - Jetty bound to port 33738
2019-10-11 04:43:58,902 [main] INFO  server.Server (Server.java:doStart(351)) - jetty-9.3.25.v20180904, build timestamp: 2018-09-04T21:11:46Z, git hash: 3ce520221d0240229c862b122d2b06c12a625732
2019-10-11 04:43:58,904 [main] INFO  handler.ContextHandler (ContextHandler.java:doStart(781)) - Started o.e.j.s.ServletContextHandler@5a13f1f7{/logs,file:///workdir/hadoop-ozone/integration-test/target/log,AVAILABLE}
2019-10-11 04:43:58,905 [main] INFO  handler.ContextHandler (ContextHandler.java:doStart(781)) - Started o.e.j.s.ServletContextHandler@7686f701{/static,file:///workdir/hadoop-ozone/integration-test/target/test-classes/webapps/static,AVAILABLE}
2019-10-11 04:43:58,910 [main] INFO  handler.ContextHandler (ContextHandler.java:doStart(781)) - Started o.e.j.w.WebAppContext@2c674d58{/,file:///workdir/hadoop-ozone/integration-test/target/test-classes/webapps/scm/,AVAILABLE}{/scm}
2019-10-11 04:43:58,911 [main] INFO  server.AbstractConnector (AbstractConnector.java:doStart(278)) - Started ServerConnector@3c07e830{HTTP/1.1,[http/1.1]}{0.0.0.0:33738}
2019-10-11 04:43:58,917 [main] INFO  server.Server (Server.java:doStart(419)) - Started @689439ms
2019-10-11 04:43:58,918 [main] WARN  impl.MetricsSystemImpl (MetricsSystemImpl.java:register(276)) - Sink prometheus already exists!
2019-10-11 04:43:58,918 [main] INFO  server.BaseHttpServer (BaseHttpServer.java:updateConnectorAddress(215)) - HTTP server of SCM is listening at http://0.0.0.0:33738
2019-10-11 04:43:58,919 [main] WARN  server.ServerUtils (ServerUtils.java:getDBPath(222)) - ozone.om.db.dirs is not configured. We recommend adding this setting. Falling back to ozone.metadata.dirs instead.
2019-10-11 04:43:58,924 [org.apache.hadoop.util.JvmPauseMonitor$Monitor@382d549a] INFO  util.JvmPauseMonitor (JvmPauseMonitor.java:run(188)) - Starting JVM pause monitor
2019-10-11 04:43:58,938 [main] WARN  server.ServerUtils (ServerUtils.java:getDBPath(222)) - ozone.om.db.dirs is not configured. We recommend adding this setting. Falling back to ozone.metadata.dirs instead.
2019-10-11 04:43:58,938 [main] WARN  server.ServerUtils (ServerUtils.java:getDBPath(222)) - ozone.om.db.dirs is not configured. We recommend adding this setting. Falling back to ozone.metadata.dirs instead.
2019-10-11 04:43:58,938 [main] INFO  om.OzoneManager (OzoneManager.java:setOMNodeDetails(652)) - OM Service ID is not set. Setting it to the default ID: omServiceIdDefault
2019-10-11 04:43:58,938 [main] INFO  om.OzoneManager (OzoneManager.java:setOMNodeDetails(658)) - OM Node ID is not set. Setting it to the OmStorage's OmID: 500ab935-eee4-4e98-b3f3-a25afd3e990e
2019-10-11 04:43:58,939 [main] INFO  om.OzoneManager (OzoneManager.java:loadOMHAConfigs(609)) - Found matching OM address with OMServiceId: null, OMNodeId: null, RPC Address: localhost:0 and Ratis port: 9872
2019-10-11 04:43:58,948 [main] WARN  server.ServerUtils (ServerUtils.java:getDBPath(222)) - ozone.om.db.dirs is not configured. We recommend adding this setting. Falling back to ozone.metadata.dirs instead.
2019-10-11 04:43:58,948 [main] INFO  db.DBStoreBuilder (DBStoreBuilder.java:addTable(110)) - using custom profile for table: userTable
2019-10-11 04:43:58,948 [main] INFO  db.DBStoreBuilder (DBStoreBuilder.java:processTables(161)) - Using default column profile:DBProfile.DISK for Table:userTable
2019-10-11 04:43:58,949 [main] INFO  db.DBStoreBuilder (DBStoreBuilder.java:addTable(110)) - using custom profile for table: volumeTable
2019-10-11 04:43:58,949 [main] INFO  db.DBStoreBuilder (DBStoreBuilder.java:processTables(161)) - Using default column profile:DBProfile.DISK for Table:volumeTable
2019-10-11 04:43:58,949 [main] INFO  db.DBStoreBuilder (DBStoreBuilder.java:addTable(110)) - using custom profile for table: bucketTable
2019-10-11 04:43:58,949 [main] INFO  db.DBStoreBuilder (DBStoreBuilder.java:processTables(161)) - Using default column profile:DBProfile.DISK for Table:bucketTable
2019-10-11 04:43:58,949 [main] INFO  db.DBStoreBuilder (DBStoreBuilder.java:addTable(110)) - using custom profile for table: keyTable
2019-10-11 04:43:58,949 [main] INFO  db.DBStoreBuilder (DBStoreBuilder.java:processTables(161)) - Using default column profile:DBProfile.DISK for Table:keyTable
2019-10-11 04:43:58,950 [main] INFO  db.DBStoreBuilder (DBStoreBuilder.java:addTable(110)) - using custom profile for table: deletedTable
2019-10-11 04:43:58,950 [main] INFO  db.DBStoreBuilder (DBStoreBuilder.java:processTables(161)) - Using default column profile:DBProfile.DISK for Table:deletedTable
2019-10-11 04:43:58,950 [main] INFO  db.DBStoreBuilder (DBStoreBuilder.java:addTable(110)) - using custom profile for table: openKeyTable
2019-10-11 04:43:58,950 [main] INFO  db.DBStoreBuilder (DBStoreBuilder.java:processTables(161)) - Using default column profile:DBProfile.DISK for Table:openKeyTable
2019-10-11 04:43:58,950 [main] INFO  db.DBStoreBuilder (DBStoreBuilder.java:addTable(110)) - using custom profile for table: s3Table
2019-10-11 04:43:58,951 [main] INFO  db.DBStoreBuilder (DBStoreBuilder.java:processTables(161)) - Using default column profile:DBProfile.DISK for Table:s3Table
2019-10-11 04:43:58,951 [main] INFO  db.DBStoreBuilder (DBStoreBuilder.java:addTable(110)) - using custom profile for table: multipartInfoTable
2019-10-11 04:43:58,951 [main] INFO  db.DBStoreBuilder (DBStoreBuilder.java:processTables(161)) - Using default column profile:DBProfile.DISK for Table:multipartInfoTable
2019-10-11 04:43:58,951 [main] INFO  db.DBStoreBuilder (DBStoreBuilder.java:addTable(110)) - using custom profile for table: dTokenTable
2019-10-11 04:43:58,951 [main] INFO  db.DBStoreBuilder (DBStoreBuilder.java:processTables(161)) - Using default column profile:DBProfile.DISK for Table:dTokenTable
2019-10-11 04:43:58,951 [main] INFO  db.DBStoreBuilder (DBStoreBuilder.java:addTable(110)) - using custom profile for table: s3SecretTable
2019-10-11 04:43:58,952 [main] INFO  db.DBStoreBuilder (DBStoreBuilder.java:processTables(161)) - Using default column profile:DBProfile.DISK for Table:s3SecretTable
2019-10-11 04:43:58,952 [main] INFO  db.DBStoreBuilder (DBStoreBuilder.java:addTable(110)) - using custom profile for table: prefixTable
2019-10-11 04:43:58,952 [main] INFO  db.DBStoreBuilder (DBStoreBuilder.java:processTables(161)) - Using default column profile:DBProfile.DISK for Table:prefixTable
2019-10-11 04:43:58,952 [main] INFO  db.DBStoreBuilder (DBStoreBuilder.java:addTable(110)) - using custom profile for table: default
2019-10-11 04:43:58,952 [main] INFO  db.DBStoreBuilder (DBStoreBuilder.java:processTables(167)) - Using default column profile:DBProfile.DISK for Table:default
2019-10-11 04:43:58,952 [main] INFO  db.DBStoreBuilder (DBStoreBuilder.java:getDbProfile(198)) - Using default options. DBProfile.DISK
2019-10-11 04:43:59,464 [main] INFO  ipc.CallQueueManager (CallQueueManager.java:<init>(84)) - Using callQueue: class java.util.concurrent.LinkedBlockingQueue, queueCapacity: 2000, scheduler: class org.apache.hadoop.ipc.DefaultRpcScheduler, ipcBackoff: false.
2019-10-11 04:43:59,466 [Socket Reader #1 for port 42280] INFO  ipc.Server (Server.java:run(1074)) - Starting Socket Reader #1 for port 42280
2019-10-11 04:43:59,482 [main] INFO  om.OzoneManager (OzoneManager.java:start(1243)) - OzoneManager RPC server is listening at localhost/127.0.0.1:42280
2019-10-11 04:43:59,482 [main] INFO  impl.MetricsSystemImpl (MetricsSystemImpl.java:init(158)) - OzoneManager metrics system started (again)
2019-10-11 04:43:59,483 [IPC Server Responder] INFO  ipc.Server (Server.java:run(1314)) - IPC Server Responder: starting
2019-10-11 04:43:59,483 [IPC Server listener on 42280] INFO  ipc.Server (Server.java:run(1153)) - IPC Server listener on 42280: starting
2019-10-11 04:43:59,495 [main] INFO  hdfs.DFSUtil (DFSUtil.java:httpServerTemplateForNNAndJN(1641)) - Starting Web-server for ozoneManager at: http://0.0.0.0:0
2019-10-11 04:43:59,496 [main] INFO  server.AuthenticationFilter (AuthenticationFilter.java:constructSecretProvider(240)) - Unable to initialize FileSignerSecretProvider, falling back to use random secrets.
2019-10-11 04:43:59,496 [main] WARN  http.HttpRequestLog (HttpRequestLog.java:getRequestLog(97)) - Jetty request log can only be enabled using Log4j
2019-10-11 04:43:59,497 [main] INFO  http.HttpServer2 (HttpServer2.java:addGlobalFilter(975)) - Added global filter 'safety' (class=org.apache.hadoop.http.HttpServer2$QuotingInputFilter)
2019-10-11 04:43:59,498 [main] INFO  http.HttpServer2 (HttpServer2.java:addFilter(948)) - Added filter static_user_filter (class=org.apache.hadoop.http.lib.StaticUserWebFilter$StaticUserFilter) to context ozoneManager
2019-10-11 04:43:59,498 [main] INFO  http.HttpServer2 (HttpServer2.java:addFilter(958)) - Added filter static_user_filter (class=org.apache.hadoop.http.lib.StaticUserWebFilter$StaticUserFilter) to context logs
2019-10-11 04:43:59,498 [main] INFO  http.HttpServer2 (HttpServer2.java:addFilter(958)) - Added filter static_user_filter (class=org.apache.hadoop.http.lib.StaticUserWebFilter$StaticUserFilter) to context static
2019-10-11 04:43:59,499 [main] INFO  http.HttpServer2 (HttpServer2.java:bindListener(1191)) - Jetty bound to port 36292
2019-10-11 04:43:59,499 [main] INFO  server.Server (Server.java:doStart(351)) - jetty-9.3.25.v20180904, build timestamp: 2018-09-04T21:11:46Z, git hash: 3ce520221d0240229c862b122d2b06c12a625732
2019-10-11 04:43:59,500 [main] INFO  handler.ContextHandler (ContextHandler.java:doStart(781)) - Started o.e.j.s.ServletContextHandler@48ae9e8b{/logs,file:///workdir/hadoop-ozone/integration-test/target/log,AVAILABLE}
2019-10-11 04:43:59,501 [main] INFO  handler.ContextHandler (ContextHandler.java:doStart(781)) - Started o.e.j.s.ServletContextHandler@4afcae7{/static,file:///workdir/hadoop-ozone/integration-test/target/test-classes/webapps/static,AVAILABLE}
2019-10-11 04:43:59,504 [main] INFO  handler.ContextHandler (ContextHandler.java:doStart(781)) - Started o.e.j.w.WebAppContext@2bfc8558{/,file:///workdir/hadoop-ozone/integration-test/target/test-classes/webapps/ozoneManager/,AVAILABLE}{/ozoneManager}
2019-10-11 04:43:59,504 [main] INFO  server.AbstractConnector (AbstractConnector.java:doStart(278)) - Started ServerConnector@6029f2a4{HTTP/1.1,[http/1.1]}{0.0.0.0:36292}
2019-10-11 04:43:59,506 [main] INFO  server.Server (Server.java:doStart(419)) - Started @690028ms
2019-10-11 04:43:59,506 [main] WARN  impl.MetricsSystemImpl (MetricsSystemImpl.java:register(276)) - Sink prometheus already exists!
2019-10-11 04:43:59,508 [main] INFO  server.BaseHttpServer (BaseHttpServer.java:updateConnectorAddress(215)) - HTTP server of OZONEMANAGER is listening at http://0.0.0.0:36292
2019-10-11 04:43:59,520 [main] INFO  impl.MetricsSystemImpl (MetricsSystemImpl.java:init(158)) - HddsDatanode metrics system started (again)
2019-10-11 04:43:59,527 [main] INFO  ozone.HddsDatanodeService (HddsDatanodeService.java:start(184)) - HddsDatanodeService host:pr-hdds-1569-qjnzd-3726989565 ip:192.168.157.200
2019-10-11 04:43:59,534 [main] INFO  volume.HddsVolume (HddsVolume.java:<init>(176)) - Creating Volume: /workdir/hadoop-ozone/integration-test/target/test-dir/MiniOzoneClusterImpl-b44bfc70-173c-43e3-9456-d6fc7d130422/datanode-0/data/containers/hdds of  storage type : DISK and capacity : 1482555576320
2019-10-11 04:43:59,535 [main] INFO  volume.VolumeSet (VolumeSet.java:initializeVolumeSet(170)) - Added Volume : /workdir/hadoop-ozone/integration-test/target/test-dir/MiniOzoneClusterImpl-b44bfc70-173c-43e3-9456-d6fc7d130422/datanode-0/data/containers/hdds to VolumeSet
2019-10-11 04:43:59,535 [main] INFO  volume.ThrottledAsyncChecker (ThrottledAsyncChecker.java:schedule(139)) - Scheduling a check for org.apache.hadoop.ozone.container.common.volume.HddsVolume@13e1e816
2019-10-11 04:43:59,535 [main] INFO  volume.HddsVolumeChecker (HddsVolumeChecker.java:checkAllVolumes(202)) - Scheduled health check for volume org.apache.hadoop.ozone.container.common.volume.HddsVolume@13e1e816
2019-10-11 04:43:59,550 [main] INFO  impl.RaftServerProxy (ConfUtils.java:logGet(43)) - raft.rpc.type = GRPC (default)
2019-10-11 04:43:59,551 [main] INFO  grpc.GrpcFactory (GrpcFactory.java:checkPooledByteBufAllocatorUseCacheForAllThreads(45)) - PERFORMANCE WARNING: useCacheForAllThreads is true that may cause Netty to create a lot garbage objects and, as a result, trigger GC.
	It is recommended to disable useCacheForAllThreads by setting -Dorg.apache.ratis.thirdparty.io.netty.allocator.useCacheForAllThreads=false in command line.
2019-10-11 04:43:59,551 [main] INFO  grpc.GrpcConfigKeys$Server (ConfUtils.java:logGet(43)) - raft.grpc.server.port = 0 (default)
2019-10-11 04:43:59,552 [main] INFO  server.GrpcService (ConfUtils.java:logGet(43)) - raft.grpc.message.size.max = 33570816 (custom)
2019-10-11 04:43:59,552 [main] INFO  server.RaftServerConfigKeys (ConfUtils.java:logGet(43)) - raft.server.log.appender.buffer.byte-limit = 33554432 (custom)
2019-10-11 04:43:59,552 [main] INFO  server.GrpcService (ConfUtils.java:logGet(43)) - raft.grpc.flow.control.window = 1MB (=1048576) (default)
2019-10-11 04:43:59,552 [main] INFO  server.RaftServerConfigKeys (ConfUtils.java:logGet(43)) - raft.server.rpc.request.timeout = 3000ms (default)
2019-10-11 04:43:59,553 [main] INFO  server.RaftServerConfigKeys (ConfUtils.java:logGet(43)) - raft.server.storage.dir = [/workdir/hadoop-ozone/integration-test/target/test-dir/MiniOzoneClusterImpl-b44bfc70-173c-43e3-9456-d6fc7d130422/datanode-0/data/ratis] (custom)
2019-10-11 04:43:59,555 [main] INFO  hdfs.DFSUtil (DFSUtil.java:httpServerTemplateForNNAndJN(1641)) - Starting Web-server for hddsDatanode at: http://0.0.0.0:0
2019-10-11 04:43:59,556 [main] INFO  server.AuthenticationFilter (AuthenticationFilter.java:constructSecretProvider(240)) - Unable to initialize FileSignerSecretProvider, falling back to use random secrets.
2019-10-11 04:43:59,557 [main] WARN  http.HttpRequestLog (HttpRequestLog.java:getRequestLog(97)) - Jetty request log can only be enabled using Log4j
2019-10-11 04:43:59,558 [main] INFO  http.HttpServer2 (HttpServer2.java:addGlobalFilter(975)) - Added global filter 'safety' (class=org.apache.hadoop.http.HttpServer2$QuotingInputFilter)
2019-10-11 04:43:59,559 [main] INFO  http.HttpServer2 (HttpServer2.java:addFilter(948)) - Added filter static_user_filter (class=org.apache.hadoop.http.lib.StaticUserWebFilter$StaticUserFilter) to context hddsDatanode
2019-10-11 04:43:59,559 [main] INFO  http.HttpServer2 (HttpServer2.java:addFilter(958)) - Added filter static_user_filter (class=org.apache.hadoop.http.lib.StaticUserWebFilter$StaticUserFilter) to context logs
2019-10-11 04:43:59,559 [main] INFO  http.HttpServer2 (HttpServer2.java:addFilter(958)) - Added filter static_user_filter (class=org.apache.hadoop.http.lib.StaticUserWebFilter$StaticUserFilter) to context static
2019-10-11 04:43:59,559 [main] INFO  http.HttpServer2 (HttpServer2.java:bindListener(1191)) - Jetty bound to port 33216
2019-10-11 04:43:59,559 [main] INFO  server.Server (Server.java:doStart(351)) - jetty-9.3.25.v20180904, build timestamp: 2018-09-04T21:11:46Z, git hash: 3ce520221d0240229c862b122d2b06c12a625732
2019-10-11 04:43:59,561 [main] INFO  handler.ContextHandler (ContextHandler.java:doStart(781)) - Started o.e.j.s.ServletContextHandler@491893f8{/logs,file:///workdir/hadoop-ozone/integration-test/target/log,AVAILABLE}
2019-10-11 04:43:59,561 [main] INFO  handler.ContextHandler (ContextHandler.java:doStart(781)) - Started o.e.j.s.ServletContextHandler@46e388ec{/static,jar:file:/home/user/.m2/repository/org/apache/hadoop/hadoop-hdds-container-service/0.5.0-SNAPSHOT/hadoop-hdds-container-service-0.5.0-SNAPSHOT.jar!/webapps/static,AVAILABLE}
2019-10-11 04:43:59,586 [main] INFO  handler.ContextHandler (ContextHandler.java:doStart(781)) - Started o.e.j.w.WebAppContext@4dd1d2bb{/,file:///tmp/jetty-0.0.0.0-33216-hddsDatanode-_-any-5790740119006699794.dir/webapp/,AVAILABLE}{/hddsDatanode}
2019-10-11 04:43:59,586 [main] INFO  server.AbstractConnector (AbstractConnector.java:doStart(278)) - Started ServerConnector@47198524{HTTP/1.1,[http/1.1]}{0.0.0.0:33216}
2019-10-11 04:43:59,588 [main] INFO  server.Server (Server.java:doStart(419)) - Started @690110ms
2019-10-11 04:43:59,588 [main] WARN  impl.MetricsSystemImpl (MetricsSystemImpl.java:register(276)) - Sink prometheus already exists!
2019-10-11 04:43:59,589 [main] INFO  server.BaseHttpServer (BaseHttpServer.java:updateConnectorAddress(215)) - HTTP server of HDDSDATANODE is listening at http://0.0.0.0:33216
2019-10-11 04:43:59,589 [main] INFO  impl.MetricsSystemImpl (MetricsSystemImpl.java:init(158)) - HddsDatanode metrics system started (again)
2019-10-11 04:43:59,596 [org.apache.hadoop.util.JvmPauseMonitor$Monitor@6afa1982] INFO  util.JvmPauseMonitor (JvmPauseMonitor.java:run(188)) - Starting JVM pause monitor
2019-10-11 04:43:59,597 [main] INFO  ozone.HddsDatanodeService (HddsDatanodeService.java:start(184)) - HddsDatanodeService host:pr-hdds-1569-qjnzd-3726989565 ip:192.168.157.200
2019-10-11 04:43:59,598 [Datanode State Machine Thread - 0] INFO  datanode.InitDatanodeState (InitDatanodeState.java:persistContainerDatanodeDetails(140)) - DatanodeDetails is persisted to /workdir/hadoop-ozone/integration-test/target/test-dir/MiniOzoneClusterImpl-b44bfc70-173c-43e3-9456-d6fc7d130422/datanode-0/meta/datanode.id
2019-10-11 04:43:59,603 [main] INFO  volume.HddsVolume (HddsVolume.java:<init>(176)) - Creating Volume: /workdir/hadoop-ozone/integration-test/target/test-dir/MiniOzoneClusterImpl-b44bfc70-173c-43e3-9456-d6fc7d130422/datanode-1/data/containers/hdds of  storage type : DISK and capacity : 1482555576320
2019-10-11 04:43:59,603 [main] INFO  volume.VolumeSet (VolumeSet.java:initializeVolumeSet(170)) - Added Volume : /workdir/hadoop-ozone/integration-test/target/test-dir/MiniOzoneClusterImpl-b44bfc70-173c-43e3-9456-d6fc7d130422/datanode-1/data/containers/hdds to VolumeSet
2019-10-11 04:43:59,604 [main] INFO  volume.ThrottledAsyncChecker (ThrottledAsyncChecker.java:schedule(139)) - Scheduling a check for org.apache.hadoop.ozone.container.common.volume.HddsVolume@31b741e2
2019-10-11 04:43:59,604 [main] INFO  volume.HddsVolumeChecker (HddsVolumeChecker.java:checkAllVolumes(202)) - Scheduled health check for volume org.apache.hadoop.ozone.container.common.volume.HddsVolume@31b741e2
2019-10-11 04:43:59,615 [main] INFO  impl.RaftServerProxy (ConfUtils.java:logGet(43)) - raft.rpc.type = GRPC (default)
2019-10-11 04:43:59,616 [main] INFO  grpc.GrpcFactory (GrpcFactory.java:checkPooledByteBufAllocatorUseCacheForAllThreads(45)) - PERFORMANCE WARNING: useCacheForAllThreads is true that may cause Netty to create a lot garbage objects and, as a result, trigger GC.
	It is recommended to disable useCacheForAllThreads by setting -Dorg.apache.ratis.thirdparty.io.netty.allocator.useCacheForAllThreads=false in command line.
2019-10-11 04:43:59,616 [main] INFO  grpc.GrpcConfigKeys$Server (ConfUtils.java:logGet(43)) - raft.grpc.server.port = 0 (default)
2019-10-11 04:43:59,616 [main] INFO  server.GrpcService (ConfUtils.java:logGet(43)) - raft.grpc.message.size.max = 33570816 (custom)
2019-10-11 04:43:59,616 [main] INFO  server.RaftServerConfigKeys (ConfUtils.java:logGet(43)) - raft.server.log.appender.buffer.byte-limit = 33554432 (custom)
2019-10-11 04:43:59,617 [main] INFO  server.GrpcService (ConfUtils.java:logGet(43)) - raft.grpc.flow.control.window = 1MB (=1048576) (default)
2019-10-11 04:43:59,617 [main] INFO  server.RaftServerConfigKeys (ConfUtils.java:logGet(43)) - raft.server.rpc.request.timeout = 3000ms (default)
2019-10-11 04:43:59,618 [main] INFO  server.RaftServerConfigKeys (ConfUtils.java:logGet(43)) - raft.server.storage.dir = [/workdir/hadoop-ozone/integration-test/target/test-dir/MiniOzoneClusterImpl-b44bfc70-173c-43e3-9456-d6fc7d130422/datanode-1/data/ratis] (custom)
2019-10-11 04:43:59,619 [main] INFO  hdfs.DFSUtil (DFSUtil.java:httpServerTemplateForNNAndJN(1641)) - Starting Web-server for hddsDatanode at: http://0.0.0.0:0
2019-10-11 04:43:59,620 [main] INFO  server.AuthenticationFilter (AuthenticationFilter.java:constructSecretProvider(240)) - Unable to initialize FileSignerSecretProvider, falling back to use random secrets.
2019-10-11 04:43:59,621 [main] WARN  http.HttpRequestLog (HttpRequestLog.java:getRequestLog(97)) - Jetty request log can only be enabled using Log4j
2019-10-11 04:43:59,622 [main] INFO  http.HttpServer2 (HttpServer2.java:addGlobalFilter(975)) - Added global filter 'safety' (class=org.apache.hadoop.http.HttpServer2$QuotingInputFilter)
2019-10-11 04:43:59,623 [main] INFO  http.HttpServer2 (HttpServer2.java:addFilter(948)) - Added filter static_user_filter (class=org.apache.hadoop.http.lib.StaticUserWebFilter$StaticUserFilter) to context hddsDatanode
2019-10-11 04:43:59,623 [main] INFO  http.HttpServer2 (HttpServer2.java:addFilter(958)) - Added filter static_user_filter (class=org.apache.hadoop.http.lib.StaticUserWebFilter$StaticUserFilter) to context static
2019-10-11 04:43:59,623 [main] INFO  http.HttpServer2 (HttpServer2.java:addFilter(958)) - Added filter static_user_filter (class=org.apache.hadoop.http.lib.StaticUserWebFilter$StaticUserFilter) to context logs
2019-10-11 04:43:59,624 [main] INFO  http.HttpServer2 (HttpServer2.java:bindListener(1191)) - Jetty bound to port 40967
2019-10-11 04:43:59,624 [main] INFO  server.Server (Server.java:doStart(351)) - jetty-9.3.25.v20180904, build timestamp: 2018-09-04T21:11:46Z, git hash: 3ce520221d0240229c862b122d2b06c12a625732
2019-10-11 04:43:59,625 [main] INFO  handler.ContextHandler (ContextHandler.java:doStart(781)) - Started o.e.j.s.ServletContextHandler@4070ace9{/logs,file:///workdir/hadoop-ozone/integration-test/target/log,AVAILABLE}
2019-10-11 04:43:59,626 [main] INFO  handler.ContextHandler (ContextHandler.java:doStart(781)) - Started o.e.j.s.ServletContextHandler@740c4868{/static,jar:file:/home/user/.m2/repository/org/apache/hadoop/hadoop-hdds-container-service/0.5.0-SNAPSHOT/hadoop-hdds-container-service-0.5.0-SNAPSHOT.jar!/webapps/static,AVAILABLE}
2019-10-11 04:43:59,666 [main] INFO  handler.ContextHandler (ContextHandler.java:doStart(781)) - Started o.e.j.w.WebAppContext@7019d619{/,file:///tmp/jetty-0.0.0.0-40967-hddsDatanode-_-any-564867337550570763.dir/webapp/,AVAILABLE}{/hddsDatanode}
2019-10-11 04:43:59,666 [main] INFO  server.AbstractConnector (AbstractConnector.java:doStart(278)) - Started ServerConnector@2a5c6b76{HTTP/1.1,[http/1.1]}{0.0.0.0:40967}
2019-10-11 04:43:59,668 [main] INFO  server.Server (Server.java:doStart(419)) - Started @690189ms
2019-10-11 04:43:59,668 [main] WARN  impl.MetricsSystemImpl (MetricsSystemImpl.java:register(276)) - Sink prometheus already exists!
2019-10-11 04:43:59,669 [main] INFO  server.BaseHttpServer (BaseHttpServer.java:updateConnectorAddress(215)) - HTTP server of HDDSDATANODE is listening at http://0.0.0.0:40967
2019-10-11 04:43:59,669 [main] INFO  impl.MetricsSystemImpl (MetricsSystemImpl.java:init(158)) - HddsDatanode metrics system started (again)
2019-10-11 04:43:59,676 [org.apache.hadoop.util.JvmPauseMonitor$Monitor@22dd6d0d] INFO  util.JvmPauseMonitor (JvmPauseMonitor.java:run(188)) - Starting JVM pause monitor
2019-10-11 04:43:59,677 [main] INFO  ozone.HddsDatanodeService (HddsDatanodeService.java:start(184)) - HddsDatanodeService host:pr-hdds-1569-qjnzd-3726989565 ip:192.168.157.200
2019-10-11 04:43:59,678 [Datanode State Machine Thread - 0] INFO  datanode.InitDatanodeState (InitDatanodeState.java:persistContainerDatanodeDetails(140)) - DatanodeDetails is persisted to /workdir/hadoop-ozone/integration-test/target/test-dir/MiniOzoneClusterImpl-b44bfc70-173c-43e3-9456-d6fc7d130422/datanode-1/meta/datanode.id
2019-10-11 04:43:59,683 [main] INFO  volume.HddsVolume (HddsVolume.java:<init>(176)) - Creating Volume: /workdir/hadoop-ozone/integration-test/target/test-dir/MiniOzoneClusterImpl-b44bfc70-173c-43e3-9456-d6fc7d130422/datanode-2/data/containers/hdds of  storage type : DISK and capacity : 1482555576320
2019-10-11 04:43:59,683 [main] INFO  volume.VolumeSet (VolumeSet.java:initializeVolumeSet(170)) - Added Volume : /workdir/hadoop-ozone/integration-test/target/test-dir/MiniOzoneClusterImpl-b44bfc70-173c-43e3-9456-d6fc7d130422/datanode-2/data/containers/hdds to VolumeSet
2019-10-11 04:43:59,684 [main] INFO  volume.ThrottledAsyncChecker (ThrottledAsyncChecker.java:schedule(139)) - Scheduling a check for org.apache.hadoop.ozone.container.common.volume.HddsVolume@7b4b8199
2019-10-11 04:43:59,684 [main] INFO  volume.HddsVolumeChecker (HddsVolumeChecker.java:checkAllVolumes(202)) - Scheduled health check for volume org.apache.hadoop.ozone.container.common.volume.HddsVolume@7b4b8199
2019-10-11 04:43:59,695 [main] INFO  impl.RaftServerProxy (ConfUtils.java:logGet(43)) - raft.rpc.type = GRPC (default)
2019-10-11 04:43:59,695 [main] INFO  grpc.GrpcFactory (GrpcFactory.java:checkPooledByteBufAllocatorUseCacheForAllThreads(45)) - PERFORMANCE WARNING: useCacheForAllThreads is true that may cause Netty to create a lot garbage objects and, as a result, trigger GC.
	It is recommended to disable useCacheForAllThreads by setting -Dorg.apache.ratis.thirdparty.io.netty.allocator.useCacheForAllThreads=false in command line.
2019-10-11 04:43:59,695 [main] INFO  grpc.GrpcConfigKeys$Server (ConfUtils.java:logGet(43)) - raft.grpc.server.port = 0 (default)
2019-10-11 04:43:59,695 [main] INFO  server.GrpcService (ConfUtils.java:logGet(43)) - raft.grpc.message.size.max = 33570816 (custom)
2019-10-11 04:43:59,695 [main] INFO  server.RaftServerConfigKeys (ConfUtils.java:logGet(43)) - raft.server.log.appender.buffer.byte-limit = 33554432 (custom)
2019-10-11 04:43:59,696 [main] INFO  server.GrpcService (ConfUtils.java:logGet(43)) - raft.grpc.flow.control.window = 1MB (=1048576) (default)
2019-10-11 04:43:59,696 [main] INFO  server.RaftServerConfigKeys (ConfUtils.java:logGet(43)) - raft.server.rpc.request.timeout = 3000ms (default)
2019-10-11 04:43:59,696 [main] INFO  server.RaftServerConfigKeys (ConfUtils.java:logGet(43)) - raft.server.storage.dir = [/workdir/hadoop-ozone/integration-test/target/test-dir/MiniOzoneClusterImpl-b44bfc70-173c-43e3-9456-d6fc7d130422/datanode-2/data/ratis] (custom)
2019-10-11 04:43:59,697 [main] INFO  hdfs.DFSUtil (DFSUtil.java:httpServerTemplateForNNAndJN(1641)) - Starting Web-server for hddsDatanode at: http://0.0.0.0:0
2019-10-11 04:43:59,698 [main] INFO  server.AuthenticationFilter (AuthenticationFilter.java:constructSecretProvider(240)) - Unable to initialize FileSignerSecretProvider, falling back to use random secrets.
2019-10-11 04:43:59,698 [main] WARN  http.HttpRequestLog (HttpRequestLog.java:getRequestLog(97)) - Jetty request log can only be enabled using Log4j
2019-10-11 04:43:59,699 [main] INFO  http.HttpServer2 (HttpServer2.java:addGlobalFilter(975)) - Added global filter 'safety' (class=org.apache.hadoop.http.HttpServer2$QuotingInputFilter)
2019-10-11 04:43:59,700 [main] INFO  http.HttpServer2 (HttpServer2.java:addFilter(948)) - Added filter static_user_filter (class=org.apache.hadoop.http.lib.StaticUserWebFilter$StaticUserFilter) to context hddsDatanode
2019-10-11 04:43:59,700 [main] INFO  http.HttpServer2 (HttpServer2.java:addFilter(958)) - Added filter static_user_filter (class=org.apache.hadoop.http.lib.StaticUserWebFilter$StaticUserFilter) to context logs
2019-10-11 04:43:59,700 [main] INFO  http.HttpServer2 (HttpServer2.java:addFilter(958)) - Added filter static_user_filter (class=org.apache.hadoop.http.lib.StaticUserWebFilter$StaticUserFilter) to context static
2019-10-11 04:43:59,701 [main] INFO  http.HttpServer2 (HttpServer2.java:bindListener(1191)) - Jetty bound to port 46586
2019-10-11 04:43:59,701 [main] INFO  server.Server (Server.java:doStart(351)) - jetty-9.3.25.v20180904, build timestamp: 2018-09-04T21:11:46Z, git hash: 3ce520221d0240229c862b122d2b06c12a625732
2019-10-11 04:43:59,702 [main] INFO  handler.ContextHandler (ContextHandler.java:doStart(781)) - Started o.e.j.s.ServletContextHandler@2404abe2{/logs,file:///workdir/hadoop-ozone/integration-test/target/log,AVAILABLE}
2019-10-11 04:43:59,702 [main] INFO  handler.ContextHandler (ContextHandler.java:doStart(781)) - Started o.e.j.s.ServletContextHandler@7bc2bb58{/static,jar:file:/home/user/.m2/repository/org/apache/hadoop/hadoop-hdds-container-service/0.5.0-SNAPSHOT/hadoop-hdds-container-service-0.5.0-SNAPSHOT.jar!/webapps/static,AVAILABLE}
2019-10-11 04:43:59,730 [main] INFO  handler.ContextHandler (ContextHandler.java:doStart(781)) - Started o.e.j.w.WebAppContext@5403431a{/,file:///tmp/jetty-0.0.0.0-46586-hddsDatanode-_-any-2519689587473949688.dir/webapp/,AVAILABLE}{/hddsDatanode}
2019-10-11 04:43:59,731 [main] INFO  server.AbstractConnector (AbstractConnector.java:doStart(278)) - Started ServerConnector@ab327c{HTTP/1.1,[http/1.1]}{0.0.0.0:46586}
2019-10-11 04:43:59,733 [main] INFO  server.Server (Server.java:doStart(419)) - Started @690254ms
2019-10-11 04:43:59,733 [main] WARN  impl.MetricsSystemImpl (MetricsSystemImpl.java:register(276)) - Sink prometheus already exists!
2019-10-11 04:43:59,734 [main] INFO  server.BaseHttpServer (BaseHttpServer.java:updateConnectorAddress(215)) - HTTP server of HDDSDATANODE is listening at http://0.0.0.0:46586
2019-10-11 04:43:59,734 [main] INFO  impl.MetricsSystemImpl (MetricsSystemImpl.java:init(158)) - HddsDatanode metrics system started (again)
2019-10-11 04:43:59,742 [org.apache.hadoop.util.JvmPauseMonitor$Monitor@15c59434] INFO  util.JvmPauseMonitor (JvmPauseMonitor.java:run(188)) - Starting JVM pause monitor
2019-10-11 04:43:59,743 [main] INFO  ozone.HddsDatanodeService (HddsDatanodeService.java:start(184)) - HddsDatanodeService host:pr-hdds-1569-qjnzd-3726989565 ip:192.168.157.200
2019-10-11 04:43:59,743 [Datanode State Machine Thread - 0] INFO  datanode.InitDatanodeState (InitDatanodeState.java:persistContainerDatanodeDetails(140)) - DatanodeDetails is persisted to /workdir/hadoop-ozone/integration-test/target/test-dir/MiniOzoneClusterImpl-b44bfc70-173c-43e3-9456-d6fc7d130422/datanode-2/meta/datanode.id
2019-10-11 04:43:59,748 [main] INFO  volume.HddsVolume (HddsVolume.java:<init>(176)) - Creating Volume: /workdir/hadoop-ozone/integration-test/target/test-dir/MiniOzoneClusterImpl-b44bfc70-173c-43e3-9456-d6fc7d130422/datanode-3/data/containers/hdds of  storage type : DISK and capacity : 1482555576320
2019-10-11 04:43:59,748 [main] INFO  volume.VolumeSet (VolumeSet.java:initializeVolumeSet(170)) - Added Volume : /workdir/hadoop-ozone/integration-test/target/test-dir/MiniOzoneClusterImpl-b44bfc70-173c-43e3-9456-d6fc7d130422/datanode-3/data/containers/hdds to VolumeSet
2019-10-11 04:43:59,749 [main] INFO  volume.ThrottledAsyncChecker (ThrottledAsyncChecker.java:schedule(139)) - Scheduling a check for org.apache.hadoop.ozone.container.common.volume.HddsVolume@4cfc0c48
2019-10-11 04:43:59,749 [main] INFO  volume.HddsVolumeChecker (HddsVolumeChecker.java:checkAllVolumes(202)) - Scheduled health check for volume org.apache.hadoop.ozone.container.common.volume.HddsVolume@4cfc0c48
2019-10-11 04:43:59,759 [main] INFO  impl.RaftServerProxy (ConfUtils.java:logGet(43)) - raft.rpc.type = GRPC (default)
2019-10-11 04:43:59,760 [main] INFO  grpc.GrpcFactory (GrpcFactory.java:checkPooledByteBufAllocatorUseCacheForAllThreads(45)) - PERFORMANCE WARNING: useCacheForAllThreads is true that may cause Netty to create a lot garbage objects and, as a result, trigger GC.
	It is recommended to disable useCacheForAllThreads by setting -Dorg.apache.ratis.thirdparty.io.netty.allocator.useCacheForAllThreads=false in command line.
2019-10-11 04:43:59,760 [main] INFO  grpc.GrpcConfigKeys$Server (ConfUtils.java:logGet(43)) - raft.grpc.server.port = 0 (default)
2019-10-11 04:43:59,760 [main] INFO  server.GrpcService (ConfUtils.java:logGet(43)) - raft.grpc.message.size.max = 33570816 (custom)
2019-10-11 04:43:59,760 [main] INFO  server.RaftServerConfigKeys (ConfUtils.java:logGet(43)) - raft.server.log.appender.buffer.byte-limit = 33554432 (custom)
2019-10-11 04:43:59,760 [main] INFO  server.GrpcService (ConfUtils.java:logGet(43)) - raft.grpc.flow.control.window = 1MB (=1048576) (default)
2019-10-11 04:43:59,761 [main] INFO  server.RaftServerConfigKeys (ConfUtils.java:logGet(43)) - raft.server.rpc.request.timeout = 3000ms (default)
2019-10-11 04:43:59,761 [main] INFO  server.RaftServerConfigKeys (ConfUtils.java:logGet(43)) - raft.server.storage.dir = [/workdir/hadoop-ozone/integration-test/target/test-dir/MiniOzoneClusterImpl-b44bfc70-173c-43e3-9456-d6fc7d130422/datanode-3/data/ratis] (custom)
2019-10-11 04:43:59,762 [main] INFO  hdfs.DFSUtil (DFSUtil.java:httpServerTemplateForNNAndJN(1641)) - Starting Web-server for hddsDatanode at: http://0.0.0.0:0
2019-10-11 04:43:59,763 [main] INFO  server.AuthenticationFilter (AuthenticationFilter.java:constructSecretProvider(240)) - Unable to initialize FileSignerSecretProvider, falling back to use random secrets.
2019-10-11 04:43:59,763 [main] WARN  http.HttpRequestLog (HttpRequestLog.java:getRequestLog(97)) - Jetty request log can only be enabled using Log4j
2019-10-11 04:43:59,764 [main] INFO  http.HttpServer2 (HttpServer2.java:addGlobalFilter(975)) - Added global filter 'safety' (class=org.apache.hadoop.http.HttpServer2$QuotingInputFilter)
2019-10-11 04:43:59,765 [main] INFO  http.HttpServer2 (HttpServer2.java:addFilter(948)) - Added filter static_user_filter (class=org.apache.hadoop.http.lib.StaticUserWebFilter$StaticUserFilter) to context hddsDatanode
2019-10-11 04:43:59,765 [main] INFO  http.HttpServer2 (HttpServer2.java:addFilter(958)) - Added filter static_user_filter (class=org.apache.hadoop.http.lib.StaticUserWebFilter$StaticUserFilter) to context logs
2019-10-11 04:43:59,765 [main] INFO  http.HttpServer2 (HttpServer2.java:addFilter(958)) - Added filter static_user_filter (class=org.apache.hadoop.http.lib.StaticUserWebFilter$StaticUserFilter) to context static
2019-10-11 04:43:59,765 [main] INFO  http.HttpServer2 (HttpServer2.java:bindListener(1191)) - Jetty bound to port 38580
2019-10-11 04:43:59,765 [main] INFO  server.Server (Server.java:doStart(351)) - jetty-9.3.25.v20180904, build timestamp: 2018-09-04T21:11:46Z, git hash: 3ce520221d0240229c862b122d2b06c12a625732
2019-10-11 04:43:59,767 [main] INFO  handler.ContextHandler (ContextHandler.java:doStart(781)) - Started o.e.j.s.ServletContextHandler@365bfc5f{/logs,file:///workdir/hadoop-ozone/integration-test/target/log,AVAILABLE}
2019-10-11 04:43:59,767 [main] INFO  handler.ContextHandler (ContextHandler.java:doStart(781)) - Started o.e.j.s.ServletContextHandler@37a3ec27{/static,jar:file:/home/user/.m2/repository/org/apache/hadoop/hadoop-hdds-container-service/0.5.0-SNAPSHOT/hadoop-hdds-container-service-0.5.0-SNAPSHOT.jar!/webapps/static,AVAILABLE}
2019-10-11 04:43:59,793 [main] INFO  handler.ContextHandler (ContextHandler.java:doStart(781)) - Started o.e.j.w.WebAppContext@48b2dbc4{/,file:///tmp/jetty-0.0.0.0-38580-hddsDatanode-_-any-1546966265959523591.dir/webapp/,AVAILABLE}{/hddsDatanode}
2019-10-11 04:43:59,794 [main] INFO  server.AbstractConnector (AbstractConnector.java:doStart(278)) - Started ServerConnector@2a667f44{HTTP/1.1,[http/1.1]}{0.0.0.0:38580}
2019-10-11 04:43:59,796 [main] INFO  server.Server (Server.java:doStart(419)) - Started @690317ms
2019-10-11 04:43:59,796 [main] WARN  impl.MetricsSystemImpl (MetricsSystemImpl.java:register(276)) - Sink prometheus already exists!
2019-10-11 04:43:59,796 [main] INFO  server.BaseHttpServer (BaseHttpServer.java:updateConnectorAddress(215)) - HTTP server of HDDSDATANODE is listening at http://0.0.0.0:38580
2019-10-11 04:43:59,797 [main] INFO  impl.MetricsSystemImpl (MetricsSystemImpl.java:init(158)) - HddsDatanode metrics system started (again)
2019-10-11 04:43:59,805 [org.apache.hadoop.util.JvmPauseMonitor$Monitor@212e5980] INFO  util.JvmPauseMonitor (JvmPauseMonitor.java:run(188)) - Starting JVM pause monitor
2019-10-11 04:43:59,806 [main] INFO  ozone.HddsDatanodeService (HddsDatanodeService.java:start(184)) - HddsDatanodeService host:pr-hdds-1569-qjnzd-3726989565 ip:192.168.157.200
2019-10-11 04:43:59,806 [Datanode State Machine Thread - 0] INFO  datanode.InitDatanodeState (InitDatanodeState.java:persistContainerDatanodeDetails(140)) - DatanodeDetails is persisted to /workdir/hadoop-ozone/integration-test/target/test-dir/MiniOzoneClusterImpl-b44bfc70-173c-43e3-9456-d6fc7d130422/datanode-3/meta/datanode.id
2019-10-11 04:43:59,811 [main] INFO  volume.HddsVolume (HddsVolume.java:<init>(176)) - Creating Volume: /workdir/hadoop-ozone/integration-test/target/test-dir/MiniOzoneClusterImpl-b44bfc70-173c-43e3-9456-d6fc7d130422/datanode-4/data/containers/hdds of  storage type : DISK and capacity : 1482555576320
2019-10-11 04:43:59,812 [main] INFO  volume.VolumeSet (VolumeSet.java:initializeVolumeSet(170)) - Added Volume : /workdir/hadoop-ozone/integration-test/target/test-dir/MiniOzoneClusterImpl-b44bfc70-173c-43e3-9456-d6fc7d130422/datanode-4/data/containers/hdds to VolumeSet
2019-10-11 04:43:59,812 [main] INFO  volume.ThrottledAsyncChecker (ThrottledAsyncChecker.java:schedule(139)) - Scheduling a check for org.apache.hadoop.ozone.container.common.volume.HddsVolume@2a631049
2019-10-11 04:43:59,812 [main] INFO  volume.HddsVolumeChecker (HddsVolumeChecker.java:checkAllVolumes(202)) - Scheduled health check for volume org.apache.hadoop.ozone.container.common.volume.HddsVolume@2a631049
2019-10-11 04:43:59,823 [main] INFO  impl.RaftServerProxy (ConfUtils.java:logGet(43)) - raft.rpc.type = GRPC (default)
2019-10-11 04:43:59,823 [main] INFO  grpc.GrpcFactory (GrpcFactory.java:checkPooledByteBufAllocatorUseCacheForAllThreads(45)) - PERFORMANCE WARNING: useCacheForAllThreads is true that may cause Netty to create a lot garbage objects and, as a result, trigger GC.
	It is recommended to disable useCacheForAllThreads by setting -Dorg.apache.ratis.thirdparty.io.netty.allocator.useCacheForAllThreads=false in command line.
2019-10-11 04:43:59,823 [main] INFO  grpc.GrpcConfigKeys$Server (ConfUtils.java:logGet(43)) - raft.grpc.server.port = 0 (default)
2019-10-11 04:43:59,823 [main] INFO  server.GrpcService (ConfUtils.java:logGet(43)) - raft.grpc.message.size.max = 33570816 (custom)
2019-10-11 04:43:59,824 [main] INFO  server.RaftServerConfigKeys (ConfUtils.java:logGet(43)) - raft.server.log.appender.buffer.byte-limit = 33554432 (custom)
2019-10-11 04:43:59,824 [main] INFO  server.GrpcService (ConfUtils.java:logGet(43)) - raft.grpc.flow.control.window = 1MB (=1048576) (default)
2019-10-11 04:43:59,824 [main] INFO  server.RaftServerConfigKeys (ConfUtils.java:logGet(43)) - raft.server.rpc.request.timeout = 3000ms (default)
2019-10-11 04:43:59,824 [main] INFO  server.RaftServerConfigKeys (ConfUtils.java:logGet(43)) - raft.server.storage.dir = [/workdir/hadoop-ozone/integration-test/target/test-dir/MiniOzoneClusterImpl-b44bfc70-173c-43e3-9456-d6fc7d130422/datanode-4/data/ratis] (custom)
2019-10-11 04:43:59,825 [main] INFO  hdfs.DFSUtil (DFSUtil.java:httpServerTemplateForNNAndJN(1641)) - Starting Web-server for hddsDatanode at: http://0.0.0.0:0
2019-10-11 04:43:59,826 [main] INFO  server.AuthenticationFilter (AuthenticationFilter.java:constructSecretProvider(240)) - Unable to initialize FileSignerSecretProvider, falling back to use random secrets.
2019-10-11 04:43:59,827 [main] WARN  http.HttpRequestLog (HttpRequestLog.java:getRequestLog(97)) - Jetty request log can only be enabled using Log4j
2019-10-11 04:43:59,828 [main] INFO  http.HttpServer2 (HttpServer2.java:addGlobalFilter(975)) - Added global filter 'safety' (class=org.apache.hadoop.http.HttpServer2$QuotingInputFilter)
2019-10-11 04:43:59,828 [main] INFO  http.HttpServer2 (HttpServer2.java:addFilter(948)) - Added filter static_user_filter (class=org.apache.hadoop.http.lib.StaticUserWebFilter$StaticUserFilter) to context hddsDatanode
2019-10-11 04:43:59,828 [main] INFO  http.HttpServer2 (HttpServer2.java:addFilter(958)) - Added filter static_user_filter (class=org.apache.hadoop.http.lib.StaticUserWebFilter$StaticUserFilter) to context logs
2019-10-11 04:43:59,828 [main] INFO  http.HttpServer2 (HttpServer2.java:addFilter(958)) - Added filter static_user_filter (class=org.apache.hadoop.http.lib.StaticUserWebFilter$StaticUserFilter) to context static
2019-10-11 04:43:59,829 [main] INFO  http.HttpServer2 (HttpServer2.java:bindListener(1191)) - Jetty bound to port 35300
2019-10-11 04:43:59,829 [main] INFO  server.Server (Server.java:doStart(351)) - jetty-9.3.25.v20180904, build timestamp: 2018-09-04T21:11:46Z, git hash: 3ce520221d0240229c862b122d2b06c12a625732
2019-10-11 04:43:59,830 [main] INFO  handler.ContextHandler (ContextHandler.java:doStart(781)) - Started o.e.j.s.ServletContextHandler@280484c7{/logs,file:///workdir/hadoop-ozone/integration-test/target/log,AVAILABLE}
2019-10-11 04:43:59,830 [main] INFO  handler.ContextHandler (ContextHandler.java:doStart(781)) - Started o.e.j.s.ServletContextHandler@258a8584{/static,jar:file:/home/user/.m2/repository/org/apache/hadoop/hadoop-hdds-container-service/0.5.0-SNAPSHOT/hadoop-hdds-container-service-0.5.0-SNAPSHOT.jar!/webapps/static,AVAILABLE}
2019-10-11 04:43:59,857 [main] INFO  handler.ContextHandler (ContextHandler.java:doStart(781)) - Started o.e.j.w.WebAppContext@55061418{/,file:///tmp/jetty-0.0.0.0-35300-hddsDatanode-_-any-5426378982161851534.dir/webapp/,AVAILABLE}{/hddsDatanode}
2019-10-11 04:43:59,857 [main] INFO  server.AbstractConnector (AbstractConnector.java:doStart(278)) - Started ServerConnector@27db45f{HTTP/1.1,[http/1.1]}{0.0.0.0:35300}
2019-10-11 04:43:59,857 [main] INFO  server.Server (Server.java:doStart(419)) - Started @690379ms
2019-10-11 04:43:59,859 [main] WARN  impl.MetricsSystemImpl (MetricsSystemImpl.java:register(276)) - Sink prometheus already exists!
2019-10-11 04:43:59,860 [main] INFO  server.BaseHttpServer (BaseHttpServer.java:updateConnectorAddress(215)) - HTTP server of HDDSDATANODE is listening at http://0.0.0.0:35300
2019-10-11 04:43:59,860 [main] INFO  impl.MetricsSystemImpl (MetricsSystemImpl.java:init(158)) - HddsDatanode metrics system started (again)
2019-10-11 04:43:59,869 [org.apache.hadoop.util.JvmPauseMonitor$Monitor@722d9c30] INFO  util.JvmPauseMonitor (JvmPauseMonitor.java:run(188)) - Starting JVM pause monitor
2019-10-11 04:43:59,870 [main] INFO  ozone.HddsDatanodeService (HddsDatanodeService.java:start(184)) - HddsDatanodeService host:pr-hdds-1569-qjnzd-3726989565 ip:192.168.157.200
2019-10-11 04:43:59,870 [Datanode State Machine Thread - 0] INFO  datanode.InitDatanodeState (InitDatanodeState.java:persistContainerDatanodeDetails(140)) - DatanodeDetails is persisted to /workdir/hadoop-ozone/integration-test/target/test-dir/MiniOzoneClusterImpl-b44bfc70-173c-43e3-9456-d6fc7d130422/datanode-4/meta/datanode.id
2019-10-11 04:43:59,877 [main] INFO  volume.HddsVolume (HddsVolume.java:<init>(176)) - Creating Volume: /workdir/hadoop-ozone/integration-test/target/test-dir/MiniOzoneClusterImpl-b44bfc70-173c-43e3-9456-d6fc7d130422/datanode-5/data/containers/hdds of  storage type : DISK and capacity : 1482555576320
2019-10-11 04:43:59,877 [main] INFO  volume.VolumeSet (VolumeSet.java:initializeVolumeSet(170)) - Added Volume : /workdir/hadoop-ozone/integration-test/target/test-dir/MiniOzoneClusterImpl-b44bfc70-173c-43e3-9456-d6fc7d130422/datanode-5/data/containers/hdds to VolumeSet
2019-10-11 04:43:59,878 [main] INFO  volume.ThrottledAsyncChecker (ThrottledAsyncChecker.java:schedule(139)) - Scheduling a check for org.apache.hadoop.ozone.container.common.volume.HddsVolume@143413cd
2019-10-11 04:43:59,878 [main] INFO  volume.HddsVolumeChecker (HddsVolumeChecker.java:checkAllVolumes(202)) - Scheduled health check for volume org.apache.hadoop.ozone.container.common.volume.HddsVolume@143413cd
2019-10-11 04:43:59,889 [main] INFO  impl.RaftServerProxy (ConfUtils.java:logGet(43)) - raft.rpc.type = GRPC (default)
2019-10-11 04:43:59,890 [main] INFO  grpc.GrpcFactory (GrpcFactory.java:checkPooledByteBufAllocatorUseCacheForAllThreads(45)) - PERFORMANCE WARNING: useCacheForAllThreads is true that may cause Netty to create a lot garbage objects and, as a result, trigger GC.
	It is recommended to disable useCacheForAllThreads by setting -Dorg.apache.ratis.thirdparty.io.netty.allocator.useCacheForAllThreads=false in command line.
2019-10-11 04:43:59,890 [main] INFO  grpc.GrpcConfigKeys$Server (ConfUtils.java:logGet(43)) - raft.grpc.server.port = 0 (default)
2019-10-11 04:43:59,890 [main] INFO  server.GrpcService (ConfUtils.java:logGet(43)) - raft.grpc.message.size.max = 33570816 (custom)
2019-10-11 04:43:59,890 [main] INFO  server.RaftServerConfigKeys (ConfUtils.java:logGet(43)) - raft.server.log.appender.buffer.byte-limit = 33554432 (custom)
2019-10-11 04:43:59,890 [main] INFO  server.GrpcService (ConfUtils.java:logGet(43)) - raft.grpc.flow.control.window = 1MB (=1048576) (default)
2019-10-11 04:43:59,890 [main] INFO  server.RaftServerConfigKeys (ConfUtils.java:logGet(43)) - raft.server.rpc.request.timeout = 3000ms (default)
2019-10-11 04:43:59,891 [main] INFO  server.RaftServerConfigKeys (ConfUtils.java:logGet(43)) - raft.server.storage.dir = [/workdir/hadoop-ozone/integration-test/target/test-dir/MiniOzoneClusterImpl-b44bfc70-173c-43e3-9456-d6fc7d130422/datanode-5/data/ratis] (custom)
2019-10-11 04:43:59,892 [main] INFO  hdfs.DFSUtil (DFSUtil.java:httpServerTemplateForNNAndJN(1641)) - Starting Web-server for hddsDatanode at: http://0.0.0.0:0
2019-10-11 04:43:59,893 [main] INFO  server.AuthenticationFilter (AuthenticationFilter.java:constructSecretProvider(240)) - Unable to initialize FileSignerSecretProvider, falling back to use random secrets.
2019-10-11 04:43:59,893 [main] WARN  http.HttpRequestLog (HttpRequestLog.java:getRequestLog(97)) - Jetty request log can only be enabled using Log4j
2019-10-11 04:43:59,894 [main] INFO  http.HttpServer2 (HttpServer2.java:addGlobalFilter(975)) - Added global filter 'safety' (class=org.apache.hadoop.http.HttpServer2$QuotingInputFilter)
2019-10-11 04:43:59,895 [main] INFO  http.HttpServer2 (HttpServer2.java:addFilter(948)) - Added filter static_user_filter (class=org.apache.hadoop.http.lib.StaticUserWebFilter$StaticUserFilter) to context hddsDatanode
2019-10-11 04:43:59,895 [main] INFO  http.HttpServer2 (HttpServer2.java:addFilter(958)) - Added filter static_user_filter (class=org.apache.hadoop.http.lib.StaticUserWebFilter$StaticUserFilter) to context static
2019-10-11 04:43:59,895 [main] INFO  http.HttpServer2 (HttpServer2.java:addFilter(958)) - Added filter static_user_filter (class=org.apache.hadoop.http.lib.StaticUserWebFilter$StaticUserFilter) to context logs
2019-10-11 04:43:59,895 [main] INFO  http.HttpServer2 (HttpServer2.java:bindListener(1191)) - Jetty bound to port 36363
2019-10-11 04:43:59,896 [main] INFO  server.Server (Server.java:doStart(351)) - jetty-9.3.25.v20180904, build timestamp: 2018-09-04T21:11:46Z, git hash: 3ce520221d0240229c862b122d2b06c12a625732
2019-10-11 04:43:59,897 [main] INFO  handler.ContextHandler (ContextHandler.java:doStart(781)) - Started o.e.j.s.ServletContextHandler@2c3f43d1{/logs,file:///workdir/hadoop-ozone/integration-test/target/log,AVAILABLE}
2019-10-11 04:43:59,897 [main] INFO  handler.ContextHandler (ContextHandler.java:doStart(781)) - Started o.e.j.s.ServletContextHandler@f10d055{/static,jar:file:/home/user/.m2/repository/org/apache/hadoop/hadoop-hdds-container-service/0.5.0-SNAPSHOT/hadoop-hdds-container-service-0.5.0-SNAPSHOT.jar!/webapps/static,AVAILABLE}
2019-10-11 04:43:59,924 [main] INFO  handler.ContextHandler (ContextHandler.java:doStart(781)) - Started o.e.j.w.WebAppContext@6210666c{/,file:///tmp/jetty-0.0.0.0-36363-hddsDatanode-_-any-126265278281969954.dir/webapp/,AVAILABLE}{/hddsDatanode}
2019-10-11 04:43:59,925 [main] INFO  server.AbstractConnector (AbstractConnector.java:doStart(278)) - Started ServerConnector@1dca62c2{HTTP/1.1,[http/1.1]}{0.0.0.0:36363}
2019-10-11 04:43:59,926 [main] INFO  server.Server (Server.java:doStart(419)) - Started @690448ms
2019-10-11 04:43:59,926 [main] WARN  impl.MetricsSystemImpl (MetricsSystemImpl.java:register(276)) - Sink prometheus already exists!
2019-10-11 04:43:59,927 [main] INFO  server.BaseHttpServer (BaseHttpServer.java:updateConnectorAddress(215)) - HTTP server of HDDSDATANODE is listening at http://0.0.0.0:36363
2019-10-11 04:43:59,927 [main] INFO  impl.MetricsSystemImpl (MetricsSystemImpl.java:init(158)) - HddsDatanode metrics system started (again)
2019-10-11 04:43:59,938 [org.apache.hadoop.util.JvmPauseMonitor$Monitor@25af5227] INFO  util.JvmPauseMonitor (JvmPauseMonitor.java:run(188)) - Starting JVM pause monitor
2019-10-11 04:43:59,939 [main] INFO  ozone.HddsDatanodeService (HddsDatanodeService.java:start(184)) - HddsDatanodeService host:pr-hdds-1569-qjnzd-3726989565 ip:192.168.157.200
2019-10-11 04:43:59,939 [Datanode State Machine Thread - 0] INFO  datanode.InitDatanodeState (InitDatanodeState.java:persistContainerDatanodeDetails(140)) - DatanodeDetails is persisted to /workdir/hadoop-ozone/integration-test/target/test-dir/MiniOzoneClusterImpl-b44bfc70-173c-43e3-9456-d6fc7d130422/datanode-5/meta/datanode.id
2019-10-11 04:43:59,945 [main] INFO  volume.HddsVolume (HddsVolume.java:<init>(176)) - Creating Volume: /workdir/hadoop-ozone/integration-test/target/test-dir/MiniOzoneClusterImpl-b44bfc70-173c-43e3-9456-d6fc7d130422/datanode-6/data/containers/hdds of  storage type : DISK and capacity : 1482555576320
2019-10-11 04:43:59,945 [main] INFO  volume.VolumeSet (VolumeSet.java:initializeVolumeSet(170)) - Added Volume : /workdir/hadoop-ozone/integration-test/target/test-dir/MiniOzoneClusterImpl-b44bfc70-173c-43e3-9456-d6fc7d130422/datanode-6/data/containers/hdds to VolumeSet
2019-10-11 04:43:59,945 [main] INFO  volume.ThrottledAsyncChecker (ThrottledAsyncChecker.java:schedule(139)) - Scheduling a check for org.apache.hadoop.ozone.container.common.volume.HddsVolume@e06ec83
2019-10-11 04:43:59,946 [main] INFO  volume.HddsVolumeChecker (HddsVolumeChecker.java:checkAllVolumes(202)) - Scheduled health check for volume org.apache.hadoop.ozone.container.common.volume.HddsVolume@e06ec83
2019-10-11 04:43:59,956 [main] INFO  impl.RaftServerProxy (ConfUtils.java:logGet(43)) - raft.rpc.type = GRPC (default)
2019-10-11 04:43:59,956 [main] INFO  grpc.GrpcFactory (GrpcFactory.java:checkPooledByteBufAllocatorUseCacheForAllThreads(45)) - PERFORMANCE WARNING: useCacheForAllThreads is true that may cause Netty to create a lot garbage objects and, as a result, trigger GC.
	It is recommended to disable useCacheForAllThreads by setting -Dorg.apache.ratis.thirdparty.io.netty.allocator.useCacheForAllThreads=false in command line.
2019-10-11 04:43:59,956 [main] INFO  grpc.GrpcConfigKeys$Server (ConfUtils.java:logGet(43)) - raft.grpc.server.port = 0 (default)
2019-10-11 04:43:59,957 [main] INFO  server.GrpcService (ConfUtils.java:logGet(43)) - raft.grpc.message.size.max = 33570816 (custom)
2019-10-11 04:43:59,957 [main] INFO  server.RaftServerConfigKeys (ConfUtils.java:logGet(43)) - raft.server.log.appender.buffer.byte-limit = 33554432 (custom)
2019-10-11 04:43:59,957 [main] INFO  server.GrpcService (ConfUtils.java:logGet(43)) - raft.grpc.flow.control.window = 1MB (=1048576) (default)
2019-10-11 04:43:59,957 [main] INFO  server.RaftServerConfigKeys (ConfUtils.java:logGet(43)) - raft.server.rpc.request.timeout = 3000ms (default)
2019-10-11 04:43:59,957 [main] INFO  server.RaftServerConfigKeys (ConfUtils.java:logGet(43)) - raft.server.storage.dir = [/workdir/hadoop-ozone/integration-test/target/test-dir/MiniOzoneClusterImpl-b44bfc70-173c-43e3-9456-d6fc7d130422/datanode-6/data/ratis] (custom)
2019-10-11 04:43:59,959 [main] INFO  hdfs.DFSUtil (DFSUtil.java:httpServerTemplateForNNAndJN(1641)) - Starting Web-server for hddsDatanode at: http://0.0.0.0:0
2019-10-11 04:43:59,959 [main] INFO  server.AuthenticationFilter (AuthenticationFilter.java:constructSecretProvider(240)) - Unable to initialize FileSignerSecretProvider, falling back to use random secrets.
2019-10-11 04:43:59,960 [main] WARN  http.HttpRequestLog (HttpRequestLog.java:getRequestLog(97)) - Jetty request log can only be enabled using Log4j
2019-10-11 04:43:59,961 [main] INFO  http.HttpServer2 (HttpServer2.java:addGlobalFilter(975)) - Added global filter 'safety' (class=org.apache.hadoop.http.HttpServer2$QuotingInputFilter)
2019-10-11 04:43:59,961 [main] INFO  http.HttpServer2 (HttpServer2.java:addFilter(948)) - Added filter static_user_filter (class=org.apache.hadoop.http.lib.StaticUserWebFilter$StaticUserFilter) to context hddsDatanode
2019-10-11 04:43:59,961 [main] INFO  http.HttpServer2 (HttpServer2.java:addFilter(958)) - Added filter static_user_filter (class=org.apache.hadoop.http.lib.StaticUserWebFilter$StaticUserFilter) to context logs
2019-10-11 04:43:59,961 [main] INFO  http.HttpServer2 (HttpServer2.java:addFilter(958)) - Added filter static_user_filter (class=org.apache.hadoop.http.lib.StaticUserWebFilter$StaticUserFilter) to context static
2019-10-11 04:43:59,962 [main] INFO  http.HttpServer2 (HttpServer2.java:bindListener(1191)) - Jetty bound to port 40739
2019-10-11 04:43:59,962 [main] INFO  server.Server (Server.java:doStart(351)) - jetty-9.3.25.v20180904, build timestamp: 2018-09-04T21:11:46Z, git hash: 3ce520221d0240229c862b122d2b06c12a625732
2019-10-11 04:43:59,963 [main] INFO  handler.ContextHandler (ContextHandler.java:doStart(781)) - Started o.e.j.s.ServletContextHandler@3ff8a3ad{/logs,file:///workdir/hadoop-ozone/integration-test/target/log,AVAILABLE}
2019-10-11 04:43:59,964 [main] INFO  handler.ContextHandler (ContextHandler.java:doStart(781)) - Started o.e.j.s.ServletContextHandler@54275b5d{/static,jar:file:/home/user/.m2/repository/org/apache/hadoop/hadoop-hdds-container-service/0.5.0-SNAPSHOT/hadoop-hdds-container-service-0.5.0-SNAPSHOT.jar!/webapps/static,AVAILABLE}
2019-10-11 04:43:59,990 [main] INFO  handler.ContextHandler (ContextHandler.java:doStart(781)) - Started o.e.j.w.WebAppContext@350f18a6{/,file:///tmp/jetty-0.0.0.0-40739-hddsDatanode-_-any-4011266362078041888.dir/webapp/,AVAILABLE}{/hddsDatanode}
2019-10-11 04:43:59,990 [main] INFO  server.AbstractConnector (AbstractConnector.java:doStart(278)) - Started ServerConnector@147c00aa{HTTP/1.1,[http/1.1]}{0.0.0.0:40739}
2019-10-11 04:43:59,992 [main] INFO  server.Server (Server.java:doStart(419)) - Started @690514ms
2019-10-11 04:43:59,992 [main] WARN  impl.MetricsSystemImpl (MetricsSystemImpl.java:register(276)) - Sink prometheus already exists!
2019-10-11 04:43:59,993 [main] INFO  server.BaseHttpServer (BaseHttpServer.java:updateConnectorAddress(215)) - HTTP server of HDDSDATANODE is listening at http://0.0.0.0:40739
2019-10-11 04:43:59,993 [main] INFO  ozone.MiniOzoneClusterImpl (MiniOzoneClusterImpl.java:lambda$waitForClusterToBeReady$0(147)) - Waiting for cluster to be ready. Got 0 of 7 DN Heartbeats.
2019-10-11 04:43:59,994 [org.apache.hadoop.util.JvmPauseMonitor$Monitor@125052d6] INFO  util.JvmPauseMonitor (JvmPauseMonitor.java:run(188)) - Starting JVM pause monitor
2019-10-11 04:43:59,995 [Datanode State Machine Thread - 0] INFO  datanode.InitDatanodeState (InitDatanodeState.java:persistContainerDatanodeDetails(140)) - DatanodeDetails is persisted to /workdir/hadoop-ozone/integration-test/target/test-dir/MiniOzoneClusterImpl-b44bfc70-173c-43e3-9456-d6fc7d130422/datanode-6/meta/datanode.id
2019-10-11 04:44:00,993 [main] INFO  ozone.MiniOzoneClusterImpl (MiniOzoneClusterImpl.java:lambda$waitForClusterToBeReady$0(147)) - Waiting for cluster to be ready. Got 0 of 7 DN Heartbeats.
2019-10-11 04:44:01,620 [Datanode State Machine Thread - 0] INFO  ozoneimpl.OzoneContainer (OzoneContainer.java:start(217)) - Attempting to start container services.
2019-10-11 04:44:01,620 [Datanode State Machine Thread - 0] INFO  ozoneimpl.OzoneContainer (OzoneContainer.java:startContainerScrub(179)) - Background container scanner has been disabled.
2019-10-11 04:44:01,620 [Datanode State Machine Thread - 0] INFO  ratis.XceiverServerRatis (XceiverServerRatis.java:start(411)) - Starting XceiverServerRatis 243cd881-e4dd-41a2-ae09-8719fa6746fb at port 0
2019-10-11 04:44:01,628 [Datanode State Machine Thread - 0] INFO  impl.RaftServerProxy (RaftServerProxy.java:lambda$start$3(299)) - 243cd881-e4dd-41a2-ae09-8719fa6746fb: start RPC server
2019-10-11 04:44:01,629 [Datanode State Machine Thread - 0] INFO  server.GrpcService (GrpcService.java:startImpl(158)) - 243cd881-e4dd-41a2-ae09-8719fa6746fb: GrpcService started, listening on 0.0.0.0/0.0.0.0:40850
2019-10-11 04:44:01,630 [Datanode State Machine Thread - 0] INFO  ratis.XceiverServerRatis (XceiverServerRatis.java:start(421)) - XceiverServerRatis 243cd881-e4dd-41a2-ae09-8719fa6746fb is started using port 40850
2019-10-11 04:44:01,631 [Datanode State Machine Thread - 0] INFO  server.XceiverServerGrpc (XceiverServerGrpc.java:start(149)) - XceiverServerGrpc 243cd881-e4dd-41a2-ae09-8719fa6746fb is started using port 46195
2019-10-11 04:44:01,689 [Datanode State Machine Thread - 0] INFO  ozoneimpl.OzoneContainer (OzoneContainer.java:start(217)) - Attempting to start container services.
2019-10-11 04:44:01,689 [Datanode State Machine Thread - 0] INFO  ozoneimpl.OzoneContainer (OzoneContainer.java:startContainerScrub(179)) - Background container scanner has been disabled.
2019-10-11 04:44:01,690 [Datanode State Machine Thread - 0] INFO  ratis.XceiverServerRatis (XceiverServerRatis.java:start(411)) - Starting XceiverServerRatis 34f4c72f-caa0-4a31-bd94-9bdddef36627 at port 0
2019-10-11 04:44:01,697 [Datanode State Machine Thread - 0] INFO  impl.RaftServerProxy (RaftServerProxy.java:lambda$start$3(299)) - 34f4c72f-caa0-4a31-bd94-9bdddef36627: start RPC server
2019-10-11 04:44:01,707 [Datanode State Machine Thread - 0] INFO  server.GrpcService (GrpcService.java:startImpl(158)) - 34f4c72f-caa0-4a31-bd94-9bdddef36627: GrpcService started, listening on 0.0.0.0/0.0.0.0:46004
2019-10-11 04:44:01,707 [Datanode State Machine Thread - 0] INFO  ratis.XceiverServerRatis (XceiverServerRatis.java:start(421)) - XceiverServerRatis 34f4c72f-caa0-4a31-bd94-9bdddef36627 is started using port 46004
2019-10-11 04:44:01,707 [Datanode State Machine Thread - 0] INFO  server.XceiverServerGrpc (XceiverServerGrpc.java:start(149)) - XceiverServerGrpc 34f4c72f-caa0-4a31-bd94-9bdddef36627 is started using port 40949
2019-10-11 04:44:01,755 [Datanode State Machine Thread - 0] INFO  ozoneimpl.OzoneContainer (OzoneContainer.java:start(217)) - Attempting to start container services.
2019-10-11 04:44:01,755 [Datanode State Machine Thread - 0] INFO  ozoneimpl.OzoneContainer (OzoneContainer.java:startContainerScrub(179)) - Background container scanner has been disabled.
2019-10-11 04:44:01,755 [Datanode State Machine Thread - 0] INFO  ratis.XceiverServerRatis (XceiverServerRatis.java:start(411)) - Starting XceiverServerRatis 0200e9fc-e606-40f3-99f6-f4679a9f9c17 at port 0
2019-10-11 04:44:01,762 [Datanode State Machine Thread - 0] INFO  impl.RaftServerProxy (RaftServerProxy.java:lambda$start$3(299)) - 0200e9fc-e606-40f3-99f6-f4679a9f9c17: start RPC server
2019-10-11 04:44:01,763 [Datanode State Machine Thread - 0] INFO  server.GrpcService (GrpcService.java:startImpl(158)) - 0200e9fc-e606-40f3-99f6-f4679a9f9c17: GrpcService started, listening on 0.0.0.0/0.0.0.0:39966
2019-10-11 04:44:01,764 [Datanode State Machine Thread - 0] INFO  ratis.XceiverServerRatis (XceiverServerRatis.java:start(421)) - XceiverServerRatis 0200e9fc-e606-40f3-99f6-f4679a9f9c17 is started using port 39966
2019-10-11 04:44:01,772 [Datanode State Machine Thread - 0] INFO  server.XceiverServerGrpc (XceiverServerGrpc.java:start(149)) - XceiverServerGrpc 0200e9fc-e606-40f3-99f6-f4679a9f9c17 is started using port 33693
2019-10-11 04:44:01,819 [Datanode State Machine Thread - 0] INFO  ozoneimpl.OzoneContainer (OzoneContainer.java:start(217)) - Attempting to start container services.
2019-10-11 04:44:01,819 [Datanode State Machine Thread - 0] INFO  ozoneimpl.OzoneContainer (OzoneContainer.java:startContainerScrub(179)) - Background container scanner has been disabled.
2019-10-11 04:44:01,819 [Datanode State Machine Thread - 0] INFO  ratis.XceiverServerRatis (XceiverServerRatis.java:start(411)) - Starting XceiverServerRatis 4f2a164e-9e5a-4368-88d1-36917d4d51a4 at port 0
2019-10-11 04:44:01,827 [Datanode State Machine Thread - 0] INFO  impl.RaftServerProxy (RaftServerProxy.java:lambda$start$3(299)) - 4f2a164e-9e5a-4368-88d1-36917d4d51a4: start RPC server
2019-10-11 04:44:01,829 [Datanode State Machine Thread - 0] INFO  server.GrpcService (GrpcService.java:startImpl(158)) - 4f2a164e-9e5a-4368-88d1-36917d4d51a4: GrpcService started, listening on 0.0.0.0/0.0.0.0:36994
2019-10-11 04:44:01,829 [Datanode State Machine Thread - 0] INFO  ratis.XceiverServerRatis (XceiverServerRatis.java:start(421)) - XceiverServerRatis 4f2a164e-9e5a-4368-88d1-36917d4d51a4 is started using port 36994
2019-10-11 04:44:01,830 [Datanode State Machine Thread - 0] INFO  server.XceiverServerGrpc (XceiverServerGrpc.java:start(149)) - XceiverServerGrpc 4f2a164e-9e5a-4368-88d1-36917d4d51a4 is started using port 38003
2019-10-11 04:44:01,883 [Datanode State Machine Thread - 0] INFO  ozoneimpl.OzoneContainer (OzoneContainer.java:start(217)) - Attempting to start container services.
2019-10-11 04:44:01,883 [Datanode State Machine Thread - 0] INFO  ozoneimpl.OzoneContainer (OzoneContainer.java:startContainerScrub(179)) - Background container scanner has been disabled.
2019-10-11 04:44:01,883 [Datanode State Machine Thread - 0] INFO  ratis.XceiverServerRatis (XceiverServerRatis.java:start(411)) - Starting XceiverServerRatis a0be1567-3b57-484c-aa98-eeb9bc07b4e0 at port 0
2019-10-11 04:44:01,892 [Datanode State Machine Thread - 0] INFO  impl.RaftServerProxy (RaftServerProxy.java:lambda$start$3(299)) - a0be1567-3b57-484c-aa98-eeb9bc07b4e0: start RPC server
2019-10-11 04:44:01,894 [Datanode State Machine Thread - 0] INFO  server.GrpcService (GrpcService.java:startImpl(158)) - a0be1567-3b57-484c-aa98-eeb9bc07b4e0: GrpcService started, listening on 0.0.0.0/0.0.0.0:45492
2019-10-11 04:44:01,894 [Datanode State Machine Thread - 0] INFO  ratis.XceiverServerRatis (XceiverServerRatis.java:start(421)) - XceiverServerRatis a0be1567-3b57-484c-aa98-eeb9bc07b4e0 is started using port 45492
2019-10-11 04:44:01,895 [Datanode State Machine Thread - 0] INFO  server.XceiverServerGrpc (XceiverServerGrpc.java:start(149)) - XceiverServerGrpc a0be1567-3b57-484c-aa98-eeb9bc07b4e0 is started using port 42809
2019-10-11 04:44:01,950 [Datanode State Machine Thread - 0] INFO  ozoneimpl.OzoneContainer (OzoneContainer.java:start(217)) - Attempting to start container services.
2019-10-11 04:44:01,951 [Datanode State Machine Thread - 0] INFO  ozoneimpl.OzoneContainer (OzoneContainer.java:startContainerScrub(179)) - Background container scanner has been disabled.
2019-10-11 04:44:01,951 [Datanode State Machine Thread - 0] INFO  ratis.XceiverServerRatis (XceiverServerRatis.java:start(411)) - Starting XceiverServerRatis 279ed7c7-79fc-45b0-972c-b02df9246810 at port 0
2019-10-11 04:44:01,959 [Datanode State Machine Thread - 0] INFO  impl.RaftServerProxy (RaftServerProxy.java:lambda$start$3(299)) - 279ed7c7-79fc-45b0-972c-b02df9246810: start RPC server
2019-10-11 04:44:01,959 [Datanode State Machine Thread - 0] INFO  server.GrpcService (GrpcService.java:startImpl(158)) - 279ed7c7-79fc-45b0-972c-b02df9246810: GrpcService started, listening on 0.0.0.0/0.0.0.0:35749
2019-10-11 04:44:01,959 [Datanode State Machine Thread - 0] INFO  ratis.XceiverServerRatis (XceiverServerRatis.java:start(421)) - XceiverServerRatis 279ed7c7-79fc-45b0-972c-b02df9246810 is started using port 35749
2019-10-11 04:44:01,960 [Datanode State Machine Thread - 0] INFO  server.XceiverServerGrpc (XceiverServerGrpc.java:start(149)) - XceiverServerGrpc 279ed7c7-79fc-45b0-972c-b02df9246810 is started using port 35216
2019-10-11 04:44:01,994 [main] INFO  ozone.MiniOzoneClusterImpl (MiniOzoneClusterImpl.java:lambda$waitForClusterToBeReady$0(147)) - Waiting for cluster to be ready. Got 0 of 7 DN Heartbeats.
2019-10-11 04:44:02,007 [Datanode State Machine Thread - 0] INFO  ozoneimpl.OzoneContainer (OzoneContainer.java:start(217)) - Attempting to start container services.
2019-10-11 04:44:02,007 [Datanode State Machine Thread - 0] INFO  ozoneimpl.OzoneContainer (OzoneContainer.java:startContainerScrub(179)) - Background container scanner has been disabled.
2019-10-11 04:44:02,007 [Datanode State Machine Thread - 0] INFO  ratis.XceiverServerRatis (XceiverServerRatis.java:start(411)) - Starting XceiverServerRatis 07b09b2a-058b-4435-973b-23995b5e66c4 at port 0
2019-10-11 04:44:02,012 [Datanode State Machine Thread - 0] INFO  impl.RaftServerProxy (RaftServerProxy.java:lambda$start$3(299)) - 07b09b2a-058b-4435-973b-23995b5e66c4: start RPC server
2019-10-11 04:44:02,015 [Datanode State Machine Thread - 0] INFO  server.GrpcService (GrpcService.java:startImpl(158)) - 07b09b2a-058b-4435-973b-23995b5e66c4: GrpcService started, listening on 0.0.0.0/0.0.0.0:36251
2019-10-11 04:44:02,015 [Datanode State Machine Thread - 0] INFO  ratis.XceiverServerRatis (XceiverServerRatis.java:start(421)) - XceiverServerRatis 07b09b2a-058b-4435-973b-23995b5e66c4 is started using port 36251
2019-10-11 04:44:02,016 [Datanode State Machine Thread - 0] INFO  server.XceiverServerGrpc (XceiverServerGrpc.java:start(149)) - XceiverServerGrpc 07b09b2a-058b-4435-973b-23995b5e66c4 is started using port 41807
2019-10-11 04:44:02,994 [main] INFO  ozone.MiniOzoneClusterImpl (MiniOzoneClusterImpl.java:lambda$waitForClusterToBeReady$0(147)) - Waiting for cluster to be ready. Got 0 of 7 DN Heartbeats.
2019-10-11 04:44:03,611 [IPC Server handler 3 on 42181] INFO  net.NetworkTopology (NetworkTopologyImpl.java:add(111)) - Added a new node: /default-rack/243cd881-e4dd-41a2-ae09-8719fa6746fb
2019-10-11 04:44:03,616 [IPC Server handler 3 on 42181] INFO  node.SCMNodeManager (SCMNodeManager.java:register(266)) - Registered Data node : 243cd881-e4dd-41a2-ae09-8719fa6746fb{ip: 192.168.157.200, host: pr-hdds-1569-qjnzd-3726989565, networkLocation: /default-rack, certSerialId: null}
2019-10-11 04:44:03,617 [EventQueue-NodeRegistrationContainerReportForDataNodeSafeModeRule] INFO  safemode.SCMSafeModeManager (DataNodeSafeModeRule.java:process(71)) - SCM in safe mode. 1 DataNodes registered, 1 required.
2019-10-11 04:44:03,620 [EventQueue-NodeRegistrationContainerReportForDataNodeSafeModeRule] INFO  safemode.SCMSafeModeManager (SCMSafeModeManager.java:validateSafeModeExitRules(177)) - ScmSafeModeManager, all rules are successfully validated
2019-10-11 04:44:03,620 [EventQueue-NodeRegistrationContainerReportForDataNodeSafeModeRule] INFO  safemode.SCMSafeModeManager (SCMSafeModeManager.java:exitSafeMode(193)) - SCM exiting safe mode.
2019-10-11 04:44:03,660 [grpc-default-executor-20] INFO  impl.RaftServerProxy (RaftServerProxy.java:addNew(89)) - 243cd881-e4dd-41a2-ae09-8719fa6746fb: addNew group-30597C1FD792:[243cd881-e4dd-41a2-ae09-8719fa6746fb:192.168.157.200:40850] returns group-30597C1FD792:java.util.concurrent.CompletableFuture@d17b18[Not completed]
2019-10-11 04:44:03,662 [pool-679-thread-1] INFO  impl.RaftServerImpl (RaftServerImpl.java:<init>(95)) - 243cd881-e4dd-41a2-ae09-8719fa6746fb: new RaftServerImpl for group-30597C1FD792:[243cd881-e4dd-41a2-ae09-8719fa6746fb:192.168.157.200:40850] with ContainerStateMachine:uninitialized
2019-10-11 04:44:03,662 [pool-679-thread-1] INFO  server.RaftServerConfigKeys (ConfUtils.java:logGet(43)) - raft.server.rpc.timeout.min = 5s (custom)
2019-10-11 04:44:03,662 [pool-679-thread-1] INFO  server.RaftServerConfigKeys (ConfUtils.java:logGet(43)) - raft.server.rpc.timeout.max = 5200ms (custom)
2019-10-11 04:44:03,663 [pool-679-thread-1] INFO  server.RaftServerConfigKeys (ConfUtils.java:logGet(43)) - raft.server.rpcslowness.timeout = 120s (custom)
2019-10-11 04:44:03,663 [pool-679-thread-1] INFO  server.RaftServerConfigKeys (ConfUtils.java:logGet(43)) - raft.server.sleep.deviation.threshold = 300 (default)
2019-10-11 04:44:03,663 [pool-679-thread-1] INFO  server.RaftServerConfigKeys (ConfUtils.java:logGet(43)) - raft.server.log.appender.install.snapshot.enabled = false (custom)
2019-10-11 04:44:03,663 [pool-679-thread-1] INFO  impl.RaftServerImpl (ServerState.java:<init>(103)) - 243cd881-e4dd-41a2-ae09-8719fa6746fb@group-30597C1FD792: ConfigurationManager, init=-1: [243cd881-e4dd-41a2-ae09-8719fa6746fb:192.168.157.200:40850], old=null, confs=<EMPTY_MAP>
2019-10-11 04:44:03,663 [pool-679-thread-1] INFO  server.RaftServerConfigKeys (ConfUtils.java:logGet(43)) - raft.server.storage.dir = [/workdir/hadoop-ozone/integration-test/target/test-dir/MiniOzoneClusterImpl-b44bfc70-173c-43e3-9456-d6fc7d130422/datanode-0/data/ratis] (custom)
2019-10-11 04:44:03,664 [pool-679-thread-1] INFO  storage.RaftStorageDirectory (RaftStorageDirectory.java:analyzeStorage(246)) - The storage directory /workdir/hadoop-ozone/integration-test/target/test-dir/MiniOzoneClusterImpl-b44bfc70-173c-43e3-9456-d6fc7d130422/datanode-0/data/ratis/61e106a1-ea4d-406e-81ec-30597c1fd792 does not exist. Creating ...
2019-10-11 04:44:03,677 [pool-679-thread-1] INFO  storage.RaftStorageDirectory (RaftStorageDirectory.java:tryLock(328)) - Lock on /workdir/hadoop-ozone/integration-test/target/test-dir/MiniOzoneClusterImpl-b44bfc70-173c-43e3-9456-d6fc7d130422/datanode-0/data/ratis/61e106a1-ea4d-406e-81ec-30597c1fd792/in_use.lock acquired by nodename 16509@pr-hdds-1569-qjnzd-3726989565
2019-10-11 04:44:03,678 [IPC Server handler 4 on 42181] INFO  net.NetworkTopology (NetworkTopologyImpl.java:add(111)) - Added a new node: /default-rack/34f4c72f-caa0-4a31-bd94-9bdddef36627
2019-10-11 04:44:03,678 [IPC Server handler 4 on 42181] INFO  node.SCMNodeManager (SCMNodeManager.java:register(266)) - Registered Data node : 34f4c72f-caa0-4a31-bd94-9bdddef36627{ip: 192.168.157.200, host: pr-hdds-1569-qjnzd-3726989565, networkLocation: /default-rack, certSerialId: null}
2019-10-11 04:44:03,691 [pool-679-thread-1] INFO  storage.RaftStorage (RaftStorage.java:format(72)) - Storage directory /workdir/hadoop-ozone/integration-test/target/test-dir/MiniOzoneClusterImpl-b44bfc70-173c-43e3-9456-d6fc7d130422/datanode-0/data/ratis/61e106a1-ea4d-406e-81ec-30597c1fd792 has been successfully formatted.
2019-10-11 04:44:03,691 [pool-679-thread-1] INFO  ratis.ContainerStateMachine (ContainerStateMachine.java:loadSnapshot(230)) - group-30597C1FD792: The snapshot info is null. Setting the last applied indexto:(t:0, i:~)
2019-10-11 04:44:03,692 [pool-679-thread-1] INFO  server.RaftServerConfigKeys (ConfUtils.java:logGet(43)) - raft.server.notification.no-leader.timeout = 120s (custom)
2019-10-11 04:44:03,692 [pool-679-thread-1] INFO  server.RaftServerConfigKeys (ConfUtils.java:logGet(43)) - raft.server.log.use.memory = false (default)
2019-10-11 04:44:03,692 [pool-679-thread-1] INFO  server.RaftServerConfigKeys (ConfUtils.java:logGet(43)) - raft.server.log.purge.gap = 1000000 (custom)
2019-10-11 04:44:03,692 [pool-679-thread-1] INFO  server.RaftServerConfigKeys (ConfUtils.java:logGet(43)) - raft.server.log.appender.buffer.byte-limit = 33554432 (custom)
2019-10-11 04:44:03,692 [pool-679-thread-1] INFO  server.RaftServerConfigKeys (ConfUtils.java:logGet(43)) - raft.server.log.segment.size.max = 1048576 (custom)
2019-10-11 04:44:03,692 [pool-679-thread-1] INFO  server.RaftServerConfigKeys (ConfUtils.java:logGet(43)) - raft.server.log.segment.cache.num.max = 2 (custom)
2019-10-11 04:44:03,693 [pool-679-thread-1] INFO  segmented.SegmentedRaftLogWorker (SegmentedRaftLogWorker.java:<init>(172)) - new 243cd881-e4dd-41a2-ae09-8719fa6746fb@group-30597C1FD792-SegmentedRaftLogWorker for RaftStorage:Storage Directory /workdir/hadoop-ozone/integration-test/target/test-dir/MiniOzoneClusterImpl-b44bfc70-173c-43e3-9456-d6fc7d130422/datanode-0/data/ratis/61e106a1-ea4d-406e-81ec-30597c1fd792
2019-10-11 04:44:03,694 [pool-679-thread-1] INFO  server.RaftServerConfigKeys (ConfUtils.java:logGet(43)) - raft.server.log.queue.byte-limit = 2147483647 (custom)
2019-10-11 04:44:03,695 [pool-679-thread-1] INFO  server.RaftServerConfigKeys (ConfUtils.java:logGet(43)) - raft.server.log.queue.element-limit = 1024 (custom)
2019-10-11 04:44:03,695 [pool-679-thread-1] INFO  server.RaftServerConfigKeys (ConfUtils.java:logGet(43)) - raft.server.log.segment.size.max = 1048576 (custom)
2019-10-11 04:44:03,695 [pool-679-thread-1] INFO  server.RaftServerConfigKeys (ConfUtils.java:logGet(43)) - raft.server.log.preallocated.size = 16384 (custom)
2019-10-11 04:44:03,695 [pool-679-thread-1] INFO  server.RaftServerConfigKeys (ConfUtils.java:logGet(43)) - raft.server.log.write.buffer.size = 33554432 (custom)
2019-10-11 04:44:03,695 [pool-679-thread-1] INFO  server.RaftServerConfigKeys (ConfUtils.java:logGet(43)) - raft.server.log.force.sync.num = 128 (default)
2019-10-11 04:44:03,695 [pool-679-thread-1] INFO  server.RaftServerConfigKeys (ConfUtils.java:logGet(43)) - raft.server.log.statemachine.data.sync = true (default)
2019-10-11 04:44:03,695 [pool-679-thread-1] INFO  server.RaftServerConfigKeys (ConfUtils.java:logGet(43)) - raft.server.log.statemachine.data.sync.timeout = 10s (default)
2019-10-11 04:44:03,696 [pool-679-thread-1] INFO  server.RaftServerConfigKeys (ConfUtils.java:logGet(43)) - raft.server.log.statemachine.data.sync.timeout.retry = -1 (default)
2019-10-11 04:44:03,696 [pool-679-thread-1] INFO  server.RaftServerConfigKeys (ConfUtils.java:logGet(43)) - raft.server.log.statemachine.data.caching.enabled = true (custom)
2019-10-11 04:44:03,696 [pool-679-thread-1] INFO  segmented.SegmentedRaftLogWorker (SegmentedRaftLogWorker.java:lambda$new$0(132)) - 243cd881-e4dd-41a2-ae09-8719fa6746fb@group-30597C1FD792-SegmentedRaftLogWorker: flushIndex: setUnconditionally 0 -> -1
2019-10-11 04:44:03,697 [pool-679-thread-1] INFO  server.RaftServerConfigKeys (ConfUtils.java:logGet(43)) - raft.server.snapshot.auto.trigger.enabled = true (custom)
2019-10-11 04:44:03,697 [pool-679-thread-1] INFO  server.RaftServerConfigKeys (ConfUtils.java:logGet(43)) - raft.server.snapshot.auto.trigger.threshold = 10000 (custom)
2019-10-11 04:44:03,697 [pool-679-thread-1] INFO  server.RaftServerConfigKeys (ConfUtils.java:logGet(43)) - raft.server.snapshot.retention.num.files = 5 (custom)
2019-10-11 04:44:03,697 [pool-679-thread-1] INFO  server.RaftServerConfigKeys (ConfUtils.java:logGet(43)) - raft.server.retrycache.expirytime = 600000ms (custom)
2019-10-11 04:44:03,699 [pool-679-thread-1] INFO  impl.RaftServerImpl (RaftServerImpl.java:start(185)) - 243cd881-e4dd-41a2-ae09-8719fa6746fb@group-30597C1FD792: start as a follower, conf=-1: [243cd881-e4dd-41a2-ae09-8719fa6746fb:192.168.157.200:40850], old=null
2019-10-11 04:44:03,699 [pool-679-thread-1] INFO  impl.RaftServerImpl (RaftServerImpl.java:setRole(174)) - 243cd881-e4dd-41a2-ae09-8719fa6746fb@group-30597C1FD792: changes role from      null to FOLLOWER at term 0 for startAsFollower
2019-10-11 04:44:03,699 [pool-679-thread-1] INFO  impl.RoleInfo (RoleInfo.java:updateAndGet(143)) - 243cd881-e4dd-41a2-ae09-8719fa6746fb: start FollowerState
2019-10-11 04:44:03,699 [pool-679-thread-1] INFO  util.JmxRegister (JmxRegister.java:tryRegister(44)) - Successfully registered JMX Bean with object name Ratis:service=RaftServer,group=group-30597C1FD792,id=243cd881-e4dd-41a2-ae09-8719fa6746fb
2019-10-11 04:44:03,702 [RatisPipelineUtilsThread] INFO  pipeline.PipelineStateManager (PipelineStateManager.java:addPipeline(56)) - Created pipeline Pipeline[ Id: 61e106a1-ea4d-406e-81ec-30597c1fd792, Nodes: 243cd881-e4dd-41a2-ae09-8719fa6746fb{ip: 192.168.157.200, host: pr-hdds-1569-qjnzd-3726989565, networkLocation: /default-rack, certSerialId: null}, Type:RATIS, Factor:ONE, State:OPEN]
2019-10-11 04:44:03,709 [grpc-default-executor-20] INFO  impl.RaftServerProxy (RaftServerProxy.java:addNew(89)) - 34f4c72f-caa0-4a31-bd94-9bdddef36627: addNew group-3F58278D3D3E:[34f4c72f-caa0-4a31-bd94-9bdddef36627:192.168.157.200:46004] returns group-3F58278D3D3E:java.util.concurrent.CompletableFuture@524220e0[Not completed]
2019-10-11 04:44:03,711 [pool-689-thread-1] INFO  impl.RaftServerImpl (RaftServerImpl.java:<init>(95)) - 34f4c72f-caa0-4a31-bd94-9bdddef36627: new RaftServerImpl for group-3F58278D3D3E:[34f4c72f-caa0-4a31-bd94-9bdddef36627:192.168.157.200:46004] with ContainerStateMachine:uninitialized
2019-10-11 04:44:03,711 [pool-689-thread-1] INFO  server.RaftServerConfigKeys (ConfUtils.java:logGet(43)) - raft.server.rpc.timeout.min = 5s (custom)
2019-10-11 04:44:03,712 [pool-689-thread-1] INFO  server.RaftServerConfigKeys (ConfUtils.java:logGet(43)) - raft.server.rpc.timeout.max = 5200ms (custom)
2019-10-11 04:44:03,712 [pool-689-thread-1] INFO  server.RaftServerConfigKeys (ConfUtils.java:logGet(43)) - raft.server.rpcslowness.timeout = 120s (custom)
2019-10-11 04:44:03,712 [pool-689-thread-1] INFO  server.RaftServerConfigKeys (ConfUtils.java:logGet(43)) - raft.server.sleep.deviation.threshold = 300 (default)
2019-10-11 04:44:03,712 [pool-689-thread-1] INFO  server.RaftServerConfigKeys (ConfUtils.java:logGet(43)) - raft.server.log.appender.install.snapshot.enabled = false (custom)
2019-10-11 04:44:03,712 [pool-689-thread-1] INFO  impl.RaftServerImpl (ServerState.java:<init>(103)) - 34f4c72f-caa0-4a31-bd94-9bdddef36627@group-3F58278D3D3E: ConfigurationManager, init=-1: [34f4c72f-caa0-4a31-bd94-9bdddef36627:192.168.157.200:46004], old=null, confs=<EMPTY_MAP>
2019-10-11 04:44:03,712 [pool-689-thread-1] INFO  server.RaftServerConfigKeys (ConfUtils.java:logGet(43)) - raft.server.storage.dir = [/workdir/hadoop-ozone/integration-test/target/test-dir/MiniOzoneClusterImpl-b44bfc70-173c-43e3-9456-d6fc7d130422/datanode-1/data/ratis] (custom)
2019-10-11 04:44:03,712 [pool-689-thread-1] INFO  storage.RaftStorageDirectory (RaftStorageDirectory.java:analyzeStorage(246)) - The storage directory /workdir/hadoop-ozone/integration-test/target/test-dir/MiniOzoneClusterImpl-b44bfc70-173c-43e3-9456-d6fc7d130422/datanode-1/data/ratis/41620022-100e-487c-9ca2-3f58278d3d3e does not exist. Creating ...
2019-10-11 04:44:03,725 [pool-689-thread-1] INFO  storage.RaftStorageDirectory (RaftStorageDirectory.java:tryLock(328)) - Lock on /workdir/hadoop-ozone/integration-test/target/test-dir/MiniOzoneClusterImpl-b44bfc70-173c-43e3-9456-d6fc7d130422/datanode-1/data/ratis/41620022-100e-487c-9ca2-3f58278d3d3e/in_use.lock acquired by nodename 16509@pr-hdds-1569-qjnzd-3726989565
2019-10-11 04:44:03,737 [pool-689-thread-1] INFO  storage.RaftStorage (RaftStorage.java:format(72)) - Storage directory /workdir/hadoop-ozone/integration-test/target/test-dir/MiniOzoneClusterImpl-b44bfc70-173c-43e3-9456-d6fc7d130422/datanode-1/data/ratis/41620022-100e-487c-9ca2-3f58278d3d3e has been successfully formatted.
2019-10-11 04:44:03,738 [pool-689-thread-1] INFO  ratis.ContainerStateMachine (ContainerStateMachine.java:loadSnapshot(230)) - group-3F58278D3D3E: The snapshot info is null. Setting the last applied indexto:(t:0, i:~)
2019-10-11 04:44:03,738 [pool-689-thread-1] INFO  server.RaftServerConfigKeys (ConfUtils.java:logGet(43)) - raft.server.notification.no-leader.timeout = 120s (custom)
2019-10-11 04:44:03,738 [pool-689-thread-1] INFO  server.RaftServerConfigKeys (ConfUtils.java:logGet(43)) - raft.server.log.use.memory = false (default)
2019-10-11 04:44:03,738 [pool-689-thread-1] INFO  server.RaftServerConfigKeys (ConfUtils.java:logGet(43)) - raft.server.log.purge.gap = 1000000 (custom)
2019-10-11 04:44:03,738 [pool-689-thread-1] INFO  server.RaftServerConfigKeys (ConfUtils.java:logGet(43)) - raft.server.log.appender.buffer.byte-limit = 33554432 (custom)
2019-10-11 04:44:03,738 [pool-689-thread-1] INFO  server.RaftServerConfigKeys (ConfUtils.java:logGet(43)) - raft.server.log.segment.size.max = 1048576 (custom)
2019-10-11 04:44:03,738 [pool-689-thread-1] INFO  server.RaftServerConfigKeys (ConfUtils.java:logGet(43)) - raft.server.log.segment.cache.num.max = 2 (custom)
2019-10-11 04:44:03,739 [pool-689-thread-1] INFO  segmented.SegmentedRaftLogWorker (SegmentedRaftLogWorker.java:<init>(172)) - new 34f4c72f-caa0-4a31-bd94-9bdddef36627@group-3F58278D3D3E-SegmentedRaftLogWorker for RaftStorage:Storage Directory /workdir/hadoop-ozone/integration-test/target/test-dir/MiniOzoneClusterImpl-b44bfc70-173c-43e3-9456-d6fc7d130422/datanode-1/data/ratis/41620022-100e-487c-9ca2-3f58278d3d3e
2019-10-11 04:44:03,740 [pool-689-thread-1] INFO  server.RaftServerConfigKeys (ConfUtils.java:logGet(43)) - raft.server.log.queue.byte-limit = 2147483647 (custom)
2019-10-11 04:44:03,740 [pool-689-thread-1] INFO  server.RaftServerConfigKeys (ConfUtils.java:logGet(43)) - raft.server.log.queue.element-limit = 1024 (custom)
2019-10-11 04:44:03,741 [pool-689-thread-1] INFO  server.RaftServerConfigKeys (ConfUtils.java:logGet(43)) - raft.server.log.segment.size.max = 1048576 (custom)
2019-10-11 04:44:03,741 [pool-689-thread-1] INFO  server.RaftServerConfigKeys (ConfUtils.java:logGet(43)) - raft.server.log.preallocated.size = 16384 (custom)
2019-10-11 04:44:03,741 [pool-689-thread-1] INFO  server.RaftServerConfigKeys (ConfUtils.java:logGet(43)) - raft.server.log.write.buffer.size = 33554432 (custom)
2019-10-11 04:44:03,741 [pool-689-thread-1] INFO  server.RaftServerConfigKeys (ConfUtils.java:logGet(43)) - raft.server.log.force.sync.num = 128 (default)
2019-10-11 04:44:03,741 [pool-689-thread-1] INFO  server.RaftServerConfigKeys (ConfUtils.java:logGet(43)) - raft.server.log.statemachine.data.sync = true (default)
2019-10-11 04:44:03,741 [pool-689-thread-1] INFO  server.RaftServerConfigKeys (ConfUtils.java:logGet(43)) - raft.server.log.statemachine.data.sync.timeout = 10s (default)
2019-10-11 04:44:03,741 [pool-689-thread-1] INFO  server.RaftServerConfigKeys (ConfUtils.java:logGet(43)) - raft.server.log.statemachine.data.sync.timeout.retry = -1 (default)
2019-10-11 04:44:03,741 [pool-689-thread-1] INFO  server.RaftServerConfigKeys (ConfUtils.java:logGet(43)) - raft.server.log.statemachine.data.caching.enabled = true (custom)
2019-10-11 04:44:03,742 [pool-689-thread-1] INFO  segmented.SegmentedRaftLogWorker (SegmentedRaftLogWorker.java:lambda$new$0(132)) - 34f4c72f-caa0-4a31-bd94-9bdddef36627@group-3F58278D3D3E-SegmentedRaftLogWorker: flushIndex: setUnconditionally 0 -> -1
2019-10-11 04:44:03,742 [pool-689-thread-1] INFO  server.RaftServerConfigKeys (ConfUtils.java:logGet(43)) - raft.server.snapshot.auto.trigger.enabled = true (custom)
2019-10-11 04:44:03,742 [pool-689-thread-1] INFO  server.RaftServerConfigKeys (ConfUtils.java:logGet(43)) - raft.server.snapshot.auto.trigger.threshold = 10000 (custom)
2019-10-11 04:44:03,742 [pool-689-thread-1] INFO  server.RaftServerConfigKeys (ConfUtils.java:logGet(43)) - raft.server.snapshot.retention.num.files = 5 (custom)
2019-10-11 04:44:03,742 [pool-689-thread-1] INFO  server.RaftServerConfigKeys (ConfUtils.java:logGet(43)) - raft.server.retrycache.expirytime = 600000ms (custom)
2019-10-11 04:44:03,742 [IPC Server handler 5 on 42181] INFO  net.NetworkTopology (NetworkTopologyImpl.java:add(111)) - Added a new node: /default-rack/0200e9fc-e606-40f3-99f6-f4679a9f9c17
2019-10-11 04:44:03,743 [IPC Server handler 5 on 42181] INFO  node.SCMNodeManager (SCMNodeManager.java:register(266)) - Registered Data node : 0200e9fc-e606-40f3-99f6-f4679a9f9c17{ip: 192.168.157.200, host: pr-hdds-1569-qjnzd-3726989565, networkLocation: /default-rack, certSerialId: null}
2019-10-11 04:44:03,744 [pool-689-thread-1] INFO  impl.RaftServerImpl (RaftServerImpl.java:start(185)) - 34f4c72f-caa0-4a31-bd94-9bdddef36627@group-3F58278D3D3E: start as a follower, conf=-1: [34f4c72f-caa0-4a31-bd94-9bdddef36627:192.168.157.200:46004], old=null
2019-10-11 04:44:03,744 [pool-689-thread-1] INFO  impl.RaftServerImpl (RaftServerImpl.java:setRole(174)) - 34f4c72f-caa0-4a31-bd94-9bdddef36627@group-3F58278D3D3E: changes role from      null to FOLLOWER at term 0 for startAsFollower
2019-10-11 04:44:03,744 [pool-689-thread-1] INFO  impl.RoleInfo (RoleInfo.java:updateAndGet(143)) - 34f4c72f-caa0-4a31-bd94-9bdddef36627: start FollowerState
2019-10-11 04:44:03,745 [pool-689-thread-1] INFO  util.JmxRegister (JmxRegister.java:tryRegister(44)) - Successfully registered JMX Bean with object name Ratis:service=RaftServer,group=group-3F58278D3D3E,id=34f4c72f-caa0-4a31-bd94-9bdddef36627
2019-10-11 04:44:03,746 [RatisPipelineUtilsThread] INFO  pipeline.PipelineStateManager (PipelineStateManager.java:addPipeline(56)) - Created pipeline Pipeline[ Id: 41620022-100e-487c-9ca2-3f58278d3d3e, Nodes: 34f4c72f-caa0-4a31-bd94-9bdddef36627{ip: 192.168.157.200, host: pr-hdds-1569-qjnzd-3726989565, networkLocation: /default-rack, certSerialId: null}, Type:RATIS, Factor:ONE, State:OPEN]
2019-10-11 04:44:03,753 [grpc-default-executor-20] INFO  impl.RaftServerProxy (RaftServerProxy.java:addNew(89)) - 0200e9fc-e606-40f3-99f6-f4679a9f9c17: addNew group-51FDFA9D3D5E:[0200e9fc-e606-40f3-99f6-f4679a9f9c17:192.168.157.200:39966] returns group-51FDFA9D3D5E:java.util.concurrent.CompletableFuture@1295ddea[Not completed]
2019-10-11 04:44:03,753 [pool-699-thread-1] INFO  impl.RaftServerImpl (RaftServerImpl.java:<init>(95)) - 0200e9fc-e606-40f3-99f6-f4679a9f9c17: new RaftServerImpl for group-51FDFA9D3D5E:[0200e9fc-e606-40f3-99f6-f4679a9f9c17:192.168.157.200:39966] with ContainerStateMachine:uninitialized
2019-10-11 04:44:03,754 [pool-699-thread-1] INFO  server.RaftServerConfigKeys (ConfUtils.java:logGet(43)) - raft.server.rpc.timeout.min = 5s (custom)
2019-10-11 04:44:03,754 [pool-699-thread-1] INFO  server.RaftServerConfigKeys (ConfUtils.java:logGet(43)) - raft.server.rpc.timeout.max = 5200ms (custom)
2019-10-11 04:44:03,754 [pool-699-thread-1] INFO  server.RaftServerConfigKeys (ConfUtils.java:logGet(43)) - raft.server.rpcslowness.timeout = 120s (custom)
2019-10-11 04:44:03,754 [pool-699-thread-1] INFO  server.RaftServerConfigKeys (ConfUtils.java:logGet(43)) - raft.server.sleep.deviation.threshold = 300 (default)
2019-10-11 04:44:03,754 [pool-699-thread-1] INFO  server.RaftServerConfigKeys (ConfUtils.java:logGet(43)) - raft.server.log.appender.install.snapshot.enabled = false (custom)
2019-10-11 04:44:03,754 [pool-699-thread-1] INFO  impl.RaftServerImpl (ServerState.java:<init>(103)) - 0200e9fc-e606-40f3-99f6-f4679a9f9c17@group-51FDFA9D3D5E: ConfigurationManager, init=-1: [0200e9fc-e606-40f3-99f6-f4679a9f9c17:192.168.157.200:39966], old=null, confs=<EMPTY_MAP>
2019-10-11 04:44:03,754 [pool-699-thread-1] INFO  server.RaftServerConfigKeys (ConfUtils.java:logGet(43)) - raft.server.storage.dir = [/workdir/hadoop-ozone/integration-test/target/test-dir/MiniOzoneClusterImpl-b44bfc70-173c-43e3-9456-d6fc7d130422/datanode-2/data/ratis] (custom)
2019-10-11 04:44:03,754 [pool-699-thread-1] INFO  storage.RaftStorageDirectory (RaftStorageDirectory.java:analyzeStorage(246)) - The storage directory /workdir/hadoop-ozone/integration-test/target/test-dir/MiniOzoneClusterImpl-b44bfc70-173c-43e3-9456-d6fc7d130422/datanode-2/data/ratis/2c2f4422-afae-4d77-bc90-51fdfa9d3d5e does not exist. Creating ...
2019-10-11 04:44:03,767 [pool-699-thread-1] INFO  storage.RaftStorageDirectory (RaftStorageDirectory.java:tryLock(328)) - Lock on /workdir/hadoop-ozone/integration-test/target/test-dir/MiniOzoneClusterImpl-b44bfc70-173c-43e3-9456-d6fc7d130422/datanode-2/data/ratis/2c2f4422-afae-4d77-bc90-51fdfa9d3d5e/in_use.lock acquired by nodename 16509@pr-hdds-1569-qjnzd-3726989565
2019-10-11 04:44:03,779 [pool-699-thread-1] INFO  storage.RaftStorage (RaftStorage.java:format(72)) - Storage directory /workdir/hadoop-ozone/integration-test/target/test-dir/MiniOzoneClusterImpl-b44bfc70-173c-43e3-9456-d6fc7d130422/datanode-2/data/ratis/2c2f4422-afae-4d77-bc90-51fdfa9d3d5e has been successfully formatted.
2019-10-11 04:44:03,779 [pool-699-thread-1] INFO  ratis.ContainerStateMachine (ContainerStateMachine.java:loadSnapshot(230)) - group-51FDFA9D3D5E: The snapshot info is null. Setting the last applied indexto:(t:0, i:~)
2019-10-11 04:44:03,779 [pool-699-thread-1] INFO  server.RaftServerConfigKeys (ConfUtils.java:logGet(43)) - raft.server.notification.no-leader.timeout = 120s (custom)
2019-10-11 04:44:03,779 [pool-699-thread-1] INFO  server.RaftServerConfigKeys (ConfUtils.java:logGet(43)) - raft.server.log.use.memory = false (default)
2019-10-11 04:44:03,779 [pool-699-thread-1] INFO  server.RaftServerConfigKeys (ConfUtils.java:logGet(43)) - raft.server.log.purge.gap = 1000000 (custom)
2019-10-11 04:44:03,779 [pool-699-thread-1] INFO  server.RaftServerConfigKeys (ConfUtils.java:logGet(43)) - raft.server.log.appender.buffer.byte-limit = 33554432 (custom)
2019-10-11 04:44:03,780 [pool-699-thread-1] INFO  server.RaftServerConfigKeys (ConfUtils.java:logGet(43)) - raft.server.log.segment.size.max = 1048576 (custom)
2019-10-11 04:44:03,780 [pool-699-thread-1] INFO  server.RaftServerConfigKeys (ConfUtils.java:logGet(43)) - raft.server.log.segment.cache.num.max = 2 (custom)
2019-10-11 04:44:03,780 [pool-699-thread-1] INFO  segmented.SegmentedRaftLogWorker (SegmentedRaftLogWorker.java:<init>(172)) - new 0200e9fc-e606-40f3-99f6-f4679a9f9c17@group-51FDFA9D3D5E-SegmentedRaftLogWorker for RaftStorage:Storage Directory /workdir/hadoop-ozone/integration-test/target/test-dir/MiniOzoneClusterImpl-b44bfc70-173c-43e3-9456-d6fc7d130422/datanode-2/data/ratis/2c2f4422-afae-4d77-bc90-51fdfa9d3d5e
2019-10-11 04:44:03,781 [pool-699-thread-1] INFO  server.RaftServerConfigKeys (ConfUtils.java:logGet(43)) - raft.server.log.queue.byte-limit = 2147483647 (custom)
2019-10-11 04:44:03,781 [pool-699-thread-1] INFO  server.RaftServerConfigKeys (ConfUtils.java:logGet(43)) - raft.server.log.queue.element-limit = 1024 (custom)
2019-10-11 04:44:03,781 [pool-699-thread-1] INFO  server.RaftServerConfigKeys (ConfUtils.java:logGet(43)) - raft.server.log.segment.size.max = 1048576 (custom)
2019-10-11 04:44:03,781 [pool-699-thread-1] INFO  server.RaftServerConfigKeys (ConfUtils.java:logGet(43)) - raft.server.log.preallocated.size = 16384 (custom)
2019-10-11 04:44:03,781 [pool-699-thread-1] INFO  server.RaftServerConfigKeys (ConfUtils.java:logGet(43)) - raft.server.log.write.buffer.size = 33554432 (custom)
2019-10-11 04:44:03,781 [pool-699-thread-1] INFO  server.RaftServerConfigKeys (ConfUtils.java:logGet(43)) - raft.server.log.force.sync.num = 128 (default)
2019-10-11 04:44:03,781 [pool-699-thread-1] INFO  server.RaftServerConfigKeys (ConfUtils.java:logGet(43)) - raft.server.log.statemachine.data.sync = true (default)
2019-10-11 04:44:03,781 [pool-699-thread-1] INFO  server.RaftServerConfigKeys (ConfUtils.java:logGet(43)) - raft.server.log.statemachine.data.sync.timeout = 10s (default)
2019-10-11 04:44:03,782 [pool-699-thread-1] INFO  server.RaftServerConfigKeys (ConfUtils.java:logGet(43)) - raft.server.log.statemachine.data.sync.timeout.retry = -1 (default)
2019-10-11 04:44:03,782 [pool-699-thread-1] INFO  server.RaftServerConfigKeys (ConfUtils.java:logGet(43)) - raft.server.log.statemachine.data.caching.enabled = true (custom)
2019-10-11 04:44:03,782 [pool-699-thread-1] INFO  segmented.SegmentedRaftLogWorker (SegmentedRaftLogWorker.java:lambda$new$0(132)) - 0200e9fc-e606-40f3-99f6-f4679a9f9c17@group-51FDFA9D3D5E-SegmentedRaftLogWorker: flushIndex: setUnconditionally 0 -> -1
2019-10-11 04:44:03,782 [pool-699-thread-1] INFO  server.RaftServerConfigKeys (ConfUtils.java:logGet(43)) - raft.server.snapshot.auto.trigger.enabled = true (custom)
2019-10-11 04:44:03,782 [pool-699-thread-1] INFO  server.RaftServerConfigKeys (ConfUtils.java:logGet(43)) - raft.server.snapshot.auto.trigger.threshold = 10000 (custom)
2019-10-11 04:44:03,782 [pool-699-thread-1] INFO  server.RaftServerConfigKeys (ConfUtils.java:logGet(43)) - raft.server.snapshot.retention.num.files = 5 (custom)
2019-10-11 04:44:03,782 [pool-699-thread-1] INFO  server.RaftServerConfigKeys (ConfUtils.java:logGet(43)) - raft.server.retrycache.expirytime = 600000ms (custom)
2019-10-11 04:44:03,783 [pool-699-thread-1] INFO  impl.RaftServerImpl (RaftServerImpl.java:start(185)) - 0200e9fc-e606-40f3-99f6-f4679a9f9c17@group-51FDFA9D3D5E: start as a follower, conf=-1: [0200e9fc-e606-40f3-99f6-f4679a9f9c17:192.168.157.200:39966], old=null
2019-10-11 04:44:03,783 [pool-699-thread-1] INFO  impl.RaftServerImpl (RaftServerImpl.java:setRole(174)) - 0200e9fc-e606-40f3-99f6-f4679a9f9c17@group-51FDFA9D3D5E: changes role from      null to FOLLOWER at term 0 for startAsFollower
2019-10-11 04:44:03,784 [pool-699-thread-1] INFO  impl.RoleInfo (RoleInfo.java:updateAndGet(143)) - 0200e9fc-e606-40f3-99f6-f4679a9f9c17: start FollowerState
2019-10-11 04:44:03,784 [pool-699-thread-1] INFO  util.JmxRegister (JmxRegister.java:tryRegister(44)) - Successfully registered JMX Bean with object name Ratis:service=RaftServer,group=group-51FDFA9D3D5E,id=0200e9fc-e606-40f3-99f6-f4679a9f9c17
2019-10-11 04:44:03,785 [RatisPipelineUtilsThread] INFO  pipeline.PipelineStateManager (PipelineStateManager.java:addPipeline(56)) - Created pipeline Pipeline[ Id: 2c2f4422-afae-4d77-bc90-51fdfa9d3d5e, Nodes: 0200e9fc-e606-40f3-99f6-f4679a9f9c17{ip: 192.168.157.200, host: pr-hdds-1569-qjnzd-3726989565, networkLocation: /default-rack, certSerialId: null}, Type:RATIS, Factor:ONE, State:OPEN]
2019-10-11 04:44:03,785 [RatisPipelineUtilsThread] ERROR pipeline.SCMPipelineManager (SCMPipelineManager.java:createPipeline(193)) - Pipeline creation failed.
org.apache.hadoop.hdds.scm.exceptions.SCMException: Cannot create pipeline of factor 1 using 0 nodes. Used 3 nodes. Healthy nodes 3
	at org.apache.hadoop.hdds.scm.pipeline.RatisPipelineProvider.pickNodesNeverUsed(RatisPipelineProvider.java:116)
	at org.apache.hadoop.hdds.scm.pipeline.RatisPipelineProvider.create(RatisPipelineProvider.java:128)
	at org.apache.hadoop.hdds.scm.pipeline.PipelineFactory.create(PipelineFactory.java:58)
	at org.apache.hadoop.hdds.scm.pipeline.SCMPipelineManager.createPipeline(SCMPipelineManager.java:183)
	at org.apache.hadoop.hdds.scm.pipeline.BackgroundPipelineCreator.createPipelines(BackgroundPipelineCreator.java:100)
	at java.util.concurrent.Executors$RunnableAdapter.call(Executors.java:511)
	at java.util.concurrent.FutureTask.run(FutureTask.java:266)
	at java.util.concurrent.ScheduledThreadPoolExecutor$ScheduledFutureTask.access$201(ScheduledThreadPoolExecutor.java:180)
	at java.util.concurrent.ScheduledThreadPoolExecutor$ScheduledFutureTask.run(ScheduledThreadPoolExecutor.java:293)
	at java.util.concurrent.ThreadPoolExecutor.runWorker(ThreadPoolExecutor.java:1149)
	at java.util.concurrent.ThreadPoolExecutor$Worker.run(ThreadPoolExecutor.java:624)
	at java.lang.Thread.run(Thread.java:748)
2019-10-11 04:44:03,793 [grpc-default-executor-27] INFO  impl.RaftServerProxy (RaftServerProxy.java:addNew(89)) - 243cd881-e4dd-41a2-ae09-8719fa6746fb: addNew group-D53E185946D1:[243cd881-e4dd-41a2-ae09-8719fa6746fb:192.168.157.200:40850, 0200e9fc-e606-40f3-99f6-f4679a9f9c17:192.168.157.200:39966, 34f4c72f-caa0-4a31-bd94-9bdddef36627:192.168.157.200:46004] returns group-D53E185946D1:java.util.concurrent.CompletableFuture@2f57ad0[Not completed]
2019-10-11 04:44:03,793 [grpc-default-executor-20] INFO  impl.RaftServerProxy (RaftServerProxy.java:addNew(89)) - 0200e9fc-e606-40f3-99f6-f4679a9f9c17: addNew group-D53E185946D1:[243cd881-e4dd-41a2-ae09-8719fa6746fb:192.168.157.200:40850, 0200e9fc-e606-40f3-99f6-f4679a9f9c17:192.168.157.200:39966, 34f4c72f-caa0-4a31-bd94-9bdddef36627:192.168.157.200:46004] returns group-D53E185946D1:java.util.concurrent.CompletableFuture@c4e7081[Not completed]
2019-10-11 04:44:03,793 [grpc-default-executor-27] INFO  impl.RaftServerProxy (RaftServerProxy.java:addNew(89)) - 34f4c72f-caa0-4a31-bd94-9bdddef36627: addNew group-D53E185946D1:[243cd881-e4dd-41a2-ae09-8719fa6746fb:192.168.157.200:40850, 0200e9fc-e606-40f3-99f6-f4679a9f9c17:192.168.157.200:39966, 34f4c72f-caa0-4a31-bd94-9bdddef36627:192.168.157.200:46004] returns group-D53E185946D1:java.util.concurrent.CompletableFuture@33f28bf3[Not completed]
2019-10-11 04:44:03,794 [pool-679-thread-1] INFO  impl.RaftServerImpl (RaftServerImpl.java:<init>(95)) - 243cd881-e4dd-41a2-ae09-8719fa6746fb: new RaftServerImpl for group-D53E185946D1:[243cd881-e4dd-41a2-ae09-8719fa6746fb:192.168.157.200:40850, 0200e9fc-e606-40f3-99f6-f4679a9f9c17:192.168.157.200:39966, 34f4c72f-caa0-4a31-bd94-9bdddef36627:192.168.157.200:46004] with ContainerStateMachine:uninitialized
2019-10-11 04:44:03,794 [pool-679-thread-1] INFO  server.RaftServerConfigKeys (ConfUtils.java:logGet(43)) - raft.server.rpc.timeout.min = 5s (custom)
2019-10-11 04:44:03,794 [pool-679-thread-1] INFO  server.RaftServerConfigKeys (ConfUtils.java:logGet(43)) - raft.server.rpc.timeout.max = 5200ms (custom)
2019-10-11 04:44:03,794 [pool-679-thread-1] INFO  server.RaftServerConfigKeys (ConfUtils.java:logGet(43)) - raft.server.rpcslowness.timeout = 120s (custom)
2019-10-11 04:44:03,794 [pool-699-thread-1] INFO  impl.RaftServerImpl (RaftServerImpl.java:<init>(95)) - 0200e9fc-e606-40f3-99f6-f4679a9f9c17: new RaftServerImpl for group-D53E185946D1:[243cd881-e4dd-41a2-ae09-8719fa6746fb:192.168.157.200:40850, 0200e9fc-e606-40f3-99f6-f4679a9f9c17:192.168.157.200:39966, 34f4c72f-caa0-4a31-bd94-9bdddef36627:192.168.157.200:46004] with ContainerStateMachine:uninitialized
2019-10-11 04:44:03,794 [pool-679-thread-1] INFO  server.RaftServerConfigKeys (ConfUtils.java:logGet(43)) - raft.server.sleep.deviation.threshold = 300 (default)
2019-10-11 04:44:03,794 [pool-699-thread-1] INFO  server.RaftServerConfigKeys (ConfUtils.java:logGet(43)) - raft.server.rpc.timeout.min = 5s (custom)
2019-10-11 04:44:03,794 [pool-679-thread-1] INFO  server.RaftServerConfigKeys (ConfUtils.java:logGet(43)) - raft.server.log.appender.install.snapshot.enabled = false (custom)
2019-10-11 04:44:03,794 [pool-699-thread-1] INFO  server.RaftServerConfigKeys (ConfUtils.java:logGet(43)) - raft.server.rpc.timeout.max = 5200ms (custom)
2019-10-11 04:44:03,794 [pool-679-thread-1] INFO  impl.RaftServerImpl (ServerState.java:<init>(103)) - 243cd881-e4dd-41a2-ae09-8719fa6746fb@group-D53E185946D1: ConfigurationManager, init=-1: [243cd881-e4dd-41a2-ae09-8719fa6746fb:192.168.157.200:40850, 0200e9fc-e606-40f3-99f6-f4679a9f9c17:192.168.157.200:39966, 34f4c72f-caa0-4a31-bd94-9bdddef36627:192.168.157.200:46004], old=null, confs=<EMPTY_MAP>
2019-10-11 04:44:03,794 [pool-699-thread-1] INFO  server.RaftServerConfigKeys (ConfUtils.java:logGet(43)) - raft.server.rpcslowness.timeout = 120s (custom)
2019-10-11 04:44:03,794 [pool-679-thread-1] INFO  server.RaftServerConfigKeys (ConfUtils.java:logGet(43)) - raft.server.storage.dir = [/workdir/hadoop-ozone/integration-test/target/test-dir/MiniOzoneClusterImpl-b44bfc70-173c-43e3-9456-d6fc7d130422/datanode-0/data/ratis] (custom)
2019-10-11 04:44:03,794 [pool-689-thread-1] INFO  impl.RaftServerImpl (RaftServerImpl.java:<init>(95)) - 34f4c72f-caa0-4a31-bd94-9bdddef36627: new RaftServerImpl for group-D53E185946D1:[243cd881-e4dd-41a2-ae09-8719fa6746fb:192.168.157.200:40850, 0200e9fc-e606-40f3-99f6-f4679a9f9c17:192.168.157.200:39966, 34f4c72f-caa0-4a31-bd94-9bdddef36627:192.168.157.200:46004] with ContainerStateMachine:uninitialized
2019-10-11 04:44:03,794 [pool-699-thread-1] INFO  server.RaftServerConfigKeys (ConfUtils.java:logGet(43)) - raft.server.sleep.deviation.threshold = 300 (default)
2019-10-11 04:44:03,795 [pool-689-thread-1] INFO  server.RaftServerConfigKeys (ConfUtils.java:logGet(43)) - raft.server.rpc.timeout.min = 5s (custom)
2019-10-11 04:44:03,795 [pool-679-thread-1] INFO  storage.RaftStorageDirectory (RaftStorageDirectory.java:analyzeStorage(246)) - The storage directory /workdir/hadoop-ozone/integration-test/target/test-dir/MiniOzoneClusterImpl-b44bfc70-173c-43e3-9456-d6fc7d130422/datanode-0/data/ratis/e5d6f506-a891-4755-bfdd-d53e185946d1 does not exist. Creating ...
2019-10-11 04:44:03,795 [pool-689-thread-1] INFO  server.RaftServerConfigKeys (ConfUtils.java:logGet(43)) - raft.server.rpc.timeout.max = 5200ms (custom)
2019-10-11 04:44:03,795 [pool-699-thread-1] INFO  server.RaftServerConfigKeys (ConfUtils.java:logGet(43)) - raft.server.log.appender.install.snapshot.enabled = false (custom)
2019-10-11 04:44:03,795 [pool-689-thread-1] INFO  server.RaftServerConfigKeys (ConfUtils.java:logGet(43)) - raft.server.rpcslowness.timeout = 120s (custom)
2019-10-11 04:44:03,795 [pool-699-thread-1] INFO  impl.RaftServerImpl (ServerState.java:<init>(103)) - 0200e9fc-e606-40f3-99f6-f4679a9f9c17@group-D53E185946D1: ConfigurationManager, init=-1: [243cd881-e4dd-41a2-ae09-8719fa6746fb:192.168.157.200:40850, 0200e9fc-e606-40f3-99f6-f4679a9f9c17:192.168.157.200:39966, 34f4c72f-caa0-4a31-bd94-9bdddef36627:192.168.157.200:46004], old=null, confs=<EMPTY_MAP>
2019-10-11 04:44:03,795 [pool-689-thread-1] INFO  server.RaftServerConfigKeys (ConfUtils.java:logGet(43)) - raft.server.sleep.deviation.threshold = 300 (default)
2019-10-11 04:44:03,795 [pool-699-thread-1] INFO  server.RaftServerConfigKeys (ConfUtils.java:logGet(43)) - raft.server.storage.dir = [/workdir/hadoop-ozone/integration-test/target/test-dir/MiniOzoneClusterImpl-b44bfc70-173c-43e3-9456-d6fc7d130422/datanode-2/data/ratis] (custom)
2019-10-11 04:44:03,796 [pool-689-thread-1] INFO  server.RaftServerConfigKeys (ConfUtils.java:logGet(43)) - raft.server.log.appender.install.snapshot.enabled = false (custom)
2019-10-11 04:44:03,796 [pool-699-thread-1] INFO  storage.RaftStorageDirectory (RaftStorageDirectory.java:analyzeStorage(246)) - The storage directory /workdir/hadoop-ozone/integration-test/target/test-dir/MiniOzoneClusterImpl-b44bfc70-173c-43e3-9456-d6fc7d130422/datanode-2/data/ratis/e5d6f506-a891-4755-bfdd-d53e185946d1 does not exist. Creating ...
2019-10-11 04:44:03,796 [pool-689-thread-1] INFO  impl.RaftServerImpl (ServerState.java:<init>(103)) - 34f4c72f-caa0-4a31-bd94-9bdddef36627@group-D53E185946D1: ConfigurationManager, init=-1: [243cd881-e4dd-41a2-ae09-8719fa6746fb:192.168.157.200:40850, 0200e9fc-e606-40f3-99f6-f4679a9f9c17:192.168.157.200:39966, 34f4c72f-caa0-4a31-bd94-9bdddef36627:192.168.157.200:46004], old=null, confs=<EMPTY_MAP>
2019-10-11 04:44:03,796 [pool-689-thread-1] INFO  server.RaftServerConfigKeys (ConfUtils.java:logGet(43)) - raft.server.storage.dir = [/workdir/hadoop-ozone/integration-test/target/test-dir/MiniOzoneClusterImpl-b44bfc70-173c-43e3-9456-d6fc7d130422/datanode-1/data/ratis] (custom)
2019-10-11 04:44:03,796 [pool-689-thread-1] INFO  storage.RaftStorageDirectory (RaftStorageDirectory.java:analyzeStorage(246)) - The storage directory /workdir/hadoop-ozone/integration-test/target/test-dir/MiniOzoneClusterImpl-b44bfc70-173c-43e3-9456-d6fc7d130422/datanode-1/data/ratis/e5d6f506-a891-4755-bfdd-d53e185946d1 does not exist. Creating ...
2019-10-11 04:44:03,806 [IPC Server handler 7 on 42181] INFO  net.NetworkTopology (NetworkTopologyImpl.java:add(111)) - Added a new node: /default-rack/4f2a164e-9e5a-4368-88d1-36917d4d51a4
2019-10-11 04:44:03,806 [IPC Server handler 7 on 42181] INFO  node.SCMNodeManager (SCMNodeManager.java:register(266)) - Registered Data node : 4f2a164e-9e5a-4368-88d1-36917d4d51a4{ip: 192.168.157.200, host: pr-hdds-1569-qjnzd-3726989565, networkLocation: /default-rack, certSerialId: null}
2019-10-11 04:44:03,820 [pool-679-thread-1] INFO  storage.RaftStorageDirectory (RaftStorageDirectory.java:tryLock(328)) - Lock on /workdir/hadoop-ozone/integration-test/target/test-dir/MiniOzoneClusterImpl-b44bfc70-173c-43e3-9456-d6fc7d130422/datanode-0/data/ratis/e5d6f506-a891-4755-bfdd-d53e185946d1/in_use.lock acquired by nodename 16509@pr-hdds-1569-qjnzd-3726989565
2019-10-11 04:44:03,820 [pool-699-thread-1] INFO  storage.RaftStorageDirectory (RaftStorageDirectory.java:tryLock(328)) - Lock on /workdir/hadoop-ozone/integration-test/target/test-dir/MiniOzoneClusterImpl-b44bfc70-173c-43e3-9456-d6fc7d130422/datanode-2/data/ratis/e5d6f506-a891-4755-bfdd-d53e185946d1/in_use.lock acquired by nodename 16509@pr-hdds-1569-qjnzd-3726989565
2019-10-11 04:44:03,820 [pool-689-thread-1] INFO  storage.RaftStorageDirectory (RaftStorageDirectory.java:tryLock(328)) - Lock on /workdir/hadoop-ozone/integration-test/target/test-dir/MiniOzoneClusterImpl-b44bfc70-173c-43e3-9456-d6fc7d130422/datanode-1/data/ratis/e5d6f506-a891-4755-bfdd-d53e185946d1/in_use.lock acquired by nodename 16509@pr-hdds-1569-qjnzd-3726989565
2019-10-11 04:44:03,845 [pool-679-thread-1] INFO  storage.RaftStorage (RaftStorage.java:format(72)) - Storage directory /workdir/hadoop-ozone/integration-test/target/test-dir/MiniOzoneClusterImpl-b44bfc70-173c-43e3-9456-d6fc7d130422/datanode-0/data/ratis/e5d6f506-a891-4755-bfdd-d53e185946d1 has been successfully formatted.
2019-10-11 04:44:03,845 [pool-689-thread-1] INFO  storage.RaftStorage (RaftStorage.java:format(72)) - Storage directory /workdir/hadoop-ozone/integration-test/target/test-dir/MiniOzoneClusterImpl-b44bfc70-173c-43e3-9456-d6fc7d130422/datanode-1/data/ratis/e5d6f506-a891-4755-bfdd-d53e185946d1 has been successfully formatted.
2019-10-11 04:44:03,845 [pool-699-thread-1] INFO  storage.RaftStorage (RaftStorage.java:format(72)) - Storage directory /workdir/hadoop-ozone/integration-test/target/test-dir/MiniOzoneClusterImpl-b44bfc70-173c-43e3-9456-d6fc7d130422/datanode-2/data/ratis/e5d6f506-a891-4755-bfdd-d53e185946d1 has been successfully formatted.
2019-10-11 04:44:03,845 [pool-689-thread-1] INFO  ratis.ContainerStateMachine (ContainerStateMachine.java:loadSnapshot(230)) - group-D53E185946D1: The snapshot info is null. Setting the last applied indexto:(t:0, i:~)
2019-10-11 04:44:03,845 [pool-679-thread-1] INFO  ratis.ContainerStateMachine (ContainerStateMachine.java:loadSnapshot(230)) - group-D53E185946D1: The snapshot info is null. Setting the last applied indexto:(t:0, i:~)
2019-10-11 04:44:03,846 [pool-689-thread-1] INFO  server.RaftServerConfigKeys (ConfUtils.java:logGet(43)) - raft.server.notification.no-leader.timeout = 120s (custom)
2019-10-11 04:44:03,846 [pool-699-thread-1] INFO  ratis.ContainerStateMachine (ContainerStateMachine.java:loadSnapshot(230)) - group-D53E185946D1: The snapshot info is null. Setting the last applied indexto:(t:0, i:~)
2019-10-11 04:44:03,846 [pool-689-thread-1] INFO  server.RaftServerConfigKeys (ConfUtils.java:logGet(43)) - raft.server.log.use.memory = false (default)
2019-10-11 04:44:03,846 [pool-679-thread-1] INFO  server.RaftServerConfigKeys (ConfUtils.java:logGet(43)) - raft.server.notification.no-leader.timeout = 120s (custom)
2019-10-11 04:44:03,846 [pool-689-thread-1] INFO  server.RaftServerConfigKeys (ConfUtils.java:logGet(43)) - raft.server.log.purge.gap = 1000000 (custom)
2019-10-11 04:44:03,846 [pool-699-thread-1] INFO  server.RaftServerConfigKeys (ConfUtils.java:logGet(43)) - raft.server.notification.no-leader.timeout = 120s (custom)
2019-10-11 04:44:03,847 [pool-689-thread-1] INFO  server.RaftServerConfigKeys (ConfUtils.java:logGet(43)) - raft.server.log.appender.buffer.byte-limit = 33554432 (custom)
2019-10-11 04:44:03,846 [pool-679-thread-1] INFO  server.RaftServerConfigKeys (ConfUtils.java:logGet(43)) - raft.server.log.use.memory = false (default)
2019-10-11 04:44:03,847 [pool-689-thread-1] INFO  server.RaftServerConfigKeys (ConfUtils.java:logGet(43)) - raft.server.log.segment.size.max = 1048576 (custom)
2019-10-11 04:44:03,847 [pool-699-thread-1] INFO  server.RaftServerConfigKeys (ConfUtils.java:logGet(43)) - raft.server.log.use.memory = false (default)
2019-10-11 04:44:03,847 [pool-689-thread-1] INFO  server.RaftServerConfigKeys (ConfUtils.java:logGet(43)) - raft.server.log.segment.cache.num.max = 2 (custom)
2019-10-11 04:44:03,847 [pool-679-thread-1] INFO  server.RaftServerConfigKeys (ConfUtils.java:logGet(43)) - raft.server.log.purge.gap = 1000000 (custom)
2019-10-11 04:44:03,847 [pool-689-thread-1] INFO  segmented.SegmentedRaftLogWorker (SegmentedRaftLogWorker.java:<init>(172)) - new 34f4c72f-caa0-4a31-bd94-9bdddef36627@group-D53E185946D1-SegmentedRaftLogWorker for RaftStorage:Storage Directory /workdir/hadoop-ozone/integration-test/target/test-dir/MiniOzoneClusterImpl-b44bfc70-173c-43e3-9456-d6fc7d130422/datanode-1/data/ratis/e5d6f506-a891-4755-bfdd-d53e185946d1
2019-10-11 04:44:03,847 [pool-699-thread-1] INFO  server.RaftServerConfigKeys (ConfUtils.java:logGet(43)) - raft.server.log.purge.gap = 1000000 (custom)
2019-10-11 04:44:03,848 [pool-689-thread-1] INFO  server.RaftServerConfigKeys (ConfUtils.java:logGet(43)) - raft.server.log.queue.byte-limit = 2147483647 (custom)
2019-10-11 04:44:03,847 [pool-679-thread-1] INFO  server.RaftServerConfigKeys (ConfUtils.java:logGet(43)) - raft.server.log.appender.buffer.byte-limit = 33554432 (custom)
2019-10-11 04:44:03,848 [pool-689-thread-1] INFO  server.RaftServerConfigKeys (ConfUtils.java:logGet(43)) - raft.server.log.queue.element-limit = 1024 (custom)
2019-10-11 04:44:03,848 [pool-699-thread-1] INFO  server.RaftServerConfigKeys (ConfUtils.java:logGet(43)) - raft.server.log.appender.buffer.byte-limit = 33554432 (custom)
2019-10-11 04:44:03,848 [pool-689-thread-1] INFO  server.RaftServerConfigKeys (ConfUtils.java:logGet(43)) - raft.server.log.segment.size.max = 1048576 (custom)
2019-10-11 04:44:03,848 [pool-679-thread-1] INFO  server.RaftServerConfigKeys (ConfUtils.java:logGet(43)) - raft.server.log.segment.size.max = 1048576 (custom)
2019-10-11 04:44:03,848 [pool-689-thread-1] INFO  server.RaftServerConfigKeys (ConfUtils.java:logGet(43)) - raft.server.log.preallocated.size = 16384 (custom)
2019-10-11 04:44:03,848 [pool-699-thread-1] INFO  server.RaftServerConfigKeys (ConfUtils.java:logGet(43)) - raft.server.log.segment.size.max = 1048576 (custom)
2019-10-11 04:44:03,849 [pool-689-thread-1] INFO  server.RaftServerConfigKeys (ConfUtils.java:logGet(43)) - raft.server.log.write.buffer.size = 33554432 (custom)
2019-10-11 04:44:03,849 [pool-679-thread-1] INFO  server.RaftServerConfigKeys (ConfUtils.java:logGet(43)) - raft.server.log.segment.cache.num.max = 2 (custom)
2019-10-11 04:44:03,849 [pool-689-thread-1] INFO  server.RaftServerConfigKeys (ConfUtils.java:logGet(43)) - raft.server.log.force.sync.num = 128 (default)
2019-10-11 04:44:03,849 [pool-699-thread-1] INFO  server.RaftServerConfigKeys (ConfUtils.java:logGet(43)) - raft.server.log.segment.cache.num.max = 2 (custom)
2019-10-11 04:44:03,849 [pool-689-thread-1] INFO  server.RaftServerConfigKeys (ConfUtils.java:logGet(43)) - raft.server.log.statemachine.data.sync = true (default)
2019-10-11 04:44:03,849 [pool-679-thread-1] INFO  segmented.SegmentedRaftLogWorker (SegmentedRaftLogWorker.java:<init>(172)) - new 243cd881-e4dd-41a2-ae09-8719fa6746fb@group-D53E185946D1-SegmentedRaftLogWorker for RaftStorage:Storage Directory /workdir/hadoop-ozone/integration-test/target/test-dir/MiniOzoneClusterImpl-b44bfc70-173c-43e3-9456-d6fc7d130422/datanode-0/data/ratis/e5d6f506-a891-4755-bfdd-d53e185946d1
2019-10-11 04:44:03,850 [pool-689-thread-1] INFO  server.RaftServerConfigKeys (ConfUtils.java:logGet(43)) - raft.server.log.statemachine.data.sync.timeout = 10s (default)
2019-10-11 04:44:03,849 [pool-699-thread-1] INFO  segmented.SegmentedRaftLogWorker (SegmentedRaftLogWorker.java:<init>(172)) - new 0200e9fc-e606-40f3-99f6-f4679a9f9c17@group-D53E185946D1-SegmentedRaftLogWorker for RaftStorage:Storage Directory /workdir/hadoop-ozone/integration-test/target/test-dir/MiniOzoneClusterImpl-b44bfc70-173c-43e3-9456-d6fc7d130422/datanode-2/data/ratis/e5d6f506-a891-4755-bfdd-d53e185946d1
2019-10-11 04:44:03,850 [pool-689-thread-1] INFO  server.RaftServerConfigKeys (ConfUtils.java:logGet(43)) - raft.server.log.statemachine.data.sync.timeout.retry = -1 (default)
2019-10-11 04:44:03,850 [pool-679-thread-1] INFO  server.RaftServerConfigKeys (ConfUtils.java:logGet(43)) - raft.server.log.queue.byte-limit = 2147483647 (custom)
2019-10-11 04:44:03,850 [pool-689-thread-1] INFO  server.RaftServerConfigKeys (ConfUtils.java:logGet(43)) - raft.server.log.statemachine.data.caching.enabled = true (custom)
2019-10-11 04:44:03,850 [pool-699-thread-1] INFO  server.RaftServerConfigKeys (ConfUtils.java:logGet(43)) - raft.server.log.queue.byte-limit = 2147483647 (custom)
2019-10-11 04:44:03,850 [pool-689-thread-1] INFO  segmented.SegmentedRaftLogWorker (SegmentedRaftLogWorker.java:lambda$new$0(132)) - 34f4c72f-caa0-4a31-bd94-9bdddef36627@group-D53E185946D1-SegmentedRaftLogWorker: flushIndex: setUnconditionally 0 -> -1
2019-10-11 04:44:03,850 [pool-679-thread-1] INFO  server.RaftServerConfigKeys (ConfUtils.java:logGet(43)) - raft.server.log.queue.element-limit = 1024 (custom)
2019-10-11 04:44:03,851 [pool-699-thread-1] INFO  server.RaftServerConfigKeys (ConfUtils.java:logGet(43)) - raft.server.log.queue.element-limit = 1024 (custom)
2019-10-11 04:44:03,851 [pool-689-thread-1] INFO  server.RaftServerConfigKeys (ConfUtils.java:logGet(43)) - raft.server.snapshot.auto.trigger.enabled = true (custom)
2019-10-11 04:44:03,851 [pool-679-thread-1] INFO  server.RaftServerConfigKeys (ConfUtils.java:logGet(43)) - raft.server.log.segment.size.max = 1048576 (custom)
2019-10-11 04:44:03,851 [pool-689-thread-1] INFO  server.RaftServerConfigKeys (ConfUtils.java:logGet(43)) - raft.server.snapshot.auto.trigger.threshold = 10000 (custom)
2019-10-11 04:44:03,851 [pool-699-thread-1] INFO  server.RaftServerConfigKeys (ConfUtils.java:logGet(43)) - raft.server.log.segment.size.max = 1048576 (custom)
2019-10-11 04:44:03,851 [pool-689-thread-1] INFO  server.RaftServerConfigKeys (ConfUtils.java:logGet(43)) - raft.server.snapshot.retention.num.files = 5 (custom)
2019-10-11 04:44:03,851 [pool-679-thread-1] INFO  server.RaftServerConfigKeys (ConfUtils.java:logGet(43)) - raft.server.log.preallocated.size = 16384 (custom)
2019-10-11 04:44:03,852 [pool-689-thread-1] INFO  server.RaftServerConfigKeys (ConfUtils.java:logGet(43)) - raft.server.retrycache.expirytime = 600000ms (custom)
2019-10-11 04:44:03,852 [pool-699-thread-1] INFO  server.RaftServerConfigKeys (ConfUtils.java:logGet(43)) - raft.server.log.preallocated.size = 16384 (custom)
2019-10-11 04:44:03,852 [pool-679-thread-1] INFO  server.RaftServerConfigKeys (ConfUtils.java:logGet(43)) - raft.server.log.write.buffer.size = 33554432 (custom)
2019-10-11 04:44:03,852 [pool-699-thread-1] INFO  server.RaftServerConfigKeys (ConfUtils.java:logGet(43)) - raft.server.log.write.buffer.size = 33554432 (custom)
2019-10-11 04:44:03,852 [pool-679-thread-1] INFO  server.RaftServerConfigKeys (ConfUtils.java:logGet(43)) - raft.server.log.force.sync.num = 128 (default)
2019-10-11 04:44:03,852 [pool-699-thread-1] INFO  server.RaftServerConfigKeys (ConfUtils.java:logGet(43)) - raft.server.log.force.sync.num = 128 (default)
2019-10-11 04:44:03,852 [pool-679-thread-1] INFO  server.RaftServerConfigKeys (ConfUtils.java:logGet(43)) - raft.server.log.statemachine.data.sync = true (default)
2019-10-11 04:44:03,853 [pool-699-thread-1] INFO  server.RaftServerConfigKeys (ConfUtils.java:logGet(43)) - raft.server.log.statemachine.data.sync = true (default)
2019-10-11 04:44:03,853 [pool-679-thread-1] INFO  server.RaftServerConfigKeys (ConfUtils.java:logGet(43)) - raft.server.log.statemachine.data.sync.timeout = 10s (default)
2019-10-11 04:44:03,853 [pool-699-thread-1] INFO  server.RaftServerConfigKeys (ConfUtils.java:logGet(43)) - raft.server.log.statemachine.data.sync.timeout = 10s (default)
2019-10-11 04:44:03,853 [pool-679-thread-1] INFO  server.RaftServerConfigKeys (ConfUtils.java:logGet(43)) - raft.server.log.statemachine.data.sync.timeout.retry = -1 (default)
2019-10-11 04:44:03,853 [pool-699-thread-1] INFO  server.RaftServerConfigKeys (ConfUtils.java:logGet(43)) - raft.server.log.statemachine.data.sync.timeout.retry = -1 (default)
2019-10-11 04:44:03,853 [pool-689-thread-1] INFO  impl.RaftServerImpl (RaftServerImpl.java:start(185)) - 34f4c72f-caa0-4a31-bd94-9bdddef36627@group-D53E185946D1: start as a follower, conf=-1: [243cd881-e4dd-41a2-ae09-8719fa6746fb:192.168.157.200:40850, 0200e9fc-e606-40f3-99f6-f4679a9f9c17:192.168.157.200:39966, 34f4c72f-caa0-4a31-bd94-9bdddef36627:192.168.157.200:46004], old=null
2019-10-11 04:44:03,853 [pool-679-thread-1] INFO  server.RaftServerConfigKeys (ConfUtils.java:logGet(43)) - raft.server.log.statemachine.data.caching.enabled = true (custom)
2019-10-11 04:44:03,853 [pool-689-thread-1] INFO  impl.RaftServerImpl (RaftServerImpl.java:setRole(174)) - 34f4c72f-caa0-4a31-bd94-9bdddef36627@group-D53E185946D1: changes role from      null to FOLLOWER at term 0 for startAsFollower
2019-10-11 04:44:03,853 [pool-699-thread-1] INFO  server.RaftServerConfigKeys (ConfUtils.java:logGet(43)) - raft.server.log.statemachine.data.caching.enabled = true (custom)
2019-10-11 04:44:03,854 [pool-689-thread-1] INFO  impl.RoleInfo (RoleInfo.java:updateAndGet(143)) - 34f4c72f-caa0-4a31-bd94-9bdddef36627: start FollowerState
2019-10-11 04:44:03,854 [pool-679-thread-1] INFO  segmented.SegmentedRaftLogWorker (SegmentedRaftLogWorker.java:lambda$new$0(132)) - 243cd881-e4dd-41a2-ae09-8719fa6746fb@group-D53E185946D1-SegmentedRaftLogWorker: flushIndex: setUnconditionally 0 -> -1
2019-10-11 04:44:03,854 [pool-699-thread-1] INFO  segmented.SegmentedRaftLogWorker (SegmentedRaftLogWorker.java:lambda$new$0(132)) - 0200e9fc-e606-40f3-99f6-f4679a9f9c17@group-D53E185946D1-SegmentedRaftLogWorker: flushIndex: setUnconditionally 0 -> -1
2019-10-11 04:44:03,854 [pool-689-thread-1] INFO  util.JmxRegister (JmxRegister.java:tryRegister(44)) - Successfully registered JMX Bean with object name Ratis:service=RaftServer,group=group-D53E185946D1,id=34f4c72f-caa0-4a31-bd94-9bdddef36627
2019-10-11 04:44:03,854 [pool-679-thread-1] INFO  server.RaftServerConfigKeys (ConfUtils.java:logGet(43)) - raft.server.snapshot.auto.trigger.enabled = true (custom)
2019-10-11 04:44:03,854 [pool-699-thread-1] INFO  server.RaftServerConfigKeys (ConfUtils.java:logGet(43)) - raft.server.snapshot.auto.trigger.enabled = true (custom)
2019-10-11 04:44:03,854 [pool-679-thread-1] INFO  server.RaftServerConfigKeys (ConfUtils.java:logGet(43)) - raft.server.snapshot.auto.trigger.threshold = 10000 (custom)
2019-10-11 04:44:03,855 [pool-699-thread-1] INFO  server.RaftServerConfigKeys (ConfUtils.java:logGet(43)) - raft.server.snapshot.auto.trigger.threshold = 10000 (custom)
2019-10-11 04:44:03,855 [pool-679-thread-1] INFO  server.RaftServerConfigKeys (ConfUtils.java:logGet(43)) - raft.server.snapshot.retention.num.files = 5 (custom)
2019-10-11 04:44:03,855 [pool-699-thread-1] INFO  server.RaftServerConfigKeys (ConfUtils.java:logGet(43)) - raft.server.snapshot.retention.num.files = 5 (custom)
2019-10-11 04:44:03,855 [pool-679-thread-1] INFO  server.RaftServerConfigKeys (ConfUtils.java:logGet(43)) - raft.server.retrycache.expirytime = 600000ms (custom)
2019-10-11 04:44:03,855 [pool-699-thread-1] INFO  server.RaftServerConfigKeys (ConfUtils.java:logGet(43)) - raft.server.retrycache.expirytime = 600000ms (custom)
2019-10-11 04:44:03,857 [pool-679-thread-1] INFO  impl.RaftServerImpl (RaftServerImpl.java:start(185)) - 243cd881-e4dd-41a2-ae09-8719fa6746fb@group-D53E185946D1: start as a follower, conf=-1: [243cd881-e4dd-41a2-ae09-8719fa6746fb:192.168.157.200:40850, 0200e9fc-e606-40f3-99f6-f4679a9f9c17:192.168.157.200:39966, 34f4c72f-caa0-4a31-bd94-9bdddef36627:192.168.157.200:46004], old=null
2019-10-11 04:44:03,857 [pool-679-thread-1] INFO  impl.RaftServerImpl (RaftServerImpl.java:setRole(174)) - 243cd881-e4dd-41a2-ae09-8719fa6746fb@group-D53E185946D1: changes role from      null to FOLLOWER at term 0 for startAsFollower
2019-10-11 04:44:03,857 [pool-679-thread-1] INFO  impl.RoleInfo (RoleInfo.java:updateAndGet(143)) - 243cd881-e4dd-41a2-ae09-8719fa6746fb: start FollowerState
2019-10-11 04:44:03,858 [pool-679-thread-1] INFO  util.JmxRegister (JmxRegister.java:tryRegister(44)) - Successfully registered JMX Bean with object name Ratis:service=RaftServer,group=group-D53E185946D1,id=243cd881-e4dd-41a2-ae09-8719fa6746fb
2019-10-11 04:44:03,858 [pool-699-thread-1] INFO  impl.RaftServerImpl (RaftServerImpl.java:start(185)) - 0200e9fc-e606-40f3-99f6-f4679a9f9c17@group-D53E185946D1: start as a follower, conf=-1: [243cd881-e4dd-41a2-ae09-8719fa6746fb:192.168.157.200:40850, 0200e9fc-e606-40f3-99f6-f4679a9f9c17:192.168.157.200:39966, 34f4c72f-caa0-4a31-bd94-9bdddef36627:192.168.157.200:46004], old=null
2019-10-11 04:44:03,858 [pool-699-thread-1] INFO  impl.RaftServerImpl (RaftServerImpl.java:setRole(174)) - 0200e9fc-e606-40f3-99f6-f4679a9f9c17@group-D53E185946D1: changes role from      null to FOLLOWER at term 0 for startAsFollower
2019-10-11 04:44:03,858 [pool-699-thread-1] INFO  impl.RoleInfo (RoleInfo.java:updateAndGet(143)) - 0200e9fc-e606-40f3-99f6-f4679a9f9c17: start FollowerState
2019-10-11 04:44:03,859 [pool-699-thread-1] INFO  util.JmxRegister (JmxRegister.java:tryRegister(44)) - Successfully registered JMX Bean with object name Ratis:service=RaftServer,group=group-D53E185946D1,id=0200e9fc-e606-40f3-99f6-f4679a9f9c17
2019-10-11 04:44:03,860 [RatisPipelineUtilsThread] INFO  pipeline.PipelineStateManager (PipelineStateManager.java:addPipeline(56)) - Created pipeline Pipeline[ Id: e5d6f506-a891-4755-bfdd-d53e185946d1, Nodes: 0200e9fc-e606-40f3-99f6-f4679a9f9c17{ip: 192.168.157.200, host: pr-hdds-1569-qjnzd-3726989565, networkLocation: /default-rack, certSerialId: null}243cd881-e4dd-41a2-ae09-8719fa6746fb{ip: 192.168.157.200, host: pr-hdds-1569-qjnzd-3726989565, networkLocation: /default-rack, certSerialId: null}34f4c72f-caa0-4a31-bd94-9bdddef36627{ip: 192.168.157.200, host: pr-hdds-1569-qjnzd-3726989565, networkLocation: /default-rack, certSerialId: null}, Type:RATIS, Factor:THREE, State:OPEN]
2019-10-11 04:44:03,866 [grpc-default-executor-26] INFO  impl.RaftServerProxy (RaftServerProxy.java:addNew(89)) - 243cd881-e4dd-41a2-ae09-8719fa6746fb: addNew group-B858FA317E63:[243cd881-e4dd-41a2-ae09-8719fa6746fb:192.168.157.200:40850, 0200e9fc-e606-40f3-99f6-f4679a9f9c17:192.168.157.200:39966, 34f4c72f-caa0-4a31-bd94-9bdddef36627:192.168.157.200:46004] returns group-B858FA317E63:java.util.concurrent.CompletableFuture@4152fe4d[Not completed]
2019-10-11 04:44:03,866 [grpc-default-executor-27] INFO  impl.RaftServerProxy (RaftServerProxy.java:addNew(89)) - 0200e9fc-e606-40f3-99f6-f4679a9f9c17: addNew group-B858FA317E63:[243cd881-e4dd-41a2-ae09-8719fa6746fb:192.168.157.200:40850, 0200e9fc-e606-40f3-99f6-f4679a9f9c17:192.168.157.200:39966, 34f4c72f-caa0-4a31-bd94-9bdddef36627:192.168.157.200:46004] returns group-B858FA317E63:java.util.concurrent.CompletableFuture@4b5055df[Not completed]
2019-10-11 04:44:03,866 [grpc-default-executor-20] INFO  impl.RaftServerProxy (RaftServerProxy.java:addNew(89)) - 34f4c72f-caa0-4a31-bd94-9bdddef36627: addNew group-B858FA317E63:[243cd881-e4dd-41a2-ae09-8719fa6746fb:192.168.157.200:40850, 0200e9fc-e606-40f3-99f6-f4679a9f9c17:192.168.157.200:39966, 34f4c72f-caa0-4a31-bd94-9bdddef36627:192.168.157.200:46004] returns group-B858FA317E63:java.util.concurrent.CompletableFuture@643940cd[Not completed]
2019-10-11 04:44:03,868 [pool-679-thread-1] INFO  impl.RaftServerImpl (RaftServerImpl.java:<init>(95)) - 243cd881-e4dd-41a2-ae09-8719fa6746fb: new RaftServerImpl for group-B858FA317E63:[243cd881-e4dd-41a2-ae09-8719fa6746fb:192.168.157.200:40850, 0200e9fc-e606-40f3-99f6-f4679a9f9c17:192.168.157.200:39966, 34f4c72f-caa0-4a31-bd94-9bdddef36627:192.168.157.200:46004] with ContainerStateMachine:uninitialized
2019-10-11 04:44:03,868 [pool-679-thread-1] INFO  server.RaftServerConfigKeys (ConfUtils.java:logGet(43)) - raft.server.rpc.timeout.min = 5s (custom)
2019-10-11 04:44:03,868 [pool-679-thread-1] INFO  server.RaftServerConfigKeys (ConfUtils.java:logGet(43)) - raft.server.rpc.timeout.max = 5200ms (custom)
2019-10-11 04:44:03,868 [pool-679-thread-1] INFO  server.RaftServerConfigKeys (ConfUtils.java:logGet(43)) - raft.server.rpcslowness.timeout = 120s (custom)
2019-10-11 04:44:03,869 [pool-679-thread-1] INFO  server.RaftServerConfigKeys (ConfUtils.java:logGet(43)) - raft.server.sleep.deviation.threshold = 300 (default)
2019-10-11 04:44:03,869 [pool-679-thread-1] INFO  server.RaftServerConfigKeys (ConfUtils.java:logGet(43)) - raft.server.log.appender.install.snapshot.enabled = false (custom)
2019-10-11 04:44:03,869 [pool-699-thread-1] INFO  impl.RaftServerImpl (RaftServerImpl.java:<init>(95)) - 0200e9fc-e606-40f3-99f6-f4679a9f9c17: new RaftServerImpl for group-B858FA317E63:[243cd881-e4dd-41a2-ae09-8719fa6746fb:192.168.157.200:40850, 0200e9fc-e606-40f3-99f6-f4679a9f9c17:192.168.157.200:39966, 34f4c72f-caa0-4a31-bd94-9bdddef36627:192.168.157.200:46004] with ContainerStateMachine:uninitialized
2019-10-11 04:44:03,869 [pool-679-thread-1] INFO  impl.RaftServerImpl (ServerState.java:<init>(103)) - 243cd881-e4dd-41a2-ae09-8719fa6746fb@group-B858FA317E63: ConfigurationManager, init=-1: [243cd881-e4dd-41a2-ae09-8719fa6746fb:192.168.157.200:40850, 0200e9fc-e606-40f3-99f6-f4679a9f9c17:192.168.157.200:39966, 34f4c72f-caa0-4a31-bd94-9bdddef36627:192.168.157.200:46004], old=null, confs=<EMPTY_MAP>
2019-10-11 04:44:03,869 [pool-699-thread-1] INFO  server.RaftServerConfigKeys (ConfUtils.java:logGet(43)) - raft.server.rpc.timeout.min = 5s (custom)
2019-10-11 04:44:03,870 [pool-699-thread-1] INFO  server.RaftServerConfigKeys (ConfUtils.java:logGet(43)) - raft.server.rpc.timeout.max = 5200ms (custom)
2019-10-11 04:44:03,870 [pool-679-thread-1] INFO  server.RaftServerConfigKeys (ConfUtils.java:logGet(43)) - raft.server.storage.dir = [/workdir/hadoop-ozone/integration-test/target/test-dir/MiniOzoneClusterImpl-b44bfc70-173c-43e3-9456-d6fc7d130422/datanode-0/data/ratis] (custom)
2019-10-11 04:44:03,870 [pool-699-thread-1] INFO  server.RaftServerConfigKeys (ConfUtils.java:logGet(43)) - raft.server.rpcslowness.timeout = 120s (custom)
2019-10-11 04:44:03,870 [pool-699-thread-1] INFO  server.RaftServerConfigKeys (ConfUtils.java:logGet(43)) - raft.server.sleep.deviation.threshold = 300 (default)
2019-10-11 04:44:03,870 [pool-699-thread-1] INFO  server.RaftServerConfigKeys (ConfUtils.java:logGet(43)) - raft.server.log.appender.install.snapshot.enabled = false (custom)
2019-10-11 04:44:03,870 [pool-679-thread-1] INFO  storage.RaftStorageDirectory (RaftStorageDirectory.java:analyzeStorage(246)) - The storage directory /workdir/hadoop-ozone/integration-test/target/test-dir/MiniOzoneClusterImpl-b44bfc70-173c-43e3-9456-d6fc7d130422/datanode-0/data/ratis/17c57d47-216e-4fbb-bc9b-b858fa317e63 does not exist. Creating ...
2019-10-11 04:44:03,870 [pool-699-thread-1] INFO  impl.RaftServerImpl (ServerState.java:<init>(103)) - 0200e9fc-e606-40f3-99f6-f4679a9f9c17@group-B858FA317E63: ConfigurationManager, init=-1: [243cd881-e4dd-41a2-ae09-8719fa6746fb:192.168.157.200:40850, 0200e9fc-e606-40f3-99f6-f4679a9f9c17:192.168.157.200:39966, 34f4c72f-caa0-4a31-bd94-9bdddef36627:192.168.157.200:46004], old=null, confs=<EMPTY_MAP>
2019-10-11 04:44:03,871 [pool-699-thread-1] INFO  server.RaftServerConfigKeys (ConfUtils.java:logGet(43)) - raft.server.storage.dir = [/workdir/hadoop-ozone/integration-test/target/test-dir/MiniOzoneClusterImpl-b44bfc70-173c-43e3-9456-d6fc7d130422/datanode-2/data/ratis] (custom)
2019-10-11 04:44:03,871 [pool-689-thread-1] INFO  impl.RaftServerImpl (RaftServerImpl.java:<init>(95)) - 34f4c72f-caa0-4a31-bd94-9bdddef36627: new RaftServerImpl for group-B858FA317E63:[243cd881-e4dd-41a2-ae09-8719fa6746fb:192.168.157.200:40850, 0200e9fc-e606-40f3-99f6-f4679a9f9c17:192.168.157.200:39966, 34f4c72f-caa0-4a31-bd94-9bdddef36627:192.168.157.200:46004] with ContainerStateMachine:uninitialized
2019-10-11 04:44:03,871 [pool-699-thread-1] INFO  storage.RaftStorageDirectory (RaftStorageDirectory.java:analyzeStorage(246)) - The storage directory /workdir/hadoop-ozone/integration-test/target/test-dir/MiniOzoneClusterImpl-b44bfc70-173c-43e3-9456-d6fc7d130422/datanode-2/data/ratis/17c57d47-216e-4fbb-bc9b-b858fa317e63 does not exist. Creating ...
2019-10-11 04:44:03,871 [pool-689-thread-1] INFO  server.RaftServerConfigKeys (ConfUtils.java:logGet(43)) - raft.server.rpc.timeout.min = 5s (custom)
2019-10-11 04:44:03,871 [pool-689-thread-1] INFO  server.RaftServerConfigKeys (ConfUtils.java:logGet(43)) - raft.server.rpc.timeout.max = 5200ms (custom)
2019-10-11 04:44:03,871 [pool-689-thread-1] INFO  server.RaftServerConfigKeys (ConfUtils.java:logGet(43)) - raft.server.rpcslowness.timeout = 120s (custom)
2019-10-11 04:44:03,871 [pool-689-thread-1] INFO  server.RaftServerConfigKeys (ConfUtils.java:logGet(43)) - raft.server.sleep.deviation.threshold = 300 (default)
2019-10-11 04:44:03,872 [pool-689-thread-1] INFO  server.RaftServerConfigKeys (ConfUtils.java:logGet(43)) - raft.server.log.appender.install.snapshot.enabled = false (custom)
2019-10-11 04:44:03,872 [IPC Server handler 6 on 42181] INFO  net.NetworkTopology (NetworkTopologyImpl.java:add(111)) - Added a new node: /default-rack/a0be1567-3b57-484c-aa98-eeb9bc07b4e0
2019-10-11 04:44:03,872 [pool-689-thread-1] INFO  impl.RaftServerImpl (ServerState.java:<init>(103)) - 34f4c72f-caa0-4a31-bd94-9bdddef36627@group-B858FA317E63: ConfigurationManager, init=-1: [243cd881-e4dd-41a2-ae09-8719fa6746fb:192.168.157.200:40850, 0200e9fc-e606-40f3-99f6-f4679a9f9c17:192.168.157.200:39966, 34f4c72f-caa0-4a31-bd94-9bdddef36627:192.168.157.200:46004], old=null, confs=<EMPTY_MAP>
2019-10-11 04:44:03,872 [IPC Server handler 6 on 42181] INFO  node.SCMNodeManager (SCMNodeManager.java:register(266)) - Registered Data node : a0be1567-3b57-484c-aa98-eeb9bc07b4e0{ip: 192.168.157.200, host: pr-hdds-1569-qjnzd-3726989565, networkLocation: /default-rack, certSerialId: null}
2019-10-11 04:44:03,872 [pool-689-thread-1] INFO  server.RaftServerConfigKeys (ConfUtils.java:logGet(43)) - raft.server.storage.dir = [/workdir/hadoop-ozone/integration-test/target/test-dir/MiniOzoneClusterImpl-b44bfc70-173c-43e3-9456-d6fc7d130422/datanode-1/data/ratis] (custom)
2019-10-11 04:44:03,875 [pool-689-thread-1] INFO  storage.RaftStorageDirectory (RaftStorageDirectory.java:analyzeStorage(246)) - The storage directory /workdir/hadoop-ozone/integration-test/target/test-dir/MiniOzoneClusterImpl-b44bfc70-173c-43e3-9456-d6fc7d130422/datanode-1/data/ratis/17c57d47-216e-4fbb-bc9b-b858fa317e63 does not exist. Creating ...
2019-10-11 04:44:03,876 [pool-679-thread-1] INFO  storage.RaftStorageDirectory (RaftStorageDirectory.java:tryLock(328)) - Lock on /workdir/hadoop-ozone/integration-test/target/test-dir/MiniOzoneClusterImpl-b44bfc70-173c-43e3-9456-d6fc7d130422/datanode-0/data/ratis/17c57d47-216e-4fbb-bc9b-b858fa317e63/in_use.lock acquired by nodename 16509@pr-hdds-1569-qjnzd-3726989565
2019-10-11 04:44:03,876 [pool-699-thread-1] INFO  storage.RaftStorageDirectory (RaftStorageDirectory.java:tryLock(328)) - Lock on /workdir/hadoop-ozone/integration-test/target/test-dir/MiniOzoneClusterImpl-b44bfc70-173c-43e3-9456-d6fc7d130422/datanode-2/data/ratis/17c57d47-216e-4fbb-bc9b-b858fa317e63/in_use.lock acquired by nodename 16509@pr-hdds-1569-qjnzd-3726989565
2019-10-11 04:44:03,880 [pool-689-thread-1] INFO  storage.RaftStorageDirectory (RaftStorageDirectory.java:tryLock(328)) - Lock on /workdir/hadoop-ozone/integration-test/target/test-dir/MiniOzoneClusterImpl-b44bfc70-173c-43e3-9456-d6fc7d130422/datanode-1/data/ratis/17c57d47-216e-4fbb-bc9b-b858fa317e63/in_use.lock acquired by nodename 16509@pr-hdds-1569-qjnzd-3726989565
2019-10-11 04:44:03,881 [pool-679-thread-1] INFO  storage.RaftStorage (RaftStorage.java:format(72)) - Storage directory /workdir/hadoop-ozone/integration-test/target/test-dir/MiniOzoneClusterImpl-b44bfc70-173c-43e3-9456-d6fc7d130422/datanode-0/data/ratis/17c57d47-216e-4fbb-bc9b-b858fa317e63 has been successfully formatted.
2019-10-11 04:44:03,881 [pool-699-thread-1] INFO  storage.RaftStorage (RaftStorage.java:format(72)) - Storage directory /workdir/hadoop-ozone/integration-test/target/test-dir/MiniOzoneClusterImpl-b44bfc70-173c-43e3-9456-d6fc7d130422/datanode-2/data/ratis/17c57d47-216e-4fbb-bc9b-b858fa317e63 has been successfully formatted.
2019-10-11 04:44:03,882 [pool-679-thread-1] INFO  ratis.ContainerStateMachine (ContainerStateMachine.java:loadSnapshot(230)) - group-B858FA317E63: The snapshot info is null. Setting the last applied indexto:(t:0, i:~)
2019-10-11 04:44:03,882 [pool-699-thread-1] INFO  ratis.ContainerStateMachine (ContainerStateMachine.java:loadSnapshot(230)) - group-B858FA317E63: The snapshot info is null. Setting the last applied indexto:(t:0, i:~)
2019-10-11 04:44:03,882 [pool-679-thread-1] INFO  server.RaftServerConfigKeys (ConfUtils.java:logGet(43)) - raft.server.notification.no-leader.timeout = 120s (custom)
2019-10-11 04:44:03,882 [pool-699-thread-1] INFO  server.RaftServerConfigKeys (ConfUtils.java:logGet(43)) - raft.server.notification.no-leader.timeout = 120s (custom)
2019-10-11 04:44:03,882 [pool-679-thread-1] INFO  server.RaftServerConfigKeys (ConfUtils.java:logGet(43)) - raft.server.log.use.memory = false (default)
2019-10-11 04:44:03,882 [pool-699-thread-1] INFO  server.RaftServerConfigKeys (ConfUtils.java:logGet(43)) - raft.server.log.use.memory = false (default)
2019-10-11 04:44:03,882 [pool-679-thread-1] INFO  server.RaftServerConfigKeys (ConfUtils.java:logGet(43)) - raft.server.log.purge.gap = 1000000 (custom)
2019-10-11 04:44:03,882 [pool-699-thread-1] INFO  server.RaftServerConfigKeys (ConfUtils.java:logGet(43)) - raft.server.log.purge.gap = 1000000 (custom)
2019-10-11 04:44:03,883 [pool-679-thread-1] INFO  server.RaftServerConfigKeys (ConfUtils.java:logGet(43)) - raft.server.log.appender.buffer.byte-limit = 33554432 (custom)
2019-10-11 04:44:03,883 [pool-699-thread-1] INFO  server.RaftServerConfigKeys (ConfUtils.java:logGet(43)) - raft.server.log.appender.buffer.byte-limit = 33554432 (custom)
2019-10-11 04:44:03,883 [pool-679-thread-1] INFO  server.RaftServerConfigKeys (ConfUtils.java:logGet(43)) - raft.server.log.segment.size.max = 1048576 (custom)
2019-10-11 04:44:03,883 [pool-699-thread-1] INFO  server.RaftServerConfigKeys (ConfUtils.java:logGet(43)) - raft.server.log.segment.size.max = 1048576 (custom)
2019-10-11 04:44:03,883 [pool-679-thread-1] INFO  server.RaftServerConfigKeys (ConfUtils.java:logGet(43)) - raft.server.log.segment.cache.num.max = 2 (custom)
2019-10-11 04:44:03,883 [pool-699-thread-1] INFO  server.RaftServerConfigKeys (ConfUtils.java:logGet(43)) - raft.server.log.segment.cache.num.max = 2 (custom)
2019-10-11 04:44:03,883 [pool-679-thread-1] INFO  segmented.SegmentedRaftLogWorker (SegmentedRaftLogWorker.java:<init>(172)) - new 243cd881-e4dd-41a2-ae09-8719fa6746fb@group-B858FA317E63-SegmentedRaftLogWorker for RaftStorage:Storage Directory /workdir/hadoop-ozone/integration-test/target/test-dir/MiniOzoneClusterImpl-b44bfc70-173c-43e3-9456-d6fc7d130422/datanode-0/data/ratis/17c57d47-216e-4fbb-bc9b-b858fa317e63
2019-10-11 04:44:03,883 [pool-689-thread-1] INFO  storage.RaftStorage (RaftStorage.java:format(72)) - Storage directory /workdir/hadoop-ozone/integration-test/target/test-dir/MiniOzoneClusterImpl-b44bfc70-173c-43e3-9456-d6fc7d130422/datanode-1/data/ratis/17c57d47-216e-4fbb-bc9b-b858fa317e63 has been successfully formatted.
2019-10-11 04:44:03,883 [pool-699-thread-1] INFO  segmented.SegmentedRaftLogWorker (SegmentedRaftLogWorker.java:<init>(172)) - new 0200e9fc-e606-40f3-99f6-f4679a9f9c17@group-B858FA317E63-SegmentedRaftLogWorker for RaftStorage:Storage Directory /workdir/hadoop-ozone/integration-test/target/test-dir/MiniOzoneClusterImpl-b44bfc70-173c-43e3-9456-d6fc7d130422/datanode-2/data/ratis/17c57d47-216e-4fbb-bc9b-b858fa317e63
2019-10-11 04:44:03,884 [pool-689-thread-1] INFO  ratis.ContainerStateMachine (ContainerStateMachine.java:loadSnapshot(230)) - group-B858FA317E63: The snapshot info is null. Setting the last applied indexto:(t:0, i:~)
2019-10-11 04:44:03,883 [pool-679-thread-1] INFO  server.RaftServerConfigKeys (ConfUtils.java:logGet(43)) - raft.server.log.queue.byte-limit = 2147483647 (custom)
2019-10-11 04:44:03,884 [pool-689-thread-1] INFO  server.RaftServerConfigKeys (ConfUtils.java:logGet(43)) - raft.server.notification.no-leader.timeout = 120s (custom)
2019-10-11 04:44:03,884 [pool-699-thread-1] INFO  server.RaftServerConfigKeys (ConfUtils.java:logGet(43)) - raft.server.log.queue.byte-limit = 2147483647 (custom)
2019-10-11 04:44:03,884 [pool-689-thread-1] INFO  server.RaftServerConfigKeys (ConfUtils.java:logGet(43)) - raft.server.log.use.memory = false (default)
2019-10-11 04:44:03,884 [pool-679-thread-1] INFO  server.RaftServerConfigKeys (ConfUtils.java:logGet(43)) - raft.server.log.queue.element-limit = 1024 (custom)
2019-10-11 04:44:03,884 [pool-689-thread-1] INFO  server.RaftServerConfigKeys (ConfUtils.java:logGet(43)) - raft.server.log.purge.gap = 1000000 (custom)
2019-10-11 04:44:03,884 [pool-699-thread-1] INFO  server.RaftServerConfigKeys (ConfUtils.java:logGet(43)) - raft.server.log.queue.element-limit = 1024 (custom)
2019-10-11 04:44:03,884 [pool-689-thread-1] INFO  server.RaftServerConfigKeys (ConfUtils.java:logGet(43)) - raft.server.log.appender.buffer.byte-limit = 33554432 (custom)
2019-10-11 04:44:03,884 [pool-679-thread-1] INFO  server.RaftServerConfigKeys (ConfUtils.java:logGet(43)) - raft.server.log.segment.size.max = 1048576 (custom)
2019-10-11 04:44:03,885 [pool-689-thread-1] INFO  server.RaftServerConfigKeys (ConfUtils.java:logGet(43)) - raft.server.log.segment.size.max = 1048576 (custom)
2019-10-11 04:44:03,885 [pool-699-thread-1] INFO  server.RaftServerConfigKeys (ConfUtils.java:logGet(43)) - raft.server.log.segment.size.max = 1048576 (custom)
2019-10-11 04:44:03,885 [pool-689-thread-1] INFO  server.RaftServerConfigKeys (ConfUtils.java:logGet(43)) - raft.server.log.segment.cache.num.max = 2 (custom)
2019-10-11 04:44:03,885 [pool-679-thread-1] INFO  server.RaftServerConfigKeys (ConfUtils.java:logGet(43)) - raft.server.log.preallocated.size = 16384 (custom)
2019-10-11 04:44:03,885 [pool-689-thread-1] INFO  segmented.SegmentedRaftLogWorker (SegmentedRaftLogWorker.java:<init>(172)) - new 34f4c72f-caa0-4a31-bd94-9bdddef36627@group-B858FA317E63-SegmentedRaftLogWorker for RaftStorage:Storage Directory /workdir/hadoop-ozone/integration-test/target/test-dir/MiniOzoneClusterImpl-b44bfc70-173c-43e3-9456-d6fc7d130422/datanode-1/data/ratis/17c57d47-216e-4fbb-bc9b-b858fa317e63
2019-10-11 04:44:03,885 [pool-699-thread-1] INFO  server.RaftServerConfigKeys (ConfUtils.java:logGet(43)) - raft.server.log.preallocated.size = 16384 (custom)
2019-10-11 04:44:03,885 [pool-689-thread-1] INFO  server.RaftServerConfigKeys (ConfUtils.java:logGet(43)) - raft.server.log.queue.byte-limit = 2147483647 (custom)
2019-10-11 04:44:03,885 [pool-679-thread-1] INFO  server.RaftServerConfigKeys (ConfUtils.java:logGet(43)) - raft.server.log.write.buffer.size = 33554432 (custom)
2019-10-11 04:44:03,886 [pool-689-thread-1] INFO  server.RaftServerConfigKeys (ConfUtils.java:logGet(43)) - raft.server.log.queue.element-limit = 1024 (custom)
2019-10-11 04:44:03,886 [pool-699-thread-1] INFO  server.RaftServerConfigKeys (ConfUtils.java:logGet(43)) - raft.server.log.write.buffer.size = 33554432 (custom)
2019-10-11 04:44:03,886 [pool-689-thread-1] INFO  server.RaftServerConfigKeys (ConfUtils.java:logGet(43)) - raft.server.log.segment.size.max = 1048576 (custom)
2019-10-11 04:44:03,886 [pool-679-thread-1] INFO  server.RaftServerConfigKeys (ConfUtils.java:logGet(43)) - raft.server.log.force.sync.num = 128 (default)
2019-10-11 04:44:03,886 [pool-689-thread-1] INFO  server.RaftServerConfigKeys (ConfUtils.java:logGet(43)) - raft.server.log.preallocated.size = 16384 (custom)
2019-10-11 04:44:03,886 [pool-699-thread-1] INFO  server.RaftServerConfigKeys (ConfUtils.java:logGet(43)) - raft.server.log.force.sync.num = 128 (default)
2019-10-11 04:44:03,886 [pool-689-thread-1] INFO  server.RaftServerConfigKeys (ConfUtils.java:logGet(43)) - raft.server.log.write.buffer.size = 33554432 (custom)
2019-10-11 04:44:03,886 [pool-679-thread-1] INFO  server.RaftServerConfigKeys (ConfUtils.java:logGet(43)) - raft.server.log.statemachine.data.sync = true (default)
2019-10-11 04:44:03,887 [pool-689-thread-1] INFO  server.RaftServerConfigKeys (ConfUtils.java:logGet(43)) - raft.server.log.force.sync.num = 128 (default)
2019-10-11 04:44:03,886 [pool-699-thread-1] INFO  server.RaftServerConfigKeys (ConfUtils.java:logGet(43)) - raft.server.log.statemachine.data.sync = true (default)
2019-10-11 04:44:03,887 [pool-689-thread-1] INFO  server.RaftServerConfigKeys (ConfUtils.java:logGet(43)) - raft.server.log.statemachine.data.sync = true (default)
2019-10-11 04:44:03,887 [pool-679-thread-1] INFO  server.RaftServerConfigKeys (ConfUtils.java:logGet(43)) - raft.server.log.statemachine.data.sync.timeout = 10s (default)
2019-10-11 04:44:03,887 [pool-689-thread-1] INFO  server.RaftServerConfigKeys (ConfUtils.java:logGet(43)) - raft.server.log.statemachine.data.sync.timeout = 10s (default)
2019-10-11 04:44:03,887 [pool-699-thread-1] INFO  server.RaftServerConfigKeys (ConfUtils.java:logGet(43)) - raft.server.log.statemachine.data.sync.timeout = 10s (default)
2019-10-11 04:44:03,887 [pool-689-thread-1] INFO  server.RaftServerConfigKeys (ConfUtils.java:logGet(43)) - raft.server.log.statemachine.data.sync.timeout.retry = -1 (default)
2019-10-11 04:44:03,887 [pool-679-thread-1] INFO  server.RaftServerConfigKeys (ConfUtils.java:logGet(43)) - raft.server.log.statemachine.data.sync.timeout.retry = -1 (default)
2019-10-11 04:44:03,888 [pool-689-thread-1] INFO  server.RaftServerConfigKeys (ConfUtils.java:logGet(43)) - raft.server.log.statemachine.data.caching.enabled = true (custom)
2019-10-11 04:44:03,887 [pool-699-thread-1] INFO  server.RaftServerConfigKeys (ConfUtils.java:logGet(43)) - raft.server.log.statemachine.data.sync.timeout.retry = -1 (default)
2019-10-11 04:44:03,888 [pool-689-thread-1] INFO  segmented.SegmentedRaftLogWorker (SegmentedRaftLogWorker.java:lambda$new$0(132)) - 34f4c72f-caa0-4a31-bd94-9bdddef36627@group-B858FA317E63-SegmentedRaftLogWorker: flushIndex: setUnconditionally 0 -> -1
2019-10-11 04:44:03,888 [pool-679-thread-1] INFO  server.RaftServerConfigKeys (ConfUtils.java:logGet(43)) - raft.server.log.statemachine.data.caching.enabled = true (custom)
2019-10-11 04:44:03,888 [pool-699-thread-1] INFO  server.RaftServerConfigKeys (ConfUtils.java:logGet(43)) - raft.server.log.statemachine.data.caching.enabled = true (custom)
2019-10-11 04:44:03,888 [pool-689-thread-1] INFO  server.RaftServerConfigKeys (ConfUtils.java:logGet(43)) - raft.server.snapshot.auto.trigger.enabled = true (custom)
2019-10-11 04:44:03,888 [pool-679-thread-1] INFO  segmented.SegmentedRaftLogWorker (SegmentedRaftLogWorker.java:lambda$new$0(132)) - 243cd881-e4dd-41a2-ae09-8719fa6746fb@group-B858FA317E63-SegmentedRaftLogWorker: flushIndex: setUnconditionally 0 -> -1
2019-10-11 04:44:03,888 [pool-699-thread-1] INFO  segmented.SegmentedRaftLogWorker (SegmentedRaftLogWorker.java:lambda$new$0(132)) - 0200e9fc-e606-40f3-99f6-f4679a9f9c17@group-B858FA317E63-SegmentedRaftLogWorker: flushIndex: setUnconditionally 0 -> -1
2019-10-11 04:44:03,888 [pool-689-thread-1] INFO  server.RaftServerConfigKeys (ConfUtils.java:logGet(43)) - raft.server.snapshot.auto.trigger.threshold = 10000 (custom)
2019-10-11 04:44:03,889 [pool-679-thread-1] INFO  server.RaftServerConfigKeys (ConfUtils.java:logGet(43)) - raft.server.snapshot.auto.trigger.enabled = true (custom)
2019-10-11 04:44:03,889 [pool-699-thread-1] INFO  server.RaftServerConfigKeys (ConfUtils.java:logGet(43)) - raft.server.snapshot.auto.trigger.enabled = true (custom)
2019-10-11 04:44:03,889 [pool-689-thread-1] INFO  server.RaftServerConfigKeys (ConfUtils.java:logGet(43)) - raft.server.snapshot.retention.num.files = 5 (custom)
2019-10-11 04:44:03,889 [pool-699-thread-1] INFO  server.RaftServerConfigKeys (ConfUtils.java:logGet(43)) - raft.server.snapshot.auto.trigger.threshold = 10000 (custom)
2019-10-11 04:44:03,889 [pool-679-thread-1] INFO  server.RaftServerConfigKeys (ConfUtils.java:logGet(43)) - raft.server.snapshot.auto.trigger.threshold = 10000 (custom)
2019-10-11 04:44:03,889 [pool-699-thread-1] INFO  server.RaftServerConfigKeys (ConfUtils.java:logGet(43)) - raft.server.snapshot.retention.num.files = 5 (custom)
2019-10-11 04:44:03,889 [pool-689-thread-1] INFO  server.RaftServerConfigKeys (ConfUtils.java:logGet(43)) - raft.server.retrycache.expirytime = 600000ms (custom)
2019-10-11 04:44:03,890 [pool-699-thread-1] INFO  server.RaftServerConfigKeys (ConfUtils.java:logGet(43)) - raft.server.retrycache.expirytime = 600000ms (custom)
2019-10-11 04:44:03,889 [pool-679-thread-1] INFO  server.RaftServerConfigKeys (ConfUtils.java:logGet(43)) - raft.server.snapshot.retention.num.files = 5 (custom)
2019-10-11 04:44:03,890 [pool-679-thread-1] INFO  server.RaftServerConfigKeys (ConfUtils.java:logGet(43)) - raft.server.retrycache.expirytime = 600000ms (custom)
2019-10-11 04:44:03,893 [pool-699-thread-1] INFO  impl.RaftServerImpl (RaftServerImpl.java:start(185)) - 0200e9fc-e606-40f3-99f6-f4679a9f9c17@group-B858FA317E63: start as a follower, conf=-1: [243cd881-e4dd-41a2-ae09-8719fa6746fb:192.168.157.200:40850, 0200e9fc-e606-40f3-99f6-f4679a9f9c17:192.168.157.200:39966, 34f4c72f-caa0-4a31-bd94-9bdddef36627:192.168.157.200:46004], old=null
2019-10-11 04:44:03,893 [pool-699-thread-1] INFO  impl.RaftServerImpl (RaftServerImpl.java:setRole(174)) - 0200e9fc-e606-40f3-99f6-f4679a9f9c17@group-B858FA317E63: changes role from      null to FOLLOWER at term 0 for startAsFollower
2019-10-11 04:44:03,893 [pool-699-thread-1] INFO  impl.RoleInfo (RoleInfo.java:updateAndGet(143)) - 0200e9fc-e606-40f3-99f6-f4679a9f9c17: start FollowerState
2019-10-11 04:44:03,894 [pool-689-thread-1] INFO  impl.RaftServerImpl (RaftServerImpl.java:start(185)) - 34f4c72f-caa0-4a31-bd94-9bdddef36627@group-B858FA317E63: start as a follower, conf=-1: [243cd881-e4dd-41a2-ae09-8719fa6746fb:192.168.157.200:40850, 0200e9fc-e606-40f3-99f6-f4679a9f9c17:192.168.157.200:39966, 34f4c72f-caa0-4a31-bd94-9bdddef36627:192.168.157.200:46004], old=null
2019-10-11 04:44:03,894 [pool-699-thread-1] INFO  util.JmxRegister (JmxRegister.java:tryRegister(44)) - Successfully registered JMX Bean with object name Ratis:service=RaftServer,group=group-B858FA317E63,id=0200e9fc-e606-40f3-99f6-f4679a9f9c17
2019-10-11 04:44:03,894 [pool-689-thread-1] INFO  impl.RaftServerImpl (RaftServerImpl.java:setRole(174)) - 34f4c72f-caa0-4a31-bd94-9bdddef36627@group-B858FA317E63: changes role from      null to FOLLOWER at term 0 for startAsFollower
2019-10-11 04:44:03,894 [pool-679-thread-1] INFO  impl.RaftServerImpl (RaftServerImpl.java:start(185)) - 243cd881-e4dd-41a2-ae09-8719fa6746fb@group-B858FA317E63: start as a follower, conf=-1: [243cd881-e4dd-41a2-ae09-8719fa6746fb:192.168.157.200:40850, 0200e9fc-e606-40f3-99f6-f4679a9f9c17:192.168.157.200:39966, 34f4c72f-caa0-4a31-bd94-9bdddef36627:192.168.157.200:46004], old=null
2019-10-11 04:44:03,894 [pool-689-thread-1] INFO  impl.RoleInfo (RoleInfo.java:updateAndGet(143)) - 34f4c72f-caa0-4a31-bd94-9bdddef36627: start FollowerState
2019-10-11 04:44:03,894 [pool-679-thread-1] INFO  impl.RaftServerImpl (RaftServerImpl.java:setRole(174)) - 243cd881-e4dd-41a2-ae09-8719fa6746fb@group-B858FA317E63: changes role from      null to FOLLOWER at term 0 for startAsFollower
2019-10-11 04:44:03,895 [pool-679-thread-1] INFO  impl.RoleInfo (RoleInfo.java:updateAndGet(143)) - 243cd881-e4dd-41a2-ae09-8719fa6746fb: start FollowerState
2019-10-11 04:44:03,895 [pool-689-thread-1] INFO  util.JmxRegister (JmxRegister.java:tryRegister(44)) - Successfully registered JMX Bean with object name Ratis:service=RaftServer,group=group-B858FA317E63,id=34f4c72f-caa0-4a31-bd94-9bdddef36627
2019-10-11 04:44:03,895 [pool-679-thread-1] INFO  util.JmxRegister (JmxRegister.java:tryRegister(44)) - Successfully registered JMX Bean with object name Ratis:service=RaftServer,group=group-B858FA317E63,id=243cd881-e4dd-41a2-ae09-8719fa6746fb
2019-10-11 04:44:03,912 [RatisPipelineUtilsThread] INFO  pipeline.PipelineStateManager (PipelineStateManager.java:addPipeline(56)) - Created pipeline Pipeline[ Id: 17c57d47-216e-4fbb-bc9b-b858fa317e63, Nodes: 243cd881-e4dd-41a2-ae09-8719fa6746fb{ip: 192.168.157.200, host: pr-hdds-1569-qjnzd-3726989565, networkLocation: /default-rack, certSerialId: null}34f4c72f-caa0-4a31-bd94-9bdddef36627{ip: 192.168.157.200, host: pr-hdds-1569-qjnzd-3726989565, networkLocation: /default-rack, certSerialId: null}0200e9fc-e606-40f3-99f6-f4679a9f9c17{ip: 192.168.157.200, host: pr-hdds-1569-qjnzd-3726989565, networkLocation: /default-rack, certSerialId: null}, Type:RATIS, Factor:THREE, State:OPEN]
2019-10-11 04:44:03,919 [grpc-default-executor-20] INFO  impl.RaftServerProxy (RaftServerProxy.java:addNew(89)) - 34f4c72f-caa0-4a31-bd94-9bdddef36627: addNew group-DAE4C164D582:[0200e9fc-e606-40f3-99f6-f4679a9f9c17:192.168.157.200:39966, a0be1567-3b57-484c-aa98-eeb9bc07b4e0:192.168.157.200:45492, 34f4c72f-caa0-4a31-bd94-9bdddef36627:192.168.157.200:46004] returns group-DAE4C164D582:java.util.concurrent.CompletableFuture@570051b7[Not completed]
2019-10-11 04:44:03,920 [grpc-default-executor-26] INFO  impl.RaftServerProxy (RaftServerProxy.java:addNew(89)) - 0200e9fc-e606-40f3-99f6-f4679a9f9c17: addNew group-DAE4C164D582:[0200e9fc-e606-40f3-99f6-f4679a9f9c17:192.168.157.200:39966, a0be1567-3b57-484c-aa98-eeb9bc07b4e0:192.168.157.200:45492, 34f4c72f-caa0-4a31-bd94-9bdddef36627:192.168.157.200:46004] returns group-DAE4C164D582:java.util.concurrent.CompletableFuture@1c8b899c[Not completed]
2019-10-11 04:44:03,922 [grpc-default-executor-27] INFO  impl.RaftServerProxy (RaftServerProxy.java:addNew(89)) - a0be1567-3b57-484c-aa98-eeb9bc07b4e0: addNew group-DAE4C164D582:[0200e9fc-e606-40f3-99f6-f4679a9f9c17:192.168.157.200:39966, a0be1567-3b57-484c-aa98-eeb9bc07b4e0:192.168.157.200:45492, 34f4c72f-caa0-4a31-bd94-9bdddef36627:192.168.157.200:46004] returns group-DAE4C164D582:java.util.concurrent.CompletableFuture@1963da4a[Not completed]
2019-10-11 04:44:03,923 [pool-689-thread-1] INFO  impl.RaftServerImpl (RaftServerImpl.java:<init>(95)) - 34f4c72f-caa0-4a31-bd94-9bdddef36627: new RaftServerImpl for group-DAE4C164D582:[0200e9fc-e606-40f3-99f6-f4679a9f9c17:192.168.157.200:39966, a0be1567-3b57-484c-aa98-eeb9bc07b4e0:192.168.157.200:45492, 34f4c72f-caa0-4a31-bd94-9bdddef36627:192.168.157.200:46004] with ContainerStateMachine:uninitialized
2019-10-11 04:44:03,924 [pool-689-thread-1] INFO  server.RaftServerConfigKeys (ConfUtils.java:logGet(43)) - raft.server.rpc.timeout.min = 5s (custom)
2019-10-11 04:44:03,924 [pool-689-thread-1] INFO  server.RaftServerConfigKeys (ConfUtils.java:logGet(43)) - raft.server.rpc.timeout.max = 5200ms (custom)
2019-10-11 04:44:03,924 [pool-719-thread-1] INFO  impl.RaftServerImpl (RaftServerImpl.java:<init>(95)) - a0be1567-3b57-484c-aa98-eeb9bc07b4e0: new RaftServerImpl for group-DAE4C164D582:[0200e9fc-e606-40f3-99f6-f4679a9f9c17:192.168.157.200:39966, a0be1567-3b57-484c-aa98-eeb9bc07b4e0:192.168.157.200:45492, 34f4c72f-caa0-4a31-bd94-9bdddef36627:192.168.157.200:46004] with ContainerStateMachine:uninitialized
2019-10-11 04:44:03,924 [pool-689-thread-1] INFO  server.RaftServerConfigKeys (ConfUtils.java:logGet(43)) - raft.server.rpcslowness.timeout = 120s (custom)
2019-10-11 04:44:03,924 [pool-719-thread-1] INFO  server.RaftServerConfigKeys (ConfUtils.java:logGet(43)) - raft.server.rpc.timeout.min = 5s (custom)
2019-10-11 04:44:03,924 [pool-689-thread-1] INFO  server.RaftServerConfigKeys (ConfUtils.java:logGet(43)) - raft.server.sleep.deviation.threshold = 300 (default)
2019-10-11 04:44:03,924 [pool-719-thread-1] INFO  server.RaftServerConfigKeys (ConfUtils.java:logGet(43)) - raft.server.rpc.timeout.max = 5200ms (custom)
2019-10-11 04:44:03,924 [pool-689-thread-1] INFO  server.RaftServerConfigKeys (ConfUtils.java:logGet(43)) - raft.server.log.appender.install.snapshot.enabled = false (custom)
2019-10-11 04:44:03,924 [pool-699-thread-1] INFO  impl.RaftServerImpl (RaftServerImpl.java:<init>(95)) - 0200e9fc-e606-40f3-99f6-f4679a9f9c17: new RaftServerImpl for group-DAE4C164D582:[0200e9fc-e606-40f3-99f6-f4679a9f9c17:192.168.157.200:39966, a0be1567-3b57-484c-aa98-eeb9bc07b4e0:192.168.157.200:45492, 34f4c72f-caa0-4a31-bd94-9bdddef36627:192.168.157.200:46004] with ContainerStateMachine:uninitialized
2019-10-11 04:44:03,925 [pool-689-thread-1] INFO  impl.RaftServerImpl (ServerState.java:<init>(103)) - 34f4c72f-caa0-4a31-bd94-9bdddef36627@group-DAE4C164D582: ConfigurationManager, init=-1: [0200e9fc-e606-40f3-99f6-f4679a9f9c17:192.168.157.200:39966, a0be1567-3b57-484c-aa98-eeb9bc07b4e0:192.168.157.200:45492, 34f4c72f-caa0-4a31-bd94-9bdddef36627:192.168.157.200:46004], old=null, confs=<EMPTY_MAP>
2019-10-11 04:44:03,925 [pool-719-thread-1] INFO  server.RaftServerConfigKeys (ConfUtils.java:logGet(43)) - raft.server.rpcslowness.timeout = 120s (custom)
2019-10-11 04:44:03,925 [pool-689-thread-1] INFO  server.RaftServerConfigKeys (ConfUtils.java:logGet(43)) - raft.server.storage.dir = [/workdir/hadoop-ozone/integration-test/target/test-dir/MiniOzoneClusterImpl-b44bfc70-173c-43e3-9456-d6fc7d130422/datanode-1/data/ratis] (custom)
2019-10-11 04:44:03,925 [pool-699-thread-1] INFO  server.RaftServerConfigKeys (ConfUtils.java:logGet(43)) - raft.server.rpc.timeout.min = 5s (custom)
2019-10-11 04:44:03,925 [pool-719-thread-1] INFO  server.RaftServerConfigKeys (ConfUtils.java:logGet(43)) - raft.server.sleep.deviation.threshold = 300 (default)
2019-10-11 04:44:03,925 [pool-699-thread-1] INFO  server.RaftServerConfigKeys (ConfUtils.java:logGet(43)) - raft.server.rpc.timeout.max = 5200ms (custom)
2019-10-11 04:44:03,925 [pool-689-thread-1] INFO  storage.RaftStorageDirectory (RaftStorageDirectory.java:analyzeStorage(246)) - The storage directory /workdir/hadoop-ozone/integration-test/target/test-dir/MiniOzoneClusterImpl-b44bfc70-173c-43e3-9456-d6fc7d130422/datanode-1/data/ratis/bc8c6126-9840-4ee1-86ce-dae4c164d582 does not exist. Creating ...
2019-10-11 04:44:03,925 [pool-719-thread-1] INFO  server.RaftServerConfigKeys (ConfUtils.java:logGet(43)) - raft.server.log.appender.install.snapshot.enabled = false (custom)
2019-10-11 04:44:03,926 [pool-699-thread-1] INFO  server.RaftServerConfigKeys (ConfUtils.java:logGet(43)) - raft.server.rpcslowness.timeout = 120s (custom)
2019-10-11 04:44:03,926 [pool-719-thread-1] INFO  impl.RaftServerImpl (ServerState.java:<init>(103)) - a0be1567-3b57-484c-aa98-eeb9bc07b4e0@group-DAE4C164D582: ConfigurationManager, init=-1: [0200e9fc-e606-40f3-99f6-f4679a9f9c17:192.168.157.200:39966, a0be1567-3b57-484c-aa98-eeb9bc07b4e0:192.168.157.200:45492, 34f4c72f-caa0-4a31-bd94-9bdddef36627:192.168.157.200:46004], old=null, confs=<EMPTY_MAP>
2019-10-11 04:44:03,926 [pool-699-thread-1] INFO  server.RaftServerConfigKeys (ConfUtils.java:logGet(43)) - raft.server.sleep.deviation.threshold = 300 (default)
2019-10-11 04:44:03,926 [pool-719-thread-1] INFO  server.RaftServerConfigKeys (ConfUtils.java:logGet(43)) - raft.server.storage.dir = [/workdir/hadoop-ozone/integration-test/target/test-dir/MiniOzoneClusterImpl-b44bfc70-173c-43e3-9456-d6fc7d130422/datanode-4/data/ratis] (custom)
2019-10-11 04:44:03,926 [pool-699-thread-1] INFO  server.RaftServerConfigKeys (ConfUtils.java:logGet(43)) - raft.server.log.appender.install.snapshot.enabled = false (custom)
2019-10-11 04:44:03,926 [pool-699-thread-1] INFO  impl.RaftServerImpl (ServerState.java:<init>(103)) - 0200e9fc-e606-40f3-99f6-f4679a9f9c17@group-DAE4C164D582: ConfigurationManager, init=-1: [0200e9fc-e606-40f3-99f6-f4679a9f9c17:192.168.157.200:39966, a0be1567-3b57-484c-aa98-eeb9bc07b4e0:192.168.157.200:45492, 34f4c72f-caa0-4a31-bd94-9bdddef36627:192.168.157.200:46004], old=null, confs=<EMPTY_MAP>
2019-10-11 04:44:03,926 [pool-719-thread-1] INFO  storage.RaftStorageDirectory (RaftStorageDirectory.java:analyzeStorage(246)) - The storage directory /workdir/hadoop-ozone/integration-test/target/test-dir/MiniOzoneClusterImpl-b44bfc70-173c-43e3-9456-d6fc7d130422/datanode-4/data/ratis/bc8c6126-9840-4ee1-86ce-dae4c164d582 does not exist. Creating ...
2019-10-11 04:44:03,926 [pool-699-thread-1] INFO  server.RaftServerConfigKeys (ConfUtils.java:logGet(43)) - raft.server.storage.dir = [/workdir/hadoop-ozone/integration-test/target/test-dir/MiniOzoneClusterImpl-b44bfc70-173c-43e3-9456-d6fc7d130422/datanode-2/data/ratis] (custom)
2019-10-11 04:44:03,927 [pool-699-thread-1] INFO  storage.RaftStorageDirectory (RaftStorageDirectory.java:analyzeStorage(246)) - The storage directory /workdir/hadoop-ozone/integration-test/target/test-dir/MiniOzoneClusterImpl-b44bfc70-173c-43e3-9456-d6fc7d130422/datanode-2/data/ratis/bc8c6126-9840-4ee1-86ce-dae4c164d582 does not exist. Creating ...
2019-10-11 04:44:03,938 [IPC Server handler 2 on 42181] INFO  net.NetworkTopology (NetworkTopologyImpl.java:add(111)) - Added a new node: /default-rack/279ed7c7-79fc-45b0-972c-b02df9246810
2019-10-11 04:44:03,938 [IPC Server handler 2 on 42181] INFO  node.SCMNodeManager (SCMNodeManager.java:register(266)) - Registered Data node : 279ed7c7-79fc-45b0-972c-b02df9246810{ip: 192.168.157.200, host: pr-hdds-1569-qjnzd-3726989565, networkLocation: /default-rack, certSerialId: null}
2019-10-11 04:44:03,939 [pool-719-thread-1] INFO  storage.RaftStorageDirectory (RaftStorageDirectory.java:tryLock(328)) - Lock on /workdir/hadoop-ozone/integration-test/target/test-dir/MiniOzoneClusterImpl-b44bfc70-173c-43e3-9456-d6fc7d130422/datanode-4/data/ratis/bc8c6126-9840-4ee1-86ce-dae4c164d582/in_use.lock acquired by nodename 16509@pr-hdds-1569-qjnzd-3726989565
2019-10-11 04:44:03,939 [pool-689-thread-1] INFO  storage.RaftStorageDirectory (RaftStorageDirectory.java:tryLock(328)) - Lock on /workdir/hadoop-ozone/integration-test/target/test-dir/MiniOzoneClusterImpl-b44bfc70-173c-43e3-9456-d6fc7d130422/datanode-1/data/ratis/bc8c6126-9840-4ee1-86ce-dae4c164d582/in_use.lock acquired by nodename 16509@pr-hdds-1569-qjnzd-3726989565
2019-10-11 04:44:03,939 [pool-699-thread-1] INFO  storage.RaftStorageDirectory (RaftStorageDirectory.java:tryLock(328)) - Lock on /workdir/hadoop-ozone/integration-test/target/test-dir/MiniOzoneClusterImpl-b44bfc70-173c-43e3-9456-d6fc7d130422/datanode-2/data/ratis/bc8c6126-9840-4ee1-86ce-dae4c164d582/in_use.lock acquired by nodename 16509@pr-hdds-1569-qjnzd-3726989565
2019-10-11 04:44:03,959 [pool-699-thread-1] INFO  storage.RaftStorage (RaftStorage.java:format(72)) - Storage directory /workdir/hadoop-ozone/integration-test/target/test-dir/MiniOzoneClusterImpl-b44bfc70-173c-43e3-9456-d6fc7d130422/datanode-2/data/ratis/bc8c6126-9840-4ee1-86ce-dae4c164d582 has been successfully formatted.
2019-10-11 04:44:03,959 [pool-719-thread-1] INFO  storage.RaftStorage (RaftStorage.java:format(72)) - Storage directory /workdir/hadoop-ozone/integration-test/target/test-dir/MiniOzoneClusterImpl-b44bfc70-173c-43e3-9456-d6fc7d130422/datanode-4/data/ratis/bc8c6126-9840-4ee1-86ce-dae4c164d582 has been successfully formatted.
2019-10-11 04:44:03,959 [pool-689-thread-1] INFO  storage.RaftStorage (RaftStorage.java:format(72)) - Storage directory /workdir/hadoop-ozone/integration-test/target/test-dir/MiniOzoneClusterImpl-b44bfc70-173c-43e3-9456-d6fc7d130422/datanode-1/data/ratis/bc8c6126-9840-4ee1-86ce-dae4c164d582 has been successfully formatted.
2019-10-11 04:44:03,960 [pool-719-thread-1] INFO  ratis.ContainerStateMachine (ContainerStateMachine.java:loadSnapshot(230)) - group-DAE4C164D582: The snapshot info is null. Setting the last applied indexto:(t:0, i:~)
2019-10-11 04:44:03,960 [pool-689-thread-1] INFO  ratis.ContainerStateMachine (ContainerStateMachine.java:loadSnapshot(230)) - group-DAE4C164D582: The snapshot info is null. Setting the last applied indexto:(t:0, i:~)
2019-10-11 04:44:03,959 [pool-699-thread-1] INFO  ratis.ContainerStateMachine (ContainerStateMachine.java:loadSnapshot(230)) - group-DAE4C164D582: The snapshot info is null. Setting the last applied indexto:(t:0, i:~)
2019-10-11 04:44:03,960 [pool-689-thread-1] INFO  server.RaftServerConfigKeys (ConfUtils.java:logGet(43)) - raft.server.notification.no-leader.timeout = 120s (custom)
2019-10-11 04:44:03,960 [pool-719-thread-1] INFO  server.RaftServerConfigKeys (ConfUtils.java:logGet(43)) - raft.server.notification.no-leader.timeout = 120s (custom)
2019-10-11 04:44:03,960 [pool-689-thread-1] INFO  server.RaftServerConfigKeys (ConfUtils.java:logGet(43)) - raft.server.log.use.memory = false (default)
2019-10-11 04:44:03,960 [pool-699-thread-1] INFO  server.RaftServerConfigKeys (ConfUtils.java:logGet(43)) - raft.server.notification.no-leader.timeout = 120s (custom)
2019-10-11 04:44:03,960 [pool-689-thread-1] INFO  server.RaftServerConfigKeys (ConfUtils.java:logGet(43)) - raft.server.log.purge.gap = 1000000 (custom)
2019-10-11 04:44:03,960 [pool-719-thread-1] INFO  server.RaftServerConfigKeys (ConfUtils.java:logGet(43)) - raft.server.log.use.memory = false (default)
2019-10-11 04:44:03,961 [pool-689-thread-1] INFO  server.RaftServerConfigKeys (ConfUtils.java:logGet(43)) - raft.server.log.appender.buffer.byte-limit = 33554432 (custom)
2019-10-11 04:44:03,961 [pool-699-thread-1] INFO  server.RaftServerConfigKeys (ConfUtils.java:logGet(43)) - raft.server.log.use.memory = false (default)
2019-10-11 04:44:03,961 [pool-689-thread-1] INFO  server.RaftServerConfigKeys (ConfUtils.java:logGet(43)) - raft.server.log.segment.size.max = 1048576 (custom)
2019-10-11 04:44:03,961 [pool-719-thread-1] INFO  server.RaftServerConfigKeys (ConfUtils.java:logGet(43)) - raft.server.log.purge.gap = 1000000 (custom)
2019-10-11 04:44:03,961 [pool-689-thread-1] INFO  server.RaftServerConfigKeys (ConfUtils.java:logGet(43)) - raft.server.log.segment.cache.num.max = 2 (custom)
2019-10-11 04:44:03,961 [pool-699-thread-1] INFO  server.RaftServerConfigKeys (ConfUtils.java:logGet(43)) - raft.server.log.purge.gap = 1000000 (custom)
2019-10-11 04:44:03,962 [pool-689-thread-1] INFO  segmented.SegmentedRaftLogWorker (SegmentedRaftLogWorker.java:<init>(172)) - new 34f4c72f-caa0-4a31-bd94-9bdddef36627@group-DAE4C164D582-SegmentedRaftLogWorker for RaftStorage:Storage Directory /workdir/hadoop-ozone/integration-test/target/test-dir/MiniOzoneClusterImpl-b44bfc70-173c-43e3-9456-d6fc7d130422/datanode-1/data/ratis/bc8c6126-9840-4ee1-86ce-dae4c164d582
2019-10-11 04:44:03,961 [pool-719-thread-1] INFO  server.RaftServerConfigKeys (ConfUtils.java:logGet(43)) - raft.server.log.appender.buffer.byte-limit = 33554432 (custom)
2019-10-11 04:44:03,962 [pool-689-thread-1] INFO  server.RaftServerConfigKeys (ConfUtils.java:logGet(43)) - raft.server.log.queue.byte-limit = 2147483647 (custom)
2019-10-11 04:44:03,962 [pool-699-thread-1] INFO  server.RaftServerConfigKeys (ConfUtils.java:logGet(43)) - raft.server.log.appender.buffer.byte-limit = 33554432 (custom)
2019-10-11 04:44:03,962 [pool-689-thread-1] INFO  server.RaftServerConfigKeys (ConfUtils.java:logGet(43)) - raft.server.log.queue.element-limit = 1024 (custom)
2019-10-11 04:44:03,962 [pool-719-thread-1] INFO  server.RaftServerConfigKeys (ConfUtils.java:logGet(43)) - raft.server.log.segment.size.max = 1048576 (custom)
2019-10-11 04:44:03,962 [pool-689-thread-1] INFO  server.RaftServerConfigKeys (ConfUtils.java:logGet(43)) - raft.server.log.segment.size.max = 1048576 (custom)
2019-10-11 04:44:03,962 [pool-699-thread-1] INFO  server.RaftServerConfigKeys (ConfUtils.java:logGet(43)) - raft.server.log.segment.size.max = 1048576 (custom)
2019-10-11 04:44:03,963 [pool-689-thread-1] INFO  server.RaftServerConfigKeys (ConfUtils.java:logGet(43)) - raft.server.log.preallocated.size = 16384 (custom)
2019-10-11 04:44:03,962 [pool-719-thread-1] INFO  server.RaftServerConfigKeys (ConfUtils.java:logGet(43)) - raft.server.log.segment.cache.num.max = 2 (custom)
2019-10-11 04:44:03,963 [pool-689-thread-1] INFO  server.RaftServerConfigKeys (ConfUtils.java:logGet(43)) - raft.server.log.write.buffer.size = 33554432 (custom)
2019-10-11 04:44:03,963 [pool-699-thread-1] INFO  server.RaftServerConfigKeys (ConfUtils.java:logGet(43)) - raft.server.log.segment.cache.num.max = 2 (custom)
2019-10-11 04:44:03,963 [pool-689-thread-1] INFO  server.RaftServerConfigKeys (ConfUtils.java:logGet(43)) - raft.server.log.force.sync.num = 128 (default)
2019-10-11 04:44:03,963 [pool-719-thread-1] INFO  segmented.SegmentedRaftLogWorker (SegmentedRaftLogWorker.java:<init>(172)) - new a0be1567-3b57-484c-aa98-eeb9bc07b4e0@group-DAE4C164D582-SegmentedRaftLogWorker for RaftStorage:Storage Directory /workdir/hadoop-ozone/integration-test/target/test-dir/MiniOzoneClusterImpl-b44bfc70-173c-43e3-9456-d6fc7d130422/datanode-4/data/ratis/bc8c6126-9840-4ee1-86ce-dae4c164d582
2019-10-11 04:44:03,963 [pool-689-thread-1] INFO  server.RaftServerConfigKeys (ConfUtils.java:logGet(43)) - raft.server.log.statemachine.data.sync = true (default)
2019-10-11 04:44:03,964 [pool-689-thread-1] INFO  server.RaftServerConfigKeys (ConfUtils.java:logGet(43)) - raft.server.log.statemachine.data.sync.timeout = 10s (default)
2019-10-11 04:44:03,963 [pool-699-thread-1] INFO  segmented.SegmentedRaftLogWorker (SegmentedRaftLogWorker.java:<init>(172)) - new 0200e9fc-e606-40f3-99f6-f4679a9f9c17@group-DAE4C164D582-SegmentedRaftLogWorker for RaftStorage:Storage Directory /workdir/hadoop-ozone/integration-test/target/test-dir/MiniOzoneClusterImpl-b44bfc70-173c-43e3-9456-d6fc7d130422/datanode-2/data/ratis/bc8c6126-9840-4ee1-86ce-dae4c164d582
2019-10-11 04:44:03,964 [pool-689-thread-1] INFO  server.RaftServerConfigKeys (ConfUtils.java:logGet(43)) - raft.server.log.statemachine.data.sync.timeout.retry = -1 (default)
2019-10-11 04:44:03,964 [pool-699-thread-1] INFO  server.RaftServerConfigKeys (ConfUtils.java:logGet(43)) - raft.server.log.queue.byte-limit = 2147483647 (custom)
2019-10-11 04:44:03,964 [pool-689-thread-1] INFO  server.RaftServerConfigKeys (ConfUtils.java:logGet(43)) - raft.server.log.statemachine.data.caching.enabled = true (custom)
2019-10-11 04:44:03,964 [pool-699-thread-1] INFO  server.RaftServerConfigKeys (ConfUtils.java:logGet(43)) - raft.server.log.queue.element-limit = 1024 (custom)
2019-10-11 04:44:03,964 [pool-699-thread-1] INFO  server.RaftServerConfigKeys (ConfUtils.java:logGet(43)) - raft.server.log.segment.size.max = 1048576 (custom)
2019-10-11 04:44:03,964 [pool-689-thread-1] INFO  segmented.SegmentedRaftLogWorker (SegmentedRaftLogWorker.java:lambda$new$0(132)) - 34f4c72f-caa0-4a31-bd94-9bdddef36627@group-DAE4C164D582-SegmentedRaftLogWorker: flushIndex: setUnconditionally 0 -> -1
2019-10-11 04:44:03,964 [pool-699-thread-1] INFO  server.RaftServerConfigKeys (ConfUtils.java:logGet(43)) - raft.server.log.preallocated.size = 16384 (custom)
2019-10-11 04:44:03,965 [pool-719-thread-1] INFO  server.RaftServerConfigKeys (ConfUtils.java:logGet(43)) - raft.server.log.queue.byte-limit = 2147483647 (custom)
2019-10-11 04:44:03,965 [pool-689-thread-1] INFO  server.RaftServerConfigKeys (ConfUtils.java:logGet(43)) - raft.server.snapshot.auto.trigger.enabled = true (custom)
2019-10-11 04:44:03,965 [pool-699-thread-1] INFO  server.RaftServerConfigKeys (ConfUtils.java:logGet(43)) - raft.server.log.write.buffer.size = 33554432 (custom)
2019-10-11 04:44:03,965 [pool-689-thread-1] INFO  server.RaftServerConfigKeys (ConfUtils.java:logGet(43)) - raft.server.snapshot.auto.trigger.threshold = 10000 (custom)
2019-10-11 04:44:03,965 [pool-719-thread-1] INFO  server.RaftServerConfigKeys (ConfUtils.java:logGet(43)) - raft.server.log.queue.element-limit = 1024 (custom)
2019-10-11 04:44:03,965 [pool-689-thread-1] INFO  server.RaftServerConfigKeys (ConfUtils.java:logGet(43)) - raft.server.snapshot.retention.num.files = 5 (custom)
2019-10-11 04:44:03,965 [pool-699-thread-1] INFO  server.RaftServerConfigKeys (ConfUtils.java:logGet(43)) - raft.server.log.force.sync.num = 128 (default)
2019-10-11 04:44:03,966 [pool-689-thread-1] INFO  server.RaftServerConfigKeys (ConfUtils.java:logGet(43)) - raft.server.retrycache.expirytime = 600000ms (custom)
2019-10-11 04:44:03,965 [pool-719-thread-1] INFO  server.RaftServerConfigKeys (ConfUtils.java:logGet(43)) - raft.server.log.segment.size.max = 1048576 (custom)
2019-10-11 04:44:03,966 [pool-699-thread-1] INFO  server.RaftServerConfigKeys (ConfUtils.java:logGet(43)) - raft.server.log.statemachine.data.sync = true (default)
2019-10-11 04:44:03,966 [pool-719-thread-1] INFO  server.RaftServerConfigKeys (ConfUtils.java:logGet(43)) - raft.server.log.preallocated.size = 16384 (custom)
2019-10-11 04:44:03,966 [pool-699-thread-1] INFO  server.RaftServerConfigKeys (ConfUtils.java:logGet(43)) - raft.server.log.statemachine.data.sync.timeout = 10s (default)
2019-10-11 04:44:03,966 [pool-719-thread-1] INFO  server.RaftServerConfigKeys (ConfUtils.java:logGet(43)) - raft.server.log.write.buffer.size = 33554432 (custom)
2019-10-11 04:44:03,966 [pool-699-thread-1] INFO  server.RaftServerConfigKeys (ConfUtils.java:logGet(43)) - raft.server.log.statemachine.data.sync.timeout.retry = -1 (default)
2019-10-11 04:44:03,966 [pool-719-thread-1] INFO  server.RaftServerConfigKeys (ConfUtils.java:logGet(43)) - raft.server.log.force.sync.num = 128 (default)
2019-10-11 04:44:03,966 [pool-699-thread-1] INFO  server.RaftServerConfigKeys (ConfUtils.java:logGet(43)) - raft.server.log.statemachine.data.caching.enabled = true (custom)
2019-10-11 04:44:03,967 [pool-719-thread-1] INFO  server.RaftServerConfigKeys (ConfUtils.java:logGet(43)) - raft.server.log.statemachine.data.sync = true (default)
2019-10-11 04:44:03,967 [pool-699-thread-1] INFO  segmented.SegmentedRaftLogWorker (SegmentedRaftLogWorker.java:lambda$new$0(132)) - 0200e9fc-e606-40f3-99f6-f4679a9f9c17@group-DAE4C164D582-SegmentedRaftLogWorker: flushIndex: setUnconditionally 0 -> -1
2019-10-11 04:44:03,967 [pool-719-thread-1] INFO  server.RaftServerConfigKeys (ConfUtils.java:logGet(43)) - raft.server.log.statemachine.data.sync.timeout = 10s (default)
2019-10-11 04:44:03,967 [pool-699-thread-1] INFO  server.RaftServerConfigKeys (ConfUtils.java:logGet(43)) - raft.server.snapshot.auto.trigger.enabled = true (custom)
2019-10-11 04:44:03,967 [pool-719-thread-1] INFO  server.RaftServerConfigKeys (ConfUtils.java:logGet(43)) - raft.server.log.statemachine.data.sync.timeout.retry = -1 (default)
2019-10-11 04:44:03,967 [pool-699-thread-1] INFO  server.RaftServerConfigKeys (ConfUtils.java:logGet(43)) - raft.server.snapshot.auto.trigger.threshold = 10000 (custom)
2019-10-11 04:44:03,967 [pool-699-thread-1] INFO  server.RaftServerConfigKeys (ConfUtils.java:logGet(43)) - raft.server.snapshot.retention.num.files = 5 (custom)
2019-10-11 04:44:03,967 [pool-719-thread-1] INFO  server.RaftServerConfigKeys (ConfUtils.java:logGet(43)) - raft.server.log.statemachine.data.caching.enabled = true (custom)
2019-10-11 04:44:03,967 [pool-699-thread-1] INFO  server.RaftServerConfigKeys (ConfUtils.java:logGet(43)) - raft.server.retrycache.expirytime = 600000ms (custom)
2019-10-11 04:44:03,968 [pool-689-thread-1] INFO  impl.RaftServerImpl (RaftServerImpl.java:start(185)) - 34f4c72f-caa0-4a31-bd94-9bdddef36627@group-DAE4C164D582: start as a follower, conf=-1: [0200e9fc-e606-40f3-99f6-f4679a9f9c17:192.168.157.200:39966, a0be1567-3b57-484c-aa98-eeb9bc07b4e0:192.168.157.200:45492, 34f4c72f-caa0-4a31-bd94-9bdddef36627:192.168.157.200:46004], old=null
2019-10-11 04:44:03,968 [pool-719-thread-1] INFO  segmented.SegmentedRaftLogWorker (SegmentedRaftLogWorker.java:lambda$new$0(132)) - a0be1567-3b57-484c-aa98-eeb9bc07b4e0@group-DAE4C164D582-SegmentedRaftLogWorker: flushIndex: setUnconditionally 0 -> -1
2019-10-11 04:44:03,968 [pool-689-thread-1] INFO  impl.RaftServerImpl (RaftServerImpl.java:setRole(174)) - 34f4c72f-caa0-4a31-bd94-9bdddef36627@group-DAE4C164D582: changes role from      null to FOLLOWER at term 0 for startAsFollower
2019-10-11 04:44:03,968 [pool-689-thread-1] INFO  impl.RoleInfo (RoleInfo.java:updateAndGet(143)) - 34f4c72f-caa0-4a31-bd94-9bdddef36627: start FollowerState
2019-10-11 04:44:03,968 [pool-719-thread-1] INFO  server.RaftServerConfigKeys (ConfUtils.java:logGet(43)) - raft.server.snapshot.auto.trigger.enabled = true (custom)
2019-10-11 04:44:03,968 [pool-719-thread-1] INFO  server.RaftServerConfigKeys (ConfUtils.java:logGet(43)) - raft.server.snapshot.auto.trigger.threshold = 10000 (custom)
2019-10-11 04:44:03,969 [pool-689-thread-1] INFO  util.JmxRegister (JmxRegister.java:tryRegister(44)) - Successfully registered JMX Bean with object name Ratis:service=RaftServer,group=group-DAE4C164D582,id=34f4c72f-caa0-4a31-bd94-9bdddef36627
2019-10-11 04:44:03,969 [pool-699-thread-1] INFO  impl.RaftServerImpl (RaftServerImpl.java:start(185)) - 0200e9fc-e606-40f3-99f6-f4679a9f9c17@group-DAE4C164D582: start as a follower, conf=-1: [0200e9fc-e606-40f3-99f6-f4679a9f9c17:192.168.157.200:39966, a0be1567-3b57-484c-aa98-eeb9bc07b4e0:192.168.157.200:45492, 34f4c72f-caa0-4a31-bd94-9bdddef36627:192.168.157.200:46004], old=null
2019-10-11 04:44:03,969 [pool-719-thread-1] INFO  server.RaftServerConfigKeys (ConfUtils.java:logGet(43)) - raft.server.snapshot.retention.num.files = 5 (custom)
2019-10-11 04:44:03,969 [pool-699-thread-1] INFO  impl.RaftServerImpl (RaftServerImpl.java:setRole(174)) - 0200e9fc-e606-40f3-99f6-f4679a9f9c17@group-DAE4C164D582: changes role from      null to FOLLOWER at term 0 for startAsFollower
2019-10-11 04:44:03,969 [pool-719-thread-1] INFO  server.RaftServerConfigKeys (ConfUtils.java:logGet(43)) - raft.server.retrycache.expirytime = 600000ms (custom)
2019-10-11 04:44:03,969 [pool-699-thread-1] INFO  impl.RoleInfo (RoleInfo.java:updateAndGet(143)) - 0200e9fc-e606-40f3-99f6-f4679a9f9c17: start FollowerState
2019-10-11 04:44:03,970 [pool-699-thread-1] INFO  util.JmxRegister (JmxRegister.java:tryRegister(44)) - Successfully registered JMX Bean with object name Ratis:service=RaftServer,group=group-DAE4C164D582,id=0200e9fc-e606-40f3-99f6-f4679a9f9c17
2019-10-11 04:44:03,971 [pool-719-thread-1] INFO  impl.RaftServerImpl (RaftServerImpl.java:start(185)) - a0be1567-3b57-484c-aa98-eeb9bc07b4e0@group-DAE4C164D582: start as a follower, conf=-1: [0200e9fc-e606-40f3-99f6-f4679a9f9c17:192.168.157.200:39966, a0be1567-3b57-484c-aa98-eeb9bc07b4e0:192.168.157.200:45492, 34f4c72f-caa0-4a31-bd94-9bdddef36627:192.168.157.200:46004], old=null
2019-10-11 04:44:03,971 [pool-719-thread-1] INFO  impl.RaftServerImpl (RaftServerImpl.java:setRole(174)) - a0be1567-3b57-484c-aa98-eeb9bc07b4e0@group-DAE4C164D582: changes role from      null to FOLLOWER at term 0 for startAsFollower
2019-10-11 04:44:03,971 [pool-719-thread-1] INFO  impl.RoleInfo (RoleInfo.java:updateAndGet(143)) - a0be1567-3b57-484c-aa98-eeb9bc07b4e0: start FollowerState
2019-10-11 04:44:03,972 [pool-719-thread-1] INFO  util.JmxRegister (JmxRegister.java:tryRegister(44)) - Successfully registered JMX Bean with object name Ratis:service=RaftServer,group=group-DAE4C164D582,id=a0be1567-3b57-484c-aa98-eeb9bc07b4e0
2019-10-11 04:44:03,973 [RatisPipelineUtilsThread] INFO  pipeline.PipelineStateManager (PipelineStateManager.java:addPipeline(56)) - Created pipeline Pipeline[ Id: bc8c6126-9840-4ee1-86ce-dae4c164d582, Nodes: 34f4c72f-caa0-4a31-bd94-9bdddef36627{ip: 192.168.157.200, host: pr-hdds-1569-qjnzd-3726989565, networkLocation: /default-rack, certSerialId: null}0200e9fc-e606-40f3-99f6-f4679a9f9c17{ip: 192.168.157.200, host: pr-hdds-1569-qjnzd-3726989565, networkLocation: /default-rack, certSerialId: null}a0be1567-3b57-484c-aa98-eeb9bc07b4e0{ip: 192.168.157.200, host: pr-hdds-1569-qjnzd-3726989565, networkLocation: /default-rack, certSerialId: null}, Type:RATIS, Factor:THREE, State:OPEN]
2019-10-11 04:44:03,983 [grpc-default-executor-27] INFO  impl.RaftServerProxy (RaftServerProxy.java:addNew(89)) - a0be1567-3b57-484c-aa98-eeb9bc07b4e0: addNew group-CC3CFD0FB125:[279ed7c7-79fc-45b0-972c-b02df9246810:192.168.157.200:35749, 0200e9fc-e606-40f3-99f6-f4679a9f9c17:192.168.157.200:39966, a0be1567-3b57-484c-aa98-eeb9bc07b4e0:192.168.157.200:45492] returns group-CC3CFD0FB125:java.util.concurrent.CompletableFuture@66941bfc[Not completed]
2019-10-11 04:44:03,986 [grpc-default-executor-26] INFO  impl.RaftServerProxy (RaftServerProxy.java:addNew(89)) - 279ed7c7-79fc-45b0-972c-b02df9246810: addNew group-CC3CFD0FB125:[279ed7c7-79fc-45b0-972c-b02df9246810:192.168.157.200:35749, 0200e9fc-e606-40f3-99f6-f4679a9f9c17:192.168.157.200:39966, a0be1567-3b57-484c-aa98-eeb9bc07b4e0:192.168.157.200:45492] returns group-CC3CFD0FB125:java.util.concurrent.CompletableFuture@382e7e03[Not completed]
2019-10-11 04:44:03,986 [grpc-default-executor-20] INFO  impl.RaftServerProxy (RaftServerProxy.java:addNew(89)) - 0200e9fc-e606-40f3-99f6-f4679a9f9c17: addNew group-CC3CFD0FB125:[279ed7c7-79fc-45b0-972c-b02df9246810:192.168.157.200:35749, 0200e9fc-e606-40f3-99f6-f4679a9f9c17:192.168.157.200:39966, a0be1567-3b57-484c-aa98-eeb9bc07b4e0:192.168.157.200:45492] returns group-CC3CFD0FB125:java.util.concurrent.CompletableFuture@5cae5cc4[Not completed]
2019-10-11 04:44:03,987 [pool-719-thread-1] INFO  impl.RaftServerImpl (RaftServerImpl.java:<init>(95)) - a0be1567-3b57-484c-aa98-eeb9bc07b4e0: new RaftServerImpl for group-CC3CFD0FB125:[279ed7c7-79fc-45b0-972c-b02df9246810:192.168.157.200:35749, 0200e9fc-e606-40f3-99f6-f4679a9f9c17:192.168.157.200:39966, a0be1567-3b57-484c-aa98-eeb9bc07b4e0:192.168.157.200:45492] with ContainerStateMachine:uninitialized
2019-10-11 04:44:03,987 [pool-719-thread-1] INFO  server.RaftServerConfigKeys (ConfUtils.java:logGet(43)) - raft.server.rpc.timeout.min = 5s (custom)
2019-10-11 04:44:03,987 [pool-719-thread-1] INFO  server.RaftServerConfigKeys (ConfUtils.java:logGet(43)) - raft.server.rpc.timeout.max = 5200ms (custom)
2019-10-11 04:44:03,988 [pool-719-thread-1] INFO  server.RaftServerConfigKeys (ConfUtils.java:logGet(43)) - raft.server.rpcslowness.timeout = 120s (custom)
2019-10-11 04:44:03,988 [pool-719-thread-1] INFO  server.RaftServerConfigKeys (ConfUtils.java:logGet(43)) - raft.server.sleep.deviation.threshold = 300 (default)
2019-10-11 04:44:03,988 [pool-729-thread-1] INFO  impl.RaftServerImpl (RaftServerImpl.java:<init>(95)) - 279ed7c7-79fc-45b0-972c-b02df9246810: new RaftServerImpl for group-CC3CFD0FB125:[279ed7c7-79fc-45b0-972c-b02df9246810:192.168.157.200:35749, 0200e9fc-e606-40f3-99f6-f4679a9f9c17:192.168.157.200:39966, a0be1567-3b57-484c-aa98-eeb9bc07b4e0:192.168.157.200:45492] with ContainerStateMachine:uninitialized
2019-10-11 04:44:03,988 [pool-719-thread-1] INFO  server.RaftServerConfigKeys (ConfUtils.java:logGet(43)) - raft.server.log.appender.install.snapshot.enabled = false (custom)
2019-10-11 04:44:03,988 [pool-699-thread-1] INFO  impl.RaftServerImpl (RaftServerImpl.java:<init>(95)) - 0200e9fc-e606-40f3-99f6-f4679a9f9c17: new RaftServerImpl for group-CC3CFD0FB125:[279ed7c7-79fc-45b0-972c-b02df9246810:192.168.157.200:35749, 0200e9fc-e606-40f3-99f6-f4679a9f9c17:192.168.157.200:39966, a0be1567-3b57-484c-aa98-eeb9bc07b4e0:192.168.157.200:45492] with ContainerStateMachine:uninitialized
2019-10-11 04:44:03,988 [pool-729-thread-1] INFO  server.RaftServerConfigKeys (ConfUtils.java:logGet(43)) - raft.server.rpc.timeout.min = 5s (custom)
2019-10-11 04:44:03,988 [pool-699-thread-1] INFO  server.RaftServerConfigKeys (ConfUtils.java:logGet(43)) - raft.server.rpc.timeout.min = 5s (custom)
2019-10-11 04:44:03,988 [pool-719-thread-1] INFO  impl.RaftServerImpl (ServerState.java:<init>(103)) - a0be1567-3b57-484c-aa98-eeb9bc07b4e0@group-CC3CFD0FB125: ConfigurationManager, init=-1: [279ed7c7-79fc-45b0-972c-b02df9246810:192.168.157.200:35749, 0200e9fc-e606-40f3-99f6-f4679a9f9c17:192.168.157.200:39966, a0be1567-3b57-484c-aa98-eeb9bc07b4e0:192.168.157.200:45492], old=null, confs=<EMPTY_MAP>
2019-10-11 04:44:03,988 [pool-699-thread-1] INFO  server.RaftServerConfigKeys (ConfUtils.java:logGet(43)) - raft.server.rpc.timeout.max = 5200ms (custom)
2019-10-11 04:44:03,988 [pool-729-thread-1] INFO  server.RaftServerConfigKeys (ConfUtils.java:logGet(43)) - raft.server.rpc.timeout.max = 5200ms (custom)
2019-10-11 04:44:03,989 [pool-699-thread-1] INFO  server.RaftServerConfigKeys (ConfUtils.java:logGet(43)) - raft.server.rpcslowness.timeout = 120s (custom)
2019-10-11 04:44:03,989 [pool-719-thread-1] INFO  server.RaftServerConfigKeys (ConfUtils.java:logGet(43)) - raft.server.storage.dir = [/workdir/hadoop-ozone/integration-test/target/test-dir/MiniOzoneClusterImpl-b44bfc70-173c-43e3-9456-d6fc7d130422/datanode-4/data/ratis] (custom)
2019-10-11 04:44:03,989 [pool-699-thread-1] INFO  server.RaftServerConfigKeys (ConfUtils.java:logGet(43)) - raft.server.sleep.deviation.threshold = 300 (default)
2019-10-11 04:44:03,989 [pool-729-thread-1] INFO  server.RaftServerConfigKeys (ConfUtils.java:logGet(43)) - raft.server.rpcslowness.timeout = 120s (custom)
2019-10-11 04:44:03,989 [pool-699-thread-1] INFO  server.RaftServerConfigKeys (ConfUtils.java:logGet(43)) - raft.server.log.appender.install.snapshot.enabled = false (custom)
2019-10-11 04:44:03,989 [pool-729-thread-1] INFO  server.RaftServerConfigKeys (ConfUtils.java:logGet(43)) - raft.server.sleep.deviation.threshold = 300 (default)
2019-10-11 04:44:03,989 [pool-699-thread-1] INFO  impl.RaftServerImpl (ServerState.java:<init>(103)) - 0200e9fc-e606-40f3-99f6-f4679a9f9c17@group-CC3CFD0FB125: ConfigurationManager, init=-1: [279ed7c7-79fc-45b0-972c-b02df9246810:192.168.157.200:35749, 0200e9fc-e606-40f3-99f6-f4679a9f9c17:192.168.157.200:39966, a0be1567-3b57-484c-aa98-eeb9bc07b4e0:192.168.157.200:45492], old=null, confs=<EMPTY_MAP>
2019-10-11 04:44:03,989 [pool-719-thread-1] INFO  storage.RaftStorageDirectory (RaftStorageDirectory.java:analyzeStorage(246)) - The storage directory /workdir/hadoop-ozone/integration-test/target/test-dir/MiniOzoneClusterImpl-b44bfc70-173c-43e3-9456-d6fc7d130422/datanode-4/data/ratis/7f8a96a0-940c-42af-ba65-cc3cfd0fb125 does not exist. Creating ...
2019-10-11 04:44:03,989 [pool-699-thread-1] INFO  server.RaftServerConfigKeys (ConfUtils.java:logGet(43)) - raft.server.storage.dir = [/workdir/hadoop-ozone/integration-test/target/test-dir/MiniOzoneClusterImpl-b44bfc70-173c-43e3-9456-d6fc7d130422/datanode-2/data/ratis] (custom)
2019-10-11 04:44:03,989 [pool-729-thread-1] INFO  server.RaftServerConfigKeys (ConfUtils.java:logGet(43)) - raft.server.log.appender.install.snapshot.enabled = false (custom)
2019-10-11 04:44:03,990 [pool-729-thread-1] INFO  impl.RaftServerImpl (ServerState.java:<init>(103)) - 279ed7c7-79fc-45b0-972c-b02df9246810@group-CC3CFD0FB125: ConfigurationManager, init=-1: [279ed7c7-79fc-45b0-972c-b02df9246810:192.168.157.200:35749, 0200e9fc-e606-40f3-99f6-f4679a9f9c17:192.168.157.200:39966, a0be1567-3b57-484c-aa98-eeb9bc07b4e0:192.168.157.200:45492], old=null, confs=<EMPTY_MAP>
2019-10-11 04:44:03,990 [pool-699-thread-1] INFO  storage.RaftStorageDirectory (RaftStorageDirectory.java:analyzeStorage(246)) - The storage directory /workdir/hadoop-ozone/integration-test/target/test-dir/MiniOzoneClusterImpl-b44bfc70-173c-43e3-9456-d6fc7d130422/datanode-2/data/ratis/7f8a96a0-940c-42af-ba65-cc3cfd0fb125 does not exist. Creating ...
2019-10-11 04:44:03,990 [pool-729-thread-1] INFO  server.RaftServerConfigKeys (ConfUtils.java:logGet(43)) - raft.server.storage.dir = [/workdir/hadoop-ozone/integration-test/target/test-dir/MiniOzoneClusterImpl-b44bfc70-173c-43e3-9456-d6fc7d130422/datanode-5/data/ratis] (custom)
2019-10-11 04:44:03,990 [pool-729-thread-1] INFO  storage.RaftStorageDirectory (RaftStorageDirectory.java:analyzeStorage(246)) - The storage directory /workdir/hadoop-ozone/integration-test/target/test-dir/MiniOzoneClusterImpl-b44bfc70-173c-43e3-9456-d6fc7d130422/datanode-5/data/ratis/7f8a96a0-940c-42af-ba65-cc3cfd0fb125 does not exist. Creating ...
2019-10-11 04:44:03,994 [IPC Server handler 3 on 42181] INFO  net.NetworkTopology (NetworkTopologyImpl.java:add(111)) - Added a new node: /default-rack/07b09b2a-058b-4435-973b-23995b5e66c4
2019-10-11 04:44:03,994 [IPC Server handler 3 on 42181] INFO  node.SCMNodeManager (SCMNodeManager.java:register(266)) - Registered Data node : 07b09b2a-058b-4435-973b-23995b5e66c4{ip: 192.168.157.200, host: pr-hdds-1569-qjnzd-3726989565, networkLocation: /default-rack, certSerialId: null}
2019-10-11 04:44:03,995 [main] INFO  ozone.MiniOzoneClusterImpl (MiniOzoneClusterImpl.java:lambda$waitForClusterToBeReady$0(147)) - Cluster is ready. Got 7 of 7 DN Heartbeats.
2019-10-11 04:44:04,008 [pool-729-thread-1] INFO  storage.RaftStorageDirectory (RaftStorageDirectory.java:tryLock(328)) - Lock on /workdir/hadoop-ozone/integration-test/target/test-dir/MiniOzoneClusterImpl-b44bfc70-173c-43e3-9456-d6fc7d130422/datanode-5/data/ratis/7f8a96a0-940c-42af-ba65-cc3cfd0fb125/in_use.lock acquired by nodename 16509@pr-hdds-1569-qjnzd-3726989565
2019-10-11 04:44:04,008 [pool-719-thread-1] INFO  storage.RaftStorageDirectory (RaftStorageDirectory.java:tryLock(328)) - Lock on /workdir/hadoop-ozone/integration-test/target/test-dir/MiniOzoneClusterImpl-b44bfc70-173c-43e3-9456-d6fc7d130422/datanode-4/data/ratis/7f8a96a0-940c-42af-ba65-cc3cfd0fb125/in_use.lock acquired by nodename 16509@pr-hdds-1569-qjnzd-3726989565
2019-10-11 04:44:04,008 [pool-699-thread-1] INFO  storage.RaftStorageDirectory (RaftStorageDirectory.java:tryLock(328)) - Lock on /workdir/hadoop-ozone/integration-test/target/test-dir/MiniOzoneClusterImpl-b44bfc70-173c-43e3-9456-d6fc7d130422/datanode-2/data/ratis/7f8a96a0-940c-42af-ba65-cc3cfd0fb125/in_use.lock acquired by nodename 16509@pr-hdds-1569-qjnzd-3726989565
2019-10-11 04:44:04,031 [pool-719-thread-1] INFO  storage.RaftStorage (RaftStorage.java:format(72)) - Storage directory /workdir/hadoop-ozone/integration-test/target/test-dir/MiniOzoneClusterImpl-b44bfc70-173c-43e3-9456-d6fc7d130422/datanode-4/data/ratis/7f8a96a0-940c-42af-ba65-cc3cfd0fb125 has been successfully formatted.
2019-10-11 04:44:04,031 [pool-729-thread-1] INFO  storage.RaftStorage (RaftStorage.java:format(72)) - Storage directory /workdir/hadoop-ozone/integration-test/target/test-dir/MiniOzoneClusterImpl-b44bfc70-173c-43e3-9456-d6fc7d130422/datanode-5/data/ratis/7f8a96a0-940c-42af-ba65-cc3cfd0fb125 has been successfully formatted.
2019-10-11 04:44:04,031 [pool-699-thread-1] INFO  storage.RaftStorage (RaftStorage.java:format(72)) - Storage directory /workdir/hadoop-ozone/integration-test/target/test-dir/MiniOzoneClusterImpl-b44bfc70-173c-43e3-9456-d6fc7d130422/datanode-2/data/ratis/7f8a96a0-940c-42af-ba65-cc3cfd0fb125 has been successfully formatted.
2019-10-11 04:44:04,031 [pool-719-thread-1] INFO  ratis.ContainerStateMachine (ContainerStateMachine.java:loadSnapshot(230)) - group-CC3CFD0FB125: The snapshot info is null. Setting the last applied indexto:(t:0, i:~)
2019-10-11 04:44:04,031 [pool-699-thread-1] INFO  ratis.ContainerStateMachine (ContainerStateMachine.java:loadSnapshot(230)) - group-CC3CFD0FB125: The snapshot info is null. Setting the last applied indexto:(t:0, i:~)
2019-10-11 04:44:04,031 [pool-729-thread-1] INFO  ratis.ContainerStateMachine (ContainerStateMachine.java:loadSnapshot(230)) - group-CC3CFD0FB125: The snapshot info is null. Setting the last applied indexto:(t:0, i:~)
2019-10-11 04:44:04,031 [pool-699-thread-1] INFO  server.RaftServerConfigKeys (ConfUtils.java:logGet(43)) - raft.server.notification.no-leader.timeout = 120s (custom)
2019-10-11 04:44:04,031 [pool-719-thread-1] INFO  server.RaftServerConfigKeys (ConfUtils.java:logGet(43)) - raft.server.notification.no-leader.timeout = 120s (custom)
2019-10-11 04:44:04,032 [pool-699-thread-1] INFO  server.RaftServerConfigKeys (ConfUtils.java:logGet(43)) - raft.server.log.use.memory = false (default)
2019-10-11 04:44:04,031 [pool-729-thread-1] INFO  server.RaftServerConfigKeys (ConfUtils.java:logGet(43)) - raft.server.notification.no-leader.timeout = 120s (custom)
2019-10-11 04:44:04,032 [pool-699-thread-1] INFO  server.RaftServerConfigKeys (ConfUtils.java:logGet(43)) - raft.server.log.purge.gap = 1000000 (custom)
2019-10-11 04:44:04,032 [pool-719-thread-1] INFO  server.RaftServerConfigKeys (ConfUtils.java:logGet(43)) - raft.server.log.use.memory = false (default)
2019-10-11 04:44:04,032 [pool-699-thread-1] INFO  server.RaftServerConfigKeys (ConfUtils.java:logGet(43)) - raft.server.log.appender.buffer.byte-limit = 33554432 (custom)
2019-10-11 04:44:04,032 [pool-729-thread-1] INFO  server.RaftServerConfigKeys (ConfUtils.java:logGet(43)) - raft.server.log.use.memory = false (default)
2019-10-11 04:44:04,032 [pool-699-thread-1] INFO  server.RaftServerConfigKeys (ConfUtils.java:logGet(43)) - raft.server.log.segment.size.max = 1048576 (custom)
2019-10-11 04:44:04,032 [pool-719-thread-1] INFO  server.RaftServerConfigKeys (ConfUtils.java:logGet(43)) - raft.server.log.purge.gap = 1000000 (custom)
2019-10-11 04:44:04,032 [pool-699-thread-1] INFO  server.RaftServerConfigKeys (ConfUtils.java:logGet(43)) - raft.server.log.segment.cache.num.max = 2 (custom)
2019-10-11 04:44:04,032 [pool-729-thread-1] INFO  server.RaftServerConfigKeys (ConfUtils.java:logGet(43)) - raft.server.log.purge.gap = 1000000 (custom)
2019-10-11 04:44:04,033 [pool-699-thread-1] INFO  segmented.SegmentedRaftLogWorker (SegmentedRaftLogWorker.java:<init>(172)) - new 0200e9fc-e606-40f3-99f6-f4679a9f9c17@group-CC3CFD0FB125-SegmentedRaftLogWorker for RaftStorage:Storage Directory /workdir/hadoop-ozone/integration-test/target/test-dir/MiniOzoneClusterImpl-b44bfc70-173c-43e3-9456-d6fc7d130422/datanode-2/data/ratis/7f8a96a0-940c-42af-ba65-cc3cfd0fb125
2019-10-11 04:44:04,033 [pool-719-thread-1] INFO  server.RaftServerConfigKeys (ConfUtils.java:logGet(43)) - raft.server.log.appender.buffer.byte-limit = 33554432 (custom)
2019-10-11 04:44:04,033 [pool-699-thread-1] INFO  server.RaftServerConfigKeys (ConfUtils.java:logGet(43)) - raft.server.log.queue.byte-limit = 2147483647 (custom)
2019-10-11 04:44:04,033 [pool-729-thread-1] INFO  server.RaftServerConfigKeys (ConfUtils.java:logGet(43)) - raft.server.log.appender.buffer.byte-limit = 33554432 (custom)
2019-10-11 04:44:04,033 [pool-699-thread-1] INFO  server.RaftServerConfigKeys (ConfUtils.java:logGet(43)) - raft.server.log.queue.element-limit = 1024 (custom)
2019-10-11 04:44:04,033 [pool-719-thread-1] INFO  server.RaftServerConfigKeys (ConfUtils.java:logGet(43)) - raft.server.log.segment.size.max = 1048576 (custom)
2019-10-11 04:44:04,033 [pool-699-thread-1] INFO  server.RaftServerConfigKeys (ConfUtils.java:logGet(43)) - raft.server.log.segment.size.max = 1048576 (custom)
2019-10-11 04:44:04,033 [pool-729-thread-1] INFO  server.RaftServerConfigKeys (ConfUtils.java:logGet(43)) - raft.server.log.segment.size.max = 1048576 (custom)
2019-10-11 04:44:04,033 [pool-699-thread-1] INFO  server.RaftServerConfigKeys (ConfUtils.java:logGet(43)) - raft.server.log.preallocated.size = 16384 (custom)
2019-10-11 04:44:04,033 [pool-719-thread-1] INFO  server.RaftServerConfigKeys (ConfUtils.java:logGet(43)) - raft.server.log.segment.cache.num.max = 2 (custom)
2019-10-11 04:44:04,034 [pool-699-thread-1] INFO  server.RaftServerConfigKeys (ConfUtils.java:logGet(43)) - raft.server.log.write.buffer.size = 33554432 (custom)
2019-10-11 04:44:04,034 [pool-729-thread-1] INFO  server.RaftServerConfigKeys (ConfUtils.java:logGet(43)) - raft.server.log.segment.cache.num.max = 2 (custom)
2019-10-11 04:44:04,034 [pool-699-thread-1] INFO  server.RaftServerConfigKeys (ConfUtils.java:logGet(43)) - raft.server.log.force.sync.num = 128 (default)
2019-10-11 04:44:04,034 [pool-719-thread-1] INFO  segmented.SegmentedRaftLogWorker (SegmentedRaftLogWorker.java:<init>(172)) - new a0be1567-3b57-484c-aa98-eeb9bc07b4e0@group-CC3CFD0FB125-SegmentedRaftLogWorker for RaftStorage:Storage Directory /workdir/hadoop-ozone/integration-test/target/test-dir/MiniOzoneClusterImpl-b44bfc70-173c-43e3-9456-d6fc7d130422/datanode-4/data/ratis/7f8a96a0-940c-42af-ba65-cc3cfd0fb125
2019-10-11 04:44:04,034 [pool-699-thread-1] INFO  server.RaftServerConfigKeys (ConfUtils.java:logGet(43)) - raft.server.log.statemachine.data.sync = true (default)
2019-10-11 04:44:04,034 [pool-729-thread-1] INFO  segmented.SegmentedRaftLogWorker (SegmentedRaftLogWorker.java:<init>(172)) - new 279ed7c7-79fc-45b0-972c-b02df9246810@group-CC3CFD0FB125-SegmentedRaftLogWorker for RaftStorage:Storage Directory /workdir/hadoop-ozone/integration-test/target/test-dir/MiniOzoneClusterImpl-b44bfc70-173c-43e3-9456-d6fc7d130422/datanode-5/data/ratis/7f8a96a0-940c-42af-ba65-cc3cfd0fb125
2019-10-11 04:44:04,034 [pool-699-thread-1] INFO  server.RaftServerConfigKeys (ConfUtils.java:logGet(43)) - raft.server.log.statemachine.data.sync.timeout = 10s (default)
2019-10-11 04:44:04,034 [pool-719-thread-1] INFO  server.RaftServerConfigKeys (ConfUtils.java:logGet(43)) - raft.server.log.queue.byte-limit = 2147483647 (custom)
2019-10-11 04:44:04,035 [pool-699-thread-1] INFO  server.RaftServerConfigKeys (ConfUtils.java:logGet(43)) - raft.server.log.statemachine.data.sync.timeout.retry = -1 (default)
2019-10-11 04:44:04,035 [pool-719-thread-1] INFO  server.RaftServerConfigKeys (ConfUtils.java:logGet(43)) - raft.server.log.queue.element-limit = 1024 (custom)
2019-10-11 04:44:04,035 [pool-699-thread-1] INFO  server.RaftServerConfigKeys (ConfUtils.java:logGet(43)) - raft.server.log.statemachine.data.caching.enabled = true (custom)
2019-10-11 04:44:04,035 [pool-719-thread-1] INFO  server.RaftServerConfigKeys (ConfUtils.java:logGet(43)) - raft.server.log.segment.size.max = 1048576 (custom)
2019-10-11 04:44:04,035 [pool-719-thread-1] INFO  server.RaftServerConfigKeys (ConfUtils.java:logGet(43)) - raft.server.log.preallocated.size = 16384 (custom)
2019-10-11 04:44:04,035 [pool-719-thread-1] INFO  server.RaftServerConfigKeys (ConfUtils.java:logGet(43)) - raft.server.log.write.buffer.size = 33554432 (custom)
2019-10-11 04:44:04,035 [pool-699-thread-1] INFO  segmented.SegmentedRaftLogWorker (SegmentedRaftLogWorker.java:lambda$new$0(132)) - 0200e9fc-e606-40f3-99f6-f4679a9f9c17@group-CC3CFD0FB125-SegmentedRaftLogWorker: flushIndex: setUnconditionally 0 -> -1
2019-10-11 04:44:04,035 [pool-719-thread-1] INFO  server.RaftServerConfigKeys (ConfUtils.java:logGet(43)) - raft.server.log.force.sync.num = 128 (default)
2019-10-11 04:44:04,036 [pool-719-thread-1] INFO  server.RaftServerConfigKeys (ConfUtils.java:logGet(43)) - raft.server.log.statemachine.data.sync = true (default)
2019-10-11 04:44:04,036 [pool-699-thread-1] INFO  server.RaftServerConfigKeys (ConfUtils.java:logGet(43)) - raft.server.snapshot.auto.trigger.enabled = true (custom)
2019-10-11 04:44:04,036 [pool-719-thread-1] INFO  server.RaftServerConfigKeys (ConfUtils.java:logGet(43)) - raft.server.log.statemachine.data.sync.timeout = 10s (default)
2019-10-11 04:44:04,036 [pool-699-thread-1] INFO  server.RaftServerConfigKeys (ConfUtils.java:logGet(43)) - raft.server.snapshot.auto.trigger.threshold = 10000 (custom)
2019-10-11 04:44:04,036 [pool-719-thread-1] INFO  server.RaftServerConfigKeys (ConfUtils.java:logGet(43)) - raft.server.log.statemachine.data.sync.timeout.retry = -1 (default)
2019-10-11 04:44:04,036 [pool-699-thread-1] INFO  server.RaftServerConfigKeys (ConfUtils.java:logGet(43)) - raft.server.snapshot.retention.num.files = 5 (custom)
2019-10-11 04:44:04,036 [pool-719-thread-1] INFO  server.RaftServerConfigKeys (ConfUtils.java:logGet(43)) - raft.server.log.statemachine.data.caching.enabled = true (custom)
2019-10-11 04:44:04,036 [pool-699-thread-1] INFO  server.RaftServerConfigKeys (ConfUtils.java:logGet(43)) - raft.server.retrycache.expirytime = 600000ms (custom)
2019-10-11 04:44:04,036 [pool-719-thread-1] INFO  segmented.SegmentedRaftLogWorker (SegmentedRaftLogWorker.java:lambda$new$0(132)) - a0be1567-3b57-484c-aa98-eeb9bc07b4e0@group-CC3CFD0FB125-SegmentedRaftLogWorker: flushIndex: setUnconditionally 0 -> -1
2019-10-11 04:44:04,037 [pool-729-thread-1] INFO  server.RaftServerConfigKeys (ConfUtils.java:logGet(43)) - raft.server.log.queue.byte-limit = 2147483647 (custom)
2019-10-11 04:44:04,037 [pool-719-thread-1] INFO  server.RaftServerConfigKeys (ConfUtils.java:logGet(43)) - raft.server.snapshot.auto.trigger.enabled = true (custom)
2019-10-11 04:44:04,037 [pool-729-thread-1] INFO  server.RaftServerConfigKeys (ConfUtils.java:logGet(43)) - raft.server.log.queue.element-limit = 1024 (custom)
2019-10-11 04:44:04,037 [pool-719-thread-1] INFO  server.RaftServerConfigKeys (ConfUtils.java:logGet(43)) - raft.server.snapshot.auto.trigger.threshold = 10000 (custom)
2019-10-11 04:44:04,037 [pool-729-thread-1] INFO  server.RaftServerConfigKeys (ConfUtils.java:logGet(43)) - raft.server.log.segment.size.max = 1048576 (custom)
2019-10-11 04:44:04,037 [pool-719-thread-1] INFO  server.RaftServerConfigKeys (ConfUtils.java:logGet(43)) - raft.server.snapshot.retention.num.files = 5 (custom)
2019-10-11 04:44:04,037 [pool-729-thread-1] INFO  server.RaftServerConfigKeys (ConfUtils.java:logGet(43)) - raft.server.log.preallocated.size = 16384 (custom)
2019-10-11 04:44:04,037 [pool-719-thread-1] INFO  server.RaftServerConfigKeys (ConfUtils.java:logGet(43)) - raft.server.retrycache.expirytime = 600000ms (custom)
2019-10-11 04:44:04,037 [main] INFO  rpc.RpcClient (RpcClient.java:createVolume(276)) - Creating Volume: testblockoutputstream, with jenkins1000 as owner.
2019-10-11 04:44:04,037 [pool-729-thread-1] INFO  server.RaftServerConfigKeys (ConfUtils.java:logGet(43)) - raft.server.log.write.buffer.size = 33554432 (custom)
2019-10-11 04:44:04,038 [pool-729-thread-1] INFO  server.RaftServerConfigKeys (ConfUtils.java:logGet(43)) - raft.server.log.force.sync.num = 128 (default)
2019-10-11 04:44:04,038 [pool-699-thread-1] INFO  impl.RaftServerImpl (RaftServerImpl.java:start(185)) - 0200e9fc-e606-40f3-99f6-f4679a9f9c17@group-CC3CFD0FB125: start as a follower, conf=-1: [279ed7c7-79fc-45b0-972c-b02df9246810:192.168.157.200:35749, 0200e9fc-e606-40f3-99f6-f4679a9f9c17:192.168.157.200:39966, a0be1567-3b57-484c-aa98-eeb9bc07b4e0:192.168.157.200:45492], old=null
2019-10-11 04:44:04,038 [pool-729-thread-1] INFO  server.RaftServerConfigKeys (ConfUtils.java:logGet(43)) - raft.server.log.statemachine.data.sync = true (default)
2019-10-11 04:44:04,038 [pool-699-thread-1] INFO  impl.RaftServerImpl (RaftServerImpl.java:setRole(174)) - 0200e9fc-e606-40f3-99f6-f4679a9f9c17@group-CC3CFD0FB125: changes role from      null to FOLLOWER at term 0 for startAsFollower
2019-10-11 04:44:04,038 [pool-729-thread-1] INFO  server.RaftServerConfigKeys (ConfUtils.java:logGet(43)) - raft.server.log.statemachine.data.sync.timeout = 10s (default)
2019-10-11 04:44:04,038 [pool-699-thread-1] INFO  impl.RoleInfo (RoleInfo.java:updateAndGet(143)) - 0200e9fc-e606-40f3-99f6-f4679a9f9c17: start FollowerState
2019-10-11 04:44:04,038 [pool-729-thread-1] INFO  server.RaftServerConfigKeys (ConfUtils.java:logGet(43)) - raft.server.log.statemachine.data.sync.timeout.retry = -1 (default)
2019-10-11 04:44:04,039 [pool-719-thread-1] INFO  impl.RaftServerImpl (RaftServerImpl.java:start(185)) - a0be1567-3b57-484c-aa98-eeb9bc07b4e0@group-CC3CFD0FB125: start as a follower, conf=-1: [279ed7c7-79fc-45b0-972c-b02df9246810:192.168.157.200:35749, 0200e9fc-e606-40f3-99f6-f4679a9f9c17:192.168.157.200:39966, a0be1567-3b57-484c-aa98-eeb9bc07b4e0:192.168.157.200:45492], old=null
2019-10-11 04:44:04,039 [pool-719-thread-1] INFO  impl.RaftServerImpl (RaftServerImpl.java:setRole(174)) - a0be1567-3b57-484c-aa98-eeb9bc07b4e0@group-CC3CFD0FB125: changes role from      null to FOLLOWER at term 0 for startAsFollower
2019-10-11 04:44:04,039 [pool-729-thread-1] INFO  server.RaftServerConfigKeys (ConfUtils.java:logGet(43)) - raft.server.log.statemachine.data.caching.enabled = true (custom)
2019-10-11 04:44:04,039 [pool-699-thread-1] INFO  util.JmxRegister (JmxRegister.java:tryRegister(44)) - Successfully registered JMX Bean with object name Ratis:service=RaftServer,group=group-CC3CFD0FB125,id=0200e9fc-e606-40f3-99f6-f4679a9f9c17
2019-10-11 04:44:04,039 [pool-719-thread-1] INFO  impl.RoleInfo (RoleInfo.java:updateAndGet(143)) - a0be1567-3b57-484c-aa98-eeb9bc07b4e0: start FollowerState
2019-10-11 04:44:04,039 [pool-729-thread-1] INFO  segmented.SegmentedRaftLogWorker (SegmentedRaftLogWorker.java:lambda$new$0(132)) - 279ed7c7-79fc-45b0-972c-b02df9246810@group-CC3CFD0FB125-SegmentedRaftLogWorker: flushIndex: setUnconditionally 0 -> -1
2019-10-11 04:44:04,039 [pool-719-thread-1] INFO  util.JmxRegister (JmxRegister.java:tryRegister(44)) - Successfully registered JMX Bean with object name Ratis:service=RaftServer,group=group-CC3CFD0FB125,id=a0be1567-3b57-484c-aa98-eeb9bc07b4e0
2019-10-11 04:44:04,040 [pool-729-thread-1] INFO  server.RaftServerConfigKeys (ConfUtils.java:logGet(43)) - raft.server.snapshot.auto.trigger.enabled = true (custom)
2019-10-11 04:44:04,040 [pool-729-thread-1] INFO  server.RaftServerConfigKeys (ConfUtils.java:logGet(43)) - raft.server.snapshot.auto.trigger.threshold = 10000 (custom)
2019-10-11 04:44:04,040 [pool-729-thread-1] INFO  server.RaftServerConfigKeys (ConfUtils.java:logGet(43)) - raft.server.snapshot.retention.num.files = 5 (custom)
2019-10-11 04:44:04,040 [pool-729-thread-1] INFO  server.RaftServerConfigKeys (ConfUtils.java:logGet(43)) - raft.server.retrycache.expirytime = 600000ms (custom)
2019-10-11 04:44:04,042 [pool-729-thread-1] INFO  impl.RaftServerImpl (RaftServerImpl.java:start(185)) - 279ed7c7-79fc-45b0-972c-b02df9246810@group-CC3CFD0FB125: start as a follower, conf=-1: [279ed7c7-79fc-45b0-972c-b02df9246810:192.168.157.200:35749, 0200e9fc-e606-40f3-99f6-f4679a9f9c17:192.168.157.200:39966, a0be1567-3b57-484c-aa98-eeb9bc07b4e0:192.168.157.200:45492], old=null
2019-10-11 04:44:04,042 [pool-729-thread-1] INFO  impl.RaftServerImpl (RaftServerImpl.java:setRole(174)) - 279ed7c7-79fc-45b0-972c-b02df9246810@group-CC3CFD0FB125: changes role from      null to FOLLOWER at term 0 for startAsFollower
2019-10-11 04:44:04,042 [pool-729-thread-1] INFO  impl.RoleInfo (RoleInfo.java:updateAndGet(143)) - 279ed7c7-79fc-45b0-972c-b02df9246810: start FollowerState
2019-10-11 04:44:04,042 [pool-729-thread-1] INFO  util.JmxRegister (JmxRegister.java:tryRegister(44)) - Successfully registered JMX Bean with object name Ratis:service=RaftServer,group=group-CC3CFD0FB125,id=279ed7c7-79fc-45b0-972c-b02df9246810
2019-10-11 04:44:04,043 [IPC Server handler 3 on 42280] INFO  volume.OMVolumeCreateRequest (OMVolumeCreateRequest.java:validateAndUpdateCache(189)) - created volume:testblockoutputstream for user:jenkins1000
2019-10-11 04:44:04,044 [RatisPipelineUtilsThread] INFO  pipeline.PipelineStateManager (PipelineStateManager.java:addPipeline(56)) - Created pipeline Pipeline[ Id: 7f8a96a0-940c-42af-ba65-cc3cfd0fb125, Nodes: 0200e9fc-e606-40f3-99f6-f4679a9f9c17{ip: 192.168.157.200, host: pr-hdds-1569-qjnzd-3726989565, networkLocation: /default-rack, certSerialId: null}279ed7c7-79fc-45b0-972c-b02df9246810{ip: 192.168.157.200, host: pr-hdds-1569-qjnzd-3726989565, networkLocation: /default-rack, certSerialId: null}a0be1567-3b57-484c-aa98-eeb9bc07b4e0{ip: 192.168.157.200, host: pr-hdds-1569-qjnzd-3726989565, networkLocation: /default-rack, certSerialId: null}, Type:RATIS, Factor:THREE, State:OPEN]
2019-10-11 04:44:04,064 [main] INFO  rpc.RpcClient (RpcClient.java:createBucket(415)) - Creating Bucket: testblockoutputstream/testblockoutputstream, with Versioning false and Storage Type set to DISK and Encryption set to false 
2019-10-11 04:44:04,074 [grpc-default-executor-20] INFO  impl.RaftServerProxy (RaftServerProxy.java:addNew(89)) - 279ed7c7-79fc-45b0-972c-b02df9246810: addNew group-F6D21F3B4CB1:[279ed7c7-79fc-45b0-972c-b02df9246810:192.168.157.200:35749, 0200e9fc-e606-40f3-99f6-f4679a9f9c17:192.168.157.200:39966, a0be1567-3b57-484c-aa98-eeb9bc07b4e0:192.168.157.200:45492] returns group-F6D21F3B4CB1:java.util.concurrent.CompletableFuture@e768904[Not completed]
2019-10-11 04:44:04,074 [grpc-default-executor-27] INFO  impl.RaftServerProxy (RaftServerProxy.java:addNew(89)) - a0be1567-3b57-484c-aa98-eeb9bc07b4e0: addNew group-F6D21F3B4CB1:[279ed7c7-79fc-45b0-972c-b02df9246810:192.168.157.200:35749, 0200e9fc-e606-40f3-99f6-f4679a9f9c17:192.168.157.200:39966, a0be1567-3b57-484c-aa98-eeb9bc07b4e0:192.168.157.200:45492] returns group-F6D21F3B4CB1:java.util.concurrent.CompletableFuture@258f469a[Not completed]
2019-10-11 04:44:04,075 [grpc-default-executor-26] INFO  impl.RaftServerProxy (RaftServerProxy.java:addNew(89)) - 0200e9fc-e606-40f3-99f6-f4679a9f9c17: addNew group-F6D21F3B4CB1:[279ed7c7-79fc-45b0-972c-b02df9246810:192.168.157.200:35749, 0200e9fc-e606-40f3-99f6-f4679a9f9c17:192.168.157.200:39966, a0be1567-3b57-484c-aa98-eeb9bc07b4e0:192.168.157.200:45492] returns group-F6D21F3B4CB1:java.util.concurrent.CompletableFuture@7404de54[Not completed]
2019-10-11 04:44:04,076 [pool-729-thread-1] INFO  impl.RaftServerImpl (RaftServerImpl.java:<init>(95)) - 279ed7c7-79fc-45b0-972c-b02df9246810: new RaftServerImpl for group-F6D21F3B4CB1:[279ed7c7-79fc-45b0-972c-b02df9246810:192.168.157.200:35749, 0200e9fc-e606-40f3-99f6-f4679a9f9c17:192.168.157.200:39966, a0be1567-3b57-484c-aa98-eeb9bc07b4e0:192.168.157.200:45492] with ContainerStateMachine:uninitialized
2019-10-11 04:44:04,076 [pool-729-thread-1] INFO  server.RaftServerConfigKeys (ConfUtils.java:logGet(43)) - raft.server.rpc.timeout.min = 5s (custom)
2019-10-11 04:44:04,076 [pool-729-thread-1] INFO  server.RaftServerConfigKeys (ConfUtils.java:logGet(43)) - raft.server.rpc.timeout.max = 5200ms (custom)
2019-10-11 04:44:04,076 [pool-729-thread-1] INFO  server.RaftServerConfigKeys (ConfUtils.java:logGet(43)) - raft.server.rpcslowness.timeout = 120s (custom)
2019-10-11 04:44:04,076 [pool-729-thread-1] INFO  server.RaftServerConfigKeys (ConfUtils.java:logGet(43)) - raft.server.sleep.deviation.threshold = 300 (default)
2019-10-11 04:44:04,076 [pool-729-thread-1] INFO  server.RaftServerConfigKeys (ConfUtils.java:logGet(43)) - raft.server.log.appender.install.snapshot.enabled = false (custom)
2019-10-11 04:44:04,076 [pool-699-thread-1] INFO  impl.RaftServerImpl (RaftServerImpl.java:<init>(95)) - 0200e9fc-e606-40f3-99f6-f4679a9f9c17: new RaftServerImpl for group-F6D21F3B4CB1:[279ed7c7-79fc-45b0-972c-b02df9246810:192.168.157.200:35749, 0200e9fc-e606-40f3-99f6-f4679a9f9c17:192.168.157.200:39966, a0be1567-3b57-484c-aa98-eeb9bc07b4e0:192.168.157.200:45492] with ContainerStateMachine:uninitialized
2019-10-11 04:44:04,076 [pool-729-thread-1] INFO  impl.RaftServerImpl (ServerState.java:<init>(103)) - 279ed7c7-79fc-45b0-972c-b02df9246810@group-F6D21F3B4CB1: ConfigurationManager, init=-1: [279ed7c7-79fc-45b0-972c-b02df9246810:192.168.157.200:35749, 0200e9fc-e606-40f3-99f6-f4679a9f9c17:192.168.157.200:39966, a0be1567-3b57-484c-aa98-eeb9bc07b4e0:192.168.157.200:45492], old=null, confs=<EMPTY_MAP>
2019-10-11 04:44:04,077 [pool-699-thread-1] INFO  server.RaftServerConfigKeys (ConfUtils.java:logGet(43)) - raft.server.rpc.timeout.min = 5s (custom)
2019-10-11 04:44:04,077 [pool-729-thread-1] INFO  server.RaftServerConfigKeys (ConfUtils.java:logGet(43)) - raft.server.storage.dir = [/workdir/hadoop-ozone/integration-test/target/test-dir/MiniOzoneClusterImpl-b44bfc70-173c-43e3-9456-d6fc7d130422/datanode-5/data/ratis] (custom)
2019-10-11 04:44:04,077 [pool-719-thread-1] INFO  impl.RaftServerImpl (RaftServerImpl.java:<init>(95)) - a0be1567-3b57-484c-aa98-eeb9bc07b4e0: new RaftServerImpl for group-F6D21F3B4CB1:[279ed7c7-79fc-45b0-972c-b02df9246810:192.168.157.200:35749, 0200e9fc-e606-40f3-99f6-f4679a9f9c17:192.168.157.200:39966, a0be1567-3b57-484c-aa98-eeb9bc07b4e0:192.168.157.200:45492] with ContainerStateMachine:uninitialized
2019-10-11 04:44:04,077 [pool-699-thread-1] INFO  server.RaftServerConfigKeys (ConfUtils.java:logGet(43)) - raft.server.rpc.timeout.max = 5200ms (custom)
2019-10-11 04:44:04,077 [pool-719-thread-1] INFO  server.RaftServerConfigKeys (ConfUtils.java:logGet(43)) - raft.server.rpc.timeout.min = 5s (custom)
2019-10-11 04:44:04,077 [pool-729-thread-1] INFO  storage.RaftStorageDirectory (RaftStorageDirectory.java:analyzeStorage(246)) - The storage directory /workdir/hadoop-ozone/integration-test/target/test-dir/MiniOzoneClusterImpl-b44bfc70-173c-43e3-9456-d6fc7d130422/datanode-5/data/ratis/a99de9ad-da11-4d19-8b0e-f6d21f3b4cb1 does not exist. Creating ...
2019-10-11 04:44:04,077 [pool-699-thread-1] INFO  server.RaftServerConfigKeys (ConfUtils.java:logGet(43)) - raft.server.rpcslowness.timeout = 120s (custom)
2019-10-11 04:44:04,077 [pool-719-thread-1] INFO  server.RaftServerConfigKeys (ConfUtils.java:logGet(43)) - raft.server.rpc.timeout.max = 5200ms (custom)
2019-10-11 04:44:04,077 [pool-699-thread-1] INFO  server.RaftServerConfigKeys (ConfUtils.java:logGet(43)) - raft.server.sleep.deviation.threshold = 300 (default)
2019-10-11 04:44:04,077 [pool-719-thread-1] INFO  server.RaftServerConfigKeys (ConfUtils.java:logGet(43)) - raft.server.rpcslowness.timeout = 120s (custom)
2019-10-11 04:44:04,078 [pool-699-thread-1] INFO  server.RaftServerConfigKeys (ConfUtils.java:logGet(43)) - raft.server.log.appender.install.snapshot.enabled = false (custom)
2019-10-11 04:44:04,078 [pool-719-thread-1] INFO  server.RaftServerConfigKeys (ConfUtils.java:logGet(43)) - raft.server.sleep.deviation.threshold = 300 (default)
2019-10-11 04:44:04,078 [pool-699-thread-1] INFO  impl.RaftServerImpl (ServerState.java:<init>(103)) - 0200e9fc-e606-40f3-99f6-f4679a9f9c17@group-F6D21F3B4CB1: ConfigurationManager, init=-1: [279ed7c7-79fc-45b0-972c-b02df9246810:192.168.157.200:35749, 0200e9fc-e606-40f3-99f6-f4679a9f9c17:192.168.157.200:39966, a0be1567-3b57-484c-aa98-eeb9bc07b4e0:192.168.157.200:45492], old=null, confs=<EMPTY_MAP>
2019-10-11 04:44:04,078 [pool-719-thread-1] INFO  server.RaftServerConfigKeys (ConfUtils.java:logGet(43)) - raft.server.log.appender.install.snapshot.enabled = false (custom)
2019-10-11 04:44:04,078 [pool-699-thread-1] INFO  server.RaftServerConfigKeys (ConfUtils.java:logGet(43)) - raft.server.storage.dir = [/workdir/hadoop-ozone/integration-test/target/test-dir/MiniOzoneClusterImpl-b44bfc70-173c-43e3-9456-d6fc7d130422/datanode-2/data/ratis] (custom)
2019-10-11 04:44:04,078 [pool-719-thread-1] INFO  impl.RaftServerImpl (ServerState.java:<init>(103)) - a0be1567-3b57-484c-aa98-eeb9bc07b4e0@group-F6D21F3B4CB1: ConfigurationManager, init=-1: [279ed7c7-79fc-45b0-972c-b02df9246810:192.168.157.200:35749, 0200e9fc-e606-40f3-99f6-f4679a9f9c17:192.168.157.200:39966, a0be1567-3b57-484c-aa98-eeb9bc07b4e0:192.168.157.200:45492], old=null, confs=<EMPTY_MAP>
2019-10-11 04:44:04,078 [pool-719-thread-1] INFO  server.RaftServerConfigKeys (ConfUtils.java:logGet(43)) - raft.server.storage.dir = [/workdir/hadoop-ozone/integration-test/target/test-dir/MiniOzoneClusterImpl-b44bfc70-173c-43e3-9456-d6fc7d130422/datanode-4/data/ratis] (custom)
2019-10-11 04:44:04,078 [pool-699-thread-1] INFO  storage.RaftStorageDirectory (RaftStorageDirectory.java:analyzeStorage(246)) - The storage directory /workdir/hadoop-ozone/integration-test/target/test-dir/MiniOzoneClusterImpl-b44bfc70-173c-43e3-9456-d6fc7d130422/datanode-2/data/ratis/a99de9ad-da11-4d19-8b0e-f6d21f3b4cb1 does not exist. Creating ...
2019-10-11 04:44:04,078 [pool-719-thread-1] INFO  storage.RaftStorageDirectory (RaftStorageDirectory.java:analyzeStorage(246)) - The storage directory /workdir/hadoop-ozone/integration-test/target/test-dir/MiniOzoneClusterImpl-b44bfc70-173c-43e3-9456-d6fc7d130422/datanode-4/data/ratis/a99de9ad-da11-4d19-8b0e-f6d21f3b4cb1 does not exist. Creating ...
2019-10-11 04:44:04,104 [pool-729-thread-1] INFO  storage.RaftStorageDirectory (RaftStorageDirectory.java:tryLock(328)) - Lock on /workdir/hadoop-ozone/integration-test/target/test-dir/MiniOzoneClusterImpl-b44bfc70-173c-43e3-9456-d6fc7d130422/datanode-5/data/ratis/a99de9ad-da11-4d19-8b0e-f6d21f3b4cb1/in_use.lock acquired by nodename 16509@pr-hdds-1569-qjnzd-3726989565
2019-10-11 04:44:04,104 [pool-719-thread-1] INFO  storage.RaftStorageDirectory (RaftStorageDirectory.java:tryLock(328)) - Lock on /workdir/hadoop-ozone/integration-test/target/test-dir/MiniOzoneClusterImpl-b44bfc70-173c-43e3-9456-d6fc7d130422/datanode-4/data/ratis/a99de9ad-da11-4d19-8b0e-f6d21f3b4cb1/in_use.lock acquired by nodename 16509@pr-hdds-1569-qjnzd-3726989565
2019-10-11 04:44:04,104 [pool-699-thread-1] INFO  storage.RaftStorageDirectory (RaftStorageDirectory.java:tryLock(328)) - Lock on /workdir/hadoop-ozone/integration-test/target/test-dir/MiniOzoneClusterImpl-b44bfc70-173c-43e3-9456-d6fc7d130422/datanode-2/data/ratis/a99de9ad-da11-4d19-8b0e-f6d21f3b4cb1/in_use.lock acquired by nodename 16509@pr-hdds-1569-qjnzd-3726989565
2019-10-11 04:44:04,118 [pool-719-thread-1] INFO  storage.RaftStorage (RaftStorage.java:format(72)) - Storage directory /workdir/hadoop-ozone/integration-test/target/test-dir/MiniOzoneClusterImpl-b44bfc70-173c-43e3-9456-d6fc7d130422/datanode-4/data/ratis/a99de9ad-da11-4d19-8b0e-f6d21f3b4cb1 has been successfully formatted.
2019-10-11 04:44:04,118 [pool-729-thread-1] INFO  storage.RaftStorage (RaftStorage.java:format(72)) - Storage directory /workdir/hadoop-ozone/integration-test/target/test-dir/MiniOzoneClusterImpl-b44bfc70-173c-43e3-9456-d6fc7d130422/datanode-5/data/ratis/a99de9ad-da11-4d19-8b0e-f6d21f3b4cb1 has been successfully formatted.
2019-10-11 04:44:04,118 [pool-699-thread-1] INFO  storage.RaftStorage (RaftStorage.java:format(72)) - Storage directory /workdir/hadoop-ozone/integration-test/target/test-dir/MiniOzoneClusterImpl-b44bfc70-173c-43e3-9456-d6fc7d130422/datanode-2/data/ratis/a99de9ad-da11-4d19-8b0e-f6d21f3b4cb1 has been successfully formatted.
2019-10-11 04:44:04,118 [pool-729-thread-1] INFO  ratis.ContainerStateMachine (ContainerStateMachine.java:loadSnapshot(230)) - group-F6D21F3B4CB1: The snapshot info is null. Setting the last applied indexto:(t:0, i:~)
2019-10-11 04:44:04,118 [pool-719-thread-1] INFO  ratis.ContainerStateMachine (ContainerStateMachine.java:loadSnapshot(230)) - group-F6D21F3B4CB1: The snapshot info is null. Setting the last applied indexto:(t:0, i:~)
2019-10-11 04:44:04,118 [pool-699-thread-1] INFO  ratis.ContainerStateMachine (ContainerStateMachine.java:loadSnapshot(230)) - group-F6D21F3B4CB1: The snapshot info is null. Setting the last applied indexto:(t:0, i:~)
2019-10-11 04:44:04,118 [pool-729-thread-1] INFO  server.RaftServerConfigKeys (ConfUtils.java:logGet(43)) - raft.server.notification.no-leader.timeout = 120s (custom)
2019-10-11 04:44:04,118 [pool-699-thread-1] INFO  server.RaftServerConfigKeys (ConfUtils.java:logGet(43)) - raft.server.notification.no-leader.timeout = 120s (custom)
2019-10-11 04:44:04,118 [pool-719-thread-1] INFO  server.RaftServerConfigKeys (ConfUtils.java:logGet(43)) - raft.server.notification.no-leader.timeout = 120s (custom)
2019-10-11 04:44:04,118 [pool-699-thread-1] INFO  server.RaftServerConfigKeys (ConfUtils.java:logGet(43)) - raft.server.log.use.memory = false (default)
2019-10-11 04:44:04,118 [pool-729-thread-1] INFO  server.RaftServerConfigKeys (ConfUtils.java:logGet(43)) - raft.server.log.use.memory = false (default)
2019-10-11 04:44:04,119 [pool-699-thread-1] INFO  server.RaftServerConfigKeys (ConfUtils.java:logGet(43)) - raft.server.log.purge.gap = 1000000 (custom)
2019-10-11 04:44:04,119 [pool-719-thread-1] INFO  server.RaftServerConfigKeys (ConfUtils.java:logGet(43)) - raft.server.log.use.memory = false (default)
2019-10-11 04:44:04,119 [pool-699-thread-1] INFO  server.RaftServerConfigKeys (ConfUtils.java:logGet(43)) - raft.server.log.appender.buffer.byte-limit = 33554432 (custom)
2019-10-11 04:44:04,119 [pool-729-thread-1] INFO  server.RaftServerConfigKeys (ConfUtils.java:logGet(43)) - raft.server.log.purge.gap = 1000000 (custom)
2019-10-11 04:44:04,119 [pool-699-thread-1] INFO  server.RaftServerConfigKeys (ConfUtils.java:logGet(43)) - raft.server.log.segment.size.max = 1048576 (custom)
2019-10-11 04:44:04,119 [pool-719-thread-1] INFO  server.RaftServerConfigKeys (ConfUtils.java:logGet(43)) - raft.server.log.purge.gap = 1000000 (custom)
2019-10-11 04:44:04,119 [pool-699-thread-1] INFO  server.RaftServerConfigKeys (ConfUtils.java:logGet(43)) - raft.server.log.segment.cache.num.max = 2 (custom)
2019-10-11 04:44:04,119 [pool-729-thread-1] INFO  server.RaftServerConfigKeys (ConfUtils.java:logGet(43)) - raft.server.log.appender.buffer.byte-limit = 33554432 (custom)
2019-10-11 04:44:04,120 [pool-699-thread-1] INFO  segmented.SegmentedRaftLogWorker (SegmentedRaftLogWorker.java:<init>(172)) - new 0200e9fc-e606-40f3-99f6-f4679a9f9c17@group-F6D21F3B4CB1-SegmentedRaftLogWorker for RaftStorage:Storage Directory /workdir/hadoop-ozone/integration-test/target/test-dir/MiniOzoneClusterImpl-b44bfc70-173c-43e3-9456-d6fc7d130422/datanode-2/data/ratis/a99de9ad-da11-4d19-8b0e-f6d21f3b4cb1
2019-10-11 04:44:04,119 [pool-719-thread-1] INFO  server.RaftServerConfigKeys (ConfUtils.java:logGet(43)) - raft.server.log.appender.buffer.byte-limit = 33554432 (custom)
2019-10-11 04:44:04,120 [pool-699-thread-1] INFO  server.RaftServerConfigKeys (ConfUtils.java:logGet(43)) - raft.server.log.queue.byte-limit = 2147483647 (custom)
2019-10-11 04:44:04,120 [pool-729-thread-1] INFO  server.RaftServerConfigKeys (ConfUtils.java:logGet(43)) - raft.server.log.segment.size.max = 1048576 (custom)
2019-10-11 04:44:04,120 [pool-699-thread-1] INFO  server.RaftServerConfigKeys (ConfUtils.java:logGet(43)) - raft.server.log.queue.element-limit = 1024 (custom)
2019-10-11 04:44:04,120 [pool-719-thread-1] INFO  server.RaftServerConfigKeys (ConfUtils.java:logGet(43)) - raft.server.log.segment.size.max = 1048576 (custom)
2019-10-11 04:44:04,120 [pool-699-thread-1] INFO  server.RaftServerConfigKeys (ConfUtils.java:logGet(43)) - raft.server.log.segment.size.max = 1048576 (custom)
2019-10-11 04:44:04,120 [pool-729-thread-1] INFO  server.RaftServerConfigKeys (ConfUtils.java:logGet(43)) - raft.server.log.segment.cache.num.max = 2 (custom)
2019-10-11 04:44:04,120 [pool-699-thread-1] INFO  server.RaftServerConfigKeys (ConfUtils.java:logGet(43)) - raft.server.log.preallocated.size = 16384 (custom)
2019-10-11 04:44:04,120 [pool-719-thread-1] INFO  server.RaftServerConfigKeys (ConfUtils.java:logGet(43)) - raft.server.log.segment.cache.num.max = 2 (custom)
2019-10-11 04:44:04,121 [pool-699-thread-1] INFO  server.RaftServerConfigKeys (ConfUtils.java:logGet(43)) - raft.server.log.write.buffer.size = 33554432 (custom)
2019-10-11 04:44:04,120 [pool-729-thread-1] INFO  segmented.SegmentedRaftLogWorker (SegmentedRaftLogWorker.java:<init>(172)) - new 279ed7c7-79fc-45b0-972c-b02df9246810@group-F6D21F3B4CB1-SegmentedRaftLogWorker for RaftStorage:Storage Directory /workdir/hadoop-ozone/integration-test/target/test-dir/MiniOzoneClusterImpl-b44bfc70-173c-43e3-9456-d6fc7d130422/datanode-5/data/ratis/a99de9ad-da11-4d19-8b0e-f6d21f3b4cb1
2019-10-11 04:44:04,121 [pool-699-thread-1] INFO  server.RaftServerConfigKeys (ConfUtils.java:logGet(43)) - raft.server.log.force.sync.num = 128 (default)
2019-10-11 04:44:04,121 [pool-719-thread-1] INFO  segmented.SegmentedRaftLogWorker (SegmentedRaftLogWorker.java:<init>(172)) - new a0be1567-3b57-484c-aa98-eeb9bc07b4e0@group-F6D21F3B4CB1-SegmentedRaftLogWorker for RaftStorage:Storage Directory /workdir/hadoop-ozone/integration-test/target/test-dir/MiniOzoneClusterImpl-b44bfc70-173c-43e3-9456-d6fc7d130422/datanode-4/data/ratis/a99de9ad-da11-4d19-8b0e-f6d21f3b4cb1
2019-10-11 04:44:04,121 [pool-699-thread-1] INFO  server.RaftServerConfigKeys (ConfUtils.java:logGet(43)) - raft.server.log.statemachine.data.sync = true (default)
2019-10-11 04:44:04,121 [pool-729-thread-1] INFO  server.RaftServerConfigKeys (ConfUtils.java:logGet(43)) - raft.server.log.queue.byte-limit = 2147483647 (custom)
2019-10-11 04:44:04,121 [pool-699-thread-1] INFO  server.RaftServerConfigKeys (ConfUtils.java:logGet(43)) - raft.server.log.statemachine.data.sync.timeout = 10s (default)
2019-10-11 04:44:04,121 [pool-719-thread-1] INFO  server.RaftServerConfigKeys (ConfUtils.java:logGet(43)) - raft.server.log.queue.byte-limit = 2147483647 (custom)
2019-10-11 04:44:04,121 [pool-699-thread-1] INFO  server.RaftServerConfigKeys (ConfUtils.java:logGet(43)) - raft.server.log.statemachine.data.sync.timeout.retry = -1 (default)
2019-10-11 04:44:04,121 [pool-729-thread-1] INFO  server.RaftServerConfigKeys (ConfUtils.java:logGet(43)) - raft.server.log.queue.element-limit = 1024 (custom)
2019-10-11 04:44:04,122 [pool-699-thread-1] INFO  server.RaftServerConfigKeys (ConfUtils.java:logGet(43)) - raft.server.log.statemachine.data.caching.enabled = true (custom)
2019-10-11 04:44:04,122 [pool-719-thread-1] INFO  server.RaftServerConfigKeys (ConfUtils.java:logGet(43)) - raft.server.log.queue.element-limit = 1024 (custom)
2019-10-11 04:44:04,122 [pool-729-thread-1] INFO  server.RaftServerConfigKeys (ConfUtils.java:logGet(43)) - raft.server.log.segment.size.max = 1048576 (custom)
2019-10-11 04:44:04,122 [pool-699-thread-1] INFO  segmented.SegmentedRaftLogWorker (SegmentedRaftLogWorker.java:lambda$new$0(132)) - 0200e9fc-e606-40f3-99f6-f4679a9f9c17@group-F6D21F3B4CB1-SegmentedRaftLogWorker: flushIndex: setUnconditionally 0 -> -1
2019-10-11 04:44:04,122 [pool-719-thread-1] INFO  server.RaftServerConfigKeys (ConfUtils.java:logGet(43)) - raft.server.log.segment.size.max = 1048576 (custom)
2019-10-11 04:44:04,122 [pool-729-thread-1] INFO  server.RaftServerConfigKeys (ConfUtils.java:logGet(43)) - raft.server.log.preallocated.size = 16384 (custom)
2019-10-11 04:44:04,122 [pool-719-thread-1] INFO  server.RaftServerConfigKeys (ConfUtils.java:logGet(43)) - raft.server.log.preallocated.size = 16384 (custom)
2019-10-11 04:44:04,122 [pool-699-thread-1] INFO  server.RaftServerConfigKeys (ConfUtils.java:logGet(43)) - raft.server.snapshot.auto.trigger.enabled = true (custom)
2019-10-11 04:44:04,122 [pool-729-thread-1] INFO  server.RaftServerConfigKeys (ConfUtils.java:logGet(43)) - raft.server.log.write.buffer.size = 33554432 (custom)
2019-10-11 04:44:04,123 [pool-699-thread-1] INFO  server.RaftServerConfigKeys (ConfUtils.java:logGet(43)) - raft.server.snapshot.auto.trigger.threshold = 10000 (custom)
2019-10-11 04:44:04,122 [pool-719-thread-1] INFO  server.RaftServerConfigKeys (ConfUtils.java:logGet(43)) - raft.server.log.write.buffer.size = 33554432 (custom)
2019-10-11 04:44:04,123 [pool-699-thread-1] INFO  server.RaftServerConfigKeys (ConfUtils.java:logGet(43)) - raft.server.snapshot.retention.num.files = 5 (custom)
2019-10-11 04:44:04,123 [pool-729-thread-1] INFO  server.RaftServerConfigKeys (ConfUtils.java:logGet(43)) - raft.server.log.force.sync.num = 128 (default)
2019-10-11 04:44:04,123 [pool-699-thread-1] INFO  server.RaftServerConfigKeys (ConfUtils.java:logGet(43)) - raft.server.retrycache.expirytime = 600000ms (custom)
2019-10-11 04:44:04,123 [pool-719-thread-1] INFO  server.RaftServerConfigKeys (ConfUtils.java:logGet(43)) - raft.server.log.force.sync.num = 128 (default)
2019-10-11 04:44:04,123 [pool-729-thread-1] INFO  server.RaftServerConfigKeys (ConfUtils.java:logGet(43)) - raft.server.log.statemachine.data.sync = true (default)
2019-10-11 04:44:04,123 [pool-719-thread-1] INFO  server.RaftServerConfigKeys (ConfUtils.java:logGet(43)) - raft.server.log.statemachine.data.sync = true (default)
2019-10-11 04:44:04,123 [pool-729-thread-1] INFO  server.RaftServerConfigKeys (ConfUtils.java:logGet(43)) - raft.server.log.statemachine.data.sync.timeout = 10s (default)
2019-10-11 04:44:04,123 [pool-719-thread-1] INFO  server.RaftServerConfigKeys (ConfUtils.java:logGet(43)) - raft.server.log.statemachine.data.sync.timeout = 10s (default)
2019-10-11 04:44:04,124 [pool-729-thread-1] INFO  server.RaftServerConfigKeys (ConfUtils.java:logGet(43)) - raft.server.log.statemachine.data.sync.timeout.retry = -1 (default)
2019-10-11 04:44:04,124 [pool-719-thread-1] INFO  server.RaftServerConfigKeys (ConfUtils.java:logGet(43)) - raft.server.log.statemachine.data.sync.timeout.retry = -1 (default)
2019-10-11 04:44:04,124 [pool-729-thread-1] INFO  server.RaftServerConfigKeys (ConfUtils.java:logGet(43)) - raft.server.log.statemachine.data.caching.enabled = true (custom)
2019-10-11 04:44:04,124 [pool-719-thread-1] INFO  server.RaftServerConfigKeys (ConfUtils.java:logGet(43)) - raft.server.log.statemachine.data.caching.enabled = true (custom)
2019-10-11 04:44:04,124 [pool-729-thread-1] INFO  segmented.SegmentedRaftLogWorker (SegmentedRaftLogWorker.java:lambda$new$0(132)) - 279ed7c7-79fc-45b0-972c-b02df9246810@group-F6D21F3B4CB1-SegmentedRaftLogWorker: flushIndex: setUnconditionally 0 -> -1
2019-10-11 04:44:04,124 [pool-719-thread-1] INFO  segmented.SegmentedRaftLogWorker (SegmentedRaftLogWorker.java:lambda$new$0(132)) - a0be1567-3b57-484c-aa98-eeb9bc07b4e0@group-F6D21F3B4CB1-SegmentedRaftLogWorker: flushIndex: setUnconditionally 0 -> -1
2019-10-11 04:44:04,125 [pool-729-thread-1] INFO  server.RaftServerConfigKeys (ConfUtils.java:logGet(43)) - raft.server.snapshot.auto.trigger.enabled = true (custom)
2019-10-11 04:44:04,125 [pool-729-thread-1] INFO  server.RaftServerConfigKeys (ConfUtils.java:logGet(43)) - raft.server.snapshot.auto.trigger.threshold = 10000 (custom)
2019-10-11 04:44:04,125 [pool-719-thread-1] INFO  server.RaftServerConfigKeys (ConfUtils.java:logGet(43)) - raft.server.snapshot.auto.trigger.enabled = true (custom)
2019-10-11 04:44:04,125 [pool-729-thread-1] INFO  server.RaftServerConfigKeys (ConfUtils.java:logGet(43)) - raft.server.snapshot.retention.num.files = 5 (custom)
2019-10-11 04:44:04,125 [pool-719-thread-1] INFO  server.RaftServerConfigKeys (ConfUtils.java:logGet(43)) - raft.server.snapshot.auto.trigger.threshold = 10000 (custom)
2019-10-11 04:44:04,125 [pool-729-thread-1] INFO  server.RaftServerConfigKeys (ConfUtils.java:logGet(43)) - raft.server.retrycache.expirytime = 600000ms (custom)
2019-10-11 04:44:04,125 [pool-699-thread-1] INFO  impl.RaftServerImpl (RaftServerImpl.java:start(185)) - 0200e9fc-e606-40f3-99f6-f4679a9f9c17@group-F6D21F3B4CB1: start as a follower, conf=-1: [279ed7c7-79fc-45b0-972c-b02df9246810:192.168.157.200:35749, 0200e9fc-e606-40f3-99f6-f4679a9f9c17:192.168.157.200:39966, a0be1567-3b57-484c-aa98-eeb9bc07b4e0:192.168.157.200:45492], old=null
2019-10-11 04:44:04,125 [pool-719-thread-1] INFO  server.RaftServerConfigKeys (ConfUtils.java:logGet(43)) - raft.server.snapshot.retention.num.files = 5 (custom)
2019-10-11 04:44:04,125 [pool-699-thread-1] INFO  impl.RaftServerImpl (RaftServerImpl.java:setRole(174)) - 0200e9fc-e606-40f3-99f6-f4679a9f9c17@group-F6D21F3B4CB1: changes role from      null to FOLLOWER at term 0 for startAsFollower
2019-10-11 04:44:04,126 [pool-719-thread-1] INFO  server.RaftServerConfigKeys (ConfUtils.java:logGet(43)) - raft.server.retrycache.expirytime = 600000ms (custom)
2019-10-11 04:44:04,126 [pool-699-thread-1] INFO  impl.RoleInfo (RoleInfo.java:updateAndGet(143)) - 0200e9fc-e606-40f3-99f6-f4679a9f9c17: start FollowerState
2019-10-11 04:44:04,126 [pool-699-thread-1] INFO  util.JmxRegister (JmxRegister.java:tryRegister(44)) - Successfully registered JMX Bean with object name Ratis:service=RaftServer,group=group-F6D21F3B4CB1,id=0200e9fc-e606-40f3-99f6-f4679a9f9c17
2019-10-11 04:44:04,128 [pool-729-thread-1] INFO  impl.RaftServerImpl (RaftServerImpl.java:start(185)) - 279ed7c7-79fc-45b0-972c-b02df9246810@group-F6D21F3B4CB1: start as a follower, conf=-1: [279ed7c7-79fc-45b0-972c-b02df9246810:192.168.157.200:35749, 0200e9fc-e606-40f3-99f6-f4679a9f9c17:192.168.157.200:39966, a0be1567-3b57-484c-aa98-eeb9bc07b4e0:192.168.157.200:45492], old=null
2019-10-11 04:44:04,128 [pool-729-thread-1] INFO  impl.RaftServerImpl (RaftServerImpl.java:setRole(174)) - 279ed7c7-79fc-45b0-972c-b02df9246810@group-F6D21F3B4CB1: changes role from      null to FOLLOWER at term 0 for startAsFollower
2019-10-11 04:44:04,128 [pool-729-thread-1] INFO  impl.RoleInfo (RoleInfo.java:updateAndGet(143)) - 279ed7c7-79fc-45b0-972c-b02df9246810: start FollowerState
2019-10-11 04:44:04,128 [pool-719-thread-1] INFO  impl.RaftServerImpl (RaftServerImpl.java:start(185)) - a0be1567-3b57-484c-aa98-eeb9bc07b4e0@group-F6D21F3B4CB1: start as a follower, conf=-1: [279ed7c7-79fc-45b0-972c-b02df9246810:192.168.157.200:35749, 0200e9fc-e606-40f3-99f6-f4679a9f9c17:192.168.157.200:39966, a0be1567-3b57-484c-aa98-eeb9bc07b4e0:192.168.157.200:45492], old=null
2019-10-11 04:44:04,128 [pool-719-thread-1] INFO  impl.RaftServerImpl (RaftServerImpl.java:setRole(174)) - a0be1567-3b57-484c-aa98-eeb9bc07b4e0@group-F6D21F3B4CB1: changes role from      null to FOLLOWER at term 0 for startAsFollower
2019-10-11 04:44:04,128 [pool-729-thread-1] INFO  util.JmxRegister (JmxRegister.java:tryRegister(44)) - Successfully registered JMX Bean with object name Ratis:service=RaftServer,group=group-F6D21F3B4CB1,id=279ed7c7-79fc-45b0-972c-b02df9246810
2019-10-11 04:44:04,128 [pool-719-thread-1] INFO  impl.RoleInfo (RoleInfo.java:updateAndGet(143)) - a0be1567-3b57-484c-aa98-eeb9bc07b4e0: start FollowerState
2019-10-11 04:44:04,129 [pool-719-thread-1] INFO  util.JmxRegister (JmxRegister.java:tryRegister(44)) - Successfully registered JMX Bean with object name Ratis:service=RaftServer,group=group-F6D21F3B4CB1,id=a0be1567-3b57-484c-aa98-eeb9bc07b4e0
2019-10-11 04:44:04,131 [RatisPipelineUtilsThread] INFO  pipeline.PipelineStateManager (PipelineStateManager.java:addPipeline(56)) - Created pipeline Pipeline[ Id: a99de9ad-da11-4d19-8b0e-f6d21f3b4cb1, Nodes: a0be1567-3b57-484c-aa98-eeb9bc07b4e0{ip: 192.168.157.200, host: pr-hdds-1569-qjnzd-3726989565, networkLocation: /default-rack, certSerialId: null}279ed7c7-79fc-45b0-972c-b02df9246810{ip: 192.168.157.200, host: pr-hdds-1569-qjnzd-3726989565, networkLocation: /default-rack, certSerialId: null}0200e9fc-e606-40f3-99f6-f4679a9f9c17{ip: 192.168.157.200, host: pr-hdds-1569-qjnzd-3726989565, networkLocation: /default-rack, certSerialId: null}, Type:RATIS, Factor:THREE, State:OPEN]
2019-10-11 04:44:04,133 [grpc-default-executor-26] INFO  impl.RaftServerProxy (RaftServerProxy.java:addNew(89)) - 0200e9fc-e606-40f3-99f6-f4679a9f9c17: addNew group-C9E2B5B3B0C9:[279ed7c7-79fc-45b0-972c-b02df9246810:192.168.157.200:35749, 0200e9fc-e606-40f3-99f6-f4679a9f9c17:192.168.157.200:39966, a0be1567-3b57-484c-aa98-eeb9bc07b4e0:192.168.157.200:45492] returns group-C9E2B5B3B0C9:java.util.concurrent.CompletableFuture@54fb6784[Not completed]
2019-10-11 04:44:04,133 [grpc-default-executor-27] INFO  impl.RaftServerProxy (RaftServerProxy.java:addNew(89)) - a0be1567-3b57-484c-aa98-eeb9bc07b4e0: addNew group-C9E2B5B3B0C9:[279ed7c7-79fc-45b0-972c-b02df9246810:192.168.157.200:35749, 0200e9fc-e606-40f3-99f6-f4679a9f9c17:192.168.157.200:39966, a0be1567-3b57-484c-aa98-eeb9bc07b4e0:192.168.157.200:45492] returns group-C9E2B5B3B0C9:java.util.concurrent.CompletableFuture@1772563d[Not completed]
2019-10-11 04:44:04,133 [grpc-default-executor-20] INFO  impl.RaftServerProxy (RaftServerProxy.java:addNew(89)) - 279ed7c7-79fc-45b0-972c-b02df9246810: addNew group-C9E2B5B3B0C9:[279ed7c7-79fc-45b0-972c-b02df9246810:192.168.157.200:35749, 0200e9fc-e606-40f3-99f6-f4679a9f9c17:192.168.157.200:39966, a0be1567-3b57-484c-aa98-eeb9bc07b4e0:192.168.157.200:45492] returns group-C9E2B5B3B0C9:java.util.concurrent.CompletableFuture@288c4dac[Not completed]
2019-10-11 04:44:04,134 [pool-699-thread-1] INFO  impl.RaftServerImpl (RaftServerImpl.java:<init>(95)) - 0200e9fc-e606-40f3-99f6-f4679a9f9c17: new RaftServerImpl for group-C9E2B5B3B0C9:[279ed7c7-79fc-45b0-972c-b02df9246810:192.168.157.200:35749, 0200e9fc-e606-40f3-99f6-f4679a9f9c17:192.168.157.200:39966, a0be1567-3b57-484c-aa98-eeb9bc07b4e0:192.168.157.200:45492] with ContainerStateMachine:uninitialized
2019-10-11 04:44:04,134 [pool-699-thread-1] INFO  server.RaftServerConfigKeys (ConfUtils.java:logGet(43)) - raft.server.rpc.timeout.min = 5s (custom)
2019-10-11 04:44:04,134 [pool-699-thread-1] INFO  server.RaftServerConfigKeys (ConfUtils.java:logGet(43)) - raft.server.rpc.timeout.max = 5200ms (custom)
2019-10-11 04:44:04,134 [pool-699-thread-1] INFO  server.RaftServerConfigKeys (ConfUtils.java:logGet(43)) - raft.server.rpcslowness.timeout = 120s (custom)
2019-10-11 04:44:04,134 [pool-699-thread-1] INFO  server.RaftServerConfigKeys (ConfUtils.java:logGet(43)) - raft.server.sleep.deviation.threshold = 300 (default)
2019-10-11 04:44:04,135 [pool-699-thread-1] INFO  server.RaftServerConfigKeys (ConfUtils.java:logGet(43)) - raft.server.log.appender.install.snapshot.enabled = false (custom)
2019-10-11 04:44:04,135 [pool-729-thread-1] INFO  impl.RaftServerImpl (RaftServerImpl.java:<init>(95)) - 279ed7c7-79fc-45b0-972c-b02df9246810: new RaftServerImpl for group-C9E2B5B3B0C9:[279ed7c7-79fc-45b0-972c-b02df9246810:192.168.157.200:35749, 0200e9fc-e606-40f3-99f6-f4679a9f9c17:192.168.157.200:39966, a0be1567-3b57-484c-aa98-eeb9bc07b4e0:192.168.157.200:45492] with ContainerStateMachine:uninitialized
2019-10-11 04:44:04,135 [pool-699-thread-1] INFO  impl.RaftServerImpl (ServerState.java:<init>(103)) - 0200e9fc-e606-40f3-99f6-f4679a9f9c17@group-C9E2B5B3B0C9: ConfigurationManager, init=-1: [279ed7c7-79fc-45b0-972c-b02df9246810:192.168.157.200:35749, 0200e9fc-e606-40f3-99f6-f4679a9f9c17:192.168.157.200:39966, a0be1567-3b57-484c-aa98-eeb9bc07b4e0:192.168.157.200:45492], old=null, confs=<EMPTY_MAP>
2019-10-11 04:44:04,135 [pool-729-thread-1] INFO  server.RaftServerConfigKeys (ConfUtils.java:logGet(43)) - raft.server.rpc.timeout.min = 5s (custom)
2019-10-11 04:44:04,135 [pool-699-thread-1] INFO  server.RaftServerConfigKeys (ConfUtils.java:logGet(43)) - raft.server.storage.dir = [/workdir/hadoop-ozone/integration-test/target/test-dir/MiniOzoneClusterImpl-b44bfc70-173c-43e3-9456-d6fc7d130422/datanode-2/data/ratis] (custom)
2019-10-11 04:44:04,135 [pool-729-thread-1] INFO  server.RaftServerConfigKeys (ConfUtils.java:logGet(43)) - raft.server.rpc.timeout.max = 5200ms (custom)
2019-10-11 04:44:04,135 [pool-719-thread-1] INFO  impl.RaftServerImpl (RaftServerImpl.java:<init>(95)) - a0be1567-3b57-484c-aa98-eeb9bc07b4e0: new RaftServerImpl for group-C9E2B5B3B0C9:[279ed7c7-79fc-45b0-972c-b02df9246810:192.168.157.200:35749, 0200e9fc-e606-40f3-99f6-f4679a9f9c17:192.168.157.200:39966, a0be1567-3b57-484c-aa98-eeb9bc07b4e0:192.168.157.200:45492] with ContainerStateMachine:uninitialized
2019-10-11 04:44:04,135 [pool-729-thread-1] INFO  server.RaftServerConfigKeys (ConfUtils.java:logGet(43)) - raft.server.rpcslowness.timeout = 120s (custom)
2019-10-11 04:44:04,135 [pool-699-thread-1] INFO  storage.RaftStorageDirectory (RaftStorageDirectory.java:analyzeStorage(246)) - The storage directory /workdir/hadoop-ozone/integration-test/target/test-dir/MiniOzoneClusterImpl-b44bfc70-173c-43e3-9456-d6fc7d130422/datanode-2/data/ratis/f5e97734-7dae-41bb-bc48-c9e2b5b3b0c9 does not exist. Creating ...
2019-10-11 04:44:04,135 [pool-719-thread-1] INFO  server.RaftServerConfigKeys (ConfUtils.java:logGet(43)) - raft.server.rpc.timeout.min = 5s (custom)
2019-10-11 04:44:04,136 [pool-729-thread-1] INFO  server.RaftServerConfigKeys (ConfUtils.java:logGet(43)) - raft.server.sleep.deviation.threshold = 300 (default)
2019-10-11 04:44:04,136 [pool-719-thread-1] INFO  server.RaftServerConfigKeys (ConfUtils.java:logGet(43)) - raft.server.rpc.timeout.max = 5200ms (custom)
2019-10-11 04:44:04,136 [pool-729-thread-1] INFO  server.RaftServerConfigKeys (ConfUtils.java:logGet(43)) - raft.server.log.appender.install.snapshot.enabled = false (custom)
2019-10-11 04:44:04,136 [pool-719-thread-1] INFO  server.RaftServerConfigKeys (ConfUtils.java:logGet(43)) - raft.server.rpcslowness.timeout = 120s (custom)
2019-10-11 04:44:04,136 [pool-729-thread-1] INFO  impl.RaftServerImpl (ServerState.java:<init>(103)) - 279ed7c7-79fc-45b0-972c-b02df9246810@group-C9E2B5B3B0C9: ConfigurationManager, init=-1: [279ed7c7-79fc-45b0-972c-b02df9246810:192.168.157.200:35749, 0200e9fc-e606-40f3-99f6-f4679a9f9c17:192.168.157.200:39966, a0be1567-3b57-484c-aa98-eeb9bc07b4e0:192.168.157.200:45492], old=null, confs=<EMPTY_MAP>
2019-10-11 04:44:04,136 [pool-719-thread-1] INFO  server.RaftServerConfigKeys (ConfUtils.java:logGet(43)) - raft.server.sleep.deviation.threshold = 300 (default)
2019-10-11 04:44:04,136 [pool-729-thread-1] INFO  server.RaftServerConfigKeys (ConfUtils.java:logGet(43)) - raft.server.storage.dir = [/workdir/hadoop-ozone/integration-test/target/test-dir/MiniOzoneClusterImpl-b44bfc70-173c-43e3-9456-d6fc7d130422/datanode-5/data/ratis] (custom)
2019-10-11 04:44:04,136 [pool-719-thread-1] INFO  server.RaftServerConfigKeys (ConfUtils.java:logGet(43)) - raft.server.log.appender.install.snapshot.enabled = false (custom)
2019-10-11 04:44:04,137 [pool-719-thread-1] INFO  impl.RaftServerImpl (ServerState.java:<init>(103)) - a0be1567-3b57-484c-aa98-eeb9bc07b4e0@group-C9E2B5B3B0C9: ConfigurationManager, init=-1: [279ed7c7-79fc-45b0-972c-b02df9246810:192.168.157.200:35749, 0200e9fc-e606-40f3-99f6-f4679a9f9c17:192.168.157.200:39966, a0be1567-3b57-484c-aa98-eeb9bc07b4e0:192.168.157.200:45492], old=null, confs=<EMPTY_MAP>
2019-10-11 04:44:04,137 [pool-719-thread-1] INFO  server.RaftServerConfigKeys (ConfUtils.java:logGet(43)) - raft.server.storage.dir = [/workdir/hadoop-ozone/integration-test/target/test-dir/MiniOzoneClusterImpl-b44bfc70-173c-43e3-9456-d6fc7d130422/datanode-4/data/ratis] (custom)
2019-10-11 04:44:04,137 [pool-729-thread-1] INFO  storage.RaftStorageDirectory (RaftStorageDirectory.java:analyzeStorage(246)) - The storage directory /workdir/hadoop-ozone/integration-test/target/test-dir/MiniOzoneClusterImpl-b44bfc70-173c-43e3-9456-d6fc7d130422/datanode-5/data/ratis/f5e97734-7dae-41bb-bc48-c9e2b5b3b0c9 does not exist. Creating ...
2019-10-11 04:44:04,137 [pool-719-thread-1] INFO  storage.RaftStorageDirectory (RaftStorageDirectory.java:analyzeStorage(246)) - The storage directory /workdir/hadoop-ozone/integration-test/target/test-dir/MiniOzoneClusterImpl-b44bfc70-173c-43e3-9456-d6fc7d130422/datanode-4/data/ratis/f5e97734-7dae-41bb-bc48-c9e2b5b3b0c9 does not exist. Creating ...
2019-10-11 04:44:04,149 [pool-729-thread-1] INFO  storage.RaftStorageDirectory (RaftStorageDirectory.java:tryLock(328)) - Lock on /workdir/hadoop-ozone/integration-test/target/test-dir/MiniOzoneClusterImpl-b44bfc70-173c-43e3-9456-d6fc7d130422/datanode-5/data/ratis/f5e97734-7dae-41bb-bc48-c9e2b5b3b0c9/in_use.lock acquired by nodename 16509@pr-hdds-1569-qjnzd-3726989565
2019-10-11 04:44:04,149 [pool-699-thread-1] INFO  storage.RaftStorageDirectory (RaftStorageDirectory.java:tryLock(328)) - Lock on /workdir/hadoop-ozone/integration-test/target/test-dir/MiniOzoneClusterImpl-b44bfc70-173c-43e3-9456-d6fc7d130422/datanode-2/data/ratis/f5e97734-7dae-41bb-bc48-c9e2b5b3b0c9/in_use.lock acquired by nodename 16509@pr-hdds-1569-qjnzd-3726989565
2019-10-11 04:44:04,149 [pool-719-thread-1] INFO  storage.RaftStorageDirectory (RaftStorageDirectory.java:tryLock(328)) - Lock on /workdir/hadoop-ozone/integration-test/target/test-dir/MiniOzoneClusterImpl-b44bfc70-173c-43e3-9456-d6fc7d130422/datanode-4/data/ratis/f5e97734-7dae-41bb-bc48-c9e2b5b3b0c9/in_use.lock acquired by nodename 16509@pr-hdds-1569-qjnzd-3726989565
2019-10-11 04:44:04,174 [pool-699-thread-1] INFO  storage.RaftStorage (RaftStorage.java:format(72)) - Storage directory /workdir/hadoop-ozone/integration-test/target/test-dir/MiniOzoneClusterImpl-b44bfc70-173c-43e3-9456-d6fc7d130422/datanode-2/data/ratis/f5e97734-7dae-41bb-bc48-c9e2b5b3b0c9 has been successfully formatted.
2019-10-11 04:44:04,174 [pool-729-thread-1] INFO  storage.RaftStorage (RaftStorage.java:format(72)) - Storage directory /workdir/hadoop-ozone/integration-test/target/test-dir/MiniOzoneClusterImpl-b44bfc70-173c-43e3-9456-d6fc7d130422/datanode-5/data/ratis/f5e97734-7dae-41bb-bc48-c9e2b5b3b0c9 has been successfully formatted.
2019-10-11 04:44:04,174 [pool-719-thread-1] INFO  storage.RaftStorage (RaftStorage.java:format(72)) - Storage directory /workdir/hadoop-ozone/integration-test/target/test-dir/MiniOzoneClusterImpl-b44bfc70-173c-43e3-9456-d6fc7d130422/datanode-4/data/ratis/f5e97734-7dae-41bb-bc48-c9e2b5b3b0c9 has been successfully formatted.
2019-10-11 04:44:04,174 [pool-729-thread-1] INFO  ratis.ContainerStateMachine (ContainerStateMachine.java:loadSnapshot(230)) - group-C9E2B5B3B0C9: The snapshot info is null. Setting the last applied indexto:(t:0, i:~)
2019-10-11 04:44:04,174 [pool-699-thread-1] INFO  ratis.ContainerStateMachine (ContainerStateMachine.java:loadSnapshot(230)) - group-C9E2B5B3B0C9: The snapshot info is null. Setting the last applied indexto:(t:0, i:~)
2019-10-11 04:44:04,175 [pool-729-thread-1] INFO  server.RaftServerConfigKeys (ConfUtils.java:logGet(43)) - raft.server.notification.no-leader.timeout = 120s (custom)
2019-10-11 04:44:04,175 [pool-729-thread-1] INFO  server.RaftServerConfigKeys (ConfUtils.java:logGet(43)) - raft.server.log.use.memory = false (default)
2019-10-11 04:44:04,175 [pool-719-thread-1] INFO  ratis.ContainerStateMachine (ContainerStateMachine.java:loadSnapshot(230)) - group-C9E2B5B3B0C9: The snapshot info is null. Setting the last applied indexto:(t:0, i:~)
2019-10-11 04:44:04,175 [pool-729-thread-1] INFO  server.RaftServerConfigKeys (ConfUtils.java:logGet(43)) - raft.server.log.purge.gap = 1000000 (custom)
2019-10-11 04:44:04,175 [pool-729-thread-1] INFO  server.RaftServerConfigKeys (ConfUtils.java:logGet(43)) - raft.server.log.appender.buffer.byte-limit = 33554432 (custom)
2019-10-11 04:44:04,175 [pool-699-thread-1] INFO  server.RaftServerConfigKeys (ConfUtils.java:logGet(43)) - raft.server.notification.no-leader.timeout = 120s (custom)
2019-10-11 04:44:04,175 [pool-729-thread-1] INFO  server.RaftServerConfigKeys (ConfUtils.java:logGet(43)) - raft.server.log.segment.size.max = 1048576 (custom)
2019-10-11 04:44:04,175 [pool-719-thread-1] INFO  server.RaftServerConfigKeys (ConfUtils.java:logGet(43)) - raft.server.notification.no-leader.timeout = 120s (custom)
2019-10-11 04:44:04,176 [pool-729-thread-1] INFO  server.RaftServerConfigKeys (ConfUtils.java:logGet(43)) - raft.server.log.segment.cache.num.max = 2 (custom)
2019-10-11 04:44:04,176 [pool-699-thread-1] INFO  server.RaftServerConfigKeys (ConfUtils.java:logGet(43)) - raft.server.log.use.memory = false (default)
2019-10-11 04:44:04,176 [pool-729-thread-1] INFO  segmented.SegmentedRaftLogWorker (SegmentedRaftLogWorker.java:<init>(172)) - new 279ed7c7-79fc-45b0-972c-b02df9246810@group-C9E2B5B3B0C9-SegmentedRaftLogWorker for RaftStorage:Storage Directory /workdir/hadoop-ozone/integration-test/target/test-dir/MiniOzoneClusterImpl-b44bfc70-173c-43e3-9456-d6fc7d130422/datanode-5/data/ratis/f5e97734-7dae-41bb-bc48-c9e2b5b3b0c9
2019-10-11 04:44:04,176 [pool-719-thread-1] INFO  server.RaftServerConfigKeys (ConfUtils.java:logGet(43)) - raft.server.log.use.memory = false (default)
2019-10-11 04:44:04,176 [pool-729-thread-1] INFO  server.RaftServerConfigKeys (ConfUtils.java:logGet(43)) - raft.server.log.queue.byte-limit = 2147483647 (custom)
2019-10-11 04:44:04,176 [pool-729-thread-1] INFO  server.RaftServerConfigKeys (ConfUtils.java:logGet(43)) - raft.server.log.queue.element-limit = 1024 (custom)
2019-10-11 04:44:04,176 [pool-699-thread-1] INFO  server.RaftServerConfigKeys (ConfUtils.java:logGet(43)) - raft.server.log.purge.gap = 1000000 (custom)
2019-10-11 04:44:04,177 [pool-729-thread-1] INFO  server.RaftServerConfigKeys (ConfUtils.java:logGet(43)) - raft.server.log.segment.size.max = 1048576 (custom)
2019-10-11 04:44:04,176 [pool-719-thread-1] INFO  server.RaftServerConfigKeys (ConfUtils.java:logGet(43)) - raft.server.log.purge.gap = 1000000 (custom)
2019-10-11 04:44:04,177 [pool-729-thread-1] INFO  server.RaftServerConfigKeys (ConfUtils.java:logGet(43)) - raft.server.log.preallocated.size = 16384 (custom)
2019-10-11 04:44:04,177 [pool-699-thread-1] INFO  server.RaftServerConfigKeys (ConfUtils.java:logGet(43)) - raft.server.log.appender.buffer.byte-limit = 33554432 (custom)
2019-10-11 04:44:04,177 [pool-729-thread-1] INFO  server.RaftServerConfigKeys (ConfUtils.java:logGet(43)) - raft.server.log.write.buffer.size = 33554432 (custom)
2019-10-11 04:44:04,178 [pool-729-thread-1] INFO  server.RaftServerConfigKeys (ConfUtils.java:logGet(43)) - raft.server.log.force.sync.num = 128 (default)
2019-10-11 04:44:04,177 [pool-719-thread-1] INFO  server.RaftServerConfigKeys (ConfUtils.java:logGet(43)) - raft.server.log.appender.buffer.byte-limit = 33554432 (custom)
2019-10-11 04:44:04,178 [pool-729-thread-1] INFO  server.RaftServerConfigKeys (ConfUtils.java:logGet(43)) - raft.server.log.statemachine.data.sync = true (default)
2019-10-11 04:44:04,177 [pool-699-thread-1] INFO  server.RaftServerConfigKeys (ConfUtils.java:logGet(43)) - raft.server.log.segment.size.max = 1048576 (custom)
2019-10-11 04:44:04,178 [pool-729-thread-1] INFO  server.RaftServerConfigKeys (ConfUtils.java:logGet(43)) - raft.server.log.statemachine.data.sync.timeout = 10s (default)
2019-10-11 04:44:04,178 [pool-719-thread-1] INFO  server.RaftServerConfigKeys (ConfUtils.java:logGet(43)) - raft.server.log.segment.size.max = 1048576 (custom)
2019-10-11 04:44:04,178 [pool-729-thread-1] INFO  server.RaftServerConfigKeys (ConfUtils.java:logGet(43)) - raft.server.log.statemachine.data.sync.timeout.retry = -1 (default)
2019-10-11 04:44:04,178 [pool-699-thread-1] INFO  server.RaftServerConfigKeys (ConfUtils.java:logGet(43)) - raft.server.log.segment.cache.num.max = 2 (custom)
2019-10-11 04:44:04,179 [pool-729-thread-1] INFO  server.RaftServerConfigKeys (ConfUtils.java:logGet(43)) - raft.server.log.statemachine.data.caching.enabled = true (custom)
2019-10-11 04:44:04,178 [pool-719-thread-1] INFO  server.RaftServerConfigKeys (ConfUtils.java:logGet(43)) - raft.server.log.segment.cache.num.max = 2 (custom)
2019-10-11 04:44:04,179 [pool-729-thread-1] INFO  segmented.SegmentedRaftLogWorker (SegmentedRaftLogWorker.java:lambda$new$0(132)) - 279ed7c7-79fc-45b0-972c-b02df9246810@group-C9E2B5B3B0C9-SegmentedRaftLogWorker: flushIndex: setUnconditionally 0 -> -1
2019-10-11 04:44:04,179 [pool-719-thread-1] INFO  segmented.SegmentedRaftLogWorker (SegmentedRaftLogWorker.java:<init>(172)) - new a0be1567-3b57-484c-aa98-eeb9bc07b4e0@group-C9E2B5B3B0C9-SegmentedRaftLogWorker for RaftStorage:Storage Directory /workdir/hadoop-ozone/integration-test/target/test-dir/MiniOzoneClusterImpl-b44bfc70-173c-43e3-9456-d6fc7d130422/datanode-4/data/ratis/f5e97734-7dae-41bb-bc48-c9e2b5b3b0c9
2019-10-11 04:44:04,179 [pool-699-thread-1] INFO  segmented.SegmentedRaftLogWorker (SegmentedRaftLogWorker.java:<init>(172)) - new 0200e9fc-e606-40f3-99f6-f4679a9f9c17@group-C9E2B5B3B0C9-SegmentedRaftLogWorker for RaftStorage:Storage Directory /workdir/hadoop-ozone/integration-test/target/test-dir/MiniOzoneClusterImpl-b44bfc70-173c-43e3-9456-d6fc7d130422/datanode-2/data/ratis/f5e97734-7dae-41bb-bc48-c9e2b5b3b0c9
2019-10-11 04:44:04,179 [pool-729-thread-1] INFO  server.RaftServerConfigKeys (ConfUtils.java:logGet(43)) - raft.server.snapshot.auto.trigger.enabled = true (custom)
2019-10-11 04:44:04,179 [pool-719-thread-1] INFO  server.RaftServerConfigKeys (ConfUtils.java:logGet(43)) - raft.server.log.queue.byte-limit = 2147483647 (custom)
2019-10-11 04:44:04,180 [pool-729-thread-1] INFO  server.RaftServerConfigKeys (ConfUtils.java:logGet(43)) - raft.server.snapshot.auto.trigger.threshold = 10000 (custom)
2019-10-11 04:44:04,179 [pool-699-thread-1] INFO  server.RaftServerConfigKeys (ConfUtils.java:logGet(43)) - raft.server.log.queue.byte-limit = 2147483647 (custom)
2019-10-11 04:44:04,180 [pool-729-thread-1] INFO  server.RaftServerConfigKeys (ConfUtils.java:logGet(43)) - raft.server.snapshot.retention.num.files = 5 (custom)
2019-10-11 04:44:04,180 [pool-719-thread-1] INFO  server.RaftServerConfigKeys (ConfUtils.java:logGet(43)) - raft.server.log.queue.element-limit = 1024 (custom)
2019-10-11 04:44:04,180 [pool-729-thread-1] INFO  server.RaftServerConfigKeys (ConfUtils.java:logGet(43)) - raft.server.retrycache.expirytime = 600000ms (custom)
2019-10-11 04:44:04,180 [pool-699-thread-1] INFO  server.RaftServerConfigKeys (ConfUtils.java:logGet(43)) - raft.server.log.queue.element-limit = 1024 (custom)
2019-10-11 04:44:04,180 [pool-719-thread-1] INFO  server.RaftServerConfigKeys (ConfUtils.java:logGet(43)) - raft.server.log.segment.size.max = 1048576 (custom)
2019-10-11 04:44:04,181 [pool-699-thread-1] INFO  server.RaftServerConfigKeys (ConfUtils.java:logGet(43)) - raft.server.log.segment.size.max = 1048576 (custom)
2019-10-11 04:44:04,181 [pool-719-thread-1] INFO  server.RaftServerConfigKeys (ConfUtils.java:logGet(43)) - raft.server.log.preallocated.size = 16384 (custom)
2019-10-11 04:44:04,181 [pool-699-thread-1] INFO  server.RaftServerConfigKeys (ConfUtils.java:logGet(43)) - raft.server.log.preallocated.size = 16384 (custom)
2019-10-11 04:44:04,181 [pool-719-thread-1] INFO  server.RaftServerConfigKeys (ConfUtils.java:logGet(43)) - raft.server.log.write.buffer.size = 33554432 (custom)
2019-10-11 04:44:04,181 [pool-699-thread-1] INFO  server.RaftServerConfigKeys (ConfUtils.java:logGet(43)) - raft.server.log.write.buffer.size = 33554432 (custom)
2019-10-11 04:44:04,181 [pool-719-thread-1] INFO  server.RaftServerConfigKeys (ConfUtils.java:logGet(43)) - raft.server.log.force.sync.num = 128 (default)
2019-10-11 04:44:04,181 [pool-699-thread-1] INFO  server.RaftServerConfigKeys (ConfUtils.java:logGet(43)) - raft.server.log.force.sync.num = 128 (default)
2019-10-11 04:44:04,182 [pool-719-thread-1] INFO  server.RaftServerConfigKeys (ConfUtils.java:logGet(43)) - raft.server.log.statemachine.data.sync = true (default)
2019-10-11 04:44:04,182 [pool-699-thread-1] INFO  server.RaftServerConfigKeys (ConfUtils.java:logGet(43)) - raft.server.log.statemachine.data.sync = true (default)
2019-10-11 04:44:04,182 [pool-729-thread-1] INFO  impl.RaftServerImpl (RaftServerImpl.java:start(185)) - 279ed7c7-79fc-45b0-972c-b02df9246810@group-C9E2B5B3B0C9: start as a follower, conf=-1: [279ed7c7-79fc-45b0-972c-b02df9246810:192.168.157.200:35749, 0200e9fc-e606-40f3-99f6-f4679a9f9c17:192.168.157.200:39966, a0be1567-3b57-484c-aa98-eeb9bc07b4e0:192.168.157.200:45492], old=null
2019-10-11 04:44:04,182 [pool-719-thread-1] INFO  server.RaftServerConfigKeys (ConfUtils.java:logGet(43)) - raft.server.log.statemachine.data.sync.timeout = 10s (default)
2019-10-11 04:44:04,182 [pool-729-thread-1] INFO  impl.RaftServerImpl (RaftServerImpl.java:setRole(174)) - 279ed7c7-79fc-45b0-972c-b02df9246810@group-C9E2B5B3B0C9: changes role from      null to FOLLOWER at term 0 for startAsFollower
2019-10-11 04:44:04,182 [pool-699-thread-1] INFO  server.RaftServerConfigKeys (ConfUtils.java:logGet(43)) - raft.server.log.statemachine.data.sync.timeout = 10s (default)
2019-10-11 04:44:04,182 [pool-729-thread-1] INFO  impl.RoleInfo (RoleInfo.java:updateAndGet(143)) - 279ed7c7-79fc-45b0-972c-b02df9246810: start FollowerState
2019-10-11 04:44:04,182 [pool-719-thread-1] INFO  server.RaftServerConfigKeys (ConfUtils.java:logGet(43)) - raft.server.log.statemachine.data.sync.timeout.retry = -1 (default)
2019-10-11 04:44:04,183 [pool-699-thread-1] INFO  server.RaftServerConfigKeys (ConfUtils.java:logGet(43)) - raft.server.log.statemachine.data.sync.timeout.retry = -1 (default)
2019-10-11 04:44:04,183 [pool-729-thread-1] INFO  util.JmxRegister (JmxRegister.java:tryRegister(44)) - Successfully registered JMX Bean with object name Ratis:service=RaftServer,group=group-C9E2B5B3B0C9,id=279ed7c7-79fc-45b0-972c-b02df9246810
2019-10-11 04:44:04,183 [pool-719-thread-1] INFO  server.RaftServerConfigKeys (ConfUtils.java:logGet(43)) - raft.server.log.statemachine.data.caching.enabled = true (custom)
2019-10-11 04:44:04,183 [pool-699-thread-1] INFO  server.RaftServerConfigKeys (ConfUtils.java:logGet(43)) - raft.server.log.statemachine.data.caching.enabled = true (custom)
2019-10-11 04:44:04,183 [pool-719-thread-1] INFO  segmented.SegmentedRaftLogWorker (SegmentedRaftLogWorker.java:lambda$new$0(132)) - a0be1567-3b57-484c-aa98-eeb9bc07b4e0@group-C9E2B5B3B0C9-SegmentedRaftLogWorker: flushIndex: setUnconditionally 0 -> -1
2019-10-11 04:44:04,184 [pool-699-thread-1] INFO  segmented.SegmentedRaftLogWorker (SegmentedRaftLogWorker.java:lambda$new$0(132)) - 0200e9fc-e606-40f3-99f6-f4679a9f9c17@group-C9E2B5B3B0C9-SegmentedRaftLogWorker: flushIndex: setUnconditionally 0 -> -1
2019-10-11 04:44:04,184 [pool-719-thread-1] INFO  server.RaftServerConfigKeys (ConfUtils.java:logGet(43)) - raft.server.snapshot.auto.trigger.enabled = true (custom)
2019-10-11 04:44:04,184 [pool-719-thread-1] INFO  server.RaftServerConfigKeys (ConfUtils.java:logGet(43)) - raft.server.snapshot.auto.trigger.threshold = 10000 (custom)
2019-10-11 04:44:04,184 [pool-699-thread-1] INFO  server.RaftServerConfigKeys (ConfUtils.java:logGet(43)) - raft.server.snapshot.auto.trigger.enabled = true (custom)
2019-10-11 04:44:04,184 [pool-719-thread-1] INFO  server.RaftServerConfigKeys (ConfUtils.java:logGet(43)) - raft.server.snapshot.retention.num.files = 5 (custom)
2019-10-11 04:44:04,184 [pool-699-thread-1] INFO  server.RaftServerConfigKeys (ConfUtils.java:logGet(43)) - raft.server.snapshot.auto.trigger.threshold = 10000 (custom)
2019-10-11 04:44:04,184 [pool-719-thread-1] INFO  server.RaftServerConfigKeys (ConfUtils.java:logGet(43)) - raft.server.retrycache.expirytime = 600000ms (custom)
2019-10-11 04:44:04,185 [pool-699-thread-1] INFO  server.RaftServerConfigKeys (ConfUtils.java:logGet(43)) - raft.server.snapshot.retention.num.files = 5 (custom)
2019-10-11 04:44:04,185 [pool-699-thread-1] INFO  server.RaftServerConfigKeys (ConfUtils.java:logGet(43)) - raft.server.retrycache.expirytime = 600000ms (custom)
2019-10-11 04:44:04,188 [pool-719-thread-1] INFO  impl.RaftServerImpl (RaftServerImpl.java:start(185)) - a0be1567-3b57-484c-aa98-eeb9bc07b4e0@group-C9E2B5B3B0C9: start as a follower, conf=-1: [279ed7c7-79fc-45b0-972c-b02df9246810:192.168.157.200:35749, 0200e9fc-e606-40f3-99f6-f4679a9f9c17:192.168.157.200:39966, a0be1567-3b57-484c-aa98-eeb9bc07b4e0:192.168.157.200:45492], old=null
2019-10-11 04:44:04,188 [pool-719-thread-1] INFO  impl.RaftServerImpl (RaftServerImpl.java:setRole(174)) - a0be1567-3b57-484c-aa98-eeb9bc07b4e0@group-C9E2B5B3B0C9: changes role from      null to FOLLOWER at term 0 for startAsFollower
2019-10-11 04:44:04,188 [pool-699-thread-1] INFO  impl.RaftServerImpl (RaftServerImpl.java:start(185)) - 0200e9fc-e606-40f3-99f6-f4679a9f9c17@group-C9E2B5B3B0C9: start as a follower, conf=-1: [279ed7c7-79fc-45b0-972c-b02df9246810:192.168.157.200:35749, 0200e9fc-e606-40f3-99f6-f4679a9f9c17:192.168.157.200:39966, a0be1567-3b57-484c-aa98-eeb9bc07b4e0:192.168.157.200:45492], old=null
2019-10-11 04:44:04,188 [pool-719-thread-1] INFO  impl.RoleInfo (RoleInfo.java:updateAndGet(143)) - a0be1567-3b57-484c-aa98-eeb9bc07b4e0: start FollowerState
2019-10-11 04:44:04,188 [pool-699-thread-1] INFO  impl.RaftServerImpl (RaftServerImpl.java:setRole(174)) - 0200e9fc-e606-40f3-99f6-f4679a9f9c17@group-C9E2B5B3B0C9: changes role from      null to FOLLOWER at term 0 for startAsFollower
2019-10-11 04:44:04,188 [pool-699-thread-1] INFO  impl.RoleInfo (RoleInfo.java:updateAndGet(143)) - 0200e9fc-e606-40f3-99f6-f4679a9f9c17: start FollowerState
2019-10-11 04:44:04,203 [pool-719-thread-1] INFO  util.JmxRegister (JmxRegister.java:tryRegister(44)) - Successfully registered JMX Bean with object name Ratis:service=RaftServer,group=group-C9E2B5B3B0C9,id=a0be1567-3b57-484c-aa98-eeb9bc07b4e0
2019-10-11 04:44:04,203 [pool-699-thread-1] INFO  util.JmxRegister (JmxRegister.java:tryRegister(44)) - Successfully registered JMX Bean with object name Ratis:service=RaftServer,group=group-C9E2B5B3B0C9,id=0200e9fc-e606-40f3-99f6-f4679a9f9c17
2019-10-11 04:44:04,217 [RatisPipelineUtilsThread] INFO  pipeline.PipelineStateManager (PipelineStateManager.java:addPipeline(56)) - Created pipeline Pipeline[ Id: f5e97734-7dae-41bb-bc48-c9e2b5b3b0c9, Nodes: a0be1567-3b57-484c-aa98-eeb9bc07b4e0{ip: 192.168.157.200, host: pr-hdds-1569-qjnzd-3726989565, networkLocation: /default-rack, certSerialId: null}279ed7c7-79fc-45b0-972c-b02df9246810{ip: 192.168.157.200, host: pr-hdds-1569-qjnzd-3726989565, networkLocation: /default-rack, certSerialId: null}0200e9fc-e606-40f3-99f6-f4679a9f9c17{ip: 192.168.157.200, host: pr-hdds-1569-qjnzd-3726989565, networkLocation: /default-rack, certSerialId: null}, Type:RATIS, Factor:THREE, State:OPEN]
2019-10-11 04:44:04,220 [grpc-default-executor-27] INFO  impl.RaftServerProxy (RaftServerProxy.java:addNew(89)) - 279ed7c7-79fc-45b0-972c-b02df9246810: addNew group-139FC92BB680:[279ed7c7-79fc-45b0-972c-b02df9246810:192.168.157.200:35749, 0200e9fc-e606-40f3-99f6-f4679a9f9c17:192.168.157.200:39966, a0be1567-3b57-484c-aa98-eeb9bc07b4e0:192.168.157.200:45492] returns group-139FC92BB680:java.util.concurrent.CompletableFuture@218e061e[Not completed]
2019-10-11 04:44:04,220 [grpc-default-executor-20] INFO  impl.RaftServerProxy (RaftServerProxy.java:addNew(89)) - 0200e9fc-e606-40f3-99f6-f4679a9f9c17: addNew group-139FC92BB680:[279ed7c7-79fc-45b0-972c-b02df9246810:192.168.157.200:35749, 0200e9fc-e606-40f3-99f6-f4679a9f9c17:192.168.157.200:39966, a0be1567-3b57-484c-aa98-eeb9bc07b4e0:192.168.157.200:45492] returns group-139FC92BB680:java.util.concurrent.CompletableFuture@3e3b5e36[Not completed]
2019-10-11 04:44:04,220 [grpc-default-executor-26] INFO  impl.RaftServerProxy (RaftServerProxy.java:addNew(89)) - a0be1567-3b57-484c-aa98-eeb9bc07b4e0: addNew group-139FC92BB680:[279ed7c7-79fc-45b0-972c-b02df9246810:192.168.157.200:35749, 0200e9fc-e606-40f3-99f6-f4679a9f9c17:192.168.157.200:39966, a0be1567-3b57-484c-aa98-eeb9bc07b4e0:192.168.157.200:45492] returns group-139FC92BB680:java.util.concurrent.CompletableFuture@30ffb0d6[Not completed]
2019-10-11 04:44:04,221 [pool-729-thread-1] INFO  impl.RaftServerImpl (RaftServerImpl.java:<init>(95)) - 279ed7c7-79fc-45b0-972c-b02df9246810: new RaftServerImpl for group-139FC92BB680:[279ed7c7-79fc-45b0-972c-b02df9246810:192.168.157.200:35749, 0200e9fc-e606-40f3-99f6-f4679a9f9c17:192.168.157.200:39966, a0be1567-3b57-484c-aa98-eeb9bc07b4e0:192.168.157.200:45492] with ContainerStateMachine:uninitialized
2019-10-11 04:44:04,221 [pool-729-thread-1] INFO  server.RaftServerConfigKeys (ConfUtils.java:logGet(43)) - raft.server.rpc.timeout.min = 5s (custom)
2019-10-11 04:44:04,221 [pool-729-thread-1] INFO  server.RaftServerConfigKeys (ConfUtils.java:logGet(43)) - raft.server.rpc.timeout.max = 5200ms (custom)
2019-10-11 04:44:04,221 [pool-729-thread-1] INFO  server.RaftServerConfigKeys (ConfUtils.java:logGet(43)) - raft.server.rpcslowness.timeout = 120s (custom)
2019-10-11 04:44:04,222 [pool-719-thread-1] INFO  impl.RaftServerImpl (RaftServerImpl.java:<init>(95)) - a0be1567-3b57-484c-aa98-eeb9bc07b4e0: new RaftServerImpl for group-139FC92BB680:[279ed7c7-79fc-45b0-972c-b02df9246810:192.168.157.200:35749, 0200e9fc-e606-40f3-99f6-f4679a9f9c17:192.168.157.200:39966, a0be1567-3b57-484c-aa98-eeb9bc07b4e0:192.168.157.200:45492] with ContainerStateMachine:uninitialized
2019-10-11 04:44:04,222 [pool-729-thread-1] INFO  server.RaftServerConfigKeys (ConfUtils.java:logGet(43)) - raft.server.sleep.deviation.threshold = 300 (default)
2019-10-11 04:44:04,222 [pool-719-thread-1] INFO  server.RaftServerConfigKeys (ConfUtils.java:logGet(43)) - raft.server.rpc.timeout.min = 5s (custom)
2019-10-11 04:44:04,222 [pool-729-thread-1] INFO  server.RaftServerConfigKeys (ConfUtils.java:logGet(43)) - raft.server.log.appender.install.snapshot.enabled = false (custom)
2019-10-11 04:44:04,222 [pool-719-thread-1] INFO  server.RaftServerConfigKeys (ConfUtils.java:logGet(43)) - raft.server.rpc.timeout.max = 5200ms (custom)
2019-10-11 04:44:04,222 [pool-719-thread-1] INFO  server.RaftServerConfigKeys (ConfUtils.java:logGet(43)) - raft.server.rpcslowness.timeout = 120s (custom)
2019-10-11 04:44:04,222 [pool-729-thread-1] INFO  impl.RaftServerImpl (ServerState.java:<init>(103)) - 279ed7c7-79fc-45b0-972c-b02df9246810@group-139FC92BB680: ConfigurationManager, init=-1: [279ed7c7-79fc-45b0-972c-b02df9246810:192.168.157.200:35749, 0200e9fc-e606-40f3-99f6-f4679a9f9c17:192.168.157.200:39966, a0be1567-3b57-484c-aa98-eeb9bc07b4e0:192.168.157.200:45492], old=null, confs=<EMPTY_MAP>
2019-10-11 04:44:04,222 [pool-719-thread-1] INFO  server.RaftServerConfigKeys (ConfUtils.java:logGet(43)) - raft.server.sleep.deviation.threshold = 300 (default)
2019-10-11 04:44:04,222 [pool-699-thread-1] INFO  impl.RaftServerImpl (RaftServerImpl.java:<init>(95)) - 0200e9fc-e606-40f3-99f6-f4679a9f9c17: new RaftServerImpl for group-139FC92BB680:[279ed7c7-79fc-45b0-972c-b02df9246810:192.168.157.200:35749, 0200e9fc-e606-40f3-99f6-f4679a9f9c17:192.168.157.200:39966, a0be1567-3b57-484c-aa98-eeb9bc07b4e0:192.168.157.200:45492] with ContainerStateMachine:uninitialized
2019-10-11 04:44:04,223 [pool-719-thread-1] INFO  server.RaftServerConfigKeys (ConfUtils.java:logGet(43)) - raft.server.log.appender.install.snapshot.enabled = false (custom)
2019-10-11 04:44:04,223 [pool-729-thread-1] INFO  server.RaftServerConfigKeys (ConfUtils.java:logGet(43)) - raft.server.storage.dir = [/workdir/hadoop-ozone/integration-test/target/test-dir/MiniOzoneClusterImpl-b44bfc70-173c-43e3-9456-d6fc7d130422/datanode-5/data/ratis] (custom)
2019-10-11 04:44:04,223 [pool-719-thread-1] INFO  impl.RaftServerImpl (ServerState.java:<init>(103)) - a0be1567-3b57-484c-aa98-eeb9bc07b4e0@group-139FC92BB680: ConfigurationManager, init=-1: [279ed7c7-79fc-45b0-972c-b02df9246810:192.168.157.200:35749, 0200e9fc-e606-40f3-99f6-f4679a9f9c17:192.168.157.200:39966, a0be1567-3b57-484c-aa98-eeb9bc07b4e0:192.168.157.200:45492], old=null, confs=<EMPTY_MAP>
2019-10-11 04:44:04,223 [pool-699-thread-1] INFO  server.RaftServerConfigKeys (ConfUtils.java:logGet(43)) - raft.server.rpc.timeout.min = 5s (custom)
2019-10-11 04:44:04,223 [pool-719-thread-1] INFO  server.RaftServerConfigKeys (ConfUtils.java:logGet(43)) - raft.server.storage.dir = [/workdir/hadoop-ozone/integration-test/target/test-dir/MiniOzoneClusterImpl-b44bfc70-173c-43e3-9456-d6fc7d130422/datanode-4/data/ratis] (custom)
2019-10-11 04:44:04,223 [pool-699-thread-1] INFO  server.RaftServerConfigKeys (ConfUtils.java:logGet(43)) - raft.server.rpc.timeout.max = 5200ms (custom)
2019-10-11 04:44:04,223 [pool-729-thread-1] INFO  storage.RaftStorageDirectory (RaftStorageDirectory.java:analyzeStorage(246)) - The storage directory /workdir/hadoop-ozone/integration-test/target/test-dir/MiniOzoneClusterImpl-b44bfc70-173c-43e3-9456-d6fc7d130422/datanode-5/data/ratis/bec7fd5d-fffa-4f95-ad78-139fc92bb680 does not exist. Creating ...
2019-10-11 04:44:04,224 [pool-719-thread-1] INFO  storage.RaftStorageDirectory (RaftStorageDirectory.java:analyzeStorage(246)) - The storage directory /workdir/hadoop-ozone/integration-test/target/test-dir/MiniOzoneClusterImpl-b44bfc70-173c-43e3-9456-d6fc7d130422/datanode-4/data/ratis/bec7fd5d-fffa-4f95-ad78-139fc92bb680 does not exist. Creating ...
2019-10-11 04:44:04,224 [pool-699-thread-1] INFO  server.RaftServerConfigKeys (ConfUtils.java:logGet(43)) - raft.server.rpcslowness.timeout = 120s (custom)
2019-10-11 04:44:04,224 [pool-699-thread-1] INFO  server.RaftServerConfigKeys (ConfUtils.java:logGet(43)) - raft.server.sleep.deviation.threshold = 300 (default)
2019-10-11 04:44:04,224 [pool-699-thread-1] INFO  server.RaftServerConfigKeys (ConfUtils.java:logGet(43)) - raft.server.log.appender.install.snapshot.enabled = false (custom)
2019-10-11 04:44:04,224 [pool-699-thread-1] INFO  impl.RaftServerImpl (ServerState.java:<init>(103)) - 0200e9fc-e606-40f3-99f6-f4679a9f9c17@group-139FC92BB680: ConfigurationManager, init=-1: [279ed7c7-79fc-45b0-972c-b02df9246810:192.168.157.200:35749, 0200e9fc-e606-40f3-99f6-f4679a9f9c17:192.168.157.200:39966, a0be1567-3b57-484c-aa98-eeb9bc07b4e0:192.168.157.200:45492], old=null, confs=<EMPTY_MAP>
2019-10-11 04:44:04,224 [pool-699-thread-1] INFO  server.RaftServerConfigKeys (ConfUtils.java:logGet(43)) - raft.server.storage.dir = [/workdir/hadoop-ozone/integration-test/target/test-dir/MiniOzoneClusterImpl-b44bfc70-173c-43e3-9456-d6fc7d130422/datanode-2/data/ratis] (custom)
2019-10-11 04:44:04,225 [pool-699-thread-1] INFO  storage.RaftStorageDirectory (RaftStorageDirectory.java:analyzeStorage(246)) - The storage directory /workdir/hadoop-ozone/integration-test/target/test-dir/MiniOzoneClusterImpl-b44bfc70-173c-43e3-9456-d6fc7d130422/datanode-2/data/ratis/bec7fd5d-fffa-4f95-ad78-139fc92bb680 does not exist. Creating ...
2019-10-11 04:44:04,245 [pool-699-thread-1] INFO  storage.RaftStorageDirectory (RaftStorageDirectory.java:tryLock(328)) - Lock on /workdir/hadoop-ozone/integration-test/target/test-dir/MiniOzoneClusterImpl-b44bfc70-173c-43e3-9456-d6fc7d130422/datanode-2/data/ratis/bec7fd5d-fffa-4f95-ad78-139fc92bb680/in_use.lock acquired by nodename 16509@pr-hdds-1569-qjnzd-3726989565
2019-10-11 04:44:04,245 [pool-719-thread-1] INFO  storage.RaftStorageDirectory (RaftStorageDirectory.java:tryLock(328)) - Lock on /workdir/hadoop-ozone/integration-test/target/test-dir/MiniOzoneClusterImpl-b44bfc70-173c-43e3-9456-d6fc7d130422/datanode-4/data/ratis/bec7fd5d-fffa-4f95-ad78-139fc92bb680/in_use.lock acquired by nodename 16509@pr-hdds-1569-qjnzd-3726989565
2019-10-11 04:44:04,245 [pool-729-thread-1] INFO  storage.RaftStorageDirectory (RaftStorageDirectory.java:tryLock(328)) - Lock on /workdir/hadoop-ozone/integration-test/target/test-dir/MiniOzoneClusterImpl-b44bfc70-173c-43e3-9456-d6fc7d130422/datanode-5/data/ratis/bec7fd5d-fffa-4f95-ad78-139fc92bb680/in_use.lock acquired by nodename 16509@pr-hdds-1569-qjnzd-3726989565
2019-10-11 04:44:04,258 [pool-699-thread-1] INFO  storage.RaftStorage (RaftStorage.java:format(72)) - Storage directory /workdir/hadoop-ozone/integration-test/target/test-dir/MiniOzoneClusterImpl-b44bfc70-173c-43e3-9456-d6fc7d130422/datanode-2/data/ratis/bec7fd5d-fffa-4f95-ad78-139fc92bb680 has been successfully formatted.
2019-10-11 04:44:04,259 [pool-729-thread-1] INFO  storage.RaftStorage (RaftStorage.java:format(72)) - Storage directory /workdir/hadoop-ozone/integration-test/target/test-dir/MiniOzoneClusterImpl-b44bfc70-173c-43e3-9456-d6fc7d130422/datanode-5/data/ratis/bec7fd5d-fffa-4f95-ad78-139fc92bb680 has been successfully formatted.
2019-10-11 04:44:04,259 [pool-719-thread-1] INFO  storage.RaftStorage (RaftStorage.java:format(72)) - Storage directory /workdir/hadoop-ozone/integration-test/target/test-dir/MiniOzoneClusterImpl-b44bfc70-173c-43e3-9456-d6fc7d130422/datanode-4/data/ratis/bec7fd5d-fffa-4f95-ad78-139fc92bb680 has been successfully formatted.
2019-10-11 04:44:04,259 [pool-729-thread-1] INFO  ratis.ContainerStateMachine (ContainerStateMachine.java:loadSnapshot(230)) - group-139FC92BB680: The snapshot info is null. Setting the last applied indexto:(t:0, i:~)
2019-10-11 04:44:04,259 [pool-699-thread-1] INFO  ratis.ContainerStateMachine (ContainerStateMachine.java:loadSnapshot(230)) - group-139FC92BB680: The snapshot info is null. Setting the last applied indexto:(t:0, i:~)
2019-10-11 04:44:04,259 [pool-729-thread-1] INFO  server.RaftServerConfigKeys (ConfUtils.java:logGet(43)) - raft.server.notification.no-leader.timeout = 120s (custom)
2019-10-11 04:44:04,259 [pool-719-thread-1] INFO  ratis.ContainerStateMachine (ContainerStateMachine.java:loadSnapshot(230)) - group-139FC92BB680: The snapshot info is null. Setting the last applied indexto:(t:0, i:~)
2019-10-11 04:44:04,259 [pool-729-thread-1] INFO  server.RaftServerConfigKeys (ConfUtils.java:logGet(43)) - raft.server.log.use.memory = false (default)
2019-10-11 04:44:04,259 [pool-699-thread-1] INFO  server.RaftServerConfigKeys (ConfUtils.java:logGet(43)) - raft.server.notification.no-leader.timeout = 120s (custom)
2019-10-11 04:44:04,260 [pool-729-thread-1] INFO  server.RaftServerConfigKeys (ConfUtils.java:logGet(43)) - raft.server.log.purge.gap = 1000000 (custom)
2019-10-11 04:44:04,260 [pool-719-thread-1] INFO  server.RaftServerConfigKeys (ConfUtils.java:logGet(43)) - raft.server.notification.no-leader.timeout = 120s (custom)
2019-10-11 04:44:04,260 [pool-729-thread-1] INFO  server.RaftServerConfigKeys (ConfUtils.java:logGet(43)) - raft.server.log.appender.buffer.byte-limit = 33554432 (custom)
2019-10-11 04:44:04,260 [pool-699-thread-1] INFO  server.RaftServerConfigKeys (ConfUtils.java:logGet(43)) - raft.server.log.use.memory = false (default)
2019-10-11 04:44:04,260 [pool-729-thread-1] INFO  server.RaftServerConfigKeys (ConfUtils.java:logGet(43)) - raft.server.log.segment.size.max = 1048576 (custom)
2019-10-11 04:44:04,260 [pool-719-thread-1] INFO  server.RaftServerConfigKeys (ConfUtils.java:logGet(43)) - raft.server.log.use.memory = false (default)
2019-10-11 04:44:04,261 [pool-729-thread-1] INFO  server.RaftServerConfigKeys (ConfUtils.java:logGet(43)) - raft.server.log.segment.cache.num.max = 2 (custom)
2019-10-11 04:44:04,260 [pool-699-thread-1] INFO  server.RaftServerConfigKeys (ConfUtils.java:logGet(43)) - raft.server.log.purge.gap = 1000000 (custom)
2019-10-11 04:44:04,261 [pool-729-thread-1] INFO  segmented.SegmentedRaftLogWorker (SegmentedRaftLogWorker.java:<init>(172)) - new 279ed7c7-79fc-45b0-972c-b02df9246810@group-139FC92BB680-SegmentedRaftLogWorker for RaftStorage:Storage Directory /workdir/hadoop-ozone/integration-test/target/test-dir/MiniOzoneClusterImpl-b44bfc70-173c-43e3-9456-d6fc7d130422/datanode-5/data/ratis/bec7fd5d-fffa-4f95-ad78-139fc92bb680
2019-10-11 04:44:04,261 [pool-719-thread-1] INFO  server.RaftServerConfigKeys (ConfUtils.java:logGet(43)) - raft.server.log.purge.gap = 1000000 (custom)
2019-10-11 04:44:04,261 [pool-729-thread-1] INFO  server.RaftServerConfigKeys (ConfUtils.java:logGet(43)) - raft.server.log.queue.byte-limit = 2147483647 (custom)
2019-10-11 04:44:04,261 [pool-699-thread-1] INFO  server.RaftServerConfigKeys (ConfUtils.java:logGet(43)) - raft.server.log.appender.buffer.byte-limit = 33554432 (custom)
2019-10-11 04:44:04,261 [pool-729-thread-1] INFO  server.RaftServerConfigKeys (ConfUtils.java:logGet(43)) - raft.server.log.queue.element-limit = 1024 (custom)
2019-10-11 04:44:04,261 [pool-719-thread-1] INFO  server.RaftServerConfigKeys (ConfUtils.java:logGet(43)) - raft.server.log.appender.buffer.byte-limit = 33554432 (custom)
2019-10-11 04:44:04,262 [pool-729-thread-1] INFO  server.RaftServerConfigKeys (ConfUtils.java:logGet(43)) - raft.server.log.segment.size.max = 1048576 (custom)
2019-10-11 04:44:04,262 [pool-699-thread-1] INFO  server.RaftServerConfigKeys (ConfUtils.java:logGet(43)) - raft.server.log.segment.size.max = 1048576 (custom)
2019-10-11 04:44:04,262 [pool-729-thread-1] INFO  server.RaftServerConfigKeys (ConfUtils.java:logGet(43)) - raft.server.log.preallocated.size = 16384 (custom)
2019-10-11 04:44:04,262 [pool-729-thread-1] INFO  server.RaftServerConfigKeys (ConfUtils.java:logGet(43)) - raft.server.log.write.buffer.size = 33554432 (custom)
2019-10-11 04:44:04,262 [pool-719-thread-1] INFO  server.RaftServerConfigKeys (ConfUtils.java:logGet(43)) - raft.server.log.segment.size.max = 1048576 (custom)
2019-10-11 04:44:04,262 [pool-729-thread-1] INFO  server.RaftServerConfigKeys (ConfUtils.java:logGet(43)) - raft.server.log.force.sync.num = 128 (default)
2019-10-11 04:44:04,263 [pool-729-thread-1] INFO  server.RaftServerConfigKeys (ConfUtils.java:logGet(43)) - raft.server.log.statemachine.data.sync = true (default)
2019-10-11 04:44:04,262 [pool-699-thread-1] INFO  server.RaftServerConfigKeys (ConfUtils.java:logGet(43)) - raft.server.log.segment.cache.num.max = 2 (custom)
2019-10-11 04:44:04,263 [pool-729-thread-1] INFO  server.RaftServerConfigKeys (ConfUtils.java:logGet(43)) - raft.server.log.statemachine.data.sync.timeout = 10s (default)
2019-10-11 04:44:04,263 [pool-719-thread-1] INFO  server.RaftServerConfigKeys (ConfUtils.java:logGet(43)) - raft.server.log.segment.cache.num.max = 2 (custom)
2019-10-11 04:44:04,263 [pool-729-thread-1] INFO  server.RaftServerConfigKeys (ConfUtils.java:logGet(43)) - raft.server.log.statemachine.data.sync.timeout.retry = -1 (default)
2019-10-11 04:44:04,263 [pool-699-thread-1] INFO  segmented.SegmentedRaftLogWorker (SegmentedRaftLogWorker.java:<init>(172)) - new 0200e9fc-e606-40f3-99f6-f4679a9f9c17@group-139FC92BB680-SegmentedRaftLogWorker for RaftStorage:Storage Directory /workdir/hadoop-ozone/integration-test/target/test-dir/MiniOzoneClusterImpl-b44bfc70-173c-43e3-9456-d6fc7d130422/datanode-2/data/ratis/bec7fd5d-fffa-4f95-ad78-139fc92bb680
2019-10-11 04:44:04,263 [pool-729-thread-1] INFO  server.RaftServerConfigKeys (ConfUtils.java:logGet(43)) - raft.server.log.statemachine.data.caching.enabled = true (custom)
2019-10-11 04:44:04,263 [pool-719-thread-1] INFO  segmented.SegmentedRaftLogWorker (SegmentedRaftLogWorker.java:<init>(172)) - new a0be1567-3b57-484c-aa98-eeb9bc07b4e0@group-139FC92BB680-SegmentedRaftLogWorker for RaftStorage:Storage Directory /workdir/hadoop-ozone/integration-test/target/test-dir/MiniOzoneClusterImpl-b44bfc70-173c-43e3-9456-d6fc7d130422/datanode-4/data/ratis/bec7fd5d-fffa-4f95-ad78-139fc92bb680
2019-10-11 04:44:04,264 [pool-699-thread-1] INFO  server.RaftServerConfigKeys (ConfUtils.java:logGet(43)) - raft.server.log.queue.byte-limit = 2147483647 (custom)
2019-10-11 04:44:04,264 [pool-719-thread-1] INFO  server.RaftServerConfigKeys (ConfUtils.java:logGet(43)) - raft.server.log.queue.byte-limit = 2147483647 (custom)
2019-10-11 04:44:04,264 [pool-729-thread-1] INFO  segmented.SegmentedRaftLogWorker (SegmentedRaftLogWorker.java:lambda$new$0(132)) - 279ed7c7-79fc-45b0-972c-b02df9246810@group-139FC92BB680-SegmentedRaftLogWorker: flushIndex: setUnconditionally 0 -> -1
2019-10-11 04:44:04,264 [pool-719-thread-1] INFO  server.RaftServerConfigKeys (ConfUtils.java:logGet(43)) - raft.server.log.queue.element-limit = 1024 (custom)
2019-10-11 04:44:04,264 [pool-699-thread-1] INFO  server.RaftServerConfigKeys (ConfUtils.java:logGet(43)) - raft.server.log.queue.element-limit = 1024 (custom)
2019-10-11 04:44:04,264 [pool-729-thread-1] INFO  server.RaftServerConfigKeys (ConfUtils.java:logGet(43)) - raft.server.snapshot.auto.trigger.enabled = true (custom)
2019-10-11 04:44:04,264 [pool-719-thread-1] INFO  server.RaftServerConfigKeys (ConfUtils.java:logGet(43)) - raft.server.log.segment.size.max = 1048576 (custom)
2019-10-11 04:44:04,265 [pool-729-thread-1] INFO  server.RaftServerConfigKeys (ConfUtils.java:logGet(43)) - raft.server.snapshot.auto.trigger.threshold = 10000 (custom)
2019-10-11 04:44:04,265 [pool-699-thread-1] INFO  server.RaftServerConfigKeys (ConfUtils.java:logGet(43)) - raft.server.log.segment.size.max = 1048576 (custom)
2019-10-11 04:44:04,265 [pool-729-thread-1] INFO  server.RaftServerConfigKeys (ConfUtils.java:logGet(43)) - raft.server.snapshot.retention.num.files = 5 (custom)
2019-10-11 04:44:04,265 [pool-719-thread-1] INFO  server.RaftServerConfigKeys (ConfUtils.java:logGet(43)) - raft.server.log.preallocated.size = 16384 (custom)
2019-10-11 04:44:04,265 [pool-729-thread-1] INFO  server.RaftServerConfigKeys (ConfUtils.java:logGet(43)) - raft.server.retrycache.expirytime = 600000ms (custom)
2019-10-11 04:44:04,265 [pool-699-thread-1] INFO  server.RaftServerConfigKeys (ConfUtils.java:logGet(43)) - raft.server.log.preallocated.size = 16384 (custom)
2019-10-11 04:44:04,265 [pool-719-thread-1] INFO  server.RaftServerConfigKeys (ConfUtils.java:logGet(43)) - raft.server.log.write.buffer.size = 33554432 (custom)
2019-10-11 04:44:04,266 [pool-699-thread-1] INFO  server.RaftServerConfigKeys (ConfUtils.java:logGet(43)) - raft.server.log.write.buffer.size = 33554432 (custom)
2019-10-11 04:44:04,266 [pool-719-thread-1] INFO  server.RaftServerConfigKeys (ConfUtils.java:logGet(43)) - raft.server.log.force.sync.num = 128 (default)
2019-10-11 04:44:04,266 [pool-699-thread-1] INFO  server.RaftServerConfigKeys (ConfUtils.java:logGet(43)) - raft.server.log.force.sync.num = 128 (default)
2019-10-11 04:44:04,266 [pool-719-thread-1] INFO  server.RaftServerConfigKeys (ConfUtils.java:logGet(43)) - raft.server.log.statemachine.data.sync = true (default)
2019-10-11 04:44:04,266 [pool-699-thread-1] INFO  server.RaftServerConfigKeys (ConfUtils.java:logGet(43)) - raft.server.log.statemachine.data.sync = true (default)
2019-10-11 04:44:04,266 [pool-719-thread-1] INFO  server.RaftServerConfigKeys (ConfUtils.java:logGet(43)) - raft.server.log.statemachine.data.sync.timeout = 10s (default)
2019-10-11 04:44:04,267 [pool-699-thread-1] INFO  server.RaftServerConfigKeys (ConfUtils.java:logGet(43)) - raft.server.log.statemachine.data.sync.timeout = 10s (default)
2019-10-11 04:44:04,267 [pool-719-thread-1] INFO  server.RaftServerConfigKeys (ConfUtils.java:logGet(43)) - raft.server.log.statemachine.data.sync.timeout.retry = -1 (default)
2019-10-11 04:44:04,267 [pool-699-thread-1] INFO  server.RaftServerConfigKeys (ConfUtils.java:logGet(43)) - raft.server.log.statemachine.data.sync.timeout.retry = -1 (default)
2019-10-11 04:44:04,267 [pool-719-thread-1] INFO  server.RaftServerConfigKeys (ConfUtils.java:logGet(43)) - raft.server.log.statemachine.data.caching.enabled = true (custom)
2019-10-11 04:44:04,267 [pool-729-thread-1] INFO  impl.RaftServerImpl (RaftServerImpl.java:start(185)) - 279ed7c7-79fc-45b0-972c-b02df9246810@group-139FC92BB680: start as a follower, conf=-1: [279ed7c7-79fc-45b0-972c-b02df9246810:192.168.157.200:35749, 0200e9fc-e606-40f3-99f6-f4679a9f9c17:192.168.157.200:39966, a0be1567-3b57-484c-aa98-eeb9bc07b4e0:192.168.157.200:45492], old=null
2019-10-11 04:44:04,267 [pool-699-thread-1] INFO  server.RaftServerConfigKeys (ConfUtils.java:logGet(43)) - raft.server.log.statemachine.data.caching.enabled = true (custom)
2019-10-11 04:44:04,267 [pool-729-thread-1] INFO  impl.RaftServerImpl (RaftServerImpl.java:setRole(174)) - 279ed7c7-79fc-45b0-972c-b02df9246810@group-139FC92BB680: changes role from      null to FOLLOWER at term 0 for startAsFollower
2019-10-11 04:44:04,268 [pool-699-thread-1] INFO  segmented.SegmentedRaftLogWorker (SegmentedRaftLogWorker.java:lambda$new$0(132)) - 0200e9fc-e606-40f3-99f6-f4679a9f9c17@group-139FC92BB680-SegmentedRaftLogWorker: flushIndex: setUnconditionally 0 -> -1
2019-10-11 04:44:04,267 [pool-719-thread-1] INFO  segmented.SegmentedRaftLogWorker (SegmentedRaftLogWorker.java:lambda$new$0(132)) - a0be1567-3b57-484c-aa98-eeb9bc07b4e0@group-139FC92BB680-SegmentedRaftLogWorker: flushIndex: setUnconditionally 0 -> -1
2019-10-11 04:44:04,268 [pool-729-thread-1] INFO  impl.RoleInfo (RoleInfo.java:updateAndGet(143)) - 279ed7c7-79fc-45b0-972c-b02df9246810: start FollowerState
2019-10-11 04:44:04,268 [pool-699-thread-1] INFO  server.RaftServerConfigKeys (ConfUtils.java:logGet(43)) - raft.server.snapshot.auto.trigger.enabled = true (custom)
2019-10-11 04:44:04,268 [pool-719-thread-1] INFO  server.RaftServerConfigKeys (ConfUtils.java:logGet(43)) - raft.server.snapshot.auto.trigger.enabled = true (custom)
2019-10-11 04:44:04,268 [pool-699-thread-1] INFO  server.RaftServerConfigKeys (ConfUtils.java:logGet(43)) - raft.server.snapshot.auto.trigger.threshold = 10000 (custom)
2019-10-11 04:44:04,268 [pool-729-thread-1] INFO  util.JmxRegister (JmxRegister.java:tryRegister(44)) - Successfully registered JMX Bean with object name Ratis:service=RaftServer,group=group-139FC92BB680,id=279ed7c7-79fc-45b0-972c-b02df9246810
2019-10-11 04:44:04,268 [pool-719-thread-1] INFO  server.RaftServerConfigKeys (ConfUtils.java:logGet(43)) - raft.server.snapshot.auto.trigger.threshold = 10000 (custom)
2019-10-11 04:44:04,269 [pool-699-thread-1] INFO  server.RaftServerConfigKeys (ConfUtils.java:logGet(43)) - raft.server.snapshot.retention.num.files = 5 (custom)
2019-10-11 04:44:04,269 [pool-719-thread-1] INFO  server.RaftServerConfigKeys (ConfUtils.java:logGet(43)) - raft.server.snapshot.retention.num.files = 5 (custom)
2019-10-11 04:44:04,269 [pool-699-thread-1] INFO  server.RaftServerConfigKeys (ConfUtils.java:logGet(43)) - raft.server.retrycache.expirytime = 600000ms (custom)
2019-10-11 04:44:04,269 [pool-719-thread-1] INFO  server.RaftServerConfigKeys (ConfUtils.java:logGet(43)) - raft.server.retrycache.expirytime = 600000ms (custom)
2019-10-11 04:44:04,272 [pool-699-thread-1] INFO  impl.RaftServerImpl (RaftServerImpl.java:start(185)) - 0200e9fc-e606-40f3-99f6-f4679a9f9c17@group-139FC92BB680: start as a follower, conf=-1: [279ed7c7-79fc-45b0-972c-b02df9246810:192.168.157.200:35749, 0200e9fc-e606-40f3-99f6-f4679a9f9c17:192.168.157.200:39966, a0be1567-3b57-484c-aa98-eeb9bc07b4e0:192.168.157.200:45492], old=null
2019-10-11 04:44:04,272 [pool-699-thread-1] INFO  impl.RaftServerImpl (RaftServerImpl.java:setRole(174)) - 0200e9fc-e606-40f3-99f6-f4679a9f9c17@group-139FC92BB680: changes role from      null to FOLLOWER at term 0 for startAsFollower
2019-10-11 04:44:04,272 [pool-699-thread-1] INFO  impl.RoleInfo (RoleInfo.java:updateAndGet(143)) - 0200e9fc-e606-40f3-99f6-f4679a9f9c17: start FollowerState
2019-10-11 04:44:04,272 [pool-719-thread-1] INFO  impl.RaftServerImpl (RaftServerImpl.java:start(185)) - a0be1567-3b57-484c-aa98-eeb9bc07b4e0@group-139FC92BB680: start as a follower, conf=-1: [279ed7c7-79fc-45b0-972c-b02df9246810:192.168.157.200:35749, 0200e9fc-e606-40f3-99f6-f4679a9f9c17:192.168.157.200:39966, a0be1567-3b57-484c-aa98-eeb9bc07b4e0:192.168.157.200:45492], old=null
2019-10-11 04:44:04,272 [pool-719-thread-1] INFO  impl.RaftServerImpl (RaftServerImpl.java:setRole(174)) - a0be1567-3b57-484c-aa98-eeb9bc07b4e0@group-139FC92BB680: changes role from      null to FOLLOWER at term 0 for startAsFollower
2019-10-11 04:44:04,272 [pool-699-thread-1] INFO  util.JmxRegister (JmxRegister.java:tryRegister(44)) - Successfully registered JMX Bean with object name Ratis:service=RaftServer,group=group-139FC92BB680,id=0200e9fc-e606-40f3-99f6-f4679a9f9c17
2019-10-11 04:44:04,272 [pool-719-thread-1] INFO  impl.RoleInfo (RoleInfo.java:updateAndGet(143)) - a0be1567-3b57-484c-aa98-eeb9bc07b4e0: start FollowerState
2019-10-11 04:44:04,273 [pool-719-thread-1] INFO  util.JmxRegister (JmxRegister.java:tryRegister(44)) - Successfully registered JMX Bean with object name Ratis:service=RaftServer,group=group-139FC92BB680,id=a0be1567-3b57-484c-aa98-eeb9bc07b4e0
2019-10-11 04:44:04,274 [RatisPipelineUtilsThread] INFO  pipeline.PipelineStateManager (PipelineStateManager.java:addPipeline(56)) - Created pipeline Pipeline[ Id: bec7fd5d-fffa-4f95-ad78-139fc92bb680, Nodes: a0be1567-3b57-484c-aa98-eeb9bc07b4e0{ip: 192.168.157.200, host: pr-hdds-1569-qjnzd-3726989565, networkLocation: /default-rack, certSerialId: null}0200e9fc-e606-40f3-99f6-f4679a9f9c17{ip: 192.168.157.200, host: pr-hdds-1569-qjnzd-3726989565, networkLocation: /default-rack, certSerialId: null}279ed7c7-79fc-45b0-972c-b02df9246810{ip: 192.168.157.200, host: pr-hdds-1569-qjnzd-3726989565, networkLocation: /default-rack, certSerialId: null}, Type:RATIS, Factor:THREE, State:OPEN]
2019-10-11 04:44:06,621 [Thread-6627] INFO  container.ReplicationManager (ReplicationManager.java:start(163)) - Starting Replication Monitor Thread.
2019-10-11 04:44:06,624 [ReplicationMonitor] INFO  container.ReplicationManager (ReplicationManager.java:run(226)) - Replication Monitor Thread took 0 milliseconds for processing 1 containers.
2019-10-11 04:44:08,809 [Thread-6635] INFO  impl.FollowerState (FollowerState.java:run(106)) - 0200e9fc-e606-40f3-99f6-f4679a9f9c17:group-51FDFA9D3D5E changes to CANDIDATE, lastRpcTime:5025, electionTimeout:5025ms
2019-10-11 04:44:08,809 [Thread-6635] INFO  impl.RoleInfo (RoleInfo.java:shutdownFollowerState(121)) - 0200e9fc-e606-40f3-99f6-f4679a9f9c17: shutdown FollowerState
2019-10-11 04:44:08,809 [Thread-6635] INFO  impl.RaftServerImpl (RaftServerImpl.java:setRole(174)) - 0200e9fc-e606-40f3-99f6-f4679a9f9c17@group-51FDFA9D3D5E: changes role from  FOLLOWER to CANDIDATE at term 0 for changeToCandidate
2019-10-11 04:44:08,810 [Thread-6635] INFO  impl.RoleInfo (RoleInfo.java:updateAndGet(143)) - 0200e9fc-e606-40f3-99f6-f4679a9f9c17: start LeaderElection
2019-10-11 04:44:08,833 [0200e9fc-e606-40f3-99f6-f4679a9f9c17@group-51FDFA9D3D5E:LeaderElection202] INFO  impl.LeaderElection (LeaderElection.java:askForVotes(182)) - 0200e9fc-e606-40f3-99f6-f4679a9f9c17@group-51FDFA9D3D5E:LeaderElection202: begin an election at term 1 for -1: [0200e9fc-e606-40f3-99f6-f4679a9f9c17:192.168.157.200:39966], old=null
2019-10-11 04:44:08,834 [0200e9fc-e606-40f3-99f6-f4679a9f9c17@group-51FDFA9D3D5E:LeaderElection202] INFO  impl.RoleInfo (RoleInfo.java:shutdownLeaderElection(134)) - 0200e9fc-e606-40f3-99f6-f4679a9f9c17: shutdown LeaderElection
2019-10-11 04:44:08,834 [0200e9fc-e606-40f3-99f6-f4679a9f9c17@group-51FDFA9D3D5E:LeaderElection202] INFO  impl.RaftServerImpl (RaftServerImpl.java:setRole(174)) - 0200e9fc-e606-40f3-99f6-f4679a9f9c17@group-51FDFA9D3D5E: changes role from CANDIDATE to LEADER at term 1 for changeToLeader
2019-10-11 04:44:08,834 [0200e9fc-e606-40f3-99f6-f4679a9f9c17@group-51FDFA9D3D5E:LeaderElection202] INFO  impl.RaftServerImpl (ServerState.java:setLeader(253)) - 0200e9fc-e606-40f3-99f6-f4679a9f9c17@group-51FDFA9D3D5E: change Leader from null to 0200e9fc-e606-40f3-99f6-f4679a9f9c17 at term 1 for becomeLeader, leader elected after 5054ms
2019-10-11 04:44:08,834 [0200e9fc-e606-40f3-99f6-f4679a9f9c17@group-51FDFA9D3D5E:LeaderElection202] INFO  server.RaftServerConfigKeys (ConfUtils.java:logGet(43)) - raft.server.staging.catchup.gap = 1000 (default)
2019-10-11 04:44:08,834 [0200e9fc-e606-40f3-99f6-f4679a9f9c17@group-51FDFA9D3D5E:LeaderElection202] INFO  server.RaftServerConfigKeys (ConfUtils.java:logGet(43)) - raft.server.rpc.sleep.time = 25ms (default)
2019-10-11 04:44:08,834 [0200e9fc-e606-40f3-99f6-f4679a9f9c17@group-51FDFA9D3D5E:LeaderElection202] INFO  server.RaftServerConfigKeys (ConfUtils.java:logGet(43)) - raft.server.write.element-limit = 4096 (default)
2019-10-11 04:44:08,834 [0200e9fc-e606-40f3-99f6-f4679a9f9c17@group-51FDFA9D3D5E:LeaderElection202] INFO  server.RaftServerConfigKeys (ConfUtils.java:logGet(43)) - raft.server.watch.timeout = 10s (default)
2019-10-11 04:44:08,835 [0200e9fc-e606-40f3-99f6-f4679a9f9c17@group-51FDFA9D3D5E:LeaderElection202] INFO  server.RaftServerConfigKeys (ConfUtils.java:logGet(43)) - raft.server.watch.timeout.denomination = 1s (default)
2019-10-11 04:44:08,835 [0200e9fc-e606-40f3-99f6-f4679a9f9c17@group-51FDFA9D3D5E:LeaderElection202] INFO  server.RaftServerConfigKeys (ConfUtils.java:logGet(43)) - raft.server.watch.element-limit = 65536 (default)
2019-10-11 04:44:08,837 [0200e9fc-e606-40f3-99f6-f4679a9f9c17@group-51FDFA9D3D5E:LeaderElection202] INFO  impl.RoleInfo (RoleInfo.java:updateAndGet(143)) - 0200e9fc-e606-40f3-99f6-f4679a9f9c17: start LeaderState
2019-10-11 04:44:08,837 [0200e9fc-e606-40f3-99f6-f4679a9f9c17@group-51FDFA9D3D5E:LeaderElection202] INFO  segmented.SegmentedRaftLogWorker (SegmentedRaftLogWorker.java:startLogSegment(380)) - 0200e9fc-e606-40f3-99f6-f4679a9f9c17@group-51FDFA9D3D5E-SegmentedRaftLogWorker: Starting segment from index:0
2019-10-11 04:44:08,837 [0200e9fc-e606-40f3-99f6-f4679a9f9c17@group-51FDFA9D3D5E:LeaderElection202] INFO  impl.RaftServerImpl (ServerState.java:setRaftConf(354)) - 0200e9fc-e606-40f3-99f6-f4679a9f9c17@group-51FDFA9D3D5E: set configuration 0: [0200e9fc-e606-40f3-99f6-f4679a9f9c17:192.168.157.200:39966], old=null at 0
2019-10-11 04:44:08,855 [Thread-6629] INFO  impl.FollowerState (FollowerState.java:run(106)) - 243cd881-e4dd-41a2-ae09-8719fa6746fb:group-30597C1FD792 changes to CANDIDATE, lastRpcTime:5156, electionTimeout:5156ms
2019-10-11 04:44:08,856 [Thread-6629] INFO  impl.RoleInfo (RoleInfo.java:shutdownFollowerState(121)) - 243cd881-e4dd-41a2-ae09-8719fa6746fb: shutdown FollowerState
2019-10-11 04:44:08,856 [Thread-6629] INFO  impl.RaftServerImpl (RaftServerImpl.java:setRole(174)) - 243cd881-e4dd-41a2-ae09-8719fa6746fb@group-30597C1FD792: changes role from  FOLLOWER to CANDIDATE at term 0 for changeToCandidate
2019-10-11 04:44:08,856 [Thread-6629] INFO  impl.RoleInfo (RoleInfo.java:updateAndGet(143)) - 243cd881-e4dd-41a2-ae09-8719fa6746fb: start LeaderElection
2019-10-11 04:44:08,875 [0200e9fc-e606-40f3-99f6-f4679a9f9c17@group-51FDFA9D3D5E-SegmentedRaftLogWorker] INFO  segmented.SegmentedRaftLogWorker (SegmentedRaftLogWorker.java:execute(569)) - 0200e9fc-e606-40f3-99f6-f4679a9f9c17@group-51FDFA9D3D5E-SegmentedRaftLogWorker: created new log segment /workdir/hadoop-ozone/integration-test/target/test-dir/MiniOzoneClusterImpl-b44bfc70-173c-43e3-9456-d6fc7d130422/datanode-2/data/ratis/2c2f4422-afae-4d77-bc90-51fdfa9d3d5e/current/log_inprogress_0
2019-10-11 04:44:08,875 [243cd881-e4dd-41a2-ae09-8719fa6746fb@group-30597C1FD792:LeaderElection203] INFO  impl.LeaderElection (LeaderElection.java:askForVotes(182)) - 243cd881-e4dd-41a2-ae09-8719fa6746fb@group-30597C1FD792:LeaderElection203: begin an election at term 1 for -1: [243cd881-e4dd-41a2-ae09-8719fa6746fb:192.168.157.200:40850], old=null
2019-10-11 04:44:08,876 [243cd881-e4dd-41a2-ae09-8719fa6746fb@group-30597C1FD792:LeaderElection203] INFO  impl.RoleInfo (RoleInfo.java:shutdownLeaderElection(134)) - 243cd881-e4dd-41a2-ae09-8719fa6746fb: shutdown LeaderElection
2019-10-11 04:44:08,876 [243cd881-e4dd-41a2-ae09-8719fa6746fb@group-30597C1FD792:LeaderElection203] INFO  impl.RaftServerImpl (RaftServerImpl.java:setRole(174)) - 243cd881-e4dd-41a2-ae09-8719fa6746fb@group-30597C1FD792: changes role from CANDIDATE to LEADER at term 1 for changeToLeader
2019-10-11 04:44:08,876 [243cd881-e4dd-41a2-ae09-8719fa6746fb@group-30597C1FD792:LeaderElection203] INFO  impl.RaftServerImpl (ServerState.java:setLeader(253)) - 243cd881-e4dd-41a2-ae09-8719fa6746fb@group-30597C1FD792: change Leader from null to 243cd881-e4dd-41a2-ae09-8719fa6746fb at term 1 for becomeLeader, leader elected after 5184ms
2019-10-11 04:44:08,876 [243cd881-e4dd-41a2-ae09-8719fa6746fb@group-30597C1FD792:LeaderElection203] INFO  server.RaftServerConfigKeys (ConfUtils.java:logGet(43)) - raft.server.staging.catchup.gap = 1000 (default)
2019-10-11 04:44:08,876 [243cd881-e4dd-41a2-ae09-8719fa6746fb@group-30597C1FD792:LeaderElection203] INFO  server.RaftServerConfigKeys (ConfUtils.java:logGet(43)) - raft.server.rpc.sleep.time = 25ms (default)
2019-10-11 04:44:08,876 [243cd881-e4dd-41a2-ae09-8719fa6746fb@group-30597C1FD792:LeaderElection203] INFO  server.RaftServerConfigKeys (ConfUtils.java:logGet(43)) - raft.server.write.element-limit = 4096 (default)
2019-10-11 04:44:08,877 [243cd881-e4dd-41a2-ae09-8719fa6746fb@group-30597C1FD792:LeaderElection203] INFO  server.RaftServerConfigKeys (ConfUtils.java:logGet(43)) - raft.server.watch.timeout = 10s (default)
2019-10-11 04:44:08,877 [243cd881-e4dd-41a2-ae09-8719fa6746fb@group-30597C1FD792:LeaderElection203] INFO  server.RaftServerConfigKeys (ConfUtils.java:logGet(43)) - raft.server.watch.timeout.denomination = 1s (default)
2019-10-11 04:44:08,877 [243cd881-e4dd-41a2-ae09-8719fa6746fb@group-30597C1FD792:LeaderElection203] INFO  server.RaftServerConfigKeys (ConfUtils.java:logGet(43)) - raft.server.watch.element-limit = 65536 (default)
2019-10-11 04:44:08,878 [Thread-6642] INFO  impl.FollowerState (FollowerState.java:run(106)) - 243cd881-e4dd-41a2-ae09-8719fa6746fb:group-D53E185946D1 changes to CANDIDATE, lastRpcTime:5020, electionTimeout:5020ms
2019-10-11 04:44:08,878 [Thread-6642] INFO  impl.RoleInfo (RoleInfo.java:shutdownFollowerState(121)) - 243cd881-e4dd-41a2-ae09-8719fa6746fb: shutdown FollowerState
2019-10-11 04:44:08,878 [Thread-6642] INFO  impl.RaftServerImpl (RaftServerImpl.java:setRole(174)) - 243cd881-e4dd-41a2-ae09-8719fa6746fb@group-D53E185946D1: changes role from  FOLLOWER to CANDIDATE at term 0 for changeToCandidate
2019-10-11 04:44:08,878 [Thread-6642] INFO  impl.RoleInfo (RoleInfo.java:updateAndGet(143)) - 243cd881-e4dd-41a2-ae09-8719fa6746fb: start LeaderElection
2019-10-11 04:44:08,880 [243cd881-e4dd-41a2-ae09-8719fa6746fb@group-30597C1FD792:LeaderElection203] INFO  impl.RoleInfo (RoleInfo.java:updateAndGet(143)) - 243cd881-e4dd-41a2-ae09-8719fa6746fb: start LeaderState
2019-10-11 04:44:08,881 [243cd881-e4dd-41a2-ae09-8719fa6746fb@group-30597C1FD792:LeaderElection203] INFO  segmented.SegmentedRaftLogWorker (SegmentedRaftLogWorker.java:startLogSegment(380)) - 243cd881-e4dd-41a2-ae09-8719fa6746fb@group-30597C1FD792-SegmentedRaftLogWorker: Starting segment from index:0
2019-10-11 04:44:08,881 [243cd881-e4dd-41a2-ae09-8719fa6746fb@group-30597C1FD792:LeaderElection203] INFO  impl.RaftServerImpl (ServerState.java:setRaftConf(354)) - 243cd881-e4dd-41a2-ae09-8719fa6746fb@group-30597C1FD792: set configuration 0: [243cd881-e4dd-41a2-ae09-8719fa6746fb:192.168.157.200:40850], old=null at 0
2019-10-11 04:44:08,885 [243cd881-e4dd-41a2-ae09-8719fa6746fb@group-D53E185946D1:LeaderElection204] INFO  impl.LeaderElection (LeaderElection.java:askForVotes(182)) - 243cd881-e4dd-41a2-ae09-8719fa6746fb@group-D53E185946D1:LeaderElection204: begin an election at term 1 for -1: [243cd881-e4dd-41a2-ae09-8719fa6746fb:192.168.157.200:40850, 0200e9fc-e606-40f3-99f6-f4679a9f9c17:192.168.157.200:39966, 34f4c72f-caa0-4a31-bd94-9bdddef36627:192.168.157.200:46004], old=null
2019-10-11 04:44:08,911 [Thread-6652] INFO  impl.FollowerState (FollowerState.java:run(106)) - 243cd881-e4dd-41a2-ae09-8719fa6746fb:group-B858FA317E63 changes to CANDIDATE, lastRpcTime:5016, electionTimeout:5009ms
2019-10-11 04:44:08,911 [grpc-default-executor-20] INFO  impl.RaftServerImpl (RaftServerImpl.java:setRole(174)) - 0200e9fc-e606-40f3-99f6-f4679a9f9c17@group-D53E185946D1: changes role from  FOLLOWER to FOLLOWER at term 1 for recognizeCandidate:243cd881-e4dd-41a2-ae09-8719fa6746fb
2019-10-11 04:44:08,911 [Thread-6652] INFO  impl.RoleInfo (RoleInfo.java:shutdownFollowerState(121)) - 243cd881-e4dd-41a2-ae09-8719fa6746fb: shutdown FollowerState
2019-10-11 04:44:08,911 [grpc-default-executor-20] INFO  impl.RoleInfo (RoleInfo.java:shutdownFollowerState(121)) - 0200e9fc-e606-40f3-99f6-f4679a9f9c17: shutdown FollowerState
2019-10-11 04:44:08,912 [Thread-6652] INFO  impl.RaftServerImpl (RaftServerImpl.java:setRole(174)) - 243cd881-e4dd-41a2-ae09-8719fa6746fb@group-B858FA317E63: changes role from  FOLLOWER to CANDIDATE at term 0 for changeToCandidate
2019-10-11 04:44:08,912 [grpc-default-executor-20] INFO  impl.RoleInfo (RoleInfo.java:updateAndGet(143)) - 0200e9fc-e606-40f3-99f6-f4679a9f9c17: start FollowerState
2019-10-11 04:44:08,912 [Thread-6644] INFO  impl.FollowerState (FollowerState.java:run(115)) - 0200e9fc-e606-40f3-99f6-f4679a9f9c17: FollowerState was interrupted: java.lang.InterruptedException: sleep interrupted
2019-10-11 04:44:08,912 [Thread-6652] INFO  impl.RoleInfo (RoleInfo.java:updateAndGet(143)) - 243cd881-e4dd-41a2-ae09-8719fa6746fb: start LeaderElection
2019-10-11 04:44:08,914 [243cd881-e4dd-41a2-ae09-8719fa6746fb@group-30597C1FD792-SegmentedRaftLogWorker] INFO  segmented.SegmentedRaftLogWorker (SegmentedRaftLogWorker.java:execute(569)) - 243cd881-e4dd-41a2-ae09-8719fa6746fb@group-30597C1FD792-SegmentedRaftLogWorker: created new log segment /workdir/hadoop-ozone/integration-test/target/test-dir/MiniOzoneClusterImpl-b44bfc70-173c-43e3-9456-d6fc7d130422/datanode-0/data/ratis/61e106a1-ea4d-406e-81ec-30597c1fd792/current/log_inprogress_0
2019-10-11 04:44:08,914 [grpc-default-executor-26] INFO  impl.RaftServerImpl (RaftServerImpl.java:setRole(174)) - 34f4c72f-caa0-4a31-bd94-9bdddef36627@group-D53E185946D1: changes role from  FOLLOWER to FOLLOWER at term 1 for recognizeCandidate:243cd881-e4dd-41a2-ae09-8719fa6746fb
2019-10-11 04:44:08,915 [grpc-default-executor-26] INFO  impl.RoleInfo (RoleInfo.java:shutdownFollowerState(121)) - 34f4c72f-caa0-4a31-bd94-9bdddef36627: shutdown FollowerState
2019-10-11 04:44:08,915 [grpc-default-executor-26] INFO  impl.RoleInfo (RoleInfo.java:updateAndGet(143)) - 34f4c72f-caa0-4a31-bd94-9bdddef36627: start FollowerState
2019-10-11 04:44:08,915 [Thread-6638] INFO  impl.FollowerState (FollowerState.java:run(115)) - 34f4c72f-caa0-4a31-bd94-9bdddef36627: FollowerState was interrupted: java.lang.InterruptedException: sleep interrupted
2019-10-11 04:44:08,919 [243cd881-e4dd-41a2-ae09-8719fa6746fb@group-B858FA317E63:LeaderElection205] INFO  impl.LeaderElection (LeaderElection.java:askForVotes(182)) - 243cd881-e4dd-41a2-ae09-8719fa6746fb@group-B858FA317E63:LeaderElection205: begin an election at term 1 for -1: [243cd881-e4dd-41a2-ae09-8719fa6746fb:192.168.157.200:40850, 0200e9fc-e606-40f3-99f6-f4679a9f9c17:192.168.157.200:39966, 34f4c72f-caa0-4a31-bd94-9bdddef36627:192.168.157.200:46004], old=null
2019-10-11 04:44:08,932 [Thread-6649] INFO  impl.FollowerState (FollowerState.java:run(106)) - 0200e9fc-e606-40f3-99f6-f4679a9f9c17:group-B858FA317E63 changes to CANDIDATE, lastRpcTime:5036, electionTimeout:5036ms
2019-10-11 04:44:08,932 [Thread-6649] INFO  impl.RoleInfo (RoleInfo.java:shutdownFollowerState(121)) - 0200e9fc-e606-40f3-99f6-f4679a9f9c17: shutdown FollowerState
2019-10-11 04:44:08,932 [Thread-6649] INFO  impl.RaftServerImpl (RaftServerImpl.java:setRole(174)) - 0200e9fc-e606-40f3-99f6-f4679a9f9c17@group-B858FA317E63: changes role from  FOLLOWER to CANDIDATE at term 0 for changeToCandidate
2019-10-11 04:44:08,932 [Thread-6649] INFO  impl.RoleInfo (RoleInfo.java:updateAndGet(143)) - 0200e9fc-e606-40f3-99f6-f4679a9f9c17: start LeaderElection
2019-10-11 04:44:08,932 [243cd881-e4dd-41a2-ae09-8719fa6746fb@group-D53E185946D1:LeaderElection204] INFO  impl.LeaderElection (LeaderElection.java:logAndReturn(56)) - 243cd881-e4dd-41a2-ae09-8719fa6746fb@group-D53E185946D1:LeaderElection204: Election PASSED; received 1 response(s) [243cd881-e4dd-41a2-ae09-8719fa6746fb<-0200e9fc-e606-40f3-99f6-f4679a9f9c17#0:OK-t1] and 0 exception(s); 243cd881-e4dd-41a2-ae09-8719fa6746fb@group-D53E185946D1:t1, leader=null, voted=243cd881-e4dd-41a2-ae09-8719fa6746fb, raftlog=243cd881-e4dd-41a2-ae09-8719fa6746fb@group-D53E185946D1-SegmentedRaftLog:OPENED:c-1,f-1,i0, conf=-1: [243cd881-e4dd-41a2-ae09-8719fa6746fb:192.168.157.200:40850, 0200e9fc-e606-40f3-99f6-f4679a9f9c17:192.168.157.200:39966, 34f4c72f-caa0-4a31-bd94-9bdddef36627:192.168.157.200:46004], old=null
2019-10-11 04:44:08,932 [243cd881-e4dd-41a2-ae09-8719fa6746fb@group-D53E185946D1:LeaderElection204] INFO  impl.RoleInfo (RoleInfo.java:shutdownLeaderElection(134)) - 243cd881-e4dd-41a2-ae09-8719fa6746fb: shutdown LeaderElection
2019-10-11 04:44:08,932 [243cd881-e4dd-41a2-ae09-8719fa6746fb@group-D53E185946D1:LeaderElection204] INFO  impl.RaftServerImpl (RaftServerImpl.java:setRole(174)) - 243cd881-e4dd-41a2-ae09-8719fa6746fb@group-D53E185946D1: changes role from CANDIDATE to LEADER at term 1 for changeToLeader
2019-10-11 04:44:08,933 [243cd881-e4dd-41a2-ae09-8719fa6746fb@group-D53E185946D1:LeaderElection204] INFO  impl.RaftServerImpl (ServerState.java:setLeader(253)) - 243cd881-e4dd-41a2-ae09-8719fa6746fb@group-D53E185946D1: change Leader from null to 243cd881-e4dd-41a2-ae09-8719fa6746fb at term 1 for becomeLeader, leader elected after 5086ms
2019-10-11 04:44:08,933 [243cd881-e4dd-41a2-ae09-8719fa6746fb@group-D53E185946D1:LeaderElection204] INFO  server.RaftServerConfigKeys (ConfUtils.java:logGet(43)) - raft.server.staging.catchup.gap = 1000 (default)
2019-10-11 04:44:08,933 [Thread-6632] INFO  impl.FollowerState (FollowerState.java:run(106)) - 34f4c72f-caa0-4a31-bd94-9bdddef36627:group-3F58278D3D3E changes to CANDIDATE, lastRpcTime:5188, electionTimeout:5188ms
2019-10-11 04:44:08,933 [243cd881-e4dd-41a2-ae09-8719fa6746fb@group-D53E185946D1:LeaderElection204] INFO  server.RaftServerConfigKeys (ConfUtils.java:logGet(43)) - raft.server.rpc.sleep.time = 25ms (default)
2019-10-11 04:44:08,933 [Thread-6632] INFO  impl.RoleInfo (RoleInfo.java:shutdownFollowerState(121)) - 34f4c72f-caa0-4a31-bd94-9bdddef36627: shutdown FollowerState
2019-10-11 04:44:08,933 [243cd881-e4dd-41a2-ae09-8719fa6746fb@group-D53E185946D1:LeaderElection204] INFO  server.RaftServerConfigKeys (ConfUtils.java:logGet(43)) - raft.server.write.element-limit = 4096 (default)
2019-10-11 04:44:08,933 [grpc-default-executor-20] INFO  impl.RaftServerImpl (RaftServerImpl.java:setRole(174)) - 34f4c72f-caa0-4a31-bd94-9bdddef36627@group-B858FA317E63: changes role from  FOLLOWER to FOLLOWER at term 1 for recognizeCandidate:243cd881-e4dd-41a2-ae09-8719fa6746fb
2019-10-11 04:44:08,933 [Thread-6632] INFO  impl.RaftServerImpl (RaftServerImpl.java:setRole(174)) - 34f4c72f-caa0-4a31-bd94-9bdddef36627@group-3F58278D3D3E: changes role from  FOLLOWER to CANDIDATE at term 0 for changeToCandidate
2019-10-11 04:44:08,934 [grpc-default-executor-20] INFO  impl.RoleInfo (RoleInfo.java:shutdownFollowerState(121)) - 34f4c72f-caa0-4a31-bd94-9bdddef36627: shutdown FollowerState
2019-10-11 04:44:08,934 [243cd881-e4dd-41a2-ae09-8719fa6746fb@group-D53E185946D1:LeaderElection204] INFO  server.RaftServerConfigKeys (ConfUtils.java:logGet(43)) - raft.server.watch.timeout = 10s (default)
2019-10-11 04:44:08,934 [Thread-6650] INFO  impl.FollowerState (FollowerState.java:run(115)) - 34f4c72f-caa0-4a31-bd94-9bdddef36627: FollowerState was interrupted: java.lang.InterruptedException: sleep interrupted
2019-10-11 04:44:08,934 [grpc-default-executor-20] INFO  impl.RoleInfo (RoleInfo.java:updateAndGet(143)) - 34f4c72f-caa0-4a31-bd94-9bdddef36627: start FollowerState
2019-10-11 04:44:08,934 [Thread-6632] INFO  impl.RoleInfo (RoleInfo.java:updateAndGet(143)) - 34f4c72f-caa0-4a31-bd94-9bdddef36627: start LeaderElection
2019-10-11 04:44:08,934 [243cd881-e4dd-41a2-ae09-8719fa6746fb@group-D53E185946D1:LeaderElection204] INFO  server.RaftServerConfigKeys (ConfUtils.java:logGet(43)) - raft.server.watch.timeout.denomination = 1s (default)
2019-10-11 04:44:08,934 [243cd881-e4dd-41a2-ae09-8719fa6746fb@group-D53E185946D1:LeaderElection204] INFO  server.RaftServerConfigKeys (ConfUtils.java:logGet(43)) - raft.server.watch.element-limit = 65536 (default)
2019-10-11 04:44:08,937 [0200e9fc-e606-40f3-99f6-f4679a9f9c17@group-B858FA317E63:LeaderElection206] INFO  impl.LeaderElection (LeaderElection.java:askForVotes(182)) - 0200e9fc-e606-40f3-99f6-f4679a9f9c17@group-B858FA317E63:LeaderElection206: begin an election at term 1 for -1: [243cd881-e4dd-41a2-ae09-8719fa6746fb:192.168.157.200:40850, 0200e9fc-e606-40f3-99f6-f4679a9f9c17:192.168.157.200:39966, 34f4c72f-caa0-4a31-bd94-9bdddef36627:192.168.157.200:46004], old=null
2019-10-11 04:44:08,939 [243cd881-e4dd-41a2-ae09-8719fa6746fb@group-D53E185946D1:LeaderElection204] INFO  server.RaftServerConfigKeys (ConfUtils.java:logGet(43)) - raft.server.log.appender.snapshot.chunk.size.max = 16MB (=16777216) (default)
2019-10-11 04:44:08,939 [243cd881-e4dd-41a2-ae09-8719fa6746fb@group-D53E185946D1:LeaderElection204] INFO  server.RaftServerConfigKeys (ConfUtils.java:logGet(43)) - raft.server.log.appender.buffer.byte-limit = 33554432 (custom)
2019-10-11 04:44:08,939 [243cd881-e4dd-41a2-ae09-8719fa6746fb@group-D53E185946D1:LeaderElection204] INFO  server.RaftServerConfigKeys (ConfUtils.java:logGet(43)) - raft.server.log.appender.buffer.element-limit = 1 (custom)
2019-10-11 04:44:08,940 [243cd881-e4dd-41a2-ae09-8719fa6746fb@group-D53E185946D1:LeaderElection204] INFO  grpc.GrpcConfigKeys$Server (ConfUtils.java:logGet(43)) - raft.grpc.server.leader.outstanding.appends.max = 128 (default)
2019-10-11 04:44:08,940 [243cd881-e4dd-41a2-ae09-8719fa6746fb@group-D53E185946D1:LeaderElection204] INFO  server.RaftServerConfigKeys (ConfUtils.java:logGet(43)) - raft.server.rpc.request.timeout = 3000ms (default)
2019-10-11 04:44:08,940 [243cd881-e4dd-41a2-ae09-8719fa6746fb@group-D53E185946D1:LeaderElection204] INFO  server.RaftServerConfigKeys (ConfUtils.java:logGet(43)) - raft.server.log.appender.install.snapshot.enabled = false (custom)
2019-10-11 04:44:08,940 [34f4c72f-caa0-4a31-bd94-9bdddef36627@group-3F58278D3D3E:LeaderElection207] INFO  impl.LeaderElection (LeaderElection.java:askForVotes(182)) - 34f4c72f-caa0-4a31-bd94-9bdddef36627@group-3F58278D3D3E:LeaderElection207: begin an election at term 1 for -1: [34f4c72f-caa0-4a31-bd94-9bdddef36627:192.168.157.200:46004], old=null
2019-10-11 04:44:08,940 [243cd881-e4dd-41a2-ae09-8719fa6746fb@group-D53E185946D1:LeaderElection204] INFO  server.RaftServerConfigKeys (ConfUtils.java:logGet(43)) - raft.server.log.appender.snapshot.chunk.size.max = 16MB (=16777216) (default)
2019-10-11 04:44:08,940 [34f4c72f-caa0-4a31-bd94-9bdddef36627@group-3F58278D3D3E:LeaderElection207] INFO  impl.RoleInfo (RoleInfo.java:shutdownLeaderElection(134)) - 34f4c72f-caa0-4a31-bd94-9bdddef36627: shutdown LeaderElection
2019-10-11 04:44:08,941 [243cd881-e4dd-41a2-ae09-8719fa6746fb@group-D53E185946D1:LeaderElection204] INFO  server.RaftServerConfigKeys (ConfUtils.java:logGet(43)) - raft.server.log.appender.buffer.byte-limit = 33554432 (custom)
2019-10-11 04:44:08,941 [0200e9fc-e606-40f3-99f6-f4679a9f9c17@group-B858FA317E63:LeaderElection206] INFO  impl.LeaderElection (LeaderElection.java:logAndReturn(56)) - 0200e9fc-e606-40f3-99f6-f4679a9f9c17@group-B858FA317E63:LeaderElection206: Election REJECTED; received 2 response(s) [0200e9fc-e606-40f3-99f6-f4679a9f9c17<-243cd881-e4dd-41a2-ae09-8719fa6746fb#0:FAIL-t1, 0200e9fc-e606-40f3-99f6-f4679a9f9c17<-34f4c72f-caa0-4a31-bd94-9bdddef36627#0:FAIL-t1] and 0 exception(s); 0200e9fc-e606-40f3-99f6-f4679a9f9c17@group-B858FA317E63:t1, leader=null, voted=0200e9fc-e606-40f3-99f6-f4679a9f9c17, raftlog=0200e9fc-e606-40f3-99f6-f4679a9f9c17@group-B858FA317E63-SegmentedRaftLog:OPENED:c-1,f-1,i0, conf=-1: [243cd881-e4dd-41a2-ae09-8719fa6746fb:192.168.157.200:40850, 0200e9fc-e606-40f3-99f6-f4679a9f9c17:192.168.157.200:39966, 34f4c72f-caa0-4a31-bd94-9bdddef36627:192.168.157.200:46004], old=null
2019-10-11 04:44:08,941 [34f4c72f-caa0-4a31-bd94-9bdddef36627@group-3F58278D3D3E:LeaderElection207] INFO  impl.RaftServerImpl (RaftServerImpl.java:setRole(174)) - 34f4c72f-caa0-4a31-bd94-9bdddef36627@group-3F58278D3D3E: changes role from CANDIDATE to LEADER at term 1 for changeToLeader
2019-10-11 04:44:08,941 [34f4c72f-caa0-4a31-bd94-9bdddef36627@group-3F58278D3D3E:LeaderElection207] INFO  impl.RaftServerImpl (ServerState.java:setLeader(253)) - 34f4c72f-caa0-4a31-bd94-9bdddef36627@group-3F58278D3D3E: change Leader from null to 34f4c72f-caa0-4a31-bd94-9bdddef36627 at term 1 for becomeLeader, leader elected after 5203ms
2019-10-11 04:44:08,941 [243cd881-e4dd-41a2-ae09-8719fa6746fb@group-B858FA317E63:LeaderElection205] INFO  impl.LeaderElection (LeaderElection.java:logAndReturn(56)) - 243cd881-e4dd-41a2-ae09-8719fa6746fb@group-B858FA317E63:LeaderElection205: Election PASSED; received 2 response(s) [243cd881-e4dd-41a2-ae09-8719fa6746fb<-0200e9fc-e606-40f3-99f6-f4679a9f9c17#0:FAIL-t1, 243cd881-e4dd-41a2-ae09-8719fa6746fb<-34f4c72f-caa0-4a31-bd94-9bdddef36627#0:OK-t1] and 0 exception(s); 243cd881-e4dd-41a2-ae09-8719fa6746fb@group-B858FA317E63:t1, leader=null, voted=243cd881-e4dd-41a2-ae09-8719fa6746fb, raftlog=243cd881-e4dd-41a2-ae09-8719fa6746fb@group-B858FA317E63-SegmentedRaftLog:OPENED:c-1,f-1,i0, conf=-1: [243cd881-e4dd-41a2-ae09-8719fa6746fb:192.168.157.200:40850, 0200e9fc-e606-40f3-99f6-f4679a9f9c17:192.168.157.200:39966, 34f4c72f-caa0-4a31-bd94-9bdddef36627:192.168.157.200:46004], old=null
2019-10-11 04:44:08,941 [34f4c72f-caa0-4a31-bd94-9bdddef36627@group-3F58278D3D3E:LeaderElection207] INFO  server.RaftServerConfigKeys (ConfUtils.java:logGet(43)) - raft.server.staging.catchup.gap = 1000 (default)
2019-10-11 04:44:08,941 [0200e9fc-e606-40f3-99f6-f4679a9f9c17@group-B858FA317E63:LeaderElection206] INFO  impl.RaftServerImpl (RaftServerImpl.java:setRole(174)) - 0200e9fc-e606-40f3-99f6-f4679a9f9c17@group-B858FA317E63: changes role from CANDIDATE to FOLLOWER at term 1 for DISCOVERED_A_NEW_TERM
2019-10-11 04:44:08,942 [0200e9fc-e606-40f3-99f6-f4679a9f9c17@group-B858FA317E63:LeaderElection206] INFO  impl.RoleInfo (RoleInfo.java:shutdownLeaderElection(134)) - 0200e9fc-e606-40f3-99f6-f4679a9f9c17: shutdown LeaderElection
2019-10-11 04:44:08,941 [243cd881-e4dd-41a2-ae09-8719fa6746fb@group-D53E185946D1:LeaderElection204] INFO  server.RaftServerConfigKeys (ConfUtils.java:logGet(43)) - raft.server.log.appender.buffer.element-limit = 1 (custom)
2019-10-11 04:44:08,942 [0200e9fc-e606-40f3-99f6-f4679a9f9c17@group-B858FA317E63:LeaderElection206] INFO  impl.RoleInfo (RoleInfo.java:updateAndGet(143)) - 0200e9fc-e606-40f3-99f6-f4679a9f9c17: start FollowerState
2019-10-11 04:44:08,942 [34f4c72f-caa0-4a31-bd94-9bdddef36627@group-3F58278D3D3E:LeaderElection207] INFO  server.RaftServerConfigKeys (ConfUtils.java:logGet(43)) - raft.server.rpc.sleep.time = 25ms (default)
2019-10-11 04:44:08,942 [243cd881-e4dd-41a2-ae09-8719fa6746fb@group-B858FA317E63:LeaderElection205] INFO  impl.RoleInfo (RoleInfo.java:shutdownLeaderElection(134)) - 243cd881-e4dd-41a2-ae09-8719fa6746fb: shutdown LeaderElection
2019-10-11 04:44:08,942 [34f4c72f-caa0-4a31-bd94-9bdddef36627@group-3F58278D3D3E:LeaderElection207] INFO  server.RaftServerConfigKeys (ConfUtils.java:logGet(43)) - raft.server.write.element-limit = 4096 (default)
2019-10-11 04:44:08,942 [243cd881-e4dd-41a2-ae09-8719fa6746fb@group-D53E185946D1:LeaderElection204] INFO  grpc.GrpcConfigKeys$Server (ConfUtils.java:logGet(43)) - raft.grpc.server.leader.outstanding.appends.max = 128 (default)
2019-10-11 04:44:08,943 [34f4c72f-caa0-4a31-bd94-9bdddef36627@group-3F58278D3D3E:LeaderElection207] INFO  server.RaftServerConfigKeys (ConfUtils.java:logGet(43)) - raft.server.watch.timeout = 10s (default)
2019-10-11 04:44:08,943 [34f4c72f-caa0-4a31-bd94-9bdddef36627@group-3F58278D3D3E:LeaderElection207] INFO  server.RaftServerConfigKeys (ConfUtils.java:logGet(43)) - raft.server.watch.timeout.denomination = 1s (default)
2019-10-11 04:44:08,943 [243cd881-e4dd-41a2-ae09-8719fa6746fb@group-B858FA317E63:LeaderElection205] INFO  impl.RaftServerImpl (RaftServerImpl.java:setRole(174)) - 243cd881-e4dd-41a2-ae09-8719fa6746fb@group-B858FA317E63: changes role from CANDIDATE to LEADER at term 1 for changeToLeader
2019-10-11 04:44:08,943 [34f4c72f-caa0-4a31-bd94-9bdddef36627@group-3F58278D3D3E:LeaderElection207] INFO  server.RaftServerConfigKeys (ConfUtils.java:logGet(43)) - raft.server.watch.element-limit = 65536 (default)
2019-10-11 04:44:08,943 [243cd881-e4dd-41a2-ae09-8719fa6746fb@group-D53E185946D1:LeaderElection204] INFO  server.RaftServerConfigKeys (ConfUtils.java:logGet(43)) - raft.server.rpc.request.timeout = 3000ms (default)
2019-10-11 04:44:08,944 [243cd881-e4dd-41a2-ae09-8719fa6746fb@group-D53E185946D1:LeaderElection204] INFO  server.RaftServerConfigKeys (ConfUtils.java:logGet(43)) - raft.server.log.appender.install.snapshot.enabled = false (custom)
2019-10-11 04:44:08,943 [243cd881-e4dd-41a2-ae09-8719fa6746fb@group-B858FA317E63:LeaderElection205] INFO  impl.RaftServerImpl (ServerState.java:setLeader(253)) - 243cd881-e4dd-41a2-ae09-8719fa6746fb@group-B858FA317E63: change Leader from null to 243cd881-e4dd-41a2-ae09-8719fa6746fb at term 1 for becomeLeader, leader elected after 5061ms
2019-10-11 04:44:08,944 [243cd881-e4dd-41a2-ae09-8719fa6746fb@group-D53E185946D1:LeaderElection204] INFO  impl.RoleInfo (RoleInfo.java:updateAndGet(143)) - 243cd881-e4dd-41a2-ae09-8719fa6746fb: start LeaderState
2019-10-11 04:44:08,944 [243cd881-e4dd-41a2-ae09-8719fa6746fb@group-B858FA317E63:LeaderElection205] INFO  server.RaftServerConfigKeys (ConfUtils.java:logGet(43)) - raft.server.staging.catchup.gap = 1000 (default)
2019-10-11 04:44:08,944 [243cd881-e4dd-41a2-ae09-8719fa6746fb@group-D53E185946D1:LeaderElection204] INFO  segmented.SegmentedRaftLogWorker (SegmentedRaftLogWorker.java:startLogSegment(380)) - 243cd881-e4dd-41a2-ae09-8719fa6746fb@group-D53E185946D1-SegmentedRaftLogWorker: Starting segment from index:0
2019-10-11 04:44:08,944 [243cd881-e4dd-41a2-ae09-8719fa6746fb@group-B858FA317E63:LeaderElection205] INFO  server.RaftServerConfigKeys (ConfUtils.java:logGet(43)) - raft.server.rpc.sleep.time = 25ms (default)
2019-10-11 04:44:08,945 [243cd881-e4dd-41a2-ae09-8719fa6746fb@group-B858FA317E63:LeaderElection205] INFO  server.RaftServerConfigKeys (ConfUtils.java:logGet(43)) - raft.server.write.element-limit = 4096 (default)
2019-10-11 04:44:08,945 [243cd881-e4dd-41a2-ae09-8719fa6746fb@group-B858FA317E63:LeaderElection205] INFO  server.RaftServerConfigKeys (ConfUtils.java:logGet(43)) - raft.server.watch.timeout = 10s (default)
2019-10-11 04:44:08,945 [243cd881-e4dd-41a2-ae09-8719fa6746fb@group-B858FA317E63:LeaderElection205] INFO  server.RaftServerConfigKeys (ConfUtils.java:logGet(43)) - raft.server.watch.timeout.denomination = 1s (default)
2019-10-11 04:44:08,945 [243cd881-e4dd-41a2-ae09-8719fa6746fb@group-D53E185946D1:LeaderElection204] INFO  impl.RaftServerImpl (ServerState.java:setRaftConf(354)) - 243cd881-e4dd-41a2-ae09-8719fa6746fb@group-D53E185946D1: set configuration 0: [243cd881-e4dd-41a2-ae09-8719fa6746fb:192.168.157.200:40850, 0200e9fc-e606-40f3-99f6-f4679a9f9c17:192.168.157.200:39966, 34f4c72f-caa0-4a31-bd94-9bdddef36627:192.168.157.200:46004], old=null at 0
2019-10-11 04:44:08,945 [243cd881-e4dd-41a2-ae09-8719fa6746fb@group-B858FA317E63:LeaderElection205] INFO  server.RaftServerConfigKeys (ConfUtils.java:logGet(43)) - raft.server.watch.element-limit = 65536 (default)
2019-10-11 04:44:08,946 [34f4c72f-caa0-4a31-bd94-9bdddef36627@group-3F58278D3D3E:LeaderElection207] INFO  impl.RoleInfo (RoleInfo.java:updateAndGet(143)) - 34f4c72f-caa0-4a31-bd94-9bdddef36627: start LeaderState
2019-10-11 04:44:08,946 [34f4c72f-caa0-4a31-bd94-9bdddef36627@group-3F58278D3D3E:LeaderElection207] INFO  segmented.SegmentedRaftLogWorker (SegmentedRaftLogWorker.java:startLogSegment(380)) - 34f4c72f-caa0-4a31-bd94-9bdddef36627@group-3F58278D3D3E-SegmentedRaftLogWorker: Starting segment from index:0
2019-10-11 04:44:08,946 [grpc-default-executor-26] INFO  impl.RaftServerImpl (ServerState.java:setLeader(253)) - 34f4c72f-caa0-4a31-bd94-9bdddef36627@group-D53E185946D1: change Leader from null to 243cd881-e4dd-41a2-ae09-8719fa6746fb at term 1 for appendEntries, leader elected after 5100ms
2019-10-11 04:44:08,947 [34f4c72f-caa0-4a31-bd94-9bdddef36627@group-3F58278D3D3E:LeaderElection207] INFO  impl.RaftServerImpl (ServerState.java:setRaftConf(354)) - 34f4c72f-caa0-4a31-bd94-9bdddef36627@group-3F58278D3D3E: set configuration 0: [34f4c72f-caa0-4a31-bd94-9bdddef36627:192.168.157.200:46004], old=null at 0
2019-10-11 04:44:08,947 [grpc-default-executor-20] INFO  impl.RaftServerImpl (ServerState.java:setLeader(253)) - 0200e9fc-e606-40f3-99f6-f4679a9f9c17@group-D53E185946D1: change Leader from null to 243cd881-e4dd-41a2-ae09-8719fa6746fb at term 1 for appendEntries, leader elected after 5100ms
2019-10-11 04:44:08,948 [243cd881-e4dd-41a2-ae09-8719fa6746fb@group-B858FA317E63:LeaderElection205] INFO  server.RaftServerConfigKeys (ConfUtils.java:logGet(43)) - raft.server.log.appender.snapshot.chunk.size.max = 16MB (=16777216) (default)
2019-10-11 04:44:08,948 [243cd881-e4dd-41a2-ae09-8719fa6746fb@group-B858FA317E63:LeaderElection205] INFO  server.RaftServerConfigKeys (ConfUtils.java:logGet(43)) - raft.server.log.appender.buffer.byte-limit = 33554432 (custom)
2019-10-11 04:44:08,948 [243cd881-e4dd-41a2-ae09-8719fa6746fb@group-B858FA317E63:LeaderElection205] INFO  server.RaftServerConfigKeys (ConfUtils.java:logGet(43)) - raft.server.log.appender.buffer.element-limit = 1 (custom)
2019-10-11 04:44:08,948 [grpc-default-executor-26] INFO  impl.RaftServerImpl (ServerState.java:setRaftConf(354)) - 34f4c72f-caa0-4a31-bd94-9bdddef36627@group-D53E185946D1: set configuration 0: [243cd881-e4dd-41a2-ae09-8719fa6746fb:192.168.157.200:40850, 0200e9fc-e606-40f3-99f6-f4679a9f9c17:192.168.157.200:39966, 34f4c72f-caa0-4a31-bd94-9bdddef36627:192.168.157.200:46004], old=null at 0
2019-10-11 04:44:08,949 [243cd881-e4dd-41a2-ae09-8719fa6746fb@group-B858FA317E63:LeaderElection205] INFO  grpc.GrpcConfigKeys$Server (ConfUtils.java:logGet(43)) - raft.grpc.server.leader.outstanding.appends.max = 128 (default)
2019-10-11 04:44:08,949 [grpc-default-executor-20] INFO  impl.RaftServerImpl (ServerState.java:setRaftConf(354)) - 0200e9fc-e606-40f3-99f6-f4679a9f9c17@group-D53E185946D1: set configuration 0: [243cd881-e4dd-41a2-ae09-8719fa6746fb:192.168.157.200:40850, 0200e9fc-e606-40f3-99f6-f4679a9f9c17:192.168.157.200:39966, 34f4c72f-caa0-4a31-bd94-9bdddef36627:192.168.157.200:46004], old=null at 0
2019-10-11 04:44:08,949 [grpc-default-executor-26] INFO  segmented.SegmentedRaftLogWorker (SegmentedRaftLogWorker.java:startLogSegment(380)) - 34f4c72f-caa0-4a31-bd94-9bdddef36627@group-D53E185946D1-SegmentedRaftLogWorker: Starting segment from index:0
2019-10-11 04:44:08,949 [grpc-default-executor-20] INFO  segmented.SegmentedRaftLogWorker (SegmentedRaftLogWorker.java:startLogSegment(380)) - 0200e9fc-e606-40f3-99f6-f4679a9f9c17@group-D53E185946D1-SegmentedRaftLogWorker: Starting segment from index:0
2019-10-11 04:44:08,949 [243cd881-e4dd-41a2-ae09-8719fa6746fb@group-B858FA317E63:LeaderElection205] INFO  server.RaftServerConfigKeys (ConfUtils.java:logGet(43)) - raft.server.rpc.request.timeout = 3000ms (default)
2019-10-11 04:44:08,950 [243cd881-e4dd-41a2-ae09-8719fa6746fb@group-B858FA317E63:LeaderElection205] INFO  server.RaftServerConfigKeys (ConfUtils.java:logGet(43)) - raft.server.log.appender.install.snapshot.enabled = false (custom)
2019-10-11 04:44:08,950 [243cd881-e4dd-41a2-ae09-8719fa6746fb@group-B858FA317E63:LeaderElection205] INFO  server.RaftServerConfigKeys (ConfUtils.java:logGet(43)) - raft.server.log.appender.snapshot.chunk.size.max = 16MB (=16777216) (default)
2019-10-11 04:44:08,950 [243cd881-e4dd-41a2-ae09-8719fa6746fb@group-B858FA317E63:LeaderElection205] INFO  server.RaftServerConfigKeys (ConfUtils.java:logGet(43)) - raft.server.log.appender.buffer.byte-limit = 33554432 (custom)
2019-10-11 04:44:08,950 [243cd881-e4dd-41a2-ae09-8719fa6746fb@group-B858FA317E63:LeaderElection205] INFO  server.RaftServerConfigKeys (ConfUtils.java:logGet(43)) - raft.server.log.appender.buffer.element-limit = 1 (custom)
2019-10-11 04:44:08,950 [243cd881-e4dd-41a2-ae09-8719fa6746fb@group-B858FA317E63:LeaderElection205] INFO  grpc.GrpcConfigKeys$Server (ConfUtils.java:logGet(43)) - raft.grpc.server.leader.outstanding.appends.max = 128 (default)
2019-10-11 04:44:08,950 [243cd881-e4dd-41a2-ae09-8719fa6746fb@group-B858FA317E63:LeaderElection205] INFO  server.RaftServerConfigKeys (ConfUtils.java:logGet(43)) - raft.server.rpc.request.timeout = 3000ms (default)
2019-10-11 04:44:08,951 [243cd881-e4dd-41a2-ae09-8719fa6746fb@group-B858FA317E63:LeaderElection205] INFO  server.RaftServerConfigKeys (ConfUtils.java:logGet(43)) - raft.server.log.appender.install.snapshot.enabled = false (custom)
2019-10-11 04:44:08,951 [243cd881-e4dd-41a2-ae09-8719fa6746fb@group-B858FA317E63:LeaderElection205] INFO  impl.RoleInfo (RoleInfo.java:updateAndGet(143)) - 243cd881-e4dd-41a2-ae09-8719fa6746fb: start LeaderState
2019-10-11 04:44:08,951 [243cd881-e4dd-41a2-ae09-8719fa6746fb@group-B858FA317E63:LeaderElection205] INFO  segmented.SegmentedRaftLogWorker (SegmentedRaftLogWorker.java:startLogSegment(380)) - 243cd881-e4dd-41a2-ae09-8719fa6746fb@group-B858FA317E63-SegmentedRaftLogWorker: Starting segment from index:0
2019-10-11 04:44:08,952 [243cd881-e4dd-41a2-ae09-8719fa6746fb@group-B858FA317E63:LeaderElection205] INFO  impl.RaftServerImpl (ServerState.java:setRaftConf(354)) - 243cd881-e4dd-41a2-ae09-8719fa6746fb@group-B858FA317E63: set configuration 0: [243cd881-e4dd-41a2-ae09-8719fa6746fb:192.168.157.200:40850, 0200e9fc-e606-40f3-99f6-f4679a9f9c17:192.168.157.200:39966, 34f4c72f-caa0-4a31-bd94-9bdddef36627:192.168.157.200:46004], old=null at 0
2019-10-11 04:44:08,953 [grpc-default-executor-26] INFO  impl.RaftServerImpl (ServerState.java:setLeader(253)) - 0200e9fc-e606-40f3-99f6-f4679a9f9c17@group-B858FA317E63: change Leader from null to 243cd881-e4dd-41a2-ae09-8719fa6746fb at term 1 for appendEntries, leader elected after 5070ms
2019-10-11 04:44:08,953 [grpc-default-executor-26] INFO  impl.RaftServerImpl (ServerState.java:setLeader(253)) - 34f4c72f-caa0-4a31-bd94-9bdddef36627@group-B858FA317E63: change Leader from null to 243cd881-e4dd-41a2-ae09-8719fa6746fb at term 1 for appendEntries, leader elected after 5069ms
2019-10-11 04:44:08,955 [grpc-default-executor-26] INFO  impl.RaftServerImpl (ServerState.java:setRaftConf(354)) - 0200e9fc-e606-40f3-99f6-f4679a9f9c17@group-B858FA317E63: set configuration 0: [243cd881-e4dd-41a2-ae09-8719fa6746fb:192.168.157.200:40850, 0200e9fc-e606-40f3-99f6-f4679a9f9c17:192.168.157.200:39966, 34f4c72f-caa0-4a31-bd94-9bdddef36627:192.168.157.200:46004], old=null at 0
2019-10-11 04:44:08,955 [grpc-default-executor-26] INFO  segmented.SegmentedRaftLogWorker (SegmentedRaftLogWorker.java:startLogSegment(380)) - 0200e9fc-e606-40f3-99f6-f4679a9f9c17@group-B858FA317E63-SegmentedRaftLogWorker: Starting segment from index:0
2019-10-11 04:44:08,955 [grpc-default-executor-20] INFO  impl.RaftServerImpl (ServerState.java:setRaftConf(354)) - 34f4c72f-caa0-4a31-bd94-9bdddef36627@group-B858FA317E63: set configuration 0: [243cd881-e4dd-41a2-ae09-8719fa6746fb:192.168.157.200:40850, 0200e9fc-e606-40f3-99f6-f4679a9f9c17:192.168.157.200:39966, 34f4c72f-caa0-4a31-bd94-9bdddef36627:192.168.157.200:46004], old=null at 0
2019-10-11 04:44:08,955 [grpc-default-executor-20] INFO  segmented.SegmentedRaftLogWorker (SegmentedRaftLogWorker.java:startLogSegment(380)) - 34f4c72f-caa0-4a31-bd94-9bdddef36627@group-B858FA317E63-SegmentedRaftLogWorker: Starting segment from index:0
2019-10-11 04:44:08,980 [0200e9fc-e606-40f3-99f6-f4679a9f9c17@group-D53E185946D1-SegmentedRaftLogWorker] INFO  segmented.SegmentedRaftLogWorker (SegmentedRaftLogWorker.java:execute(569)) - 0200e9fc-e606-40f3-99f6-f4679a9f9c17@group-D53E185946D1-SegmentedRaftLogWorker: created new log segment /workdir/hadoop-ozone/integration-test/target/test-dir/MiniOzoneClusterImpl-b44bfc70-173c-43e3-9456-d6fc7d130422/datanode-2/data/ratis/e5d6f506-a891-4755-bfdd-d53e185946d1/current/log_inprogress_0
2019-10-11 04:44:08,981 [Thread-6657] INFO  impl.FollowerState (FollowerState.java:run(106)) - 34f4c72f-caa0-4a31-bd94-9bdddef36627:group-DAE4C164D582 changes to CANDIDATE, lastRpcTime:5012, electionTimeout:5012ms
2019-10-11 04:44:08,981 [Thread-6657] INFO  impl.RoleInfo (RoleInfo.java:shutdownFollowerState(121)) - 34f4c72f-caa0-4a31-bd94-9bdddef36627: shutdown FollowerState
2019-10-11 04:44:08,981 [Thread-6657] INFO  impl.RaftServerImpl (RaftServerImpl.java:setRole(174)) - 34f4c72f-caa0-4a31-bd94-9bdddef36627@group-DAE4C164D582: changes role from  FOLLOWER to CANDIDATE at term 0 for changeToCandidate
2019-10-11 04:44:08,981 [Thread-6657] INFO  impl.RoleInfo (RoleInfo.java:updateAndGet(143)) - 34f4c72f-caa0-4a31-bd94-9bdddef36627: start LeaderElection
2019-10-11 04:44:08,999 [34f4c72f-caa0-4a31-bd94-9bdddef36627@group-3F58278D3D3E-SegmentedRaftLogWorker] INFO  segmented.SegmentedRaftLogWorker (SegmentedRaftLogWorker.java:execute(569)) - 34f4c72f-caa0-4a31-bd94-9bdddef36627@group-3F58278D3D3E-SegmentedRaftLogWorker: created new log segment /workdir/hadoop-ozone/integration-test/target/test-dir/MiniOzoneClusterImpl-b44bfc70-173c-43e3-9456-d6fc7d130422/datanode-1/data/ratis/41620022-100e-487c-9ca2-3f58278d3d3e/current/log_inprogress_0
2019-10-11 04:44:09,003 [34f4c72f-caa0-4a31-bd94-9bdddef36627@group-B858FA317E63-SegmentedRaftLogWorker] INFO  segmented.SegmentedRaftLogWorker (SegmentedRaftLogWorker.java:execute(569)) - 34f4c72f-caa0-4a31-bd94-9bdddef36627@group-B858FA317E63-SegmentedRaftLogWorker: created new log segment /workdir/hadoop-ozone/integration-test/target/test-dir/MiniOzoneClusterImpl-b44bfc70-173c-43e3-9456-d6fc7d130422/datanode-1/data/ratis/17c57d47-216e-4fbb-bc9b-b858fa317e63/current/log_inprogress_0
2019-10-11 04:44:09,003 [34f4c72f-caa0-4a31-bd94-9bdddef36627@group-DAE4C164D582:LeaderElection208] INFO  impl.LeaderElection (LeaderElection.java:askForVotes(182)) - 34f4c72f-caa0-4a31-bd94-9bdddef36627@group-DAE4C164D582:LeaderElection208: begin an election at term 1 for -1: [0200e9fc-e606-40f3-99f6-f4679a9f9c17:192.168.157.200:39966, a0be1567-3b57-484c-aa98-eeb9bc07b4e0:192.168.157.200:45492, 34f4c72f-caa0-4a31-bd94-9bdddef36627:192.168.157.200:46004], old=null
2019-10-11 04:44:09,003 [243cd881-e4dd-41a2-ae09-8719fa6746fb@group-D53E185946D1-SegmentedRaftLogWorker] INFO  segmented.SegmentedRaftLogWorker (SegmentedRaftLogWorker.java:execute(569)) - 243cd881-e4dd-41a2-ae09-8719fa6746fb@group-D53E185946D1-SegmentedRaftLogWorker: created new log segment /workdir/hadoop-ozone/integration-test/target/test-dir/MiniOzoneClusterImpl-b44bfc70-173c-43e3-9456-d6fc7d130422/datanode-0/data/ratis/e5d6f506-a891-4755-bfdd-d53e185946d1/current/log_inprogress_0
2019-10-11 04:44:09,003 [34f4c72f-caa0-4a31-bd94-9bdddef36627@group-D53E185946D1-SegmentedRaftLogWorker] INFO  segmented.SegmentedRaftLogWorker (SegmentedRaftLogWorker.java:execute(569)) - 34f4c72f-caa0-4a31-bd94-9bdddef36627@group-D53E185946D1-SegmentedRaftLogWorker: created new log segment /workdir/hadoop-ozone/integration-test/target/test-dir/MiniOzoneClusterImpl-b44bfc70-173c-43e3-9456-d6fc7d130422/datanode-1/data/ratis/e5d6f506-a891-4755-bfdd-d53e185946d1/current/log_inprogress_0
2019-10-11 04:44:09,003 [0200e9fc-e606-40f3-99f6-f4679a9f9c17@group-B858FA317E63-SegmentedRaftLogWorker] INFO  segmented.SegmentedRaftLogWorker (SegmentedRaftLogWorker.java:execute(569)) - 0200e9fc-e606-40f3-99f6-f4679a9f9c17@group-B858FA317E63-SegmentedRaftLogWorker: created new log segment /workdir/hadoop-ozone/integration-test/target/test-dir/MiniOzoneClusterImpl-b44bfc70-173c-43e3-9456-d6fc7d130422/datanode-2/data/ratis/17c57d47-216e-4fbb-bc9b-b858fa317e63/current/log_inprogress_0
2019-10-11 04:44:09,003 [243cd881-e4dd-41a2-ae09-8719fa6746fb@group-B858FA317E63-SegmentedRaftLogWorker] INFO  segmented.SegmentedRaftLogWorker (SegmentedRaftLogWorker.java:execute(569)) - 243cd881-e4dd-41a2-ae09-8719fa6746fb@group-B858FA317E63-SegmentedRaftLogWorker: created new log segment /workdir/hadoop-ozone/integration-test/target/test-dir/MiniOzoneClusterImpl-b44bfc70-173c-43e3-9456-d6fc7d130422/datanode-0/data/ratis/17c57d47-216e-4fbb-bc9b-b858fa317e63/current/log_inprogress_0
2019-10-11 04:44:09,008 [grpc-default-executor-26] INFO  impl.RaftServerImpl (RaftServerImpl.java:setRole(174)) - 0200e9fc-e606-40f3-99f6-f4679a9f9c17@group-DAE4C164D582: changes role from  FOLLOWER to FOLLOWER at term 1 for recognizeCandidate:34f4c72f-caa0-4a31-bd94-9bdddef36627
2019-10-11 04:44:09,008 [grpc-default-executor-26] INFO  impl.RoleInfo (RoleInfo.java:shutdownFollowerState(121)) - 0200e9fc-e606-40f3-99f6-f4679a9f9c17: shutdown FollowerState
2019-10-11 04:44:09,008 [grpc-default-executor-26] INFO  impl.RoleInfo (RoleInfo.java:updateAndGet(143)) - 0200e9fc-e606-40f3-99f6-f4679a9f9c17: start FollowerState
2019-10-11 04:44:09,010 [grpc-default-executor-20] INFO  impl.RaftServerImpl (RaftServerImpl.java:setRole(174)) - a0be1567-3b57-484c-aa98-eeb9bc07b4e0@group-DAE4C164D582: changes role from  FOLLOWER to FOLLOWER at term 1 for recognizeCandidate:34f4c72f-caa0-4a31-bd94-9bdddef36627
2019-10-11 04:44:09,011 [grpc-default-executor-20] INFO  impl.RoleInfo (RoleInfo.java:shutdownFollowerState(121)) - a0be1567-3b57-484c-aa98-eeb9bc07b4e0: shutdown FollowerState
2019-10-11 04:44:09,011 [Thread-6660] INFO  impl.FollowerState (FollowerState.java:run(115)) - 0200e9fc-e606-40f3-99f6-f4679a9f9c17: FollowerState was interrupted: java.lang.InterruptedException: sleep interrupted
2019-10-11 04:44:09,011 [grpc-default-executor-20] INFO  impl.RoleInfo (RoleInfo.java:updateAndGet(143)) - a0be1567-3b57-484c-aa98-eeb9bc07b4e0: start FollowerState
2019-10-11 04:44:09,011 [Thread-6662] INFO  impl.FollowerState (FollowerState.java:run(115)) - a0be1567-3b57-484c-aa98-eeb9bc07b4e0: FollowerState was interrupted: java.lang.InterruptedException: sleep interrupted
2019-10-11 04:44:09,016 [34f4c72f-caa0-4a31-bd94-9bdddef36627@group-DAE4C164D582:LeaderElection208] INFO  impl.LeaderElection (LeaderElection.java:logAndReturn(56)) - 34f4c72f-caa0-4a31-bd94-9bdddef36627@group-DAE4C164D582:LeaderElection208: Election PASSED; received 1 response(s) [34f4c72f-caa0-4a31-bd94-9bdddef36627<-a0be1567-3b57-484c-aa98-eeb9bc07b4e0#0:OK-t1] and 0 exception(s); 34f4c72f-caa0-4a31-bd94-9bdddef36627@group-DAE4C164D582:t1, leader=null, voted=34f4c72f-caa0-4a31-bd94-9bdddef36627, raftlog=34f4c72f-caa0-4a31-bd94-9bdddef36627@group-DAE4C164D582-SegmentedRaftLog:OPENED:c-1,f-1,i0, conf=-1: [0200e9fc-e606-40f3-99f6-f4679a9f9c17:192.168.157.200:39966, a0be1567-3b57-484c-aa98-eeb9bc07b4e0:192.168.157.200:45492, 34f4c72f-caa0-4a31-bd94-9bdddef36627:192.168.157.200:46004], old=null
2019-10-11 04:44:09,016 [34f4c72f-caa0-4a31-bd94-9bdddef36627@group-DAE4C164D582:LeaderElection208] INFO  impl.RoleInfo (RoleInfo.java:shutdownLeaderElection(134)) - 34f4c72f-caa0-4a31-bd94-9bdddef36627: shutdown LeaderElection
2019-10-11 04:44:09,016 [34f4c72f-caa0-4a31-bd94-9bdddef36627@group-DAE4C164D582:LeaderElection208] INFO  impl.RaftServerImpl (RaftServerImpl.java:setRole(174)) - 34f4c72f-caa0-4a31-bd94-9bdddef36627@group-DAE4C164D582: changes role from CANDIDATE to LEADER at term 1 for changeToLeader
2019-10-11 04:44:09,017 [34f4c72f-caa0-4a31-bd94-9bdddef36627@group-DAE4C164D582:LeaderElection208] INFO  impl.RaftServerImpl (ServerState.java:setLeader(253)) - 34f4c72f-caa0-4a31-bd94-9bdddef36627@group-DAE4C164D582: change Leader from null to 34f4c72f-caa0-4a31-bd94-9bdddef36627 at term 1 for becomeLeader, leader elected after 5056ms
2019-10-11 04:44:09,017 [34f4c72f-caa0-4a31-bd94-9bdddef36627@group-DAE4C164D582:LeaderElection208] INFO  server.RaftServerConfigKeys (ConfUtils.java:logGet(43)) - raft.server.staging.catchup.gap = 1000 (default)
2019-10-11 04:44:09,017 [34f4c72f-caa0-4a31-bd94-9bdddef36627@group-DAE4C164D582:LeaderElection208] INFO  server.RaftServerConfigKeys (ConfUtils.java:logGet(43)) - raft.server.rpc.sleep.time = 25ms (default)
2019-10-11 04:44:09,017 [34f4c72f-caa0-4a31-bd94-9bdddef36627@group-DAE4C164D582:LeaderElection208] INFO  server.RaftServerConfigKeys (ConfUtils.java:logGet(43)) - raft.server.write.element-limit = 4096 (default)
2019-10-11 04:44:09,017 [34f4c72f-caa0-4a31-bd94-9bdddef36627@group-DAE4C164D582:LeaderElection208] INFO  server.RaftServerConfigKeys (ConfUtils.java:logGet(43)) - raft.server.watch.timeout = 10s (default)
2019-10-11 04:44:09,017 [34f4c72f-caa0-4a31-bd94-9bdddef36627@group-DAE4C164D582:LeaderElection208] INFO  server.RaftServerConfigKeys (ConfUtils.java:logGet(43)) - raft.server.watch.timeout.denomination = 1s (default)
2019-10-11 04:44:09,017 [34f4c72f-caa0-4a31-bd94-9bdddef36627@group-DAE4C164D582:LeaderElection208] INFO  server.RaftServerConfigKeys (ConfUtils.java:logGet(43)) - raft.server.watch.element-limit = 65536 (default)
2019-10-11 04:44:09,019 [34f4c72f-caa0-4a31-bd94-9bdddef36627@group-DAE4C164D582:LeaderElection208] INFO  server.RaftServerConfigKeys (ConfUtils.java:logGet(43)) - raft.server.log.appender.snapshot.chunk.size.max = 16MB (=16777216) (default)
2019-10-11 04:44:09,019 [34f4c72f-caa0-4a31-bd94-9bdddef36627@group-DAE4C164D582:LeaderElection208] INFO  server.RaftServerConfigKeys (ConfUtils.java:logGet(43)) - raft.server.log.appender.buffer.byte-limit = 33554432 (custom)
2019-10-11 04:44:09,019 [34f4c72f-caa0-4a31-bd94-9bdddef36627@group-DAE4C164D582:LeaderElection208] INFO  server.RaftServerConfigKeys (ConfUtils.java:logGet(43)) - raft.server.log.appender.buffer.element-limit = 1 (custom)
2019-10-11 04:44:09,019 [34f4c72f-caa0-4a31-bd94-9bdddef36627@group-DAE4C164D582:LeaderElection208] INFO  grpc.GrpcConfigKeys$Server (ConfUtils.java:logGet(43)) - raft.grpc.server.leader.outstanding.appends.max = 128 (default)
2019-10-11 04:44:09,019 [34f4c72f-caa0-4a31-bd94-9bdddef36627@group-DAE4C164D582:LeaderElection208] INFO  server.RaftServerConfigKeys (ConfUtils.java:logGet(43)) - raft.server.rpc.request.timeout = 3000ms (default)
2019-10-11 04:44:09,020 [34f4c72f-caa0-4a31-bd94-9bdddef36627@group-DAE4C164D582:LeaderElection208] INFO  server.RaftServerConfigKeys (ConfUtils.java:logGet(43)) - raft.server.log.appender.install.snapshot.enabled = false (custom)
2019-10-11 04:44:09,020 [34f4c72f-caa0-4a31-bd94-9bdddef36627@group-DAE4C164D582:LeaderElection208] INFO  server.RaftServerConfigKeys (ConfUtils.java:logGet(43)) - raft.server.log.appender.snapshot.chunk.size.max = 16MB (=16777216) (default)
2019-10-11 04:44:09,020 [34f4c72f-caa0-4a31-bd94-9bdddef36627@group-DAE4C164D582:LeaderElection208] INFO  server.RaftServerConfigKeys (ConfUtils.java:logGet(43)) - raft.server.log.appender.buffer.byte-limit = 33554432 (custom)
2019-10-11 04:44:09,020 [34f4c72f-caa0-4a31-bd94-9bdddef36627@group-DAE4C164D582:LeaderElection208] INFO  server.RaftServerConfigKeys (ConfUtils.java:logGet(43)) - raft.server.log.appender.buffer.element-limit = 1 (custom)
2019-10-11 04:44:09,020 [34f4c72f-caa0-4a31-bd94-9bdddef36627@group-DAE4C164D582:LeaderElection208] INFO  grpc.GrpcConfigKeys$Server (ConfUtils.java:logGet(43)) - raft.grpc.server.leader.outstanding.appends.max = 128 (default)
2019-10-11 04:44:09,020 [34f4c72f-caa0-4a31-bd94-9bdddef36627@group-DAE4C164D582:LeaderElection208] INFO  server.RaftServerConfigKeys (ConfUtils.java:logGet(43)) - raft.server.rpc.request.timeout = 3000ms (default)
2019-10-11 04:44:09,020 [34f4c72f-caa0-4a31-bd94-9bdddef36627@group-DAE4C164D582:LeaderElection208] INFO  server.RaftServerConfigKeys (ConfUtils.java:logGet(43)) - raft.server.log.appender.install.snapshot.enabled = false (custom)
2019-10-11 04:44:09,020 [34f4c72f-caa0-4a31-bd94-9bdddef36627@group-DAE4C164D582:LeaderElection208] INFO  impl.RoleInfo (RoleInfo.java:updateAndGet(143)) - 34f4c72f-caa0-4a31-bd94-9bdddef36627: start LeaderState
2019-10-11 04:44:09,020 [34f4c72f-caa0-4a31-bd94-9bdddef36627@group-DAE4C164D582:LeaderElection208] INFO  segmented.SegmentedRaftLogWorker (SegmentedRaftLogWorker.java:startLogSegment(380)) - 34f4c72f-caa0-4a31-bd94-9bdddef36627@group-DAE4C164D582-SegmentedRaftLogWorker: Starting segment from index:0
2019-10-11 04:44:09,021 [34f4c72f-caa0-4a31-bd94-9bdddef36627@group-DAE4C164D582:LeaderElection208] INFO  impl.RaftServerImpl (ServerState.java:setRaftConf(354)) - 34f4c72f-caa0-4a31-bd94-9bdddef36627@group-DAE4C164D582: set configuration 0: [0200e9fc-e606-40f3-99f6-f4679a9f9c17:192.168.157.200:39966, a0be1567-3b57-484c-aa98-eeb9bc07b4e0:192.168.157.200:45492, 34f4c72f-caa0-4a31-bd94-9bdddef36627:192.168.157.200:46004], old=null at 0
2019-10-11 04:44:09,022 [grpc-default-executor-20] INFO  impl.RaftServerImpl (ServerState.java:setLeader(253)) - 0200e9fc-e606-40f3-99f6-f4679a9f9c17@group-DAE4C164D582: change Leader from null to 34f4c72f-caa0-4a31-bd94-9bdddef36627 at term 1 for appendEntries, leader elected after 5061ms
2019-10-11 04:44:09,022 [grpc-default-executor-20] INFO  impl.RaftServerImpl (ServerState.java:setLeader(253)) - a0be1567-3b57-484c-aa98-eeb9bc07b4e0@group-DAE4C164D582: change Leader from null to 34f4c72f-caa0-4a31-bd94-9bdddef36627 at term 1 for appendEntries, leader elected after 5062ms
2019-10-11 04:44:09,023 [grpc-default-executor-20] INFO  impl.RaftServerImpl (ServerState.java:setRaftConf(354)) - 0200e9fc-e606-40f3-99f6-f4679a9f9c17@group-DAE4C164D582: set configuration 0: [0200e9fc-e606-40f3-99f6-f4679a9f9c17:192.168.157.200:39966, a0be1567-3b57-484c-aa98-eeb9bc07b4e0:192.168.157.200:45492, 34f4c72f-caa0-4a31-bd94-9bdddef36627:192.168.157.200:46004], old=null at 0
2019-10-11 04:44:09,023 [grpc-default-executor-20] INFO  segmented.SegmentedRaftLogWorker (SegmentedRaftLogWorker.java:startLogSegment(380)) - 0200e9fc-e606-40f3-99f6-f4679a9f9c17@group-DAE4C164D582-SegmentedRaftLogWorker: Starting segment from index:0
2019-10-11 04:44:09,024 [grpc-default-executor-26] INFO  impl.RaftServerImpl (ServerState.java:setRaftConf(354)) - a0be1567-3b57-484c-aa98-eeb9bc07b4e0@group-DAE4C164D582: set configuration 0: [0200e9fc-e606-40f3-99f6-f4679a9f9c17:192.168.157.200:39966, a0be1567-3b57-484c-aa98-eeb9bc07b4e0:192.168.157.200:45492, 34f4c72f-caa0-4a31-bd94-9bdddef36627:192.168.157.200:46004], old=null at 0
2019-10-11 04:44:09,024 [grpc-default-executor-26] INFO  segmented.SegmentedRaftLogWorker (SegmentedRaftLogWorker.java:startLogSegment(380)) - a0be1567-3b57-484c-aa98-eeb9bc07b4e0@group-DAE4C164D582-SegmentedRaftLogWorker: Starting segment from index:0
2019-10-11 04:44:09,049 [0200e9fc-e606-40f3-99f6-f4679a9f9c17@group-DAE4C164D582-SegmentedRaftLogWorker] INFO  segmented.SegmentedRaftLogWorker (SegmentedRaftLogWorker.java:execute(569)) - 0200e9fc-e606-40f3-99f6-f4679a9f9c17@group-DAE4C164D582-SegmentedRaftLogWorker: created new log segment /workdir/hadoop-ozone/integration-test/target/test-dir/MiniOzoneClusterImpl-b44bfc70-173c-43e3-9456-d6fc7d130422/datanode-2/data/ratis/bc8c6126-9840-4ee1-86ce-dae4c164d582/current/log_inprogress_0
2019-10-11 04:44:09,049 [34f4c72f-caa0-4a31-bd94-9bdddef36627@group-DAE4C164D582-SegmentedRaftLogWorker] INFO  segmented.SegmentedRaftLogWorker (SegmentedRaftLogWorker.java:execute(569)) - 34f4c72f-caa0-4a31-bd94-9bdddef36627@group-DAE4C164D582-SegmentedRaftLogWorker: created new log segment /workdir/hadoop-ozone/integration-test/target/test-dir/MiniOzoneClusterImpl-b44bfc70-173c-43e3-9456-d6fc7d130422/datanode-1/data/ratis/bc8c6126-9840-4ee1-86ce-dae4c164d582/current/log_inprogress_0
2019-10-11 04:44:09,051 [Thread-6668] INFO  impl.FollowerState (FollowerState.java:run(106)) - 0200e9fc-e606-40f3-99f6-f4679a9f9c17:group-CC3CFD0FB125 changes to CANDIDATE, lastRpcTime:5012, electionTimeout:5012ms
2019-10-11 04:44:09,051 [Thread-6668] INFO  impl.RoleInfo (RoleInfo.java:shutdownFollowerState(121)) - 0200e9fc-e606-40f3-99f6-f4679a9f9c17: shutdown FollowerState
2019-10-11 04:44:09,051 [Thread-6668] INFO  impl.RaftServerImpl (RaftServerImpl.java:setRole(174)) - 0200e9fc-e606-40f3-99f6-f4679a9f9c17@group-CC3CFD0FB125: changes role from  FOLLOWER to CANDIDATE at term 0 for changeToCandidate
2019-10-11 04:44:09,051 [Thread-6668] INFO  impl.RoleInfo (RoleInfo.java:updateAndGet(143)) - 0200e9fc-e606-40f3-99f6-f4679a9f9c17: start LeaderElection
2019-10-11 04:44:09,055 [a0be1567-3b57-484c-aa98-eeb9bc07b4e0@group-DAE4C164D582-SegmentedRaftLogWorker] INFO  segmented.SegmentedRaftLogWorker (SegmentedRaftLogWorker.java:execute(569)) - a0be1567-3b57-484c-aa98-eeb9bc07b4e0@group-DAE4C164D582-SegmentedRaftLogWorker: created new log segment /workdir/hadoop-ozone/integration-test/target/test-dir/MiniOzoneClusterImpl-b44bfc70-173c-43e3-9456-d6fc7d130422/datanode-4/data/ratis/bc8c6126-9840-4ee1-86ce-dae4c164d582/current/log_inprogress_0
2019-10-11 04:44:09,055 [Thread-6673] INFO  impl.FollowerState (FollowerState.java:run(106)) - 279ed7c7-79fc-45b0-972c-b02df9246810:group-CC3CFD0FB125 changes to CANDIDATE, lastRpcTime:5013, electionTimeout:5013ms
2019-10-11 04:44:09,056 [Thread-6673] INFO  impl.RoleInfo (RoleInfo.java:shutdownFollowerState(121)) - 279ed7c7-79fc-45b0-972c-b02df9246810: shutdown FollowerState
2019-10-11 04:44:09,056 [Thread-6673] INFO  impl.RaftServerImpl (RaftServerImpl.java:setRole(174)) - 279ed7c7-79fc-45b0-972c-b02df9246810@group-CC3CFD0FB125: changes role from  FOLLOWER to CANDIDATE at term 0 for changeToCandidate
2019-10-11 04:44:09,056 [Thread-6673] INFO  impl.RoleInfo (RoleInfo.java:updateAndGet(143)) - 279ed7c7-79fc-45b0-972c-b02df9246810: start LeaderElection
2019-10-11 04:44:09,059 [0200e9fc-e606-40f3-99f6-f4679a9f9c17@group-CC3CFD0FB125:LeaderElection209] INFO  impl.LeaderElection (LeaderElection.java:askForVotes(182)) - 0200e9fc-e606-40f3-99f6-f4679a9f9c17@group-CC3CFD0FB125:LeaderElection209: begin an election at term 1 for -1: [279ed7c7-79fc-45b0-972c-b02df9246810:192.168.157.200:35749, 0200e9fc-e606-40f3-99f6-f4679a9f9c17:192.168.157.200:39966, a0be1567-3b57-484c-aa98-eeb9bc07b4e0:192.168.157.200:45492], old=null
2019-10-11 04:44:09,063 [grpc-default-executor-20] INFO  impl.RaftServerImpl (RaftServerImpl.java:setRole(174)) - a0be1567-3b57-484c-aa98-eeb9bc07b4e0@group-CC3CFD0FB125: changes role from  FOLLOWER to FOLLOWER at term 1 for recognizeCandidate:0200e9fc-e606-40f3-99f6-f4679a9f9c17
2019-10-11 04:44:09,063 [279ed7c7-79fc-45b0-972c-b02df9246810@group-CC3CFD0FB125:LeaderElection210] INFO  impl.LeaderElection (LeaderElection.java:askForVotes(182)) - 279ed7c7-79fc-45b0-972c-b02df9246810@group-CC3CFD0FB125:LeaderElection210: begin an election at term 1 for -1: [279ed7c7-79fc-45b0-972c-b02df9246810:192.168.157.200:35749, 0200e9fc-e606-40f3-99f6-f4679a9f9c17:192.168.157.200:39966, a0be1567-3b57-484c-aa98-eeb9bc07b4e0:192.168.157.200:45492], old=null
2019-10-11 04:44:09,063 [grpc-default-executor-20] INFO  impl.RoleInfo (RoleInfo.java:shutdownFollowerState(121)) - a0be1567-3b57-484c-aa98-eeb9bc07b4e0: shutdown FollowerState
2019-10-11 04:44:09,064 [grpc-default-executor-20] INFO  impl.RoleInfo (RoleInfo.java:updateAndGet(143)) - a0be1567-3b57-484c-aa98-eeb9bc07b4e0: start FollowerState
2019-10-11 04:44:09,064 [Thread-6669] INFO  impl.FollowerState (FollowerState.java:run(115)) - a0be1567-3b57-484c-aa98-eeb9bc07b4e0: FollowerState was interrupted: java.lang.InterruptedException: sleep interrupted
2019-10-11 04:44:09,067 [279ed7c7-79fc-45b0-972c-b02df9246810@group-CC3CFD0FB125:LeaderElection210] INFO  impl.LeaderElection (LeaderElection.java:logAndReturn(56)) - 279ed7c7-79fc-45b0-972c-b02df9246810@group-CC3CFD0FB125:LeaderElection210: Election REJECTED; received 2 response(s) [279ed7c7-79fc-45b0-972c-b02df9246810<-0200e9fc-e606-40f3-99f6-f4679a9f9c17#0:FAIL-t1, 279ed7c7-79fc-45b0-972c-b02df9246810<-a0be1567-3b57-484c-aa98-eeb9bc07b4e0#0:FAIL-t1] and 0 exception(s); 279ed7c7-79fc-45b0-972c-b02df9246810@group-CC3CFD0FB125:t1, leader=null, voted=279ed7c7-79fc-45b0-972c-b02df9246810, raftlog=279ed7c7-79fc-45b0-972c-b02df9246810@group-CC3CFD0FB125-SegmentedRaftLog:OPENED:c-1,f-1,i0, conf=-1: [279ed7c7-79fc-45b0-972c-b02df9246810:192.168.157.200:35749, 0200e9fc-e606-40f3-99f6-f4679a9f9c17:192.168.157.200:39966, a0be1567-3b57-484c-aa98-eeb9bc07b4e0:192.168.157.200:45492], old=null
2019-10-11 04:44:09,067 [0200e9fc-e606-40f3-99f6-f4679a9f9c17@group-CC3CFD0FB125:LeaderElection209] INFO  impl.LeaderElection (LeaderElection.java:logAndReturn(56)) - 0200e9fc-e606-40f3-99f6-f4679a9f9c17@group-CC3CFD0FB125:LeaderElection209: Election PASSED; received 2 response(s) [0200e9fc-e606-40f3-99f6-f4679a9f9c17<-279ed7c7-79fc-45b0-972c-b02df9246810#0:FAIL-t1, 0200e9fc-e606-40f3-99f6-f4679a9f9c17<-a0be1567-3b57-484c-aa98-eeb9bc07b4e0#0:OK-t1] and 0 exception(s); 0200e9fc-e606-40f3-99f6-f4679a9f9c17@group-CC3CFD0FB125:t1, leader=null, voted=0200e9fc-e606-40f3-99f6-f4679a9f9c17, raftlog=0200e9fc-e606-40f3-99f6-f4679a9f9c17@group-CC3CFD0FB125-SegmentedRaftLog:OPENED:c-1,f-1,i0, conf=-1: [279ed7c7-79fc-45b0-972c-b02df9246810:192.168.157.200:35749, 0200e9fc-e606-40f3-99f6-f4679a9f9c17:192.168.157.200:39966, a0be1567-3b57-484c-aa98-eeb9bc07b4e0:192.168.157.200:45492], old=null
2019-10-11 04:44:09,067 [279ed7c7-79fc-45b0-972c-b02df9246810@group-CC3CFD0FB125:LeaderElection210] INFO  impl.RaftServerImpl (RaftServerImpl.java:setRole(174)) - 279ed7c7-79fc-45b0-972c-b02df9246810@group-CC3CFD0FB125: changes role from CANDIDATE to FOLLOWER at term 1 for DISCOVERED_A_NEW_TERM
2019-10-11 04:44:09,068 [0200e9fc-e606-40f3-99f6-f4679a9f9c17@group-CC3CFD0FB125:LeaderElection209] INFO  impl.RoleInfo (RoleInfo.java:shutdownLeaderElection(134)) - 0200e9fc-e606-40f3-99f6-f4679a9f9c17: shutdown LeaderElection
2019-10-11 04:44:09,068 [279ed7c7-79fc-45b0-972c-b02df9246810@group-CC3CFD0FB125:LeaderElection210] INFO  impl.RoleInfo (RoleInfo.java:shutdownLeaderElection(134)) - 279ed7c7-79fc-45b0-972c-b02df9246810: shutdown LeaderElection
2019-10-11 04:44:09,068 [0200e9fc-e606-40f3-99f6-f4679a9f9c17@group-CC3CFD0FB125:LeaderElection209] INFO  impl.RaftServerImpl (RaftServerImpl.java:setRole(174)) - 0200e9fc-e606-40f3-99f6-f4679a9f9c17@group-CC3CFD0FB125: changes role from CANDIDATE to LEADER at term 1 for changeToLeader
2019-10-11 04:44:09,068 [279ed7c7-79fc-45b0-972c-b02df9246810@group-CC3CFD0FB125:LeaderElection210] INFO  impl.RoleInfo (RoleInfo.java:updateAndGet(143)) - 279ed7c7-79fc-45b0-972c-b02df9246810: start FollowerState
2019-10-11 04:44:09,068 [0200e9fc-e606-40f3-99f6-f4679a9f9c17@group-CC3CFD0FB125:LeaderElection209] INFO  impl.RaftServerImpl (ServerState.java:setLeader(253)) - 0200e9fc-e606-40f3-99f6-f4679a9f9c17@group-CC3CFD0FB125: change Leader from null to 0200e9fc-e606-40f3-99f6-f4679a9f9c17 at term 1 for becomeLeader, leader elected after 5036ms
2019-10-11 04:44:09,068 [0200e9fc-e606-40f3-99f6-f4679a9f9c17@group-CC3CFD0FB125:LeaderElection209] INFO  server.RaftServerConfigKeys (ConfUtils.java:logGet(43)) - raft.server.staging.catchup.gap = 1000 (default)
2019-10-11 04:44:09,069 [0200e9fc-e606-40f3-99f6-f4679a9f9c17@group-CC3CFD0FB125:LeaderElection209] INFO  server.RaftServerConfigKeys (ConfUtils.java:logGet(43)) - raft.server.rpc.sleep.time = 25ms (default)
2019-10-11 04:44:09,069 [0200e9fc-e606-40f3-99f6-f4679a9f9c17@group-CC3CFD0FB125:LeaderElection209] INFO  server.RaftServerConfigKeys (ConfUtils.java:logGet(43)) - raft.server.write.element-limit = 4096 (default)
2019-10-11 04:44:09,069 [0200e9fc-e606-40f3-99f6-f4679a9f9c17@group-CC3CFD0FB125:LeaderElection209] INFO  server.RaftServerConfigKeys (ConfUtils.java:logGet(43)) - raft.server.watch.timeout = 10s (default)
2019-10-11 04:44:09,069 [0200e9fc-e606-40f3-99f6-f4679a9f9c17@group-CC3CFD0FB125:LeaderElection209] INFO  server.RaftServerConfigKeys (ConfUtils.java:logGet(43)) - raft.server.watch.timeout.denomination = 1s (default)
2019-10-11 04:44:09,069 [0200e9fc-e606-40f3-99f6-f4679a9f9c17@group-CC3CFD0FB125:LeaderElection209] INFO  server.RaftServerConfigKeys (ConfUtils.java:logGet(43)) - raft.server.watch.element-limit = 65536 (default)
2019-10-11 04:44:09,071 [0200e9fc-e606-40f3-99f6-f4679a9f9c17@group-CC3CFD0FB125:LeaderElection209] INFO  server.RaftServerConfigKeys (ConfUtils.java:logGet(43)) - raft.server.log.appender.snapshot.chunk.size.max = 16MB (=16777216) (default)
2019-10-11 04:44:09,071 [0200e9fc-e606-40f3-99f6-f4679a9f9c17@group-CC3CFD0FB125:LeaderElection209] INFO  server.RaftServerConfigKeys (ConfUtils.java:logGet(43)) - raft.server.log.appender.buffer.byte-limit = 33554432 (custom)
2019-10-11 04:44:09,071 [0200e9fc-e606-40f3-99f6-f4679a9f9c17@group-CC3CFD0FB125:LeaderElection209] INFO  server.RaftServerConfigKeys (ConfUtils.java:logGet(43)) - raft.server.log.appender.buffer.element-limit = 1 (custom)
2019-10-11 04:44:09,072 [0200e9fc-e606-40f3-99f6-f4679a9f9c17@group-CC3CFD0FB125:LeaderElection209] INFO  grpc.GrpcConfigKeys$Server (ConfUtils.java:logGet(43)) - raft.grpc.server.leader.outstanding.appends.max = 128 (default)
2019-10-11 04:44:09,072 [0200e9fc-e606-40f3-99f6-f4679a9f9c17@group-CC3CFD0FB125:LeaderElection209] INFO  server.RaftServerConfigKeys (ConfUtils.java:logGet(43)) - raft.server.rpc.request.timeout = 3000ms (default)
2019-10-11 04:44:09,072 [0200e9fc-e606-40f3-99f6-f4679a9f9c17@group-CC3CFD0FB125:LeaderElection209] INFO  server.RaftServerConfigKeys (ConfUtils.java:logGet(43)) - raft.server.log.appender.install.snapshot.enabled = false (custom)
2019-10-11 04:44:09,072 [0200e9fc-e606-40f3-99f6-f4679a9f9c17@group-CC3CFD0FB125:LeaderElection209] INFO  server.RaftServerConfigKeys (ConfUtils.java:logGet(43)) - raft.server.log.appender.snapshot.chunk.size.max = 16MB (=16777216) (default)
2019-10-11 04:44:09,072 [0200e9fc-e606-40f3-99f6-f4679a9f9c17@group-CC3CFD0FB125:LeaderElection209] INFO  server.RaftServerConfigKeys (ConfUtils.java:logGet(43)) - raft.server.log.appender.buffer.byte-limit = 33554432 (custom)
2019-10-11 04:44:09,073 [0200e9fc-e606-40f3-99f6-f4679a9f9c17@group-CC3CFD0FB125:LeaderElection209] INFO  server.RaftServerConfigKeys (ConfUtils.java:logGet(43)) - raft.server.log.appender.buffer.element-limit = 1 (custom)
2019-10-11 04:44:09,073 [0200e9fc-e606-40f3-99f6-f4679a9f9c17@group-CC3CFD0FB125:LeaderElection209] INFO  grpc.GrpcConfigKeys$Server (ConfUtils.java:logGet(43)) - raft.grpc.server.leader.outstanding.appends.max = 128 (default)
2019-10-11 04:44:09,073 [0200e9fc-e606-40f3-99f6-f4679a9f9c17@group-CC3CFD0FB125:LeaderElection209] INFO  server.RaftServerConfigKeys (ConfUtils.java:logGet(43)) - raft.server.rpc.request.timeout = 3000ms (default)
2019-10-11 04:44:09,073 [0200e9fc-e606-40f3-99f6-f4679a9f9c17@group-CC3CFD0FB125:LeaderElection209] INFO  server.RaftServerConfigKeys (ConfUtils.java:logGet(43)) - raft.server.log.appender.install.snapshot.enabled = false (custom)
2019-10-11 04:44:09,073 [0200e9fc-e606-40f3-99f6-f4679a9f9c17@group-CC3CFD0FB125:LeaderElection209] INFO  impl.RoleInfo (RoleInfo.java:updateAndGet(143)) - 0200e9fc-e606-40f3-99f6-f4679a9f9c17: start LeaderState
2019-10-11 04:44:09,074 [0200e9fc-e606-40f3-99f6-f4679a9f9c17@group-CC3CFD0FB125:LeaderElection209] INFO  segmented.SegmentedRaftLogWorker (SegmentedRaftLogWorker.java:startLogSegment(380)) - 0200e9fc-e606-40f3-99f6-f4679a9f9c17@group-CC3CFD0FB125-SegmentedRaftLogWorker: Starting segment from index:0
2019-10-11 04:44:09,074 [0200e9fc-e606-40f3-99f6-f4679a9f9c17@group-CC3CFD0FB125:LeaderElection209] INFO  impl.RaftServerImpl (ServerState.java:setRaftConf(354)) - 0200e9fc-e606-40f3-99f6-f4679a9f9c17@group-CC3CFD0FB125: set configuration 0: [279ed7c7-79fc-45b0-972c-b02df9246810:192.168.157.200:35749, 0200e9fc-e606-40f3-99f6-f4679a9f9c17:192.168.157.200:39966, a0be1567-3b57-484c-aa98-eeb9bc07b4e0:192.168.157.200:45492], old=null at 0
2019-10-11 04:44:09,075 [grpc-default-executor-20] INFO  impl.RaftServerImpl (ServerState.java:setLeader(253)) - 279ed7c7-79fc-45b0-972c-b02df9246810@group-CC3CFD0FB125: change Leader from null to 0200e9fc-e606-40f3-99f6-f4679a9f9c17 at term 1 for appendEntries, leader elected after 5043ms
2019-10-11 04:44:09,075 [grpc-default-executor-26] INFO  impl.RaftServerImpl (ServerState.java:setLeader(253)) - a0be1567-3b57-484c-aa98-eeb9bc07b4e0@group-CC3CFD0FB125: change Leader from null to 0200e9fc-e606-40f3-99f6-f4679a9f9c17 at term 1 for appendEntries, leader elected after 5044ms
2019-10-11 04:44:09,076 [grpc-default-executor-26] INFO  impl.RaftServerImpl (ServerState.java:setRaftConf(354)) - 279ed7c7-79fc-45b0-972c-b02df9246810@group-CC3CFD0FB125: set configuration 0: [279ed7c7-79fc-45b0-972c-b02df9246810:192.168.157.200:35749, 0200e9fc-e606-40f3-99f6-f4679a9f9c17:192.168.157.200:39966, a0be1567-3b57-484c-aa98-eeb9bc07b4e0:192.168.157.200:45492], old=null at 0
2019-10-11 04:44:09,076 [grpc-default-executor-26] INFO  segmented.SegmentedRaftLogWorker (SegmentedRaftLogWorker.java:startLogSegment(380)) - 279ed7c7-79fc-45b0-972c-b02df9246810@group-CC3CFD0FB125-SegmentedRaftLogWorker: Starting segment from index:0
2019-10-11 04:44:09,076 [grpc-default-executor-20] INFO  impl.RaftServerImpl (ServerState.java:setRaftConf(354)) - a0be1567-3b57-484c-aa98-eeb9bc07b4e0@group-CC3CFD0FB125: set configuration 0: [279ed7c7-79fc-45b0-972c-b02df9246810:192.168.157.200:35749, 0200e9fc-e606-40f3-99f6-f4679a9f9c17:192.168.157.200:39966, a0be1567-3b57-484c-aa98-eeb9bc07b4e0:192.168.157.200:45492], old=null at 0
2019-10-11 04:44:09,077 [grpc-default-executor-20] INFO  segmented.SegmentedRaftLogWorker (SegmentedRaftLogWorker.java:startLogSegment(380)) - a0be1567-3b57-484c-aa98-eeb9bc07b4e0@group-CC3CFD0FB125-SegmentedRaftLogWorker: Starting segment from index:0
2019-10-11 04:44:09,104 [279ed7c7-79fc-45b0-972c-b02df9246810@group-CC3CFD0FB125-SegmentedRaftLogWorker] INFO  segmented.SegmentedRaftLogWorker (SegmentedRaftLogWorker.java:execute(569)) - 279ed7c7-79fc-45b0-972c-b02df9246810@group-CC3CFD0FB125-SegmentedRaftLogWorker: created new log segment /workdir/hadoop-ozone/integration-test/target/test-dir/MiniOzoneClusterImpl-b44bfc70-173c-43e3-9456-d6fc7d130422/datanode-5/data/ratis/7f8a96a0-940c-42af-ba65-cc3cfd0fb125/current/log_inprogress_0
2019-10-11 04:44:09,104 [0200e9fc-e606-40f3-99f6-f4679a9f9c17@group-CC3CFD0FB125-SegmentedRaftLogWorker] INFO  segmented.SegmentedRaftLogWorker (SegmentedRaftLogWorker.java:execute(569)) - 0200e9fc-e606-40f3-99f6-f4679a9f9c17@group-CC3CFD0FB125-SegmentedRaftLogWorker: created new log segment /workdir/hadoop-ozone/integration-test/target/test-dir/MiniOzoneClusterImpl-b44bfc70-173c-43e3-9456-d6fc7d130422/datanode-2/data/ratis/7f8a96a0-940c-42af-ba65-cc3cfd0fb125/current/log_inprogress_0
2019-10-11 04:44:09,105 [a0be1567-3b57-484c-aa98-eeb9bc07b4e0@group-CC3CFD0FB125-SegmentedRaftLogWorker] INFO  segmented.SegmentedRaftLogWorker (SegmentedRaftLogWorker.java:execute(569)) - a0be1567-3b57-484c-aa98-eeb9bc07b4e0@group-CC3CFD0FB125-SegmentedRaftLogWorker: created new log segment /workdir/hadoop-ozone/integration-test/target/test-dir/MiniOzoneClusterImpl-b44bfc70-173c-43e3-9456-d6fc7d130422/datanode-4/data/ratis/7f8a96a0-940c-42af-ba65-cc3cfd0fb125/current/log_inprogress_0
2019-10-11 04:44:09,170 [Thread-6680] INFO  impl.FollowerState (FollowerState.java:run(106)) - 279ed7c7-79fc-45b0-972c-b02df9246810:group-F6D21F3B4CB1 changes to CANDIDATE, lastRpcTime:5042, electionTimeout:5042ms
2019-10-11 04:44:09,171 [Thread-6680] INFO  impl.RoleInfo (RoleInfo.java:shutdownFollowerState(121)) - 279ed7c7-79fc-45b0-972c-b02df9246810: shutdown FollowerState
2019-10-11 04:44:09,171 [Thread-6680] INFO  impl.RaftServerImpl (RaftServerImpl.java:setRole(174)) - 279ed7c7-79fc-45b0-972c-b02df9246810@group-F6D21F3B4CB1: changes role from  FOLLOWER to CANDIDATE at term 0 for changeToCandidate
2019-10-11 04:44:09,171 [Thread-6680] INFO  impl.RoleInfo (RoleInfo.java:updateAndGet(143)) - 279ed7c7-79fc-45b0-972c-b02df9246810: start LeaderElection
2019-10-11 04:44:09,190 [279ed7c7-79fc-45b0-972c-b02df9246810@group-F6D21F3B4CB1:LeaderElection211] INFO  impl.LeaderElection (LeaderElection.java:askForVotes(182)) - 279ed7c7-79fc-45b0-972c-b02df9246810@group-F6D21F3B4CB1:LeaderElection211: begin an election at term 1 for -1: [279ed7c7-79fc-45b0-972c-b02df9246810:192.168.157.200:35749, 0200e9fc-e606-40f3-99f6-f4679a9f9c17:192.168.157.200:39966, a0be1567-3b57-484c-aa98-eeb9bc07b4e0:192.168.157.200:45492], old=null
2019-10-11 04:44:09,195 [grpc-default-executor-20] INFO  impl.RaftServerImpl (RaftServerImpl.java:setRole(174)) - 0200e9fc-e606-40f3-99f6-f4679a9f9c17@group-F6D21F3B4CB1: changes role from  FOLLOWER to FOLLOWER at term 1 for recognizeCandidate:279ed7c7-79fc-45b0-972c-b02df9246810
2019-10-11 04:44:09,195 [grpc-default-executor-20] INFO  impl.RoleInfo (RoleInfo.java:shutdownFollowerState(121)) - 0200e9fc-e606-40f3-99f6-f4679a9f9c17: shutdown FollowerState
2019-10-11 04:44:09,195 [grpc-default-executor-20] INFO  impl.RoleInfo (RoleInfo.java:updateAndGet(143)) - 0200e9fc-e606-40f3-99f6-f4679a9f9c17: start FollowerState
2019-10-11 04:44:09,195 [Thread-6678] INFO  impl.FollowerState (FollowerState.java:run(115)) - 0200e9fc-e606-40f3-99f6-f4679a9f9c17: FollowerState was interrupted: java.lang.InterruptedException: sleep interrupted
2019-10-11 04:44:09,199 [grpc-default-executor-26] INFO  impl.RaftServerImpl (RaftServerImpl.java:setRole(174)) - a0be1567-3b57-484c-aa98-eeb9bc07b4e0@group-F6D21F3B4CB1: changes role from  FOLLOWER to FOLLOWER at term 1 for recognizeCandidate:279ed7c7-79fc-45b0-972c-b02df9246810
2019-10-11 04:44:09,200 [grpc-default-executor-26] INFO  impl.RoleInfo (RoleInfo.java:shutdownFollowerState(121)) - a0be1567-3b57-484c-aa98-eeb9bc07b4e0: shutdown FollowerState
2019-10-11 04:44:09,200 [grpc-default-executor-26] INFO  impl.RoleInfo (RoleInfo.java:updateAndGet(143)) - a0be1567-3b57-484c-aa98-eeb9bc07b4e0: start FollowerState
2019-10-11 04:44:09,200 [Thread-6681] INFO  impl.FollowerState (FollowerState.java:run(115)) - a0be1567-3b57-484c-aa98-eeb9bc07b4e0: FollowerState was interrupted: java.lang.InterruptedException: sleep interrupted
2019-10-11 04:44:09,213 [279ed7c7-79fc-45b0-972c-b02df9246810@group-F6D21F3B4CB1:LeaderElection211] INFO  impl.LeaderElection (LeaderElection.java:logAndReturn(56)) - 279ed7c7-79fc-45b0-972c-b02df9246810@group-F6D21F3B4CB1:LeaderElection211: Election PASSED; received 1 response(s) [279ed7c7-79fc-45b0-972c-b02df9246810<-0200e9fc-e606-40f3-99f6-f4679a9f9c17#0:OK-t1] and 0 exception(s); 279ed7c7-79fc-45b0-972c-b02df9246810@group-F6D21F3B4CB1:t1, leader=null, voted=279ed7c7-79fc-45b0-972c-b02df9246810, raftlog=279ed7c7-79fc-45b0-972c-b02df9246810@group-F6D21F3B4CB1-SegmentedRaftLog:OPENED:c-1,f-1,i0, conf=-1: [279ed7c7-79fc-45b0-972c-b02df9246810:192.168.157.200:35749, 0200e9fc-e606-40f3-99f6-f4679a9f9c17:192.168.157.200:39966, a0be1567-3b57-484c-aa98-eeb9bc07b4e0:192.168.157.200:45492], old=null
2019-10-11 04:44:09,214 [279ed7c7-79fc-45b0-972c-b02df9246810@group-F6D21F3B4CB1:LeaderElection211] INFO  impl.RoleInfo (RoleInfo.java:shutdownLeaderElection(134)) - 279ed7c7-79fc-45b0-972c-b02df9246810: shutdown LeaderElection
2019-10-11 04:44:09,214 [279ed7c7-79fc-45b0-972c-b02df9246810@group-F6D21F3B4CB1:LeaderElection211] INFO  impl.RaftServerImpl (RaftServerImpl.java:setRole(174)) - 279ed7c7-79fc-45b0-972c-b02df9246810@group-F6D21F3B4CB1: changes role from CANDIDATE to LEADER at term 1 for changeToLeader
2019-10-11 04:44:09,214 [279ed7c7-79fc-45b0-972c-b02df9246810@group-F6D21F3B4CB1:LeaderElection211] INFO  impl.RaftServerImpl (ServerState.java:setLeader(253)) - 279ed7c7-79fc-45b0-972c-b02df9246810@group-F6D21F3B4CB1: change Leader from null to 279ed7c7-79fc-45b0-972c-b02df9246810 at term 1 for becomeLeader, leader elected after 5095ms
2019-10-11 04:44:09,214 [279ed7c7-79fc-45b0-972c-b02df9246810@group-F6D21F3B4CB1:LeaderElection211] INFO  server.RaftServerConfigKeys (ConfUtils.java:logGet(43)) - raft.server.staging.catchup.gap = 1000 (default)
2019-10-11 04:44:09,214 [279ed7c7-79fc-45b0-972c-b02df9246810@group-F6D21F3B4CB1:LeaderElection211] INFO  server.RaftServerConfigKeys (ConfUtils.java:logGet(43)) - raft.server.rpc.sleep.time = 25ms (default)
2019-10-11 04:44:09,214 [279ed7c7-79fc-45b0-972c-b02df9246810@group-F6D21F3B4CB1:LeaderElection211] INFO  server.RaftServerConfigKeys (ConfUtils.java:logGet(43)) - raft.server.write.element-limit = 4096 (default)
2019-10-11 04:44:09,215 [279ed7c7-79fc-45b0-972c-b02df9246810@group-F6D21F3B4CB1:LeaderElection211] INFO  server.RaftServerConfigKeys (ConfUtils.java:logGet(43)) - raft.server.watch.timeout = 10s (default)
2019-10-11 04:44:09,215 [279ed7c7-79fc-45b0-972c-b02df9246810@group-F6D21F3B4CB1:LeaderElection211] INFO  server.RaftServerConfigKeys (ConfUtils.java:logGet(43)) - raft.server.watch.timeout.denomination = 1s (default)
2019-10-11 04:44:09,215 [279ed7c7-79fc-45b0-972c-b02df9246810@group-F6D21F3B4CB1:LeaderElection211] INFO  server.RaftServerConfigKeys (ConfUtils.java:logGet(43)) - raft.server.watch.element-limit = 65536 (default)
2019-10-11 04:44:09,216 [279ed7c7-79fc-45b0-972c-b02df9246810@group-F6D21F3B4CB1:LeaderElection211] INFO  server.RaftServerConfigKeys (ConfUtils.java:logGet(43)) - raft.server.log.appender.snapshot.chunk.size.max = 16MB (=16777216) (default)
2019-10-11 04:44:09,217 [279ed7c7-79fc-45b0-972c-b02df9246810@group-F6D21F3B4CB1:LeaderElection211] INFO  server.RaftServerConfigKeys (ConfUtils.java:logGet(43)) - raft.server.log.appender.buffer.byte-limit = 33554432 (custom)
2019-10-11 04:44:09,217 [279ed7c7-79fc-45b0-972c-b02df9246810@group-F6D21F3B4CB1:LeaderElection211] INFO  server.RaftServerConfigKeys (ConfUtils.java:logGet(43)) - raft.server.log.appender.buffer.element-limit = 1 (custom)
2019-10-11 04:44:09,217 [279ed7c7-79fc-45b0-972c-b02df9246810@group-F6D21F3B4CB1:LeaderElection211] INFO  grpc.GrpcConfigKeys$Server (ConfUtils.java:logGet(43)) - raft.grpc.server.leader.outstanding.appends.max = 128 (default)
2019-10-11 04:44:09,217 [279ed7c7-79fc-45b0-972c-b02df9246810@group-F6D21F3B4CB1:LeaderElection211] INFO  server.RaftServerConfigKeys (ConfUtils.java:logGet(43)) - raft.server.rpc.request.timeout = 3000ms (default)
2019-10-11 04:44:09,217 [279ed7c7-79fc-45b0-972c-b02df9246810@group-F6D21F3B4CB1:LeaderElection211] INFO  server.RaftServerConfigKeys (ConfUtils.java:logGet(43)) - raft.server.log.appender.install.snapshot.enabled = false (custom)
2019-10-11 04:44:09,217 [279ed7c7-79fc-45b0-972c-b02df9246810@group-F6D21F3B4CB1:LeaderElection211] INFO  server.RaftServerConfigKeys (ConfUtils.java:logGet(43)) - raft.server.log.appender.snapshot.chunk.size.max = 16MB (=16777216) (default)
2019-10-11 04:44:09,218 [279ed7c7-79fc-45b0-972c-b02df9246810@group-F6D21F3B4CB1:LeaderElection211] INFO  server.RaftServerConfigKeys (ConfUtils.java:logGet(43)) - raft.server.log.appender.buffer.byte-limit = 33554432 (custom)
2019-10-11 04:44:09,218 [279ed7c7-79fc-45b0-972c-b02df9246810@group-F6D21F3B4CB1:LeaderElection211] INFO  server.RaftServerConfigKeys (ConfUtils.java:logGet(43)) - raft.server.log.appender.buffer.element-limit = 1 (custom)
2019-10-11 04:44:09,218 [279ed7c7-79fc-45b0-972c-b02df9246810@group-F6D21F3B4CB1:LeaderElection211] INFO  grpc.GrpcConfigKeys$Server (ConfUtils.java:logGet(43)) - raft.grpc.server.leader.outstanding.appends.max = 128 (default)
2019-10-11 04:44:09,218 [279ed7c7-79fc-45b0-972c-b02df9246810@group-F6D21F3B4CB1:LeaderElection211] INFO  server.RaftServerConfigKeys (ConfUtils.java:logGet(43)) - raft.server.rpc.request.timeout = 3000ms (default)
2019-10-11 04:44:09,218 [279ed7c7-79fc-45b0-972c-b02df9246810@group-F6D21F3B4CB1:LeaderElection211] INFO  server.RaftServerConfigKeys (ConfUtils.java:logGet(43)) - raft.server.log.appender.install.snapshot.enabled = false (custom)
2019-10-11 04:44:09,218 [279ed7c7-79fc-45b0-972c-b02df9246810@group-F6D21F3B4CB1:LeaderElection211] INFO  impl.RoleInfo (RoleInfo.java:updateAndGet(143)) - 279ed7c7-79fc-45b0-972c-b02df9246810: start LeaderState
2019-10-11 04:44:09,219 [279ed7c7-79fc-45b0-972c-b02df9246810@group-F6D21F3B4CB1:LeaderElection211] INFO  segmented.SegmentedRaftLogWorker (SegmentedRaftLogWorker.java:startLogSegment(380)) - 279ed7c7-79fc-45b0-972c-b02df9246810@group-F6D21F3B4CB1-SegmentedRaftLogWorker: Starting segment from index:0
2019-10-11 04:44:09,219 [279ed7c7-79fc-45b0-972c-b02df9246810@group-F6D21F3B4CB1:LeaderElection211] INFO  impl.RaftServerImpl (ServerState.java:setRaftConf(354)) - 279ed7c7-79fc-45b0-972c-b02df9246810@group-F6D21F3B4CB1: set configuration 0: [279ed7c7-79fc-45b0-972c-b02df9246810:192.168.157.200:35749, 0200e9fc-e606-40f3-99f6-f4679a9f9c17:192.168.157.200:39966, a0be1567-3b57-484c-aa98-eeb9bc07b4e0:192.168.157.200:45492], old=null at 0
2019-10-11 04:44:09,220 [grpc-default-executor-20] INFO  impl.RaftServerImpl (ServerState.java:setLeader(253)) - a0be1567-3b57-484c-aa98-eeb9bc07b4e0@group-F6D21F3B4CB1: change Leader from null to 279ed7c7-79fc-45b0-972c-b02df9246810 at term 1 for appendEntries, leader elected after 5101ms
2019-10-11 04:44:09,220 [grpc-default-executor-26] INFO  impl.RaftServerImpl (ServerState.java:setLeader(253)) - 0200e9fc-e606-40f3-99f6-f4679a9f9c17@group-F6D21F3B4CB1: change Leader from null to 279ed7c7-79fc-45b0-972c-b02df9246810 at term 1 for appendEntries, leader elected after 5101ms
2019-10-11 04:44:09,222 [grpc-default-executor-20] INFO  impl.RaftServerImpl (ServerState.java:setRaftConf(354)) - a0be1567-3b57-484c-aa98-eeb9bc07b4e0@group-F6D21F3B4CB1: set configuration 0: [279ed7c7-79fc-45b0-972c-b02df9246810:192.168.157.200:35749, 0200e9fc-e606-40f3-99f6-f4679a9f9c17:192.168.157.200:39966, a0be1567-3b57-484c-aa98-eeb9bc07b4e0:192.168.157.200:45492], old=null at 0
2019-10-11 04:44:09,222 [grpc-default-executor-26] INFO  impl.RaftServerImpl (ServerState.java:setRaftConf(354)) - 0200e9fc-e606-40f3-99f6-f4679a9f9c17@group-F6D21F3B4CB1: set configuration 0: [279ed7c7-79fc-45b0-972c-b02df9246810:192.168.157.200:35749, 0200e9fc-e606-40f3-99f6-f4679a9f9c17:192.168.157.200:39966, a0be1567-3b57-484c-aa98-eeb9bc07b4e0:192.168.157.200:45492], old=null at 0
2019-10-11 04:44:09,222 [grpc-default-executor-20] INFO  segmented.SegmentedRaftLogWorker (SegmentedRaftLogWorker.java:startLogSegment(380)) - a0be1567-3b57-484c-aa98-eeb9bc07b4e0@group-F6D21F3B4CB1-SegmentedRaftLogWorker: Starting segment from index:0
2019-10-11 04:44:09,222 [grpc-default-executor-26] INFO  segmented.SegmentedRaftLogWorker (SegmentedRaftLogWorker.java:startLogSegment(380)) - 0200e9fc-e606-40f3-99f6-f4679a9f9c17@group-F6D21F3B4CB1-SegmentedRaftLogWorker: Starting segment from index:0
2019-10-11 04:44:09,264 [279ed7c7-79fc-45b0-972c-b02df9246810@group-F6D21F3B4CB1-SegmentedRaftLogWorker] INFO  segmented.SegmentedRaftLogWorker (SegmentedRaftLogWorker.java:execute(569)) - 279ed7c7-79fc-45b0-972c-b02df9246810@group-F6D21F3B4CB1-SegmentedRaftLogWorker: created new log segment /workdir/hadoop-ozone/integration-test/target/test-dir/MiniOzoneClusterImpl-b44bfc70-173c-43e3-9456-d6fc7d130422/datanode-5/data/ratis/a99de9ad-da11-4d19-8b0e-f6d21f3b4cb1/current/log_inprogress_0
2019-10-11 04:44:09,264 [0200e9fc-e606-40f3-99f6-f4679a9f9c17@group-F6D21F3B4CB1-SegmentedRaftLogWorker] INFO  segmented.SegmentedRaftLogWorker (SegmentedRaftLogWorker.java:execute(569)) - 0200e9fc-e606-40f3-99f6-f4679a9f9c17@group-F6D21F3B4CB1-SegmentedRaftLogWorker: created new log segment /workdir/hadoop-ozone/integration-test/target/test-dir/MiniOzoneClusterImpl-b44bfc70-173c-43e3-9456-d6fc7d130422/datanode-2/data/ratis/a99de9ad-da11-4d19-8b0e-f6d21f3b4cb1/current/log_inprogress_0
2019-10-11 04:44:09,277 [a0be1567-3b57-484c-aa98-eeb9bc07b4e0@group-F6D21F3B4CB1-SegmentedRaftLogWorker] INFO  segmented.SegmentedRaftLogWorker (SegmentedRaftLogWorker.java:execute(569)) - a0be1567-3b57-484c-aa98-eeb9bc07b4e0@group-F6D21F3B4CB1-SegmentedRaftLogWorker: created new log segment /workdir/hadoop-ozone/integration-test/target/test-dir/MiniOzoneClusterImpl-b44bfc70-173c-43e3-9456-d6fc7d130422/datanode-4/data/ratis/a99de9ad-da11-4d19-8b0e-f6d21f3b4cb1/current/log_inprogress_0
2019-10-11 04:44:09,297 [Thread-6690] INFO  impl.FollowerState (FollowerState.java:run(106)) - 0200e9fc-e606-40f3-99f6-f4679a9f9c17:group-C9E2B5B3B0C9 changes to CANDIDATE, lastRpcTime:5108, electionTimeout:5082ms
2019-10-11 04:44:09,297 [Thread-6690] INFO  impl.RoleInfo (RoleInfo.java:shutdownFollowerState(121)) - 0200e9fc-e606-40f3-99f6-f4679a9f9c17: shutdown FollowerState
2019-10-11 04:44:09,297 [Thread-6690] INFO  impl.RaftServerImpl (RaftServerImpl.java:setRole(174)) - 0200e9fc-e606-40f3-99f6-f4679a9f9c17@group-C9E2B5B3B0C9: changes role from  FOLLOWER to CANDIDATE at term 0 for changeToCandidate
2019-10-11 04:44:09,297 [Thread-6690] INFO  impl.RoleInfo (RoleInfo.java:updateAndGet(143)) - 0200e9fc-e606-40f3-99f6-f4679a9f9c17: start LeaderElection
2019-10-11 04:44:09,307 [Thread-6685] INFO  impl.FollowerState (FollowerState.java:run(106)) - 279ed7c7-79fc-45b0-972c-b02df9246810:group-C9E2B5B3B0C9 changes to CANDIDATE, lastRpcTime:5124, electionTimeout:5124ms
2019-10-11 04:44:09,307 [Thread-6685] INFO  impl.RoleInfo (RoleInfo.java:shutdownFollowerState(121)) - 279ed7c7-79fc-45b0-972c-b02df9246810: shutdown FollowerState
2019-10-11 04:44:09,307 [Thread-6685] INFO  impl.RaftServerImpl (RaftServerImpl.java:setRole(174)) - 279ed7c7-79fc-45b0-972c-b02df9246810@group-C9E2B5B3B0C9: changes role from  FOLLOWER to CANDIDATE at term 0 for changeToCandidate
2019-10-11 04:44:09,307 [Thread-6685] INFO  impl.RoleInfo (RoleInfo.java:updateAndGet(143)) - 279ed7c7-79fc-45b0-972c-b02df9246810: start LeaderElection
2019-10-11 04:44:09,330 [0200e9fc-e606-40f3-99f6-f4679a9f9c17@group-C9E2B5B3B0C9:LeaderElection212] INFO  impl.LeaderElection (LeaderElection.java:askForVotes(182)) - 0200e9fc-e606-40f3-99f6-f4679a9f9c17@group-C9E2B5B3B0C9:LeaderElection212: begin an election at term 1 for -1: [279ed7c7-79fc-45b0-972c-b02df9246810:192.168.157.200:35749, 0200e9fc-e606-40f3-99f6-f4679a9f9c17:192.168.157.200:39966, a0be1567-3b57-484c-aa98-eeb9bc07b4e0:192.168.157.200:45492], old=null
2019-10-11 04:44:09,332 [grpc-default-executor-26] INFO  impl.RaftServerImpl (RaftServerImpl.java:setRole(174)) - a0be1567-3b57-484c-aa98-eeb9bc07b4e0@group-C9E2B5B3B0C9: changes role from  FOLLOWER to FOLLOWER at term 1 for recognizeCandidate:0200e9fc-e606-40f3-99f6-f4679a9f9c17
2019-10-11 04:44:09,332 [grpc-default-executor-26] INFO  impl.RoleInfo (RoleInfo.java:shutdownFollowerState(121)) - a0be1567-3b57-484c-aa98-eeb9bc07b4e0: shutdown FollowerState
2019-10-11 04:44:09,332 [grpc-default-executor-26] INFO  impl.RoleInfo (RoleInfo.java:updateAndGet(143)) - a0be1567-3b57-484c-aa98-eeb9bc07b4e0: start FollowerState
2019-10-11 04:44:09,333 [Thread-6689] INFO  impl.FollowerState (FollowerState.java:run(115)) - a0be1567-3b57-484c-aa98-eeb9bc07b4e0: FollowerState was interrupted: java.lang.InterruptedException: sleep interrupted
2019-10-11 04:44:09,343 [279ed7c7-79fc-45b0-972c-b02df9246810@group-C9E2B5B3B0C9:LeaderElection213] INFO  impl.LeaderElection (LeaderElection.java:askForVotes(182)) - 279ed7c7-79fc-45b0-972c-b02df9246810@group-C9E2B5B3B0C9:LeaderElection213: begin an election at term 1 for -1: [279ed7c7-79fc-45b0-972c-b02df9246810:192.168.157.200:35749, 0200e9fc-e606-40f3-99f6-f4679a9f9c17:192.168.157.200:39966, a0be1567-3b57-484c-aa98-eeb9bc07b4e0:192.168.157.200:45492], old=null
2019-10-11 04:44:09,346 [0200e9fc-e606-40f3-99f6-f4679a9f9c17@group-C9E2B5B3B0C9:LeaderElection212] INFO  impl.LeaderElection (LeaderElection.java:logAndReturn(56)) - 0200e9fc-e606-40f3-99f6-f4679a9f9c17@group-C9E2B5B3B0C9:LeaderElection212: Election PASSED; received 1 response(s) [0200e9fc-e606-40f3-99f6-f4679a9f9c17<-a0be1567-3b57-484c-aa98-eeb9bc07b4e0#0:OK-t1] and 0 exception(s); 0200e9fc-e606-40f3-99f6-f4679a9f9c17@group-C9E2B5B3B0C9:t1, leader=null, voted=0200e9fc-e606-40f3-99f6-f4679a9f9c17, raftlog=0200e9fc-e606-40f3-99f6-f4679a9f9c17@group-C9E2B5B3B0C9-SegmentedRaftLog:OPENED:c-1,f-1,i0, conf=-1: [279ed7c7-79fc-45b0-972c-b02df9246810:192.168.157.200:35749, 0200e9fc-e606-40f3-99f6-f4679a9f9c17:192.168.157.200:39966, a0be1567-3b57-484c-aa98-eeb9bc07b4e0:192.168.157.200:45492], old=null
2019-10-11 04:44:09,346 [0200e9fc-e606-40f3-99f6-f4679a9f9c17@group-C9E2B5B3B0C9:LeaderElection212] INFO  impl.RoleInfo (RoleInfo.java:shutdownLeaderElection(134)) - 0200e9fc-e606-40f3-99f6-f4679a9f9c17: shutdown LeaderElection
2019-10-11 04:44:09,347 [0200e9fc-e606-40f3-99f6-f4679a9f9c17@group-C9E2B5B3B0C9:LeaderElection212] INFO  impl.RaftServerImpl (RaftServerImpl.java:setRole(174)) - 0200e9fc-e606-40f3-99f6-f4679a9f9c17@group-C9E2B5B3B0C9: changes role from CANDIDATE to LEADER at term 1 for changeToLeader
2019-10-11 04:44:09,347 [0200e9fc-e606-40f3-99f6-f4679a9f9c17@group-C9E2B5B3B0C9:LeaderElection212] INFO  impl.RaftServerImpl (ServerState.java:setLeader(253)) - 0200e9fc-e606-40f3-99f6-f4679a9f9c17@group-C9E2B5B3B0C9: change Leader from null to 0200e9fc-e606-40f3-99f6-f4679a9f9c17 at term 1 for becomeLeader, leader elected after 5171ms
2019-10-11 04:44:09,347 [0200e9fc-e606-40f3-99f6-f4679a9f9c17@group-C9E2B5B3B0C9:LeaderElection212] INFO  server.RaftServerConfigKeys (ConfUtils.java:logGet(43)) - raft.server.staging.catchup.gap = 1000 (default)
2019-10-11 04:44:09,347 [0200e9fc-e606-40f3-99f6-f4679a9f9c17@group-C9E2B5B3B0C9:LeaderElection212] INFO  server.RaftServerConfigKeys (ConfUtils.java:logGet(43)) - raft.server.rpc.sleep.time = 25ms (default)
2019-10-11 04:44:09,347 [0200e9fc-e606-40f3-99f6-f4679a9f9c17@group-C9E2B5B3B0C9:LeaderElection212] INFO  server.RaftServerConfigKeys (ConfUtils.java:logGet(43)) - raft.server.write.element-limit = 4096 (default)
2019-10-11 04:44:09,347 [0200e9fc-e606-40f3-99f6-f4679a9f9c17@group-C9E2B5B3B0C9:LeaderElection212] INFO  server.RaftServerConfigKeys (ConfUtils.java:logGet(43)) - raft.server.watch.timeout = 10s (default)
2019-10-11 04:44:09,347 [0200e9fc-e606-40f3-99f6-f4679a9f9c17@group-C9E2B5B3B0C9:LeaderElection212] INFO  server.RaftServerConfigKeys (ConfUtils.java:logGet(43)) - raft.server.watch.timeout.denomination = 1s (default)
2019-10-11 04:44:09,347 [0200e9fc-e606-40f3-99f6-f4679a9f9c17@group-C9E2B5B3B0C9:LeaderElection212] INFO  server.RaftServerConfigKeys (ConfUtils.java:logGet(43)) - raft.server.watch.element-limit = 65536 (default)
2019-10-11 04:44:09,349 [0200e9fc-e606-40f3-99f6-f4679a9f9c17@group-C9E2B5B3B0C9:LeaderElection212] INFO  server.RaftServerConfigKeys (ConfUtils.java:logGet(43)) - raft.server.log.appender.snapshot.chunk.size.max = 16MB (=16777216) (default)
2019-10-11 04:44:09,349 [0200e9fc-e606-40f3-99f6-f4679a9f9c17@group-C9E2B5B3B0C9:LeaderElection212] INFO  server.RaftServerConfigKeys (ConfUtils.java:logGet(43)) - raft.server.log.appender.buffer.byte-limit = 33554432 (custom)
2019-10-11 04:44:09,349 [0200e9fc-e606-40f3-99f6-f4679a9f9c17@group-C9E2B5B3B0C9:LeaderElection212] INFO  server.RaftServerConfigKeys (ConfUtils.java:logGet(43)) - raft.server.log.appender.buffer.element-limit = 1 (custom)
2019-10-11 04:44:09,349 [0200e9fc-e606-40f3-99f6-f4679a9f9c17@group-C9E2B5B3B0C9:LeaderElection212] INFO  grpc.GrpcConfigKeys$Server (ConfUtils.java:logGet(43)) - raft.grpc.server.leader.outstanding.appends.max = 128 (default)
2019-10-11 04:44:09,350 [0200e9fc-e606-40f3-99f6-f4679a9f9c17@group-C9E2B5B3B0C9:LeaderElection212] INFO  server.RaftServerConfigKeys (ConfUtils.java:logGet(43)) - raft.server.rpc.request.timeout = 3000ms (default)
2019-10-11 04:44:09,350 [0200e9fc-e606-40f3-99f6-f4679a9f9c17@group-C9E2B5B3B0C9:LeaderElection212] INFO  server.RaftServerConfigKeys (ConfUtils.java:logGet(43)) - raft.server.log.appender.install.snapshot.enabled = false (custom)
2019-10-11 04:44:09,350 [0200e9fc-e606-40f3-99f6-f4679a9f9c17@group-C9E2B5B3B0C9:LeaderElection212] INFO  server.RaftServerConfigKeys (ConfUtils.java:logGet(43)) - raft.server.log.appender.snapshot.chunk.size.max = 16MB (=16777216) (default)
2019-10-11 04:44:09,350 [0200e9fc-e606-40f3-99f6-f4679a9f9c17@group-C9E2B5B3B0C9:LeaderElection212] INFO  server.RaftServerConfigKeys (ConfUtils.java:logGet(43)) - raft.server.log.appender.buffer.byte-limit = 33554432 (custom)
2019-10-11 04:44:09,350 [0200e9fc-e606-40f3-99f6-f4679a9f9c17@group-C9E2B5B3B0C9:LeaderElection212] INFO  server.RaftServerConfigKeys (ConfUtils.java:logGet(43)) - raft.server.log.appender.buffer.element-limit = 1 (custom)
2019-10-11 04:44:09,350 [0200e9fc-e606-40f3-99f6-f4679a9f9c17@group-C9E2B5B3B0C9:LeaderElection212] INFO  grpc.GrpcConfigKeys$Server (ConfUtils.java:logGet(43)) - raft.grpc.server.leader.outstanding.appends.max = 128 (default)
2019-10-11 04:44:09,350 [0200e9fc-e606-40f3-99f6-f4679a9f9c17@group-C9E2B5B3B0C9:LeaderElection212] INFO  server.RaftServerConfigKeys (ConfUtils.java:logGet(43)) - raft.server.rpc.request.timeout = 3000ms (default)
2019-10-11 04:44:09,351 [0200e9fc-e606-40f3-99f6-f4679a9f9c17@group-C9E2B5B3B0C9:LeaderElection212] INFO  server.RaftServerConfigKeys (ConfUtils.java:logGet(43)) - raft.server.log.appender.install.snapshot.enabled = false (custom)
2019-10-11 04:44:09,351 [0200e9fc-e606-40f3-99f6-f4679a9f9c17@group-C9E2B5B3B0C9:LeaderElection212] INFO  impl.RoleInfo (RoleInfo.java:updateAndGet(143)) - 0200e9fc-e606-40f3-99f6-f4679a9f9c17: start LeaderState
2019-10-11 04:44:09,351 [0200e9fc-e606-40f3-99f6-f4679a9f9c17@group-C9E2B5B3B0C9:LeaderElection212] INFO  segmented.SegmentedRaftLogWorker (SegmentedRaftLogWorker.java:startLogSegment(380)) - 0200e9fc-e606-40f3-99f6-f4679a9f9c17@group-C9E2B5B3B0C9-SegmentedRaftLogWorker: Starting segment from index:0
2019-10-11 04:44:09,351 [0200e9fc-e606-40f3-99f6-f4679a9f9c17@group-C9E2B5B3B0C9:LeaderElection212] INFO  impl.RaftServerImpl (ServerState.java:setRaftConf(354)) - 0200e9fc-e606-40f3-99f6-f4679a9f9c17@group-C9E2B5B3B0C9: set configuration 0: [279ed7c7-79fc-45b0-972c-b02df9246810:192.168.157.200:35749, 0200e9fc-e606-40f3-99f6-f4679a9f9c17:192.168.157.200:39966, a0be1567-3b57-484c-aa98-eeb9bc07b4e0:192.168.157.200:45492], old=null at 0
2019-10-11 04:44:09,352 [grpc-default-executor-20] INFO  impl.RaftServerImpl (RaftServerImpl.java:requestVote(758)) - 0200e9fc-e606-40f3-99f6-f4679a9f9c17@group-C9E2B5B3B0C9-   LEADER: Withhold vote from candidate 279ed7c7-79fc-45b0-972c-b02df9246810 with term 1. State: leader=0200e9fc-e606-40f3-99f6-f4679a9f9c17, term=1, lastRpcElapsed=null
2019-10-11 04:44:09,352 [grpc-default-executor-20] INFO  impl.RaftServerImpl (ServerState.java:setLeader(253)) - a0be1567-3b57-484c-aa98-eeb9bc07b4e0@group-C9E2B5B3B0C9: change Leader from null to 0200e9fc-e606-40f3-99f6-f4679a9f9c17 at term 1 for appendEntries, leader elected after 5176ms
2019-10-11 04:44:09,352 [279ed7c7-79fc-45b0-972c-b02df9246810@group-C9E2B5B3B0C9:LeaderElection213] INFO  impl.LeaderElection (LeaderElection.java:logAndReturn(56)) - 279ed7c7-79fc-45b0-972c-b02df9246810@group-C9E2B5B3B0C9:LeaderElection213: Election REJECTED; received 2 response(s) [279ed7c7-79fc-45b0-972c-b02df9246810<-0200e9fc-e606-40f3-99f6-f4679a9f9c17#0:FAIL-t1, 279ed7c7-79fc-45b0-972c-b02df9246810<-a0be1567-3b57-484c-aa98-eeb9bc07b4e0#0:FAIL-t1] and 0 exception(s); 279ed7c7-79fc-45b0-972c-b02df9246810@group-C9E2B5B3B0C9:t1, leader=null, voted=279ed7c7-79fc-45b0-972c-b02df9246810, raftlog=279ed7c7-79fc-45b0-972c-b02df9246810@group-C9E2B5B3B0C9-SegmentedRaftLog:OPENED:c-1,f-1,i0, conf=-1: [279ed7c7-79fc-45b0-972c-b02df9246810:192.168.157.200:35749, 0200e9fc-e606-40f3-99f6-f4679a9f9c17:192.168.157.200:39966, a0be1567-3b57-484c-aa98-eeb9bc07b4e0:192.168.157.200:45492], old=null
2019-10-11 04:44:09,352 [grpc-default-executor-26] INFO  impl.RaftServerImpl (RaftServerImpl.java:setRole(174)) - 279ed7c7-79fc-45b0-972c-b02df9246810@group-C9E2B5B3B0C9: changes role from CANDIDATE to FOLLOWER at term 1 for appendEntries
2019-10-11 04:44:09,353 [grpc-default-executor-26] INFO  impl.RoleInfo (RoleInfo.java:shutdownLeaderElection(134)) - 279ed7c7-79fc-45b0-972c-b02df9246810: shutdown LeaderElection
2019-10-11 04:44:09,353 [grpc-default-executor-26] INFO  impl.RoleInfo (RoleInfo.java:updateAndGet(143)) - 279ed7c7-79fc-45b0-972c-b02df9246810: start FollowerState
2019-10-11 04:44:09,353 [grpc-default-executor-26] INFO  impl.RaftServerImpl (ServerState.java:setLeader(253)) - 279ed7c7-79fc-45b0-972c-b02df9246810@group-C9E2B5B3B0C9: change Leader from null to 0200e9fc-e606-40f3-99f6-f4679a9f9c17 at term 1 for appendEntries, leader elected after 5178ms
2019-10-11 04:44:09,354 [grpc-default-executor-26] INFO  impl.RaftServerImpl (ServerState.java:setRaftConf(354)) - a0be1567-3b57-484c-aa98-eeb9bc07b4e0@group-C9E2B5B3B0C9: set configuration 0: [279ed7c7-79fc-45b0-972c-b02df9246810:192.168.157.200:35749, 0200e9fc-e606-40f3-99f6-f4679a9f9c17:192.168.157.200:39966, a0be1567-3b57-484c-aa98-eeb9bc07b4e0:192.168.157.200:45492], old=null at 0
2019-10-11 04:44:09,354 [grpc-default-executor-26] INFO  segmented.SegmentedRaftLogWorker (SegmentedRaftLogWorker.java:startLogSegment(380)) - a0be1567-3b57-484c-aa98-eeb9bc07b4e0@group-C9E2B5B3B0C9-SegmentedRaftLogWorker: Starting segment from index:0
2019-10-11 04:44:09,354 [grpc-default-executor-20] INFO  impl.RaftServerImpl (ServerState.java:setRaftConf(354)) - 279ed7c7-79fc-45b0-972c-b02df9246810@group-C9E2B5B3B0C9: set configuration 0: [279ed7c7-79fc-45b0-972c-b02df9246810:192.168.157.200:35749, 0200e9fc-e606-40f3-99f6-f4679a9f9c17:192.168.157.200:39966, a0be1567-3b57-484c-aa98-eeb9bc07b4e0:192.168.157.200:45492], old=null at 0
2019-10-11 04:44:09,355 [grpc-default-executor-20] INFO  segmented.SegmentedRaftLogWorker (SegmentedRaftLogWorker.java:startLogSegment(380)) - 279ed7c7-79fc-45b0-972c-b02df9246810@group-C9E2B5B3B0C9-SegmentedRaftLogWorker: Starting segment from index:0
2019-10-11 04:44:09,387 [Thread-6694] INFO  impl.FollowerState (FollowerState.java:run(106)) - 279ed7c7-79fc-45b0-972c-b02df9246810:group-139FC92BB680 changes to CANDIDATE, lastRpcTime:5119, electionTimeout:5119ms
2019-10-11 04:44:09,388 [Thread-6694] INFO  impl.RoleInfo (RoleInfo.java:shutdownFollowerState(121)) - 279ed7c7-79fc-45b0-972c-b02df9246810: shutdown FollowerState
2019-10-11 04:44:09,388 [Thread-6694] INFO  impl.RaftServerImpl (RaftServerImpl.java:setRole(174)) - 279ed7c7-79fc-45b0-972c-b02df9246810@group-139FC92BB680: changes role from  FOLLOWER to CANDIDATE at term 0 for changeToCandidate
2019-10-11 04:44:09,388 [Thread-6694] INFO  impl.RoleInfo (RoleInfo.java:updateAndGet(143)) - 279ed7c7-79fc-45b0-972c-b02df9246810: start LeaderElection
2019-10-11 04:44:09,394 [Thread-6698] INFO  impl.FollowerState (FollowerState.java:run(106)) - 0200e9fc-e606-40f3-99f6-f4679a9f9c17:group-139FC92BB680 changes to CANDIDATE, lastRpcTime:5122, electionTimeout:5122ms
2019-10-11 04:44:09,394 [Thread-6698] INFO  impl.RoleInfo (RoleInfo.java:shutdownFollowerState(121)) - 0200e9fc-e606-40f3-99f6-f4679a9f9c17: shutdown FollowerState
2019-10-11 04:44:09,395 [Thread-6698] INFO  impl.RaftServerImpl (RaftServerImpl.java:setRole(174)) - 0200e9fc-e606-40f3-99f6-f4679a9f9c17@group-139FC92BB680: changes role from  FOLLOWER to CANDIDATE at term 0 for changeToCandidate
2019-10-11 04:44:09,395 [Thread-6698] INFO  impl.RoleInfo (RoleInfo.java:updateAndGet(143)) - 0200e9fc-e606-40f3-99f6-f4679a9f9c17: start LeaderElection
2019-10-11 04:44:09,399 [a0be1567-3b57-484c-aa98-eeb9bc07b4e0@group-C9E2B5B3B0C9-SegmentedRaftLogWorker] INFO  segmented.SegmentedRaftLogWorker (SegmentedRaftLogWorker.java:execute(569)) - a0be1567-3b57-484c-aa98-eeb9bc07b4e0@group-C9E2B5B3B0C9-SegmentedRaftLogWorker: created new log segment /workdir/hadoop-ozone/integration-test/target/test-dir/MiniOzoneClusterImpl-b44bfc70-173c-43e3-9456-d6fc7d130422/datanode-4/data/ratis/f5e97734-7dae-41bb-bc48-c9e2b5b3b0c9/current/log_inprogress_0
2019-10-11 04:44:09,402 [279ed7c7-79fc-45b0-972c-b02df9246810@group-C9E2B5B3B0C9-SegmentedRaftLogWorker] INFO  segmented.SegmentedRaftLogWorker (SegmentedRaftLogWorker.java:execute(569)) - 279ed7c7-79fc-45b0-972c-b02df9246810@group-C9E2B5B3B0C9-SegmentedRaftLogWorker: created new log segment /workdir/hadoop-ozone/integration-test/target/test-dir/MiniOzoneClusterImpl-b44bfc70-173c-43e3-9456-d6fc7d130422/datanode-5/data/ratis/f5e97734-7dae-41bb-bc48-c9e2b5b3b0c9/current/log_inprogress_0
2019-10-11 04:44:09,402 [0200e9fc-e606-40f3-99f6-f4679a9f9c17@group-C9E2B5B3B0C9-SegmentedRaftLogWorker] INFO  segmented.SegmentedRaftLogWorker (SegmentedRaftLogWorker.java:execute(569)) - 0200e9fc-e606-40f3-99f6-f4679a9f9c17@group-C9E2B5B3B0C9-SegmentedRaftLogWorker: created new log segment /workdir/hadoop-ozone/integration-test/target/test-dir/MiniOzoneClusterImpl-b44bfc70-173c-43e3-9456-d6fc7d130422/datanode-2/data/ratis/f5e97734-7dae-41bb-bc48-c9e2b5b3b0c9/current/log_inprogress_0
2019-10-11 04:44:09,414 [279ed7c7-79fc-45b0-972c-b02df9246810@group-139FC92BB680:LeaderElection214] INFO  impl.LeaderElection (LeaderElection.java:askForVotes(182)) - 279ed7c7-79fc-45b0-972c-b02df9246810@group-139FC92BB680:LeaderElection214: begin an election at term 1 for -1: [279ed7c7-79fc-45b0-972c-b02df9246810:192.168.157.200:35749, 0200e9fc-e606-40f3-99f6-f4679a9f9c17:192.168.157.200:39966, a0be1567-3b57-484c-aa98-eeb9bc07b4e0:192.168.157.200:45492], old=null
2019-10-11 04:44:09,414 [0200e9fc-e606-40f3-99f6-f4679a9f9c17@group-139FC92BB680:LeaderElection215] INFO  impl.LeaderElection (LeaderElection.java:askForVotes(182)) - 0200e9fc-e606-40f3-99f6-f4679a9f9c17@group-139FC92BB680:LeaderElection215: begin an election at term 1 for -1: [279ed7c7-79fc-45b0-972c-b02df9246810:192.168.157.200:35749, 0200e9fc-e606-40f3-99f6-f4679a9f9c17:192.168.157.200:39966, a0be1567-3b57-484c-aa98-eeb9bc07b4e0:192.168.157.200:45492], old=null
2019-10-11 04:44:09,419 [grpc-default-executor-20] INFO  impl.RaftServerImpl (RaftServerImpl.java:setRole(174)) - a0be1567-3b57-484c-aa98-eeb9bc07b4e0@group-139FC92BB680: changes role from  FOLLOWER to FOLLOWER at term 1 for recognizeCandidate:0200e9fc-e606-40f3-99f6-f4679a9f9c17
2019-10-11 04:44:09,422 [grpc-default-executor-20] INFO  impl.RoleInfo (RoleInfo.java:shutdownFollowerState(121)) - a0be1567-3b57-484c-aa98-eeb9bc07b4e0: shutdown FollowerState
2019-10-11 04:44:09,422 [grpc-default-executor-20] INFO  impl.RoleInfo (RoleInfo.java:updateAndGet(143)) - a0be1567-3b57-484c-aa98-eeb9bc07b4e0: start FollowerState
2019-10-11 04:44:09,422 [Thread-6699] INFO  impl.FollowerState (FollowerState.java:run(115)) - a0be1567-3b57-484c-aa98-eeb9bc07b4e0: FollowerState was interrupted: java.lang.InterruptedException: sleep interrupted
2019-10-11 04:44:09,435 [279ed7c7-79fc-45b0-972c-b02df9246810@group-139FC92BB680:LeaderElection214] INFO  impl.LeaderElection (LeaderElection.java:logAndReturn(56)) - 279ed7c7-79fc-45b0-972c-b02df9246810@group-139FC92BB680:LeaderElection214: Election REJECTED; received 2 response(s) [279ed7c7-79fc-45b0-972c-b02df9246810<-0200e9fc-e606-40f3-99f6-f4679a9f9c17#0:FAIL-t1, 279ed7c7-79fc-45b0-972c-b02df9246810<-a0be1567-3b57-484c-aa98-eeb9bc07b4e0#0:FAIL-t1] and 0 exception(s); 279ed7c7-79fc-45b0-972c-b02df9246810@group-139FC92BB680:t1, leader=null, voted=279ed7c7-79fc-45b0-972c-b02df9246810, raftlog=279ed7c7-79fc-45b0-972c-b02df9246810@group-139FC92BB680-SegmentedRaftLog:OPENED:c-1,f-1,i0, conf=-1: [279ed7c7-79fc-45b0-972c-b02df9246810:192.168.157.200:35749, 0200e9fc-e606-40f3-99f6-f4679a9f9c17:192.168.157.200:39966, a0be1567-3b57-484c-aa98-eeb9bc07b4e0:192.168.157.200:45492], old=null
2019-10-11 04:44:09,435 [0200e9fc-e606-40f3-99f6-f4679a9f9c17@group-139FC92BB680:LeaderElection215] INFO  impl.LeaderElection (LeaderElection.java:logAndReturn(56)) - 0200e9fc-e606-40f3-99f6-f4679a9f9c17@group-139FC92BB680:LeaderElection215: Election PASSED; received 2 response(s) [0200e9fc-e606-40f3-99f6-f4679a9f9c17<-279ed7c7-79fc-45b0-972c-b02df9246810#0:FAIL-t1, 0200e9fc-e606-40f3-99f6-f4679a9f9c17<-a0be1567-3b57-484c-aa98-eeb9bc07b4e0#0:OK-t1] and 0 exception(s); 0200e9fc-e606-40f3-99f6-f4679a9f9c17@group-139FC92BB680:t1, leader=null, voted=0200e9fc-e606-40f3-99f6-f4679a9f9c17, raftlog=0200e9fc-e606-40f3-99f6-f4679a9f9c17@group-139FC92BB680-SegmentedRaftLog:OPENED:c-1,f-1,i0, conf=-1: [279ed7c7-79fc-45b0-972c-b02df9246810:192.168.157.200:35749, 0200e9fc-e606-40f3-99f6-f4679a9f9c17:192.168.157.200:39966, a0be1567-3b57-484c-aa98-eeb9bc07b4e0:192.168.157.200:45492], old=null
2019-10-11 04:44:09,436 [279ed7c7-79fc-45b0-972c-b02df9246810@group-139FC92BB680:LeaderElection214] INFO  impl.RaftServerImpl (RaftServerImpl.java:setRole(174)) - 279ed7c7-79fc-45b0-972c-b02df9246810@group-139FC92BB680: changes role from CANDIDATE to FOLLOWER at term 1 for DISCOVERED_A_NEW_TERM
2019-10-11 04:44:09,436 [0200e9fc-e606-40f3-99f6-f4679a9f9c17@group-139FC92BB680:LeaderElection215] INFO  impl.RoleInfo (RoleInfo.java:shutdownLeaderElection(134)) - 0200e9fc-e606-40f3-99f6-f4679a9f9c17: shutdown LeaderElection
2019-10-11 04:44:09,436 [279ed7c7-79fc-45b0-972c-b02df9246810@group-139FC92BB680:LeaderElection214] INFO  impl.RoleInfo (RoleInfo.java:shutdownLeaderElection(134)) - 279ed7c7-79fc-45b0-972c-b02df9246810: shutdown LeaderElection
2019-10-11 04:44:09,436 [0200e9fc-e606-40f3-99f6-f4679a9f9c17@group-139FC92BB680:LeaderElection215] INFO  impl.RaftServerImpl (RaftServerImpl.java:setRole(174)) - 0200e9fc-e606-40f3-99f6-f4679a9f9c17@group-139FC92BB680: changes role from CANDIDATE to LEADER at term 1 for changeToLeader
2019-10-11 04:44:09,436 [279ed7c7-79fc-45b0-972c-b02df9246810@group-139FC92BB680:LeaderElection214] INFO  impl.RoleInfo (RoleInfo.java:updateAndGet(143)) - 279ed7c7-79fc-45b0-972c-b02df9246810: start FollowerState
2019-10-11 04:44:09,436 [0200e9fc-e606-40f3-99f6-f4679a9f9c17@group-139FC92BB680:LeaderElection215] INFO  impl.RaftServerImpl (ServerState.java:setLeader(253)) - 0200e9fc-e606-40f3-99f6-f4679a9f9c17@group-139FC92BB680: change Leader from null to 0200e9fc-e606-40f3-99f6-f4679a9f9c17 at term 1 for becomeLeader, leader elected after 5176ms
2019-10-11 04:44:09,436 [0200e9fc-e606-40f3-99f6-f4679a9f9c17@group-139FC92BB680:LeaderElection215] INFO  server.RaftServerConfigKeys (ConfUtils.java:logGet(43)) - raft.server.staging.catchup.gap = 1000 (default)
2019-10-11 04:44:09,437 [0200e9fc-e606-40f3-99f6-f4679a9f9c17@group-139FC92BB680:LeaderElection215] INFO  server.RaftServerConfigKeys (ConfUtils.java:logGet(43)) - raft.server.rpc.sleep.time = 25ms (default)
2019-10-11 04:44:09,437 [0200e9fc-e606-40f3-99f6-f4679a9f9c17@group-139FC92BB680:LeaderElection215] INFO  server.RaftServerConfigKeys (ConfUtils.java:logGet(43)) - raft.server.write.element-limit = 4096 (default)
2019-10-11 04:44:09,437 [0200e9fc-e606-40f3-99f6-f4679a9f9c17@group-139FC92BB680:LeaderElection215] INFO  server.RaftServerConfigKeys (ConfUtils.java:logGet(43)) - raft.server.watch.timeout = 10s (default)
2019-10-11 04:44:09,437 [0200e9fc-e606-40f3-99f6-f4679a9f9c17@group-139FC92BB680:LeaderElection215] INFO  server.RaftServerConfigKeys (ConfUtils.java:logGet(43)) - raft.server.watch.timeout.denomination = 1s (default)
2019-10-11 04:44:09,437 [0200e9fc-e606-40f3-99f6-f4679a9f9c17@group-139FC92BB680:LeaderElection215] INFO  server.RaftServerConfigKeys (ConfUtils.java:logGet(43)) - raft.server.watch.element-limit = 65536 (default)
2019-10-11 04:44:09,439 [0200e9fc-e606-40f3-99f6-f4679a9f9c17@group-139FC92BB680:LeaderElection215] INFO  server.RaftServerConfigKeys (ConfUtils.java:logGet(43)) - raft.server.log.appender.snapshot.chunk.size.max = 16MB (=16777216) (default)
2019-10-11 04:44:09,439 [0200e9fc-e606-40f3-99f6-f4679a9f9c17@group-139FC92BB680:LeaderElection215] INFO  server.RaftServerConfigKeys (ConfUtils.java:logGet(43)) - raft.server.log.appender.buffer.byte-limit = 33554432 (custom)
2019-10-11 04:44:09,439 [0200e9fc-e606-40f3-99f6-f4679a9f9c17@group-139FC92BB680:LeaderElection215] INFO  server.RaftServerConfigKeys (ConfUtils.java:logGet(43)) - raft.server.log.appender.buffer.element-limit = 1 (custom)
2019-10-11 04:44:09,439 [0200e9fc-e606-40f3-99f6-f4679a9f9c17@group-139FC92BB680:LeaderElection215] INFO  grpc.GrpcConfigKeys$Server (ConfUtils.java:logGet(43)) - raft.grpc.server.leader.outstanding.appends.max = 128 (default)
2019-10-11 04:44:09,439 [0200e9fc-e606-40f3-99f6-f4679a9f9c17@group-139FC92BB680:LeaderElection215] INFO  server.RaftServerConfigKeys (ConfUtils.java:logGet(43)) - raft.server.rpc.request.timeout = 3000ms (default)
2019-10-11 04:44:09,439 [0200e9fc-e606-40f3-99f6-f4679a9f9c17@group-139FC92BB680:LeaderElection215] INFO  server.RaftServerConfigKeys (ConfUtils.java:logGet(43)) - raft.server.log.appender.install.snapshot.enabled = false (custom)
2019-10-11 04:44:09,440 [0200e9fc-e606-40f3-99f6-f4679a9f9c17@group-139FC92BB680:LeaderElection215] INFO  server.RaftServerConfigKeys (ConfUtils.java:logGet(43)) - raft.server.log.appender.snapshot.chunk.size.max = 16MB (=16777216) (default)
2019-10-11 04:44:09,440 [0200e9fc-e606-40f3-99f6-f4679a9f9c17@group-139FC92BB680:LeaderElection215] INFO  server.RaftServerConfigKeys (ConfUtils.java:logGet(43)) - raft.server.log.appender.buffer.byte-limit = 33554432 (custom)
2019-10-11 04:44:09,440 [0200e9fc-e606-40f3-99f6-f4679a9f9c17@group-139FC92BB680:LeaderElection215] INFO  server.RaftServerConfigKeys (ConfUtils.java:logGet(43)) - raft.server.log.appender.buffer.element-limit = 1 (custom)
2019-10-11 04:44:09,440 [0200e9fc-e606-40f3-99f6-f4679a9f9c17@group-139FC92BB680:LeaderElection215] INFO  grpc.GrpcConfigKeys$Server (ConfUtils.java:logGet(43)) - raft.grpc.server.leader.outstanding.appends.max = 128 (default)
2019-10-11 04:44:09,440 [0200e9fc-e606-40f3-99f6-f4679a9f9c17@group-139FC92BB680:LeaderElection215] INFO  server.RaftServerConfigKeys (ConfUtils.java:logGet(43)) - raft.server.rpc.request.timeout = 3000ms (default)
2019-10-11 04:44:09,440 [0200e9fc-e606-40f3-99f6-f4679a9f9c17@group-139FC92BB680:LeaderElection215] INFO  server.RaftServerConfigKeys (ConfUtils.java:logGet(43)) - raft.server.log.appender.install.snapshot.enabled = false (custom)
2019-10-11 04:44:09,440 [0200e9fc-e606-40f3-99f6-f4679a9f9c17@group-139FC92BB680:LeaderElection215] INFO  impl.RoleInfo (RoleInfo.java:updateAndGet(143)) - 0200e9fc-e606-40f3-99f6-f4679a9f9c17: start LeaderState
2019-10-11 04:44:09,440 [0200e9fc-e606-40f3-99f6-f4679a9f9c17@group-139FC92BB680:LeaderElection215] INFO  segmented.SegmentedRaftLogWorker (SegmentedRaftLogWorker.java:startLogSegment(380)) - 0200e9fc-e606-40f3-99f6-f4679a9f9c17@group-139FC92BB680-SegmentedRaftLogWorker: Starting segment from index:0
2019-10-11 04:44:09,441 [0200e9fc-e606-40f3-99f6-f4679a9f9c17@group-139FC92BB680:LeaderElection215] INFO  impl.RaftServerImpl (ServerState.java:setRaftConf(354)) - 0200e9fc-e606-40f3-99f6-f4679a9f9c17@group-139FC92BB680: set configuration 0: [279ed7c7-79fc-45b0-972c-b02df9246810:192.168.157.200:35749, 0200e9fc-e606-40f3-99f6-f4679a9f9c17:192.168.157.200:39966, a0be1567-3b57-484c-aa98-eeb9bc07b4e0:192.168.157.200:45492], old=null at 0
2019-10-11 04:44:09,474 [grpc-default-executor-26] INFO  impl.RaftServerImpl (ServerState.java:setLeader(253)) - 279ed7c7-79fc-45b0-972c-b02df9246810@group-139FC92BB680: change Leader from null to 0200e9fc-e606-40f3-99f6-f4679a9f9c17 at term 1 for appendEntries, leader elected after 5214ms
2019-10-11 04:44:09,474 [grpc-default-executor-26] INFO  impl.RaftServerImpl (ServerState.java:setLeader(253)) - a0be1567-3b57-484c-aa98-eeb9bc07b4e0@group-139FC92BB680: change Leader from null to 0200e9fc-e606-40f3-99f6-f4679a9f9c17 at term 1 for appendEntries, leader elected after 5214ms
2019-10-11 04:44:09,475 [grpc-default-executor-26] INFO  impl.RaftServerImpl (ServerState.java:setRaftConf(354)) - 279ed7c7-79fc-45b0-972c-b02df9246810@group-139FC92BB680: set configuration 0: [279ed7c7-79fc-45b0-972c-b02df9246810:192.168.157.200:35749, 0200e9fc-e606-40f3-99f6-f4679a9f9c17:192.168.157.200:39966, a0be1567-3b57-484c-aa98-eeb9bc07b4e0:192.168.157.200:45492], old=null at 0
2019-10-11 04:44:09,475 [grpc-default-executor-26] INFO  segmented.SegmentedRaftLogWorker (SegmentedRaftLogWorker.java:startLogSegment(380)) - 279ed7c7-79fc-45b0-972c-b02df9246810@group-139FC92BB680-SegmentedRaftLogWorker: Starting segment from index:0
2019-10-11 04:44:09,476 [grpc-default-executor-26] INFO  impl.RaftServerImpl (ServerState.java:setRaftConf(354)) - a0be1567-3b57-484c-aa98-eeb9bc07b4e0@group-139FC92BB680: set configuration 0: [279ed7c7-79fc-45b0-972c-b02df9246810:192.168.157.200:35749, 0200e9fc-e606-40f3-99f6-f4679a9f9c17:192.168.157.200:39966, a0be1567-3b57-484c-aa98-eeb9bc07b4e0:192.168.157.200:45492], old=null at 0
2019-10-11 04:44:09,476 [grpc-default-executor-26] INFO  segmented.SegmentedRaftLogWorker (SegmentedRaftLogWorker.java:startLogSegment(380)) - a0be1567-3b57-484c-aa98-eeb9bc07b4e0@group-139FC92BB680-SegmentedRaftLogWorker: Starting segment from index:0
2019-10-11 04:44:09,486 [0200e9fc-e606-40f3-99f6-f4679a9f9c17@group-139FC92BB680-SegmentedRaftLogWorker] INFO  segmented.SegmentedRaftLogWorker (SegmentedRaftLogWorker.java:execute(569)) - 0200e9fc-e606-40f3-99f6-f4679a9f9c17@group-139FC92BB680-SegmentedRaftLogWorker: created new log segment /workdir/hadoop-ozone/integration-test/target/test-dir/MiniOzoneClusterImpl-b44bfc70-173c-43e3-9456-d6fc7d130422/datanode-2/data/ratis/bec7fd5d-fffa-4f95-ad78-139fc92bb680/current/log_inprogress_0
2019-10-11 04:44:09,524 [279ed7c7-79fc-45b0-972c-b02df9246810@group-139FC92BB680-SegmentedRaftLogWorker] INFO  segmented.SegmentedRaftLogWorker (SegmentedRaftLogWorker.java:execute(569)) - 279ed7c7-79fc-45b0-972c-b02df9246810@group-139FC92BB680-SegmentedRaftLogWorker: created new log segment /workdir/hadoop-ozone/integration-test/target/test-dir/MiniOzoneClusterImpl-b44bfc70-173c-43e3-9456-d6fc7d130422/datanode-5/data/ratis/bec7fd5d-fffa-4f95-ad78-139fc92bb680/current/log_inprogress_0
2019-10-11 04:44:09,524 [a0be1567-3b57-484c-aa98-eeb9bc07b4e0@group-139FC92BB680-SegmentedRaftLogWorker] INFO  segmented.SegmentedRaftLogWorker (SegmentedRaftLogWorker.java:execute(569)) - a0be1567-3b57-484c-aa98-eeb9bc07b4e0@group-139FC92BB680-SegmentedRaftLogWorker: created new log segment /workdir/hadoop-ozone/integration-test/target/test-dir/MiniOzoneClusterImpl-b44bfc70-173c-43e3-9456-d6fc7d130422/datanode-4/data/ratis/bec7fd5d-fffa-4f95-ad78-139fc92bb680/current/log_inprogress_0
2019-10-11 04:44:10,561 [main] WARN  scm.XceiverClientRatis (XceiverClientRatis.java:watchForCommit(292)) - 3 way commit failed on pipeline Pipeline[ Id: 17c57d47-216e-4fbb-bc9b-b858fa317e63, Nodes: 243cd881-e4dd-41a2-ae09-8719fa6746fb{ip: 192.168.157.200, host: pr-hdds-1569-qjnzd-3726989565, networkLocation: /default-rack, certSerialId: null}34f4c72f-caa0-4a31-bd94-9bdddef36627{ip: 192.168.157.200, host: pr-hdds-1569-qjnzd-3726989565, networkLocation: /default-rack, certSerialId: null}0200e9fc-e606-40f3-99f6-f4679a9f9c17{ip: 192.168.157.200, host: pr-hdds-1569-qjnzd-3726989565, networkLocation: /default-rack, certSerialId: null}, Type:RATIS, Factor:THREE, State:OPEN]
java.util.concurrent.TimeoutException
	at java.util.concurrent.CompletableFuture.timedGet(CompletableFuture.java:1771)
	at java.util.concurrent.CompletableFuture.get(CompletableFuture.java:1915)
	at org.apache.hadoop.hdds.scm.XceiverClientRatis.watchForCommit(XceiverClientRatis.java:289)
	at org.apache.hadoop.hdds.scm.storage.CommitWatcher.watchForCommit(CommitWatcher.java:194)
	at org.apache.hadoop.hdds.scm.storage.CommitWatcher.watchOnLastIndex(CommitWatcher.java:157)
	at org.apache.hadoop.hdds.scm.storage.BlockOutputStream.watchForCommit(BlockOutputStream.java:347)
	at org.apache.hadoop.hdds.scm.storage.BlockOutputStream.handleFlush(BlockOutputStream.java:479)
	at org.apache.hadoop.hdds.scm.storage.BlockOutputStream.flush(BlockOutputStream.java:428)
	at org.apache.hadoop.ozone.client.io.BlockOutputStreamEntry.flush(BlockOutputStreamEntry.java:136)
	at org.apache.hadoop.ozone.client.io.KeyOutputStream.handleFlushOrClose(KeyOutputStream.java:443)
	at org.apache.hadoop.ozone.client.io.KeyOutputStream.flush(KeyOutputStream.java:397)
	at org.apache.hadoop.ozone.client.io.OzoneOutputStream.flush(OzoneOutputStream.java:54)
	at org.apache.hadoop.ozone.client.rpc.TestBlockOutputStreamWithFailures.testExceptionDuringClose(TestBlockOutputStreamWithFailures.java:720)
	at sun.reflect.NativeMethodAccessorImpl.invoke0(Native Method)
	at sun.reflect.NativeMethodAccessorImpl.invoke(NativeMethodAccessorImpl.java:62)
	at sun.reflect.DelegatingMethodAccessorImpl.invoke(DelegatingMethodAccessorImpl.java:43)
	at java.lang.reflect.Method.invoke(Method.java:498)
	at org.junit.runners.model.FrameworkMethod$1.runReflectiveCall(FrameworkMethod.java:47)
	at org.junit.internal.runners.model.ReflectiveCallable.run(ReflectiveCallable.java:12)
	at org.junit.runners.model.FrameworkMethod.invokeExplosively(FrameworkMethod.java:44)
	at org.junit.internal.runners.statements.InvokeMethod.evaluate(InvokeMethod.java:17)
	at org.junit.internal.runners.statements.RunBefores.evaluate(RunBefores.java:26)
	at org.junit.internal.runners.statements.RunAfters.evaluate(RunAfters.java:27)
	at org.junit.runners.ParentRunner.runLeaf(ParentRunner.java:271)
	at org.junit.runners.BlockJUnit4ClassRunner.runChild(BlockJUnit4ClassRunner.java:70)
	at org.junit.runners.BlockJUnit4ClassRunner.runChild(BlockJUnit4ClassRunner.java:50)
	at org.junit.runners.ParentRunner$3.run(ParentRunner.java:238)
	at org.junit.runners.ParentRunner$1.schedule(ParentRunner.java:63)
	at org.junit.runners.ParentRunner.runChildren(ParentRunner.java:236)
	at org.junit.runners.ParentRunner.access$000(ParentRunner.java:53)
	at org.junit.runners.ParentRunner$2.evaluate(ParentRunner.java:229)
	at org.junit.runners.ParentRunner.run(ParentRunner.java:309)
	at org.apache.maven.surefire.junit4.JUnit4Provider.execute(JUnit4Provider.java:365)
	at org.apache.maven.surefire.junit4.JUnit4Provider.executeWithRerun(JUnit4Provider.java:273)
	at org.apache.maven.surefire.junit4.JUnit4Provider.executeTestSet(JUnit4Provider.java:238)
	at org.apache.maven.surefire.junit4.JUnit4Provider.invoke(JUnit4Provider.java:159)
	at org.apache.maven.surefire.booter.ForkedBooter.invokeProviderInSameClassLoader(ForkedBooter.java:384)
	at org.apache.maven.surefire.booter.ForkedBooter.runSuitesInProcess(ForkedBooter.java:345)
	at org.apache.maven.surefire.booter.ForkedBooter.execute(ForkedBooter.java:126)
	at org.apache.maven.surefire.booter.ForkedBooter.main(ForkedBooter.java:418)
2019-10-11 04:44:11,584 [main] WARN  storage.CommitWatcher (CommitWatcher.java:watchForCommit(203)) - watchForCommit failed for index 4
java.util.concurrent.TimeoutException
	at java.util.concurrent.CompletableFuture.timedGet(CompletableFuture.java:1771)
	at java.util.concurrent.CompletableFuture.get(CompletableFuture.java:1915)
	at org.apache.hadoop.hdds.scm.XceiverClientRatis.watchForCommit(XceiverClientRatis.java:298)
	at org.apache.hadoop.hdds.scm.storage.CommitWatcher.watchForCommit(CommitWatcher.java:194)
	at org.apache.hadoop.hdds.scm.storage.CommitWatcher.watchOnLastIndex(CommitWatcher.java:157)
	at org.apache.hadoop.hdds.scm.storage.BlockOutputStream.watchForCommit(BlockOutputStream.java:347)
	at org.apache.hadoop.hdds.scm.storage.BlockOutputStream.handleFlush(BlockOutputStream.java:479)
	at org.apache.hadoop.hdds.scm.storage.BlockOutputStream.flush(BlockOutputStream.java:428)
	at org.apache.hadoop.ozone.client.io.BlockOutputStreamEntry.flush(BlockOutputStreamEntry.java:136)
	at org.apache.hadoop.ozone.client.io.KeyOutputStream.handleFlushOrClose(KeyOutputStream.java:443)
	at org.apache.hadoop.ozone.client.io.KeyOutputStream.flush(KeyOutputStream.java:397)
	at org.apache.hadoop.ozone.client.io.OzoneOutputStream.flush(OzoneOutputStream.java:54)
	at org.apache.hadoop.ozone.client.rpc.TestBlockOutputStreamWithFailures.testExceptionDuringClose(TestBlockOutputStreamWithFailures.java:720)
	at sun.reflect.NativeMethodAccessorImpl.invoke0(Native Method)
	at sun.reflect.NativeMethodAccessorImpl.invoke(NativeMethodAccessorImpl.java:62)
	at sun.reflect.DelegatingMethodAccessorImpl.invoke(DelegatingMethodAccessorImpl.java:43)
	at java.lang.reflect.Method.invoke(Method.java:498)
	at org.junit.runners.model.FrameworkMethod$1.runReflectiveCall(FrameworkMethod.java:47)
	at org.junit.internal.runners.model.ReflectiveCallable.run(ReflectiveCallable.java:12)
	at org.junit.runners.model.FrameworkMethod.invokeExplosively(FrameworkMethod.java:44)
	at org.junit.internal.runners.statements.InvokeMethod.evaluate(InvokeMethod.java:17)
	at org.junit.internal.runners.statements.RunBefores.evaluate(RunBefores.java:26)
	at org.junit.internal.runners.statements.RunAfters.evaluate(RunAfters.java:27)
	at org.junit.runners.ParentRunner.runLeaf(ParentRunner.java:271)
	at org.junit.runners.BlockJUnit4ClassRunner.runChild(BlockJUnit4ClassRunner.java:70)
	at org.junit.runners.BlockJUnit4ClassRunner.runChild(BlockJUnit4ClassRunner.java:50)
	at org.junit.runners.ParentRunner$3.run(ParentRunner.java:238)
	at org.junit.runners.ParentRunner$1.schedule(ParentRunner.java:63)
	at org.junit.runners.ParentRunner.runChildren(ParentRunner.java:236)
	at org.junit.runners.ParentRunner.access$000(ParentRunner.java:53)
	at org.junit.runners.ParentRunner$2.evaluate(ParentRunner.java:229)
	at org.junit.runners.ParentRunner.run(ParentRunner.java:309)
	at org.apache.maven.surefire.junit4.JUnit4Provider.execute(JUnit4Provider.java:365)
	at org.apache.maven.surefire.junit4.JUnit4Provider.executeWithRerun(JUnit4Provider.java:273)
	at org.apache.maven.surefire.junit4.JUnit4Provider.executeTestSet(JUnit4Provider.java:238)
	at org.apache.maven.surefire.junit4.JUnit4Provider.invoke(JUnit4Provider.java:159)
	at org.apache.maven.surefire.booter.ForkedBooter.invokeProviderInSameClassLoader(ForkedBooter.java:384)
	at org.apache.maven.surefire.booter.ForkedBooter.runSuitesInProcess(ForkedBooter.java:345)
	at org.apache.maven.surefire.booter.ForkedBooter.execute(ForkedBooter.java:126)
	at org.apache.maven.surefire.booter.ForkedBooter.main(ForkedBooter.java:418)
2019-10-11 04:44:11,585 [main] WARN  io.KeyOutputStream (KeyOutputStream.java:handleException(274)) - Encountered exception java.io.IOException: Unexpected Storage Container Exception: java.io.IOException: Unexpected Storage Container Exception: java.util.concurrent.TimeoutException on the pipeline Pipeline[ Id: 17c57d47-216e-4fbb-bc9b-b858fa317e63, Nodes: 243cd881-e4dd-41a2-ae09-8719fa6746fb{ip: 192.168.157.200, host: pr-hdds-1569-qjnzd-3726989565, networkLocation: /default-rack, certSerialId: null}34f4c72f-caa0-4a31-bd94-9bdddef36627{ip: 192.168.157.200, host: pr-hdds-1569-qjnzd-3726989565, networkLocation: /default-rack, certSerialId: null}0200e9fc-e606-40f3-99f6-f4679a9f9c17{ip: 192.168.157.200, host: pr-hdds-1569-qjnzd-3726989565, networkLocation: /default-rack, certSerialId: null}, Type:RATIS, Factor:THREE, State:OPEN]. The last committed block length is 0, uncommitted data length is 167 retry count 0
2019-10-11 04:44:11,799 [main] INFO  ozone.MiniOzoneClusterImpl (MiniOzoneClusterImpl.java:shutdown(314)) - Shutting down the Mini Ozone Cluster
2019-10-11 04:44:11,799 [main] INFO  ozone.MiniOzoneClusterImpl (MiniOzoneClusterImpl.java:stop(330)) - Stopping the Mini Ozone Cluster
2019-10-11 04:44:11,799 [main] INFO  ozone.MiniOzoneClusterImpl (MiniOzoneClusterImpl.java:stopOM(400)) - Stopping the OzoneManager
2019-10-11 04:44:11,799 [main] INFO  ipc.Server (Server.java:stop(3082)) - Stopping server on 42280
2019-10-11 04:44:11,824 [IPC Server listener on 42280] INFO  ipc.Server (Server.java:run(1185)) - Stopping IPC Server listener on 42280
2019-10-11 04:44:11,824 [main] INFO  ratis.OzoneManagerDoubleBuffer (OzoneManagerDoubleBuffer.java:stop(248)) - Stopping OMDoubleBuffer flush thread
2019-10-11 04:44:11,824 [IPC Server Responder] INFO  ipc.Server (Server.java:run(1319)) - Stopping IPC Server Responder
2019-10-11 04:44:11,835 [OMDoubleBufferFlushThread] INFO  ratis.OzoneManagerDoubleBuffer (OzoneManagerDoubleBuffer.java:flushTransactions(191)) - OMDoubleBuffer flush thread OMDoubleBufferFlushThread is interrupted and will exit. OMDoubleBufferFlushThread
2019-10-11 04:44:11,849 [main] INFO  utils.BackgroundService (BackgroundService.java:shutdown(148)) - Shutting down service KeyDeletingService
2019-10-11 04:44:11,852 [main] INFO  handler.ContextHandler (ContextHandler.java:doStop(910)) - Stopped o.e.j.w.WebAppContext@2bfc8558{/,null,UNAVAILABLE}{/ozoneManager}
2019-10-11 04:44:11,853 [main] INFO  server.AbstractConnector (AbstractConnector.java:doStop(318)) - Stopped ServerConnector@6029f2a4{HTTP/1.1,[http/1.1]}{0.0.0.0:0}
2019-10-11 04:44:11,853 [main] INFO  handler.ContextHandler (ContextHandler.java:doStop(910)) - Stopped o.e.j.s.ServletContextHandler@4afcae7{/static,file:///workdir/hadoop-ozone/integration-test/target/test-classes/webapps/static,UNAVAILABLE}
2019-10-11 04:44:11,853 [main] INFO  handler.ContextHandler (ContextHandler.java:doStop(910)) - Stopped o.e.j.s.ServletContextHandler@48ae9e8b{/logs,file:///workdir/hadoop-ozone/integration-test/target/log,UNAVAILABLE}
2019-10-11 04:44:11,889 [main] INFO  ozone.MiniOzoneClusterImpl (MiniOzoneClusterImpl.java:stopDatanodes(377)) - Stopping the HddsDatanodes
2019-10-11 04:44:12,474 [Datanode State Machine Thread - 0] INFO  statemachine.DatanodeStateMachine (DatanodeStateMachine.java:lambda$startDaemon$0(350)) - Ozone container server started.
2019-10-11 04:44:12,738 [Datanode State Machine Thread - 0] INFO  statemachine.DatanodeStateMachine (DatanodeStateMachine.java:lambda$startDaemon$0(350)) - Ozone container server started.
2019-10-11 04:44:16,490 [EventQueue-StaleNodeForStaleNodeHandler] INFO  node.StaleNodeHandler (StaleNodeHandler.java:onMessage(58)) - Datanode 34f4c72f-caa0-4a31-bd94-9bdddef36627{ip: 192.168.157.200, host: pr-hdds-1569-qjnzd-3726989565, networkLocation: /default-rack, certSerialId: null} moved to stale state. Finalizing its pipelines [PipelineID=17c57d47-216e-4fbb-bc9b-b858fa317e63, PipelineID=bc8c6126-9840-4ee1-86ce-dae4c164d582, PipelineID=41620022-100e-487c-9ca2-3f58278d3d3e, PipelineID=e5d6f506-a891-4755-bfdd-d53e185946d1]
2019-10-11 04:44:16,490 [EventQueue-StaleNodeForStaleNodeHandler] INFO  pipeline.SCMPipelineManager (SCMPipelineManager.java:finalizeAndDestroyPipeline(342)) - destroying pipeline:Pipeline[ Id: 17c57d47-216e-4fbb-bc9b-b858fa317e63, Nodes: 243cd881-e4dd-41a2-ae09-8719fa6746fb{ip: 192.168.157.200, host: pr-hdds-1569-qjnzd-3726989565, networkLocation: /default-rack, certSerialId: null}34f4c72f-caa0-4a31-bd94-9bdddef36627{ip: 192.168.157.200, host: pr-hdds-1569-qjnzd-3726989565, networkLocation: /default-rack, certSerialId: null}0200e9fc-e606-40f3-99f6-f4679a9f9c17{ip: 192.168.157.200, host: pr-hdds-1569-qjnzd-3726989565, networkLocation: /default-rack, certSerialId: null}, Type:RATIS, Factor:THREE, State:OPEN]
2019-10-11 04:44:16,491 [EventQueue-StaleNodeForStaleNodeHandler] INFO  pipeline.PipelineStateManager (PipelineStateManager.java:finalizePipeline(123)) - Pipeline Pipeline[ Id: 17c57d47-216e-4fbb-bc9b-b858fa317e63, Nodes: 243cd881-e4dd-41a2-ae09-8719fa6746fb{ip: 192.168.157.200, host: pr-hdds-1569-qjnzd-3726989565, networkLocation: /default-rack, certSerialId: null}34f4c72f-caa0-4a31-bd94-9bdddef36627{ip: 192.168.157.200, host: pr-hdds-1569-qjnzd-3726989565, networkLocation: /default-rack, certSerialId: null}0200e9fc-e606-40f3-99f6-f4679a9f9c17{ip: 192.168.157.200, host: pr-hdds-1569-qjnzd-3726989565, networkLocation: /default-rack, certSerialId: null}, Type:RATIS, Factor:THREE, State:CLOSED] moved to CLOSED state
2019-10-11 04:44:16,491 [EventQueue-CloseContainerForCloseContainerEventHandler] INFO  container.CloseContainerEventHandler (CloseContainerEventHandler.java:onMessage(61)) - Close container Event triggered for container : #1
2019-10-11 04:44:16,491 [EventQueue-StaleNodeForStaleNodeHandler] INFO  pipeline.SCMPipelineManager (SCMPipelineManager.java:finalizeAndDestroyPipeline(342)) - destroying pipeline:Pipeline[ Id: bc8c6126-9840-4ee1-86ce-dae4c164d582, Nodes: 34f4c72f-caa0-4a31-bd94-9bdddef36627{ip: 192.168.157.200, host: pr-hdds-1569-qjnzd-3726989565, networkLocation: /default-rack, certSerialId: null}0200e9fc-e606-40f3-99f6-f4679a9f9c17{ip: 192.168.157.200, host: pr-hdds-1569-qjnzd-3726989565, networkLocation: /default-rack, certSerialId: null}a0be1567-3b57-484c-aa98-eeb9bc07b4e0{ip: 192.168.157.200, host: pr-hdds-1569-qjnzd-3726989565, networkLocation: /default-rack, certSerialId: null}, Type:RATIS, Factor:THREE, State:OPEN]
2019-10-11 04:44:16,492 [EventQueue-StaleNodeForStaleNodeHandler] INFO  pipeline.PipelineStateManager (PipelineStateManager.java:finalizePipeline(123)) - Pipeline Pipeline[ Id: bc8c6126-9840-4ee1-86ce-dae4c164d582, Nodes: 34f4c72f-caa0-4a31-bd94-9bdddef36627{ip: 192.168.157.200, host: pr-hdds-1569-qjnzd-3726989565, networkLocation: /default-rack, certSerialId: null}0200e9fc-e606-40f3-99f6-f4679a9f9c17{ip: 192.168.157.200, host: pr-hdds-1569-qjnzd-3726989565, networkLocation: /default-rack, certSerialId: null}a0be1567-3b57-484c-aa98-eeb9bc07b4e0{ip: 192.168.157.200, host: pr-hdds-1569-qjnzd-3726989565, networkLocation: /default-rack, certSerialId: null}, Type:RATIS, Factor:THREE, State:CLOSED] moved to CLOSED state
2019-10-11 04:44:16,492 [EventQueue-StaleNodeForStaleNodeHandler] INFO  pipeline.SCMPipelineManager (SCMPipelineManager.java:finalizeAndDestroyPipeline(342)) - destroying pipeline:Pipeline[ Id: 41620022-100e-487c-9ca2-3f58278d3d3e, Nodes: 34f4c72f-caa0-4a31-bd94-9bdddef36627{ip: 192.168.157.200, host: pr-hdds-1569-qjnzd-3726989565, networkLocation: /default-rack, certSerialId: null}, Type:RATIS, Factor:ONE, State:OPEN]
2019-10-11 04:44:16,492 [EventQueue-StaleNodeForStaleNodeHandler] INFO  pipeline.PipelineStateManager (PipelineStateManager.java:finalizePipeline(123)) - Pipeline Pipeline[ Id: 41620022-100e-487c-9ca2-3f58278d3d3e, Nodes: 34f4c72f-caa0-4a31-bd94-9bdddef36627{ip: 192.168.157.200, host: pr-hdds-1569-qjnzd-3726989565, networkLocation: /default-rack, certSerialId: null}, Type:RATIS, Factor:ONE, State:CLOSED] moved to CLOSED state
2019-10-11 04:44:16,493 [EventQueue-StaleNodeForStaleNodeHandler] INFO  pipeline.SCMPipelineManager (SCMPipelineManager.java:finalizeAndDestroyPipeline(342)) - destroying pipeline:Pipeline[ Id: e5d6f506-a891-4755-bfdd-d53e185946d1, Nodes: 0200e9fc-e606-40f3-99f6-f4679a9f9c17{ip: 192.168.157.200, host: pr-hdds-1569-qjnzd-3726989565, networkLocation: /default-rack, certSerialId: null}243cd881-e4dd-41a2-ae09-8719fa6746fb{ip: 192.168.157.200, host: pr-hdds-1569-qjnzd-3726989565, networkLocation: /default-rack, certSerialId: null}34f4c72f-caa0-4a31-bd94-9bdddef36627{ip: 192.168.157.200, host: pr-hdds-1569-qjnzd-3726989565, networkLocation: /default-rack, certSerialId: null}, Type:RATIS, Factor:THREE, State:OPEN]
2019-10-11 04:44:16,493 [EventQueue-StaleNodeForStaleNodeHandler] INFO  pipeline.PipelineStateManager (PipelineStateManager.java:finalizePipeline(123)) - Pipeline Pipeline[ Id: e5d6f506-a891-4755-bfdd-d53e185946d1, Nodes: 0200e9fc-e606-40f3-99f6-f4679a9f9c17{ip: 192.168.157.200, host: pr-hdds-1569-qjnzd-3726989565, networkLocation: /default-rack, certSerialId: null}243cd881-e4dd-41a2-ae09-8719fa6746fb{ip: 192.168.157.200, host: pr-hdds-1569-qjnzd-3726989565, networkLocation: /default-rack, certSerialId: null}34f4c72f-caa0-4a31-bd94-9bdddef36627{ip: 192.168.157.200, host: pr-hdds-1569-qjnzd-3726989565, networkLocation: /default-rack, certSerialId: null}, Type:RATIS, Factor:THREE, State:CLOSED] moved to CLOSED state
2019-10-11 04:44:16,790 [EventQueue-StaleNodeForStaleNodeHandler] INFO  node.StaleNodeHandler (StaleNodeHandler.java:onMessage(58)) - Datanode a0be1567-3b57-484c-aa98-eeb9bc07b4e0{ip: 192.168.157.200, host: pr-hdds-1569-qjnzd-3726989565, networkLocation: /default-rack, certSerialId: null} moved to stale state. Finalizing its pipelines [PipelineID=bc8c6126-9840-4ee1-86ce-dae4c164d582, PipelineID=f5e97734-7dae-41bb-bc48-c9e2b5b3b0c9, PipelineID=bec7fd5d-fffa-4f95-ad78-139fc92bb680, PipelineID=7f8a96a0-940c-42af-ba65-cc3cfd0fb125, PipelineID=a99de9ad-da11-4d19-8b0e-f6d21f3b4cb1]
2019-10-11 04:44:16,790 [EventQueue-StaleNodeForStaleNodeHandler] INFO  pipeline.SCMPipelineManager (SCMPipelineManager.java:finalizeAndDestroyPipeline(342)) - destroying pipeline:Pipeline[ Id: bc8c6126-9840-4ee1-86ce-dae4c164d582, Nodes: 34f4c72f-caa0-4a31-bd94-9bdddef36627{ip: 192.168.157.200, host: pr-hdds-1569-qjnzd-3726989565, networkLocation: /default-rack, certSerialId: null}0200e9fc-e606-40f3-99f6-f4679a9f9c17{ip: 192.168.157.200, host: pr-hdds-1569-qjnzd-3726989565, networkLocation: /default-rack, certSerialId: null}a0be1567-3b57-484c-aa98-eeb9bc07b4e0{ip: 192.168.157.200, host: pr-hdds-1569-qjnzd-3726989565, networkLocation: /default-rack, certSerialId: null}, Type:RATIS, Factor:THREE, State:CLOSED]
2019-10-11 04:44:16,791 [EventQueue-StaleNodeForStaleNodeHandler] INFO  pipeline.SCMPipelineManager (SCMPipelineManager.java:finalizeAndDestroyPipeline(342)) - destroying pipeline:Pipeline[ Id: f5e97734-7dae-41bb-bc48-c9e2b5b3b0c9, Nodes: a0be1567-3b57-484c-aa98-eeb9bc07b4e0{ip: 192.168.157.200, host: pr-hdds-1569-qjnzd-3726989565, networkLocation: /default-rack, certSerialId: null}279ed7c7-79fc-45b0-972c-b02df9246810{ip: 192.168.157.200, host: pr-hdds-1569-qjnzd-3726989565, networkLocation: /default-rack, certSerialId: null}0200e9fc-e606-40f3-99f6-f4679a9f9c17{ip: 192.168.157.200, host: pr-hdds-1569-qjnzd-3726989565, networkLocation: /default-rack, certSerialId: null}, Type:RATIS, Factor:THREE, State:OPEN]
2019-10-11 04:44:16,791 [EventQueue-StaleNodeForStaleNodeHandler] INFO  pipeline.PipelineStateManager (PipelineStateManager.java:finalizePipeline(123)) - Pipeline Pipeline[ Id: f5e97734-7dae-41bb-bc48-c9e2b5b3b0c9, Nodes: a0be1567-3b57-484c-aa98-eeb9bc07b4e0{ip: 192.168.157.200, host: pr-hdds-1569-qjnzd-3726989565, networkLocation: /default-rack, certSerialId: null}279ed7c7-79fc-45b0-972c-b02df9246810{ip: 192.168.157.200, host: pr-hdds-1569-qjnzd-3726989565, networkLocation: /default-rack, certSerialId: null}0200e9fc-e606-40f3-99f6-f4679a9f9c17{ip: 192.168.157.200, host: pr-hdds-1569-qjnzd-3726989565, networkLocation: /default-rack, certSerialId: null}, Type:RATIS, Factor:THREE, State:CLOSED] moved to CLOSED state
2019-10-11 04:44:16,791 [EventQueue-CloseContainerForCloseContainerEventHandler] INFO  container.CloseContainerEventHandler (CloseContainerEventHandler.java:onMessage(61)) - Close container Event triggered for container : #2
2019-10-11 04:44:16,791 [EventQueue-StaleNodeForStaleNodeHandler] INFO  pipeline.SCMPipelineManager (SCMPipelineManager.java:finalizeAndDestroyPipeline(342)) - destroying pipeline:Pipeline[ Id: bec7fd5d-fffa-4f95-ad78-139fc92bb680, Nodes: a0be1567-3b57-484c-aa98-eeb9bc07b4e0{ip: 192.168.157.200, host: pr-hdds-1569-qjnzd-3726989565, networkLocation: /default-rack, certSerialId: null}0200e9fc-e606-40f3-99f6-f4679a9f9c17{ip: 192.168.157.200, host: pr-hdds-1569-qjnzd-3726989565, networkLocation: /default-rack, certSerialId: null}279ed7c7-79fc-45b0-972c-b02df9246810{ip: 192.168.157.200, host: pr-hdds-1569-qjnzd-3726989565, networkLocation: /default-rack, certSerialId: null}, Type:RATIS, Factor:THREE, State:OPEN]
2019-10-11 04:44:16,792 [EventQueue-StaleNodeForStaleNodeHandler] INFO  pipeline.PipelineStateManager (PipelineStateManager.java:finalizePipeline(123)) - Pipeline Pipeline[ Id: bec7fd5d-fffa-4f95-ad78-139fc92bb680, Nodes: a0be1567-3b57-484c-aa98-eeb9bc07b4e0{ip: 192.168.157.200, host: pr-hdds-1569-qjnzd-3726989565, networkLocation: /default-rack, certSerialId: null}0200e9fc-e606-40f3-99f6-f4679a9f9c17{ip: 192.168.157.200, host: pr-hdds-1569-qjnzd-3726989565, networkLocation: /default-rack, certSerialId: null}279ed7c7-79fc-45b0-972c-b02df9246810{ip: 192.168.157.200, host: pr-hdds-1569-qjnzd-3726989565, networkLocation: /default-rack, certSerialId: null}, Type:RATIS, Factor:THREE, State:CLOSED] moved to CLOSED state
2019-10-11 04:44:16,792 [EventQueue-StaleNodeForStaleNodeHandler] INFO  pipeline.SCMPipelineManager (SCMPipelineManager.java:finalizeAndDestroyPipeline(342)) - destroying pipeline:Pipeline[ Id: 7f8a96a0-940c-42af-ba65-cc3cfd0fb125, Nodes: 0200e9fc-e606-40f3-99f6-f4679a9f9c17{ip: 192.168.157.200, host: pr-hdds-1569-qjnzd-3726989565, networkLocation: /default-rack, certSerialId: null}279ed7c7-79fc-45b0-972c-b02df9246810{ip: 192.168.157.200, host: pr-hdds-1569-qjnzd-3726989565, networkLocation: /default-rack, certSerialId: null}a0be1567-3b57-484c-aa98-eeb9bc07b4e0{ip: 192.168.157.200, host: pr-hdds-1569-qjnzd-3726989565, networkLocation: /default-rack, certSerialId: null}, Type:RATIS, Factor:THREE, State:OPEN]
2019-10-11 04:44:16,792 [EventQueue-StaleNodeForStaleNodeHandler] INFO  pipeline.PipelineStateManager (PipelineStateManager.java:finalizePipeline(123)) - Pipeline Pipeline[ Id: 7f8a96a0-940c-42af-ba65-cc3cfd0fb125, Nodes: 0200e9fc-e606-40f3-99f6-f4679a9f9c17{ip: 192.168.157.200, host: pr-hdds-1569-qjnzd-3726989565, networkLocation: /default-rack, certSerialId: null}279ed7c7-79fc-45b0-972c-b02df9246810{ip: 192.168.157.200, host: pr-hdds-1569-qjnzd-3726989565, networkLocation: /default-rack, certSerialId: null}a0be1567-3b57-484c-aa98-eeb9bc07b4e0{ip: 192.168.157.200, host: pr-hdds-1569-qjnzd-3726989565, networkLocation: /default-rack, certSerialId: null}, Type:RATIS, Factor:THREE, State:CLOSED] moved to CLOSED state
2019-10-11 04:44:16,792 [EventQueue-StaleNodeForStaleNodeHandler] INFO  pipeline.SCMPipelineManager (SCMPipelineManager.java:finalizeAndDestroyPipeline(342)) - destroying pipeline:Pipeline[ Id: a99de9ad-da11-4d19-8b0e-f6d21f3b4cb1, Nodes: a0be1567-3b57-484c-aa98-eeb9bc07b4e0{ip: 192.168.157.200, host: pr-hdds-1569-qjnzd-3726989565, networkLocation: /default-rack, certSerialId: null}279ed7c7-79fc-45b0-972c-b02df9246810{ip: 192.168.157.200, host: pr-hdds-1569-qjnzd-3726989565, networkLocation: /default-rack, certSerialId: null}0200e9fc-e606-40f3-99f6-f4679a9f9c17{ip: 192.168.157.200, host: pr-hdds-1569-qjnzd-3726989565, networkLocation: /default-rack, certSerialId: null}, Type:RATIS, Factor:THREE, State:OPEN]
2019-10-11 04:44:16,792 [EventQueue-StaleNodeForStaleNodeHandler] INFO  pipeline.PipelineStateManager (PipelineStateManager.java:finalizePipeline(123)) - Pipeline Pipeline[ Id: a99de9ad-da11-4d19-8b0e-f6d21f3b4cb1, Nodes: a0be1567-3b57-484c-aa98-eeb9bc07b4e0{ip: 192.168.157.200, host: pr-hdds-1569-qjnzd-3726989565, networkLocation: /default-rack, certSerialId: null}279ed7c7-79fc-45b0-972c-b02df9246810{ip: 192.168.157.200, host: pr-hdds-1569-qjnzd-3726989565, networkLocation: /default-rack, certSerialId: null}0200e9fc-e606-40f3-99f6-f4679a9f9c17{ip: 192.168.157.200, host: pr-hdds-1569-qjnzd-3726989565, networkLocation: /default-rack, certSerialId: null}, Type:RATIS, Factor:THREE, State:CLOSED] moved to CLOSED state
2019-10-11 04:44:16,890 [main] INFO  ozoneimpl.OzoneContainer (OzoneContainer.java:stop(231)) - Attempting to stop container services.
2019-10-11 04:44:16,892 [ForkJoinPool.commonPool-worker-0] INFO  ozoneimpl.OzoneContainer (OzoneContainer.java:stop(231)) - Attempting to stop container services.
2019-10-11 04:44:16,892 [main] INFO  impl.RaftServerProxy (RaftServerProxy.java:lambda$close$4(314)) - a0be1567-3b57-484c-aa98-eeb9bc07b4e0: close
2019-10-11 04:44:16,893 [ForkJoinPool.commonPool-worker-0] INFO  impl.RaftServerProxy (RaftServerProxy.java:lambda$close$4(314)) - 34f4c72f-caa0-4a31-bd94-9bdddef36627: close
2019-10-11 04:44:16,893 [main] INFO  impl.RaftServerImpl (RaftServerImpl.java:lambda$shutdown$3(251)) - a0be1567-3b57-484c-aa98-eeb9bc07b4e0@group-DAE4C164D582: shutdown
2019-10-11 04:44:16,893 [ForkJoinPool.commonPool-worker-0] INFO  impl.RaftServerImpl (RaftServerImpl.java:lambda$shutdown$3(251)) - 34f4c72f-caa0-4a31-bd94-9bdddef36627@group-B858FA317E63: shutdown
2019-10-11 04:44:16,893 [main] INFO  util.JmxRegister (JmxRegister.java:unregister(73)) - Successfully un-registered JMX Bean with object name Ratis:service=RaftServer,group=group-DAE4C164D582,id=a0be1567-3b57-484c-aa98-eeb9bc07b4e0
2019-10-11 04:44:16,893 [ForkJoinPool.commonPool-worker-0] INFO  util.JmxRegister (JmxRegister.java:unregister(73)) - Successfully un-registered JMX Bean with object name Ratis:service=RaftServer,group=group-B858FA317E63,id=34f4c72f-caa0-4a31-bd94-9bdddef36627
2019-10-11 04:44:16,894 [main] INFO  impl.RoleInfo (RoleInfo.java:shutdownFollowerState(121)) - a0be1567-3b57-484c-aa98-eeb9bc07b4e0: shutdown FollowerState
2019-10-11 04:44:16,894 [ForkJoinPool.commonPool-worker-0] INFO  impl.RoleInfo (RoleInfo.java:shutdownFollowerState(121)) - 34f4c72f-caa0-4a31-bd94-9bdddef36627: shutdown FollowerState
2019-10-11 04:44:16,894 [main] INFO  impl.StateMachineUpdater (StateMachineUpdater.java:stopAndJoin(125)) - a0be1567-3b57-484c-aa98-eeb9bc07b4e0@group-DAE4C164D582-StateMachineUpdater: set stopIndex = 0
2019-10-11 04:44:16,895 [main] INFO  impl.RaftServerImpl (ServerState.java:close(385)) - a0be1567-3b57-484c-aa98-eeb9bc07b4e0@group-DAE4C164D582: closes. applyIndex: 0
2019-10-11 04:44:16,895 [34f4c72f-caa0-4a31-bd94-9bdddef36627@group-B858FA317E63-StateMachineUpdater] INFO  ratis.ContainerStateMachine (ContainerStateMachine.java:takeSnapshot(289)) - group-B858FA317E63: Taking a snapshot at:(t:1, i:6) file /workdir/hadoop-ozone/integration-test/target/test-dir/MiniOzoneClusterImpl-b44bfc70-173c-43e3-9456-d6fc7d130422/datanode-1/data/ratis/17c57d47-216e-4fbb-bc9b-b858fa317e63/sm/snapshot.1_6
2019-10-11 04:44:16,895 [a0be1567-3b57-484c-aa98-eeb9bc07b4e0@group-DAE4C164D582-SegmentedRaftLogWorker] INFO  segmented.SegmentedRaftLogWorker (SegmentedRaftLogWorker.java:run(313)) - a0be1567-3b57-484c-aa98-eeb9bc07b4e0@group-DAE4C164D582-SegmentedRaftLogWorker was interrupted, exiting. There are 0 tasks remaining in the queue.
2019-10-11 04:44:16,894 [Thread-6729] INFO  impl.FollowerState (FollowerState.java:run(115)) - 34f4c72f-caa0-4a31-bd94-9bdddef36627: FollowerState was interrupted: java.lang.InterruptedException: sleep interrupted
2019-10-11 04:44:16,894 [Thread-6755] INFO  impl.FollowerState (FollowerState.java:run(115)) - a0be1567-3b57-484c-aa98-eeb9bc07b4e0: FollowerState was interrupted: java.lang.InterruptedException: sleep interrupted
2019-10-11 04:44:16,894 [ForkJoinPool.commonPool-worker-0] INFO  impl.StateMachineUpdater (StateMachineUpdater.java:stopAndJoin(125)) - 34f4c72f-caa0-4a31-bd94-9bdddef36627@group-B858FA317E63-StateMachineUpdater: set stopIndex = 6
2019-10-11 04:44:16,895 [main] INFO  segmented.SegmentedRaftLogWorker (SegmentedRaftLogWorker.java:close(228)) - a0be1567-3b57-484c-aa98-eeb9bc07b4e0@group-DAE4C164D582-SegmentedRaftLogWorker close()
2019-10-11 04:44:16,904 [main] INFO  impl.RaftServerImpl (RaftServerImpl.java:lambda$shutdown$3(251)) - a0be1567-3b57-484c-aa98-eeb9bc07b4e0@group-C9E2B5B3B0C9: shutdown
2019-10-11 04:44:16,904 [main] INFO  util.JmxRegister (JmxRegister.java:unregister(73)) - Successfully un-registered JMX Bean with object name Ratis:service=RaftServer,group=group-C9E2B5B3B0C9,id=a0be1567-3b57-484c-aa98-eeb9bc07b4e0
2019-10-11 04:44:16,905 [main] INFO  impl.RoleInfo (RoleInfo.java:shutdownFollowerState(121)) - a0be1567-3b57-484c-aa98-eeb9bc07b4e0: shutdown FollowerState
2019-10-11 04:44:16,905 [main] INFO  impl.StateMachineUpdater (StateMachineUpdater.java:stopAndJoin(125)) - a0be1567-3b57-484c-aa98-eeb9bc07b4e0@group-C9E2B5B3B0C9-StateMachineUpdater: set stopIndex = 6
2019-10-11 04:44:16,905 [a0be1567-3b57-484c-aa98-eeb9bc07b4e0@group-C9E2B5B3B0C9-StateMachineUpdater] INFO  ratis.ContainerStateMachine (ContainerStateMachine.java:takeSnapshot(289)) - group-C9E2B5B3B0C9: Taking a snapshot at:(t:1, i:4) file /workdir/hadoop-ozone/integration-test/target/test-dir/MiniOzoneClusterImpl-b44bfc70-173c-43e3-9456-d6fc7d130422/datanode-4/data/ratis/f5e97734-7dae-41bb-bc48-c9e2b5b3b0c9/sm/snapshot.1_4
2019-10-11 04:44:16,905 [Thread-6800] INFO  impl.FollowerState (FollowerState.java:run(115)) - a0be1567-3b57-484c-aa98-eeb9bc07b4e0: FollowerState was interrupted: java.lang.InterruptedException: sleep interrupted
2019-10-11 04:44:16,911 [a0be1567-3b57-484c-aa98-eeb9bc07b4e0@group-C9E2B5B3B0C9-StateMachineUpdater] INFO  ratis.ContainerStateMachine (ContainerStateMachine.java:takeSnapshot(300)) - group-C9E2B5B3B0C9: Finished taking a snapshot at:(t:1, i:4) file:/workdir/hadoop-ozone/integration-test/target/test-dir/MiniOzoneClusterImpl-b44bfc70-173c-43e3-9456-d6fc7d130422/datanode-4/data/ratis/f5e97734-7dae-41bb-bc48-c9e2b5b3b0c9/sm/snapshot.1_4 time:5
2019-10-11 04:44:16,911 [34f4c72f-caa0-4a31-bd94-9bdddef36627@group-B858FA317E63-StateMachineUpdater] INFO  ratis.ContainerStateMachine (ContainerStateMachine.java:takeSnapshot(300)) - group-B858FA317E63: Finished taking a snapshot at:(t:1, i:6) file:/workdir/hadoop-ozone/integration-test/target/test-dir/MiniOzoneClusterImpl-b44bfc70-173c-43e3-9456-d6fc7d130422/datanode-1/data/ratis/17c57d47-216e-4fbb-bc9b-b858fa317e63/sm/snapshot.1_6 time:16
2019-10-11 04:44:16,911 [a0be1567-3b57-484c-aa98-eeb9bc07b4e0@group-C9E2B5B3B0C9-StateMachineUpdater] INFO  impl.StateMachineUpdater (StateMachineUpdater.java:takeSnapshot(258)) - a0be1567-3b57-484c-aa98-eeb9bc07b4e0@group-C9E2B5B3B0C9-StateMachineUpdater: Took a snapshot at index 4
2019-10-11 04:44:16,911 [a0be1567-3b57-484c-aa98-eeb9bc07b4e0@group-C9E2B5B3B0C9-StateMachineUpdater] INFO  impl.StateMachineUpdater (StateMachineUpdater.java:lambda$new$0(83)) - a0be1567-3b57-484c-aa98-eeb9bc07b4e0@group-C9E2B5B3B0C9-StateMachineUpdater: snapshotIndex: updateIncreasingly -1 -> 4
2019-10-11 04:44:16,911 [34f4c72f-caa0-4a31-bd94-9bdddef36627@group-B858FA317E63-StateMachineUpdater] INFO  impl.StateMachineUpdater (StateMachineUpdater.java:takeSnapshot(258)) - 34f4c72f-caa0-4a31-bd94-9bdddef36627@group-B858FA317E63-StateMachineUpdater: Took a snapshot at index 6
2019-10-11 04:44:16,911 [34f4c72f-caa0-4a31-bd94-9bdddef36627@group-B858FA317E63-StateMachineUpdater] INFO  impl.StateMachineUpdater (StateMachineUpdater.java:lambda$new$0(83)) - 34f4c72f-caa0-4a31-bd94-9bdddef36627@group-B858FA317E63-StateMachineUpdater: snapshotIndex: updateIncreasingly -1 -> 6
2019-10-11 04:44:16,911 [a0be1567-3b57-484c-aa98-eeb9bc07b4e0@group-C9E2B5B3B0C9-StateMachineUpdater] INFO  ratis.ContainerStateMachine (ContainerStateMachine.java:takeSnapshot(289)) - group-C9E2B5B3B0C9: Taking a snapshot at:(t:1, i:4) file /workdir/hadoop-ozone/integration-test/target/test-dir/MiniOzoneClusterImpl-b44bfc70-173c-43e3-9456-d6fc7d130422/datanode-4/data/ratis/f5e97734-7dae-41bb-bc48-c9e2b5b3b0c9/sm/snapshot.1_4
2019-10-11 04:44:16,911 [ForkJoinPool.commonPool-worker-0] INFO  impl.RaftServerImpl (ServerState.java:close(385)) - 34f4c72f-caa0-4a31-bd94-9bdddef36627@group-B858FA317E63: closes. applyIndex: 6
2019-10-11 04:44:16,912 [34f4c72f-caa0-4a31-bd94-9bdddef36627@group-B858FA317E63-SegmentedRaftLogWorker] INFO  segmented.SegmentedRaftLogWorker (SegmentedRaftLogWorker.java:run(313)) - 34f4c72f-caa0-4a31-bd94-9bdddef36627@group-B858FA317E63-SegmentedRaftLogWorker was interrupted, exiting. There are 0 tasks remaining in the queue.
2019-10-11 04:44:16,912 [ForkJoinPool.commonPool-worker-0] INFO  segmented.SegmentedRaftLogWorker (SegmentedRaftLogWorker.java:close(228)) - 34f4c72f-caa0-4a31-bd94-9bdddef36627@group-B858FA317E63-SegmentedRaftLogWorker close()
2019-10-11 04:44:16,916 [ForkJoinPool.commonPool-worker-0] INFO  impl.RaftServerImpl (RaftServerImpl.java:lambda$shutdown$3(251)) - 34f4c72f-caa0-4a31-bd94-9bdddef36627@group-DAE4C164D582: shutdown
2019-10-11 04:44:16,916 [a0be1567-3b57-484c-aa98-eeb9bc07b4e0@group-C9E2B5B3B0C9-StateMachineUpdater] INFO  ratis.ContainerStateMachine (ContainerStateMachine.java:takeSnapshot(300)) - group-C9E2B5B3B0C9: Finished taking a snapshot at:(t:1, i:4) file:/workdir/hadoop-ozone/integration-test/target/test-dir/MiniOzoneClusterImpl-b44bfc70-173c-43e3-9456-d6fc7d130422/datanode-4/data/ratis/f5e97734-7dae-41bb-bc48-c9e2b5b3b0c9/sm/snapshot.1_4 time:4
2019-10-11 04:44:16,916 [ForkJoinPool.commonPool-worker-0] INFO  util.JmxRegister (JmxRegister.java:unregister(73)) - Successfully un-registered JMX Bean with object name Ratis:service=RaftServer,group=group-DAE4C164D582,id=34f4c72f-caa0-4a31-bd94-9bdddef36627
2019-10-11 04:44:16,916 [a0be1567-3b57-484c-aa98-eeb9bc07b4e0@group-C9E2B5B3B0C9-StateMachineUpdater] INFO  impl.StateMachineUpdater (StateMachineUpdater.java:takeSnapshot(258)) - a0be1567-3b57-484c-aa98-eeb9bc07b4e0@group-C9E2B5B3B0C9-StateMachineUpdater: Took a snapshot at index 4
2019-10-11 04:44:16,916 [ForkJoinPool.commonPool-worker-0] INFO  impl.RoleInfo (RoleInfo.java:shutdownLeaderState(104)) - 34f4c72f-caa0-4a31-bd94-9bdddef36627: shutdown LeaderState
2019-10-11 04:44:16,916 [a0be1567-3b57-484c-aa98-eeb9bc07b4e0@group-C9E2B5B3B0C9-StateMachineUpdater] INFO  impl.StateMachineUpdater (StateMachineUpdater.java:lambda$new$0(83)) - a0be1567-3b57-484c-aa98-eeb9bc07b4e0@group-C9E2B5B3B0C9-StateMachineUpdater: snapshotIndex: updateIncreasingly 4 -> 4
2019-10-11 04:44:16,916 [ForkJoinPool.commonPool-worker-0] INFO  impl.PendingRequests (PendingRequests.java:sendNotLeaderResponses(202)) - 34f4c72f-caa0-4a31-bd94-9bdddef36627-PendingRequests: sendNotLeaderResponses
2019-10-11 04:44:16,916 [main] INFO  impl.RaftServerImpl (ServerState.java:close(385)) - a0be1567-3b57-484c-aa98-eeb9bc07b4e0@group-C9E2B5B3B0C9: closes. applyIndex: 6
2019-10-11 04:44:16,916 [org.apache.ratis.server.impl.LogAppender$AppenderDaemon$$Lambda$504/1846240928@70942734] WARN  server.GrpcLogAppender (GrpcLogAppender.java:mayWait(143)) - 34f4c72f-caa0-4a31-bd94-9bdddef36627@group-DAE4C164D582->0200e9fc-e606-40f3-99f6-f4679a9f9c17-GrpcLogAppender: Wait interrupted by java.lang.InterruptedException
2019-10-11 04:44:16,917 [a0be1567-3b57-484c-aa98-eeb9bc07b4e0@group-C9E2B5B3B0C9-SegmentedRaftLogWorker] INFO  segmented.SegmentedRaftLogWorker (SegmentedRaftLogWorker.java:run(313)) - a0be1567-3b57-484c-aa98-eeb9bc07b4e0@group-C9E2B5B3B0C9-SegmentedRaftLogWorker was interrupted, exiting. There are 0 tasks remaining in the queue.
2019-10-11 04:44:16,916 [org.apache.ratis.server.impl.LogAppender$AppenderDaemon$$Lambda$504/1846240928@3917b7f0] WARN  server.GrpcLogAppender (GrpcLogAppender.java:mayWait(143)) - 34f4c72f-caa0-4a31-bd94-9bdddef36627@group-DAE4C164D582->a0be1567-3b57-484c-aa98-eeb9bc07b4e0-GrpcLogAppender: Wait interrupted by java.lang.InterruptedException
2019-10-11 04:44:16,917 [ForkJoinPool.commonPool-worker-0] INFO  impl.StateMachineUpdater (StateMachineUpdater.java:stopAndJoin(125)) - 34f4c72f-caa0-4a31-bd94-9bdddef36627@group-DAE4C164D582-StateMachineUpdater: set stopIndex = 0
2019-10-11 04:44:16,918 [main] INFO  segmented.SegmentedRaftLogWorker (SegmentedRaftLogWorker.java:close(228)) - a0be1567-3b57-484c-aa98-eeb9bc07b4e0@group-C9E2B5B3B0C9-SegmentedRaftLogWorker close()
2019-10-11 04:44:16,918 [grpc-default-executor-30] INFO  server.GrpcServerProtocolService (GrpcServerProtocolService.java:onCompleted(113)) - a0be1567-3b57-484c-aa98-eeb9bc07b4e0: Completed APPEND_ENTRIES, lastRequest: 34f4c72f-caa0-4a31-bd94-9bdddef36627->a0be1567-3b57-484c-aa98-eeb9bc07b4e0#4-t1, previous=(t:1, i:0), leaderCommit=0, initializing? false, entries: <empty>
2019-10-11 04:44:16,918 [grpc-default-executor-26] INFO  server.GrpcServerProtocolService (GrpcServerProtocolService.java:onCompleted(113)) - 0200e9fc-e606-40f3-99f6-f4679a9f9c17: Completed APPEND_ENTRIES, lastRequest: 34f4c72f-caa0-4a31-bd94-9bdddef36627->0200e9fc-e606-40f3-99f6-f4679a9f9c17#4-t1, previous=(t:1, i:0), leaderCommit=0, initializing? false, entries: <empty>
2019-10-11 04:44:16,918 [ForkJoinPool.commonPool-worker-0] INFO  impl.RaftServerImpl (ServerState.java:close(385)) - 34f4c72f-caa0-4a31-bd94-9bdddef36627@group-DAE4C164D582: closes. applyIndex: 0
2019-10-11 04:44:16,922 [grpc-default-executor-26] INFO  server.GrpcLogAppender (GrpcLogAppender.java:onCompleted(293)) - 34f4c72f-caa0-4a31-bd94-9bdddef36627@group-DAE4C164D582->a0be1567-3b57-484c-aa98-eeb9bc07b4e0-AppendLogResponseHandler: follower responses appendEntries COMPLETED
2019-10-11 04:44:16,922 [main] INFO  impl.RaftServerImpl (RaftServerImpl.java:lambda$shutdown$3(251)) - a0be1567-3b57-484c-aa98-eeb9bc07b4e0@group-139FC92BB680: shutdown
2019-10-11 04:44:16,923 [grpc-default-executor-26] INFO  impl.FollowerInfo (FollowerInfo.java:lambda$new$0(51)) - 34f4c72f-caa0-4a31-bd94-9bdddef36627@group-DAE4C164D582->a0be1567-3b57-484c-aa98-eeb9bc07b4e0: nextIndex: updateUnconditionally 1 -> 0
2019-10-11 04:44:16,923 [34f4c72f-caa0-4a31-bd94-9bdddef36627@group-DAE4C164D582-SegmentedRaftLogWorker] INFO  segmented.SegmentedRaftLogWorker (SegmentedRaftLogWorker.java:run(313)) - 34f4c72f-caa0-4a31-bd94-9bdddef36627@group-DAE4C164D582-SegmentedRaftLogWorker was interrupted, exiting. There are 0 tasks remaining in the queue.
2019-10-11 04:44:16,922 [grpc-default-executor-30] INFO  server.GrpcLogAppender (GrpcLogAppender.java:onCompleted(293)) - 34f4c72f-caa0-4a31-bd94-9bdddef36627@group-DAE4C164D582->0200e9fc-e606-40f3-99f6-f4679a9f9c17-AppendLogResponseHandler: follower responses appendEntries COMPLETED
2019-10-11 04:44:16,924 [ForkJoinPool.commonPool-worker-0] INFO  segmented.SegmentedRaftLogWorker (SegmentedRaftLogWorker.java:close(228)) - 34f4c72f-caa0-4a31-bd94-9bdddef36627@group-DAE4C164D582-SegmentedRaftLogWorker close()
2019-10-11 04:44:16,923 [main] INFO  util.JmxRegister (JmxRegister.java:unregister(73)) - Successfully un-registered JMX Bean with object name Ratis:service=RaftServer,group=group-139FC92BB680,id=a0be1567-3b57-484c-aa98-eeb9bc07b4e0
2019-10-11 04:44:16,928 [main] INFO  impl.RoleInfo (RoleInfo.java:shutdownFollowerState(121)) - a0be1567-3b57-484c-aa98-eeb9bc07b4e0: shutdown FollowerState
2019-10-11 04:44:16,927 [ForkJoinPool.commonPool-worker-0] INFO  impl.RaftServerImpl (RaftServerImpl.java:lambda$shutdown$3(251)) - 34f4c72f-caa0-4a31-bd94-9bdddef36627@group-3F58278D3D3E: shutdown
2019-10-11 04:44:16,924 [grpc-default-executor-30] INFO  impl.FollowerInfo (FollowerInfo.java:lambda$new$0(51)) - 34f4c72f-caa0-4a31-bd94-9bdddef36627@group-DAE4C164D582->0200e9fc-e606-40f3-99f6-f4679a9f9c17: nextIndex: updateUnconditionally 1 -> 0
2019-10-11 04:44:16,928 [ForkJoinPool.commonPool-worker-0] INFO  util.JmxRegister (JmxRegister.java:unregister(73)) - Successfully un-registered JMX Bean with object name Ratis:service=RaftServer,group=group-3F58278D3D3E,id=34f4c72f-caa0-4a31-bd94-9bdddef36627
2019-10-11 04:44:16,928 [Thread-6822] INFO  impl.FollowerState (FollowerState.java:run(115)) - a0be1567-3b57-484c-aa98-eeb9bc07b4e0: FollowerState was interrupted: java.lang.InterruptedException: sleep interrupted
2019-10-11 04:44:16,928 [main] INFO  impl.StateMachineUpdater (StateMachineUpdater.java:stopAndJoin(125)) - a0be1567-3b57-484c-aa98-eeb9bc07b4e0@group-139FC92BB680-StateMachineUpdater: set stopIndex = 0
2019-10-11 04:44:16,929 [main] INFO  impl.RaftServerImpl (ServerState.java:close(385)) - a0be1567-3b57-484c-aa98-eeb9bc07b4e0@group-139FC92BB680: closes. applyIndex: 0
2019-10-11 04:44:16,929 [ForkJoinPool.commonPool-worker-0] INFO  impl.RoleInfo (RoleInfo.java:shutdownLeaderState(104)) - 34f4c72f-caa0-4a31-bd94-9bdddef36627: shutdown LeaderState
2019-10-11 04:44:16,930 [a0be1567-3b57-484c-aa98-eeb9bc07b4e0@group-139FC92BB680-SegmentedRaftLogWorker] INFO  segmented.SegmentedRaftLogWorker (SegmentedRaftLogWorker.java:run(313)) - a0be1567-3b57-484c-aa98-eeb9bc07b4e0@group-139FC92BB680-SegmentedRaftLogWorker was interrupted, exiting. There are 0 tasks remaining in the queue.
2019-10-11 04:44:16,930 [ForkJoinPool.commonPool-worker-0] INFO  impl.PendingRequests (PendingRequests.java:sendNotLeaderResponses(202)) - 34f4c72f-caa0-4a31-bd94-9bdddef36627-PendingRequests: sendNotLeaderResponses
2019-10-11 04:44:16,930 [main] INFO  segmented.SegmentedRaftLogWorker (SegmentedRaftLogWorker.java:close(228)) - a0be1567-3b57-484c-aa98-eeb9bc07b4e0@group-139FC92BB680-SegmentedRaftLogWorker close()
2019-10-11 04:44:16,930 [ForkJoinPool.commonPool-worker-0] INFO  impl.StateMachineUpdater (StateMachineUpdater.java:stopAndJoin(125)) - 34f4c72f-caa0-4a31-bd94-9bdddef36627@group-3F58278D3D3E-StateMachineUpdater: set stopIndex = 0
2019-10-11 04:44:16,934 [ForkJoinPool.commonPool-worker-0] INFO  impl.RaftServerImpl (ServerState.java:close(385)) - 34f4c72f-caa0-4a31-bd94-9bdddef36627@group-3F58278D3D3E: closes. applyIndex: 0
2019-10-11 04:44:16,934 [main] INFO  impl.RaftServerImpl (RaftServerImpl.java:lambda$shutdown$3(251)) - a0be1567-3b57-484c-aa98-eeb9bc07b4e0@group-CC3CFD0FB125: shutdown
2019-10-11 04:44:16,935 [34f4c72f-caa0-4a31-bd94-9bdddef36627@group-3F58278D3D3E-SegmentedRaftLogWorker] INFO  segmented.SegmentedRaftLogWorker (SegmentedRaftLogWorker.java:run(313)) - 34f4c72f-caa0-4a31-bd94-9bdddef36627@group-3F58278D3D3E-SegmentedRaftLogWorker was interrupted, exiting. There are 0 tasks remaining in the queue.
2019-10-11 04:44:16,935 [main] INFO  util.JmxRegister (JmxRegister.java:unregister(73)) - Successfully un-registered JMX Bean with object name Ratis:service=RaftServer,group=group-CC3CFD0FB125,id=a0be1567-3b57-484c-aa98-eeb9bc07b4e0
2019-10-11 04:44:16,935 [ForkJoinPool.commonPool-worker-0] INFO  segmented.SegmentedRaftLogWorker (SegmentedRaftLogWorker.java:close(228)) - 34f4c72f-caa0-4a31-bd94-9bdddef36627@group-3F58278D3D3E-SegmentedRaftLogWorker close()
2019-10-11 04:44:16,935 [main] INFO  impl.RoleInfo (RoleInfo.java:shutdownFollowerState(121)) - a0be1567-3b57-484c-aa98-eeb9bc07b4e0: shutdown FollowerState
2019-10-11 04:44:16,939 [ForkJoinPool.commonPool-worker-0] INFO  impl.RaftServerImpl (RaftServerImpl.java:lambda$shutdown$3(251)) - 34f4c72f-caa0-4a31-bd94-9bdddef36627@group-D53E185946D1: shutdown
2019-10-11 04:44:16,939 [Thread-6770] INFO  impl.FollowerState (FollowerState.java:run(115)) - a0be1567-3b57-484c-aa98-eeb9bc07b4e0: FollowerState was interrupted: java.lang.InterruptedException: sleep interrupted
2019-10-11 04:44:16,939 [main] INFO  impl.StateMachineUpdater (StateMachineUpdater.java:stopAndJoin(125)) - a0be1567-3b57-484c-aa98-eeb9bc07b4e0@group-CC3CFD0FB125-StateMachineUpdater: set stopIndex = 0
2019-10-11 04:44:16,940 [ForkJoinPool.commonPool-worker-0] INFO  util.JmxRegister (JmxRegister.java:unregister(73)) - Successfully un-registered JMX Bean with object name Ratis:service=RaftServer,group=group-D53E185946D1,id=34f4c72f-caa0-4a31-bd94-9bdddef36627
2019-10-11 04:44:16,940 [ForkJoinPool.commonPool-worker-0] INFO  impl.RoleInfo (RoleInfo.java:shutdownFollowerState(121)) - 34f4c72f-caa0-4a31-bd94-9bdddef36627: shutdown FollowerState
2019-10-11 04:44:16,940 [main] INFO  impl.RaftServerImpl (ServerState.java:close(385)) - a0be1567-3b57-484c-aa98-eeb9bc07b4e0@group-CC3CFD0FB125: closes. applyIndex: 0
2019-10-11 04:44:16,941 [Thread-6723] INFO  impl.FollowerState (FollowerState.java:run(115)) - 34f4c72f-caa0-4a31-bd94-9bdddef36627: FollowerState was interrupted: java.lang.InterruptedException: sleep interrupted
2019-10-11 04:44:16,940 [ForkJoinPool.commonPool-worker-0] INFO  impl.StateMachineUpdater (StateMachineUpdater.java:stopAndJoin(125)) - 34f4c72f-caa0-4a31-bd94-9bdddef36627@group-D53E185946D1-StateMachineUpdater: set stopIndex = 0
2019-10-11 04:44:16,941 [a0be1567-3b57-484c-aa98-eeb9bc07b4e0@group-CC3CFD0FB125-SegmentedRaftLogWorker] INFO  segmented.SegmentedRaftLogWorker (SegmentedRaftLogWorker.java:run(313)) - a0be1567-3b57-484c-aa98-eeb9bc07b4e0@group-CC3CFD0FB125-SegmentedRaftLogWorker was interrupted, exiting. There are 0 tasks remaining in the queue.
2019-10-11 04:44:16,941 [ForkJoinPool.commonPool-worker-0] INFO  impl.RaftServerImpl (ServerState.java:close(385)) - 34f4c72f-caa0-4a31-bd94-9bdddef36627@group-D53E185946D1: closes. applyIndex: 0
2019-10-11 04:44:16,941 [main] INFO  segmented.SegmentedRaftLogWorker (SegmentedRaftLogWorker.java:close(228)) - a0be1567-3b57-484c-aa98-eeb9bc07b4e0@group-CC3CFD0FB125-SegmentedRaftLogWorker close()
2019-10-11 04:44:16,941 [34f4c72f-caa0-4a31-bd94-9bdddef36627@group-D53E185946D1-SegmentedRaftLogWorker] INFO  segmented.SegmentedRaftLogWorker (SegmentedRaftLogWorker.java:run(313)) - 34f4c72f-caa0-4a31-bd94-9bdddef36627@group-D53E185946D1-SegmentedRaftLogWorker was interrupted, exiting. There are 0 tasks remaining in the queue.
2019-10-11 04:44:16,945 [main] INFO  impl.RaftServerImpl (RaftServerImpl.java:lambda$shutdown$3(251)) - a0be1567-3b57-484c-aa98-eeb9bc07b4e0@group-F6D21F3B4CB1: shutdown
2019-10-11 04:44:16,945 [ForkJoinPool.commonPool-worker-0] INFO  segmented.SegmentedRaftLogWorker (SegmentedRaftLogWorker.java:close(228)) - 34f4c72f-caa0-4a31-bd94-9bdddef36627@group-D53E185946D1-SegmentedRaftLogWorker close()
2019-10-11 04:44:16,945 [main] INFO  util.JmxRegister (JmxRegister.java:unregister(73)) - Successfully un-registered JMX Bean with object name Ratis:service=RaftServer,group=group-F6D21F3B4CB1,id=a0be1567-3b57-484c-aa98-eeb9bc07b4e0
2019-10-11 04:44:16,949 [ForkJoinPool.commonPool-worker-0] INFO  server.GrpcService (GrpcService.java:closeImpl(164)) - 34f4c72f-caa0-4a31-bd94-9bdddef36627: shutdown server with port 46004 now
2019-10-11 04:44:16,949 [main] INFO  impl.RoleInfo (RoleInfo.java:shutdownFollowerState(121)) - a0be1567-3b57-484c-aa98-eeb9bc07b4e0: shutdown FollowerState
2019-10-11 04:44:16,950 [main] INFO  impl.StateMachineUpdater (StateMachineUpdater.java:stopAndJoin(125)) - a0be1567-3b57-484c-aa98-eeb9bc07b4e0@group-F6D21F3B4CB1-StateMachineUpdater: set stopIndex = 0
2019-10-11 04:44:16,950 [ForkJoinPool.commonPool-worker-0] INFO  server.GrpcService (GrpcService.java:closeImpl(172)) - 34f4c72f-caa0-4a31-bd94-9bdddef36627: shutdown server with port 46004 successfully
2019-10-11 04:44:16,950 [grpc-default-executor-20] WARN  server.GrpcServerProtocolService (LogUtils.java:warn(134)) - 34f4c72f-caa0-4a31-bd94-9bdddef36627: installSnapshot onError, lastRequest: 243cd881-e4dd-41a2-ae09-8719fa6746fb->34f4c72f-caa0-4a31-bd94-9bdddef36627#9-t1, previous=(t:1, i:6), leaderCommit=6, initializing? false, entries: <empty>: org.apache.ratis.thirdparty.io.grpc.StatusRuntimeException: CANCELLED: cancelled before receiving half close
2019-10-11 04:44:16,950 [grpc-default-executor-26] WARN  server.GrpcServerProtocolService (LogUtils.java:warn(134)) - 34f4c72f-caa0-4a31-bd94-9bdddef36627: installSnapshot onError, lastRequest: 243cd881-e4dd-41a2-ae09-8719fa6746fb->34f4c72f-caa0-4a31-bd94-9bdddef36627#4-t1, previous=(t:1, i:0), leaderCommit=0, initializing? false, entries: <empty>: org.apache.ratis.thirdparty.io.grpc.StatusRuntimeException: CANCELLED: cancelled before receiving half close
2019-10-11 04:44:16,950 [Thread-6786] INFO  impl.FollowerState (FollowerState.java:run(115)) - a0be1567-3b57-484c-aa98-eeb9bc07b4e0: FollowerState was interrupted: java.lang.InterruptedException: sleep interrupted
2019-10-11 04:44:16,951 [grpc-default-executor-27] WARN  server.GrpcLogAppender (LogUtils.java:warn(134)) - 243cd881-e4dd-41a2-ae09-8719fa6746fb@group-B858FA317E63->34f4c72f-caa0-4a31-bd94-9bdddef36627-AppendLogResponseHandler: Failed appendEntries: org.apache.ratis.thirdparty.io.grpc.StatusRuntimeException: CANCELLED: HTTP/2 error code: CANCEL
Received Rst Stream
2019-10-11 04:44:16,951 [grpc-default-executor-31] WARN  server.GrpcLogAppender (LogUtils.java:warn(134)) - 243cd881-e4dd-41a2-ae09-8719fa6746fb@group-D53E185946D1->34f4c72f-caa0-4a31-bd94-9bdddef36627-AppendLogResponseHandler: Failed appendEntries: org.apache.ratis.thirdparty.io.grpc.StatusRuntimeException: CANCELLED: HTTP/2 error code: CANCEL
Received Rst Stream
2019-10-11 04:44:16,950 [main] INFO  impl.RaftServerImpl (ServerState.java:close(385)) - a0be1567-3b57-484c-aa98-eeb9bc07b4e0@group-F6D21F3B4CB1: closes. applyIndex: 0
2019-10-11 04:44:16,952 [grpc-default-executor-31] INFO  impl.FollowerInfo (FollowerInfo.java:lambda$new$0(51)) - 243cd881-e4dd-41a2-ae09-8719fa6746fb@group-D53E185946D1->34f4c72f-caa0-4a31-bd94-9bdddef36627: nextIndex: updateUnconditionally 1 -> 0
2019-10-11 04:44:16,951 [grpc-default-executor-27] INFO  impl.FollowerInfo (FollowerInfo.java:lambda$new$0(51)) - 243cd881-e4dd-41a2-ae09-8719fa6746fb@group-B858FA317E63->34f4c72f-caa0-4a31-bd94-9bdddef36627: nextIndex: updateUnconditionally 7 -> 6
2019-10-11 04:44:16,953 [a0be1567-3b57-484c-aa98-eeb9bc07b4e0@group-F6D21F3B4CB1-SegmentedRaftLogWorker] INFO  segmented.SegmentedRaftLogWorker (SegmentedRaftLogWorker.java:run(313)) - a0be1567-3b57-484c-aa98-eeb9bc07b4e0@group-F6D21F3B4CB1-SegmentedRaftLogWorker was interrupted, exiting. There are 0 tasks remaining in the queue.
2019-10-11 04:44:16,953 [main] INFO  segmented.SegmentedRaftLogWorker (SegmentedRaftLogWorker.java:close(228)) - a0be1567-3b57-484c-aa98-eeb9bc07b4e0@group-F6D21F3B4CB1-SegmentedRaftLogWorker close()
2019-10-11 04:44:16,954 [refreshUsed-/workdir/hadoop-ozone/integration-test/target/test-dir/MiniOzoneClusterImpl-b44bfc70-173c-43e3-9456-d6fc7d130422/datanode-1/data/containers] WARN  fs.CachingGetSpaceUsed (CachingGetSpaceUsed.java:run(183)) - Thread Interrupted waiting to refresh disk information: sleep interrupted
2019-10-11 04:44:16,957 [main] INFO  server.GrpcService (GrpcService.java:closeImpl(164)) - a0be1567-3b57-484c-aa98-eeb9bc07b4e0: shutdown server with port 45492 now
2019-10-11 04:44:16,957 [grpc-default-executor-31] WARN  server.GrpcServerProtocolService (LogUtils.java:warn(134)) - a0be1567-3b57-484c-aa98-eeb9bc07b4e0: installSnapshot onError, lastRequest: 279ed7c7-79fc-45b0-972c-b02df9246810->a0be1567-3b57-484c-aa98-eeb9bc07b4e0#4-t1, previous=(t:1, i:0), leaderCommit=0, initializing? false, entries: <empty>: org.apache.ratis.thirdparty.io.grpc.StatusRuntimeException: CANCELLED: cancelled before receiving half close
2019-10-11 04:44:16,958 [grpc-default-executor-20] WARN  server.GrpcServerProtocolService (LogUtils.java:warn(134)) - a0be1567-3b57-484c-aa98-eeb9bc07b4e0: installSnapshot onError, lastRequest: 0200e9fc-e606-40f3-99f6-f4679a9f9c17->a0be1567-3b57-484c-aa98-eeb9bc07b4e0#4-t1, previous=(t:1, i:0), leaderCommit=0, initializing? false, entries: <empty>: org.apache.ratis.thirdparty.io.grpc.StatusRuntimeException: CANCELLED: cancelled before receiving half close
2019-10-11 04:44:16,958 [grpc-default-executor-19] WARN  server.GrpcServerProtocolService (LogUtils.java:warn(134)) - a0be1567-3b57-484c-aa98-eeb9bc07b4e0: installSnapshot onError, lastRequest: 0200e9fc-e606-40f3-99f6-f4679a9f9c17->a0be1567-3b57-484c-aa98-eeb9bc07b4e0#9-t1, previous=(t:1, i:6), leaderCommit=6, initializing? false, entries: <empty>: org.apache.ratis.thirdparty.io.grpc.StatusRuntimeException: CANCELLED: cancelled before receiving half close
2019-10-11 04:44:16,958 [grpc-default-executor-30] WARN  server.GrpcLogAppender (LogUtils.java:warn(134)) - 279ed7c7-79fc-45b0-972c-b02df9246810@group-F6D21F3B4CB1->a0be1567-3b57-484c-aa98-eeb9bc07b4e0-AppendLogResponseHandler: Failed appendEntries: org.apache.ratis.thirdparty.io.grpc.StatusRuntimeException: CANCELLED: HTTP/2 error code: CANCEL
Received Rst Stream
2019-10-11 04:44:16,958 [main] INFO  server.GrpcService (GrpcService.java:closeImpl(172)) - a0be1567-3b57-484c-aa98-eeb9bc07b4e0: shutdown server with port 45492 successfully
2019-10-11 04:44:16,958 [grpc-default-executor-26] WARN  server.GrpcServerProtocolService (LogUtils.java:warn(134)) - a0be1567-3b57-484c-aa98-eeb9bc07b4e0: installSnapshot onError, lastRequest: 0200e9fc-e606-40f3-99f6-f4679a9f9c17->a0be1567-3b57-484c-aa98-eeb9bc07b4e0#3-t1, previous=(t:1, i:0), leaderCommit=0, initializing? false, entries: <empty>: org.apache.ratis.thirdparty.io.grpc.StatusRuntimeException: CANCELLED: cancelled before receiving half close
2019-10-11 04:44:16,958 [grpc-default-executor-30] INFO  impl.FollowerInfo (FollowerInfo.java:lambda$new$0(51)) - 279ed7c7-79fc-45b0-972c-b02df9246810@group-F6D21F3B4CB1->a0be1567-3b57-484c-aa98-eeb9bc07b4e0: nextIndex: updateUnconditionally 1 -> 0
2019-10-11 04:44:16,958 [grpc-default-executor-24] WARN  server.GrpcLogAppender (LogUtils.java:warn(134)) - 0200e9fc-e606-40f3-99f6-f4679a9f9c17@group-139FC92BB680->a0be1567-3b57-484c-aa98-eeb9bc07b4e0-AppendLogResponseHandler: Failed appendEntries: org.apache.ratis.thirdparty.io.grpc.StatusRuntimeException: CANCELLED: HTTP/2 error code: CANCEL
Received Rst Stream
2019-10-11 04:44:16,958 [grpc-default-executor-31] WARN  server.GrpcLogAppender (LogUtils.java:warn(134)) - 0200e9fc-e606-40f3-99f6-f4679a9f9c17@group-CC3CFD0FB125->a0be1567-3b57-484c-aa98-eeb9bc07b4e0-AppendLogResponseHandler: Failed appendEntries: org.apache.ratis.thirdparty.io.grpc.StatusRuntimeException: CANCELLED: HTTP/2 error code: CANCEL
Received Rst Stream
2019-10-11 04:44:16,958 [grpc-default-executor-27] WARN  server.GrpcLogAppender (LogUtils.java:warn(134)) - 0200e9fc-e606-40f3-99f6-f4679a9f9c17@group-C9E2B5B3B0C9->a0be1567-3b57-484c-aa98-eeb9bc07b4e0-AppendLogResponseHandler: Failed appendEntries: org.apache.ratis.thirdparty.io.grpc.StatusRuntimeException: CANCELLED: HTTP/2 error code: CANCEL
Received Rst Stream
2019-10-11 04:44:16,960 [grpc-default-executor-31] INFO  impl.FollowerInfo (FollowerInfo.java:lambda$new$0(51)) - 0200e9fc-e606-40f3-99f6-f4679a9f9c17@group-CC3CFD0FB125->a0be1567-3b57-484c-aa98-eeb9bc07b4e0: nextIndex: updateUnconditionally 1 -> 0
2019-10-11 04:44:16,959 [grpc-default-executor-24] INFO  impl.FollowerInfo (FollowerInfo.java:lambda$new$0(51)) - 0200e9fc-e606-40f3-99f6-f4679a9f9c17@group-139FC92BB680->a0be1567-3b57-484c-aa98-eeb9bc07b4e0: nextIndex: updateUnconditionally 1 -> 0
2019-10-11 04:44:16,960 [grpc-default-executor-27] INFO  impl.FollowerInfo (FollowerInfo.java:lambda$new$0(51)) - 0200e9fc-e606-40f3-99f6-f4679a9f9c17@group-C9E2B5B3B0C9->a0be1567-3b57-484c-aa98-eeb9bc07b4e0: nextIndex: updateUnconditionally 7 -> 6
2019-10-11 04:44:16,963 [refreshUsed-/workdir/hadoop-ozone/integration-test/target/test-dir/MiniOzoneClusterImpl-b44bfc70-173c-43e3-9456-d6fc7d130422/datanode-4/data/containers] WARN  fs.CachingGetSpaceUsed (CachingGetSpaceUsed.java:run(183)) - Thread Interrupted waiting to refresh disk information: sleep interrupted
2019-10-11 04:44:16,977 [ForkJoinPool.commonPool-worker-0] INFO  utils.BackgroundService (BackgroundService.java:shutdown(148)) - Shutting down service BlockDeletingService
2019-10-11 04:44:16,987 [ForkJoinPool.commonPool-worker-0] INFO  statemachine.DatanodeStateMachine (DatanodeStateMachine.java:stopDaemon(395)) - Ozone container server stopped.
2019-10-11 04:44:16,996 [ForkJoinPool.commonPool-worker-0] INFO  handler.ContextHandler (ContextHandler.java:doStop(910)) - Stopped o.e.j.w.WebAppContext@7019d619{/,null,UNAVAILABLE}{/hddsDatanode}
2019-10-11 04:44:16,996 [ForkJoinPool.commonPool-worker-0] INFO  server.AbstractConnector (AbstractConnector.java:doStop(318)) - Stopped ServerConnector@2a5c6b76{HTTP/1.1,[http/1.1]}{0.0.0.0:0}
2019-10-11 04:44:16,998 [ForkJoinPool.commonPool-worker-0] INFO  handler.ContextHandler (ContextHandler.java:doStop(910)) - Stopped o.e.j.s.ServletContextHandler@740c4868{/static,jar:file:/home/user/.m2/repository/org/apache/hadoop/hadoop-hdds-container-service/0.5.0-SNAPSHOT/hadoop-hdds-container-service-0.5.0-SNAPSHOT.jar!/webapps/static,UNAVAILABLE}
2019-10-11 04:44:17,000 [ForkJoinPool.commonPool-worker-0] INFO  handler.ContextHandler (ContextHandler.java:doStop(910)) - Stopped o.e.j.s.ServletContextHandler@4070ace9{/logs,file:///workdir/hadoop-ozone/integration-test/target/log,UNAVAILABLE}
2019-10-11 04:44:17,004 [main] INFO  utils.BackgroundService (BackgroundService.java:shutdown(148)) - Shutting down service BlockDeletingService
2019-10-11 04:44:17,010 [main] INFO  statemachine.DatanodeStateMachine (DatanodeStateMachine.java:stopDaemon(395)) - Ozone container server stopped.
2019-10-11 04:44:17,011 [main] INFO  handler.ContextHandler (ContextHandler.java:doStop(910)) - Stopped o.e.j.w.WebAppContext@55061418{/,null,UNAVAILABLE}{/hddsDatanode}
2019-10-11 04:44:17,012 [main] INFO  server.AbstractConnector (AbstractConnector.java:doStop(318)) - Stopped ServerConnector@27db45f{HTTP/1.1,[http/1.1]}{0.0.0.0:0}
2019-10-11 04:44:17,012 [main] INFO  handler.ContextHandler (ContextHandler.java:doStop(910)) - Stopped o.e.j.s.ServletContextHandler@258a8584{/static,jar:file:/home/user/.m2/repository/org/apache/hadoop/hadoop-hdds-container-service/0.5.0-SNAPSHOT/hadoop-hdds-container-service-0.5.0-SNAPSHOT.jar!/webapps/static,UNAVAILABLE}
2019-10-11 04:44:17,012 [main] INFO  handler.ContextHandler (ContextHandler.java:doStop(910)) - Stopped o.e.j.s.ServletContextHandler@280484c7{/logs,file:///workdir/hadoop-ozone/integration-test/target/log,UNAVAILABLE}
2019-10-11 04:44:17,043 [grpc-default-executor-24] WARN  server.GrpcLogAppender (LogUtils.java:warn(134)) - 0200e9fc-e606-40f3-99f6-f4679a9f9c17@group-139FC92BB680->a0be1567-3b57-484c-aa98-eeb9bc07b4e0-AppendLogResponseHandler: Failed appendEntries: org.apache.ratis.thirdparty.io.grpc.StatusRuntimeException: UNAVAILABLE: io exception
2019-10-11 04:44:17,043 [grpc-default-executor-24] INFO  impl.FollowerInfo (FollowerInfo.java:lambda$new$0(51)) - 0200e9fc-e606-40f3-99f6-f4679a9f9c17@group-139FC92BB680->a0be1567-3b57-484c-aa98-eeb9bc07b4e0: nextIndex: updateUnconditionally 0 -> 0
2019-10-11 04:44:17,044 [grpc-default-executor-31] WARN  server.GrpcLogAppender (LogUtils.java:warn(134)) - 243cd881-e4dd-41a2-ae09-8719fa6746fb@group-B858FA317E63->34f4c72f-caa0-4a31-bd94-9bdddef36627-AppendLogResponseHandler: Failed appendEntries: org.apache.ratis.thirdparty.io.grpc.StatusRuntimeException: UNAVAILABLE: io exception
2019-10-11 04:44:17,044 [grpc-default-executor-31] INFO  impl.FollowerInfo (FollowerInfo.java:lambda$new$0(51)) - 243cd881-e4dd-41a2-ae09-8719fa6746fb@group-B858FA317E63->34f4c72f-caa0-4a31-bd94-9bdddef36627: nextIndex: updateUnconditionally 6 -> 5
2019-10-11 04:44:17,738 [Datanode State Machine Thread - 0] INFO  statemachine.DatanodeStateMachine (DatanodeStateMachine.java:lambda$startDaemon$0(350)) - Ozone container server started.
2019-10-11 04:44:17,809 [Datanode State Machine Thread - 0] INFO  statemachine.DatanodeStateMachine (DatanodeStateMachine.java:lambda$startDaemon$0(350)) - Ozone container server started.
2019-10-11 04:44:18,458 [grpc-default-executor-27] WARN  server.GrpcLogAppender (LogUtils.java:warn(134)) - 243cd881-e4dd-41a2-ae09-8719fa6746fb@group-B858FA317E63->34f4c72f-caa0-4a31-bd94-9bdddef36627-AppendLogResponseHandler: Failed appendEntries: org.apache.ratis.thirdparty.io.grpc.StatusRuntimeException: UNAVAILABLE: io exception
2019-10-11 04:44:18,459 [grpc-default-executor-27] INFO  impl.FollowerInfo (FollowerInfo.java:lambda$new$0(51)) - 243cd881-e4dd-41a2-ae09-8719fa6746fb@group-B858FA317E63->34f4c72f-caa0-4a31-bd94-9bdddef36627: nextIndex: updateUnconditionally 6 -> 5
2019-10-11 04:44:18,471 [grpc-default-executor-24] WARN  server.GrpcLogAppender (LogUtils.java:warn(134)) - 243cd881-e4dd-41a2-ae09-8719fa6746fb@group-B858FA317E63->34f4c72f-caa0-4a31-bd94-9bdddef36627-AppendLogResponseHandler: Failed appendEntries: org.apache.ratis.thirdparty.io.grpc.StatusRuntimeException: UNAVAILABLE: io exception
2019-10-11 04:44:18,471 [grpc-default-executor-24] INFO  impl.FollowerInfo (FollowerInfo.java:lambda$new$0(51)) - 243cd881-e4dd-41a2-ae09-8719fa6746fb@group-B858FA317E63->34f4c72f-caa0-4a31-bd94-9bdddef36627: nextIndex: updateUnconditionally 6 -> 5
2019-10-11 04:44:18,482 [RatisApplyTransactionExecutor 1] INFO  interfaces.Container (KeyValueContainer.java:flushAndSyncDB(386)) - Container 1 is synced with bcsId 4.
2019-10-11 04:44:18,482 [RatisApplyTransactionExecutor 1] INFO  interfaces.Container (KeyValueContainer.java:flushAndSyncDB(386)) - Container 1 is synced with bcsId 4.
2019-10-11 04:44:18,483 [grpc-default-executor-24] WARN  server.GrpcLogAppender (LogUtils.java:warn(134)) - 243cd881-e4dd-41a2-ae09-8719fa6746fb@group-B858FA317E63->34f4c72f-caa0-4a31-bd94-9bdddef36627-AppendLogResponseHandler: Failed appendEntries: org.apache.ratis.thirdparty.io.grpc.StatusRuntimeException: UNAVAILABLE: io exception
2019-10-11 04:44:18,483 [grpc-default-executor-24] INFO  impl.FollowerInfo (FollowerInfo.java:lambda$new$0(51)) - 243cd881-e4dd-41a2-ae09-8719fa6746fb@group-B858FA317E63->34f4c72f-caa0-4a31-bd94-9bdddef36627: nextIndex: updateUnconditionally 6 -> 5
2019-10-11 04:44:18,496 [RatisApplyTransactionExecutor 1] INFO  interfaces.Container (KeyValueContainer.java:close(335)) - Container 1 is closed with bcsId 4.
2019-10-11 04:44:18,497 [EventQueue-IncrementalContainerReportForIncrementalContainerReportHandler] INFO  container.IncrementalContainerReportHandler (AbstractContainerReportHandler.java:updateContainerState(176)) - Moving container #1 to CLOSED state, datanode 243cd881-e4dd-41a2-ae09-8719fa6746fb{ip: 192.168.157.200, host: pr-hdds-1569-qjnzd-3726989565, networkLocation: /default-rack, certSerialId: null} reported CLOSED replica.
2019-10-11 04:44:18,509 [RatisApplyTransactionExecutor 1] INFO  interfaces.Container (KeyValueContainer.java:flushAndSyncDB(386)) - Container 1 is synced with bcsId 4.
2019-10-11 04:44:18,509 [RatisApplyTransactionExecutor 1] INFO  interfaces.Container (KeyValueContainer.java:flushAndSyncDB(386)) - Container 1 is synced with bcsId 4.
2019-10-11 04:44:18,523 [RatisApplyTransactionExecutor 1] INFO  interfaces.Container (KeyValueContainer.java:close(335)) - Container 1 is closed with bcsId 4.
2019-10-11 04:44:19,018 [grpc-default-executor-24] WARN  server.GrpcLogAppender (LogUtils.java:warn(134)) - 243cd881-e4dd-41a2-ae09-8719fa6746fb@group-D53E185946D1->34f4c72f-caa0-4a31-bd94-9bdddef36627-AppendLogResponseHandler: Failed appendEntries: org.apache.ratis.thirdparty.io.grpc.StatusRuntimeException: UNAVAILABLE: io exception
2019-10-11 04:44:19,018 [grpc-default-executor-24] INFO  impl.FollowerInfo (FollowerInfo.java:lambda$new$0(51)) - 243cd881-e4dd-41a2-ae09-8719fa6746fb@group-D53E185946D1->34f4c72f-caa0-4a31-bd94-9bdddef36627: nextIndex: updateUnconditionally 0 -> 0
2019-10-11 04:44:19,119 [grpc-default-executor-27] WARN  server.GrpcLogAppender (LogUtils.java:warn(134)) - 0200e9fc-e606-40f3-99f6-f4679a9f9c17@group-CC3CFD0FB125->a0be1567-3b57-484c-aa98-eeb9bc07b4e0-AppendLogResponseHandler: Failed appendEntries: org.apache.ratis.thirdparty.io.grpc.StatusRuntimeException: UNAVAILABLE: io exception
2019-10-11 04:44:19,119 [grpc-default-executor-27] INFO  impl.FollowerInfo (FollowerInfo.java:lambda$new$0(51)) - 0200e9fc-e606-40f3-99f6-f4679a9f9c17@group-CC3CFD0FB125->a0be1567-3b57-484c-aa98-eeb9bc07b4e0: nextIndex: updateUnconditionally 0 -> 0
2019-10-11 04:44:19,295 [grpc-default-executor-24] WARN  server.GrpcLogAppender (LogUtils.java:warn(134)) - 279ed7c7-79fc-45b0-972c-b02df9246810@group-F6D21F3B4CB1->a0be1567-3b57-484c-aa98-eeb9bc07b4e0-AppendLogResponseHandler: Failed appendEntries: org.apache.ratis.thirdparty.io.grpc.StatusRuntimeException: UNAVAILABLE: io exception
2019-10-11 04:44:19,295 [grpc-default-executor-31] WARN  server.GrpcLogAppender (LogUtils.java:warn(134)) - 0200e9fc-e606-40f3-99f6-f4679a9f9c17@group-C9E2B5B3B0C9->a0be1567-3b57-484c-aa98-eeb9bc07b4e0-AppendLogResponseHandler: Failed appendEntries: org.apache.ratis.thirdparty.io.grpc.StatusRuntimeException: UNAVAILABLE: io exception
2019-10-11 04:44:19,295 [grpc-default-executor-24] INFO  impl.FollowerInfo (FollowerInfo.java:lambda$new$0(51)) - 279ed7c7-79fc-45b0-972c-b02df9246810@group-F6D21F3B4CB1->a0be1567-3b57-484c-aa98-eeb9bc07b4e0: nextIndex: updateUnconditionally 0 -> 0
2019-10-11 04:44:19,295 [grpc-default-executor-31] INFO  impl.FollowerInfo (FollowerInfo.java:lambda$new$0(51)) - 0200e9fc-e606-40f3-99f6-f4679a9f9c17@group-C9E2B5B3B0C9->a0be1567-3b57-484c-aa98-eeb9bc07b4e0: nextIndex: updateUnconditionally 6 -> 5
2019-10-11 04:44:19,545 [grpc-default-executor-24] WARN  server.GrpcLogAppender (LogUtils.java:warn(134)) - 0200e9fc-e606-40f3-99f6-f4679a9f9c17@group-139FC92BB680->a0be1567-3b57-484c-aa98-eeb9bc07b4e0-AppendLogResponseHandler: Failed appendEntries: org.apache.ratis.thirdparty.io.grpc.StatusRuntimeException: UNAVAILABLE: io exception
2019-10-11 04:44:19,545 [grpc-default-executor-24] INFO  impl.FollowerInfo (FollowerInfo.java:lambda$new$0(51)) - 0200e9fc-e606-40f3-99f6-f4679a9f9c17@group-139FC92BB680->a0be1567-3b57-484c-aa98-eeb9bc07b4e0: nextIndex: updateUnconditionally 0 -> 0
2019-10-11 04:44:20,984 [grpc-default-executor-19] WARN  server.GrpcLogAppender (LogUtils.java:warn(134)) - 243cd881-e4dd-41a2-ae09-8719fa6746fb@group-B858FA317E63->34f4c72f-caa0-4a31-bd94-9bdddef36627-AppendLogResponseHandler: Failed appendEntries: org.apache.ratis.thirdparty.io.grpc.StatusRuntimeException: UNAVAILABLE: io exception
2019-10-11 04:44:20,985 [grpc-default-executor-19] INFO  impl.FollowerInfo (FollowerInfo.java:lambda$new$0(51)) - 243cd881-e4dd-41a2-ae09-8719fa6746fb@group-B858FA317E63->34f4c72f-caa0-4a31-bd94-9bdddef36627: nextIndex: updateUnconditionally 5 -> 4
2019-10-11 04:44:21,518 [grpc-default-executor-19] WARN  server.GrpcLogAppender (LogUtils.java:warn(134)) - 243cd881-e4dd-41a2-ae09-8719fa6746fb@group-D53E185946D1->34f4c72f-caa0-4a31-bd94-9bdddef36627-AppendLogResponseHandler: Failed appendEntries: org.apache.ratis.thirdparty.io.grpc.StatusRuntimeException: UNAVAILABLE: io exception
2019-10-11 04:44:21,519 [grpc-default-executor-19] INFO  impl.FollowerInfo (FollowerInfo.java:lambda$new$0(51)) - 243cd881-e4dd-41a2-ae09-8719fa6746fb@group-D53E185946D1->34f4c72f-caa0-4a31-bd94-9bdddef36627: nextIndex: updateUnconditionally 0 -> 0
2019-10-11 04:44:21,619 [grpc-default-executor-19] WARN  server.GrpcLogAppender (LogUtils.java:warn(134)) - 0200e9fc-e606-40f3-99f6-f4679a9f9c17@group-CC3CFD0FB125->a0be1567-3b57-484c-aa98-eeb9bc07b4e0-AppendLogResponseHandler: Failed appendEntries: org.apache.ratis.thirdparty.io.grpc.StatusRuntimeException: UNAVAILABLE: io exception
2019-10-11 04:44:21,620 [grpc-default-executor-19] INFO  impl.FollowerInfo (FollowerInfo.java:lambda$new$0(51)) - 0200e9fc-e606-40f3-99f6-f4679a9f9c17@group-CC3CFD0FB125->a0be1567-3b57-484c-aa98-eeb9bc07b4e0: nextIndex: updateUnconditionally 0 -> 0
2019-10-11 04:44:21,795 [grpc-default-executor-31] WARN  server.GrpcLogAppender (LogUtils.java:warn(134)) - 0200e9fc-e606-40f3-99f6-f4679a9f9c17@group-C9E2B5B3B0C9->a0be1567-3b57-484c-aa98-eeb9bc07b4e0-AppendLogResponseHandler: Failed appendEntries: org.apache.ratis.thirdparty.io.grpc.StatusRuntimeException: UNAVAILABLE: io exception
2019-10-11 04:44:21,795 [grpc-default-executor-27] WARN  server.GrpcLogAppender (LogUtils.java:warn(134)) - 279ed7c7-79fc-45b0-972c-b02df9246810@group-F6D21F3B4CB1->a0be1567-3b57-484c-aa98-eeb9bc07b4e0-AppendLogResponseHandler: Failed appendEntries: org.apache.ratis.thirdparty.io.grpc.StatusRuntimeException: UNAVAILABLE: io exception
2019-10-11 04:44:21,795 [grpc-default-executor-31] INFO  impl.FollowerInfo (FollowerInfo.java:lambda$new$0(51)) - 0200e9fc-e606-40f3-99f6-f4679a9f9c17@group-C9E2B5B3B0C9->a0be1567-3b57-484c-aa98-eeb9bc07b4e0: nextIndex: updateUnconditionally 5 -> 4
2019-10-11 04:44:21,796 [grpc-default-executor-27] INFO  impl.FollowerInfo (FollowerInfo.java:lambda$new$0(51)) - 279ed7c7-79fc-45b0-972c-b02df9246810@group-F6D21F3B4CB1->a0be1567-3b57-484c-aa98-eeb9bc07b4e0: nextIndex: updateUnconditionally 0 -> 0
2019-10-11 04:44:21,800 [EventQueue-StaleNodeForStaleNodeHandler] INFO  node.StaleNodeHandler (StaleNodeHandler.java:onMessage(58)) - Datanode 0200e9fc-e606-40f3-99f6-f4679a9f9c17{ip: 192.168.157.200, host: pr-hdds-1569-qjnzd-3726989565, networkLocation: /default-rack, certSerialId: null} moved to stale state. Finalizing its pipelines [PipelineID=17c57d47-216e-4fbb-bc9b-b858fa317e63, PipelineID=bc8c6126-9840-4ee1-86ce-dae4c164d582, PipelineID=f5e97734-7dae-41bb-bc48-c9e2b5b3b0c9, PipelineID=bec7fd5d-fffa-4f95-ad78-139fc92bb680, PipelineID=2c2f4422-afae-4d77-bc90-51fdfa9d3d5e, PipelineID=7f8a96a0-940c-42af-ba65-cc3cfd0fb125, PipelineID=a99de9ad-da11-4d19-8b0e-f6d21f3b4cb1, PipelineID=e5d6f506-a891-4755-bfdd-d53e185946d1]
2019-10-11 04:44:21,801 [EventQueue-StaleNodeForStaleNodeHandler] INFO  pipeline.SCMPipelineManager (SCMPipelineManager.java:finalizeAndDestroyPipeline(342)) - destroying pipeline:Pipeline[ Id: 17c57d47-216e-4fbb-bc9b-b858fa317e63, Nodes: 243cd881-e4dd-41a2-ae09-8719fa6746fb{ip: 192.168.157.200, host: pr-hdds-1569-qjnzd-3726989565, networkLocation: /default-rack, certSerialId: null}34f4c72f-caa0-4a31-bd94-9bdddef36627{ip: 192.168.157.200, host: pr-hdds-1569-qjnzd-3726989565, networkLocation: /default-rack, certSerialId: null}0200e9fc-e606-40f3-99f6-f4679a9f9c17{ip: 192.168.157.200, host: pr-hdds-1569-qjnzd-3726989565, networkLocation: /default-rack, certSerialId: null}, Type:RATIS, Factor:THREE, State:CLOSED]
2019-10-11 04:44:21,801 [EventQueue-StaleNodeForStaleNodeHandler] INFO  pipeline.SCMPipelineManager (SCMPipelineManager.java:finalizeAndDestroyPipeline(342)) - destroying pipeline:Pipeline[ Id: bc8c6126-9840-4ee1-86ce-dae4c164d582, Nodes: 34f4c72f-caa0-4a31-bd94-9bdddef36627{ip: 192.168.157.200, host: pr-hdds-1569-qjnzd-3726989565, networkLocation: /default-rack, certSerialId: null}0200e9fc-e606-40f3-99f6-f4679a9f9c17{ip: 192.168.157.200, host: pr-hdds-1569-qjnzd-3726989565, networkLocation: /default-rack, certSerialId: null}a0be1567-3b57-484c-aa98-eeb9bc07b4e0{ip: 192.168.157.200, host: pr-hdds-1569-qjnzd-3726989565, networkLocation: /default-rack, certSerialId: null}, Type:RATIS, Factor:THREE, State:CLOSED]
2019-10-11 04:44:21,802 [EventQueue-StaleNodeForStaleNodeHandler] INFO  pipeline.SCMPipelineManager (SCMPipelineManager.java:finalizeAndDestroyPipeline(342)) - destroying pipeline:Pipeline[ Id: f5e97734-7dae-41bb-bc48-c9e2b5b3b0c9, Nodes: a0be1567-3b57-484c-aa98-eeb9bc07b4e0{ip: 192.168.157.200, host: pr-hdds-1569-qjnzd-3726989565, networkLocation: /default-rack, certSerialId: null}279ed7c7-79fc-45b0-972c-b02df9246810{ip: 192.168.157.200, host: pr-hdds-1569-qjnzd-3726989565, networkLocation: /default-rack, certSerialId: null}0200e9fc-e606-40f3-99f6-f4679a9f9c17{ip: 192.168.157.200, host: pr-hdds-1569-qjnzd-3726989565, networkLocation: /default-rack, certSerialId: null}, Type:RATIS, Factor:THREE, State:CLOSED]
2019-10-11 04:44:21,802 [EventQueue-StaleNodeForStaleNodeHandler] INFO  pipeline.SCMPipelineManager (SCMPipelineManager.java:finalizeAndDestroyPipeline(342)) - destroying pipeline:Pipeline[ Id: bec7fd5d-fffa-4f95-ad78-139fc92bb680, Nodes: a0be1567-3b57-484c-aa98-eeb9bc07b4e0{ip: 192.168.157.200, host: pr-hdds-1569-qjnzd-3726989565, networkLocation: /default-rack, certSerialId: null}0200e9fc-e606-40f3-99f6-f4679a9f9c17{ip: 192.168.157.200, host: pr-hdds-1569-qjnzd-3726989565, networkLocation: /default-rack, certSerialId: null}279ed7c7-79fc-45b0-972c-b02df9246810{ip: 192.168.157.200, host: pr-hdds-1569-qjnzd-3726989565, networkLocation: /default-rack, certSerialId: null}, Type:RATIS, Factor:THREE, State:CLOSED]
2019-10-11 04:44:21,802 [EventQueue-StaleNodeForStaleNodeHandler] INFO  pipeline.SCMPipelineManager (SCMPipelineManager.java:finalizeAndDestroyPipeline(342)) - destroying pipeline:Pipeline[ Id: 2c2f4422-afae-4d77-bc90-51fdfa9d3d5e, Nodes: 0200e9fc-e606-40f3-99f6-f4679a9f9c17{ip: 192.168.157.200, host: pr-hdds-1569-qjnzd-3726989565, networkLocation: /default-rack, certSerialId: null}, Type:RATIS, Factor:ONE, State:OPEN]
2019-10-11 04:44:21,802 [EventQueue-StaleNodeForStaleNodeHandler] INFO  pipeline.PipelineStateManager (PipelineStateManager.java:finalizePipeline(123)) - Pipeline Pipeline[ Id: 2c2f4422-afae-4d77-bc90-51fdfa9d3d5e, Nodes: 0200e9fc-e606-40f3-99f6-f4679a9f9c17{ip: 192.168.157.200, host: pr-hdds-1569-qjnzd-3726989565, networkLocation: /default-rack, certSerialId: null}, Type:RATIS, Factor:ONE, State:CLOSED] moved to CLOSED state
2019-10-11 04:44:21,802 [EventQueue-StaleNodeForStaleNodeHandler] INFO  pipeline.SCMPipelineManager (SCMPipelineManager.java:finalizeAndDestroyPipeline(342)) - destroying pipeline:Pipeline[ Id: 7f8a96a0-940c-42af-ba65-cc3cfd0fb125, Nodes: 0200e9fc-e606-40f3-99f6-f4679a9f9c17{ip: 192.168.157.200, host: pr-hdds-1569-qjnzd-3726989565, networkLocation: /default-rack, certSerialId: null}279ed7c7-79fc-45b0-972c-b02df9246810{ip: 192.168.157.200, host: pr-hdds-1569-qjnzd-3726989565, networkLocation: /default-rack, certSerialId: null}a0be1567-3b57-484c-aa98-eeb9bc07b4e0{ip: 192.168.157.200, host: pr-hdds-1569-qjnzd-3726989565, networkLocation: /default-rack, certSerialId: null}, Type:RATIS, Factor:THREE, State:CLOSED]
2019-10-11 04:44:21,803 [EventQueue-StaleNodeForStaleNodeHandler] INFO  pipeline.SCMPipelineManager (SCMPipelineManager.java:finalizeAndDestroyPipeline(342)) - destroying pipeline:Pipeline[ Id: a99de9ad-da11-4d19-8b0e-f6d21f3b4cb1, Nodes: a0be1567-3b57-484c-aa98-eeb9bc07b4e0{ip: 192.168.157.200, host: pr-hdds-1569-qjnzd-3726989565, networkLocation: /default-rack, certSerialId: null}279ed7c7-79fc-45b0-972c-b02df9246810{ip: 192.168.157.200, host: pr-hdds-1569-qjnzd-3726989565, networkLocation: /default-rack, certSerialId: null}0200e9fc-e606-40f3-99f6-f4679a9f9c17{ip: 192.168.157.200, host: pr-hdds-1569-qjnzd-3726989565, networkLocation: /default-rack, certSerialId: null}, Type:RATIS, Factor:THREE, State:CLOSED]
2019-10-11 04:44:21,803 [EventQueue-StaleNodeForStaleNodeHandler] INFO  pipeline.SCMPipelineManager (SCMPipelineManager.java:finalizeAndDestroyPipeline(342)) - destroying pipeline:Pipeline[ Id: e5d6f506-a891-4755-bfdd-d53e185946d1, Nodes: 0200e9fc-e606-40f3-99f6-f4679a9f9c17{ip: 192.168.157.200, host: pr-hdds-1569-qjnzd-3726989565, networkLocation: /default-rack, certSerialId: null}243cd881-e4dd-41a2-ae09-8719fa6746fb{ip: 192.168.157.200, host: pr-hdds-1569-qjnzd-3726989565, networkLocation: /default-rack, certSerialId: null}34f4c72f-caa0-4a31-bd94-9bdddef36627{ip: 192.168.157.200, host: pr-hdds-1569-qjnzd-3726989565, networkLocation: /default-rack, certSerialId: null}, Type:RATIS, Factor:THREE, State:CLOSED]
2019-10-11 04:44:21,900 [EventQueue-StaleNodeForStaleNodeHandler] INFO  node.StaleNodeHandler (StaleNodeHandler.java:onMessage(58)) - Datanode 4f2a164e-9e5a-4368-88d1-36917d4d51a4{ip: 192.168.157.200, host: pr-hdds-1569-qjnzd-3726989565, networkLocation: /default-rack, certSerialId: null} moved to stale state. Finalizing its pipelines []
2019-10-11 04:44:22,003 [ForkJoinPool.commonPool-worker-0] INFO  ozoneimpl.OzoneContainer (OzoneContainer.java:stop(231)) - Attempting to stop container services.
2019-10-11 04:44:22,004 [ForkJoinPool.commonPool-worker-0] INFO  impl.RaftServerProxy (RaftServerProxy.java:lambda$close$4(314)) - 0200e9fc-e606-40f3-99f6-f4679a9f9c17: close
2019-10-11 04:44:22,004 [ForkJoinPool.commonPool-worker-0] INFO  impl.RaftServerImpl (RaftServerImpl.java:lambda$shutdown$3(251)) - 0200e9fc-e606-40f3-99f6-f4679a9f9c17@group-B858FA317E63: shutdown
2019-10-11 04:44:22,004 [ForkJoinPool.commonPool-worker-0] INFO  util.JmxRegister (JmxRegister.java:unregister(73)) - Successfully un-registered JMX Bean with object name Ratis:service=RaftServer,group=group-B858FA317E63,id=0200e9fc-e606-40f3-99f6-f4679a9f9c17
2019-10-11 04:44:22,004 [ForkJoinPool.commonPool-worker-0] INFO  impl.RoleInfo (RoleInfo.java:shutdownFollowerState(121)) - 0200e9fc-e606-40f3-99f6-f4679a9f9c17: shutdown FollowerState
2019-10-11 04:44:22,005 [ForkJoinPool.commonPool-worker-0] INFO  impl.StateMachineUpdater (StateMachineUpdater.java:stopAndJoin(125)) - 0200e9fc-e606-40f3-99f6-f4679a9f9c17@group-B858FA317E63-StateMachineUpdater: set stopIndex = 8
2019-10-11 04:44:22,005 [0200e9fc-e606-40f3-99f6-f4679a9f9c17@group-B858FA317E63-StateMachineUpdater] INFO  ratis.ContainerStateMachine (ContainerStateMachine.java:takeSnapshot(289)) - group-B858FA317E63: Taking a snapshot at:(t:1, i:7) file /workdir/hadoop-ozone/integration-test/target/test-dir/MiniOzoneClusterImpl-b44bfc70-173c-43e3-9456-d6fc7d130422/datanode-2/data/ratis/17c57d47-216e-4fbb-bc9b-b858fa317e63/sm/snapshot.1_7
2019-10-11 04:44:22,005 [Thread-6733] INFO  impl.FollowerState (FollowerState.java:run(115)) - 0200e9fc-e606-40f3-99f6-f4679a9f9c17: FollowerState was interrupted: java.lang.InterruptedException: sleep interrupted
2019-10-11 04:44:22,014 [main] INFO  ozoneimpl.OzoneContainer (OzoneContainer.java:stop(231)) - Attempting to stop container services.
2019-10-11 04:44:22,014 [main] INFO  impl.RaftServerProxy (RaftServerProxy.java:lambda$close$4(314)) - 4f2a164e-9e5a-4368-88d1-36917d4d51a4: close
2019-10-11 04:44:22,020 [0200e9fc-e606-40f3-99f6-f4679a9f9c17@group-B858FA317E63-StateMachineUpdater] INFO  ratis.ContainerStateMachine (ContainerStateMachine.java:takeSnapshot(300)) - group-B858FA317E63: Finished taking a snapshot at:(t:1, i:7) file:/workdir/hadoop-ozone/integration-test/target/test-dir/MiniOzoneClusterImpl-b44bfc70-173c-43e3-9456-d6fc7d130422/datanode-2/data/ratis/17c57d47-216e-4fbb-bc9b-b858fa317e63/sm/snapshot.1_7 time:16
2019-10-11 04:44:22,020 [main] INFO  server.GrpcService (GrpcService.java:closeImpl(164)) - 4f2a164e-9e5a-4368-88d1-36917d4d51a4: shutdown server with port 36994 now
2019-10-11 04:44:22,020 [0200e9fc-e606-40f3-99f6-f4679a9f9c17@group-B858FA317E63-StateMachineUpdater] INFO  impl.StateMachineUpdater (StateMachineUpdater.java:takeSnapshot(258)) - 0200e9fc-e606-40f3-99f6-f4679a9f9c17@group-B858FA317E63-StateMachineUpdater: Took a snapshot at index 7
2019-10-11 04:44:22,020 [0200e9fc-e606-40f3-99f6-f4679a9f9c17@group-B858FA317E63-StateMachineUpdater] INFO  impl.StateMachineUpdater (StateMachineUpdater.java:lambda$new$0(83)) - 0200e9fc-e606-40f3-99f6-f4679a9f9c17@group-B858FA317E63-StateMachineUpdater: snapshotIndex: updateIncreasingly -1 -> 7
2019-10-11 04:44:22,021 [main] INFO  server.GrpcService (GrpcService.java:closeImpl(172)) - 4f2a164e-9e5a-4368-88d1-36917d4d51a4: shutdown server with port 36994 successfully
2019-10-11 04:44:22,021 [0200e9fc-e606-40f3-99f6-f4679a9f9c17@group-B858FA317E63-StateMachineUpdater] INFO  ratis.ContainerStateMachine (ContainerStateMachine.java:takeSnapshot(289)) - group-B858FA317E63: Taking a snapshot at:(t:1, i:7) file /workdir/hadoop-ozone/integration-test/target/test-dir/MiniOzoneClusterImpl-b44bfc70-173c-43e3-9456-d6fc7d130422/datanode-2/data/ratis/17c57d47-216e-4fbb-bc9b-b858fa317e63/sm/snapshot.1_7
2019-10-11 04:44:22,023 [refreshUsed-/workdir/hadoop-ozone/integration-test/target/test-dir/MiniOzoneClusterImpl-b44bfc70-173c-43e3-9456-d6fc7d130422/datanode-3/data/containers] WARN  fs.CachingGetSpaceUsed (CachingGetSpaceUsed.java:run(183)) - Thread Interrupted waiting to refresh disk information: sleep interrupted
2019-10-11 04:44:22,023 [0200e9fc-e606-40f3-99f6-f4679a9f9c17@group-B858FA317E63-StateMachineUpdater] INFO  ratis.ContainerStateMachine (ContainerStateMachine.java:takeSnapshot(300)) - group-B858FA317E63: Finished taking a snapshot at:(t:1, i:7) file:/workdir/hadoop-ozone/integration-test/target/test-dir/MiniOzoneClusterImpl-b44bfc70-173c-43e3-9456-d6fc7d130422/datanode-2/data/ratis/17c57d47-216e-4fbb-bc9b-b858fa317e63/sm/snapshot.1_7 time:3
2019-10-11 04:44:22,023 [0200e9fc-e606-40f3-99f6-f4679a9f9c17@group-B858FA317E63-StateMachineUpdater] INFO  impl.StateMachineUpdater (StateMachineUpdater.java:takeSnapshot(258)) - 0200e9fc-e606-40f3-99f6-f4679a9f9c17@group-B858FA317E63-StateMachineUpdater: Took a snapshot at index 7
2019-10-11 04:44:22,024 [0200e9fc-e606-40f3-99f6-f4679a9f9c17@group-B858FA317E63-StateMachineUpdater] INFO  impl.StateMachineUpdater (StateMachineUpdater.java:lambda$new$0(83)) - 0200e9fc-e606-40f3-99f6-f4679a9f9c17@group-B858FA317E63-StateMachineUpdater: snapshotIndex: updateIncreasingly 7 -> 7
2019-10-11 04:44:22,025 [ForkJoinPool.commonPool-worker-0] INFO  impl.RaftServerImpl (ServerState.java:close(385)) - 0200e9fc-e606-40f3-99f6-f4679a9f9c17@group-B858FA317E63: closes. applyIndex: 8
2019-10-11 04:44:22,026 [0200e9fc-e606-40f3-99f6-f4679a9f9c17@group-B858FA317E63-SegmentedRaftLogWorker] INFO  segmented.SegmentedRaftLogWorker (SegmentedRaftLogWorker.java:run(313)) - 0200e9fc-e606-40f3-99f6-f4679a9f9c17@group-B858FA317E63-SegmentedRaftLogWorker was interrupted, exiting. There are 0 tasks remaining in the queue.
2019-10-11 04:44:22,026 [ForkJoinPool.commonPool-worker-0] INFO  segmented.SegmentedRaftLogWorker (SegmentedRaftLogWorker.java:close(228)) - 0200e9fc-e606-40f3-99f6-f4679a9f9c17@group-B858FA317E63-SegmentedRaftLogWorker close()
2019-10-11 04:44:22,028 [ForkJoinPool.commonPool-worker-0] INFO  impl.RaftServerImpl (RaftServerImpl.java:lambda$shutdown$3(251)) - 0200e9fc-e606-40f3-99f6-f4679a9f9c17@group-DAE4C164D582: shutdown
2019-10-11 04:44:22,029 [ForkJoinPool.commonPool-worker-0] INFO  util.JmxRegister (JmxRegister.java:unregister(73)) - Successfully un-registered JMX Bean with object name Ratis:service=RaftServer,group=group-DAE4C164D582,id=0200e9fc-e606-40f3-99f6-f4679a9f9c17
2019-10-11 04:44:22,029 [ForkJoinPool.commonPool-worker-0] INFO  impl.RoleInfo (RoleInfo.java:shutdownFollowerState(121)) - 0200e9fc-e606-40f3-99f6-f4679a9f9c17: shutdown FollowerState
2019-10-11 04:44:22,029 [ForkJoinPool.commonPool-worker-0] INFO  impl.StateMachineUpdater (StateMachineUpdater.java:stopAndJoin(125)) - 0200e9fc-e606-40f3-99f6-f4679a9f9c17@group-DAE4C164D582-StateMachineUpdater: set stopIndex = 0
2019-10-11 04:44:22,029 [Thread-6754] INFO  impl.FollowerState (FollowerState.java:run(115)) - 0200e9fc-e606-40f3-99f6-f4679a9f9c17: FollowerState was interrupted: java.lang.InterruptedException: sleep interrupted
2019-10-11 04:44:22,029 [ForkJoinPool.commonPool-worker-0] INFO  impl.RaftServerImpl (ServerState.java:close(385)) - 0200e9fc-e606-40f3-99f6-f4679a9f9c17@group-DAE4C164D582: closes. applyIndex: 0
2019-10-11 04:44:22,029 [0200e9fc-e606-40f3-99f6-f4679a9f9c17@group-DAE4C164D582-SegmentedRaftLogWorker] INFO  segmented.SegmentedRaftLogWorker (SegmentedRaftLogWorker.java:run(313)) - 0200e9fc-e606-40f3-99f6-f4679a9f9c17@group-DAE4C164D582-SegmentedRaftLogWorker was interrupted, exiting. There are 0 tasks remaining in the queue.
2019-10-11 04:44:22,030 [ForkJoinPool.commonPool-worker-0] INFO  segmented.SegmentedRaftLogWorker (SegmentedRaftLogWorker.java:close(228)) - 0200e9fc-e606-40f3-99f6-f4679a9f9c17@group-DAE4C164D582-SegmentedRaftLogWorker close()
2019-10-11 04:44:22,031 [ForkJoinPool.commonPool-worker-0] INFO  impl.RaftServerImpl (RaftServerImpl.java:lambda$shutdown$3(251)) - 0200e9fc-e606-40f3-99f6-f4679a9f9c17@group-C9E2B5B3B0C9: shutdown
2019-10-11 04:44:22,032 [ForkJoinPool.commonPool-worker-0] INFO  util.JmxRegister (JmxRegister.java:unregister(73)) - Successfully un-registered JMX Bean with object name Ratis:service=RaftServer,group=group-C9E2B5B3B0C9,id=0200e9fc-e606-40f3-99f6-f4679a9f9c17
2019-10-11 04:44:22,032 [ForkJoinPool.commonPool-worker-0] INFO  impl.RoleInfo (RoleInfo.java:shutdownLeaderState(104)) - 0200e9fc-e606-40f3-99f6-f4679a9f9c17: shutdown LeaderState
2019-10-11 04:44:22,032 [ForkJoinPool.commonPool-worker-0] INFO  impl.PendingRequests (PendingRequests.java:sendNotLeaderResponses(202)) - 0200e9fc-e606-40f3-99f6-f4679a9f9c17-PendingRequests: sendNotLeaderResponses
2019-10-11 04:44:22,032 [org.apache.ratis.server.impl.LogAppender$AppenderDaemon$$Lambda$504/1846240928@2853a922] WARN  server.GrpcLogAppender (GrpcLogAppender.java:mayWait(143)) - 0200e9fc-e606-40f3-99f6-f4679a9f9c17@group-C9E2B5B3B0C9->a0be1567-3b57-484c-aa98-eeb9bc07b4e0-GrpcLogAppender: Wait interrupted by java.lang.InterruptedException
2019-10-11 04:44:22,032 [org.apache.ratis.server.impl.LogAppender$AppenderDaemon$$Lambda$504/1846240928@71261d9d] WARN  server.GrpcLogAppender (GrpcLogAppender.java:mayWait(143)) - 0200e9fc-e606-40f3-99f6-f4679a9f9c17@group-C9E2B5B3B0C9->279ed7c7-79fc-45b0-972c-b02df9246810-GrpcLogAppender: Wait interrupted by java.lang.InterruptedException
2019-10-11 04:44:22,039 [ForkJoinPool.commonPool-worker-0] INFO  impl.StateMachineUpdater (StateMachineUpdater.java:stopAndJoin(125)) - 0200e9fc-e606-40f3-99f6-f4679a9f9c17@group-C9E2B5B3B0C9-StateMachineUpdater: set stopIndex = 6
2019-10-11 04:44:22,039 [0200e9fc-e606-40f3-99f6-f4679a9f9c17@group-C9E2B5B3B0C9-StateMachineUpdater] INFO  ratis.ContainerStateMachine (ContainerStateMachine.java:takeSnapshot(289)) - group-C9E2B5B3B0C9: Taking a snapshot at:(t:1, i:6) file /workdir/hadoop-ozone/integration-test/target/test-dir/MiniOzoneClusterImpl-b44bfc70-173c-43e3-9456-d6fc7d130422/datanode-2/data/ratis/f5e97734-7dae-41bb-bc48-c9e2b5b3b0c9/sm/snapshot.1_6
2019-10-11 04:44:22,039 [grpc-default-executor-27] INFO  server.GrpcServerProtocolService (GrpcServerProtocolService.java:onCompleted(113)) - 279ed7c7-79fc-45b0-972c-b02df9246810: Completed APPEND_ENTRIES, lastRequest: 0200e9fc-e606-40f3-99f6-f4679a9f9c17->279ed7c7-79fc-45b0-972c-b02df9246810#11-t1, previous=(t:1, i:6), leaderCommit=6, initializing? false, entries: <empty>
2019-10-11 04:44:22,040 [grpc-default-executor-27] INFO  server.GrpcLogAppender (GrpcLogAppender.java:onCompleted(293)) - 0200e9fc-e606-40f3-99f6-f4679a9f9c17@group-C9E2B5B3B0C9->279ed7c7-79fc-45b0-972c-b02df9246810-AppendLogResponseHandler: follower responses appendEntries COMPLETED
2019-10-11 04:44:22,041 [grpc-default-executor-27] INFO  impl.FollowerInfo (FollowerInfo.java:lambda$new$0(51)) - 0200e9fc-e606-40f3-99f6-f4679a9f9c17@group-C9E2B5B3B0C9->279ed7c7-79fc-45b0-972c-b02df9246810: nextIndex: updateUnconditionally 7 -> 6
2019-10-11 04:44:22,041 [grpc-default-executor-31] WARN  server.GrpcLogAppender (LogUtils.java:warn(134)) - 0200e9fc-e606-40f3-99f6-f4679a9f9c17@group-CC3CFD0FB125->279ed7c7-79fc-45b0-972c-b02df9246810-AppendLogResponseHandler: Failed appendEntries: org.apache.ratis.thirdparty.io.grpc.StatusRuntimeException: UNAVAILABLE: Channel shutdownNow invoked
2019-10-11 04:44:22,041 [grpc-default-executor-24] WARN  server.GrpcLogAppender (LogUtils.java:warn(134)) - 0200e9fc-e606-40f3-99f6-f4679a9f9c17@group-139FC92BB680->279ed7c7-79fc-45b0-972c-b02df9246810-AppendLogResponseHandler: Failed appendEntries: org.apache.ratis.thirdparty.io.grpc.StatusRuntimeException: UNAVAILABLE: Channel shutdownNow invoked
2019-10-11 04:44:22,041 [grpc-default-executor-31] INFO  impl.FollowerInfo (FollowerInfo.java:lambda$new$0(51)) - 0200e9fc-e606-40f3-99f6-f4679a9f9c17@group-CC3CFD0FB125->279ed7c7-79fc-45b0-972c-b02df9246810: nextIndex: updateUnconditionally 1 -> 0
2019-10-11 04:44:22,041 [grpc-default-executor-19] WARN  server.GrpcServerProtocolService (LogUtils.java:warn(134)) - 279ed7c7-79fc-45b0-972c-b02df9246810: installSnapshot onError, lastRequest: 0200e9fc-e606-40f3-99f6-f4679a9f9c17->279ed7c7-79fc-45b0-972c-b02df9246810#6-t1, previous=(t:1, i:0), leaderCommit=0, initializing? false, entries: <empty>: org.apache.ratis.thirdparty.io.grpc.StatusRuntimeException: CANCELLED: cancelled before receiving half close
2019-10-11 04:44:22,041 [grpc-default-executor-27] WARN  server.GrpcServerProtocolService (LogUtils.java:warn(134)) - 279ed7c7-79fc-45b0-972c-b02df9246810: installSnapshot onError, lastRequest: 0200e9fc-e606-40f3-99f6-f4679a9f9c17->279ed7c7-79fc-45b0-972c-b02df9246810#5-t1, previous=(t:1, i:0), leaderCommit=0, initializing? false, entries: <empty>: org.apache.ratis.thirdparty.io.grpc.StatusRuntimeException: CANCELLED: cancelled before receiving half close
2019-10-11 04:44:22,041 [grpc-default-executor-24] INFO  impl.FollowerInfo (FollowerInfo.java:lambda$new$0(51)) - 0200e9fc-e606-40f3-99f6-f4679a9f9c17@group-139FC92BB680->279ed7c7-79fc-45b0-972c-b02df9246810: nextIndex: updateUnconditionally 1 -> 0
2019-10-11 04:44:22,042 [0200e9fc-e606-40f3-99f6-f4679a9f9c17@group-C9E2B5B3B0C9-StateMachineUpdater] INFO  ratis.ContainerStateMachine (ContainerStateMachine.java:takeSnapshot(300)) - group-C9E2B5B3B0C9: Finished taking a snapshot at:(t:1, i:6) file:/workdir/hadoop-ozone/integration-test/target/test-dir/MiniOzoneClusterImpl-b44bfc70-173c-43e3-9456-d6fc7d130422/datanode-2/data/ratis/f5e97734-7dae-41bb-bc48-c9e2b5b3b0c9/sm/snapshot.1_6 time:3
2019-10-11 04:44:22,042 [0200e9fc-e606-40f3-99f6-f4679a9f9c17@group-C9E2B5B3B0C9-StateMachineUpdater] INFO  impl.StateMachineUpdater (StateMachineUpdater.java:takeSnapshot(258)) - 0200e9fc-e606-40f3-99f6-f4679a9f9c17@group-C9E2B5B3B0C9-StateMachineUpdater: Took a snapshot at index 6
2019-10-11 04:44:22,042 [0200e9fc-e606-40f3-99f6-f4679a9f9c17@group-C9E2B5B3B0C9-StateMachineUpdater] INFO  impl.StateMachineUpdater (StateMachineUpdater.java:lambda$new$0(83)) - 0200e9fc-e606-40f3-99f6-f4679a9f9c17@group-C9E2B5B3B0C9-StateMachineUpdater: snapshotIndex: updateIncreasingly -1 -> 6
2019-10-11 04:44:22,043 [ForkJoinPool.commonPool-worker-0] INFO  impl.RaftServerImpl (ServerState.java:close(385)) - 0200e9fc-e606-40f3-99f6-f4679a9f9c17@group-C9E2B5B3B0C9: closes. applyIndex: 6
2019-10-11 04:44:22,043 [0200e9fc-e606-40f3-99f6-f4679a9f9c17@group-C9E2B5B3B0C9-SegmentedRaftLogWorker] INFO  segmented.SegmentedRaftLogWorker (SegmentedRaftLogWorker.java:run(313)) - 0200e9fc-e606-40f3-99f6-f4679a9f9c17@group-C9E2B5B3B0C9-SegmentedRaftLogWorker was interrupted, exiting. There are 0 tasks remaining in the queue.
2019-10-11 04:44:22,043 [ForkJoinPool.commonPool-worker-0] INFO  segmented.SegmentedRaftLogWorker (SegmentedRaftLogWorker.java:close(228)) - 0200e9fc-e606-40f3-99f6-f4679a9f9c17@group-C9E2B5B3B0C9-SegmentedRaftLogWorker close()
2019-10-11 04:44:22,046 [ForkJoinPool.commonPool-worker-0] INFO  impl.RaftServerImpl (RaftServerImpl.java:lambda$shutdown$3(251)) - 0200e9fc-e606-40f3-99f6-f4679a9f9c17@group-139FC92BB680: shutdown
2019-10-11 04:44:22,046 [ForkJoinPool.commonPool-worker-0] INFO  util.JmxRegister (JmxRegister.java:unregister(73)) - Successfully un-registered JMX Bean with object name Ratis:service=RaftServer,group=group-139FC92BB680,id=0200e9fc-e606-40f3-99f6-f4679a9f9c17
2019-10-11 04:44:22,046 [ForkJoinPool.commonPool-worker-0] INFO  impl.RoleInfo (RoleInfo.java:shutdownLeaderState(104)) - 0200e9fc-e606-40f3-99f6-f4679a9f9c17: shutdown LeaderState
2019-10-11 04:44:22,046 [ForkJoinPool.commonPool-worker-0] INFO  impl.PendingRequests (PendingRequests.java:sendNotLeaderResponses(202)) - 0200e9fc-e606-40f3-99f6-f4679a9f9c17-PendingRequests: sendNotLeaderResponses
2019-10-11 04:44:22,046 [org.apache.ratis.server.impl.LogAppender$AppenderDaemon$$Lambda$504/1846240928@1f89f283] WARN  server.GrpcLogAppender (GrpcLogAppender.java:mayWait(143)) - 0200e9fc-e606-40f3-99f6-f4679a9f9c17@group-139FC92BB680->279ed7c7-79fc-45b0-972c-b02df9246810-GrpcLogAppender: Wait interrupted by java.lang.InterruptedException
2019-10-11 04:44:22,046 [org.apache.ratis.server.impl.LogAppender$AppenderDaemon$$Lambda$504/1846240928@5754c888] WARN  server.GrpcLogAppender (GrpcLogAppender.java:mayWait(143)) - 0200e9fc-e606-40f3-99f6-f4679a9f9c17@group-139FC92BB680->a0be1567-3b57-484c-aa98-eeb9bc07b4e0-GrpcLogAppender: Wait interrupted by java.lang.InterruptedException
2019-10-11 04:44:22,047 [ForkJoinPool.commonPool-worker-0] INFO  impl.StateMachineUpdater (StateMachineUpdater.java:stopAndJoin(125)) - 0200e9fc-e606-40f3-99f6-f4679a9f9c17@group-139FC92BB680-StateMachineUpdater: set stopIndex = 0
2019-10-11 04:44:22,047 [grpc-default-executor-24] INFO  server.GrpcLogAppender (GrpcLogAppender.java:onError(282)) - 0200e9fc-e606-40f3-99f6-f4679a9f9c17@group-139FC92BB680->a0be1567-3b57-484c-aa98-eeb9bc07b4e0-GrpcLogAppender is stopped
2019-10-11 04:44:22,047 [ForkJoinPool.commonPool-worker-0] INFO  impl.RaftServerImpl (ServerState.java:close(385)) - 0200e9fc-e606-40f3-99f6-f4679a9f9c17@group-139FC92BB680: closes. applyIndex: 0
2019-10-11 04:44:22,047 [0200e9fc-e606-40f3-99f6-f4679a9f9c17@group-139FC92BB680-SegmentedRaftLogWorker] INFO  segmented.SegmentedRaftLogWorker (SegmentedRaftLogWorker.java:run(313)) - 0200e9fc-e606-40f3-99f6-f4679a9f9c17@group-139FC92BB680-SegmentedRaftLogWorker was interrupted, exiting. There are 0 tasks remaining in the queue.
2019-10-11 04:44:22,048 [ForkJoinPool.commonPool-worker-0] INFO  segmented.SegmentedRaftLogWorker (SegmentedRaftLogWorker.java:close(228)) - 0200e9fc-e606-40f3-99f6-f4679a9f9c17@group-139FC92BB680-SegmentedRaftLogWorker close()
2019-10-11 04:44:22,050 [ForkJoinPool.commonPool-worker-0] INFO  impl.RaftServerImpl (RaftServerImpl.java:lambda$shutdown$3(251)) - 0200e9fc-e606-40f3-99f6-f4679a9f9c17@group-51FDFA9D3D5E: shutdown
2019-10-11 04:44:22,050 [ForkJoinPool.commonPool-worker-0] INFO  util.JmxRegister (JmxRegister.java:unregister(73)) - Successfully un-registered JMX Bean with object name Ratis:service=RaftServer,group=group-51FDFA9D3D5E,id=0200e9fc-e606-40f3-99f6-f4679a9f9c17
2019-10-11 04:44:22,050 [ForkJoinPool.commonPool-worker-0] INFO  impl.RoleInfo (RoleInfo.java:shutdownLeaderState(104)) - 0200e9fc-e606-40f3-99f6-f4679a9f9c17: shutdown LeaderState
2019-10-11 04:44:22,050 [ForkJoinPool.commonPool-worker-0] INFO  impl.PendingRequests (PendingRequests.java:sendNotLeaderResponses(202)) - 0200e9fc-e606-40f3-99f6-f4679a9f9c17-PendingRequests: sendNotLeaderResponses
2019-10-11 04:44:22,051 [ForkJoinPool.commonPool-worker-0] INFO  impl.StateMachineUpdater (StateMachineUpdater.java:stopAndJoin(125)) - 0200e9fc-e606-40f3-99f6-f4679a9f9c17@group-51FDFA9D3D5E-StateMachineUpdater: set stopIndex = 0
2019-10-11 04:44:22,051 [ForkJoinPool.commonPool-worker-0] INFO  impl.RaftServerImpl (ServerState.java:close(385)) - 0200e9fc-e606-40f3-99f6-f4679a9f9c17@group-51FDFA9D3D5E: closes. applyIndex: 0
2019-10-11 04:44:22,051 [grpc-default-executor-24] INFO  server.GrpcServerProtocolService (GrpcServerProtocolService.java:onCompleted(113)) - 279ed7c7-79fc-45b0-972c-b02df9246810: Completed APPEND_ENTRIES, lastRequest: 0200e9fc-e606-40f3-99f6-f4679a9f9c17->279ed7c7-79fc-45b0-972c-b02df9246810#6-t1, previous=(t:0, i:0), leaderCommit=0, initializing? false, entries: <empty>
2019-10-11 04:44:22,051 [0200e9fc-e606-40f3-99f6-f4679a9f9c17@group-51FDFA9D3D5E-SegmentedRaftLogWorker] INFO  segmented.SegmentedRaftLogWorker (SegmentedRaftLogWorker.java:run(313)) - 0200e9fc-e606-40f3-99f6-f4679a9f9c17@group-51FDFA9D3D5E-SegmentedRaftLogWorker was interrupted, exiting. There are 0 tasks remaining in the queue.
2019-10-11 04:44:22,051 [ForkJoinPool.commonPool-worker-0] INFO  segmented.SegmentedRaftLogWorker (SegmentedRaftLogWorker.java:close(228)) - 0200e9fc-e606-40f3-99f6-f4679a9f9c17@group-51FDFA9D3D5E-SegmentedRaftLogWorker close()
2019-10-11 04:44:22,051 [grpc-default-executor-24] INFO  server.GrpcLogAppender (GrpcLogAppender.java:onCompleted(293)) - 0200e9fc-e606-40f3-99f6-f4679a9f9c17@group-139FC92BB680->279ed7c7-79fc-45b0-972c-b02df9246810-AppendLogResponseHandler: follower responses appendEntries COMPLETED
2019-10-11 04:44:22,053 [ForkJoinPool.commonPool-worker-0] INFO  impl.RaftServerImpl (RaftServerImpl.java:lambda$shutdown$3(251)) - 0200e9fc-e606-40f3-99f6-f4679a9f9c17@group-CC3CFD0FB125: shutdown
2019-10-11 04:44:22,053 [grpc-default-executor-24] INFO  impl.FollowerInfo (FollowerInfo.java:lambda$new$0(51)) - 0200e9fc-e606-40f3-99f6-f4679a9f9c17@group-139FC92BB680->279ed7c7-79fc-45b0-972c-b02df9246810: nextIndex: updateUnconditionally 0 -> 0
2019-10-11 04:44:22,054 [ForkJoinPool.commonPool-worker-0] INFO  util.JmxRegister (JmxRegister.java:unregister(73)) - Successfully un-registered JMX Bean with object name Ratis:service=RaftServer,group=group-CC3CFD0FB125,id=0200e9fc-e606-40f3-99f6-f4679a9f9c17
2019-10-11 04:44:22,054 [ForkJoinPool.commonPool-worker-0] INFO  impl.RoleInfo (RoleInfo.java:shutdownLeaderState(104)) - 0200e9fc-e606-40f3-99f6-f4679a9f9c17: shutdown LeaderState
2019-10-11 04:44:22,054 [ForkJoinPool.commonPool-worker-0] INFO  impl.PendingRequests (PendingRequests.java:sendNotLeaderResponses(202)) - 0200e9fc-e606-40f3-99f6-f4679a9f9c17-PendingRequests: sendNotLeaderResponses
2019-10-11 04:44:22,054 [org.apache.ratis.server.impl.LogAppender$AppenderDaemon$$Lambda$504/1846240928@5604d17a] WARN  server.GrpcLogAppender (GrpcLogAppender.java:mayWait(143)) - 0200e9fc-e606-40f3-99f6-f4679a9f9c17@group-CC3CFD0FB125->a0be1567-3b57-484c-aa98-eeb9bc07b4e0-GrpcLogAppender: Wait interrupted by java.lang.InterruptedException
2019-10-11 04:44:22,054 [org.apache.ratis.server.impl.LogAppender$AppenderDaemon$$Lambda$504/1846240928@1f89d8ba] WARN  server.GrpcLogAppender (GrpcLogAppender.java:mayWait(143)) - 0200e9fc-e606-40f3-99f6-f4679a9f9c17@group-CC3CFD0FB125->279ed7c7-79fc-45b0-972c-b02df9246810-GrpcLogAppender: Wait interrupted by java.lang.InterruptedException
2019-10-11 04:44:22,054 [ForkJoinPool.commonPool-worker-0] INFO  impl.StateMachineUpdater (StateMachineUpdater.java:stopAndJoin(125)) - 0200e9fc-e606-40f3-99f6-f4679a9f9c17@group-CC3CFD0FB125-StateMachineUpdater: set stopIndex = 0
2019-10-11 04:44:22,055 [ForkJoinPool.commonPool-worker-0] INFO  impl.RaftServerImpl (ServerState.java:close(385)) - 0200e9fc-e606-40f3-99f6-f4679a9f9c17@group-CC3CFD0FB125: closes. applyIndex: 0
2019-10-11 04:44:22,055 [0200e9fc-e606-40f3-99f6-f4679a9f9c17@group-CC3CFD0FB125-SegmentedRaftLogWorker] INFO  segmented.SegmentedRaftLogWorker (SegmentedRaftLogWorker.java:run(313)) - 0200e9fc-e606-40f3-99f6-f4679a9f9c17@group-CC3CFD0FB125-SegmentedRaftLogWorker was interrupted, exiting. There are 0 tasks remaining in the queue.
2019-10-11 04:44:22,055 [ForkJoinPool.commonPool-worker-0] INFO  segmented.SegmentedRaftLogWorker (SegmentedRaftLogWorker.java:close(228)) - 0200e9fc-e606-40f3-99f6-f4679a9f9c17@group-CC3CFD0FB125-SegmentedRaftLogWorker close()
2019-10-11 04:44:22,057 [ForkJoinPool.commonPool-worker-0] INFO  impl.RaftServerImpl (RaftServerImpl.java:lambda$shutdown$3(251)) - 0200e9fc-e606-40f3-99f6-f4679a9f9c17@group-F6D21F3B4CB1: shutdown
2019-10-11 04:44:22,057 [ForkJoinPool.commonPool-worker-0] INFO  util.JmxRegister (JmxRegister.java:unregister(73)) - Successfully un-registered JMX Bean with object name Ratis:service=RaftServer,group=group-F6D21F3B4CB1,id=0200e9fc-e606-40f3-99f6-f4679a9f9c17
2019-10-11 04:44:22,058 [ForkJoinPool.commonPool-worker-0] INFO  impl.RoleInfo (RoleInfo.java:shutdownFollowerState(121)) - 0200e9fc-e606-40f3-99f6-f4679a9f9c17: shutdown FollowerState
2019-10-11 04:44:22,058 [ForkJoinPool.commonPool-worker-0] INFO  impl.StateMachineUpdater (StateMachineUpdater.java:stopAndJoin(125)) - 0200e9fc-e606-40f3-99f6-f4679a9f9c17@group-F6D21F3B4CB1-StateMachineUpdater: set stopIndex = 0
2019-10-11 04:44:22,058 [Thread-6785] INFO  impl.FollowerState (FollowerState.java:run(115)) - 0200e9fc-e606-40f3-99f6-f4679a9f9c17: FollowerState was interrupted: java.lang.InterruptedException: sleep interrupted
2019-10-11 04:44:22,058 [ForkJoinPool.commonPool-worker-0] INFO  impl.RaftServerImpl (ServerState.java:close(385)) - 0200e9fc-e606-40f3-99f6-f4679a9f9c17@group-F6D21F3B4CB1: closes. applyIndex: 0
2019-10-11 04:44:22,058 [0200e9fc-e606-40f3-99f6-f4679a9f9c17@group-F6D21F3B4CB1-SegmentedRaftLogWorker] INFO  segmented.SegmentedRaftLogWorker (SegmentedRaftLogWorker.java:run(313)) - 0200e9fc-e606-40f3-99f6-f4679a9f9c17@group-F6D21F3B4CB1-SegmentedRaftLogWorker was interrupted, exiting. There are 0 tasks remaining in the queue.
2019-10-11 04:44:22,059 [ForkJoinPool.commonPool-worker-0] INFO  segmented.SegmentedRaftLogWorker (SegmentedRaftLogWorker.java:close(228)) - 0200e9fc-e606-40f3-99f6-f4679a9f9c17@group-F6D21F3B4CB1-SegmentedRaftLogWorker close()
2019-10-11 04:44:22,060 [ForkJoinPool.commonPool-worker-0] INFO  impl.RaftServerImpl (RaftServerImpl.java:lambda$shutdown$3(251)) - 0200e9fc-e606-40f3-99f6-f4679a9f9c17@group-D53E185946D1: shutdown
2019-10-11 04:44:22,061 [main] INFO  utils.BackgroundService (BackgroundService.java:shutdown(148)) - Shutting down service BlockDeletingService
2019-10-11 04:44:22,061 [ForkJoinPool.commonPool-worker-0] INFO  util.JmxRegister (JmxRegister.java:unregister(73)) - Successfully un-registered JMX Bean with object name Ratis:service=RaftServer,group=group-D53E185946D1,id=0200e9fc-e606-40f3-99f6-f4679a9f9c17
2019-10-11 04:44:22,061 [ForkJoinPool.commonPool-worker-0] INFO  impl.RoleInfo (RoleInfo.java:shutdownFollowerState(121)) - 0200e9fc-e606-40f3-99f6-f4679a9f9c17: shutdown FollowerState
2019-10-11 04:44:22,061 [ForkJoinPool.commonPool-worker-0] INFO  impl.StateMachineUpdater (StateMachineUpdater.java:stopAndJoin(125)) - 0200e9fc-e606-40f3-99f6-f4679a9f9c17@group-D53E185946D1-StateMachineUpdater: set stopIndex = 0
2019-10-11 04:44:22,067 [main] INFO  statemachine.DatanodeStateMachine (DatanodeStateMachine.java:stopDaemon(395)) - Ozone container server stopped.
2019-10-11 04:44:22,067 [ForkJoinPool.commonPool-worker-0] INFO  impl.RaftServerImpl (ServerState.java:close(385)) - 0200e9fc-e606-40f3-99f6-f4679a9f9c17@group-D53E185946D1: closes. applyIndex: 0
2019-10-11 04:44:22,067 [Thread-6721] INFO  impl.FollowerState (FollowerState.java:run(115)) - 0200e9fc-e606-40f3-99f6-f4679a9f9c17: FollowerState was interrupted: java.lang.InterruptedException: sleep interrupted
2019-10-11 04:44:22,067 [0200e9fc-e606-40f3-99f6-f4679a9f9c17@group-D53E185946D1-SegmentedRaftLogWorker] INFO  segmented.SegmentedRaftLogWorker (SegmentedRaftLogWorker.java:run(313)) - 0200e9fc-e606-40f3-99f6-f4679a9f9c17@group-D53E185946D1-SegmentedRaftLogWorker was interrupted, exiting. There are 0 tasks remaining in the queue.
2019-10-11 04:44:22,067 [ForkJoinPool.commonPool-worker-0] INFO  segmented.SegmentedRaftLogWorker (SegmentedRaftLogWorker.java:close(228)) - 0200e9fc-e606-40f3-99f6-f4679a9f9c17@group-D53E185946D1-SegmentedRaftLogWorker close()
2019-10-11 04:44:22,069 [ForkJoinPool.commonPool-worker-0] INFO  server.GrpcService (GrpcService.java:closeImpl(164)) - 0200e9fc-e606-40f3-99f6-f4679a9f9c17: shutdown server with port 39966 now
2019-10-11 04:44:22,070 [grpc-default-executor-19] WARN  server.GrpcServerProtocolService (LogUtils.java:warn(134)) - 0200e9fc-e606-40f3-99f6-f4679a9f9c17: installSnapshot onError, lastRequest: 243cd881-e4dd-41a2-ae09-8719fa6746fb->0200e9fc-e606-40f3-99f6-f4679a9f9c17#6-t1, previous=(t:1, i:0), leaderCommit=0, initializing? false, entries: <empty>: org.apache.ratis.thirdparty.io.grpc.StatusRuntimeException: CANCELLED: cancelled before receiving half close
2019-10-11 04:44:22,070 [grpc-default-executor-31] WARN  server.GrpcServerProtocolService (LogUtils.java:warn(134)) - 0200e9fc-e606-40f3-99f6-f4679a9f9c17: installSnapshot onError, lastRequest: 279ed7c7-79fc-45b0-972c-b02df9246810->0200e9fc-e606-40f3-99f6-f4679a9f9c17#6-t1, previous=(t:1, i:0), leaderCommit=0, initializing? false, entries: <empty>: org.apache.ratis.thirdparty.io.grpc.StatusRuntimeException: CANCELLED: cancelled before receiving half close
2019-10-11 04:44:22,070 [ForkJoinPool.commonPool-worker-0] INFO  server.GrpcService (GrpcService.java:closeImpl(172)) - 0200e9fc-e606-40f3-99f6-f4679a9f9c17: shutdown server with port 39966 successfully
2019-10-11 04:44:22,070 [grpc-default-executor-27] WARN  server.GrpcServerProtocolService (LogUtils.java:warn(134)) - 0200e9fc-e606-40f3-99f6-f4679a9f9c17: installSnapshot onError, lastRequest: 243cd881-e4dd-41a2-ae09-8719fa6746fb->0200e9fc-e606-40f3-99f6-f4679a9f9c17#13-t1, previous=(t:1, i:8), leaderCommit=8, initializing? false, entries: <empty>: org.apache.ratis.thirdparty.io.grpc.StatusRuntimeException: CANCELLED: cancelled before receiving half close
2019-10-11 04:44:22,070 [main] INFO  handler.ContextHandler (ContextHandler.java:doStop(910)) - Stopped o.e.j.w.WebAppContext@48b2dbc4{/,null,UNAVAILABLE}{/hddsDatanode}
2019-10-11 04:44:22,070 [grpc-default-executor-20] WARN  server.GrpcLogAppender (LogUtils.java:warn(134)) - 279ed7c7-79fc-45b0-972c-b02df9246810@group-F6D21F3B4CB1->0200e9fc-e606-40f3-99f6-f4679a9f9c17-AppendLogResponseHandler: Failed appendEntries: org.apache.ratis.thirdparty.io.grpc.StatusRuntimeException: CANCELLED: HTTP/2 error code: CANCEL
Received Rst Stream
2019-10-11 04:44:22,070 [grpc-default-executor-26] WARN  server.GrpcLogAppender (LogUtils.java:warn(134)) - 243cd881-e4dd-41a2-ae09-8719fa6746fb@group-D53E185946D1->0200e9fc-e606-40f3-99f6-f4679a9f9c17-AppendLogResponseHandler: Failed appendEntries: org.apache.ratis.thirdparty.io.grpc.StatusRuntimeException: CANCELLED: HTTP/2 error code: CANCEL
Received Rst Stream
2019-10-11 04:44:22,070 [grpc-default-executor-23] WARN  server.GrpcLogAppender (LogUtils.java:warn(134)) - 243cd881-e4dd-41a2-ae09-8719fa6746fb@group-B858FA317E63->0200e9fc-e606-40f3-99f6-f4679a9f9c17-AppendLogResponseHandler: Failed appendEntries: org.apache.ratis.thirdparty.io.grpc.StatusRuntimeException: CANCELLED: HTTP/2 error code: CANCEL
Received Rst Stream
2019-10-11 04:44:22,071 [grpc-default-executor-20] INFO  impl.FollowerInfo (FollowerInfo.java:lambda$new$0(51)) - 279ed7c7-79fc-45b0-972c-b02df9246810@group-F6D21F3B4CB1->0200e9fc-e606-40f3-99f6-f4679a9f9c17: nextIndex: updateUnconditionally 1 -> 0
2019-10-11 04:44:22,071 [grpc-default-executor-26] INFO  impl.FollowerInfo (FollowerInfo.java:lambda$new$0(51)) - 243cd881-e4dd-41a2-ae09-8719fa6746fb@group-D53E185946D1->0200e9fc-e606-40f3-99f6-f4679a9f9c17: nextIndex: updateUnconditionally 1 -> 0
2019-10-11 04:44:22,071 [grpc-default-executor-23] INFO  impl.FollowerInfo (FollowerInfo.java:lambda$new$0(51)) - 243cd881-e4dd-41a2-ae09-8719fa6746fb@group-B858FA317E63->0200e9fc-e606-40f3-99f6-f4679a9f9c17: nextIndex: updateUnconditionally 9 -> 8
2019-10-11 04:44:22,071 [refreshUsed-/workdir/hadoop-ozone/integration-test/target/test-dir/MiniOzoneClusterImpl-b44bfc70-173c-43e3-9456-d6fc7d130422/datanode-2/data/containers] WARN  fs.CachingGetSpaceUsed (CachingGetSpaceUsed.java:run(183)) - Thread Interrupted waiting to refresh disk information: sleep interrupted
2019-10-11 04:44:22,072 [main] INFO  server.AbstractConnector (AbstractConnector.java:doStop(318)) - Stopped ServerConnector@2a667f44{HTTP/1.1,[http/1.1]}{0.0.0.0:0}
2019-10-11 04:44:22,073 [main] INFO  handler.ContextHandler (ContextHandler.java:doStop(910)) - Stopped o.e.j.s.ServletContextHandler@37a3ec27{/static,jar:file:/home/user/.m2/repository/org/apache/hadoop/hadoop-hdds-container-service/0.5.0-SNAPSHOT/hadoop-hdds-container-service-0.5.0-SNAPSHOT.jar!/webapps/static,UNAVAILABLE}
2019-10-11 04:44:22,075 [main] INFO  handler.ContextHandler (ContextHandler.java:doStop(910)) - Stopped o.e.j.s.ServletContextHandler@365bfc5f{/logs,file:///workdir/hadoop-ozone/integration-test/target/log,UNAVAILABLE}
2019-10-11 04:44:22,083 [ForkJoinPool.commonPool-worker-0] INFO  utils.BackgroundService (BackgroundService.java:shutdown(148)) - Shutting down service BlockDeletingService
2019-10-11 04:44:22,088 [ForkJoinPool.commonPool-worker-0] INFO  statemachine.DatanodeStateMachine (DatanodeStateMachine.java:stopDaemon(395)) - Ozone container server stopped.
2019-10-11 04:44:22,095 [ForkJoinPool.commonPool-worker-0] INFO  handler.ContextHandler (ContextHandler.java:doStop(910)) - Stopped o.e.j.w.WebAppContext@5403431a{/,null,UNAVAILABLE}{/hddsDatanode}
2019-10-11 04:44:22,096 [ForkJoinPool.commonPool-worker-0] INFO  server.AbstractConnector (AbstractConnector.java:doStop(318)) - Stopped ServerConnector@ab327c{HTTP/1.1,[http/1.1]}{0.0.0.0:0}
2019-10-11 04:44:22,097 [ForkJoinPool.commonPool-worker-0] INFO  handler.ContextHandler (ContextHandler.java:doStop(910)) - Stopped o.e.j.s.ServletContextHandler@7bc2bb58{/static,jar:file:/home/user/.m2/repository/org/apache/hadoop/hadoop-hdds-container-service/0.5.0-SNAPSHOT/hadoop-hdds-container-service-0.5.0-SNAPSHOT.jar!/webapps/static,UNAVAILABLE}
2019-10-11 04:44:22,099 [ForkJoinPool.commonPool-worker-0] INFO  handler.ContextHandler (ContextHandler.java:doStop(910)) - Stopped o.e.j.s.ServletContextHandler@2404abe2{/logs,file:///workdir/hadoop-ozone/integration-test/target/log,UNAVAILABLE}
2019-10-11 04:44:22,498 [Datanode State Machine Thread - 0] INFO  statemachine.DatanodeStateMachine (DatanodeStateMachine.java:lambda$startDaemon$0(350)) - Ozone container server started.
2019-10-11 04:44:23,000 [Datanode State Machine Thread - 0] INFO  statemachine.DatanodeStateMachine (DatanodeStateMachine.java:lambda$startDaemon$0(350)) - Ozone container server started.
2019-10-11 04:44:23,485 [grpc-default-executor-23] WARN  server.GrpcLogAppender (LogUtils.java:warn(134)) - 243cd881-e4dd-41a2-ae09-8719fa6746fb@group-B858FA317E63->34f4c72f-caa0-4a31-bd94-9bdddef36627-AppendLogResponseHandler: Failed appendEntries: org.apache.ratis.thirdparty.io.grpc.StatusRuntimeException: UNAVAILABLE: io exception
2019-10-11 04:44:23,485 [grpc-default-executor-23] INFO  impl.FollowerInfo (FollowerInfo.java:lambda$new$0(51)) - 243cd881-e4dd-41a2-ae09-8719fa6746fb@group-B858FA317E63->34f4c72f-caa0-4a31-bd94-9bdddef36627: nextIndex: updateUnconditionally 4 -> 3
2019-10-11 04:44:23,485 [grpc-default-executor-20] WARN  server.GrpcLogAppender (LogUtils.java:warn(134)) - 243cd881-e4dd-41a2-ae09-8719fa6746fb@group-B858FA317E63->0200e9fc-e606-40f3-99f6-f4679a9f9c17-AppendLogResponseHandler: Failed appendEntries: org.apache.ratis.thirdparty.io.grpc.StatusRuntimeException: UNAVAILABLE: io exception
2019-10-11 04:44:23,485 [grpc-default-executor-20] INFO  impl.FollowerInfo (FollowerInfo.java:lambda$new$0(51)) - 243cd881-e4dd-41a2-ae09-8719fa6746fb@group-B858FA317E63->0200e9fc-e606-40f3-99f6-f4679a9f9c17: nextIndex: updateUnconditionally 8 -> 7
2019-10-11 04:44:24,010 [grpc-default-executor-20] WARN  server.GrpcLogAppender (LogUtils.java:warn(134)) - 243cd881-e4dd-41a2-ae09-8719fa6746fb@group-D53E185946D1->0200e9fc-e606-40f3-99f6-f4679a9f9c17-AppendLogResponseHandler: Failed appendEntries: org.apache.ratis.thirdparty.io.grpc.StatusRuntimeException: UNAVAILABLE: io exception
2019-10-11 04:44:24,010 [grpc-default-executor-20] INFO  impl.FollowerInfo (FollowerInfo.java:lambda$new$0(51)) - 243cd881-e4dd-41a2-ae09-8719fa6746fb@group-D53E185946D1->0200e9fc-e606-40f3-99f6-f4679a9f9c17: nextIndex: updateUnconditionally 0 -> 0
2019-10-11 04:44:24,019 [grpc-default-executor-23] WARN  server.GrpcLogAppender (LogUtils.java:warn(134)) - 243cd881-e4dd-41a2-ae09-8719fa6746fb@group-D53E185946D1->34f4c72f-caa0-4a31-bd94-9bdddef36627-AppendLogResponseHandler: Failed appendEntries: org.apache.ratis.thirdparty.io.grpc.StatusRuntimeException: UNAVAILABLE: io exception
2019-10-11 04:44:24,019 [grpc-default-executor-23] INFO  impl.FollowerInfo (FollowerInfo.java:lambda$new$0(51)) - 243cd881-e4dd-41a2-ae09-8719fa6746fb@group-D53E185946D1->34f4c72f-caa0-4a31-bd94-9bdddef36627: nextIndex: updateUnconditionally 0 -> 0
2019-10-11 04:44:24,296 [grpc-default-executor-23] WARN  server.GrpcLogAppender (LogUtils.java:warn(134)) - 279ed7c7-79fc-45b0-972c-b02df9246810@group-F6D21F3B4CB1->a0be1567-3b57-484c-aa98-eeb9bc07b4e0-AppendLogResponseHandler: Failed appendEntries: org.apache.ratis.thirdparty.io.grpc.StatusRuntimeException: UNAVAILABLE: io exception
2019-10-11 04:44:24,296 [grpc-default-executor-23] INFO  impl.FollowerInfo (FollowerInfo.java:lambda$new$0(51)) - 279ed7c7-79fc-45b0-972c-b02df9246810@group-F6D21F3B4CB1->a0be1567-3b57-484c-aa98-eeb9bc07b4e0: nextIndex: updateUnconditionally 0 -> 0
2019-10-11 04:44:24,297 [grpc-default-executor-20] WARN  server.GrpcLogAppender (LogUtils.java:warn(134)) - 279ed7c7-79fc-45b0-972c-b02df9246810@group-F6D21F3B4CB1->0200e9fc-e606-40f3-99f6-f4679a9f9c17-AppendLogResponseHandler: Failed appendEntries: org.apache.ratis.thirdparty.io.grpc.StatusRuntimeException: UNAVAILABLE: io exception
2019-10-11 04:44:24,297 [grpc-default-executor-20] INFO  impl.FollowerInfo (FollowerInfo.java:lambda$new$0(51)) - 279ed7c7-79fc-45b0-972c-b02df9246810@group-F6D21F3B4CB1->0200e9fc-e606-40f3-99f6-f4679a9f9c17: nextIndex: updateUnconditionally 0 -> 0
2019-10-11 04:44:25,044 [java.util.concurrent.ThreadPoolExecutor$Worker@509a9ecc[State = -1, empty queue]] WARN  server.GrpcLogAppender (GrpcLogAppender.java:timeoutAppendRequest(200)) - 0200e9fc-e606-40f3-99f6-f4679a9f9c17@group-139FC92BB680->a0be1567-3b57-484c-aa98-eeb9bc07b4e0-GrpcLogAppender: appendEntries Timeout, request=0200e9fc-e606-40f3-99f6-f4679a9f9c17->a0be1567-3b57-484c-aa98-eeb9bc07b4e0#6-t1, previous=(t:0, i:0), leaderCommit=0, initializing? false, entries: <empty>
2019-10-11 04:44:25,991 [grpc-default-executor-23] WARN  server.GrpcLogAppender (LogUtils.java:warn(134)) - 243cd881-e4dd-41a2-ae09-8719fa6746fb@group-B858FA317E63->34f4c72f-caa0-4a31-bd94-9bdddef36627-AppendLogResponseHandler: Failed appendEntries: org.apache.ratis.thirdparty.io.grpc.StatusRuntimeException: UNAVAILABLE: io exception
2019-10-11 04:44:25,991 [grpc-default-executor-20] WARN  server.GrpcLogAppender (LogUtils.java:warn(134)) - 243cd881-e4dd-41a2-ae09-8719fa6746fb@group-B858FA317E63->0200e9fc-e606-40f3-99f6-f4679a9f9c17-AppendLogResponseHandler: Failed appendEntries: org.apache.ratis.thirdparty.io.grpc.StatusRuntimeException: UNAVAILABLE: io exception
2019-10-11 04:44:25,992 [grpc-default-executor-20] INFO  impl.FollowerInfo (FollowerInfo.java:lambda$new$0(51)) - 243cd881-e4dd-41a2-ae09-8719fa6746fb@group-B858FA317E63->0200e9fc-e606-40f3-99f6-f4679a9f9c17: nextIndex: updateUnconditionally 7 -> 6
2019-10-11 04:44:25,992 [grpc-default-executor-23] INFO  impl.FollowerInfo (FollowerInfo.java:lambda$new$0(51)) - 243cd881-e4dd-41a2-ae09-8719fa6746fb@group-B858FA317E63->34f4c72f-caa0-4a31-bd94-9bdddef36627: nextIndex: updateUnconditionally 3 -> 2
2019-10-11 04:44:26,506 [EventQueue-StaleNodeForStaleNodeHandler] INFO  node.StaleNodeHandler (StaleNodeHandler.java:onMessage(58)) - Datanode 243cd881-e4dd-41a2-ae09-8719fa6746fb{ip: 192.168.157.200, host: pr-hdds-1569-qjnzd-3726989565, networkLocation: /default-rack, certSerialId: null} moved to stale state. Finalizing its pipelines [PipelineID=17c57d47-216e-4fbb-bc9b-b858fa317e63, PipelineID=61e106a1-ea4d-406e-81ec-30597c1fd792, PipelineID=e5d6f506-a891-4755-bfdd-d53e185946d1]
2019-10-11 04:44:26,507 [EventQueue-StaleNodeForStaleNodeHandler] INFO  pipeline.SCMPipelineManager (SCMPipelineManager.java:finalizeAndDestroyPipeline(342)) - destroying pipeline:Pipeline[ Id: 17c57d47-216e-4fbb-bc9b-b858fa317e63, Nodes: 243cd881-e4dd-41a2-ae09-8719fa6746fb{ip: 192.168.157.200, host: pr-hdds-1569-qjnzd-3726989565, networkLocation: /default-rack, certSerialId: null}34f4c72f-caa0-4a31-bd94-9bdddef36627{ip: 192.168.157.200, host: pr-hdds-1569-qjnzd-3726989565, networkLocation: /default-rack, certSerialId: null}0200e9fc-e606-40f3-99f6-f4679a9f9c17{ip: 192.168.157.200, host: pr-hdds-1569-qjnzd-3726989565, networkLocation: /default-rack, certSerialId: null}, Type:RATIS, Factor:THREE, State:CLOSED]
2019-10-11 04:44:26,508 [EventQueue-StaleNodeForStaleNodeHandler] INFO  pipeline.SCMPipelineManager (SCMPipelineManager.java:finalizeAndDestroyPipeline(342)) - destroying pipeline:Pipeline[ Id: 61e106a1-ea4d-406e-81ec-30597c1fd792, Nodes: 243cd881-e4dd-41a2-ae09-8719fa6746fb{ip: 192.168.157.200, host: pr-hdds-1569-qjnzd-3726989565, networkLocation: /default-rack, certSerialId: null}, Type:RATIS, Factor:ONE, State:OPEN]
2019-10-11 04:44:26,509 [EventQueue-StaleNodeForStaleNodeHandler] INFO  pipeline.PipelineStateManager (PipelineStateManager.java:finalizePipeline(123)) - Pipeline Pipeline[ Id: 61e106a1-ea4d-406e-81ec-30597c1fd792, Nodes: 243cd881-e4dd-41a2-ae09-8719fa6746fb{ip: 192.168.157.200, host: pr-hdds-1569-qjnzd-3726989565, networkLocation: /default-rack, certSerialId: null}, Type:RATIS, Factor:ONE, State:CLOSED] moved to CLOSED state
2019-10-11 04:44:26,509 [EventQueue-StaleNodeForStaleNodeHandler] INFO  pipeline.SCMPipelineManager (SCMPipelineManager.java:finalizeAndDestroyPipeline(342)) - destroying pipeline:Pipeline[ Id: e5d6f506-a891-4755-bfdd-d53e185946d1, Nodes: 0200e9fc-e606-40f3-99f6-f4679a9f9c17{ip: 192.168.157.200, host: pr-hdds-1569-qjnzd-3726989565, networkLocation: /default-rack, certSerialId: null}243cd881-e4dd-41a2-ae09-8719fa6746fb{ip: 192.168.157.200, host: pr-hdds-1569-qjnzd-3726989565, networkLocation: /default-rack, certSerialId: null}34f4c72f-caa0-4a31-bd94-9bdddef36627{ip: 192.168.157.200, host: pr-hdds-1569-qjnzd-3726989565, networkLocation: /default-rack, certSerialId: null}, Type:RATIS, Factor:THREE, State:CLOSED]
2019-10-11 04:44:26,512 [grpc-default-executor-23] WARN  server.GrpcLogAppender (LogUtils.java:warn(134)) - 243cd881-e4dd-41a2-ae09-8719fa6746fb@group-D53E185946D1->0200e9fc-e606-40f3-99f6-f4679a9f9c17-AppendLogResponseHandler: Failed appendEntries: org.apache.ratis.thirdparty.io.grpc.StatusRuntimeException: UNAVAILABLE: io exception
2019-10-11 04:44:26,512 [grpc-default-executor-23] INFO  impl.FollowerInfo (FollowerInfo.java:lambda$new$0(51)) - 243cd881-e4dd-41a2-ae09-8719fa6746fb@group-D53E185946D1->0200e9fc-e606-40f3-99f6-f4679a9f9c17: nextIndex: updateUnconditionally 0 -> 0
2019-10-11 04:44:26,519 [grpc-default-executor-23] WARN  server.GrpcLogAppender (LogUtils.java:warn(134)) - 243cd881-e4dd-41a2-ae09-8719fa6746fb@group-D53E185946D1->34f4c72f-caa0-4a31-bd94-9bdddef36627-AppendLogResponseHandler: Failed appendEntries: org.apache.ratis.thirdparty.io.grpc.StatusRuntimeException: UNAVAILABLE: io exception
2019-10-11 04:44:26,519 [grpc-default-executor-23] INFO  impl.FollowerInfo (FollowerInfo.java:lambda$new$0(51)) - 243cd881-e4dd-41a2-ae09-8719fa6746fb@group-D53E185946D1->34f4c72f-caa0-4a31-bd94-9bdddef36627: nextIndex: updateUnconditionally 0 -> 0
2019-10-11 04:44:26,798 [grpc-default-executor-19] WARN  server.GrpcLogAppender (LogUtils.java:warn(134)) - 279ed7c7-79fc-45b0-972c-b02df9246810@group-F6D21F3B4CB1->0200e9fc-e606-40f3-99f6-f4679a9f9c17-AppendLogResponseHandler: Failed appendEntries: org.apache.ratis.thirdparty.io.grpc.StatusRuntimeException: UNAVAILABLE: io exception
2019-10-11 04:44:26,798 [grpc-default-executor-31] WARN  server.GrpcLogAppender (LogUtils.java:warn(134)) - 279ed7c7-79fc-45b0-972c-b02df9246810@group-F6D21F3B4CB1->a0be1567-3b57-484c-aa98-eeb9bc07b4e0-AppendLogResponseHandler: Failed appendEntries: org.apache.ratis.thirdparty.io.grpc.StatusRuntimeException: UNAVAILABLE: io exception
2019-10-11 04:44:26,799 [grpc-default-executor-19] INFO  impl.FollowerInfo (FollowerInfo.java:lambda$new$0(51)) - 279ed7c7-79fc-45b0-972c-b02df9246810@group-F6D21F3B4CB1->0200e9fc-e606-40f3-99f6-f4679a9f9c17: nextIndex: updateUnconditionally 0 -> 0
2019-10-11 04:44:26,799 [grpc-default-executor-31] INFO  impl.FollowerInfo (FollowerInfo.java:lambda$new$0(51)) - 279ed7c7-79fc-45b0-972c-b02df9246810@group-F6D21F3B4CB1->a0be1567-3b57-484c-aa98-eeb9bc07b4e0: nextIndex: updateUnconditionally 0 -> 0
2019-10-11 04:44:27,007 [EventQueue-StaleNodeForStaleNodeHandler] INFO  node.StaleNodeHandler (StaleNodeHandler.java:onMessage(58)) - Datanode 07b09b2a-058b-4435-973b-23995b5e66c4{ip: 192.168.157.200, host: pr-hdds-1569-qjnzd-3726989565, networkLocation: /default-rack, certSerialId: null} moved to stale state. Finalizing its pipelines []
2019-10-11 04:44:27,077 [main] INFO  ozoneimpl.OzoneContainer (OzoneContainer.java:stop(231)) - Attempting to stop container services.
2019-10-11 04:44:27,079 [main] INFO  impl.RaftServerProxy (RaftServerProxy.java:lambda$close$4(314)) - 07b09b2a-058b-4435-973b-23995b5e66c4: close
2019-10-11 04:44:27,087 [main] INFO  server.GrpcService (GrpcService.java:closeImpl(164)) - 07b09b2a-058b-4435-973b-23995b5e66c4: shutdown server with port 36251 now
2019-10-11 04:44:27,088 [main] INFO  server.GrpcService (GrpcService.java:closeImpl(172)) - 07b09b2a-058b-4435-973b-23995b5e66c4: shutdown server with port 36251 successfully
2019-10-11 04:44:27,102 [ForkJoinPool.commonPool-worker-0] INFO  ozoneimpl.OzoneContainer (OzoneContainer.java:stop(231)) - Attempting to stop container services.
2019-10-11 04:44:27,102 [ForkJoinPool.commonPool-worker-0] INFO  impl.RaftServerProxy (RaftServerProxy.java:lambda$close$4(314)) - 243cd881-e4dd-41a2-ae09-8719fa6746fb: close
2019-10-11 04:44:27,102 [ForkJoinPool.commonPool-worker-0] INFO  impl.RaftServerImpl (RaftServerImpl.java:lambda$shutdown$3(251)) - 243cd881-e4dd-41a2-ae09-8719fa6746fb@group-B858FA317E63: shutdown
2019-10-11 04:44:27,102 [ForkJoinPool.commonPool-worker-0] INFO  util.JmxRegister (JmxRegister.java:unregister(73)) - Successfully un-registered JMX Bean with object name Ratis:service=RaftServer,group=group-B858FA317E63,id=243cd881-e4dd-41a2-ae09-8719fa6746fb
2019-10-11 04:44:27,103 [ForkJoinPool.commonPool-worker-0] INFO  impl.RoleInfo (RoleInfo.java:shutdownLeaderState(104)) - 243cd881-e4dd-41a2-ae09-8719fa6746fb: shutdown LeaderState
2019-10-11 04:44:27,103 [ForkJoinPool.commonPool-worker-0] INFO  impl.PendingRequests (PendingRequests.java:sendNotLeaderResponses(202)) - 243cd881-e4dd-41a2-ae09-8719fa6746fb-PendingRequests: sendNotLeaderResponses
2019-10-11 04:44:27,103 [org.apache.ratis.server.impl.LogAppender$AppenderDaemon$$Lambda$504/1846240928@4030abe2] WARN  server.GrpcLogAppender (GrpcLogAppender.java:mayWait(143)) - 243cd881-e4dd-41a2-ae09-8719fa6746fb@group-B858FA317E63->0200e9fc-e606-40f3-99f6-f4679a9f9c17-GrpcLogAppender: Wait interrupted by java.lang.InterruptedException
2019-10-11 04:44:27,103 [refreshUsed-/workdir/hadoop-ozone/integration-test/target/test-dir/MiniOzoneClusterImpl-b44bfc70-173c-43e3-9456-d6fc7d130422/datanode-6/data/containers] WARN  fs.CachingGetSpaceUsed (CachingGetSpaceUsed.java:run(183)) - Thread Interrupted waiting to refresh disk information: sleep interrupted
2019-10-11 04:44:27,103 [org.apache.ratis.server.impl.LogAppender$AppenderDaemon$$Lambda$504/1846240928@1d55556a] WARN  server.GrpcLogAppender (GrpcLogAppender.java:mayWait(143)) - 243cd881-e4dd-41a2-ae09-8719fa6746fb@group-B858FA317E63->34f4c72f-caa0-4a31-bd94-9bdddef36627-GrpcLogAppender: Wait interrupted by java.lang.InterruptedException
2019-10-11 04:44:27,107 [ForkJoinPool.commonPool-worker-0] INFO  impl.StateMachineUpdater (StateMachineUpdater.java:stopAndJoin(125)) - 243cd881-e4dd-41a2-ae09-8719fa6746fb@group-B858FA317E63-StateMachineUpdater: set stopIndex = 8
2019-10-11 04:44:27,108 [243cd881-e4dd-41a2-ae09-8719fa6746fb@group-B858FA317E63-StateMachineUpdater] INFO  ratis.ContainerStateMachine (ContainerStateMachine.java:takeSnapshot(289)) - group-B858FA317E63: Taking a snapshot at:(t:1, i:8) file /workdir/hadoop-ozone/integration-test/target/test-dir/MiniOzoneClusterImpl-b44bfc70-173c-43e3-9456-d6fc7d130422/datanode-0/data/ratis/17c57d47-216e-4fbb-bc9b-b858fa317e63/sm/snapshot.1_8
2019-10-11 04:44:27,121 [243cd881-e4dd-41a2-ae09-8719fa6746fb@group-B858FA317E63-StateMachineUpdater] INFO  ratis.ContainerStateMachine (ContainerStateMachine.java:takeSnapshot(300)) - group-B858FA317E63: Finished taking a snapshot at:(t:1, i:8) file:/workdir/hadoop-ozone/integration-test/target/test-dir/MiniOzoneClusterImpl-b44bfc70-173c-43e3-9456-d6fc7d130422/datanode-0/data/ratis/17c57d47-216e-4fbb-bc9b-b858fa317e63/sm/snapshot.1_8 time:14
2019-10-11 04:44:27,122 [243cd881-e4dd-41a2-ae09-8719fa6746fb@group-B858FA317E63-StateMachineUpdater] INFO  impl.StateMachineUpdater (StateMachineUpdater.java:takeSnapshot(258)) - 243cd881-e4dd-41a2-ae09-8719fa6746fb@group-B858FA317E63-StateMachineUpdater: Took a snapshot at index 8
2019-10-11 04:44:27,122 [243cd881-e4dd-41a2-ae09-8719fa6746fb@group-B858FA317E63-StateMachineUpdater] INFO  impl.StateMachineUpdater (StateMachineUpdater.java:lambda$new$0(83)) - 243cd881-e4dd-41a2-ae09-8719fa6746fb@group-B858FA317E63-StateMachineUpdater: snapshotIndex: updateIncreasingly -1 -> 8
2019-10-11 04:44:27,122 [ForkJoinPool.commonPool-worker-0] INFO  impl.RaftServerImpl (ServerState.java:close(385)) - 243cd881-e4dd-41a2-ae09-8719fa6746fb@group-B858FA317E63: closes. applyIndex: 8
2019-10-11 04:44:27,123 [243cd881-e4dd-41a2-ae09-8719fa6746fb@group-B858FA317E63-SegmentedRaftLogWorker] INFO  segmented.SegmentedRaftLogWorker (SegmentedRaftLogWorker.java:run(313)) - 243cd881-e4dd-41a2-ae09-8719fa6746fb@group-B858FA317E63-SegmentedRaftLogWorker was interrupted, exiting. There are 0 tasks remaining in the queue.
2019-10-11 04:44:27,123 [ForkJoinPool.commonPool-worker-0] INFO  segmented.SegmentedRaftLogWorker (SegmentedRaftLogWorker.java:close(228)) - 243cd881-e4dd-41a2-ae09-8719fa6746fb@group-B858FA317E63-SegmentedRaftLogWorker close()
2019-10-11 04:44:27,125 [ForkJoinPool.commonPool-worker-0] INFO  impl.RaftServerImpl (RaftServerImpl.java:lambda$shutdown$3(251)) - 243cd881-e4dd-41a2-ae09-8719fa6746fb@group-30597C1FD792: shutdown
2019-10-11 04:44:27,125 [ForkJoinPool.commonPool-worker-0] INFO  util.JmxRegister (JmxRegister.java:unregister(73)) - Successfully un-registered JMX Bean with object name Ratis:service=RaftServer,group=group-30597C1FD792,id=243cd881-e4dd-41a2-ae09-8719fa6746fb
2019-10-11 04:44:27,125 [ForkJoinPool.commonPool-worker-0] INFO  impl.RoleInfo (RoleInfo.java:shutdownLeaderState(104)) - 243cd881-e4dd-41a2-ae09-8719fa6746fb: shutdown LeaderState
2019-10-11 04:44:27,125 [ForkJoinPool.commonPool-worker-0] INFO  impl.PendingRequests (PendingRequests.java:sendNotLeaderResponses(202)) - 243cd881-e4dd-41a2-ae09-8719fa6746fb-PendingRequests: sendNotLeaderResponses
2019-10-11 04:44:27,126 [ForkJoinPool.commonPool-worker-0] INFO  impl.StateMachineUpdater (StateMachineUpdater.java:stopAndJoin(125)) - 243cd881-e4dd-41a2-ae09-8719fa6746fb@group-30597C1FD792-StateMachineUpdater: set stopIndex = 0
2019-10-11 04:44:27,126 [ForkJoinPool.commonPool-worker-0] INFO  impl.RaftServerImpl (ServerState.java:close(385)) - 243cd881-e4dd-41a2-ae09-8719fa6746fb@group-30597C1FD792: closes. applyIndex: 0
2019-10-11 04:44:27,126 [243cd881-e4dd-41a2-ae09-8719fa6746fb@group-30597C1FD792-SegmentedRaftLogWorker] INFO  segmented.SegmentedRaftLogWorker (SegmentedRaftLogWorker.java:run(313)) - 243cd881-e4dd-41a2-ae09-8719fa6746fb@group-30597C1FD792-SegmentedRaftLogWorker was interrupted, exiting. There are 0 tasks remaining in the queue.
2019-10-11 04:44:27,126 [ForkJoinPool.commonPool-worker-0] INFO  segmented.SegmentedRaftLogWorker (SegmentedRaftLogWorker.java:close(228)) - 243cd881-e4dd-41a2-ae09-8719fa6746fb@group-30597C1FD792-SegmentedRaftLogWorker close()
2019-10-11 04:44:27,128 [ForkJoinPool.commonPool-worker-0] INFO  impl.RaftServerImpl (RaftServerImpl.java:lambda$shutdown$3(251)) - 243cd881-e4dd-41a2-ae09-8719fa6746fb@group-D53E185946D1: shutdown
2019-10-11 04:44:27,128 [ForkJoinPool.commonPool-worker-0] INFO  util.JmxRegister (JmxRegister.java:unregister(73)) - Successfully un-registered JMX Bean with object name Ratis:service=RaftServer,group=group-D53E185946D1,id=243cd881-e4dd-41a2-ae09-8719fa6746fb
2019-10-11 04:44:27,128 [ForkJoinPool.commonPool-worker-0] INFO  impl.RoleInfo (RoleInfo.java:shutdownLeaderState(104)) - 243cd881-e4dd-41a2-ae09-8719fa6746fb: shutdown LeaderState
2019-10-11 04:44:27,129 [ForkJoinPool.commonPool-worker-0] INFO  impl.PendingRequests (PendingRequests.java:sendNotLeaderResponses(202)) - 243cd881-e4dd-41a2-ae09-8719fa6746fb-PendingRequests: sendNotLeaderResponses
2019-10-11 04:44:27,129 [org.apache.ratis.server.impl.LogAppender$AppenderDaemon$$Lambda$504/1846240928@63da61eb] WARN  server.GrpcLogAppender (GrpcLogAppender.java:mayWait(143)) - 243cd881-e4dd-41a2-ae09-8719fa6746fb@group-D53E185946D1->34f4c72f-caa0-4a31-bd94-9bdddef36627-GrpcLogAppender: Wait interrupted by java.lang.InterruptedException
2019-10-11 04:44:27,129 [ForkJoinPool.commonPool-worker-0] INFO  impl.StateMachineUpdater (StateMachineUpdater.java:stopAndJoin(125)) - 243cd881-e4dd-41a2-ae09-8719fa6746fb@group-D53E185946D1-StateMachineUpdater: set stopIndex = 0
2019-10-11 04:44:27,129 [org.apache.ratis.server.impl.LogAppender$AppenderDaemon$$Lambda$504/1846240928@3a4f65c5] WARN  server.GrpcLogAppender (GrpcLogAppender.java:mayWait(143)) - 243cd881-e4dd-41a2-ae09-8719fa6746fb@group-D53E185946D1->0200e9fc-e606-40f3-99f6-f4679a9f9c17-GrpcLogAppender: Wait interrupted by java.lang.InterruptedException
2019-10-11 04:44:27,129 [ForkJoinPool.commonPool-worker-0] INFO  impl.RaftServerImpl (ServerState.java:close(385)) - 243cd881-e4dd-41a2-ae09-8719fa6746fb@group-D53E185946D1: closes. applyIndex: 0
2019-10-11 04:44:27,129 [243cd881-e4dd-41a2-ae09-8719fa6746fb@group-D53E185946D1-SegmentedRaftLogWorker] INFO  segmented.SegmentedRaftLogWorker (SegmentedRaftLogWorker.java:run(313)) - 243cd881-e4dd-41a2-ae09-8719fa6746fb@group-D53E185946D1-SegmentedRaftLogWorker was interrupted, exiting. There are 0 tasks remaining in the queue.
2019-10-11 04:44:27,130 [ForkJoinPool.commonPool-worker-0] INFO  segmented.SegmentedRaftLogWorker (SegmentedRaftLogWorker.java:close(228)) - 243cd881-e4dd-41a2-ae09-8719fa6746fb@group-D53E185946D1-SegmentedRaftLogWorker close()
2019-10-11 04:44:27,131 [ForkJoinPool.commonPool-worker-0] INFO  server.GrpcService (GrpcService.java:closeImpl(164)) - 243cd881-e4dd-41a2-ae09-8719fa6746fb: shutdown server with port 40850 now
2019-10-11 04:44:27,132 [grpc-default-executor-19] WARN  client.GrpcClientProtocolService (LogUtils.java:warn(134)) - 3-UnorderedRequestStreamObserver3: onError: org.apache.ratis.thirdparty.io.grpc.StatusRuntimeException: CANCELLED: cancelled before receiving half close
2019-10-11 04:44:27,132 [ForkJoinPool.commonPool-worker-0] INFO  server.GrpcService (GrpcService.java:closeImpl(172)) - 243cd881-e4dd-41a2-ae09-8719fa6746fb: shutdown server with port 40850 successfully
2019-10-11 04:44:27,133 [refreshUsed-/workdir/hadoop-ozone/integration-test/target/test-dir/MiniOzoneClusterImpl-b44bfc70-173c-43e3-9456-d6fc7d130422/datanode-0/data/containers] WARN  fs.CachingGetSpaceUsed (CachingGetSpaceUsed.java:run(183)) - Thread Interrupted waiting to refresh disk information: sleep interrupted
2019-10-11 04:44:27,137 [main] INFO  utils.BackgroundService (BackgroundService.java:shutdown(148)) - Shutting down service BlockDeletingService
2019-10-11 04:44:27,143 [main] INFO  statemachine.DatanodeStateMachine (DatanodeStateMachine.java:stopDaemon(395)) - Ozone container server stopped.
2019-10-11 04:44:27,145 [main] INFO  handler.ContextHandler (ContextHandler.java:doStop(910)) - Stopped o.e.j.w.WebAppContext@350f18a6{/,null,UNAVAILABLE}{/hddsDatanode}
2019-10-11 04:44:27,146 [main] INFO  server.AbstractConnector (AbstractConnector.java:doStop(318)) - Stopped ServerConnector@147c00aa{HTTP/1.1,[http/1.1]}{0.0.0.0:0}
2019-10-11 04:44:27,146 [main] INFO  handler.ContextHandler (ContextHandler.java:doStop(910)) - Stopped o.e.j.s.ServletContextHandler@54275b5d{/static,jar:file:/home/user/.m2/repository/org/apache/hadoop/hadoop-hdds-container-service/0.5.0-SNAPSHOT/hadoop-hdds-container-service-0.5.0-SNAPSHOT.jar!/webapps/static,UNAVAILABLE}
2019-10-11 04:44:27,147 [main] INFO  handler.ContextHandler (ContextHandler.java:doStop(910)) - Stopped o.e.j.s.ServletContextHandler@3ff8a3ad{/logs,file:///workdir/hadoop-ozone/integration-test/target/log,UNAVAILABLE}
2019-10-11 04:44:27,152 [ForkJoinPool.commonPool-worker-0] INFO  utils.BackgroundService (BackgroundService.java:shutdown(148)) - Shutting down service BlockDeletingService
2019-10-11 04:44:27,156 [ForkJoinPool.commonPool-worker-0] INFO  statemachine.DatanodeStateMachine (DatanodeStateMachine.java:stopDaemon(395)) - Ozone container server stopped.
2019-10-11 04:44:27,161 [ForkJoinPool.commonPool-worker-0] INFO  handler.ContextHandler (ContextHandler.java:doStop(910)) - Stopped o.e.j.w.WebAppContext@4dd1d2bb{/,null,UNAVAILABLE}{/hddsDatanode}
2019-10-11 04:44:27,161 [ForkJoinPool.commonPool-worker-0] INFO  server.AbstractConnector (AbstractConnector.java:doStop(318)) - Stopped ServerConnector@47198524{HTTP/1.1,[http/1.1]}{0.0.0.0:0}
2019-10-11 04:44:27,163 [ForkJoinPool.commonPool-worker-0] INFO  handler.ContextHandler (ContextHandler.java:doStop(910)) - Stopped o.e.j.s.ServletContextHandler@46e388ec{/static,jar:file:/home/user/.m2/repository/org/apache/hadoop/hadoop-hdds-container-service/0.5.0-SNAPSHOT/hadoop-hdds-container-service-0.5.0-SNAPSHOT.jar!/webapps/static,UNAVAILABLE}
2019-10-11 04:44:27,164 [ForkJoinPool.commonPool-worker-0] INFO  handler.ContextHandler (ContextHandler.java:doStop(910)) - Stopped o.e.j.s.ServletContextHandler@491893f8{/logs,file:///workdir/hadoop-ozone/integration-test/target/log,UNAVAILABLE}
2019-10-11 04:44:27,773 [Datanode State Machine Thread - 0] INFO  statemachine.DatanodeStateMachine (DatanodeStateMachine.java:lambda$startDaemon$0(350)) - Ozone container server started.
2019-10-11 04:44:29,284 [Thread-6772] INFO  impl.FollowerState (FollowerState.java:run(106)) - 279ed7c7-79fc-45b0-972c-b02df9246810:group-CC3CFD0FB125 changes to CANDIDATE, lastRpcTime:7663, electionTimeout:5026ms
2019-10-11 04:44:29,284 [Thread-6772] INFO  impl.RoleInfo (RoleInfo.java:shutdownFollowerState(121)) - 279ed7c7-79fc-45b0-972c-b02df9246810: shutdown FollowerState
2019-10-11 04:44:29,284 [Thread-6772] INFO  impl.RaftServerImpl (RaftServerImpl.java:setRole(174)) - 279ed7c7-79fc-45b0-972c-b02df9246810@group-CC3CFD0FB125: changes role from  FOLLOWER to CANDIDATE at term 1 for changeToCandidate
2019-10-11 04:44:29,284 [Thread-6772] INFO  impl.RoleInfo (RoleInfo.java:updateAndGet(143)) - 279ed7c7-79fc-45b0-972c-b02df9246810: start LeaderElection
2019-10-11 04:44:29,285 [279ed7c7-79fc-45b0-972c-b02df9246810@group-CC3CFD0FB125:LeaderElection216] INFO  impl.RaftServerImpl (ServerState.java:setLeader(253)) - 279ed7c7-79fc-45b0-972c-b02df9246810@group-CC3CFD0FB125: change Leader from 0200e9fc-e606-40f3-99f6-f4679a9f9c17 to null at term 1 for initElection
2019-10-11 04:44:29,298 [grpc-default-executor-23] WARN  server.GrpcLogAppender (LogUtils.java:warn(134)) - 279ed7c7-79fc-45b0-972c-b02df9246810@group-F6D21F3B4CB1->a0be1567-3b57-484c-aa98-eeb9bc07b4e0-AppendLogResponseHandler: Failed appendEntries: org.apache.ratis.thirdparty.io.grpc.StatusRuntimeException: UNAVAILABLE: io exception
2019-10-11 04:44:29,298 [grpc-default-executor-20] WARN  server.GrpcLogAppender (LogUtils.java:warn(134)) - 279ed7c7-79fc-45b0-972c-b02df9246810@group-F6D21F3B4CB1->0200e9fc-e606-40f3-99f6-f4679a9f9c17-AppendLogResponseHandler: Failed appendEntries: org.apache.ratis.thirdparty.io.grpc.StatusRuntimeException: UNAVAILABLE: io exception
2019-10-11 04:44:29,298 [grpc-default-executor-23] INFO  impl.FollowerInfo (FollowerInfo.java:lambda$new$0(51)) - 279ed7c7-79fc-45b0-972c-b02df9246810@group-F6D21F3B4CB1->a0be1567-3b57-484c-aa98-eeb9bc07b4e0: nextIndex: updateUnconditionally 0 -> 0
2019-10-11 04:44:29,298 [grpc-default-executor-20] INFO  impl.FollowerInfo (FollowerInfo.java:lambda$new$0(51)) - 279ed7c7-79fc-45b0-972c-b02df9246810@group-F6D21F3B4CB1->0200e9fc-e606-40f3-99f6-f4679a9f9c17: nextIndex: updateUnconditionally 0 -> 0
2019-10-11 04:44:29,311 [279ed7c7-79fc-45b0-972c-b02df9246810@group-CC3CFD0FB125:LeaderElection216] INFO  impl.LeaderElection (LeaderElection.java:askForVotes(182)) - 279ed7c7-79fc-45b0-972c-b02df9246810@group-CC3CFD0FB125:LeaderElection216: begin an election at term 2 for 0: [279ed7c7-79fc-45b0-972c-b02df9246810:192.168.157.200:35749, 0200e9fc-e606-40f3-99f6-f4679a9f9c17:192.168.157.200:39966, a0be1567-3b57-484c-aa98-eeb9bc07b4e0:192.168.157.200:45492], old=null
2019-10-11 04:44:29,313 [279ed7c7-79fc-45b0-972c-b02df9246810@group-CC3CFD0FB125:LeaderElection216] INFO  impl.LeaderElection (LogUtils.java:infoOrTrace(149)) - 279ed7c7-79fc-45b0-972c-b02df9246810@group-CC3CFD0FB125:LeaderElection216 got exception when requesting votes: {}
java.util.concurrent.ExecutionException: org.apache.ratis.thirdparty.io.grpc.StatusRuntimeException: UNAVAILABLE: io exception
	at java.util.concurrent.FutureTask.report(FutureTask.java:122)
	at java.util.concurrent.FutureTask.get(FutureTask.java:192)
	at org.apache.ratis.server.impl.LeaderElection.waitForResults(LeaderElection.java:263)
	at org.apache.ratis.server.impl.LeaderElection.askForVotes(LeaderElection.java:201)
	at org.apache.ratis.server.impl.LeaderElection.run(LeaderElection.java:133)
	at java.lang.Thread.run(Thread.java:748)
Caused by: org.apache.ratis.thirdparty.io.grpc.StatusRuntimeException: UNAVAILABLE: io exception
	at org.apache.ratis.thirdparty.io.grpc.stub.ClientCalls.toStatusRuntimeException(ClientCalls.java:233)
	at org.apache.ratis.thirdparty.io.grpc.stub.ClientCalls.getUnchecked(ClientCalls.java:214)
	at org.apache.ratis.thirdparty.io.grpc.stub.ClientCalls.blockingUnaryCall(ClientCalls.java:139)
	at org.apache.ratis.proto.grpc.RaftServerProtocolServiceGrpc$RaftServerProtocolServiceBlockingStub.requestVote(RaftServerProtocolServiceGrpc.java:265)
	at org.apache.ratis.grpc.server.GrpcServerProtocolClient.requestVote(GrpcServerProtocolClient.java:90)
	at org.apache.ratis.grpc.server.GrpcService.requestVote(GrpcService.java:204)
	at org.apache.ratis.server.impl.LeaderElection.lambda$submitRequests$1(LeaderElection.java:238)
	at java.util.concurrent.FutureTask.run(FutureTask.java:266)
	at java.util.concurrent.Executors$RunnableAdapter.call(Executors.java:511)
	at java.util.concurrent.FutureTask.run(FutureTask.java:266)
	at java.util.concurrent.ThreadPoolExecutor.runWorker(ThreadPoolExecutor.java:1149)
	at java.util.concurrent.ThreadPoolExecutor$Worker.run(ThreadPoolExecutor.java:624)
	... 1 more
Caused by: org.apache.ratis.thirdparty.io.netty.channel.AbstractChannel$AnnotatedConnectException: Connection refused: /192.168.157.200:45492
	at sun.nio.ch.SocketChannelImpl.checkConnect(Native Method)
	at sun.nio.ch.SocketChannelImpl.finishConnect(SocketChannelImpl.java:717)
	at org.apache.ratis.thirdparty.io.netty.channel.socket.nio.NioSocketChannel.doFinishConnect(NioSocketChannel.java:327)
	at org.apache.ratis.thirdparty.io.netty.channel.nio.AbstractNioChannel$AbstractNioUnsafe.finishConnect(AbstractNioChannel.java:340)
	at org.apache.ratis.thirdparty.io.netty.channel.nio.NioEventLoop.processSelectedKey(NioEventLoop.java:632)
	at org.apache.ratis.thirdparty.io.netty.channel.nio.NioEventLoop.processSelectedKeysOptimized(NioEventLoop.java:579)
	at org.apache.ratis.thirdparty.io.netty.channel.nio.NioEventLoop.processSelectedKeys(NioEventLoop.java:496)
	at org.apache.ratis.thirdparty.io.netty.channel.nio.NioEventLoop.run(NioEventLoop.java:458)
	at org.apache.ratis.thirdparty.io.netty.util.concurrent.SingleThreadEventExecutor$5.run(SingleThreadEventExecutor.java:897)
	at org.apache.ratis.thirdparty.io.netty.util.concurrent.FastThreadLocalRunnable.run(FastThreadLocalRunnable.java:30)
	... 1 more
Caused by: java.net.ConnectException: Connection refused
	... 11 more
2019-10-11 04:44:29,315 [279ed7c7-79fc-45b0-972c-b02df9246810@group-CC3CFD0FB125:LeaderElection216] INFO  impl.LeaderElection (LogUtils.java:infoOrTrace(149)) - 279ed7c7-79fc-45b0-972c-b02df9246810@group-CC3CFD0FB125:LeaderElection216 got exception when requesting votes: {}
java.util.concurrent.ExecutionException: org.apache.ratis.thirdparty.io.grpc.StatusRuntimeException: UNAVAILABLE: io exception
	at java.util.concurrent.FutureTask.report(FutureTask.java:122)
	at java.util.concurrent.FutureTask.get(FutureTask.java:192)
	at org.apache.ratis.server.impl.LeaderElection.waitForResults(LeaderElection.java:263)
	at org.apache.ratis.server.impl.LeaderElection.askForVotes(LeaderElection.java:201)
	at org.apache.ratis.server.impl.LeaderElection.run(LeaderElection.java:133)
	at java.lang.Thread.run(Thread.java:748)
Caused by: org.apache.ratis.thirdparty.io.grpc.StatusRuntimeException: UNAVAILABLE: io exception
	at org.apache.ratis.thirdparty.io.grpc.stub.ClientCalls.toStatusRuntimeException(ClientCalls.java:233)
	at org.apache.ratis.thirdparty.io.grpc.stub.ClientCalls.getUnchecked(ClientCalls.java:214)
	at org.apache.ratis.thirdparty.io.grpc.stub.ClientCalls.blockingUnaryCall(ClientCalls.java:139)
	at org.apache.ratis.proto.grpc.RaftServerProtocolServiceGrpc$RaftServerProtocolServiceBlockingStub.requestVote(RaftServerProtocolServiceGrpc.java:265)
	at org.apache.ratis.grpc.server.GrpcServerProtocolClient.requestVote(GrpcServerProtocolClient.java:90)
	at org.apache.ratis.grpc.server.GrpcService.requestVote(GrpcService.java:204)
	at org.apache.ratis.server.impl.LeaderElection.lambda$submitRequests$1(LeaderElection.java:238)
	at java.util.concurrent.FutureTask.run(FutureTask.java:266)
	at java.util.concurrent.Executors$RunnableAdapter.call(Executors.java:511)
	at java.util.concurrent.FutureTask.run(FutureTask.java:266)
	at java.util.concurrent.ThreadPoolExecutor.runWorker(ThreadPoolExecutor.java:1149)
	at java.util.concurrent.ThreadPoolExecutor$Worker.run(ThreadPoolExecutor.java:624)
	... 1 more
Caused by: org.apache.ratis.thirdparty.io.netty.channel.AbstractChannel$AnnotatedConnectException: Connection refused: /192.168.157.200:39966
	at sun.nio.ch.SocketChannelImpl.checkConnect(Native Method)
	at sun.nio.ch.SocketChannelImpl.finishConnect(SocketChannelImpl.java:717)
	at org.apache.ratis.thirdparty.io.netty.channel.socket.nio.NioSocketChannel.doFinishConnect(NioSocketChannel.java:327)
	at org.apache.ratis.thirdparty.io.netty.channel.nio.AbstractNioChannel$AbstractNioUnsafe.finishConnect(AbstractNioChannel.java:340)
	at org.apache.ratis.thirdparty.io.netty.channel.nio.NioEventLoop.processSelectedKey(NioEventLoop.java:632)
	at org.apache.ratis.thirdparty.io.netty.channel.nio.NioEventLoop.processSelectedKeysOptimized(NioEventLoop.java:579)
	at org.apache.ratis.thirdparty.io.netty.channel.nio.NioEventLoop.processSelectedKeys(NioEventLoop.java:496)
	at org.apache.ratis.thirdparty.io.netty.channel.nio.NioEventLoop.run(NioEventLoop.java:458)
	at org.apache.ratis.thirdparty.io.netty.util.concurrent.SingleThreadEventExecutor$5.run(SingleThreadEventExecutor.java:897)
	at org.apache.ratis.thirdparty.io.netty.util.concurrent.FastThreadLocalRunnable.run(FastThreadLocalRunnable.java:30)
	... 1 more
Caused by: java.net.ConnectException: Connection refused
	... 11 more
2019-10-11 04:44:29,317 [279ed7c7-79fc-45b0-972c-b02df9246810@group-CC3CFD0FB125:LeaderElection216] INFO  impl.LeaderElection (LeaderElection.java:logAndReturn(56)) - 279ed7c7-79fc-45b0-972c-b02df9246810@group-CC3CFD0FB125:LeaderElection216: Election REJECTED; received 0 response(s) [] and 2 exception(s); 279ed7c7-79fc-45b0-972c-b02df9246810@group-CC3CFD0FB125:t2, leader=null, voted=279ed7c7-79fc-45b0-972c-b02df9246810, raftlog=279ed7c7-79fc-45b0-972c-b02df9246810@group-CC3CFD0FB125-SegmentedRaftLog:OPENED:c0,f0,i0, conf=0: [279ed7c7-79fc-45b0-972c-b02df9246810:192.168.157.200:35749, 0200e9fc-e606-40f3-99f6-f4679a9f9c17:192.168.157.200:39966, a0be1567-3b57-484c-aa98-eeb9bc07b4e0:192.168.157.200:45492], old=null
2019-10-11 04:44:29,317 [279ed7c7-79fc-45b0-972c-b02df9246810@group-CC3CFD0FB125:LeaderElection216] INFO  impl.LeaderElection (LogUtils.java:infoOrTrace(149)) -   Exception 0: {}
java.util.concurrent.ExecutionException: org.apache.ratis.thirdparty.io.grpc.StatusRuntimeException: UNAVAILABLE: io exception
	at java.util.concurrent.FutureTask.report(FutureTask.java:122)
	at java.util.concurrent.FutureTask.get(FutureTask.java:192)
	at org.apache.ratis.server.impl.LeaderElection.waitForResults(LeaderElection.java:263)
	at org.apache.ratis.server.impl.LeaderElection.askForVotes(LeaderElection.java:201)
	at org.apache.ratis.server.impl.LeaderElection.run(LeaderElection.java:133)
	at java.lang.Thread.run(Thread.java:748)
Caused by: org.apache.ratis.thirdparty.io.grpc.StatusRuntimeException: UNAVAILABLE: io exception
	at org.apache.ratis.thirdparty.io.grpc.stub.ClientCalls.toStatusRuntimeException(ClientCalls.java:233)
	at org.apache.ratis.thirdparty.io.grpc.stub.ClientCalls.getUnchecked(ClientCalls.java:214)
	at org.apache.ratis.thirdparty.io.grpc.stub.ClientCalls.blockingUnaryCall(ClientCalls.java:139)
	at org.apache.ratis.proto.grpc.RaftServerProtocolServiceGrpc$RaftServerProtocolServiceBlockingStub.requestVote(RaftServerProtocolServiceGrpc.java:265)
	at org.apache.ratis.grpc.server.GrpcServerProtocolClient.requestVote(GrpcServerProtocolClient.java:90)
	at org.apache.ratis.grpc.server.GrpcService.requestVote(GrpcService.java:204)
	at org.apache.ratis.server.impl.LeaderElection.lambda$submitRequests$1(LeaderElection.java:238)
	at java.util.concurrent.FutureTask.run(FutureTask.java:266)
	at java.util.concurrent.Executors$RunnableAdapter.call(Executors.java:511)
	at java.util.concurrent.FutureTask.run(FutureTask.java:266)
	at java.util.concurrent.ThreadPoolExecutor.runWorker(ThreadPoolExecutor.java:1149)
	at java.util.concurrent.ThreadPoolExecutor$Worker.run(ThreadPoolExecutor.java:624)
	... 1 more
Caused by: org.apache.ratis.thirdparty.io.netty.channel.AbstractChannel$AnnotatedConnectException: Connection refused: /192.168.157.200:45492
	at sun.nio.ch.SocketChannelImpl.checkConnect(Native Method)
	at sun.nio.ch.SocketChannelImpl.finishConnect(SocketChannelImpl.java:717)
	at org.apache.ratis.thirdparty.io.netty.channel.socket.nio.NioSocketChannel.doFinishConnect(NioSocketChannel.java:327)
	at org.apache.ratis.thirdparty.io.netty.channel.nio.AbstractNioChannel$AbstractNioUnsafe.finishConnect(AbstractNioChannel.java:340)
	at org.apache.ratis.thirdparty.io.netty.channel.nio.NioEventLoop.processSelectedKey(NioEventLoop.java:632)
	at org.apache.ratis.thirdparty.io.netty.channel.nio.NioEventLoop.processSelectedKeysOptimized(NioEventLoop.java:579)
	at org.apache.ratis.thirdparty.io.netty.channel.nio.NioEventLoop.processSelectedKeys(NioEventLoop.java:496)
	at org.apache.ratis.thirdparty.io.netty.channel.nio.NioEventLoop.run(NioEventLoop.java:458)
	at org.apache.ratis.thirdparty.io.netty.util.concurrent.SingleThreadEventExecutor$5.run(SingleThreadEventExecutor.java:897)
	at org.apache.ratis.thirdparty.io.netty.util.concurrent.FastThreadLocalRunnable.run(FastThreadLocalRunnable.java:30)
	... 1 more
Caused by: java.net.ConnectException: Connection refused
	... 11 more
2019-10-11 04:44:29,318 [279ed7c7-79fc-45b0-972c-b02df9246810@group-CC3CFD0FB125:LeaderElection216] INFO  impl.LeaderElection (LogUtils.java:infoOrTrace(149)) -   Exception 1: {}
java.util.concurrent.ExecutionException: org.apache.ratis.thirdparty.io.grpc.StatusRuntimeException: UNAVAILABLE: io exception
	at java.util.concurrent.FutureTask.report(FutureTask.java:122)
	at java.util.concurrent.FutureTask.get(FutureTask.java:192)
	at org.apache.ratis.server.impl.LeaderElection.waitForResults(LeaderElection.java:263)
	at org.apache.ratis.server.impl.LeaderElection.askForVotes(LeaderElection.java:201)
	at org.apache.ratis.server.impl.LeaderElection.run(LeaderElection.java:133)
	at java.lang.Thread.run(Thread.java:748)
Caused by: org.apache.ratis.thirdparty.io.grpc.StatusRuntimeException: UNAVAILABLE: io exception
	at org.apache.ratis.thirdparty.io.grpc.stub.ClientCalls.toStatusRuntimeException(ClientCalls.java:233)
	at org.apache.ratis.thirdparty.io.grpc.stub.ClientCalls.getUnchecked(ClientCalls.java:214)
	at org.apache.ratis.thirdparty.io.grpc.stub.ClientCalls.blockingUnaryCall(ClientCalls.java:139)
	at org.apache.ratis.proto.grpc.RaftServerProtocolServiceGrpc$RaftServerProtocolServiceBlockingStub.requestVote(RaftServerProtocolServiceGrpc.java:265)
	at org.apache.ratis.grpc.server.GrpcServerProtocolClient.requestVote(GrpcServerProtocolClient.java:90)
	at org.apache.ratis.grpc.server.GrpcService.requestVote(GrpcService.java:204)
	at org.apache.ratis.server.impl.LeaderElection.lambda$submitRequests$1(LeaderElection.java:238)
	at java.util.concurrent.FutureTask.run(FutureTask.java:266)
	at java.util.concurrent.Executors$RunnableAdapter.call(Executors.java:511)
	at java.util.concurrent.FutureTask.run(FutureTask.java:266)
	at java.util.concurrent.ThreadPoolExecutor.runWorker(ThreadPoolExecutor.java:1149)
	at java.util.concurrent.ThreadPoolExecutor$Worker.run(ThreadPoolExecutor.java:624)
	... 1 more
Caused by: org.apache.ratis.thirdparty.io.netty.channel.AbstractChannel$AnnotatedConnectException: Connection refused: /192.168.157.200:39966
	at sun.nio.ch.SocketChannelImpl.checkConnect(Native Method)
	at sun.nio.ch.SocketChannelImpl.finishConnect(SocketChannelImpl.java:717)
	at org.apache.ratis.thirdparty.io.netty.channel.socket.nio.NioSocketChannel.doFinishConnect(NioSocketChannel.java:327)
	at org.apache.ratis.thirdparty.io.netty.channel.nio.AbstractNioChannel$AbstractNioUnsafe.finishConnect(AbstractNioChannel.java:340)
	at org.apache.ratis.thirdparty.io.netty.channel.nio.NioEventLoop.processSelectedKey(NioEventLoop.java:632)
	at org.apache.ratis.thirdparty.io.netty.channel.nio.NioEventLoop.processSelectedKeysOptimized(NioEventLoop.java:579)
	at org.apache.ratis.thirdparty.io.netty.channel.nio.NioEventLoop.processSelectedKeys(NioEventLoop.java:496)
	at org.apache.ratis.thirdparty.io.netty.channel.nio.NioEventLoop.run(NioEventLoop.java:458)
	at org.apache.ratis.thirdparty.io.netty.util.concurrent.SingleThreadEventExecutor$5.run(SingleThreadEventExecutor.java:897)
	at org.apache.ratis.thirdparty.io.netty.util.concurrent.FastThreadLocalRunnable.run(FastThreadLocalRunnable.java:30)
	... 1 more
Caused by: java.net.ConnectException: Connection refused
	... 11 more
2019-10-11 04:44:29,318 [279ed7c7-79fc-45b0-972c-b02df9246810@group-CC3CFD0FB125:LeaderElection216] INFO  impl.RaftServerImpl (RaftServerImpl.java:setRole(174)) - 279ed7c7-79fc-45b0-972c-b02df9246810@group-CC3CFD0FB125: changes role from CANDIDATE to FOLLOWER at term 2 for DISCOVERED_A_NEW_TERM
2019-10-11 04:44:29,318 [279ed7c7-79fc-45b0-972c-b02df9246810@group-CC3CFD0FB125:LeaderElection216] INFO  impl.RoleInfo (RoleInfo.java:shutdownLeaderElection(134)) - 279ed7c7-79fc-45b0-972c-b02df9246810: shutdown LeaderElection
2019-10-11 04:44:29,318 [279ed7c7-79fc-45b0-972c-b02df9246810@group-CC3CFD0FB125:LeaderElection216] INFO  impl.RoleInfo (RoleInfo.java:updateAndGet(143)) - 279ed7c7-79fc-45b0-972c-b02df9246810: start FollowerState
2019-10-11 04:44:29,536 [Thread-6824] INFO  impl.FollowerState (FollowerState.java:run(106)) - 279ed7c7-79fc-45b0-972c-b02df9246810:group-139FC92BB680 changes to CANDIDATE, lastRpcTime:7485, electionTimeout:5011ms
2019-10-11 04:44:29,536 [Thread-6824] INFO  impl.RoleInfo (RoleInfo.java:shutdownFollowerState(121)) - 279ed7c7-79fc-45b0-972c-b02df9246810: shutdown FollowerState
2019-10-11 04:44:29,536 [Thread-6824] INFO  impl.RaftServerImpl (RaftServerImpl.java:setRole(174)) - 279ed7c7-79fc-45b0-972c-b02df9246810@group-139FC92BB680: changes role from  FOLLOWER to CANDIDATE at term 1 for changeToCandidate
2019-10-11 04:44:29,537 [Thread-6824] INFO  impl.RoleInfo (RoleInfo.java:updateAndGet(143)) - 279ed7c7-79fc-45b0-972c-b02df9246810: start LeaderElection
2019-10-11 04:44:29,537 [279ed7c7-79fc-45b0-972c-b02df9246810@group-139FC92BB680:LeaderElection217] INFO  impl.RaftServerImpl (ServerState.java:setLeader(253)) - 279ed7c7-79fc-45b0-972c-b02df9246810@group-139FC92BB680: change Leader from 0200e9fc-e606-40f3-99f6-f4679a9f9c17 to null at term 1 for initElection
2019-10-11 04:44:29,559 [279ed7c7-79fc-45b0-972c-b02df9246810@group-139FC92BB680:LeaderElection217] INFO  impl.LeaderElection (LeaderElection.java:askForVotes(182)) - 279ed7c7-79fc-45b0-972c-b02df9246810@group-139FC92BB680:LeaderElection217: begin an election at term 2 for 0: [279ed7c7-79fc-45b0-972c-b02df9246810:192.168.157.200:35749, 0200e9fc-e606-40f3-99f6-f4679a9f9c17:192.168.157.200:39966, a0be1567-3b57-484c-aa98-eeb9bc07b4e0:192.168.157.200:45492], old=null
2019-10-11 04:44:29,560 [279ed7c7-79fc-45b0-972c-b02df9246810@group-139FC92BB680:LeaderElection217] INFO  impl.LeaderElection (LogUtils.java:infoOrTrace(149)) - 279ed7c7-79fc-45b0-972c-b02df9246810@group-139FC92BB680:LeaderElection217 got exception when requesting votes: {}
java.util.concurrent.ExecutionException: org.apache.ratis.thirdparty.io.grpc.StatusRuntimeException: UNAVAILABLE: io exception
	at java.util.concurrent.FutureTask.report(FutureTask.java:122)
	at java.util.concurrent.FutureTask.get(FutureTask.java:192)
	at org.apache.ratis.server.impl.LeaderElection.waitForResults(LeaderElection.java:263)
	at org.apache.ratis.server.impl.LeaderElection.askForVotes(LeaderElection.java:201)
	at org.apache.ratis.server.impl.LeaderElection.run(LeaderElection.java:133)
	at java.lang.Thread.run(Thread.java:748)
Caused by: org.apache.ratis.thirdparty.io.grpc.StatusRuntimeException: UNAVAILABLE: io exception
	at org.apache.ratis.thirdparty.io.grpc.stub.ClientCalls.toStatusRuntimeException(ClientCalls.java:233)
	at org.apache.ratis.thirdparty.io.grpc.stub.ClientCalls.getUnchecked(ClientCalls.java:214)
	at org.apache.ratis.thirdparty.io.grpc.stub.ClientCalls.blockingUnaryCall(ClientCalls.java:139)
	at org.apache.ratis.proto.grpc.RaftServerProtocolServiceGrpc$RaftServerProtocolServiceBlockingStub.requestVote(RaftServerProtocolServiceGrpc.java:265)
	at org.apache.ratis.grpc.server.GrpcServerProtocolClient.requestVote(GrpcServerProtocolClient.java:90)
	at org.apache.ratis.grpc.server.GrpcService.requestVote(GrpcService.java:204)
	at org.apache.ratis.server.impl.LeaderElection.lambda$submitRequests$1(LeaderElection.java:238)
	at java.util.concurrent.FutureTask.run(FutureTask.java:266)
	at java.util.concurrent.Executors$RunnableAdapter.call(Executors.java:511)
	at java.util.concurrent.FutureTask.run(FutureTask.java:266)
	at java.util.concurrent.ThreadPoolExecutor.runWorker(ThreadPoolExecutor.java:1149)
	at java.util.concurrent.ThreadPoolExecutor$Worker.run(ThreadPoolExecutor.java:624)
	... 1 more
Caused by: org.apache.ratis.thirdparty.io.netty.channel.AbstractChannel$AnnotatedConnectException: Connection refused: /192.168.157.200:39966
	at sun.nio.ch.SocketChannelImpl.checkConnect(Native Method)
	at sun.nio.ch.SocketChannelImpl.finishConnect(SocketChannelImpl.java:717)
	at org.apache.ratis.thirdparty.io.netty.channel.socket.nio.NioSocketChannel.doFinishConnect(NioSocketChannel.java:327)
	at org.apache.ratis.thirdparty.io.netty.channel.nio.AbstractNioChannel$AbstractNioUnsafe.finishConnect(AbstractNioChannel.java:340)
	at org.apache.ratis.thirdparty.io.netty.channel.nio.NioEventLoop.processSelectedKey(NioEventLoop.java:632)
	at org.apache.ratis.thirdparty.io.netty.channel.nio.NioEventLoop.processSelectedKeysOptimized(NioEventLoop.java:579)
	at org.apache.ratis.thirdparty.io.netty.channel.nio.NioEventLoop.processSelectedKeys(NioEventLoop.java:496)
	at org.apache.ratis.thirdparty.io.netty.channel.nio.NioEventLoop.run(NioEventLoop.java:458)
	at org.apache.ratis.thirdparty.io.netty.util.concurrent.SingleThreadEventExecutor$5.run(SingleThreadEventExecutor.java:897)
	at org.apache.ratis.thirdparty.io.netty.util.concurrent.FastThreadLocalRunnable.run(FastThreadLocalRunnable.java:30)
	... 1 more
Caused by: java.net.ConnectException: Connection refused
	... 11 more
2019-10-11 04:44:29,567 [279ed7c7-79fc-45b0-972c-b02df9246810@group-139FC92BB680:LeaderElection217] INFO  impl.LeaderElection (LogUtils.java:infoOrTrace(149)) - 279ed7c7-79fc-45b0-972c-b02df9246810@group-139FC92BB680:LeaderElection217 got exception when requesting votes: {}
java.util.concurrent.ExecutionException: org.apache.ratis.thirdparty.io.grpc.StatusRuntimeException: UNAVAILABLE: io exception
	at java.util.concurrent.FutureTask.report(FutureTask.java:122)
	at java.util.concurrent.FutureTask.get(FutureTask.java:192)
	at org.apache.ratis.server.impl.LeaderElection.waitForResults(LeaderElection.java:263)
	at org.apache.ratis.server.impl.LeaderElection.askForVotes(LeaderElection.java:201)
	at org.apache.ratis.server.impl.LeaderElection.run(LeaderElection.java:133)
	at java.lang.Thread.run(Thread.java:748)
Caused by: org.apache.ratis.thirdparty.io.grpc.StatusRuntimeException: UNAVAILABLE: io exception
	at org.apache.ratis.thirdparty.io.grpc.stub.ClientCalls.toStatusRuntimeException(ClientCalls.java:233)
	at org.apache.ratis.thirdparty.io.grpc.stub.ClientCalls.getUnchecked(ClientCalls.java:214)
	at org.apache.ratis.thirdparty.io.grpc.stub.ClientCalls.blockingUnaryCall(ClientCalls.java:139)
	at org.apache.ratis.proto.grpc.RaftServerProtocolServiceGrpc$RaftServerProtocolServiceBlockingStub.requestVote(RaftServerProtocolServiceGrpc.java:265)
	at org.apache.ratis.grpc.server.GrpcServerProtocolClient.requestVote(GrpcServerProtocolClient.java:90)
	at org.apache.ratis.grpc.server.GrpcService.requestVote(GrpcService.java:204)
	at org.apache.ratis.server.impl.LeaderElection.lambda$submitRequests$1(LeaderElection.java:238)
	at java.util.concurrent.FutureTask.run(FutureTask.java:266)
	at java.util.concurrent.Executors$RunnableAdapter.call(Executors.java:511)
	at java.util.concurrent.FutureTask.run(FutureTask.java:266)
	at java.util.concurrent.ThreadPoolExecutor.runWorker(ThreadPoolExecutor.java:1149)
	at java.util.concurrent.ThreadPoolExecutor$Worker.run(ThreadPoolExecutor.java:624)
	... 1 more
Caused by: org.apache.ratis.thirdparty.io.netty.channel.AbstractChannel$AnnotatedConnectException: Connection refused: /192.168.157.200:45492
	at sun.nio.ch.SocketChannelImpl.checkConnect(Native Method)
	at sun.nio.ch.SocketChannelImpl.finishConnect(SocketChannelImpl.java:717)
	at org.apache.ratis.thirdparty.io.netty.channel.socket.nio.NioSocketChannel.doFinishConnect(NioSocketChannel.java:327)
	at org.apache.ratis.thirdparty.io.netty.channel.nio.AbstractNioChannel$AbstractNioUnsafe.finishConnect(AbstractNioChannel.java:340)
	at org.apache.ratis.thirdparty.io.netty.channel.nio.NioEventLoop.processSelectedKey(NioEventLoop.java:632)
	at org.apache.ratis.thirdparty.io.netty.channel.nio.NioEventLoop.processSelectedKeysOptimized(NioEventLoop.java:579)
	at org.apache.ratis.thirdparty.io.netty.channel.nio.NioEventLoop.processSelectedKeys(NioEventLoop.java:496)
	at org.apache.ratis.thirdparty.io.netty.channel.nio.NioEventLoop.run(NioEventLoop.java:458)
	at org.apache.ratis.thirdparty.io.netty.util.concurrent.SingleThreadEventExecutor$5.run(SingleThreadEventExecutor.java:897)
	at org.apache.ratis.thirdparty.io.netty.util.concurrent.FastThreadLocalRunnable.run(FastThreadLocalRunnable.java:30)
	... 1 more
Caused by: java.net.ConnectException: Connection refused
	... 11 more
2019-10-11 04:44:29,569 [279ed7c7-79fc-45b0-972c-b02df9246810@group-139FC92BB680:LeaderElection217] INFO  impl.LeaderElection (LeaderElection.java:logAndReturn(56)) - 279ed7c7-79fc-45b0-972c-b02df9246810@group-139FC92BB680:LeaderElection217: Election REJECTED; received 0 response(s) [] and 2 exception(s); 279ed7c7-79fc-45b0-972c-b02df9246810@group-139FC92BB680:t2, leader=null, voted=279ed7c7-79fc-45b0-972c-b02df9246810, raftlog=279ed7c7-79fc-45b0-972c-b02df9246810@group-139FC92BB680-SegmentedRaftLog:OPENED:c0,f0,i0, conf=0: [279ed7c7-79fc-45b0-972c-b02df9246810:192.168.157.200:35749, 0200e9fc-e606-40f3-99f6-f4679a9f9c17:192.168.157.200:39966, a0be1567-3b57-484c-aa98-eeb9bc07b4e0:192.168.157.200:45492], old=null
2019-10-11 04:44:29,569 [279ed7c7-79fc-45b0-972c-b02df9246810@group-139FC92BB680:LeaderElection217] INFO  impl.LeaderElection (LogUtils.java:infoOrTrace(149)) -   Exception 0: {}
java.util.concurrent.ExecutionException: org.apache.ratis.thirdparty.io.grpc.StatusRuntimeException: UNAVAILABLE: io exception
	at java.util.concurrent.FutureTask.report(FutureTask.java:122)
	at java.util.concurrent.FutureTask.get(FutureTask.java:192)
	at org.apache.ratis.server.impl.LeaderElection.waitForResults(LeaderElection.java:263)
	at org.apache.ratis.server.impl.LeaderElection.askForVotes(LeaderElection.java:201)
	at org.apache.ratis.server.impl.LeaderElection.run(LeaderElection.java:133)
	at java.lang.Thread.run(Thread.java:748)
Caused by: org.apache.ratis.thirdparty.io.grpc.StatusRuntimeException: UNAVAILABLE: io exception
	at org.apache.ratis.thirdparty.io.grpc.stub.ClientCalls.toStatusRuntimeException(ClientCalls.java:233)
	at org.apache.ratis.thirdparty.io.grpc.stub.ClientCalls.getUnchecked(ClientCalls.java:214)
	at org.apache.ratis.thirdparty.io.grpc.stub.ClientCalls.blockingUnaryCall(ClientCalls.java:139)
	at org.apache.ratis.proto.grpc.RaftServerProtocolServiceGrpc$RaftServerProtocolServiceBlockingStub.requestVote(RaftServerProtocolServiceGrpc.java:265)
	at org.apache.ratis.grpc.server.GrpcServerProtocolClient.requestVote(GrpcServerProtocolClient.java:90)
	at org.apache.ratis.grpc.server.GrpcService.requestVote(GrpcService.java:204)
	at org.apache.ratis.server.impl.LeaderElection.lambda$submitRequests$1(LeaderElection.java:238)
	at java.util.concurrent.FutureTask.run(FutureTask.java:266)
	at java.util.concurrent.Executors$RunnableAdapter.call(Executors.java:511)
	at java.util.concurrent.FutureTask.run(FutureTask.java:266)
	at java.util.concurrent.ThreadPoolExecutor.runWorker(ThreadPoolExecutor.java:1149)
	at java.util.concurrent.ThreadPoolExecutor$Worker.run(ThreadPoolExecutor.java:624)
	... 1 more
Caused by: org.apache.ratis.thirdparty.io.netty.channel.AbstractChannel$AnnotatedConnectException: Connection refused: /192.168.157.200:39966
	at sun.nio.ch.SocketChannelImpl.checkConnect(Native Method)
	at sun.nio.ch.SocketChannelImpl.finishConnect(SocketChannelImpl.java:717)
	at org.apache.ratis.thirdparty.io.netty.channel.socket.nio.NioSocketChannel.doFinishConnect(NioSocketChannel.java:327)
	at org.apache.ratis.thirdparty.io.netty.channel.nio.AbstractNioChannel$AbstractNioUnsafe.finishConnect(AbstractNioChannel.java:340)
	at org.apache.ratis.thirdparty.io.netty.channel.nio.NioEventLoop.processSelectedKey(NioEventLoop.java:632)
	at org.apache.ratis.thirdparty.io.netty.channel.nio.NioEventLoop.processSelectedKeysOptimized(NioEventLoop.java:579)
	at org.apache.ratis.thirdparty.io.netty.channel.nio.NioEventLoop.processSelectedKeys(NioEventLoop.java:496)
	at org.apache.ratis.thirdparty.io.netty.channel.nio.NioEventLoop.run(NioEventLoop.java:458)
	at org.apache.ratis.thirdparty.io.netty.util.concurrent.SingleThreadEventExecutor$5.run(SingleThreadEventExecutor.java:897)
	at org.apache.ratis.thirdparty.io.netty.util.concurrent.FastThreadLocalRunnable.run(FastThreadLocalRunnable.java:30)
	... 1 more
Caused by: java.net.ConnectException: Connection refused
	... 11 more
2019-10-11 04:44:29,569 [279ed7c7-79fc-45b0-972c-b02df9246810@group-139FC92BB680:LeaderElection217] INFO  impl.LeaderElection (LogUtils.java:infoOrTrace(149)) -   Exception 1: {}
java.util.concurrent.ExecutionException: org.apache.ratis.thirdparty.io.grpc.StatusRuntimeException: UNAVAILABLE: io exception
	at java.util.concurrent.FutureTask.report(FutureTask.java:122)
	at java.util.concurrent.FutureTask.get(FutureTask.java:192)
	at org.apache.ratis.server.impl.LeaderElection.waitForResults(LeaderElection.java:263)
	at org.apache.ratis.server.impl.LeaderElection.askForVotes(LeaderElection.java:201)
	at org.apache.ratis.server.impl.LeaderElection.run(LeaderElection.java:133)
	at java.lang.Thread.run(Thread.java:748)
Caused by: org.apache.ratis.thirdparty.io.grpc.StatusRuntimeException: UNAVAILABLE: io exception
	at org.apache.ratis.thirdparty.io.grpc.stub.ClientCalls.toStatusRuntimeException(ClientCalls.java:233)
	at org.apache.ratis.thirdparty.io.grpc.stub.ClientCalls.getUnchecked(ClientCalls.java:214)
	at org.apache.ratis.thirdparty.io.grpc.stub.ClientCalls.blockingUnaryCall(ClientCalls.java:139)
	at org.apache.ratis.proto.grpc.RaftServerProtocolServiceGrpc$RaftServerProtocolServiceBlockingStub.requestVote(RaftServerProtocolServiceGrpc.java:265)
	at org.apache.ratis.grpc.server.GrpcServerProtocolClient.requestVote(GrpcServerProtocolClient.java:90)
	at org.apache.ratis.grpc.server.GrpcService.requestVote(GrpcService.java:204)
	at org.apache.ratis.server.impl.LeaderElection.lambda$submitRequests$1(LeaderElection.java:238)
	at java.util.concurrent.FutureTask.run(FutureTask.java:266)
	at java.util.concurrent.Executors$RunnableAdapter.call(Executors.java:511)
	at java.util.concurrent.FutureTask.run(FutureTask.java:266)
	at java.util.concurrent.ThreadPoolExecutor.runWorker(ThreadPoolExecutor.java:1149)
	at java.util.concurrent.ThreadPoolExecutor$Worker.run(ThreadPoolExecutor.java:624)
	... 1 more
Caused by: org.apache.ratis.thirdparty.io.netty.channel.AbstractChannel$AnnotatedConnectException: Connection refused: /192.168.157.200:45492
	at sun.nio.ch.SocketChannelImpl.checkConnect(Native Method)
	at sun.nio.ch.SocketChannelImpl.finishConnect(SocketChannelImpl.java:717)
	at org.apache.ratis.thirdparty.io.netty.channel.socket.nio.NioSocketChannel.doFinishConnect(NioSocketChannel.java:327)
	at org.apache.ratis.thirdparty.io.netty.channel.nio.AbstractNioChannel$AbstractNioUnsafe.finishConnect(AbstractNioChannel.java:340)
	at org.apache.ratis.thirdparty.io.netty.channel.nio.NioEventLoop.processSelectedKey(NioEventLoop.java:632)
	at org.apache.ratis.thirdparty.io.netty.channel.nio.NioEventLoop.processSelectedKeysOptimized(NioEventLoop.java:579)
	at org.apache.ratis.thirdparty.io.netty.channel.nio.NioEventLoop.processSelectedKeys(NioEventLoop.java:496)
	at org.apache.ratis.thirdparty.io.netty.channel.nio.NioEventLoop.run(NioEventLoop.java:458)
	at org.apache.ratis.thirdparty.io.netty.util.concurrent.SingleThreadEventExecutor$5.run(SingleThreadEventExecutor.java:897)
	at org.apache.ratis.thirdparty.io.netty.util.concurrent.FastThreadLocalRunnable.run(FastThreadLocalRunnable.java:30)
	... 1 more
Caused by: java.net.ConnectException: Connection refused
	... 11 more
2019-10-11 04:44:29,569 [279ed7c7-79fc-45b0-972c-b02df9246810@group-139FC92BB680:LeaderElection217] INFO  impl.RaftServerImpl (RaftServerImpl.java:setRole(174)) - 279ed7c7-79fc-45b0-972c-b02df9246810@group-139FC92BB680: changes role from CANDIDATE to FOLLOWER at term 2 for DISCOVERED_A_NEW_TERM
2019-10-11 04:44:29,569 [279ed7c7-79fc-45b0-972c-b02df9246810@group-139FC92BB680:LeaderElection217] INFO  impl.RoleInfo (RoleInfo.java:shutdownLeaderElection(134)) - 279ed7c7-79fc-45b0-972c-b02df9246810: shutdown LeaderElection
2019-10-11 04:44:29,570 [279ed7c7-79fc-45b0-972c-b02df9246810@group-139FC92BB680:LeaderElection217] INFO  impl.RoleInfo (RoleInfo.java:updateAndGet(143)) - 279ed7c7-79fc-45b0-972c-b02df9246810: start FollowerState
2019-10-11 04:44:29,871 [Thread-6812] INFO  impl.FollowerState (FollowerState.java:run(106)) - 279ed7c7-79fc-45b0-972c-b02df9246810:group-C9E2B5B3B0C9 changes to CANDIDATE, lastRpcTime:8076, electionTimeout:5111ms
2019-10-11 04:44:29,871 [Thread-6812] INFO  impl.RoleInfo (RoleInfo.java:shutdownFollowerState(121)) - 279ed7c7-79fc-45b0-972c-b02df9246810: shutdown FollowerState
2019-10-11 04:44:29,871 [Thread-6812] INFO  impl.RaftServerImpl (RaftServerImpl.java:setRole(174)) - 279ed7c7-79fc-45b0-972c-b02df9246810@group-C9E2B5B3B0C9: changes role from  FOLLOWER to CANDIDATE at term 1 for changeToCandidate
2019-10-11 04:44:29,871 [Thread-6812] INFO  impl.RoleInfo (RoleInfo.java:updateAndGet(143)) - 279ed7c7-79fc-45b0-972c-b02df9246810: start LeaderElection
2019-10-11 04:44:29,871 [279ed7c7-79fc-45b0-972c-b02df9246810@group-C9E2B5B3B0C9:LeaderElection218] INFO  impl.RaftServerImpl (ServerState.java:setLeader(253)) - 279ed7c7-79fc-45b0-972c-b02df9246810@group-C9E2B5B3B0C9: change Leader from 0200e9fc-e606-40f3-99f6-f4679a9f9c17 to null at term 1 for initElection
2019-10-11 04:44:29,884 [279ed7c7-79fc-45b0-972c-b02df9246810@group-C9E2B5B3B0C9:LeaderElection218] INFO  impl.LeaderElection (LeaderElection.java:askForVotes(182)) - 279ed7c7-79fc-45b0-972c-b02df9246810@group-C9E2B5B3B0C9:LeaderElection218: begin an election at term 2 for 0: [279ed7c7-79fc-45b0-972c-b02df9246810:192.168.157.200:35749, 0200e9fc-e606-40f3-99f6-f4679a9f9c17:192.168.157.200:39966, a0be1567-3b57-484c-aa98-eeb9bc07b4e0:192.168.157.200:45492], old=null
2019-10-11 04:44:29,885 [279ed7c7-79fc-45b0-972c-b02df9246810@group-C9E2B5B3B0C9:LeaderElection218] INFO  impl.LeaderElection (LogUtils.java:infoOrTrace(149)) - 279ed7c7-79fc-45b0-972c-b02df9246810@group-C9E2B5B3B0C9:LeaderElection218 got exception when requesting votes: {}
java.util.concurrent.ExecutionException: org.apache.ratis.thirdparty.io.grpc.StatusRuntimeException: UNAVAILABLE: io exception
	at java.util.concurrent.FutureTask.report(FutureTask.java:122)
	at java.util.concurrent.FutureTask.get(FutureTask.java:192)
	at org.apache.ratis.server.impl.LeaderElection.waitForResults(LeaderElection.java:263)
	at org.apache.ratis.server.impl.LeaderElection.askForVotes(LeaderElection.java:201)
	at org.apache.ratis.server.impl.LeaderElection.run(LeaderElection.java:133)
	at java.lang.Thread.run(Thread.java:748)
Caused by: org.apache.ratis.thirdparty.io.grpc.StatusRuntimeException: UNAVAILABLE: io exception
	at org.apache.ratis.thirdparty.io.grpc.stub.ClientCalls.toStatusRuntimeException(ClientCalls.java:233)
	at org.apache.ratis.thirdparty.io.grpc.stub.ClientCalls.getUnchecked(ClientCalls.java:214)
	at org.apache.ratis.thirdparty.io.grpc.stub.ClientCalls.blockingUnaryCall(ClientCalls.java:139)
	at org.apache.ratis.proto.grpc.RaftServerProtocolServiceGrpc$RaftServerProtocolServiceBlockingStub.requestVote(RaftServerProtocolServiceGrpc.java:265)
	at org.apache.ratis.grpc.server.GrpcServerProtocolClient.requestVote(GrpcServerProtocolClient.java:90)
	at org.apache.ratis.grpc.server.GrpcService.requestVote(GrpcService.java:204)
	at org.apache.ratis.server.impl.LeaderElection.lambda$submitRequests$1(LeaderElection.java:238)
	at java.util.concurrent.FutureTask.run(FutureTask.java:266)
	at java.util.concurrent.Executors$RunnableAdapter.call(Executors.java:511)
	at java.util.concurrent.FutureTask.run(FutureTask.java:266)
	at java.util.concurrent.ThreadPoolExecutor.runWorker(ThreadPoolExecutor.java:1149)
	at java.util.concurrent.ThreadPoolExecutor$Worker.run(ThreadPoolExecutor.java:624)
	... 1 more
Caused by: org.apache.ratis.thirdparty.io.netty.channel.AbstractChannel$AnnotatedConnectException: Connection refused: /192.168.157.200:45492
	at sun.nio.ch.SocketChannelImpl.checkConnect(Native Method)
	at sun.nio.ch.SocketChannelImpl.finishConnect(SocketChannelImpl.java:717)
	at org.apache.ratis.thirdparty.io.netty.channel.socket.nio.NioSocketChannel.doFinishConnect(NioSocketChannel.java:327)
	at org.apache.ratis.thirdparty.io.netty.channel.nio.AbstractNioChannel$AbstractNioUnsafe.finishConnect(AbstractNioChannel.java:340)
	at org.apache.ratis.thirdparty.io.netty.channel.nio.NioEventLoop.processSelectedKey(NioEventLoop.java:632)
	at org.apache.ratis.thirdparty.io.netty.channel.nio.NioEventLoop.processSelectedKeysOptimized(NioEventLoop.java:579)
	at org.apache.ratis.thirdparty.io.netty.channel.nio.NioEventLoop.processSelectedKeys(NioEventLoop.java:496)
	at org.apache.ratis.thirdparty.io.netty.channel.nio.NioEventLoop.run(NioEventLoop.java:458)
	at org.apache.ratis.thirdparty.io.netty.util.concurrent.SingleThreadEventExecutor$5.run(SingleThreadEventExecutor.java:897)
	at org.apache.ratis.thirdparty.io.netty.util.concurrent.FastThreadLocalRunnable.run(FastThreadLocalRunnable.java:30)
	... 1 more
Caused by: java.net.ConnectException: Connection refused
	... 11 more
2019-10-11 04:44:29,888 [279ed7c7-79fc-45b0-972c-b02df9246810@group-C9E2B5B3B0C9:LeaderElection218] INFO  impl.LeaderElection (LogUtils.java:infoOrTrace(149)) - 279ed7c7-79fc-45b0-972c-b02df9246810@group-C9E2B5B3B0C9:LeaderElection218 got exception when requesting votes: {}
java.util.concurrent.ExecutionException: org.apache.ratis.thirdparty.io.grpc.StatusRuntimeException: UNAVAILABLE: io exception
	at java.util.concurrent.FutureTask.report(FutureTask.java:122)
	at java.util.concurrent.FutureTask.get(FutureTask.java:192)
	at org.apache.ratis.server.impl.LeaderElection.waitForResults(LeaderElection.java:263)
	at org.apache.ratis.server.impl.LeaderElection.askForVotes(LeaderElection.java:201)
	at org.apache.ratis.server.impl.LeaderElection.run(LeaderElection.java:133)
	at java.lang.Thread.run(Thread.java:748)
Caused by: org.apache.ratis.thirdparty.io.grpc.StatusRuntimeException: UNAVAILABLE: io exception
	at org.apache.ratis.thirdparty.io.grpc.stub.ClientCalls.toStatusRuntimeException(ClientCalls.java:233)
	at org.apache.ratis.thirdparty.io.grpc.stub.ClientCalls.getUnchecked(ClientCalls.java:214)
	at org.apache.ratis.thirdparty.io.grpc.stub.ClientCalls.blockingUnaryCall(ClientCalls.java:139)
	at org.apache.ratis.proto.grpc.RaftServerProtocolServiceGrpc$RaftServerProtocolServiceBlockingStub.requestVote(RaftServerProtocolServiceGrpc.java:265)
	at org.apache.ratis.grpc.server.GrpcServerProtocolClient.requestVote(GrpcServerProtocolClient.java:90)
	at org.apache.ratis.grpc.server.GrpcService.requestVote(GrpcService.java:204)
	at org.apache.ratis.server.impl.LeaderElection.lambda$submitRequests$1(LeaderElection.java:238)
	at java.util.concurrent.FutureTask.run(FutureTask.java:266)
	at java.util.concurrent.Executors$RunnableAdapter.call(Executors.java:511)
	at java.util.concurrent.FutureTask.run(FutureTask.java:266)
	at java.util.concurrent.ThreadPoolExecutor.runWorker(ThreadPoolExecutor.java:1149)
	at java.util.concurrent.ThreadPoolExecutor$Worker.run(ThreadPoolExecutor.java:624)
	... 1 more
Caused by: org.apache.ratis.thirdparty.io.netty.channel.AbstractChannel$AnnotatedConnectException: Connection refused: /192.168.157.200:39966
	at sun.nio.ch.SocketChannelImpl.checkConnect(Native Method)
	at sun.nio.ch.SocketChannelImpl.finishConnect(SocketChannelImpl.java:717)
	at org.apache.ratis.thirdparty.io.netty.channel.socket.nio.NioSocketChannel.doFinishConnect(NioSocketChannel.java:327)
	at org.apache.ratis.thirdparty.io.netty.channel.nio.AbstractNioChannel$AbstractNioUnsafe.finishConnect(AbstractNioChannel.java:340)
	at org.apache.ratis.thirdparty.io.netty.channel.nio.NioEventLoop.processSelectedKey(NioEventLoop.java:632)
	at org.apache.ratis.thirdparty.io.netty.channel.nio.NioEventLoop.processSelectedKeysOptimized(NioEventLoop.java:579)
	at org.apache.ratis.thirdparty.io.netty.channel.nio.NioEventLoop.processSelectedKeys(NioEventLoop.java:496)
	at org.apache.ratis.thirdparty.io.netty.channel.nio.NioEventLoop.run(NioEventLoop.java:458)
	at org.apache.ratis.thirdparty.io.netty.util.concurrent.SingleThreadEventExecutor$5.run(SingleThreadEventExecutor.java:897)
	at org.apache.ratis.thirdparty.io.netty.util.concurrent.FastThreadLocalRunnable.run(FastThreadLocalRunnable.java:30)
	... 1 more
Caused by: java.net.ConnectException: Connection refused
	... 11 more
2019-10-11 04:44:29,889 [279ed7c7-79fc-45b0-972c-b02df9246810@group-C9E2B5B3B0C9:LeaderElection218] INFO  impl.LeaderElection (LeaderElection.java:logAndReturn(56)) - 279ed7c7-79fc-45b0-972c-b02df9246810@group-C9E2B5B3B0C9:LeaderElection218: Election REJECTED; received 0 response(s) [] and 2 exception(s); 279ed7c7-79fc-45b0-972c-b02df9246810@group-C9E2B5B3B0C9:t2, leader=null, voted=279ed7c7-79fc-45b0-972c-b02df9246810, raftlog=279ed7c7-79fc-45b0-972c-b02df9246810@group-C9E2B5B3B0C9-SegmentedRaftLog:OPENED:c6,f6,i6, conf=0: [279ed7c7-79fc-45b0-972c-b02df9246810:192.168.157.200:35749, 0200e9fc-e606-40f3-99f6-f4679a9f9c17:192.168.157.200:39966, a0be1567-3b57-484c-aa98-eeb9bc07b4e0:192.168.157.200:45492], old=null
2019-10-11 04:44:29,889 [279ed7c7-79fc-45b0-972c-b02df9246810@group-C9E2B5B3B0C9:LeaderElection218] INFO  impl.LeaderElection (LogUtils.java:infoOrTrace(149)) -   Exception 0: {}
java.util.concurrent.ExecutionException: org.apache.ratis.thirdparty.io.grpc.StatusRuntimeException: UNAVAILABLE: io exception
	at java.util.concurrent.FutureTask.report(FutureTask.java:122)
	at java.util.concurrent.FutureTask.get(FutureTask.java:192)
	at org.apache.ratis.server.impl.LeaderElection.waitForResults(LeaderElection.java:263)
	at org.apache.ratis.server.impl.LeaderElection.askForVotes(LeaderElection.java:201)
	at org.apache.ratis.server.impl.LeaderElection.run(LeaderElection.java:133)
	at java.lang.Thread.run(Thread.java:748)
Caused by: org.apache.ratis.thirdparty.io.grpc.StatusRuntimeException: UNAVAILABLE: io exception
	at org.apache.ratis.thirdparty.io.grpc.stub.ClientCalls.toStatusRuntimeException(ClientCalls.java:233)
	at org.apache.ratis.thirdparty.io.grpc.stub.ClientCalls.getUnchecked(ClientCalls.java:214)
	at org.apache.ratis.thirdparty.io.grpc.stub.ClientCalls.blockingUnaryCall(ClientCalls.java:139)
	at org.apache.ratis.proto.grpc.RaftServerProtocolServiceGrpc$RaftServerProtocolServiceBlockingStub.requestVote(RaftServerProtocolServiceGrpc.java:265)
	at org.apache.ratis.grpc.server.GrpcServerProtocolClient.requestVote(GrpcServerProtocolClient.java:90)
	at org.apache.ratis.grpc.server.GrpcService.requestVote(GrpcService.java:204)
	at org.apache.ratis.server.impl.LeaderElection.lambda$submitRequests$1(LeaderElection.java:238)
	at java.util.concurrent.FutureTask.run(FutureTask.java:266)
	at java.util.concurrent.Executors$RunnableAdapter.call(Executors.java:511)
	at java.util.concurrent.FutureTask.run(FutureTask.java:266)
	at java.util.concurrent.ThreadPoolExecutor.runWorker(ThreadPoolExecutor.java:1149)
	at java.util.concurrent.ThreadPoolExecutor$Worker.run(ThreadPoolExecutor.java:624)
	... 1 more
Caused by: org.apache.ratis.thirdparty.io.netty.channel.AbstractChannel$AnnotatedConnectException: Connection refused: /192.168.157.200:45492
	at sun.nio.ch.SocketChannelImpl.checkConnect(Native Method)
	at sun.nio.ch.SocketChannelImpl.finishConnect(SocketChannelImpl.java:717)
	at org.apache.ratis.thirdparty.io.netty.channel.socket.nio.NioSocketChannel.doFinishConnect(NioSocketChannel.java:327)
	at org.apache.ratis.thirdparty.io.netty.channel.nio.AbstractNioChannel$AbstractNioUnsafe.finishConnect(AbstractNioChannel.java:340)
	at org.apache.ratis.thirdparty.io.netty.channel.nio.NioEventLoop.processSelectedKey(NioEventLoop.java:632)
	at org.apache.ratis.thirdparty.io.netty.channel.nio.NioEventLoop.processSelectedKeysOptimized(NioEventLoop.java:579)
	at org.apache.ratis.thirdparty.io.netty.channel.nio.NioEventLoop.processSelectedKeys(NioEventLoop.java:496)
	at org.apache.ratis.thirdparty.io.netty.channel.nio.NioEventLoop.run(NioEventLoop.java:458)
	at org.apache.ratis.thirdparty.io.netty.util.concurrent.SingleThreadEventExecutor$5.run(SingleThreadEventExecutor.java:897)
	at org.apache.ratis.thirdparty.io.netty.util.concurrent.FastThreadLocalRunnable.run(FastThreadLocalRunnable.java:30)
	... 1 more
Caused by: java.net.ConnectException: Connection refused
	... 11 more
2019-10-11 04:44:29,890 [279ed7c7-79fc-45b0-972c-b02df9246810@group-C9E2B5B3B0C9:LeaderElection218] INFO  impl.LeaderElection (LogUtils.java:infoOrTrace(149)) -   Exception 1: {}
java.util.concurrent.ExecutionException: org.apache.ratis.thirdparty.io.grpc.StatusRuntimeException: UNAVAILABLE: io exception
	at java.util.concurrent.FutureTask.report(FutureTask.java:122)
	at java.util.concurrent.FutureTask.get(FutureTask.java:192)
	at org.apache.ratis.server.impl.LeaderElection.waitForResults(LeaderElection.java:263)
	at org.apache.ratis.server.impl.LeaderElection.askForVotes(LeaderElection.java:201)
	at org.apache.ratis.server.impl.LeaderElection.run(LeaderElection.java:133)
	at java.lang.Thread.run(Thread.java:748)
Caused by: org.apache.ratis.thirdparty.io.grpc.StatusRuntimeException: UNAVAILABLE: io exception
	at org.apache.ratis.thirdparty.io.grpc.stub.ClientCalls.toStatusRuntimeException(ClientCalls.java:233)
	at org.apache.ratis.thirdparty.io.grpc.stub.ClientCalls.getUnchecked(ClientCalls.java:214)
	at org.apache.ratis.thirdparty.io.grpc.stub.ClientCalls.blockingUnaryCall(ClientCalls.java:139)
	at org.apache.ratis.proto.grpc.RaftServerProtocolServiceGrpc$RaftServerProtocolServiceBlockingStub.requestVote(RaftServerProtocolServiceGrpc.java:265)
	at org.apache.ratis.grpc.server.GrpcServerProtocolClient.requestVote(GrpcServerProtocolClient.java:90)
	at org.apache.ratis.grpc.server.GrpcService.requestVote(GrpcService.java:204)
	at org.apache.ratis.server.impl.LeaderElection.lambda$submitRequests$1(LeaderElection.java:238)
	at java.util.concurrent.FutureTask.run(FutureTask.java:266)
	at java.util.concurrent.Executors$RunnableAdapter.call(Executors.java:511)
	at java.util.concurrent.FutureTask.run(FutureTask.java:266)
	at java.util.concurrent.ThreadPoolExecutor.runWorker(ThreadPoolExecutor.java:1149)
	at java.util.concurrent.ThreadPoolExecutor$Worker.run(ThreadPoolExecutor.java:624)
	... 1 more
Caused by: org.apache.ratis.thirdparty.io.netty.channel.AbstractChannel$AnnotatedConnectException: Connection refused: /192.168.157.200:39966
	at sun.nio.ch.SocketChannelImpl.checkConnect(Native Method)
	at sun.nio.ch.SocketChannelImpl.finishConnect(SocketChannelImpl.java:717)
	at org.apache.ratis.thirdparty.io.netty.channel.socket.nio.NioSocketChannel.doFinishConnect(NioSocketChannel.java:327)
	at org.apache.ratis.thirdparty.io.netty.channel.nio.AbstractNioChannel$AbstractNioUnsafe.finishConnect(AbstractNioChannel.java:340)
	at org.apache.ratis.thirdparty.io.netty.channel.nio.NioEventLoop.processSelectedKey(NioEventLoop.java:632)
	at org.apache.ratis.thirdparty.io.netty.channel.nio.NioEventLoop.processSelectedKeysOptimized(NioEventLoop.java:579)
	at org.apache.ratis.thirdparty.io.netty.channel.nio.NioEventLoop.processSelectedKeys(NioEventLoop.java:496)
	at org.apache.ratis.thirdparty.io.netty.channel.nio.NioEventLoop.run(NioEventLoop.java:458)
	at org.apache.ratis.thirdparty.io.netty.util.concurrent.SingleThreadEventExecutor$5.run(SingleThreadEventExecutor.java:897)
	at org.apache.ratis.thirdparty.io.netty.util.concurrent.FastThreadLocalRunnable.run(FastThreadLocalRunnable.java:30)
	... 1 more
Caused by: java.net.ConnectException: Connection refused
	... 11 more
2019-10-11 04:44:29,890 [279ed7c7-79fc-45b0-972c-b02df9246810@group-C9E2B5B3B0C9:LeaderElection218] INFO  impl.RaftServerImpl (RaftServerImpl.java:setRole(174)) - 279ed7c7-79fc-45b0-972c-b02df9246810@group-C9E2B5B3B0C9: changes role from CANDIDATE to FOLLOWER at term 2 for DISCOVERED_A_NEW_TERM
2019-10-11 04:44:29,890 [279ed7c7-79fc-45b0-972c-b02df9246810@group-C9E2B5B3B0C9:LeaderElection218] INFO  impl.RoleInfo (RoleInfo.java:shutdownLeaderElection(134)) - 279ed7c7-79fc-45b0-972c-b02df9246810: shutdown LeaderElection
2019-10-11 04:44:29,890 [279ed7c7-79fc-45b0-972c-b02df9246810@group-C9E2B5B3B0C9:LeaderElection218] INFO  impl.RoleInfo (RoleInfo.java:updateAndGet(143)) - 279ed7c7-79fc-45b0-972c-b02df9246810: start FollowerState
2019-10-11 04:44:31,798 [grpc-default-executor-23] WARN  server.GrpcLogAppender (LogUtils.java:warn(134)) - 279ed7c7-79fc-45b0-972c-b02df9246810@group-F6D21F3B4CB1->0200e9fc-e606-40f3-99f6-f4679a9f9c17-AppendLogResponseHandler: Failed appendEntries: org.apache.ratis.thirdparty.io.grpc.StatusRuntimeException: UNAVAILABLE: io exception
2019-10-11 04:44:31,798 [grpc-default-executor-20] WARN  server.GrpcLogAppender (LogUtils.java:warn(134)) - 279ed7c7-79fc-45b0-972c-b02df9246810@group-F6D21F3B4CB1->a0be1567-3b57-484c-aa98-eeb9bc07b4e0-AppendLogResponseHandler: Failed appendEntries: org.apache.ratis.thirdparty.io.grpc.StatusRuntimeException: UNAVAILABLE: io exception
2019-10-11 04:44:31,798 [grpc-default-executor-23] INFO  impl.FollowerInfo (FollowerInfo.java:lambda$new$0(51)) - 279ed7c7-79fc-45b0-972c-b02df9246810@group-F6D21F3B4CB1->0200e9fc-e606-40f3-99f6-f4679a9f9c17: nextIndex: updateUnconditionally 0 -> 0
2019-10-11 04:44:31,798 [grpc-default-executor-20] INFO  impl.FollowerInfo (FollowerInfo.java:lambda$new$0(51)) - 279ed7c7-79fc-45b0-972c-b02df9246810@group-F6D21F3B4CB1->a0be1567-3b57-484c-aa98-eeb9bc07b4e0: nextIndex: updateUnconditionally 0 -> 0
2019-10-11 04:44:31,814 [EventQueue-StaleNodeForStaleNodeHandler] INFO  node.StaleNodeHandler (StaleNodeHandler.java:onMessage(58)) - Datanode 279ed7c7-79fc-45b0-972c-b02df9246810{ip: 192.168.157.200, host: pr-hdds-1569-qjnzd-3726989565, networkLocation: /default-rack, certSerialId: null} moved to stale state. Finalizing its pipelines [PipelineID=f5e97734-7dae-41bb-bc48-c9e2b5b3b0c9, PipelineID=bec7fd5d-fffa-4f95-ad78-139fc92bb680, PipelineID=7f8a96a0-940c-42af-ba65-cc3cfd0fb125, PipelineID=a99de9ad-da11-4d19-8b0e-f6d21f3b4cb1]
2019-10-11 04:44:31,814 [EventQueue-StaleNodeForStaleNodeHandler] INFO  pipeline.SCMPipelineManager (SCMPipelineManager.java:finalizeAndDestroyPipeline(342)) - destroying pipeline:Pipeline[ Id: f5e97734-7dae-41bb-bc48-c9e2b5b3b0c9, Nodes: a0be1567-3b57-484c-aa98-eeb9bc07b4e0{ip: 192.168.157.200, host: pr-hdds-1569-qjnzd-3726989565, networkLocation: /default-rack, certSerialId: null}279ed7c7-79fc-45b0-972c-b02df9246810{ip: 192.168.157.200, host: pr-hdds-1569-qjnzd-3726989565, networkLocation: /default-rack, certSerialId: null}0200e9fc-e606-40f3-99f6-f4679a9f9c17{ip: 192.168.157.200, host: pr-hdds-1569-qjnzd-3726989565, networkLocation: /default-rack, certSerialId: null}, Type:RATIS, Factor:THREE, State:CLOSED]
2019-10-11 04:44:31,815 [EventQueue-StaleNodeForStaleNodeHandler] INFO  pipeline.SCMPipelineManager (SCMPipelineManager.java:finalizeAndDestroyPipeline(342)) - destroying pipeline:Pipeline[ Id: bec7fd5d-fffa-4f95-ad78-139fc92bb680, Nodes: a0be1567-3b57-484c-aa98-eeb9bc07b4e0{ip: 192.168.157.200, host: pr-hdds-1569-qjnzd-3726989565, networkLocation: /default-rack, certSerialId: null}0200e9fc-e606-40f3-99f6-f4679a9f9c17{ip: 192.168.157.200, host: pr-hdds-1569-qjnzd-3726989565, networkLocation: /default-rack, certSerialId: null}279ed7c7-79fc-45b0-972c-b02df9246810{ip: 192.168.157.200, host: pr-hdds-1569-qjnzd-3726989565, networkLocation: /default-rack, certSerialId: null}, Type:RATIS, Factor:THREE, State:CLOSED]
2019-10-11 04:44:31,815 [EventQueue-StaleNodeForStaleNodeHandler] INFO  pipeline.SCMPipelineManager (SCMPipelineManager.java:finalizeAndDestroyPipeline(342)) - destroying pipeline:Pipeline[ Id: 7f8a96a0-940c-42af-ba65-cc3cfd0fb125, Nodes: 0200e9fc-e606-40f3-99f6-f4679a9f9c17{ip: 192.168.157.200, host: pr-hdds-1569-qjnzd-3726989565, networkLocation: /default-rack, certSerialId: null}279ed7c7-79fc-45b0-972c-b02df9246810{ip: 192.168.157.200, host: pr-hdds-1569-qjnzd-3726989565, networkLocation: /default-rack, certSerialId: null}a0be1567-3b57-484c-aa98-eeb9bc07b4e0{ip: 192.168.157.200, host: pr-hdds-1569-qjnzd-3726989565, networkLocation: /default-rack, certSerialId: null}, Type:RATIS, Factor:THREE, State:CLOSED]
2019-10-11 04:44:31,815 [EventQueue-StaleNodeForStaleNodeHandler] INFO  pipeline.SCMPipelineManager (SCMPipelineManager.java:finalizeAndDestroyPipeline(342)) - destroying pipeline:Pipeline[ Id: a99de9ad-da11-4d19-8b0e-f6d21f3b4cb1, Nodes: a0be1567-3b57-484c-aa98-eeb9bc07b4e0{ip: 192.168.157.200, host: pr-hdds-1569-qjnzd-3726989565, networkLocation: /default-rack, certSerialId: null}279ed7c7-79fc-45b0-972c-b02df9246810{ip: 192.168.157.200, host: pr-hdds-1569-qjnzd-3726989565, networkLocation: /default-rack, certSerialId: null}0200e9fc-e606-40f3-99f6-f4679a9f9c17{ip: 192.168.157.200, host: pr-hdds-1569-qjnzd-3726989565, networkLocation: /default-rack, certSerialId: null}, Type:RATIS, Factor:THREE, State:CLOSED]
2019-10-11 04:44:32,149 [main] INFO  ozoneimpl.OzoneContainer (OzoneContainer.java:stop(231)) - Attempting to stop container services.
2019-10-11 04:44:32,151 [main] INFO  impl.RaftServerProxy (RaftServerProxy.java:lambda$close$4(314)) - 279ed7c7-79fc-45b0-972c-b02df9246810: close
2019-10-11 04:44:32,151 [main] INFO  impl.RaftServerImpl (RaftServerImpl.java:lambda$shutdown$3(251)) - 279ed7c7-79fc-45b0-972c-b02df9246810@group-C9E2B5B3B0C9: shutdown
2019-10-11 04:44:32,152 [ForkJoinPool.commonPool-worker-1] INFO  impl.RaftServerImpl (RaftServerImpl.java:lambda$shutdown$3(251)) - 279ed7c7-79fc-45b0-972c-b02df9246810@group-F6D21F3B4CB1: shutdown
2019-10-11 04:44:32,152 [main] INFO  util.JmxRegister (JmxRegister.java:unregister(73)) - Successfully un-registered JMX Bean with object name Ratis:service=RaftServer,group=group-C9E2B5B3B0C9,id=279ed7c7-79fc-45b0-972c-b02df9246810
2019-10-11 04:44:32,152 [ForkJoinPool.commonPool-worker-1] INFO  util.JmxRegister (JmxRegister.java:unregister(73)) - Successfully un-registered JMX Bean with object name Ratis:service=RaftServer,group=group-F6D21F3B4CB1,id=279ed7c7-79fc-45b0-972c-b02df9246810
2019-10-11 04:44:32,152 [main] INFO  impl.RoleInfo (RoleInfo.java:shutdownFollowerState(121)) - 279ed7c7-79fc-45b0-972c-b02df9246810: shutdown FollowerState
2019-10-11 04:44:32,152 [ForkJoinPool.commonPool-worker-1] INFO  impl.RoleInfo (RoleInfo.java:shutdownLeaderState(104)) - 279ed7c7-79fc-45b0-972c-b02df9246810: shutdown LeaderState
2019-10-11 04:44:32,153 [main] INFO  impl.StateMachineUpdater (StateMachineUpdater.java:stopAndJoin(125)) - 279ed7c7-79fc-45b0-972c-b02df9246810@group-C9E2B5B3B0C9-StateMachineUpdater: set stopIndex = 6
2019-10-11 04:44:32,153 [Thread-6944] INFO  impl.FollowerState (FollowerState.java:run(115)) - 279ed7c7-79fc-45b0-972c-b02df9246810: FollowerState was interrupted: java.lang.InterruptedException: sleep interrupted
2019-10-11 04:44:32,153 [org.apache.ratis.server.impl.LogAppender$AppenderDaemon$$Lambda$504/1846240928@5cff3dcb] WARN  server.GrpcLogAppender (GrpcLogAppender.java:mayWait(143)) - 279ed7c7-79fc-45b0-972c-b02df9246810@group-F6D21F3B4CB1->0200e9fc-e606-40f3-99f6-f4679a9f9c17-GrpcLogAppender: Wait interrupted by java.lang.InterruptedException
2019-10-11 04:44:32,153 [org.apache.ratis.server.impl.LogAppender$AppenderDaemon$$Lambda$504/1846240928@6198b77f] WARN  server.GrpcLogAppender (GrpcLogAppender.java:mayWait(143)) - 279ed7c7-79fc-45b0-972c-b02df9246810@group-F6D21F3B4CB1->a0be1567-3b57-484c-aa98-eeb9bc07b4e0-GrpcLogAppender: Wait interrupted by java.lang.InterruptedException
2019-10-11 04:44:32,153 [ForkJoinPool.commonPool-worker-1] INFO  impl.PendingRequests (PendingRequests.java:sendNotLeaderResponses(202)) - 279ed7c7-79fc-45b0-972c-b02df9246810-PendingRequests: sendNotLeaderResponses
2019-10-11 04:44:32,153 [279ed7c7-79fc-45b0-972c-b02df9246810@group-C9E2B5B3B0C9-StateMachineUpdater] INFO  ratis.ContainerStateMachine (ContainerStateMachine.java:takeSnapshot(289)) - group-C9E2B5B3B0C9: Taking a snapshot at:(t:1, i:4) file /workdir/hadoop-ozone/integration-test/target/test-dir/MiniOzoneClusterImpl-b44bfc70-173c-43e3-9456-d6fc7d130422/datanode-5/data/ratis/f5e97734-7dae-41bb-bc48-c9e2b5b3b0c9/sm/snapshot.1_4
2019-10-11 04:44:32,154 [ForkJoinPool.commonPool-worker-1] INFO  impl.StateMachineUpdater (StateMachineUpdater.java:stopAndJoin(125)) - 279ed7c7-79fc-45b0-972c-b02df9246810@group-F6D21F3B4CB1-StateMachineUpdater: set stopIndex = 0
2019-10-11 04:44:32,155 [ForkJoinPool.commonPool-worker-1] INFO  impl.RaftServerImpl (ServerState.java:close(385)) - 279ed7c7-79fc-45b0-972c-b02df9246810@group-F6D21F3B4CB1: closes. applyIndex: 0
2019-10-11 04:44:32,156 [279ed7c7-79fc-45b0-972c-b02df9246810@group-F6D21F3B4CB1-SegmentedRaftLogWorker] INFO  segmented.SegmentedRaftLogWorker (SegmentedRaftLogWorker.java:run(313)) - 279ed7c7-79fc-45b0-972c-b02df9246810@group-F6D21F3B4CB1-SegmentedRaftLogWorker was interrupted, exiting. There are 0 tasks remaining in the queue.
2019-10-11 04:44:32,156 [ForkJoinPool.commonPool-worker-1] INFO  segmented.SegmentedRaftLogWorker (SegmentedRaftLogWorker.java:close(228)) - 279ed7c7-79fc-45b0-972c-b02df9246810@group-F6D21F3B4CB1-SegmentedRaftLogWorker close()
2019-10-11 04:44:32,168 [279ed7c7-79fc-45b0-972c-b02df9246810@group-C9E2B5B3B0C9-StateMachineUpdater] INFO  ratis.ContainerStateMachine (ContainerStateMachine.java:takeSnapshot(300)) - group-C9E2B5B3B0C9: Finished taking a snapshot at:(t:1, i:4) file:/workdir/hadoop-ozone/integration-test/target/test-dir/MiniOzoneClusterImpl-b44bfc70-173c-43e3-9456-d6fc7d130422/datanode-5/data/ratis/f5e97734-7dae-41bb-bc48-c9e2b5b3b0c9/sm/snapshot.1_4 time:15
2019-10-11 04:44:32,168 [279ed7c7-79fc-45b0-972c-b02df9246810@group-C9E2B5B3B0C9-StateMachineUpdater] INFO  impl.StateMachineUpdater (StateMachineUpdater.java:takeSnapshot(258)) - 279ed7c7-79fc-45b0-972c-b02df9246810@group-C9E2B5B3B0C9-StateMachineUpdater: Took a snapshot at index 4
2019-10-11 04:44:32,169 [279ed7c7-79fc-45b0-972c-b02df9246810@group-C9E2B5B3B0C9-StateMachineUpdater] INFO  impl.StateMachineUpdater (StateMachineUpdater.java:lambda$new$0(83)) - 279ed7c7-79fc-45b0-972c-b02df9246810@group-C9E2B5B3B0C9-StateMachineUpdater: snapshotIndex: updateIncreasingly -1 -> 4
2019-10-11 04:44:32,169 [279ed7c7-79fc-45b0-972c-b02df9246810@group-C9E2B5B3B0C9-StateMachineUpdater] INFO  ratis.ContainerStateMachine (ContainerStateMachine.java:takeSnapshot(289)) - group-C9E2B5B3B0C9: Taking a snapshot at:(t:1, i:4) file /workdir/hadoop-ozone/integration-test/target/test-dir/MiniOzoneClusterImpl-b44bfc70-173c-43e3-9456-d6fc7d130422/datanode-5/data/ratis/f5e97734-7dae-41bb-bc48-c9e2b5b3b0c9/sm/snapshot.1_4
2019-10-11 04:44:32,181 [279ed7c7-79fc-45b0-972c-b02df9246810@group-C9E2B5B3B0C9-StateMachineUpdater] INFO  ratis.ContainerStateMachine (ContainerStateMachine.java:takeSnapshot(300)) - group-C9E2B5B3B0C9: Finished taking a snapshot at:(t:1, i:4) file:/workdir/hadoop-ozone/integration-test/target/test-dir/MiniOzoneClusterImpl-b44bfc70-173c-43e3-9456-d6fc7d130422/datanode-5/data/ratis/f5e97734-7dae-41bb-bc48-c9e2b5b3b0c9/sm/snapshot.1_4 time:12
2019-10-11 04:44:32,181 [279ed7c7-79fc-45b0-972c-b02df9246810@group-C9E2B5B3B0C9-StateMachineUpdater] INFO  impl.StateMachineUpdater (StateMachineUpdater.java:takeSnapshot(258)) - 279ed7c7-79fc-45b0-972c-b02df9246810@group-C9E2B5B3B0C9-StateMachineUpdater: Took a snapshot at index 4
2019-10-11 04:44:32,182 [279ed7c7-79fc-45b0-972c-b02df9246810@group-C9E2B5B3B0C9-StateMachineUpdater] INFO  impl.StateMachineUpdater (StateMachineUpdater.java:lambda$new$0(83)) - 279ed7c7-79fc-45b0-972c-b02df9246810@group-C9E2B5B3B0C9-StateMachineUpdater: snapshotIndex: updateIncreasingly 4 -> 4
2019-10-11 04:44:32,182 [main] INFO  impl.RaftServerImpl (ServerState.java:close(385)) - 279ed7c7-79fc-45b0-972c-b02df9246810@group-C9E2B5B3B0C9: closes. applyIndex: 6
2019-10-11 04:44:32,182 [279ed7c7-79fc-45b0-972c-b02df9246810@group-C9E2B5B3B0C9-SegmentedRaftLogWorker] INFO  segmented.SegmentedRaftLogWorker (SegmentedRaftLogWorker.java:run(313)) - 279ed7c7-79fc-45b0-972c-b02df9246810@group-C9E2B5B3B0C9-SegmentedRaftLogWorker was interrupted, exiting. There are 0 tasks remaining in the queue.
2019-10-11 04:44:32,182 [main] INFO  segmented.SegmentedRaftLogWorker (SegmentedRaftLogWorker.java:close(228)) - 279ed7c7-79fc-45b0-972c-b02df9246810@group-C9E2B5B3B0C9-SegmentedRaftLogWorker close()
2019-10-11 04:44:32,185 [main] INFO  impl.RaftServerImpl (RaftServerImpl.java:lambda$shutdown$3(251)) - 279ed7c7-79fc-45b0-972c-b02df9246810@group-139FC92BB680: shutdown
2019-10-11 04:44:32,185 [main] INFO  util.JmxRegister (JmxRegister.java:unregister(73)) - Successfully un-registered JMX Bean with object name Ratis:service=RaftServer,group=group-139FC92BB680,id=279ed7c7-79fc-45b0-972c-b02df9246810
2019-10-11 04:44:32,185 [main] INFO  impl.RoleInfo (RoleInfo.java:shutdownFollowerState(121)) - 279ed7c7-79fc-45b0-972c-b02df9246810: shutdown FollowerState
2019-10-11 04:44:32,186 [main] INFO  impl.StateMachineUpdater (StateMachineUpdater.java:stopAndJoin(125)) - 279ed7c7-79fc-45b0-972c-b02df9246810@group-139FC92BB680-StateMachineUpdater: set stopIndex = 0
2019-10-11 04:44:32,186 [Thread-6940] INFO  impl.FollowerState (FollowerState.java:run(115)) - 279ed7c7-79fc-45b0-972c-b02df9246810: FollowerState was interrupted: java.lang.InterruptedException: sleep interrupted
2019-10-11 04:44:32,186 [main] INFO  impl.RaftServerImpl (ServerState.java:close(385)) - 279ed7c7-79fc-45b0-972c-b02df9246810@group-139FC92BB680: closes. applyIndex: 0
2019-10-11 04:44:32,186 [279ed7c7-79fc-45b0-972c-b02df9246810@group-139FC92BB680-SegmentedRaftLogWorker] INFO  segmented.SegmentedRaftLogWorker (SegmentedRaftLogWorker.java:run(313)) - 279ed7c7-79fc-45b0-972c-b02df9246810@group-139FC92BB680-SegmentedRaftLogWorker was interrupted, exiting. There are 0 tasks remaining in the queue.
2019-10-11 04:44:32,186 [main] INFO  segmented.SegmentedRaftLogWorker (SegmentedRaftLogWorker.java:close(228)) - 279ed7c7-79fc-45b0-972c-b02df9246810@group-139FC92BB680-SegmentedRaftLogWorker close()
2019-10-11 04:44:32,189 [main] INFO  impl.RaftServerImpl (RaftServerImpl.java:lambda$shutdown$3(251)) - 279ed7c7-79fc-45b0-972c-b02df9246810@group-CC3CFD0FB125: shutdown
2019-10-11 04:44:32,189 [main] INFO  util.JmxRegister (JmxRegister.java:unregister(73)) - Successfully un-registered JMX Bean with object name Ratis:service=RaftServer,group=group-CC3CFD0FB125,id=279ed7c7-79fc-45b0-972c-b02df9246810
2019-10-11 04:44:32,189 [main] INFO  impl.RoleInfo (RoleInfo.java:shutdownFollowerState(121)) - 279ed7c7-79fc-45b0-972c-b02df9246810: shutdown FollowerState
2019-10-11 04:44:32,190 [main] INFO  impl.StateMachineUpdater (StateMachineUpdater.java:stopAndJoin(125)) - 279ed7c7-79fc-45b0-972c-b02df9246810@group-CC3CFD0FB125-StateMachineUpdater: set stopIndex = 0
2019-10-11 04:44:32,190 [Thread-6936] INFO  impl.FollowerState (FollowerState.java:run(115)) - 279ed7c7-79fc-45b0-972c-b02df9246810: FollowerState was interrupted: java.lang.InterruptedException: sleep interrupted
2019-10-11 04:44:32,190 [main] INFO  impl.RaftServerImpl (ServerState.java:close(385)) - 279ed7c7-79fc-45b0-972c-b02df9246810@group-CC3CFD0FB125: closes. applyIndex: 0
2019-10-11 04:44:32,191 [279ed7c7-79fc-45b0-972c-b02df9246810@group-CC3CFD0FB125-SegmentedRaftLogWorker] INFO  segmented.SegmentedRaftLogWorker (SegmentedRaftLogWorker.java:run(313)) - 279ed7c7-79fc-45b0-972c-b02df9246810@group-CC3CFD0FB125-SegmentedRaftLogWorker was interrupted, exiting. There are 0 tasks remaining in the queue.
2019-10-11 04:44:32,191 [main] INFO  segmented.SegmentedRaftLogWorker (SegmentedRaftLogWorker.java:close(228)) - 279ed7c7-79fc-45b0-972c-b02df9246810@group-CC3CFD0FB125-SegmentedRaftLogWorker close()
2019-10-11 04:44:32,193 [main] INFO  server.GrpcService (GrpcService.java:closeImpl(164)) - 279ed7c7-79fc-45b0-972c-b02df9246810: shutdown server with port 35749 now
2019-10-11 04:44:32,194 [main] INFO  server.GrpcService (GrpcService.java:closeImpl(172)) - 279ed7c7-79fc-45b0-972c-b02df9246810: shutdown server with port 35749 successfully
2019-10-11 04:44:32,197 [refreshUsed-/workdir/hadoop-ozone/integration-test/target/test-dir/MiniOzoneClusterImpl-b44bfc70-173c-43e3-9456-d6fc7d130422/datanode-5/data/containers] WARN  fs.CachingGetSpaceUsed (CachingGetSpaceUsed.java:run(183)) - Thread Interrupted waiting to refresh disk information: sleep interrupted
2019-10-11 04:44:32,217 [main] INFO  utils.BackgroundService (BackgroundService.java:shutdown(148)) - Shutting down service BlockDeletingService
2019-10-11 04:44:32,221 [main] INFO  statemachine.DatanodeStateMachine (DatanodeStateMachine.java:stopDaemon(395)) - Ozone container server stopped.
2019-10-11 04:44:32,223 [main] INFO  handler.ContextHandler (ContextHandler.java:doStop(910)) - Stopped o.e.j.w.WebAppContext@6210666c{/,null,UNAVAILABLE}{/hddsDatanode}
2019-10-11 04:44:32,224 [main] INFO  server.AbstractConnector (AbstractConnector.java:doStop(318)) - Stopped ServerConnector@1dca62c2{HTTP/1.1,[http/1.1]}{0.0.0.0:0}
2019-10-11 04:44:32,225 [main] INFO  handler.ContextHandler (ContextHandler.java:doStop(910)) - Stopped o.e.j.s.ServletContextHandler@f10d055{/static,jar:file:/home/user/.m2/repository/org/apache/hadoop/hadoop-hdds-container-service/0.5.0-SNAPSHOT/hadoop-hdds-container-service-0.5.0-SNAPSHOT.jar!/webapps/static,UNAVAILABLE}
2019-10-11 04:44:32,225 [main] INFO  handler.ContextHandler (ContextHandler.java:doStop(910)) - Stopped o.e.j.s.ServletContextHandler@2c3f43d1{/logs,file:///workdir/hadoop-ozone/integration-test/target/log,UNAVAILABLE}
2019-10-11 04:44:32,226 [main] INFO  ozone.MiniOzoneClusterImpl (MiniOzoneClusterImpl.java:stopSCM(392)) - Stopping the StorageContainerManager
2019-10-11 04:44:32,226 [main] INFO  server.StorageContainerManager (StorageContainerManager.java:stop(808)) - Stopping Replication Manager Service.
2019-10-11 04:44:32,226 [main] INFO  container.ReplicationManager (ReplicationManager.java:stop(204)) - Stopping Replication Monitor Thread.
2019-10-11 04:44:32,227 [main] INFO  server.StorageContainerManager (StorageContainerManager.java:stop(815)) - Stopping Lease Manager of the command watchers
2019-10-11 04:44:32,227 [main] INFO  server.StorageContainerManager (StorageContainerManager.java:stop(822)) - Stopping datanode service RPC server
2019-10-11 04:44:32,227 [main] INFO  server.SCMDatanodeProtocolServer (SCMDatanodeProtocolServer.java:stop(367)) - Stopping the RPC server for DataNodes
2019-10-11 04:44:32,227 [main] INFO  ipc.Server (Server.java:stop(3082)) - Stopping server on 42181
2019-10-11 04:44:32,230 [IPC Server listener on 42181] INFO  ipc.Server (Server.java:run(1185)) - Stopping IPC Server listener on 42181
2019-10-11 04:44:32,230 [IPC Server Responder] INFO  ipc.Server (Server.java:run(1319)) - Stopping IPC Server Responder
2019-10-11 04:44:32,314 [SCM Heartbeat Processing Thread - 0] WARN  node.NodeStateManager (NodeStateManager.java:scheduleNextHealthCheck(655)) - Current Thread is interrupted, shutting down HB processing thread for Node Manager.
2019-10-11 04:44:32,314 [main] INFO  server.StorageContainerManager (StorageContainerManager.java:stop(830)) - Stopping block service RPC server
2019-10-11 04:44:32,314 [main] INFO  server.SCMBlockProtocolServer (SCMBlockProtocolServer.java:stop(155)) - Stopping the RPC server for Block Protocol
2019-10-11 04:44:32,315 [main] INFO  ipc.Server (Server.java:stop(3082)) - Stopping server on 40052
2019-10-11 04:44:32,317 [main] INFO  server.StorageContainerManager (StorageContainerManager.java:stop(837)) - Stopping the StorageContainerLocationProtocol RPC server
2019-10-11 04:44:32,317 [main] INFO  server.SCMClientProtocolServer (SCMClientProtocolServer.java:stop(159)) - Stopping the RPC server for Client Protocol
2019-10-11 04:44:32,318 [main] INFO  ipc.Server (Server.java:stop(3082)) - Stopping server on 41055
2019-10-11 04:44:32,318 [IPC Server listener on 40052] INFO  ipc.Server (Server.java:run(1185)) - Stopping IPC Server listener on 40052
2019-10-11 04:44:32,318 [IPC Server Responder] INFO  ipc.Server (Server.java:run(1319)) - Stopping IPC Server Responder
2019-10-11 04:44:32,331 [IPC Server listener on 41055] INFO  ipc.Server (Server.java:run(1185)) - Stopping IPC Server listener on 41055
2019-10-11 04:44:32,331 [main] INFO  server.StorageContainerManager (StorageContainerManager.java:stop(844)) - Stopping Storage Container Manager HTTP server.
2019-10-11 04:44:32,331 [IPC Server Responder] INFO  ipc.Server (Server.java:run(1319)) - Stopping IPC Server Responder
2019-10-11 04:44:32,332 [main] INFO  handler.ContextHandler (ContextHandler.java:doStop(910)) - Stopped o.e.j.w.WebAppContext@2c674d58{/,null,UNAVAILABLE}{/scm}
2019-10-11 04:44:32,333 [main] INFO  server.AbstractConnector (AbstractConnector.java:doStop(318)) - Stopped ServerConnector@3c07e830{HTTP/1.1,[http/1.1]}{0.0.0.0:0}
2019-10-11 04:44:32,333 [main] INFO  handler.ContextHandler (ContextHandler.java:doStop(910)) - Stopped o.e.j.s.ServletContextHandler@7686f701{/static,file:///workdir/hadoop-ozone/integration-test/target/test-classes/webapps/static,UNAVAILABLE}
2019-10-11 04:44:32,334 [main] INFO  handler.ContextHandler (ContextHandler.java:doStop(910)) - Stopped o.e.j.s.ServletContextHandler@5a13f1f7{/logs,file:///workdir/hadoop-ozone/integration-test/target/log,UNAVAILABLE}
2019-10-11 04:44:32,334 [main] INFO  server.StorageContainerManager (StorageContainerManager.java:stop(855)) - Stopping Block Manager Service.
2019-10-11 04:44:32,334 [main] INFO  utils.BackgroundService (BackgroundService.java:shutdown(148)) - Shutting down service SCMBlockDeletingService
2019-10-11 04:44:32,336 [main] INFO  utils.BackgroundService (BackgroundService.java:shutdown(148)) - Shutting down service SCMBlockDeletingService
2019-10-11 04:44:32,337 [main] INFO  server.StorageContainerManager (StorageContainerManager.java:stop(877)) - Stopping SCM Event Queue.
2019-10-11 04:44:32,341 [main] INFO  impl.MetricsSystemImpl (MetricsSystemImpl.java:stop(210)) - Stopping HddsDatanode metrics system...
2019-10-11 04:44:32,387 [main] INFO  impl.MetricsSystemImpl (MetricsSystemImpl.java:stop(216)) - HddsDatanode metrics system stopped.
]]></system-out>
    <system-err><![CDATA[Oct 11, 2019 4:44:03 AM org.apache.ratis.thirdparty.io.grpc.internal.ManagedChannelOrphanWrapper$ManagedChannelReference cleanQueue
SEVERE: *~*~*~ Channel ManagedChannelImpl{logId=5565, target=192.168.157.200:42900} was not shutdown properly!!! ~*~*~*
    Make sure to call shutdown()/shutdownNow() and wait until awaitTermination() returns true.
java.lang.RuntimeException: ManagedChannel allocation site
	at org.apache.ratis.thirdparty.io.grpc.internal.ManagedChannelOrphanWrapper$ManagedChannelReference.<init>(ManagedChannelOrphanWrapper.java:103)
	at org.apache.ratis.thirdparty.io.grpc.internal.ManagedChannelOrphanWrapper.<init>(ManagedChannelOrphanWrapper.java:53)
	at org.apache.ratis.thirdparty.io.grpc.internal.ManagedChannelOrphanWrapper.<init>(ManagedChannelOrphanWrapper.java:44)
	at org.apache.ratis.thirdparty.io.grpc.internal.AbstractManagedChannelImplBuilder.build(AbstractManagedChannelImplBuilder.java:411)
	at org.apache.hadoop.hdds.scm.XceiverClientGrpc.connectToDatanode(XceiverClientGrpc.java:181)
	at org.apache.hadoop.hdds.scm.XceiverClientGrpc.reconnect(XceiverClientGrpc.java:429)
	at org.apache.hadoop.hdds.scm.XceiverClientGrpc.sendCommandAsync(XceiverClientGrpc.java:378)
	at org.apache.hadoop.hdds.scm.XceiverClientGrpc.sendCommandWithRetry(XceiverClientGrpc.java:291)
	at org.apache.hadoop.hdds.scm.XceiverClientGrpc.sendCommandWithTraceIDAndRetry(XceiverClientGrpc.java:257)
	at org.apache.hadoop.hdds.scm.XceiverClientGrpc.sendCommand(XceiverClientGrpc.java:240)
	at org.apache.hadoop.hdds.scm.storage.ContainerProtocolCalls.readChunk(ContainerProtocolCalls.java:245)
	at org.apache.hadoop.hdds.scm.storage.ChunkInputStream.readChunk(ChunkInputStream.java:335)
	at org.apache.hadoop.hdds.scm.storage.ChunkInputStream.readChunkFromContainer(ChunkInputStream.java:307)
	at org.apache.hadoop.hdds.scm.storage.ChunkInputStream.prepareRead(ChunkInputStream.java:259)
	at org.apache.hadoop.hdds.scm.storage.ChunkInputStream.read(ChunkInputStream.java:144)
	at org.apache.hadoop.hdds.scm.storage.BlockInputStream.read(BlockInputStream.java:239)
	at org.apache.hadoop.ozone.client.io.KeyInputStream.read(KeyInputStream.java:171)
	at org.apache.hadoop.ozone.client.io.OzoneInputStream.read(OzoneInputStream.java:47)
	at java.io.InputStream.read(InputStream.java:101)
	at org.apache.hadoop.ozone.container.ContainerTestHelper.validateData(ContainerTestHelper.java:714)
	at org.apache.hadoop.ozone.client.rpc.TestBlockOutputStreamWithFailures.validateData(TestBlockOutputStreamWithFailures.java:1216)
	at org.apache.hadoop.ozone.client.rpc.TestBlockOutputStreamWithFailures.testWatchForCommitWithCloseContainerException(TestBlockOutputStreamWithFailures.java:260)
	at sun.reflect.NativeMethodAccessorImpl.invoke0(Native Method)
	at sun.reflect.NativeMethodAccessorImpl.invoke(NativeMethodAccessorImpl.java:62)
	at sun.reflect.DelegatingMethodAccessorImpl.invoke(DelegatingMethodAccessorImpl.java:43)
	at java.lang.reflect.Method.invoke(Method.java:498)
	at org.junit.runners.model.FrameworkMethod$1.runReflectiveCall(FrameworkMethod.java:47)
	at org.junit.internal.runners.model.ReflectiveCallable.run(ReflectiveCallable.java:12)
	at org.junit.runners.model.FrameworkMethod.invokeExplosively(FrameworkMethod.java:44)
	at org.junit.internal.runners.statements.InvokeMethod.evaluate(InvokeMethod.java:17)
	at org.junit.internal.runners.statements.RunBefores.evaluate(RunBefores.java:26)
	at org.junit.internal.runners.statements.RunAfters.evaluate(RunAfters.java:27)
	at org.junit.runners.ParentRunner.runLeaf(ParentRunner.java:271)
	at org.junit.runners.BlockJUnit4ClassRunner.runChild(BlockJUnit4ClassRunner.java:70)
	at org.junit.runners.BlockJUnit4ClassRunner.runChild(BlockJUnit4ClassRunner.java:50)
	at org.junit.runners.ParentRunner$3.run(ParentRunner.java:238)
	at org.junit.runners.ParentRunner$1.schedule(ParentRunner.java:63)
	at org.junit.runners.ParentRunner.runChildren(ParentRunner.java:236)
	at org.junit.runners.ParentRunner.access$000(ParentRunner.java:53)
	at org.junit.runners.ParentRunner$2.evaluate(ParentRunner.java:229)
	at org.junit.runners.ParentRunner.run(ParentRunner.java:309)
	at org.apache.maven.surefire.junit4.JUnit4Provider.execute(JUnit4Provider.java:365)
	at org.apache.maven.surefire.junit4.JUnit4Provider.executeWithRerun(JUnit4Provider.java:273)
	at org.apache.maven.surefire.junit4.JUnit4Provider.executeTestSet(JUnit4Provider.java:238)
	at org.apache.maven.surefire.junit4.JUnit4Provider.invoke(JUnit4Provider.java:159)
	at org.apache.maven.surefire.booter.ForkedBooter.invokeProviderInSameClassLoader(ForkedBooter.java:384)
	at org.apache.maven.surefire.booter.ForkedBooter.runSuitesInProcess(ForkedBooter.java:345)
	at org.apache.maven.surefire.booter.ForkedBooter.execute(ForkedBooter.java:126)
	at org.apache.maven.surefire.booter.ForkedBooter.main(ForkedBooter.java:418)

Oct 11, 2019 4:44:03 AM org.apache.ratis.thirdparty.io.grpc.internal.ManagedChannelOrphanWrapper$ManagedChannelReference cleanQueue
SEVERE: *~*~*~ Channel ManagedChannelImpl{logId=5550, target=192.168.157.200:45361} was not shutdown properly!!! ~*~*~*
    Make sure to call shutdown()/shutdownNow() and wait until awaitTermination() returns true.
java.lang.RuntimeException: ManagedChannel allocation site
	at org.apache.ratis.thirdparty.io.grpc.internal.ManagedChannelOrphanWrapper$ManagedChannelReference.<init>(ManagedChannelOrphanWrapper.java:103)
	at org.apache.ratis.thirdparty.io.grpc.internal.ManagedChannelOrphanWrapper.<init>(ManagedChannelOrphanWrapper.java:53)
	at org.apache.ratis.thirdparty.io.grpc.internal.ManagedChannelOrphanWrapper.<init>(ManagedChannelOrphanWrapper.java:44)
	at org.apache.ratis.thirdparty.io.grpc.internal.AbstractManagedChannelImplBuilder.build(AbstractManagedChannelImplBuilder.java:411)
	at org.apache.hadoop.hdds.scm.XceiverClientGrpc.connectToDatanode(XceiverClientGrpc.java:181)
	at org.apache.hadoop.hdds.scm.XceiverClientGrpc.reconnect(XceiverClientGrpc.java:429)
	at org.apache.hadoop.hdds.scm.XceiverClientGrpc.sendCommandAsync(XceiverClientGrpc.java:378)
	at org.apache.hadoop.hdds.scm.XceiverClientGrpc.sendCommandWithRetry(XceiverClientGrpc.java:291)
	at org.apache.hadoop.hdds.scm.XceiverClientGrpc.sendCommandWithTraceIDAndRetry(XceiverClientGrpc.java:257)
	at org.apache.hadoop.hdds.scm.XceiverClientGrpc.sendCommand(XceiverClientGrpc.java:240)
	at org.apache.hadoop.hdds.scm.storage.ContainerProtocolCalls.readChunk(ContainerProtocolCalls.java:245)
	at org.apache.hadoop.hdds.scm.storage.ChunkInputStream.readChunk(ChunkInputStream.java:335)
	at org.apache.hadoop.hdds.scm.storage.ChunkInputStream.readChunkFromContainer(ChunkInputStream.java:307)
	at org.apache.hadoop.hdds.scm.storage.ChunkInputStream.prepareRead(ChunkInputStream.java:259)
	at org.apache.hadoop.hdds.scm.storage.ChunkInputStream.read(ChunkInputStream.java:144)
	at org.apache.hadoop.hdds.scm.storage.BlockInputStream.read(BlockInputStream.java:239)
	at org.apache.hadoop.ozone.client.io.KeyInputStream.read(KeyInputStream.java:171)
	at org.apache.hadoop.ozone.client.io.OzoneInputStream.read(OzoneInputStream.java:47)
	at java.io.InputStream.read(InputStream.java:101)
	at org.apache.hadoop.ozone.container.ContainerTestHelper.validateData(ContainerTestHelper.java:714)
	at org.apache.hadoop.ozone.client.rpc.TestBlockOutputStreamWithFailures.validateData(TestBlockOutputStreamWithFailures.java:1216)
	at org.apache.hadoop.ozone.client.rpc.TestBlockOutputStreamWithFailures.testWatchForCommitWithCloseContainerException(TestBlockOutputStreamWithFailures.java:260)
	at sun.reflect.NativeMethodAccessorImpl.invoke0(Native Method)
	at sun.reflect.NativeMethodAccessorImpl.invoke(NativeMethodAccessorImpl.java:62)
	at sun.reflect.DelegatingMethodAccessorImpl.invoke(DelegatingMethodAccessorImpl.java:43)
	at java.lang.reflect.Method.invoke(Method.java:498)
	at org.junit.runners.model.FrameworkMethod$1.runReflectiveCall(FrameworkMethod.java:47)
	at org.junit.internal.runners.model.ReflectiveCallable.run(ReflectiveCallable.java:12)
	at org.junit.runners.model.FrameworkMethod.invokeExplosively(FrameworkMethod.java:44)
	at org.junit.internal.runners.statements.InvokeMethod.evaluate(InvokeMethod.java:17)
	at org.junit.internal.runners.statements.RunBefores.evaluate(RunBefores.java:26)
	at org.junit.internal.runners.statements.RunAfters.evaluate(RunAfters.java:27)
	at org.junit.runners.ParentRunner.runLeaf(ParentRunner.java:271)
	at org.junit.runners.BlockJUnit4ClassRunner.runChild(BlockJUnit4ClassRunner.java:70)
	at org.junit.runners.BlockJUnit4ClassRunner.runChild(BlockJUnit4ClassRunner.java:50)
	at org.junit.runners.ParentRunner$3.run(ParentRunner.java:238)
	at org.junit.runners.ParentRunner$1.schedule(ParentRunner.java:63)
	at org.junit.runners.ParentRunner.runChildren(ParentRunner.java:236)
	at org.junit.runners.ParentRunner.access$000(ParentRunner.java:53)
	at org.junit.runners.ParentRunner$2.evaluate(ParentRunner.java:229)
	at org.junit.runners.ParentRunner.run(ParentRunner.java:309)
	at org.apache.maven.surefire.junit4.JUnit4Provider.execute(JUnit4Provider.java:365)
	at org.apache.maven.surefire.junit4.JUnit4Provider.executeWithRerun(JUnit4Provider.java:273)
	at org.apache.maven.surefire.junit4.JUnit4Provider.executeTestSet(JUnit4Provider.java:238)
	at org.apache.maven.surefire.junit4.JUnit4Provider.invoke(JUnit4Provider.java:159)
	at org.apache.maven.surefire.booter.ForkedBooter.invokeProviderInSameClassLoader(ForkedBooter.java:384)
	at org.apache.maven.surefire.booter.ForkedBooter.runSuitesInProcess(ForkedBooter.java:345)
	at org.apache.maven.surefire.booter.ForkedBooter.execute(ForkedBooter.java:126)
	at org.apache.maven.surefire.booter.ForkedBooter.main(ForkedBooter.java:418)

Oct 11, 2019 4:44:03 AM org.apache.ratis.thirdparty.io.grpc.internal.ManagedChannelOrphanWrapper$ManagedChannelReference cleanQueue
SEVERE: *~*~*~ Channel ManagedChannelImpl{logId=5520, target=192.168.157.200:37230} was not shutdown properly!!! ~*~*~*
    Make sure to call shutdown()/shutdownNow() and wait until awaitTermination() returns true.
java.lang.RuntimeException: ManagedChannel allocation site
	at org.apache.ratis.thirdparty.io.grpc.internal.ManagedChannelOrphanWrapper$ManagedChannelReference.<init>(ManagedChannelOrphanWrapper.java:103)
	at org.apache.ratis.thirdparty.io.grpc.internal.ManagedChannelOrphanWrapper.<init>(ManagedChannelOrphanWrapper.java:53)
	at org.apache.ratis.thirdparty.io.grpc.internal.ManagedChannelOrphanWrapper.<init>(ManagedChannelOrphanWrapper.java:44)
	at org.apache.ratis.thirdparty.io.grpc.internal.AbstractManagedChannelImplBuilder.build(AbstractManagedChannelImplBuilder.java:411)
	at org.apache.ratis.grpc.client.GrpcClientProtocolClient.<init>(GrpcClientProtocolClient.java:127)
	at org.apache.ratis.grpc.client.GrpcClientRpc.lambda$new$0(GrpcClientRpc.java:55)
	at org.apache.ratis.util.PeerProxyMap$PeerAndProxy.lambda$getProxy$0(PeerProxyMap.java:61)
	at org.apache.ratis.util.LifeCycle.startAndTransition(LifeCycle.java:202)
	at org.apache.ratis.util.PeerProxyMap$PeerAndProxy.getProxy(PeerProxyMap.java:60)
	at org.apache.ratis.util.PeerProxyMap.getProxy(PeerProxyMap.java:108)
	at org.apache.ratis.grpc.client.GrpcClientRpc.sendRequestAsync(GrpcClientRpc.java:66)
	at org.apache.ratis.client.impl.OrderedAsync.sendRequest(OrderedAsync.java:208)
	at org.apache.ratis.client.impl.OrderedAsync.sendRequestWithRetry(OrderedAsync.java:169)
	at org.apache.ratis.util.SlidingWindow$Client.sendOrDelayRequest(SlidingWindow.java:278)
	at org.apache.ratis.util.SlidingWindow$Client.retry(SlidingWindow.java:294)
	at org.apache.ratis.client.impl.OrderedAsync.lambda$scheduleWithTimeout$7(OrderedAsync.java:195)
	at org.apache.ratis.util.TimeoutScheduler.lambda$onTimeout$0(TimeoutScheduler.java:113)
	at org.apache.ratis.util.TimeoutScheduler.lambda$onTimeout$1(TimeoutScheduler.java:133)
	at org.apache.ratis.util.LogUtils.runAndLog(LogUtils.java:50)
	at org.apache.ratis.util.LogUtils$1.run(LogUtils.java:91)
	at java.util.concurrent.Executors$RunnableAdapter.call(Executors.java:511)
	at java.util.concurrent.FutureTask.run(FutureTask.java:266)
	at java.util.concurrent.ScheduledThreadPoolExecutor$ScheduledFutureTask.access$201(ScheduledThreadPoolExecutor.java:180)
	at java.util.concurrent.ScheduledThreadPoolExecutor$ScheduledFutureTask.run(ScheduledThreadPoolExecutor.java:293)
	at java.util.concurrent.ThreadPoolExecutor.runWorker(ThreadPoolExecutor.java:1149)
	at java.util.concurrent.ThreadPoolExecutor$Worker.run(ThreadPoolExecutor.java:624)
	at java.lang.Thread.run(Thread.java:748)

Oct 11, 2019 4:44:03 AM org.apache.ratis.thirdparty.io.grpc.internal.ManagedChannelOrphanWrapper$ManagedChannelReference cleanQueue
SEVERE: *~*~*~ Channel ManagedChannelImpl{logId=5555, target=192.168.157.200:44627} was not shutdown properly!!! ~*~*~*
    Make sure to call shutdown()/shutdownNow() and wait until awaitTermination() returns true.
java.lang.RuntimeException: ManagedChannel allocation site
	at org.apache.ratis.thirdparty.io.grpc.internal.ManagedChannelOrphanWrapper$ManagedChannelReference.<init>(ManagedChannelOrphanWrapper.java:103)
	at org.apache.ratis.thirdparty.io.grpc.internal.ManagedChannelOrphanWrapper.<init>(ManagedChannelOrphanWrapper.java:53)
	at org.apache.ratis.thirdparty.io.grpc.internal.ManagedChannelOrphanWrapper.<init>(ManagedChannelOrphanWrapper.java:44)
	at org.apache.ratis.thirdparty.io.grpc.internal.AbstractManagedChannelImplBuilder.build(AbstractManagedChannelImplBuilder.java:411)
	at org.apache.hadoop.hdds.scm.XceiverClientGrpc.connectToDatanode(XceiverClientGrpc.java:181)
	at org.apache.hadoop.hdds.scm.XceiverClientGrpc.reconnect(XceiverClientGrpc.java:429)
	at org.apache.hadoop.hdds.scm.XceiverClientGrpc.sendCommandAsync(XceiverClientGrpc.java:378)
	at org.apache.hadoop.hdds.scm.XceiverClientGrpc.sendCommandWithRetry(XceiverClientGrpc.java:291)
	at org.apache.hadoop.hdds.scm.XceiverClientGrpc.sendCommandWithTraceIDAndRetry(XceiverClientGrpc.java:257)
	at org.apache.hadoop.hdds.scm.XceiverClientGrpc.sendCommand(XceiverClientGrpc.java:240)
	at org.apache.hadoop.hdds.scm.storage.ContainerProtocolCalls.readChunk(ContainerProtocolCalls.java:245)
	at org.apache.hadoop.hdds.scm.storage.ChunkInputStream.readChunk(ChunkInputStream.java:335)
	at org.apache.hadoop.hdds.scm.storage.ChunkInputStream.readChunkFromContainer(ChunkInputStream.java:307)
	at org.apache.hadoop.hdds.scm.storage.ChunkInputStream.prepareRead(ChunkInputStream.java:259)
	at org.apache.hadoop.hdds.scm.storage.ChunkInputStream.read(ChunkInputStream.java:144)
	at org.apache.hadoop.hdds.scm.storage.BlockInputStream.read(BlockInputStream.java:239)
	at org.apache.hadoop.ozone.client.io.KeyInputStream.read(KeyInputStream.java:171)
	at org.apache.hadoop.ozone.client.io.OzoneInputStream.read(OzoneInputStream.java:47)
	at java.io.InputStream.read(InputStream.java:101)
	at org.apache.hadoop.ozone.container.ContainerTestHelper.validateData(ContainerTestHelper.java:714)
	at org.apache.hadoop.ozone.client.rpc.TestBlockOutputStreamWithFailures.validateData(TestBlockOutputStreamWithFailures.java:1216)
	at org.apache.hadoop.ozone.client.rpc.TestBlockOutputStreamWithFailures.testWatchForCommitWithCloseContainerException(TestBlockOutputStreamWithFailures.java:260)
	at sun.reflect.NativeMethodAccessorImpl.invoke0(Native Method)
	at sun.reflect.NativeMethodAccessorImpl.invoke(NativeMethodAccessorImpl.java:62)
	at sun.reflect.DelegatingMethodAccessorImpl.invoke(DelegatingMethodAccessorImpl.java:43)
	at java.lang.reflect.Method.invoke(Method.java:498)
	at org.junit.runners.model.FrameworkMethod$1.runReflectiveCall(FrameworkMethod.java:47)
	at org.junit.internal.runners.model.ReflectiveCallable.run(ReflectiveCallable.java:12)
	at org.junit.runners.model.FrameworkMethod.invokeExplosively(FrameworkMethod.java:44)
	at org.junit.internal.runners.statements.InvokeMethod.evaluate(InvokeMethod.java:17)
	at org.junit.internal.runners.statements.RunBefores.evaluate(RunBefores.java:26)
	at org.junit.internal.runners.statements.RunAfters.evaluate(RunAfters.java:27)
	at org.junit.runners.ParentRunner.runLeaf(ParentRunner.java:271)
	at org.junit.runners.BlockJUnit4ClassRunner.runChild(BlockJUnit4ClassRunner.java:70)
	at org.junit.runners.BlockJUnit4ClassRunner.runChild(BlockJUnit4ClassRunner.java:50)
	at org.junit.runners.ParentRunner$3.run(ParentRunner.java:238)
	at org.junit.runners.ParentRunner$1.schedule(ParentRunner.java:63)
	at org.junit.runners.ParentRunner.runChildren(ParentRunner.java:236)
	at org.junit.runners.ParentRunner.access$000(ParentRunner.java:53)
	at org.junit.runners.ParentRunner$2.evaluate(ParentRunner.java:229)
	at org.junit.runners.ParentRunner.run(ParentRunner.java:309)
	at org.apache.maven.surefire.junit4.JUnit4Provider.execute(JUnit4Provider.java:365)
	at org.apache.maven.surefire.junit4.JUnit4Provider.executeWithRerun(JUnit4Provider.java:273)
	at org.apache.maven.surefire.junit4.JUnit4Provider.executeTestSet(JUnit4Provider.java:238)
	at org.apache.maven.surefire.junit4.JUnit4Provider.invoke(JUnit4Provider.java:159)
	at org.apache.maven.surefire.booter.ForkedBooter.invokeProviderInSameClassLoader(ForkedBooter.java:384)
	at org.apache.maven.surefire.booter.ForkedBooter.runSuitesInProcess(ForkedBooter.java:345)
	at org.apache.maven.surefire.booter.ForkedBooter.execute(ForkedBooter.java:126)
	at org.apache.maven.surefire.booter.ForkedBooter.main(ForkedBooter.java:418)

Oct 11, 2019 4:44:03 AM org.apache.ratis.thirdparty.io.grpc.internal.ManagedChannelOrphanWrapper$ManagedChannelReference cleanQueue
SEVERE: *~*~*~ Channel ManagedChannelImpl{logId=5540, target=192.168.157.200:37230} was not shutdown properly!!! ~*~*~*
    Make sure to call shutdown()/shutdownNow() and wait until awaitTermination() returns true.
java.lang.RuntimeException: ManagedChannel allocation site
	at org.apache.ratis.thirdparty.io.grpc.internal.ManagedChannelOrphanWrapper$ManagedChannelReference.<init>(ManagedChannelOrphanWrapper.java:103)
	at org.apache.ratis.thirdparty.io.grpc.internal.ManagedChannelOrphanWrapper.<init>(ManagedChannelOrphanWrapper.java:53)
	at org.apache.ratis.thirdparty.io.grpc.internal.ManagedChannelOrphanWrapper.<init>(ManagedChannelOrphanWrapper.java:44)
	at org.apache.ratis.thirdparty.io.grpc.internal.AbstractManagedChannelImplBuilder.build(AbstractManagedChannelImplBuilder.java:411)
	at org.apache.ratis.grpc.client.GrpcClientProtocolClient.<init>(GrpcClientProtocolClient.java:127)
	at org.apache.ratis.grpc.client.GrpcClientRpc.lambda$new$0(GrpcClientRpc.java:55)
	at org.apache.ratis.util.PeerProxyMap$PeerAndProxy.lambda$getProxy$0(PeerProxyMap.java:61)
	at org.apache.ratis.util.LifeCycle.startAndTransition(LifeCycle.java:202)
	at org.apache.ratis.util.PeerProxyMap$PeerAndProxy.getProxy(PeerProxyMap.java:60)
	at org.apache.ratis.util.PeerProxyMap.getProxy(PeerProxyMap.java:108)
	at org.apache.ratis.grpc.client.GrpcClientRpc.sendRequestAsync(GrpcClientRpc.java:66)
	at org.apache.ratis.client.impl.OrderedAsync.sendRequest(OrderedAsync.java:208)
	at org.apache.ratis.client.impl.OrderedAsync.sendRequestWithRetry(OrderedAsync.java:169)
	at org.apache.ratis.util.SlidingWindow$Client.sendOrDelayRequest(SlidingWindow.java:278)
	at org.apache.ratis.util.SlidingWindow$Client.retry(SlidingWindow.java:294)
	at org.apache.ratis.client.impl.OrderedAsync.lambda$scheduleWithTimeout$7(OrderedAsync.java:195)
	at org.apache.ratis.util.TimeoutScheduler.lambda$onTimeout$0(TimeoutScheduler.java:113)
	at org.apache.ratis.util.TimeoutScheduler.lambda$onTimeout$1(TimeoutScheduler.java:133)
	at org.apache.ratis.util.LogUtils.runAndLog(LogUtils.java:50)
	at org.apache.ratis.util.LogUtils$1.run(LogUtils.java:91)
	at java.util.concurrent.Executors$RunnableAdapter.call(Executors.java:511)
	at java.util.concurrent.FutureTask.run(FutureTask.java:266)
	at java.util.concurrent.ScheduledThreadPoolExecutor$ScheduledFutureTask.access$201(ScheduledThreadPoolExecutor.java:180)
	at java.util.concurrent.ScheduledThreadPoolExecutor$ScheduledFutureTask.run(ScheduledThreadPoolExecutor.java:293)
	at java.util.concurrent.ThreadPoolExecutor.runWorker(ThreadPoolExecutor.java:1149)
	at java.util.concurrent.ThreadPoolExecutor$Worker.run(ThreadPoolExecutor.java:624)
	at java.lang.Thread.run(Thread.java:748)

Oct 11, 2019 4:44:03 AM org.apache.ratis.thirdparty.io.grpc.internal.ManagedChannelOrphanWrapper$ManagedChannelReference cleanQueue
SEVERE: *~*~*~ Channel ManagedChannelImpl{logId=5570, target=192.168.157.200:45361} was not shutdown properly!!! ~*~*~*
    Make sure to call shutdown()/shutdownNow() and wait until awaitTermination() returns true.
java.lang.RuntimeException: ManagedChannel allocation site
	at org.apache.ratis.thirdparty.io.grpc.internal.ManagedChannelOrphanWrapper$ManagedChannelReference.<init>(ManagedChannelOrphanWrapper.java:103)
	at org.apache.ratis.thirdparty.io.grpc.internal.ManagedChannelOrphanWrapper.<init>(ManagedChannelOrphanWrapper.java:53)
	at org.apache.ratis.thirdparty.io.grpc.internal.ManagedChannelOrphanWrapper.<init>(ManagedChannelOrphanWrapper.java:44)
	at org.apache.ratis.thirdparty.io.grpc.internal.AbstractManagedChannelImplBuilder.build(AbstractManagedChannelImplBuilder.java:411)
	at org.apache.hadoop.hdds.scm.XceiverClientGrpc.connectToDatanode(XceiverClientGrpc.java:181)
	at org.apache.hadoop.hdds.scm.XceiverClientGrpc.reconnect(XceiverClientGrpc.java:429)
	at org.apache.hadoop.hdds.scm.XceiverClientGrpc.sendCommandAsync(XceiverClientGrpc.java:378)
	at org.apache.hadoop.hdds.scm.XceiverClientGrpc.sendCommandWithRetry(XceiverClientGrpc.java:291)
	at org.apache.hadoop.hdds.scm.XceiverClientGrpc.sendCommandWithTraceIDAndRetry(XceiverClientGrpc.java:257)
	at org.apache.hadoop.hdds.scm.XceiverClientGrpc.sendCommand(XceiverClientGrpc.java:240)
	at org.apache.hadoop.hdds.scm.storage.ContainerProtocolCalls.readChunk(ContainerProtocolCalls.java:245)
	at org.apache.hadoop.hdds.scm.storage.ChunkInputStream.readChunk(ChunkInputStream.java:335)
	at org.apache.hadoop.hdds.scm.storage.ChunkInputStream.readChunkFromContainer(ChunkInputStream.java:307)
	at org.apache.hadoop.hdds.scm.storage.ChunkInputStream.prepareRead(ChunkInputStream.java:259)
	at org.apache.hadoop.hdds.scm.storage.ChunkInputStream.read(ChunkInputStream.java:144)
	at org.apache.hadoop.hdds.scm.storage.BlockInputStream.read(BlockInputStream.java:239)
	at org.apache.hadoop.ozone.client.io.KeyInputStream.read(KeyInputStream.java:171)
	at org.apache.hadoop.ozone.client.io.OzoneInputStream.read(OzoneInputStream.java:47)
	at java.io.InputStream.read(InputStream.java:101)
	at org.apache.hadoop.ozone.container.ContainerTestHelper.validateData(ContainerTestHelper.java:714)
	at org.apache.hadoop.ozone.client.rpc.TestBlockOutputStreamWithFailures.validateData(TestBlockOutputStreamWithFailures.java:1216)
	at org.apache.hadoop.ozone.client.rpc.TestBlockOutputStreamWithFailures.testWatchForCommitWithCloseContainerException(TestBlockOutputStreamWithFailures.java:260)
	at sun.reflect.NativeMethodAccessorImpl.invoke0(Native Method)
	at sun.reflect.NativeMethodAccessorImpl.invoke(NativeMethodAccessorImpl.java:62)
	at sun.reflect.DelegatingMethodAccessorImpl.invoke(DelegatingMethodAccessorImpl.java:43)
	at java.lang.reflect.Method.invoke(Method.java:498)
	at org.junit.runners.model.FrameworkMethod$1.runReflectiveCall(FrameworkMethod.java:47)
	at org.junit.internal.runners.model.ReflectiveCallable.run(ReflectiveCallable.java:12)
	at org.junit.runners.model.FrameworkMethod.invokeExplosively(FrameworkMethod.java:44)
	at org.junit.internal.runners.statements.InvokeMethod.evaluate(InvokeMethod.java:17)
	at org.junit.internal.runners.statements.RunBefores.evaluate(RunBefores.java:26)
	at org.junit.internal.runners.statements.RunAfters.evaluate(RunAfters.java:27)
	at org.junit.runners.ParentRunner.runLeaf(ParentRunner.java:271)
	at org.junit.runners.BlockJUnit4ClassRunner.runChild(BlockJUnit4ClassRunner.java:70)
	at org.junit.runners.BlockJUnit4ClassRunner.runChild(BlockJUnit4ClassRunner.java:50)
	at org.junit.runners.ParentRunner$3.run(ParentRunner.java:238)
	at org.junit.runners.ParentRunner$1.schedule(ParentRunner.java:63)
	at org.junit.runners.ParentRunner.runChildren(ParentRunner.java:236)
	at org.junit.runners.ParentRunner.access$000(ParentRunner.java:53)
	at org.junit.runners.ParentRunner$2.evaluate(ParentRunner.java:229)
	at org.junit.runners.ParentRunner.run(ParentRunner.java:309)
	at org.apache.maven.surefire.junit4.JUnit4Provider.execute(JUnit4Provider.java:365)
	at org.apache.maven.surefire.junit4.JUnit4Provider.executeWithRerun(JUnit4Provider.java:273)
	at org.apache.maven.surefire.junit4.JUnit4Provider.executeTestSet(JUnit4Provider.java:238)
	at org.apache.maven.surefire.junit4.JUnit4Provider.invoke(JUnit4Provider.java:159)
	at org.apache.maven.surefire.booter.ForkedBooter.invokeProviderInSameClassLoader(ForkedBooter.java:384)
	at org.apache.maven.surefire.booter.ForkedBooter.runSuitesInProcess(ForkedBooter.java:345)
	at org.apache.maven.surefire.booter.ForkedBooter.execute(ForkedBooter.java:126)
	at org.apache.maven.surefire.booter.ForkedBooter.main(ForkedBooter.java:418)

Oct 11, 2019 4:44:03 AM org.apache.ratis.thirdparty.io.grpc.internal.ManagedChannelOrphanWrapper$ManagedChannelReference cleanQueue
SEVERE: *~*~*~ Channel ManagedChannelImpl{logId=5560, target=192.168.157.200:44627} was not shutdown properly!!! ~*~*~*
    Make sure to call shutdown()/shutdownNow() and wait until awaitTermination() returns true.
java.lang.RuntimeException: ManagedChannel allocation site
	at org.apache.ratis.thirdparty.io.grpc.internal.ManagedChannelOrphanWrapper$ManagedChannelReference.<init>(ManagedChannelOrphanWrapper.java:103)
	at org.apache.ratis.thirdparty.io.grpc.internal.ManagedChannelOrphanWrapper.<init>(ManagedChannelOrphanWrapper.java:53)
	at org.apache.ratis.thirdparty.io.grpc.internal.ManagedChannelOrphanWrapper.<init>(ManagedChannelOrphanWrapper.java:44)
	at org.apache.ratis.thirdparty.io.grpc.internal.AbstractManagedChannelImplBuilder.build(AbstractManagedChannelImplBuilder.java:411)
	at org.apache.hadoop.hdds.scm.XceiverClientGrpc.connectToDatanode(XceiverClientGrpc.java:181)
	at org.apache.hadoop.hdds.scm.XceiverClientGrpc.reconnect(XceiverClientGrpc.java:429)
	at org.apache.hadoop.hdds.scm.XceiverClientGrpc.sendCommandAsync(XceiverClientGrpc.java:378)
	at org.apache.hadoop.hdds.scm.XceiverClientGrpc.sendCommandWithRetry(XceiverClientGrpc.java:291)
	at org.apache.hadoop.hdds.scm.XceiverClientGrpc.sendCommandWithTraceIDAndRetry(XceiverClientGrpc.java:257)
	at org.apache.hadoop.hdds.scm.XceiverClientGrpc.sendCommand(XceiverClientGrpc.java:240)
	at org.apache.hadoop.hdds.scm.storage.ContainerProtocolCalls.getBlock(ContainerProtocolCalls.java:118)
	at org.apache.hadoop.hdds.scm.storage.BlockInputStream.getChunkInfos(BlockInputStream.java:167)
	at org.apache.hadoop.hdds.scm.storage.BlockInputStream.initialize(BlockInputStream.java:118)
	at org.apache.hadoop.hdds.scm.storage.BlockInputStream.read(BlockInputStream.java:222)
	at org.apache.hadoop.ozone.client.io.KeyInputStream.read(KeyInputStream.java:171)
	at org.apache.hadoop.ozone.client.io.OzoneInputStream.read(OzoneInputStream.java:47)
	at java.io.InputStream.read(InputStream.java:101)
	at org.apache.hadoop.ozone.container.ContainerTestHelper.validateData(ContainerTestHelper.java:714)
	at org.apache.hadoop.ozone.client.rpc.TestBlockOutputStreamWithFailures.validateData(TestBlockOutputStreamWithFailures.java:1216)
	at org.apache.hadoop.ozone.client.rpc.TestBlockOutputStreamWithFailures.testWatchForCommitWithCloseContainerException(TestBlockOutputStreamWithFailures.java:260)
	at sun.reflect.NativeMethodAccessorImpl.invoke0(Native Method)
	at sun.reflect.NativeMethodAccessorImpl.invoke(NativeMethodAccessorImpl.java:62)
	at sun.reflect.DelegatingMethodAccessorImpl.invoke(DelegatingMethodAccessorImpl.java:43)
	at java.lang.reflect.Method.invoke(Method.java:498)
	at org.junit.runners.model.FrameworkMethod$1.runReflectiveCall(FrameworkMethod.java:47)
	at org.junit.internal.runners.model.ReflectiveCallable.run(ReflectiveCallable.java:12)
	at org.junit.runners.model.FrameworkMethod.invokeExplosively(FrameworkMethod.java:44)
	at org.junit.internal.runners.statements.InvokeMethod.evaluate(InvokeMethod.java:17)
	at org.junit.internal.runners.statements.RunBefores.evaluate(RunBefores.java:26)
	at org.junit.internal.runners.statements.RunAfters.evaluate(RunAfters.java:27)
	at org.junit.runners.ParentRunner.runLeaf(ParentRunner.java:271)
	at org.junit.runners.BlockJUnit4ClassRunner.runChild(BlockJUnit4ClassRunner.java:70)
	at org.junit.runners.BlockJUnit4ClassRunner.runChild(BlockJUnit4ClassRunner.java:50)
	at org.junit.runners.ParentRunner$3.run(ParentRunner.java:238)
	at org.junit.runners.ParentRunner$1.schedule(ParentRunner.java:63)
	at org.junit.runners.ParentRunner.runChildren(ParentRunner.java:236)
	at org.junit.runners.ParentRunner.access$000(ParentRunner.java:53)
	at org.junit.runners.ParentRunner$2.evaluate(ParentRunner.java:229)
	at org.junit.runners.ParentRunner.run(ParentRunner.java:309)
	at org.apache.maven.surefire.junit4.JUnit4Provider.execute(JUnit4Provider.java:365)
	at org.apache.maven.surefire.junit4.JUnit4Provider.executeWithRerun(JUnit4Provider.java:273)
	at org.apache.maven.surefire.junit4.JUnit4Provider.executeTestSet(JUnit4Provider.java:238)
	at org.apache.maven.surefire.junit4.JUnit4Provider.invoke(JUnit4Provider.java:159)
	at org.apache.maven.surefire.booter.ForkedBooter.invokeProviderInSameClassLoader(ForkedBooter.java:384)
	at org.apache.maven.surefire.booter.ForkedBooter.runSuitesInProcess(ForkedBooter.java:345)
	at org.apache.maven.surefire.booter.ForkedBooter.execute(ForkedBooter.java:126)
	at org.apache.maven.surefire.booter.ForkedBooter.main(ForkedBooter.java:418)

Oct 11, 2019 4:44:03 AM org.apache.ratis.thirdparty.io.grpc.internal.ManagedChannelOrphanWrapper$ManagedChannelReference cleanQueue
SEVERE: *~*~*~ Channel ManagedChannelImpl{logId=5545, target=192.168.157.200:42900} was not shutdown properly!!! ~*~*~*
    Make sure to call shutdown()/shutdownNow() and wait until awaitTermination() returns true.
java.lang.RuntimeException: ManagedChannel allocation site
	at org.apache.ratis.thirdparty.io.grpc.internal.ManagedChannelOrphanWrapper$ManagedChannelReference.<init>(ManagedChannelOrphanWrapper.java:103)
	at org.apache.ratis.thirdparty.io.grpc.internal.ManagedChannelOrphanWrapper.<init>(ManagedChannelOrphanWrapper.java:53)
	at org.apache.ratis.thirdparty.io.grpc.internal.ManagedChannelOrphanWrapper.<init>(ManagedChannelOrphanWrapper.java:44)
	at org.apache.ratis.thirdparty.io.grpc.internal.AbstractManagedChannelImplBuilder.build(AbstractManagedChannelImplBuilder.java:411)
	at org.apache.hadoop.hdds.scm.XceiverClientGrpc.connectToDatanode(XceiverClientGrpc.java:181)
	at org.apache.hadoop.hdds.scm.XceiverClientGrpc.reconnect(XceiverClientGrpc.java:429)
	at org.apache.hadoop.hdds.scm.XceiverClientGrpc.sendCommandAsync(XceiverClientGrpc.java:378)
	at org.apache.hadoop.hdds.scm.XceiverClientGrpc.sendCommandWithRetry(XceiverClientGrpc.java:291)
	at org.apache.hadoop.hdds.scm.XceiverClientGrpc.sendCommandWithTraceIDAndRetry(XceiverClientGrpc.java:257)
	at org.apache.hadoop.hdds.scm.XceiverClientGrpc.sendCommand(XceiverClientGrpc.java:240)
	at org.apache.hadoop.hdds.scm.storage.ContainerProtocolCalls.getBlock(ContainerProtocolCalls.java:118)
	at org.apache.hadoop.hdds.scm.storage.BlockInputStream.getChunkInfos(BlockInputStream.java:167)
	at org.apache.hadoop.hdds.scm.storage.BlockInputStream.initialize(BlockInputStream.java:118)
	at org.apache.hadoop.hdds.scm.storage.BlockInputStream.read(BlockInputStream.java:222)
	at org.apache.hadoop.ozone.client.io.KeyInputStream.read(KeyInputStream.java:171)
	at org.apache.hadoop.ozone.client.io.OzoneInputStream.read(OzoneInputStream.java:47)
	at java.io.InputStream.read(InputStream.java:101)
	at org.apache.hadoop.ozone.container.ContainerTestHelper.validateData(ContainerTestHelper.java:714)
	at org.apache.hadoop.ozone.client.rpc.TestBlockOutputStreamWithFailures.validateData(TestBlockOutputStreamWithFailures.java:1216)
	at org.apache.hadoop.ozone.client.rpc.TestBlockOutputStreamWithFailures.testWatchForCommitWithCloseContainerException(TestBlockOutputStreamWithFailures.java:260)
	at sun.reflect.NativeMethodAccessorImpl.invoke0(Native Method)
	at sun.reflect.NativeMethodAccessorImpl.invoke(NativeMethodAccessorImpl.java:62)
	at sun.reflect.DelegatingMethodAccessorImpl.invoke(DelegatingMethodAccessorImpl.java:43)
	at java.lang.reflect.Method.invoke(Method.java:498)
	at org.junit.runners.model.FrameworkMethod$1.runReflectiveCall(FrameworkMethod.java:47)
	at org.junit.internal.runners.model.ReflectiveCallable.run(ReflectiveCallable.java:12)
	at org.junit.runners.model.FrameworkMethod.invokeExplosively(FrameworkMethod.java:44)
	at org.junit.internal.runners.statements.InvokeMethod.evaluate(InvokeMethod.java:17)
	at org.junit.internal.runners.statements.RunBefores.evaluate(RunBefores.java:26)
	at org.junit.internal.runners.statements.RunAfters.evaluate(RunAfters.java:27)
	at org.junit.runners.ParentRunner.runLeaf(ParentRunner.java:271)
	at org.junit.runners.BlockJUnit4ClassRunner.runChild(BlockJUnit4ClassRunner.java:70)
	at org.junit.runners.BlockJUnit4ClassRunner.runChild(BlockJUnit4ClassRunner.java:50)
	at org.junit.runners.ParentRunner$3.run(ParentRunner.java:238)
	at org.junit.runners.ParentRunner$1.schedule(ParentRunner.java:63)
	at org.junit.runners.ParentRunner.runChildren(ParentRunner.java:236)
	at org.junit.runners.ParentRunner.access$000(ParentRunner.java:53)
	at org.junit.runners.ParentRunner$2.evaluate(ParentRunner.java:229)
	at org.junit.runners.ParentRunner.run(ParentRunner.java:309)
	at org.apache.maven.surefire.junit4.JUnit4Provider.execute(JUnit4Provider.java:365)
	at org.apache.maven.surefire.junit4.JUnit4Provider.executeWithRerun(JUnit4Provider.java:273)
	at org.apache.maven.surefire.junit4.JUnit4Provider.executeTestSet(JUnit4Provider.java:238)
	at org.apache.maven.surefire.junit4.JUnit4Provider.invoke(JUnit4Provider.java:159)
	at org.apache.maven.surefire.booter.ForkedBooter.invokeProviderInSameClassLoader(ForkedBooter.java:384)
	at org.apache.maven.surefire.booter.ForkedBooter.runSuitesInProcess(ForkedBooter.java:345)
	at org.apache.maven.surefire.booter.ForkedBooter.execute(ForkedBooter.java:126)
	at org.apache.maven.surefire.booter.ForkedBooter.main(ForkedBooter.java:418)

Oct 11, 2019 4:44:16 AM org.apache.ratis.thirdparty.io.grpc.internal.SerializingExecutor run
SEVERE: Exception while executing runnable org.apache.ratis.thirdparty.io.grpc.internal.ServerImpl$JumpToApplicationThreadServerStreamListener$1Closed@36a1eda1
org.apache.ratis.thirdparty.io.grpc.StatusRuntimeException: CANCELLED: call already cancelled
	at org.apache.ratis.thirdparty.io.grpc.Status.asRuntimeException(Status.java:517)
	at org.apache.ratis.thirdparty.io.grpc.stub.ServerCalls$ServerCallStreamObserverImpl.onCompleted(ServerCalls.java:356)
	at org.apache.ratis.grpc.server.GrpcServerProtocolService$ServerRequestStreamObserver.onError(GrpcServerProtocolService.java:121)
	at org.apache.ratis.thirdparty.io.grpc.stub.ServerCalls$StreamingServerCallHandler$StreamingServerCallListener.onCancel(ServerCalls.java:269)
	at org.apache.ratis.thirdparty.io.grpc.internal.ServerCallImpl$ServerStreamListenerImpl.closed(ServerCallImpl.java:293)
	at org.apache.ratis.thirdparty.io.grpc.internal.ServerImpl$JumpToApplicationThreadServerStreamListener$1Closed.runInContext(ServerImpl.java:741)
	at org.apache.ratis.thirdparty.io.grpc.internal.ContextRunnable.run(ContextRunnable.java:37)
	at org.apache.ratis.thirdparty.io.grpc.internal.SerializingExecutor.run(SerializingExecutor.java:123)
	at java.util.concurrent.ThreadPoolExecutor.runWorker(ThreadPoolExecutor.java:1149)
	at java.util.concurrent.ThreadPoolExecutor$Worker.run(ThreadPoolExecutor.java:624)
	at java.lang.Thread.run(Thread.java:748)

Oct 11, 2019 4:44:16 AM org.apache.ratis.thirdparty.io.grpc.internal.SerializingExecutor run
SEVERE: Exception while executing runnable org.apache.ratis.thirdparty.io.grpc.internal.ServerImpl$JumpToApplicationThreadServerStreamListener$1Closed@1943fcc3
org.apache.ratis.thirdparty.io.grpc.StatusRuntimeException: CANCELLED: call already cancelled
	at org.apache.ratis.thirdparty.io.grpc.Status.asRuntimeException(Status.java:517)
	at org.apache.ratis.thirdparty.io.grpc.stub.ServerCalls$ServerCallStreamObserverImpl.onCompleted(ServerCalls.java:356)
	at org.apache.ratis.grpc.server.GrpcServerProtocolService$ServerRequestStreamObserver.onError(GrpcServerProtocolService.java:121)
	at org.apache.ratis.thirdparty.io.grpc.stub.ServerCalls$StreamingServerCallHandler$StreamingServerCallListener.onCancel(ServerCalls.java:269)
	at org.apache.ratis.thirdparty.io.grpc.internal.ServerCallImpl$ServerStreamListenerImpl.closed(ServerCallImpl.java:293)
	at org.apache.ratis.thirdparty.io.grpc.internal.ServerImpl$JumpToApplicationThreadServerStreamListener$1Closed.runInContext(ServerImpl.java:741)
	at org.apache.ratis.thirdparty.io.grpc.internal.ContextRunnable.run(ContextRunnable.java:37)
	at org.apache.ratis.thirdparty.io.grpc.internal.SerializingExecutor.run(SerializingExecutor.java:123)
	at java.util.concurrent.ThreadPoolExecutor.runWorker(ThreadPoolExecutor.java:1149)
	at java.util.concurrent.ThreadPoolExecutor$Worker.run(ThreadPoolExecutor.java:624)
	at java.lang.Thread.run(Thread.java:748)

Oct 11, 2019 4:44:16 AM org.apache.ratis.thirdparty.io.grpc.internal.SerializingExecutor run
SEVERE: Exception while executing runnable org.apache.ratis.thirdparty.io.grpc.internal.ServerImpl$JumpToApplicationThreadServerStreamListener$1Closed@67042056
org.apache.ratis.thirdparty.io.grpc.StatusRuntimeException: CANCELLED: call already cancelled
	at org.apache.ratis.thirdparty.io.grpc.Status.asRuntimeException(Status.java:517)
	at org.apache.ratis.thirdparty.io.grpc.stub.ServerCalls$ServerCallStreamObserverImpl.onCompleted(ServerCalls.java:356)
	at org.apache.ratis.grpc.server.GrpcServerProtocolService$ServerRequestStreamObserver.onError(GrpcServerProtocolService.java:121)
	at org.apache.ratis.thirdparty.io.grpc.stub.ServerCalls$StreamingServerCallHandler$StreamingServerCallListener.onCancel(ServerCalls.java:269)
	at org.apache.ratis.thirdparty.io.grpc.internal.ServerCallImpl$ServerStreamListenerImpl.closed(ServerCallImpl.java:293)
	at org.apache.ratis.thirdparty.io.grpc.internal.ServerImpl$JumpToApplicationThreadServerStreamListener$1Closed.runInContext(ServerImpl.java:741)
	at org.apache.ratis.thirdparty.io.grpc.internal.ContextRunnable.run(ContextRunnable.java:37)
	at org.apache.ratis.thirdparty.io.grpc.internal.SerializingExecutor.run(SerializingExecutor.java:123)
	at java.util.concurrent.ThreadPoolExecutor.runWorker(ThreadPoolExecutor.java:1149)
	at java.util.concurrent.ThreadPoolExecutor$Worker.run(ThreadPoolExecutor.java:624)
	at java.lang.Thread.run(Thread.java:748)

Oct 11, 2019 4:44:16 AM org.apache.ratis.thirdparty.io.grpc.internal.SerializingExecutor run
SEVERE: Exception while executing runnable org.apache.ratis.thirdparty.io.grpc.internal.ServerImpl$JumpToApplicationThreadServerStreamListener$1Closed@5e2132ca
org.apache.ratis.thirdparty.io.grpc.StatusRuntimeException: CANCELLED: call already cancelled
	at org.apache.ratis.thirdparty.io.grpc.Status.asRuntimeException(Status.java:517)
	at org.apache.ratis.thirdparty.io.grpc.stub.ServerCalls$ServerCallStreamObserverImpl.onCompleted(ServerCalls.java:356)
	at org.apache.ratis.grpc.server.GrpcServerProtocolService$ServerRequestStreamObserver.onError(GrpcServerProtocolService.java:121)
	at org.apache.ratis.thirdparty.io.grpc.stub.ServerCalls$StreamingServerCallHandler$StreamingServerCallListener.onCancel(ServerCalls.java:269)
	at org.apache.ratis.thirdparty.io.grpc.internal.ServerCallImpl$ServerStreamListenerImpl.closed(ServerCallImpl.java:293)
	at org.apache.ratis.thirdparty.io.grpc.internal.ServerImpl$JumpToApplicationThreadServerStreamListener$1Closed.runInContext(ServerImpl.java:741)
	at org.apache.ratis.thirdparty.io.grpc.internal.ContextRunnable.run(ContextRunnable.java:37)
	at org.apache.ratis.thirdparty.io.grpc.internal.SerializingExecutor.run(SerializingExecutor.java:123)
	at java.util.concurrent.ThreadPoolExecutor.runWorker(ThreadPoolExecutor.java:1149)
	at java.util.concurrent.ThreadPoolExecutor$Worker.run(ThreadPoolExecutor.java:624)
	at java.lang.Thread.run(Thread.java:748)

Oct 11, 2019 4:44:16 AM org.apache.ratis.thirdparty.io.grpc.internal.SerializingExecutor run
SEVERE: Exception while executing runnable org.apache.ratis.thirdparty.io.grpc.internal.ServerImpl$JumpToApplicationThreadServerStreamListener$1Closed@5b8e2e1a
org.apache.ratis.thirdparty.io.grpc.StatusRuntimeException: CANCELLED: call already cancelled
	at org.apache.ratis.thirdparty.io.grpc.Status.asRuntimeException(Status.java:517)
	at org.apache.ratis.thirdparty.io.grpc.stub.ServerCalls$ServerCallStreamObserverImpl.onCompleted(ServerCalls.java:356)
	at org.apache.ratis.grpc.server.GrpcServerProtocolService$ServerRequestStreamObserver.onError(GrpcServerProtocolService.java:121)
	at org.apache.ratis.thirdparty.io.grpc.stub.ServerCalls$StreamingServerCallHandler$StreamingServerCallListener.onCancel(ServerCalls.java:269)
	at org.apache.ratis.thirdparty.io.grpc.internal.ServerCallImpl$ServerStreamListenerImpl.closed(ServerCallImpl.java:293)
	at org.apache.ratis.thirdparty.io.grpc.internal.ServerImpl$JumpToApplicationThreadServerStreamListener$1Closed.runInContext(ServerImpl.java:741)
	at org.apache.ratis.thirdparty.io.grpc.internal.ContextRunnable.run(ContextRunnable.java:37)
	at org.apache.ratis.thirdparty.io.grpc.internal.SerializingExecutor.run(SerializingExecutor.java:123)
	at java.util.concurrent.ThreadPoolExecutor.runWorker(ThreadPoolExecutor.java:1149)
	at java.util.concurrent.ThreadPoolExecutor$Worker.run(ThreadPoolExecutor.java:624)
	at java.lang.Thread.run(Thread.java:748)

Oct 11, 2019 4:44:16 AM org.apache.ratis.thirdparty.io.grpc.internal.SerializingExecutor run
SEVERE: Exception while executing runnable org.apache.ratis.thirdparty.io.grpc.internal.ServerImpl$JumpToApplicationThreadServerStreamListener$1Closed@55e5d623
org.apache.ratis.thirdparty.io.grpc.StatusRuntimeException: CANCELLED: call already cancelled
	at org.apache.ratis.thirdparty.io.grpc.Status.asRuntimeException(Status.java:517)
	at org.apache.ratis.thirdparty.io.grpc.stub.ServerCalls$ServerCallStreamObserverImpl.onCompleted(ServerCalls.java:356)
	at org.apache.ratis.grpc.server.GrpcServerProtocolService$ServerRequestStreamObserver.onError(GrpcServerProtocolService.java:121)
	at org.apache.ratis.thirdparty.io.grpc.stub.ServerCalls$StreamingServerCallHandler$StreamingServerCallListener.onCancel(ServerCalls.java:269)
	at org.apache.ratis.thirdparty.io.grpc.internal.ServerCallImpl$ServerStreamListenerImpl.closed(ServerCallImpl.java:293)
	at org.apache.ratis.thirdparty.io.grpc.internal.ServerImpl$JumpToApplicationThreadServerStreamListener$1Closed.runInContext(ServerImpl.java:741)
	at org.apache.ratis.thirdparty.io.grpc.internal.ContextRunnable.run(ContextRunnable.java:37)
	at org.apache.ratis.thirdparty.io.grpc.internal.SerializingExecutor.run(SerializingExecutor.java:123)
	at java.util.concurrent.ThreadPoolExecutor.runWorker(ThreadPoolExecutor.java:1149)
	at java.util.concurrent.ThreadPoolExecutor$Worker.run(ThreadPoolExecutor.java:624)
	at java.lang.Thread.run(Thread.java:748)

Oct 11, 2019 4:44:22 AM org.apache.ratis.thirdparty.io.grpc.internal.SerializingExecutor run
SEVERE: Exception while executing runnable org.apache.ratis.thirdparty.io.grpc.internal.ServerImpl$JumpToApplicationThreadServerStreamListener$1Closed@d93b248
org.apache.ratis.thirdparty.io.grpc.StatusRuntimeException: CANCELLED: call already cancelled
	at org.apache.ratis.thirdparty.io.grpc.Status.asRuntimeException(Status.java:517)
	at org.apache.ratis.thirdparty.io.grpc.stub.ServerCalls$ServerCallStreamObserverImpl.onCompleted(ServerCalls.java:356)
	at org.apache.ratis.grpc.server.GrpcServerProtocolService$ServerRequestStreamObserver.onError(GrpcServerProtocolService.java:121)
	at org.apache.ratis.thirdparty.io.grpc.stub.ServerCalls$StreamingServerCallHandler$StreamingServerCallListener.onCancel(ServerCalls.java:269)
	at org.apache.ratis.thirdparty.io.grpc.internal.ServerCallImpl$ServerStreamListenerImpl.closed(ServerCallImpl.java:293)
	at org.apache.ratis.thirdparty.io.grpc.internal.ServerImpl$JumpToApplicationThreadServerStreamListener$1Closed.runInContext(ServerImpl.java:741)
	at org.apache.ratis.thirdparty.io.grpc.internal.ContextRunnable.run(ContextRunnable.java:37)
	at org.apache.ratis.thirdparty.io.grpc.internal.SerializingExecutor.run(SerializingExecutor.java:123)
	at java.util.concurrent.ThreadPoolExecutor.runWorker(ThreadPoolExecutor.java:1149)
	at java.util.concurrent.ThreadPoolExecutor$Worker.run(ThreadPoolExecutor.java:624)
	at java.lang.Thread.run(Thread.java:748)

Oct 11, 2019 4:44:22 AM org.apache.ratis.thirdparty.io.grpc.internal.SerializingExecutor run
SEVERE: Exception while executing runnable org.apache.ratis.thirdparty.io.grpc.internal.ServerImpl$JumpToApplicationThreadServerStreamListener$1Closed@32ae3b9b
org.apache.ratis.thirdparty.io.grpc.StatusRuntimeException: CANCELLED: call already cancelled
	at org.apache.ratis.thirdparty.io.grpc.Status.asRuntimeException(Status.java:517)
	at org.apache.ratis.thirdparty.io.grpc.stub.ServerCalls$ServerCallStreamObserverImpl.onCompleted(ServerCalls.java:356)
	at org.apache.ratis.grpc.server.GrpcServerProtocolService$ServerRequestStreamObserver.onError(GrpcServerProtocolService.java:121)
	at org.apache.ratis.thirdparty.io.grpc.stub.ServerCalls$StreamingServerCallHandler$StreamingServerCallListener.onCancel(ServerCalls.java:269)
	at org.apache.ratis.thirdparty.io.grpc.internal.ServerCallImpl$ServerStreamListenerImpl.closed(ServerCallImpl.java:293)
	at org.apache.ratis.thirdparty.io.grpc.internal.ServerImpl$JumpToApplicationThreadServerStreamListener$1Closed.runInContext(ServerImpl.java:741)
	at org.apache.ratis.thirdparty.io.grpc.internal.ContextRunnable.run(ContextRunnable.java:37)
	at org.apache.ratis.thirdparty.io.grpc.internal.SerializingExecutor.run(SerializingExecutor.java:123)
	at java.util.concurrent.ThreadPoolExecutor.runWorker(ThreadPoolExecutor.java:1149)
	at java.util.concurrent.ThreadPoolExecutor$Worker.run(ThreadPoolExecutor.java:624)
	at java.lang.Thread.run(Thread.java:748)

Oct 11, 2019 4:44:22 AM org.apache.ratis.thirdparty.io.grpc.internal.SerializingExecutor run
SEVERE: Exception while executing runnable org.apache.ratis.thirdparty.io.grpc.internal.ServerImpl$JumpToApplicationThreadServerStreamListener$1Closed@44f301a6
org.apache.ratis.thirdparty.io.grpc.StatusRuntimeException: CANCELLED: call already cancelled
	at org.apache.ratis.thirdparty.io.grpc.Status.asRuntimeException(Status.java:517)
	at org.apache.ratis.thirdparty.io.grpc.stub.ServerCalls$ServerCallStreamObserverImpl.onCompleted(ServerCalls.java:356)
	at org.apache.ratis.grpc.server.GrpcServerProtocolService$ServerRequestStreamObserver.onError(GrpcServerProtocolService.java:121)
	at org.apache.ratis.thirdparty.io.grpc.stub.ServerCalls$StreamingServerCallHandler$StreamingServerCallListener.onCancel(ServerCalls.java:269)
	at org.apache.ratis.thirdparty.io.grpc.internal.ServerCallImpl$ServerStreamListenerImpl.closed(ServerCallImpl.java:293)
	at org.apache.ratis.thirdparty.io.grpc.internal.ServerImpl$JumpToApplicationThreadServerStreamListener$1Closed.runInContext(ServerImpl.java:741)
	at org.apache.ratis.thirdparty.io.grpc.internal.ContextRunnable.run(ContextRunnable.java:37)
	at org.apache.ratis.thirdparty.io.grpc.internal.SerializingExecutor.run(SerializingExecutor.java:123)
	at java.util.concurrent.ThreadPoolExecutor.runWorker(ThreadPoolExecutor.java:1149)
	at java.util.concurrent.ThreadPoolExecutor$Worker.run(ThreadPoolExecutor.java:624)
	at java.lang.Thread.run(Thread.java:748)

Oct 11, 2019 4:44:22 AM org.apache.ratis.thirdparty.io.grpc.internal.SerializingExecutor run
SEVERE: Exception while executing runnable org.apache.ratis.thirdparty.io.grpc.internal.ServerImpl$JumpToApplicationThreadServerStreamListener$1Closed@c0d2f17
org.apache.ratis.thirdparty.io.grpc.StatusRuntimeException: CANCELLED: call already cancelled
	at org.apache.ratis.thirdparty.io.grpc.Status.asRuntimeException(Status.java:517)
	at org.apache.ratis.thirdparty.io.grpc.stub.ServerCalls$ServerCallStreamObserverImpl.onCompleted(ServerCalls.java:356)
	at org.apache.ratis.grpc.server.GrpcServerProtocolService$ServerRequestStreamObserver.onError(GrpcServerProtocolService.java:121)
	at org.apache.ratis.thirdparty.io.grpc.stub.ServerCalls$StreamingServerCallHandler$StreamingServerCallListener.onCancel(ServerCalls.java:269)
	at org.apache.ratis.thirdparty.io.grpc.internal.ServerCallImpl$ServerStreamListenerImpl.closed(ServerCallImpl.java:293)
	at org.apache.ratis.thirdparty.io.grpc.internal.ServerImpl$JumpToApplicationThreadServerStreamListener$1Closed.runInContext(ServerImpl.java:741)
	at org.apache.ratis.thirdparty.io.grpc.internal.ContextRunnable.run(ContextRunnable.java:37)
	at org.apache.ratis.thirdparty.io.grpc.internal.SerializingExecutor.run(SerializingExecutor.java:123)
	at java.util.concurrent.ThreadPoolExecutor.runWorker(ThreadPoolExecutor.java:1149)
	at java.util.concurrent.ThreadPoolExecutor$Worker.run(ThreadPoolExecutor.java:624)
	at java.lang.Thread.run(Thread.java:748)

Oct 11, 2019 4:44:22 AM org.apache.ratis.thirdparty.io.grpc.internal.SerializingExecutor run
SEVERE: Exception while executing runnable org.apache.ratis.thirdparty.io.grpc.internal.ServerImpl$JumpToApplicationThreadServerStreamListener$1Closed@1ba634bb
org.apache.ratis.thirdparty.io.grpc.StatusRuntimeException: CANCELLED: call already cancelled
	at org.apache.ratis.thirdparty.io.grpc.Status.asRuntimeException(Status.java:517)
	at org.apache.ratis.thirdparty.io.grpc.stub.ServerCalls$ServerCallStreamObserverImpl.onCompleted(ServerCalls.java:356)
	at org.apache.ratis.grpc.server.GrpcServerProtocolService$ServerRequestStreamObserver.onError(GrpcServerProtocolService.java:121)
	at org.apache.ratis.thirdparty.io.grpc.stub.ServerCalls$StreamingServerCallHandler$StreamingServerCallListener.onCancel(ServerCalls.java:269)
	at org.apache.ratis.thirdparty.io.grpc.internal.ServerCallImpl$ServerStreamListenerImpl.closed(ServerCallImpl.java:293)
	at org.apache.ratis.thirdparty.io.grpc.internal.ServerImpl$JumpToApplicationThreadServerStreamListener$1Closed.runInContext(ServerImpl.java:741)
	at org.apache.ratis.thirdparty.io.grpc.internal.ContextRunnable.run(ContextRunnable.java:37)
	at org.apache.ratis.thirdparty.io.grpc.internal.SerializingExecutor.run(SerializingExecutor.java:123)
	at java.util.concurrent.ThreadPoolExecutor.runWorker(ThreadPoolExecutor.java:1149)
	at java.util.concurrent.ThreadPoolExecutor$Worker.run(ThreadPoolExecutor.java:624)
	at java.lang.Thread.run(Thread.java:748)

]]></system-err>
  </testcase>
</testsuite>