<?xml version="1.0" encoding="UTF-8"?>
<testsuite xmlns:xsi="http://www.w3.org/2001/XMLSchema-instance" xsi:noNamespaceSchemaLocation="https://maven.apache.org/surefire/maven-surefire-plugin/xsd/surefire-test-report.xsd" name="org.apache.hadoop.ozone.client.rpc.TestWatchForCommit" time="273.379" tests="5" errors="1" skipped="0" failures="1">
  <properties>
    <property name="awt.toolkit" value="sun.awt.X11.XToolkit"/>
    <property name="file.encoding.pkg" value="sun.io"/>
    <property name="java.specification.version" value="1.8"/>
    <property name="sun.cpu.isalist" value=""/>
    <property name="sun.jnu.encoding" value="UTF-8"/>
    <property name="java.class.path" value="/workdir/hadoop-ozone/integration-test/target/test-classes:/workdir/hadoop-ozone/integration-test/target/classes:/home/user/.m2/repository/org/apache/hadoop/hadoop-ozone-common/0.5.0-SNAPSHOT/hadoop-ozone-common-0.5.0-SNAPSHOT.jar:/home/user/.m2/repository/org/apache/commons/commons-compress/1.4.1/commons-compress-1.4.1.jar:/home/user/.m2/repository/org/tukaani/xz/1.0/xz-1.0.jar:/home/user/.m2/repository/org/apache/hadoop/hadoop-common/3.2.0/hadoop-common-3.2.0.jar:/home/user/.m2/repository/org/apache/hadoop/hadoop-hdfs/3.2.0/hadoop-hdfs-3.2.0.jar:/home/user/.m2/repository/org/apache/hadoop/hadoop-hdfs-client/3.2.0/hadoop-hdfs-client-3.2.0.jar:/home/user/.m2/repository/com/fasterxml/jackson/core/jackson-annotations/2.9.9/jackson-annotations-2.9.9.jar:/home/user/.m2/repository/org/apache/hadoop/hadoop-hdds-common/0.5.0-SNAPSHOT/hadoop-hdds-common-0.5.0-SNAPSHOT.jar:/home/user/.m2/repository/javax/annotation/javax.annotation-api/1.2/javax.annotation-api-1.2.jar:/home/user/.m2/repository/org/apache/ratis/ratis-server/0.4.0/ratis-server-0.4.0.jar:/home/user/.m2/repository/org/apache/ratis/ratis-thirdparty-misc/0.2.0/ratis-thirdparty-misc-0.2.0.jar:/home/user/.m2/repository/org/apache/ratis/ratis-proto/0.4.0/ratis-proto-0.4.0.jar:/home/user/.m2/repository/org/apache/ratis/ratis-common/0.4.0/ratis-common-0.4.0.jar:/home/user/.m2/repository/org/apache/ratis/ratis-client/0.4.0/ratis-client-0.4.0.jar:/home/user/.m2/repository/org/apache/ratis/ratis-metrics/0.4.0/ratis-metrics-0.4.0.jar:/home/user/.m2/repository/com/github/joshelser/dropwizard-metrics-hadoop-metrics2-reporter/0.1.2/dropwizard-metrics-hadoop-metrics2-reporter-0.1.2.jar:/home/user/.m2/repository/io/dropwizard/metrics/metrics-jvm/3.2.5/metrics-jvm-3.2.5.jar:/home/user/.m2/repository/io/dropwizard/metrics/metrics-ganglia/3.2.5/metrics-ganglia-3.2.5.jar:/home/user/.m2/repository/info/ganglia/gmetric4j/gmetric4j/1.0.7/gmetric4j-1.0.7.jar:/home/user/.m2/repository/org/apache/ratis/ratis-netty/0.4.0/ratis-netty-0.4.0.jar:/home/user/.m2/repository/org/apache/ratis/ratis-grpc/0.4.0/ratis-grpc-0.4.0.jar:/home/user/.m2/repository/org/rocksdb/rocksdbjni/6.0.1/rocksdbjni-6.0.1.jar:/home/user/.m2/repository/org/apache/logging/log4j/log4j-api/2.11.0/log4j-api-2.11.0.jar:/home/user/.m2/repository/org/apache/logging/log4j/log4j-core/2.11.0/log4j-core-2.11.0.jar:/home/user/.m2/repository/com/lmax/disruptor/3.4.2/disruptor-3.4.2.jar:/home/user/.m2/repository/org/apache/commons/commons-pool2/2.6.0/commons-pool2-2.6.0.jar:/home/user/.m2/repository/org/bouncycastle/bcpkix-jdk15on/1.60/bcpkix-jdk15on-1.60.jar:/home/user/.m2/repository/commons-validator/commons-validator/1.6/commons-validator-1.6.jar:/home/user/.m2/repository/commons-digester/commons-digester/1.8.1/commons-digester-1.8.1.jar:/home/user/.m2/repository/io/jaegertracing/jaeger-client/0.34.0/jaeger-client-0.34.0.jar:/home/user/.m2/repository/io/jaegertracing/jaeger-thrift/0.34.0/jaeger-thrift-0.34.0.jar:/home/user/.m2/repository/org/apache/thrift/libthrift/0.12.0/libthrift-0.12.0.jar:/home/user/.m2/repository/com/squareup/okhttp3/okhttp/3.9.0/okhttp-3.9.0.jar:/home/user/.m2/repository/com/squareup/okio/okio/1.13.0/okio-1.13.0.jar:/home/user/.m2/repository/io/jaegertracing/jaeger-core/0.34.0/jaeger-core-0.34.0.jar:/home/user/.m2/repository/io/jaegertracing/jaeger-tracerresolver/0.34.0/jaeger-tracerresolver-0.34.0.jar:/home/user/.m2/repository/io/opentracing/contrib/opentracing-tracerresolver/0.1.5/opentracing-tracerresolver-0.1.5.jar:/home/user/.m2/repository/io/opentracing/opentracing-util/0.31.0/opentracing-util-0.31.0.jar:/home/user/.m2/repository/io/opentracing/opentracing-api/0.31.0/opentracing-api-0.31.0.jar:/home/user/.m2/repository/io/opentracing/opentracing-noop/0.31.0/opentracing-noop-0.31.0.jar:/home/user/.m2/repository/org/apache/hadoop/hadoop-hdds-server-framework/0.5.0-SNAPSHOT/hadoop-hdds-server-framework-0.5.0-SNAPSHOT.jar:/home/user/.m2/repository/org/apache/hadoop/hadoop-hdds-container-service/0.5.0-SNAPSHOT/hadoop-hdds-container-service-0.5.0-SNAPSHOT.jar:/home/user/.m2/repository/org/apache/hadoop/hadoop-hdds-client/0.5.0-SNAPSHOT/hadoop-hdds-client-0.5.0-SNAPSHOT.jar:/home/user/.m2/repository/org/apache/hadoop/hadoop-hdds-tools/0.5.0-SNAPSHOT/hadoop-hdds-tools-0.5.0-SNAPSHOT.jar:/home/user/.m2/repository/org/apache/hadoop/hadoop-hdds-server-scm/0.5.0-SNAPSHOT/hadoop-hdds-server-scm-0.5.0-SNAPSHOT.jar:/home/user/.m2/repository/org/apache/hadoop/hadoop-hdds-docs/0.5.0-SNAPSHOT/hadoop-hdds-docs-0.5.0-SNAPSHOT.jar:/home/user/.m2/repository/io/dropwizard/metrics/metrics-core/3.2.4/metrics-core-3.2.4.jar:/home/user/.m2/repository/org/hamcrest/hamcrest-all/1.3/hamcrest-all-1.3.jar:/home/user/.m2/repository/org/bouncycastle/bcprov-jdk15on/1.60/bcprov-jdk15on-1.60.jar:/home/user/.m2/repository/info/picocli/picocli/3.9.6/picocli-3.9.6.jar:/home/user/.m2/repository/com/google/protobuf/protobuf-java/2.5.0/protobuf-java-2.5.0.jar:/home/user/.m2/repository/com/google/guava/guava/11.0.2/guava-11.0.2.jar:/home/user/.m2/repository/org/apache/hadoop/hadoop-ozone-ozone-manager/0.5.0-SNAPSHOT/hadoop-ozone-ozone-manager-0.5.0-SNAPSHOT.jar:/home/user/.m2/repository/org/apache/hadoop/hadoop-minikdc/3.2.0/hadoop-minikdc-3.2.0.jar:/home/user/.m2/repository/commons-io/commons-io/2.5/commons-io-2.5.jar:/home/user/.m2/repository/org/apache/kerby/kerb-simplekdc/1.0.1/kerb-simplekdc-1.0.1.jar:/home/user/.m2/repository/org/apache/kerby/kerb-client/1.0.1/kerb-client-1.0.1.jar:/home/user/.m2/repository/org/apache/kerby/kerby-config/1.0.1/kerby-config-1.0.1.jar:/home/user/.m2/repository/org/apache/kerby/kerb-core/1.0.1/kerb-core-1.0.1.jar:/home/user/.m2/repository/org/apache/kerby/kerby-pkix/1.0.1/kerby-pkix-1.0.1.jar:/home/user/.m2/repository/org/apache/kerby/kerby-asn1/1.0.1/kerby-asn1-1.0.1.jar:/home/user/.m2/repository/org/apache/kerby/kerby-util/1.0.1/kerby-util-1.0.1.jar:/home/user/.m2/repository/org/apache/kerby/kerb-common/1.0.1/kerb-common-1.0.1.jar:/home/user/.m2/repository/org/apache/kerby/kerb-crypto/1.0.1/kerb-crypto-1.0.1.jar:/home/user/.m2/repository/org/apache/kerby/kerb-util/1.0.1/kerb-util-1.0.1.jar:/home/user/.m2/repository/org/apache/kerby/token-provider/1.0.1/token-provider-1.0.1.jar:/home/user/.m2/repository/org/apache/kerby/kerb-admin/1.0.1/kerb-admin-1.0.1.jar:/home/user/.m2/repository/org/apache/kerby/kerb-server/1.0.1/kerb-server-1.0.1.jar:/home/user/.m2/repository/org/apache/kerby/kerb-identity/1.0.1/kerb-identity-1.0.1.jar:/home/user/.m2/repository/org/apache/kerby/kerby-xdr/1.0.1/kerby-xdr-1.0.1.jar:/home/user/.m2/repository/org/slf4j/slf4j-log4j12/1.7.25/slf4j-log4j12-1.7.25.jar:/home/user/.m2/repository/org/apache/hadoop/hadoop-ozone-s3gateway/0.5.0-SNAPSHOT/hadoop-ozone-s3gateway-0.5.0-SNAPSHOT.jar:/home/user/.m2/repository/org/jboss/weld/servlet/weld-servlet/2.4.7.Final/weld-servlet-2.4.7.Final.jar:/home/user/.m2/repository/org/glassfish/jersey/containers/jersey-container-servlet-core/2.27/jersey-container-servlet-core-2.27.jar:/home/user/.m2/repository/org/glassfish/hk2/external/javax.inject/2.5.0-b42/javax.inject-2.5.0-b42.jar:/home/user/.m2/repository/org/glassfish/jersey/core/jersey-common/2.27/jersey-common-2.27.jar:/home/user/.m2/repository/org/glassfish/hk2/osgi-resource-locator/1.0.1/osgi-resource-locator-1.0.1.jar:/home/user/.m2/repository/javax/ws/rs/javax.ws.rs-api/2.1/javax.ws.rs-api-2.1.jar:/home/user/.m2/repository/org/glassfish/jersey/ext/cdi/jersey-cdi1x/2.27/jersey-cdi1x-2.27.jar:/home/user/.m2/repository/org/glassfish/jersey/inject/jersey-hk2/2.27/jersey-hk2-2.27.jar:/home/user/.m2/repository/org/glassfish/hk2/hk2-locator/2.5.0-b42/hk2-locator-2.5.0-b42.jar:/home/user/.m2/repository/org/javassist/javassist/3.22.0-CR2/javassist-3.22.0-CR2.jar:/home/user/.m2/repository/org/glassfish/hk2/hk2-api/2.5.0/hk2-api-2.5.0.jar:/home/user/.m2/repository/org/glassfish/hk2/external/jakarta.inject/2.5.0/jakarta.inject-2.5.0.jar:/home/user/.m2/repository/org/glassfish/hk2/hk2-utils/2.5.0/hk2-utils-2.5.0.jar:/home/user/.m2/repository/jakarta/annotation/jakarta.annotation-api/1.3.4/jakarta.annotation-api-1.3.4.jar:/home/user/.m2/repository/org/glassfish/hk2/external/aopalliance-repackaged/2.5.0/aopalliance-repackaged-2.5.0.jar:/home/user/.m2/repository/com/fasterxml/jackson/dataformat/jackson-dataformat-xml/2.9.0/jackson-dataformat-xml-2.9.0.jar:/home/user/.m2/repository/com/fasterxml/jackson/core/jackson-core/2.9.9/jackson-core-2.9.9.jar:/home/user/.m2/repository/com/fasterxml/jackson/module/jackson-module-jaxb-annotations/2.9.9/jackson-module-jaxb-annotations-2.9.9.jar:/home/user/.m2/repository/javax/enterprise/cdi-api/1.2/cdi-api-1.2.jar:/home/user/.m2/repository/javax/el/javax.el-api/3.0.0/javax.el-api-3.0.0.jar:/home/user/.m2/repository/javax/interceptor/javax.interceptor-api/1.2/javax.interceptor-api-1.2.jar:/home/user/.m2/repository/javax/inject/javax.inject/1/javax.inject-1.jar:/home/user/.m2/repository/com/sun/xml/bind/jaxb-impl/2.3.0.1/jaxb-impl-2.3.0.1.jar:/home/user/.m2/repository/com/sun/xml/bind/jaxb-core/2.3.0.1/jaxb-core-2.3.0.1.jar:/home/user/.m2/repository/javax/xml/bind/jaxb-api/2.3.0/jaxb-api-2.3.0.jar:/home/user/.m2/repository/javax/activation/activation/1.1.1/activation-1.1.1.jar:/home/user/.m2/repository/org/apache/hadoop/hadoop-ozone-csi/0.5.0-SNAPSHOT/hadoop-ozone-csi-0.5.0-SNAPSHOT.jar:/home/user/.m2/repository/com/google/protobuf/protobuf-java-util/3.5.1/protobuf-java-util-3.5.1.jar:/home/user/.m2/repository/org/apache/hadoop/hadoop-hdds-config/0.5.0-SNAPSHOT/hadoop-hdds-config-0.5.0-SNAPSHOT.jar:/home/user/.m2/repository/io/grpc/grpc-netty/1.17.1/grpc-netty-1.17.1.jar:/home/user/.m2/repository/io/grpc/grpc-core/1.17.1/grpc-core-1.17.1.jar:/home/user/.m2/repository/io/grpc/grpc-context/1.17.1/grpc-context-1.17.1.jar:/home/user/.m2/repository/com/google/errorprone/error_prone_annotations/2.2.0/error_prone_annotations-2.2.0.jar:/home/user/.m2/repository/org/codehaus/mojo/animal-sniffer-annotations/1.17/animal-sniffer-annotations-1.17.jar:/home/user/.m2/repository/io/opencensus/opencensus-api/0.17.0/opencensus-api-0.17.0.jar:/home/user/.m2/repository/io/opencensus/opencensus-contrib-grpc-metrics/0.17.0/opencensus-contrib-grpc-metrics-0.17.0.jar:/home/user/.m2/repository/io/netty/netty-codec-http2/4.1.30.Final/netty-codec-http2-4.1.30.Final.jar:/home/user/.m2/repository/io/netty/netty-codec-http/4.1.30.Final/netty-codec-http-4.1.30.Final.jar:/home/user/.m2/repository/io/netty/netty-codec/4.1.30.Final/netty-codec-4.1.30.Final.jar:/home/user/.m2/repository/io/netty/netty-handler/4.1.30.Final/netty-handler-4.1.30.Final.jar:/home/user/.m2/repository/io/netty/netty-handler-proxy/4.1.30.Final/netty-handler-proxy-4.1.30.Final.jar:/home/user/.m2/repository/io/netty/netty-codec-socks/4.1.30.Final/netty-codec-socks-4.1.30.Final.jar:/home/user/.m2/repository/io/netty/netty-transport-native-epoll/4.1.30.Final/netty-transport-native-epoll-4.1.30.Final.jar:/home/user/.m2/repository/io/netty/netty-common/4.1.30.Final/netty-common-4.1.30.Final.jar:/home/user/.m2/repository/io/netty/netty-buffer/4.1.30.Final/netty-buffer-4.1.30.Final.jar:/home/user/.m2/repository/io/netty/netty-transport/4.1.30.Final/netty-transport-4.1.30.Final.jar:/home/user/.m2/repository/io/netty/netty-resolver/4.1.30.Final/netty-resolver-4.1.30.Final.jar:/home/user/.m2/repository/io/netty/netty-transport-native-unix-common/4.1.30.Final/netty-transport-native-unix-common-4.1.30.Final.jar:/home/user/.m2/repository/io/grpc/grpc-protobuf/1.17.1/grpc-protobuf-1.17.1.jar:/home/user/.m2/repository/com/google/api/grpc/proto-google-common-protos/1.0.0/proto-google-common-protos-1.0.0.jar:/home/user/.m2/repository/io/grpc/grpc-protobuf-lite/1.17.1/grpc-protobuf-lite-1.17.1.jar:/home/user/.m2/repository/io/grpc/grpc-stub/1.17.1/grpc-stub-1.17.1.jar:/home/user/.m2/repository/org/apache/hadoop/hadoop-ozone-recon/0.5.0-SNAPSHOT/hadoop-ozone-recon-0.5.0-SNAPSHOT.jar:/home/user/.m2/repository/org/apache/hadoop/hadoop-ozone-reconcodegen/0.5.0-SNAPSHOT/hadoop-ozone-reconcodegen-0.5.0-SNAPSHOT.jar:/home/user/.m2/repository/com/google/inject/extensions/guice-multibindings/4.0/guice-multibindings-4.0.jar:/home/user/.m2/repository/com/google/inject/guice/4.0/guice-4.0.jar:/home/user/.m2/repository/aopalliance/aopalliance/1.0/aopalliance-1.0.jar:/home/user/.m2/repository/com/google/inject/extensions/guice-servlet/4.0/guice-servlet-4.0.jar:/home/user/.m2/repository/org/glassfish/jersey/containers/jersey-container-servlet/2.27/jersey-container-servlet-2.27.jar:/home/user/.m2/repository/org/glassfish/hk2/guice-bridge/2.5.0/guice-bridge-2.5.0.jar:/home/user/.m2/repository/org/glassfish/jersey/core/jersey-server/2.27/jersey-server-2.27.jar:/home/user/.m2/repository/org/glassfish/jersey/core/jersey-client/2.27/jersey-client-2.27.jar:/home/user/.m2/repository/org/glassfish/jersey/media/jersey-media-jaxb/2.27/jersey-media-jaxb-2.27.jar:/home/user/.m2/repository/javax/validation/validation-api/1.1.0.Final/validation-api-1.1.0.Final.jar:/home/user/.m2/repository/org/glassfish/jersey/media/jersey-media-json-jackson/2.27/jersey-media-json-jackson-2.27.jar:/home/user/.m2/repository/org/glassfish/jersey/ext/jersey-entity-filtering/2.27/jersey-entity-filtering-2.27.jar:/home/user/.m2/repository/com/google/inject/extensions/guice-assistedinject/4.0/guice-assistedinject-4.0.jar:/home/user/.m2/repository/org/jooq/jooq/3.11.10/jooq-3.11.10.jar:/home/user/.m2/repository/org/jooq/jooq-meta/3.11.10/jooq-meta-3.11.10.jar:/home/user/.m2/repository/org/jooq/jooq-codegen/3.11.10/jooq-codegen-3.11.10.jar:/home/user/.m2/repository/com/jolbox/bonecp/0.8.0.RELEASE/bonecp-0.8.0.RELEASE.jar:/home/user/.m2/repository/org/xerial/sqlite-jdbc/3.25.2/sqlite-jdbc-3.25.2.jar:/home/user/.m2/repository/org/springframework/spring-jdbc/5.1.3.RELEASE/spring-jdbc-5.1.3.RELEASE.jar:/home/user/.m2/repository/org/springframework/spring-beans/5.1.3.RELEASE/spring-beans-5.1.3.RELEASE.jar:/home/user/.m2/repository/org/springframework/spring-core/5.1.3.RELEASE/spring-core-5.1.3.RELEASE.jar:/home/user/.m2/repository/org/springframework/spring-jcl/5.1.3.RELEASE/spring-jcl-5.1.3.RELEASE.jar:/home/user/.m2/repository/org/springframework/spring-tx/5.1.3.RELEASE/spring-tx-5.1.3.RELEASE.jar:/home/user/.m2/repository/org/apache/hadoop/hadoop-ozone-client/0.5.0-SNAPSHOT/hadoop-ozone-client-0.5.0-SNAPSHOT.jar:/home/user/.m2/repository/commons-lang/commons-lang/2.6/commons-lang-2.6.jar:/home/user/.m2/repository/org/apache/hadoop/hadoop-ozone-ozone-manager/0.5.0-SNAPSHOT/hadoop-ozone-ozone-manager-0.5.0-SNAPSHOT-tests.jar:/home/user/.m2/repository/junit/junit/4.11/junit-4.11.jar:/home/user/.m2/repository/org/hamcrest/hamcrest-core/1.3/hamcrest-core-1.3.jar:/home/user/.m2/repository/org/openjdk/jmh/jmh-core/1.19/jmh-core-1.19.jar:/home/user/.m2/repository/net/sf/jopt-simple/jopt-simple/4.6/jopt-simple-4.6.jar:/home/user/.m2/repository/org/apache/commons/commons-math3/3.1.1/commons-math3-3.1.1.jar:/home/user/.m2/repository/org/openjdk/jmh/jmh-generator-annprocess/1.19/jmh-generator-annprocess-1.19.jar:/home/user/.m2/repository/org/mockito/mockito-all/1.8.5/mockito-all-1.8.5.jar:/home/user/.m2/repository/org/apache/hadoop/hadoop-kms/3.2.0/hadoop-kms-3.2.0.jar:/home/user/.m2/repository/org/apache/hadoop/hadoop-auth/3.2.0/hadoop-auth-3.2.0.jar:/home/user/.m2/repository/com/nimbusds/nimbus-jose-jwt/4.41.1/nimbus-jose-jwt-4.41.1.jar:/home/user/.m2/repository/com/github/stephenc/jcip/jcip-annotations/1.0-1/jcip-annotations-1.0-1.jar:/home/user/.m2/repository/net/minidev/json-smart/2.3/json-smart-2.3.jar:/home/user/.m2/repository/net/minidev/accessors-smart/1.2/accessors-smart-1.2.jar:/home/user/.m2/repository/org/ow2/asm/asm/5.0.4/asm-5.0.4.jar:/home/user/.m2/repository/org/apache/curator/curator-framework/2.12.0/curator-framework-2.12.0.jar:/home/user/.m2/repository/com/sun/jersey/jersey-core/1.19/jersey-core-1.19.jar:/home/user/.m2/repository/javax/ws/rs/jsr311-api/1.1.1/jsr311-api-1.1.1.jar:/home/user/.m2/repository/com/sun/jersey/jersey-server/1.19/jersey-server-1.19.jar:/home/user/.m2/repository/javax/servlet/javax.servlet-api/3.1.0/javax.servlet-api-3.1.0.jar:/home/user/.m2/repository/org/eclipse/jetty/jetty-server/9.3.25.v20180904/jetty-server-9.3.25.v20180904.jar:/home/user/.m2/repository/org/eclipse/jetty/jetty-http/9.3.25.v20180904/jetty-http-9.3.25.v20180904.jar:/home/user/.m2/repository/org/eclipse/jetty/jetty-io/9.3.25.v20180904/jetty-io-9.3.25.v20180904.jar:/home/user/.m2/repository/org/eclipse/jetty/jetty-webapp/9.3.25.v20180904/jetty-webapp-9.3.25.v20180904.jar:/home/user/.m2/repository/org/eclipse/jetty/jetty-xml/9.3.25.v20180904/jetty-xml-9.3.25.v20180904.jar:/home/user/.m2/repository/log4j/log4j/1.2.17/log4j-1.2.17.jar:/home/user/.m2/repository/org/slf4j/slf4j-api/1.7.25/slf4j-api-1.7.25.jar:/home/user/.m2/repository/org/slf4j/jul-to-slf4j/1.7.25/jul-to-slf4j-1.7.25.jar:/home/user/.m2/repository/org/eclipse/jetty/jetty-util/9.3.25.v20180904/jetty-util-9.3.25.v20180904.jar:/home/user/.m2/repository/com/fasterxml/jackson/core/jackson-databind/2.9.9/jackson-databind-2.9.9.jar:/home/user/.m2/repository/org/apache/hadoop/hadoop-kms/3.2.0/hadoop-kms-3.2.0-tests.jar:/home/user/.m2/repository/org/apache/hadoop/hadoop-hdds-server-scm/0.5.0-SNAPSHOT/hadoop-hdds-server-scm-0.5.0-SNAPSHOT-tests.jar:/home/user/.m2/repository/org/apache/hadoop/hadoop-hdds-container-service/0.5.0-SNAPSHOT/hadoop-hdds-container-service-0.5.0-SNAPSHOT-tests.jar:/home/user/.m2/repository/org/yaml/snakeyaml/1.16/snakeyaml-1.16.jar:/home/user/.m2/repository/org/apache/hadoop/hadoop-common/3.2.0/hadoop-common-3.2.0-tests.jar:/home/user/.m2/repository/org/apache/hadoop/hadoop-annotations/3.2.0/hadoop-annotations-3.2.0.jar:/usr/lib/jvm/java-1.8-openjdk/jre/../lib/tools.jar:/home/user/.m2/repository/commons-cli/commons-cli/1.2/commons-cli-1.2.jar:/home/user/.m2/repository/org/apache/httpcomponents/httpclient/4.5.2/httpclient-4.5.2.jar:/home/user/.m2/repository/org/apache/httpcomponents/httpcore/4.4.4/httpcore-4.4.4.jar:/home/user/.m2/repository/commons-codec/commons-codec/1.11/commons-codec-1.11.jar:/home/user/.m2/repository/commons-net/commons-net/3.6/commons-net-3.6.jar:/home/user/.m2/repository/commons-collections/commons-collections/3.2.2/commons-collections-3.2.2.jar:/home/user/.m2/repository/org/eclipse/jetty/jetty-servlet/9.3.25.v20180904/jetty-servlet-9.3.25.v20180904.jar:/home/user/.m2/repository/org/eclipse/jetty/jetty-security/9.3.25.v20180904/jetty-security-9.3.25.v20180904.jar:/home/user/.m2/repository/javax/servlet/jsp/jsp-api/2.1/jsp-api-2.1.jar:/home/user/.m2/repository/com/sun/jersey/jersey-servlet/1.19/jersey-servlet-1.19.jar:/home/user/.m2/repository/com/sun/jersey/jersey-json/1.19/jersey-json-1.19.jar:/home/user/.m2/repository/org/codehaus/jettison/jettison/1.1/jettison-1.1.jar:/home/user/.m2/repository/org/codehaus/jackson/jackson-core-asl/1.9.13/jackson-core-asl-1.9.13.jar:/home/user/.m2/repository/org/codehaus/jackson/jackson-mapper-asl/1.9.13/jackson-mapper-asl-1.9.13.jar:/home/user/.m2/repository/org/codehaus/jackson/jackson-jaxrs/1.9.13/jackson-jaxrs-1.9.13.jar:/home/user/.m2/repository/org/codehaus/jackson/jackson-xc/1.9.13/jackson-xc-1.9.13.jar:/home/user/.m2/repository/commons-logging/commons-logging/1.1.3/commons-logging-1.1.3.jar:/home/user/.m2/repository/commons-beanutils/commons-beanutils/1.9.4/commons-beanutils-1.9.4.jar:/home/user/.m2/repository/org/apache/commons/commons-configuration2/2.1.1/commons-configuration2-2.1.1.jar:/home/user/.m2/repository/org/apache/commons/commons-lang3/3.7/commons-lang3-3.7.jar:/home/user/.m2/repository/org/apache/commons/commons-text/1.4/commons-text-1.4.jar:/home/user/.m2/repository/org/apache/avro/avro/1.7.7/avro-1.7.7.jar:/home/user/.m2/repository/com/thoughtworks/paranamer/paranamer/2.3/paranamer-2.3.jar:/home/user/.m2/repository/org/xerial/snappy/snappy-java/1.0.5/snappy-java-1.0.5.jar:/home/user/.m2/repository/com/google/re2j/re2j/1.1/re2j-1.1.jar:/home/user/.m2/repository/com/google/code/gson/gson/2.2.4/gson-2.2.4.jar:/home/user/.m2/repository/com/jcraft/jsch/0.1.54/jsch-0.1.54.jar:/home/user/.m2/repository/org/apache/curator/curator-client/2.12.0/curator-client-2.12.0.jar:/home/user/.m2/repository/org/apache/curator/curator-recipes/2.12.0/curator-recipes-2.12.0.jar:/home/user/.m2/repository/com/google/code/findbugs/jsr305/3.0.0/jsr305-3.0.0.jar:/home/user/.m2/repository/org/apache/htrace/htrace-core4/4.1.0-incubating/htrace-core4-4.1.0-incubating.jar:/home/user/.m2/repository/org/apache/zookeeper/zookeeper/3.4.13/zookeeper-3.4.13.jar:/home/user/.m2/repository/jline/jline/0.9.94/jline-0.9.94.jar:/home/user/.m2/repository/org/apache/yetus/audience-annotations/0.5.0/audience-annotations-0.5.0.jar:/home/user/.m2/repository/org/codehaus/woodstox/stax2-api/3.1.4/stax2-api-3.1.4.jar:/home/user/.m2/repository/com/fasterxml/woodstox/woodstox-core/5.0.3/woodstox-core-5.0.3.jar:/home/user/.m2/repository/dnsjava/dnsjava/2.1.7/dnsjava-2.1.7.jar:/home/user/.m2/repository/org/apache/hadoop/hadoop-hdfs/3.2.0/hadoop-hdfs-3.2.0-tests.jar:/home/user/.m2/repository/org/eclipse/jetty/jetty-util-ajax/9.3.25.v20180904/jetty-util-ajax-9.3.25.v20180904.jar:/home/user/.m2/repository/commons-daemon/commons-daemon/1.0.13/commons-daemon-1.0.13.jar:/home/user/.m2/repository/io/netty/netty/3.10.5.Final/netty-3.10.5.Final.jar:/home/user/.m2/repository/io/netty/netty-all/4.0.52.Final/netty-all-4.0.52.Final.jar:/home/user/.m2/repository/org/fusesource/leveldbjni/leveldbjni-all/1.8/leveldbjni-all-1.8.jar:"/>
    <property name="java.vm.vendor" value="IcedTea"/>
    <property name="sun.arch.data.model" value="64"/>
    <property name="test.build.dir" value="/workdir/hadoop-ozone/integration-test/target/test-dir"/>
    <property name="test.cache.data" value=""/>
    <property name="java.vendor.url" value="https://icedtea.classpath.org"/>
    <property name="user.timezone" value=""/>
    <property name="java.vm.specification.version" value="1.8"/>
    <property name="os.name" value="Linux"/>
    <property name="test.build.data" value="/workdir/hadoop-ozone/integration-test/target/test-dir"/>
    <property name="user.country" value="US"/>
    <property name="sun.java.launcher" value="SUN_STANDARD"/>
    <property name="sun.boot.library.path" value="/usr/lib/jvm/java-1.8-openjdk/jre/lib/amd64"/>
    <property name="sun.java.command" value="/workdir/hadoop-ozone/integration-test/target/surefire/surefirebooter98644819134705204.jar /workdir/hadoop-ozone/integration-test/target/surefire 2019-10-11T04-09-39_459-jvmRun1 surefire9108259998821168752tmp surefire_393857058884473980521tmp"/>
    <property name="test" value="!TestMiniChaosOzoneCluster"/>
    <property name="surefire.test.class.path" value="/workdir/hadoop-ozone/integration-test/target/test-classes:/workdir/hadoop-ozone/integration-test/target/classes:/home/user/.m2/repository/org/apache/hadoop/hadoop-ozone-common/0.5.0-SNAPSHOT/hadoop-ozone-common-0.5.0-SNAPSHOT.jar:/home/user/.m2/repository/org/apache/commons/commons-compress/1.4.1/commons-compress-1.4.1.jar:/home/user/.m2/repository/org/tukaani/xz/1.0/xz-1.0.jar:/home/user/.m2/repository/org/apache/hadoop/hadoop-common/3.2.0/hadoop-common-3.2.0.jar:/home/user/.m2/repository/org/apache/hadoop/hadoop-hdfs/3.2.0/hadoop-hdfs-3.2.0.jar:/home/user/.m2/repository/org/apache/hadoop/hadoop-hdfs-client/3.2.0/hadoop-hdfs-client-3.2.0.jar:/home/user/.m2/repository/com/fasterxml/jackson/core/jackson-annotations/2.9.9/jackson-annotations-2.9.9.jar:/home/user/.m2/repository/org/apache/hadoop/hadoop-hdds-common/0.5.0-SNAPSHOT/hadoop-hdds-common-0.5.0-SNAPSHOT.jar:/home/user/.m2/repository/javax/annotation/javax.annotation-api/1.2/javax.annotation-api-1.2.jar:/home/user/.m2/repository/org/apache/ratis/ratis-server/0.4.0/ratis-server-0.4.0.jar:/home/user/.m2/repository/org/apache/ratis/ratis-thirdparty-misc/0.2.0/ratis-thirdparty-misc-0.2.0.jar:/home/user/.m2/repository/org/apache/ratis/ratis-proto/0.4.0/ratis-proto-0.4.0.jar:/home/user/.m2/repository/org/apache/ratis/ratis-common/0.4.0/ratis-common-0.4.0.jar:/home/user/.m2/repository/org/apache/ratis/ratis-client/0.4.0/ratis-client-0.4.0.jar:/home/user/.m2/repository/org/apache/ratis/ratis-metrics/0.4.0/ratis-metrics-0.4.0.jar:/home/user/.m2/repository/com/github/joshelser/dropwizard-metrics-hadoop-metrics2-reporter/0.1.2/dropwizard-metrics-hadoop-metrics2-reporter-0.1.2.jar:/home/user/.m2/repository/io/dropwizard/metrics/metrics-jvm/3.2.5/metrics-jvm-3.2.5.jar:/home/user/.m2/repository/io/dropwizard/metrics/metrics-ganglia/3.2.5/metrics-ganglia-3.2.5.jar:/home/user/.m2/repository/info/ganglia/gmetric4j/gmetric4j/1.0.7/gmetric4j-1.0.7.jar:/home/user/.m2/repository/org/apache/ratis/ratis-netty/0.4.0/ratis-netty-0.4.0.jar:/home/user/.m2/repository/org/apache/ratis/ratis-grpc/0.4.0/ratis-grpc-0.4.0.jar:/home/user/.m2/repository/org/rocksdb/rocksdbjni/6.0.1/rocksdbjni-6.0.1.jar:/home/user/.m2/repository/org/apache/logging/log4j/log4j-api/2.11.0/log4j-api-2.11.0.jar:/home/user/.m2/repository/org/apache/logging/log4j/log4j-core/2.11.0/log4j-core-2.11.0.jar:/home/user/.m2/repository/com/lmax/disruptor/3.4.2/disruptor-3.4.2.jar:/home/user/.m2/repository/org/apache/commons/commons-pool2/2.6.0/commons-pool2-2.6.0.jar:/home/user/.m2/repository/org/bouncycastle/bcpkix-jdk15on/1.60/bcpkix-jdk15on-1.60.jar:/home/user/.m2/repository/commons-validator/commons-validator/1.6/commons-validator-1.6.jar:/home/user/.m2/repository/commons-digester/commons-digester/1.8.1/commons-digester-1.8.1.jar:/home/user/.m2/repository/io/jaegertracing/jaeger-client/0.34.0/jaeger-client-0.34.0.jar:/home/user/.m2/repository/io/jaegertracing/jaeger-thrift/0.34.0/jaeger-thrift-0.34.0.jar:/home/user/.m2/repository/org/apache/thrift/libthrift/0.12.0/libthrift-0.12.0.jar:/home/user/.m2/repository/com/squareup/okhttp3/okhttp/3.9.0/okhttp-3.9.0.jar:/home/user/.m2/repository/com/squareup/okio/okio/1.13.0/okio-1.13.0.jar:/home/user/.m2/repository/io/jaegertracing/jaeger-core/0.34.0/jaeger-core-0.34.0.jar:/home/user/.m2/repository/io/jaegertracing/jaeger-tracerresolver/0.34.0/jaeger-tracerresolver-0.34.0.jar:/home/user/.m2/repository/io/opentracing/contrib/opentracing-tracerresolver/0.1.5/opentracing-tracerresolver-0.1.5.jar:/home/user/.m2/repository/io/opentracing/opentracing-util/0.31.0/opentracing-util-0.31.0.jar:/home/user/.m2/repository/io/opentracing/opentracing-api/0.31.0/opentracing-api-0.31.0.jar:/home/user/.m2/repository/io/opentracing/opentracing-noop/0.31.0/opentracing-noop-0.31.0.jar:/home/user/.m2/repository/org/apache/hadoop/hadoop-hdds-server-framework/0.5.0-SNAPSHOT/hadoop-hdds-server-framework-0.5.0-SNAPSHOT.jar:/home/user/.m2/repository/org/apache/hadoop/hadoop-hdds-container-service/0.5.0-SNAPSHOT/hadoop-hdds-container-service-0.5.0-SNAPSHOT.jar:/home/user/.m2/repository/org/apache/hadoop/hadoop-hdds-client/0.5.0-SNAPSHOT/hadoop-hdds-client-0.5.0-SNAPSHOT.jar:/home/user/.m2/repository/org/apache/hadoop/hadoop-hdds-tools/0.5.0-SNAPSHOT/hadoop-hdds-tools-0.5.0-SNAPSHOT.jar:/home/user/.m2/repository/org/apache/hadoop/hadoop-hdds-server-scm/0.5.0-SNAPSHOT/hadoop-hdds-server-scm-0.5.0-SNAPSHOT.jar:/home/user/.m2/repository/org/apache/hadoop/hadoop-hdds-docs/0.5.0-SNAPSHOT/hadoop-hdds-docs-0.5.0-SNAPSHOT.jar:/home/user/.m2/repository/io/dropwizard/metrics/metrics-core/3.2.4/metrics-core-3.2.4.jar:/home/user/.m2/repository/org/hamcrest/hamcrest-all/1.3/hamcrest-all-1.3.jar:/home/user/.m2/repository/org/bouncycastle/bcprov-jdk15on/1.60/bcprov-jdk15on-1.60.jar:/home/user/.m2/repository/info/picocli/picocli/3.9.6/picocli-3.9.6.jar:/home/user/.m2/repository/com/google/protobuf/protobuf-java/2.5.0/protobuf-java-2.5.0.jar:/home/user/.m2/repository/com/google/guava/guava/11.0.2/guava-11.0.2.jar:/home/user/.m2/repository/org/apache/hadoop/hadoop-ozone-ozone-manager/0.5.0-SNAPSHOT/hadoop-ozone-ozone-manager-0.5.0-SNAPSHOT.jar:/home/user/.m2/repository/org/apache/hadoop/hadoop-minikdc/3.2.0/hadoop-minikdc-3.2.0.jar:/home/user/.m2/repository/commons-io/commons-io/2.5/commons-io-2.5.jar:/home/user/.m2/repository/org/apache/kerby/kerb-simplekdc/1.0.1/kerb-simplekdc-1.0.1.jar:/home/user/.m2/repository/org/apache/kerby/kerb-client/1.0.1/kerb-client-1.0.1.jar:/home/user/.m2/repository/org/apache/kerby/kerby-config/1.0.1/kerby-config-1.0.1.jar:/home/user/.m2/repository/org/apache/kerby/kerb-core/1.0.1/kerb-core-1.0.1.jar:/home/user/.m2/repository/org/apache/kerby/kerby-pkix/1.0.1/kerby-pkix-1.0.1.jar:/home/user/.m2/repository/org/apache/kerby/kerby-asn1/1.0.1/kerby-asn1-1.0.1.jar:/home/user/.m2/repository/org/apache/kerby/kerby-util/1.0.1/kerby-util-1.0.1.jar:/home/user/.m2/repository/org/apache/kerby/kerb-common/1.0.1/kerb-common-1.0.1.jar:/home/user/.m2/repository/org/apache/kerby/kerb-crypto/1.0.1/kerb-crypto-1.0.1.jar:/home/user/.m2/repository/org/apache/kerby/kerb-util/1.0.1/kerb-util-1.0.1.jar:/home/user/.m2/repository/org/apache/kerby/token-provider/1.0.1/token-provider-1.0.1.jar:/home/user/.m2/repository/org/apache/kerby/kerb-admin/1.0.1/kerb-admin-1.0.1.jar:/home/user/.m2/repository/org/apache/kerby/kerb-server/1.0.1/kerb-server-1.0.1.jar:/home/user/.m2/repository/org/apache/kerby/kerb-identity/1.0.1/kerb-identity-1.0.1.jar:/home/user/.m2/repository/org/apache/kerby/kerby-xdr/1.0.1/kerby-xdr-1.0.1.jar:/home/user/.m2/repository/org/slf4j/slf4j-log4j12/1.7.25/slf4j-log4j12-1.7.25.jar:/home/user/.m2/repository/org/apache/hadoop/hadoop-ozone-s3gateway/0.5.0-SNAPSHOT/hadoop-ozone-s3gateway-0.5.0-SNAPSHOT.jar:/home/user/.m2/repository/org/jboss/weld/servlet/weld-servlet/2.4.7.Final/weld-servlet-2.4.7.Final.jar:/home/user/.m2/repository/org/glassfish/jersey/containers/jersey-container-servlet-core/2.27/jersey-container-servlet-core-2.27.jar:/home/user/.m2/repository/org/glassfish/hk2/external/javax.inject/2.5.0-b42/javax.inject-2.5.0-b42.jar:/home/user/.m2/repository/org/glassfish/jersey/core/jersey-common/2.27/jersey-common-2.27.jar:/home/user/.m2/repository/org/glassfish/hk2/osgi-resource-locator/1.0.1/osgi-resource-locator-1.0.1.jar:/home/user/.m2/repository/javax/ws/rs/javax.ws.rs-api/2.1/javax.ws.rs-api-2.1.jar:/home/user/.m2/repository/org/glassfish/jersey/ext/cdi/jersey-cdi1x/2.27/jersey-cdi1x-2.27.jar:/home/user/.m2/repository/org/glassfish/jersey/inject/jersey-hk2/2.27/jersey-hk2-2.27.jar:/home/user/.m2/repository/org/glassfish/hk2/hk2-locator/2.5.0-b42/hk2-locator-2.5.0-b42.jar:/home/user/.m2/repository/org/javassist/javassist/3.22.0-CR2/javassist-3.22.0-CR2.jar:/home/user/.m2/repository/org/glassfish/hk2/hk2-api/2.5.0/hk2-api-2.5.0.jar:/home/user/.m2/repository/org/glassfish/hk2/external/jakarta.inject/2.5.0/jakarta.inject-2.5.0.jar:/home/user/.m2/repository/org/glassfish/hk2/hk2-utils/2.5.0/hk2-utils-2.5.0.jar:/home/user/.m2/repository/jakarta/annotation/jakarta.annotation-api/1.3.4/jakarta.annotation-api-1.3.4.jar:/home/user/.m2/repository/org/glassfish/hk2/external/aopalliance-repackaged/2.5.0/aopalliance-repackaged-2.5.0.jar:/home/user/.m2/repository/com/fasterxml/jackson/dataformat/jackson-dataformat-xml/2.9.0/jackson-dataformat-xml-2.9.0.jar:/home/user/.m2/repository/com/fasterxml/jackson/core/jackson-core/2.9.9/jackson-core-2.9.9.jar:/home/user/.m2/repository/com/fasterxml/jackson/module/jackson-module-jaxb-annotations/2.9.9/jackson-module-jaxb-annotations-2.9.9.jar:/home/user/.m2/repository/javax/enterprise/cdi-api/1.2/cdi-api-1.2.jar:/home/user/.m2/repository/javax/el/javax.el-api/3.0.0/javax.el-api-3.0.0.jar:/home/user/.m2/repository/javax/interceptor/javax.interceptor-api/1.2/javax.interceptor-api-1.2.jar:/home/user/.m2/repository/javax/inject/javax.inject/1/javax.inject-1.jar:/home/user/.m2/repository/com/sun/xml/bind/jaxb-impl/2.3.0.1/jaxb-impl-2.3.0.1.jar:/home/user/.m2/repository/com/sun/xml/bind/jaxb-core/2.3.0.1/jaxb-core-2.3.0.1.jar:/home/user/.m2/repository/javax/xml/bind/jaxb-api/2.3.0/jaxb-api-2.3.0.jar:/home/user/.m2/repository/javax/activation/activation/1.1.1/activation-1.1.1.jar:/home/user/.m2/repository/org/apache/hadoop/hadoop-ozone-csi/0.5.0-SNAPSHOT/hadoop-ozone-csi-0.5.0-SNAPSHOT.jar:/home/user/.m2/repository/com/google/protobuf/protobuf-java-util/3.5.1/protobuf-java-util-3.5.1.jar:/home/user/.m2/repository/org/apache/hadoop/hadoop-hdds-config/0.5.0-SNAPSHOT/hadoop-hdds-config-0.5.0-SNAPSHOT.jar:/home/user/.m2/repository/io/grpc/grpc-netty/1.17.1/grpc-netty-1.17.1.jar:/home/user/.m2/repository/io/grpc/grpc-core/1.17.1/grpc-core-1.17.1.jar:/home/user/.m2/repository/io/grpc/grpc-context/1.17.1/grpc-context-1.17.1.jar:/home/user/.m2/repository/com/google/errorprone/error_prone_annotations/2.2.0/error_prone_annotations-2.2.0.jar:/home/user/.m2/repository/org/codehaus/mojo/animal-sniffer-annotations/1.17/animal-sniffer-annotations-1.17.jar:/home/user/.m2/repository/io/opencensus/opencensus-api/0.17.0/opencensus-api-0.17.0.jar:/home/user/.m2/repository/io/opencensus/opencensus-contrib-grpc-metrics/0.17.0/opencensus-contrib-grpc-metrics-0.17.0.jar:/home/user/.m2/repository/io/netty/netty-codec-http2/4.1.30.Final/netty-codec-http2-4.1.30.Final.jar:/home/user/.m2/repository/io/netty/netty-codec-http/4.1.30.Final/netty-codec-http-4.1.30.Final.jar:/home/user/.m2/repository/io/netty/netty-codec/4.1.30.Final/netty-codec-4.1.30.Final.jar:/home/user/.m2/repository/io/netty/netty-handler/4.1.30.Final/netty-handler-4.1.30.Final.jar:/home/user/.m2/repository/io/netty/netty-handler-proxy/4.1.30.Final/netty-handler-proxy-4.1.30.Final.jar:/home/user/.m2/repository/io/netty/netty-codec-socks/4.1.30.Final/netty-codec-socks-4.1.30.Final.jar:/home/user/.m2/repository/io/netty/netty-transport-native-epoll/4.1.30.Final/netty-transport-native-epoll-4.1.30.Final.jar:/home/user/.m2/repository/io/netty/netty-common/4.1.30.Final/netty-common-4.1.30.Final.jar:/home/user/.m2/repository/io/netty/netty-buffer/4.1.30.Final/netty-buffer-4.1.30.Final.jar:/home/user/.m2/repository/io/netty/netty-transport/4.1.30.Final/netty-transport-4.1.30.Final.jar:/home/user/.m2/repository/io/netty/netty-resolver/4.1.30.Final/netty-resolver-4.1.30.Final.jar:/home/user/.m2/repository/io/netty/netty-transport-native-unix-common/4.1.30.Final/netty-transport-native-unix-common-4.1.30.Final.jar:/home/user/.m2/repository/io/grpc/grpc-protobuf/1.17.1/grpc-protobuf-1.17.1.jar:/home/user/.m2/repository/com/google/api/grpc/proto-google-common-protos/1.0.0/proto-google-common-protos-1.0.0.jar:/home/user/.m2/repository/io/grpc/grpc-protobuf-lite/1.17.1/grpc-protobuf-lite-1.17.1.jar:/home/user/.m2/repository/io/grpc/grpc-stub/1.17.1/grpc-stub-1.17.1.jar:/home/user/.m2/repository/org/apache/hadoop/hadoop-ozone-recon/0.5.0-SNAPSHOT/hadoop-ozone-recon-0.5.0-SNAPSHOT.jar:/home/user/.m2/repository/org/apache/hadoop/hadoop-ozone-reconcodegen/0.5.0-SNAPSHOT/hadoop-ozone-reconcodegen-0.5.0-SNAPSHOT.jar:/home/user/.m2/repository/com/google/inject/extensions/guice-multibindings/4.0/guice-multibindings-4.0.jar:/home/user/.m2/repository/com/google/inject/guice/4.0/guice-4.0.jar:/home/user/.m2/repository/aopalliance/aopalliance/1.0/aopalliance-1.0.jar:/home/user/.m2/repository/com/google/inject/extensions/guice-servlet/4.0/guice-servlet-4.0.jar:/home/user/.m2/repository/org/glassfish/jersey/containers/jersey-container-servlet/2.27/jersey-container-servlet-2.27.jar:/home/user/.m2/repository/org/glassfish/hk2/guice-bridge/2.5.0/guice-bridge-2.5.0.jar:/home/user/.m2/repository/org/glassfish/jersey/core/jersey-server/2.27/jersey-server-2.27.jar:/home/user/.m2/repository/org/glassfish/jersey/core/jersey-client/2.27/jersey-client-2.27.jar:/home/user/.m2/repository/org/glassfish/jersey/media/jersey-media-jaxb/2.27/jersey-media-jaxb-2.27.jar:/home/user/.m2/repository/javax/validation/validation-api/1.1.0.Final/validation-api-1.1.0.Final.jar:/home/user/.m2/repository/org/glassfish/jersey/media/jersey-media-json-jackson/2.27/jersey-media-json-jackson-2.27.jar:/home/user/.m2/repository/org/glassfish/jersey/ext/jersey-entity-filtering/2.27/jersey-entity-filtering-2.27.jar:/home/user/.m2/repository/com/google/inject/extensions/guice-assistedinject/4.0/guice-assistedinject-4.0.jar:/home/user/.m2/repository/org/jooq/jooq/3.11.10/jooq-3.11.10.jar:/home/user/.m2/repository/org/jooq/jooq-meta/3.11.10/jooq-meta-3.11.10.jar:/home/user/.m2/repository/org/jooq/jooq-codegen/3.11.10/jooq-codegen-3.11.10.jar:/home/user/.m2/repository/com/jolbox/bonecp/0.8.0.RELEASE/bonecp-0.8.0.RELEASE.jar:/home/user/.m2/repository/org/xerial/sqlite-jdbc/3.25.2/sqlite-jdbc-3.25.2.jar:/home/user/.m2/repository/org/springframework/spring-jdbc/5.1.3.RELEASE/spring-jdbc-5.1.3.RELEASE.jar:/home/user/.m2/repository/org/springframework/spring-beans/5.1.3.RELEASE/spring-beans-5.1.3.RELEASE.jar:/home/user/.m2/repository/org/springframework/spring-core/5.1.3.RELEASE/spring-core-5.1.3.RELEASE.jar:/home/user/.m2/repository/org/springframework/spring-jcl/5.1.3.RELEASE/spring-jcl-5.1.3.RELEASE.jar:/home/user/.m2/repository/org/springframework/spring-tx/5.1.3.RELEASE/spring-tx-5.1.3.RELEASE.jar:/home/user/.m2/repository/org/apache/hadoop/hadoop-ozone-client/0.5.0-SNAPSHOT/hadoop-ozone-client-0.5.0-SNAPSHOT.jar:/home/user/.m2/repository/commons-lang/commons-lang/2.6/commons-lang-2.6.jar:/home/user/.m2/repository/org/apache/hadoop/hadoop-ozone-ozone-manager/0.5.0-SNAPSHOT/hadoop-ozone-ozone-manager-0.5.0-SNAPSHOT-tests.jar:/home/user/.m2/repository/junit/junit/4.11/junit-4.11.jar:/home/user/.m2/repository/org/hamcrest/hamcrest-core/1.3/hamcrest-core-1.3.jar:/home/user/.m2/repository/org/openjdk/jmh/jmh-core/1.19/jmh-core-1.19.jar:/home/user/.m2/repository/net/sf/jopt-simple/jopt-simple/4.6/jopt-simple-4.6.jar:/home/user/.m2/repository/org/apache/commons/commons-math3/3.1.1/commons-math3-3.1.1.jar:/home/user/.m2/repository/org/openjdk/jmh/jmh-generator-annprocess/1.19/jmh-generator-annprocess-1.19.jar:/home/user/.m2/repository/org/mockito/mockito-all/1.8.5/mockito-all-1.8.5.jar:/home/user/.m2/repository/org/apache/hadoop/hadoop-kms/3.2.0/hadoop-kms-3.2.0.jar:/home/user/.m2/repository/org/apache/hadoop/hadoop-auth/3.2.0/hadoop-auth-3.2.0.jar:/home/user/.m2/repository/com/nimbusds/nimbus-jose-jwt/4.41.1/nimbus-jose-jwt-4.41.1.jar:/home/user/.m2/repository/com/github/stephenc/jcip/jcip-annotations/1.0-1/jcip-annotations-1.0-1.jar:/home/user/.m2/repository/net/minidev/json-smart/2.3/json-smart-2.3.jar:/home/user/.m2/repository/net/minidev/accessors-smart/1.2/accessors-smart-1.2.jar:/home/user/.m2/repository/org/ow2/asm/asm/5.0.4/asm-5.0.4.jar:/home/user/.m2/repository/org/apache/curator/curator-framework/2.12.0/curator-framework-2.12.0.jar:/home/user/.m2/repository/com/sun/jersey/jersey-core/1.19/jersey-core-1.19.jar:/home/user/.m2/repository/javax/ws/rs/jsr311-api/1.1.1/jsr311-api-1.1.1.jar:/home/user/.m2/repository/com/sun/jersey/jersey-server/1.19/jersey-server-1.19.jar:/home/user/.m2/repository/javax/servlet/javax.servlet-api/3.1.0/javax.servlet-api-3.1.0.jar:/home/user/.m2/repository/org/eclipse/jetty/jetty-server/9.3.25.v20180904/jetty-server-9.3.25.v20180904.jar:/home/user/.m2/repository/org/eclipse/jetty/jetty-http/9.3.25.v20180904/jetty-http-9.3.25.v20180904.jar:/home/user/.m2/repository/org/eclipse/jetty/jetty-io/9.3.25.v20180904/jetty-io-9.3.25.v20180904.jar:/home/user/.m2/repository/org/eclipse/jetty/jetty-webapp/9.3.25.v20180904/jetty-webapp-9.3.25.v20180904.jar:/home/user/.m2/repository/org/eclipse/jetty/jetty-xml/9.3.25.v20180904/jetty-xml-9.3.25.v20180904.jar:/home/user/.m2/repository/log4j/log4j/1.2.17/log4j-1.2.17.jar:/home/user/.m2/repository/org/slf4j/slf4j-api/1.7.25/slf4j-api-1.7.25.jar:/home/user/.m2/repository/org/slf4j/jul-to-slf4j/1.7.25/jul-to-slf4j-1.7.25.jar:/home/user/.m2/repository/org/eclipse/jetty/jetty-util/9.3.25.v20180904/jetty-util-9.3.25.v20180904.jar:/home/user/.m2/repository/com/fasterxml/jackson/core/jackson-databind/2.9.9/jackson-databind-2.9.9.jar:/home/user/.m2/repository/org/apache/hadoop/hadoop-kms/3.2.0/hadoop-kms-3.2.0-tests.jar:/home/user/.m2/repository/org/apache/hadoop/hadoop-hdds-server-scm/0.5.0-SNAPSHOT/hadoop-hdds-server-scm-0.5.0-SNAPSHOT-tests.jar:/home/user/.m2/repository/org/apache/hadoop/hadoop-hdds-container-service/0.5.0-SNAPSHOT/hadoop-hdds-container-service-0.5.0-SNAPSHOT-tests.jar:/home/user/.m2/repository/org/yaml/snakeyaml/1.16/snakeyaml-1.16.jar:/home/user/.m2/repository/org/apache/hadoop/hadoop-common/3.2.0/hadoop-common-3.2.0-tests.jar:/home/user/.m2/repository/org/apache/hadoop/hadoop-annotations/3.2.0/hadoop-annotations-3.2.0.jar:/usr/lib/jvm/java-1.8-openjdk/jre/../lib/tools.jar:/home/user/.m2/repository/commons-cli/commons-cli/1.2/commons-cli-1.2.jar:/home/user/.m2/repository/org/apache/httpcomponents/httpclient/4.5.2/httpclient-4.5.2.jar:/home/user/.m2/repository/org/apache/httpcomponents/httpcore/4.4.4/httpcore-4.4.4.jar:/home/user/.m2/repository/commons-codec/commons-codec/1.11/commons-codec-1.11.jar:/home/user/.m2/repository/commons-net/commons-net/3.6/commons-net-3.6.jar:/home/user/.m2/repository/commons-collections/commons-collections/3.2.2/commons-collections-3.2.2.jar:/home/user/.m2/repository/org/eclipse/jetty/jetty-servlet/9.3.25.v20180904/jetty-servlet-9.3.25.v20180904.jar:/home/user/.m2/repository/org/eclipse/jetty/jetty-security/9.3.25.v20180904/jetty-security-9.3.25.v20180904.jar:/home/user/.m2/repository/javax/servlet/jsp/jsp-api/2.1/jsp-api-2.1.jar:/home/user/.m2/repository/com/sun/jersey/jersey-servlet/1.19/jersey-servlet-1.19.jar:/home/user/.m2/repository/com/sun/jersey/jersey-json/1.19/jersey-json-1.19.jar:/home/user/.m2/repository/org/codehaus/jettison/jettison/1.1/jettison-1.1.jar:/home/user/.m2/repository/org/codehaus/jackson/jackson-core-asl/1.9.13/jackson-core-asl-1.9.13.jar:/home/user/.m2/repository/org/codehaus/jackson/jackson-mapper-asl/1.9.13/jackson-mapper-asl-1.9.13.jar:/home/user/.m2/repository/org/codehaus/jackson/jackson-jaxrs/1.9.13/jackson-jaxrs-1.9.13.jar:/home/user/.m2/repository/org/codehaus/jackson/jackson-xc/1.9.13/jackson-xc-1.9.13.jar:/home/user/.m2/repository/commons-logging/commons-logging/1.1.3/commons-logging-1.1.3.jar:/home/user/.m2/repository/commons-beanutils/commons-beanutils/1.9.4/commons-beanutils-1.9.4.jar:/home/user/.m2/repository/org/apache/commons/commons-configuration2/2.1.1/commons-configuration2-2.1.1.jar:/home/user/.m2/repository/org/apache/commons/commons-lang3/3.7/commons-lang3-3.7.jar:/home/user/.m2/repository/org/apache/commons/commons-text/1.4/commons-text-1.4.jar:/home/user/.m2/repository/org/apache/avro/avro/1.7.7/avro-1.7.7.jar:/home/user/.m2/repository/com/thoughtworks/paranamer/paranamer/2.3/paranamer-2.3.jar:/home/user/.m2/repository/org/xerial/snappy/snappy-java/1.0.5/snappy-java-1.0.5.jar:/home/user/.m2/repository/com/google/re2j/re2j/1.1/re2j-1.1.jar:/home/user/.m2/repository/com/google/code/gson/gson/2.2.4/gson-2.2.4.jar:/home/user/.m2/repository/com/jcraft/jsch/0.1.54/jsch-0.1.54.jar:/home/user/.m2/repository/org/apache/curator/curator-client/2.12.0/curator-client-2.12.0.jar:/home/user/.m2/repository/org/apache/curator/curator-recipes/2.12.0/curator-recipes-2.12.0.jar:/home/user/.m2/repository/com/google/code/findbugs/jsr305/3.0.0/jsr305-3.0.0.jar:/home/user/.m2/repository/org/apache/htrace/htrace-core4/4.1.0-incubating/htrace-core4-4.1.0-incubating.jar:/home/user/.m2/repository/org/apache/zookeeper/zookeeper/3.4.13/zookeeper-3.4.13.jar:/home/user/.m2/repository/jline/jline/0.9.94/jline-0.9.94.jar:/home/user/.m2/repository/org/apache/yetus/audience-annotations/0.5.0/audience-annotations-0.5.0.jar:/home/user/.m2/repository/org/codehaus/woodstox/stax2-api/3.1.4/stax2-api-3.1.4.jar:/home/user/.m2/repository/com/fasterxml/woodstox/woodstox-core/5.0.3/woodstox-core-5.0.3.jar:/home/user/.m2/repository/dnsjava/dnsjava/2.1.7/dnsjava-2.1.7.jar:/home/user/.m2/repository/org/apache/hadoop/hadoop-hdfs/3.2.0/hadoop-hdfs-3.2.0-tests.jar:/home/user/.m2/repository/org/eclipse/jetty/jetty-util-ajax/9.3.25.v20180904/jetty-util-ajax-9.3.25.v20180904.jar:/home/user/.m2/repository/commons-daemon/commons-daemon/1.0.13/commons-daemon-1.0.13.jar:/home/user/.m2/repository/io/netty/netty/3.10.5.Final/netty-3.10.5.Final.jar:/home/user/.m2/repository/io/netty/netty-all/4.0.52.Final/netty-all-4.0.52.Final.jar:/home/user/.m2/repository/org/fusesource/leveldbjni/leveldbjni-all/1.8/leveldbjni-all-1.8.jar:"/>
    <property name="sun.cpu.endian" value="little"/>
    <property name="user.home" value="/home/user"/>
    <property name="user.language" value="en"/>
    <property name="java.specification.vendor" value="Oracle Corporation"/>
    <property name="java.home" value="/usr/lib/jvm/java-1.8-openjdk/jre"/>
    <property name="java.security.krb5.conf" value="/workdir/hadoop-ozone/integration-test/target/test-classes/krb5.conf"/>
    <property name="basedir" value="/workdir/hadoop-ozone/integration-test"/>
    <property name="file.separator" value="/"/>
    <property name="line.separator" value="&#10;"/>
    <property name="java.vm.specification.vendor" value="Oracle Corporation"/>
    <property name="java.specification.name" value="Java Platform API Specification"/>
    <property name="java.awt.graphicsenv" value="sun.awt.X11GraphicsEnvironment"/>
    <property name="surefire.real.class.path" value="/workdir/hadoop-ozone/integration-test/target/surefire/surefirebooter98644819134705204.jar"/>
    <property name="hadoop.log.dir" value="/workdir/hadoop-ozone/integration-test/target/log"/>
    <property name="sun.boot.class.path" value="/usr/lib/jvm/java-1.8-openjdk/jre/lib/resources.jar:/usr/lib/jvm/java-1.8-openjdk/jre/lib/rt.jar:/usr/lib/jvm/java-1.8-openjdk/jre/lib/sunrsasign.jar:/usr/lib/jvm/java-1.8-openjdk/jre/lib/jsse.jar:/usr/lib/jvm/java-1.8-openjdk/jre/lib/jce.jar:/usr/lib/jvm/java-1.8-openjdk/jre/lib/charsets.jar:/usr/lib/jvm/java-1.8-openjdk/jre/lib/jfr.jar:/usr/lib/jvm/java-1.8-openjdk/jre/classes"/>
    <property name="sun.management.compiler" value="HotSpot 64-Bit Tiered Compilers"/>
    <property name="java.runtime.version" value="1.8.0_212-b04"/>
    <property name="java.net.preferIPv4Stack" value="true"/>
    <property name="user.name" value="jenkins1000"/>
    <property name="path.separator" value=":"/>
    <property name="java.security.egd" value="file:///dev/urandom"/>
    <property name="os.version" value="3.10.0-957.12.2.el7.x86_64"/>
    <property name="java.endorsed.dirs" value="/usr/lib/jvm/java-1.8-openjdk/jre/lib/endorsed"/>
    <property name="java.runtime.name" value="OpenJDK Runtime Environment"/>
    <property name="file.encoding" value="UTF-8"/>
    <property name="java.vm.name" value="OpenJDK 64-Bit Server VM"/>
    <property name="test.build.webapps" value=""/>
    <property name="localRepository" value="/home/user/.m2/repository"/>
    <property name="java.vendor.url.bug" value="https://icedtea.classpath.org/bugzilla"/>
    <property name="java.io.tmpdir" value="/tmp"/>
    <property name="require.test.libhadoop" value=""/>
    <property name="java.version" value="1.8.0_212"/>
    <property name="user.dir" value="/workdir/hadoop-ozone/integration-test"/>
    <property name="os.arch" value="amd64"/>
    <property name="java.vm.specification.name" value="Java Virtual Machine Specification"/>
    <property name="test.build.classes" value="/workdir/hadoop-ozone/integration-test/target/test-classes"/>
    <property name="java.awt.printerjob" value="sun.print.PSPrinterJob"/>
    <property name="sun.os.patch.level" value="unknown"/>
    <property name="hadoop.tmp.dir" value="/workdir/hadoop-ozone/integration-test/target/tmp"/>
    <property name="java.library.path" value="/usr/lib/jvm/java-1.8-openjdk/jre/lib/amd64/server:/usr/lib/jvm/java-1.8-openjdk/jre/lib/amd64:/usr/lib/jvm/java-1.8-openjdk/jre/../lib/amd64:/workdir/hadoop-ozone/integration-test/target/native/target/usr/local/lib:/workdir/hadoop-ozone/integration-test/../../hadoop-common-project/hadoop-common/target/native/target/usr/local/lib:/usr/java/packages/lib/amd64:/usr/lib64:/lib64:/lib:/usr/lib"/>
    <property name="java.vm.info" value="mixed mode"/>
    <property name="java.vendor" value="IcedTea"/>
    <property name="java.vm.version" value="25.212-b04"/>
    <property name="java.ext.dirs" value="/usr/lib/jvm/java-1.8-openjdk/jre/lib/ext:/usr/java/packages/lib/ext"/>
    <property name="sun.io.unicode.encoding" value="UnicodeLittle"/>
    <property name="java.class.version" value="52.0"/>
  </properties>
  <testcase name="testWatchForCommitWithKeyWrite" classname="org.apache.hadoop.ozone.client.rpc.TestWatchForCommit" time="96.748">
    <failure message="expected:&lt;2&gt; but was:&lt;3&gt;" type="java.lang.AssertionError"><![CDATA[java.lang.AssertionError: expected:<2> but was:<3>
	at org.junit.Assert.fail(Assert.java:88)
	at org.junit.Assert.failNotEquals(Assert.java:743)
	at org.junit.Assert.assertEquals(Assert.java:118)
	at org.junit.Assert.assertEquals(Assert.java:555)
	at org.junit.Assert.assertEquals(Assert.java:542)
	at org.apache.hadoop.ozone.client.rpc.TestWatchForCommit.testWatchForCommitWithKeyWrite(TestWatchForCommit.java:245)
	at sun.reflect.NativeMethodAccessorImpl.invoke0(Native Method)
	at sun.reflect.NativeMethodAccessorImpl.invoke(NativeMethodAccessorImpl.java:62)
	at sun.reflect.DelegatingMethodAccessorImpl.invoke(DelegatingMethodAccessorImpl.java:43)
	at java.lang.reflect.Method.invoke(Method.java:498)
	at org.junit.runners.model.FrameworkMethod$1.runReflectiveCall(FrameworkMethod.java:47)
	at org.junit.internal.runners.model.ReflectiveCallable.run(ReflectiveCallable.java:12)
	at org.junit.runners.model.FrameworkMethod.invokeExplosively(FrameworkMethod.java:44)
	at org.junit.internal.runners.statements.InvokeMethod.evaluate(InvokeMethod.java:17)
	at org.junit.runners.ParentRunner.runLeaf(ParentRunner.java:271)
	at org.junit.runners.BlockJUnit4ClassRunner.runChild(BlockJUnit4ClassRunner.java:70)
	at org.junit.runners.BlockJUnit4ClassRunner.runChild(BlockJUnit4ClassRunner.java:50)
	at org.junit.runners.ParentRunner$3.run(ParentRunner.java:238)
	at org.junit.runners.ParentRunner$1.schedule(ParentRunner.java:63)
	at org.junit.runners.ParentRunner.runChildren(ParentRunner.java:236)
	at org.junit.runners.ParentRunner.access$000(ParentRunner.java:53)
	at org.junit.runners.ParentRunner$2.evaluate(ParentRunner.java:229)
	at org.junit.runners.ParentRunner.run(ParentRunner.java:309)
	at org.apache.maven.surefire.junit4.JUnit4Provider.execute(JUnit4Provider.java:365)
	at org.apache.maven.surefire.junit4.JUnit4Provider.executeWithRerun(JUnit4Provider.java:273)
	at org.apache.maven.surefire.junit4.JUnit4Provider.executeTestSet(JUnit4Provider.java:238)
	at org.apache.maven.surefire.junit4.JUnit4Provider.invoke(JUnit4Provider.java:159)
	at org.apache.maven.surefire.booter.ForkedBooter.invokeProviderInSameClassLoader(ForkedBooter.java:384)
	at org.apache.maven.surefire.booter.ForkedBooter.runSuitesInProcess(ForkedBooter.java:345)
	at org.apache.maven.surefire.booter.ForkedBooter.execute(ForkedBooter.java:126)
	at org.apache.maven.surefire.booter.ForkedBooter.main(ForkedBooter.java:418)
]]></failure>
    <system-out><![CDATA[2019-10-11 04:54:40,004 [main] WARN  server.ServerUtils (ServerUtils.java:getScmDbDir(145)) - ozone.scm.db.dirs is not configured. We recommend adding this setting. Falling back to ozone.metadata.dirs instead.
2019-10-11 04:54:40,146 [main] WARN  server.ServerUtils (ServerUtils.java:getScmDbDir(145)) - ozone.scm.db.dirs is not configured. We recommend adding this setting. Falling back to ozone.metadata.dirs instead.
2019-10-11 04:54:40,150 [main] WARN  server.ServerUtils (ServerUtils.java:getScmDbDir(145)) - ozone.scm.db.dirs is not configured. We recommend adding this setting. Falling back to ozone.metadata.dirs instead.
2019-10-11 04:54:40,171 [main] INFO  util.log (Log.java:initialized(192)) - Logging initialized @943ms
2019-10-11 04:54:40,276 [main] INFO  db.DBStoreBuilder (DBStoreBuilder.java:addTable(110)) - using custom profile for table: deletedBlocks
2019-10-11 04:54:40,276 [main] INFO  db.DBStoreBuilder (DBStoreBuilder.java:processTables(161)) - Using default column profile:DBProfile.DISK for Table:deletedBlocks
2019-10-11 04:54:40,277 [main] INFO  db.DBStoreBuilder (DBStoreBuilder.java:addTable(110)) - using custom profile for table: validCerts
2019-10-11 04:54:40,278 [main] INFO  db.DBStoreBuilder (DBStoreBuilder.java:processTables(161)) - Using default column profile:DBProfile.DISK for Table:validCerts
2019-10-11 04:54:40,279 [main] INFO  db.DBStoreBuilder (DBStoreBuilder.java:addTable(110)) - using custom profile for table: revokedCerts
2019-10-11 04:54:40,279 [main] INFO  db.DBStoreBuilder (DBStoreBuilder.java:processTables(161)) - Using default column profile:DBProfile.DISK for Table:revokedCerts
2019-10-11 04:54:40,301 [main] INFO  db.DBStoreBuilder (DBStoreBuilder.java:addTable(110)) - using custom profile for table: default
2019-10-11 04:54:40,302 [main] INFO  db.DBStoreBuilder (DBStoreBuilder.java:processTables(167)) - Using default column profile:DBProfile.DISK for Table:default
2019-10-11 04:54:40,304 [main] INFO  db.DBStoreBuilder (DBStoreBuilder.java:getDbProfile(198)) - Using default options. DBProfile.DISK
2019-10-11 04:54:40,565 [main] INFO  net.NodeSchemaLoader (NodeSchemaLoader.java:loadSchemaFromFile(125)) - Loading file from sun.misc.CompoundEnumeration@4802796d
2019-10-11 04:54:40,568 [main] INFO  net.NodeSchemaLoader (NodeSchemaLoader.java:loadSchema(171)) - Loading network topology layer schema file
2019-10-11 04:54:40,663 [main] WARN  server.ServerUtils (ServerUtils.java:sanitizeUserArgs(70)) - ozone.scm.stale.node.interval value = 300000 is larger than max = 100000 based on the key value of ozone.scm.heartbeat.thread.interval, reset to the max value 100000.
2019-10-11 04:54:40,665 [main] WARN  server.ServerUtils (ServerUtils.java:sanitizeUserArgs(70)) - ozone.scm.stale.node.interval value = 300000 is larger than max = 100000 based on the key value of ozone.scm.heartbeat.thread.interval, reset to the max value 100000.
2019-10-11 04:54:40,668 [main] INFO  node.SCMNodeManager (SCMNodeManager.java:<init>(114)) - Entering startup safe mode.
2019-10-11 04:54:40,742 [main] INFO  algorithms.ContainerPlacementPolicyFactory (ContainerPlacementPolicyFactory.java:getPolicy(59)) - Create container placement policy of type org.apache.hadoop.hdds.scm.container.placement.algorithms.SCMContainerPlacementRandom
2019-10-11 04:54:40,757 [main] WARN  server.ServerUtils (ServerUtils.java:getScmDbDir(145)) - ozone.scm.db.dirs is not configured. We recommend adding this setting. Falling back to ozone.metadata.dirs instead.
2019-10-11 04:54:40,818 [main] INFO  pipeline.SCMPipelineManager (SCMPipelineManager.java:initializePipelineState(137)) - No pipeline exists in current db
2019-10-11 04:54:40,820 [main] WARN  server.ServerUtils (ServerUtils.java:getScmDbDir(145)) - ozone.scm.db.dirs is not configured. We recommend adding this setting. Falling back to ozone.metadata.dirs instead.
2019-10-11 04:54:40,937 [main] WARN  events.EventQueue (EventQueue.java:fireEvent(183)) - No event handler registered for event TypedEvent{payloadType=SafeModeStatus, name='SafeModeStatus'}
2019-10-11 04:54:41,331 [main] INFO  ipc.CallQueueManager (CallQueueManager.java:<init>(84)) - Using callQueue: class java.util.concurrent.LinkedBlockingQueue, queueCapacity: 2000, scheduler: class org.apache.hadoop.ipc.DefaultRpcScheduler, ipcBackoff: false.
2019-10-11 04:54:41,359 [Socket Reader #1 for port 40430] INFO  ipc.Server (Server.java:run(1074)) - Starting Socket Reader #1 for port 40430
2019-10-11 04:54:41,526 [main] INFO  ipc.CallQueueManager (CallQueueManager.java:<init>(84)) - Using callQueue: class java.util.concurrent.LinkedBlockingQueue, queueCapacity: 2000, scheduler: class org.apache.hadoop.ipc.DefaultRpcScheduler, ipcBackoff: false.
2019-10-11 04:54:41,527 [Socket Reader #1 for port 44229] INFO  ipc.Server (Server.java:run(1074)) - Starting Socket Reader #1 for port 44229
2019-10-11 04:54:41,539 [main] INFO  ipc.CallQueueManager (CallQueueManager.java:<init>(84)) - Using callQueue: class java.util.concurrent.LinkedBlockingQueue, queueCapacity: 2000, scheduler: class org.apache.hadoop.ipc.DefaultRpcScheduler, ipcBackoff: false.
2019-10-11 04:54:41,540 [Socket Reader #1 for port 34478] INFO  ipc.Server (Server.java:run(1074)) - Starting Socket Reader #1 for port 34478
2019-10-11 04:54:41,567 [main] INFO  hdfs.DFSUtil (DFSUtil.java:httpServerTemplateForNNAndJN(1641)) - Starting Web-server for scm at: http://0.0.0.0:0
2019-10-11 04:54:41,723 [main] INFO  server.AuthenticationFilter (AuthenticationFilter.java:constructSecretProvider(240)) - Unable to initialize FileSignerSecretProvider, falling back to use random secrets.
2019-10-11 04:54:41,732 [main] WARN  http.HttpRequestLog (HttpRequestLog.java:getRequestLog(97)) - Jetty request log can only be enabled using Log4j
2019-10-11 04:54:41,740 [main] INFO  http.HttpServer2 (HttpServer2.java:addGlobalFilter(975)) - Added global filter 'safety' (class=org.apache.hadoop.http.HttpServer2$QuotingInputFilter)
2019-10-11 04:54:41,743 [main] INFO  http.HttpServer2 (HttpServer2.java:addFilter(948)) - Added filter static_user_filter (class=org.apache.hadoop.http.lib.StaticUserWebFilter$StaticUserFilter) to context scm
2019-10-11 04:54:41,743 [main] INFO  http.HttpServer2 (HttpServer2.java:addFilter(958)) - Added filter static_user_filter (class=org.apache.hadoop.http.lib.StaticUserWebFilter$StaticUserFilter) to context logs
2019-10-11 04:54:41,744 [main] INFO  http.HttpServer2 (HttpServer2.java:addFilter(958)) - Added filter static_user_filter (class=org.apache.hadoop.http.lib.StaticUserWebFilter$StaticUserFilter) to context static
2019-10-11 04:54:41,774 [main] INFO  server.StorageContainerManager (StorageContainerManager.java:start(770)) - StorageContainerLocationProtocol RPC server is listening at /0.0.0.0:34478
2019-10-11 04:54:41,836 [main] WARN  impl.MetricsConfig (MetricsConfig.java:loadFirst(134)) - Cannot locate configuration: tried hadoop-metrics2-storagecontainermanager.properties,hadoop-metrics2.properties
2019-10-11 04:54:41,848 [main] INFO  impl.MetricsSystemImpl (MetricsSystemImpl.java:startTimer(374)) - Scheduled Metric snapshot period at 10 second(s).
2019-10-11 04:54:41,849 [main] INFO  impl.MetricsSystemImpl (MetricsSystemImpl.java:start(191)) - StorageContainerManager metrics system started
2019-10-11 04:54:42,083 [main] INFO  server.SCMClientProtocolServer (SCMClientProtocolServer.java:start(151)) - RPC server for Client  is listening at /0.0.0.0:34478
2019-10-11 04:54:42,083 [IPC Server Responder] INFO  ipc.Server (Server.java:run(1314)) - IPC Server Responder: starting
2019-10-11 04:54:42,083 [IPC Server listener on 34478] INFO  ipc.Server (Server.java:run(1153)) - IPC Server listener on 34478: starting
2019-10-11 04:54:42,086 [main] INFO  server.StorageContainerManager (StorageContainerManager.java:start(780)) - ScmBlockLocationProtocol RPC server is listening at /0.0.0.0:44229
2019-10-11 04:54:42,088 [main] INFO  server.SCMBlockProtocolServer (SCMBlockProtocolServer.java:start(146)) - RPC server for Block Protocol is listening at /0.0.0.0:44229
2019-10-11 04:54:42,089 [IPC Server Responder] INFO  ipc.Server (Server.java:run(1314)) - IPC Server Responder: starting
2019-10-11 04:54:42,089 [IPC Server listener on 44229] INFO  ipc.Server (Server.java:run(1153)) - IPC Server listener on 44229: starting
2019-10-11 04:54:42,091 [main] INFO  server.StorageContainerManager (StorageContainerManager.java:start(784)) - ScmDatanodeProtocl RPC server is listening at /0.0.0.0:40430
2019-10-11 04:54:42,091 [main] INFO  server.SCMDatanodeProtocolServer (SCMDatanodeProtocolServer.java:start(191)) - RPC server for DataNodes is listening at /0.0.0.0:40430
2019-10-11 04:54:42,092 [IPC Server Responder] INFO  ipc.Server (Server.java:run(1314)) - IPC Server Responder: starting
2019-10-11 04:54:42,092 [IPC Server listener on 40430] INFO  ipc.Server (Server.java:run(1153)) - IPC Server listener on 40430: starting
2019-10-11 04:54:42,097 [main] INFO  http.HttpServer2 (HttpServer2.java:bindListener(1191)) - Jetty bound to port 33732
2019-10-11 04:54:42,101 [main] INFO  server.Server (Server.java:doStart(351)) - jetty-9.3.25.v20180904, build timestamp: 2018-09-04T21:11:46Z, git hash: 3ce520221d0240229c862b122d2b06c12a625732
2019-10-11 04:54:42,158 [main] INFO  handler.ContextHandler (ContextHandler.java:doStart(781)) - Started o.e.j.s.ServletContextHandler@4fce136b{/logs,file:///workdir/hadoop-ozone/integration-test/target/log,AVAILABLE}
2019-10-11 04:54:42,159 [main] INFO  handler.ContextHandler (ContextHandler.java:doStart(781)) - Started o.e.j.s.ServletContextHandler@43b6123e{/static,file:///workdir/hadoop-ozone/integration-test/target/test-classes/webapps/static,AVAILABLE}
2019-10-11 04:54:42,200 [main] INFO  handler.ContextHandler (ContextHandler.java:doStart(781)) - Started o.e.j.w.WebAppContext@6db66836{/,file:///workdir/hadoop-ozone/integration-test/target/test-classes/webapps/scm/,AVAILABLE}{/scm}
2019-10-11 04:54:42,206 [main] INFO  server.AbstractConnector (AbstractConnector.java:doStart(278)) - Started ServerConnector@1ee4730{HTTP/1.1,[http/1.1]}{0.0.0.0:33732}
2019-10-11 04:54:42,207 [main] INFO  server.Server (Server.java:doStart(419)) - Started @2979ms
2019-10-11 04:54:42,209 [main] INFO  impl.MetricsSinkAdapter (MetricsSinkAdapter.java:start(204)) - Sink prometheus started
2019-10-11 04:54:42,209 [main] INFO  impl.MetricsSystemImpl (MetricsSystemImpl.java:registerSink(301)) - Registered sink prometheus
2019-10-11 04:54:42,211 [main] INFO  server.BaseHttpServer (BaseHttpServer.java:updateConnectorAddress(215)) - HTTP server of SCM is listening at http://0.0.0.0:33732
2019-10-11 04:54:42,219 [org.apache.hadoop.util.JvmPauseMonitor$Monitor@51f49060] INFO  util.JvmPauseMonitor (JvmPauseMonitor.java:run(188)) - Starting JVM pause monitor
2019-10-11 04:54:42,223 [main] WARN  server.ServerUtils (ServerUtils.java:getDBPath(222)) - ozone.om.db.dirs is not configured. We recommend adding this setting. Falling back to ozone.metadata.dirs instead.
2019-10-11 04:54:42,370 [main] WARN  server.ServerUtils (ServerUtils.java:getDBPath(222)) - ozone.om.db.dirs is not configured. We recommend adding this setting. Falling back to ozone.metadata.dirs instead.
2019-10-11 04:54:42,371 [main] WARN  server.ServerUtils (ServerUtils.java:getDBPath(222)) - ozone.om.db.dirs is not configured. We recommend adding this setting. Falling back to ozone.metadata.dirs instead.
2019-10-11 04:54:42,372 [main] INFO  om.OzoneManager (OzoneManager.java:setOMNodeDetails(652)) - OM Service ID is not set. Setting it to the default ID: omServiceIdDefault
2019-10-11 04:54:42,372 [main] INFO  om.OzoneManager (OzoneManager.java:setOMNodeDetails(658)) - OM Node ID is not set. Setting it to the OmStorage's OmID: beb25158-b53f-4aee-81b3-29fd85ef80a3
2019-10-11 04:54:42,374 [main] INFO  om.OzoneManager (OzoneManager.java:loadOMHAConfigs(609)) - Found matching OM address with OMServiceId: null, OMNodeId: null, RPC Address: localhost:0 and Ratis port: 9872
2019-10-11 04:54:43,151 [main] WARN  server.ServerUtils (ServerUtils.java:getDBPath(222)) - ozone.om.db.dirs is not configured. We recommend adding this setting. Falling back to ozone.metadata.dirs instead.
2019-10-11 04:54:43,159 [main] INFO  db.DBStoreBuilder (DBStoreBuilder.java:addTable(110)) - using custom profile for table: userTable
2019-10-11 04:54:43,159 [main] INFO  db.DBStoreBuilder (DBStoreBuilder.java:processTables(161)) - Using default column profile:DBProfile.DISK for Table:userTable
2019-10-11 04:54:43,160 [main] INFO  db.DBStoreBuilder (DBStoreBuilder.java:addTable(110)) - using custom profile for table: volumeTable
2019-10-11 04:54:43,160 [main] INFO  db.DBStoreBuilder (DBStoreBuilder.java:processTables(161)) - Using default column profile:DBProfile.DISK for Table:volumeTable
2019-10-11 04:54:43,160 [main] INFO  db.DBStoreBuilder (DBStoreBuilder.java:addTable(110)) - using custom profile for table: bucketTable
2019-10-11 04:54:43,160 [main] INFO  db.DBStoreBuilder (DBStoreBuilder.java:processTables(161)) - Using default column profile:DBProfile.DISK for Table:bucketTable
2019-10-11 04:54:43,161 [main] INFO  db.DBStoreBuilder (DBStoreBuilder.java:addTable(110)) - using custom profile for table: keyTable
2019-10-11 04:54:43,161 [main] INFO  db.DBStoreBuilder (DBStoreBuilder.java:processTables(161)) - Using default column profile:DBProfile.DISK for Table:keyTable
2019-10-11 04:54:43,161 [main] INFO  db.DBStoreBuilder (DBStoreBuilder.java:addTable(110)) - using custom profile for table: deletedTable
2019-10-11 04:54:43,161 [main] INFO  db.DBStoreBuilder (DBStoreBuilder.java:processTables(161)) - Using default column profile:DBProfile.DISK for Table:deletedTable
2019-10-11 04:54:43,162 [main] INFO  db.DBStoreBuilder (DBStoreBuilder.java:addTable(110)) - using custom profile for table: openKeyTable
2019-10-11 04:54:43,162 [main] INFO  db.DBStoreBuilder (DBStoreBuilder.java:processTables(161)) - Using default column profile:DBProfile.DISK for Table:openKeyTable
2019-10-11 04:54:43,162 [main] INFO  db.DBStoreBuilder (DBStoreBuilder.java:addTable(110)) - using custom profile for table: s3Table
2019-10-11 04:54:43,162 [main] INFO  db.DBStoreBuilder (DBStoreBuilder.java:processTables(161)) - Using default column profile:DBProfile.DISK for Table:s3Table
2019-10-11 04:54:43,163 [main] INFO  db.DBStoreBuilder (DBStoreBuilder.java:addTable(110)) - using custom profile for table: multipartInfoTable
2019-10-11 04:54:43,163 [main] INFO  db.DBStoreBuilder (DBStoreBuilder.java:processTables(161)) - Using default column profile:DBProfile.DISK for Table:multipartInfoTable
2019-10-11 04:54:43,163 [main] INFO  db.DBStoreBuilder (DBStoreBuilder.java:addTable(110)) - using custom profile for table: dTokenTable
2019-10-11 04:54:43,163 [main] INFO  db.DBStoreBuilder (DBStoreBuilder.java:processTables(161)) - Using default column profile:DBProfile.DISK for Table:dTokenTable
2019-10-11 04:54:43,164 [main] INFO  db.DBStoreBuilder (DBStoreBuilder.java:addTable(110)) - using custom profile for table: s3SecretTable
2019-10-11 04:54:43,164 [main] INFO  db.DBStoreBuilder (DBStoreBuilder.java:processTables(161)) - Using default column profile:DBProfile.DISK for Table:s3SecretTable
2019-10-11 04:54:43,164 [main] INFO  db.DBStoreBuilder (DBStoreBuilder.java:addTable(110)) - using custom profile for table: prefixTable
2019-10-11 04:54:43,164 [main] INFO  db.DBStoreBuilder (DBStoreBuilder.java:processTables(161)) - Using default column profile:DBProfile.DISK for Table:prefixTable
2019-10-11 04:54:43,165 [main] INFO  db.DBStoreBuilder (DBStoreBuilder.java:addTable(110)) - using custom profile for table: default
2019-10-11 04:54:43,165 [main] INFO  db.DBStoreBuilder (DBStoreBuilder.java:processTables(167)) - Using default column profile:DBProfile.DISK for Table:default
2019-10-11 04:54:43,165 [main] INFO  db.DBStoreBuilder (DBStoreBuilder.java:getDbProfile(198)) - Using default options. DBProfile.DISK
2019-10-11 04:54:43,660 [main] INFO  ipc.CallQueueManager (CallQueueManager.java:<init>(84)) - Using callQueue: class java.util.concurrent.LinkedBlockingQueue, queueCapacity: 2000, scheduler: class org.apache.hadoop.ipc.DefaultRpcScheduler, ipcBackoff: false.
2019-10-11 04:54:43,661 [Socket Reader #1 for port 36267] INFO  ipc.Server (Server.java:run(1074)) - Starting Socket Reader #1 for port 36267
2019-10-11 04:54:43,707 [main] INFO  om.OzoneManager (OzoneManager.java:start(1243)) - OzoneManager RPC server is listening at localhost/127.0.0.1:36267
2019-10-11 04:54:43,708 [main] INFO  impl.MetricsSystemImpl (MetricsSystemImpl.java:init(158)) - OzoneManager metrics system started (again)
2019-10-11 04:54:43,713 [IPC Server Responder] INFO  ipc.Server (Server.java:run(1314)) - IPC Server Responder: starting
2019-10-11 04:54:43,713 [IPC Server listener on 36267] INFO  ipc.Server (Server.java:run(1153)) - IPC Server listener on 36267: starting
2019-10-11 04:54:43,723 [main] INFO  hdfs.DFSUtil (DFSUtil.java:httpServerTemplateForNNAndJN(1641)) - Starting Web-server for ozoneManager at: http://0.0.0.0:0
2019-10-11 04:54:43,726 [main] INFO  server.AuthenticationFilter (AuthenticationFilter.java:constructSecretProvider(240)) - Unable to initialize FileSignerSecretProvider, falling back to use random secrets.
2019-10-11 04:54:43,728 [main] WARN  http.HttpRequestLog (HttpRequestLog.java:getRequestLog(97)) - Jetty request log can only be enabled using Log4j
2019-10-11 04:54:43,731 [main] INFO  http.HttpServer2 (HttpServer2.java:addGlobalFilter(975)) - Added global filter 'safety' (class=org.apache.hadoop.http.HttpServer2$QuotingInputFilter)
2019-10-11 04:54:43,733 [main] INFO  http.HttpServer2 (HttpServer2.java:addFilter(948)) - Added filter static_user_filter (class=org.apache.hadoop.http.lib.StaticUserWebFilter$StaticUserFilter) to context ozoneManager
2019-10-11 04:54:43,733 [main] INFO  http.HttpServer2 (HttpServer2.java:addFilter(958)) - Added filter static_user_filter (class=org.apache.hadoop.http.lib.StaticUserWebFilter$StaticUserFilter) to context static
2019-10-11 04:54:43,733 [main] INFO  http.HttpServer2 (HttpServer2.java:addFilter(958)) - Added filter static_user_filter (class=org.apache.hadoop.http.lib.StaticUserWebFilter$StaticUserFilter) to context logs
2019-10-11 04:54:43,737 [main] INFO  http.HttpServer2 (HttpServer2.java:bindListener(1191)) - Jetty bound to port 45502
2019-10-11 04:54:43,737 [main] INFO  server.Server (Server.java:doStart(351)) - jetty-9.3.25.v20180904, build timestamp: 2018-09-04T21:11:46Z, git hash: 3ce520221d0240229c862b122d2b06c12a625732
2019-10-11 04:54:43,740 [main] INFO  handler.ContextHandler (ContextHandler.java:doStart(781)) - Started o.e.j.s.ServletContextHandler@58cec85b{/logs,file:///workdir/hadoop-ozone/integration-test/target/log,AVAILABLE}
2019-10-11 04:54:43,741 [main] INFO  handler.ContextHandler (ContextHandler.java:doStart(781)) - Started o.e.j.s.ServletContextHandler@1542af63{/static,file:///workdir/hadoop-ozone/integration-test/target/test-classes/webapps/static,AVAILABLE}
2019-10-11 04:54:43,748 [main] INFO  handler.ContextHandler (ContextHandler.java:doStart(781)) - Started o.e.j.w.WebAppContext@529cfee5{/,file:///workdir/hadoop-ozone/integration-test/target/test-classes/webapps/ozoneManager/,AVAILABLE}{/ozoneManager}
2019-10-11 04:54:43,749 [main] INFO  server.AbstractConnector (AbstractConnector.java:doStart(278)) - Started ServerConnector@7ca0863b{HTTP/1.1,[http/1.1]}{0.0.0.0:45502}
2019-10-11 04:54:43,750 [main] INFO  server.Server (Server.java:doStart(419)) - Started @4523ms
2019-10-11 04:54:43,751 [main] WARN  impl.MetricsSystemImpl (MetricsSystemImpl.java:register(276)) - Sink prometheus already exists!
2019-10-11 04:54:43,752 [main] INFO  server.BaseHttpServer (BaseHttpServer.java:updateConnectorAddress(215)) - HTTP server of OZONEMANAGER is listening at http://0.0.0.0:45502
2019-10-11 04:54:44,148 [main] INFO  impl.MetricsSystemImpl (MetricsSystemImpl.java:init(158)) - HddsDatanode metrics system started (again)
2019-10-11 04:54:44,197 [main] INFO  ozone.HddsDatanodeService (HddsDatanodeService.java:start(184)) - HddsDatanodeService host:pr-hdds-1569-qjnzd-3726989565 ip:192.168.157.200
2019-10-11 04:54:44,238 [main] INFO  volume.HddsVolume (HddsVolume.java:<init>(176)) - Creating Volume: /workdir/hadoop-ozone/integration-test/target/test-dir/MiniOzoneClusterImpl-44c36d6d-90e1-4198-8449-e8899faa44e9/datanode-0/data/containers/hdds of  storage type : DISK and capacity : 1482555576320
2019-10-11 04:54:44,240 [main] INFO  volume.VolumeSet (VolumeSet.java:initializeVolumeSet(170)) - Added Volume : /workdir/hadoop-ozone/integration-test/target/test-dir/MiniOzoneClusterImpl-44c36d6d-90e1-4198-8449-e8899faa44e9/datanode-0/data/containers/hdds to VolumeSet
2019-10-11 04:54:44,243 [main] INFO  volume.ThrottledAsyncChecker (ThrottledAsyncChecker.java:schedule(139)) - Scheduling a check for org.apache.hadoop.ozone.container.common.volume.HddsVolume@290aeb20
2019-10-11 04:54:44,261 [main] INFO  volume.HddsVolumeChecker (HddsVolumeChecker.java:checkAllVolumes(202)) - Scheduled health check for volume org.apache.hadoop.ozone.container.common.volume.HddsVolume@290aeb20
2019-10-11 04:54:44,377 [main] INFO  impl.RaftServerProxy (ConfUtils.java:logGet(43)) - raft.rpc.type = GRPC (default)
2019-10-11 04:54:44,446 [main] INFO  grpc.GrpcFactory (GrpcFactory.java:checkPooledByteBufAllocatorUseCacheForAllThreads(45)) - PERFORMANCE WARNING: useCacheForAllThreads is true that may cause Netty to create a lot garbage objects and, as a result, trigger GC.
	It is recommended to disable useCacheForAllThreads by setting -Dorg.apache.ratis.thirdparty.io.netty.allocator.useCacheForAllThreads=false in command line.
2019-10-11 04:54:44,451 [main] INFO  grpc.GrpcConfigKeys$Server (ConfUtils.java:logGet(43)) - raft.grpc.server.port = 0 (default)
2019-10-11 04:54:44,452 [main] INFO  server.GrpcService (ConfUtils.java:logGet(43)) - raft.grpc.message.size.max = 33570816 (custom)
2019-10-11 04:54:44,454 [main] INFO  server.RaftServerConfigKeys (ConfUtils.java:logGet(43)) - raft.server.log.appender.buffer.byte-limit = 33554432 (custom)
2019-10-11 04:54:44,455 [main] INFO  server.GrpcService (ConfUtils.java:logGet(43)) - raft.grpc.flow.control.window = 1MB (=1048576) (default)
2019-10-11 04:54:44,456 [main] INFO  server.RaftServerConfigKeys (ConfUtils.java:logGet(43)) - raft.server.rpc.request.timeout = 3000ms (default)
2019-10-11 04:54:44,622 [main] INFO  server.RaftServerConfigKeys (ConfUtils.java:logGet(43)) - raft.server.storage.dir = [/workdir/hadoop-ozone/integration-test/target/test-dir/MiniOzoneClusterImpl-44c36d6d-90e1-4198-8449-e8899faa44e9/datanode-0/data/ratis] (custom)
2019-10-11 04:54:44,684 [main] INFO  hdfs.DFSUtil (DFSUtil.java:httpServerTemplateForNNAndJN(1641)) - Starting Web-server for hddsDatanode at: http://0.0.0.0:0
2019-10-11 04:54:44,685 [main] INFO  server.AuthenticationFilter (AuthenticationFilter.java:constructSecretProvider(240)) - Unable to initialize FileSignerSecretProvider, falling back to use random secrets.
2019-10-11 04:54:44,686 [main] WARN  http.HttpRequestLog (HttpRequestLog.java:getRequestLog(97)) - Jetty request log can only be enabled using Log4j
2019-10-11 04:54:44,688 [main] INFO  http.HttpServer2 (HttpServer2.java:addGlobalFilter(975)) - Added global filter 'safety' (class=org.apache.hadoop.http.HttpServer2$QuotingInputFilter)
2019-10-11 04:54:44,688 [main] INFO  http.HttpServer2 (HttpServer2.java:addFilter(948)) - Added filter static_user_filter (class=org.apache.hadoop.http.lib.StaticUserWebFilter$StaticUserFilter) to context hddsDatanode
2019-10-11 04:54:44,688 [main] INFO  http.HttpServer2 (HttpServer2.java:addFilter(958)) - Added filter static_user_filter (class=org.apache.hadoop.http.lib.StaticUserWebFilter$StaticUserFilter) to context logs
2019-10-11 04:54:44,689 [main] INFO  http.HttpServer2 (HttpServer2.java:addFilter(958)) - Added filter static_user_filter (class=org.apache.hadoop.http.lib.StaticUserWebFilter$StaticUserFilter) to context static
2019-10-11 04:54:44,690 [main] INFO  http.HttpServer2 (HttpServer2.java:bindListener(1191)) - Jetty bound to port 34244
2019-10-11 04:54:44,690 [main] INFO  server.Server (Server.java:doStart(351)) - jetty-9.3.25.v20180904, build timestamp: 2018-09-04T21:11:46Z, git hash: 3ce520221d0240229c862b122d2b06c12a625732
2019-10-11 04:54:44,692 [main] INFO  handler.ContextHandler (ContextHandler.java:doStart(781)) - Started o.e.j.s.ServletContextHandler@26dc9bd5{/logs,file:///workdir/hadoop-ozone/integration-test/target/log,AVAILABLE}
2019-10-11 04:54:44,692 [main] INFO  handler.ContextHandler (ContextHandler.java:doStart(781)) - Started o.e.j.s.ServletContextHandler@43045f9f{/static,jar:file:/home/user/.m2/repository/org/apache/hadoop/hadoop-hdds-container-service/0.5.0-SNAPSHOT/hadoop-hdds-container-service-0.5.0-SNAPSHOT.jar!/webapps/static,AVAILABLE}
2019-10-11 04:54:44,725 [main] INFO  handler.ContextHandler (ContextHandler.java:doStart(781)) - Started o.e.j.w.WebAppContext@122d6c22{/,file:///tmp/jetty-0.0.0.0-34244-hddsDatanode-_-any-8246214187270387279.dir/webapp/,AVAILABLE}{/hddsDatanode}
2019-10-11 04:54:44,726 [main] INFO  server.AbstractConnector (AbstractConnector.java:doStart(278)) - Started ServerConnector@2f5ac102{HTTP/1.1,[http/1.1]}{0.0.0.0:34244}
2019-10-11 04:54:44,727 [main] INFO  server.Server (Server.java:doStart(419)) - Started @5500ms
2019-10-11 04:54:44,728 [main] WARN  impl.MetricsSystemImpl (MetricsSystemImpl.java:register(276)) - Sink prometheus already exists!
2019-10-11 04:54:44,729 [main] INFO  server.BaseHttpServer (BaseHttpServer.java:updateConnectorAddress(215)) - HTTP server of HDDSDATANODE is listening at http://0.0.0.0:34244
2019-10-11 04:54:44,730 [main] INFO  impl.MetricsSystemImpl (MetricsSystemImpl.java:init(158)) - HddsDatanode metrics system started (again)
2019-10-11 04:54:44,733 [main] INFO  ozone.HddsDatanodeService (HddsDatanodeService.java:start(184)) - HddsDatanodeService host:pr-hdds-1569-qjnzd-3726989565 ip:192.168.157.200
2019-10-11 04:54:44,739 [org.apache.hadoop.util.JvmPauseMonitor$Monitor@1d0b8c4a] INFO  util.JvmPauseMonitor (JvmPauseMonitor.java:run(188)) - Starting JVM pause monitor
2019-10-11 04:54:44,745 [main] INFO  volume.HddsVolume (HddsVolume.java:<init>(176)) - Creating Volume: /workdir/hadoop-ozone/integration-test/target/test-dir/MiniOzoneClusterImpl-44c36d6d-90e1-4198-8449-e8899faa44e9/datanode-1/data/containers/hdds of  storage type : DISK and capacity : 1482555576320
2019-10-11 04:54:44,746 [main] INFO  volume.VolumeSet (VolumeSet.java:initializeVolumeSet(170)) - Added Volume : /workdir/hadoop-ozone/integration-test/target/test-dir/MiniOzoneClusterImpl-44c36d6d-90e1-4198-8449-e8899faa44e9/datanode-1/data/containers/hdds to VolumeSet
2019-10-11 04:54:44,746 [main] INFO  volume.ThrottledAsyncChecker (ThrottledAsyncChecker.java:schedule(139)) - Scheduling a check for org.apache.hadoop.ozone.container.common.volume.HddsVolume@7e74a380
2019-10-11 04:54:44,747 [main] INFO  volume.HddsVolumeChecker (HddsVolumeChecker.java:checkAllVolumes(202)) - Scheduled health check for volume org.apache.hadoop.ozone.container.common.volume.HddsVolume@7e74a380
2019-10-11 04:54:44,764 [main] INFO  impl.RaftServerProxy (ConfUtils.java:logGet(43)) - raft.rpc.type = GRPC (default)
2019-10-11 04:54:44,764 [main] INFO  grpc.GrpcFactory (GrpcFactory.java:checkPooledByteBufAllocatorUseCacheForAllThreads(45)) - PERFORMANCE WARNING: useCacheForAllThreads is true that may cause Netty to create a lot garbage objects and, as a result, trigger GC.
	It is recommended to disable useCacheForAllThreads by setting -Dorg.apache.ratis.thirdparty.io.netty.allocator.useCacheForAllThreads=false in command line.
2019-10-11 04:54:44,764 [main] INFO  grpc.GrpcConfigKeys$Server (ConfUtils.java:logGet(43)) - raft.grpc.server.port = 0 (default)
2019-10-11 04:54:44,765 [main] INFO  server.GrpcService (ConfUtils.java:logGet(43)) - raft.grpc.message.size.max = 33570816 (custom)
2019-10-11 04:54:44,765 [main] INFO  server.RaftServerConfigKeys (ConfUtils.java:logGet(43)) - raft.server.log.appender.buffer.byte-limit = 33554432 (custom)
2019-10-11 04:54:44,765 [main] INFO  server.GrpcService (ConfUtils.java:logGet(43)) - raft.grpc.flow.control.window = 1MB (=1048576) (default)
2019-10-11 04:54:44,765 [main] INFO  server.RaftServerConfigKeys (ConfUtils.java:logGet(43)) - raft.server.rpc.request.timeout = 3000ms (default)
2019-10-11 04:54:44,766 [main] INFO  server.RaftServerConfigKeys (ConfUtils.java:logGet(43)) - raft.server.storage.dir = [/workdir/hadoop-ozone/integration-test/target/test-dir/MiniOzoneClusterImpl-44c36d6d-90e1-4198-8449-e8899faa44e9/datanode-1/data/ratis] (custom)
2019-10-11 04:54:44,768 [main] INFO  hdfs.DFSUtil (DFSUtil.java:httpServerTemplateForNNAndJN(1641)) - Starting Web-server for hddsDatanode at: http://0.0.0.0:0
2019-10-11 04:54:44,769 [main] INFO  server.AuthenticationFilter (AuthenticationFilter.java:constructSecretProvider(240)) - Unable to initialize FileSignerSecretProvider, falling back to use random secrets.
2019-10-11 04:54:44,770 [main] WARN  http.HttpRequestLog (HttpRequestLog.java:getRequestLog(97)) - Jetty request log can only be enabled using Log4j
2019-10-11 04:54:44,771 [main] INFO  http.HttpServer2 (HttpServer2.java:addGlobalFilter(975)) - Added global filter 'safety' (class=org.apache.hadoop.http.HttpServer2$QuotingInputFilter)
2019-10-11 04:54:44,772 [main] INFO  http.HttpServer2 (HttpServer2.java:addFilter(948)) - Added filter static_user_filter (class=org.apache.hadoop.http.lib.StaticUserWebFilter$StaticUserFilter) to context hddsDatanode
2019-10-11 04:54:44,772 [main] INFO  http.HttpServer2 (HttpServer2.java:addFilter(958)) - Added filter static_user_filter (class=org.apache.hadoop.http.lib.StaticUserWebFilter$StaticUserFilter) to context logs
2019-10-11 04:54:44,772 [main] INFO  http.HttpServer2 (HttpServer2.java:addFilter(958)) - Added filter static_user_filter (class=org.apache.hadoop.http.lib.StaticUserWebFilter$StaticUserFilter) to context static
2019-10-11 04:54:44,773 [main] INFO  http.HttpServer2 (HttpServer2.java:bindListener(1191)) - Jetty bound to port 42941
2019-10-11 04:54:44,773 [main] INFO  server.Server (Server.java:doStart(351)) - jetty-9.3.25.v20180904, build timestamp: 2018-09-04T21:11:46Z, git hash: 3ce520221d0240229c862b122d2b06c12a625732
2019-10-11 04:54:44,777 [main] INFO  handler.ContextHandler (ContextHandler.java:doStart(781)) - Started o.e.j.s.ServletContextHandler@2f1d0bbc{/logs,file:///workdir/hadoop-ozone/integration-test/target/log,AVAILABLE}
2019-10-11 04:54:44,778 [main] INFO  handler.ContextHandler (ContextHandler.java:doStart(781)) - Started o.e.j.s.ServletContextHandler@a9f023e{/static,jar:file:/home/user/.m2/repository/org/apache/hadoop/hadoop-hdds-container-service/0.5.0-SNAPSHOT/hadoop-hdds-container-service-0.5.0-SNAPSHOT.jar!/webapps/static,AVAILABLE}
2019-10-11 04:54:44,808 [main] INFO  handler.ContextHandler (ContextHandler.java:doStart(781)) - Started o.e.j.w.WebAppContext@a92be4f{/,file:///tmp/jetty-0.0.0.0-42941-hddsDatanode-_-any-1397142200836669858.dir/webapp/,AVAILABLE}{/hddsDatanode}
2019-10-11 04:54:44,809 [main] INFO  server.AbstractConnector (AbstractConnector.java:doStart(278)) - Started ServerConnector@53e800f9{HTTP/1.1,[http/1.1]}{0.0.0.0:42941}
2019-10-11 04:54:44,810 [main] INFO  server.Server (Server.java:doStart(419)) - Started @5583ms
2019-10-11 04:54:44,810 [main] WARN  impl.MetricsSystemImpl (MetricsSystemImpl.java:register(276)) - Sink prometheus already exists!
2019-10-11 04:54:44,812 [main] INFO  server.BaseHttpServer (BaseHttpServer.java:updateConnectorAddress(215)) - HTTP server of HDDSDATANODE is listening at http://0.0.0.0:42941
2019-10-11 04:54:44,813 [main] INFO  impl.MetricsSystemImpl (MetricsSystemImpl.java:init(158)) - HddsDatanode metrics system started (again)
2019-10-11 04:54:44,816 [main] INFO  ozone.HddsDatanodeService (HddsDatanodeService.java:start(184)) - HddsDatanodeService host:pr-hdds-1569-qjnzd-3726989565 ip:192.168.157.200
2019-10-11 04:54:44,816 [org.apache.hadoop.util.JvmPauseMonitor$Monitor@36402ef7] INFO  util.JvmPauseMonitor (JvmPauseMonitor.java:run(188)) - Starting JVM pause monitor
2019-10-11 04:54:44,827 [main] INFO  volume.HddsVolume (HddsVolume.java:<init>(176)) - Creating Volume: /workdir/hadoop-ozone/integration-test/target/test-dir/MiniOzoneClusterImpl-44c36d6d-90e1-4198-8449-e8899faa44e9/datanode-2/data/containers/hdds of  storage type : DISK and capacity : 1482555576320
2019-10-11 04:54:44,827 [main] INFO  volume.VolumeSet (VolumeSet.java:initializeVolumeSet(170)) - Added Volume : /workdir/hadoop-ozone/integration-test/target/test-dir/MiniOzoneClusterImpl-44c36d6d-90e1-4198-8449-e8899faa44e9/datanode-2/data/containers/hdds to VolumeSet
2019-10-11 04:54:44,827 [main] INFO  volume.ThrottledAsyncChecker (ThrottledAsyncChecker.java:schedule(139)) - Scheduling a check for org.apache.hadoop.ozone.container.common.volume.HddsVolume@7fe82967
2019-10-11 04:54:44,828 [main] INFO  volume.HddsVolumeChecker (HddsVolumeChecker.java:checkAllVolumes(202)) - Scheduled health check for volume org.apache.hadoop.ozone.container.common.volume.HddsVolume@7fe82967
2019-10-11 04:54:44,843 [main] INFO  impl.RaftServerProxy (ConfUtils.java:logGet(43)) - raft.rpc.type = GRPC (default)
2019-10-11 04:54:44,843 [main] INFO  grpc.GrpcFactory (GrpcFactory.java:checkPooledByteBufAllocatorUseCacheForAllThreads(45)) - PERFORMANCE WARNING: useCacheForAllThreads is true that may cause Netty to create a lot garbage objects and, as a result, trigger GC.
	It is recommended to disable useCacheForAllThreads by setting -Dorg.apache.ratis.thirdparty.io.netty.allocator.useCacheForAllThreads=false in command line.
2019-10-11 04:54:44,843 [main] INFO  grpc.GrpcConfigKeys$Server (ConfUtils.java:logGet(43)) - raft.grpc.server.port = 0 (default)
2019-10-11 04:54:44,843 [main] INFO  server.GrpcService (ConfUtils.java:logGet(43)) - raft.grpc.message.size.max = 33570816 (custom)
2019-10-11 04:54:44,844 [main] INFO  server.RaftServerConfigKeys (ConfUtils.java:logGet(43)) - raft.server.log.appender.buffer.byte-limit = 33554432 (custom)
2019-10-11 04:54:44,844 [main] INFO  server.GrpcService (ConfUtils.java:logGet(43)) - raft.grpc.flow.control.window = 1MB (=1048576) (default)
2019-10-11 04:54:44,844 [main] INFO  server.RaftServerConfigKeys (ConfUtils.java:logGet(43)) - raft.server.rpc.request.timeout = 3000ms (default)
2019-10-11 04:54:44,845 [main] INFO  server.RaftServerConfigKeys (ConfUtils.java:logGet(43)) - raft.server.storage.dir = [/workdir/hadoop-ozone/integration-test/target/test-dir/MiniOzoneClusterImpl-44c36d6d-90e1-4198-8449-e8899faa44e9/datanode-2/data/ratis] (custom)
2019-10-11 04:54:44,847 [main] INFO  hdfs.DFSUtil (DFSUtil.java:httpServerTemplateForNNAndJN(1641)) - Starting Web-server for hddsDatanode at: http://0.0.0.0:0
2019-10-11 04:54:44,848 [main] INFO  server.AuthenticationFilter (AuthenticationFilter.java:constructSecretProvider(240)) - Unable to initialize FileSignerSecretProvider, falling back to use random secrets.
2019-10-11 04:54:44,849 [main] WARN  http.HttpRequestLog (HttpRequestLog.java:getRequestLog(97)) - Jetty request log can only be enabled using Log4j
2019-10-11 04:54:44,850 [main] INFO  http.HttpServer2 (HttpServer2.java:addGlobalFilter(975)) - Added global filter 'safety' (class=org.apache.hadoop.http.HttpServer2$QuotingInputFilter)
2019-10-11 04:54:44,851 [main] INFO  http.HttpServer2 (HttpServer2.java:addFilter(948)) - Added filter static_user_filter (class=org.apache.hadoop.http.lib.StaticUserWebFilter$StaticUserFilter) to context hddsDatanode
2019-10-11 04:54:44,851 [main] INFO  http.HttpServer2 (HttpServer2.java:addFilter(958)) - Added filter static_user_filter (class=org.apache.hadoop.http.lib.StaticUserWebFilter$StaticUserFilter) to context static
2019-10-11 04:54:44,851 [main] INFO  http.HttpServer2 (HttpServer2.java:addFilter(958)) - Added filter static_user_filter (class=org.apache.hadoop.http.lib.StaticUserWebFilter$StaticUserFilter) to context logs
2019-10-11 04:54:44,852 [main] INFO  http.HttpServer2 (HttpServer2.java:bindListener(1191)) - Jetty bound to port 37143
2019-10-11 04:54:44,852 [main] INFO  server.Server (Server.java:doStart(351)) - jetty-9.3.25.v20180904, build timestamp: 2018-09-04T21:11:46Z, git hash: 3ce520221d0240229c862b122d2b06c12a625732
2019-10-11 04:54:44,854 [main] INFO  handler.ContextHandler (ContextHandler.java:doStart(781)) - Started o.e.j.s.ServletContextHandler@4d21c56e{/logs,file:///workdir/hadoop-ozone/integration-test/target/log,AVAILABLE}
2019-10-11 04:54:44,855 [main] INFO  handler.ContextHandler (ContextHandler.java:doStart(781)) - Started o.e.j.s.ServletContextHandler@7100dea{/static,jar:file:/home/user/.m2/repository/org/apache/hadoop/hadoop-hdds-container-service/0.5.0-SNAPSHOT/hadoop-hdds-container-service-0.5.0-SNAPSHOT.jar!/webapps/static,AVAILABLE}
2019-10-11 04:54:44,879 [Datanode State Machine Thread - 0] INFO  datanode.InitDatanodeState (InitDatanodeState.java:persistContainerDatanodeDetails(140)) - DatanodeDetails is persisted to /workdir/hadoop-ozone/integration-test/target/test-dir/MiniOzoneClusterImpl-44c36d6d-90e1-4198-8449-e8899faa44e9/datanode-0/meta/datanode.id
2019-10-11 04:54:44,884 [Datanode State Machine Thread - 0] INFO  datanode.InitDatanodeState (InitDatanodeState.java:persistContainerDatanodeDetails(140)) - DatanodeDetails is persisted to /workdir/hadoop-ozone/integration-test/target/test-dir/MiniOzoneClusterImpl-44c36d6d-90e1-4198-8449-e8899faa44e9/datanode-1/meta/datanode.id
2019-10-11 04:54:44,889 [main] INFO  handler.ContextHandler (ContextHandler.java:doStart(781)) - Started o.e.j.w.WebAppContext@6b350309{/,file:///tmp/jetty-0.0.0.0-37143-hddsDatanode-_-any-5283005701748576365.dir/webapp/,AVAILABLE}{/hddsDatanode}
2019-10-11 04:54:44,889 [main] INFO  server.AbstractConnector (AbstractConnector.java:doStart(278)) - Started ServerConnector@7ecec90d{HTTP/1.1,[http/1.1]}{0.0.0.0:37143}
2019-10-11 04:54:44,890 [main] INFO  server.Server (Server.java:doStart(419)) - Started @5663ms
2019-10-11 04:54:44,891 [main] WARN  impl.MetricsSystemImpl (MetricsSystemImpl.java:register(276)) - Sink prometheus already exists!
2019-10-11 04:54:44,892 [main] INFO  server.BaseHttpServer (BaseHttpServer.java:updateConnectorAddress(215)) - HTTP server of HDDSDATANODE is listening at http://0.0.0.0:37143
2019-10-11 04:54:44,892 [main] INFO  impl.MetricsSystemImpl (MetricsSystemImpl.java:init(158)) - HddsDatanode metrics system started (again)
2019-10-11 04:54:44,896 [main] INFO  ozone.HddsDatanodeService (HddsDatanodeService.java:start(184)) - HddsDatanodeService host:pr-hdds-1569-qjnzd-3726989565 ip:192.168.157.200
2019-10-11 04:54:44,896 [org.apache.hadoop.util.JvmPauseMonitor$Monitor@448f5e68] INFO  util.JvmPauseMonitor (JvmPauseMonitor.java:run(188)) - Starting JVM pause monitor
2019-10-11 04:54:44,900 [Datanode State Machine Thread - 0] INFO  datanode.InitDatanodeState (InitDatanodeState.java:persistContainerDatanodeDetails(140)) - DatanodeDetails is persisted to /workdir/hadoop-ozone/integration-test/target/test-dir/MiniOzoneClusterImpl-44c36d6d-90e1-4198-8449-e8899faa44e9/datanode-2/meta/datanode.id
2019-10-11 04:54:44,905 [main] INFO  volume.HddsVolume (HddsVolume.java:<init>(176)) - Creating Volume: /workdir/hadoop-ozone/integration-test/target/test-dir/MiniOzoneClusterImpl-44c36d6d-90e1-4198-8449-e8899faa44e9/datanode-3/data/containers/hdds of  storage type : DISK and capacity : 1482555576320
2019-10-11 04:54:44,906 [main] INFO  volume.VolumeSet (VolumeSet.java:initializeVolumeSet(170)) - Added Volume : /workdir/hadoop-ozone/integration-test/target/test-dir/MiniOzoneClusterImpl-44c36d6d-90e1-4198-8449-e8899faa44e9/datanode-3/data/containers/hdds to VolumeSet
2019-10-11 04:54:44,906 [main] INFO  volume.ThrottledAsyncChecker (ThrottledAsyncChecker.java:schedule(139)) - Scheduling a check for org.apache.hadoop.ozone.container.common.volume.HddsVolume@5484117b
2019-10-11 04:54:44,907 [main] INFO  volume.HddsVolumeChecker (HddsVolumeChecker.java:checkAllVolumes(202)) - Scheduled health check for volume org.apache.hadoop.ozone.container.common.volume.HddsVolume@5484117b
2019-10-11 04:54:44,923 [main] INFO  impl.RaftServerProxy (ConfUtils.java:logGet(43)) - raft.rpc.type = GRPC (default)
2019-10-11 04:54:44,923 [main] INFO  grpc.GrpcFactory (GrpcFactory.java:checkPooledByteBufAllocatorUseCacheForAllThreads(45)) - PERFORMANCE WARNING: useCacheForAllThreads is true that may cause Netty to create a lot garbage objects and, as a result, trigger GC.
	It is recommended to disable useCacheForAllThreads by setting -Dorg.apache.ratis.thirdparty.io.netty.allocator.useCacheForAllThreads=false in command line.
2019-10-11 04:54:44,923 [main] INFO  grpc.GrpcConfigKeys$Server (ConfUtils.java:logGet(43)) - raft.grpc.server.port = 0 (default)
2019-10-11 04:54:44,924 [main] INFO  server.GrpcService (ConfUtils.java:logGet(43)) - raft.grpc.message.size.max = 33570816 (custom)
2019-10-11 04:54:44,924 [main] INFO  server.RaftServerConfigKeys (ConfUtils.java:logGet(43)) - raft.server.log.appender.buffer.byte-limit = 33554432 (custom)
2019-10-11 04:54:44,924 [main] INFO  server.GrpcService (ConfUtils.java:logGet(43)) - raft.grpc.flow.control.window = 1MB (=1048576) (default)
2019-10-11 04:54:44,925 [main] INFO  server.RaftServerConfigKeys (ConfUtils.java:logGet(43)) - raft.server.rpc.request.timeout = 3000ms (default)
2019-10-11 04:54:44,925 [main] INFO  server.RaftServerConfigKeys (ConfUtils.java:logGet(43)) - raft.server.storage.dir = [/workdir/hadoop-ozone/integration-test/target/test-dir/MiniOzoneClusterImpl-44c36d6d-90e1-4198-8449-e8899faa44e9/datanode-3/data/ratis] (custom)
2019-10-11 04:54:44,927 [main] INFO  hdfs.DFSUtil (DFSUtil.java:httpServerTemplateForNNAndJN(1641)) - Starting Web-server for hddsDatanode at: http://0.0.0.0:0
2019-10-11 04:54:44,929 [main] INFO  server.AuthenticationFilter (AuthenticationFilter.java:constructSecretProvider(240)) - Unable to initialize FileSignerSecretProvider, falling back to use random secrets.
2019-10-11 04:54:44,929 [main] WARN  http.HttpRequestLog (HttpRequestLog.java:getRequestLog(97)) - Jetty request log can only be enabled using Log4j
2019-10-11 04:54:44,931 [main] INFO  http.HttpServer2 (HttpServer2.java:addGlobalFilter(975)) - Added global filter 'safety' (class=org.apache.hadoop.http.HttpServer2$QuotingInputFilter)
2019-10-11 04:54:44,932 [main] INFO  http.HttpServer2 (HttpServer2.java:addFilter(948)) - Added filter static_user_filter (class=org.apache.hadoop.http.lib.StaticUserWebFilter$StaticUserFilter) to context hddsDatanode
2019-10-11 04:54:44,932 [main] INFO  http.HttpServer2 (HttpServer2.java:addFilter(958)) - Added filter static_user_filter (class=org.apache.hadoop.http.lib.StaticUserWebFilter$StaticUserFilter) to context logs
2019-10-11 04:54:44,932 [main] INFO  http.HttpServer2 (HttpServer2.java:addFilter(958)) - Added filter static_user_filter (class=org.apache.hadoop.http.lib.StaticUserWebFilter$StaticUserFilter) to context static
2019-10-11 04:54:44,933 [main] INFO  http.HttpServer2 (HttpServer2.java:bindListener(1191)) - Jetty bound to port 45880
2019-10-11 04:54:44,934 [main] INFO  server.Server (Server.java:doStart(351)) - jetty-9.3.25.v20180904, build timestamp: 2018-09-04T21:11:46Z, git hash: 3ce520221d0240229c862b122d2b06c12a625732
2019-10-11 04:54:44,942 [main] INFO  handler.ContextHandler (ContextHandler.java:doStart(781)) - Started o.e.j.s.ServletContextHandler@43af351a{/logs,file:///workdir/hadoop-ozone/integration-test/target/log,AVAILABLE}
2019-10-11 04:54:44,942 [main] INFO  handler.ContextHandler (ContextHandler.java:doStart(781)) - Started o.e.j.s.ServletContextHandler@72f9f27c{/static,jar:file:/home/user/.m2/repository/org/apache/hadoop/hadoop-hdds-container-service/0.5.0-SNAPSHOT/hadoop-hdds-container-service-0.5.0-SNAPSHOT.jar!/webapps/static,AVAILABLE}
2019-10-11 04:54:44,990 [main] INFO  handler.ContextHandler (ContextHandler.java:doStart(781)) - Started o.e.j.w.WebAppContext@317a118b{/,file:///tmp/jetty-0.0.0.0-45880-hddsDatanode-_-any-58957701328608766.dir/webapp/,AVAILABLE}{/hddsDatanode}
2019-10-11 04:54:44,990 [main] INFO  server.AbstractConnector (AbstractConnector.java:doStart(278)) - Started ServerConnector@56dfab87{HTTP/1.1,[http/1.1]}{0.0.0.0:45880}
2019-10-11 04:54:44,993 [main] INFO  server.Server (Server.java:doStart(419)) - Started @5765ms
2019-10-11 04:54:44,994 [main] WARN  impl.MetricsSystemImpl (MetricsSystemImpl.java:register(276)) - Sink prometheus already exists!
2019-10-11 04:54:44,995 [main] INFO  server.BaseHttpServer (BaseHttpServer.java:updateConnectorAddress(215)) - HTTP server of HDDSDATANODE is listening at http://0.0.0.0:45880
2019-10-11 04:54:44,996 [main] INFO  impl.MetricsSystemImpl (MetricsSystemImpl.java:init(158)) - HddsDatanode metrics system started (again)
2019-10-11 04:54:45,000 [org.apache.hadoop.util.JvmPauseMonitor$Monitor@223966ff] INFO  util.JvmPauseMonitor (JvmPauseMonitor.java:run(188)) - Starting JVM pause monitor
2019-10-11 04:54:45,001 [main] INFO  ozone.HddsDatanodeService (HddsDatanodeService.java:start(184)) - HddsDatanodeService host:pr-hdds-1569-qjnzd-3726989565 ip:192.168.157.200
2019-10-11 04:54:45,004 [Datanode State Machine Thread - 0] INFO  datanode.InitDatanodeState (InitDatanodeState.java:persistContainerDatanodeDetails(140)) - DatanodeDetails is persisted to /workdir/hadoop-ozone/integration-test/target/test-dir/MiniOzoneClusterImpl-44c36d6d-90e1-4198-8449-e8899faa44e9/datanode-3/meta/datanode.id
2019-10-11 04:54:45,015 [main] INFO  volume.HddsVolume (HddsVolume.java:<init>(176)) - Creating Volume: /workdir/hadoop-ozone/integration-test/target/test-dir/MiniOzoneClusterImpl-44c36d6d-90e1-4198-8449-e8899faa44e9/datanode-4/data/containers/hdds of  storage type : DISK and capacity : 1482555576320
2019-10-11 04:54:45,016 [main] INFO  volume.VolumeSet (VolumeSet.java:initializeVolumeSet(170)) - Added Volume : /workdir/hadoop-ozone/integration-test/target/test-dir/MiniOzoneClusterImpl-44c36d6d-90e1-4198-8449-e8899faa44e9/datanode-4/data/containers/hdds to VolumeSet
2019-10-11 04:54:45,016 [main] INFO  volume.ThrottledAsyncChecker (ThrottledAsyncChecker.java:schedule(139)) - Scheduling a check for org.apache.hadoop.ozone.container.common.volume.HddsVolume@242b6e1a
2019-10-11 04:54:45,017 [main] INFO  volume.HddsVolumeChecker (HddsVolumeChecker.java:checkAllVolumes(202)) - Scheduled health check for volume org.apache.hadoop.ozone.container.common.volume.HddsVolume@242b6e1a
2019-10-11 04:54:45,039 [main] INFO  impl.RaftServerProxy (ConfUtils.java:logGet(43)) - raft.rpc.type = GRPC (default)
2019-10-11 04:54:45,040 [main] INFO  grpc.GrpcFactory (GrpcFactory.java:checkPooledByteBufAllocatorUseCacheForAllThreads(45)) - PERFORMANCE WARNING: useCacheForAllThreads is true that may cause Netty to create a lot garbage objects and, as a result, trigger GC.
	It is recommended to disable useCacheForAllThreads by setting -Dorg.apache.ratis.thirdparty.io.netty.allocator.useCacheForAllThreads=false in command line.
2019-10-11 04:54:45,040 [main] INFO  grpc.GrpcConfigKeys$Server (ConfUtils.java:logGet(43)) - raft.grpc.server.port = 0 (default)
2019-10-11 04:54:45,040 [main] INFO  server.GrpcService (ConfUtils.java:logGet(43)) - raft.grpc.message.size.max = 33570816 (custom)
2019-10-11 04:54:45,041 [main] INFO  server.RaftServerConfigKeys (ConfUtils.java:logGet(43)) - raft.server.log.appender.buffer.byte-limit = 33554432 (custom)
2019-10-11 04:54:45,041 [main] INFO  server.GrpcService (ConfUtils.java:logGet(43)) - raft.grpc.flow.control.window = 1MB (=1048576) (default)
2019-10-11 04:54:45,041 [main] INFO  server.RaftServerConfigKeys (ConfUtils.java:logGet(43)) - raft.server.rpc.request.timeout = 3000ms (default)
2019-10-11 04:54:45,042 [main] INFO  server.RaftServerConfigKeys (ConfUtils.java:logGet(43)) - raft.server.storage.dir = [/workdir/hadoop-ozone/integration-test/target/test-dir/MiniOzoneClusterImpl-44c36d6d-90e1-4198-8449-e8899faa44e9/datanode-4/data/ratis] (custom)
2019-10-11 04:54:45,044 [main] INFO  hdfs.DFSUtil (DFSUtil.java:httpServerTemplateForNNAndJN(1641)) - Starting Web-server for hddsDatanode at: http://0.0.0.0:0
2019-10-11 04:54:45,046 [main] INFO  server.AuthenticationFilter (AuthenticationFilter.java:constructSecretProvider(240)) - Unable to initialize FileSignerSecretProvider, falling back to use random secrets.
2019-10-11 04:54:45,047 [main] WARN  http.HttpRequestLog (HttpRequestLog.java:getRequestLog(97)) - Jetty request log can only be enabled using Log4j
2019-10-11 04:54:45,049 [main] INFO  http.HttpServer2 (HttpServer2.java:addGlobalFilter(975)) - Added global filter 'safety' (class=org.apache.hadoop.http.HttpServer2$QuotingInputFilter)
2019-10-11 04:54:45,050 [main] INFO  http.HttpServer2 (HttpServer2.java:addFilter(948)) - Added filter static_user_filter (class=org.apache.hadoop.http.lib.StaticUserWebFilter$StaticUserFilter) to context hddsDatanode
2019-10-11 04:54:45,050 [main] INFO  http.HttpServer2 (HttpServer2.java:addFilter(958)) - Added filter static_user_filter (class=org.apache.hadoop.http.lib.StaticUserWebFilter$StaticUserFilter) to context logs
2019-10-11 04:54:45,051 [main] INFO  http.HttpServer2 (HttpServer2.java:addFilter(958)) - Added filter static_user_filter (class=org.apache.hadoop.http.lib.StaticUserWebFilter$StaticUserFilter) to context static
2019-10-11 04:54:45,052 [main] INFO  http.HttpServer2 (HttpServer2.java:bindListener(1191)) - Jetty bound to port 35728
2019-10-11 04:54:45,052 [main] INFO  server.Server (Server.java:doStart(351)) - jetty-9.3.25.v20180904, build timestamp: 2018-09-04T21:11:46Z, git hash: 3ce520221d0240229c862b122d2b06c12a625732
2019-10-11 04:54:45,055 [main] INFO  handler.ContextHandler (ContextHandler.java:doStart(781)) - Started o.e.j.s.ServletContextHandler@2cae9b8{/logs,file:///workdir/hadoop-ozone/integration-test/target/log,AVAILABLE}
2019-10-11 04:54:45,056 [main] INFO  handler.ContextHandler (ContextHandler.java:doStart(781)) - Started o.e.j.s.ServletContextHandler@6f94fb9d{/static,jar:file:/home/user/.m2/repository/org/apache/hadoop/hadoop-hdds-container-service/0.5.0-SNAPSHOT/hadoop-hdds-container-service-0.5.0-SNAPSHOT.jar!/webapps/static,AVAILABLE}
2019-10-11 04:54:45,096 [main] INFO  handler.ContextHandler (ContextHandler.java:doStart(781)) - Started o.e.j.w.WebAppContext@142213d5{/,file:///tmp/jetty-0.0.0.0-35728-hddsDatanode-_-any-6494808296202546618.dir/webapp/,AVAILABLE}{/hddsDatanode}
2019-10-11 04:54:45,097 [main] INFO  server.AbstractConnector (AbstractConnector.java:doStart(278)) - Started ServerConnector@934b52f{HTTP/1.1,[http/1.1]}{0.0.0.0:35728}
2019-10-11 04:54:45,098 [main] INFO  server.Server (Server.java:doStart(419)) - Started @5870ms
2019-10-11 04:54:45,098 [main] WARN  impl.MetricsSystemImpl (MetricsSystemImpl.java:register(276)) - Sink prometheus already exists!
2019-10-11 04:54:45,099 [main] INFO  server.BaseHttpServer (BaseHttpServer.java:updateConnectorAddress(215)) - HTTP server of HDDSDATANODE is listening at http://0.0.0.0:35728
2019-10-11 04:54:45,100 [main] INFO  impl.MetricsSystemImpl (MetricsSystemImpl.java:init(158)) - HddsDatanode metrics system started (again)
2019-10-11 04:54:45,103 [main] INFO  ozone.HddsDatanodeService (HddsDatanodeService.java:start(184)) - HddsDatanodeService host:pr-hdds-1569-qjnzd-3726989565 ip:192.168.157.200
2019-10-11 04:54:45,104 [org.apache.hadoop.util.JvmPauseMonitor$Monitor@115ec31a] INFO  util.JvmPauseMonitor (JvmPauseMonitor.java:run(188)) - Starting JVM pause monitor
2019-10-11 04:54:45,107 [Datanode State Machine Thread - 0] INFO  datanode.InitDatanodeState (InitDatanodeState.java:persistContainerDatanodeDetails(140)) - DatanodeDetails is persisted to /workdir/hadoop-ozone/integration-test/target/test-dir/MiniOzoneClusterImpl-44c36d6d-90e1-4198-8449-e8899faa44e9/datanode-4/meta/datanode.id
2019-10-11 04:54:45,111 [main] INFO  volume.HddsVolume (HddsVolume.java:<init>(176)) - Creating Volume: /workdir/hadoop-ozone/integration-test/target/test-dir/MiniOzoneClusterImpl-44c36d6d-90e1-4198-8449-e8899faa44e9/datanode-5/data/containers/hdds of  storage type : DISK and capacity : 1482555576320
2019-10-11 04:54:45,112 [main] INFO  volume.VolumeSet (VolumeSet.java:initializeVolumeSet(170)) - Added Volume : /workdir/hadoop-ozone/integration-test/target/test-dir/MiniOzoneClusterImpl-44c36d6d-90e1-4198-8449-e8899faa44e9/datanode-5/data/containers/hdds to VolumeSet
2019-10-11 04:54:45,112 [main] INFO  volume.ThrottledAsyncChecker (ThrottledAsyncChecker.java:schedule(139)) - Scheduling a check for org.apache.hadoop.ozone.container.common.volume.HddsVolume@48b4a043
2019-10-11 04:54:45,112 [main] INFO  volume.HddsVolumeChecker (HddsVolumeChecker.java:checkAllVolumes(202)) - Scheduled health check for volume org.apache.hadoop.ozone.container.common.volume.HddsVolume@48b4a043
2019-10-11 04:54:45,129 [main] INFO  impl.RaftServerProxy (ConfUtils.java:logGet(43)) - raft.rpc.type = GRPC (default)
2019-10-11 04:54:45,130 [main] INFO  grpc.GrpcFactory (GrpcFactory.java:checkPooledByteBufAllocatorUseCacheForAllThreads(45)) - PERFORMANCE WARNING: useCacheForAllThreads is true that may cause Netty to create a lot garbage objects and, as a result, trigger GC.
	It is recommended to disable useCacheForAllThreads by setting -Dorg.apache.ratis.thirdparty.io.netty.allocator.useCacheForAllThreads=false in command line.
2019-10-11 04:54:45,130 [main] INFO  grpc.GrpcConfigKeys$Server (ConfUtils.java:logGet(43)) - raft.grpc.server.port = 0 (default)
2019-10-11 04:54:45,130 [main] INFO  server.GrpcService (ConfUtils.java:logGet(43)) - raft.grpc.message.size.max = 33570816 (custom)
2019-10-11 04:54:45,130 [main] INFO  server.RaftServerConfigKeys (ConfUtils.java:logGet(43)) - raft.server.log.appender.buffer.byte-limit = 33554432 (custom)
2019-10-11 04:54:45,131 [main] INFO  server.GrpcService (ConfUtils.java:logGet(43)) - raft.grpc.flow.control.window = 1MB (=1048576) (default)
2019-10-11 04:54:45,131 [main] INFO  server.RaftServerConfigKeys (ConfUtils.java:logGet(43)) - raft.server.rpc.request.timeout = 3000ms (default)
2019-10-11 04:54:45,131 [main] INFO  server.RaftServerConfigKeys (ConfUtils.java:logGet(43)) - raft.server.storage.dir = [/workdir/hadoop-ozone/integration-test/target/test-dir/MiniOzoneClusterImpl-44c36d6d-90e1-4198-8449-e8899faa44e9/datanode-5/data/ratis] (custom)
2019-10-11 04:54:45,133 [main] INFO  hdfs.DFSUtil (DFSUtil.java:httpServerTemplateForNNAndJN(1641)) - Starting Web-server for hddsDatanode at: http://0.0.0.0:0
2019-10-11 04:54:45,135 [main] INFO  server.AuthenticationFilter (AuthenticationFilter.java:constructSecretProvider(240)) - Unable to initialize FileSignerSecretProvider, falling back to use random secrets.
2019-10-11 04:54:45,135 [main] WARN  http.HttpRequestLog (HttpRequestLog.java:getRequestLog(97)) - Jetty request log can only be enabled using Log4j
2019-10-11 04:54:45,137 [main] INFO  http.HttpServer2 (HttpServer2.java:addGlobalFilter(975)) - Added global filter 'safety' (class=org.apache.hadoop.http.HttpServer2$QuotingInputFilter)
2019-10-11 04:54:45,138 [main] INFO  http.HttpServer2 (HttpServer2.java:addFilter(948)) - Added filter static_user_filter (class=org.apache.hadoop.http.lib.StaticUserWebFilter$StaticUserFilter) to context hddsDatanode
2019-10-11 04:54:45,138 [main] INFO  http.HttpServer2 (HttpServer2.java:addFilter(958)) - Added filter static_user_filter (class=org.apache.hadoop.http.lib.StaticUserWebFilter$StaticUserFilter) to context static
2019-10-11 04:54:45,138 [main] INFO  http.HttpServer2 (HttpServer2.java:addFilter(958)) - Added filter static_user_filter (class=org.apache.hadoop.http.lib.StaticUserWebFilter$StaticUserFilter) to context logs
2019-10-11 04:54:45,139 [main] INFO  http.HttpServer2 (HttpServer2.java:bindListener(1191)) - Jetty bound to port 39179
2019-10-11 04:54:45,139 [main] INFO  server.Server (Server.java:doStart(351)) - jetty-9.3.25.v20180904, build timestamp: 2018-09-04T21:11:46Z, git hash: 3ce520221d0240229c862b122d2b06c12a625732
2019-10-11 04:54:45,141 [main] INFO  handler.ContextHandler (ContextHandler.java:doStart(781)) - Started o.e.j.s.ServletContextHandler@58fef7f7{/logs,file:///workdir/hadoop-ozone/integration-test/target/log,AVAILABLE}
2019-10-11 04:54:45,141 [main] INFO  handler.ContextHandler (ContextHandler.java:doStart(781)) - Started o.e.j.s.ServletContextHandler@12eedfee{/static,jar:file:/home/user/.m2/repository/org/apache/hadoop/hadoop-hdds-container-service/0.5.0-SNAPSHOT/hadoop-hdds-container-service-0.5.0-SNAPSHOT.jar!/webapps/static,AVAILABLE}
2019-10-11 04:54:45,172 [main] INFO  handler.ContextHandler (ContextHandler.java:doStart(781)) - Started o.e.j.w.WebAppContext@268cbb86{/,file:///tmp/jetty-0.0.0.0-39179-hddsDatanode-_-any-4999122910472764197.dir/webapp/,AVAILABLE}{/hddsDatanode}
2019-10-11 04:54:45,172 [main] INFO  server.AbstractConnector (AbstractConnector.java:doStart(278)) - Started ServerConnector@10f7918f{HTTP/1.1,[http/1.1]}{0.0.0.0:39179}
2019-10-11 04:54:45,174 [main] INFO  server.Server (Server.java:doStart(419)) - Started @5947ms
2019-10-11 04:54:45,174 [main] WARN  impl.MetricsSystemImpl (MetricsSystemImpl.java:register(276)) - Sink prometheus already exists!
2019-10-11 04:54:45,175 [main] INFO  server.BaseHttpServer (BaseHttpServer.java:updateConnectorAddress(215)) - HTTP server of HDDSDATANODE is listening at http://0.0.0.0:39179
2019-10-11 04:54:45,175 [main] INFO  impl.MetricsSystemImpl (MetricsSystemImpl.java:init(158)) - HddsDatanode metrics system started (again)
2019-10-11 04:54:45,179 [main] INFO  ozone.HddsDatanodeService (HddsDatanodeService.java:start(184)) - HddsDatanodeService host:pr-hdds-1569-qjnzd-3726989565 ip:192.168.157.200
2019-10-11 04:54:45,180 [org.apache.hadoop.util.JvmPauseMonitor$Monitor@54d4b274] INFO  util.JvmPauseMonitor (JvmPauseMonitor.java:run(188)) - Starting JVM pause monitor
2019-10-11 04:54:45,183 [Datanode State Machine Thread - 0] INFO  datanode.InitDatanodeState (InitDatanodeState.java:persistContainerDatanodeDetails(140)) - DatanodeDetails is persisted to /workdir/hadoop-ozone/integration-test/target/test-dir/MiniOzoneClusterImpl-44c36d6d-90e1-4198-8449-e8899faa44e9/datanode-5/meta/datanode.id
2019-10-11 04:54:45,188 [main] INFO  volume.HddsVolume (HddsVolume.java:<init>(176)) - Creating Volume: /workdir/hadoop-ozone/integration-test/target/test-dir/MiniOzoneClusterImpl-44c36d6d-90e1-4198-8449-e8899faa44e9/datanode-6/data/containers/hdds of  storage type : DISK and capacity : 1482555576320
2019-10-11 04:54:45,189 [main] INFO  volume.VolumeSet (VolumeSet.java:initializeVolumeSet(170)) - Added Volume : /workdir/hadoop-ozone/integration-test/target/test-dir/MiniOzoneClusterImpl-44c36d6d-90e1-4198-8449-e8899faa44e9/datanode-6/data/containers/hdds to VolumeSet
2019-10-11 04:54:45,189 [main] INFO  volume.ThrottledAsyncChecker (ThrottledAsyncChecker.java:schedule(139)) - Scheduling a check for org.apache.hadoop.ozone.container.common.volume.HddsVolume@1a1f5f71
2019-10-11 04:54:45,190 [main] INFO  volume.HddsVolumeChecker (HddsVolumeChecker.java:checkAllVolumes(202)) - Scheduled health check for volume org.apache.hadoop.ozone.container.common.volume.HddsVolume@1a1f5f71
2019-10-11 04:54:45,203 [main] INFO  impl.RaftServerProxy (ConfUtils.java:logGet(43)) - raft.rpc.type = GRPC (default)
2019-10-11 04:54:45,203 [main] INFO  grpc.GrpcFactory (GrpcFactory.java:checkPooledByteBufAllocatorUseCacheForAllThreads(45)) - PERFORMANCE WARNING: useCacheForAllThreads is true that may cause Netty to create a lot garbage objects and, as a result, trigger GC.
	It is recommended to disable useCacheForAllThreads by setting -Dorg.apache.ratis.thirdparty.io.netty.allocator.useCacheForAllThreads=false in command line.
2019-10-11 04:54:45,203 [main] INFO  grpc.GrpcConfigKeys$Server (ConfUtils.java:logGet(43)) - raft.grpc.server.port = 0 (default)
2019-10-11 04:54:45,204 [main] INFO  server.GrpcService (ConfUtils.java:logGet(43)) - raft.grpc.message.size.max = 33570816 (custom)
2019-10-11 04:54:45,204 [main] INFO  server.RaftServerConfigKeys (ConfUtils.java:logGet(43)) - raft.server.log.appender.buffer.byte-limit = 33554432 (custom)
2019-10-11 04:54:45,204 [main] INFO  server.GrpcService (ConfUtils.java:logGet(43)) - raft.grpc.flow.control.window = 1MB (=1048576) (default)
2019-10-11 04:54:45,204 [main] INFO  server.RaftServerConfigKeys (ConfUtils.java:logGet(43)) - raft.server.rpc.request.timeout = 3000ms (default)
2019-10-11 04:54:45,205 [main] INFO  server.RaftServerConfigKeys (ConfUtils.java:logGet(43)) - raft.server.storage.dir = [/workdir/hadoop-ozone/integration-test/target/test-dir/MiniOzoneClusterImpl-44c36d6d-90e1-4198-8449-e8899faa44e9/datanode-6/data/ratis] (custom)
2019-10-11 04:54:45,206 [main] INFO  hdfs.DFSUtil (DFSUtil.java:httpServerTemplateForNNAndJN(1641)) - Starting Web-server for hddsDatanode at: http://0.0.0.0:0
2019-10-11 04:54:45,208 [main] INFO  server.AuthenticationFilter (AuthenticationFilter.java:constructSecretProvider(240)) - Unable to initialize FileSignerSecretProvider, falling back to use random secrets.
2019-10-11 04:54:45,208 [main] WARN  http.HttpRequestLog (HttpRequestLog.java:getRequestLog(97)) - Jetty request log can only be enabled using Log4j
2019-10-11 04:54:45,209 [main] INFO  http.HttpServer2 (HttpServer2.java:addGlobalFilter(975)) - Added global filter 'safety' (class=org.apache.hadoop.http.HttpServer2$QuotingInputFilter)
2019-10-11 04:54:45,210 [main] INFO  http.HttpServer2 (HttpServer2.java:addFilter(948)) - Added filter static_user_filter (class=org.apache.hadoop.http.lib.StaticUserWebFilter$StaticUserFilter) to context hddsDatanode
2019-10-11 04:54:45,210 [main] INFO  http.HttpServer2 (HttpServer2.java:addFilter(958)) - Added filter static_user_filter (class=org.apache.hadoop.http.lib.StaticUserWebFilter$StaticUserFilter) to context static
2019-10-11 04:54:45,210 [main] INFO  http.HttpServer2 (HttpServer2.java:addFilter(958)) - Added filter static_user_filter (class=org.apache.hadoop.http.lib.StaticUserWebFilter$StaticUserFilter) to context logs
2019-10-11 04:54:45,211 [main] INFO  http.HttpServer2 (HttpServer2.java:bindListener(1191)) - Jetty bound to port 41216
2019-10-11 04:54:45,211 [main] INFO  server.Server (Server.java:doStart(351)) - jetty-9.3.25.v20180904, build timestamp: 2018-09-04T21:11:46Z, git hash: 3ce520221d0240229c862b122d2b06c12a625732
2019-10-11 04:54:45,213 [main] INFO  handler.ContextHandler (ContextHandler.java:doStart(781)) - Started o.e.j.s.ServletContextHandler@6edf29c1{/logs,file:///workdir/hadoop-ozone/integration-test/target/log,AVAILABLE}
2019-10-11 04:54:45,214 [main] INFO  handler.ContextHandler (ContextHandler.java:doStart(781)) - Started o.e.j.s.ServletContextHandler@66b59b7d{/static,jar:file:/home/user/.m2/repository/org/apache/hadoop/hadoop-hdds-container-service/0.5.0-SNAPSHOT/hadoop-hdds-container-service-0.5.0-SNAPSHOT.jar!/webapps/static,AVAILABLE}
2019-10-11 04:54:45,243 [main] INFO  handler.ContextHandler (ContextHandler.java:doStart(781)) - Started o.e.j.w.WebAppContext@57272109{/,file:///tmp/jetty-0.0.0.0-41216-hddsDatanode-_-any-6040992901157275144.dir/webapp/,AVAILABLE}{/hddsDatanode}
2019-10-11 04:54:45,245 [main] INFO  server.AbstractConnector (AbstractConnector.java:doStart(278)) - Started ServerConnector@59696551{HTTP/1.1,[http/1.1]}{0.0.0.0:41216}
2019-10-11 04:54:45,246 [main] INFO  server.Server (Server.java:doStart(419)) - Started @6019ms
2019-10-11 04:54:45,246 [main] WARN  impl.MetricsSystemImpl (MetricsSystemImpl.java:register(276)) - Sink prometheus already exists!
2019-10-11 04:54:45,247 [main] INFO  server.BaseHttpServer (BaseHttpServer.java:updateConnectorAddress(215)) - HTTP server of HDDSDATANODE is listening at http://0.0.0.0:41216
2019-10-11 04:54:45,250 [main] INFO  ozone.MiniOzoneClusterImpl (MiniOzoneClusterImpl.java:lambda$waitForClusterToBeReady$0(147)) - Waiting for cluster to be ready. Got 0 of 7 DN Heartbeats.
2019-10-11 04:54:45,251 [org.apache.hadoop.util.JvmPauseMonitor$Monitor@24f084cb] INFO  util.JvmPauseMonitor (JvmPauseMonitor.java:run(188)) - Starting JVM pause monitor
2019-10-11 04:54:45,254 [Datanode State Machine Thread - 0] INFO  datanode.InitDatanodeState (InitDatanodeState.java:persistContainerDatanodeDetails(140)) - DatanodeDetails is persisted to /workdir/hadoop-ozone/integration-test/target/test-dir/MiniOzoneClusterImpl-44c36d6d-90e1-4198-8449-e8899faa44e9/datanode-6/meta/datanode.id
2019-10-11 04:54:46,250 [main] INFO  ozone.MiniOzoneClusterImpl (MiniOzoneClusterImpl.java:lambda$waitForClusterToBeReady$0(147)) - Waiting for cluster to be ready. Got 0 of 7 DN Heartbeats.
2019-10-11 04:54:46,802 [Datanode State Machine Thread - 0] INFO  ozoneimpl.OzoneContainer (OzoneContainer.java:start(217)) - Attempting to start container services.
2019-10-11 04:54:46,806 [Datanode State Machine Thread - 0] INFO  ozoneimpl.OzoneContainer (OzoneContainer.java:startContainerScrub(179)) - Background container scanner has been disabled.
2019-10-11 04:54:46,806 [Datanode State Machine Thread - 0] INFO  ratis.XceiverServerRatis (XceiverServerRatis.java:start(411)) - Starting XceiverServerRatis 85dedb5c-0475-48d6-91a5-f8922a1c9690 at port 0
2019-10-11 04:54:46,838 [Datanode State Machine Thread - 0] INFO  impl.RaftServerProxy (RaftServerProxy.java:lambda$start$3(299)) - 85dedb5c-0475-48d6-91a5-f8922a1c9690: start RPC server
2019-10-11 04:54:46,839 [Datanode State Machine Thread - 0] INFO  ozoneimpl.OzoneContainer (OzoneContainer.java:start(217)) - Attempting to start container services.
2019-10-11 04:54:46,846 [Datanode State Machine Thread - 0] INFO  ozoneimpl.OzoneContainer (OzoneContainer.java:startContainerScrub(179)) - Background container scanner has been disabled.
2019-10-11 04:54:46,846 [Datanode State Machine Thread - 0] INFO  ratis.XceiverServerRatis (XceiverServerRatis.java:start(411)) - Starting XceiverServerRatis b60e1418-2c99-4095-aa33-d35d300fab24 at port 0
2019-10-11 04:54:46,858 [Datanode State Machine Thread - 0] INFO  impl.RaftServerProxy (RaftServerProxy.java:lambda$start$3(299)) - b60e1418-2c99-4095-aa33-d35d300fab24: start RPC server
2019-10-11 04:54:46,913 [Datanode State Machine Thread - 0] INFO  ozoneimpl.OzoneContainer (OzoneContainer.java:start(217)) - Attempting to start container services.
2019-10-11 04:54:46,918 [Datanode State Machine Thread - 0] INFO  ozoneimpl.OzoneContainer (OzoneContainer.java:startContainerScrub(179)) - Background container scanner has been disabled.
2019-10-11 04:54:46,918 [Datanode State Machine Thread - 0] INFO  ratis.XceiverServerRatis (XceiverServerRatis.java:start(411)) - Starting XceiverServerRatis 45dc940c-71f1-4cb7-b25b-a82b712b179d at port 0
2019-10-11 04:54:46,928 [Datanode State Machine Thread - 0] INFO  impl.RaftServerProxy (RaftServerProxy.java:lambda$start$3(299)) - 45dc940c-71f1-4cb7-b25b-a82b712b179d: start RPC server
2019-10-11 04:54:47,017 [Datanode State Machine Thread - 0] INFO  ozoneimpl.OzoneContainer (OzoneContainer.java:start(217)) - Attempting to start container services.
2019-10-11 04:54:47,017 [Datanode State Machine Thread - 0] INFO  ozoneimpl.OzoneContainer (OzoneContainer.java:startContainerScrub(179)) - Background container scanner has been disabled.
2019-10-11 04:54:47,017 [Datanode State Machine Thread - 0] INFO  ratis.XceiverServerRatis (XceiverServerRatis.java:start(411)) - Starting XceiverServerRatis af93d71e-9597-43d1-a0d9-fd03e0850daa at port 0
2019-10-11 04:54:47,029 [Datanode State Machine Thread - 0] INFO  impl.RaftServerProxy (RaftServerProxy.java:lambda$start$3(299)) - af93d71e-9597-43d1-a0d9-fd03e0850daa: start RPC server
2019-10-11 04:54:47,070 [Datanode State Machine Thread - 0] INFO  server.GrpcService (GrpcService.java:startImpl(158)) - af93d71e-9597-43d1-a0d9-fd03e0850daa: GrpcService started, listening on 0.0.0.0/0.0.0.0:36925
2019-10-11 04:54:47,070 [Datanode State Machine Thread - 0] INFO  server.GrpcService (GrpcService.java:startImpl(158)) - 85dedb5c-0475-48d6-91a5-f8922a1c9690: GrpcService started, listening on 0.0.0.0/0.0.0.0:34929
2019-10-11 04:54:47,070 [Datanode State Machine Thread - 0] INFO  server.GrpcService (GrpcService.java:startImpl(158)) - b60e1418-2c99-4095-aa33-d35d300fab24: GrpcService started, listening on 0.0.0.0/0.0.0.0:37224
2019-10-11 04:54:47,070 [Datanode State Machine Thread - 0] INFO  server.GrpcService (GrpcService.java:startImpl(158)) - 45dc940c-71f1-4cb7-b25b-a82b712b179d: GrpcService started, listening on 0.0.0.0/0.0.0.0:43469
2019-10-11 04:54:47,072 [Datanode State Machine Thread - 0] INFO  ratis.XceiverServerRatis (XceiverServerRatis.java:start(421)) - XceiverServerRatis b60e1418-2c99-4095-aa33-d35d300fab24 is started using port 37224
2019-10-11 04:54:47,072 [Datanode State Machine Thread - 0] INFO  ratis.XceiverServerRatis (XceiverServerRatis.java:start(421)) - XceiverServerRatis 85dedb5c-0475-48d6-91a5-f8922a1c9690 is started using port 34929
2019-10-11 04:54:47,071 [Datanode State Machine Thread - 0] INFO  ratis.XceiverServerRatis (XceiverServerRatis.java:start(421)) - XceiverServerRatis af93d71e-9597-43d1-a0d9-fd03e0850daa is started using port 36925
2019-10-11 04:54:47,072 [Datanode State Machine Thread - 0] INFO  ratis.XceiverServerRatis (XceiverServerRatis.java:start(421)) - XceiverServerRatis 45dc940c-71f1-4cb7-b25b-a82b712b179d is started using port 43469
2019-10-11 04:54:47,082 [Datanode State Machine Thread - 0] INFO  server.XceiverServerGrpc (XceiverServerGrpc.java:start(149)) - XceiverServerGrpc af93d71e-9597-43d1-a0d9-fd03e0850daa is started using port 38705
2019-10-11 04:54:47,082 [Datanode State Machine Thread - 0] INFO  server.XceiverServerGrpc (XceiverServerGrpc.java:start(149)) - XceiverServerGrpc 85dedb5c-0475-48d6-91a5-f8922a1c9690 is started using port 35495
2019-10-11 04:54:47,082 [Datanode State Machine Thread - 0] INFO  server.XceiverServerGrpc (XceiverServerGrpc.java:start(149)) - XceiverServerGrpc b60e1418-2c99-4095-aa33-d35d300fab24 is started using port 33594
2019-10-11 04:54:47,082 [Datanode State Machine Thread - 0] INFO  server.XceiverServerGrpc (XceiverServerGrpc.java:start(149)) - XceiverServerGrpc 45dc940c-71f1-4cb7-b25b-a82b712b179d is started using port 34024
2019-10-11 04:54:47,119 [Datanode State Machine Thread - 0] INFO  ozoneimpl.OzoneContainer (OzoneContainer.java:start(217)) - Attempting to start container services.
2019-10-11 04:54:47,120 [Datanode State Machine Thread - 0] INFO  ozoneimpl.OzoneContainer (OzoneContainer.java:startContainerScrub(179)) - Background container scanner has been disabled.
2019-10-11 04:54:47,120 [Datanode State Machine Thread - 0] INFO  ratis.XceiverServerRatis (XceiverServerRatis.java:start(411)) - Starting XceiverServerRatis 3c863a86-f0e0-4c2a-8b91-a8d0f68ec9e3 at port 0
2019-10-11 04:54:47,128 [Datanode State Machine Thread - 0] INFO  impl.RaftServerProxy (RaftServerProxy.java:lambda$start$3(299)) - 3c863a86-f0e0-4c2a-8b91-a8d0f68ec9e3: start RPC server
2019-10-11 04:54:47,132 [Datanode State Machine Thread - 0] INFO  server.GrpcService (GrpcService.java:startImpl(158)) - 3c863a86-f0e0-4c2a-8b91-a8d0f68ec9e3: GrpcService started, listening on 0.0.0.0/0.0.0.0:33160
2019-10-11 04:54:47,132 [Datanode State Machine Thread - 0] INFO  ratis.XceiverServerRatis (XceiverServerRatis.java:start(421)) - XceiverServerRatis 3c863a86-f0e0-4c2a-8b91-a8d0f68ec9e3 is started using port 33160
2019-10-11 04:54:47,135 [Datanode State Machine Thread - 0] INFO  server.XceiverServerGrpc (XceiverServerGrpc.java:start(149)) - XceiverServerGrpc 3c863a86-f0e0-4c2a-8b91-a8d0f68ec9e3 is started using port 45234
2019-10-11 04:54:47,196 [Datanode State Machine Thread - 0] INFO  ozoneimpl.OzoneContainer (OzoneContainer.java:start(217)) - Attempting to start container services.
2019-10-11 04:54:47,196 [Datanode State Machine Thread - 0] INFO  ozoneimpl.OzoneContainer (OzoneContainer.java:startContainerScrub(179)) - Background container scanner has been disabled.
2019-10-11 04:54:47,197 [Datanode State Machine Thread - 0] INFO  ratis.XceiverServerRatis (XceiverServerRatis.java:start(411)) - Starting XceiverServerRatis f486f1b0-a775-4c38-857e-a3674efc25f6 at port 0
2019-10-11 04:54:47,203 [Datanode State Machine Thread - 0] INFO  impl.RaftServerProxy (RaftServerProxy.java:lambda$start$3(299)) - f486f1b0-a775-4c38-857e-a3674efc25f6: start RPC server
2019-10-11 04:54:47,207 [Datanode State Machine Thread - 0] INFO  server.GrpcService (GrpcService.java:startImpl(158)) - f486f1b0-a775-4c38-857e-a3674efc25f6: GrpcService started, listening on 0.0.0.0/0.0.0.0:46251
2019-10-11 04:54:47,207 [Datanode State Machine Thread - 0] INFO  ratis.XceiverServerRatis (XceiverServerRatis.java:start(421)) - XceiverServerRatis f486f1b0-a775-4c38-857e-a3674efc25f6 is started using port 46251
2019-10-11 04:54:47,210 [Datanode State Machine Thread - 0] INFO  server.XceiverServerGrpc (XceiverServerGrpc.java:start(149)) - XceiverServerGrpc f486f1b0-a775-4c38-857e-a3674efc25f6 is started using port 36778
2019-10-11 04:54:47,251 [main] INFO  ozone.MiniOzoneClusterImpl (MiniOzoneClusterImpl.java:lambda$waitForClusterToBeReady$0(147)) - Waiting for cluster to be ready. Got 0 of 7 DN Heartbeats.
2019-10-11 04:54:47,267 [Datanode State Machine Thread - 0] INFO  ozoneimpl.OzoneContainer (OzoneContainer.java:start(217)) - Attempting to start container services.
2019-10-11 04:54:47,268 [Datanode State Machine Thread - 0] INFO  ozoneimpl.OzoneContainer (OzoneContainer.java:startContainerScrub(179)) - Background container scanner has been disabled.
2019-10-11 04:54:47,268 [Datanode State Machine Thread - 0] INFO  ratis.XceiverServerRatis (XceiverServerRatis.java:start(411)) - Starting XceiverServerRatis 3452dafe-7a7c-46b8-888b-6c48499d0560 at port 0
2019-10-11 04:54:47,275 [Datanode State Machine Thread - 0] INFO  impl.RaftServerProxy (RaftServerProxy.java:lambda$start$3(299)) - 3452dafe-7a7c-46b8-888b-6c48499d0560: start RPC server
2019-10-11 04:54:47,279 [Datanode State Machine Thread - 0] INFO  server.GrpcService (GrpcService.java:startImpl(158)) - 3452dafe-7a7c-46b8-888b-6c48499d0560: GrpcService started, listening on 0.0.0.0/0.0.0.0:37763
2019-10-11 04:54:47,279 [Datanode State Machine Thread - 0] INFO  ratis.XceiverServerRatis (XceiverServerRatis.java:start(421)) - XceiverServerRatis 3452dafe-7a7c-46b8-888b-6c48499d0560 is started using port 37763
2019-10-11 04:54:47,284 [Datanode State Machine Thread - 0] INFO  server.XceiverServerGrpc (XceiverServerGrpc.java:start(149)) - XceiverServerGrpc 3452dafe-7a7c-46b8-888b-6c48499d0560 is started using port 34372
2019-10-11 04:54:48,251 [main] INFO  ozone.MiniOzoneClusterImpl (MiniOzoneClusterImpl.java:lambda$waitForClusterToBeReady$0(147)) - Waiting for cluster to be ready. Got 0 of 7 DN Heartbeats.
2019-10-11 04:54:48,787 [IPC Server handler 4 on 40430] INFO  net.NetworkTopology (NetworkTopologyImpl.java:add(111)) - Added a new node: /default-rack/85dedb5c-0475-48d6-91a5-f8922a1c9690
2019-10-11 04:54:48,787 [IPC Server handler 4 on 40430] INFO  node.SCMNodeManager (SCMNodeManager.java:register(266)) - Registered Data node : 85dedb5c-0475-48d6-91a5-f8922a1c9690{ip: 192.168.157.200, host: pr-hdds-1569-qjnzd-3726989565, networkLocation: /default-rack, certSerialId: null}
2019-10-11 04:54:48,794 [EventQueue-NodeRegistrationContainerReportForDataNodeSafeModeRule] INFO  safemode.SCMSafeModeManager (DataNodeSafeModeRule.java:process(71)) - SCM in safe mode. 1 DataNodes registered, 1 required.
2019-10-11 04:54:48,794 [EventQueue-NodeRegistrationContainerReportForDataNodeSafeModeRule] INFO  safemode.SCMSafeModeManager (SCMSafeModeManager.java:validateSafeModeExitRules(177)) - ScmSafeModeManager, all rules are successfully validated
2019-10-11 04:54:48,794 [EventQueue-NodeRegistrationContainerReportForDataNodeSafeModeRule] INFO  safemode.SCMSafeModeManager (SCMSafeModeManager.java:exitSafeMode(193)) - SCM exiting safe mode.
2019-10-11 04:54:48,822 [IPC Server handler 6 on 40430] INFO  net.NetworkTopology (NetworkTopologyImpl.java:add(111)) - Added a new node: /default-rack/b60e1418-2c99-4095-aa33-d35d300fab24
2019-10-11 04:54:48,822 [IPC Server handler 6 on 40430] INFO  node.SCMNodeManager (SCMNodeManager.java:register(266)) - Registered Data node : b60e1418-2c99-4095-aa33-d35d300fab24{ip: 192.168.157.200, host: pr-hdds-1569-qjnzd-3726989565, networkLocation: /default-rack, certSerialId: null}
2019-10-11 04:54:48,904 [IPC Server handler 5 on 40430] INFO  net.NetworkTopology (NetworkTopologyImpl.java:add(111)) - Added a new node: /default-rack/45dc940c-71f1-4cb7-b25b-a82b712b179d
2019-10-11 04:54:48,905 [IPC Server handler 5 on 40430] INFO  node.SCMNodeManager (SCMNodeManager.java:register(266)) - Registered Data node : 45dc940c-71f1-4cb7-b25b-a82b712b179d{ip: 192.168.157.200, host: pr-hdds-1569-qjnzd-3726989565, networkLocation: /default-rack, certSerialId: null}
2019-10-11 04:54:49,003 [IPC Server handler 3 on 40430] INFO  net.NetworkTopology (NetworkTopologyImpl.java:add(111)) - Added a new node: /default-rack/af93d71e-9597-43d1-a0d9-fd03e0850daa
2019-10-11 04:54:49,004 [IPC Server handler 3 on 40430] INFO  node.SCMNodeManager (SCMNodeManager.java:register(266)) - Registered Data node : af93d71e-9597-43d1-a0d9-fd03e0850daa{ip: 192.168.157.200, host: pr-hdds-1569-qjnzd-3726989565, networkLocation: /default-rack, certSerialId: null}
2019-10-11 04:54:49,110 [IPC Server handler 1 on 40430] INFO  net.NetworkTopology (NetworkTopologyImpl.java:add(111)) - Added a new node: /default-rack/3c863a86-f0e0-4c2a-8b91-a8d0f68ec9e3
2019-10-11 04:54:49,110 [IPC Server handler 1 on 40430] INFO  node.SCMNodeManager (SCMNodeManager.java:register(266)) - Registered Data node : 3c863a86-f0e0-4c2a-8b91-a8d0f68ec9e3{ip: 192.168.157.200, host: pr-hdds-1569-qjnzd-3726989565, networkLocation: /default-rack, certSerialId: null}
2019-10-11 04:54:49,185 [IPC Server handler 2 on 40430] INFO  net.NetworkTopology (NetworkTopologyImpl.java:add(111)) - Added a new node: /default-rack/f486f1b0-a775-4c38-857e-a3674efc25f6
2019-10-11 04:54:49,185 [IPC Server handler 2 on 40430] INFO  node.SCMNodeManager (SCMNodeManager.java:register(266)) - Registered Data node : f486f1b0-a775-4c38-857e-a3674efc25f6{ip: 192.168.157.200, host: pr-hdds-1569-qjnzd-3726989565, networkLocation: /default-rack, certSerialId: null}
2019-10-11 04:54:49,252 [main] INFO  ozone.MiniOzoneClusterImpl (MiniOzoneClusterImpl.java:lambda$waitForClusterToBeReady$0(147)) - Waiting for cluster to be ready. Got 6 of 7 DN Heartbeats.
2019-10-11 04:54:49,253 [IPC Server handler 4 on 40430] INFO  net.NetworkTopology (NetworkTopologyImpl.java:add(111)) - Added a new node: /default-rack/3452dafe-7a7c-46b8-888b-6c48499d0560
2019-10-11 04:54:49,253 [IPC Server handler 4 on 40430] INFO  node.SCMNodeManager (SCMNodeManager.java:register(266)) - Registered Data node : 3452dafe-7a7c-46b8-888b-6c48499d0560{ip: 192.168.157.200, host: pr-hdds-1569-qjnzd-3726989565, networkLocation: /default-rack, certSerialId: null}
2019-10-11 04:54:49,415 [grpc-default-executor-0] INFO  impl.RaftServerProxy (RaftServerProxy.java:addNew(89)) - 85dedb5c-0475-48d6-91a5-f8922a1c9690: addNew group-717C5F6B8A8C:[85dedb5c-0475-48d6-91a5-f8922a1c9690:192.168.157.200:34929] returns group-717C5F6B8A8C:java.util.concurrent.CompletableFuture@58eff796[Not completed]
2019-10-11 04:54:49,432 [pool-27-thread-1] INFO  impl.RaftServerImpl (RaftServerImpl.java:<init>(95)) - 85dedb5c-0475-48d6-91a5-f8922a1c9690: new RaftServerImpl for group-717C5F6B8A8C:[85dedb5c-0475-48d6-91a5-f8922a1c9690:192.168.157.200:34929] with ContainerStateMachine:uninitialized
2019-10-11 04:54:49,434 [pool-27-thread-1] INFO  server.RaftServerConfigKeys (ConfUtils.java:logGet(43)) - raft.server.rpc.timeout.min = 1s (custom)
2019-10-11 04:54:49,436 [pool-27-thread-1] INFO  server.RaftServerConfigKeys (ConfUtils.java:logGet(43)) - raft.server.rpc.timeout.max = 1200ms (custom)
2019-10-11 04:54:49,436 [pool-27-thread-1] INFO  server.RaftServerConfigKeys (ConfUtils.java:logGet(43)) - raft.server.rpcslowness.timeout = 120s (custom)
2019-10-11 04:54:49,437 [pool-27-thread-1] INFO  server.RaftServerConfigKeys (ConfUtils.java:logGet(43)) - raft.server.sleep.deviation.threshold = 300 (default)
2019-10-11 04:54:49,438 [pool-27-thread-1] INFO  server.RaftServerConfigKeys (ConfUtils.java:logGet(43)) - raft.server.log.appender.install.snapshot.enabled = false (custom)
2019-10-11 04:54:49,449 [pool-27-thread-1] INFO  impl.RaftServerImpl (ServerState.java:<init>(103)) - 85dedb5c-0475-48d6-91a5-f8922a1c9690@group-717C5F6B8A8C: ConfigurationManager, init=-1: [85dedb5c-0475-48d6-91a5-f8922a1c9690:192.168.157.200:34929], old=null, confs=<EMPTY_MAP>
2019-10-11 04:54:49,449 [pool-27-thread-1] INFO  server.RaftServerConfigKeys (ConfUtils.java:logGet(43)) - raft.server.storage.dir = [/workdir/hadoop-ozone/integration-test/target/test-dir/MiniOzoneClusterImpl-44c36d6d-90e1-4198-8449-e8899faa44e9/datanode-0/data/ratis] (custom)
2019-10-11 04:54:49,459 [pool-27-thread-1] INFO  storage.RaftStorageDirectory (RaftStorageDirectory.java:analyzeStorage(246)) - The storage directory /workdir/hadoop-ozone/integration-test/target/test-dir/MiniOzoneClusterImpl-44c36d6d-90e1-4198-8449-e8899faa44e9/datanode-0/data/ratis/58b2c437-eba8-4356-9bdd-717c5f6b8a8c does not exist. Creating ...
2019-10-11 04:54:49,477 [pool-27-thread-1] INFO  storage.RaftStorageDirectory (RaftStorageDirectory.java:tryLock(328)) - Lock on /workdir/hadoop-ozone/integration-test/target/test-dir/MiniOzoneClusterImpl-44c36d6d-90e1-4198-8449-e8899faa44e9/datanode-0/data/ratis/58b2c437-eba8-4356-9bdd-717c5f6b8a8c/in_use.lock acquired by nodename 16587@pr-hdds-1569-qjnzd-3726989565
2019-10-11 04:54:49,493 [pool-27-thread-1] INFO  storage.RaftStorage (RaftStorage.java:format(72)) - Storage directory /workdir/hadoop-ozone/integration-test/target/test-dir/MiniOzoneClusterImpl-44c36d6d-90e1-4198-8449-e8899faa44e9/datanode-0/data/ratis/58b2c437-eba8-4356-9bdd-717c5f6b8a8c has been successfully formatted.
2019-10-11 04:54:49,495 [pool-27-thread-1] INFO  ratis.ContainerStateMachine (ContainerStateMachine.java:loadSnapshot(230)) - group-717C5F6B8A8C: The snapshot info is null. Setting the last applied indexto:(t:0, i:~)
2019-10-11 04:54:49,496 [pool-27-thread-1] INFO  server.RaftServerConfigKeys (ConfUtils.java:logGet(43)) - raft.server.notification.no-leader.timeout = 120s (custom)
2019-10-11 04:54:49,498 [pool-27-thread-1] INFO  server.RaftServerConfigKeys (ConfUtils.java:logGet(43)) - raft.server.log.use.memory = false (default)
2019-10-11 04:54:49,505 [pool-27-thread-1] INFO  server.RaftServerConfigKeys (ConfUtils.java:logGet(43)) - raft.server.log.purge.gap = 1000000 (custom)
2019-10-11 04:54:49,505 [pool-27-thread-1] INFO  server.RaftServerConfigKeys (ConfUtils.java:logGet(43)) - raft.server.log.appender.buffer.byte-limit = 33554432 (custom)
2019-10-11 04:54:49,508 [pool-27-thread-1] INFO  server.RaftServerConfigKeys (ConfUtils.java:logGet(43)) - raft.server.log.segment.size.max = 1048576 (custom)
2019-10-11 04:54:49,513 [pool-27-thread-1] INFO  server.RaftServerConfigKeys (ConfUtils.java:logGet(43)) - raft.server.log.segment.cache.num.max = 2 (custom)
2019-10-11 04:54:49,519 [pool-27-thread-1] INFO  segmented.SegmentedRaftLogWorker (SegmentedRaftLogWorker.java:<init>(172)) - new 85dedb5c-0475-48d6-91a5-f8922a1c9690@group-717C5F6B8A8C-SegmentedRaftLogWorker for RaftStorage:Storage Directory /workdir/hadoop-ozone/integration-test/target/test-dir/MiniOzoneClusterImpl-44c36d6d-90e1-4198-8449-e8899faa44e9/datanode-0/data/ratis/58b2c437-eba8-4356-9bdd-717c5f6b8a8c
2019-10-11 04:54:49,521 [pool-27-thread-1] INFO  impl.MetricsSystemImpl (MetricsSystemImpl.java:init(158)) - ratis metrics system started (again)
2019-10-11 04:54:49,528 [pool-27-thread-1] INFO  metrics.MetricRegistries (MetricRegistriesLoader.java:load(64)) - Loaded MetricRegistries class org.apache.ratis.metrics.impl.MetricRegistriesImpl
2019-10-11 04:54:49,573 [pool-27-thread-1] INFO  server.RaftServerConfigKeys (ConfUtils.java:logGet(43)) - raft.server.log.queue.byte-limit = 2147483647 (custom)
2019-10-11 04:54:49,574 [pool-27-thread-1] INFO  server.RaftServerConfigKeys (ConfUtils.java:logGet(43)) - raft.server.log.queue.element-limit = 1024 (custom)
2019-10-11 04:54:49,578 [pool-27-thread-1] INFO  server.RaftServerConfigKeys (ConfUtils.java:logGet(43)) - raft.server.log.segment.size.max = 1048576 (custom)
2019-10-11 04:54:49,579 [pool-27-thread-1] INFO  server.RaftServerConfigKeys (ConfUtils.java:logGet(43)) - raft.server.log.preallocated.size = 16384 (custom)
2019-10-11 04:54:49,579 [pool-27-thread-1] INFO  server.RaftServerConfigKeys (ConfUtils.java:logGet(43)) - raft.server.log.write.buffer.size = 33554432 (custom)
2019-10-11 04:54:49,580 [pool-27-thread-1] INFO  server.RaftServerConfigKeys (ConfUtils.java:logGet(43)) - raft.server.log.force.sync.num = 128 (default)
2019-10-11 04:54:49,582 [pool-27-thread-1] INFO  server.RaftServerConfigKeys (ConfUtils.java:logGet(43)) - raft.server.log.statemachine.data.sync = true (default)
2019-10-11 04:54:49,582 [pool-27-thread-1] INFO  server.RaftServerConfigKeys (ConfUtils.java:logGet(43)) - raft.server.log.statemachine.data.sync.timeout = 10s (default)
2019-10-11 04:54:49,582 [pool-27-thread-1] INFO  server.RaftServerConfigKeys (ConfUtils.java:logGet(43)) - raft.server.log.statemachine.data.sync.timeout.retry = -1 (default)
2019-10-11 04:54:49,594 [pool-27-thread-1] INFO  server.RaftServerConfigKeys (ConfUtils.java:logGet(43)) - raft.server.log.statemachine.data.caching.enabled = true (custom)
2019-10-11 04:54:49,600 [pool-27-thread-1] INFO  segmented.SegmentedRaftLogWorker (SegmentedRaftLogWorker.java:lambda$new$0(132)) - 85dedb5c-0475-48d6-91a5-f8922a1c9690@group-717C5F6B8A8C-SegmentedRaftLogWorker: flushIndex: setUnconditionally 0 -> -1
2019-10-11 04:54:49,606 [pool-27-thread-1] INFO  server.RaftServerConfigKeys (ConfUtils.java:logGet(43)) - raft.server.snapshot.auto.trigger.enabled = true (custom)
2019-10-11 04:54:49,607 [pool-27-thread-1] INFO  server.RaftServerConfigKeys (ConfUtils.java:logGet(43)) - raft.server.snapshot.auto.trigger.threshold = 10000 (custom)
2019-10-11 04:54:49,607 [pool-27-thread-1] INFO  server.RaftServerConfigKeys (ConfUtils.java:logGet(43)) - raft.server.snapshot.retention.num.files = 5 (custom)
2019-10-11 04:54:49,608 [pool-27-thread-1] INFO  server.RaftServerConfigKeys (ConfUtils.java:logGet(43)) - raft.server.retrycache.expirytime = 600000ms (custom)
2019-10-11 04:54:49,639 [pool-27-thread-1] INFO  impl.RaftServerImpl (RaftServerImpl.java:start(185)) - 85dedb5c-0475-48d6-91a5-f8922a1c9690@group-717C5F6B8A8C: start as a follower, conf=-1: [85dedb5c-0475-48d6-91a5-f8922a1c9690:192.168.157.200:34929], old=null
2019-10-11 04:54:49,640 [pool-27-thread-1] INFO  impl.RaftServerImpl (RaftServerImpl.java:setRole(174)) - 85dedb5c-0475-48d6-91a5-f8922a1c9690@group-717C5F6B8A8C: changes role from      null to FOLLOWER at term 0 for startAsFollower
2019-10-11 04:54:49,641 [pool-27-thread-1] INFO  impl.RoleInfo (RoleInfo.java:updateAndGet(143)) - 85dedb5c-0475-48d6-91a5-f8922a1c9690: start FollowerState
2019-10-11 04:54:49,643 [pool-27-thread-1] INFO  util.JmxRegister (JmxRegister.java:tryRegister(44)) - Successfully registered JMX Bean with object name Ratis:service=RaftServer,group=group-717C5F6B8A8C,id=85dedb5c-0475-48d6-91a5-f8922a1c9690
2019-10-11 04:54:49,711 [RatisPipelineUtilsThread] INFO  pipeline.PipelineStateManager (PipelineStateManager.java:addPipeline(56)) - Created pipeline Pipeline[ Id: 58b2c437-eba8-4356-9bdd-717c5f6b8a8c, Nodes: 85dedb5c-0475-48d6-91a5-f8922a1c9690{ip: 192.168.157.200, host: pr-hdds-1569-qjnzd-3726989565, networkLocation: /default-rack, certSerialId: null}, Type:RATIS, Factor:ONE, State:OPEN]
2019-10-11 04:54:49,749 [grpc-default-executor-0] INFO  impl.RaftServerProxy (RaftServerProxy.java:addNew(89)) - 45dc940c-71f1-4cb7-b25b-a82b712b179d: addNew group-3026DE4B2781:[45dc940c-71f1-4cb7-b25b-a82b712b179d:192.168.157.200:43469] returns group-3026DE4B2781:java.util.concurrent.CompletableFuture@48044023[Not completed]
2019-10-11 04:54:49,799 [pool-47-thread-1] INFO  impl.RaftServerImpl (RaftServerImpl.java:<init>(95)) - 45dc940c-71f1-4cb7-b25b-a82b712b179d: new RaftServerImpl for group-3026DE4B2781:[45dc940c-71f1-4cb7-b25b-a82b712b179d:192.168.157.200:43469] with ContainerStateMachine:uninitialized
2019-10-11 04:54:49,801 [pool-47-thread-1] INFO  server.RaftServerConfigKeys (ConfUtils.java:logGet(43)) - raft.server.rpc.timeout.min = 1s (custom)
2019-10-11 04:54:49,801 [pool-47-thread-1] INFO  server.RaftServerConfigKeys (ConfUtils.java:logGet(43)) - raft.server.rpc.timeout.max = 1200ms (custom)
2019-10-11 04:54:49,801 [pool-47-thread-1] INFO  server.RaftServerConfigKeys (ConfUtils.java:logGet(43)) - raft.server.rpcslowness.timeout = 120s (custom)
2019-10-11 04:54:49,801 [pool-47-thread-1] INFO  server.RaftServerConfigKeys (ConfUtils.java:logGet(43)) - raft.server.sleep.deviation.threshold = 300 (default)
2019-10-11 04:54:49,801 [pool-47-thread-1] INFO  server.RaftServerConfigKeys (ConfUtils.java:logGet(43)) - raft.server.log.appender.install.snapshot.enabled = false (custom)
2019-10-11 04:54:49,802 [pool-47-thread-1] INFO  impl.RaftServerImpl (ServerState.java:<init>(103)) - 45dc940c-71f1-4cb7-b25b-a82b712b179d@group-3026DE4B2781: ConfigurationManager, init=-1: [45dc940c-71f1-4cb7-b25b-a82b712b179d:192.168.157.200:43469], old=null, confs=<EMPTY_MAP>
2019-10-11 04:54:49,802 [pool-47-thread-1] INFO  server.RaftServerConfigKeys (ConfUtils.java:logGet(43)) - raft.server.storage.dir = [/workdir/hadoop-ozone/integration-test/target/test-dir/MiniOzoneClusterImpl-44c36d6d-90e1-4198-8449-e8899faa44e9/datanode-2/data/ratis] (custom)
2019-10-11 04:54:49,803 [pool-47-thread-1] INFO  storage.RaftStorageDirectory (RaftStorageDirectory.java:analyzeStorage(246)) - The storage directory /workdir/hadoop-ozone/integration-test/target/test-dir/MiniOzoneClusterImpl-44c36d6d-90e1-4198-8449-e8899faa44e9/datanode-2/data/ratis/ffba350b-16ce-427f-980e-3026de4b2781 does not exist. Creating ...
2019-10-11 04:54:49,817 [pool-47-thread-1] INFO  storage.RaftStorageDirectory (RaftStorageDirectory.java:tryLock(328)) - Lock on /workdir/hadoop-ozone/integration-test/target/test-dir/MiniOzoneClusterImpl-44c36d6d-90e1-4198-8449-e8899faa44e9/datanode-2/data/ratis/ffba350b-16ce-427f-980e-3026de4b2781/in_use.lock acquired by nodename 16587@pr-hdds-1569-qjnzd-3726989565
2019-10-11 04:54:49,831 [pool-47-thread-1] INFO  storage.RaftStorage (RaftStorage.java:format(72)) - Storage directory /workdir/hadoop-ozone/integration-test/target/test-dir/MiniOzoneClusterImpl-44c36d6d-90e1-4198-8449-e8899faa44e9/datanode-2/data/ratis/ffba350b-16ce-427f-980e-3026de4b2781 has been successfully formatted.
2019-10-11 04:54:49,832 [pool-47-thread-1] INFO  ratis.ContainerStateMachine (ContainerStateMachine.java:loadSnapshot(230)) - group-3026DE4B2781: The snapshot info is null. Setting the last applied indexto:(t:0, i:~)
2019-10-11 04:54:49,833 [pool-47-thread-1] INFO  server.RaftServerConfigKeys (ConfUtils.java:logGet(43)) - raft.server.notification.no-leader.timeout = 120s (custom)
2019-10-11 04:54:49,834 [pool-47-thread-1] INFO  server.RaftServerConfigKeys (ConfUtils.java:logGet(43)) - raft.server.log.use.memory = false (default)
2019-10-11 04:54:49,834 [pool-47-thread-1] INFO  server.RaftServerConfigKeys (ConfUtils.java:logGet(43)) - raft.server.log.purge.gap = 1000000 (custom)
2019-10-11 04:54:49,834 [pool-47-thread-1] INFO  server.RaftServerConfigKeys (ConfUtils.java:logGet(43)) - raft.server.log.appender.buffer.byte-limit = 33554432 (custom)
2019-10-11 04:54:49,834 [pool-47-thread-1] INFO  server.RaftServerConfigKeys (ConfUtils.java:logGet(43)) - raft.server.log.segment.size.max = 1048576 (custom)
2019-10-11 04:54:49,834 [pool-47-thread-1] INFO  server.RaftServerConfigKeys (ConfUtils.java:logGet(43)) - raft.server.log.segment.cache.num.max = 2 (custom)
2019-10-11 04:54:49,835 [pool-47-thread-1] INFO  segmented.SegmentedRaftLogWorker (SegmentedRaftLogWorker.java:<init>(172)) - new 45dc940c-71f1-4cb7-b25b-a82b712b179d@group-3026DE4B2781-SegmentedRaftLogWorker for RaftStorage:Storage Directory /workdir/hadoop-ozone/integration-test/target/test-dir/MiniOzoneClusterImpl-44c36d6d-90e1-4198-8449-e8899faa44e9/datanode-2/data/ratis/ffba350b-16ce-427f-980e-3026de4b2781
2019-10-11 04:54:49,842 [pool-47-thread-1] INFO  server.RaftServerConfigKeys (ConfUtils.java:logGet(43)) - raft.server.log.queue.byte-limit = 2147483647 (custom)
2019-10-11 04:54:49,842 [pool-47-thread-1] INFO  server.RaftServerConfigKeys (ConfUtils.java:logGet(43)) - raft.server.log.queue.element-limit = 1024 (custom)
2019-10-11 04:54:49,842 [pool-47-thread-1] INFO  server.RaftServerConfigKeys (ConfUtils.java:logGet(43)) - raft.server.log.segment.size.max = 1048576 (custom)
2019-10-11 04:54:49,842 [pool-47-thread-1] INFO  server.RaftServerConfigKeys (ConfUtils.java:logGet(43)) - raft.server.log.preallocated.size = 16384 (custom)
2019-10-11 04:54:49,842 [pool-47-thread-1] INFO  server.RaftServerConfigKeys (ConfUtils.java:logGet(43)) - raft.server.log.write.buffer.size = 33554432 (custom)
2019-10-11 04:54:49,843 [pool-47-thread-1] INFO  server.RaftServerConfigKeys (ConfUtils.java:logGet(43)) - raft.server.log.force.sync.num = 128 (default)
2019-10-11 04:54:49,843 [pool-47-thread-1] INFO  server.RaftServerConfigKeys (ConfUtils.java:logGet(43)) - raft.server.log.statemachine.data.sync = true (default)
2019-10-11 04:54:49,843 [pool-47-thread-1] INFO  server.RaftServerConfigKeys (ConfUtils.java:logGet(43)) - raft.server.log.statemachine.data.sync.timeout = 10s (default)
2019-10-11 04:54:49,843 [pool-47-thread-1] INFO  server.RaftServerConfigKeys (ConfUtils.java:logGet(43)) - raft.server.log.statemachine.data.sync.timeout.retry = -1 (default)
2019-10-11 04:54:49,844 [pool-47-thread-1] INFO  server.RaftServerConfigKeys (ConfUtils.java:logGet(43)) - raft.server.log.statemachine.data.caching.enabled = true (custom)
2019-10-11 04:54:49,844 [pool-47-thread-1] INFO  segmented.SegmentedRaftLogWorker (SegmentedRaftLogWorker.java:lambda$new$0(132)) - 45dc940c-71f1-4cb7-b25b-a82b712b179d@group-3026DE4B2781-SegmentedRaftLogWorker: flushIndex: setUnconditionally 0 -> -1
2019-10-11 04:54:49,844 [pool-47-thread-1] INFO  server.RaftServerConfigKeys (ConfUtils.java:logGet(43)) - raft.server.snapshot.auto.trigger.enabled = true (custom)
2019-10-11 04:54:49,845 [pool-47-thread-1] INFO  server.RaftServerConfigKeys (ConfUtils.java:logGet(43)) - raft.server.snapshot.auto.trigger.threshold = 10000 (custom)
2019-10-11 04:54:49,845 [pool-47-thread-1] INFO  server.RaftServerConfigKeys (ConfUtils.java:logGet(43)) - raft.server.snapshot.retention.num.files = 5 (custom)
2019-10-11 04:54:49,845 [pool-47-thread-1] INFO  server.RaftServerConfigKeys (ConfUtils.java:logGet(43)) - raft.server.retrycache.expirytime = 600000ms (custom)
2019-10-11 04:54:49,851 [pool-47-thread-1] INFO  impl.RaftServerImpl (RaftServerImpl.java:start(185)) - 45dc940c-71f1-4cb7-b25b-a82b712b179d@group-3026DE4B2781: start as a follower, conf=-1: [45dc940c-71f1-4cb7-b25b-a82b712b179d:192.168.157.200:43469], old=null
2019-10-11 04:54:49,851 [pool-47-thread-1] INFO  impl.RaftServerImpl (RaftServerImpl.java:setRole(174)) - 45dc940c-71f1-4cb7-b25b-a82b712b179d@group-3026DE4B2781: changes role from      null to FOLLOWER at term 0 for startAsFollower
2019-10-11 04:54:49,852 [pool-47-thread-1] INFO  impl.RoleInfo (RoleInfo.java:updateAndGet(143)) - 45dc940c-71f1-4cb7-b25b-a82b712b179d: start FollowerState
2019-10-11 04:54:49,853 [pool-47-thread-1] INFO  util.JmxRegister (JmxRegister.java:tryRegister(44)) - Successfully registered JMX Bean with object name Ratis:service=RaftServer,group=group-3026DE4B2781,id=45dc940c-71f1-4cb7-b25b-a82b712b179d
2019-10-11 04:54:49,866 [RatisPipelineUtilsThread] INFO  pipeline.PipelineStateManager (PipelineStateManager.java:addPipeline(56)) - Created pipeline Pipeline[ Id: ffba350b-16ce-427f-980e-3026de4b2781, Nodes: 45dc940c-71f1-4cb7-b25b-a82b712b179d{ip: 192.168.157.200, host: pr-hdds-1569-qjnzd-3726989565, networkLocation: /default-rack, certSerialId: null}, Type:RATIS, Factor:ONE, State:OPEN]
2019-10-11 04:54:49,889 [grpc-default-executor-0] INFO  impl.RaftServerProxy (RaftServerProxy.java:addNew(89)) - 3c863a86-f0e0-4c2a-8b91-a8d0f68ec9e3: addNew group-FDABC929E7F0:[3c863a86-f0e0-4c2a-8b91-a8d0f68ec9e3:192.168.157.200:33160] returns group-FDABC929E7F0:java.util.concurrent.CompletableFuture@7e362ca4[Not completed]
2019-10-11 04:54:49,912 [pool-67-thread-1] INFO  impl.RaftServerImpl (RaftServerImpl.java:<init>(95)) - 3c863a86-f0e0-4c2a-8b91-a8d0f68ec9e3: new RaftServerImpl for group-FDABC929E7F0:[3c863a86-f0e0-4c2a-8b91-a8d0f68ec9e3:192.168.157.200:33160] with ContainerStateMachine:uninitialized
2019-10-11 04:54:49,913 [pool-67-thread-1] INFO  server.RaftServerConfigKeys (ConfUtils.java:logGet(43)) - raft.server.rpc.timeout.min = 1s (custom)
2019-10-11 04:54:49,913 [pool-67-thread-1] INFO  server.RaftServerConfigKeys (ConfUtils.java:logGet(43)) - raft.server.rpc.timeout.max = 1200ms (custom)
2019-10-11 04:54:49,913 [pool-67-thread-1] INFO  server.RaftServerConfigKeys (ConfUtils.java:logGet(43)) - raft.server.rpcslowness.timeout = 120s (custom)
2019-10-11 04:54:49,913 [pool-67-thread-1] INFO  server.RaftServerConfigKeys (ConfUtils.java:logGet(43)) - raft.server.sleep.deviation.threshold = 300 (default)
2019-10-11 04:54:49,913 [pool-67-thread-1] INFO  server.RaftServerConfigKeys (ConfUtils.java:logGet(43)) - raft.server.log.appender.install.snapshot.enabled = false (custom)
2019-10-11 04:54:49,913 [pool-67-thread-1] INFO  impl.RaftServerImpl (ServerState.java:<init>(103)) - 3c863a86-f0e0-4c2a-8b91-a8d0f68ec9e3@group-FDABC929E7F0: ConfigurationManager, init=-1: [3c863a86-f0e0-4c2a-8b91-a8d0f68ec9e3:192.168.157.200:33160], old=null, confs=<EMPTY_MAP>
2019-10-11 04:54:49,914 [pool-67-thread-1] INFO  server.RaftServerConfigKeys (ConfUtils.java:logGet(43)) - raft.server.storage.dir = [/workdir/hadoop-ozone/integration-test/target/test-dir/MiniOzoneClusterImpl-44c36d6d-90e1-4198-8449-e8899faa44e9/datanode-4/data/ratis] (custom)
2019-10-11 04:54:49,914 [pool-67-thread-1] INFO  storage.RaftStorageDirectory (RaftStorageDirectory.java:analyzeStorage(246)) - The storage directory /workdir/hadoop-ozone/integration-test/target/test-dir/MiniOzoneClusterImpl-44c36d6d-90e1-4198-8449-e8899faa44e9/datanode-4/data/ratis/000aa72b-6836-443f-96f1-fdabc929e7f0 does not exist. Creating ...
2019-10-11 04:54:49,927 [pool-67-thread-1] INFO  storage.RaftStorageDirectory (RaftStorageDirectory.java:tryLock(328)) - Lock on /workdir/hadoop-ozone/integration-test/target/test-dir/MiniOzoneClusterImpl-44c36d6d-90e1-4198-8449-e8899faa44e9/datanode-4/data/ratis/000aa72b-6836-443f-96f1-fdabc929e7f0/in_use.lock acquired by nodename 16587@pr-hdds-1569-qjnzd-3726989565
2019-10-11 04:54:49,940 [pool-67-thread-1] INFO  storage.RaftStorage (RaftStorage.java:format(72)) - Storage directory /workdir/hadoop-ozone/integration-test/target/test-dir/MiniOzoneClusterImpl-44c36d6d-90e1-4198-8449-e8899faa44e9/datanode-4/data/ratis/000aa72b-6836-443f-96f1-fdabc929e7f0 has been successfully formatted.
2019-10-11 04:54:49,941 [pool-67-thread-1] INFO  ratis.ContainerStateMachine (ContainerStateMachine.java:loadSnapshot(230)) - group-FDABC929E7F0: The snapshot info is null. Setting the last applied indexto:(t:0, i:~)
2019-10-11 04:54:49,941 [pool-67-thread-1] INFO  server.RaftServerConfigKeys (ConfUtils.java:logGet(43)) - raft.server.notification.no-leader.timeout = 120s (custom)
2019-10-11 04:54:49,941 [pool-67-thread-1] INFO  server.RaftServerConfigKeys (ConfUtils.java:logGet(43)) - raft.server.log.use.memory = false (default)
2019-10-11 04:54:49,941 [pool-67-thread-1] INFO  server.RaftServerConfigKeys (ConfUtils.java:logGet(43)) - raft.server.log.purge.gap = 1000000 (custom)
2019-10-11 04:54:49,941 [pool-67-thread-1] INFO  server.RaftServerConfigKeys (ConfUtils.java:logGet(43)) - raft.server.log.appender.buffer.byte-limit = 33554432 (custom)
2019-10-11 04:54:49,941 [pool-67-thread-1] INFO  server.RaftServerConfigKeys (ConfUtils.java:logGet(43)) - raft.server.log.segment.size.max = 1048576 (custom)
2019-10-11 04:54:49,941 [pool-67-thread-1] INFO  server.RaftServerConfigKeys (ConfUtils.java:logGet(43)) - raft.server.log.segment.cache.num.max = 2 (custom)
2019-10-11 04:54:49,942 [pool-67-thread-1] INFO  segmented.SegmentedRaftLogWorker (SegmentedRaftLogWorker.java:<init>(172)) - new 3c863a86-f0e0-4c2a-8b91-a8d0f68ec9e3@group-FDABC929E7F0-SegmentedRaftLogWorker for RaftStorage:Storage Directory /workdir/hadoop-ozone/integration-test/target/test-dir/MiniOzoneClusterImpl-44c36d6d-90e1-4198-8449-e8899faa44e9/datanode-4/data/ratis/000aa72b-6836-443f-96f1-fdabc929e7f0
2019-10-11 04:54:49,985 [pool-67-thread-1] INFO  server.RaftServerConfigKeys (ConfUtils.java:logGet(43)) - raft.server.log.queue.byte-limit = 2147483647 (custom)
2019-10-11 04:54:49,985 [pool-67-thread-1] INFO  server.RaftServerConfigKeys (ConfUtils.java:logGet(43)) - raft.server.log.queue.element-limit = 1024 (custom)
2019-10-11 04:54:49,985 [pool-67-thread-1] INFO  server.RaftServerConfigKeys (ConfUtils.java:logGet(43)) - raft.server.log.segment.size.max = 1048576 (custom)
2019-10-11 04:54:49,985 [pool-67-thread-1] INFO  server.RaftServerConfigKeys (ConfUtils.java:logGet(43)) - raft.server.log.preallocated.size = 16384 (custom)
2019-10-11 04:54:49,986 [pool-67-thread-1] INFO  server.RaftServerConfigKeys (ConfUtils.java:logGet(43)) - raft.server.log.write.buffer.size = 33554432 (custom)
2019-10-11 04:54:49,986 [pool-67-thread-1] INFO  server.RaftServerConfigKeys (ConfUtils.java:logGet(43)) - raft.server.log.force.sync.num = 128 (default)
2019-10-11 04:54:49,986 [pool-67-thread-1] INFO  server.RaftServerConfigKeys (ConfUtils.java:logGet(43)) - raft.server.log.statemachine.data.sync = true (default)
2019-10-11 04:54:49,986 [pool-67-thread-1] INFO  server.RaftServerConfigKeys (ConfUtils.java:logGet(43)) - raft.server.log.statemachine.data.sync.timeout = 10s (default)
2019-10-11 04:54:49,986 [pool-67-thread-1] INFO  server.RaftServerConfigKeys (ConfUtils.java:logGet(43)) - raft.server.log.statemachine.data.sync.timeout.retry = -1 (default)
2019-10-11 04:54:49,986 [pool-67-thread-1] INFO  server.RaftServerConfigKeys (ConfUtils.java:logGet(43)) - raft.server.log.statemachine.data.caching.enabled = true (custom)
2019-10-11 04:54:49,987 [pool-67-thread-1] INFO  segmented.SegmentedRaftLogWorker (SegmentedRaftLogWorker.java:lambda$new$0(132)) - 3c863a86-f0e0-4c2a-8b91-a8d0f68ec9e3@group-FDABC929E7F0-SegmentedRaftLogWorker: flushIndex: setUnconditionally 0 -> -1
2019-10-11 04:54:49,987 [pool-67-thread-1] INFO  server.RaftServerConfigKeys (ConfUtils.java:logGet(43)) - raft.server.snapshot.auto.trigger.enabled = true (custom)
2019-10-11 04:54:49,987 [pool-67-thread-1] INFO  server.RaftServerConfigKeys (ConfUtils.java:logGet(43)) - raft.server.snapshot.auto.trigger.threshold = 10000 (custom)
2019-10-11 04:54:49,987 [pool-67-thread-1] INFO  server.RaftServerConfigKeys (ConfUtils.java:logGet(43)) - raft.server.snapshot.retention.num.files = 5 (custom)
2019-10-11 04:54:49,988 [pool-67-thread-1] INFO  server.RaftServerConfigKeys (ConfUtils.java:logGet(43)) - raft.server.retrycache.expirytime = 600000ms (custom)
2019-10-11 04:54:49,992 [pool-67-thread-1] INFO  impl.RaftServerImpl (RaftServerImpl.java:start(185)) - 3c863a86-f0e0-4c2a-8b91-a8d0f68ec9e3@group-FDABC929E7F0: start as a follower, conf=-1: [3c863a86-f0e0-4c2a-8b91-a8d0f68ec9e3:192.168.157.200:33160], old=null
2019-10-11 04:54:49,992 [pool-67-thread-1] INFO  impl.RaftServerImpl (RaftServerImpl.java:setRole(174)) - 3c863a86-f0e0-4c2a-8b91-a8d0f68ec9e3@group-FDABC929E7F0: changes role from      null to FOLLOWER at term 0 for startAsFollower
2019-10-11 04:54:49,992 [pool-67-thread-1] INFO  impl.RoleInfo (RoleInfo.java:updateAndGet(143)) - 3c863a86-f0e0-4c2a-8b91-a8d0f68ec9e3: start FollowerState
2019-10-11 04:54:49,993 [pool-67-thread-1] INFO  util.JmxRegister (JmxRegister.java:tryRegister(44)) - Successfully registered JMX Bean with object name Ratis:service=RaftServer,group=group-FDABC929E7F0,id=3c863a86-f0e0-4c2a-8b91-a8d0f68ec9e3
2019-10-11 04:54:50,005 [RatisPipelineUtilsThread] INFO  pipeline.PipelineStateManager (PipelineStateManager.java:addPipeline(56)) - Created pipeline Pipeline[ Id: 000aa72b-6836-443f-96f1-fdabc929e7f0, Nodes: 3c863a86-f0e0-4c2a-8b91-a8d0f68ec9e3{ip: 192.168.157.200, host: pr-hdds-1569-qjnzd-3726989565, networkLocation: /default-rack, certSerialId: null}, Type:RATIS, Factor:ONE, State:OPEN]
2019-10-11 04:54:50,026 [grpc-default-executor-0] INFO  impl.RaftServerProxy (RaftServerProxy.java:addNew(89)) - 3452dafe-7a7c-46b8-888b-6c48499d0560: addNew group-7E73339880E2:[3452dafe-7a7c-46b8-888b-6c48499d0560:192.168.157.200:37763] returns group-7E73339880E2:java.util.concurrent.CompletableFuture@2cdcdf48[Not completed]
2019-10-11 04:54:50,030 [pool-87-thread-1] INFO  impl.RaftServerImpl (RaftServerImpl.java:<init>(95)) - 3452dafe-7a7c-46b8-888b-6c48499d0560: new RaftServerImpl for group-7E73339880E2:[3452dafe-7a7c-46b8-888b-6c48499d0560:192.168.157.200:37763] with ContainerStateMachine:uninitialized
2019-10-11 04:54:50,031 [pool-87-thread-1] INFO  server.RaftServerConfigKeys (ConfUtils.java:logGet(43)) - raft.server.rpc.timeout.min = 1s (custom)
2019-10-11 04:54:50,031 [pool-87-thread-1] INFO  server.RaftServerConfigKeys (ConfUtils.java:logGet(43)) - raft.server.rpc.timeout.max = 1200ms (custom)
2019-10-11 04:54:50,031 [pool-87-thread-1] INFO  server.RaftServerConfigKeys (ConfUtils.java:logGet(43)) - raft.server.rpcslowness.timeout = 120s (custom)
2019-10-11 04:54:50,031 [pool-87-thread-1] INFO  server.RaftServerConfigKeys (ConfUtils.java:logGet(43)) - raft.server.sleep.deviation.threshold = 300 (default)
2019-10-11 04:54:50,031 [pool-87-thread-1] INFO  server.RaftServerConfigKeys (ConfUtils.java:logGet(43)) - raft.server.log.appender.install.snapshot.enabled = false (custom)
2019-10-11 04:54:50,032 [pool-87-thread-1] INFO  impl.RaftServerImpl (ServerState.java:<init>(103)) - 3452dafe-7a7c-46b8-888b-6c48499d0560@group-7E73339880E2: ConfigurationManager, init=-1: [3452dafe-7a7c-46b8-888b-6c48499d0560:192.168.157.200:37763], old=null, confs=<EMPTY_MAP>
2019-10-11 04:54:50,032 [pool-87-thread-1] INFO  server.RaftServerConfigKeys (ConfUtils.java:logGet(43)) - raft.server.storage.dir = [/workdir/hadoop-ozone/integration-test/target/test-dir/MiniOzoneClusterImpl-44c36d6d-90e1-4198-8449-e8899faa44e9/datanode-6/data/ratis] (custom)
2019-10-11 04:54:50,032 [pool-87-thread-1] INFO  storage.RaftStorageDirectory (RaftStorageDirectory.java:analyzeStorage(246)) - The storage directory /workdir/hadoop-ozone/integration-test/target/test-dir/MiniOzoneClusterImpl-44c36d6d-90e1-4198-8449-e8899faa44e9/datanode-6/data/ratis/a35a0334-e824-45b0-b009-7e73339880e2 does not exist. Creating ...
2019-10-11 04:54:50,046 [pool-87-thread-1] INFO  storage.RaftStorageDirectory (RaftStorageDirectory.java:tryLock(328)) - Lock on /workdir/hadoop-ozone/integration-test/target/test-dir/MiniOzoneClusterImpl-44c36d6d-90e1-4198-8449-e8899faa44e9/datanode-6/data/ratis/a35a0334-e824-45b0-b009-7e73339880e2/in_use.lock acquired by nodename 16587@pr-hdds-1569-qjnzd-3726989565
2019-10-11 04:54:50,059 [pool-87-thread-1] INFO  storage.RaftStorage (RaftStorage.java:format(72)) - Storage directory /workdir/hadoop-ozone/integration-test/target/test-dir/MiniOzoneClusterImpl-44c36d6d-90e1-4198-8449-e8899faa44e9/datanode-6/data/ratis/a35a0334-e824-45b0-b009-7e73339880e2 has been successfully formatted.
2019-10-11 04:54:50,059 [pool-87-thread-1] INFO  ratis.ContainerStateMachine (ContainerStateMachine.java:loadSnapshot(230)) - group-7E73339880E2: The snapshot info is null. Setting the last applied indexto:(t:0, i:~)
2019-10-11 04:54:50,059 [pool-87-thread-1] INFO  server.RaftServerConfigKeys (ConfUtils.java:logGet(43)) - raft.server.notification.no-leader.timeout = 120s (custom)
2019-10-11 04:54:50,060 [pool-87-thread-1] INFO  server.RaftServerConfigKeys (ConfUtils.java:logGet(43)) - raft.server.log.use.memory = false (default)
2019-10-11 04:54:50,060 [pool-87-thread-1] INFO  server.RaftServerConfigKeys (ConfUtils.java:logGet(43)) - raft.server.log.purge.gap = 1000000 (custom)
2019-10-11 04:54:50,060 [pool-87-thread-1] INFO  server.RaftServerConfigKeys (ConfUtils.java:logGet(43)) - raft.server.log.appender.buffer.byte-limit = 33554432 (custom)
2019-10-11 04:54:50,060 [pool-87-thread-1] INFO  server.RaftServerConfigKeys (ConfUtils.java:logGet(43)) - raft.server.log.segment.size.max = 1048576 (custom)
2019-10-11 04:54:50,060 [pool-87-thread-1] INFO  server.RaftServerConfigKeys (ConfUtils.java:logGet(43)) - raft.server.log.segment.cache.num.max = 2 (custom)
2019-10-11 04:54:50,060 [pool-87-thread-1] INFO  segmented.SegmentedRaftLogWorker (SegmentedRaftLogWorker.java:<init>(172)) - new 3452dafe-7a7c-46b8-888b-6c48499d0560@group-7E73339880E2-SegmentedRaftLogWorker for RaftStorage:Storage Directory /workdir/hadoop-ozone/integration-test/target/test-dir/MiniOzoneClusterImpl-44c36d6d-90e1-4198-8449-e8899faa44e9/datanode-6/data/ratis/a35a0334-e824-45b0-b009-7e73339880e2
2019-10-11 04:54:50,065 [pool-87-thread-1] INFO  server.RaftServerConfigKeys (ConfUtils.java:logGet(43)) - raft.server.log.queue.byte-limit = 2147483647 (custom)
2019-10-11 04:54:50,066 [pool-87-thread-1] INFO  server.RaftServerConfigKeys (ConfUtils.java:logGet(43)) - raft.server.log.queue.element-limit = 1024 (custom)
2019-10-11 04:54:50,066 [pool-87-thread-1] INFO  server.RaftServerConfigKeys (ConfUtils.java:logGet(43)) - raft.server.log.segment.size.max = 1048576 (custom)
2019-10-11 04:54:50,066 [pool-87-thread-1] INFO  server.RaftServerConfigKeys (ConfUtils.java:logGet(43)) - raft.server.log.preallocated.size = 16384 (custom)
2019-10-11 04:54:50,066 [pool-87-thread-1] INFO  server.RaftServerConfigKeys (ConfUtils.java:logGet(43)) - raft.server.log.write.buffer.size = 33554432 (custom)
2019-10-11 04:54:50,066 [pool-87-thread-1] INFO  server.RaftServerConfigKeys (ConfUtils.java:logGet(43)) - raft.server.log.force.sync.num = 128 (default)
2019-10-11 04:54:50,067 [pool-87-thread-1] INFO  server.RaftServerConfigKeys (ConfUtils.java:logGet(43)) - raft.server.log.statemachine.data.sync = true (default)
2019-10-11 04:54:50,067 [pool-87-thread-1] INFO  server.RaftServerConfigKeys (ConfUtils.java:logGet(43)) - raft.server.log.statemachine.data.sync.timeout = 10s (default)
2019-10-11 04:54:50,067 [pool-87-thread-1] INFO  server.RaftServerConfigKeys (ConfUtils.java:logGet(43)) - raft.server.log.statemachine.data.sync.timeout.retry = -1 (default)
2019-10-11 04:54:50,067 [pool-87-thread-1] INFO  server.RaftServerConfigKeys (ConfUtils.java:logGet(43)) - raft.server.log.statemachine.data.caching.enabled = true (custom)
2019-10-11 04:54:50,068 [pool-87-thread-1] INFO  segmented.SegmentedRaftLogWorker (SegmentedRaftLogWorker.java:lambda$new$0(132)) - 3452dafe-7a7c-46b8-888b-6c48499d0560@group-7E73339880E2-SegmentedRaftLogWorker: flushIndex: setUnconditionally 0 -> -1
2019-10-11 04:54:50,068 [pool-87-thread-1] INFO  server.RaftServerConfigKeys (ConfUtils.java:logGet(43)) - raft.server.snapshot.auto.trigger.enabled = true (custom)
2019-10-11 04:54:50,068 [pool-87-thread-1] INFO  server.RaftServerConfigKeys (ConfUtils.java:logGet(43)) - raft.server.snapshot.auto.trigger.threshold = 10000 (custom)
2019-10-11 04:54:50,068 [pool-87-thread-1] INFO  server.RaftServerConfigKeys (ConfUtils.java:logGet(43)) - raft.server.snapshot.retention.num.files = 5 (custom)
2019-10-11 04:54:50,068 [pool-87-thread-1] INFO  server.RaftServerConfigKeys (ConfUtils.java:logGet(43)) - raft.server.retrycache.expirytime = 600000ms (custom)
2019-10-11 04:54:50,074 [pool-87-thread-1] INFO  impl.RaftServerImpl (RaftServerImpl.java:start(185)) - 3452dafe-7a7c-46b8-888b-6c48499d0560@group-7E73339880E2: start as a follower, conf=-1: [3452dafe-7a7c-46b8-888b-6c48499d0560:192.168.157.200:37763], old=null
2019-10-11 04:54:50,074 [pool-87-thread-1] INFO  impl.RaftServerImpl (RaftServerImpl.java:setRole(174)) - 3452dafe-7a7c-46b8-888b-6c48499d0560@group-7E73339880E2: changes role from      null to FOLLOWER at term 0 for startAsFollower
2019-10-11 04:54:50,074 [pool-87-thread-1] INFO  impl.RoleInfo (RoleInfo.java:updateAndGet(143)) - 3452dafe-7a7c-46b8-888b-6c48499d0560: start FollowerState
2019-10-11 04:54:50,074 [pool-87-thread-1] INFO  util.JmxRegister (JmxRegister.java:tryRegister(44)) - Successfully registered JMX Bean with object name Ratis:service=RaftServer,group=group-7E73339880E2,id=3452dafe-7a7c-46b8-888b-6c48499d0560
2019-10-11 04:54:50,085 [RatisPipelineUtilsThread] INFO  pipeline.PipelineStateManager (PipelineStateManager.java:addPipeline(56)) - Created pipeline Pipeline[ Id: a35a0334-e824-45b0-b009-7e73339880e2, Nodes: 3452dafe-7a7c-46b8-888b-6c48499d0560{ip: 192.168.157.200, host: pr-hdds-1569-qjnzd-3726989565, networkLocation: /default-rack, certSerialId: null}, Type:RATIS, Factor:ONE, State:OPEN]
2019-10-11 04:54:50,105 [grpc-default-executor-0] INFO  impl.RaftServerProxy (RaftServerProxy.java:addNew(89)) - f486f1b0-a775-4c38-857e-a3674efc25f6: addNew group-3C4CC12137DD:[f486f1b0-a775-4c38-857e-a3674efc25f6:192.168.157.200:46251] returns group-3C4CC12137DD:java.util.concurrent.CompletableFuture@239db559[Not completed]
2019-10-11 04:54:50,110 [pool-77-thread-1] INFO  impl.RaftServerImpl (RaftServerImpl.java:<init>(95)) - f486f1b0-a775-4c38-857e-a3674efc25f6: new RaftServerImpl for group-3C4CC12137DD:[f486f1b0-a775-4c38-857e-a3674efc25f6:192.168.157.200:46251] with ContainerStateMachine:uninitialized
2019-10-11 04:54:50,110 [pool-77-thread-1] INFO  server.RaftServerConfigKeys (ConfUtils.java:logGet(43)) - raft.server.rpc.timeout.min = 1s (custom)
2019-10-11 04:54:50,110 [pool-77-thread-1] INFO  server.RaftServerConfigKeys (ConfUtils.java:logGet(43)) - raft.server.rpc.timeout.max = 1200ms (custom)
2019-10-11 04:54:50,111 [pool-77-thread-1] INFO  server.RaftServerConfigKeys (ConfUtils.java:logGet(43)) - raft.server.rpcslowness.timeout = 120s (custom)
2019-10-11 04:54:50,111 [pool-77-thread-1] INFO  server.RaftServerConfigKeys (ConfUtils.java:logGet(43)) - raft.server.sleep.deviation.threshold = 300 (default)
2019-10-11 04:54:50,111 [pool-77-thread-1] INFO  server.RaftServerConfigKeys (ConfUtils.java:logGet(43)) - raft.server.log.appender.install.snapshot.enabled = false (custom)
2019-10-11 04:54:50,111 [pool-77-thread-1] INFO  impl.RaftServerImpl (ServerState.java:<init>(103)) - f486f1b0-a775-4c38-857e-a3674efc25f6@group-3C4CC12137DD: ConfigurationManager, init=-1: [f486f1b0-a775-4c38-857e-a3674efc25f6:192.168.157.200:46251], old=null, confs=<EMPTY_MAP>
2019-10-11 04:54:50,111 [pool-77-thread-1] INFO  server.RaftServerConfigKeys (ConfUtils.java:logGet(43)) - raft.server.storage.dir = [/workdir/hadoop-ozone/integration-test/target/test-dir/MiniOzoneClusterImpl-44c36d6d-90e1-4198-8449-e8899faa44e9/datanode-5/data/ratis] (custom)
2019-10-11 04:54:50,112 [pool-77-thread-1] INFO  storage.RaftStorageDirectory (RaftStorageDirectory.java:analyzeStorage(246)) - The storage directory /workdir/hadoop-ozone/integration-test/target/test-dir/MiniOzoneClusterImpl-44c36d6d-90e1-4198-8449-e8899faa44e9/datanode-5/data/ratis/32062a8f-abc1-462e-aa82-3c4cc12137dd does not exist. Creating ...
2019-10-11 04:54:50,123 [pool-77-thread-1] INFO  storage.RaftStorageDirectory (RaftStorageDirectory.java:tryLock(328)) - Lock on /workdir/hadoop-ozone/integration-test/target/test-dir/MiniOzoneClusterImpl-44c36d6d-90e1-4198-8449-e8899faa44e9/datanode-5/data/ratis/32062a8f-abc1-462e-aa82-3c4cc12137dd/in_use.lock acquired by nodename 16587@pr-hdds-1569-qjnzd-3726989565
2019-10-11 04:54:50,137 [pool-77-thread-1] INFO  storage.RaftStorage (RaftStorage.java:format(72)) - Storage directory /workdir/hadoop-ozone/integration-test/target/test-dir/MiniOzoneClusterImpl-44c36d6d-90e1-4198-8449-e8899faa44e9/datanode-5/data/ratis/32062a8f-abc1-462e-aa82-3c4cc12137dd has been successfully formatted.
2019-10-11 04:54:50,137 [pool-77-thread-1] INFO  ratis.ContainerStateMachine (ContainerStateMachine.java:loadSnapshot(230)) - group-3C4CC12137DD: The snapshot info is null. Setting the last applied indexto:(t:0, i:~)
2019-10-11 04:54:50,137 [pool-77-thread-1] INFO  server.RaftServerConfigKeys (ConfUtils.java:logGet(43)) - raft.server.notification.no-leader.timeout = 120s (custom)
2019-10-11 04:54:50,137 [pool-77-thread-1] INFO  server.RaftServerConfigKeys (ConfUtils.java:logGet(43)) - raft.server.log.use.memory = false (default)
2019-10-11 04:54:50,138 [pool-77-thread-1] INFO  server.RaftServerConfigKeys (ConfUtils.java:logGet(43)) - raft.server.log.purge.gap = 1000000 (custom)
2019-10-11 04:54:50,138 [pool-77-thread-1] INFO  server.RaftServerConfigKeys (ConfUtils.java:logGet(43)) - raft.server.log.appender.buffer.byte-limit = 33554432 (custom)
2019-10-11 04:54:50,138 [pool-77-thread-1] INFO  server.RaftServerConfigKeys (ConfUtils.java:logGet(43)) - raft.server.log.segment.size.max = 1048576 (custom)
2019-10-11 04:54:50,138 [pool-77-thread-1] INFO  server.RaftServerConfigKeys (ConfUtils.java:logGet(43)) - raft.server.log.segment.cache.num.max = 2 (custom)
2019-10-11 04:54:50,138 [pool-77-thread-1] INFO  segmented.SegmentedRaftLogWorker (SegmentedRaftLogWorker.java:<init>(172)) - new f486f1b0-a775-4c38-857e-a3674efc25f6@group-3C4CC12137DD-SegmentedRaftLogWorker for RaftStorage:Storage Directory /workdir/hadoop-ozone/integration-test/target/test-dir/MiniOzoneClusterImpl-44c36d6d-90e1-4198-8449-e8899faa44e9/datanode-5/data/ratis/32062a8f-abc1-462e-aa82-3c4cc12137dd
2019-10-11 04:54:50,144 [pool-77-thread-1] INFO  server.RaftServerConfigKeys (ConfUtils.java:logGet(43)) - raft.server.log.queue.byte-limit = 2147483647 (custom)
2019-10-11 04:54:50,144 [pool-77-thread-1] INFO  server.RaftServerConfigKeys (ConfUtils.java:logGet(43)) - raft.server.log.queue.element-limit = 1024 (custom)
2019-10-11 04:54:50,145 [pool-77-thread-1] INFO  server.RaftServerConfigKeys (ConfUtils.java:logGet(43)) - raft.server.log.segment.size.max = 1048576 (custom)
2019-10-11 04:54:50,145 [pool-77-thread-1] INFO  server.RaftServerConfigKeys (ConfUtils.java:logGet(43)) - raft.server.log.preallocated.size = 16384 (custom)
2019-10-11 04:54:50,145 [pool-77-thread-1] INFO  server.RaftServerConfigKeys (ConfUtils.java:logGet(43)) - raft.server.log.write.buffer.size = 33554432 (custom)
2019-10-11 04:54:50,145 [pool-77-thread-1] INFO  server.RaftServerConfigKeys (ConfUtils.java:logGet(43)) - raft.server.log.force.sync.num = 128 (default)
2019-10-11 04:54:50,145 [pool-77-thread-1] INFO  server.RaftServerConfigKeys (ConfUtils.java:logGet(43)) - raft.server.log.statemachine.data.sync = true (default)
2019-10-11 04:54:50,146 [pool-77-thread-1] INFO  server.RaftServerConfigKeys (ConfUtils.java:logGet(43)) - raft.server.log.statemachine.data.sync.timeout = 10s (default)
2019-10-11 04:54:50,146 [pool-77-thread-1] INFO  server.RaftServerConfigKeys (ConfUtils.java:logGet(43)) - raft.server.log.statemachine.data.sync.timeout.retry = -1 (default)
2019-10-11 04:54:50,146 [pool-77-thread-1] INFO  server.RaftServerConfigKeys (ConfUtils.java:logGet(43)) - raft.server.log.statemachine.data.caching.enabled = true (custom)
2019-10-11 04:54:50,147 [pool-77-thread-1] INFO  segmented.SegmentedRaftLogWorker (SegmentedRaftLogWorker.java:lambda$new$0(132)) - f486f1b0-a775-4c38-857e-a3674efc25f6@group-3C4CC12137DD-SegmentedRaftLogWorker: flushIndex: setUnconditionally 0 -> -1
2019-10-11 04:54:50,147 [pool-77-thread-1] INFO  server.RaftServerConfigKeys (ConfUtils.java:logGet(43)) - raft.server.snapshot.auto.trigger.enabled = true (custom)
2019-10-11 04:54:50,147 [pool-77-thread-1] INFO  server.RaftServerConfigKeys (ConfUtils.java:logGet(43)) - raft.server.snapshot.auto.trigger.threshold = 10000 (custom)
2019-10-11 04:54:50,147 [pool-77-thread-1] INFO  server.RaftServerConfigKeys (ConfUtils.java:logGet(43)) - raft.server.snapshot.retention.num.files = 5 (custom)
2019-10-11 04:54:50,148 [pool-77-thread-1] INFO  server.RaftServerConfigKeys (ConfUtils.java:logGet(43)) - raft.server.retrycache.expirytime = 600000ms (custom)
2019-10-11 04:54:50,152 [pool-77-thread-1] INFO  impl.RaftServerImpl (RaftServerImpl.java:start(185)) - f486f1b0-a775-4c38-857e-a3674efc25f6@group-3C4CC12137DD: start as a follower, conf=-1: [f486f1b0-a775-4c38-857e-a3674efc25f6:192.168.157.200:46251], old=null
2019-10-11 04:54:50,153 [pool-77-thread-1] INFO  impl.RaftServerImpl (RaftServerImpl.java:setRole(174)) - f486f1b0-a775-4c38-857e-a3674efc25f6@group-3C4CC12137DD: changes role from      null to FOLLOWER at term 0 for startAsFollower
2019-10-11 04:54:50,153 [pool-77-thread-1] INFO  impl.RoleInfo (RoleInfo.java:updateAndGet(143)) - f486f1b0-a775-4c38-857e-a3674efc25f6: start FollowerState
2019-10-11 04:54:50,153 [pool-77-thread-1] INFO  util.JmxRegister (JmxRegister.java:tryRegister(44)) - Successfully registered JMX Bean with object name Ratis:service=RaftServer,group=group-3C4CC12137DD,id=f486f1b0-a775-4c38-857e-a3674efc25f6
2019-10-11 04:54:50,165 [RatisPipelineUtilsThread] INFO  pipeline.PipelineStateManager (PipelineStateManager.java:addPipeline(56)) - Created pipeline Pipeline[ Id: 32062a8f-abc1-462e-aa82-3c4cc12137dd, Nodes: f486f1b0-a775-4c38-857e-a3674efc25f6{ip: 192.168.157.200, host: pr-hdds-1569-qjnzd-3726989565, networkLocation: /default-rack, certSerialId: null}, Type:RATIS, Factor:ONE, State:OPEN]
2019-10-11 04:54:50,187 [grpc-default-executor-0] INFO  impl.RaftServerProxy (RaftServerProxy.java:addNew(89)) - af93d71e-9597-43d1-a0d9-fd03e0850daa: addNew group-B3DFEA6DC537:[af93d71e-9597-43d1-a0d9-fd03e0850daa:192.168.157.200:36925] returns group-B3DFEA6DC537:java.util.concurrent.CompletableFuture@676c7e0[Not completed]
2019-10-11 04:54:50,192 [pool-57-thread-1] INFO  impl.RaftServerImpl (RaftServerImpl.java:<init>(95)) - af93d71e-9597-43d1-a0d9-fd03e0850daa: new RaftServerImpl for group-B3DFEA6DC537:[af93d71e-9597-43d1-a0d9-fd03e0850daa:192.168.157.200:36925] with ContainerStateMachine:uninitialized
2019-10-11 04:54:50,192 [pool-57-thread-1] INFO  server.RaftServerConfigKeys (ConfUtils.java:logGet(43)) - raft.server.rpc.timeout.min = 1s (custom)
2019-10-11 04:54:50,192 [pool-57-thread-1] INFO  server.RaftServerConfigKeys (ConfUtils.java:logGet(43)) - raft.server.rpc.timeout.max = 1200ms (custom)
2019-10-11 04:54:50,192 [pool-57-thread-1] INFO  server.RaftServerConfigKeys (ConfUtils.java:logGet(43)) - raft.server.rpcslowness.timeout = 120s (custom)
2019-10-11 04:54:50,192 [pool-57-thread-1] INFO  server.RaftServerConfigKeys (ConfUtils.java:logGet(43)) - raft.server.sleep.deviation.threshold = 300 (default)
2019-10-11 04:54:50,193 [pool-57-thread-1] INFO  server.RaftServerConfigKeys (ConfUtils.java:logGet(43)) - raft.server.log.appender.install.snapshot.enabled = false (custom)
2019-10-11 04:54:50,193 [pool-57-thread-1] INFO  impl.RaftServerImpl (ServerState.java:<init>(103)) - af93d71e-9597-43d1-a0d9-fd03e0850daa@group-B3DFEA6DC537: ConfigurationManager, init=-1: [af93d71e-9597-43d1-a0d9-fd03e0850daa:192.168.157.200:36925], old=null, confs=<EMPTY_MAP>
2019-10-11 04:54:50,193 [pool-57-thread-1] INFO  server.RaftServerConfigKeys (ConfUtils.java:logGet(43)) - raft.server.storage.dir = [/workdir/hadoop-ozone/integration-test/target/test-dir/MiniOzoneClusterImpl-44c36d6d-90e1-4198-8449-e8899faa44e9/datanode-3/data/ratis] (custom)
2019-10-11 04:54:50,194 [pool-57-thread-1] INFO  storage.RaftStorageDirectory (RaftStorageDirectory.java:analyzeStorage(246)) - The storage directory /workdir/hadoop-ozone/integration-test/target/test-dir/MiniOzoneClusterImpl-44c36d6d-90e1-4198-8449-e8899faa44e9/datanode-3/data/ratis/e48a6298-ae8e-44af-a287-b3dfea6dc537 does not exist. Creating ...
2019-10-11 04:54:50,207 [pool-57-thread-1] INFO  storage.RaftStorageDirectory (RaftStorageDirectory.java:tryLock(328)) - Lock on /workdir/hadoop-ozone/integration-test/target/test-dir/MiniOzoneClusterImpl-44c36d6d-90e1-4198-8449-e8899faa44e9/datanode-3/data/ratis/e48a6298-ae8e-44af-a287-b3dfea6dc537/in_use.lock acquired by nodename 16587@pr-hdds-1569-qjnzd-3726989565
2019-10-11 04:54:50,220 [pool-57-thread-1] INFO  storage.RaftStorage (RaftStorage.java:format(72)) - Storage directory /workdir/hadoop-ozone/integration-test/target/test-dir/MiniOzoneClusterImpl-44c36d6d-90e1-4198-8449-e8899faa44e9/datanode-3/data/ratis/e48a6298-ae8e-44af-a287-b3dfea6dc537 has been successfully formatted.
2019-10-11 04:54:50,221 [pool-57-thread-1] INFO  ratis.ContainerStateMachine (ContainerStateMachine.java:loadSnapshot(230)) - group-B3DFEA6DC537: The snapshot info is null. Setting the last applied indexto:(t:0, i:~)
2019-10-11 04:54:50,221 [pool-57-thread-1] INFO  server.RaftServerConfigKeys (ConfUtils.java:logGet(43)) - raft.server.notification.no-leader.timeout = 120s (custom)
2019-10-11 04:54:50,221 [pool-57-thread-1] INFO  server.RaftServerConfigKeys (ConfUtils.java:logGet(43)) - raft.server.log.use.memory = false (default)
2019-10-11 04:54:50,221 [pool-57-thread-1] INFO  server.RaftServerConfigKeys (ConfUtils.java:logGet(43)) - raft.server.log.purge.gap = 1000000 (custom)
2019-10-11 04:54:50,221 [pool-57-thread-1] INFO  server.RaftServerConfigKeys (ConfUtils.java:logGet(43)) - raft.server.log.appender.buffer.byte-limit = 33554432 (custom)
2019-10-11 04:54:50,222 [pool-57-thread-1] INFO  server.RaftServerConfigKeys (ConfUtils.java:logGet(43)) - raft.server.log.segment.size.max = 1048576 (custom)
2019-10-11 04:54:50,222 [pool-57-thread-1] INFO  server.RaftServerConfigKeys (ConfUtils.java:logGet(43)) - raft.server.log.segment.cache.num.max = 2 (custom)
2019-10-11 04:54:50,222 [pool-57-thread-1] INFO  segmented.SegmentedRaftLogWorker (SegmentedRaftLogWorker.java:<init>(172)) - new af93d71e-9597-43d1-a0d9-fd03e0850daa@group-B3DFEA6DC537-SegmentedRaftLogWorker for RaftStorage:Storage Directory /workdir/hadoop-ozone/integration-test/target/test-dir/MiniOzoneClusterImpl-44c36d6d-90e1-4198-8449-e8899faa44e9/datanode-3/data/ratis/e48a6298-ae8e-44af-a287-b3dfea6dc537
2019-10-11 04:54:50,226 [pool-57-thread-1] INFO  server.RaftServerConfigKeys (ConfUtils.java:logGet(43)) - raft.server.log.queue.byte-limit = 2147483647 (custom)
2019-10-11 04:54:50,226 [pool-57-thread-1] INFO  server.RaftServerConfigKeys (ConfUtils.java:logGet(43)) - raft.server.log.queue.element-limit = 1024 (custom)
2019-10-11 04:54:50,226 [pool-57-thread-1] INFO  server.RaftServerConfigKeys (ConfUtils.java:logGet(43)) - raft.server.log.segment.size.max = 1048576 (custom)
2019-10-11 04:54:50,226 [pool-57-thread-1] INFO  server.RaftServerConfigKeys (ConfUtils.java:logGet(43)) - raft.server.log.preallocated.size = 16384 (custom)
2019-10-11 04:54:50,227 [pool-57-thread-1] INFO  server.RaftServerConfigKeys (ConfUtils.java:logGet(43)) - raft.server.log.write.buffer.size = 33554432 (custom)
2019-10-11 04:54:50,227 [pool-57-thread-1] INFO  server.RaftServerConfigKeys (ConfUtils.java:logGet(43)) - raft.server.log.force.sync.num = 128 (default)
2019-10-11 04:54:50,227 [pool-57-thread-1] INFO  server.RaftServerConfigKeys (ConfUtils.java:logGet(43)) - raft.server.log.statemachine.data.sync = true (default)
2019-10-11 04:54:50,227 [pool-57-thread-1] INFO  server.RaftServerConfigKeys (ConfUtils.java:logGet(43)) - raft.server.log.statemachine.data.sync.timeout = 10s (default)
2019-10-11 04:54:50,227 [pool-57-thread-1] INFO  server.RaftServerConfigKeys (ConfUtils.java:logGet(43)) - raft.server.log.statemachine.data.sync.timeout.retry = -1 (default)
2019-10-11 04:54:50,228 [pool-57-thread-1] INFO  server.RaftServerConfigKeys (ConfUtils.java:logGet(43)) - raft.server.log.statemachine.data.caching.enabled = true (custom)
2019-10-11 04:54:50,228 [pool-57-thread-1] INFO  segmented.SegmentedRaftLogWorker (SegmentedRaftLogWorker.java:lambda$new$0(132)) - af93d71e-9597-43d1-a0d9-fd03e0850daa@group-B3DFEA6DC537-SegmentedRaftLogWorker: flushIndex: setUnconditionally 0 -> -1
2019-10-11 04:54:50,229 [pool-57-thread-1] INFO  server.RaftServerConfigKeys (ConfUtils.java:logGet(43)) - raft.server.snapshot.auto.trigger.enabled = true (custom)
2019-10-11 04:54:50,229 [pool-57-thread-1] INFO  server.RaftServerConfigKeys (ConfUtils.java:logGet(43)) - raft.server.snapshot.auto.trigger.threshold = 10000 (custom)
2019-10-11 04:54:50,229 [pool-57-thread-1] INFO  server.RaftServerConfigKeys (ConfUtils.java:logGet(43)) - raft.server.snapshot.retention.num.files = 5 (custom)
2019-10-11 04:54:50,229 [pool-57-thread-1] INFO  server.RaftServerConfigKeys (ConfUtils.java:logGet(43)) - raft.server.retrycache.expirytime = 600000ms (custom)
2019-10-11 04:54:50,234 [pool-57-thread-1] INFO  impl.RaftServerImpl (RaftServerImpl.java:start(185)) - af93d71e-9597-43d1-a0d9-fd03e0850daa@group-B3DFEA6DC537: start as a follower, conf=-1: [af93d71e-9597-43d1-a0d9-fd03e0850daa:192.168.157.200:36925], old=null
2019-10-11 04:54:50,234 [pool-57-thread-1] INFO  impl.RaftServerImpl (RaftServerImpl.java:setRole(174)) - af93d71e-9597-43d1-a0d9-fd03e0850daa@group-B3DFEA6DC537: changes role from      null to FOLLOWER at term 0 for startAsFollower
2019-10-11 04:54:50,234 [pool-57-thread-1] INFO  impl.RoleInfo (RoleInfo.java:updateAndGet(143)) - af93d71e-9597-43d1-a0d9-fd03e0850daa: start FollowerState
2019-10-11 04:54:50,234 [pool-57-thread-1] INFO  util.JmxRegister (JmxRegister.java:tryRegister(44)) - Successfully registered JMX Bean with object name Ratis:service=RaftServer,group=group-B3DFEA6DC537,id=af93d71e-9597-43d1-a0d9-fd03e0850daa
2019-10-11 04:54:50,248 [RatisPipelineUtilsThread] INFO  pipeline.PipelineStateManager (PipelineStateManager.java:addPipeline(56)) - Created pipeline Pipeline[ Id: e48a6298-ae8e-44af-a287-b3dfea6dc537, Nodes: af93d71e-9597-43d1-a0d9-fd03e0850daa{ip: 192.168.157.200, host: pr-hdds-1569-qjnzd-3726989565, networkLocation: /default-rack, certSerialId: null}, Type:RATIS, Factor:ONE, State:OPEN]
2019-10-11 04:54:50,253 [main] INFO  ozone.MiniOzoneClusterImpl (MiniOzoneClusterImpl.java:lambda$waitForClusterToBeReady$0(147)) - Cluster is ready. Got 7 of 7 DN Heartbeats.
2019-10-11 04:54:50,269 [grpc-default-executor-0] INFO  impl.RaftServerProxy (RaftServerProxy.java:addNew(89)) - b60e1418-2c99-4095-aa33-d35d300fab24: addNew group-9BB09CAB71CD:[b60e1418-2c99-4095-aa33-d35d300fab24:192.168.157.200:37224] returns group-9BB09CAB71CD:java.util.concurrent.CompletableFuture@4eddbe53[Not completed]
2019-10-11 04:54:50,272 [pool-37-thread-1] INFO  impl.RaftServerImpl (RaftServerImpl.java:<init>(95)) - b60e1418-2c99-4095-aa33-d35d300fab24: new RaftServerImpl for group-9BB09CAB71CD:[b60e1418-2c99-4095-aa33-d35d300fab24:192.168.157.200:37224] with ContainerStateMachine:uninitialized
2019-10-11 04:54:50,273 [pool-37-thread-1] INFO  server.RaftServerConfigKeys (ConfUtils.java:logGet(43)) - raft.server.rpc.timeout.min = 1s (custom)
2019-10-11 04:54:50,273 [pool-37-thread-1] INFO  server.RaftServerConfigKeys (ConfUtils.java:logGet(43)) - raft.server.rpc.timeout.max = 1200ms (custom)
2019-10-11 04:54:50,273 [pool-37-thread-1] INFO  server.RaftServerConfigKeys (ConfUtils.java:logGet(43)) - raft.server.rpcslowness.timeout = 120s (custom)
2019-10-11 04:54:50,273 [pool-37-thread-1] INFO  server.RaftServerConfigKeys (ConfUtils.java:logGet(43)) - raft.server.sleep.deviation.threshold = 300 (default)
2019-10-11 04:54:50,273 [pool-37-thread-1] INFO  server.RaftServerConfigKeys (ConfUtils.java:logGet(43)) - raft.server.log.appender.install.snapshot.enabled = false (custom)
2019-10-11 04:54:50,273 [pool-37-thread-1] INFO  impl.RaftServerImpl (ServerState.java:<init>(103)) - b60e1418-2c99-4095-aa33-d35d300fab24@group-9BB09CAB71CD: ConfigurationManager, init=-1: [b60e1418-2c99-4095-aa33-d35d300fab24:192.168.157.200:37224], old=null, confs=<EMPTY_MAP>
2019-10-11 04:54:50,274 [pool-37-thread-1] INFO  server.RaftServerConfigKeys (ConfUtils.java:logGet(43)) - raft.server.storage.dir = [/workdir/hadoop-ozone/integration-test/target/test-dir/MiniOzoneClusterImpl-44c36d6d-90e1-4198-8449-e8899faa44e9/datanode-1/data/ratis] (custom)
2019-10-11 04:54:50,274 [pool-37-thread-1] INFO  storage.RaftStorageDirectory (RaftStorageDirectory.java:analyzeStorage(246)) - The storage directory /workdir/hadoop-ozone/integration-test/target/test-dir/MiniOzoneClusterImpl-44c36d6d-90e1-4198-8449-e8899faa44e9/datanode-1/data/ratis/883b06a9-9c82-4da2-8e92-9bb09cab71cd does not exist. Creating ...
2019-10-11 04:54:50,287 [pool-37-thread-1] INFO  storage.RaftStorageDirectory (RaftStorageDirectory.java:tryLock(328)) - Lock on /workdir/hadoop-ozone/integration-test/target/test-dir/MiniOzoneClusterImpl-44c36d6d-90e1-4198-8449-e8899faa44e9/datanode-1/data/ratis/883b06a9-9c82-4da2-8e92-9bb09cab71cd/in_use.lock acquired by nodename 16587@pr-hdds-1569-qjnzd-3726989565
2019-10-11 04:54:50,301 [pool-37-thread-1] INFO  storage.RaftStorage (RaftStorage.java:format(72)) - Storage directory /workdir/hadoop-ozone/integration-test/target/test-dir/MiniOzoneClusterImpl-44c36d6d-90e1-4198-8449-e8899faa44e9/datanode-1/data/ratis/883b06a9-9c82-4da2-8e92-9bb09cab71cd has been successfully formatted.
2019-10-11 04:54:50,301 [pool-37-thread-1] INFO  ratis.ContainerStateMachine (ContainerStateMachine.java:loadSnapshot(230)) - group-9BB09CAB71CD: The snapshot info is null. Setting the last applied indexto:(t:0, i:~)
2019-10-11 04:54:50,302 [pool-37-thread-1] INFO  server.RaftServerConfigKeys (ConfUtils.java:logGet(43)) - raft.server.notification.no-leader.timeout = 120s (custom)
2019-10-11 04:54:50,302 [pool-37-thread-1] INFO  server.RaftServerConfigKeys (ConfUtils.java:logGet(43)) - raft.server.log.use.memory = false (default)
2019-10-11 04:54:50,302 [pool-37-thread-1] INFO  server.RaftServerConfigKeys (ConfUtils.java:logGet(43)) - raft.server.log.purge.gap = 1000000 (custom)
2019-10-11 04:54:50,302 [pool-37-thread-1] INFO  server.RaftServerConfigKeys (ConfUtils.java:logGet(43)) - raft.server.log.appender.buffer.byte-limit = 33554432 (custom)
2019-10-11 04:54:50,302 [pool-37-thread-1] INFO  server.RaftServerConfigKeys (ConfUtils.java:logGet(43)) - raft.server.log.segment.size.max = 1048576 (custom)
2019-10-11 04:54:50,303 [pool-37-thread-1] INFO  server.RaftServerConfigKeys (ConfUtils.java:logGet(43)) - raft.server.log.segment.cache.num.max = 2 (custom)
2019-10-11 04:54:50,303 [pool-37-thread-1] INFO  segmented.SegmentedRaftLogWorker (SegmentedRaftLogWorker.java:<init>(172)) - new b60e1418-2c99-4095-aa33-d35d300fab24@group-9BB09CAB71CD-SegmentedRaftLogWorker for RaftStorage:Storage Directory /workdir/hadoop-ozone/integration-test/target/test-dir/MiniOzoneClusterImpl-44c36d6d-90e1-4198-8449-e8899faa44e9/datanode-1/data/ratis/883b06a9-9c82-4da2-8e92-9bb09cab71cd
2019-10-11 04:54:50,307 [pool-37-thread-1] INFO  server.RaftServerConfigKeys (ConfUtils.java:logGet(43)) - raft.server.log.queue.byte-limit = 2147483647 (custom)
2019-10-11 04:54:50,307 [pool-37-thread-1] INFO  server.RaftServerConfigKeys (ConfUtils.java:logGet(43)) - raft.server.log.queue.element-limit = 1024 (custom)
2019-10-11 04:54:50,307 [pool-37-thread-1] INFO  server.RaftServerConfigKeys (ConfUtils.java:logGet(43)) - raft.server.log.segment.size.max = 1048576 (custom)
2019-10-11 04:54:50,307 [pool-37-thread-1] INFO  server.RaftServerConfigKeys (ConfUtils.java:logGet(43)) - raft.server.log.preallocated.size = 16384 (custom)
2019-10-11 04:54:50,308 [pool-37-thread-1] INFO  server.RaftServerConfigKeys (ConfUtils.java:logGet(43)) - raft.server.log.write.buffer.size = 33554432 (custom)
2019-10-11 04:54:50,308 [pool-37-thread-1] INFO  server.RaftServerConfigKeys (ConfUtils.java:logGet(43)) - raft.server.log.force.sync.num = 128 (default)
2019-10-11 04:54:50,308 [pool-37-thread-1] INFO  server.RaftServerConfigKeys (ConfUtils.java:logGet(43)) - raft.server.log.statemachine.data.sync = true (default)
2019-10-11 04:54:50,308 [pool-37-thread-1] INFO  server.RaftServerConfigKeys (ConfUtils.java:logGet(43)) - raft.server.log.statemachine.data.sync.timeout = 10s (default)
2019-10-11 04:54:50,308 [pool-37-thread-1] INFO  server.RaftServerConfigKeys (ConfUtils.java:logGet(43)) - raft.server.log.statemachine.data.sync.timeout.retry = -1 (default)
2019-10-11 04:54:50,309 [pool-37-thread-1] INFO  server.RaftServerConfigKeys (ConfUtils.java:logGet(43)) - raft.server.log.statemachine.data.caching.enabled = true (custom)
2019-10-11 04:54:50,309 [pool-37-thread-1] INFO  segmented.SegmentedRaftLogWorker (SegmentedRaftLogWorker.java:lambda$new$0(132)) - b60e1418-2c99-4095-aa33-d35d300fab24@group-9BB09CAB71CD-SegmentedRaftLogWorker: flushIndex: setUnconditionally 0 -> -1
2019-10-11 04:54:50,310 [pool-37-thread-1] INFO  server.RaftServerConfigKeys (ConfUtils.java:logGet(43)) - raft.server.snapshot.auto.trigger.enabled = true (custom)
2019-10-11 04:54:50,310 [pool-37-thread-1] INFO  server.RaftServerConfigKeys (ConfUtils.java:logGet(43)) - raft.server.snapshot.auto.trigger.threshold = 10000 (custom)
2019-10-11 04:54:50,310 [pool-37-thread-1] INFO  server.RaftServerConfigKeys (ConfUtils.java:logGet(43)) - raft.server.snapshot.retention.num.files = 5 (custom)
2019-10-11 04:54:50,310 [pool-37-thread-1] INFO  server.RaftServerConfigKeys (ConfUtils.java:logGet(43)) - raft.server.retrycache.expirytime = 600000ms (custom)
2019-10-11 04:54:50,314 [pool-37-thread-1] INFO  impl.RaftServerImpl (RaftServerImpl.java:start(185)) - b60e1418-2c99-4095-aa33-d35d300fab24@group-9BB09CAB71CD: start as a follower, conf=-1: [b60e1418-2c99-4095-aa33-d35d300fab24:192.168.157.200:37224], old=null
2019-10-11 04:54:50,314 [pool-37-thread-1] INFO  impl.RaftServerImpl (RaftServerImpl.java:setRole(174)) - b60e1418-2c99-4095-aa33-d35d300fab24@group-9BB09CAB71CD: changes role from      null to FOLLOWER at term 0 for startAsFollower
2019-10-11 04:54:50,314 [pool-37-thread-1] INFO  impl.RoleInfo (RoleInfo.java:updateAndGet(143)) - b60e1418-2c99-4095-aa33-d35d300fab24: start FollowerState
2019-10-11 04:54:50,315 [pool-37-thread-1] INFO  util.JmxRegister (JmxRegister.java:tryRegister(44)) - Successfully registered JMX Bean with object name Ratis:service=RaftServer,group=group-9BB09CAB71CD,id=b60e1418-2c99-4095-aa33-d35d300fab24
2019-10-11 04:54:50,335 [RatisPipelineUtilsThread] INFO  pipeline.PipelineStateManager (PipelineStateManager.java:addPipeline(56)) - Created pipeline Pipeline[ Id: 883b06a9-9c82-4da2-8e92-9bb09cab71cd, Nodes: b60e1418-2c99-4095-aa33-d35d300fab24{ip: 192.168.157.200, host: pr-hdds-1569-qjnzd-3726989565, networkLocation: /default-rack, certSerialId: null}, Type:RATIS, Factor:ONE, State:OPEN]
2019-10-11 04:54:50,342 [RatisPipelineUtilsThread] ERROR pipeline.SCMPipelineManager (SCMPipelineManager.java:createPipeline(193)) - Pipeline creation failed.
org.apache.hadoop.hdds.scm.exceptions.SCMException: Cannot create pipeline of factor 1 using 0 nodes. Used 7 nodes. Healthy nodes 7
	at org.apache.hadoop.hdds.scm.pipeline.RatisPipelineProvider.pickNodesNeverUsed(RatisPipelineProvider.java:116)
	at org.apache.hadoop.hdds.scm.pipeline.RatisPipelineProvider.create(RatisPipelineProvider.java:128)
	at org.apache.hadoop.hdds.scm.pipeline.PipelineFactory.create(PipelineFactory.java:58)
	at org.apache.hadoop.hdds.scm.pipeline.SCMPipelineManager.createPipeline(SCMPipelineManager.java:183)
	at org.apache.hadoop.hdds.scm.pipeline.BackgroundPipelineCreator.createPipelines(BackgroundPipelineCreator.java:100)
	at java.util.concurrent.Executors$RunnableAdapter.call(Executors.java:511)
	at java.util.concurrent.FutureTask.run(FutureTask.java:266)
	at java.util.concurrent.ScheduledThreadPoolExecutor$ScheduledFutureTask.access$201(ScheduledThreadPoolExecutor.java:180)
	at java.util.concurrent.ScheduledThreadPoolExecutor$ScheduledFutureTask.run(ScheduledThreadPoolExecutor.java:293)
	at java.util.concurrent.ThreadPoolExecutor.runWorker(ThreadPoolExecutor.java:1149)
	at java.util.concurrent.ThreadPoolExecutor$Worker.run(ThreadPoolExecutor.java:624)
	at java.lang.Thread.run(Thread.java:748)
2019-10-11 04:54:50,391 [grpc-default-executor-1] INFO  impl.RaftServerProxy (RaftServerProxy.java:addNew(89)) - 45dc940c-71f1-4cb7-b25b-a82b712b179d: addNew group-204EBAADCE96:[45dc940c-71f1-4cb7-b25b-a82b712b179d:192.168.157.200:43469, 3c863a86-f0e0-4c2a-8b91-a8d0f68ec9e3:192.168.157.200:33160, 3452dafe-7a7c-46b8-888b-6c48499d0560:192.168.157.200:37763] returns group-204EBAADCE96:java.util.concurrent.CompletableFuture@5720e658[Not completed]
2019-10-11 04:54:50,391 [grpc-default-executor-2] INFO  impl.RaftServerProxy (RaftServerProxy.java:addNew(89)) - 3452dafe-7a7c-46b8-888b-6c48499d0560: addNew group-204EBAADCE96:[45dc940c-71f1-4cb7-b25b-a82b712b179d:192.168.157.200:43469, 3c863a86-f0e0-4c2a-8b91-a8d0f68ec9e3:192.168.157.200:33160, 3452dafe-7a7c-46b8-888b-6c48499d0560:192.168.157.200:37763] returns group-204EBAADCE96:java.util.concurrent.CompletableFuture@440c69ad[Not completed]
2019-10-11 04:54:50,391 [grpc-default-executor-0] INFO  impl.RaftServerProxy (RaftServerProxy.java:addNew(89)) - 3c863a86-f0e0-4c2a-8b91-a8d0f68ec9e3: addNew group-204EBAADCE96:[45dc940c-71f1-4cb7-b25b-a82b712b179d:192.168.157.200:43469, 3c863a86-f0e0-4c2a-8b91-a8d0f68ec9e3:192.168.157.200:33160, 3452dafe-7a7c-46b8-888b-6c48499d0560:192.168.157.200:37763] returns group-204EBAADCE96:java.util.concurrent.CompletableFuture@21d43f96[Not completed]
2019-10-11 04:54:50,394 [pool-47-thread-1] INFO  impl.RaftServerImpl (RaftServerImpl.java:<init>(95)) - 45dc940c-71f1-4cb7-b25b-a82b712b179d: new RaftServerImpl for group-204EBAADCE96:[45dc940c-71f1-4cb7-b25b-a82b712b179d:192.168.157.200:43469, 3c863a86-f0e0-4c2a-8b91-a8d0f68ec9e3:192.168.157.200:33160, 3452dafe-7a7c-46b8-888b-6c48499d0560:192.168.157.200:37763] with ContainerStateMachine:uninitialized
2019-10-11 04:54:50,394 [pool-47-thread-1] INFO  server.RaftServerConfigKeys (ConfUtils.java:logGet(43)) - raft.server.rpc.timeout.min = 1s (custom)
2019-10-11 04:54:50,394 [pool-47-thread-1] INFO  server.RaftServerConfigKeys (ConfUtils.java:logGet(43)) - raft.server.rpc.timeout.max = 1200ms (custom)
2019-10-11 04:54:50,395 [pool-47-thread-1] INFO  server.RaftServerConfigKeys (ConfUtils.java:logGet(43)) - raft.server.rpcslowness.timeout = 120s (custom)
2019-10-11 04:54:50,395 [pool-47-thread-1] INFO  server.RaftServerConfigKeys (ConfUtils.java:logGet(43)) - raft.server.sleep.deviation.threshold = 300 (default)
2019-10-11 04:54:50,395 [pool-47-thread-1] INFO  server.RaftServerConfigKeys (ConfUtils.java:logGet(43)) - raft.server.log.appender.install.snapshot.enabled = false (custom)
2019-10-11 04:54:50,395 [pool-47-thread-1] INFO  impl.RaftServerImpl (ServerState.java:<init>(103)) - 45dc940c-71f1-4cb7-b25b-a82b712b179d@group-204EBAADCE96: ConfigurationManager, init=-1: [45dc940c-71f1-4cb7-b25b-a82b712b179d:192.168.157.200:43469, 3c863a86-f0e0-4c2a-8b91-a8d0f68ec9e3:192.168.157.200:33160, 3452dafe-7a7c-46b8-888b-6c48499d0560:192.168.157.200:37763], old=null, confs=<EMPTY_MAP>
2019-10-11 04:54:50,395 [pool-87-thread-1] INFO  impl.RaftServerImpl (RaftServerImpl.java:<init>(95)) - 3452dafe-7a7c-46b8-888b-6c48499d0560: new RaftServerImpl for group-204EBAADCE96:[45dc940c-71f1-4cb7-b25b-a82b712b179d:192.168.157.200:43469, 3c863a86-f0e0-4c2a-8b91-a8d0f68ec9e3:192.168.157.200:33160, 3452dafe-7a7c-46b8-888b-6c48499d0560:192.168.157.200:37763] with ContainerStateMachine:uninitialized
2019-10-11 04:54:50,396 [pool-47-thread-1] INFO  server.RaftServerConfigKeys (ConfUtils.java:logGet(43)) - raft.server.storage.dir = [/workdir/hadoop-ozone/integration-test/target/test-dir/MiniOzoneClusterImpl-44c36d6d-90e1-4198-8449-e8899faa44e9/datanode-2/data/ratis] (custom)
2019-10-11 04:54:50,396 [pool-87-thread-1] INFO  server.RaftServerConfigKeys (ConfUtils.java:logGet(43)) - raft.server.rpc.timeout.min = 1s (custom)
2019-10-11 04:54:50,396 [pool-87-thread-1] INFO  server.RaftServerConfigKeys (ConfUtils.java:logGet(43)) - raft.server.rpc.timeout.max = 1200ms (custom)
2019-10-11 04:54:50,396 [pool-87-thread-1] INFO  server.RaftServerConfigKeys (ConfUtils.java:logGet(43)) - raft.server.rpcslowness.timeout = 120s (custom)
2019-10-11 04:54:50,396 [pool-67-thread-1] INFO  impl.RaftServerImpl (RaftServerImpl.java:<init>(95)) - 3c863a86-f0e0-4c2a-8b91-a8d0f68ec9e3: new RaftServerImpl for group-204EBAADCE96:[45dc940c-71f1-4cb7-b25b-a82b712b179d:192.168.157.200:43469, 3c863a86-f0e0-4c2a-8b91-a8d0f68ec9e3:192.168.157.200:33160, 3452dafe-7a7c-46b8-888b-6c48499d0560:192.168.157.200:37763] with ContainerStateMachine:uninitialized
2019-10-11 04:54:50,396 [pool-47-thread-1] INFO  storage.RaftStorageDirectory (RaftStorageDirectory.java:analyzeStorage(246)) - The storage directory /workdir/hadoop-ozone/integration-test/target/test-dir/MiniOzoneClusterImpl-44c36d6d-90e1-4198-8449-e8899faa44e9/datanode-2/data/ratis/977c8f61-8cf4-482f-893b-204ebaadce96 does not exist. Creating ...
2019-10-11 04:54:50,397 [pool-67-thread-1] INFO  server.RaftServerConfigKeys (ConfUtils.java:logGet(43)) - raft.server.rpc.timeout.min = 1s (custom)
2019-10-11 04:54:50,397 [pool-87-thread-1] INFO  server.RaftServerConfigKeys (ConfUtils.java:logGet(43)) - raft.server.sleep.deviation.threshold = 300 (default)
2019-10-11 04:54:50,397 [pool-67-thread-1] INFO  server.RaftServerConfigKeys (ConfUtils.java:logGet(43)) - raft.server.rpc.timeout.max = 1200ms (custom)
2019-10-11 04:54:50,397 [pool-87-thread-1] INFO  server.RaftServerConfigKeys (ConfUtils.java:logGet(43)) - raft.server.log.appender.install.snapshot.enabled = false (custom)
2019-10-11 04:54:50,397 [pool-67-thread-1] INFO  server.RaftServerConfigKeys (ConfUtils.java:logGet(43)) - raft.server.rpcslowness.timeout = 120s (custom)
2019-10-11 04:54:50,397 [pool-87-thread-1] INFO  impl.RaftServerImpl (ServerState.java:<init>(103)) - 3452dafe-7a7c-46b8-888b-6c48499d0560@group-204EBAADCE96: ConfigurationManager, init=-1: [45dc940c-71f1-4cb7-b25b-a82b712b179d:192.168.157.200:43469, 3c863a86-f0e0-4c2a-8b91-a8d0f68ec9e3:192.168.157.200:33160, 3452dafe-7a7c-46b8-888b-6c48499d0560:192.168.157.200:37763], old=null, confs=<EMPTY_MAP>
2019-10-11 04:54:50,398 [pool-67-thread-1] INFO  server.RaftServerConfigKeys (ConfUtils.java:logGet(43)) - raft.server.sleep.deviation.threshold = 300 (default)
2019-10-11 04:54:50,398 [pool-67-thread-1] INFO  server.RaftServerConfigKeys (ConfUtils.java:logGet(43)) - raft.server.log.appender.install.snapshot.enabled = false (custom)
2019-10-11 04:54:50,398 [pool-87-thread-1] INFO  server.RaftServerConfigKeys (ConfUtils.java:logGet(43)) - raft.server.storage.dir = [/workdir/hadoop-ozone/integration-test/target/test-dir/MiniOzoneClusterImpl-44c36d6d-90e1-4198-8449-e8899faa44e9/datanode-6/data/ratis] (custom)
2019-10-11 04:54:50,398 [pool-67-thread-1] INFO  impl.RaftServerImpl (ServerState.java:<init>(103)) - 3c863a86-f0e0-4c2a-8b91-a8d0f68ec9e3@group-204EBAADCE96: ConfigurationManager, init=-1: [45dc940c-71f1-4cb7-b25b-a82b712b179d:192.168.157.200:43469, 3c863a86-f0e0-4c2a-8b91-a8d0f68ec9e3:192.168.157.200:33160, 3452dafe-7a7c-46b8-888b-6c48499d0560:192.168.157.200:37763], old=null, confs=<EMPTY_MAP>
2019-10-11 04:54:50,398 [pool-67-thread-1] INFO  server.RaftServerConfigKeys (ConfUtils.java:logGet(43)) - raft.server.storage.dir = [/workdir/hadoop-ozone/integration-test/target/test-dir/MiniOzoneClusterImpl-44c36d6d-90e1-4198-8449-e8899faa44e9/datanode-4/data/ratis] (custom)
2019-10-11 04:54:50,398 [pool-87-thread-1] INFO  storage.RaftStorageDirectory (RaftStorageDirectory.java:analyzeStorage(246)) - The storage directory /workdir/hadoop-ozone/integration-test/target/test-dir/MiniOzoneClusterImpl-44c36d6d-90e1-4198-8449-e8899faa44e9/datanode-6/data/ratis/977c8f61-8cf4-482f-893b-204ebaadce96 does not exist. Creating ...
2019-10-11 04:54:50,399 [pool-67-thread-1] INFO  storage.RaftStorageDirectory (RaftStorageDirectory.java:analyzeStorage(246)) - The storage directory /workdir/hadoop-ozone/integration-test/target/test-dir/MiniOzoneClusterImpl-44c36d6d-90e1-4198-8449-e8899faa44e9/datanode-4/data/ratis/977c8f61-8cf4-482f-893b-204ebaadce96 does not exist. Creating ...
2019-10-11 04:54:50,410 [pool-87-thread-1] INFO  storage.RaftStorageDirectory (RaftStorageDirectory.java:tryLock(328)) - Lock on /workdir/hadoop-ozone/integration-test/target/test-dir/MiniOzoneClusterImpl-44c36d6d-90e1-4198-8449-e8899faa44e9/datanode-6/data/ratis/977c8f61-8cf4-482f-893b-204ebaadce96/in_use.lock acquired by nodename 16587@pr-hdds-1569-qjnzd-3726989565
2019-10-11 04:54:50,410 [pool-47-thread-1] INFO  storage.RaftStorageDirectory (RaftStorageDirectory.java:tryLock(328)) - Lock on /workdir/hadoop-ozone/integration-test/target/test-dir/MiniOzoneClusterImpl-44c36d6d-90e1-4198-8449-e8899faa44e9/datanode-2/data/ratis/977c8f61-8cf4-482f-893b-204ebaadce96/in_use.lock acquired by nodename 16587@pr-hdds-1569-qjnzd-3726989565
2019-10-11 04:54:50,410 [pool-67-thread-1] INFO  storage.RaftStorageDirectory (RaftStorageDirectory.java:tryLock(328)) - Lock on /workdir/hadoop-ozone/integration-test/target/test-dir/MiniOzoneClusterImpl-44c36d6d-90e1-4198-8449-e8899faa44e9/datanode-4/data/ratis/977c8f61-8cf4-482f-893b-204ebaadce96/in_use.lock acquired by nodename 16587@pr-hdds-1569-qjnzd-3726989565
2019-10-11 04:54:50,424 [pool-87-thread-1] INFO  storage.RaftStorage (RaftStorage.java:format(72)) - Storage directory /workdir/hadoop-ozone/integration-test/target/test-dir/MiniOzoneClusterImpl-44c36d6d-90e1-4198-8449-e8899faa44e9/datanode-6/data/ratis/977c8f61-8cf4-482f-893b-204ebaadce96 has been successfully formatted.
2019-10-11 04:54:50,424 [pool-67-thread-1] INFO  storage.RaftStorage (RaftStorage.java:format(72)) - Storage directory /workdir/hadoop-ozone/integration-test/target/test-dir/MiniOzoneClusterImpl-44c36d6d-90e1-4198-8449-e8899faa44e9/datanode-4/data/ratis/977c8f61-8cf4-482f-893b-204ebaadce96 has been successfully formatted.
2019-10-11 04:54:50,424 [pool-47-thread-1] INFO  storage.RaftStorage (RaftStorage.java:format(72)) - Storage directory /workdir/hadoop-ozone/integration-test/target/test-dir/MiniOzoneClusterImpl-44c36d6d-90e1-4198-8449-e8899faa44e9/datanode-2/data/ratis/977c8f61-8cf4-482f-893b-204ebaadce96 has been successfully formatted.
2019-10-11 04:54:50,424 [pool-67-thread-1] INFO  ratis.ContainerStateMachine (ContainerStateMachine.java:loadSnapshot(230)) - group-204EBAADCE96: The snapshot info is null. Setting the last applied indexto:(t:0, i:~)
2019-10-11 04:54:50,424 [pool-87-thread-1] INFO  ratis.ContainerStateMachine (ContainerStateMachine.java:loadSnapshot(230)) - group-204EBAADCE96: The snapshot info is null. Setting the last applied indexto:(t:0, i:~)
2019-10-11 04:54:50,425 [pool-67-thread-1] INFO  server.RaftServerConfigKeys (ConfUtils.java:logGet(43)) - raft.server.notification.no-leader.timeout = 120s (custom)
2019-10-11 04:54:50,425 [pool-87-thread-1] INFO  server.RaftServerConfigKeys (ConfUtils.java:logGet(43)) - raft.server.notification.no-leader.timeout = 120s (custom)
2019-10-11 04:54:50,425 [pool-47-thread-1] INFO  ratis.ContainerStateMachine (ContainerStateMachine.java:loadSnapshot(230)) - group-204EBAADCE96: The snapshot info is null. Setting the last applied indexto:(t:0, i:~)
2019-10-11 04:54:50,425 [pool-87-thread-1] INFO  server.RaftServerConfigKeys (ConfUtils.java:logGet(43)) - raft.server.log.use.memory = false (default)
2019-10-11 04:54:50,425 [pool-67-thread-1] INFO  server.RaftServerConfigKeys (ConfUtils.java:logGet(43)) - raft.server.log.use.memory = false (default)
2019-10-11 04:54:50,426 [pool-87-thread-1] INFO  server.RaftServerConfigKeys (ConfUtils.java:logGet(43)) - raft.server.log.purge.gap = 1000000 (custom)
2019-10-11 04:54:50,425 [pool-47-thread-1] INFO  server.RaftServerConfigKeys (ConfUtils.java:logGet(43)) - raft.server.notification.no-leader.timeout = 120s (custom)
2019-10-11 04:54:50,426 [pool-87-thread-1] INFO  server.RaftServerConfigKeys (ConfUtils.java:logGet(43)) - raft.server.log.appender.buffer.byte-limit = 33554432 (custom)
2019-10-11 04:54:50,426 [pool-67-thread-1] INFO  server.RaftServerConfigKeys (ConfUtils.java:logGet(43)) - raft.server.log.purge.gap = 1000000 (custom)
2019-10-11 04:54:50,426 [pool-87-thread-1] INFO  server.RaftServerConfigKeys (ConfUtils.java:logGet(43)) - raft.server.log.segment.size.max = 1048576 (custom)
2019-10-11 04:54:50,426 [pool-47-thread-1] INFO  server.RaftServerConfigKeys (ConfUtils.java:logGet(43)) - raft.server.log.use.memory = false (default)
2019-10-11 04:54:50,427 [pool-87-thread-1] INFO  server.RaftServerConfigKeys (ConfUtils.java:logGet(43)) - raft.server.log.segment.cache.num.max = 2 (custom)
2019-10-11 04:54:50,426 [pool-67-thread-1] INFO  server.RaftServerConfigKeys (ConfUtils.java:logGet(43)) - raft.server.log.appender.buffer.byte-limit = 33554432 (custom)
2019-10-11 04:54:50,427 [pool-87-thread-1] INFO  segmented.SegmentedRaftLogWorker (SegmentedRaftLogWorker.java:<init>(172)) - new 3452dafe-7a7c-46b8-888b-6c48499d0560@group-204EBAADCE96-SegmentedRaftLogWorker for RaftStorage:Storage Directory /workdir/hadoop-ozone/integration-test/target/test-dir/MiniOzoneClusterImpl-44c36d6d-90e1-4198-8449-e8899faa44e9/datanode-6/data/ratis/977c8f61-8cf4-482f-893b-204ebaadce96
2019-10-11 04:54:50,427 [pool-47-thread-1] INFO  server.RaftServerConfigKeys (ConfUtils.java:logGet(43)) - raft.server.log.purge.gap = 1000000 (custom)
2019-10-11 04:54:50,427 [pool-87-thread-1] INFO  server.RaftServerConfigKeys (ConfUtils.java:logGet(43)) - raft.server.log.queue.byte-limit = 2147483647 (custom)
2019-10-11 04:54:50,427 [pool-67-thread-1] INFO  server.RaftServerConfigKeys (ConfUtils.java:logGet(43)) - raft.server.log.segment.size.max = 1048576 (custom)
2019-10-11 04:54:50,428 [pool-87-thread-1] INFO  server.RaftServerConfigKeys (ConfUtils.java:logGet(43)) - raft.server.log.queue.element-limit = 1024 (custom)
2019-10-11 04:54:50,427 [pool-47-thread-1] INFO  server.RaftServerConfigKeys (ConfUtils.java:logGet(43)) - raft.server.log.appender.buffer.byte-limit = 33554432 (custom)
2019-10-11 04:54:50,428 [pool-87-thread-1] INFO  server.RaftServerConfigKeys (ConfUtils.java:logGet(43)) - raft.server.log.segment.size.max = 1048576 (custom)
2019-10-11 04:54:50,428 [pool-67-thread-1] INFO  server.RaftServerConfigKeys (ConfUtils.java:logGet(43)) - raft.server.log.segment.cache.num.max = 2 (custom)
2019-10-11 04:54:50,428 [pool-87-thread-1] INFO  server.RaftServerConfigKeys (ConfUtils.java:logGet(43)) - raft.server.log.preallocated.size = 16384 (custom)
2019-10-11 04:54:50,428 [pool-47-thread-1] INFO  server.RaftServerConfigKeys (ConfUtils.java:logGet(43)) - raft.server.log.segment.size.max = 1048576 (custom)
2019-10-11 04:54:50,429 [pool-87-thread-1] INFO  server.RaftServerConfigKeys (ConfUtils.java:logGet(43)) - raft.server.log.write.buffer.size = 33554432 (custom)
2019-10-11 04:54:50,428 [pool-67-thread-1] INFO  segmented.SegmentedRaftLogWorker (SegmentedRaftLogWorker.java:<init>(172)) - new 3c863a86-f0e0-4c2a-8b91-a8d0f68ec9e3@group-204EBAADCE96-SegmentedRaftLogWorker for RaftStorage:Storage Directory /workdir/hadoop-ozone/integration-test/target/test-dir/MiniOzoneClusterImpl-44c36d6d-90e1-4198-8449-e8899faa44e9/datanode-4/data/ratis/977c8f61-8cf4-482f-893b-204ebaadce96
2019-10-11 04:54:50,429 [pool-87-thread-1] INFO  server.RaftServerConfigKeys (ConfUtils.java:logGet(43)) - raft.server.log.force.sync.num = 128 (default)
2019-10-11 04:54:50,429 [pool-47-thread-1] INFO  server.RaftServerConfigKeys (ConfUtils.java:logGet(43)) - raft.server.log.segment.cache.num.max = 2 (custom)
2019-10-11 04:54:50,429 [pool-87-thread-1] INFO  server.RaftServerConfigKeys (ConfUtils.java:logGet(43)) - raft.server.log.statemachine.data.sync = true (default)
2019-10-11 04:54:50,429 [pool-67-thread-1] INFO  server.RaftServerConfigKeys (ConfUtils.java:logGet(43)) - raft.server.log.queue.byte-limit = 2147483647 (custom)
2019-10-11 04:54:50,430 [pool-87-thread-1] INFO  server.RaftServerConfigKeys (ConfUtils.java:logGet(43)) - raft.server.log.statemachine.data.sync.timeout = 10s (default)
2019-10-11 04:54:50,430 [pool-47-thread-1] INFO  segmented.SegmentedRaftLogWorker (SegmentedRaftLogWorker.java:<init>(172)) - new 45dc940c-71f1-4cb7-b25b-a82b712b179d@group-204EBAADCE96-SegmentedRaftLogWorker for RaftStorage:Storage Directory /workdir/hadoop-ozone/integration-test/target/test-dir/MiniOzoneClusterImpl-44c36d6d-90e1-4198-8449-e8899faa44e9/datanode-2/data/ratis/977c8f61-8cf4-482f-893b-204ebaadce96
2019-10-11 04:54:50,430 [pool-87-thread-1] INFO  server.RaftServerConfigKeys (ConfUtils.java:logGet(43)) - raft.server.log.statemachine.data.sync.timeout.retry = -1 (default)
2019-10-11 04:54:50,430 [pool-67-thread-1] INFO  server.RaftServerConfigKeys (ConfUtils.java:logGet(43)) - raft.server.log.queue.element-limit = 1024 (custom)
2019-10-11 04:54:50,430 [pool-87-thread-1] INFO  server.RaftServerConfigKeys (ConfUtils.java:logGet(43)) - raft.server.log.statemachine.data.caching.enabled = true (custom)
2019-10-11 04:54:50,430 [pool-47-thread-1] INFO  server.RaftServerConfigKeys (ConfUtils.java:logGet(43)) - raft.server.log.queue.byte-limit = 2147483647 (custom)
2019-10-11 04:54:50,431 [pool-67-thread-1] INFO  server.RaftServerConfigKeys (ConfUtils.java:logGet(43)) - raft.server.log.segment.size.max = 1048576 (custom)
2019-10-11 04:54:50,431 [pool-87-thread-1] INFO  segmented.SegmentedRaftLogWorker (SegmentedRaftLogWorker.java:lambda$new$0(132)) - 3452dafe-7a7c-46b8-888b-6c48499d0560@group-204EBAADCE96-SegmentedRaftLogWorker: flushIndex: setUnconditionally 0 -> -1
2019-10-11 04:54:50,431 [pool-47-thread-1] INFO  server.RaftServerConfigKeys (ConfUtils.java:logGet(43)) - raft.server.log.queue.element-limit = 1024 (custom)
2019-10-11 04:54:50,431 [pool-67-thread-1] INFO  server.RaftServerConfigKeys (ConfUtils.java:logGet(43)) - raft.server.log.preallocated.size = 16384 (custom)
2019-10-11 04:54:50,431 [pool-47-thread-1] INFO  server.RaftServerConfigKeys (ConfUtils.java:logGet(43)) - raft.server.log.segment.size.max = 1048576 (custom)
2019-10-11 04:54:50,431 [pool-87-thread-1] INFO  server.RaftServerConfigKeys (ConfUtils.java:logGet(43)) - raft.server.snapshot.auto.trigger.enabled = true (custom)
2019-10-11 04:54:50,432 [pool-47-thread-1] INFO  server.RaftServerConfigKeys (ConfUtils.java:logGet(43)) - raft.server.log.preallocated.size = 16384 (custom)
2019-10-11 04:54:50,432 [pool-67-thread-1] INFO  server.RaftServerConfigKeys (ConfUtils.java:logGet(43)) - raft.server.log.write.buffer.size = 33554432 (custom)
2019-10-11 04:54:50,432 [pool-47-thread-1] INFO  server.RaftServerConfigKeys (ConfUtils.java:logGet(43)) - raft.server.log.write.buffer.size = 33554432 (custom)
2019-10-11 04:54:50,432 [pool-87-thread-1] INFO  server.RaftServerConfigKeys (ConfUtils.java:logGet(43)) - raft.server.snapshot.auto.trigger.threshold = 10000 (custom)
2019-10-11 04:54:50,432 [pool-47-thread-1] INFO  server.RaftServerConfigKeys (ConfUtils.java:logGet(43)) - raft.server.log.force.sync.num = 128 (default)
2019-10-11 04:54:50,433 [pool-47-thread-1] INFO  server.RaftServerConfigKeys (ConfUtils.java:logGet(43)) - raft.server.log.statemachine.data.sync = true (default)
2019-10-11 04:54:50,432 [pool-67-thread-1] INFO  server.RaftServerConfigKeys (ConfUtils.java:logGet(43)) - raft.server.log.force.sync.num = 128 (default)
2019-10-11 04:54:50,433 [pool-47-thread-1] INFO  server.RaftServerConfigKeys (ConfUtils.java:logGet(43)) - raft.server.log.statemachine.data.sync.timeout = 10s (default)
2019-10-11 04:54:50,433 [pool-87-thread-1] INFO  server.RaftServerConfigKeys (ConfUtils.java:logGet(43)) - raft.server.snapshot.retention.num.files = 5 (custom)
2019-10-11 04:54:50,433 [pool-47-thread-1] INFO  server.RaftServerConfigKeys (ConfUtils.java:logGet(43)) - raft.server.log.statemachine.data.sync.timeout.retry = -1 (default)
2019-10-11 04:54:50,433 [pool-67-thread-1] INFO  server.RaftServerConfigKeys (ConfUtils.java:logGet(43)) - raft.server.log.statemachine.data.sync = true (default)
2019-10-11 04:54:50,434 [pool-47-thread-1] INFO  server.RaftServerConfigKeys (ConfUtils.java:logGet(43)) - raft.server.log.statemachine.data.caching.enabled = true (custom)
2019-10-11 04:54:50,434 [pool-87-thread-1] INFO  server.RaftServerConfigKeys (ConfUtils.java:logGet(43)) - raft.server.retrycache.expirytime = 600000ms (custom)
2019-10-11 04:54:50,434 [pool-67-thread-1] INFO  server.RaftServerConfigKeys (ConfUtils.java:logGet(43)) - raft.server.log.statemachine.data.sync.timeout = 10s (default)
2019-10-11 04:54:50,434 [pool-47-thread-1] INFO  segmented.SegmentedRaftLogWorker (SegmentedRaftLogWorker.java:lambda$new$0(132)) - 45dc940c-71f1-4cb7-b25b-a82b712b179d@group-204EBAADCE96-SegmentedRaftLogWorker: flushIndex: setUnconditionally 0 -> -1
2019-10-11 04:54:50,435 [pool-67-thread-1] INFO  server.RaftServerConfigKeys (ConfUtils.java:logGet(43)) - raft.server.log.statemachine.data.sync.timeout.retry = -1 (default)
2019-10-11 04:54:50,435 [pool-47-thread-1] INFO  server.RaftServerConfigKeys (ConfUtils.java:logGet(43)) - raft.server.snapshot.auto.trigger.enabled = true (custom)
2019-10-11 04:54:50,435 [pool-67-thread-1] INFO  server.RaftServerConfigKeys (ConfUtils.java:logGet(43)) - raft.server.log.statemachine.data.caching.enabled = true (custom)
2019-10-11 04:54:50,435 [pool-47-thread-1] INFO  server.RaftServerConfigKeys (ConfUtils.java:logGet(43)) - raft.server.snapshot.auto.trigger.threshold = 10000 (custom)
2019-10-11 04:54:50,435 [pool-47-thread-1] INFO  server.RaftServerConfigKeys (ConfUtils.java:logGet(43)) - raft.server.snapshot.retention.num.files = 5 (custom)
2019-10-11 04:54:50,435 [pool-67-thread-1] INFO  segmented.SegmentedRaftLogWorker (SegmentedRaftLogWorker.java:lambda$new$0(132)) - 3c863a86-f0e0-4c2a-8b91-a8d0f68ec9e3@group-204EBAADCE96-SegmentedRaftLogWorker: flushIndex: setUnconditionally 0 -> -1
2019-10-11 04:54:50,436 [pool-47-thread-1] INFO  server.RaftServerConfigKeys (ConfUtils.java:logGet(43)) - raft.server.retrycache.expirytime = 600000ms (custom)
2019-10-11 04:54:50,436 [pool-67-thread-1] INFO  server.RaftServerConfigKeys (ConfUtils.java:logGet(43)) - raft.server.snapshot.auto.trigger.enabled = true (custom)
2019-10-11 04:54:50,436 [pool-67-thread-1] INFO  server.RaftServerConfigKeys (ConfUtils.java:logGet(43)) - raft.server.snapshot.auto.trigger.threshold = 10000 (custom)
2019-10-11 04:54:50,436 [pool-67-thread-1] INFO  server.RaftServerConfigKeys (ConfUtils.java:logGet(43)) - raft.server.snapshot.retention.num.files = 5 (custom)
2019-10-11 04:54:50,437 [pool-67-thread-1] INFO  server.RaftServerConfigKeys (ConfUtils.java:logGet(43)) - raft.server.retrycache.expirytime = 600000ms (custom)
2019-10-11 04:54:50,440 [pool-87-thread-1] INFO  impl.RaftServerImpl (RaftServerImpl.java:start(185)) - 3452dafe-7a7c-46b8-888b-6c48499d0560@group-204EBAADCE96: start as a follower, conf=-1: [45dc940c-71f1-4cb7-b25b-a82b712b179d:192.168.157.200:43469, 3c863a86-f0e0-4c2a-8b91-a8d0f68ec9e3:192.168.157.200:33160, 3452dafe-7a7c-46b8-888b-6c48499d0560:192.168.157.200:37763], old=null
2019-10-11 04:54:50,440 [pool-87-thread-1] INFO  impl.RaftServerImpl (RaftServerImpl.java:setRole(174)) - 3452dafe-7a7c-46b8-888b-6c48499d0560@group-204EBAADCE96: changes role from      null to FOLLOWER at term 0 for startAsFollower
2019-10-11 04:54:50,440 [pool-87-thread-1] INFO  impl.RoleInfo (RoleInfo.java:updateAndGet(143)) - 3452dafe-7a7c-46b8-888b-6c48499d0560: start FollowerState
2019-10-11 04:54:50,441 [pool-87-thread-1] INFO  util.JmxRegister (JmxRegister.java:tryRegister(44)) - Successfully registered JMX Bean with object name Ratis:service=RaftServer,group=group-204EBAADCE96,id=3452dafe-7a7c-46b8-888b-6c48499d0560
2019-10-11 04:54:50,441 [pool-47-thread-1] INFO  impl.RaftServerImpl (RaftServerImpl.java:start(185)) - 45dc940c-71f1-4cb7-b25b-a82b712b179d@group-204EBAADCE96: start as a follower, conf=-1: [45dc940c-71f1-4cb7-b25b-a82b712b179d:192.168.157.200:43469, 3c863a86-f0e0-4c2a-8b91-a8d0f68ec9e3:192.168.157.200:33160, 3452dafe-7a7c-46b8-888b-6c48499d0560:192.168.157.200:37763], old=null
2019-10-11 04:54:50,442 [pool-47-thread-1] INFO  impl.RaftServerImpl (RaftServerImpl.java:setRole(174)) - 45dc940c-71f1-4cb7-b25b-a82b712b179d@group-204EBAADCE96: changes role from      null to FOLLOWER at term 0 for startAsFollower
2019-10-11 04:54:50,442 [pool-47-thread-1] INFO  impl.RoleInfo (RoleInfo.java:updateAndGet(143)) - 45dc940c-71f1-4cb7-b25b-a82b712b179d: start FollowerState
2019-10-11 04:54:50,442 [pool-67-thread-1] INFO  impl.RaftServerImpl (RaftServerImpl.java:start(185)) - 3c863a86-f0e0-4c2a-8b91-a8d0f68ec9e3@group-204EBAADCE96: start as a follower, conf=-1: [45dc940c-71f1-4cb7-b25b-a82b712b179d:192.168.157.200:43469, 3c863a86-f0e0-4c2a-8b91-a8d0f68ec9e3:192.168.157.200:33160, 3452dafe-7a7c-46b8-888b-6c48499d0560:192.168.157.200:37763], old=null
2019-10-11 04:54:50,442 [pool-67-thread-1] INFO  impl.RaftServerImpl (RaftServerImpl.java:setRole(174)) - 3c863a86-f0e0-4c2a-8b91-a8d0f68ec9e3@group-204EBAADCE96: changes role from      null to FOLLOWER at term 0 for startAsFollower
2019-10-11 04:54:50,442 [pool-47-thread-1] INFO  util.JmxRegister (JmxRegister.java:tryRegister(44)) - Successfully registered JMX Bean with object name Ratis:service=RaftServer,group=group-204EBAADCE96,id=45dc940c-71f1-4cb7-b25b-a82b712b179d
2019-10-11 04:54:50,443 [pool-67-thread-1] INFO  impl.RoleInfo (RoleInfo.java:updateAndGet(143)) - 3c863a86-f0e0-4c2a-8b91-a8d0f68ec9e3: start FollowerState
2019-10-11 04:54:50,443 [pool-67-thread-1] INFO  util.JmxRegister (JmxRegister.java:tryRegister(44)) - Successfully registered JMX Bean with object name Ratis:service=RaftServer,group=group-204EBAADCE96,id=3c863a86-f0e0-4c2a-8b91-a8d0f68ec9e3
2019-10-11 04:54:50,466 [RatisPipelineUtilsThread] INFO  pipeline.PipelineStateManager (PipelineStateManager.java:addPipeline(56)) - Created pipeline Pipeline[ Id: 977c8f61-8cf4-482f-893b-204ebaadce96, Nodes: 3452dafe-7a7c-46b8-888b-6c48499d0560{ip: 192.168.157.200, host: pr-hdds-1569-qjnzd-3726989565, networkLocation: /default-rack, certSerialId: null}45dc940c-71f1-4cb7-b25b-a82b712b179d{ip: 192.168.157.200, host: pr-hdds-1569-qjnzd-3726989565, networkLocation: /default-rack, certSerialId: null}3c863a86-f0e0-4c2a-8b91-a8d0f68ec9e3{ip: 192.168.157.200, host: pr-hdds-1569-qjnzd-3726989565, networkLocation: /default-rack, certSerialId: null}, Type:RATIS, Factor:THREE, State:OPEN]
2019-10-11 04:54:50,500 [grpc-default-executor-0] INFO  impl.RaftServerProxy (RaftServerProxy.java:addNew(89)) - 3c863a86-f0e0-4c2a-8b91-a8d0f68ec9e3: addNew group-CDD987D740BD:[45dc940c-71f1-4cb7-b25b-a82b712b179d:192.168.157.200:43469, 3c863a86-f0e0-4c2a-8b91-a8d0f68ec9e3:192.168.157.200:33160, 3452dafe-7a7c-46b8-888b-6c48499d0560:192.168.157.200:37763] returns group-CDD987D740BD:java.util.concurrent.CompletableFuture@5d6e0a7c[Not completed]
2019-10-11 04:54:50,502 [grpc-default-executor-0] INFO  impl.RaftServerProxy (RaftServerProxy.java:addNew(89)) - 3452dafe-7a7c-46b8-888b-6c48499d0560: addNew group-CDD987D740BD:[45dc940c-71f1-4cb7-b25b-a82b712b179d:192.168.157.200:43469, 3c863a86-f0e0-4c2a-8b91-a8d0f68ec9e3:192.168.157.200:33160, 3452dafe-7a7c-46b8-888b-6c48499d0560:192.168.157.200:37763] returns group-CDD987D740BD:java.util.concurrent.CompletableFuture@2f0eef91[Not completed]
2019-10-11 04:54:50,503 [grpc-default-executor-1] INFO  impl.RaftServerProxy (RaftServerProxy.java:addNew(89)) - 45dc940c-71f1-4cb7-b25b-a82b712b179d: addNew group-CDD987D740BD:[45dc940c-71f1-4cb7-b25b-a82b712b179d:192.168.157.200:43469, 3c863a86-f0e0-4c2a-8b91-a8d0f68ec9e3:192.168.157.200:33160, 3452dafe-7a7c-46b8-888b-6c48499d0560:192.168.157.200:37763] returns group-CDD987D740BD:java.util.concurrent.CompletableFuture@b8a1c79[Not completed]
2019-10-11 04:54:50,506 [pool-67-thread-1] INFO  impl.RaftServerImpl (RaftServerImpl.java:<init>(95)) - 3c863a86-f0e0-4c2a-8b91-a8d0f68ec9e3: new RaftServerImpl for group-CDD987D740BD:[45dc940c-71f1-4cb7-b25b-a82b712b179d:192.168.157.200:43469, 3c863a86-f0e0-4c2a-8b91-a8d0f68ec9e3:192.168.157.200:33160, 3452dafe-7a7c-46b8-888b-6c48499d0560:192.168.157.200:37763] with ContainerStateMachine:uninitialized
2019-10-11 04:54:50,506 [pool-67-thread-1] INFO  server.RaftServerConfigKeys (ConfUtils.java:logGet(43)) - raft.server.rpc.timeout.min = 1s (custom)
2019-10-11 04:54:50,506 [pool-67-thread-1] INFO  server.RaftServerConfigKeys (ConfUtils.java:logGet(43)) - raft.server.rpc.timeout.max = 1200ms (custom)
2019-10-11 04:54:50,506 [pool-67-thread-1] INFO  server.RaftServerConfigKeys (ConfUtils.java:logGet(43)) - raft.server.rpcslowness.timeout = 120s (custom)
2019-10-11 04:54:50,506 [pool-67-thread-1] INFO  server.RaftServerConfigKeys (ConfUtils.java:logGet(43)) - raft.server.sleep.deviation.threshold = 300 (default)
2019-10-11 04:54:50,507 [pool-67-thread-1] INFO  server.RaftServerConfigKeys (ConfUtils.java:logGet(43)) - raft.server.log.appender.install.snapshot.enabled = false (custom)
2019-10-11 04:54:50,507 [pool-67-thread-1] INFO  impl.RaftServerImpl (ServerState.java:<init>(103)) - 3c863a86-f0e0-4c2a-8b91-a8d0f68ec9e3@group-CDD987D740BD: ConfigurationManager, init=-1: [45dc940c-71f1-4cb7-b25b-a82b712b179d:192.168.157.200:43469, 3c863a86-f0e0-4c2a-8b91-a8d0f68ec9e3:192.168.157.200:33160, 3452dafe-7a7c-46b8-888b-6c48499d0560:192.168.157.200:37763], old=null, confs=<EMPTY_MAP>
2019-10-11 04:54:50,507 [pool-67-thread-1] INFO  server.RaftServerConfigKeys (ConfUtils.java:logGet(43)) - raft.server.storage.dir = [/workdir/hadoop-ozone/integration-test/target/test-dir/MiniOzoneClusterImpl-44c36d6d-90e1-4198-8449-e8899faa44e9/datanode-4/data/ratis] (custom)
2019-10-11 04:54:50,507 [pool-47-thread-1] INFO  impl.RaftServerImpl (RaftServerImpl.java:<init>(95)) - 45dc940c-71f1-4cb7-b25b-a82b712b179d: new RaftServerImpl for group-CDD987D740BD:[45dc940c-71f1-4cb7-b25b-a82b712b179d:192.168.157.200:43469, 3c863a86-f0e0-4c2a-8b91-a8d0f68ec9e3:192.168.157.200:33160, 3452dafe-7a7c-46b8-888b-6c48499d0560:192.168.157.200:37763] with ContainerStateMachine:uninitialized
2019-10-11 04:54:50,507 [pool-47-thread-1] INFO  server.RaftServerConfigKeys (ConfUtils.java:logGet(43)) - raft.server.rpc.timeout.min = 1s (custom)
2019-10-11 04:54:50,508 [pool-67-thread-1] INFO  storage.RaftStorageDirectory (RaftStorageDirectory.java:analyzeStorage(246)) - The storage directory /workdir/hadoop-ozone/integration-test/target/test-dir/MiniOzoneClusterImpl-44c36d6d-90e1-4198-8449-e8899faa44e9/datanode-4/data/ratis/4012de3a-cf5d-4f97-8dd3-cdd987d740bd does not exist. Creating ...
2019-10-11 04:54:50,508 [pool-47-thread-1] INFO  server.RaftServerConfigKeys (ConfUtils.java:logGet(43)) - raft.server.rpc.timeout.max = 1200ms (custom)
2019-10-11 04:54:50,508 [pool-47-thread-1] INFO  server.RaftServerConfigKeys (ConfUtils.java:logGet(43)) - raft.server.rpcslowness.timeout = 120s (custom)
2019-10-11 04:54:50,508 [pool-47-thread-1] INFO  server.RaftServerConfigKeys (ConfUtils.java:logGet(43)) - raft.server.sleep.deviation.threshold = 300 (default)
2019-10-11 04:54:50,508 [pool-87-thread-1] INFO  impl.RaftServerImpl (RaftServerImpl.java:<init>(95)) - 3452dafe-7a7c-46b8-888b-6c48499d0560: new RaftServerImpl for group-CDD987D740BD:[45dc940c-71f1-4cb7-b25b-a82b712b179d:192.168.157.200:43469, 3c863a86-f0e0-4c2a-8b91-a8d0f68ec9e3:192.168.157.200:33160, 3452dafe-7a7c-46b8-888b-6c48499d0560:192.168.157.200:37763] with ContainerStateMachine:uninitialized
2019-10-11 04:54:50,508 [pool-47-thread-1] INFO  server.RaftServerConfigKeys (ConfUtils.java:logGet(43)) - raft.server.log.appender.install.snapshot.enabled = false (custom)
2019-10-11 04:54:50,509 [pool-87-thread-1] INFO  server.RaftServerConfigKeys (ConfUtils.java:logGet(43)) - raft.server.rpc.timeout.min = 1s (custom)
2019-10-11 04:54:50,509 [pool-47-thread-1] INFO  impl.RaftServerImpl (ServerState.java:<init>(103)) - 45dc940c-71f1-4cb7-b25b-a82b712b179d@group-CDD987D740BD: ConfigurationManager, init=-1: [45dc940c-71f1-4cb7-b25b-a82b712b179d:192.168.157.200:43469, 3c863a86-f0e0-4c2a-8b91-a8d0f68ec9e3:192.168.157.200:33160, 3452dafe-7a7c-46b8-888b-6c48499d0560:192.168.157.200:37763], old=null, confs=<EMPTY_MAP>
2019-10-11 04:54:50,509 [pool-87-thread-1] INFO  server.RaftServerConfigKeys (ConfUtils.java:logGet(43)) - raft.server.rpc.timeout.max = 1200ms (custom)
2019-10-11 04:54:50,509 [pool-47-thread-1] INFO  server.RaftServerConfigKeys (ConfUtils.java:logGet(43)) - raft.server.storage.dir = [/workdir/hadoop-ozone/integration-test/target/test-dir/MiniOzoneClusterImpl-44c36d6d-90e1-4198-8449-e8899faa44e9/datanode-2/data/ratis] (custom)
2019-10-11 04:54:50,509 [pool-87-thread-1] INFO  server.RaftServerConfigKeys (ConfUtils.java:logGet(43)) - raft.server.rpcslowness.timeout = 120s (custom)
2019-10-11 04:54:50,510 [pool-87-thread-1] INFO  server.RaftServerConfigKeys (ConfUtils.java:logGet(43)) - raft.server.sleep.deviation.threshold = 300 (default)
2019-10-11 04:54:50,510 [pool-47-thread-1] INFO  storage.RaftStorageDirectory (RaftStorageDirectory.java:analyzeStorage(246)) - The storage directory /workdir/hadoop-ozone/integration-test/target/test-dir/MiniOzoneClusterImpl-44c36d6d-90e1-4198-8449-e8899faa44e9/datanode-2/data/ratis/4012de3a-cf5d-4f97-8dd3-cdd987d740bd does not exist. Creating ...
2019-10-11 04:54:50,510 [pool-87-thread-1] INFO  server.RaftServerConfigKeys (ConfUtils.java:logGet(43)) - raft.server.log.appender.install.snapshot.enabled = false (custom)
2019-10-11 04:54:50,510 [pool-87-thread-1] INFO  impl.RaftServerImpl (ServerState.java:<init>(103)) - 3452dafe-7a7c-46b8-888b-6c48499d0560@group-CDD987D740BD: ConfigurationManager, init=-1: [45dc940c-71f1-4cb7-b25b-a82b712b179d:192.168.157.200:43469, 3c863a86-f0e0-4c2a-8b91-a8d0f68ec9e3:192.168.157.200:33160, 3452dafe-7a7c-46b8-888b-6c48499d0560:192.168.157.200:37763], old=null, confs=<EMPTY_MAP>
2019-10-11 04:54:50,510 [pool-87-thread-1] INFO  server.RaftServerConfigKeys (ConfUtils.java:logGet(43)) - raft.server.storage.dir = [/workdir/hadoop-ozone/integration-test/target/test-dir/MiniOzoneClusterImpl-44c36d6d-90e1-4198-8449-e8899faa44e9/datanode-6/data/ratis] (custom)
2019-10-11 04:54:50,511 [pool-87-thread-1] INFO  storage.RaftStorageDirectory (RaftStorageDirectory.java:analyzeStorage(246)) - The storage directory /workdir/hadoop-ozone/integration-test/target/test-dir/MiniOzoneClusterImpl-44c36d6d-90e1-4198-8449-e8899faa44e9/datanode-6/data/ratis/4012de3a-cf5d-4f97-8dd3-cdd987d740bd does not exist. Creating ...
2019-10-11 04:54:50,521 [pool-47-thread-1] INFO  storage.RaftStorageDirectory (RaftStorageDirectory.java:tryLock(328)) - Lock on /workdir/hadoop-ozone/integration-test/target/test-dir/MiniOzoneClusterImpl-44c36d6d-90e1-4198-8449-e8899faa44e9/datanode-2/data/ratis/4012de3a-cf5d-4f97-8dd3-cdd987d740bd/in_use.lock acquired by nodename 16587@pr-hdds-1569-qjnzd-3726989565
2019-10-11 04:54:50,521 [pool-67-thread-1] INFO  storage.RaftStorageDirectory (RaftStorageDirectory.java:tryLock(328)) - Lock on /workdir/hadoop-ozone/integration-test/target/test-dir/MiniOzoneClusterImpl-44c36d6d-90e1-4198-8449-e8899faa44e9/datanode-4/data/ratis/4012de3a-cf5d-4f97-8dd3-cdd987d740bd/in_use.lock acquired by nodename 16587@pr-hdds-1569-qjnzd-3726989565
2019-10-11 04:54:50,521 [pool-87-thread-1] INFO  storage.RaftStorageDirectory (RaftStorageDirectory.java:tryLock(328)) - Lock on /workdir/hadoop-ozone/integration-test/target/test-dir/MiniOzoneClusterImpl-44c36d6d-90e1-4198-8449-e8899faa44e9/datanode-6/data/ratis/4012de3a-cf5d-4f97-8dd3-cdd987d740bd/in_use.lock acquired by nodename 16587@pr-hdds-1569-qjnzd-3726989565
2019-10-11 04:54:50,535 [pool-87-thread-1] INFO  storage.RaftStorage (RaftStorage.java:format(72)) - Storage directory /workdir/hadoop-ozone/integration-test/target/test-dir/MiniOzoneClusterImpl-44c36d6d-90e1-4198-8449-e8899faa44e9/datanode-6/data/ratis/4012de3a-cf5d-4f97-8dd3-cdd987d740bd has been successfully formatted.
2019-10-11 04:54:50,535 [pool-47-thread-1] INFO  storage.RaftStorage (RaftStorage.java:format(72)) - Storage directory /workdir/hadoop-ozone/integration-test/target/test-dir/MiniOzoneClusterImpl-44c36d6d-90e1-4198-8449-e8899faa44e9/datanode-2/data/ratis/4012de3a-cf5d-4f97-8dd3-cdd987d740bd has been successfully formatted.
2019-10-11 04:54:50,535 [pool-67-thread-1] INFO  storage.RaftStorage (RaftStorage.java:format(72)) - Storage directory /workdir/hadoop-ozone/integration-test/target/test-dir/MiniOzoneClusterImpl-44c36d6d-90e1-4198-8449-e8899faa44e9/datanode-4/data/ratis/4012de3a-cf5d-4f97-8dd3-cdd987d740bd has been successfully formatted.
2019-10-11 04:54:50,536 [pool-87-thread-1] INFO  ratis.ContainerStateMachine (ContainerStateMachine.java:loadSnapshot(230)) - group-CDD987D740BD: The snapshot info is null. Setting the last applied indexto:(t:0, i:~)
2019-10-11 04:54:50,536 [pool-47-thread-1] INFO  ratis.ContainerStateMachine (ContainerStateMachine.java:loadSnapshot(230)) - group-CDD987D740BD: The snapshot info is null. Setting the last applied indexto:(t:0, i:~)
2019-10-11 04:54:50,536 [pool-87-thread-1] INFO  server.RaftServerConfigKeys (ConfUtils.java:logGet(43)) - raft.server.notification.no-leader.timeout = 120s (custom)
2019-10-11 04:54:50,536 [pool-67-thread-1] INFO  ratis.ContainerStateMachine (ContainerStateMachine.java:loadSnapshot(230)) - group-CDD987D740BD: The snapshot info is null. Setting the last applied indexto:(t:0, i:~)
2019-10-11 04:54:50,536 [pool-87-thread-1] INFO  server.RaftServerConfigKeys (ConfUtils.java:logGet(43)) - raft.server.log.use.memory = false (default)
2019-10-11 04:54:50,536 [pool-47-thread-1] INFO  server.RaftServerConfigKeys (ConfUtils.java:logGet(43)) - raft.server.notification.no-leader.timeout = 120s (custom)
2019-10-11 04:54:50,537 [pool-87-thread-1] INFO  server.RaftServerConfigKeys (ConfUtils.java:logGet(43)) - raft.server.log.purge.gap = 1000000 (custom)
2019-10-11 04:54:50,537 [pool-67-thread-1] INFO  server.RaftServerConfigKeys (ConfUtils.java:logGet(43)) - raft.server.notification.no-leader.timeout = 120s (custom)
2019-10-11 04:54:50,537 [pool-87-thread-1] INFO  server.RaftServerConfigKeys (ConfUtils.java:logGet(43)) - raft.server.log.appender.buffer.byte-limit = 33554432 (custom)
2019-10-11 04:54:50,537 [pool-47-thread-1] INFO  server.RaftServerConfigKeys (ConfUtils.java:logGet(43)) - raft.server.log.use.memory = false (default)
2019-10-11 04:54:50,537 [pool-87-thread-1] INFO  server.RaftServerConfigKeys (ConfUtils.java:logGet(43)) - raft.server.log.segment.size.max = 1048576 (custom)
2019-10-11 04:54:50,537 [pool-67-thread-1] INFO  server.RaftServerConfigKeys (ConfUtils.java:logGet(43)) - raft.server.log.use.memory = false (default)
2019-10-11 04:54:50,537 [pool-87-thread-1] INFO  server.RaftServerConfigKeys (ConfUtils.java:logGet(43)) - raft.server.log.segment.cache.num.max = 2 (custom)
2019-10-11 04:54:50,537 [pool-47-thread-1] INFO  server.RaftServerConfigKeys (ConfUtils.java:logGet(43)) - raft.server.log.purge.gap = 1000000 (custom)
2019-10-11 04:54:50,538 [pool-87-thread-1] INFO  segmented.SegmentedRaftLogWorker (SegmentedRaftLogWorker.java:<init>(172)) - new 3452dafe-7a7c-46b8-888b-6c48499d0560@group-CDD987D740BD-SegmentedRaftLogWorker for RaftStorage:Storage Directory /workdir/hadoop-ozone/integration-test/target/test-dir/MiniOzoneClusterImpl-44c36d6d-90e1-4198-8449-e8899faa44e9/datanode-6/data/ratis/4012de3a-cf5d-4f97-8dd3-cdd987d740bd
2019-10-11 04:54:50,538 [pool-67-thread-1] INFO  server.RaftServerConfigKeys (ConfUtils.java:logGet(43)) - raft.server.log.purge.gap = 1000000 (custom)
2019-10-11 04:54:50,538 [pool-47-thread-1] INFO  server.RaftServerConfigKeys (ConfUtils.java:logGet(43)) - raft.server.log.appender.buffer.byte-limit = 33554432 (custom)
2019-10-11 04:54:50,538 [pool-87-thread-1] INFO  server.RaftServerConfigKeys (ConfUtils.java:logGet(43)) - raft.server.log.queue.byte-limit = 2147483647 (custom)
2019-10-11 04:54:50,538 [pool-67-thread-1] INFO  server.RaftServerConfigKeys (ConfUtils.java:logGet(43)) - raft.server.log.appender.buffer.byte-limit = 33554432 (custom)
2019-10-11 04:54:50,538 [pool-87-thread-1] INFO  server.RaftServerConfigKeys (ConfUtils.java:logGet(43)) - raft.server.log.queue.element-limit = 1024 (custom)
2019-10-11 04:54:50,538 [pool-47-thread-1] INFO  server.RaftServerConfigKeys (ConfUtils.java:logGet(43)) - raft.server.log.segment.size.max = 1048576 (custom)
2019-10-11 04:54:50,539 [pool-87-thread-1] INFO  server.RaftServerConfigKeys (ConfUtils.java:logGet(43)) - raft.server.log.segment.size.max = 1048576 (custom)
2019-10-11 04:54:50,539 [pool-67-thread-1] INFO  server.RaftServerConfigKeys (ConfUtils.java:logGet(43)) - raft.server.log.segment.size.max = 1048576 (custom)
2019-10-11 04:54:50,539 [pool-87-thread-1] INFO  server.RaftServerConfigKeys (ConfUtils.java:logGet(43)) - raft.server.log.preallocated.size = 16384 (custom)
2019-10-11 04:54:50,539 [pool-47-thread-1] INFO  server.RaftServerConfigKeys (ConfUtils.java:logGet(43)) - raft.server.log.segment.cache.num.max = 2 (custom)
2019-10-11 04:54:50,539 [pool-87-thread-1] INFO  server.RaftServerConfigKeys (ConfUtils.java:logGet(43)) - raft.server.log.write.buffer.size = 33554432 (custom)
2019-10-11 04:54:50,539 [pool-67-thread-1] INFO  server.RaftServerConfigKeys (ConfUtils.java:logGet(43)) - raft.server.log.segment.cache.num.max = 2 (custom)
2019-10-11 04:54:50,540 [pool-87-thread-1] INFO  server.RaftServerConfigKeys (ConfUtils.java:logGet(43)) - raft.server.log.force.sync.num = 128 (default)
2019-10-11 04:54:50,539 [pool-47-thread-1] INFO  segmented.SegmentedRaftLogWorker (SegmentedRaftLogWorker.java:<init>(172)) - new 45dc940c-71f1-4cb7-b25b-a82b712b179d@group-CDD987D740BD-SegmentedRaftLogWorker for RaftStorage:Storage Directory /workdir/hadoop-ozone/integration-test/target/test-dir/MiniOzoneClusterImpl-44c36d6d-90e1-4198-8449-e8899faa44e9/datanode-2/data/ratis/4012de3a-cf5d-4f97-8dd3-cdd987d740bd
2019-10-11 04:54:50,540 [pool-87-thread-1] INFO  server.RaftServerConfigKeys (ConfUtils.java:logGet(43)) - raft.server.log.statemachine.data.sync = true (default)
2019-10-11 04:54:50,540 [pool-67-thread-1] INFO  segmented.SegmentedRaftLogWorker (SegmentedRaftLogWorker.java:<init>(172)) - new 3c863a86-f0e0-4c2a-8b91-a8d0f68ec9e3@group-CDD987D740BD-SegmentedRaftLogWorker for RaftStorage:Storage Directory /workdir/hadoop-ozone/integration-test/target/test-dir/MiniOzoneClusterImpl-44c36d6d-90e1-4198-8449-e8899faa44e9/datanode-4/data/ratis/4012de3a-cf5d-4f97-8dd3-cdd987d740bd
2019-10-11 04:54:50,540 [pool-87-thread-1] INFO  server.RaftServerConfigKeys (ConfUtils.java:logGet(43)) - raft.server.log.statemachine.data.sync.timeout = 10s (default)
2019-10-11 04:54:50,540 [pool-47-thread-1] INFO  server.RaftServerConfigKeys (ConfUtils.java:logGet(43)) - raft.server.log.queue.byte-limit = 2147483647 (custom)
2019-10-11 04:54:50,540 [pool-87-thread-1] INFO  server.RaftServerConfigKeys (ConfUtils.java:logGet(43)) - raft.server.log.statemachine.data.sync.timeout.retry = -1 (default)
2019-10-11 04:54:50,540 [pool-67-thread-1] INFO  server.RaftServerConfigKeys (ConfUtils.java:logGet(43)) - raft.server.log.queue.byte-limit = 2147483647 (custom)
2019-10-11 04:54:50,541 [pool-87-thread-1] INFO  server.RaftServerConfigKeys (ConfUtils.java:logGet(43)) - raft.server.log.statemachine.data.caching.enabled = true (custom)
2019-10-11 04:54:50,541 [pool-67-thread-1] INFO  server.RaftServerConfigKeys (ConfUtils.java:logGet(43)) - raft.server.log.queue.element-limit = 1024 (custom)
2019-10-11 04:54:50,541 [pool-47-thread-1] INFO  server.RaftServerConfigKeys (ConfUtils.java:logGet(43)) - raft.server.log.queue.element-limit = 1024 (custom)
2019-10-11 04:54:50,541 [pool-87-thread-1] INFO  segmented.SegmentedRaftLogWorker (SegmentedRaftLogWorker.java:lambda$new$0(132)) - 3452dafe-7a7c-46b8-888b-6c48499d0560@group-CDD987D740BD-SegmentedRaftLogWorker: flushIndex: setUnconditionally 0 -> -1
2019-10-11 04:54:50,541 [pool-67-thread-1] INFO  server.RaftServerConfigKeys (ConfUtils.java:logGet(43)) - raft.server.log.segment.size.max = 1048576 (custom)
2019-10-11 04:54:50,541 [pool-47-thread-1] INFO  server.RaftServerConfigKeys (ConfUtils.java:logGet(43)) - raft.server.log.segment.size.max = 1048576 (custom)
2019-10-11 04:54:50,542 [pool-67-thread-1] INFO  server.RaftServerConfigKeys (ConfUtils.java:logGet(43)) - raft.server.log.preallocated.size = 16384 (custom)
2019-10-11 04:54:50,542 [pool-87-thread-1] INFO  server.RaftServerConfigKeys (ConfUtils.java:logGet(43)) - raft.server.snapshot.auto.trigger.enabled = true (custom)
2019-10-11 04:54:50,542 [pool-67-thread-1] INFO  server.RaftServerConfigKeys (ConfUtils.java:logGet(43)) - raft.server.log.write.buffer.size = 33554432 (custom)
2019-10-11 04:54:50,542 [pool-47-thread-1] INFO  server.RaftServerConfigKeys (ConfUtils.java:logGet(43)) - raft.server.log.preallocated.size = 16384 (custom)
2019-10-11 04:54:50,542 [pool-67-thread-1] INFO  server.RaftServerConfigKeys (ConfUtils.java:logGet(43)) - raft.server.log.force.sync.num = 128 (default)
2019-10-11 04:54:50,542 [pool-87-thread-1] INFO  server.RaftServerConfigKeys (ConfUtils.java:logGet(43)) - raft.server.snapshot.auto.trigger.threshold = 10000 (custom)
2019-10-11 04:54:50,543 [pool-67-thread-1] INFO  server.RaftServerConfigKeys (ConfUtils.java:logGet(43)) - raft.server.log.statemachine.data.sync = true (default)
2019-10-11 04:54:50,542 [pool-47-thread-1] INFO  server.RaftServerConfigKeys (ConfUtils.java:logGet(43)) - raft.server.log.write.buffer.size = 33554432 (custom)
2019-10-11 04:54:50,543 [pool-67-thread-1] INFO  server.RaftServerConfigKeys (ConfUtils.java:logGet(43)) - raft.server.log.statemachine.data.sync.timeout = 10s (default)
2019-10-11 04:54:50,543 [pool-87-thread-1] INFO  server.RaftServerConfigKeys (ConfUtils.java:logGet(43)) - raft.server.snapshot.retention.num.files = 5 (custom)
2019-10-11 04:54:50,543 [pool-67-thread-1] INFO  server.RaftServerConfigKeys (ConfUtils.java:logGet(43)) - raft.server.log.statemachine.data.sync.timeout.retry = -1 (default)
2019-10-11 04:54:50,543 [pool-87-thread-1] INFO  server.RaftServerConfigKeys (ConfUtils.java:logGet(43)) - raft.server.retrycache.expirytime = 600000ms (custom)
2019-10-11 04:54:50,543 [pool-47-thread-1] INFO  server.RaftServerConfigKeys (ConfUtils.java:logGet(43)) - raft.server.log.force.sync.num = 128 (default)
2019-10-11 04:54:50,543 [pool-67-thread-1] INFO  server.RaftServerConfigKeys (ConfUtils.java:logGet(43)) - raft.server.log.statemachine.data.caching.enabled = true (custom)
2019-10-11 04:54:50,544 [pool-47-thread-1] INFO  server.RaftServerConfigKeys (ConfUtils.java:logGet(43)) - raft.server.log.statemachine.data.sync = true (default)
2019-10-11 04:54:50,544 [pool-67-thread-1] INFO  segmented.SegmentedRaftLogWorker (SegmentedRaftLogWorker.java:lambda$new$0(132)) - 3c863a86-f0e0-4c2a-8b91-a8d0f68ec9e3@group-CDD987D740BD-SegmentedRaftLogWorker: flushIndex: setUnconditionally 0 -> -1
2019-10-11 04:54:50,544 [pool-47-thread-1] INFO  server.RaftServerConfigKeys (ConfUtils.java:logGet(43)) - raft.server.log.statemachine.data.sync.timeout = 10s (default)
2019-10-11 04:54:50,544 [pool-67-thread-1] INFO  server.RaftServerConfigKeys (ConfUtils.java:logGet(43)) - raft.server.snapshot.auto.trigger.enabled = true (custom)
2019-10-11 04:54:50,544 [pool-47-thread-1] INFO  server.RaftServerConfigKeys (ConfUtils.java:logGet(43)) - raft.server.log.statemachine.data.sync.timeout.retry = -1 (default)
2019-10-11 04:54:50,544 [pool-67-thread-1] INFO  server.RaftServerConfigKeys (ConfUtils.java:logGet(43)) - raft.server.snapshot.auto.trigger.threshold = 10000 (custom)
2019-10-11 04:54:50,545 [pool-67-thread-1] INFO  server.RaftServerConfigKeys (ConfUtils.java:logGet(43)) - raft.server.snapshot.retention.num.files = 5 (custom)
2019-10-11 04:54:50,545 [pool-47-thread-1] INFO  server.RaftServerConfigKeys (ConfUtils.java:logGet(43)) - raft.server.log.statemachine.data.caching.enabled = true (custom)
2019-10-11 04:54:50,545 [pool-67-thread-1] INFO  server.RaftServerConfigKeys (ConfUtils.java:logGet(43)) - raft.server.retrycache.expirytime = 600000ms (custom)
2019-10-11 04:54:50,545 [pool-47-thread-1] INFO  segmented.SegmentedRaftLogWorker (SegmentedRaftLogWorker.java:lambda$new$0(132)) - 45dc940c-71f1-4cb7-b25b-a82b712b179d@group-CDD987D740BD-SegmentedRaftLogWorker: flushIndex: setUnconditionally 0 -> -1
2019-10-11 04:54:50,546 [pool-47-thread-1] INFO  server.RaftServerConfigKeys (ConfUtils.java:logGet(43)) - raft.server.snapshot.auto.trigger.enabled = true (custom)
2019-10-11 04:54:50,546 [pool-47-thread-1] INFO  server.RaftServerConfigKeys (ConfUtils.java:logGet(43)) - raft.server.snapshot.auto.trigger.threshold = 10000 (custom)
2019-10-11 04:54:50,546 [pool-47-thread-1] INFO  server.RaftServerConfigKeys (ConfUtils.java:logGet(43)) - raft.server.snapshot.retention.num.files = 5 (custom)
2019-10-11 04:54:50,546 [pool-47-thread-1] INFO  server.RaftServerConfigKeys (ConfUtils.java:logGet(43)) - raft.server.retrycache.expirytime = 600000ms (custom)
2019-10-11 04:54:50,547 [pool-87-thread-1] INFO  impl.RaftServerImpl (RaftServerImpl.java:start(185)) - 3452dafe-7a7c-46b8-888b-6c48499d0560@group-CDD987D740BD: start as a follower, conf=-1: [45dc940c-71f1-4cb7-b25b-a82b712b179d:192.168.157.200:43469, 3c863a86-f0e0-4c2a-8b91-a8d0f68ec9e3:192.168.157.200:33160, 3452dafe-7a7c-46b8-888b-6c48499d0560:192.168.157.200:37763], old=null
2019-10-11 04:54:50,547 [pool-87-thread-1] INFO  impl.RaftServerImpl (RaftServerImpl.java:setRole(174)) - 3452dafe-7a7c-46b8-888b-6c48499d0560@group-CDD987D740BD: changes role from      null to FOLLOWER at term 0 for startAsFollower
2019-10-11 04:54:50,547 [pool-87-thread-1] INFO  impl.RoleInfo (RoleInfo.java:updateAndGet(143)) - 3452dafe-7a7c-46b8-888b-6c48499d0560: start FollowerState
2019-10-11 04:54:50,548 [pool-87-thread-1] INFO  util.JmxRegister (JmxRegister.java:tryRegister(44)) - Successfully registered JMX Bean with object name Ratis:service=RaftServer,group=group-CDD987D740BD,id=3452dafe-7a7c-46b8-888b-6c48499d0560
2019-10-11 04:54:50,548 [pool-67-thread-1] INFO  impl.RaftServerImpl (RaftServerImpl.java:start(185)) - 3c863a86-f0e0-4c2a-8b91-a8d0f68ec9e3@group-CDD987D740BD: start as a follower, conf=-1: [45dc940c-71f1-4cb7-b25b-a82b712b179d:192.168.157.200:43469, 3c863a86-f0e0-4c2a-8b91-a8d0f68ec9e3:192.168.157.200:33160, 3452dafe-7a7c-46b8-888b-6c48499d0560:192.168.157.200:37763], old=null
2019-10-11 04:54:50,548 [pool-67-thread-1] INFO  impl.RaftServerImpl (RaftServerImpl.java:setRole(174)) - 3c863a86-f0e0-4c2a-8b91-a8d0f68ec9e3@group-CDD987D740BD: changes role from      null to FOLLOWER at term 0 for startAsFollower
2019-10-11 04:54:50,548 [pool-67-thread-1] INFO  impl.RoleInfo (RoleInfo.java:updateAndGet(143)) - 3c863a86-f0e0-4c2a-8b91-a8d0f68ec9e3: start FollowerState
2019-10-11 04:54:50,548 [pool-67-thread-1] INFO  util.JmxRegister (JmxRegister.java:tryRegister(44)) - Successfully registered JMX Bean with object name Ratis:service=RaftServer,group=group-CDD987D740BD,id=3c863a86-f0e0-4c2a-8b91-a8d0f68ec9e3
2019-10-11 04:54:50,557 [pool-47-thread-1] INFO  impl.RaftServerImpl (RaftServerImpl.java:start(185)) - 45dc940c-71f1-4cb7-b25b-a82b712b179d@group-CDD987D740BD: start as a follower, conf=-1: [45dc940c-71f1-4cb7-b25b-a82b712b179d:192.168.157.200:43469, 3c863a86-f0e0-4c2a-8b91-a8d0f68ec9e3:192.168.157.200:33160, 3452dafe-7a7c-46b8-888b-6c48499d0560:192.168.157.200:37763], old=null
2019-10-11 04:54:50,559 [pool-47-thread-1] INFO  impl.RaftServerImpl (RaftServerImpl.java:setRole(174)) - 45dc940c-71f1-4cb7-b25b-a82b712b179d@group-CDD987D740BD: changes role from      null to FOLLOWER at term 0 for startAsFollower
2019-10-11 04:54:50,559 [pool-47-thread-1] INFO  impl.RoleInfo (RoleInfo.java:updateAndGet(143)) - 45dc940c-71f1-4cb7-b25b-a82b712b179d: start FollowerState
2019-10-11 04:54:50,565 [pool-47-thread-1] INFO  util.JmxRegister (JmxRegister.java:tryRegister(44)) - Successfully registered JMX Bean with object name Ratis:service=RaftServer,group=group-CDD987D740BD,id=45dc940c-71f1-4cb7-b25b-a82b712b179d
2019-10-11 04:54:50,578 [RatisPipelineUtilsThread] INFO  pipeline.PipelineStateManager (PipelineStateManager.java:addPipeline(56)) - Created pipeline Pipeline[ Id: 4012de3a-cf5d-4f97-8dd3-cdd987d740bd, Nodes: 3452dafe-7a7c-46b8-888b-6c48499d0560{ip: 192.168.157.200, host: pr-hdds-1569-qjnzd-3726989565, networkLocation: /default-rack, certSerialId: null}45dc940c-71f1-4cb7-b25b-a82b712b179d{ip: 192.168.157.200, host: pr-hdds-1569-qjnzd-3726989565, networkLocation: /default-rack, certSerialId: null}3c863a86-f0e0-4c2a-8b91-a8d0f68ec9e3{ip: 192.168.157.200, host: pr-hdds-1569-qjnzd-3726989565, networkLocation: /default-rack, certSerialId: null}, Type:RATIS, Factor:THREE, State:OPEN]
2019-10-11 04:54:50,578 [RatisPipelineUtilsThread] INFO  pipeline.PipelinePlacementPolicy (PipelinePlacementPolicy.java:meetCriteria(104)) - Pipeline Placement: can't place more pipeline on heavy datanode： 45dc940c-71f1-4cb7-b25b-a82b712b179d Heaviness: 3 limit: 3
2019-10-11 04:54:50,579 [RatisPipelineUtilsThread] INFO  pipeline.PipelinePlacementPolicy (PipelinePlacementPolicy.java:meetCriteria(104)) - Pipeline Placement: can't place more pipeline on heavy datanode： 3c863a86-f0e0-4c2a-8b91-a8d0f68ec9e3 Heaviness: 3 limit: 3
2019-10-11 04:54:50,579 [RatisPipelineUtilsThread] INFO  pipeline.PipelinePlacementPolicy (PipelinePlacementPolicy.java:meetCriteria(104)) - Pipeline Placement: can't place more pipeline on heavy datanode： 3452dafe-7a7c-46b8-888b-6c48499d0560 Heaviness: 3 limit: 3
2019-10-11 04:54:50,615 [grpc-default-executor-1] INFO  impl.RaftServerProxy (RaftServerProxy.java:addNew(89)) - f486f1b0-a775-4c38-857e-a3674efc25f6: addNew group-B594624CFC31:[f486f1b0-a775-4c38-857e-a3674efc25f6:192.168.157.200:46251, 85dedb5c-0475-48d6-91a5-f8922a1c9690:192.168.157.200:34929, af93d71e-9597-43d1-a0d9-fd03e0850daa:192.168.157.200:36925] returns group-B594624CFC31:java.util.concurrent.CompletableFuture@293f3e7b[Not completed]
2019-10-11 04:54:50,615 [grpc-default-executor-0] INFO  impl.RaftServerProxy (RaftServerProxy.java:addNew(89)) - 85dedb5c-0475-48d6-91a5-f8922a1c9690: addNew group-B594624CFC31:[f486f1b0-a775-4c38-857e-a3674efc25f6:192.168.157.200:46251, 85dedb5c-0475-48d6-91a5-f8922a1c9690:192.168.157.200:34929, af93d71e-9597-43d1-a0d9-fd03e0850daa:192.168.157.200:36925] returns group-B594624CFC31:java.util.concurrent.CompletableFuture@6cabecbe[Not completed]
2019-10-11 04:54:50,617 [grpc-default-executor-2] INFO  impl.RaftServerProxy (RaftServerProxy.java:addNew(89)) - af93d71e-9597-43d1-a0d9-fd03e0850daa: addNew group-B594624CFC31:[f486f1b0-a775-4c38-857e-a3674efc25f6:192.168.157.200:46251, 85dedb5c-0475-48d6-91a5-f8922a1c9690:192.168.157.200:34929, af93d71e-9597-43d1-a0d9-fd03e0850daa:192.168.157.200:36925] returns group-B594624CFC31:java.util.concurrent.CompletableFuture@1318f20a[Not completed]
2019-10-11 04:54:50,619 [pool-77-thread-1] INFO  impl.RaftServerImpl (RaftServerImpl.java:<init>(95)) - f486f1b0-a775-4c38-857e-a3674efc25f6: new RaftServerImpl for group-B594624CFC31:[f486f1b0-a775-4c38-857e-a3674efc25f6:192.168.157.200:46251, 85dedb5c-0475-48d6-91a5-f8922a1c9690:192.168.157.200:34929, af93d71e-9597-43d1-a0d9-fd03e0850daa:192.168.157.200:36925] with ContainerStateMachine:uninitialized
2019-10-11 04:54:50,619 [pool-77-thread-1] INFO  server.RaftServerConfigKeys (ConfUtils.java:logGet(43)) - raft.server.rpc.timeout.min = 1s (custom)
2019-10-11 04:54:50,619 [pool-77-thread-1] INFO  server.RaftServerConfigKeys (ConfUtils.java:logGet(43)) - raft.server.rpc.timeout.max = 1200ms (custom)
2019-10-11 04:54:50,619 [pool-77-thread-1] INFO  server.RaftServerConfigKeys (ConfUtils.java:logGet(43)) - raft.server.rpcslowness.timeout = 120s (custom)
2019-10-11 04:54:50,619 [pool-77-thread-1] INFO  server.RaftServerConfigKeys (ConfUtils.java:logGet(43)) - raft.server.sleep.deviation.threshold = 300 (default)
2019-10-11 04:54:50,620 [pool-77-thread-1] INFO  server.RaftServerConfigKeys (ConfUtils.java:logGet(43)) - raft.server.log.appender.install.snapshot.enabled = false (custom)
2019-10-11 04:54:50,620 [pool-57-thread-1] INFO  impl.RaftServerImpl (RaftServerImpl.java:<init>(95)) - af93d71e-9597-43d1-a0d9-fd03e0850daa: new RaftServerImpl for group-B594624CFC31:[f486f1b0-a775-4c38-857e-a3674efc25f6:192.168.157.200:46251, 85dedb5c-0475-48d6-91a5-f8922a1c9690:192.168.157.200:34929, af93d71e-9597-43d1-a0d9-fd03e0850daa:192.168.157.200:36925] with ContainerStateMachine:uninitialized
2019-10-11 04:54:50,620 [pool-77-thread-1] INFO  impl.RaftServerImpl (ServerState.java:<init>(103)) - f486f1b0-a775-4c38-857e-a3674efc25f6@group-B594624CFC31: ConfigurationManager, init=-1: [f486f1b0-a775-4c38-857e-a3674efc25f6:192.168.157.200:46251, 85dedb5c-0475-48d6-91a5-f8922a1c9690:192.168.157.200:34929, af93d71e-9597-43d1-a0d9-fd03e0850daa:192.168.157.200:36925], old=null, confs=<EMPTY_MAP>
2019-10-11 04:54:50,620 [pool-57-thread-1] INFO  server.RaftServerConfigKeys (ConfUtils.java:logGet(43)) - raft.server.rpc.timeout.min = 1s (custom)
2019-10-11 04:54:50,620 [pool-77-thread-1] INFO  server.RaftServerConfigKeys (ConfUtils.java:logGet(43)) - raft.server.storage.dir = [/workdir/hadoop-ozone/integration-test/target/test-dir/MiniOzoneClusterImpl-44c36d6d-90e1-4198-8449-e8899faa44e9/datanode-5/data/ratis] (custom)
2019-10-11 04:54:50,620 [pool-57-thread-1] INFO  server.RaftServerConfigKeys (ConfUtils.java:logGet(43)) - raft.server.rpc.timeout.max = 1200ms (custom)
2019-10-11 04:54:50,621 [pool-57-thread-1] INFO  server.RaftServerConfigKeys (ConfUtils.java:logGet(43)) - raft.server.rpcslowness.timeout = 120s (custom)
2019-10-11 04:54:50,621 [pool-57-thread-1] INFO  server.RaftServerConfigKeys (ConfUtils.java:logGet(43)) - raft.server.sleep.deviation.threshold = 300 (default)
2019-10-11 04:54:50,621 [pool-77-thread-1] INFO  storage.RaftStorageDirectory (RaftStorageDirectory.java:analyzeStorage(246)) - The storage directory /workdir/hadoop-ozone/integration-test/target/test-dir/MiniOzoneClusterImpl-44c36d6d-90e1-4198-8449-e8899faa44e9/datanode-5/data/ratis/5b26041f-e257-4eb4-bd98-b594624cfc31 does not exist. Creating ...
2019-10-11 04:54:50,621 [pool-57-thread-1] INFO  server.RaftServerConfigKeys (ConfUtils.java:logGet(43)) - raft.server.log.appender.install.snapshot.enabled = false (custom)
2019-10-11 04:54:50,621 [pool-57-thread-1] INFO  impl.RaftServerImpl (ServerState.java:<init>(103)) - af93d71e-9597-43d1-a0d9-fd03e0850daa@group-B594624CFC31: ConfigurationManager, init=-1: [f486f1b0-a775-4c38-857e-a3674efc25f6:192.168.157.200:46251, 85dedb5c-0475-48d6-91a5-f8922a1c9690:192.168.157.200:34929, af93d71e-9597-43d1-a0d9-fd03e0850daa:192.168.157.200:36925], old=null, confs=<EMPTY_MAP>
2019-10-11 04:54:50,621 [pool-27-thread-1] INFO  impl.RaftServerImpl (RaftServerImpl.java:<init>(95)) - 85dedb5c-0475-48d6-91a5-f8922a1c9690: new RaftServerImpl for group-B594624CFC31:[f486f1b0-a775-4c38-857e-a3674efc25f6:192.168.157.200:46251, 85dedb5c-0475-48d6-91a5-f8922a1c9690:192.168.157.200:34929, af93d71e-9597-43d1-a0d9-fd03e0850daa:192.168.157.200:36925] with ContainerStateMachine:uninitialized
2019-10-11 04:54:50,621 [pool-57-thread-1] INFO  server.RaftServerConfigKeys (ConfUtils.java:logGet(43)) - raft.server.storage.dir = [/workdir/hadoop-ozone/integration-test/target/test-dir/MiniOzoneClusterImpl-44c36d6d-90e1-4198-8449-e8899faa44e9/datanode-3/data/ratis] (custom)
2019-10-11 04:54:50,622 [pool-27-thread-1] INFO  server.RaftServerConfigKeys (ConfUtils.java:logGet(43)) - raft.server.rpc.timeout.min = 1s (custom)
2019-10-11 04:54:50,622 [pool-57-thread-1] INFO  storage.RaftStorageDirectory (RaftStorageDirectory.java:analyzeStorage(246)) - The storage directory /workdir/hadoop-ozone/integration-test/target/test-dir/MiniOzoneClusterImpl-44c36d6d-90e1-4198-8449-e8899faa44e9/datanode-3/data/ratis/5b26041f-e257-4eb4-bd98-b594624cfc31 does not exist. Creating ...
2019-10-11 04:54:50,622 [pool-27-thread-1] INFO  server.RaftServerConfigKeys (ConfUtils.java:logGet(43)) - raft.server.rpc.timeout.max = 1200ms (custom)
2019-10-11 04:54:50,622 [pool-27-thread-1] INFO  server.RaftServerConfigKeys (ConfUtils.java:logGet(43)) - raft.server.rpcslowness.timeout = 120s (custom)
2019-10-11 04:54:50,622 [pool-27-thread-1] INFO  server.RaftServerConfigKeys (ConfUtils.java:logGet(43)) - raft.server.sleep.deviation.threshold = 300 (default)
2019-10-11 04:54:50,623 [pool-27-thread-1] INFO  server.RaftServerConfigKeys (ConfUtils.java:logGet(43)) - raft.server.log.appender.install.snapshot.enabled = false (custom)
2019-10-11 04:54:50,623 [pool-27-thread-1] INFO  impl.RaftServerImpl (ServerState.java:<init>(103)) - 85dedb5c-0475-48d6-91a5-f8922a1c9690@group-B594624CFC31: ConfigurationManager, init=-1: [f486f1b0-a775-4c38-857e-a3674efc25f6:192.168.157.200:46251, 85dedb5c-0475-48d6-91a5-f8922a1c9690:192.168.157.200:34929, af93d71e-9597-43d1-a0d9-fd03e0850daa:192.168.157.200:36925], old=null, confs=<EMPTY_MAP>
2019-10-11 04:54:50,623 [pool-27-thread-1] INFO  server.RaftServerConfigKeys (ConfUtils.java:logGet(43)) - raft.server.storage.dir = [/workdir/hadoop-ozone/integration-test/target/test-dir/MiniOzoneClusterImpl-44c36d6d-90e1-4198-8449-e8899faa44e9/datanode-0/data/ratis] (custom)
2019-10-11 04:54:50,624 [pool-27-thread-1] INFO  storage.RaftStorageDirectory (RaftStorageDirectory.java:analyzeStorage(246)) - The storage directory /workdir/hadoop-ozone/integration-test/target/test-dir/MiniOzoneClusterImpl-44c36d6d-90e1-4198-8449-e8899faa44e9/datanode-0/data/ratis/5b26041f-e257-4eb4-bd98-b594624cfc31 does not exist. Creating ...
2019-10-11 04:54:50,634 [pool-57-thread-1] INFO  storage.RaftStorageDirectory (RaftStorageDirectory.java:tryLock(328)) - Lock on /workdir/hadoop-ozone/integration-test/target/test-dir/MiniOzoneClusterImpl-44c36d6d-90e1-4198-8449-e8899faa44e9/datanode-3/data/ratis/5b26041f-e257-4eb4-bd98-b594624cfc31/in_use.lock acquired by nodename 16587@pr-hdds-1569-qjnzd-3726989565
2019-10-11 04:54:50,634 [pool-27-thread-1] INFO  storage.RaftStorageDirectory (RaftStorageDirectory.java:tryLock(328)) - Lock on /workdir/hadoop-ozone/integration-test/target/test-dir/MiniOzoneClusterImpl-44c36d6d-90e1-4198-8449-e8899faa44e9/datanode-0/data/ratis/5b26041f-e257-4eb4-bd98-b594624cfc31/in_use.lock acquired by nodename 16587@pr-hdds-1569-qjnzd-3726989565
2019-10-11 04:54:50,634 [pool-77-thread-1] INFO  storage.RaftStorageDirectory (RaftStorageDirectory.java:tryLock(328)) - Lock on /workdir/hadoop-ozone/integration-test/target/test-dir/MiniOzoneClusterImpl-44c36d6d-90e1-4198-8449-e8899faa44e9/datanode-5/data/ratis/5b26041f-e257-4eb4-bd98-b594624cfc31/in_use.lock acquired by nodename 16587@pr-hdds-1569-qjnzd-3726989565
2019-10-11 04:54:50,651 [pool-77-thread-1] INFO  storage.RaftStorage (RaftStorage.java:format(72)) - Storage directory /workdir/hadoop-ozone/integration-test/target/test-dir/MiniOzoneClusterImpl-44c36d6d-90e1-4198-8449-e8899faa44e9/datanode-5/data/ratis/5b26041f-e257-4eb4-bd98-b594624cfc31 has been successfully formatted.
2019-10-11 04:54:50,651 [pool-27-thread-1] INFO  storage.RaftStorage (RaftStorage.java:format(72)) - Storage directory /workdir/hadoop-ozone/integration-test/target/test-dir/MiniOzoneClusterImpl-44c36d6d-90e1-4198-8449-e8899faa44e9/datanode-0/data/ratis/5b26041f-e257-4eb4-bd98-b594624cfc31 has been successfully formatted.
2019-10-11 04:54:50,651 [pool-57-thread-1] INFO  storage.RaftStorage (RaftStorage.java:format(72)) - Storage directory /workdir/hadoop-ozone/integration-test/target/test-dir/MiniOzoneClusterImpl-44c36d6d-90e1-4198-8449-e8899faa44e9/datanode-3/data/ratis/5b26041f-e257-4eb4-bd98-b594624cfc31 has been successfully formatted.
2019-10-11 04:54:50,651 [pool-77-thread-1] INFO  ratis.ContainerStateMachine (ContainerStateMachine.java:loadSnapshot(230)) - group-B594624CFC31: The snapshot info is null. Setting the last applied indexto:(t:0, i:~)
2019-10-11 04:54:50,651 [pool-57-thread-1] INFO  ratis.ContainerStateMachine (ContainerStateMachine.java:loadSnapshot(230)) - group-B594624CFC31: The snapshot info is null. Setting the last applied indexto:(t:0, i:~)
2019-10-11 04:54:50,651 [pool-27-thread-1] INFO  ratis.ContainerStateMachine (ContainerStateMachine.java:loadSnapshot(230)) - group-B594624CFC31: The snapshot info is null. Setting the last applied indexto:(t:0, i:~)
2019-10-11 04:54:50,651 [pool-77-thread-1] INFO  server.RaftServerConfigKeys (ConfUtils.java:logGet(43)) - raft.server.notification.no-leader.timeout = 120s (custom)
2019-10-11 04:54:50,652 [pool-57-thread-1] INFO  server.RaftServerConfigKeys (ConfUtils.java:logGet(43)) - raft.server.notification.no-leader.timeout = 120s (custom)
2019-10-11 04:54:50,652 [pool-77-thread-1] INFO  server.RaftServerConfigKeys (ConfUtils.java:logGet(43)) - raft.server.log.use.memory = false (default)
2019-10-11 04:54:50,652 [pool-27-thread-1] INFO  server.RaftServerConfigKeys (ConfUtils.java:logGet(43)) - raft.server.notification.no-leader.timeout = 120s (custom)
2019-10-11 04:54:50,652 [pool-77-thread-1] INFO  server.RaftServerConfigKeys (ConfUtils.java:logGet(43)) - raft.server.log.purge.gap = 1000000 (custom)
2019-10-11 04:54:50,652 [pool-57-thread-1] INFO  server.RaftServerConfigKeys (ConfUtils.java:logGet(43)) - raft.server.log.use.memory = false (default)
2019-10-11 04:54:50,652 [pool-77-thread-1] INFO  server.RaftServerConfigKeys (ConfUtils.java:logGet(43)) - raft.server.log.appender.buffer.byte-limit = 33554432 (custom)
2019-10-11 04:54:50,652 [pool-27-thread-1] INFO  server.RaftServerConfigKeys (ConfUtils.java:logGet(43)) - raft.server.log.use.memory = false (default)
2019-10-11 04:54:50,653 [pool-77-thread-1] INFO  server.RaftServerConfigKeys (ConfUtils.java:logGet(43)) - raft.server.log.segment.size.max = 1048576 (custom)
2019-10-11 04:54:50,652 [pool-57-thread-1] INFO  server.RaftServerConfigKeys (ConfUtils.java:logGet(43)) - raft.server.log.purge.gap = 1000000 (custom)
2019-10-11 04:54:50,653 [pool-77-thread-1] INFO  server.RaftServerConfigKeys (ConfUtils.java:logGet(43)) - raft.server.log.segment.cache.num.max = 2 (custom)
2019-10-11 04:54:50,653 [pool-27-thread-1] INFO  server.RaftServerConfigKeys (ConfUtils.java:logGet(43)) - raft.server.log.purge.gap = 1000000 (custom)
2019-10-11 04:54:50,653 [pool-77-thread-1] INFO  segmented.SegmentedRaftLogWorker (SegmentedRaftLogWorker.java:<init>(172)) - new f486f1b0-a775-4c38-857e-a3674efc25f6@group-B594624CFC31-SegmentedRaftLogWorker for RaftStorage:Storage Directory /workdir/hadoop-ozone/integration-test/target/test-dir/MiniOzoneClusterImpl-44c36d6d-90e1-4198-8449-e8899faa44e9/datanode-5/data/ratis/5b26041f-e257-4eb4-bd98-b594624cfc31
2019-10-11 04:54:50,653 [pool-57-thread-1] INFO  server.RaftServerConfigKeys (ConfUtils.java:logGet(43)) - raft.server.log.appender.buffer.byte-limit = 33554432 (custom)
2019-10-11 04:54:50,653 [pool-77-thread-1] INFO  server.RaftServerConfigKeys (ConfUtils.java:logGet(43)) - raft.server.log.queue.byte-limit = 2147483647 (custom)
2019-10-11 04:54:50,653 [pool-27-thread-1] INFO  server.RaftServerConfigKeys (ConfUtils.java:logGet(43)) - raft.server.log.appender.buffer.byte-limit = 33554432 (custom)
2019-10-11 04:54:50,654 [pool-77-thread-1] INFO  server.RaftServerConfigKeys (ConfUtils.java:logGet(43)) - raft.server.log.queue.element-limit = 1024 (custom)
2019-10-11 04:54:50,654 [pool-57-thread-1] INFO  server.RaftServerConfigKeys (ConfUtils.java:logGet(43)) - raft.server.log.segment.size.max = 1048576 (custom)
2019-10-11 04:54:50,654 [pool-77-thread-1] INFO  server.RaftServerConfigKeys (ConfUtils.java:logGet(43)) - raft.server.log.segment.size.max = 1048576 (custom)
2019-10-11 04:54:50,654 [pool-27-thread-1] INFO  server.RaftServerConfigKeys (ConfUtils.java:logGet(43)) - raft.server.log.segment.size.max = 1048576 (custom)
2019-10-11 04:54:50,654 [pool-57-thread-1] INFO  server.RaftServerConfigKeys (ConfUtils.java:logGet(43)) - raft.server.log.segment.cache.num.max = 2 (custom)
2019-10-11 04:54:50,654 [pool-77-thread-1] INFO  server.RaftServerConfigKeys (ConfUtils.java:logGet(43)) - raft.server.log.preallocated.size = 16384 (custom)
2019-10-11 04:54:50,655 [pool-57-thread-1] INFO  segmented.SegmentedRaftLogWorker (SegmentedRaftLogWorker.java:<init>(172)) - new af93d71e-9597-43d1-a0d9-fd03e0850daa@group-B594624CFC31-SegmentedRaftLogWorker for RaftStorage:Storage Directory /workdir/hadoop-ozone/integration-test/target/test-dir/MiniOzoneClusterImpl-44c36d6d-90e1-4198-8449-e8899faa44e9/datanode-3/data/ratis/5b26041f-e257-4eb4-bd98-b594624cfc31
2019-10-11 04:54:50,655 [pool-27-thread-1] INFO  server.RaftServerConfigKeys (ConfUtils.java:logGet(43)) - raft.server.log.segment.cache.num.max = 2 (custom)
2019-10-11 04:54:50,655 [pool-57-thread-1] INFO  server.RaftServerConfigKeys (ConfUtils.java:logGet(43)) - raft.server.log.queue.byte-limit = 2147483647 (custom)
2019-10-11 04:54:50,655 [pool-77-thread-1] INFO  server.RaftServerConfigKeys (ConfUtils.java:logGet(43)) - raft.server.log.write.buffer.size = 33554432 (custom)
2019-10-11 04:54:50,655 [pool-57-thread-1] INFO  server.RaftServerConfigKeys (ConfUtils.java:logGet(43)) - raft.server.log.queue.element-limit = 1024 (custom)
2019-10-11 04:54:50,655 [pool-27-thread-1] INFO  segmented.SegmentedRaftLogWorker (SegmentedRaftLogWorker.java:<init>(172)) - new 85dedb5c-0475-48d6-91a5-f8922a1c9690@group-B594624CFC31-SegmentedRaftLogWorker for RaftStorage:Storage Directory /workdir/hadoop-ozone/integration-test/target/test-dir/MiniOzoneClusterImpl-44c36d6d-90e1-4198-8449-e8899faa44e9/datanode-0/data/ratis/5b26041f-e257-4eb4-bd98-b594624cfc31
2019-10-11 04:54:50,655 [pool-57-thread-1] INFO  server.RaftServerConfigKeys (ConfUtils.java:logGet(43)) - raft.server.log.segment.size.max = 1048576 (custom)
2019-10-11 04:54:50,655 [pool-77-thread-1] INFO  server.RaftServerConfigKeys (ConfUtils.java:logGet(43)) - raft.server.log.force.sync.num = 128 (default)
2019-10-11 04:54:50,656 [pool-57-thread-1] INFO  server.RaftServerConfigKeys (ConfUtils.java:logGet(43)) - raft.server.log.preallocated.size = 16384 (custom)
2019-10-11 04:54:50,656 [pool-27-thread-1] INFO  server.RaftServerConfigKeys (ConfUtils.java:logGet(43)) - raft.server.log.queue.byte-limit = 2147483647 (custom)
2019-10-11 04:54:50,656 [pool-57-thread-1] INFO  server.RaftServerConfigKeys (ConfUtils.java:logGet(43)) - raft.server.log.write.buffer.size = 33554432 (custom)
2019-10-11 04:54:50,656 [pool-27-thread-1] INFO  server.RaftServerConfigKeys (ConfUtils.java:logGet(43)) - raft.server.log.queue.element-limit = 1024 (custom)
2019-10-11 04:54:50,656 [pool-77-thread-1] INFO  server.RaftServerConfigKeys (ConfUtils.java:logGet(43)) - raft.server.log.statemachine.data.sync = true (default)
2019-10-11 04:54:50,657 [pool-27-thread-1] INFO  server.RaftServerConfigKeys (ConfUtils.java:logGet(43)) - raft.server.log.segment.size.max = 1048576 (custom)
2019-10-11 04:54:50,657 [pool-77-thread-1] INFO  server.RaftServerConfigKeys (ConfUtils.java:logGet(43)) - raft.server.log.statemachine.data.sync.timeout = 10s (default)
2019-10-11 04:54:50,656 [pool-57-thread-1] INFO  server.RaftServerConfigKeys (ConfUtils.java:logGet(43)) - raft.server.log.force.sync.num = 128 (default)
2019-10-11 04:54:50,657 [pool-77-thread-1] INFO  server.RaftServerConfigKeys (ConfUtils.java:logGet(43)) - raft.server.log.statemachine.data.sync.timeout.retry = -1 (default)
2019-10-11 04:54:50,657 [pool-27-thread-1] INFO  server.RaftServerConfigKeys (ConfUtils.java:logGet(43)) - raft.server.log.preallocated.size = 16384 (custom)
2019-10-11 04:54:50,657 [pool-77-thread-1] INFO  server.RaftServerConfigKeys (ConfUtils.java:logGet(43)) - raft.server.log.statemachine.data.caching.enabled = true (custom)
2019-10-11 04:54:50,657 [pool-57-thread-1] INFO  server.RaftServerConfigKeys (ConfUtils.java:logGet(43)) - raft.server.log.statemachine.data.sync = true (default)
2019-10-11 04:54:50,657 [pool-27-thread-1] INFO  server.RaftServerConfigKeys (ConfUtils.java:logGet(43)) - raft.server.log.write.buffer.size = 33554432 (custom)
2019-10-11 04:54:50,658 [pool-77-thread-1] INFO  segmented.SegmentedRaftLogWorker (SegmentedRaftLogWorker.java:lambda$new$0(132)) - f486f1b0-a775-4c38-857e-a3674efc25f6@group-B594624CFC31-SegmentedRaftLogWorker: flushIndex: setUnconditionally 0 -> -1
2019-10-11 04:54:50,658 [pool-57-thread-1] INFO  server.RaftServerConfigKeys (ConfUtils.java:logGet(43)) - raft.server.log.statemachine.data.sync.timeout = 10s (default)
2019-10-11 04:54:50,658 [pool-27-thread-1] INFO  server.RaftServerConfigKeys (ConfUtils.java:logGet(43)) - raft.server.log.force.sync.num = 128 (default)
2019-10-11 04:54:50,658 [pool-77-thread-1] INFO  server.RaftServerConfigKeys (ConfUtils.java:logGet(43)) - raft.server.snapshot.auto.trigger.enabled = true (custom)
2019-10-11 04:54:50,658 [pool-57-thread-1] INFO  server.RaftServerConfigKeys (ConfUtils.java:logGet(43)) - raft.server.log.statemachine.data.sync.timeout.retry = -1 (default)
2019-10-11 04:54:50,658 [pool-77-thread-1] INFO  server.RaftServerConfigKeys (ConfUtils.java:logGet(43)) - raft.server.snapshot.auto.trigger.threshold = 10000 (custom)
2019-10-11 04:54:50,659 [pool-57-thread-1] INFO  server.RaftServerConfigKeys (ConfUtils.java:logGet(43)) - raft.server.log.statemachine.data.caching.enabled = true (custom)
2019-10-11 04:54:50,658 [pool-27-thread-1] INFO  server.RaftServerConfigKeys (ConfUtils.java:logGet(43)) - raft.server.log.statemachine.data.sync = true (default)
2019-10-11 04:54:50,659 [pool-57-thread-1] INFO  segmented.SegmentedRaftLogWorker (SegmentedRaftLogWorker.java:lambda$new$0(132)) - af93d71e-9597-43d1-a0d9-fd03e0850daa@group-B594624CFC31-SegmentedRaftLogWorker: flushIndex: setUnconditionally 0 -> -1
2019-10-11 04:54:50,659 [pool-77-thread-1] INFO  server.RaftServerConfigKeys (ConfUtils.java:logGet(43)) - raft.server.snapshot.retention.num.files = 5 (custom)
2019-10-11 04:54:50,659 [pool-27-thread-1] INFO  server.RaftServerConfigKeys (ConfUtils.java:logGet(43)) - raft.server.log.statemachine.data.sync.timeout = 10s (default)
2019-10-11 04:54:50,659 [pool-57-thread-1] INFO  server.RaftServerConfigKeys (ConfUtils.java:logGet(43)) - raft.server.snapshot.auto.trigger.enabled = true (custom)
2019-10-11 04:54:50,659 [pool-77-thread-1] INFO  server.RaftServerConfigKeys (ConfUtils.java:logGet(43)) - raft.server.retrycache.expirytime = 600000ms (custom)
2019-10-11 04:54:50,660 [pool-57-thread-1] INFO  server.RaftServerConfigKeys (ConfUtils.java:logGet(43)) - raft.server.snapshot.auto.trigger.threshold = 10000 (custom)
2019-10-11 04:54:50,659 [pool-27-thread-1] INFO  server.RaftServerConfigKeys (ConfUtils.java:logGet(43)) - raft.server.log.statemachine.data.sync.timeout.retry = -1 (default)
2019-10-11 04:54:50,660 [pool-57-thread-1] INFO  server.RaftServerConfigKeys (ConfUtils.java:logGet(43)) - raft.server.snapshot.retention.num.files = 5 (custom)
2019-10-11 04:54:50,660 [pool-27-thread-1] INFO  server.RaftServerConfigKeys (ConfUtils.java:logGet(43)) - raft.server.log.statemachine.data.caching.enabled = true (custom)
2019-10-11 04:54:50,660 [pool-57-thread-1] INFO  server.RaftServerConfigKeys (ConfUtils.java:logGet(43)) - raft.server.retrycache.expirytime = 600000ms (custom)
2019-10-11 04:54:50,661 [pool-27-thread-1] INFO  segmented.SegmentedRaftLogWorker (SegmentedRaftLogWorker.java:lambda$new$0(132)) - 85dedb5c-0475-48d6-91a5-f8922a1c9690@group-B594624CFC31-SegmentedRaftLogWorker: flushIndex: setUnconditionally 0 -> -1
2019-10-11 04:54:50,661 [pool-27-thread-1] INFO  server.RaftServerConfigKeys (ConfUtils.java:logGet(43)) - raft.server.snapshot.auto.trigger.enabled = true (custom)
2019-10-11 04:54:50,661 [pool-27-thread-1] INFO  server.RaftServerConfigKeys (ConfUtils.java:logGet(43)) - raft.server.snapshot.auto.trigger.threshold = 10000 (custom)
2019-10-11 04:54:50,662 [pool-27-thread-1] INFO  server.RaftServerConfigKeys (ConfUtils.java:logGet(43)) - raft.server.snapshot.retention.num.files = 5 (custom)
2019-10-11 04:54:50,662 [pool-27-thread-1] INFO  server.RaftServerConfigKeys (ConfUtils.java:logGet(43)) - raft.server.retrycache.expirytime = 600000ms (custom)
2019-10-11 04:54:50,663 [pool-77-thread-1] INFO  impl.RaftServerImpl (RaftServerImpl.java:start(185)) - f486f1b0-a775-4c38-857e-a3674efc25f6@group-B594624CFC31: start as a follower, conf=-1: [f486f1b0-a775-4c38-857e-a3674efc25f6:192.168.157.200:46251, 85dedb5c-0475-48d6-91a5-f8922a1c9690:192.168.157.200:34929, af93d71e-9597-43d1-a0d9-fd03e0850daa:192.168.157.200:36925], old=null
2019-10-11 04:54:50,663 [pool-77-thread-1] INFO  impl.RaftServerImpl (RaftServerImpl.java:setRole(174)) - f486f1b0-a775-4c38-857e-a3674efc25f6@group-B594624CFC31: changes role from      null to FOLLOWER at term 0 for startAsFollower
2019-10-11 04:54:50,663 [pool-77-thread-1] INFO  impl.RoleInfo (RoleInfo.java:updateAndGet(143)) - f486f1b0-a775-4c38-857e-a3674efc25f6: start FollowerState
2019-10-11 04:54:50,663 [pool-77-thread-1] INFO  util.JmxRegister (JmxRegister.java:tryRegister(44)) - Successfully registered JMX Bean with object name Ratis:service=RaftServer,group=group-B594624CFC31,id=f486f1b0-a775-4c38-857e-a3674efc25f6
2019-10-11 04:54:50,663 [pool-57-thread-1] INFO  impl.RaftServerImpl (RaftServerImpl.java:start(185)) - af93d71e-9597-43d1-a0d9-fd03e0850daa@group-B594624CFC31: start as a follower, conf=-1: [f486f1b0-a775-4c38-857e-a3674efc25f6:192.168.157.200:46251, 85dedb5c-0475-48d6-91a5-f8922a1c9690:192.168.157.200:34929, af93d71e-9597-43d1-a0d9-fd03e0850daa:192.168.157.200:36925], old=null
2019-10-11 04:54:50,664 [pool-57-thread-1] INFO  impl.RaftServerImpl (RaftServerImpl.java:setRole(174)) - af93d71e-9597-43d1-a0d9-fd03e0850daa@group-B594624CFC31: changes role from      null to FOLLOWER at term 0 for startAsFollower
2019-10-11 04:54:50,664 [pool-57-thread-1] INFO  impl.RoleInfo (RoleInfo.java:updateAndGet(143)) - af93d71e-9597-43d1-a0d9-fd03e0850daa: start FollowerState
2019-10-11 04:54:50,664 [pool-57-thread-1] INFO  util.JmxRegister (JmxRegister.java:tryRegister(44)) - Successfully registered JMX Bean with object name Ratis:service=RaftServer,group=group-B594624CFC31,id=af93d71e-9597-43d1-a0d9-fd03e0850daa
2019-10-11 04:54:50,679 [pool-27-thread-1] INFO  impl.RaftServerImpl (RaftServerImpl.java:start(185)) - 85dedb5c-0475-48d6-91a5-f8922a1c9690@group-B594624CFC31: start as a follower, conf=-1: [f486f1b0-a775-4c38-857e-a3674efc25f6:192.168.157.200:46251, 85dedb5c-0475-48d6-91a5-f8922a1c9690:192.168.157.200:34929, af93d71e-9597-43d1-a0d9-fd03e0850daa:192.168.157.200:36925], old=null
2019-10-11 04:54:50,680 [pool-27-thread-1] INFO  impl.RaftServerImpl (RaftServerImpl.java:setRole(174)) - 85dedb5c-0475-48d6-91a5-f8922a1c9690@group-B594624CFC31: changes role from      null to FOLLOWER at term 0 for startAsFollower
2019-10-11 04:54:50,680 [pool-27-thread-1] INFO  impl.RoleInfo (RoleInfo.java:updateAndGet(143)) - 85dedb5c-0475-48d6-91a5-f8922a1c9690: start FollowerState
2019-10-11 04:54:50,680 [pool-27-thread-1] INFO  util.JmxRegister (JmxRegister.java:tryRegister(44)) - Successfully registered JMX Bean with object name Ratis:service=RaftServer,group=group-B594624CFC31,id=85dedb5c-0475-48d6-91a5-f8922a1c9690
2019-10-11 04:54:50,686 [RatisPipelineUtilsThread] INFO  pipeline.PipelineStateManager (PipelineStateManager.java:addPipeline(56)) - Created pipeline Pipeline[ Id: 5b26041f-e257-4eb4-bd98-b594624cfc31, Nodes: 85dedb5c-0475-48d6-91a5-f8922a1c9690{ip: 192.168.157.200, host: pr-hdds-1569-qjnzd-3726989565, networkLocation: /default-rack, certSerialId: null}f486f1b0-a775-4c38-857e-a3674efc25f6{ip: 192.168.157.200, host: pr-hdds-1569-qjnzd-3726989565, networkLocation: /default-rack, certSerialId: null}af93d71e-9597-43d1-a0d9-fd03e0850daa{ip: 192.168.157.200, host: pr-hdds-1569-qjnzd-3726989565, networkLocation: /default-rack, certSerialId: null}, Type:RATIS, Factor:THREE, State:OPEN]
2019-10-11 04:54:50,687 [RatisPipelineUtilsThread] INFO  pipeline.PipelinePlacementPolicy (PipelinePlacementPolicy.java:meetCriteria(104)) - Pipeline Placement: can't place more pipeline on heavy datanode： 45dc940c-71f1-4cb7-b25b-a82b712b179d Heaviness: 3 limit: 3
2019-10-11 04:54:50,687 [RatisPipelineUtilsThread] INFO  pipeline.PipelinePlacementPolicy (PipelinePlacementPolicy.java:meetCriteria(104)) - Pipeline Placement: can't place more pipeline on heavy datanode： 3c863a86-f0e0-4c2a-8b91-a8d0f68ec9e3 Heaviness: 3 limit: 3
2019-10-11 04:54:50,687 [RatisPipelineUtilsThread] INFO  pipeline.PipelinePlacementPolicy (PipelinePlacementPolicy.java:meetCriteria(104)) - Pipeline Placement: can't place more pipeline on heavy datanode： 3452dafe-7a7c-46b8-888b-6c48499d0560 Heaviness: 3 limit: 3
2019-10-11 04:54:50,713 [grpc-default-executor-2] INFO  impl.RaftServerProxy (RaftServerProxy.java:addNew(89)) - 85dedb5c-0475-48d6-91a5-f8922a1c9690: addNew group-6EB4CB2E655A:[f486f1b0-a775-4c38-857e-a3674efc25f6:192.168.157.200:46251, 85dedb5c-0475-48d6-91a5-f8922a1c9690:192.168.157.200:34929, af93d71e-9597-43d1-a0d9-fd03e0850daa:192.168.157.200:36925] returns group-6EB4CB2E655A:java.util.concurrent.CompletableFuture@6b3d6ffb[Not completed]
2019-10-11 04:54:50,717 [grpc-default-executor-1] INFO  impl.RaftServerProxy (RaftServerProxy.java:addNew(89)) - af93d71e-9597-43d1-a0d9-fd03e0850daa: addNew group-6EB4CB2E655A:[f486f1b0-a775-4c38-857e-a3674efc25f6:192.168.157.200:46251, 85dedb5c-0475-48d6-91a5-f8922a1c9690:192.168.157.200:34929, af93d71e-9597-43d1-a0d9-fd03e0850daa:192.168.157.200:36925] returns group-6EB4CB2E655A:java.util.concurrent.CompletableFuture@683cda96[Not completed]
2019-10-11 04:54:50,718 [grpc-default-executor-0] INFO  impl.RaftServerProxy (RaftServerProxy.java:addNew(89)) - f486f1b0-a775-4c38-857e-a3674efc25f6: addNew group-6EB4CB2E655A:[f486f1b0-a775-4c38-857e-a3674efc25f6:192.168.157.200:46251, 85dedb5c-0475-48d6-91a5-f8922a1c9690:192.168.157.200:34929, af93d71e-9597-43d1-a0d9-fd03e0850daa:192.168.157.200:36925] returns group-6EB4CB2E655A:java.util.concurrent.CompletableFuture@19912b7c[Not completed]
2019-10-11 04:54:50,719 [pool-27-thread-1] INFO  impl.RaftServerImpl (RaftServerImpl.java:<init>(95)) - 85dedb5c-0475-48d6-91a5-f8922a1c9690: new RaftServerImpl for group-6EB4CB2E655A:[f486f1b0-a775-4c38-857e-a3674efc25f6:192.168.157.200:46251, 85dedb5c-0475-48d6-91a5-f8922a1c9690:192.168.157.200:34929, af93d71e-9597-43d1-a0d9-fd03e0850daa:192.168.157.200:36925] with ContainerStateMachine:uninitialized
2019-10-11 04:54:50,720 [pool-27-thread-1] INFO  server.RaftServerConfigKeys (ConfUtils.java:logGet(43)) - raft.server.rpc.timeout.min = 1s (custom)
2019-10-11 04:54:50,720 [pool-27-thread-1] INFO  server.RaftServerConfigKeys (ConfUtils.java:logGet(43)) - raft.server.rpc.timeout.max = 1200ms (custom)
2019-10-11 04:54:50,720 [pool-27-thread-1] INFO  server.RaftServerConfigKeys (ConfUtils.java:logGet(43)) - raft.server.rpcslowness.timeout = 120s (custom)
2019-10-11 04:54:50,720 [pool-27-thread-1] INFO  server.RaftServerConfigKeys (ConfUtils.java:logGet(43)) - raft.server.sleep.deviation.threshold = 300 (default)
2019-10-11 04:54:50,720 [pool-27-thread-1] INFO  server.RaftServerConfigKeys (ConfUtils.java:logGet(43)) - raft.server.log.appender.install.snapshot.enabled = false (custom)
2019-10-11 04:54:50,720 [pool-27-thread-1] INFO  impl.RaftServerImpl (ServerState.java:<init>(103)) - 85dedb5c-0475-48d6-91a5-f8922a1c9690@group-6EB4CB2E655A: ConfigurationManager, init=-1: [f486f1b0-a775-4c38-857e-a3674efc25f6:192.168.157.200:46251, 85dedb5c-0475-48d6-91a5-f8922a1c9690:192.168.157.200:34929, af93d71e-9597-43d1-a0d9-fd03e0850daa:192.168.157.200:36925], old=null, confs=<EMPTY_MAP>
2019-10-11 04:54:50,721 [pool-27-thread-1] INFO  server.RaftServerConfigKeys (ConfUtils.java:logGet(43)) - raft.server.storage.dir = [/workdir/hadoop-ozone/integration-test/target/test-dir/MiniOzoneClusterImpl-44c36d6d-90e1-4198-8449-e8899faa44e9/datanode-0/data/ratis] (custom)
2019-10-11 04:54:50,721 [pool-57-thread-1] INFO  impl.RaftServerImpl (RaftServerImpl.java:<init>(95)) - af93d71e-9597-43d1-a0d9-fd03e0850daa: new RaftServerImpl for group-6EB4CB2E655A:[f486f1b0-a775-4c38-857e-a3674efc25f6:192.168.157.200:46251, 85dedb5c-0475-48d6-91a5-f8922a1c9690:192.168.157.200:34929, af93d71e-9597-43d1-a0d9-fd03e0850daa:192.168.157.200:36925] with ContainerStateMachine:uninitialized
2019-10-11 04:54:50,721 [pool-57-thread-1] INFO  server.RaftServerConfigKeys (ConfUtils.java:logGet(43)) - raft.server.rpc.timeout.min = 1s (custom)
2019-10-11 04:54:50,721 [pool-27-thread-1] INFO  storage.RaftStorageDirectory (RaftStorageDirectory.java:analyzeStorage(246)) - The storage directory /workdir/hadoop-ozone/integration-test/target/test-dir/MiniOzoneClusterImpl-44c36d6d-90e1-4198-8449-e8899faa44e9/datanode-0/data/ratis/cfc2e356-49e6-4ca6-97b8-6eb4cb2e655a does not exist. Creating ...
2019-10-11 04:54:50,721 [pool-57-thread-1] INFO  server.RaftServerConfigKeys (ConfUtils.java:logGet(43)) - raft.server.rpc.timeout.max = 1200ms (custom)
2019-10-11 04:54:50,722 [pool-57-thread-1] INFO  server.RaftServerConfigKeys (ConfUtils.java:logGet(43)) - raft.server.rpcslowness.timeout = 120s (custom)
2019-10-11 04:54:50,722 [pool-57-thread-1] INFO  server.RaftServerConfigKeys (ConfUtils.java:logGet(43)) - raft.server.sleep.deviation.threshold = 300 (default)
2019-10-11 04:54:50,722 [pool-57-thread-1] INFO  server.RaftServerConfigKeys (ConfUtils.java:logGet(43)) - raft.server.log.appender.install.snapshot.enabled = false (custom)
2019-10-11 04:54:50,722 [pool-57-thread-1] INFO  impl.RaftServerImpl (ServerState.java:<init>(103)) - af93d71e-9597-43d1-a0d9-fd03e0850daa@group-6EB4CB2E655A: ConfigurationManager, init=-1: [f486f1b0-a775-4c38-857e-a3674efc25f6:192.168.157.200:46251, 85dedb5c-0475-48d6-91a5-f8922a1c9690:192.168.157.200:34929, af93d71e-9597-43d1-a0d9-fd03e0850daa:192.168.157.200:36925], old=null, confs=<EMPTY_MAP>
2019-10-11 04:54:50,722 [pool-77-thread-1] INFO  impl.RaftServerImpl (RaftServerImpl.java:<init>(95)) - f486f1b0-a775-4c38-857e-a3674efc25f6: new RaftServerImpl for group-6EB4CB2E655A:[f486f1b0-a775-4c38-857e-a3674efc25f6:192.168.157.200:46251, 85dedb5c-0475-48d6-91a5-f8922a1c9690:192.168.157.200:34929, af93d71e-9597-43d1-a0d9-fd03e0850daa:192.168.157.200:36925] with ContainerStateMachine:uninitialized
2019-10-11 04:54:50,722 [pool-57-thread-1] INFO  server.RaftServerConfigKeys (ConfUtils.java:logGet(43)) - raft.server.storage.dir = [/workdir/hadoop-ozone/integration-test/target/test-dir/MiniOzoneClusterImpl-44c36d6d-90e1-4198-8449-e8899faa44e9/datanode-3/data/ratis] (custom)
2019-10-11 04:54:50,722 [pool-77-thread-1] INFO  server.RaftServerConfigKeys (ConfUtils.java:logGet(43)) - raft.server.rpc.timeout.min = 1s (custom)
2019-10-11 04:54:50,723 [pool-77-thread-1] INFO  server.RaftServerConfigKeys (ConfUtils.java:logGet(43)) - raft.server.rpc.timeout.max = 1200ms (custom)
2019-10-11 04:54:50,723 [pool-57-thread-1] INFO  storage.RaftStorageDirectory (RaftStorageDirectory.java:analyzeStorage(246)) - The storage directory /workdir/hadoop-ozone/integration-test/target/test-dir/MiniOzoneClusterImpl-44c36d6d-90e1-4198-8449-e8899faa44e9/datanode-3/data/ratis/cfc2e356-49e6-4ca6-97b8-6eb4cb2e655a does not exist. Creating ...
2019-10-11 04:54:50,723 [pool-77-thread-1] INFO  server.RaftServerConfigKeys (ConfUtils.java:logGet(43)) - raft.server.rpcslowness.timeout = 120s (custom)
2019-10-11 04:54:50,724 [pool-77-thread-1] INFO  server.RaftServerConfigKeys (ConfUtils.java:logGet(43)) - raft.server.sleep.deviation.threshold = 300 (default)
2019-10-11 04:54:50,725 [pool-77-thread-1] INFO  server.RaftServerConfigKeys (ConfUtils.java:logGet(43)) - raft.server.log.appender.install.snapshot.enabled = false (custom)
2019-10-11 04:54:50,725 [pool-77-thread-1] INFO  impl.RaftServerImpl (ServerState.java:<init>(103)) - f486f1b0-a775-4c38-857e-a3674efc25f6@group-6EB4CB2E655A: ConfigurationManager, init=-1: [f486f1b0-a775-4c38-857e-a3674efc25f6:192.168.157.200:46251, 85dedb5c-0475-48d6-91a5-f8922a1c9690:192.168.157.200:34929, af93d71e-9597-43d1-a0d9-fd03e0850daa:192.168.157.200:36925], old=null, confs=<EMPTY_MAP>
2019-10-11 04:54:50,725 [pool-77-thread-1] INFO  server.RaftServerConfigKeys (ConfUtils.java:logGet(43)) - raft.server.storage.dir = [/workdir/hadoop-ozone/integration-test/target/test-dir/MiniOzoneClusterImpl-44c36d6d-90e1-4198-8449-e8899faa44e9/datanode-5/data/ratis] (custom)
2019-10-11 04:54:50,725 [pool-77-thread-1] INFO  storage.RaftStorageDirectory (RaftStorageDirectory.java:analyzeStorage(246)) - The storage directory /workdir/hadoop-ozone/integration-test/target/test-dir/MiniOzoneClusterImpl-44c36d6d-90e1-4198-8449-e8899faa44e9/datanode-5/data/ratis/cfc2e356-49e6-4ca6-97b8-6eb4cb2e655a does not exist. Creating ...
2019-10-11 04:54:50,736 [pool-77-thread-1] INFO  storage.RaftStorageDirectory (RaftStorageDirectory.java:tryLock(328)) - Lock on /workdir/hadoop-ozone/integration-test/target/test-dir/MiniOzoneClusterImpl-44c36d6d-90e1-4198-8449-e8899faa44e9/datanode-5/data/ratis/cfc2e356-49e6-4ca6-97b8-6eb4cb2e655a/in_use.lock acquired by nodename 16587@pr-hdds-1569-qjnzd-3726989565
2019-10-11 04:54:50,736 [pool-57-thread-1] INFO  storage.RaftStorageDirectory (RaftStorageDirectory.java:tryLock(328)) - Lock on /workdir/hadoop-ozone/integration-test/target/test-dir/MiniOzoneClusterImpl-44c36d6d-90e1-4198-8449-e8899faa44e9/datanode-3/data/ratis/cfc2e356-49e6-4ca6-97b8-6eb4cb2e655a/in_use.lock acquired by nodename 16587@pr-hdds-1569-qjnzd-3726989565
2019-10-11 04:54:50,736 [pool-27-thread-1] INFO  storage.RaftStorageDirectory (RaftStorageDirectory.java:tryLock(328)) - Lock on /workdir/hadoop-ozone/integration-test/target/test-dir/MiniOzoneClusterImpl-44c36d6d-90e1-4198-8449-e8899faa44e9/datanode-0/data/ratis/cfc2e356-49e6-4ca6-97b8-6eb4cb2e655a/in_use.lock acquired by nodename 16587@pr-hdds-1569-qjnzd-3726989565
2019-10-11 04:54:50,751 [pool-27-thread-1] INFO  storage.RaftStorage (RaftStorage.java:format(72)) - Storage directory /workdir/hadoop-ozone/integration-test/target/test-dir/MiniOzoneClusterImpl-44c36d6d-90e1-4198-8449-e8899faa44e9/datanode-0/data/ratis/cfc2e356-49e6-4ca6-97b8-6eb4cb2e655a has been successfully formatted.
2019-10-11 04:54:50,751 [pool-57-thread-1] INFO  storage.RaftStorage (RaftStorage.java:format(72)) - Storage directory /workdir/hadoop-ozone/integration-test/target/test-dir/MiniOzoneClusterImpl-44c36d6d-90e1-4198-8449-e8899faa44e9/datanode-3/data/ratis/cfc2e356-49e6-4ca6-97b8-6eb4cb2e655a has been successfully formatted.
2019-10-11 04:54:50,751 [pool-77-thread-1] INFO  storage.RaftStorage (RaftStorage.java:format(72)) - Storage directory /workdir/hadoop-ozone/integration-test/target/test-dir/MiniOzoneClusterImpl-44c36d6d-90e1-4198-8449-e8899faa44e9/datanode-5/data/ratis/cfc2e356-49e6-4ca6-97b8-6eb4cb2e655a has been successfully formatted.
2019-10-11 04:54:50,751 [pool-27-thread-1] INFO  ratis.ContainerStateMachine (ContainerStateMachine.java:loadSnapshot(230)) - group-6EB4CB2E655A: The snapshot info is null. Setting the last applied indexto:(t:0, i:~)
2019-10-11 04:54:50,751 [pool-57-thread-1] INFO  ratis.ContainerStateMachine (ContainerStateMachine.java:loadSnapshot(230)) - group-6EB4CB2E655A: The snapshot info is null. Setting the last applied indexto:(t:0, i:~)
2019-10-11 04:54:50,751 [pool-27-thread-1] INFO  server.RaftServerConfigKeys (ConfUtils.java:logGet(43)) - raft.server.notification.no-leader.timeout = 120s (custom)
2019-10-11 04:54:50,751 [pool-77-thread-1] INFO  ratis.ContainerStateMachine (ContainerStateMachine.java:loadSnapshot(230)) - group-6EB4CB2E655A: The snapshot info is null. Setting the last applied indexto:(t:0, i:~)
2019-10-11 04:54:50,752 [pool-27-thread-1] INFO  server.RaftServerConfigKeys (ConfUtils.java:logGet(43)) - raft.server.log.use.memory = false (default)
2019-10-11 04:54:50,752 [pool-57-thread-1] INFO  server.RaftServerConfigKeys (ConfUtils.java:logGet(43)) - raft.server.notification.no-leader.timeout = 120s (custom)
2019-10-11 04:54:50,752 [pool-27-thread-1] INFO  server.RaftServerConfigKeys (ConfUtils.java:logGet(43)) - raft.server.log.purge.gap = 1000000 (custom)
2019-10-11 04:54:50,752 [pool-77-thread-1] INFO  server.RaftServerConfigKeys (ConfUtils.java:logGet(43)) - raft.server.notification.no-leader.timeout = 120s (custom)
2019-10-11 04:54:50,752 [pool-27-thread-1] INFO  server.RaftServerConfigKeys (ConfUtils.java:logGet(43)) - raft.server.log.appender.buffer.byte-limit = 33554432 (custom)
2019-10-11 04:54:50,752 [pool-57-thread-1] INFO  server.RaftServerConfigKeys (ConfUtils.java:logGet(43)) - raft.server.log.use.memory = false (default)
2019-10-11 04:54:50,753 [pool-27-thread-1] INFO  server.RaftServerConfigKeys (ConfUtils.java:logGet(43)) - raft.server.log.segment.size.max = 1048576 (custom)
2019-10-11 04:54:50,753 [pool-77-thread-1] INFO  server.RaftServerConfigKeys (ConfUtils.java:logGet(43)) - raft.server.log.use.memory = false (default)
2019-10-11 04:54:50,755 [pool-27-thread-1] INFO  server.RaftServerConfigKeys (ConfUtils.java:logGet(43)) - raft.server.log.segment.cache.num.max = 2 (custom)
2019-10-11 04:54:50,753 [pool-57-thread-1] INFO  server.RaftServerConfigKeys (ConfUtils.java:logGet(43)) - raft.server.log.purge.gap = 1000000 (custom)
2019-10-11 04:54:50,755 [pool-27-thread-1] INFO  segmented.SegmentedRaftLogWorker (SegmentedRaftLogWorker.java:<init>(172)) - new 85dedb5c-0475-48d6-91a5-f8922a1c9690@group-6EB4CB2E655A-SegmentedRaftLogWorker for RaftStorage:Storage Directory /workdir/hadoop-ozone/integration-test/target/test-dir/MiniOzoneClusterImpl-44c36d6d-90e1-4198-8449-e8899faa44e9/datanode-0/data/ratis/cfc2e356-49e6-4ca6-97b8-6eb4cb2e655a
2019-10-11 04:54:50,755 [pool-77-thread-1] INFO  server.RaftServerConfigKeys (ConfUtils.java:logGet(43)) - raft.server.log.purge.gap = 1000000 (custom)
2019-10-11 04:54:50,755 [pool-27-thread-1] INFO  server.RaftServerConfigKeys (ConfUtils.java:logGet(43)) - raft.server.log.queue.byte-limit = 2147483647 (custom)
2019-10-11 04:54:50,755 [pool-57-thread-1] INFO  server.RaftServerConfigKeys (ConfUtils.java:logGet(43)) - raft.server.log.appender.buffer.byte-limit = 33554432 (custom)
2019-10-11 04:54:50,756 [pool-27-thread-1] INFO  server.RaftServerConfigKeys (ConfUtils.java:logGet(43)) - raft.server.log.queue.element-limit = 1024 (custom)
2019-10-11 04:54:50,755 [pool-77-thread-1] INFO  server.RaftServerConfigKeys (ConfUtils.java:logGet(43)) - raft.server.log.appender.buffer.byte-limit = 33554432 (custom)
2019-10-11 04:54:50,756 [pool-27-thread-1] INFO  server.RaftServerConfigKeys (ConfUtils.java:logGet(43)) - raft.server.log.segment.size.max = 1048576 (custom)
2019-10-11 04:54:50,756 [pool-57-thread-1] INFO  server.RaftServerConfigKeys (ConfUtils.java:logGet(43)) - raft.server.log.segment.size.max = 1048576 (custom)
2019-10-11 04:54:50,756 [pool-27-thread-1] INFO  server.RaftServerConfigKeys (ConfUtils.java:logGet(43)) - raft.server.log.preallocated.size = 16384 (custom)
2019-10-11 04:54:50,756 [pool-77-thread-1] INFO  server.RaftServerConfigKeys (ConfUtils.java:logGet(43)) - raft.server.log.segment.size.max = 1048576 (custom)
2019-10-11 04:54:50,757 [pool-27-thread-1] INFO  server.RaftServerConfigKeys (ConfUtils.java:logGet(43)) - raft.server.log.write.buffer.size = 33554432 (custom)
2019-10-11 04:54:50,757 [pool-57-thread-1] INFO  server.RaftServerConfigKeys (ConfUtils.java:logGet(43)) - raft.server.log.segment.cache.num.max = 2 (custom)
2019-10-11 04:54:50,757 [pool-27-thread-1] INFO  server.RaftServerConfigKeys (ConfUtils.java:logGet(43)) - raft.server.log.force.sync.num = 128 (default)
2019-10-11 04:54:50,757 [pool-77-thread-1] INFO  server.RaftServerConfigKeys (ConfUtils.java:logGet(43)) - raft.server.log.segment.cache.num.max = 2 (custom)
2019-10-11 04:54:50,758 [pool-27-thread-1] INFO  server.RaftServerConfigKeys (ConfUtils.java:logGet(43)) - raft.server.log.statemachine.data.sync = true (default)
2019-10-11 04:54:50,757 [pool-57-thread-1] INFO  segmented.SegmentedRaftLogWorker (SegmentedRaftLogWorker.java:<init>(172)) - new af93d71e-9597-43d1-a0d9-fd03e0850daa@group-6EB4CB2E655A-SegmentedRaftLogWorker for RaftStorage:Storage Directory /workdir/hadoop-ozone/integration-test/target/test-dir/MiniOzoneClusterImpl-44c36d6d-90e1-4198-8449-e8899faa44e9/datanode-3/data/ratis/cfc2e356-49e6-4ca6-97b8-6eb4cb2e655a
2019-10-11 04:54:50,758 [pool-27-thread-1] INFO  server.RaftServerConfigKeys (ConfUtils.java:logGet(43)) - raft.server.log.statemachine.data.sync.timeout = 10s (default)
2019-10-11 04:54:50,758 [pool-77-thread-1] INFO  segmented.SegmentedRaftLogWorker (SegmentedRaftLogWorker.java:<init>(172)) - new f486f1b0-a775-4c38-857e-a3674efc25f6@group-6EB4CB2E655A-SegmentedRaftLogWorker for RaftStorage:Storage Directory /workdir/hadoop-ozone/integration-test/target/test-dir/MiniOzoneClusterImpl-44c36d6d-90e1-4198-8449-e8899faa44e9/datanode-5/data/ratis/cfc2e356-49e6-4ca6-97b8-6eb4cb2e655a
2019-10-11 04:54:50,758 [pool-27-thread-1] INFO  server.RaftServerConfigKeys (ConfUtils.java:logGet(43)) - raft.server.log.statemachine.data.sync.timeout.retry = -1 (default)
2019-10-11 04:54:50,758 [pool-57-thread-1] INFO  server.RaftServerConfigKeys (ConfUtils.java:logGet(43)) - raft.server.log.queue.byte-limit = 2147483647 (custom)
2019-10-11 04:54:50,759 [pool-27-thread-1] INFO  server.RaftServerConfigKeys (ConfUtils.java:logGet(43)) - raft.server.log.statemachine.data.caching.enabled = true (custom)
2019-10-11 04:54:50,759 [pool-77-thread-1] INFO  server.RaftServerConfigKeys (ConfUtils.java:logGet(43)) - raft.server.log.queue.byte-limit = 2147483647 (custom)
2019-10-11 04:54:50,759 [pool-57-thread-1] INFO  server.RaftServerConfigKeys (ConfUtils.java:logGet(43)) - raft.server.log.queue.element-limit = 1024 (custom)
2019-10-11 04:54:50,759 [pool-77-thread-1] INFO  server.RaftServerConfigKeys (ConfUtils.java:logGet(43)) - raft.server.log.queue.element-limit = 1024 (custom)
2019-10-11 04:54:50,759 [pool-27-thread-1] INFO  segmented.SegmentedRaftLogWorker (SegmentedRaftLogWorker.java:lambda$new$0(132)) - 85dedb5c-0475-48d6-91a5-f8922a1c9690@group-6EB4CB2E655A-SegmentedRaftLogWorker: flushIndex: setUnconditionally 0 -> -1
2019-10-11 04:54:50,760 [pool-77-thread-1] INFO  server.RaftServerConfigKeys (ConfUtils.java:logGet(43)) - raft.server.log.segment.size.max = 1048576 (custom)
2019-10-11 04:54:50,760 [pool-27-thread-1] INFO  server.RaftServerConfigKeys (ConfUtils.java:logGet(43)) - raft.server.snapshot.auto.trigger.enabled = true (custom)
2019-10-11 04:54:50,760 [pool-57-thread-1] INFO  server.RaftServerConfigKeys (ConfUtils.java:logGet(43)) - raft.server.log.segment.size.max = 1048576 (custom)
2019-10-11 04:54:50,760 [pool-27-thread-1] INFO  server.RaftServerConfigKeys (ConfUtils.java:logGet(43)) - raft.server.snapshot.auto.trigger.threshold = 10000 (custom)
2019-10-11 04:54:50,760 [pool-77-thread-1] INFO  server.RaftServerConfigKeys (ConfUtils.java:logGet(43)) - raft.server.log.preallocated.size = 16384 (custom)
2019-10-11 04:54:50,761 [pool-27-thread-1] INFO  server.RaftServerConfigKeys (ConfUtils.java:logGet(43)) - raft.server.snapshot.retention.num.files = 5 (custom)
2019-10-11 04:54:50,761 [pool-57-thread-1] INFO  server.RaftServerConfigKeys (ConfUtils.java:logGet(43)) - raft.server.log.preallocated.size = 16384 (custom)
2019-10-11 04:54:50,761 [pool-27-thread-1] INFO  server.RaftServerConfigKeys (ConfUtils.java:logGet(43)) - raft.server.retrycache.expirytime = 600000ms (custom)
2019-10-11 04:54:50,761 [pool-77-thread-1] INFO  server.RaftServerConfigKeys (ConfUtils.java:logGet(43)) - raft.server.log.write.buffer.size = 33554432 (custom)
2019-10-11 04:54:50,761 [pool-57-thread-1] INFO  server.RaftServerConfigKeys (ConfUtils.java:logGet(43)) - raft.server.log.write.buffer.size = 33554432 (custom)
2019-10-11 04:54:50,762 [pool-77-thread-1] INFO  server.RaftServerConfigKeys (ConfUtils.java:logGet(43)) - raft.server.log.force.sync.num = 128 (default)
2019-10-11 04:54:50,762 [pool-57-thread-1] INFO  server.RaftServerConfigKeys (ConfUtils.java:logGet(43)) - raft.server.log.force.sync.num = 128 (default)
2019-10-11 04:54:50,762 [pool-77-thread-1] INFO  server.RaftServerConfigKeys (ConfUtils.java:logGet(43)) - raft.server.log.statemachine.data.sync = true (default)
2019-10-11 04:54:50,762 [pool-57-thread-1] INFO  server.RaftServerConfigKeys (ConfUtils.java:logGet(43)) - raft.server.log.statemachine.data.sync = true (default)
2019-10-11 04:54:50,762 [pool-77-thread-1] INFO  server.RaftServerConfigKeys (ConfUtils.java:logGet(43)) - raft.server.log.statemachine.data.sync.timeout = 10s (default)
2019-10-11 04:54:50,762 [pool-57-thread-1] INFO  server.RaftServerConfigKeys (ConfUtils.java:logGet(43)) - raft.server.log.statemachine.data.sync.timeout = 10s (default)
2019-10-11 04:54:50,763 [pool-77-thread-1] INFO  server.RaftServerConfigKeys (ConfUtils.java:logGet(43)) - raft.server.log.statemachine.data.sync.timeout.retry = -1 (default)
2019-10-11 04:54:50,763 [pool-57-thread-1] INFO  server.RaftServerConfigKeys (ConfUtils.java:logGet(43)) - raft.server.log.statemachine.data.sync.timeout.retry = -1 (default)
2019-10-11 04:54:50,763 [pool-77-thread-1] INFO  server.RaftServerConfigKeys (ConfUtils.java:logGet(43)) - raft.server.log.statemachine.data.caching.enabled = true (custom)
2019-10-11 04:54:50,763 [pool-57-thread-1] INFO  server.RaftServerConfigKeys (ConfUtils.java:logGet(43)) - raft.server.log.statemachine.data.caching.enabled = true (custom)
2019-10-11 04:54:50,764 [pool-77-thread-1] INFO  segmented.SegmentedRaftLogWorker (SegmentedRaftLogWorker.java:lambda$new$0(132)) - f486f1b0-a775-4c38-857e-a3674efc25f6@group-6EB4CB2E655A-SegmentedRaftLogWorker: flushIndex: setUnconditionally 0 -> -1
2019-10-11 04:54:50,764 [pool-57-thread-1] INFO  segmented.SegmentedRaftLogWorker (SegmentedRaftLogWorker.java:lambda$new$0(132)) - af93d71e-9597-43d1-a0d9-fd03e0850daa@group-6EB4CB2E655A-SegmentedRaftLogWorker: flushIndex: setUnconditionally 0 -> -1
2019-10-11 04:54:50,764 [pool-77-thread-1] INFO  server.RaftServerConfigKeys (ConfUtils.java:logGet(43)) - raft.server.snapshot.auto.trigger.enabled = true (custom)
2019-10-11 04:54:50,764 [pool-57-thread-1] INFO  server.RaftServerConfigKeys (ConfUtils.java:logGet(43)) - raft.server.snapshot.auto.trigger.enabled = true (custom)
2019-10-11 04:54:50,764 [pool-27-thread-1] INFO  impl.RaftServerImpl (RaftServerImpl.java:start(185)) - 85dedb5c-0475-48d6-91a5-f8922a1c9690@group-6EB4CB2E655A: start as a follower, conf=-1: [f486f1b0-a775-4c38-857e-a3674efc25f6:192.168.157.200:46251, 85dedb5c-0475-48d6-91a5-f8922a1c9690:192.168.157.200:34929, af93d71e-9597-43d1-a0d9-fd03e0850daa:192.168.157.200:36925], old=null
2019-10-11 04:54:50,765 [pool-57-thread-1] INFO  server.RaftServerConfigKeys (ConfUtils.java:logGet(43)) - raft.server.snapshot.auto.trigger.threshold = 10000 (custom)
2019-10-11 04:54:50,764 [pool-77-thread-1] INFO  server.RaftServerConfigKeys (ConfUtils.java:logGet(43)) - raft.server.snapshot.auto.trigger.threshold = 10000 (custom)
2019-10-11 04:54:50,765 [pool-57-thread-1] INFO  server.RaftServerConfigKeys (ConfUtils.java:logGet(43)) - raft.server.snapshot.retention.num.files = 5 (custom)
2019-10-11 04:54:50,765 [pool-27-thread-1] INFO  impl.RaftServerImpl (RaftServerImpl.java:setRole(174)) - 85dedb5c-0475-48d6-91a5-f8922a1c9690@group-6EB4CB2E655A: changes role from      null to FOLLOWER at term 0 for startAsFollower
2019-10-11 04:54:50,765 [pool-77-thread-1] INFO  server.RaftServerConfigKeys (ConfUtils.java:logGet(43)) - raft.server.snapshot.retention.num.files = 5 (custom)
2019-10-11 04:54:50,765 [pool-27-thread-1] INFO  impl.RoleInfo (RoleInfo.java:updateAndGet(143)) - 85dedb5c-0475-48d6-91a5-f8922a1c9690: start FollowerState
2019-10-11 04:54:50,765 [pool-57-thread-1] INFO  server.RaftServerConfigKeys (ConfUtils.java:logGet(43)) - raft.server.retrycache.expirytime = 600000ms (custom)
2019-10-11 04:54:50,766 [pool-77-thread-1] INFO  server.RaftServerConfigKeys (ConfUtils.java:logGet(43)) - raft.server.retrycache.expirytime = 600000ms (custom)
2019-10-11 04:54:50,766 [pool-27-thread-1] INFO  util.JmxRegister (JmxRegister.java:tryRegister(44)) - Successfully registered JMX Bean with object name Ratis:service=RaftServer,group=group-6EB4CB2E655A,id=85dedb5c-0475-48d6-91a5-f8922a1c9690
2019-10-11 04:54:50,772 [pool-57-thread-1] INFO  impl.RaftServerImpl (RaftServerImpl.java:start(185)) - af93d71e-9597-43d1-a0d9-fd03e0850daa@group-6EB4CB2E655A: start as a follower, conf=-1: [f486f1b0-a775-4c38-857e-a3674efc25f6:192.168.157.200:46251, 85dedb5c-0475-48d6-91a5-f8922a1c9690:192.168.157.200:34929, af93d71e-9597-43d1-a0d9-fd03e0850daa:192.168.157.200:36925], old=null
2019-10-11 04:54:50,772 [pool-57-thread-1] INFO  impl.RaftServerImpl (RaftServerImpl.java:setRole(174)) - af93d71e-9597-43d1-a0d9-fd03e0850daa@group-6EB4CB2E655A: changes role from      null to FOLLOWER at term 0 for startAsFollower
2019-10-11 04:54:50,772 [pool-57-thread-1] INFO  impl.RoleInfo (RoleInfo.java:updateAndGet(143)) - af93d71e-9597-43d1-a0d9-fd03e0850daa: start FollowerState
2019-10-11 04:54:50,773 [pool-57-thread-1] INFO  util.JmxRegister (JmxRegister.java:tryRegister(44)) - Successfully registered JMX Bean with object name Ratis:service=RaftServer,group=group-6EB4CB2E655A,id=af93d71e-9597-43d1-a0d9-fd03e0850daa
2019-10-11 04:54:50,773 [pool-77-thread-1] INFO  impl.RaftServerImpl (RaftServerImpl.java:start(185)) - f486f1b0-a775-4c38-857e-a3674efc25f6@group-6EB4CB2E655A: start as a follower, conf=-1: [f486f1b0-a775-4c38-857e-a3674efc25f6:192.168.157.200:46251, 85dedb5c-0475-48d6-91a5-f8922a1c9690:192.168.157.200:34929, af93d71e-9597-43d1-a0d9-fd03e0850daa:192.168.157.200:36925], old=null
2019-10-11 04:54:50,773 [pool-77-thread-1] INFO  impl.RaftServerImpl (RaftServerImpl.java:setRole(174)) - f486f1b0-a775-4c38-857e-a3674efc25f6@group-6EB4CB2E655A: changes role from      null to FOLLOWER at term 0 for startAsFollower
2019-10-11 04:54:50,773 [pool-77-thread-1] INFO  impl.RoleInfo (RoleInfo.java:updateAndGet(143)) - f486f1b0-a775-4c38-857e-a3674efc25f6: start FollowerState
2019-10-11 04:54:50,774 [pool-77-thread-1] INFO  util.JmxRegister (JmxRegister.java:tryRegister(44)) - Successfully registered JMX Bean with object name Ratis:service=RaftServer,group=group-6EB4CB2E655A,id=f486f1b0-a775-4c38-857e-a3674efc25f6
2019-10-11 04:54:50,781 [RatisPipelineUtilsThread] INFO  pipeline.PipelineStateManager (PipelineStateManager.java:addPipeline(56)) - Created pipeline Pipeline[ Id: cfc2e356-49e6-4ca6-97b8-6eb4cb2e655a, Nodes: 85dedb5c-0475-48d6-91a5-f8922a1c9690{ip: 192.168.157.200, host: pr-hdds-1569-qjnzd-3726989565, networkLocation: /default-rack, certSerialId: null}f486f1b0-a775-4c38-857e-a3674efc25f6{ip: 192.168.157.200, host: pr-hdds-1569-qjnzd-3726989565, networkLocation: /default-rack, certSerialId: null}af93d71e-9597-43d1-a0d9-fd03e0850daa{ip: 192.168.157.200, host: pr-hdds-1569-qjnzd-3726989565, networkLocation: /default-rack, certSerialId: null}, Type:RATIS, Factor:THREE, State:OPEN]
2019-10-11 04:54:50,781 [RatisPipelineUtilsThread] INFO  pipeline.PipelinePlacementPolicy (PipelinePlacementPolicy.java:meetCriteria(104)) - Pipeline Placement: can't place more pipeline on heavy datanode： 45dc940c-71f1-4cb7-b25b-a82b712b179d Heaviness: 3 limit: 3
2019-10-11 04:54:50,782 [RatisPipelineUtilsThread] INFO  pipeline.PipelinePlacementPolicy (PipelinePlacementPolicy.java:meetCriteria(104)) - Pipeline Placement: can't place more pipeline on heavy datanode： 3c863a86-f0e0-4c2a-8b91-a8d0f68ec9e3 Heaviness: 3 limit: 3
2019-10-11 04:54:50,782 [RatisPipelineUtilsThread] INFO  pipeline.PipelinePlacementPolicy (PipelinePlacementPolicy.java:meetCriteria(104)) - Pipeline Placement: can't place more pipeline on heavy datanode： 3452dafe-7a7c-46b8-888b-6c48499d0560 Heaviness: 3 limit: 3
2019-10-11 04:54:50,782 [RatisPipelineUtilsThread] INFO  pipeline.PipelinePlacementPolicy (PipelinePlacementPolicy.java:meetCriteria(104)) - Pipeline Placement: can't place more pipeline on heavy datanode： f486f1b0-a775-4c38-857e-a3674efc25f6 Heaviness: 3 limit: 3
2019-10-11 04:54:50,782 [RatisPipelineUtilsThread] INFO  pipeline.PipelinePlacementPolicy (PipelinePlacementPolicy.java:meetCriteria(104)) - Pipeline Placement: can't place more pipeline on heavy datanode： 85dedb5c-0475-48d6-91a5-f8922a1c9690 Heaviness: 3 limit: 3
2019-10-11 04:54:50,783 [RatisPipelineUtilsThread] INFO  pipeline.PipelinePlacementPolicy (PipelinePlacementPolicy.java:meetCriteria(104)) - Pipeline Placement: can't place more pipeline on heavy datanode： af93d71e-9597-43d1-a0d9-fd03e0850daa Heaviness: 3 limit: 3
2019-10-11 04:54:50,783 [RatisPipelineUtilsThread] ERROR pipeline.PipelinePlacementPolicy (PipelinePlacementPolicy.java:filterViableNodes(162)) - Unable to find enough nodes that meet the criteria that cannot engage in more than 3 pipelines. Nodes required: 3 Found: 1, healthy nodes count in NodeManager: 7.
2019-10-11 04:54:50,783 [RatisPipelineUtilsThread] ERROR pipeline.SCMPipelineManager (SCMPipelineManager.java:createPipeline(193)) - Pipeline creation failed.
org.apache.hadoop.hdds.scm.exceptions.SCMException: Unable to find enough nodes that meet the criteria that cannot engage in more than 3 pipelines. Nodes required: 3 Found: 1, healthy nodes count in NodeManager: 7.
	at org.apache.hadoop.hdds.scm.pipeline.PipelinePlacementPolicy.filterViableNodes(PipelinePlacementPolicy.java:163)
	at org.apache.hadoop.hdds.scm.pipeline.PipelinePlacementPolicy.chooseDatanodes(PipelinePlacementPolicy.java:186)
	at org.apache.hadoop.hdds.scm.pipeline.RatisPipelineProvider.create(RatisPipelineProvider.java:131)
	at org.apache.hadoop.hdds.scm.pipeline.PipelineFactory.create(PipelineFactory.java:58)
	at org.apache.hadoop.hdds.scm.pipeline.SCMPipelineManager.createPipeline(SCMPipelineManager.java:183)
	at org.apache.hadoop.hdds.scm.pipeline.BackgroundPipelineCreator.createPipelines(BackgroundPipelineCreator.java:100)
	at java.util.concurrent.Executors$RunnableAdapter.call(Executors.java:511)
	at java.util.concurrent.FutureTask.run(FutureTask.java:266)
	at java.util.concurrent.ScheduledThreadPoolExecutor$ScheduledFutureTask.access$201(ScheduledThreadPoolExecutor.java:180)
	at java.util.concurrent.ScheduledThreadPoolExecutor$ScheduledFutureTask.run(ScheduledThreadPoolExecutor.java:293)
	at java.util.concurrent.ThreadPoolExecutor.runWorker(ThreadPoolExecutor.java:1149)
	at java.util.concurrent.ThreadPoolExecutor$Worker.run(ThreadPoolExecutor.java:624)
	at java.lang.Thread.run(Thread.java:748)
2019-10-11 04:54:50,784 [RatisPipelineUtilsThread] INFO  pipeline.PipelinePlacementPolicy (PipelinePlacementPolicy.java:meetCriteria(104)) - Pipeline Placement: can't place more pipeline on heavy datanode： 45dc940c-71f1-4cb7-b25b-a82b712b179d Heaviness: 3 limit: 3
2019-10-11 04:54:50,785 [RatisPipelineUtilsThread] INFO  pipeline.PipelinePlacementPolicy (PipelinePlacementPolicy.java:meetCriteria(104)) - Pipeline Placement: can't place more pipeline on heavy datanode： 3c863a86-f0e0-4c2a-8b91-a8d0f68ec9e3 Heaviness: 3 limit: 3
2019-10-11 04:54:50,785 [RatisPipelineUtilsThread] INFO  pipeline.PipelinePlacementPolicy (PipelinePlacementPolicy.java:meetCriteria(104)) - Pipeline Placement: can't place more pipeline on heavy datanode： 3452dafe-7a7c-46b8-888b-6c48499d0560 Heaviness: 3 limit: 3
2019-10-11 04:54:50,785 [RatisPipelineUtilsThread] INFO  pipeline.PipelinePlacementPolicy (PipelinePlacementPolicy.java:meetCriteria(104)) - Pipeline Placement: can't place more pipeline on heavy datanode： f486f1b0-a775-4c38-857e-a3674efc25f6 Heaviness: 3 limit: 3
2019-10-11 04:54:50,786 [RatisPipelineUtilsThread] INFO  pipeline.PipelinePlacementPolicy (PipelinePlacementPolicy.java:meetCriteria(104)) - Pipeline Placement: can't place more pipeline on heavy datanode： 85dedb5c-0475-48d6-91a5-f8922a1c9690 Heaviness: 3 limit: 3
2019-10-11 04:54:50,786 [RatisPipelineUtilsThread] INFO  pipeline.PipelinePlacementPolicy (PipelinePlacementPolicy.java:meetCriteria(104)) - Pipeline Placement: can't place more pipeline on heavy datanode： af93d71e-9597-43d1-a0d9-fd03e0850daa Heaviness: 3 limit: 3
2019-10-11 04:54:50,786 [RatisPipelineUtilsThread] ERROR pipeline.PipelinePlacementPolicy (PipelinePlacementPolicy.java:filterViableNodes(162)) - Unable to find enough nodes that meet the criteria that cannot engage in more than 3 pipelines. Nodes required: 3 Found: 1, healthy nodes count in NodeManager: 7.
2019-10-11 04:54:50,786 [RatisPipelineUtilsThread] ERROR pipeline.SCMPipelineManager (SCMPipelineManager.java:createPipeline(193)) - Pipeline creation failed.
org.apache.hadoop.hdds.scm.exceptions.SCMException: Unable to find enough nodes that meet the criteria that cannot engage in more than 3 pipelines. Nodes required: 3 Found: 1, healthy nodes count in NodeManager: 7.
	at org.apache.hadoop.hdds.scm.pipeline.PipelinePlacementPolicy.filterViableNodes(PipelinePlacementPolicy.java:163)
	at org.apache.hadoop.hdds.scm.pipeline.PipelinePlacementPolicy.chooseDatanodes(PipelinePlacementPolicy.java:186)
	at org.apache.hadoop.hdds.scm.pipeline.RatisPipelineProvider.create(RatisPipelineProvider.java:131)
	at org.apache.hadoop.hdds.scm.pipeline.PipelineFactory.create(PipelineFactory.java:58)
	at org.apache.hadoop.hdds.scm.pipeline.SCMPipelineManager.createPipeline(SCMPipelineManager.java:183)
	at org.apache.hadoop.hdds.scm.pipeline.BackgroundPipelineCreator.createPipelines(BackgroundPipelineCreator.java:100)
	at org.apache.hadoop.hdds.scm.pipeline.BackgroundPipelineCreator.lambda$startFixedIntervalPipelineCreator$0(BackgroundPipelineCreator.java:70)
	at java.util.concurrent.Executors$RunnableAdapter.call(Executors.java:511)
	at java.util.concurrent.FutureTask.runAndReset(FutureTask.java:308)
	at java.util.concurrent.ScheduledThreadPoolExecutor$ScheduledFutureTask.access$301(ScheduledThreadPoolExecutor.java:180)
	at java.util.concurrent.ScheduledThreadPoolExecutor$ScheduledFutureTask.run(ScheduledThreadPoolExecutor.java:294)
	at java.util.concurrent.ThreadPoolExecutor.runWorker(ThreadPoolExecutor.java:1149)
	at java.util.concurrent.ThreadPoolExecutor$Worker.run(ThreadPoolExecutor.java:624)
	at java.lang.Thread.run(Thread.java:748)
2019-10-11 04:54:50,821 [Thread-240] INFO  impl.FollowerState (FollowerState.java:run(106)) - 85dedb5c-0475-48d6-91a5-f8922a1c9690:group-717C5F6B8A8C changes to CANDIDATE, lastRpcTime:1180, electionTimeout:1179ms
2019-10-11 04:54:50,826 [Thread-240] INFO  impl.RoleInfo (RoleInfo.java:shutdownFollowerState(121)) - 85dedb5c-0475-48d6-91a5-f8922a1c9690: shutdown FollowerState
2019-10-11 04:54:50,827 [Thread-240] INFO  impl.RaftServerImpl (RaftServerImpl.java:setRole(174)) - 85dedb5c-0475-48d6-91a5-f8922a1c9690@group-717C5F6B8A8C: changes role from  FOLLOWER to CANDIDATE at term 0 for changeToCandidate
2019-10-11 04:54:50,834 [Thread-240] INFO  impl.RoleInfo (RoleInfo.java:updateAndGet(143)) - 85dedb5c-0475-48d6-91a5-f8922a1c9690: start LeaderElection
2019-10-11 04:54:50,853 [85dedb5c-0475-48d6-91a5-f8922a1c9690@group-717C5F6B8A8C:LeaderElection1] INFO  impl.LeaderElection (LeaderElection.java:askForVotes(182)) - 85dedb5c-0475-48d6-91a5-f8922a1c9690@group-717C5F6B8A8C:LeaderElection1: begin an election at term 1 for -1: [85dedb5c-0475-48d6-91a5-f8922a1c9690:192.168.157.200:34929], old=null
2019-10-11 04:54:50,855 [85dedb5c-0475-48d6-91a5-f8922a1c9690@group-717C5F6B8A8C:LeaderElection1] INFO  impl.RoleInfo (RoleInfo.java:shutdownLeaderElection(134)) - 85dedb5c-0475-48d6-91a5-f8922a1c9690: shutdown LeaderElection
2019-10-11 04:54:50,856 [85dedb5c-0475-48d6-91a5-f8922a1c9690@group-717C5F6B8A8C:LeaderElection1] INFO  impl.RaftServerImpl (RaftServerImpl.java:setRole(174)) - 85dedb5c-0475-48d6-91a5-f8922a1c9690@group-717C5F6B8A8C: changes role from CANDIDATE to LEADER at term 1 for changeToLeader
2019-10-11 04:54:50,856 [85dedb5c-0475-48d6-91a5-f8922a1c9690@group-717C5F6B8A8C:LeaderElection1] INFO  impl.RaftServerImpl (ServerState.java:setLeader(253)) - 85dedb5c-0475-48d6-91a5-f8922a1c9690@group-717C5F6B8A8C: change Leader from null to 85dedb5c-0475-48d6-91a5-f8922a1c9690 at term 1 for becomeLeader, leader elected after 1360ms
2019-10-11 04:54:50,865 [85dedb5c-0475-48d6-91a5-f8922a1c9690@group-717C5F6B8A8C:LeaderElection1] INFO  server.RaftServerConfigKeys (ConfUtils.java:logGet(43)) - raft.server.staging.catchup.gap = 1000 (default)
2019-10-11 04:54:50,865 [85dedb5c-0475-48d6-91a5-f8922a1c9690@group-717C5F6B8A8C:LeaderElection1] INFO  server.RaftServerConfigKeys (ConfUtils.java:logGet(43)) - raft.server.rpc.sleep.time = 25ms (default)
2019-10-11 04:54:50,869 [85dedb5c-0475-48d6-91a5-f8922a1c9690@group-717C5F6B8A8C:LeaderElection1] INFO  server.RaftServerConfigKeys (ConfUtils.java:logGet(43)) - raft.server.write.element-limit = 4096 (default)
2019-10-11 04:54:50,872 [85dedb5c-0475-48d6-91a5-f8922a1c9690@group-717C5F6B8A8C:LeaderElection1] INFO  server.RaftServerConfigKeys (ConfUtils.java:logGet(43)) - raft.server.watch.timeout = 10s (default)
2019-10-11 04:54:50,873 [85dedb5c-0475-48d6-91a5-f8922a1c9690@group-717C5F6B8A8C:LeaderElection1] INFO  server.RaftServerConfigKeys (ConfUtils.java:logGet(43)) - raft.server.watch.timeout.denomination = 1s (default)
2019-10-11 04:54:50,874 [85dedb5c-0475-48d6-91a5-f8922a1c9690@group-717C5F6B8A8C:LeaderElection1] INFO  server.RaftServerConfigKeys (ConfUtils.java:logGet(43)) - raft.server.watch.element-limit = 65536 (default)
2019-10-11 04:54:50,890 [85dedb5c-0475-48d6-91a5-f8922a1c9690@group-717C5F6B8A8C:LeaderElection1] INFO  impl.RoleInfo (RoleInfo.java:updateAndGet(143)) - 85dedb5c-0475-48d6-91a5-f8922a1c9690: start LeaderState
2019-10-11 04:54:50,903 [Thread-243] INFO  impl.FollowerState (FollowerState.java:run(106)) - 45dc940c-71f1-4cb7-b25b-a82b712b179d:group-3026DE4B2781 changes to CANDIDATE, lastRpcTime:1051, electionTimeout:1050ms
2019-10-11 04:54:50,912 [Thread-243] INFO  impl.RoleInfo (RoleInfo.java:shutdownFollowerState(121)) - 45dc940c-71f1-4cb7-b25b-a82b712b179d: shutdown FollowerState
2019-10-11 04:54:50,912 [Thread-243] INFO  impl.RaftServerImpl (RaftServerImpl.java:setRole(174)) - 45dc940c-71f1-4cb7-b25b-a82b712b179d@group-3026DE4B2781: changes role from  FOLLOWER to CANDIDATE at term 0 for changeToCandidate
2019-10-11 04:54:50,913 [Thread-243] INFO  impl.RoleInfo (RoleInfo.java:updateAndGet(143)) - 45dc940c-71f1-4cb7-b25b-a82b712b179d: start LeaderElection
2019-10-11 04:54:50,932 [45dc940c-71f1-4cb7-b25b-a82b712b179d@group-3026DE4B2781:LeaderElection2] INFO  impl.LeaderElection (LeaderElection.java:askForVotes(182)) - 45dc940c-71f1-4cb7-b25b-a82b712b179d@group-3026DE4B2781:LeaderElection2: begin an election at term 1 for -1: [45dc940c-71f1-4cb7-b25b-a82b712b179d:192.168.157.200:43469], old=null
2019-10-11 04:54:50,937 [45dc940c-71f1-4cb7-b25b-a82b712b179d@group-3026DE4B2781:LeaderElection2] INFO  impl.RoleInfo (RoleInfo.java:shutdownLeaderElection(134)) - 45dc940c-71f1-4cb7-b25b-a82b712b179d: shutdown LeaderElection
2019-10-11 04:54:50,940 [45dc940c-71f1-4cb7-b25b-a82b712b179d@group-3026DE4B2781:LeaderElection2] INFO  impl.RaftServerImpl (RaftServerImpl.java:setRole(174)) - 45dc940c-71f1-4cb7-b25b-a82b712b179d@group-3026DE4B2781: changes role from CANDIDATE to LEADER at term 1 for changeToLeader
2019-10-11 04:54:50,940 [45dc940c-71f1-4cb7-b25b-a82b712b179d@group-3026DE4B2781:LeaderElection2] INFO  impl.RaftServerImpl (ServerState.java:setLeader(253)) - 45dc940c-71f1-4cb7-b25b-a82b712b179d@group-3026DE4B2781: change Leader from null to 45dc940c-71f1-4cb7-b25b-a82b712b179d at term 1 for becomeLeader, leader elected after 1106ms
2019-10-11 04:54:50,941 [45dc940c-71f1-4cb7-b25b-a82b712b179d@group-3026DE4B2781:LeaderElection2] INFO  server.RaftServerConfigKeys (ConfUtils.java:logGet(43)) - raft.server.staging.catchup.gap = 1000 (default)
2019-10-11 04:54:50,941 [45dc940c-71f1-4cb7-b25b-a82b712b179d@group-3026DE4B2781:LeaderElection2] INFO  server.RaftServerConfigKeys (ConfUtils.java:logGet(43)) - raft.server.rpc.sleep.time = 25ms (default)
2019-10-11 04:54:50,942 [45dc940c-71f1-4cb7-b25b-a82b712b179d@group-3026DE4B2781:LeaderElection2] INFO  server.RaftServerConfigKeys (ConfUtils.java:logGet(43)) - raft.server.write.element-limit = 4096 (default)
2019-10-11 04:54:50,942 [45dc940c-71f1-4cb7-b25b-a82b712b179d@group-3026DE4B2781:LeaderElection2] INFO  server.RaftServerConfigKeys (ConfUtils.java:logGet(43)) - raft.server.watch.timeout = 10s (default)
2019-10-11 04:54:50,942 [45dc940c-71f1-4cb7-b25b-a82b712b179d@group-3026DE4B2781:LeaderElection2] INFO  server.RaftServerConfigKeys (ConfUtils.java:logGet(43)) - raft.server.watch.timeout.denomination = 1s (default)
2019-10-11 04:54:50,942 [45dc940c-71f1-4cb7-b25b-a82b712b179d@group-3026DE4B2781:LeaderElection2] INFO  server.RaftServerConfigKeys (ConfUtils.java:logGet(43)) - raft.server.watch.element-limit = 65536 (default)
2019-10-11 04:54:50,945 [45dc940c-71f1-4cb7-b25b-a82b712b179d@group-3026DE4B2781:LeaderElection2] INFO  impl.RoleInfo (RoleInfo.java:updateAndGet(143)) - 45dc940c-71f1-4cb7-b25b-a82b712b179d: start LeaderState
2019-10-11 04:54:50,952 [45dc940c-71f1-4cb7-b25b-a82b712b179d@group-3026DE4B2781:LeaderElection2] INFO  segmented.SegmentedRaftLogWorker (SegmentedRaftLogWorker.java:startLogSegment(380)) - 45dc940c-71f1-4cb7-b25b-a82b712b179d@group-3026DE4B2781-SegmentedRaftLogWorker: Starting segment from index:0
2019-10-11 04:54:50,952 [85dedb5c-0475-48d6-91a5-f8922a1c9690@group-717C5F6B8A8C:LeaderElection1] INFO  segmented.SegmentedRaftLogWorker (SegmentedRaftLogWorker.java:startLogSegment(380)) - 85dedb5c-0475-48d6-91a5-f8922a1c9690@group-717C5F6B8A8C-SegmentedRaftLogWorker: Starting segment from index:0
2019-10-11 04:54:50,965 [45dc940c-71f1-4cb7-b25b-a82b712b179d@group-3026DE4B2781:LeaderElection2] INFO  impl.RaftServerImpl (ServerState.java:setRaftConf(354)) - 45dc940c-71f1-4cb7-b25b-a82b712b179d@group-3026DE4B2781: set configuration 0: [45dc940c-71f1-4cb7-b25b-a82b712b179d:192.168.157.200:43469], old=null at 0
2019-10-11 04:54:50,965 [85dedb5c-0475-48d6-91a5-f8922a1c9690@group-717C5F6B8A8C:LeaderElection1] INFO  impl.RaftServerImpl (ServerState.java:setRaftConf(354)) - 85dedb5c-0475-48d6-91a5-f8922a1c9690@group-717C5F6B8A8C: set configuration 0: [85dedb5c-0475-48d6-91a5-f8922a1c9690:192.168.157.200:34929], old=null at 0
2019-10-11 04:54:51,066 [main] INFO  rpc.RpcClient (RpcClient.java:createVolume(276)) - Creating Volume: watchforcommithandlingtest, with jenkins1000 as owner.
2019-10-11 04:54:51,107 [Thread-246] INFO  impl.FollowerState (FollowerState.java:run(106)) - 3c863a86-f0e0-4c2a-8b91-a8d0f68ec9e3:group-FDABC929E7F0 changes to CANDIDATE, lastRpcTime:1115, electionTimeout:1114ms
2019-10-11 04:54:51,109 [Thread-246] INFO  impl.RoleInfo (RoleInfo.java:shutdownFollowerState(121)) - 3c863a86-f0e0-4c2a-8b91-a8d0f68ec9e3: shutdown FollowerState
2019-10-11 04:54:51,109 [Thread-246] INFO  impl.RaftServerImpl (RaftServerImpl.java:setRole(174)) - 3c863a86-f0e0-4c2a-8b91-a8d0f68ec9e3@group-FDABC929E7F0: changes role from  FOLLOWER to CANDIDATE at term 0 for changeToCandidate
2019-10-11 04:54:51,109 [Thread-246] INFO  impl.RoleInfo (RoleInfo.java:updateAndGet(143)) - 3c863a86-f0e0-4c2a-8b91-a8d0f68ec9e3: start LeaderElection
2019-10-11 04:54:51,127 [3c863a86-f0e0-4c2a-8b91-a8d0f68ec9e3@group-FDABC929E7F0:LeaderElection3] INFO  impl.LeaderElection (LeaderElection.java:askForVotes(182)) - 3c863a86-f0e0-4c2a-8b91-a8d0f68ec9e3@group-FDABC929E7F0:LeaderElection3: begin an election at term 1 for -1: [3c863a86-f0e0-4c2a-8b91-a8d0f68ec9e3:192.168.157.200:33160], old=null
2019-10-11 04:54:51,129 [3c863a86-f0e0-4c2a-8b91-a8d0f68ec9e3@group-FDABC929E7F0:LeaderElection3] INFO  impl.RoleInfo (RoleInfo.java:shutdownLeaderElection(134)) - 3c863a86-f0e0-4c2a-8b91-a8d0f68ec9e3: shutdown LeaderElection
2019-10-11 04:54:51,129 [3c863a86-f0e0-4c2a-8b91-a8d0f68ec9e3@group-FDABC929E7F0:LeaderElection3] INFO  impl.RaftServerImpl (RaftServerImpl.java:setRole(174)) - 3c863a86-f0e0-4c2a-8b91-a8d0f68ec9e3@group-FDABC929E7F0: changes role from CANDIDATE to LEADER at term 1 for changeToLeader
2019-10-11 04:54:51,129 [3c863a86-f0e0-4c2a-8b91-a8d0f68ec9e3@group-FDABC929E7F0:LeaderElection3] INFO  impl.RaftServerImpl (ServerState.java:setLeader(253)) - 3c863a86-f0e0-4c2a-8b91-a8d0f68ec9e3@group-FDABC929E7F0: change Leader from null to 3c863a86-f0e0-4c2a-8b91-a8d0f68ec9e3 at term 1 for becomeLeader, leader elected after 1188ms
2019-10-11 04:54:51,131 [3c863a86-f0e0-4c2a-8b91-a8d0f68ec9e3@group-FDABC929E7F0:LeaderElection3] INFO  server.RaftServerConfigKeys (ConfUtils.java:logGet(43)) - raft.server.staging.catchup.gap = 1000 (default)
2019-10-11 04:54:51,131 [3c863a86-f0e0-4c2a-8b91-a8d0f68ec9e3@group-FDABC929E7F0:LeaderElection3] INFO  server.RaftServerConfigKeys (ConfUtils.java:logGet(43)) - raft.server.rpc.sleep.time = 25ms (default)
2019-10-11 04:54:51,131 [3c863a86-f0e0-4c2a-8b91-a8d0f68ec9e3@group-FDABC929E7F0:LeaderElection3] INFO  server.RaftServerConfigKeys (ConfUtils.java:logGet(43)) - raft.server.write.element-limit = 4096 (default)
2019-10-11 04:54:51,132 [3c863a86-f0e0-4c2a-8b91-a8d0f68ec9e3@group-FDABC929E7F0:LeaderElection3] INFO  server.RaftServerConfigKeys (ConfUtils.java:logGet(43)) - raft.server.watch.timeout = 10s (default)
2019-10-11 04:54:51,132 [3c863a86-f0e0-4c2a-8b91-a8d0f68ec9e3@group-FDABC929E7F0:LeaderElection3] INFO  server.RaftServerConfigKeys (ConfUtils.java:logGet(43)) - raft.server.watch.timeout.denomination = 1s (default)
2019-10-11 04:54:51,132 [3c863a86-f0e0-4c2a-8b91-a8d0f68ec9e3@group-FDABC929E7F0:LeaderElection3] INFO  server.RaftServerConfigKeys (ConfUtils.java:logGet(43)) - raft.server.watch.element-limit = 65536 (default)
2019-10-11 04:54:51,485 [Thread-249] INFO  impl.FollowerState (FollowerState.java:run(106)) - 3452dafe-7a7c-46b8-888b-6c48499d0560:group-7E73339880E2 changes to CANDIDATE, lastRpcTime:1411, electionTimeout:1152ms
2019-10-11 04:54:51,485 [Thread-252] INFO  impl.FollowerState (FollowerState.java:run(106)) - f486f1b0-a775-4c38-857e-a3674efc25f6:group-3C4CC12137DD changes to CANDIDATE, lastRpcTime:1332, electionTimeout:1084ms
2019-10-11 04:54:51,486 [Thread-255] INFO  impl.FollowerState (FollowerState.java:run(106)) - af93d71e-9597-43d1-a0d9-fd03e0850daa:group-B3DFEA6DC537 changes to CANDIDATE, lastRpcTime:1251, electionTimeout:1116ms
2019-10-11 04:54:51,486 [Thread-252] INFO  impl.RoleInfo (RoleInfo.java:shutdownFollowerState(121)) - f486f1b0-a775-4c38-857e-a3674efc25f6: shutdown FollowerState
2019-10-11 04:54:51,486 [Thread-249] INFO  impl.RoleInfo (RoleInfo.java:shutdownFollowerState(121)) - 3452dafe-7a7c-46b8-888b-6c48499d0560: shutdown FollowerState
2019-10-11 04:54:51,486 [Thread-255] INFO  impl.RoleInfo (RoleInfo.java:shutdownFollowerState(121)) - af93d71e-9597-43d1-a0d9-fd03e0850daa: shutdown FollowerState
2019-10-11 04:54:51,490 [Thread-252] INFO  impl.RaftServerImpl (RaftServerImpl.java:setRole(174)) - f486f1b0-a775-4c38-857e-a3674efc25f6@group-3C4CC12137DD: changes role from  FOLLOWER to CANDIDATE at term 0 for changeToCandidate
2019-10-11 04:54:51,490 [Thread-249] INFO  impl.RaftServerImpl (RaftServerImpl.java:setRole(174)) - 3452dafe-7a7c-46b8-888b-6c48499d0560@group-7E73339880E2: changes role from  FOLLOWER to CANDIDATE at term 0 for changeToCandidate
2019-10-11 04:54:51,490 [Thread-255] INFO  impl.RaftServerImpl (RaftServerImpl.java:setRole(174)) - af93d71e-9597-43d1-a0d9-fd03e0850daa@group-B3DFEA6DC537: changes role from  FOLLOWER to CANDIDATE at term 0 for changeToCandidate
2019-10-11 04:54:51,491 [Thread-249] INFO  impl.RoleInfo (RoleInfo.java:updateAndGet(143)) - 3452dafe-7a7c-46b8-888b-6c48499d0560: start LeaderElection
2019-10-11 04:54:51,493 [Thread-255] INFO  impl.RoleInfo (RoleInfo.java:updateAndGet(143)) - af93d71e-9597-43d1-a0d9-fd03e0850daa: start LeaderElection
2019-10-11 04:54:51,491 [Thread-252] INFO  impl.RoleInfo (RoleInfo.java:updateAndGet(143)) - f486f1b0-a775-4c38-857e-a3674efc25f6: start LeaderElection
2019-10-11 04:54:51,492 [3c863a86-f0e0-4c2a-8b91-a8d0f68ec9e3@group-FDABC929E7F0:LeaderElection3] INFO  impl.RoleInfo (RoleInfo.java:updateAndGet(143)) - 3c863a86-f0e0-4c2a-8b91-a8d0f68ec9e3: start LeaderState
2019-10-11 04:54:51,505 [3c863a86-f0e0-4c2a-8b91-a8d0f68ec9e3@group-FDABC929E7F0:LeaderElection3] INFO  segmented.SegmentedRaftLogWorker (SegmentedRaftLogWorker.java:startLogSegment(380)) - 3c863a86-f0e0-4c2a-8b91-a8d0f68ec9e3@group-FDABC929E7F0-SegmentedRaftLogWorker: Starting segment from index:0
2019-10-11 04:54:51,506 [3c863a86-f0e0-4c2a-8b91-a8d0f68ec9e3@group-FDABC929E7F0:LeaderElection3] INFO  impl.RaftServerImpl (ServerState.java:setRaftConf(354)) - 3c863a86-f0e0-4c2a-8b91-a8d0f68ec9e3@group-FDABC929E7F0: set configuration 0: [3c863a86-f0e0-4c2a-8b91-a8d0f68ec9e3:192.168.157.200:33160], old=null at 0
2019-10-11 04:54:51,511 [Thread-258] INFO  impl.FollowerState (FollowerState.java:run(106)) - b60e1418-2c99-4095-aa33-d35d300fab24:group-9BB09CAB71CD changes to CANDIDATE, lastRpcTime:1196, electionTimeout:1196ms
2019-10-11 04:54:51,511 [Thread-258] INFO  impl.RoleInfo (RoleInfo.java:shutdownFollowerState(121)) - b60e1418-2c99-4095-aa33-d35d300fab24: shutdown FollowerState
2019-10-11 04:54:51,511 [Thread-258] INFO  impl.RaftServerImpl (RaftServerImpl.java:setRole(174)) - b60e1418-2c99-4095-aa33-d35d300fab24@group-9BB09CAB71CD: changes role from  FOLLOWER to CANDIDATE at term 0 for changeToCandidate
2019-10-11 04:54:51,511 [Thread-258] INFO  impl.RoleInfo (RoleInfo.java:updateAndGet(143)) - b60e1418-2c99-4095-aa33-d35d300fab24: start LeaderElection
2019-10-11 04:54:51,523 [f486f1b0-a775-4c38-857e-a3674efc25f6@group-3C4CC12137DD:LeaderElection4] INFO  impl.LeaderElection (LeaderElection.java:askForVotes(182)) - f486f1b0-a775-4c38-857e-a3674efc25f6@group-3C4CC12137DD:LeaderElection4: begin an election at term 1 for -1: [f486f1b0-a775-4c38-857e-a3674efc25f6:192.168.157.200:46251], old=null
2019-10-11 04:54:51,537 [3452dafe-7a7c-46b8-888b-6c48499d0560@group-7E73339880E2:LeaderElection5] INFO  impl.LeaderElection (LeaderElection.java:askForVotes(182)) - 3452dafe-7a7c-46b8-888b-6c48499d0560@group-7E73339880E2:LeaderElection5: begin an election at term 1 for -1: [3452dafe-7a7c-46b8-888b-6c48499d0560:192.168.157.200:37763], old=null
2019-10-11 04:54:51,527 [Thread-263] INFO  impl.FollowerState (FollowerState.java:run(106)) - 3452dafe-7a7c-46b8-888b-6c48499d0560:group-204EBAADCE96 changes to CANDIDATE, lastRpcTime:1080, electionTimeout:1079ms
2019-10-11 04:54:51,528 [af93d71e-9597-43d1-a0d9-fd03e0850daa@group-B3DFEA6DC537:LeaderElection6] INFO  impl.LeaderElection (LeaderElection.java:askForVotes(182)) - af93d71e-9597-43d1-a0d9-fd03e0850daa@group-B3DFEA6DC537:LeaderElection6: begin an election at term 1 for -1: [af93d71e-9597-43d1-a0d9-fd03e0850daa:192.168.157.200:36925], old=null
2019-10-11 04:54:51,542 [Thread-263] INFO  impl.RoleInfo (RoleInfo.java:shutdownFollowerState(121)) - 3452dafe-7a7c-46b8-888b-6c48499d0560: shutdown FollowerState
2019-10-11 04:54:51,542 [3452dafe-7a7c-46b8-888b-6c48499d0560@group-7E73339880E2:LeaderElection5] INFO  impl.RoleInfo (RoleInfo.java:shutdownLeaderElection(134)) - 3452dafe-7a7c-46b8-888b-6c48499d0560: shutdown LeaderElection
2019-10-11 04:54:51,541 [f486f1b0-a775-4c38-857e-a3674efc25f6@group-3C4CC12137DD:LeaderElection4] INFO  impl.RoleInfo (RoleInfo.java:shutdownLeaderElection(134)) - f486f1b0-a775-4c38-857e-a3674efc25f6: shutdown LeaderElection
2019-10-11 04:54:51,542 [3452dafe-7a7c-46b8-888b-6c48499d0560@group-7E73339880E2:LeaderElection5] INFO  impl.RaftServerImpl (RaftServerImpl.java:setRole(174)) - 3452dafe-7a7c-46b8-888b-6c48499d0560@group-7E73339880E2: changes role from CANDIDATE to LEADER at term 1 for changeToLeader
2019-10-11 04:54:51,542 [3452dafe-7a7c-46b8-888b-6c48499d0560@group-7E73339880E2:LeaderElection5] INFO  impl.RaftServerImpl (ServerState.java:setLeader(253)) - 3452dafe-7a7c-46b8-888b-6c48499d0560@group-7E73339880E2: change Leader from null to 3452dafe-7a7c-46b8-888b-6c48499d0560 at term 1 for becomeLeader, leader elected after 1482ms
2019-10-11 04:54:51,536 [b60e1418-2c99-4095-aa33-d35d300fab24@group-9BB09CAB71CD:LeaderElection7] INFO  impl.LeaderElection (LeaderElection.java:askForVotes(182)) - b60e1418-2c99-4095-aa33-d35d300fab24@group-9BB09CAB71CD:LeaderElection7: begin an election at term 1 for -1: [b60e1418-2c99-4095-aa33-d35d300fab24:192.168.157.200:37224], old=null
2019-10-11 04:54:51,544 [3452dafe-7a7c-46b8-888b-6c48499d0560@group-7E73339880E2:LeaderElection5] INFO  server.RaftServerConfigKeys (ConfUtils.java:logGet(43)) - raft.server.staging.catchup.gap = 1000 (default)
2019-10-11 04:54:51,540 [Thread-265] INFO  impl.FollowerState (FollowerState.java:run(106)) - 45dc940c-71f1-4cb7-b25b-a82b712b179d:group-204EBAADCE96 changes to CANDIDATE, lastRpcTime:1095, electionTimeout:1081ms
2019-10-11 04:54:51,544 [3452dafe-7a7c-46b8-888b-6c48499d0560@group-7E73339880E2:LeaderElection5] INFO  server.RaftServerConfigKeys (ConfUtils.java:logGet(43)) - raft.server.rpc.sleep.time = 25ms (default)
2019-10-11 04:54:51,544 [b60e1418-2c99-4095-aa33-d35d300fab24@group-9BB09CAB71CD:LeaderElection7] INFO  impl.RoleInfo (RoleInfo.java:shutdownLeaderElection(134)) - b60e1418-2c99-4095-aa33-d35d300fab24: shutdown LeaderElection
2019-10-11 04:54:51,542 [f486f1b0-a775-4c38-857e-a3674efc25f6@group-3C4CC12137DD:LeaderElection4] INFO  impl.RaftServerImpl (RaftServerImpl.java:setRole(174)) - f486f1b0-a775-4c38-857e-a3674efc25f6@group-3C4CC12137DD: changes role from CANDIDATE to LEADER at term 1 for changeToLeader
2019-10-11 04:54:51,544 [f486f1b0-a775-4c38-857e-a3674efc25f6@group-3C4CC12137DD:LeaderElection4] INFO  impl.RaftServerImpl (ServerState.java:setLeader(253)) - f486f1b0-a775-4c38-857e-a3674efc25f6@group-3C4CC12137DD: change Leader from null to f486f1b0-a775-4c38-857e-a3674efc25f6 at term 1 for becomeLeader, leader elected after 1407ms
2019-10-11 04:54:51,542 [Thread-263] INFO  impl.RaftServerImpl (RaftServerImpl.java:setRole(174)) - 3452dafe-7a7c-46b8-888b-6c48499d0560@group-204EBAADCE96: changes role from  FOLLOWER to CANDIDATE at term 0 for changeToCandidate
2019-10-11 04:54:51,542 [af93d71e-9597-43d1-a0d9-fd03e0850daa@group-B3DFEA6DC537:LeaderElection6] INFO  impl.RoleInfo (RoleInfo.java:shutdownLeaderElection(134)) - af93d71e-9597-43d1-a0d9-fd03e0850daa: shutdown LeaderElection
2019-10-11 04:54:51,546 [Thread-263] INFO  impl.RoleInfo (RoleInfo.java:updateAndGet(143)) - 3452dafe-7a7c-46b8-888b-6c48499d0560: start LeaderElection
2019-10-11 04:54:51,546 [f486f1b0-a775-4c38-857e-a3674efc25f6@group-3C4CC12137DD:LeaderElection4] INFO  server.RaftServerConfigKeys (ConfUtils.java:logGet(43)) - raft.server.staging.catchup.gap = 1000 (default)
2019-10-11 04:54:51,547 [f486f1b0-a775-4c38-857e-a3674efc25f6@group-3C4CC12137DD:LeaderElection4] INFO  server.RaftServerConfigKeys (ConfUtils.java:logGet(43)) - raft.server.rpc.sleep.time = 25ms (default)
2019-10-11 04:54:51,544 [b60e1418-2c99-4095-aa33-d35d300fab24@group-9BB09CAB71CD:LeaderElection7] INFO  impl.RaftServerImpl (RaftServerImpl.java:setRole(174)) - b60e1418-2c99-4095-aa33-d35d300fab24@group-9BB09CAB71CD: changes role from CANDIDATE to LEADER at term 1 for changeToLeader
2019-10-11 04:54:51,544 [3452dafe-7a7c-46b8-888b-6c48499d0560@group-7E73339880E2:LeaderElection5] INFO  server.RaftServerConfigKeys (ConfUtils.java:logGet(43)) - raft.server.write.element-limit = 4096 (default)
2019-10-11 04:54:51,544 [Thread-265] INFO  impl.RoleInfo (RoleInfo.java:shutdownFollowerState(121)) - 45dc940c-71f1-4cb7-b25b-a82b712b179d: shutdown FollowerState
2019-10-11 04:54:51,550 [3452dafe-7a7c-46b8-888b-6c48499d0560@group-7E73339880E2:LeaderElection5] INFO  server.RaftServerConfigKeys (ConfUtils.java:logGet(43)) - raft.server.watch.timeout = 10s (default)
2019-10-11 04:54:51,550 [b60e1418-2c99-4095-aa33-d35d300fab24@group-9BB09CAB71CD:LeaderElection7] INFO  impl.RaftServerImpl (ServerState.java:setLeader(253)) - b60e1418-2c99-4095-aa33-d35d300fab24@group-9BB09CAB71CD: change Leader from null to b60e1418-2c99-4095-aa33-d35d300fab24 at term 1 for becomeLeader, leader elected after 1246ms
2019-10-11 04:54:51,547 [f486f1b0-a775-4c38-857e-a3674efc25f6@group-3C4CC12137DD:LeaderElection4] INFO  server.RaftServerConfigKeys (ConfUtils.java:logGet(43)) - raft.server.write.element-limit = 4096 (default)
2019-10-11 04:54:51,551 [b60e1418-2c99-4095-aa33-d35d300fab24@group-9BB09CAB71CD:LeaderElection7] INFO  server.RaftServerConfigKeys (ConfUtils.java:logGet(43)) - raft.server.staging.catchup.gap = 1000 (default)
2019-10-11 04:54:51,546 [af93d71e-9597-43d1-a0d9-fd03e0850daa@group-B3DFEA6DC537:LeaderElection6] INFO  impl.RaftServerImpl (RaftServerImpl.java:setRole(174)) - af93d71e-9597-43d1-a0d9-fd03e0850daa@group-B3DFEA6DC537: changes role from CANDIDATE to LEADER at term 1 for changeToLeader
2019-10-11 04:54:51,552 [b60e1418-2c99-4095-aa33-d35d300fab24@group-9BB09CAB71CD:LeaderElection7] INFO  server.RaftServerConfigKeys (ConfUtils.java:logGet(43)) - raft.server.rpc.sleep.time = 25ms (default)
2019-10-11 04:54:51,551 [f486f1b0-a775-4c38-857e-a3674efc25f6@group-3C4CC12137DD:LeaderElection4] INFO  server.RaftServerConfigKeys (ConfUtils.java:logGet(43)) - raft.server.watch.timeout = 10s (default)
2019-10-11 04:54:51,552 [f486f1b0-a775-4c38-857e-a3674efc25f6@group-3C4CC12137DD:LeaderElection4] INFO  server.RaftServerConfigKeys (ConfUtils.java:logGet(43)) - raft.server.watch.timeout.denomination = 1s (default)
2019-10-11 04:54:51,550 [3452dafe-7a7c-46b8-888b-6c48499d0560@group-7E73339880E2:LeaderElection5] INFO  server.RaftServerConfigKeys (ConfUtils.java:logGet(43)) - raft.server.watch.timeout.denomination = 1s (default)
2019-10-11 04:54:51,550 [Thread-265] INFO  impl.RaftServerImpl (RaftServerImpl.java:setRole(174)) - 45dc940c-71f1-4cb7-b25b-a82b712b179d@group-204EBAADCE96: changes role from  FOLLOWER to CANDIDATE at term 0 for changeToCandidate
2019-10-11 04:54:51,552 [3452dafe-7a7c-46b8-888b-6c48499d0560@group-7E73339880E2:LeaderElection5] INFO  server.RaftServerConfigKeys (ConfUtils.java:logGet(43)) - raft.server.watch.element-limit = 65536 (default)
2019-10-11 04:54:51,552 [f486f1b0-a775-4c38-857e-a3674efc25f6@group-3C4CC12137DD:LeaderElection4] INFO  server.RaftServerConfigKeys (ConfUtils.java:logGet(43)) - raft.server.watch.element-limit = 65536 (default)
2019-10-11 04:54:51,552 [b60e1418-2c99-4095-aa33-d35d300fab24@group-9BB09CAB71CD:LeaderElection7] INFO  server.RaftServerConfigKeys (ConfUtils.java:logGet(43)) - raft.server.write.element-limit = 4096 (default)
2019-10-11 04:54:51,552 [af93d71e-9597-43d1-a0d9-fd03e0850daa@group-B3DFEA6DC537:LeaderElection6] INFO  impl.RaftServerImpl (ServerState.java:setLeader(253)) - af93d71e-9597-43d1-a0d9-fd03e0850daa@group-B3DFEA6DC537: change Leader from null to af93d71e-9597-43d1-a0d9-fd03e0850daa at term 1 for becomeLeader, leader elected after 1330ms
2019-10-11 04:54:51,553 [b60e1418-2c99-4095-aa33-d35d300fab24@group-9BB09CAB71CD:LeaderElection7] INFO  server.RaftServerConfigKeys (ConfUtils.java:logGet(43)) - raft.server.watch.timeout = 10s (default)
2019-10-11 04:54:51,552 [Thread-265] INFO  impl.RoleInfo (RoleInfo.java:updateAndGet(143)) - 45dc940c-71f1-4cb7-b25b-a82b712b179d: start LeaderElection
2019-10-11 04:54:51,554 [b60e1418-2c99-4095-aa33-d35d300fab24@group-9BB09CAB71CD:LeaderElection7] INFO  server.RaftServerConfigKeys (ConfUtils.java:logGet(43)) - raft.server.watch.timeout.denomination = 1s (default)
2019-10-11 04:54:51,554 [af93d71e-9597-43d1-a0d9-fd03e0850daa@group-B3DFEA6DC537:LeaderElection6] INFO  server.RaftServerConfigKeys (ConfUtils.java:logGet(43)) - raft.server.staging.catchup.gap = 1000 (default)
2019-10-11 04:54:51,554 [b60e1418-2c99-4095-aa33-d35d300fab24@group-9BB09CAB71CD:LeaderElection7] INFO  server.RaftServerConfigKeys (ConfUtils.java:logGet(43)) - raft.server.watch.element-limit = 65536 (default)
2019-10-11 04:54:51,558 [af93d71e-9597-43d1-a0d9-fd03e0850daa@group-B3DFEA6DC537:LeaderElection6] INFO  server.RaftServerConfigKeys (ConfUtils.java:logGet(43)) - raft.server.rpc.sleep.time = 25ms (default)
2019-10-11 04:54:51,558 [af93d71e-9597-43d1-a0d9-fd03e0850daa@group-B3DFEA6DC537:LeaderElection6] INFO  server.RaftServerConfigKeys (ConfUtils.java:logGet(43)) - raft.server.write.element-limit = 4096 (default)
2019-10-11 04:54:51,558 [af93d71e-9597-43d1-a0d9-fd03e0850daa@group-B3DFEA6DC537:LeaderElection6] INFO  server.RaftServerConfigKeys (ConfUtils.java:logGet(43)) - raft.server.watch.timeout = 10s (default)
2019-10-11 04:54:51,558 [af93d71e-9597-43d1-a0d9-fd03e0850daa@group-B3DFEA6DC537:LeaderElection6] INFO  server.RaftServerConfigKeys (ConfUtils.java:logGet(43)) - raft.server.watch.timeout.denomination = 1s (default)
2019-10-11 04:54:51,558 [af93d71e-9597-43d1-a0d9-fd03e0850daa@group-B3DFEA6DC537:LeaderElection6] INFO  server.RaftServerConfigKeys (ConfUtils.java:logGet(43)) - raft.server.watch.element-limit = 65536 (default)
2019-10-11 04:54:51,559 [f486f1b0-a775-4c38-857e-a3674efc25f6@group-3C4CC12137DD:LeaderElection4] INFO  impl.RoleInfo (RoleInfo.java:updateAndGet(143)) - f486f1b0-a775-4c38-857e-a3674efc25f6: start LeaderState
2019-10-11 04:54:51,559 [f486f1b0-a775-4c38-857e-a3674efc25f6@group-3C4CC12137DD:LeaderElection4] INFO  segmented.SegmentedRaftLogWorker (SegmentedRaftLogWorker.java:startLogSegment(380)) - f486f1b0-a775-4c38-857e-a3674efc25f6@group-3C4CC12137DD-SegmentedRaftLogWorker: Starting segment from index:0
2019-10-11 04:54:51,560 [f486f1b0-a775-4c38-857e-a3674efc25f6@group-3C4CC12137DD:LeaderElection4] INFO  impl.RaftServerImpl (ServerState.java:setRaftConf(354)) - f486f1b0-a775-4c38-857e-a3674efc25f6@group-3C4CC12137DD: set configuration 0: [f486f1b0-a775-4c38-857e-a3674efc25f6:192.168.157.200:46251], old=null at 0
2019-10-11 04:54:51,564 [3452dafe-7a7c-46b8-888b-6c48499d0560@group-7E73339880E2:LeaderElection5] INFO  impl.RoleInfo (RoleInfo.java:updateAndGet(143)) - 3452dafe-7a7c-46b8-888b-6c48499d0560: start LeaderState
2019-10-11 04:54:51,564 [3452dafe-7a7c-46b8-888b-6c48499d0560@group-7E73339880E2:LeaderElection5] INFO  segmented.SegmentedRaftLogWorker (SegmentedRaftLogWorker.java:startLogSegment(380)) - 3452dafe-7a7c-46b8-888b-6c48499d0560@group-7E73339880E2-SegmentedRaftLogWorker: Starting segment from index:0
2019-10-11 04:54:51,564 [b60e1418-2c99-4095-aa33-d35d300fab24@group-9BB09CAB71CD:LeaderElection7] INFO  impl.RoleInfo (RoleInfo.java:updateAndGet(143)) - b60e1418-2c99-4095-aa33-d35d300fab24: start LeaderState
2019-10-11 04:54:51,564 [af93d71e-9597-43d1-a0d9-fd03e0850daa@group-B3DFEA6DC537:LeaderElection6] INFO  impl.RoleInfo (RoleInfo.java:updateAndGet(143)) - af93d71e-9597-43d1-a0d9-fd03e0850daa: start LeaderState
2019-10-11 04:54:51,564 [3452dafe-7a7c-46b8-888b-6c48499d0560@group-7E73339880E2:LeaderElection5] INFO  impl.RaftServerImpl (ServerState.java:setRaftConf(354)) - 3452dafe-7a7c-46b8-888b-6c48499d0560@group-7E73339880E2: set configuration 0: [3452dafe-7a7c-46b8-888b-6c48499d0560:192.168.157.200:37763], old=null at 0
2019-10-11 04:54:51,565 [af93d71e-9597-43d1-a0d9-fd03e0850daa@group-B3DFEA6DC537:LeaderElection6] INFO  segmented.SegmentedRaftLogWorker (SegmentedRaftLogWorker.java:startLogSegment(380)) - af93d71e-9597-43d1-a0d9-fd03e0850daa@group-B3DFEA6DC537-SegmentedRaftLogWorker: Starting segment from index:0
2019-10-11 04:54:51,565 [45dc940c-71f1-4cb7-b25b-a82b712b179d@group-204EBAADCE96:LeaderElection9] INFO  impl.LeaderElection (LeaderElection.java:askForVotes(182)) - 45dc940c-71f1-4cb7-b25b-a82b712b179d@group-204EBAADCE96:LeaderElection9: begin an election at term 1 for -1: [45dc940c-71f1-4cb7-b25b-a82b712b179d:192.168.157.200:43469, 3c863a86-f0e0-4c2a-8b91-a8d0f68ec9e3:192.168.157.200:33160, 3452dafe-7a7c-46b8-888b-6c48499d0560:192.168.157.200:37763], old=null
2019-10-11 04:54:51,565 [3452dafe-7a7c-46b8-888b-6c48499d0560@group-204EBAADCE96:LeaderElection8] INFO  impl.LeaderElection (LeaderElection.java:askForVotes(182)) - 3452dafe-7a7c-46b8-888b-6c48499d0560@group-204EBAADCE96:LeaderElection8: begin an election at term 1 for -1: [45dc940c-71f1-4cb7-b25b-a82b712b179d:192.168.157.200:43469, 3c863a86-f0e0-4c2a-8b91-a8d0f68ec9e3:192.168.157.200:33160, 3452dafe-7a7c-46b8-888b-6c48499d0560:192.168.157.200:37763], old=null
2019-10-11 04:54:51,564 [b60e1418-2c99-4095-aa33-d35d300fab24@group-9BB09CAB71CD:LeaderElection7] INFO  segmented.SegmentedRaftLogWorker (SegmentedRaftLogWorker.java:startLogSegment(380)) - b60e1418-2c99-4095-aa33-d35d300fab24@group-9BB09CAB71CD-SegmentedRaftLogWorker: Starting segment from index:0
2019-10-11 04:54:51,566 [af93d71e-9597-43d1-a0d9-fd03e0850daa@group-B3DFEA6DC537:LeaderElection6] INFO  impl.RaftServerImpl (ServerState.java:setRaftConf(354)) - af93d71e-9597-43d1-a0d9-fd03e0850daa@group-B3DFEA6DC537: set configuration 0: [af93d71e-9597-43d1-a0d9-fd03e0850daa:192.168.157.200:36925], old=null at 0
2019-10-11 04:54:51,568 [b60e1418-2c99-4095-aa33-d35d300fab24@group-9BB09CAB71CD:LeaderElection7] INFO  impl.RaftServerImpl (ServerState.java:setRaftConf(354)) - b60e1418-2c99-4095-aa33-d35d300fab24@group-9BB09CAB71CD: set configuration 0: [b60e1418-2c99-4095-aa33-d35d300fab24:192.168.157.200:37224], old=null at 0
2019-10-11 04:54:51,609 [Thread-266] INFO  impl.FollowerState (FollowerState.java:run(106)) - 3c863a86-f0e0-4c2a-8b91-a8d0f68ec9e3:group-204EBAADCE96 changes to CANDIDATE, lastRpcTime:1166, electionTimeout:1166ms
2019-10-11 04:54:51,611 [Thread-266] INFO  impl.RoleInfo (RoleInfo.java:shutdownFollowerState(121)) - 3c863a86-f0e0-4c2a-8b91-a8d0f68ec9e3: shutdown FollowerState
2019-10-11 04:54:51,611 [Thread-266] INFO  impl.RaftServerImpl (RaftServerImpl.java:setRole(174)) - 3c863a86-f0e0-4c2a-8b91-a8d0f68ec9e3@group-204EBAADCE96: changes role from  FOLLOWER to CANDIDATE at term 0 for changeToCandidate
2019-10-11 04:54:51,611 [Thread-266] INFO  impl.RoleInfo (RoleInfo.java:updateAndGet(143)) - 3c863a86-f0e0-4c2a-8b91-a8d0f68ec9e3: start LeaderElection
2019-10-11 04:54:51,614 [grpc-default-executor-1] INFO  impl.RaftServerImpl (RaftServerImpl.java:setRole(174)) - 3c863a86-f0e0-4c2a-8b91-a8d0f68ec9e3@group-204EBAADCE96: changes role from CANDIDATE to FOLLOWER at term 1 for recognizeCandidate:3452dafe-7a7c-46b8-888b-6c48499d0560
2019-10-11 04:54:51,615 [grpc-default-executor-1] INFO  impl.RoleInfo (RoleInfo.java:shutdownLeaderElection(134)) - 3c863a86-f0e0-4c2a-8b91-a8d0f68ec9e3: shutdown LeaderElection
2019-10-11 04:54:51,615 [grpc-default-executor-1] INFO  impl.RoleInfo (RoleInfo.java:updateAndGet(143)) - 3c863a86-f0e0-4c2a-8b91-a8d0f68ec9e3: start FollowerState
2019-10-11 04:54:51,629 [IPC Server handler 17 on 36267] INFO  volume.OMVolumeCreateRequest (OMVolumeCreateRequest.java:validateAndUpdateCache(189)) - created volume:watchforcommithandlingtest for user:jenkins1000
2019-10-11 04:54:51,637 [grpc-default-executor-0] INFO  impl.RaftServerImpl (RaftServerImpl.java:setRole(174)) - 3c863a86-f0e0-4c2a-8b91-a8d0f68ec9e3@group-204EBAADCE96: changes role from  FOLLOWER to FOLLOWER at term 1 for recognizeCandidate:45dc940c-71f1-4cb7-b25b-a82b712b179d
2019-10-11 04:54:51,637 [grpc-default-executor-0] INFO  impl.RoleInfo (RoleInfo.java:shutdownFollowerState(121)) - 3c863a86-f0e0-4c2a-8b91-a8d0f68ec9e3: shutdown FollowerState
2019-10-11 04:54:51,638 [grpc-default-executor-0] INFO  impl.RoleInfo (RoleInfo.java:updateAndGet(143)) - 3c863a86-f0e0-4c2a-8b91-a8d0f68ec9e3: start FollowerState
2019-10-11 04:54:51,638 [Thread-320] INFO  impl.FollowerState (FollowerState.java:run(115)) - 3c863a86-f0e0-4c2a-8b91-a8d0f68ec9e3: FollowerState was interrupted: java.lang.InterruptedException: sleep interrupted
2019-10-11 04:54:51,640 [Thread-274] INFO  impl.FollowerState (FollowerState.java:run(106)) - 3c863a86-f0e0-4c2a-8b91-a8d0f68ec9e3:group-CDD987D740BD changes to CANDIDATE, lastRpcTime:1091, electionTimeout:1090ms
2019-10-11 04:54:51,643 [Thread-274] INFO  impl.RoleInfo (RoleInfo.java:shutdownFollowerState(121)) - 3c863a86-f0e0-4c2a-8b91-a8d0f68ec9e3: shutdown FollowerState
2019-10-11 04:54:51,643 [Thread-274] INFO  impl.RaftServerImpl (RaftServerImpl.java:setRole(174)) - 3c863a86-f0e0-4c2a-8b91-a8d0f68ec9e3@group-CDD987D740BD: changes role from  FOLLOWER to CANDIDATE at term 0 for changeToCandidate
2019-10-11 04:54:51,644 [Thread-274] INFO  impl.RoleInfo (RoleInfo.java:updateAndGet(143)) - 3c863a86-f0e0-4c2a-8b91-a8d0f68ec9e3: start LeaderElection
2019-10-11 04:54:51,654 [3452dafe-7a7c-46b8-888b-6c48499d0560@group-204EBAADCE96:LeaderElection8] INFO  impl.LeaderElection (LeaderElection.java:logAndReturn(56)) - 3452dafe-7a7c-46b8-888b-6c48499d0560@group-204EBAADCE96:LeaderElection8: Election REJECTED; received 2 response(s) [3452dafe-7a7c-46b8-888b-6c48499d0560<-45dc940c-71f1-4cb7-b25b-a82b712b179d#0:FAIL-t1, 3452dafe-7a7c-46b8-888b-6c48499d0560<-3c863a86-f0e0-4c2a-8b91-a8d0f68ec9e3#0:FAIL-t1] and 0 exception(s); 3452dafe-7a7c-46b8-888b-6c48499d0560@group-204EBAADCE96:t1, leader=null, voted=3452dafe-7a7c-46b8-888b-6c48499d0560, raftlog=3452dafe-7a7c-46b8-888b-6c48499d0560@group-204EBAADCE96-SegmentedRaftLog:OPENED:c-1,f-1,i0, conf=-1: [45dc940c-71f1-4cb7-b25b-a82b712b179d:192.168.157.200:43469, 3c863a86-f0e0-4c2a-8b91-a8d0f68ec9e3:192.168.157.200:33160, 3452dafe-7a7c-46b8-888b-6c48499d0560:192.168.157.200:37763], old=null
2019-10-11 04:54:51,654 [3452dafe-7a7c-46b8-888b-6c48499d0560@group-204EBAADCE96:LeaderElection8] INFO  impl.RaftServerImpl (RaftServerImpl.java:setRole(174)) - 3452dafe-7a7c-46b8-888b-6c48499d0560@group-204EBAADCE96: changes role from CANDIDATE to FOLLOWER at term 1 for DISCOVERED_A_NEW_TERM
2019-10-11 04:54:51,658 [3452dafe-7a7c-46b8-888b-6c48499d0560@group-204EBAADCE96:LeaderElection8] INFO  impl.RoleInfo (RoleInfo.java:shutdownLeaderElection(134)) - 3452dafe-7a7c-46b8-888b-6c48499d0560: shutdown LeaderElection
2019-10-11 04:54:51,659 [3452dafe-7a7c-46b8-888b-6c48499d0560@group-204EBAADCE96:LeaderElection8] INFO  impl.RoleInfo (RoleInfo.java:updateAndGet(143)) - 3452dafe-7a7c-46b8-888b-6c48499d0560: start FollowerState
2019-10-11 04:54:51,661 [Thread-272] INFO  impl.FollowerState (FollowerState.java:run(106)) - 3452dafe-7a7c-46b8-888b-6c48499d0560:group-CDD987D740BD changes to CANDIDATE, lastRpcTime:1113, electionTimeout:1113ms
2019-10-11 04:54:51,662 [Thread-272] INFO  impl.RoleInfo (RoleInfo.java:shutdownFollowerState(121)) - 3452dafe-7a7c-46b8-888b-6c48499d0560: shutdown FollowerState
2019-10-11 04:54:51,662 [Thread-272] INFO  impl.RaftServerImpl (RaftServerImpl.java:setRole(174)) - 3452dafe-7a7c-46b8-888b-6c48499d0560@group-CDD987D740BD: changes role from  FOLLOWER to CANDIDATE at term 0 for changeToCandidate
2019-10-11 04:54:51,663 [Thread-272] INFO  impl.RoleInfo (RoleInfo.java:updateAndGet(143)) - 3452dafe-7a7c-46b8-888b-6c48499d0560: start LeaderElection
2019-10-11 04:54:51,667 [3c863a86-f0e0-4c2a-8b91-a8d0f68ec9e3@group-CDD987D740BD:LeaderElection11] INFO  impl.LeaderElection (LeaderElection.java:askForVotes(182)) - 3c863a86-f0e0-4c2a-8b91-a8d0f68ec9e3@group-CDD987D740BD:LeaderElection11: begin an election at term 1 for -1: [45dc940c-71f1-4cb7-b25b-a82b712b179d:192.168.157.200:43469, 3c863a86-f0e0-4c2a-8b91-a8d0f68ec9e3:192.168.157.200:33160, 3452dafe-7a7c-46b8-888b-6c48499d0560:192.168.157.200:37763], old=null
2019-10-11 04:54:51,673 [45dc940c-71f1-4cb7-b25b-a82b712b179d@group-204EBAADCE96:LeaderElection9] INFO  impl.LeaderElection (LeaderElection.java:logAndReturn(56)) - 45dc940c-71f1-4cb7-b25b-a82b712b179d@group-204EBAADCE96:LeaderElection9: Election PASSED; received 2 response(s) [45dc940c-71f1-4cb7-b25b-a82b712b179d<-3c863a86-f0e0-4c2a-8b91-a8d0f68ec9e3#0:OK-t1, 45dc940c-71f1-4cb7-b25b-a82b712b179d<-3452dafe-7a7c-46b8-888b-6c48499d0560#0:FAIL-t1] and 0 exception(s); 45dc940c-71f1-4cb7-b25b-a82b712b179d@group-204EBAADCE96:t1, leader=null, voted=45dc940c-71f1-4cb7-b25b-a82b712b179d, raftlog=45dc940c-71f1-4cb7-b25b-a82b712b179d@group-204EBAADCE96-SegmentedRaftLog:OPENED:c-1,f-1,i0, conf=-1: [45dc940c-71f1-4cb7-b25b-a82b712b179d:192.168.157.200:43469, 3c863a86-f0e0-4c2a-8b91-a8d0f68ec9e3:192.168.157.200:33160, 3452dafe-7a7c-46b8-888b-6c48499d0560:192.168.157.200:37763], old=null
2019-10-11 04:54:51,674 [45dc940c-71f1-4cb7-b25b-a82b712b179d@group-204EBAADCE96:LeaderElection9] INFO  impl.RoleInfo (RoleInfo.java:shutdownLeaderElection(134)) - 45dc940c-71f1-4cb7-b25b-a82b712b179d: shutdown LeaderElection
2019-10-11 04:54:51,711 [45dc940c-71f1-4cb7-b25b-a82b712b179d@group-204EBAADCE96:LeaderElection9] INFO  impl.RaftServerImpl (RaftServerImpl.java:setRole(174)) - 45dc940c-71f1-4cb7-b25b-a82b712b179d@group-204EBAADCE96: changes role from CANDIDATE to LEADER at term 1 for changeToLeader
2019-10-11 04:54:51,711 [Thread-282] INFO  impl.FollowerState (FollowerState.java:run(106)) - f486f1b0-a775-4c38-857e-a3674efc25f6:group-B594624CFC31 changes to CANDIDATE, lastRpcTime:1048, electionTimeout:1019ms
2019-10-11 04:54:51,770 [Thread-282] INFO  impl.RoleInfo (RoleInfo.java:shutdownFollowerState(121)) - f486f1b0-a775-4c38-857e-a3674efc25f6: shutdown FollowerState
2019-10-11 04:54:51,771 [Thread-276] INFO  impl.FollowerState (FollowerState.java:run(106)) - 45dc940c-71f1-4cb7-b25b-a82b712b179d:group-CDD987D740BD changes to CANDIDATE, lastRpcTime:1211, electionTimeout:1160ms
2019-10-11 04:54:51,771 [Thread-282] INFO  impl.RaftServerImpl (RaftServerImpl.java:setRole(174)) - f486f1b0-a775-4c38-857e-a3674efc25f6@group-B594624CFC31: changes role from  FOLLOWER to CANDIDATE at term 0 for changeToCandidate
2019-10-11 04:54:51,771 [Thread-276] INFO  impl.RoleInfo (RoleInfo.java:shutdownFollowerState(121)) - 45dc940c-71f1-4cb7-b25b-a82b712b179d: shutdown FollowerState
2019-10-11 04:54:51,810 [Thread-282] INFO  impl.RoleInfo (RoleInfo.java:updateAndGet(143)) - f486f1b0-a775-4c38-857e-a3674efc25f6: start LeaderElection
2019-10-11 04:54:51,810 [3c863a86-f0e0-4c2a-8b91-a8d0f68ec9e3@group-204EBAADCE96:LeaderElection10] INFO  impl.LeaderElection (LeaderElection.java:askForVotes(182)) - 3c863a86-f0e0-4c2a-8b91-a8d0f68ec9e3@group-204EBAADCE96:LeaderElection10: begin an election at term 2 for -1: [45dc940c-71f1-4cb7-b25b-a82b712b179d:192.168.157.200:43469, 3c863a86-f0e0-4c2a-8b91-a8d0f68ec9e3:192.168.157.200:33160, 3452dafe-7a7c-46b8-888b-6c48499d0560:192.168.157.200:37763], old=null
2019-10-11 04:54:51,809 [3452dafe-7a7c-46b8-888b-6c48499d0560@group-CDD987D740BD:LeaderElection12] INFO  impl.LeaderElection (LeaderElection.java:askForVotes(182)) - 3452dafe-7a7c-46b8-888b-6c48499d0560@group-CDD987D740BD:LeaderElection12: begin an election at term 1 for -1: [45dc940c-71f1-4cb7-b25b-a82b712b179d:192.168.157.200:43469, 3c863a86-f0e0-4c2a-8b91-a8d0f68ec9e3:192.168.157.200:33160, 3452dafe-7a7c-46b8-888b-6c48499d0560:192.168.157.200:37763], old=null
2019-10-11 04:54:51,809 [Thread-295] INFO  impl.FollowerState (FollowerState.java:run(106)) - f486f1b0-a775-4c38-857e-a3674efc25f6:group-6EB4CB2E655A changes to CANDIDATE, lastRpcTime:1036, electionTimeout:1005ms
2019-10-11 04:54:51,711 [45dc940c-71f1-4cb7-b25b-a82b712b179d@group-204EBAADCE96:LeaderElection9] INFO  impl.RaftServerImpl (ServerState.java:setLeader(253)) - 45dc940c-71f1-4cb7-b25b-a82b712b179d@group-204EBAADCE96: change Leader from null to 45dc940c-71f1-4cb7-b25b-a82b712b179d at term 1 for becomeLeader, leader elected after 1285ms
2019-10-11 04:54:51,815 [Thread-295] INFO  impl.RoleInfo (RoleInfo.java:shutdownFollowerState(121)) - f486f1b0-a775-4c38-857e-a3674efc25f6: shutdown FollowerState
2019-10-11 04:54:51,810 [Thread-276] INFO  impl.RaftServerImpl (RaftServerImpl.java:setRole(174)) - 45dc940c-71f1-4cb7-b25b-a82b712b179d@group-CDD987D740BD: changes role from  FOLLOWER to CANDIDATE at term 0 for changeToCandidate
2019-10-11 04:54:51,816 [45dc940c-71f1-4cb7-b25b-a82b712b179d@group-204EBAADCE96:LeaderElection9] INFO  server.RaftServerConfigKeys (ConfUtils.java:logGet(43)) - raft.server.staging.catchup.gap = 1000 (default)
2019-10-11 04:54:51,815 [Thread-284] INFO  impl.FollowerState (FollowerState.java:run(106)) - af93d71e-9597-43d1-a0d9-fd03e0850daa:group-B594624CFC31 changes to CANDIDATE, lastRpcTime:1151, electionTimeout:1148ms
2019-10-11 04:54:51,823 [3c863a86-f0e0-4c2a-8b91-a8d0f68ec9e3@group-204EBAADCE96:LeaderElection10] INFO  impl.LeaderElection (LeaderElection.java:logAndReturn(56)) - 3c863a86-f0e0-4c2a-8b91-a8d0f68ec9e3@group-204EBAADCE96:LeaderElection10: Election REJECTED; received 0 response(s) [] and 0 exception(s); 3c863a86-f0e0-4c2a-8b91-a8d0f68ec9e3@group-204EBAADCE96:t2, leader=null, voted=3c863a86-f0e0-4c2a-8b91-a8d0f68ec9e3, raftlog=3c863a86-f0e0-4c2a-8b91-a8d0f68ec9e3@group-204EBAADCE96-SegmentedRaftLog:OPENED:c-1,f-1,i0, conf=-1: [45dc940c-71f1-4cb7-b25b-a82b712b179d:192.168.157.200:43469, 3c863a86-f0e0-4c2a-8b91-a8d0f68ec9e3:192.168.157.200:33160, 3452dafe-7a7c-46b8-888b-6c48499d0560:192.168.157.200:37763], old=null
2019-10-11 04:54:51,818 [45dc940c-71f1-4cb7-b25b-a82b712b179d@group-204EBAADCE96:LeaderElection9] INFO  server.RaftServerConfigKeys (ConfUtils.java:logGet(43)) - raft.server.rpc.sleep.time = 25ms (default)
2019-10-11 04:54:51,818 [Thread-295] INFO  impl.RaftServerImpl (RaftServerImpl.java:setRole(174)) - f486f1b0-a775-4c38-857e-a3674efc25f6@group-6EB4CB2E655A: changes role from  FOLLOWER to CANDIDATE at term 0 for changeToCandidate
2019-10-11 04:54:51,818 [Thread-276] INFO  impl.RoleInfo (RoleInfo.java:updateAndGet(143)) - 45dc940c-71f1-4cb7-b25b-a82b712b179d: start LeaderElection
2019-10-11 04:54:51,828 [Thread-295] INFO  impl.RoleInfo (RoleInfo.java:updateAndGet(143)) - f486f1b0-a775-4c38-857e-a3674efc25f6: start LeaderElection
2019-10-11 04:54:51,823 [Thread-284] INFO  impl.RoleInfo (RoleInfo.java:shutdownFollowerState(121)) - af93d71e-9597-43d1-a0d9-fd03e0850daa: shutdown FollowerState
2019-10-11 04:54:51,829 [Thread-284] INFO  impl.RaftServerImpl (RaftServerImpl.java:setRole(174)) - af93d71e-9597-43d1-a0d9-fd03e0850daa@group-B594624CFC31: changes role from  FOLLOWER to CANDIDATE at term 0 for changeToCandidate
2019-10-11 04:54:51,833 [f486f1b0-a775-4c38-857e-a3674efc25f6@group-3C4CC12137DD-SegmentedRaftLogWorker] INFO  segmented.SegmentedRaftLogWorker (SegmentedRaftLogWorker.java:execute(569)) - f486f1b0-a775-4c38-857e-a3674efc25f6@group-3C4CC12137DD-SegmentedRaftLogWorker: created new log segment /workdir/hadoop-ozone/integration-test/target/test-dir/MiniOzoneClusterImpl-44c36d6d-90e1-4198-8449-e8899faa44e9/datanode-5/data/ratis/32062a8f-abc1-462e-aa82-3c4cc12137dd/current/log_inprogress_0
2019-10-11 04:54:51,833 [Thread-284] INFO  impl.RoleInfo (RoleInfo.java:updateAndGet(143)) - af93d71e-9597-43d1-a0d9-fd03e0850daa: start LeaderElection
2019-10-11 04:54:51,833 [af93d71e-9597-43d1-a0d9-fd03e0850daa@group-B3DFEA6DC537-SegmentedRaftLogWorker] INFO  segmented.SegmentedRaftLogWorker (SegmentedRaftLogWorker.java:execute(569)) - af93d71e-9597-43d1-a0d9-fd03e0850daa@group-B3DFEA6DC537-SegmentedRaftLogWorker: created new log segment /workdir/hadoop-ozone/integration-test/target/test-dir/MiniOzoneClusterImpl-44c36d6d-90e1-4198-8449-e8899faa44e9/datanode-3/data/ratis/e48a6298-ae8e-44af-a287-b3dfea6dc537/current/log_inprogress_0
2019-10-11 04:54:51,833 [3c863a86-f0e0-4c2a-8b91-a8d0f68ec9e3@group-FDABC929E7F0-SegmentedRaftLogWorker] INFO  segmented.SegmentedRaftLogWorker (SegmentedRaftLogWorker.java:execute(569)) - 3c863a86-f0e0-4c2a-8b91-a8d0f68ec9e3@group-FDABC929E7F0-SegmentedRaftLogWorker: created new log segment /workdir/hadoop-ozone/integration-test/target/test-dir/MiniOzoneClusterImpl-44c36d6d-90e1-4198-8449-e8899faa44e9/datanode-4/data/ratis/000aa72b-6836-443f-96f1-fdabc929e7f0/current/log_inprogress_0
2019-10-11 04:54:51,829 [45dc940c-71f1-4cb7-b25b-a82b712b179d@group-204EBAADCE96:LeaderElection9] INFO  server.RaftServerConfigKeys (ConfUtils.java:logGet(43)) - raft.server.write.element-limit = 4096 (default)
2019-10-11 04:54:51,833 [45dc940c-71f1-4cb7-b25b-a82b712b179d@group-3026DE4B2781-SegmentedRaftLogWorker] INFO  segmented.SegmentedRaftLogWorker (SegmentedRaftLogWorker.java:execute(569)) - 45dc940c-71f1-4cb7-b25b-a82b712b179d@group-3026DE4B2781-SegmentedRaftLogWorker: created new log segment /workdir/hadoop-ozone/integration-test/target/test-dir/MiniOzoneClusterImpl-44c36d6d-90e1-4198-8449-e8899faa44e9/datanode-2/data/ratis/ffba350b-16ce-427f-980e-3026de4b2781/current/log_inprogress_0
2019-10-11 04:54:51,833 [b60e1418-2c99-4095-aa33-d35d300fab24@group-9BB09CAB71CD-SegmentedRaftLogWorker] INFO  segmented.SegmentedRaftLogWorker (SegmentedRaftLogWorker.java:execute(569)) - b60e1418-2c99-4095-aa33-d35d300fab24@group-9BB09CAB71CD-SegmentedRaftLogWorker: created new log segment /workdir/hadoop-ozone/integration-test/target/test-dir/MiniOzoneClusterImpl-44c36d6d-90e1-4198-8449-e8899faa44e9/datanode-1/data/ratis/883b06a9-9c82-4da2-8e92-9bb09cab71cd/current/log_inprogress_0
2019-10-11 04:54:51,833 [3452dafe-7a7c-46b8-888b-6c48499d0560@group-7E73339880E2-SegmentedRaftLogWorker] INFO  segmented.SegmentedRaftLogWorker (SegmentedRaftLogWorker.java:execute(569)) - 3452dafe-7a7c-46b8-888b-6c48499d0560@group-7E73339880E2-SegmentedRaftLogWorker: created new log segment /workdir/hadoop-ozone/integration-test/target/test-dir/MiniOzoneClusterImpl-44c36d6d-90e1-4198-8449-e8899faa44e9/datanode-6/data/ratis/a35a0334-e824-45b0-b009-7e73339880e2/current/log_inprogress_0
2019-10-11 04:54:51,846 [45dc940c-71f1-4cb7-b25b-a82b712b179d@group-204EBAADCE96:LeaderElection9] INFO  server.RaftServerConfigKeys (ConfUtils.java:logGet(43)) - raft.server.watch.timeout = 10s (default)
2019-10-11 04:54:51,846 [Thread-290] INFO  impl.FollowerState (FollowerState.java:run(106)) - 85dedb5c-0475-48d6-91a5-f8922a1c9690:group-6EB4CB2E655A changes to CANDIDATE, lastRpcTime:1080, electionTimeout:1079ms
2019-10-11 04:54:51,839 [main] INFO  rpc.RpcClient (RpcClient.java:createBucket(415)) - Creating Bucket: watchforcommithandlingtest/watchforcommithandlingtest, with Versioning false and Storage Type set to DISK and Encryption set to false 
2019-10-11 04:54:51,837 [85dedb5c-0475-48d6-91a5-f8922a1c9690@group-717C5F6B8A8C-SegmentedRaftLogWorker] INFO  segmented.SegmentedRaftLogWorker (SegmentedRaftLogWorker.java:execute(569)) - 85dedb5c-0475-48d6-91a5-f8922a1c9690@group-717C5F6B8A8C-SegmentedRaftLogWorker: created new log segment /workdir/hadoop-ozone/integration-test/target/test-dir/MiniOzoneClusterImpl-44c36d6d-90e1-4198-8449-e8899faa44e9/datanode-0/data/ratis/58b2c437-eba8-4356-9bdd-717c5f6b8a8c/current/log_inprogress_0
2019-10-11 04:54:51,849 [Thread-290] INFO  impl.RoleInfo (RoleInfo.java:shutdownFollowerState(121)) - 85dedb5c-0475-48d6-91a5-f8922a1c9690: shutdown FollowerState
2019-10-11 04:54:51,849 [45dc940c-71f1-4cb7-b25b-a82b712b179d@group-204EBAADCE96:LeaderElection9] INFO  server.RaftServerConfigKeys (ConfUtils.java:logGet(43)) - raft.server.watch.timeout.denomination = 1s (default)
2019-10-11 04:54:51,849 [45dc940c-71f1-4cb7-b25b-a82b712b179d@group-CDD987D740BD:LeaderElection14] INFO  impl.LeaderElection (LeaderElection.java:askForVotes(182)) - 45dc940c-71f1-4cb7-b25b-a82b712b179d@group-CDD987D740BD:LeaderElection14: begin an election at term 1 for -1: [45dc940c-71f1-4cb7-b25b-a82b712b179d:192.168.157.200:43469, 3c863a86-f0e0-4c2a-8b91-a8d0f68ec9e3:192.168.157.200:33160, 3452dafe-7a7c-46b8-888b-6c48499d0560:192.168.157.200:37763], old=null
2019-10-11 04:54:51,849 [f486f1b0-a775-4c38-857e-a3674efc25f6@group-B594624CFC31:LeaderElection13] INFO  impl.LeaderElection (LeaderElection.java:askForVotes(182)) - f486f1b0-a775-4c38-857e-a3674efc25f6@group-B594624CFC31:LeaderElection13: begin an election at term 1 for -1: [f486f1b0-a775-4c38-857e-a3674efc25f6:192.168.157.200:46251, 85dedb5c-0475-48d6-91a5-f8922a1c9690:192.168.157.200:34929, af93d71e-9597-43d1-a0d9-fd03e0850daa:192.168.157.200:36925], old=null
2019-10-11 04:54:51,848 [Thread-286] INFO  impl.FollowerState (FollowerState.java:run(106)) - 85dedb5c-0475-48d6-91a5-f8922a1c9690:group-B594624CFC31 changes to CANDIDATE, lastRpcTime:1168, electionTimeout:1168ms
2019-10-11 04:54:51,847 [Thread-238] INFO  container.ReplicationManager (ReplicationManager.java:start(163)) - Starting Replication Monitor Thread.
2019-10-11 04:54:51,852 [45dc940c-71f1-4cb7-b25b-a82b712b179d@group-204EBAADCE96:LeaderElection9] INFO  server.RaftServerConfigKeys (ConfUtils.java:logGet(43)) - raft.server.watch.element-limit = 65536 (default)
2019-10-11 04:54:51,850 [Thread-290] INFO  impl.RaftServerImpl (RaftServerImpl.java:setRole(174)) - 85dedb5c-0475-48d6-91a5-f8922a1c9690@group-6EB4CB2E655A: changes role from  FOLLOWER to CANDIDATE at term 0 for changeToCandidate
2019-10-11 04:54:51,864 [Thread-293] INFO  impl.FollowerState (FollowerState.java:run(106)) - af93d71e-9597-43d1-a0d9-fd03e0850daa:group-6EB4CB2E655A changes to CANDIDATE, lastRpcTime:1091, electionTimeout:1087ms
2019-10-11 04:54:51,863 [af93d71e-9597-43d1-a0d9-fd03e0850daa@group-B594624CFC31:LeaderElection16] INFO  impl.LeaderElection (LeaderElection.java:askForVotes(182)) - af93d71e-9597-43d1-a0d9-fd03e0850daa@group-B594624CFC31:LeaderElection16: begin an election at term 1 for -1: [f486f1b0-a775-4c38-857e-a3674efc25f6:192.168.157.200:46251, 85dedb5c-0475-48d6-91a5-f8922a1c9690:192.168.157.200:34929, af93d71e-9597-43d1-a0d9-fd03e0850daa:192.168.157.200:36925], old=null
2019-10-11 04:54:51,863 [f486f1b0-a775-4c38-857e-a3674efc25f6@group-6EB4CB2E655A:LeaderElection15] INFO  impl.LeaderElection (LeaderElection.java:askForVotes(182)) - f486f1b0-a775-4c38-857e-a3674efc25f6@group-6EB4CB2E655A:LeaderElection15: begin an election at term 1 for -1: [f486f1b0-a775-4c38-857e-a3674efc25f6:192.168.157.200:46251, 85dedb5c-0475-48d6-91a5-f8922a1c9690:192.168.157.200:34929, af93d71e-9597-43d1-a0d9-fd03e0850daa:192.168.157.200:36925], old=null
2019-10-11 04:54:51,863 [Thread-286] INFO  impl.RoleInfo (RoleInfo.java:shutdownFollowerState(121)) - 85dedb5c-0475-48d6-91a5-f8922a1c9690: shutdown FollowerState
2019-10-11 04:54:51,871 [Thread-293] INFO  impl.RoleInfo (RoleInfo.java:shutdownFollowerState(121)) - af93d71e-9597-43d1-a0d9-fd03e0850daa: shutdown FollowerState
2019-10-11 04:54:51,871 [Thread-290] INFO  impl.RoleInfo (RoleInfo.java:updateAndGet(143)) - 85dedb5c-0475-48d6-91a5-f8922a1c9690: start LeaderElection
2019-10-11 04:54:51,872 [Thread-293] INFO  impl.RaftServerImpl (RaftServerImpl.java:setRole(174)) - af93d71e-9597-43d1-a0d9-fd03e0850daa@group-6EB4CB2E655A: changes role from  FOLLOWER to CANDIDATE at term 0 for changeToCandidate
2019-10-11 04:54:51,872 [ReplicationMonitor] INFO  container.ReplicationManager (ReplicationManager.java:run(226)) - Replication Monitor Thread took 0 milliseconds for processing 0 containers.
2019-10-11 04:54:51,872 [Thread-286] INFO  impl.RaftServerImpl (RaftServerImpl.java:setRole(174)) - 85dedb5c-0475-48d6-91a5-f8922a1c9690@group-B594624CFC31: changes role from  FOLLOWER to CANDIDATE at term 0 for changeToCandidate
2019-10-11 04:54:51,878 [Thread-293] INFO  impl.RoleInfo (RoleInfo.java:updateAndGet(143)) - af93d71e-9597-43d1-a0d9-fd03e0850daa: start LeaderElection
2019-10-11 04:54:51,888 [Thread-286] INFO  impl.RoleInfo (RoleInfo.java:updateAndGet(143)) - 85dedb5c-0475-48d6-91a5-f8922a1c9690: start LeaderElection
2019-10-11 04:54:51,903 [af93d71e-9597-43d1-a0d9-fd03e0850daa@group-6EB4CB2E655A:LeaderElection18] INFO  impl.LeaderElection (LeaderElection.java:askForVotes(182)) - af93d71e-9597-43d1-a0d9-fd03e0850daa@group-6EB4CB2E655A:LeaderElection18: begin an election at term 1 for -1: [f486f1b0-a775-4c38-857e-a3674efc25f6:192.168.157.200:46251, 85dedb5c-0475-48d6-91a5-f8922a1c9690:192.168.157.200:34929, af93d71e-9597-43d1-a0d9-fd03e0850daa:192.168.157.200:36925], old=null
2019-10-11 04:54:51,903 [85dedb5c-0475-48d6-91a5-f8922a1c9690@group-6EB4CB2E655A:LeaderElection17] INFO  impl.LeaderElection (LeaderElection.java:askForVotes(182)) - 85dedb5c-0475-48d6-91a5-f8922a1c9690@group-6EB4CB2E655A:LeaderElection17: begin an election at term 1 for -1: [f486f1b0-a775-4c38-857e-a3674efc25f6:192.168.157.200:46251, 85dedb5c-0475-48d6-91a5-f8922a1c9690:192.168.157.200:34929, af93d71e-9597-43d1-a0d9-fd03e0850daa:192.168.157.200:36925], old=null
2019-10-11 04:54:51,905 [grpc-default-executor-2] INFO  impl.RaftServerImpl (RaftServerImpl.java:setRole(174)) - 3452dafe-7a7c-46b8-888b-6c48499d0560@group-204EBAADCE96: changes role from  FOLLOWER to FOLLOWER at term 2 for recognizeCandidate:3c863a86-f0e0-4c2a-8b91-a8d0f68ec9e3
2019-10-11 04:54:51,909 [grpc-default-executor-2] INFO  impl.RoleInfo (RoleInfo.java:shutdownFollowerState(121)) - 3452dafe-7a7c-46b8-888b-6c48499d0560: shutdown FollowerState
2019-10-11 04:54:51,911 [Thread-323] INFO  impl.FollowerState (FollowerState.java:run(115)) - 3452dafe-7a7c-46b8-888b-6c48499d0560: FollowerState was interrupted: java.lang.InterruptedException: sleep interrupted
2019-10-11 04:54:51,913 [grpc-default-executor-2] INFO  impl.RoleInfo (RoleInfo.java:updateAndGet(143)) - 3452dafe-7a7c-46b8-888b-6c48499d0560: start FollowerState
2019-10-11 04:54:51,937 [85dedb5c-0475-48d6-91a5-f8922a1c9690@group-B594624CFC31:LeaderElection19] INFO  impl.LeaderElection (LeaderElection.java:askForVotes(182)) - 85dedb5c-0475-48d6-91a5-f8922a1c9690@group-B594624CFC31:LeaderElection19: begin an election at term 1 for -1: [f486f1b0-a775-4c38-857e-a3674efc25f6:192.168.157.200:46251, 85dedb5c-0475-48d6-91a5-f8922a1c9690:192.168.157.200:34929, af93d71e-9597-43d1-a0d9-fd03e0850daa:192.168.157.200:36925], old=null
2019-10-11 04:54:51,940 [3452dafe-7a7c-46b8-888b-6c48499d0560@group-CDD987D740BD:LeaderElection12] INFO  impl.LeaderElection (LeaderElection.java:logAndReturn(56)) - 3452dafe-7a7c-46b8-888b-6c48499d0560@group-CDD987D740BD:LeaderElection12: Election REJECTED; received 2 response(s) [3452dafe-7a7c-46b8-888b-6c48499d0560<-3c863a86-f0e0-4c2a-8b91-a8d0f68ec9e3#0:FAIL-t1, 3452dafe-7a7c-46b8-888b-6c48499d0560<-45dc940c-71f1-4cb7-b25b-a82b712b179d#0:FAIL-t1] and 0 exception(s); 3452dafe-7a7c-46b8-888b-6c48499d0560@group-CDD987D740BD:t1, leader=null, voted=3452dafe-7a7c-46b8-888b-6c48499d0560, raftlog=3452dafe-7a7c-46b8-888b-6c48499d0560@group-CDD987D740BD-SegmentedRaftLog:OPENED:c-1,f-1,i0, conf=-1: [45dc940c-71f1-4cb7-b25b-a82b712b179d:192.168.157.200:43469, 3c863a86-f0e0-4c2a-8b91-a8d0f68ec9e3:192.168.157.200:33160, 3452dafe-7a7c-46b8-888b-6c48499d0560:192.168.157.200:37763], old=null
2019-10-11 04:54:51,940 [3452dafe-7a7c-46b8-888b-6c48499d0560@group-CDD987D740BD:LeaderElection12] INFO  impl.RaftServerImpl (RaftServerImpl.java:setRole(174)) - 3452dafe-7a7c-46b8-888b-6c48499d0560@group-CDD987D740BD: changes role from CANDIDATE to FOLLOWER at term 1 for DISCOVERED_A_NEW_TERM
2019-10-11 04:54:51,942 [3452dafe-7a7c-46b8-888b-6c48499d0560@group-CDD987D740BD:LeaderElection12] INFO  impl.RoleInfo (RoleInfo.java:shutdownLeaderElection(134)) - 3452dafe-7a7c-46b8-888b-6c48499d0560: shutdown LeaderElection
2019-10-11 04:54:51,944 [3452dafe-7a7c-46b8-888b-6c48499d0560@group-CDD987D740BD:LeaderElection12] INFO  impl.RoleInfo (RoleInfo.java:updateAndGet(143)) - 3452dafe-7a7c-46b8-888b-6c48499d0560: start FollowerState
2019-10-11 04:54:51,945 [3c863a86-f0e0-4c2a-8b91-a8d0f68ec9e3@group-CDD987D740BD:LeaderElection11] INFO  impl.LeaderElection (LeaderElection.java:logAndReturn(56)) - 3c863a86-f0e0-4c2a-8b91-a8d0f68ec9e3@group-CDD987D740BD:LeaderElection11: Election REJECTED; received 2 response(s) [3c863a86-f0e0-4c2a-8b91-a8d0f68ec9e3<-45dc940c-71f1-4cb7-b25b-a82b712b179d#0:FAIL-t1, 3c863a86-f0e0-4c2a-8b91-a8d0f68ec9e3<-3452dafe-7a7c-46b8-888b-6c48499d0560#0:FAIL-t1] and 0 exception(s); 3c863a86-f0e0-4c2a-8b91-a8d0f68ec9e3@group-CDD987D740BD:t1, leader=null, voted=3c863a86-f0e0-4c2a-8b91-a8d0f68ec9e3, raftlog=3c863a86-f0e0-4c2a-8b91-a8d0f68ec9e3@group-CDD987D740BD-SegmentedRaftLog:OPENED:c-1,f-1,i0, conf=-1: [45dc940c-71f1-4cb7-b25b-a82b712b179d:192.168.157.200:43469, 3c863a86-f0e0-4c2a-8b91-a8d0f68ec9e3:192.168.157.200:33160, 3452dafe-7a7c-46b8-888b-6c48499d0560:192.168.157.200:37763], old=null
2019-10-11 04:54:51,948 [3c863a86-f0e0-4c2a-8b91-a8d0f68ec9e3@group-CDD987D740BD:LeaderElection11] INFO  impl.RaftServerImpl (RaftServerImpl.java:setRole(174)) - 3c863a86-f0e0-4c2a-8b91-a8d0f68ec9e3@group-CDD987D740BD: changes role from CANDIDATE to FOLLOWER at term 1 for DISCOVERED_A_NEW_TERM
2019-10-11 04:54:51,951 [3c863a86-f0e0-4c2a-8b91-a8d0f68ec9e3@group-CDD987D740BD:LeaderElection11] INFO  impl.RoleInfo (RoleInfo.java:shutdownLeaderElection(134)) - 3c863a86-f0e0-4c2a-8b91-a8d0f68ec9e3: shutdown LeaderElection
2019-10-11 04:54:51,951 [3c863a86-f0e0-4c2a-8b91-a8d0f68ec9e3@group-CDD987D740BD:LeaderElection11] INFO  impl.RoleInfo (RoleInfo.java:updateAndGet(143)) - 3c863a86-f0e0-4c2a-8b91-a8d0f68ec9e3: start FollowerState
2019-10-11 04:54:51,957 [45dc940c-71f1-4cb7-b25b-a82b712b179d@group-CDD987D740BD:LeaderElection14] INFO  impl.LeaderElection (LeaderElection.java:logAndReturn(56)) - 45dc940c-71f1-4cb7-b25b-a82b712b179d@group-CDD987D740BD:LeaderElection14: Election REJECTED; received 2 response(s) [45dc940c-71f1-4cb7-b25b-a82b712b179d<-3c863a86-f0e0-4c2a-8b91-a8d0f68ec9e3#0:FAIL-t1, 45dc940c-71f1-4cb7-b25b-a82b712b179d<-3452dafe-7a7c-46b8-888b-6c48499d0560#0:FAIL-t1] and 0 exception(s); 45dc940c-71f1-4cb7-b25b-a82b712b179d@group-CDD987D740BD:t1, leader=null, voted=45dc940c-71f1-4cb7-b25b-a82b712b179d, raftlog=45dc940c-71f1-4cb7-b25b-a82b712b179d@group-CDD987D740BD-SegmentedRaftLog:OPENED:c-1,f-1,i0, conf=-1: [45dc940c-71f1-4cb7-b25b-a82b712b179d:192.168.157.200:43469, 3c863a86-f0e0-4c2a-8b91-a8d0f68ec9e3:192.168.157.200:33160, 3452dafe-7a7c-46b8-888b-6c48499d0560:192.168.157.200:37763], old=null
2019-10-11 04:54:51,984 [45dc940c-71f1-4cb7-b25b-a82b712b179d@group-CDD987D740BD:LeaderElection14] INFO  impl.RaftServerImpl (RaftServerImpl.java:setRole(174)) - 45dc940c-71f1-4cb7-b25b-a82b712b179d@group-CDD987D740BD: changes role from CANDIDATE to FOLLOWER at term 1 for DISCOVERED_A_NEW_TERM
2019-10-11 04:54:51,984 [45dc940c-71f1-4cb7-b25b-a82b712b179d@group-CDD987D740BD:LeaderElection14] INFO  impl.RoleInfo (RoleInfo.java:shutdownLeaderElection(134)) - 45dc940c-71f1-4cb7-b25b-a82b712b179d: shutdown LeaderElection
2019-10-11 04:54:51,984 [main] INFO  ozone.MiniOzoneClusterImpl (MiniOzoneClusterImpl.java:getStorageContainerLocationClient(234)) - Creating StorageContainerLocationProtocol RPC client with address /0.0.0.0:34478
2019-10-11 04:54:51,984 [45dc940c-71f1-4cb7-b25b-a82b712b179d@group-CDD987D740BD:LeaderElection14] INFO  impl.RoleInfo (RoleInfo.java:updateAndGet(143)) - 45dc940c-71f1-4cb7-b25b-a82b712b179d: start FollowerState
2019-10-11 04:54:52,032 [af93d71e-9597-43d1-a0d9-fd03e0850daa@group-6EB4CB2E655A:LeaderElection18] INFO  impl.LeaderElection (LeaderElection.java:logAndReturn(56)) - af93d71e-9597-43d1-a0d9-fd03e0850daa@group-6EB4CB2E655A:LeaderElection18: Election REJECTED; received 2 response(s) [af93d71e-9597-43d1-a0d9-fd03e0850daa<-f486f1b0-a775-4c38-857e-a3674efc25f6#0:FAIL-t1, af93d71e-9597-43d1-a0d9-fd03e0850daa<-85dedb5c-0475-48d6-91a5-f8922a1c9690#0:FAIL-t1] and 0 exception(s); af93d71e-9597-43d1-a0d9-fd03e0850daa@group-6EB4CB2E655A:t1, leader=null, voted=af93d71e-9597-43d1-a0d9-fd03e0850daa, raftlog=af93d71e-9597-43d1-a0d9-fd03e0850daa@group-6EB4CB2E655A-SegmentedRaftLog:OPENED:c-1,f-1,i0, conf=-1: [f486f1b0-a775-4c38-857e-a3674efc25f6:192.168.157.200:46251, 85dedb5c-0475-48d6-91a5-f8922a1c9690:192.168.157.200:34929, af93d71e-9597-43d1-a0d9-fd03e0850daa:192.168.157.200:36925], old=null
2019-10-11 04:54:52,033 [af93d71e-9597-43d1-a0d9-fd03e0850daa@group-B594624CFC31:LeaderElection16] INFO  impl.LeaderElection (LeaderElection.java:logAndReturn(56)) - af93d71e-9597-43d1-a0d9-fd03e0850daa@group-B594624CFC31:LeaderElection16: Election REJECTED; received 2 response(s) [af93d71e-9597-43d1-a0d9-fd03e0850daa<-f486f1b0-a775-4c38-857e-a3674efc25f6#0:FAIL-t1, af93d71e-9597-43d1-a0d9-fd03e0850daa<-85dedb5c-0475-48d6-91a5-f8922a1c9690#0:FAIL-t1] and 0 exception(s); af93d71e-9597-43d1-a0d9-fd03e0850daa@group-B594624CFC31:t1, leader=null, voted=af93d71e-9597-43d1-a0d9-fd03e0850daa, raftlog=af93d71e-9597-43d1-a0d9-fd03e0850daa@group-B594624CFC31-SegmentedRaftLog:OPENED:c-1,f-1,i0, conf=-1: [f486f1b0-a775-4c38-857e-a3674efc25f6:192.168.157.200:46251, 85dedb5c-0475-48d6-91a5-f8922a1c9690:192.168.157.200:34929, af93d71e-9597-43d1-a0d9-fd03e0850daa:192.168.157.200:36925], old=null
2019-10-11 04:54:52,051 [af93d71e-9597-43d1-a0d9-fd03e0850daa@group-B594624CFC31:LeaderElection16] INFO  impl.RaftServerImpl (RaftServerImpl.java:setRole(174)) - af93d71e-9597-43d1-a0d9-fd03e0850daa@group-B594624CFC31: changes role from CANDIDATE to FOLLOWER at term 1 for DISCOVERED_A_NEW_TERM
2019-10-11 04:54:52,051 [af93d71e-9597-43d1-a0d9-fd03e0850daa@group-6EB4CB2E655A:LeaderElection18] INFO  impl.RaftServerImpl (RaftServerImpl.java:setRole(174)) - af93d71e-9597-43d1-a0d9-fd03e0850daa@group-6EB4CB2E655A: changes role from CANDIDATE to FOLLOWER at term 1 for DISCOVERED_A_NEW_TERM
2019-10-11 04:54:52,051 [af93d71e-9597-43d1-a0d9-fd03e0850daa@group-B594624CFC31:LeaderElection16] INFO  impl.RoleInfo (RoleInfo.java:shutdownLeaderElection(134)) - af93d71e-9597-43d1-a0d9-fd03e0850daa: shutdown LeaderElection
2019-10-11 04:54:52,054 [af93d71e-9597-43d1-a0d9-fd03e0850daa@group-6EB4CB2E655A:LeaderElection18] INFO  impl.RoleInfo (RoleInfo.java:shutdownLeaderElection(134)) - af93d71e-9597-43d1-a0d9-fd03e0850daa: shutdown LeaderElection
2019-10-11 04:54:52,058 [af93d71e-9597-43d1-a0d9-fd03e0850daa@group-B594624CFC31:LeaderElection16] INFO  impl.RoleInfo (RoleInfo.java:updateAndGet(143)) - af93d71e-9597-43d1-a0d9-fd03e0850daa: start FollowerState
2019-10-11 04:54:52,058 [af93d71e-9597-43d1-a0d9-fd03e0850daa@group-6EB4CB2E655A:LeaderElection18] INFO  impl.RoleInfo (RoleInfo.java:updateAndGet(143)) - af93d71e-9597-43d1-a0d9-fd03e0850daa: start FollowerState
2019-10-11 04:54:52,063 [85dedb5c-0475-48d6-91a5-f8922a1c9690@group-6EB4CB2E655A:LeaderElection17] INFO  impl.LeaderElection (LeaderElection.java:logAndReturn(56)) - 85dedb5c-0475-48d6-91a5-f8922a1c9690@group-6EB4CB2E655A:LeaderElection17: Election REJECTED; received 2 response(s) [85dedb5c-0475-48d6-91a5-f8922a1c9690<-f486f1b0-a775-4c38-857e-a3674efc25f6#0:FAIL-t1, 85dedb5c-0475-48d6-91a5-f8922a1c9690<-af93d71e-9597-43d1-a0d9-fd03e0850daa#0:FAIL-t1] and 0 exception(s); 85dedb5c-0475-48d6-91a5-f8922a1c9690@group-6EB4CB2E655A:t1, leader=null, voted=85dedb5c-0475-48d6-91a5-f8922a1c9690, raftlog=85dedb5c-0475-48d6-91a5-f8922a1c9690@group-6EB4CB2E655A-SegmentedRaftLog:OPENED:c-1,f-1,i0, conf=-1: [f486f1b0-a775-4c38-857e-a3674efc25f6:192.168.157.200:46251, 85dedb5c-0475-48d6-91a5-f8922a1c9690:192.168.157.200:34929, af93d71e-9597-43d1-a0d9-fd03e0850daa:192.168.157.200:36925], old=null
2019-10-11 04:54:52,063 [85dedb5c-0475-48d6-91a5-f8922a1c9690@group-6EB4CB2E655A:LeaderElection17] INFO  impl.RaftServerImpl (RaftServerImpl.java:setRole(174)) - 85dedb5c-0475-48d6-91a5-f8922a1c9690@group-6EB4CB2E655A: changes role from CANDIDATE to FOLLOWER at term 1 for DISCOVERED_A_NEW_TERM
2019-10-11 04:54:52,063 [85dedb5c-0475-48d6-91a5-f8922a1c9690@group-6EB4CB2E655A:LeaderElection17] INFO  impl.RoleInfo (RoleInfo.java:shutdownLeaderElection(134)) - 85dedb5c-0475-48d6-91a5-f8922a1c9690: shutdown LeaderElection
2019-10-11 04:54:52,063 [85dedb5c-0475-48d6-91a5-f8922a1c9690@group-B594624CFC31:LeaderElection19] INFO  impl.LeaderElection (LeaderElection.java:logAndReturn(56)) - 85dedb5c-0475-48d6-91a5-f8922a1c9690@group-B594624CFC31:LeaderElection19: Election REJECTED; received 2 response(s) [85dedb5c-0475-48d6-91a5-f8922a1c9690<-f486f1b0-a775-4c38-857e-a3674efc25f6#0:FAIL-t1, 85dedb5c-0475-48d6-91a5-f8922a1c9690<-af93d71e-9597-43d1-a0d9-fd03e0850daa#0:FAIL-t1] and 0 exception(s); 85dedb5c-0475-48d6-91a5-f8922a1c9690@group-B594624CFC31:t1, leader=null, voted=85dedb5c-0475-48d6-91a5-f8922a1c9690, raftlog=85dedb5c-0475-48d6-91a5-f8922a1c9690@group-B594624CFC31-SegmentedRaftLog:OPENED:c-1,f-1,i0, conf=-1: [f486f1b0-a775-4c38-857e-a3674efc25f6:192.168.157.200:46251, 85dedb5c-0475-48d6-91a5-f8922a1c9690:192.168.157.200:34929, af93d71e-9597-43d1-a0d9-fd03e0850daa:192.168.157.200:36925], old=null
2019-10-11 04:54:52,065 [85dedb5c-0475-48d6-91a5-f8922a1c9690@group-6EB4CB2E655A:LeaderElection17] INFO  impl.RoleInfo (RoleInfo.java:updateAndGet(143)) - 85dedb5c-0475-48d6-91a5-f8922a1c9690: start FollowerState
2019-10-11 04:54:52,065 [85dedb5c-0475-48d6-91a5-f8922a1c9690@group-B594624CFC31:LeaderElection19] INFO  impl.RaftServerImpl (RaftServerImpl.java:setRole(174)) - 85dedb5c-0475-48d6-91a5-f8922a1c9690@group-B594624CFC31: changes role from CANDIDATE to FOLLOWER at term 1 for DISCOVERED_A_NEW_TERM
2019-10-11 04:54:52,068 [85dedb5c-0475-48d6-91a5-f8922a1c9690@group-B594624CFC31:LeaderElection19] INFO  impl.RoleInfo (RoleInfo.java:shutdownLeaderElection(134)) - 85dedb5c-0475-48d6-91a5-f8922a1c9690: shutdown LeaderElection
2019-10-11 04:54:52,068 [85dedb5c-0475-48d6-91a5-f8922a1c9690@group-B594624CFC31:LeaderElection19] INFO  impl.RoleInfo (RoleInfo.java:updateAndGet(143)) - 85dedb5c-0475-48d6-91a5-f8922a1c9690: start FollowerState
2019-10-11 04:54:52,124 [f486f1b0-a775-4c38-857e-a3674efc25f6@group-B594624CFC31:LeaderElection13] INFO  impl.LeaderElection (LeaderElection.java:logAndReturn(56)) - f486f1b0-a775-4c38-857e-a3674efc25f6@group-B594624CFC31:LeaderElection13: Election REJECTED; received 2 response(s) [f486f1b0-a775-4c38-857e-a3674efc25f6<-85dedb5c-0475-48d6-91a5-f8922a1c9690#0:FAIL-t1, f486f1b0-a775-4c38-857e-a3674efc25f6<-af93d71e-9597-43d1-a0d9-fd03e0850daa#0:FAIL-t1] and 0 exception(s); f486f1b0-a775-4c38-857e-a3674efc25f6@group-B594624CFC31:t1, leader=null, voted=f486f1b0-a775-4c38-857e-a3674efc25f6, raftlog=f486f1b0-a775-4c38-857e-a3674efc25f6@group-B594624CFC31-SegmentedRaftLog:OPENED:c-1,f-1,i0, conf=-1: [f486f1b0-a775-4c38-857e-a3674efc25f6:192.168.157.200:46251, 85dedb5c-0475-48d6-91a5-f8922a1c9690:192.168.157.200:34929, af93d71e-9597-43d1-a0d9-fd03e0850daa:192.168.157.200:36925], old=null
2019-10-11 04:54:52,124 [f486f1b0-a775-4c38-857e-a3674efc25f6@group-B594624CFC31:LeaderElection13] INFO  impl.RaftServerImpl (RaftServerImpl.java:setRole(174)) - f486f1b0-a775-4c38-857e-a3674efc25f6@group-B594624CFC31: changes role from CANDIDATE to FOLLOWER at term 1 for DISCOVERED_A_NEW_TERM
2019-10-11 04:54:52,124 [f486f1b0-a775-4c38-857e-a3674efc25f6@group-6EB4CB2E655A:LeaderElection15] INFO  impl.LeaderElection (LeaderElection.java:logAndReturn(56)) - f486f1b0-a775-4c38-857e-a3674efc25f6@group-6EB4CB2E655A:LeaderElection15: Election REJECTED; received 2 response(s) [f486f1b0-a775-4c38-857e-a3674efc25f6<-85dedb5c-0475-48d6-91a5-f8922a1c9690#0:FAIL-t1, f486f1b0-a775-4c38-857e-a3674efc25f6<-af93d71e-9597-43d1-a0d9-fd03e0850daa#0:FAIL-t1] and 0 exception(s); f486f1b0-a775-4c38-857e-a3674efc25f6@group-6EB4CB2E655A:t1, leader=null, voted=f486f1b0-a775-4c38-857e-a3674efc25f6, raftlog=f486f1b0-a775-4c38-857e-a3674efc25f6@group-6EB4CB2E655A-SegmentedRaftLog:OPENED:c-1,f-1,i0, conf=-1: [f486f1b0-a775-4c38-857e-a3674efc25f6:192.168.157.200:46251, 85dedb5c-0475-48d6-91a5-f8922a1c9690:192.168.157.200:34929, af93d71e-9597-43d1-a0d9-fd03e0850daa:192.168.157.200:36925], old=null
2019-10-11 04:54:52,124 [f486f1b0-a775-4c38-857e-a3674efc25f6@group-B594624CFC31:LeaderElection13] INFO  impl.RoleInfo (RoleInfo.java:shutdownLeaderElection(134)) - f486f1b0-a775-4c38-857e-a3674efc25f6: shutdown LeaderElection
2019-10-11 04:54:52,128 [f486f1b0-a775-4c38-857e-a3674efc25f6@group-6EB4CB2E655A:LeaderElection15] INFO  impl.RaftServerImpl (RaftServerImpl.java:setRole(174)) - f486f1b0-a775-4c38-857e-a3674efc25f6@group-6EB4CB2E655A: changes role from CANDIDATE to FOLLOWER at term 1 for DISCOVERED_A_NEW_TERM
2019-10-11 04:54:52,130 [f486f1b0-a775-4c38-857e-a3674efc25f6@group-B594624CFC31:LeaderElection13] INFO  impl.RoleInfo (RoleInfo.java:updateAndGet(143)) - f486f1b0-a775-4c38-857e-a3674efc25f6: start FollowerState
2019-10-11 04:54:52,130 [f486f1b0-a775-4c38-857e-a3674efc25f6@group-6EB4CB2E655A:LeaderElection15] INFO  impl.RoleInfo (RoleInfo.java:shutdownLeaderElection(134)) - f486f1b0-a775-4c38-857e-a3674efc25f6: shutdown LeaderElection
2019-10-11 04:54:52,147 [f486f1b0-a775-4c38-857e-a3674efc25f6@group-6EB4CB2E655A:LeaderElection15] INFO  impl.RoleInfo (RoleInfo.java:updateAndGet(143)) - f486f1b0-a775-4c38-857e-a3674efc25f6: start FollowerState
2019-10-11 04:54:52,261 [main] INFO  impl.MetricsSystemImpl (MetricsSystemImpl.java:init(158)) - XceiverClientMetrics metrics system started (again)
2019-10-11 04:54:52,267 [45dc940c-71f1-4cb7-b25b-a82b712b179d@group-204EBAADCE96:LeaderElection9] INFO  server.RaftServerConfigKeys (ConfUtils.java:logGet(43)) - raft.server.log.appender.snapshot.chunk.size.max = 16MB (=16777216) (default)
2019-10-11 04:54:52,267 [45dc940c-71f1-4cb7-b25b-a82b712b179d@group-204EBAADCE96:LeaderElection9] INFO  server.RaftServerConfigKeys (ConfUtils.java:logGet(43)) - raft.server.log.appender.buffer.byte-limit = 33554432 (custom)
2019-10-11 04:54:52,268 [45dc940c-71f1-4cb7-b25b-a82b712b179d@group-204EBAADCE96:LeaderElection9] INFO  server.RaftServerConfigKeys (ConfUtils.java:logGet(43)) - raft.server.log.appender.buffer.element-limit = 1 (custom)
2019-10-11 04:54:52,271 [45dc940c-71f1-4cb7-b25b-a82b712b179d@group-204EBAADCE96:LeaderElection9] INFO  grpc.GrpcConfigKeys$Server (ConfUtils.java:logGet(43)) - raft.grpc.server.leader.outstanding.appends.max = 128 (default)
2019-10-11 04:54:52,272 [45dc940c-71f1-4cb7-b25b-a82b712b179d@group-204EBAADCE96:LeaderElection9] INFO  server.RaftServerConfigKeys (ConfUtils.java:logGet(43)) - raft.server.rpc.request.timeout = 3000ms (default)
2019-10-11 04:54:52,272 [45dc940c-71f1-4cb7-b25b-a82b712b179d@group-204EBAADCE96:LeaderElection9] INFO  server.RaftServerConfigKeys (ConfUtils.java:logGet(43)) - raft.server.log.appender.install.snapshot.enabled = false (custom)
2019-10-11 04:54:52,273 [45dc940c-71f1-4cb7-b25b-a82b712b179d@group-204EBAADCE96:LeaderElection9] INFO  server.RaftServerConfigKeys (ConfUtils.java:logGet(43)) - raft.server.log.appender.snapshot.chunk.size.max = 16MB (=16777216) (default)
2019-10-11 04:54:52,273 [45dc940c-71f1-4cb7-b25b-a82b712b179d@group-204EBAADCE96:LeaderElection9] INFO  server.RaftServerConfigKeys (ConfUtils.java:logGet(43)) - raft.server.log.appender.buffer.byte-limit = 33554432 (custom)
2019-10-11 04:54:52,273 [45dc940c-71f1-4cb7-b25b-a82b712b179d@group-204EBAADCE96:LeaderElection9] INFO  server.RaftServerConfigKeys (ConfUtils.java:logGet(43)) - raft.server.log.appender.buffer.element-limit = 1 (custom)
2019-10-11 04:54:52,273 [45dc940c-71f1-4cb7-b25b-a82b712b179d@group-204EBAADCE96:LeaderElection9] INFO  grpc.GrpcConfigKeys$Server (ConfUtils.java:logGet(43)) - raft.grpc.server.leader.outstanding.appends.max = 128 (default)
2019-10-11 04:54:52,274 [45dc940c-71f1-4cb7-b25b-a82b712b179d@group-204EBAADCE96:LeaderElection9] INFO  server.RaftServerConfigKeys (ConfUtils.java:logGet(43)) - raft.server.rpc.request.timeout = 3000ms (default)
2019-10-11 04:54:52,276 [45dc940c-71f1-4cb7-b25b-a82b712b179d@group-204EBAADCE96:LeaderElection9] INFO  server.RaftServerConfigKeys (ConfUtils.java:logGet(43)) - raft.server.log.appender.install.snapshot.enabled = false (custom)
2019-10-11 04:54:52,284 [45dc940c-71f1-4cb7-b25b-a82b712b179d@group-204EBAADCE96:LeaderElection9] INFO  impl.RoleInfo (RoleInfo.java:updateAndGet(143)) - 45dc940c-71f1-4cb7-b25b-a82b712b179d: start LeaderState
2019-10-11 04:54:52,285 [45dc940c-71f1-4cb7-b25b-a82b712b179d@group-204EBAADCE96:LeaderElection9] INFO  segmented.SegmentedRaftLogWorker (SegmentedRaftLogWorker.java:startLogSegment(380)) - 45dc940c-71f1-4cb7-b25b-a82b712b179d@group-204EBAADCE96-SegmentedRaftLogWorker: Starting segment from index:0
2019-10-11 04:54:52,286 [45dc940c-71f1-4cb7-b25b-a82b712b179d@group-204EBAADCE96:LeaderElection9] INFO  impl.RaftServerImpl (ServerState.java:setRaftConf(354)) - 45dc940c-71f1-4cb7-b25b-a82b712b179d@group-204EBAADCE96: set configuration 0: [45dc940c-71f1-4cb7-b25b-a82b712b179d:192.168.157.200:43469, 3c863a86-f0e0-4c2a-8b91-a8d0f68ec9e3:192.168.157.200:33160, 3452dafe-7a7c-46b8-888b-6c48499d0560:192.168.157.200:37763], old=null at 0
2019-10-11 04:54:52,286 [grpc-default-executor-3] INFO  impl.RaftServerImpl (ServerState.java:setLeader(253)) - 45dc940c-71f1-4cb7-b25b-a82b712b179d@group-204EBAADCE96: change Leader from 45dc940c-71f1-4cb7-b25b-a82b712b179d to null at term 2 for updateCurrentTerm
2019-10-11 04:54:52,286 [grpc-default-executor-3] INFO  impl.RaftServerImpl (RaftServerImpl.java:setRole(174)) - 45dc940c-71f1-4cb7-b25b-a82b712b179d@group-204EBAADCE96: changes role from    LEADER to FOLLOWER at term 2 for recognizeCandidate:3c863a86-f0e0-4c2a-8b91-a8d0f68ec9e3
2019-10-11 04:54:52,325 [grpc-default-executor-3] INFO  impl.RoleInfo (RoleInfo.java:shutdownLeaderState(104)) - 45dc940c-71f1-4cb7-b25b-a82b712b179d: shutdown LeaderState
2019-10-11 04:54:52,335 [grpc-default-executor-3] INFO  impl.PendingRequests (PendingRequests.java:sendNotLeaderResponses(202)) - 45dc940c-71f1-4cb7-b25b-a82b712b179d-PendingRequests: sendNotLeaderResponses
2019-10-11 04:54:52,337 [grpc-default-executor-3] INFO  impl.RoleInfo (RoleInfo.java:updateAndGet(143)) - 45dc940c-71f1-4cb7-b25b-a82b712b179d: start FollowerState
2019-10-11 04:54:52,338 [45dc940c-71f1-4cb7-b25b-a82b712b179d@group-204EBAADCE96-SegmentedRaftLogWorker] INFO  segmented.SegmentedRaftLogWorker (SegmentedRaftLogWorker.java:execute(569)) - 45dc940c-71f1-4cb7-b25b-a82b712b179d@group-204EBAADCE96-SegmentedRaftLogWorker: created new log segment /workdir/hadoop-ozone/integration-test/target/test-dir/MiniOzoneClusterImpl-44c36d6d-90e1-4198-8449-e8899faa44e9/datanode-2/data/ratis/977c8f61-8cf4-482f-893b-204ebaadce96/current/log_inprogress_0
2019-10-11 04:54:52,348 [org.apache.ratis.server.impl.LogAppender$AppenderDaemon$$Lambda$531/1713955667@60148b8] WARN  server.GrpcLogAppender (GrpcLogAppender.java:mayWait(143)) - 45dc940c-71f1-4cb7-b25b-a82b712b179d@group-204EBAADCE96->3c863a86-f0e0-4c2a-8b91-a8d0f68ec9e3-GrpcLogAppender: Wait interrupted by java.lang.InterruptedException
2019-10-11 04:54:52,348 [org.apache.ratis.server.impl.LogAppender$AppenderDaemon$$Lambda$531/1713955667@1a040493] WARN  server.GrpcLogAppender (GrpcLogAppender.java:mayWait(143)) - 45dc940c-71f1-4cb7-b25b-a82b712b179d@group-204EBAADCE96->3452dafe-7a7c-46b8-888b-6c48499d0560-GrpcLogAppender: Wait interrupted by java.lang.InterruptedException
2019-10-11 04:54:52,360 [grpc-default-executor-3] INFO  server.GrpcServerProtocolService (GrpcServerProtocolService.java:onCompleted(113)) - 3452dafe-7a7c-46b8-888b-6c48499d0560: Completed APPEND_ENTRIES, lastRequest: null
2019-10-11 04:54:52,360 [grpc-default-executor-5] INFO  server.GrpcServerProtocolService (GrpcServerProtocolService.java:onCompleted(113)) - 3c863a86-f0e0-4c2a-8b91-a8d0f68ec9e3: Completed APPEND_ENTRIES, lastRequest: null
2019-10-11 04:54:52,364 [grpc-default-executor-5] INFO  server.GrpcLogAppender (GrpcLogAppender.java:onCompleted(293)) - 45dc940c-71f1-4cb7-b25b-a82b712b179d@group-204EBAADCE96->3c863a86-f0e0-4c2a-8b91-a8d0f68ec9e3-AppendLogResponseHandler: follower responses appendEntries COMPLETED
2019-10-11 04:54:52,364 [grpc-default-executor-3] INFO  server.GrpcLogAppender (GrpcLogAppender.java:onCompleted(293)) - 45dc940c-71f1-4cb7-b25b-a82b712b179d@group-204EBAADCE96->3452dafe-7a7c-46b8-888b-6c48499d0560-AppendLogResponseHandler: follower responses appendEntries COMPLETED
2019-10-11 04:54:52,372 [grpc-default-executor-3] INFO  impl.FollowerInfo (FollowerInfo.java:lambda$new$0(51)) - 45dc940c-71f1-4cb7-b25b-a82b712b179d@group-204EBAADCE96->3452dafe-7a7c-46b8-888b-6c48499d0560: nextIndex: updateUnconditionally 0 -> 0
2019-10-11 04:54:52,372 [grpc-default-executor-5] INFO  impl.FollowerInfo (FollowerInfo.java:lambda$new$0(51)) - 45dc940c-71f1-4cb7-b25b-a82b712b179d@group-204EBAADCE96->3c863a86-f0e0-4c2a-8b91-a8d0f68ec9e3: nextIndex: updateUnconditionally 0 -> 0
2019-10-11 04:54:52,750 [Thread-321] INFO  impl.FollowerState (FollowerState.java:run(106)) - 3c863a86-f0e0-4c2a-8b91-a8d0f68ec9e3:group-204EBAADCE96 changes to CANDIDATE, lastRpcTime:1112, electionTimeout:1110ms
2019-10-11 04:54:52,750 [Thread-321] INFO  impl.RoleInfo (RoleInfo.java:shutdownFollowerState(121)) - 3c863a86-f0e0-4c2a-8b91-a8d0f68ec9e3: shutdown FollowerState
2019-10-11 04:54:52,750 [Thread-321] INFO  impl.RaftServerImpl (RaftServerImpl.java:setRole(174)) - 3c863a86-f0e0-4c2a-8b91-a8d0f68ec9e3@group-204EBAADCE96: changes role from  FOLLOWER to CANDIDATE at term 2 for changeToCandidate
2019-10-11 04:54:52,751 [Thread-321] INFO  impl.RoleInfo (RoleInfo.java:updateAndGet(143)) - 3c863a86-f0e0-4c2a-8b91-a8d0f68ec9e3: start LeaderElection
2019-10-11 04:54:52,765 [3c863a86-f0e0-4c2a-8b91-a8d0f68ec9e3@group-204EBAADCE96:LeaderElection20] INFO  impl.LeaderElection (LeaderElection.java:askForVotes(182)) - 3c863a86-f0e0-4c2a-8b91-a8d0f68ec9e3@group-204EBAADCE96:LeaderElection20: begin an election at term 3 for -1: [45dc940c-71f1-4cb7-b25b-a82b712b179d:192.168.157.200:43469, 3c863a86-f0e0-4c2a-8b91-a8d0f68ec9e3:192.168.157.200:33160, 3452dafe-7a7c-46b8-888b-6c48499d0560:192.168.157.200:37763], old=null
2019-10-11 04:54:52,771 [grpc-default-executor-5] INFO  impl.RaftServerImpl (RaftServerImpl.java:setRole(174)) - 45dc940c-71f1-4cb7-b25b-a82b712b179d@group-204EBAADCE96: changes role from  FOLLOWER to FOLLOWER at term 3 for recognizeCandidate:3c863a86-f0e0-4c2a-8b91-a8d0f68ec9e3
2019-10-11 04:54:52,771 [grpc-default-executor-3] INFO  impl.RaftServerImpl (RaftServerImpl.java:setRole(174)) - 3452dafe-7a7c-46b8-888b-6c48499d0560@group-204EBAADCE96: changes role from  FOLLOWER to FOLLOWER at term 3 for recognizeCandidate:3c863a86-f0e0-4c2a-8b91-a8d0f68ec9e3
2019-10-11 04:54:52,773 [grpc-default-executor-3] INFO  impl.RoleInfo (RoleInfo.java:shutdownFollowerState(121)) - 3452dafe-7a7c-46b8-888b-6c48499d0560: shutdown FollowerState
2019-10-11 04:54:52,771 [grpc-default-executor-5] INFO  impl.RoleInfo (RoleInfo.java:shutdownFollowerState(121)) - 45dc940c-71f1-4cb7-b25b-a82b712b179d: shutdown FollowerState
2019-10-11 04:54:52,774 [Thread-352] INFO  impl.FollowerState (FollowerState.java:run(115)) - 3452dafe-7a7c-46b8-888b-6c48499d0560: FollowerState was interrupted: java.lang.InterruptedException: sleep interrupted
2019-10-11 04:54:52,774 [grpc-default-executor-3] INFO  impl.RoleInfo (RoleInfo.java:updateAndGet(143)) - 3452dafe-7a7c-46b8-888b-6c48499d0560: start FollowerState
2019-10-11 04:54:52,774 [Thread-366] INFO  impl.FollowerState (FollowerState.java:run(115)) - 45dc940c-71f1-4cb7-b25b-a82b712b179d: FollowerState was interrupted: java.lang.InterruptedException: sleep interrupted
2019-10-11 04:54:52,774 [grpc-default-executor-5] INFO  impl.RoleInfo (RoleInfo.java:updateAndGet(143)) - 45dc940c-71f1-4cb7-b25b-a82b712b179d: start FollowerState
2019-10-11 04:54:52,795 [3c863a86-f0e0-4c2a-8b91-a8d0f68ec9e3@group-204EBAADCE96:LeaderElection20] INFO  impl.LeaderElection (LeaderElection.java:logAndReturn(56)) - 3c863a86-f0e0-4c2a-8b91-a8d0f68ec9e3@group-204EBAADCE96:LeaderElection20: Election PASSED; received 1 response(s) [3c863a86-f0e0-4c2a-8b91-a8d0f68ec9e3<-3452dafe-7a7c-46b8-888b-6c48499d0560#0:OK-t3] and 0 exception(s); 3c863a86-f0e0-4c2a-8b91-a8d0f68ec9e3@group-204EBAADCE96:t3, leader=null, voted=3c863a86-f0e0-4c2a-8b91-a8d0f68ec9e3, raftlog=3c863a86-f0e0-4c2a-8b91-a8d0f68ec9e3@group-204EBAADCE96-SegmentedRaftLog:OPENED:c-1,f-1,i0, conf=-1: [45dc940c-71f1-4cb7-b25b-a82b712b179d:192.168.157.200:43469, 3c863a86-f0e0-4c2a-8b91-a8d0f68ec9e3:192.168.157.200:33160, 3452dafe-7a7c-46b8-888b-6c48499d0560:192.168.157.200:37763], old=null
2019-10-11 04:54:52,795 [3c863a86-f0e0-4c2a-8b91-a8d0f68ec9e3@group-204EBAADCE96:LeaderElection20] INFO  impl.RoleInfo (RoleInfo.java:shutdownLeaderElection(134)) - 3c863a86-f0e0-4c2a-8b91-a8d0f68ec9e3: shutdown LeaderElection
2019-10-11 04:54:52,797 [3c863a86-f0e0-4c2a-8b91-a8d0f68ec9e3@group-204EBAADCE96:LeaderElection20] INFO  impl.RaftServerImpl (RaftServerImpl.java:setRole(174)) - 3c863a86-f0e0-4c2a-8b91-a8d0f68ec9e3@group-204EBAADCE96: changes role from CANDIDATE to LEADER at term 3 for changeToLeader
2019-10-11 04:54:52,797 [3c863a86-f0e0-4c2a-8b91-a8d0f68ec9e3@group-204EBAADCE96:LeaderElection20] INFO  impl.RaftServerImpl (ServerState.java:setLeader(253)) - 3c863a86-f0e0-4c2a-8b91-a8d0f68ec9e3@group-204EBAADCE96: change Leader from null to 3c863a86-f0e0-4c2a-8b91-a8d0f68ec9e3 at term 3 for becomeLeader, leader elected after 2372ms
2019-10-11 04:54:52,798 [3c863a86-f0e0-4c2a-8b91-a8d0f68ec9e3@group-204EBAADCE96:LeaderElection20] INFO  server.RaftServerConfigKeys (ConfUtils.java:logGet(43)) - raft.server.staging.catchup.gap = 1000 (default)
2019-10-11 04:54:52,798 [3c863a86-f0e0-4c2a-8b91-a8d0f68ec9e3@group-204EBAADCE96:LeaderElection20] INFO  server.RaftServerConfigKeys (ConfUtils.java:logGet(43)) - raft.server.rpc.sleep.time = 25ms (default)
2019-10-11 04:54:52,798 [3c863a86-f0e0-4c2a-8b91-a8d0f68ec9e3@group-204EBAADCE96:LeaderElection20] INFO  server.RaftServerConfigKeys (ConfUtils.java:logGet(43)) - raft.server.write.element-limit = 4096 (default)
2019-10-11 04:54:52,798 [3c863a86-f0e0-4c2a-8b91-a8d0f68ec9e3@group-204EBAADCE96:LeaderElection20] INFO  server.RaftServerConfigKeys (ConfUtils.java:logGet(43)) - raft.server.watch.timeout = 10s (default)
2019-10-11 04:54:52,798 [3c863a86-f0e0-4c2a-8b91-a8d0f68ec9e3@group-204EBAADCE96:LeaderElection20] INFO  server.RaftServerConfigKeys (ConfUtils.java:logGet(43)) - raft.server.watch.timeout.denomination = 1s (default)
2019-10-11 04:54:52,799 [3c863a86-f0e0-4c2a-8b91-a8d0f68ec9e3@group-204EBAADCE96:LeaderElection20] INFO  server.RaftServerConfigKeys (ConfUtils.java:logGet(43)) - raft.server.watch.element-limit = 65536 (default)
2019-10-11 04:54:52,801 [3c863a86-f0e0-4c2a-8b91-a8d0f68ec9e3@group-204EBAADCE96:LeaderElection20] INFO  server.RaftServerConfigKeys (ConfUtils.java:logGet(43)) - raft.server.log.appender.snapshot.chunk.size.max = 16MB (=16777216) (default)
2019-10-11 04:54:52,802 [3c863a86-f0e0-4c2a-8b91-a8d0f68ec9e3@group-204EBAADCE96:LeaderElection20] INFO  server.RaftServerConfigKeys (ConfUtils.java:logGet(43)) - raft.server.log.appender.buffer.byte-limit = 33554432 (custom)
2019-10-11 04:54:52,802 [3c863a86-f0e0-4c2a-8b91-a8d0f68ec9e3@group-204EBAADCE96:LeaderElection20] INFO  server.RaftServerConfigKeys (ConfUtils.java:logGet(43)) - raft.server.log.appender.buffer.element-limit = 1 (custom)
2019-10-11 04:54:52,802 [3c863a86-f0e0-4c2a-8b91-a8d0f68ec9e3@group-204EBAADCE96:LeaderElection20] INFO  grpc.GrpcConfigKeys$Server (ConfUtils.java:logGet(43)) - raft.grpc.server.leader.outstanding.appends.max = 128 (default)
2019-10-11 04:54:52,804 [3c863a86-f0e0-4c2a-8b91-a8d0f68ec9e3@group-204EBAADCE96:LeaderElection20] INFO  server.RaftServerConfigKeys (ConfUtils.java:logGet(43)) - raft.server.rpc.request.timeout = 3000ms (default)
2019-10-11 04:54:52,805 [3c863a86-f0e0-4c2a-8b91-a8d0f68ec9e3@group-204EBAADCE96:LeaderElection20] INFO  server.RaftServerConfigKeys (ConfUtils.java:logGet(43)) - raft.server.log.appender.install.snapshot.enabled = false (custom)
2019-10-11 04:54:52,805 [3c863a86-f0e0-4c2a-8b91-a8d0f68ec9e3@group-204EBAADCE96:LeaderElection20] INFO  server.RaftServerConfigKeys (ConfUtils.java:logGet(43)) - raft.server.log.appender.snapshot.chunk.size.max = 16MB (=16777216) (default)
2019-10-11 04:54:52,805 [3c863a86-f0e0-4c2a-8b91-a8d0f68ec9e3@group-204EBAADCE96:LeaderElection20] INFO  server.RaftServerConfigKeys (ConfUtils.java:logGet(43)) - raft.server.log.appender.buffer.byte-limit = 33554432 (custom)
2019-10-11 04:54:52,805 [3c863a86-f0e0-4c2a-8b91-a8d0f68ec9e3@group-204EBAADCE96:LeaderElection20] INFO  server.RaftServerConfigKeys (ConfUtils.java:logGet(43)) - raft.server.log.appender.buffer.element-limit = 1 (custom)
2019-10-11 04:54:52,805 [3c863a86-f0e0-4c2a-8b91-a8d0f68ec9e3@group-204EBAADCE96:LeaderElection20] INFO  grpc.GrpcConfigKeys$Server (ConfUtils.java:logGet(43)) - raft.grpc.server.leader.outstanding.appends.max = 128 (default)
2019-10-11 04:54:52,806 [3c863a86-f0e0-4c2a-8b91-a8d0f68ec9e3@group-204EBAADCE96:LeaderElection20] INFO  server.RaftServerConfigKeys (ConfUtils.java:logGet(43)) - raft.server.rpc.request.timeout = 3000ms (default)
2019-10-11 04:54:52,806 [3c863a86-f0e0-4c2a-8b91-a8d0f68ec9e3@group-204EBAADCE96:LeaderElection20] INFO  server.RaftServerConfigKeys (ConfUtils.java:logGet(43)) - raft.server.log.appender.install.snapshot.enabled = false (custom)
2019-10-11 04:54:52,806 [3c863a86-f0e0-4c2a-8b91-a8d0f68ec9e3@group-204EBAADCE96:LeaderElection20] INFO  impl.RoleInfo (RoleInfo.java:updateAndGet(143)) - 3c863a86-f0e0-4c2a-8b91-a8d0f68ec9e3: start LeaderState
2019-10-11 04:54:52,806 [3c863a86-f0e0-4c2a-8b91-a8d0f68ec9e3@group-204EBAADCE96:LeaderElection20] INFO  segmented.SegmentedRaftLogWorker (SegmentedRaftLogWorker.java:startLogSegment(380)) - 3c863a86-f0e0-4c2a-8b91-a8d0f68ec9e3@group-204EBAADCE96-SegmentedRaftLogWorker: Starting segment from index:0
2019-10-11 04:54:52,807 [3c863a86-f0e0-4c2a-8b91-a8d0f68ec9e3@group-204EBAADCE96:LeaderElection20] INFO  impl.RaftServerImpl (ServerState.java:setRaftConf(354)) - 3c863a86-f0e0-4c2a-8b91-a8d0f68ec9e3@group-204EBAADCE96: set configuration 0: [45dc940c-71f1-4cb7-b25b-a82b712b179d:192.168.157.200:43469, 3c863a86-f0e0-4c2a-8b91-a8d0f68ec9e3:192.168.157.200:33160, 3452dafe-7a7c-46b8-888b-6c48499d0560:192.168.157.200:37763], old=null at 0
2019-10-11 04:54:52,861 [3c863a86-f0e0-4c2a-8b91-a8d0f68ec9e3@group-204EBAADCE96-SegmentedRaftLogWorker] INFO  segmented.SegmentedRaftLogWorker (SegmentedRaftLogWorker.java:execute(569)) - 3c863a86-f0e0-4c2a-8b91-a8d0f68ec9e3@group-204EBAADCE96-SegmentedRaftLogWorker: created new log segment /workdir/hadoop-ozone/integration-test/target/test-dir/MiniOzoneClusterImpl-44c36d6d-90e1-4198-8449-e8899faa44e9/datanode-4/data/ratis/977c8f61-8cf4-482f-893b-204ebaadce96/current/log_inprogress_0
2019-10-11 04:54:52,884 [grpc-default-executor-5] INFO  impl.RaftServerImpl (ServerState.java:setLeader(253)) - 45dc940c-71f1-4cb7-b25b-a82b712b179d@group-204EBAADCE96: change Leader from null to 3c863a86-f0e0-4c2a-8b91-a8d0f68ec9e3 at term 3 for appendEntries, leader elected after 598ms
2019-10-11 04:54:52,884 [grpc-default-executor-3] INFO  impl.RaftServerImpl (ServerState.java:setLeader(253)) - 3452dafe-7a7c-46b8-888b-6c48499d0560@group-204EBAADCE96: change Leader from null to 3c863a86-f0e0-4c2a-8b91-a8d0f68ec9e3 at term 3 for appendEntries, leader elected after 2459ms
2019-10-11 04:54:52,927 [grpc-default-executor-5] INFO  impl.RaftServerImpl (ServerState.java:setRaftConf(354)) - 3452dafe-7a7c-46b8-888b-6c48499d0560@group-204EBAADCE96: set configuration 0: [45dc940c-71f1-4cb7-b25b-a82b712b179d:192.168.157.200:43469, 3c863a86-f0e0-4c2a-8b91-a8d0f68ec9e3:192.168.157.200:33160, 3452dafe-7a7c-46b8-888b-6c48499d0560:192.168.157.200:37763], old=null at 0
2019-10-11 04:54:52,928 [grpc-default-executor-3] INFO  impl.RaftServerImpl (ServerState.java:setRaftConf(354)) - 45dc940c-71f1-4cb7-b25b-a82b712b179d@group-204EBAADCE96: set configuration 0: [45dc940c-71f1-4cb7-b25b-a82b712b179d:192.168.157.200:43469, 3c863a86-f0e0-4c2a-8b91-a8d0f68ec9e3:192.168.157.200:33160, 3452dafe-7a7c-46b8-888b-6c48499d0560:192.168.157.200:37763], old=null at 0
2019-10-11 04:54:52,928 [grpc-default-executor-5] INFO  segmented.SegmentedRaftLogWorker (SegmentedRaftLogWorker.java:startLogSegment(380)) - 3452dafe-7a7c-46b8-888b-6c48499d0560@group-204EBAADCE96-SegmentedRaftLogWorker: Starting segment from index:0
2019-10-11 04:54:52,933 [grpc-default-executor-3] INFO  segmented.SegmentedRaftLogWorker (SegmentedRaftLogWorker.java:truncate(396)) - 45dc940c-71f1-4cb7-b25b-a82b712b179d@group-204EBAADCE96-SegmentedRaftLogWorker: Truncating segments toTruncate: null
  toDelete: [(0, 0) isOpen? true, length=0, newEndIndex=-1], start index 0
2019-10-11 04:54:52,933 [grpc-default-executor-3] INFO  segmented.SegmentedRaftLogWorker (SegmentedRaftLogWorker.java:startLogSegment(380)) - 45dc940c-71f1-4cb7-b25b-a82b712b179d@group-204EBAADCE96-SegmentedRaftLogWorker: Starting segment from index:0
2019-10-11 04:54:52,935 [45dc940c-71f1-4cb7-b25b-a82b712b179d@group-204EBAADCE96-SegmentedRaftLogWorker] INFO  segmented.SegmentedRaftLogWorker (SegmentedRaftLogWorker.java:execute(633)) - 45dc940c-71f1-4cb7-b25b-a82b712b179d@group-204EBAADCE96-SegmentedRaftLogWorker: Deleted log file /workdir/hadoop-ozone/integration-test/target/test-dir/MiniOzoneClusterImpl-44c36d6d-90e1-4198-8449-e8899faa44e9/datanode-2/data/ratis/977c8f61-8cf4-482f-893b-204ebaadce96/current/log_inprogress_0
2019-10-11 04:54:52,936 [45dc940c-71f1-4cb7-b25b-a82b712b179d@group-204EBAADCE96-SegmentedRaftLogWorker] INFO  segmented.SegmentedRaftLogWorker (SegmentedRaftLogWorker.java:lambda$new$0(132)) - 45dc940c-71f1-4cb7-b25b-a82b712b179d@group-204EBAADCE96-SegmentedRaftLogWorker: flushIndex: setUnconditionally 0 -> -1
2019-10-11 04:54:52,950 [Thread-355] INFO  impl.FollowerState (FollowerState.java:run(106)) - 3452dafe-7a7c-46b8-888b-6c48499d0560:group-CDD987D740BD changes to CANDIDATE, lastRpcTime:1005, electionTimeout:1005ms
2019-10-11 04:54:52,950 [Thread-355] INFO  impl.RoleInfo (RoleInfo.java:shutdownFollowerState(121)) - 3452dafe-7a7c-46b8-888b-6c48499d0560: shutdown FollowerState
2019-10-11 04:54:52,950 [Thread-355] INFO  impl.RaftServerImpl (RaftServerImpl.java:setRole(174)) - 3452dafe-7a7c-46b8-888b-6c48499d0560@group-CDD987D740BD: changes role from  FOLLOWER to CANDIDATE at term 1 for changeToCandidate
2019-10-11 04:54:52,951 [Thread-355] INFO  impl.RoleInfo (RoleInfo.java:updateAndGet(143)) - 3452dafe-7a7c-46b8-888b-6c48499d0560: start LeaderElection
2019-10-11 04:54:52,987 [3452dafe-7a7c-46b8-888b-6c48499d0560@group-204EBAADCE96-SegmentedRaftLogWorker] INFO  segmented.SegmentedRaftLogWorker (SegmentedRaftLogWorker.java:execute(569)) - 3452dafe-7a7c-46b8-888b-6c48499d0560@group-204EBAADCE96-SegmentedRaftLogWorker: created new log segment /workdir/hadoop-ozone/integration-test/target/test-dir/MiniOzoneClusterImpl-44c36d6d-90e1-4198-8449-e8899faa44e9/datanode-6/data/ratis/977c8f61-8cf4-482f-893b-204ebaadce96/current/log_inprogress_0
2019-10-11 04:54:52,987 [3452dafe-7a7c-46b8-888b-6c48499d0560@group-CDD987D740BD:LeaderElection21] INFO  impl.LeaderElection (LeaderElection.java:askForVotes(182)) - 3452dafe-7a7c-46b8-888b-6c48499d0560@group-CDD987D740BD:LeaderElection21: begin an election at term 2 for -1: [45dc940c-71f1-4cb7-b25b-a82b712b179d:192.168.157.200:43469, 3c863a86-f0e0-4c2a-8b91-a8d0f68ec9e3:192.168.157.200:33160, 3452dafe-7a7c-46b8-888b-6c48499d0560:192.168.157.200:37763], old=null
2019-10-11 04:54:52,987 [45dc940c-71f1-4cb7-b25b-a82b712b179d@group-204EBAADCE96-SegmentedRaftLogWorker] INFO  segmented.SegmentedRaftLogWorker (SegmentedRaftLogWorker.java:execute(569)) - 45dc940c-71f1-4cb7-b25b-a82b712b179d@group-204EBAADCE96-SegmentedRaftLogWorker: created new log segment /workdir/hadoop-ozone/integration-test/target/test-dir/MiniOzoneClusterImpl-44c36d6d-90e1-4198-8449-e8899faa44e9/datanode-2/data/ratis/977c8f61-8cf4-482f-893b-204ebaadce96/current/log_inprogress_0
2019-10-11 04:54:52,992 [grpc-default-executor-3] INFO  impl.RaftServerImpl (RaftServerImpl.java:setRole(174)) - 45dc940c-71f1-4cb7-b25b-a82b712b179d@group-CDD987D740BD: changes role from  FOLLOWER to FOLLOWER at term 2 for recognizeCandidate:3452dafe-7a7c-46b8-888b-6c48499d0560
2019-10-11 04:54:52,992 [grpc-default-executor-5] INFO  impl.RaftServerImpl (RaftServerImpl.java:setRole(174)) - 3c863a86-f0e0-4c2a-8b91-a8d0f68ec9e3@group-CDD987D740BD: changes role from  FOLLOWER to FOLLOWER at term 2 for recognizeCandidate:3452dafe-7a7c-46b8-888b-6c48499d0560
2019-10-11 04:54:52,993 [grpc-default-executor-3] INFO  impl.RoleInfo (RoleInfo.java:shutdownFollowerState(121)) - 45dc940c-71f1-4cb7-b25b-a82b712b179d: shutdown FollowerState
2019-10-11 04:54:52,993 [grpc-default-executor-5] INFO  impl.RoleInfo (RoleInfo.java:shutdownFollowerState(121)) - 3c863a86-f0e0-4c2a-8b91-a8d0f68ec9e3: shutdown FollowerState
2019-10-11 04:54:52,993 [Thread-357] INFO  impl.FollowerState (FollowerState.java:run(115)) - 45dc940c-71f1-4cb7-b25b-a82b712b179d: FollowerState was interrupted: java.lang.InterruptedException: sleep interrupted
2019-10-11 04:54:52,993 [grpc-default-executor-3] INFO  impl.RoleInfo (RoleInfo.java:updateAndGet(143)) - 45dc940c-71f1-4cb7-b25b-a82b712b179d: start FollowerState
2019-10-11 04:54:52,993 [Thread-356] INFO  impl.FollowerState (FollowerState.java:run(115)) - 3c863a86-f0e0-4c2a-8b91-a8d0f68ec9e3: FollowerState was interrupted: java.lang.InterruptedException: sleep interrupted
2019-10-11 04:54:52,993 [grpc-default-executor-5] INFO  impl.RoleInfo (RoleInfo.java:updateAndGet(143)) - 3c863a86-f0e0-4c2a-8b91-a8d0f68ec9e3: start FollowerState
2019-10-11 04:54:53,016 [3452dafe-7a7c-46b8-888b-6c48499d0560@group-CDD987D740BD:LeaderElection21] INFO  impl.LeaderElection (LeaderElection.java:logAndReturn(56)) - 3452dafe-7a7c-46b8-888b-6c48499d0560@group-CDD987D740BD:LeaderElection21: Election PASSED; received 1 response(s) [3452dafe-7a7c-46b8-888b-6c48499d0560<-3c863a86-f0e0-4c2a-8b91-a8d0f68ec9e3#0:OK-t2] and 0 exception(s); 3452dafe-7a7c-46b8-888b-6c48499d0560@group-CDD987D740BD:t2, leader=null, voted=3452dafe-7a7c-46b8-888b-6c48499d0560, raftlog=3452dafe-7a7c-46b8-888b-6c48499d0560@group-CDD987D740BD-SegmentedRaftLog:OPENED:c-1,f-1,i0, conf=-1: [45dc940c-71f1-4cb7-b25b-a82b712b179d:192.168.157.200:43469, 3c863a86-f0e0-4c2a-8b91-a8d0f68ec9e3:192.168.157.200:33160, 3452dafe-7a7c-46b8-888b-6c48499d0560:192.168.157.200:37763], old=null
2019-10-11 04:54:53,016 [3452dafe-7a7c-46b8-888b-6c48499d0560@group-CDD987D740BD:LeaderElection21] INFO  impl.RoleInfo (RoleInfo.java:shutdownLeaderElection(134)) - 3452dafe-7a7c-46b8-888b-6c48499d0560: shutdown LeaderElection
2019-10-11 04:54:53,019 [3452dafe-7a7c-46b8-888b-6c48499d0560@group-CDD987D740BD:LeaderElection21] INFO  impl.RaftServerImpl (RaftServerImpl.java:setRole(174)) - 3452dafe-7a7c-46b8-888b-6c48499d0560@group-CDD987D740BD: changes role from CANDIDATE to LEADER at term 2 for changeToLeader
2019-10-11 04:54:53,020 [3452dafe-7a7c-46b8-888b-6c48499d0560@group-CDD987D740BD:LeaderElection21] INFO  impl.RaftServerImpl (ServerState.java:setLeader(253)) - 3452dafe-7a7c-46b8-888b-6c48499d0560@group-CDD987D740BD: change Leader from null to 3452dafe-7a7c-46b8-888b-6c48499d0560 at term 2 for becomeLeader, leader elected after 2483ms
2019-10-11 04:54:53,020 [3452dafe-7a7c-46b8-888b-6c48499d0560@group-CDD987D740BD:LeaderElection21] INFO  server.RaftServerConfigKeys (ConfUtils.java:logGet(43)) - raft.server.staging.catchup.gap = 1000 (default)
2019-10-11 04:54:53,020 [3452dafe-7a7c-46b8-888b-6c48499d0560@group-CDD987D740BD:LeaderElection21] INFO  server.RaftServerConfigKeys (ConfUtils.java:logGet(43)) - raft.server.rpc.sleep.time = 25ms (default)
2019-10-11 04:54:53,020 [3452dafe-7a7c-46b8-888b-6c48499d0560@group-CDD987D740BD:LeaderElection21] INFO  server.RaftServerConfigKeys (ConfUtils.java:logGet(43)) - raft.server.write.element-limit = 4096 (default)
2019-10-11 04:54:53,020 [3452dafe-7a7c-46b8-888b-6c48499d0560@group-CDD987D740BD:LeaderElection21] INFO  server.RaftServerConfigKeys (ConfUtils.java:logGet(43)) - raft.server.watch.timeout = 10s (default)
2019-10-11 04:54:53,021 [3452dafe-7a7c-46b8-888b-6c48499d0560@group-CDD987D740BD:LeaderElection21] INFO  server.RaftServerConfigKeys (ConfUtils.java:logGet(43)) - raft.server.watch.timeout.denomination = 1s (default)
2019-10-11 04:54:53,021 [3452dafe-7a7c-46b8-888b-6c48499d0560@group-CDD987D740BD:LeaderElection21] INFO  server.RaftServerConfigKeys (ConfUtils.java:logGet(43)) - raft.server.watch.element-limit = 65536 (default)
2019-10-11 04:54:53,024 [3452dafe-7a7c-46b8-888b-6c48499d0560@group-CDD987D740BD:LeaderElection21] INFO  server.RaftServerConfigKeys (ConfUtils.java:logGet(43)) - raft.server.log.appender.snapshot.chunk.size.max = 16MB (=16777216) (default)
2019-10-11 04:54:53,024 [3452dafe-7a7c-46b8-888b-6c48499d0560@group-CDD987D740BD:LeaderElection21] INFO  server.RaftServerConfigKeys (ConfUtils.java:logGet(43)) - raft.server.log.appender.buffer.byte-limit = 33554432 (custom)
2019-10-11 04:54:53,025 [3452dafe-7a7c-46b8-888b-6c48499d0560@group-CDD987D740BD:LeaderElection21] INFO  server.RaftServerConfigKeys (ConfUtils.java:logGet(43)) - raft.server.log.appender.buffer.element-limit = 1 (custom)
2019-10-11 04:54:53,025 [3452dafe-7a7c-46b8-888b-6c48499d0560@group-CDD987D740BD:LeaderElection21] INFO  grpc.GrpcConfigKeys$Server (ConfUtils.java:logGet(43)) - raft.grpc.server.leader.outstanding.appends.max = 128 (default)
2019-10-11 04:54:53,025 [3452dafe-7a7c-46b8-888b-6c48499d0560@group-CDD987D740BD:LeaderElection21] INFO  server.RaftServerConfigKeys (ConfUtils.java:logGet(43)) - raft.server.rpc.request.timeout = 3000ms (default)
2019-10-11 04:54:53,025 [3452dafe-7a7c-46b8-888b-6c48499d0560@group-CDD987D740BD:LeaderElection21] INFO  server.RaftServerConfigKeys (ConfUtils.java:logGet(43)) - raft.server.log.appender.install.snapshot.enabled = false (custom)
2019-10-11 04:54:53,026 [3452dafe-7a7c-46b8-888b-6c48499d0560@group-CDD987D740BD:LeaderElection21] INFO  server.RaftServerConfigKeys (ConfUtils.java:logGet(43)) - raft.server.log.appender.snapshot.chunk.size.max = 16MB (=16777216) (default)
2019-10-11 04:54:53,026 [3452dafe-7a7c-46b8-888b-6c48499d0560@group-CDD987D740BD:LeaderElection21] INFO  server.RaftServerConfigKeys (ConfUtils.java:logGet(43)) - raft.server.log.appender.buffer.byte-limit = 33554432 (custom)
2019-10-11 04:54:53,026 [3452dafe-7a7c-46b8-888b-6c48499d0560@group-CDD987D740BD:LeaderElection21] INFO  server.RaftServerConfigKeys (ConfUtils.java:logGet(43)) - raft.server.log.appender.buffer.element-limit = 1 (custom)
2019-10-11 04:54:53,027 [3452dafe-7a7c-46b8-888b-6c48499d0560@group-CDD987D740BD:LeaderElection21] INFO  grpc.GrpcConfigKeys$Server (ConfUtils.java:logGet(43)) - raft.grpc.server.leader.outstanding.appends.max = 128 (default)
2019-10-11 04:54:53,027 [3452dafe-7a7c-46b8-888b-6c48499d0560@group-CDD987D740BD:LeaderElection21] INFO  server.RaftServerConfigKeys (ConfUtils.java:logGet(43)) - raft.server.rpc.request.timeout = 3000ms (default)
2019-10-11 04:54:53,027 [3452dafe-7a7c-46b8-888b-6c48499d0560@group-CDD987D740BD:LeaderElection21] INFO  server.RaftServerConfigKeys (ConfUtils.java:logGet(43)) - raft.server.log.appender.install.snapshot.enabled = false (custom)
2019-10-11 04:54:53,027 [3452dafe-7a7c-46b8-888b-6c48499d0560@group-CDD987D740BD:LeaderElection21] INFO  impl.RoleInfo (RoleInfo.java:updateAndGet(143)) - 3452dafe-7a7c-46b8-888b-6c48499d0560: start LeaderState
2019-10-11 04:54:53,028 [3452dafe-7a7c-46b8-888b-6c48499d0560@group-CDD987D740BD:LeaderElection21] INFO  segmented.SegmentedRaftLogWorker (SegmentedRaftLogWorker.java:startLogSegment(380)) - 3452dafe-7a7c-46b8-888b-6c48499d0560@group-CDD987D740BD-SegmentedRaftLogWorker: Starting segment from index:0
2019-10-11 04:54:53,032 [3452dafe-7a7c-46b8-888b-6c48499d0560@group-CDD987D740BD:LeaderElection21] INFO  impl.RaftServerImpl (ServerState.java:setRaftConf(354)) - 3452dafe-7a7c-46b8-888b-6c48499d0560@group-CDD987D740BD: set configuration 0: [45dc940c-71f1-4cb7-b25b-a82b712b179d:192.168.157.200:43469, 3c863a86-f0e0-4c2a-8b91-a8d0f68ec9e3:192.168.157.200:33160, 3452dafe-7a7c-46b8-888b-6c48499d0560:192.168.157.200:37763], old=null at 0
2019-10-11 04:54:53,073 [grpc-default-executor-5] INFO  impl.RaftServerImpl (ServerState.java:setLeader(253)) - 45dc940c-71f1-4cb7-b25b-a82b712b179d@group-CDD987D740BD: change Leader from null to 3452dafe-7a7c-46b8-888b-6c48499d0560 at term 2 for appendEntries, leader elected after 2536ms
2019-10-11 04:54:53,075 [grpc-default-executor-3] INFO  impl.RaftServerImpl (ServerState.java:setLeader(253)) - 3c863a86-f0e0-4c2a-8b91-a8d0f68ec9e3@group-CDD987D740BD: change Leader from null to 3452dafe-7a7c-46b8-888b-6c48499d0560 at term 2 for appendEntries, leader elected after 2536ms
2019-10-11 04:54:53,079 [grpc-default-executor-3] INFO  impl.RaftServerImpl (ServerState.java:setRaftConf(354)) - 3c863a86-f0e0-4c2a-8b91-a8d0f68ec9e3@group-CDD987D740BD: set configuration 0: [45dc940c-71f1-4cb7-b25b-a82b712b179d:192.168.157.200:43469, 3c863a86-f0e0-4c2a-8b91-a8d0f68ec9e3:192.168.157.200:33160, 3452dafe-7a7c-46b8-888b-6c48499d0560:192.168.157.200:37763], old=null at 0
2019-10-11 04:54:53,079 [grpc-default-executor-5] INFO  impl.RaftServerImpl (ServerState.java:setRaftConf(354)) - 45dc940c-71f1-4cb7-b25b-a82b712b179d@group-CDD987D740BD: set configuration 0: [45dc940c-71f1-4cb7-b25b-a82b712b179d:192.168.157.200:43469, 3c863a86-f0e0-4c2a-8b91-a8d0f68ec9e3:192.168.157.200:33160, 3452dafe-7a7c-46b8-888b-6c48499d0560:192.168.157.200:37763], old=null at 0
2019-10-11 04:54:53,080 [grpc-default-executor-3] INFO  segmented.SegmentedRaftLogWorker (SegmentedRaftLogWorker.java:startLogSegment(380)) - 3c863a86-f0e0-4c2a-8b91-a8d0f68ec9e3@group-CDD987D740BD-SegmentedRaftLogWorker: Starting segment from index:0
2019-10-11 04:54:53,080 [grpc-default-executor-5] INFO  segmented.SegmentedRaftLogWorker (SegmentedRaftLogWorker.java:startLogSegment(380)) - 45dc940c-71f1-4cb7-b25b-a82b712b179d@group-CDD987D740BD-SegmentedRaftLogWorker: Starting segment from index:0
2019-10-11 04:54:53,083 [3452dafe-7a7c-46b8-888b-6c48499d0560@group-CDD987D740BD-SegmentedRaftLogWorker] INFO  segmented.SegmentedRaftLogWorker (SegmentedRaftLogWorker.java:execute(569)) - 3452dafe-7a7c-46b8-888b-6c48499d0560@group-CDD987D740BD-SegmentedRaftLogWorker: created new log segment /workdir/hadoop-ozone/integration-test/target/test-dir/MiniOzoneClusterImpl-44c36d6d-90e1-4198-8449-e8899faa44e9/datanode-6/data/ratis/4012de3a-cf5d-4f97-8dd3-cdd987d740bd/current/log_inprogress_0
2019-10-11 04:54:53,104 [Thread-360] INFO  impl.FollowerState (FollowerState.java:run(106)) - 85dedb5c-0475-48d6-91a5-f8922a1c9690:group-6EB4CB2E655A changes to CANDIDATE, lastRpcTime:1038, electionTimeout:1036ms
2019-10-11 04:54:53,104 [Thread-360] INFO  impl.RoleInfo (RoleInfo.java:shutdownFollowerState(121)) - 85dedb5c-0475-48d6-91a5-f8922a1c9690: shutdown FollowerState
2019-10-11 04:54:53,104 [Thread-360] INFO  impl.RaftServerImpl (RaftServerImpl.java:setRole(174)) - 85dedb5c-0475-48d6-91a5-f8922a1c9690@group-6EB4CB2E655A: changes role from  FOLLOWER to CANDIDATE at term 1 for changeToCandidate
2019-10-11 04:54:53,105 [Thread-360] INFO  impl.RoleInfo (RoleInfo.java:updateAndGet(143)) - 85dedb5c-0475-48d6-91a5-f8922a1c9690: start LeaderElection
2019-10-11 04:54:53,124 [Thread-359] INFO  impl.FollowerState (FollowerState.java:run(106)) - af93d71e-9597-43d1-a0d9-fd03e0850daa:group-6EB4CB2E655A changes to CANDIDATE, lastRpcTime:1065, electionTimeout:1058ms
2019-10-11 04:54:53,124 [Thread-359] INFO  impl.RoleInfo (RoleInfo.java:shutdownFollowerState(121)) - af93d71e-9597-43d1-a0d9-fd03e0850daa: shutdown FollowerState
2019-10-11 04:54:53,124 [Thread-359] INFO  impl.RaftServerImpl (RaftServerImpl.java:setRole(174)) - af93d71e-9597-43d1-a0d9-fd03e0850daa@group-6EB4CB2E655A: changes role from  FOLLOWER to CANDIDATE at term 1 for changeToCandidate
2019-10-11 04:54:53,125 [Thread-359] INFO  impl.RoleInfo (RoleInfo.java:updateAndGet(143)) - af93d71e-9597-43d1-a0d9-fd03e0850daa: start LeaderElection
2019-10-11 04:54:53,137 [45dc940c-71f1-4cb7-b25b-a82b712b179d@group-CDD987D740BD-SegmentedRaftLogWorker] INFO  segmented.SegmentedRaftLogWorker (SegmentedRaftLogWorker.java:execute(569)) - 45dc940c-71f1-4cb7-b25b-a82b712b179d@group-CDD987D740BD-SegmentedRaftLogWorker: created new log segment /workdir/hadoop-ozone/integration-test/target/test-dir/MiniOzoneClusterImpl-44c36d6d-90e1-4198-8449-e8899faa44e9/datanode-2/data/ratis/4012de3a-cf5d-4f97-8dd3-cdd987d740bd/current/log_inprogress_0
2019-10-11 04:54:53,137 [3c863a86-f0e0-4c2a-8b91-a8d0f68ec9e3@group-CDD987D740BD-SegmentedRaftLogWorker] INFO  segmented.SegmentedRaftLogWorker (SegmentedRaftLogWorker.java:execute(569)) - 3c863a86-f0e0-4c2a-8b91-a8d0f68ec9e3@group-CDD987D740BD-SegmentedRaftLogWorker: created new log segment /workdir/hadoop-ozone/integration-test/target/test-dir/MiniOzoneClusterImpl-44c36d6d-90e1-4198-8449-e8899faa44e9/datanode-4/data/ratis/4012de3a-cf5d-4f97-8dd3-cdd987d740bd/current/log_inprogress_0
2019-10-11 04:54:53,137 [af93d71e-9597-43d1-a0d9-fd03e0850daa@group-6EB4CB2E655A:LeaderElection23] INFO  impl.LeaderElection (LeaderElection.java:askForVotes(182)) - af93d71e-9597-43d1-a0d9-fd03e0850daa@group-6EB4CB2E655A:LeaderElection23: begin an election at term 2 for -1: [f486f1b0-a775-4c38-857e-a3674efc25f6:192.168.157.200:46251, 85dedb5c-0475-48d6-91a5-f8922a1c9690:192.168.157.200:34929, af93d71e-9597-43d1-a0d9-fd03e0850daa:192.168.157.200:36925], old=null
2019-10-11 04:54:53,137 [85dedb5c-0475-48d6-91a5-f8922a1c9690@group-6EB4CB2E655A:LeaderElection22] INFO  impl.LeaderElection (LeaderElection.java:askForVotes(182)) - 85dedb5c-0475-48d6-91a5-f8922a1c9690@group-6EB4CB2E655A:LeaderElection22: begin an election at term 2 for -1: [f486f1b0-a775-4c38-857e-a3674efc25f6:192.168.157.200:46251, 85dedb5c-0475-48d6-91a5-f8922a1c9690:192.168.157.200:34929, af93d71e-9597-43d1-a0d9-fd03e0850daa:192.168.157.200:36925], old=null
2019-10-11 04:54:53,142 [grpc-default-executor-3] INFO  impl.RaftServerImpl (RaftServerImpl.java:setRole(174)) - f486f1b0-a775-4c38-857e-a3674efc25f6@group-6EB4CB2E655A: changes role from  FOLLOWER to FOLLOWER at term 2 for recognizeCandidate:af93d71e-9597-43d1-a0d9-fd03e0850daa
2019-10-11 04:54:53,143 [grpc-default-executor-3] INFO  impl.RoleInfo (RoleInfo.java:shutdownFollowerState(121)) - f486f1b0-a775-4c38-857e-a3674efc25f6: shutdown FollowerState
2019-10-11 04:54:53,143 [grpc-default-executor-3] INFO  impl.RoleInfo (RoleInfo.java:updateAndGet(143)) - f486f1b0-a775-4c38-857e-a3674efc25f6: start FollowerState
2019-10-11 04:54:53,143 [Thread-363] INFO  impl.FollowerState (FollowerState.java:run(115)) - f486f1b0-a775-4c38-857e-a3674efc25f6: FollowerState was interrupted: java.lang.InterruptedException: sleep interrupted
2019-10-11 04:54:53,153 [af93d71e-9597-43d1-a0d9-fd03e0850daa@group-6EB4CB2E655A:LeaderElection23] INFO  impl.LeaderElection (LeaderElection.java:logAndReturn(56)) - af93d71e-9597-43d1-a0d9-fd03e0850daa@group-6EB4CB2E655A:LeaderElection23: Election PASSED; received 2 response(s) [af93d71e-9597-43d1-a0d9-fd03e0850daa<-f486f1b0-a775-4c38-857e-a3674efc25f6#0:OK-t2, af93d71e-9597-43d1-a0d9-fd03e0850daa<-85dedb5c-0475-48d6-91a5-f8922a1c9690#0:FAIL-t2] and 0 exception(s); af93d71e-9597-43d1-a0d9-fd03e0850daa@group-6EB4CB2E655A:t2, leader=null, voted=af93d71e-9597-43d1-a0d9-fd03e0850daa, raftlog=af93d71e-9597-43d1-a0d9-fd03e0850daa@group-6EB4CB2E655A-SegmentedRaftLog:OPENED:c-1,f-1,i0, conf=-1: [f486f1b0-a775-4c38-857e-a3674efc25f6:192.168.157.200:46251, 85dedb5c-0475-48d6-91a5-f8922a1c9690:192.168.157.200:34929, af93d71e-9597-43d1-a0d9-fd03e0850daa:192.168.157.200:36925], old=null
2019-10-11 04:54:53,153 [af93d71e-9597-43d1-a0d9-fd03e0850daa@group-6EB4CB2E655A:LeaderElection23] INFO  impl.RoleInfo (RoleInfo.java:shutdownLeaderElection(134)) - af93d71e-9597-43d1-a0d9-fd03e0850daa: shutdown LeaderElection
2019-10-11 04:54:53,153 [85dedb5c-0475-48d6-91a5-f8922a1c9690@group-6EB4CB2E655A:LeaderElection22] INFO  impl.LeaderElection (LeaderElection.java:logAndReturn(56)) - 85dedb5c-0475-48d6-91a5-f8922a1c9690@group-6EB4CB2E655A:LeaderElection22: Election REJECTED; received 2 response(s) [85dedb5c-0475-48d6-91a5-f8922a1c9690<-f486f1b0-a775-4c38-857e-a3674efc25f6#0:FAIL-t2, 85dedb5c-0475-48d6-91a5-f8922a1c9690<-af93d71e-9597-43d1-a0d9-fd03e0850daa#0:FAIL-t2] and 0 exception(s); 85dedb5c-0475-48d6-91a5-f8922a1c9690@group-6EB4CB2E655A:t2, leader=null, voted=85dedb5c-0475-48d6-91a5-f8922a1c9690, raftlog=85dedb5c-0475-48d6-91a5-f8922a1c9690@group-6EB4CB2E655A-SegmentedRaftLog:OPENED:c-1,f-1,i0, conf=-1: [f486f1b0-a775-4c38-857e-a3674efc25f6:192.168.157.200:46251, 85dedb5c-0475-48d6-91a5-f8922a1c9690:192.168.157.200:34929, af93d71e-9597-43d1-a0d9-fd03e0850daa:192.168.157.200:36925], old=null
2019-10-11 04:54:53,155 [af93d71e-9597-43d1-a0d9-fd03e0850daa@group-6EB4CB2E655A:LeaderElection23] INFO  impl.RaftServerImpl (RaftServerImpl.java:setRole(174)) - af93d71e-9597-43d1-a0d9-fd03e0850daa@group-6EB4CB2E655A: changes role from CANDIDATE to LEADER at term 2 for changeToLeader
2019-10-11 04:54:53,155 [Thread-361] INFO  impl.FollowerState (FollowerState.java:run(106)) - 85dedb5c-0475-48d6-91a5-f8922a1c9690:group-B594624CFC31 changes to CANDIDATE, lastRpcTime:1087, electionTimeout:1086ms
2019-10-11 04:54:53,156 [af93d71e-9597-43d1-a0d9-fd03e0850daa@group-6EB4CB2E655A:LeaderElection23] INFO  impl.RaftServerImpl (ServerState.java:setLeader(253)) - af93d71e-9597-43d1-a0d9-fd03e0850daa@group-6EB4CB2E655A: change Leader from null to af93d71e-9597-43d1-a0d9-fd03e0850daa at term 2 for becomeLeader, leader elected after 2403ms
2019-10-11 04:54:53,156 [85dedb5c-0475-48d6-91a5-f8922a1c9690@group-6EB4CB2E655A:LeaderElection22] INFO  impl.RaftServerImpl (RaftServerImpl.java:setRole(174)) - 85dedb5c-0475-48d6-91a5-f8922a1c9690@group-6EB4CB2E655A: changes role from CANDIDATE to FOLLOWER at term 2 for DISCOVERED_A_NEW_TERM
2019-10-11 04:54:53,158 [af93d71e-9597-43d1-a0d9-fd03e0850daa@group-6EB4CB2E655A:LeaderElection23] INFO  server.RaftServerConfigKeys (ConfUtils.java:logGet(43)) - raft.server.staging.catchup.gap = 1000 (default)
2019-10-11 04:54:53,158 [Thread-361] INFO  impl.RoleInfo (RoleInfo.java:shutdownFollowerState(121)) - 85dedb5c-0475-48d6-91a5-f8922a1c9690: shutdown FollowerState
2019-10-11 04:54:53,158 [af93d71e-9597-43d1-a0d9-fd03e0850daa@group-6EB4CB2E655A:LeaderElection23] INFO  server.RaftServerConfigKeys (ConfUtils.java:logGet(43)) - raft.server.rpc.sleep.time = 25ms (default)
2019-10-11 04:54:53,158 [85dedb5c-0475-48d6-91a5-f8922a1c9690@group-6EB4CB2E655A:LeaderElection22] INFO  impl.RoleInfo (RoleInfo.java:shutdownLeaderElection(134)) - 85dedb5c-0475-48d6-91a5-f8922a1c9690: shutdown LeaderElection
2019-10-11 04:54:53,159 [af93d71e-9597-43d1-a0d9-fd03e0850daa@group-6EB4CB2E655A:LeaderElection23] INFO  server.RaftServerConfigKeys (ConfUtils.java:logGet(43)) - raft.server.write.element-limit = 4096 (default)
2019-10-11 04:54:53,159 [Thread-361] INFO  impl.RaftServerImpl (RaftServerImpl.java:setRole(174)) - 85dedb5c-0475-48d6-91a5-f8922a1c9690@group-B594624CFC31: changes role from  FOLLOWER to CANDIDATE at term 1 for changeToCandidate
2019-10-11 04:54:53,159 [af93d71e-9597-43d1-a0d9-fd03e0850daa@group-6EB4CB2E655A:LeaderElection23] INFO  server.RaftServerConfigKeys (ConfUtils.java:logGet(43)) - raft.server.watch.timeout = 10s (default)
2019-10-11 04:54:53,159 [Thread-361] INFO  impl.RoleInfo (RoleInfo.java:updateAndGet(143)) - 85dedb5c-0475-48d6-91a5-f8922a1c9690: start LeaderElection
2019-10-11 04:54:53,159 [85dedb5c-0475-48d6-91a5-f8922a1c9690@group-6EB4CB2E655A:LeaderElection22] INFO  impl.RoleInfo (RoleInfo.java:updateAndGet(143)) - 85dedb5c-0475-48d6-91a5-f8922a1c9690: start FollowerState
2019-10-11 04:54:53,159 [af93d71e-9597-43d1-a0d9-fd03e0850daa@group-6EB4CB2E655A:LeaderElection23] INFO  server.RaftServerConfigKeys (ConfUtils.java:logGet(43)) - raft.server.watch.timeout.denomination = 1s (default)
2019-10-11 04:54:53,160 [af93d71e-9597-43d1-a0d9-fd03e0850daa@group-6EB4CB2E655A:LeaderElection23] INFO  server.RaftServerConfigKeys (ConfUtils.java:logGet(43)) - raft.server.watch.element-limit = 65536 (default)
2019-10-11 04:54:53,166 [af93d71e-9597-43d1-a0d9-fd03e0850daa@group-6EB4CB2E655A:LeaderElection23] INFO  server.RaftServerConfigKeys (ConfUtils.java:logGet(43)) - raft.server.log.appender.snapshot.chunk.size.max = 16MB (=16777216) (default)
2019-10-11 04:54:53,167 [af93d71e-9597-43d1-a0d9-fd03e0850daa@group-6EB4CB2E655A:LeaderElection23] INFO  server.RaftServerConfigKeys (ConfUtils.java:logGet(43)) - raft.server.log.appender.buffer.byte-limit = 33554432 (custom)
2019-10-11 04:54:53,167 [af93d71e-9597-43d1-a0d9-fd03e0850daa@group-6EB4CB2E655A:LeaderElection23] INFO  server.RaftServerConfigKeys (ConfUtils.java:logGet(43)) - raft.server.log.appender.buffer.element-limit = 1 (custom)
2019-10-11 04:54:53,167 [af93d71e-9597-43d1-a0d9-fd03e0850daa@group-6EB4CB2E655A:LeaderElection23] INFO  grpc.GrpcConfigKeys$Server (ConfUtils.java:logGet(43)) - raft.grpc.server.leader.outstanding.appends.max = 128 (default)
2019-10-11 04:54:53,167 [af93d71e-9597-43d1-a0d9-fd03e0850daa@group-6EB4CB2E655A:LeaderElection23] INFO  server.RaftServerConfigKeys (ConfUtils.java:logGet(43)) - raft.server.rpc.request.timeout = 3000ms (default)
2019-10-11 04:54:53,167 [af93d71e-9597-43d1-a0d9-fd03e0850daa@group-6EB4CB2E655A:LeaderElection23] INFO  server.RaftServerConfigKeys (ConfUtils.java:logGet(43)) - raft.server.log.appender.install.snapshot.enabled = false (custom)
2019-10-11 04:54:53,168 [af93d71e-9597-43d1-a0d9-fd03e0850daa@group-6EB4CB2E655A:LeaderElection23] INFO  server.RaftServerConfigKeys (ConfUtils.java:logGet(43)) - raft.server.log.appender.snapshot.chunk.size.max = 16MB (=16777216) (default)
2019-10-11 04:54:53,168 [af93d71e-9597-43d1-a0d9-fd03e0850daa@group-6EB4CB2E655A:LeaderElection23] INFO  server.RaftServerConfigKeys (ConfUtils.java:logGet(43)) - raft.server.log.appender.buffer.byte-limit = 33554432 (custom)
2019-10-11 04:54:53,168 [af93d71e-9597-43d1-a0d9-fd03e0850daa@group-6EB4CB2E655A:LeaderElection23] INFO  server.RaftServerConfigKeys (ConfUtils.java:logGet(43)) - raft.server.log.appender.buffer.element-limit = 1 (custom)
2019-10-11 04:54:53,168 [af93d71e-9597-43d1-a0d9-fd03e0850daa@group-6EB4CB2E655A:LeaderElection23] INFO  grpc.GrpcConfigKeys$Server (ConfUtils.java:logGet(43)) - raft.grpc.server.leader.outstanding.appends.max = 128 (default)
2019-10-11 04:54:53,168 [af93d71e-9597-43d1-a0d9-fd03e0850daa@group-6EB4CB2E655A:LeaderElection23] INFO  server.RaftServerConfigKeys (ConfUtils.java:logGet(43)) - raft.server.rpc.request.timeout = 3000ms (default)
2019-10-11 04:54:53,168 [af93d71e-9597-43d1-a0d9-fd03e0850daa@group-6EB4CB2E655A:LeaderElection23] INFO  server.RaftServerConfigKeys (ConfUtils.java:logGet(43)) - raft.server.log.appender.install.snapshot.enabled = false (custom)
2019-10-11 04:54:53,169 [af93d71e-9597-43d1-a0d9-fd03e0850daa@group-6EB4CB2E655A:LeaderElection23] INFO  impl.RoleInfo (RoleInfo.java:updateAndGet(143)) - af93d71e-9597-43d1-a0d9-fd03e0850daa: start LeaderState
2019-10-11 04:54:53,169 [af93d71e-9597-43d1-a0d9-fd03e0850daa@group-6EB4CB2E655A:LeaderElection23] INFO  segmented.SegmentedRaftLogWorker (SegmentedRaftLogWorker.java:startLogSegment(380)) - af93d71e-9597-43d1-a0d9-fd03e0850daa@group-6EB4CB2E655A-SegmentedRaftLogWorker: Starting segment from index:0
2019-10-11 04:54:53,170 [af93d71e-9597-43d1-a0d9-fd03e0850daa@group-6EB4CB2E655A:LeaderElection23] INFO  impl.RaftServerImpl (ServerState.java:setRaftConf(354)) - af93d71e-9597-43d1-a0d9-fd03e0850daa@group-6EB4CB2E655A: set configuration 0: [f486f1b0-a775-4c38-857e-a3674efc25f6:192.168.157.200:46251, 85dedb5c-0475-48d6-91a5-f8922a1c9690:192.168.157.200:34929, af93d71e-9597-43d1-a0d9-fd03e0850daa:192.168.157.200:36925], old=null at 0
2019-10-11 04:54:53,204 [Thread-358] INFO  impl.FollowerState (FollowerState.java:run(106)) - af93d71e-9597-43d1-a0d9-fd03e0850daa:group-B594624CFC31 changes to CANDIDATE, lastRpcTime:1145, electionTimeout:1117ms
2019-10-11 04:54:53,204 [85dedb5c-0475-48d6-91a5-f8922a1c9690@group-B594624CFC31:LeaderElection24] INFO  impl.LeaderElection (LeaderElection.java:askForVotes(182)) - 85dedb5c-0475-48d6-91a5-f8922a1c9690@group-B594624CFC31:LeaderElection24: begin an election at term 2 for -1: [f486f1b0-a775-4c38-857e-a3674efc25f6:192.168.157.200:46251, 85dedb5c-0475-48d6-91a5-f8922a1c9690:192.168.157.200:34929, af93d71e-9597-43d1-a0d9-fd03e0850daa:192.168.157.200:36925], old=null
2019-10-11 04:54:53,204 [Thread-358] INFO  impl.RoleInfo (RoleInfo.java:shutdownFollowerState(121)) - af93d71e-9597-43d1-a0d9-fd03e0850daa: shutdown FollowerState
2019-10-11 04:54:53,204 [Thread-358] INFO  impl.RaftServerImpl (RaftServerImpl.java:setRole(174)) - af93d71e-9597-43d1-a0d9-fd03e0850daa@group-B594624CFC31: changes role from  FOLLOWER to CANDIDATE at term 1 for changeToCandidate
2019-10-11 04:54:53,205 [Thread-358] INFO  impl.RoleInfo (RoleInfo.java:updateAndGet(143)) - af93d71e-9597-43d1-a0d9-fd03e0850daa: start LeaderElection
2019-10-11 04:54:53,209 [grpc-default-executor-4] INFO  impl.RaftServerImpl (ServerState.java:setLeader(253)) - f486f1b0-a775-4c38-857e-a3674efc25f6@group-6EB4CB2E655A: change Leader from null to af93d71e-9597-43d1-a0d9-fd03e0850daa at term 2 for appendEntries, leader elected after 2456ms
2019-10-11 04:54:53,209 [grpc-default-executor-3] INFO  impl.RaftServerImpl (ServerState.java:setLeader(253)) - 85dedb5c-0475-48d6-91a5-f8922a1c9690@group-6EB4CB2E655A: change Leader from null to af93d71e-9597-43d1-a0d9-fd03e0850daa at term 2 for appendEntries, leader elected after 2457ms
2019-10-11 04:54:53,211 [grpc-default-executor-4] INFO  impl.RaftServerImpl (RaftServerImpl.java:setRole(174)) - f486f1b0-a775-4c38-857e-a3674efc25f6@group-B594624CFC31: changes role from  FOLLOWER to FOLLOWER at term 2 for recognizeCandidate:85dedb5c-0475-48d6-91a5-f8922a1c9690
2019-10-11 04:54:53,211 [grpc-default-executor-4] INFO  impl.RoleInfo (RoleInfo.java:shutdownFollowerState(121)) - f486f1b0-a775-4c38-857e-a3674efc25f6: shutdown FollowerState
2019-10-11 04:54:53,211 [grpc-default-executor-4] INFO  impl.RoleInfo (RoleInfo.java:updateAndGet(143)) - f486f1b0-a775-4c38-857e-a3674efc25f6: start FollowerState
2019-10-11 04:54:53,211 [Thread-362] INFO  impl.FollowerState (FollowerState.java:run(115)) - f486f1b0-a775-4c38-857e-a3674efc25f6: FollowerState was interrupted: java.lang.InterruptedException: sleep interrupted
2019-10-11 04:54:53,216 [af93d71e-9597-43d1-a0d9-fd03e0850daa@group-6EB4CB2E655A-SegmentedRaftLogWorker] INFO  segmented.SegmentedRaftLogWorker (SegmentedRaftLogWorker.java:execute(569)) - af93d71e-9597-43d1-a0d9-fd03e0850daa@group-6EB4CB2E655A-SegmentedRaftLogWorker: created new log segment /workdir/hadoop-ozone/integration-test/target/test-dir/MiniOzoneClusterImpl-44c36d6d-90e1-4198-8449-e8899faa44e9/datanode-3/data/ratis/cfc2e356-49e6-4ca6-97b8-6eb4cb2e655a/current/log_inprogress_0
2019-10-11 04:54:53,217 [af93d71e-9597-43d1-a0d9-fd03e0850daa@group-B594624CFC31:LeaderElection25] INFO  impl.LeaderElection (LeaderElection.java:askForVotes(182)) - af93d71e-9597-43d1-a0d9-fd03e0850daa@group-B594624CFC31:LeaderElection25: begin an election at term 2 for -1: [f486f1b0-a775-4c38-857e-a3674efc25f6:192.168.157.200:46251, 85dedb5c-0475-48d6-91a5-f8922a1c9690:192.168.157.200:34929, af93d71e-9597-43d1-a0d9-fd03e0850daa:192.168.157.200:36925], old=null
2019-10-11 04:54:53,217 [grpc-default-executor-5] INFO  impl.RaftServerImpl (ServerState.java:setRaftConf(354)) - f486f1b0-a775-4c38-857e-a3674efc25f6@group-6EB4CB2E655A: set configuration 0: [f486f1b0-a775-4c38-857e-a3674efc25f6:192.168.157.200:46251, 85dedb5c-0475-48d6-91a5-f8922a1c9690:192.168.157.200:34929, af93d71e-9597-43d1-a0d9-fd03e0850daa:192.168.157.200:36925], old=null at 0
2019-10-11 04:54:53,217 [grpc-default-executor-1] INFO  impl.RaftServerImpl (ServerState.java:setRaftConf(354)) - 85dedb5c-0475-48d6-91a5-f8922a1c9690@group-6EB4CB2E655A: set configuration 0: [f486f1b0-a775-4c38-857e-a3674efc25f6:192.168.157.200:46251, 85dedb5c-0475-48d6-91a5-f8922a1c9690:192.168.157.200:34929, af93d71e-9597-43d1-a0d9-fd03e0850daa:192.168.157.200:36925], old=null at 0
2019-10-11 04:54:53,217 [grpc-default-executor-5] INFO  segmented.SegmentedRaftLogWorker (SegmentedRaftLogWorker.java:startLogSegment(380)) - f486f1b0-a775-4c38-857e-a3674efc25f6@group-6EB4CB2E655A-SegmentedRaftLogWorker: Starting segment from index:0
2019-10-11 04:54:53,217 [grpc-default-executor-1] INFO  segmented.SegmentedRaftLogWorker (SegmentedRaftLogWorker.java:startLogSegment(380)) - 85dedb5c-0475-48d6-91a5-f8922a1c9690@group-6EB4CB2E655A-SegmentedRaftLogWorker: Starting segment from index:0
2019-10-11 04:54:53,222 [85dedb5c-0475-48d6-91a5-f8922a1c9690@group-B594624CFC31:LeaderElection24] INFO  impl.LeaderElection (LeaderElection.java:logAndReturn(56)) - 85dedb5c-0475-48d6-91a5-f8922a1c9690@group-B594624CFC31:LeaderElection24: Election PASSED; received 2 response(s) [85dedb5c-0475-48d6-91a5-f8922a1c9690<-f486f1b0-a775-4c38-857e-a3674efc25f6#0:OK-t2, 85dedb5c-0475-48d6-91a5-f8922a1c9690<-af93d71e-9597-43d1-a0d9-fd03e0850daa#0:FAIL-t2] and 0 exception(s); 85dedb5c-0475-48d6-91a5-f8922a1c9690@group-B594624CFC31:t2, leader=null, voted=85dedb5c-0475-48d6-91a5-f8922a1c9690, raftlog=85dedb5c-0475-48d6-91a5-f8922a1c9690@group-B594624CFC31-SegmentedRaftLog:OPENED:c-1,f-1,i0, conf=-1: [f486f1b0-a775-4c38-857e-a3674efc25f6:192.168.157.200:46251, 85dedb5c-0475-48d6-91a5-f8922a1c9690:192.168.157.200:34929, af93d71e-9597-43d1-a0d9-fd03e0850daa:192.168.157.200:36925], old=null
2019-10-11 04:54:53,222 [85dedb5c-0475-48d6-91a5-f8922a1c9690@group-B594624CFC31:LeaderElection24] INFO  impl.RoleInfo (RoleInfo.java:shutdownLeaderElection(134)) - 85dedb5c-0475-48d6-91a5-f8922a1c9690: shutdown LeaderElection
2019-10-11 04:54:53,259 [85dedb5c-0475-48d6-91a5-f8922a1c9690@group-B594624CFC31:LeaderElection24] INFO  impl.RaftServerImpl (RaftServerImpl.java:setRole(174)) - 85dedb5c-0475-48d6-91a5-f8922a1c9690@group-B594624CFC31: changes role from CANDIDATE to LEADER at term 2 for changeToLeader
2019-10-11 04:54:53,259 [85dedb5c-0475-48d6-91a5-f8922a1c9690@group-B594624CFC31:LeaderElection24] INFO  impl.RaftServerImpl (ServerState.java:setLeader(253)) - 85dedb5c-0475-48d6-91a5-f8922a1c9690@group-B594624CFC31: change Leader from null to 85dedb5c-0475-48d6-91a5-f8922a1c9690 at term 2 for becomeLeader, leader elected after 2607ms
2019-10-11 04:54:53,259 [85dedb5c-0475-48d6-91a5-f8922a1c9690@group-B594624CFC31:LeaderElection24] INFO  server.RaftServerConfigKeys (ConfUtils.java:logGet(43)) - raft.server.staging.catchup.gap = 1000 (default)
2019-10-11 04:54:53,259 [af93d71e-9597-43d1-a0d9-fd03e0850daa@group-B594624CFC31:LeaderElection25] INFO  impl.LeaderElection (LeaderElection.java:logAndReturn(56)) - af93d71e-9597-43d1-a0d9-fd03e0850daa@group-B594624CFC31:LeaderElection25: Election REJECTED; received 2 response(s) [af93d71e-9597-43d1-a0d9-fd03e0850daa<-f486f1b0-a775-4c38-857e-a3674efc25f6#0:FAIL-t2, af93d71e-9597-43d1-a0d9-fd03e0850daa<-85dedb5c-0475-48d6-91a5-f8922a1c9690#0:FAIL-t2] and 0 exception(s); af93d71e-9597-43d1-a0d9-fd03e0850daa@group-B594624CFC31:t2, leader=null, voted=af93d71e-9597-43d1-a0d9-fd03e0850daa, raftlog=af93d71e-9597-43d1-a0d9-fd03e0850daa@group-B594624CFC31-SegmentedRaftLog:OPENED:c-1,f-1,i0, conf=-1: [f486f1b0-a775-4c38-857e-a3674efc25f6:192.168.157.200:46251, 85dedb5c-0475-48d6-91a5-f8922a1c9690:192.168.157.200:34929, af93d71e-9597-43d1-a0d9-fd03e0850daa:192.168.157.200:36925], old=null
2019-10-11 04:54:53,259 [85dedb5c-0475-48d6-91a5-f8922a1c9690@group-B594624CFC31:LeaderElection24] INFO  server.RaftServerConfigKeys (ConfUtils.java:logGet(43)) - raft.server.rpc.sleep.time = 25ms (default)
2019-10-11 04:54:53,270 [af93d71e-9597-43d1-a0d9-fd03e0850daa@group-B594624CFC31:LeaderElection25] INFO  impl.RaftServerImpl (RaftServerImpl.java:setRole(174)) - af93d71e-9597-43d1-a0d9-fd03e0850daa@group-B594624CFC31: changes role from CANDIDATE to FOLLOWER at term 2 for DISCOVERED_A_NEW_TERM
2019-10-11 04:54:53,272 [85dedb5c-0475-48d6-91a5-f8922a1c9690@group-B594624CFC31:LeaderElection24] INFO  server.RaftServerConfigKeys (ConfUtils.java:logGet(43)) - raft.server.write.element-limit = 4096 (default)
2019-10-11 04:54:53,272 [85dedb5c-0475-48d6-91a5-f8922a1c9690@group-6EB4CB2E655A-SegmentedRaftLogWorker] INFO  segmented.SegmentedRaftLogWorker (SegmentedRaftLogWorker.java:execute(569)) - 85dedb5c-0475-48d6-91a5-f8922a1c9690@group-6EB4CB2E655A-SegmentedRaftLogWorker: created new log segment /workdir/hadoop-ozone/integration-test/target/test-dir/MiniOzoneClusterImpl-44c36d6d-90e1-4198-8449-e8899faa44e9/datanode-0/data/ratis/cfc2e356-49e6-4ca6-97b8-6eb4cb2e655a/current/log_inprogress_0
2019-10-11 04:54:53,272 [f486f1b0-a775-4c38-857e-a3674efc25f6@group-6EB4CB2E655A-SegmentedRaftLogWorker] INFO  segmented.SegmentedRaftLogWorker (SegmentedRaftLogWorker.java:execute(569)) - f486f1b0-a775-4c38-857e-a3674efc25f6@group-6EB4CB2E655A-SegmentedRaftLogWorker: created new log segment /workdir/hadoop-ozone/integration-test/target/test-dir/MiniOzoneClusterImpl-44c36d6d-90e1-4198-8449-e8899faa44e9/datanode-5/data/ratis/cfc2e356-49e6-4ca6-97b8-6eb4cb2e655a/current/log_inprogress_0
2019-10-11 04:54:53,273 [85dedb5c-0475-48d6-91a5-f8922a1c9690@group-B594624CFC31:LeaderElection24] INFO  server.RaftServerConfigKeys (ConfUtils.java:logGet(43)) - raft.server.watch.timeout = 10s (default)
2019-10-11 04:54:53,272 [af93d71e-9597-43d1-a0d9-fd03e0850daa@group-B594624CFC31:LeaderElection25] INFO  impl.RoleInfo (RoleInfo.java:shutdownLeaderElection(134)) - af93d71e-9597-43d1-a0d9-fd03e0850daa: shutdown LeaderElection
2019-10-11 04:54:53,273 [85dedb5c-0475-48d6-91a5-f8922a1c9690@group-B594624CFC31:LeaderElection24] INFO  server.RaftServerConfigKeys (ConfUtils.java:logGet(43)) - raft.server.watch.timeout.denomination = 1s (default)
2019-10-11 04:54:53,273 [af93d71e-9597-43d1-a0d9-fd03e0850daa@group-B594624CFC31:LeaderElection25] INFO  impl.RoleInfo (RoleInfo.java:updateAndGet(143)) - af93d71e-9597-43d1-a0d9-fd03e0850daa: start FollowerState
2019-10-11 04:54:53,273 [85dedb5c-0475-48d6-91a5-f8922a1c9690@group-B594624CFC31:LeaderElection24] INFO  server.RaftServerConfigKeys (ConfUtils.java:logGet(43)) - raft.server.watch.element-limit = 65536 (default)
2019-10-11 04:54:53,283 [85dedb5c-0475-48d6-91a5-f8922a1c9690@group-B594624CFC31:LeaderElection24] INFO  server.RaftServerConfigKeys (ConfUtils.java:logGet(43)) - raft.server.log.appender.snapshot.chunk.size.max = 16MB (=16777216) (default)
2019-10-11 04:54:53,283 [85dedb5c-0475-48d6-91a5-f8922a1c9690@group-B594624CFC31:LeaderElection24] INFO  server.RaftServerConfigKeys (ConfUtils.java:logGet(43)) - raft.server.log.appender.buffer.byte-limit = 33554432 (custom)
2019-10-11 04:54:53,283 [85dedb5c-0475-48d6-91a5-f8922a1c9690@group-B594624CFC31:LeaderElection24] INFO  server.RaftServerConfigKeys (ConfUtils.java:logGet(43)) - raft.server.log.appender.buffer.element-limit = 1 (custom)
2019-10-11 04:54:53,284 [85dedb5c-0475-48d6-91a5-f8922a1c9690@group-B594624CFC31:LeaderElection24] INFO  grpc.GrpcConfigKeys$Server (ConfUtils.java:logGet(43)) - raft.grpc.server.leader.outstanding.appends.max = 128 (default)
2019-10-11 04:54:53,284 [85dedb5c-0475-48d6-91a5-f8922a1c9690@group-B594624CFC31:LeaderElection24] INFO  server.RaftServerConfigKeys (ConfUtils.java:logGet(43)) - raft.server.rpc.request.timeout = 3000ms (default)
2019-10-11 04:54:53,284 [85dedb5c-0475-48d6-91a5-f8922a1c9690@group-B594624CFC31:LeaderElection24] INFO  server.RaftServerConfigKeys (ConfUtils.java:logGet(43)) - raft.server.log.appender.install.snapshot.enabled = false (custom)
2019-10-11 04:54:53,284 [85dedb5c-0475-48d6-91a5-f8922a1c9690@group-B594624CFC31:LeaderElection24] INFO  server.RaftServerConfigKeys (ConfUtils.java:logGet(43)) - raft.server.log.appender.snapshot.chunk.size.max = 16MB (=16777216) (default)
2019-10-11 04:54:53,285 [85dedb5c-0475-48d6-91a5-f8922a1c9690@group-B594624CFC31:LeaderElection24] INFO  server.RaftServerConfigKeys (ConfUtils.java:logGet(43)) - raft.server.log.appender.buffer.byte-limit = 33554432 (custom)
2019-10-11 04:54:53,285 [85dedb5c-0475-48d6-91a5-f8922a1c9690@group-B594624CFC31:LeaderElection24] INFO  server.RaftServerConfigKeys (ConfUtils.java:logGet(43)) - raft.server.log.appender.buffer.element-limit = 1 (custom)
2019-10-11 04:54:53,285 [85dedb5c-0475-48d6-91a5-f8922a1c9690@group-B594624CFC31:LeaderElection24] INFO  grpc.GrpcConfigKeys$Server (ConfUtils.java:logGet(43)) - raft.grpc.server.leader.outstanding.appends.max = 128 (default)
2019-10-11 04:54:53,285 [85dedb5c-0475-48d6-91a5-f8922a1c9690@group-B594624CFC31:LeaderElection24] INFO  server.RaftServerConfigKeys (ConfUtils.java:logGet(43)) - raft.server.rpc.request.timeout = 3000ms (default)
2019-10-11 04:54:53,285 [85dedb5c-0475-48d6-91a5-f8922a1c9690@group-B594624CFC31:LeaderElection24] INFO  server.RaftServerConfigKeys (ConfUtils.java:logGet(43)) - raft.server.log.appender.install.snapshot.enabled = false (custom)
2019-10-11 04:54:53,285 [85dedb5c-0475-48d6-91a5-f8922a1c9690@group-B594624CFC31:LeaderElection24] INFO  impl.RoleInfo (RoleInfo.java:updateAndGet(143)) - 85dedb5c-0475-48d6-91a5-f8922a1c9690: start LeaderState
2019-10-11 04:54:53,286 [85dedb5c-0475-48d6-91a5-f8922a1c9690@group-B594624CFC31:LeaderElection24] INFO  segmented.SegmentedRaftLogWorker (SegmentedRaftLogWorker.java:startLogSegment(380)) - 85dedb5c-0475-48d6-91a5-f8922a1c9690@group-B594624CFC31-SegmentedRaftLogWorker: Starting segment from index:0
2019-10-11 04:54:53,287 [85dedb5c-0475-48d6-91a5-f8922a1c9690@group-B594624CFC31:LeaderElection24] INFO  impl.RaftServerImpl (ServerState.java:setRaftConf(354)) - 85dedb5c-0475-48d6-91a5-f8922a1c9690@group-B594624CFC31: set configuration 0: [f486f1b0-a775-4c38-857e-a3674efc25f6:192.168.157.200:46251, 85dedb5c-0475-48d6-91a5-f8922a1c9690:192.168.157.200:34929, af93d71e-9597-43d1-a0d9-fd03e0850daa:192.168.157.200:36925], old=null at 0
2019-10-11 04:54:53,290 [grpc-default-executor-1] INFO  impl.RaftServerImpl (ServerState.java:setLeader(253)) - af93d71e-9597-43d1-a0d9-fd03e0850daa@group-B594624CFC31: change Leader from null to 85dedb5c-0475-48d6-91a5-f8922a1c9690 at term 2 for appendEntries, leader elected after 2638ms
2019-10-11 04:54:53,290 [grpc-default-executor-4] INFO  impl.RaftServerImpl (ServerState.java:setLeader(253)) - f486f1b0-a775-4c38-857e-a3674efc25f6@group-B594624CFC31: change Leader from null to 85dedb5c-0475-48d6-91a5-f8922a1c9690 at term 2 for appendEntries, leader elected after 2638ms
2019-10-11 04:54:53,295 [grpc-default-executor-4] INFO  impl.RaftServerImpl (ServerState.java:setRaftConf(354)) - f486f1b0-a775-4c38-857e-a3674efc25f6@group-B594624CFC31: set configuration 0: [f486f1b0-a775-4c38-857e-a3674efc25f6:192.168.157.200:46251, 85dedb5c-0475-48d6-91a5-f8922a1c9690:192.168.157.200:34929, af93d71e-9597-43d1-a0d9-fd03e0850daa:192.168.157.200:36925], old=null at 0
2019-10-11 04:54:53,295 [grpc-default-executor-1] INFO  impl.RaftServerImpl (ServerState.java:setRaftConf(354)) - af93d71e-9597-43d1-a0d9-fd03e0850daa@group-B594624CFC31: set configuration 0: [f486f1b0-a775-4c38-857e-a3674efc25f6:192.168.157.200:46251, 85dedb5c-0475-48d6-91a5-f8922a1c9690:192.168.157.200:34929, af93d71e-9597-43d1-a0d9-fd03e0850daa:192.168.157.200:36925], old=null at 0
2019-10-11 04:54:53,296 [grpc-default-executor-4] INFO  segmented.SegmentedRaftLogWorker (SegmentedRaftLogWorker.java:startLogSegment(380)) - f486f1b0-a775-4c38-857e-a3674efc25f6@group-B594624CFC31-SegmentedRaftLogWorker: Starting segment from index:0
2019-10-11 04:54:53,296 [grpc-default-executor-1] INFO  segmented.SegmentedRaftLogWorker (SegmentedRaftLogWorker.java:startLogSegment(380)) - af93d71e-9597-43d1-a0d9-fd03e0850daa@group-B594624CFC31-SegmentedRaftLogWorker: Starting segment from index:0
2019-10-11 04:54:53,352 [f486f1b0-a775-4c38-857e-a3674efc25f6@group-B594624CFC31-SegmentedRaftLogWorker] INFO  segmented.SegmentedRaftLogWorker (SegmentedRaftLogWorker.java:execute(569)) - f486f1b0-a775-4c38-857e-a3674efc25f6@group-B594624CFC31-SegmentedRaftLogWorker: created new log segment /workdir/hadoop-ozone/integration-test/target/test-dir/MiniOzoneClusterImpl-44c36d6d-90e1-4198-8449-e8899faa44e9/datanode-5/data/ratis/5b26041f-e257-4eb4-bd98-b594624cfc31/current/log_inprogress_0
2019-10-11 04:54:53,352 [af93d71e-9597-43d1-a0d9-fd03e0850daa@group-B594624CFC31-SegmentedRaftLogWorker] INFO  segmented.SegmentedRaftLogWorker (SegmentedRaftLogWorker.java:execute(569)) - af93d71e-9597-43d1-a0d9-fd03e0850daa@group-B594624CFC31-SegmentedRaftLogWorker: created new log segment /workdir/hadoop-ozone/integration-test/target/test-dir/MiniOzoneClusterImpl-44c36d6d-90e1-4198-8449-e8899faa44e9/datanode-3/data/ratis/5b26041f-e257-4eb4-bd98-b594624cfc31/current/log_inprogress_0
2019-10-11 04:54:53,352 [85dedb5c-0475-48d6-91a5-f8922a1c9690@group-B594624CFC31-SegmentedRaftLogWorker] INFO  segmented.SegmentedRaftLogWorker (SegmentedRaftLogWorker.java:execute(569)) - 85dedb5c-0475-48d6-91a5-f8922a1c9690@group-B594624CFC31-SegmentedRaftLogWorker: created new log segment /workdir/hadoop-ozone/integration-test/target/test-dir/MiniOzoneClusterImpl-44c36d6d-90e1-4198-8449-e8899faa44e9/datanode-0/data/ratis/5b26041f-e257-4eb4-bd98-b594624cfc31/current/log_inprogress_0
2019-10-11 04:54:54,865 [Datanode State Machine Thread - 0] INFO  statemachine.DatanodeStateMachine (DatanodeStateMachine.java:lambda$startDaemon$0(350)) - Ozone container server started.
2019-10-11 04:54:59,184 [main] INFO  ozoneimpl.OzoneContainer (OzoneContainer.java:stop(231)) - Attempting to stop container services.
2019-10-11 04:54:59,187 [main] INFO  impl.RaftServerProxy (RaftServerProxy.java:lambda$close$4(314)) - 85dedb5c-0475-48d6-91a5-f8922a1c9690: close
2019-10-11 04:54:59,189 [main] INFO  impl.RaftServerImpl (RaftServerImpl.java:lambda$shutdown$3(251)) - 85dedb5c-0475-48d6-91a5-f8922a1c9690@group-B594624CFC31: shutdown
2019-10-11 04:54:59,189 [main] INFO  util.JmxRegister (JmxRegister.java:unregister(73)) - Successfully un-registered JMX Bean with object name Ratis:service=RaftServer,group=group-B594624CFC31,id=85dedb5c-0475-48d6-91a5-f8922a1c9690
2019-10-11 04:54:59,190 [main] INFO  impl.RoleInfo (RoleInfo.java:shutdownLeaderState(104)) - 85dedb5c-0475-48d6-91a5-f8922a1c9690: shutdown LeaderState
2019-10-11 04:54:59,194 [main] INFO  impl.PendingRequests (PendingRequests.java:sendNotLeaderResponses(202)) - 85dedb5c-0475-48d6-91a5-f8922a1c9690-PendingRequests: sendNotLeaderResponses
2019-10-11 04:54:59,196 [org.apache.ratis.server.impl.LogAppender$AppenderDaemon$$Lambda$531/1713955667@fc33632] WARN  server.GrpcLogAppender (GrpcLogAppender.java:mayWait(143)) - 85dedb5c-0475-48d6-91a5-f8922a1c9690@group-B594624CFC31->f486f1b0-a775-4c38-857e-a3674efc25f6-GrpcLogAppender: Wait interrupted by java.lang.InterruptedException
2019-10-11 04:54:59,196 [org.apache.ratis.server.impl.LogAppender$AppenderDaemon$$Lambda$531/1713955667@127f79e] WARN  server.GrpcLogAppender (GrpcLogAppender.java:mayWait(143)) - 85dedb5c-0475-48d6-91a5-f8922a1c9690@group-B594624CFC31->af93d71e-9597-43d1-a0d9-fd03e0850daa-GrpcLogAppender: Wait interrupted by java.lang.InterruptedException
2019-10-11 04:54:59,197 [main] INFO  impl.StateMachineUpdater (StateMachineUpdater.java:stopAndJoin(125)) - 85dedb5c-0475-48d6-91a5-f8922a1c9690@group-B594624CFC31-StateMachineUpdater: set stopIndex = 0
2019-10-11 04:54:59,199 [main] INFO  impl.RaftServerImpl (ServerState.java:close(385)) - 85dedb5c-0475-48d6-91a5-f8922a1c9690@group-B594624CFC31: closes. applyIndex: 0
2019-10-11 04:54:59,199 [grpc-default-executor-1] INFO  server.GrpcServerProtocolService (GrpcServerProtocolService.java:onCompleted(113)) - f486f1b0-a775-4c38-857e-a3674efc25f6: Completed APPEND_ENTRIES, lastRequest: 85dedb5c-0475-48d6-91a5-f8922a1c9690->f486f1b0-a775-4c38-857e-a3674efc25f6#12-t2, previous=(t:2, i:0), leaderCommit=0, initializing? false, entries: <empty>
2019-10-11 04:54:59,199 [grpc-default-executor-0] INFO  server.GrpcServerProtocolService (GrpcServerProtocolService.java:onCompleted(113)) - af93d71e-9597-43d1-a0d9-fd03e0850daa: Completed APPEND_ENTRIES, lastRequest: 85dedb5c-0475-48d6-91a5-f8922a1c9690->af93d71e-9597-43d1-a0d9-fd03e0850daa#12-t2, previous=(t:2, i:0), leaderCommit=0, initializing? false, entries: <empty>
2019-10-11 04:54:59,201 [grpc-default-executor-0] INFO  server.GrpcLogAppender (GrpcLogAppender.java:onCompleted(293)) - 85dedb5c-0475-48d6-91a5-f8922a1c9690@group-B594624CFC31->af93d71e-9597-43d1-a0d9-fd03e0850daa-AppendLogResponseHandler: follower responses appendEntries COMPLETED
2019-10-11 04:54:59,201 [grpc-default-executor-1] INFO  server.GrpcLogAppender (GrpcLogAppender.java:onCompleted(293)) - 85dedb5c-0475-48d6-91a5-f8922a1c9690@group-B594624CFC31->f486f1b0-a775-4c38-857e-a3674efc25f6-AppendLogResponseHandler: follower responses appendEntries COMPLETED
2019-10-11 04:54:59,201 [85dedb5c-0475-48d6-91a5-f8922a1c9690@group-B594624CFC31-SegmentedRaftLogWorker] INFO  segmented.SegmentedRaftLogWorker (SegmentedRaftLogWorker.java:run(313)) - 85dedb5c-0475-48d6-91a5-f8922a1c9690@group-B594624CFC31-SegmentedRaftLogWorker was interrupted, exiting. There are 0 tasks remaining in the queue.
2019-10-11 04:54:59,209 [main] INFO  segmented.SegmentedRaftLogWorker (SegmentedRaftLogWorker.java:close(228)) - 85dedb5c-0475-48d6-91a5-f8922a1c9690@group-B594624CFC31-SegmentedRaftLogWorker close()
2019-10-11 04:54:59,209 [grpc-default-executor-1] INFO  impl.FollowerInfo (FollowerInfo.java:lambda$new$0(51)) - 85dedb5c-0475-48d6-91a5-f8922a1c9690@group-B594624CFC31->f486f1b0-a775-4c38-857e-a3674efc25f6: nextIndex: updateUnconditionally 1 -> 0
2019-10-11 04:54:59,209 [grpc-default-executor-0] INFO  impl.FollowerInfo (FollowerInfo.java:lambda$new$0(51)) - 85dedb5c-0475-48d6-91a5-f8922a1c9690@group-B594624CFC31->af93d71e-9597-43d1-a0d9-fd03e0850daa: nextIndex: updateUnconditionally 1 -> 0
2019-10-11 04:54:59,214 [main] INFO  impl.RaftServerImpl (RaftServerImpl.java:lambda$shutdown$3(251)) - 85dedb5c-0475-48d6-91a5-f8922a1c9690@group-6EB4CB2E655A: shutdown
2019-10-11 04:54:59,215 [main] INFO  util.JmxRegister (JmxRegister.java:unregister(73)) - Successfully un-registered JMX Bean with object name Ratis:service=RaftServer,group=group-6EB4CB2E655A,id=85dedb5c-0475-48d6-91a5-f8922a1c9690
2019-10-11 04:54:59,215 [main] INFO  impl.RoleInfo (RoleInfo.java:shutdownFollowerState(121)) - 85dedb5c-0475-48d6-91a5-f8922a1c9690: shutdown FollowerState
2019-10-11 04:54:59,216 [main] INFO  impl.StateMachineUpdater (StateMachineUpdater.java:stopAndJoin(125)) - 85dedb5c-0475-48d6-91a5-f8922a1c9690@group-6EB4CB2E655A-StateMachineUpdater: set stopIndex = 16
2019-10-11 04:54:59,216 [85dedb5c-0475-48d6-91a5-f8922a1c9690@group-6EB4CB2E655A-StateMachineUpdater] INFO  ratis.ContainerStateMachine (ContainerStateMachine.java:takeSnapshot(289)) - group-6EB4CB2E655A: Taking a snapshot at:(t:2, i:14) file /workdir/hadoop-ozone/integration-test/target/test-dir/MiniOzoneClusterImpl-44c36d6d-90e1-4198-8449-e8899faa44e9/datanode-0/data/ratis/cfc2e356-49e6-4ca6-97b8-6eb4cb2e655a/sm/snapshot.2_14
2019-10-11 04:54:59,216 [Thread-406] INFO  impl.FollowerState (FollowerState.java:run(115)) - 85dedb5c-0475-48d6-91a5-f8922a1c9690: FollowerState was interrupted: java.lang.InterruptedException: sleep interrupted
2019-10-11 04:54:59,256 [85dedb5c-0475-48d6-91a5-f8922a1c9690@group-6EB4CB2E655A-StateMachineUpdater] INFO  ratis.ContainerStateMachine (ContainerStateMachine.java:takeSnapshot(300)) - group-6EB4CB2E655A: Finished taking a snapshot at:(t:2, i:14) file:/workdir/hadoop-ozone/integration-test/target/test-dir/MiniOzoneClusterImpl-44c36d6d-90e1-4198-8449-e8899faa44e9/datanode-0/data/ratis/cfc2e356-49e6-4ca6-97b8-6eb4cb2e655a/sm/snapshot.2_14 time:41
2019-10-11 04:54:59,258 [85dedb5c-0475-48d6-91a5-f8922a1c9690@group-6EB4CB2E655A-StateMachineUpdater] INFO  impl.StateMachineUpdater (StateMachineUpdater.java:takeSnapshot(258)) - 85dedb5c-0475-48d6-91a5-f8922a1c9690@group-6EB4CB2E655A-StateMachineUpdater: Took a snapshot at index 14
2019-10-11 04:54:59,261 [85dedb5c-0475-48d6-91a5-f8922a1c9690@group-6EB4CB2E655A-StateMachineUpdater] INFO  impl.StateMachineUpdater (StateMachineUpdater.java:lambda$new$0(83)) - 85dedb5c-0475-48d6-91a5-f8922a1c9690@group-6EB4CB2E655A-StateMachineUpdater: snapshotIndex: updateIncreasingly -1 -> 14
2019-10-11 04:54:59,268 [85dedb5c-0475-48d6-91a5-f8922a1c9690@group-6EB4CB2E655A-StateMachineUpdater] INFO  ratis.ContainerStateMachine (ContainerStateMachine.java:takeSnapshot(289)) - group-6EB4CB2E655A: Taking a snapshot at:(t:2, i:14) file /workdir/hadoop-ozone/integration-test/target/test-dir/MiniOzoneClusterImpl-44c36d6d-90e1-4198-8449-e8899faa44e9/datanode-0/data/ratis/cfc2e356-49e6-4ca6-97b8-6eb4cb2e655a/sm/snapshot.2_14
2019-10-11 04:54:59,280 [85dedb5c-0475-48d6-91a5-f8922a1c9690@group-6EB4CB2E655A-StateMachineUpdater] INFO  ratis.ContainerStateMachine (ContainerStateMachine.java:takeSnapshot(300)) - group-6EB4CB2E655A: Finished taking a snapshot at:(t:2, i:14) file:/workdir/hadoop-ozone/integration-test/target/test-dir/MiniOzoneClusterImpl-44c36d6d-90e1-4198-8449-e8899faa44e9/datanode-0/data/ratis/cfc2e356-49e6-4ca6-97b8-6eb4cb2e655a/sm/snapshot.2_14 time:12
2019-10-11 04:54:59,280 [85dedb5c-0475-48d6-91a5-f8922a1c9690@group-6EB4CB2E655A-StateMachineUpdater] INFO  impl.StateMachineUpdater (StateMachineUpdater.java:takeSnapshot(258)) - 85dedb5c-0475-48d6-91a5-f8922a1c9690@group-6EB4CB2E655A-StateMachineUpdater: Took a snapshot at index 14
2019-10-11 04:54:59,281 [85dedb5c-0475-48d6-91a5-f8922a1c9690@group-6EB4CB2E655A-StateMachineUpdater] INFO  impl.StateMachineUpdater (StateMachineUpdater.java:lambda$new$0(83)) - 85dedb5c-0475-48d6-91a5-f8922a1c9690@group-6EB4CB2E655A-StateMachineUpdater: snapshotIndex: updateIncreasingly 14 -> 14
2019-10-11 04:54:59,281 [main] INFO  impl.RaftServerImpl (ServerState.java:close(385)) - 85dedb5c-0475-48d6-91a5-f8922a1c9690@group-6EB4CB2E655A: closes. applyIndex: 16
2019-10-11 04:54:59,282 [85dedb5c-0475-48d6-91a5-f8922a1c9690@group-6EB4CB2E655A-SegmentedRaftLogWorker] INFO  segmented.SegmentedRaftLogWorker (SegmentedRaftLogWorker.java:run(313)) - 85dedb5c-0475-48d6-91a5-f8922a1c9690@group-6EB4CB2E655A-SegmentedRaftLogWorker was interrupted, exiting. There are 0 tasks remaining in the queue.
2019-10-11 04:54:59,284 [main] INFO  segmented.SegmentedRaftLogWorker (SegmentedRaftLogWorker.java:close(228)) - 85dedb5c-0475-48d6-91a5-f8922a1c9690@group-6EB4CB2E655A-SegmentedRaftLogWorker close()
2019-10-11 04:54:59,288 [main] INFO  impl.RaftServerImpl (RaftServerImpl.java:lambda$shutdown$3(251)) - 85dedb5c-0475-48d6-91a5-f8922a1c9690@group-717C5F6B8A8C: shutdown
2019-10-11 04:54:59,289 [main] INFO  util.JmxRegister (JmxRegister.java:unregister(73)) - Successfully un-registered JMX Bean with object name Ratis:service=RaftServer,group=group-717C5F6B8A8C,id=85dedb5c-0475-48d6-91a5-f8922a1c9690
2019-10-11 04:54:59,289 [main] INFO  impl.RoleInfo (RoleInfo.java:shutdownLeaderState(104)) - 85dedb5c-0475-48d6-91a5-f8922a1c9690: shutdown LeaderState
2019-10-11 04:54:59,290 [main] INFO  impl.PendingRequests (PendingRequests.java:sendNotLeaderResponses(202)) - 85dedb5c-0475-48d6-91a5-f8922a1c9690-PendingRequests: sendNotLeaderResponses
2019-10-11 04:54:59,290 [main] INFO  impl.StateMachineUpdater (StateMachineUpdater.java:stopAndJoin(125)) - 85dedb5c-0475-48d6-91a5-f8922a1c9690@group-717C5F6B8A8C-StateMachineUpdater: set stopIndex = 0
2019-10-11 04:54:59,291 [main] INFO  impl.RaftServerImpl (ServerState.java:close(385)) - 85dedb5c-0475-48d6-91a5-f8922a1c9690@group-717C5F6B8A8C: closes. applyIndex: 0
2019-10-11 04:54:59,291 [85dedb5c-0475-48d6-91a5-f8922a1c9690@group-717C5F6B8A8C-SegmentedRaftLogWorker] INFO  segmented.SegmentedRaftLogWorker (SegmentedRaftLogWorker.java:run(313)) - 85dedb5c-0475-48d6-91a5-f8922a1c9690@group-717C5F6B8A8C-SegmentedRaftLogWorker was interrupted, exiting. There are 0 tasks remaining in the queue.
2019-10-11 04:54:59,294 [main] INFO  segmented.SegmentedRaftLogWorker (SegmentedRaftLogWorker.java:close(228)) - 85dedb5c-0475-48d6-91a5-f8922a1c9690@group-717C5F6B8A8C-SegmentedRaftLogWorker close()
2019-10-11 04:54:59,299 [main] INFO  server.GrpcService (GrpcService.java:closeImpl(164)) - 85dedb5c-0475-48d6-91a5-f8922a1c9690: shutdown server with port 34929 now
2019-10-11 04:54:59,305 [main] INFO  server.GrpcService (GrpcService.java:closeImpl(172)) - 85dedb5c-0475-48d6-91a5-f8922a1c9690: shutdown server with port 34929 successfully
2019-10-11 04:54:59,306 [grpc-default-executor-4] WARN  server.GrpcServerProtocolService (LogUtils.java:warn(134)) - 85dedb5c-0475-48d6-91a5-f8922a1c9690: installSnapshot onError, lastRequest: af93d71e-9597-43d1-a0d9-fd03e0850daa->85dedb5c-0475-48d6-91a5-f8922a1c9690#27-t2, previous=(t:2, i:16), leaderCommit=16, initializing? false, entries: <empty>: org.apache.ratis.thirdparty.io.grpc.StatusRuntimeException: CANCELLED: cancelled before receiving half close
2019-10-11 04:54:59,306 [grpc-default-executor-0] WARN  server.GrpcLogAppender (LogUtils.java:warn(134)) - af93d71e-9597-43d1-a0d9-fd03e0850daa@group-6EB4CB2E655A->85dedb5c-0475-48d6-91a5-f8922a1c9690-AppendLogResponseHandler: Failed appendEntries: org.apache.ratis.thirdparty.io.grpc.StatusRuntimeException: CANCELLED: HTTP/2 error code: CANCEL
Received Rst Stream
2019-10-11 04:54:59,309 [grpc-default-executor-0] INFO  impl.FollowerInfo (FollowerInfo.java:lambda$new$0(51)) - af93d71e-9597-43d1-a0d9-fd03e0850daa@group-6EB4CB2E655A->85dedb5c-0475-48d6-91a5-f8922a1c9690: nextIndex: updateUnconditionally 17 -> 16
2019-10-11 04:54:59,318 [refreshUsed-/workdir/hadoop-ozone/integration-test/target/test-dir/MiniOzoneClusterImpl-44c36d6d-90e1-4198-8449-e8899faa44e9/datanode-0/data/containers] WARN  fs.CachingGetSpaceUsed (CachingGetSpaceUsed.java:run(183)) - Thread Interrupted waiting to refresh disk information: sleep interrupted
2019-10-11 04:54:59,338 [main] INFO  utils.BackgroundService (BackgroundService.java:shutdown(148)) - Shutting down service BlockDeletingService
2019-10-11 04:54:59,344 [main] INFO  statemachine.DatanodeStateMachine (DatanodeStateMachine.java:stopDaemon(395)) - Ozone container server stopped.
2019-10-11 04:54:59,350 [main] INFO  handler.ContextHandler (ContextHandler.java:doStop(910)) - Stopped o.e.j.w.WebAppContext@122d6c22{/,null,UNAVAILABLE}{/hddsDatanode}
2019-10-11 04:54:59,357 [main] INFO  server.AbstractConnector (AbstractConnector.java:doStop(318)) - Stopped ServerConnector@2f5ac102{HTTP/1.1,[http/1.1]}{0.0.0.0:0}
2019-10-11 04:54:59,358 [main] INFO  handler.ContextHandler (ContextHandler.java:doStop(910)) - Stopped o.e.j.s.ServletContextHandler@43045f9f{/static,jar:file:/home/user/.m2/repository/org/apache/hadoop/hadoop-hdds-container-service/0.5.0-SNAPSHOT/hadoop-hdds-container-service-0.5.0-SNAPSHOT.jar!/webapps/static,UNAVAILABLE}
2019-10-11 04:54:59,358 [main] INFO  handler.ContextHandler (ContextHandler.java:doStop(910)) - Stopped o.e.j.s.ServletContextHandler@26dc9bd5{/logs,file:///workdir/hadoop-ozone/integration-test/target/log,UNAVAILABLE}
2019-10-11 04:54:59,720 [grpc-default-executor-0] WARN  server.GrpcLogAppender (LogUtils.java:warn(134)) - af93d71e-9597-43d1-a0d9-fd03e0850daa@group-6EB4CB2E655A->85dedb5c-0475-48d6-91a5-f8922a1c9690-AppendLogResponseHandler: Failed appendEntries: org.apache.ratis.thirdparty.io.grpc.StatusRuntimeException: UNAVAILABLE: io exception
2019-10-11 04:54:59,722 [grpc-default-executor-0] INFO  impl.FollowerInfo (FollowerInfo.java:lambda$new$0(51)) - af93d71e-9597-43d1-a0d9-fd03e0850daa@group-6EB4CB2E655A->85dedb5c-0475-48d6-91a5-f8922a1c9690: nextIndex: updateUnconditionally 16 -> 15
2019-10-11 04:54:59,866 [Datanode State Machine Thread - 0] INFO  statemachine.DatanodeStateMachine (DatanodeStateMachine.java:lambda$startDaemon$0(350)) - Ozone container server started.
2019-10-11 04:55:00,065 [Thread-421] INFO  impl.FollowerState (FollowerState.java:run(106)) - af93d71e-9597-43d1-a0d9-fd03e0850daa:group-B594624CFC31 changes to CANDIDATE, lastRpcTime:1149, electionTimeout:1089ms
2019-10-11 04:55:00,066 [Thread-421] INFO  impl.RoleInfo (RoleInfo.java:shutdownFollowerState(121)) - af93d71e-9597-43d1-a0d9-fd03e0850daa: shutdown FollowerState
2019-10-11 04:55:00,066 [Thread-421] INFO  impl.RaftServerImpl (RaftServerImpl.java:setRole(174)) - af93d71e-9597-43d1-a0d9-fd03e0850daa@group-B594624CFC31: changes role from  FOLLOWER to CANDIDATE at term 2 for changeToCandidate
2019-10-11 04:55:00,066 [Thread-421] INFO  impl.RoleInfo (RoleInfo.java:updateAndGet(143)) - af93d71e-9597-43d1-a0d9-fd03e0850daa: start LeaderElection
2019-10-11 04:55:00,069 [af93d71e-9597-43d1-a0d9-fd03e0850daa@group-B594624CFC31:LeaderElection26] INFO  impl.RaftServerImpl (ServerState.java:setLeader(253)) - af93d71e-9597-43d1-a0d9-fd03e0850daa@group-B594624CFC31: change Leader from 85dedb5c-0475-48d6-91a5-f8922a1c9690 to null at term 2 for initElection
2019-10-11 04:55:00,103 [af93d71e-9597-43d1-a0d9-fd03e0850daa@group-B594624CFC31:LeaderElection26] INFO  impl.LeaderElection (LeaderElection.java:askForVotes(182)) - af93d71e-9597-43d1-a0d9-fd03e0850daa@group-B594624CFC31:LeaderElection26: begin an election at term 3 for 0: [f486f1b0-a775-4c38-857e-a3674efc25f6:192.168.157.200:46251, 85dedb5c-0475-48d6-91a5-f8922a1c9690:192.168.157.200:34929, af93d71e-9597-43d1-a0d9-fd03e0850daa:192.168.157.200:36925], old=null
2019-10-11 04:55:00,109 [grpc-default-executor-0] INFO  impl.RaftServerImpl (ServerState.java:setLeader(253)) - f486f1b0-a775-4c38-857e-a3674efc25f6@group-B594624CFC31: change Leader from 85dedb5c-0475-48d6-91a5-f8922a1c9690 to null at term 3 for updateCurrentTerm
2019-10-11 04:55:00,109 [grpc-default-executor-0] INFO  impl.RaftServerImpl (RaftServerImpl.java:setRole(174)) - f486f1b0-a775-4c38-857e-a3674efc25f6@group-B594624CFC31: changes role from  FOLLOWER to FOLLOWER at term 3 for recognizeCandidate:af93d71e-9597-43d1-a0d9-fd03e0850daa
2019-10-11 04:55:00,109 [grpc-default-executor-0] INFO  impl.RoleInfo (RoleInfo.java:shutdownFollowerState(121)) - f486f1b0-a775-4c38-857e-a3674efc25f6: shutdown FollowerState
2019-10-11 04:55:00,110 [grpc-default-executor-0] INFO  impl.RoleInfo (RoleInfo.java:updateAndGet(143)) - f486f1b0-a775-4c38-857e-a3674efc25f6: start FollowerState
2019-10-11 04:55:00,110 [Thread-417] INFO  impl.FollowerState (FollowerState.java:run(115)) - f486f1b0-a775-4c38-857e-a3674efc25f6: FollowerState was interrupted: java.lang.InterruptedException: sleep interrupted
2019-10-11 04:55:00,115 [af93d71e-9597-43d1-a0d9-fd03e0850daa@group-B594624CFC31:LeaderElection26] INFO  impl.LeaderElection (LogUtils.java:infoOrTrace(149)) - af93d71e-9597-43d1-a0d9-fd03e0850daa@group-B594624CFC31:LeaderElection26 got exception when requesting votes: {}
java.util.concurrent.ExecutionException: org.apache.ratis.thirdparty.io.grpc.StatusRuntimeException: UNAVAILABLE: io exception
	at java.util.concurrent.FutureTask.report(FutureTask.java:122)
	at java.util.concurrent.FutureTask.get(FutureTask.java:192)
	at org.apache.ratis.server.impl.LeaderElection.waitForResults(LeaderElection.java:263)
	at org.apache.ratis.server.impl.LeaderElection.askForVotes(LeaderElection.java:201)
	at org.apache.ratis.server.impl.LeaderElection.run(LeaderElection.java:133)
	at java.lang.Thread.run(Thread.java:748)
Caused by: org.apache.ratis.thirdparty.io.grpc.StatusRuntimeException: UNAVAILABLE: io exception
	at org.apache.ratis.thirdparty.io.grpc.stub.ClientCalls.toStatusRuntimeException(ClientCalls.java:233)
	at org.apache.ratis.thirdparty.io.grpc.stub.ClientCalls.getUnchecked(ClientCalls.java:214)
	at org.apache.ratis.thirdparty.io.grpc.stub.ClientCalls.blockingUnaryCall(ClientCalls.java:139)
	at org.apache.ratis.proto.grpc.RaftServerProtocolServiceGrpc$RaftServerProtocolServiceBlockingStub.requestVote(RaftServerProtocolServiceGrpc.java:265)
	at org.apache.ratis.grpc.server.GrpcServerProtocolClient.requestVote(GrpcServerProtocolClient.java:90)
	at org.apache.ratis.grpc.server.GrpcService.requestVote(GrpcService.java:204)
	at org.apache.ratis.server.impl.LeaderElection.lambda$submitRequests$1(LeaderElection.java:238)
	at java.util.concurrent.FutureTask.run(FutureTask.java:266)
	at java.util.concurrent.Executors$RunnableAdapter.call(Executors.java:511)
	at java.util.concurrent.FutureTask.run(FutureTask.java:266)
	at java.util.concurrent.ThreadPoolExecutor.runWorker(ThreadPoolExecutor.java:1149)
	at java.util.concurrent.ThreadPoolExecutor$Worker.run(ThreadPoolExecutor.java:624)
	... 1 more
Caused by: org.apache.ratis.thirdparty.io.netty.channel.AbstractChannel$AnnotatedConnectException: Connection refused: /192.168.157.200:34929
	at sun.nio.ch.SocketChannelImpl.checkConnect(Native Method)
	at sun.nio.ch.SocketChannelImpl.finishConnect(SocketChannelImpl.java:717)
	at org.apache.ratis.thirdparty.io.netty.channel.socket.nio.NioSocketChannel.doFinishConnect(NioSocketChannel.java:327)
	at org.apache.ratis.thirdparty.io.netty.channel.nio.AbstractNioChannel$AbstractNioUnsafe.finishConnect(AbstractNioChannel.java:340)
	at org.apache.ratis.thirdparty.io.netty.channel.nio.NioEventLoop.processSelectedKey(NioEventLoop.java:632)
	at org.apache.ratis.thirdparty.io.netty.channel.nio.NioEventLoop.processSelectedKeysOptimized(NioEventLoop.java:579)
	at org.apache.ratis.thirdparty.io.netty.channel.nio.NioEventLoop.processSelectedKeys(NioEventLoop.java:496)
	at org.apache.ratis.thirdparty.io.netty.channel.nio.NioEventLoop.run(NioEventLoop.java:458)
	at org.apache.ratis.thirdparty.io.netty.util.concurrent.SingleThreadEventExecutor$5.run(SingleThreadEventExecutor.java:897)
	at org.apache.ratis.thirdparty.io.netty.util.concurrent.FastThreadLocalRunnable.run(FastThreadLocalRunnable.java:30)
	... 1 more
Caused by: java.net.ConnectException: Connection refused
	... 11 more
2019-10-11 04:55:00,128 [af93d71e-9597-43d1-a0d9-fd03e0850daa@group-B594624CFC31:LeaderElection26] INFO  impl.LeaderElection (LeaderElection.java:logAndReturn(56)) - af93d71e-9597-43d1-a0d9-fd03e0850daa@group-B594624CFC31:LeaderElection26: Election PASSED; received 1 response(s) [af93d71e-9597-43d1-a0d9-fd03e0850daa<-f486f1b0-a775-4c38-857e-a3674efc25f6#0:OK-t3] and 1 exception(s); af93d71e-9597-43d1-a0d9-fd03e0850daa@group-B594624CFC31:t3, leader=null, voted=af93d71e-9597-43d1-a0d9-fd03e0850daa, raftlog=af93d71e-9597-43d1-a0d9-fd03e0850daa@group-B594624CFC31-SegmentedRaftLog:OPENED:c0,f0,i0, conf=0: [f486f1b0-a775-4c38-857e-a3674efc25f6:192.168.157.200:46251, 85dedb5c-0475-48d6-91a5-f8922a1c9690:192.168.157.200:34929, af93d71e-9597-43d1-a0d9-fd03e0850daa:192.168.157.200:36925], old=null
2019-10-11 04:55:00,128 [af93d71e-9597-43d1-a0d9-fd03e0850daa@group-B594624CFC31:LeaderElection26] INFO  impl.LeaderElection (LogUtils.java:infoOrTrace(149)) -   Exception 0: {}
java.util.concurrent.ExecutionException: org.apache.ratis.thirdparty.io.grpc.StatusRuntimeException: UNAVAILABLE: io exception
	at java.util.concurrent.FutureTask.report(FutureTask.java:122)
	at java.util.concurrent.FutureTask.get(FutureTask.java:192)
	at org.apache.ratis.server.impl.LeaderElection.waitForResults(LeaderElection.java:263)
	at org.apache.ratis.server.impl.LeaderElection.askForVotes(LeaderElection.java:201)
	at org.apache.ratis.server.impl.LeaderElection.run(LeaderElection.java:133)
	at java.lang.Thread.run(Thread.java:748)
Caused by: org.apache.ratis.thirdparty.io.grpc.StatusRuntimeException: UNAVAILABLE: io exception
	at org.apache.ratis.thirdparty.io.grpc.stub.ClientCalls.toStatusRuntimeException(ClientCalls.java:233)
	at org.apache.ratis.thirdparty.io.grpc.stub.ClientCalls.getUnchecked(ClientCalls.java:214)
	at org.apache.ratis.thirdparty.io.grpc.stub.ClientCalls.blockingUnaryCall(ClientCalls.java:139)
	at org.apache.ratis.proto.grpc.RaftServerProtocolServiceGrpc$RaftServerProtocolServiceBlockingStub.requestVote(RaftServerProtocolServiceGrpc.java:265)
	at org.apache.ratis.grpc.server.GrpcServerProtocolClient.requestVote(GrpcServerProtocolClient.java:90)
	at org.apache.ratis.grpc.server.GrpcService.requestVote(GrpcService.java:204)
	at org.apache.ratis.server.impl.LeaderElection.lambda$submitRequests$1(LeaderElection.java:238)
	at java.util.concurrent.FutureTask.run(FutureTask.java:266)
	at java.util.concurrent.Executors$RunnableAdapter.call(Executors.java:511)
	at java.util.concurrent.FutureTask.run(FutureTask.java:266)
	at java.util.concurrent.ThreadPoolExecutor.runWorker(ThreadPoolExecutor.java:1149)
	at java.util.concurrent.ThreadPoolExecutor$Worker.run(ThreadPoolExecutor.java:624)
	... 1 more
Caused by: org.apache.ratis.thirdparty.io.netty.channel.AbstractChannel$AnnotatedConnectException: Connection refused: /192.168.157.200:34929
	at sun.nio.ch.SocketChannelImpl.checkConnect(Native Method)
	at sun.nio.ch.SocketChannelImpl.finishConnect(SocketChannelImpl.java:717)
	at org.apache.ratis.thirdparty.io.netty.channel.socket.nio.NioSocketChannel.doFinishConnect(NioSocketChannel.java:327)
	at org.apache.ratis.thirdparty.io.netty.channel.nio.AbstractNioChannel$AbstractNioUnsafe.finishConnect(AbstractNioChannel.java:340)
	at org.apache.ratis.thirdparty.io.netty.channel.nio.NioEventLoop.processSelectedKey(NioEventLoop.java:632)
	at org.apache.ratis.thirdparty.io.netty.channel.nio.NioEventLoop.processSelectedKeysOptimized(NioEventLoop.java:579)
	at org.apache.ratis.thirdparty.io.netty.channel.nio.NioEventLoop.processSelectedKeys(NioEventLoop.java:496)
	at org.apache.ratis.thirdparty.io.netty.channel.nio.NioEventLoop.run(NioEventLoop.java:458)
	at org.apache.ratis.thirdparty.io.netty.util.concurrent.SingleThreadEventExecutor$5.run(SingleThreadEventExecutor.java:897)
	at org.apache.ratis.thirdparty.io.netty.util.concurrent.FastThreadLocalRunnable.run(FastThreadLocalRunnable.java:30)
	... 1 more
Caused by: java.net.ConnectException: Connection refused
	... 11 more
2019-10-11 04:55:00,129 [af93d71e-9597-43d1-a0d9-fd03e0850daa@group-B594624CFC31:LeaderElection26] INFO  impl.RoleInfo (RoleInfo.java:shutdownLeaderElection(134)) - af93d71e-9597-43d1-a0d9-fd03e0850daa: shutdown LeaderElection
2019-10-11 04:55:00,129 [af93d71e-9597-43d1-a0d9-fd03e0850daa@group-B594624CFC31:LeaderElection26] INFO  impl.RaftServerImpl (RaftServerImpl.java:setRole(174)) - af93d71e-9597-43d1-a0d9-fd03e0850daa@group-B594624CFC31: changes role from CANDIDATE to LEADER at term 3 for changeToLeader
2019-10-11 04:55:00,129 [af93d71e-9597-43d1-a0d9-fd03e0850daa@group-B594624CFC31:LeaderElection26] INFO  impl.RaftServerImpl (ServerState.java:setLeader(253)) - af93d71e-9597-43d1-a0d9-fd03e0850daa@group-B594624CFC31: change Leader from null to af93d71e-9597-43d1-a0d9-fd03e0850daa at term 3 for becomeLeader, leader elected after 60ms
2019-10-11 04:55:00,130 [af93d71e-9597-43d1-a0d9-fd03e0850daa@group-B594624CFC31:LeaderElection26] INFO  server.RaftServerConfigKeys (ConfUtils.java:logGet(43)) - raft.server.staging.catchup.gap = 1000 (default)
2019-10-11 04:55:00,130 [af93d71e-9597-43d1-a0d9-fd03e0850daa@group-B594624CFC31:LeaderElection26] INFO  server.RaftServerConfigKeys (ConfUtils.java:logGet(43)) - raft.server.rpc.sleep.time = 25ms (default)
2019-10-11 04:55:00,130 [af93d71e-9597-43d1-a0d9-fd03e0850daa@group-B594624CFC31:LeaderElection26] INFO  server.RaftServerConfigKeys (ConfUtils.java:logGet(43)) - raft.server.write.element-limit = 4096 (default)
2019-10-11 04:55:00,130 [af93d71e-9597-43d1-a0d9-fd03e0850daa@group-B594624CFC31:LeaderElection26] INFO  server.RaftServerConfigKeys (ConfUtils.java:logGet(43)) - raft.server.watch.timeout = 10s (default)
2019-10-11 04:55:00,130 [af93d71e-9597-43d1-a0d9-fd03e0850daa@group-B594624CFC31:LeaderElection26] INFO  server.RaftServerConfigKeys (ConfUtils.java:logGet(43)) - raft.server.watch.timeout.denomination = 1s (default)
2019-10-11 04:55:00,131 [af93d71e-9597-43d1-a0d9-fd03e0850daa@group-B594624CFC31:LeaderElection26] INFO  server.RaftServerConfigKeys (ConfUtils.java:logGet(43)) - raft.server.watch.element-limit = 65536 (default)
2019-10-11 04:55:00,135 [af93d71e-9597-43d1-a0d9-fd03e0850daa@group-B594624CFC31:LeaderElection26] INFO  server.RaftServerConfigKeys (ConfUtils.java:logGet(43)) - raft.server.log.appender.snapshot.chunk.size.max = 16MB (=16777216) (default)
2019-10-11 04:55:00,135 [af93d71e-9597-43d1-a0d9-fd03e0850daa@group-B594624CFC31:LeaderElection26] INFO  server.RaftServerConfigKeys (ConfUtils.java:logGet(43)) - raft.server.log.appender.buffer.byte-limit = 33554432 (custom)
2019-10-11 04:55:00,135 [af93d71e-9597-43d1-a0d9-fd03e0850daa@group-B594624CFC31:LeaderElection26] INFO  server.RaftServerConfigKeys (ConfUtils.java:logGet(43)) - raft.server.log.appender.buffer.element-limit = 1 (custom)
2019-10-11 04:55:00,135 [af93d71e-9597-43d1-a0d9-fd03e0850daa@group-B594624CFC31:LeaderElection26] INFO  grpc.GrpcConfigKeys$Server (ConfUtils.java:logGet(43)) - raft.grpc.server.leader.outstanding.appends.max = 128 (default)
2019-10-11 04:55:00,136 [af93d71e-9597-43d1-a0d9-fd03e0850daa@group-B594624CFC31:LeaderElection26] INFO  server.RaftServerConfigKeys (ConfUtils.java:logGet(43)) - raft.server.rpc.request.timeout = 3000ms (default)
2019-10-11 04:55:00,136 [af93d71e-9597-43d1-a0d9-fd03e0850daa@group-B594624CFC31:LeaderElection26] INFO  server.RaftServerConfigKeys (ConfUtils.java:logGet(43)) - raft.server.log.appender.install.snapshot.enabled = false (custom)
2019-10-11 04:55:00,136 [af93d71e-9597-43d1-a0d9-fd03e0850daa@group-B594624CFC31:LeaderElection26] INFO  server.RaftServerConfigKeys (ConfUtils.java:logGet(43)) - raft.server.log.appender.snapshot.chunk.size.max = 16MB (=16777216) (default)
2019-10-11 04:55:00,137 [af93d71e-9597-43d1-a0d9-fd03e0850daa@group-B594624CFC31:LeaderElection26] INFO  server.RaftServerConfigKeys (ConfUtils.java:logGet(43)) - raft.server.log.appender.buffer.byte-limit = 33554432 (custom)
2019-10-11 04:55:00,137 [af93d71e-9597-43d1-a0d9-fd03e0850daa@group-B594624CFC31:LeaderElection26] INFO  server.RaftServerConfigKeys (ConfUtils.java:logGet(43)) - raft.server.log.appender.buffer.element-limit = 1 (custom)
2019-10-11 04:55:00,137 [af93d71e-9597-43d1-a0d9-fd03e0850daa@group-B594624CFC31:LeaderElection26] INFO  grpc.GrpcConfigKeys$Server (ConfUtils.java:logGet(43)) - raft.grpc.server.leader.outstanding.appends.max = 128 (default)
2019-10-11 04:55:00,137 [af93d71e-9597-43d1-a0d9-fd03e0850daa@group-B594624CFC31:LeaderElection26] INFO  server.RaftServerConfigKeys (ConfUtils.java:logGet(43)) - raft.server.rpc.request.timeout = 3000ms (default)
2019-10-11 04:55:00,137 [af93d71e-9597-43d1-a0d9-fd03e0850daa@group-B594624CFC31:LeaderElection26] INFO  server.RaftServerConfigKeys (ConfUtils.java:logGet(43)) - raft.server.log.appender.install.snapshot.enabled = false (custom)
2019-10-11 04:55:00,138 [af93d71e-9597-43d1-a0d9-fd03e0850daa@group-B594624CFC31:LeaderElection26] INFO  impl.RoleInfo (RoleInfo.java:updateAndGet(143)) - af93d71e-9597-43d1-a0d9-fd03e0850daa: start LeaderState
2019-10-11 04:55:00,139 [af93d71e-9597-43d1-a0d9-fd03e0850daa@group-B594624CFC31:LeaderElection26] INFO  segmented.SegmentedRaftLogWorker (SegmentedRaftLogWorker.java:rollLogSegment(385)) - af93d71e-9597-43d1-a0d9-fd03e0850daa@group-B594624CFC31-SegmentedRaftLogWorker: Rolling segment log-0_0 to index:0
2019-10-11 04:55:00,141 [af93d71e-9597-43d1-a0d9-fd03e0850daa@group-B594624CFC31:LeaderElection26] INFO  impl.RaftServerImpl (ServerState.java:setRaftConf(354)) - af93d71e-9597-43d1-a0d9-fd03e0850daa@group-B594624CFC31: set configuration 1: [f486f1b0-a775-4c38-857e-a3674efc25f6:192.168.157.200:46251, 85dedb5c-0475-48d6-91a5-f8922a1c9690:192.168.157.200:34929, af93d71e-9597-43d1-a0d9-fd03e0850daa:192.168.157.200:36925], old=null at 1
2019-10-11 04:55:00,141 [grpc-default-executor-0] WARN  server.GrpcLogAppender (LogUtils.java:warn(134)) - af93d71e-9597-43d1-a0d9-fd03e0850daa@group-B594624CFC31->85dedb5c-0475-48d6-91a5-f8922a1c9690-AppendLogResponseHandler: Failed appendEntries: org.apache.ratis.thirdparty.io.grpc.StatusRuntimeException: UNAVAILABLE: io exception
2019-10-11 04:55:00,145 [grpc-default-executor-0] INFO  impl.FollowerInfo (FollowerInfo.java:lambda$new$0(51)) - af93d71e-9597-43d1-a0d9-fd03e0850daa@group-B594624CFC31->85dedb5c-0475-48d6-91a5-f8922a1c9690: nextIndex: updateUnconditionally 1 -> 0
2019-10-11 04:55:00,146 [grpc-default-executor-4] INFO  impl.RaftServerImpl (ServerState.java:setLeader(253)) - f486f1b0-a775-4c38-857e-a3674efc25f6@group-B594624CFC31: change Leader from null to af93d71e-9597-43d1-a0d9-fd03e0850daa at term 3 for appendEntries, leader elected after 37ms
2019-10-11 04:55:00,146 [af93d71e-9597-43d1-a0d9-fd03e0850daa@group-B594624CFC31-SegmentedRaftLogWorker] INFO  segmented.SegmentedRaftLogWorker (SegmentedRaftLogWorker.java:execute(526)) - af93d71e-9597-43d1-a0d9-fd03e0850daa@group-B594624CFC31-SegmentedRaftLogWorker: Rolled log segment from /workdir/hadoop-ozone/integration-test/target/test-dir/MiniOzoneClusterImpl-44c36d6d-90e1-4198-8449-e8899faa44e9/datanode-3/data/ratis/5b26041f-e257-4eb4-bd98-b594624cfc31/current/log_inprogress_0 to /workdir/hadoop-ozone/integration-test/target/test-dir/MiniOzoneClusterImpl-44c36d6d-90e1-4198-8449-e8899faa44e9/datanode-3/data/ratis/5b26041f-e257-4eb4-bd98-b594624cfc31/current/log_0-0
2019-10-11 04:55:00,150 [grpc-default-executor-4] INFO  impl.RaftServerImpl (ServerState.java:setRaftConf(354)) - f486f1b0-a775-4c38-857e-a3674efc25f6@group-B594624CFC31: set configuration 1: [f486f1b0-a775-4c38-857e-a3674efc25f6:192.168.157.200:46251, 85dedb5c-0475-48d6-91a5-f8922a1c9690:192.168.157.200:34929, af93d71e-9597-43d1-a0d9-fd03e0850daa:192.168.157.200:36925], old=null at 1
2019-10-11 04:55:00,150 [grpc-default-executor-4] INFO  segmented.SegmentedRaftLogWorker (SegmentedRaftLogWorker.java:rollLogSegment(385)) - f486f1b0-a775-4c38-857e-a3674efc25f6@group-B594624CFC31-SegmentedRaftLogWorker: Rolling segment log-0_0 to index:0
2019-10-11 04:55:00,151 [f486f1b0-a775-4c38-857e-a3674efc25f6@group-B594624CFC31-SegmentedRaftLogWorker] INFO  segmented.SegmentedRaftLogWorker (SegmentedRaftLogWorker.java:execute(526)) - f486f1b0-a775-4c38-857e-a3674efc25f6@group-B594624CFC31-SegmentedRaftLogWorker: Rolled log segment from /workdir/hadoop-ozone/integration-test/target/test-dir/MiniOzoneClusterImpl-44c36d6d-90e1-4198-8449-e8899faa44e9/datanode-5/data/ratis/5b26041f-e257-4eb4-bd98-b594624cfc31/current/log_inprogress_0 to /workdir/hadoop-ozone/integration-test/target/test-dir/MiniOzoneClusterImpl-44c36d6d-90e1-4198-8449-e8899faa44e9/datanode-5/data/ratis/5b26041f-e257-4eb4-bd98-b594624cfc31/current/log_0-0
2019-10-11 04:55:00,194 [af93d71e-9597-43d1-a0d9-fd03e0850daa@group-B594624CFC31-SegmentedRaftLogWorker] INFO  segmented.SegmentedRaftLogWorker (SegmentedRaftLogWorker.java:execute(569)) - af93d71e-9597-43d1-a0d9-fd03e0850daa@group-B594624CFC31-SegmentedRaftLogWorker: created new log segment /workdir/hadoop-ozone/integration-test/target/test-dir/MiniOzoneClusterImpl-44c36d6d-90e1-4198-8449-e8899faa44e9/datanode-3/data/ratis/5b26041f-e257-4eb4-bd98-b594624cfc31/current/log_inprogress_1
2019-10-11 04:55:00,221 [grpc-default-executor-1] WARN  server.GrpcLogAppender (LogUtils.java:warn(134)) - af93d71e-9597-43d1-a0d9-fd03e0850daa@group-6EB4CB2E655A->85dedb5c-0475-48d6-91a5-f8922a1c9690-AppendLogResponseHandler: Failed appendEntries: org.apache.ratis.thirdparty.io.grpc.StatusRuntimeException: UNAVAILABLE: io exception
2019-10-11 04:55:00,225 [grpc-default-executor-1] INFO  impl.FollowerInfo (FollowerInfo.java:lambda$new$0(51)) - af93d71e-9597-43d1-a0d9-fd03e0850daa@group-6EB4CB2E655A->85dedb5c-0475-48d6-91a5-f8922a1c9690: nextIndex: updateUnconditionally 15 -> 14
2019-10-11 04:55:00,232 [f486f1b0-a775-4c38-857e-a3674efc25f6@group-B594624CFC31-SegmentedRaftLogWorker] INFO  segmented.SegmentedRaftLogWorker (SegmentedRaftLogWorker.java:execute(569)) - f486f1b0-a775-4c38-857e-a3674efc25f6@group-B594624CFC31-SegmentedRaftLogWorker: created new log segment /workdir/hadoop-ozone/integration-test/target/test-dir/MiniOzoneClusterImpl-44c36d6d-90e1-4198-8449-e8899faa44e9/datanode-5/data/ratis/5b26041f-e257-4eb4-bd98-b594624cfc31/current/log_inprogress_1
2019-10-11 04:55:00,251 [grpc-default-executor-0] WARN  server.GrpcLogAppender (LogUtils.java:warn(134)) - af93d71e-9597-43d1-a0d9-fd03e0850daa@group-B594624CFC31->85dedb5c-0475-48d6-91a5-f8922a1c9690-AppendLogResponseHandler: Failed appendEntries: org.apache.ratis.thirdparty.io.grpc.StatusRuntimeException: UNAVAILABLE: io exception
2019-10-11 04:55:00,254 [grpc-default-executor-0] INFO  impl.FollowerInfo (FollowerInfo.java:lambda$new$0(51)) - af93d71e-9597-43d1-a0d9-fd03e0850daa@group-B594624CFC31->85dedb5c-0475-48d6-91a5-f8922a1c9690: nextIndex: updateUnconditionally 1 -> 0
2019-10-11 04:55:00,263 [grpc-default-executor-4] WARN  server.GrpcLogAppender (LogUtils.java:warn(134)) - af93d71e-9597-43d1-a0d9-fd03e0850daa@group-B594624CFC31->85dedb5c-0475-48d6-91a5-f8922a1c9690-AppendLogResponseHandler: Failed appendEntries: org.apache.ratis.thirdparty.io.grpc.StatusRuntimeException: UNAVAILABLE: io exception
2019-10-11 04:55:00,265 [grpc-default-executor-4] INFO  impl.FollowerInfo (FollowerInfo.java:lambda$new$0(51)) - af93d71e-9597-43d1-a0d9-fd03e0850daa@group-B594624CFC31->85dedb5c-0475-48d6-91a5-f8922a1c9690: nextIndex: updateUnconditionally 1 -> 0
2019-10-11 04:55:00,716 [grpc-default-executor-1] WARN  server.GrpcLogAppender (LogUtils.java:warn(134)) - af93d71e-9597-43d1-a0d9-fd03e0850daa@group-6EB4CB2E655A->85dedb5c-0475-48d6-91a5-f8922a1c9690-AppendLogResponseHandler: Failed appendEntries: org.apache.ratis.thirdparty.io.grpc.StatusRuntimeException: UNAVAILABLE: io exception
2019-10-11 04:55:00,718 [grpc-default-executor-1] INFO  impl.FollowerInfo (FollowerInfo.java:lambda$new$0(51)) - af93d71e-9597-43d1-a0d9-fd03e0850daa@group-6EB4CB2E655A->85dedb5c-0475-48d6-91a5-f8922a1c9690: nextIndex: updateUnconditionally 14 -> 13
2019-10-11 04:55:00,771 [grpc-default-executor-4] WARN  server.GrpcLogAppender (LogUtils.java:warn(134)) - af93d71e-9597-43d1-a0d9-fd03e0850daa@group-B594624CFC31->85dedb5c-0475-48d6-91a5-f8922a1c9690-AppendLogResponseHandler: Failed appendEntries: org.apache.ratis.thirdparty.io.grpc.StatusRuntimeException: UNAVAILABLE: io exception
2019-10-11 04:55:00,774 [grpc-default-executor-4] INFO  impl.FollowerInfo (FollowerInfo.java:lambda$new$0(51)) - af93d71e-9597-43d1-a0d9-fd03e0850daa@group-B594624CFC31->85dedb5c-0475-48d6-91a5-f8922a1c9690: nextIndex: updateUnconditionally 0 -> 0
2019-10-11 04:55:01,217 [grpc-default-executor-0] WARN  server.GrpcLogAppender (LogUtils.java:warn(134)) - af93d71e-9597-43d1-a0d9-fd03e0850daa@group-6EB4CB2E655A->85dedb5c-0475-48d6-91a5-f8922a1c9690-AppendLogResponseHandler: Failed appendEntries: org.apache.ratis.thirdparty.io.grpc.StatusRuntimeException: UNAVAILABLE: io exception
2019-10-11 04:55:01,220 [grpc-default-executor-0] INFO  impl.FollowerInfo (FollowerInfo.java:lambda$new$0(51)) - af93d71e-9597-43d1-a0d9-fd03e0850daa@group-6EB4CB2E655A->85dedb5c-0475-48d6-91a5-f8922a1c9690: nextIndex: updateUnconditionally 13 -> 12
2019-10-11 04:55:01,271 [grpc-default-executor-4] WARN  server.GrpcLogAppender (LogUtils.java:warn(134)) - af93d71e-9597-43d1-a0d9-fd03e0850daa@group-B594624CFC31->85dedb5c-0475-48d6-91a5-f8922a1c9690-AppendLogResponseHandler: Failed appendEntries: org.apache.ratis.thirdparty.io.grpc.StatusRuntimeException: UNAVAILABLE: io exception
2019-10-11 04:55:01,274 [grpc-default-executor-4] INFO  impl.FollowerInfo (FollowerInfo.java:lambda$new$0(51)) - af93d71e-9597-43d1-a0d9-fd03e0850daa@group-B594624CFC31->85dedb5c-0475-48d6-91a5-f8922a1c9690: nextIndex: updateUnconditionally 0 -> 0
2019-10-11 04:55:01,718 [grpc-default-executor-0] WARN  server.GrpcLogAppender (LogUtils.java:warn(134)) - af93d71e-9597-43d1-a0d9-fd03e0850daa@group-6EB4CB2E655A->85dedb5c-0475-48d6-91a5-f8922a1c9690-AppendLogResponseHandler: Failed appendEntries: org.apache.ratis.thirdparty.io.grpc.StatusRuntimeException: UNAVAILABLE: io exception
2019-10-11 04:55:01,722 [grpc-default-executor-0] INFO  impl.FollowerInfo (FollowerInfo.java:lambda$new$0(51)) - af93d71e-9597-43d1-a0d9-fd03e0850daa@group-6EB4CB2E655A->85dedb5c-0475-48d6-91a5-f8922a1c9690: nextIndex: updateUnconditionally 12 -> 11
2019-10-11 04:55:01,772 [grpc-default-executor-4] WARN  server.GrpcLogAppender (LogUtils.java:warn(134)) - af93d71e-9597-43d1-a0d9-fd03e0850daa@group-B594624CFC31->85dedb5c-0475-48d6-91a5-f8922a1c9690-AppendLogResponseHandler: Failed appendEntries: org.apache.ratis.thirdparty.io.grpc.StatusRuntimeException: UNAVAILABLE: io exception
2019-10-11 04:55:01,775 [grpc-default-executor-4] INFO  impl.FollowerInfo (FollowerInfo.java:lambda$new$0(51)) - af93d71e-9597-43d1-a0d9-fd03e0850daa@group-B594624CFC31->85dedb5c-0475-48d6-91a5-f8922a1c9690: nextIndex: updateUnconditionally 0 -> 0
2019-10-11 04:55:02,220 [grpc-default-executor-0] WARN  server.GrpcLogAppender (LogUtils.java:warn(134)) - af93d71e-9597-43d1-a0d9-fd03e0850daa@group-6EB4CB2E655A->85dedb5c-0475-48d6-91a5-f8922a1c9690-AppendLogResponseHandler: Failed appendEntries: org.apache.ratis.thirdparty.io.grpc.StatusRuntimeException: UNAVAILABLE: io exception
2019-10-11 04:55:02,223 [grpc-default-executor-0] INFO  impl.FollowerInfo (FollowerInfo.java:lambda$new$0(51)) - af93d71e-9597-43d1-a0d9-fd03e0850daa@group-6EB4CB2E655A->85dedb5c-0475-48d6-91a5-f8922a1c9690: nextIndex: updateUnconditionally 11 -> 10
2019-10-11 04:55:02,273 [grpc-default-executor-4] WARN  server.GrpcLogAppender (LogUtils.java:warn(134)) - af93d71e-9597-43d1-a0d9-fd03e0850daa@group-B594624CFC31->85dedb5c-0475-48d6-91a5-f8922a1c9690-AppendLogResponseHandler: Failed appendEntries: org.apache.ratis.thirdparty.io.grpc.StatusRuntimeException: UNAVAILABLE: io exception
2019-10-11 04:55:02,281 [grpc-default-executor-4] INFO  impl.FollowerInfo (FollowerInfo.java:lambda$new$0(51)) - af93d71e-9597-43d1-a0d9-fd03e0850daa@group-B594624CFC31->85dedb5c-0475-48d6-91a5-f8922a1c9690: nextIndex: updateUnconditionally 0 -> 0
2019-10-11 04:55:02,721 [grpc-default-executor-1] WARN  server.GrpcLogAppender (LogUtils.java:warn(134)) - af93d71e-9597-43d1-a0d9-fd03e0850daa@group-6EB4CB2E655A->85dedb5c-0475-48d6-91a5-f8922a1c9690-AppendLogResponseHandler: Failed appendEntries: org.apache.ratis.thirdparty.io.grpc.StatusRuntimeException: UNAVAILABLE: io exception
2019-10-11 04:55:02,724 [grpc-default-executor-1] INFO  impl.FollowerInfo (FollowerInfo.java:lambda$new$0(51)) - af93d71e-9597-43d1-a0d9-fd03e0850daa@group-6EB4CB2E655A->85dedb5c-0475-48d6-91a5-f8922a1c9690: nextIndex: updateUnconditionally 10 -> 9
2019-10-11 04:55:02,774 [grpc-default-executor-0] WARN  server.GrpcLogAppender (LogUtils.java:warn(134)) - af93d71e-9597-43d1-a0d9-fd03e0850daa@group-B594624CFC31->85dedb5c-0475-48d6-91a5-f8922a1c9690-AppendLogResponseHandler: Failed appendEntries: org.apache.ratis.thirdparty.io.grpc.StatusRuntimeException: UNAVAILABLE: io exception
2019-10-11 04:55:02,777 [grpc-default-executor-0] INFO  impl.FollowerInfo (FollowerInfo.java:lambda$new$0(51)) - af93d71e-9597-43d1-a0d9-fd03e0850daa@group-B594624CFC31->85dedb5c-0475-48d6-91a5-f8922a1c9690: nextIndex: updateUnconditionally 0 -> 0
2019-10-11 04:55:03,222 [grpc-default-executor-1] WARN  server.GrpcLogAppender (LogUtils.java:warn(134)) - af93d71e-9597-43d1-a0d9-fd03e0850daa@group-6EB4CB2E655A->85dedb5c-0475-48d6-91a5-f8922a1c9690-AppendLogResponseHandler: Failed appendEntries: org.apache.ratis.thirdparty.io.grpc.StatusRuntimeException: UNAVAILABLE: io exception
2019-10-11 04:55:03,225 [grpc-default-executor-1] INFO  impl.FollowerInfo (FollowerInfo.java:lambda$new$0(51)) - af93d71e-9597-43d1-a0d9-fd03e0850daa@group-6EB4CB2E655A->85dedb5c-0475-48d6-91a5-f8922a1c9690: nextIndex: updateUnconditionally 9 -> 8
2019-10-11 04:55:03,275 [grpc-default-executor-0] WARN  server.GrpcLogAppender (LogUtils.java:warn(134)) - af93d71e-9597-43d1-a0d9-fd03e0850daa@group-B594624CFC31->85dedb5c-0475-48d6-91a5-f8922a1c9690-AppendLogResponseHandler: Failed appendEntries: org.apache.ratis.thirdparty.io.grpc.StatusRuntimeException: UNAVAILABLE: io exception
2019-10-11 04:55:03,277 [grpc-default-executor-0] INFO  impl.FollowerInfo (FollowerInfo.java:lambda$new$0(51)) - af93d71e-9597-43d1-a0d9-fd03e0850daa@group-B594624CFC31->85dedb5c-0475-48d6-91a5-f8922a1c9690: nextIndex: updateUnconditionally 0 -> 0
2019-10-11 04:55:03,726 [grpc-default-executor-1] WARN  server.GrpcLogAppender (LogUtils.java:warn(134)) - af93d71e-9597-43d1-a0d9-fd03e0850daa@group-6EB4CB2E655A->85dedb5c-0475-48d6-91a5-f8922a1c9690-AppendLogResponseHandler: Failed appendEntries: org.apache.ratis.thirdparty.io.grpc.StatusRuntimeException: UNAVAILABLE: io exception
2019-10-11 04:55:03,734 [grpc-default-executor-1] INFO  impl.FollowerInfo (FollowerInfo.java:lambda$new$0(51)) - af93d71e-9597-43d1-a0d9-fd03e0850daa@group-6EB4CB2E655A->85dedb5c-0475-48d6-91a5-f8922a1c9690: nextIndex: updateUnconditionally 8 -> 7
2019-10-11 04:55:03,776 [grpc-default-executor-0] WARN  server.GrpcLogAppender (LogUtils.java:warn(134)) - af93d71e-9597-43d1-a0d9-fd03e0850daa@group-B594624CFC31->85dedb5c-0475-48d6-91a5-f8922a1c9690-AppendLogResponseHandler: Failed appendEntries: org.apache.ratis.thirdparty.io.grpc.StatusRuntimeException: UNAVAILABLE: io exception
2019-10-11 04:55:03,779 [grpc-default-executor-0] INFO  impl.FollowerInfo (FollowerInfo.java:lambda$new$0(51)) - af93d71e-9597-43d1-a0d9-fd03e0850daa@group-B594624CFC31->85dedb5c-0475-48d6-91a5-f8922a1c9690: nextIndex: updateUnconditionally 0 -> 0
2019-10-11 04:55:04,245 [grpc-default-executor-4] WARN  server.GrpcLogAppender (LogUtils.java:warn(134)) - af93d71e-9597-43d1-a0d9-fd03e0850daa@group-6EB4CB2E655A->85dedb5c-0475-48d6-91a5-f8922a1c9690-AppendLogResponseHandler: Failed appendEntries: org.apache.ratis.thirdparty.io.grpc.StatusRuntimeException: UNAVAILABLE: io exception
2019-10-11 04:55:04,248 [grpc-default-executor-4] INFO  impl.FollowerInfo (FollowerInfo.java:lambda$new$0(51)) - af93d71e-9597-43d1-a0d9-fd03e0850daa@group-6EB4CB2E655A->85dedb5c-0475-48d6-91a5-f8922a1c9690: nextIndex: updateUnconditionally 7 -> 6
2019-10-11 04:55:04,277 [grpc-default-executor-3] WARN  server.GrpcLogAppender (LogUtils.java:warn(134)) - af93d71e-9597-43d1-a0d9-fd03e0850daa@group-B594624CFC31->85dedb5c-0475-48d6-91a5-f8922a1c9690-AppendLogResponseHandler: Failed appendEntries: org.apache.ratis.thirdparty.io.grpc.StatusRuntimeException: UNAVAILABLE: io exception
2019-10-11 04:55:04,279 [grpc-default-executor-3] INFO  impl.FollowerInfo (FollowerInfo.java:lambda$new$0(51)) - af93d71e-9597-43d1-a0d9-fd03e0850daa@group-B594624CFC31->85dedb5c-0475-48d6-91a5-f8922a1c9690: nextIndex: updateUnconditionally 0 -> 0
2019-10-11 04:55:04,362 [main] INFO  ozoneimpl.OzoneContainer (OzoneContainer.java:stop(231)) - Attempting to stop container services.
2019-10-11 04:55:04,362 [main] INFO  impl.RaftServerProxy (RaftServerProxy.java:lambda$close$4(314)) - f486f1b0-a775-4c38-857e-a3674efc25f6: close
2019-10-11 04:55:04,363 [main] INFO  impl.RaftServerImpl (RaftServerImpl.java:lambda$shutdown$3(251)) - f486f1b0-a775-4c38-857e-a3674efc25f6@group-3C4CC12137DD: shutdown
2019-10-11 04:55:04,363 [ForkJoinPool.commonPool-worker-0] INFO  impl.RaftServerImpl (RaftServerImpl.java:lambda$shutdown$3(251)) - f486f1b0-a775-4c38-857e-a3674efc25f6@group-B594624CFC31: shutdown
2019-10-11 04:55:04,363 [main] INFO  util.JmxRegister (JmxRegister.java:unregister(73)) - Successfully un-registered JMX Bean with object name Ratis:service=RaftServer,group=group-3C4CC12137DD,id=f486f1b0-a775-4c38-857e-a3674efc25f6
2019-10-11 04:55:04,364 [ForkJoinPool.commonPool-worker-0] INFO  util.JmxRegister (JmxRegister.java:unregister(73)) - Successfully un-registered JMX Bean with object name Ratis:service=RaftServer,group=group-B594624CFC31,id=f486f1b0-a775-4c38-857e-a3674efc25f6
2019-10-11 04:55:04,364 [main] INFO  impl.RoleInfo (RoleInfo.java:shutdownLeaderState(104)) - f486f1b0-a775-4c38-857e-a3674efc25f6: shutdown LeaderState
2019-10-11 04:55:04,364 [ForkJoinPool.commonPool-worker-0] INFO  impl.RoleInfo (RoleInfo.java:shutdownFollowerState(121)) - f486f1b0-a775-4c38-857e-a3674efc25f6: shutdown FollowerState
2019-10-11 04:55:04,364 [main] INFO  impl.PendingRequests (PendingRequests.java:sendNotLeaderResponses(202)) - f486f1b0-a775-4c38-857e-a3674efc25f6-PendingRequests: sendNotLeaderResponses
2019-10-11 04:55:04,364 [Thread-581] INFO  impl.FollowerState (FollowerState.java:run(115)) - f486f1b0-a775-4c38-857e-a3674efc25f6: FollowerState was interrupted: java.lang.InterruptedException: sleep interrupted
2019-10-11 04:55:04,365 [main] INFO  impl.StateMachineUpdater (StateMachineUpdater.java:stopAndJoin(125)) - f486f1b0-a775-4c38-857e-a3674efc25f6@group-3C4CC12137DD-StateMachineUpdater: set stopIndex = 0
2019-10-11 04:55:04,364 [ForkJoinPool.commonPool-worker-0] INFO  impl.StateMachineUpdater (StateMachineUpdater.java:stopAndJoin(125)) - f486f1b0-a775-4c38-857e-a3674efc25f6@group-B594624CFC31-StateMachineUpdater: set stopIndex = 2
2019-10-11 04:55:04,367 [main] INFO  impl.RaftServerImpl (ServerState.java:close(385)) - f486f1b0-a775-4c38-857e-a3674efc25f6@group-3C4CC12137DD: closes. applyIndex: 0
2019-10-11 04:55:04,367 [ForkJoinPool.commonPool-worker-0] INFO  impl.RaftServerImpl (ServerState.java:close(385)) - f486f1b0-a775-4c38-857e-a3674efc25f6@group-B594624CFC31: closes. applyIndex: 2
2019-10-11 04:55:04,368 [f486f1b0-a775-4c38-857e-a3674efc25f6@group-3C4CC12137DD-SegmentedRaftLogWorker] INFO  segmented.SegmentedRaftLogWorker (SegmentedRaftLogWorker.java:run(313)) - f486f1b0-a775-4c38-857e-a3674efc25f6@group-3C4CC12137DD-SegmentedRaftLogWorker was interrupted, exiting. There are 0 tasks remaining in the queue.
2019-10-11 04:55:04,368 [f486f1b0-a775-4c38-857e-a3674efc25f6@group-B594624CFC31-SegmentedRaftLogWorker] INFO  segmented.SegmentedRaftLogWorker (SegmentedRaftLogWorker.java:run(313)) - f486f1b0-a775-4c38-857e-a3674efc25f6@group-B594624CFC31-SegmentedRaftLogWorker was interrupted, exiting. There are 0 tasks remaining in the queue.
2019-10-11 04:55:04,370 [main] INFO  segmented.SegmentedRaftLogWorker (SegmentedRaftLogWorker.java:close(228)) - f486f1b0-a775-4c38-857e-a3674efc25f6@group-3C4CC12137DD-SegmentedRaftLogWorker close()
2019-10-11 04:55:04,373 [ForkJoinPool.commonPool-worker-0] INFO  segmented.SegmentedRaftLogWorker (SegmentedRaftLogWorker.java:close(228)) - f486f1b0-a775-4c38-857e-a3674efc25f6@group-B594624CFC31-SegmentedRaftLogWorker close()
2019-10-11 04:55:04,377 [ForkJoinPool.commonPool-worker-0] INFO  impl.RaftServerImpl (RaftServerImpl.java:lambda$shutdown$3(251)) - f486f1b0-a775-4c38-857e-a3674efc25f6@group-6EB4CB2E655A: shutdown
2019-10-11 04:55:04,377 [ForkJoinPool.commonPool-worker-0] INFO  util.JmxRegister (JmxRegister.java:unregister(73)) - Successfully un-registered JMX Bean with object name Ratis:service=RaftServer,group=group-6EB4CB2E655A,id=f486f1b0-a775-4c38-857e-a3674efc25f6
2019-10-11 04:55:04,377 [ForkJoinPool.commonPool-worker-0] INFO  impl.RoleInfo (RoleInfo.java:shutdownFollowerState(121)) - f486f1b0-a775-4c38-857e-a3674efc25f6: shutdown FollowerState
2019-10-11 04:55:04,377 [ForkJoinPool.commonPool-worker-0] INFO  impl.StateMachineUpdater (StateMachineUpdater.java:stopAndJoin(125)) - f486f1b0-a775-4c38-857e-a3674efc25f6@group-6EB4CB2E655A-StateMachineUpdater: set stopIndex = 16
2019-10-11 04:55:04,378 [Thread-402] INFO  impl.FollowerState (FollowerState.java:run(115)) - f486f1b0-a775-4c38-857e-a3674efc25f6: FollowerState was interrupted: java.lang.InterruptedException: sleep interrupted
2019-10-11 04:55:04,378 [f486f1b0-a775-4c38-857e-a3674efc25f6@group-6EB4CB2E655A-StateMachineUpdater] INFO  ratis.ContainerStateMachine (ContainerStateMachine.java:takeSnapshot(289)) - group-6EB4CB2E655A: Taking a snapshot at:(t:2, i:14) file /workdir/hadoop-ozone/integration-test/target/test-dir/MiniOzoneClusterImpl-44c36d6d-90e1-4198-8449-e8899faa44e9/datanode-5/data/ratis/cfc2e356-49e6-4ca6-97b8-6eb4cb2e655a/sm/snapshot.2_14
2019-10-11 04:55:04,405 [f486f1b0-a775-4c38-857e-a3674efc25f6@group-6EB4CB2E655A-StateMachineUpdater] INFO  ratis.ContainerStateMachine (ContainerStateMachine.java:takeSnapshot(300)) - group-6EB4CB2E655A: Finished taking a snapshot at:(t:2, i:14) file:/workdir/hadoop-ozone/integration-test/target/test-dir/MiniOzoneClusterImpl-44c36d6d-90e1-4198-8449-e8899faa44e9/datanode-5/data/ratis/cfc2e356-49e6-4ca6-97b8-6eb4cb2e655a/sm/snapshot.2_14 time:28
2019-10-11 04:55:04,406 [f486f1b0-a775-4c38-857e-a3674efc25f6@group-6EB4CB2E655A-StateMachineUpdater] INFO  impl.StateMachineUpdater (StateMachineUpdater.java:takeSnapshot(258)) - f486f1b0-a775-4c38-857e-a3674efc25f6@group-6EB4CB2E655A-StateMachineUpdater: Took a snapshot at index 14
2019-10-11 04:55:04,406 [f486f1b0-a775-4c38-857e-a3674efc25f6@group-6EB4CB2E655A-StateMachineUpdater] INFO  impl.StateMachineUpdater (StateMachineUpdater.java:lambda$new$0(83)) - f486f1b0-a775-4c38-857e-a3674efc25f6@group-6EB4CB2E655A-StateMachineUpdater: snapshotIndex: updateIncreasingly -1 -> 14
2019-10-11 04:55:04,406 [f486f1b0-a775-4c38-857e-a3674efc25f6@group-6EB4CB2E655A-StateMachineUpdater] INFO  ratis.ContainerStateMachine (ContainerStateMachine.java:takeSnapshot(289)) - group-6EB4CB2E655A: Taking a snapshot at:(t:2, i:14) file /workdir/hadoop-ozone/integration-test/target/test-dir/MiniOzoneClusterImpl-44c36d6d-90e1-4198-8449-e8899faa44e9/datanode-5/data/ratis/cfc2e356-49e6-4ca6-97b8-6eb4cb2e655a/sm/snapshot.2_14
2019-10-11 04:55:04,419 [f486f1b0-a775-4c38-857e-a3674efc25f6@group-6EB4CB2E655A-StateMachineUpdater] INFO  ratis.ContainerStateMachine (ContainerStateMachine.java:takeSnapshot(300)) - group-6EB4CB2E655A: Finished taking a snapshot at:(t:2, i:14) file:/workdir/hadoop-ozone/integration-test/target/test-dir/MiniOzoneClusterImpl-44c36d6d-90e1-4198-8449-e8899faa44e9/datanode-5/data/ratis/cfc2e356-49e6-4ca6-97b8-6eb4cb2e655a/sm/snapshot.2_14 time:12
2019-10-11 04:55:04,419 [f486f1b0-a775-4c38-857e-a3674efc25f6@group-6EB4CB2E655A-StateMachineUpdater] INFO  impl.StateMachineUpdater (StateMachineUpdater.java:takeSnapshot(258)) - f486f1b0-a775-4c38-857e-a3674efc25f6@group-6EB4CB2E655A-StateMachineUpdater: Took a snapshot at index 14
2019-10-11 04:55:04,419 [f486f1b0-a775-4c38-857e-a3674efc25f6@group-6EB4CB2E655A-StateMachineUpdater] INFO  impl.StateMachineUpdater (StateMachineUpdater.java:lambda$new$0(83)) - f486f1b0-a775-4c38-857e-a3674efc25f6@group-6EB4CB2E655A-StateMachineUpdater: snapshotIndex: updateIncreasingly 14 -> 14
2019-10-11 04:55:04,420 [ForkJoinPool.commonPool-worker-0] INFO  impl.RaftServerImpl (ServerState.java:close(385)) - f486f1b0-a775-4c38-857e-a3674efc25f6@group-6EB4CB2E655A: closes. applyIndex: 16
2019-10-11 04:55:04,420 [f486f1b0-a775-4c38-857e-a3674efc25f6@group-6EB4CB2E655A-SegmentedRaftLogWorker] INFO  segmented.SegmentedRaftLogWorker (SegmentedRaftLogWorker.java:run(313)) - f486f1b0-a775-4c38-857e-a3674efc25f6@group-6EB4CB2E655A-SegmentedRaftLogWorker was interrupted, exiting. There are 0 tasks remaining in the queue.
2019-10-11 04:55:04,422 [ForkJoinPool.commonPool-worker-0] INFO  segmented.SegmentedRaftLogWorker (SegmentedRaftLogWorker.java:close(228)) - f486f1b0-a775-4c38-857e-a3674efc25f6@group-6EB4CB2E655A-SegmentedRaftLogWorker close()
2019-10-11 04:55:04,423 [main] INFO  server.GrpcService (GrpcService.java:closeImpl(164)) - f486f1b0-a775-4c38-857e-a3674efc25f6: shutdown server with port 46251 now
2019-10-11 04:55:04,424 [grpc-default-executor-4] WARN  server.GrpcServerProtocolService (LogUtils.java:warn(134)) - f486f1b0-a775-4c38-857e-a3674efc25f6: installSnapshot onError, lastRequest: af93d71e-9597-43d1-a0d9-fd03e0850daa->f486f1b0-a775-4c38-857e-a3674efc25f6#37-t2, previous=(t:2, i:16), leaderCommit=16, initializing? false, entries: <empty>: org.apache.ratis.thirdparty.io.grpc.StatusRuntimeException: CANCELLED: cancelled before receiving half close
2019-10-11 04:55:04,424 [grpc-default-executor-1] WARN  server.GrpcServerProtocolService (LogUtils.java:warn(134)) - f486f1b0-a775-4c38-857e-a3674efc25f6: installSnapshot onError, lastRequest: af93d71e-9597-43d1-a0d9-fd03e0850daa->f486f1b0-a775-4c38-857e-a3674efc25f6#10-t3, previous=(t:3, i:2), leaderCommit=2, initializing? false, entries: <empty>: org.apache.ratis.thirdparty.io.grpc.StatusRuntimeException: CANCELLED: cancelled before receiving half close
2019-10-11 04:55:04,427 [main] INFO  server.GrpcService (GrpcService.java:closeImpl(172)) - f486f1b0-a775-4c38-857e-a3674efc25f6: shutdown server with port 46251 successfully
2019-10-11 04:55:04,427 [grpc-default-executor-0] WARN  server.GrpcLogAppender (LogUtils.java:warn(134)) - af93d71e-9597-43d1-a0d9-fd03e0850daa@group-B594624CFC31->f486f1b0-a775-4c38-857e-a3674efc25f6-AppendLogResponseHandler: Failed appendEntries: org.apache.ratis.thirdparty.io.grpc.StatusRuntimeException: CANCELLED: HTTP/2 error code: CANCEL
Received Rst Stream
2019-10-11 04:55:04,427 [grpc-default-executor-3] WARN  server.GrpcLogAppender (LogUtils.java:warn(134)) - af93d71e-9597-43d1-a0d9-fd03e0850daa@group-6EB4CB2E655A->f486f1b0-a775-4c38-857e-a3674efc25f6-AppendLogResponseHandler: Failed appendEntries: org.apache.ratis.thirdparty.io.grpc.StatusRuntimeException: CANCELLED: HTTP/2 error code: CANCEL
Received Rst Stream
2019-10-11 04:55:04,430 [grpc-default-executor-0] INFO  impl.FollowerInfo (FollowerInfo.java:lambda$new$0(51)) - af93d71e-9597-43d1-a0d9-fd03e0850daa@group-B594624CFC31->f486f1b0-a775-4c38-857e-a3674efc25f6: nextIndex: updateUnconditionally 3 -> 2
2019-10-11 04:55:04,430 [grpc-default-executor-3] INFO  impl.FollowerInfo (FollowerInfo.java:lambda$new$0(51)) - af93d71e-9597-43d1-a0d9-fd03e0850daa@group-6EB4CB2E655A->f486f1b0-a775-4c38-857e-a3674efc25f6: nextIndex: updateUnconditionally 17 -> 16
2019-10-11 04:55:04,436 [refreshUsed-/workdir/hadoop-ozone/integration-test/target/test-dir/MiniOzoneClusterImpl-44c36d6d-90e1-4198-8449-e8899faa44e9/datanode-5/data/containers] WARN  fs.CachingGetSpaceUsed (CachingGetSpaceUsed.java:run(183)) - Thread Interrupted waiting to refresh disk information: sleep interrupted
2019-10-11 04:55:04,459 [main] INFO  utils.BackgroundService (BackgroundService.java:shutdown(148)) - Shutting down service BlockDeletingService
2019-10-11 04:55:04,465 [main] INFO  statemachine.DatanodeStateMachine (DatanodeStateMachine.java:stopDaemon(395)) - Ozone container server stopped.
2019-10-11 04:55:04,466 [main] INFO  handler.ContextHandler (ContextHandler.java:doStop(910)) - Stopped o.e.j.w.WebAppContext@268cbb86{/,null,UNAVAILABLE}{/hddsDatanode}
2019-10-11 04:55:04,467 [main] INFO  server.AbstractConnector (AbstractConnector.java:doStop(318)) - Stopped ServerConnector@10f7918f{HTTP/1.1,[http/1.1]}{0.0.0.0:0}
2019-10-11 04:55:04,467 [main] INFO  handler.ContextHandler (ContextHandler.java:doStop(910)) - Stopped o.e.j.s.ServletContextHandler@12eedfee{/static,jar:file:/home/user/.m2/repository/org/apache/hadoop/hadoop-hdds-container-service/0.5.0-SNAPSHOT/hadoop-hdds-container-service-0.5.0-SNAPSHOT.jar!/webapps/static,UNAVAILABLE}
2019-10-11 04:55:04,468 [main] INFO  handler.ContextHandler (ContextHandler.java:doStop(910)) - Stopped o.e.j.s.ServletContextHandler@58fef7f7{/logs,file:///workdir/hadoop-ozone/integration-test/target/log,UNAVAILABLE}
2019-10-11 04:55:04,482 [grpc-default-executor-4] WARN  server.GrpcLogAppender (LogUtils.java:warn(134)) - af93d71e-9597-43d1-a0d9-fd03e0850daa@group-6EB4CB2E655A->f486f1b0-a775-4c38-857e-a3674efc25f6-AppendLogResponseHandler: Failed appendEntries: org.apache.ratis.thirdparty.io.grpc.StatusRuntimeException: UNAVAILABLE: io exception
2019-10-11 04:55:04,484 [grpc-default-executor-4] INFO  impl.FollowerInfo (FollowerInfo.java:lambda$new$0(51)) - af93d71e-9597-43d1-a0d9-fd03e0850daa@group-6EB4CB2E655A->f486f1b0-a775-4c38-857e-a3674efc25f6: nextIndex: updateUnconditionally 17 -> 16
2019-10-11 04:55:04,506 [grpc-default-executor-5] WARN  server.GrpcLogAppender (LogUtils.java:warn(134)) - af93d71e-9597-43d1-a0d9-fd03e0850daa@group-6EB4CB2E655A->85dedb5c-0475-48d6-91a5-f8922a1c9690-AppendLogResponseHandler: Failed appendEntries: org.apache.ratis.thirdparty.io.grpc.StatusRuntimeException: UNAVAILABLE: io exception
2019-10-11 04:55:04,507 [grpc-default-executor-5] INFO  impl.FollowerInfo (FollowerInfo.java:lambda$new$0(51)) - af93d71e-9597-43d1-a0d9-fd03e0850daa@group-6EB4CB2E655A->85dedb5c-0475-48d6-91a5-f8922a1c9690: nextIndex: updateUnconditionally 7 -> 6
2019-10-11 04:55:04,508 [grpc-default-executor-4] WARN  server.GrpcLogAppender (LogUtils.java:warn(134)) - af93d71e-9597-43d1-a0d9-fd03e0850daa@group-6EB4CB2E655A->f486f1b0-a775-4c38-857e-a3674efc25f6-AppendLogResponseHandler: Failed appendEntries: org.apache.ratis.thirdparty.io.grpc.StatusRuntimeException: UNAVAILABLE: io exception
2019-10-11 04:55:04,510 [grpc-default-executor-4] INFO  impl.FollowerInfo (FollowerInfo.java:lambda$new$0(51)) - af93d71e-9597-43d1-a0d9-fd03e0850daa@group-6EB4CB2E655A->f486f1b0-a775-4c38-857e-a3674efc25f6: nextIndex: updateUnconditionally 17 -> 16
2019-10-11 04:55:04,511 [grpc-default-executor-3] WARN  server.GrpcLogAppender (LogUtils.java:warn(134)) - af93d71e-9597-43d1-a0d9-fd03e0850daa@group-6EB4CB2E655A->85dedb5c-0475-48d6-91a5-f8922a1c9690-AppendLogResponseHandler: Failed appendEntries: org.apache.ratis.thirdparty.io.grpc.StatusRuntimeException: UNAVAILABLE: io exception
2019-10-11 04:55:04,513 [grpc-default-executor-3] INFO  impl.FollowerInfo (FollowerInfo.java:lambda$new$0(51)) - af93d71e-9597-43d1-a0d9-fd03e0850daa@group-6EB4CB2E655A->85dedb5c-0475-48d6-91a5-f8922a1c9690: nextIndex: updateUnconditionally 7 -> 6
2019-10-11 04:55:04,515 [grpc-default-executor-4] WARN  server.GrpcLogAppender (LogUtils.java:warn(134)) - af93d71e-9597-43d1-a0d9-fd03e0850daa@group-6EB4CB2E655A->f486f1b0-a775-4c38-857e-a3674efc25f6-AppendLogResponseHandler: Failed appendEntries: org.apache.ratis.thirdparty.io.grpc.StatusRuntimeException: UNAVAILABLE: io exception
2019-10-11 04:55:04,517 [grpc-default-executor-4] INFO  impl.FollowerInfo (FollowerInfo.java:lambda$new$0(51)) - af93d71e-9597-43d1-a0d9-fd03e0850daa@group-6EB4CB2E655A->f486f1b0-a775-4c38-857e-a3674efc25f6: nextIndex: updateUnconditionally 17 -> 16
2019-10-11 04:55:04,778 [grpc-default-executor-3] WARN  server.GrpcLogAppender (LogUtils.java:warn(134)) - af93d71e-9597-43d1-a0d9-fd03e0850daa@group-B594624CFC31->85dedb5c-0475-48d6-91a5-f8922a1c9690-AppendLogResponseHandler: Failed appendEntries: org.apache.ratis.thirdparty.io.grpc.StatusRuntimeException: UNAVAILABLE: io exception
2019-10-11 04:55:04,781 [grpc-default-executor-3] INFO  impl.FollowerInfo (FollowerInfo.java:lambda$new$0(51)) - af93d71e-9597-43d1-a0d9-fd03e0850daa@group-B594624CFC31->85dedb5c-0475-48d6-91a5-f8922a1c9690: nextIndex: updateUnconditionally 0 -> 0
2019-10-11 04:55:04,798 [grpc-default-executor-5] WARN  server.GrpcLogAppender (LogUtils.java:warn(134)) - af93d71e-9597-43d1-a0d9-fd03e0850daa@group-B594624CFC31->f486f1b0-a775-4c38-857e-a3674efc25f6-AppendLogResponseHandler: Failed appendEntries: org.apache.ratis.thirdparty.io.grpc.StatusRuntimeException: UNAVAILABLE: io exception
2019-10-11 04:55:04,801 [grpc-default-executor-5] INFO  impl.FollowerInfo (FollowerInfo.java:lambda$new$0(51)) - af93d71e-9597-43d1-a0d9-fd03e0850daa@group-B594624CFC31->f486f1b0-a775-4c38-857e-a3674efc25f6: nextIndex: updateUnconditionally 2 -> 1
2019-10-11 04:55:05,014 [grpc-default-executor-1] WARN  server.GrpcLogAppender (LogUtils.java:warn(134)) - af93d71e-9597-43d1-a0d9-fd03e0850daa@group-6EB4CB2E655A->85dedb5c-0475-48d6-91a5-f8922a1c9690-AppendLogResponseHandler: Failed appendEntries: org.apache.ratis.thirdparty.io.grpc.StatusRuntimeException: UNAVAILABLE: io exception
2019-10-11 04:55:05,017 [grpc-default-executor-1] INFO  impl.FollowerInfo (FollowerInfo.java:lambda$new$0(51)) - af93d71e-9597-43d1-a0d9-fd03e0850daa@group-6EB4CB2E655A->85dedb5c-0475-48d6-91a5-f8922a1c9690: nextIndex: updateUnconditionally 6 -> 5
2019-10-11 04:55:05,018 [grpc-default-executor-3] WARN  server.GrpcLogAppender (LogUtils.java:warn(134)) - af93d71e-9597-43d1-a0d9-fd03e0850daa@group-6EB4CB2E655A->f486f1b0-a775-4c38-857e-a3674efc25f6-AppendLogResponseHandler: Failed appendEntries: org.apache.ratis.thirdparty.io.grpc.StatusRuntimeException: UNAVAILABLE: io exception
2019-10-11 04:55:05,020 [grpc-default-executor-3] INFO  impl.FollowerInfo (FollowerInfo.java:lambda$new$0(51)) - af93d71e-9597-43d1-a0d9-fd03e0850daa@group-6EB4CB2E655A->f486f1b0-a775-4c38-857e-a3674efc25f6: nextIndex: updateUnconditionally 16 -> 15
2019-10-11 04:55:05,279 [grpc-default-executor-5] WARN  server.GrpcLogAppender (LogUtils.java:warn(134)) - af93d71e-9597-43d1-a0d9-fd03e0850daa@group-B594624CFC31->85dedb5c-0475-48d6-91a5-f8922a1c9690-AppendLogResponseHandler: Failed appendEntries: org.apache.ratis.thirdparty.io.grpc.StatusRuntimeException: UNAVAILABLE: io exception
2019-10-11 04:55:05,281 [grpc-default-executor-5] INFO  impl.FollowerInfo (FollowerInfo.java:lambda$new$0(51)) - af93d71e-9597-43d1-a0d9-fd03e0850daa@group-B594624CFC31->85dedb5c-0475-48d6-91a5-f8922a1c9690: nextIndex: updateUnconditionally 0 -> 0
2019-10-11 04:55:05,299 [grpc-default-executor-3] WARN  server.GrpcLogAppender (LogUtils.java:warn(134)) - af93d71e-9597-43d1-a0d9-fd03e0850daa@group-B594624CFC31->f486f1b0-a775-4c38-857e-a3674efc25f6-AppendLogResponseHandler: Failed appendEntries: org.apache.ratis.thirdparty.io.grpc.StatusRuntimeException: UNAVAILABLE: io exception
2019-10-11 04:55:05,302 [grpc-default-executor-3] INFO  impl.FollowerInfo (FollowerInfo.java:lambda$new$0(51)) - af93d71e-9597-43d1-a0d9-fd03e0850daa@group-B594624CFC31->f486f1b0-a775-4c38-857e-a3674efc25f6: nextIndex: updateUnconditionally 1 -> 0
2019-10-11 04:55:05,515 [grpc-default-executor-4] WARN  server.GrpcLogAppender (LogUtils.java:warn(134)) - af93d71e-9597-43d1-a0d9-fd03e0850daa@group-6EB4CB2E655A->85dedb5c-0475-48d6-91a5-f8922a1c9690-AppendLogResponseHandler: Failed appendEntries: org.apache.ratis.thirdparty.io.grpc.StatusRuntimeException: UNAVAILABLE: io exception
2019-10-11 04:55:05,525 [grpc-default-executor-4] INFO  impl.FollowerInfo (FollowerInfo.java:lambda$new$0(51)) - af93d71e-9597-43d1-a0d9-fd03e0850daa@group-6EB4CB2E655A->85dedb5c-0475-48d6-91a5-f8922a1c9690: nextIndex: updateUnconditionally 5 -> 4
2019-10-11 04:55:05,526 [grpc-default-executor-5] WARN  server.GrpcLogAppender (LogUtils.java:warn(134)) - af93d71e-9597-43d1-a0d9-fd03e0850daa@group-6EB4CB2E655A->f486f1b0-a775-4c38-857e-a3674efc25f6-AppendLogResponseHandler: Failed appendEntries: org.apache.ratis.thirdparty.io.grpc.StatusRuntimeException: UNAVAILABLE: io exception
2019-10-11 04:55:05,527 [grpc-default-executor-5] INFO  impl.FollowerInfo (FollowerInfo.java:lambda$new$0(51)) - af93d71e-9597-43d1-a0d9-fd03e0850daa@group-6EB4CB2E655A->f486f1b0-a775-4c38-857e-a3674efc25f6: nextIndex: updateUnconditionally 15 -> 14
2019-10-11 04:55:05,780 [grpc-default-executor-3] WARN  server.GrpcLogAppender (LogUtils.java:warn(134)) - af93d71e-9597-43d1-a0d9-fd03e0850daa@group-B594624CFC31->85dedb5c-0475-48d6-91a5-f8922a1c9690-AppendLogResponseHandler: Failed appendEntries: org.apache.ratis.thirdparty.io.grpc.StatusRuntimeException: UNAVAILABLE: io exception
2019-10-11 04:55:05,781 [grpc-default-executor-3] INFO  impl.FollowerInfo (FollowerInfo.java:lambda$new$0(51)) - af93d71e-9597-43d1-a0d9-fd03e0850daa@group-B594624CFC31->85dedb5c-0475-48d6-91a5-f8922a1c9690: nextIndex: updateUnconditionally 0 -> 0
2019-10-11 04:55:05,800 [grpc-default-executor-4] WARN  server.GrpcLogAppender (LogUtils.java:warn(134)) - af93d71e-9597-43d1-a0d9-fd03e0850daa@group-B594624CFC31->f486f1b0-a775-4c38-857e-a3674efc25f6-AppendLogResponseHandler: Failed appendEntries: org.apache.ratis.thirdparty.io.grpc.StatusRuntimeException: UNAVAILABLE: io exception
2019-10-11 04:55:05,800 [grpc-default-executor-4] INFO  impl.FollowerInfo (FollowerInfo.java:lambda$new$0(51)) - af93d71e-9597-43d1-a0d9-fd03e0850daa@group-B594624CFC31->f486f1b0-a775-4c38-857e-a3674efc25f6: nextIndex: updateUnconditionally 0 -> 0
2019-10-11 04:55:06,016 [grpc-default-executor-5] WARN  server.GrpcLogAppender (LogUtils.java:warn(134)) - af93d71e-9597-43d1-a0d9-fd03e0850daa@group-6EB4CB2E655A->85dedb5c-0475-48d6-91a5-f8922a1c9690-AppendLogResponseHandler: Failed appendEntries: org.apache.ratis.thirdparty.io.grpc.StatusRuntimeException: UNAVAILABLE: io exception
2019-10-11 04:55:06,017 [grpc-default-executor-5] INFO  impl.FollowerInfo (FollowerInfo.java:lambda$new$0(51)) - af93d71e-9597-43d1-a0d9-fd03e0850daa@group-6EB4CB2E655A->85dedb5c-0475-48d6-91a5-f8922a1c9690: nextIndex: updateUnconditionally 4 -> 3
2019-10-11 04:55:06,017 [grpc-default-executor-1] WARN  server.GrpcLogAppender (LogUtils.java:warn(134)) - af93d71e-9597-43d1-a0d9-fd03e0850daa@group-6EB4CB2E655A->f486f1b0-a775-4c38-857e-a3674efc25f6-AppendLogResponseHandler: Failed appendEntries: org.apache.ratis.thirdparty.io.grpc.StatusRuntimeException: UNAVAILABLE: io exception
2019-10-11 04:55:06,018 [grpc-default-executor-1] INFO  impl.FollowerInfo (FollowerInfo.java:lambda$new$0(51)) - af93d71e-9597-43d1-a0d9-fd03e0850daa@group-6EB4CB2E655A->f486f1b0-a775-4c38-857e-a3674efc25f6: nextIndex: updateUnconditionally 14 -> 13
2019-10-11 04:55:06,281 [grpc-default-executor-5] WARN  server.GrpcLogAppender (LogUtils.java:warn(134)) - af93d71e-9597-43d1-a0d9-fd03e0850daa@group-B594624CFC31->85dedb5c-0475-48d6-91a5-f8922a1c9690-AppendLogResponseHandler: Failed appendEntries: org.apache.ratis.thirdparty.io.grpc.StatusRuntimeException: UNAVAILABLE: io exception
2019-10-11 04:55:06,282 [grpc-default-executor-5] INFO  impl.FollowerInfo (FollowerInfo.java:lambda$new$0(51)) - af93d71e-9597-43d1-a0d9-fd03e0850daa@group-B594624CFC31->85dedb5c-0475-48d6-91a5-f8922a1c9690: nextIndex: updateUnconditionally 0 -> 0
2019-10-11 04:55:06,313 [grpc-default-executor-3] WARN  server.GrpcLogAppender (LogUtils.java:warn(134)) - af93d71e-9597-43d1-a0d9-fd03e0850daa@group-B594624CFC31->f486f1b0-a775-4c38-857e-a3674efc25f6-AppendLogResponseHandler: Failed appendEntries: org.apache.ratis.thirdparty.io.grpc.StatusRuntimeException: UNAVAILABLE: io exception
2019-10-11 04:55:06,313 [grpc-default-executor-3] INFO  impl.FollowerInfo (FollowerInfo.java:lambda$new$0(51)) - af93d71e-9597-43d1-a0d9-fd03e0850daa@group-B594624CFC31->f486f1b0-a775-4c38-857e-a3674efc25f6: nextIndex: updateUnconditionally 0 -> 0
2019-10-11 04:55:06,517 [grpc-default-executor-3] WARN  server.GrpcLogAppender (LogUtils.java:warn(134)) - af93d71e-9597-43d1-a0d9-fd03e0850daa@group-6EB4CB2E655A->85dedb5c-0475-48d6-91a5-f8922a1c9690-AppendLogResponseHandler: Failed appendEntries: org.apache.ratis.thirdparty.io.grpc.StatusRuntimeException: UNAVAILABLE: io exception
2019-10-11 04:55:06,517 [grpc-default-executor-3] INFO  impl.FollowerInfo (FollowerInfo.java:lambda$new$0(51)) - af93d71e-9597-43d1-a0d9-fd03e0850daa@group-6EB4CB2E655A->85dedb5c-0475-48d6-91a5-f8922a1c9690: nextIndex: updateUnconditionally 3 -> 2
2019-10-11 04:55:06,518 [grpc-default-executor-3] WARN  server.GrpcLogAppender (LogUtils.java:warn(134)) - af93d71e-9597-43d1-a0d9-fd03e0850daa@group-6EB4CB2E655A->f486f1b0-a775-4c38-857e-a3674efc25f6-AppendLogResponseHandler: Failed appendEntries: org.apache.ratis.thirdparty.io.grpc.StatusRuntimeException: UNAVAILABLE: io exception
2019-10-11 04:55:06,518 [grpc-default-executor-3] INFO  impl.FollowerInfo (FollowerInfo.java:lambda$new$0(51)) - af93d71e-9597-43d1-a0d9-fd03e0850daa@group-6EB4CB2E655A->f486f1b0-a775-4c38-857e-a3674efc25f6: nextIndex: updateUnconditionally 13 -> 12
2019-10-11 04:55:06,782 [grpc-default-executor-1] WARN  server.GrpcLogAppender (LogUtils.java:warn(134)) - af93d71e-9597-43d1-a0d9-fd03e0850daa@group-B594624CFC31->85dedb5c-0475-48d6-91a5-f8922a1c9690-AppendLogResponseHandler: Failed appendEntries: org.apache.ratis.thirdparty.io.grpc.StatusRuntimeException: UNAVAILABLE: io exception
2019-10-11 04:55:06,783 [grpc-default-executor-1] INFO  impl.FollowerInfo (FollowerInfo.java:lambda$new$0(51)) - af93d71e-9597-43d1-a0d9-fd03e0850daa@group-B594624CFC31->85dedb5c-0475-48d6-91a5-f8922a1c9690: nextIndex: updateUnconditionally 0 -> 0
2019-10-11 04:55:06,802 [grpc-default-executor-3] WARN  server.GrpcLogAppender (LogUtils.java:warn(134)) - af93d71e-9597-43d1-a0d9-fd03e0850daa@group-B594624CFC31->f486f1b0-a775-4c38-857e-a3674efc25f6-AppendLogResponseHandler: Failed appendEntries: org.apache.ratis.thirdparty.io.grpc.StatusRuntimeException: UNAVAILABLE: io exception
2019-10-11 04:55:06,802 [grpc-default-executor-3] INFO  impl.FollowerInfo (FollowerInfo.java:lambda$new$0(51)) - af93d71e-9597-43d1-a0d9-fd03e0850daa@group-B594624CFC31->f486f1b0-a775-4c38-857e-a3674efc25f6: nextIndex: updateUnconditionally 0 -> 0
2019-10-11 04:55:07,019 [grpc-default-executor-5] WARN  server.GrpcLogAppender (LogUtils.java:warn(134)) - af93d71e-9597-43d1-a0d9-fd03e0850daa@group-6EB4CB2E655A->85dedb5c-0475-48d6-91a5-f8922a1c9690-AppendLogResponseHandler: Failed appendEntries: org.apache.ratis.thirdparty.io.grpc.StatusRuntimeException: UNAVAILABLE: io exception
2019-10-11 04:55:07,019 [grpc-default-executor-3] WARN  server.GrpcLogAppender (LogUtils.java:warn(134)) - af93d71e-9597-43d1-a0d9-fd03e0850daa@group-6EB4CB2E655A->f486f1b0-a775-4c38-857e-a3674efc25f6-AppendLogResponseHandler: Failed appendEntries: org.apache.ratis.thirdparty.io.grpc.StatusRuntimeException: UNAVAILABLE: io exception
2019-10-11 04:55:07,019 [grpc-default-executor-5] INFO  impl.FollowerInfo (FollowerInfo.java:lambda$new$0(51)) - af93d71e-9597-43d1-a0d9-fd03e0850daa@group-6EB4CB2E655A->85dedb5c-0475-48d6-91a5-f8922a1c9690: nextIndex: updateUnconditionally 2 -> 1
2019-10-11 04:55:07,019 [grpc-default-executor-3] INFO  impl.FollowerInfo (FollowerInfo.java:lambda$new$0(51)) - af93d71e-9597-43d1-a0d9-fd03e0850daa@group-6EB4CB2E655A->f486f1b0-a775-4c38-857e-a3674efc25f6: nextIndex: updateUnconditionally 12 -> 11
2019-10-11 04:55:07,284 [grpc-default-executor-4] WARN  server.GrpcLogAppender (LogUtils.java:warn(134)) - af93d71e-9597-43d1-a0d9-fd03e0850daa@group-B594624CFC31->85dedb5c-0475-48d6-91a5-f8922a1c9690-AppendLogResponseHandler: Failed appendEntries: org.apache.ratis.thirdparty.io.grpc.StatusRuntimeException: UNAVAILABLE: io exception
2019-10-11 04:55:07,284 [grpc-default-executor-4] INFO  impl.FollowerInfo (FollowerInfo.java:lambda$new$0(51)) - af93d71e-9597-43d1-a0d9-fd03e0850daa@group-B594624CFC31->85dedb5c-0475-48d6-91a5-f8922a1c9690: nextIndex: updateUnconditionally 0 -> 0
2019-10-11 04:55:07,302 [grpc-default-executor-3] WARN  server.GrpcLogAppender (LogUtils.java:warn(134)) - af93d71e-9597-43d1-a0d9-fd03e0850daa@group-B594624CFC31->f486f1b0-a775-4c38-857e-a3674efc25f6-AppendLogResponseHandler: Failed appendEntries: org.apache.ratis.thirdparty.io.grpc.StatusRuntimeException: UNAVAILABLE: io exception
2019-10-11 04:55:07,303 [grpc-default-executor-3] INFO  impl.FollowerInfo (FollowerInfo.java:lambda$new$0(51)) - af93d71e-9597-43d1-a0d9-fd03e0850daa@group-B594624CFC31->f486f1b0-a775-4c38-857e-a3674efc25f6: nextIndex: updateUnconditionally 0 -> 0
2019-10-11 04:55:07,519 [grpc-default-executor-5] WARN  server.GrpcLogAppender (LogUtils.java:warn(134)) - af93d71e-9597-43d1-a0d9-fd03e0850daa@group-6EB4CB2E655A->85dedb5c-0475-48d6-91a5-f8922a1c9690-AppendLogResponseHandler: Failed appendEntries: org.apache.ratis.thirdparty.io.grpc.StatusRuntimeException: UNAVAILABLE: io exception
2019-10-11 04:55:07,519 [grpc-default-executor-1] WARN  server.GrpcLogAppender (LogUtils.java:warn(134)) - af93d71e-9597-43d1-a0d9-fd03e0850daa@group-6EB4CB2E655A->f486f1b0-a775-4c38-857e-a3674efc25f6-AppendLogResponseHandler: Failed appendEntries: org.apache.ratis.thirdparty.io.grpc.StatusRuntimeException: UNAVAILABLE: io exception
2019-10-11 04:55:07,519 [grpc-default-executor-5] INFO  impl.FollowerInfo (FollowerInfo.java:lambda$new$0(51)) - af93d71e-9597-43d1-a0d9-fd03e0850daa@group-6EB4CB2E655A->85dedb5c-0475-48d6-91a5-f8922a1c9690: nextIndex: updateUnconditionally 1 -> 0
2019-10-11 04:55:07,519 [grpc-default-executor-1] INFO  impl.FollowerInfo (FollowerInfo.java:lambda$new$0(51)) - af93d71e-9597-43d1-a0d9-fd03e0850daa@group-6EB4CB2E655A->f486f1b0-a775-4c38-857e-a3674efc25f6: nextIndex: updateUnconditionally 11 -> 10
2019-10-11 04:55:07,785 [grpc-default-executor-5] WARN  server.GrpcLogAppender (LogUtils.java:warn(134)) - af93d71e-9597-43d1-a0d9-fd03e0850daa@group-B594624CFC31->85dedb5c-0475-48d6-91a5-f8922a1c9690-AppendLogResponseHandler: Failed appendEntries: org.apache.ratis.thirdparty.io.grpc.StatusRuntimeException: UNAVAILABLE: io exception
2019-10-11 04:55:07,785 [grpc-default-executor-5] INFO  impl.FollowerInfo (FollowerInfo.java:lambda$new$0(51)) - af93d71e-9597-43d1-a0d9-fd03e0850daa@group-B594624CFC31->85dedb5c-0475-48d6-91a5-f8922a1c9690: nextIndex: updateUnconditionally 0 -> 0
2019-10-11 04:55:07,803 [grpc-default-executor-4] WARN  server.GrpcLogAppender (LogUtils.java:warn(134)) - af93d71e-9597-43d1-a0d9-fd03e0850daa@group-B594624CFC31->f486f1b0-a775-4c38-857e-a3674efc25f6-AppendLogResponseHandler: Failed appendEntries: org.apache.ratis.thirdparty.io.grpc.StatusRuntimeException: UNAVAILABLE: io exception
2019-10-11 04:55:07,803 [grpc-default-executor-4] INFO  impl.FollowerInfo (FollowerInfo.java:lambda$new$0(51)) - af93d71e-9597-43d1-a0d9-fd03e0850daa@group-B594624CFC31->f486f1b0-a775-4c38-857e-a3674efc25f6: nextIndex: updateUnconditionally 0 -> 0
2019-10-11 04:55:08,022 [grpc-default-executor-0] WARN  server.GrpcLogAppender (LogUtils.java:warn(134)) - af93d71e-9597-43d1-a0d9-fd03e0850daa@group-6EB4CB2E655A->85dedb5c-0475-48d6-91a5-f8922a1c9690-AppendLogResponseHandler: Failed appendEntries: org.apache.ratis.thirdparty.io.grpc.StatusRuntimeException: UNAVAILABLE: io exception
2019-10-11 04:55:08,022 [grpc-default-executor-2] WARN  server.GrpcLogAppender (LogUtils.java:warn(134)) - af93d71e-9597-43d1-a0d9-fd03e0850daa@group-6EB4CB2E655A->f486f1b0-a775-4c38-857e-a3674efc25f6-AppendLogResponseHandler: Failed appendEntries: org.apache.ratis.thirdparty.io.grpc.StatusRuntimeException: UNAVAILABLE: io exception
2019-10-11 04:55:08,023 [grpc-default-executor-0] INFO  impl.FollowerInfo (FollowerInfo.java:lambda$new$0(51)) - af93d71e-9597-43d1-a0d9-fd03e0850daa@group-6EB4CB2E655A->85dedb5c-0475-48d6-91a5-f8922a1c9690: nextIndex: updateUnconditionally 0 -> 0
2019-10-11 04:55:08,023 [grpc-default-executor-2] INFO  impl.FollowerInfo (FollowerInfo.java:lambda$new$0(51)) - af93d71e-9597-43d1-a0d9-fd03e0850daa@group-6EB4CB2E655A->f486f1b0-a775-4c38-857e-a3674efc25f6: nextIndex: updateUnconditionally 10 -> 9
2019-10-11 04:55:08,286 [grpc-default-executor-4] WARN  server.GrpcLogAppender (LogUtils.java:warn(134)) - af93d71e-9597-43d1-a0d9-fd03e0850daa@group-B594624CFC31->85dedb5c-0475-48d6-91a5-f8922a1c9690-AppendLogResponseHandler: Failed appendEntries: org.apache.ratis.thirdparty.io.grpc.StatusRuntimeException: UNAVAILABLE: io exception
2019-10-11 04:55:08,287 [grpc-default-executor-4] INFO  impl.FollowerInfo (FollowerInfo.java:lambda$new$0(51)) - af93d71e-9597-43d1-a0d9-fd03e0850daa@group-B594624CFC31->85dedb5c-0475-48d6-91a5-f8922a1c9690: nextIndex: updateUnconditionally 0 -> 0
2019-10-11 04:55:08,304 [grpc-default-executor-2] WARN  server.GrpcLogAppender (LogUtils.java:warn(134)) - af93d71e-9597-43d1-a0d9-fd03e0850daa@group-B594624CFC31->f486f1b0-a775-4c38-857e-a3674efc25f6-AppendLogResponseHandler: Failed appendEntries: org.apache.ratis.thirdparty.io.grpc.StatusRuntimeException: UNAVAILABLE: io exception
2019-10-11 04:55:08,305 [grpc-default-executor-2] INFO  impl.FollowerInfo (FollowerInfo.java:lambda$new$0(51)) - af93d71e-9597-43d1-a0d9-fd03e0850daa@group-B594624CFC31->f486f1b0-a775-4c38-857e-a3674efc25f6: nextIndex: updateUnconditionally 0 -> 0
2019-10-11 04:55:08,522 [grpc-default-executor-0] WARN  server.GrpcLogAppender (LogUtils.java:warn(134)) - af93d71e-9597-43d1-a0d9-fd03e0850daa@group-6EB4CB2E655A->f486f1b0-a775-4c38-857e-a3674efc25f6-AppendLogResponseHandler: Failed appendEntries: org.apache.ratis.thirdparty.io.grpc.StatusRuntimeException: UNAVAILABLE: io exception
2019-10-11 04:55:08,523 [grpc-default-executor-5] WARN  server.GrpcLogAppender (LogUtils.java:warn(134)) - af93d71e-9597-43d1-a0d9-fd03e0850daa@group-6EB4CB2E655A->85dedb5c-0475-48d6-91a5-f8922a1c9690-AppendLogResponseHandler: Failed appendEntries: org.apache.ratis.thirdparty.io.grpc.StatusRuntimeException: UNAVAILABLE: io exception
2019-10-11 04:55:08,523 [grpc-default-executor-0] INFO  impl.FollowerInfo (FollowerInfo.java:lambda$new$0(51)) - af93d71e-9597-43d1-a0d9-fd03e0850daa@group-6EB4CB2E655A->f486f1b0-a775-4c38-857e-a3674efc25f6: nextIndex: updateUnconditionally 9 -> 8
2019-10-11 04:55:08,523 [grpc-default-executor-5] INFO  impl.FollowerInfo (FollowerInfo.java:lambda$new$0(51)) - af93d71e-9597-43d1-a0d9-fd03e0850daa@group-6EB4CB2E655A->85dedb5c-0475-48d6-91a5-f8922a1c9690: nextIndex: updateUnconditionally 0 -> 0
2019-10-11 04:55:08,787 [grpc-default-executor-0] WARN  server.GrpcLogAppender (LogUtils.java:warn(134)) - af93d71e-9597-43d1-a0d9-fd03e0850daa@group-B594624CFC31->85dedb5c-0475-48d6-91a5-f8922a1c9690-AppendLogResponseHandler: Failed appendEntries: org.apache.ratis.thirdparty.io.grpc.StatusRuntimeException: UNAVAILABLE: io exception
2019-10-11 04:55:08,787 [grpc-default-executor-0] INFO  impl.FollowerInfo (FollowerInfo.java:lambda$new$0(51)) - af93d71e-9597-43d1-a0d9-fd03e0850daa@group-B594624CFC31->85dedb5c-0475-48d6-91a5-f8922a1c9690: nextIndex: updateUnconditionally 0 -> 0
2019-10-11 04:55:08,805 [grpc-default-executor-4] WARN  server.GrpcLogAppender (LogUtils.java:warn(134)) - af93d71e-9597-43d1-a0d9-fd03e0850daa@group-B594624CFC31->f486f1b0-a775-4c38-857e-a3674efc25f6-AppendLogResponseHandler: Failed appendEntries: org.apache.ratis.thirdparty.io.grpc.StatusRuntimeException: UNAVAILABLE: io exception
2019-10-11 04:55:08,805 [grpc-default-executor-4] INFO  impl.FollowerInfo (FollowerInfo.java:lambda$new$0(51)) - af93d71e-9597-43d1-a0d9-fd03e0850daa@group-B594624CFC31->f486f1b0-a775-4c38-857e-a3674efc25f6: nextIndex: updateUnconditionally 0 -> 0
2019-10-11 04:55:09,023 [grpc-default-executor-5] WARN  server.GrpcLogAppender (LogUtils.java:warn(134)) - af93d71e-9597-43d1-a0d9-fd03e0850daa@group-6EB4CB2E655A->f486f1b0-a775-4c38-857e-a3674efc25f6-AppendLogResponseHandler: Failed appendEntries: org.apache.ratis.thirdparty.io.grpc.StatusRuntimeException: UNAVAILABLE: io exception
2019-10-11 04:55:09,023 [grpc-default-executor-3] WARN  server.GrpcLogAppender (LogUtils.java:warn(134)) - af93d71e-9597-43d1-a0d9-fd03e0850daa@group-6EB4CB2E655A->85dedb5c-0475-48d6-91a5-f8922a1c9690-AppendLogResponseHandler: Failed appendEntries: org.apache.ratis.thirdparty.io.grpc.StatusRuntimeException: UNAVAILABLE: io exception
2019-10-11 04:55:09,024 [grpc-default-executor-5] INFO  impl.FollowerInfo (FollowerInfo.java:lambda$new$0(51)) - af93d71e-9597-43d1-a0d9-fd03e0850daa@group-6EB4CB2E655A->f486f1b0-a775-4c38-857e-a3674efc25f6: nextIndex: updateUnconditionally 8 -> 7
2019-10-11 04:55:09,024 [grpc-default-executor-3] INFO  impl.FollowerInfo (FollowerInfo.java:lambda$new$0(51)) - af93d71e-9597-43d1-a0d9-fd03e0850daa@group-6EB4CB2E655A->85dedb5c-0475-48d6-91a5-f8922a1c9690: nextIndex: updateUnconditionally 0 -> 0
2019-10-11 04:55:09,288 [grpc-default-executor-2] WARN  server.GrpcLogAppender (LogUtils.java:warn(134)) - af93d71e-9597-43d1-a0d9-fd03e0850daa@group-B594624CFC31->85dedb5c-0475-48d6-91a5-f8922a1c9690-AppendLogResponseHandler: Failed appendEntries: org.apache.ratis.thirdparty.io.grpc.StatusRuntimeException: UNAVAILABLE: io exception
2019-10-11 04:55:09,289 [grpc-default-executor-2] INFO  impl.FollowerInfo (FollowerInfo.java:lambda$new$0(51)) - af93d71e-9597-43d1-a0d9-fd03e0850daa@group-B594624CFC31->85dedb5c-0475-48d6-91a5-f8922a1c9690: nextIndex: updateUnconditionally 0 -> 0
2019-10-11 04:55:09,306 [grpc-default-executor-5] WARN  server.GrpcLogAppender (LogUtils.java:warn(134)) - af93d71e-9597-43d1-a0d9-fd03e0850daa@group-B594624CFC31->f486f1b0-a775-4c38-857e-a3674efc25f6-AppendLogResponseHandler: Failed appendEntries: org.apache.ratis.thirdparty.io.grpc.StatusRuntimeException: UNAVAILABLE: io exception
2019-10-11 04:55:09,306 [grpc-default-executor-5] INFO  impl.FollowerInfo (FollowerInfo.java:lambda$new$0(51)) - af93d71e-9597-43d1-a0d9-fd03e0850daa@group-B594624CFC31->f486f1b0-a775-4c38-857e-a3674efc25f6: nextIndex: updateUnconditionally 0 -> 0
2019-10-11 04:55:09,524 [grpc-default-executor-1] WARN  server.GrpcLogAppender (LogUtils.java:warn(134)) - af93d71e-9597-43d1-a0d9-fd03e0850daa@group-6EB4CB2E655A->f486f1b0-a775-4c38-857e-a3674efc25f6-AppendLogResponseHandler: Failed appendEntries: org.apache.ratis.thirdparty.io.grpc.StatusRuntimeException: UNAVAILABLE: io exception
2019-10-11 04:55:09,524 [grpc-default-executor-0] WARN  server.GrpcLogAppender (LogUtils.java:warn(134)) - af93d71e-9597-43d1-a0d9-fd03e0850daa@group-6EB4CB2E655A->85dedb5c-0475-48d6-91a5-f8922a1c9690-AppendLogResponseHandler: Failed appendEntries: org.apache.ratis.thirdparty.io.grpc.StatusRuntimeException: UNAVAILABLE: io exception
2019-10-11 04:55:09,525 [grpc-default-executor-1] INFO  impl.FollowerInfo (FollowerInfo.java:lambda$new$0(51)) - af93d71e-9597-43d1-a0d9-fd03e0850daa@group-6EB4CB2E655A->f486f1b0-a775-4c38-857e-a3674efc25f6: nextIndex: updateUnconditionally 7 -> 6
2019-10-11 04:55:09,525 [grpc-default-executor-0] INFO  impl.FollowerInfo (FollowerInfo.java:lambda$new$0(51)) - af93d71e-9597-43d1-a0d9-fd03e0850daa@group-6EB4CB2E655A->85dedb5c-0475-48d6-91a5-f8922a1c9690: nextIndex: updateUnconditionally 0 -> 0
2019-10-11 04:55:09,789 [grpc-default-executor-1] WARN  server.GrpcLogAppender (LogUtils.java:warn(134)) - af93d71e-9597-43d1-a0d9-fd03e0850daa@group-B594624CFC31->85dedb5c-0475-48d6-91a5-f8922a1c9690-AppendLogResponseHandler: Failed appendEntries: org.apache.ratis.thirdparty.io.grpc.StatusRuntimeException: UNAVAILABLE: io exception
2019-10-11 04:55:09,790 [grpc-default-executor-1] INFO  impl.FollowerInfo (FollowerInfo.java:lambda$new$0(51)) - af93d71e-9597-43d1-a0d9-fd03e0850daa@group-B594624CFC31->85dedb5c-0475-48d6-91a5-f8922a1c9690: nextIndex: updateUnconditionally 0 -> 0
2019-10-11 04:55:09,805 [grpc-default-executor-0] WARN  server.GrpcLogAppender (LogUtils.java:warn(134)) - af93d71e-9597-43d1-a0d9-fd03e0850daa@group-B594624CFC31->f486f1b0-a775-4c38-857e-a3674efc25f6-AppendLogResponseHandler: Failed appendEntries: org.apache.ratis.thirdparty.io.grpc.StatusRuntimeException: UNAVAILABLE: io exception
2019-10-11 04:55:09,806 [grpc-default-executor-0] INFO  impl.FollowerInfo (FollowerInfo.java:lambda$new$0(51)) - af93d71e-9597-43d1-a0d9-fd03e0850daa@group-B594624CFC31->f486f1b0-a775-4c38-857e-a3674efc25f6: nextIndex: updateUnconditionally 0 -> 0
2019-10-11 04:55:10,026 [grpc-default-executor-4] WARN  server.GrpcLogAppender (LogUtils.java:warn(134)) - af93d71e-9597-43d1-a0d9-fd03e0850daa@group-6EB4CB2E655A->f486f1b0-a775-4c38-857e-a3674efc25f6-AppendLogResponseHandler: Failed appendEntries: org.apache.ratis.thirdparty.io.grpc.StatusRuntimeException: UNAVAILABLE: io exception
2019-10-11 04:55:10,026 [grpc-default-executor-3] WARN  server.GrpcLogAppender (LogUtils.java:warn(134)) - af93d71e-9597-43d1-a0d9-fd03e0850daa@group-6EB4CB2E655A->85dedb5c-0475-48d6-91a5-f8922a1c9690-AppendLogResponseHandler: Failed appendEntries: org.apache.ratis.thirdparty.io.grpc.StatusRuntimeException: UNAVAILABLE: io exception
2019-10-11 04:55:10,026 [grpc-default-executor-4] INFO  impl.FollowerInfo (FollowerInfo.java:lambda$new$0(51)) - af93d71e-9597-43d1-a0d9-fd03e0850daa@group-6EB4CB2E655A->f486f1b0-a775-4c38-857e-a3674efc25f6: nextIndex: updateUnconditionally 6 -> 5
2019-10-11 04:55:10,026 [grpc-default-executor-3] INFO  impl.FollowerInfo (FollowerInfo.java:lambda$new$0(51)) - af93d71e-9597-43d1-a0d9-fd03e0850daa@group-6EB4CB2E655A->85dedb5c-0475-48d6-91a5-f8922a1c9690: nextIndex: updateUnconditionally 0 -> 0
2019-10-11 04:55:10,290 [grpc-default-executor-2] WARN  server.GrpcLogAppender (LogUtils.java:warn(134)) - af93d71e-9597-43d1-a0d9-fd03e0850daa@group-B594624CFC31->85dedb5c-0475-48d6-91a5-f8922a1c9690-AppendLogResponseHandler: Failed appendEntries: org.apache.ratis.thirdparty.io.grpc.StatusRuntimeException: UNAVAILABLE: io exception
2019-10-11 04:55:10,290 [grpc-default-executor-2] INFO  impl.FollowerInfo (FollowerInfo.java:lambda$new$0(51)) - af93d71e-9597-43d1-a0d9-fd03e0850daa@group-B594624CFC31->85dedb5c-0475-48d6-91a5-f8922a1c9690: nextIndex: updateUnconditionally 0 -> 0
2019-10-11 04:55:10,307 [grpc-default-executor-3] WARN  server.GrpcLogAppender (LogUtils.java:warn(134)) - af93d71e-9597-43d1-a0d9-fd03e0850daa@group-B594624CFC31->f486f1b0-a775-4c38-857e-a3674efc25f6-AppendLogResponseHandler: Failed appendEntries: org.apache.ratis.thirdparty.io.grpc.StatusRuntimeException: UNAVAILABLE: io exception
2019-10-11 04:55:10,307 [grpc-default-executor-3] INFO  impl.FollowerInfo (FollowerInfo.java:lambda$new$0(51)) - af93d71e-9597-43d1-a0d9-fd03e0850daa@group-B594624CFC31->f486f1b0-a775-4c38-857e-a3674efc25f6: nextIndex: updateUnconditionally 0 -> 0
2019-10-11 04:55:10,526 [grpc-default-executor-4] WARN  server.GrpcLogAppender (LogUtils.java:warn(134)) - af93d71e-9597-43d1-a0d9-fd03e0850daa@group-6EB4CB2E655A->f486f1b0-a775-4c38-857e-a3674efc25f6-AppendLogResponseHandler: Failed appendEntries: org.apache.ratis.thirdparty.io.grpc.StatusRuntimeException: UNAVAILABLE: io exception
2019-10-11 04:55:10,526 [grpc-default-executor-0] WARN  server.GrpcLogAppender (LogUtils.java:warn(134)) - af93d71e-9597-43d1-a0d9-fd03e0850daa@group-6EB4CB2E655A->85dedb5c-0475-48d6-91a5-f8922a1c9690-AppendLogResponseHandler: Failed appendEntries: org.apache.ratis.thirdparty.io.grpc.StatusRuntimeException: UNAVAILABLE: io exception
2019-10-11 04:55:10,526 [grpc-default-executor-4] INFO  impl.FollowerInfo (FollowerInfo.java:lambda$new$0(51)) - af93d71e-9597-43d1-a0d9-fd03e0850daa@group-6EB4CB2E655A->f486f1b0-a775-4c38-857e-a3674efc25f6: nextIndex: updateUnconditionally 5 -> 4
2019-10-11 04:55:10,527 [grpc-default-executor-0] INFO  impl.FollowerInfo (FollowerInfo.java:lambda$new$0(51)) - af93d71e-9597-43d1-a0d9-fd03e0850daa@group-6EB4CB2E655A->85dedb5c-0475-48d6-91a5-f8922a1c9690: nextIndex: updateUnconditionally 0 -> 0
2019-10-11 04:55:10,791 [grpc-default-executor-4] WARN  server.GrpcLogAppender (LogUtils.java:warn(134)) - af93d71e-9597-43d1-a0d9-fd03e0850daa@group-B594624CFC31->85dedb5c-0475-48d6-91a5-f8922a1c9690-AppendLogResponseHandler: Failed appendEntries: org.apache.ratis.thirdparty.io.grpc.StatusRuntimeException: UNAVAILABLE: io exception
2019-10-11 04:55:10,792 [grpc-default-executor-4] INFO  impl.FollowerInfo (FollowerInfo.java:lambda$new$0(51)) - af93d71e-9597-43d1-a0d9-fd03e0850daa@group-B594624CFC31->85dedb5c-0475-48d6-91a5-f8922a1c9690: nextIndex: updateUnconditionally 0 -> 0
2019-10-11 04:55:10,808 [grpc-default-executor-3] WARN  server.GrpcLogAppender (LogUtils.java:warn(134)) - af93d71e-9597-43d1-a0d9-fd03e0850daa@group-B594624CFC31->f486f1b0-a775-4c38-857e-a3674efc25f6-AppendLogResponseHandler: Failed appendEntries: org.apache.ratis.thirdparty.io.grpc.StatusRuntimeException: UNAVAILABLE: io exception
2019-10-11 04:55:10,808 [grpc-default-executor-3] INFO  impl.FollowerInfo (FollowerInfo.java:lambda$new$0(51)) - af93d71e-9597-43d1-a0d9-fd03e0850daa@group-B594624CFC31->f486f1b0-a775-4c38-857e-a3674efc25f6: nextIndex: updateUnconditionally 0 -> 0
2019-10-11 04:55:11,029 [grpc-default-executor-3] WARN  server.GrpcLogAppender (LogUtils.java:warn(134)) - af93d71e-9597-43d1-a0d9-fd03e0850daa@group-6EB4CB2E655A->85dedb5c-0475-48d6-91a5-f8922a1c9690-AppendLogResponseHandler: Failed appendEntries: org.apache.ratis.thirdparty.io.grpc.StatusRuntimeException: UNAVAILABLE: io exception
2019-10-11 04:55:11,029 [grpc-default-executor-5] WARN  server.GrpcLogAppender (LogUtils.java:warn(134)) - af93d71e-9597-43d1-a0d9-fd03e0850daa@group-6EB4CB2E655A->f486f1b0-a775-4c38-857e-a3674efc25f6-AppendLogResponseHandler: Failed appendEntries: org.apache.ratis.thirdparty.io.grpc.StatusRuntimeException: UNAVAILABLE: io exception
2019-10-11 04:55:11,030 [grpc-default-executor-3] INFO  impl.FollowerInfo (FollowerInfo.java:lambda$new$0(51)) - af93d71e-9597-43d1-a0d9-fd03e0850daa@group-6EB4CB2E655A->85dedb5c-0475-48d6-91a5-f8922a1c9690: nextIndex: updateUnconditionally 0 -> 0
2019-10-11 04:55:11,030 [grpc-default-executor-5] INFO  impl.FollowerInfo (FollowerInfo.java:lambda$new$0(51)) - af93d71e-9597-43d1-a0d9-fd03e0850daa@group-6EB4CB2E655A->f486f1b0-a775-4c38-857e-a3674efc25f6: nextIndex: updateUnconditionally 4 -> 3
2019-10-11 04:55:11,293 [grpc-default-executor-3] WARN  server.GrpcLogAppender (LogUtils.java:warn(134)) - af93d71e-9597-43d1-a0d9-fd03e0850daa@group-B594624CFC31->85dedb5c-0475-48d6-91a5-f8922a1c9690-AppendLogResponseHandler: Failed appendEntries: org.apache.ratis.thirdparty.io.grpc.StatusRuntimeException: UNAVAILABLE: io exception
2019-10-11 04:55:11,294 [grpc-default-executor-3] INFO  impl.FollowerInfo (FollowerInfo.java:lambda$new$0(51)) - af93d71e-9597-43d1-a0d9-fd03e0850daa@group-B594624CFC31->85dedb5c-0475-48d6-91a5-f8922a1c9690: nextIndex: updateUnconditionally 0 -> 0
2019-10-11 04:55:11,308 [grpc-default-executor-0] WARN  server.GrpcLogAppender (LogUtils.java:warn(134)) - af93d71e-9597-43d1-a0d9-fd03e0850daa@group-B594624CFC31->f486f1b0-a775-4c38-857e-a3674efc25f6-AppendLogResponseHandler: Failed appendEntries: org.apache.ratis.thirdparty.io.grpc.StatusRuntimeException: UNAVAILABLE: io exception
2019-10-11 04:55:11,309 [grpc-default-executor-0] INFO  impl.FollowerInfo (FollowerInfo.java:lambda$new$0(51)) - af93d71e-9597-43d1-a0d9-fd03e0850daa@group-B594624CFC31->f486f1b0-a775-4c38-857e-a3674efc25f6: nextIndex: updateUnconditionally 0 -> 0
2019-10-11 04:55:11,530 [grpc-default-executor-2] WARN  server.GrpcLogAppender (LogUtils.java:warn(134)) - af93d71e-9597-43d1-a0d9-fd03e0850daa@group-6EB4CB2E655A->f486f1b0-a775-4c38-857e-a3674efc25f6-AppendLogResponseHandler: Failed appendEntries: org.apache.ratis.thirdparty.io.grpc.StatusRuntimeException: UNAVAILABLE: io exception
2019-10-11 04:55:11,531 [grpc-default-executor-2] INFO  impl.FollowerInfo (FollowerInfo.java:lambda$new$0(51)) - af93d71e-9597-43d1-a0d9-fd03e0850daa@group-6EB4CB2E655A->f486f1b0-a775-4c38-857e-a3674efc25f6: nextIndex: updateUnconditionally 3 -> 2
2019-10-11 04:55:11,531 [grpc-default-executor-0] WARN  server.GrpcLogAppender (LogUtils.java:warn(134)) - af93d71e-9597-43d1-a0d9-fd03e0850daa@group-6EB4CB2E655A->85dedb5c-0475-48d6-91a5-f8922a1c9690-AppendLogResponseHandler: Failed appendEntries: org.apache.ratis.thirdparty.io.grpc.StatusRuntimeException: UNAVAILABLE: io exception
2019-10-11 04:55:11,532 [grpc-default-executor-0] INFO  impl.FollowerInfo (FollowerInfo.java:lambda$new$0(51)) - af93d71e-9597-43d1-a0d9-fd03e0850daa@group-6EB4CB2E655A->85dedb5c-0475-48d6-91a5-f8922a1c9690: nextIndex: updateUnconditionally 0 -> 0
2019-10-11 04:55:11,795 [grpc-default-executor-3] WARN  server.GrpcLogAppender (LogUtils.java:warn(134)) - af93d71e-9597-43d1-a0d9-fd03e0850daa@group-B594624CFC31->85dedb5c-0475-48d6-91a5-f8922a1c9690-AppendLogResponseHandler: Failed appendEntries: org.apache.ratis.thirdparty.io.grpc.StatusRuntimeException: UNAVAILABLE: io exception
2019-10-11 04:55:11,795 [grpc-default-executor-3] INFO  impl.FollowerInfo (FollowerInfo.java:lambda$new$0(51)) - af93d71e-9597-43d1-a0d9-fd03e0850daa@group-B594624CFC31->85dedb5c-0475-48d6-91a5-f8922a1c9690: nextIndex: updateUnconditionally 0 -> 0
2019-10-11 04:55:11,809 [grpc-default-executor-2] WARN  server.GrpcLogAppender (LogUtils.java:warn(134)) - af93d71e-9597-43d1-a0d9-fd03e0850daa@group-B594624CFC31->f486f1b0-a775-4c38-857e-a3674efc25f6-AppendLogResponseHandler: Failed appendEntries: org.apache.ratis.thirdparty.io.grpc.StatusRuntimeException: UNAVAILABLE: io exception
2019-10-11 04:55:11,810 [grpc-default-executor-2] INFO  impl.FollowerInfo (FollowerInfo.java:lambda$new$0(51)) - af93d71e-9597-43d1-a0d9-fd03e0850daa@group-B594624CFC31->f486f1b0-a775-4c38-857e-a3674efc25f6: nextIndex: updateUnconditionally 0 -> 0
2019-10-11 04:55:12,033 [grpc-default-executor-5] WARN  server.GrpcLogAppender (LogUtils.java:warn(134)) - af93d71e-9597-43d1-a0d9-fd03e0850daa@group-6EB4CB2E655A->f486f1b0-a775-4c38-857e-a3674efc25f6-AppendLogResponseHandler: Failed appendEntries: org.apache.ratis.thirdparty.io.grpc.StatusRuntimeException: UNAVAILABLE: io exception
2019-10-11 04:55:12,033 [grpc-default-executor-4] WARN  server.GrpcLogAppender (LogUtils.java:warn(134)) - af93d71e-9597-43d1-a0d9-fd03e0850daa@group-6EB4CB2E655A->85dedb5c-0475-48d6-91a5-f8922a1c9690-AppendLogResponseHandler: Failed appendEntries: org.apache.ratis.thirdparty.io.grpc.StatusRuntimeException: UNAVAILABLE: io exception
2019-10-11 04:55:12,034 [grpc-default-executor-5] INFO  impl.FollowerInfo (FollowerInfo.java:lambda$new$0(51)) - af93d71e-9597-43d1-a0d9-fd03e0850daa@group-6EB4CB2E655A->f486f1b0-a775-4c38-857e-a3674efc25f6: nextIndex: updateUnconditionally 2 -> 1
2019-10-11 04:55:12,034 [grpc-default-executor-4] INFO  impl.FollowerInfo (FollowerInfo.java:lambda$new$0(51)) - af93d71e-9597-43d1-a0d9-fd03e0850daa@group-6EB4CB2E655A->85dedb5c-0475-48d6-91a5-f8922a1c9690: nextIndex: updateUnconditionally 0 -> 0
2019-10-11 04:55:12,297 [grpc-default-executor-2] WARN  server.GrpcLogAppender (LogUtils.java:warn(134)) - af93d71e-9597-43d1-a0d9-fd03e0850daa@group-B594624CFC31->85dedb5c-0475-48d6-91a5-f8922a1c9690-AppendLogResponseHandler: Failed appendEntries: org.apache.ratis.thirdparty.io.grpc.StatusRuntimeException: UNAVAILABLE: io exception
2019-10-11 04:55:12,297 [grpc-default-executor-2] INFO  impl.FollowerInfo (FollowerInfo.java:lambda$new$0(51)) - af93d71e-9597-43d1-a0d9-fd03e0850daa@group-B594624CFC31->85dedb5c-0475-48d6-91a5-f8922a1c9690: nextIndex: updateUnconditionally 0 -> 0
2019-10-11 04:55:12,310 [grpc-default-executor-4] WARN  server.GrpcLogAppender (LogUtils.java:warn(134)) - af93d71e-9597-43d1-a0d9-fd03e0850daa@group-B594624CFC31->f486f1b0-a775-4c38-857e-a3674efc25f6-AppendLogResponseHandler: Failed appendEntries: org.apache.ratis.thirdparty.io.grpc.StatusRuntimeException: UNAVAILABLE: io exception
2019-10-11 04:55:12,310 [grpc-default-executor-4] INFO  impl.FollowerInfo (FollowerInfo.java:lambda$new$0(51)) - af93d71e-9597-43d1-a0d9-fd03e0850daa@group-B594624CFC31->f486f1b0-a775-4c38-857e-a3674efc25f6: nextIndex: updateUnconditionally 0 -> 0
2019-10-11 04:55:12,532 [grpc-default-executor-3] WARN  server.GrpcLogAppender (LogUtils.java:warn(134)) - af93d71e-9597-43d1-a0d9-fd03e0850daa@group-6EB4CB2E655A->85dedb5c-0475-48d6-91a5-f8922a1c9690-AppendLogResponseHandler: Failed appendEntries: org.apache.ratis.thirdparty.io.grpc.StatusRuntimeException: UNAVAILABLE: io exception
2019-10-11 04:55:12,532 [grpc-default-executor-5] WARN  server.GrpcLogAppender (LogUtils.java:warn(134)) - af93d71e-9597-43d1-a0d9-fd03e0850daa@group-6EB4CB2E655A->f486f1b0-a775-4c38-857e-a3674efc25f6-AppendLogResponseHandler: Failed appendEntries: org.apache.ratis.thirdparty.io.grpc.StatusRuntimeException: UNAVAILABLE: io exception
2019-10-11 04:55:12,533 [grpc-default-executor-3] INFO  impl.FollowerInfo (FollowerInfo.java:lambda$new$0(51)) - af93d71e-9597-43d1-a0d9-fd03e0850daa@group-6EB4CB2E655A->85dedb5c-0475-48d6-91a5-f8922a1c9690: nextIndex: updateUnconditionally 0 -> 0
2019-10-11 04:55:12,533 [grpc-default-executor-5] INFO  impl.FollowerInfo (FollowerInfo.java:lambda$new$0(51)) - af93d71e-9597-43d1-a0d9-fd03e0850daa@group-6EB4CB2E655A->f486f1b0-a775-4c38-857e-a3674efc25f6: nextIndex: updateUnconditionally 1 -> 0
2019-10-11 04:55:12,797 [grpc-default-executor-2] WARN  server.GrpcLogAppender (LogUtils.java:warn(134)) - af93d71e-9597-43d1-a0d9-fd03e0850daa@group-B594624CFC31->85dedb5c-0475-48d6-91a5-f8922a1c9690-AppendLogResponseHandler: Failed appendEntries: org.apache.ratis.thirdparty.io.grpc.StatusRuntimeException: UNAVAILABLE: io exception
2019-10-11 04:55:12,798 [grpc-default-executor-2] INFO  impl.FollowerInfo (FollowerInfo.java:lambda$new$0(51)) - af93d71e-9597-43d1-a0d9-fd03e0850daa@group-B594624CFC31->85dedb5c-0475-48d6-91a5-f8922a1c9690: nextIndex: updateUnconditionally 0 -> 0
2019-10-11 04:55:12,811 [grpc-default-executor-5] WARN  server.GrpcLogAppender (LogUtils.java:warn(134)) - af93d71e-9597-43d1-a0d9-fd03e0850daa@group-B594624CFC31->f486f1b0-a775-4c38-857e-a3674efc25f6-AppendLogResponseHandler: Failed appendEntries: org.apache.ratis.thirdparty.io.grpc.StatusRuntimeException: UNAVAILABLE: io exception
2019-10-11 04:55:12,811 [grpc-default-executor-5] INFO  impl.FollowerInfo (FollowerInfo.java:lambda$new$0(51)) - af93d71e-9597-43d1-a0d9-fd03e0850daa@group-B594624CFC31->f486f1b0-a775-4c38-857e-a3674efc25f6: nextIndex: updateUnconditionally 0 -> 0
2019-10-11 04:55:13,034 [grpc-default-executor-1] WARN  server.GrpcLogAppender (LogUtils.java:warn(134)) - af93d71e-9597-43d1-a0d9-fd03e0850daa@group-6EB4CB2E655A->f486f1b0-a775-4c38-857e-a3674efc25f6-AppendLogResponseHandler: Failed appendEntries: org.apache.ratis.thirdparty.io.grpc.StatusRuntimeException: UNAVAILABLE: io exception
2019-10-11 04:55:13,034 [grpc-default-executor-4] WARN  server.GrpcLogAppender (LogUtils.java:warn(134)) - af93d71e-9597-43d1-a0d9-fd03e0850daa@group-6EB4CB2E655A->85dedb5c-0475-48d6-91a5-f8922a1c9690-AppendLogResponseHandler: Failed appendEntries: org.apache.ratis.thirdparty.io.grpc.StatusRuntimeException: UNAVAILABLE: io exception
2019-10-11 04:55:13,035 [grpc-default-executor-1] INFO  impl.FollowerInfo (FollowerInfo.java:lambda$new$0(51)) - af93d71e-9597-43d1-a0d9-fd03e0850daa@group-6EB4CB2E655A->f486f1b0-a775-4c38-857e-a3674efc25f6: nextIndex: updateUnconditionally 0 -> 0
2019-10-11 04:55:13,035 [grpc-default-executor-4] INFO  impl.FollowerInfo (FollowerInfo.java:lambda$new$0(51)) - af93d71e-9597-43d1-a0d9-fd03e0850daa@group-6EB4CB2E655A->85dedb5c-0475-48d6-91a5-f8922a1c9690: nextIndex: updateUnconditionally 0 -> 0
2019-10-11 04:55:13,298 [grpc-default-executor-3] WARN  server.GrpcLogAppender (LogUtils.java:warn(134)) - af93d71e-9597-43d1-a0d9-fd03e0850daa@group-B594624CFC31->85dedb5c-0475-48d6-91a5-f8922a1c9690-AppendLogResponseHandler: Failed appendEntries: org.apache.ratis.thirdparty.io.grpc.StatusRuntimeException: UNAVAILABLE: io exception
2019-10-11 04:55:13,299 [grpc-default-executor-3] INFO  impl.FollowerInfo (FollowerInfo.java:lambda$new$0(51)) - af93d71e-9597-43d1-a0d9-fd03e0850daa@group-B594624CFC31->85dedb5c-0475-48d6-91a5-f8922a1c9690: nextIndex: updateUnconditionally 0 -> 0
2019-10-11 04:55:13,311 [grpc-default-executor-4] WARN  server.GrpcLogAppender (LogUtils.java:warn(134)) - af93d71e-9597-43d1-a0d9-fd03e0850daa@group-B594624CFC31->f486f1b0-a775-4c38-857e-a3674efc25f6-AppendLogResponseHandler: Failed appendEntries: org.apache.ratis.thirdparty.io.grpc.StatusRuntimeException: UNAVAILABLE: io exception
2019-10-11 04:55:13,312 [grpc-default-executor-4] INFO  impl.FollowerInfo (FollowerInfo.java:lambda$new$0(51)) - af93d71e-9597-43d1-a0d9-fd03e0850daa@group-B594624CFC31->f486f1b0-a775-4c38-857e-a3674efc25f6: nextIndex: updateUnconditionally 0 -> 0
2019-10-11 04:55:13,535 [grpc-default-executor-0] WARN  server.GrpcLogAppender (LogUtils.java:warn(134)) - af93d71e-9597-43d1-a0d9-fd03e0850daa@group-6EB4CB2E655A->f486f1b0-a775-4c38-857e-a3674efc25f6-AppendLogResponseHandler: Failed appendEntries: org.apache.ratis.thirdparty.io.grpc.StatusRuntimeException: UNAVAILABLE: io exception
2019-10-11 04:55:13,535 [grpc-default-executor-4] WARN  server.GrpcLogAppender (LogUtils.java:warn(134)) - af93d71e-9597-43d1-a0d9-fd03e0850daa@group-6EB4CB2E655A->85dedb5c-0475-48d6-91a5-f8922a1c9690-AppendLogResponseHandler: Failed appendEntries: org.apache.ratis.thirdparty.io.grpc.StatusRuntimeException: UNAVAILABLE: io exception
2019-10-11 04:55:13,536 [grpc-default-executor-0] INFO  impl.FollowerInfo (FollowerInfo.java:lambda$new$0(51)) - af93d71e-9597-43d1-a0d9-fd03e0850daa@group-6EB4CB2E655A->f486f1b0-a775-4c38-857e-a3674efc25f6: nextIndex: updateUnconditionally 0 -> 0
2019-10-11 04:55:13,536 [grpc-default-executor-4] INFO  impl.FollowerInfo (FollowerInfo.java:lambda$new$0(51)) - af93d71e-9597-43d1-a0d9-fd03e0850daa@group-6EB4CB2E655A->85dedb5c-0475-48d6-91a5-f8922a1c9690: nextIndex: updateUnconditionally 0 -> 0
2019-10-11 04:55:13,799 [grpc-default-executor-1] WARN  server.GrpcLogAppender (LogUtils.java:warn(134)) - af93d71e-9597-43d1-a0d9-fd03e0850daa@group-B594624CFC31->85dedb5c-0475-48d6-91a5-f8922a1c9690-AppendLogResponseHandler: Failed appendEntries: org.apache.ratis.thirdparty.io.grpc.StatusRuntimeException: UNAVAILABLE: io exception
2019-10-11 04:55:13,799 [grpc-default-executor-1] INFO  impl.FollowerInfo (FollowerInfo.java:lambda$new$0(51)) - af93d71e-9597-43d1-a0d9-fd03e0850daa@group-B594624CFC31->85dedb5c-0475-48d6-91a5-f8922a1c9690: nextIndex: updateUnconditionally 0 -> 0
2019-10-11 04:55:13,812 [grpc-default-executor-0] WARN  server.GrpcLogAppender (LogUtils.java:warn(134)) - af93d71e-9597-43d1-a0d9-fd03e0850daa@group-B594624CFC31->f486f1b0-a775-4c38-857e-a3674efc25f6-AppendLogResponseHandler: Failed appendEntries: org.apache.ratis.thirdparty.io.grpc.StatusRuntimeException: UNAVAILABLE: io exception
2019-10-11 04:55:13,812 [grpc-default-executor-0] INFO  impl.FollowerInfo (FollowerInfo.java:lambda$new$0(51)) - af93d71e-9597-43d1-a0d9-fd03e0850daa@group-B594624CFC31->f486f1b0-a775-4c38-857e-a3674efc25f6: nextIndex: updateUnconditionally 0 -> 0
2019-10-11 04:55:14,035 [grpc-default-executor-5] WARN  server.GrpcLogAppender (LogUtils.java:warn(134)) - af93d71e-9597-43d1-a0d9-fd03e0850daa@group-6EB4CB2E655A->f486f1b0-a775-4c38-857e-a3674efc25f6-AppendLogResponseHandler: Failed appendEntries: org.apache.ratis.thirdparty.io.grpc.StatusRuntimeException: UNAVAILABLE: io exception
2019-10-11 04:55:14,035 [grpc-default-executor-1] WARN  server.GrpcLogAppender (LogUtils.java:warn(134)) - af93d71e-9597-43d1-a0d9-fd03e0850daa@group-6EB4CB2E655A->85dedb5c-0475-48d6-91a5-f8922a1c9690-AppendLogResponseHandler: Failed appendEntries: org.apache.ratis.thirdparty.io.grpc.StatusRuntimeException: UNAVAILABLE: io exception
2019-10-11 04:55:14,036 [grpc-default-executor-5] INFO  impl.FollowerInfo (FollowerInfo.java:lambda$new$0(51)) - af93d71e-9597-43d1-a0d9-fd03e0850daa@group-6EB4CB2E655A->f486f1b0-a775-4c38-857e-a3674efc25f6: nextIndex: updateUnconditionally 0 -> 0
2019-10-11 04:55:14,036 [grpc-default-executor-1] INFO  impl.FollowerInfo (FollowerInfo.java:lambda$new$0(51)) - af93d71e-9597-43d1-a0d9-fd03e0850daa@group-6EB4CB2E655A->85dedb5c-0475-48d6-91a5-f8922a1c9690: nextIndex: updateUnconditionally 0 -> 0
2019-10-11 04:55:14,300 [grpc-default-executor-3] WARN  server.GrpcLogAppender (LogUtils.java:warn(134)) - af93d71e-9597-43d1-a0d9-fd03e0850daa@group-B594624CFC31->85dedb5c-0475-48d6-91a5-f8922a1c9690-AppendLogResponseHandler: Failed appendEntries: org.apache.ratis.thirdparty.io.grpc.StatusRuntimeException: UNAVAILABLE: io exception
2019-10-11 04:55:14,300 [grpc-default-executor-3] INFO  impl.FollowerInfo (FollowerInfo.java:lambda$new$0(51)) - af93d71e-9597-43d1-a0d9-fd03e0850daa@group-B594624CFC31->85dedb5c-0475-48d6-91a5-f8922a1c9690: nextIndex: updateUnconditionally 0 -> 0
2019-10-11 04:55:14,313 [grpc-default-executor-1] WARN  server.GrpcLogAppender (LogUtils.java:warn(134)) - af93d71e-9597-43d1-a0d9-fd03e0850daa@group-B594624CFC31->f486f1b0-a775-4c38-857e-a3674efc25f6-AppendLogResponseHandler: Failed appendEntries: org.apache.ratis.thirdparty.io.grpc.StatusRuntimeException: UNAVAILABLE: io exception
2019-10-11 04:55:14,313 [grpc-default-executor-1] INFO  impl.FollowerInfo (FollowerInfo.java:lambda$new$0(51)) - af93d71e-9597-43d1-a0d9-fd03e0850daa@group-B594624CFC31->f486f1b0-a775-4c38-857e-a3674efc25f6: nextIndex: updateUnconditionally 0 -> 0
2019-10-11 04:55:14,537 [grpc-default-executor-1] WARN  server.GrpcLogAppender (LogUtils.java:warn(134)) - af93d71e-9597-43d1-a0d9-fd03e0850daa@group-6EB4CB2E655A->f486f1b0-a775-4c38-857e-a3674efc25f6-AppendLogResponseHandler: Failed appendEntries: org.apache.ratis.thirdparty.io.grpc.StatusRuntimeException: UNAVAILABLE: io exception
2019-10-11 04:55:14,537 [grpc-default-executor-0] WARN  server.GrpcLogAppender (LogUtils.java:warn(134)) - af93d71e-9597-43d1-a0d9-fd03e0850daa@group-6EB4CB2E655A->85dedb5c-0475-48d6-91a5-f8922a1c9690-AppendLogResponseHandler: Failed appendEntries: org.apache.ratis.thirdparty.io.grpc.StatusRuntimeException: UNAVAILABLE: io exception
2019-10-11 04:55:14,538 [grpc-default-executor-1] INFO  impl.FollowerInfo (FollowerInfo.java:lambda$new$0(51)) - af93d71e-9597-43d1-a0d9-fd03e0850daa@group-6EB4CB2E655A->f486f1b0-a775-4c38-857e-a3674efc25f6: nextIndex: updateUnconditionally 0 -> 0
2019-10-11 04:55:14,538 [grpc-default-executor-0] INFO  impl.FollowerInfo (FollowerInfo.java:lambda$new$0(51)) - af93d71e-9597-43d1-a0d9-fd03e0850daa@group-6EB4CB2E655A->85dedb5c-0475-48d6-91a5-f8922a1c9690: nextIndex: updateUnconditionally 0 -> 0
2019-10-11 04:55:14,801 [grpc-default-executor-3] WARN  server.GrpcLogAppender (LogUtils.java:warn(134)) - af93d71e-9597-43d1-a0d9-fd03e0850daa@group-B594624CFC31->85dedb5c-0475-48d6-91a5-f8922a1c9690-AppendLogResponseHandler: Failed appendEntries: org.apache.ratis.thirdparty.io.grpc.StatusRuntimeException: UNAVAILABLE: io exception
2019-10-11 04:55:14,801 [grpc-default-executor-3] INFO  impl.FollowerInfo (FollowerInfo.java:lambda$new$0(51)) - af93d71e-9597-43d1-a0d9-fd03e0850daa@group-B594624CFC31->85dedb5c-0475-48d6-91a5-f8922a1c9690: nextIndex: updateUnconditionally 0 -> 0
2019-10-11 04:55:14,813 [grpc-default-executor-1] WARN  server.GrpcLogAppender (LogUtils.java:warn(134)) - af93d71e-9597-43d1-a0d9-fd03e0850daa@group-B594624CFC31->f486f1b0-a775-4c38-857e-a3674efc25f6-AppendLogResponseHandler: Failed appendEntries: org.apache.ratis.thirdparty.io.grpc.StatusRuntimeException: UNAVAILABLE: io exception
2019-10-11 04:55:14,814 [grpc-default-executor-1] INFO  impl.FollowerInfo (FollowerInfo.java:lambda$new$0(51)) - af93d71e-9597-43d1-a0d9-fd03e0850daa@group-B594624CFC31->f486f1b0-a775-4c38-857e-a3674efc25f6: nextIndex: updateUnconditionally 0 -> 0
2019-10-11 04:55:15,039 [grpc-default-executor-1] WARN  server.GrpcLogAppender (LogUtils.java:warn(134)) - af93d71e-9597-43d1-a0d9-fd03e0850daa@group-6EB4CB2E655A->f486f1b0-a775-4c38-857e-a3674efc25f6-AppendLogResponseHandler: Failed appendEntries: org.apache.ratis.thirdparty.io.grpc.StatusRuntimeException: UNAVAILABLE: io exception
2019-10-11 04:55:15,039 [grpc-default-executor-5] WARN  server.GrpcLogAppender (LogUtils.java:warn(134)) - af93d71e-9597-43d1-a0d9-fd03e0850daa@group-6EB4CB2E655A->85dedb5c-0475-48d6-91a5-f8922a1c9690-AppendLogResponseHandler: Failed appendEntries: org.apache.ratis.thirdparty.io.grpc.StatusRuntimeException: UNAVAILABLE: io exception
2019-10-11 04:55:15,039 [grpc-default-executor-1] INFO  impl.FollowerInfo (FollowerInfo.java:lambda$new$0(51)) - af93d71e-9597-43d1-a0d9-fd03e0850daa@group-6EB4CB2E655A->f486f1b0-a775-4c38-857e-a3674efc25f6: nextIndex: updateUnconditionally 0 -> 0
2019-10-11 04:55:15,039 [grpc-default-executor-5] INFO  impl.FollowerInfo (FollowerInfo.java:lambda$new$0(51)) - af93d71e-9597-43d1-a0d9-fd03e0850daa@group-6EB4CB2E655A->85dedb5c-0475-48d6-91a5-f8922a1c9690: nextIndex: updateUnconditionally 0 -> 0
2019-10-11 04:55:15,302 [grpc-default-executor-0] WARN  server.GrpcLogAppender (LogUtils.java:warn(134)) - af93d71e-9597-43d1-a0d9-fd03e0850daa@group-B594624CFC31->85dedb5c-0475-48d6-91a5-f8922a1c9690-AppendLogResponseHandler: Failed appendEntries: org.apache.ratis.thirdparty.io.grpc.StatusRuntimeException: UNAVAILABLE: io exception
2019-10-11 04:55:15,302 [grpc-default-executor-0] INFO  impl.FollowerInfo (FollowerInfo.java:lambda$new$0(51)) - af93d71e-9597-43d1-a0d9-fd03e0850daa@group-B594624CFC31->85dedb5c-0475-48d6-91a5-f8922a1c9690: nextIndex: updateUnconditionally 0 -> 0
2019-10-11 04:55:15,314 [grpc-default-executor-1] WARN  server.GrpcLogAppender (LogUtils.java:warn(134)) - af93d71e-9597-43d1-a0d9-fd03e0850daa@group-B594624CFC31->f486f1b0-a775-4c38-857e-a3674efc25f6-AppendLogResponseHandler: Failed appendEntries: org.apache.ratis.thirdparty.io.grpc.StatusRuntimeException: UNAVAILABLE: io exception
2019-10-11 04:55:15,315 [grpc-default-executor-1] INFO  impl.FollowerInfo (FollowerInfo.java:lambda$new$0(51)) - af93d71e-9597-43d1-a0d9-fd03e0850daa@group-B594624CFC31->f486f1b0-a775-4c38-857e-a3674efc25f6: nextIndex: updateUnconditionally 0 -> 0
2019-10-11 04:55:15,539 [grpc-default-executor-5] WARN  server.GrpcLogAppender (LogUtils.java:warn(134)) - af93d71e-9597-43d1-a0d9-fd03e0850daa@group-6EB4CB2E655A->f486f1b0-a775-4c38-857e-a3674efc25f6-AppendLogResponseHandler: Failed appendEntries: org.apache.ratis.thirdparty.io.grpc.StatusRuntimeException: UNAVAILABLE: io exception
2019-10-11 04:55:15,539 [grpc-default-executor-4] WARN  server.GrpcLogAppender (LogUtils.java:warn(134)) - af93d71e-9597-43d1-a0d9-fd03e0850daa@group-6EB4CB2E655A->85dedb5c-0475-48d6-91a5-f8922a1c9690-AppendLogResponseHandler: Failed appendEntries: org.apache.ratis.thirdparty.io.grpc.StatusRuntimeException: UNAVAILABLE: io exception
2019-10-11 04:55:15,539 [grpc-default-executor-5] INFO  impl.FollowerInfo (FollowerInfo.java:lambda$new$0(51)) - af93d71e-9597-43d1-a0d9-fd03e0850daa@group-6EB4CB2E655A->f486f1b0-a775-4c38-857e-a3674efc25f6: nextIndex: updateUnconditionally 0 -> 0
2019-10-11 04:55:15,539 [grpc-default-executor-4] INFO  impl.FollowerInfo (FollowerInfo.java:lambda$new$0(51)) - af93d71e-9597-43d1-a0d9-fd03e0850daa@group-6EB4CB2E655A->85dedb5c-0475-48d6-91a5-f8922a1c9690: nextIndex: updateUnconditionally 0 -> 0
2019-10-11 04:55:15,802 [grpc-default-executor-1] WARN  server.GrpcLogAppender (LogUtils.java:warn(134)) - af93d71e-9597-43d1-a0d9-fd03e0850daa@group-B594624CFC31->85dedb5c-0475-48d6-91a5-f8922a1c9690-AppendLogResponseHandler: Failed appendEntries: org.apache.ratis.thirdparty.io.grpc.StatusRuntimeException: UNAVAILABLE: io exception
2019-10-11 04:55:15,802 [grpc-default-executor-1] INFO  impl.FollowerInfo (FollowerInfo.java:lambda$new$0(51)) - af93d71e-9597-43d1-a0d9-fd03e0850daa@group-B594624CFC31->85dedb5c-0475-48d6-91a5-f8922a1c9690: nextIndex: updateUnconditionally 0 -> 0
2019-10-11 04:55:15,815 [grpc-default-executor-5] WARN  server.GrpcLogAppender (LogUtils.java:warn(134)) - af93d71e-9597-43d1-a0d9-fd03e0850daa@group-B594624CFC31->f486f1b0-a775-4c38-857e-a3674efc25f6-AppendLogResponseHandler: Failed appendEntries: org.apache.ratis.thirdparty.io.grpc.StatusRuntimeException: UNAVAILABLE: io exception
2019-10-11 04:55:15,815 [grpc-default-executor-5] INFO  impl.FollowerInfo (FollowerInfo.java:lambda$new$0(51)) - af93d71e-9597-43d1-a0d9-fd03e0850daa@group-B594624CFC31->f486f1b0-a775-4c38-857e-a3674efc25f6: nextIndex: updateUnconditionally 0 -> 0
2019-10-11 04:55:16,039 [grpc-default-executor-4] WARN  server.GrpcLogAppender (LogUtils.java:warn(134)) - af93d71e-9597-43d1-a0d9-fd03e0850daa@group-6EB4CB2E655A->f486f1b0-a775-4c38-857e-a3674efc25f6-AppendLogResponseHandler: Failed appendEntries: org.apache.ratis.thirdparty.io.grpc.StatusRuntimeException: UNAVAILABLE: io exception
2019-10-11 04:55:16,039 [grpc-default-executor-5] WARN  server.GrpcLogAppender (LogUtils.java:warn(134)) - af93d71e-9597-43d1-a0d9-fd03e0850daa@group-6EB4CB2E655A->85dedb5c-0475-48d6-91a5-f8922a1c9690-AppendLogResponseHandler: Failed appendEntries: org.apache.ratis.thirdparty.io.grpc.StatusRuntimeException: UNAVAILABLE: io exception
2019-10-11 04:55:16,040 [grpc-default-executor-4] INFO  impl.FollowerInfo (FollowerInfo.java:lambda$new$0(51)) - af93d71e-9597-43d1-a0d9-fd03e0850daa@group-6EB4CB2E655A->f486f1b0-a775-4c38-857e-a3674efc25f6: nextIndex: updateUnconditionally 0 -> 0
2019-10-11 04:55:16,040 [grpc-default-executor-5] INFO  impl.FollowerInfo (FollowerInfo.java:lambda$new$0(51)) - af93d71e-9597-43d1-a0d9-fd03e0850daa@group-6EB4CB2E655A->85dedb5c-0475-48d6-91a5-f8922a1c9690: nextIndex: updateUnconditionally 0 -> 0
2019-10-11 04:55:16,303 [grpc-default-executor-1] WARN  server.GrpcLogAppender (LogUtils.java:warn(134)) - af93d71e-9597-43d1-a0d9-fd03e0850daa@group-B594624CFC31->85dedb5c-0475-48d6-91a5-f8922a1c9690-AppendLogResponseHandler: Failed appendEntries: org.apache.ratis.thirdparty.io.grpc.StatusRuntimeException: UNAVAILABLE: io exception
2019-10-11 04:55:16,303 [grpc-default-executor-1] INFO  impl.FollowerInfo (FollowerInfo.java:lambda$new$0(51)) - af93d71e-9597-43d1-a0d9-fd03e0850daa@group-B594624CFC31->85dedb5c-0475-48d6-91a5-f8922a1c9690: nextIndex: updateUnconditionally 0 -> 0
2019-10-11 04:55:16,315 [grpc-default-executor-4] WARN  server.GrpcLogAppender (LogUtils.java:warn(134)) - af93d71e-9597-43d1-a0d9-fd03e0850daa@group-B594624CFC31->f486f1b0-a775-4c38-857e-a3674efc25f6-AppendLogResponseHandler: Failed appendEntries: org.apache.ratis.thirdparty.io.grpc.StatusRuntimeException: UNAVAILABLE: io exception
2019-10-11 04:55:16,316 [grpc-default-executor-4] INFO  impl.FollowerInfo (FollowerInfo.java:lambda$new$0(51)) - af93d71e-9597-43d1-a0d9-fd03e0850daa@group-B594624CFC31->f486f1b0-a775-4c38-857e-a3674efc25f6: nextIndex: updateUnconditionally 0 -> 0
2019-10-11 04:55:16,541 [grpc-default-executor-3] WARN  server.GrpcLogAppender (LogUtils.java:warn(134)) - af93d71e-9597-43d1-a0d9-fd03e0850daa@group-6EB4CB2E655A->f486f1b0-a775-4c38-857e-a3674efc25f6-AppendLogResponseHandler: Failed appendEntries: org.apache.ratis.thirdparty.io.grpc.StatusRuntimeException: UNAVAILABLE: io exception
2019-10-11 04:55:16,541 [grpc-default-executor-2] WARN  server.GrpcLogAppender (LogUtils.java:warn(134)) - af93d71e-9597-43d1-a0d9-fd03e0850daa@group-6EB4CB2E655A->85dedb5c-0475-48d6-91a5-f8922a1c9690-AppendLogResponseHandler: Failed appendEntries: org.apache.ratis.thirdparty.io.grpc.StatusRuntimeException: UNAVAILABLE: io exception
2019-10-11 04:55:16,542 [grpc-default-executor-3] INFO  impl.FollowerInfo (FollowerInfo.java:lambda$new$0(51)) - af93d71e-9597-43d1-a0d9-fd03e0850daa@group-6EB4CB2E655A->f486f1b0-a775-4c38-857e-a3674efc25f6: nextIndex: updateUnconditionally 0 -> 0
2019-10-11 04:55:16,542 [grpc-default-executor-2] INFO  impl.FollowerInfo (FollowerInfo.java:lambda$new$0(51)) - af93d71e-9597-43d1-a0d9-fd03e0850daa@group-6EB4CB2E655A->85dedb5c-0475-48d6-91a5-f8922a1c9690: nextIndex: updateUnconditionally 0 -> 0
2019-10-11 04:55:16,803 [grpc-default-executor-3] WARN  server.GrpcLogAppender (LogUtils.java:warn(134)) - af93d71e-9597-43d1-a0d9-fd03e0850daa@group-B594624CFC31->85dedb5c-0475-48d6-91a5-f8922a1c9690-AppendLogResponseHandler: Failed appendEntries: org.apache.ratis.thirdparty.io.grpc.StatusRuntimeException: UNAVAILABLE: io exception
2019-10-11 04:55:16,804 [grpc-default-executor-3] INFO  impl.FollowerInfo (FollowerInfo.java:lambda$new$0(51)) - af93d71e-9597-43d1-a0d9-fd03e0850daa@group-B594624CFC31->85dedb5c-0475-48d6-91a5-f8922a1c9690: nextIndex: updateUnconditionally 0 -> 0
2019-10-11 04:55:16,816 [grpc-default-executor-1] WARN  server.GrpcLogAppender (LogUtils.java:warn(134)) - af93d71e-9597-43d1-a0d9-fd03e0850daa@group-B594624CFC31->f486f1b0-a775-4c38-857e-a3674efc25f6-AppendLogResponseHandler: Failed appendEntries: org.apache.ratis.thirdparty.io.grpc.StatusRuntimeException: UNAVAILABLE: io exception
2019-10-11 04:55:16,816 [grpc-default-executor-1] INFO  impl.FollowerInfo (FollowerInfo.java:lambda$new$0(51)) - af93d71e-9597-43d1-a0d9-fd03e0850daa@group-B594624CFC31->f486f1b0-a775-4c38-857e-a3674efc25f6: nextIndex: updateUnconditionally 0 -> 0
2019-10-11 04:55:17,042 [grpc-default-executor-0] WARN  server.GrpcLogAppender (LogUtils.java:warn(134)) - af93d71e-9597-43d1-a0d9-fd03e0850daa@group-6EB4CB2E655A->f486f1b0-a775-4c38-857e-a3674efc25f6-AppendLogResponseHandler: Failed appendEntries: org.apache.ratis.thirdparty.io.grpc.StatusRuntimeException: UNAVAILABLE: io exception
2019-10-11 04:55:17,042 [grpc-default-executor-5] WARN  server.GrpcLogAppender (LogUtils.java:warn(134)) - af93d71e-9597-43d1-a0d9-fd03e0850daa@group-6EB4CB2E655A->85dedb5c-0475-48d6-91a5-f8922a1c9690-AppendLogResponseHandler: Failed appendEntries: org.apache.ratis.thirdparty.io.grpc.StatusRuntimeException: UNAVAILABLE: io exception
2019-10-11 04:55:17,042 [grpc-default-executor-0] INFO  impl.FollowerInfo (FollowerInfo.java:lambda$new$0(51)) - af93d71e-9597-43d1-a0d9-fd03e0850daa@group-6EB4CB2E655A->f486f1b0-a775-4c38-857e-a3674efc25f6: nextIndex: updateUnconditionally 0 -> 0
2019-10-11 04:55:17,042 [grpc-default-executor-5] INFO  impl.FollowerInfo (FollowerInfo.java:lambda$new$0(51)) - af93d71e-9597-43d1-a0d9-fd03e0850daa@group-6EB4CB2E655A->85dedb5c-0475-48d6-91a5-f8922a1c9690: nextIndex: updateUnconditionally 0 -> 0
2019-10-11 04:55:17,306 [grpc-default-executor-0] WARN  server.GrpcLogAppender (LogUtils.java:warn(134)) - af93d71e-9597-43d1-a0d9-fd03e0850daa@group-B594624CFC31->85dedb5c-0475-48d6-91a5-f8922a1c9690-AppendLogResponseHandler: Failed appendEntries: org.apache.ratis.thirdparty.io.grpc.StatusRuntimeException: UNAVAILABLE: io exception
2019-10-11 04:55:17,306 [grpc-default-executor-0] INFO  impl.FollowerInfo (FollowerInfo.java:lambda$new$0(51)) - af93d71e-9597-43d1-a0d9-fd03e0850daa@group-B594624CFC31->85dedb5c-0475-48d6-91a5-f8922a1c9690: nextIndex: updateUnconditionally 0 -> 0
2019-10-11 04:55:17,316 [grpc-default-executor-1] WARN  server.GrpcLogAppender (LogUtils.java:warn(134)) - af93d71e-9597-43d1-a0d9-fd03e0850daa@group-B594624CFC31->f486f1b0-a775-4c38-857e-a3674efc25f6-AppendLogResponseHandler: Failed appendEntries: org.apache.ratis.thirdparty.io.grpc.StatusRuntimeException: UNAVAILABLE: io exception
2019-10-11 04:55:17,317 [grpc-default-executor-1] INFO  impl.FollowerInfo (FollowerInfo.java:lambda$new$0(51)) - af93d71e-9597-43d1-a0d9-fd03e0850daa@group-B594624CFC31->f486f1b0-a775-4c38-857e-a3674efc25f6: nextIndex: updateUnconditionally 0 -> 0
2019-10-11 04:55:17,543 [grpc-default-executor-3] WARN  server.GrpcLogAppender (LogUtils.java:warn(134)) - af93d71e-9597-43d1-a0d9-fd03e0850daa@group-6EB4CB2E655A->85dedb5c-0475-48d6-91a5-f8922a1c9690-AppendLogResponseHandler: Failed appendEntries: org.apache.ratis.thirdparty.io.grpc.StatusRuntimeException: UNAVAILABLE: io exception
2019-10-11 04:55:17,543 [grpc-default-executor-5] WARN  server.GrpcLogAppender (LogUtils.java:warn(134)) - af93d71e-9597-43d1-a0d9-fd03e0850daa@group-6EB4CB2E655A->f486f1b0-a775-4c38-857e-a3674efc25f6-AppendLogResponseHandler: Failed appendEntries: org.apache.ratis.thirdparty.io.grpc.StatusRuntimeException: UNAVAILABLE: io exception
2019-10-11 04:55:17,544 [grpc-default-executor-3] INFO  impl.FollowerInfo (FollowerInfo.java:lambda$new$0(51)) - af93d71e-9597-43d1-a0d9-fd03e0850daa@group-6EB4CB2E655A->85dedb5c-0475-48d6-91a5-f8922a1c9690: nextIndex: updateUnconditionally 0 -> 0
2019-10-11 04:55:17,544 [grpc-default-executor-5] INFO  impl.FollowerInfo (FollowerInfo.java:lambda$new$0(51)) - af93d71e-9597-43d1-a0d9-fd03e0850daa@group-6EB4CB2E655A->f486f1b0-a775-4c38-857e-a3674efc25f6: nextIndex: updateUnconditionally 0 -> 0
2019-10-11 04:55:17,808 [grpc-default-executor-0] WARN  server.GrpcLogAppender (LogUtils.java:warn(134)) - af93d71e-9597-43d1-a0d9-fd03e0850daa@group-B594624CFC31->85dedb5c-0475-48d6-91a5-f8922a1c9690-AppendLogResponseHandler: Failed appendEntries: org.apache.ratis.thirdparty.io.grpc.StatusRuntimeException: UNAVAILABLE: io exception
2019-10-11 04:55:17,809 [grpc-default-executor-0] INFO  impl.FollowerInfo (FollowerInfo.java:lambda$new$0(51)) - af93d71e-9597-43d1-a0d9-fd03e0850daa@group-B594624CFC31->85dedb5c-0475-48d6-91a5-f8922a1c9690: nextIndex: updateUnconditionally 0 -> 0
2019-10-11 04:55:17,817 [grpc-default-executor-3] WARN  server.GrpcLogAppender (LogUtils.java:warn(134)) - af93d71e-9597-43d1-a0d9-fd03e0850daa@group-B594624CFC31->f486f1b0-a775-4c38-857e-a3674efc25f6-AppendLogResponseHandler: Failed appendEntries: org.apache.ratis.thirdparty.io.grpc.StatusRuntimeException: UNAVAILABLE: io exception
2019-10-11 04:55:17,818 [grpc-default-executor-3] INFO  impl.FollowerInfo (FollowerInfo.java:lambda$new$0(51)) - af93d71e-9597-43d1-a0d9-fd03e0850daa@group-B594624CFC31->f486f1b0-a775-4c38-857e-a3674efc25f6: nextIndex: updateUnconditionally 0 -> 0
2019-10-11 04:55:18,046 [grpc-default-executor-5] WARN  server.GrpcLogAppender (LogUtils.java:warn(134)) - af93d71e-9597-43d1-a0d9-fd03e0850daa@group-6EB4CB2E655A->85dedb5c-0475-48d6-91a5-f8922a1c9690-AppendLogResponseHandler: Failed appendEntries: org.apache.ratis.thirdparty.io.grpc.StatusRuntimeException: UNAVAILABLE: io exception
2019-10-11 04:55:18,046 [grpc-default-executor-1] WARN  server.GrpcLogAppender (LogUtils.java:warn(134)) - af93d71e-9597-43d1-a0d9-fd03e0850daa@group-6EB4CB2E655A->f486f1b0-a775-4c38-857e-a3674efc25f6-AppendLogResponseHandler: Failed appendEntries: org.apache.ratis.thirdparty.io.grpc.StatusRuntimeException: UNAVAILABLE: io exception
2019-10-11 04:55:18,047 [grpc-default-executor-5] INFO  impl.FollowerInfo (FollowerInfo.java:lambda$new$0(51)) - af93d71e-9597-43d1-a0d9-fd03e0850daa@group-6EB4CB2E655A->85dedb5c-0475-48d6-91a5-f8922a1c9690: nextIndex: updateUnconditionally 0 -> 0
2019-10-11 04:55:18,047 [grpc-default-executor-1] INFO  impl.FollowerInfo (FollowerInfo.java:lambda$new$0(51)) - af93d71e-9597-43d1-a0d9-fd03e0850daa@group-6EB4CB2E655A->f486f1b0-a775-4c38-857e-a3674efc25f6: nextIndex: updateUnconditionally 0 -> 0
2019-10-11 04:55:18,308 [grpc-default-executor-3] WARN  server.GrpcLogAppender (LogUtils.java:warn(134)) - af93d71e-9597-43d1-a0d9-fd03e0850daa@group-B594624CFC31->85dedb5c-0475-48d6-91a5-f8922a1c9690-AppendLogResponseHandler: Failed appendEntries: org.apache.ratis.thirdparty.io.grpc.StatusRuntimeException: UNAVAILABLE: io exception
2019-10-11 04:55:18,308 [grpc-default-executor-3] INFO  impl.FollowerInfo (FollowerInfo.java:lambda$new$0(51)) - af93d71e-9597-43d1-a0d9-fd03e0850daa@group-B594624CFC31->85dedb5c-0475-48d6-91a5-f8922a1c9690: nextIndex: updateUnconditionally 0 -> 0
2019-10-11 04:55:18,318 [grpc-default-executor-5] WARN  server.GrpcLogAppender (LogUtils.java:warn(134)) - af93d71e-9597-43d1-a0d9-fd03e0850daa@group-B594624CFC31->f486f1b0-a775-4c38-857e-a3674efc25f6-AppendLogResponseHandler: Failed appendEntries: org.apache.ratis.thirdparty.io.grpc.StatusRuntimeException: UNAVAILABLE: io exception
2019-10-11 04:55:18,318 [grpc-default-executor-5] INFO  impl.FollowerInfo (FollowerInfo.java:lambda$new$0(51)) - af93d71e-9597-43d1-a0d9-fd03e0850daa@group-B594624CFC31->f486f1b0-a775-4c38-857e-a3674efc25f6: nextIndex: updateUnconditionally 0 -> 0
2019-10-11 04:55:18,545 [grpc-default-executor-1] WARN  server.GrpcLogAppender (LogUtils.java:warn(134)) - af93d71e-9597-43d1-a0d9-fd03e0850daa@group-6EB4CB2E655A->f486f1b0-a775-4c38-857e-a3674efc25f6-AppendLogResponseHandler: Failed appendEntries: org.apache.ratis.thirdparty.io.grpc.StatusRuntimeException: UNAVAILABLE: io exception
2019-10-11 04:55:18,545 [grpc-default-executor-0] WARN  server.GrpcLogAppender (LogUtils.java:warn(134)) - af93d71e-9597-43d1-a0d9-fd03e0850daa@group-6EB4CB2E655A->85dedb5c-0475-48d6-91a5-f8922a1c9690-AppendLogResponseHandler: Failed appendEntries: org.apache.ratis.thirdparty.io.grpc.StatusRuntimeException: UNAVAILABLE: io exception
2019-10-11 04:55:18,546 [grpc-default-executor-1] INFO  impl.FollowerInfo (FollowerInfo.java:lambda$new$0(51)) - af93d71e-9597-43d1-a0d9-fd03e0850daa@group-6EB4CB2E655A->f486f1b0-a775-4c38-857e-a3674efc25f6: nextIndex: updateUnconditionally 0 -> 0
2019-10-11 04:55:18,546 [grpc-default-executor-0] INFO  impl.FollowerInfo (FollowerInfo.java:lambda$new$0(51)) - af93d71e-9597-43d1-a0d9-fd03e0850daa@group-6EB4CB2E655A->85dedb5c-0475-48d6-91a5-f8922a1c9690: nextIndex: updateUnconditionally 0 -> 0
2019-10-11 04:55:18,808 [grpc-default-executor-5] WARN  server.GrpcLogAppender (LogUtils.java:warn(134)) - af93d71e-9597-43d1-a0d9-fd03e0850daa@group-B594624CFC31->85dedb5c-0475-48d6-91a5-f8922a1c9690-AppendLogResponseHandler: Failed appendEntries: org.apache.ratis.thirdparty.io.grpc.StatusRuntimeException: UNAVAILABLE: io exception
2019-10-11 04:55:18,809 [grpc-default-executor-5] INFO  impl.FollowerInfo (FollowerInfo.java:lambda$new$0(51)) - af93d71e-9597-43d1-a0d9-fd03e0850daa@group-B594624CFC31->85dedb5c-0475-48d6-91a5-f8922a1c9690: nextIndex: updateUnconditionally 0 -> 0
2019-10-11 04:55:18,818 [grpc-default-executor-1] WARN  server.GrpcLogAppender (LogUtils.java:warn(134)) - af93d71e-9597-43d1-a0d9-fd03e0850daa@group-B594624CFC31->f486f1b0-a775-4c38-857e-a3674efc25f6-AppendLogResponseHandler: Failed appendEntries: org.apache.ratis.thirdparty.io.grpc.StatusRuntimeException: UNAVAILABLE: io exception
2019-10-11 04:55:18,819 [grpc-default-executor-1] INFO  impl.FollowerInfo (FollowerInfo.java:lambda$new$0(51)) - af93d71e-9597-43d1-a0d9-fd03e0850daa@group-B594624CFC31->f486f1b0-a775-4c38-857e-a3674efc25f6: nextIndex: updateUnconditionally 0 -> 0
2019-10-11 04:55:19,048 [grpc-default-executor-1] WARN  server.GrpcLogAppender (LogUtils.java:warn(134)) - af93d71e-9597-43d1-a0d9-fd03e0850daa@group-6EB4CB2E655A->85dedb5c-0475-48d6-91a5-f8922a1c9690-AppendLogResponseHandler: Failed appendEntries: org.apache.ratis.thirdparty.io.grpc.StatusRuntimeException: UNAVAILABLE: io exception
2019-10-11 04:55:19,048 [grpc-default-executor-0] WARN  server.GrpcLogAppender (LogUtils.java:warn(134)) - af93d71e-9597-43d1-a0d9-fd03e0850daa@group-6EB4CB2E655A->f486f1b0-a775-4c38-857e-a3674efc25f6-AppendLogResponseHandler: Failed appendEntries: org.apache.ratis.thirdparty.io.grpc.StatusRuntimeException: UNAVAILABLE: io exception
2019-10-11 04:55:19,049 [grpc-default-executor-1] INFO  impl.FollowerInfo (FollowerInfo.java:lambda$new$0(51)) - af93d71e-9597-43d1-a0d9-fd03e0850daa@group-6EB4CB2E655A->85dedb5c-0475-48d6-91a5-f8922a1c9690: nextIndex: updateUnconditionally 0 -> 0
2019-10-11 04:55:19,050 [grpc-default-executor-0] INFO  impl.FollowerInfo (FollowerInfo.java:lambda$new$0(51)) - af93d71e-9597-43d1-a0d9-fd03e0850daa@group-6EB4CB2E655A->f486f1b0-a775-4c38-857e-a3674efc25f6: nextIndex: updateUnconditionally 0 -> 0
2019-10-11 04:55:19,310 [grpc-default-executor-0] WARN  server.GrpcLogAppender (LogUtils.java:warn(134)) - af93d71e-9597-43d1-a0d9-fd03e0850daa@group-B594624CFC31->85dedb5c-0475-48d6-91a5-f8922a1c9690-AppendLogResponseHandler: Failed appendEntries: org.apache.ratis.thirdparty.io.grpc.StatusRuntimeException: UNAVAILABLE: io exception
2019-10-11 04:55:19,310 [grpc-default-executor-0] INFO  impl.FollowerInfo (FollowerInfo.java:lambda$new$0(51)) - af93d71e-9597-43d1-a0d9-fd03e0850daa@group-B594624CFC31->85dedb5c-0475-48d6-91a5-f8922a1c9690: nextIndex: updateUnconditionally 0 -> 0
2019-10-11 04:55:19,319 [grpc-default-executor-3] WARN  server.GrpcLogAppender (LogUtils.java:warn(134)) - af93d71e-9597-43d1-a0d9-fd03e0850daa@group-B594624CFC31->f486f1b0-a775-4c38-857e-a3674efc25f6-AppendLogResponseHandler: Failed appendEntries: org.apache.ratis.thirdparty.io.grpc.StatusRuntimeException: UNAVAILABLE: io exception
2019-10-11 04:55:19,319 [grpc-default-executor-3] INFO  impl.FollowerInfo (FollowerInfo.java:lambda$new$0(51)) - af93d71e-9597-43d1-a0d9-fd03e0850daa@group-B594624CFC31->f486f1b0-a775-4c38-857e-a3674efc25f6: nextIndex: updateUnconditionally 0 -> 0
2019-10-11 04:55:19,549 [grpc-default-executor-0] WARN  server.GrpcLogAppender (LogUtils.java:warn(134)) - af93d71e-9597-43d1-a0d9-fd03e0850daa@group-6EB4CB2E655A->85dedb5c-0475-48d6-91a5-f8922a1c9690-AppendLogResponseHandler: Failed appendEntries: org.apache.ratis.thirdparty.io.grpc.StatusRuntimeException: UNAVAILABLE: io exception
2019-10-11 04:55:19,549 [grpc-default-executor-5] WARN  server.GrpcLogAppender (LogUtils.java:warn(134)) - af93d71e-9597-43d1-a0d9-fd03e0850daa@group-6EB4CB2E655A->f486f1b0-a775-4c38-857e-a3674efc25f6-AppendLogResponseHandler: Failed appendEntries: org.apache.ratis.thirdparty.io.grpc.StatusRuntimeException: UNAVAILABLE: io exception
2019-10-11 04:55:19,549 [grpc-default-executor-0] INFO  impl.FollowerInfo (FollowerInfo.java:lambda$new$0(51)) - af93d71e-9597-43d1-a0d9-fd03e0850daa@group-6EB4CB2E655A->85dedb5c-0475-48d6-91a5-f8922a1c9690: nextIndex: updateUnconditionally 0 -> 0
2019-10-11 04:55:19,550 [grpc-default-executor-5] INFO  impl.FollowerInfo (FollowerInfo.java:lambda$new$0(51)) - af93d71e-9597-43d1-a0d9-fd03e0850daa@group-6EB4CB2E655A->f486f1b0-a775-4c38-857e-a3674efc25f6: nextIndex: updateUnconditionally 0 -> 0
2019-10-11 04:55:19,813 [grpc-default-executor-3] WARN  server.GrpcLogAppender (LogUtils.java:warn(134)) - af93d71e-9597-43d1-a0d9-fd03e0850daa@group-B594624CFC31->85dedb5c-0475-48d6-91a5-f8922a1c9690-AppendLogResponseHandler: Failed appendEntries: org.apache.ratis.thirdparty.io.grpc.StatusRuntimeException: UNAVAILABLE: io exception
2019-10-11 04:55:19,814 [grpc-default-executor-3] INFO  impl.FollowerInfo (FollowerInfo.java:lambda$new$0(51)) - af93d71e-9597-43d1-a0d9-fd03e0850daa@group-B594624CFC31->85dedb5c-0475-48d6-91a5-f8922a1c9690: nextIndex: updateUnconditionally 0 -> 0
2019-10-11 04:55:19,820 [grpc-default-executor-5] WARN  server.GrpcLogAppender (LogUtils.java:warn(134)) - af93d71e-9597-43d1-a0d9-fd03e0850daa@group-B594624CFC31->f486f1b0-a775-4c38-857e-a3674efc25f6-AppendLogResponseHandler: Failed appendEntries: org.apache.ratis.thirdparty.io.grpc.StatusRuntimeException: UNAVAILABLE: io exception
2019-10-11 04:55:19,820 [grpc-default-executor-5] INFO  impl.FollowerInfo (FollowerInfo.java:lambda$new$0(51)) - af93d71e-9597-43d1-a0d9-fd03e0850daa@group-B594624CFC31->f486f1b0-a775-4c38-857e-a3674efc25f6: nextIndex: updateUnconditionally 0 -> 0
2019-10-11 04:55:20,053 [grpc-default-executor-4] WARN  server.GrpcLogAppender (LogUtils.java:warn(134)) - af93d71e-9597-43d1-a0d9-fd03e0850daa@group-6EB4CB2E655A->f486f1b0-a775-4c38-857e-a3674efc25f6-AppendLogResponseHandler: Failed appendEntries: org.apache.ratis.thirdparty.io.grpc.StatusRuntimeException: UNAVAILABLE: io exception
2019-10-11 04:55:20,053 [grpc-default-executor-2] WARN  server.GrpcLogAppender (LogUtils.java:warn(134)) - af93d71e-9597-43d1-a0d9-fd03e0850daa@group-6EB4CB2E655A->85dedb5c-0475-48d6-91a5-f8922a1c9690-AppendLogResponseHandler: Failed appendEntries: org.apache.ratis.thirdparty.io.grpc.StatusRuntimeException: UNAVAILABLE: io exception
2019-10-11 04:55:20,054 [grpc-default-executor-4] INFO  impl.FollowerInfo (FollowerInfo.java:lambda$new$0(51)) - af93d71e-9597-43d1-a0d9-fd03e0850daa@group-6EB4CB2E655A->f486f1b0-a775-4c38-857e-a3674efc25f6: nextIndex: updateUnconditionally 0 -> 0
2019-10-11 04:55:20,054 [grpc-default-executor-2] INFO  impl.FollowerInfo (FollowerInfo.java:lambda$new$0(51)) - af93d71e-9597-43d1-a0d9-fd03e0850daa@group-6EB4CB2E655A->85dedb5c-0475-48d6-91a5-f8922a1c9690: nextIndex: updateUnconditionally 0 -> 0
2019-10-11 04:55:20,314 [grpc-default-executor-5] WARN  server.GrpcLogAppender (LogUtils.java:warn(134)) - af93d71e-9597-43d1-a0d9-fd03e0850daa@group-B594624CFC31->85dedb5c-0475-48d6-91a5-f8922a1c9690-AppendLogResponseHandler: Failed appendEntries: org.apache.ratis.thirdparty.io.grpc.StatusRuntimeException: UNAVAILABLE: io exception
2019-10-11 04:55:20,314 [grpc-default-executor-5] INFO  impl.FollowerInfo (FollowerInfo.java:lambda$new$0(51)) - af93d71e-9597-43d1-a0d9-fd03e0850daa@group-B594624CFC31->85dedb5c-0475-48d6-91a5-f8922a1c9690: nextIndex: updateUnconditionally 0 -> 0
2019-10-11 04:55:20,321 [grpc-default-executor-4] WARN  server.GrpcLogAppender (LogUtils.java:warn(134)) - af93d71e-9597-43d1-a0d9-fd03e0850daa@group-B594624CFC31->f486f1b0-a775-4c38-857e-a3674efc25f6-AppendLogResponseHandler: Failed appendEntries: org.apache.ratis.thirdparty.io.grpc.StatusRuntimeException: UNAVAILABLE: io exception
2019-10-11 04:55:20,321 [grpc-default-executor-4] INFO  impl.FollowerInfo (FollowerInfo.java:lambda$new$0(51)) - af93d71e-9597-43d1-a0d9-fd03e0850daa@group-B594624CFC31->f486f1b0-a775-4c38-857e-a3674efc25f6: nextIndex: updateUnconditionally 0 -> 0
2019-10-11 04:55:20,553 [grpc-default-executor-3] WARN  server.GrpcLogAppender (LogUtils.java:warn(134)) - af93d71e-9597-43d1-a0d9-fd03e0850daa@group-6EB4CB2E655A->85dedb5c-0475-48d6-91a5-f8922a1c9690-AppendLogResponseHandler: Failed appendEntries: org.apache.ratis.thirdparty.io.grpc.StatusRuntimeException: UNAVAILABLE: io exception
2019-10-11 04:55:20,553 [grpc-default-executor-1] WARN  server.GrpcLogAppender (LogUtils.java:warn(134)) - af93d71e-9597-43d1-a0d9-fd03e0850daa@group-6EB4CB2E655A->f486f1b0-a775-4c38-857e-a3674efc25f6-AppendLogResponseHandler: Failed appendEntries: org.apache.ratis.thirdparty.io.grpc.StatusRuntimeException: UNAVAILABLE: io exception
2019-10-11 04:55:20,554 [grpc-default-executor-3] INFO  impl.FollowerInfo (FollowerInfo.java:lambda$new$0(51)) - af93d71e-9597-43d1-a0d9-fd03e0850daa@group-6EB4CB2E655A->85dedb5c-0475-48d6-91a5-f8922a1c9690: nextIndex: updateUnconditionally 0 -> 0
2019-10-11 04:55:20,554 [grpc-default-executor-1] INFO  impl.FollowerInfo (FollowerInfo.java:lambda$new$0(51)) - af93d71e-9597-43d1-a0d9-fd03e0850daa@group-6EB4CB2E655A->f486f1b0-a775-4c38-857e-a3674efc25f6: nextIndex: updateUnconditionally 0 -> 0
2019-10-11 04:55:20,814 [grpc-default-executor-4] WARN  server.GrpcLogAppender (LogUtils.java:warn(134)) - af93d71e-9597-43d1-a0d9-fd03e0850daa@group-B594624CFC31->85dedb5c-0475-48d6-91a5-f8922a1c9690-AppendLogResponseHandler: Failed appendEntries: org.apache.ratis.thirdparty.io.grpc.StatusRuntimeException: UNAVAILABLE: io exception
2019-10-11 04:55:20,815 [grpc-default-executor-4] INFO  impl.FollowerInfo (FollowerInfo.java:lambda$new$0(51)) - af93d71e-9597-43d1-a0d9-fd03e0850daa@group-B594624CFC31->85dedb5c-0475-48d6-91a5-f8922a1c9690: nextIndex: updateUnconditionally 0 -> 0
2019-10-11 04:55:20,821 [grpc-default-executor-3] WARN  server.GrpcLogAppender (LogUtils.java:warn(134)) - af93d71e-9597-43d1-a0d9-fd03e0850daa@group-B594624CFC31->f486f1b0-a775-4c38-857e-a3674efc25f6-AppendLogResponseHandler: Failed appendEntries: org.apache.ratis.thirdparty.io.grpc.StatusRuntimeException: UNAVAILABLE: io exception
2019-10-11 04:55:20,821 [grpc-default-executor-3] INFO  impl.FollowerInfo (FollowerInfo.java:lambda$new$0(51)) - af93d71e-9597-43d1-a0d9-fd03e0850daa@group-B594624CFC31->f486f1b0-a775-4c38-857e-a3674efc25f6: nextIndex: updateUnconditionally 0 -> 0
2019-10-11 04:55:21,054 [grpc-default-executor-1] WARN  server.GrpcLogAppender (LogUtils.java:warn(134)) - af93d71e-9597-43d1-a0d9-fd03e0850daa@group-6EB4CB2E655A->85dedb5c-0475-48d6-91a5-f8922a1c9690-AppendLogResponseHandler: Failed appendEntries: org.apache.ratis.thirdparty.io.grpc.StatusRuntimeException: UNAVAILABLE: io exception
2019-10-11 04:55:21,054 [grpc-default-executor-2] WARN  server.GrpcLogAppender (LogUtils.java:warn(134)) - af93d71e-9597-43d1-a0d9-fd03e0850daa@group-6EB4CB2E655A->f486f1b0-a775-4c38-857e-a3674efc25f6-AppendLogResponseHandler: Failed appendEntries: org.apache.ratis.thirdparty.io.grpc.StatusRuntimeException: UNAVAILABLE: io exception
2019-10-11 04:55:21,055 [grpc-default-executor-1] INFO  impl.FollowerInfo (FollowerInfo.java:lambda$new$0(51)) - af93d71e-9597-43d1-a0d9-fd03e0850daa@group-6EB4CB2E655A->85dedb5c-0475-48d6-91a5-f8922a1c9690: nextIndex: updateUnconditionally 0 -> 0
2019-10-11 04:55:21,055 [grpc-default-executor-2] INFO  impl.FollowerInfo (FollowerInfo.java:lambda$new$0(51)) - af93d71e-9597-43d1-a0d9-fd03e0850daa@group-6EB4CB2E655A->f486f1b0-a775-4c38-857e-a3674efc25f6: nextIndex: updateUnconditionally 0 -> 0
2019-10-11 04:55:21,316 [grpc-default-executor-4] WARN  server.GrpcLogAppender (LogUtils.java:warn(134)) - af93d71e-9597-43d1-a0d9-fd03e0850daa@group-B594624CFC31->85dedb5c-0475-48d6-91a5-f8922a1c9690-AppendLogResponseHandler: Failed appendEntries: org.apache.ratis.thirdparty.io.grpc.StatusRuntimeException: UNAVAILABLE: io exception
2019-10-11 04:55:21,317 [grpc-default-executor-4] INFO  impl.FollowerInfo (FollowerInfo.java:lambda$new$0(51)) - af93d71e-9597-43d1-a0d9-fd03e0850daa@group-B594624CFC31->85dedb5c-0475-48d6-91a5-f8922a1c9690: nextIndex: updateUnconditionally 0 -> 0
2019-10-11 04:55:21,322 [grpc-default-executor-1] WARN  server.GrpcLogAppender (LogUtils.java:warn(134)) - af93d71e-9597-43d1-a0d9-fd03e0850daa@group-B594624CFC31->f486f1b0-a775-4c38-857e-a3674efc25f6-AppendLogResponseHandler: Failed appendEntries: org.apache.ratis.thirdparty.io.grpc.StatusRuntimeException: UNAVAILABLE: io exception
2019-10-11 04:55:21,322 [grpc-default-executor-1] INFO  impl.FollowerInfo (FollowerInfo.java:lambda$new$0(51)) - af93d71e-9597-43d1-a0d9-fd03e0850daa@group-B594624CFC31->f486f1b0-a775-4c38-857e-a3674efc25f6: nextIndex: updateUnconditionally 0 -> 0
2019-10-11 04:55:21,555 [grpc-default-executor-2] WARN  server.GrpcLogAppender (LogUtils.java:warn(134)) - af93d71e-9597-43d1-a0d9-fd03e0850daa@group-6EB4CB2E655A->f486f1b0-a775-4c38-857e-a3674efc25f6-AppendLogResponseHandler: Failed appendEntries: org.apache.ratis.thirdparty.io.grpc.StatusRuntimeException: UNAVAILABLE: io exception
2019-10-11 04:55:21,555 [grpc-default-executor-3] WARN  server.GrpcLogAppender (LogUtils.java:warn(134)) - af93d71e-9597-43d1-a0d9-fd03e0850daa@group-6EB4CB2E655A->85dedb5c-0475-48d6-91a5-f8922a1c9690-AppendLogResponseHandler: Failed appendEntries: org.apache.ratis.thirdparty.io.grpc.StatusRuntimeException: UNAVAILABLE: io exception
2019-10-11 04:55:21,556 [grpc-default-executor-2] INFO  impl.FollowerInfo (FollowerInfo.java:lambda$new$0(51)) - af93d71e-9597-43d1-a0d9-fd03e0850daa@group-6EB4CB2E655A->f486f1b0-a775-4c38-857e-a3674efc25f6: nextIndex: updateUnconditionally 0 -> 0
2019-10-11 04:55:21,556 [grpc-default-executor-3] INFO  impl.FollowerInfo (FollowerInfo.java:lambda$new$0(51)) - af93d71e-9597-43d1-a0d9-fd03e0850daa@group-6EB4CB2E655A->85dedb5c-0475-48d6-91a5-f8922a1c9690: nextIndex: updateUnconditionally 0 -> 0
2019-10-11 04:55:21,816 [grpc-default-executor-4] WARN  server.GrpcLogAppender (LogUtils.java:warn(134)) - af93d71e-9597-43d1-a0d9-fd03e0850daa@group-B594624CFC31->85dedb5c-0475-48d6-91a5-f8922a1c9690-AppendLogResponseHandler: Failed appendEntries: org.apache.ratis.thirdparty.io.grpc.StatusRuntimeException: UNAVAILABLE: io exception
2019-10-11 04:55:21,817 [grpc-default-executor-4] INFO  impl.FollowerInfo (FollowerInfo.java:lambda$new$0(51)) - af93d71e-9597-43d1-a0d9-fd03e0850daa@group-B594624CFC31->85dedb5c-0475-48d6-91a5-f8922a1c9690: nextIndex: updateUnconditionally 0 -> 0
2019-10-11 04:55:21,822 [grpc-default-executor-2] WARN  server.GrpcLogAppender (LogUtils.java:warn(134)) - af93d71e-9597-43d1-a0d9-fd03e0850daa@group-B594624CFC31->f486f1b0-a775-4c38-857e-a3674efc25f6-AppendLogResponseHandler: Failed appendEntries: org.apache.ratis.thirdparty.io.grpc.StatusRuntimeException: UNAVAILABLE: io exception
2019-10-11 04:55:21,823 [grpc-default-executor-2] INFO  impl.FollowerInfo (FollowerInfo.java:lambda$new$0(51)) - af93d71e-9597-43d1-a0d9-fd03e0850daa@group-B594624CFC31->f486f1b0-a775-4c38-857e-a3674efc25f6: nextIndex: updateUnconditionally 0 -> 0
2019-10-11 04:55:22,058 [grpc-default-executor-1] WARN  server.GrpcLogAppender (LogUtils.java:warn(134)) - af93d71e-9597-43d1-a0d9-fd03e0850daa@group-6EB4CB2E655A->f486f1b0-a775-4c38-857e-a3674efc25f6-AppendLogResponseHandler: Failed appendEntries: org.apache.ratis.thirdparty.io.grpc.StatusRuntimeException: UNAVAILABLE: io exception
2019-10-11 04:55:22,058 [grpc-default-executor-2] WARN  server.GrpcLogAppender (LogUtils.java:warn(134)) - af93d71e-9597-43d1-a0d9-fd03e0850daa@group-6EB4CB2E655A->85dedb5c-0475-48d6-91a5-f8922a1c9690-AppendLogResponseHandler: Failed appendEntries: org.apache.ratis.thirdparty.io.grpc.StatusRuntimeException: UNAVAILABLE: io exception
2019-10-11 04:55:22,059 [grpc-default-executor-1] INFO  impl.FollowerInfo (FollowerInfo.java:lambda$new$0(51)) - af93d71e-9597-43d1-a0d9-fd03e0850daa@group-6EB4CB2E655A->f486f1b0-a775-4c38-857e-a3674efc25f6: nextIndex: updateUnconditionally 0 -> 0
2019-10-11 04:55:22,059 [grpc-default-executor-2] INFO  impl.FollowerInfo (FollowerInfo.java:lambda$new$0(51)) - af93d71e-9597-43d1-a0d9-fd03e0850daa@group-6EB4CB2E655A->85dedb5c-0475-48d6-91a5-f8922a1c9690: nextIndex: updateUnconditionally 0 -> 0
2019-10-11 04:55:22,319 [grpc-default-executor-0] WARN  server.GrpcLogAppender (LogUtils.java:warn(134)) - af93d71e-9597-43d1-a0d9-fd03e0850daa@group-B594624CFC31->85dedb5c-0475-48d6-91a5-f8922a1c9690-AppendLogResponseHandler: Failed appendEntries: org.apache.ratis.thirdparty.io.grpc.StatusRuntimeException: UNAVAILABLE: io exception
2019-10-11 04:55:22,319 [grpc-default-executor-0] INFO  impl.FollowerInfo (FollowerInfo.java:lambda$new$0(51)) - af93d71e-9597-43d1-a0d9-fd03e0850daa@group-B594624CFC31->85dedb5c-0475-48d6-91a5-f8922a1c9690: nextIndex: updateUnconditionally 0 -> 0
2019-10-11 04:55:22,323 [grpc-default-executor-0] WARN  server.GrpcLogAppender (LogUtils.java:warn(134)) - af93d71e-9597-43d1-a0d9-fd03e0850daa@group-B594624CFC31->f486f1b0-a775-4c38-857e-a3674efc25f6-AppendLogResponseHandler: Failed appendEntries: org.apache.ratis.thirdparty.io.grpc.StatusRuntimeException: UNAVAILABLE: io exception
2019-10-11 04:55:22,323 [grpc-default-executor-0] INFO  impl.FollowerInfo (FollowerInfo.java:lambda$new$0(51)) - af93d71e-9597-43d1-a0d9-fd03e0850daa@group-B594624CFC31->f486f1b0-a775-4c38-857e-a3674efc25f6: nextIndex: updateUnconditionally 0 -> 0
2019-10-11 04:55:22,560 [grpc-default-executor-5] WARN  server.GrpcLogAppender (LogUtils.java:warn(134)) - af93d71e-9597-43d1-a0d9-fd03e0850daa@group-6EB4CB2E655A->f486f1b0-a775-4c38-857e-a3674efc25f6-AppendLogResponseHandler: Failed appendEntries: org.apache.ratis.thirdparty.io.grpc.StatusRuntimeException: UNAVAILABLE: io exception
2019-10-11 04:55:22,560 [grpc-default-executor-4] WARN  server.GrpcLogAppender (LogUtils.java:warn(134)) - af93d71e-9597-43d1-a0d9-fd03e0850daa@group-6EB4CB2E655A->85dedb5c-0475-48d6-91a5-f8922a1c9690-AppendLogResponseHandler: Failed appendEntries: org.apache.ratis.thirdparty.io.grpc.StatusRuntimeException: UNAVAILABLE: io exception
2019-10-11 04:55:22,561 [grpc-default-executor-5] INFO  impl.FollowerInfo (FollowerInfo.java:lambda$new$0(51)) - af93d71e-9597-43d1-a0d9-fd03e0850daa@group-6EB4CB2E655A->f486f1b0-a775-4c38-857e-a3674efc25f6: nextIndex: updateUnconditionally 0 -> 0
2019-10-11 04:55:22,561 [grpc-default-executor-4] INFO  impl.FollowerInfo (FollowerInfo.java:lambda$new$0(51)) - af93d71e-9597-43d1-a0d9-fd03e0850daa@group-6EB4CB2E655A->85dedb5c-0475-48d6-91a5-f8922a1c9690: nextIndex: updateUnconditionally 0 -> 0
2019-10-11 04:55:22,822 [grpc-default-executor-5] WARN  server.GrpcLogAppender (LogUtils.java:warn(134)) - af93d71e-9597-43d1-a0d9-fd03e0850daa@group-B594624CFC31->85dedb5c-0475-48d6-91a5-f8922a1c9690-AppendLogResponseHandler: Failed appendEntries: org.apache.ratis.thirdparty.io.grpc.StatusRuntimeException: UNAVAILABLE: io exception
2019-10-11 04:55:22,823 [grpc-default-executor-5] INFO  impl.FollowerInfo (FollowerInfo.java:lambda$new$0(51)) - af93d71e-9597-43d1-a0d9-fd03e0850daa@group-B594624CFC31->85dedb5c-0475-48d6-91a5-f8922a1c9690: nextIndex: updateUnconditionally 0 -> 0
2019-10-11 04:55:22,824 [grpc-default-executor-4] WARN  server.GrpcLogAppender (LogUtils.java:warn(134)) - af93d71e-9597-43d1-a0d9-fd03e0850daa@group-B594624CFC31->f486f1b0-a775-4c38-857e-a3674efc25f6-AppendLogResponseHandler: Failed appendEntries: org.apache.ratis.thirdparty.io.grpc.StatusRuntimeException: UNAVAILABLE: io exception
2019-10-11 04:55:22,824 [grpc-default-executor-4] INFO  impl.FollowerInfo (FollowerInfo.java:lambda$new$0(51)) - af93d71e-9597-43d1-a0d9-fd03e0850daa@group-B594624CFC31->f486f1b0-a775-4c38-857e-a3674efc25f6: nextIndex: updateUnconditionally 0 -> 0
2019-10-11 04:55:23,060 [grpc-default-executor-4] WARN  server.GrpcLogAppender (LogUtils.java:warn(134)) - af93d71e-9597-43d1-a0d9-fd03e0850daa@group-6EB4CB2E655A->f486f1b0-a775-4c38-857e-a3674efc25f6-AppendLogResponseHandler: Failed appendEntries: org.apache.ratis.thirdparty.io.grpc.StatusRuntimeException: UNAVAILABLE: io exception
2019-10-11 04:55:23,060 [grpc-default-executor-3] WARN  server.GrpcLogAppender (LogUtils.java:warn(134)) - af93d71e-9597-43d1-a0d9-fd03e0850daa@group-6EB4CB2E655A->85dedb5c-0475-48d6-91a5-f8922a1c9690-AppendLogResponseHandler: Failed appendEntries: org.apache.ratis.thirdparty.io.grpc.StatusRuntimeException: UNAVAILABLE: io exception
2019-10-11 04:55:23,061 [grpc-default-executor-4] INFO  impl.FollowerInfo (FollowerInfo.java:lambda$new$0(51)) - af93d71e-9597-43d1-a0d9-fd03e0850daa@group-6EB4CB2E655A->f486f1b0-a775-4c38-857e-a3674efc25f6: nextIndex: updateUnconditionally 0 -> 0
2019-10-11 04:55:23,061 [grpc-default-executor-3] INFO  impl.FollowerInfo (FollowerInfo.java:lambda$new$0(51)) - af93d71e-9597-43d1-a0d9-fd03e0850daa@group-6EB4CB2E655A->85dedb5c-0475-48d6-91a5-f8922a1c9690: nextIndex: updateUnconditionally 0 -> 0
2019-10-11 04:55:23,321 [grpc-default-executor-0] WARN  server.GrpcLogAppender (LogUtils.java:warn(134)) - af93d71e-9597-43d1-a0d9-fd03e0850daa@group-B594624CFC31->85dedb5c-0475-48d6-91a5-f8922a1c9690-AppendLogResponseHandler: Failed appendEntries: org.apache.ratis.thirdparty.io.grpc.StatusRuntimeException: UNAVAILABLE: io exception
2019-10-11 04:55:23,321 [grpc-default-executor-0] INFO  impl.FollowerInfo (FollowerInfo.java:lambda$new$0(51)) - af93d71e-9597-43d1-a0d9-fd03e0850daa@group-B594624CFC31->85dedb5c-0475-48d6-91a5-f8922a1c9690: nextIndex: updateUnconditionally 0 -> 0
2019-10-11 04:55:23,324 [grpc-default-executor-3] WARN  server.GrpcLogAppender (LogUtils.java:warn(134)) - af93d71e-9597-43d1-a0d9-fd03e0850daa@group-B594624CFC31->f486f1b0-a775-4c38-857e-a3674efc25f6-AppendLogResponseHandler: Failed appendEntries: org.apache.ratis.thirdparty.io.grpc.StatusRuntimeException: UNAVAILABLE: io exception
2019-10-11 04:55:23,325 [grpc-default-executor-3] INFO  impl.FollowerInfo (FollowerInfo.java:lambda$new$0(51)) - af93d71e-9597-43d1-a0d9-fd03e0850daa@group-B594624CFC31->f486f1b0-a775-4c38-857e-a3674efc25f6: nextIndex: updateUnconditionally 0 -> 0
2019-10-11 04:55:23,561 [grpc-default-executor-4] WARN  server.GrpcLogAppender (LogUtils.java:warn(134)) - af93d71e-9597-43d1-a0d9-fd03e0850daa@group-6EB4CB2E655A->85dedb5c-0475-48d6-91a5-f8922a1c9690-AppendLogResponseHandler: Failed appendEntries: org.apache.ratis.thirdparty.io.grpc.StatusRuntimeException: UNAVAILABLE: io exception
2019-10-11 04:55:23,561 [grpc-default-executor-2] WARN  server.GrpcLogAppender (LogUtils.java:warn(134)) - af93d71e-9597-43d1-a0d9-fd03e0850daa@group-6EB4CB2E655A->f486f1b0-a775-4c38-857e-a3674efc25f6-AppendLogResponseHandler: Failed appendEntries: org.apache.ratis.thirdparty.io.grpc.StatusRuntimeException: UNAVAILABLE: io exception
2019-10-11 04:55:23,561 [grpc-default-executor-4] INFO  impl.FollowerInfo (FollowerInfo.java:lambda$new$0(51)) - af93d71e-9597-43d1-a0d9-fd03e0850daa@group-6EB4CB2E655A->85dedb5c-0475-48d6-91a5-f8922a1c9690: nextIndex: updateUnconditionally 0 -> 0
2019-10-11 04:55:23,562 [grpc-default-executor-2] INFO  impl.FollowerInfo (FollowerInfo.java:lambda$new$0(51)) - af93d71e-9597-43d1-a0d9-fd03e0850daa@group-6EB4CB2E655A->f486f1b0-a775-4c38-857e-a3674efc25f6: nextIndex: updateUnconditionally 0 -> 0
2019-10-11 04:55:23,822 [grpc-default-executor-3] WARN  server.GrpcLogAppender (LogUtils.java:warn(134)) - af93d71e-9597-43d1-a0d9-fd03e0850daa@group-B594624CFC31->85dedb5c-0475-48d6-91a5-f8922a1c9690-AppendLogResponseHandler: Failed appendEntries: org.apache.ratis.thirdparty.io.grpc.StatusRuntimeException: UNAVAILABLE: io exception
2019-10-11 04:55:23,823 [grpc-default-executor-3] INFO  impl.FollowerInfo (FollowerInfo.java:lambda$new$0(51)) - af93d71e-9597-43d1-a0d9-fd03e0850daa@group-B594624CFC31->85dedb5c-0475-48d6-91a5-f8922a1c9690: nextIndex: updateUnconditionally 0 -> 0
2019-10-11 04:55:23,824 [grpc-default-executor-2] WARN  server.GrpcLogAppender (LogUtils.java:warn(134)) - af93d71e-9597-43d1-a0d9-fd03e0850daa@group-B594624CFC31->f486f1b0-a775-4c38-857e-a3674efc25f6-AppendLogResponseHandler: Failed appendEntries: org.apache.ratis.thirdparty.io.grpc.StatusRuntimeException: UNAVAILABLE: io exception
2019-10-11 04:55:23,825 [grpc-default-executor-2] INFO  impl.FollowerInfo (FollowerInfo.java:lambda$new$0(51)) - af93d71e-9597-43d1-a0d9-fd03e0850daa@group-B594624CFC31->f486f1b0-a775-4c38-857e-a3674efc25f6: nextIndex: updateUnconditionally 0 -> 0
2019-10-11 04:55:24,062 [grpc-default-executor-3] WARN  server.GrpcLogAppender (LogUtils.java:warn(134)) - af93d71e-9597-43d1-a0d9-fd03e0850daa@group-6EB4CB2E655A->f486f1b0-a775-4c38-857e-a3674efc25f6-AppendLogResponseHandler: Failed appendEntries: org.apache.ratis.thirdparty.io.grpc.StatusRuntimeException: UNAVAILABLE: io exception
2019-10-11 04:55:24,062 [grpc-default-executor-2] WARN  server.GrpcLogAppender (LogUtils.java:warn(134)) - af93d71e-9597-43d1-a0d9-fd03e0850daa@group-6EB4CB2E655A->85dedb5c-0475-48d6-91a5-f8922a1c9690-AppendLogResponseHandler: Failed appendEntries: org.apache.ratis.thirdparty.io.grpc.StatusRuntimeException: UNAVAILABLE: io exception
2019-10-11 04:55:24,062 [grpc-default-executor-3] INFO  impl.FollowerInfo (FollowerInfo.java:lambda$new$0(51)) - af93d71e-9597-43d1-a0d9-fd03e0850daa@group-6EB4CB2E655A->f486f1b0-a775-4c38-857e-a3674efc25f6: nextIndex: updateUnconditionally 0 -> 0
2019-10-11 04:55:24,062 [grpc-default-executor-2] INFO  impl.FollowerInfo (FollowerInfo.java:lambda$new$0(51)) - af93d71e-9597-43d1-a0d9-fd03e0850daa@group-6EB4CB2E655A->85dedb5c-0475-48d6-91a5-f8922a1c9690: nextIndex: updateUnconditionally 0 -> 0
2019-10-11 04:55:24,324 [grpc-default-executor-3] WARN  server.GrpcLogAppender (LogUtils.java:warn(134)) - af93d71e-9597-43d1-a0d9-fd03e0850daa@group-B594624CFC31->85dedb5c-0475-48d6-91a5-f8922a1c9690-AppendLogResponseHandler: Failed appendEntries: org.apache.ratis.thirdparty.io.grpc.StatusRuntimeException: UNAVAILABLE: io exception
2019-10-11 04:55:24,325 [grpc-default-executor-4] WARN  server.GrpcLogAppender (LogUtils.java:warn(134)) - af93d71e-9597-43d1-a0d9-fd03e0850daa@group-B594624CFC31->f486f1b0-a775-4c38-857e-a3674efc25f6-AppendLogResponseHandler: Failed appendEntries: org.apache.ratis.thirdparty.io.grpc.StatusRuntimeException: UNAVAILABLE: io exception
2019-10-11 04:55:24,325 [grpc-default-executor-3] INFO  impl.FollowerInfo (FollowerInfo.java:lambda$new$0(51)) - af93d71e-9597-43d1-a0d9-fd03e0850daa@group-B594624CFC31->85dedb5c-0475-48d6-91a5-f8922a1c9690: nextIndex: updateUnconditionally 0 -> 0
2019-10-11 04:55:24,325 [grpc-default-executor-4] INFO  impl.FollowerInfo (FollowerInfo.java:lambda$new$0(51)) - af93d71e-9597-43d1-a0d9-fd03e0850daa@group-B594624CFC31->f486f1b0-a775-4c38-857e-a3674efc25f6: nextIndex: updateUnconditionally 0 -> 0
2019-10-11 04:55:24,564 [grpc-default-executor-4] WARN  server.GrpcLogAppender (LogUtils.java:warn(134)) - af93d71e-9597-43d1-a0d9-fd03e0850daa@group-6EB4CB2E655A->f486f1b0-a775-4c38-857e-a3674efc25f6-AppendLogResponseHandler: Failed appendEntries: org.apache.ratis.thirdparty.io.grpc.StatusRuntimeException: UNAVAILABLE: io exception
2019-10-11 04:55:24,564 [grpc-default-executor-2] WARN  server.GrpcLogAppender (LogUtils.java:warn(134)) - af93d71e-9597-43d1-a0d9-fd03e0850daa@group-6EB4CB2E655A->85dedb5c-0475-48d6-91a5-f8922a1c9690-AppendLogResponseHandler: Failed appendEntries: org.apache.ratis.thirdparty.io.grpc.StatusRuntimeException: UNAVAILABLE: io exception
2019-10-11 04:55:24,564 [grpc-default-executor-4] INFO  impl.FollowerInfo (FollowerInfo.java:lambda$new$0(51)) - af93d71e-9597-43d1-a0d9-fd03e0850daa@group-6EB4CB2E655A->f486f1b0-a775-4c38-857e-a3674efc25f6: nextIndex: updateUnconditionally 0 -> 0
2019-10-11 04:55:24,564 [grpc-default-executor-2] INFO  impl.FollowerInfo (FollowerInfo.java:lambda$new$0(51)) - af93d71e-9597-43d1-a0d9-fd03e0850daa@group-6EB4CB2E655A->85dedb5c-0475-48d6-91a5-f8922a1c9690: nextIndex: updateUnconditionally 0 -> 0
2019-10-11 04:55:24,825 [grpc-default-executor-0] WARN  server.GrpcLogAppender (LogUtils.java:warn(134)) - af93d71e-9597-43d1-a0d9-fd03e0850daa@group-B594624CFC31->85dedb5c-0475-48d6-91a5-f8922a1c9690-AppendLogResponseHandler: Failed appendEntries: org.apache.ratis.thirdparty.io.grpc.StatusRuntimeException: UNAVAILABLE: io exception
2019-10-11 04:55:24,825 [grpc-default-executor-3] WARN  server.GrpcLogAppender (LogUtils.java:warn(134)) - af93d71e-9597-43d1-a0d9-fd03e0850daa@group-B594624CFC31->f486f1b0-a775-4c38-857e-a3674efc25f6-AppendLogResponseHandler: Failed appendEntries: org.apache.ratis.thirdparty.io.grpc.StatusRuntimeException: UNAVAILABLE: io exception
2019-10-11 04:55:24,826 [grpc-default-executor-0] INFO  impl.FollowerInfo (FollowerInfo.java:lambda$new$0(51)) - af93d71e-9597-43d1-a0d9-fd03e0850daa@group-B594624CFC31->85dedb5c-0475-48d6-91a5-f8922a1c9690: nextIndex: updateUnconditionally 0 -> 0
2019-10-11 04:55:24,826 [grpc-default-executor-3] INFO  impl.FollowerInfo (FollowerInfo.java:lambda$new$0(51)) - af93d71e-9597-43d1-a0d9-fd03e0850daa@group-B594624CFC31->f486f1b0-a775-4c38-857e-a3674efc25f6: nextIndex: updateUnconditionally 0 -> 0
2019-10-11 04:55:25,064 [grpc-default-executor-0] WARN  server.GrpcLogAppender (LogUtils.java:warn(134)) - af93d71e-9597-43d1-a0d9-fd03e0850daa@group-6EB4CB2E655A->85dedb5c-0475-48d6-91a5-f8922a1c9690-AppendLogResponseHandler: Failed appendEntries: org.apache.ratis.thirdparty.io.grpc.StatusRuntimeException: UNAVAILABLE: io exception
2019-10-11 04:55:25,065 [grpc-default-executor-5] WARN  server.GrpcLogAppender (LogUtils.java:warn(134)) - af93d71e-9597-43d1-a0d9-fd03e0850daa@group-6EB4CB2E655A->f486f1b0-a775-4c38-857e-a3674efc25f6-AppendLogResponseHandler: Failed appendEntries: org.apache.ratis.thirdparty.io.grpc.StatusRuntimeException: UNAVAILABLE: io exception
2019-10-11 04:55:25,065 [grpc-default-executor-0] INFO  impl.FollowerInfo (FollowerInfo.java:lambda$new$0(51)) - af93d71e-9597-43d1-a0d9-fd03e0850daa@group-6EB4CB2E655A->85dedb5c-0475-48d6-91a5-f8922a1c9690: nextIndex: updateUnconditionally 0 -> 0
2019-10-11 04:55:25,065 [grpc-default-executor-5] INFO  impl.FollowerInfo (FollowerInfo.java:lambda$new$0(51)) - af93d71e-9597-43d1-a0d9-fd03e0850daa@group-6EB4CB2E655A->f486f1b0-a775-4c38-857e-a3674efc25f6: nextIndex: updateUnconditionally 0 -> 0
2019-10-11 04:55:25,327 [grpc-default-executor-4] WARN  server.GrpcLogAppender (LogUtils.java:warn(134)) - af93d71e-9597-43d1-a0d9-fd03e0850daa@group-B594624CFC31->f486f1b0-a775-4c38-857e-a3674efc25f6-AppendLogResponseHandler: Failed appendEntries: org.apache.ratis.thirdparty.io.grpc.StatusRuntimeException: UNAVAILABLE: io exception
2019-10-11 04:55:25,327 [grpc-default-executor-1] WARN  server.GrpcLogAppender (LogUtils.java:warn(134)) - af93d71e-9597-43d1-a0d9-fd03e0850daa@group-B594624CFC31->85dedb5c-0475-48d6-91a5-f8922a1c9690-AppendLogResponseHandler: Failed appendEntries: org.apache.ratis.thirdparty.io.grpc.StatusRuntimeException: UNAVAILABLE: io exception
2019-10-11 04:55:25,327 [grpc-default-executor-4] INFO  impl.FollowerInfo (FollowerInfo.java:lambda$new$0(51)) - af93d71e-9597-43d1-a0d9-fd03e0850daa@group-B594624CFC31->f486f1b0-a775-4c38-857e-a3674efc25f6: nextIndex: updateUnconditionally 0 -> 0
2019-10-11 04:55:25,328 [grpc-default-executor-1] INFO  impl.FollowerInfo (FollowerInfo.java:lambda$new$0(51)) - af93d71e-9597-43d1-a0d9-fd03e0850daa@group-B594624CFC31->85dedb5c-0475-48d6-91a5-f8922a1c9690: nextIndex: updateUnconditionally 0 -> 0
2019-10-11 04:55:25,567 [grpc-default-executor-0] WARN  server.GrpcLogAppender (LogUtils.java:warn(134)) - af93d71e-9597-43d1-a0d9-fd03e0850daa@group-6EB4CB2E655A->f486f1b0-a775-4c38-857e-a3674efc25f6-AppendLogResponseHandler: Failed appendEntries: org.apache.ratis.thirdparty.io.grpc.StatusRuntimeException: UNAVAILABLE: io exception
2019-10-11 04:55:25,567 [grpc-default-executor-5] WARN  server.GrpcLogAppender (LogUtils.java:warn(134)) - af93d71e-9597-43d1-a0d9-fd03e0850daa@group-6EB4CB2E655A->85dedb5c-0475-48d6-91a5-f8922a1c9690-AppendLogResponseHandler: Failed appendEntries: org.apache.ratis.thirdparty.io.grpc.StatusRuntimeException: UNAVAILABLE: io exception
2019-10-11 04:55:25,568 [grpc-default-executor-0] INFO  impl.FollowerInfo (FollowerInfo.java:lambda$new$0(51)) - af93d71e-9597-43d1-a0d9-fd03e0850daa@group-6EB4CB2E655A->f486f1b0-a775-4c38-857e-a3674efc25f6: nextIndex: updateUnconditionally 0 -> 0
2019-10-11 04:55:25,568 [grpc-default-executor-5] INFO  impl.FollowerInfo (FollowerInfo.java:lambda$new$0(51)) - af93d71e-9597-43d1-a0d9-fd03e0850daa@group-6EB4CB2E655A->85dedb5c-0475-48d6-91a5-f8922a1c9690: nextIndex: updateUnconditionally 0 -> 0
2019-10-11 04:55:25,827 [grpc-default-executor-4] WARN  server.GrpcLogAppender (LogUtils.java:warn(134)) - af93d71e-9597-43d1-a0d9-fd03e0850daa@group-B594624CFC31->85dedb5c-0475-48d6-91a5-f8922a1c9690-AppendLogResponseHandler: Failed appendEntries: org.apache.ratis.thirdparty.io.grpc.StatusRuntimeException: UNAVAILABLE: io exception
2019-10-11 04:55:25,827 [grpc-default-executor-1] WARN  server.GrpcLogAppender (LogUtils.java:warn(134)) - af93d71e-9597-43d1-a0d9-fd03e0850daa@group-B594624CFC31->f486f1b0-a775-4c38-857e-a3674efc25f6-AppendLogResponseHandler: Failed appendEntries: org.apache.ratis.thirdparty.io.grpc.StatusRuntimeException: UNAVAILABLE: io exception
2019-10-11 04:55:25,828 [grpc-default-executor-4] INFO  impl.FollowerInfo (FollowerInfo.java:lambda$new$0(51)) - af93d71e-9597-43d1-a0d9-fd03e0850daa@group-B594624CFC31->85dedb5c-0475-48d6-91a5-f8922a1c9690: nextIndex: updateUnconditionally 0 -> 0
2019-10-11 04:55:25,828 [grpc-default-executor-1] INFO  impl.FollowerInfo (FollowerInfo.java:lambda$new$0(51)) - af93d71e-9597-43d1-a0d9-fd03e0850daa@group-B594624CFC31->f486f1b0-a775-4c38-857e-a3674efc25f6: nextIndex: updateUnconditionally 0 -> 0
2019-10-11 04:55:26,068 [grpc-default-executor-3] WARN  server.GrpcLogAppender (LogUtils.java:warn(134)) - af93d71e-9597-43d1-a0d9-fd03e0850daa@group-6EB4CB2E655A->85dedb5c-0475-48d6-91a5-f8922a1c9690-AppendLogResponseHandler: Failed appendEntries: org.apache.ratis.thirdparty.io.grpc.StatusRuntimeException: UNAVAILABLE: io exception
2019-10-11 04:55:26,068 [grpc-default-executor-2] WARN  server.GrpcLogAppender (LogUtils.java:warn(134)) - af93d71e-9597-43d1-a0d9-fd03e0850daa@group-6EB4CB2E655A->f486f1b0-a775-4c38-857e-a3674efc25f6-AppendLogResponseHandler: Failed appendEntries: org.apache.ratis.thirdparty.io.grpc.StatusRuntimeException: UNAVAILABLE: io exception
2019-10-11 04:55:26,068 [grpc-default-executor-3] INFO  impl.FollowerInfo (FollowerInfo.java:lambda$new$0(51)) - af93d71e-9597-43d1-a0d9-fd03e0850daa@group-6EB4CB2E655A->85dedb5c-0475-48d6-91a5-f8922a1c9690: nextIndex: updateUnconditionally 0 -> 0
2019-10-11 04:55:26,069 [grpc-default-executor-2] INFO  impl.FollowerInfo (FollowerInfo.java:lambda$new$0(51)) - af93d71e-9597-43d1-a0d9-fd03e0850daa@group-6EB4CB2E655A->f486f1b0-a775-4c38-857e-a3674efc25f6: nextIndex: updateUnconditionally 0 -> 0
2019-10-11 04:55:26,328 [grpc-default-executor-5] WARN  server.GrpcLogAppender (LogUtils.java:warn(134)) - af93d71e-9597-43d1-a0d9-fd03e0850daa@group-B594624CFC31->f486f1b0-a775-4c38-857e-a3674efc25f6-AppendLogResponseHandler: Failed appendEntries: org.apache.ratis.thirdparty.io.grpc.StatusRuntimeException: UNAVAILABLE: io exception
2019-10-11 04:55:26,328 [grpc-default-executor-0] WARN  server.GrpcLogAppender (LogUtils.java:warn(134)) - af93d71e-9597-43d1-a0d9-fd03e0850daa@group-B594624CFC31->85dedb5c-0475-48d6-91a5-f8922a1c9690-AppendLogResponseHandler: Failed appendEntries: org.apache.ratis.thirdparty.io.grpc.StatusRuntimeException: UNAVAILABLE: io exception
2019-10-11 04:55:26,328 [grpc-default-executor-5] INFO  impl.FollowerInfo (FollowerInfo.java:lambda$new$0(51)) - af93d71e-9597-43d1-a0d9-fd03e0850daa@group-B594624CFC31->f486f1b0-a775-4c38-857e-a3674efc25f6: nextIndex: updateUnconditionally 0 -> 0
2019-10-11 04:55:26,329 [grpc-default-executor-0] INFO  impl.FollowerInfo (FollowerInfo.java:lambda$new$0(51)) - af93d71e-9597-43d1-a0d9-fd03e0850daa@group-B594624CFC31->85dedb5c-0475-48d6-91a5-f8922a1c9690: nextIndex: updateUnconditionally 0 -> 0
2019-10-11 04:55:26,568 [grpc-default-executor-2] WARN  server.GrpcLogAppender (LogUtils.java:warn(134)) - af93d71e-9597-43d1-a0d9-fd03e0850daa@group-6EB4CB2E655A->85dedb5c-0475-48d6-91a5-f8922a1c9690-AppendLogResponseHandler: Failed appendEntries: org.apache.ratis.thirdparty.io.grpc.StatusRuntimeException: UNAVAILABLE: io exception
2019-10-11 04:55:26,568 [grpc-default-executor-3] WARN  server.GrpcLogAppender (LogUtils.java:warn(134)) - af93d71e-9597-43d1-a0d9-fd03e0850daa@group-6EB4CB2E655A->f486f1b0-a775-4c38-857e-a3674efc25f6-AppendLogResponseHandler: Failed appendEntries: org.apache.ratis.thirdparty.io.grpc.StatusRuntimeException: UNAVAILABLE: io exception
2019-10-11 04:55:26,568 [grpc-default-executor-2] INFO  impl.FollowerInfo (FollowerInfo.java:lambda$new$0(51)) - af93d71e-9597-43d1-a0d9-fd03e0850daa@group-6EB4CB2E655A->85dedb5c-0475-48d6-91a5-f8922a1c9690: nextIndex: updateUnconditionally 0 -> 0
2019-10-11 04:55:26,569 [grpc-default-executor-3] INFO  impl.FollowerInfo (FollowerInfo.java:lambda$new$0(51)) - af93d71e-9597-43d1-a0d9-fd03e0850daa@group-6EB4CB2E655A->f486f1b0-a775-4c38-857e-a3674efc25f6: nextIndex: updateUnconditionally 0 -> 0
2019-10-11 04:55:26,830 [grpc-default-executor-4] WARN  server.GrpcLogAppender (LogUtils.java:warn(134)) - af93d71e-9597-43d1-a0d9-fd03e0850daa@group-B594624CFC31->f486f1b0-a775-4c38-857e-a3674efc25f6-AppendLogResponseHandler: Failed appendEntries: org.apache.ratis.thirdparty.io.grpc.StatusRuntimeException: UNAVAILABLE: io exception
2019-10-11 04:55:26,830 [grpc-default-executor-3] WARN  server.GrpcLogAppender (LogUtils.java:warn(134)) - af93d71e-9597-43d1-a0d9-fd03e0850daa@group-B594624CFC31->85dedb5c-0475-48d6-91a5-f8922a1c9690-AppendLogResponseHandler: Failed appendEntries: org.apache.ratis.thirdparty.io.grpc.StatusRuntimeException: UNAVAILABLE: io exception
2019-10-11 04:55:26,831 [grpc-default-executor-4] INFO  impl.FollowerInfo (FollowerInfo.java:lambda$new$0(51)) - af93d71e-9597-43d1-a0d9-fd03e0850daa@group-B594624CFC31->f486f1b0-a775-4c38-857e-a3674efc25f6: nextIndex: updateUnconditionally 0 -> 0
2019-10-11 04:55:26,831 [grpc-default-executor-3] INFO  impl.FollowerInfo (FollowerInfo.java:lambda$new$0(51)) - af93d71e-9597-43d1-a0d9-fd03e0850daa@group-B594624CFC31->85dedb5c-0475-48d6-91a5-f8922a1c9690: nextIndex: updateUnconditionally 0 -> 0
2019-10-11 04:55:27,070 [grpc-default-executor-4] WARN  server.GrpcLogAppender (LogUtils.java:warn(134)) - af93d71e-9597-43d1-a0d9-fd03e0850daa@group-6EB4CB2E655A->f486f1b0-a775-4c38-857e-a3674efc25f6-AppendLogResponseHandler: Failed appendEntries: org.apache.ratis.thirdparty.io.grpc.StatusRuntimeException: UNAVAILABLE: io exception
2019-10-11 04:55:27,070 [grpc-default-executor-0] WARN  server.GrpcLogAppender (LogUtils.java:warn(134)) - af93d71e-9597-43d1-a0d9-fd03e0850daa@group-6EB4CB2E655A->85dedb5c-0475-48d6-91a5-f8922a1c9690-AppendLogResponseHandler: Failed appendEntries: org.apache.ratis.thirdparty.io.grpc.StatusRuntimeException: UNAVAILABLE: io exception
2019-10-11 04:55:27,071 [grpc-default-executor-4] INFO  impl.FollowerInfo (FollowerInfo.java:lambda$new$0(51)) - af93d71e-9597-43d1-a0d9-fd03e0850daa@group-6EB4CB2E655A->f486f1b0-a775-4c38-857e-a3674efc25f6: nextIndex: updateUnconditionally 0 -> 0
2019-10-11 04:55:27,071 [grpc-default-executor-0] INFO  impl.FollowerInfo (FollowerInfo.java:lambda$new$0(51)) - af93d71e-9597-43d1-a0d9-fd03e0850daa@group-6EB4CB2E655A->85dedb5c-0475-48d6-91a5-f8922a1c9690: nextIndex: updateUnconditionally 0 -> 0
2019-10-11 04:55:27,332 [grpc-default-executor-1] WARN  server.GrpcLogAppender (LogUtils.java:warn(134)) - af93d71e-9597-43d1-a0d9-fd03e0850daa@group-B594624CFC31->f486f1b0-a775-4c38-857e-a3674efc25f6-AppendLogResponseHandler: Failed appendEntries: org.apache.ratis.thirdparty.io.grpc.StatusRuntimeException: UNAVAILABLE: io exception
2019-10-11 04:55:27,332 [grpc-default-executor-2] WARN  server.GrpcLogAppender (LogUtils.java:warn(134)) - af93d71e-9597-43d1-a0d9-fd03e0850daa@group-B594624CFC31->85dedb5c-0475-48d6-91a5-f8922a1c9690-AppendLogResponseHandler: Failed appendEntries: org.apache.ratis.thirdparty.io.grpc.StatusRuntimeException: UNAVAILABLE: io exception
2019-10-11 04:55:27,332 [grpc-default-executor-1] INFO  impl.FollowerInfo (FollowerInfo.java:lambda$new$0(51)) - af93d71e-9597-43d1-a0d9-fd03e0850daa@group-B594624CFC31->f486f1b0-a775-4c38-857e-a3674efc25f6: nextIndex: updateUnconditionally 0 -> 0
2019-10-11 04:55:27,333 [grpc-default-executor-2] INFO  impl.FollowerInfo (FollowerInfo.java:lambda$new$0(51)) - af93d71e-9597-43d1-a0d9-fd03e0850daa@group-B594624CFC31->85dedb5c-0475-48d6-91a5-f8922a1c9690: nextIndex: updateUnconditionally 0 -> 0
2019-10-11 04:55:27,572 [grpc-default-executor-5] WARN  server.GrpcLogAppender (LogUtils.java:warn(134)) - af93d71e-9597-43d1-a0d9-fd03e0850daa@group-6EB4CB2E655A->f486f1b0-a775-4c38-857e-a3674efc25f6-AppendLogResponseHandler: Failed appendEntries: org.apache.ratis.thirdparty.io.grpc.StatusRuntimeException: UNAVAILABLE: io exception
2019-10-11 04:55:27,572 [grpc-default-executor-4] WARN  server.GrpcLogAppender (LogUtils.java:warn(134)) - af93d71e-9597-43d1-a0d9-fd03e0850daa@group-6EB4CB2E655A->85dedb5c-0475-48d6-91a5-f8922a1c9690-AppendLogResponseHandler: Failed appendEntries: org.apache.ratis.thirdparty.io.grpc.StatusRuntimeException: UNAVAILABLE: io exception
2019-10-11 04:55:27,573 [grpc-default-executor-5] INFO  impl.FollowerInfo (FollowerInfo.java:lambda$new$0(51)) - af93d71e-9597-43d1-a0d9-fd03e0850daa@group-6EB4CB2E655A->f486f1b0-a775-4c38-857e-a3674efc25f6: nextIndex: updateUnconditionally 0 -> 0
2019-10-11 04:55:27,573 [grpc-default-executor-4] INFO  impl.FollowerInfo (FollowerInfo.java:lambda$new$0(51)) - af93d71e-9597-43d1-a0d9-fd03e0850daa@group-6EB4CB2E655A->85dedb5c-0475-48d6-91a5-f8922a1c9690: nextIndex: updateUnconditionally 0 -> 0
2019-10-11 04:55:27,832 [grpc-default-executor-5] WARN  server.GrpcLogAppender (LogUtils.java:warn(134)) - af93d71e-9597-43d1-a0d9-fd03e0850daa@group-B594624CFC31->85dedb5c-0475-48d6-91a5-f8922a1c9690-AppendLogResponseHandler: Failed appendEntries: org.apache.ratis.thirdparty.io.grpc.StatusRuntimeException: UNAVAILABLE: io exception
2019-10-11 04:55:27,832 [grpc-default-executor-4] WARN  server.GrpcLogAppender (LogUtils.java:warn(134)) - af93d71e-9597-43d1-a0d9-fd03e0850daa@group-B594624CFC31->f486f1b0-a775-4c38-857e-a3674efc25f6-AppendLogResponseHandler: Failed appendEntries: org.apache.ratis.thirdparty.io.grpc.StatusRuntimeException: UNAVAILABLE: io exception
2019-10-11 04:55:27,832 [grpc-default-executor-5] INFO  impl.FollowerInfo (FollowerInfo.java:lambda$new$0(51)) - af93d71e-9597-43d1-a0d9-fd03e0850daa@group-B594624CFC31->85dedb5c-0475-48d6-91a5-f8922a1c9690: nextIndex: updateUnconditionally 0 -> 0
2019-10-11 04:55:27,832 [grpc-default-executor-4] INFO  impl.FollowerInfo (FollowerInfo.java:lambda$new$0(51)) - af93d71e-9597-43d1-a0d9-fd03e0850daa@group-B594624CFC31->f486f1b0-a775-4c38-857e-a3674efc25f6: nextIndex: updateUnconditionally 0 -> 0
2019-10-11 04:55:28,072 [grpc-default-executor-1] WARN  server.GrpcLogAppender (LogUtils.java:warn(134)) - af93d71e-9597-43d1-a0d9-fd03e0850daa@group-6EB4CB2E655A->f486f1b0-a775-4c38-857e-a3674efc25f6-AppendLogResponseHandler: Failed appendEntries: org.apache.ratis.thirdparty.io.grpc.StatusRuntimeException: UNAVAILABLE: io exception
2019-10-11 04:55:28,072 [grpc-default-executor-2] WARN  server.GrpcLogAppender (LogUtils.java:warn(134)) - af93d71e-9597-43d1-a0d9-fd03e0850daa@group-6EB4CB2E655A->85dedb5c-0475-48d6-91a5-f8922a1c9690-AppendLogResponseHandler: Failed appendEntries: org.apache.ratis.thirdparty.io.grpc.StatusRuntimeException: UNAVAILABLE: io exception
2019-10-11 04:55:28,073 [grpc-default-executor-1] INFO  impl.FollowerInfo (FollowerInfo.java:lambda$new$0(51)) - af93d71e-9597-43d1-a0d9-fd03e0850daa@group-6EB4CB2E655A->f486f1b0-a775-4c38-857e-a3674efc25f6: nextIndex: updateUnconditionally 0 -> 0
2019-10-11 04:55:28,073 [grpc-default-executor-2] INFO  impl.FollowerInfo (FollowerInfo.java:lambda$new$0(51)) - af93d71e-9597-43d1-a0d9-fd03e0850daa@group-6EB4CB2E655A->85dedb5c-0475-48d6-91a5-f8922a1c9690: nextIndex: updateUnconditionally 0 -> 0
2019-10-11 04:55:28,333 [grpc-default-executor-1] WARN  server.GrpcLogAppender (LogUtils.java:warn(134)) - af93d71e-9597-43d1-a0d9-fd03e0850daa@group-B594624CFC31->85dedb5c-0475-48d6-91a5-f8922a1c9690-AppendLogResponseHandler: Failed appendEntries: org.apache.ratis.thirdparty.io.grpc.StatusRuntimeException: UNAVAILABLE: io exception
2019-10-11 04:55:28,333 [grpc-default-executor-3] WARN  server.GrpcLogAppender (LogUtils.java:warn(134)) - af93d71e-9597-43d1-a0d9-fd03e0850daa@group-B594624CFC31->f486f1b0-a775-4c38-857e-a3674efc25f6-AppendLogResponseHandler: Failed appendEntries: org.apache.ratis.thirdparty.io.grpc.StatusRuntimeException: UNAVAILABLE: io exception
2019-10-11 04:55:28,334 [grpc-default-executor-1] INFO  impl.FollowerInfo (FollowerInfo.java:lambda$new$0(51)) - af93d71e-9597-43d1-a0d9-fd03e0850daa@group-B594624CFC31->85dedb5c-0475-48d6-91a5-f8922a1c9690: nextIndex: updateUnconditionally 0 -> 0
2019-10-11 04:55:28,334 [grpc-default-executor-3] INFO  impl.FollowerInfo (FollowerInfo.java:lambda$new$0(51)) - af93d71e-9597-43d1-a0d9-fd03e0850daa@group-B594624CFC31->f486f1b0-a775-4c38-857e-a3674efc25f6: nextIndex: updateUnconditionally 0 -> 0
2019-10-11 04:55:28,576 [grpc-default-executor-1] WARN  server.GrpcLogAppender (LogUtils.java:warn(134)) - af93d71e-9597-43d1-a0d9-fd03e0850daa@group-6EB4CB2E655A->85dedb5c-0475-48d6-91a5-f8922a1c9690-AppendLogResponseHandler: Failed appendEntries: org.apache.ratis.thirdparty.io.grpc.StatusRuntimeException: UNAVAILABLE: io exception
2019-10-11 04:55:28,576 [grpc-default-executor-3] WARN  server.GrpcLogAppender (LogUtils.java:warn(134)) - af93d71e-9597-43d1-a0d9-fd03e0850daa@group-6EB4CB2E655A->f486f1b0-a775-4c38-857e-a3674efc25f6-AppendLogResponseHandler: Failed appendEntries: org.apache.ratis.thirdparty.io.grpc.StatusRuntimeException: UNAVAILABLE: io exception
2019-10-11 04:55:28,578 [grpc-default-executor-1] INFO  impl.FollowerInfo (FollowerInfo.java:lambda$new$0(51)) - af93d71e-9597-43d1-a0d9-fd03e0850daa@group-6EB4CB2E655A->85dedb5c-0475-48d6-91a5-f8922a1c9690: nextIndex: updateUnconditionally 0 -> 0
2019-10-11 04:55:28,578 [grpc-default-executor-3] INFO  impl.FollowerInfo (FollowerInfo.java:lambda$new$0(51)) - af93d71e-9597-43d1-a0d9-fd03e0850daa@group-6EB4CB2E655A->f486f1b0-a775-4c38-857e-a3674efc25f6: nextIndex: updateUnconditionally 0 -> 0
2019-10-11 04:55:28,834 [grpc-default-executor-1] WARN  server.GrpcLogAppender (LogUtils.java:warn(134)) - af93d71e-9597-43d1-a0d9-fd03e0850daa@group-B594624CFC31->f486f1b0-a775-4c38-857e-a3674efc25f6-AppendLogResponseHandler: Failed appendEntries: org.apache.ratis.thirdparty.io.grpc.StatusRuntimeException: UNAVAILABLE: io exception
2019-10-11 04:55:28,834 [grpc-default-executor-2] WARN  server.GrpcLogAppender (LogUtils.java:warn(134)) - af93d71e-9597-43d1-a0d9-fd03e0850daa@group-B594624CFC31->85dedb5c-0475-48d6-91a5-f8922a1c9690-AppendLogResponseHandler: Failed appendEntries: org.apache.ratis.thirdparty.io.grpc.StatusRuntimeException: UNAVAILABLE: io exception
2019-10-11 04:55:28,835 [grpc-default-executor-1] INFO  impl.FollowerInfo (FollowerInfo.java:lambda$new$0(51)) - af93d71e-9597-43d1-a0d9-fd03e0850daa@group-B594624CFC31->f486f1b0-a775-4c38-857e-a3674efc25f6: nextIndex: updateUnconditionally 0 -> 0
2019-10-11 04:55:28,835 [grpc-default-executor-2] INFO  impl.FollowerInfo (FollowerInfo.java:lambda$new$0(51)) - af93d71e-9597-43d1-a0d9-fd03e0850daa@group-B594624CFC31->85dedb5c-0475-48d6-91a5-f8922a1c9690: nextIndex: updateUnconditionally 0 -> 0
2019-10-11 04:55:29,076 [grpc-default-executor-1] WARN  server.GrpcLogAppender (LogUtils.java:warn(134)) - af93d71e-9597-43d1-a0d9-fd03e0850daa@group-6EB4CB2E655A->f486f1b0-a775-4c38-857e-a3674efc25f6-AppendLogResponseHandler: Failed appendEntries: org.apache.ratis.thirdparty.io.grpc.StatusRuntimeException: UNAVAILABLE: io exception
2019-10-11 04:55:29,076 [grpc-default-executor-5] WARN  server.GrpcLogAppender (LogUtils.java:warn(134)) - af93d71e-9597-43d1-a0d9-fd03e0850daa@group-6EB4CB2E655A->85dedb5c-0475-48d6-91a5-f8922a1c9690-AppendLogResponseHandler: Failed appendEntries: org.apache.ratis.thirdparty.io.grpc.StatusRuntimeException: UNAVAILABLE: io exception
2019-10-11 04:55:29,077 [grpc-default-executor-1] INFO  impl.FollowerInfo (FollowerInfo.java:lambda$new$0(51)) - af93d71e-9597-43d1-a0d9-fd03e0850daa@group-6EB4CB2E655A->f486f1b0-a775-4c38-857e-a3674efc25f6: nextIndex: updateUnconditionally 0 -> 0
2019-10-11 04:55:29,077 [grpc-default-executor-5] INFO  impl.FollowerInfo (FollowerInfo.java:lambda$new$0(51)) - af93d71e-9597-43d1-a0d9-fd03e0850daa@group-6EB4CB2E655A->85dedb5c-0475-48d6-91a5-f8922a1c9690: nextIndex: updateUnconditionally 0 -> 0
2019-10-11 04:55:29,335 [grpc-default-executor-4] WARN  server.GrpcLogAppender (LogUtils.java:warn(134)) - af93d71e-9597-43d1-a0d9-fd03e0850daa@group-B594624CFC31->f486f1b0-a775-4c38-857e-a3674efc25f6-AppendLogResponseHandler: Failed appendEntries: org.apache.ratis.thirdparty.io.grpc.StatusRuntimeException: UNAVAILABLE: io exception
2019-10-11 04:55:29,335 [grpc-default-executor-3] WARN  server.GrpcLogAppender (LogUtils.java:warn(134)) - af93d71e-9597-43d1-a0d9-fd03e0850daa@group-B594624CFC31->85dedb5c-0475-48d6-91a5-f8922a1c9690-AppendLogResponseHandler: Failed appendEntries: org.apache.ratis.thirdparty.io.grpc.StatusRuntimeException: UNAVAILABLE: io exception
2019-10-11 04:55:29,335 [grpc-default-executor-4] INFO  impl.FollowerInfo (FollowerInfo.java:lambda$new$0(51)) - af93d71e-9597-43d1-a0d9-fd03e0850daa@group-B594624CFC31->f486f1b0-a775-4c38-857e-a3674efc25f6: nextIndex: updateUnconditionally 0 -> 0
2019-10-11 04:55:29,336 [grpc-default-executor-3] INFO  impl.FollowerInfo (FollowerInfo.java:lambda$new$0(51)) - af93d71e-9597-43d1-a0d9-fd03e0850daa@group-B594624CFC31->85dedb5c-0475-48d6-91a5-f8922a1c9690: nextIndex: updateUnconditionally 0 -> 0
2019-10-11 04:55:29,577 [grpc-default-executor-1] WARN  server.GrpcLogAppender (LogUtils.java:warn(134)) - af93d71e-9597-43d1-a0d9-fd03e0850daa@group-6EB4CB2E655A->f486f1b0-a775-4c38-857e-a3674efc25f6-AppendLogResponseHandler: Failed appendEntries: org.apache.ratis.thirdparty.io.grpc.StatusRuntimeException: UNAVAILABLE: io exception
2019-10-11 04:55:29,577 [grpc-default-executor-4] WARN  server.GrpcLogAppender (LogUtils.java:warn(134)) - af93d71e-9597-43d1-a0d9-fd03e0850daa@group-6EB4CB2E655A->85dedb5c-0475-48d6-91a5-f8922a1c9690-AppendLogResponseHandler: Failed appendEntries: org.apache.ratis.thirdparty.io.grpc.StatusRuntimeException: UNAVAILABLE: io exception
2019-10-11 04:55:29,577 [grpc-default-executor-1] INFO  impl.FollowerInfo (FollowerInfo.java:lambda$new$0(51)) - af93d71e-9597-43d1-a0d9-fd03e0850daa@group-6EB4CB2E655A->f486f1b0-a775-4c38-857e-a3674efc25f6: nextIndex: updateUnconditionally 0 -> 0
2019-10-11 04:55:29,578 [grpc-default-executor-4] INFO  impl.FollowerInfo (FollowerInfo.java:lambda$new$0(51)) - af93d71e-9597-43d1-a0d9-fd03e0850daa@group-6EB4CB2E655A->85dedb5c-0475-48d6-91a5-f8922a1c9690: nextIndex: updateUnconditionally 0 -> 0
2019-10-11 04:55:29,835 [grpc-default-executor-5] WARN  server.GrpcLogAppender (LogUtils.java:warn(134)) - af93d71e-9597-43d1-a0d9-fd03e0850daa@group-B594624CFC31->85dedb5c-0475-48d6-91a5-f8922a1c9690-AppendLogResponseHandler: Failed appendEntries: org.apache.ratis.thirdparty.io.grpc.StatusRuntimeException: UNAVAILABLE: io exception
2019-10-11 04:55:29,835 [grpc-default-executor-3] WARN  server.GrpcLogAppender (LogUtils.java:warn(134)) - af93d71e-9597-43d1-a0d9-fd03e0850daa@group-B594624CFC31->f486f1b0-a775-4c38-857e-a3674efc25f6-AppendLogResponseHandler: Failed appendEntries: org.apache.ratis.thirdparty.io.grpc.StatusRuntimeException: UNAVAILABLE: io exception
2019-10-11 04:55:29,836 [grpc-default-executor-5] INFO  impl.FollowerInfo (FollowerInfo.java:lambda$new$0(51)) - af93d71e-9597-43d1-a0d9-fd03e0850daa@group-B594624CFC31->85dedb5c-0475-48d6-91a5-f8922a1c9690: nextIndex: updateUnconditionally 0 -> 0
2019-10-11 04:55:29,836 [grpc-default-executor-3] INFO  impl.FollowerInfo (FollowerInfo.java:lambda$new$0(51)) - af93d71e-9597-43d1-a0d9-fd03e0850daa@group-B594624CFC31->f486f1b0-a775-4c38-857e-a3674efc25f6: nextIndex: updateUnconditionally 0 -> 0
2019-10-11 04:55:30,077 [grpc-default-executor-5] WARN  server.GrpcLogAppender (LogUtils.java:warn(134)) - af93d71e-9597-43d1-a0d9-fd03e0850daa@group-6EB4CB2E655A->85dedb5c-0475-48d6-91a5-f8922a1c9690-AppendLogResponseHandler: Failed appendEntries: org.apache.ratis.thirdparty.io.grpc.StatusRuntimeException: UNAVAILABLE: io exception
2019-10-11 04:55:30,077 [grpc-default-executor-1] WARN  server.GrpcLogAppender (LogUtils.java:warn(134)) - af93d71e-9597-43d1-a0d9-fd03e0850daa@group-6EB4CB2E655A->f486f1b0-a775-4c38-857e-a3674efc25f6-AppendLogResponseHandler: Failed appendEntries: org.apache.ratis.thirdparty.io.grpc.StatusRuntimeException: UNAVAILABLE: io exception
2019-10-11 04:55:30,078 [grpc-default-executor-5] INFO  impl.FollowerInfo (FollowerInfo.java:lambda$new$0(51)) - af93d71e-9597-43d1-a0d9-fd03e0850daa@group-6EB4CB2E655A->85dedb5c-0475-48d6-91a5-f8922a1c9690: nextIndex: updateUnconditionally 0 -> 0
2019-10-11 04:55:30,078 [grpc-default-executor-1] INFO  impl.FollowerInfo (FollowerInfo.java:lambda$new$0(51)) - af93d71e-9597-43d1-a0d9-fd03e0850daa@group-6EB4CB2E655A->f486f1b0-a775-4c38-857e-a3674efc25f6: nextIndex: updateUnconditionally 0 -> 0
2019-10-11 04:55:30,336 [grpc-default-executor-4] WARN  server.GrpcLogAppender (LogUtils.java:warn(134)) - af93d71e-9597-43d1-a0d9-fd03e0850daa@group-B594624CFC31->f486f1b0-a775-4c38-857e-a3674efc25f6-AppendLogResponseHandler: Failed appendEntries: org.apache.ratis.thirdparty.io.grpc.StatusRuntimeException: UNAVAILABLE: io exception
2019-10-11 04:55:30,336 [grpc-default-executor-5] WARN  server.GrpcLogAppender (LogUtils.java:warn(134)) - af93d71e-9597-43d1-a0d9-fd03e0850daa@group-B594624CFC31->85dedb5c-0475-48d6-91a5-f8922a1c9690-AppendLogResponseHandler: Failed appendEntries: org.apache.ratis.thirdparty.io.grpc.StatusRuntimeException: UNAVAILABLE: io exception
2019-10-11 04:55:30,336 [grpc-default-executor-4] INFO  impl.FollowerInfo (FollowerInfo.java:lambda$new$0(51)) - af93d71e-9597-43d1-a0d9-fd03e0850daa@group-B594624CFC31->f486f1b0-a775-4c38-857e-a3674efc25f6: nextIndex: updateUnconditionally 0 -> 0
2019-10-11 04:55:30,336 [grpc-default-executor-5] INFO  impl.FollowerInfo (FollowerInfo.java:lambda$new$0(51)) - af93d71e-9597-43d1-a0d9-fd03e0850daa@group-B594624CFC31->85dedb5c-0475-48d6-91a5-f8922a1c9690: nextIndex: updateUnconditionally 0 -> 0
2019-10-11 04:55:30,580 [grpc-default-executor-5] WARN  server.GrpcLogAppender (LogUtils.java:warn(134)) - af93d71e-9597-43d1-a0d9-fd03e0850daa@group-6EB4CB2E655A->f486f1b0-a775-4c38-857e-a3674efc25f6-AppendLogResponseHandler: Failed appendEntries: org.apache.ratis.thirdparty.io.grpc.StatusRuntimeException: UNAVAILABLE: io exception
2019-10-11 04:55:30,580 [grpc-default-executor-2] WARN  server.GrpcLogAppender (LogUtils.java:warn(134)) - af93d71e-9597-43d1-a0d9-fd03e0850daa@group-6EB4CB2E655A->85dedb5c-0475-48d6-91a5-f8922a1c9690-AppendLogResponseHandler: Failed appendEntries: org.apache.ratis.thirdparty.io.grpc.StatusRuntimeException: UNAVAILABLE: io exception
2019-10-11 04:55:30,581 [grpc-default-executor-5] INFO  impl.FollowerInfo (FollowerInfo.java:lambda$new$0(51)) - af93d71e-9597-43d1-a0d9-fd03e0850daa@group-6EB4CB2E655A->f486f1b0-a775-4c38-857e-a3674efc25f6: nextIndex: updateUnconditionally 0 -> 0
2019-10-11 04:55:30,581 [grpc-default-executor-2] INFO  impl.FollowerInfo (FollowerInfo.java:lambda$new$0(51)) - af93d71e-9597-43d1-a0d9-fd03e0850daa@group-6EB4CB2E655A->85dedb5c-0475-48d6-91a5-f8922a1c9690: nextIndex: updateUnconditionally 0 -> 0
2019-10-11 04:55:30,837 [grpc-default-executor-3] WARN  server.GrpcLogAppender (LogUtils.java:warn(134)) - af93d71e-9597-43d1-a0d9-fd03e0850daa@group-B594624CFC31->f486f1b0-a775-4c38-857e-a3674efc25f6-AppendLogResponseHandler: Failed appendEntries: org.apache.ratis.thirdparty.io.grpc.StatusRuntimeException: UNAVAILABLE: io exception
2019-10-11 04:55:30,837 [grpc-default-executor-1] WARN  server.GrpcLogAppender (LogUtils.java:warn(134)) - af93d71e-9597-43d1-a0d9-fd03e0850daa@group-B594624CFC31->85dedb5c-0475-48d6-91a5-f8922a1c9690-AppendLogResponseHandler: Failed appendEntries: org.apache.ratis.thirdparty.io.grpc.StatusRuntimeException: UNAVAILABLE: io exception
2019-10-11 04:55:30,837 [grpc-default-executor-3] INFO  impl.FollowerInfo (FollowerInfo.java:lambda$new$0(51)) - af93d71e-9597-43d1-a0d9-fd03e0850daa@group-B594624CFC31->f486f1b0-a775-4c38-857e-a3674efc25f6: nextIndex: updateUnconditionally 0 -> 0
2019-10-11 04:55:30,837 [grpc-default-executor-1] INFO  impl.FollowerInfo (FollowerInfo.java:lambda$new$0(51)) - af93d71e-9597-43d1-a0d9-fd03e0850daa@group-B594624CFC31->85dedb5c-0475-48d6-91a5-f8922a1c9690: nextIndex: updateUnconditionally 0 -> 0
2019-10-11 04:55:31,080 [grpc-default-executor-1] WARN  server.GrpcLogAppender (LogUtils.java:warn(134)) - af93d71e-9597-43d1-a0d9-fd03e0850daa@group-6EB4CB2E655A->f486f1b0-a775-4c38-857e-a3674efc25f6-AppendLogResponseHandler: Failed appendEntries: org.apache.ratis.thirdparty.io.grpc.StatusRuntimeException: UNAVAILABLE: io exception
2019-10-11 04:55:31,080 [grpc-default-executor-2] WARN  server.GrpcLogAppender (LogUtils.java:warn(134)) - af93d71e-9597-43d1-a0d9-fd03e0850daa@group-6EB4CB2E655A->85dedb5c-0475-48d6-91a5-f8922a1c9690-AppendLogResponseHandler: Failed appendEntries: org.apache.ratis.thirdparty.io.grpc.StatusRuntimeException: UNAVAILABLE: io exception
2019-10-11 04:55:31,080 [grpc-default-executor-1] INFO  impl.FollowerInfo (FollowerInfo.java:lambda$new$0(51)) - af93d71e-9597-43d1-a0d9-fd03e0850daa@group-6EB4CB2E655A->f486f1b0-a775-4c38-857e-a3674efc25f6: nextIndex: updateUnconditionally 0 -> 0
2019-10-11 04:55:31,080 [grpc-default-executor-2] INFO  impl.FollowerInfo (FollowerInfo.java:lambda$new$0(51)) - af93d71e-9597-43d1-a0d9-fd03e0850daa@group-6EB4CB2E655A->85dedb5c-0475-48d6-91a5-f8922a1c9690: nextIndex: updateUnconditionally 0 -> 0
2019-10-11 04:55:31,338 [grpc-default-executor-5] WARN  server.GrpcLogAppender (LogUtils.java:warn(134)) - af93d71e-9597-43d1-a0d9-fd03e0850daa@group-B594624CFC31->85dedb5c-0475-48d6-91a5-f8922a1c9690-AppendLogResponseHandler: Failed appendEntries: org.apache.ratis.thirdparty.io.grpc.StatusRuntimeException: UNAVAILABLE: io exception
2019-10-11 04:55:31,338 [grpc-default-executor-3] WARN  server.GrpcLogAppender (LogUtils.java:warn(134)) - af93d71e-9597-43d1-a0d9-fd03e0850daa@group-B594624CFC31->f486f1b0-a775-4c38-857e-a3674efc25f6-AppendLogResponseHandler: Failed appendEntries: org.apache.ratis.thirdparty.io.grpc.StatusRuntimeException: UNAVAILABLE: io exception
2019-10-11 04:55:31,339 [grpc-default-executor-5] INFO  impl.FollowerInfo (FollowerInfo.java:lambda$new$0(51)) - af93d71e-9597-43d1-a0d9-fd03e0850daa@group-B594624CFC31->85dedb5c-0475-48d6-91a5-f8922a1c9690: nextIndex: updateUnconditionally 0 -> 0
2019-10-11 04:55:31,339 [grpc-default-executor-3] INFO  impl.FollowerInfo (FollowerInfo.java:lambda$new$0(51)) - af93d71e-9597-43d1-a0d9-fd03e0850daa@group-B594624CFC31->f486f1b0-a775-4c38-857e-a3674efc25f6: nextIndex: updateUnconditionally 0 -> 0
2019-10-11 04:55:31,582 [grpc-default-executor-4] WARN  server.GrpcLogAppender (LogUtils.java:warn(134)) - af93d71e-9597-43d1-a0d9-fd03e0850daa@group-6EB4CB2E655A->f486f1b0-a775-4c38-857e-a3674efc25f6-AppendLogResponseHandler: Failed appendEntries: org.apache.ratis.thirdparty.io.grpc.StatusRuntimeException: UNAVAILABLE: io exception
2019-10-11 04:55:31,582 [grpc-default-executor-0] WARN  server.GrpcLogAppender (LogUtils.java:warn(134)) - af93d71e-9597-43d1-a0d9-fd03e0850daa@group-6EB4CB2E655A->85dedb5c-0475-48d6-91a5-f8922a1c9690-AppendLogResponseHandler: Failed appendEntries: org.apache.ratis.thirdparty.io.grpc.StatusRuntimeException: UNAVAILABLE: io exception
2019-10-11 04:55:31,583 [grpc-default-executor-4] INFO  impl.FollowerInfo (FollowerInfo.java:lambda$new$0(51)) - af93d71e-9597-43d1-a0d9-fd03e0850daa@group-6EB4CB2E655A->f486f1b0-a775-4c38-857e-a3674efc25f6: nextIndex: updateUnconditionally 0 -> 0
2019-10-11 04:55:31,583 [grpc-default-executor-0] INFO  impl.FollowerInfo (FollowerInfo.java:lambda$new$0(51)) - af93d71e-9597-43d1-a0d9-fd03e0850daa@group-6EB4CB2E655A->85dedb5c-0475-48d6-91a5-f8922a1c9690: nextIndex: updateUnconditionally 0 -> 0
2019-10-11 04:55:31,840 [grpc-default-executor-0] WARN  server.GrpcLogAppender (LogUtils.java:warn(134)) - af93d71e-9597-43d1-a0d9-fd03e0850daa@group-B594624CFC31->f486f1b0-a775-4c38-857e-a3674efc25f6-AppendLogResponseHandler: Failed appendEntries: org.apache.ratis.thirdparty.io.grpc.StatusRuntimeException: UNAVAILABLE: io exception
2019-10-11 04:55:31,840 [grpc-default-executor-4] WARN  server.GrpcLogAppender (LogUtils.java:warn(134)) - af93d71e-9597-43d1-a0d9-fd03e0850daa@group-B594624CFC31->85dedb5c-0475-48d6-91a5-f8922a1c9690-AppendLogResponseHandler: Failed appendEntries: org.apache.ratis.thirdparty.io.grpc.StatusRuntimeException: UNAVAILABLE: io exception
2019-10-11 04:55:31,841 [grpc-default-executor-0] INFO  impl.FollowerInfo (FollowerInfo.java:lambda$new$0(51)) - af93d71e-9597-43d1-a0d9-fd03e0850daa@group-B594624CFC31->f486f1b0-a775-4c38-857e-a3674efc25f6: nextIndex: updateUnconditionally 0 -> 0
2019-10-11 04:55:31,841 [grpc-default-executor-4] INFO  impl.FollowerInfo (FollowerInfo.java:lambda$new$0(51)) - af93d71e-9597-43d1-a0d9-fd03e0850daa@group-B594624CFC31->85dedb5c-0475-48d6-91a5-f8922a1c9690: nextIndex: updateUnconditionally 0 -> 0
2019-10-11 04:55:32,084 [grpc-default-executor-3] WARN  server.GrpcLogAppender (LogUtils.java:warn(134)) - af93d71e-9597-43d1-a0d9-fd03e0850daa@group-6EB4CB2E655A->f486f1b0-a775-4c38-857e-a3674efc25f6-AppendLogResponseHandler: Failed appendEntries: org.apache.ratis.thirdparty.io.grpc.StatusRuntimeException: UNAVAILABLE: io exception
2019-10-11 04:55:32,084 [grpc-default-executor-2] WARN  server.GrpcLogAppender (LogUtils.java:warn(134)) - af93d71e-9597-43d1-a0d9-fd03e0850daa@group-6EB4CB2E655A->85dedb5c-0475-48d6-91a5-f8922a1c9690-AppendLogResponseHandler: Failed appendEntries: org.apache.ratis.thirdparty.io.grpc.StatusRuntimeException: UNAVAILABLE: io exception
2019-10-11 04:55:32,085 [grpc-default-executor-3] INFO  impl.FollowerInfo (FollowerInfo.java:lambda$new$0(51)) - af93d71e-9597-43d1-a0d9-fd03e0850daa@group-6EB4CB2E655A->f486f1b0-a775-4c38-857e-a3674efc25f6: nextIndex: updateUnconditionally 0 -> 0
2019-10-11 04:55:32,085 [grpc-default-executor-2] INFO  impl.FollowerInfo (FollowerInfo.java:lambda$new$0(51)) - af93d71e-9597-43d1-a0d9-fd03e0850daa@group-6EB4CB2E655A->85dedb5c-0475-48d6-91a5-f8922a1c9690: nextIndex: updateUnconditionally 0 -> 0
2019-10-11 04:55:32,340 [grpc-default-executor-0] WARN  server.GrpcLogAppender (LogUtils.java:warn(134)) - af93d71e-9597-43d1-a0d9-fd03e0850daa@group-B594624CFC31->f486f1b0-a775-4c38-857e-a3674efc25f6-AppendLogResponseHandler: Failed appendEntries: org.apache.ratis.thirdparty.io.grpc.StatusRuntimeException: UNAVAILABLE: io exception
2019-10-11 04:55:32,340 [grpc-default-executor-4] WARN  server.GrpcLogAppender (LogUtils.java:warn(134)) - af93d71e-9597-43d1-a0d9-fd03e0850daa@group-B594624CFC31->85dedb5c-0475-48d6-91a5-f8922a1c9690-AppendLogResponseHandler: Failed appendEntries: org.apache.ratis.thirdparty.io.grpc.StatusRuntimeException: UNAVAILABLE: io exception
2019-10-11 04:55:32,340 [grpc-default-executor-0] INFO  impl.FollowerInfo (FollowerInfo.java:lambda$new$0(51)) - af93d71e-9597-43d1-a0d9-fd03e0850daa@group-B594624CFC31->f486f1b0-a775-4c38-857e-a3674efc25f6: nextIndex: updateUnconditionally 0 -> 0
2019-10-11 04:55:32,340 [grpc-default-executor-4] INFO  impl.FollowerInfo (FollowerInfo.java:lambda$new$0(51)) - af93d71e-9597-43d1-a0d9-fd03e0850daa@group-B594624CFC31->85dedb5c-0475-48d6-91a5-f8922a1c9690: nextIndex: updateUnconditionally 0 -> 0
2019-10-11 04:55:32,583 [grpc-default-executor-3] WARN  server.GrpcLogAppender (LogUtils.java:warn(134)) - af93d71e-9597-43d1-a0d9-fd03e0850daa@group-6EB4CB2E655A->f486f1b0-a775-4c38-857e-a3674efc25f6-AppendLogResponseHandler: Failed appendEntries: org.apache.ratis.thirdparty.io.grpc.StatusRuntimeException: UNAVAILABLE: io exception
2019-10-11 04:55:32,583 [grpc-default-executor-0] WARN  server.GrpcLogAppender (LogUtils.java:warn(134)) - af93d71e-9597-43d1-a0d9-fd03e0850daa@group-6EB4CB2E655A->85dedb5c-0475-48d6-91a5-f8922a1c9690-AppendLogResponseHandler: Failed appendEntries: org.apache.ratis.thirdparty.io.grpc.StatusRuntimeException: UNAVAILABLE: io exception
2019-10-11 04:55:32,584 [grpc-default-executor-3] INFO  impl.FollowerInfo (FollowerInfo.java:lambda$new$0(51)) - af93d71e-9597-43d1-a0d9-fd03e0850daa@group-6EB4CB2E655A->f486f1b0-a775-4c38-857e-a3674efc25f6: nextIndex: updateUnconditionally 0 -> 0
2019-10-11 04:55:32,584 [grpc-default-executor-0] INFO  impl.FollowerInfo (FollowerInfo.java:lambda$new$0(51)) - af93d71e-9597-43d1-a0d9-fd03e0850daa@group-6EB4CB2E655A->85dedb5c-0475-48d6-91a5-f8922a1c9690: nextIndex: updateUnconditionally 0 -> 0
2019-10-11 04:55:32,840 [grpc-default-executor-2] WARN  server.GrpcLogAppender (LogUtils.java:warn(134)) - af93d71e-9597-43d1-a0d9-fd03e0850daa@group-B594624CFC31->f486f1b0-a775-4c38-857e-a3674efc25f6-AppendLogResponseHandler: Failed appendEntries: org.apache.ratis.thirdparty.io.grpc.StatusRuntimeException: UNAVAILABLE: io exception
2019-10-11 04:55:32,840 [grpc-default-executor-5] WARN  server.GrpcLogAppender (LogUtils.java:warn(134)) - af93d71e-9597-43d1-a0d9-fd03e0850daa@group-B594624CFC31->85dedb5c-0475-48d6-91a5-f8922a1c9690-AppendLogResponseHandler: Failed appendEntries: org.apache.ratis.thirdparty.io.grpc.StatusRuntimeException: UNAVAILABLE: io exception
2019-10-11 04:55:32,840 [grpc-default-executor-2] INFO  impl.FollowerInfo (FollowerInfo.java:lambda$new$0(51)) - af93d71e-9597-43d1-a0d9-fd03e0850daa@group-B594624CFC31->f486f1b0-a775-4c38-857e-a3674efc25f6: nextIndex: updateUnconditionally 0 -> 0
2019-10-11 04:55:32,841 [grpc-default-executor-5] INFO  impl.FollowerInfo (FollowerInfo.java:lambda$new$0(51)) - af93d71e-9597-43d1-a0d9-fd03e0850daa@group-B594624CFC31->85dedb5c-0475-48d6-91a5-f8922a1c9690: nextIndex: updateUnconditionally 0 -> 0
2019-10-11 04:55:33,087 [grpc-default-executor-2] WARN  server.GrpcLogAppender (LogUtils.java:warn(134)) - af93d71e-9597-43d1-a0d9-fd03e0850daa@group-6EB4CB2E655A->85dedb5c-0475-48d6-91a5-f8922a1c9690-AppendLogResponseHandler: Failed appendEntries: org.apache.ratis.thirdparty.io.grpc.StatusRuntimeException: UNAVAILABLE: io exception
2019-10-11 04:55:33,087 [grpc-default-executor-3] WARN  server.GrpcLogAppender (LogUtils.java:warn(134)) - af93d71e-9597-43d1-a0d9-fd03e0850daa@group-6EB4CB2E655A->f486f1b0-a775-4c38-857e-a3674efc25f6-AppendLogResponseHandler: Failed appendEntries: org.apache.ratis.thirdparty.io.grpc.StatusRuntimeException: UNAVAILABLE: io exception
2019-10-11 04:55:33,087 [grpc-default-executor-2] INFO  impl.FollowerInfo (FollowerInfo.java:lambda$new$0(51)) - af93d71e-9597-43d1-a0d9-fd03e0850daa@group-6EB4CB2E655A->85dedb5c-0475-48d6-91a5-f8922a1c9690: nextIndex: updateUnconditionally 0 -> 0
2019-10-11 04:55:33,087 [grpc-default-executor-3] INFO  impl.FollowerInfo (FollowerInfo.java:lambda$new$0(51)) - af93d71e-9597-43d1-a0d9-fd03e0850daa@group-6EB4CB2E655A->f486f1b0-a775-4c38-857e-a3674efc25f6: nextIndex: updateUnconditionally 0 -> 0
2019-10-11 04:55:33,341 [grpc-default-executor-3] WARN  server.GrpcLogAppender (LogUtils.java:warn(134)) - af93d71e-9597-43d1-a0d9-fd03e0850daa@group-B594624CFC31->f486f1b0-a775-4c38-857e-a3674efc25f6-AppendLogResponseHandler: Failed appendEntries: org.apache.ratis.thirdparty.io.grpc.StatusRuntimeException: UNAVAILABLE: io exception
2019-10-11 04:55:33,341 [grpc-default-executor-1] WARN  server.GrpcLogAppender (LogUtils.java:warn(134)) - af93d71e-9597-43d1-a0d9-fd03e0850daa@group-B594624CFC31->85dedb5c-0475-48d6-91a5-f8922a1c9690-AppendLogResponseHandler: Failed appendEntries: org.apache.ratis.thirdparty.io.grpc.StatusRuntimeException: UNAVAILABLE: io exception
2019-10-11 04:55:33,342 [grpc-default-executor-3] INFO  impl.FollowerInfo (FollowerInfo.java:lambda$new$0(51)) - af93d71e-9597-43d1-a0d9-fd03e0850daa@group-B594624CFC31->f486f1b0-a775-4c38-857e-a3674efc25f6: nextIndex: updateUnconditionally 0 -> 0
2019-10-11 04:55:33,342 [grpc-default-executor-1] INFO  impl.FollowerInfo (FollowerInfo.java:lambda$new$0(51)) - af93d71e-9597-43d1-a0d9-fd03e0850daa@group-B594624CFC31->85dedb5c-0475-48d6-91a5-f8922a1c9690: nextIndex: updateUnconditionally 0 -> 0
2019-10-11 04:55:33,588 [grpc-default-executor-1] WARN  server.GrpcLogAppender (LogUtils.java:warn(134)) - af93d71e-9597-43d1-a0d9-fd03e0850daa@group-6EB4CB2E655A->f486f1b0-a775-4c38-857e-a3674efc25f6-AppendLogResponseHandler: Failed appendEntries: org.apache.ratis.thirdparty.io.grpc.StatusRuntimeException: UNAVAILABLE: io exception
2019-10-11 04:55:33,588 [grpc-default-executor-1] INFO  impl.FollowerInfo (FollowerInfo.java:lambda$new$0(51)) - af93d71e-9597-43d1-a0d9-fd03e0850daa@group-6EB4CB2E655A->f486f1b0-a775-4c38-857e-a3674efc25f6: nextIndex: updateUnconditionally 0 -> 0
2019-10-11 04:55:33,589 [grpc-default-executor-1] WARN  server.GrpcLogAppender (LogUtils.java:warn(134)) - af93d71e-9597-43d1-a0d9-fd03e0850daa@group-6EB4CB2E655A->85dedb5c-0475-48d6-91a5-f8922a1c9690-AppendLogResponseHandler: Failed appendEntries: org.apache.ratis.thirdparty.io.grpc.StatusRuntimeException: UNAVAILABLE: io exception
2019-10-11 04:55:33,589 [grpc-default-executor-1] INFO  impl.FollowerInfo (FollowerInfo.java:lambda$new$0(51)) - af93d71e-9597-43d1-a0d9-fd03e0850daa@group-6EB4CB2E655A->85dedb5c-0475-48d6-91a5-f8922a1c9690: nextIndex: updateUnconditionally 0 -> 0
2019-10-11 04:55:33,843 [grpc-default-executor-0] WARN  server.GrpcLogAppender (LogUtils.java:warn(134)) - af93d71e-9597-43d1-a0d9-fd03e0850daa@group-B594624CFC31->85dedb5c-0475-48d6-91a5-f8922a1c9690-AppendLogResponseHandler: Failed appendEntries: org.apache.ratis.thirdparty.io.grpc.StatusRuntimeException: UNAVAILABLE: io exception
2019-10-11 04:55:33,843 [grpc-default-executor-2] WARN  server.GrpcLogAppender (LogUtils.java:warn(134)) - af93d71e-9597-43d1-a0d9-fd03e0850daa@group-B594624CFC31->f486f1b0-a775-4c38-857e-a3674efc25f6-AppendLogResponseHandler: Failed appendEntries: org.apache.ratis.thirdparty.io.grpc.StatusRuntimeException: UNAVAILABLE: io exception
2019-10-11 04:55:33,843 [grpc-default-executor-0] INFO  impl.FollowerInfo (FollowerInfo.java:lambda$new$0(51)) - af93d71e-9597-43d1-a0d9-fd03e0850daa@group-B594624CFC31->85dedb5c-0475-48d6-91a5-f8922a1c9690: nextIndex: updateUnconditionally 0 -> 0
2019-10-11 04:55:33,843 [grpc-default-executor-2] INFO  impl.FollowerInfo (FollowerInfo.java:lambda$new$0(51)) - af93d71e-9597-43d1-a0d9-fd03e0850daa@group-B594624CFC31->f486f1b0-a775-4c38-857e-a3674efc25f6: nextIndex: updateUnconditionally 0 -> 0
2019-10-11 04:55:34,090 [grpc-default-executor-0] WARN  server.GrpcLogAppender (LogUtils.java:warn(134)) - af93d71e-9597-43d1-a0d9-fd03e0850daa@group-6EB4CB2E655A->85dedb5c-0475-48d6-91a5-f8922a1c9690-AppendLogResponseHandler: Failed appendEntries: org.apache.ratis.thirdparty.io.grpc.StatusRuntimeException: UNAVAILABLE: io exception
2019-10-11 04:55:34,090 [grpc-default-executor-2] WARN  server.GrpcLogAppender (LogUtils.java:warn(134)) - af93d71e-9597-43d1-a0d9-fd03e0850daa@group-6EB4CB2E655A->f486f1b0-a775-4c38-857e-a3674efc25f6-AppendLogResponseHandler: Failed appendEntries: org.apache.ratis.thirdparty.io.grpc.StatusRuntimeException: UNAVAILABLE: io exception
2019-10-11 04:55:34,090 [grpc-default-executor-0] INFO  impl.FollowerInfo (FollowerInfo.java:lambda$new$0(51)) - af93d71e-9597-43d1-a0d9-fd03e0850daa@group-6EB4CB2E655A->85dedb5c-0475-48d6-91a5-f8922a1c9690: nextIndex: updateUnconditionally 0 -> 0
2019-10-11 04:55:34,091 [grpc-default-executor-2] INFO  impl.FollowerInfo (FollowerInfo.java:lambda$new$0(51)) - af93d71e-9597-43d1-a0d9-fd03e0850daa@group-6EB4CB2E655A->f486f1b0-a775-4c38-857e-a3674efc25f6: nextIndex: updateUnconditionally 0 -> 0
2019-10-11 04:55:34,343 [grpc-default-executor-2] WARN  server.GrpcLogAppender (LogUtils.java:warn(134)) - af93d71e-9597-43d1-a0d9-fd03e0850daa@group-B594624CFC31->f486f1b0-a775-4c38-857e-a3674efc25f6-AppendLogResponseHandler: Failed appendEntries: org.apache.ratis.thirdparty.io.grpc.StatusRuntimeException: UNAVAILABLE: io exception
2019-10-11 04:55:34,343 [grpc-default-executor-0] WARN  server.GrpcLogAppender (LogUtils.java:warn(134)) - af93d71e-9597-43d1-a0d9-fd03e0850daa@group-B594624CFC31->85dedb5c-0475-48d6-91a5-f8922a1c9690-AppendLogResponseHandler: Failed appendEntries: org.apache.ratis.thirdparty.io.grpc.StatusRuntimeException: UNAVAILABLE: io exception
2019-10-11 04:55:34,344 [grpc-default-executor-2] INFO  impl.FollowerInfo (FollowerInfo.java:lambda$new$0(51)) - af93d71e-9597-43d1-a0d9-fd03e0850daa@group-B594624CFC31->f486f1b0-a775-4c38-857e-a3674efc25f6: nextIndex: updateUnconditionally 0 -> 0
2019-10-11 04:55:34,344 [grpc-default-executor-0] INFO  impl.FollowerInfo (FollowerInfo.java:lambda$new$0(51)) - af93d71e-9597-43d1-a0d9-fd03e0850daa@group-B594624CFC31->85dedb5c-0475-48d6-91a5-f8922a1c9690: nextIndex: updateUnconditionally 0 -> 0
2019-10-11 04:55:34,589 [grpc-default-executor-1] WARN  server.GrpcLogAppender (LogUtils.java:warn(134)) - af93d71e-9597-43d1-a0d9-fd03e0850daa@group-6EB4CB2E655A->f486f1b0-a775-4c38-857e-a3674efc25f6-AppendLogResponseHandler: Failed appendEntries: org.apache.ratis.thirdparty.io.grpc.StatusRuntimeException: UNAVAILABLE: io exception
2019-10-11 04:55:34,589 [grpc-default-executor-0] WARN  server.GrpcLogAppender (LogUtils.java:warn(134)) - af93d71e-9597-43d1-a0d9-fd03e0850daa@group-6EB4CB2E655A->85dedb5c-0475-48d6-91a5-f8922a1c9690-AppendLogResponseHandler: Failed appendEntries: org.apache.ratis.thirdparty.io.grpc.StatusRuntimeException: UNAVAILABLE: io exception
2019-10-11 04:55:34,590 [grpc-default-executor-1] INFO  impl.FollowerInfo (FollowerInfo.java:lambda$new$0(51)) - af93d71e-9597-43d1-a0d9-fd03e0850daa@group-6EB4CB2E655A->f486f1b0-a775-4c38-857e-a3674efc25f6: nextIndex: updateUnconditionally 0 -> 0
2019-10-11 04:55:34,590 [grpc-default-executor-0] INFO  impl.FollowerInfo (FollowerInfo.java:lambda$new$0(51)) - af93d71e-9597-43d1-a0d9-fd03e0850daa@group-6EB4CB2E655A->85dedb5c-0475-48d6-91a5-f8922a1c9690: nextIndex: updateUnconditionally 0 -> 0
2019-10-11 04:55:34,844 [grpc-default-executor-5] WARN  server.GrpcLogAppender (LogUtils.java:warn(134)) - af93d71e-9597-43d1-a0d9-fd03e0850daa@group-B594624CFC31->f486f1b0-a775-4c38-857e-a3674efc25f6-AppendLogResponseHandler: Failed appendEntries: org.apache.ratis.thirdparty.io.grpc.StatusRuntimeException: UNAVAILABLE: io exception
2019-10-11 04:55:34,844 [grpc-default-executor-2] WARN  server.GrpcLogAppender (LogUtils.java:warn(134)) - af93d71e-9597-43d1-a0d9-fd03e0850daa@group-B594624CFC31->85dedb5c-0475-48d6-91a5-f8922a1c9690-AppendLogResponseHandler: Failed appendEntries: org.apache.ratis.thirdparty.io.grpc.StatusRuntimeException: UNAVAILABLE: io exception
2019-10-11 04:55:34,844 [grpc-default-executor-5] INFO  impl.FollowerInfo (FollowerInfo.java:lambda$new$0(51)) - af93d71e-9597-43d1-a0d9-fd03e0850daa@group-B594624CFC31->f486f1b0-a775-4c38-857e-a3674efc25f6: nextIndex: updateUnconditionally 0 -> 0
2019-10-11 04:55:34,844 [grpc-default-executor-2] INFO  impl.FollowerInfo (FollowerInfo.java:lambda$new$0(51)) - af93d71e-9597-43d1-a0d9-fd03e0850daa@group-B594624CFC31->85dedb5c-0475-48d6-91a5-f8922a1c9690: nextIndex: updateUnconditionally 0 -> 0
2019-10-11 04:55:35,090 [grpc-default-executor-5] WARN  server.GrpcLogAppender (LogUtils.java:warn(134)) - af93d71e-9597-43d1-a0d9-fd03e0850daa@group-6EB4CB2E655A->f486f1b0-a775-4c38-857e-a3674efc25f6-AppendLogResponseHandler: Failed appendEntries: org.apache.ratis.thirdparty.io.grpc.StatusRuntimeException: UNAVAILABLE: io exception
2019-10-11 04:55:35,090 [grpc-default-executor-0] WARN  server.GrpcLogAppender (LogUtils.java:warn(134)) - af93d71e-9597-43d1-a0d9-fd03e0850daa@group-6EB4CB2E655A->85dedb5c-0475-48d6-91a5-f8922a1c9690-AppendLogResponseHandler: Failed appendEntries: org.apache.ratis.thirdparty.io.grpc.StatusRuntimeException: UNAVAILABLE: io exception
2019-10-11 04:55:35,091 [grpc-default-executor-5] INFO  impl.FollowerInfo (FollowerInfo.java:lambda$new$0(51)) - af93d71e-9597-43d1-a0d9-fd03e0850daa@group-6EB4CB2E655A->f486f1b0-a775-4c38-857e-a3674efc25f6: nextIndex: updateUnconditionally 0 -> 0
2019-10-11 04:55:35,091 [grpc-default-executor-0] INFO  impl.FollowerInfo (FollowerInfo.java:lambda$new$0(51)) - af93d71e-9597-43d1-a0d9-fd03e0850daa@group-6EB4CB2E655A->85dedb5c-0475-48d6-91a5-f8922a1c9690: nextIndex: updateUnconditionally 0 -> 0
2019-10-11 04:55:35,346 [grpc-default-executor-0] WARN  server.GrpcLogAppender (LogUtils.java:warn(134)) - af93d71e-9597-43d1-a0d9-fd03e0850daa@group-B594624CFC31->f486f1b0-a775-4c38-857e-a3674efc25f6-AppendLogResponseHandler: Failed appendEntries: org.apache.ratis.thirdparty.io.grpc.StatusRuntimeException: UNAVAILABLE: io exception
2019-10-11 04:55:35,346 [grpc-default-executor-5] WARN  server.GrpcLogAppender (LogUtils.java:warn(134)) - af93d71e-9597-43d1-a0d9-fd03e0850daa@group-B594624CFC31->85dedb5c-0475-48d6-91a5-f8922a1c9690-AppendLogResponseHandler: Failed appendEntries: org.apache.ratis.thirdparty.io.grpc.StatusRuntimeException: UNAVAILABLE: io exception
2019-10-11 04:55:35,347 [grpc-default-executor-0] INFO  impl.FollowerInfo (FollowerInfo.java:lambda$new$0(51)) - af93d71e-9597-43d1-a0d9-fd03e0850daa@group-B594624CFC31->f486f1b0-a775-4c38-857e-a3674efc25f6: nextIndex: updateUnconditionally 0 -> 0
2019-10-11 04:55:35,347 [grpc-default-executor-5] INFO  impl.FollowerInfo (FollowerInfo.java:lambda$new$0(51)) - af93d71e-9597-43d1-a0d9-fd03e0850daa@group-B594624CFC31->85dedb5c-0475-48d6-91a5-f8922a1c9690: nextIndex: updateUnconditionally 0 -> 0
2019-10-11 04:55:35,591 [grpc-default-executor-3] WARN  server.GrpcLogAppender (LogUtils.java:warn(134)) - af93d71e-9597-43d1-a0d9-fd03e0850daa@group-6EB4CB2E655A->f486f1b0-a775-4c38-857e-a3674efc25f6-AppendLogResponseHandler: Failed appendEntries: org.apache.ratis.thirdparty.io.grpc.StatusRuntimeException: UNAVAILABLE: io exception
2019-10-11 04:55:35,591 [grpc-default-executor-4] WARN  server.GrpcLogAppender (LogUtils.java:warn(134)) - af93d71e-9597-43d1-a0d9-fd03e0850daa@group-6EB4CB2E655A->85dedb5c-0475-48d6-91a5-f8922a1c9690-AppendLogResponseHandler: Failed appendEntries: org.apache.ratis.thirdparty.io.grpc.StatusRuntimeException: UNAVAILABLE: io exception
2019-10-11 04:55:35,592 [grpc-default-executor-3] INFO  impl.FollowerInfo (FollowerInfo.java:lambda$new$0(51)) - af93d71e-9597-43d1-a0d9-fd03e0850daa@group-6EB4CB2E655A->f486f1b0-a775-4c38-857e-a3674efc25f6: nextIndex: updateUnconditionally 0 -> 0
2019-10-11 04:55:35,592 [grpc-default-executor-4] INFO  impl.FollowerInfo (FollowerInfo.java:lambda$new$0(51)) - af93d71e-9597-43d1-a0d9-fd03e0850daa@group-6EB4CB2E655A->85dedb5c-0475-48d6-91a5-f8922a1c9690: nextIndex: updateUnconditionally 0 -> 0
2019-10-11 04:55:35,846 [grpc-default-executor-0] WARN  server.GrpcLogAppender (LogUtils.java:warn(134)) - af93d71e-9597-43d1-a0d9-fd03e0850daa@group-B594624CFC31->f486f1b0-a775-4c38-857e-a3674efc25f6-AppendLogResponseHandler: Failed appendEntries: org.apache.ratis.thirdparty.io.grpc.StatusRuntimeException: UNAVAILABLE: io exception
2019-10-11 04:55:35,846 [grpc-default-executor-4] WARN  server.GrpcLogAppender (LogUtils.java:warn(134)) - af93d71e-9597-43d1-a0d9-fd03e0850daa@group-B594624CFC31->85dedb5c-0475-48d6-91a5-f8922a1c9690-AppendLogResponseHandler: Failed appendEntries: org.apache.ratis.thirdparty.io.grpc.StatusRuntimeException: UNAVAILABLE: io exception
2019-10-11 04:55:35,846 [grpc-default-executor-0] INFO  impl.FollowerInfo (FollowerInfo.java:lambda$new$0(51)) - af93d71e-9597-43d1-a0d9-fd03e0850daa@group-B594624CFC31->f486f1b0-a775-4c38-857e-a3674efc25f6: nextIndex: updateUnconditionally 0 -> 0
2019-10-11 04:55:35,846 [grpc-default-executor-4] INFO  impl.FollowerInfo (FollowerInfo.java:lambda$new$0(51)) - af93d71e-9597-43d1-a0d9-fd03e0850daa@group-B594624CFC31->85dedb5c-0475-48d6-91a5-f8922a1c9690: nextIndex: updateUnconditionally 0 -> 0
2019-10-11 04:55:36,091 [grpc-default-executor-1] WARN  server.GrpcLogAppender (LogUtils.java:warn(134)) - af93d71e-9597-43d1-a0d9-fd03e0850daa@group-6EB4CB2E655A->85dedb5c-0475-48d6-91a5-f8922a1c9690-AppendLogResponseHandler: Failed appendEntries: org.apache.ratis.thirdparty.io.grpc.StatusRuntimeException: UNAVAILABLE: io exception
2019-10-11 04:55:36,091 [grpc-default-executor-2] WARN  server.GrpcLogAppender (LogUtils.java:warn(134)) - af93d71e-9597-43d1-a0d9-fd03e0850daa@group-6EB4CB2E655A->f486f1b0-a775-4c38-857e-a3674efc25f6-AppendLogResponseHandler: Failed appendEntries: org.apache.ratis.thirdparty.io.grpc.StatusRuntimeException: UNAVAILABLE: io exception
2019-10-11 04:55:36,092 [grpc-default-executor-1] INFO  impl.FollowerInfo (FollowerInfo.java:lambda$new$0(51)) - af93d71e-9597-43d1-a0d9-fd03e0850daa@group-6EB4CB2E655A->85dedb5c-0475-48d6-91a5-f8922a1c9690: nextIndex: updateUnconditionally 0 -> 0
2019-10-11 04:55:36,092 [grpc-default-executor-2] INFO  impl.FollowerInfo (FollowerInfo.java:lambda$new$0(51)) - af93d71e-9597-43d1-a0d9-fd03e0850daa@group-6EB4CB2E655A->f486f1b0-a775-4c38-857e-a3674efc25f6: nextIndex: updateUnconditionally 0 -> 0
2019-10-11 04:55:36,347 [grpc-default-executor-3] WARN  server.GrpcLogAppender (LogUtils.java:warn(134)) - af93d71e-9597-43d1-a0d9-fd03e0850daa@group-B594624CFC31->85dedb5c-0475-48d6-91a5-f8922a1c9690-AppendLogResponseHandler: Failed appendEntries: org.apache.ratis.thirdparty.io.grpc.StatusRuntimeException: UNAVAILABLE: io exception
2019-10-11 04:55:36,347 [grpc-default-executor-1] WARN  server.GrpcLogAppender (LogUtils.java:warn(134)) - af93d71e-9597-43d1-a0d9-fd03e0850daa@group-B594624CFC31->f486f1b0-a775-4c38-857e-a3674efc25f6-AppendLogResponseHandler: Failed appendEntries: org.apache.ratis.thirdparty.io.grpc.StatusRuntimeException: UNAVAILABLE: io exception
2019-10-11 04:55:36,348 [grpc-default-executor-3] INFO  impl.FollowerInfo (FollowerInfo.java:lambda$new$0(51)) - af93d71e-9597-43d1-a0d9-fd03e0850daa@group-B594624CFC31->85dedb5c-0475-48d6-91a5-f8922a1c9690: nextIndex: updateUnconditionally 0 -> 0
2019-10-11 04:55:36,348 [grpc-default-executor-1] INFO  impl.FollowerInfo (FollowerInfo.java:lambda$new$0(51)) - af93d71e-9597-43d1-a0d9-fd03e0850daa@group-B594624CFC31->f486f1b0-a775-4c38-857e-a3674efc25f6: nextIndex: updateUnconditionally 0 -> 0
2019-10-11 04:55:36,593 [grpc-default-executor-0] WARN  server.GrpcLogAppender (LogUtils.java:warn(134)) - af93d71e-9597-43d1-a0d9-fd03e0850daa@group-6EB4CB2E655A->85dedb5c-0475-48d6-91a5-f8922a1c9690-AppendLogResponseHandler: Failed appendEntries: org.apache.ratis.thirdparty.io.grpc.StatusRuntimeException: UNAVAILABLE: io exception
2019-10-11 04:55:36,593 [grpc-default-executor-0] INFO  impl.FollowerInfo (FollowerInfo.java:lambda$new$0(51)) - af93d71e-9597-43d1-a0d9-fd03e0850daa@group-6EB4CB2E655A->85dedb5c-0475-48d6-91a5-f8922a1c9690: nextIndex: updateUnconditionally 0 -> 0
2019-10-11 04:55:36,594 [grpc-default-executor-3] WARN  server.GrpcLogAppender (LogUtils.java:warn(134)) - af93d71e-9597-43d1-a0d9-fd03e0850daa@group-6EB4CB2E655A->f486f1b0-a775-4c38-857e-a3674efc25f6-AppendLogResponseHandler: Failed appendEntries: org.apache.ratis.thirdparty.io.grpc.StatusRuntimeException: UNAVAILABLE: io exception
2019-10-11 04:55:36,594 [grpc-default-executor-3] INFO  impl.FollowerInfo (FollowerInfo.java:lambda$new$0(51)) - af93d71e-9597-43d1-a0d9-fd03e0850daa@group-6EB4CB2E655A->f486f1b0-a775-4c38-857e-a3674efc25f6: nextIndex: updateUnconditionally 0 -> 0
2019-10-11 04:55:36,847 [grpc-default-executor-2] WARN  server.GrpcLogAppender (LogUtils.java:warn(134)) - af93d71e-9597-43d1-a0d9-fd03e0850daa@group-B594624CFC31->f486f1b0-a775-4c38-857e-a3674efc25f6-AppendLogResponseHandler: Failed appendEntries: org.apache.ratis.thirdparty.io.grpc.StatusRuntimeException: UNAVAILABLE: io exception
2019-10-11 04:55:36,847 [grpc-default-executor-1] WARN  server.GrpcLogAppender (LogUtils.java:warn(134)) - af93d71e-9597-43d1-a0d9-fd03e0850daa@group-B594624CFC31->85dedb5c-0475-48d6-91a5-f8922a1c9690-AppendLogResponseHandler: Failed appendEntries: org.apache.ratis.thirdparty.io.grpc.StatusRuntimeException: UNAVAILABLE: io exception
2019-10-11 04:55:36,848 [grpc-default-executor-2] INFO  impl.FollowerInfo (FollowerInfo.java:lambda$new$0(51)) - af93d71e-9597-43d1-a0d9-fd03e0850daa@group-B594624CFC31->f486f1b0-a775-4c38-857e-a3674efc25f6: nextIndex: updateUnconditionally 0 -> 0
2019-10-11 04:55:36,848 [grpc-default-executor-1] INFO  impl.FollowerInfo (FollowerInfo.java:lambda$new$0(51)) - af93d71e-9597-43d1-a0d9-fd03e0850daa@group-B594624CFC31->85dedb5c-0475-48d6-91a5-f8922a1c9690: nextIndex: updateUnconditionally 0 -> 0
2019-10-11 04:55:37,095 [grpc-default-executor-3] WARN  server.GrpcLogAppender (LogUtils.java:warn(134)) - af93d71e-9597-43d1-a0d9-fd03e0850daa@group-6EB4CB2E655A->f486f1b0-a775-4c38-857e-a3674efc25f6-AppendLogResponseHandler: Failed appendEntries: org.apache.ratis.thirdparty.io.grpc.StatusRuntimeException: UNAVAILABLE: io exception
2019-10-11 04:55:37,095 [grpc-default-executor-2] WARN  server.GrpcLogAppender (LogUtils.java:warn(134)) - af93d71e-9597-43d1-a0d9-fd03e0850daa@group-6EB4CB2E655A->85dedb5c-0475-48d6-91a5-f8922a1c9690-AppendLogResponseHandler: Failed appendEntries: org.apache.ratis.thirdparty.io.grpc.StatusRuntimeException: UNAVAILABLE: io exception
2019-10-11 04:55:37,096 [grpc-default-executor-3] INFO  impl.FollowerInfo (FollowerInfo.java:lambda$new$0(51)) - af93d71e-9597-43d1-a0d9-fd03e0850daa@group-6EB4CB2E655A->f486f1b0-a775-4c38-857e-a3674efc25f6: nextIndex: updateUnconditionally 0 -> 0
2019-10-11 04:55:37,096 [grpc-default-executor-2] INFO  impl.FollowerInfo (FollowerInfo.java:lambda$new$0(51)) - af93d71e-9597-43d1-a0d9-fd03e0850daa@group-6EB4CB2E655A->85dedb5c-0475-48d6-91a5-f8922a1c9690: nextIndex: updateUnconditionally 0 -> 0
2019-10-11 04:55:37,348 [grpc-default-executor-0] WARN  server.GrpcLogAppender (LogUtils.java:warn(134)) - af93d71e-9597-43d1-a0d9-fd03e0850daa@group-B594624CFC31->f486f1b0-a775-4c38-857e-a3674efc25f6-AppendLogResponseHandler: Failed appendEntries: org.apache.ratis.thirdparty.io.grpc.StatusRuntimeException: UNAVAILABLE: io exception
2019-10-11 04:55:37,348 [grpc-default-executor-5] WARN  server.GrpcLogAppender (LogUtils.java:warn(134)) - af93d71e-9597-43d1-a0d9-fd03e0850daa@group-B594624CFC31->85dedb5c-0475-48d6-91a5-f8922a1c9690-AppendLogResponseHandler: Failed appendEntries: org.apache.ratis.thirdparty.io.grpc.StatusRuntimeException: UNAVAILABLE: io exception
2019-10-11 04:55:37,349 [grpc-default-executor-0] INFO  impl.FollowerInfo (FollowerInfo.java:lambda$new$0(51)) - af93d71e-9597-43d1-a0d9-fd03e0850daa@group-B594624CFC31->f486f1b0-a775-4c38-857e-a3674efc25f6: nextIndex: updateUnconditionally 0 -> 0
2019-10-11 04:55:37,349 [grpc-default-executor-5] INFO  impl.FollowerInfo (FollowerInfo.java:lambda$new$0(51)) - af93d71e-9597-43d1-a0d9-fd03e0850daa@group-B594624CFC31->85dedb5c-0475-48d6-91a5-f8922a1c9690: nextIndex: updateUnconditionally 0 -> 0
2019-10-11 04:55:37,594 [grpc-default-executor-1] WARN  server.GrpcLogAppender (LogUtils.java:warn(134)) - af93d71e-9597-43d1-a0d9-fd03e0850daa@group-6EB4CB2E655A->f486f1b0-a775-4c38-857e-a3674efc25f6-AppendLogResponseHandler: Failed appendEntries: org.apache.ratis.thirdparty.io.grpc.StatusRuntimeException: UNAVAILABLE: io exception
2019-10-11 04:55:37,594 [grpc-default-executor-5] WARN  server.GrpcLogAppender (LogUtils.java:warn(134)) - af93d71e-9597-43d1-a0d9-fd03e0850daa@group-6EB4CB2E655A->85dedb5c-0475-48d6-91a5-f8922a1c9690-AppendLogResponseHandler: Failed appendEntries: org.apache.ratis.thirdparty.io.grpc.StatusRuntimeException: UNAVAILABLE: io exception
2019-10-11 04:55:37,595 [grpc-default-executor-1] INFO  impl.FollowerInfo (FollowerInfo.java:lambda$new$0(51)) - af93d71e-9597-43d1-a0d9-fd03e0850daa@group-6EB4CB2E655A->f486f1b0-a775-4c38-857e-a3674efc25f6: nextIndex: updateUnconditionally 0 -> 0
2019-10-11 04:55:37,595 [grpc-default-executor-5] INFO  impl.FollowerInfo (FollowerInfo.java:lambda$new$0(51)) - af93d71e-9597-43d1-a0d9-fd03e0850daa@group-6EB4CB2E655A->85dedb5c-0475-48d6-91a5-f8922a1c9690: nextIndex: updateUnconditionally 0 -> 0
2019-10-11 04:55:37,850 [grpc-default-executor-0] WARN  server.GrpcLogAppender (LogUtils.java:warn(134)) - af93d71e-9597-43d1-a0d9-fd03e0850daa@group-B594624CFC31->85dedb5c-0475-48d6-91a5-f8922a1c9690-AppendLogResponseHandler: Failed appendEntries: org.apache.ratis.thirdparty.io.grpc.StatusRuntimeException: UNAVAILABLE: io exception
2019-10-11 04:55:37,850 [grpc-default-executor-3] WARN  server.GrpcLogAppender (LogUtils.java:warn(134)) - af93d71e-9597-43d1-a0d9-fd03e0850daa@group-B594624CFC31->f486f1b0-a775-4c38-857e-a3674efc25f6-AppendLogResponseHandler: Failed appendEntries: org.apache.ratis.thirdparty.io.grpc.StatusRuntimeException: UNAVAILABLE: io exception
2019-10-11 04:55:37,850 [grpc-default-executor-0] INFO  impl.FollowerInfo (FollowerInfo.java:lambda$new$0(51)) - af93d71e-9597-43d1-a0d9-fd03e0850daa@group-B594624CFC31->85dedb5c-0475-48d6-91a5-f8922a1c9690: nextIndex: updateUnconditionally 0 -> 0
2019-10-11 04:55:37,851 [grpc-default-executor-3] INFO  impl.FollowerInfo (FollowerInfo.java:lambda$new$0(51)) - af93d71e-9597-43d1-a0d9-fd03e0850daa@group-B594624CFC31->f486f1b0-a775-4c38-857e-a3674efc25f6: nextIndex: updateUnconditionally 0 -> 0
2019-10-11 04:55:38,096 [grpc-default-executor-2] WARN  server.GrpcLogAppender (LogUtils.java:warn(134)) - af93d71e-9597-43d1-a0d9-fd03e0850daa@group-6EB4CB2E655A->85dedb5c-0475-48d6-91a5-f8922a1c9690-AppendLogResponseHandler: Failed appendEntries: org.apache.ratis.thirdparty.io.grpc.StatusRuntimeException: UNAVAILABLE: io exception
2019-10-11 04:55:38,096 [grpc-default-executor-5] WARN  server.GrpcLogAppender (LogUtils.java:warn(134)) - af93d71e-9597-43d1-a0d9-fd03e0850daa@group-6EB4CB2E655A->f486f1b0-a775-4c38-857e-a3674efc25f6-AppendLogResponseHandler: Failed appendEntries: org.apache.ratis.thirdparty.io.grpc.StatusRuntimeException: UNAVAILABLE: io exception
2019-10-11 04:55:38,096 [grpc-default-executor-2] INFO  impl.FollowerInfo (FollowerInfo.java:lambda$new$0(51)) - af93d71e-9597-43d1-a0d9-fd03e0850daa@group-6EB4CB2E655A->85dedb5c-0475-48d6-91a5-f8922a1c9690: nextIndex: updateUnconditionally 0 -> 0
2019-10-11 04:55:38,097 [grpc-default-executor-5] INFO  impl.FollowerInfo (FollowerInfo.java:lambda$new$0(51)) - af93d71e-9597-43d1-a0d9-fd03e0850daa@group-6EB4CB2E655A->f486f1b0-a775-4c38-857e-a3674efc25f6: nextIndex: updateUnconditionally 0 -> 0
2019-10-11 04:55:38,350 [grpc-default-executor-0] WARN  server.GrpcLogAppender (LogUtils.java:warn(134)) - af93d71e-9597-43d1-a0d9-fd03e0850daa@group-B594624CFC31->f486f1b0-a775-4c38-857e-a3674efc25f6-AppendLogResponseHandler: Failed appendEntries: org.apache.ratis.thirdparty.io.grpc.StatusRuntimeException: UNAVAILABLE: io exception
2019-10-11 04:55:38,350 [grpc-default-executor-1] WARN  server.GrpcLogAppender (LogUtils.java:warn(134)) - af93d71e-9597-43d1-a0d9-fd03e0850daa@group-B594624CFC31->85dedb5c-0475-48d6-91a5-f8922a1c9690-AppendLogResponseHandler: Failed appendEntries: org.apache.ratis.thirdparty.io.grpc.StatusRuntimeException: UNAVAILABLE: io exception
2019-10-11 04:55:38,350 [grpc-default-executor-0] INFO  impl.FollowerInfo (FollowerInfo.java:lambda$new$0(51)) - af93d71e-9597-43d1-a0d9-fd03e0850daa@group-B594624CFC31->f486f1b0-a775-4c38-857e-a3674efc25f6: nextIndex: updateUnconditionally 0 -> 0
2019-10-11 04:55:38,351 [grpc-default-executor-1] INFO  impl.FollowerInfo (FollowerInfo.java:lambda$new$0(51)) - af93d71e-9597-43d1-a0d9-fd03e0850daa@group-B594624CFC31->85dedb5c-0475-48d6-91a5-f8922a1c9690: nextIndex: updateUnconditionally 0 -> 0
2019-10-11 04:55:38,596 [grpc-default-executor-4] WARN  server.GrpcLogAppender (LogUtils.java:warn(134)) - af93d71e-9597-43d1-a0d9-fd03e0850daa@group-6EB4CB2E655A->f486f1b0-a775-4c38-857e-a3674efc25f6-AppendLogResponseHandler: Failed appendEntries: org.apache.ratis.thirdparty.io.grpc.StatusRuntimeException: UNAVAILABLE: io exception
2019-10-11 04:55:38,596 [grpc-default-executor-1] WARN  server.GrpcLogAppender (LogUtils.java:warn(134)) - af93d71e-9597-43d1-a0d9-fd03e0850daa@group-6EB4CB2E655A->85dedb5c-0475-48d6-91a5-f8922a1c9690-AppendLogResponseHandler: Failed appendEntries: org.apache.ratis.thirdparty.io.grpc.StatusRuntimeException: UNAVAILABLE: io exception
2019-10-11 04:55:38,596 [grpc-default-executor-4] INFO  impl.FollowerInfo (FollowerInfo.java:lambda$new$0(51)) - af93d71e-9597-43d1-a0d9-fd03e0850daa@group-6EB4CB2E655A->f486f1b0-a775-4c38-857e-a3674efc25f6: nextIndex: updateUnconditionally 0 -> 0
2019-10-11 04:55:38,596 [grpc-default-executor-1] INFO  impl.FollowerInfo (FollowerInfo.java:lambda$new$0(51)) - af93d71e-9597-43d1-a0d9-fd03e0850daa@group-6EB4CB2E655A->85dedb5c-0475-48d6-91a5-f8922a1c9690: nextIndex: updateUnconditionally 0 -> 0
2019-10-11 04:55:38,851 [grpc-default-executor-1] WARN  server.GrpcLogAppender (LogUtils.java:warn(134)) - af93d71e-9597-43d1-a0d9-fd03e0850daa@group-B594624CFC31->f486f1b0-a775-4c38-857e-a3674efc25f6-AppendLogResponseHandler: Failed appendEntries: org.apache.ratis.thirdparty.io.grpc.StatusRuntimeException: UNAVAILABLE: io exception
2019-10-11 04:55:38,851 [grpc-default-executor-4] WARN  server.GrpcLogAppender (LogUtils.java:warn(134)) - af93d71e-9597-43d1-a0d9-fd03e0850daa@group-B594624CFC31->85dedb5c-0475-48d6-91a5-f8922a1c9690-AppendLogResponseHandler: Failed appendEntries: org.apache.ratis.thirdparty.io.grpc.StatusRuntimeException: UNAVAILABLE: io exception
2019-10-11 04:55:38,852 [grpc-default-executor-1] INFO  impl.FollowerInfo (FollowerInfo.java:lambda$new$0(51)) - af93d71e-9597-43d1-a0d9-fd03e0850daa@group-B594624CFC31->f486f1b0-a775-4c38-857e-a3674efc25f6: nextIndex: updateUnconditionally 0 -> 0
2019-10-11 04:55:38,852 [grpc-default-executor-4] INFO  impl.FollowerInfo (FollowerInfo.java:lambda$new$0(51)) - af93d71e-9597-43d1-a0d9-fd03e0850daa@group-B594624CFC31->85dedb5c-0475-48d6-91a5-f8922a1c9690: nextIndex: updateUnconditionally 0 -> 0
2019-10-11 04:55:39,097 [grpc-default-executor-1] WARN  server.GrpcLogAppender (LogUtils.java:warn(134)) - af93d71e-9597-43d1-a0d9-fd03e0850daa@group-6EB4CB2E655A->f486f1b0-a775-4c38-857e-a3674efc25f6-AppendLogResponseHandler: Failed appendEntries: org.apache.ratis.thirdparty.io.grpc.StatusRuntimeException: UNAVAILABLE: io exception
2019-10-11 04:55:39,097 [grpc-default-executor-2] WARN  server.GrpcLogAppender (LogUtils.java:warn(134)) - af93d71e-9597-43d1-a0d9-fd03e0850daa@group-6EB4CB2E655A->85dedb5c-0475-48d6-91a5-f8922a1c9690-AppendLogResponseHandler: Failed appendEntries: org.apache.ratis.thirdparty.io.grpc.StatusRuntimeException: UNAVAILABLE: io exception
2019-10-11 04:55:39,098 [grpc-default-executor-1] INFO  impl.FollowerInfo (FollowerInfo.java:lambda$new$0(51)) - af93d71e-9597-43d1-a0d9-fd03e0850daa@group-6EB4CB2E655A->f486f1b0-a775-4c38-857e-a3674efc25f6: nextIndex: updateUnconditionally 0 -> 0
2019-10-11 04:55:39,098 [grpc-default-executor-2] INFO  impl.FollowerInfo (FollowerInfo.java:lambda$new$0(51)) - af93d71e-9597-43d1-a0d9-fd03e0850daa@group-6EB4CB2E655A->85dedb5c-0475-48d6-91a5-f8922a1c9690: nextIndex: updateUnconditionally 0 -> 0
2019-10-11 04:55:39,352 [grpc-default-executor-5] WARN  server.GrpcLogAppender (LogUtils.java:warn(134)) - af93d71e-9597-43d1-a0d9-fd03e0850daa@group-B594624CFC31->85dedb5c-0475-48d6-91a5-f8922a1c9690-AppendLogResponseHandler: Failed appendEntries: org.apache.ratis.thirdparty.io.grpc.StatusRuntimeException: UNAVAILABLE: io exception
2019-10-11 04:55:39,352 [grpc-default-executor-1] WARN  server.GrpcLogAppender (LogUtils.java:warn(134)) - af93d71e-9597-43d1-a0d9-fd03e0850daa@group-B594624CFC31->f486f1b0-a775-4c38-857e-a3674efc25f6-AppendLogResponseHandler: Failed appendEntries: org.apache.ratis.thirdparty.io.grpc.StatusRuntimeException: UNAVAILABLE: io exception
2019-10-11 04:55:39,352 [grpc-default-executor-5] INFO  impl.FollowerInfo (FollowerInfo.java:lambda$new$0(51)) - af93d71e-9597-43d1-a0d9-fd03e0850daa@group-B594624CFC31->85dedb5c-0475-48d6-91a5-f8922a1c9690: nextIndex: updateUnconditionally 0 -> 0
2019-10-11 04:55:39,352 [grpc-default-executor-1] INFO  impl.FollowerInfo (FollowerInfo.java:lambda$new$0(51)) - af93d71e-9597-43d1-a0d9-fd03e0850daa@group-B594624CFC31->f486f1b0-a775-4c38-857e-a3674efc25f6: nextIndex: updateUnconditionally 0 -> 0
2019-10-11 04:55:39,598 [grpc-default-executor-4] WARN  server.GrpcLogAppender (LogUtils.java:warn(134)) - af93d71e-9597-43d1-a0d9-fd03e0850daa@group-6EB4CB2E655A->f486f1b0-a775-4c38-857e-a3674efc25f6-AppendLogResponseHandler: Failed appendEntries: org.apache.ratis.thirdparty.io.grpc.StatusRuntimeException: UNAVAILABLE: io exception
2019-10-11 04:55:39,598 [grpc-default-executor-0] WARN  server.GrpcLogAppender (LogUtils.java:warn(134)) - af93d71e-9597-43d1-a0d9-fd03e0850daa@group-6EB4CB2E655A->85dedb5c-0475-48d6-91a5-f8922a1c9690-AppendLogResponseHandler: Failed appendEntries: org.apache.ratis.thirdparty.io.grpc.StatusRuntimeException: UNAVAILABLE: io exception
2019-10-11 04:55:39,599 [grpc-default-executor-4] INFO  impl.FollowerInfo (FollowerInfo.java:lambda$new$0(51)) - af93d71e-9597-43d1-a0d9-fd03e0850daa@group-6EB4CB2E655A->f486f1b0-a775-4c38-857e-a3674efc25f6: nextIndex: updateUnconditionally 0 -> 0
2019-10-11 04:55:39,599 [grpc-default-executor-0] INFO  impl.FollowerInfo (FollowerInfo.java:lambda$new$0(51)) - af93d71e-9597-43d1-a0d9-fd03e0850daa@group-6EB4CB2E655A->85dedb5c-0475-48d6-91a5-f8922a1c9690: nextIndex: updateUnconditionally 0 -> 0
2019-10-11 04:55:39,853 [grpc-default-executor-2] WARN  server.GrpcLogAppender (LogUtils.java:warn(134)) - af93d71e-9597-43d1-a0d9-fd03e0850daa@group-B594624CFC31->85dedb5c-0475-48d6-91a5-f8922a1c9690-AppendLogResponseHandler: Failed appendEntries: org.apache.ratis.thirdparty.io.grpc.StatusRuntimeException: UNAVAILABLE: io exception
2019-10-11 04:55:39,853 [grpc-default-executor-1] WARN  server.GrpcLogAppender (LogUtils.java:warn(134)) - af93d71e-9597-43d1-a0d9-fd03e0850daa@group-B594624CFC31->f486f1b0-a775-4c38-857e-a3674efc25f6-AppendLogResponseHandler: Failed appendEntries: org.apache.ratis.thirdparty.io.grpc.StatusRuntimeException: UNAVAILABLE: io exception
2019-10-11 04:55:39,854 [grpc-default-executor-2] INFO  impl.FollowerInfo (FollowerInfo.java:lambda$new$0(51)) - af93d71e-9597-43d1-a0d9-fd03e0850daa@group-B594624CFC31->85dedb5c-0475-48d6-91a5-f8922a1c9690: nextIndex: updateUnconditionally 0 -> 0
2019-10-11 04:55:39,854 [grpc-default-executor-1] INFO  impl.FollowerInfo (FollowerInfo.java:lambda$new$0(51)) - af93d71e-9597-43d1-a0d9-fd03e0850daa@group-B594624CFC31->f486f1b0-a775-4c38-857e-a3674efc25f6: nextIndex: updateUnconditionally 0 -> 0
2019-10-11 04:55:40,100 [grpc-default-executor-2] WARN  server.GrpcLogAppender (LogUtils.java:warn(134)) - af93d71e-9597-43d1-a0d9-fd03e0850daa@group-6EB4CB2E655A->85dedb5c-0475-48d6-91a5-f8922a1c9690-AppendLogResponseHandler: Failed appendEntries: org.apache.ratis.thirdparty.io.grpc.StatusRuntimeException: UNAVAILABLE: io exception
2019-10-11 04:55:40,101 [grpc-default-executor-1] WARN  server.GrpcLogAppender (LogUtils.java:warn(134)) - af93d71e-9597-43d1-a0d9-fd03e0850daa@group-6EB4CB2E655A->f486f1b0-a775-4c38-857e-a3674efc25f6-AppendLogResponseHandler: Failed appendEntries: org.apache.ratis.thirdparty.io.grpc.StatusRuntimeException: UNAVAILABLE: io exception
2019-10-11 04:55:40,101 [grpc-default-executor-2] INFO  impl.FollowerInfo (FollowerInfo.java:lambda$new$0(51)) - af93d71e-9597-43d1-a0d9-fd03e0850daa@group-6EB4CB2E655A->85dedb5c-0475-48d6-91a5-f8922a1c9690: nextIndex: updateUnconditionally 0 -> 0
2019-10-11 04:55:40,101 [grpc-default-executor-1] INFO  impl.FollowerInfo (FollowerInfo.java:lambda$new$0(51)) - af93d71e-9597-43d1-a0d9-fd03e0850daa@group-6EB4CB2E655A->f486f1b0-a775-4c38-857e-a3674efc25f6: nextIndex: updateUnconditionally 0 -> 0
2019-10-11 04:55:40,357 [grpc-default-executor-5] WARN  server.GrpcLogAppender (LogUtils.java:warn(134)) - af93d71e-9597-43d1-a0d9-fd03e0850daa@group-B594624CFC31->85dedb5c-0475-48d6-91a5-f8922a1c9690-AppendLogResponseHandler: Failed appendEntries: org.apache.ratis.thirdparty.io.grpc.StatusRuntimeException: UNAVAILABLE: io exception
2019-10-11 04:55:40,357 [grpc-default-executor-4] WARN  server.GrpcLogAppender (LogUtils.java:warn(134)) - af93d71e-9597-43d1-a0d9-fd03e0850daa@group-B594624CFC31->f486f1b0-a775-4c38-857e-a3674efc25f6-AppendLogResponseHandler: Failed appendEntries: org.apache.ratis.thirdparty.io.grpc.StatusRuntimeException: UNAVAILABLE: io exception
2019-10-11 04:55:40,358 [grpc-default-executor-5] INFO  impl.FollowerInfo (FollowerInfo.java:lambda$new$0(51)) - af93d71e-9597-43d1-a0d9-fd03e0850daa@group-B594624CFC31->85dedb5c-0475-48d6-91a5-f8922a1c9690: nextIndex: updateUnconditionally 0 -> 0
2019-10-11 04:55:40,358 [grpc-default-executor-4] INFO  impl.FollowerInfo (FollowerInfo.java:lambda$new$0(51)) - af93d71e-9597-43d1-a0d9-fd03e0850daa@group-B594624CFC31->f486f1b0-a775-4c38-857e-a3674efc25f6: nextIndex: updateUnconditionally 0 -> 0
2019-10-11 04:55:40,601 [grpc-default-executor-4] WARN  server.GrpcLogAppender (LogUtils.java:warn(134)) - af93d71e-9597-43d1-a0d9-fd03e0850daa@group-6EB4CB2E655A->f486f1b0-a775-4c38-857e-a3674efc25f6-AppendLogResponseHandler: Failed appendEntries: org.apache.ratis.thirdparty.io.grpc.StatusRuntimeException: UNAVAILABLE: io exception
2019-10-11 04:55:40,601 [grpc-default-executor-2] WARN  server.GrpcLogAppender (LogUtils.java:warn(134)) - af93d71e-9597-43d1-a0d9-fd03e0850daa@group-6EB4CB2E655A->85dedb5c-0475-48d6-91a5-f8922a1c9690-AppendLogResponseHandler: Failed appendEntries: org.apache.ratis.thirdparty.io.grpc.StatusRuntimeException: UNAVAILABLE: io exception
2019-10-11 04:55:40,601 [grpc-default-executor-4] INFO  impl.FollowerInfo (FollowerInfo.java:lambda$new$0(51)) - af93d71e-9597-43d1-a0d9-fd03e0850daa@group-6EB4CB2E655A->f486f1b0-a775-4c38-857e-a3674efc25f6: nextIndex: updateUnconditionally 0 -> 0
2019-10-11 04:55:40,602 [grpc-default-executor-2] INFO  impl.FollowerInfo (FollowerInfo.java:lambda$new$0(51)) - af93d71e-9597-43d1-a0d9-fd03e0850daa@group-6EB4CB2E655A->85dedb5c-0475-48d6-91a5-f8922a1c9690: nextIndex: updateUnconditionally 0 -> 0
2019-10-11 04:55:40,856 [grpc-default-executor-1] WARN  server.GrpcLogAppender (LogUtils.java:warn(134)) - af93d71e-9597-43d1-a0d9-fd03e0850daa@group-B594624CFC31->f486f1b0-a775-4c38-857e-a3674efc25f6-AppendLogResponseHandler: Failed appendEntries: org.apache.ratis.thirdparty.io.grpc.StatusRuntimeException: UNAVAILABLE: io exception
2019-10-11 04:55:40,856 [grpc-default-executor-2] WARN  server.GrpcLogAppender (LogUtils.java:warn(134)) - af93d71e-9597-43d1-a0d9-fd03e0850daa@group-B594624CFC31->85dedb5c-0475-48d6-91a5-f8922a1c9690-AppendLogResponseHandler: Failed appendEntries: org.apache.ratis.thirdparty.io.grpc.StatusRuntimeException: UNAVAILABLE: io exception
2019-10-11 04:55:40,857 [grpc-default-executor-1] INFO  impl.FollowerInfo (FollowerInfo.java:lambda$new$0(51)) - af93d71e-9597-43d1-a0d9-fd03e0850daa@group-B594624CFC31->f486f1b0-a775-4c38-857e-a3674efc25f6: nextIndex: updateUnconditionally 0 -> 0
2019-10-11 04:55:40,857 [grpc-default-executor-2] INFO  impl.FollowerInfo (FollowerInfo.java:lambda$new$0(51)) - af93d71e-9597-43d1-a0d9-fd03e0850daa@group-B594624CFC31->85dedb5c-0475-48d6-91a5-f8922a1c9690: nextIndex: updateUnconditionally 0 -> 0
2019-10-11 04:55:41,102 [grpc-default-executor-5] WARN  server.GrpcLogAppender (LogUtils.java:warn(134)) - af93d71e-9597-43d1-a0d9-fd03e0850daa@group-6EB4CB2E655A->85dedb5c-0475-48d6-91a5-f8922a1c9690-AppendLogResponseHandler: Failed appendEntries: org.apache.ratis.thirdparty.io.grpc.StatusRuntimeException: UNAVAILABLE: io exception
2019-10-11 04:55:41,102 [grpc-default-executor-0] WARN  server.GrpcLogAppender (LogUtils.java:warn(134)) - af93d71e-9597-43d1-a0d9-fd03e0850daa@group-6EB4CB2E655A->f486f1b0-a775-4c38-857e-a3674efc25f6-AppendLogResponseHandler: Failed appendEntries: org.apache.ratis.thirdparty.io.grpc.StatusRuntimeException: UNAVAILABLE: io exception
2019-10-11 04:55:41,102 [grpc-default-executor-5] INFO  impl.FollowerInfo (FollowerInfo.java:lambda$new$0(51)) - af93d71e-9597-43d1-a0d9-fd03e0850daa@group-6EB4CB2E655A->85dedb5c-0475-48d6-91a5-f8922a1c9690: nextIndex: updateUnconditionally 0 -> 0
2019-10-11 04:55:41,103 [grpc-default-executor-0] INFO  impl.FollowerInfo (FollowerInfo.java:lambda$new$0(51)) - af93d71e-9597-43d1-a0d9-fd03e0850daa@group-6EB4CB2E655A->f486f1b0-a775-4c38-857e-a3674efc25f6: nextIndex: updateUnconditionally 0 -> 0
2019-10-11 04:55:41,359 [grpc-default-executor-0] WARN  server.GrpcLogAppender (LogUtils.java:warn(134)) - af93d71e-9597-43d1-a0d9-fd03e0850daa@group-B594624CFC31->f486f1b0-a775-4c38-857e-a3674efc25f6-AppendLogResponseHandler: Failed appendEntries: org.apache.ratis.thirdparty.io.grpc.StatusRuntimeException: UNAVAILABLE: io exception
2019-10-11 04:55:41,359 [grpc-default-executor-5] WARN  server.GrpcLogAppender (LogUtils.java:warn(134)) - af93d71e-9597-43d1-a0d9-fd03e0850daa@group-B594624CFC31->85dedb5c-0475-48d6-91a5-f8922a1c9690-AppendLogResponseHandler: Failed appendEntries: org.apache.ratis.thirdparty.io.grpc.StatusRuntimeException: UNAVAILABLE: io exception
2019-10-11 04:55:41,359 [grpc-default-executor-0] INFO  impl.FollowerInfo (FollowerInfo.java:lambda$new$0(51)) - af93d71e-9597-43d1-a0d9-fd03e0850daa@group-B594624CFC31->f486f1b0-a775-4c38-857e-a3674efc25f6: nextIndex: updateUnconditionally 0 -> 0
2019-10-11 04:55:41,360 [grpc-default-executor-5] INFO  impl.FollowerInfo (FollowerInfo.java:lambda$new$0(51)) - af93d71e-9597-43d1-a0d9-fd03e0850daa@group-B594624CFC31->85dedb5c-0475-48d6-91a5-f8922a1c9690: nextIndex: updateUnconditionally 0 -> 0
2019-10-11 04:55:41,602 [grpc-default-executor-2] WARN  server.GrpcLogAppender (LogUtils.java:warn(134)) - af93d71e-9597-43d1-a0d9-fd03e0850daa@group-6EB4CB2E655A->f486f1b0-a775-4c38-857e-a3674efc25f6-AppendLogResponseHandler: Failed appendEntries: org.apache.ratis.thirdparty.io.grpc.StatusRuntimeException: UNAVAILABLE: io exception
2019-10-11 04:55:41,602 [grpc-default-executor-4] WARN  server.GrpcLogAppender (LogUtils.java:warn(134)) - af93d71e-9597-43d1-a0d9-fd03e0850daa@group-6EB4CB2E655A->85dedb5c-0475-48d6-91a5-f8922a1c9690-AppendLogResponseHandler: Failed appendEntries: org.apache.ratis.thirdparty.io.grpc.StatusRuntimeException: UNAVAILABLE: io exception
2019-10-11 04:55:41,603 [grpc-default-executor-2] INFO  impl.FollowerInfo (FollowerInfo.java:lambda$new$0(51)) - af93d71e-9597-43d1-a0d9-fd03e0850daa@group-6EB4CB2E655A->f486f1b0-a775-4c38-857e-a3674efc25f6: nextIndex: updateUnconditionally 0 -> 0
2019-10-11 04:55:41,603 [grpc-default-executor-4] INFO  impl.FollowerInfo (FollowerInfo.java:lambda$new$0(51)) - af93d71e-9597-43d1-a0d9-fd03e0850daa@group-6EB4CB2E655A->85dedb5c-0475-48d6-91a5-f8922a1c9690: nextIndex: updateUnconditionally 0 -> 0
2019-10-11 04:55:41,777 [main] WARN  io.KeyOutputStream (KeyOutputStream.java:handleException(274)) - Encountered exception java.io.IOException: Unexpected Storage Container Exception: java.util.concurrent.CompletionException: java.util.concurrent.CompletionException: org.apache.ratis.protocol.RaftRetryFailureException: Failed RaftClientRequest:client-6A1E9ACACAF1->85dedb5c-0475-48d6-91a5-f8922a1c9690@group-6EB4CB2E655A, cid=28, seq=9*, RW, org.apache.hadoop.hdds.scm.XceiverClientRatis$$Lambda$582/1177206467@72b5a7da for 20 attempts with RetryLimited(maxAttempts=20, sleepTime=1000ms) on the pipeline Pipeline[ Id: cfc2e356-49e6-4ca6-97b8-6eb4cb2e655a, Nodes: 85dedb5c-0475-48d6-91a5-f8922a1c9690{ip: 192.168.157.200, host: pr-hdds-1569-qjnzd-3726989565, networkLocation: /default-rack, certSerialId: null}f486f1b0-a775-4c38-857e-a3674efc25f6{ip: 192.168.157.200, host: pr-hdds-1569-qjnzd-3726989565, networkLocation: /default-rack, certSerialId: null}af93d71e-9597-43d1-a0d9-fd03e0850daa{ip: 192.168.157.200, host: pr-hdds-1569-qjnzd-3726989565, networkLocation: /default-rack, certSerialId: null}, Type:RATIS, Factor:THREE, State:OPEN]. The last committed block length is 450, uncommitted data length is 350 retry count 0
2019-10-11 04:55:41,858 [grpc-default-executor-1] WARN  server.GrpcLogAppender (LogUtils.java:warn(134)) - af93d71e-9597-43d1-a0d9-fd03e0850daa@group-B594624CFC31->85dedb5c-0475-48d6-91a5-f8922a1c9690-AppendLogResponseHandler: Failed appendEntries: org.apache.ratis.thirdparty.io.grpc.StatusRuntimeException: UNAVAILABLE: io exception
2019-10-11 04:55:41,858 [grpc-default-executor-4] WARN  server.GrpcLogAppender (LogUtils.java:warn(134)) - af93d71e-9597-43d1-a0d9-fd03e0850daa@group-B594624CFC31->f486f1b0-a775-4c38-857e-a3674efc25f6-AppendLogResponseHandler: Failed appendEntries: org.apache.ratis.thirdparty.io.grpc.StatusRuntimeException: UNAVAILABLE: io exception
2019-10-11 04:55:41,858 [grpc-default-executor-1] INFO  impl.FollowerInfo (FollowerInfo.java:lambda$new$0(51)) - af93d71e-9597-43d1-a0d9-fd03e0850daa@group-B594624CFC31->85dedb5c-0475-48d6-91a5-f8922a1c9690: nextIndex: updateUnconditionally 0 -> 0
2019-10-11 04:55:41,869 [grpc-default-executor-4] INFO  impl.FollowerInfo (FollowerInfo.java:lambda$new$0(51)) - af93d71e-9597-43d1-a0d9-fd03e0850daa@group-B594624CFC31->f486f1b0-a775-4c38-857e-a3674efc25f6: nextIndex: updateUnconditionally 0 -> 0
2019-10-11 04:55:42,103 [grpc-default-executor-0] WARN  server.GrpcLogAppender (LogUtils.java:warn(134)) - af93d71e-9597-43d1-a0d9-fd03e0850daa@group-6EB4CB2E655A->f486f1b0-a775-4c38-857e-a3674efc25f6-AppendLogResponseHandler: Failed appendEntries: org.apache.ratis.thirdparty.io.grpc.StatusRuntimeException: UNAVAILABLE: io exception
2019-10-11 04:55:42,103 [grpc-default-executor-2] WARN  server.GrpcLogAppender (LogUtils.java:warn(134)) - af93d71e-9597-43d1-a0d9-fd03e0850daa@group-6EB4CB2E655A->85dedb5c-0475-48d6-91a5-f8922a1c9690-AppendLogResponseHandler: Failed appendEntries: org.apache.ratis.thirdparty.io.grpc.StatusRuntimeException: UNAVAILABLE: io exception
2019-10-11 04:55:42,103 [grpc-default-executor-0] INFO  impl.FollowerInfo (FollowerInfo.java:lambda$new$0(51)) - af93d71e-9597-43d1-a0d9-fd03e0850daa@group-6EB4CB2E655A->f486f1b0-a775-4c38-857e-a3674efc25f6: nextIndex: updateUnconditionally 0 -> 0
2019-10-11 04:55:42,103 [grpc-default-executor-2] INFO  impl.FollowerInfo (FollowerInfo.java:lambda$new$0(51)) - af93d71e-9597-43d1-a0d9-fd03e0850daa@group-6EB4CB2E655A->85dedb5c-0475-48d6-91a5-f8922a1c9690: nextIndex: updateUnconditionally 0 -> 0
2019-10-11 04:55:42,359 [grpc-default-executor-5] WARN  server.GrpcLogAppender (LogUtils.java:warn(134)) - af93d71e-9597-43d1-a0d9-fd03e0850daa@group-B594624CFC31->f486f1b0-a775-4c38-857e-a3674efc25f6-AppendLogResponseHandler: Failed appendEntries: org.apache.ratis.thirdparty.io.grpc.StatusRuntimeException: UNAVAILABLE: io exception
2019-10-11 04:55:42,359 [grpc-default-executor-1] WARN  server.GrpcLogAppender (LogUtils.java:warn(134)) - af93d71e-9597-43d1-a0d9-fd03e0850daa@group-B594624CFC31->85dedb5c-0475-48d6-91a5-f8922a1c9690-AppendLogResponseHandler: Failed appendEntries: org.apache.ratis.thirdparty.io.grpc.StatusRuntimeException: UNAVAILABLE: io exception
2019-10-11 04:55:42,359 [grpc-default-executor-5] INFO  impl.FollowerInfo (FollowerInfo.java:lambda$new$0(51)) - af93d71e-9597-43d1-a0d9-fd03e0850daa@group-B594624CFC31->f486f1b0-a775-4c38-857e-a3674efc25f6: nextIndex: updateUnconditionally 0 -> 0
2019-10-11 04:55:42,359 [grpc-default-executor-1] INFO  impl.FollowerInfo (FollowerInfo.java:lambda$new$0(51)) - af93d71e-9597-43d1-a0d9-fd03e0850daa@group-B594624CFC31->85dedb5c-0475-48d6-91a5-f8922a1c9690: nextIndex: updateUnconditionally 0 -> 0
2019-10-11 04:55:42,604 [grpc-default-executor-1] WARN  server.GrpcLogAppender (LogUtils.java:warn(134)) - af93d71e-9597-43d1-a0d9-fd03e0850daa@group-6EB4CB2E655A->85dedb5c-0475-48d6-91a5-f8922a1c9690-AppendLogResponseHandler: Failed appendEntries: org.apache.ratis.thirdparty.io.grpc.StatusRuntimeException: UNAVAILABLE: io exception
2019-10-11 04:55:42,604 [grpc-default-executor-2] WARN  server.GrpcLogAppender (LogUtils.java:warn(134)) - af93d71e-9597-43d1-a0d9-fd03e0850daa@group-6EB4CB2E655A->f486f1b0-a775-4c38-857e-a3674efc25f6-AppendLogResponseHandler: Failed appendEntries: org.apache.ratis.thirdparty.io.grpc.StatusRuntimeException: UNAVAILABLE: io exception
2019-10-11 04:55:42,604 [grpc-default-executor-1] INFO  impl.FollowerInfo (FollowerInfo.java:lambda$new$0(51)) - af93d71e-9597-43d1-a0d9-fd03e0850daa@group-6EB4CB2E655A->85dedb5c-0475-48d6-91a5-f8922a1c9690: nextIndex: updateUnconditionally 0 -> 0
2019-10-11 04:55:42,605 [grpc-default-executor-2] INFO  impl.FollowerInfo (FollowerInfo.java:lambda$new$0(51)) - af93d71e-9597-43d1-a0d9-fd03e0850daa@group-6EB4CB2E655A->f486f1b0-a775-4c38-857e-a3674efc25f6: nextIndex: updateUnconditionally 0 -> 0
2019-10-11 04:55:42,856 [grpc-default-executor-5] WARN  server.GrpcLogAppender (LogUtils.java:warn(134)) - af93d71e-9597-43d1-a0d9-fd03e0850daa@group-B594624CFC31->85dedb5c-0475-48d6-91a5-f8922a1c9690-AppendLogResponseHandler: Failed appendEntries: org.apache.ratis.thirdparty.io.grpc.StatusRuntimeException: UNAVAILABLE: io exception
2019-10-11 04:55:42,857 [grpc-default-executor-4] WARN  server.GrpcLogAppender (LogUtils.java:warn(134)) - af93d71e-9597-43d1-a0d9-fd03e0850daa@group-B594624CFC31->f486f1b0-a775-4c38-857e-a3674efc25f6-AppendLogResponseHandler: Failed appendEntries: org.apache.ratis.thirdparty.io.grpc.StatusRuntimeException: UNAVAILABLE: io exception
2019-10-11 04:55:42,857 [grpc-default-executor-5] INFO  impl.FollowerInfo (FollowerInfo.java:lambda$new$0(51)) - af93d71e-9597-43d1-a0d9-fd03e0850daa@group-B594624CFC31->85dedb5c-0475-48d6-91a5-f8922a1c9690: nextIndex: updateUnconditionally 1 -> 0
2019-10-11 04:55:42,857 [grpc-default-executor-4] INFO  impl.FollowerInfo (FollowerInfo.java:lambda$new$0(51)) - af93d71e-9597-43d1-a0d9-fd03e0850daa@group-B594624CFC31->f486f1b0-a775-4c38-857e-a3674efc25f6: nextIndex: updateUnconditionally 1 -> 0
2019-10-11 04:55:43,104 [grpc-default-executor-1] WARN  server.GrpcLogAppender (LogUtils.java:warn(134)) - af93d71e-9597-43d1-a0d9-fd03e0850daa@group-6EB4CB2E655A->85dedb5c-0475-48d6-91a5-f8922a1c9690-AppendLogResponseHandler: Failed appendEntries: org.apache.ratis.thirdparty.io.grpc.StatusRuntimeException: UNAVAILABLE: io exception
2019-10-11 04:55:43,104 [grpc-default-executor-2] WARN  server.GrpcLogAppender (LogUtils.java:warn(134)) - af93d71e-9597-43d1-a0d9-fd03e0850daa@group-6EB4CB2E655A->f486f1b0-a775-4c38-857e-a3674efc25f6-AppendLogResponseHandler: Failed appendEntries: org.apache.ratis.thirdparty.io.grpc.StatusRuntimeException: UNAVAILABLE: io exception
2019-10-11 04:55:43,105 [grpc-default-executor-1] INFO  impl.FollowerInfo (FollowerInfo.java:lambda$new$0(51)) - af93d71e-9597-43d1-a0d9-fd03e0850daa@group-6EB4CB2E655A->85dedb5c-0475-48d6-91a5-f8922a1c9690: nextIndex: updateUnconditionally 0 -> 0
2019-10-11 04:55:43,105 [grpc-default-executor-2] INFO  impl.FollowerInfo (FollowerInfo.java:lambda$new$0(51)) - af93d71e-9597-43d1-a0d9-fd03e0850daa@group-6EB4CB2E655A->f486f1b0-a775-4c38-857e-a3674efc25f6: nextIndex: updateUnconditionally 0 -> 0
2019-10-11 04:55:43,358 [grpc-default-executor-5] WARN  server.GrpcLogAppender (LogUtils.java:warn(134)) - af93d71e-9597-43d1-a0d9-fd03e0850daa@group-B594624CFC31->85dedb5c-0475-48d6-91a5-f8922a1c9690-AppendLogResponseHandler: Failed appendEntries: org.apache.ratis.thirdparty.io.grpc.StatusRuntimeException: UNAVAILABLE: io exception
2019-10-11 04:55:43,358 [grpc-default-executor-4] WARN  server.GrpcLogAppender (LogUtils.java:warn(134)) - af93d71e-9597-43d1-a0d9-fd03e0850daa@group-B594624CFC31->f486f1b0-a775-4c38-857e-a3674efc25f6-AppendLogResponseHandler: Failed appendEntries: org.apache.ratis.thirdparty.io.grpc.StatusRuntimeException: UNAVAILABLE: io exception
2019-10-11 04:55:43,358 [grpc-default-executor-5] INFO  impl.FollowerInfo (FollowerInfo.java:lambda$new$0(51)) - af93d71e-9597-43d1-a0d9-fd03e0850daa@group-B594624CFC31->85dedb5c-0475-48d6-91a5-f8922a1c9690: nextIndex: updateUnconditionally 0 -> 0
2019-10-11 04:55:43,358 [grpc-default-executor-4] INFO  impl.FollowerInfo (FollowerInfo.java:lambda$new$0(51)) - af93d71e-9597-43d1-a0d9-fd03e0850daa@group-B594624CFC31->f486f1b0-a775-4c38-857e-a3674efc25f6: nextIndex: updateUnconditionally 0 -> 0
2019-10-11 04:55:43,605 [grpc-default-executor-4] WARN  server.GrpcLogAppender (LogUtils.java:warn(134)) - af93d71e-9597-43d1-a0d9-fd03e0850daa@group-6EB4CB2E655A->f486f1b0-a775-4c38-857e-a3674efc25f6-AppendLogResponseHandler: Failed appendEntries: org.apache.ratis.thirdparty.io.grpc.StatusRuntimeException: UNAVAILABLE: io exception
2019-10-11 04:55:43,605 [grpc-default-executor-1] WARN  server.GrpcLogAppender (LogUtils.java:warn(134)) - af93d71e-9597-43d1-a0d9-fd03e0850daa@group-6EB4CB2E655A->85dedb5c-0475-48d6-91a5-f8922a1c9690-AppendLogResponseHandler: Failed appendEntries: org.apache.ratis.thirdparty.io.grpc.StatusRuntimeException: UNAVAILABLE: io exception
2019-10-11 04:55:43,605 [grpc-default-executor-4] INFO  impl.FollowerInfo (FollowerInfo.java:lambda$new$0(51)) - af93d71e-9597-43d1-a0d9-fd03e0850daa@group-6EB4CB2E655A->f486f1b0-a775-4c38-857e-a3674efc25f6: nextIndex: updateUnconditionally 0 -> 0
2019-10-11 04:55:43,605 [grpc-default-executor-1] INFO  impl.FollowerInfo (FollowerInfo.java:lambda$new$0(51)) - af93d71e-9597-43d1-a0d9-fd03e0850daa@group-6EB4CB2E655A->85dedb5c-0475-48d6-91a5-f8922a1c9690: nextIndex: updateUnconditionally 0 -> 0
2019-10-11 04:55:43,861 [grpc-default-executor-0] WARN  server.GrpcLogAppender (LogUtils.java:warn(134)) - af93d71e-9597-43d1-a0d9-fd03e0850daa@group-B594624CFC31->85dedb5c-0475-48d6-91a5-f8922a1c9690-AppendLogResponseHandler: Failed appendEntries: org.apache.ratis.thirdparty.io.grpc.StatusRuntimeException: UNAVAILABLE: io exception
2019-10-11 04:55:43,861 [grpc-default-executor-5] WARN  server.GrpcLogAppender (LogUtils.java:warn(134)) - af93d71e-9597-43d1-a0d9-fd03e0850daa@group-B594624CFC31->f486f1b0-a775-4c38-857e-a3674efc25f6-AppendLogResponseHandler: Failed appendEntries: org.apache.ratis.thirdparty.io.grpc.StatusRuntimeException: UNAVAILABLE: io exception
2019-10-11 04:55:43,861 [grpc-default-executor-0] INFO  impl.FollowerInfo (FollowerInfo.java:lambda$new$0(51)) - af93d71e-9597-43d1-a0d9-fd03e0850daa@group-B594624CFC31->85dedb5c-0475-48d6-91a5-f8922a1c9690: nextIndex: updateUnconditionally 0 -> 0
2019-10-11 04:55:43,862 [grpc-default-executor-5] INFO  impl.FollowerInfo (FollowerInfo.java:lambda$new$0(51)) - af93d71e-9597-43d1-a0d9-fd03e0850daa@group-B594624CFC31->f486f1b0-a775-4c38-857e-a3674efc25f6: nextIndex: updateUnconditionally 0 -> 0
2019-10-11 04:55:44,105 [grpc-default-executor-2] WARN  server.GrpcLogAppender (LogUtils.java:warn(134)) - af93d71e-9597-43d1-a0d9-fd03e0850daa@group-6EB4CB2E655A->85dedb5c-0475-48d6-91a5-f8922a1c9690-AppendLogResponseHandler: Failed appendEntries: org.apache.ratis.thirdparty.io.grpc.StatusRuntimeException: UNAVAILABLE: io exception
2019-10-11 04:55:44,105 [grpc-default-executor-3] WARN  server.GrpcLogAppender (LogUtils.java:warn(134)) - af93d71e-9597-43d1-a0d9-fd03e0850daa@group-6EB4CB2E655A->f486f1b0-a775-4c38-857e-a3674efc25f6-AppendLogResponseHandler: Failed appendEntries: org.apache.ratis.thirdparty.io.grpc.StatusRuntimeException: UNAVAILABLE: io exception
2019-10-11 04:55:44,106 [grpc-default-executor-2] INFO  impl.FollowerInfo (FollowerInfo.java:lambda$new$0(51)) - af93d71e-9597-43d1-a0d9-fd03e0850daa@group-6EB4CB2E655A->85dedb5c-0475-48d6-91a5-f8922a1c9690: nextIndex: updateUnconditionally 0 -> 0
2019-10-11 04:55:44,106 [grpc-default-executor-3] INFO  impl.FollowerInfo (FollowerInfo.java:lambda$new$0(51)) - af93d71e-9597-43d1-a0d9-fd03e0850daa@group-6EB4CB2E655A->f486f1b0-a775-4c38-857e-a3674efc25f6: nextIndex: updateUnconditionally 0 -> 0
2019-10-11 04:55:44,359 [grpc-default-executor-2] WARN  server.GrpcLogAppender (LogUtils.java:warn(134)) - af93d71e-9597-43d1-a0d9-fd03e0850daa@group-B594624CFC31->85dedb5c-0475-48d6-91a5-f8922a1c9690-AppendLogResponseHandler: Failed appendEntries: org.apache.ratis.thirdparty.io.grpc.StatusRuntimeException: UNAVAILABLE: io exception
2019-10-11 04:55:44,359 [grpc-default-executor-3] WARN  server.GrpcLogAppender (LogUtils.java:warn(134)) - af93d71e-9597-43d1-a0d9-fd03e0850daa@group-B594624CFC31->f486f1b0-a775-4c38-857e-a3674efc25f6-AppendLogResponseHandler: Failed appendEntries: org.apache.ratis.thirdparty.io.grpc.StatusRuntimeException: UNAVAILABLE: io exception
2019-10-11 04:55:44,359 [grpc-default-executor-2] INFO  impl.FollowerInfo (FollowerInfo.java:lambda$new$0(51)) - af93d71e-9597-43d1-a0d9-fd03e0850daa@group-B594624CFC31->85dedb5c-0475-48d6-91a5-f8922a1c9690: nextIndex: updateUnconditionally 0 -> 0
2019-10-11 04:55:44,359 [grpc-default-executor-3] INFO  impl.FollowerInfo (FollowerInfo.java:lambda$new$0(51)) - af93d71e-9597-43d1-a0d9-fd03e0850daa@group-B594624CFC31->f486f1b0-a775-4c38-857e-a3674efc25f6: nextIndex: updateUnconditionally 0 -> 0
2019-10-11 04:55:44,738 [grpc-default-executor-1] WARN  server.GrpcLogAppender (LogUtils.java:warn(134)) - af93d71e-9597-43d1-a0d9-fd03e0850daa@group-6EB4CB2E655A->85dedb5c-0475-48d6-91a5-f8922a1c9690-AppendLogResponseHandler: Failed appendEntries: org.apache.ratis.thirdparty.io.grpc.StatusRuntimeException: UNAVAILABLE: io exception
2019-10-11 04:55:44,738 [grpc-default-executor-5] WARN  server.GrpcLogAppender (LogUtils.java:warn(134)) - af93d71e-9597-43d1-a0d9-fd03e0850daa@group-6EB4CB2E655A->f486f1b0-a775-4c38-857e-a3674efc25f6-AppendLogResponseHandler: Failed appendEntries: org.apache.ratis.thirdparty.io.grpc.StatusRuntimeException: UNAVAILABLE: io exception
2019-10-11 04:55:44,739 [grpc-default-executor-1] INFO  impl.FollowerInfo (FollowerInfo.java:lambda$new$0(51)) - af93d71e-9597-43d1-a0d9-fd03e0850daa@group-6EB4CB2E655A->85dedb5c-0475-48d6-91a5-f8922a1c9690: nextIndex: updateUnconditionally 0 -> 0
2019-10-11 04:55:44,739 [grpc-default-executor-5] INFO  impl.FollowerInfo (FollowerInfo.java:lambda$new$0(51)) - af93d71e-9597-43d1-a0d9-fd03e0850daa@group-6EB4CB2E655A->f486f1b0-a775-4c38-857e-a3674efc25f6: nextIndex: updateUnconditionally 0 -> 0
2019-10-11 04:55:44,860 [grpc-default-executor-2] WARN  server.GrpcLogAppender (LogUtils.java:warn(134)) - af93d71e-9597-43d1-a0d9-fd03e0850daa@group-B594624CFC31->f486f1b0-a775-4c38-857e-a3674efc25f6-AppendLogResponseHandler: Failed appendEntries: org.apache.ratis.thirdparty.io.grpc.StatusRuntimeException: UNAVAILABLE: io exception
2019-10-11 04:55:44,860 [grpc-default-executor-3] WARN  server.GrpcLogAppender (LogUtils.java:warn(134)) - af93d71e-9597-43d1-a0d9-fd03e0850daa@group-B594624CFC31->85dedb5c-0475-48d6-91a5-f8922a1c9690-AppendLogResponseHandler: Failed appendEntries: org.apache.ratis.thirdparty.io.grpc.StatusRuntimeException: UNAVAILABLE: io exception
2019-10-11 04:55:44,860 [grpc-default-executor-2] INFO  impl.FollowerInfo (FollowerInfo.java:lambda$new$0(51)) - af93d71e-9597-43d1-a0d9-fd03e0850daa@group-B594624CFC31->f486f1b0-a775-4c38-857e-a3674efc25f6: nextIndex: updateUnconditionally 0 -> 0
2019-10-11 04:55:44,860 [grpc-default-executor-3] INFO  impl.FollowerInfo (FollowerInfo.java:lambda$new$0(51)) - af93d71e-9597-43d1-a0d9-fd03e0850daa@group-B594624CFC31->85dedb5c-0475-48d6-91a5-f8922a1c9690: nextIndex: updateUnconditionally 0 -> 0
2019-10-11 04:55:45,193 [grpc-default-executor-2] WARN  server.GrpcLogAppender (LogUtils.java:warn(134)) - af93d71e-9597-43d1-a0d9-fd03e0850daa@group-6EB4CB2E655A->85dedb5c-0475-48d6-91a5-f8922a1c9690-AppendLogResponseHandler: Failed appendEntries: org.apache.ratis.thirdparty.io.grpc.StatusRuntimeException: UNAVAILABLE: io exception
2019-10-11 04:55:45,193 [grpc-default-executor-2] INFO  impl.FollowerInfo (FollowerInfo.java:lambda$new$0(51)) - af93d71e-9597-43d1-a0d9-fd03e0850daa@group-6EB4CB2E655A->85dedb5c-0475-48d6-91a5-f8922a1c9690: nextIndex: updateUnconditionally 0 -> 0
2019-10-11 04:55:45,209 [grpc-default-executor-2] WARN  server.GrpcLogAppender (LogUtils.java:warn(134)) - af93d71e-9597-43d1-a0d9-fd03e0850daa@group-6EB4CB2E655A->f486f1b0-a775-4c38-857e-a3674efc25f6-AppendLogResponseHandler: Failed appendEntries: org.apache.ratis.thirdparty.io.grpc.StatusRuntimeException: UNAVAILABLE: io exception
2019-10-11 04:55:45,210 [grpc-default-executor-2] INFO  impl.FollowerInfo (FollowerInfo.java:lambda$new$0(51)) - af93d71e-9597-43d1-a0d9-fd03e0850daa@group-6EB4CB2E655A->f486f1b0-a775-4c38-857e-a3674efc25f6: nextIndex: updateUnconditionally 0 -> 0
2019-10-11 04:55:45,360 [grpc-default-executor-5] WARN  server.GrpcLogAppender (LogUtils.java:warn(134)) - af93d71e-9597-43d1-a0d9-fd03e0850daa@group-B594624CFC31->f486f1b0-a775-4c38-857e-a3674efc25f6-AppendLogResponseHandler: Failed appendEntries: org.apache.ratis.thirdparty.io.grpc.StatusRuntimeException: UNAVAILABLE: io exception
2019-10-11 04:55:45,360 [grpc-default-executor-3] WARN  server.GrpcLogAppender (LogUtils.java:warn(134)) - af93d71e-9597-43d1-a0d9-fd03e0850daa@group-B594624CFC31->85dedb5c-0475-48d6-91a5-f8922a1c9690-AppendLogResponseHandler: Failed appendEntries: org.apache.ratis.thirdparty.io.grpc.StatusRuntimeException: UNAVAILABLE: io exception
2019-10-11 04:55:45,360 [grpc-default-executor-5] INFO  impl.FollowerInfo (FollowerInfo.java:lambda$new$0(51)) - af93d71e-9597-43d1-a0d9-fd03e0850daa@group-B594624CFC31->f486f1b0-a775-4c38-857e-a3674efc25f6: nextIndex: updateUnconditionally 0 -> 0
2019-10-11 04:55:45,361 [grpc-default-executor-3] INFO  impl.FollowerInfo (FollowerInfo.java:lambda$new$0(51)) - af93d71e-9597-43d1-a0d9-fd03e0850daa@group-B594624CFC31->85dedb5c-0475-48d6-91a5-f8922a1c9690: nextIndex: updateUnconditionally 0 -> 0
2019-10-11 04:55:45,693 [grpc-default-executor-3] WARN  server.GrpcLogAppender (LogUtils.java:warn(134)) - af93d71e-9597-43d1-a0d9-fd03e0850daa@group-6EB4CB2E655A->85dedb5c-0475-48d6-91a5-f8922a1c9690-AppendLogResponseHandler: Failed appendEntries: org.apache.ratis.thirdparty.io.grpc.StatusRuntimeException: UNAVAILABLE: io exception
2019-10-11 04:55:45,693 [grpc-default-executor-3] INFO  impl.FollowerInfo (FollowerInfo.java:lambda$new$0(51)) - af93d71e-9597-43d1-a0d9-fd03e0850daa@group-6EB4CB2E655A->85dedb5c-0475-48d6-91a5-f8922a1c9690: nextIndex: updateUnconditionally 0 -> 0
2019-10-11 04:55:45,710 [grpc-default-executor-3] WARN  server.GrpcLogAppender (LogUtils.java:warn(134)) - af93d71e-9597-43d1-a0d9-fd03e0850daa@group-6EB4CB2E655A->f486f1b0-a775-4c38-857e-a3674efc25f6-AppendLogResponseHandler: Failed appendEntries: org.apache.ratis.thirdparty.io.grpc.StatusRuntimeException: UNAVAILABLE: io exception
2019-10-11 04:55:45,710 [grpc-default-executor-3] INFO  impl.FollowerInfo (FollowerInfo.java:lambda$new$0(51)) - af93d71e-9597-43d1-a0d9-fd03e0850daa@group-6EB4CB2E655A->f486f1b0-a775-4c38-857e-a3674efc25f6: nextIndex: updateUnconditionally 0 -> 0
2019-10-11 04:55:45,861 [grpc-default-executor-1] WARN  server.GrpcLogAppender (LogUtils.java:warn(134)) - af93d71e-9597-43d1-a0d9-fd03e0850daa@group-B594624CFC31->f486f1b0-a775-4c38-857e-a3674efc25f6-AppendLogResponseHandler: Failed appendEntries: org.apache.ratis.thirdparty.io.grpc.StatusRuntimeException: UNAVAILABLE: io exception
2019-10-11 04:55:45,861 [grpc-default-executor-2] WARN  server.GrpcLogAppender (LogUtils.java:warn(134)) - af93d71e-9597-43d1-a0d9-fd03e0850daa@group-B594624CFC31->85dedb5c-0475-48d6-91a5-f8922a1c9690-AppendLogResponseHandler: Failed appendEntries: org.apache.ratis.thirdparty.io.grpc.StatusRuntimeException: UNAVAILABLE: io exception
2019-10-11 04:55:45,861 [grpc-default-executor-1] INFO  impl.FollowerInfo (FollowerInfo.java:lambda$new$0(51)) - af93d71e-9597-43d1-a0d9-fd03e0850daa@group-B594624CFC31->f486f1b0-a775-4c38-857e-a3674efc25f6: nextIndex: updateUnconditionally 0 -> 0
2019-10-11 04:55:45,861 [grpc-default-executor-2] INFO  impl.FollowerInfo (FollowerInfo.java:lambda$new$0(51)) - af93d71e-9597-43d1-a0d9-fd03e0850daa@group-B594624CFC31->85dedb5c-0475-48d6-91a5-f8922a1c9690: nextIndex: updateUnconditionally 0 -> 0
2019-10-11 04:55:46,193 [grpc-default-executor-5] WARN  server.GrpcLogAppender (LogUtils.java:warn(134)) - af93d71e-9597-43d1-a0d9-fd03e0850daa@group-6EB4CB2E655A->85dedb5c-0475-48d6-91a5-f8922a1c9690-AppendLogResponseHandler: Failed appendEntries: org.apache.ratis.thirdparty.io.grpc.StatusRuntimeException: UNAVAILABLE: io exception
2019-10-11 04:55:46,194 [grpc-default-executor-5] INFO  impl.FollowerInfo (FollowerInfo.java:lambda$new$0(51)) - af93d71e-9597-43d1-a0d9-fd03e0850daa@group-6EB4CB2E655A->85dedb5c-0475-48d6-91a5-f8922a1c9690: nextIndex: updateUnconditionally 0 -> 0
2019-10-11 04:55:46,210 [grpc-default-executor-1] WARN  server.GrpcLogAppender (LogUtils.java:warn(134)) - af93d71e-9597-43d1-a0d9-fd03e0850daa@group-6EB4CB2E655A->f486f1b0-a775-4c38-857e-a3674efc25f6-AppendLogResponseHandler: Failed appendEntries: org.apache.ratis.thirdparty.io.grpc.StatusRuntimeException: UNAVAILABLE: io exception
2019-10-11 04:55:46,211 [grpc-default-executor-1] INFO  impl.FollowerInfo (FollowerInfo.java:lambda$new$0(51)) - af93d71e-9597-43d1-a0d9-fd03e0850daa@group-6EB4CB2E655A->f486f1b0-a775-4c38-857e-a3674efc25f6: nextIndex: updateUnconditionally 0 -> 0
2019-10-11 04:55:46,361 [grpc-default-executor-2] WARN  server.GrpcLogAppender (LogUtils.java:warn(134)) - af93d71e-9597-43d1-a0d9-fd03e0850daa@group-B594624CFC31->85dedb5c-0475-48d6-91a5-f8922a1c9690-AppendLogResponseHandler: Failed appendEntries: org.apache.ratis.thirdparty.io.grpc.StatusRuntimeException: UNAVAILABLE: io exception
2019-10-11 04:55:46,361 [grpc-default-executor-3] WARN  server.GrpcLogAppender (LogUtils.java:warn(134)) - af93d71e-9597-43d1-a0d9-fd03e0850daa@group-B594624CFC31->f486f1b0-a775-4c38-857e-a3674efc25f6-AppendLogResponseHandler: Failed appendEntries: org.apache.ratis.thirdparty.io.grpc.StatusRuntimeException: UNAVAILABLE: io exception
2019-10-11 04:55:46,361 [grpc-default-executor-2] INFO  impl.FollowerInfo (FollowerInfo.java:lambda$new$0(51)) - af93d71e-9597-43d1-a0d9-fd03e0850daa@group-B594624CFC31->85dedb5c-0475-48d6-91a5-f8922a1c9690: nextIndex: updateUnconditionally 0 -> 0
2019-10-11 04:55:46,361 [grpc-default-executor-3] INFO  impl.FollowerInfo (FollowerInfo.java:lambda$new$0(51)) - af93d71e-9597-43d1-a0d9-fd03e0850daa@group-B594624CFC31->f486f1b0-a775-4c38-857e-a3674efc25f6: nextIndex: updateUnconditionally 0 -> 0
2019-10-11 04:55:46,694 [grpc-default-executor-5] WARN  server.GrpcLogAppender (LogUtils.java:warn(134)) - af93d71e-9597-43d1-a0d9-fd03e0850daa@group-6EB4CB2E655A->85dedb5c-0475-48d6-91a5-f8922a1c9690-AppendLogResponseHandler: Failed appendEntries: org.apache.ratis.thirdparty.io.grpc.StatusRuntimeException: UNAVAILABLE: io exception
2019-10-11 04:55:46,694 [grpc-default-executor-5] INFO  impl.FollowerInfo (FollowerInfo.java:lambda$new$0(51)) - af93d71e-9597-43d1-a0d9-fd03e0850daa@group-6EB4CB2E655A->85dedb5c-0475-48d6-91a5-f8922a1c9690: nextIndex: updateUnconditionally 0 -> 0
2019-10-11 04:55:46,711 [grpc-default-executor-5] WARN  server.GrpcLogAppender (LogUtils.java:warn(134)) - af93d71e-9597-43d1-a0d9-fd03e0850daa@group-6EB4CB2E655A->f486f1b0-a775-4c38-857e-a3674efc25f6-AppendLogResponseHandler: Failed appendEntries: org.apache.ratis.thirdparty.io.grpc.StatusRuntimeException: UNAVAILABLE: io exception
2019-10-11 04:55:46,711 [grpc-default-executor-5] INFO  impl.FollowerInfo (FollowerInfo.java:lambda$new$0(51)) - af93d71e-9597-43d1-a0d9-fd03e0850daa@group-6EB4CB2E655A->f486f1b0-a775-4c38-857e-a3674efc25f6: nextIndex: updateUnconditionally 0 -> 0
2019-10-11 04:55:46,861 [grpc-default-executor-3] WARN  server.GrpcLogAppender (LogUtils.java:warn(134)) - af93d71e-9597-43d1-a0d9-fd03e0850daa@group-B594624CFC31->85dedb5c-0475-48d6-91a5-f8922a1c9690-AppendLogResponseHandler: Failed appendEntries: org.apache.ratis.thirdparty.io.grpc.StatusRuntimeException: UNAVAILABLE: io exception
2019-10-11 04:55:46,861 [grpc-default-executor-5] WARN  server.GrpcLogAppender (LogUtils.java:warn(134)) - af93d71e-9597-43d1-a0d9-fd03e0850daa@group-B594624CFC31->f486f1b0-a775-4c38-857e-a3674efc25f6-AppendLogResponseHandler: Failed appendEntries: org.apache.ratis.thirdparty.io.grpc.StatusRuntimeException: UNAVAILABLE: io exception
2019-10-11 04:55:46,862 [grpc-default-executor-3] INFO  impl.FollowerInfo (FollowerInfo.java:lambda$new$0(51)) - af93d71e-9597-43d1-a0d9-fd03e0850daa@group-B594624CFC31->85dedb5c-0475-48d6-91a5-f8922a1c9690: nextIndex: updateUnconditionally 0 -> 0
2019-10-11 04:55:46,862 [grpc-default-executor-5] INFO  impl.FollowerInfo (FollowerInfo.java:lambda$new$0(51)) - af93d71e-9597-43d1-a0d9-fd03e0850daa@group-B594624CFC31->f486f1b0-a775-4c38-857e-a3674efc25f6: nextIndex: updateUnconditionally 0 -> 0
2019-10-11 04:55:47,194 [grpc-default-executor-2] WARN  server.GrpcLogAppender (LogUtils.java:warn(134)) - af93d71e-9597-43d1-a0d9-fd03e0850daa@group-6EB4CB2E655A->85dedb5c-0475-48d6-91a5-f8922a1c9690-AppendLogResponseHandler: Failed appendEntries: org.apache.ratis.thirdparty.io.grpc.StatusRuntimeException: UNAVAILABLE: io exception
2019-10-11 04:55:47,195 [grpc-default-executor-2] INFO  impl.FollowerInfo (FollowerInfo.java:lambda$new$0(51)) - af93d71e-9597-43d1-a0d9-fd03e0850daa@group-6EB4CB2E655A->85dedb5c-0475-48d6-91a5-f8922a1c9690: nextIndex: updateUnconditionally 0 -> 0
2019-10-11 04:55:47,211 [grpc-default-executor-5] WARN  server.GrpcLogAppender (LogUtils.java:warn(134)) - af93d71e-9597-43d1-a0d9-fd03e0850daa@group-6EB4CB2E655A->f486f1b0-a775-4c38-857e-a3674efc25f6-AppendLogResponseHandler: Failed appendEntries: org.apache.ratis.thirdparty.io.grpc.StatusRuntimeException: UNAVAILABLE: io exception
2019-10-11 04:55:47,212 [grpc-default-executor-5] INFO  impl.FollowerInfo (FollowerInfo.java:lambda$new$0(51)) - af93d71e-9597-43d1-a0d9-fd03e0850daa@group-6EB4CB2E655A->f486f1b0-a775-4c38-857e-a3674efc25f6: nextIndex: updateUnconditionally 0 -> 0
2019-10-11 04:55:47,362 [grpc-default-executor-2] WARN  server.GrpcLogAppender (LogUtils.java:warn(134)) - af93d71e-9597-43d1-a0d9-fd03e0850daa@group-B594624CFC31->f486f1b0-a775-4c38-857e-a3674efc25f6-AppendLogResponseHandler: Failed appendEntries: org.apache.ratis.thirdparty.io.grpc.StatusRuntimeException: UNAVAILABLE: io exception
2019-10-11 04:55:47,362 [grpc-default-executor-5] WARN  server.GrpcLogAppender (LogUtils.java:warn(134)) - af93d71e-9597-43d1-a0d9-fd03e0850daa@group-B594624CFC31->85dedb5c-0475-48d6-91a5-f8922a1c9690-AppendLogResponseHandler: Failed appendEntries: org.apache.ratis.thirdparty.io.grpc.StatusRuntimeException: UNAVAILABLE: io exception
2019-10-11 04:55:47,362 [grpc-default-executor-2] INFO  impl.FollowerInfo (FollowerInfo.java:lambda$new$0(51)) - af93d71e-9597-43d1-a0d9-fd03e0850daa@group-B594624CFC31->f486f1b0-a775-4c38-857e-a3674efc25f6: nextIndex: updateUnconditionally 0 -> 0
2019-10-11 04:55:47,362 [grpc-default-executor-5] INFO  impl.FollowerInfo (FollowerInfo.java:lambda$new$0(51)) - af93d71e-9597-43d1-a0d9-fd03e0850daa@group-B594624CFC31->85dedb5c-0475-48d6-91a5-f8922a1c9690: nextIndex: updateUnconditionally 0 -> 0
2019-10-11 04:55:47,695 [grpc-default-executor-5] WARN  server.GrpcLogAppender (LogUtils.java:warn(134)) - af93d71e-9597-43d1-a0d9-fd03e0850daa@group-6EB4CB2E655A->85dedb5c-0475-48d6-91a5-f8922a1c9690-AppendLogResponseHandler: Failed appendEntries: org.apache.ratis.thirdparty.io.grpc.StatusRuntimeException: UNAVAILABLE: io exception
2019-10-11 04:55:47,695 [grpc-default-executor-5] INFO  impl.FollowerInfo (FollowerInfo.java:lambda$new$0(51)) - af93d71e-9597-43d1-a0d9-fd03e0850daa@group-6EB4CB2E655A->85dedb5c-0475-48d6-91a5-f8922a1c9690: nextIndex: updateUnconditionally 0 -> 0
2019-10-11 04:55:47,711 [grpc-default-executor-3] WARN  server.GrpcLogAppender (LogUtils.java:warn(134)) - af93d71e-9597-43d1-a0d9-fd03e0850daa@group-6EB4CB2E655A->f486f1b0-a775-4c38-857e-a3674efc25f6-AppendLogResponseHandler: Failed appendEntries: org.apache.ratis.thirdparty.io.grpc.StatusRuntimeException: UNAVAILABLE: io exception
2019-10-11 04:55:47,712 [grpc-default-executor-3] INFO  impl.FollowerInfo (FollowerInfo.java:lambda$new$0(51)) - af93d71e-9597-43d1-a0d9-fd03e0850daa@group-6EB4CB2E655A->f486f1b0-a775-4c38-857e-a3674efc25f6: nextIndex: updateUnconditionally 0 -> 0
2019-10-11 04:55:47,864 [grpc-default-executor-5] WARN  server.GrpcLogAppender (LogUtils.java:warn(134)) - af93d71e-9597-43d1-a0d9-fd03e0850daa@group-B594624CFC31->f486f1b0-a775-4c38-857e-a3674efc25f6-AppendLogResponseHandler: Failed appendEntries: org.apache.ratis.thirdparty.io.grpc.StatusRuntimeException: UNAVAILABLE: io exception
2019-10-11 04:55:47,864 [grpc-default-executor-0] WARN  server.GrpcLogAppender (LogUtils.java:warn(134)) - af93d71e-9597-43d1-a0d9-fd03e0850daa@group-B594624CFC31->85dedb5c-0475-48d6-91a5-f8922a1c9690-AppendLogResponseHandler: Failed appendEntries: org.apache.ratis.thirdparty.io.grpc.StatusRuntimeException: UNAVAILABLE: io exception
2019-10-11 04:55:47,879 [grpc-default-executor-5] INFO  impl.FollowerInfo (FollowerInfo.java:lambda$new$0(51)) - af93d71e-9597-43d1-a0d9-fd03e0850daa@group-B594624CFC31->f486f1b0-a775-4c38-857e-a3674efc25f6: nextIndex: updateUnconditionally 0 -> 0
2019-10-11 04:55:47,879 [grpc-default-executor-0] INFO  impl.FollowerInfo (FollowerInfo.java:lambda$new$0(51)) - af93d71e-9597-43d1-a0d9-fd03e0850daa@group-B594624CFC31->85dedb5c-0475-48d6-91a5-f8922a1c9690: nextIndex: updateUnconditionally 0 -> 0
2019-10-11 04:55:48,195 [grpc-default-executor-3] WARN  server.GrpcLogAppender (LogUtils.java:warn(134)) - af93d71e-9597-43d1-a0d9-fd03e0850daa@group-6EB4CB2E655A->85dedb5c-0475-48d6-91a5-f8922a1c9690-AppendLogResponseHandler: Failed appendEntries: org.apache.ratis.thirdparty.io.grpc.StatusRuntimeException: UNAVAILABLE: io exception
2019-10-11 04:55:48,196 [grpc-default-executor-3] INFO  impl.FollowerInfo (FollowerInfo.java:lambda$new$0(51)) - af93d71e-9597-43d1-a0d9-fd03e0850daa@group-6EB4CB2E655A->85dedb5c-0475-48d6-91a5-f8922a1c9690: nextIndex: updateUnconditionally 0 -> 0
2019-10-11 04:55:48,212 [grpc-default-executor-3] WARN  server.GrpcLogAppender (LogUtils.java:warn(134)) - af93d71e-9597-43d1-a0d9-fd03e0850daa@group-6EB4CB2E655A->f486f1b0-a775-4c38-857e-a3674efc25f6-AppendLogResponseHandler: Failed appendEntries: org.apache.ratis.thirdparty.io.grpc.StatusRuntimeException: UNAVAILABLE: io exception
2019-10-11 04:55:48,212 [grpc-default-executor-3] INFO  impl.FollowerInfo (FollowerInfo.java:lambda$new$0(51)) - af93d71e-9597-43d1-a0d9-fd03e0850daa@group-6EB4CB2E655A->f486f1b0-a775-4c38-857e-a3674efc25f6: nextIndex: updateUnconditionally 0 -> 0
2019-10-11 04:55:48,364 [grpc-default-executor-3] WARN  server.GrpcLogAppender (LogUtils.java:warn(134)) - af93d71e-9597-43d1-a0d9-fd03e0850daa@group-B594624CFC31->f486f1b0-a775-4c38-857e-a3674efc25f6-AppendLogResponseHandler: Failed appendEntries: org.apache.ratis.thirdparty.io.grpc.StatusRuntimeException: UNAVAILABLE: io exception
2019-10-11 04:55:48,364 [grpc-default-executor-0] WARN  server.GrpcLogAppender (LogUtils.java:warn(134)) - af93d71e-9597-43d1-a0d9-fd03e0850daa@group-B594624CFC31->85dedb5c-0475-48d6-91a5-f8922a1c9690-AppendLogResponseHandler: Failed appendEntries: org.apache.ratis.thirdparty.io.grpc.StatusRuntimeException: UNAVAILABLE: io exception
2019-10-11 04:55:48,364 [grpc-default-executor-3] INFO  impl.FollowerInfo (FollowerInfo.java:lambda$new$0(51)) - af93d71e-9597-43d1-a0d9-fd03e0850daa@group-B594624CFC31->f486f1b0-a775-4c38-857e-a3674efc25f6: nextIndex: updateUnconditionally 0 -> 0
2019-10-11 04:55:48,364 [grpc-default-executor-0] INFO  impl.FollowerInfo (FollowerInfo.java:lambda$new$0(51)) - af93d71e-9597-43d1-a0d9-fd03e0850daa@group-B594624CFC31->85dedb5c-0475-48d6-91a5-f8922a1c9690: nextIndex: updateUnconditionally 0 -> 0
2019-10-11 04:55:48,696 [grpc-default-executor-0] WARN  server.GrpcLogAppender (LogUtils.java:warn(134)) - af93d71e-9597-43d1-a0d9-fd03e0850daa@group-6EB4CB2E655A->85dedb5c-0475-48d6-91a5-f8922a1c9690-AppendLogResponseHandler: Failed appendEntries: org.apache.ratis.thirdparty.io.grpc.StatusRuntimeException: UNAVAILABLE: io exception
2019-10-11 04:55:48,696 [grpc-default-executor-0] INFO  impl.FollowerInfo (FollowerInfo.java:lambda$new$0(51)) - af93d71e-9597-43d1-a0d9-fd03e0850daa@group-6EB4CB2E655A->85dedb5c-0475-48d6-91a5-f8922a1c9690: nextIndex: updateUnconditionally 0 -> 0
2019-10-11 04:55:48,712 [grpc-default-executor-5] WARN  server.GrpcLogAppender (LogUtils.java:warn(134)) - af93d71e-9597-43d1-a0d9-fd03e0850daa@group-6EB4CB2E655A->f486f1b0-a775-4c38-857e-a3674efc25f6-AppendLogResponseHandler: Failed appendEntries: org.apache.ratis.thirdparty.io.grpc.StatusRuntimeException: UNAVAILABLE: io exception
2019-10-11 04:55:48,713 [grpc-default-executor-5] INFO  impl.FollowerInfo (FollowerInfo.java:lambda$new$0(51)) - af93d71e-9597-43d1-a0d9-fd03e0850daa@group-6EB4CB2E655A->f486f1b0-a775-4c38-857e-a3674efc25f6: nextIndex: updateUnconditionally 0 -> 0
2019-10-11 04:55:48,864 [grpc-default-executor-1] WARN  server.GrpcLogAppender (LogUtils.java:warn(134)) - af93d71e-9597-43d1-a0d9-fd03e0850daa@group-B594624CFC31->85dedb5c-0475-48d6-91a5-f8922a1c9690-AppendLogResponseHandler: Failed appendEntries: org.apache.ratis.thirdparty.io.grpc.StatusRuntimeException: UNAVAILABLE: io exception
2019-10-11 04:55:48,864 [grpc-default-executor-0] WARN  server.GrpcLogAppender (LogUtils.java:warn(134)) - af93d71e-9597-43d1-a0d9-fd03e0850daa@group-B594624CFC31->f486f1b0-a775-4c38-857e-a3674efc25f6-AppendLogResponseHandler: Failed appendEntries: org.apache.ratis.thirdparty.io.grpc.StatusRuntimeException: UNAVAILABLE: io exception
2019-10-11 04:55:48,864 [grpc-default-executor-1] INFO  impl.FollowerInfo (FollowerInfo.java:lambda$new$0(51)) - af93d71e-9597-43d1-a0d9-fd03e0850daa@group-B594624CFC31->85dedb5c-0475-48d6-91a5-f8922a1c9690: nextIndex: updateUnconditionally 0 -> 0
2019-10-11 04:55:48,865 [grpc-default-executor-0] INFO  impl.FollowerInfo (FollowerInfo.java:lambda$new$0(51)) - af93d71e-9597-43d1-a0d9-fd03e0850daa@group-B594624CFC31->f486f1b0-a775-4c38-857e-a3674efc25f6: nextIndex: updateUnconditionally 0 -> 0
2019-10-11 04:55:49,196 [grpc-default-executor-3] WARN  server.GrpcLogAppender (LogUtils.java:warn(134)) - af93d71e-9597-43d1-a0d9-fd03e0850daa@group-6EB4CB2E655A->85dedb5c-0475-48d6-91a5-f8922a1c9690-AppendLogResponseHandler: Failed appendEntries: org.apache.ratis.thirdparty.io.grpc.StatusRuntimeException: UNAVAILABLE: io exception
2019-10-11 04:55:49,197 [grpc-default-executor-3] INFO  impl.FollowerInfo (FollowerInfo.java:lambda$new$0(51)) - af93d71e-9597-43d1-a0d9-fd03e0850daa@group-6EB4CB2E655A->85dedb5c-0475-48d6-91a5-f8922a1c9690: nextIndex: updateUnconditionally 0 -> 0
2019-10-11 04:55:49,213 [grpc-default-executor-3] WARN  server.GrpcLogAppender (LogUtils.java:warn(134)) - af93d71e-9597-43d1-a0d9-fd03e0850daa@group-6EB4CB2E655A->f486f1b0-a775-4c38-857e-a3674efc25f6-AppendLogResponseHandler: Failed appendEntries: org.apache.ratis.thirdparty.io.grpc.StatusRuntimeException: UNAVAILABLE: io exception
2019-10-11 04:55:49,213 [grpc-default-executor-3] INFO  impl.FollowerInfo (FollowerInfo.java:lambda$new$0(51)) - af93d71e-9597-43d1-a0d9-fd03e0850daa@group-6EB4CB2E655A->f486f1b0-a775-4c38-857e-a3674efc25f6: nextIndex: updateUnconditionally 0 -> 0
2019-10-11 04:55:49,365 [grpc-default-executor-1] WARN  server.GrpcLogAppender (LogUtils.java:warn(134)) - af93d71e-9597-43d1-a0d9-fd03e0850daa@group-B594624CFC31->f486f1b0-a775-4c38-857e-a3674efc25f6-AppendLogResponseHandler: Failed appendEntries: org.apache.ratis.thirdparty.io.grpc.StatusRuntimeException: UNAVAILABLE: io exception
2019-10-11 04:55:49,365 [grpc-default-executor-5] WARN  server.GrpcLogAppender (LogUtils.java:warn(134)) - af93d71e-9597-43d1-a0d9-fd03e0850daa@group-B594624CFC31->85dedb5c-0475-48d6-91a5-f8922a1c9690-AppendLogResponseHandler: Failed appendEntries: org.apache.ratis.thirdparty.io.grpc.StatusRuntimeException: UNAVAILABLE: io exception
2019-10-11 04:55:49,365 [grpc-default-executor-1] INFO  impl.FollowerInfo (FollowerInfo.java:lambda$new$0(51)) - af93d71e-9597-43d1-a0d9-fd03e0850daa@group-B594624CFC31->f486f1b0-a775-4c38-857e-a3674efc25f6: nextIndex: updateUnconditionally 0 -> 0
2019-10-11 04:55:49,365 [grpc-default-executor-5] INFO  impl.FollowerInfo (FollowerInfo.java:lambda$new$0(51)) - af93d71e-9597-43d1-a0d9-fd03e0850daa@group-B594624CFC31->85dedb5c-0475-48d6-91a5-f8922a1c9690: nextIndex: updateUnconditionally 0 -> 0
2019-10-11 04:55:49,702 [grpc-default-executor-0] WARN  server.GrpcLogAppender (LogUtils.java:warn(134)) - af93d71e-9597-43d1-a0d9-fd03e0850daa@group-6EB4CB2E655A->85dedb5c-0475-48d6-91a5-f8922a1c9690-AppendLogResponseHandler: Failed appendEntries: org.apache.ratis.thirdparty.io.grpc.StatusRuntimeException: UNAVAILABLE: io exception
2019-10-11 04:55:49,703 [grpc-default-executor-0] INFO  impl.FollowerInfo (FollowerInfo.java:lambda$new$0(51)) - af93d71e-9597-43d1-a0d9-fd03e0850daa@group-6EB4CB2E655A->85dedb5c-0475-48d6-91a5-f8922a1c9690: nextIndex: updateUnconditionally 0 -> 0
2019-10-11 04:55:49,713 [grpc-default-executor-1] WARN  server.GrpcLogAppender (LogUtils.java:warn(134)) - af93d71e-9597-43d1-a0d9-fd03e0850daa@group-6EB4CB2E655A->f486f1b0-a775-4c38-857e-a3674efc25f6-AppendLogResponseHandler: Failed appendEntries: org.apache.ratis.thirdparty.io.grpc.StatusRuntimeException: UNAVAILABLE: io exception
2019-10-11 04:55:49,713 [grpc-default-executor-1] INFO  impl.FollowerInfo (FollowerInfo.java:lambda$new$0(51)) - af93d71e-9597-43d1-a0d9-fd03e0850daa@group-6EB4CB2E655A->f486f1b0-a775-4c38-857e-a3674efc25f6: nextIndex: updateUnconditionally 0 -> 0
2019-10-11 04:55:49,865 [grpc-default-executor-5] WARN  server.GrpcLogAppender (LogUtils.java:warn(134)) - af93d71e-9597-43d1-a0d9-fd03e0850daa@group-B594624CFC31->f486f1b0-a775-4c38-857e-a3674efc25f6-AppendLogResponseHandler: Failed appendEntries: org.apache.ratis.thirdparty.io.grpc.StatusRuntimeException: UNAVAILABLE: io exception
2019-10-11 04:55:49,866 [grpc-default-executor-3] WARN  server.GrpcLogAppender (LogUtils.java:warn(134)) - af93d71e-9597-43d1-a0d9-fd03e0850daa@group-B594624CFC31->85dedb5c-0475-48d6-91a5-f8922a1c9690-AppendLogResponseHandler: Failed appendEntries: org.apache.ratis.thirdparty.io.grpc.StatusRuntimeException: UNAVAILABLE: io exception
2019-10-11 04:55:49,866 [grpc-default-executor-5] INFO  impl.FollowerInfo (FollowerInfo.java:lambda$new$0(51)) - af93d71e-9597-43d1-a0d9-fd03e0850daa@group-B594624CFC31->f486f1b0-a775-4c38-857e-a3674efc25f6: nextIndex: updateUnconditionally 0 -> 0
2019-10-11 04:55:49,866 [grpc-default-executor-3] INFO  impl.FollowerInfo (FollowerInfo.java:lambda$new$0(51)) - af93d71e-9597-43d1-a0d9-fd03e0850daa@group-B594624CFC31->85dedb5c-0475-48d6-91a5-f8922a1c9690: nextIndex: updateUnconditionally 0 -> 0
2019-10-11 04:55:50,200 [grpc-default-executor-0] WARN  server.GrpcLogAppender (LogUtils.java:warn(134)) - af93d71e-9597-43d1-a0d9-fd03e0850daa@group-6EB4CB2E655A->85dedb5c-0475-48d6-91a5-f8922a1c9690-AppendLogResponseHandler: Failed appendEntries: org.apache.ratis.thirdparty.io.grpc.StatusRuntimeException: UNAVAILABLE: io exception
2019-10-11 04:55:50,201 [grpc-default-executor-0] INFO  impl.FollowerInfo (FollowerInfo.java:lambda$new$0(51)) - af93d71e-9597-43d1-a0d9-fd03e0850daa@group-6EB4CB2E655A->85dedb5c-0475-48d6-91a5-f8922a1c9690: nextIndex: updateUnconditionally 0 -> 0
2019-10-11 04:55:50,213 [grpc-default-executor-3] WARN  server.GrpcLogAppender (LogUtils.java:warn(134)) - af93d71e-9597-43d1-a0d9-fd03e0850daa@group-6EB4CB2E655A->f486f1b0-a775-4c38-857e-a3674efc25f6-AppendLogResponseHandler: Failed appendEntries: org.apache.ratis.thirdparty.io.grpc.StatusRuntimeException: UNAVAILABLE: io exception
2019-10-11 04:55:50,214 [grpc-default-executor-3] INFO  impl.FollowerInfo (FollowerInfo.java:lambda$new$0(51)) - af93d71e-9597-43d1-a0d9-fd03e0850daa@group-6EB4CB2E655A->f486f1b0-a775-4c38-857e-a3674efc25f6: nextIndex: updateUnconditionally 0 -> 0
2019-10-11 04:55:50,366 [grpc-default-executor-5] WARN  server.GrpcLogAppender (LogUtils.java:warn(134)) - af93d71e-9597-43d1-a0d9-fd03e0850daa@group-B594624CFC31->85dedb5c-0475-48d6-91a5-f8922a1c9690-AppendLogResponseHandler: Failed appendEntries: org.apache.ratis.thirdparty.io.grpc.StatusRuntimeException: UNAVAILABLE: io exception
2019-10-11 04:55:50,366 [grpc-default-executor-1] WARN  server.GrpcLogAppender (LogUtils.java:warn(134)) - af93d71e-9597-43d1-a0d9-fd03e0850daa@group-B594624CFC31->f486f1b0-a775-4c38-857e-a3674efc25f6-AppendLogResponseHandler: Failed appendEntries: org.apache.ratis.thirdparty.io.grpc.StatusRuntimeException: UNAVAILABLE: io exception
2019-10-11 04:55:50,366 [grpc-default-executor-5] INFO  impl.FollowerInfo (FollowerInfo.java:lambda$new$0(51)) - af93d71e-9597-43d1-a0d9-fd03e0850daa@group-B594624CFC31->85dedb5c-0475-48d6-91a5-f8922a1c9690: nextIndex: updateUnconditionally 0 -> 0
2019-10-11 04:55:50,366 [grpc-default-executor-1] INFO  impl.FollowerInfo (FollowerInfo.java:lambda$new$0(51)) - af93d71e-9597-43d1-a0d9-fd03e0850daa@group-B594624CFC31->f486f1b0-a775-4c38-857e-a3674efc25f6: nextIndex: updateUnconditionally 0 -> 0
2019-10-11 04:55:50,700 [grpc-default-executor-1] WARN  server.GrpcLogAppender (LogUtils.java:warn(134)) - af93d71e-9597-43d1-a0d9-fd03e0850daa@group-6EB4CB2E655A->85dedb5c-0475-48d6-91a5-f8922a1c9690-AppendLogResponseHandler: Failed appendEntries: org.apache.ratis.thirdparty.io.grpc.StatusRuntimeException: UNAVAILABLE: io exception
2019-10-11 04:55:50,701 [grpc-default-executor-1] INFO  impl.FollowerInfo (FollowerInfo.java:lambda$new$0(51)) - af93d71e-9597-43d1-a0d9-fd03e0850daa@group-6EB4CB2E655A->85dedb5c-0475-48d6-91a5-f8922a1c9690: nextIndex: updateUnconditionally 0 -> 0
2019-10-11 04:55:50,714 [grpc-default-executor-1] WARN  server.GrpcLogAppender (LogUtils.java:warn(134)) - af93d71e-9597-43d1-a0d9-fd03e0850daa@group-6EB4CB2E655A->f486f1b0-a775-4c38-857e-a3674efc25f6-AppendLogResponseHandler: Failed appendEntries: org.apache.ratis.thirdparty.io.grpc.StatusRuntimeException: UNAVAILABLE: io exception
2019-10-11 04:55:50,714 [grpc-default-executor-1] INFO  impl.FollowerInfo (FollowerInfo.java:lambda$new$0(51)) - af93d71e-9597-43d1-a0d9-fd03e0850daa@group-6EB4CB2E655A->f486f1b0-a775-4c38-857e-a3674efc25f6: nextIndex: updateUnconditionally 0 -> 0
2019-10-11 04:55:50,867 [grpc-default-executor-2] WARN  server.GrpcLogAppender (LogUtils.java:warn(134)) - af93d71e-9597-43d1-a0d9-fd03e0850daa@group-B594624CFC31->f486f1b0-a775-4c38-857e-a3674efc25f6-AppendLogResponseHandler: Failed appendEntries: org.apache.ratis.thirdparty.io.grpc.StatusRuntimeException: UNAVAILABLE: io exception
2019-10-11 04:55:50,867 [grpc-default-executor-1] WARN  server.GrpcLogAppender (LogUtils.java:warn(134)) - af93d71e-9597-43d1-a0d9-fd03e0850daa@group-B594624CFC31->85dedb5c-0475-48d6-91a5-f8922a1c9690-AppendLogResponseHandler: Failed appendEntries: org.apache.ratis.thirdparty.io.grpc.StatusRuntimeException: UNAVAILABLE: io exception
2019-10-11 04:55:50,867 [grpc-default-executor-2] INFO  impl.FollowerInfo (FollowerInfo.java:lambda$new$0(51)) - af93d71e-9597-43d1-a0d9-fd03e0850daa@group-B594624CFC31->f486f1b0-a775-4c38-857e-a3674efc25f6: nextIndex: updateUnconditionally 0 -> 0
2019-10-11 04:55:50,868 [grpc-default-executor-1] INFO  impl.FollowerInfo (FollowerInfo.java:lambda$new$0(51)) - af93d71e-9597-43d1-a0d9-fd03e0850daa@group-B594624CFC31->85dedb5c-0475-48d6-91a5-f8922a1c9690: nextIndex: updateUnconditionally 0 -> 0
2019-10-11 04:55:51,202 [grpc-default-executor-1] WARN  server.GrpcLogAppender (LogUtils.java:warn(134)) - af93d71e-9597-43d1-a0d9-fd03e0850daa@group-6EB4CB2E655A->85dedb5c-0475-48d6-91a5-f8922a1c9690-AppendLogResponseHandler: Failed appendEntries: org.apache.ratis.thirdparty.io.grpc.StatusRuntimeException: UNAVAILABLE: io exception
2019-10-11 04:55:51,203 [grpc-default-executor-1] INFO  impl.FollowerInfo (FollowerInfo.java:lambda$new$0(51)) - af93d71e-9597-43d1-a0d9-fd03e0850daa@group-6EB4CB2E655A->85dedb5c-0475-48d6-91a5-f8922a1c9690: nextIndex: updateUnconditionally 0 -> 0
2019-10-11 04:55:51,214 [grpc-default-executor-2] WARN  server.GrpcLogAppender (LogUtils.java:warn(134)) - af93d71e-9597-43d1-a0d9-fd03e0850daa@group-6EB4CB2E655A->f486f1b0-a775-4c38-857e-a3674efc25f6-AppendLogResponseHandler: Failed appendEntries: org.apache.ratis.thirdparty.io.grpc.StatusRuntimeException: UNAVAILABLE: io exception
2019-10-11 04:55:51,215 [grpc-default-executor-2] INFO  impl.FollowerInfo (FollowerInfo.java:lambda$new$0(51)) - af93d71e-9597-43d1-a0d9-fd03e0850daa@group-6EB4CB2E655A->f486f1b0-a775-4c38-857e-a3674efc25f6: nextIndex: updateUnconditionally 0 -> 0
2019-10-11 04:55:51,367 [grpc-default-executor-1] WARN  server.GrpcLogAppender (LogUtils.java:warn(134)) - af93d71e-9597-43d1-a0d9-fd03e0850daa@group-B594624CFC31->85dedb5c-0475-48d6-91a5-f8922a1c9690-AppendLogResponseHandler: Failed appendEntries: org.apache.ratis.thirdparty.io.grpc.StatusRuntimeException: UNAVAILABLE: io exception
2019-10-11 04:55:51,367 [grpc-default-executor-5] WARN  server.GrpcLogAppender (LogUtils.java:warn(134)) - af93d71e-9597-43d1-a0d9-fd03e0850daa@group-B594624CFC31->f486f1b0-a775-4c38-857e-a3674efc25f6-AppendLogResponseHandler: Failed appendEntries: org.apache.ratis.thirdparty.io.grpc.StatusRuntimeException: UNAVAILABLE: io exception
2019-10-11 04:55:51,368 [grpc-default-executor-1] INFO  impl.FollowerInfo (FollowerInfo.java:lambda$new$0(51)) - af93d71e-9597-43d1-a0d9-fd03e0850daa@group-B594624CFC31->85dedb5c-0475-48d6-91a5-f8922a1c9690: nextIndex: updateUnconditionally 0 -> 0
2019-10-11 04:55:51,368 [grpc-default-executor-5] INFO  impl.FollowerInfo (FollowerInfo.java:lambda$new$0(51)) - af93d71e-9597-43d1-a0d9-fd03e0850daa@group-B594624CFC31->f486f1b0-a775-4c38-857e-a3674efc25f6: nextIndex: updateUnconditionally 0 -> 0
2019-10-11 04:55:51,703 [grpc-default-executor-3] WARN  server.GrpcLogAppender (LogUtils.java:warn(134)) - af93d71e-9597-43d1-a0d9-fd03e0850daa@group-6EB4CB2E655A->85dedb5c-0475-48d6-91a5-f8922a1c9690-AppendLogResponseHandler: Failed appendEntries: org.apache.ratis.thirdparty.io.grpc.StatusRuntimeException: UNAVAILABLE: io exception
2019-10-11 04:55:51,704 [grpc-default-executor-3] INFO  impl.FollowerInfo (FollowerInfo.java:lambda$new$0(51)) - af93d71e-9597-43d1-a0d9-fd03e0850daa@group-6EB4CB2E655A->85dedb5c-0475-48d6-91a5-f8922a1c9690: nextIndex: updateUnconditionally 0 -> 0
2019-10-11 04:55:51,715 [grpc-default-executor-1] WARN  server.GrpcLogAppender (LogUtils.java:warn(134)) - af93d71e-9597-43d1-a0d9-fd03e0850daa@group-6EB4CB2E655A->f486f1b0-a775-4c38-857e-a3674efc25f6-AppendLogResponseHandler: Failed appendEntries: org.apache.ratis.thirdparty.io.grpc.StatusRuntimeException: UNAVAILABLE: io exception
2019-10-11 04:55:51,715 [grpc-default-executor-1] INFO  impl.FollowerInfo (FollowerInfo.java:lambda$new$0(51)) - af93d71e-9597-43d1-a0d9-fd03e0850daa@group-6EB4CB2E655A->f486f1b0-a775-4c38-857e-a3674efc25f6: nextIndex: updateUnconditionally 0 -> 0
2019-10-11 04:55:51,871 [grpc-default-executor-3] WARN  server.GrpcLogAppender (LogUtils.java:warn(134)) - af93d71e-9597-43d1-a0d9-fd03e0850daa@group-B594624CFC31->85dedb5c-0475-48d6-91a5-f8922a1c9690-AppendLogResponseHandler: Failed appendEntries: org.apache.ratis.thirdparty.io.grpc.StatusRuntimeException: UNAVAILABLE: io exception
2019-10-11 04:55:51,871 [grpc-default-executor-2] WARN  server.GrpcLogAppender (LogUtils.java:warn(134)) - af93d71e-9597-43d1-a0d9-fd03e0850daa@group-B594624CFC31->f486f1b0-a775-4c38-857e-a3674efc25f6-AppendLogResponseHandler: Failed appendEntries: org.apache.ratis.thirdparty.io.grpc.StatusRuntimeException: UNAVAILABLE: io exception
2019-10-11 04:55:51,872 [grpc-default-executor-3] INFO  impl.FollowerInfo (FollowerInfo.java:lambda$new$0(51)) - af93d71e-9597-43d1-a0d9-fd03e0850daa@group-B594624CFC31->85dedb5c-0475-48d6-91a5-f8922a1c9690: nextIndex: updateUnconditionally 0 -> 0
2019-10-11 04:55:51,872 [grpc-default-executor-2] INFO  impl.FollowerInfo (FollowerInfo.java:lambda$new$0(51)) - af93d71e-9597-43d1-a0d9-fd03e0850daa@group-B594624CFC31->f486f1b0-a775-4c38-857e-a3674efc25f6: nextIndex: updateUnconditionally 0 -> 0
2019-10-11 04:55:52,204 [grpc-default-executor-2] WARN  server.GrpcLogAppender (LogUtils.java:warn(134)) - af93d71e-9597-43d1-a0d9-fd03e0850daa@group-6EB4CB2E655A->85dedb5c-0475-48d6-91a5-f8922a1c9690-AppendLogResponseHandler: Failed appendEntries: org.apache.ratis.thirdparty.io.grpc.StatusRuntimeException: UNAVAILABLE: io exception
2019-10-11 04:55:52,204 [grpc-default-executor-2] INFO  impl.FollowerInfo (FollowerInfo.java:lambda$new$0(51)) - af93d71e-9597-43d1-a0d9-fd03e0850daa@group-6EB4CB2E655A->85dedb5c-0475-48d6-91a5-f8922a1c9690: nextIndex: updateUnconditionally 0 -> 0
2019-10-11 04:55:52,215 [grpc-default-executor-1] WARN  server.GrpcLogAppender (LogUtils.java:warn(134)) - af93d71e-9597-43d1-a0d9-fd03e0850daa@group-6EB4CB2E655A->f486f1b0-a775-4c38-857e-a3674efc25f6-AppendLogResponseHandler: Failed appendEntries: org.apache.ratis.thirdparty.io.grpc.StatusRuntimeException: UNAVAILABLE: io exception
2019-10-11 04:55:52,215 [grpc-default-executor-1] INFO  impl.FollowerInfo (FollowerInfo.java:lambda$new$0(51)) - af93d71e-9597-43d1-a0d9-fd03e0850daa@group-6EB4CB2E655A->f486f1b0-a775-4c38-857e-a3674efc25f6: nextIndex: updateUnconditionally 0 -> 0
2019-10-11 04:55:52,370 [grpc-default-executor-2] WARN  server.GrpcLogAppender (LogUtils.java:warn(134)) - af93d71e-9597-43d1-a0d9-fd03e0850daa@group-B594624CFC31->f486f1b0-a775-4c38-857e-a3674efc25f6-AppendLogResponseHandler: Failed appendEntries: org.apache.ratis.thirdparty.io.grpc.StatusRuntimeException: UNAVAILABLE: io exception
2019-10-11 04:55:52,370 [grpc-default-executor-5] WARN  server.GrpcLogAppender (LogUtils.java:warn(134)) - af93d71e-9597-43d1-a0d9-fd03e0850daa@group-B594624CFC31->85dedb5c-0475-48d6-91a5-f8922a1c9690-AppendLogResponseHandler: Failed appendEntries: org.apache.ratis.thirdparty.io.grpc.StatusRuntimeException: UNAVAILABLE: io exception
2019-10-11 04:55:52,371 [grpc-default-executor-2] INFO  impl.FollowerInfo (FollowerInfo.java:lambda$new$0(51)) - af93d71e-9597-43d1-a0d9-fd03e0850daa@group-B594624CFC31->f486f1b0-a775-4c38-857e-a3674efc25f6: nextIndex: updateUnconditionally 0 -> 0
2019-10-11 04:55:52,371 [grpc-default-executor-5] INFO  impl.FollowerInfo (FollowerInfo.java:lambda$new$0(51)) - af93d71e-9597-43d1-a0d9-fd03e0850daa@group-B594624CFC31->85dedb5c-0475-48d6-91a5-f8922a1c9690: nextIndex: updateUnconditionally 0 -> 0
2019-10-11 04:55:52,704 [grpc-default-executor-1] WARN  server.GrpcLogAppender (LogUtils.java:warn(134)) - af93d71e-9597-43d1-a0d9-fd03e0850daa@group-6EB4CB2E655A->85dedb5c-0475-48d6-91a5-f8922a1c9690-AppendLogResponseHandler: Failed appendEntries: org.apache.ratis.thirdparty.io.grpc.StatusRuntimeException: UNAVAILABLE: io exception
2019-10-11 04:55:52,705 [grpc-default-executor-1] INFO  impl.FollowerInfo (FollowerInfo.java:lambda$new$0(51)) - af93d71e-9597-43d1-a0d9-fd03e0850daa@group-6EB4CB2E655A->85dedb5c-0475-48d6-91a5-f8922a1c9690: nextIndex: updateUnconditionally 0 -> 0
2019-10-11 04:55:52,716 [grpc-default-executor-2] WARN  server.GrpcLogAppender (LogUtils.java:warn(134)) - af93d71e-9597-43d1-a0d9-fd03e0850daa@group-6EB4CB2E655A->f486f1b0-a775-4c38-857e-a3674efc25f6-AppendLogResponseHandler: Failed appendEntries: org.apache.ratis.thirdparty.io.grpc.StatusRuntimeException: UNAVAILABLE: io exception
2019-10-11 04:55:52,716 [grpc-default-executor-2] INFO  impl.FollowerInfo (FollowerInfo.java:lambda$new$0(51)) - af93d71e-9597-43d1-a0d9-fd03e0850daa@group-6EB4CB2E655A->f486f1b0-a775-4c38-857e-a3674efc25f6: nextIndex: updateUnconditionally 0 -> 0
2019-10-11 04:55:52,871 [grpc-default-executor-1] WARN  server.GrpcLogAppender (LogUtils.java:warn(134)) - af93d71e-9597-43d1-a0d9-fd03e0850daa@group-B594624CFC31->85dedb5c-0475-48d6-91a5-f8922a1c9690-AppendLogResponseHandler: Failed appendEntries: org.apache.ratis.thirdparty.io.grpc.StatusRuntimeException: UNAVAILABLE: io exception
2019-10-11 04:55:52,871 [grpc-default-executor-5] WARN  server.GrpcLogAppender (LogUtils.java:warn(134)) - af93d71e-9597-43d1-a0d9-fd03e0850daa@group-B594624CFC31->f486f1b0-a775-4c38-857e-a3674efc25f6-AppendLogResponseHandler: Failed appendEntries: org.apache.ratis.thirdparty.io.grpc.StatusRuntimeException: UNAVAILABLE: io exception
2019-10-11 04:55:52,871 [grpc-default-executor-1] INFO  impl.FollowerInfo (FollowerInfo.java:lambda$new$0(51)) - af93d71e-9597-43d1-a0d9-fd03e0850daa@group-B594624CFC31->85dedb5c-0475-48d6-91a5-f8922a1c9690: nextIndex: updateUnconditionally 0 -> 0
2019-10-11 04:55:52,872 [grpc-default-executor-5] INFO  impl.FollowerInfo (FollowerInfo.java:lambda$new$0(51)) - af93d71e-9597-43d1-a0d9-fd03e0850daa@group-B594624CFC31->f486f1b0-a775-4c38-857e-a3674efc25f6: nextIndex: updateUnconditionally 0 -> 0
2019-10-11 04:55:53,205 [grpc-default-executor-5] WARN  server.GrpcLogAppender (LogUtils.java:warn(134)) - af93d71e-9597-43d1-a0d9-fd03e0850daa@group-6EB4CB2E655A->85dedb5c-0475-48d6-91a5-f8922a1c9690-AppendLogResponseHandler: Failed appendEntries: org.apache.ratis.thirdparty.io.grpc.StatusRuntimeException: UNAVAILABLE: io exception
2019-10-11 04:55:53,205 [grpc-default-executor-5] INFO  impl.FollowerInfo (FollowerInfo.java:lambda$new$0(51)) - af93d71e-9597-43d1-a0d9-fd03e0850daa@group-6EB4CB2E655A->85dedb5c-0475-48d6-91a5-f8922a1c9690: nextIndex: updateUnconditionally 0 -> 0
2019-10-11 04:55:53,216 [grpc-default-executor-3] WARN  server.GrpcLogAppender (LogUtils.java:warn(134)) - af93d71e-9597-43d1-a0d9-fd03e0850daa@group-6EB4CB2E655A->f486f1b0-a775-4c38-857e-a3674efc25f6-AppendLogResponseHandler: Failed appendEntries: org.apache.ratis.thirdparty.io.grpc.StatusRuntimeException: UNAVAILABLE: io exception
2019-10-11 04:55:53,216 [grpc-default-executor-3] INFO  impl.FollowerInfo (FollowerInfo.java:lambda$new$0(51)) - af93d71e-9597-43d1-a0d9-fd03e0850daa@group-6EB4CB2E655A->f486f1b0-a775-4c38-857e-a3674efc25f6: nextIndex: updateUnconditionally 0 -> 0
2019-10-11 04:55:53,371 [grpc-default-executor-5] WARN  server.GrpcLogAppender (LogUtils.java:warn(134)) - af93d71e-9597-43d1-a0d9-fd03e0850daa@group-B594624CFC31->f486f1b0-a775-4c38-857e-a3674efc25f6-AppendLogResponseHandler: Failed appendEntries: org.apache.ratis.thirdparty.io.grpc.StatusRuntimeException: UNAVAILABLE: io exception
2019-10-11 04:55:53,371 [grpc-default-executor-3] WARN  server.GrpcLogAppender (LogUtils.java:warn(134)) - af93d71e-9597-43d1-a0d9-fd03e0850daa@group-B594624CFC31->85dedb5c-0475-48d6-91a5-f8922a1c9690-AppendLogResponseHandler: Failed appendEntries: org.apache.ratis.thirdparty.io.grpc.StatusRuntimeException: UNAVAILABLE: io exception
2019-10-11 04:55:53,372 [grpc-default-executor-5] INFO  impl.FollowerInfo (FollowerInfo.java:lambda$new$0(51)) - af93d71e-9597-43d1-a0d9-fd03e0850daa@group-B594624CFC31->f486f1b0-a775-4c38-857e-a3674efc25f6: nextIndex: updateUnconditionally 0 -> 0
2019-10-11 04:55:53,372 [grpc-default-executor-3] INFO  impl.FollowerInfo (FollowerInfo.java:lambda$new$0(51)) - af93d71e-9597-43d1-a0d9-fd03e0850daa@group-B594624CFC31->85dedb5c-0475-48d6-91a5-f8922a1c9690: nextIndex: updateUnconditionally 0 -> 0
2019-10-11 04:55:53,705 [grpc-default-executor-1] WARN  server.GrpcLogAppender (LogUtils.java:warn(134)) - af93d71e-9597-43d1-a0d9-fd03e0850daa@group-6EB4CB2E655A->85dedb5c-0475-48d6-91a5-f8922a1c9690-AppendLogResponseHandler: Failed appendEntries: org.apache.ratis.thirdparty.io.grpc.StatusRuntimeException: UNAVAILABLE: io exception
2019-10-11 04:55:53,705 [grpc-default-executor-1] INFO  impl.FollowerInfo (FollowerInfo.java:lambda$new$0(51)) - af93d71e-9597-43d1-a0d9-fd03e0850daa@group-6EB4CB2E655A->85dedb5c-0475-48d6-91a5-f8922a1c9690: nextIndex: updateUnconditionally 0 -> 0
2019-10-11 04:55:53,717 [grpc-default-executor-5] WARN  server.GrpcLogAppender (LogUtils.java:warn(134)) - af93d71e-9597-43d1-a0d9-fd03e0850daa@group-6EB4CB2E655A->f486f1b0-a775-4c38-857e-a3674efc25f6-AppendLogResponseHandler: Failed appendEntries: org.apache.ratis.thirdparty.io.grpc.StatusRuntimeException: UNAVAILABLE: io exception
2019-10-11 04:55:53,717 [grpc-default-executor-5] INFO  impl.FollowerInfo (FollowerInfo.java:lambda$new$0(51)) - af93d71e-9597-43d1-a0d9-fd03e0850daa@group-6EB4CB2E655A->f486f1b0-a775-4c38-857e-a3674efc25f6: nextIndex: updateUnconditionally 0 -> 0
2019-10-11 04:55:53,872 [grpc-default-executor-0] WARN  server.GrpcLogAppender (LogUtils.java:warn(134)) - af93d71e-9597-43d1-a0d9-fd03e0850daa@group-B594624CFC31->f486f1b0-a775-4c38-857e-a3674efc25f6-AppendLogResponseHandler: Failed appendEntries: org.apache.ratis.thirdparty.io.grpc.StatusRuntimeException: UNAVAILABLE: io exception
2019-10-11 04:55:53,872 [grpc-default-executor-5] WARN  server.GrpcLogAppender (LogUtils.java:warn(134)) - af93d71e-9597-43d1-a0d9-fd03e0850daa@group-B594624CFC31->85dedb5c-0475-48d6-91a5-f8922a1c9690-AppendLogResponseHandler: Failed appendEntries: org.apache.ratis.thirdparty.io.grpc.StatusRuntimeException: UNAVAILABLE: io exception
2019-10-11 04:55:53,872 [grpc-default-executor-0] INFO  impl.FollowerInfo (FollowerInfo.java:lambda$new$0(51)) - af93d71e-9597-43d1-a0d9-fd03e0850daa@group-B594624CFC31->f486f1b0-a775-4c38-857e-a3674efc25f6: nextIndex: updateUnconditionally 0 -> 0
2019-10-11 04:55:53,873 [grpc-default-executor-5] INFO  impl.FollowerInfo (FollowerInfo.java:lambda$new$0(51)) - af93d71e-9597-43d1-a0d9-fd03e0850daa@group-B594624CFC31->85dedb5c-0475-48d6-91a5-f8922a1c9690: nextIndex: updateUnconditionally 0 -> 0
2019-10-11 04:55:54,205 [grpc-default-executor-1] WARN  server.GrpcLogAppender (LogUtils.java:warn(134)) - af93d71e-9597-43d1-a0d9-fd03e0850daa@group-6EB4CB2E655A->85dedb5c-0475-48d6-91a5-f8922a1c9690-AppendLogResponseHandler: Failed appendEntries: org.apache.ratis.thirdparty.io.grpc.StatusRuntimeException: UNAVAILABLE: io exception
2019-10-11 04:55:54,205 [grpc-default-executor-1] INFO  impl.FollowerInfo (FollowerInfo.java:lambda$new$0(51)) - af93d71e-9597-43d1-a0d9-fd03e0850daa@group-6EB4CB2E655A->85dedb5c-0475-48d6-91a5-f8922a1c9690: nextIndex: updateUnconditionally 0 -> 0
2019-10-11 04:55:54,217 [grpc-default-executor-1] WARN  server.GrpcLogAppender (LogUtils.java:warn(134)) - af93d71e-9597-43d1-a0d9-fd03e0850daa@group-6EB4CB2E655A->f486f1b0-a775-4c38-857e-a3674efc25f6-AppendLogResponseHandler: Failed appendEntries: org.apache.ratis.thirdparty.io.grpc.StatusRuntimeException: UNAVAILABLE: io exception
2019-10-11 04:55:54,217 [grpc-default-executor-1] INFO  impl.FollowerInfo (FollowerInfo.java:lambda$new$0(51)) - af93d71e-9597-43d1-a0d9-fd03e0850daa@group-6EB4CB2E655A->f486f1b0-a775-4c38-857e-a3674efc25f6: nextIndex: updateUnconditionally 0 -> 0
2019-10-11 04:55:54,372 [grpc-default-executor-0] WARN  server.GrpcLogAppender (LogUtils.java:warn(134)) - af93d71e-9597-43d1-a0d9-fd03e0850daa@group-B594624CFC31->85dedb5c-0475-48d6-91a5-f8922a1c9690-AppendLogResponseHandler: Failed appendEntries: org.apache.ratis.thirdparty.io.grpc.StatusRuntimeException: UNAVAILABLE: io exception
2019-10-11 04:55:54,372 [grpc-default-executor-0] INFO  impl.FollowerInfo (FollowerInfo.java:lambda$new$0(51)) - af93d71e-9597-43d1-a0d9-fd03e0850daa@group-B594624CFC31->85dedb5c-0475-48d6-91a5-f8922a1c9690: nextIndex: updateUnconditionally 0 -> 0
2019-10-11 04:55:54,372 [grpc-default-executor-3] WARN  server.GrpcLogAppender (LogUtils.java:warn(134)) - af93d71e-9597-43d1-a0d9-fd03e0850daa@group-B594624CFC31->f486f1b0-a775-4c38-857e-a3674efc25f6-AppendLogResponseHandler: Failed appendEntries: org.apache.ratis.thirdparty.io.grpc.StatusRuntimeException: UNAVAILABLE: io exception
2019-10-11 04:55:54,373 [grpc-default-executor-3] INFO  impl.FollowerInfo (FollowerInfo.java:lambda$new$0(51)) - af93d71e-9597-43d1-a0d9-fd03e0850daa@group-B594624CFC31->f486f1b0-a775-4c38-857e-a3674efc25f6: nextIndex: updateUnconditionally 0 -> 0
2019-10-11 04:55:54,706 [grpc-default-executor-5] WARN  server.GrpcLogAppender (LogUtils.java:warn(134)) - af93d71e-9597-43d1-a0d9-fd03e0850daa@group-6EB4CB2E655A->85dedb5c-0475-48d6-91a5-f8922a1c9690-AppendLogResponseHandler: Failed appendEntries: org.apache.ratis.thirdparty.io.grpc.StatusRuntimeException: UNAVAILABLE: io exception
2019-10-11 04:55:54,707 [grpc-default-executor-5] INFO  impl.FollowerInfo (FollowerInfo.java:lambda$new$0(51)) - af93d71e-9597-43d1-a0d9-fd03e0850daa@group-6EB4CB2E655A->85dedb5c-0475-48d6-91a5-f8922a1c9690: nextIndex: updateUnconditionally 0 -> 0
2019-10-11 04:55:54,718 [grpc-default-executor-3] WARN  server.GrpcLogAppender (LogUtils.java:warn(134)) - af93d71e-9597-43d1-a0d9-fd03e0850daa@group-6EB4CB2E655A->f486f1b0-a775-4c38-857e-a3674efc25f6-AppendLogResponseHandler: Failed appendEntries: org.apache.ratis.thirdparty.io.grpc.StatusRuntimeException: UNAVAILABLE: io exception
2019-10-11 04:55:54,718 [grpc-default-executor-3] INFO  impl.FollowerInfo (FollowerInfo.java:lambda$new$0(51)) - af93d71e-9597-43d1-a0d9-fd03e0850daa@group-6EB4CB2E655A->f486f1b0-a775-4c38-857e-a3674efc25f6: nextIndex: updateUnconditionally 0 -> 0
2019-10-11 04:55:54,872 [grpc-default-executor-2] WARN  server.GrpcLogAppender (LogUtils.java:warn(134)) - af93d71e-9597-43d1-a0d9-fd03e0850daa@group-B594624CFC31->85dedb5c-0475-48d6-91a5-f8922a1c9690-AppendLogResponseHandler: Failed appendEntries: org.apache.ratis.thirdparty.io.grpc.StatusRuntimeException: UNAVAILABLE: io exception
2019-10-11 04:55:54,872 [grpc-default-executor-5] WARN  server.GrpcLogAppender (LogUtils.java:warn(134)) - af93d71e-9597-43d1-a0d9-fd03e0850daa@group-B594624CFC31->f486f1b0-a775-4c38-857e-a3674efc25f6-AppendLogResponseHandler: Failed appendEntries: org.apache.ratis.thirdparty.io.grpc.StatusRuntimeException: UNAVAILABLE: io exception
2019-10-11 04:55:54,873 [grpc-default-executor-2] INFO  impl.FollowerInfo (FollowerInfo.java:lambda$new$0(51)) - af93d71e-9597-43d1-a0d9-fd03e0850daa@group-B594624CFC31->85dedb5c-0475-48d6-91a5-f8922a1c9690: nextIndex: updateUnconditionally 0 -> 0
2019-10-11 04:55:54,873 [grpc-default-executor-5] INFO  impl.FollowerInfo (FollowerInfo.java:lambda$new$0(51)) - af93d71e-9597-43d1-a0d9-fd03e0850daa@group-B594624CFC31->f486f1b0-a775-4c38-857e-a3674efc25f6: nextIndex: updateUnconditionally 0 -> 0
2019-10-11 04:55:55,207 [grpc-default-executor-5] WARN  server.GrpcLogAppender (LogUtils.java:warn(134)) - af93d71e-9597-43d1-a0d9-fd03e0850daa@group-6EB4CB2E655A->85dedb5c-0475-48d6-91a5-f8922a1c9690-AppendLogResponseHandler: Failed appendEntries: org.apache.ratis.thirdparty.io.grpc.StatusRuntimeException: UNAVAILABLE: io exception
2019-10-11 04:55:55,207 [grpc-default-executor-5] INFO  impl.FollowerInfo (FollowerInfo.java:lambda$new$0(51)) - af93d71e-9597-43d1-a0d9-fd03e0850daa@group-6EB4CB2E655A->85dedb5c-0475-48d6-91a5-f8922a1c9690: nextIndex: updateUnconditionally 0 -> 0
2019-10-11 04:55:55,218 [grpc-default-executor-5] WARN  server.GrpcLogAppender (LogUtils.java:warn(134)) - af93d71e-9597-43d1-a0d9-fd03e0850daa@group-6EB4CB2E655A->f486f1b0-a775-4c38-857e-a3674efc25f6-AppendLogResponseHandler: Failed appendEntries: org.apache.ratis.thirdparty.io.grpc.StatusRuntimeException: UNAVAILABLE: io exception
2019-10-11 04:55:55,218 [grpc-default-executor-5] INFO  impl.FollowerInfo (FollowerInfo.java:lambda$new$0(51)) - af93d71e-9597-43d1-a0d9-fd03e0850daa@group-6EB4CB2E655A->f486f1b0-a775-4c38-857e-a3674efc25f6: nextIndex: updateUnconditionally 0 -> 0
2019-10-11 04:55:55,373 [grpc-default-executor-3] WARN  server.GrpcLogAppender (LogUtils.java:warn(134)) - af93d71e-9597-43d1-a0d9-fd03e0850daa@group-B594624CFC31->85dedb5c-0475-48d6-91a5-f8922a1c9690-AppendLogResponseHandler: Failed appendEntries: org.apache.ratis.thirdparty.io.grpc.StatusRuntimeException: UNAVAILABLE: io exception
2019-10-11 04:55:55,373 [grpc-default-executor-1] WARN  server.GrpcLogAppender (LogUtils.java:warn(134)) - af93d71e-9597-43d1-a0d9-fd03e0850daa@group-B594624CFC31->f486f1b0-a775-4c38-857e-a3674efc25f6-AppendLogResponseHandler: Failed appendEntries: org.apache.ratis.thirdparty.io.grpc.StatusRuntimeException: UNAVAILABLE: io exception
2019-10-11 04:55:55,373 [grpc-default-executor-3] INFO  impl.FollowerInfo (FollowerInfo.java:lambda$new$0(51)) - af93d71e-9597-43d1-a0d9-fd03e0850daa@group-B594624CFC31->85dedb5c-0475-48d6-91a5-f8922a1c9690: nextIndex: updateUnconditionally 0 -> 0
2019-10-11 04:55:55,373 [grpc-default-executor-1] INFO  impl.FollowerInfo (FollowerInfo.java:lambda$new$0(51)) - af93d71e-9597-43d1-a0d9-fd03e0850daa@group-B594624CFC31->f486f1b0-a775-4c38-857e-a3674efc25f6: nextIndex: updateUnconditionally 0 -> 0
2019-10-11 04:55:55,708 [grpc-default-executor-2] WARN  server.GrpcLogAppender (LogUtils.java:warn(134)) - af93d71e-9597-43d1-a0d9-fd03e0850daa@group-6EB4CB2E655A->85dedb5c-0475-48d6-91a5-f8922a1c9690-AppendLogResponseHandler: Failed appendEntries: org.apache.ratis.thirdparty.io.grpc.StatusRuntimeException: UNAVAILABLE: io exception
2019-10-11 04:55:55,708 [grpc-default-executor-2] INFO  impl.FollowerInfo (FollowerInfo.java:lambda$new$0(51)) - af93d71e-9597-43d1-a0d9-fd03e0850daa@group-6EB4CB2E655A->85dedb5c-0475-48d6-91a5-f8922a1c9690: nextIndex: updateUnconditionally 0 -> 0
2019-10-11 04:55:55,718 [grpc-default-executor-3] WARN  server.GrpcLogAppender (LogUtils.java:warn(134)) - af93d71e-9597-43d1-a0d9-fd03e0850daa@group-6EB4CB2E655A->f486f1b0-a775-4c38-857e-a3674efc25f6-AppendLogResponseHandler: Failed appendEntries: org.apache.ratis.thirdparty.io.grpc.StatusRuntimeException: UNAVAILABLE: io exception
2019-10-11 04:55:55,719 [grpc-default-executor-3] INFO  impl.FollowerInfo (FollowerInfo.java:lambda$new$0(51)) - af93d71e-9597-43d1-a0d9-fd03e0850daa@group-6EB4CB2E655A->f486f1b0-a775-4c38-857e-a3674efc25f6: nextIndex: updateUnconditionally 0 -> 0
2019-10-11 04:55:55,873 [grpc-default-executor-1] WARN  server.GrpcLogAppender (LogUtils.java:warn(134)) - af93d71e-9597-43d1-a0d9-fd03e0850daa@group-B594624CFC31->f486f1b0-a775-4c38-857e-a3674efc25f6-AppendLogResponseHandler: Failed appendEntries: org.apache.ratis.thirdparty.io.grpc.StatusRuntimeException: UNAVAILABLE: io exception
2019-10-11 04:55:55,873 [grpc-default-executor-5] WARN  server.GrpcLogAppender (LogUtils.java:warn(134)) - af93d71e-9597-43d1-a0d9-fd03e0850daa@group-B594624CFC31->85dedb5c-0475-48d6-91a5-f8922a1c9690-AppendLogResponseHandler: Failed appendEntries: org.apache.ratis.thirdparty.io.grpc.StatusRuntimeException: UNAVAILABLE: io exception
2019-10-11 04:55:55,874 [grpc-default-executor-1] INFO  impl.FollowerInfo (FollowerInfo.java:lambda$new$0(51)) - af93d71e-9597-43d1-a0d9-fd03e0850daa@group-B594624CFC31->f486f1b0-a775-4c38-857e-a3674efc25f6: nextIndex: updateUnconditionally 0 -> 0
2019-10-11 04:55:55,874 [grpc-default-executor-5] INFO  impl.FollowerInfo (FollowerInfo.java:lambda$new$0(51)) - af93d71e-9597-43d1-a0d9-fd03e0850daa@group-B594624CFC31->85dedb5c-0475-48d6-91a5-f8922a1c9690: nextIndex: updateUnconditionally 0 -> 0
2019-10-11 04:55:56,208 [grpc-default-executor-3] WARN  server.GrpcLogAppender (LogUtils.java:warn(134)) - af93d71e-9597-43d1-a0d9-fd03e0850daa@group-6EB4CB2E655A->85dedb5c-0475-48d6-91a5-f8922a1c9690-AppendLogResponseHandler: Failed appendEntries: org.apache.ratis.thirdparty.io.grpc.StatusRuntimeException: UNAVAILABLE: io exception
2019-10-11 04:55:56,208 [grpc-default-executor-3] INFO  impl.FollowerInfo (FollowerInfo.java:lambda$new$0(51)) - af93d71e-9597-43d1-a0d9-fd03e0850daa@group-6EB4CB2E655A->85dedb5c-0475-48d6-91a5-f8922a1c9690: nextIndex: updateUnconditionally 0 -> 0
2019-10-11 04:55:56,220 [grpc-default-executor-3] WARN  server.GrpcLogAppender (LogUtils.java:warn(134)) - af93d71e-9597-43d1-a0d9-fd03e0850daa@group-6EB4CB2E655A->f486f1b0-a775-4c38-857e-a3674efc25f6-AppendLogResponseHandler: Failed appendEntries: org.apache.ratis.thirdparty.io.grpc.StatusRuntimeException: UNAVAILABLE: io exception
2019-10-11 04:55:56,221 [grpc-default-executor-3] INFO  impl.FollowerInfo (FollowerInfo.java:lambda$new$0(51)) - af93d71e-9597-43d1-a0d9-fd03e0850daa@group-6EB4CB2E655A->f486f1b0-a775-4c38-857e-a3674efc25f6: nextIndex: updateUnconditionally 0 -> 0
2019-10-11 04:55:56,373 [grpc-default-executor-1] WARN  server.GrpcLogAppender (LogUtils.java:warn(134)) - af93d71e-9597-43d1-a0d9-fd03e0850daa@group-B594624CFC31->85dedb5c-0475-48d6-91a5-f8922a1c9690-AppendLogResponseHandler: Failed appendEntries: org.apache.ratis.thirdparty.io.grpc.StatusRuntimeException: UNAVAILABLE: io exception
2019-10-11 04:55:56,374 [grpc-default-executor-2] WARN  server.GrpcLogAppender (LogUtils.java:warn(134)) - af93d71e-9597-43d1-a0d9-fd03e0850daa@group-B594624CFC31->f486f1b0-a775-4c38-857e-a3674efc25f6-AppendLogResponseHandler: Failed appendEntries: org.apache.ratis.thirdparty.io.grpc.StatusRuntimeException: UNAVAILABLE: io exception
2019-10-11 04:55:56,374 [grpc-default-executor-1] INFO  impl.FollowerInfo (FollowerInfo.java:lambda$new$0(51)) - af93d71e-9597-43d1-a0d9-fd03e0850daa@group-B594624CFC31->85dedb5c-0475-48d6-91a5-f8922a1c9690: nextIndex: updateUnconditionally 0 -> 0
2019-10-11 04:55:56,374 [grpc-default-executor-2] INFO  impl.FollowerInfo (FollowerInfo.java:lambda$new$0(51)) - af93d71e-9597-43d1-a0d9-fd03e0850daa@group-B594624CFC31->f486f1b0-a775-4c38-857e-a3674efc25f6: nextIndex: updateUnconditionally 0 -> 0
2019-10-11 04:55:56,710 [grpc-default-executor-2] WARN  server.GrpcLogAppender (LogUtils.java:warn(134)) - af93d71e-9597-43d1-a0d9-fd03e0850daa@group-6EB4CB2E655A->85dedb5c-0475-48d6-91a5-f8922a1c9690-AppendLogResponseHandler: Failed appendEntries: org.apache.ratis.thirdparty.io.grpc.StatusRuntimeException: UNAVAILABLE: io exception
2019-10-11 04:55:56,711 [grpc-default-executor-2] INFO  impl.FollowerInfo (FollowerInfo.java:lambda$new$0(51)) - af93d71e-9597-43d1-a0d9-fd03e0850daa@group-6EB4CB2E655A->85dedb5c-0475-48d6-91a5-f8922a1c9690: nextIndex: updateUnconditionally 0 -> 0
2019-10-11 04:55:56,720 [grpc-default-executor-5] WARN  server.GrpcLogAppender (LogUtils.java:warn(134)) - af93d71e-9597-43d1-a0d9-fd03e0850daa@group-6EB4CB2E655A->f486f1b0-a775-4c38-857e-a3674efc25f6-AppendLogResponseHandler: Failed appendEntries: org.apache.ratis.thirdparty.io.grpc.StatusRuntimeException: UNAVAILABLE: io exception
2019-10-11 04:55:56,720 [grpc-default-executor-5] INFO  impl.FollowerInfo (FollowerInfo.java:lambda$new$0(51)) - af93d71e-9597-43d1-a0d9-fd03e0850daa@group-6EB4CB2E655A->f486f1b0-a775-4c38-857e-a3674efc25f6: nextIndex: updateUnconditionally 0 -> 0
2019-10-11 04:55:56,874 [grpc-default-executor-5] WARN  server.GrpcLogAppender (LogUtils.java:warn(134)) - af93d71e-9597-43d1-a0d9-fd03e0850daa@group-B594624CFC31->f486f1b0-a775-4c38-857e-a3674efc25f6-AppendLogResponseHandler: Failed appendEntries: org.apache.ratis.thirdparty.io.grpc.StatusRuntimeException: UNAVAILABLE: io exception
2019-10-11 04:55:56,874 [grpc-default-executor-3] WARN  server.GrpcLogAppender (LogUtils.java:warn(134)) - af93d71e-9597-43d1-a0d9-fd03e0850daa@group-B594624CFC31->85dedb5c-0475-48d6-91a5-f8922a1c9690-AppendLogResponseHandler: Failed appendEntries: org.apache.ratis.thirdparty.io.grpc.StatusRuntimeException: UNAVAILABLE: io exception
2019-10-11 04:55:56,874 [grpc-default-executor-5] INFO  impl.FollowerInfo (FollowerInfo.java:lambda$new$0(51)) - af93d71e-9597-43d1-a0d9-fd03e0850daa@group-B594624CFC31->f486f1b0-a775-4c38-857e-a3674efc25f6: nextIndex: updateUnconditionally 0 -> 0
2019-10-11 04:55:56,874 [grpc-default-executor-3] INFO  impl.FollowerInfo (FollowerInfo.java:lambda$new$0(51)) - af93d71e-9597-43d1-a0d9-fd03e0850daa@group-B594624CFC31->85dedb5c-0475-48d6-91a5-f8922a1c9690: nextIndex: updateUnconditionally 0 -> 0
2019-10-11 04:55:57,213 [grpc-default-executor-3] WARN  server.GrpcLogAppender (LogUtils.java:warn(134)) - af93d71e-9597-43d1-a0d9-fd03e0850daa@group-6EB4CB2E655A->85dedb5c-0475-48d6-91a5-f8922a1c9690-AppendLogResponseHandler: Failed appendEntries: org.apache.ratis.thirdparty.io.grpc.StatusRuntimeException: UNAVAILABLE: io exception
2019-10-11 04:55:57,214 [grpc-default-executor-3] INFO  impl.FollowerInfo (FollowerInfo.java:lambda$new$0(51)) - af93d71e-9597-43d1-a0d9-fd03e0850daa@group-6EB4CB2E655A->85dedb5c-0475-48d6-91a5-f8922a1c9690: nextIndex: updateUnconditionally 0 -> 0
2019-10-11 04:55:57,221 [grpc-default-executor-3] WARN  server.GrpcLogAppender (LogUtils.java:warn(134)) - af93d71e-9597-43d1-a0d9-fd03e0850daa@group-6EB4CB2E655A->f486f1b0-a775-4c38-857e-a3674efc25f6-AppendLogResponseHandler: Failed appendEntries: org.apache.ratis.thirdparty.io.grpc.StatusRuntimeException: UNAVAILABLE: io exception
2019-10-11 04:55:57,221 [grpc-default-executor-3] INFO  impl.FollowerInfo (FollowerInfo.java:lambda$new$0(51)) - af93d71e-9597-43d1-a0d9-fd03e0850daa@group-6EB4CB2E655A->f486f1b0-a775-4c38-857e-a3674efc25f6: nextIndex: updateUnconditionally 0 -> 0
2019-10-11 04:55:57,375 [grpc-default-executor-3] WARN  server.GrpcLogAppender (LogUtils.java:warn(134)) - af93d71e-9597-43d1-a0d9-fd03e0850daa@group-B594624CFC31->85dedb5c-0475-48d6-91a5-f8922a1c9690-AppendLogResponseHandler: Failed appendEntries: org.apache.ratis.thirdparty.io.grpc.StatusRuntimeException: UNAVAILABLE: io exception
2019-10-11 04:55:57,375 [grpc-default-executor-2] WARN  server.GrpcLogAppender (LogUtils.java:warn(134)) - af93d71e-9597-43d1-a0d9-fd03e0850daa@group-B594624CFC31->f486f1b0-a775-4c38-857e-a3674efc25f6-AppendLogResponseHandler: Failed appendEntries: org.apache.ratis.thirdparty.io.grpc.StatusRuntimeException: UNAVAILABLE: io exception
2019-10-11 04:55:57,375 [grpc-default-executor-3] INFO  impl.FollowerInfo (FollowerInfo.java:lambda$new$0(51)) - af93d71e-9597-43d1-a0d9-fd03e0850daa@group-B594624CFC31->85dedb5c-0475-48d6-91a5-f8922a1c9690: nextIndex: updateUnconditionally 0 -> 0
2019-10-11 04:55:57,375 [grpc-default-executor-2] INFO  impl.FollowerInfo (FollowerInfo.java:lambda$new$0(51)) - af93d71e-9597-43d1-a0d9-fd03e0850daa@group-B594624CFC31->f486f1b0-a775-4c38-857e-a3674efc25f6: nextIndex: updateUnconditionally 0 -> 0
2019-10-11 04:55:57,712 [grpc-default-executor-2] WARN  server.GrpcLogAppender (LogUtils.java:warn(134)) - af93d71e-9597-43d1-a0d9-fd03e0850daa@group-6EB4CB2E655A->85dedb5c-0475-48d6-91a5-f8922a1c9690-AppendLogResponseHandler: Failed appendEntries: org.apache.ratis.thirdparty.io.grpc.StatusRuntimeException: UNAVAILABLE: io exception
2019-10-11 04:55:57,712 [grpc-default-executor-2] INFO  impl.FollowerInfo (FollowerInfo.java:lambda$new$0(51)) - af93d71e-9597-43d1-a0d9-fd03e0850daa@group-6EB4CB2E655A->85dedb5c-0475-48d6-91a5-f8922a1c9690: nextIndex: updateUnconditionally 0 -> 0
2019-10-11 04:55:57,721 [grpc-default-executor-2] WARN  server.GrpcLogAppender (LogUtils.java:warn(134)) - af93d71e-9597-43d1-a0d9-fd03e0850daa@group-6EB4CB2E655A->f486f1b0-a775-4c38-857e-a3674efc25f6-AppendLogResponseHandler: Failed appendEntries: org.apache.ratis.thirdparty.io.grpc.StatusRuntimeException: UNAVAILABLE: io exception
2019-10-11 04:55:57,721 [grpc-default-executor-2] INFO  impl.FollowerInfo (FollowerInfo.java:lambda$new$0(51)) - af93d71e-9597-43d1-a0d9-fd03e0850daa@group-6EB4CB2E655A->f486f1b0-a775-4c38-857e-a3674efc25f6: nextIndex: updateUnconditionally 0 -> 0
2019-10-11 04:55:57,875 [grpc-default-executor-5] WARN  server.GrpcLogAppender (LogUtils.java:warn(134)) - af93d71e-9597-43d1-a0d9-fd03e0850daa@group-B594624CFC31->85dedb5c-0475-48d6-91a5-f8922a1c9690-AppendLogResponseHandler: Failed appendEntries: org.apache.ratis.thirdparty.io.grpc.StatusRuntimeException: UNAVAILABLE: io exception
2019-10-11 04:55:57,875 [grpc-default-executor-5] INFO  impl.FollowerInfo (FollowerInfo.java:lambda$new$0(51)) - af93d71e-9597-43d1-a0d9-fd03e0850daa@group-B594624CFC31->85dedb5c-0475-48d6-91a5-f8922a1c9690: nextIndex: updateUnconditionally 0 -> 0
2019-10-11 04:55:57,875 [grpc-default-executor-1] WARN  server.GrpcLogAppender (LogUtils.java:warn(134)) - af93d71e-9597-43d1-a0d9-fd03e0850daa@group-B594624CFC31->f486f1b0-a775-4c38-857e-a3674efc25f6-AppendLogResponseHandler: Failed appendEntries: org.apache.ratis.thirdparty.io.grpc.StatusRuntimeException: UNAVAILABLE: io exception
2019-10-11 04:55:57,876 [grpc-default-executor-1] INFO  impl.FollowerInfo (FollowerInfo.java:lambda$new$0(51)) - af93d71e-9597-43d1-a0d9-fd03e0850daa@group-B594624CFC31->f486f1b0-a775-4c38-857e-a3674efc25f6: nextIndex: updateUnconditionally 0 -> 0
2019-10-11 04:55:58,213 [grpc-default-executor-1] WARN  server.GrpcLogAppender (LogUtils.java:warn(134)) - af93d71e-9597-43d1-a0d9-fd03e0850daa@group-6EB4CB2E655A->85dedb5c-0475-48d6-91a5-f8922a1c9690-AppendLogResponseHandler: Failed appendEntries: org.apache.ratis.thirdparty.io.grpc.StatusRuntimeException: UNAVAILABLE: io exception
2019-10-11 04:55:58,213 [grpc-default-executor-1] INFO  impl.FollowerInfo (FollowerInfo.java:lambda$new$0(51)) - af93d71e-9597-43d1-a0d9-fd03e0850daa@group-6EB4CB2E655A->85dedb5c-0475-48d6-91a5-f8922a1c9690: nextIndex: updateUnconditionally 0 -> 0
2019-10-11 04:55:58,222 [grpc-default-executor-3] WARN  server.GrpcLogAppender (LogUtils.java:warn(134)) - af93d71e-9597-43d1-a0d9-fd03e0850daa@group-6EB4CB2E655A->f486f1b0-a775-4c38-857e-a3674efc25f6-AppendLogResponseHandler: Failed appendEntries: org.apache.ratis.thirdparty.io.grpc.StatusRuntimeException: UNAVAILABLE: io exception
2019-10-11 04:55:58,222 [grpc-default-executor-3] INFO  impl.FollowerInfo (FollowerInfo.java:lambda$new$0(51)) - af93d71e-9597-43d1-a0d9-fd03e0850daa@group-6EB4CB2E655A->f486f1b0-a775-4c38-857e-a3674efc25f6: nextIndex: updateUnconditionally 0 -> 0
2019-10-11 04:55:58,376 [grpc-default-executor-3] WARN  server.GrpcLogAppender (LogUtils.java:warn(134)) - af93d71e-9597-43d1-a0d9-fd03e0850daa@group-B594624CFC31->f486f1b0-a775-4c38-857e-a3674efc25f6-AppendLogResponseHandler: Failed appendEntries: org.apache.ratis.thirdparty.io.grpc.StatusRuntimeException: UNAVAILABLE: io exception
2019-10-11 04:55:58,376 [grpc-default-executor-0] WARN  server.GrpcLogAppender (LogUtils.java:warn(134)) - af93d71e-9597-43d1-a0d9-fd03e0850daa@group-B594624CFC31->85dedb5c-0475-48d6-91a5-f8922a1c9690-AppendLogResponseHandler: Failed appendEntries: org.apache.ratis.thirdparty.io.grpc.StatusRuntimeException: UNAVAILABLE: io exception
2019-10-11 04:55:58,376 [grpc-default-executor-3] INFO  impl.FollowerInfo (FollowerInfo.java:lambda$new$0(51)) - af93d71e-9597-43d1-a0d9-fd03e0850daa@group-B594624CFC31->f486f1b0-a775-4c38-857e-a3674efc25f6: nextIndex: updateUnconditionally 0 -> 0
2019-10-11 04:55:58,376 [grpc-default-executor-0] INFO  impl.FollowerInfo (FollowerInfo.java:lambda$new$0(51)) - af93d71e-9597-43d1-a0d9-fd03e0850daa@group-B594624CFC31->85dedb5c-0475-48d6-91a5-f8922a1c9690: nextIndex: updateUnconditionally 0 -> 0
2019-10-11 04:55:58,713 [grpc-default-executor-0] WARN  server.GrpcLogAppender (LogUtils.java:warn(134)) - af93d71e-9597-43d1-a0d9-fd03e0850daa@group-6EB4CB2E655A->85dedb5c-0475-48d6-91a5-f8922a1c9690-AppendLogResponseHandler: Failed appendEntries: org.apache.ratis.thirdparty.io.grpc.StatusRuntimeException: UNAVAILABLE: io exception
2019-10-11 04:55:58,713 [grpc-default-executor-0] INFO  impl.FollowerInfo (FollowerInfo.java:lambda$new$0(51)) - af93d71e-9597-43d1-a0d9-fd03e0850daa@group-6EB4CB2E655A->85dedb5c-0475-48d6-91a5-f8922a1c9690: nextIndex: updateUnconditionally 0 -> 0
2019-10-11 04:55:58,722 [grpc-default-executor-0] WARN  server.GrpcLogAppender (LogUtils.java:warn(134)) - af93d71e-9597-43d1-a0d9-fd03e0850daa@group-6EB4CB2E655A->f486f1b0-a775-4c38-857e-a3674efc25f6-AppendLogResponseHandler: Failed appendEntries: org.apache.ratis.thirdparty.io.grpc.StatusRuntimeException: UNAVAILABLE: io exception
2019-10-11 04:55:58,722 [grpc-default-executor-0] INFO  impl.FollowerInfo (FollowerInfo.java:lambda$new$0(51)) - af93d71e-9597-43d1-a0d9-fd03e0850daa@group-6EB4CB2E655A->f486f1b0-a775-4c38-857e-a3674efc25f6: nextIndex: updateUnconditionally 0 -> 0
2019-10-11 04:55:58,876 [grpc-default-executor-5] WARN  server.GrpcLogAppender (LogUtils.java:warn(134)) - af93d71e-9597-43d1-a0d9-fd03e0850daa@group-B594624CFC31->f486f1b0-a775-4c38-857e-a3674efc25f6-AppendLogResponseHandler: Failed appendEntries: org.apache.ratis.thirdparty.io.grpc.StatusRuntimeException: UNAVAILABLE: io exception
2019-10-11 04:55:58,876 [grpc-default-executor-5] INFO  impl.FollowerInfo (FollowerInfo.java:lambda$new$0(51)) - af93d71e-9597-43d1-a0d9-fd03e0850daa@group-B594624CFC31->f486f1b0-a775-4c38-857e-a3674efc25f6: nextIndex: updateUnconditionally 0 -> 0
2019-10-11 04:55:58,876 [grpc-default-executor-2] WARN  server.GrpcLogAppender (LogUtils.java:warn(134)) - af93d71e-9597-43d1-a0d9-fd03e0850daa@group-B594624CFC31->85dedb5c-0475-48d6-91a5-f8922a1c9690-AppendLogResponseHandler: Failed appendEntries: org.apache.ratis.thirdparty.io.grpc.StatusRuntimeException: UNAVAILABLE: io exception
2019-10-11 04:55:58,877 [grpc-default-executor-2] INFO  impl.FollowerInfo (FollowerInfo.java:lambda$new$0(51)) - af93d71e-9597-43d1-a0d9-fd03e0850daa@group-B594624CFC31->85dedb5c-0475-48d6-91a5-f8922a1c9690: nextIndex: updateUnconditionally 0 -> 0
2019-10-11 04:55:59,214 [grpc-default-executor-2] WARN  server.GrpcLogAppender (LogUtils.java:warn(134)) - af93d71e-9597-43d1-a0d9-fd03e0850daa@group-6EB4CB2E655A->85dedb5c-0475-48d6-91a5-f8922a1c9690-AppendLogResponseHandler: Failed appendEntries: org.apache.ratis.thirdparty.io.grpc.StatusRuntimeException: UNAVAILABLE: io exception
2019-10-11 04:55:59,215 [grpc-default-executor-2] INFO  impl.FollowerInfo (FollowerInfo.java:lambda$new$0(51)) - af93d71e-9597-43d1-a0d9-fd03e0850daa@group-6EB4CB2E655A->85dedb5c-0475-48d6-91a5-f8922a1c9690: nextIndex: updateUnconditionally 0 -> 0
2019-10-11 04:55:59,223 [grpc-default-executor-2] WARN  server.GrpcLogAppender (LogUtils.java:warn(134)) - af93d71e-9597-43d1-a0d9-fd03e0850daa@group-6EB4CB2E655A->f486f1b0-a775-4c38-857e-a3674efc25f6-AppendLogResponseHandler: Failed appendEntries: org.apache.ratis.thirdparty.io.grpc.StatusRuntimeException: UNAVAILABLE: io exception
2019-10-11 04:55:59,223 [grpc-default-executor-2] INFO  impl.FollowerInfo (FollowerInfo.java:lambda$new$0(51)) - af93d71e-9597-43d1-a0d9-fd03e0850daa@group-6EB4CB2E655A->f486f1b0-a775-4c38-857e-a3674efc25f6: nextIndex: updateUnconditionally 0 -> 0
2019-10-11 04:55:59,376 [grpc-default-executor-3] WARN  server.GrpcLogAppender (LogUtils.java:warn(134)) - af93d71e-9597-43d1-a0d9-fd03e0850daa@group-B594624CFC31->f486f1b0-a775-4c38-857e-a3674efc25f6-AppendLogResponseHandler: Failed appendEntries: org.apache.ratis.thirdparty.io.grpc.StatusRuntimeException: UNAVAILABLE: io exception
2019-10-11 04:55:59,377 [grpc-default-executor-0] WARN  server.GrpcLogAppender (LogUtils.java:warn(134)) - af93d71e-9597-43d1-a0d9-fd03e0850daa@group-B594624CFC31->85dedb5c-0475-48d6-91a5-f8922a1c9690-AppendLogResponseHandler: Failed appendEntries: org.apache.ratis.thirdparty.io.grpc.StatusRuntimeException: UNAVAILABLE: io exception
2019-10-11 04:55:59,377 [grpc-default-executor-3] INFO  impl.FollowerInfo (FollowerInfo.java:lambda$new$0(51)) - af93d71e-9597-43d1-a0d9-fd03e0850daa@group-B594624CFC31->f486f1b0-a775-4c38-857e-a3674efc25f6: nextIndex: updateUnconditionally 0 -> 0
2019-10-11 04:55:59,378 [grpc-default-executor-0] INFO  impl.FollowerInfo (FollowerInfo.java:lambda$new$0(51)) - af93d71e-9597-43d1-a0d9-fd03e0850daa@group-B594624CFC31->85dedb5c-0475-48d6-91a5-f8922a1c9690: nextIndex: updateUnconditionally 0 -> 0
2019-10-11 04:55:59,714 [grpc-default-executor-5] WARN  server.GrpcLogAppender (LogUtils.java:warn(134)) - af93d71e-9597-43d1-a0d9-fd03e0850daa@group-6EB4CB2E655A->85dedb5c-0475-48d6-91a5-f8922a1c9690-AppendLogResponseHandler: Failed appendEntries: org.apache.ratis.thirdparty.io.grpc.StatusRuntimeException: UNAVAILABLE: io exception
2019-10-11 04:55:59,715 [grpc-default-executor-5] INFO  impl.FollowerInfo (FollowerInfo.java:lambda$new$0(51)) - af93d71e-9597-43d1-a0d9-fd03e0850daa@group-6EB4CB2E655A->85dedb5c-0475-48d6-91a5-f8922a1c9690: nextIndex: updateUnconditionally 0 -> 0
2019-10-11 04:55:59,723 [grpc-default-executor-3] WARN  server.GrpcLogAppender (LogUtils.java:warn(134)) - af93d71e-9597-43d1-a0d9-fd03e0850daa@group-6EB4CB2E655A->f486f1b0-a775-4c38-857e-a3674efc25f6-AppendLogResponseHandler: Failed appendEntries: org.apache.ratis.thirdparty.io.grpc.StatusRuntimeException: UNAVAILABLE: io exception
2019-10-11 04:55:59,723 [grpc-default-executor-3] INFO  impl.FollowerInfo (FollowerInfo.java:lambda$new$0(51)) - af93d71e-9597-43d1-a0d9-fd03e0850daa@group-6EB4CB2E655A->f486f1b0-a775-4c38-857e-a3674efc25f6: nextIndex: updateUnconditionally 0 -> 0
2019-10-11 04:55:59,877 [grpc-default-executor-1] WARN  server.GrpcLogAppender (LogUtils.java:warn(134)) - af93d71e-9597-43d1-a0d9-fd03e0850daa@group-B594624CFC31->f486f1b0-a775-4c38-857e-a3674efc25f6-AppendLogResponseHandler: Failed appendEntries: org.apache.ratis.thirdparty.io.grpc.StatusRuntimeException: UNAVAILABLE: io exception
2019-10-11 04:55:59,877 [grpc-default-executor-0] WARN  server.GrpcLogAppender (LogUtils.java:warn(134)) - af93d71e-9597-43d1-a0d9-fd03e0850daa@group-B594624CFC31->85dedb5c-0475-48d6-91a5-f8922a1c9690-AppendLogResponseHandler: Failed appendEntries: org.apache.ratis.thirdparty.io.grpc.StatusRuntimeException: UNAVAILABLE: io exception
2019-10-11 04:55:59,877 [grpc-default-executor-1] INFO  impl.FollowerInfo (FollowerInfo.java:lambda$new$0(51)) - af93d71e-9597-43d1-a0d9-fd03e0850daa@group-B594624CFC31->f486f1b0-a775-4c38-857e-a3674efc25f6: nextIndex: updateUnconditionally 0 -> 0
2019-10-11 04:55:59,877 [grpc-default-executor-0] INFO  impl.FollowerInfo (FollowerInfo.java:lambda$new$0(51)) - af93d71e-9597-43d1-a0d9-fd03e0850daa@group-B594624CFC31->85dedb5c-0475-48d6-91a5-f8922a1c9690: nextIndex: updateUnconditionally 0 -> 0
2019-10-11 04:56:00,215 [grpc-default-executor-1] WARN  server.GrpcLogAppender (LogUtils.java:warn(134)) - af93d71e-9597-43d1-a0d9-fd03e0850daa@group-6EB4CB2E655A->85dedb5c-0475-48d6-91a5-f8922a1c9690-AppendLogResponseHandler: Failed appendEntries: org.apache.ratis.thirdparty.io.grpc.StatusRuntimeException: UNAVAILABLE: io exception
2019-10-11 04:56:00,215 [grpc-default-executor-1] INFO  impl.FollowerInfo (FollowerInfo.java:lambda$new$0(51)) - af93d71e-9597-43d1-a0d9-fd03e0850daa@group-6EB4CB2E655A->85dedb5c-0475-48d6-91a5-f8922a1c9690: nextIndex: updateUnconditionally 0 -> 0
2019-10-11 04:56:00,223 [grpc-default-executor-1] WARN  server.GrpcLogAppender (LogUtils.java:warn(134)) - af93d71e-9597-43d1-a0d9-fd03e0850daa@group-6EB4CB2E655A->f486f1b0-a775-4c38-857e-a3674efc25f6-AppendLogResponseHandler: Failed appendEntries: org.apache.ratis.thirdparty.io.grpc.StatusRuntimeException: UNAVAILABLE: io exception
2019-10-11 04:56:00,223 [grpc-default-executor-1] INFO  impl.FollowerInfo (FollowerInfo.java:lambda$new$0(51)) - af93d71e-9597-43d1-a0d9-fd03e0850daa@group-6EB4CB2E655A->f486f1b0-a775-4c38-857e-a3674efc25f6: nextIndex: updateUnconditionally 0 -> 0
2019-10-11 04:56:00,377 [grpc-default-executor-0] WARN  server.GrpcLogAppender (LogUtils.java:warn(134)) - af93d71e-9597-43d1-a0d9-fd03e0850daa@group-B594624CFC31->85dedb5c-0475-48d6-91a5-f8922a1c9690-AppendLogResponseHandler: Failed appendEntries: org.apache.ratis.thirdparty.io.grpc.StatusRuntimeException: UNAVAILABLE: io exception
2019-10-11 04:56:00,377 [grpc-default-executor-3] WARN  server.GrpcLogAppender (LogUtils.java:warn(134)) - af93d71e-9597-43d1-a0d9-fd03e0850daa@group-B594624CFC31->f486f1b0-a775-4c38-857e-a3674efc25f6-AppendLogResponseHandler: Failed appendEntries: org.apache.ratis.thirdparty.io.grpc.StatusRuntimeException: UNAVAILABLE: io exception
2019-10-11 04:56:00,378 [grpc-default-executor-0] INFO  impl.FollowerInfo (FollowerInfo.java:lambda$new$0(51)) - af93d71e-9597-43d1-a0d9-fd03e0850daa@group-B594624CFC31->85dedb5c-0475-48d6-91a5-f8922a1c9690: nextIndex: updateUnconditionally 0 -> 0
2019-10-11 04:56:00,378 [grpc-default-executor-3] INFO  impl.FollowerInfo (FollowerInfo.java:lambda$new$0(51)) - af93d71e-9597-43d1-a0d9-fd03e0850daa@group-B594624CFC31->f486f1b0-a775-4c38-857e-a3674efc25f6: nextIndex: updateUnconditionally 0 -> 0
2019-10-11 04:56:00,715 [grpc-default-executor-2] WARN  server.GrpcLogAppender (LogUtils.java:warn(134)) - af93d71e-9597-43d1-a0d9-fd03e0850daa@group-6EB4CB2E655A->85dedb5c-0475-48d6-91a5-f8922a1c9690-AppendLogResponseHandler: Failed appendEntries: org.apache.ratis.thirdparty.io.grpc.StatusRuntimeException: UNAVAILABLE: io exception
2019-10-11 04:56:00,716 [grpc-default-executor-2] INFO  impl.FollowerInfo (FollowerInfo.java:lambda$new$0(51)) - af93d71e-9597-43d1-a0d9-fd03e0850daa@group-6EB4CB2E655A->85dedb5c-0475-48d6-91a5-f8922a1c9690: nextIndex: updateUnconditionally 0 -> 0
2019-10-11 04:56:00,723 [grpc-default-executor-0] WARN  server.GrpcLogAppender (LogUtils.java:warn(134)) - af93d71e-9597-43d1-a0d9-fd03e0850daa@group-6EB4CB2E655A->f486f1b0-a775-4c38-857e-a3674efc25f6-AppendLogResponseHandler: Failed appendEntries: org.apache.ratis.thirdparty.io.grpc.StatusRuntimeException: UNAVAILABLE: io exception
2019-10-11 04:56:00,723 [grpc-default-executor-0] INFO  impl.FollowerInfo (FollowerInfo.java:lambda$new$0(51)) - af93d71e-9597-43d1-a0d9-fd03e0850daa@group-6EB4CB2E655A->f486f1b0-a775-4c38-857e-a3674efc25f6: nextIndex: updateUnconditionally 0 -> 0
2019-10-11 04:56:00,878 [grpc-default-executor-3] WARN  server.GrpcLogAppender (LogUtils.java:warn(134)) - af93d71e-9597-43d1-a0d9-fd03e0850daa@group-B594624CFC31->f486f1b0-a775-4c38-857e-a3674efc25f6-AppendLogResponseHandler: Failed appendEntries: org.apache.ratis.thirdparty.io.grpc.StatusRuntimeException: UNAVAILABLE: io exception
2019-10-11 04:56:00,878 [grpc-default-executor-2] WARN  server.GrpcLogAppender (LogUtils.java:warn(134)) - af93d71e-9597-43d1-a0d9-fd03e0850daa@group-B594624CFC31->85dedb5c-0475-48d6-91a5-f8922a1c9690-AppendLogResponseHandler: Failed appendEntries: org.apache.ratis.thirdparty.io.grpc.StatusRuntimeException: UNAVAILABLE: io exception
2019-10-11 04:56:00,878 [grpc-default-executor-3] INFO  impl.FollowerInfo (FollowerInfo.java:lambda$new$0(51)) - af93d71e-9597-43d1-a0d9-fd03e0850daa@group-B594624CFC31->f486f1b0-a775-4c38-857e-a3674efc25f6: nextIndex: updateUnconditionally 0 -> 0
2019-10-11 04:56:00,878 [grpc-default-executor-2] INFO  impl.FollowerInfo (FollowerInfo.java:lambda$new$0(51)) - af93d71e-9597-43d1-a0d9-fd03e0850daa@group-B594624CFC31->85dedb5c-0475-48d6-91a5-f8922a1c9690: nextIndex: updateUnconditionally 0 -> 0
2019-10-11 04:56:01,216 [grpc-default-executor-5] WARN  server.GrpcLogAppender (LogUtils.java:warn(134)) - af93d71e-9597-43d1-a0d9-fd03e0850daa@group-6EB4CB2E655A->85dedb5c-0475-48d6-91a5-f8922a1c9690-AppendLogResponseHandler: Failed appendEntries: org.apache.ratis.thirdparty.io.grpc.StatusRuntimeException: UNAVAILABLE: io exception
2019-10-11 04:56:01,216 [grpc-default-executor-5] INFO  impl.FollowerInfo (FollowerInfo.java:lambda$new$0(51)) - af93d71e-9597-43d1-a0d9-fd03e0850daa@group-6EB4CB2E655A->85dedb5c-0475-48d6-91a5-f8922a1c9690: nextIndex: updateUnconditionally 0 -> 0
2019-10-11 04:56:01,224 [grpc-default-executor-3] WARN  server.GrpcLogAppender (LogUtils.java:warn(134)) - af93d71e-9597-43d1-a0d9-fd03e0850daa@group-6EB4CB2E655A->f486f1b0-a775-4c38-857e-a3674efc25f6-AppendLogResponseHandler: Failed appendEntries: org.apache.ratis.thirdparty.io.grpc.StatusRuntimeException: UNAVAILABLE: io exception
2019-10-11 04:56:01,224 [grpc-default-executor-3] INFO  impl.FollowerInfo (FollowerInfo.java:lambda$new$0(51)) - af93d71e-9597-43d1-a0d9-fd03e0850daa@group-6EB4CB2E655A->f486f1b0-a775-4c38-857e-a3674efc25f6: nextIndex: updateUnconditionally 0 -> 0
2019-10-11 04:56:01,378 [grpc-default-executor-1] WARN  server.GrpcLogAppender (LogUtils.java:warn(134)) - af93d71e-9597-43d1-a0d9-fd03e0850daa@group-B594624CFC31->f486f1b0-a775-4c38-857e-a3674efc25f6-AppendLogResponseHandler: Failed appendEntries: org.apache.ratis.thirdparty.io.grpc.StatusRuntimeException: UNAVAILABLE: io exception
2019-10-11 04:56:01,378 [grpc-default-executor-4] WARN  server.GrpcLogAppender (LogUtils.java:warn(134)) - af93d71e-9597-43d1-a0d9-fd03e0850daa@group-B594624CFC31->85dedb5c-0475-48d6-91a5-f8922a1c9690-AppendLogResponseHandler: Failed appendEntries: org.apache.ratis.thirdparty.io.grpc.StatusRuntimeException: UNAVAILABLE: io exception
2019-10-11 04:56:01,379 [grpc-default-executor-1] INFO  impl.FollowerInfo (FollowerInfo.java:lambda$new$0(51)) - af93d71e-9597-43d1-a0d9-fd03e0850daa@group-B594624CFC31->f486f1b0-a775-4c38-857e-a3674efc25f6: nextIndex: updateUnconditionally 0 -> 0
2019-10-11 04:56:01,379 [grpc-default-executor-4] INFO  impl.FollowerInfo (FollowerInfo.java:lambda$new$0(51)) - af93d71e-9597-43d1-a0d9-fd03e0850daa@group-B594624CFC31->85dedb5c-0475-48d6-91a5-f8922a1c9690: nextIndex: updateUnconditionally 0 -> 0
2019-10-11 04:56:01,716 [grpc-default-executor-5] WARN  server.GrpcLogAppender (LogUtils.java:warn(134)) - af93d71e-9597-43d1-a0d9-fd03e0850daa@group-6EB4CB2E655A->85dedb5c-0475-48d6-91a5-f8922a1c9690-AppendLogResponseHandler: Failed appendEntries: org.apache.ratis.thirdparty.io.grpc.StatusRuntimeException: UNAVAILABLE: io exception
2019-10-11 04:56:01,716 [grpc-default-executor-5] INFO  impl.FollowerInfo (FollowerInfo.java:lambda$new$0(51)) - af93d71e-9597-43d1-a0d9-fd03e0850daa@group-6EB4CB2E655A->85dedb5c-0475-48d6-91a5-f8922a1c9690: nextIndex: updateUnconditionally 0 -> 0
2019-10-11 04:56:01,724 [grpc-default-executor-4] WARN  server.GrpcLogAppender (LogUtils.java:warn(134)) - af93d71e-9597-43d1-a0d9-fd03e0850daa@group-6EB4CB2E655A->f486f1b0-a775-4c38-857e-a3674efc25f6-AppendLogResponseHandler: Failed appendEntries: org.apache.ratis.thirdparty.io.grpc.StatusRuntimeException: UNAVAILABLE: io exception
2019-10-11 04:56:01,724 [grpc-default-executor-4] INFO  impl.FollowerInfo (FollowerInfo.java:lambda$new$0(51)) - af93d71e-9597-43d1-a0d9-fd03e0850daa@group-6EB4CB2E655A->f486f1b0-a775-4c38-857e-a3674efc25f6: nextIndex: updateUnconditionally 0 -> 0
2019-10-11 04:56:01,878 [grpc-default-executor-0] WARN  server.GrpcLogAppender (LogUtils.java:warn(134)) - af93d71e-9597-43d1-a0d9-fd03e0850daa@group-B594624CFC31->85dedb5c-0475-48d6-91a5-f8922a1c9690-AppendLogResponseHandler: Failed appendEntries: org.apache.ratis.thirdparty.io.grpc.StatusRuntimeException: UNAVAILABLE: io exception
2019-10-11 04:56:01,878 [grpc-default-executor-2] WARN  server.GrpcLogAppender (LogUtils.java:warn(134)) - af93d71e-9597-43d1-a0d9-fd03e0850daa@group-B594624CFC31->f486f1b0-a775-4c38-857e-a3674efc25f6-AppendLogResponseHandler: Failed appendEntries: org.apache.ratis.thirdparty.io.grpc.StatusRuntimeException: UNAVAILABLE: io exception
2019-10-11 04:56:01,879 [grpc-default-executor-0] INFO  impl.FollowerInfo (FollowerInfo.java:lambda$new$0(51)) - af93d71e-9597-43d1-a0d9-fd03e0850daa@group-B594624CFC31->85dedb5c-0475-48d6-91a5-f8922a1c9690: nextIndex: updateUnconditionally 0 -> 0
2019-10-11 04:56:01,879 [grpc-default-executor-2] INFO  impl.FollowerInfo (FollowerInfo.java:lambda$new$0(51)) - af93d71e-9597-43d1-a0d9-fd03e0850daa@group-B594624CFC31->f486f1b0-a775-4c38-857e-a3674efc25f6: nextIndex: updateUnconditionally 0 -> 0
2019-10-11 04:56:02,217 [grpc-default-executor-1] WARN  server.GrpcLogAppender (LogUtils.java:warn(134)) - af93d71e-9597-43d1-a0d9-fd03e0850daa@group-6EB4CB2E655A->85dedb5c-0475-48d6-91a5-f8922a1c9690-AppendLogResponseHandler: Failed appendEntries: org.apache.ratis.thirdparty.io.grpc.StatusRuntimeException: UNAVAILABLE: io exception
2019-10-11 04:56:02,217 [grpc-default-executor-1] INFO  impl.FollowerInfo (FollowerInfo.java:lambda$new$0(51)) - af93d71e-9597-43d1-a0d9-fd03e0850daa@group-6EB4CB2E655A->85dedb5c-0475-48d6-91a5-f8922a1c9690: nextIndex: updateUnconditionally 0 -> 0
2019-10-11 04:56:02,224 [grpc-default-executor-2] WARN  server.GrpcLogAppender (LogUtils.java:warn(134)) - af93d71e-9597-43d1-a0d9-fd03e0850daa@group-6EB4CB2E655A->f486f1b0-a775-4c38-857e-a3674efc25f6-AppendLogResponseHandler: Failed appendEntries: org.apache.ratis.thirdparty.io.grpc.StatusRuntimeException: UNAVAILABLE: io exception
2019-10-11 04:56:02,225 [grpc-default-executor-2] INFO  impl.FollowerInfo (FollowerInfo.java:lambda$new$0(51)) - af93d71e-9597-43d1-a0d9-fd03e0850daa@group-6EB4CB2E655A->f486f1b0-a775-4c38-857e-a3674efc25f6: nextIndex: updateUnconditionally 0 -> 0
2019-10-11 04:56:02,379 [grpc-default-executor-1] WARN  server.GrpcLogAppender (LogUtils.java:warn(134)) - af93d71e-9597-43d1-a0d9-fd03e0850daa@group-B594624CFC31->f486f1b0-a775-4c38-857e-a3674efc25f6-AppendLogResponseHandler: Failed appendEntries: org.apache.ratis.thirdparty.io.grpc.StatusRuntimeException: UNAVAILABLE: io exception
2019-10-11 04:56:02,379 [grpc-default-executor-4] WARN  server.GrpcLogAppender (LogUtils.java:warn(134)) - af93d71e-9597-43d1-a0d9-fd03e0850daa@group-B594624CFC31->85dedb5c-0475-48d6-91a5-f8922a1c9690-AppendLogResponseHandler: Failed appendEntries: org.apache.ratis.thirdparty.io.grpc.StatusRuntimeException: UNAVAILABLE: io exception
2019-10-11 04:56:02,380 [grpc-default-executor-1] INFO  impl.FollowerInfo (FollowerInfo.java:lambda$new$0(51)) - af93d71e-9597-43d1-a0d9-fd03e0850daa@group-B594624CFC31->f486f1b0-a775-4c38-857e-a3674efc25f6: nextIndex: updateUnconditionally 0 -> 0
2019-10-11 04:56:02,380 [grpc-default-executor-4] INFO  impl.FollowerInfo (FollowerInfo.java:lambda$new$0(51)) - af93d71e-9597-43d1-a0d9-fd03e0850daa@group-B594624CFC31->85dedb5c-0475-48d6-91a5-f8922a1c9690: nextIndex: updateUnconditionally 0 -> 0
2019-10-11 04:56:02,717 [grpc-default-executor-2] WARN  server.GrpcLogAppender (LogUtils.java:warn(134)) - af93d71e-9597-43d1-a0d9-fd03e0850daa@group-6EB4CB2E655A->85dedb5c-0475-48d6-91a5-f8922a1c9690-AppendLogResponseHandler: Failed appendEntries: org.apache.ratis.thirdparty.io.grpc.StatusRuntimeException: UNAVAILABLE: io exception
2019-10-11 04:56:02,718 [grpc-default-executor-2] INFO  impl.FollowerInfo (FollowerInfo.java:lambda$new$0(51)) - af93d71e-9597-43d1-a0d9-fd03e0850daa@group-6EB4CB2E655A->85dedb5c-0475-48d6-91a5-f8922a1c9690: nextIndex: updateUnconditionally 0 -> 0
2019-10-11 04:56:02,725 [grpc-default-executor-1] WARN  server.GrpcLogAppender (LogUtils.java:warn(134)) - af93d71e-9597-43d1-a0d9-fd03e0850daa@group-6EB4CB2E655A->f486f1b0-a775-4c38-857e-a3674efc25f6-AppendLogResponseHandler: Failed appendEntries: org.apache.ratis.thirdparty.io.grpc.StatusRuntimeException: UNAVAILABLE: io exception
2019-10-11 04:56:02,725 [grpc-default-executor-1] INFO  impl.FollowerInfo (FollowerInfo.java:lambda$new$0(51)) - af93d71e-9597-43d1-a0d9-fd03e0850daa@group-6EB4CB2E655A->f486f1b0-a775-4c38-857e-a3674efc25f6: nextIndex: updateUnconditionally 0 -> 0
2019-10-11 04:56:02,880 [grpc-default-executor-3] WARN  server.GrpcLogAppender (LogUtils.java:warn(134)) - af93d71e-9597-43d1-a0d9-fd03e0850daa@group-B594624CFC31->85dedb5c-0475-48d6-91a5-f8922a1c9690-AppendLogResponseHandler: Failed appendEntries: org.apache.ratis.thirdparty.io.grpc.StatusRuntimeException: UNAVAILABLE: io exception
2019-10-11 04:56:02,880 [grpc-default-executor-5] WARN  server.GrpcLogAppender (LogUtils.java:warn(134)) - af93d71e-9597-43d1-a0d9-fd03e0850daa@group-B594624CFC31->f486f1b0-a775-4c38-857e-a3674efc25f6-AppendLogResponseHandler: Failed appendEntries: org.apache.ratis.thirdparty.io.grpc.StatusRuntimeException: UNAVAILABLE: io exception
2019-10-11 04:56:02,880 [grpc-default-executor-3] INFO  impl.FollowerInfo (FollowerInfo.java:lambda$new$0(51)) - af93d71e-9597-43d1-a0d9-fd03e0850daa@group-B594624CFC31->85dedb5c-0475-48d6-91a5-f8922a1c9690: nextIndex: updateUnconditionally 0 -> 0
2019-10-11 04:56:02,880 [grpc-default-executor-5] INFO  impl.FollowerInfo (FollowerInfo.java:lambda$new$0(51)) - af93d71e-9597-43d1-a0d9-fd03e0850daa@group-B594624CFC31->f486f1b0-a775-4c38-857e-a3674efc25f6: nextIndex: updateUnconditionally 0 -> 0
2019-10-11 04:56:03,218 [grpc-default-executor-2] WARN  server.GrpcLogAppender (LogUtils.java:warn(134)) - af93d71e-9597-43d1-a0d9-fd03e0850daa@group-6EB4CB2E655A->85dedb5c-0475-48d6-91a5-f8922a1c9690-AppendLogResponseHandler: Failed appendEntries: org.apache.ratis.thirdparty.io.grpc.StatusRuntimeException: UNAVAILABLE: io exception
2019-10-11 04:56:03,218 [grpc-default-executor-2] INFO  impl.FollowerInfo (FollowerInfo.java:lambda$new$0(51)) - af93d71e-9597-43d1-a0d9-fd03e0850daa@group-6EB4CB2E655A->85dedb5c-0475-48d6-91a5-f8922a1c9690: nextIndex: updateUnconditionally 0 -> 0
2019-10-11 04:56:03,225 [grpc-default-executor-2] WARN  server.GrpcLogAppender (LogUtils.java:warn(134)) - af93d71e-9597-43d1-a0d9-fd03e0850daa@group-6EB4CB2E655A->f486f1b0-a775-4c38-857e-a3674efc25f6-AppendLogResponseHandler: Failed appendEntries: org.apache.ratis.thirdparty.io.grpc.StatusRuntimeException: UNAVAILABLE: io exception
2019-10-11 04:56:03,225 [grpc-default-executor-2] INFO  impl.FollowerInfo (FollowerInfo.java:lambda$new$0(51)) - af93d71e-9597-43d1-a0d9-fd03e0850daa@group-6EB4CB2E655A->f486f1b0-a775-4c38-857e-a3674efc25f6: nextIndex: updateUnconditionally 0 -> 0
2019-10-11 04:56:03,380 [grpc-default-executor-5] WARN  server.GrpcLogAppender (LogUtils.java:warn(134)) - af93d71e-9597-43d1-a0d9-fd03e0850daa@group-B594624CFC31->85dedb5c-0475-48d6-91a5-f8922a1c9690-AppendLogResponseHandler: Failed appendEntries: org.apache.ratis.thirdparty.io.grpc.StatusRuntimeException: UNAVAILABLE: io exception
2019-10-11 04:56:03,380 [grpc-default-executor-1] WARN  server.GrpcLogAppender (LogUtils.java:warn(134)) - af93d71e-9597-43d1-a0d9-fd03e0850daa@group-B594624CFC31->f486f1b0-a775-4c38-857e-a3674efc25f6-AppendLogResponseHandler: Failed appendEntries: org.apache.ratis.thirdparty.io.grpc.StatusRuntimeException: UNAVAILABLE: io exception
2019-10-11 04:56:03,380 [grpc-default-executor-5] INFO  impl.FollowerInfo (FollowerInfo.java:lambda$new$0(51)) - af93d71e-9597-43d1-a0d9-fd03e0850daa@group-B594624CFC31->85dedb5c-0475-48d6-91a5-f8922a1c9690: nextIndex: updateUnconditionally 0 -> 0
2019-10-11 04:56:03,380 [grpc-default-executor-1] INFO  impl.FollowerInfo (FollowerInfo.java:lambda$new$0(51)) - af93d71e-9597-43d1-a0d9-fd03e0850daa@group-B594624CFC31->f486f1b0-a775-4c38-857e-a3674efc25f6: nextIndex: updateUnconditionally 0 -> 0
2019-10-11 04:56:03,718 [grpc-default-executor-2] WARN  server.GrpcLogAppender (LogUtils.java:warn(134)) - af93d71e-9597-43d1-a0d9-fd03e0850daa@group-6EB4CB2E655A->85dedb5c-0475-48d6-91a5-f8922a1c9690-AppendLogResponseHandler: Failed appendEntries: org.apache.ratis.thirdparty.io.grpc.StatusRuntimeException: UNAVAILABLE: io exception
2019-10-11 04:56:03,718 [grpc-default-executor-2] INFO  impl.FollowerInfo (FollowerInfo.java:lambda$new$0(51)) - af93d71e-9597-43d1-a0d9-fd03e0850daa@group-6EB4CB2E655A->85dedb5c-0475-48d6-91a5-f8922a1c9690: nextIndex: updateUnconditionally 0 -> 0
2019-10-11 04:56:03,725 [grpc-default-executor-5] WARN  server.GrpcLogAppender (LogUtils.java:warn(134)) - af93d71e-9597-43d1-a0d9-fd03e0850daa@group-6EB4CB2E655A->f486f1b0-a775-4c38-857e-a3674efc25f6-AppendLogResponseHandler: Failed appendEntries: org.apache.ratis.thirdparty.io.grpc.StatusRuntimeException: UNAVAILABLE: io exception
2019-10-11 04:56:03,726 [grpc-default-executor-5] INFO  impl.FollowerInfo (FollowerInfo.java:lambda$new$0(51)) - af93d71e-9597-43d1-a0d9-fd03e0850daa@group-6EB4CB2E655A->f486f1b0-a775-4c38-857e-a3674efc25f6: nextIndex: updateUnconditionally 0 -> 0
2019-10-11 04:56:03,880 [grpc-default-executor-3] WARN  server.GrpcLogAppender (LogUtils.java:warn(134)) - af93d71e-9597-43d1-a0d9-fd03e0850daa@group-B594624CFC31->85dedb5c-0475-48d6-91a5-f8922a1c9690-AppendLogResponseHandler: Failed appendEntries: org.apache.ratis.thirdparty.io.grpc.StatusRuntimeException: UNAVAILABLE: io exception
2019-10-11 04:56:03,880 [grpc-default-executor-2] WARN  server.GrpcLogAppender (LogUtils.java:warn(134)) - af93d71e-9597-43d1-a0d9-fd03e0850daa@group-B594624CFC31->f486f1b0-a775-4c38-857e-a3674efc25f6-AppendLogResponseHandler: Failed appendEntries: org.apache.ratis.thirdparty.io.grpc.StatusRuntimeException: UNAVAILABLE: io exception
2019-10-11 04:56:03,881 [grpc-default-executor-3] INFO  impl.FollowerInfo (FollowerInfo.java:lambda$new$0(51)) - af93d71e-9597-43d1-a0d9-fd03e0850daa@group-B594624CFC31->85dedb5c-0475-48d6-91a5-f8922a1c9690: nextIndex: updateUnconditionally 0 -> 0
2019-10-11 04:56:03,881 [grpc-default-executor-2] INFO  impl.FollowerInfo (FollowerInfo.java:lambda$new$0(51)) - af93d71e-9597-43d1-a0d9-fd03e0850daa@group-B594624CFC31->f486f1b0-a775-4c38-857e-a3674efc25f6: nextIndex: updateUnconditionally 0 -> 0
2019-10-11 04:56:04,218 [grpc-default-executor-1] WARN  server.GrpcLogAppender (LogUtils.java:warn(134)) - af93d71e-9597-43d1-a0d9-fd03e0850daa@group-6EB4CB2E655A->85dedb5c-0475-48d6-91a5-f8922a1c9690-AppendLogResponseHandler: Failed appendEntries: org.apache.ratis.thirdparty.io.grpc.StatusRuntimeException: UNAVAILABLE: io exception
2019-10-11 04:56:04,219 [grpc-default-executor-1] INFO  impl.FollowerInfo (FollowerInfo.java:lambda$new$0(51)) - af93d71e-9597-43d1-a0d9-fd03e0850daa@group-6EB4CB2E655A->85dedb5c-0475-48d6-91a5-f8922a1c9690: nextIndex: updateUnconditionally 0 -> 0
2019-10-11 04:56:04,226 [grpc-default-executor-3] WARN  server.GrpcLogAppender (LogUtils.java:warn(134)) - af93d71e-9597-43d1-a0d9-fd03e0850daa@group-6EB4CB2E655A->f486f1b0-a775-4c38-857e-a3674efc25f6-AppendLogResponseHandler: Failed appendEntries: org.apache.ratis.thirdparty.io.grpc.StatusRuntimeException: UNAVAILABLE: io exception
2019-10-11 04:56:04,226 [grpc-default-executor-3] INFO  impl.FollowerInfo (FollowerInfo.java:lambda$new$0(51)) - af93d71e-9597-43d1-a0d9-fd03e0850daa@group-6EB4CB2E655A->f486f1b0-a775-4c38-857e-a3674efc25f6: nextIndex: updateUnconditionally 0 -> 0
2019-10-11 04:56:04,381 [grpc-default-executor-2] WARN  server.GrpcLogAppender (LogUtils.java:warn(134)) - af93d71e-9597-43d1-a0d9-fd03e0850daa@group-B594624CFC31->85dedb5c-0475-48d6-91a5-f8922a1c9690-AppendLogResponseHandler: Failed appendEntries: org.apache.ratis.thirdparty.io.grpc.StatusRuntimeException: UNAVAILABLE: io exception
2019-10-11 04:56:04,381 [grpc-default-executor-4] WARN  server.GrpcLogAppender (LogUtils.java:warn(134)) - af93d71e-9597-43d1-a0d9-fd03e0850daa@group-B594624CFC31->f486f1b0-a775-4c38-857e-a3674efc25f6-AppendLogResponseHandler: Failed appendEntries: org.apache.ratis.thirdparty.io.grpc.StatusRuntimeException: UNAVAILABLE: io exception
2019-10-11 04:56:04,381 [grpc-default-executor-2] INFO  impl.FollowerInfo (FollowerInfo.java:lambda$new$0(51)) - af93d71e-9597-43d1-a0d9-fd03e0850daa@group-B594624CFC31->85dedb5c-0475-48d6-91a5-f8922a1c9690: nextIndex: updateUnconditionally 0 -> 0
2019-10-11 04:56:04,381 [grpc-default-executor-4] INFO  impl.FollowerInfo (FollowerInfo.java:lambda$new$0(51)) - af93d71e-9597-43d1-a0d9-fd03e0850daa@group-B594624CFC31->f486f1b0-a775-4c38-857e-a3674efc25f6: nextIndex: updateUnconditionally 0 -> 0
2019-10-11 04:56:04,719 [grpc-default-executor-3] WARN  server.GrpcLogAppender (LogUtils.java:warn(134)) - af93d71e-9597-43d1-a0d9-fd03e0850daa@group-6EB4CB2E655A->85dedb5c-0475-48d6-91a5-f8922a1c9690-AppendLogResponseHandler: Failed appendEntries: org.apache.ratis.thirdparty.io.grpc.StatusRuntimeException: UNAVAILABLE: io exception
2019-10-11 04:56:04,719 [grpc-default-executor-3] INFO  impl.FollowerInfo (FollowerInfo.java:lambda$new$0(51)) - af93d71e-9597-43d1-a0d9-fd03e0850daa@group-6EB4CB2E655A->85dedb5c-0475-48d6-91a5-f8922a1c9690: nextIndex: updateUnconditionally 0 -> 0
2019-10-11 04:56:04,726 [grpc-default-executor-2] WARN  server.GrpcLogAppender (LogUtils.java:warn(134)) - af93d71e-9597-43d1-a0d9-fd03e0850daa@group-6EB4CB2E655A->f486f1b0-a775-4c38-857e-a3674efc25f6-AppendLogResponseHandler: Failed appendEntries: org.apache.ratis.thirdparty.io.grpc.StatusRuntimeException: UNAVAILABLE: io exception
2019-10-11 04:56:04,727 [grpc-default-executor-2] INFO  impl.FollowerInfo (FollowerInfo.java:lambda$new$0(51)) - af93d71e-9597-43d1-a0d9-fd03e0850daa@group-6EB4CB2E655A->f486f1b0-a775-4c38-857e-a3674efc25f6: nextIndex: updateUnconditionally 0 -> 0
2019-10-11 04:56:04,881 [grpc-default-executor-4] WARN  server.GrpcLogAppender (LogUtils.java:warn(134)) - af93d71e-9597-43d1-a0d9-fd03e0850daa@group-B594624CFC31->85dedb5c-0475-48d6-91a5-f8922a1c9690-AppendLogResponseHandler: Failed appendEntries: org.apache.ratis.thirdparty.io.grpc.StatusRuntimeException: UNAVAILABLE: io exception
2019-10-11 04:56:04,881 [grpc-default-executor-2] WARN  server.GrpcLogAppender (LogUtils.java:warn(134)) - af93d71e-9597-43d1-a0d9-fd03e0850daa@group-B594624CFC31->f486f1b0-a775-4c38-857e-a3674efc25f6-AppendLogResponseHandler: Failed appendEntries: org.apache.ratis.thirdparty.io.grpc.StatusRuntimeException: UNAVAILABLE: io exception
2019-10-11 04:56:04,881 [grpc-default-executor-4] INFO  impl.FollowerInfo (FollowerInfo.java:lambda$new$0(51)) - af93d71e-9597-43d1-a0d9-fd03e0850daa@group-B594624CFC31->85dedb5c-0475-48d6-91a5-f8922a1c9690: nextIndex: updateUnconditionally 0 -> 0
2019-10-11 04:56:04,881 [grpc-default-executor-2] INFO  impl.FollowerInfo (FollowerInfo.java:lambda$new$0(51)) - af93d71e-9597-43d1-a0d9-fd03e0850daa@group-B594624CFC31->f486f1b0-a775-4c38-857e-a3674efc25f6: nextIndex: updateUnconditionally 0 -> 0
2019-10-11 04:56:05,220 [grpc-default-executor-2] WARN  server.GrpcLogAppender (LogUtils.java:warn(134)) - af93d71e-9597-43d1-a0d9-fd03e0850daa@group-6EB4CB2E655A->85dedb5c-0475-48d6-91a5-f8922a1c9690-AppendLogResponseHandler: Failed appendEntries: org.apache.ratis.thirdparty.io.grpc.StatusRuntimeException: UNAVAILABLE: io exception
2019-10-11 04:56:05,220 [grpc-default-executor-2] INFO  impl.FollowerInfo (FollowerInfo.java:lambda$new$0(51)) - af93d71e-9597-43d1-a0d9-fd03e0850daa@group-6EB4CB2E655A->85dedb5c-0475-48d6-91a5-f8922a1c9690: nextIndex: updateUnconditionally 0 -> 0
2019-10-11 04:56:05,227 [grpc-default-executor-2] WARN  server.GrpcLogAppender (LogUtils.java:warn(134)) - af93d71e-9597-43d1-a0d9-fd03e0850daa@group-6EB4CB2E655A->f486f1b0-a775-4c38-857e-a3674efc25f6-AppendLogResponseHandler: Failed appendEntries: org.apache.ratis.thirdparty.io.grpc.StatusRuntimeException: UNAVAILABLE: io exception
2019-10-11 04:56:05,227 [grpc-default-executor-2] INFO  impl.FollowerInfo (FollowerInfo.java:lambda$new$0(51)) - af93d71e-9597-43d1-a0d9-fd03e0850daa@group-6EB4CB2E655A->f486f1b0-a775-4c38-857e-a3674efc25f6: nextIndex: updateUnconditionally 0 -> 0
2019-10-11 04:56:05,381 [grpc-default-executor-1] WARN  server.GrpcLogAppender (LogUtils.java:warn(134)) - af93d71e-9597-43d1-a0d9-fd03e0850daa@group-B594624CFC31->85dedb5c-0475-48d6-91a5-f8922a1c9690-AppendLogResponseHandler: Failed appendEntries: org.apache.ratis.thirdparty.io.grpc.StatusRuntimeException: UNAVAILABLE: io exception
2019-10-11 04:56:05,382 [grpc-default-executor-3] WARN  server.GrpcLogAppender (LogUtils.java:warn(134)) - af93d71e-9597-43d1-a0d9-fd03e0850daa@group-B594624CFC31->f486f1b0-a775-4c38-857e-a3674efc25f6-AppendLogResponseHandler: Failed appendEntries: org.apache.ratis.thirdparty.io.grpc.StatusRuntimeException: UNAVAILABLE: io exception
2019-10-11 04:56:05,382 [grpc-default-executor-1] INFO  impl.FollowerInfo (FollowerInfo.java:lambda$new$0(51)) - af93d71e-9597-43d1-a0d9-fd03e0850daa@group-B594624CFC31->85dedb5c-0475-48d6-91a5-f8922a1c9690: nextIndex: updateUnconditionally 0 -> 0
2019-10-11 04:56:05,382 [grpc-default-executor-3] INFO  impl.FollowerInfo (FollowerInfo.java:lambda$new$0(51)) - af93d71e-9597-43d1-a0d9-fd03e0850daa@group-B594624CFC31->f486f1b0-a775-4c38-857e-a3674efc25f6: nextIndex: updateUnconditionally 0 -> 0
2019-10-11 04:56:05,720 [grpc-default-executor-4] WARN  server.GrpcLogAppender (LogUtils.java:warn(134)) - af93d71e-9597-43d1-a0d9-fd03e0850daa@group-6EB4CB2E655A->85dedb5c-0475-48d6-91a5-f8922a1c9690-AppendLogResponseHandler: Failed appendEntries: org.apache.ratis.thirdparty.io.grpc.StatusRuntimeException: UNAVAILABLE: io exception
2019-10-11 04:56:05,720 [grpc-default-executor-4] INFO  impl.FollowerInfo (FollowerInfo.java:lambda$new$0(51)) - af93d71e-9597-43d1-a0d9-fd03e0850daa@group-6EB4CB2E655A->85dedb5c-0475-48d6-91a5-f8922a1c9690: nextIndex: updateUnconditionally 0 -> 0
2019-10-11 04:56:05,727 [grpc-default-executor-1] WARN  server.GrpcLogAppender (LogUtils.java:warn(134)) - af93d71e-9597-43d1-a0d9-fd03e0850daa@group-6EB4CB2E655A->f486f1b0-a775-4c38-857e-a3674efc25f6-AppendLogResponseHandler: Failed appendEntries: org.apache.ratis.thirdparty.io.grpc.StatusRuntimeException: UNAVAILABLE: io exception
2019-10-11 04:56:05,727 [grpc-default-executor-1] INFO  impl.FollowerInfo (FollowerInfo.java:lambda$new$0(51)) - af93d71e-9597-43d1-a0d9-fd03e0850daa@group-6EB4CB2E655A->f486f1b0-a775-4c38-857e-a3674efc25f6: nextIndex: updateUnconditionally 0 -> 0
2019-10-11 04:56:05,882 [grpc-default-executor-3] WARN  server.GrpcLogAppender (LogUtils.java:warn(134)) - af93d71e-9597-43d1-a0d9-fd03e0850daa@group-B594624CFC31->85dedb5c-0475-48d6-91a5-f8922a1c9690-AppendLogResponseHandler: Failed appendEntries: org.apache.ratis.thirdparty.io.grpc.StatusRuntimeException: UNAVAILABLE: io exception
2019-10-11 04:56:05,882 [grpc-default-executor-2] WARN  server.GrpcLogAppender (LogUtils.java:warn(134)) - af93d71e-9597-43d1-a0d9-fd03e0850daa@group-B594624CFC31->f486f1b0-a775-4c38-857e-a3674efc25f6-AppendLogResponseHandler: Failed appendEntries: org.apache.ratis.thirdparty.io.grpc.StatusRuntimeException: UNAVAILABLE: io exception
2019-10-11 04:56:05,882 [grpc-default-executor-3] INFO  impl.FollowerInfo (FollowerInfo.java:lambda$new$0(51)) - af93d71e-9597-43d1-a0d9-fd03e0850daa@group-B594624CFC31->85dedb5c-0475-48d6-91a5-f8922a1c9690: nextIndex: updateUnconditionally 0 -> 0
2019-10-11 04:56:05,882 [grpc-default-executor-2] INFO  impl.FollowerInfo (FollowerInfo.java:lambda$new$0(51)) - af93d71e-9597-43d1-a0d9-fd03e0850daa@group-B594624CFC31->f486f1b0-a775-4c38-857e-a3674efc25f6: nextIndex: updateUnconditionally 0 -> 0
2019-10-11 04:56:06,220 [grpc-default-executor-1] WARN  server.GrpcLogAppender (LogUtils.java:warn(134)) - af93d71e-9597-43d1-a0d9-fd03e0850daa@group-6EB4CB2E655A->85dedb5c-0475-48d6-91a5-f8922a1c9690-AppendLogResponseHandler: Failed appendEntries: org.apache.ratis.thirdparty.io.grpc.StatusRuntimeException: UNAVAILABLE: io exception
2019-10-11 04:56:06,220 [grpc-default-executor-1] INFO  impl.FollowerInfo (FollowerInfo.java:lambda$new$0(51)) - af93d71e-9597-43d1-a0d9-fd03e0850daa@group-6EB4CB2E655A->85dedb5c-0475-48d6-91a5-f8922a1c9690: nextIndex: updateUnconditionally 0 -> 0
2019-10-11 04:56:06,227 [grpc-default-executor-3] WARN  server.GrpcLogAppender (LogUtils.java:warn(134)) - af93d71e-9597-43d1-a0d9-fd03e0850daa@group-6EB4CB2E655A->f486f1b0-a775-4c38-857e-a3674efc25f6-AppendLogResponseHandler: Failed appendEntries: org.apache.ratis.thirdparty.io.grpc.StatusRuntimeException: UNAVAILABLE: io exception
2019-10-11 04:56:06,228 [grpc-default-executor-3] INFO  impl.FollowerInfo (FollowerInfo.java:lambda$new$0(51)) - af93d71e-9597-43d1-a0d9-fd03e0850daa@group-6EB4CB2E655A->f486f1b0-a775-4c38-857e-a3674efc25f6: nextIndex: updateUnconditionally 0 -> 0
2019-10-11 04:56:06,382 [grpc-default-executor-2] WARN  server.GrpcLogAppender (LogUtils.java:warn(134)) - af93d71e-9597-43d1-a0d9-fd03e0850daa@group-B594624CFC31->85dedb5c-0475-48d6-91a5-f8922a1c9690-AppendLogResponseHandler: Failed appendEntries: org.apache.ratis.thirdparty.io.grpc.StatusRuntimeException: UNAVAILABLE: io exception
2019-10-11 04:56:06,382 [grpc-default-executor-4] WARN  server.GrpcLogAppender (LogUtils.java:warn(134)) - af93d71e-9597-43d1-a0d9-fd03e0850daa@group-B594624CFC31->f486f1b0-a775-4c38-857e-a3674efc25f6-AppendLogResponseHandler: Failed appendEntries: org.apache.ratis.thirdparty.io.grpc.StatusRuntimeException: UNAVAILABLE: io exception
2019-10-11 04:56:06,383 [grpc-default-executor-2] INFO  impl.FollowerInfo (FollowerInfo.java:lambda$new$0(51)) - af93d71e-9597-43d1-a0d9-fd03e0850daa@group-B594624CFC31->85dedb5c-0475-48d6-91a5-f8922a1c9690: nextIndex: updateUnconditionally 0 -> 0
2019-10-11 04:56:06,383 [grpc-default-executor-4] INFO  impl.FollowerInfo (FollowerInfo.java:lambda$new$0(51)) - af93d71e-9597-43d1-a0d9-fd03e0850daa@group-B594624CFC31->f486f1b0-a775-4c38-857e-a3674efc25f6: nextIndex: updateUnconditionally 0 -> 0
2019-10-11 04:56:06,720 [grpc-default-executor-4] WARN  server.GrpcLogAppender (LogUtils.java:warn(134)) - af93d71e-9597-43d1-a0d9-fd03e0850daa@group-6EB4CB2E655A->85dedb5c-0475-48d6-91a5-f8922a1c9690-AppendLogResponseHandler: Failed appendEntries: org.apache.ratis.thirdparty.io.grpc.StatusRuntimeException: UNAVAILABLE: io exception
2019-10-11 04:56:06,720 [grpc-default-executor-4] INFO  impl.FollowerInfo (FollowerInfo.java:lambda$new$0(51)) - af93d71e-9597-43d1-a0d9-fd03e0850daa@group-6EB4CB2E655A->85dedb5c-0475-48d6-91a5-f8922a1c9690: nextIndex: updateUnconditionally 0 -> 0
2019-10-11 04:56:06,728 [grpc-default-executor-4] WARN  server.GrpcLogAppender (LogUtils.java:warn(134)) - af93d71e-9597-43d1-a0d9-fd03e0850daa@group-6EB4CB2E655A->f486f1b0-a775-4c38-857e-a3674efc25f6-AppendLogResponseHandler: Failed appendEntries: org.apache.ratis.thirdparty.io.grpc.StatusRuntimeException: UNAVAILABLE: io exception
2019-10-11 04:56:06,728 [grpc-default-executor-4] INFO  impl.FollowerInfo (FollowerInfo.java:lambda$new$0(51)) - af93d71e-9597-43d1-a0d9-fd03e0850daa@group-6EB4CB2E655A->f486f1b0-a775-4c38-857e-a3674efc25f6: nextIndex: updateUnconditionally 0 -> 0
2019-10-11 04:56:06,882 [grpc-default-executor-3] WARN  server.GrpcLogAppender (LogUtils.java:warn(134)) - af93d71e-9597-43d1-a0d9-fd03e0850daa@group-B594624CFC31->85dedb5c-0475-48d6-91a5-f8922a1c9690-AppendLogResponseHandler: Failed appendEntries: org.apache.ratis.thirdparty.io.grpc.StatusRuntimeException: UNAVAILABLE: io exception
2019-10-11 04:56:06,883 [grpc-default-executor-1] WARN  server.GrpcLogAppender (LogUtils.java:warn(134)) - af93d71e-9597-43d1-a0d9-fd03e0850daa@group-B594624CFC31->f486f1b0-a775-4c38-857e-a3674efc25f6-AppendLogResponseHandler: Failed appendEntries: org.apache.ratis.thirdparty.io.grpc.StatusRuntimeException: UNAVAILABLE: io exception
2019-10-11 04:56:06,883 [grpc-default-executor-3] INFO  impl.FollowerInfo (FollowerInfo.java:lambda$new$0(51)) - af93d71e-9597-43d1-a0d9-fd03e0850daa@group-B594624CFC31->85dedb5c-0475-48d6-91a5-f8922a1c9690: nextIndex: updateUnconditionally 0 -> 0
2019-10-11 04:56:06,883 [grpc-default-executor-1] INFO  impl.FollowerInfo (FollowerInfo.java:lambda$new$0(51)) - af93d71e-9597-43d1-a0d9-fd03e0850daa@group-B594624CFC31->f486f1b0-a775-4c38-857e-a3674efc25f6: nextIndex: updateUnconditionally 0 -> 0
2019-10-11 04:56:07,221 [grpc-default-executor-1] WARN  server.GrpcLogAppender (LogUtils.java:warn(134)) - af93d71e-9597-43d1-a0d9-fd03e0850daa@group-6EB4CB2E655A->85dedb5c-0475-48d6-91a5-f8922a1c9690-AppendLogResponseHandler: Failed appendEntries: org.apache.ratis.thirdparty.io.grpc.StatusRuntimeException: UNAVAILABLE: io exception
2019-10-11 04:56:07,221 [grpc-default-executor-1] INFO  impl.FollowerInfo (FollowerInfo.java:lambda$new$0(51)) - af93d71e-9597-43d1-a0d9-fd03e0850daa@group-6EB4CB2E655A->85dedb5c-0475-48d6-91a5-f8922a1c9690: nextIndex: updateUnconditionally 0 -> 0
2019-10-11 04:56:07,228 [grpc-default-executor-2] WARN  server.GrpcLogAppender (LogUtils.java:warn(134)) - af93d71e-9597-43d1-a0d9-fd03e0850daa@group-6EB4CB2E655A->f486f1b0-a775-4c38-857e-a3674efc25f6-AppendLogResponseHandler: Failed appendEntries: org.apache.ratis.thirdparty.io.grpc.StatusRuntimeException: UNAVAILABLE: io exception
2019-10-11 04:56:07,229 [grpc-default-executor-2] INFO  impl.FollowerInfo (FollowerInfo.java:lambda$new$0(51)) - af93d71e-9597-43d1-a0d9-fd03e0850daa@group-6EB4CB2E655A->f486f1b0-a775-4c38-857e-a3674efc25f6: nextIndex: updateUnconditionally 0 -> 0
2019-10-11 04:56:07,383 [grpc-default-executor-3] WARN  server.GrpcLogAppender (LogUtils.java:warn(134)) - af93d71e-9597-43d1-a0d9-fd03e0850daa@group-B594624CFC31->85dedb5c-0475-48d6-91a5-f8922a1c9690-AppendLogResponseHandler: Failed appendEntries: org.apache.ratis.thirdparty.io.grpc.StatusRuntimeException: UNAVAILABLE: io exception
2019-10-11 04:56:07,383 [grpc-default-executor-4] WARN  server.GrpcLogAppender (LogUtils.java:warn(134)) - af93d71e-9597-43d1-a0d9-fd03e0850daa@group-B594624CFC31->f486f1b0-a775-4c38-857e-a3674efc25f6-AppendLogResponseHandler: Failed appendEntries: org.apache.ratis.thirdparty.io.grpc.StatusRuntimeException: UNAVAILABLE: io exception
2019-10-11 04:56:07,383 [grpc-default-executor-3] INFO  impl.FollowerInfo (FollowerInfo.java:lambda$new$0(51)) - af93d71e-9597-43d1-a0d9-fd03e0850daa@group-B594624CFC31->85dedb5c-0475-48d6-91a5-f8922a1c9690: nextIndex: updateUnconditionally 0 -> 0
2019-10-11 04:56:07,383 [grpc-default-executor-4] INFO  impl.FollowerInfo (FollowerInfo.java:lambda$new$0(51)) - af93d71e-9597-43d1-a0d9-fd03e0850daa@group-B594624CFC31->f486f1b0-a775-4c38-857e-a3674efc25f6: nextIndex: updateUnconditionally 0 -> 0
2019-10-11 04:56:07,721 [grpc-default-executor-2] WARN  server.GrpcLogAppender (LogUtils.java:warn(134)) - af93d71e-9597-43d1-a0d9-fd03e0850daa@group-6EB4CB2E655A->85dedb5c-0475-48d6-91a5-f8922a1c9690-AppendLogResponseHandler: Failed appendEntries: org.apache.ratis.thirdparty.io.grpc.StatusRuntimeException: UNAVAILABLE: io exception
2019-10-11 04:56:07,722 [grpc-default-executor-2] INFO  impl.FollowerInfo (FollowerInfo.java:lambda$new$0(51)) - af93d71e-9597-43d1-a0d9-fd03e0850daa@group-6EB4CB2E655A->85dedb5c-0475-48d6-91a5-f8922a1c9690: nextIndex: updateUnconditionally 0 -> 0
2019-10-11 04:56:07,728 [grpc-default-executor-3] WARN  server.GrpcLogAppender (LogUtils.java:warn(134)) - af93d71e-9597-43d1-a0d9-fd03e0850daa@group-6EB4CB2E655A->f486f1b0-a775-4c38-857e-a3674efc25f6-AppendLogResponseHandler: Failed appendEntries: org.apache.ratis.thirdparty.io.grpc.StatusRuntimeException: UNAVAILABLE: io exception
2019-10-11 04:56:07,729 [grpc-default-executor-3] INFO  impl.FollowerInfo (FollowerInfo.java:lambda$new$0(51)) - af93d71e-9597-43d1-a0d9-fd03e0850daa@group-6EB4CB2E655A->f486f1b0-a775-4c38-857e-a3674efc25f6: nextIndex: updateUnconditionally 0 -> 0
2019-10-11 04:56:07,883 [grpc-default-executor-5] WARN  server.GrpcLogAppender (LogUtils.java:warn(134)) - af93d71e-9597-43d1-a0d9-fd03e0850daa@group-B594624CFC31->85dedb5c-0475-48d6-91a5-f8922a1c9690-AppendLogResponseHandler: Failed appendEntries: org.apache.ratis.thirdparty.io.grpc.StatusRuntimeException: UNAVAILABLE: io exception
2019-10-11 04:56:07,883 [grpc-default-executor-2] WARN  server.GrpcLogAppender (LogUtils.java:warn(134)) - af93d71e-9597-43d1-a0d9-fd03e0850daa@group-B594624CFC31->f486f1b0-a775-4c38-857e-a3674efc25f6-AppendLogResponseHandler: Failed appendEntries: org.apache.ratis.thirdparty.io.grpc.StatusRuntimeException: UNAVAILABLE: io exception
2019-10-11 04:56:07,884 [grpc-default-executor-5] INFO  impl.FollowerInfo (FollowerInfo.java:lambda$new$0(51)) - af93d71e-9597-43d1-a0d9-fd03e0850daa@group-B594624CFC31->85dedb5c-0475-48d6-91a5-f8922a1c9690: nextIndex: updateUnconditionally 0 -> 0
2019-10-11 04:56:07,884 [grpc-default-executor-2] INFO  impl.FollowerInfo (FollowerInfo.java:lambda$new$0(51)) - af93d71e-9597-43d1-a0d9-fd03e0850daa@group-B594624CFC31->f486f1b0-a775-4c38-857e-a3674efc25f6: nextIndex: updateUnconditionally 0 -> 0
2019-10-11 04:56:08,222 [grpc-default-executor-5] WARN  server.GrpcLogAppender (LogUtils.java:warn(134)) - af93d71e-9597-43d1-a0d9-fd03e0850daa@group-6EB4CB2E655A->85dedb5c-0475-48d6-91a5-f8922a1c9690-AppendLogResponseHandler: Failed appendEntries: org.apache.ratis.thirdparty.io.grpc.StatusRuntimeException: UNAVAILABLE: io exception
2019-10-11 04:56:08,222 [grpc-default-executor-5] INFO  impl.FollowerInfo (FollowerInfo.java:lambda$new$0(51)) - af93d71e-9597-43d1-a0d9-fd03e0850daa@group-6EB4CB2E655A->85dedb5c-0475-48d6-91a5-f8922a1c9690: nextIndex: updateUnconditionally 0 -> 0
2019-10-11 04:56:08,229 [grpc-default-executor-2] WARN  server.GrpcLogAppender (LogUtils.java:warn(134)) - af93d71e-9597-43d1-a0d9-fd03e0850daa@group-6EB4CB2E655A->f486f1b0-a775-4c38-857e-a3674efc25f6-AppendLogResponseHandler: Failed appendEntries: org.apache.ratis.thirdparty.io.grpc.StatusRuntimeException: UNAVAILABLE: io exception
2019-10-11 04:56:08,229 [grpc-default-executor-2] INFO  impl.FollowerInfo (FollowerInfo.java:lambda$new$0(51)) - af93d71e-9597-43d1-a0d9-fd03e0850daa@group-6EB4CB2E655A->f486f1b0-a775-4c38-857e-a3674efc25f6: nextIndex: updateUnconditionally 0 -> 0
2019-10-11 04:56:08,384 [grpc-default-executor-5] WARN  server.GrpcLogAppender (LogUtils.java:warn(134)) - af93d71e-9597-43d1-a0d9-fd03e0850daa@group-B594624CFC31->f486f1b0-a775-4c38-857e-a3674efc25f6-AppendLogResponseHandler: Failed appendEntries: org.apache.ratis.thirdparty.io.grpc.StatusRuntimeException: UNAVAILABLE: io exception
2019-10-11 04:56:08,384 [grpc-default-executor-1] WARN  server.GrpcLogAppender (LogUtils.java:warn(134)) - af93d71e-9597-43d1-a0d9-fd03e0850daa@group-B594624CFC31->85dedb5c-0475-48d6-91a5-f8922a1c9690-AppendLogResponseHandler: Failed appendEntries: org.apache.ratis.thirdparty.io.grpc.StatusRuntimeException: UNAVAILABLE: io exception
2019-10-11 04:56:08,385 [grpc-default-executor-5] INFO  impl.FollowerInfo (FollowerInfo.java:lambda$new$0(51)) - af93d71e-9597-43d1-a0d9-fd03e0850daa@group-B594624CFC31->f486f1b0-a775-4c38-857e-a3674efc25f6: nextIndex: updateUnconditionally 0 -> 0
2019-10-11 04:56:08,385 [grpc-default-executor-1] INFO  impl.FollowerInfo (FollowerInfo.java:lambda$new$0(51)) - af93d71e-9597-43d1-a0d9-fd03e0850daa@group-B594624CFC31->85dedb5c-0475-48d6-91a5-f8922a1c9690: nextIndex: updateUnconditionally 0 -> 0
2019-10-11 04:56:08,723 [grpc-default-executor-4] WARN  server.GrpcLogAppender (LogUtils.java:warn(134)) - af93d71e-9597-43d1-a0d9-fd03e0850daa@group-6EB4CB2E655A->85dedb5c-0475-48d6-91a5-f8922a1c9690-AppendLogResponseHandler: Failed appendEntries: org.apache.ratis.thirdparty.io.grpc.StatusRuntimeException: UNAVAILABLE: io exception
2019-10-11 04:56:08,723 [grpc-default-executor-4] INFO  impl.FollowerInfo (FollowerInfo.java:lambda$new$0(51)) - af93d71e-9597-43d1-a0d9-fd03e0850daa@group-6EB4CB2E655A->85dedb5c-0475-48d6-91a5-f8922a1c9690: nextIndex: updateUnconditionally 0 -> 0
2019-10-11 04:56:08,729 [grpc-default-executor-1] WARN  server.GrpcLogAppender (LogUtils.java:warn(134)) - af93d71e-9597-43d1-a0d9-fd03e0850daa@group-6EB4CB2E655A->f486f1b0-a775-4c38-857e-a3674efc25f6-AppendLogResponseHandler: Failed appendEntries: org.apache.ratis.thirdparty.io.grpc.StatusRuntimeException: UNAVAILABLE: io exception
2019-10-11 04:56:08,730 [grpc-default-executor-1] INFO  impl.FollowerInfo (FollowerInfo.java:lambda$new$0(51)) - af93d71e-9597-43d1-a0d9-fd03e0850daa@group-6EB4CB2E655A->f486f1b0-a775-4c38-857e-a3674efc25f6: nextIndex: updateUnconditionally 0 -> 0
2019-10-11 04:56:08,885 [grpc-default-executor-5] WARN  server.GrpcLogAppender (LogUtils.java:warn(134)) - af93d71e-9597-43d1-a0d9-fd03e0850daa@group-B594624CFC31->85dedb5c-0475-48d6-91a5-f8922a1c9690-AppendLogResponseHandler: Failed appendEntries: org.apache.ratis.thirdparty.io.grpc.StatusRuntimeException: UNAVAILABLE: io exception
2019-10-11 04:56:08,885 [grpc-default-executor-2] WARN  server.GrpcLogAppender (LogUtils.java:warn(134)) - af93d71e-9597-43d1-a0d9-fd03e0850daa@group-B594624CFC31->f486f1b0-a775-4c38-857e-a3674efc25f6-AppendLogResponseHandler: Failed appendEntries: org.apache.ratis.thirdparty.io.grpc.StatusRuntimeException: UNAVAILABLE: io exception
2019-10-11 04:56:08,885 [grpc-default-executor-5] INFO  impl.FollowerInfo (FollowerInfo.java:lambda$new$0(51)) - af93d71e-9597-43d1-a0d9-fd03e0850daa@group-B594624CFC31->85dedb5c-0475-48d6-91a5-f8922a1c9690: nextIndex: updateUnconditionally 0 -> 0
2019-10-11 04:56:08,885 [grpc-default-executor-2] INFO  impl.FollowerInfo (FollowerInfo.java:lambda$new$0(51)) - af93d71e-9597-43d1-a0d9-fd03e0850daa@group-B594624CFC31->f486f1b0-a775-4c38-857e-a3674efc25f6: nextIndex: updateUnconditionally 0 -> 0
2019-10-11 04:56:09,223 [grpc-default-executor-5] WARN  server.GrpcLogAppender (LogUtils.java:warn(134)) - af93d71e-9597-43d1-a0d9-fd03e0850daa@group-6EB4CB2E655A->85dedb5c-0475-48d6-91a5-f8922a1c9690-AppendLogResponseHandler: Failed appendEntries: org.apache.ratis.thirdparty.io.grpc.StatusRuntimeException: UNAVAILABLE: io exception
2019-10-11 04:56:09,224 [grpc-default-executor-5] INFO  impl.FollowerInfo (FollowerInfo.java:lambda$new$0(51)) - af93d71e-9597-43d1-a0d9-fd03e0850daa@group-6EB4CB2E655A->85dedb5c-0475-48d6-91a5-f8922a1c9690: nextIndex: updateUnconditionally 0 -> 0
2019-10-11 04:56:09,229 [grpc-default-executor-2] WARN  server.GrpcLogAppender (LogUtils.java:warn(134)) - af93d71e-9597-43d1-a0d9-fd03e0850daa@group-6EB4CB2E655A->f486f1b0-a775-4c38-857e-a3674efc25f6-AppendLogResponseHandler: Failed appendEntries: org.apache.ratis.thirdparty.io.grpc.StatusRuntimeException: UNAVAILABLE: io exception
2019-10-11 04:56:09,230 [grpc-default-executor-2] INFO  impl.FollowerInfo (FollowerInfo.java:lambda$new$0(51)) - af93d71e-9597-43d1-a0d9-fd03e0850daa@group-6EB4CB2E655A->f486f1b0-a775-4c38-857e-a3674efc25f6: nextIndex: updateUnconditionally 0 -> 0
2019-10-11 04:56:09,385 [grpc-default-executor-1] WARN  server.GrpcLogAppender (LogUtils.java:warn(134)) - af93d71e-9597-43d1-a0d9-fd03e0850daa@group-B594624CFC31->85dedb5c-0475-48d6-91a5-f8922a1c9690-AppendLogResponseHandler: Failed appendEntries: org.apache.ratis.thirdparty.io.grpc.StatusRuntimeException: UNAVAILABLE: io exception
2019-10-11 04:56:09,385 [grpc-default-executor-4] WARN  server.GrpcLogAppender (LogUtils.java:warn(134)) - af93d71e-9597-43d1-a0d9-fd03e0850daa@group-B594624CFC31->f486f1b0-a775-4c38-857e-a3674efc25f6-AppendLogResponseHandler: Failed appendEntries: org.apache.ratis.thirdparty.io.grpc.StatusRuntimeException: UNAVAILABLE: io exception
2019-10-11 04:56:09,385 [grpc-default-executor-1] INFO  impl.FollowerInfo (FollowerInfo.java:lambda$new$0(51)) - af93d71e-9597-43d1-a0d9-fd03e0850daa@group-B594624CFC31->85dedb5c-0475-48d6-91a5-f8922a1c9690: nextIndex: updateUnconditionally 0 -> 0
2019-10-11 04:56:09,386 [grpc-default-executor-4] INFO  impl.FollowerInfo (FollowerInfo.java:lambda$new$0(51)) - af93d71e-9597-43d1-a0d9-fd03e0850daa@group-B594624CFC31->f486f1b0-a775-4c38-857e-a3674efc25f6: nextIndex: updateUnconditionally 0 -> 0
2019-10-11 04:56:09,725 [grpc-default-executor-4] WARN  server.GrpcLogAppender (LogUtils.java:warn(134)) - af93d71e-9597-43d1-a0d9-fd03e0850daa@group-6EB4CB2E655A->85dedb5c-0475-48d6-91a5-f8922a1c9690-AppendLogResponseHandler: Failed appendEntries: org.apache.ratis.thirdparty.io.grpc.StatusRuntimeException: UNAVAILABLE: io exception
2019-10-11 04:56:09,726 [grpc-default-executor-4] INFO  impl.FollowerInfo (FollowerInfo.java:lambda$new$0(51)) - af93d71e-9597-43d1-a0d9-fd03e0850daa@group-6EB4CB2E655A->85dedb5c-0475-48d6-91a5-f8922a1c9690: nextIndex: updateUnconditionally 0 -> 0
2019-10-11 04:56:09,730 [grpc-default-executor-2] WARN  server.GrpcLogAppender (LogUtils.java:warn(134)) - af93d71e-9597-43d1-a0d9-fd03e0850daa@group-6EB4CB2E655A->f486f1b0-a775-4c38-857e-a3674efc25f6-AppendLogResponseHandler: Failed appendEntries: org.apache.ratis.thirdparty.io.grpc.StatusRuntimeException: UNAVAILABLE: io exception
2019-10-11 04:56:09,730 [grpc-default-executor-2] INFO  impl.FollowerInfo (FollowerInfo.java:lambda$new$0(51)) - af93d71e-9597-43d1-a0d9-fd03e0850daa@group-6EB4CB2E655A->f486f1b0-a775-4c38-857e-a3674efc25f6: nextIndex: updateUnconditionally 0 -> 0
2019-10-11 04:56:09,885 [grpc-default-executor-4] WARN  server.GrpcLogAppender (LogUtils.java:warn(134)) - af93d71e-9597-43d1-a0d9-fd03e0850daa@group-B594624CFC31->f486f1b0-a775-4c38-857e-a3674efc25f6-AppendLogResponseHandler: Failed appendEntries: org.apache.ratis.thirdparty.io.grpc.StatusRuntimeException: UNAVAILABLE: io exception
2019-10-11 04:56:09,885 [grpc-default-executor-5] WARN  server.GrpcLogAppender (LogUtils.java:warn(134)) - af93d71e-9597-43d1-a0d9-fd03e0850daa@group-B594624CFC31->85dedb5c-0475-48d6-91a5-f8922a1c9690-AppendLogResponseHandler: Failed appendEntries: org.apache.ratis.thirdparty.io.grpc.StatusRuntimeException: UNAVAILABLE: io exception
2019-10-11 04:56:09,886 [grpc-default-executor-4] INFO  impl.FollowerInfo (FollowerInfo.java:lambda$new$0(51)) - af93d71e-9597-43d1-a0d9-fd03e0850daa@group-B594624CFC31->f486f1b0-a775-4c38-857e-a3674efc25f6: nextIndex: updateUnconditionally 0 -> 0
2019-10-11 04:56:09,886 [grpc-default-executor-5] INFO  impl.FollowerInfo (FollowerInfo.java:lambda$new$0(51)) - af93d71e-9597-43d1-a0d9-fd03e0850daa@group-B594624CFC31->85dedb5c-0475-48d6-91a5-f8922a1c9690: nextIndex: updateUnconditionally 0 -> 0
2019-10-11 04:56:10,225 [grpc-default-executor-2] WARN  server.GrpcLogAppender (LogUtils.java:warn(134)) - af93d71e-9597-43d1-a0d9-fd03e0850daa@group-6EB4CB2E655A->85dedb5c-0475-48d6-91a5-f8922a1c9690-AppendLogResponseHandler: Failed appendEntries: org.apache.ratis.thirdparty.io.grpc.StatusRuntimeException: UNAVAILABLE: io exception
2019-10-11 04:56:10,226 [grpc-default-executor-2] INFO  impl.FollowerInfo (FollowerInfo.java:lambda$new$0(51)) - af93d71e-9597-43d1-a0d9-fd03e0850daa@group-6EB4CB2E655A->85dedb5c-0475-48d6-91a5-f8922a1c9690: nextIndex: updateUnconditionally 0 -> 0
2019-10-11 04:56:10,231 [grpc-default-executor-4] WARN  server.GrpcLogAppender (LogUtils.java:warn(134)) - af93d71e-9597-43d1-a0d9-fd03e0850daa@group-6EB4CB2E655A->f486f1b0-a775-4c38-857e-a3674efc25f6-AppendLogResponseHandler: Failed appendEntries: org.apache.ratis.thirdparty.io.grpc.StatusRuntimeException: UNAVAILABLE: io exception
2019-10-11 04:56:10,231 [grpc-default-executor-4] INFO  impl.FollowerInfo (FollowerInfo.java:lambda$new$0(51)) - af93d71e-9597-43d1-a0d9-fd03e0850daa@group-6EB4CB2E655A->f486f1b0-a775-4c38-857e-a3674efc25f6: nextIndex: updateUnconditionally 0 -> 0
2019-10-11 04:56:10,386 [grpc-default-executor-5] WARN  server.GrpcLogAppender (LogUtils.java:warn(134)) - af93d71e-9597-43d1-a0d9-fd03e0850daa@group-B594624CFC31->f486f1b0-a775-4c38-857e-a3674efc25f6-AppendLogResponseHandler: Failed appendEntries: org.apache.ratis.thirdparty.io.grpc.StatusRuntimeException: UNAVAILABLE: io exception
2019-10-11 04:56:10,386 [grpc-default-executor-2] WARN  server.GrpcLogAppender (LogUtils.java:warn(134)) - af93d71e-9597-43d1-a0d9-fd03e0850daa@group-B594624CFC31->85dedb5c-0475-48d6-91a5-f8922a1c9690-AppendLogResponseHandler: Failed appendEntries: org.apache.ratis.thirdparty.io.grpc.StatusRuntimeException: UNAVAILABLE: io exception
2019-10-11 04:56:10,386 [grpc-default-executor-5] INFO  impl.FollowerInfo (FollowerInfo.java:lambda$new$0(51)) - af93d71e-9597-43d1-a0d9-fd03e0850daa@group-B594624CFC31->f486f1b0-a775-4c38-857e-a3674efc25f6: nextIndex: updateUnconditionally 0 -> 0
2019-10-11 04:56:10,386 [grpc-default-executor-2] INFO  impl.FollowerInfo (FollowerInfo.java:lambda$new$0(51)) - af93d71e-9597-43d1-a0d9-fd03e0850daa@group-B594624CFC31->85dedb5c-0475-48d6-91a5-f8922a1c9690: nextIndex: updateUnconditionally 0 -> 0
2019-10-11 04:56:10,727 [grpc-default-executor-1] WARN  server.GrpcLogAppender (LogUtils.java:warn(134)) - af93d71e-9597-43d1-a0d9-fd03e0850daa@group-6EB4CB2E655A->85dedb5c-0475-48d6-91a5-f8922a1c9690-AppendLogResponseHandler: Failed appendEntries: org.apache.ratis.thirdparty.io.grpc.StatusRuntimeException: UNAVAILABLE: io exception
2019-10-11 04:56:10,728 [grpc-default-executor-1] INFO  impl.FollowerInfo (FollowerInfo.java:lambda$new$0(51)) - af93d71e-9597-43d1-a0d9-fd03e0850daa@group-6EB4CB2E655A->85dedb5c-0475-48d6-91a5-f8922a1c9690: nextIndex: updateUnconditionally 0 -> 0
2019-10-11 04:56:10,731 [grpc-default-executor-2] WARN  server.GrpcLogAppender (LogUtils.java:warn(134)) - af93d71e-9597-43d1-a0d9-fd03e0850daa@group-6EB4CB2E655A->f486f1b0-a775-4c38-857e-a3674efc25f6-AppendLogResponseHandler: Failed appendEntries: org.apache.ratis.thirdparty.io.grpc.StatusRuntimeException: UNAVAILABLE: io exception
2019-10-11 04:56:10,731 [grpc-default-executor-2] INFO  impl.FollowerInfo (FollowerInfo.java:lambda$new$0(51)) - af93d71e-9597-43d1-a0d9-fd03e0850daa@group-6EB4CB2E655A->f486f1b0-a775-4c38-857e-a3674efc25f6: nextIndex: updateUnconditionally 0 -> 0
2019-10-11 04:56:10,886 [grpc-default-executor-3] WARN  server.GrpcLogAppender (LogUtils.java:warn(134)) - af93d71e-9597-43d1-a0d9-fd03e0850daa@group-B594624CFC31->f486f1b0-a775-4c38-857e-a3674efc25f6-AppendLogResponseHandler: Failed appendEntries: org.apache.ratis.thirdparty.io.grpc.StatusRuntimeException: UNAVAILABLE: io exception
2019-10-11 04:56:10,886 [grpc-default-executor-1] WARN  server.GrpcLogAppender (LogUtils.java:warn(134)) - af93d71e-9597-43d1-a0d9-fd03e0850daa@group-B594624CFC31->85dedb5c-0475-48d6-91a5-f8922a1c9690-AppendLogResponseHandler: Failed appendEntries: org.apache.ratis.thirdparty.io.grpc.StatusRuntimeException: UNAVAILABLE: io exception
2019-10-11 04:56:10,887 [grpc-default-executor-3] INFO  impl.FollowerInfo (FollowerInfo.java:lambda$new$0(51)) - af93d71e-9597-43d1-a0d9-fd03e0850daa@group-B594624CFC31->f486f1b0-a775-4c38-857e-a3674efc25f6: nextIndex: updateUnconditionally 0 -> 0
2019-10-11 04:56:10,887 [grpc-default-executor-1] INFO  impl.FollowerInfo (FollowerInfo.java:lambda$new$0(51)) - af93d71e-9597-43d1-a0d9-fd03e0850daa@group-B594624CFC31->85dedb5c-0475-48d6-91a5-f8922a1c9690: nextIndex: updateUnconditionally 0 -> 0
2019-10-11 04:56:11,227 [grpc-default-executor-2] WARN  server.GrpcLogAppender (LogUtils.java:warn(134)) - af93d71e-9597-43d1-a0d9-fd03e0850daa@group-6EB4CB2E655A->85dedb5c-0475-48d6-91a5-f8922a1c9690-AppendLogResponseHandler: Failed appendEntries: org.apache.ratis.thirdparty.io.grpc.StatusRuntimeException: UNAVAILABLE: io exception
2019-10-11 04:56:11,227 [grpc-default-executor-2] INFO  impl.FollowerInfo (FollowerInfo.java:lambda$new$0(51)) - af93d71e-9597-43d1-a0d9-fd03e0850daa@group-6EB4CB2E655A->85dedb5c-0475-48d6-91a5-f8922a1c9690: nextIndex: updateUnconditionally 0 -> 0
2019-10-11 04:56:11,231 [grpc-default-executor-1] WARN  server.GrpcLogAppender (LogUtils.java:warn(134)) - af93d71e-9597-43d1-a0d9-fd03e0850daa@group-6EB4CB2E655A->f486f1b0-a775-4c38-857e-a3674efc25f6-AppendLogResponseHandler: Failed appendEntries: org.apache.ratis.thirdparty.io.grpc.StatusRuntimeException: UNAVAILABLE: io exception
2019-10-11 04:56:11,232 [grpc-default-executor-1] INFO  impl.FollowerInfo (FollowerInfo.java:lambda$new$0(51)) - af93d71e-9597-43d1-a0d9-fd03e0850daa@group-6EB4CB2E655A->f486f1b0-a775-4c38-857e-a3674efc25f6: nextIndex: updateUnconditionally 0 -> 0
2019-10-11 04:56:11,386 [grpc-default-executor-2] WARN  server.GrpcLogAppender (LogUtils.java:warn(134)) - af93d71e-9597-43d1-a0d9-fd03e0850daa@group-B594624CFC31->f486f1b0-a775-4c38-857e-a3674efc25f6-AppendLogResponseHandler: Failed appendEntries: org.apache.ratis.thirdparty.io.grpc.StatusRuntimeException: UNAVAILABLE: io exception
2019-10-11 04:56:11,387 [grpc-default-executor-2] INFO  impl.FollowerInfo (FollowerInfo.java:lambda$new$0(51)) - af93d71e-9597-43d1-a0d9-fd03e0850daa@group-B594624CFC31->f486f1b0-a775-4c38-857e-a3674efc25f6: nextIndex: updateUnconditionally 0 -> 0
2019-10-11 04:56:11,387 [grpc-default-executor-5] WARN  server.GrpcLogAppender (LogUtils.java:warn(134)) - af93d71e-9597-43d1-a0d9-fd03e0850daa@group-B594624CFC31->85dedb5c-0475-48d6-91a5-f8922a1c9690-AppendLogResponseHandler: Failed appendEntries: org.apache.ratis.thirdparty.io.grpc.StatusRuntimeException: UNAVAILABLE: io exception
2019-10-11 04:56:11,387 [grpc-default-executor-5] INFO  impl.FollowerInfo (FollowerInfo.java:lambda$new$0(51)) - af93d71e-9597-43d1-a0d9-fd03e0850daa@group-B594624CFC31->85dedb5c-0475-48d6-91a5-f8922a1c9690: nextIndex: updateUnconditionally 0 -> 0
2019-10-11 04:56:11,731 [grpc-default-executor-3] WARN  server.GrpcLogAppender (LogUtils.java:warn(134)) - af93d71e-9597-43d1-a0d9-fd03e0850daa@group-6EB4CB2E655A->85dedb5c-0475-48d6-91a5-f8922a1c9690-AppendLogResponseHandler: Failed appendEntries: org.apache.ratis.thirdparty.io.grpc.StatusRuntimeException: UNAVAILABLE: io exception
2019-10-11 04:56:11,731 [grpc-default-executor-2] WARN  server.GrpcLogAppender (LogUtils.java:warn(134)) - af93d71e-9597-43d1-a0d9-fd03e0850daa@group-6EB4CB2E655A->f486f1b0-a775-4c38-857e-a3674efc25f6-AppendLogResponseHandler: Failed appendEntries: org.apache.ratis.thirdparty.io.grpc.StatusRuntimeException: UNAVAILABLE: io exception
2019-10-11 04:56:11,732 [grpc-default-executor-3] INFO  impl.FollowerInfo (FollowerInfo.java:lambda$new$0(51)) - af93d71e-9597-43d1-a0d9-fd03e0850daa@group-6EB4CB2E655A->85dedb5c-0475-48d6-91a5-f8922a1c9690: nextIndex: updateUnconditionally 0 -> 0
2019-10-11 04:56:11,732 [grpc-default-executor-2] INFO  impl.FollowerInfo (FollowerInfo.java:lambda$new$0(51)) - af93d71e-9597-43d1-a0d9-fd03e0850daa@group-6EB4CB2E655A->f486f1b0-a775-4c38-857e-a3674efc25f6: nextIndex: updateUnconditionally 0 -> 0
2019-10-11 04:56:11,887 [grpc-default-executor-1] WARN  server.GrpcLogAppender (LogUtils.java:warn(134)) - af93d71e-9597-43d1-a0d9-fd03e0850daa@group-B594624CFC31->f486f1b0-a775-4c38-857e-a3674efc25f6-AppendLogResponseHandler: Failed appendEntries: org.apache.ratis.thirdparty.io.grpc.StatusRuntimeException: UNAVAILABLE: io exception
2019-10-11 04:56:11,887 [grpc-default-executor-5] WARN  server.GrpcLogAppender (LogUtils.java:warn(134)) - af93d71e-9597-43d1-a0d9-fd03e0850daa@group-B594624CFC31->85dedb5c-0475-48d6-91a5-f8922a1c9690-AppendLogResponseHandler: Failed appendEntries: org.apache.ratis.thirdparty.io.grpc.StatusRuntimeException: UNAVAILABLE: io exception
2019-10-11 04:56:11,887 [grpc-default-executor-1] INFO  impl.FollowerInfo (FollowerInfo.java:lambda$new$0(51)) - af93d71e-9597-43d1-a0d9-fd03e0850daa@group-B594624CFC31->f486f1b0-a775-4c38-857e-a3674efc25f6: nextIndex: updateUnconditionally 0 -> 0
2019-10-11 04:56:11,888 [grpc-default-executor-5] INFO  impl.FollowerInfo (FollowerInfo.java:lambda$new$0(51)) - af93d71e-9597-43d1-a0d9-fd03e0850daa@group-B594624CFC31->85dedb5c-0475-48d6-91a5-f8922a1c9690: nextIndex: updateUnconditionally 0 -> 0
2019-10-11 04:56:12,230 [grpc-default-executor-3] WARN  server.GrpcLogAppender (LogUtils.java:warn(134)) - af93d71e-9597-43d1-a0d9-fd03e0850daa@group-6EB4CB2E655A->85dedb5c-0475-48d6-91a5-f8922a1c9690-AppendLogResponseHandler: Failed appendEntries: org.apache.ratis.thirdparty.io.grpc.StatusRuntimeException: UNAVAILABLE: io exception
2019-10-11 04:56:12,231 [grpc-default-executor-3] INFO  impl.FollowerInfo (FollowerInfo.java:lambda$new$0(51)) - af93d71e-9597-43d1-a0d9-fd03e0850daa@group-6EB4CB2E655A->85dedb5c-0475-48d6-91a5-f8922a1c9690: nextIndex: updateUnconditionally 0 -> 0
2019-10-11 04:56:12,232 [grpc-default-executor-1] WARN  server.GrpcLogAppender (LogUtils.java:warn(134)) - af93d71e-9597-43d1-a0d9-fd03e0850daa@group-6EB4CB2E655A->f486f1b0-a775-4c38-857e-a3674efc25f6-AppendLogResponseHandler: Failed appendEntries: org.apache.ratis.thirdparty.io.grpc.StatusRuntimeException: UNAVAILABLE: io exception
2019-10-11 04:56:12,232 [grpc-default-executor-1] INFO  impl.FollowerInfo (FollowerInfo.java:lambda$new$0(51)) - af93d71e-9597-43d1-a0d9-fd03e0850daa@group-6EB4CB2E655A->f486f1b0-a775-4c38-857e-a3674efc25f6: nextIndex: updateUnconditionally 0 -> 0
2019-10-11 04:56:12,387 [grpc-default-executor-5] WARN  server.GrpcLogAppender (LogUtils.java:warn(134)) - af93d71e-9597-43d1-a0d9-fd03e0850daa@group-B594624CFC31->f486f1b0-a775-4c38-857e-a3674efc25f6-AppendLogResponseHandler: Failed appendEntries: org.apache.ratis.thirdparty.io.grpc.StatusRuntimeException: UNAVAILABLE: io exception
2019-10-11 04:56:12,388 [grpc-default-executor-5] INFO  impl.FollowerInfo (FollowerInfo.java:lambda$new$0(51)) - af93d71e-9597-43d1-a0d9-fd03e0850daa@group-B594624CFC31->f486f1b0-a775-4c38-857e-a3674efc25f6: nextIndex: updateUnconditionally 0 -> 0
2019-10-11 04:56:12,388 [grpc-default-executor-2] WARN  server.GrpcLogAppender (LogUtils.java:warn(134)) - af93d71e-9597-43d1-a0d9-fd03e0850daa@group-B594624CFC31->85dedb5c-0475-48d6-91a5-f8922a1c9690-AppendLogResponseHandler: Failed appendEntries: org.apache.ratis.thirdparty.io.grpc.StatusRuntimeException: UNAVAILABLE: io exception
2019-10-11 04:56:12,388 [grpc-default-executor-2] INFO  impl.FollowerInfo (FollowerInfo.java:lambda$new$0(51)) - af93d71e-9597-43d1-a0d9-fd03e0850daa@group-B594624CFC31->85dedb5c-0475-48d6-91a5-f8922a1c9690: nextIndex: updateUnconditionally 0 -> 0
2019-10-11 04:56:12,730 [grpc-default-executor-3] WARN  server.GrpcLogAppender (LogUtils.java:warn(134)) - af93d71e-9597-43d1-a0d9-fd03e0850daa@group-6EB4CB2E655A->85dedb5c-0475-48d6-91a5-f8922a1c9690-AppendLogResponseHandler: Failed appendEntries: org.apache.ratis.thirdparty.io.grpc.StatusRuntimeException: UNAVAILABLE: io exception
2019-10-11 04:56:12,730 [grpc-default-executor-3] INFO  impl.FollowerInfo (FollowerInfo.java:lambda$new$0(51)) - af93d71e-9597-43d1-a0d9-fd03e0850daa@group-6EB4CB2E655A->85dedb5c-0475-48d6-91a5-f8922a1c9690: nextIndex: updateUnconditionally 0 -> 0
2019-10-11 04:56:12,732 [grpc-default-executor-5] WARN  server.GrpcLogAppender (LogUtils.java:warn(134)) - af93d71e-9597-43d1-a0d9-fd03e0850daa@group-6EB4CB2E655A->f486f1b0-a775-4c38-857e-a3674efc25f6-AppendLogResponseHandler: Failed appendEntries: org.apache.ratis.thirdparty.io.grpc.StatusRuntimeException: UNAVAILABLE: io exception
2019-10-11 04:56:12,733 [grpc-default-executor-5] INFO  impl.FollowerInfo (FollowerInfo.java:lambda$new$0(51)) - af93d71e-9597-43d1-a0d9-fd03e0850daa@group-6EB4CB2E655A->f486f1b0-a775-4c38-857e-a3674efc25f6: nextIndex: updateUnconditionally 0 -> 0
2019-10-11 04:56:12,888 [grpc-default-executor-2] WARN  server.GrpcLogAppender (LogUtils.java:warn(134)) - af93d71e-9597-43d1-a0d9-fd03e0850daa@group-B594624CFC31->f486f1b0-a775-4c38-857e-a3674efc25f6-AppendLogResponseHandler: Failed appendEntries: org.apache.ratis.thirdparty.io.grpc.StatusRuntimeException: UNAVAILABLE: io exception
2019-10-11 04:56:12,888 [grpc-default-executor-2] INFO  impl.FollowerInfo (FollowerInfo.java:lambda$new$0(51)) - af93d71e-9597-43d1-a0d9-fd03e0850daa@group-B594624CFC31->f486f1b0-a775-4c38-857e-a3674efc25f6: nextIndex: updateUnconditionally 0 -> 0
2019-10-11 04:56:12,888 [grpc-default-executor-1] WARN  server.GrpcLogAppender (LogUtils.java:warn(134)) - af93d71e-9597-43d1-a0d9-fd03e0850daa@group-B594624CFC31->85dedb5c-0475-48d6-91a5-f8922a1c9690-AppendLogResponseHandler: Failed appendEntries: org.apache.ratis.thirdparty.io.grpc.StatusRuntimeException: UNAVAILABLE: io exception
2019-10-11 04:56:12,889 [grpc-default-executor-1] INFO  impl.FollowerInfo (FollowerInfo.java:lambda$new$0(51)) - af93d71e-9597-43d1-a0d9-fd03e0850daa@group-B594624CFC31->85dedb5c-0475-48d6-91a5-f8922a1c9690: nextIndex: updateUnconditionally 0 -> 0
2019-10-11 04:56:13,233 [grpc-default-executor-3] WARN  server.GrpcLogAppender (LogUtils.java:warn(134)) - af93d71e-9597-43d1-a0d9-fd03e0850daa@group-6EB4CB2E655A->85dedb5c-0475-48d6-91a5-f8922a1c9690-AppendLogResponseHandler: Failed appendEntries: org.apache.ratis.thirdparty.io.grpc.StatusRuntimeException: UNAVAILABLE: io exception
2019-10-11 04:56:13,233 [grpc-default-executor-4] WARN  server.GrpcLogAppender (LogUtils.java:warn(134)) - af93d71e-9597-43d1-a0d9-fd03e0850daa@group-6EB4CB2E655A->f486f1b0-a775-4c38-857e-a3674efc25f6-AppendLogResponseHandler: Failed appendEntries: org.apache.ratis.thirdparty.io.grpc.StatusRuntimeException: UNAVAILABLE: io exception
2019-10-11 04:56:13,234 [grpc-default-executor-3] INFO  impl.FollowerInfo (FollowerInfo.java:lambda$new$0(51)) - af93d71e-9597-43d1-a0d9-fd03e0850daa@group-6EB4CB2E655A->85dedb5c-0475-48d6-91a5-f8922a1c9690: nextIndex: updateUnconditionally 0 -> 0
2019-10-11 04:56:13,234 [grpc-default-executor-4] INFO  impl.FollowerInfo (FollowerInfo.java:lambda$new$0(51)) - af93d71e-9597-43d1-a0d9-fd03e0850daa@group-6EB4CB2E655A->f486f1b0-a775-4c38-857e-a3674efc25f6: nextIndex: updateUnconditionally 0 -> 0
2019-10-11 04:56:13,388 [grpc-default-executor-5] WARN  server.GrpcLogAppender (LogUtils.java:warn(134)) - af93d71e-9597-43d1-a0d9-fd03e0850daa@group-B594624CFC31->f486f1b0-a775-4c38-857e-a3674efc25f6-AppendLogResponseHandler: Failed appendEntries: org.apache.ratis.thirdparty.io.grpc.StatusRuntimeException: UNAVAILABLE: io exception
2019-10-11 04:56:13,389 [grpc-default-executor-2] WARN  server.GrpcLogAppender (LogUtils.java:warn(134)) - af93d71e-9597-43d1-a0d9-fd03e0850daa@group-B594624CFC31->85dedb5c-0475-48d6-91a5-f8922a1c9690-AppendLogResponseHandler: Failed appendEntries: org.apache.ratis.thirdparty.io.grpc.StatusRuntimeException: UNAVAILABLE: io exception
2019-10-11 04:56:13,389 [grpc-default-executor-5] INFO  impl.FollowerInfo (FollowerInfo.java:lambda$new$0(51)) - af93d71e-9597-43d1-a0d9-fd03e0850daa@group-B594624CFC31->f486f1b0-a775-4c38-857e-a3674efc25f6: nextIndex: updateUnconditionally 0 -> 0
2019-10-11 04:56:13,389 [grpc-default-executor-2] INFO  impl.FollowerInfo (FollowerInfo.java:lambda$new$0(51)) - af93d71e-9597-43d1-a0d9-fd03e0850daa@group-B594624CFC31->85dedb5c-0475-48d6-91a5-f8922a1c9690: nextIndex: updateUnconditionally 0 -> 0
2019-10-11 04:56:13,733 [grpc-default-executor-2] WARN  server.GrpcLogAppender (LogUtils.java:warn(134)) - af93d71e-9597-43d1-a0d9-fd03e0850daa@group-6EB4CB2E655A->85dedb5c-0475-48d6-91a5-f8922a1c9690-AppendLogResponseHandler: Failed appendEntries: org.apache.ratis.thirdparty.io.grpc.StatusRuntimeException: UNAVAILABLE: io exception
2019-10-11 04:56:13,733 [grpc-default-executor-5] WARN  server.GrpcLogAppender (LogUtils.java:warn(134)) - af93d71e-9597-43d1-a0d9-fd03e0850daa@group-6EB4CB2E655A->f486f1b0-a775-4c38-857e-a3674efc25f6-AppendLogResponseHandler: Failed appendEntries: org.apache.ratis.thirdparty.io.grpc.StatusRuntimeException: UNAVAILABLE: io exception
2019-10-11 04:56:13,734 [grpc-default-executor-2] INFO  impl.FollowerInfo (FollowerInfo.java:lambda$new$0(51)) - af93d71e-9597-43d1-a0d9-fd03e0850daa@group-6EB4CB2E655A->85dedb5c-0475-48d6-91a5-f8922a1c9690: nextIndex: updateUnconditionally 0 -> 0
2019-10-11 04:56:13,734 [grpc-default-executor-5] INFO  impl.FollowerInfo (FollowerInfo.java:lambda$new$0(51)) - af93d71e-9597-43d1-a0d9-fd03e0850daa@group-6EB4CB2E655A->f486f1b0-a775-4c38-857e-a3674efc25f6: nextIndex: updateUnconditionally 0 -> 0
2019-10-11 04:56:13,889 [grpc-default-executor-5] WARN  server.GrpcLogAppender (LogUtils.java:warn(134)) - af93d71e-9597-43d1-a0d9-fd03e0850daa@group-B594624CFC31->f486f1b0-a775-4c38-857e-a3674efc25f6-AppendLogResponseHandler: Failed appendEntries: org.apache.ratis.thirdparty.io.grpc.StatusRuntimeException: UNAVAILABLE: io exception
2019-10-11 04:56:13,889 [grpc-default-executor-5] INFO  impl.FollowerInfo (FollowerInfo.java:lambda$new$0(51)) - af93d71e-9597-43d1-a0d9-fd03e0850daa@group-B594624CFC31->f486f1b0-a775-4c38-857e-a3674efc25f6: nextIndex: updateUnconditionally 0 -> 0
2019-10-11 04:56:13,889 [grpc-default-executor-4] WARN  server.GrpcLogAppender (LogUtils.java:warn(134)) - af93d71e-9597-43d1-a0d9-fd03e0850daa@group-B594624CFC31->85dedb5c-0475-48d6-91a5-f8922a1c9690-AppendLogResponseHandler: Failed appendEntries: org.apache.ratis.thirdparty.io.grpc.StatusRuntimeException: UNAVAILABLE: io exception
2019-10-11 04:56:13,889 [grpc-default-executor-4] INFO  impl.FollowerInfo (FollowerInfo.java:lambda$new$0(51)) - af93d71e-9597-43d1-a0d9-fd03e0850daa@group-B594624CFC31->85dedb5c-0475-48d6-91a5-f8922a1c9690: nextIndex: updateUnconditionally 0 -> 0
2019-10-11 04:56:14,234 [grpc-default-executor-5] WARN  server.GrpcLogAppender (LogUtils.java:warn(134)) - af93d71e-9597-43d1-a0d9-fd03e0850daa@group-6EB4CB2E655A->f486f1b0-a775-4c38-857e-a3674efc25f6-AppendLogResponseHandler: Failed appendEntries: org.apache.ratis.thirdparty.io.grpc.StatusRuntimeException: UNAVAILABLE: io exception
2019-10-11 04:56:14,234 [grpc-default-executor-2] WARN  server.GrpcLogAppender (LogUtils.java:warn(134)) - af93d71e-9597-43d1-a0d9-fd03e0850daa@group-6EB4CB2E655A->85dedb5c-0475-48d6-91a5-f8922a1c9690-AppendLogResponseHandler: Failed appendEntries: org.apache.ratis.thirdparty.io.grpc.StatusRuntimeException: UNAVAILABLE: io exception
2019-10-11 04:56:14,234 [grpc-default-executor-5] INFO  impl.FollowerInfo (FollowerInfo.java:lambda$new$0(51)) - af93d71e-9597-43d1-a0d9-fd03e0850daa@group-6EB4CB2E655A->f486f1b0-a775-4c38-857e-a3674efc25f6: nextIndex: updateUnconditionally 0 -> 0
2019-10-11 04:56:14,235 [grpc-default-executor-2] INFO  impl.FollowerInfo (FollowerInfo.java:lambda$new$0(51)) - af93d71e-9597-43d1-a0d9-fd03e0850daa@group-6EB4CB2E655A->85dedb5c-0475-48d6-91a5-f8922a1c9690: nextIndex: updateUnconditionally 0 -> 0
2019-10-11 04:56:14,389 [grpc-default-executor-5] WARN  server.GrpcLogAppender (LogUtils.java:warn(134)) - af93d71e-9597-43d1-a0d9-fd03e0850daa@group-B594624CFC31->85dedb5c-0475-48d6-91a5-f8922a1c9690-AppendLogResponseHandler: Failed appendEntries: org.apache.ratis.thirdparty.io.grpc.StatusRuntimeException: UNAVAILABLE: io exception
2019-10-11 04:56:14,389 [grpc-default-executor-4] WARN  server.GrpcLogAppender (LogUtils.java:warn(134)) - af93d71e-9597-43d1-a0d9-fd03e0850daa@group-B594624CFC31->f486f1b0-a775-4c38-857e-a3674efc25f6-AppendLogResponseHandler: Failed appendEntries: org.apache.ratis.thirdparty.io.grpc.StatusRuntimeException: UNAVAILABLE: io exception
2019-10-11 04:56:14,389 [grpc-default-executor-5] INFO  impl.FollowerInfo (FollowerInfo.java:lambda$new$0(51)) - af93d71e-9597-43d1-a0d9-fd03e0850daa@group-B594624CFC31->85dedb5c-0475-48d6-91a5-f8922a1c9690: nextIndex: updateUnconditionally 0 -> 0
2019-10-11 04:56:14,390 [grpc-default-executor-4] INFO  impl.FollowerInfo (FollowerInfo.java:lambda$new$0(51)) - af93d71e-9597-43d1-a0d9-fd03e0850daa@group-B594624CFC31->f486f1b0-a775-4c38-857e-a3674efc25f6: nextIndex: updateUnconditionally 0 -> 0
2019-10-11 04:56:14,737 [grpc-default-executor-5] WARN  server.GrpcLogAppender (LogUtils.java:warn(134)) - af93d71e-9597-43d1-a0d9-fd03e0850daa@group-6EB4CB2E655A->f486f1b0-a775-4c38-857e-a3674efc25f6-AppendLogResponseHandler: Failed appendEntries: org.apache.ratis.thirdparty.io.grpc.StatusRuntimeException: UNAVAILABLE: io exception
2019-10-11 04:56:14,737 [grpc-default-executor-4] WARN  server.GrpcLogAppender (LogUtils.java:warn(134)) - af93d71e-9597-43d1-a0d9-fd03e0850daa@group-6EB4CB2E655A->85dedb5c-0475-48d6-91a5-f8922a1c9690-AppendLogResponseHandler: Failed appendEntries: org.apache.ratis.thirdparty.io.grpc.StatusRuntimeException: UNAVAILABLE: io exception
2019-10-11 04:56:14,738 [grpc-default-executor-5] INFO  impl.FollowerInfo (FollowerInfo.java:lambda$new$0(51)) - af93d71e-9597-43d1-a0d9-fd03e0850daa@group-6EB4CB2E655A->f486f1b0-a775-4c38-857e-a3674efc25f6: nextIndex: updateUnconditionally 0 -> 0
2019-10-11 04:56:14,738 [grpc-default-executor-4] INFO  impl.FollowerInfo (FollowerInfo.java:lambda$new$0(51)) - af93d71e-9597-43d1-a0d9-fd03e0850daa@group-6EB4CB2E655A->85dedb5c-0475-48d6-91a5-f8922a1c9690: nextIndex: updateUnconditionally 0 -> 0
2019-10-11 04:56:14,890 [grpc-default-executor-5] WARN  server.GrpcLogAppender (LogUtils.java:warn(134)) - af93d71e-9597-43d1-a0d9-fd03e0850daa@group-B594624CFC31->85dedb5c-0475-48d6-91a5-f8922a1c9690-AppendLogResponseHandler: Failed appendEntries: org.apache.ratis.thirdparty.io.grpc.StatusRuntimeException: UNAVAILABLE: io exception
2019-10-11 04:56:14,890 [grpc-default-executor-1] WARN  server.GrpcLogAppender (LogUtils.java:warn(134)) - af93d71e-9597-43d1-a0d9-fd03e0850daa@group-B594624CFC31->f486f1b0-a775-4c38-857e-a3674efc25f6-AppendLogResponseHandler: Failed appendEntries: org.apache.ratis.thirdparty.io.grpc.StatusRuntimeException: UNAVAILABLE: io exception
2019-10-11 04:56:14,890 [grpc-default-executor-5] INFO  impl.FollowerInfo (FollowerInfo.java:lambda$new$0(51)) - af93d71e-9597-43d1-a0d9-fd03e0850daa@group-B594624CFC31->85dedb5c-0475-48d6-91a5-f8922a1c9690: nextIndex: updateUnconditionally 0 -> 0
2019-10-11 04:56:14,890 [grpc-default-executor-1] INFO  impl.FollowerInfo (FollowerInfo.java:lambda$new$0(51)) - af93d71e-9597-43d1-a0d9-fd03e0850daa@group-B594624CFC31->f486f1b0-a775-4c38-857e-a3674efc25f6: nextIndex: updateUnconditionally 0 -> 0
2019-10-11 04:56:15,236 [grpc-default-executor-2] WARN  server.GrpcLogAppender (LogUtils.java:warn(134)) - af93d71e-9597-43d1-a0d9-fd03e0850daa@group-6EB4CB2E655A->85dedb5c-0475-48d6-91a5-f8922a1c9690-AppendLogResponseHandler: Failed appendEntries: org.apache.ratis.thirdparty.io.grpc.StatusRuntimeException: UNAVAILABLE: io exception
2019-10-11 04:56:15,236 [grpc-default-executor-1] WARN  server.GrpcLogAppender (LogUtils.java:warn(134)) - af93d71e-9597-43d1-a0d9-fd03e0850daa@group-6EB4CB2E655A->f486f1b0-a775-4c38-857e-a3674efc25f6-AppendLogResponseHandler: Failed appendEntries: org.apache.ratis.thirdparty.io.grpc.StatusRuntimeException: UNAVAILABLE: io exception
2019-10-11 04:56:15,237 [grpc-default-executor-2] INFO  impl.FollowerInfo (FollowerInfo.java:lambda$new$0(51)) - af93d71e-9597-43d1-a0d9-fd03e0850daa@group-6EB4CB2E655A->85dedb5c-0475-48d6-91a5-f8922a1c9690: nextIndex: updateUnconditionally 0 -> 0
2019-10-11 04:56:15,237 [grpc-default-executor-1] INFO  impl.FollowerInfo (FollowerInfo.java:lambda$new$0(51)) - af93d71e-9597-43d1-a0d9-fd03e0850daa@group-6EB4CB2E655A->f486f1b0-a775-4c38-857e-a3674efc25f6: nextIndex: updateUnconditionally 0 -> 0
2019-10-11 04:56:15,390 [grpc-default-executor-3] WARN  server.GrpcLogAppender (LogUtils.java:warn(134)) - af93d71e-9597-43d1-a0d9-fd03e0850daa@group-B594624CFC31->85dedb5c-0475-48d6-91a5-f8922a1c9690-AppendLogResponseHandler: Failed appendEntries: org.apache.ratis.thirdparty.io.grpc.StatusRuntimeException: UNAVAILABLE: io exception
2019-10-11 04:56:15,390 [grpc-default-executor-4] WARN  server.GrpcLogAppender (LogUtils.java:warn(134)) - af93d71e-9597-43d1-a0d9-fd03e0850daa@group-B594624CFC31->f486f1b0-a775-4c38-857e-a3674efc25f6-AppendLogResponseHandler: Failed appendEntries: org.apache.ratis.thirdparty.io.grpc.StatusRuntimeException: UNAVAILABLE: io exception
2019-10-11 04:56:15,391 [grpc-default-executor-3] INFO  impl.FollowerInfo (FollowerInfo.java:lambda$new$0(51)) - af93d71e-9597-43d1-a0d9-fd03e0850daa@group-B594624CFC31->85dedb5c-0475-48d6-91a5-f8922a1c9690: nextIndex: updateUnconditionally 0 -> 0
2019-10-11 04:56:15,391 [grpc-default-executor-4] INFO  impl.FollowerInfo (FollowerInfo.java:lambda$new$0(51)) - af93d71e-9597-43d1-a0d9-fd03e0850daa@group-B594624CFC31->f486f1b0-a775-4c38-857e-a3674efc25f6: nextIndex: updateUnconditionally 0 -> 0
2019-10-11 04:56:15,738 [grpc-default-executor-2] WARN  server.GrpcLogAppender (LogUtils.java:warn(134)) - af93d71e-9597-43d1-a0d9-fd03e0850daa@group-6EB4CB2E655A->85dedb5c-0475-48d6-91a5-f8922a1c9690-AppendLogResponseHandler: Failed appendEntries: org.apache.ratis.thirdparty.io.grpc.StatusRuntimeException: UNAVAILABLE: io exception
2019-10-11 04:56:15,738 [grpc-default-executor-3] WARN  server.GrpcLogAppender (LogUtils.java:warn(134)) - af93d71e-9597-43d1-a0d9-fd03e0850daa@group-6EB4CB2E655A->f486f1b0-a775-4c38-857e-a3674efc25f6-AppendLogResponseHandler: Failed appendEntries: org.apache.ratis.thirdparty.io.grpc.StatusRuntimeException: UNAVAILABLE: io exception
2019-10-11 04:56:15,738 [grpc-default-executor-2] INFO  impl.FollowerInfo (FollowerInfo.java:lambda$new$0(51)) - af93d71e-9597-43d1-a0d9-fd03e0850daa@group-6EB4CB2E655A->85dedb5c-0475-48d6-91a5-f8922a1c9690: nextIndex: updateUnconditionally 0 -> 0
2019-10-11 04:56:15,738 [grpc-default-executor-3] INFO  impl.FollowerInfo (FollowerInfo.java:lambda$new$0(51)) - af93d71e-9597-43d1-a0d9-fd03e0850daa@group-6EB4CB2E655A->f486f1b0-a775-4c38-857e-a3674efc25f6: nextIndex: updateUnconditionally 0 -> 0
2019-10-11 04:56:15,891 [grpc-default-executor-1] WARN  server.GrpcLogAppender (LogUtils.java:warn(134)) - af93d71e-9597-43d1-a0d9-fd03e0850daa@group-B594624CFC31->85dedb5c-0475-48d6-91a5-f8922a1c9690-AppendLogResponseHandler: Failed appendEntries: org.apache.ratis.thirdparty.io.grpc.StatusRuntimeException: UNAVAILABLE: io exception
2019-10-11 04:56:15,891 [grpc-default-executor-4] WARN  server.GrpcLogAppender (LogUtils.java:warn(134)) - af93d71e-9597-43d1-a0d9-fd03e0850daa@group-B594624CFC31->f486f1b0-a775-4c38-857e-a3674efc25f6-AppendLogResponseHandler: Failed appendEntries: org.apache.ratis.thirdparty.io.grpc.StatusRuntimeException: UNAVAILABLE: io exception
2019-10-11 04:56:15,891 [grpc-default-executor-1] INFO  impl.FollowerInfo (FollowerInfo.java:lambda$new$0(51)) - af93d71e-9597-43d1-a0d9-fd03e0850daa@group-B594624CFC31->85dedb5c-0475-48d6-91a5-f8922a1c9690: nextIndex: updateUnconditionally 0 -> 0
2019-10-11 04:56:15,892 [grpc-default-executor-4] INFO  impl.FollowerInfo (FollowerInfo.java:lambda$new$0(51)) - af93d71e-9597-43d1-a0d9-fd03e0850daa@group-B594624CFC31->f486f1b0-a775-4c38-857e-a3674efc25f6: nextIndex: updateUnconditionally 0 -> 0
2019-10-11 04:56:16,048 [main] WARN  io.KeyOutputStream (KeyOutputStream.java:handleException(274)) - Encountered exception java.io.IOException: Unexpected Storage Container Exception: java.util.concurrent.CompletionException: java.util.concurrent.CompletionException: org.apache.ratis.protocol.RaftRetryFailureException: Failed RaftClientRequest:client-DFAFB1FAB1C6->85dedb5c-0475-48d6-91a5-f8922a1c9690@group-B594624CFC31, cid=34, seq=1*, RW, org.apache.hadoop.hdds.scm.XceiverClientRatis$$Lambda$582/1177206467@1fdb615d for 20 attempts with RetryLimited(maxAttempts=20, sleepTime=1000ms) on the pipeline Pipeline[ Id: 5b26041f-e257-4eb4-bd98-b594624cfc31, Nodes: 85dedb5c-0475-48d6-91a5-f8922a1c9690{ip: 192.168.157.200, host: pr-hdds-1569-qjnzd-3726989565, networkLocation: /default-rack, certSerialId: null}f486f1b0-a775-4c38-857e-a3674efc25f6{ip: 192.168.157.200, host: pr-hdds-1569-qjnzd-3726989565, networkLocation: /default-rack, certSerialId: null}af93d71e-9597-43d1-a0d9-fd03e0850daa{ip: 192.168.157.200, host: pr-hdds-1569-qjnzd-3726989565, networkLocation: /default-rack, certSerialId: null}, Type:RATIS, Factor:THREE, State:OPEN]. The last committed block length is 0, uncommitted data length is 400 retry count 0
2019-10-11 04:56:16,248 [grpc-default-executor-4] WARN  server.GrpcLogAppender (LogUtils.java:warn(134)) - af93d71e-9597-43d1-a0d9-fd03e0850daa@group-6EB4CB2E655A->85dedb5c-0475-48d6-91a5-f8922a1c9690-AppendLogResponseHandler: Failed appendEntries: org.apache.ratis.thirdparty.io.grpc.StatusRuntimeException: UNAVAILABLE: io exception
2019-10-11 04:56:16,250 [grpc-default-executor-4] INFO  impl.FollowerInfo (FollowerInfo.java:lambda$new$0(51)) - af93d71e-9597-43d1-a0d9-fd03e0850daa@group-6EB4CB2E655A->85dedb5c-0475-48d6-91a5-f8922a1c9690: nextIndex: updateUnconditionally 0 -> 0
2019-10-11 04:56:16,250 [grpc-default-executor-6] WARN  server.GrpcLogAppender (LogUtils.java:warn(134)) - af93d71e-9597-43d1-a0d9-fd03e0850daa@group-6EB4CB2E655A->f486f1b0-a775-4c38-857e-a3674efc25f6-AppendLogResponseHandler: Failed appendEntries: org.apache.ratis.thirdparty.io.grpc.StatusRuntimeException: UNAVAILABLE: io exception
2019-10-11 04:56:16,252 [grpc-default-executor-6] INFO  impl.FollowerInfo (FollowerInfo.java:lambda$new$0(51)) - af93d71e-9597-43d1-a0d9-fd03e0850daa@group-6EB4CB2E655A->f486f1b0-a775-4c38-857e-a3674efc25f6: nextIndex: updateUnconditionally 0 -> 0
]]></system-out>
    <system-err><![CDATA[ERROR StatusLogger No Log4j 2 configuration file found. Using default configuration (logging only errors to the console), or user programmatically provided configurations. Set system property 'log4j2.debug' to show Log4j 2 internal initialization logging. See https://logging.apache.org/log4j/2.x/manual/configuration.html for instructions on how to configure Log4j 2
Oct 11, 2019 4:54:59 AM org.apache.ratis.thirdparty.io.grpc.internal.SerializingExecutor run
SEVERE: Exception while executing runnable org.apache.ratis.thirdparty.io.grpc.internal.ServerImpl$JumpToApplicationThreadServerStreamListener$1Closed@4724a84d
org.apache.ratis.thirdparty.io.grpc.StatusRuntimeException: CANCELLED: call already cancelled
	at org.apache.ratis.thirdparty.io.grpc.Status.asRuntimeException(Status.java:517)
	at org.apache.ratis.thirdparty.io.grpc.stub.ServerCalls$ServerCallStreamObserverImpl.onCompleted(ServerCalls.java:356)
	at org.apache.ratis.grpc.server.GrpcServerProtocolService$ServerRequestStreamObserver.onError(GrpcServerProtocolService.java:121)
	at org.apache.ratis.thirdparty.io.grpc.stub.ServerCalls$StreamingServerCallHandler$StreamingServerCallListener.onCancel(ServerCalls.java:269)
	at org.apache.ratis.thirdparty.io.grpc.internal.ServerCallImpl$ServerStreamListenerImpl.closed(ServerCallImpl.java:293)
	at org.apache.ratis.thirdparty.io.grpc.internal.ServerImpl$JumpToApplicationThreadServerStreamListener$1Closed.runInContext(ServerImpl.java:741)
	at org.apache.ratis.thirdparty.io.grpc.internal.ContextRunnable.run(ContextRunnable.java:37)
	at org.apache.ratis.thirdparty.io.grpc.internal.SerializingExecutor.run(SerializingExecutor.java:123)
	at java.util.concurrent.ThreadPoolExecutor.runWorker(ThreadPoolExecutor.java:1149)
	at java.util.concurrent.ThreadPoolExecutor$Worker.run(ThreadPoolExecutor.java:624)
	at java.lang.Thread.run(Thread.java:748)

Oct 11, 2019 4:55:04 AM org.apache.ratis.thirdparty.io.grpc.internal.SerializingExecutor run
SEVERE: Exception while executing runnable org.apache.ratis.thirdparty.io.grpc.internal.ServerImpl$JumpToApplicationThreadServerStreamListener$1Closed@e724bf1
org.apache.ratis.thirdparty.io.grpc.StatusRuntimeException: CANCELLED: call already cancelled
	at org.apache.ratis.thirdparty.io.grpc.Status.asRuntimeException(Status.java:517)
	at org.apache.ratis.thirdparty.io.grpc.stub.ServerCalls$ServerCallStreamObserverImpl.onCompleted(ServerCalls.java:356)
	at org.apache.ratis.grpc.server.GrpcServerProtocolService$ServerRequestStreamObserver.onError(GrpcServerProtocolService.java:121)
	at org.apache.ratis.thirdparty.io.grpc.stub.ServerCalls$StreamingServerCallHandler$StreamingServerCallListener.onCancel(ServerCalls.java:269)
	at org.apache.ratis.thirdparty.io.grpc.internal.ServerCallImpl$ServerStreamListenerImpl.closed(ServerCallImpl.java:293)
	at org.apache.ratis.thirdparty.io.grpc.internal.ServerImpl$JumpToApplicationThreadServerStreamListener$1Closed.runInContext(ServerImpl.java:741)
	at org.apache.ratis.thirdparty.io.grpc.internal.ContextRunnable.run(ContextRunnable.java:37)
	at org.apache.ratis.thirdparty.io.grpc.internal.SerializingExecutor.run(SerializingExecutor.java:123)
	at java.util.concurrent.ThreadPoolExecutor.runWorker(ThreadPoolExecutor.java:1149)
	at java.util.concurrent.ThreadPoolExecutor$Worker.run(ThreadPoolExecutor.java:624)
	at java.lang.Thread.run(Thread.java:748)

Oct 11, 2019 4:55:04 AM org.apache.ratis.thirdparty.io.grpc.internal.SerializingExecutor run
SEVERE: Exception while executing runnable org.apache.ratis.thirdparty.io.grpc.internal.ServerImpl$JumpToApplicationThreadServerStreamListener$1Closed@65858950
org.apache.ratis.thirdparty.io.grpc.StatusRuntimeException: CANCELLED: call already cancelled
	at org.apache.ratis.thirdparty.io.grpc.Status.asRuntimeException(Status.java:517)
	at org.apache.ratis.thirdparty.io.grpc.stub.ServerCalls$ServerCallStreamObserverImpl.onCompleted(ServerCalls.java:356)
	at org.apache.ratis.grpc.server.GrpcServerProtocolService$ServerRequestStreamObserver.onError(GrpcServerProtocolService.java:121)
	at org.apache.ratis.thirdparty.io.grpc.stub.ServerCalls$StreamingServerCallHandler$StreamingServerCallListener.onCancel(ServerCalls.java:269)
	at org.apache.ratis.thirdparty.io.grpc.internal.ServerCallImpl$ServerStreamListenerImpl.closed(ServerCallImpl.java:293)
	at org.apache.ratis.thirdparty.io.grpc.internal.ServerImpl$JumpToApplicationThreadServerStreamListener$1Closed.runInContext(ServerImpl.java:741)
	at org.apache.ratis.thirdparty.io.grpc.internal.ContextRunnable.run(ContextRunnable.java:37)
	at org.apache.ratis.thirdparty.io.grpc.internal.SerializingExecutor.run(SerializingExecutor.java:123)
	at java.util.concurrent.ThreadPoolExecutor.runWorker(ThreadPoolExecutor.java:1149)
	at java.util.concurrent.ThreadPoolExecutor$Worker.run(ThreadPoolExecutor.java:624)
	at java.lang.Thread.run(Thread.java:748)

]]></system-err>
  </testcase>
  <testcase name="testWatchForCommitWithSmallerTimeoutValue" classname="org.apache.hadoop.ozone.client.rpc.TestWatchForCommit" time="53.024"/>
  <testcase name="testWatchForCommitForRetryfailure" classname="org.apache.hadoop.ozone.client.rpc.TestWatchForCommit" time="64.735"/>
  <testcase name="testWatchForCommitForGroupMismatchException" classname="org.apache.hadoop.ozone.client.rpc.TestWatchForCommit" time="32.695"/>
  <testcase name="test2WayCommitForTimeoutException" classname="org.apache.hadoop.ozone.client.rpc.TestWatchForCommit" time="26.111">
    <error message="org.apache.ratis.protocol.RaftRetryFailureException: Failed RaftClientRequest:client-7B4D890869A1-&gt;fa81099d-148a-45cb-bef5-8c6163d4f5a6@group-F22D5D1969C6, cid=403, seq=1*, RW, org.apache.hadoop.hdds.scm.XceiverClientRatis$$Lambda$582/1177206467@4bcb22de for 20 attempts with RetryLimited(maxAttempts=20, sleepTime=1000ms)" type="java.util.concurrent.ExecutionException">java.util.concurrent.ExecutionException: org.apache.ratis.protocol.RaftRetryFailureException: Failed RaftClientRequest:client-7B4D890869A1->fa81099d-148a-45cb-bef5-8c6163d4f5a6@group-F22D5D1969C6, cid=403, seq=1*, RW, org.apache.hadoop.hdds.scm.XceiverClientRatis$$Lambda$582/1177206467@4bcb22de for 20 attempts with RetryLimited(maxAttempts=20, sleepTime=1000ms)
	at java.util.concurrent.CompletableFuture.reportGet(CompletableFuture.java:357)
	at java.util.concurrent.CompletableFuture.get(CompletableFuture.java:1895)
	at org.apache.hadoop.ozone.client.rpc.TestWatchForCommit.test2WayCommitForTimeoutException(TestWatchForCommit.java:385)
	at sun.reflect.NativeMethodAccessorImpl.invoke0(Native Method)
	at sun.reflect.NativeMethodAccessorImpl.invoke(NativeMethodAccessorImpl.java:62)
	at sun.reflect.DelegatingMethodAccessorImpl.invoke(DelegatingMethodAccessorImpl.java:43)
	at java.lang.reflect.Method.invoke(Method.java:498)
	at org.junit.runners.model.FrameworkMethod$1.runReflectiveCall(FrameworkMethod.java:47)
	at org.junit.internal.runners.model.ReflectiveCallable.run(ReflectiveCallable.java:12)
	at org.junit.runners.model.FrameworkMethod.invokeExplosively(FrameworkMethod.java:44)
	at org.junit.internal.runners.statements.InvokeMethod.evaluate(InvokeMethod.java:17)
	at org.junit.runners.ParentRunner.runLeaf(ParentRunner.java:271)
	at org.junit.runners.BlockJUnit4ClassRunner.runChild(BlockJUnit4ClassRunner.java:70)
	at org.junit.runners.BlockJUnit4ClassRunner.runChild(BlockJUnit4ClassRunner.java:50)
	at org.junit.runners.ParentRunner$3.run(ParentRunner.java:238)
	at org.junit.runners.ParentRunner$1.schedule(ParentRunner.java:63)
	at org.junit.runners.ParentRunner.runChildren(ParentRunner.java:236)
	at org.junit.runners.ParentRunner.access$000(ParentRunner.java:53)
	at org.junit.runners.ParentRunner$2.evaluate(ParentRunner.java:229)
	at org.junit.runners.ParentRunner.run(ParentRunner.java:309)
	at org.apache.maven.surefire.junit4.JUnit4Provider.execute(JUnit4Provider.java:365)
	at org.apache.maven.surefire.junit4.JUnit4Provider.executeWithRerun(JUnit4Provider.java:273)
	at org.apache.maven.surefire.junit4.JUnit4Provider.executeTestSet(JUnit4Provider.java:238)
	at org.apache.maven.surefire.junit4.JUnit4Provider.invoke(JUnit4Provider.java:159)
	at org.apache.maven.surefire.booter.ForkedBooter.invokeProviderInSameClassLoader(ForkedBooter.java:384)
	at org.apache.maven.surefire.booter.ForkedBooter.runSuitesInProcess(ForkedBooter.java:345)
	at org.apache.maven.surefire.booter.ForkedBooter.execute(ForkedBooter.java:126)
	at org.apache.maven.surefire.booter.ForkedBooter.main(ForkedBooter.java:418)
Caused by: org.apache.ratis.protocol.RaftRetryFailureException: Failed RaftClientRequest:client-7B4D890869A1->fa81099d-148a-45cb-bef5-8c6163d4f5a6@group-F22D5D1969C6, cid=403, seq=1*, RW, org.apache.hadoop.hdds.scm.XceiverClientRatis$$Lambda$582/1177206467@4bcb22de for 20 attempts with RetryLimited(maxAttempts=20, sleepTime=1000ms)
	at org.apache.ratis.client.impl.RaftClientImpl.noMoreRetries(RaftClientImpl.java:271)
	at org.apache.ratis.client.impl.OrderedAsync.handleAsyncRetryFailure(OrderedAsync.java:138)
	at org.apache.ratis.client.impl.OrderedAsync.lambda$sendRequest$10(OrderedAsync.java:230)
	at java.util.concurrent.CompletableFuture.uniExceptionally(CompletableFuture.java:870)
	at java.util.concurrent.CompletableFuture$UniExceptionally.tryFire(CompletableFuture.java:852)
	at java.util.concurrent.CompletableFuture.postComplete(CompletableFuture.java:474)
	at java.util.concurrent.CompletableFuture.completeExceptionally(CompletableFuture.java:1977)
	at org.apache.ratis.grpc.client.GrpcClientProtocolClient$AsyncStreamObservers.completeReplyExceptionally(GrpcClientProtocolClient.java:339)
	at org.apache.ratis.grpc.client.GrpcClientProtocolClient$AsyncStreamObservers.access$000(GrpcClientProtocolClient.java:255)
	at org.apache.ratis.grpc.client.GrpcClientProtocolClient$AsyncStreamObservers$1.onNext(GrpcClientProtocolClient.java:267)
	at org.apache.ratis.grpc.client.GrpcClientProtocolClient$AsyncStreamObservers$1.onNext(GrpcClientProtocolClient.java:258)
	at org.apache.ratis.thirdparty.io.grpc.stub.ClientCalls$StreamObserverToCallListenerAdapter.onMessage(ClientCalls.java:421)
	at org.apache.ratis.thirdparty.io.grpc.ForwardingClientCallListener.onMessage(ForwardingClientCallListener.java:33)
	at org.apache.ratis.thirdparty.io.grpc.ForwardingClientCallListener.onMessage(ForwardingClientCallListener.java:33)
	at org.apache.ratis.thirdparty.io.grpc.internal.ClientCallImpl$ClientStreamListenerImpl$1MessagesAvailable.runInContext(ClientCallImpl.java:519)
	at org.apache.ratis.thirdparty.io.grpc.internal.ContextRunnable.run(ContextRunnable.java:37)
	at org.apache.ratis.thirdparty.io.grpc.internal.SerializingExecutor.run(SerializingExecutor.java:123)
	at java.util.concurrent.ThreadPoolExecutor.runWorker(ThreadPoolExecutor.java:1149)
	at java.util.concurrent.ThreadPoolExecutor$Worker.run(ThreadPoolExecutor.java:624)
	at java.lang.Thread.run(Thread.java:748)
Caused by: org.apache.ratis.protocol.NotLeaderException: Server fa81099d-148a-45cb-bef5-8c6163d4f5a6@group-F22D5D1969C6 is not the leader
	at org.apache.ratis.client.impl.ClientProtoUtils.toRaftClientReply(ClientProtoUtils.java:243)
	at org.apache.ratis.grpc.client.GrpcClientProtocolClient$AsyncStreamObservers$1.onNext(GrpcClientProtocolClient.java:263)
	... 10 more
</error>
    <system-out><![CDATA[2019-10-11 04:58:46,851 [main] WARN  server.ServerUtils (ServerUtils.java:getScmDbDir(145)) - ozone.scm.db.dirs is not configured. We recommend adding this setting. Falling back to ozone.metadata.dirs instead.
2019-10-11 04:58:46,866 [main] WARN  server.ServerUtils (ServerUtils.java:getScmDbDir(145)) - ozone.scm.db.dirs is not configured. We recommend adding this setting. Falling back to ozone.metadata.dirs instead.
2019-10-11 04:58:46,867 [main] WARN  server.ServerUtils (ServerUtils.java:getScmDbDir(145)) - ozone.scm.db.dirs is not configured. We recommend adding this setting. Falling back to ozone.metadata.dirs instead.
2019-10-11 04:58:46,867 [main] INFO  db.DBStoreBuilder (DBStoreBuilder.java:addTable(110)) - using custom profile for table: deletedBlocks
2019-10-11 04:58:46,867 [main] INFO  db.DBStoreBuilder (DBStoreBuilder.java:processTables(161)) - Using default column profile:DBProfile.DISK for Table:deletedBlocks
2019-10-11 04:58:46,867 [main] INFO  db.DBStoreBuilder (DBStoreBuilder.java:addTable(110)) - using custom profile for table: validCerts
2019-10-11 04:58:46,868 [main] INFO  db.DBStoreBuilder (DBStoreBuilder.java:processTables(161)) - Using default column profile:DBProfile.DISK for Table:validCerts
2019-10-11 04:58:46,868 [main] INFO  db.DBStoreBuilder (DBStoreBuilder.java:addTable(110)) - using custom profile for table: revokedCerts
2019-10-11 04:58:46,868 [main] INFO  db.DBStoreBuilder (DBStoreBuilder.java:processTables(161)) - Using default column profile:DBProfile.DISK for Table:revokedCerts
2019-10-11 04:58:46,868 [main] INFO  db.DBStoreBuilder (DBStoreBuilder.java:addTable(110)) - using custom profile for table: default
2019-10-11 04:58:46,868 [main] INFO  db.DBStoreBuilder (DBStoreBuilder.java:processTables(167)) - Using default column profile:DBProfile.DISK for Table:default
2019-10-11 04:58:46,869 [main] INFO  db.DBStoreBuilder (DBStoreBuilder.java:getDbProfile(198)) - Using default options. DBProfile.DISK
2019-10-11 04:58:47,017 [main] INFO  net.NodeSchemaLoader (NodeSchemaLoader.java:loadSchemaFromFile(125)) - Loading file from sun.misc.CompoundEnumeration@58278366
2019-10-11 04:58:47,017 [main] INFO  net.NodeSchemaLoader (NodeSchemaLoader.java:loadSchema(171)) - Loading network topology layer schema file
2019-10-11 04:58:47,021 [main] WARN  server.ServerUtils (ServerUtils.java:sanitizeUserArgs(70)) - ozone.scm.stale.node.interval value = 300000 is larger than max = 100000 based on the key value of ozone.scm.heartbeat.thread.interval, reset to the max value 100000.
2019-10-11 04:58:47,022 [main] WARN  server.ServerUtils (ServerUtils.java:sanitizeUserArgs(70)) - ozone.scm.stale.node.interval value = 300000 is larger than max = 100000 based on the key value of ozone.scm.heartbeat.thread.interval, reset to the max value 100000.
2019-10-11 04:58:47,022 [main] INFO  node.SCMNodeManager (SCMNodeManager.java:<init>(114)) - Entering startup safe mode.
2019-10-11 04:58:47,023 [main] INFO  algorithms.ContainerPlacementPolicyFactory (ContainerPlacementPolicyFactory.java:getPolicy(59)) - Create container placement policy of type org.apache.hadoop.hdds.scm.container.placement.algorithms.SCMContainerPlacementRandom
2019-10-11 04:58:47,023 [main] WARN  server.ServerUtils (ServerUtils.java:getScmDbDir(145)) - ozone.scm.db.dirs is not configured. We recommend adding this setting. Falling back to ozone.metadata.dirs instead.
2019-10-11 04:58:47,044 [main] INFO  pipeline.SCMPipelineManager (SCMPipelineManager.java:initializePipelineState(137)) - No pipeline exists in current db
2019-10-11 04:58:47,044 [main] WARN  server.ServerUtils (ServerUtils.java:getScmDbDir(145)) - ozone.scm.db.dirs is not configured. We recommend adding this setting. Falling back to ozone.metadata.dirs instead.
2019-10-11 04:58:47,066 [main] WARN  events.EventQueue (EventQueue.java:fireEvent(183)) - No event handler registered for event TypedEvent{payloadType=SafeModeStatus, name='SafeModeStatus'}
2019-10-11 04:58:47,067 [main] INFO  ipc.CallQueueManager (CallQueueManager.java:<init>(84)) - Using callQueue: class java.util.concurrent.LinkedBlockingQueue, queueCapacity: 2000, scheduler: class org.apache.hadoop.ipc.DefaultRpcScheduler, ipcBackoff: false.
2019-10-11 04:58:47,068 [Socket Reader #1 for port 36545] INFO  ipc.Server (Server.java:run(1074)) - Starting Socket Reader #1 for port 36545
2019-10-11 04:58:47,072 [main] INFO  ipc.CallQueueManager (CallQueueManager.java:<init>(84)) - Using callQueue: class java.util.concurrent.LinkedBlockingQueue, queueCapacity: 2000, scheduler: class org.apache.hadoop.ipc.DefaultRpcScheduler, ipcBackoff: false.
2019-10-11 04:58:47,073 [Socket Reader #1 for port 33300] INFO  ipc.Server (Server.java:run(1074)) - Starting Socket Reader #1 for port 33300
2019-10-11 04:58:47,075 [main] INFO  ipc.CallQueueManager (CallQueueManager.java:<init>(84)) - Using callQueue: class java.util.concurrent.LinkedBlockingQueue, queueCapacity: 2000, scheduler: class org.apache.hadoop.ipc.DefaultRpcScheduler, ipcBackoff: false.
2019-10-11 04:58:47,076 [Socket Reader #1 for port 37968] INFO  ipc.Server (Server.java:run(1074)) - Starting Socket Reader #1 for port 37968
2019-10-11 04:58:47,086 [main] INFO  hdfs.DFSUtil (DFSUtil.java:httpServerTemplateForNNAndJN(1641)) - Starting Web-server for scm at: http://0.0.0.0:0
2019-10-11 04:58:47,088 [main] INFO  server.AuthenticationFilter (AuthenticationFilter.java:constructSecretProvider(240)) - Unable to initialize FileSignerSecretProvider, falling back to use random secrets.
2019-10-11 04:58:47,088 [main] WARN  http.HttpRequestLog (HttpRequestLog.java:getRequestLog(97)) - Jetty request log can only be enabled using Log4j
2019-10-11 04:58:47,090 [main] INFO  http.HttpServer2 (HttpServer2.java:addGlobalFilter(975)) - Added global filter 'safety' (class=org.apache.hadoop.http.HttpServer2$QuotingInputFilter)
2019-10-11 04:58:47,090 [main] INFO  http.HttpServer2 (HttpServer2.java:addFilter(948)) - Added filter static_user_filter (class=org.apache.hadoop.http.lib.StaticUserWebFilter$StaticUserFilter) to context scm
2019-10-11 04:58:47,090 [main] INFO  http.HttpServer2 (HttpServer2.java:addFilter(958)) - Added filter static_user_filter (class=org.apache.hadoop.http.lib.StaticUserWebFilter$StaticUserFilter) to context static
2019-10-11 04:58:47,090 [main] INFO  http.HttpServer2 (HttpServer2.java:addFilter(958)) - Added filter static_user_filter (class=org.apache.hadoop.http.lib.StaticUserWebFilter$StaticUserFilter) to context logs
2019-10-11 04:58:47,092 [main] INFO  server.StorageContainerManager (StorageContainerManager.java:start(770)) - StorageContainerLocationProtocol RPC server is listening at /0.0.0.0:37968
2019-10-11 04:58:47,094 [main] WARN  impl.MetricsConfig (MetricsConfig.java:loadFirst(134)) - Cannot locate configuration: tried hadoop-metrics2-storagecontainermanager.properties,hadoop-metrics2.properties
2019-10-11 04:58:47,094 [main] INFO  impl.MetricsSystemImpl (MetricsSystemImpl.java:startTimer(374)) - Scheduled Metric snapshot period at 10 second(s).
2019-10-11 04:58:47,094 [main] INFO  impl.MetricsSystemImpl (MetricsSystemImpl.java:start(191)) - StorageContainerManager metrics system started
2019-10-11 04:58:47,306 [main] WARN  impl.MetricsSystemImpl (MetricsSystemImpl.java:register(276)) - Sink prometheus already exists!
2019-10-11 04:58:47,598 [main] INFO  server.SCMClientProtocolServer (SCMClientProtocolServer.java:start(151)) - RPC server for Client  is listening at /0.0.0.0:37968
2019-10-11 04:58:47,599 [IPC Server Responder] INFO  ipc.Server (Server.java:run(1314)) - IPC Server Responder: starting
2019-10-11 04:58:47,599 [IPC Server listener on 37968] INFO  ipc.Server (Server.java:run(1153)) - IPC Server listener on 37968: starting
2019-10-11 04:58:47,616 [main] INFO  server.StorageContainerManager (StorageContainerManager.java:start(780)) - ScmBlockLocationProtocol RPC server is listening at /0.0.0.0:33300
2019-10-11 04:58:47,617 [main] INFO  server.SCMBlockProtocolServer (SCMBlockProtocolServer.java:start(146)) - RPC server for Block Protocol is listening at /0.0.0.0:33300
2019-10-11 04:58:47,617 [IPC Server Responder] INFO  ipc.Server (Server.java:run(1314)) - IPC Server Responder: starting
2019-10-11 04:58:47,617 [IPC Server listener on 33300] INFO  ipc.Server (Server.java:run(1153)) - IPC Server listener on 33300: starting
2019-10-11 04:58:47,621 [main] INFO  server.StorageContainerManager (StorageContainerManager.java:start(784)) - ScmDatanodeProtocl RPC server is listening at /0.0.0.0:36545
2019-10-11 04:58:47,622 [main] INFO  server.SCMDatanodeProtocolServer (SCMDatanodeProtocolServer.java:start(191)) - RPC server for DataNodes is listening at /0.0.0.0:36545
2019-10-11 04:58:47,622 [IPC Server Responder] INFO  ipc.Server (Server.java:run(1314)) - IPC Server Responder: starting
2019-10-11 04:58:47,622 [IPC Server listener on 36545] INFO  ipc.Server (Server.java:run(1153)) - IPC Server listener on 36545: starting
2019-10-11 04:58:47,629 [main] INFO  http.HttpServer2 (HttpServer2.java:bindListener(1191)) - Jetty bound to port 43136
2019-10-11 04:58:47,629 [main] INFO  server.Server (Server.java:doStart(351)) - jetty-9.3.25.v20180904, build timestamp: 2018-09-04T21:11:46Z, git hash: 3ce520221d0240229c862b122d2b06c12a625732
2019-10-11 04:58:47,631 [main] INFO  handler.ContextHandler (ContextHandler.java:doStart(781)) - Started o.e.j.s.ServletContextHandler@1f15e689{/logs,file:///workdir/hadoop-ozone/integration-test/target/log,AVAILABLE}
2019-10-11 04:58:47,631 [main] INFO  handler.ContextHandler (ContextHandler.java:doStart(781)) - Started o.e.j.s.ServletContextHandler@3ebc955b{/static,file:///workdir/hadoop-ozone/integration-test/target/test-classes/webapps/static,AVAILABLE}
2019-10-11 04:58:47,635 [main] INFO  handler.ContextHandler (ContextHandler.java:doStart(781)) - Started o.e.j.w.WebAppContext@113f9078{/,file:///workdir/hadoop-ozone/integration-test/target/test-classes/webapps/scm/,AVAILABLE}{/scm}
2019-10-11 04:58:47,635 [main] INFO  server.AbstractConnector (AbstractConnector.java:doStart(278)) - Started ServerConnector@7c1503a3{HTTP/1.1,[http/1.1]}{0.0.0.0:43136}
2019-10-11 04:58:47,638 [main] INFO  server.Server (Server.java:doStart(419)) - Started @248410ms
2019-10-11 04:58:47,638 [main] WARN  impl.MetricsSystemImpl (MetricsSystemImpl.java:register(276)) - Sink prometheus already exists!
2019-10-11 04:58:47,638 [main] INFO  server.BaseHttpServer (BaseHttpServer.java:updateConnectorAddress(215)) - HTTP server of SCM is listening at http://0.0.0.0:43136
2019-10-11 04:58:47,639 [main] WARN  server.ServerUtils (ServerUtils.java:getDBPath(222)) - ozone.om.db.dirs is not configured. We recommend adding this setting. Falling back to ozone.metadata.dirs instead.
2019-10-11 04:58:47,642 [org.apache.hadoop.util.JvmPauseMonitor$Monitor@47df5041] INFO  util.JvmPauseMonitor (JvmPauseMonitor.java:run(188)) - Starting JVM pause monitor
2019-10-11 04:58:47,655 [main] WARN  server.ServerUtils (ServerUtils.java:getDBPath(222)) - ozone.om.db.dirs is not configured. We recommend adding this setting. Falling back to ozone.metadata.dirs instead.
2019-10-11 04:58:47,655 [main] WARN  server.ServerUtils (ServerUtils.java:getDBPath(222)) - ozone.om.db.dirs is not configured. We recommend adding this setting. Falling back to ozone.metadata.dirs instead.
2019-10-11 04:58:47,655 [main] INFO  om.OzoneManager (OzoneManager.java:setOMNodeDetails(652)) - OM Service ID is not set. Setting it to the default ID: omServiceIdDefault
2019-10-11 04:58:47,655 [main] INFO  om.OzoneManager (OzoneManager.java:setOMNodeDetails(658)) - OM Node ID is not set. Setting it to the OmStorage's OmID: 991b3b4e-9c01-4527-936c-7ab5494ec555
2019-10-11 04:58:47,656 [main] INFO  om.OzoneManager (OzoneManager.java:loadOMHAConfigs(609)) - Found matching OM address with OMServiceId: null, OMNodeId: null, RPC Address: localhost:0 and Ratis port: 9872
2019-10-11 04:58:47,689 [main] WARN  server.ServerUtils (ServerUtils.java:getDBPath(222)) - ozone.om.db.dirs is not configured. We recommend adding this setting. Falling back to ozone.metadata.dirs instead.
2019-10-11 04:58:47,690 [main] INFO  db.DBStoreBuilder (DBStoreBuilder.java:addTable(110)) - using custom profile for table: userTable
2019-10-11 04:58:47,690 [main] INFO  db.DBStoreBuilder (DBStoreBuilder.java:processTables(161)) - Using default column profile:DBProfile.DISK for Table:userTable
2019-10-11 04:58:47,690 [main] INFO  db.DBStoreBuilder (DBStoreBuilder.java:addTable(110)) - using custom profile for table: volumeTable
2019-10-11 04:58:47,690 [main] INFO  db.DBStoreBuilder (DBStoreBuilder.java:processTables(161)) - Using default column profile:DBProfile.DISK for Table:volumeTable
2019-10-11 04:58:47,690 [main] INFO  db.DBStoreBuilder (DBStoreBuilder.java:addTable(110)) - using custom profile for table: bucketTable
2019-10-11 04:58:47,691 [main] INFO  db.DBStoreBuilder (DBStoreBuilder.java:processTables(161)) - Using default column profile:DBProfile.DISK for Table:bucketTable
2019-10-11 04:58:47,691 [main] INFO  db.DBStoreBuilder (DBStoreBuilder.java:addTable(110)) - using custom profile for table: keyTable
2019-10-11 04:58:47,691 [main] INFO  db.DBStoreBuilder (DBStoreBuilder.java:processTables(161)) - Using default column profile:DBProfile.DISK for Table:keyTable
2019-10-11 04:58:47,691 [main] INFO  db.DBStoreBuilder (DBStoreBuilder.java:addTable(110)) - using custom profile for table: deletedTable
2019-10-11 04:58:47,691 [main] INFO  db.DBStoreBuilder (DBStoreBuilder.java:processTables(161)) - Using default column profile:DBProfile.DISK for Table:deletedTable
2019-10-11 04:58:47,692 [main] INFO  db.DBStoreBuilder (DBStoreBuilder.java:addTable(110)) - using custom profile for table: openKeyTable
2019-10-11 04:58:47,692 [main] INFO  db.DBStoreBuilder (DBStoreBuilder.java:processTables(161)) - Using default column profile:DBProfile.DISK for Table:openKeyTable
2019-10-11 04:58:47,692 [main] INFO  db.DBStoreBuilder (DBStoreBuilder.java:addTable(110)) - using custom profile for table: s3Table
2019-10-11 04:58:47,692 [main] INFO  db.DBStoreBuilder (DBStoreBuilder.java:processTables(161)) - Using default column profile:DBProfile.DISK for Table:s3Table
2019-10-11 04:58:47,692 [main] INFO  db.DBStoreBuilder (DBStoreBuilder.java:addTable(110)) - using custom profile for table: multipartInfoTable
2019-10-11 04:58:47,693 [main] INFO  db.DBStoreBuilder (DBStoreBuilder.java:processTables(161)) - Using default column profile:DBProfile.DISK for Table:multipartInfoTable
2019-10-11 04:58:47,693 [main] INFO  db.DBStoreBuilder (DBStoreBuilder.java:addTable(110)) - using custom profile for table: dTokenTable
2019-10-11 04:58:47,693 [main] INFO  db.DBStoreBuilder (DBStoreBuilder.java:processTables(161)) - Using default column profile:DBProfile.DISK for Table:dTokenTable
2019-10-11 04:58:47,693 [main] INFO  db.DBStoreBuilder (DBStoreBuilder.java:addTable(110)) - using custom profile for table: s3SecretTable
2019-10-11 04:58:47,693 [main] INFO  db.DBStoreBuilder (DBStoreBuilder.java:processTables(161)) - Using default column profile:DBProfile.DISK for Table:s3SecretTable
2019-10-11 04:58:47,694 [main] INFO  db.DBStoreBuilder (DBStoreBuilder.java:addTable(110)) - using custom profile for table: prefixTable
2019-10-11 04:58:47,694 [main] INFO  db.DBStoreBuilder (DBStoreBuilder.java:processTables(161)) - Using default column profile:DBProfile.DISK for Table:prefixTable
2019-10-11 04:58:47,694 [main] INFO  db.DBStoreBuilder (DBStoreBuilder.java:addTable(110)) - using custom profile for table: default
2019-10-11 04:58:47,694 [main] INFO  db.DBStoreBuilder (DBStoreBuilder.java:processTables(167)) - Using default column profile:DBProfile.DISK for Table:default
2019-10-11 04:58:47,694 [main] INFO  db.DBStoreBuilder (DBStoreBuilder.java:getDbProfile(198)) - Using default options. DBProfile.DISK
2019-10-11 04:58:48,235 [main] INFO  ipc.CallQueueManager (CallQueueManager.java:<init>(84)) - Using callQueue: class java.util.concurrent.LinkedBlockingQueue, queueCapacity: 2000, scheduler: class org.apache.hadoop.ipc.DefaultRpcScheduler, ipcBackoff: false.
2019-10-11 04:58:48,236 [Socket Reader #1 for port 44378] INFO  ipc.Server (Server.java:run(1074)) - Starting Socket Reader #1 for port 44378
2019-10-11 04:58:48,251 [main] INFO  om.OzoneManager (OzoneManager.java:start(1243)) - OzoneManager RPC server is listening at localhost/127.0.0.1:44378
2019-10-11 04:58:48,252 [main] INFO  impl.MetricsSystemImpl (MetricsSystemImpl.java:init(158)) - OzoneManager metrics system started (again)
2019-10-11 04:58:48,252 [IPC Server Responder] INFO  ipc.Server (Server.java:run(1314)) - IPC Server Responder: starting
2019-10-11 04:58:48,256 [IPC Server listener on 44378] INFO  ipc.Server (Server.java:run(1153)) - IPC Server listener on 44378: starting
2019-10-11 04:58:48,265 [main] INFO  hdfs.DFSUtil (DFSUtil.java:httpServerTemplateForNNAndJN(1641)) - Starting Web-server for ozoneManager at: http://0.0.0.0:0
2019-10-11 04:58:48,267 [main] INFO  server.AuthenticationFilter (AuthenticationFilter.java:constructSecretProvider(240)) - Unable to initialize FileSignerSecretProvider, falling back to use random secrets.
2019-10-11 04:58:48,267 [main] WARN  http.HttpRequestLog (HttpRequestLog.java:getRequestLog(97)) - Jetty request log can only be enabled using Log4j
2019-10-11 04:58:48,269 [main] INFO  http.HttpServer2 (HttpServer2.java:addGlobalFilter(975)) - Added global filter 'safety' (class=org.apache.hadoop.http.HttpServer2$QuotingInputFilter)
2019-10-11 04:58:48,270 [main] INFO  http.HttpServer2 (HttpServer2.java:addFilter(948)) - Added filter static_user_filter (class=org.apache.hadoop.http.lib.StaticUserWebFilter$StaticUserFilter) to context ozoneManager
2019-10-11 04:58:48,270 [main] INFO  http.HttpServer2 (HttpServer2.java:addFilter(958)) - Added filter static_user_filter (class=org.apache.hadoop.http.lib.StaticUserWebFilter$StaticUserFilter) to context static
2019-10-11 04:58:48,271 [main] INFO  http.HttpServer2 (HttpServer2.java:addFilter(958)) - Added filter static_user_filter (class=org.apache.hadoop.http.lib.StaticUserWebFilter$StaticUserFilter) to context logs
2019-10-11 04:58:48,271 [main] INFO  http.HttpServer2 (HttpServer2.java:bindListener(1191)) - Jetty bound to port 45886
2019-10-11 04:58:48,272 [main] INFO  server.Server (Server.java:doStart(351)) - jetty-9.3.25.v20180904, build timestamp: 2018-09-04T21:11:46Z, git hash: 3ce520221d0240229c862b122d2b06c12a625732
2019-10-11 04:58:48,274 [main] INFO  handler.ContextHandler (ContextHandler.java:doStart(781)) - Started o.e.j.s.ServletContextHandler@7d2c345d{/logs,file:///workdir/hadoop-ozone/integration-test/target/log,AVAILABLE}
2019-10-11 04:58:48,274 [main] INFO  handler.ContextHandler (ContextHandler.java:doStart(781)) - Started o.e.j.s.ServletContextHandler@5db948c9{/static,file:///workdir/hadoop-ozone/integration-test/target/test-classes/webapps/static,AVAILABLE}
2019-10-11 04:58:48,280 [main] INFO  handler.ContextHandler (ContextHandler.java:doStart(781)) - Started o.e.j.w.WebAppContext@525647f3{/,file:///workdir/hadoop-ozone/integration-test/target/test-classes/webapps/ozoneManager/,AVAILABLE}{/ozoneManager}
2019-10-11 04:58:48,280 [main] INFO  server.AbstractConnector (AbstractConnector.java:doStart(278)) - Started ServerConnector@42fc4ac4{HTTP/1.1,[http/1.1]}{0.0.0.0:45886}
2019-10-11 04:58:48,283 [main] INFO  server.Server (Server.java:doStart(419)) - Started @249056ms
2019-10-11 04:58:48,284 [main] WARN  impl.MetricsSystemImpl (MetricsSystemImpl.java:register(276)) - Sink prometheus already exists!
2019-10-11 04:58:48,284 [main] INFO  server.BaseHttpServer (BaseHttpServer.java:updateConnectorAddress(215)) - HTTP server of OZONEMANAGER is listening at http://0.0.0.0:45886
2019-10-11 04:58:48,303 [main] INFO  impl.MetricsSystemImpl (MetricsSystemImpl.java:init(158)) - HddsDatanode metrics system started (again)
2019-10-11 04:58:48,664 [main] INFO  ozone.HddsDatanodeService (HddsDatanodeService.java:start(184)) - HddsDatanodeService host:pr-hdds-1569-qjnzd-3726989565 ip:192.168.157.200
2019-10-11 04:58:48,736 [main] INFO  volume.HddsVolume (HddsVolume.java:<init>(176)) - Creating Volume: /workdir/hadoop-ozone/integration-test/target/test-dir/MiniOzoneClusterImpl-e577d82a-0303-4478-9167-bde1b199c1b9/datanode-0/data/containers/hdds of  storage type : DISK and capacity : 1482555576320
2019-10-11 04:58:48,736 [main] INFO  volume.VolumeSet (VolumeSet.java:initializeVolumeSet(170)) - Added Volume : /workdir/hadoop-ozone/integration-test/target/test-dir/MiniOzoneClusterImpl-e577d82a-0303-4478-9167-bde1b199c1b9/datanode-0/data/containers/hdds to VolumeSet
2019-10-11 04:58:48,737 [main] INFO  volume.ThrottledAsyncChecker (ThrottledAsyncChecker.java:schedule(139)) - Scheduling a check for org.apache.hadoop.ozone.container.common.volume.HddsVolume@1653b84e
2019-10-11 04:58:48,737 [main] INFO  volume.HddsVolumeChecker (HddsVolumeChecker.java:checkAllVolumes(202)) - Scheduled health check for volume org.apache.hadoop.ozone.container.common.volume.HddsVolume@1653b84e
2019-10-11 04:58:48,759 [main] INFO  impl.RaftServerProxy (ConfUtils.java:logGet(43)) - raft.rpc.type = GRPC (default)
2019-10-11 04:58:48,759 [main] INFO  grpc.GrpcFactory (GrpcFactory.java:checkPooledByteBufAllocatorUseCacheForAllThreads(45)) - PERFORMANCE WARNING: useCacheForAllThreads is true that may cause Netty to create a lot garbage objects and, as a result, trigger GC.
	It is recommended to disable useCacheForAllThreads by setting -Dorg.apache.ratis.thirdparty.io.netty.allocator.useCacheForAllThreads=false in command line.
2019-10-11 04:58:48,759 [main] INFO  grpc.GrpcConfigKeys$Server (ConfUtils.java:logGet(43)) - raft.grpc.server.port = 0 (default)
2019-10-11 04:58:48,760 [main] INFO  server.GrpcService (ConfUtils.java:logGet(43)) - raft.grpc.message.size.max = 33570816 (custom)
2019-10-11 04:58:48,760 [main] INFO  server.RaftServerConfigKeys (ConfUtils.java:logGet(43)) - raft.server.log.appender.buffer.byte-limit = 33554432 (custom)
2019-10-11 04:58:48,760 [main] INFO  server.GrpcService (ConfUtils.java:logGet(43)) - raft.grpc.flow.control.window = 1MB (=1048576) (default)
2019-10-11 04:58:48,760 [main] INFO  server.RaftServerConfigKeys (ConfUtils.java:logGet(43)) - raft.server.rpc.request.timeout = 3000ms (default)
2019-10-11 04:58:48,761 [main] INFO  server.RaftServerConfigKeys (ConfUtils.java:logGet(43)) - raft.server.storage.dir = [/workdir/hadoop-ozone/integration-test/target/test-dir/MiniOzoneClusterImpl-e577d82a-0303-4478-9167-bde1b199c1b9/datanode-0/data/ratis] (custom)
2019-10-11 04:58:48,763 [main] INFO  hdfs.DFSUtil (DFSUtil.java:httpServerTemplateForNNAndJN(1641)) - Starting Web-server for hddsDatanode at: http://0.0.0.0:0
2019-10-11 04:58:48,764 [main] INFO  server.AuthenticationFilter (AuthenticationFilter.java:constructSecretProvider(240)) - Unable to initialize FileSignerSecretProvider, falling back to use random secrets.
2019-10-11 04:58:48,765 [main] WARN  http.HttpRequestLog (HttpRequestLog.java:getRequestLog(97)) - Jetty request log can only be enabled using Log4j
2019-10-11 04:58:48,767 [main] INFO  http.HttpServer2 (HttpServer2.java:addGlobalFilter(975)) - Added global filter 'safety' (class=org.apache.hadoop.http.HttpServer2$QuotingInputFilter)
2019-10-11 04:58:48,767 [main] INFO  http.HttpServer2 (HttpServer2.java:addFilter(948)) - Added filter static_user_filter (class=org.apache.hadoop.http.lib.StaticUserWebFilter$StaticUserFilter) to context hddsDatanode
2019-10-11 04:58:48,768 [main] INFO  http.HttpServer2 (HttpServer2.java:addFilter(958)) - Added filter static_user_filter (class=org.apache.hadoop.http.lib.StaticUserWebFilter$StaticUserFilter) to context logs
2019-10-11 04:58:48,768 [main] INFO  http.HttpServer2 (HttpServer2.java:addFilter(958)) - Added filter static_user_filter (class=org.apache.hadoop.http.lib.StaticUserWebFilter$StaticUserFilter) to context static
2019-10-11 04:58:48,768 [main] INFO  http.HttpServer2 (HttpServer2.java:bindListener(1191)) - Jetty bound to port 41749
2019-10-11 04:58:48,769 [main] INFO  server.Server (Server.java:doStart(351)) - jetty-9.3.25.v20180904, build timestamp: 2018-09-04T21:11:46Z, git hash: 3ce520221d0240229c862b122d2b06c12a625732
2019-10-11 04:58:48,771 [main] INFO  handler.ContextHandler (ContextHandler.java:doStart(781)) - Started o.e.j.s.ServletContextHandler@5600a5da{/logs,file:///workdir/hadoop-ozone/integration-test/target/log,AVAILABLE}
2019-10-11 04:58:48,771 [main] INFO  handler.ContextHandler (ContextHandler.java:doStart(781)) - Started o.e.j.s.ServletContextHandler@269222ae{/static,jar:file:/home/user/.m2/repository/org/apache/hadoop/hadoop-hdds-container-service/0.5.0-SNAPSHOT/hadoop-hdds-container-service-0.5.0-SNAPSHOT.jar!/webapps/static,AVAILABLE}
2019-10-11 04:58:48,807 [main] INFO  handler.ContextHandler (ContextHandler.java:doStart(781)) - Started o.e.j.w.WebAppContext@2bebd114{/,file:///tmp/jetty-0.0.0.0-41749-hddsDatanode-_-any-4570655381389085450.dir/webapp/,AVAILABLE}{/hddsDatanode}
2019-10-11 04:58:48,807 [main] INFO  server.AbstractConnector (AbstractConnector.java:doStart(278)) - Started ServerConnector@b379bc6{HTTP/1.1,[http/1.1]}{0.0.0.0:41749}
2019-10-11 04:58:48,810 [main] INFO  server.Server (Server.java:doStart(419)) - Started @249583ms
2019-10-11 04:58:48,810 [main] WARN  impl.MetricsSystemImpl (MetricsSystemImpl.java:register(276)) - Sink prometheus already exists!
2019-10-11 04:58:48,811 [main] INFO  server.BaseHttpServer (BaseHttpServer.java:updateConnectorAddress(215)) - HTTP server of HDDSDATANODE is listening at http://0.0.0.0:41749
2019-10-11 04:58:48,812 [main] INFO  impl.MetricsSystemImpl (MetricsSystemImpl.java:init(158)) - HddsDatanode metrics system started (again)
2019-10-11 04:58:48,833 [org.apache.hadoop.util.JvmPauseMonitor$Monitor@4cfc2dfb] INFO  util.JvmPauseMonitor (JvmPauseMonitor.java:run(188)) - Starting JVM pause monitor
2019-10-11 04:58:48,835 [main] INFO  ozone.HddsDatanodeService (HddsDatanodeService.java:start(184)) - HddsDatanodeService host:pr-hdds-1569-qjnzd-3726989565 ip:192.168.157.200
2019-10-11 04:58:48,835 [Datanode State Machine Thread - 0] INFO  datanode.InitDatanodeState (InitDatanodeState.java:persistContainerDatanodeDetails(140)) - DatanodeDetails is persisted to /workdir/hadoop-ozone/integration-test/target/test-dir/MiniOzoneClusterImpl-e577d82a-0303-4478-9167-bde1b199c1b9/datanode-0/meta/datanode.id
2019-10-11 04:58:48,845 [main] INFO  volume.HddsVolume (HddsVolume.java:<init>(176)) - Creating Volume: /workdir/hadoop-ozone/integration-test/target/test-dir/MiniOzoneClusterImpl-e577d82a-0303-4478-9167-bde1b199c1b9/datanode-1/data/containers/hdds of  storage type : DISK and capacity : 1482555576320
2019-10-11 04:58:48,845 [main] INFO  volume.VolumeSet (VolumeSet.java:initializeVolumeSet(170)) - Added Volume : /workdir/hadoop-ozone/integration-test/target/test-dir/MiniOzoneClusterImpl-e577d82a-0303-4478-9167-bde1b199c1b9/datanode-1/data/containers/hdds to VolumeSet
2019-10-11 04:58:48,845 [main] INFO  volume.ThrottledAsyncChecker (ThrottledAsyncChecker.java:schedule(139)) - Scheduling a check for org.apache.hadoop.ozone.container.common.volume.HddsVolume@39832280
2019-10-11 04:58:48,846 [main] INFO  volume.HddsVolumeChecker (HddsVolumeChecker.java:checkAllVolumes(202)) - Scheduled health check for volume org.apache.hadoop.ozone.container.common.volume.HddsVolume@39832280
2019-10-11 04:58:48,861 [main] INFO  impl.RaftServerProxy (ConfUtils.java:logGet(43)) - raft.rpc.type = GRPC (default)
2019-10-11 04:58:48,861 [main] INFO  grpc.GrpcFactory (GrpcFactory.java:checkPooledByteBufAllocatorUseCacheForAllThreads(45)) - PERFORMANCE WARNING: useCacheForAllThreads is true that may cause Netty to create a lot garbage objects and, as a result, trigger GC.
	It is recommended to disable useCacheForAllThreads by setting -Dorg.apache.ratis.thirdparty.io.netty.allocator.useCacheForAllThreads=false in command line.
2019-10-11 04:58:48,861 [main] INFO  grpc.GrpcConfigKeys$Server (ConfUtils.java:logGet(43)) - raft.grpc.server.port = 0 (default)
2019-10-11 04:58:48,862 [main] INFO  server.GrpcService (ConfUtils.java:logGet(43)) - raft.grpc.message.size.max = 33570816 (custom)
2019-10-11 04:58:48,862 [main] INFO  server.RaftServerConfigKeys (ConfUtils.java:logGet(43)) - raft.server.log.appender.buffer.byte-limit = 33554432 (custom)
2019-10-11 04:58:48,862 [main] INFO  server.GrpcService (ConfUtils.java:logGet(43)) - raft.grpc.flow.control.window = 1MB (=1048576) (default)
2019-10-11 04:58:48,862 [main] INFO  server.RaftServerConfigKeys (ConfUtils.java:logGet(43)) - raft.server.rpc.request.timeout = 3000ms (default)
2019-10-11 04:58:48,863 [main] INFO  server.RaftServerConfigKeys (ConfUtils.java:logGet(43)) - raft.server.storage.dir = [/workdir/hadoop-ozone/integration-test/target/test-dir/MiniOzoneClusterImpl-e577d82a-0303-4478-9167-bde1b199c1b9/datanode-1/data/ratis] (custom)
2019-10-11 04:58:48,864 [main] INFO  hdfs.DFSUtil (DFSUtil.java:httpServerTemplateForNNAndJN(1641)) - Starting Web-server for hddsDatanode at: http://0.0.0.0:0
2019-10-11 04:58:48,865 [main] INFO  server.AuthenticationFilter (AuthenticationFilter.java:constructSecretProvider(240)) - Unable to initialize FileSignerSecretProvider, falling back to use random secrets.
2019-10-11 04:58:48,865 [main] WARN  http.HttpRequestLog (HttpRequestLog.java:getRequestLog(97)) - Jetty request log can only be enabled using Log4j
2019-10-11 04:58:48,867 [main] INFO  http.HttpServer2 (HttpServer2.java:addGlobalFilter(975)) - Added global filter 'safety' (class=org.apache.hadoop.http.HttpServer2$QuotingInputFilter)
2019-10-11 04:58:48,867 [main] INFO  http.HttpServer2 (HttpServer2.java:addFilter(948)) - Added filter static_user_filter (class=org.apache.hadoop.http.lib.StaticUserWebFilter$StaticUserFilter) to context hddsDatanode
2019-10-11 04:58:48,867 [main] INFO  http.HttpServer2 (HttpServer2.java:addFilter(958)) - Added filter static_user_filter (class=org.apache.hadoop.http.lib.StaticUserWebFilter$StaticUserFilter) to context logs
2019-10-11 04:58:48,867 [main] INFO  http.HttpServer2 (HttpServer2.java:addFilter(958)) - Added filter static_user_filter (class=org.apache.hadoop.http.lib.StaticUserWebFilter$StaticUserFilter) to context static
2019-10-11 04:58:48,868 [main] INFO  http.HttpServer2 (HttpServer2.java:bindListener(1191)) - Jetty bound to port 46100
2019-10-11 04:58:48,868 [main] INFO  server.Server (Server.java:doStart(351)) - jetty-9.3.25.v20180904, build timestamp: 2018-09-04T21:11:46Z, git hash: 3ce520221d0240229c862b122d2b06c12a625732
2019-10-11 04:58:48,870 [main] INFO  handler.ContextHandler (ContextHandler.java:doStart(781)) - Started o.e.j.s.ServletContextHandler@34045582{/logs,file:///workdir/hadoop-ozone/integration-test/target/log,AVAILABLE}
2019-10-11 04:58:48,870 [main] INFO  handler.ContextHandler (ContextHandler.java:doStart(781)) - Started o.e.j.s.ServletContextHandler@1edccfd4{/static,jar:file:/home/user/.m2/repository/org/apache/hadoop/hadoop-hdds-container-service/0.5.0-SNAPSHOT/hadoop-hdds-container-service-0.5.0-SNAPSHOT.jar!/webapps/static,AVAILABLE}
2019-10-11 04:58:48,898 [main] INFO  handler.ContextHandler (ContextHandler.java:doStart(781)) - Started o.e.j.w.WebAppContext@689faf79{/,file:///tmp/jetty-0.0.0.0-46100-hddsDatanode-_-any-5070283931052587271.dir/webapp/,AVAILABLE}{/hddsDatanode}
2019-10-11 04:58:48,898 [main] INFO  server.AbstractConnector (AbstractConnector.java:doStart(278)) - Started ServerConnector@582e9152{HTTP/1.1,[http/1.1]}{0.0.0.0:46100}
2019-10-11 04:58:48,903 [main] INFO  server.Server (Server.java:doStart(419)) - Started @249676ms
2019-10-11 04:58:48,904 [main] WARN  impl.MetricsSystemImpl (MetricsSystemImpl.java:register(276)) - Sink prometheus already exists!
2019-10-11 04:58:48,904 [main] INFO  server.BaseHttpServer (BaseHttpServer.java:updateConnectorAddress(215)) - HTTP server of HDDSDATANODE is listening at http://0.0.0.0:46100
2019-10-11 04:58:48,904 [main] INFO  impl.MetricsSystemImpl (MetricsSystemImpl.java:init(158)) - HddsDatanode metrics system started (again)
2019-10-11 04:58:48,925 [org.apache.hadoop.util.JvmPauseMonitor$Monitor@73310771] INFO  util.JvmPauseMonitor (JvmPauseMonitor.java:run(188)) - Starting JVM pause monitor
2019-10-11 04:58:48,926 [main] INFO  ozone.HddsDatanodeService (HddsDatanodeService.java:start(184)) - HddsDatanodeService host:pr-hdds-1569-qjnzd-3726989565 ip:192.168.157.200
2019-10-11 04:58:48,928 [Datanode State Machine Thread - 0] INFO  datanode.InitDatanodeState (InitDatanodeState.java:persistContainerDatanodeDetails(140)) - DatanodeDetails is persisted to /workdir/hadoop-ozone/integration-test/target/test-dir/MiniOzoneClusterImpl-e577d82a-0303-4478-9167-bde1b199c1b9/datanode-1/meta/datanode.id
2019-10-11 04:58:48,937 [main] INFO  volume.HddsVolume (HddsVolume.java:<init>(176)) - Creating Volume: /workdir/hadoop-ozone/integration-test/target/test-dir/MiniOzoneClusterImpl-e577d82a-0303-4478-9167-bde1b199c1b9/datanode-2/data/containers/hdds of  storage type : DISK and capacity : 1482555576320
2019-10-11 04:58:48,937 [main] INFO  volume.VolumeSet (VolumeSet.java:initializeVolumeSet(170)) - Added Volume : /workdir/hadoop-ozone/integration-test/target/test-dir/MiniOzoneClusterImpl-e577d82a-0303-4478-9167-bde1b199c1b9/datanode-2/data/containers/hdds to VolumeSet
2019-10-11 04:58:48,937 [main] INFO  volume.ThrottledAsyncChecker (ThrottledAsyncChecker.java:schedule(139)) - Scheduling a check for org.apache.hadoop.ozone.container.common.volume.HddsVolume@5b0dbfb
2019-10-11 04:58:48,938 [main] INFO  volume.HddsVolumeChecker (HddsVolumeChecker.java:checkAllVolumes(202)) - Scheduled health check for volume org.apache.hadoop.ozone.container.common.volume.HddsVolume@5b0dbfb
2019-10-11 04:58:48,952 [main] INFO  impl.RaftServerProxy (ConfUtils.java:logGet(43)) - raft.rpc.type = GRPC (default)
2019-10-11 04:58:48,952 [main] INFO  grpc.GrpcFactory (GrpcFactory.java:checkPooledByteBufAllocatorUseCacheForAllThreads(45)) - PERFORMANCE WARNING: useCacheForAllThreads is true that may cause Netty to create a lot garbage objects and, as a result, trigger GC.
	It is recommended to disable useCacheForAllThreads by setting -Dorg.apache.ratis.thirdparty.io.netty.allocator.useCacheForAllThreads=false in command line.
2019-10-11 04:58:48,952 [main] INFO  grpc.GrpcConfigKeys$Server (ConfUtils.java:logGet(43)) - raft.grpc.server.port = 0 (default)
2019-10-11 04:58:48,952 [main] INFO  server.GrpcService (ConfUtils.java:logGet(43)) - raft.grpc.message.size.max = 33570816 (custom)
2019-10-11 04:58:48,952 [main] INFO  server.RaftServerConfigKeys (ConfUtils.java:logGet(43)) - raft.server.log.appender.buffer.byte-limit = 33554432 (custom)
2019-10-11 04:58:48,953 [main] INFO  server.GrpcService (ConfUtils.java:logGet(43)) - raft.grpc.flow.control.window = 1MB (=1048576) (default)
2019-10-11 04:58:48,953 [main] INFO  server.RaftServerConfigKeys (ConfUtils.java:logGet(43)) - raft.server.rpc.request.timeout = 3000ms (default)
2019-10-11 04:58:48,953 [main] INFO  server.RaftServerConfigKeys (ConfUtils.java:logGet(43)) - raft.server.storage.dir = [/workdir/hadoop-ozone/integration-test/target/test-dir/MiniOzoneClusterImpl-e577d82a-0303-4478-9167-bde1b199c1b9/datanode-2/data/ratis] (custom)
2019-10-11 04:58:48,954 [main] INFO  hdfs.DFSUtil (DFSUtil.java:httpServerTemplateForNNAndJN(1641)) - Starting Web-server for hddsDatanode at: http://0.0.0.0:0
2019-10-11 04:58:48,955 [main] INFO  server.AuthenticationFilter (AuthenticationFilter.java:constructSecretProvider(240)) - Unable to initialize FileSignerSecretProvider, falling back to use random secrets.
2019-10-11 04:58:48,956 [main] WARN  http.HttpRequestLog (HttpRequestLog.java:getRequestLog(97)) - Jetty request log can only be enabled using Log4j
2019-10-11 04:58:48,957 [main] INFO  http.HttpServer2 (HttpServer2.java:addGlobalFilter(975)) - Added global filter 'safety' (class=org.apache.hadoop.http.HttpServer2$QuotingInputFilter)
2019-10-11 04:58:48,957 [main] INFO  http.HttpServer2 (HttpServer2.java:addFilter(948)) - Added filter static_user_filter (class=org.apache.hadoop.http.lib.StaticUserWebFilter$StaticUserFilter) to context hddsDatanode
2019-10-11 04:58:48,957 [main] INFO  http.HttpServer2 (HttpServer2.java:addFilter(958)) - Added filter static_user_filter (class=org.apache.hadoop.http.lib.StaticUserWebFilter$StaticUserFilter) to context logs
2019-10-11 04:58:48,958 [main] INFO  http.HttpServer2 (HttpServer2.java:addFilter(958)) - Added filter static_user_filter (class=org.apache.hadoop.http.lib.StaticUserWebFilter$StaticUserFilter) to context static
2019-10-11 04:58:48,958 [main] INFO  http.HttpServer2 (HttpServer2.java:bindListener(1191)) - Jetty bound to port 46269
2019-10-11 04:58:48,958 [main] INFO  server.Server (Server.java:doStart(351)) - jetty-9.3.25.v20180904, build timestamp: 2018-09-04T21:11:46Z, git hash: 3ce520221d0240229c862b122d2b06c12a625732
2019-10-11 04:58:48,960 [main] INFO  handler.ContextHandler (ContextHandler.java:doStart(781)) - Started o.e.j.s.ServletContextHandler@3af2f846{/logs,file:///workdir/hadoop-ozone/integration-test/target/log,AVAILABLE}
2019-10-11 04:58:48,960 [main] INFO  handler.ContextHandler (ContextHandler.java:doStart(781)) - Started o.e.j.s.ServletContextHandler@370c9018{/static,jar:file:/home/user/.m2/repository/org/apache/hadoop/hadoop-hdds-container-service/0.5.0-SNAPSHOT/hadoop-hdds-container-service-0.5.0-SNAPSHOT.jar!/webapps/static,AVAILABLE}
2019-10-11 04:58:48,987 [main] INFO  handler.ContextHandler (ContextHandler.java:doStart(781)) - Started o.e.j.w.WebAppContext@19fec3d6{/,file:///tmp/jetty-0.0.0.0-46269-hddsDatanode-_-any-1808241119585106272.dir/webapp/,AVAILABLE}{/hddsDatanode}
2019-10-11 04:58:48,987 [main] INFO  server.AbstractConnector (AbstractConnector.java:doStart(278)) - Started ServerConnector@5287ba5f{HTTP/1.1,[http/1.1]}{0.0.0.0:46269}
2019-10-11 04:58:48,990 [main] INFO  server.Server (Server.java:doStart(419)) - Started @249763ms
2019-10-11 04:58:48,991 [main] WARN  impl.MetricsSystemImpl (MetricsSystemImpl.java:register(276)) - Sink prometheus already exists!
2019-10-11 04:58:48,991 [main] INFO  server.BaseHttpServer (BaseHttpServer.java:updateConnectorAddress(215)) - HTTP server of HDDSDATANODE is listening at http://0.0.0.0:46269
2019-10-11 04:58:48,992 [main] INFO  impl.MetricsSystemImpl (MetricsSystemImpl.java:init(158)) - HddsDatanode metrics system started (again)
2019-10-11 04:58:49,013 [org.apache.hadoop.util.JvmPauseMonitor$Monitor@31e03001] INFO  util.JvmPauseMonitor (JvmPauseMonitor.java:run(188)) - Starting JVM pause monitor
2019-10-11 04:58:49,015 [main] INFO  ozone.HddsDatanodeService (HddsDatanodeService.java:start(184)) - HddsDatanodeService host:pr-hdds-1569-qjnzd-3726989565 ip:192.168.157.200
2019-10-11 04:58:49,015 [Datanode State Machine Thread - 0] INFO  datanode.InitDatanodeState (InitDatanodeState.java:persistContainerDatanodeDetails(140)) - DatanodeDetails is persisted to /workdir/hadoop-ozone/integration-test/target/test-dir/MiniOzoneClusterImpl-e577d82a-0303-4478-9167-bde1b199c1b9/datanode-2/meta/datanode.id
2019-10-11 04:58:49,025 [main] INFO  volume.HddsVolume (HddsVolume.java:<init>(176)) - Creating Volume: /workdir/hadoop-ozone/integration-test/target/test-dir/MiniOzoneClusterImpl-e577d82a-0303-4478-9167-bde1b199c1b9/datanode-3/data/containers/hdds of  storage type : DISK and capacity : 1482555576320
2019-10-11 04:58:49,025 [main] INFO  volume.VolumeSet (VolumeSet.java:initializeVolumeSet(170)) - Added Volume : /workdir/hadoop-ozone/integration-test/target/test-dir/MiniOzoneClusterImpl-e577d82a-0303-4478-9167-bde1b199c1b9/datanode-3/data/containers/hdds to VolumeSet
2019-10-11 04:58:49,025 [main] INFO  volume.ThrottledAsyncChecker (ThrottledAsyncChecker.java:schedule(139)) - Scheduling a check for org.apache.hadoop.ozone.container.common.volume.HddsVolume@3c7b137a
2019-10-11 04:58:49,026 [main] INFO  volume.HddsVolumeChecker (HddsVolumeChecker.java:checkAllVolumes(202)) - Scheduled health check for volume org.apache.hadoop.ozone.container.common.volume.HddsVolume@3c7b137a
2019-10-11 04:58:49,042 [main] INFO  impl.RaftServerProxy (ConfUtils.java:logGet(43)) - raft.rpc.type = GRPC (default)
2019-10-11 04:58:49,042 [main] INFO  grpc.GrpcFactory (GrpcFactory.java:checkPooledByteBufAllocatorUseCacheForAllThreads(45)) - PERFORMANCE WARNING: useCacheForAllThreads is true that may cause Netty to create a lot garbage objects and, as a result, trigger GC.
	It is recommended to disable useCacheForAllThreads by setting -Dorg.apache.ratis.thirdparty.io.netty.allocator.useCacheForAllThreads=false in command line.
2019-10-11 04:58:49,042 [main] INFO  grpc.GrpcConfigKeys$Server (ConfUtils.java:logGet(43)) - raft.grpc.server.port = 0 (default)
2019-10-11 04:58:49,042 [main] INFO  server.GrpcService (ConfUtils.java:logGet(43)) - raft.grpc.message.size.max = 33570816 (custom)
2019-10-11 04:58:49,043 [main] INFO  server.RaftServerConfigKeys (ConfUtils.java:logGet(43)) - raft.server.log.appender.buffer.byte-limit = 33554432 (custom)
2019-10-11 04:58:49,043 [main] INFO  server.GrpcService (ConfUtils.java:logGet(43)) - raft.grpc.flow.control.window = 1MB (=1048576) (default)
2019-10-11 04:58:49,043 [main] INFO  server.RaftServerConfigKeys (ConfUtils.java:logGet(43)) - raft.server.rpc.request.timeout = 3000ms (default)
2019-10-11 04:58:49,043 [main] INFO  server.RaftServerConfigKeys (ConfUtils.java:logGet(43)) - raft.server.storage.dir = [/workdir/hadoop-ozone/integration-test/target/test-dir/MiniOzoneClusterImpl-e577d82a-0303-4478-9167-bde1b199c1b9/datanode-3/data/ratis] (custom)
2019-10-11 04:58:49,044 [main] INFO  hdfs.DFSUtil (DFSUtil.java:httpServerTemplateForNNAndJN(1641)) - Starting Web-server for hddsDatanode at: http://0.0.0.0:0
2019-10-11 04:58:49,045 [main] INFO  server.AuthenticationFilter (AuthenticationFilter.java:constructSecretProvider(240)) - Unable to initialize FileSignerSecretProvider, falling back to use random secrets.
2019-10-11 04:58:49,046 [main] WARN  http.HttpRequestLog (HttpRequestLog.java:getRequestLog(97)) - Jetty request log can only be enabled using Log4j
2019-10-11 04:58:49,047 [main] INFO  http.HttpServer2 (HttpServer2.java:addGlobalFilter(975)) - Added global filter 'safety' (class=org.apache.hadoop.http.HttpServer2$QuotingInputFilter)
2019-10-11 04:58:49,047 [main] INFO  http.HttpServer2 (HttpServer2.java:addFilter(948)) - Added filter static_user_filter (class=org.apache.hadoop.http.lib.StaticUserWebFilter$StaticUserFilter) to context hddsDatanode
2019-10-11 04:58:49,047 [main] INFO  http.HttpServer2 (HttpServer2.java:addFilter(958)) - Added filter static_user_filter (class=org.apache.hadoop.http.lib.StaticUserWebFilter$StaticUserFilter) to context logs
2019-10-11 04:58:49,048 [main] INFO  http.HttpServer2 (HttpServer2.java:addFilter(958)) - Added filter static_user_filter (class=org.apache.hadoop.http.lib.StaticUserWebFilter$StaticUserFilter) to context static
2019-10-11 04:58:49,048 [main] INFO  http.HttpServer2 (HttpServer2.java:bindListener(1191)) - Jetty bound to port 42129
2019-10-11 04:58:49,048 [main] INFO  server.Server (Server.java:doStart(351)) - jetty-9.3.25.v20180904, build timestamp: 2018-09-04T21:11:46Z, git hash: 3ce520221d0240229c862b122d2b06c12a625732
2019-10-11 04:58:49,050 [main] INFO  handler.ContextHandler (ContextHandler.java:doStart(781)) - Started o.e.j.s.ServletContextHandler@447fa959{/logs,file:///workdir/hadoop-ozone/integration-test/target/log,AVAILABLE}
2019-10-11 04:58:49,050 [main] INFO  handler.ContextHandler (ContextHandler.java:doStart(781)) - Started o.e.j.s.ServletContextHandler@73f6e07{/static,jar:file:/home/user/.m2/repository/org/apache/hadoop/hadoop-hdds-container-service/0.5.0-SNAPSHOT/hadoop-hdds-container-service-0.5.0-SNAPSHOT.jar!/webapps/static,AVAILABLE}
2019-10-11 04:58:49,077 [main] INFO  handler.ContextHandler (ContextHandler.java:doStart(781)) - Started o.e.j.w.WebAppContext@1a2ac487{/,file:///tmp/jetty-0.0.0.0-42129-hddsDatanode-_-any-5942649127011433154.dir/webapp/,AVAILABLE}{/hddsDatanode}
2019-10-11 04:58:49,078 [main] INFO  server.AbstractConnector (AbstractConnector.java:doStart(278)) - Started ServerConnector@570a62a5{HTTP/1.1,[http/1.1]}{0.0.0.0:42129}
2019-10-11 04:58:49,081 [main] INFO  server.Server (Server.java:doStart(419)) - Started @249854ms
2019-10-11 04:58:49,081 [main] WARN  impl.MetricsSystemImpl (MetricsSystemImpl.java:register(276)) - Sink prometheus already exists!
2019-10-11 04:58:49,082 [main] INFO  server.BaseHttpServer (BaseHttpServer.java:updateConnectorAddress(215)) - HTTP server of HDDSDATANODE is listening at http://0.0.0.0:42129
2019-10-11 04:58:49,082 [main] INFO  impl.MetricsSystemImpl (MetricsSystemImpl.java:init(158)) - HddsDatanode metrics system started (again)
2019-10-11 04:58:49,106 [org.apache.hadoop.util.JvmPauseMonitor$Monitor@20b7c48c] INFO  util.JvmPauseMonitor (JvmPauseMonitor.java:run(188)) - Starting JVM pause monitor
2019-10-11 04:58:49,108 [main] INFO  ozone.HddsDatanodeService (HddsDatanodeService.java:start(184)) - HddsDatanodeService host:pr-hdds-1569-qjnzd-3726989565 ip:192.168.157.200
2019-10-11 04:58:49,109 [Datanode State Machine Thread - 0] INFO  datanode.InitDatanodeState (InitDatanodeState.java:persistContainerDatanodeDetails(140)) - DatanodeDetails is persisted to /workdir/hadoop-ozone/integration-test/target/test-dir/MiniOzoneClusterImpl-e577d82a-0303-4478-9167-bde1b199c1b9/datanode-3/meta/datanode.id
2019-10-11 04:58:49,120 [main] INFO  volume.HddsVolume (HddsVolume.java:<init>(176)) - Creating Volume: /workdir/hadoop-ozone/integration-test/target/test-dir/MiniOzoneClusterImpl-e577d82a-0303-4478-9167-bde1b199c1b9/datanode-4/data/containers/hdds of  storage type : DISK and capacity : 1482555576320
2019-10-11 04:58:49,120 [main] INFO  volume.VolumeSet (VolumeSet.java:initializeVolumeSet(170)) - Added Volume : /workdir/hadoop-ozone/integration-test/target/test-dir/MiniOzoneClusterImpl-e577d82a-0303-4478-9167-bde1b199c1b9/datanode-4/data/containers/hdds to VolumeSet
2019-10-11 04:58:49,120 [main] INFO  volume.ThrottledAsyncChecker (ThrottledAsyncChecker.java:schedule(139)) - Scheduling a check for org.apache.hadoop.ozone.container.common.volume.HddsVolume@52abed9d
2019-10-11 04:58:49,121 [main] INFO  volume.HddsVolumeChecker (HddsVolumeChecker.java:checkAllVolumes(202)) - Scheduled health check for volume org.apache.hadoop.ozone.container.common.volume.HddsVolume@52abed9d
2019-10-11 04:58:49,137 [main] INFO  impl.RaftServerProxy (ConfUtils.java:logGet(43)) - raft.rpc.type = GRPC (default)
2019-10-11 04:58:49,137 [main] INFO  grpc.GrpcFactory (GrpcFactory.java:checkPooledByteBufAllocatorUseCacheForAllThreads(45)) - PERFORMANCE WARNING: useCacheForAllThreads is true that may cause Netty to create a lot garbage objects and, as a result, trigger GC.
	It is recommended to disable useCacheForAllThreads by setting -Dorg.apache.ratis.thirdparty.io.netty.allocator.useCacheForAllThreads=false in command line.
2019-10-11 04:58:49,137 [main] INFO  grpc.GrpcConfigKeys$Server (ConfUtils.java:logGet(43)) - raft.grpc.server.port = 0 (default)
2019-10-11 04:58:49,138 [main] INFO  server.GrpcService (ConfUtils.java:logGet(43)) - raft.grpc.message.size.max = 33570816 (custom)
2019-10-11 04:58:49,138 [main] INFO  server.RaftServerConfigKeys (ConfUtils.java:logGet(43)) - raft.server.log.appender.buffer.byte-limit = 33554432 (custom)
2019-10-11 04:58:49,138 [main] INFO  server.GrpcService (ConfUtils.java:logGet(43)) - raft.grpc.flow.control.window = 1MB (=1048576) (default)
2019-10-11 04:58:49,138 [main] INFO  server.RaftServerConfigKeys (ConfUtils.java:logGet(43)) - raft.server.rpc.request.timeout = 3000ms (default)
2019-10-11 04:58:49,139 [main] INFO  server.RaftServerConfigKeys (ConfUtils.java:logGet(43)) - raft.server.storage.dir = [/workdir/hadoop-ozone/integration-test/target/test-dir/MiniOzoneClusterImpl-e577d82a-0303-4478-9167-bde1b199c1b9/datanode-4/data/ratis] (custom)
2019-10-11 04:58:49,141 [main] INFO  hdfs.DFSUtil (DFSUtil.java:httpServerTemplateForNNAndJN(1641)) - Starting Web-server for hddsDatanode at: http://0.0.0.0:0
2019-10-11 04:58:49,142 [main] INFO  server.AuthenticationFilter (AuthenticationFilter.java:constructSecretProvider(240)) - Unable to initialize FileSignerSecretProvider, falling back to use random secrets.
2019-10-11 04:58:49,143 [main] WARN  http.HttpRequestLog (HttpRequestLog.java:getRequestLog(97)) - Jetty request log can only be enabled using Log4j
2019-10-11 04:58:49,144 [main] INFO  http.HttpServer2 (HttpServer2.java:addGlobalFilter(975)) - Added global filter 'safety' (class=org.apache.hadoop.http.HttpServer2$QuotingInputFilter)
2019-10-11 04:58:49,145 [main] INFO  http.HttpServer2 (HttpServer2.java:addFilter(948)) - Added filter static_user_filter (class=org.apache.hadoop.http.lib.StaticUserWebFilter$StaticUserFilter) to context hddsDatanode
2019-10-11 04:58:49,145 [main] INFO  http.HttpServer2 (HttpServer2.java:addFilter(958)) - Added filter static_user_filter (class=org.apache.hadoop.http.lib.StaticUserWebFilter$StaticUserFilter) to context logs
2019-10-11 04:58:49,145 [main] INFO  http.HttpServer2 (HttpServer2.java:addFilter(958)) - Added filter static_user_filter (class=org.apache.hadoop.http.lib.StaticUserWebFilter$StaticUserFilter) to context static
2019-10-11 04:58:49,146 [main] INFO  http.HttpServer2 (HttpServer2.java:bindListener(1191)) - Jetty bound to port 33788
2019-10-11 04:58:49,146 [main] INFO  server.Server (Server.java:doStart(351)) - jetty-9.3.25.v20180904, build timestamp: 2018-09-04T21:11:46Z, git hash: 3ce520221d0240229c862b122d2b06c12a625732
2019-10-11 04:58:49,147 [main] INFO  handler.ContextHandler (ContextHandler.java:doStart(781)) - Started o.e.j.s.ServletContextHandler@1f916219{/logs,file:///workdir/hadoop-ozone/integration-test/target/log,AVAILABLE}
2019-10-11 04:58:49,148 [main] INFO  handler.ContextHandler (ContextHandler.java:doStart(781)) - Started o.e.j.s.ServletContextHandler@3b088163{/static,jar:file:/home/user/.m2/repository/org/apache/hadoop/hadoop-hdds-container-service/0.5.0-SNAPSHOT/hadoop-hdds-container-service-0.5.0-SNAPSHOT.jar!/webapps/static,AVAILABLE}
2019-10-11 04:58:49,175 [main] INFO  handler.ContextHandler (ContextHandler.java:doStart(781)) - Started o.e.j.w.WebAppContext@2a0b901c{/,file:///tmp/jetty-0.0.0.0-33788-hddsDatanode-_-any-185076662340071237.dir/webapp/,AVAILABLE}{/hddsDatanode}
2019-10-11 04:58:49,175 [main] INFO  server.AbstractConnector (AbstractConnector.java:doStart(278)) - Started ServerConnector@3d104c9b{HTTP/1.1,[http/1.1]}{0.0.0.0:33788}
2019-10-11 04:58:49,179 [main] INFO  server.Server (Server.java:doStart(419)) - Started @249952ms
2019-10-11 04:58:49,180 [main] WARN  impl.MetricsSystemImpl (MetricsSystemImpl.java:register(276)) - Sink prometheus already exists!
2019-10-11 04:58:49,180 [main] INFO  server.BaseHttpServer (BaseHttpServer.java:updateConnectorAddress(215)) - HTTP server of HDDSDATANODE is listening at http://0.0.0.0:33788
2019-10-11 04:58:49,181 [main] INFO  impl.MetricsSystemImpl (MetricsSystemImpl.java:init(158)) - HddsDatanode metrics system started (again)
2019-10-11 04:58:49,204 [org.apache.hadoop.util.JvmPauseMonitor$Monitor@4f7a9cf3] INFO  util.JvmPauseMonitor (JvmPauseMonitor.java:run(188)) - Starting JVM pause monitor
2019-10-11 04:58:49,205 [Datanode State Machine Thread - 0] INFO  datanode.InitDatanodeState (InitDatanodeState.java:persistContainerDatanodeDetails(140)) - DatanodeDetails is persisted to /workdir/hadoop-ozone/integration-test/target/test-dir/MiniOzoneClusterImpl-e577d82a-0303-4478-9167-bde1b199c1b9/datanode-4/meta/datanode.id
2019-10-11 04:58:49,205 [main] INFO  ozone.HddsDatanodeService (HddsDatanodeService.java:start(184)) - HddsDatanodeService host:pr-hdds-1569-qjnzd-3726989565 ip:192.168.157.200
2019-10-11 04:58:49,217 [main] INFO  volume.HddsVolume (HddsVolume.java:<init>(176)) - Creating Volume: /workdir/hadoop-ozone/integration-test/target/test-dir/MiniOzoneClusterImpl-e577d82a-0303-4478-9167-bde1b199c1b9/datanode-5/data/containers/hdds of  storage type : DISK and capacity : 1482555576320
2019-10-11 04:58:49,218 [main] INFO  volume.VolumeSet (VolumeSet.java:initializeVolumeSet(170)) - Added Volume : /workdir/hadoop-ozone/integration-test/target/test-dir/MiniOzoneClusterImpl-e577d82a-0303-4478-9167-bde1b199c1b9/datanode-5/data/containers/hdds to VolumeSet
2019-10-11 04:58:49,218 [main] INFO  volume.ThrottledAsyncChecker (ThrottledAsyncChecker.java:schedule(139)) - Scheduling a check for org.apache.hadoop.ozone.container.common.volume.HddsVolume@51ac12ac
2019-10-11 04:58:49,219 [main] INFO  volume.HddsVolumeChecker (HddsVolumeChecker.java:checkAllVolumes(202)) - Scheduled health check for volume org.apache.hadoop.ozone.container.common.volume.HddsVolume@51ac12ac
2019-10-11 04:58:49,239 [main] INFO  impl.RaftServerProxy (ConfUtils.java:logGet(43)) - raft.rpc.type = GRPC (default)
2019-10-11 04:58:49,240 [main] INFO  grpc.GrpcFactory (GrpcFactory.java:checkPooledByteBufAllocatorUseCacheForAllThreads(45)) - PERFORMANCE WARNING: useCacheForAllThreads is true that may cause Netty to create a lot garbage objects and, as a result, trigger GC.
	It is recommended to disable useCacheForAllThreads by setting -Dorg.apache.ratis.thirdparty.io.netty.allocator.useCacheForAllThreads=false in command line.
2019-10-11 04:58:49,240 [main] INFO  grpc.GrpcConfigKeys$Server (ConfUtils.java:logGet(43)) - raft.grpc.server.port = 0 (default)
2019-10-11 04:58:49,240 [main] INFO  server.GrpcService (ConfUtils.java:logGet(43)) - raft.grpc.message.size.max = 33570816 (custom)
2019-10-11 04:58:49,240 [main] INFO  server.RaftServerConfigKeys (ConfUtils.java:logGet(43)) - raft.server.log.appender.buffer.byte-limit = 33554432 (custom)
2019-10-11 04:58:49,241 [main] INFO  server.GrpcService (ConfUtils.java:logGet(43)) - raft.grpc.flow.control.window = 1MB (=1048576) (default)
2019-10-11 04:58:49,241 [main] INFO  server.RaftServerConfigKeys (ConfUtils.java:logGet(43)) - raft.server.rpc.request.timeout = 3000ms (default)
2019-10-11 04:58:49,241 [main] INFO  server.RaftServerConfigKeys (ConfUtils.java:logGet(43)) - raft.server.storage.dir = [/workdir/hadoop-ozone/integration-test/target/test-dir/MiniOzoneClusterImpl-e577d82a-0303-4478-9167-bde1b199c1b9/datanode-5/data/ratis] (custom)
2019-10-11 04:58:49,243 [main] INFO  hdfs.DFSUtil (DFSUtil.java:httpServerTemplateForNNAndJN(1641)) - Starting Web-server for hddsDatanode at: http://0.0.0.0:0
2019-10-11 04:58:49,244 [main] INFO  server.AuthenticationFilter (AuthenticationFilter.java:constructSecretProvider(240)) - Unable to initialize FileSignerSecretProvider, falling back to use random secrets.
2019-10-11 04:58:49,245 [main] WARN  http.HttpRequestLog (HttpRequestLog.java:getRequestLog(97)) - Jetty request log can only be enabled using Log4j
2019-10-11 04:58:49,246 [main] INFO  http.HttpServer2 (HttpServer2.java:addGlobalFilter(975)) - Added global filter 'safety' (class=org.apache.hadoop.http.HttpServer2$QuotingInputFilter)
2019-10-11 04:58:49,246 [main] INFO  http.HttpServer2 (HttpServer2.java:addFilter(948)) - Added filter static_user_filter (class=org.apache.hadoop.http.lib.StaticUserWebFilter$StaticUserFilter) to context hddsDatanode
2019-10-11 04:58:49,246 [main] INFO  http.HttpServer2 (HttpServer2.java:addFilter(958)) - Added filter static_user_filter (class=org.apache.hadoop.http.lib.StaticUserWebFilter$StaticUserFilter) to context logs
2019-10-11 04:58:49,247 [main] INFO  http.HttpServer2 (HttpServer2.java:addFilter(958)) - Added filter static_user_filter (class=org.apache.hadoop.http.lib.StaticUserWebFilter$StaticUserFilter) to context static
2019-10-11 04:58:49,247 [main] INFO  http.HttpServer2 (HttpServer2.java:bindListener(1191)) - Jetty bound to port 42873
2019-10-11 04:58:49,247 [main] INFO  server.Server (Server.java:doStart(351)) - jetty-9.3.25.v20180904, build timestamp: 2018-09-04T21:11:46Z, git hash: 3ce520221d0240229c862b122d2b06c12a625732
2019-10-11 04:58:49,249 [main] INFO  handler.ContextHandler (ContextHandler.java:doStart(781)) - Started o.e.j.s.ServletContextHandler@22a6d75c{/logs,file:///workdir/hadoop-ozone/integration-test/target/log,AVAILABLE}
2019-10-11 04:58:49,249 [main] INFO  handler.ContextHandler (ContextHandler.java:doStart(781)) - Started o.e.j.s.ServletContextHandler@7d30007d{/static,jar:file:/home/user/.m2/repository/org/apache/hadoop/hadoop-hdds-container-service/0.5.0-SNAPSHOT/hadoop-hdds-container-service-0.5.0-SNAPSHOT.jar!/webapps/static,AVAILABLE}
2019-10-11 04:58:49,290 [main] INFO  handler.ContextHandler (ContextHandler.java:doStart(781)) - Started o.e.j.w.WebAppContext@34c7232c{/,file:///tmp/jetty-0.0.0.0-42873-hddsDatanode-_-any-4926565807372342526.dir/webapp/,AVAILABLE}{/hddsDatanode}
2019-10-11 04:58:49,295 [main] INFO  server.AbstractConnector (AbstractConnector.java:doStart(278)) - Started ServerConnector@50ec4bfc{HTTP/1.1,[http/1.1]}{0.0.0.0:42873}
2019-10-11 04:58:49,295 [main] INFO  server.Server (Server.java:doStart(419)) - Started @250068ms
2019-10-11 04:58:49,296 [main] WARN  impl.MetricsSystemImpl (MetricsSystemImpl.java:register(276)) - Sink prometheus already exists!
2019-10-11 04:58:49,297 [main] INFO  server.BaseHttpServer (BaseHttpServer.java:updateConnectorAddress(215)) - HTTP server of HDDSDATANODE is listening at http://0.0.0.0:42873
2019-10-11 04:58:49,297 [main] INFO  impl.MetricsSystemImpl (MetricsSystemImpl.java:init(158)) - HddsDatanode metrics system started (again)
2019-10-11 04:58:49,299 [org.apache.hadoop.util.JvmPauseMonitor$Monitor@80c1f88] INFO  util.JvmPauseMonitor (JvmPauseMonitor.java:run(188)) - Starting JVM pause monitor
2019-10-11 04:58:49,335 [Datanode State Machine Thread - 0] INFO  datanode.InitDatanodeState (InitDatanodeState.java:persistContainerDatanodeDetails(140)) - DatanodeDetails is persisted to /workdir/hadoop-ozone/integration-test/target/test-dir/MiniOzoneClusterImpl-e577d82a-0303-4478-9167-bde1b199c1b9/datanode-5/meta/datanode.id
2019-10-11 04:58:49,336 [main] INFO  ozone.HddsDatanodeService (HddsDatanodeService.java:start(184)) - HddsDatanodeService host:pr-hdds-1569-qjnzd-3726989565 ip:192.168.157.200
2019-10-11 04:58:49,348 [main] INFO  volume.HddsVolume (HddsVolume.java:<init>(176)) - Creating Volume: /workdir/hadoop-ozone/integration-test/target/test-dir/MiniOzoneClusterImpl-e577d82a-0303-4478-9167-bde1b199c1b9/datanode-6/data/containers/hdds of  storage type : DISK and capacity : 1482555576320
2019-10-11 04:58:49,349 [main] INFO  volume.VolumeSet (VolumeSet.java:initializeVolumeSet(170)) - Added Volume : /workdir/hadoop-ozone/integration-test/target/test-dir/MiniOzoneClusterImpl-e577d82a-0303-4478-9167-bde1b199c1b9/datanode-6/data/containers/hdds to VolumeSet
2019-10-11 04:58:49,349 [main] INFO  volume.ThrottledAsyncChecker (ThrottledAsyncChecker.java:schedule(139)) - Scheduling a check for org.apache.hadoop.ozone.container.common.volume.HddsVolume@27a9f025
2019-10-11 04:58:49,349 [main] INFO  volume.HddsVolumeChecker (HddsVolumeChecker.java:checkAllVolumes(202)) - Scheduled health check for volume org.apache.hadoop.ozone.container.common.volume.HddsVolume@27a9f025
2019-10-11 04:58:49,368 [main] INFO  impl.RaftServerProxy (ConfUtils.java:logGet(43)) - raft.rpc.type = GRPC (default)
2019-10-11 04:58:49,369 [main] INFO  grpc.GrpcFactory (GrpcFactory.java:checkPooledByteBufAllocatorUseCacheForAllThreads(45)) - PERFORMANCE WARNING: useCacheForAllThreads is true that may cause Netty to create a lot garbage objects and, as a result, trigger GC.
	It is recommended to disable useCacheForAllThreads by setting -Dorg.apache.ratis.thirdparty.io.netty.allocator.useCacheForAllThreads=false in command line.
2019-10-11 04:58:49,369 [main] INFO  grpc.GrpcConfigKeys$Server (ConfUtils.java:logGet(43)) - raft.grpc.server.port = 0 (default)
2019-10-11 04:58:49,369 [main] INFO  server.GrpcService (ConfUtils.java:logGet(43)) - raft.grpc.message.size.max = 33570816 (custom)
2019-10-11 04:58:49,369 [main] INFO  server.RaftServerConfigKeys (ConfUtils.java:logGet(43)) - raft.server.log.appender.buffer.byte-limit = 33554432 (custom)
2019-10-11 04:58:49,370 [main] INFO  server.GrpcService (ConfUtils.java:logGet(43)) - raft.grpc.flow.control.window = 1MB (=1048576) (default)
2019-10-11 04:58:49,370 [main] INFO  server.RaftServerConfigKeys (ConfUtils.java:logGet(43)) - raft.server.rpc.request.timeout = 3000ms (default)
2019-10-11 04:58:49,370 [main] INFO  server.RaftServerConfigKeys (ConfUtils.java:logGet(43)) - raft.server.storage.dir = [/workdir/hadoop-ozone/integration-test/target/test-dir/MiniOzoneClusterImpl-e577d82a-0303-4478-9167-bde1b199c1b9/datanode-6/data/ratis] (custom)
2019-10-11 04:58:49,372 [main] INFO  hdfs.DFSUtil (DFSUtil.java:httpServerTemplateForNNAndJN(1641)) - Starting Web-server for hddsDatanode at: http://0.0.0.0:0
2019-10-11 04:58:49,373 [main] INFO  server.AuthenticationFilter (AuthenticationFilter.java:constructSecretProvider(240)) - Unable to initialize FileSignerSecretProvider, falling back to use random secrets.
2019-10-11 04:58:49,374 [main] WARN  http.HttpRequestLog (HttpRequestLog.java:getRequestLog(97)) - Jetty request log can only be enabled using Log4j
2019-10-11 04:58:49,375 [main] INFO  http.HttpServer2 (HttpServer2.java:addGlobalFilter(975)) - Added global filter 'safety' (class=org.apache.hadoop.http.HttpServer2$QuotingInputFilter)
2019-10-11 04:58:49,375 [main] INFO  http.HttpServer2 (HttpServer2.java:addFilter(948)) - Added filter static_user_filter (class=org.apache.hadoop.http.lib.StaticUserWebFilter$StaticUserFilter) to context hddsDatanode
2019-10-11 04:58:49,376 [main] INFO  http.HttpServer2 (HttpServer2.java:addFilter(958)) - Added filter static_user_filter (class=org.apache.hadoop.http.lib.StaticUserWebFilter$StaticUserFilter) to context logs
2019-10-11 04:58:49,376 [main] INFO  http.HttpServer2 (HttpServer2.java:addFilter(958)) - Added filter static_user_filter (class=org.apache.hadoop.http.lib.StaticUserWebFilter$StaticUserFilter) to context static
2019-10-11 04:58:49,377 [main] INFO  http.HttpServer2 (HttpServer2.java:bindListener(1191)) - Jetty bound to port 45548
2019-10-11 04:58:49,377 [main] INFO  server.Server (Server.java:doStart(351)) - jetty-9.3.25.v20180904, build timestamp: 2018-09-04T21:11:46Z, git hash: 3ce520221d0240229c862b122d2b06c12a625732
2019-10-11 04:58:49,379 [main] INFO  handler.ContextHandler (ContextHandler.java:doStart(781)) - Started o.e.j.s.ServletContextHandler@33d28f0a{/logs,file:///workdir/hadoop-ozone/integration-test/target/log,AVAILABLE}
2019-10-11 04:58:49,379 [main] INFO  handler.ContextHandler (ContextHandler.java:doStart(781)) - Started o.e.j.s.ServletContextHandler@51e7589f{/static,jar:file:/home/user/.m2/repository/org/apache/hadoop/hadoop-hdds-container-service/0.5.0-SNAPSHOT/hadoop-hdds-container-service-0.5.0-SNAPSHOT.jar!/webapps/static,AVAILABLE}
2019-10-11 04:58:49,413 [main] INFO  handler.ContextHandler (ContextHandler.java:doStart(781)) - Started o.e.j.w.WebAppContext@53d6e959{/,file:///tmp/jetty-0.0.0.0-45548-hddsDatanode-_-any-2820951718692920255.dir/webapp/,AVAILABLE}{/hddsDatanode}
2019-10-11 04:58:49,414 [main] INFO  server.AbstractConnector (AbstractConnector.java:doStart(278)) - Started ServerConnector@3caee3a8{HTTP/1.1,[http/1.1]}{0.0.0.0:45548}
2019-10-11 04:58:49,417 [main] INFO  server.Server (Server.java:doStart(419)) - Started @250190ms
2019-10-11 04:58:49,417 [main] WARN  impl.MetricsSystemImpl (MetricsSystemImpl.java:register(276)) - Sink prometheus already exists!
2019-10-11 04:58:49,418 [main] INFO  server.BaseHttpServer (BaseHttpServer.java:updateConnectorAddress(215)) - HTTP server of HDDSDATANODE is listening at http://0.0.0.0:45548
2019-10-11 04:58:49,418 [main] INFO  ozone.MiniOzoneClusterImpl (MiniOzoneClusterImpl.java:lambda$waitForClusterToBeReady$0(147)) - Waiting for cluster to be ready. Got 0 of 7 DN Heartbeats.
2019-10-11 04:58:49,420 [org.apache.hadoop.util.JvmPauseMonitor$Monitor@61891f30] INFO  util.JvmPauseMonitor (JvmPauseMonitor.java:run(188)) - Starting JVM pause monitor
2019-10-11 04:58:49,421 [Datanode State Machine Thread - 0] INFO  datanode.InitDatanodeState (InitDatanodeState.java:persistContainerDatanodeDetails(140)) - DatanodeDetails is persisted to /workdir/hadoop-ozone/integration-test/target/test-dir/MiniOzoneClusterImpl-e577d82a-0303-4478-9167-bde1b199c1b9/datanode-6/meta/datanode.id
2019-10-11 04:58:50,420 [main] INFO  ozone.MiniOzoneClusterImpl (MiniOzoneClusterImpl.java:lambda$waitForClusterToBeReady$0(147)) - Waiting for cluster to be ready. Got 0 of 7 DN Heartbeats.
2019-10-11 04:58:50,793 [RatisPipelineUtilsThread] ERROR pipeline.SCMPipelineManager (SCMPipelineManager.java:createPipeline(193)) - Pipeline creation failed.
org.apache.hadoop.hdds.scm.exceptions.SCMException: Cannot create pipeline of factor 1 using 0 nodes. Used 5 nodes. Healthy nodes 5
	at org.apache.hadoop.hdds.scm.pipeline.RatisPipelineProvider.pickNodesNeverUsed(RatisPipelineProvider.java:116)
	at org.apache.hadoop.hdds.scm.pipeline.RatisPipelineProvider.create(RatisPipelineProvider.java:128)
	at org.apache.hadoop.hdds.scm.pipeline.PipelineFactory.create(PipelineFactory.java:58)
	at org.apache.hadoop.hdds.scm.pipeline.SCMPipelineManager.createPipeline(SCMPipelineManager.java:183)
	at org.apache.hadoop.hdds.scm.pipeline.BackgroundPipelineCreator.createPipelines(BackgroundPipelineCreator.java:100)
	at org.apache.hadoop.hdds.scm.pipeline.BackgroundPipelineCreator.lambda$startFixedIntervalPipelineCreator$0(BackgroundPipelineCreator.java:70)
	at java.util.concurrent.Executors$RunnableAdapter.call(Executors.java:511)
	at java.util.concurrent.FutureTask.runAndReset(FutureTask.java:308)
	at java.util.concurrent.ScheduledThreadPoolExecutor$ScheduledFutureTask.access$301(ScheduledThreadPoolExecutor.java:180)
	at java.util.concurrent.ScheduledThreadPoolExecutor$ScheduledFutureTask.run(ScheduledThreadPoolExecutor.java:294)
	at java.util.concurrent.ThreadPoolExecutor.runWorker(ThreadPoolExecutor.java:1149)
	at java.util.concurrent.ThreadPoolExecutor$Worker.run(ThreadPoolExecutor.java:624)
	at java.lang.Thread.run(Thread.java:748)
2019-10-11 04:58:50,794 [RatisPipelineUtilsThread] INFO  pipeline.PipelinePlacementPolicy (PipelinePlacementPolicy.java:meetCriteria(104)) - Pipeline Placement: can't place more pipeline on heavy datanode： 45dc940c-71f1-4cb7-b25b-a82b712b179d Heaviness: 3 limit: 3
2019-10-11 04:58:50,794 [RatisPipelineUtilsThread] INFO  pipeline.PipelinePlacementPolicy (PipelinePlacementPolicy.java:meetCriteria(104)) - Pipeline Placement: can't place more pipeline on heavy datanode： 3c863a86-f0e0-4c2a-8b91-a8d0f68ec9e3 Heaviness: 3 limit: 3
2019-10-11 04:58:50,794 [RatisPipelineUtilsThread] INFO  pipeline.PipelinePlacementPolicy (PipelinePlacementPolicy.java:meetCriteria(104)) - Pipeline Placement: can't place more pipeline on heavy datanode： 3452dafe-7a7c-46b8-888b-6c48499d0560 Heaviness: 3 limit: 3
2019-10-11 04:58:50,794 [RatisPipelineUtilsThread] ERROR pipeline.PipelinePlacementPolicy (PipelinePlacementPolicy.java:filterViableNodes(162)) - Unable to find enough nodes that meet the criteria that cannot engage in more than 3 pipelines. Nodes required: 3 Found: 2, healthy nodes count in NodeManager: 5.
2019-10-11 04:58:50,795 [RatisPipelineUtilsThread] ERROR pipeline.SCMPipelineManager (SCMPipelineManager.java:createPipeline(193)) - Pipeline creation failed.
org.apache.hadoop.hdds.scm.exceptions.SCMException: Unable to find enough nodes that meet the criteria that cannot engage in more than 3 pipelines. Nodes required: 3 Found: 2, healthy nodes count in NodeManager: 5.
	at org.apache.hadoop.hdds.scm.pipeline.PipelinePlacementPolicy.filterViableNodes(PipelinePlacementPolicy.java:163)
	at org.apache.hadoop.hdds.scm.pipeline.PipelinePlacementPolicy.chooseDatanodes(PipelinePlacementPolicy.java:186)
	at org.apache.hadoop.hdds.scm.pipeline.RatisPipelineProvider.create(RatisPipelineProvider.java:131)
	at org.apache.hadoop.hdds.scm.pipeline.PipelineFactory.create(PipelineFactory.java:58)
	at org.apache.hadoop.hdds.scm.pipeline.SCMPipelineManager.createPipeline(SCMPipelineManager.java:183)
	at org.apache.hadoop.hdds.scm.pipeline.BackgroundPipelineCreator.createPipelines(BackgroundPipelineCreator.java:100)
	at org.apache.hadoop.hdds.scm.pipeline.BackgroundPipelineCreator.lambda$startFixedIntervalPipelineCreator$0(BackgroundPipelineCreator.java:70)
	at java.util.concurrent.Executors$RunnableAdapter.call(Executors.java:511)
	at java.util.concurrent.FutureTask.runAndReset(FutureTask.java:308)
	at java.util.concurrent.ScheduledThreadPoolExecutor$ScheduledFutureTask.access$301(ScheduledThreadPoolExecutor.java:180)
	at java.util.concurrent.ScheduledThreadPoolExecutor$ScheduledFutureTask.run(ScheduledThreadPoolExecutor.java:294)
	at java.util.concurrent.ThreadPoolExecutor.runWorker(ThreadPoolExecutor.java:1149)
	at java.util.concurrent.ThreadPoolExecutor$Worker.run(ThreadPoolExecutor.java:624)
	at java.lang.Thread.run(Thread.java:748)
2019-10-11 04:58:50,861 [Datanode State Machine Thread - 0] INFO  ozoneimpl.OzoneContainer (OzoneContainer.java:start(217)) - Attempting to start container services.
2019-10-11 04:58:50,862 [Datanode State Machine Thread - 0] INFO  ozoneimpl.OzoneContainer (OzoneContainer.java:startContainerScrub(179)) - Background container scanner has been disabled.
2019-10-11 04:58:50,862 [Datanode State Machine Thread - 0] INFO  ratis.XceiverServerRatis (XceiverServerRatis.java:start(411)) - Starting XceiverServerRatis 08b98450-8e35-472b-a579-8677a58ff9b2 at port 0
2019-10-11 04:58:50,867 [Datanode State Machine Thread - 0] INFO  impl.RaftServerProxy (RaftServerProxy.java:lambda$start$3(299)) - 08b98450-8e35-472b-a579-8677a58ff9b2: start RPC server
2019-10-11 04:58:50,868 [Datanode State Machine Thread - 0] INFO  server.GrpcService (GrpcService.java:startImpl(158)) - 08b98450-8e35-472b-a579-8677a58ff9b2: GrpcService started, listening on 0.0.0.0/0.0.0.0:42117
2019-10-11 04:58:50,868 [Datanode State Machine Thread - 0] INFO  ratis.XceiverServerRatis (XceiverServerRatis.java:start(421)) - XceiverServerRatis 08b98450-8e35-472b-a579-8677a58ff9b2 is started using port 42117
2019-10-11 04:58:50,869 [Datanode State Machine Thread - 0] INFO  server.XceiverServerGrpc (XceiverServerGrpc.java:start(149)) - XceiverServerGrpc 08b98450-8e35-472b-a579-8677a58ff9b2 is started using port 42360
2019-10-11 04:58:50,942 [Datanode State Machine Thread - 0] INFO  ozoneimpl.OzoneContainer (OzoneContainer.java:start(217)) - Attempting to start container services.
2019-10-11 04:58:50,942 [Datanode State Machine Thread - 0] INFO  ozoneimpl.OzoneContainer (OzoneContainer.java:startContainerScrub(179)) - Background container scanner has been disabled.
2019-10-11 04:58:50,942 [Datanode State Machine Thread - 0] INFO  ratis.XceiverServerRatis (XceiverServerRatis.java:start(411)) - Starting XceiverServerRatis fa81099d-148a-45cb-bef5-8c6163d4f5a6 at port 0
2019-10-11 04:58:50,948 [Datanode State Machine Thread - 0] INFO  impl.RaftServerProxy (RaftServerProxy.java:lambda$start$3(299)) - fa81099d-148a-45cb-bef5-8c6163d4f5a6: start RPC server
2019-10-11 04:58:50,969 [Datanode State Machine Thread - 0] INFO  server.GrpcService (GrpcService.java:startImpl(158)) - fa81099d-148a-45cb-bef5-8c6163d4f5a6: GrpcService started, listening on 0.0.0.0/0.0.0.0:46533
2019-10-11 04:58:50,970 [Datanode State Machine Thread - 0] INFO  ratis.XceiverServerRatis (XceiverServerRatis.java:start(421)) - XceiverServerRatis fa81099d-148a-45cb-bef5-8c6163d4f5a6 is started using port 46533
2019-10-11 04:58:50,970 [Datanode State Machine Thread - 0] INFO  server.XceiverServerGrpc (XceiverServerGrpc.java:start(149)) - XceiverServerGrpc fa81099d-148a-45cb-bef5-8c6163d4f5a6 is started using port 46001
2019-10-11 04:58:51,028 [Datanode State Machine Thread - 0] INFO  ozoneimpl.OzoneContainer (OzoneContainer.java:start(217)) - Attempting to start container services.
2019-10-11 04:58:51,029 [Datanode State Machine Thread - 0] INFO  ozoneimpl.OzoneContainer (OzoneContainer.java:startContainerScrub(179)) - Background container scanner has been disabled.
2019-10-11 04:58:51,029 [Datanode State Machine Thread - 0] INFO  ratis.XceiverServerRatis (XceiverServerRatis.java:start(411)) - Starting XceiverServerRatis b8a80b88-8207-4354-80bd-5836997861aa at port 0
2019-10-11 04:58:51,036 [Datanode State Machine Thread - 0] INFO  impl.RaftServerProxy (RaftServerProxy.java:lambda$start$3(299)) - b8a80b88-8207-4354-80bd-5836997861aa: start RPC server
2019-10-11 04:58:51,036 [Datanode State Machine Thread - 0] INFO  server.GrpcService (GrpcService.java:startImpl(158)) - b8a80b88-8207-4354-80bd-5836997861aa: GrpcService started, listening on 0.0.0.0/0.0.0.0:36671
2019-10-11 04:58:51,037 [Datanode State Machine Thread - 0] INFO  ratis.XceiverServerRatis (XceiverServerRatis.java:start(421)) - XceiverServerRatis b8a80b88-8207-4354-80bd-5836997861aa is started using port 36671
2019-10-11 04:58:51,037 [Datanode State Machine Thread - 0] INFO  server.XceiverServerGrpc (XceiverServerGrpc.java:start(149)) - XceiverServerGrpc b8a80b88-8207-4354-80bd-5836997861aa is started using port 33700
2019-10-11 04:58:51,120 [Datanode State Machine Thread - 0] INFO  ozoneimpl.OzoneContainer (OzoneContainer.java:start(217)) - Attempting to start container services.
2019-10-11 04:58:51,120 [Datanode State Machine Thread - 0] INFO  ozoneimpl.OzoneContainer (OzoneContainer.java:startContainerScrub(179)) - Background container scanner has been disabled.
2019-10-11 04:58:51,120 [Datanode State Machine Thread - 0] INFO  ratis.XceiverServerRatis (XceiverServerRatis.java:start(411)) - Starting XceiverServerRatis ef99c7d8-2980-470c-bb97-d0a56dc986ad at port 0
2019-10-11 04:58:51,125 [Datanode State Machine Thread - 0] INFO  impl.RaftServerProxy (RaftServerProxy.java:lambda$start$3(299)) - ef99c7d8-2980-470c-bb97-d0a56dc986ad: start RPC server
2019-10-11 04:58:51,126 [Datanode State Machine Thread - 0] INFO  server.GrpcService (GrpcService.java:startImpl(158)) - ef99c7d8-2980-470c-bb97-d0a56dc986ad: GrpcService started, listening on 0.0.0.0/0.0.0.0:40900
2019-10-11 04:58:51,126 [Datanode State Machine Thread - 0] INFO  ratis.XceiverServerRatis (XceiverServerRatis.java:start(421)) - XceiverServerRatis ef99c7d8-2980-470c-bb97-d0a56dc986ad is started using port 40900
2019-10-11 04:58:51,126 [Datanode State Machine Thread - 0] INFO  server.XceiverServerGrpc (XceiverServerGrpc.java:start(149)) - XceiverServerGrpc ef99c7d8-2980-470c-bb97-d0a56dc986ad is started using port 44331
2019-10-11 04:58:51,218 [Datanode State Machine Thread - 0] INFO  ozoneimpl.OzoneContainer (OzoneContainer.java:start(217)) - Attempting to start container services.
2019-10-11 04:58:51,218 [Datanode State Machine Thread - 0] INFO  ozoneimpl.OzoneContainer (OzoneContainer.java:startContainerScrub(179)) - Background container scanner has been disabled.
2019-10-11 04:58:51,219 [Datanode State Machine Thread - 0] INFO  ratis.XceiverServerRatis (XceiverServerRatis.java:start(411)) - Starting XceiverServerRatis a2737f09-9e90-4fa2-b143-201484b1b099 at port 0
2019-10-11 04:58:51,226 [Datanode State Machine Thread - 0] INFO  impl.RaftServerProxy (RaftServerProxy.java:lambda$start$3(299)) - a2737f09-9e90-4fa2-b143-201484b1b099: start RPC server
2019-10-11 04:58:51,227 [Datanode State Machine Thread - 0] INFO  server.GrpcService (GrpcService.java:startImpl(158)) - a2737f09-9e90-4fa2-b143-201484b1b099: GrpcService started, listening on 0.0.0.0/0.0.0.0:40705
2019-10-11 04:58:51,227 [Datanode State Machine Thread - 0] INFO  ratis.XceiverServerRatis (XceiverServerRatis.java:start(421)) - XceiverServerRatis a2737f09-9e90-4fa2-b143-201484b1b099 is started using port 40705
2019-10-11 04:58:51,228 [Datanode State Machine Thread - 0] INFO  server.XceiverServerGrpc (XceiverServerGrpc.java:start(149)) - XceiverServerGrpc a2737f09-9e90-4fa2-b143-201484b1b099 is started using port 32957
2019-10-11 04:58:51,313 [Datanode State Machine Thread - 0] INFO  ozoneimpl.OzoneContainer (OzoneContainer.java:start(217)) - Attempting to start container services.
2019-10-11 04:58:51,313 [Datanode State Machine Thread - 0] INFO  ozoneimpl.OzoneContainer (OzoneContainer.java:startContainerScrub(179)) - Background container scanner has been disabled.
2019-10-11 04:58:51,313 [Datanode State Machine Thread - 0] INFO  ratis.XceiverServerRatis (XceiverServerRatis.java:start(411)) - Starting XceiverServerRatis 668e2474-c924-4725-a56b-888caa4fb9c5 at port 0
2019-10-11 04:58:51,320 [Datanode State Machine Thread - 0] INFO  impl.RaftServerProxy (RaftServerProxy.java:lambda$start$3(299)) - 668e2474-c924-4725-a56b-888caa4fb9c5: start RPC server
2019-10-11 04:58:51,321 [Datanode State Machine Thread - 0] INFO  server.GrpcService (GrpcService.java:startImpl(158)) - 668e2474-c924-4725-a56b-888caa4fb9c5: GrpcService started, listening on 0.0.0.0/0.0.0.0:44135
2019-10-11 04:58:51,321 [Datanode State Machine Thread - 0] INFO  ratis.XceiverServerRatis (XceiverServerRatis.java:start(421)) - XceiverServerRatis 668e2474-c924-4725-a56b-888caa4fb9c5 is started using port 44135
2019-10-11 04:58:51,321 [Datanode State Machine Thread - 0] INFO  server.XceiverServerGrpc (XceiverServerGrpc.java:start(149)) - XceiverServerGrpc 668e2474-c924-4725-a56b-888caa4fb9c5 is started using port 35879
2019-10-11 04:58:51,420 [main] INFO  ozone.MiniOzoneClusterImpl (MiniOzoneClusterImpl.java:lambda$waitForClusterToBeReady$0(147)) - Waiting for cluster to be ready. Got 0 of 7 DN Heartbeats.
2019-10-11 04:58:51,434 [Datanode State Machine Thread - 0] INFO  ozoneimpl.OzoneContainer (OzoneContainer.java:start(217)) - Attempting to start container services.
2019-10-11 04:58:51,434 [Datanode State Machine Thread - 0] INFO  ozoneimpl.OzoneContainer (OzoneContainer.java:startContainerScrub(179)) - Background container scanner has been disabled.
2019-10-11 04:58:51,435 [Datanode State Machine Thread - 0] INFO  ratis.XceiverServerRatis (XceiverServerRatis.java:start(411)) - Starting XceiverServerRatis a3bb58b2-ab47-4eb0-8b88-d70121aa1f0b at port 0
2019-10-11 04:58:51,441 [Datanode State Machine Thread - 0] INFO  impl.RaftServerProxy (RaftServerProxy.java:lambda$start$3(299)) - a3bb58b2-ab47-4eb0-8b88-d70121aa1f0b: start RPC server
2019-10-11 04:58:51,442 [Datanode State Machine Thread - 0] INFO  server.GrpcService (GrpcService.java:startImpl(158)) - a3bb58b2-ab47-4eb0-8b88-d70121aa1f0b: GrpcService started, listening on 0.0.0.0/0.0.0.0:46245
2019-10-11 04:58:51,442 [Datanode State Machine Thread - 0] INFO  ratis.XceiverServerRatis (XceiverServerRatis.java:start(421)) - XceiverServerRatis a3bb58b2-ab47-4eb0-8b88-d70121aa1f0b is started using port 46245
2019-10-11 04:58:51,442 [Datanode State Machine Thread - 0] INFO  server.XceiverServerGrpc (XceiverServerGrpc.java:start(149)) - XceiverServerGrpc a3bb58b2-ab47-4eb0-8b88-d70121aa1f0b is started using port 39388
2019-10-11 04:58:52,421 [main] INFO  ozone.MiniOzoneClusterImpl (MiniOzoneClusterImpl.java:lambda$waitForClusterToBeReady$0(147)) - Waiting for cluster to be ready. Got 0 of 7 DN Heartbeats.
2019-10-11 04:58:52,840 [IPC Server handler 0 on 36545] INFO  net.NetworkTopology (NetworkTopologyImpl.java:add(111)) - Added a new node: /default-rack/08b98450-8e35-472b-a579-8677a58ff9b2
2019-10-11 04:58:52,845 [IPC Server handler 0 on 36545] INFO  node.SCMNodeManager (SCMNodeManager.java:register(266)) - Registered Data node : 08b98450-8e35-472b-a579-8677a58ff9b2{ip: 192.168.157.200, host: pr-hdds-1569-qjnzd-3726989565, networkLocation: /default-rack, certSerialId: null}
2019-10-11 04:58:52,846 [EventQueue-NodeRegistrationContainerReportForDataNodeSafeModeRule] INFO  safemode.SCMSafeModeManager (DataNodeSafeModeRule.java:process(71)) - SCM in safe mode. 1 DataNodes registered, 1 required.
2019-10-11 04:58:52,851 [EventQueue-NodeRegistrationContainerReportForDataNodeSafeModeRule] INFO  safemode.SCMSafeModeManager (SCMSafeModeManager.java:validateSafeModeExitRules(177)) - ScmSafeModeManager, all rules are successfully validated
2019-10-11 04:58:52,851 [EventQueue-NodeRegistrationContainerReportForDataNodeSafeModeRule] INFO  safemode.SCMSafeModeManager (SCMSafeModeManager.java:exitSafeMode(193)) - SCM exiting safe mode.
2019-10-11 04:58:52,866 [grpc-default-executor-2] INFO  impl.RaftServerProxy (RaftServerProxy.java:addNew(89)) - 08b98450-8e35-472b-a579-8677a58ff9b2: addNew group-037613E2E2C8:[08b98450-8e35-472b-a579-8677a58ff9b2:192.168.157.200:42117] returns group-037613E2E2C8:java.util.concurrent.CompletableFuture@1a263ffa[Not completed]
2019-10-11 04:58:52,868 [pool-383-thread-1] INFO  impl.RaftServerImpl (RaftServerImpl.java:<init>(95)) - 08b98450-8e35-472b-a579-8677a58ff9b2: new RaftServerImpl for group-037613E2E2C8:[08b98450-8e35-472b-a579-8677a58ff9b2:192.168.157.200:42117] with ContainerStateMachine:uninitialized
2019-10-11 04:58:52,869 [pool-383-thread-1] INFO  server.RaftServerConfigKeys (ConfUtils.java:logGet(43)) - raft.server.rpc.timeout.min = 5s (custom)
2019-10-11 04:58:52,869 [pool-383-thread-1] INFO  server.RaftServerConfigKeys (ConfUtils.java:logGet(43)) - raft.server.rpc.timeout.max = 5200ms (custom)
2019-10-11 04:58:52,869 [pool-383-thread-1] INFO  server.RaftServerConfigKeys (ConfUtils.java:logGet(43)) - raft.server.rpcslowness.timeout = 120s (custom)
2019-10-11 04:58:52,869 [pool-383-thread-1] INFO  server.RaftServerConfigKeys (ConfUtils.java:logGet(43)) - raft.server.sleep.deviation.threshold = 300 (default)
2019-10-11 04:58:52,869 [pool-383-thread-1] INFO  server.RaftServerConfigKeys (ConfUtils.java:logGet(43)) - raft.server.log.appender.install.snapshot.enabled = false (custom)
2019-10-11 04:58:52,869 [pool-383-thread-1] INFO  impl.RaftServerImpl (ServerState.java:<init>(103)) - 08b98450-8e35-472b-a579-8677a58ff9b2@group-037613E2E2C8: ConfigurationManager, init=-1: [08b98450-8e35-472b-a579-8677a58ff9b2:192.168.157.200:42117], old=null, confs=<EMPTY_MAP>
2019-10-11 04:58:52,870 [pool-383-thread-1] INFO  server.RaftServerConfigKeys (ConfUtils.java:logGet(43)) - raft.server.storage.dir = [/workdir/hadoop-ozone/integration-test/target/test-dir/MiniOzoneClusterImpl-e577d82a-0303-4478-9167-bde1b199c1b9/datanode-0/data/ratis] (custom)
2019-10-11 04:58:52,870 [pool-383-thread-1] INFO  storage.RaftStorageDirectory (RaftStorageDirectory.java:analyzeStorage(246)) - The storage directory /workdir/hadoop-ozone/integration-test/target/test-dir/MiniOzoneClusterImpl-e577d82a-0303-4478-9167-bde1b199c1b9/datanode-0/data/ratis/4d135886-bae3-40fc-8a7d-037613e2e2c8 does not exist. Creating ...
2019-10-11 04:58:52,883 [pool-383-thread-1] INFO  storage.RaftStorageDirectory (RaftStorageDirectory.java:tryLock(328)) - Lock on /workdir/hadoop-ozone/integration-test/target/test-dir/MiniOzoneClusterImpl-e577d82a-0303-4478-9167-bde1b199c1b9/datanode-0/data/ratis/4d135886-bae3-40fc-8a7d-037613e2e2c8/in_use.lock acquired by nodename 16587@pr-hdds-1569-qjnzd-3726989565
2019-10-11 04:58:52,896 [pool-383-thread-1] INFO  storage.RaftStorage (RaftStorage.java:format(72)) - Storage directory /workdir/hadoop-ozone/integration-test/target/test-dir/MiniOzoneClusterImpl-e577d82a-0303-4478-9167-bde1b199c1b9/datanode-0/data/ratis/4d135886-bae3-40fc-8a7d-037613e2e2c8 has been successfully formatted.
2019-10-11 04:58:52,897 [pool-383-thread-1] INFO  ratis.ContainerStateMachine (ContainerStateMachine.java:loadSnapshot(230)) - group-037613E2E2C8: The snapshot info is null. Setting the last applied indexto:(t:0, i:~)
2019-10-11 04:58:52,897 [pool-383-thread-1] INFO  server.RaftServerConfigKeys (ConfUtils.java:logGet(43)) - raft.server.notification.no-leader.timeout = 120s (custom)
2019-10-11 04:58:52,897 [pool-383-thread-1] INFO  server.RaftServerConfigKeys (ConfUtils.java:logGet(43)) - raft.server.log.use.memory = false (default)
2019-10-11 04:58:52,897 [pool-383-thread-1] INFO  server.RaftServerConfigKeys (ConfUtils.java:logGet(43)) - raft.server.log.purge.gap = 1000000 (custom)
2019-10-11 04:58:52,897 [pool-383-thread-1] INFO  server.RaftServerConfigKeys (ConfUtils.java:logGet(43)) - raft.server.log.appender.buffer.byte-limit = 33554432 (custom)
2019-10-11 04:58:52,898 [pool-383-thread-1] INFO  server.RaftServerConfigKeys (ConfUtils.java:logGet(43)) - raft.server.log.segment.size.max = 1048576 (custom)
2019-10-11 04:58:52,898 [pool-383-thread-1] INFO  server.RaftServerConfigKeys (ConfUtils.java:logGet(43)) - raft.server.log.segment.cache.num.max = 2 (custom)
2019-10-11 04:58:52,898 [pool-383-thread-1] INFO  segmented.SegmentedRaftLogWorker (SegmentedRaftLogWorker.java:<init>(172)) - new 08b98450-8e35-472b-a579-8677a58ff9b2@group-037613E2E2C8-SegmentedRaftLogWorker for RaftStorage:Storage Directory /workdir/hadoop-ozone/integration-test/target/test-dir/MiniOzoneClusterImpl-e577d82a-0303-4478-9167-bde1b199c1b9/datanode-0/data/ratis/4d135886-bae3-40fc-8a7d-037613e2e2c8
2019-10-11 04:58:52,900 [pool-383-thread-1] INFO  server.RaftServerConfigKeys (ConfUtils.java:logGet(43)) - raft.server.log.queue.byte-limit = 2147483647 (custom)
2019-10-11 04:58:52,900 [pool-383-thread-1] INFO  server.RaftServerConfigKeys (ConfUtils.java:logGet(43)) - raft.server.log.queue.element-limit = 1024 (custom)
2019-10-11 04:58:52,900 [pool-383-thread-1] INFO  server.RaftServerConfigKeys (ConfUtils.java:logGet(43)) - raft.server.log.segment.size.max = 1048576 (custom)
2019-10-11 04:58:52,901 [pool-383-thread-1] INFO  server.RaftServerConfigKeys (ConfUtils.java:logGet(43)) - raft.server.log.preallocated.size = 16384 (custom)
2019-10-11 04:58:52,901 [pool-383-thread-1] INFO  server.RaftServerConfigKeys (ConfUtils.java:logGet(43)) - raft.server.log.write.buffer.size = 33554432 (custom)
2019-10-11 04:58:52,901 [pool-383-thread-1] INFO  server.RaftServerConfigKeys (ConfUtils.java:logGet(43)) - raft.server.log.force.sync.num = 128 (default)
2019-10-11 04:58:52,901 [pool-383-thread-1] INFO  server.RaftServerConfigKeys (ConfUtils.java:logGet(43)) - raft.server.log.statemachine.data.sync = true (default)
2019-10-11 04:58:52,901 [pool-383-thread-1] INFO  server.RaftServerConfigKeys (ConfUtils.java:logGet(43)) - raft.server.log.statemachine.data.sync.timeout = 10s (default)
2019-10-11 04:58:52,901 [pool-383-thread-1] INFO  server.RaftServerConfigKeys (ConfUtils.java:logGet(43)) - raft.server.log.statemachine.data.sync.timeout.retry = -1 (default)
2019-10-11 04:58:52,902 [pool-383-thread-1] INFO  server.RaftServerConfigKeys (ConfUtils.java:logGet(43)) - raft.server.log.statemachine.data.caching.enabled = true (custom)
2019-10-11 04:58:52,902 [pool-383-thread-1] INFO  segmented.SegmentedRaftLogWorker (SegmentedRaftLogWorker.java:lambda$new$0(132)) - 08b98450-8e35-472b-a579-8677a58ff9b2@group-037613E2E2C8-SegmentedRaftLogWorker: flushIndex: setUnconditionally 0 -> -1
2019-10-11 04:58:52,902 [pool-383-thread-1] INFO  server.RaftServerConfigKeys (ConfUtils.java:logGet(43)) - raft.server.snapshot.auto.trigger.enabled = true (custom)
2019-10-11 04:58:52,902 [pool-383-thread-1] INFO  server.RaftServerConfigKeys (ConfUtils.java:logGet(43)) - raft.server.snapshot.auto.trigger.threshold = 10000 (custom)
2019-10-11 04:58:52,903 [pool-383-thread-1] INFO  server.RaftServerConfigKeys (ConfUtils.java:logGet(43)) - raft.server.snapshot.retention.num.files = 5 (custom)
2019-10-11 04:58:52,903 [pool-383-thread-1] INFO  server.RaftServerConfigKeys (ConfUtils.java:logGet(43)) - raft.server.retrycache.expirytime = 600000ms (custom)
2019-10-11 04:58:52,905 [pool-383-thread-1] INFO  impl.RaftServerImpl (RaftServerImpl.java:start(185)) - 08b98450-8e35-472b-a579-8677a58ff9b2@group-037613E2E2C8: start as a follower, conf=-1: [08b98450-8e35-472b-a579-8677a58ff9b2:192.168.157.200:42117], old=null
2019-10-11 04:58:52,905 [pool-383-thread-1] INFO  impl.RaftServerImpl (RaftServerImpl.java:setRole(174)) - 08b98450-8e35-472b-a579-8677a58ff9b2@group-037613E2E2C8: changes role from      null to FOLLOWER at term 0 for startAsFollower
2019-10-11 04:58:52,905 [pool-383-thread-1] INFO  impl.RoleInfo (RoleInfo.java:updateAndGet(143)) - 08b98450-8e35-472b-a579-8677a58ff9b2: start FollowerState
2019-10-11 04:58:52,905 [pool-383-thread-1] INFO  util.JmxRegister (JmxRegister.java:tryRegister(44)) - Successfully registered JMX Bean with object name Ratis:service=RaftServer,group=group-037613E2E2C8,id=08b98450-8e35-472b-a579-8677a58ff9b2
2019-10-11 04:58:52,908 [RatisPipelineUtilsThread] INFO  pipeline.PipelineStateManager (PipelineStateManager.java:addPipeline(56)) - Created pipeline Pipeline[ Id: 4d135886-bae3-40fc-8a7d-037613e2e2c8, Nodes: 08b98450-8e35-472b-a579-8677a58ff9b2{ip: 192.168.157.200, host: pr-hdds-1569-qjnzd-3726989565, networkLocation: /default-rack, certSerialId: null}, Type:RATIS, Factor:ONE, State:OPEN]
2019-10-11 04:58:52,909 [RatisPipelineUtilsThread] ERROR pipeline.SCMPipelineManager (SCMPipelineManager.java:createPipeline(193)) - Pipeline creation failed.
org.apache.hadoop.hdds.scm.exceptions.SCMException: Cannot create pipeline of factor 1 using 0 nodes. Used 1 nodes. Healthy nodes 1
	at org.apache.hadoop.hdds.scm.pipeline.RatisPipelineProvider.pickNodesNeverUsed(RatisPipelineProvider.java:116)
	at org.apache.hadoop.hdds.scm.pipeline.RatisPipelineProvider.create(RatisPipelineProvider.java:128)
	at org.apache.hadoop.hdds.scm.pipeline.PipelineFactory.create(PipelineFactory.java:58)
	at org.apache.hadoop.hdds.scm.pipeline.SCMPipelineManager.createPipeline(SCMPipelineManager.java:183)
	at org.apache.hadoop.hdds.scm.pipeline.BackgroundPipelineCreator.createPipelines(BackgroundPipelineCreator.java:100)
	at java.util.concurrent.Executors$RunnableAdapter.call(Executors.java:511)
	at java.util.concurrent.FutureTask.run(FutureTask.java:266)
	at java.util.concurrent.ScheduledThreadPoolExecutor$ScheduledFutureTask.access$201(ScheduledThreadPoolExecutor.java:180)
	at java.util.concurrent.ScheduledThreadPoolExecutor$ScheduledFutureTask.run(ScheduledThreadPoolExecutor.java:293)
	at java.util.concurrent.ThreadPoolExecutor.runWorker(ThreadPoolExecutor.java:1149)
	at java.util.concurrent.ThreadPoolExecutor$Worker.run(ThreadPoolExecutor.java:624)
	at java.lang.Thread.run(Thread.java:748)
2019-10-11 04:58:52,909 [RatisPipelineUtilsThread] ERROR pipeline.PipelinePlacementPolicy (PipelinePlacementPolicy.java:filterViableNodes(144)) - Not enough healthy nodes to allocate pipeline. 3  datanodes required. Found 1
2019-10-11 04:58:52,909 [RatisPipelineUtilsThread] ERROR pipeline.SCMPipelineManager (SCMPipelineManager.java:createPipeline(193)) - Pipeline creation failed.
org.apache.hadoop.hdds.scm.exceptions.SCMException: Not enough healthy nodes to allocate pipeline. 3  datanodes required. Found 1
	at org.apache.hadoop.hdds.scm.pipeline.PipelinePlacementPolicy.filterViableNodes(PipelinePlacementPolicy.java:145)
	at org.apache.hadoop.hdds.scm.pipeline.PipelinePlacementPolicy.chooseDatanodes(PipelinePlacementPolicy.java:186)
	at org.apache.hadoop.hdds.scm.pipeline.RatisPipelineProvider.create(RatisPipelineProvider.java:131)
	at org.apache.hadoop.hdds.scm.pipeline.PipelineFactory.create(PipelineFactory.java:58)
	at org.apache.hadoop.hdds.scm.pipeline.SCMPipelineManager.createPipeline(SCMPipelineManager.java:183)
	at org.apache.hadoop.hdds.scm.pipeline.BackgroundPipelineCreator.createPipelines(BackgroundPipelineCreator.java:100)
	at java.util.concurrent.Executors$RunnableAdapter.call(Executors.java:511)
	at java.util.concurrent.FutureTask.run(FutureTask.java:266)
	at java.util.concurrent.ScheduledThreadPoolExecutor$ScheduledFutureTask.access$201(ScheduledThreadPoolExecutor.java:180)
	at java.util.concurrent.ScheduledThreadPoolExecutor$ScheduledFutureTask.run(ScheduledThreadPoolExecutor.java:293)
	at java.util.concurrent.ThreadPoolExecutor.runWorker(ThreadPoolExecutor.java:1149)
	at java.util.concurrent.ThreadPoolExecutor$Worker.run(ThreadPoolExecutor.java:624)
	at java.lang.Thread.run(Thread.java:748)
2019-10-11 04:58:52,910 [RatisPipelineUtilsThread] ERROR pipeline.SCMPipelineManager (SCMPipelineManager.java:createPipeline(193)) - Pipeline creation failed.
org.apache.hadoop.hdds.scm.exceptions.SCMException: Cannot create pipeline of factor 1 using 0 nodes. Used 1 nodes. Healthy nodes 1
	at org.apache.hadoop.hdds.scm.pipeline.RatisPipelineProvider.pickNodesNeverUsed(RatisPipelineProvider.java:116)
	at org.apache.hadoop.hdds.scm.pipeline.RatisPipelineProvider.create(RatisPipelineProvider.java:128)
	at org.apache.hadoop.hdds.scm.pipeline.PipelineFactory.create(PipelineFactory.java:58)
	at org.apache.hadoop.hdds.scm.pipeline.SCMPipelineManager.createPipeline(SCMPipelineManager.java:183)
	at org.apache.hadoop.hdds.scm.pipeline.BackgroundPipelineCreator.createPipelines(BackgroundPipelineCreator.java:100)
	at org.apache.hadoop.hdds.scm.pipeline.BackgroundPipelineCreator.lambda$startFixedIntervalPipelineCreator$0(BackgroundPipelineCreator.java:70)
	at java.util.concurrent.Executors$RunnableAdapter.call(Executors.java:511)
	at java.util.concurrent.FutureTask.runAndReset(FutureTask.java:308)
	at java.util.concurrent.ScheduledThreadPoolExecutor$ScheduledFutureTask.access$301(ScheduledThreadPoolExecutor.java:180)
	at java.util.concurrent.ScheduledThreadPoolExecutor$ScheduledFutureTask.run(ScheduledThreadPoolExecutor.java:294)
	at java.util.concurrent.ThreadPoolExecutor.runWorker(ThreadPoolExecutor.java:1149)
	at java.util.concurrent.ThreadPoolExecutor$Worker.run(ThreadPoolExecutor.java:624)
	at java.lang.Thread.run(Thread.java:748)
2019-10-11 04:58:52,910 [RatisPipelineUtilsThread] ERROR pipeline.PipelinePlacementPolicy (PipelinePlacementPolicy.java:filterViableNodes(144)) - Not enough healthy nodes to allocate pipeline. 3  datanodes required. Found 1
2019-10-11 04:58:52,910 [RatisPipelineUtilsThread] ERROR pipeline.SCMPipelineManager (SCMPipelineManager.java:createPipeline(193)) - Pipeline creation failed.
org.apache.hadoop.hdds.scm.exceptions.SCMException: Not enough healthy nodes to allocate pipeline. 3  datanodes required. Found 1
	at org.apache.hadoop.hdds.scm.pipeline.PipelinePlacementPolicy.filterViableNodes(PipelinePlacementPolicy.java:145)
	at org.apache.hadoop.hdds.scm.pipeline.PipelinePlacementPolicy.chooseDatanodes(PipelinePlacementPolicy.java:186)
	at org.apache.hadoop.hdds.scm.pipeline.RatisPipelineProvider.create(RatisPipelineProvider.java:131)
	at org.apache.hadoop.hdds.scm.pipeline.PipelineFactory.create(PipelineFactory.java:58)
	at org.apache.hadoop.hdds.scm.pipeline.SCMPipelineManager.createPipeline(SCMPipelineManager.java:183)
	at org.apache.hadoop.hdds.scm.pipeline.BackgroundPipelineCreator.createPipelines(BackgroundPipelineCreator.java:100)
	at org.apache.hadoop.hdds.scm.pipeline.BackgroundPipelineCreator.lambda$startFixedIntervalPipelineCreator$0(BackgroundPipelineCreator.java:70)
	at java.util.concurrent.Executors$RunnableAdapter.call(Executors.java:511)
	at java.util.concurrent.FutureTask.runAndReset(FutureTask.java:308)
	at java.util.concurrent.ScheduledThreadPoolExecutor$ScheduledFutureTask.access$301(ScheduledThreadPoolExecutor.java:180)
	at java.util.concurrent.ScheduledThreadPoolExecutor$ScheduledFutureTask.run(ScheduledThreadPoolExecutor.java:294)
	at java.util.concurrent.ThreadPoolExecutor.runWorker(ThreadPoolExecutor.java:1149)
	at java.util.concurrent.ThreadPoolExecutor$Worker.run(ThreadPoolExecutor.java:624)
	at java.lang.Thread.run(Thread.java:748)
2019-10-11 04:58:52,939 [IPC Server handler 2 on 36545] INFO  net.NetworkTopology (NetworkTopologyImpl.java:add(111)) - Added a new node: /default-rack/fa81099d-148a-45cb-bef5-8c6163d4f5a6
2019-10-11 04:58:52,939 [IPC Server handler 2 on 36545] INFO  node.SCMNodeManager (SCMNodeManager.java:register(266)) - Registered Data node : fa81099d-148a-45cb-bef5-8c6163d4f5a6{ip: 192.168.157.200, host: pr-hdds-1569-qjnzd-3726989565, networkLocation: /default-rack, certSerialId: null}
2019-10-11 04:58:52,947 [grpc-default-executor-2] INFO  impl.RaftServerProxy (RaftServerProxy.java:addNew(89)) - fa81099d-148a-45cb-bef5-8c6163d4f5a6: addNew group-DEC6AAB376B2:[fa81099d-148a-45cb-bef5-8c6163d4f5a6:192.168.157.200:46533] returns group-DEC6AAB376B2:java.util.concurrent.CompletableFuture@4fe0cf33[Not completed]
2019-10-11 04:58:52,948 [pool-393-thread-1] INFO  impl.RaftServerImpl (RaftServerImpl.java:<init>(95)) - fa81099d-148a-45cb-bef5-8c6163d4f5a6: new RaftServerImpl for group-DEC6AAB376B2:[fa81099d-148a-45cb-bef5-8c6163d4f5a6:192.168.157.200:46533] with ContainerStateMachine:uninitialized
2019-10-11 04:58:52,949 [pool-393-thread-1] INFO  server.RaftServerConfigKeys (ConfUtils.java:logGet(43)) - raft.server.rpc.timeout.min = 5s (custom)
2019-10-11 04:58:52,949 [pool-393-thread-1] INFO  server.RaftServerConfigKeys (ConfUtils.java:logGet(43)) - raft.server.rpc.timeout.max = 5200ms (custom)
2019-10-11 04:58:52,949 [pool-393-thread-1] INFO  server.RaftServerConfigKeys (ConfUtils.java:logGet(43)) - raft.server.rpcslowness.timeout = 120s (custom)
2019-10-11 04:58:52,949 [pool-393-thread-1] INFO  server.RaftServerConfigKeys (ConfUtils.java:logGet(43)) - raft.server.sleep.deviation.threshold = 300 (default)
2019-10-11 04:58:52,949 [pool-393-thread-1] INFO  server.RaftServerConfigKeys (ConfUtils.java:logGet(43)) - raft.server.log.appender.install.snapshot.enabled = false (custom)
2019-10-11 04:58:52,949 [pool-393-thread-1] INFO  impl.RaftServerImpl (ServerState.java:<init>(103)) - fa81099d-148a-45cb-bef5-8c6163d4f5a6@group-DEC6AAB376B2: ConfigurationManager, init=-1: [fa81099d-148a-45cb-bef5-8c6163d4f5a6:192.168.157.200:46533], old=null, confs=<EMPTY_MAP>
2019-10-11 04:58:52,950 [pool-393-thread-1] INFO  server.RaftServerConfigKeys (ConfUtils.java:logGet(43)) - raft.server.storage.dir = [/workdir/hadoop-ozone/integration-test/target/test-dir/MiniOzoneClusterImpl-e577d82a-0303-4478-9167-bde1b199c1b9/datanode-1/data/ratis] (custom)
2019-10-11 04:58:52,950 [pool-393-thread-1] INFO  storage.RaftStorageDirectory (RaftStorageDirectory.java:analyzeStorage(246)) - The storage directory /workdir/hadoop-ozone/integration-test/target/test-dir/MiniOzoneClusterImpl-e577d82a-0303-4478-9167-bde1b199c1b9/datanode-1/data/ratis/d4134114-f622-4d4e-9c2c-dec6aab376b2 does not exist. Creating ...
2019-10-11 04:58:52,963 [pool-393-thread-1] INFO  storage.RaftStorageDirectory (RaftStorageDirectory.java:tryLock(328)) - Lock on /workdir/hadoop-ozone/integration-test/target/test-dir/MiniOzoneClusterImpl-e577d82a-0303-4478-9167-bde1b199c1b9/datanode-1/data/ratis/d4134114-f622-4d4e-9c2c-dec6aab376b2/in_use.lock acquired by nodename 16587@pr-hdds-1569-qjnzd-3726989565
2019-10-11 04:58:52,977 [pool-393-thread-1] INFO  storage.RaftStorage (RaftStorage.java:format(72)) - Storage directory /workdir/hadoop-ozone/integration-test/target/test-dir/MiniOzoneClusterImpl-e577d82a-0303-4478-9167-bde1b199c1b9/datanode-1/data/ratis/d4134114-f622-4d4e-9c2c-dec6aab376b2 has been successfully formatted.
2019-10-11 04:58:52,977 [pool-393-thread-1] INFO  ratis.ContainerStateMachine (ContainerStateMachine.java:loadSnapshot(230)) - group-DEC6AAB376B2: The snapshot info is null. Setting the last applied indexto:(t:0, i:~)
2019-10-11 04:58:52,977 [pool-393-thread-1] INFO  server.RaftServerConfigKeys (ConfUtils.java:logGet(43)) - raft.server.notification.no-leader.timeout = 120s (custom)
2019-10-11 04:58:52,977 [pool-393-thread-1] INFO  server.RaftServerConfigKeys (ConfUtils.java:logGet(43)) - raft.server.log.use.memory = false (default)
2019-10-11 04:58:52,978 [pool-393-thread-1] INFO  server.RaftServerConfigKeys (ConfUtils.java:logGet(43)) - raft.server.log.purge.gap = 1000000 (custom)
2019-10-11 04:58:52,978 [pool-393-thread-1] INFO  server.RaftServerConfigKeys (ConfUtils.java:logGet(43)) - raft.server.log.appender.buffer.byte-limit = 33554432 (custom)
2019-10-11 04:58:52,978 [pool-393-thread-1] INFO  server.RaftServerConfigKeys (ConfUtils.java:logGet(43)) - raft.server.log.segment.size.max = 1048576 (custom)
2019-10-11 04:58:52,978 [pool-393-thread-1] INFO  server.RaftServerConfigKeys (ConfUtils.java:logGet(43)) - raft.server.log.segment.cache.num.max = 2 (custom)
2019-10-11 04:58:52,978 [pool-393-thread-1] INFO  segmented.SegmentedRaftLogWorker (SegmentedRaftLogWorker.java:<init>(172)) - new fa81099d-148a-45cb-bef5-8c6163d4f5a6@group-DEC6AAB376B2-SegmentedRaftLogWorker for RaftStorage:Storage Directory /workdir/hadoop-ozone/integration-test/target/test-dir/MiniOzoneClusterImpl-e577d82a-0303-4478-9167-bde1b199c1b9/datanode-1/data/ratis/d4134114-f622-4d4e-9c2c-dec6aab376b2
2019-10-11 04:58:52,980 [pool-393-thread-1] INFO  server.RaftServerConfigKeys (ConfUtils.java:logGet(43)) - raft.server.log.queue.byte-limit = 2147483647 (custom)
2019-10-11 04:58:52,980 [pool-393-thread-1] INFO  server.RaftServerConfigKeys (ConfUtils.java:logGet(43)) - raft.server.log.queue.element-limit = 1024 (custom)
2019-10-11 04:58:52,980 [pool-393-thread-1] INFO  server.RaftServerConfigKeys (ConfUtils.java:logGet(43)) - raft.server.log.segment.size.max = 1048576 (custom)
2019-10-11 04:58:52,980 [pool-393-thread-1] INFO  server.RaftServerConfigKeys (ConfUtils.java:logGet(43)) - raft.server.log.preallocated.size = 16384 (custom)
2019-10-11 04:58:52,980 [pool-393-thread-1] INFO  server.RaftServerConfigKeys (ConfUtils.java:logGet(43)) - raft.server.log.write.buffer.size = 33554432 (custom)
2019-10-11 04:58:52,980 [pool-393-thread-1] INFO  server.RaftServerConfigKeys (ConfUtils.java:logGet(43)) - raft.server.log.force.sync.num = 128 (default)
2019-10-11 04:58:52,980 [pool-393-thread-1] INFO  server.RaftServerConfigKeys (ConfUtils.java:logGet(43)) - raft.server.log.statemachine.data.sync = true (default)
2019-10-11 04:58:52,981 [pool-393-thread-1] INFO  server.RaftServerConfigKeys (ConfUtils.java:logGet(43)) - raft.server.log.statemachine.data.sync.timeout = 10s (default)
2019-10-11 04:58:52,981 [pool-393-thread-1] INFO  server.RaftServerConfigKeys (ConfUtils.java:logGet(43)) - raft.server.log.statemachine.data.sync.timeout.retry = -1 (default)
2019-10-11 04:58:52,981 [pool-393-thread-1] INFO  server.RaftServerConfigKeys (ConfUtils.java:logGet(43)) - raft.server.log.statemachine.data.caching.enabled = true (custom)
2019-10-11 04:58:52,981 [pool-393-thread-1] INFO  segmented.SegmentedRaftLogWorker (SegmentedRaftLogWorker.java:lambda$new$0(132)) - fa81099d-148a-45cb-bef5-8c6163d4f5a6@group-DEC6AAB376B2-SegmentedRaftLogWorker: flushIndex: setUnconditionally 0 -> -1
2019-10-11 04:58:52,982 [pool-393-thread-1] INFO  server.RaftServerConfigKeys (ConfUtils.java:logGet(43)) - raft.server.snapshot.auto.trigger.enabled = true (custom)
2019-10-11 04:58:52,982 [pool-393-thread-1] INFO  server.RaftServerConfigKeys (ConfUtils.java:logGet(43)) - raft.server.snapshot.auto.trigger.threshold = 10000 (custom)
2019-10-11 04:58:52,982 [pool-393-thread-1] INFO  server.RaftServerConfigKeys (ConfUtils.java:logGet(43)) - raft.server.snapshot.retention.num.files = 5 (custom)
2019-10-11 04:58:52,982 [pool-393-thread-1] INFO  server.RaftServerConfigKeys (ConfUtils.java:logGet(43)) - raft.server.retrycache.expirytime = 600000ms (custom)
2019-10-11 04:58:52,983 [pool-393-thread-1] INFO  impl.RaftServerImpl (RaftServerImpl.java:start(185)) - fa81099d-148a-45cb-bef5-8c6163d4f5a6@group-DEC6AAB376B2: start as a follower, conf=-1: [fa81099d-148a-45cb-bef5-8c6163d4f5a6:192.168.157.200:46533], old=null
2019-10-11 04:58:52,984 [pool-393-thread-1] INFO  impl.RaftServerImpl (RaftServerImpl.java:setRole(174)) - fa81099d-148a-45cb-bef5-8c6163d4f5a6@group-DEC6AAB376B2: changes role from      null to FOLLOWER at term 0 for startAsFollower
2019-10-11 04:58:52,984 [pool-393-thread-1] INFO  impl.RoleInfo (RoleInfo.java:updateAndGet(143)) - fa81099d-148a-45cb-bef5-8c6163d4f5a6: start FollowerState
2019-10-11 04:58:52,984 [pool-393-thread-1] INFO  util.JmxRegister (JmxRegister.java:tryRegister(44)) - Successfully registered JMX Bean with object name Ratis:service=RaftServer,group=group-DEC6AAB376B2,id=fa81099d-148a-45cb-bef5-8c6163d4f5a6
2019-10-11 04:58:52,986 [RatisPipelineUtilsThread] INFO  pipeline.PipelineStateManager (PipelineStateManager.java:addPipeline(56)) - Created pipeline Pipeline[ Id: d4134114-f622-4d4e-9c2c-dec6aab376b2, Nodes: fa81099d-148a-45cb-bef5-8c6163d4f5a6{ip: 192.168.157.200, host: pr-hdds-1569-qjnzd-3726989565, networkLocation: /default-rack, certSerialId: null}, Type:RATIS, Factor:ONE, State:OPEN]
2019-10-11 04:58:52,986 [RatisPipelineUtilsThread] ERROR pipeline.SCMPipelineManager (SCMPipelineManager.java:createPipeline(193)) - Pipeline creation failed.
org.apache.hadoop.hdds.scm.exceptions.SCMException: Cannot create pipeline of factor 1 using 0 nodes. Used 2 nodes. Healthy nodes 2
	at org.apache.hadoop.hdds.scm.pipeline.RatisPipelineProvider.pickNodesNeverUsed(RatisPipelineProvider.java:116)
	at org.apache.hadoop.hdds.scm.pipeline.RatisPipelineProvider.create(RatisPipelineProvider.java:128)
	at org.apache.hadoop.hdds.scm.pipeline.PipelineFactory.create(PipelineFactory.java:58)
	at org.apache.hadoop.hdds.scm.pipeline.SCMPipelineManager.createPipeline(SCMPipelineManager.java:183)
	at org.apache.hadoop.hdds.scm.pipeline.BackgroundPipelineCreator.createPipelines(BackgroundPipelineCreator.java:100)
	at java.util.concurrent.Executors$RunnableAdapter.call(Executors.java:511)
	at java.util.concurrent.FutureTask.run(FutureTask.java:266)
	at java.util.concurrent.ScheduledThreadPoolExecutor$ScheduledFutureTask.access$201(ScheduledThreadPoolExecutor.java:180)
	at java.util.concurrent.ScheduledThreadPoolExecutor$ScheduledFutureTask.run(ScheduledThreadPoolExecutor.java:293)
	at java.util.concurrent.ThreadPoolExecutor.runWorker(ThreadPoolExecutor.java:1149)
	at java.util.concurrent.ThreadPoolExecutor$Worker.run(ThreadPoolExecutor.java:624)
	at java.lang.Thread.run(Thread.java:748)
2019-10-11 04:58:52,987 [RatisPipelineUtilsThread] ERROR pipeline.PipelinePlacementPolicy (PipelinePlacementPolicy.java:filterViableNodes(144)) - Not enough healthy nodes to allocate pipeline. 3  datanodes required. Found 2
2019-10-11 04:58:52,987 [RatisPipelineUtilsThread] ERROR pipeline.SCMPipelineManager (SCMPipelineManager.java:createPipeline(193)) - Pipeline creation failed.
org.apache.hadoop.hdds.scm.exceptions.SCMException: Not enough healthy nodes to allocate pipeline. 3  datanodes required. Found 2
	at org.apache.hadoop.hdds.scm.pipeline.PipelinePlacementPolicy.filterViableNodes(PipelinePlacementPolicy.java:145)
	at org.apache.hadoop.hdds.scm.pipeline.PipelinePlacementPolicy.chooseDatanodes(PipelinePlacementPolicy.java:186)
	at org.apache.hadoop.hdds.scm.pipeline.RatisPipelineProvider.create(RatisPipelineProvider.java:131)
	at org.apache.hadoop.hdds.scm.pipeline.PipelineFactory.create(PipelineFactory.java:58)
	at org.apache.hadoop.hdds.scm.pipeline.SCMPipelineManager.createPipeline(SCMPipelineManager.java:183)
	at org.apache.hadoop.hdds.scm.pipeline.BackgroundPipelineCreator.createPipelines(BackgroundPipelineCreator.java:100)
	at java.util.concurrent.Executors$RunnableAdapter.call(Executors.java:511)
	at java.util.concurrent.FutureTask.run(FutureTask.java:266)
	at java.util.concurrent.ScheduledThreadPoolExecutor$ScheduledFutureTask.access$201(ScheduledThreadPoolExecutor.java:180)
	at java.util.concurrent.ScheduledThreadPoolExecutor$ScheduledFutureTask.run(ScheduledThreadPoolExecutor.java:293)
	at java.util.concurrent.ThreadPoolExecutor.runWorker(ThreadPoolExecutor.java:1149)
	at java.util.concurrent.ThreadPoolExecutor$Worker.run(ThreadPoolExecutor.java:624)
	at java.lang.Thread.run(Thread.java:748)
2019-10-11 04:58:53,014 [IPC Server handler 4 on 36545] INFO  net.NetworkTopology (NetworkTopologyImpl.java:add(111)) - Added a new node: /default-rack/b8a80b88-8207-4354-80bd-5836997861aa
2019-10-11 04:58:53,015 [IPC Server handler 4 on 36545] INFO  node.SCMNodeManager (SCMNodeManager.java:register(266)) - Registered Data node : b8a80b88-8207-4354-80bd-5836997861aa{ip: 192.168.157.200, host: pr-hdds-1569-qjnzd-3726989565, networkLocation: /default-rack, certSerialId: null}
2019-10-11 04:58:53,022 [grpc-default-executor-2] INFO  impl.RaftServerProxy (RaftServerProxy.java:addNew(89)) - b8a80b88-8207-4354-80bd-5836997861aa: addNew group-2039E103E79A:[b8a80b88-8207-4354-80bd-5836997861aa:192.168.157.200:36671] returns group-2039E103E79A:java.util.concurrent.CompletableFuture@743a2c6[Not completed]
2019-10-11 04:58:53,024 [pool-403-thread-1] INFO  impl.RaftServerImpl (RaftServerImpl.java:<init>(95)) - b8a80b88-8207-4354-80bd-5836997861aa: new RaftServerImpl for group-2039E103E79A:[b8a80b88-8207-4354-80bd-5836997861aa:192.168.157.200:36671] with ContainerStateMachine:uninitialized
2019-10-11 04:58:53,024 [pool-403-thread-1] INFO  server.RaftServerConfigKeys (ConfUtils.java:logGet(43)) - raft.server.rpc.timeout.min = 5s (custom)
2019-10-11 04:58:53,024 [pool-403-thread-1] INFO  server.RaftServerConfigKeys (ConfUtils.java:logGet(43)) - raft.server.rpc.timeout.max = 5200ms (custom)
2019-10-11 04:58:53,024 [pool-403-thread-1] INFO  server.RaftServerConfigKeys (ConfUtils.java:logGet(43)) - raft.server.rpcslowness.timeout = 120s (custom)
2019-10-11 04:58:53,024 [pool-403-thread-1] INFO  server.RaftServerConfigKeys (ConfUtils.java:logGet(43)) - raft.server.sleep.deviation.threshold = 300 (default)
2019-10-11 04:58:53,025 [pool-403-thread-1] INFO  server.RaftServerConfigKeys (ConfUtils.java:logGet(43)) - raft.server.log.appender.install.snapshot.enabled = false (custom)
2019-10-11 04:58:53,025 [pool-403-thread-1] INFO  impl.RaftServerImpl (ServerState.java:<init>(103)) - b8a80b88-8207-4354-80bd-5836997861aa@group-2039E103E79A: ConfigurationManager, init=-1: [b8a80b88-8207-4354-80bd-5836997861aa:192.168.157.200:36671], old=null, confs=<EMPTY_MAP>
2019-10-11 04:58:53,025 [pool-403-thread-1] INFO  server.RaftServerConfigKeys (ConfUtils.java:logGet(43)) - raft.server.storage.dir = [/workdir/hadoop-ozone/integration-test/target/test-dir/MiniOzoneClusterImpl-e577d82a-0303-4478-9167-bde1b199c1b9/datanode-2/data/ratis] (custom)
2019-10-11 04:58:53,025 [pool-403-thread-1] INFO  storage.RaftStorageDirectory (RaftStorageDirectory.java:analyzeStorage(246)) - The storage directory /workdir/hadoop-ozone/integration-test/target/test-dir/MiniOzoneClusterImpl-e577d82a-0303-4478-9167-bde1b199c1b9/datanode-2/data/ratis/a4a2d78e-8b46-4ea6-a6a8-2039e103e79a does not exist. Creating ...
2019-10-11 04:58:53,038 [pool-403-thread-1] INFO  storage.RaftStorageDirectory (RaftStorageDirectory.java:tryLock(328)) - Lock on /workdir/hadoop-ozone/integration-test/target/test-dir/MiniOzoneClusterImpl-e577d82a-0303-4478-9167-bde1b199c1b9/datanode-2/data/ratis/a4a2d78e-8b46-4ea6-a6a8-2039e103e79a/in_use.lock acquired by nodename 16587@pr-hdds-1569-qjnzd-3726989565
2019-10-11 04:58:53,051 [pool-403-thread-1] INFO  storage.RaftStorage (RaftStorage.java:format(72)) - Storage directory /workdir/hadoop-ozone/integration-test/target/test-dir/MiniOzoneClusterImpl-e577d82a-0303-4478-9167-bde1b199c1b9/datanode-2/data/ratis/a4a2d78e-8b46-4ea6-a6a8-2039e103e79a has been successfully formatted.
2019-10-11 04:58:53,051 [pool-403-thread-1] INFO  ratis.ContainerStateMachine (ContainerStateMachine.java:loadSnapshot(230)) - group-2039E103E79A: The snapshot info is null. Setting the last applied indexto:(t:0, i:~)
2019-10-11 04:58:53,052 [pool-403-thread-1] INFO  server.RaftServerConfigKeys (ConfUtils.java:logGet(43)) - raft.server.notification.no-leader.timeout = 120s (custom)
2019-10-11 04:58:53,052 [pool-403-thread-1] INFO  server.RaftServerConfigKeys (ConfUtils.java:logGet(43)) - raft.server.log.use.memory = false (default)
2019-10-11 04:58:53,052 [pool-403-thread-1] INFO  server.RaftServerConfigKeys (ConfUtils.java:logGet(43)) - raft.server.log.purge.gap = 1000000 (custom)
2019-10-11 04:58:53,052 [pool-403-thread-1] INFO  server.RaftServerConfigKeys (ConfUtils.java:logGet(43)) - raft.server.log.appender.buffer.byte-limit = 33554432 (custom)
2019-10-11 04:58:53,052 [pool-403-thread-1] INFO  server.RaftServerConfigKeys (ConfUtils.java:logGet(43)) - raft.server.log.segment.size.max = 1048576 (custom)
2019-10-11 04:58:53,052 [pool-403-thread-1] INFO  server.RaftServerConfigKeys (ConfUtils.java:logGet(43)) - raft.server.log.segment.cache.num.max = 2 (custom)
2019-10-11 04:58:53,053 [pool-403-thread-1] INFO  segmented.SegmentedRaftLogWorker (SegmentedRaftLogWorker.java:<init>(172)) - new b8a80b88-8207-4354-80bd-5836997861aa@group-2039E103E79A-SegmentedRaftLogWorker for RaftStorage:Storage Directory /workdir/hadoop-ozone/integration-test/target/test-dir/MiniOzoneClusterImpl-e577d82a-0303-4478-9167-bde1b199c1b9/datanode-2/data/ratis/a4a2d78e-8b46-4ea6-a6a8-2039e103e79a
2019-10-11 04:58:53,054 [pool-403-thread-1] INFO  server.RaftServerConfigKeys (ConfUtils.java:logGet(43)) - raft.server.log.queue.byte-limit = 2147483647 (custom)
2019-10-11 04:58:53,054 [pool-403-thread-1] INFO  server.RaftServerConfigKeys (ConfUtils.java:logGet(43)) - raft.server.log.queue.element-limit = 1024 (custom)
2019-10-11 04:58:53,055 [pool-403-thread-1] INFO  server.RaftServerConfigKeys (ConfUtils.java:logGet(43)) - raft.server.log.segment.size.max = 1048576 (custom)
2019-10-11 04:58:53,055 [pool-403-thread-1] INFO  server.RaftServerConfigKeys (ConfUtils.java:logGet(43)) - raft.server.log.preallocated.size = 16384 (custom)
2019-10-11 04:58:53,055 [pool-403-thread-1] INFO  server.RaftServerConfigKeys (ConfUtils.java:logGet(43)) - raft.server.log.write.buffer.size = 33554432 (custom)
2019-10-11 04:58:53,055 [pool-403-thread-1] INFO  server.RaftServerConfigKeys (ConfUtils.java:logGet(43)) - raft.server.log.force.sync.num = 128 (default)
2019-10-11 04:58:53,055 [pool-403-thread-1] INFO  server.RaftServerConfigKeys (ConfUtils.java:logGet(43)) - raft.server.log.statemachine.data.sync = true (default)
2019-10-11 04:58:53,055 [pool-403-thread-1] INFO  server.RaftServerConfigKeys (ConfUtils.java:logGet(43)) - raft.server.log.statemachine.data.sync.timeout = 10s (default)
2019-10-11 04:58:53,055 [pool-403-thread-1] INFO  server.RaftServerConfigKeys (ConfUtils.java:logGet(43)) - raft.server.log.statemachine.data.sync.timeout.retry = -1 (default)
2019-10-11 04:58:53,056 [pool-403-thread-1] INFO  server.RaftServerConfigKeys (ConfUtils.java:logGet(43)) - raft.server.log.statemachine.data.caching.enabled = true (custom)
2019-10-11 04:58:53,056 [pool-403-thread-1] INFO  segmented.SegmentedRaftLogWorker (SegmentedRaftLogWorker.java:lambda$new$0(132)) - b8a80b88-8207-4354-80bd-5836997861aa@group-2039E103E79A-SegmentedRaftLogWorker: flushIndex: setUnconditionally 0 -> -1
2019-10-11 04:58:53,056 [pool-403-thread-1] INFO  server.RaftServerConfigKeys (ConfUtils.java:logGet(43)) - raft.server.snapshot.auto.trigger.enabled = true (custom)
2019-10-11 04:58:53,056 [pool-403-thread-1] INFO  server.RaftServerConfigKeys (ConfUtils.java:logGet(43)) - raft.server.snapshot.auto.trigger.threshold = 10000 (custom)
2019-10-11 04:58:53,057 [pool-403-thread-1] INFO  server.RaftServerConfigKeys (ConfUtils.java:logGet(43)) - raft.server.snapshot.retention.num.files = 5 (custom)
2019-10-11 04:58:53,057 [pool-403-thread-1] INFO  server.RaftServerConfigKeys (ConfUtils.java:logGet(43)) - raft.server.retrycache.expirytime = 600000ms (custom)
2019-10-11 04:58:53,058 [pool-403-thread-1] INFO  impl.RaftServerImpl (RaftServerImpl.java:start(185)) - b8a80b88-8207-4354-80bd-5836997861aa@group-2039E103E79A: start as a follower, conf=-1: [b8a80b88-8207-4354-80bd-5836997861aa:192.168.157.200:36671], old=null
2019-10-11 04:58:53,058 [pool-403-thread-1] INFO  impl.RaftServerImpl (RaftServerImpl.java:setRole(174)) - b8a80b88-8207-4354-80bd-5836997861aa@group-2039E103E79A: changes role from      null to FOLLOWER at term 0 for startAsFollower
2019-10-11 04:58:53,059 [pool-403-thread-1] INFO  impl.RoleInfo (RoleInfo.java:updateAndGet(143)) - b8a80b88-8207-4354-80bd-5836997861aa: start FollowerState
2019-10-11 04:58:53,059 [pool-403-thread-1] INFO  util.JmxRegister (JmxRegister.java:tryRegister(44)) - Successfully registered JMX Bean with object name Ratis:service=RaftServer,group=group-2039E103E79A,id=b8a80b88-8207-4354-80bd-5836997861aa
2019-10-11 04:58:53,061 [RatisPipelineUtilsThread] INFO  pipeline.PipelineStateManager (PipelineStateManager.java:addPipeline(56)) - Created pipeline Pipeline[ Id: a4a2d78e-8b46-4ea6-a6a8-2039e103e79a, Nodes: b8a80b88-8207-4354-80bd-5836997861aa{ip: 192.168.157.200, host: pr-hdds-1569-qjnzd-3726989565, networkLocation: /default-rack, certSerialId: null}, Type:RATIS, Factor:ONE, State:OPEN]
2019-10-11 04:58:53,062 [RatisPipelineUtilsThread] ERROR pipeline.SCMPipelineManager (SCMPipelineManager.java:createPipeline(193)) - Pipeline creation failed.
org.apache.hadoop.hdds.scm.exceptions.SCMException: Cannot create pipeline of factor 1 using 0 nodes. Used 3 nodes. Healthy nodes 3
	at org.apache.hadoop.hdds.scm.pipeline.RatisPipelineProvider.pickNodesNeverUsed(RatisPipelineProvider.java:116)
	at org.apache.hadoop.hdds.scm.pipeline.RatisPipelineProvider.create(RatisPipelineProvider.java:128)
	at org.apache.hadoop.hdds.scm.pipeline.PipelineFactory.create(PipelineFactory.java:58)
	at org.apache.hadoop.hdds.scm.pipeline.SCMPipelineManager.createPipeline(SCMPipelineManager.java:183)
	at org.apache.hadoop.hdds.scm.pipeline.BackgroundPipelineCreator.createPipelines(BackgroundPipelineCreator.java:100)
	at java.util.concurrent.Executors$RunnableAdapter.call(Executors.java:511)
	at java.util.concurrent.FutureTask.run(FutureTask.java:266)
	at java.util.concurrent.ScheduledThreadPoolExecutor$ScheduledFutureTask.access$201(ScheduledThreadPoolExecutor.java:180)
	at java.util.concurrent.ScheduledThreadPoolExecutor$ScheduledFutureTask.run(ScheduledThreadPoolExecutor.java:293)
	at java.util.concurrent.ThreadPoolExecutor.runWorker(ThreadPoolExecutor.java:1149)
	at java.util.concurrent.ThreadPoolExecutor$Worker.run(ThreadPoolExecutor.java:624)
	at java.lang.Thread.run(Thread.java:748)
2019-10-11 04:58:53,073 [grpc-default-executor-5] INFO  impl.RaftServerProxy (RaftServerProxy.java:addNew(89)) - b8a80b88-8207-4354-80bd-5836997861aa: addNew group-F22D5D1969C6:[08b98450-8e35-472b-a579-8677a58ff9b2:192.168.157.200:42117, b8a80b88-8207-4354-80bd-5836997861aa:192.168.157.200:36671, fa81099d-148a-45cb-bef5-8c6163d4f5a6:192.168.157.200:46533] returns group-F22D5D1969C6:java.util.concurrent.CompletableFuture@7952c67c[Not completed]
2019-10-11 04:58:53,073 [grpc-default-executor-8] INFO  impl.RaftServerProxy (RaftServerProxy.java:addNew(89)) - 08b98450-8e35-472b-a579-8677a58ff9b2: addNew group-F22D5D1969C6:[08b98450-8e35-472b-a579-8677a58ff9b2:192.168.157.200:42117, b8a80b88-8207-4354-80bd-5836997861aa:192.168.157.200:36671, fa81099d-148a-45cb-bef5-8c6163d4f5a6:192.168.157.200:46533] returns group-F22D5D1969C6:java.util.concurrent.CompletableFuture@33c1394d[Not completed]
2019-10-11 04:58:53,073 [grpc-default-executor-2] INFO  impl.RaftServerProxy (RaftServerProxy.java:addNew(89)) - fa81099d-148a-45cb-bef5-8c6163d4f5a6: addNew group-F22D5D1969C6:[08b98450-8e35-472b-a579-8677a58ff9b2:192.168.157.200:42117, b8a80b88-8207-4354-80bd-5836997861aa:192.168.157.200:36671, fa81099d-148a-45cb-bef5-8c6163d4f5a6:192.168.157.200:46533] returns group-F22D5D1969C6:java.util.concurrent.CompletableFuture@1002914a[Not completed]
2019-10-11 04:58:53,074 [pool-403-thread-1] INFO  impl.RaftServerImpl (RaftServerImpl.java:<init>(95)) - b8a80b88-8207-4354-80bd-5836997861aa: new RaftServerImpl for group-F22D5D1969C6:[08b98450-8e35-472b-a579-8677a58ff9b2:192.168.157.200:42117, b8a80b88-8207-4354-80bd-5836997861aa:192.168.157.200:36671, fa81099d-148a-45cb-bef5-8c6163d4f5a6:192.168.157.200:46533] with ContainerStateMachine:uninitialized
2019-10-11 04:58:53,074 [pool-403-thread-1] INFO  server.RaftServerConfigKeys (ConfUtils.java:logGet(43)) - raft.server.rpc.timeout.min = 5s (custom)
2019-10-11 04:58:53,074 [pool-403-thread-1] INFO  server.RaftServerConfigKeys (ConfUtils.java:logGet(43)) - raft.server.rpc.timeout.max = 5200ms (custom)
2019-10-11 04:58:53,074 [pool-403-thread-1] INFO  server.RaftServerConfigKeys (ConfUtils.java:logGet(43)) - raft.server.rpcslowness.timeout = 120s (custom)
2019-10-11 04:58:53,074 [pool-403-thread-1] INFO  server.RaftServerConfigKeys (ConfUtils.java:logGet(43)) - raft.server.sleep.deviation.threshold = 300 (default)
2019-10-11 04:58:53,074 [pool-393-thread-1] INFO  impl.RaftServerImpl (RaftServerImpl.java:<init>(95)) - fa81099d-148a-45cb-bef5-8c6163d4f5a6: new RaftServerImpl for group-F22D5D1969C6:[08b98450-8e35-472b-a579-8677a58ff9b2:192.168.157.200:42117, b8a80b88-8207-4354-80bd-5836997861aa:192.168.157.200:36671, fa81099d-148a-45cb-bef5-8c6163d4f5a6:192.168.157.200:46533] with ContainerStateMachine:uninitialized
2019-10-11 04:58:53,075 [pool-403-thread-1] INFO  server.RaftServerConfigKeys (ConfUtils.java:logGet(43)) - raft.server.log.appender.install.snapshot.enabled = false (custom)
2019-10-11 04:58:53,075 [pool-393-thread-1] INFO  server.RaftServerConfigKeys (ConfUtils.java:logGet(43)) - raft.server.rpc.timeout.min = 5s (custom)
2019-10-11 04:58:53,075 [pool-403-thread-1] INFO  impl.RaftServerImpl (ServerState.java:<init>(103)) - b8a80b88-8207-4354-80bd-5836997861aa@group-F22D5D1969C6: ConfigurationManager, init=-1: [08b98450-8e35-472b-a579-8677a58ff9b2:192.168.157.200:42117, b8a80b88-8207-4354-80bd-5836997861aa:192.168.157.200:36671, fa81099d-148a-45cb-bef5-8c6163d4f5a6:192.168.157.200:46533], old=null, confs=<EMPTY_MAP>
2019-10-11 04:58:53,075 [pool-393-thread-1] INFO  server.RaftServerConfigKeys (ConfUtils.java:logGet(43)) - raft.server.rpc.timeout.max = 5200ms (custom)
2019-10-11 04:58:53,075 [pool-383-thread-1] INFO  impl.RaftServerImpl (RaftServerImpl.java:<init>(95)) - 08b98450-8e35-472b-a579-8677a58ff9b2: new RaftServerImpl for group-F22D5D1969C6:[08b98450-8e35-472b-a579-8677a58ff9b2:192.168.157.200:42117, b8a80b88-8207-4354-80bd-5836997861aa:192.168.157.200:36671, fa81099d-148a-45cb-bef5-8c6163d4f5a6:192.168.157.200:46533] with ContainerStateMachine:uninitialized
2019-10-11 04:58:53,075 [pool-403-thread-1] INFO  server.RaftServerConfigKeys (ConfUtils.java:logGet(43)) - raft.server.storage.dir = [/workdir/hadoop-ozone/integration-test/target/test-dir/MiniOzoneClusterImpl-e577d82a-0303-4478-9167-bde1b199c1b9/datanode-2/data/ratis] (custom)
2019-10-11 04:58:53,075 [pool-383-thread-1] INFO  server.RaftServerConfigKeys (ConfUtils.java:logGet(43)) - raft.server.rpc.timeout.min = 5s (custom)
2019-10-11 04:58:53,075 [pool-393-thread-1] INFO  server.RaftServerConfigKeys (ConfUtils.java:logGet(43)) - raft.server.rpcslowness.timeout = 120s (custom)
2019-10-11 04:58:53,075 [pool-403-thread-1] INFO  storage.RaftStorageDirectory (RaftStorageDirectory.java:analyzeStorage(246)) - The storage directory /workdir/hadoop-ozone/integration-test/target/test-dir/MiniOzoneClusterImpl-e577d82a-0303-4478-9167-bde1b199c1b9/datanode-2/data/ratis/e1ad2195-5011-43b9-9cb5-f22d5d1969c6 does not exist. Creating ...
2019-10-11 04:58:53,075 [pool-383-thread-1] INFO  server.RaftServerConfigKeys (ConfUtils.java:logGet(43)) - raft.server.rpc.timeout.max = 5200ms (custom)
2019-10-11 04:58:53,076 [pool-393-thread-1] INFO  server.RaftServerConfigKeys (ConfUtils.java:logGet(43)) - raft.server.sleep.deviation.threshold = 300 (default)
2019-10-11 04:58:53,076 [pool-383-thread-1] INFO  server.RaftServerConfigKeys (ConfUtils.java:logGet(43)) - raft.server.rpcslowness.timeout = 120s (custom)
2019-10-11 04:58:53,076 [pool-393-thread-1] INFO  server.RaftServerConfigKeys (ConfUtils.java:logGet(43)) - raft.server.log.appender.install.snapshot.enabled = false (custom)
2019-10-11 04:58:53,076 [pool-383-thread-1] INFO  server.RaftServerConfigKeys (ConfUtils.java:logGet(43)) - raft.server.sleep.deviation.threshold = 300 (default)
2019-10-11 04:58:53,076 [pool-393-thread-1] INFO  impl.RaftServerImpl (ServerState.java:<init>(103)) - fa81099d-148a-45cb-bef5-8c6163d4f5a6@group-F22D5D1969C6: ConfigurationManager, init=-1: [08b98450-8e35-472b-a579-8677a58ff9b2:192.168.157.200:42117, b8a80b88-8207-4354-80bd-5836997861aa:192.168.157.200:36671, fa81099d-148a-45cb-bef5-8c6163d4f5a6:192.168.157.200:46533], old=null, confs=<EMPTY_MAP>
2019-10-11 04:58:53,076 [pool-383-thread-1] INFO  server.RaftServerConfigKeys (ConfUtils.java:logGet(43)) - raft.server.log.appender.install.snapshot.enabled = false (custom)
2019-10-11 04:58:53,076 [pool-393-thread-1] INFO  server.RaftServerConfigKeys (ConfUtils.java:logGet(43)) - raft.server.storage.dir = [/workdir/hadoop-ozone/integration-test/target/test-dir/MiniOzoneClusterImpl-e577d82a-0303-4478-9167-bde1b199c1b9/datanode-1/data/ratis] (custom)
2019-10-11 04:58:53,076 [pool-383-thread-1] INFO  impl.RaftServerImpl (ServerState.java:<init>(103)) - 08b98450-8e35-472b-a579-8677a58ff9b2@group-F22D5D1969C6: ConfigurationManager, init=-1: [08b98450-8e35-472b-a579-8677a58ff9b2:192.168.157.200:42117, b8a80b88-8207-4354-80bd-5836997861aa:192.168.157.200:36671, fa81099d-148a-45cb-bef5-8c6163d4f5a6:192.168.157.200:46533], old=null, confs=<EMPTY_MAP>
2019-10-11 04:58:53,077 [pool-383-thread-1] INFO  server.RaftServerConfigKeys (ConfUtils.java:logGet(43)) - raft.server.storage.dir = [/workdir/hadoop-ozone/integration-test/target/test-dir/MiniOzoneClusterImpl-e577d82a-0303-4478-9167-bde1b199c1b9/datanode-0/data/ratis] (custom)
2019-10-11 04:58:53,077 [pool-393-thread-1] INFO  storage.RaftStorageDirectory (RaftStorageDirectory.java:analyzeStorage(246)) - The storage directory /workdir/hadoop-ozone/integration-test/target/test-dir/MiniOzoneClusterImpl-e577d82a-0303-4478-9167-bde1b199c1b9/datanode-1/data/ratis/e1ad2195-5011-43b9-9cb5-f22d5d1969c6 does not exist. Creating ...
2019-10-11 04:58:53,077 [pool-383-thread-1] INFO  storage.RaftStorageDirectory (RaftStorageDirectory.java:analyzeStorage(246)) - The storage directory /workdir/hadoop-ozone/integration-test/target/test-dir/MiniOzoneClusterImpl-e577d82a-0303-4478-9167-bde1b199c1b9/datanode-0/data/ratis/e1ad2195-5011-43b9-9cb5-f22d5d1969c6 does not exist. Creating ...
2019-10-11 04:58:53,089 [pool-393-thread-1] INFO  storage.RaftStorageDirectory (RaftStorageDirectory.java:tryLock(328)) - Lock on /workdir/hadoop-ozone/integration-test/target/test-dir/MiniOzoneClusterImpl-e577d82a-0303-4478-9167-bde1b199c1b9/datanode-1/data/ratis/e1ad2195-5011-43b9-9cb5-f22d5d1969c6/in_use.lock acquired by nodename 16587@pr-hdds-1569-qjnzd-3726989565
2019-10-11 04:58:53,089 [pool-403-thread-1] INFO  storage.RaftStorageDirectory (RaftStorageDirectory.java:tryLock(328)) - Lock on /workdir/hadoop-ozone/integration-test/target/test-dir/MiniOzoneClusterImpl-e577d82a-0303-4478-9167-bde1b199c1b9/datanode-2/data/ratis/e1ad2195-5011-43b9-9cb5-f22d5d1969c6/in_use.lock acquired by nodename 16587@pr-hdds-1569-qjnzd-3726989565
2019-10-11 04:58:53,089 [pool-383-thread-1] INFO  storage.RaftStorageDirectory (RaftStorageDirectory.java:tryLock(328)) - Lock on /workdir/hadoop-ozone/integration-test/target/test-dir/MiniOzoneClusterImpl-e577d82a-0303-4478-9167-bde1b199c1b9/datanode-0/data/ratis/e1ad2195-5011-43b9-9cb5-f22d5d1969c6/in_use.lock acquired by nodename 16587@pr-hdds-1569-qjnzd-3726989565
2019-10-11 04:58:53,103 [pool-393-thread-1] INFO  storage.RaftStorage (RaftStorage.java:format(72)) - Storage directory /workdir/hadoop-ozone/integration-test/target/test-dir/MiniOzoneClusterImpl-e577d82a-0303-4478-9167-bde1b199c1b9/datanode-1/data/ratis/e1ad2195-5011-43b9-9cb5-f22d5d1969c6 has been successfully formatted.
2019-10-11 04:58:53,103 [pool-383-thread-1] INFO  storage.RaftStorage (RaftStorage.java:format(72)) - Storage directory /workdir/hadoop-ozone/integration-test/target/test-dir/MiniOzoneClusterImpl-e577d82a-0303-4478-9167-bde1b199c1b9/datanode-0/data/ratis/e1ad2195-5011-43b9-9cb5-f22d5d1969c6 has been successfully formatted.
2019-10-11 04:58:53,103 [pool-403-thread-1] INFO  storage.RaftStorage (RaftStorage.java:format(72)) - Storage directory /workdir/hadoop-ozone/integration-test/target/test-dir/MiniOzoneClusterImpl-e577d82a-0303-4478-9167-bde1b199c1b9/datanode-2/data/ratis/e1ad2195-5011-43b9-9cb5-f22d5d1969c6 has been successfully formatted.
2019-10-11 04:58:53,103 [pool-393-thread-1] INFO  ratis.ContainerStateMachine (ContainerStateMachine.java:loadSnapshot(230)) - group-F22D5D1969C6: The snapshot info is null. Setting the last applied indexto:(t:0, i:~)
2019-10-11 04:58:53,103 [pool-403-thread-1] INFO  ratis.ContainerStateMachine (ContainerStateMachine.java:loadSnapshot(230)) - group-F22D5D1969C6: The snapshot info is null. Setting the last applied indexto:(t:0, i:~)
2019-10-11 04:58:53,103 [pool-383-thread-1] INFO  ratis.ContainerStateMachine (ContainerStateMachine.java:loadSnapshot(230)) - group-F22D5D1969C6: The snapshot info is null. Setting the last applied indexto:(t:0, i:~)
2019-10-11 04:58:53,103 [pool-403-thread-1] INFO  server.RaftServerConfigKeys (ConfUtils.java:logGet(43)) - raft.server.notification.no-leader.timeout = 120s (custom)
2019-10-11 04:58:53,103 [pool-393-thread-1] INFO  server.RaftServerConfigKeys (ConfUtils.java:logGet(43)) - raft.server.notification.no-leader.timeout = 120s (custom)
2019-10-11 04:58:53,104 [pool-403-thread-1] INFO  server.RaftServerConfigKeys (ConfUtils.java:logGet(43)) - raft.server.log.use.memory = false (default)
2019-10-11 04:58:53,103 [pool-383-thread-1] INFO  server.RaftServerConfigKeys (ConfUtils.java:logGet(43)) - raft.server.notification.no-leader.timeout = 120s (custom)
2019-10-11 04:58:53,104 [pool-403-thread-1] INFO  server.RaftServerConfigKeys (ConfUtils.java:logGet(43)) - raft.server.log.purge.gap = 1000000 (custom)
2019-10-11 04:58:53,104 [pool-393-thread-1] INFO  server.RaftServerConfigKeys (ConfUtils.java:logGet(43)) - raft.server.log.use.memory = false (default)
2019-10-11 04:58:53,104 [pool-403-thread-1] INFO  server.RaftServerConfigKeys (ConfUtils.java:logGet(43)) - raft.server.log.appender.buffer.byte-limit = 33554432 (custom)
2019-10-11 04:58:53,104 [pool-383-thread-1] INFO  server.RaftServerConfigKeys (ConfUtils.java:logGet(43)) - raft.server.log.use.memory = false (default)
2019-10-11 04:58:53,104 [pool-403-thread-1] INFO  server.RaftServerConfigKeys (ConfUtils.java:logGet(43)) - raft.server.log.segment.size.max = 1048576 (custom)
2019-10-11 04:58:53,104 [pool-393-thread-1] INFO  server.RaftServerConfigKeys (ConfUtils.java:logGet(43)) - raft.server.log.purge.gap = 1000000 (custom)
2019-10-11 04:58:53,104 [pool-403-thread-1] INFO  server.RaftServerConfigKeys (ConfUtils.java:logGet(43)) - raft.server.log.segment.cache.num.max = 2 (custom)
2019-10-11 04:58:53,104 [pool-383-thread-1] INFO  server.RaftServerConfigKeys (ConfUtils.java:logGet(43)) - raft.server.log.purge.gap = 1000000 (custom)
2019-10-11 04:58:53,105 [pool-403-thread-1] INFO  segmented.SegmentedRaftLogWorker (SegmentedRaftLogWorker.java:<init>(172)) - new b8a80b88-8207-4354-80bd-5836997861aa@group-F22D5D1969C6-SegmentedRaftLogWorker for RaftStorage:Storage Directory /workdir/hadoop-ozone/integration-test/target/test-dir/MiniOzoneClusterImpl-e577d82a-0303-4478-9167-bde1b199c1b9/datanode-2/data/ratis/e1ad2195-5011-43b9-9cb5-f22d5d1969c6
2019-10-11 04:58:53,105 [pool-393-thread-1] INFO  server.RaftServerConfigKeys (ConfUtils.java:logGet(43)) - raft.server.log.appender.buffer.byte-limit = 33554432 (custom)
2019-10-11 04:58:53,105 [pool-403-thread-1] INFO  server.RaftServerConfigKeys (ConfUtils.java:logGet(43)) - raft.server.log.queue.byte-limit = 2147483647 (custom)
2019-10-11 04:58:53,105 [pool-383-thread-1] INFO  server.RaftServerConfigKeys (ConfUtils.java:logGet(43)) - raft.server.log.appender.buffer.byte-limit = 33554432 (custom)
2019-10-11 04:58:53,105 [pool-403-thread-1] INFO  server.RaftServerConfigKeys (ConfUtils.java:logGet(43)) - raft.server.log.queue.element-limit = 1024 (custom)
2019-10-11 04:58:53,105 [pool-393-thread-1] INFO  server.RaftServerConfigKeys (ConfUtils.java:logGet(43)) - raft.server.log.segment.size.max = 1048576 (custom)
2019-10-11 04:58:53,105 [pool-403-thread-1] INFO  server.RaftServerConfigKeys (ConfUtils.java:logGet(43)) - raft.server.log.segment.size.max = 1048576 (custom)
2019-10-11 04:58:53,105 [pool-383-thread-1] INFO  server.RaftServerConfigKeys (ConfUtils.java:logGet(43)) - raft.server.log.segment.size.max = 1048576 (custom)
2019-10-11 04:58:53,106 [pool-403-thread-1] INFO  server.RaftServerConfigKeys (ConfUtils.java:logGet(43)) - raft.server.log.preallocated.size = 16384 (custom)
2019-10-11 04:58:53,105 [pool-393-thread-1] INFO  server.RaftServerConfigKeys (ConfUtils.java:logGet(43)) - raft.server.log.segment.cache.num.max = 2 (custom)
2019-10-11 04:58:53,106 [pool-403-thread-1] INFO  server.RaftServerConfigKeys (ConfUtils.java:logGet(43)) - raft.server.log.write.buffer.size = 33554432 (custom)
2019-10-11 04:58:53,106 [pool-383-thread-1] INFO  server.RaftServerConfigKeys (ConfUtils.java:logGet(43)) - raft.server.log.segment.cache.num.max = 2 (custom)
2019-10-11 04:58:53,106 [pool-403-thread-1] INFO  server.RaftServerConfigKeys (ConfUtils.java:logGet(43)) - raft.server.log.force.sync.num = 128 (default)
2019-10-11 04:58:53,107 [pool-403-thread-1] INFO  server.RaftServerConfigKeys (ConfUtils.java:logGet(43)) - raft.server.log.statemachine.data.sync = true (default)
2019-10-11 04:58:53,106 [IPC Server handler 5 on 36545] INFO  net.NetworkTopology (NetworkTopologyImpl.java:add(111)) - Added a new node: /default-rack/ef99c7d8-2980-470c-bb97-d0a56dc986ad
2019-10-11 04:58:53,106 [pool-393-thread-1] INFO  segmented.SegmentedRaftLogWorker (SegmentedRaftLogWorker.java:<init>(172)) - new fa81099d-148a-45cb-bef5-8c6163d4f5a6@group-F22D5D1969C6-SegmentedRaftLogWorker for RaftStorage:Storage Directory /workdir/hadoop-ozone/integration-test/target/test-dir/MiniOzoneClusterImpl-e577d82a-0303-4478-9167-bde1b199c1b9/datanode-1/data/ratis/e1ad2195-5011-43b9-9cb5-f22d5d1969c6
2019-10-11 04:58:53,107 [IPC Server handler 5 on 36545] INFO  node.SCMNodeManager (SCMNodeManager.java:register(266)) - Registered Data node : ef99c7d8-2980-470c-bb97-d0a56dc986ad{ip: 192.168.157.200, host: pr-hdds-1569-qjnzd-3726989565, networkLocation: /default-rack, certSerialId: null}
2019-10-11 04:58:53,107 [pool-403-thread-1] INFO  server.RaftServerConfigKeys (ConfUtils.java:logGet(43)) - raft.server.log.statemachine.data.sync.timeout = 10s (default)
2019-10-11 04:58:53,106 [pool-383-thread-1] INFO  segmented.SegmentedRaftLogWorker (SegmentedRaftLogWorker.java:<init>(172)) - new 08b98450-8e35-472b-a579-8677a58ff9b2@group-F22D5D1969C6-SegmentedRaftLogWorker for RaftStorage:Storage Directory /workdir/hadoop-ozone/integration-test/target/test-dir/MiniOzoneClusterImpl-e577d82a-0303-4478-9167-bde1b199c1b9/datanode-0/data/ratis/e1ad2195-5011-43b9-9cb5-f22d5d1969c6
2019-10-11 04:58:53,107 [pool-403-thread-1] INFO  server.RaftServerConfigKeys (ConfUtils.java:logGet(43)) - raft.server.log.statemachine.data.sync.timeout.retry = -1 (default)
2019-10-11 04:58:53,107 [pool-393-thread-1] INFO  server.RaftServerConfigKeys (ConfUtils.java:logGet(43)) - raft.server.log.queue.byte-limit = 2147483647 (custom)
2019-10-11 04:58:53,108 [pool-403-thread-1] INFO  server.RaftServerConfigKeys (ConfUtils.java:logGet(43)) - raft.server.log.statemachine.data.caching.enabled = true (custom)
2019-10-11 04:58:53,108 [pool-383-thread-1] INFO  server.RaftServerConfigKeys (ConfUtils.java:logGet(43)) - raft.server.log.queue.byte-limit = 2147483647 (custom)
2019-10-11 04:58:53,108 [pool-393-thread-1] INFO  server.RaftServerConfigKeys (ConfUtils.java:logGet(43)) - raft.server.log.queue.element-limit = 1024 (custom)
2019-10-11 04:58:53,108 [pool-383-thread-1] INFO  server.RaftServerConfigKeys (ConfUtils.java:logGet(43)) - raft.server.log.queue.element-limit = 1024 (custom)
2019-10-11 04:58:53,108 [pool-403-thread-1] INFO  segmented.SegmentedRaftLogWorker (SegmentedRaftLogWorker.java:lambda$new$0(132)) - b8a80b88-8207-4354-80bd-5836997861aa@group-F22D5D1969C6-SegmentedRaftLogWorker: flushIndex: setUnconditionally 0 -> -1
2019-10-11 04:58:53,109 [pool-383-thread-1] INFO  server.RaftServerConfigKeys (ConfUtils.java:logGet(43)) - raft.server.log.segment.size.max = 1048576 (custom)
2019-10-11 04:58:53,108 [pool-393-thread-1] INFO  server.RaftServerConfigKeys (ConfUtils.java:logGet(43)) - raft.server.log.segment.size.max = 1048576 (custom)
2019-10-11 04:58:53,109 [pool-403-thread-1] INFO  server.RaftServerConfigKeys (ConfUtils.java:logGet(43)) - raft.server.snapshot.auto.trigger.enabled = true (custom)
2019-10-11 04:58:53,109 [pool-383-thread-1] INFO  server.RaftServerConfigKeys (ConfUtils.java:logGet(43)) - raft.server.log.preallocated.size = 16384 (custom)
2019-10-11 04:58:53,109 [pool-403-thread-1] INFO  server.RaftServerConfigKeys (ConfUtils.java:logGet(43)) - raft.server.snapshot.auto.trigger.threshold = 10000 (custom)
2019-10-11 04:58:53,109 [pool-393-thread-1] INFO  server.RaftServerConfigKeys (ConfUtils.java:logGet(43)) - raft.server.log.preallocated.size = 16384 (custom)
2019-10-11 04:58:53,109 [pool-403-thread-1] INFO  server.RaftServerConfigKeys (ConfUtils.java:logGet(43)) - raft.server.snapshot.retention.num.files = 5 (custom)
2019-10-11 04:58:53,109 [pool-383-thread-1] INFO  server.RaftServerConfigKeys (ConfUtils.java:logGet(43)) - raft.server.log.write.buffer.size = 33554432 (custom)
2019-10-11 04:58:53,110 [pool-403-thread-1] INFO  server.RaftServerConfigKeys (ConfUtils.java:logGet(43)) - raft.server.retrycache.expirytime = 600000ms (custom)
2019-10-11 04:58:53,109 [pool-393-thread-1] INFO  server.RaftServerConfigKeys (ConfUtils.java:logGet(43)) - raft.server.log.write.buffer.size = 33554432 (custom)
2019-10-11 04:58:53,110 [pool-383-thread-1] INFO  server.RaftServerConfigKeys (ConfUtils.java:logGet(43)) - raft.server.log.force.sync.num = 128 (default)
2019-10-11 04:58:53,110 [pool-393-thread-1] INFO  server.RaftServerConfigKeys (ConfUtils.java:logGet(43)) - raft.server.log.force.sync.num = 128 (default)
2019-10-11 04:58:53,110 [pool-383-thread-1] INFO  server.RaftServerConfigKeys (ConfUtils.java:logGet(43)) - raft.server.log.statemachine.data.sync = true (default)
2019-10-11 04:58:53,110 [pool-393-thread-1] INFO  server.RaftServerConfigKeys (ConfUtils.java:logGet(43)) - raft.server.log.statemachine.data.sync = true (default)
2019-10-11 04:58:53,110 [pool-383-thread-1] INFO  server.RaftServerConfigKeys (ConfUtils.java:logGet(43)) - raft.server.log.statemachine.data.sync.timeout = 10s (default)
2019-10-11 04:58:53,111 [pool-393-thread-1] INFO  server.RaftServerConfigKeys (ConfUtils.java:logGet(43)) - raft.server.log.statemachine.data.sync.timeout = 10s (default)
2019-10-11 04:58:53,111 [pool-383-thread-1] INFO  server.RaftServerConfigKeys (ConfUtils.java:logGet(43)) - raft.server.log.statemachine.data.sync.timeout.retry = -1 (default)
2019-10-11 04:58:53,111 [pool-393-thread-1] INFO  server.RaftServerConfigKeys (ConfUtils.java:logGet(43)) - raft.server.log.statemachine.data.sync.timeout.retry = -1 (default)
2019-10-11 04:58:53,111 [pool-383-thread-1] INFO  server.RaftServerConfigKeys (ConfUtils.java:logGet(43)) - raft.server.log.statemachine.data.caching.enabled = true (custom)
2019-10-11 04:58:53,111 [pool-393-thread-1] INFO  server.RaftServerConfigKeys (ConfUtils.java:logGet(43)) - raft.server.log.statemachine.data.caching.enabled = true (custom)
2019-10-11 04:58:53,112 [pool-383-thread-1] INFO  segmented.SegmentedRaftLogWorker (SegmentedRaftLogWorker.java:lambda$new$0(132)) - 08b98450-8e35-472b-a579-8677a58ff9b2@group-F22D5D1969C6-SegmentedRaftLogWorker: flushIndex: setUnconditionally 0 -> -1
2019-10-11 04:58:53,112 [pool-393-thread-1] INFO  segmented.SegmentedRaftLogWorker (SegmentedRaftLogWorker.java:lambda$new$0(132)) - fa81099d-148a-45cb-bef5-8c6163d4f5a6@group-F22D5D1969C6-SegmentedRaftLogWorker: flushIndex: setUnconditionally 0 -> -1
2019-10-11 04:58:53,112 [pool-403-thread-1] INFO  impl.RaftServerImpl (RaftServerImpl.java:start(185)) - b8a80b88-8207-4354-80bd-5836997861aa@group-F22D5D1969C6: start as a follower, conf=-1: [08b98450-8e35-472b-a579-8677a58ff9b2:192.168.157.200:42117, b8a80b88-8207-4354-80bd-5836997861aa:192.168.157.200:36671, fa81099d-148a-45cb-bef5-8c6163d4f5a6:192.168.157.200:46533], old=null
2019-10-11 04:58:53,112 [pool-383-thread-1] INFO  server.RaftServerConfigKeys (ConfUtils.java:logGet(43)) - raft.server.snapshot.auto.trigger.enabled = true (custom)
2019-10-11 04:58:53,112 [pool-393-thread-1] INFO  server.RaftServerConfigKeys (ConfUtils.java:logGet(43)) - raft.server.snapshot.auto.trigger.enabled = true (custom)
2019-10-11 04:58:53,112 [pool-403-thread-1] INFO  impl.RaftServerImpl (RaftServerImpl.java:setRole(174)) - b8a80b88-8207-4354-80bd-5836997861aa@group-F22D5D1969C6: changes role from      null to FOLLOWER at term 0 for startAsFollower
2019-10-11 04:58:53,112 [pool-393-thread-1] INFO  server.RaftServerConfigKeys (ConfUtils.java:logGet(43)) - raft.server.snapshot.auto.trigger.threshold = 10000 (custom)
2019-10-11 04:58:53,112 [pool-383-thread-1] INFO  server.RaftServerConfigKeys (ConfUtils.java:logGet(43)) - raft.server.snapshot.auto.trigger.threshold = 10000 (custom)
2019-10-11 04:58:53,112 [pool-393-thread-1] INFO  server.RaftServerConfigKeys (ConfUtils.java:logGet(43)) - raft.server.snapshot.retention.num.files = 5 (custom)
2019-10-11 04:58:53,112 [pool-403-thread-1] INFO  impl.RoleInfo (RoleInfo.java:updateAndGet(143)) - b8a80b88-8207-4354-80bd-5836997861aa: start FollowerState
2019-10-11 04:58:53,113 [pool-393-thread-1] INFO  server.RaftServerConfigKeys (ConfUtils.java:logGet(43)) - raft.server.retrycache.expirytime = 600000ms (custom)
2019-10-11 04:58:53,113 [pool-383-thread-1] INFO  server.RaftServerConfigKeys (ConfUtils.java:logGet(43)) - raft.server.snapshot.retention.num.files = 5 (custom)
2019-10-11 04:58:53,113 [pool-403-thread-1] INFO  util.JmxRegister (JmxRegister.java:tryRegister(44)) - Successfully registered JMX Bean with object name Ratis:service=RaftServer,group=group-F22D5D1969C6,id=b8a80b88-8207-4354-80bd-5836997861aa
2019-10-11 04:58:53,113 [pool-383-thread-1] INFO  server.RaftServerConfigKeys (ConfUtils.java:logGet(43)) - raft.server.retrycache.expirytime = 600000ms (custom)
2019-10-11 04:58:53,114 [pool-393-thread-1] INFO  impl.RaftServerImpl (RaftServerImpl.java:start(185)) - fa81099d-148a-45cb-bef5-8c6163d4f5a6@group-F22D5D1969C6: start as a follower, conf=-1: [08b98450-8e35-472b-a579-8677a58ff9b2:192.168.157.200:42117, b8a80b88-8207-4354-80bd-5836997861aa:192.168.157.200:36671, fa81099d-148a-45cb-bef5-8c6163d4f5a6:192.168.157.200:46533], old=null
2019-10-11 04:58:53,114 [pool-393-thread-1] INFO  impl.RaftServerImpl (RaftServerImpl.java:setRole(174)) - fa81099d-148a-45cb-bef5-8c6163d4f5a6@group-F22D5D1969C6: changes role from      null to FOLLOWER at term 0 for startAsFollower
2019-10-11 04:58:53,114 [pool-393-thread-1] INFO  impl.RoleInfo (RoleInfo.java:updateAndGet(143)) - fa81099d-148a-45cb-bef5-8c6163d4f5a6: start FollowerState
2019-10-11 04:58:53,127 [pool-393-thread-1] INFO  util.JmxRegister (JmxRegister.java:tryRegister(44)) - Successfully registered JMX Bean with object name Ratis:service=RaftServer,group=group-F22D5D1969C6,id=fa81099d-148a-45cb-bef5-8c6163d4f5a6
2019-10-11 04:58:53,128 [pool-383-thread-1] INFO  impl.RaftServerImpl (RaftServerImpl.java:start(185)) - 08b98450-8e35-472b-a579-8677a58ff9b2@group-F22D5D1969C6: start as a follower, conf=-1: [08b98450-8e35-472b-a579-8677a58ff9b2:192.168.157.200:42117, b8a80b88-8207-4354-80bd-5836997861aa:192.168.157.200:36671, fa81099d-148a-45cb-bef5-8c6163d4f5a6:192.168.157.200:46533], old=null
2019-10-11 04:58:53,128 [pool-383-thread-1] INFO  impl.RaftServerImpl (RaftServerImpl.java:setRole(174)) - 08b98450-8e35-472b-a579-8677a58ff9b2@group-F22D5D1969C6: changes role from      null to FOLLOWER at term 0 for startAsFollower
2019-10-11 04:58:53,128 [pool-383-thread-1] INFO  impl.RoleInfo (RoleInfo.java:updateAndGet(143)) - 08b98450-8e35-472b-a579-8677a58ff9b2: start FollowerState
2019-10-11 04:58:53,128 [pool-383-thread-1] INFO  util.JmxRegister (JmxRegister.java:tryRegister(44)) - Successfully registered JMX Bean with object name Ratis:service=RaftServer,group=group-F22D5D1969C6,id=08b98450-8e35-472b-a579-8677a58ff9b2
2019-10-11 04:58:53,130 [RatisPipelineUtilsThread] INFO  pipeline.PipelineStateManager (PipelineStateManager.java:addPipeline(56)) - Created pipeline Pipeline[ Id: e1ad2195-5011-43b9-9cb5-f22d5d1969c6, Nodes: 08b98450-8e35-472b-a579-8677a58ff9b2{ip: 192.168.157.200, host: pr-hdds-1569-qjnzd-3726989565, networkLocation: /default-rack, certSerialId: null}b8a80b88-8207-4354-80bd-5836997861aa{ip: 192.168.157.200, host: pr-hdds-1569-qjnzd-3726989565, networkLocation: /default-rack, certSerialId: null}fa81099d-148a-45cb-bef5-8c6163d4f5a6{ip: 192.168.157.200, host: pr-hdds-1569-qjnzd-3726989565, networkLocation: /default-rack, certSerialId: null}, Type:RATIS, Factor:THREE, State:OPEN]
2019-10-11 04:58:53,138 [grpc-default-executor-2] INFO  impl.RaftServerProxy (RaftServerProxy.java:addNew(89)) - fa81099d-148a-45cb-bef5-8c6163d4f5a6: addNew group-99EB7C4773DB:[08b98450-8e35-472b-a579-8677a58ff9b2:192.168.157.200:42117, b8a80b88-8207-4354-80bd-5836997861aa:192.168.157.200:36671, fa81099d-148a-45cb-bef5-8c6163d4f5a6:192.168.157.200:46533] returns group-99EB7C4773DB:java.util.concurrent.CompletableFuture@5e78f568[Not completed]
2019-10-11 04:58:53,138 [grpc-default-executor-5] INFO  impl.RaftServerProxy (RaftServerProxy.java:addNew(89)) - b8a80b88-8207-4354-80bd-5836997861aa: addNew group-99EB7C4773DB:[08b98450-8e35-472b-a579-8677a58ff9b2:192.168.157.200:42117, b8a80b88-8207-4354-80bd-5836997861aa:192.168.157.200:36671, fa81099d-148a-45cb-bef5-8c6163d4f5a6:192.168.157.200:46533] returns group-99EB7C4773DB:java.util.concurrent.CompletableFuture@55a98a3[Not completed]
2019-10-11 04:58:53,138 [grpc-default-executor-8] INFO  impl.RaftServerProxy (RaftServerProxy.java:addNew(89)) - 08b98450-8e35-472b-a579-8677a58ff9b2: addNew group-99EB7C4773DB:[08b98450-8e35-472b-a579-8677a58ff9b2:192.168.157.200:42117, b8a80b88-8207-4354-80bd-5836997861aa:192.168.157.200:36671, fa81099d-148a-45cb-bef5-8c6163d4f5a6:192.168.157.200:46533] returns group-99EB7C4773DB:java.util.concurrent.CompletableFuture@132132be[Not completed]
2019-10-11 04:58:53,139 [pool-393-thread-1] INFO  impl.RaftServerImpl (RaftServerImpl.java:<init>(95)) - fa81099d-148a-45cb-bef5-8c6163d4f5a6: new RaftServerImpl for group-99EB7C4773DB:[08b98450-8e35-472b-a579-8677a58ff9b2:192.168.157.200:42117, b8a80b88-8207-4354-80bd-5836997861aa:192.168.157.200:36671, fa81099d-148a-45cb-bef5-8c6163d4f5a6:192.168.157.200:46533] with ContainerStateMachine:uninitialized
2019-10-11 04:58:53,140 [pool-393-thread-1] INFO  server.RaftServerConfigKeys (ConfUtils.java:logGet(43)) - raft.server.rpc.timeout.min = 5s (custom)
2019-10-11 04:58:53,140 [pool-393-thread-1] INFO  server.RaftServerConfigKeys (ConfUtils.java:logGet(43)) - raft.server.rpc.timeout.max = 5200ms (custom)
2019-10-11 04:58:53,140 [pool-393-thread-1] INFO  server.RaftServerConfigKeys (ConfUtils.java:logGet(43)) - raft.server.rpcslowness.timeout = 120s (custom)
2019-10-11 04:58:53,140 [pool-393-thread-1] INFO  server.RaftServerConfigKeys (ConfUtils.java:logGet(43)) - raft.server.sleep.deviation.threshold = 300 (default)
2019-10-11 04:58:53,140 [pool-393-thread-1] INFO  server.RaftServerConfigKeys (ConfUtils.java:logGet(43)) - raft.server.log.appender.install.snapshot.enabled = false (custom)
2019-10-11 04:58:53,140 [pool-393-thread-1] INFO  impl.RaftServerImpl (ServerState.java:<init>(103)) - fa81099d-148a-45cb-bef5-8c6163d4f5a6@group-99EB7C4773DB: ConfigurationManager, init=-1: [08b98450-8e35-472b-a579-8677a58ff9b2:192.168.157.200:42117, b8a80b88-8207-4354-80bd-5836997861aa:192.168.157.200:36671, fa81099d-148a-45cb-bef5-8c6163d4f5a6:192.168.157.200:46533], old=null, confs=<EMPTY_MAP>
2019-10-11 04:58:53,140 [pool-393-thread-1] INFO  server.RaftServerConfigKeys (ConfUtils.java:logGet(43)) - raft.server.storage.dir = [/workdir/hadoop-ozone/integration-test/target/test-dir/MiniOzoneClusterImpl-e577d82a-0303-4478-9167-bde1b199c1b9/datanode-1/data/ratis] (custom)
2019-10-11 04:58:53,140 [pool-393-thread-1] INFO  storage.RaftStorageDirectory (RaftStorageDirectory.java:analyzeStorage(246)) - The storage directory /workdir/hadoop-ozone/integration-test/target/test-dir/MiniOzoneClusterImpl-e577d82a-0303-4478-9167-bde1b199c1b9/datanode-1/data/ratis/a40a41c0-3fc5-47a9-b7b8-99eb7c4773db does not exist. Creating ...
2019-10-11 04:58:53,141 [pool-383-thread-1] INFO  impl.RaftServerImpl (RaftServerImpl.java:<init>(95)) - 08b98450-8e35-472b-a579-8677a58ff9b2: new RaftServerImpl for group-99EB7C4773DB:[08b98450-8e35-472b-a579-8677a58ff9b2:192.168.157.200:42117, b8a80b88-8207-4354-80bd-5836997861aa:192.168.157.200:36671, fa81099d-148a-45cb-bef5-8c6163d4f5a6:192.168.157.200:46533] with ContainerStateMachine:uninitialized
2019-10-11 04:58:53,141 [pool-383-thread-1] INFO  server.RaftServerConfigKeys (ConfUtils.java:logGet(43)) - raft.server.rpc.timeout.min = 5s (custom)
2019-10-11 04:58:53,141 [pool-383-thread-1] INFO  server.RaftServerConfigKeys (ConfUtils.java:logGet(43)) - raft.server.rpc.timeout.max = 5200ms (custom)
2019-10-11 04:58:53,141 [pool-383-thread-1] INFO  server.RaftServerConfigKeys (ConfUtils.java:logGet(43)) - raft.server.rpcslowness.timeout = 120s (custom)
2019-10-11 04:58:53,141 [pool-403-thread-1] INFO  impl.RaftServerImpl (RaftServerImpl.java:<init>(95)) - b8a80b88-8207-4354-80bd-5836997861aa: new RaftServerImpl for group-99EB7C4773DB:[08b98450-8e35-472b-a579-8677a58ff9b2:192.168.157.200:42117, b8a80b88-8207-4354-80bd-5836997861aa:192.168.157.200:36671, fa81099d-148a-45cb-bef5-8c6163d4f5a6:192.168.157.200:46533] with ContainerStateMachine:uninitialized
2019-10-11 04:58:53,141 [pool-383-thread-1] INFO  server.RaftServerConfigKeys (ConfUtils.java:logGet(43)) - raft.server.sleep.deviation.threshold = 300 (default)
2019-10-11 04:58:53,141 [pool-403-thread-1] INFO  server.RaftServerConfigKeys (ConfUtils.java:logGet(43)) - raft.server.rpc.timeout.min = 5s (custom)
2019-10-11 04:58:53,142 [pool-383-thread-1] INFO  server.RaftServerConfigKeys (ConfUtils.java:logGet(43)) - raft.server.log.appender.install.snapshot.enabled = false (custom)
2019-10-11 04:58:53,142 [pool-403-thread-1] INFO  server.RaftServerConfigKeys (ConfUtils.java:logGet(43)) - raft.server.rpc.timeout.max = 5200ms (custom)
2019-10-11 04:58:53,142 [pool-403-thread-1] INFO  server.RaftServerConfigKeys (ConfUtils.java:logGet(43)) - raft.server.rpcslowness.timeout = 120s (custom)
2019-10-11 04:58:53,142 [pool-383-thread-1] INFO  impl.RaftServerImpl (ServerState.java:<init>(103)) - 08b98450-8e35-472b-a579-8677a58ff9b2@group-99EB7C4773DB: ConfigurationManager, init=-1: [08b98450-8e35-472b-a579-8677a58ff9b2:192.168.157.200:42117, b8a80b88-8207-4354-80bd-5836997861aa:192.168.157.200:36671, fa81099d-148a-45cb-bef5-8c6163d4f5a6:192.168.157.200:46533], old=null, confs=<EMPTY_MAP>
2019-10-11 04:58:53,142 [pool-403-thread-1] INFO  server.RaftServerConfigKeys (ConfUtils.java:logGet(43)) - raft.server.sleep.deviation.threshold = 300 (default)
2019-10-11 04:58:53,142 [pool-403-thread-1] INFO  server.RaftServerConfigKeys (ConfUtils.java:logGet(43)) - raft.server.log.appender.install.snapshot.enabled = false (custom)
2019-10-11 04:58:53,142 [pool-383-thread-1] INFO  server.RaftServerConfigKeys (ConfUtils.java:logGet(43)) - raft.server.storage.dir = [/workdir/hadoop-ozone/integration-test/target/test-dir/MiniOzoneClusterImpl-e577d82a-0303-4478-9167-bde1b199c1b9/datanode-0/data/ratis] (custom)
2019-10-11 04:58:53,143 [pool-403-thread-1] INFO  impl.RaftServerImpl (ServerState.java:<init>(103)) - b8a80b88-8207-4354-80bd-5836997861aa@group-99EB7C4773DB: ConfigurationManager, init=-1: [08b98450-8e35-472b-a579-8677a58ff9b2:192.168.157.200:42117, b8a80b88-8207-4354-80bd-5836997861aa:192.168.157.200:36671, fa81099d-148a-45cb-bef5-8c6163d4f5a6:192.168.157.200:46533], old=null, confs=<EMPTY_MAP>
2019-10-11 04:58:53,143 [pool-403-thread-1] INFO  server.RaftServerConfigKeys (ConfUtils.java:logGet(43)) - raft.server.storage.dir = [/workdir/hadoop-ozone/integration-test/target/test-dir/MiniOzoneClusterImpl-e577d82a-0303-4478-9167-bde1b199c1b9/datanode-2/data/ratis] (custom)
2019-10-11 04:58:53,143 [pool-383-thread-1] INFO  storage.RaftStorageDirectory (RaftStorageDirectory.java:analyzeStorage(246)) - The storage directory /workdir/hadoop-ozone/integration-test/target/test-dir/MiniOzoneClusterImpl-e577d82a-0303-4478-9167-bde1b199c1b9/datanode-0/data/ratis/a40a41c0-3fc5-47a9-b7b8-99eb7c4773db does not exist. Creating ...
2019-10-11 04:58:53,143 [pool-403-thread-1] INFO  storage.RaftStorageDirectory (RaftStorageDirectory.java:analyzeStorage(246)) - The storage directory /workdir/hadoop-ozone/integration-test/target/test-dir/MiniOzoneClusterImpl-e577d82a-0303-4478-9167-bde1b199c1b9/datanode-2/data/ratis/a40a41c0-3fc5-47a9-b7b8-99eb7c4773db does not exist. Creating ...
2019-10-11 04:58:53,154 [pool-403-thread-1] INFO  storage.RaftStorageDirectory (RaftStorageDirectory.java:tryLock(328)) - Lock on /workdir/hadoop-ozone/integration-test/target/test-dir/MiniOzoneClusterImpl-e577d82a-0303-4478-9167-bde1b199c1b9/datanode-2/data/ratis/a40a41c0-3fc5-47a9-b7b8-99eb7c4773db/in_use.lock acquired by nodename 16587@pr-hdds-1569-qjnzd-3726989565
2019-10-11 04:58:53,154 [pool-383-thread-1] INFO  storage.RaftStorageDirectory (RaftStorageDirectory.java:tryLock(328)) - Lock on /workdir/hadoop-ozone/integration-test/target/test-dir/MiniOzoneClusterImpl-e577d82a-0303-4478-9167-bde1b199c1b9/datanode-0/data/ratis/a40a41c0-3fc5-47a9-b7b8-99eb7c4773db/in_use.lock acquired by nodename 16587@pr-hdds-1569-qjnzd-3726989565
2019-10-11 04:58:53,154 [pool-393-thread-1] INFO  storage.RaftStorageDirectory (RaftStorageDirectory.java:tryLock(328)) - Lock on /workdir/hadoop-ozone/integration-test/target/test-dir/MiniOzoneClusterImpl-e577d82a-0303-4478-9167-bde1b199c1b9/datanode-1/data/ratis/a40a41c0-3fc5-47a9-b7b8-99eb7c4773db/in_use.lock acquired by nodename 16587@pr-hdds-1569-qjnzd-3726989565
2019-10-11 04:58:53,176 [pool-393-thread-1] INFO  storage.RaftStorage (RaftStorage.java:format(72)) - Storage directory /workdir/hadoop-ozone/integration-test/target/test-dir/MiniOzoneClusterImpl-e577d82a-0303-4478-9167-bde1b199c1b9/datanode-1/data/ratis/a40a41c0-3fc5-47a9-b7b8-99eb7c4773db has been successfully formatted.
2019-10-11 04:58:53,176 [pool-383-thread-1] INFO  storage.RaftStorage (RaftStorage.java:format(72)) - Storage directory /workdir/hadoop-ozone/integration-test/target/test-dir/MiniOzoneClusterImpl-e577d82a-0303-4478-9167-bde1b199c1b9/datanode-0/data/ratis/a40a41c0-3fc5-47a9-b7b8-99eb7c4773db has been successfully formatted.
2019-10-11 04:58:53,176 [pool-403-thread-1] INFO  storage.RaftStorage (RaftStorage.java:format(72)) - Storage directory /workdir/hadoop-ozone/integration-test/target/test-dir/MiniOzoneClusterImpl-e577d82a-0303-4478-9167-bde1b199c1b9/datanode-2/data/ratis/a40a41c0-3fc5-47a9-b7b8-99eb7c4773db has been successfully formatted.
2019-10-11 04:58:53,176 [pool-393-thread-1] INFO  ratis.ContainerStateMachine (ContainerStateMachine.java:loadSnapshot(230)) - group-99EB7C4773DB: The snapshot info is null. Setting the last applied indexto:(t:0, i:~)
2019-10-11 04:58:53,176 [pool-383-thread-1] INFO  ratis.ContainerStateMachine (ContainerStateMachine.java:loadSnapshot(230)) - group-99EB7C4773DB: The snapshot info is null. Setting the last applied indexto:(t:0, i:~)
2019-10-11 04:58:53,176 [pool-403-thread-1] INFO  ratis.ContainerStateMachine (ContainerStateMachine.java:loadSnapshot(230)) - group-99EB7C4773DB: The snapshot info is null. Setting the last applied indexto:(t:0, i:~)
2019-10-11 04:58:53,176 [pool-393-thread-1] INFO  server.RaftServerConfigKeys (ConfUtils.java:logGet(43)) - raft.server.notification.no-leader.timeout = 120s (custom)
2019-10-11 04:58:53,177 [pool-403-thread-1] INFO  server.RaftServerConfigKeys (ConfUtils.java:logGet(43)) - raft.server.notification.no-leader.timeout = 120s (custom)
2019-10-11 04:58:53,177 [pool-383-thread-1] INFO  server.RaftServerConfigKeys (ConfUtils.java:logGet(43)) - raft.server.notification.no-leader.timeout = 120s (custom)
2019-10-11 04:58:53,177 [pool-403-thread-1] INFO  server.RaftServerConfigKeys (ConfUtils.java:logGet(43)) - raft.server.log.use.memory = false (default)
2019-10-11 04:58:53,177 [pool-393-thread-1] INFO  server.RaftServerConfigKeys (ConfUtils.java:logGet(43)) - raft.server.log.use.memory = false (default)
2019-10-11 04:58:53,177 [pool-403-thread-1] INFO  server.RaftServerConfigKeys (ConfUtils.java:logGet(43)) - raft.server.log.purge.gap = 1000000 (custom)
2019-10-11 04:58:53,177 [pool-383-thread-1] INFO  server.RaftServerConfigKeys (ConfUtils.java:logGet(43)) - raft.server.log.use.memory = false (default)
2019-10-11 04:58:53,178 [pool-403-thread-1] INFO  server.RaftServerConfigKeys (ConfUtils.java:logGet(43)) - raft.server.log.appender.buffer.byte-limit = 33554432 (custom)
2019-10-11 04:58:53,177 [pool-393-thread-1] INFO  server.RaftServerConfigKeys (ConfUtils.java:logGet(43)) - raft.server.log.purge.gap = 1000000 (custom)
2019-10-11 04:58:53,178 [pool-403-thread-1] INFO  server.RaftServerConfigKeys (ConfUtils.java:logGet(43)) - raft.server.log.segment.size.max = 1048576 (custom)
2019-10-11 04:58:53,178 [pool-403-thread-1] INFO  server.RaftServerConfigKeys (ConfUtils.java:logGet(43)) - raft.server.log.segment.cache.num.max = 2 (custom)
2019-10-11 04:58:53,178 [pool-383-thread-1] INFO  server.RaftServerConfigKeys (ConfUtils.java:logGet(43)) - raft.server.log.purge.gap = 1000000 (custom)
2019-10-11 04:58:53,178 [pool-403-thread-1] INFO  segmented.SegmentedRaftLogWorker (SegmentedRaftLogWorker.java:<init>(172)) - new b8a80b88-8207-4354-80bd-5836997861aa@group-99EB7C4773DB-SegmentedRaftLogWorker for RaftStorage:Storage Directory /workdir/hadoop-ozone/integration-test/target/test-dir/MiniOzoneClusterImpl-e577d82a-0303-4478-9167-bde1b199c1b9/datanode-2/data/ratis/a40a41c0-3fc5-47a9-b7b8-99eb7c4773db
2019-10-11 04:58:53,178 [pool-393-thread-1] INFO  server.RaftServerConfigKeys (ConfUtils.java:logGet(43)) - raft.server.log.appender.buffer.byte-limit = 33554432 (custom)
2019-10-11 04:58:53,179 [pool-403-thread-1] INFO  server.RaftServerConfigKeys (ConfUtils.java:logGet(43)) - raft.server.log.queue.byte-limit = 2147483647 (custom)
2019-10-11 04:58:53,178 [pool-383-thread-1] INFO  server.RaftServerConfigKeys (ConfUtils.java:logGet(43)) - raft.server.log.appender.buffer.byte-limit = 33554432 (custom)
2019-10-11 04:58:53,179 [pool-403-thread-1] INFO  server.RaftServerConfigKeys (ConfUtils.java:logGet(43)) - raft.server.log.queue.element-limit = 1024 (custom)
2019-10-11 04:58:53,179 [pool-393-thread-1] INFO  server.RaftServerConfigKeys (ConfUtils.java:logGet(43)) - raft.server.log.segment.size.max = 1048576 (custom)
2019-10-11 04:58:53,179 [pool-403-thread-1] INFO  server.RaftServerConfigKeys (ConfUtils.java:logGet(43)) - raft.server.log.segment.size.max = 1048576 (custom)
2019-10-11 04:58:53,179 [pool-403-thread-1] INFO  server.RaftServerConfigKeys (ConfUtils.java:logGet(43)) - raft.server.log.preallocated.size = 16384 (custom)
2019-10-11 04:58:53,179 [pool-383-thread-1] INFO  server.RaftServerConfigKeys (ConfUtils.java:logGet(43)) - raft.server.log.segment.size.max = 1048576 (custom)
2019-10-11 04:58:53,180 [pool-403-thread-1] INFO  server.RaftServerConfigKeys (ConfUtils.java:logGet(43)) - raft.server.log.write.buffer.size = 33554432 (custom)
2019-10-11 04:58:53,179 [pool-393-thread-1] INFO  server.RaftServerConfigKeys (ConfUtils.java:logGet(43)) - raft.server.log.segment.cache.num.max = 2 (custom)
2019-10-11 04:58:53,180 [pool-403-thread-1] INFO  server.RaftServerConfigKeys (ConfUtils.java:logGet(43)) - raft.server.log.force.sync.num = 128 (default)
2019-10-11 04:58:53,180 [pool-403-thread-1] INFO  server.RaftServerConfigKeys (ConfUtils.java:logGet(43)) - raft.server.log.statemachine.data.sync = true (default)
2019-10-11 04:58:53,180 [pool-383-thread-1] INFO  server.RaftServerConfigKeys (ConfUtils.java:logGet(43)) - raft.server.log.segment.cache.num.max = 2 (custom)
2019-10-11 04:58:53,180 [pool-403-thread-1] INFO  server.RaftServerConfigKeys (ConfUtils.java:logGet(43)) - raft.server.log.statemachine.data.sync.timeout = 10s (default)
2019-10-11 04:58:53,180 [pool-393-thread-1] INFO  segmented.SegmentedRaftLogWorker (SegmentedRaftLogWorker.java:<init>(172)) - new fa81099d-148a-45cb-bef5-8c6163d4f5a6@group-99EB7C4773DB-SegmentedRaftLogWorker for RaftStorage:Storage Directory /workdir/hadoop-ozone/integration-test/target/test-dir/MiniOzoneClusterImpl-e577d82a-0303-4478-9167-bde1b199c1b9/datanode-1/data/ratis/a40a41c0-3fc5-47a9-b7b8-99eb7c4773db
2019-10-11 04:58:53,181 [pool-403-thread-1] INFO  server.RaftServerConfigKeys (ConfUtils.java:logGet(43)) - raft.server.log.statemachine.data.sync.timeout.retry = -1 (default)
2019-10-11 04:58:53,181 [pool-383-thread-1] INFO  segmented.SegmentedRaftLogWorker (SegmentedRaftLogWorker.java:<init>(172)) - new 08b98450-8e35-472b-a579-8677a58ff9b2@group-99EB7C4773DB-SegmentedRaftLogWorker for RaftStorage:Storage Directory /workdir/hadoop-ozone/integration-test/target/test-dir/MiniOzoneClusterImpl-e577d82a-0303-4478-9167-bde1b199c1b9/datanode-0/data/ratis/a40a41c0-3fc5-47a9-b7b8-99eb7c4773db
2019-10-11 04:58:53,181 [pool-403-thread-1] INFO  server.RaftServerConfigKeys (ConfUtils.java:logGet(43)) - raft.server.log.statemachine.data.caching.enabled = true (custom)
2019-10-11 04:58:53,181 [pool-393-thread-1] INFO  server.RaftServerConfigKeys (ConfUtils.java:logGet(43)) - raft.server.log.queue.byte-limit = 2147483647 (custom)
2019-10-11 04:58:53,181 [pool-383-thread-1] INFO  server.RaftServerConfigKeys (ConfUtils.java:logGet(43)) - raft.server.log.queue.byte-limit = 2147483647 (custom)
2019-10-11 04:58:53,181 [pool-403-thread-1] INFO  segmented.SegmentedRaftLogWorker (SegmentedRaftLogWorker.java:lambda$new$0(132)) - b8a80b88-8207-4354-80bd-5836997861aa@group-99EB7C4773DB-SegmentedRaftLogWorker: flushIndex: setUnconditionally 0 -> -1
2019-10-11 04:58:53,181 [pool-393-thread-1] INFO  server.RaftServerConfigKeys (ConfUtils.java:logGet(43)) - raft.server.log.queue.element-limit = 1024 (custom)
2019-10-11 04:58:53,181 [pool-383-thread-1] INFO  server.RaftServerConfigKeys (ConfUtils.java:logGet(43)) - raft.server.log.queue.element-limit = 1024 (custom)
2019-10-11 04:58:53,182 [pool-403-thread-1] INFO  server.RaftServerConfigKeys (ConfUtils.java:logGet(43)) - raft.server.snapshot.auto.trigger.enabled = true (custom)
2019-10-11 04:58:53,182 [pool-393-thread-1] INFO  server.RaftServerConfigKeys (ConfUtils.java:logGet(43)) - raft.server.log.segment.size.max = 1048576 (custom)
2019-10-11 04:58:53,182 [pool-403-thread-1] INFO  server.RaftServerConfigKeys (ConfUtils.java:logGet(43)) - raft.server.snapshot.auto.trigger.threshold = 10000 (custom)
2019-10-11 04:58:53,182 [pool-383-thread-1] INFO  server.RaftServerConfigKeys (ConfUtils.java:logGet(43)) - raft.server.log.segment.size.max = 1048576 (custom)
2019-10-11 04:58:53,182 [pool-403-thread-1] INFO  server.RaftServerConfigKeys (ConfUtils.java:logGet(43)) - raft.server.snapshot.retention.num.files = 5 (custom)
2019-10-11 04:58:53,182 [pool-393-thread-1] INFO  server.RaftServerConfigKeys (ConfUtils.java:logGet(43)) - raft.server.log.preallocated.size = 16384 (custom)
2019-10-11 04:58:53,183 [pool-403-thread-1] INFO  server.RaftServerConfigKeys (ConfUtils.java:logGet(43)) - raft.server.retrycache.expirytime = 600000ms (custom)
2019-10-11 04:58:53,182 [pool-383-thread-1] INFO  server.RaftServerConfigKeys (ConfUtils.java:logGet(43)) - raft.server.log.preallocated.size = 16384 (custom)
2019-10-11 04:58:53,183 [pool-393-thread-1] INFO  server.RaftServerConfigKeys (ConfUtils.java:logGet(43)) - raft.server.log.write.buffer.size = 33554432 (custom)
2019-10-11 04:58:53,183 [pool-383-thread-1] INFO  server.RaftServerConfigKeys (ConfUtils.java:logGet(43)) - raft.server.log.write.buffer.size = 33554432 (custom)
2019-10-11 04:58:53,183 [pool-393-thread-1] INFO  server.RaftServerConfigKeys (ConfUtils.java:logGet(43)) - raft.server.log.force.sync.num = 128 (default)
2019-10-11 04:58:53,183 [pool-383-thread-1] INFO  server.RaftServerConfigKeys (ConfUtils.java:logGet(43)) - raft.server.log.force.sync.num = 128 (default)
2019-10-11 04:58:53,183 [pool-393-thread-1] INFO  server.RaftServerConfigKeys (ConfUtils.java:logGet(43)) - raft.server.log.statemachine.data.sync = true (default)
2019-10-11 04:58:53,183 [pool-383-thread-1] INFO  server.RaftServerConfigKeys (ConfUtils.java:logGet(43)) - raft.server.log.statemachine.data.sync = true (default)
2019-10-11 04:58:53,184 [pool-393-thread-1] INFO  server.RaftServerConfigKeys (ConfUtils.java:logGet(43)) - raft.server.log.statemachine.data.sync.timeout = 10s (default)
2019-10-11 04:58:53,184 [pool-383-thread-1] INFO  server.RaftServerConfigKeys (ConfUtils.java:logGet(43)) - raft.server.log.statemachine.data.sync.timeout = 10s (default)
2019-10-11 04:58:53,184 [pool-393-thread-1] INFO  server.RaftServerConfigKeys (ConfUtils.java:logGet(43)) - raft.server.log.statemachine.data.sync.timeout.retry = -1 (default)
2019-10-11 04:58:53,184 [pool-383-thread-1] INFO  server.RaftServerConfigKeys (ConfUtils.java:logGet(43)) - raft.server.log.statemachine.data.sync.timeout.retry = -1 (default)
2019-10-11 04:58:53,184 [pool-393-thread-1] INFO  server.RaftServerConfigKeys (ConfUtils.java:logGet(43)) - raft.server.log.statemachine.data.caching.enabled = true (custom)
2019-10-11 04:58:53,184 [pool-383-thread-1] INFO  server.RaftServerConfigKeys (ConfUtils.java:logGet(43)) - raft.server.log.statemachine.data.caching.enabled = true (custom)
2019-10-11 04:58:53,184 [pool-393-thread-1] INFO  segmented.SegmentedRaftLogWorker (SegmentedRaftLogWorker.java:lambda$new$0(132)) - fa81099d-148a-45cb-bef5-8c6163d4f5a6@group-99EB7C4773DB-SegmentedRaftLogWorker: flushIndex: setUnconditionally 0 -> -1
2019-10-11 04:58:53,185 [pool-403-thread-1] INFO  impl.RaftServerImpl (RaftServerImpl.java:start(185)) - b8a80b88-8207-4354-80bd-5836997861aa@group-99EB7C4773DB: start as a follower, conf=-1: [08b98450-8e35-472b-a579-8677a58ff9b2:192.168.157.200:42117, b8a80b88-8207-4354-80bd-5836997861aa:192.168.157.200:36671, fa81099d-148a-45cb-bef5-8c6163d4f5a6:192.168.157.200:46533], old=null
2019-10-11 04:58:53,185 [pool-383-thread-1] INFO  segmented.SegmentedRaftLogWorker (SegmentedRaftLogWorker.java:lambda$new$0(132)) - 08b98450-8e35-472b-a579-8677a58ff9b2@group-99EB7C4773DB-SegmentedRaftLogWorker: flushIndex: setUnconditionally 0 -> -1
2019-10-11 04:58:53,185 [pool-403-thread-1] INFO  impl.RaftServerImpl (RaftServerImpl.java:setRole(174)) - b8a80b88-8207-4354-80bd-5836997861aa@group-99EB7C4773DB: changes role from      null to FOLLOWER at term 0 for startAsFollower
2019-10-11 04:58:53,185 [pool-393-thread-1] INFO  server.RaftServerConfigKeys (ConfUtils.java:logGet(43)) - raft.server.snapshot.auto.trigger.enabled = true (custom)
2019-10-11 04:58:53,185 [pool-383-thread-1] INFO  server.RaftServerConfigKeys (ConfUtils.java:logGet(43)) - raft.server.snapshot.auto.trigger.enabled = true (custom)
2019-10-11 04:58:53,185 [pool-403-thread-1] INFO  impl.RoleInfo (RoleInfo.java:updateAndGet(143)) - b8a80b88-8207-4354-80bd-5836997861aa: start FollowerState
2019-10-11 04:58:53,186 [pool-383-thread-1] INFO  server.RaftServerConfigKeys (ConfUtils.java:logGet(43)) - raft.server.snapshot.auto.trigger.threshold = 10000 (custom)
2019-10-11 04:58:53,185 [pool-393-thread-1] INFO  server.RaftServerConfigKeys (ConfUtils.java:logGet(43)) - raft.server.snapshot.auto.trigger.threshold = 10000 (custom)
2019-10-11 04:58:53,186 [pool-403-thread-1] INFO  util.JmxRegister (JmxRegister.java:tryRegister(44)) - Successfully registered JMX Bean with object name Ratis:service=RaftServer,group=group-99EB7C4773DB,id=b8a80b88-8207-4354-80bd-5836997861aa
2019-10-11 04:58:53,186 [pool-383-thread-1] INFO  server.RaftServerConfigKeys (ConfUtils.java:logGet(43)) - raft.server.snapshot.retention.num.files = 5 (custom)
2019-10-11 04:58:53,186 [pool-393-thread-1] INFO  server.RaftServerConfigKeys (ConfUtils.java:logGet(43)) - raft.server.snapshot.retention.num.files = 5 (custom)
2019-10-11 04:58:53,186 [pool-383-thread-1] INFO  server.RaftServerConfigKeys (ConfUtils.java:logGet(43)) - raft.server.retrycache.expirytime = 600000ms (custom)
2019-10-11 04:58:53,187 [pool-393-thread-1] INFO  server.RaftServerConfigKeys (ConfUtils.java:logGet(43)) - raft.server.retrycache.expirytime = 600000ms (custom)
2019-10-11 04:58:53,190 [pool-383-thread-1] INFO  impl.RaftServerImpl (RaftServerImpl.java:start(185)) - 08b98450-8e35-472b-a579-8677a58ff9b2@group-99EB7C4773DB: start as a follower, conf=-1: [08b98450-8e35-472b-a579-8677a58ff9b2:192.168.157.200:42117, b8a80b88-8207-4354-80bd-5836997861aa:192.168.157.200:36671, fa81099d-148a-45cb-bef5-8c6163d4f5a6:192.168.157.200:46533], old=null
2019-10-11 04:58:53,190 [pool-383-thread-1] INFO  impl.RaftServerImpl (RaftServerImpl.java:setRole(174)) - 08b98450-8e35-472b-a579-8677a58ff9b2@group-99EB7C4773DB: changes role from      null to FOLLOWER at term 0 for startAsFollower
2019-10-11 04:58:53,190 [pool-393-thread-1] INFO  impl.RaftServerImpl (RaftServerImpl.java:start(185)) - fa81099d-148a-45cb-bef5-8c6163d4f5a6@group-99EB7C4773DB: start as a follower, conf=-1: [08b98450-8e35-472b-a579-8677a58ff9b2:192.168.157.200:42117, b8a80b88-8207-4354-80bd-5836997861aa:192.168.157.200:36671, fa81099d-148a-45cb-bef5-8c6163d4f5a6:192.168.157.200:46533], old=null
2019-10-11 04:58:53,190 [pool-383-thread-1] INFO  impl.RoleInfo (RoleInfo.java:updateAndGet(143)) - 08b98450-8e35-472b-a579-8677a58ff9b2: start FollowerState
2019-10-11 04:58:53,190 [pool-393-thread-1] INFO  impl.RaftServerImpl (RaftServerImpl.java:setRole(174)) - fa81099d-148a-45cb-bef5-8c6163d4f5a6@group-99EB7C4773DB: changes role from      null to FOLLOWER at term 0 for startAsFollower
2019-10-11 04:58:53,191 [pool-393-thread-1] INFO  impl.RoleInfo (RoleInfo.java:updateAndGet(143)) - fa81099d-148a-45cb-bef5-8c6163d4f5a6: start FollowerState
2019-10-11 04:58:53,191 [pool-383-thread-1] INFO  util.JmxRegister (JmxRegister.java:tryRegister(44)) - Successfully registered JMX Bean with object name Ratis:service=RaftServer,group=group-99EB7C4773DB,id=08b98450-8e35-472b-a579-8677a58ff9b2
2019-10-11 04:58:53,191 [pool-393-thread-1] INFO  util.JmxRegister (JmxRegister.java:tryRegister(44)) - Successfully registered JMX Bean with object name Ratis:service=RaftServer,group=group-99EB7C4773DB,id=fa81099d-148a-45cb-bef5-8c6163d4f5a6
2019-10-11 04:58:53,193 [RatisPipelineUtilsThread] INFO  pipeline.PipelineStateManager (PipelineStateManager.java:addPipeline(56)) - Created pipeline Pipeline[ Id: a40a41c0-3fc5-47a9-b7b8-99eb7c4773db, Nodes: 08b98450-8e35-472b-a579-8677a58ff9b2{ip: 192.168.157.200, host: pr-hdds-1569-qjnzd-3726989565, networkLocation: /default-rack, certSerialId: null}fa81099d-148a-45cb-bef5-8c6163d4f5a6{ip: 192.168.157.200, host: pr-hdds-1569-qjnzd-3726989565, networkLocation: /default-rack, certSerialId: null}b8a80b88-8207-4354-80bd-5836997861aa{ip: 192.168.157.200, host: pr-hdds-1569-qjnzd-3726989565, networkLocation: /default-rack, certSerialId: null}, Type:RATIS, Factor:THREE, State:OPEN]
2019-10-11 04:58:53,193 [RatisPipelineUtilsThread] INFO  pipeline.PipelinePlacementPolicy (PipelinePlacementPolicy.java:meetCriteria(104)) - Pipeline Placement: can't place more pipeline on heavy datanode： 08b98450-8e35-472b-a579-8677a58ff9b2 Heaviness: 3 limit: 3
2019-10-11 04:58:53,194 [RatisPipelineUtilsThread] INFO  pipeline.PipelinePlacementPolicy (PipelinePlacementPolicy.java:meetCriteria(104)) - Pipeline Placement: can't place more pipeline on heavy datanode： b8a80b88-8207-4354-80bd-5836997861aa Heaviness: 3 limit: 3
2019-10-11 04:58:53,194 [RatisPipelineUtilsThread] INFO  pipeline.PipelinePlacementPolicy (PipelinePlacementPolicy.java:meetCriteria(104)) - Pipeline Placement: can't place more pipeline on heavy datanode： fa81099d-148a-45cb-bef5-8c6163d4f5a6 Heaviness: 3 limit: 3
2019-10-11 04:58:53,194 [RatisPipelineUtilsThread] ERROR pipeline.PipelinePlacementPolicy (PipelinePlacementPolicy.java:filterViableNodes(162)) - Unable to find enough nodes that meet the criteria that cannot engage in more than 3 pipelines. Nodes required: 3 Found: 1, healthy nodes count in NodeManager: 4.
2019-10-11 04:58:53,194 [RatisPipelineUtilsThread] ERROR pipeline.SCMPipelineManager (SCMPipelineManager.java:createPipeline(193)) - Pipeline creation failed.
org.apache.hadoop.hdds.scm.exceptions.SCMException: Unable to find enough nodes that meet the criteria that cannot engage in more than 3 pipelines. Nodes required: 3 Found: 1, healthy nodes count in NodeManager: 4.
	at org.apache.hadoop.hdds.scm.pipeline.PipelinePlacementPolicy.filterViableNodes(PipelinePlacementPolicy.java:163)
	at org.apache.hadoop.hdds.scm.pipeline.PipelinePlacementPolicy.chooseDatanodes(PipelinePlacementPolicy.java:186)
	at org.apache.hadoop.hdds.scm.pipeline.RatisPipelineProvider.create(RatisPipelineProvider.java:131)
	at org.apache.hadoop.hdds.scm.pipeline.PipelineFactory.create(PipelineFactory.java:58)
	at org.apache.hadoop.hdds.scm.pipeline.SCMPipelineManager.createPipeline(SCMPipelineManager.java:183)
	at org.apache.hadoop.hdds.scm.pipeline.BackgroundPipelineCreator.createPipelines(BackgroundPipelineCreator.java:100)
	at java.util.concurrent.Executors$RunnableAdapter.call(Executors.java:511)
	at java.util.concurrent.FutureTask.run(FutureTask.java:266)
	at java.util.concurrent.ScheduledThreadPoolExecutor$ScheduledFutureTask.access$201(ScheduledThreadPoolExecutor.java:180)
	at java.util.concurrent.ScheduledThreadPoolExecutor$ScheduledFutureTask.run(ScheduledThreadPoolExecutor.java:293)
	at java.util.concurrent.ThreadPoolExecutor.runWorker(ThreadPoolExecutor.java:1149)
	at java.util.concurrent.ThreadPoolExecutor$Worker.run(ThreadPoolExecutor.java:624)
	at java.lang.Thread.run(Thread.java:748)
2019-10-11 04:58:53,205 [IPC Server handler 6 on 36545] INFO  net.NetworkTopology (NetworkTopologyImpl.java:add(111)) - Added a new node: /default-rack/a2737f09-9e90-4fa2-b143-201484b1b099
2019-10-11 04:58:53,205 [IPC Server handler 6 on 36545] INFO  node.SCMNodeManager (SCMNodeManager.java:register(266)) - Registered Data node : a2737f09-9e90-4fa2-b143-201484b1b099{ip: 192.168.157.200, host: pr-hdds-1569-qjnzd-3726989565, networkLocation: /default-rack, certSerialId: null}
2019-10-11 04:58:53,214 [grpc-default-executor-8] INFO  impl.RaftServerProxy (RaftServerProxy.java:addNew(89)) - a2737f09-9e90-4fa2-b143-201484b1b099: addNew group-FC7B164420BD:[a2737f09-9e90-4fa2-b143-201484b1b099:192.168.157.200:40705] returns group-FC7B164420BD:java.util.concurrent.CompletableFuture@782b5c46[Not completed]
2019-10-11 04:58:53,215 [pool-423-thread-1] INFO  impl.RaftServerImpl (RaftServerImpl.java:<init>(95)) - a2737f09-9e90-4fa2-b143-201484b1b099: new RaftServerImpl for group-FC7B164420BD:[a2737f09-9e90-4fa2-b143-201484b1b099:192.168.157.200:40705] with ContainerStateMachine:uninitialized
2019-10-11 04:58:53,215 [pool-423-thread-1] INFO  server.RaftServerConfigKeys (ConfUtils.java:logGet(43)) - raft.server.rpc.timeout.min = 5s (custom)
2019-10-11 04:58:53,215 [pool-423-thread-1] INFO  server.RaftServerConfigKeys (ConfUtils.java:logGet(43)) - raft.server.rpc.timeout.max = 5200ms (custom)
2019-10-11 04:58:53,215 [pool-423-thread-1] INFO  server.RaftServerConfigKeys (ConfUtils.java:logGet(43)) - raft.server.rpcslowness.timeout = 120s (custom)
2019-10-11 04:58:53,216 [pool-423-thread-1] INFO  server.RaftServerConfigKeys (ConfUtils.java:logGet(43)) - raft.server.sleep.deviation.threshold = 300 (default)
2019-10-11 04:58:53,216 [pool-423-thread-1] INFO  server.RaftServerConfigKeys (ConfUtils.java:logGet(43)) - raft.server.log.appender.install.snapshot.enabled = false (custom)
2019-10-11 04:58:53,216 [pool-423-thread-1] INFO  impl.RaftServerImpl (ServerState.java:<init>(103)) - a2737f09-9e90-4fa2-b143-201484b1b099@group-FC7B164420BD: ConfigurationManager, init=-1: [a2737f09-9e90-4fa2-b143-201484b1b099:192.168.157.200:40705], old=null, confs=<EMPTY_MAP>
2019-10-11 04:58:53,216 [pool-423-thread-1] INFO  server.RaftServerConfigKeys (ConfUtils.java:logGet(43)) - raft.server.storage.dir = [/workdir/hadoop-ozone/integration-test/target/test-dir/MiniOzoneClusterImpl-e577d82a-0303-4478-9167-bde1b199c1b9/datanode-4/data/ratis] (custom)
2019-10-11 04:58:53,216 [pool-423-thread-1] INFO  storage.RaftStorageDirectory (RaftStorageDirectory.java:analyzeStorage(246)) - The storage directory /workdir/hadoop-ozone/integration-test/target/test-dir/MiniOzoneClusterImpl-e577d82a-0303-4478-9167-bde1b199c1b9/datanode-4/data/ratis/b4bb32d4-7c28-4b41-a6dd-fc7b164420bd does not exist. Creating ...
2019-10-11 04:58:53,229 [pool-423-thread-1] INFO  storage.RaftStorageDirectory (RaftStorageDirectory.java:tryLock(328)) - Lock on /workdir/hadoop-ozone/integration-test/target/test-dir/MiniOzoneClusterImpl-e577d82a-0303-4478-9167-bde1b199c1b9/datanode-4/data/ratis/b4bb32d4-7c28-4b41-a6dd-fc7b164420bd/in_use.lock acquired by nodename 16587@pr-hdds-1569-qjnzd-3726989565
2019-10-11 04:58:53,241 [pool-423-thread-1] INFO  storage.RaftStorage (RaftStorage.java:format(72)) - Storage directory /workdir/hadoop-ozone/integration-test/target/test-dir/MiniOzoneClusterImpl-e577d82a-0303-4478-9167-bde1b199c1b9/datanode-4/data/ratis/b4bb32d4-7c28-4b41-a6dd-fc7b164420bd has been successfully formatted.
2019-10-11 04:58:53,242 [pool-423-thread-1] INFO  ratis.ContainerStateMachine (ContainerStateMachine.java:loadSnapshot(230)) - group-FC7B164420BD: The snapshot info is null. Setting the last applied indexto:(t:0, i:~)
2019-10-11 04:58:53,242 [pool-423-thread-1] INFO  server.RaftServerConfigKeys (ConfUtils.java:logGet(43)) - raft.server.notification.no-leader.timeout = 120s (custom)
2019-10-11 04:58:53,242 [pool-423-thread-1] INFO  server.RaftServerConfigKeys (ConfUtils.java:logGet(43)) - raft.server.log.use.memory = false (default)
2019-10-11 04:58:53,242 [pool-423-thread-1] INFO  server.RaftServerConfigKeys (ConfUtils.java:logGet(43)) - raft.server.log.purge.gap = 1000000 (custom)
2019-10-11 04:58:53,242 [pool-423-thread-1] INFO  server.RaftServerConfigKeys (ConfUtils.java:logGet(43)) - raft.server.log.appender.buffer.byte-limit = 33554432 (custom)
2019-10-11 04:58:53,242 [pool-423-thread-1] INFO  server.RaftServerConfigKeys (ConfUtils.java:logGet(43)) - raft.server.log.segment.size.max = 1048576 (custom)
2019-10-11 04:58:53,242 [pool-423-thread-1] INFO  server.RaftServerConfigKeys (ConfUtils.java:logGet(43)) - raft.server.log.segment.cache.num.max = 2 (custom)
2019-10-11 04:58:53,242 [pool-423-thread-1] INFO  segmented.SegmentedRaftLogWorker (SegmentedRaftLogWorker.java:<init>(172)) - new a2737f09-9e90-4fa2-b143-201484b1b099@group-FC7B164420BD-SegmentedRaftLogWorker for RaftStorage:Storage Directory /workdir/hadoop-ozone/integration-test/target/test-dir/MiniOzoneClusterImpl-e577d82a-0303-4478-9167-bde1b199c1b9/datanode-4/data/ratis/b4bb32d4-7c28-4b41-a6dd-fc7b164420bd
2019-10-11 04:58:53,243 [pool-423-thread-1] INFO  server.RaftServerConfigKeys (ConfUtils.java:logGet(43)) - raft.server.log.queue.byte-limit = 2147483647 (custom)
2019-10-11 04:58:53,244 [pool-423-thread-1] INFO  server.RaftServerConfigKeys (ConfUtils.java:logGet(43)) - raft.server.log.queue.element-limit = 1024 (custom)
2019-10-11 04:58:53,244 [pool-423-thread-1] INFO  server.RaftServerConfigKeys (ConfUtils.java:logGet(43)) - raft.server.log.segment.size.max = 1048576 (custom)
2019-10-11 04:58:53,244 [pool-423-thread-1] INFO  server.RaftServerConfigKeys (ConfUtils.java:logGet(43)) - raft.server.log.preallocated.size = 16384 (custom)
2019-10-11 04:58:53,244 [pool-423-thread-1] INFO  server.RaftServerConfigKeys (ConfUtils.java:logGet(43)) - raft.server.log.write.buffer.size = 33554432 (custom)
2019-10-11 04:58:53,244 [pool-423-thread-1] INFO  server.RaftServerConfigKeys (ConfUtils.java:logGet(43)) - raft.server.log.force.sync.num = 128 (default)
2019-10-11 04:58:53,244 [pool-423-thread-1] INFO  server.RaftServerConfigKeys (ConfUtils.java:logGet(43)) - raft.server.log.statemachine.data.sync = true (default)
2019-10-11 04:58:53,244 [pool-423-thread-1] INFO  server.RaftServerConfigKeys (ConfUtils.java:logGet(43)) - raft.server.log.statemachine.data.sync.timeout = 10s (default)
2019-10-11 04:58:53,244 [pool-423-thread-1] INFO  server.RaftServerConfigKeys (ConfUtils.java:logGet(43)) - raft.server.log.statemachine.data.sync.timeout.retry = -1 (default)
2019-10-11 04:58:53,245 [pool-423-thread-1] INFO  server.RaftServerConfigKeys (ConfUtils.java:logGet(43)) - raft.server.log.statemachine.data.caching.enabled = true (custom)
2019-10-11 04:58:53,245 [pool-423-thread-1] INFO  segmented.SegmentedRaftLogWorker (SegmentedRaftLogWorker.java:lambda$new$0(132)) - a2737f09-9e90-4fa2-b143-201484b1b099@group-FC7B164420BD-SegmentedRaftLogWorker: flushIndex: setUnconditionally 0 -> -1
2019-10-11 04:58:53,245 [pool-423-thread-1] INFO  server.RaftServerConfigKeys (ConfUtils.java:logGet(43)) - raft.server.snapshot.auto.trigger.enabled = true (custom)
2019-10-11 04:58:53,245 [pool-423-thread-1] INFO  server.RaftServerConfigKeys (ConfUtils.java:logGet(43)) - raft.server.snapshot.auto.trigger.threshold = 10000 (custom)
2019-10-11 04:58:53,245 [pool-423-thread-1] INFO  server.RaftServerConfigKeys (ConfUtils.java:logGet(43)) - raft.server.snapshot.retention.num.files = 5 (custom)
2019-10-11 04:58:53,245 [pool-423-thread-1] INFO  server.RaftServerConfigKeys (ConfUtils.java:logGet(43)) - raft.server.retrycache.expirytime = 600000ms (custom)
2019-10-11 04:58:53,246 [pool-423-thread-1] INFO  impl.RaftServerImpl (RaftServerImpl.java:start(185)) - a2737f09-9e90-4fa2-b143-201484b1b099@group-FC7B164420BD: start as a follower, conf=-1: [a2737f09-9e90-4fa2-b143-201484b1b099:192.168.157.200:40705], old=null
2019-10-11 04:58:53,246 [pool-423-thread-1] INFO  impl.RaftServerImpl (RaftServerImpl.java:setRole(174)) - a2737f09-9e90-4fa2-b143-201484b1b099@group-FC7B164420BD: changes role from      null to FOLLOWER at term 0 for startAsFollower
2019-10-11 04:58:53,247 [pool-423-thread-1] INFO  impl.RoleInfo (RoleInfo.java:updateAndGet(143)) - a2737f09-9e90-4fa2-b143-201484b1b099: start FollowerState
2019-10-11 04:58:53,247 [pool-423-thread-1] INFO  util.JmxRegister (JmxRegister.java:tryRegister(44)) - Successfully registered JMX Bean with object name Ratis:service=RaftServer,group=group-FC7B164420BD,id=a2737f09-9e90-4fa2-b143-201484b1b099
2019-10-11 04:58:53,248 [RatisPipelineUtilsThread] INFO  pipeline.PipelineStateManager (PipelineStateManager.java:addPipeline(56)) - Created pipeline Pipeline[ Id: b4bb32d4-7c28-4b41-a6dd-fc7b164420bd, Nodes: a2737f09-9e90-4fa2-b143-201484b1b099{ip: 192.168.157.200, host: pr-hdds-1569-qjnzd-3726989565, networkLocation: /default-rack, certSerialId: null}, Type:RATIS, Factor:ONE, State:OPEN]
2019-10-11 04:58:53,257 [grpc-default-executor-5] INFO  impl.RaftServerProxy (RaftServerProxy.java:addNew(89)) - ef99c7d8-2980-470c-bb97-d0a56dc986ad: addNew group-1B7FF915287B:[ef99c7d8-2980-470c-bb97-d0a56dc986ad:192.168.157.200:40900] returns group-1B7FF915287B:java.util.concurrent.CompletableFuture@6f00caa5[Not completed]
2019-10-11 04:58:53,258 [pool-413-thread-1] INFO  impl.RaftServerImpl (RaftServerImpl.java:<init>(95)) - ef99c7d8-2980-470c-bb97-d0a56dc986ad: new RaftServerImpl for group-1B7FF915287B:[ef99c7d8-2980-470c-bb97-d0a56dc986ad:192.168.157.200:40900] with ContainerStateMachine:uninitialized
2019-10-11 04:58:53,258 [pool-413-thread-1] INFO  server.RaftServerConfigKeys (ConfUtils.java:logGet(43)) - raft.server.rpc.timeout.min = 5s (custom)
2019-10-11 04:58:53,258 [pool-413-thread-1] INFO  server.RaftServerConfigKeys (ConfUtils.java:logGet(43)) - raft.server.rpc.timeout.max = 5200ms (custom)
2019-10-11 04:58:53,258 [pool-413-thread-1] INFO  server.RaftServerConfigKeys (ConfUtils.java:logGet(43)) - raft.server.rpcslowness.timeout = 120s (custom)
2019-10-11 04:58:53,258 [pool-413-thread-1] INFO  server.RaftServerConfigKeys (ConfUtils.java:logGet(43)) - raft.server.sleep.deviation.threshold = 300 (default)
2019-10-11 04:58:53,258 [pool-413-thread-1] INFO  server.RaftServerConfigKeys (ConfUtils.java:logGet(43)) - raft.server.log.appender.install.snapshot.enabled = false (custom)
2019-10-11 04:58:53,258 [pool-413-thread-1] INFO  impl.RaftServerImpl (ServerState.java:<init>(103)) - ef99c7d8-2980-470c-bb97-d0a56dc986ad@group-1B7FF915287B: ConfigurationManager, init=-1: [ef99c7d8-2980-470c-bb97-d0a56dc986ad:192.168.157.200:40900], old=null, confs=<EMPTY_MAP>
2019-10-11 04:58:53,258 [pool-413-thread-1] INFO  server.RaftServerConfigKeys (ConfUtils.java:logGet(43)) - raft.server.storage.dir = [/workdir/hadoop-ozone/integration-test/target/test-dir/MiniOzoneClusterImpl-e577d82a-0303-4478-9167-bde1b199c1b9/datanode-3/data/ratis] (custom)
2019-10-11 04:58:53,259 [pool-413-thread-1] INFO  storage.RaftStorageDirectory (RaftStorageDirectory.java:analyzeStorage(246)) - The storage directory /workdir/hadoop-ozone/integration-test/target/test-dir/MiniOzoneClusterImpl-e577d82a-0303-4478-9167-bde1b199c1b9/datanode-3/data/ratis/6df39fea-cbba-49eb-8f8b-1b7ff915287b does not exist. Creating ...
2019-10-11 04:58:53,271 [pool-413-thread-1] INFO  storage.RaftStorageDirectory (RaftStorageDirectory.java:tryLock(328)) - Lock on /workdir/hadoop-ozone/integration-test/target/test-dir/MiniOzoneClusterImpl-e577d82a-0303-4478-9167-bde1b199c1b9/datanode-3/data/ratis/6df39fea-cbba-49eb-8f8b-1b7ff915287b/in_use.lock acquired by nodename 16587@pr-hdds-1569-qjnzd-3726989565
2019-10-11 04:58:53,284 [pool-413-thread-1] INFO  storage.RaftStorage (RaftStorage.java:format(72)) - Storage directory /workdir/hadoop-ozone/integration-test/target/test-dir/MiniOzoneClusterImpl-e577d82a-0303-4478-9167-bde1b199c1b9/datanode-3/data/ratis/6df39fea-cbba-49eb-8f8b-1b7ff915287b has been successfully formatted.
2019-10-11 04:58:53,284 [pool-413-thread-1] INFO  ratis.ContainerStateMachine (ContainerStateMachine.java:loadSnapshot(230)) - group-1B7FF915287B: The snapshot info is null. Setting the last applied indexto:(t:0, i:~)
2019-10-11 04:58:53,284 [pool-413-thread-1] INFO  server.RaftServerConfigKeys (ConfUtils.java:logGet(43)) - raft.server.notification.no-leader.timeout = 120s (custom)
2019-10-11 04:58:53,284 [pool-413-thread-1] INFO  server.RaftServerConfigKeys (ConfUtils.java:logGet(43)) - raft.server.log.use.memory = false (default)
2019-10-11 04:58:53,284 [pool-413-thread-1] INFO  server.RaftServerConfigKeys (ConfUtils.java:logGet(43)) - raft.server.log.purge.gap = 1000000 (custom)
2019-10-11 04:58:53,284 [pool-413-thread-1] INFO  server.RaftServerConfigKeys (ConfUtils.java:logGet(43)) - raft.server.log.appender.buffer.byte-limit = 33554432 (custom)
2019-10-11 04:58:53,284 [pool-413-thread-1] INFO  server.RaftServerConfigKeys (ConfUtils.java:logGet(43)) - raft.server.log.segment.size.max = 1048576 (custom)
2019-10-11 04:58:53,284 [pool-413-thread-1] INFO  server.RaftServerConfigKeys (ConfUtils.java:logGet(43)) - raft.server.log.segment.cache.num.max = 2 (custom)
2019-10-11 04:58:53,285 [pool-413-thread-1] INFO  segmented.SegmentedRaftLogWorker (SegmentedRaftLogWorker.java:<init>(172)) - new ef99c7d8-2980-470c-bb97-d0a56dc986ad@group-1B7FF915287B-SegmentedRaftLogWorker for RaftStorage:Storage Directory /workdir/hadoop-ozone/integration-test/target/test-dir/MiniOzoneClusterImpl-e577d82a-0303-4478-9167-bde1b199c1b9/datanode-3/data/ratis/6df39fea-cbba-49eb-8f8b-1b7ff915287b
2019-10-11 04:58:53,286 [pool-413-thread-1] INFO  server.RaftServerConfigKeys (ConfUtils.java:logGet(43)) - raft.server.log.queue.byte-limit = 2147483647 (custom)
2019-10-11 04:58:53,286 [pool-413-thread-1] INFO  server.RaftServerConfigKeys (ConfUtils.java:logGet(43)) - raft.server.log.queue.element-limit = 1024 (custom)
2019-10-11 04:58:53,286 [pool-413-thread-1] INFO  server.RaftServerConfigKeys (ConfUtils.java:logGet(43)) - raft.server.log.segment.size.max = 1048576 (custom)
2019-10-11 04:58:53,286 [pool-413-thread-1] INFO  server.RaftServerConfigKeys (ConfUtils.java:logGet(43)) - raft.server.log.preallocated.size = 16384 (custom)
2019-10-11 04:58:53,286 [pool-413-thread-1] INFO  server.RaftServerConfigKeys (ConfUtils.java:logGet(43)) - raft.server.log.write.buffer.size = 33554432 (custom)
2019-10-11 04:58:53,286 [pool-413-thread-1] INFO  server.RaftServerConfigKeys (ConfUtils.java:logGet(43)) - raft.server.log.force.sync.num = 128 (default)
2019-10-11 04:58:53,286 [pool-413-thread-1] INFO  server.RaftServerConfigKeys (ConfUtils.java:logGet(43)) - raft.server.log.statemachine.data.sync = true (default)
2019-10-11 04:58:53,286 [pool-413-thread-1] INFO  server.RaftServerConfigKeys (ConfUtils.java:logGet(43)) - raft.server.log.statemachine.data.sync.timeout = 10s (default)
2019-10-11 04:58:53,286 [pool-413-thread-1] INFO  server.RaftServerConfigKeys (ConfUtils.java:logGet(43)) - raft.server.log.statemachine.data.sync.timeout.retry = -1 (default)
2019-10-11 04:58:53,287 [pool-413-thread-1] INFO  server.RaftServerConfigKeys (ConfUtils.java:logGet(43)) - raft.server.log.statemachine.data.caching.enabled = true (custom)
2019-10-11 04:58:53,287 [pool-413-thread-1] INFO  segmented.SegmentedRaftLogWorker (SegmentedRaftLogWorker.java:lambda$new$0(132)) - ef99c7d8-2980-470c-bb97-d0a56dc986ad@group-1B7FF915287B-SegmentedRaftLogWorker: flushIndex: setUnconditionally 0 -> -1
2019-10-11 04:58:53,287 [pool-413-thread-1] INFO  server.RaftServerConfigKeys (ConfUtils.java:logGet(43)) - raft.server.snapshot.auto.trigger.enabled = true (custom)
2019-10-11 04:58:53,287 [pool-413-thread-1] INFO  server.RaftServerConfigKeys (ConfUtils.java:logGet(43)) - raft.server.snapshot.auto.trigger.threshold = 10000 (custom)
2019-10-11 04:58:53,287 [pool-413-thread-1] INFO  server.RaftServerConfigKeys (ConfUtils.java:logGet(43)) - raft.server.snapshot.retention.num.files = 5 (custom)
2019-10-11 04:58:53,287 [pool-413-thread-1] INFO  server.RaftServerConfigKeys (ConfUtils.java:logGet(43)) - raft.server.retrycache.expirytime = 600000ms (custom)
2019-10-11 04:58:53,288 [pool-413-thread-1] INFO  impl.RaftServerImpl (RaftServerImpl.java:start(185)) - ef99c7d8-2980-470c-bb97-d0a56dc986ad@group-1B7FF915287B: start as a follower, conf=-1: [ef99c7d8-2980-470c-bb97-d0a56dc986ad:192.168.157.200:40900], old=null
2019-10-11 04:58:53,288 [pool-413-thread-1] INFO  impl.RaftServerImpl (RaftServerImpl.java:setRole(174)) - ef99c7d8-2980-470c-bb97-d0a56dc986ad@group-1B7FF915287B: changes role from      null to FOLLOWER at term 0 for startAsFollower
2019-10-11 04:58:53,288 [pool-413-thread-1] INFO  impl.RoleInfo (RoleInfo.java:updateAndGet(143)) - ef99c7d8-2980-470c-bb97-d0a56dc986ad: start FollowerState
2019-10-11 04:58:53,289 [pool-413-thread-1] INFO  util.JmxRegister (JmxRegister.java:tryRegister(44)) - Successfully registered JMX Bean with object name Ratis:service=RaftServer,group=group-1B7FF915287B,id=ef99c7d8-2980-470c-bb97-d0a56dc986ad
2019-10-11 04:58:53,290 [RatisPipelineUtilsThread] INFO  pipeline.PipelineStateManager (PipelineStateManager.java:addPipeline(56)) - Created pipeline Pipeline[ Id: 6df39fea-cbba-49eb-8f8b-1b7ff915287b, Nodes: ef99c7d8-2980-470c-bb97-d0a56dc986ad{ip: 192.168.157.200, host: pr-hdds-1569-qjnzd-3726989565, networkLocation: /default-rack, certSerialId: null}, Type:RATIS, Factor:ONE, State:OPEN]
2019-10-11 04:58:53,291 [RatisPipelineUtilsThread] ERROR pipeline.SCMPipelineManager (SCMPipelineManager.java:createPipeline(193)) - Pipeline creation failed.
org.apache.hadoop.hdds.scm.exceptions.SCMException: Cannot create pipeline of factor 1 using 0 nodes. Used 5 nodes. Healthy nodes 5
	at org.apache.hadoop.hdds.scm.pipeline.RatisPipelineProvider.pickNodesNeverUsed(RatisPipelineProvider.java:116)
	at org.apache.hadoop.hdds.scm.pipeline.RatisPipelineProvider.create(RatisPipelineProvider.java:128)
	at org.apache.hadoop.hdds.scm.pipeline.PipelineFactory.create(PipelineFactory.java:58)
	at org.apache.hadoop.hdds.scm.pipeline.SCMPipelineManager.createPipeline(SCMPipelineManager.java:183)
	at org.apache.hadoop.hdds.scm.pipeline.BackgroundPipelineCreator.createPipelines(BackgroundPipelineCreator.java:100)
	at java.util.concurrent.Executors$RunnableAdapter.call(Executors.java:511)
	at java.util.concurrent.FutureTask.run(FutureTask.java:266)
	at java.util.concurrent.ScheduledThreadPoolExecutor$ScheduledFutureTask.access$201(ScheduledThreadPoolExecutor.java:180)
	at java.util.concurrent.ScheduledThreadPoolExecutor$ScheduledFutureTask.run(ScheduledThreadPoolExecutor.java:293)
	at java.util.concurrent.ThreadPoolExecutor.runWorker(ThreadPoolExecutor.java:1149)
	at java.util.concurrent.ThreadPoolExecutor$Worker.run(ThreadPoolExecutor.java:624)
	at java.lang.Thread.run(Thread.java:748)
2019-10-11 04:58:53,291 [RatisPipelineUtilsThread] INFO  pipeline.PipelinePlacementPolicy (PipelinePlacementPolicy.java:meetCriteria(104)) - Pipeline Placement: can't place more pipeline on heavy datanode： 08b98450-8e35-472b-a579-8677a58ff9b2 Heaviness: 3 limit: 3
2019-10-11 04:58:53,291 [RatisPipelineUtilsThread] INFO  pipeline.PipelinePlacementPolicy (PipelinePlacementPolicy.java:meetCriteria(104)) - Pipeline Placement: can't place more pipeline on heavy datanode： b8a80b88-8207-4354-80bd-5836997861aa Heaviness: 3 limit: 3
2019-10-11 04:58:53,291 [RatisPipelineUtilsThread] INFO  pipeline.PipelinePlacementPolicy (PipelinePlacementPolicy.java:meetCriteria(104)) - Pipeline Placement: can't place more pipeline on heavy datanode： fa81099d-148a-45cb-bef5-8c6163d4f5a6 Heaviness: 3 limit: 3
2019-10-11 04:58:53,291 [RatisPipelineUtilsThread] ERROR pipeline.PipelinePlacementPolicy (PipelinePlacementPolicy.java:filterViableNodes(162)) - Unable to find enough nodes that meet the criteria that cannot engage in more than 3 pipelines. Nodes required: 3 Found: 2, healthy nodes count in NodeManager: 5.
2019-10-11 04:58:53,292 [RatisPipelineUtilsThread] ERROR pipeline.SCMPipelineManager (SCMPipelineManager.java:createPipeline(193)) - Pipeline creation failed.
org.apache.hadoop.hdds.scm.exceptions.SCMException: Unable to find enough nodes that meet the criteria that cannot engage in more than 3 pipelines. Nodes required: 3 Found: 2, healthy nodes count in NodeManager: 5.
	at org.apache.hadoop.hdds.scm.pipeline.PipelinePlacementPolicy.filterViableNodes(PipelinePlacementPolicy.java:163)
	at org.apache.hadoop.hdds.scm.pipeline.PipelinePlacementPolicy.chooseDatanodes(PipelinePlacementPolicy.java:186)
	at org.apache.hadoop.hdds.scm.pipeline.RatisPipelineProvider.create(RatisPipelineProvider.java:131)
	at org.apache.hadoop.hdds.scm.pipeline.PipelineFactory.create(PipelineFactory.java:58)
	at org.apache.hadoop.hdds.scm.pipeline.SCMPipelineManager.createPipeline(SCMPipelineManager.java:183)
	at org.apache.hadoop.hdds.scm.pipeline.BackgroundPipelineCreator.createPipelines(BackgroundPipelineCreator.java:100)
	at java.util.concurrent.Executors$RunnableAdapter.call(Executors.java:511)
	at java.util.concurrent.FutureTask.run(FutureTask.java:266)
	at java.util.concurrent.ScheduledThreadPoolExecutor$ScheduledFutureTask.access$201(ScheduledThreadPoolExecutor.java:180)
	at java.util.concurrent.ScheduledThreadPoolExecutor$ScheduledFutureTask.run(ScheduledThreadPoolExecutor.java:293)
	at java.util.concurrent.ThreadPoolExecutor.runWorker(ThreadPoolExecutor.java:1149)
	at java.util.concurrent.ThreadPoolExecutor$Worker.run(ThreadPoolExecutor.java:624)
	at java.lang.Thread.run(Thread.java:748)
2019-10-11 04:58:53,300 [IPC Server handler 9 on 36545] INFO  net.NetworkTopology (NetworkTopologyImpl.java:add(111)) - Added a new node: /default-rack/668e2474-c924-4725-a56b-888caa4fb9c5
2019-10-11 04:58:53,300 [IPC Server handler 9 on 36545] INFO  node.SCMNodeManager (SCMNodeManager.java:register(266)) - Registered Data node : 668e2474-c924-4725-a56b-888caa4fb9c5{ip: 192.168.157.200, host: pr-hdds-1569-qjnzd-3726989565, networkLocation: /default-rack, certSerialId: null}
2019-10-11 04:58:53,308 [grpc-default-executor-5] INFO  impl.RaftServerProxy (RaftServerProxy.java:addNew(89)) - 668e2474-c924-4725-a56b-888caa4fb9c5: addNew group-DED26A249A87:[668e2474-c924-4725-a56b-888caa4fb9c5:192.168.157.200:44135] returns group-DED26A249A87:java.util.concurrent.CompletableFuture@2370ebcc[Not completed]
2019-10-11 04:58:53,309 [pool-433-thread-1] INFO  impl.RaftServerImpl (RaftServerImpl.java:<init>(95)) - 668e2474-c924-4725-a56b-888caa4fb9c5: new RaftServerImpl for group-DED26A249A87:[668e2474-c924-4725-a56b-888caa4fb9c5:192.168.157.200:44135] with ContainerStateMachine:uninitialized
2019-10-11 04:58:53,309 [pool-433-thread-1] INFO  server.RaftServerConfigKeys (ConfUtils.java:logGet(43)) - raft.server.rpc.timeout.min = 5s (custom)
2019-10-11 04:58:53,309 [pool-433-thread-1] INFO  server.RaftServerConfigKeys (ConfUtils.java:logGet(43)) - raft.server.rpc.timeout.max = 5200ms (custom)
2019-10-11 04:58:53,309 [pool-433-thread-1] INFO  server.RaftServerConfigKeys (ConfUtils.java:logGet(43)) - raft.server.rpcslowness.timeout = 120s (custom)
2019-10-11 04:58:53,309 [pool-433-thread-1] INFO  server.RaftServerConfigKeys (ConfUtils.java:logGet(43)) - raft.server.sleep.deviation.threshold = 300 (default)
2019-10-11 04:58:53,309 [pool-433-thread-1] INFO  server.RaftServerConfigKeys (ConfUtils.java:logGet(43)) - raft.server.log.appender.install.snapshot.enabled = false (custom)
2019-10-11 04:58:53,309 [pool-433-thread-1] INFO  impl.RaftServerImpl (ServerState.java:<init>(103)) - 668e2474-c924-4725-a56b-888caa4fb9c5@group-DED26A249A87: ConfigurationManager, init=-1: [668e2474-c924-4725-a56b-888caa4fb9c5:192.168.157.200:44135], old=null, confs=<EMPTY_MAP>
2019-10-11 04:58:53,309 [pool-433-thread-1] INFO  server.RaftServerConfigKeys (ConfUtils.java:logGet(43)) - raft.server.storage.dir = [/workdir/hadoop-ozone/integration-test/target/test-dir/MiniOzoneClusterImpl-e577d82a-0303-4478-9167-bde1b199c1b9/datanode-5/data/ratis] (custom)
2019-10-11 04:58:53,310 [pool-433-thread-1] INFO  storage.RaftStorageDirectory (RaftStorageDirectory.java:analyzeStorage(246)) - The storage directory /workdir/hadoop-ozone/integration-test/target/test-dir/MiniOzoneClusterImpl-e577d82a-0303-4478-9167-bde1b199c1b9/datanode-5/data/ratis/04643309-e113-4993-af74-ded26a249a87 does not exist. Creating ...
2019-10-11 04:58:53,322 [pool-433-thread-1] INFO  storage.RaftStorageDirectory (RaftStorageDirectory.java:tryLock(328)) - Lock on /workdir/hadoop-ozone/integration-test/target/test-dir/MiniOzoneClusterImpl-e577d82a-0303-4478-9167-bde1b199c1b9/datanode-5/data/ratis/04643309-e113-4993-af74-ded26a249a87/in_use.lock acquired by nodename 16587@pr-hdds-1569-qjnzd-3726989565
2019-10-11 04:58:53,335 [pool-433-thread-1] INFO  storage.RaftStorage (RaftStorage.java:format(72)) - Storage directory /workdir/hadoop-ozone/integration-test/target/test-dir/MiniOzoneClusterImpl-e577d82a-0303-4478-9167-bde1b199c1b9/datanode-5/data/ratis/04643309-e113-4993-af74-ded26a249a87 has been successfully formatted.
2019-10-11 04:58:53,335 [pool-433-thread-1] INFO  ratis.ContainerStateMachine (ContainerStateMachine.java:loadSnapshot(230)) - group-DED26A249A87: The snapshot info is null. Setting the last applied indexto:(t:0, i:~)
2019-10-11 04:58:53,335 [pool-433-thread-1] INFO  server.RaftServerConfigKeys (ConfUtils.java:logGet(43)) - raft.server.notification.no-leader.timeout = 120s (custom)
2019-10-11 04:58:53,335 [pool-433-thread-1] INFO  server.RaftServerConfigKeys (ConfUtils.java:logGet(43)) - raft.server.log.use.memory = false (default)
2019-10-11 04:58:53,335 [pool-433-thread-1] INFO  server.RaftServerConfigKeys (ConfUtils.java:logGet(43)) - raft.server.log.purge.gap = 1000000 (custom)
2019-10-11 04:58:53,335 [pool-433-thread-1] INFO  server.RaftServerConfigKeys (ConfUtils.java:logGet(43)) - raft.server.log.appender.buffer.byte-limit = 33554432 (custom)
2019-10-11 04:58:53,335 [pool-433-thread-1] INFO  server.RaftServerConfigKeys (ConfUtils.java:logGet(43)) - raft.server.log.segment.size.max = 1048576 (custom)
2019-10-11 04:58:53,335 [pool-433-thread-1] INFO  server.RaftServerConfigKeys (ConfUtils.java:logGet(43)) - raft.server.log.segment.cache.num.max = 2 (custom)
2019-10-11 04:58:53,335 [pool-433-thread-1] INFO  segmented.SegmentedRaftLogWorker (SegmentedRaftLogWorker.java:<init>(172)) - new 668e2474-c924-4725-a56b-888caa4fb9c5@group-DED26A249A87-SegmentedRaftLogWorker for RaftStorage:Storage Directory /workdir/hadoop-ozone/integration-test/target/test-dir/MiniOzoneClusterImpl-e577d82a-0303-4478-9167-bde1b199c1b9/datanode-5/data/ratis/04643309-e113-4993-af74-ded26a249a87
2019-10-11 04:58:53,336 [pool-433-thread-1] INFO  server.RaftServerConfigKeys (ConfUtils.java:logGet(43)) - raft.server.log.queue.byte-limit = 2147483647 (custom)
2019-10-11 04:58:53,337 [pool-433-thread-1] INFO  server.RaftServerConfigKeys (ConfUtils.java:logGet(43)) - raft.server.log.queue.element-limit = 1024 (custom)
2019-10-11 04:58:53,337 [pool-433-thread-1] INFO  server.RaftServerConfigKeys (ConfUtils.java:logGet(43)) - raft.server.log.segment.size.max = 1048576 (custom)
2019-10-11 04:58:53,337 [pool-433-thread-1] INFO  server.RaftServerConfigKeys (ConfUtils.java:logGet(43)) - raft.server.log.preallocated.size = 16384 (custom)
2019-10-11 04:58:53,337 [pool-433-thread-1] INFO  server.RaftServerConfigKeys (ConfUtils.java:logGet(43)) - raft.server.log.write.buffer.size = 33554432 (custom)
2019-10-11 04:58:53,337 [pool-433-thread-1] INFO  server.RaftServerConfigKeys (ConfUtils.java:logGet(43)) - raft.server.log.force.sync.num = 128 (default)
2019-10-11 04:58:53,337 [pool-433-thread-1] INFO  server.RaftServerConfigKeys (ConfUtils.java:logGet(43)) - raft.server.log.statemachine.data.sync = true (default)
2019-10-11 04:58:53,337 [pool-433-thread-1] INFO  server.RaftServerConfigKeys (ConfUtils.java:logGet(43)) - raft.server.log.statemachine.data.sync.timeout = 10s (default)
2019-10-11 04:58:53,337 [pool-433-thread-1] INFO  server.RaftServerConfigKeys (ConfUtils.java:logGet(43)) - raft.server.log.statemachine.data.sync.timeout.retry = -1 (default)
2019-10-11 04:58:53,337 [pool-433-thread-1] INFO  server.RaftServerConfigKeys (ConfUtils.java:logGet(43)) - raft.server.log.statemachine.data.caching.enabled = true (custom)
2019-10-11 04:58:53,338 [pool-433-thread-1] INFO  segmented.SegmentedRaftLogWorker (SegmentedRaftLogWorker.java:lambda$new$0(132)) - 668e2474-c924-4725-a56b-888caa4fb9c5@group-DED26A249A87-SegmentedRaftLogWorker: flushIndex: setUnconditionally 0 -> -1
2019-10-11 04:58:53,338 [pool-433-thread-1] INFO  server.RaftServerConfigKeys (ConfUtils.java:logGet(43)) - raft.server.snapshot.auto.trigger.enabled = true (custom)
2019-10-11 04:58:53,338 [pool-433-thread-1] INFO  server.RaftServerConfigKeys (ConfUtils.java:logGet(43)) - raft.server.snapshot.auto.trigger.threshold = 10000 (custom)
2019-10-11 04:58:53,338 [pool-433-thread-1] INFO  server.RaftServerConfigKeys (ConfUtils.java:logGet(43)) - raft.server.snapshot.retention.num.files = 5 (custom)
2019-10-11 04:58:53,338 [pool-433-thread-1] INFO  server.RaftServerConfigKeys (ConfUtils.java:logGet(43)) - raft.server.retrycache.expirytime = 600000ms (custom)
2019-10-11 04:58:53,339 [pool-433-thread-1] INFO  impl.RaftServerImpl (RaftServerImpl.java:start(185)) - 668e2474-c924-4725-a56b-888caa4fb9c5@group-DED26A249A87: start as a follower, conf=-1: [668e2474-c924-4725-a56b-888caa4fb9c5:192.168.157.200:44135], old=null
2019-10-11 04:58:53,339 [pool-433-thread-1] INFO  impl.RaftServerImpl (RaftServerImpl.java:setRole(174)) - 668e2474-c924-4725-a56b-888caa4fb9c5@group-DED26A249A87: changes role from      null to FOLLOWER at term 0 for startAsFollower
2019-10-11 04:58:53,339 [pool-433-thread-1] INFO  impl.RoleInfo (RoleInfo.java:updateAndGet(143)) - 668e2474-c924-4725-a56b-888caa4fb9c5: start FollowerState
2019-10-11 04:58:53,340 [pool-433-thread-1] INFO  util.JmxRegister (JmxRegister.java:tryRegister(44)) - Successfully registered JMX Bean with object name Ratis:service=RaftServer,group=group-DED26A249A87,id=668e2474-c924-4725-a56b-888caa4fb9c5
2019-10-11 04:58:53,341 [RatisPipelineUtilsThread] INFO  pipeline.PipelineStateManager (PipelineStateManager.java:addPipeline(56)) - Created pipeline Pipeline[ Id: 04643309-e113-4993-af74-ded26a249a87, Nodes: 668e2474-c924-4725-a56b-888caa4fb9c5{ip: 192.168.157.200, host: pr-hdds-1569-qjnzd-3726989565, networkLocation: /default-rack, certSerialId: null}, Type:RATIS, Factor:ONE, State:OPEN]
2019-10-11 04:58:53,341 [RatisPipelineUtilsThread] ERROR pipeline.SCMPipelineManager (SCMPipelineManager.java:createPipeline(193)) - Pipeline creation failed.
org.apache.hadoop.hdds.scm.exceptions.SCMException: Cannot create pipeline of factor 1 using 0 nodes. Used 6 nodes. Healthy nodes 6
	at org.apache.hadoop.hdds.scm.pipeline.RatisPipelineProvider.pickNodesNeverUsed(RatisPipelineProvider.java:116)
	at org.apache.hadoop.hdds.scm.pipeline.RatisPipelineProvider.create(RatisPipelineProvider.java:128)
	at org.apache.hadoop.hdds.scm.pipeline.PipelineFactory.create(PipelineFactory.java:58)
	at org.apache.hadoop.hdds.scm.pipeline.SCMPipelineManager.createPipeline(SCMPipelineManager.java:183)
	at org.apache.hadoop.hdds.scm.pipeline.BackgroundPipelineCreator.createPipelines(BackgroundPipelineCreator.java:100)
	at java.util.concurrent.Executors$RunnableAdapter.call(Executors.java:511)
	at java.util.concurrent.FutureTask.run(FutureTask.java:266)
	at java.util.concurrent.ScheduledThreadPoolExecutor$ScheduledFutureTask.access$201(ScheduledThreadPoolExecutor.java:180)
	at java.util.concurrent.ScheduledThreadPoolExecutor$ScheduledFutureTask.run(ScheduledThreadPoolExecutor.java:293)
	at java.util.concurrent.ThreadPoolExecutor.runWorker(ThreadPoolExecutor.java:1149)
	at java.util.concurrent.ThreadPoolExecutor$Worker.run(ThreadPoolExecutor.java:624)
	at java.lang.Thread.run(Thread.java:748)
2019-10-11 04:58:53,342 [RatisPipelineUtilsThread] INFO  pipeline.PipelinePlacementPolicy (PipelinePlacementPolicy.java:meetCriteria(104)) - Pipeline Placement: can't place more pipeline on heavy datanode： 08b98450-8e35-472b-a579-8677a58ff9b2 Heaviness: 3 limit: 3
2019-10-11 04:58:53,342 [RatisPipelineUtilsThread] INFO  pipeline.PipelinePlacementPolicy (PipelinePlacementPolicy.java:meetCriteria(104)) - Pipeline Placement: can't place more pipeline on heavy datanode： b8a80b88-8207-4354-80bd-5836997861aa Heaviness: 3 limit: 3
2019-10-11 04:58:53,342 [RatisPipelineUtilsThread] INFO  pipeline.PipelinePlacementPolicy (PipelinePlacementPolicy.java:meetCriteria(104)) - Pipeline Placement: can't place more pipeline on heavy datanode： fa81099d-148a-45cb-bef5-8c6163d4f5a6 Heaviness: 3 limit: 3
2019-10-11 04:58:53,355 [grpc-default-executor-2] INFO  impl.RaftServerProxy (RaftServerProxy.java:addNew(89)) - 668e2474-c924-4725-a56b-888caa4fb9c5: addNew group-1D4F8E5051E3:[a2737f09-9e90-4fa2-b143-201484b1b099:192.168.157.200:40705, ef99c7d8-2980-470c-bb97-d0a56dc986ad:192.168.157.200:40900, 668e2474-c924-4725-a56b-888caa4fb9c5:192.168.157.200:44135] returns group-1D4F8E5051E3:java.util.concurrent.CompletableFuture@64582f25[Not completed]
2019-10-11 04:58:53,356 [grpc-default-executor-8] INFO  impl.RaftServerProxy (RaftServerProxy.java:addNew(89)) - a2737f09-9e90-4fa2-b143-201484b1b099: addNew group-1D4F8E5051E3:[a2737f09-9e90-4fa2-b143-201484b1b099:192.168.157.200:40705, ef99c7d8-2980-470c-bb97-d0a56dc986ad:192.168.157.200:40900, 668e2474-c924-4725-a56b-888caa4fb9c5:192.168.157.200:44135] returns group-1D4F8E5051E3:java.util.concurrent.CompletableFuture@7dd2cc7b[Not completed]
2019-10-11 04:58:53,356 [pool-433-thread-1] INFO  impl.RaftServerImpl (RaftServerImpl.java:<init>(95)) - 668e2474-c924-4725-a56b-888caa4fb9c5: new RaftServerImpl for group-1D4F8E5051E3:[a2737f09-9e90-4fa2-b143-201484b1b099:192.168.157.200:40705, ef99c7d8-2980-470c-bb97-d0a56dc986ad:192.168.157.200:40900, 668e2474-c924-4725-a56b-888caa4fb9c5:192.168.157.200:44135] with ContainerStateMachine:uninitialized
2019-10-11 04:58:53,356 [grpc-default-executor-2] INFO  impl.RaftServerProxy (RaftServerProxy.java:addNew(89)) - ef99c7d8-2980-470c-bb97-d0a56dc986ad: addNew group-1D4F8E5051E3:[a2737f09-9e90-4fa2-b143-201484b1b099:192.168.157.200:40705, ef99c7d8-2980-470c-bb97-d0a56dc986ad:192.168.157.200:40900, 668e2474-c924-4725-a56b-888caa4fb9c5:192.168.157.200:44135] returns group-1D4F8E5051E3:java.util.concurrent.CompletableFuture@19473bfe[Not completed]
2019-10-11 04:58:53,356 [pool-433-thread-1] INFO  server.RaftServerConfigKeys (ConfUtils.java:logGet(43)) - raft.server.rpc.timeout.min = 5s (custom)
2019-10-11 04:58:53,356 [pool-433-thread-1] INFO  server.RaftServerConfigKeys (ConfUtils.java:logGet(43)) - raft.server.rpc.timeout.max = 5200ms (custom)
2019-10-11 04:58:53,356 [pool-433-thread-1] INFO  server.RaftServerConfigKeys (ConfUtils.java:logGet(43)) - raft.server.rpcslowness.timeout = 120s (custom)
2019-10-11 04:58:53,357 [pool-433-thread-1] INFO  server.RaftServerConfigKeys (ConfUtils.java:logGet(43)) - raft.server.sleep.deviation.threshold = 300 (default)
2019-10-11 04:58:53,357 [pool-433-thread-1] INFO  server.RaftServerConfigKeys (ConfUtils.java:logGet(43)) - raft.server.log.appender.install.snapshot.enabled = false (custom)
2019-10-11 04:58:53,357 [pool-433-thread-1] INFO  impl.RaftServerImpl (ServerState.java:<init>(103)) - 668e2474-c924-4725-a56b-888caa4fb9c5@group-1D4F8E5051E3: ConfigurationManager, init=-1: [a2737f09-9e90-4fa2-b143-201484b1b099:192.168.157.200:40705, ef99c7d8-2980-470c-bb97-d0a56dc986ad:192.168.157.200:40900, 668e2474-c924-4725-a56b-888caa4fb9c5:192.168.157.200:44135], old=null, confs=<EMPTY_MAP>
2019-10-11 04:58:53,357 [pool-433-thread-1] INFO  server.RaftServerConfigKeys (ConfUtils.java:logGet(43)) - raft.server.storage.dir = [/workdir/hadoop-ozone/integration-test/target/test-dir/MiniOzoneClusterImpl-e577d82a-0303-4478-9167-bde1b199c1b9/datanode-5/data/ratis] (custom)
2019-10-11 04:58:53,357 [pool-423-thread-1] INFO  impl.RaftServerImpl (RaftServerImpl.java:<init>(95)) - a2737f09-9e90-4fa2-b143-201484b1b099: new RaftServerImpl for group-1D4F8E5051E3:[a2737f09-9e90-4fa2-b143-201484b1b099:192.168.157.200:40705, ef99c7d8-2980-470c-bb97-d0a56dc986ad:192.168.157.200:40900, 668e2474-c924-4725-a56b-888caa4fb9c5:192.168.157.200:44135] with ContainerStateMachine:uninitialized
2019-10-11 04:58:53,357 [pool-433-thread-1] INFO  storage.RaftStorageDirectory (RaftStorageDirectory.java:analyzeStorage(246)) - The storage directory /workdir/hadoop-ozone/integration-test/target/test-dir/MiniOzoneClusterImpl-e577d82a-0303-4478-9167-bde1b199c1b9/datanode-5/data/ratis/f91ad6b4-4ce5-40f3-83ed-1d4f8e5051e3 does not exist. Creating ...
2019-10-11 04:58:53,357 [pool-423-thread-1] INFO  server.RaftServerConfigKeys (ConfUtils.java:logGet(43)) - raft.server.rpc.timeout.min = 5s (custom)
2019-10-11 04:58:53,357 [pool-423-thread-1] INFO  server.RaftServerConfigKeys (ConfUtils.java:logGet(43)) - raft.server.rpc.timeout.max = 5200ms (custom)
2019-10-11 04:58:53,358 [pool-423-thread-1] INFO  server.RaftServerConfigKeys (ConfUtils.java:logGet(43)) - raft.server.rpcslowness.timeout = 120s (custom)
2019-10-11 04:58:53,358 [pool-413-thread-1] INFO  impl.RaftServerImpl (RaftServerImpl.java:<init>(95)) - ef99c7d8-2980-470c-bb97-d0a56dc986ad: new RaftServerImpl for group-1D4F8E5051E3:[a2737f09-9e90-4fa2-b143-201484b1b099:192.168.157.200:40705, ef99c7d8-2980-470c-bb97-d0a56dc986ad:192.168.157.200:40900, 668e2474-c924-4725-a56b-888caa4fb9c5:192.168.157.200:44135] with ContainerStateMachine:uninitialized
2019-10-11 04:58:53,358 [pool-423-thread-1] INFO  server.RaftServerConfigKeys (ConfUtils.java:logGet(43)) - raft.server.sleep.deviation.threshold = 300 (default)
2019-10-11 04:58:53,358 [pool-413-thread-1] INFO  server.RaftServerConfigKeys (ConfUtils.java:logGet(43)) - raft.server.rpc.timeout.min = 5s (custom)
2019-10-11 04:58:53,358 [pool-423-thread-1] INFO  server.RaftServerConfigKeys (ConfUtils.java:logGet(43)) - raft.server.log.appender.install.snapshot.enabled = false (custom)
2019-10-11 04:58:53,358 [pool-413-thread-1] INFO  server.RaftServerConfigKeys (ConfUtils.java:logGet(43)) - raft.server.rpc.timeout.max = 5200ms (custom)
2019-10-11 04:58:53,358 [pool-423-thread-1] INFO  impl.RaftServerImpl (ServerState.java:<init>(103)) - a2737f09-9e90-4fa2-b143-201484b1b099@group-1D4F8E5051E3: ConfigurationManager, init=-1: [a2737f09-9e90-4fa2-b143-201484b1b099:192.168.157.200:40705, ef99c7d8-2980-470c-bb97-d0a56dc986ad:192.168.157.200:40900, 668e2474-c924-4725-a56b-888caa4fb9c5:192.168.157.200:44135], old=null, confs=<EMPTY_MAP>
2019-10-11 04:58:53,358 [pool-413-thread-1] INFO  server.RaftServerConfigKeys (ConfUtils.java:logGet(43)) - raft.server.rpcslowness.timeout = 120s (custom)
2019-10-11 04:58:53,359 [pool-423-thread-1] INFO  server.RaftServerConfigKeys (ConfUtils.java:logGet(43)) - raft.server.storage.dir = [/workdir/hadoop-ozone/integration-test/target/test-dir/MiniOzoneClusterImpl-e577d82a-0303-4478-9167-bde1b199c1b9/datanode-4/data/ratis] (custom)
2019-10-11 04:58:53,359 [pool-413-thread-1] INFO  server.RaftServerConfigKeys (ConfUtils.java:logGet(43)) - raft.server.sleep.deviation.threshold = 300 (default)
2019-10-11 04:58:53,359 [pool-413-thread-1] INFO  server.RaftServerConfigKeys (ConfUtils.java:logGet(43)) - raft.server.log.appender.install.snapshot.enabled = false (custom)
2019-10-11 04:58:53,359 [pool-423-thread-1] INFO  storage.RaftStorageDirectory (RaftStorageDirectory.java:analyzeStorage(246)) - The storage directory /workdir/hadoop-ozone/integration-test/target/test-dir/MiniOzoneClusterImpl-e577d82a-0303-4478-9167-bde1b199c1b9/datanode-4/data/ratis/f91ad6b4-4ce5-40f3-83ed-1d4f8e5051e3 does not exist. Creating ...
2019-10-11 04:58:53,359 [pool-413-thread-1] INFO  impl.RaftServerImpl (ServerState.java:<init>(103)) - ef99c7d8-2980-470c-bb97-d0a56dc986ad@group-1D4F8E5051E3: ConfigurationManager, init=-1: [a2737f09-9e90-4fa2-b143-201484b1b099:192.168.157.200:40705, ef99c7d8-2980-470c-bb97-d0a56dc986ad:192.168.157.200:40900, 668e2474-c924-4725-a56b-888caa4fb9c5:192.168.157.200:44135], old=null, confs=<EMPTY_MAP>
2019-10-11 04:58:53,359 [pool-413-thread-1] INFO  server.RaftServerConfigKeys (ConfUtils.java:logGet(43)) - raft.server.storage.dir = [/workdir/hadoop-ozone/integration-test/target/test-dir/MiniOzoneClusterImpl-e577d82a-0303-4478-9167-bde1b199c1b9/datanode-3/data/ratis] (custom)
2019-10-11 04:58:53,360 [pool-413-thread-1] INFO  storage.RaftStorageDirectory (RaftStorageDirectory.java:analyzeStorage(246)) - The storage directory /workdir/hadoop-ozone/integration-test/target/test-dir/MiniOzoneClusterImpl-e577d82a-0303-4478-9167-bde1b199c1b9/datanode-3/data/ratis/f91ad6b4-4ce5-40f3-83ed-1d4f8e5051e3 does not exist. Creating ...
2019-10-11 04:58:53,370 [pool-423-thread-1] INFO  storage.RaftStorageDirectory (RaftStorageDirectory.java:tryLock(328)) - Lock on /workdir/hadoop-ozone/integration-test/target/test-dir/MiniOzoneClusterImpl-e577d82a-0303-4478-9167-bde1b199c1b9/datanode-4/data/ratis/f91ad6b4-4ce5-40f3-83ed-1d4f8e5051e3/in_use.lock acquired by nodename 16587@pr-hdds-1569-qjnzd-3726989565
2019-10-11 04:58:53,370 [pool-413-thread-1] INFO  storage.RaftStorageDirectory (RaftStorageDirectory.java:tryLock(328)) - Lock on /workdir/hadoop-ozone/integration-test/target/test-dir/MiniOzoneClusterImpl-e577d82a-0303-4478-9167-bde1b199c1b9/datanode-3/data/ratis/f91ad6b4-4ce5-40f3-83ed-1d4f8e5051e3/in_use.lock acquired by nodename 16587@pr-hdds-1569-qjnzd-3726989565
2019-10-11 04:58:53,370 [pool-433-thread-1] INFO  storage.RaftStorageDirectory (RaftStorageDirectory.java:tryLock(328)) - Lock on /workdir/hadoop-ozone/integration-test/target/test-dir/MiniOzoneClusterImpl-e577d82a-0303-4478-9167-bde1b199c1b9/datanode-5/data/ratis/f91ad6b4-4ce5-40f3-83ed-1d4f8e5051e3/in_use.lock acquired by nodename 16587@pr-hdds-1569-qjnzd-3726989565
2019-10-11 04:58:53,384 [pool-423-thread-1] INFO  storage.RaftStorage (RaftStorage.java:format(72)) - Storage directory /workdir/hadoop-ozone/integration-test/target/test-dir/MiniOzoneClusterImpl-e577d82a-0303-4478-9167-bde1b199c1b9/datanode-4/data/ratis/f91ad6b4-4ce5-40f3-83ed-1d4f8e5051e3 has been successfully formatted.
2019-10-11 04:58:53,384 [pool-413-thread-1] INFO  storage.RaftStorage (RaftStorage.java:format(72)) - Storage directory /workdir/hadoop-ozone/integration-test/target/test-dir/MiniOzoneClusterImpl-e577d82a-0303-4478-9167-bde1b199c1b9/datanode-3/data/ratis/f91ad6b4-4ce5-40f3-83ed-1d4f8e5051e3 has been successfully formatted.
2019-10-11 04:58:53,384 [pool-433-thread-1] INFO  storage.RaftStorage (RaftStorage.java:format(72)) - Storage directory /workdir/hadoop-ozone/integration-test/target/test-dir/MiniOzoneClusterImpl-e577d82a-0303-4478-9167-bde1b199c1b9/datanode-5/data/ratis/f91ad6b4-4ce5-40f3-83ed-1d4f8e5051e3 has been successfully formatted.
2019-10-11 04:58:53,385 [pool-423-thread-1] INFO  ratis.ContainerStateMachine (ContainerStateMachine.java:loadSnapshot(230)) - group-1D4F8E5051E3: The snapshot info is null. Setting the last applied indexto:(t:0, i:~)
2019-10-11 04:58:53,385 [pool-433-thread-1] INFO  ratis.ContainerStateMachine (ContainerStateMachine.java:loadSnapshot(230)) - group-1D4F8E5051E3: The snapshot info is null. Setting the last applied indexto:(t:0, i:~)
2019-10-11 04:58:53,385 [pool-413-thread-1] INFO  ratis.ContainerStateMachine (ContainerStateMachine.java:loadSnapshot(230)) - group-1D4F8E5051E3: The snapshot info is null. Setting the last applied indexto:(t:0, i:~)
2019-10-11 04:58:53,385 [pool-433-thread-1] INFO  server.RaftServerConfigKeys (ConfUtils.java:logGet(43)) - raft.server.notification.no-leader.timeout = 120s (custom)
2019-10-11 04:58:53,385 [pool-423-thread-1] INFO  server.RaftServerConfigKeys (ConfUtils.java:logGet(43)) - raft.server.notification.no-leader.timeout = 120s (custom)
2019-10-11 04:58:53,385 [pool-433-thread-1] INFO  server.RaftServerConfigKeys (ConfUtils.java:logGet(43)) - raft.server.log.use.memory = false (default)
2019-10-11 04:58:53,385 [pool-413-thread-1] INFO  server.RaftServerConfigKeys (ConfUtils.java:logGet(43)) - raft.server.notification.no-leader.timeout = 120s (custom)
2019-10-11 04:58:53,386 [pool-433-thread-1] INFO  server.RaftServerConfigKeys (ConfUtils.java:logGet(43)) - raft.server.log.purge.gap = 1000000 (custom)
2019-10-11 04:58:53,386 [pool-423-thread-1] INFO  server.RaftServerConfigKeys (ConfUtils.java:logGet(43)) - raft.server.log.use.memory = false (default)
2019-10-11 04:58:53,386 [pool-433-thread-1] INFO  server.RaftServerConfigKeys (ConfUtils.java:logGet(43)) - raft.server.log.appender.buffer.byte-limit = 33554432 (custom)
2019-10-11 04:58:53,386 [pool-413-thread-1] INFO  server.RaftServerConfigKeys (ConfUtils.java:logGet(43)) - raft.server.log.use.memory = false (default)
2019-10-11 04:58:53,386 [pool-433-thread-1] INFO  server.RaftServerConfigKeys (ConfUtils.java:logGet(43)) - raft.server.log.segment.size.max = 1048576 (custom)
2019-10-11 04:58:53,386 [pool-423-thread-1] INFO  server.RaftServerConfigKeys (ConfUtils.java:logGet(43)) - raft.server.log.purge.gap = 1000000 (custom)
2019-10-11 04:58:53,386 [pool-433-thread-1] INFO  server.RaftServerConfigKeys (ConfUtils.java:logGet(43)) - raft.server.log.segment.cache.num.max = 2 (custom)
2019-10-11 04:58:53,386 [pool-413-thread-1] INFO  server.RaftServerConfigKeys (ConfUtils.java:logGet(43)) - raft.server.log.purge.gap = 1000000 (custom)
2019-10-11 04:58:53,387 [pool-433-thread-1] INFO  segmented.SegmentedRaftLogWorker (SegmentedRaftLogWorker.java:<init>(172)) - new 668e2474-c924-4725-a56b-888caa4fb9c5@group-1D4F8E5051E3-SegmentedRaftLogWorker for RaftStorage:Storage Directory /workdir/hadoop-ozone/integration-test/target/test-dir/MiniOzoneClusterImpl-e577d82a-0303-4478-9167-bde1b199c1b9/datanode-5/data/ratis/f91ad6b4-4ce5-40f3-83ed-1d4f8e5051e3
2019-10-11 04:58:53,387 [pool-423-thread-1] INFO  server.RaftServerConfigKeys (ConfUtils.java:logGet(43)) - raft.server.log.appender.buffer.byte-limit = 33554432 (custom)
2019-10-11 04:58:53,387 [pool-433-thread-1] INFO  server.RaftServerConfigKeys (ConfUtils.java:logGet(43)) - raft.server.log.queue.byte-limit = 2147483647 (custom)
2019-10-11 04:58:53,387 [pool-433-thread-1] INFO  server.RaftServerConfigKeys (ConfUtils.java:logGet(43)) - raft.server.log.queue.element-limit = 1024 (custom)
2019-10-11 04:58:53,387 [pool-413-thread-1] INFO  server.RaftServerConfigKeys (ConfUtils.java:logGet(43)) - raft.server.log.appender.buffer.byte-limit = 33554432 (custom)
2019-10-11 04:58:53,387 [pool-433-thread-1] INFO  server.RaftServerConfigKeys (ConfUtils.java:logGet(43)) - raft.server.log.segment.size.max = 1048576 (custom)
2019-10-11 04:58:53,387 [pool-423-thread-1] INFO  server.RaftServerConfigKeys (ConfUtils.java:logGet(43)) - raft.server.log.segment.size.max = 1048576 (custom)
2019-10-11 04:58:53,388 [pool-433-thread-1] INFO  server.RaftServerConfigKeys (ConfUtils.java:logGet(43)) - raft.server.log.preallocated.size = 16384 (custom)
2019-10-11 04:58:53,388 [pool-413-thread-1] INFO  server.RaftServerConfigKeys (ConfUtils.java:logGet(43)) - raft.server.log.segment.size.max = 1048576 (custom)
2019-10-11 04:58:53,388 [pool-433-thread-1] INFO  server.RaftServerConfigKeys (ConfUtils.java:logGet(43)) - raft.server.log.write.buffer.size = 33554432 (custom)
2019-10-11 04:58:53,388 [pool-423-thread-1] INFO  server.RaftServerConfigKeys (ConfUtils.java:logGet(43)) - raft.server.log.segment.cache.num.max = 2 (custom)
2019-10-11 04:58:53,388 [pool-433-thread-1] INFO  server.RaftServerConfigKeys (ConfUtils.java:logGet(43)) - raft.server.log.force.sync.num = 128 (default)
2019-10-11 04:58:53,388 [pool-413-thread-1] INFO  server.RaftServerConfigKeys (ConfUtils.java:logGet(43)) - raft.server.log.segment.cache.num.max = 2 (custom)
2019-10-11 04:58:53,388 [pool-433-thread-1] INFO  server.RaftServerConfigKeys (ConfUtils.java:logGet(43)) - raft.server.log.statemachine.data.sync = true (default)
2019-10-11 04:58:53,388 [pool-423-thread-1] INFO  segmented.SegmentedRaftLogWorker (SegmentedRaftLogWorker.java:<init>(172)) - new a2737f09-9e90-4fa2-b143-201484b1b099@group-1D4F8E5051E3-SegmentedRaftLogWorker for RaftStorage:Storage Directory /workdir/hadoop-ozone/integration-test/target/test-dir/MiniOzoneClusterImpl-e577d82a-0303-4478-9167-bde1b199c1b9/datanode-4/data/ratis/f91ad6b4-4ce5-40f3-83ed-1d4f8e5051e3
2019-10-11 04:58:53,389 [pool-433-thread-1] INFO  server.RaftServerConfigKeys (ConfUtils.java:logGet(43)) - raft.server.log.statemachine.data.sync.timeout = 10s (default)
2019-10-11 04:58:53,389 [pool-413-thread-1] INFO  segmented.SegmentedRaftLogWorker (SegmentedRaftLogWorker.java:<init>(172)) - new ef99c7d8-2980-470c-bb97-d0a56dc986ad@group-1D4F8E5051E3-SegmentedRaftLogWorker for RaftStorage:Storage Directory /workdir/hadoop-ozone/integration-test/target/test-dir/MiniOzoneClusterImpl-e577d82a-0303-4478-9167-bde1b199c1b9/datanode-3/data/ratis/f91ad6b4-4ce5-40f3-83ed-1d4f8e5051e3
2019-10-11 04:58:53,389 [pool-433-thread-1] INFO  server.RaftServerConfigKeys (ConfUtils.java:logGet(43)) - raft.server.log.statemachine.data.sync.timeout.retry = -1 (default)
2019-10-11 04:58:53,389 [pool-423-thread-1] INFO  server.RaftServerConfigKeys (ConfUtils.java:logGet(43)) - raft.server.log.queue.byte-limit = 2147483647 (custom)
2019-10-11 04:58:53,389 [pool-433-thread-1] INFO  server.RaftServerConfigKeys (ConfUtils.java:logGet(43)) - raft.server.log.statemachine.data.caching.enabled = true (custom)
2019-10-11 04:58:53,389 [pool-413-thread-1] INFO  server.RaftServerConfigKeys (ConfUtils.java:logGet(43)) - raft.server.log.queue.byte-limit = 2147483647 (custom)
2019-10-11 04:58:53,390 [pool-433-thread-1] INFO  segmented.SegmentedRaftLogWorker (SegmentedRaftLogWorker.java:lambda$new$0(132)) - 668e2474-c924-4725-a56b-888caa4fb9c5@group-1D4F8E5051E3-SegmentedRaftLogWorker: flushIndex: setUnconditionally 0 -> -1
2019-10-11 04:58:53,389 [pool-423-thread-1] INFO  server.RaftServerConfigKeys (ConfUtils.java:logGet(43)) - raft.server.log.queue.element-limit = 1024 (custom)
2019-10-11 04:58:53,390 [pool-433-thread-1] INFO  server.RaftServerConfigKeys (ConfUtils.java:logGet(43)) - raft.server.snapshot.auto.trigger.enabled = true (custom)
2019-10-11 04:58:53,390 [pool-413-thread-1] INFO  server.RaftServerConfigKeys (ConfUtils.java:logGet(43)) - raft.server.log.queue.element-limit = 1024 (custom)
2019-10-11 04:58:53,390 [pool-433-thread-1] INFO  server.RaftServerConfigKeys (ConfUtils.java:logGet(43)) - raft.server.snapshot.auto.trigger.threshold = 10000 (custom)
2019-10-11 04:58:53,390 [pool-423-thread-1] INFO  server.RaftServerConfigKeys (ConfUtils.java:logGet(43)) - raft.server.log.segment.size.max = 1048576 (custom)
2019-10-11 04:58:53,390 [pool-433-thread-1] INFO  server.RaftServerConfigKeys (ConfUtils.java:logGet(43)) - raft.server.snapshot.retention.num.files = 5 (custom)
2019-10-11 04:58:53,390 [pool-413-thread-1] INFO  server.RaftServerConfigKeys (ConfUtils.java:logGet(43)) - raft.server.log.segment.size.max = 1048576 (custom)
2019-10-11 04:58:53,391 [pool-433-thread-1] INFO  server.RaftServerConfigKeys (ConfUtils.java:logGet(43)) - raft.server.retrycache.expirytime = 600000ms (custom)
2019-10-11 04:58:53,390 [pool-423-thread-1] INFO  server.RaftServerConfigKeys (ConfUtils.java:logGet(43)) - raft.server.log.preallocated.size = 16384 (custom)
2019-10-11 04:58:53,391 [pool-413-thread-1] INFO  server.RaftServerConfigKeys (ConfUtils.java:logGet(43)) - raft.server.log.preallocated.size = 16384 (custom)
2019-10-11 04:58:53,391 [pool-423-thread-1] INFO  server.RaftServerConfigKeys (ConfUtils.java:logGet(43)) - raft.server.log.write.buffer.size = 33554432 (custom)
2019-10-11 04:58:53,391 [pool-413-thread-1] INFO  server.RaftServerConfigKeys (ConfUtils.java:logGet(43)) - raft.server.log.write.buffer.size = 33554432 (custom)
2019-10-11 04:58:53,391 [pool-423-thread-1] INFO  server.RaftServerConfigKeys (ConfUtils.java:logGet(43)) - raft.server.log.force.sync.num = 128 (default)
2019-10-11 04:58:53,391 [pool-413-thread-1] INFO  server.RaftServerConfigKeys (ConfUtils.java:logGet(43)) - raft.server.log.force.sync.num = 128 (default)
2019-10-11 04:58:53,392 [pool-433-thread-1] INFO  impl.RaftServerImpl (RaftServerImpl.java:start(185)) - 668e2474-c924-4725-a56b-888caa4fb9c5@group-1D4F8E5051E3: start as a follower, conf=-1: [a2737f09-9e90-4fa2-b143-201484b1b099:192.168.157.200:40705, ef99c7d8-2980-470c-bb97-d0a56dc986ad:192.168.157.200:40900, 668e2474-c924-4725-a56b-888caa4fb9c5:192.168.157.200:44135], old=null
2019-10-11 04:58:53,392 [pool-423-thread-1] INFO  server.RaftServerConfigKeys (ConfUtils.java:logGet(43)) - raft.server.log.statemachine.data.sync = true (default)
2019-10-11 04:58:53,392 [pool-433-thread-1] INFO  impl.RaftServerImpl (RaftServerImpl.java:setRole(174)) - 668e2474-c924-4725-a56b-888caa4fb9c5@group-1D4F8E5051E3: changes role from      null to FOLLOWER at term 0 for startAsFollower
2019-10-11 04:58:53,392 [pool-413-thread-1] INFO  server.RaftServerConfigKeys (ConfUtils.java:logGet(43)) - raft.server.log.statemachine.data.sync = true (default)
2019-10-11 04:58:53,392 [pool-433-thread-1] INFO  impl.RoleInfo (RoleInfo.java:updateAndGet(143)) - 668e2474-c924-4725-a56b-888caa4fb9c5: start FollowerState
2019-10-11 04:58:53,392 [pool-423-thread-1] INFO  server.RaftServerConfigKeys (ConfUtils.java:logGet(43)) - raft.server.log.statemachine.data.sync.timeout = 10s (default)
2019-10-11 04:58:53,392 [pool-433-thread-1] INFO  util.JmxRegister (JmxRegister.java:tryRegister(44)) - Successfully registered JMX Bean with object name Ratis:service=RaftServer,group=group-1D4F8E5051E3,id=668e2474-c924-4725-a56b-888caa4fb9c5
2019-10-11 04:58:53,392 [pool-413-thread-1] INFO  server.RaftServerConfigKeys (ConfUtils.java:logGet(43)) - raft.server.log.statemachine.data.sync.timeout = 10s (default)
2019-10-11 04:58:53,393 [pool-423-thread-1] INFO  server.RaftServerConfigKeys (ConfUtils.java:logGet(43)) - raft.server.log.statemachine.data.sync.timeout.retry = -1 (default)
2019-10-11 04:58:53,393 [pool-413-thread-1] INFO  server.RaftServerConfigKeys (ConfUtils.java:logGet(43)) - raft.server.log.statemachine.data.sync.timeout.retry = -1 (default)
2019-10-11 04:58:53,393 [pool-423-thread-1] INFO  server.RaftServerConfigKeys (ConfUtils.java:logGet(43)) - raft.server.log.statemachine.data.caching.enabled = true (custom)
2019-10-11 04:58:53,393 [pool-413-thread-1] INFO  server.RaftServerConfigKeys (ConfUtils.java:logGet(43)) - raft.server.log.statemachine.data.caching.enabled = true (custom)
2019-10-11 04:58:53,393 [pool-423-thread-1] INFO  segmented.SegmentedRaftLogWorker (SegmentedRaftLogWorker.java:lambda$new$0(132)) - a2737f09-9e90-4fa2-b143-201484b1b099@group-1D4F8E5051E3-SegmentedRaftLogWorker: flushIndex: setUnconditionally 0 -> -1
2019-10-11 04:58:53,394 [pool-413-thread-1] INFO  segmented.SegmentedRaftLogWorker (SegmentedRaftLogWorker.java:lambda$new$0(132)) - ef99c7d8-2980-470c-bb97-d0a56dc986ad@group-1D4F8E5051E3-SegmentedRaftLogWorker: flushIndex: setUnconditionally 0 -> -1
2019-10-11 04:58:53,394 [pool-423-thread-1] INFO  server.RaftServerConfigKeys (ConfUtils.java:logGet(43)) - raft.server.snapshot.auto.trigger.enabled = true (custom)
2019-10-11 04:58:53,394 [pool-423-thread-1] INFO  server.RaftServerConfigKeys (ConfUtils.java:logGet(43)) - raft.server.snapshot.auto.trigger.threshold = 10000 (custom)
2019-10-11 04:58:53,394 [pool-413-thread-1] INFO  server.RaftServerConfigKeys (ConfUtils.java:logGet(43)) - raft.server.snapshot.auto.trigger.enabled = true (custom)
2019-10-11 04:58:53,394 [pool-423-thread-1] INFO  server.RaftServerConfigKeys (ConfUtils.java:logGet(43)) - raft.server.snapshot.retention.num.files = 5 (custom)
2019-10-11 04:58:53,394 [pool-413-thread-1] INFO  server.RaftServerConfigKeys (ConfUtils.java:logGet(43)) - raft.server.snapshot.auto.trigger.threshold = 10000 (custom)
2019-10-11 04:58:53,394 [pool-423-thread-1] INFO  server.RaftServerConfigKeys (ConfUtils.java:logGet(43)) - raft.server.retrycache.expirytime = 600000ms (custom)
2019-10-11 04:58:53,395 [pool-413-thread-1] INFO  server.RaftServerConfigKeys (ConfUtils.java:logGet(43)) - raft.server.snapshot.retention.num.files = 5 (custom)
2019-10-11 04:58:53,395 [pool-413-thread-1] INFO  server.RaftServerConfigKeys (ConfUtils.java:logGet(43)) - raft.server.retrycache.expirytime = 600000ms (custom)
2019-10-11 04:58:53,397 [pool-423-thread-1] INFO  impl.RaftServerImpl (RaftServerImpl.java:start(185)) - a2737f09-9e90-4fa2-b143-201484b1b099@group-1D4F8E5051E3: start as a follower, conf=-1: [a2737f09-9e90-4fa2-b143-201484b1b099:192.168.157.200:40705, ef99c7d8-2980-470c-bb97-d0a56dc986ad:192.168.157.200:40900, 668e2474-c924-4725-a56b-888caa4fb9c5:192.168.157.200:44135], old=null
2019-10-11 04:58:53,398 [pool-423-thread-1] INFO  impl.RaftServerImpl (RaftServerImpl.java:setRole(174)) - a2737f09-9e90-4fa2-b143-201484b1b099@group-1D4F8E5051E3: changes role from      null to FOLLOWER at term 0 for startAsFollower
2019-10-11 04:58:53,398 [pool-423-thread-1] INFO  impl.RoleInfo (RoleInfo.java:updateAndGet(143)) - a2737f09-9e90-4fa2-b143-201484b1b099: start FollowerState
2019-10-11 04:58:53,398 [pool-413-thread-1] INFO  impl.RaftServerImpl (RaftServerImpl.java:start(185)) - ef99c7d8-2980-470c-bb97-d0a56dc986ad@group-1D4F8E5051E3: start as a follower, conf=-1: [a2737f09-9e90-4fa2-b143-201484b1b099:192.168.157.200:40705, ef99c7d8-2980-470c-bb97-d0a56dc986ad:192.168.157.200:40900, 668e2474-c924-4725-a56b-888caa4fb9c5:192.168.157.200:44135], old=null
2019-10-11 04:58:53,398 [pool-423-thread-1] INFO  util.JmxRegister (JmxRegister.java:tryRegister(44)) - Successfully registered JMX Bean with object name Ratis:service=RaftServer,group=group-1D4F8E5051E3,id=a2737f09-9e90-4fa2-b143-201484b1b099
2019-10-11 04:58:53,398 [pool-413-thread-1] INFO  impl.RaftServerImpl (RaftServerImpl.java:setRole(174)) - ef99c7d8-2980-470c-bb97-d0a56dc986ad@group-1D4F8E5051E3: changes role from      null to FOLLOWER at term 0 for startAsFollower
2019-10-11 04:58:53,399 [pool-413-thread-1] INFO  impl.RoleInfo (RoleInfo.java:updateAndGet(143)) - ef99c7d8-2980-470c-bb97-d0a56dc986ad: start FollowerState
2019-10-11 04:58:53,399 [pool-413-thread-1] INFO  util.JmxRegister (JmxRegister.java:tryRegister(44)) - Successfully registered JMX Bean with object name Ratis:service=RaftServer,group=group-1D4F8E5051E3,id=ef99c7d8-2980-470c-bb97-d0a56dc986ad
2019-10-11 04:58:53,401 [RatisPipelineUtilsThread] INFO  pipeline.PipelineStateManager (PipelineStateManager.java:addPipeline(56)) - Created pipeline Pipeline[ Id: f91ad6b4-4ce5-40f3-83ed-1d4f8e5051e3, Nodes: ef99c7d8-2980-470c-bb97-d0a56dc986ad{ip: 192.168.157.200, host: pr-hdds-1569-qjnzd-3726989565, networkLocation: /default-rack, certSerialId: null}668e2474-c924-4725-a56b-888caa4fb9c5{ip: 192.168.157.200, host: pr-hdds-1569-qjnzd-3726989565, networkLocation: /default-rack, certSerialId: null}a2737f09-9e90-4fa2-b143-201484b1b099{ip: 192.168.157.200, host: pr-hdds-1569-qjnzd-3726989565, networkLocation: /default-rack, certSerialId: null}, Type:RATIS, Factor:THREE, State:OPEN]
2019-10-11 04:58:53,401 [RatisPipelineUtilsThread] INFO  pipeline.PipelinePlacementPolicy (PipelinePlacementPolicy.java:meetCriteria(104)) - Pipeline Placement: can't place more pipeline on heavy datanode： 08b98450-8e35-472b-a579-8677a58ff9b2 Heaviness: 3 limit: 3
2019-10-11 04:58:53,401 [RatisPipelineUtilsThread] INFO  pipeline.PipelinePlacementPolicy (PipelinePlacementPolicy.java:meetCriteria(104)) - Pipeline Placement: can't place more pipeline on heavy datanode： b8a80b88-8207-4354-80bd-5836997861aa Heaviness: 3 limit: 3
2019-10-11 04:58:53,401 [RatisPipelineUtilsThread] INFO  pipeline.PipelinePlacementPolicy (PipelinePlacementPolicy.java:meetCriteria(104)) - Pipeline Placement: can't place more pipeline on heavy datanode： fa81099d-148a-45cb-bef5-8c6163d4f5a6 Heaviness: 3 limit: 3
2019-10-11 04:58:53,414 [grpc-default-executor-2] INFO  impl.RaftServerProxy (RaftServerProxy.java:addNew(89)) - ef99c7d8-2980-470c-bb97-d0a56dc986ad: addNew group-5CC338151D8D:[a2737f09-9e90-4fa2-b143-201484b1b099:192.168.157.200:40705, ef99c7d8-2980-470c-bb97-d0a56dc986ad:192.168.157.200:40900, 668e2474-c924-4725-a56b-888caa4fb9c5:192.168.157.200:44135] returns group-5CC338151D8D:java.util.concurrent.CompletableFuture@43cf05e4[Not completed]
2019-10-11 04:58:53,415 [grpc-default-executor-2] INFO  impl.RaftServerProxy (RaftServerProxy.java:addNew(89)) - a2737f09-9e90-4fa2-b143-201484b1b099: addNew group-5CC338151D8D:[a2737f09-9e90-4fa2-b143-201484b1b099:192.168.157.200:40705, ef99c7d8-2980-470c-bb97-d0a56dc986ad:192.168.157.200:40900, 668e2474-c924-4725-a56b-888caa4fb9c5:192.168.157.200:44135] returns group-5CC338151D8D:java.util.concurrent.CompletableFuture@66cb2bbf[Not completed]
2019-10-11 04:58:53,415 [grpc-default-executor-8] INFO  impl.RaftServerProxy (RaftServerProxy.java:addNew(89)) - 668e2474-c924-4725-a56b-888caa4fb9c5: addNew group-5CC338151D8D:[a2737f09-9e90-4fa2-b143-201484b1b099:192.168.157.200:40705, ef99c7d8-2980-470c-bb97-d0a56dc986ad:192.168.157.200:40900, 668e2474-c924-4725-a56b-888caa4fb9c5:192.168.157.200:44135] returns group-5CC338151D8D:java.util.concurrent.CompletableFuture@708b107f[Not completed]
2019-10-11 04:58:53,416 [pool-413-thread-1] INFO  impl.RaftServerImpl (RaftServerImpl.java:<init>(95)) - ef99c7d8-2980-470c-bb97-d0a56dc986ad: new RaftServerImpl for group-5CC338151D8D:[a2737f09-9e90-4fa2-b143-201484b1b099:192.168.157.200:40705, ef99c7d8-2980-470c-bb97-d0a56dc986ad:192.168.157.200:40900, 668e2474-c924-4725-a56b-888caa4fb9c5:192.168.157.200:44135] with ContainerStateMachine:uninitialized
2019-10-11 04:58:53,416 [pool-413-thread-1] INFO  server.RaftServerConfigKeys (ConfUtils.java:logGet(43)) - raft.server.rpc.timeout.min = 5s (custom)
2019-10-11 04:58:53,416 [pool-413-thread-1] INFO  server.RaftServerConfigKeys (ConfUtils.java:logGet(43)) - raft.server.rpc.timeout.max = 5200ms (custom)
2019-10-11 04:58:53,416 [pool-413-thread-1] INFO  server.RaftServerConfigKeys (ConfUtils.java:logGet(43)) - raft.server.rpcslowness.timeout = 120s (custom)
2019-10-11 04:58:53,416 [pool-423-thread-1] INFO  impl.RaftServerImpl (RaftServerImpl.java:<init>(95)) - a2737f09-9e90-4fa2-b143-201484b1b099: new RaftServerImpl for group-5CC338151D8D:[a2737f09-9e90-4fa2-b143-201484b1b099:192.168.157.200:40705, ef99c7d8-2980-470c-bb97-d0a56dc986ad:192.168.157.200:40900, 668e2474-c924-4725-a56b-888caa4fb9c5:192.168.157.200:44135] with ContainerStateMachine:uninitialized
2019-10-11 04:58:53,416 [pool-413-thread-1] INFO  server.RaftServerConfigKeys (ConfUtils.java:logGet(43)) - raft.server.sleep.deviation.threshold = 300 (default)
2019-10-11 04:58:53,416 [pool-423-thread-1] INFO  server.RaftServerConfigKeys (ConfUtils.java:logGet(43)) - raft.server.rpc.timeout.min = 5s (custom)
2019-10-11 04:58:53,417 [pool-433-thread-1] INFO  impl.RaftServerImpl (RaftServerImpl.java:<init>(95)) - 668e2474-c924-4725-a56b-888caa4fb9c5: new RaftServerImpl for group-5CC338151D8D:[a2737f09-9e90-4fa2-b143-201484b1b099:192.168.157.200:40705, ef99c7d8-2980-470c-bb97-d0a56dc986ad:192.168.157.200:40900, 668e2474-c924-4725-a56b-888caa4fb9c5:192.168.157.200:44135] with ContainerStateMachine:uninitialized
2019-10-11 04:58:53,417 [pool-413-thread-1] INFO  server.RaftServerConfigKeys (ConfUtils.java:logGet(43)) - raft.server.log.appender.install.snapshot.enabled = false (custom)
2019-10-11 04:58:53,417 [pool-433-thread-1] INFO  server.RaftServerConfigKeys (ConfUtils.java:logGet(43)) - raft.server.rpc.timeout.min = 5s (custom)
2019-10-11 04:58:53,417 [pool-423-thread-1] INFO  server.RaftServerConfigKeys (ConfUtils.java:logGet(43)) - raft.server.rpc.timeout.max = 5200ms (custom)
2019-10-11 04:58:53,417 [pool-433-thread-1] INFO  server.RaftServerConfigKeys (ConfUtils.java:logGet(43)) - raft.server.rpc.timeout.max = 5200ms (custom)
2019-10-11 04:58:53,417 [pool-413-thread-1] INFO  impl.RaftServerImpl (ServerState.java:<init>(103)) - ef99c7d8-2980-470c-bb97-d0a56dc986ad@group-5CC338151D8D: ConfigurationManager, init=-1: [a2737f09-9e90-4fa2-b143-201484b1b099:192.168.157.200:40705, ef99c7d8-2980-470c-bb97-d0a56dc986ad:192.168.157.200:40900, 668e2474-c924-4725-a56b-888caa4fb9c5:192.168.157.200:44135], old=null, confs=<EMPTY_MAP>
2019-10-11 04:58:53,417 [pool-433-thread-1] INFO  server.RaftServerConfigKeys (ConfUtils.java:logGet(43)) - raft.server.rpcslowness.timeout = 120s (custom)
2019-10-11 04:58:53,417 [pool-423-thread-1] INFO  server.RaftServerConfigKeys (ConfUtils.java:logGet(43)) - raft.server.rpcslowness.timeout = 120s (custom)
2019-10-11 04:58:53,417 [pool-433-thread-1] INFO  server.RaftServerConfigKeys (ConfUtils.java:logGet(43)) - raft.server.sleep.deviation.threshold = 300 (default)
2019-10-11 04:58:53,417 [pool-413-thread-1] INFO  server.RaftServerConfigKeys (ConfUtils.java:logGet(43)) - raft.server.storage.dir = [/workdir/hadoop-ozone/integration-test/target/test-dir/MiniOzoneClusterImpl-e577d82a-0303-4478-9167-bde1b199c1b9/datanode-3/data/ratis] (custom)
2019-10-11 04:58:53,418 [pool-433-thread-1] INFO  server.RaftServerConfigKeys (ConfUtils.java:logGet(43)) - raft.server.log.appender.install.snapshot.enabled = false (custom)
2019-10-11 04:58:53,418 [pool-423-thread-1] INFO  server.RaftServerConfigKeys (ConfUtils.java:logGet(43)) - raft.server.sleep.deviation.threshold = 300 (default)
2019-10-11 04:58:53,418 [pool-433-thread-1] INFO  impl.RaftServerImpl (ServerState.java:<init>(103)) - 668e2474-c924-4725-a56b-888caa4fb9c5@group-5CC338151D8D: ConfigurationManager, init=-1: [a2737f09-9e90-4fa2-b143-201484b1b099:192.168.157.200:40705, ef99c7d8-2980-470c-bb97-d0a56dc986ad:192.168.157.200:40900, 668e2474-c924-4725-a56b-888caa4fb9c5:192.168.157.200:44135], old=null, confs=<EMPTY_MAP>
2019-10-11 04:58:53,418 [pool-423-thread-1] INFO  server.RaftServerConfigKeys (ConfUtils.java:logGet(43)) - raft.server.log.appender.install.snapshot.enabled = false (custom)
2019-10-11 04:58:53,418 [pool-413-thread-1] INFO  storage.RaftStorageDirectory (RaftStorageDirectory.java:analyzeStorage(246)) - The storage directory /workdir/hadoop-ozone/integration-test/target/test-dir/MiniOzoneClusterImpl-e577d82a-0303-4478-9167-bde1b199c1b9/datanode-3/data/ratis/572fbc68-5c93-4d3c-ac82-5cc338151d8d does not exist. Creating ...
2019-10-11 04:58:53,418 [pool-433-thread-1] INFO  server.RaftServerConfigKeys (ConfUtils.java:logGet(43)) - raft.server.storage.dir = [/workdir/hadoop-ozone/integration-test/target/test-dir/MiniOzoneClusterImpl-e577d82a-0303-4478-9167-bde1b199c1b9/datanode-5/data/ratis] (custom)
2019-10-11 04:58:53,418 [pool-423-thread-1] INFO  impl.RaftServerImpl (ServerState.java:<init>(103)) - a2737f09-9e90-4fa2-b143-201484b1b099@group-5CC338151D8D: ConfigurationManager, init=-1: [a2737f09-9e90-4fa2-b143-201484b1b099:192.168.157.200:40705, ef99c7d8-2980-470c-bb97-d0a56dc986ad:192.168.157.200:40900, 668e2474-c924-4725-a56b-888caa4fb9c5:192.168.157.200:44135], old=null, confs=<EMPTY_MAP>
2019-10-11 04:58:53,418 [pool-433-thread-1] INFO  storage.RaftStorageDirectory (RaftStorageDirectory.java:analyzeStorage(246)) - The storage directory /workdir/hadoop-ozone/integration-test/target/test-dir/MiniOzoneClusterImpl-e577d82a-0303-4478-9167-bde1b199c1b9/datanode-5/data/ratis/572fbc68-5c93-4d3c-ac82-5cc338151d8d does not exist. Creating ...
2019-10-11 04:58:53,418 [pool-423-thread-1] INFO  server.RaftServerConfigKeys (ConfUtils.java:logGet(43)) - raft.server.storage.dir = [/workdir/hadoop-ozone/integration-test/target/test-dir/MiniOzoneClusterImpl-e577d82a-0303-4478-9167-bde1b199c1b9/datanode-4/data/ratis] (custom)
2019-10-11 04:58:53,419 [pool-423-thread-1] INFO  storage.RaftStorageDirectory (RaftStorageDirectory.java:analyzeStorage(246)) - The storage directory /workdir/hadoop-ozone/integration-test/target/test-dir/MiniOzoneClusterImpl-e577d82a-0303-4478-9167-bde1b199c1b9/datanode-4/data/ratis/572fbc68-5c93-4d3c-ac82-5cc338151d8d does not exist. Creating ...
2019-10-11 04:58:53,421 [IPC Server handler 7 on 36545] INFO  net.NetworkTopology (NetworkTopologyImpl.java:add(111)) - Added a new node: /default-rack/a3bb58b2-ab47-4eb0-8b88-d70121aa1f0b
2019-10-11 04:58:53,421 [IPC Server handler 7 on 36545] INFO  node.SCMNodeManager (SCMNodeManager.java:register(266)) - Registered Data node : a3bb58b2-ab47-4eb0-8b88-d70121aa1f0b{ip: 192.168.157.200, host: pr-hdds-1569-qjnzd-3726989565, networkLocation: /default-rack, certSerialId: null}
2019-10-11 04:58:53,421 [main] INFO  ozone.MiniOzoneClusterImpl (MiniOzoneClusterImpl.java:lambda$waitForClusterToBeReady$0(147)) - Cluster is ready. Got 7 of 7 DN Heartbeats.
2019-10-11 04:58:53,431 [pool-433-thread-1] INFO  storage.RaftStorageDirectory (RaftStorageDirectory.java:tryLock(328)) - Lock on /workdir/hadoop-ozone/integration-test/target/test-dir/MiniOzoneClusterImpl-e577d82a-0303-4478-9167-bde1b199c1b9/datanode-5/data/ratis/572fbc68-5c93-4d3c-ac82-5cc338151d8d/in_use.lock acquired by nodename 16587@pr-hdds-1569-qjnzd-3726989565
2019-10-11 04:58:53,431 [pool-423-thread-1] INFO  storage.RaftStorageDirectory (RaftStorageDirectory.java:tryLock(328)) - Lock on /workdir/hadoop-ozone/integration-test/target/test-dir/MiniOzoneClusterImpl-e577d82a-0303-4478-9167-bde1b199c1b9/datanode-4/data/ratis/572fbc68-5c93-4d3c-ac82-5cc338151d8d/in_use.lock acquired by nodename 16587@pr-hdds-1569-qjnzd-3726989565
2019-10-11 04:58:53,431 [pool-413-thread-1] INFO  storage.RaftStorageDirectory (RaftStorageDirectory.java:tryLock(328)) - Lock on /workdir/hadoop-ozone/integration-test/target/test-dir/MiniOzoneClusterImpl-e577d82a-0303-4478-9167-bde1b199c1b9/datanode-3/data/ratis/572fbc68-5c93-4d3c-ac82-5cc338151d8d/in_use.lock acquired by nodename 16587@pr-hdds-1569-qjnzd-3726989565
2019-10-11 04:58:53,454 [pool-423-thread-1] INFO  storage.RaftStorage (RaftStorage.java:format(72)) - Storage directory /workdir/hadoop-ozone/integration-test/target/test-dir/MiniOzoneClusterImpl-e577d82a-0303-4478-9167-bde1b199c1b9/datanode-4/data/ratis/572fbc68-5c93-4d3c-ac82-5cc338151d8d has been successfully formatted.
2019-10-11 04:58:53,454 [pool-433-thread-1] INFO  storage.RaftStorage (RaftStorage.java:format(72)) - Storage directory /workdir/hadoop-ozone/integration-test/target/test-dir/MiniOzoneClusterImpl-e577d82a-0303-4478-9167-bde1b199c1b9/datanode-5/data/ratis/572fbc68-5c93-4d3c-ac82-5cc338151d8d has been successfully formatted.
2019-10-11 04:58:53,454 [pool-413-thread-1] INFO  storage.RaftStorage (RaftStorage.java:format(72)) - Storage directory /workdir/hadoop-ozone/integration-test/target/test-dir/MiniOzoneClusterImpl-e577d82a-0303-4478-9167-bde1b199c1b9/datanode-3/data/ratis/572fbc68-5c93-4d3c-ac82-5cc338151d8d has been successfully formatted.
2019-10-11 04:58:53,457 [pool-433-thread-1] INFO  ratis.ContainerStateMachine (ContainerStateMachine.java:loadSnapshot(230)) - group-5CC338151D8D: The snapshot info is null. Setting the last applied indexto:(t:0, i:~)
2019-10-11 04:58:53,457 [pool-423-thread-1] INFO  ratis.ContainerStateMachine (ContainerStateMachine.java:loadSnapshot(230)) - group-5CC338151D8D: The snapshot info is null. Setting the last applied indexto:(t:0, i:~)
2019-10-11 04:58:53,458 [pool-433-thread-1] INFO  server.RaftServerConfigKeys (ConfUtils.java:logGet(43)) - raft.server.notification.no-leader.timeout = 120s (custom)
2019-10-11 04:58:53,457 [pool-413-thread-1] INFO  ratis.ContainerStateMachine (ContainerStateMachine.java:loadSnapshot(230)) - group-5CC338151D8D: The snapshot info is null. Setting the last applied indexto:(t:0, i:~)
2019-10-11 04:58:53,458 [pool-433-thread-1] INFO  server.RaftServerConfigKeys (ConfUtils.java:logGet(43)) - raft.server.log.use.memory = false (default)
2019-10-11 04:58:53,458 [pool-423-thread-1] INFO  server.RaftServerConfigKeys (ConfUtils.java:logGet(43)) - raft.server.notification.no-leader.timeout = 120s (custom)
2019-10-11 04:58:53,458 [pool-433-thread-1] INFO  server.RaftServerConfigKeys (ConfUtils.java:logGet(43)) - raft.server.log.purge.gap = 1000000 (custom)
2019-10-11 04:58:53,458 [pool-413-thread-1] INFO  server.RaftServerConfigKeys (ConfUtils.java:logGet(43)) - raft.server.notification.no-leader.timeout = 120s (custom)
2019-10-11 04:58:53,459 [pool-433-thread-1] INFO  server.RaftServerConfigKeys (ConfUtils.java:logGet(43)) - raft.server.log.appender.buffer.byte-limit = 33554432 (custom)
2019-10-11 04:58:53,458 [main] INFO  rpc.RpcClient (RpcClient.java:createVolume(276)) - Creating Volume: watchforcommithandlingtest, with jenkins1000 as owner.
2019-10-11 04:58:53,458 [pool-423-thread-1] INFO  server.RaftServerConfigKeys (ConfUtils.java:logGet(43)) - raft.server.log.use.memory = false (default)
2019-10-11 04:58:53,459 [pool-433-thread-1] INFO  server.RaftServerConfigKeys (ConfUtils.java:logGet(43)) - raft.server.log.segment.size.max = 1048576 (custom)
2019-10-11 04:58:53,459 [pool-433-thread-1] INFO  server.RaftServerConfigKeys (ConfUtils.java:logGet(43)) - raft.server.log.segment.cache.num.max = 2 (custom)
2019-10-11 04:58:53,459 [pool-413-thread-1] INFO  server.RaftServerConfigKeys (ConfUtils.java:logGet(43)) - raft.server.log.use.memory = false (default)
2019-10-11 04:58:53,460 [pool-433-thread-1] INFO  segmented.SegmentedRaftLogWorker (SegmentedRaftLogWorker.java:<init>(172)) - new 668e2474-c924-4725-a56b-888caa4fb9c5@group-5CC338151D8D-SegmentedRaftLogWorker for RaftStorage:Storage Directory /workdir/hadoop-ozone/integration-test/target/test-dir/MiniOzoneClusterImpl-e577d82a-0303-4478-9167-bde1b199c1b9/datanode-5/data/ratis/572fbc68-5c93-4d3c-ac82-5cc338151d8d
2019-10-11 04:58:53,459 [pool-423-thread-1] INFO  server.RaftServerConfigKeys (ConfUtils.java:logGet(43)) - raft.server.log.purge.gap = 1000000 (custom)
2019-10-11 04:58:53,460 [pool-433-thread-1] INFO  server.RaftServerConfigKeys (ConfUtils.java:logGet(43)) - raft.server.log.queue.byte-limit = 2147483647 (custom)
2019-10-11 04:58:53,460 [pool-433-thread-1] INFO  server.RaftServerConfigKeys (ConfUtils.java:logGet(43)) - raft.server.log.queue.element-limit = 1024 (custom)
2019-10-11 04:58:53,460 [pool-413-thread-1] INFO  server.RaftServerConfigKeys (ConfUtils.java:logGet(43)) - raft.server.log.purge.gap = 1000000 (custom)
2019-10-11 04:58:53,460 [pool-433-thread-1] INFO  server.RaftServerConfigKeys (ConfUtils.java:logGet(43)) - raft.server.log.segment.size.max = 1048576 (custom)
2019-10-11 04:58:53,461 [pool-433-thread-1] INFO  server.RaftServerConfigKeys (ConfUtils.java:logGet(43)) - raft.server.log.preallocated.size = 16384 (custom)
2019-10-11 04:58:53,460 [pool-423-thread-1] INFO  server.RaftServerConfigKeys (ConfUtils.java:logGet(43)) - raft.server.log.appender.buffer.byte-limit = 33554432 (custom)
2019-10-11 04:58:53,461 [pool-433-thread-1] INFO  server.RaftServerConfigKeys (ConfUtils.java:logGet(43)) - raft.server.log.write.buffer.size = 33554432 (custom)
2019-10-11 04:58:53,461 [pool-413-thread-1] INFO  server.RaftServerConfigKeys (ConfUtils.java:logGet(43)) - raft.server.log.appender.buffer.byte-limit = 33554432 (custom)
2019-10-11 04:58:53,461 [IPC Server handler 7 on 44378] INFO  volume.OMVolumeCreateRequest (OMVolumeCreateRequest.java:validateAndUpdateCache(189)) - created volume:watchforcommithandlingtest for user:jenkins1000
2019-10-11 04:58:53,461 [pool-433-thread-1] INFO  server.RaftServerConfigKeys (ConfUtils.java:logGet(43)) - raft.server.log.force.sync.num = 128 (default)
2019-10-11 04:58:53,461 [pool-423-thread-1] INFO  server.RaftServerConfigKeys (ConfUtils.java:logGet(43)) - raft.server.log.segment.size.max = 1048576 (custom)
2019-10-11 04:58:53,462 [pool-433-thread-1] INFO  server.RaftServerConfigKeys (ConfUtils.java:logGet(43)) - raft.server.log.statemachine.data.sync = true (default)
2019-10-11 04:58:53,462 [pool-413-thread-1] INFO  server.RaftServerConfigKeys (ConfUtils.java:logGet(43)) - raft.server.log.segment.size.max = 1048576 (custom)
2019-10-11 04:58:53,462 [pool-433-thread-1] INFO  server.RaftServerConfigKeys (ConfUtils.java:logGet(43)) - raft.server.log.statemachine.data.sync.timeout = 10s (default)
2019-10-11 04:58:53,462 [pool-423-thread-1] INFO  server.RaftServerConfigKeys (ConfUtils.java:logGet(43)) - raft.server.log.segment.cache.num.max = 2 (custom)
2019-10-11 04:58:53,463 [pool-433-thread-1] INFO  server.RaftServerConfigKeys (ConfUtils.java:logGet(43)) - raft.server.log.statemachine.data.sync.timeout.retry = -1 (default)
2019-10-11 04:58:53,462 [pool-413-thread-1] INFO  server.RaftServerConfigKeys (ConfUtils.java:logGet(43)) - raft.server.log.segment.cache.num.max = 2 (custom)
2019-10-11 04:58:53,463 [pool-433-thread-1] INFO  server.RaftServerConfigKeys (ConfUtils.java:logGet(43)) - raft.server.log.statemachine.data.caching.enabled = true (custom)
2019-10-11 04:58:53,463 [pool-423-thread-1] INFO  segmented.SegmentedRaftLogWorker (SegmentedRaftLogWorker.java:<init>(172)) - new a2737f09-9e90-4fa2-b143-201484b1b099@group-5CC338151D8D-SegmentedRaftLogWorker for RaftStorage:Storage Directory /workdir/hadoop-ozone/integration-test/target/test-dir/MiniOzoneClusterImpl-e577d82a-0303-4478-9167-bde1b199c1b9/datanode-4/data/ratis/572fbc68-5c93-4d3c-ac82-5cc338151d8d
2019-10-11 04:58:53,463 [pool-433-thread-1] INFO  segmented.SegmentedRaftLogWorker (SegmentedRaftLogWorker.java:lambda$new$0(132)) - 668e2474-c924-4725-a56b-888caa4fb9c5@group-5CC338151D8D-SegmentedRaftLogWorker: flushIndex: setUnconditionally 0 -> -1
2019-10-11 04:58:53,463 [pool-413-thread-1] INFO  segmented.SegmentedRaftLogWorker (SegmentedRaftLogWorker.java:<init>(172)) - new ef99c7d8-2980-470c-bb97-d0a56dc986ad@group-5CC338151D8D-SegmentedRaftLogWorker for RaftStorage:Storage Directory /workdir/hadoop-ozone/integration-test/target/test-dir/MiniOzoneClusterImpl-e577d82a-0303-4478-9167-bde1b199c1b9/datanode-3/data/ratis/572fbc68-5c93-4d3c-ac82-5cc338151d8d
2019-10-11 04:58:53,463 [pool-423-thread-1] INFO  server.RaftServerConfigKeys (ConfUtils.java:logGet(43)) - raft.server.log.queue.byte-limit = 2147483647 (custom)
2019-10-11 04:58:53,464 [pool-433-thread-1] INFO  server.RaftServerConfigKeys (ConfUtils.java:logGet(43)) - raft.server.snapshot.auto.trigger.enabled = true (custom)
2019-10-11 04:58:53,464 [pool-413-thread-1] INFO  server.RaftServerConfigKeys (ConfUtils.java:logGet(43)) - raft.server.log.queue.byte-limit = 2147483647 (custom)
2019-10-11 04:58:53,464 [pool-433-thread-1] INFO  server.RaftServerConfigKeys (ConfUtils.java:logGet(43)) - raft.server.snapshot.auto.trigger.threshold = 10000 (custom)
2019-10-11 04:58:53,464 [pool-423-thread-1] INFO  server.RaftServerConfigKeys (ConfUtils.java:logGet(43)) - raft.server.log.queue.element-limit = 1024 (custom)
2019-10-11 04:58:53,464 [pool-433-thread-1] INFO  server.RaftServerConfigKeys (ConfUtils.java:logGet(43)) - raft.server.snapshot.retention.num.files = 5 (custom)
2019-10-11 04:58:53,464 [pool-413-thread-1] INFO  server.RaftServerConfigKeys (ConfUtils.java:logGet(43)) - raft.server.log.queue.element-limit = 1024 (custom)
2019-10-11 04:58:53,465 [pool-433-thread-1] INFO  server.RaftServerConfigKeys (ConfUtils.java:logGet(43)) - raft.server.retrycache.expirytime = 600000ms (custom)
2019-10-11 04:58:53,464 [pool-423-thread-1] INFO  server.RaftServerConfigKeys (ConfUtils.java:logGet(43)) - raft.server.log.segment.size.max = 1048576 (custom)
2019-10-11 04:58:53,465 [pool-413-thread-1] INFO  server.RaftServerConfigKeys (ConfUtils.java:logGet(43)) - raft.server.log.segment.size.max = 1048576 (custom)
2019-10-11 04:58:53,465 [pool-423-thread-1] INFO  server.RaftServerConfigKeys (ConfUtils.java:logGet(43)) - raft.server.log.preallocated.size = 16384 (custom)
2019-10-11 04:58:53,465 [pool-413-thread-1] INFO  server.RaftServerConfigKeys (ConfUtils.java:logGet(43)) - raft.server.log.preallocated.size = 16384 (custom)
2019-10-11 04:58:53,465 [pool-423-thread-1] INFO  server.RaftServerConfigKeys (ConfUtils.java:logGet(43)) - raft.server.log.write.buffer.size = 33554432 (custom)
2019-10-11 04:58:53,465 [pool-413-thread-1] INFO  server.RaftServerConfigKeys (ConfUtils.java:logGet(43)) - raft.server.log.write.buffer.size = 33554432 (custom)
2019-10-11 04:58:53,466 [pool-423-thread-1] INFO  server.RaftServerConfigKeys (ConfUtils.java:logGet(43)) - raft.server.log.force.sync.num = 128 (default)
2019-10-11 04:58:53,466 [pool-413-thread-1] INFO  server.RaftServerConfigKeys (ConfUtils.java:logGet(43)) - raft.server.log.force.sync.num = 128 (default)
2019-10-11 04:58:53,466 [pool-423-thread-1] INFO  server.RaftServerConfigKeys (ConfUtils.java:logGet(43)) - raft.server.log.statemachine.data.sync = true (default)
2019-10-11 04:58:53,466 [pool-413-thread-1] INFO  server.RaftServerConfigKeys (ConfUtils.java:logGet(43)) - raft.server.log.statemachine.data.sync = true (default)
2019-10-11 04:58:53,466 [pool-423-thread-1] INFO  server.RaftServerConfigKeys (ConfUtils.java:logGet(43)) - raft.server.log.statemachine.data.sync.timeout = 10s (default)
2019-10-11 04:58:53,466 [pool-413-thread-1] INFO  server.RaftServerConfigKeys (ConfUtils.java:logGet(43)) - raft.server.log.statemachine.data.sync.timeout = 10s (default)
2019-10-11 04:58:53,466 [pool-423-thread-1] INFO  server.RaftServerConfigKeys (ConfUtils.java:logGet(43)) - raft.server.log.statemachine.data.sync.timeout.retry = -1 (default)
2019-10-11 04:58:53,467 [pool-433-thread-1] INFO  impl.RaftServerImpl (RaftServerImpl.java:start(185)) - 668e2474-c924-4725-a56b-888caa4fb9c5@group-5CC338151D8D: start as a follower, conf=-1: [a2737f09-9e90-4fa2-b143-201484b1b099:192.168.157.200:40705, ef99c7d8-2980-470c-bb97-d0a56dc986ad:192.168.157.200:40900, 668e2474-c924-4725-a56b-888caa4fb9c5:192.168.157.200:44135], old=null
2019-10-11 04:58:53,466 [pool-413-thread-1] INFO  server.RaftServerConfigKeys (ConfUtils.java:logGet(43)) - raft.server.log.statemachine.data.sync.timeout.retry = -1 (default)
2019-10-11 04:58:53,467 [pool-433-thread-1] INFO  impl.RaftServerImpl (RaftServerImpl.java:setRole(174)) - 668e2474-c924-4725-a56b-888caa4fb9c5@group-5CC338151D8D: changes role from      null to FOLLOWER at term 0 for startAsFollower
2019-10-11 04:58:53,467 [pool-423-thread-1] INFO  server.RaftServerConfigKeys (ConfUtils.java:logGet(43)) - raft.server.log.statemachine.data.caching.enabled = true (custom)
2019-10-11 04:58:53,467 [pool-433-thread-1] INFO  impl.RoleInfo (RoleInfo.java:updateAndGet(143)) - 668e2474-c924-4725-a56b-888caa4fb9c5: start FollowerState
2019-10-11 04:58:53,467 [pool-413-thread-1] INFO  server.RaftServerConfigKeys (ConfUtils.java:logGet(43)) - raft.server.log.statemachine.data.caching.enabled = true (custom)
2019-10-11 04:58:53,467 [pool-423-thread-1] INFO  segmented.SegmentedRaftLogWorker (SegmentedRaftLogWorker.java:lambda$new$0(132)) - a2737f09-9e90-4fa2-b143-201484b1b099@group-5CC338151D8D-SegmentedRaftLogWorker: flushIndex: setUnconditionally 0 -> -1
2019-10-11 04:58:53,467 [pool-413-thread-1] INFO  segmented.SegmentedRaftLogWorker (SegmentedRaftLogWorker.java:lambda$new$0(132)) - ef99c7d8-2980-470c-bb97-d0a56dc986ad@group-5CC338151D8D-SegmentedRaftLogWorker: flushIndex: setUnconditionally 0 -> -1
2019-10-11 04:58:53,467 [pool-433-thread-1] INFO  util.JmxRegister (JmxRegister.java:tryRegister(44)) - Successfully registered JMX Bean with object name Ratis:service=RaftServer,group=group-5CC338151D8D,id=668e2474-c924-4725-a56b-888caa4fb9c5
2019-10-11 04:58:53,468 [pool-423-thread-1] INFO  server.RaftServerConfigKeys (ConfUtils.java:logGet(43)) - raft.server.snapshot.auto.trigger.enabled = true (custom)
2019-10-11 04:58:53,468 [pool-413-thread-1] INFO  server.RaftServerConfigKeys (ConfUtils.java:logGet(43)) - raft.server.snapshot.auto.trigger.enabled = true (custom)
2019-10-11 04:58:53,468 [pool-423-thread-1] INFO  server.RaftServerConfigKeys (ConfUtils.java:logGet(43)) - raft.server.snapshot.auto.trigger.threshold = 10000 (custom)
2019-10-11 04:58:53,468 [pool-413-thread-1] INFO  server.RaftServerConfigKeys (ConfUtils.java:logGet(43)) - raft.server.snapshot.auto.trigger.threshold = 10000 (custom)
2019-10-11 04:58:53,468 [pool-423-thread-1] INFO  server.RaftServerConfigKeys (ConfUtils.java:logGet(43)) - raft.server.snapshot.retention.num.files = 5 (custom)
2019-10-11 04:58:53,468 [pool-413-thread-1] INFO  server.RaftServerConfigKeys (ConfUtils.java:logGet(43)) - raft.server.snapshot.retention.num.files = 5 (custom)
2019-10-11 04:58:53,469 [pool-423-thread-1] INFO  server.RaftServerConfigKeys (ConfUtils.java:logGet(43)) - raft.server.retrycache.expirytime = 600000ms (custom)
2019-10-11 04:58:53,469 [pool-413-thread-1] INFO  server.RaftServerConfigKeys (ConfUtils.java:logGet(43)) - raft.server.retrycache.expirytime = 600000ms (custom)
2019-10-11 04:58:53,477 [pool-423-thread-1] INFO  impl.RaftServerImpl (RaftServerImpl.java:start(185)) - a2737f09-9e90-4fa2-b143-201484b1b099@group-5CC338151D8D: start as a follower, conf=-1: [a2737f09-9e90-4fa2-b143-201484b1b099:192.168.157.200:40705, ef99c7d8-2980-470c-bb97-d0a56dc986ad:192.168.157.200:40900, 668e2474-c924-4725-a56b-888caa4fb9c5:192.168.157.200:44135], old=null
2019-10-11 04:58:53,485 [pool-413-thread-1] INFO  impl.RaftServerImpl (RaftServerImpl.java:start(185)) - ef99c7d8-2980-470c-bb97-d0a56dc986ad@group-5CC338151D8D: start as a follower, conf=-1: [a2737f09-9e90-4fa2-b143-201484b1b099:192.168.157.200:40705, ef99c7d8-2980-470c-bb97-d0a56dc986ad:192.168.157.200:40900, 668e2474-c924-4725-a56b-888caa4fb9c5:192.168.157.200:44135], old=null
2019-10-11 04:58:53,485 [pool-423-thread-1] INFO  impl.RaftServerImpl (RaftServerImpl.java:setRole(174)) - a2737f09-9e90-4fa2-b143-201484b1b099@group-5CC338151D8D: changes role from      null to FOLLOWER at term 0 for startAsFollower
2019-10-11 04:58:53,485 [main] INFO  rpc.RpcClient (RpcClient.java:createBucket(415)) - Creating Bucket: watchforcommithandlingtest/watchforcommithandlingtest, with Versioning false and Storage Type set to DISK and Encryption set to false 
2019-10-11 04:58:53,485 [pool-413-thread-1] INFO  impl.RaftServerImpl (RaftServerImpl.java:setRole(174)) - ef99c7d8-2980-470c-bb97-d0a56dc986ad@group-5CC338151D8D: changes role from      null to FOLLOWER at term 0 for startAsFollower
2019-10-11 04:58:53,485 [pool-423-thread-1] INFO  impl.RoleInfo (RoleInfo.java:updateAndGet(143)) - a2737f09-9e90-4fa2-b143-201484b1b099: start FollowerState
2019-10-11 04:58:53,485 [pool-413-thread-1] INFO  impl.RoleInfo (RoleInfo.java:updateAndGet(143)) - ef99c7d8-2980-470c-bb97-d0a56dc986ad: start FollowerState
2019-10-11 04:58:53,486 [pool-423-thread-1] INFO  util.JmxRegister (JmxRegister.java:tryRegister(44)) - Successfully registered JMX Bean with object name Ratis:service=RaftServer,group=group-5CC338151D8D,id=a2737f09-9e90-4fa2-b143-201484b1b099
2019-10-11 04:58:53,486 [pool-413-thread-1] INFO  util.JmxRegister (JmxRegister.java:tryRegister(44)) - Successfully registered JMX Bean with object name Ratis:service=RaftServer,group=group-5CC338151D8D,id=ef99c7d8-2980-470c-bb97-d0a56dc986ad
2019-10-11 04:58:53,490 [main] INFO  ozone.MiniOzoneClusterImpl (MiniOzoneClusterImpl.java:getStorageContainerLocationClient(234)) - Creating StorageContainerLocationProtocol RPC client with address /0.0.0.0:37968
2019-10-11 04:58:53,491 [RatisPipelineUtilsThread] INFO  pipeline.PipelineStateManager (PipelineStateManager.java:addPipeline(56)) - Created pipeline Pipeline[ Id: 572fbc68-5c93-4d3c-ac82-5cc338151d8d, Nodes: ef99c7d8-2980-470c-bb97-d0a56dc986ad{ip: 192.168.157.200, host: pr-hdds-1569-qjnzd-3726989565, networkLocation: /default-rack, certSerialId: null}668e2474-c924-4725-a56b-888caa4fb9c5{ip: 192.168.157.200, host: pr-hdds-1569-qjnzd-3726989565, networkLocation: /default-rack, certSerialId: null}a2737f09-9e90-4fa2-b143-201484b1b099{ip: 192.168.157.200, host: pr-hdds-1569-qjnzd-3726989565, networkLocation: /default-rack, certSerialId: null}, Type:RATIS, Factor:THREE, State:OPEN]
2019-10-11 04:58:53,491 [RatisPipelineUtilsThread] INFO  pipeline.PipelinePlacementPolicy (PipelinePlacementPolicy.java:meetCriteria(104)) - Pipeline Placement: can't place more pipeline on heavy datanode： 08b98450-8e35-472b-a579-8677a58ff9b2 Heaviness: 3 limit: 3
2019-10-11 04:58:53,491 [RatisPipelineUtilsThread] INFO  pipeline.PipelinePlacementPolicy (PipelinePlacementPolicy.java:meetCriteria(104)) - Pipeline Placement: can't place more pipeline on heavy datanode： 668e2474-c924-4725-a56b-888caa4fb9c5 Heaviness: 3 limit: 3
2019-10-11 04:58:53,491 [RatisPipelineUtilsThread] INFO  pipeline.PipelinePlacementPolicy (PipelinePlacementPolicy.java:meetCriteria(104)) - Pipeline Placement: can't place more pipeline on heavy datanode： a2737f09-9e90-4fa2-b143-201484b1b099 Heaviness: 3 limit: 3
2019-10-11 04:58:53,492 [RatisPipelineUtilsThread] INFO  pipeline.PipelinePlacementPolicy (PipelinePlacementPolicy.java:meetCriteria(104)) - Pipeline Placement: can't place more pipeline on heavy datanode： b8a80b88-8207-4354-80bd-5836997861aa Heaviness: 3 limit: 3
2019-10-11 04:58:53,492 [RatisPipelineUtilsThread] INFO  pipeline.PipelinePlacementPolicy (PipelinePlacementPolicy.java:meetCriteria(104)) - Pipeline Placement: can't place more pipeline on heavy datanode： fa81099d-148a-45cb-bef5-8c6163d4f5a6 Heaviness: 3 limit: 3
2019-10-11 04:58:53,492 [RatisPipelineUtilsThread] INFO  pipeline.PipelinePlacementPolicy (PipelinePlacementPolicy.java:meetCriteria(104)) - Pipeline Placement: can't place more pipeline on heavy datanode： ef99c7d8-2980-470c-bb97-d0a56dc986ad Heaviness: 3 limit: 3
2019-10-11 04:58:53,492 [RatisPipelineUtilsThread] ERROR pipeline.PipelinePlacementPolicy (PipelinePlacementPolicy.java:filterViableNodes(162)) - Unable to find enough nodes that meet the criteria that cannot engage in more than 3 pipelines. Nodes required: 3 Found: 1, healthy nodes count in NodeManager: 7.
2019-10-11 04:58:53,492 [RatisPipelineUtilsThread] ERROR pipeline.SCMPipelineManager (SCMPipelineManager.java:createPipeline(193)) - Pipeline creation failed.
org.apache.hadoop.hdds.scm.exceptions.SCMException: Unable to find enough nodes that meet the criteria that cannot engage in more than 3 pipelines. Nodes required: 3 Found: 1, healthy nodes count in NodeManager: 7.
	at org.apache.hadoop.hdds.scm.pipeline.PipelinePlacementPolicy.filterViableNodes(PipelinePlacementPolicy.java:163)
	at org.apache.hadoop.hdds.scm.pipeline.PipelinePlacementPolicy.chooseDatanodes(PipelinePlacementPolicy.java:186)
	at org.apache.hadoop.hdds.scm.pipeline.RatisPipelineProvider.create(RatisPipelineProvider.java:131)
	at org.apache.hadoop.hdds.scm.pipeline.PipelineFactory.create(PipelineFactory.java:58)
	at org.apache.hadoop.hdds.scm.pipeline.SCMPipelineManager.createPipeline(SCMPipelineManager.java:183)
	at org.apache.hadoop.hdds.scm.pipeline.BackgroundPipelineCreator.createPipelines(BackgroundPipelineCreator.java:100)
	at java.util.concurrent.Executors$RunnableAdapter.call(Executors.java:511)
	at java.util.concurrent.FutureTask.run(FutureTask.java:266)
	at java.util.concurrent.ScheduledThreadPoolExecutor$ScheduledFutureTask.access$201(ScheduledThreadPoolExecutor.java:180)
	at java.util.concurrent.ScheduledThreadPoolExecutor$ScheduledFutureTask.run(ScheduledThreadPoolExecutor.java:293)
	at java.util.concurrent.ThreadPoolExecutor.runWorker(ThreadPoolExecutor.java:1149)
	at java.util.concurrent.ThreadPoolExecutor$Worker.run(ThreadPoolExecutor.java:624)
	at java.lang.Thread.run(Thread.java:748)
2019-10-11 04:58:53,492 [IPC Server handler 6 on 37968] INFO  pipeline.PipelinePlacementPolicy (PipelinePlacementPolicy.java:meetCriteria(104)) - Pipeline Placement: can't place more pipeline on heavy datanode： 08b98450-8e35-472b-a579-8677a58ff9b2 Heaviness: 3 limit: 3
2019-10-11 04:58:53,493 [IPC Server handler 6 on 37968] INFO  pipeline.PipelinePlacementPolicy (PipelinePlacementPolicy.java:meetCriteria(104)) - Pipeline Placement: can't place more pipeline on heavy datanode： 668e2474-c924-4725-a56b-888caa4fb9c5 Heaviness: 3 limit: 3
2019-10-11 04:58:53,493 [IPC Server handler 6 on 37968] INFO  pipeline.PipelinePlacementPolicy (PipelinePlacementPolicy.java:meetCriteria(104)) - Pipeline Placement: can't place more pipeline on heavy datanode： a2737f09-9e90-4fa2-b143-201484b1b099 Heaviness: 3 limit: 3
2019-10-11 04:58:53,493 [IPC Server handler 6 on 37968] INFO  pipeline.PipelinePlacementPolicy (PipelinePlacementPolicy.java:meetCriteria(104)) - Pipeline Placement: can't place more pipeline on heavy datanode： b8a80b88-8207-4354-80bd-5836997861aa Heaviness: 3 limit: 3
2019-10-11 04:58:53,493 [IPC Server handler 6 on 37968] INFO  pipeline.PipelinePlacementPolicy (PipelinePlacementPolicy.java:meetCriteria(104)) - Pipeline Placement: can't place more pipeline on heavy datanode： fa81099d-148a-45cb-bef5-8c6163d4f5a6 Heaviness: 3 limit: 3
2019-10-11 04:58:53,493 [IPC Server handler 6 on 37968] INFO  pipeline.PipelinePlacementPolicy (PipelinePlacementPolicy.java:meetCriteria(104)) - Pipeline Placement: can't place more pipeline on heavy datanode： ef99c7d8-2980-470c-bb97-d0a56dc986ad Heaviness: 3 limit: 3
2019-10-11 04:58:53,493 [IPC Server handler 6 on 37968] ERROR pipeline.PipelinePlacementPolicy (PipelinePlacementPolicy.java:filterViableNodes(162)) - Unable to find enough nodes that meet the criteria that cannot engage in more than 3 pipelines. Nodes required: 3 Found: 1, healthy nodes count in NodeManager: 7.
2019-10-11 04:58:53,494 [IPC Server handler 6 on 37968] ERROR pipeline.SCMPipelineManager (SCMPipelineManager.java:createPipeline(193)) - Pipeline creation failed.
org.apache.hadoop.hdds.scm.exceptions.SCMException: Unable to find enough nodes that meet the criteria that cannot engage in more than 3 pipelines. Nodes required: 3 Found: 1, healthy nodes count in NodeManager: 7.
	at org.apache.hadoop.hdds.scm.pipeline.PipelinePlacementPolicy.filterViableNodes(PipelinePlacementPolicy.java:163)
	at org.apache.hadoop.hdds.scm.pipeline.PipelinePlacementPolicy.chooseDatanodes(PipelinePlacementPolicy.java:186)
	at org.apache.hadoop.hdds.scm.pipeline.RatisPipelineProvider.create(RatisPipelineProvider.java:131)
	at org.apache.hadoop.hdds.scm.pipeline.PipelineFactory.create(PipelineFactory.java:58)
	at org.apache.hadoop.hdds.scm.pipeline.SCMPipelineManager.createPipeline(SCMPipelineManager.java:183)
	at org.apache.hadoop.hdds.scm.container.ContainerStateManager.allocateContainer(ContainerStateManager.java:255)
	at org.apache.hadoop.hdds.scm.container.SCMContainerManager.allocateContainer(SCMContainerManager.java:247)
	at org.apache.hadoop.hdds.scm.server.SCMClientProtocolServer.allocateContainer(SCMClientProtocolServer.java:186)
	at org.apache.hadoop.ozone.protocolPB.StorageContainerLocationProtocolServerSideTranslatorPB.allocateContainer(StorageContainerLocationProtocolServerSideTranslatorPB.java:123)
	at org.apache.hadoop.hdds.protocol.proto.StorageContainerLocationProtocolProtos$StorageContainerLocationProtocolService$2.callBlockingMethod(StorageContainerLocationProtocolProtos.java:21239)
	at org.apache.hadoop.ipc.ProtobufRpcEngine$Server$ProtoBufRpcInvoker.call(ProtobufRpcEngine.java:524)
	at org.apache.hadoop.ipc.RPC$Server.call(RPC.java:1025)
	at org.apache.hadoop.ipc.Server$RpcCall.run(Server.java:876)
	at org.apache.hadoop.ipc.Server$RpcCall.run(Server.java:822)
	at java.security.AccessController.doPrivileged(Native Method)
	at javax.security.auth.Subject.doAs(Subject.java:422)
	at org.apache.hadoop.security.UserGroupInformation.doAs(UserGroupInformation.java:1730)
	at org.apache.hadoop.ipc.Server$Handler.run(Server.java:2682)
2019-10-11 04:58:55,852 [Thread-4582] INFO  container.ReplicationManager (ReplicationManager.java:start(163)) - Starting Replication Monitor Thread.
2019-10-11 04:58:55,859 [ReplicationMonitor] INFO  container.ReplicationManager (ReplicationManager.java:run(226)) - Replication Monitor Thread took 0 milliseconds for processing 1 containers.
2019-10-11 04:58:57,993 [Thread-4584] INFO  impl.FollowerState (FollowerState.java:run(106)) - 08b98450-8e35-472b-a579-8677a58ff9b2:group-037613E2E2C8 changes to CANDIDATE, lastRpcTime:5087, electionTimeout:5087ms
2019-10-11 04:58:57,993 [Thread-4584] INFO  impl.RoleInfo (RoleInfo.java:shutdownFollowerState(121)) - 08b98450-8e35-472b-a579-8677a58ff9b2: shutdown FollowerState
2019-10-11 04:58:57,993 [Thread-4584] INFO  impl.RaftServerImpl (RaftServerImpl.java:setRole(174)) - 08b98450-8e35-472b-a579-8677a58ff9b2@group-037613E2E2C8: changes role from  FOLLOWER to CANDIDATE at term 0 for changeToCandidate
2019-10-11 04:58:57,993 [Thread-4584] INFO  impl.RoleInfo (RoleInfo.java:updateAndGet(143)) - 08b98450-8e35-472b-a579-8677a58ff9b2: start LeaderElection
2019-10-11 04:58:57,999 [Thread-4587] INFO  impl.FollowerState (FollowerState.java:run(106)) - fa81099d-148a-45cb-bef5-8c6163d4f5a6:group-DEC6AAB376B2 changes to CANDIDATE, lastRpcTime:5014, electionTimeout:5014ms
2019-10-11 04:58:57,999 [Thread-4587] INFO  impl.RoleInfo (RoleInfo.java:shutdownFollowerState(121)) - fa81099d-148a-45cb-bef5-8c6163d4f5a6: shutdown FollowerState
2019-10-11 04:58:57,999 [Thread-4587] INFO  impl.RaftServerImpl (RaftServerImpl.java:setRole(174)) - fa81099d-148a-45cb-bef5-8c6163d4f5a6@group-DEC6AAB376B2: changes role from  FOLLOWER to CANDIDATE at term 0 for changeToCandidate
2019-10-11 04:58:57,999 [Thread-4587] INFO  impl.RoleInfo (RoleInfo.java:updateAndGet(143)) - fa81099d-148a-45cb-bef5-8c6163d4f5a6: start LeaderElection
2019-10-11 04:58:58,174 [Thread-4590] INFO  impl.FollowerState (FollowerState.java:run(106)) - b8a80b88-8207-4354-80bd-5836997861aa:group-2039E103E79A changes to CANDIDATE, lastRpcTime:5115, electionTimeout:5115ms
2019-10-11 04:58:58,174 [Thread-4590] INFO  impl.RoleInfo (RoleInfo.java:shutdownFollowerState(121)) - b8a80b88-8207-4354-80bd-5836997861aa: shutdown FollowerState
2019-10-11 04:58:58,175 [Thread-4590] INFO  impl.RaftServerImpl (RaftServerImpl.java:setRole(174)) - b8a80b88-8207-4354-80bd-5836997861aa@group-2039E103E79A: changes role from  FOLLOWER to CANDIDATE at term 0 for changeToCandidate
2019-10-11 04:58:58,175 [Thread-4590] INFO  impl.RoleInfo (RoleInfo.java:updateAndGet(143)) - b8a80b88-8207-4354-80bd-5836997861aa: start LeaderElection
2019-10-11 04:58:58,185 [Thread-4597] INFO  impl.FollowerState (FollowerState.java:run(106)) - fa81099d-148a-45cb-bef5-8c6163d4f5a6:group-F22D5D1969C6 changes to CANDIDATE, lastRpcTime:5070, electionTimeout:5058ms
2019-10-11 04:58:58,185 [Thread-4597] INFO  impl.RoleInfo (RoleInfo.java:shutdownFollowerState(121)) - fa81099d-148a-45cb-bef5-8c6163d4f5a6: shutdown FollowerState
2019-10-11 04:58:58,185 [Thread-4597] INFO  impl.RaftServerImpl (RaftServerImpl.java:setRole(174)) - fa81099d-148a-45cb-bef5-8c6163d4f5a6@group-F22D5D1969C6: changes role from  FOLLOWER to CANDIDATE at term 0 for changeToCandidate
2019-10-11 04:58:58,185 [Thread-4597] INFO  impl.RoleInfo (RoleInfo.java:updateAndGet(143)) - fa81099d-148a-45cb-bef5-8c6163d4f5a6: start LeaderElection
2019-10-11 04:58:58,221 [Thread-4607] INFO  impl.FollowerState (FollowerState.java:run(106)) - 08b98450-8e35-472b-a579-8677a58ff9b2:group-99EB7C4773DB changes to CANDIDATE, lastRpcTime:5030, electionTimeout:5030ms
2019-10-11 04:58:58,221 [Thread-4607] INFO  impl.RoleInfo (RoleInfo.java:shutdownFollowerState(121)) - 08b98450-8e35-472b-a579-8677a58ff9b2: shutdown FollowerState
2019-10-11 04:58:58,221 [Thread-4607] INFO  impl.RaftServerImpl (RaftServerImpl.java:setRole(174)) - 08b98450-8e35-472b-a579-8677a58ff9b2@group-99EB7C4773DB: changes role from  FOLLOWER to CANDIDATE at term 0 for changeToCandidate
2019-10-11 04:58:58,221 [Thread-4607] INFO  impl.RoleInfo (RoleInfo.java:updateAndGet(143)) - 08b98450-8e35-472b-a579-8677a58ff9b2: start LeaderElection
2019-10-11 04:58:58,232 [Thread-4599] INFO  impl.FollowerState (FollowerState.java:run(106)) - 08b98450-8e35-472b-a579-8677a58ff9b2:group-F22D5D1969C6 changes to CANDIDATE, lastRpcTime:5104, electionTimeout:5104ms
2019-10-11 04:58:58,233 [Thread-4599] INFO  impl.RoleInfo (RoleInfo.java:shutdownFollowerState(121)) - 08b98450-8e35-472b-a579-8677a58ff9b2: shutdown FollowerState
2019-10-11 04:58:58,233 [Thread-4599] INFO  impl.RaftServerImpl (RaftServerImpl.java:setRole(174)) - 08b98450-8e35-472b-a579-8677a58ff9b2@group-F22D5D1969C6: changes role from  FOLLOWER to CANDIDATE at term 0 for changeToCandidate
2019-10-11 04:58:58,233 [Thread-4599] INFO  impl.RoleInfo (RoleInfo.java:updateAndGet(143)) - 08b98450-8e35-472b-a579-8677a58ff9b2: start LeaderElection
2019-10-11 04:58:58,239 [Thread-4608] INFO  impl.FollowerState (FollowerState.java:run(106)) - fa81099d-148a-45cb-bef5-8c6163d4f5a6:group-99EB7C4773DB changes to CANDIDATE, lastRpcTime:5048, electionTimeout:5048ms
2019-10-11 04:58:58,240 [Thread-4608] INFO  impl.RoleInfo (RoleInfo.java:shutdownFollowerState(121)) - fa81099d-148a-45cb-bef5-8c6163d4f5a6: shutdown FollowerState
2019-10-11 04:58:58,240 [Thread-4608] INFO  impl.RaftServerImpl (RaftServerImpl.java:setRole(174)) - fa81099d-148a-45cb-bef5-8c6163d4f5a6@group-99EB7C4773DB: changes role from  FOLLOWER to CANDIDATE at term 0 for changeToCandidate
2019-10-11 04:58:58,240 [Thread-4608] INFO  impl.RoleInfo (RoleInfo.java:updateAndGet(143)) - fa81099d-148a-45cb-bef5-8c6163d4f5a6: start LeaderElection
2019-10-11 04:58:58,240 [Thread-4593] INFO  impl.FollowerState (FollowerState.java:run(106)) - b8a80b88-8207-4354-80bd-5836997861aa:group-F22D5D1969C6 changes to CANDIDATE, lastRpcTime:5127, electionTimeout:5127ms
2019-10-11 04:58:58,240 [Thread-4593] INFO  impl.RoleInfo (RoleInfo.java:shutdownFollowerState(121)) - b8a80b88-8207-4354-80bd-5836997861aa: shutdown FollowerState
2019-10-11 04:58:58,245 [Thread-4593] INFO  impl.RaftServerImpl (RaftServerImpl.java:setRole(174)) - b8a80b88-8207-4354-80bd-5836997861aa@group-F22D5D1969C6: changes role from  FOLLOWER to CANDIDATE at term 0 for changeToCandidate
2019-10-11 04:58:58,246 [Thread-4593] INFO  impl.RoleInfo (RoleInfo.java:updateAndGet(143)) - b8a80b88-8207-4354-80bd-5836997861aa: start LeaderElection
2019-10-11 04:58:58,352 [Thread-4621] INFO  impl.FollowerState (FollowerState.java:run(106)) - 668e2474-c924-4725-a56b-888caa4fb9c5:group-DED26A249A87 changes to CANDIDATE, lastRpcTime:5012, electionTimeout:5012ms
2019-10-11 04:58:58,352 [Thread-4621] INFO  impl.RoleInfo (RoleInfo.java:shutdownFollowerState(121)) - 668e2474-c924-4725-a56b-888caa4fb9c5: shutdown FollowerState
2019-10-11 04:58:58,352 [Thread-4621] INFO  impl.RaftServerImpl (RaftServerImpl.java:setRole(174)) - 668e2474-c924-4725-a56b-888caa4fb9c5@group-DED26A249A87: changes role from  FOLLOWER to CANDIDATE at term 0 for changeToCandidate
2019-10-11 04:58:58,352 [Thread-4621] INFO  impl.RoleInfo (RoleInfo.java:updateAndGet(143)) - 668e2474-c924-4725-a56b-888caa4fb9c5: start LeaderElection
2019-10-11 04:58:58,358 [Thread-4618] INFO  impl.FollowerState (FollowerState.java:run(106)) - ef99c7d8-2980-470c-bb97-d0a56dc986ad:group-1B7FF915287B changes to CANDIDATE, lastRpcTime:5069, electionTimeout:5069ms
2019-10-11 04:58:58,358 [Thread-4618] INFO  impl.RoleInfo (RoleInfo.java:shutdownFollowerState(121)) - ef99c7d8-2980-470c-bb97-d0a56dc986ad: shutdown FollowerState
2019-10-11 04:58:58,358 [Thread-4618] INFO  impl.RaftServerImpl (RaftServerImpl.java:setRole(174)) - ef99c7d8-2980-470c-bb97-d0a56dc986ad@group-1B7FF915287B: changes role from  FOLLOWER to CANDIDATE at term 0 for changeToCandidate
2019-10-11 04:58:58,358 [Thread-4618] INFO  impl.RoleInfo (RoleInfo.java:updateAndGet(143)) - ef99c7d8-2980-470c-bb97-d0a56dc986ad: start LeaderElection
2019-10-11 04:58:58,372 [Thread-4602] INFO  impl.FollowerState (FollowerState.java:run(106)) - b8a80b88-8207-4354-80bd-5836997861aa:group-99EB7C4773DB changes to CANDIDATE, lastRpcTime:5186, electionTimeout:5186ms
2019-10-11 04:58:58,372 [Thread-4602] INFO  impl.RoleInfo (RoleInfo.java:shutdownFollowerState(121)) - b8a80b88-8207-4354-80bd-5836997861aa: shutdown FollowerState
2019-10-11 04:58:58,372 [Thread-4602] INFO  impl.RaftServerImpl (RaftServerImpl.java:setRole(174)) - b8a80b88-8207-4354-80bd-5836997861aa@group-99EB7C4773DB: changes role from  FOLLOWER to CANDIDATE at term 0 for changeToCandidate
2019-10-11 04:58:58,372 [Thread-4602] INFO  impl.RoleInfo (RoleInfo.java:updateAndGet(143)) - b8a80b88-8207-4354-80bd-5836997861aa: start LeaderElection
2019-10-11 04:58:58,387 [Thread-4615] INFO  impl.FollowerState (FollowerState.java:run(106)) - a2737f09-9e90-4fa2-b143-201484b1b099:group-FC7B164420BD changes to CANDIDATE, lastRpcTime:5140, electionTimeout:5140ms
2019-10-11 04:58:58,387 [Thread-4615] INFO  impl.RoleInfo (RoleInfo.java:shutdownFollowerState(121)) - a2737f09-9e90-4fa2-b143-201484b1b099: shutdown FollowerState
2019-10-11 04:58:58,387 [Thread-4615] INFO  impl.RaftServerImpl (RaftServerImpl.java:setRole(174)) - a2737f09-9e90-4fa2-b143-201484b1b099@group-FC7B164420BD: changes role from  FOLLOWER to CANDIDATE at term 0 for changeToCandidate
2019-10-11 04:58:58,387 [Thread-4615] INFO  impl.RoleInfo (RoleInfo.java:updateAndGet(143)) - a2737f09-9e90-4fa2-b143-201484b1b099: start LeaderElection
2019-10-11 04:58:58,454 [08b98450-8e35-472b-a579-8677a58ff9b2@group-037613E2E2C8:LeaderElection96] INFO  impl.LeaderElection (LeaderElection.java:askForVotes(182)) - 08b98450-8e35-472b-a579-8677a58ff9b2@group-037613E2E2C8:LeaderElection96: begin an election at term 1 for -1: [08b98450-8e35-472b-a579-8677a58ff9b2:192.168.157.200:42117], old=null
2019-10-11 04:58:58,454 [fa81099d-148a-45cb-bef5-8c6163d4f5a6@group-DEC6AAB376B2:LeaderElection97] INFO  impl.LeaderElection (LeaderElection.java:askForVotes(182)) - fa81099d-148a-45cb-bef5-8c6163d4f5a6@group-DEC6AAB376B2:LeaderElection97: begin an election at term 1 for -1: [fa81099d-148a-45cb-bef5-8c6163d4f5a6:192.168.157.200:46533], old=null
2019-10-11 04:58:58,454 [08b98450-8e35-472b-a579-8677a58ff9b2@group-037613E2E2C8:LeaderElection96] INFO  impl.RoleInfo (RoleInfo.java:shutdownLeaderElection(134)) - 08b98450-8e35-472b-a579-8677a58ff9b2: shutdown LeaderElection
2019-10-11 04:58:58,454 [fa81099d-148a-45cb-bef5-8c6163d4f5a6@group-DEC6AAB376B2:LeaderElection97] INFO  impl.RoleInfo (RoleInfo.java:shutdownLeaderElection(134)) - fa81099d-148a-45cb-bef5-8c6163d4f5a6: shutdown LeaderElection
2019-10-11 04:58:58,454 [08b98450-8e35-472b-a579-8677a58ff9b2@group-037613E2E2C8:LeaderElection96] INFO  impl.RaftServerImpl (RaftServerImpl.java:setRole(174)) - 08b98450-8e35-472b-a579-8677a58ff9b2@group-037613E2E2C8: changes role from CANDIDATE to LEADER at term 1 for changeToLeader
2019-10-11 04:58:58,454 [fa81099d-148a-45cb-bef5-8c6163d4f5a6@group-DEC6AAB376B2:LeaderElection97] INFO  impl.RaftServerImpl (RaftServerImpl.java:setRole(174)) - fa81099d-148a-45cb-bef5-8c6163d4f5a6@group-DEC6AAB376B2: changes role from CANDIDATE to LEADER at term 1 for changeToLeader
2019-10-11 04:58:58,455 [08b98450-8e35-472b-a579-8677a58ff9b2@group-037613E2E2C8:LeaderElection96] INFO  impl.RaftServerImpl (ServerState.java:setLeader(253)) - 08b98450-8e35-472b-a579-8677a58ff9b2@group-037613E2E2C8: change Leader from null to 08b98450-8e35-472b-a579-8677a58ff9b2 at term 1 for becomeLeader, leader elected after 5557ms
2019-10-11 04:58:58,455 [fa81099d-148a-45cb-bef5-8c6163d4f5a6@group-DEC6AAB376B2:LeaderElection97] INFO  impl.RaftServerImpl (ServerState.java:setLeader(253)) - fa81099d-148a-45cb-bef5-8c6163d4f5a6@group-DEC6AAB376B2: change Leader from null to fa81099d-148a-45cb-bef5-8c6163d4f5a6 at term 1 for becomeLeader, leader elected after 5477ms
2019-10-11 04:58:58,455 [08b98450-8e35-472b-a579-8677a58ff9b2@group-037613E2E2C8:LeaderElection96] INFO  server.RaftServerConfigKeys (ConfUtils.java:logGet(43)) - raft.server.staging.catchup.gap = 1000 (default)
2019-10-11 04:58:58,455 [fa81099d-148a-45cb-bef5-8c6163d4f5a6@group-DEC6AAB376B2:LeaderElection97] INFO  server.RaftServerConfigKeys (ConfUtils.java:logGet(43)) - raft.server.staging.catchup.gap = 1000 (default)
2019-10-11 04:58:58,455 [08b98450-8e35-472b-a579-8677a58ff9b2@group-037613E2E2C8:LeaderElection96] INFO  server.RaftServerConfigKeys (ConfUtils.java:logGet(43)) - raft.server.rpc.sleep.time = 25ms (default)
2019-10-11 04:58:58,455 [fa81099d-148a-45cb-bef5-8c6163d4f5a6@group-DEC6AAB376B2:LeaderElection97] INFO  server.RaftServerConfigKeys (ConfUtils.java:logGet(43)) - raft.server.rpc.sleep.time = 25ms (default)
2019-10-11 04:58:58,455 [08b98450-8e35-472b-a579-8677a58ff9b2@group-037613E2E2C8:LeaderElection96] INFO  server.RaftServerConfigKeys (ConfUtils.java:logGet(43)) - raft.server.write.element-limit = 4096 (default)
2019-10-11 04:58:58,455 [fa81099d-148a-45cb-bef5-8c6163d4f5a6@group-DEC6AAB376B2:LeaderElection97] INFO  server.RaftServerConfigKeys (ConfUtils.java:logGet(43)) - raft.server.write.element-limit = 4096 (default)
2019-10-11 04:58:58,455 [08b98450-8e35-472b-a579-8677a58ff9b2@group-037613E2E2C8:LeaderElection96] INFO  server.RaftServerConfigKeys (ConfUtils.java:logGet(43)) - raft.server.watch.timeout = 10s (default)
2019-10-11 04:58:58,456 [fa81099d-148a-45cb-bef5-8c6163d4f5a6@group-DEC6AAB376B2:LeaderElection97] INFO  server.RaftServerConfigKeys (ConfUtils.java:logGet(43)) - raft.server.watch.timeout = 10s (default)
2019-10-11 04:58:58,456 [08b98450-8e35-472b-a579-8677a58ff9b2@group-037613E2E2C8:LeaderElection96] INFO  server.RaftServerConfigKeys (ConfUtils.java:logGet(43)) - raft.server.watch.timeout.denomination = 1s (default)
2019-10-11 04:58:58,456 [fa81099d-148a-45cb-bef5-8c6163d4f5a6@group-DEC6AAB376B2:LeaderElection97] INFO  server.RaftServerConfigKeys (ConfUtils.java:logGet(43)) - raft.server.watch.timeout.denomination = 1s (default)
2019-10-11 04:58:58,456 [08b98450-8e35-472b-a579-8677a58ff9b2@group-037613E2E2C8:LeaderElection96] INFO  server.RaftServerConfigKeys (ConfUtils.java:logGet(43)) - raft.server.watch.element-limit = 65536 (default)
2019-10-11 04:58:58,456 [fa81099d-148a-45cb-bef5-8c6163d4f5a6@group-DEC6AAB376B2:LeaderElection97] INFO  server.RaftServerConfigKeys (ConfUtils.java:logGet(43)) - raft.server.watch.element-limit = 65536 (default)
2019-10-11 04:58:58,458 [08b98450-8e35-472b-a579-8677a58ff9b2@group-037613E2E2C8:LeaderElection96] INFO  impl.RoleInfo (RoleInfo.java:updateAndGet(143)) - 08b98450-8e35-472b-a579-8677a58ff9b2: start LeaderState
2019-10-11 04:58:58,459 [fa81099d-148a-45cb-bef5-8c6163d4f5a6@group-DEC6AAB376B2:LeaderElection97] INFO  impl.RoleInfo (RoleInfo.java:updateAndGet(143)) - fa81099d-148a-45cb-bef5-8c6163d4f5a6: start LeaderState
2019-10-11 04:58:58,459 [08b98450-8e35-472b-a579-8677a58ff9b2@group-037613E2E2C8:LeaderElection96] INFO  segmented.SegmentedRaftLogWorker (SegmentedRaftLogWorker.java:startLogSegment(380)) - 08b98450-8e35-472b-a579-8677a58ff9b2@group-037613E2E2C8-SegmentedRaftLogWorker: Starting segment from index:0
2019-10-11 04:58:58,459 [fa81099d-148a-45cb-bef5-8c6163d4f5a6@group-DEC6AAB376B2:LeaderElection97] INFO  segmented.SegmentedRaftLogWorker (SegmentedRaftLogWorker.java:startLogSegment(380)) - fa81099d-148a-45cb-bef5-8c6163d4f5a6@group-DEC6AAB376B2-SegmentedRaftLogWorker: Starting segment from index:0
2019-10-11 04:58:58,459 [08b98450-8e35-472b-a579-8677a58ff9b2@group-037613E2E2C8:LeaderElection96] INFO  impl.RaftServerImpl (ServerState.java:setRaftConf(354)) - 08b98450-8e35-472b-a579-8677a58ff9b2@group-037613E2E2C8: set configuration 0: [08b98450-8e35-472b-a579-8677a58ff9b2:192.168.157.200:42117], old=null at 0
2019-10-11 04:58:58,459 [fa81099d-148a-45cb-bef5-8c6163d4f5a6@group-DEC6AAB376B2:LeaderElection97] INFO  impl.RaftServerImpl (ServerState.java:setRaftConf(354)) - fa81099d-148a-45cb-bef5-8c6163d4f5a6@group-DEC6AAB376B2: set configuration 0: [fa81099d-148a-45cb-bef5-8c6163d4f5a6:192.168.157.200:46533], old=null at 0
2019-10-11 04:58:58,467 [b8a80b88-8207-4354-80bd-5836997861aa@group-2039E103E79A:LeaderElection98] INFO  impl.LeaderElection (LeaderElection.java:askForVotes(182)) - b8a80b88-8207-4354-80bd-5836997861aa@group-2039E103E79A:LeaderElection98: begin an election at term 1 for -1: [b8a80b88-8207-4354-80bd-5836997861aa:192.168.157.200:36671], old=null
2019-10-11 04:58:58,467 [b8a80b88-8207-4354-80bd-5836997861aa@group-F22D5D1969C6:LeaderElection103] INFO  impl.LeaderElection (LeaderElection.java:askForVotes(182)) - b8a80b88-8207-4354-80bd-5836997861aa@group-F22D5D1969C6:LeaderElection103: begin an election at term 1 for -1: [08b98450-8e35-472b-a579-8677a58ff9b2:192.168.157.200:42117, b8a80b88-8207-4354-80bd-5836997861aa:192.168.157.200:36671, fa81099d-148a-45cb-bef5-8c6163d4f5a6:192.168.157.200:46533], old=null
2019-10-11 04:58:58,467 [b8a80b88-8207-4354-80bd-5836997861aa@group-2039E103E79A:LeaderElection98] INFO  impl.RoleInfo (RoleInfo.java:shutdownLeaderElection(134)) - b8a80b88-8207-4354-80bd-5836997861aa: shutdown LeaderElection
2019-10-11 04:58:58,467 [b8a80b88-8207-4354-80bd-5836997861aa@group-99EB7C4773DB:LeaderElection106] INFO  impl.LeaderElection (LeaderElection.java:askForVotes(182)) - b8a80b88-8207-4354-80bd-5836997861aa@group-99EB7C4773DB:LeaderElection106: begin an election at term 1 for -1: [08b98450-8e35-472b-a579-8677a58ff9b2:192.168.157.200:42117, b8a80b88-8207-4354-80bd-5836997861aa:192.168.157.200:36671, fa81099d-148a-45cb-bef5-8c6163d4f5a6:192.168.157.200:46533], old=null
2019-10-11 04:58:58,467 [fa81099d-148a-45cb-bef5-8c6163d4f5a6@group-F22D5D1969C6:LeaderElection99] INFO  impl.LeaderElection (LeaderElection.java:askForVotes(182)) - fa81099d-148a-45cb-bef5-8c6163d4f5a6@group-F22D5D1969C6:LeaderElection99: begin an election at term 1 for -1: [08b98450-8e35-472b-a579-8677a58ff9b2:192.168.157.200:42117, b8a80b88-8207-4354-80bd-5836997861aa:192.168.157.200:36671, fa81099d-148a-45cb-bef5-8c6163d4f5a6:192.168.157.200:46533], old=null
2019-10-11 04:58:58,467 [a2737f09-9e90-4fa2-b143-201484b1b099@group-FC7B164420BD:LeaderElection107] INFO  impl.LeaderElection (LeaderElection.java:askForVotes(182)) - a2737f09-9e90-4fa2-b143-201484b1b099@group-FC7B164420BD:LeaderElection107: begin an election at term 1 for -1: [a2737f09-9e90-4fa2-b143-201484b1b099:192.168.157.200:40705], old=null
2019-10-11 04:58:58,467 [668e2474-c924-4725-a56b-888caa4fb9c5@group-DED26A249A87:LeaderElection104] INFO  impl.LeaderElection (LeaderElection.java:askForVotes(182)) - 668e2474-c924-4725-a56b-888caa4fb9c5@group-DED26A249A87:LeaderElection104: begin an election at term 1 for -1: [668e2474-c924-4725-a56b-888caa4fb9c5:192.168.157.200:44135], old=null
2019-10-11 04:58:58,467 [08b98450-8e35-472b-a579-8677a58ff9b2@group-99EB7C4773DB:LeaderElection100] INFO  impl.LeaderElection (LeaderElection.java:askForVotes(182)) - 08b98450-8e35-472b-a579-8677a58ff9b2@group-99EB7C4773DB:LeaderElection100: begin an election at term 1 for -1: [08b98450-8e35-472b-a579-8677a58ff9b2:192.168.157.200:42117, b8a80b88-8207-4354-80bd-5836997861aa:192.168.157.200:36671, fa81099d-148a-45cb-bef5-8c6163d4f5a6:192.168.157.200:46533], old=null
2019-10-11 04:58:58,467 [ef99c7d8-2980-470c-bb97-d0a56dc986ad@group-1B7FF915287B:LeaderElection105] INFO  impl.LeaderElection (LeaderElection.java:askForVotes(182)) - ef99c7d8-2980-470c-bb97-d0a56dc986ad@group-1B7FF915287B:LeaderElection105: begin an election at term 1 for -1: [ef99c7d8-2980-470c-bb97-d0a56dc986ad:192.168.157.200:40900], old=null
2019-10-11 04:58:58,468 [ef99c7d8-2980-470c-bb97-d0a56dc986ad@group-1B7FF915287B:LeaderElection105] INFO  impl.RoleInfo (RoleInfo.java:shutdownLeaderElection(134)) - ef99c7d8-2980-470c-bb97-d0a56dc986ad: shutdown LeaderElection
2019-10-11 04:58:58,467 [08b98450-8e35-472b-a579-8677a58ff9b2@group-F22D5D1969C6:LeaderElection101] INFO  impl.LeaderElection (LeaderElection.java:askForVotes(182)) - 08b98450-8e35-472b-a579-8677a58ff9b2@group-F22D5D1969C6:LeaderElection101: begin an election at term 1 for -1: [08b98450-8e35-472b-a579-8677a58ff9b2:192.168.157.200:42117, b8a80b88-8207-4354-80bd-5836997861aa:192.168.157.200:36671, fa81099d-148a-45cb-bef5-8c6163d4f5a6:192.168.157.200:46533], old=null
2019-10-11 04:58:58,467 [fa81099d-148a-45cb-bef5-8c6163d4f5a6@group-99EB7C4773DB:LeaderElection102] INFO  impl.LeaderElection (LeaderElection.java:askForVotes(182)) - fa81099d-148a-45cb-bef5-8c6163d4f5a6@group-99EB7C4773DB:LeaderElection102: begin an election at term 1 for -1: [08b98450-8e35-472b-a579-8677a58ff9b2:192.168.157.200:42117, b8a80b88-8207-4354-80bd-5836997861aa:192.168.157.200:36671, fa81099d-148a-45cb-bef5-8c6163d4f5a6:192.168.157.200:46533], old=null
2019-10-11 04:58:58,468 [ef99c7d8-2980-470c-bb97-d0a56dc986ad@group-1B7FF915287B:LeaderElection105] INFO  impl.RaftServerImpl (RaftServerImpl.java:setRole(174)) - ef99c7d8-2980-470c-bb97-d0a56dc986ad@group-1B7FF915287B: changes role from CANDIDATE to LEADER at term 1 for changeToLeader
2019-10-11 04:58:58,468 [668e2474-c924-4725-a56b-888caa4fb9c5@group-DED26A249A87:LeaderElection104] INFO  impl.RoleInfo (RoleInfo.java:shutdownLeaderElection(134)) - 668e2474-c924-4725-a56b-888caa4fb9c5: shutdown LeaderElection
2019-10-11 04:58:58,468 [a2737f09-9e90-4fa2-b143-201484b1b099@group-FC7B164420BD:LeaderElection107] INFO  impl.RoleInfo (RoleInfo.java:shutdownLeaderElection(134)) - a2737f09-9e90-4fa2-b143-201484b1b099: shutdown LeaderElection
2019-10-11 04:58:58,467 [b8a80b88-8207-4354-80bd-5836997861aa@group-2039E103E79A:LeaderElection98] INFO  impl.RaftServerImpl (RaftServerImpl.java:setRole(174)) - b8a80b88-8207-4354-80bd-5836997861aa@group-2039E103E79A: changes role from CANDIDATE to LEADER at term 1 for changeToLeader
2019-10-11 04:58:58,470 [a2737f09-9e90-4fa2-b143-201484b1b099@group-FC7B164420BD:LeaderElection107] INFO  impl.RaftServerImpl (RaftServerImpl.java:setRole(174)) - a2737f09-9e90-4fa2-b143-201484b1b099@group-FC7B164420BD: changes role from CANDIDATE to LEADER at term 1 for changeToLeader
2019-10-11 04:58:58,470 [Thread-4635] INFO  impl.FollowerState (FollowerState.java:run(106)) - 668e2474-c924-4725-a56b-888caa4fb9c5:group-5CC338151D8D changes to CANDIDATE, lastRpcTime:5002, electionTimeout:5002ms
2019-10-11 04:58:58,469 [668e2474-c924-4725-a56b-888caa4fb9c5@group-DED26A249A87:LeaderElection104] INFO  impl.RaftServerImpl (RaftServerImpl.java:setRole(174)) - 668e2474-c924-4725-a56b-888caa4fb9c5@group-DED26A249A87: changes role from CANDIDATE to LEADER at term 1 for changeToLeader
2019-10-11 04:58:58,470 [668e2474-c924-4725-a56b-888caa4fb9c5@group-DED26A249A87:LeaderElection104] INFO  impl.RaftServerImpl (ServerState.java:setLeader(253)) - 668e2474-c924-4725-a56b-888caa4fb9c5@group-DED26A249A87: change Leader from null to 668e2474-c924-4725-a56b-888caa4fb9c5 at term 1 for becomeLeader, leader elected after 5135ms
2019-10-11 04:58:58,469 [ef99c7d8-2980-470c-bb97-d0a56dc986ad@group-1B7FF915287B:LeaderElection105] INFO  impl.RaftServerImpl (ServerState.java:setLeader(253)) - ef99c7d8-2980-470c-bb97-d0a56dc986ad@group-1B7FF915287B: change Leader from null to ef99c7d8-2980-470c-bb97-d0a56dc986ad at term 1 for becomeLeader, leader elected after 5185ms
2019-10-11 04:58:58,470 [668e2474-c924-4725-a56b-888caa4fb9c5@group-DED26A249A87:LeaderElection104] INFO  server.RaftServerConfigKeys (ConfUtils.java:logGet(43)) - raft.server.staging.catchup.gap = 1000 (default)
2019-10-11 04:58:58,470 [Thread-4635] INFO  impl.RoleInfo (RoleInfo.java:shutdownFollowerState(121)) - 668e2474-c924-4725-a56b-888caa4fb9c5: shutdown FollowerState
2019-10-11 04:58:58,470 [a2737f09-9e90-4fa2-b143-201484b1b099@group-FC7B164420BD:LeaderElection107] INFO  impl.RaftServerImpl (ServerState.java:setLeader(253)) - a2737f09-9e90-4fa2-b143-201484b1b099@group-FC7B164420BD: change Leader from null to a2737f09-9e90-4fa2-b143-201484b1b099 at term 1 for becomeLeader, leader elected after 5228ms
2019-10-11 04:58:58,470 [b8a80b88-8207-4354-80bd-5836997861aa@group-2039E103E79A:LeaderElection98] INFO  impl.RaftServerImpl (ServerState.java:setLeader(253)) - b8a80b88-8207-4354-80bd-5836997861aa@group-2039E103E79A: change Leader from null to b8a80b88-8207-4354-80bd-5836997861aa at term 1 for becomeLeader, leader elected after 5418ms
2019-10-11 04:58:58,471 [a2737f09-9e90-4fa2-b143-201484b1b099@group-FC7B164420BD:LeaderElection107] INFO  server.RaftServerConfigKeys (ConfUtils.java:logGet(43)) - raft.server.staging.catchup.gap = 1000 (default)
2019-10-11 04:58:58,471 [Thread-4635] INFO  impl.RaftServerImpl (RaftServerImpl.java:setRole(174)) - 668e2474-c924-4725-a56b-888caa4fb9c5@group-5CC338151D8D: changes role from  FOLLOWER to CANDIDATE at term 0 for changeToCandidate
2019-10-11 04:58:58,470 [668e2474-c924-4725-a56b-888caa4fb9c5@group-DED26A249A87:LeaderElection104] INFO  server.RaftServerConfigKeys (ConfUtils.java:logGet(43)) - raft.server.rpc.sleep.time = 25ms (default)
2019-10-11 04:58:58,470 [ef99c7d8-2980-470c-bb97-d0a56dc986ad@group-1B7FF915287B:LeaderElection105] INFO  server.RaftServerConfigKeys (ConfUtils.java:logGet(43)) - raft.server.staging.catchup.gap = 1000 (default)
2019-10-11 04:58:58,471 [668e2474-c924-4725-a56b-888caa4fb9c5@group-DED26A249A87:LeaderElection104] INFO  server.RaftServerConfigKeys (ConfUtils.java:logGet(43)) - raft.server.write.element-limit = 4096 (default)
2019-10-11 04:58:58,471 [Thread-4635] INFO  impl.RoleInfo (RoleInfo.java:updateAndGet(143)) - 668e2474-c924-4725-a56b-888caa4fb9c5: start LeaderElection
2019-10-11 04:58:58,471 [a2737f09-9e90-4fa2-b143-201484b1b099@group-FC7B164420BD:LeaderElection107] INFO  server.RaftServerConfigKeys (ConfUtils.java:logGet(43)) - raft.server.rpc.sleep.time = 25ms (default)
2019-10-11 04:58:58,471 [b8a80b88-8207-4354-80bd-5836997861aa@group-2039E103E79A:LeaderElection98] INFO  server.RaftServerConfigKeys (ConfUtils.java:logGet(43)) - raft.server.staging.catchup.gap = 1000 (default)
2019-10-11 04:58:58,472 [a2737f09-9e90-4fa2-b143-201484b1b099@group-FC7B164420BD:LeaderElection107] INFO  server.RaftServerConfigKeys (ConfUtils.java:logGet(43)) - raft.server.write.element-limit = 4096 (default)
2019-10-11 04:58:58,472 [668e2474-c924-4725-a56b-888caa4fb9c5@group-DED26A249A87:LeaderElection104] INFO  server.RaftServerConfigKeys (ConfUtils.java:logGet(43)) - raft.server.watch.timeout = 10s (default)
2019-10-11 04:58:58,471 [ef99c7d8-2980-470c-bb97-d0a56dc986ad@group-1B7FF915287B:LeaderElection105] INFO  server.RaftServerConfigKeys (ConfUtils.java:logGet(43)) - raft.server.rpc.sleep.time = 25ms (default)
2019-10-11 04:58:58,501 [668e2474-c924-4725-a56b-888caa4fb9c5@group-DED26A249A87:LeaderElection104] INFO  server.RaftServerConfigKeys (ConfUtils.java:logGet(43)) - raft.server.watch.timeout.denomination = 1s (default)
2019-10-11 04:58:58,501 [a2737f09-9e90-4fa2-b143-201484b1b099@group-FC7B164420BD:LeaderElection107] INFO  server.RaftServerConfigKeys (ConfUtils.java:logGet(43)) - raft.server.watch.timeout = 10s (default)
2019-10-11 04:58:58,500 [Thread-4630] INFO  impl.FollowerState (FollowerState.java:run(106)) - ef99c7d8-2980-470c-bb97-d0a56dc986ad:group-1D4F8E5051E3 changes to CANDIDATE, lastRpcTime:5101, electionTimeout:5087ms
2019-10-11 04:58:58,472 [b8a80b88-8207-4354-80bd-5836997861aa@group-2039E103E79A:LeaderElection98] INFO  server.RaftServerConfigKeys (ConfUtils.java:logGet(43)) - raft.server.rpc.sleep.time = 25ms (default)
2019-10-11 04:58:58,502 [Thread-4630] INFO  impl.RoleInfo (RoleInfo.java:shutdownFollowerState(121)) - ef99c7d8-2980-470c-bb97-d0a56dc986ad: shutdown FollowerState
2019-10-11 04:58:58,501 [a2737f09-9e90-4fa2-b143-201484b1b099@group-FC7B164420BD:LeaderElection107] INFO  server.RaftServerConfigKeys (ConfUtils.java:logGet(43)) - raft.server.watch.timeout.denomination = 1s (default)
2019-10-11 04:58:58,501 [668e2474-c924-4725-a56b-888caa4fb9c5@group-DED26A249A87:LeaderElection104] INFO  server.RaftServerConfigKeys (ConfUtils.java:logGet(43)) - raft.server.watch.element-limit = 65536 (default)
2019-10-11 04:58:58,501 [ef99c7d8-2980-470c-bb97-d0a56dc986ad@group-1B7FF915287B:LeaderElection105] INFO  server.RaftServerConfigKeys (ConfUtils.java:logGet(43)) - raft.server.write.element-limit = 4096 (default)
2019-10-11 04:58:58,502 [a2737f09-9e90-4fa2-b143-201484b1b099@group-FC7B164420BD:LeaderElection107] INFO  server.RaftServerConfigKeys (ConfUtils.java:logGet(43)) - raft.server.watch.element-limit = 65536 (default)
2019-10-11 04:58:58,502 [Thread-4630] INFO  impl.RaftServerImpl (RaftServerImpl.java:setRole(174)) - ef99c7d8-2980-470c-bb97-d0a56dc986ad@group-1D4F8E5051E3: changes role from  FOLLOWER to CANDIDATE at term 0 for changeToCandidate
2019-10-11 04:58:58,502 [b8a80b88-8207-4354-80bd-5836997861aa@group-2039E103E79A:LeaderElection98] INFO  server.RaftServerConfigKeys (ConfUtils.java:logGet(43)) - raft.server.write.element-limit = 4096 (default)
2019-10-11 04:58:58,503 [Thread-4630] INFO  impl.RoleInfo (RoleInfo.java:updateAndGet(143)) - ef99c7d8-2980-470c-bb97-d0a56dc986ad: start LeaderElection
2019-10-11 04:58:58,502 [ef99c7d8-2980-470c-bb97-d0a56dc986ad@group-1B7FF915287B:LeaderElection105] INFO  server.RaftServerConfigKeys (ConfUtils.java:logGet(43)) - raft.server.watch.timeout = 10s (default)
2019-10-11 04:58:58,503 [fa81099d-148a-45cb-bef5-8c6163d4f5a6@group-99EB7C4773DB:LeaderElection102] INFO  impl.LeaderElection (LeaderElection.java:logAndReturn(56)) - fa81099d-148a-45cb-bef5-8c6163d4f5a6@group-99EB7C4773DB:LeaderElection102: Election REJECTED; received 2 response(s) [fa81099d-148a-45cb-bef5-8c6163d4f5a6<-08b98450-8e35-472b-a579-8677a58ff9b2#0:FAIL-t1, fa81099d-148a-45cb-bef5-8c6163d4f5a6<-b8a80b88-8207-4354-80bd-5836997861aa#0:FAIL-t1] and 0 exception(s); fa81099d-148a-45cb-bef5-8c6163d4f5a6@group-99EB7C4773DB:t1, leader=null, voted=fa81099d-148a-45cb-bef5-8c6163d4f5a6, raftlog=fa81099d-148a-45cb-bef5-8c6163d4f5a6@group-99EB7C4773DB-SegmentedRaftLog:OPENED:c-1,f-1,i0, conf=-1: [08b98450-8e35-472b-a579-8677a58ff9b2:192.168.157.200:42117, b8a80b88-8207-4354-80bd-5836997861aa:192.168.157.200:36671, fa81099d-148a-45cb-bef5-8c6163d4f5a6:192.168.157.200:46533], old=null
2019-10-11 04:58:58,503 [fa81099d-148a-45cb-bef5-8c6163d4f5a6@group-F22D5D1969C6:LeaderElection99] INFO  impl.LeaderElection (LeaderElection.java:logAndReturn(56)) - fa81099d-148a-45cb-bef5-8c6163d4f5a6@group-F22D5D1969C6:LeaderElection99: Election REJECTED; received 2 response(s) [fa81099d-148a-45cb-bef5-8c6163d4f5a6<-08b98450-8e35-472b-a579-8677a58ff9b2#0:FAIL-t1, fa81099d-148a-45cb-bef5-8c6163d4f5a6<-b8a80b88-8207-4354-80bd-5836997861aa#0:FAIL-t1] and 0 exception(s); fa81099d-148a-45cb-bef5-8c6163d4f5a6@group-F22D5D1969C6:t1, leader=null, voted=fa81099d-148a-45cb-bef5-8c6163d4f5a6, raftlog=fa81099d-148a-45cb-bef5-8c6163d4f5a6@group-F22D5D1969C6-SegmentedRaftLog:OPENED:c-1,f-1,i0, conf=-1: [08b98450-8e35-472b-a579-8677a58ff9b2:192.168.157.200:42117, b8a80b88-8207-4354-80bd-5836997861aa:192.168.157.200:36671, fa81099d-148a-45cb-bef5-8c6163d4f5a6:192.168.157.200:46533], old=null
2019-10-11 04:58:58,503 [b8a80b88-8207-4354-80bd-5836997861aa@group-2039E103E79A:LeaderElection98] INFO  server.RaftServerConfigKeys (ConfUtils.java:logGet(43)) - raft.server.watch.timeout = 10s (default)
2019-10-11 04:58:58,507 [fa81099d-148a-45cb-bef5-8c6163d4f5a6@group-99EB7C4773DB:LeaderElection102] INFO  impl.RaftServerImpl (RaftServerImpl.java:setRole(174)) - fa81099d-148a-45cb-bef5-8c6163d4f5a6@group-99EB7C4773DB: changes role from CANDIDATE to FOLLOWER at term 1 for DISCOVERED_A_NEW_TERM
2019-10-11 04:58:58,507 [fa81099d-148a-45cb-bef5-8c6163d4f5a6@group-F22D5D1969C6:LeaderElection99] INFO  impl.RaftServerImpl (RaftServerImpl.java:setRole(174)) - fa81099d-148a-45cb-bef5-8c6163d4f5a6@group-F22D5D1969C6: changes role from CANDIDATE to FOLLOWER at term 1 for DISCOVERED_A_NEW_TERM
2019-10-11 04:58:58,503 [b8a80b88-8207-4354-80bd-5836997861aa@group-F22D5D1969C6:LeaderElection103] INFO  impl.LeaderElection (LeaderElection.java:logAndReturn(56)) - b8a80b88-8207-4354-80bd-5836997861aa@group-F22D5D1969C6:LeaderElection103: Election REJECTED; received 2 response(s) [b8a80b88-8207-4354-80bd-5836997861aa<-08b98450-8e35-472b-a579-8677a58ff9b2#0:FAIL-t1, b8a80b88-8207-4354-80bd-5836997861aa<-fa81099d-148a-45cb-bef5-8c6163d4f5a6#0:FAIL-t1] and 0 exception(s); b8a80b88-8207-4354-80bd-5836997861aa@group-F22D5D1969C6:t1, leader=null, voted=b8a80b88-8207-4354-80bd-5836997861aa, raftlog=b8a80b88-8207-4354-80bd-5836997861aa@group-F22D5D1969C6-SegmentedRaftLog:OPENED:c-1,f-1,i0, conf=-1: [08b98450-8e35-472b-a579-8677a58ff9b2:192.168.157.200:42117, b8a80b88-8207-4354-80bd-5836997861aa:192.168.157.200:36671, fa81099d-148a-45cb-bef5-8c6163d4f5a6:192.168.157.200:46533], old=null
2019-10-11 04:58:58,503 [b8a80b88-8207-4354-80bd-5836997861aa@group-99EB7C4773DB:LeaderElection106] INFO  impl.LeaderElection (LeaderElection.java:logAndReturn(56)) - b8a80b88-8207-4354-80bd-5836997861aa@group-99EB7C4773DB:LeaderElection106: Election REJECTED; received 2 response(s) [b8a80b88-8207-4354-80bd-5836997861aa<-08b98450-8e35-472b-a579-8677a58ff9b2#0:FAIL-t1, b8a80b88-8207-4354-80bd-5836997861aa<-fa81099d-148a-45cb-bef5-8c6163d4f5a6#0:FAIL-t1] and 0 exception(s); b8a80b88-8207-4354-80bd-5836997861aa@group-99EB7C4773DB:t1, leader=null, voted=b8a80b88-8207-4354-80bd-5836997861aa, raftlog=b8a80b88-8207-4354-80bd-5836997861aa@group-99EB7C4773DB-SegmentedRaftLog:OPENED:c-1,f-1,i0, conf=-1: [08b98450-8e35-472b-a579-8677a58ff9b2:192.168.157.200:42117, b8a80b88-8207-4354-80bd-5836997861aa:192.168.157.200:36671, fa81099d-148a-45cb-bef5-8c6163d4f5a6:192.168.157.200:46533], old=null
2019-10-11 04:58:58,503 [ef99c7d8-2980-470c-bb97-d0a56dc986ad@group-1B7FF915287B:LeaderElection105] INFO  server.RaftServerConfigKeys (ConfUtils.java:logGet(43)) - raft.server.watch.timeout.denomination = 1s (default)
2019-10-11 04:58:58,508 [b8a80b88-8207-4354-80bd-5836997861aa@group-99EB7C4773DB:LeaderElection106] INFO  impl.RaftServerImpl (RaftServerImpl.java:setRole(174)) - b8a80b88-8207-4354-80bd-5836997861aa@group-99EB7C4773DB: changes role from CANDIDATE to FOLLOWER at term 1 for DISCOVERED_A_NEW_TERM
2019-10-11 04:58:58,508 [b8a80b88-8207-4354-80bd-5836997861aa@group-F22D5D1969C6:LeaderElection103] INFO  impl.RaftServerImpl (RaftServerImpl.java:setRole(174)) - b8a80b88-8207-4354-80bd-5836997861aa@group-F22D5D1969C6: changes role from CANDIDATE to FOLLOWER at term 1 for DISCOVERED_A_NEW_TERM
2019-10-11 04:58:58,508 [08b98450-8e35-472b-a579-8677a58ff9b2@group-F22D5D1969C6:LeaderElection101] INFO  impl.LeaderElection (LeaderElection.java:logAndReturn(56)) - 08b98450-8e35-472b-a579-8677a58ff9b2@group-F22D5D1969C6:LeaderElection101: Election REJECTED; received 2 response(s) [08b98450-8e35-472b-a579-8677a58ff9b2<-b8a80b88-8207-4354-80bd-5836997861aa#0:FAIL-t1, 08b98450-8e35-472b-a579-8677a58ff9b2<-fa81099d-148a-45cb-bef5-8c6163d4f5a6#0:FAIL-t1] and 0 exception(s); 08b98450-8e35-472b-a579-8677a58ff9b2@group-F22D5D1969C6:t1, leader=null, voted=08b98450-8e35-472b-a579-8677a58ff9b2, raftlog=08b98450-8e35-472b-a579-8677a58ff9b2@group-F22D5D1969C6-SegmentedRaftLog:OPENED:c-1,f-1,i0, conf=-1: [08b98450-8e35-472b-a579-8677a58ff9b2:192.168.157.200:42117, b8a80b88-8207-4354-80bd-5836997861aa:192.168.157.200:36671, fa81099d-148a-45cb-bef5-8c6163d4f5a6:192.168.157.200:46533], old=null
2019-10-11 04:58:58,507 [fa81099d-148a-45cb-bef5-8c6163d4f5a6@group-F22D5D1969C6:LeaderElection99] INFO  impl.RoleInfo (RoleInfo.java:shutdownLeaderElection(134)) - fa81099d-148a-45cb-bef5-8c6163d4f5a6: shutdown LeaderElection
2019-10-11 04:58:58,507 [08b98450-8e35-472b-a579-8677a58ff9b2@group-99EB7C4773DB:LeaderElection100] INFO  impl.LeaderElection (LeaderElection.java:logAndReturn(56)) - 08b98450-8e35-472b-a579-8677a58ff9b2@group-99EB7C4773DB:LeaderElection100: Election REJECTED; received 2 response(s) [08b98450-8e35-472b-a579-8677a58ff9b2<-b8a80b88-8207-4354-80bd-5836997861aa#0:FAIL-t1, 08b98450-8e35-472b-a579-8677a58ff9b2<-fa81099d-148a-45cb-bef5-8c6163d4f5a6#0:FAIL-t1] and 0 exception(s); 08b98450-8e35-472b-a579-8677a58ff9b2@group-99EB7C4773DB:t1, leader=null, voted=08b98450-8e35-472b-a579-8677a58ff9b2, raftlog=08b98450-8e35-472b-a579-8677a58ff9b2@group-99EB7C4773DB-SegmentedRaftLog:OPENED:c-1,f-1,i0, conf=-1: [08b98450-8e35-472b-a579-8677a58ff9b2:192.168.157.200:42117, b8a80b88-8207-4354-80bd-5836997861aa:192.168.157.200:36671, fa81099d-148a-45cb-bef5-8c6163d4f5a6:192.168.157.200:46533], old=null
2019-10-11 04:58:58,507 [fa81099d-148a-45cb-bef5-8c6163d4f5a6@group-99EB7C4773DB:LeaderElection102] INFO  impl.RoleInfo (RoleInfo.java:shutdownLeaderElection(134)) - fa81099d-148a-45cb-bef5-8c6163d4f5a6: shutdown LeaderElection
2019-10-11 04:58:58,507 [b8a80b88-8207-4354-80bd-5836997861aa@group-2039E103E79A:LeaderElection98] INFO  server.RaftServerConfigKeys (ConfUtils.java:logGet(43)) - raft.server.watch.timeout.denomination = 1s (default)
2019-10-11 04:58:58,509 [fa81099d-148a-45cb-bef5-8c6163d4f5a6@group-99EB7C4773DB:LeaderElection102] INFO  impl.RoleInfo (RoleInfo.java:updateAndGet(143)) - fa81099d-148a-45cb-bef5-8c6163d4f5a6: start FollowerState
2019-10-11 04:58:58,509 [668e2474-c924-4725-a56b-888caa4fb9c5@group-DED26A249A87:LeaderElection104] INFO  impl.RoleInfo (RoleInfo.java:updateAndGet(143)) - 668e2474-c924-4725-a56b-888caa4fb9c5: start LeaderState
2019-10-11 04:58:58,508 [08b98450-8e35-472b-a579-8677a58ff9b2@group-99EB7C4773DB:LeaderElection100] INFO  impl.RaftServerImpl (RaftServerImpl.java:setRole(174)) - 08b98450-8e35-472b-a579-8677a58ff9b2@group-99EB7C4773DB: changes role from CANDIDATE to FOLLOWER at term 1 for DISCOVERED_A_NEW_TERM
2019-10-11 04:58:58,508 [fa81099d-148a-45cb-bef5-8c6163d4f5a6@group-F22D5D1969C6:LeaderElection99] INFO  impl.RoleInfo (RoleInfo.java:updateAndGet(143)) - fa81099d-148a-45cb-bef5-8c6163d4f5a6: start FollowerState
2019-10-11 04:58:58,508 [08b98450-8e35-472b-a579-8677a58ff9b2@group-F22D5D1969C6:LeaderElection101] INFO  impl.RaftServerImpl (RaftServerImpl.java:setRole(174)) - 08b98450-8e35-472b-a579-8677a58ff9b2@group-F22D5D1969C6: changes role from CANDIDATE to FOLLOWER at term 1 for DISCOVERED_A_NEW_TERM
2019-10-11 04:58:58,508 [b8a80b88-8207-4354-80bd-5836997861aa@group-F22D5D1969C6:LeaderElection103] INFO  impl.RoleInfo (RoleInfo.java:shutdownLeaderElection(134)) - b8a80b88-8207-4354-80bd-5836997861aa: shutdown LeaderElection
2019-10-11 04:58:58,508 [b8a80b88-8207-4354-80bd-5836997861aa@group-99EB7C4773DB:LeaderElection106] INFO  impl.RoleInfo (RoleInfo.java:shutdownLeaderElection(134)) - b8a80b88-8207-4354-80bd-5836997861aa: shutdown LeaderElection
2019-10-11 04:58:58,508 [ef99c7d8-2980-470c-bb97-d0a56dc986ad@group-1B7FF915287B:LeaderElection105] INFO  server.RaftServerConfigKeys (ConfUtils.java:logGet(43)) - raft.server.watch.element-limit = 65536 (default)
2019-10-11 04:58:58,510 [b8a80b88-8207-4354-80bd-5836997861aa@group-99EB7C4773DB:LeaderElection106] INFO  impl.RoleInfo (RoleInfo.java:updateAndGet(143)) - b8a80b88-8207-4354-80bd-5836997861aa: start FollowerState
2019-10-11 04:58:58,509 [b8a80b88-8207-4354-80bd-5836997861aa@group-F22D5D1969C6:LeaderElection103] INFO  impl.RoleInfo (RoleInfo.java:updateAndGet(143)) - b8a80b88-8207-4354-80bd-5836997861aa: start FollowerState
2019-10-11 04:58:58,509 [08b98450-8e35-472b-a579-8677a58ff9b2@group-F22D5D1969C6:LeaderElection101] INFO  impl.RoleInfo (RoleInfo.java:shutdownLeaderElection(134)) - 08b98450-8e35-472b-a579-8677a58ff9b2: shutdown LeaderElection
2019-10-11 04:58:58,509 [668e2474-c924-4725-a56b-888caa4fb9c5@group-DED26A249A87:LeaderElection104] INFO  segmented.SegmentedRaftLogWorker (SegmentedRaftLogWorker.java:startLogSegment(380)) - 668e2474-c924-4725-a56b-888caa4fb9c5@group-DED26A249A87-SegmentedRaftLogWorker: Starting segment from index:0
2019-10-11 04:58:58,509 [08b98450-8e35-472b-a579-8677a58ff9b2@group-99EB7C4773DB:LeaderElection100] INFO  impl.RoleInfo (RoleInfo.java:shutdownLeaderElection(134)) - 08b98450-8e35-472b-a579-8677a58ff9b2: shutdown LeaderElection
2019-10-11 04:58:58,509 [a2737f09-9e90-4fa2-b143-201484b1b099@group-FC7B164420BD:LeaderElection107] INFO  impl.RoleInfo (RoleInfo.java:updateAndGet(143)) - a2737f09-9e90-4fa2-b143-201484b1b099: start LeaderState
2019-10-11 04:58:58,509 [b8a80b88-8207-4354-80bd-5836997861aa@group-2039E103E79A:LeaderElection98] INFO  server.RaftServerConfigKeys (ConfUtils.java:logGet(43)) - raft.server.watch.element-limit = 65536 (default)
2019-10-11 04:58:58,510 [a2737f09-9e90-4fa2-b143-201484b1b099@group-FC7B164420BD:LeaderElection107] INFO  segmented.SegmentedRaftLogWorker (SegmentedRaftLogWorker.java:startLogSegment(380)) - a2737f09-9e90-4fa2-b143-201484b1b099@group-FC7B164420BD-SegmentedRaftLogWorker: Starting segment from index:0
2019-10-11 04:58:58,510 [08b98450-8e35-472b-a579-8677a58ff9b2@group-99EB7C4773DB:LeaderElection100] INFO  impl.RoleInfo (RoleInfo.java:updateAndGet(143)) - 08b98450-8e35-472b-a579-8677a58ff9b2: start FollowerState
2019-10-11 04:58:58,510 [08b98450-8e35-472b-a579-8677a58ff9b2@group-F22D5D1969C6:LeaderElection101] INFO  impl.RoleInfo (RoleInfo.java:updateAndGet(143)) - 08b98450-8e35-472b-a579-8677a58ff9b2: start FollowerState
2019-10-11 04:58:58,511 [a2737f09-9e90-4fa2-b143-201484b1b099@group-FC7B164420BD:LeaderElection107] INFO  impl.RaftServerImpl (ServerState.java:setRaftConf(354)) - a2737f09-9e90-4fa2-b143-201484b1b099@group-FC7B164420BD: set configuration 0: [a2737f09-9e90-4fa2-b143-201484b1b099:192.168.157.200:40705], old=null at 0
2019-10-11 04:58:58,510 [668e2474-c924-4725-a56b-888caa4fb9c5@group-DED26A249A87:LeaderElection104] INFO  impl.RaftServerImpl (ServerState.java:setRaftConf(354)) - 668e2474-c924-4725-a56b-888caa4fb9c5@group-DED26A249A87: set configuration 0: [668e2474-c924-4725-a56b-888caa4fb9c5:192.168.157.200:44135], old=null at 0
2019-10-11 04:58:58,512 [ef99c7d8-2980-470c-bb97-d0a56dc986ad@group-1B7FF915287B:LeaderElection105] INFO  impl.RoleInfo (RoleInfo.java:updateAndGet(143)) - ef99c7d8-2980-470c-bb97-d0a56dc986ad: start LeaderState
2019-10-11 04:58:58,512 [ef99c7d8-2980-470c-bb97-d0a56dc986ad@group-1B7FF915287B:LeaderElection105] INFO  segmented.SegmentedRaftLogWorker (SegmentedRaftLogWorker.java:startLogSegment(380)) - ef99c7d8-2980-470c-bb97-d0a56dc986ad@group-1B7FF915287B-SegmentedRaftLogWorker: Starting segment from index:0
2019-10-11 04:58:58,512 [ef99c7d8-2980-470c-bb97-d0a56dc986ad@group-1B7FF915287B:LeaderElection105] INFO  impl.RaftServerImpl (ServerState.java:setRaftConf(354)) - ef99c7d8-2980-470c-bb97-d0a56dc986ad@group-1B7FF915287B: set configuration 0: [ef99c7d8-2980-470c-bb97-d0a56dc986ad:192.168.157.200:40900], old=null at 0
2019-10-11 04:58:58,513 [b8a80b88-8207-4354-80bd-5836997861aa@group-2039E103E79A:LeaderElection98] INFO  impl.RoleInfo (RoleInfo.java:updateAndGet(143)) - b8a80b88-8207-4354-80bd-5836997861aa: start LeaderState
2019-10-11 04:58:58,513 [b8a80b88-8207-4354-80bd-5836997861aa@group-2039E103E79A:LeaderElection98] INFO  segmented.SegmentedRaftLogWorker (SegmentedRaftLogWorker.java:startLogSegment(380)) - b8a80b88-8207-4354-80bd-5836997861aa@group-2039E103E79A-SegmentedRaftLogWorker: Starting segment from index:0
2019-10-11 04:58:58,513 [08b98450-8e35-472b-a579-8677a58ff9b2@group-037613E2E2C8-SegmentedRaftLogWorker] INFO  segmented.SegmentedRaftLogWorker (SegmentedRaftLogWorker.java:execute(569)) - 08b98450-8e35-472b-a579-8677a58ff9b2@group-037613E2E2C8-SegmentedRaftLogWorker: created new log segment /workdir/hadoop-ozone/integration-test/target/test-dir/MiniOzoneClusterImpl-e577d82a-0303-4478-9167-bde1b199c1b9/datanode-0/data/ratis/4d135886-bae3-40fc-8a7d-037613e2e2c8/current/log_inprogress_0
2019-10-11 04:58:58,513 [668e2474-c924-4725-a56b-888caa4fb9c5@group-5CC338151D8D:LeaderElection108] INFO  impl.LeaderElection (LeaderElection.java:askForVotes(182)) - 668e2474-c924-4725-a56b-888caa4fb9c5@group-5CC338151D8D:LeaderElection108: begin an election at term 1 for -1: [a2737f09-9e90-4fa2-b143-201484b1b099:192.168.157.200:40705, ef99c7d8-2980-470c-bb97-d0a56dc986ad:192.168.157.200:40900, 668e2474-c924-4725-a56b-888caa4fb9c5:192.168.157.200:44135], old=null
2019-10-11 04:58:58,513 [fa81099d-148a-45cb-bef5-8c6163d4f5a6@group-DEC6AAB376B2-SegmentedRaftLogWorker] INFO  segmented.SegmentedRaftLogWorker (SegmentedRaftLogWorker.java:execute(569)) - fa81099d-148a-45cb-bef5-8c6163d4f5a6@group-DEC6AAB376B2-SegmentedRaftLogWorker: created new log segment /workdir/hadoop-ozone/integration-test/target/test-dir/MiniOzoneClusterImpl-e577d82a-0303-4478-9167-bde1b199c1b9/datanode-1/data/ratis/d4134114-f622-4d4e-9c2c-dec6aab376b2/current/log_inprogress_0
2019-10-11 04:58:58,513 [b8a80b88-8207-4354-80bd-5836997861aa@group-2039E103E79A:LeaderElection98] INFO  impl.RaftServerImpl (ServerState.java:setRaftConf(354)) - b8a80b88-8207-4354-80bd-5836997861aa@group-2039E103E79A: set configuration 0: [b8a80b88-8207-4354-80bd-5836997861aa:192.168.157.200:36671], old=null at 0
2019-10-11 04:58:58,513 [ef99c7d8-2980-470c-bb97-d0a56dc986ad@group-1D4F8E5051E3:LeaderElection109] INFO  impl.LeaderElection (LeaderElection.java:askForVotes(182)) - ef99c7d8-2980-470c-bb97-d0a56dc986ad@group-1D4F8E5051E3:LeaderElection109: begin an election at term 1 for -1: [a2737f09-9e90-4fa2-b143-201484b1b099:192.168.157.200:40705, ef99c7d8-2980-470c-bb97-d0a56dc986ad:192.168.157.200:40900, 668e2474-c924-4725-a56b-888caa4fb9c5:192.168.157.200:44135], old=null
2019-10-11 04:58:58,551 [grpc-default-executor-2] INFO  impl.RaftServerImpl (RaftServerImpl.java:setRole(174)) - 668e2474-c924-4725-a56b-888caa4fb9c5@group-1D4F8E5051E3: changes role from  FOLLOWER to FOLLOWER at term 1 for recognizeCandidate:ef99c7d8-2980-470c-bb97-d0a56dc986ad
2019-10-11 04:58:58,551 [grpc-default-executor-5] INFO  impl.RaftServerImpl (RaftServerImpl.java:setRole(174)) - ef99c7d8-2980-470c-bb97-d0a56dc986ad@group-5CC338151D8D: changes role from  FOLLOWER to FOLLOWER at term 1 for recognizeCandidate:668e2474-c924-4725-a56b-888caa4fb9c5
2019-10-11 04:58:58,555 [grpc-default-executor-8] INFO  impl.RaftServerImpl (RaftServerImpl.java:setRole(174)) - a2737f09-9e90-4fa2-b143-201484b1b099@group-1D4F8E5051E3: changes role from  FOLLOWER to FOLLOWER at term 1 for recognizeCandidate:ef99c7d8-2980-470c-bb97-d0a56dc986ad
2019-10-11 04:58:58,552 [grpc-default-executor-2] INFO  impl.RoleInfo (RoleInfo.java:shutdownFollowerState(121)) - 668e2474-c924-4725-a56b-888caa4fb9c5: shutdown FollowerState
2019-10-11 04:58:58,556 [grpc-default-executor-8] INFO  impl.RoleInfo (RoleInfo.java:shutdownFollowerState(121)) - a2737f09-9e90-4fa2-b143-201484b1b099: shutdown FollowerState
2019-10-11 04:58:58,556 [grpc-default-executor-5] INFO  impl.RoleInfo (RoleInfo.java:shutdownFollowerState(121)) - ef99c7d8-2980-470c-bb97-d0a56dc986ad: shutdown FollowerState
2019-10-11 04:58:58,556 [grpc-default-executor-8] INFO  impl.RoleInfo (RoleInfo.java:updateAndGet(143)) - a2737f09-9e90-4fa2-b143-201484b1b099: start FollowerState
2019-10-11 04:58:58,556 [grpc-default-executor-2] INFO  impl.RoleInfo (RoleInfo.java:updateAndGet(143)) - 668e2474-c924-4725-a56b-888caa4fb9c5: start FollowerState
2019-10-11 04:58:58,560 [Thread-4640] INFO  impl.FollowerState (FollowerState.java:run(115)) - ef99c7d8-2980-470c-bb97-d0a56dc986ad: FollowerState was interrupted: java.lang.InterruptedException: sleep interrupted
2019-10-11 04:58:58,560 [grpc-default-executor-3] INFO  impl.RaftServerImpl (RaftServerImpl.java:setRole(174)) - a2737f09-9e90-4fa2-b143-201484b1b099@group-5CC338151D8D: changes role from  FOLLOWER to FOLLOWER at term 1 for recognizeCandidate:668e2474-c924-4725-a56b-888caa4fb9c5
2019-10-11 04:58:58,560 [grpc-default-executor-3] INFO  impl.RoleInfo (RoleInfo.java:shutdownFollowerState(121)) - a2737f09-9e90-4fa2-b143-201484b1b099: shutdown FollowerState
2019-10-11 04:58:58,556 [Thread-4628] INFO  impl.FollowerState (FollowerState.java:run(115)) - a2737f09-9e90-4fa2-b143-201484b1b099: FollowerState was interrupted: java.lang.InterruptedException: sleep interrupted
2019-10-11 04:58:58,556 [grpc-default-executor-5] INFO  impl.RoleInfo (RoleInfo.java:updateAndGet(143)) - ef99c7d8-2980-470c-bb97-d0a56dc986ad: start FollowerState
2019-10-11 04:58:58,561 [Thread-4639] INFO  impl.FollowerState (FollowerState.java:run(115)) - a2737f09-9e90-4fa2-b143-201484b1b099: FollowerState was interrupted: java.lang.InterruptedException: sleep interrupted
2019-10-11 04:58:58,560 [grpc-default-executor-3] INFO  impl.RoleInfo (RoleInfo.java:updateAndGet(143)) - a2737f09-9e90-4fa2-b143-201484b1b099: start FollowerState
2019-10-11 04:58:58,565 [b8a80b88-8207-4354-80bd-5836997861aa@group-2039E103E79A-SegmentedRaftLogWorker] INFO  segmented.SegmentedRaftLogWorker (SegmentedRaftLogWorker.java:execute(569)) - b8a80b88-8207-4354-80bd-5836997861aa@group-2039E103E79A-SegmentedRaftLogWorker: created new log segment /workdir/hadoop-ozone/integration-test/target/test-dir/MiniOzoneClusterImpl-e577d82a-0303-4478-9167-bde1b199c1b9/datanode-2/data/ratis/a4a2d78e-8b46-4ea6-a6a8-2039e103e79a/current/log_inprogress_0
2019-10-11 04:58:58,565 [a2737f09-9e90-4fa2-b143-201484b1b099@group-FC7B164420BD-SegmentedRaftLogWorker] INFO  segmented.SegmentedRaftLogWorker (SegmentedRaftLogWorker.java:execute(569)) - a2737f09-9e90-4fa2-b143-201484b1b099@group-FC7B164420BD-SegmentedRaftLogWorker: created new log segment /workdir/hadoop-ozone/integration-test/target/test-dir/MiniOzoneClusterImpl-e577d82a-0303-4478-9167-bde1b199c1b9/datanode-4/data/ratis/b4bb32d4-7c28-4b41-a6dd-fc7b164420bd/current/log_inprogress_0
2019-10-11 04:58:58,565 [ef99c7d8-2980-470c-bb97-d0a56dc986ad@group-1B7FF915287B-SegmentedRaftLogWorker] INFO  segmented.SegmentedRaftLogWorker (SegmentedRaftLogWorker.java:execute(569)) - ef99c7d8-2980-470c-bb97-d0a56dc986ad@group-1B7FF915287B-SegmentedRaftLogWorker: created new log segment /workdir/hadoop-ozone/integration-test/target/test-dir/MiniOzoneClusterImpl-e577d82a-0303-4478-9167-bde1b199c1b9/datanode-3/data/ratis/6df39fea-cbba-49eb-8f8b-1b7ff915287b/current/log_inprogress_0
2019-10-11 04:58:58,565 [668e2474-c924-4725-a56b-888caa4fb9c5@group-DED26A249A87-SegmentedRaftLogWorker] INFO  segmented.SegmentedRaftLogWorker (SegmentedRaftLogWorker.java:execute(569)) - 668e2474-c924-4725-a56b-888caa4fb9c5@group-DED26A249A87-SegmentedRaftLogWorker: created new log segment /workdir/hadoop-ozone/integration-test/target/test-dir/MiniOzoneClusterImpl-e577d82a-0303-4478-9167-bde1b199c1b9/datanode-5/data/ratis/04643309-e113-4993-af74-ded26a249a87/current/log_inprogress_0
2019-10-11 04:58:58,566 [ef99c7d8-2980-470c-bb97-d0a56dc986ad@group-1D4F8E5051E3:LeaderElection109] INFO  impl.LeaderElection (LeaderElection.java:logAndReturn(56)) - ef99c7d8-2980-470c-bb97-d0a56dc986ad@group-1D4F8E5051E3:LeaderElection109: Election PASSED; received 1 response(s) [ef99c7d8-2980-470c-bb97-d0a56dc986ad<-668e2474-c924-4725-a56b-888caa4fb9c5#0:OK-t1] and 0 exception(s); ef99c7d8-2980-470c-bb97-d0a56dc986ad@group-1D4F8E5051E3:t1, leader=null, voted=ef99c7d8-2980-470c-bb97-d0a56dc986ad, raftlog=ef99c7d8-2980-470c-bb97-d0a56dc986ad@group-1D4F8E5051E3-SegmentedRaftLog:OPENED:c-1,f-1,i0, conf=-1: [a2737f09-9e90-4fa2-b143-201484b1b099:192.168.157.200:40705, ef99c7d8-2980-470c-bb97-d0a56dc986ad:192.168.157.200:40900, 668e2474-c924-4725-a56b-888caa4fb9c5:192.168.157.200:44135], old=null
2019-10-11 04:58:58,566 [668e2474-c924-4725-a56b-888caa4fb9c5@group-5CC338151D8D:LeaderElection108] INFO  impl.LeaderElection (LeaderElection.java:logAndReturn(56)) - 668e2474-c924-4725-a56b-888caa4fb9c5@group-5CC338151D8D:LeaderElection108: Election PASSED; received 1 response(s) [668e2474-c924-4725-a56b-888caa4fb9c5<-ef99c7d8-2980-470c-bb97-d0a56dc986ad#0:OK-t1] and 0 exception(s); 668e2474-c924-4725-a56b-888caa4fb9c5@group-5CC338151D8D:t1, leader=null, voted=668e2474-c924-4725-a56b-888caa4fb9c5, raftlog=668e2474-c924-4725-a56b-888caa4fb9c5@group-5CC338151D8D-SegmentedRaftLog:OPENED:c-1,f-1,i0, conf=-1: [a2737f09-9e90-4fa2-b143-201484b1b099:192.168.157.200:40705, ef99c7d8-2980-470c-bb97-d0a56dc986ad:192.168.157.200:40900, 668e2474-c924-4725-a56b-888caa4fb9c5:192.168.157.200:44135], old=null
2019-10-11 04:58:58,566 [ef99c7d8-2980-470c-bb97-d0a56dc986ad@group-1D4F8E5051E3:LeaderElection109] INFO  impl.RoleInfo (RoleInfo.java:shutdownLeaderElection(134)) - ef99c7d8-2980-470c-bb97-d0a56dc986ad: shutdown LeaderElection
2019-10-11 04:58:58,566 [668e2474-c924-4725-a56b-888caa4fb9c5@group-5CC338151D8D:LeaderElection108] INFO  impl.RoleInfo (RoleInfo.java:shutdownLeaderElection(134)) - 668e2474-c924-4725-a56b-888caa4fb9c5: shutdown LeaderElection
2019-10-11 04:58:58,567 [ef99c7d8-2980-470c-bb97-d0a56dc986ad@group-1D4F8E5051E3:LeaderElection109] INFO  impl.RaftServerImpl (RaftServerImpl.java:setRole(174)) - ef99c7d8-2980-470c-bb97-d0a56dc986ad@group-1D4F8E5051E3: changes role from CANDIDATE to LEADER at term 1 for changeToLeader
2019-10-11 04:58:58,567 [668e2474-c924-4725-a56b-888caa4fb9c5@group-5CC338151D8D:LeaderElection108] INFO  impl.RaftServerImpl (RaftServerImpl.java:setRole(174)) - 668e2474-c924-4725-a56b-888caa4fb9c5@group-5CC338151D8D: changes role from CANDIDATE to LEADER at term 1 for changeToLeader
2019-10-11 04:58:58,567 [ef99c7d8-2980-470c-bb97-d0a56dc986ad@group-1D4F8E5051E3:LeaderElection109] INFO  impl.RaftServerImpl (ServerState.java:setLeader(253)) - ef99c7d8-2980-470c-bb97-d0a56dc986ad@group-1D4F8E5051E3: change Leader from null to ef99c7d8-2980-470c-bb97-d0a56dc986ad at term 1 for becomeLeader, leader elected after 5181ms
2019-10-11 04:58:58,567 [668e2474-c924-4725-a56b-888caa4fb9c5@group-5CC338151D8D:LeaderElection108] INFO  impl.RaftServerImpl (ServerState.java:setLeader(253)) - 668e2474-c924-4725-a56b-888caa4fb9c5@group-5CC338151D8D: change Leader from null to 668e2474-c924-4725-a56b-888caa4fb9c5 at term 1 for becomeLeader, leader elected after 5109ms
2019-10-11 04:58:58,567 [ef99c7d8-2980-470c-bb97-d0a56dc986ad@group-1D4F8E5051E3:LeaderElection109] INFO  server.RaftServerConfigKeys (ConfUtils.java:logGet(43)) - raft.server.staging.catchup.gap = 1000 (default)
2019-10-11 04:58:58,567 [668e2474-c924-4725-a56b-888caa4fb9c5@group-5CC338151D8D:LeaderElection108] INFO  server.RaftServerConfigKeys (ConfUtils.java:logGet(43)) - raft.server.staging.catchup.gap = 1000 (default)
2019-10-11 04:58:58,567 [ef99c7d8-2980-470c-bb97-d0a56dc986ad@group-1D4F8E5051E3:LeaderElection109] INFO  server.RaftServerConfigKeys (ConfUtils.java:logGet(43)) - raft.server.rpc.sleep.time = 25ms (default)
2019-10-11 04:58:58,567 [668e2474-c924-4725-a56b-888caa4fb9c5@group-5CC338151D8D:LeaderElection108] INFO  server.RaftServerConfigKeys (ConfUtils.java:logGet(43)) - raft.server.rpc.sleep.time = 25ms (default)
2019-10-11 04:58:58,567 [ef99c7d8-2980-470c-bb97-d0a56dc986ad@group-1D4F8E5051E3:LeaderElection109] INFO  server.RaftServerConfigKeys (ConfUtils.java:logGet(43)) - raft.server.write.element-limit = 4096 (default)
2019-10-11 04:58:58,568 [668e2474-c924-4725-a56b-888caa4fb9c5@group-5CC338151D8D:LeaderElection108] INFO  server.RaftServerConfigKeys (ConfUtils.java:logGet(43)) - raft.server.write.element-limit = 4096 (default)
2019-10-11 04:58:58,568 [ef99c7d8-2980-470c-bb97-d0a56dc986ad@group-1D4F8E5051E3:LeaderElection109] INFO  server.RaftServerConfigKeys (ConfUtils.java:logGet(43)) - raft.server.watch.timeout = 10s (default)
2019-10-11 04:58:58,568 [668e2474-c924-4725-a56b-888caa4fb9c5@group-5CC338151D8D:LeaderElection108] INFO  server.RaftServerConfigKeys (ConfUtils.java:logGet(43)) - raft.server.watch.timeout = 10s (default)
2019-10-11 04:58:58,568 [ef99c7d8-2980-470c-bb97-d0a56dc986ad@group-1D4F8E5051E3:LeaderElection109] INFO  server.RaftServerConfigKeys (ConfUtils.java:logGet(43)) - raft.server.watch.timeout.denomination = 1s (default)
2019-10-11 04:58:58,568 [668e2474-c924-4725-a56b-888caa4fb9c5@group-5CC338151D8D:LeaderElection108] INFO  server.RaftServerConfigKeys (ConfUtils.java:logGet(43)) - raft.server.watch.timeout.denomination = 1s (default)
2019-10-11 04:58:58,568 [ef99c7d8-2980-470c-bb97-d0a56dc986ad@group-1D4F8E5051E3:LeaderElection109] INFO  server.RaftServerConfigKeys (ConfUtils.java:logGet(43)) - raft.server.watch.element-limit = 65536 (default)
2019-10-11 04:58:58,568 [668e2474-c924-4725-a56b-888caa4fb9c5@group-5CC338151D8D:LeaderElection108] INFO  server.RaftServerConfigKeys (ConfUtils.java:logGet(43)) - raft.server.watch.element-limit = 65536 (default)
2019-10-11 04:58:58,570 [ef99c7d8-2980-470c-bb97-d0a56dc986ad@group-1D4F8E5051E3:LeaderElection109] INFO  server.RaftServerConfigKeys (ConfUtils.java:logGet(43)) - raft.server.log.appender.snapshot.chunk.size.max = 16MB (=16777216) (default)
2019-10-11 04:58:58,570 [668e2474-c924-4725-a56b-888caa4fb9c5@group-5CC338151D8D:LeaderElection108] INFO  server.RaftServerConfigKeys (ConfUtils.java:logGet(43)) - raft.server.log.appender.snapshot.chunk.size.max = 16MB (=16777216) (default)
2019-10-11 04:58:58,570 [ef99c7d8-2980-470c-bb97-d0a56dc986ad@group-1D4F8E5051E3:LeaderElection109] INFO  server.RaftServerConfigKeys (ConfUtils.java:logGet(43)) - raft.server.log.appender.buffer.byte-limit = 33554432 (custom)
2019-10-11 04:58:58,570 [668e2474-c924-4725-a56b-888caa4fb9c5@group-5CC338151D8D:LeaderElection108] INFO  server.RaftServerConfigKeys (ConfUtils.java:logGet(43)) - raft.server.log.appender.buffer.byte-limit = 33554432 (custom)
2019-10-11 04:58:58,570 [ef99c7d8-2980-470c-bb97-d0a56dc986ad@group-1D4F8E5051E3:LeaderElection109] INFO  server.RaftServerConfigKeys (ConfUtils.java:logGet(43)) - raft.server.log.appender.buffer.element-limit = 1 (custom)
2019-10-11 04:58:58,570 [668e2474-c924-4725-a56b-888caa4fb9c5@group-5CC338151D8D:LeaderElection108] INFO  server.RaftServerConfigKeys (ConfUtils.java:logGet(43)) - raft.server.log.appender.buffer.element-limit = 1 (custom)
2019-10-11 04:58:58,570 [ef99c7d8-2980-470c-bb97-d0a56dc986ad@group-1D4F8E5051E3:LeaderElection109] INFO  grpc.GrpcConfigKeys$Server (ConfUtils.java:logGet(43)) - raft.grpc.server.leader.outstanding.appends.max = 128 (default)
2019-10-11 04:58:58,570 [668e2474-c924-4725-a56b-888caa4fb9c5@group-5CC338151D8D:LeaderElection108] INFO  grpc.GrpcConfigKeys$Server (ConfUtils.java:logGet(43)) - raft.grpc.server.leader.outstanding.appends.max = 128 (default)
2019-10-11 04:58:58,570 [ef99c7d8-2980-470c-bb97-d0a56dc986ad@group-1D4F8E5051E3:LeaderElection109] INFO  server.RaftServerConfigKeys (ConfUtils.java:logGet(43)) - raft.server.rpc.request.timeout = 3000ms (default)
2019-10-11 04:58:58,570 [668e2474-c924-4725-a56b-888caa4fb9c5@group-5CC338151D8D:LeaderElection108] INFO  server.RaftServerConfigKeys (ConfUtils.java:logGet(43)) - raft.server.rpc.request.timeout = 3000ms (default)
2019-10-11 04:58:58,571 [ef99c7d8-2980-470c-bb97-d0a56dc986ad@group-1D4F8E5051E3:LeaderElection109] INFO  server.RaftServerConfigKeys (ConfUtils.java:logGet(43)) - raft.server.log.appender.install.snapshot.enabled = false (custom)
2019-10-11 04:58:58,571 [668e2474-c924-4725-a56b-888caa4fb9c5@group-5CC338151D8D:LeaderElection108] INFO  server.RaftServerConfigKeys (ConfUtils.java:logGet(43)) - raft.server.log.appender.install.snapshot.enabled = false (custom)
2019-10-11 04:58:58,571 [ef99c7d8-2980-470c-bb97-d0a56dc986ad@group-1D4F8E5051E3:LeaderElection109] INFO  server.RaftServerConfigKeys (ConfUtils.java:logGet(43)) - raft.server.log.appender.snapshot.chunk.size.max = 16MB (=16777216) (default)
2019-10-11 04:58:58,571 [668e2474-c924-4725-a56b-888caa4fb9c5@group-5CC338151D8D:LeaderElection108] INFO  server.RaftServerConfigKeys (ConfUtils.java:logGet(43)) - raft.server.log.appender.snapshot.chunk.size.max = 16MB (=16777216) (default)
2019-10-11 04:58:58,571 [ef99c7d8-2980-470c-bb97-d0a56dc986ad@group-1D4F8E5051E3:LeaderElection109] INFO  server.RaftServerConfigKeys (ConfUtils.java:logGet(43)) - raft.server.log.appender.buffer.byte-limit = 33554432 (custom)
2019-10-11 04:58:58,571 [668e2474-c924-4725-a56b-888caa4fb9c5@group-5CC338151D8D:LeaderElection108] INFO  server.RaftServerConfigKeys (ConfUtils.java:logGet(43)) - raft.server.log.appender.buffer.byte-limit = 33554432 (custom)
2019-10-11 04:58:58,571 [ef99c7d8-2980-470c-bb97-d0a56dc986ad@group-1D4F8E5051E3:LeaderElection109] INFO  server.RaftServerConfigKeys (ConfUtils.java:logGet(43)) - raft.server.log.appender.buffer.element-limit = 1 (custom)
2019-10-11 04:58:58,571 [668e2474-c924-4725-a56b-888caa4fb9c5@group-5CC338151D8D:LeaderElection108] INFO  server.RaftServerConfigKeys (ConfUtils.java:logGet(43)) - raft.server.log.appender.buffer.element-limit = 1 (custom)
2019-10-11 04:58:58,571 [ef99c7d8-2980-470c-bb97-d0a56dc986ad@group-1D4F8E5051E3:LeaderElection109] INFO  grpc.GrpcConfigKeys$Server (ConfUtils.java:logGet(43)) - raft.grpc.server.leader.outstanding.appends.max = 128 (default)
2019-10-11 04:58:58,572 [668e2474-c924-4725-a56b-888caa4fb9c5@group-5CC338151D8D:LeaderElection108] INFO  grpc.GrpcConfigKeys$Server (ConfUtils.java:logGet(43)) - raft.grpc.server.leader.outstanding.appends.max = 128 (default)
2019-10-11 04:58:58,572 [ef99c7d8-2980-470c-bb97-d0a56dc986ad@group-1D4F8E5051E3:LeaderElection109] INFO  server.RaftServerConfigKeys (ConfUtils.java:logGet(43)) - raft.server.rpc.request.timeout = 3000ms (default)
2019-10-11 04:58:58,572 [668e2474-c924-4725-a56b-888caa4fb9c5@group-5CC338151D8D:LeaderElection108] INFO  server.RaftServerConfigKeys (ConfUtils.java:logGet(43)) - raft.server.rpc.request.timeout = 3000ms (default)
2019-10-11 04:58:58,572 [ef99c7d8-2980-470c-bb97-d0a56dc986ad@group-1D4F8E5051E3:LeaderElection109] INFO  server.RaftServerConfigKeys (ConfUtils.java:logGet(43)) - raft.server.log.appender.install.snapshot.enabled = false (custom)
2019-10-11 04:58:58,572 [668e2474-c924-4725-a56b-888caa4fb9c5@group-5CC338151D8D:LeaderElection108] INFO  server.RaftServerConfigKeys (ConfUtils.java:logGet(43)) - raft.server.log.appender.install.snapshot.enabled = false (custom)
2019-10-11 04:58:58,572 [ef99c7d8-2980-470c-bb97-d0a56dc986ad@group-1D4F8E5051E3:LeaderElection109] INFO  impl.RoleInfo (RoleInfo.java:updateAndGet(143)) - ef99c7d8-2980-470c-bb97-d0a56dc986ad: start LeaderState
2019-10-11 04:58:58,572 [668e2474-c924-4725-a56b-888caa4fb9c5@group-5CC338151D8D:LeaderElection108] INFO  impl.RoleInfo (RoleInfo.java:updateAndGet(143)) - 668e2474-c924-4725-a56b-888caa4fb9c5: start LeaderState
2019-10-11 04:58:58,572 [ef99c7d8-2980-470c-bb97-d0a56dc986ad@group-1D4F8E5051E3:LeaderElection109] INFO  segmented.SegmentedRaftLogWorker (SegmentedRaftLogWorker.java:startLogSegment(380)) - ef99c7d8-2980-470c-bb97-d0a56dc986ad@group-1D4F8E5051E3-SegmentedRaftLogWorker: Starting segment from index:0
2019-10-11 04:58:58,572 [668e2474-c924-4725-a56b-888caa4fb9c5@group-5CC338151D8D:LeaderElection108] INFO  segmented.SegmentedRaftLogWorker (SegmentedRaftLogWorker.java:startLogSegment(380)) - 668e2474-c924-4725-a56b-888caa4fb9c5@group-5CC338151D8D-SegmentedRaftLogWorker: Starting segment from index:0
2019-10-11 04:58:58,573 [ef99c7d8-2980-470c-bb97-d0a56dc986ad@group-1D4F8E5051E3:LeaderElection109] INFO  impl.RaftServerImpl (ServerState.java:setRaftConf(354)) - ef99c7d8-2980-470c-bb97-d0a56dc986ad@group-1D4F8E5051E3: set configuration 0: [a2737f09-9e90-4fa2-b143-201484b1b099:192.168.157.200:40705, ef99c7d8-2980-470c-bb97-d0a56dc986ad:192.168.157.200:40900, 668e2474-c924-4725-a56b-888caa4fb9c5:192.168.157.200:44135], old=null at 0
2019-10-11 04:58:58,573 [668e2474-c924-4725-a56b-888caa4fb9c5@group-5CC338151D8D:LeaderElection108] INFO  impl.RaftServerImpl (ServerState.java:setRaftConf(354)) - 668e2474-c924-4725-a56b-888caa4fb9c5@group-5CC338151D8D: set configuration 0: [a2737f09-9e90-4fa2-b143-201484b1b099:192.168.157.200:40705, ef99c7d8-2980-470c-bb97-d0a56dc986ad:192.168.157.200:40900, 668e2474-c924-4725-a56b-888caa4fb9c5:192.168.157.200:44135], old=null at 0
2019-10-11 04:58:58,574 [grpc-default-executor-3] INFO  impl.RaftServerImpl (ServerState.java:setLeader(253)) - a2737f09-9e90-4fa2-b143-201484b1b099@group-1D4F8E5051E3: change Leader from null to ef99c7d8-2980-470c-bb97-d0a56dc986ad at term 1 for appendEntries, leader elected after 5188ms
2019-10-11 04:58:58,574 [grpc-default-executor-5] INFO  impl.RaftServerImpl (ServerState.java:setLeader(253)) - a2737f09-9e90-4fa2-b143-201484b1b099@group-5CC338151D8D: change Leader from null to 668e2474-c924-4725-a56b-888caa4fb9c5 at term 1 for appendEntries, leader elected after 5116ms
2019-10-11 04:58:58,574 [grpc-default-executor-3] INFO  impl.RaftServerImpl (ServerState.java:setLeader(253)) - ef99c7d8-2980-470c-bb97-d0a56dc986ad@group-5CC338151D8D: change Leader from null to 668e2474-c924-4725-a56b-888caa4fb9c5 at term 1 for appendEntries, leader elected after 5116ms
2019-10-11 04:58:58,575 [grpc-default-executor-2] INFO  impl.RaftServerImpl (ServerState.java:setLeader(253)) - 668e2474-c924-4725-a56b-888caa4fb9c5@group-1D4F8E5051E3: change Leader from null to ef99c7d8-2980-470c-bb97-d0a56dc986ad at term 1 for appendEntries, leader elected after 5189ms
2019-10-11 04:58:58,576 [grpc-default-executor-3] INFO  impl.RaftServerImpl (ServerState.java:setRaftConf(354)) - a2737f09-9e90-4fa2-b143-201484b1b099@group-5CC338151D8D: set configuration 0: [a2737f09-9e90-4fa2-b143-201484b1b099:192.168.157.200:40705, ef99c7d8-2980-470c-bb97-d0a56dc986ad:192.168.157.200:40900, 668e2474-c924-4725-a56b-888caa4fb9c5:192.168.157.200:44135], old=null at 0
2019-10-11 04:58:58,576 [grpc-default-executor-5] INFO  impl.RaftServerImpl (ServerState.java:setRaftConf(354)) - ef99c7d8-2980-470c-bb97-d0a56dc986ad@group-5CC338151D8D: set configuration 0: [a2737f09-9e90-4fa2-b143-201484b1b099:192.168.157.200:40705, ef99c7d8-2980-470c-bb97-d0a56dc986ad:192.168.157.200:40900, 668e2474-c924-4725-a56b-888caa4fb9c5:192.168.157.200:44135], old=null at 0
2019-10-11 04:58:58,576 [grpc-default-executor-2] INFO  impl.RaftServerImpl (ServerState.java:setRaftConf(354)) - a2737f09-9e90-4fa2-b143-201484b1b099@group-1D4F8E5051E3: set configuration 0: [a2737f09-9e90-4fa2-b143-201484b1b099:192.168.157.200:40705, ef99c7d8-2980-470c-bb97-d0a56dc986ad:192.168.157.200:40900, 668e2474-c924-4725-a56b-888caa4fb9c5:192.168.157.200:44135], old=null at 0
2019-10-11 04:58:58,576 [grpc-default-executor-5] INFO  segmented.SegmentedRaftLogWorker (SegmentedRaftLogWorker.java:startLogSegment(380)) - ef99c7d8-2980-470c-bb97-d0a56dc986ad@group-5CC338151D8D-SegmentedRaftLogWorker: Starting segment from index:0
2019-10-11 04:58:58,576 [grpc-default-executor-8] INFO  impl.RaftServerImpl (ServerState.java:setRaftConf(354)) - 668e2474-c924-4725-a56b-888caa4fb9c5@group-1D4F8E5051E3: set configuration 0: [a2737f09-9e90-4fa2-b143-201484b1b099:192.168.157.200:40705, ef99c7d8-2980-470c-bb97-d0a56dc986ad:192.168.157.200:40900, 668e2474-c924-4725-a56b-888caa4fb9c5:192.168.157.200:44135], old=null at 0
2019-10-11 04:58:58,576 [grpc-default-executor-3] INFO  segmented.SegmentedRaftLogWorker (SegmentedRaftLogWorker.java:startLogSegment(380)) - a2737f09-9e90-4fa2-b143-201484b1b099@group-5CC338151D8D-SegmentedRaftLogWorker: Starting segment from index:0
2019-10-11 04:58:58,577 [grpc-default-executor-8] INFO  segmented.SegmentedRaftLogWorker (SegmentedRaftLogWorker.java:startLogSegment(380)) - 668e2474-c924-4725-a56b-888caa4fb9c5@group-1D4F8E5051E3-SegmentedRaftLogWorker: Starting segment from index:0
2019-10-11 04:58:58,577 [grpc-default-executor-2] INFO  segmented.SegmentedRaftLogWorker (SegmentedRaftLogWorker.java:startLogSegment(380)) - a2737f09-9e90-4fa2-b143-201484b1b099@group-1D4F8E5051E3-SegmentedRaftLogWorker: Starting segment from index:0
2019-10-11 04:58:58,607 [668e2474-c924-4725-a56b-888caa4fb9c5@group-5CC338151D8D-SegmentedRaftLogWorker] INFO  segmented.SegmentedRaftLogWorker (SegmentedRaftLogWorker.java:execute(569)) - 668e2474-c924-4725-a56b-888caa4fb9c5@group-5CC338151D8D-SegmentedRaftLogWorker: created new log segment /workdir/hadoop-ozone/integration-test/target/test-dir/MiniOzoneClusterImpl-e577d82a-0303-4478-9167-bde1b199c1b9/datanode-5/data/ratis/572fbc68-5c93-4d3c-ac82-5cc338151d8d/current/log_inprogress_0
2019-10-11 04:58:58,607 [668e2474-c924-4725-a56b-888caa4fb9c5@group-1D4F8E5051E3-SegmentedRaftLogWorker] INFO  segmented.SegmentedRaftLogWorker (SegmentedRaftLogWorker.java:execute(569)) - 668e2474-c924-4725-a56b-888caa4fb9c5@group-1D4F8E5051E3-SegmentedRaftLogWorker: created new log segment /workdir/hadoop-ozone/integration-test/target/test-dir/MiniOzoneClusterImpl-e577d82a-0303-4478-9167-bde1b199c1b9/datanode-5/data/ratis/f91ad6b4-4ce5-40f3-83ed-1d4f8e5051e3/current/log_inprogress_0
2019-10-11 04:58:58,610 [ef99c7d8-2980-470c-bb97-d0a56dc986ad@group-5CC338151D8D-SegmentedRaftLogWorker] INFO  segmented.SegmentedRaftLogWorker (SegmentedRaftLogWorker.java:execute(569)) - ef99c7d8-2980-470c-bb97-d0a56dc986ad@group-5CC338151D8D-SegmentedRaftLogWorker: created new log segment /workdir/hadoop-ozone/integration-test/target/test-dir/MiniOzoneClusterImpl-e577d82a-0303-4478-9167-bde1b199c1b9/datanode-3/data/ratis/572fbc68-5c93-4d3c-ac82-5cc338151d8d/current/log_inprogress_0
2019-10-11 04:58:58,610 [a2737f09-9e90-4fa2-b143-201484b1b099@group-1D4F8E5051E3-SegmentedRaftLogWorker] INFO  segmented.SegmentedRaftLogWorker (SegmentedRaftLogWorker.java:execute(569)) - a2737f09-9e90-4fa2-b143-201484b1b099@group-1D4F8E5051E3-SegmentedRaftLogWorker: created new log segment /workdir/hadoop-ozone/integration-test/target/test-dir/MiniOzoneClusterImpl-e577d82a-0303-4478-9167-bde1b199c1b9/datanode-4/data/ratis/f91ad6b4-4ce5-40f3-83ed-1d4f8e5051e3/current/log_inprogress_0
2019-10-11 04:58:58,614 [a2737f09-9e90-4fa2-b143-201484b1b099@group-5CC338151D8D-SegmentedRaftLogWorker] INFO  segmented.SegmentedRaftLogWorker (SegmentedRaftLogWorker.java:execute(569)) - a2737f09-9e90-4fa2-b143-201484b1b099@group-5CC338151D8D-SegmentedRaftLogWorker: created new log segment /workdir/hadoop-ozone/integration-test/target/test-dir/MiniOzoneClusterImpl-e577d82a-0303-4478-9167-bde1b199c1b9/datanode-4/data/ratis/572fbc68-5c93-4d3c-ac82-5cc338151d8d/current/log_inprogress_0
2019-10-11 04:58:58,642 [ef99c7d8-2980-470c-bb97-d0a56dc986ad@group-1D4F8E5051E3-SegmentedRaftLogWorker] INFO  segmented.SegmentedRaftLogWorker (SegmentedRaftLogWorker.java:execute(569)) - ef99c7d8-2980-470c-bb97-d0a56dc986ad@group-1D4F8E5051E3-SegmentedRaftLogWorker: created new log segment /workdir/hadoop-ozone/integration-test/target/test-dir/MiniOzoneClusterImpl-e577d82a-0303-4478-9167-bde1b199c1b9/datanode-3/data/ratis/f91ad6b4-4ce5-40f3-83ed-1d4f8e5051e3/current/log_inprogress_0
2019-10-11 04:59:00,691 [grpc-default-worker-ELG-3-4] WARN  nio.NioEventLoop (NioEventLoop.java:select(786)) - Selector.select() returned prematurely {} times in a row; rebuilding Selector {}.
2019-10-11 04:59:00,692 [grpc-default-worker-ELG-3-4] INFO  nio.NioEventLoop (NioEventLoop.java:rebuildSelector0(396)) - Migrated 10 channel(s) to the new Selector.
2019-10-11 04:59:03,567 [Thread-4729] INFO  impl.FollowerState (FollowerState.java:run(106)) - b8a80b88-8207-4354-80bd-5836997861aa:group-F22D5D1969C6 changes to CANDIDATE, lastRpcTime:5057, electionTimeout:5057ms
2019-10-11 04:59:03,568 [Thread-4729] INFO  impl.RoleInfo (RoleInfo.java:shutdownFollowerState(121)) - b8a80b88-8207-4354-80bd-5836997861aa: shutdown FollowerState
2019-10-11 04:59:03,568 [Thread-4729] INFO  impl.RaftServerImpl (RaftServerImpl.java:setRole(174)) - b8a80b88-8207-4354-80bd-5836997861aa@group-F22D5D1969C6: changes role from  FOLLOWER to CANDIDATE at term 1 for changeToCandidate
2019-10-11 04:59:03,568 [Thread-4729] INFO  impl.RoleInfo (RoleInfo.java:updateAndGet(143)) - b8a80b88-8207-4354-80bd-5836997861aa: start LeaderElection
2019-10-11 04:59:03,633 [Thread-4727] INFO  impl.FollowerState (FollowerState.java:run(106)) - fa81099d-148a-45cb-bef5-8c6163d4f5a6:group-F22D5D1969C6 changes to CANDIDATE, lastRpcTime:5124, electionTimeout:5123ms
2019-10-11 04:59:03,633 [Thread-4727] INFO  impl.RoleInfo (RoleInfo.java:shutdownFollowerState(121)) - fa81099d-148a-45cb-bef5-8c6163d4f5a6: shutdown FollowerState
2019-10-11 04:59:03,633 [Thread-4727] INFO  impl.RaftServerImpl (RaftServerImpl.java:setRole(174)) - fa81099d-148a-45cb-bef5-8c6163d4f5a6@group-F22D5D1969C6: changes role from  FOLLOWER to CANDIDATE at term 1 for changeToCandidate
2019-10-11 04:59:03,633 [Thread-4727] INFO  impl.RoleInfo (RoleInfo.java:updateAndGet(143)) - fa81099d-148a-45cb-bef5-8c6163d4f5a6: start LeaderElection
2019-10-11 04:59:03,662 [Thread-4731] INFO  impl.FollowerState (FollowerState.java:run(106)) - 08b98450-8e35-472b-a579-8677a58ff9b2:group-F22D5D1969C6 changes to CANDIDATE, lastRpcTime:5151, electionTimeout:5150ms
2019-10-11 04:59:03,662 [Thread-4731] INFO  impl.RoleInfo (RoleInfo.java:shutdownFollowerState(121)) - 08b98450-8e35-472b-a579-8677a58ff9b2: shutdown FollowerState
2019-10-11 04:59:03,662 [Thread-4731] INFO  impl.RaftServerImpl (RaftServerImpl.java:setRole(174)) - 08b98450-8e35-472b-a579-8677a58ff9b2@group-F22D5D1969C6: changes role from  FOLLOWER to CANDIDATE at term 1 for changeToCandidate
2019-10-11 04:59:03,662 [Thread-4731] INFO  impl.RoleInfo (RoleInfo.java:updateAndGet(143)) - 08b98450-8e35-472b-a579-8677a58ff9b2: start LeaderElection
2019-10-11 04:59:03,666 [Thread-4732] INFO  impl.FollowerState (FollowerState.java:run(106)) - 08b98450-8e35-472b-a579-8677a58ff9b2:group-99EB7C4773DB changes to CANDIDATE, lastRpcTime:5155, electionTimeout:5154ms
2019-10-11 04:59:03,666 [Thread-4732] INFO  impl.RoleInfo (RoleInfo.java:shutdownFollowerState(121)) - 08b98450-8e35-472b-a579-8677a58ff9b2: shutdown FollowerState
2019-10-11 04:59:03,666 [Thread-4732] INFO  impl.RaftServerImpl (RaftServerImpl.java:setRole(174)) - 08b98450-8e35-472b-a579-8677a58ff9b2@group-99EB7C4773DB: changes role from  FOLLOWER to CANDIDATE at term 1 for changeToCandidate
2019-10-11 04:59:03,666 [Thread-4732] INFO  impl.RoleInfo (RoleInfo.java:updateAndGet(143)) - 08b98450-8e35-472b-a579-8677a58ff9b2: start LeaderElection
2019-10-11 04:59:03,670 [Thread-4728] INFO  impl.FollowerState (FollowerState.java:run(106)) - fa81099d-148a-45cb-bef5-8c6163d4f5a6:group-99EB7C4773DB changes to CANDIDATE, lastRpcTime:5161, electionTimeout:5161ms
2019-10-11 04:59:03,670 [Thread-4728] INFO  impl.RoleInfo (RoleInfo.java:shutdownFollowerState(121)) - fa81099d-148a-45cb-bef5-8c6163d4f5a6: shutdown FollowerState
2019-10-11 04:59:03,670 [Thread-4728] INFO  impl.RaftServerImpl (RaftServerImpl.java:setRole(174)) - fa81099d-148a-45cb-bef5-8c6163d4f5a6@group-99EB7C4773DB: changes role from  FOLLOWER to CANDIDATE at term 1 for changeToCandidate
2019-10-11 04:59:03,671 [Thread-4728] INFO  impl.RoleInfo (RoleInfo.java:updateAndGet(143)) - fa81099d-148a-45cb-bef5-8c6163d4f5a6: start LeaderElection
2019-10-11 04:59:03,701 [Thread-4730] INFO  impl.FollowerState (FollowerState.java:run(106)) - b8a80b88-8207-4354-80bd-5836997861aa:group-99EB7C4773DB changes to CANDIDATE, lastRpcTime:5191, electionTimeout:5191ms
2019-10-11 04:59:03,701 [Thread-4730] INFO  impl.RoleInfo (RoleInfo.java:shutdownFollowerState(121)) - b8a80b88-8207-4354-80bd-5836997861aa: shutdown FollowerState
2019-10-11 04:59:03,701 [Thread-4730] INFO  impl.RaftServerImpl (RaftServerImpl.java:setRole(174)) - b8a80b88-8207-4354-80bd-5836997861aa@group-99EB7C4773DB: changes role from  FOLLOWER to CANDIDATE at term 1 for changeToCandidate
2019-10-11 04:59:03,701 [Thread-4730] INFO  impl.RoleInfo (RoleInfo.java:updateAndGet(143)) - b8a80b88-8207-4354-80bd-5836997861aa: start LeaderElection
2019-10-11 04:59:08,581 [b8a80b88-8207-4354-80bd-5836997861aa@group-F22D5D1969C6:LeaderElection110] INFO  impl.LeaderElection (LeaderElection.java:askForVotes(182)) - b8a80b88-8207-4354-80bd-5836997861aa@group-F22D5D1969C6:LeaderElection110: begin an election at term 2 for -1: [08b98450-8e35-472b-a579-8677a58ff9b2:192.168.157.200:42117, b8a80b88-8207-4354-80bd-5836997861aa:192.168.157.200:36671, fa81099d-148a-45cb-bef5-8c6163d4f5a6:192.168.157.200:46533], old=null
2019-10-11 04:59:08,582 [b8a80b88-8207-4354-80bd-5836997861aa@group-99EB7C4773DB:LeaderElection115] INFO  impl.LeaderElection (LeaderElection.java:askForVotes(182)) - b8a80b88-8207-4354-80bd-5836997861aa@group-99EB7C4773DB:LeaderElection115: begin an election at term 2 for -1: [08b98450-8e35-472b-a579-8677a58ff9b2:192.168.157.200:42117, b8a80b88-8207-4354-80bd-5836997861aa:192.168.157.200:36671, fa81099d-148a-45cb-bef5-8c6163d4f5a6:192.168.157.200:46533], old=null
2019-10-11 04:59:08,582 [08b98450-8e35-472b-a579-8677a58ff9b2@group-F22D5D1969C6:LeaderElection112] INFO  impl.LeaderElection (LeaderElection.java:askForVotes(182)) - 08b98450-8e35-472b-a579-8677a58ff9b2@group-F22D5D1969C6:LeaderElection112: begin an election at term 2 for -1: [08b98450-8e35-472b-a579-8677a58ff9b2:192.168.157.200:42117, b8a80b88-8207-4354-80bd-5836997861aa:192.168.157.200:36671, fa81099d-148a-45cb-bef5-8c6163d4f5a6:192.168.157.200:46533], old=null
2019-10-11 04:59:08,583 [fa81099d-148a-45cb-bef5-8c6163d4f5a6@group-99EB7C4773DB:LeaderElection114] INFO  impl.LeaderElection (LeaderElection.java:askForVotes(182)) - fa81099d-148a-45cb-bef5-8c6163d4f5a6@group-99EB7C4773DB:LeaderElection114: begin an election at term 2 for -1: [08b98450-8e35-472b-a579-8677a58ff9b2:192.168.157.200:42117, b8a80b88-8207-4354-80bd-5836997861aa:192.168.157.200:36671, fa81099d-148a-45cb-bef5-8c6163d4f5a6:192.168.157.200:46533], old=null
2019-10-11 04:59:08,582 [08b98450-8e35-472b-a579-8677a58ff9b2@group-99EB7C4773DB:LeaderElection113] INFO  impl.LeaderElection (LeaderElection.java:askForVotes(182)) - 08b98450-8e35-472b-a579-8677a58ff9b2@group-99EB7C4773DB:LeaderElection113: begin an election at term 2 for -1: [08b98450-8e35-472b-a579-8677a58ff9b2:192.168.157.200:42117, b8a80b88-8207-4354-80bd-5836997861aa:192.168.157.200:36671, fa81099d-148a-45cb-bef5-8c6163d4f5a6:192.168.157.200:46533], old=null
2019-10-11 04:59:08,582 [fa81099d-148a-45cb-bef5-8c6163d4f5a6@group-F22D5D1969C6:LeaderElection111] INFO  impl.LeaderElection (LeaderElection.java:askForVotes(182)) - fa81099d-148a-45cb-bef5-8c6163d4f5a6@group-F22D5D1969C6:LeaderElection111: begin an election at term 2 for -1: [08b98450-8e35-472b-a579-8677a58ff9b2:192.168.157.200:42117, b8a80b88-8207-4354-80bd-5836997861aa:192.168.157.200:36671, fa81099d-148a-45cb-bef5-8c6163d4f5a6:192.168.157.200:46533], old=null
2019-10-11 04:59:08,589 [b8a80b88-8207-4354-80bd-5836997861aa@group-F22D5D1969C6:LeaderElection110] INFO  impl.LeaderElection (LeaderElection.java:logAndReturn(56)) - b8a80b88-8207-4354-80bd-5836997861aa@group-F22D5D1969C6:LeaderElection110: Election REJECTED; received 2 response(s) [b8a80b88-8207-4354-80bd-5836997861aa<-08b98450-8e35-472b-a579-8677a58ff9b2#0:FAIL-t2, b8a80b88-8207-4354-80bd-5836997861aa<-fa81099d-148a-45cb-bef5-8c6163d4f5a6#0:FAIL-t2] and 0 exception(s); b8a80b88-8207-4354-80bd-5836997861aa@group-F22D5D1969C6:t2, leader=null, voted=b8a80b88-8207-4354-80bd-5836997861aa, raftlog=b8a80b88-8207-4354-80bd-5836997861aa@group-F22D5D1969C6-SegmentedRaftLog:OPENED:c-1,f-1,i0, conf=-1: [08b98450-8e35-472b-a579-8677a58ff9b2:192.168.157.200:42117, b8a80b88-8207-4354-80bd-5836997861aa:192.168.157.200:36671, fa81099d-148a-45cb-bef5-8c6163d4f5a6:192.168.157.200:46533], old=null
2019-10-11 04:59:08,589 [08b98450-8e35-472b-a579-8677a58ff9b2@group-F22D5D1969C6:LeaderElection112] INFO  impl.LeaderElection (LeaderElection.java:logAndReturn(56)) - 08b98450-8e35-472b-a579-8677a58ff9b2@group-F22D5D1969C6:LeaderElection112: Election REJECTED; received 2 response(s) [08b98450-8e35-472b-a579-8677a58ff9b2<-b8a80b88-8207-4354-80bd-5836997861aa#0:FAIL-t2, 08b98450-8e35-472b-a579-8677a58ff9b2<-fa81099d-148a-45cb-bef5-8c6163d4f5a6#0:FAIL-t2] and 0 exception(s); 08b98450-8e35-472b-a579-8677a58ff9b2@group-F22D5D1969C6:t2, leader=null, voted=08b98450-8e35-472b-a579-8677a58ff9b2, raftlog=08b98450-8e35-472b-a579-8677a58ff9b2@group-F22D5D1969C6-SegmentedRaftLog:OPENED:c-1,f-1,i0, conf=-1: [08b98450-8e35-472b-a579-8677a58ff9b2:192.168.157.200:42117, b8a80b88-8207-4354-80bd-5836997861aa:192.168.157.200:36671, fa81099d-148a-45cb-bef5-8c6163d4f5a6:192.168.157.200:46533], old=null
2019-10-11 04:59:08,589 [b8a80b88-8207-4354-80bd-5836997861aa@group-F22D5D1969C6:LeaderElection110] INFO  impl.RaftServerImpl (RaftServerImpl.java:setRole(174)) - b8a80b88-8207-4354-80bd-5836997861aa@group-F22D5D1969C6: changes role from CANDIDATE to FOLLOWER at term 2 for DISCOVERED_A_NEW_TERM
2019-10-11 04:59:08,589 [08b98450-8e35-472b-a579-8677a58ff9b2@group-F22D5D1969C6:LeaderElection112] INFO  impl.RaftServerImpl (RaftServerImpl.java:setRole(174)) - 08b98450-8e35-472b-a579-8677a58ff9b2@group-F22D5D1969C6: changes role from CANDIDATE to FOLLOWER at term 2 for DISCOVERED_A_NEW_TERM
2019-10-11 04:59:08,589 [b8a80b88-8207-4354-80bd-5836997861aa@group-99EB7C4773DB:LeaderElection115] INFO  impl.LeaderElection (LeaderElection.java:logAndReturn(56)) - b8a80b88-8207-4354-80bd-5836997861aa@group-99EB7C4773DB:LeaderElection115: Election REJECTED; received 2 response(s) [b8a80b88-8207-4354-80bd-5836997861aa<-08b98450-8e35-472b-a579-8677a58ff9b2#0:FAIL-t2, b8a80b88-8207-4354-80bd-5836997861aa<-fa81099d-148a-45cb-bef5-8c6163d4f5a6#0:FAIL-t2] and 0 exception(s); b8a80b88-8207-4354-80bd-5836997861aa@group-99EB7C4773DB:t2, leader=null, voted=b8a80b88-8207-4354-80bd-5836997861aa, raftlog=b8a80b88-8207-4354-80bd-5836997861aa@group-99EB7C4773DB-SegmentedRaftLog:OPENED:c-1,f-1,i0, conf=-1: [08b98450-8e35-472b-a579-8677a58ff9b2:192.168.157.200:42117, b8a80b88-8207-4354-80bd-5836997861aa:192.168.157.200:36671, fa81099d-148a-45cb-bef5-8c6163d4f5a6:192.168.157.200:46533], old=null
2019-10-11 04:59:08,590 [08b98450-8e35-472b-a579-8677a58ff9b2@group-99EB7C4773DB:LeaderElection113] INFO  impl.LeaderElection (LeaderElection.java:logAndReturn(56)) - 08b98450-8e35-472b-a579-8677a58ff9b2@group-99EB7C4773DB:LeaderElection113: Election REJECTED; received 2 response(s) [08b98450-8e35-472b-a579-8677a58ff9b2<-b8a80b88-8207-4354-80bd-5836997861aa#0:FAIL-t2, 08b98450-8e35-472b-a579-8677a58ff9b2<-fa81099d-148a-45cb-bef5-8c6163d4f5a6#0:FAIL-t2] and 0 exception(s); 08b98450-8e35-472b-a579-8677a58ff9b2@group-99EB7C4773DB:t2, leader=null, voted=08b98450-8e35-472b-a579-8677a58ff9b2, raftlog=08b98450-8e35-472b-a579-8677a58ff9b2@group-99EB7C4773DB-SegmentedRaftLog:OPENED:c-1,f-1,i0, conf=-1: [08b98450-8e35-472b-a579-8677a58ff9b2:192.168.157.200:42117, b8a80b88-8207-4354-80bd-5836997861aa:192.168.157.200:36671, fa81099d-148a-45cb-bef5-8c6163d4f5a6:192.168.157.200:46533], old=null
2019-10-11 04:59:08,589 [08b98450-8e35-472b-a579-8677a58ff9b2@group-F22D5D1969C6:LeaderElection112] INFO  impl.RoleInfo (RoleInfo.java:shutdownLeaderElection(134)) - 08b98450-8e35-472b-a579-8677a58ff9b2: shutdown LeaderElection
2019-10-11 04:59:08,589 [b8a80b88-8207-4354-80bd-5836997861aa@group-F22D5D1969C6:LeaderElection110] INFO  impl.RoleInfo (RoleInfo.java:shutdownLeaderElection(134)) - b8a80b88-8207-4354-80bd-5836997861aa: shutdown LeaderElection
2019-10-11 04:59:08,590 [08b98450-8e35-472b-a579-8677a58ff9b2@group-F22D5D1969C6:LeaderElection112] INFO  impl.RoleInfo (RoleInfo.java:updateAndGet(143)) - 08b98450-8e35-472b-a579-8677a58ff9b2: start FollowerState
2019-10-11 04:59:08,590 [08b98450-8e35-472b-a579-8677a58ff9b2@group-99EB7C4773DB:LeaderElection113] INFO  impl.RaftServerImpl (RaftServerImpl.java:setRole(174)) - 08b98450-8e35-472b-a579-8677a58ff9b2@group-99EB7C4773DB: changes role from CANDIDATE to FOLLOWER at term 2 for DISCOVERED_A_NEW_TERM
2019-10-11 04:59:08,590 [b8a80b88-8207-4354-80bd-5836997861aa@group-99EB7C4773DB:LeaderElection115] INFO  impl.RaftServerImpl (RaftServerImpl.java:setRole(174)) - b8a80b88-8207-4354-80bd-5836997861aa@group-99EB7C4773DB: changes role from CANDIDATE to FOLLOWER at term 2 for DISCOVERED_A_NEW_TERM
2019-10-11 04:59:08,591 [08b98450-8e35-472b-a579-8677a58ff9b2@group-99EB7C4773DB:LeaderElection113] INFO  impl.RoleInfo (RoleInfo.java:shutdownLeaderElection(134)) - 08b98450-8e35-472b-a579-8677a58ff9b2: shutdown LeaderElection
2019-10-11 04:59:08,591 [b8a80b88-8207-4354-80bd-5836997861aa@group-F22D5D1969C6:LeaderElection110] INFO  impl.RoleInfo (RoleInfo.java:updateAndGet(143)) - b8a80b88-8207-4354-80bd-5836997861aa: start FollowerState
2019-10-11 04:59:08,591 [08b98450-8e35-472b-a579-8677a58ff9b2@group-99EB7C4773DB:LeaderElection113] INFO  impl.RoleInfo (RoleInfo.java:updateAndGet(143)) - 08b98450-8e35-472b-a579-8677a58ff9b2: start FollowerState
2019-10-11 04:59:08,591 [b8a80b88-8207-4354-80bd-5836997861aa@group-99EB7C4773DB:LeaderElection115] INFO  impl.RoleInfo (RoleInfo.java:shutdownLeaderElection(134)) - b8a80b88-8207-4354-80bd-5836997861aa: shutdown LeaderElection
2019-10-11 04:59:08,592 [b8a80b88-8207-4354-80bd-5836997861aa@group-99EB7C4773DB:LeaderElection115] INFO  impl.RoleInfo (RoleInfo.java:updateAndGet(143)) - b8a80b88-8207-4354-80bd-5836997861aa: start FollowerState
2019-10-11 04:59:08,592 [fa81099d-148a-45cb-bef5-8c6163d4f5a6@group-F22D5D1969C6:LeaderElection111] INFO  impl.LeaderElection (LeaderElection.java:logAndReturn(56)) - fa81099d-148a-45cb-bef5-8c6163d4f5a6@group-F22D5D1969C6:LeaderElection111: Election REJECTED; received 2 response(s) [fa81099d-148a-45cb-bef5-8c6163d4f5a6<-08b98450-8e35-472b-a579-8677a58ff9b2#0:FAIL-t2, fa81099d-148a-45cb-bef5-8c6163d4f5a6<-b8a80b88-8207-4354-80bd-5836997861aa#0:FAIL-t2] and 0 exception(s); fa81099d-148a-45cb-bef5-8c6163d4f5a6@group-F22D5D1969C6:t2, leader=null, voted=fa81099d-148a-45cb-bef5-8c6163d4f5a6, raftlog=fa81099d-148a-45cb-bef5-8c6163d4f5a6@group-F22D5D1969C6-SegmentedRaftLog:OPENED:c-1,f-1,i0, conf=-1: [08b98450-8e35-472b-a579-8677a58ff9b2:192.168.157.200:42117, b8a80b88-8207-4354-80bd-5836997861aa:192.168.157.200:36671, fa81099d-148a-45cb-bef5-8c6163d4f5a6:192.168.157.200:46533], old=null
2019-10-11 04:59:08,592 [fa81099d-148a-45cb-bef5-8c6163d4f5a6@group-F22D5D1969C6:LeaderElection111] INFO  impl.RaftServerImpl (RaftServerImpl.java:setRole(174)) - fa81099d-148a-45cb-bef5-8c6163d4f5a6@group-F22D5D1969C6: changes role from CANDIDATE to FOLLOWER at term 2 for DISCOVERED_A_NEW_TERM
2019-10-11 04:59:08,592 [fa81099d-148a-45cb-bef5-8c6163d4f5a6@group-F22D5D1969C6:LeaderElection111] INFO  impl.RoleInfo (RoleInfo.java:shutdownLeaderElection(134)) - fa81099d-148a-45cb-bef5-8c6163d4f5a6: shutdown LeaderElection
2019-10-11 04:59:08,592 [fa81099d-148a-45cb-bef5-8c6163d4f5a6@group-F22D5D1969C6:LeaderElection111] INFO  impl.RoleInfo (RoleInfo.java:updateAndGet(143)) - fa81099d-148a-45cb-bef5-8c6163d4f5a6: start FollowerState
2019-10-11 04:59:08,593 [fa81099d-148a-45cb-bef5-8c6163d4f5a6@group-99EB7C4773DB:LeaderElection114] INFO  impl.LeaderElection (LeaderElection.java:logAndReturn(56)) - fa81099d-148a-45cb-bef5-8c6163d4f5a6@group-99EB7C4773DB:LeaderElection114: Election REJECTED; received 2 response(s) [fa81099d-148a-45cb-bef5-8c6163d4f5a6<-08b98450-8e35-472b-a579-8677a58ff9b2#0:FAIL-t2, fa81099d-148a-45cb-bef5-8c6163d4f5a6<-b8a80b88-8207-4354-80bd-5836997861aa#0:FAIL-t2] and 0 exception(s); fa81099d-148a-45cb-bef5-8c6163d4f5a6@group-99EB7C4773DB:t2, leader=null, voted=fa81099d-148a-45cb-bef5-8c6163d4f5a6, raftlog=fa81099d-148a-45cb-bef5-8c6163d4f5a6@group-99EB7C4773DB-SegmentedRaftLog:OPENED:c-1,f-1,i0, conf=-1: [08b98450-8e35-472b-a579-8677a58ff9b2:192.168.157.200:42117, b8a80b88-8207-4354-80bd-5836997861aa:192.168.157.200:36671, fa81099d-148a-45cb-bef5-8c6163d4f5a6:192.168.157.200:46533], old=null
2019-10-11 04:59:08,593 [fa81099d-148a-45cb-bef5-8c6163d4f5a6@group-99EB7C4773DB:LeaderElection114] INFO  impl.RaftServerImpl (RaftServerImpl.java:setRole(174)) - fa81099d-148a-45cb-bef5-8c6163d4f5a6@group-99EB7C4773DB: changes role from CANDIDATE to FOLLOWER at term 2 for DISCOVERED_A_NEW_TERM
2019-10-11 04:59:08,593 [fa81099d-148a-45cb-bef5-8c6163d4f5a6@group-99EB7C4773DB:LeaderElection114] INFO  impl.RoleInfo (RoleInfo.java:shutdownLeaderElection(134)) - fa81099d-148a-45cb-bef5-8c6163d4f5a6: shutdown LeaderElection
2019-10-11 04:59:08,593 [fa81099d-148a-45cb-bef5-8c6163d4f5a6@group-99EB7C4773DB:LeaderElection114] INFO  impl.RoleInfo (RoleInfo.java:updateAndGet(143)) - fa81099d-148a-45cb-bef5-8c6163d4f5a6: start FollowerState
]]></system-out>
    <system-err><![CDATA[Oct 11, 2019 4:58:52 AM org.apache.ratis.thirdparty.io.grpc.internal.ManagedChannelOrphanWrapper$ManagedChannelReference cleanQueue
SEVERE: *~*~*~ Channel ManagedChannelImpl{logId=7297, target=192.168.157.200:35562} was not shutdown properly!!! ~*~*~*
    Make sure to call shutdown()/shutdownNow() and wait until awaitTermination() returns true.
java.lang.RuntimeException: ManagedChannel allocation site
	at org.apache.ratis.thirdparty.io.grpc.internal.ManagedChannelOrphanWrapper$ManagedChannelReference.<init>(ManagedChannelOrphanWrapper.java:103)
	at org.apache.ratis.thirdparty.io.grpc.internal.ManagedChannelOrphanWrapper.<init>(ManagedChannelOrphanWrapper.java:53)
	at org.apache.ratis.thirdparty.io.grpc.internal.ManagedChannelOrphanWrapper.<init>(ManagedChannelOrphanWrapper.java:44)
	at org.apache.ratis.thirdparty.io.grpc.internal.AbstractManagedChannelImplBuilder.build(AbstractManagedChannelImplBuilder.java:411)
	at org.apache.ratis.grpc.client.GrpcClientProtocolClient.<init>(GrpcClientProtocolClient.java:127)
	at org.apache.ratis.grpc.client.GrpcClientRpc.lambda$new$0(GrpcClientRpc.java:55)
	at org.apache.ratis.util.PeerProxyMap$PeerAndProxy.lambda$getProxy$0(PeerProxyMap.java:61)
	at org.apache.ratis.util.LifeCycle.startAndTransition(LifeCycle.java:202)
	at org.apache.ratis.util.PeerProxyMap$PeerAndProxy.getProxy(PeerProxyMap.java:60)
	at org.apache.ratis.util.PeerProxyMap.getProxy(PeerProxyMap.java:108)
	at org.apache.ratis.grpc.client.GrpcClientRpc.sendRequestAsync(GrpcClientRpc.java:66)
	at org.apache.ratis.client.impl.OrderedAsync.sendRequest(OrderedAsync.java:208)
	at org.apache.ratis.client.impl.OrderedAsync.sendRequestWithRetry(OrderedAsync.java:169)
	at org.apache.ratis.util.SlidingWindow$Client.sendOrDelayRequest(SlidingWindow.java:278)
	at org.apache.ratis.util.SlidingWindow$Client.retry(SlidingWindow.java:294)
	at org.apache.ratis.client.impl.OrderedAsync.lambda$scheduleWithTimeout$7(OrderedAsync.java:195)
	at org.apache.ratis.util.TimeoutScheduler.lambda$onTimeout$0(TimeoutScheduler.java:113)
	at org.apache.ratis.util.TimeoutScheduler.lambda$onTimeout$1(TimeoutScheduler.java:133)
	at org.apache.ratis.util.LogUtils.runAndLog(LogUtils.java:50)
	at org.apache.ratis.util.LogUtils$1.run(LogUtils.java:91)
	at java.util.concurrent.Executors$RunnableAdapter.call(Executors.java:511)
	at java.util.concurrent.FutureTask.run(FutureTask.java:266)
	at java.util.concurrent.ScheduledThreadPoolExecutor$ScheduledFutureTask.access$201(ScheduledThreadPoolExecutor.java:180)
	at java.util.concurrent.ScheduledThreadPoolExecutor$ScheduledFutureTask.run(ScheduledThreadPoolExecutor.java:293)
	at java.util.concurrent.ThreadPoolExecutor.runWorker(ThreadPoolExecutor.java:1149)
	at java.util.concurrent.ThreadPoolExecutor$Worker.run(ThreadPoolExecutor.java:624)
	at java.lang.Thread.run(Thread.java:748)

]]></system-err>
  </testcase>
</testsuite>