<?xml version="1.0" encoding="UTF-8"?>
<testsuite xmlns:xsi="http://www.w3.org/2001/XMLSchema-instance" xsi:noNamespaceSchemaLocation="https://maven.apache.org/surefire/maven-surefire-plugin/xsd/surefire-test-report.xsd" name="org.apache.hadoop.ozone.client.rpc.TestWatchForCommit" time="199.684" tests="5" errors="2" skipped="0" failures="0">
  <properties>
    <property name="awt.toolkit" value="sun.awt.X11.XToolkit"/>
    <property name="file.encoding.pkg" value="sun.io"/>
    <property name="java.specification.version" value="1.8"/>
    <property name="sun.cpu.isalist" value=""/>
    <property name="sun.jnu.encoding" value="ANSI_X3.4-1968"/>
    <property name="java.class.path" value="/workdir/hadoop-ozone/integration-test/target/test-classes:/workdir/hadoop-ozone/integration-test/target/classes:/home/user/.m2/repository/org/apache/hadoop/hadoop-ozone-common/0.5.0-SNAPSHOT/hadoop-ozone-common-0.5.0-SNAPSHOT.jar:/home/user/.m2/repository/org/apache/commons/commons-compress/1.4.1/commons-compress-1.4.1.jar:/home/user/.m2/repository/org/tukaani/xz/1.0/xz-1.0.jar:/home/user/.m2/repository/org/apache/hadoop/hadoop-common/3.2.0/hadoop-common-3.2.0.jar:/home/user/.m2/repository/org/apache/hadoop/hadoop-hdfs/3.2.0/hadoop-hdfs-3.2.0.jar:/home/user/.m2/repository/org/apache/hadoop/hadoop-hdfs-client/3.2.0/hadoop-hdfs-client-3.2.0.jar:/home/user/.m2/repository/com/fasterxml/jackson/core/jackson-annotations/2.9.9/jackson-annotations-2.9.9.jar:/home/user/.m2/repository/org/apache/hadoop/hadoop-hdds-common/0.5.0-SNAPSHOT/hadoop-hdds-common-0.5.0-SNAPSHOT.jar:/home/user/.m2/repository/javax/annotation/javax.annotation-api/1.2/javax.annotation-api-1.2.jar:/home/user/.m2/repository/org/apache/ratis/ratis-server/0.5.0-201fc85-SNAPSHOT/ratis-server-0.5.0-201fc85-SNAPSHOT.jar:/home/user/.m2/repository/org/apache/ratis/ratis-thirdparty-misc/0.2.0/ratis-thirdparty-misc-0.2.0.jar:/home/user/.m2/repository/org/apache/ratis/ratis-proto/0.5.0-201fc85-SNAPSHOT/ratis-proto-0.5.0-201fc85-SNAPSHOT.jar:/home/user/.m2/repository/org/apache/ratis/ratis-common/0.5.0-201fc85-SNAPSHOT/ratis-common-0.5.0-201fc85-SNAPSHOT.jar:/home/user/.m2/repository/org/apache/ratis/ratis-client/0.5.0-201fc85-SNAPSHOT/ratis-client-0.5.0-201fc85-SNAPSHOT.jar:/home/user/.m2/repository/org/apache/ratis/ratis-metrics/0.5.0-201fc85-SNAPSHOT/ratis-metrics-0.5.0-201fc85-SNAPSHOT.jar:/home/user/.m2/repository/com/github/joshelser/dropwizard-metrics-hadoop-metrics2-reporter/0.1.2/dropwizard-metrics-hadoop-metrics2-reporter-0.1.2.jar:/home/user/.m2/repository/io/dropwizard/metrics/metrics-jvm/3.2.5/metrics-jvm-3.2.5.jar:/home/user/.m2/repository/io/dropwizard/metrics/metrics-ganglia/3.2.5/metrics-ganglia-3.2.5.jar:/home/user/.m2/repository/info/ganglia/gmetric4j/gmetric4j/1.0.7/gmetric4j-1.0.7.jar:/home/user/.m2/repository/org/apache/ratis/ratis-netty/0.5.0-201fc85-SNAPSHOT/ratis-netty-0.5.0-201fc85-SNAPSHOT.jar:/home/user/.m2/repository/org/apache/ratis/ratis-grpc/0.5.0-201fc85-SNAPSHOT/ratis-grpc-0.5.0-201fc85-SNAPSHOT.jar:/home/user/.m2/repository/org/rocksdb/rocksdbjni/6.0.1/rocksdbjni-6.0.1.jar:/home/user/.m2/repository/org/apache/logging/log4j/log4j-api/2.11.0/log4j-api-2.11.0.jar:/home/user/.m2/repository/org/apache/logging/log4j/log4j-core/2.11.0/log4j-core-2.11.0.jar:/home/user/.m2/repository/com/lmax/disruptor/3.4.2/disruptor-3.4.2.jar:/home/user/.m2/repository/org/apache/commons/commons-pool2/2.6.0/commons-pool2-2.6.0.jar:/home/user/.m2/repository/org/bouncycastle/bcpkix-jdk15on/1.60/bcpkix-jdk15on-1.60.jar:/home/user/.m2/repository/commons-validator/commons-validator/1.6/commons-validator-1.6.jar:/home/user/.m2/repository/commons-digester/commons-digester/1.8.1/commons-digester-1.8.1.jar:/home/user/.m2/repository/io/jaegertracing/jaeger-client/0.34.0/jaeger-client-0.34.0.jar:/home/user/.m2/repository/io/jaegertracing/jaeger-thrift/0.34.0/jaeger-thrift-0.34.0.jar:/home/user/.m2/repository/org/apache/thrift/libthrift/0.12.0/libthrift-0.12.0.jar:/home/user/.m2/repository/com/squareup/okhttp3/okhttp/3.9.0/okhttp-3.9.0.jar:/home/user/.m2/repository/com/squareup/okio/okio/1.13.0/okio-1.13.0.jar:/home/user/.m2/repository/io/jaegertracing/jaeger-core/0.34.0/jaeger-core-0.34.0.jar:/home/user/.m2/repository/io/jaegertracing/jaeger-tracerresolver/0.34.0/jaeger-tracerresolver-0.34.0.jar:/home/user/.m2/repository/io/opentracing/contrib/opentracing-tracerresolver/0.1.5/opentracing-tracerresolver-0.1.5.jar:/home/user/.m2/repository/io/opentracing/opentracing-util/0.31.0/opentracing-util-0.31.0.jar:/home/user/.m2/repository/io/opentracing/opentracing-api/0.31.0/opentracing-api-0.31.0.jar:/home/user/.m2/repository/io/opentracing/opentracing-noop/0.31.0/opentracing-noop-0.31.0.jar:/home/user/.m2/repository/org/apache/hadoop/hadoop-hdds-server-framework/0.5.0-SNAPSHOT/hadoop-hdds-server-framework-0.5.0-SNAPSHOT.jar:/home/user/.m2/repository/org/apache/hadoop/hadoop-hdds-container-service/0.5.0-SNAPSHOT/hadoop-hdds-container-service-0.5.0-SNAPSHOT.jar:/home/user/.m2/repository/org/apache/hadoop/hadoop-hdds-client/0.5.0-SNAPSHOT/hadoop-hdds-client-0.5.0-SNAPSHOT.jar:/home/user/.m2/repository/org/apache/hadoop/hadoop-hdds-tools/0.5.0-SNAPSHOT/hadoop-hdds-tools-0.5.0-SNAPSHOT.jar:/home/user/.m2/repository/org/apache/hadoop/hadoop-hdds-server-scm/0.5.0-SNAPSHOT/hadoop-hdds-server-scm-0.5.0-SNAPSHOT.jar:/home/user/.m2/repository/org/apache/hadoop/hadoop-hdds-docs/0.5.0-SNAPSHOT/hadoop-hdds-docs-0.5.0-SNAPSHOT.jar:/home/user/.m2/repository/io/dropwizard/metrics/metrics-core/3.2.4/metrics-core-3.2.4.jar:/home/user/.m2/repository/org/hamcrest/hamcrest-all/1.3/hamcrest-all-1.3.jar:/home/user/.m2/repository/org/bouncycastle/bcprov-jdk15on/1.60/bcprov-jdk15on-1.60.jar:/home/user/.m2/repository/info/picocli/picocli/3.9.6/picocli-3.9.6.jar:/home/user/.m2/repository/com/google/protobuf/protobuf-java/2.5.0/protobuf-java-2.5.0.jar:/home/user/.m2/repository/com/google/guava/guava/11.0.2/guava-11.0.2.jar:/home/user/.m2/repository/org/apache/hadoop/hadoop-ozone-ozone-manager/0.5.0-SNAPSHOT/hadoop-ozone-ozone-manager-0.5.0-SNAPSHOT.jar:/home/user/.m2/repository/org/apache/hadoop/hadoop-minikdc/3.2.0/hadoop-minikdc-3.2.0.jar:/home/user/.m2/repository/commons-io/commons-io/2.5/commons-io-2.5.jar:/home/user/.m2/repository/org/apache/kerby/kerb-simplekdc/1.0.1/kerb-simplekdc-1.0.1.jar:/home/user/.m2/repository/org/apache/kerby/kerb-client/1.0.1/kerb-client-1.0.1.jar:/home/user/.m2/repository/org/apache/kerby/kerby-config/1.0.1/kerby-config-1.0.1.jar:/home/user/.m2/repository/org/apache/kerby/kerb-core/1.0.1/kerb-core-1.0.1.jar:/home/user/.m2/repository/org/apache/kerby/kerby-pkix/1.0.1/kerby-pkix-1.0.1.jar:/home/user/.m2/repository/org/apache/kerby/kerby-asn1/1.0.1/kerby-asn1-1.0.1.jar:/home/user/.m2/repository/org/apache/kerby/kerby-util/1.0.1/kerby-util-1.0.1.jar:/home/user/.m2/repository/org/apache/kerby/kerb-common/1.0.1/kerb-common-1.0.1.jar:/home/user/.m2/repository/org/apache/kerby/kerb-crypto/1.0.1/kerb-crypto-1.0.1.jar:/home/user/.m2/repository/org/apache/kerby/kerb-util/1.0.1/kerb-util-1.0.1.jar:/home/user/.m2/repository/org/apache/kerby/token-provider/1.0.1/token-provider-1.0.1.jar:/home/user/.m2/repository/org/apache/kerby/kerb-admin/1.0.1/kerb-admin-1.0.1.jar:/home/user/.m2/repository/org/apache/kerby/kerb-server/1.0.1/kerb-server-1.0.1.jar:/home/user/.m2/repository/org/apache/kerby/kerb-identity/1.0.1/kerb-identity-1.0.1.jar:/home/user/.m2/repository/org/apache/kerby/kerby-xdr/1.0.1/kerby-xdr-1.0.1.jar:/home/user/.m2/repository/org/slf4j/slf4j-log4j12/1.7.25/slf4j-log4j12-1.7.25.jar:/home/user/.m2/repository/org/apache/hadoop/hadoop-ozone-s3gateway/0.5.0-SNAPSHOT/hadoop-ozone-s3gateway-0.5.0-SNAPSHOT.jar:/home/user/.m2/repository/org/jboss/weld/servlet/weld-servlet/2.4.7.Final/weld-servlet-2.4.7.Final.jar:/home/user/.m2/repository/org/glassfish/jersey/containers/jersey-container-servlet-core/2.27/jersey-container-servlet-core-2.27.jar:/home/user/.m2/repository/org/glassfish/hk2/external/javax.inject/2.5.0-b42/javax.inject-2.5.0-b42.jar:/home/user/.m2/repository/org/glassfish/jersey/core/jersey-common/2.27/jersey-common-2.27.jar:/home/user/.m2/repository/org/glassfish/hk2/osgi-resource-locator/1.0.1/osgi-resource-locator-1.0.1.jar:/home/user/.m2/repository/javax/ws/rs/javax.ws.rs-api/2.1/javax.ws.rs-api-2.1.jar:/home/user/.m2/repository/org/glassfish/jersey/ext/cdi/jersey-cdi1x/2.27/jersey-cdi1x-2.27.jar:/home/user/.m2/repository/org/glassfish/jersey/inject/jersey-hk2/2.27/jersey-hk2-2.27.jar:/home/user/.m2/repository/org/glassfish/hk2/hk2-locator/2.5.0-b42/hk2-locator-2.5.0-b42.jar:/home/user/.m2/repository/org/javassist/javassist/3.22.0-CR2/javassist-3.22.0-CR2.jar:/home/user/.m2/repository/org/glassfish/hk2/hk2-api/2.5.0/hk2-api-2.5.0.jar:/home/user/.m2/repository/org/glassfish/hk2/external/jakarta.inject/2.5.0/jakarta.inject-2.5.0.jar:/home/user/.m2/repository/org/glassfish/hk2/hk2-utils/2.5.0/hk2-utils-2.5.0.jar:/home/user/.m2/repository/jakarta/annotation/jakarta.annotation-api/1.3.4/jakarta.annotation-api-1.3.4.jar:/home/user/.m2/repository/org/glassfish/hk2/external/aopalliance-repackaged/2.5.0/aopalliance-repackaged-2.5.0.jar:/home/user/.m2/repository/com/fasterxml/jackson/dataformat/jackson-dataformat-xml/2.9.0/jackson-dataformat-xml-2.9.0.jar:/home/user/.m2/repository/com/fasterxml/jackson/core/jackson-core/2.9.9/jackson-core-2.9.9.jar:/home/user/.m2/repository/com/fasterxml/jackson/module/jackson-module-jaxb-annotations/2.9.9/jackson-module-jaxb-annotations-2.9.9.jar:/home/user/.m2/repository/javax/enterprise/cdi-api/1.2/cdi-api-1.2.jar:/home/user/.m2/repository/javax/el/javax.el-api/3.0.0/javax.el-api-3.0.0.jar:/home/user/.m2/repository/javax/interceptor/javax.interceptor-api/1.2/javax.interceptor-api-1.2.jar:/home/user/.m2/repository/javax/inject/javax.inject/1/javax.inject-1.jar:/home/user/.m2/repository/com/sun/xml/bind/jaxb-impl/2.3.0.1/jaxb-impl-2.3.0.1.jar:/home/user/.m2/repository/com/sun/xml/bind/jaxb-core/2.3.0.1/jaxb-core-2.3.0.1.jar:/home/user/.m2/repository/javax/xml/bind/jaxb-api/2.3.0/jaxb-api-2.3.0.jar:/home/user/.m2/repository/javax/activation/activation/1.1.1/activation-1.1.1.jar:/home/user/.m2/repository/org/apache/hadoop/hadoop-ozone-csi/0.5.0-SNAPSHOT/hadoop-ozone-csi-0.5.0-SNAPSHOT.jar:/home/user/.m2/repository/com/google/protobuf/protobuf-java-util/3.5.1/protobuf-java-util-3.5.1.jar:/home/user/.m2/repository/org/apache/hadoop/hadoop-hdds-config/0.5.0-SNAPSHOT/hadoop-hdds-config-0.5.0-SNAPSHOT.jar:/home/user/.m2/repository/io/grpc/grpc-netty/1.17.1/grpc-netty-1.17.1.jar:/home/user/.m2/repository/io/grpc/grpc-core/1.17.1/grpc-core-1.17.1.jar:/home/user/.m2/repository/io/grpc/grpc-context/1.17.1/grpc-context-1.17.1.jar:/home/user/.m2/repository/com/google/errorprone/error_prone_annotations/2.2.0/error_prone_annotations-2.2.0.jar:/home/user/.m2/repository/org/codehaus/mojo/animal-sniffer-annotations/1.17/animal-sniffer-annotations-1.17.jar:/home/user/.m2/repository/io/opencensus/opencensus-api/0.17.0/opencensus-api-0.17.0.jar:/home/user/.m2/repository/io/opencensus/opencensus-contrib-grpc-metrics/0.17.0/opencensus-contrib-grpc-metrics-0.17.0.jar:/home/user/.m2/repository/io/netty/netty-codec-http2/4.1.30.Final/netty-codec-http2-4.1.30.Final.jar:/home/user/.m2/repository/io/netty/netty-codec-http/4.1.30.Final/netty-codec-http-4.1.30.Final.jar:/home/user/.m2/repository/io/netty/netty-codec/4.1.30.Final/netty-codec-4.1.30.Final.jar:/home/user/.m2/repository/io/netty/netty-handler/4.1.30.Final/netty-handler-4.1.30.Final.jar:/home/user/.m2/repository/io/netty/netty-handler-proxy/4.1.30.Final/netty-handler-proxy-4.1.30.Final.jar:/home/user/.m2/repository/io/netty/netty-codec-socks/4.1.30.Final/netty-codec-socks-4.1.30.Final.jar:/home/user/.m2/repository/io/netty/netty-transport-native-epoll/4.1.30.Final/netty-transport-native-epoll-4.1.30.Final.jar:/home/user/.m2/repository/io/netty/netty-common/4.1.30.Final/netty-common-4.1.30.Final.jar:/home/user/.m2/repository/io/netty/netty-buffer/4.1.30.Final/netty-buffer-4.1.30.Final.jar:/home/user/.m2/repository/io/netty/netty-transport/4.1.30.Final/netty-transport-4.1.30.Final.jar:/home/user/.m2/repository/io/netty/netty-resolver/4.1.30.Final/netty-resolver-4.1.30.Final.jar:/home/user/.m2/repository/io/netty/netty-transport-native-unix-common/4.1.30.Final/netty-transport-native-unix-common-4.1.30.Final.jar:/home/user/.m2/repository/io/grpc/grpc-protobuf/1.17.1/grpc-protobuf-1.17.1.jar:/home/user/.m2/repository/com/google/api/grpc/proto-google-common-protos/1.0.0/proto-google-common-protos-1.0.0.jar:/home/user/.m2/repository/io/grpc/grpc-protobuf-lite/1.17.1/grpc-protobuf-lite-1.17.1.jar:/home/user/.m2/repository/io/grpc/grpc-stub/1.17.1/grpc-stub-1.17.1.jar:/home/user/.m2/repository/org/apache/hadoop/hadoop-ozone-recon/0.5.0-SNAPSHOT/hadoop-ozone-recon-0.5.0-SNAPSHOT.jar:/home/user/.m2/repository/org/apache/hadoop/hadoop-ozone-reconcodegen/0.5.0-SNAPSHOT/hadoop-ozone-reconcodegen-0.5.0-SNAPSHOT.jar:/home/user/.m2/repository/com/google/inject/extensions/guice-multibindings/4.0/guice-multibindings-4.0.jar:/home/user/.m2/repository/com/google/inject/guice/4.0/guice-4.0.jar:/home/user/.m2/repository/aopalliance/aopalliance/1.0/aopalliance-1.0.jar:/home/user/.m2/repository/com/google/inject/extensions/guice-servlet/4.0/guice-servlet-4.0.jar:/home/user/.m2/repository/org/glassfish/jersey/containers/jersey-container-servlet/2.27/jersey-container-servlet-2.27.jar:/home/user/.m2/repository/org/glassfish/hk2/guice-bridge/2.5.0/guice-bridge-2.5.0.jar:/home/user/.m2/repository/org/glassfish/jersey/core/jersey-server/2.27/jersey-server-2.27.jar:/home/user/.m2/repository/org/glassfish/jersey/core/jersey-client/2.27/jersey-client-2.27.jar:/home/user/.m2/repository/org/glassfish/jersey/media/jersey-media-jaxb/2.27/jersey-media-jaxb-2.27.jar:/home/user/.m2/repository/javax/validation/validation-api/1.1.0.Final/validation-api-1.1.0.Final.jar:/home/user/.m2/repository/org/glassfish/jersey/media/jersey-media-json-jackson/2.27/jersey-media-json-jackson-2.27.jar:/home/user/.m2/repository/org/glassfish/jersey/ext/jersey-entity-filtering/2.27/jersey-entity-filtering-2.27.jar:/home/user/.m2/repository/com/google/inject/extensions/guice-assistedinject/4.0/guice-assistedinject-4.0.jar:/home/user/.m2/repository/org/jooq/jooq/3.11.10/jooq-3.11.10.jar:/home/user/.m2/repository/org/jooq/jooq-meta/3.11.10/jooq-meta-3.11.10.jar:/home/user/.m2/repository/org/jooq/jooq-codegen/3.11.10/jooq-codegen-3.11.10.jar:/home/user/.m2/repository/com/jolbox/bonecp/0.8.0.RELEASE/bonecp-0.8.0.RELEASE.jar:/home/user/.m2/repository/org/xerial/sqlite-jdbc/3.25.2/sqlite-jdbc-3.25.2.jar:/home/user/.m2/repository/org/springframework/spring-jdbc/5.1.3.RELEASE/spring-jdbc-5.1.3.RELEASE.jar:/home/user/.m2/repository/org/springframework/spring-beans/5.1.3.RELEASE/spring-beans-5.1.3.RELEASE.jar:/home/user/.m2/repository/org/springframework/spring-core/5.1.3.RELEASE/spring-core-5.1.3.RELEASE.jar:/home/user/.m2/repository/org/springframework/spring-jcl/5.1.3.RELEASE/spring-jcl-5.1.3.RELEASE.jar:/home/user/.m2/repository/org/springframework/spring-tx/5.1.3.RELEASE/spring-tx-5.1.3.RELEASE.jar:/home/user/.m2/repository/org/apache/hadoop/hadoop-ozone-client/0.5.0-SNAPSHOT/hadoop-ozone-client-0.5.0-SNAPSHOT.jar:/home/user/.m2/repository/commons-lang/commons-lang/2.6/commons-lang-2.6.jar:/home/user/.m2/repository/org/apache/hadoop/hadoop-ozone-ozone-manager/0.5.0-SNAPSHOT/hadoop-ozone-ozone-manager-0.5.0-SNAPSHOT-tests.jar:/home/user/.m2/repository/junit/junit/4.11/junit-4.11.jar:/home/user/.m2/repository/org/hamcrest/hamcrest-core/1.3/hamcrest-core-1.3.jar:/home/user/.m2/repository/org/openjdk/jmh/jmh-core/1.19/jmh-core-1.19.jar:/home/user/.m2/repository/net/sf/jopt-simple/jopt-simple/4.6/jopt-simple-4.6.jar:/home/user/.m2/repository/org/apache/commons/commons-math3/3.1.1/commons-math3-3.1.1.jar:/home/user/.m2/repository/org/openjdk/jmh/jmh-generator-annprocess/1.19/jmh-generator-annprocess-1.19.jar:/home/user/.m2/repository/org/mockito/mockito-all/1.8.5/mockito-all-1.8.5.jar:/home/user/.m2/repository/org/apache/hadoop/hadoop-kms/3.2.0/hadoop-kms-3.2.0.jar:/home/user/.m2/repository/org/apache/hadoop/hadoop-auth/3.2.0/hadoop-auth-3.2.0.jar:/home/user/.m2/repository/com/nimbusds/nimbus-jose-jwt/4.41.1/nimbus-jose-jwt-4.41.1.jar:/home/user/.m2/repository/com/github/stephenc/jcip/jcip-annotations/1.0-1/jcip-annotations-1.0-1.jar:/home/user/.m2/repository/net/minidev/json-smart/2.3/json-smart-2.3.jar:/home/user/.m2/repository/net/minidev/accessors-smart/1.2/accessors-smart-1.2.jar:/home/user/.m2/repository/org/ow2/asm/asm/5.0.4/asm-5.0.4.jar:/home/user/.m2/repository/org/apache/curator/curator-framework/2.12.0/curator-framework-2.12.0.jar:/home/user/.m2/repository/com/sun/jersey/jersey-core/1.19/jersey-core-1.19.jar:/home/user/.m2/repository/javax/ws/rs/jsr311-api/1.1.1/jsr311-api-1.1.1.jar:/home/user/.m2/repository/com/sun/jersey/jersey-server/1.19/jersey-server-1.19.jar:/home/user/.m2/repository/javax/servlet/javax.servlet-api/3.1.0/javax.servlet-api-3.1.0.jar:/home/user/.m2/repository/org/eclipse/jetty/jetty-server/9.3.25.v20180904/jetty-server-9.3.25.v20180904.jar:/home/user/.m2/repository/org/eclipse/jetty/jetty-http/9.3.25.v20180904/jetty-http-9.3.25.v20180904.jar:/home/user/.m2/repository/org/eclipse/jetty/jetty-io/9.3.25.v20180904/jetty-io-9.3.25.v20180904.jar:/home/user/.m2/repository/org/eclipse/jetty/jetty-webapp/9.3.25.v20180904/jetty-webapp-9.3.25.v20180904.jar:/home/user/.m2/repository/org/eclipse/jetty/jetty-xml/9.3.25.v20180904/jetty-xml-9.3.25.v20180904.jar:/home/user/.m2/repository/log4j/log4j/1.2.17/log4j-1.2.17.jar:/home/user/.m2/repository/org/slf4j/slf4j-api/1.7.25/slf4j-api-1.7.25.jar:/home/user/.m2/repository/org/slf4j/jul-to-slf4j/1.7.25/jul-to-slf4j-1.7.25.jar:/home/user/.m2/repository/org/eclipse/jetty/jetty-util/9.3.25.v20180904/jetty-util-9.3.25.v20180904.jar:/home/user/.m2/repository/com/fasterxml/jackson/core/jackson-databind/2.9.9/jackson-databind-2.9.9.jar:/home/user/.m2/repository/org/apache/hadoop/hadoop-kms/3.2.0/hadoop-kms-3.2.0-tests.jar:/home/user/.m2/repository/org/apache/hadoop/hadoop-hdds-server-scm/0.5.0-SNAPSHOT/hadoop-hdds-server-scm-0.5.0-SNAPSHOT-tests.jar:/home/user/.m2/repository/org/apache/hadoop/hadoop-hdds-container-service/0.5.0-SNAPSHOT/hadoop-hdds-container-service-0.5.0-SNAPSHOT-tests.jar:/home/user/.m2/repository/org/yaml/snakeyaml/1.16/snakeyaml-1.16.jar:/home/user/.m2/repository/org/apache/hadoop/hadoop-common/3.2.0/hadoop-common-3.2.0-tests.jar:/home/user/.m2/repository/org/apache/hadoop/hadoop-annotations/3.2.0/hadoop-annotations-3.2.0.jar:/usr/lib/jvm/java-1.8.0-openjdk-1.8.0.222.b10-1.el7_7.x86_64/jre/../lib/tools.jar:/home/user/.m2/repository/commons-cli/commons-cli/1.2/commons-cli-1.2.jar:/home/user/.m2/repository/org/apache/httpcomponents/httpclient/4.5.2/httpclient-4.5.2.jar:/home/user/.m2/repository/org/apache/httpcomponents/httpcore/4.4.4/httpcore-4.4.4.jar:/home/user/.m2/repository/commons-codec/commons-codec/1.11/commons-codec-1.11.jar:/home/user/.m2/repository/commons-net/commons-net/3.6/commons-net-3.6.jar:/home/user/.m2/repository/commons-collections/commons-collections/3.2.2/commons-collections-3.2.2.jar:/home/user/.m2/repository/org/eclipse/jetty/jetty-servlet/9.3.25.v20180904/jetty-servlet-9.3.25.v20180904.jar:/home/user/.m2/repository/org/eclipse/jetty/jetty-security/9.3.25.v20180904/jetty-security-9.3.25.v20180904.jar:/home/user/.m2/repository/javax/servlet/jsp/jsp-api/2.1/jsp-api-2.1.jar:/home/user/.m2/repository/com/sun/jersey/jersey-servlet/1.19/jersey-servlet-1.19.jar:/home/user/.m2/repository/com/sun/jersey/jersey-json/1.19/jersey-json-1.19.jar:/home/user/.m2/repository/org/codehaus/jettison/jettison/1.1/jettison-1.1.jar:/home/user/.m2/repository/org/codehaus/jackson/jackson-core-asl/1.9.13/jackson-core-asl-1.9.13.jar:/home/user/.m2/repository/org/codehaus/jackson/jackson-mapper-asl/1.9.13/jackson-mapper-asl-1.9.13.jar:/home/user/.m2/repository/org/codehaus/jackson/jackson-jaxrs/1.9.13/jackson-jaxrs-1.9.13.jar:/home/user/.m2/repository/org/codehaus/jackson/jackson-xc/1.9.13/jackson-xc-1.9.13.jar:/home/user/.m2/repository/commons-logging/commons-logging/1.1.3/commons-logging-1.1.3.jar:/home/user/.m2/repository/commons-beanutils/commons-beanutils/1.9.4/commons-beanutils-1.9.4.jar:/home/user/.m2/repository/org/apache/commons/commons-configuration2/2.1.1/commons-configuration2-2.1.1.jar:/home/user/.m2/repository/org/apache/commons/commons-lang3/3.7/commons-lang3-3.7.jar:/home/user/.m2/repository/org/apache/commons/commons-text/1.4/commons-text-1.4.jar:/home/user/.m2/repository/org/apache/avro/avro/1.7.7/avro-1.7.7.jar:/home/user/.m2/repository/com/thoughtworks/paranamer/paranamer/2.3/paranamer-2.3.jar:/home/user/.m2/repository/org/xerial/snappy/snappy-java/1.0.5/snappy-java-1.0.5.jar:/home/user/.m2/repository/com/google/re2j/re2j/1.1/re2j-1.1.jar:/home/user/.m2/repository/com/google/code/gson/gson/2.2.4/gson-2.2.4.jar:/home/user/.m2/repository/com/jcraft/jsch/0.1.54/jsch-0.1.54.jar:/home/user/.m2/repository/org/apache/curator/curator-client/2.12.0/curator-client-2.12.0.jar:/home/user/.m2/repository/org/apache/curator/curator-recipes/2.12.0/curator-recipes-2.12.0.jar:/home/user/.m2/repository/com/google/code/findbugs/jsr305/3.0.0/jsr305-3.0.0.jar:/home/user/.m2/repository/org/apache/htrace/htrace-core4/4.1.0-incubating/htrace-core4-4.1.0-incubating.jar:/home/user/.m2/repository/org/apache/zookeeper/zookeeper/3.4.13/zookeeper-3.4.13.jar:/home/user/.m2/repository/jline/jline/0.9.94/jline-0.9.94.jar:/home/user/.m2/repository/org/apache/yetus/audience-annotations/0.5.0/audience-annotations-0.5.0.jar:/home/user/.m2/repository/org/codehaus/woodstox/stax2-api/3.1.4/stax2-api-3.1.4.jar:/home/user/.m2/repository/com/fasterxml/woodstox/woodstox-core/5.0.3/woodstox-core-5.0.3.jar:/home/user/.m2/repository/dnsjava/dnsjava/2.1.7/dnsjava-2.1.7.jar:/home/user/.m2/repository/org/apache/hadoop/hadoop-hdfs/3.2.0/hadoop-hdfs-3.2.0-tests.jar:/home/user/.m2/repository/org/eclipse/jetty/jetty-util-ajax/9.3.25.v20180904/jetty-util-ajax-9.3.25.v20180904.jar:/home/user/.m2/repository/commons-daemon/commons-daemon/1.0.13/commons-daemon-1.0.13.jar:/home/user/.m2/repository/io/netty/netty/3.10.5.Final/netty-3.10.5.Final.jar:/home/user/.m2/repository/io/netty/netty-all/4.0.52.Final/netty-all-4.0.52.Final.jar:/home/user/.m2/repository/org/fusesource/leveldbjni/leveldbjni-all/1.8/leveldbjni-all-1.8.jar:"/>
    <property name="java.vm.vendor" value="Oracle Corporation"/>
    <property name="sun.arch.data.model" value="64"/>
    <property name="test.build.dir" value="/workdir/hadoop-ozone/integration-test/target/test-dir"/>
    <property name="test.cache.data" value=""/>
    <property name="java.vendor.url" value="http://java.oracle.com/"/>
    <property name="user.timezone" value=""/>
    <property name="java.vm.specification.version" value="1.8"/>
    <property name="os.name" value="Linux"/>
    <property name="test.build.data" value="/workdir/hadoop-ozone/integration-test/target/test-dir"/>
    <property name="user.country" value="US"/>
    <property name="sun.java.launcher" value="SUN_STANDARD"/>
    <property name="sun.boot.library.path" value="/usr/lib/jvm/java-1.8.0-openjdk-1.8.0.222.b10-1.el7_7.x86_64/jre/lib/amd64"/>
    <property name="sun.java.command" value="/workdir/hadoop-ozone/integration-test/target/surefire/surefirebooter2612453961977321714.jar /workdir/hadoop-ozone/integration-test/target/surefire 2019-10-17T17-18-02_757-jvmRun1 surefire362932712471788308tmp surefire_533025700649357895754tmp"/>
    <property name="test" value="!TestMiniChaosOzoneCluster"/>
    <property name="surefire.test.class.path" value="/workdir/hadoop-ozone/integration-test/target/test-classes:/workdir/hadoop-ozone/integration-test/target/classes:/home/user/.m2/repository/org/apache/hadoop/hadoop-ozone-common/0.5.0-SNAPSHOT/hadoop-ozone-common-0.5.0-SNAPSHOT.jar:/home/user/.m2/repository/org/apache/commons/commons-compress/1.4.1/commons-compress-1.4.1.jar:/home/user/.m2/repository/org/tukaani/xz/1.0/xz-1.0.jar:/home/user/.m2/repository/org/apache/hadoop/hadoop-common/3.2.0/hadoop-common-3.2.0.jar:/home/user/.m2/repository/org/apache/hadoop/hadoop-hdfs/3.2.0/hadoop-hdfs-3.2.0.jar:/home/user/.m2/repository/org/apache/hadoop/hadoop-hdfs-client/3.2.0/hadoop-hdfs-client-3.2.0.jar:/home/user/.m2/repository/com/fasterxml/jackson/core/jackson-annotations/2.9.9/jackson-annotations-2.9.9.jar:/home/user/.m2/repository/org/apache/hadoop/hadoop-hdds-common/0.5.0-SNAPSHOT/hadoop-hdds-common-0.5.0-SNAPSHOT.jar:/home/user/.m2/repository/javax/annotation/javax.annotation-api/1.2/javax.annotation-api-1.2.jar:/home/user/.m2/repository/org/apache/ratis/ratis-server/0.5.0-201fc85-SNAPSHOT/ratis-server-0.5.0-201fc85-SNAPSHOT.jar:/home/user/.m2/repository/org/apache/ratis/ratis-thirdparty-misc/0.2.0/ratis-thirdparty-misc-0.2.0.jar:/home/user/.m2/repository/org/apache/ratis/ratis-proto/0.5.0-201fc85-SNAPSHOT/ratis-proto-0.5.0-201fc85-SNAPSHOT.jar:/home/user/.m2/repository/org/apache/ratis/ratis-common/0.5.0-201fc85-SNAPSHOT/ratis-common-0.5.0-201fc85-SNAPSHOT.jar:/home/user/.m2/repository/org/apache/ratis/ratis-client/0.5.0-201fc85-SNAPSHOT/ratis-client-0.5.0-201fc85-SNAPSHOT.jar:/home/user/.m2/repository/org/apache/ratis/ratis-metrics/0.5.0-201fc85-SNAPSHOT/ratis-metrics-0.5.0-201fc85-SNAPSHOT.jar:/home/user/.m2/repository/com/github/joshelser/dropwizard-metrics-hadoop-metrics2-reporter/0.1.2/dropwizard-metrics-hadoop-metrics2-reporter-0.1.2.jar:/home/user/.m2/repository/io/dropwizard/metrics/metrics-jvm/3.2.5/metrics-jvm-3.2.5.jar:/home/user/.m2/repository/io/dropwizard/metrics/metrics-ganglia/3.2.5/metrics-ganglia-3.2.5.jar:/home/user/.m2/repository/info/ganglia/gmetric4j/gmetric4j/1.0.7/gmetric4j-1.0.7.jar:/home/user/.m2/repository/org/apache/ratis/ratis-netty/0.5.0-201fc85-SNAPSHOT/ratis-netty-0.5.0-201fc85-SNAPSHOT.jar:/home/user/.m2/repository/org/apache/ratis/ratis-grpc/0.5.0-201fc85-SNAPSHOT/ratis-grpc-0.5.0-201fc85-SNAPSHOT.jar:/home/user/.m2/repository/org/rocksdb/rocksdbjni/6.0.1/rocksdbjni-6.0.1.jar:/home/user/.m2/repository/org/apache/logging/log4j/log4j-api/2.11.0/log4j-api-2.11.0.jar:/home/user/.m2/repository/org/apache/logging/log4j/log4j-core/2.11.0/log4j-core-2.11.0.jar:/home/user/.m2/repository/com/lmax/disruptor/3.4.2/disruptor-3.4.2.jar:/home/user/.m2/repository/org/apache/commons/commons-pool2/2.6.0/commons-pool2-2.6.0.jar:/home/user/.m2/repository/org/bouncycastle/bcpkix-jdk15on/1.60/bcpkix-jdk15on-1.60.jar:/home/user/.m2/repository/commons-validator/commons-validator/1.6/commons-validator-1.6.jar:/home/user/.m2/repository/commons-digester/commons-digester/1.8.1/commons-digester-1.8.1.jar:/home/user/.m2/repository/io/jaegertracing/jaeger-client/0.34.0/jaeger-client-0.34.0.jar:/home/user/.m2/repository/io/jaegertracing/jaeger-thrift/0.34.0/jaeger-thrift-0.34.0.jar:/home/user/.m2/repository/org/apache/thrift/libthrift/0.12.0/libthrift-0.12.0.jar:/home/user/.m2/repository/com/squareup/okhttp3/okhttp/3.9.0/okhttp-3.9.0.jar:/home/user/.m2/repository/com/squareup/okio/okio/1.13.0/okio-1.13.0.jar:/home/user/.m2/repository/io/jaegertracing/jaeger-core/0.34.0/jaeger-core-0.34.0.jar:/home/user/.m2/repository/io/jaegertracing/jaeger-tracerresolver/0.34.0/jaeger-tracerresolver-0.34.0.jar:/home/user/.m2/repository/io/opentracing/contrib/opentracing-tracerresolver/0.1.5/opentracing-tracerresolver-0.1.5.jar:/home/user/.m2/repository/io/opentracing/opentracing-util/0.31.0/opentracing-util-0.31.0.jar:/home/user/.m2/repository/io/opentracing/opentracing-api/0.31.0/opentracing-api-0.31.0.jar:/home/user/.m2/repository/io/opentracing/opentracing-noop/0.31.0/opentracing-noop-0.31.0.jar:/home/user/.m2/repository/org/apache/hadoop/hadoop-hdds-server-framework/0.5.0-SNAPSHOT/hadoop-hdds-server-framework-0.5.0-SNAPSHOT.jar:/home/user/.m2/repository/org/apache/hadoop/hadoop-hdds-container-service/0.5.0-SNAPSHOT/hadoop-hdds-container-service-0.5.0-SNAPSHOT.jar:/home/user/.m2/repository/org/apache/hadoop/hadoop-hdds-client/0.5.0-SNAPSHOT/hadoop-hdds-client-0.5.0-SNAPSHOT.jar:/home/user/.m2/repository/org/apache/hadoop/hadoop-hdds-tools/0.5.0-SNAPSHOT/hadoop-hdds-tools-0.5.0-SNAPSHOT.jar:/home/user/.m2/repository/org/apache/hadoop/hadoop-hdds-server-scm/0.5.0-SNAPSHOT/hadoop-hdds-server-scm-0.5.0-SNAPSHOT.jar:/home/user/.m2/repository/org/apache/hadoop/hadoop-hdds-docs/0.5.0-SNAPSHOT/hadoop-hdds-docs-0.5.0-SNAPSHOT.jar:/home/user/.m2/repository/io/dropwizard/metrics/metrics-core/3.2.4/metrics-core-3.2.4.jar:/home/user/.m2/repository/org/hamcrest/hamcrest-all/1.3/hamcrest-all-1.3.jar:/home/user/.m2/repository/org/bouncycastle/bcprov-jdk15on/1.60/bcprov-jdk15on-1.60.jar:/home/user/.m2/repository/info/picocli/picocli/3.9.6/picocli-3.9.6.jar:/home/user/.m2/repository/com/google/protobuf/protobuf-java/2.5.0/protobuf-java-2.5.0.jar:/home/user/.m2/repository/com/google/guava/guava/11.0.2/guava-11.0.2.jar:/home/user/.m2/repository/org/apache/hadoop/hadoop-ozone-ozone-manager/0.5.0-SNAPSHOT/hadoop-ozone-ozone-manager-0.5.0-SNAPSHOT.jar:/home/user/.m2/repository/org/apache/hadoop/hadoop-minikdc/3.2.0/hadoop-minikdc-3.2.0.jar:/home/user/.m2/repository/commons-io/commons-io/2.5/commons-io-2.5.jar:/home/user/.m2/repository/org/apache/kerby/kerb-simplekdc/1.0.1/kerb-simplekdc-1.0.1.jar:/home/user/.m2/repository/org/apache/kerby/kerb-client/1.0.1/kerb-client-1.0.1.jar:/home/user/.m2/repository/org/apache/kerby/kerby-config/1.0.1/kerby-config-1.0.1.jar:/home/user/.m2/repository/org/apache/kerby/kerb-core/1.0.1/kerb-core-1.0.1.jar:/home/user/.m2/repository/org/apache/kerby/kerby-pkix/1.0.1/kerby-pkix-1.0.1.jar:/home/user/.m2/repository/org/apache/kerby/kerby-asn1/1.0.1/kerby-asn1-1.0.1.jar:/home/user/.m2/repository/org/apache/kerby/kerby-util/1.0.1/kerby-util-1.0.1.jar:/home/user/.m2/repository/org/apache/kerby/kerb-common/1.0.1/kerb-common-1.0.1.jar:/home/user/.m2/repository/org/apache/kerby/kerb-crypto/1.0.1/kerb-crypto-1.0.1.jar:/home/user/.m2/repository/org/apache/kerby/kerb-util/1.0.1/kerb-util-1.0.1.jar:/home/user/.m2/repository/org/apache/kerby/token-provider/1.0.1/token-provider-1.0.1.jar:/home/user/.m2/repository/org/apache/kerby/kerb-admin/1.0.1/kerb-admin-1.0.1.jar:/home/user/.m2/repository/org/apache/kerby/kerb-server/1.0.1/kerb-server-1.0.1.jar:/home/user/.m2/repository/org/apache/kerby/kerb-identity/1.0.1/kerb-identity-1.0.1.jar:/home/user/.m2/repository/org/apache/kerby/kerby-xdr/1.0.1/kerby-xdr-1.0.1.jar:/home/user/.m2/repository/org/slf4j/slf4j-log4j12/1.7.25/slf4j-log4j12-1.7.25.jar:/home/user/.m2/repository/org/apache/hadoop/hadoop-ozone-s3gateway/0.5.0-SNAPSHOT/hadoop-ozone-s3gateway-0.5.0-SNAPSHOT.jar:/home/user/.m2/repository/org/jboss/weld/servlet/weld-servlet/2.4.7.Final/weld-servlet-2.4.7.Final.jar:/home/user/.m2/repository/org/glassfish/jersey/containers/jersey-container-servlet-core/2.27/jersey-container-servlet-core-2.27.jar:/home/user/.m2/repository/org/glassfish/hk2/external/javax.inject/2.5.0-b42/javax.inject-2.5.0-b42.jar:/home/user/.m2/repository/org/glassfish/jersey/core/jersey-common/2.27/jersey-common-2.27.jar:/home/user/.m2/repository/org/glassfish/hk2/osgi-resource-locator/1.0.1/osgi-resource-locator-1.0.1.jar:/home/user/.m2/repository/javax/ws/rs/javax.ws.rs-api/2.1/javax.ws.rs-api-2.1.jar:/home/user/.m2/repository/org/glassfish/jersey/ext/cdi/jersey-cdi1x/2.27/jersey-cdi1x-2.27.jar:/home/user/.m2/repository/org/glassfish/jersey/inject/jersey-hk2/2.27/jersey-hk2-2.27.jar:/home/user/.m2/repository/org/glassfish/hk2/hk2-locator/2.5.0-b42/hk2-locator-2.5.0-b42.jar:/home/user/.m2/repository/org/javassist/javassist/3.22.0-CR2/javassist-3.22.0-CR2.jar:/home/user/.m2/repository/org/glassfish/hk2/hk2-api/2.5.0/hk2-api-2.5.0.jar:/home/user/.m2/repository/org/glassfish/hk2/external/jakarta.inject/2.5.0/jakarta.inject-2.5.0.jar:/home/user/.m2/repository/org/glassfish/hk2/hk2-utils/2.5.0/hk2-utils-2.5.0.jar:/home/user/.m2/repository/jakarta/annotation/jakarta.annotation-api/1.3.4/jakarta.annotation-api-1.3.4.jar:/home/user/.m2/repository/org/glassfish/hk2/external/aopalliance-repackaged/2.5.0/aopalliance-repackaged-2.5.0.jar:/home/user/.m2/repository/com/fasterxml/jackson/dataformat/jackson-dataformat-xml/2.9.0/jackson-dataformat-xml-2.9.0.jar:/home/user/.m2/repository/com/fasterxml/jackson/core/jackson-core/2.9.9/jackson-core-2.9.9.jar:/home/user/.m2/repository/com/fasterxml/jackson/module/jackson-module-jaxb-annotations/2.9.9/jackson-module-jaxb-annotations-2.9.9.jar:/home/user/.m2/repository/javax/enterprise/cdi-api/1.2/cdi-api-1.2.jar:/home/user/.m2/repository/javax/el/javax.el-api/3.0.0/javax.el-api-3.0.0.jar:/home/user/.m2/repository/javax/interceptor/javax.interceptor-api/1.2/javax.interceptor-api-1.2.jar:/home/user/.m2/repository/javax/inject/javax.inject/1/javax.inject-1.jar:/home/user/.m2/repository/com/sun/xml/bind/jaxb-impl/2.3.0.1/jaxb-impl-2.3.0.1.jar:/home/user/.m2/repository/com/sun/xml/bind/jaxb-core/2.3.0.1/jaxb-core-2.3.0.1.jar:/home/user/.m2/repository/javax/xml/bind/jaxb-api/2.3.0/jaxb-api-2.3.0.jar:/home/user/.m2/repository/javax/activation/activation/1.1.1/activation-1.1.1.jar:/home/user/.m2/repository/org/apache/hadoop/hadoop-ozone-csi/0.5.0-SNAPSHOT/hadoop-ozone-csi-0.5.0-SNAPSHOT.jar:/home/user/.m2/repository/com/google/protobuf/protobuf-java-util/3.5.1/protobuf-java-util-3.5.1.jar:/home/user/.m2/repository/org/apache/hadoop/hadoop-hdds-config/0.5.0-SNAPSHOT/hadoop-hdds-config-0.5.0-SNAPSHOT.jar:/home/user/.m2/repository/io/grpc/grpc-netty/1.17.1/grpc-netty-1.17.1.jar:/home/user/.m2/repository/io/grpc/grpc-core/1.17.1/grpc-core-1.17.1.jar:/home/user/.m2/repository/io/grpc/grpc-context/1.17.1/grpc-context-1.17.1.jar:/home/user/.m2/repository/com/google/errorprone/error_prone_annotations/2.2.0/error_prone_annotations-2.2.0.jar:/home/user/.m2/repository/org/codehaus/mojo/animal-sniffer-annotations/1.17/animal-sniffer-annotations-1.17.jar:/home/user/.m2/repository/io/opencensus/opencensus-api/0.17.0/opencensus-api-0.17.0.jar:/home/user/.m2/repository/io/opencensus/opencensus-contrib-grpc-metrics/0.17.0/opencensus-contrib-grpc-metrics-0.17.0.jar:/home/user/.m2/repository/io/netty/netty-codec-http2/4.1.30.Final/netty-codec-http2-4.1.30.Final.jar:/home/user/.m2/repository/io/netty/netty-codec-http/4.1.30.Final/netty-codec-http-4.1.30.Final.jar:/home/user/.m2/repository/io/netty/netty-codec/4.1.30.Final/netty-codec-4.1.30.Final.jar:/home/user/.m2/repository/io/netty/netty-handler/4.1.30.Final/netty-handler-4.1.30.Final.jar:/home/user/.m2/repository/io/netty/netty-handler-proxy/4.1.30.Final/netty-handler-proxy-4.1.30.Final.jar:/home/user/.m2/repository/io/netty/netty-codec-socks/4.1.30.Final/netty-codec-socks-4.1.30.Final.jar:/home/user/.m2/repository/io/netty/netty-transport-native-epoll/4.1.30.Final/netty-transport-native-epoll-4.1.30.Final.jar:/home/user/.m2/repository/io/netty/netty-common/4.1.30.Final/netty-common-4.1.30.Final.jar:/home/user/.m2/repository/io/netty/netty-buffer/4.1.30.Final/netty-buffer-4.1.30.Final.jar:/home/user/.m2/repository/io/netty/netty-transport/4.1.30.Final/netty-transport-4.1.30.Final.jar:/home/user/.m2/repository/io/netty/netty-resolver/4.1.30.Final/netty-resolver-4.1.30.Final.jar:/home/user/.m2/repository/io/netty/netty-transport-native-unix-common/4.1.30.Final/netty-transport-native-unix-common-4.1.30.Final.jar:/home/user/.m2/repository/io/grpc/grpc-protobuf/1.17.1/grpc-protobuf-1.17.1.jar:/home/user/.m2/repository/com/google/api/grpc/proto-google-common-protos/1.0.0/proto-google-common-protos-1.0.0.jar:/home/user/.m2/repository/io/grpc/grpc-protobuf-lite/1.17.1/grpc-protobuf-lite-1.17.1.jar:/home/user/.m2/repository/io/grpc/grpc-stub/1.17.1/grpc-stub-1.17.1.jar:/home/user/.m2/repository/org/apache/hadoop/hadoop-ozone-recon/0.5.0-SNAPSHOT/hadoop-ozone-recon-0.5.0-SNAPSHOT.jar:/home/user/.m2/repository/org/apache/hadoop/hadoop-ozone-reconcodegen/0.5.0-SNAPSHOT/hadoop-ozone-reconcodegen-0.5.0-SNAPSHOT.jar:/home/user/.m2/repository/com/google/inject/extensions/guice-multibindings/4.0/guice-multibindings-4.0.jar:/home/user/.m2/repository/com/google/inject/guice/4.0/guice-4.0.jar:/home/user/.m2/repository/aopalliance/aopalliance/1.0/aopalliance-1.0.jar:/home/user/.m2/repository/com/google/inject/extensions/guice-servlet/4.0/guice-servlet-4.0.jar:/home/user/.m2/repository/org/glassfish/jersey/containers/jersey-container-servlet/2.27/jersey-container-servlet-2.27.jar:/home/user/.m2/repository/org/glassfish/hk2/guice-bridge/2.5.0/guice-bridge-2.5.0.jar:/home/user/.m2/repository/org/glassfish/jersey/core/jersey-server/2.27/jersey-server-2.27.jar:/home/user/.m2/repository/org/glassfish/jersey/core/jersey-client/2.27/jersey-client-2.27.jar:/home/user/.m2/repository/org/glassfish/jersey/media/jersey-media-jaxb/2.27/jersey-media-jaxb-2.27.jar:/home/user/.m2/repository/javax/validation/validation-api/1.1.0.Final/validation-api-1.1.0.Final.jar:/home/user/.m2/repository/org/glassfish/jersey/media/jersey-media-json-jackson/2.27/jersey-media-json-jackson-2.27.jar:/home/user/.m2/repository/org/glassfish/jersey/ext/jersey-entity-filtering/2.27/jersey-entity-filtering-2.27.jar:/home/user/.m2/repository/com/google/inject/extensions/guice-assistedinject/4.0/guice-assistedinject-4.0.jar:/home/user/.m2/repository/org/jooq/jooq/3.11.10/jooq-3.11.10.jar:/home/user/.m2/repository/org/jooq/jooq-meta/3.11.10/jooq-meta-3.11.10.jar:/home/user/.m2/repository/org/jooq/jooq-codegen/3.11.10/jooq-codegen-3.11.10.jar:/home/user/.m2/repository/com/jolbox/bonecp/0.8.0.RELEASE/bonecp-0.8.0.RELEASE.jar:/home/user/.m2/repository/org/xerial/sqlite-jdbc/3.25.2/sqlite-jdbc-3.25.2.jar:/home/user/.m2/repository/org/springframework/spring-jdbc/5.1.3.RELEASE/spring-jdbc-5.1.3.RELEASE.jar:/home/user/.m2/repository/org/springframework/spring-beans/5.1.3.RELEASE/spring-beans-5.1.3.RELEASE.jar:/home/user/.m2/repository/org/springframework/spring-core/5.1.3.RELEASE/spring-core-5.1.3.RELEASE.jar:/home/user/.m2/repository/org/springframework/spring-jcl/5.1.3.RELEASE/spring-jcl-5.1.3.RELEASE.jar:/home/user/.m2/repository/org/springframework/spring-tx/5.1.3.RELEASE/spring-tx-5.1.3.RELEASE.jar:/home/user/.m2/repository/org/apache/hadoop/hadoop-ozone-client/0.5.0-SNAPSHOT/hadoop-ozone-client-0.5.0-SNAPSHOT.jar:/home/user/.m2/repository/commons-lang/commons-lang/2.6/commons-lang-2.6.jar:/home/user/.m2/repository/org/apache/hadoop/hadoop-ozone-ozone-manager/0.5.0-SNAPSHOT/hadoop-ozone-ozone-manager-0.5.0-SNAPSHOT-tests.jar:/home/user/.m2/repository/junit/junit/4.11/junit-4.11.jar:/home/user/.m2/repository/org/hamcrest/hamcrest-core/1.3/hamcrest-core-1.3.jar:/home/user/.m2/repository/org/openjdk/jmh/jmh-core/1.19/jmh-core-1.19.jar:/home/user/.m2/repository/net/sf/jopt-simple/jopt-simple/4.6/jopt-simple-4.6.jar:/home/user/.m2/repository/org/apache/commons/commons-math3/3.1.1/commons-math3-3.1.1.jar:/home/user/.m2/repository/org/openjdk/jmh/jmh-generator-annprocess/1.19/jmh-generator-annprocess-1.19.jar:/home/user/.m2/repository/org/mockito/mockito-all/1.8.5/mockito-all-1.8.5.jar:/home/user/.m2/repository/org/apache/hadoop/hadoop-kms/3.2.0/hadoop-kms-3.2.0.jar:/home/user/.m2/repository/org/apache/hadoop/hadoop-auth/3.2.0/hadoop-auth-3.2.0.jar:/home/user/.m2/repository/com/nimbusds/nimbus-jose-jwt/4.41.1/nimbus-jose-jwt-4.41.1.jar:/home/user/.m2/repository/com/github/stephenc/jcip/jcip-annotations/1.0-1/jcip-annotations-1.0-1.jar:/home/user/.m2/repository/net/minidev/json-smart/2.3/json-smart-2.3.jar:/home/user/.m2/repository/net/minidev/accessors-smart/1.2/accessors-smart-1.2.jar:/home/user/.m2/repository/org/ow2/asm/asm/5.0.4/asm-5.0.4.jar:/home/user/.m2/repository/org/apache/curator/curator-framework/2.12.0/curator-framework-2.12.0.jar:/home/user/.m2/repository/com/sun/jersey/jersey-core/1.19/jersey-core-1.19.jar:/home/user/.m2/repository/javax/ws/rs/jsr311-api/1.1.1/jsr311-api-1.1.1.jar:/home/user/.m2/repository/com/sun/jersey/jersey-server/1.19/jersey-server-1.19.jar:/home/user/.m2/repository/javax/servlet/javax.servlet-api/3.1.0/javax.servlet-api-3.1.0.jar:/home/user/.m2/repository/org/eclipse/jetty/jetty-server/9.3.25.v20180904/jetty-server-9.3.25.v20180904.jar:/home/user/.m2/repository/org/eclipse/jetty/jetty-http/9.3.25.v20180904/jetty-http-9.3.25.v20180904.jar:/home/user/.m2/repository/org/eclipse/jetty/jetty-io/9.3.25.v20180904/jetty-io-9.3.25.v20180904.jar:/home/user/.m2/repository/org/eclipse/jetty/jetty-webapp/9.3.25.v20180904/jetty-webapp-9.3.25.v20180904.jar:/home/user/.m2/repository/org/eclipse/jetty/jetty-xml/9.3.25.v20180904/jetty-xml-9.3.25.v20180904.jar:/home/user/.m2/repository/log4j/log4j/1.2.17/log4j-1.2.17.jar:/home/user/.m2/repository/org/slf4j/slf4j-api/1.7.25/slf4j-api-1.7.25.jar:/home/user/.m2/repository/org/slf4j/jul-to-slf4j/1.7.25/jul-to-slf4j-1.7.25.jar:/home/user/.m2/repository/org/eclipse/jetty/jetty-util/9.3.25.v20180904/jetty-util-9.3.25.v20180904.jar:/home/user/.m2/repository/com/fasterxml/jackson/core/jackson-databind/2.9.9/jackson-databind-2.9.9.jar:/home/user/.m2/repository/org/apache/hadoop/hadoop-kms/3.2.0/hadoop-kms-3.2.0-tests.jar:/home/user/.m2/repository/org/apache/hadoop/hadoop-hdds-server-scm/0.5.0-SNAPSHOT/hadoop-hdds-server-scm-0.5.0-SNAPSHOT-tests.jar:/home/user/.m2/repository/org/apache/hadoop/hadoop-hdds-container-service/0.5.0-SNAPSHOT/hadoop-hdds-container-service-0.5.0-SNAPSHOT-tests.jar:/home/user/.m2/repository/org/yaml/snakeyaml/1.16/snakeyaml-1.16.jar:/home/user/.m2/repository/org/apache/hadoop/hadoop-common/3.2.0/hadoop-common-3.2.0-tests.jar:/home/user/.m2/repository/org/apache/hadoop/hadoop-annotations/3.2.0/hadoop-annotations-3.2.0.jar:/usr/lib/jvm/java-1.8.0-openjdk-1.8.0.222.b10-1.el7_7.x86_64/jre/../lib/tools.jar:/home/user/.m2/repository/commons-cli/commons-cli/1.2/commons-cli-1.2.jar:/home/user/.m2/repository/org/apache/httpcomponents/httpclient/4.5.2/httpclient-4.5.2.jar:/home/user/.m2/repository/org/apache/httpcomponents/httpcore/4.4.4/httpcore-4.4.4.jar:/home/user/.m2/repository/commons-codec/commons-codec/1.11/commons-codec-1.11.jar:/home/user/.m2/repository/commons-net/commons-net/3.6/commons-net-3.6.jar:/home/user/.m2/repository/commons-collections/commons-collections/3.2.2/commons-collections-3.2.2.jar:/home/user/.m2/repository/org/eclipse/jetty/jetty-servlet/9.3.25.v20180904/jetty-servlet-9.3.25.v20180904.jar:/home/user/.m2/repository/org/eclipse/jetty/jetty-security/9.3.25.v20180904/jetty-security-9.3.25.v20180904.jar:/home/user/.m2/repository/javax/servlet/jsp/jsp-api/2.1/jsp-api-2.1.jar:/home/user/.m2/repository/com/sun/jersey/jersey-servlet/1.19/jersey-servlet-1.19.jar:/home/user/.m2/repository/com/sun/jersey/jersey-json/1.19/jersey-json-1.19.jar:/home/user/.m2/repository/org/codehaus/jettison/jettison/1.1/jettison-1.1.jar:/home/user/.m2/repository/org/codehaus/jackson/jackson-core-asl/1.9.13/jackson-core-asl-1.9.13.jar:/home/user/.m2/repository/org/codehaus/jackson/jackson-mapper-asl/1.9.13/jackson-mapper-asl-1.9.13.jar:/home/user/.m2/repository/org/codehaus/jackson/jackson-jaxrs/1.9.13/jackson-jaxrs-1.9.13.jar:/home/user/.m2/repository/org/codehaus/jackson/jackson-xc/1.9.13/jackson-xc-1.9.13.jar:/home/user/.m2/repository/commons-logging/commons-logging/1.1.3/commons-logging-1.1.3.jar:/home/user/.m2/repository/commons-beanutils/commons-beanutils/1.9.4/commons-beanutils-1.9.4.jar:/home/user/.m2/repository/org/apache/commons/commons-configuration2/2.1.1/commons-configuration2-2.1.1.jar:/home/user/.m2/repository/org/apache/commons/commons-lang3/3.7/commons-lang3-3.7.jar:/home/user/.m2/repository/org/apache/commons/commons-text/1.4/commons-text-1.4.jar:/home/user/.m2/repository/org/apache/avro/avro/1.7.7/avro-1.7.7.jar:/home/user/.m2/repository/com/thoughtworks/paranamer/paranamer/2.3/paranamer-2.3.jar:/home/user/.m2/repository/org/xerial/snappy/snappy-java/1.0.5/snappy-java-1.0.5.jar:/home/user/.m2/repository/com/google/re2j/re2j/1.1/re2j-1.1.jar:/home/user/.m2/repository/com/google/code/gson/gson/2.2.4/gson-2.2.4.jar:/home/user/.m2/repository/com/jcraft/jsch/0.1.54/jsch-0.1.54.jar:/home/user/.m2/repository/org/apache/curator/curator-client/2.12.0/curator-client-2.12.0.jar:/home/user/.m2/repository/org/apache/curator/curator-recipes/2.12.0/curator-recipes-2.12.0.jar:/home/user/.m2/repository/com/google/code/findbugs/jsr305/3.0.0/jsr305-3.0.0.jar:/home/user/.m2/repository/org/apache/htrace/htrace-core4/4.1.0-incubating/htrace-core4-4.1.0-incubating.jar:/home/user/.m2/repository/org/apache/zookeeper/zookeeper/3.4.13/zookeeper-3.4.13.jar:/home/user/.m2/repository/jline/jline/0.9.94/jline-0.9.94.jar:/home/user/.m2/repository/org/apache/yetus/audience-annotations/0.5.0/audience-annotations-0.5.0.jar:/home/user/.m2/repository/org/codehaus/woodstox/stax2-api/3.1.4/stax2-api-3.1.4.jar:/home/user/.m2/repository/com/fasterxml/woodstox/woodstox-core/5.0.3/woodstox-core-5.0.3.jar:/home/user/.m2/repository/dnsjava/dnsjava/2.1.7/dnsjava-2.1.7.jar:/home/user/.m2/repository/org/apache/hadoop/hadoop-hdfs/3.2.0/hadoop-hdfs-3.2.0-tests.jar:/home/user/.m2/repository/org/eclipse/jetty/jetty-util-ajax/9.3.25.v20180904/jetty-util-ajax-9.3.25.v20180904.jar:/home/user/.m2/repository/commons-daemon/commons-daemon/1.0.13/commons-daemon-1.0.13.jar:/home/user/.m2/repository/io/netty/netty/3.10.5.Final/netty-3.10.5.Final.jar:/home/user/.m2/repository/io/netty/netty-all/4.0.52.Final/netty-all-4.0.52.Final.jar:/home/user/.m2/repository/org/fusesource/leveldbjni/leveldbjni-all/1.8/leveldbjni-all-1.8.jar:"/>
    <property name="sun.cpu.endian" value="little"/>
    <property name="user.home" value="/home/user"/>
    <property name="user.language" value="en"/>
    <property name="java.specification.vendor" value="Oracle Corporation"/>
    <property name="java.home" value="/usr/lib/jvm/java-1.8.0-openjdk-1.8.0.222.b10-1.el7_7.x86_64/jre"/>
    <property name="surefire.excludesFile" value="/tools/ozone-bad-unit-tests"/>
    <property name="java.security.krb5.conf" value="/workdir/hadoop-ozone/integration-test/target/test-classes/krb5.conf"/>
    <property name="basedir" value="/workdir/hadoop-ozone/integration-test"/>
    <property name="file.separator" value="/"/>
    <property name="line.separator" value="&#10;"/>
    <property name="java.vm.specification.vendor" value="Oracle Corporation"/>
    <property name="java.specification.name" value="Java Platform API Specification"/>
    <property name="java.awt.graphicsenv" value="sun.awt.X11GraphicsEnvironment"/>
    <property name="surefire.real.class.path" value="/workdir/hadoop-ozone/integration-test/target/surefire/surefirebooter2612453961977321714.jar"/>
    <property name="hadoop.log.dir" value="/workdir/hadoop-ozone/integration-test/target/log"/>
    <property name="sun.boot.class.path" value="/usr/lib/jvm/java-1.8.0-openjdk-1.8.0.222.b10-1.el7_7.x86_64/jre/lib/resources.jar:/usr/lib/jvm/java-1.8.0-openjdk-1.8.0.222.b10-1.el7_7.x86_64/jre/lib/rt.jar:/usr/lib/jvm/java-1.8.0-openjdk-1.8.0.222.b10-1.el7_7.x86_64/jre/lib/sunrsasign.jar:/usr/lib/jvm/java-1.8.0-openjdk-1.8.0.222.b10-1.el7_7.x86_64/jre/lib/jsse.jar:/usr/lib/jvm/java-1.8.0-openjdk-1.8.0.222.b10-1.el7_7.x86_64/jre/lib/jce.jar:/usr/lib/jvm/java-1.8.0-openjdk-1.8.0.222.b10-1.el7_7.x86_64/jre/lib/charsets.jar:/usr/lib/jvm/java-1.8.0-openjdk-1.8.0.222.b10-1.el7_7.x86_64/jre/lib/jfr.jar:/usr/lib/jvm/java-1.8.0-openjdk-1.8.0.222.b10-1.el7_7.x86_64/jre/classes"/>
    <property name="sun.management.compiler" value="HotSpot 64-Bit Tiered Compilers"/>
    <property name="java.runtime.version" value="1.8.0_222-b10"/>
    <property name="java.net.preferIPv4Stack" value="true"/>
    <property name="user.name" value="jenkins1000"/>
    <property name="path.separator" value=":"/>
    <property name="java.security.egd" value="file:///dev/urandom"/>
    <property name="os.version" value="3.10.0-957.12.2.el7.x86_64"/>
    <property name="java.endorsed.dirs" value="/usr/lib/jvm/java-1.8.0-openjdk-1.8.0.222.b10-1.el7_7.x86_64/jre/lib/endorsed"/>
    <property name="java.runtime.name" value="OpenJDK Runtime Environment"/>
    <property name="file.encoding" value="ANSI_X3.4-1968"/>
    <property name="java.vm.name" value="OpenJDK 64-Bit Server VM"/>
    <property name="test.build.webapps" value=""/>
    <property name="localRepository" value="/home/user/.m2/repository"/>
    <property name="java.vendor.url.bug" value="http://bugreport.sun.com/bugreport/"/>
    <property name="java.io.tmpdir" value="/tmp"/>
    <property name="require.test.libhadoop" value=""/>
    <property name="java.version" value="1.8.0_222"/>
    <property name="user.dir" value="/workdir/hadoop-ozone/integration-test"/>
    <property name="os.arch" value="amd64"/>
    <property name="java.vm.specification.name" value="Java Virtual Machine Specification"/>
    <property name="test.build.classes" value="/workdir/hadoop-ozone/integration-test/target/test-classes"/>
    <property name="java.awt.printerjob" value="sun.print.PSPrinterJob"/>
    <property name="sun.os.patch.level" value="unknown"/>
    <property name="hadoop.tmp.dir" value="/workdir/hadoop-ozone/integration-test/target/tmp"/>
    <property name="java.library.path" value="/usr/lib:/workdir/hadoop-ozone/integration-test/target/native/target/usr/local/lib:/workdir/hadoop-ozone/integration-test/../../hadoop-common-project/hadoop-common/target/native/target/usr/local/lib:/usr/java/packages/lib/amd64:/usr/lib64:/lib64:/lib:/usr/lib"/>
    <property name="java.vm.info" value="mixed mode"/>
    <property name="java.vendor" value="Oracle Corporation"/>
    <property name="java.vm.version" value="25.222-b10"/>
    <property name="java.ext.dirs" value="/usr/lib/jvm/java-1.8.0-openjdk-1.8.0.222.b10-1.el7_7.x86_64/jre/lib/ext:/usr/java/packages/lib/ext"/>
    <property name="sun.io.unicode.encoding" value="UnicodeLittle"/>
    <property name="java.class.version" value="52.0"/>
  </properties>
  <testcase name="testWatchForCommitWithKeyWrite" classname="org.apache.hadoop.ozone.client.rpc.TestWatchForCommit" time="59.084"/>
  <testcase name="testWatchForCommitWithSmallerTimeoutValue" classname="org.apache.hadoop.ozone.client.rpc.TestWatchForCommit" time="43.378"/>
  <testcase name="testWatchForCommitForRetryfailure" classname="org.apache.hadoop.ozone.client.rpc.TestWatchForCommit" time="26.796">
    <error message="org.apache.ratis.protocol.RaftRetryFailureException: Failed RaftClientRequest:client-C0A92CFA9822-&gt;0db59126-5ef4-4137-9ff1-95143f9962ad@group-04532A516155, cid=66, seq=1*, RW, cmdType: CreateContainer&#10;traceID: &quot;35c2dcaf191077e2:35c2dcaf191077e2:0:0&quot;&#10;containerID: 1&#10;datanodeUuid: &quot;4f6f313f-9acb-4698-ba57-b0b4f44bfacb&quot;&#10;createContainer {&#10;}&#10;, data.size=0 for 20 attempts with RetryLimited(maxAttempts=20, sleepTime=1000ms)" type="java.util.concurrent.ExecutionException">java.util.concurrent.ExecutionException: 
org.apache.ratis.protocol.RaftRetryFailureException: Failed RaftClientRequest:client-C0A92CFA9822->0db59126-5ef4-4137-9ff1-95143f9962ad@group-04532A516155, cid=66, seq=1*, RW, cmdType: CreateContainer
traceID: "35c2dcaf191077e2:35c2dcaf191077e2:0:0"
containerID: 1
datanodeUuid: "4f6f313f-9acb-4698-ba57-b0b4f44bfacb"
createContainer {
}
, data.size=0 for 20 attempts with RetryLimited(maxAttempts=20, sleepTime=1000ms)
	at java.util.concurrent.CompletableFuture.reportGet(CompletableFuture.java:357)
	at java.util.concurrent.CompletableFuture.get(CompletableFuture.java:1895)
	at org.apache.hadoop.ozone.client.rpc.TestWatchForCommit.testWatchForCommitForRetryfailure(TestWatchForCommit.java:335)
	at sun.reflect.NativeMethodAccessorImpl.invoke0(Native Method)
	at sun.reflect.NativeMethodAccessorImpl.invoke(NativeMethodAccessorImpl.java:62)
	at sun.reflect.DelegatingMethodAccessorImpl.invoke(DelegatingMethodAccessorImpl.java:43)
	at java.lang.reflect.Method.invoke(Method.java:498)
	at org.junit.runners.model.FrameworkMethod$1.runReflectiveCall(FrameworkMethod.java:47)
	at org.junit.internal.runners.model.ReflectiveCallable.run(ReflectiveCallable.java:12)
	at org.junit.runners.model.FrameworkMethod.invokeExplosively(FrameworkMethod.java:44)
	at org.junit.internal.runners.statements.InvokeMethod.evaluate(InvokeMethod.java:17)
	at org.junit.runners.ParentRunner.runLeaf(ParentRunner.java:271)
	at org.junit.runners.BlockJUnit4ClassRunner.runChild(BlockJUnit4ClassRunner.java:70)
	at org.junit.runners.BlockJUnit4ClassRunner.runChild(BlockJUnit4ClassRunner.java:50)
	at org.junit.runners.ParentRunner$3.run(ParentRunner.java:238)
	at org.junit.runners.ParentRunner$1.schedule(ParentRunner.java:63)
	at org.junit.runners.ParentRunner.runChildren(ParentRunner.java:236)
	at org.junit.runners.ParentRunner.access$000(ParentRunner.java:53)
	at org.junit.runners.ParentRunner$2.evaluate(ParentRunner.java:229)
	at org.junit.runners.ParentRunner.run(ParentRunner.java:309)
	at org.apache.maven.surefire.junit4.JUnit4Provider.execute(JUnit4Provider.java:365)
	at org.apache.maven.surefire.junit4.JUnit4Provider.executeWithRerun(JUnit4Provider.java:273)
	at org.apache.maven.surefire.junit4.JUnit4Provider.executeTestSet(JUnit4Provider.java:238)
	at org.apache.maven.surefire.junit4.JUnit4Provider.invoke(JUnit4Provider.java:159)
	at org.apache.maven.surefire.booter.ForkedBooter.invokeProviderInSameClassLoader(ForkedBooter.java:384)
	at org.apache.maven.surefire.booter.ForkedBooter.runSuitesInProcess(ForkedBooter.java:345)
	at org.apache.maven.surefire.booter.ForkedBooter.execute(ForkedBooter.java:126)
	at org.apache.maven.surefire.booter.ForkedBooter.main(ForkedBooter.java:418)
Caused by: org.apache.ratis.protocol.RaftRetryFailureException: Failed RaftClientRequest:client-C0A92CFA9822->0db59126-5ef4-4137-9ff1-95143f9962ad@group-04532A516155, cid=66, seq=1*, RW, cmdType: CreateContainer
traceID: "35c2dcaf191077e2:35c2dcaf191077e2:0:0"
containerID: 1
datanodeUuid: "4f6f313f-9acb-4698-ba57-b0b4f44bfacb"
createContainer {
}
, data.size=0 for 20 attempts with RetryLimited(maxAttempts=20, sleepTime=1000ms)
	at org.apache.ratis.client.impl.RaftClientImpl.noMoreRetries(RaftClientImpl.java:271)
	at org.apache.ratis.client.impl.OrderedAsync.handleAsyncRetryFailure(OrderedAsync.java:138)
	at org.apache.ratis.client.impl.OrderedAsync.lambda$sendRequest$10(OrderedAsync.java:230)
	at java.util.concurrent.CompletableFuture.uniExceptionally(CompletableFuture.java:870)
	at java.util.concurrent.CompletableFuture$UniExceptionally.tryFire(CompletableFuture.java:852)
	at java.util.concurrent.CompletableFuture.postComplete(CompletableFuture.java:474)
	at java.util.concurrent.CompletableFuture.completeExceptionally(CompletableFuture.java:1977)
	at org.apache.ratis.grpc.client.GrpcClientProtocolClient$AsyncStreamObservers.completeReplyExceptionally(GrpcClientProtocolClient.java:345)
	at org.apache.ratis.grpc.client.GrpcClientProtocolClient$AsyncStreamObservers.access$000(GrpcClientProtocolClient.java:261)
	at org.apache.ratis.grpc.client.GrpcClientProtocolClient$AsyncStreamObservers$1.onNext(GrpcClientProtocolClient.java:273)
	at org.apache.ratis.grpc.client.GrpcClientProtocolClient$AsyncStreamObservers$1.onNext(GrpcClientProtocolClient.java:264)
	at org.apache.ratis.thirdparty.io.grpc.stub.ClientCalls$StreamObserverToCallListenerAdapter.onMessage(ClientCalls.java:421)
	at org.apache.ratis.thirdparty.io.grpc.ForwardingClientCallListener.onMessage(ForwardingClientCallListener.java:33)
	at org.apache.ratis.thirdparty.io.grpc.ForwardingClientCallListener.onMessage(ForwardingClientCallListener.java:33)
	at org.apache.ratis.thirdparty.io.grpc.internal.ClientCallImpl$ClientStreamListenerImpl$1MessagesAvailable.runInContext(ClientCallImpl.java:519)
	at org.apache.ratis.thirdparty.io.grpc.internal.ContextRunnable.run(ContextRunnable.java:37)
	at org.apache.ratis.thirdparty.io.grpc.internal.SerializingExecutor.run(SerializingExecutor.java:123)
	at java.util.concurrent.ThreadPoolExecutor.runWorker(ThreadPoolExecutor.java:1149)
	at java.util.concurrent.ThreadPoolExecutor$Worker.run(ThreadPoolExecutor.java:624)
	at java.lang.Thread.run(Thread.java:748)
Caused by: org.apache.ratis.protocol.NotLeaderException: Server 0db59126-5ef4-4137-9ff1-95143f9962ad@group-04532A516155 is not the leader
	at org.apache.ratis.client.impl.ClientProtoUtils.toRaftClientReply(ClientProtoUtils.java:243)
	at org.apache.ratis.grpc.client.GrpcClientProtocolClient$AsyncStreamObservers$1.onNext(GrpcClientProtocolClient.java:269)
	... 10 more
</error>
    <system-out><![CDATA[2019-10-17 18:04:26,582 [main] WARN  server.ServerUtils (ServerUtils.java:getScmDbDir(145)) - ozone.scm.db.dirs is not configured. We recommend adding this setting. Falling back to ozone.metadata.dirs instead.
2019-10-17 18:04:26,607 [main] WARN  server.ServerUtils (ServerUtils.java:getScmDbDir(145)) - ozone.scm.db.dirs is not configured. We recommend adding this setting. Falling back to ozone.metadata.dirs instead.
2019-10-17 18:04:26,608 [main] WARN  server.ServerUtils (ServerUtils.java:getScmDbDir(145)) - ozone.scm.db.dirs is not configured. We recommend adding this setting. Falling back to ozone.metadata.dirs instead.
2019-10-17 18:04:26,608 [main] INFO  db.DBStoreBuilder (DBStoreBuilder.java:addTable(117)) - using custom profile for table: deletedBlocks
2019-10-17 18:04:26,608 [main] INFO  db.DBStoreBuilder (DBStoreBuilder.java:processTables(168)) - Using default column profile:DBProfile.DISK for Table:deletedBlocks
2019-10-17 18:04:26,608 [main] INFO  db.DBStoreBuilder (DBStoreBuilder.java:addTable(117)) - using custom profile for table: validCerts
2019-10-17 18:04:26,608 [main] INFO  db.DBStoreBuilder (DBStoreBuilder.java:processTables(168)) - Using default column profile:DBProfile.DISK for Table:validCerts
2019-10-17 18:04:26,609 [main] INFO  db.DBStoreBuilder (DBStoreBuilder.java:addTable(117)) - using custom profile for table: revokedCerts
2019-10-17 18:04:26,609 [main] INFO  db.DBStoreBuilder (DBStoreBuilder.java:processTables(168)) - Using default column profile:DBProfile.DISK for Table:revokedCerts
2019-10-17 18:04:26,609 [main] INFO  db.DBStoreBuilder (DBStoreBuilder.java:addTable(117)) - using custom profile for table: default
2019-10-17 18:04:26,609 [main] INFO  db.DBStoreBuilder (DBStoreBuilder.java:processTables(174)) - Using default column profile:DBProfile.DISK for Table:default
2019-10-17 18:04:26,609 [main] INFO  db.DBStoreBuilder (DBStoreBuilder.java:getDbProfile(205)) - Using default options. DBProfile.DISK
2019-10-17 18:04:26,919 [main] INFO  net.NodeSchemaLoader (NodeSchemaLoader.java:loadSchemaFromFile(125)) - Loading file from sun.misc.CompoundEnumeration@6bedd4e4
2019-10-17 18:04:26,919 [main] INFO  net.NodeSchemaLoader (NodeSchemaLoader.java:loadSchema(171)) - Loading network topology layer schema file
2019-10-17 18:04:26,926 [main] WARN  server.ServerUtils (ServerUtils.java:sanitizeUserArgs(70)) - ozone.scm.stale.node.interval value = 300000 is larger than max = 100000 based on the key value of ozone.scm.heartbeat.thread.interval, reset to the max value 100000.
2019-10-17 18:04:26,926 [main] WARN  server.ServerUtils (ServerUtils.java:sanitizeUserArgs(70)) - ozone.scm.stale.node.interval value = 300000 is larger than max = 100000 based on the key value of ozone.scm.heartbeat.thread.interval, reset to the max value 100000.
2019-10-17 18:04:26,926 [main] INFO  node.SCMNodeManager (SCMNodeManager.java:<init>(116)) - Entering startup safe mode.
2019-10-17 18:04:26,927 [main] INFO  algorithms.ContainerPlacementPolicyFactory (ContainerPlacementPolicyFactory.java:getPolicy(57)) - Create container placement policy of type org.apache.hadoop.hdds.scm.container.placement.algorithms.SCMContainerPlacementRandom
2019-10-17 18:04:26,928 [main] WARN  server.ServerUtils (ServerUtils.java:getScmDbDir(145)) - ozone.scm.db.dirs is not configured. We recommend adding this setting. Falling back to ozone.metadata.dirs instead.
2019-10-17 18:04:27,077 [main] INFO  pipeline.SCMPipelineManager (SCMPipelineManager.java:initializePipelineState(132)) - No pipeline exists in current db
2019-10-17 18:04:27,077 [main] WARN  server.ServerUtils (ServerUtils.java:getScmDbDir(145)) - ozone.scm.db.dirs is not configured. We recommend adding this setting. Falling back to ozone.metadata.dirs instead.
2019-10-17 18:04:27,216 [main] WARN  events.EventQueue (EventQueue.java:fireEvent(183)) - No event handler registered for event TypedEvent{payloadType=SafeModeStatus, name='SafeModeStatus'}
2019-10-17 18:04:27,217 [main] INFO  ipc.CallQueueManager (CallQueueManager.java:<init>(84)) - Using callQueue: class java.util.concurrent.LinkedBlockingQueue, queueCapacity: 2000, scheduler: class org.apache.hadoop.ipc.DefaultRpcScheduler, ipcBackoff: false.
2019-10-17 18:04:27,219 [Socket Reader #1 for port 40178] INFO  ipc.Server (Server.java:run(1074)) - Starting Socket Reader #1 for port 40178
2019-10-17 18:04:27,221 [main] INFO  ipc.CallQueueManager (CallQueueManager.java:<init>(84)) - Using callQueue: class java.util.concurrent.LinkedBlockingQueue, queueCapacity: 2000, scheduler: class org.apache.hadoop.ipc.DefaultRpcScheduler, ipcBackoff: false.
2019-10-17 18:04:27,222 [Socket Reader #1 for port 39224] INFO  ipc.Server (Server.java:run(1074)) - Starting Socket Reader #1 for port 39224
2019-10-17 18:04:27,223 [main] INFO  ipc.CallQueueManager (CallQueueManager.java:<init>(84)) - Using callQueue: class java.util.concurrent.LinkedBlockingQueue, queueCapacity: 2000, scheduler: class org.apache.hadoop.ipc.DefaultRpcScheduler, ipcBackoff: false.
2019-10-17 18:04:27,224 [Socket Reader #1 for port 33789] INFO  ipc.Server (Server.java:run(1074)) - Starting Socket Reader #1 for port 33789
2019-10-17 18:04:27,228 [main] INFO  hdfs.DFSUtil (DFSUtil.java:httpServerTemplateForNNAndJN(1641)) - Starting Web-server for scm at: http://0.0.0.0:0
2019-10-17 18:04:27,231 [main] INFO  server.AuthenticationFilter (AuthenticationFilter.java:constructSecretProvider(240)) - Unable to initialize FileSignerSecretProvider, falling back to use random secrets.
2019-10-17 18:04:27,232 [main] WARN  http.HttpRequestLog (HttpRequestLog.java:getRequestLog(97)) - Jetty request log can only be enabled using Log4j
2019-10-17 18:04:27,235 [main] INFO  http.HttpServer2 (HttpServer2.java:addGlobalFilter(975)) - Added global filter 'safety' (class=org.apache.hadoop.http.HttpServer2$QuotingInputFilter)
2019-10-17 18:04:27,235 [main] INFO  http.HttpServer2 (HttpServer2.java:addFilter(948)) - Added filter static_user_filter (class=org.apache.hadoop.http.lib.StaticUserWebFilter$StaticUserFilter) to context scm
2019-10-17 18:04:27,236 [main] INFO  http.HttpServer2 (HttpServer2.java:addFilter(958)) - Added filter static_user_filter (class=org.apache.hadoop.http.lib.StaticUserWebFilter$StaticUserFilter) to context static
2019-10-17 18:04:27,236 [main] INFO  http.HttpServer2 (HttpServer2.java:addFilter(958)) - Added filter static_user_filter (class=org.apache.hadoop.http.lib.StaticUserWebFilter$StaticUserFilter) to context logs
2019-10-17 18:04:27,239 [main] INFO  server.StorageContainerManager (StorageContainerManager.java:start(772)) - StorageContainerLocationProtocol RPC server is listening at /0.0.0.0:33789
2019-10-17 18:04:27,242 [main] WARN  impl.MetricsConfig (MetricsConfig.java:loadFirst(134)) - Cannot locate configuration: tried hadoop-metrics2-storagecontainermanager.properties,hadoop-metrics2.properties
2019-10-17 18:04:27,243 [main] INFO  impl.MetricsSystemImpl (MetricsSystemImpl.java:startTimer(374)) - Scheduled Metric snapshot period at 10 second(s).
2019-10-17 18:04:27,243 [main] INFO  impl.MetricsSystemImpl (MetricsSystemImpl.java:start(191)) - StorageContainerManager metrics system started
2019-10-17 18:04:27,270 [main] INFO  lib.Interns (Interns.java:removeEldestEntry(50)) - Metrics intern cache overflow at 2011 for MetricsSystem={MetricsSystem=MetricsInfoImpl{name=MetricsSystem, description=MetricsSystem}, MetricsSystem record=MetricsInfoImpl{name=MetricsSystem, description=MetricsSystem record}}
2019-10-17 18:04:27,292 [main] WARN  impl.MetricsSystemImpl (MetricsSystemImpl.java:register(276)) - Sink prometheus already exists!
2019-10-17 18:04:27,335 [main] INFO  server.SCMClientProtocolServer (SCMClientProtocolServer.java:start(159)) - RPC server for Client  is listening at /0.0.0.0:33789
2019-10-17 18:04:27,335 [IPC Server listener on 33789] INFO  ipc.Server (Server.java:run(1153)) - IPC Server listener on 33789: starting
2019-10-17 18:04:27,335 [IPC Server Responder] INFO  ipc.Server (Server.java:run(1314)) - IPC Server Responder: starting
2019-10-17 18:04:27,339 [main] INFO  server.StorageContainerManager (StorageContainerManager.java:start(782)) - ScmBlockLocationProtocol RPC server is listening at /0.0.0.0:39224
2019-10-17 18:04:27,339 [main] INFO  server.SCMBlockProtocolServer (SCMBlockProtocolServer.java:start(146)) - RPC server for Block Protocol is listening at /0.0.0.0:39224
2019-10-17 18:04:27,340 [IPC Server Responder] INFO  ipc.Server (Server.java:run(1314)) - IPC Server Responder: starting
2019-10-17 18:04:27,341 [IPC Server listener on 39224] INFO  ipc.Server (Server.java:run(1153)) - IPC Server listener on 39224: starting
2019-10-17 18:04:27,343 [main] INFO  server.StorageContainerManager (StorageContainerManager.java:start(786)) - ScmDatanodeProtocl RPC server is listening at /0.0.0.0:40178
2019-10-17 18:04:27,343 [main] INFO  server.SCMDatanodeProtocolServer (SCMDatanodeProtocolServer.java:start(169)) - RPC server for DataNodes is listening at /0.0.0.0:40178
2019-10-17 18:04:27,344 [IPC Server Responder] INFO  ipc.Server (Server.java:run(1314)) - IPC Server Responder: starting
2019-10-17 18:04:27,344 [IPC Server listener on 40178] INFO  ipc.Server (Server.java:run(1153)) - IPC Server listener on 40178: starting
2019-10-17 18:04:27,347 [main] INFO  http.HttpServer2 (HttpServer2.java:bindListener(1191)) - Jetty bound to port 43936
2019-10-17 18:04:27,347 [main] INFO  server.Server (Server.java:doStart(351)) - jetty-9.3.25.v20180904, build timestamp: 2018-09-04T21:11:46Z, git hash: 3ce520221d0240229c862b122d2b06c12a625732
2019-10-17 18:04:27,349 [main] INFO  handler.ContextHandler (ContextHandler.java:doStart(781)) - Started o.e.j.s.ServletContextHandler@76bf1bb8{/logs,file:///workdir/hadoop-ozone/integration-test/target/log,AVAILABLE}
2019-10-17 18:04:27,349 [main] INFO  handler.ContextHandler (ContextHandler.java:doStart(781)) - Started o.e.j.s.ServletContextHandler@76536c53{/static,file:///workdir/hadoop-ozone/integration-test/target/test-classes/webapps/static,AVAILABLE}
2019-10-17 18:04:27,353 [main] INFO  handler.ContextHandler (ContextHandler.java:doStart(781)) - Started o.e.j.w.WebAppContext@5995851e{/,file:///workdir/hadoop-ozone/integration-test/target/test-classes/webapps/scm/,AVAILABLE}{/scm}
2019-10-17 18:04:27,354 [main] INFO  server.AbstractConnector (AbstractConnector.java:doStart(278)) - Started ServerConnector@48a2db72{HTTP/1.1,[http/1.1]}{0.0.0.0:43936}
2019-10-17 18:04:27,354 [main] INFO  server.Server (Server.java:doStart(419)) - Started @103665ms
2019-10-17 18:04:27,354 [main] WARN  impl.MetricsSystemImpl (MetricsSystemImpl.java:register(276)) - Sink prometheus already exists!
2019-10-17 18:04:27,355 [main] INFO  server.BaseHttpServer (BaseHttpServer.java:updateConnectorAddress(215)) - HTTP server of SCM is listening at http://0.0.0.0:43936
2019-10-17 18:04:27,356 [main] WARN  server.ServerUtils (ServerUtils.java:getDBPath(222)) - ozone.om.db.dirs is not configured. We recommend adding this setting. Falling back to ozone.metadata.dirs instead.
2019-10-17 18:04:27,356 [org.apache.hadoop.util.JvmPauseMonitor$Monitor@21c747a] INFO  util.JvmPauseMonitor (JvmPauseMonitor.java:run(188)) - Starting JVM pause monitor
2019-10-17 18:04:27,388 [main] INFO  ha.OMHANodeDetails (OMHANodeDetails.java:loadOMHAConfig(190)) - Configuration either no ozone.om.address set. Falling back to the default OM address /127.0.0.1:0
2019-10-17 18:04:27,388 [main] INFO  ha.OMHANodeDetails (OMHANodeDetails.java:getOMNodeDetails(220)) - OM Service ID is not set. Setting it to the default ID: omServiceIdDefault
2019-10-17 18:04:27,388 [main] WARN  server.ServerUtils (ServerUtils.java:getDBPath(222)) - ozone.om.db.dirs is not configured. We recommend adding this setting. Falling back to ozone.metadata.dirs instead.
2019-10-17 18:04:27,389 [main] WARN  server.ServerUtils (ServerUtils.java:getDBPath(222)) - ozone.om.db.dirs is not configured. We recommend adding this setting. Falling back to ozone.metadata.dirs instead.
2019-10-17 18:04:27,398 [main] WARN  server.ServerUtils (ServerUtils.java:getDBPath(222)) - ozone.om.db.dirs is not configured. We recommend adding this setting. Falling back to ozone.metadata.dirs instead.
2019-10-17 18:04:27,398 [main] INFO  db.DBStoreBuilder (DBStoreBuilder.java:addTable(117)) - using custom profile for table: userTable
2019-10-17 18:04:27,398 [main] INFO  db.DBStoreBuilder (DBStoreBuilder.java:processTables(168)) - Using default column profile:DBProfile.DISK for Table:userTable
2019-10-17 18:04:27,398 [main] INFO  db.DBStoreBuilder (DBStoreBuilder.java:addTable(117)) - using custom profile for table: volumeTable
2019-10-17 18:04:27,398 [main] INFO  db.DBStoreBuilder (DBStoreBuilder.java:processTables(168)) - Using default column profile:DBProfile.DISK for Table:volumeTable
2019-10-17 18:04:27,399 [main] INFO  db.DBStoreBuilder (DBStoreBuilder.java:addTable(117)) - using custom profile for table: bucketTable
2019-10-17 18:04:27,399 [main] INFO  db.DBStoreBuilder (DBStoreBuilder.java:processTables(168)) - Using default column profile:DBProfile.DISK for Table:bucketTable
2019-10-17 18:04:27,399 [main] INFO  db.DBStoreBuilder (DBStoreBuilder.java:addTable(117)) - using custom profile for table: keyTable
2019-10-17 18:04:27,399 [main] INFO  db.DBStoreBuilder (DBStoreBuilder.java:processTables(168)) - Using default column profile:DBProfile.DISK for Table:keyTable
2019-10-17 18:04:27,399 [main] INFO  db.DBStoreBuilder (DBStoreBuilder.java:addTable(117)) - using custom profile for table: deletedTable
2019-10-17 18:04:27,399 [main] INFO  db.DBStoreBuilder (DBStoreBuilder.java:processTables(168)) - Using default column profile:DBProfile.DISK for Table:deletedTable
2019-10-17 18:04:27,399 [main] INFO  db.DBStoreBuilder (DBStoreBuilder.java:addTable(117)) - using custom profile for table: openKeyTable
2019-10-17 18:04:27,400 [main] INFO  db.DBStoreBuilder (DBStoreBuilder.java:processTables(168)) - Using default column profile:DBProfile.DISK for Table:openKeyTable
2019-10-17 18:04:27,400 [main] INFO  db.DBStoreBuilder (DBStoreBuilder.java:addTable(117)) - using custom profile for table: s3Table
2019-10-17 18:04:27,400 [main] INFO  db.DBStoreBuilder (DBStoreBuilder.java:processTables(168)) - Using default column profile:DBProfile.DISK for Table:s3Table
2019-10-17 18:04:27,400 [main] INFO  db.DBStoreBuilder (DBStoreBuilder.java:addTable(117)) - using custom profile for table: multipartInfoTable
2019-10-17 18:04:27,400 [main] INFO  db.DBStoreBuilder (DBStoreBuilder.java:processTables(168)) - Using default column profile:DBProfile.DISK for Table:multipartInfoTable
2019-10-17 18:04:27,400 [main] INFO  db.DBStoreBuilder (DBStoreBuilder.java:addTable(117)) - using custom profile for table: dTokenTable
2019-10-17 18:04:27,400 [main] INFO  db.DBStoreBuilder (DBStoreBuilder.java:processTables(168)) - Using default column profile:DBProfile.DISK for Table:dTokenTable
2019-10-17 18:04:27,401 [main] INFO  db.DBStoreBuilder (DBStoreBuilder.java:addTable(117)) - using custom profile for table: s3SecretTable
2019-10-17 18:04:27,401 [main] INFO  db.DBStoreBuilder (DBStoreBuilder.java:processTables(168)) - Using default column profile:DBProfile.DISK for Table:s3SecretTable
2019-10-17 18:04:27,401 [main] INFO  db.DBStoreBuilder (DBStoreBuilder.java:addTable(117)) - using custom profile for table: prefixTable
2019-10-17 18:04:27,401 [main] INFO  db.DBStoreBuilder (DBStoreBuilder.java:processTables(168)) - Using default column profile:DBProfile.DISK for Table:prefixTable
2019-10-17 18:04:27,401 [main] INFO  db.DBStoreBuilder (DBStoreBuilder.java:addTable(117)) - using custom profile for table: default
2019-10-17 18:04:27,401 [main] INFO  db.DBStoreBuilder (DBStoreBuilder.java:processTables(174)) - Using default column profile:DBProfile.DISK for Table:default
2019-10-17 18:04:27,401 [main] INFO  db.DBStoreBuilder (DBStoreBuilder.java:getDbProfile(205)) - Using default options. DBProfile.DISK
2019-10-17 18:04:28,247 [main] INFO  ipc.CallQueueManager (CallQueueManager.java:<init>(84)) - Using callQueue: class java.util.concurrent.LinkedBlockingQueue, queueCapacity: 2000, scheduler: class org.apache.hadoop.ipc.DefaultRpcScheduler, ipcBackoff: false.
2019-10-17 18:04:28,248 [Socket Reader #1 for port 46361] INFO  ipc.Server (Server.java:run(1074)) - Starting Socket Reader #1 for port 46361
2019-10-17 18:04:28,265 [main] INFO  om.OzoneManager (OzoneManager.java:start(1073)) - OzoneManager RPC server is listening at localhost/127.0.0.1:46361
2019-10-17 18:04:28,265 [main] INFO  impl.MetricsSystemImpl (MetricsSystemImpl.java:init(158)) - OzoneManager metrics system started (again)
2019-10-17 18:04:28,266 [IPC Server Responder] INFO  ipc.Server (Server.java:run(1314)) - IPC Server Responder: starting
2019-10-17 18:04:28,268 [IPC Server listener on 46361] INFO  ipc.Server (Server.java:run(1153)) - IPC Server listener on 46361: starting
2019-10-17 18:04:28,273 [main] INFO  hdfs.DFSUtil (DFSUtil.java:httpServerTemplateForNNAndJN(1641)) - Starting Web-server for ozoneManager at: http://0.0.0.0:0
2019-10-17 18:04:28,275 [main] INFO  server.AuthenticationFilter (AuthenticationFilter.java:constructSecretProvider(240)) - Unable to initialize FileSignerSecretProvider, falling back to use random secrets.
2019-10-17 18:04:28,275 [main] WARN  http.HttpRequestLog (HttpRequestLog.java:getRequestLog(97)) - Jetty request log can only be enabled using Log4j
2019-10-17 18:04:28,277 [main] INFO  http.HttpServer2 (HttpServer2.java:addGlobalFilter(975)) - Added global filter 'safety' (class=org.apache.hadoop.http.HttpServer2$QuotingInputFilter)
2019-10-17 18:04:28,277 [main] INFO  http.HttpServer2 (HttpServer2.java:addFilter(948)) - Added filter static_user_filter (class=org.apache.hadoop.http.lib.StaticUserWebFilter$StaticUserFilter) to context ozoneManager
2019-10-17 18:04:28,278 [main] INFO  http.HttpServer2 (HttpServer2.java:addFilter(958)) - Added filter static_user_filter (class=org.apache.hadoop.http.lib.StaticUserWebFilter$StaticUserFilter) to context logs
2019-10-17 18:04:28,278 [main] INFO  http.HttpServer2 (HttpServer2.java:addFilter(958)) - Added filter static_user_filter (class=org.apache.hadoop.http.lib.StaticUserWebFilter$StaticUserFilter) to context static
2019-10-17 18:04:28,279 [main] INFO  http.HttpServer2 (HttpServer2.java:bindListener(1191)) - Jetty bound to port 44756
2019-10-17 18:04:28,279 [main] INFO  server.Server (Server.java:doStart(351)) - jetty-9.3.25.v20180904, build timestamp: 2018-09-04T21:11:46Z, git hash: 3ce520221d0240229c862b122d2b06c12a625732
2019-10-17 18:04:28,281 [main] INFO  handler.ContextHandler (ContextHandler.java:doStart(781)) - Started o.e.j.s.ServletContextHandler@164642a4{/logs,file:///workdir/hadoop-ozone/integration-test/target/log,AVAILABLE}
2019-10-17 18:04:28,281 [main] INFO  handler.ContextHandler (ContextHandler.java:doStart(781)) - Started o.e.j.s.ServletContextHandler@50b0afd7{/static,file:///workdir/hadoop-ozone/integration-test/target/test-classes/webapps/static,AVAILABLE}
2019-10-17 18:04:28,285 [main] INFO  handler.ContextHandler (ContextHandler.java:doStart(781)) - Started o.e.j.w.WebAppContext@5af64ce0{/,file:///workdir/hadoop-ozone/integration-test/target/test-classes/webapps/ozoneManager/,AVAILABLE}{/ozoneManager}
2019-10-17 18:04:28,286 [main] INFO  server.AbstractConnector (AbstractConnector.java:doStart(278)) - Started ServerConnector@7e7e962d{HTTP/1.1,[http/1.1]}{0.0.0.0:44756}
2019-10-17 18:04:28,287 [main] INFO  server.Server (Server.java:doStart(419)) - Started @104598ms
2019-10-17 18:04:28,287 [main] WARN  impl.MetricsSystemImpl (MetricsSystemImpl.java:register(276)) - Sink prometheus already exists!
2019-10-17 18:04:28,288 [main] INFO  server.BaseHttpServer (BaseHttpServer.java:updateConnectorAddress(215)) - HTTP server of OZONEMANAGER is listening at http://0.0.0.0:44756
2019-10-17 18:04:28,303 [main] INFO  impl.MetricsSystemImpl (MetricsSystemImpl.java:init(158)) - HddsDatanode metrics system started (again)
2019-10-17 18:04:28,305 [main] INFO  ozone.HddsDatanodeService (HddsDatanodeService.java:start(184)) - HddsDatanodeService host:pr-hdds-2240-zn58d-574671676 ip:192.168.34.17
2019-10-17 18:04:28,313 [main] INFO  volume.HddsVolume (HddsVolume.java:<init>(176)) - Creating Volume: /workdir/hadoop-ozone/integration-test/target/test-dir/MiniOzoneClusterImpl-4ead1e5d-0753-48ba-be82-f6ca51f96d4f/datanode-0/data/containers/hdds of  storage type : DISK and capacity : 1482555576320
2019-10-17 18:04:28,314 [main] INFO  volume.VolumeSet (VolumeSet.java:initializeVolumeSet(170)) - Added Volume : /workdir/hadoop-ozone/integration-test/target/test-dir/MiniOzoneClusterImpl-4ead1e5d-0753-48ba-be82-f6ca51f96d4f/datanode-0/data/containers/hdds to VolumeSet
2019-10-17 18:04:28,314 [main] INFO  volume.ThrottledAsyncChecker (ThrottledAsyncChecker.java:schedule(141)) - Scheduling a check for org.apache.hadoop.ozone.container.common.volume.HddsVolume@429aeac1
2019-10-17 18:04:28,315 [main] INFO  volume.HddsVolumeChecker (HddsVolumeChecker.java:checkAllVolumes(204)) - Scheduled health check for volume org.apache.hadoop.ozone.container.common.volume.HddsVolume@429aeac1
2019-10-17 18:04:28,327 [main] INFO  impl.RaftServerProxy (ConfUtils.java:logGet(43)) - raft.rpc.type = GRPC (default)
2019-10-17 18:04:28,328 [main] INFO  grpc.GrpcFactory (GrpcFactory.java:checkPooledByteBufAllocatorUseCacheForAllThreads(45)) - PERFORMANCE WARNING: useCacheForAllThreads is true that may cause Netty to create a lot garbage objects and, as a result, trigger GC.
	It is recommended to disable useCacheForAllThreads by setting -Dorg.apache.ratis.thirdparty.io.netty.allocator.useCacheForAllThreads=false in command line.
2019-10-17 18:04:28,328 [main] INFO  grpc.GrpcConfigKeys$Server (ConfUtils.java:logGet(43)) - raft.grpc.server.port = 0 (default)
2019-10-17 18:04:28,328 [main] INFO  server.GrpcService (ConfUtils.java:logGet(43)) - raft.grpc.message.size.max = 33570816 (custom)
2019-10-17 18:04:28,328 [main] INFO  server.RaftServerConfigKeys (ConfUtils.java:logGet(43)) - raft.server.log.appender.buffer.byte-limit = 33554432 (custom)
2019-10-17 18:04:28,328 [main] INFO  server.GrpcService (ConfUtils.java:logGet(43)) - raft.grpc.flow.control.window = 1MB (=1048576) (default)
2019-10-17 18:04:28,329 [main] INFO  server.RaftServerConfigKeys (ConfUtils.java:logGet(43)) - raft.server.rpc.request.timeout = 3000ms (default)
2019-10-17 18:04:28,329 [main] INFO  server.RaftServerConfigKeys (ConfUtils.java:logGet(43)) - raft.server.storage.dir = [/workdir/hadoop-ozone/integration-test/target/test-dir/MiniOzoneClusterImpl-4ead1e5d-0753-48ba-be82-f6ca51f96d4f/datanode-0/data/ratis] (custom)
2019-10-17 18:04:28,331 [main] INFO  hdfs.DFSUtil (DFSUtil.java:httpServerTemplateForNNAndJN(1641)) - Starting Web-server for hddsDatanode at: http://0.0.0.0:0
2019-10-17 18:04:28,335 [main] INFO  server.AuthenticationFilter (AuthenticationFilter.java:constructSecretProvider(240)) - Unable to initialize FileSignerSecretProvider, falling back to use random secrets.
2019-10-17 18:04:28,335 [main] WARN  http.HttpRequestLog (HttpRequestLog.java:getRequestLog(97)) - Jetty request log can only be enabled using Log4j
2019-10-17 18:04:28,336 [main] INFO  http.HttpServer2 (HttpServer2.java:addGlobalFilter(975)) - Added global filter 'safety' (class=org.apache.hadoop.http.HttpServer2$QuotingInputFilter)
2019-10-17 18:04:28,337 [main] INFO  http.HttpServer2 (HttpServer2.java:addFilter(948)) - Added filter static_user_filter (class=org.apache.hadoop.http.lib.StaticUserWebFilter$StaticUserFilter) to context hddsDatanode
2019-10-17 18:04:28,337 [main] INFO  http.HttpServer2 (HttpServer2.java:addFilter(958)) - Added filter static_user_filter (class=org.apache.hadoop.http.lib.StaticUserWebFilter$StaticUserFilter) to context logs
2019-10-17 18:04:28,337 [main] INFO  http.HttpServer2 (HttpServer2.java:addFilter(958)) - Added filter static_user_filter (class=org.apache.hadoop.http.lib.StaticUserWebFilter$StaticUserFilter) to context static
2019-10-17 18:04:28,338 [main] INFO  http.HttpServer2 (HttpServer2.java:bindListener(1191)) - Jetty bound to port 42939
2019-10-17 18:04:28,338 [main] INFO  server.Server (Server.java:doStart(351)) - jetty-9.3.25.v20180904, build timestamp: 2018-09-04T21:11:46Z, git hash: 3ce520221d0240229c862b122d2b06c12a625732
2019-10-17 18:04:28,340 [main] INFO  handler.ContextHandler (ContextHandler.java:doStart(781)) - Started o.e.j.s.ServletContextHandler@4215e133{/logs,file:///workdir/hadoop-ozone/integration-test/target/log,AVAILABLE}
2019-10-17 18:04:28,340 [main] INFO  handler.ContextHandler (ContextHandler.java:doStart(781)) - Started o.e.j.s.ServletContextHandler@d88f893{/static,jar:file:/home/user/.m2/repository/org/apache/hadoop/hadoop-hdds-container-service/0.5.0-SNAPSHOT/hadoop-hdds-container-service-0.5.0-SNAPSHOT.jar!/webapps/static,AVAILABLE}
2019-10-17 18:04:28,369 [main] INFO  handler.ContextHandler (ContextHandler.java:doStart(781)) - Started o.e.j.w.WebAppContext@4214ae8f{/,file:///tmp/jetty-0.0.0.0-42939-hddsDatanode-_-any-3946077967822241163.dir/webapp/,AVAILABLE}{/hddsDatanode}
2019-10-17 18:04:28,370 [main] INFO  server.AbstractConnector (AbstractConnector.java:doStart(278)) - Started ServerConnector@7ba93755{HTTP/1.1,[http/1.1]}{0.0.0.0:42939}
2019-10-17 18:04:28,372 [main] INFO  server.Server (Server.java:doStart(419)) - Started @104683ms
2019-10-17 18:04:28,372 [main] WARN  impl.MetricsSystemImpl (MetricsSystemImpl.java:register(276)) - Sink prometheus already exists!
2019-10-17 18:04:28,373 [main] INFO  server.BaseHttpServer (BaseHttpServer.java:updateConnectorAddress(215)) - HTTP server of HDDSDATANODE is listening at http://0.0.0.0:42939
2019-10-17 18:04:28,374 [main] INFO  impl.MetricsSystemImpl (MetricsSystemImpl.java:init(158)) - HddsDatanode metrics system started (again)
2019-10-17 18:04:28,376 [main] INFO  ozone.HddsDatanodeService (HddsDatanodeService.java:start(184)) - HddsDatanodeService host:pr-hdds-2240-zn58d-574671676 ip:192.168.34.17
2019-10-17 18:04:28,377 [org.apache.hadoop.util.JvmPauseMonitor$Monitor@41ec38bb] INFO  util.JvmPauseMonitor (JvmPauseMonitor.java:run(188)) - Starting JVM pause monitor
2019-10-17 18:04:28,379 [Datanode State Machine Thread - 0] INFO  datanode.InitDatanodeState (InitDatanodeState.java:persistContainerDatanodeDetails(140)) - DatanodeDetails is persisted to /workdir/hadoop-ozone/integration-test/target/test-dir/MiniOzoneClusterImpl-4ead1e5d-0753-48ba-be82-f6ca51f96d4f/datanode-0/meta/datanode.id
2019-10-17 18:04:28,384 [main] INFO  volume.HddsVolume (HddsVolume.java:<init>(176)) - Creating Volume: /workdir/hadoop-ozone/integration-test/target/test-dir/MiniOzoneClusterImpl-4ead1e5d-0753-48ba-be82-f6ca51f96d4f/datanode-1/data/containers/hdds of  storage type : DISK and capacity : 1482555576320
2019-10-17 18:04:28,384 [main] INFO  volume.VolumeSet (VolumeSet.java:initializeVolumeSet(170)) - Added Volume : /workdir/hadoop-ozone/integration-test/target/test-dir/MiniOzoneClusterImpl-4ead1e5d-0753-48ba-be82-f6ca51f96d4f/datanode-1/data/containers/hdds to VolumeSet
2019-10-17 18:04:28,384 [main] INFO  volume.ThrottledAsyncChecker (ThrottledAsyncChecker.java:schedule(141)) - Scheduling a check for org.apache.hadoop.ozone.container.common.volume.HddsVolume@7f287b98
2019-10-17 18:04:28,385 [main] INFO  volume.HddsVolumeChecker (HddsVolumeChecker.java:checkAllVolumes(204)) - Scheduled health check for volume org.apache.hadoop.ozone.container.common.volume.HddsVolume@7f287b98
2019-10-17 18:04:28,398 [main] INFO  impl.RaftServerProxy (ConfUtils.java:logGet(43)) - raft.rpc.type = GRPC (default)
2019-10-17 18:04:28,398 [main] INFO  grpc.GrpcFactory (GrpcFactory.java:checkPooledByteBufAllocatorUseCacheForAllThreads(45)) - PERFORMANCE WARNING: useCacheForAllThreads is true that may cause Netty to create a lot garbage objects and, as a result, trigger GC.
	It is recommended to disable useCacheForAllThreads by setting -Dorg.apache.ratis.thirdparty.io.netty.allocator.useCacheForAllThreads=false in command line.
2019-10-17 18:04:28,398 [main] INFO  grpc.GrpcConfigKeys$Server (ConfUtils.java:logGet(43)) - raft.grpc.server.port = 0 (default)
2019-10-17 18:04:28,398 [main] INFO  server.GrpcService (ConfUtils.java:logGet(43)) - raft.grpc.message.size.max = 33570816 (custom)
2019-10-17 18:04:28,399 [main] INFO  server.RaftServerConfigKeys (ConfUtils.java:logGet(43)) - raft.server.log.appender.buffer.byte-limit = 33554432 (custom)
2019-10-17 18:04:28,399 [main] INFO  server.GrpcService (ConfUtils.java:logGet(43)) - raft.grpc.flow.control.window = 1MB (=1048576) (default)
2019-10-17 18:04:28,399 [main] INFO  server.RaftServerConfigKeys (ConfUtils.java:logGet(43)) - raft.server.rpc.request.timeout = 3000ms (default)
2019-10-17 18:04:28,399 [main] INFO  server.RaftServerConfigKeys (ConfUtils.java:logGet(43)) - raft.server.storage.dir = [/workdir/hadoop-ozone/integration-test/target/test-dir/MiniOzoneClusterImpl-4ead1e5d-0753-48ba-be82-f6ca51f96d4f/datanode-1/data/ratis] (custom)
2019-10-17 18:04:28,402 [main] INFO  hdfs.DFSUtil (DFSUtil.java:httpServerTemplateForNNAndJN(1641)) - Starting Web-server for hddsDatanode at: http://0.0.0.0:0
2019-10-17 18:04:28,404 [main] INFO  server.AuthenticationFilter (AuthenticationFilter.java:constructSecretProvider(240)) - Unable to initialize FileSignerSecretProvider, falling back to use random secrets.
2019-10-17 18:04:28,404 [main] WARN  http.HttpRequestLog (HttpRequestLog.java:getRequestLog(97)) - Jetty request log can only be enabled using Log4j
2019-10-17 18:04:28,406 [main] INFO  http.HttpServer2 (HttpServer2.java:addGlobalFilter(975)) - Added global filter 'safety' (class=org.apache.hadoop.http.HttpServer2$QuotingInputFilter)
2019-10-17 18:04:28,406 [main] INFO  http.HttpServer2 (HttpServer2.java:addFilter(948)) - Added filter static_user_filter (class=org.apache.hadoop.http.lib.StaticUserWebFilter$StaticUserFilter) to context hddsDatanode
2019-10-17 18:04:28,407 [main] INFO  http.HttpServer2 (HttpServer2.java:addFilter(958)) - Added filter static_user_filter (class=org.apache.hadoop.http.lib.StaticUserWebFilter$StaticUserFilter) to context logs
2019-10-17 18:04:28,407 [main] INFO  http.HttpServer2 (HttpServer2.java:addFilter(958)) - Added filter static_user_filter (class=org.apache.hadoop.http.lib.StaticUserWebFilter$StaticUserFilter) to context static
2019-10-17 18:04:28,408 [main] INFO  http.HttpServer2 (HttpServer2.java:bindListener(1191)) - Jetty bound to port 39585
2019-10-17 18:04:28,408 [main] INFO  server.Server (Server.java:doStart(351)) - jetty-9.3.25.v20180904, build timestamp: 2018-09-04T21:11:46Z, git hash: 3ce520221d0240229c862b122d2b06c12a625732
2019-10-17 18:04:28,410 [main] INFO  handler.ContextHandler (ContextHandler.java:doStart(781)) - Started o.e.j.s.ServletContextHandler@2cca611f{/logs,file:///workdir/hadoop-ozone/integration-test/target/log,AVAILABLE}
2019-10-17 18:04:28,410 [main] INFO  handler.ContextHandler (ContextHandler.java:doStart(781)) - Started o.e.j.s.ServletContextHandler@6fc0bbc6{/static,jar:file:/home/user/.m2/repository/org/apache/hadoop/hadoop-hdds-container-service/0.5.0-SNAPSHOT/hadoop-hdds-container-service-0.5.0-SNAPSHOT.jar!/webapps/static,AVAILABLE}
2019-10-17 18:04:28,451 [main] INFO  handler.ContextHandler (ContextHandler.java:doStart(781)) - Started o.e.j.w.WebAppContext@1450131a{/,file:///tmp/jetty-0.0.0.0-39585-hddsDatanode-_-any-4569979825021580553.dir/webapp/,AVAILABLE}{/hddsDatanode}
2019-10-17 18:04:28,451 [main] INFO  server.AbstractConnector (AbstractConnector.java:doStart(278)) - Started ServerConnector@5f7eee96{HTTP/1.1,[http/1.1]}{0.0.0.0:39585}
2019-10-17 18:04:28,452 [main] INFO  server.Server (Server.java:doStart(419)) - Started @104763ms
2019-10-17 18:04:28,452 [main] WARN  impl.MetricsSystemImpl (MetricsSystemImpl.java:register(276)) - Sink prometheus already exists!
2019-10-17 18:04:28,453 [main] INFO  server.BaseHttpServer (BaseHttpServer.java:updateConnectorAddress(215)) - HTTP server of HDDSDATANODE is listening at http://0.0.0.0:39585
2019-10-17 18:04:28,453 [main] INFO  impl.MetricsSystemImpl (MetricsSystemImpl.java:init(158)) - HddsDatanode metrics system started (again)
2019-10-17 18:04:28,457 [org.apache.hadoop.util.JvmPauseMonitor$Monitor@202ff50c] INFO  util.JvmPauseMonitor (JvmPauseMonitor.java:run(188)) - Starting JVM pause monitor
2019-10-17 18:04:28,457 [main] INFO  ozone.HddsDatanodeService (HddsDatanodeService.java:start(184)) - HddsDatanodeService host:pr-hdds-2240-zn58d-574671676 ip:192.168.34.17
2019-10-17 18:04:28,461 [Datanode State Machine Thread - 0] INFO  datanode.InitDatanodeState (InitDatanodeState.java:persistContainerDatanodeDetails(140)) - DatanodeDetails is persisted to /workdir/hadoop-ozone/integration-test/target/test-dir/MiniOzoneClusterImpl-4ead1e5d-0753-48ba-be82-f6ca51f96d4f/datanode-1/meta/datanode.id
2019-10-17 18:04:28,465 [main] INFO  volume.HddsVolume (HddsVolume.java:<init>(176)) - Creating Volume: /workdir/hadoop-ozone/integration-test/target/test-dir/MiniOzoneClusterImpl-4ead1e5d-0753-48ba-be82-f6ca51f96d4f/datanode-2/data/containers/hdds of  storage type : DISK and capacity : 1482555576320
2019-10-17 18:04:28,465 [main] INFO  volume.VolumeSet (VolumeSet.java:initializeVolumeSet(170)) - Added Volume : /workdir/hadoop-ozone/integration-test/target/test-dir/MiniOzoneClusterImpl-4ead1e5d-0753-48ba-be82-f6ca51f96d4f/datanode-2/data/containers/hdds to VolumeSet
2019-10-17 18:04:28,465 [main] INFO  volume.ThrottledAsyncChecker (ThrottledAsyncChecker.java:schedule(141)) - Scheduling a check for org.apache.hadoop.ozone.container.common.volume.HddsVolume@4de79b7d
2019-10-17 18:04:28,466 [main] INFO  volume.HddsVolumeChecker (HddsVolumeChecker.java:checkAllVolumes(204)) - Scheduled health check for volume org.apache.hadoop.ozone.container.common.volume.HddsVolume@4de79b7d
2019-10-17 18:04:28,481 [main] INFO  impl.RaftServerProxy (ConfUtils.java:logGet(43)) - raft.rpc.type = GRPC (default)
2019-10-17 18:04:28,481 [main] INFO  grpc.GrpcFactory (GrpcFactory.java:checkPooledByteBufAllocatorUseCacheForAllThreads(45)) - PERFORMANCE WARNING: useCacheForAllThreads is true that may cause Netty to create a lot garbage objects and, as a result, trigger GC.
	It is recommended to disable useCacheForAllThreads by setting -Dorg.apache.ratis.thirdparty.io.netty.allocator.useCacheForAllThreads=false in command line.
2019-10-17 18:04:28,481 [main] INFO  grpc.GrpcConfigKeys$Server (ConfUtils.java:logGet(43)) - raft.grpc.server.port = 0 (default)
2019-10-17 18:04:28,481 [main] INFO  server.GrpcService (ConfUtils.java:logGet(43)) - raft.grpc.message.size.max = 33570816 (custom)
2019-10-17 18:04:28,481 [main] INFO  server.RaftServerConfigKeys (ConfUtils.java:logGet(43)) - raft.server.log.appender.buffer.byte-limit = 33554432 (custom)
2019-10-17 18:04:28,482 [main] INFO  server.GrpcService (ConfUtils.java:logGet(43)) - raft.grpc.flow.control.window = 1MB (=1048576) (default)
2019-10-17 18:04:28,482 [main] INFO  server.RaftServerConfigKeys (ConfUtils.java:logGet(43)) - raft.server.rpc.request.timeout = 3000ms (default)
2019-10-17 18:04:28,482 [main] INFO  server.RaftServerConfigKeys (ConfUtils.java:logGet(43)) - raft.server.storage.dir = [/workdir/hadoop-ozone/integration-test/target/test-dir/MiniOzoneClusterImpl-4ead1e5d-0753-48ba-be82-f6ca51f96d4f/datanode-2/data/ratis] (custom)
2019-10-17 18:04:28,484 [main] INFO  hdfs.DFSUtil (DFSUtil.java:httpServerTemplateForNNAndJN(1641)) - Starting Web-server for hddsDatanode at: http://0.0.0.0:0
2019-10-17 18:04:28,486 [main] INFO  server.AuthenticationFilter (AuthenticationFilter.java:constructSecretProvider(240)) - Unable to initialize FileSignerSecretProvider, falling back to use random secrets.
2019-10-17 18:04:28,486 [main] WARN  http.HttpRequestLog (HttpRequestLog.java:getRequestLog(97)) - Jetty request log can only be enabled using Log4j
2019-10-17 18:04:28,488 [main] INFO  http.HttpServer2 (HttpServer2.java:addGlobalFilter(975)) - Added global filter 'safety' (class=org.apache.hadoop.http.HttpServer2$QuotingInputFilter)
2019-10-17 18:04:28,489 [main] INFO  http.HttpServer2 (HttpServer2.java:addFilter(948)) - Added filter static_user_filter (class=org.apache.hadoop.http.lib.StaticUserWebFilter$StaticUserFilter) to context hddsDatanode
2019-10-17 18:04:28,489 [main] INFO  http.HttpServer2 (HttpServer2.java:addFilter(958)) - Added filter static_user_filter (class=org.apache.hadoop.http.lib.StaticUserWebFilter$StaticUserFilter) to context logs
2019-10-17 18:04:28,489 [main] INFO  http.HttpServer2 (HttpServer2.java:addFilter(958)) - Added filter static_user_filter (class=org.apache.hadoop.http.lib.StaticUserWebFilter$StaticUserFilter) to context static
2019-10-17 18:04:28,490 [main] INFO  http.HttpServer2 (HttpServer2.java:bindListener(1191)) - Jetty bound to port 46329
2019-10-17 18:04:28,490 [main] INFO  server.Server (Server.java:doStart(351)) - jetty-9.3.25.v20180904, build timestamp: 2018-09-04T21:11:46Z, git hash: 3ce520221d0240229c862b122d2b06c12a625732
2019-10-17 18:04:28,492 [main] INFO  handler.ContextHandler (ContextHandler.java:doStart(781)) - Started o.e.j.s.ServletContextHandler@f557c37{/logs,file:///workdir/hadoop-ozone/integration-test/target/log,AVAILABLE}
2019-10-17 18:04:28,493 [main] INFO  handler.ContextHandler (ContextHandler.java:doStart(781)) - Started o.e.j.s.ServletContextHandler@5856dbe4{/static,jar:file:/home/user/.m2/repository/org/apache/hadoop/hadoop-hdds-container-service/0.5.0-SNAPSHOT/hadoop-hdds-container-service-0.5.0-SNAPSHOT.jar!/webapps/static,AVAILABLE}
2019-10-17 18:04:28,527 [main] INFO  handler.ContextHandler (ContextHandler.java:doStart(781)) - Started o.e.j.w.WebAppContext@68ddd415{/,file:///tmp/jetty-0.0.0.0-46329-hddsDatanode-_-any-7218810075808409332.dir/webapp/,AVAILABLE}{/hddsDatanode}
2019-10-17 18:04:28,527 [main] INFO  server.AbstractConnector (AbstractConnector.java:doStart(278)) - Started ServerConnector@306c7bf6{HTTP/1.1,[http/1.1]}{0.0.0.0:46329}
2019-10-17 18:04:28,528 [main] INFO  server.Server (Server.java:doStart(419)) - Started @104839ms
2019-10-17 18:04:28,529 [main] WARN  impl.MetricsSystemImpl (MetricsSystemImpl.java:register(276)) - Sink prometheus already exists!
2019-10-17 18:04:28,529 [main] INFO  server.BaseHttpServer (BaseHttpServer.java:updateConnectorAddress(215)) - HTTP server of HDDSDATANODE is listening at http://0.0.0.0:46329
2019-10-17 18:04:28,530 [main] INFO  impl.MetricsSystemImpl (MetricsSystemImpl.java:init(158)) - HddsDatanode metrics system started (again)
2019-10-17 18:04:28,533 [main] INFO  ozone.HddsDatanodeService (HddsDatanodeService.java:start(184)) - HddsDatanodeService host:pr-hdds-2240-zn58d-574671676 ip:192.168.34.17
2019-10-17 18:04:28,533 [org.apache.hadoop.util.JvmPauseMonitor$Monitor@4fc8ebf6] INFO  util.JvmPauseMonitor (JvmPauseMonitor.java:run(188)) - Starting JVM pause monitor
2019-10-17 18:04:28,535 [Datanode State Machine Thread - 0] INFO  datanode.InitDatanodeState (InitDatanodeState.java:persistContainerDatanodeDetails(140)) - DatanodeDetails is persisted to /workdir/hadoop-ozone/integration-test/target/test-dir/MiniOzoneClusterImpl-4ead1e5d-0753-48ba-be82-f6ca51f96d4f/datanode-2/meta/datanode.id
2019-10-17 18:04:28,541 [main] INFO  volume.HddsVolume (HddsVolume.java:<init>(176)) - Creating Volume: /workdir/hadoop-ozone/integration-test/target/test-dir/MiniOzoneClusterImpl-4ead1e5d-0753-48ba-be82-f6ca51f96d4f/datanode-3/data/containers/hdds of  storage type : DISK and capacity : 1482555576320
2019-10-17 18:04:28,541 [main] INFO  volume.VolumeSet (VolumeSet.java:initializeVolumeSet(170)) - Added Volume : /workdir/hadoop-ozone/integration-test/target/test-dir/MiniOzoneClusterImpl-4ead1e5d-0753-48ba-be82-f6ca51f96d4f/datanode-3/data/containers/hdds to VolumeSet
2019-10-17 18:04:28,541 [main] INFO  volume.ThrottledAsyncChecker (ThrottledAsyncChecker.java:schedule(141)) - Scheduling a check for org.apache.hadoop.ozone.container.common.volume.HddsVolume@574059d5
2019-10-17 18:04:28,542 [main] INFO  volume.HddsVolumeChecker (HddsVolumeChecker.java:checkAllVolumes(204)) - Scheduled health check for volume org.apache.hadoop.ozone.container.common.volume.HddsVolume@574059d5
2019-10-17 18:04:28,558 [main] INFO  impl.RaftServerProxy (ConfUtils.java:logGet(43)) - raft.rpc.type = GRPC (default)
2019-10-17 18:04:28,558 [main] INFO  grpc.GrpcFactory (GrpcFactory.java:checkPooledByteBufAllocatorUseCacheForAllThreads(45)) - PERFORMANCE WARNING: useCacheForAllThreads is true that may cause Netty to create a lot garbage objects and, as a result, trigger GC.
	It is recommended to disable useCacheForAllThreads by setting -Dorg.apache.ratis.thirdparty.io.netty.allocator.useCacheForAllThreads=false in command line.
2019-10-17 18:04:28,558 [main] INFO  grpc.GrpcConfigKeys$Server (ConfUtils.java:logGet(43)) - raft.grpc.server.port = 0 (default)
2019-10-17 18:04:28,559 [main] INFO  server.GrpcService (ConfUtils.java:logGet(43)) - raft.grpc.message.size.max = 33570816 (custom)
2019-10-17 18:04:28,559 [main] INFO  server.RaftServerConfigKeys (ConfUtils.java:logGet(43)) - raft.server.log.appender.buffer.byte-limit = 33554432 (custom)
2019-10-17 18:04:28,559 [main] INFO  server.GrpcService (ConfUtils.java:logGet(43)) - raft.grpc.flow.control.window = 1MB (=1048576) (default)
2019-10-17 18:04:28,559 [main] INFO  server.RaftServerConfigKeys (ConfUtils.java:logGet(43)) - raft.server.rpc.request.timeout = 3000ms (default)
2019-10-17 18:04:28,560 [main] INFO  server.RaftServerConfigKeys (ConfUtils.java:logGet(43)) - raft.server.storage.dir = [/workdir/hadoop-ozone/integration-test/target/test-dir/MiniOzoneClusterImpl-4ead1e5d-0753-48ba-be82-f6ca51f96d4f/datanode-3/data/ratis] (custom)
2019-10-17 18:04:28,562 [main] INFO  hdfs.DFSUtil (DFSUtil.java:httpServerTemplateForNNAndJN(1641)) - Starting Web-server for hddsDatanode at: http://0.0.0.0:0
2019-10-17 18:04:28,563 [main] INFO  server.AuthenticationFilter (AuthenticationFilter.java:constructSecretProvider(240)) - Unable to initialize FileSignerSecretProvider, falling back to use random secrets.
2019-10-17 18:04:28,564 [main] WARN  http.HttpRequestLog (HttpRequestLog.java:getRequestLog(97)) - Jetty request log can only be enabled using Log4j
2019-10-17 18:04:28,565 [main] INFO  http.HttpServer2 (HttpServer2.java:addGlobalFilter(975)) - Added global filter 'safety' (class=org.apache.hadoop.http.HttpServer2$QuotingInputFilter)
2019-10-17 18:04:28,565 [main] INFO  http.HttpServer2 (HttpServer2.java:addFilter(948)) - Added filter static_user_filter (class=org.apache.hadoop.http.lib.StaticUserWebFilter$StaticUserFilter) to context hddsDatanode
2019-10-17 18:04:28,566 [main] INFO  http.HttpServer2 (HttpServer2.java:addFilter(958)) - Added filter static_user_filter (class=org.apache.hadoop.http.lib.StaticUserWebFilter$StaticUserFilter) to context logs
2019-10-17 18:04:28,566 [main] INFO  http.HttpServer2 (HttpServer2.java:addFilter(958)) - Added filter static_user_filter (class=org.apache.hadoop.http.lib.StaticUserWebFilter$StaticUserFilter) to context static
2019-10-17 18:04:28,566 [main] INFO  http.HttpServer2 (HttpServer2.java:bindListener(1191)) - Jetty bound to port 45556
2019-10-17 18:04:28,567 [main] INFO  server.Server (Server.java:doStart(351)) - jetty-9.3.25.v20180904, build timestamp: 2018-09-04T21:11:46Z, git hash: 3ce520221d0240229c862b122d2b06c12a625732
2019-10-17 18:04:28,569 [main] INFO  handler.ContextHandler (ContextHandler.java:doStart(781)) - Started o.e.j.s.ServletContextHandler@3635099{/logs,file:///workdir/hadoop-ozone/integration-test/target/log,AVAILABLE}
2019-10-17 18:04:28,569 [main] INFO  handler.ContextHandler (ContextHandler.java:doStart(781)) - Started o.e.j.s.ServletContextHandler@1095d23a{/static,jar:file:/home/user/.m2/repository/org/apache/hadoop/hadoop-hdds-container-service/0.5.0-SNAPSHOT/hadoop-hdds-container-service-0.5.0-SNAPSHOT.jar!/webapps/static,AVAILABLE}
2019-10-17 18:04:28,606 [main] INFO  handler.ContextHandler (ContextHandler.java:doStart(781)) - Started o.e.j.w.WebAppContext@10244722{/,file:///tmp/jetty-0.0.0.0-45556-hddsDatanode-_-any-5513996350481758304.dir/webapp/,AVAILABLE}{/hddsDatanode}
2019-10-17 18:04:28,607 [main] INFO  server.AbstractConnector (AbstractConnector.java:doStart(278)) - Started ServerConnector@61615b4a{HTTP/1.1,[http/1.1]}{0.0.0.0:45556}
2019-10-17 18:04:28,608 [main] INFO  server.Server (Server.java:doStart(419)) - Started @104919ms
2019-10-17 18:04:28,609 [main] WARN  impl.MetricsSystemImpl (MetricsSystemImpl.java:register(276)) - Sink prometheus already exists!
2019-10-17 18:04:28,610 [main] INFO  server.BaseHttpServer (BaseHttpServer.java:updateConnectorAddress(215)) - HTTP server of HDDSDATANODE is listening at http://0.0.0.0:45556
2019-10-17 18:04:28,610 [main] INFO  impl.MetricsSystemImpl (MetricsSystemImpl.java:init(158)) - HddsDatanode metrics system started (again)
2019-10-17 18:04:28,614 [org.apache.hadoop.util.JvmPauseMonitor$Monitor@685d20cf] INFO  util.JvmPauseMonitor (JvmPauseMonitor.java:run(188)) - Starting JVM pause monitor
2019-10-17 18:04:28,614 [main] INFO  ozone.HddsDatanodeService (HddsDatanodeService.java:start(184)) - HddsDatanodeService host:pr-hdds-2240-zn58d-574671676 ip:192.168.34.17
2019-10-17 18:04:28,615 [Datanode State Machine Thread - 0] INFO  datanode.InitDatanodeState (InitDatanodeState.java:persistContainerDatanodeDetails(140)) - DatanodeDetails is persisted to /workdir/hadoop-ozone/integration-test/target/test-dir/MiniOzoneClusterImpl-4ead1e5d-0753-48ba-be82-f6ca51f96d4f/datanode-3/meta/datanode.id
2019-10-17 18:04:28,627 [main] INFO  volume.HddsVolume (HddsVolume.java:<init>(176)) - Creating Volume: /workdir/hadoop-ozone/integration-test/target/test-dir/MiniOzoneClusterImpl-4ead1e5d-0753-48ba-be82-f6ca51f96d4f/datanode-4/data/containers/hdds of  storage type : DISK and capacity : 1482555576320
2019-10-17 18:04:28,627 [main] INFO  volume.VolumeSet (VolumeSet.java:initializeVolumeSet(170)) - Added Volume : /workdir/hadoop-ozone/integration-test/target/test-dir/MiniOzoneClusterImpl-4ead1e5d-0753-48ba-be82-f6ca51f96d4f/datanode-4/data/containers/hdds to VolumeSet
2019-10-17 18:04:28,627 [main] INFO  volume.ThrottledAsyncChecker (ThrottledAsyncChecker.java:schedule(141)) - Scheduling a check for org.apache.hadoop.ozone.container.common.volume.HddsVolume@2a2dc0a
2019-10-17 18:04:28,628 [main] INFO  volume.HddsVolumeChecker (HddsVolumeChecker.java:checkAllVolumes(204)) - Scheduled health check for volume org.apache.hadoop.ozone.container.common.volume.HddsVolume@2a2dc0a
2019-10-17 18:04:28,641 [main] INFO  impl.RaftServerProxy (ConfUtils.java:logGet(43)) - raft.rpc.type = GRPC (default)
2019-10-17 18:04:28,641 [main] INFO  grpc.GrpcFactory (GrpcFactory.java:checkPooledByteBufAllocatorUseCacheForAllThreads(45)) - PERFORMANCE WARNING: useCacheForAllThreads is true that may cause Netty to create a lot garbage objects and, as a result, trigger GC.
	It is recommended to disable useCacheForAllThreads by setting -Dorg.apache.ratis.thirdparty.io.netty.allocator.useCacheForAllThreads=false in command line.
2019-10-17 18:04:28,642 [main] INFO  grpc.GrpcConfigKeys$Server (ConfUtils.java:logGet(43)) - raft.grpc.server.port = 0 (default)
2019-10-17 18:04:28,642 [main] INFO  server.GrpcService (ConfUtils.java:logGet(43)) - raft.grpc.message.size.max = 33570816 (custom)
2019-10-17 18:04:28,642 [main] INFO  server.RaftServerConfigKeys (ConfUtils.java:logGet(43)) - raft.server.log.appender.buffer.byte-limit = 33554432 (custom)
2019-10-17 18:04:28,642 [main] INFO  server.GrpcService (ConfUtils.java:logGet(43)) - raft.grpc.flow.control.window = 1MB (=1048576) (default)
2019-10-17 18:04:28,642 [main] INFO  server.RaftServerConfigKeys (ConfUtils.java:logGet(43)) - raft.server.rpc.request.timeout = 3000ms (default)
2019-10-17 18:04:28,643 [main] INFO  server.RaftServerConfigKeys (ConfUtils.java:logGet(43)) - raft.server.storage.dir = [/workdir/hadoop-ozone/integration-test/target/test-dir/MiniOzoneClusterImpl-4ead1e5d-0753-48ba-be82-f6ca51f96d4f/datanode-4/data/ratis] (custom)
2019-10-17 18:04:28,644 [main] INFO  hdfs.DFSUtil (DFSUtil.java:httpServerTemplateForNNAndJN(1641)) - Starting Web-server for hddsDatanode at: http://0.0.0.0:0
2019-10-17 18:04:28,645 [main] INFO  server.AuthenticationFilter (AuthenticationFilter.java:constructSecretProvider(240)) - Unable to initialize FileSignerSecretProvider, falling back to use random secrets.
2019-10-17 18:04:28,646 [main] WARN  http.HttpRequestLog (HttpRequestLog.java:getRequestLog(97)) - Jetty request log can only be enabled using Log4j
2019-10-17 18:04:28,647 [main] INFO  http.HttpServer2 (HttpServer2.java:addGlobalFilter(975)) - Added global filter 'safety' (class=org.apache.hadoop.http.HttpServer2$QuotingInputFilter)
2019-10-17 18:04:28,647 [main] INFO  http.HttpServer2 (HttpServer2.java:addFilter(948)) - Added filter static_user_filter (class=org.apache.hadoop.http.lib.StaticUserWebFilter$StaticUserFilter) to context hddsDatanode
2019-10-17 18:04:28,648 [main] INFO  http.HttpServer2 (HttpServer2.java:addFilter(958)) - Added filter static_user_filter (class=org.apache.hadoop.http.lib.StaticUserWebFilter$StaticUserFilter) to context logs
2019-10-17 18:04:28,648 [main] INFO  http.HttpServer2 (HttpServer2.java:addFilter(958)) - Added filter static_user_filter (class=org.apache.hadoop.http.lib.StaticUserWebFilter$StaticUserFilter) to context static
2019-10-17 18:04:28,648 [main] INFO  http.HttpServer2 (HttpServer2.java:bindListener(1191)) - Jetty bound to port 37295
2019-10-17 18:04:28,648 [main] INFO  server.Server (Server.java:doStart(351)) - jetty-9.3.25.v20180904, build timestamp: 2018-09-04T21:11:46Z, git hash: 3ce520221d0240229c862b122d2b06c12a625732
2019-10-17 18:04:28,650 [main] INFO  handler.ContextHandler (ContextHandler.java:doStart(781)) - Started o.e.j.s.ServletContextHandler@34414ffc{/logs,file:///workdir/hadoop-ozone/integration-test/target/log,AVAILABLE}
2019-10-17 18:04:28,651 [main] INFO  handler.ContextHandler (ContextHandler.java:doStart(781)) - Started o.e.j.s.ServletContextHandler@4041739c{/static,jar:file:/home/user/.m2/repository/org/apache/hadoop/hadoop-hdds-container-service/0.5.0-SNAPSHOT/hadoop-hdds-container-service-0.5.0-SNAPSHOT.jar!/webapps/static,AVAILABLE}
2019-10-17 18:04:28,680 [main] INFO  handler.ContextHandler (ContextHandler.java:doStart(781)) - Started o.e.j.w.WebAppContext@5700c9db{/,file:///tmp/jetty-0.0.0.0-37295-hddsDatanode-_-any-2859529293858488698.dir/webapp/,AVAILABLE}{/hddsDatanode}
2019-10-17 18:04:28,681 [main] INFO  server.AbstractConnector (AbstractConnector.java:doStart(278)) - Started ServerConnector@671d03bb{HTTP/1.1,[http/1.1]}{0.0.0.0:37295}
2019-10-17 18:04:28,683 [main] INFO  server.Server (Server.java:doStart(419)) - Started @104993ms
2019-10-17 18:04:28,683 [main] WARN  impl.MetricsSystemImpl (MetricsSystemImpl.java:register(276)) - Sink prometheus already exists!
2019-10-17 18:04:28,684 [main] INFO  server.BaseHttpServer (BaseHttpServer.java:updateConnectorAddress(215)) - HTTP server of HDDSDATANODE is listening at http://0.0.0.0:37295
2019-10-17 18:04:28,684 [main] INFO  impl.MetricsSystemImpl (MetricsSystemImpl.java:init(158)) - HddsDatanode metrics system started (again)
2019-10-17 18:04:28,688 [org.apache.hadoop.util.JvmPauseMonitor$Monitor@71335634] INFO  util.JvmPauseMonitor (JvmPauseMonitor.java:run(188)) - Starting JVM pause monitor
2019-10-17 18:04:28,689 [main] INFO  ozone.HddsDatanodeService (HddsDatanodeService.java:start(184)) - HddsDatanodeService host:pr-hdds-2240-zn58d-574671676 ip:192.168.34.17
2019-10-17 18:04:28,689 [Datanode State Machine Thread - 0] INFO  datanode.InitDatanodeState (InitDatanodeState.java:persistContainerDatanodeDetails(140)) - DatanodeDetails is persisted to /workdir/hadoop-ozone/integration-test/target/test-dir/MiniOzoneClusterImpl-4ead1e5d-0753-48ba-be82-f6ca51f96d4f/datanode-4/meta/datanode.id
2019-10-17 18:04:28,696 [main] INFO  volume.HddsVolume (HddsVolume.java:<init>(176)) - Creating Volume: /workdir/hadoop-ozone/integration-test/target/test-dir/MiniOzoneClusterImpl-4ead1e5d-0753-48ba-be82-f6ca51f96d4f/datanode-5/data/containers/hdds of  storage type : DISK and capacity : 1482555576320
2019-10-17 18:04:28,696 [main] INFO  volume.VolumeSet (VolumeSet.java:initializeVolumeSet(170)) - Added Volume : /workdir/hadoop-ozone/integration-test/target/test-dir/MiniOzoneClusterImpl-4ead1e5d-0753-48ba-be82-f6ca51f96d4f/datanode-5/data/containers/hdds to VolumeSet
2019-10-17 18:04:28,696 [main] INFO  volume.ThrottledAsyncChecker (ThrottledAsyncChecker.java:schedule(141)) - Scheduling a check for org.apache.hadoop.ozone.container.common.volume.HddsVolume@78910096
2019-10-17 18:04:28,697 [main] INFO  volume.HddsVolumeChecker (HddsVolumeChecker.java:checkAllVolumes(204)) - Scheduled health check for volume org.apache.hadoop.ozone.container.common.volume.HddsVolume@78910096
2019-10-17 18:04:28,713 [main] INFO  impl.RaftServerProxy (ConfUtils.java:logGet(43)) - raft.rpc.type = GRPC (default)
2019-10-17 18:04:28,713 [main] INFO  grpc.GrpcFactory (GrpcFactory.java:checkPooledByteBufAllocatorUseCacheForAllThreads(45)) - PERFORMANCE WARNING: useCacheForAllThreads is true that may cause Netty to create a lot garbage objects and, as a result, trigger GC.
	It is recommended to disable useCacheForAllThreads by setting -Dorg.apache.ratis.thirdparty.io.netty.allocator.useCacheForAllThreads=false in command line.
2019-10-17 18:04:28,713 [main] INFO  grpc.GrpcConfigKeys$Server (ConfUtils.java:logGet(43)) - raft.grpc.server.port = 0 (default)
2019-10-17 18:04:28,714 [main] INFO  server.GrpcService (ConfUtils.java:logGet(43)) - raft.grpc.message.size.max = 33570816 (custom)
2019-10-17 18:04:28,714 [main] INFO  server.RaftServerConfigKeys (ConfUtils.java:logGet(43)) - raft.server.log.appender.buffer.byte-limit = 33554432 (custom)
2019-10-17 18:04:28,714 [main] INFO  server.GrpcService (ConfUtils.java:logGet(43)) - raft.grpc.flow.control.window = 1MB (=1048576) (default)
2019-10-17 18:04:28,714 [main] INFO  server.RaftServerConfigKeys (ConfUtils.java:logGet(43)) - raft.server.rpc.request.timeout = 3000ms (default)
2019-10-17 18:04:28,715 [main] INFO  server.RaftServerConfigKeys (ConfUtils.java:logGet(43)) - raft.server.storage.dir = [/workdir/hadoop-ozone/integration-test/target/test-dir/MiniOzoneClusterImpl-4ead1e5d-0753-48ba-be82-f6ca51f96d4f/datanode-5/data/ratis] (custom)
2019-10-17 18:04:28,716 [main] INFO  hdfs.DFSUtil (DFSUtil.java:httpServerTemplateForNNAndJN(1641)) - Starting Web-server for hddsDatanode at: http://0.0.0.0:0
2019-10-17 18:04:28,718 [main] INFO  server.AuthenticationFilter (AuthenticationFilter.java:constructSecretProvider(240)) - Unable to initialize FileSignerSecretProvider, falling back to use random secrets.
2019-10-17 18:04:28,718 [main] WARN  http.HttpRequestLog (HttpRequestLog.java:getRequestLog(97)) - Jetty request log can only be enabled using Log4j
2019-10-17 18:04:28,719 [main] INFO  http.HttpServer2 (HttpServer2.java:addGlobalFilter(975)) - Added global filter 'safety' (class=org.apache.hadoop.http.HttpServer2$QuotingInputFilter)
2019-10-17 18:04:28,720 [main] INFO  http.HttpServer2 (HttpServer2.java:addFilter(948)) - Added filter static_user_filter (class=org.apache.hadoop.http.lib.StaticUserWebFilter$StaticUserFilter) to context hddsDatanode
2019-10-17 18:04:28,720 [main] INFO  http.HttpServer2 (HttpServer2.java:addFilter(958)) - Added filter static_user_filter (class=org.apache.hadoop.http.lib.StaticUserWebFilter$StaticUserFilter) to context static
2019-10-17 18:04:28,720 [main] INFO  http.HttpServer2 (HttpServer2.java:addFilter(958)) - Added filter static_user_filter (class=org.apache.hadoop.http.lib.StaticUserWebFilter$StaticUserFilter) to context logs
2019-10-17 18:04:28,721 [main] INFO  http.HttpServer2 (HttpServer2.java:bindListener(1191)) - Jetty bound to port 43072
2019-10-17 18:04:28,721 [main] INFO  server.Server (Server.java:doStart(351)) - jetty-9.3.25.v20180904, build timestamp: 2018-09-04T21:11:46Z, git hash: 3ce520221d0240229c862b122d2b06c12a625732
2019-10-17 18:04:28,723 [main] INFO  handler.ContextHandler (ContextHandler.java:doStart(781)) - Started o.e.j.s.ServletContextHandler@6fa2448b{/logs,file:///workdir/hadoop-ozone/integration-test/target/log,AVAILABLE}
2019-10-17 18:04:28,723 [main] INFO  handler.ContextHandler (ContextHandler.java:doStart(781)) - Started o.e.j.s.ServletContextHandler@5c53f292{/static,jar:file:/home/user/.m2/repository/org/apache/hadoop/hadoop-hdds-container-service/0.5.0-SNAPSHOT/hadoop-hdds-container-service-0.5.0-SNAPSHOT.jar!/webapps/static,AVAILABLE}
2019-10-17 18:04:28,753 [main] INFO  handler.ContextHandler (ContextHandler.java:doStart(781)) - Started o.e.j.w.WebAppContext@2e5e6fc4{/,file:///tmp/jetty-0.0.0.0-43072-hddsDatanode-_-any-1831800298148385255.dir/webapp/,AVAILABLE}{/hddsDatanode}
2019-10-17 18:04:28,754 [main] INFO  server.AbstractConnector (AbstractConnector.java:doStart(278)) - Started ServerConnector@2785db06{HTTP/1.1,[http/1.1]}{0.0.0.0:43072}
2019-10-17 18:04:28,756 [main] INFO  server.Server (Server.java:doStart(419)) - Started @105066ms
2019-10-17 18:04:28,756 [main] WARN  impl.MetricsSystemImpl (MetricsSystemImpl.java:register(276)) - Sink prometheus already exists!
2019-10-17 18:04:28,757 [main] INFO  server.BaseHttpServer (BaseHttpServer.java:updateConnectorAddress(215)) - HTTP server of HDDSDATANODE is listening at http://0.0.0.0:43072
2019-10-17 18:04:28,757 [main] INFO  impl.MetricsSystemImpl (MetricsSystemImpl.java:init(158)) - HddsDatanode metrics system started (again)
2019-10-17 18:04:28,762 [org.apache.hadoop.util.JvmPauseMonitor$Monitor@cda201f] INFO  util.JvmPauseMonitor (JvmPauseMonitor.java:run(188)) - Starting JVM pause monitor
2019-10-17 18:04:28,763 [main] INFO  ozone.HddsDatanodeService (HddsDatanodeService.java:start(184)) - HddsDatanodeService host:pr-hdds-2240-zn58d-574671676 ip:192.168.34.17
2019-10-17 18:04:28,764 [Datanode State Machine Thread - 0] INFO  datanode.InitDatanodeState (InitDatanodeState.java:persistContainerDatanodeDetails(140)) - DatanodeDetails is persisted to /workdir/hadoop-ozone/integration-test/target/test-dir/MiniOzoneClusterImpl-4ead1e5d-0753-48ba-be82-f6ca51f96d4f/datanode-5/meta/datanode.id
2019-10-17 18:04:28,772 [main] INFO  volume.HddsVolume (HddsVolume.java:<init>(176)) - Creating Volume: /workdir/hadoop-ozone/integration-test/target/test-dir/MiniOzoneClusterImpl-4ead1e5d-0753-48ba-be82-f6ca51f96d4f/datanode-6/data/containers/hdds of  storage type : DISK and capacity : 1482555576320
2019-10-17 18:04:28,773 [main] INFO  volume.VolumeSet (VolumeSet.java:initializeVolumeSet(170)) - Added Volume : /workdir/hadoop-ozone/integration-test/target/test-dir/MiniOzoneClusterImpl-4ead1e5d-0753-48ba-be82-f6ca51f96d4f/datanode-6/data/containers/hdds to VolumeSet
2019-10-17 18:04:28,773 [main] INFO  volume.ThrottledAsyncChecker (ThrottledAsyncChecker.java:schedule(141)) - Scheduling a check for org.apache.hadoop.ozone.container.common.volume.HddsVolume@4c302f38
2019-10-17 18:04:28,773 [main] INFO  volume.HddsVolumeChecker (HddsVolumeChecker.java:checkAllVolumes(204)) - Scheduled health check for volume org.apache.hadoop.ozone.container.common.volume.HddsVolume@4c302f38
2019-10-17 18:04:28,791 [main] INFO  impl.RaftServerProxy (ConfUtils.java:logGet(43)) - raft.rpc.type = GRPC (default)
2019-10-17 18:04:28,791 [main] INFO  grpc.GrpcFactory (GrpcFactory.java:checkPooledByteBufAllocatorUseCacheForAllThreads(45)) - PERFORMANCE WARNING: useCacheForAllThreads is true that may cause Netty to create a lot garbage objects and, as a result, trigger GC.
	It is recommended to disable useCacheForAllThreads by setting -Dorg.apache.ratis.thirdparty.io.netty.allocator.useCacheForAllThreads=false in command line.
2019-10-17 18:04:28,791 [main] INFO  grpc.GrpcConfigKeys$Server (ConfUtils.java:logGet(43)) - raft.grpc.server.port = 0 (default)
2019-10-17 18:04:28,792 [main] INFO  server.GrpcService (ConfUtils.java:logGet(43)) - raft.grpc.message.size.max = 33570816 (custom)
2019-10-17 18:04:28,792 [main] INFO  server.RaftServerConfigKeys (ConfUtils.java:logGet(43)) - raft.server.log.appender.buffer.byte-limit = 33554432 (custom)
2019-10-17 18:04:28,792 [main] INFO  server.GrpcService (ConfUtils.java:logGet(43)) - raft.grpc.flow.control.window = 1MB (=1048576) (default)
2019-10-17 18:04:28,792 [main] INFO  server.RaftServerConfigKeys (ConfUtils.java:logGet(43)) - raft.server.rpc.request.timeout = 3000ms (default)
2019-10-17 18:04:28,793 [main] INFO  server.RaftServerConfigKeys (ConfUtils.java:logGet(43)) - raft.server.storage.dir = [/workdir/hadoop-ozone/integration-test/target/test-dir/MiniOzoneClusterImpl-4ead1e5d-0753-48ba-be82-f6ca51f96d4f/datanode-6/data/ratis] (custom)
2019-10-17 18:04:28,794 [main] INFO  hdfs.DFSUtil (DFSUtil.java:httpServerTemplateForNNAndJN(1641)) - Starting Web-server for hddsDatanode at: http://0.0.0.0:0
2019-10-17 18:04:28,796 [main] INFO  server.AuthenticationFilter (AuthenticationFilter.java:constructSecretProvider(240)) - Unable to initialize FileSignerSecretProvider, falling back to use random secrets.
2019-10-17 18:04:28,796 [main] WARN  http.HttpRequestLog (HttpRequestLog.java:getRequestLog(97)) - Jetty request log can only be enabled using Log4j
2019-10-17 18:04:28,798 [main] INFO  http.HttpServer2 (HttpServer2.java:addGlobalFilter(975)) - Added global filter 'safety' (class=org.apache.hadoop.http.HttpServer2$QuotingInputFilter)
2019-10-17 18:04:28,798 [main] INFO  http.HttpServer2 (HttpServer2.java:addFilter(948)) - Added filter static_user_filter (class=org.apache.hadoop.http.lib.StaticUserWebFilter$StaticUserFilter) to context hddsDatanode
2019-10-17 18:04:28,798 [main] INFO  http.HttpServer2 (HttpServer2.java:addFilter(958)) - Added filter static_user_filter (class=org.apache.hadoop.http.lib.StaticUserWebFilter$StaticUserFilter) to context logs
2019-10-17 18:04:28,798 [main] INFO  http.HttpServer2 (HttpServer2.java:addFilter(958)) - Added filter static_user_filter (class=org.apache.hadoop.http.lib.StaticUserWebFilter$StaticUserFilter) to context static
2019-10-17 18:04:28,799 [main] INFO  http.HttpServer2 (HttpServer2.java:bindListener(1191)) - Jetty bound to port 39912
2019-10-17 18:04:28,799 [main] INFO  server.Server (Server.java:doStart(351)) - jetty-9.3.25.v20180904, build timestamp: 2018-09-04T21:11:46Z, git hash: 3ce520221d0240229c862b122d2b06c12a625732
2019-10-17 18:04:28,801 [main] INFO  handler.ContextHandler (ContextHandler.java:doStart(781)) - Started o.e.j.s.ServletContextHandler@3c232051{/logs,file:///workdir/hadoop-ozone/integration-test/target/log,AVAILABLE}
2019-10-17 18:04:28,801 [main] INFO  handler.ContextHandler (ContextHandler.java:doStart(781)) - Started o.e.j.s.ServletContextHandler@3ab35b9c{/static,jar:file:/home/user/.m2/repository/org/apache/hadoop/hadoop-hdds-container-service/0.5.0-SNAPSHOT/hadoop-hdds-container-service-0.5.0-SNAPSHOT.jar!/webapps/static,AVAILABLE}
2019-10-17 18:04:28,839 [main] INFO  handler.ContextHandler (ContextHandler.java:doStart(781)) - Started o.e.j.w.WebAppContext@789c3057{/,file:///tmp/jetty-0.0.0.0-39912-hddsDatanode-_-any-7806142090402653253.dir/webapp/,AVAILABLE}{/hddsDatanode}
2019-10-17 18:04:28,840 [main] INFO  server.AbstractConnector (AbstractConnector.java:doStart(278)) - Started ServerConnector@39941489{HTTP/1.1,[http/1.1]}{0.0.0.0:39912}
2019-10-17 18:04:28,842 [main] INFO  server.Server (Server.java:doStart(419)) - Started @105152ms
2019-10-17 18:04:28,842 [main] WARN  impl.MetricsSystemImpl (MetricsSystemImpl.java:register(276)) - Sink prometheus already exists!
2019-10-17 18:04:28,843 [main] INFO  server.BaseHttpServer (BaseHttpServer.java:updateConnectorAddress(215)) - HTTP server of HDDSDATANODE is listening at http://0.0.0.0:39912
2019-10-17 18:04:28,843 [main] INFO  ozone.MiniOzoneClusterImpl (MiniOzoneClusterImpl.java:lambda$waitForClusterToBeReady$0(147)) - Waiting for cluster to be ready. Got 0 of 7 DN Heartbeats.
2019-10-17 18:04:28,845 [org.apache.hadoop.util.JvmPauseMonitor$Monitor@7174cb65] INFO  util.JvmPauseMonitor (JvmPauseMonitor.java:run(188)) - Starting JVM pause monitor
2019-10-17 18:04:28,846 [Datanode State Machine Thread - 0] INFO  datanode.InitDatanodeState (InitDatanodeState.java:persistContainerDatanodeDetails(140)) - DatanodeDetails is persisted to /workdir/hadoop-ozone/integration-test/target/test-dir/MiniOzoneClusterImpl-4ead1e5d-0753-48ba-be82-f6ca51f96d4f/datanode-6/meta/datanode.id
2019-10-17 18:04:29,844 [main] INFO  ozone.MiniOzoneClusterImpl (MiniOzoneClusterImpl.java:lambda$waitForClusterToBeReady$0(147)) - Waiting for cluster to be ready. Got 0 of 7 DN Heartbeats.
2019-10-17 18:04:30,425 [Datanode State Machine Thread - 0] INFO  ozoneimpl.OzoneContainer (OzoneContainer.java:start(213)) - Attempting to start container services.
2019-10-17 18:04:30,426 [Datanode State Machine Thread - 0] INFO  ozoneimpl.OzoneContainer (OzoneContainer.java:startContainerScrub(177)) - Background container scanner has been disabled.
2019-10-17 18:04:30,426 [Datanode State Machine Thread - 0] INFO  ratis.XceiverServerRatis (XceiverServerRatis.java:start(418)) - Starting XceiverServerRatis 52d7c564-f7c4-4a63-86b0-c698b024ddc1 at port 0
2019-10-17 18:04:30,434 [Datanode State Machine Thread - 0] INFO  impl.RaftServerProxy (RaftServerProxy.java:lambda$start$3(299)) - 52d7c564-f7c4-4a63-86b0-c698b024ddc1: start RPC server
2019-10-17 18:04:30,437 [Datanode State Machine Thread - 0] INFO  server.GrpcService (GrpcService.java:startImpl(158)) - 52d7c564-f7c4-4a63-86b0-c698b024ddc1: GrpcService started, listening on 0.0.0.0/0.0.0.0:35428
2019-10-17 18:04:30,438 [Datanode State Machine Thread - 0] INFO  ratis.XceiverServerRatis (XceiverServerRatis.java:start(428)) - XceiverServerRatis 52d7c564-f7c4-4a63-86b0-c698b024ddc1 is started using port 35428
2019-10-17 18:04:30,438 [Datanode State Machine Thread - 0] INFO  server.XceiverServerGrpc (XceiverServerGrpc.java:start(149)) - XceiverServerGrpc 52d7c564-f7c4-4a63-86b0-c698b024ddc1 is started using port 33160
2019-10-17 18:04:30,492 [Datanode State Machine Thread - 0] INFO  ozoneimpl.OzoneContainer (OzoneContainer.java:start(213)) - Attempting to start container services.
2019-10-17 18:04:30,492 [Datanode State Machine Thread - 0] INFO  ozoneimpl.OzoneContainer (OzoneContainer.java:startContainerScrub(177)) - Background container scanner has been disabled.
2019-10-17 18:04:30,493 [Datanode State Machine Thread - 0] INFO  ratis.XceiverServerRatis (XceiverServerRatis.java:start(418)) - Starting XceiverServerRatis 606a935d-9f77-46fa-b0b1-0fcd8a4203df at port 0
2019-10-17 18:04:30,500 [Datanode State Machine Thread - 0] INFO  impl.RaftServerProxy (RaftServerProxy.java:lambda$start$3(299)) - 606a935d-9f77-46fa-b0b1-0fcd8a4203df: start RPC server
2019-10-17 18:04:30,503 [Datanode State Machine Thread - 0] INFO  server.GrpcService (GrpcService.java:startImpl(158)) - 606a935d-9f77-46fa-b0b1-0fcd8a4203df: GrpcService started, listening on 0.0.0.0/0.0.0.0:34980
2019-10-17 18:04:30,503 [Datanode State Machine Thread - 0] INFO  ratis.XceiverServerRatis (XceiverServerRatis.java:start(428)) - XceiverServerRatis 606a935d-9f77-46fa-b0b1-0fcd8a4203df is started using port 34980
2019-10-17 18:04:30,505 [Datanode State Machine Thread - 0] INFO  server.XceiverServerGrpc (XceiverServerGrpc.java:start(149)) - XceiverServerGrpc 606a935d-9f77-46fa-b0b1-0fcd8a4203df is started using port 38463
2019-10-17 18:04:30,559 [Datanode State Machine Thread - 0] INFO  ozoneimpl.OzoneContainer (OzoneContainer.java:start(213)) - Attempting to start container services.
2019-10-17 18:04:30,561 [Datanode State Machine Thread - 0] INFO  ozoneimpl.OzoneContainer (OzoneContainer.java:startContainerScrub(177)) - Background container scanner has been disabled.
2019-10-17 18:04:30,561 [Datanode State Machine Thread - 0] INFO  ratis.XceiverServerRatis (XceiverServerRatis.java:start(418)) - Starting XceiverServerRatis e00ac7e0-d602-44c0-a802-bd2c8b4b49af at port 0
2019-10-17 18:04:30,569 [Datanode State Machine Thread - 0] INFO  impl.RaftServerProxy (RaftServerProxy.java:lambda$start$3(299)) - e00ac7e0-d602-44c0-a802-bd2c8b4b49af: start RPC server
2019-10-17 18:04:30,570 [Datanode State Machine Thread - 0] INFO  server.GrpcService (GrpcService.java:startImpl(158)) - e00ac7e0-d602-44c0-a802-bd2c8b4b49af: GrpcService started, listening on 0.0.0.0/0.0.0.0:34654
2019-10-17 18:04:30,571 [Datanode State Machine Thread - 0] INFO  ratis.XceiverServerRatis (XceiverServerRatis.java:start(428)) - XceiverServerRatis e00ac7e0-d602-44c0-a802-bd2c8b4b49af is started using port 34654
2019-10-17 18:04:30,571 [Datanode State Machine Thread - 0] INFO  server.XceiverServerGrpc (XceiverServerGrpc.java:start(149)) - XceiverServerGrpc e00ac7e0-d602-44c0-a802-bd2c8b4b49af is started using port 34759
2019-10-17 18:04:30,643 [Datanode State Machine Thread - 0] INFO  ozoneimpl.OzoneContainer (OzoneContainer.java:start(213)) - Attempting to start container services.
2019-10-17 18:04:30,645 [Datanode State Machine Thread - 0] INFO  ozoneimpl.OzoneContainer (OzoneContainer.java:startContainerScrub(177)) - Background container scanner has been disabled.
2019-10-17 18:04:30,645 [Datanode State Machine Thread - 0] INFO  ratis.XceiverServerRatis (XceiverServerRatis.java:start(418)) - Starting XceiverServerRatis 4f6f313f-9acb-4698-ba57-b0b4f44bfacb at port 0
2019-10-17 18:04:30,654 [Datanode State Machine Thread - 0] INFO  impl.RaftServerProxy (RaftServerProxy.java:lambda$start$3(299)) - 4f6f313f-9acb-4698-ba57-b0b4f44bfacb: start RPC server
2019-10-17 18:04:30,656 [Datanode State Machine Thread - 0] INFO  server.GrpcService (GrpcService.java:startImpl(158)) - 4f6f313f-9acb-4698-ba57-b0b4f44bfacb: GrpcService started, listening on 0.0.0.0/0.0.0.0:42803
2019-10-17 18:04:30,657 [Datanode State Machine Thread - 0] INFO  ratis.XceiverServerRatis (XceiverServerRatis.java:start(428)) - XceiverServerRatis 4f6f313f-9acb-4698-ba57-b0b4f44bfacb is started using port 42803
2019-10-17 18:04:30,657 [Datanode State Machine Thread - 0] INFO  server.XceiverServerGrpc (XceiverServerGrpc.java:start(149)) - XceiverServerGrpc 4f6f313f-9acb-4698-ba57-b0b4f44bfacb is started using port 43137
2019-10-17 18:04:30,718 [Datanode State Machine Thread - 0] INFO  ozoneimpl.OzoneContainer (OzoneContainer.java:start(213)) - Attempting to start container services.
2019-10-17 18:04:30,718 [Datanode State Machine Thread - 0] INFO  ozoneimpl.OzoneContainer (OzoneContainer.java:startContainerScrub(177)) - Background container scanner has been disabled.
2019-10-17 18:04:30,719 [Datanode State Machine Thread - 0] INFO  ratis.XceiverServerRatis (XceiverServerRatis.java:start(418)) - Starting XceiverServerRatis 63777e77-57d7-4aa2-865e-9d3763133720 at port 0
2019-10-17 18:04:30,724 [Datanode State Machine Thread - 0] INFO  impl.RaftServerProxy (RaftServerProxy.java:lambda$start$3(299)) - 63777e77-57d7-4aa2-865e-9d3763133720: start RPC server
2019-10-17 18:04:30,725 [Datanode State Machine Thread - 0] INFO  server.GrpcService (GrpcService.java:startImpl(158)) - 63777e77-57d7-4aa2-865e-9d3763133720: GrpcService started, listening on 0.0.0.0/0.0.0.0:38594
2019-10-17 18:04:30,725 [Datanode State Machine Thread - 0] INFO  ratis.XceiverServerRatis (XceiverServerRatis.java:start(428)) - XceiverServerRatis 63777e77-57d7-4aa2-865e-9d3763133720 is started using port 38594
2019-10-17 18:04:30,726 [Datanode State Machine Thread - 0] INFO  server.XceiverServerGrpc (XceiverServerGrpc.java:start(149)) - XceiverServerGrpc 63777e77-57d7-4aa2-865e-9d3763133720 is started using port 45887
2019-10-17 18:04:30,794 [Datanode State Machine Thread - 0] INFO  ozoneimpl.OzoneContainer (OzoneContainer.java:start(213)) - Attempting to start container services.
2019-10-17 18:04:30,794 [Datanode State Machine Thread - 0] INFO  ozoneimpl.OzoneContainer (OzoneContainer.java:startContainerScrub(177)) - Background container scanner has been disabled.
2019-10-17 18:04:30,794 [Datanode State Machine Thread - 0] INFO  ratis.XceiverServerRatis (XceiverServerRatis.java:start(418)) - Starting XceiverServerRatis 66c05cec-4c2d-4482-b9d3-1a6ddd4b84d7 at port 0
2019-10-17 18:04:30,800 [Datanode State Machine Thread - 0] INFO  impl.RaftServerProxy (RaftServerProxy.java:lambda$start$3(299)) - 66c05cec-4c2d-4482-b9d3-1a6ddd4b84d7: start RPC server
2019-10-17 18:04:30,801 [Datanode State Machine Thread - 0] INFO  server.GrpcService (GrpcService.java:startImpl(158)) - 66c05cec-4c2d-4482-b9d3-1a6ddd4b84d7: GrpcService started, listening on 0.0.0.0/0.0.0.0:45256
2019-10-17 18:04:30,801 [Datanode State Machine Thread - 0] INFO  ratis.XceiverServerRatis (XceiverServerRatis.java:start(428)) - XceiverServerRatis 66c05cec-4c2d-4482-b9d3-1a6ddd4b84d7 is started using port 45256
2019-10-17 18:04:30,802 [Datanode State Machine Thread - 0] INFO  server.XceiverServerGrpc (XceiverServerGrpc.java:start(149)) - XceiverServerGrpc 66c05cec-4c2d-4482-b9d3-1a6ddd4b84d7 is started using port 44634
2019-10-17 18:04:30,844 [main] INFO  ozone.MiniOzoneClusterImpl (MiniOzoneClusterImpl.java:lambda$waitForClusterToBeReady$0(147)) - Waiting for cluster to be ready. Got 0 of 7 DN Heartbeats.
2019-10-17 18:04:30,869 [Datanode State Machine Thread - 0] INFO  ozoneimpl.OzoneContainer (OzoneContainer.java:start(213)) - Attempting to start container services.
2019-10-17 18:04:30,869 [Datanode State Machine Thread - 0] INFO  ozoneimpl.OzoneContainer (OzoneContainer.java:startContainerScrub(177)) - Background container scanner has been disabled.
2019-10-17 18:04:30,870 [Datanode State Machine Thread - 0] INFO  ratis.XceiverServerRatis (XceiverServerRatis.java:start(418)) - Starting XceiverServerRatis 0db59126-5ef4-4137-9ff1-95143f9962ad at port 0
2019-10-17 18:04:30,877 [Datanode State Machine Thread - 0] INFO  impl.RaftServerProxy (RaftServerProxy.java:lambda$start$3(299)) - 0db59126-5ef4-4137-9ff1-95143f9962ad: start RPC server
2019-10-17 18:04:30,879 [Datanode State Machine Thread - 0] INFO  server.GrpcService (GrpcService.java:startImpl(158)) - 0db59126-5ef4-4137-9ff1-95143f9962ad: GrpcService started, listening on 0.0.0.0/0.0.0.0:36644
2019-10-17 18:04:30,879 [Datanode State Machine Thread - 0] INFO  ratis.XceiverServerRatis (XceiverServerRatis.java:start(428)) - XceiverServerRatis 0db59126-5ef4-4137-9ff1-95143f9962ad is started using port 36644
2019-10-17 18:04:30,882 [Datanode State Machine Thread - 0] INFO  server.XceiverServerGrpc (XceiverServerGrpc.java:start(149)) - XceiverServerGrpc 0db59126-5ef4-4137-9ff1-95143f9962ad is started using port 43814
2019-10-17 18:04:31,845 [main] INFO  ozone.MiniOzoneClusterImpl (MiniOzoneClusterImpl.java:lambda$waitForClusterToBeReady$0(147)) - Waiting for cluster to be ready. Got 0 of 7 DN Heartbeats.
2019-10-17 18:04:32,382 [IPC Server handler 0 on 40178] INFO  net.NetworkTopology (NetworkTopologyImpl.java:add(111)) - Added a new node: /default-rack/52d7c564-f7c4-4a63-86b0-c698b024ddc1
2019-10-17 18:04:32,384 [IPC Server handler 0 on 40178] INFO  node.SCMNodeManager (SCMNodeManager.java:register(268)) - Registered Data node : 52d7c564-f7c4-4a63-86b0-c698b024ddc1{ip: 192.168.34.17, host: pr-hdds-2240-zn58d-574671676, networkLocation: /default-rack, certSerialId: null}
2019-10-17 18:04:32,385 [EventQueue-NodeRegistrationContainerReportForDataNodeSafeModeRule] INFO  safemode.SCMSafeModeManager (DataNodeSafeModeRule.java:process(71)) - SCM in safe mode. 1 DataNodes registered, 1 required.
2019-10-17 18:04:32,387 [EventQueue-NodeRegistrationContainerReportForContainerSafeModeRule] INFO  safemode.SCMSafeModeManager (SCMSafeModeManager.java:validateSafeModeExitRules(177)) - ScmSafeModeManager, all rules are successfully validated
2019-10-17 18:04:32,387 [EventQueue-NodeRegistrationContainerReportForContainerSafeModeRule] INFO  safemode.SCMSafeModeManager (SCMSafeModeManager.java:exitSafeMode(193)) - SCM exiting safe mode.
2019-10-17 18:04:32,399 [grpc-default-executor-1] INFO  impl.RaftServerProxy (RaftServerProxy.java:addNew(89)) - 52d7c564-f7c4-4a63-86b0-c698b024ddc1: addNew group-225FB7F2C316:[52d7c564-f7c4-4a63-86b0-c698b024ddc1:192.168.34.17:35428] returns group-225FB7F2C316:java.util.concurrent.CompletableFuture@1f27a0da[Not completed]
2019-10-17 18:04:32,401 [pool-207-thread-1] INFO  impl.RaftServerImpl (RaftServerImpl.java:<init>(95)) - 52d7c564-f7c4-4a63-86b0-c698b024ddc1: new RaftServerImpl for group-225FB7F2C316:[52d7c564-f7c4-4a63-86b0-c698b024ddc1:192.168.34.17:35428] with ContainerStateMachine:uninitialized
2019-10-17 18:04:32,401 [pool-207-thread-1] INFO  server.RaftServerConfigKeys (ConfUtils.java:logGet(43)) - raft.server.rpc.timeout.min = 5s (custom)
2019-10-17 18:04:32,401 [pool-207-thread-1] INFO  server.RaftServerConfigKeys (ConfUtils.java:logGet(43)) - raft.server.rpc.timeout.max = 5200ms (custom)
2019-10-17 18:04:32,401 [pool-207-thread-1] INFO  server.RaftServerConfigKeys (ConfUtils.java:logGet(43)) - raft.server.rpcslowness.timeout = 120s (custom)
2019-10-17 18:04:32,401 [pool-207-thread-1] INFO  server.RaftServerConfigKeys (ConfUtils.java:logGet(43)) - raft.server.sleep.deviation.threshold = 300 (default)
2019-10-17 18:04:32,401 [pool-207-thread-1] INFO  server.RaftServerConfigKeys (ConfUtils.java:logGet(43)) - raft.server.log.appender.install.snapshot.enabled = false (custom)
2019-10-17 18:04:32,402 [pool-207-thread-1] INFO  impl.RaftServerImpl (ServerState.java:<init>(103)) - 52d7c564-f7c4-4a63-86b0-c698b024ddc1@group-225FB7F2C316: ConfigurationManager, init=-1: [52d7c564-f7c4-4a63-86b0-c698b024ddc1:192.168.34.17:35428], old=null, confs=<EMPTY_MAP>
2019-10-17 18:04:32,402 [pool-207-thread-1] INFO  server.RaftServerConfigKeys (ConfUtils.java:logGet(43)) - raft.server.storage.dir = [/workdir/hadoop-ozone/integration-test/target/test-dir/MiniOzoneClusterImpl-4ead1e5d-0753-48ba-be82-f6ca51f96d4f/datanode-0/data/ratis] (custom)
2019-10-17 18:04:32,402 [pool-207-thread-1] INFO  server.RaftServerConfigKeys (ConfUtils.java:logGet(43)) - raft.server.log.corruption.policy = EXCEPTION (default)
2019-10-17 18:04:32,402 [pool-207-thread-1] INFO  storage.RaftStorageDirectory (RaftStorageDirectory.java:analyzeStorage(246)) - The storage directory /workdir/hadoop-ozone/integration-test/target/test-dir/MiniOzoneClusterImpl-4ead1e5d-0753-48ba-be82-f6ca51f96d4f/datanode-0/data/ratis/c9debfa9-0aad-4f41-849d-225fb7f2c316 does not exist. Creating ...
2019-10-17 18:04:32,436 [pool-207-thread-1] INFO  storage.RaftStorageDirectory (RaftStorageDirectory.java:tryLock(328)) - Lock on /workdir/hadoop-ozone/integration-test/target/test-dir/MiniOzoneClusterImpl-4ead1e5d-0753-48ba-be82-f6ca51f96d4f/datanode-0/data/ratis/c9debfa9-0aad-4f41-849d-225fb7f2c316/in_use.lock acquired by nodename 3601@pr-hdds-2240-zn58d-574671676
2019-10-17 18:04:32,458 [IPC Server handler 3 on 40178] INFO  net.NetworkTopology (NetworkTopologyImpl.java:add(111)) - Added a new node: /default-rack/606a935d-9f77-46fa-b0b1-0fcd8a4203df
2019-10-17 18:04:32,458 [IPC Server handler 3 on 40178] INFO  node.SCMNodeManager (SCMNodeManager.java:register(268)) - Registered Data node : 606a935d-9f77-46fa-b0b1-0fcd8a4203df{ip: 192.168.34.17, host: pr-hdds-2240-zn58d-574671676, networkLocation: /default-rack, certSerialId: null}
2019-10-17 18:04:32,462 [pool-207-thread-1] INFO  storage.RaftStorage (RaftStorage.java:format(84)) - Storage directory /workdir/hadoop-ozone/integration-test/target/test-dir/MiniOzoneClusterImpl-4ead1e5d-0753-48ba-be82-f6ca51f96d4f/datanode-0/data/ratis/c9debfa9-0aad-4f41-849d-225fb7f2c316 has been successfully formatted.
2019-10-17 18:04:32,463 [pool-207-thread-1] INFO  ratis.ContainerStateMachine (ContainerStateMachine.java:loadSnapshot(231)) - group-225FB7F2C316: The snapshot info is null. Setting the last applied indexto:(t:0, i:~)
2019-10-17 18:04:32,463 [pool-207-thread-1] INFO  server.RaftServerConfigKeys (ConfUtils.java:logGet(43)) - raft.server.notification.no-leader.timeout = 120s (custom)
2019-10-17 18:04:32,463 [pool-207-thread-1] INFO  server.RaftServerConfigKeys (ConfUtils.java:logGet(43)) - raft.server.log.use.memory = false (default)
2019-10-17 18:04:32,463 [pool-207-thread-1] INFO  server.RaftServerConfigKeys (ConfUtils.java:logGet(43)) - raft.server.log.purge.gap = 1000000 (custom)
2019-10-17 18:04:32,463 [pool-207-thread-1] INFO  server.RaftServerConfigKeys (ConfUtils.java:logGet(43)) - raft.server.log.appender.buffer.byte-limit = 33554432 (custom)
2019-10-17 18:04:32,464 [pool-207-thread-1] INFO  server.RaftServerConfigKeys (ConfUtils.java:logGet(43)) - raft.server.log.segment.size.max = 1048576 (custom)
2019-10-17 18:04:32,466 [pool-207-thread-1] INFO  server.RaftServerConfigKeys (ConfUtils.java:logGet(43)) - raft.server.log.segment.cache.num.max = 2 (custom)
2019-10-17 18:04:32,466 [pool-207-thread-1] INFO  segmented.SegmentedRaftLogWorker (SegmentedRaftLogWorker.java:<init>(173)) - new 52d7c564-f7c4-4a63-86b0-c698b024ddc1@group-225FB7F2C316-SegmentedRaftLogWorker for RaftStorage:Storage Directory /workdir/hadoop-ozone/integration-test/target/test-dir/MiniOzoneClusterImpl-4ead1e5d-0753-48ba-be82-f6ca51f96d4f/datanode-0/data/ratis/c9debfa9-0aad-4f41-849d-225fb7f2c316
2019-10-17 18:04:32,466 [pool-207-thread-1] INFO  server.RaftServerConfigKeys (ConfUtils.java:logGet(43)) - raft.server.log.queue.byte-limit = 2147483647 (custom)
2019-10-17 18:04:32,466 [pool-207-thread-1] INFO  server.RaftServerConfigKeys (ConfUtils.java:logGet(43)) - raft.server.log.queue.element-limit = 1024 (custom)
2019-10-17 18:04:32,467 [pool-207-thread-1] INFO  server.RaftServerConfigKeys (ConfUtils.java:logGet(43)) - raft.server.log.segment.size.max = 1048576 (custom)
2019-10-17 18:04:32,467 [pool-207-thread-1] INFO  server.RaftServerConfigKeys (ConfUtils.java:logGet(43)) - raft.server.log.preallocated.size = 16384 (custom)
2019-10-17 18:04:32,467 [pool-207-thread-1] INFO  server.RaftServerConfigKeys (ConfUtils.java:logGet(43)) - raft.server.log.write.buffer.size = 33554432 (custom)
2019-10-17 18:04:32,467 [pool-207-thread-1] INFO  server.RaftServerConfigKeys (ConfUtils.java:logGet(43)) - raft.server.log.force.sync.num = 128 (default)
2019-10-17 18:04:32,467 [pool-207-thread-1] INFO  server.RaftServerConfigKeys (ConfUtils.java:logGet(43)) - raft.server.log.statemachine.data.sync = true (default)
2019-10-17 18:04:32,467 [pool-207-thread-1] INFO  server.RaftServerConfigKeys (ConfUtils.java:logGet(43)) - raft.server.log.statemachine.data.sync.timeout = 10s (default)
2019-10-17 18:04:32,467 [pool-207-thread-1] INFO  server.RaftServerConfigKeys (ConfUtils.java:logGet(43)) - raft.server.log.statemachine.data.sync.timeout.retry = -1 (default)
2019-10-17 18:04:32,468 [pool-207-thread-1] INFO  server.RaftServerConfigKeys (ConfUtils.java:logGet(43)) - raft.server.log.statemachine.data.caching.enabled = true (custom)
2019-10-17 18:04:32,468 [pool-207-thread-1] INFO  segmented.SegmentedRaftLogWorker (SegmentedRaftLogWorker.java:lambda$new$0(128)) - 52d7c564-f7c4-4a63-86b0-c698b024ddc1@group-225FB7F2C316-SegmentedRaftLogWorker: flushIndex: setUnconditionally 0 -> -1
2019-10-17 18:04:32,469 [pool-207-thread-1] INFO  server.RaftServerConfigKeys (ConfUtils.java:logGet(43)) - raft.server.snapshot.auto.trigger.enabled = true (custom)
2019-10-17 18:04:32,469 [pool-207-thread-1] INFO  server.RaftServerConfigKeys (ConfUtils.java:logGet(43)) - raft.server.snapshot.auto.trigger.threshold = 10000 (custom)
2019-10-17 18:04:32,469 [pool-207-thread-1] INFO  server.RaftServerConfigKeys (ConfUtils.java:logGet(43)) - raft.server.snapshot.retention.file.num = 5 (custom)
2019-10-17 18:04:32,469 [pool-207-thread-1] INFO  server.RaftServerConfigKeys (ConfUtils.java:logGet(43)) - raft.server.retrycache.expirytime = 600000ms (custom)
2019-10-17 18:04:32,471 [pool-207-thread-1] INFO  impl.RaftServerImpl (RaftServerImpl.java:start(181)) - 52d7c564-f7c4-4a63-86b0-c698b024ddc1@group-225FB7F2C316: start as a follower, conf=-1: [52d7c564-f7c4-4a63-86b0-c698b024ddc1:192.168.34.17:35428], old=null
2019-10-17 18:04:32,471 [pool-207-thread-1] INFO  impl.RaftServerImpl (RaftServerImpl.java:setRole(170)) - 52d7c564-f7c4-4a63-86b0-c698b024ddc1@group-225FB7F2C316: changes role from      null to FOLLOWER at term 0 for startAsFollower
2019-10-17 18:04:32,471 [pool-207-thread-1] INFO  impl.RoleInfo (RoleInfo.java:updateAndGet(143)) - 52d7c564-f7c4-4a63-86b0-c698b024ddc1: start FollowerState
2019-10-17 18:04:32,472 [pool-207-thread-1] INFO  util.JmxRegister (JmxRegister.java:tryRegister(44)) - Successfully registered JMX Bean with object name Ratis:service=RaftServer,group=group-225FB7F2C316,id=52d7c564-f7c4-4a63-86b0-c698b024ddc1
2019-10-17 18:04:32,480 [RatisPipelineUtilsThread] INFO  pipeline.PipelineStateManager (PipelineStateManager.java:addPipeline(56)) - Created pipeline Pipeline[ Id: c9debfa9-0aad-4f41-849d-225fb7f2c316, Nodes: 52d7c564-f7c4-4a63-86b0-c698b024ddc1{ip: 192.168.34.17, host: pr-hdds-2240-zn58d-574671676, networkLocation: /default-rack, certSerialId: null}, Type:RATIS, Factor:ONE, State:OPEN]
2019-10-17 18:04:32,505 [grpc-default-executor-1] INFO  impl.RaftServerProxy (RaftServerProxy.java:addNew(89)) - 606a935d-9f77-46fa-b0b1-0fcd8a4203df: addNew group-68464CBD0852:[606a935d-9f77-46fa-b0b1-0fcd8a4203df:192.168.34.17:34980] returns group-68464CBD0852:java.util.concurrent.CompletableFuture@4c24738f[Not completed]
2019-10-17 18:04:32,507 [pool-217-thread-1] INFO  impl.RaftServerImpl (RaftServerImpl.java:<init>(95)) - 606a935d-9f77-46fa-b0b1-0fcd8a4203df: new RaftServerImpl for group-68464CBD0852:[606a935d-9f77-46fa-b0b1-0fcd8a4203df:192.168.34.17:34980] with ContainerStateMachine:uninitialized
2019-10-17 18:04:32,507 [pool-217-thread-1] INFO  server.RaftServerConfigKeys (ConfUtils.java:logGet(43)) - raft.server.rpc.timeout.min = 5s (custom)
2019-10-17 18:04:32,507 [pool-217-thread-1] INFO  server.RaftServerConfigKeys (ConfUtils.java:logGet(43)) - raft.server.rpc.timeout.max = 5200ms (custom)
2019-10-17 18:04:32,507 [pool-217-thread-1] INFO  server.RaftServerConfigKeys (ConfUtils.java:logGet(43)) - raft.server.rpcslowness.timeout = 120s (custom)
2019-10-17 18:04:32,508 [pool-217-thread-1] INFO  server.RaftServerConfigKeys (ConfUtils.java:logGet(43)) - raft.server.sleep.deviation.threshold = 300 (default)
2019-10-17 18:04:32,508 [pool-217-thread-1] INFO  server.RaftServerConfigKeys (ConfUtils.java:logGet(43)) - raft.server.log.appender.install.snapshot.enabled = false (custom)
2019-10-17 18:04:32,508 [pool-217-thread-1] INFO  impl.RaftServerImpl (ServerState.java:<init>(103)) - 606a935d-9f77-46fa-b0b1-0fcd8a4203df@group-68464CBD0852: ConfigurationManager, init=-1: [606a935d-9f77-46fa-b0b1-0fcd8a4203df:192.168.34.17:34980], old=null, confs=<EMPTY_MAP>
2019-10-17 18:04:32,508 [pool-217-thread-1] INFO  server.RaftServerConfigKeys (ConfUtils.java:logGet(43)) - raft.server.storage.dir = [/workdir/hadoop-ozone/integration-test/target/test-dir/MiniOzoneClusterImpl-4ead1e5d-0753-48ba-be82-f6ca51f96d4f/datanode-1/data/ratis] (custom)
2019-10-17 18:04:32,509 [pool-217-thread-1] INFO  server.RaftServerConfigKeys (ConfUtils.java:logGet(43)) - raft.server.log.corruption.policy = EXCEPTION (default)
2019-10-17 18:04:32,509 [pool-217-thread-1] INFO  storage.RaftStorageDirectory (RaftStorageDirectory.java:analyzeStorage(246)) - The storage directory /workdir/hadoop-ozone/integration-test/target/test-dir/MiniOzoneClusterImpl-4ead1e5d-0753-48ba-be82-f6ca51f96d4f/datanode-1/data/ratis/75c429dc-46fd-4191-aee8-68464cbd0852 does not exist. Creating ...
2019-10-17 18:04:32,534 [IPC Server handler 4 on 40178] INFO  net.NetworkTopology (NetworkTopologyImpl.java:add(111)) - Added a new node: /default-rack/e00ac7e0-d602-44c0-a802-bd2c8b4b49af
2019-10-17 18:04:32,534 [IPC Server handler 4 on 40178] INFO  node.SCMNodeManager (SCMNodeManager.java:register(268)) - Registered Data node : e00ac7e0-d602-44c0-a802-bd2c8b4b49af{ip: 192.168.34.17, host: pr-hdds-2240-zn58d-574671676, networkLocation: /default-rack, certSerialId: null}
2019-10-17 18:04:32,538 [pool-217-thread-1] INFO  storage.RaftStorageDirectory (RaftStorageDirectory.java:tryLock(328)) - Lock on /workdir/hadoop-ozone/integration-test/target/test-dir/MiniOzoneClusterImpl-4ead1e5d-0753-48ba-be82-f6ca51f96d4f/datanode-1/data/ratis/75c429dc-46fd-4191-aee8-68464cbd0852/in_use.lock acquired by nodename 3601@pr-hdds-2240-zn58d-574671676
2019-10-17 18:04:32,563 [pool-217-thread-1] INFO  storage.RaftStorage (RaftStorage.java:format(84)) - Storage directory /workdir/hadoop-ozone/integration-test/target/test-dir/MiniOzoneClusterImpl-4ead1e5d-0753-48ba-be82-f6ca51f96d4f/datanode-1/data/ratis/75c429dc-46fd-4191-aee8-68464cbd0852 has been successfully formatted.
2019-10-17 18:04:32,564 [pool-217-thread-1] INFO  ratis.ContainerStateMachine (ContainerStateMachine.java:loadSnapshot(231)) - group-68464CBD0852: The snapshot info is null. Setting the last applied indexto:(t:0, i:~)
2019-10-17 18:04:32,564 [pool-217-thread-1] INFO  server.RaftServerConfigKeys (ConfUtils.java:logGet(43)) - raft.server.notification.no-leader.timeout = 120s (custom)
2019-10-17 18:04:32,564 [pool-217-thread-1] INFO  server.RaftServerConfigKeys (ConfUtils.java:logGet(43)) - raft.server.log.use.memory = false (default)
2019-10-17 18:04:32,564 [pool-217-thread-1] INFO  server.RaftServerConfigKeys (ConfUtils.java:logGet(43)) - raft.server.log.purge.gap = 1000000 (custom)
2019-10-17 18:04:32,564 [pool-217-thread-1] INFO  server.RaftServerConfigKeys (ConfUtils.java:logGet(43)) - raft.server.log.appender.buffer.byte-limit = 33554432 (custom)
2019-10-17 18:04:32,565 [pool-217-thread-1] INFO  server.RaftServerConfigKeys (ConfUtils.java:logGet(43)) - raft.server.log.segment.size.max = 1048576 (custom)
2019-10-17 18:04:32,567 [pool-217-thread-1] INFO  server.RaftServerConfigKeys (ConfUtils.java:logGet(43)) - raft.server.log.segment.cache.num.max = 2 (custom)
2019-10-17 18:04:32,568 [pool-217-thread-1] INFO  segmented.SegmentedRaftLogWorker (SegmentedRaftLogWorker.java:<init>(173)) - new 606a935d-9f77-46fa-b0b1-0fcd8a4203df@group-68464CBD0852-SegmentedRaftLogWorker for RaftStorage:Storage Directory /workdir/hadoop-ozone/integration-test/target/test-dir/MiniOzoneClusterImpl-4ead1e5d-0753-48ba-be82-f6ca51f96d4f/datanode-1/data/ratis/75c429dc-46fd-4191-aee8-68464cbd0852
2019-10-17 18:04:32,568 [pool-217-thread-1] INFO  server.RaftServerConfigKeys (ConfUtils.java:logGet(43)) - raft.server.log.queue.byte-limit = 2147483647 (custom)
2019-10-17 18:04:32,568 [pool-217-thread-1] INFO  server.RaftServerConfigKeys (ConfUtils.java:logGet(43)) - raft.server.log.queue.element-limit = 1024 (custom)
2019-10-17 18:04:32,568 [pool-217-thread-1] INFO  server.RaftServerConfigKeys (ConfUtils.java:logGet(43)) - raft.server.log.segment.size.max = 1048576 (custom)
2019-10-17 18:04:32,568 [pool-217-thread-1] INFO  server.RaftServerConfigKeys (ConfUtils.java:logGet(43)) - raft.server.log.preallocated.size = 16384 (custom)
2019-10-17 18:04:32,568 [pool-217-thread-1] INFO  server.RaftServerConfigKeys (ConfUtils.java:logGet(43)) - raft.server.log.write.buffer.size = 33554432 (custom)
2019-10-17 18:04:32,569 [pool-217-thread-1] INFO  server.RaftServerConfigKeys (ConfUtils.java:logGet(43)) - raft.server.log.force.sync.num = 128 (default)
2019-10-17 18:04:32,569 [pool-217-thread-1] INFO  server.RaftServerConfigKeys (ConfUtils.java:logGet(43)) - raft.server.log.statemachine.data.sync = true (default)
2019-10-17 18:04:32,569 [pool-217-thread-1] INFO  server.RaftServerConfigKeys (ConfUtils.java:logGet(43)) - raft.server.log.statemachine.data.sync.timeout = 10s (default)
2019-10-17 18:04:32,569 [pool-217-thread-1] INFO  server.RaftServerConfigKeys (ConfUtils.java:logGet(43)) - raft.server.log.statemachine.data.sync.timeout.retry = -1 (default)
2019-10-17 18:04:32,570 [pool-217-thread-1] INFO  server.RaftServerConfigKeys (ConfUtils.java:logGet(43)) - raft.server.log.statemachine.data.caching.enabled = true (custom)
2019-10-17 18:04:32,571 [pool-217-thread-1] INFO  segmented.SegmentedRaftLogWorker (SegmentedRaftLogWorker.java:lambda$new$0(128)) - 606a935d-9f77-46fa-b0b1-0fcd8a4203df@group-68464CBD0852-SegmentedRaftLogWorker: flushIndex: setUnconditionally 0 -> -1
2019-10-17 18:04:32,571 [pool-217-thread-1] INFO  server.RaftServerConfigKeys (ConfUtils.java:logGet(43)) - raft.server.snapshot.auto.trigger.enabled = true (custom)
2019-10-17 18:04:32,571 [pool-217-thread-1] INFO  server.RaftServerConfigKeys (ConfUtils.java:logGet(43)) - raft.server.snapshot.auto.trigger.threshold = 10000 (custom)
2019-10-17 18:04:32,572 [pool-217-thread-1] INFO  server.RaftServerConfigKeys (ConfUtils.java:logGet(43)) - raft.server.snapshot.retention.file.num = 5 (custom)
2019-10-17 18:04:32,572 [pool-217-thread-1] INFO  server.RaftServerConfigKeys (ConfUtils.java:logGet(43)) - raft.server.retrycache.expirytime = 600000ms (custom)
2019-10-17 18:04:32,574 [pool-217-thread-1] INFO  impl.RaftServerImpl (RaftServerImpl.java:start(181)) - 606a935d-9f77-46fa-b0b1-0fcd8a4203df@group-68464CBD0852: start as a follower, conf=-1: [606a935d-9f77-46fa-b0b1-0fcd8a4203df:192.168.34.17:34980], old=null
2019-10-17 18:04:32,574 [pool-217-thread-1] INFO  impl.RaftServerImpl (RaftServerImpl.java:setRole(170)) - 606a935d-9f77-46fa-b0b1-0fcd8a4203df@group-68464CBD0852: changes role from      null to FOLLOWER at term 0 for startAsFollower
2019-10-17 18:04:32,574 [pool-217-thread-1] INFO  impl.RoleInfo (RoleInfo.java:updateAndGet(143)) - 606a935d-9f77-46fa-b0b1-0fcd8a4203df: start FollowerState
2019-10-17 18:04:32,575 [pool-217-thread-1] INFO  util.JmxRegister (JmxRegister.java:tryRegister(44)) - Successfully registered JMX Bean with object name Ratis:service=RaftServer,group=group-68464CBD0852,id=606a935d-9f77-46fa-b0b1-0fcd8a4203df
2019-10-17 18:04:32,583 [RatisPipelineUtilsThread] INFO  pipeline.PipelineStateManager (PipelineStateManager.java:addPipeline(56)) - Created pipeline Pipeline[ Id: 75c429dc-46fd-4191-aee8-68464cbd0852, Nodes: 606a935d-9f77-46fa-b0b1-0fcd8a4203df{ip: 192.168.34.17, host: pr-hdds-2240-zn58d-574671676, networkLocation: /default-rack, certSerialId: null}, Type:RATIS, Factor:ONE, State:OPEN]
2019-10-17 18:04:32,592 [grpc-default-executor-1] INFO  impl.RaftServerProxy (RaftServerProxy.java:addNew(89)) - e00ac7e0-d602-44c0-a802-bd2c8b4b49af: addNew group-DB97A62CAADB:[e00ac7e0-d602-44c0-a802-bd2c8b4b49af:192.168.34.17:34654] returns group-DB97A62CAADB:java.util.concurrent.CompletableFuture@6a3d39a4[Not completed]
2019-10-17 18:04:32,594 [pool-227-thread-1] INFO  impl.RaftServerImpl (RaftServerImpl.java:<init>(95)) - e00ac7e0-d602-44c0-a802-bd2c8b4b49af: new RaftServerImpl for group-DB97A62CAADB:[e00ac7e0-d602-44c0-a802-bd2c8b4b49af:192.168.34.17:34654] with ContainerStateMachine:uninitialized
2019-10-17 18:04:32,594 [pool-227-thread-1] INFO  server.RaftServerConfigKeys (ConfUtils.java:logGet(43)) - raft.server.rpc.timeout.min = 5s (custom)
2019-10-17 18:04:32,594 [pool-227-thread-1] INFO  server.RaftServerConfigKeys (ConfUtils.java:logGet(43)) - raft.server.rpc.timeout.max = 5200ms (custom)
2019-10-17 18:04:32,594 [pool-227-thread-1] INFO  server.RaftServerConfigKeys (ConfUtils.java:logGet(43)) - raft.server.rpcslowness.timeout = 120s (custom)
2019-10-17 18:04:32,594 [pool-227-thread-1] INFO  server.RaftServerConfigKeys (ConfUtils.java:logGet(43)) - raft.server.sleep.deviation.threshold = 300 (default)
2019-10-17 18:04:32,594 [pool-227-thread-1] INFO  server.RaftServerConfigKeys (ConfUtils.java:logGet(43)) - raft.server.log.appender.install.snapshot.enabled = false (custom)
2019-10-17 18:04:32,595 [pool-227-thread-1] INFO  impl.RaftServerImpl (ServerState.java:<init>(103)) - e00ac7e0-d602-44c0-a802-bd2c8b4b49af@group-DB97A62CAADB: ConfigurationManager, init=-1: [e00ac7e0-d602-44c0-a802-bd2c8b4b49af:192.168.34.17:34654], old=null, confs=<EMPTY_MAP>
2019-10-17 18:04:32,595 [pool-227-thread-1] INFO  server.RaftServerConfigKeys (ConfUtils.java:logGet(43)) - raft.server.storage.dir = [/workdir/hadoop-ozone/integration-test/target/test-dir/MiniOzoneClusterImpl-4ead1e5d-0753-48ba-be82-f6ca51f96d4f/datanode-2/data/ratis] (custom)
2019-10-17 18:04:32,595 [pool-227-thread-1] INFO  server.RaftServerConfigKeys (ConfUtils.java:logGet(43)) - raft.server.log.corruption.policy = EXCEPTION (default)
2019-10-17 18:04:32,595 [pool-227-thread-1] INFO  storage.RaftStorageDirectory (RaftStorageDirectory.java:analyzeStorage(246)) - The storage directory /workdir/hadoop-ozone/integration-test/target/test-dir/MiniOzoneClusterImpl-4ead1e5d-0753-48ba-be82-f6ca51f96d4f/datanode-2/data/ratis/db0da03e-b39e-45ef-9ad8-db97a62caadb does not exist. Creating ...
2019-10-17 18:04:32,615 [IPC Server handler 5 on 40178] INFO  net.NetworkTopology (NetworkTopologyImpl.java:add(111)) - Added a new node: /default-rack/4f6f313f-9acb-4698-ba57-b0b4f44bfacb
2019-10-17 18:04:32,615 [IPC Server handler 5 on 40178] INFO  node.SCMNodeManager (SCMNodeManager.java:register(268)) - Registered Data node : 4f6f313f-9acb-4698-ba57-b0b4f44bfacb{ip: 192.168.34.17, host: pr-hdds-2240-zn58d-574671676, networkLocation: /default-rack, certSerialId: null}
2019-10-17 18:04:32,622 [pool-227-thread-1] INFO  storage.RaftStorageDirectory (RaftStorageDirectory.java:tryLock(328)) - Lock on /workdir/hadoop-ozone/integration-test/target/test-dir/MiniOzoneClusterImpl-4ead1e5d-0753-48ba-be82-f6ca51f96d4f/datanode-2/data/ratis/db0da03e-b39e-45ef-9ad8-db97a62caadb/in_use.lock acquired by nodename 3601@pr-hdds-2240-zn58d-574671676
2019-10-17 18:04:32,639 [pool-227-thread-1] INFO  storage.RaftStorage (RaftStorage.java:format(84)) - Storage directory /workdir/hadoop-ozone/integration-test/target/test-dir/MiniOzoneClusterImpl-4ead1e5d-0753-48ba-be82-f6ca51f96d4f/datanode-2/data/ratis/db0da03e-b39e-45ef-9ad8-db97a62caadb has been successfully formatted.
2019-10-17 18:04:32,639 [pool-227-thread-1] INFO  ratis.ContainerStateMachine (ContainerStateMachine.java:loadSnapshot(231)) - group-DB97A62CAADB: The snapshot info is null. Setting the last applied indexto:(t:0, i:~)
2019-10-17 18:04:32,640 [pool-227-thread-1] INFO  server.RaftServerConfigKeys (ConfUtils.java:logGet(43)) - raft.server.notification.no-leader.timeout = 120s (custom)
2019-10-17 18:04:32,640 [pool-227-thread-1] INFO  server.RaftServerConfigKeys (ConfUtils.java:logGet(43)) - raft.server.log.use.memory = false (default)
2019-10-17 18:04:32,640 [pool-227-thread-1] INFO  server.RaftServerConfigKeys (ConfUtils.java:logGet(43)) - raft.server.log.purge.gap = 1000000 (custom)
2019-10-17 18:04:32,640 [pool-227-thread-1] INFO  server.RaftServerConfigKeys (ConfUtils.java:logGet(43)) - raft.server.log.appender.buffer.byte-limit = 33554432 (custom)
2019-10-17 18:04:32,640 [pool-227-thread-1] INFO  server.RaftServerConfigKeys (ConfUtils.java:logGet(43)) - raft.server.log.segment.size.max = 1048576 (custom)
2019-10-17 18:04:32,642 [pool-227-thread-1] INFO  server.RaftServerConfigKeys (ConfUtils.java:logGet(43)) - raft.server.log.segment.cache.num.max = 2 (custom)
2019-10-17 18:04:32,642 [pool-227-thread-1] INFO  segmented.SegmentedRaftLogWorker (SegmentedRaftLogWorker.java:<init>(173)) - new e00ac7e0-d602-44c0-a802-bd2c8b4b49af@group-DB97A62CAADB-SegmentedRaftLogWorker for RaftStorage:Storage Directory /workdir/hadoop-ozone/integration-test/target/test-dir/MiniOzoneClusterImpl-4ead1e5d-0753-48ba-be82-f6ca51f96d4f/datanode-2/data/ratis/db0da03e-b39e-45ef-9ad8-db97a62caadb
2019-10-17 18:04:32,642 [pool-227-thread-1] INFO  server.RaftServerConfigKeys (ConfUtils.java:logGet(43)) - raft.server.log.queue.byte-limit = 2147483647 (custom)
2019-10-17 18:04:32,642 [pool-227-thread-1] INFO  server.RaftServerConfigKeys (ConfUtils.java:logGet(43)) - raft.server.log.queue.element-limit = 1024 (custom)
2019-10-17 18:04:32,643 [pool-227-thread-1] INFO  server.RaftServerConfigKeys (ConfUtils.java:logGet(43)) - raft.server.log.segment.size.max = 1048576 (custom)
2019-10-17 18:04:32,643 [pool-227-thread-1] INFO  server.RaftServerConfigKeys (ConfUtils.java:logGet(43)) - raft.server.log.preallocated.size = 16384 (custom)
2019-10-17 18:04:32,643 [pool-227-thread-1] INFO  server.RaftServerConfigKeys (ConfUtils.java:logGet(43)) - raft.server.log.write.buffer.size = 33554432 (custom)
2019-10-17 18:04:32,643 [pool-227-thread-1] INFO  server.RaftServerConfigKeys (ConfUtils.java:logGet(43)) - raft.server.log.force.sync.num = 128 (default)
2019-10-17 18:04:32,643 [pool-227-thread-1] INFO  server.RaftServerConfigKeys (ConfUtils.java:logGet(43)) - raft.server.log.statemachine.data.sync = true (default)
2019-10-17 18:04:32,643 [pool-227-thread-1] INFO  server.RaftServerConfigKeys (ConfUtils.java:logGet(43)) - raft.server.log.statemachine.data.sync.timeout = 10s (default)
2019-10-17 18:04:32,643 [pool-227-thread-1] INFO  server.RaftServerConfigKeys (ConfUtils.java:logGet(43)) - raft.server.log.statemachine.data.sync.timeout.retry = -1 (default)
2019-10-17 18:04:32,644 [pool-227-thread-1] INFO  server.RaftServerConfigKeys (ConfUtils.java:logGet(43)) - raft.server.log.statemachine.data.caching.enabled = true (custom)
2019-10-17 18:04:32,644 [pool-227-thread-1] INFO  segmented.SegmentedRaftLogWorker (SegmentedRaftLogWorker.java:lambda$new$0(128)) - e00ac7e0-d602-44c0-a802-bd2c8b4b49af@group-DB97A62CAADB-SegmentedRaftLogWorker: flushIndex: setUnconditionally 0 -> -1
2019-10-17 18:04:32,644 [pool-227-thread-1] INFO  server.RaftServerConfigKeys (ConfUtils.java:logGet(43)) - raft.server.snapshot.auto.trigger.enabled = true (custom)
2019-10-17 18:04:32,645 [pool-227-thread-1] INFO  server.RaftServerConfigKeys (ConfUtils.java:logGet(43)) - raft.server.snapshot.auto.trigger.threshold = 10000 (custom)
2019-10-17 18:04:32,645 [pool-227-thread-1] INFO  server.RaftServerConfigKeys (ConfUtils.java:logGet(43)) - raft.server.snapshot.retention.file.num = 5 (custom)
2019-10-17 18:04:32,645 [pool-227-thread-1] INFO  server.RaftServerConfigKeys (ConfUtils.java:logGet(43)) - raft.server.retrycache.expirytime = 600000ms (custom)
2019-10-17 18:04:32,647 [pool-227-thread-1] INFO  impl.RaftServerImpl (RaftServerImpl.java:start(181)) - e00ac7e0-d602-44c0-a802-bd2c8b4b49af@group-DB97A62CAADB: start as a follower, conf=-1: [e00ac7e0-d602-44c0-a802-bd2c8b4b49af:192.168.34.17:34654], old=null
2019-10-17 18:04:32,647 [pool-227-thread-1] INFO  impl.RaftServerImpl (RaftServerImpl.java:setRole(170)) - e00ac7e0-d602-44c0-a802-bd2c8b4b49af@group-DB97A62CAADB: changes role from      null to FOLLOWER at term 0 for startAsFollower
2019-10-17 18:04:32,647 [pool-227-thread-1] INFO  impl.RoleInfo (RoleInfo.java:updateAndGet(143)) - e00ac7e0-d602-44c0-a802-bd2c8b4b49af: start FollowerState
2019-10-17 18:04:32,648 [pool-227-thread-1] INFO  util.JmxRegister (JmxRegister.java:tryRegister(44)) - Successfully registered JMX Bean with object name Ratis:service=RaftServer,group=group-DB97A62CAADB,id=e00ac7e0-d602-44c0-a802-bd2c8b4b49af
2019-10-17 18:04:32,654 [RatisPipelineUtilsThread] INFO  pipeline.PipelineStateManager (PipelineStateManager.java:addPipeline(56)) - Created pipeline Pipeline[ Id: db0da03e-b39e-45ef-9ad8-db97a62caadb, Nodes: e00ac7e0-d602-44c0-a802-bd2c8b4b49af{ip: 192.168.34.17, host: pr-hdds-2240-zn58d-574671676, networkLocation: /default-rack, certSerialId: null}, Type:RATIS, Factor:ONE, State:OPEN]
2019-10-17 18:04:32,663 [grpc-default-executor-1] INFO  impl.RaftServerProxy (RaftServerProxy.java:addNew(89)) - 4f6f313f-9acb-4698-ba57-b0b4f44bfacb: addNew group-2E237A021B2E:[4f6f313f-9acb-4698-ba57-b0b4f44bfacb:192.168.34.17:42803] returns group-2E237A021B2E:java.util.concurrent.CompletableFuture@575ca66d[Not completed]
2019-10-17 18:04:32,664 [pool-237-thread-1] INFO  impl.RaftServerImpl (RaftServerImpl.java:<init>(95)) - 4f6f313f-9acb-4698-ba57-b0b4f44bfacb: new RaftServerImpl for group-2E237A021B2E:[4f6f313f-9acb-4698-ba57-b0b4f44bfacb:192.168.34.17:42803] with ContainerStateMachine:uninitialized
2019-10-17 18:04:32,665 [pool-237-thread-1] INFO  server.RaftServerConfigKeys (ConfUtils.java:logGet(43)) - raft.server.rpc.timeout.min = 5s (custom)
2019-10-17 18:04:32,665 [pool-237-thread-1] INFO  server.RaftServerConfigKeys (ConfUtils.java:logGet(43)) - raft.server.rpc.timeout.max = 5200ms (custom)
2019-10-17 18:04:32,665 [pool-237-thread-1] INFO  server.RaftServerConfigKeys (ConfUtils.java:logGet(43)) - raft.server.rpcslowness.timeout = 120s (custom)
2019-10-17 18:04:32,665 [pool-237-thread-1] INFO  server.RaftServerConfigKeys (ConfUtils.java:logGet(43)) - raft.server.sleep.deviation.threshold = 300 (default)
2019-10-17 18:04:32,665 [pool-237-thread-1] INFO  server.RaftServerConfigKeys (ConfUtils.java:logGet(43)) - raft.server.log.appender.install.snapshot.enabled = false (custom)
2019-10-17 18:04:32,665 [pool-237-thread-1] INFO  impl.RaftServerImpl (ServerState.java:<init>(103)) - 4f6f313f-9acb-4698-ba57-b0b4f44bfacb@group-2E237A021B2E: ConfigurationManager, init=-1: [4f6f313f-9acb-4698-ba57-b0b4f44bfacb:192.168.34.17:42803], old=null, confs=<EMPTY_MAP>
2019-10-17 18:04:32,665 [pool-237-thread-1] INFO  server.RaftServerConfigKeys (ConfUtils.java:logGet(43)) - raft.server.storage.dir = [/workdir/hadoop-ozone/integration-test/target/test-dir/MiniOzoneClusterImpl-4ead1e5d-0753-48ba-be82-f6ca51f96d4f/datanode-3/data/ratis] (custom)
2019-10-17 18:04:32,665 [pool-237-thread-1] INFO  server.RaftServerConfigKeys (ConfUtils.java:logGet(43)) - raft.server.log.corruption.policy = EXCEPTION (default)
2019-10-17 18:04:32,666 [pool-237-thread-1] INFO  storage.RaftStorageDirectory (RaftStorageDirectory.java:analyzeStorage(246)) - The storage directory /workdir/hadoop-ozone/integration-test/target/test-dir/MiniOzoneClusterImpl-4ead1e5d-0753-48ba-be82-f6ca51f96d4f/datanode-3/data/ratis/3390e886-54cd-403c-ac8c-2e237a021b2e does not exist. Creating ...
2019-10-17 18:04:32,689 [pool-237-thread-1] INFO  storage.RaftStorageDirectory (RaftStorageDirectory.java:tryLock(328)) - Lock on /workdir/hadoop-ozone/integration-test/target/test-dir/MiniOzoneClusterImpl-4ead1e5d-0753-48ba-be82-f6ca51f96d4f/datanode-3/data/ratis/3390e886-54cd-403c-ac8c-2e237a021b2e/in_use.lock acquired by nodename 3601@pr-hdds-2240-zn58d-574671676
2019-10-17 18:04:32,689 [IPC Server handler 1 on 40178] INFO  net.NetworkTopology (NetworkTopologyImpl.java:add(111)) - Added a new node: /default-rack/63777e77-57d7-4aa2-865e-9d3763133720
2019-10-17 18:04:32,690 [IPC Server handler 1 on 40178] INFO  node.SCMNodeManager (SCMNodeManager.java:register(268)) - Registered Data node : 63777e77-57d7-4aa2-865e-9d3763133720{ip: 192.168.34.17, host: pr-hdds-2240-zn58d-574671676, networkLocation: /default-rack, certSerialId: null}
2019-10-17 18:04:32,706 [pool-237-thread-1] INFO  storage.RaftStorage (RaftStorage.java:format(84)) - Storage directory /workdir/hadoop-ozone/integration-test/target/test-dir/MiniOzoneClusterImpl-4ead1e5d-0753-48ba-be82-f6ca51f96d4f/datanode-3/data/ratis/3390e886-54cd-403c-ac8c-2e237a021b2e has been successfully formatted.
2019-10-17 18:04:32,707 [pool-237-thread-1] INFO  ratis.ContainerStateMachine (ContainerStateMachine.java:loadSnapshot(231)) - group-2E237A021B2E: The snapshot info is null. Setting the last applied indexto:(t:0, i:~)
2019-10-17 18:04:32,707 [pool-237-thread-1] INFO  server.RaftServerConfigKeys (ConfUtils.java:logGet(43)) - raft.server.notification.no-leader.timeout = 120s (custom)
2019-10-17 18:04:32,707 [pool-237-thread-1] INFO  server.RaftServerConfigKeys (ConfUtils.java:logGet(43)) - raft.server.log.use.memory = false (default)
2019-10-17 18:04:32,707 [pool-237-thread-1] INFO  server.RaftServerConfigKeys (ConfUtils.java:logGet(43)) - raft.server.log.purge.gap = 1000000 (custom)
2019-10-17 18:04:32,707 [pool-237-thread-1] INFO  server.RaftServerConfigKeys (ConfUtils.java:logGet(43)) - raft.server.log.appender.buffer.byte-limit = 33554432 (custom)
2019-10-17 18:04:32,707 [pool-237-thread-1] INFO  server.RaftServerConfigKeys (ConfUtils.java:logGet(43)) - raft.server.log.segment.size.max = 1048576 (custom)
2019-10-17 18:04:32,709 [pool-237-thread-1] INFO  server.RaftServerConfigKeys (ConfUtils.java:logGet(43)) - raft.server.log.segment.cache.num.max = 2 (custom)
2019-10-17 18:04:32,709 [pool-237-thread-1] INFO  segmented.SegmentedRaftLogWorker (SegmentedRaftLogWorker.java:<init>(173)) - new 4f6f313f-9acb-4698-ba57-b0b4f44bfacb@group-2E237A021B2E-SegmentedRaftLogWorker for RaftStorage:Storage Directory /workdir/hadoop-ozone/integration-test/target/test-dir/MiniOzoneClusterImpl-4ead1e5d-0753-48ba-be82-f6ca51f96d4f/datanode-3/data/ratis/3390e886-54cd-403c-ac8c-2e237a021b2e
2019-10-17 18:04:32,709 [pool-237-thread-1] INFO  server.RaftServerConfigKeys (ConfUtils.java:logGet(43)) - raft.server.log.queue.byte-limit = 2147483647 (custom)
2019-10-17 18:04:32,709 [pool-237-thread-1] INFO  server.RaftServerConfigKeys (ConfUtils.java:logGet(43)) - raft.server.log.queue.element-limit = 1024 (custom)
2019-10-17 18:04:32,709 [pool-237-thread-1] INFO  server.RaftServerConfigKeys (ConfUtils.java:logGet(43)) - raft.server.log.segment.size.max = 1048576 (custom)
2019-10-17 18:04:32,709 [pool-237-thread-1] INFO  server.RaftServerConfigKeys (ConfUtils.java:logGet(43)) - raft.server.log.preallocated.size = 16384 (custom)
2019-10-17 18:04:32,709 [pool-237-thread-1] INFO  server.RaftServerConfigKeys (ConfUtils.java:logGet(43)) - raft.server.log.write.buffer.size = 33554432 (custom)
2019-10-17 18:04:32,710 [pool-237-thread-1] INFO  server.RaftServerConfigKeys (ConfUtils.java:logGet(43)) - raft.server.log.force.sync.num = 128 (default)
2019-10-17 18:04:32,710 [pool-237-thread-1] INFO  server.RaftServerConfigKeys (ConfUtils.java:logGet(43)) - raft.server.log.statemachine.data.sync = true (default)
2019-10-17 18:04:32,710 [pool-237-thread-1] INFO  server.RaftServerConfigKeys (ConfUtils.java:logGet(43)) - raft.server.log.statemachine.data.sync.timeout = 10s (default)
2019-10-17 18:04:32,710 [pool-237-thread-1] INFO  server.RaftServerConfigKeys (ConfUtils.java:logGet(43)) - raft.server.log.statemachine.data.sync.timeout.retry = -1 (default)
2019-10-17 18:04:32,710 [pool-237-thread-1] INFO  server.RaftServerConfigKeys (ConfUtils.java:logGet(43)) - raft.server.log.statemachine.data.caching.enabled = true (custom)
2019-10-17 18:04:32,711 [pool-237-thread-1] INFO  segmented.SegmentedRaftLogWorker (SegmentedRaftLogWorker.java:lambda$new$0(128)) - 4f6f313f-9acb-4698-ba57-b0b4f44bfacb@group-2E237A021B2E-SegmentedRaftLogWorker: flushIndex: setUnconditionally 0 -> -1
2019-10-17 18:04:32,711 [pool-237-thread-1] INFO  server.RaftServerConfigKeys (ConfUtils.java:logGet(43)) - raft.server.snapshot.auto.trigger.enabled = true (custom)
2019-10-17 18:04:32,711 [pool-237-thread-1] INFO  server.RaftServerConfigKeys (ConfUtils.java:logGet(43)) - raft.server.snapshot.auto.trigger.threshold = 10000 (custom)
2019-10-17 18:04:32,711 [pool-237-thread-1] INFO  server.RaftServerConfigKeys (ConfUtils.java:logGet(43)) - raft.server.snapshot.retention.file.num = 5 (custom)
2019-10-17 18:04:32,711 [pool-237-thread-1] INFO  server.RaftServerConfigKeys (ConfUtils.java:logGet(43)) - raft.server.retrycache.expirytime = 600000ms (custom)
2019-10-17 18:04:32,713 [pool-237-thread-1] INFO  impl.RaftServerImpl (RaftServerImpl.java:start(181)) - 4f6f313f-9acb-4698-ba57-b0b4f44bfacb@group-2E237A021B2E: start as a follower, conf=-1: [4f6f313f-9acb-4698-ba57-b0b4f44bfacb:192.168.34.17:42803], old=null
2019-10-17 18:04:32,713 [pool-237-thread-1] INFO  impl.RaftServerImpl (RaftServerImpl.java:setRole(170)) - 4f6f313f-9acb-4698-ba57-b0b4f44bfacb@group-2E237A021B2E: changes role from      null to FOLLOWER at term 0 for startAsFollower
2019-10-17 18:04:32,713 [pool-237-thread-1] INFO  impl.RoleInfo (RoleInfo.java:updateAndGet(143)) - 4f6f313f-9acb-4698-ba57-b0b4f44bfacb: start FollowerState
2019-10-17 18:04:32,713 [pool-237-thread-1] INFO  util.JmxRegister (JmxRegister.java:tryRegister(44)) - Successfully registered JMX Bean with object name Ratis:service=RaftServer,group=group-2E237A021B2E,id=4f6f313f-9acb-4698-ba57-b0b4f44bfacb
2019-10-17 18:04:32,721 [RatisPipelineUtilsThread] INFO  pipeline.PipelineStateManager (PipelineStateManager.java:addPipeline(56)) - Created pipeline Pipeline[ Id: 3390e886-54cd-403c-ac8c-2e237a021b2e, Nodes: 4f6f313f-9acb-4698-ba57-b0b4f44bfacb{ip: 192.168.34.17, host: pr-hdds-2240-zn58d-574671676, networkLocation: /default-rack, certSerialId: null}, Type:RATIS, Factor:ONE, State:OPEN]
2019-10-17 18:04:32,730 [grpc-default-executor-1] INFO  impl.RaftServerProxy (RaftServerProxy.java:addNew(89)) - 63777e77-57d7-4aa2-865e-9d3763133720: addNew group-241640713AE7:[63777e77-57d7-4aa2-865e-9d3763133720:192.168.34.17:38594] returns group-241640713AE7:java.util.concurrent.CompletableFuture@69f60a95[Not completed]
2019-10-17 18:04:32,731 [pool-247-thread-1] INFO  impl.RaftServerImpl (RaftServerImpl.java:<init>(95)) - 63777e77-57d7-4aa2-865e-9d3763133720: new RaftServerImpl for group-241640713AE7:[63777e77-57d7-4aa2-865e-9d3763133720:192.168.34.17:38594] with ContainerStateMachine:uninitialized
2019-10-17 18:04:32,732 [pool-247-thread-1] INFO  server.RaftServerConfigKeys (ConfUtils.java:logGet(43)) - raft.server.rpc.timeout.min = 5s (custom)
2019-10-17 18:04:32,732 [pool-247-thread-1] INFO  server.RaftServerConfigKeys (ConfUtils.java:logGet(43)) - raft.server.rpc.timeout.max = 5200ms (custom)
2019-10-17 18:04:32,732 [pool-247-thread-1] INFO  server.RaftServerConfigKeys (ConfUtils.java:logGet(43)) - raft.server.rpcslowness.timeout = 120s (custom)
2019-10-17 18:04:32,732 [pool-247-thread-1] INFO  server.RaftServerConfigKeys (ConfUtils.java:logGet(43)) - raft.server.sleep.deviation.threshold = 300 (default)
2019-10-17 18:04:32,732 [pool-247-thread-1] INFO  server.RaftServerConfigKeys (ConfUtils.java:logGet(43)) - raft.server.log.appender.install.snapshot.enabled = false (custom)
2019-10-17 18:04:32,732 [pool-247-thread-1] INFO  impl.RaftServerImpl (ServerState.java:<init>(103)) - 63777e77-57d7-4aa2-865e-9d3763133720@group-241640713AE7: ConfigurationManager, init=-1: [63777e77-57d7-4aa2-865e-9d3763133720:192.168.34.17:38594], old=null, confs=<EMPTY_MAP>
2019-10-17 18:04:32,733 [pool-247-thread-1] INFO  server.RaftServerConfigKeys (ConfUtils.java:logGet(43)) - raft.server.storage.dir = [/workdir/hadoop-ozone/integration-test/target/test-dir/MiniOzoneClusterImpl-4ead1e5d-0753-48ba-be82-f6ca51f96d4f/datanode-4/data/ratis] (custom)
2019-10-17 18:04:32,733 [pool-247-thread-1] INFO  server.RaftServerConfigKeys (ConfUtils.java:logGet(43)) - raft.server.log.corruption.policy = EXCEPTION (default)
2019-10-17 18:04:32,733 [pool-247-thread-1] INFO  storage.RaftStorageDirectory (RaftStorageDirectory.java:analyzeStorage(246)) - The storage directory /workdir/hadoop-ozone/integration-test/target/test-dir/MiniOzoneClusterImpl-4ead1e5d-0753-48ba-be82-f6ca51f96d4f/datanode-4/data/ratis/75088228-0d1a-4c4a-aa60-241640713ae7 does not exist. Creating ...
2019-10-17 18:04:32,757 [pool-247-thread-1] INFO  storage.RaftStorageDirectory (RaftStorageDirectory.java:tryLock(328)) - Lock on /workdir/hadoop-ozone/integration-test/target/test-dir/MiniOzoneClusterImpl-4ead1e5d-0753-48ba-be82-f6ca51f96d4f/datanode-4/data/ratis/75088228-0d1a-4c4a-aa60-241640713ae7/in_use.lock acquired by nodename 3601@pr-hdds-2240-zn58d-574671676
2019-10-17 18:04:32,764 [IPC Server handler 2 on 40178] INFO  net.NetworkTopology (NetworkTopologyImpl.java:add(111)) - Added a new node: /default-rack/66c05cec-4c2d-4482-b9d3-1a6ddd4b84d7
2019-10-17 18:04:32,765 [IPC Server handler 2 on 40178] INFO  node.SCMNodeManager (SCMNodeManager.java:register(268)) - Registered Data node : 66c05cec-4c2d-4482-b9d3-1a6ddd4b84d7{ip: 192.168.34.17, host: pr-hdds-2240-zn58d-574671676, networkLocation: /default-rack, certSerialId: null}
2019-10-17 18:04:32,782 [pool-247-thread-1] INFO  storage.RaftStorage (RaftStorage.java:format(84)) - Storage directory /workdir/hadoop-ozone/integration-test/target/test-dir/MiniOzoneClusterImpl-4ead1e5d-0753-48ba-be82-f6ca51f96d4f/datanode-4/data/ratis/75088228-0d1a-4c4a-aa60-241640713ae7 has been successfully formatted.
2019-10-17 18:04:32,783 [pool-247-thread-1] INFO  ratis.ContainerStateMachine (ContainerStateMachine.java:loadSnapshot(231)) - group-241640713AE7: The snapshot info is null. Setting the last applied indexto:(t:0, i:~)
2019-10-17 18:04:32,783 [pool-247-thread-1] INFO  server.RaftServerConfigKeys (ConfUtils.java:logGet(43)) - raft.server.notification.no-leader.timeout = 120s (custom)
2019-10-17 18:04:32,783 [pool-247-thread-1] INFO  server.RaftServerConfigKeys (ConfUtils.java:logGet(43)) - raft.server.log.use.memory = false (default)
2019-10-17 18:04:32,783 [pool-247-thread-1] INFO  server.RaftServerConfigKeys (ConfUtils.java:logGet(43)) - raft.server.log.purge.gap = 1000000 (custom)
2019-10-17 18:04:32,783 [pool-247-thread-1] INFO  server.RaftServerConfigKeys (ConfUtils.java:logGet(43)) - raft.server.log.appender.buffer.byte-limit = 33554432 (custom)
2019-10-17 18:04:32,783 [pool-247-thread-1] INFO  server.RaftServerConfigKeys (ConfUtils.java:logGet(43)) - raft.server.log.segment.size.max = 1048576 (custom)
2019-10-17 18:04:32,784 [pool-247-thread-1] INFO  server.RaftServerConfigKeys (ConfUtils.java:logGet(43)) - raft.server.log.segment.cache.num.max = 2 (custom)
2019-10-17 18:04:32,784 [pool-247-thread-1] INFO  segmented.SegmentedRaftLogWorker (SegmentedRaftLogWorker.java:<init>(173)) - new 63777e77-57d7-4aa2-865e-9d3763133720@group-241640713AE7-SegmentedRaftLogWorker for RaftStorage:Storage Directory /workdir/hadoop-ozone/integration-test/target/test-dir/MiniOzoneClusterImpl-4ead1e5d-0753-48ba-be82-f6ca51f96d4f/datanode-4/data/ratis/75088228-0d1a-4c4a-aa60-241640713ae7
2019-10-17 18:04:32,785 [pool-247-thread-1] INFO  server.RaftServerConfigKeys (ConfUtils.java:logGet(43)) - raft.server.log.queue.byte-limit = 2147483647 (custom)
2019-10-17 18:04:32,785 [pool-247-thread-1] INFO  server.RaftServerConfigKeys (ConfUtils.java:logGet(43)) - raft.server.log.queue.element-limit = 1024 (custom)
2019-10-17 18:04:32,785 [pool-247-thread-1] INFO  server.RaftServerConfigKeys (ConfUtils.java:logGet(43)) - raft.server.log.segment.size.max = 1048576 (custom)
2019-10-17 18:04:32,785 [pool-247-thread-1] INFO  server.RaftServerConfigKeys (ConfUtils.java:logGet(43)) - raft.server.log.preallocated.size = 16384 (custom)
2019-10-17 18:04:32,785 [pool-247-thread-1] INFO  server.RaftServerConfigKeys (ConfUtils.java:logGet(43)) - raft.server.log.write.buffer.size = 33554432 (custom)
2019-10-17 18:04:32,785 [pool-247-thread-1] INFO  server.RaftServerConfigKeys (ConfUtils.java:logGet(43)) - raft.server.log.force.sync.num = 128 (default)
2019-10-17 18:04:32,785 [pool-247-thread-1] INFO  server.RaftServerConfigKeys (ConfUtils.java:logGet(43)) - raft.server.log.statemachine.data.sync = true (default)
2019-10-17 18:04:32,785 [pool-247-thread-1] INFO  server.RaftServerConfigKeys (ConfUtils.java:logGet(43)) - raft.server.log.statemachine.data.sync.timeout = 10s (default)
2019-10-17 18:04:32,785 [pool-247-thread-1] INFO  server.RaftServerConfigKeys (ConfUtils.java:logGet(43)) - raft.server.log.statemachine.data.sync.timeout.retry = -1 (default)
2019-10-17 18:04:32,786 [pool-247-thread-1] INFO  server.RaftServerConfigKeys (ConfUtils.java:logGet(43)) - raft.server.log.statemachine.data.caching.enabled = true (custom)
2019-10-17 18:04:32,786 [pool-247-thread-1] INFO  segmented.SegmentedRaftLogWorker (SegmentedRaftLogWorker.java:lambda$new$0(128)) - 63777e77-57d7-4aa2-865e-9d3763133720@group-241640713AE7-SegmentedRaftLogWorker: flushIndex: setUnconditionally 0 -> -1
2019-10-17 18:04:32,786 [pool-247-thread-1] INFO  server.RaftServerConfigKeys (ConfUtils.java:logGet(43)) - raft.server.snapshot.auto.trigger.enabled = true (custom)
2019-10-17 18:04:32,786 [pool-247-thread-1] INFO  server.RaftServerConfigKeys (ConfUtils.java:logGet(43)) - raft.server.snapshot.auto.trigger.threshold = 10000 (custom)
2019-10-17 18:04:32,786 [pool-247-thread-1] INFO  server.RaftServerConfigKeys (ConfUtils.java:logGet(43)) - raft.server.snapshot.retention.file.num = 5 (custom)
2019-10-17 18:04:32,786 [pool-247-thread-1] INFO  server.RaftServerConfigKeys (ConfUtils.java:logGet(43)) - raft.server.retrycache.expirytime = 600000ms (custom)
2019-10-17 18:04:32,787 [pool-247-thread-1] INFO  impl.RaftServerImpl (RaftServerImpl.java:start(181)) - 63777e77-57d7-4aa2-865e-9d3763133720@group-241640713AE7: start as a follower, conf=-1: [63777e77-57d7-4aa2-865e-9d3763133720:192.168.34.17:38594], old=null
2019-10-17 18:04:32,787 [pool-247-thread-1] INFO  impl.RaftServerImpl (RaftServerImpl.java:setRole(170)) - 63777e77-57d7-4aa2-865e-9d3763133720@group-241640713AE7: changes role from      null to FOLLOWER at term 0 for startAsFollower
2019-10-17 18:04:32,788 [pool-247-thread-1] INFO  impl.RoleInfo (RoleInfo.java:updateAndGet(143)) - 63777e77-57d7-4aa2-865e-9d3763133720: start FollowerState
2019-10-17 18:04:32,788 [pool-247-thread-1] INFO  util.JmxRegister (JmxRegister.java:tryRegister(44)) - Successfully registered JMX Bean with object name Ratis:service=RaftServer,group=group-241640713AE7,id=63777e77-57d7-4aa2-865e-9d3763133720
2019-10-17 18:04:32,794 [RatisPipelineUtilsThread] INFO  pipeline.PipelineStateManager (PipelineStateManager.java:addPipeline(56)) - Created pipeline Pipeline[ Id: 75088228-0d1a-4c4a-aa60-241640713ae7, Nodes: 63777e77-57d7-4aa2-865e-9d3763133720{ip: 192.168.34.17, host: pr-hdds-2240-zn58d-574671676, networkLocation: /default-rack, certSerialId: null}, Type:RATIS, Factor:ONE, State:OPEN]
2019-10-17 18:04:32,808 [grpc-default-executor-1] INFO  impl.RaftServerProxy (RaftServerProxy.java:addNew(89)) - 66c05cec-4c2d-4482-b9d3-1a6ddd4b84d7: addNew group-FEC060E76E11:[66c05cec-4c2d-4482-b9d3-1a6ddd4b84d7:192.168.34.17:45256] returns group-FEC060E76E11:java.util.concurrent.CompletableFuture@95b1d1c[Not completed]
2019-10-17 18:04:32,810 [pool-257-thread-1] INFO  impl.RaftServerImpl (RaftServerImpl.java:<init>(95)) - 66c05cec-4c2d-4482-b9d3-1a6ddd4b84d7: new RaftServerImpl for group-FEC060E76E11:[66c05cec-4c2d-4482-b9d3-1a6ddd4b84d7:192.168.34.17:45256] with ContainerStateMachine:uninitialized
2019-10-17 18:04:32,810 [pool-257-thread-1] INFO  server.RaftServerConfigKeys (ConfUtils.java:logGet(43)) - raft.server.rpc.timeout.min = 5s (custom)
2019-10-17 18:04:32,810 [pool-257-thread-1] INFO  server.RaftServerConfigKeys (ConfUtils.java:logGet(43)) - raft.server.rpc.timeout.max = 5200ms (custom)
2019-10-17 18:04:32,810 [pool-257-thread-1] INFO  server.RaftServerConfigKeys (ConfUtils.java:logGet(43)) - raft.server.rpcslowness.timeout = 120s (custom)
2019-10-17 18:04:32,810 [pool-257-thread-1] INFO  server.RaftServerConfigKeys (ConfUtils.java:logGet(43)) - raft.server.sleep.deviation.threshold = 300 (default)
2019-10-17 18:04:32,811 [pool-257-thread-1] INFO  server.RaftServerConfigKeys (ConfUtils.java:logGet(43)) - raft.server.log.appender.install.snapshot.enabled = false (custom)
2019-10-17 18:04:32,811 [pool-257-thread-1] INFO  impl.RaftServerImpl (ServerState.java:<init>(103)) - 66c05cec-4c2d-4482-b9d3-1a6ddd4b84d7@group-FEC060E76E11: ConfigurationManager, init=-1: [66c05cec-4c2d-4482-b9d3-1a6ddd4b84d7:192.168.34.17:45256], old=null, confs=<EMPTY_MAP>
2019-10-17 18:04:32,811 [pool-257-thread-1] INFO  server.RaftServerConfigKeys (ConfUtils.java:logGet(43)) - raft.server.storage.dir = [/workdir/hadoop-ozone/integration-test/target/test-dir/MiniOzoneClusterImpl-4ead1e5d-0753-48ba-be82-f6ca51f96d4f/datanode-5/data/ratis] (custom)
2019-10-17 18:04:32,811 [pool-257-thread-1] INFO  server.RaftServerConfigKeys (ConfUtils.java:logGet(43)) - raft.server.log.corruption.policy = EXCEPTION (default)
2019-10-17 18:04:32,811 [pool-257-thread-1] INFO  storage.RaftStorageDirectory (RaftStorageDirectory.java:analyzeStorage(246)) - The storage directory /workdir/hadoop-ozone/integration-test/target/test-dir/MiniOzoneClusterImpl-4ead1e5d-0753-48ba-be82-f6ca51f96d4f/datanode-5/data/ratis/a23c4cb7-363d-4535-aec1-fec060e76e11 does not exist. Creating ...
2019-10-17 18:04:32,841 [pool-257-thread-1] INFO  storage.RaftStorageDirectory (RaftStorageDirectory.java:tryLock(328)) - Lock on /workdir/hadoop-ozone/integration-test/target/test-dir/MiniOzoneClusterImpl-4ead1e5d-0753-48ba-be82-f6ca51f96d4f/datanode-5/data/ratis/a23c4cb7-363d-4535-aec1-fec060e76e11/in_use.lock acquired by nodename 3601@pr-hdds-2240-zn58d-574671676
2019-10-17 18:04:32,846 [main] INFO  ozone.MiniOzoneClusterImpl (MiniOzoneClusterImpl.java:lambda$waitForClusterToBeReady$0(147)) - Waiting for cluster to be ready. Got 6 of 7 DN Heartbeats.
2019-10-17 18:04:32,846 [IPC Server handler 7 on 40178] INFO  net.NetworkTopology (NetworkTopologyImpl.java:add(111)) - Added a new node: /default-rack/0db59126-5ef4-4137-9ff1-95143f9962ad
2019-10-17 18:04:32,847 [IPC Server handler 7 on 40178] INFO  node.SCMNodeManager (SCMNodeManager.java:register(268)) - Registered Data node : 0db59126-5ef4-4137-9ff1-95143f9962ad{ip: 192.168.34.17, host: pr-hdds-2240-zn58d-574671676, networkLocation: /default-rack, certSerialId: null}
2019-10-17 18:04:32,866 [pool-257-thread-1] INFO  storage.RaftStorage (RaftStorage.java:format(84)) - Storage directory /workdir/hadoop-ozone/integration-test/target/test-dir/MiniOzoneClusterImpl-4ead1e5d-0753-48ba-be82-f6ca51f96d4f/datanode-5/data/ratis/a23c4cb7-363d-4535-aec1-fec060e76e11 has been successfully formatted.
2019-10-17 18:04:32,867 [pool-257-thread-1] INFO  ratis.ContainerStateMachine (ContainerStateMachine.java:loadSnapshot(231)) - group-FEC060E76E11: The snapshot info is null. Setting the last applied indexto:(t:0, i:~)
2019-10-17 18:04:32,867 [pool-257-thread-1] INFO  server.RaftServerConfigKeys (ConfUtils.java:logGet(43)) - raft.server.notification.no-leader.timeout = 120s (custom)
2019-10-17 18:04:32,867 [pool-257-thread-1] INFO  server.RaftServerConfigKeys (ConfUtils.java:logGet(43)) - raft.server.log.use.memory = false (default)
2019-10-17 18:04:32,867 [pool-257-thread-1] INFO  server.RaftServerConfigKeys (ConfUtils.java:logGet(43)) - raft.server.log.purge.gap = 1000000 (custom)
2019-10-17 18:04:32,867 [pool-257-thread-1] INFO  server.RaftServerConfigKeys (ConfUtils.java:logGet(43)) - raft.server.log.appender.buffer.byte-limit = 33554432 (custom)
2019-10-17 18:04:32,867 [pool-257-thread-1] INFO  server.RaftServerConfigKeys (ConfUtils.java:logGet(43)) - raft.server.log.segment.size.max = 1048576 (custom)
2019-10-17 18:04:32,869 [pool-257-thread-1] INFO  server.RaftServerConfigKeys (ConfUtils.java:logGet(43)) - raft.server.log.segment.cache.num.max = 2 (custom)
2019-10-17 18:04:32,869 [pool-257-thread-1] INFO  segmented.SegmentedRaftLogWorker (SegmentedRaftLogWorker.java:<init>(173)) - new 66c05cec-4c2d-4482-b9d3-1a6ddd4b84d7@group-FEC060E76E11-SegmentedRaftLogWorker for RaftStorage:Storage Directory /workdir/hadoop-ozone/integration-test/target/test-dir/MiniOzoneClusterImpl-4ead1e5d-0753-48ba-be82-f6ca51f96d4f/datanode-5/data/ratis/a23c4cb7-363d-4535-aec1-fec060e76e11
2019-10-17 18:04:32,869 [pool-257-thread-1] INFO  server.RaftServerConfigKeys (ConfUtils.java:logGet(43)) - raft.server.log.queue.byte-limit = 2147483647 (custom)
2019-10-17 18:04:32,869 [pool-257-thread-1] INFO  server.RaftServerConfigKeys (ConfUtils.java:logGet(43)) - raft.server.log.queue.element-limit = 1024 (custom)
2019-10-17 18:04:32,870 [pool-257-thread-1] INFO  server.RaftServerConfigKeys (ConfUtils.java:logGet(43)) - raft.server.log.segment.size.max = 1048576 (custom)
2019-10-17 18:04:32,870 [pool-257-thread-1] INFO  server.RaftServerConfigKeys (ConfUtils.java:logGet(43)) - raft.server.log.preallocated.size = 16384 (custom)
2019-10-17 18:04:32,870 [pool-257-thread-1] INFO  server.RaftServerConfigKeys (ConfUtils.java:logGet(43)) - raft.server.log.write.buffer.size = 33554432 (custom)
2019-10-17 18:04:32,870 [pool-257-thread-1] INFO  server.RaftServerConfigKeys (ConfUtils.java:logGet(43)) - raft.server.log.force.sync.num = 128 (default)
2019-10-17 18:04:32,870 [pool-257-thread-1] INFO  server.RaftServerConfigKeys (ConfUtils.java:logGet(43)) - raft.server.log.statemachine.data.sync = true (default)
2019-10-17 18:04:32,870 [pool-257-thread-1] INFO  server.RaftServerConfigKeys (ConfUtils.java:logGet(43)) - raft.server.log.statemachine.data.sync.timeout = 10s (default)
2019-10-17 18:04:32,870 [pool-257-thread-1] INFO  server.RaftServerConfigKeys (ConfUtils.java:logGet(43)) - raft.server.log.statemachine.data.sync.timeout.retry = -1 (default)
2019-10-17 18:04:32,871 [pool-257-thread-1] INFO  server.RaftServerConfigKeys (ConfUtils.java:logGet(43)) - raft.server.log.statemachine.data.caching.enabled = true (custom)
2019-10-17 18:04:32,871 [pool-257-thread-1] INFO  segmented.SegmentedRaftLogWorker (SegmentedRaftLogWorker.java:lambda$new$0(128)) - 66c05cec-4c2d-4482-b9d3-1a6ddd4b84d7@group-FEC060E76E11-SegmentedRaftLogWorker: flushIndex: setUnconditionally 0 -> -1
2019-10-17 18:04:32,871 [pool-257-thread-1] INFO  server.RaftServerConfigKeys (ConfUtils.java:logGet(43)) - raft.server.snapshot.auto.trigger.enabled = true (custom)
2019-10-17 18:04:32,871 [pool-257-thread-1] INFO  server.RaftServerConfigKeys (ConfUtils.java:logGet(43)) - raft.server.snapshot.auto.trigger.threshold = 10000 (custom)
2019-10-17 18:04:32,871 [pool-257-thread-1] INFO  server.RaftServerConfigKeys (ConfUtils.java:logGet(43)) - raft.server.snapshot.retention.file.num = 5 (custom)
2019-10-17 18:04:32,872 [pool-257-thread-1] INFO  server.RaftServerConfigKeys (ConfUtils.java:logGet(43)) - raft.server.retrycache.expirytime = 600000ms (custom)
2019-10-17 18:04:32,874 [pool-257-thread-1] INFO  impl.RaftServerImpl (RaftServerImpl.java:start(181)) - 66c05cec-4c2d-4482-b9d3-1a6ddd4b84d7@group-FEC060E76E11: start as a follower, conf=-1: [66c05cec-4c2d-4482-b9d3-1a6ddd4b84d7:192.168.34.17:45256], old=null
2019-10-17 18:04:32,874 [pool-257-thread-1] INFO  impl.RaftServerImpl (RaftServerImpl.java:setRole(170)) - 66c05cec-4c2d-4482-b9d3-1a6ddd4b84d7@group-FEC060E76E11: changes role from      null to FOLLOWER at term 0 for startAsFollower
2019-10-17 18:04:32,874 [pool-257-thread-1] INFO  impl.RoleInfo (RoleInfo.java:updateAndGet(143)) - 66c05cec-4c2d-4482-b9d3-1a6ddd4b84d7: start FollowerState
2019-10-17 18:04:32,874 [pool-257-thread-1] INFO  util.JmxRegister (JmxRegister.java:tryRegister(44)) - Successfully registered JMX Bean with object name Ratis:service=RaftServer,group=group-FEC060E76E11,id=66c05cec-4c2d-4482-b9d3-1a6ddd4b84d7
2019-10-17 18:04:32,881 [RatisPipelineUtilsThread] INFO  pipeline.PipelineStateManager (PipelineStateManager.java:addPipeline(56)) - Created pipeline Pipeline[ Id: a23c4cb7-363d-4535-aec1-fec060e76e11, Nodes: 66c05cec-4c2d-4482-b9d3-1a6ddd4b84d7{ip: 192.168.34.17, host: pr-hdds-2240-zn58d-574671676, networkLocation: /default-rack, certSerialId: null}, Type:RATIS, Factor:ONE, State:OPEN]
2019-10-17 18:04:32,890 [grpc-default-executor-1] INFO  impl.RaftServerProxy (RaftServerProxy.java:addNew(89)) - 0db59126-5ef4-4137-9ff1-95143f9962ad: addNew group-0F8B6BF3A2E4:[0db59126-5ef4-4137-9ff1-95143f9962ad:192.168.34.17:36644] returns group-0F8B6BF3A2E4:java.util.concurrent.CompletableFuture@3a64ba98[Not completed]
2019-10-17 18:04:32,892 [pool-267-thread-1] INFO  impl.RaftServerImpl (RaftServerImpl.java:<init>(95)) - 0db59126-5ef4-4137-9ff1-95143f9962ad: new RaftServerImpl for group-0F8B6BF3A2E4:[0db59126-5ef4-4137-9ff1-95143f9962ad:192.168.34.17:36644] with ContainerStateMachine:uninitialized
2019-10-17 18:04:32,892 [pool-267-thread-1] INFO  server.RaftServerConfigKeys (ConfUtils.java:logGet(43)) - raft.server.rpc.timeout.min = 5s (custom)
2019-10-17 18:04:32,892 [pool-267-thread-1] INFO  server.RaftServerConfigKeys (ConfUtils.java:logGet(43)) - raft.server.rpc.timeout.max = 5200ms (custom)
2019-10-17 18:04:32,892 [pool-267-thread-1] INFO  server.RaftServerConfigKeys (ConfUtils.java:logGet(43)) - raft.server.rpcslowness.timeout = 120s (custom)
2019-10-17 18:04:32,892 [pool-267-thread-1] INFO  server.RaftServerConfigKeys (ConfUtils.java:logGet(43)) - raft.server.sleep.deviation.threshold = 300 (default)
2019-10-17 18:04:32,893 [pool-267-thread-1] INFO  server.RaftServerConfigKeys (ConfUtils.java:logGet(43)) - raft.server.log.appender.install.snapshot.enabled = false (custom)
2019-10-17 18:04:32,893 [pool-267-thread-1] INFO  impl.RaftServerImpl (ServerState.java:<init>(103)) - 0db59126-5ef4-4137-9ff1-95143f9962ad@group-0F8B6BF3A2E4: ConfigurationManager, init=-1: [0db59126-5ef4-4137-9ff1-95143f9962ad:192.168.34.17:36644], old=null, confs=<EMPTY_MAP>
2019-10-17 18:04:32,893 [pool-267-thread-1] INFO  server.RaftServerConfigKeys (ConfUtils.java:logGet(43)) - raft.server.storage.dir = [/workdir/hadoop-ozone/integration-test/target/test-dir/MiniOzoneClusterImpl-4ead1e5d-0753-48ba-be82-f6ca51f96d4f/datanode-6/data/ratis] (custom)
2019-10-17 18:04:32,893 [pool-267-thread-1] INFO  server.RaftServerConfigKeys (ConfUtils.java:logGet(43)) - raft.server.log.corruption.policy = EXCEPTION (default)
2019-10-17 18:04:32,893 [pool-267-thread-1] INFO  storage.RaftStorageDirectory (RaftStorageDirectory.java:analyzeStorage(246)) - The storage directory /workdir/hadoop-ozone/integration-test/target/test-dir/MiniOzoneClusterImpl-4ead1e5d-0753-48ba-be82-f6ca51f96d4f/datanode-6/data/ratis/81daba16-3b02-47f4-ac71-0f8b6bf3a2e4 does not exist. Creating ...
2019-10-17 18:04:32,917 [pool-267-thread-1] INFO  storage.RaftStorageDirectory (RaftStorageDirectory.java:tryLock(328)) - Lock on /workdir/hadoop-ozone/integration-test/target/test-dir/MiniOzoneClusterImpl-4ead1e5d-0753-48ba-be82-f6ca51f96d4f/datanode-6/data/ratis/81daba16-3b02-47f4-ac71-0f8b6bf3a2e4/in_use.lock acquired by nodename 3601@pr-hdds-2240-zn58d-574671676
2019-10-17 18:04:32,942 [pool-267-thread-1] INFO  storage.RaftStorage (RaftStorage.java:format(84)) - Storage directory /workdir/hadoop-ozone/integration-test/target/test-dir/MiniOzoneClusterImpl-4ead1e5d-0753-48ba-be82-f6ca51f96d4f/datanode-6/data/ratis/81daba16-3b02-47f4-ac71-0f8b6bf3a2e4 has been successfully formatted.
2019-10-17 18:04:32,942 [pool-267-thread-1] INFO  ratis.ContainerStateMachine (ContainerStateMachine.java:loadSnapshot(231)) - group-0F8B6BF3A2E4: The snapshot info is null. Setting the last applied indexto:(t:0, i:~)
2019-10-17 18:04:32,943 [pool-267-thread-1] INFO  server.RaftServerConfigKeys (ConfUtils.java:logGet(43)) - raft.server.notification.no-leader.timeout = 120s (custom)
2019-10-17 18:04:32,943 [pool-267-thread-1] INFO  server.RaftServerConfigKeys (ConfUtils.java:logGet(43)) - raft.server.log.use.memory = false (default)
2019-10-17 18:04:32,943 [pool-267-thread-1] INFO  server.RaftServerConfigKeys (ConfUtils.java:logGet(43)) - raft.server.log.purge.gap = 1000000 (custom)
2019-10-17 18:04:32,943 [pool-267-thread-1] INFO  server.RaftServerConfigKeys (ConfUtils.java:logGet(43)) - raft.server.log.appender.buffer.byte-limit = 33554432 (custom)
2019-10-17 18:04:32,943 [pool-267-thread-1] INFO  server.RaftServerConfigKeys (ConfUtils.java:logGet(43)) - raft.server.log.segment.size.max = 1048576 (custom)
2019-10-17 18:04:32,945 [pool-267-thread-1] INFO  server.RaftServerConfigKeys (ConfUtils.java:logGet(43)) - raft.server.log.segment.cache.num.max = 2 (custom)
2019-10-17 18:04:32,945 [pool-267-thread-1] INFO  segmented.SegmentedRaftLogWorker (SegmentedRaftLogWorker.java:<init>(173)) - new 0db59126-5ef4-4137-9ff1-95143f9962ad@group-0F8B6BF3A2E4-SegmentedRaftLogWorker for RaftStorage:Storage Directory /workdir/hadoop-ozone/integration-test/target/test-dir/MiniOzoneClusterImpl-4ead1e5d-0753-48ba-be82-f6ca51f96d4f/datanode-6/data/ratis/81daba16-3b02-47f4-ac71-0f8b6bf3a2e4
2019-10-17 18:04:32,945 [pool-267-thread-1] INFO  server.RaftServerConfigKeys (ConfUtils.java:logGet(43)) - raft.server.log.queue.byte-limit = 2147483647 (custom)
2019-10-17 18:04:32,945 [pool-267-thread-1] INFO  server.RaftServerConfigKeys (ConfUtils.java:logGet(43)) - raft.server.log.queue.element-limit = 1024 (custom)
2019-10-17 18:04:32,945 [pool-267-thread-1] INFO  server.RaftServerConfigKeys (ConfUtils.java:logGet(43)) - raft.server.log.segment.size.max = 1048576 (custom)
2019-10-17 18:04:32,945 [pool-267-thread-1] INFO  server.RaftServerConfigKeys (ConfUtils.java:logGet(43)) - raft.server.log.preallocated.size = 16384 (custom)
2019-10-17 18:04:32,945 [pool-267-thread-1] INFO  server.RaftServerConfigKeys (ConfUtils.java:logGet(43)) - raft.server.log.write.buffer.size = 33554432 (custom)
2019-10-17 18:04:32,946 [pool-267-thread-1] INFO  server.RaftServerConfigKeys (ConfUtils.java:logGet(43)) - raft.server.log.force.sync.num = 128 (default)
2019-10-17 18:04:32,946 [pool-267-thread-1] INFO  server.RaftServerConfigKeys (ConfUtils.java:logGet(43)) - raft.server.log.statemachine.data.sync = true (default)
2019-10-17 18:04:32,946 [pool-267-thread-1] INFO  server.RaftServerConfigKeys (ConfUtils.java:logGet(43)) - raft.server.log.statemachine.data.sync.timeout = 10s (default)
2019-10-17 18:04:32,946 [pool-267-thread-1] INFO  server.RaftServerConfigKeys (ConfUtils.java:logGet(43)) - raft.server.log.statemachine.data.sync.timeout.retry = -1 (default)
2019-10-17 18:04:32,946 [pool-267-thread-1] INFO  server.RaftServerConfigKeys (ConfUtils.java:logGet(43)) - raft.server.log.statemachine.data.caching.enabled = true (custom)
2019-10-17 18:04:32,947 [pool-267-thread-1] INFO  segmented.SegmentedRaftLogWorker (SegmentedRaftLogWorker.java:lambda$new$0(128)) - 0db59126-5ef4-4137-9ff1-95143f9962ad@group-0F8B6BF3A2E4-SegmentedRaftLogWorker: flushIndex: setUnconditionally 0 -> -1
2019-10-17 18:04:32,947 [pool-267-thread-1] INFO  server.RaftServerConfigKeys (ConfUtils.java:logGet(43)) - raft.server.snapshot.auto.trigger.enabled = true (custom)
2019-10-17 18:04:32,947 [pool-267-thread-1] INFO  server.RaftServerConfigKeys (ConfUtils.java:logGet(43)) - raft.server.snapshot.auto.trigger.threshold = 10000 (custom)
2019-10-17 18:04:32,947 [pool-267-thread-1] INFO  server.RaftServerConfigKeys (ConfUtils.java:logGet(43)) - raft.server.snapshot.retention.file.num = 5 (custom)
2019-10-17 18:04:32,948 [pool-267-thread-1] INFO  server.RaftServerConfigKeys (ConfUtils.java:logGet(43)) - raft.server.retrycache.expirytime = 600000ms (custom)
2019-10-17 18:04:32,949 [pool-267-thread-1] INFO  impl.RaftServerImpl (RaftServerImpl.java:start(181)) - 0db59126-5ef4-4137-9ff1-95143f9962ad@group-0F8B6BF3A2E4: start as a follower, conf=-1: [0db59126-5ef4-4137-9ff1-95143f9962ad:192.168.34.17:36644], old=null
2019-10-17 18:04:32,950 [pool-267-thread-1] INFO  impl.RaftServerImpl (RaftServerImpl.java:setRole(170)) - 0db59126-5ef4-4137-9ff1-95143f9962ad@group-0F8B6BF3A2E4: changes role from      null to FOLLOWER at term 0 for startAsFollower
2019-10-17 18:04:32,950 [pool-267-thread-1] INFO  impl.RoleInfo (RoleInfo.java:updateAndGet(143)) - 0db59126-5ef4-4137-9ff1-95143f9962ad: start FollowerState
2019-10-17 18:04:32,950 [pool-267-thread-1] INFO  util.JmxRegister (JmxRegister.java:tryRegister(44)) - Successfully registered JMX Bean with object name Ratis:service=RaftServer,group=group-0F8B6BF3A2E4,id=0db59126-5ef4-4137-9ff1-95143f9962ad
2019-10-17 18:04:32,959 [RatisPipelineUtilsThread] INFO  pipeline.PipelineStateManager (PipelineStateManager.java:addPipeline(56)) - Created pipeline Pipeline[ Id: 81daba16-3b02-47f4-ac71-0f8b6bf3a2e4, Nodes: 0db59126-5ef4-4137-9ff1-95143f9962ad{ip: 192.168.34.17, host: pr-hdds-2240-zn58d-574671676, networkLocation: /default-rack, certSerialId: null}, Type:RATIS, Factor:ONE, State:OPEN]
2019-10-17 18:04:32,984 [grpc-default-executor-0] INFO  impl.RaftServerProxy (RaftServerProxy.java:addNew(89)) - 66c05cec-4c2d-4482-b9d3-1a6ddd4b84d7: addNew group-04532A516155:[66c05cec-4c2d-4482-b9d3-1a6ddd4b84d7:192.168.34.17:45256, 4f6f313f-9acb-4698-ba57-b0b4f44bfacb:192.168.34.17:42803, 0db59126-5ef4-4137-9ff1-95143f9962ad:192.168.34.17:36644] returns group-04532A516155:java.util.concurrent.CompletableFuture@4493b6b1[Not completed]
2019-10-17 18:04:32,984 [grpc-default-executor-1] INFO  impl.RaftServerProxy (RaftServerProxy.java:addNew(89)) - 0db59126-5ef4-4137-9ff1-95143f9962ad: addNew group-04532A516155:[66c05cec-4c2d-4482-b9d3-1a6ddd4b84d7:192.168.34.17:45256, 4f6f313f-9acb-4698-ba57-b0b4f44bfacb:192.168.34.17:42803, 0db59126-5ef4-4137-9ff1-95143f9962ad:192.168.34.17:36644] returns group-04532A516155:java.util.concurrent.CompletableFuture@3b16b249[Not completed]
2019-10-17 18:04:32,986 [grpc-default-executor-1] INFO  impl.RaftServerProxy (RaftServerProxy.java:addNew(89)) - 4f6f313f-9acb-4698-ba57-b0b4f44bfacb: addNew group-04532A516155:[66c05cec-4c2d-4482-b9d3-1a6ddd4b84d7:192.168.34.17:45256, 4f6f313f-9acb-4698-ba57-b0b4f44bfacb:192.168.34.17:42803, 0db59126-5ef4-4137-9ff1-95143f9962ad:192.168.34.17:36644] returns group-04532A516155:java.util.concurrent.CompletableFuture@6497cea[Not completed]
2019-10-17 18:04:32,987 [pool-267-thread-1] INFO  impl.RaftServerImpl (RaftServerImpl.java:<init>(95)) - 0db59126-5ef4-4137-9ff1-95143f9962ad: new RaftServerImpl for group-04532A516155:[66c05cec-4c2d-4482-b9d3-1a6ddd4b84d7:192.168.34.17:45256, 4f6f313f-9acb-4698-ba57-b0b4f44bfacb:192.168.34.17:42803, 0db59126-5ef4-4137-9ff1-95143f9962ad:192.168.34.17:36644] with ContainerStateMachine:uninitialized
2019-10-17 18:04:32,988 [pool-267-thread-1] INFO  server.RaftServerConfigKeys (ConfUtils.java:logGet(43)) - raft.server.rpc.timeout.min = 5s (custom)
2019-10-17 18:04:32,988 [pool-267-thread-1] INFO  server.RaftServerConfigKeys (ConfUtils.java:logGet(43)) - raft.server.rpc.timeout.max = 5200ms (custom)
2019-10-17 18:04:32,988 [pool-267-thread-1] INFO  server.RaftServerConfigKeys (ConfUtils.java:logGet(43)) - raft.server.rpcslowness.timeout = 120s (custom)
2019-10-17 18:04:32,988 [pool-267-thread-1] INFO  server.RaftServerConfigKeys (ConfUtils.java:logGet(43)) - raft.server.sleep.deviation.threshold = 300 (default)
2019-10-17 18:04:32,988 [pool-267-thread-1] INFO  server.RaftServerConfigKeys (ConfUtils.java:logGet(43)) - raft.server.log.appender.install.snapshot.enabled = false (custom)
2019-10-17 18:04:32,988 [pool-267-thread-1] INFO  impl.RaftServerImpl (ServerState.java:<init>(103)) - 0db59126-5ef4-4137-9ff1-95143f9962ad@group-04532A516155: ConfigurationManager, init=-1: [66c05cec-4c2d-4482-b9d3-1a6ddd4b84d7:192.168.34.17:45256, 4f6f313f-9acb-4698-ba57-b0b4f44bfacb:192.168.34.17:42803, 0db59126-5ef4-4137-9ff1-95143f9962ad:192.168.34.17:36644], old=null, confs=<EMPTY_MAP>
2019-10-17 18:04:32,988 [pool-267-thread-1] INFO  server.RaftServerConfigKeys (ConfUtils.java:logGet(43)) - raft.server.storage.dir = [/workdir/hadoop-ozone/integration-test/target/test-dir/MiniOzoneClusterImpl-4ead1e5d-0753-48ba-be82-f6ca51f96d4f/datanode-6/data/ratis] (custom)
2019-10-17 18:04:32,989 [pool-267-thread-1] INFO  server.RaftServerConfigKeys (ConfUtils.java:logGet(43)) - raft.server.log.corruption.policy = EXCEPTION (default)
2019-10-17 18:04:32,989 [pool-237-thread-1] INFO  impl.RaftServerImpl (RaftServerImpl.java:<init>(95)) - 4f6f313f-9acb-4698-ba57-b0b4f44bfacb: new RaftServerImpl for group-04532A516155:[66c05cec-4c2d-4482-b9d3-1a6ddd4b84d7:192.168.34.17:45256, 4f6f313f-9acb-4698-ba57-b0b4f44bfacb:192.168.34.17:42803, 0db59126-5ef4-4137-9ff1-95143f9962ad:192.168.34.17:36644] with ContainerStateMachine:uninitialized
2019-10-17 18:04:32,989 [pool-267-thread-1] INFO  storage.RaftStorageDirectory (RaftStorageDirectory.java:analyzeStorage(246)) - The storage directory /workdir/hadoop-ozone/integration-test/target/test-dir/MiniOzoneClusterImpl-4ead1e5d-0753-48ba-be82-f6ca51f96d4f/datanode-6/data/ratis/a841ea77-fd6c-44b6-b13b-04532a516155 does not exist. Creating ...
2019-10-17 18:04:32,989 [pool-237-thread-1] INFO  server.RaftServerConfigKeys (ConfUtils.java:logGet(43)) - raft.server.rpc.timeout.min = 5s (custom)
2019-10-17 18:04:32,989 [pool-237-thread-1] INFO  server.RaftServerConfigKeys (ConfUtils.java:logGet(43)) - raft.server.rpc.timeout.max = 5200ms (custom)
2019-10-17 18:04:32,989 [pool-237-thread-1] INFO  server.RaftServerConfigKeys (ConfUtils.java:logGet(43)) - raft.server.rpcslowness.timeout = 120s (custom)
2019-10-17 18:04:32,990 [pool-237-thread-1] INFO  server.RaftServerConfigKeys (ConfUtils.java:logGet(43)) - raft.server.sleep.deviation.threshold = 300 (default)
2019-10-17 18:04:32,990 [pool-257-thread-1] INFO  impl.RaftServerImpl (RaftServerImpl.java:<init>(95)) - 66c05cec-4c2d-4482-b9d3-1a6ddd4b84d7: new RaftServerImpl for group-04532A516155:[66c05cec-4c2d-4482-b9d3-1a6ddd4b84d7:192.168.34.17:45256, 4f6f313f-9acb-4698-ba57-b0b4f44bfacb:192.168.34.17:42803, 0db59126-5ef4-4137-9ff1-95143f9962ad:192.168.34.17:36644] with ContainerStateMachine:uninitialized
2019-10-17 18:04:32,990 [pool-237-thread-1] INFO  server.RaftServerConfigKeys (ConfUtils.java:logGet(43)) - raft.server.log.appender.install.snapshot.enabled = false (custom)
2019-10-17 18:04:32,990 [pool-257-thread-1] INFO  server.RaftServerConfigKeys (ConfUtils.java:logGet(43)) - raft.server.rpc.timeout.min = 5s (custom)
2019-10-17 18:04:32,990 [pool-237-thread-1] INFO  impl.RaftServerImpl (ServerState.java:<init>(103)) - 4f6f313f-9acb-4698-ba57-b0b4f44bfacb@group-04532A516155: ConfigurationManager, init=-1: [66c05cec-4c2d-4482-b9d3-1a6ddd4b84d7:192.168.34.17:45256, 4f6f313f-9acb-4698-ba57-b0b4f44bfacb:192.168.34.17:42803, 0db59126-5ef4-4137-9ff1-95143f9962ad:192.168.34.17:36644], old=null, confs=<EMPTY_MAP>
2019-10-17 18:04:32,990 [pool-257-thread-1] INFO  server.RaftServerConfigKeys (ConfUtils.java:logGet(43)) - raft.server.rpc.timeout.max = 5200ms (custom)
2019-10-17 18:04:32,990 [pool-257-thread-1] INFO  server.RaftServerConfigKeys (ConfUtils.java:logGet(43)) - raft.server.rpcslowness.timeout = 120s (custom)
2019-10-17 18:04:32,990 [pool-237-thread-1] INFO  server.RaftServerConfigKeys (ConfUtils.java:logGet(43)) - raft.server.storage.dir = [/workdir/hadoop-ozone/integration-test/target/test-dir/MiniOzoneClusterImpl-4ead1e5d-0753-48ba-be82-f6ca51f96d4f/datanode-3/data/ratis] (custom)
2019-10-17 18:04:32,990 [pool-257-thread-1] INFO  server.RaftServerConfigKeys (ConfUtils.java:logGet(43)) - raft.server.sleep.deviation.threshold = 300 (default)
2019-10-17 18:04:32,991 [pool-257-thread-1] INFO  server.RaftServerConfigKeys (ConfUtils.java:logGet(43)) - raft.server.log.appender.install.snapshot.enabled = false (custom)
2019-10-17 18:04:32,991 [pool-237-thread-1] INFO  server.RaftServerConfigKeys (ConfUtils.java:logGet(43)) - raft.server.log.corruption.policy = EXCEPTION (default)
2019-10-17 18:04:32,991 [pool-257-thread-1] INFO  impl.RaftServerImpl (ServerState.java:<init>(103)) - 66c05cec-4c2d-4482-b9d3-1a6ddd4b84d7@group-04532A516155: ConfigurationManager, init=-1: [66c05cec-4c2d-4482-b9d3-1a6ddd4b84d7:192.168.34.17:45256, 4f6f313f-9acb-4698-ba57-b0b4f44bfacb:192.168.34.17:42803, 0db59126-5ef4-4137-9ff1-95143f9962ad:192.168.34.17:36644], old=null, confs=<EMPTY_MAP>
2019-10-17 18:04:32,991 [pool-257-thread-1] INFO  server.RaftServerConfigKeys (ConfUtils.java:logGet(43)) - raft.server.storage.dir = [/workdir/hadoop-ozone/integration-test/target/test-dir/MiniOzoneClusterImpl-4ead1e5d-0753-48ba-be82-f6ca51f96d4f/datanode-5/data/ratis] (custom)
2019-10-17 18:04:32,991 [pool-237-thread-1] INFO  storage.RaftStorageDirectory (RaftStorageDirectory.java:analyzeStorage(246)) - The storage directory /workdir/hadoop-ozone/integration-test/target/test-dir/MiniOzoneClusterImpl-4ead1e5d-0753-48ba-be82-f6ca51f96d4f/datanode-3/data/ratis/a841ea77-fd6c-44b6-b13b-04532a516155 does not exist. Creating ...
2019-10-17 18:04:32,991 [pool-257-thread-1] INFO  server.RaftServerConfigKeys (ConfUtils.java:logGet(43)) - raft.server.log.corruption.policy = EXCEPTION (default)
2019-10-17 18:04:32,991 [pool-257-thread-1] INFO  storage.RaftStorageDirectory (RaftStorageDirectory.java:analyzeStorage(246)) - The storage directory /workdir/hadoop-ozone/integration-test/target/test-dir/MiniOzoneClusterImpl-4ead1e5d-0753-48ba-be82-f6ca51f96d4f/datanode-5/data/ratis/a841ea77-fd6c-44b6-b13b-04532a516155 does not exist. Creating ...
2019-10-17 18:04:33,018 [pool-237-thread-1] INFO  storage.RaftStorageDirectory (RaftStorageDirectory.java:tryLock(328)) - Lock on /workdir/hadoop-ozone/integration-test/target/test-dir/MiniOzoneClusterImpl-4ead1e5d-0753-48ba-be82-f6ca51f96d4f/datanode-3/data/ratis/a841ea77-fd6c-44b6-b13b-04532a516155/in_use.lock acquired by nodename 3601@pr-hdds-2240-zn58d-574671676
2019-10-17 18:04:33,018 [pool-257-thread-1] INFO  storage.RaftStorageDirectory (RaftStorageDirectory.java:tryLock(328)) - Lock on /workdir/hadoop-ozone/integration-test/target/test-dir/MiniOzoneClusterImpl-4ead1e5d-0753-48ba-be82-f6ca51f96d4f/datanode-5/data/ratis/a841ea77-fd6c-44b6-b13b-04532a516155/in_use.lock acquired by nodename 3601@pr-hdds-2240-zn58d-574671676
2019-10-17 18:04:33,018 [pool-267-thread-1] INFO  storage.RaftStorageDirectory (RaftStorageDirectory.java:tryLock(328)) - Lock on /workdir/hadoop-ozone/integration-test/target/test-dir/MiniOzoneClusterImpl-4ead1e5d-0753-48ba-be82-f6ca51f96d4f/datanode-6/data/ratis/a841ea77-fd6c-44b6-b13b-04532a516155/in_use.lock acquired by nodename 3601@pr-hdds-2240-zn58d-574671676
2019-10-17 18:04:33,043 [pool-267-thread-1] INFO  storage.RaftStorage (RaftStorage.java:format(84)) - Storage directory /workdir/hadoop-ozone/integration-test/target/test-dir/MiniOzoneClusterImpl-4ead1e5d-0753-48ba-be82-f6ca51f96d4f/datanode-6/data/ratis/a841ea77-fd6c-44b6-b13b-04532a516155 has been successfully formatted.
2019-10-17 18:04:33,043 [pool-237-thread-1] INFO  storage.RaftStorage (RaftStorage.java:format(84)) - Storage directory /workdir/hadoop-ozone/integration-test/target/test-dir/MiniOzoneClusterImpl-4ead1e5d-0753-48ba-be82-f6ca51f96d4f/datanode-3/data/ratis/a841ea77-fd6c-44b6-b13b-04532a516155 has been successfully formatted.
2019-10-17 18:04:33,044 [pool-267-thread-1] INFO  ratis.ContainerStateMachine (ContainerStateMachine.java:loadSnapshot(231)) - group-04532A516155: The snapshot info is null. Setting the last applied indexto:(t:0, i:~)
2019-10-17 18:04:33,043 [pool-257-thread-1] INFO  storage.RaftStorage (RaftStorage.java:format(84)) - Storage directory /workdir/hadoop-ozone/integration-test/target/test-dir/MiniOzoneClusterImpl-4ead1e5d-0753-48ba-be82-f6ca51f96d4f/datanode-5/data/ratis/a841ea77-fd6c-44b6-b13b-04532a516155 has been successfully formatted.
2019-10-17 18:04:33,044 [pool-237-thread-1] INFO  ratis.ContainerStateMachine (ContainerStateMachine.java:loadSnapshot(231)) - group-04532A516155: The snapshot info is null. Setting the last applied indexto:(t:0, i:~)
2019-10-17 18:04:33,044 [pool-267-thread-1] INFO  server.RaftServerConfigKeys (ConfUtils.java:logGet(43)) - raft.server.notification.no-leader.timeout = 120s (custom)
2019-10-17 18:04:33,044 [pool-237-thread-1] INFO  server.RaftServerConfigKeys (ConfUtils.java:logGet(43)) - raft.server.notification.no-leader.timeout = 120s (custom)
2019-10-17 18:04:33,044 [pool-257-thread-1] INFO  ratis.ContainerStateMachine (ContainerStateMachine.java:loadSnapshot(231)) - group-04532A516155: The snapshot info is null. Setting the last applied indexto:(t:0, i:~)
2019-10-17 18:04:33,044 [pool-237-thread-1] INFO  server.RaftServerConfigKeys (ConfUtils.java:logGet(43)) - raft.server.log.use.memory = false (default)
2019-10-17 18:04:33,044 [pool-267-thread-1] INFO  server.RaftServerConfigKeys (ConfUtils.java:logGet(43)) - raft.server.log.use.memory = false (default)
2019-10-17 18:04:33,045 [pool-237-thread-1] INFO  server.RaftServerConfigKeys (ConfUtils.java:logGet(43)) - raft.server.log.purge.gap = 1000000 (custom)
2019-10-17 18:04:33,045 [pool-267-thread-1] INFO  server.RaftServerConfigKeys (ConfUtils.java:logGet(43)) - raft.server.log.purge.gap = 1000000 (custom)
2019-10-17 18:04:33,044 [pool-257-thread-1] INFO  server.RaftServerConfigKeys (ConfUtils.java:logGet(43)) - raft.server.notification.no-leader.timeout = 120s (custom)
2019-10-17 18:04:33,045 [pool-267-thread-1] INFO  server.RaftServerConfigKeys (ConfUtils.java:logGet(43)) - raft.server.log.appender.buffer.byte-limit = 33554432 (custom)
2019-10-17 18:04:33,045 [pool-237-thread-1] INFO  server.RaftServerConfigKeys (ConfUtils.java:logGet(43)) - raft.server.log.appender.buffer.byte-limit = 33554432 (custom)
2019-10-17 18:04:33,045 [pool-267-thread-1] INFO  server.RaftServerConfigKeys (ConfUtils.java:logGet(43)) - raft.server.log.segment.size.max = 1048576 (custom)
2019-10-17 18:04:33,045 [pool-257-thread-1] INFO  server.RaftServerConfigKeys (ConfUtils.java:logGet(43)) - raft.server.log.use.memory = false (default)
2019-10-17 18:04:33,045 [pool-267-thread-1] INFO  server.RaftServerConfigKeys (ConfUtils.java:logGet(43)) - raft.server.log.segment.cache.num.max = 2 (custom)
2019-10-17 18:04:33,045 [pool-237-thread-1] INFO  server.RaftServerConfigKeys (ConfUtils.java:logGet(43)) - raft.server.log.segment.size.max = 1048576 (custom)
2019-10-17 18:04:33,045 [pool-267-thread-1] INFO  segmented.SegmentedRaftLogWorker (SegmentedRaftLogWorker.java:<init>(173)) - new 0db59126-5ef4-4137-9ff1-95143f9962ad@group-04532A516155-SegmentedRaftLogWorker for RaftStorage:Storage Directory /workdir/hadoop-ozone/integration-test/target/test-dir/MiniOzoneClusterImpl-4ead1e5d-0753-48ba-be82-f6ca51f96d4f/datanode-6/data/ratis/a841ea77-fd6c-44b6-b13b-04532a516155
2019-10-17 18:04:33,046 [pool-267-thread-1] INFO  server.RaftServerConfigKeys (ConfUtils.java:logGet(43)) - raft.server.log.queue.byte-limit = 2147483647 (custom)
2019-10-17 18:04:33,045 [pool-257-thread-1] INFO  server.RaftServerConfigKeys (ConfUtils.java:logGet(43)) - raft.server.log.purge.gap = 1000000 (custom)
2019-10-17 18:04:33,046 [pool-267-thread-1] INFO  server.RaftServerConfigKeys (ConfUtils.java:logGet(43)) - raft.server.log.queue.element-limit = 1024 (custom)
2019-10-17 18:04:33,046 [pool-237-thread-1] INFO  server.RaftServerConfigKeys (ConfUtils.java:logGet(43)) - raft.server.log.segment.cache.num.max = 2 (custom)
2019-10-17 18:04:33,046 [pool-267-thread-1] INFO  server.RaftServerConfigKeys (ConfUtils.java:logGet(43)) - raft.server.log.segment.size.max = 1048576 (custom)
2019-10-17 18:04:33,046 [pool-267-thread-1] INFO  server.RaftServerConfigKeys (ConfUtils.java:logGet(43)) - raft.server.log.preallocated.size = 16384 (custom)
2019-10-17 18:04:33,046 [pool-257-thread-1] INFO  server.RaftServerConfigKeys (ConfUtils.java:logGet(43)) - raft.server.log.appender.buffer.byte-limit = 33554432 (custom)
2019-10-17 18:04:33,046 [pool-267-thread-1] INFO  server.RaftServerConfigKeys (ConfUtils.java:logGet(43)) - raft.server.log.write.buffer.size = 33554432 (custom)
2019-10-17 18:04:33,046 [pool-237-thread-1] INFO  segmented.SegmentedRaftLogWorker (SegmentedRaftLogWorker.java:<init>(173)) - new 4f6f313f-9acb-4698-ba57-b0b4f44bfacb@group-04532A516155-SegmentedRaftLogWorker for RaftStorage:Storage Directory /workdir/hadoop-ozone/integration-test/target/test-dir/MiniOzoneClusterImpl-4ead1e5d-0753-48ba-be82-f6ca51f96d4f/datanode-3/data/ratis/a841ea77-fd6c-44b6-b13b-04532a516155
2019-10-17 18:04:33,046 [pool-267-thread-1] INFO  server.RaftServerConfigKeys (ConfUtils.java:logGet(43)) - raft.server.log.force.sync.num = 128 (default)
2019-10-17 18:04:33,046 [pool-257-thread-1] INFO  server.RaftServerConfigKeys (ConfUtils.java:logGet(43)) - raft.server.log.segment.size.max = 1048576 (custom)
2019-10-17 18:04:33,047 [pool-267-thread-1] INFO  server.RaftServerConfigKeys (ConfUtils.java:logGet(43)) - raft.server.log.statemachine.data.sync = true (default)
2019-10-17 18:04:33,047 [pool-237-thread-1] INFO  server.RaftServerConfigKeys (ConfUtils.java:logGet(43)) - raft.server.log.queue.byte-limit = 2147483647 (custom)
2019-10-17 18:04:33,047 [pool-267-thread-1] INFO  server.RaftServerConfigKeys (ConfUtils.java:logGet(43)) - raft.server.log.statemachine.data.sync.timeout = 10s (default)
2019-10-17 18:04:33,047 [pool-257-thread-1] INFO  server.RaftServerConfigKeys (ConfUtils.java:logGet(43)) - raft.server.log.segment.cache.num.max = 2 (custom)
2019-10-17 18:04:33,047 [pool-267-thread-1] INFO  server.RaftServerConfigKeys (ConfUtils.java:logGet(43)) - raft.server.log.statemachine.data.sync.timeout.retry = -1 (default)
2019-10-17 18:04:33,047 [pool-237-thread-1] INFO  server.RaftServerConfigKeys (ConfUtils.java:logGet(43)) - raft.server.log.queue.element-limit = 1024 (custom)
2019-10-17 18:04:33,047 [pool-267-thread-1] INFO  server.RaftServerConfigKeys (ConfUtils.java:logGet(43)) - raft.server.log.statemachine.data.caching.enabled = true (custom)
2019-10-17 18:04:33,047 [pool-257-thread-1] INFO  segmented.SegmentedRaftLogWorker (SegmentedRaftLogWorker.java:<init>(173)) - new 66c05cec-4c2d-4482-b9d3-1a6ddd4b84d7@group-04532A516155-SegmentedRaftLogWorker for RaftStorage:Storage Directory /workdir/hadoop-ozone/integration-test/target/test-dir/MiniOzoneClusterImpl-4ead1e5d-0753-48ba-be82-f6ca51f96d4f/datanode-5/data/ratis/a841ea77-fd6c-44b6-b13b-04532a516155
2019-10-17 18:04:33,047 [pool-237-thread-1] INFO  server.RaftServerConfigKeys (ConfUtils.java:logGet(43)) - raft.server.log.segment.size.max = 1048576 (custom)
2019-10-17 18:04:33,048 [pool-267-thread-1] INFO  segmented.SegmentedRaftLogWorker (SegmentedRaftLogWorker.java:lambda$new$0(128)) - 0db59126-5ef4-4137-9ff1-95143f9962ad@group-04532A516155-SegmentedRaftLogWorker: flushIndex: setUnconditionally 0 -> -1
2019-10-17 18:04:33,048 [pool-257-thread-1] INFO  server.RaftServerConfigKeys (ConfUtils.java:logGet(43)) - raft.server.log.queue.byte-limit = 2147483647 (custom)
2019-10-17 18:04:33,048 [pool-237-thread-1] INFO  server.RaftServerConfigKeys (ConfUtils.java:logGet(43)) - raft.server.log.preallocated.size = 16384 (custom)
2019-10-17 18:04:33,048 [pool-267-thread-1] INFO  server.RaftServerConfigKeys (ConfUtils.java:logGet(43)) - raft.server.snapshot.auto.trigger.enabled = true (custom)
2019-10-17 18:04:33,048 [pool-257-thread-1] INFO  server.RaftServerConfigKeys (ConfUtils.java:logGet(43)) - raft.server.log.queue.element-limit = 1024 (custom)
2019-10-17 18:04:33,048 [pool-267-thread-1] INFO  server.RaftServerConfigKeys (ConfUtils.java:logGet(43)) - raft.server.snapshot.auto.trigger.threshold = 10000 (custom)
2019-10-17 18:04:33,048 [pool-237-thread-1] INFO  server.RaftServerConfigKeys (ConfUtils.java:logGet(43)) - raft.server.log.write.buffer.size = 33554432 (custom)
2019-10-17 18:04:33,048 [pool-267-thread-1] INFO  server.RaftServerConfigKeys (ConfUtils.java:logGet(43)) - raft.server.snapshot.retention.file.num = 5 (custom)
2019-10-17 18:04:33,048 [pool-257-thread-1] INFO  server.RaftServerConfigKeys (ConfUtils.java:logGet(43)) - raft.server.log.segment.size.max = 1048576 (custom)
2019-10-17 18:04:33,049 [pool-267-thread-1] INFO  server.RaftServerConfigKeys (ConfUtils.java:logGet(43)) - raft.server.retrycache.expirytime = 600000ms (custom)
2019-10-17 18:04:33,049 [pool-237-thread-1] INFO  server.RaftServerConfigKeys (ConfUtils.java:logGet(43)) - raft.server.log.force.sync.num = 128 (default)
2019-10-17 18:04:33,049 [pool-257-thread-1] INFO  server.RaftServerConfigKeys (ConfUtils.java:logGet(43)) - raft.server.log.preallocated.size = 16384 (custom)
2019-10-17 18:04:33,049 [pool-237-thread-1] INFO  server.RaftServerConfigKeys (ConfUtils.java:logGet(43)) - raft.server.log.statemachine.data.sync = true (default)
2019-10-17 18:04:33,049 [pool-257-thread-1] INFO  server.RaftServerConfigKeys (ConfUtils.java:logGet(43)) - raft.server.log.write.buffer.size = 33554432 (custom)
2019-10-17 18:04:33,049 [pool-237-thread-1] INFO  server.RaftServerConfigKeys (ConfUtils.java:logGet(43)) - raft.server.log.statemachine.data.sync.timeout = 10s (default)
2019-10-17 18:04:33,050 [pool-257-thread-1] INFO  server.RaftServerConfigKeys (ConfUtils.java:logGet(43)) - raft.server.log.force.sync.num = 128 (default)
2019-10-17 18:04:33,050 [pool-237-thread-1] INFO  server.RaftServerConfigKeys (ConfUtils.java:logGet(43)) - raft.server.log.statemachine.data.sync.timeout.retry = -1 (default)
2019-10-17 18:04:33,050 [pool-257-thread-1] INFO  server.RaftServerConfigKeys (ConfUtils.java:logGet(43)) - raft.server.log.statemachine.data.sync = true (default)
2019-10-17 18:04:33,050 [pool-237-thread-1] INFO  server.RaftServerConfigKeys (ConfUtils.java:logGet(43)) - raft.server.log.statemachine.data.caching.enabled = true (custom)
2019-10-17 18:04:33,050 [pool-257-thread-1] INFO  server.RaftServerConfigKeys (ConfUtils.java:logGet(43)) - raft.server.log.statemachine.data.sync.timeout = 10s (default)
2019-10-17 18:04:33,051 [pool-237-thread-1] INFO  segmented.SegmentedRaftLogWorker (SegmentedRaftLogWorker.java:lambda$new$0(128)) - 4f6f313f-9acb-4698-ba57-b0b4f44bfacb@group-04532A516155-SegmentedRaftLogWorker: flushIndex: setUnconditionally 0 -> -1
2019-10-17 18:04:33,051 [pool-257-thread-1] INFO  server.RaftServerConfigKeys (ConfUtils.java:logGet(43)) - raft.server.log.statemachine.data.sync.timeout.retry = -1 (default)
2019-10-17 18:04:33,051 [pool-237-thread-1] INFO  server.RaftServerConfigKeys (ConfUtils.java:logGet(43)) - raft.server.snapshot.auto.trigger.enabled = true (custom)
2019-10-17 18:04:33,051 [pool-237-thread-1] INFO  server.RaftServerConfigKeys (ConfUtils.java:logGet(43)) - raft.server.snapshot.auto.trigger.threshold = 10000 (custom)
2019-10-17 18:04:33,051 [pool-257-thread-1] INFO  server.RaftServerConfigKeys (ConfUtils.java:logGet(43)) - raft.server.log.statemachine.data.caching.enabled = true (custom)
2019-10-17 18:04:33,052 [pool-267-thread-1] INFO  impl.RaftServerImpl (RaftServerImpl.java:start(181)) - 0db59126-5ef4-4137-9ff1-95143f9962ad@group-04532A516155: start as a follower, conf=-1: [66c05cec-4c2d-4482-b9d3-1a6ddd4b84d7:192.168.34.17:45256, 4f6f313f-9acb-4698-ba57-b0b4f44bfacb:192.168.34.17:42803, 0db59126-5ef4-4137-9ff1-95143f9962ad:192.168.34.17:36644], old=null
2019-10-17 18:04:33,051 [pool-237-thread-1] INFO  server.RaftServerConfigKeys (ConfUtils.java:logGet(43)) - raft.server.snapshot.retention.file.num = 5 (custom)
2019-10-17 18:04:33,052 [pool-267-thread-1] INFO  impl.RaftServerImpl (RaftServerImpl.java:setRole(170)) - 0db59126-5ef4-4137-9ff1-95143f9962ad@group-04532A516155: changes role from      null to FOLLOWER at term 0 for startAsFollower
2019-10-17 18:04:33,052 [pool-237-thread-1] INFO  server.RaftServerConfigKeys (ConfUtils.java:logGet(43)) - raft.server.retrycache.expirytime = 600000ms (custom)
2019-10-17 18:04:33,052 [pool-257-thread-1] INFO  segmented.SegmentedRaftLogWorker (SegmentedRaftLogWorker.java:lambda$new$0(128)) - 66c05cec-4c2d-4482-b9d3-1a6ddd4b84d7@group-04532A516155-SegmentedRaftLogWorker: flushIndex: setUnconditionally 0 -> -1
2019-10-17 18:04:33,052 [pool-267-thread-1] INFO  impl.RoleInfo (RoleInfo.java:updateAndGet(143)) - 0db59126-5ef4-4137-9ff1-95143f9962ad: start FollowerState
2019-10-17 18:04:33,053 [pool-257-thread-1] INFO  server.RaftServerConfigKeys (ConfUtils.java:logGet(43)) - raft.server.snapshot.auto.trigger.enabled = true (custom)
2019-10-17 18:04:33,053 [pool-267-thread-1] INFO  util.JmxRegister (JmxRegister.java:tryRegister(44)) - Successfully registered JMX Bean with object name Ratis:service=RaftServer,group=group-04532A516155,id=0db59126-5ef4-4137-9ff1-95143f9962ad
2019-10-17 18:04:33,053 [pool-257-thread-1] INFO  server.RaftServerConfigKeys (ConfUtils.java:logGet(43)) - raft.server.snapshot.auto.trigger.threshold = 10000 (custom)
2019-10-17 18:04:33,053 [pool-257-thread-1] INFO  server.RaftServerConfigKeys (ConfUtils.java:logGet(43)) - raft.server.snapshot.retention.file.num = 5 (custom)
2019-10-17 18:04:33,054 [pool-257-thread-1] INFO  server.RaftServerConfigKeys (ConfUtils.java:logGet(43)) - raft.server.retrycache.expirytime = 600000ms (custom)
2019-10-17 18:04:33,055 [pool-237-thread-1] INFO  impl.RaftServerImpl (RaftServerImpl.java:start(181)) - 4f6f313f-9acb-4698-ba57-b0b4f44bfacb@group-04532A516155: start as a follower, conf=-1: [66c05cec-4c2d-4482-b9d3-1a6ddd4b84d7:192.168.34.17:45256, 4f6f313f-9acb-4698-ba57-b0b4f44bfacb:192.168.34.17:42803, 0db59126-5ef4-4137-9ff1-95143f9962ad:192.168.34.17:36644], old=null
2019-10-17 18:04:33,056 [pool-237-thread-1] INFO  impl.RaftServerImpl (RaftServerImpl.java:setRole(170)) - 4f6f313f-9acb-4698-ba57-b0b4f44bfacb@group-04532A516155: changes role from      null to FOLLOWER at term 0 for startAsFollower
2019-10-17 18:04:33,056 [pool-237-thread-1] INFO  impl.RoleInfo (RoleInfo.java:updateAndGet(143)) - 4f6f313f-9acb-4698-ba57-b0b4f44bfacb: start FollowerState
2019-10-17 18:04:33,056 [pool-237-thread-1] INFO  util.JmxRegister (JmxRegister.java:tryRegister(44)) - Successfully registered JMX Bean with object name Ratis:service=RaftServer,group=group-04532A516155,id=4f6f313f-9acb-4698-ba57-b0b4f44bfacb
2019-10-17 18:04:33,065 [pool-257-thread-1] INFO  impl.RaftServerImpl (RaftServerImpl.java:start(181)) - 66c05cec-4c2d-4482-b9d3-1a6ddd4b84d7@group-04532A516155: start as a follower, conf=-1: [66c05cec-4c2d-4482-b9d3-1a6ddd4b84d7:192.168.34.17:45256, 4f6f313f-9acb-4698-ba57-b0b4f44bfacb:192.168.34.17:42803, 0db59126-5ef4-4137-9ff1-95143f9962ad:192.168.34.17:36644], old=null
2019-10-17 18:04:33,065 [pool-257-thread-1] INFO  impl.RaftServerImpl (RaftServerImpl.java:setRole(170)) - 66c05cec-4c2d-4482-b9d3-1a6ddd4b84d7@group-04532A516155: changes role from      null to FOLLOWER at term 0 for startAsFollower
2019-10-17 18:04:33,065 [pool-257-thread-1] INFO  impl.RoleInfo (RoleInfo.java:updateAndGet(143)) - 66c05cec-4c2d-4482-b9d3-1a6ddd4b84d7: start FollowerState
2019-10-17 18:04:33,066 [pool-257-thread-1] INFO  util.JmxRegister (JmxRegister.java:tryRegister(44)) - Successfully registered JMX Bean with object name Ratis:service=RaftServer,group=group-04532A516155,id=66c05cec-4c2d-4482-b9d3-1a6ddd4b84d7
2019-10-17 18:04:33,072 [RatisPipelineUtilsThread] INFO  pipeline.PipelineStateManager (PipelineStateManager.java:addPipeline(56)) - Created pipeline Pipeline[ Id: a841ea77-fd6c-44b6-b13b-04532a516155, Nodes: 4f6f313f-9acb-4698-ba57-b0b4f44bfacb{ip: 192.168.34.17, host: pr-hdds-2240-zn58d-574671676, networkLocation: /default-rack, certSerialId: null}66c05cec-4c2d-4482-b9d3-1a6ddd4b84d7{ip: 192.168.34.17, host: pr-hdds-2240-zn58d-574671676, networkLocation: /default-rack, certSerialId: null}0db59126-5ef4-4137-9ff1-95143f9962ad{ip: 192.168.34.17, host: pr-hdds-2240-zn58d-574671676, networkLocation: /default-rack, certSerialId: null}, Type:RATIS, Factor:THREE, State:OPEN]
2019-10-17 18:04:33,084 [grpc-default-executor-5] INFO  impl.RaftServerProxy (RaftServerProxy.java:addNew(89)) - 606a935d-9f77-46fa-b0b1-0fcd8a4203df: addNew group-FF985E83A8DC:[e00ac7e0-d602-44c0-a802-bd2c8b4b49af:192.168.34.17:34654, 606a935d-9f77-46fa-b0b1-0fcd8a4203df:192.168.34.17:34980, 52d7c564-f7c4-4a63-86b0-c698b024ddc1:192.168.34.17:35428] returns group-FF985E83A8DC:java.util.concurrent.CompletableFuture@701b02f2[Not completed]
2019-10-17 18:04:33,084 [grpc-default-executor-0] INFO  impl.RaftServerProxy (RaftServerProxy.java:addNew(89)) - e00ac7e0-d602-44c0-a802-bd2c8b4b49af: addNew group-FF985E83A8DC:[e00ac7e0-d602-44c0-a802-bd2c8b4b49af:192.168.34.17:34654, 606a935d-9f77-46fa-b0b1-0fcd8a4203df:192.168.34.17:34980, 52d7c564-f7c4-4a63-86b0-c698b024ddc1:192.168.34.17:35428] returns group-FF985E83A8DC:java.util.concurrent.CompletableFuture@3174ee10[Not completed]
2019-10-17 18:04:33,086 [grpc-default-executor-1] INFO  impl.RaftServerProxy (RaftServerProxy.java:addNew(89)) - 52d7c564-f7c4-4a63-86b0-c698b024ddc1: addNew group-FF985E83A8DC:[e00ac7e0-d602-44c0-a802-bd2c8b4b49af:192.168.34.17:34654, 606a935d-9f77-46fa-b0b1-0fcd8a4203df:192.168.34.17:34980, 52d7c564-f7c4-4a63-86b0-c698b024ddc1:192.168.34.17:35428] returns group-FF985E83A8DC:java.util.concurrent.CompletableFuture@4525f193[Not completed]
2019-10-17 18:04:33,086 [pool-217-thread-1] INFO  impl.RaftServerImpl (RaftServerImpl.java:<init>(95)) - 606a935d-9f77-46fa-b0b1-0fcd8a4203df: new RaftServerImpl for group-FF985E83A8DC:[e00ac7e0-d602-44c0-a802-bd2c8b4b49af:192.168.34.17:34654, 606a935d-9f77-46fa-b0b1-0fcd8a4203df:192.168.34.17:34980, 52d7c564-f7c4-4a63-86b0-c698b024ddc1:192.168.34.17:35428] with ContainerStateMachine:uninitialized
2019-10-17 18:04:33,087 [pool-217-thread-1] INFO  server.RaftServerConfigKeys (ConfUtils.java:logGet(43)) - raft.server.rpc.timeout.min = 5s (custom)
2019-10-17 18:04:33,087 [pool-217-thread-1] INFO  server.RaftServerConfigKeys (ConfUtils.java:logGet(43)) - raft.server.rpc.timeout.max = 5200ms (custom)
2019-10-17 18:04:33,087 [pool-217-thread-1] INFO  server.RaftServerConfigKeys (ConfUtils.java:logGet(43)) - raft.server.rpcslowness.timeout = 120s (custom)
2019-10-17 18:04:33,087 [pool-217-thread-1] INFO  server.RaftServerConfigKeys (ConfUtils.java:logGet(43)) - raft.server.sleep.deviation.threshold = 300 (default)
2019-10-17 18:04:33,087 [pool-217-thread-1] INFO  server.RaftServerConfigKeys (ConfUtils.java:logGet(43)) - raft.server.log.appender.install.snapshot.enabled = false (custom)
2019-10-17 18:04:33,087 [pool-217-thread-1] INFO  impl.RaftServerImpl (ServerState.java:<init>(103)) - 606a935d-9f77-46fa-b0b1-0fcd8a4203df@group-FF985E83A8DC: ConfigurationManager, init=-1: [e00ac7e0-d602-44c0-a802-bd2c8b4b49af:192.168.34.17:34654, 606a935d-9f77-46fa-b0b1-0fcd8a4203df:192.168.34.17:34980, 52d7c564-f7c4-4a63-86b0-c698b024ddc1:192.168.34.17:35428], old=null, confs=<EMPTY_MAP>
2019-10-17 18:04:33,087 [pool-207-thread-1] INFO  impl.RaftServerImpl (RaftServerImpl.java:<init>(95)) - 52d7c564-f7c4-4a63-86b0-c698b024ddc1: new RaftServerImpl for group-FF985E83A8DC:[e00ac7e0-d602-44c0-a802-bd2c8b4b49af:192.168.34.17:34654, 606a935d-9f77-46fa-b0b1-0fcd8a4203df:192.168.34.17:34980, 52d7c564-f7c4-4a63-86b0-c698b024ddc1:192.168.34.17:35428] with ContainerStateMachine:uninitialized
2019-10-17 18:04:33,087 [pool-217-thread-1] INFO  server.RaftServerConfigKeys (ConfUtils.java:logGet(43)) - raft.server.storage.dir = [/workdir/hadoop-ozone/integration-test/target/test-dir/MiniOzoneClusterImpl-4ead1e5d-0753-48ba-be82-f6ca51f96d4f/datanode-1/data/ratis] (custom)
2019-10-17 18:04:33,087 [pool-207-thread-1] INFO  server.RaftServerConfigKeys (ConfUtils.java:logGet(43)) - raft.server.rpc.timeout.min = 5s (custom)
2019-10-17 18:04:33,087 [pool-217-thread-1] INFO  server.RaftServerConfigKeys (ConfUtils.java:logGet(43)) - raft.server.log.corruption.policy = EXCEPTION (default)
2019-10-17 18:04:33,087 [pool-207-thread-1] INFO  server.RaftServerConfigKeys (ConfUtils.java:logGet(43)) - raft.server.rpc.timeout.max = 5200ms (custom)
2019-10-17 18:04:33,088 [pool-217-thread-1] INFO  storage.RaftStorageDirectory (RaftStorageDirectory.java:analyzeStorage(246)) - The storage directory /workdir/hadoop-ozone/integration-test/target/test-dir/MiniOzoneClusterImpl-4ead1e5d-0753-48ba-be82-f6ca51f96d4f/datanode-1/data/ratis/19f873dd-f4d3-424b-a36d-ff985e83a8dc does not exist. Creating ...
2019-10-17 18:04:33,088 [pool-227-thread-1] INFO  impl.RaftServerImpl (RaftServerImpl.java:<init>(95)) - e00ac7e0-d602-44c0-a802-bd2c8b4b49af: new RaftServerImpl for group-FF985E83A8DC:[e00ac7e0-d602-44c0-a802-bd2c8b4b49af:192.168.34.17:34654, 606a935d-9f77-46fa-b0b1-0fcd8a4203df:192.168.34.17:34980, 52d7c564-f7c4-4a63-86b0-c698b024ddc1:192.168.34.17:35428] with ContainerStateMachine:uninitialized
2019-10-17 18:04:33,088 [pool-207-thread-1] INFO  server.RaftServerConfigKeys (ConfUtils.java:logGet(43)) - raft.server.rpcslowness.timeout = 120s (custom)
2019-10-17 18:04:33,088 [pool-227-thread-1] INFO  server.RaftServerConfigKeys (ConfUtils.java:logGet(43)) - raft.server.rpc.timeout.min = 5s (custom)
2019-10-17 18:04:33,088 [pool-207-thread-1] INFO  server.RaftServerConfigKeys (ConfUtils.java:logGet(43)) - raft.server.sleep.deviation.threshold = 300 (default)
2019-10-17 18:04:33,088 [pool-227-thread-1] INFO  server.RaftServerConfigKeys (ConfUtils.java:logGet(43)) - raft.server.rpc.timeout.max = 5200ms (custom)
2019-10-17 18:04:33,088 [pool-207-thread-1] INFO  server.RaftServerConfigKeys (ConfUtils.java:logGet(43)) - raft.server.log.appender.install.snapshot.enabled = false (custom)
2019-10-17 18:04:33,088 [pool-227-thread-1] INFO  server.RaftServerConfigKeys (ConfUtils.java:logGet(43)) - raft.server.rpcslowness.timeout = 120s (custom)
2019-10-17 18:04:33,088 [pool-207-thread-1] INFO  impl.RaftServerImpl (ServerState.java:<init>(103)) - 52d7c564-f7c4-4a63-86b0-c698b024ddc1@group-FF985E83A8DC: ConfigurationManager, init=-1: [e00ac7e0-d602-44c0-a802-bd2c8b4b49af:192.168.34.17:34654, 606a935d-9f77-46fa-b0b1-0fcd8a4203df:192.168.34.17:34980, 52d7c564-f7c4-4a63-86b0-c698b024ddc1:192.168.34.17:35428], old=null, confs=<EMPTY_MAP>
2019-10-17 18:04:33,088 [pool-227-thread-1] INFO  server.RaftServerConfigKeys (ConfUtils.java:logGet(43)) - raft.server.sleep.deviation.threshold = 300 (default)
2019-10-17 18:04:33,089 [pool-207-thread-1] INFO  server.RaftServerConfigKeys (ConfUtils.java:logGet(43)) - raft.server.storage.dir = [/workdir/hadoop-ozone/integration-test/target/test-dir/MiniOzoneClusterImpl-4ead1e5d-0753-48ba-be82-f6ca51f96d4f/datanode-0/data/ratis] (custom)
2019-10-17 18:04:33,089 [pool-227-thread-1] INFO  server.RaftServerConfigKeys (ConfUtils.java:logGet(43)) - raft.server.log.appender.install.snapshot.enabled = false (custom)
2019-10-17 18:04:33,089 [pool-227-thread-1] INFO  impl.RaftServerImpl (ServerState.java:<init>(103)) - e00ac7e0-d602-44c0-a802-bd2c8b4b49af@group-FF985E83A8DC: ConfigurationManager, init=-1: [e00ac7e0-d602-44c0-a802-bd2c8b4b49af:192.168.34.17:34654, 606a935d-9f77-46fa-b0b1-0fcd8a4203df:192.168.34.17:34980, 52d7c564-f7c4-4a63-86b0-c698b024ddc1:192.168.34.17:35428], old=null, confs=<EMPTY_MAP>
2019-10-17 18:04:33,089 [pool-207-thread-1] INFO  server.RaftServerConfigKeys (ConfUtils.java:logGet(43)) - raft.server.log.corruption.policy = EXCEPTION (default)
2019-10-17 18:04:33,089 [pool-227-thread-1] INFO  server.RaftServerConfigKeys (ConfUtils.java:logGet(43)) - raft.server.storage.dir = [/workdir/hadoop-ozone/integration-test/target/test-dir/MiniOzoneClusterImpl-4ead1e5d-0753-48ba-be82-f6ca51f96d4f/datanode-2/data/ratis] (custom)
2019-10-17 18:04:33,089 [pool-207-thread-1] INFO  storage.RaftStorageDirectory (RaftStorageDirectory.java:analyzeStorage(246)) - The storage directory /workdir/hadoop-ozone/integration-test/target/test-dir/MiniOzoneClusterImpl-4ead1e5d-0753-48ba-be82-f6ca51f96d4f/datanode-0/data/ratis/19f873dd-f4d3-424b-a36d-ff985e83a8dc does not exist. Creating ...
2019-10-17 18:04:33,089 [pool-227-thread-1] INFO  server.RaftServerConfigKeys (ConfUtils.java:logGet(43)) - raft.server.log.corruption.policy = EXCEPTION (default)
2019-10-17 18:04:33,090 [pool-227-thread-1] INFO  storage.RaftStorageDirectory (RaftStorageDirectory.java:analyzeStorage(246)) - The storage directory /workdir/hadoop-ozone/integration-test/target/test-dir/MiniOzoneClusterImpl-4ead1e5d-0753-48ba-be82-f6ca51f96d4f/datanode-2/data/ratis/19f873dd-f4d3-424b-a36d-ff985e83a8dc does not exist. Creating ...
2019-10-17 18:04:33,111 [pool-207-thread-1] INFO  storage.RaftStorageDirectory (RaftStorageDirectory.java:tryLock(328)) - Lock on /workdir/hadoop-ozone/integration-test/target/test-dir/MiniOzoneClusterImpl-4ead1e5d-0753-48ba-be82-f6ca51f96d4f/datanode-0/data/ratis/19f873dd-f4d3-424b-a36d-ff985e83a8dc/in_use.lock acquired by nodename 3601@pr-hdds-2240-zn58d-574671676
2019-10-17 18:04:33,111 [pool-227-thread-1] INFO  storage.RaftStorageDirectory (RaftStorageDirectory.java:tryLock(328)) - Lock on /workdir/hadoop-ozone/integration-test/target/test-dir/MiniOzoneClusterImpl-4ead1e5d-0753-48ba-be82-f6ca51f96d4f/datanode-2/data/ratis/19f873dd-f4d3-424b-a36d-ff985e83a8dc/in_use.lock acquired by nodename 3601@pr-hdds-2240-zn58d-574671676
2019-10-17 18:04:33,111 [pool-217-thread-1] INFO  storage.RaftStorageDirectory (RaftStorageDirectory.java:tryLock(328)) - Lock on /workdir/hadoop-ozone/integration-test/target/test-dir/MiniOzoneClusterImpl-4ead1e5d-0753-48ba-be82-f6ca51f96d4f/datanode-1/data/ratis/19f873dd-f4d3-424b-a36d-ff985e83a8dc/in_use.lock acquired by nodename 3601@pr-hdds-2240-zn58d-574671676
2019-10-17 18:04:33,136 [pool-207-thread-1] INFO  storage.RaftStorage (RaftStorage.java:format(84)) - Storage directory /workdir/hadoop-ozone/integration-test/target/test-dir/MiniOzoneClusterImpl-4ead1e5d-0753-48ba-be82-f6ca51f96d4f/datanode-0/data/ratis/19f873dd-f4d3-424b-a36d-ff985e83a8dc has been successfully formatted.
2019-10-17 18:04:33,136 [pool-227-thread-1] INFO  storage.RaftStorage (RaftStorage.java:format(84)) - Storage directory /workdir/hadoop-ozone/integration-test/target/test-dir/MiniOzoneClusterImpl-4ead1e5d-0753-48ba-be82-f6ca51f96d4f/datanode-2/data/ratis/19f873dd-f4d3-424b-a36d-ff985e83a8dc has been successfully formatted.
2019-10-17 18:04:33,136 [pool-217-thread-1] INFO  storage.RaftStorage (RaftStorage.java:format(84)) - Storage directory /workdir/hadoop-ozone/integration-test/target/test-dir/MiniOzoneClusterImpl-4ead1e5d-0753-48ba-be82-f6ca51f96d4f/datanode-1/data/ratis/19f873dd-f4d3-424b-a36d-ff985e83a8dc has been successfully formatted.
2019-10-17 18:04:33,137 [pool-227-thread-1] INFO  ratis.ContainerStateMachine (ContainerStateMachine.java:loadSnapshot(231)) - group-FF985E83A8DC: The snapshot info is null. Setting the last applied indexto:(t:0, i:~)
2019-10-17 18:04:33,137 [pool-207-thread-1] INFO  ratis.ContainerStateMachine (ContainerStateMachine.java:loadSnapshot(231)) - group-FF985E83A8DC: The snapshot info is null. Setting the last applied indexto:(t:0, i:~)
2019-10-17 18:04:33,137 [pool-227-thread-1] INFO  server.RaftServerConfigKeys (ConfUtils.java:logGet(43)) - raft.server.notification.no-leader.timeout = 120s (custom)
2019-10-17 18:04:33,137 [pool-217-thread-1] INFO  ratis.ContainerStateMachine (ContainerStateMachine.java:loadSnapshot(231)) - group-FF985E83A8DC: The snapshot info is null. Setting the last applied indexto:(t:0, i:~)
2019-10-17 18:04:33,137 [pool-227-thread-1] INFO  server.RaftServerConfigKeys (ConfUtils.java:logGet(43)) - raft.server.log.use.memory = false (default)
2019-10-17 18:04:33,137 [pool-207-thread-1] INFO  server.RaftServerConfigKeys (ConfUtils.java:logGet(43)) - raft.server.notification.no-leader.timeout = 120s (custom)
2019-10-17 18:04:33,137 [pool-227-thread-1] INFO  server.RaftServerConfigKeys (ConfUtils.java:logGet(43)) - raft.server.log.purge.gap = 1000000 (custom)
2019-10-17 18:04:33,137 [pool-217-thread-1] INFO  server.RaftServerConfigKeys (ConfUtils.java:logGet(43)) - raft.server.notification.no-leader.timeout = 120s (custom)
2019-10-17 18:04:33,138 [pool-227-thread-1] INFO  server.RaftServerConfigKeys (ConfUtils.java:logGet(43)) - raft.server.log.appender.buffer.byte-limit = 33554432 (custom)
2019-10-17 18:04:33,137 [pool-207-thread-1] INFO  server.RaftServerConfigKeys (ConfUtils.java:logGet(43)) - raft.server.log.use.memory = false (default)
2019-10-17 18:04:33,138 [pool-227-thread-1] INFO  server.RaftServerConfigKeys (ConfUtils.java:logGet(43)) - raft.server.log.segment.size.max = 1048576 (custom)
2019-10-17 18:04:33,138 [pool-217-thread-1] INFO  server.RaftServerConfigKeys (ConfUtils.java:logGet(43)) - raft.server.log.use.memory = false (default)
2019-10-17 18:04:33,138 [pool-227-thread-1] INFO  server.RaftServerConfigKeys (ConfUtils.java:logGet(43)) - raft.server.log.segment.cache.num.max = 2 (custom)
2019-10-17 18:04:33,138 [pool-207-thread-1] INFO  server.RaftServerConfigKeys (ConfUtils.java:logGet(43)) - raft.server.log.purge.gap = 1000000 (custom)
2019-10-17 18:04:33,138 [pool-227-thread-1] INFO  segmented.SegmentedRaftLogWorker (SegmentedRaftLogWorker.java:<init>(173)) - new e00ac7e0-d602-44c0-a802-bd2c8b4b49af@group-FF985E83A8DC-SegmentedRaftLogWorker for RaftStorage:Storage Directory /workdir/hadoop-ozone/integration-test/target/test-dir/MiniOzoneClusterImpl-4ead1e5d-0753-48ba-be82-f6ca51f96d4f/datanode-2/data/ratis/19f873dd-f4d3-424b-a36d-ff985e83a8dc
2019-10-17 18:04:33,138 [pool-217-thread-1] INFO  server.RaftServerConfigKeys (ConfUtils.java:logGet(43)) - raft.server.log.purge.gap = 1000000 (custom)
2019-10-17 18:04:33,138 [pool-227-thread-1] INFO  server.RaftServerConfigKeys (ConfUtils.java:logGet(43)) - raft.server.log.queue.byte-limit = 2147483647 (custom)
2019-10-17 18:04:33,138 [pool-207-thread-1] INFO  server.RaftServerConfigKeys (ConfUtils.java:logGet(43)) - raft.server.log.appender.buffer.byte-limit = 33554432 (custom)
2019-10-17 18:04:33,139 [pool-227-thread-1] INFO  server.RaftServerConfigKeys (ConfUtils.java:logGet(43)) - raft.server.log.queue.element-limit = 1024 (custom)
2019-10-17 18:04:33,138 [pool-217-thread-1] INFO  server.RaftServerConfigKeys (ConfUtils.java:logGet(43)) - raft.server.log.appender.buffer.byte-limit = 33554432 (custom)
2019-10-17 18:04:33,139 [pool-227-thread-1] INFO  server.RaftServerConfigKeys (ConfUtils.java:logGet(43)) - raft.server.log.segment.size.max = 1048576 (custom)
2019-10-17 18:04:33,139 [pool-207-thread-1] INFO  server.RaftServerConfigKeys (ConfUtils.java:logGet(43)) - raft.server.log.segment.size.max = 1048576 (custom)
2019-10-17 18:04:33,139 [pool-227-thread-1] INFO  server.RaftServerConfigKeys (ConfUtils.java:logGet(43)) - raft.server.log.preallocated.size = 16384 (custom)
2019-10-17 18:04:33,139 [pool-207-thread-1] INFO  server.RaftServerConfigKeys (ConfUtils.java:logGet(43)) - raft.server.log.segment.cache.num.max = 2 (custom)
2019-10-17 18:04:33,139 [pool-217-thread-1] INFO  server.RaftServerConfigKeys (ConfUtils.java:logGet(43)) - raft.server.log.segment.size.max = 1048576 (custom)
2019-10-17 18:04:33,139 [pool-207-thread-1] INFO  segmented.SegmentedRaftLogWorker (SegmentedRaftLogWorker.java:<init>(173)) - new 52d7c564-f7c4-4a63-86b0-c698b024ddc1@group-FF985E83A8DC-SegmentedRaftLogWorker for RaftStorage:Storage Directory /workdir/hadoop-ozone/integration-test/target/test-dir/MiniOzoneClusterImpl-4ead1e5d-0753-48ba-be82-f6ca51f96d4f/datanode-0/data/ratis/19f873dd-f4d3-424b-a36d-ff985e83a8dc
2019-10-17 18:04:33,139 [pool-227-thread-1] INFO  server.RaftServerConfigKeys (ConfUtils.java:logGet(43)) - raft.server.log.write.buffer.size = 33554432 (custom)
2019-10-17 18:04:33,140 [pool-207-thread-1] INFO  server.RaftServerConfigKeys (ConfUtils.java:logGet(43)) - raft.server.log.queue.byte-limit = 2147483647 (custom)
2019-10-17 18:04:33,139 [pool-217-thread-1] INFO  server.RaftServerConfigKeys (ConfUtils.java:logGet(43)) - raft.server.log.segment.cache.num.max = 2 (custom)
2019-10-17 18:04:33,140 [pool-207-thread-1] INFO  server.RaftServerConfigKeys (ConfUtils.java:logGet(43)) - raft.server.log.queue.element-limit = 1024 (custom)
2019-10-17 18:04:33,140 [pool-227-thread-1] INFO  server.RaftServerConfigKeys (ConfUtils.java:logGet(43)) - raft.server.log.force.sync.num = 128 (default)
2019-10-17 18:04:33,140 [pool-207-thread-1] INFO  server.RaftServerConfigKeys (ConfUtils.java:logGet(43)) - raft.server.log.segment.size.max = 1048576 (custom)
2019-10-17 18:04:33,140 [pool-217-thread-1] INFO  segmented.SegmentedRaftLogWorker (SegmentedRaftLogWorker.java:<init>(173)) - new 606a935d-9f77-46fa-b0b1-0fcd8a4203df@group-FF985E83A8DC-SegmentedRaftLogWorker for RaftStorage:Storage Directory /workdir/hadoop-ozone/integration-test/target/test-dir/MiniOzoneClusterImpl-4ead1e5d-0753-48ba-be82-f6ca51f96d4f/datanode-1/data/ratis/19f873dd-f4d3-424b-a36d-ff985e83a8dc
2019-10-17 18:04:33,140 [pool-207-thread-1] INFO  server.RaftServerConfigKeys (ConfUtils.java:logGet(43)) - raft.server.log.preallocated.size = 16384 (custom)
2019-10-17 18:04:33,140 [pool-227-thread-1] INFO  server.RaftServerConfigKeys (ConfUtils.java:logGet(43)) - raft.server.log.statemachine.data.sync = true (default)
2019-10-17 18:04:33,141 [pool-207-thread-1] INFO  server.RaftServerConfigKeys (ConfUtils.java:logGet(43)) - raft.server.log.write.buffer.size = 33554432 (custom)
2019-10-17 18:04:33,140 [pool-217-thread-1] INFO  server.RaftServerConfigKeys (ConfUtils.java:logGet(43)) - raft.server.log.queue.byte-limit = 2147483647 (custom)
2019-10-17 18:04:33,141 [pool-207-thread-1] INFO  server.RaftServerConfigKeys (ConfUtils.java:logGet(43)) - raft.server.log.force.sync.num = 128 (default)
2019-10-17 18:04:33,141 [pool-227-thread-1] INFO  server.RaftServerConfigKeys (ConfUtils.java:logGet(43)) - raft.server.log.statemachine.data.sync.timeout = 10s (default)
2019-10-17 18:04:33,141 [pool-207-thread-1] INFO  server.RaftServerConfigKeys (ConfUtils.java:logGet(43)) - raft.server.log.statemachine.data.sync = true (default)
2019-10-17 18:04:33,141 [pool-217-thread-1] INFO  server.RaftServerConfigKeys (ConfUtils.java:logGet(43)) - raft.server.log.queue.element-limit = 1024 (custom)
2019-10-17 18:04:33,141 [pool-207-thread-1] INFO  server.RaftServerConfigKeys (ConfUtils.java:logGet(43)) - raft.server.log.statemachine.data.sync.timeout = 10s (default)
2019-10-17 18:04:33,141 [pool-227-thread-1] INFO  server.RaftServerConfigKeys (ConfUtils.java:logGet(43)) - raft.server.log.statemachine.data.sync.timeout.retry = -1 (default)
2019-10-17 18:04:33,141 [pool-207-thread-1] INFO  server.RaftServerConfigKeys (ConfUtils.java:logGet(43)) - raft.server.log.statemachine.data.sync.timeout.retry = -1 (default)
2019-10-17 18:04:33,141 [pool-217-thread-1] INFO  server.RaftServerConfigKeys (ConfUtils.java:logGet(43)) - raft.server.log.segment.size.max = 1048576 (custom)
2019-10-17 18:04:33,142 [pool-207-thread-1] INFO  server.RaftServerConfigKeys (ConfUtils.java:logGet(43)) - raft.server.log.statemachine.data.caching.enabled = true (custom)
2019-10-17 18:04:33,142 [pool-227-thread-1] INFO  server.RaftServerConfigKeys (ConfUtils.java:logGet(43)) - raft.server.log.statemachine.data.caching.enabled = true (custom)
2019-10-17 18:04:33,142 [pool-217-thread-1] INFO  server.RaftServerConfigKeys (ConfUtils.java:logGet(43)) - raft.server.log.preallocated.size = 16384 (custom)
2019-10-17 18:04:33,142 [pool-217-thread-1] INFO  server.RaftServerConfigKeys (ConfUtils.java:logGet(43)) - raft.server.log.write.buffer.size = 33554432 (custom)
2019-10-17 18:04:33,142 [pool-207-thread-1] INFO  segmented.SegmentedRaftLogWorker (SegmentedRaftLogWorker.java:lambda$new$0(128)) - 52d7c564-f7c4-4a63-86b0-c698b024ddc1@group-FF985E83A8DC-SegmentedRaftLogWorker: flushIndex: setUnconditionally 0 -> -1
2019-10-17 18:04:33,142 [pool-227-thread-1] INFO  segmented.SegmentedRaftLogWorker (SegmentedRaftLogWorker.java:lambda$new$0(128)) - e00ac7e0-d602-44c0-a802-bd2c8b4b49af@group-FF985E83A8DC-SegmentedRaftLogWorker: flushIndex: setUnconditionally 0 -> -1
2019-10-17 18:04:33,142 [pool-217-thread-1] INFO  server.RaftServerConfigKeys (ConfUtils.java:logGet(43)) - raft.server.log.force.sync.num = 128 (default)
2019-10-17 18:04:33,142 [pool-217-thread-1] INFO  server.RaftServerConfigKeys (ConfUtils.java:logGet(43)) - raft.server.log.statemachine.data.sync = true (default)
2019-10-17 18:04:33,143 [pool-207-thread-1] INFO  server.RaftServerConfigKeys (ConfUtils.java:logGet(43)) - raft.server.snapshot.auto.trigger.enabled = true (custom)
2019-10-17 18:04:33,143 [pool-227-thread-1] INFO  server.RaftServerConfigKeys (ConfUtils.java:logGet(43)) - raft.server.snapshot.auto.trigger.enabled = true (custom)
2019-10-17 18:04:33,143 [pool-217-thread-1] INFO  server.RaftServerConfigKeys (ConfUtils.java:logGet(43)) - raft.server.log.statemachine.data.sync.timeout = 10s (default)
2019-10-17 18:04:33,143 [pool-227-thread-1] INFO  server.RaftServerConfigKeys (ConfUtils.java:logGet(43)) - raft.server.snapshot.auto.trigger.threshold = 10000 (custom)
2019-10-17 18:04:33,143 [pool-207-thread-1] INFO  server.RaftServerConfigKeys (ConfUtils.java:logGet(43)) - raft.server.snapshot.auto.trigger.threshold = 10000 (custom)
2019-10-17 18:04:33,143 [pool-227-thread-1] INFO  server.RaftServerConfigKeys (ConfUtils.java:logGet(43)) - raft.server.snapshot.retention.file.num = 5 (custom)
2019-10-17 18:04:33,143 [pool-217-thread-1] INFO  server.RaftServerConfigKeys (ConfUtils.java:logGet(43)) - raft.server.log.statemachine.data.sync.timeout.retry = -1 (default)
2019-10-17 18:04:33,143 [pool-227-thread-1] INFO  server.RaftServerConfigKeys (ConfUtils.java:logGet(43)) - raft.server.retrycache.expirytime = 600000ms (custom)
2019-10-17 18:04:33,143 [pool-207-thread-1] INFO  server.RaftServerConfigKeys (ConfUtils.java:logGet(43)) - raft.server.snapshot.retention.file.num = 5 (custom)
2019-10-17 18:04:33,143 [pool-217-thread-1] INFO  server.RaftServerConfigKeys (ConfUtils.java:logGet(43)) - raft.server.log.statemachine.data.caching.enabled = true (custom)
2019-10-17 18:04:33,144 [pool-207-thread-1] INFO  server.RaftServerConfigKeys (ConfUtils.java:logGet(43)) - raft.server.retrycache.expirytime = 600000ms (custom)
2019-10-17 18:04:33,144 [pool-217-thread-1] INFO  segmented.SegmentedRaftLogWorker (SegmentedRaftLogWorker.java:lambda$new$0(128)) - 606a935d-9f77-46fa-b0b1-0fcd8a4203df@group-FF985E83A8DC-SegmentedRaftLogWorker: flushIndex: setUnconditionally 0 -> -1
2019-10-17 18:04:33,144 [pool-217-thread-1] INFO  server.RaftServerConfigKeys (ConfUtils.java:logGet(43)) - raft.server.snapshot.auto.trigger.enabled = true (custom)
2019-10-17 18:04:33,144 [pool-217-thread-1] INFO  server.RaftServerConfigKeys (ConfUtils.java:logGet(43)) - raft.server.snapshot.auto.trigger.threshold = 10000 (custom)
2019-10-17 18:04:33,144 [pool-217-thread-1] INFO  server.RaftServerConfigKeys (ConfUtils.java:logGet(43)) - raft.server.snapshot.retention.file.num = 5 (custom)
2019-10-17 18:04:33,144 [pool-217-thread-1] INFO  server.RaftServerConfigKeys (ConfUtils.java:logGet(43)) - raft.server.retrycache.expirytime = 600000ms (custom)
2019-10-17 18:04:33,146 [pool-227-thread-1] INFO  impl.RaftServerImpl (RaftServerImpl.java:start(181)) - e00ac7e0-d602-44c0-a802-bd2c8b4b49af@group-FF985E83A8DC: start as a follower, conf=-1: [e00ac7e0-d602-44c0-a802-bd2c8b4b49af:192.168.34.17:34654, 606a935d-9f77-46fa-b0b1-0fcd8a4203df:192.168.34.17:34980, 52d7c564-f7c4-4a63-86b0-c698b024ddc1:192.168.34.17:35428], old=null
2019-10-17 18:04:33,147 [pool-227-thread-1] INFO  impl.RaftServerImpl (RaftServerImpl.java:setRole(170)) - e00ac7e0-d602-44c0-a802-bd2c8b4b49af@group-FF985E83A8DC: changes role from      null to FOLLOWER at term 0 for startAsFollower
2019-10-17 18:04:33,147 [pool-227-thread-1] INFO  impl.RoleInfo (RoleInfo.java:updateAndGet(143)) - e00ac7e0-d602-44c0-a802-bd2c8b4b49af: start FollowerState
2019-10-17 18:04:33,147 [pool-207-thread-1] INFO  impl.RaftServerImpl (RaftServerImpl.java:start(181)) - 52d7c564-f7c4-4a63-86b0-c698b024ddc1@group-FF985E83A8DC: start as a follower, conf=-1: [e00ac7e0-d602-44c0-a802-bd2c8b4b49af:192.168.34.17:34654, 606a935d-9f77-46fa-b0b1-0fcd8a4203df:192.168.34.17:34980, 52d7c564-f7c4-4a63-86b0-c698b024ddc1:192.168.34.17:35428], old=null
2019-10-17 18:04:33,147 [pool-227-thread-1] INFO  util.JmxRegister (JmxRegister.java:tryRegister(44)) - Successfully registered JMX Bean with object name Ratis:service=RaftServer,group=group-FF985E83A8DC,id=e00ac7e0-d602-44c0-a802-bd2c8b4b49af
2019-10-17 18:04:33,147 [pool-207-thread-1] INFO  impl.RaftServerImpl (RaftServerImpl.java:setRole(170)) - 52d7c564-f7c4-4a63-86b0-c698b024ddc1@group-FF985E83A8DC: changes role from      null to FOLLOWER at term 0 for startAsFollower
2019-10-17 18:04:33,147 [pool-217-thread-1] INFO  impl.RaftServerImpl (RaftServerImpl.java:start(181)) - 606a935d-9f77-46fa-b0b1-0fcd8a4203df@group-FF985E83A8DC: start as a follower, conf=-1: [e00ac7e0-d602-44c0-a802-bd2c8b4b49af:192.168.34.17:34654, 606a935d-9f77-46fa-b0b1-0fcd8a4203df:192.168.34.17:34980, 52d7c564-f7c4-4a63-86b0-c698b024ddc1:192.168.34.17:35428], old=null
2019-10-17 18:04:33,147 [pool-207-thread-1] INFO  impl.RoleInfo (RoleInfo.java:updateAndGet(143)) - 52d7c564-f7c4-4a63-86b0-c698b024ddc1: start FollowerState
2019-10-17 18:04:33,147 [pool-217-thread-1] INFO  impl.RaftServerImpl (RaftServerImpl.java:setRole(170)) - 606a935d-9f77-46fa-b0b1-0fcd8a4203df@group-FF985E83A8DC: changes role from      null to FOLLOWER at term 0 for startAsFollower
2019-10-17 18:04:33,148 [pool-217-thread-1] INFO  impl.RoleInfo (RoleInfo.java:updateAndGet(143)) - 606a935d-9f77-46fa-b0b1-0fcd8a4203df: start FollowerState
2019-10-17 18:04:33,148 [pool-207-thread-1] INFO  util.JmxRegister (JmxRegister.java:tryRegister(44)) - Successfully registered JMX Bean with object name Ratis:service=RaftServer,group=group-FF985E83A8DC,id=52d7c564-f7c4-4a63-86b0-c698b024ddc1
2019-10-17 18:04:33,148 [pool-217-thread-1] INFO  util.JmxRegister (JmxRegister.java:tryRegister(44)) - Successfully registered JMX Bean with object name Ratis:service=RaftServer,group=group-FF985E83A8DC,id=606a935d-9f77-46fa-b0b1-0fcd8a4203df
2019-10-17 18:04:33,159 [RatisPipelineUtilsThread] INFO  pipeline.PipelineStateManager (PipelineStateManager.java:addPipeline(56)) - Created pipeline Pipeline[ Id: 19f873dd-f4d3-424b-a36d-ff985e83a8dc, Nodes: e00ac7e0-d602-44c0-a802-bd2c8b4b49af{ip: 192.168.34.17, host: pr-hdds-2240-zn58d-574671676, networkLocation: /default-rack, certSerialId: null}52d7c564-f7c4-4a63-86b0-c698b024ddc1{ip: 192.168.34.17, host: pr-hdds-2240-zn58d-574671676, networkLocation: /default-rack, certSerialId: null}606a935d-9f77-46fa-b0b1-0fcd8a4203df{ip: 192.168.34.17, host: pr-hdds-2240-zn58d-574671676, networkLocation: /default-rack, certSerialId: null}, Type:RATIS, Factor:THREE, State:OPEN]
2019-10-17 18:04:33,847 [main] INFO  ozone.MiniOzoneClusterImpl (MiniOzoneClusterImpl.java:lambda$waitForClusterToBeReady$0(147)) - Cluster is ready. Got 7 of 7 DN Heartbeats.
2019-10-17 18:04:33,876 [main] INFO  rpc.RpcClient (RpcClient.java:createVolume(273)) - Creating Volume: watchforcommithandlingtest, with jenkins1000 as owner.
2019-10-17 18:04:33,880 [IPC Server handler 2 on 46361] INFO  volume.OMVolumeCreateRequest (OMVolumeCreateRequest.java:validateAndUpdateCache(193)) - created volume:watchforcommithandlingtest for user:jenkins1000
2019-10-17 18:04:33,889 [main] INFO  rpc.RpcClient (RpcClient.java:createBucket(412)) - Creating Bucket: watchforcommithandlingtest/watchforcommithandlingtest, with Versioning false and Storage Type set to DISK and Encryption set to false 
2019-10-17 18:04:33,893 [main] INFO  ozone.MiniOzoneClusterImpl (MiniOzoneClusterImpl.java:getStorageContainerLocationClient(234)) - Creating StorageContainerLocationProtocol RPC client with address /0.0.0.0:33789
2019-10-17 18:04:35,388 [Thread-1446] INFO  container.ReplicationManager (ReplicationManager.java:start(162)) - Starting Replication Monitor Thread.
2019-10-17 18:04:35,392 [ReplicationMonitor] INFO  container.ReplicationManager (ReplicationManager.java:run(225)) - Replication Monitor Thread took 1 milliseconds for processing 1 containers.
2019-10-17 18:04:37,565 [Thread-1448] INFO  impl.FollowerState (FollowerState.java:run(108)) - 52d7c564-f7c4-4a63-86b0-c698b024ddc1@group-225FB7F2C316-FollowerState: change to CANDIDATE, lastRpcTime:5093ms, electionTimeout:5093ms
2019-10-17 18:04:37,565 [Thread-1448] INFO  impl.RoleInfo (RoleInfo.java:shutdownFollowerState(121)) - 52d7c564-f7c4-4a63-86b0-c698b024ddc1: shutdown FollowerState
2019-10-17 18:04:37,566 [Thread-1448] INFO  impl.RaftServerImpl (RaftServerImpl.java:setRole(170)) - 52d7c564-f7c4-4a63-86b0-c698b024ddc1@group-225FB7F2C316: changes role from  FOLLOWER to CANDIDATE at term 0 for changeToCandidate
2019-10-17 18:04:37,566 [Thread-1448] INFO  impl.RoleInfo (RoleInfo.java:updateAndGet(143)) - 52d7c564-f7c4-4a63-86b0-c698b024ddc1: start LeaderElection
2019-10-17 18:04:37,651 [52d7c564-f7c4-4a63-86b0-c698b024ddc1@group-225FB7F2C316-LeaderElection55] INFO  impl.LeaderElection (LeaderElection.java:askForVotes(178)) - 52d7c564-f7c4-4a63-86b0-c698b024ddc1@group-225FB7F2C316-LeaderElection55: begin an election at term 1 for -1: [52d7c564-f7c4-4a63-86b0-c698b024ddc1:192.168.34.17:35428], old=null
2019-10-17 18:04:37,652 [52d7c564-f7c4-4a63-86b0-c698b024ddc1@group-225FB7F2C316-LeaderElection55] INFO  impl.RoleInfo (RoleInfo.java:shutdownLeaderElection(134)) - 52d7c564-f7c4-4a63-86b0-c698b024ddc1: shutdown LeaderElection
2019-10-17 18:04:37,652 [52d7c564-f7c4-4a63-86b0-c698b024ddc1@group-225FB7F2C316-LeaderElection55] INFO  impl.RaftServerImpl (RaftServerImpl.java:setRole(170)) - 52d7c564-f7c4-4a63-86b0-c698b024ddc1@group-225FB7F2C316: changes role from CANDIDATE to LEADER at term 1 for changeToLeader
2019-10-17 18:04:37,652 [52d7c564-f7c4-4a63-86b0-c698b024ddc1@group-225FB7F2C316-LeaderElection55] INFO  impl.RaftServerImpl (ServerState.java:setLeader(255)) - 52d7c564-f7c4-4a63-86b0-c698b024ddc1@group-225FB7F2C316: change Leader from null to 52d7c564-f7c4-4a63-86b0-c698b024ddc1 at term 1 for becomeLeader, leader elected after 5189ms
2019-10-17 18:04:37,652 [52d7c564-f7c4-4a63-86b0-c698b024ddc1@group-225FB7F2C316-LeaderElection55] INFO  server.RaftServerConfigKeys (ConfUtils.java:logGet(43)) - raft.server.staging.catchup.gap = 1000 (default)
2019-10-17 18:04:37,652 [52d7c564-f7c4-4a63-86b0-c698b024ddc1@group-225FB7F2C316-LeaderElection55] INFO  server.RaftServerConfigKeys (ConfUtils.java:logGet(43)) - raft.server.rpc.sleep.time = 25ms (default)
2019-10-17 18:04:37,653 [52d7c564-f7c4-4a63-86b0-c698b024ddc1@group-225FB7F2C316-LeaderElection55] INFO  server.RaftServerConfigKeys (ConfUtils.java:logGet(43)) - raft.server.write.element-limit = 4096 (default)
2019-10-17 18:04:37,653 [52d7c564-f7c4-4a63-86b0-c698b024ddc1@group-225FB7F2C316-LeaderElection55] INFO  server.RaftServerConfigKeys (ConfUtils.java:logGet(43)) - raft.server.watch.timeout = 10s (default)
2019-10-17 18:04:37,653 [52d7c564-f7c4-4a63-86b0-c698b024ddc1@group-225FB7F2C316-LeaderElection55] INFO  server.RaftServerConfigKeys (ConfUtils.java:logGet(43)) - raft.server.watch.timeout.denomination = 1s (default)
2019-10-17 18:04:37,653 [52d7c564-f7c4-4a63-86b0-c698b024ddc1@group-225FB7F2C316-LeaderElection55] INFO  server.RaftServerConfigKeys (ConfUtils.java:logGet(43)) - raft.server.watch.element-limit = 65536 (default)
2019-10-17 18:04:37,656 [52d7c564-f7c4-4a63-86b0-c698b024ddc1@group-225FB7F2C316-LeaderElection55] INFO  impl.RoleInfo (RoleInfo.java:updateAndGet(143)) - 52d7c564-f7c4-4a63-86b0-c698b024ddc1: start LeaderState
2019-10-17 18:04:37,657 [52d7c564-f7c4-4a63-86b0-c698b024ddc1@group-225FB7F2C316-LeaderElection55] INFO  segmented.SegmentedRaftLogWorker (SegmentedRaftLogWorker.java:startLogSegment(385)) - 52d7c564-f7c4-4a63-86b0-c698b024ddc1@group-225FB7F2C316-SegmentedRaftLogWorker: Starting segment from index:0
2019-10-17 18:04:37,658 [52d7c564-f7c4-4a63-86b0-c698b024ddc1@group-225FB7F2C316-LeaderElection55] INFO  impl.RaftServerImpl (ServerState.java:setRaftConf(356)) - 52d7c564-f7c4-4a63-86b0-c698b024ddc1@group-225FB7F2C316: set configuration 0: [52d7c564-f7c4-4a63-86b0-c698b024ddc1:192.168.34.17:35428], old=null at 0
2019-10-17 18:04:37,727 [52d7c564-f7c4-4a63-86b0-c698b024ddc1@group-225FB7F2C316-SegmentedRaftLogWorker] INFO  segmented.SegmentedRaftLogWorker (SegmentedRaftLogWorker.java:execute(574)) - 52d7c564-f7c4-4a63-86b0-c698b024ddc1@group-225FB7F2C316-SegmentedRaftLogWorker: created new log segment /workdir/hadoop-ozone/integration-test/target/test-dir/MiniOzoneClusterImpl-4ead1e5d-0753-48ba-be82-f6ca51f96d4f/datanode-0/data/ratis/c9debfa9-0aad-4f41-849d-225fb7f2c316/current/log_inprogress_0
2019-10-17 18:04:37,746 [Thread-1457] INFO  impl.FollowerState (FollowerState.java:run(108)) - 4f6f313f-9acb-4698-ba57-b0b4f44bfacb@group-2E237A021B2E-FollowerState: change to CANDIDATE, lastRpcTime:5032ms, electionTimeout:5032ms
2019-10-17 18:04:37,746 [Thread-1457] INFO  impl.RoleInfo (RoleInfo.java:shutdownFollowerState(121)) - 4f6f313f-9acb-4698-ba57-b0b4f44bfacb: shutdown FollowerState
2019-10-17 18:04:37,746 [Thread-1457] INFO  impl.RaftServerImpl (RaftServerImpl.java:setRole(170)) - 4f6f313f-9acb-4698-ba57-b0b4f44bfacb@group-2E237A021B2E: changes role from  FOLLOWER to CANDIDATE at term 0 for changeToCandidate
2019-10-17 18:04:37,746 [Thread-1457] INFO  impl.RoleInfo (RoleInfo.java:updateAndGet(143)) - 4f6f313f-9acb-4698-ba57-b0b4f44bfacb: start LeaderElection
2019-10-17 18:04:37,765 [Thread-1451] INFO  impl.FollowerState (FollowerState.java:run(108)) - 606a935d-9f77-46fa-b0b1-0fcd8a4203df@group-68464CBD0852-FollowerState: change to CANDIDATE, lastRpcTime:5190ms, electionTimeout:5190ms
2019-10-17 18:04:37,765 [Thread-1451] INFO  impl.RoleInfo (RoleInfo.java:shutdownFollowerState(121)) - 606a935d-9f77-46fa-b0b1-0fcd8a4203df: shutdown FollowerState
2019-10-17 18:04:37,765 [Thread-1451] INFO  impl.RaftServerImpl (RaftServerImpl.java:setRole(170)) - 606a935d-9f77-46fa-b0b1-0fcd8a4203df@group-68464CBD0852: changes role from  FOLLOWER to CANDIDATE at term 0 for changeToCandidate
2019-10-17 18:04:37,765 [Thread-1451] INFO  impl.RoleInfo (RoleInfo.java:updateAndGet(143)) - 606a935d-9f77-46fa-b0b1-0fcd8a4203df: start LeaderElection
2019-10-17 18:04:37,771 [4f6f313f-9acb-4698-ba57-b0b4f44bfacb@group-2E237A021B2E-LeaderElection56] INFO  impl.LeaderElection (LeaderElection.java:askForVotes(178)) - 4f6f313f-9acb-4698-ba57-b0b4f44bfacb@group-2E237A021B2E-LeaderElection56: begin an election at term 1 for -1: [4f6f313f-9acb-4698-ba57-b0b4f44bfacb:192.168.34.17:42803], old=null
2019-10-17 18:04:37,772 [4f6f313f-9acb-4698-ba57-b0b4f44bfacb@group-2E237A021B2E-LeaderElection56] INFO  impl.RoleInfo (RoleInfo.java:shutdownLeaderElection(134)) - 4f6f313f-9acb-4698-ba57-b0b4f44bfacb: shutdown LeaderElection
2019-10-17 18:04:37,772 [4f6f313f-9acb-4698-ba57-b0b4f44bfacb@group-2E237A021B2E-LeaderElection56] INFO  impl.RaftServerImpl (RaftServerImpl.java:setRole(170)) - 4f6f313f-9acb-4698-ba57-b0b4f44bfacb@group-2E237A021B2E: changes role from CANDIDATE to LEADER at term 1 for changeToLeader
2019-10-17 18:04:37,772 [4f6f313f-9acb-4698-ba57-b0b4f44bfacb@group-2E237A021B2E-LeaderElection56] INFO  impl.RaftServerImpl (ServerState.java:setLeader(255)) - 4f6f313f-9acb-4698-ba57-b0b4f44bfacb@group-2E237A021B2E: change Leader from null to 4f6f313f-9acb-4698-ba57-b0b4f44bfacb at term 1 for becomeLeader, leader elected after 5065ms
2019-10-17 18:04:37,772 [4f6f313f-9acb-4698-ba57-b0b4f44bfacb@group-2E237A021B2E-LeaderElection56] INFO  server.RaftServerConfigKeys (ConfUtils.java:logGet(43)) - raft.server.staging.catchup.gap = 1000 (default)
2019-10-17 18:04:37,772 [606a935d-9f77-46fa-b0b1-0fcd8a4203df@group-68464CBD0852-LeaderElection57] INFO  impl.LeaderElection (LeaderElection.java:askForVotes(178)) - 606a935d-9f77-46fa-b0b1-0fcd8a4203df@group-68464CBD0852-LeaderElection57: begin an election at term 1 for -1: [606a935d-9f77-46fa-b0b1-0fcd8a4203df:192.168.34.17:34980], old=null
2019-10-17 18:04:37,772 [4f6f313f-9acb-4698-ba57-b0b4f44bfacb@group-2E237A021B2E-LeaderElection56] INFO  server.RaftServerConfigKeys (ConfUtils.java:logGet(43)) - raft.server.rpc.sleep.time = 25ms (default)
2019-10-17 18:04:37,772 [606a935d-9f77-46fa-b0b1-0fcd8a4203df@group-68464CBD0852-LeaderElection57] INFO  impl.RoleInfo (RoleInfo.java:shutdownLeaderElection(134)) - 606a935d-9f77-46fa-b0b1-0fcd8a4203df: shutdown LeaderElection
2019-10-17 18:04:37,773 [4f6f313f-9acb-4698-ba57-b0b4f44bfacb@group-2E237A021B2E-LeaderElection56] INFO  server.RaftServerConfigKeys (ConfUtils.java:logGet(43)) - raft.server.write.element-limit = 4096 (default)
2019-10-17 18:04:37,773 [606a935d-9f77-46fa-b0b1-0fcd8a4203df@group-68464CBD0852-LeaderElection57] INFO  impl.RaftServerImpl (RaftServerImpl.java:setRole(170)) - 606a935d-9f77-46fa-b0b1-0fcd8a4203df@group-68464CBD0852: changes role from CANDIDATE to LEADER at term 1 for changeToLeader
2019-10-17 18:04:37,773 [4f6f313f-9acb-4698-ba57-b0b4f44bfacb@group-2E237A021B2E-LeaderElection56] INFO  server.RaftServerConfigKeys (ConfUtils.java:logGet(43)) - raft.server.watch.timeout = 10s (default)
2019-10-17 18:04:37,773 [606a935d-9f77-46fa-b0b1-0fcd8a4203df@group-68464CBD0852-LeaderElection57] INFO  impl.RaftServerImpl (ServerState.java:setLeader(255)) - 606a935d-9f77-46fa-b0b1-0fcd8a4203df@group-68464CBD0852: change Leader from null to 606a935d-9f77-46fa-b0b1-0fcd8a4203df at term 1 for becomeLeader, leader elected after 5209ms
2019-10-17 18:04:37,773 [4f6f313f-9acb-4698-ba57-b0b4f44bfacb@group-2E237A021B2E-LeaderElection56] INFO  server.RaftServerConfigKeys (ConfUtils.java:logGet(43)) - raft.server.watch.timeout.denomination = 1s (default)
2019-10-17 18:04:37,773 [606a935d-9f77-46fa-b0b1-0fcd8a4203df@group-68464CBD0852-LeaderElection57] INFO  server.RaftServerConfigKeys (ConfUtils.java:logGet(43)) - raft.server.staging.catchup.gap = 1000 (default)
2019-10-17 18:04:37,773 [4f6f313f-9acb-4698-ba57-b0b4f44bfacb@group-2E237A021B2E-LeaderElection56] INFO  server.RaftServerConfigKeys (ConfUtils.java:logGet(43)) - raft.server.watch.element-limit = 65536 (default)
2019-10-17 18:04:37,773 [606a935d-9f77-46fa-b0b1-0fcd8a4203df@group-68464CBD0852-LeaderElection57] INFO  server.RaftServerConfigKeys (ConfUtils.java:logGet(43)) - raft.server.rpc.sleep.time = 25ms (default)
2019-10-17 18:04:37,774 [606a935d-9f77-46fa-b0b1-0fcd8a4203df@group-68464CBD0852-LeaderElection57] INFO  server.RaftServerConfigKeys (ConfUtils.java:logGet(43)) - raft.server.write.element-limit = 4096 (default)
2019-10-17 18:04:37,774 [606a935d-9f77-46fa-b0b1-0fcd8a4203df@group-68464CBD0852-LeaderElection57] INFO  server.RaftServerConfigKeys (ConfUtils.java:logGet(43)) - raft.server.watch.timeout = 10s (default)
2019-10-17 18:04:37,774 [606a935d-9f77-46fa-b0b1-0fcd8a4203df@group-68464CBD0852-LeaderElection57] INFO  server.RaftServerConfigKeys (ConfUtils.java:logGet(43)) - raft.server.watch.timeout.denomination = 1s (default)
2019-10-17 18:04:37,774 [606a935d-9f77-46fa-b0b1-0fcd8a4203df@group-68464CBD0852-LeaderElection57] INFO  server.RaftServerConfigKeys (ConfUtils.java:logGet(43)) - raft.server.watch.element-limit = 65536 (default)
2019-10-17 18:04:37,776 [4f6f313f-9acb-4698-ba57-b0b4f44bfacb@group-2E237A021B2E-LeaderElection56] INFO  impl.RoleInfo (RoleInfo.java:updateAndGet(143)) - 4f6f313f-9acb-4698-ba57-b0b4f44bfacb: start LeaderState
2019-10-17 18:04:37,777 [4f6f313f-9acb-4698-ba57-b0b4f44bfacb@group-2E237A021B2E-LeaderElection56] INFO  segmented.SegmentedRaftLogWorker (SegmentedRaftLogWorker.java:startLogSegment(385)) - 4f6f313f-9acb-4698-ba57-b0b4f44bfacb@group-2E237A021B2E-SegmentedRaftLogWorker: Starting segment from index:0
2019-10-17 18:04:37,777 [606a935d-9f77-46fa-b0b1-0fcd8a4203df@group-68464CBD0852-LeaderElection57] INFO  impl.RoleInfo (RoleInfo.java:updateAndGet(143)) - 606a935d-9f77-46fa-b0b1-0fcd8a4203df: start LeaderState
2019-10-17 18:04:37,777 [606a935d-9f77-46fa-b0b1-0fcd8a4203df@group-68464CBD0852-LeaderElection57] INFO  segmented.SegmentedRaftLogWorker (SegmentedRaftLogWorker.java:startLogSegment(385)) - 606a935d-9f77-46fa-b0b1-0fcd8a4203df@group-68464CBD0852-SegmentedRaftLogWorker: Starting segment from index:0
2019-10-17 18:04:37,777 [4f6f313f-9acb-4698-ba57-b0b4f44bfacb@group-2E237A021B2E-LeaderElection56] INFO  impl.RaftServerImpl (ServerState.java:setRaftConf(356)) - 4f6f313f-9acb-4698-ba57-b0b4f44bfacb@group-2E237A021B2E: set configuration 0: [4f6f313f-9acb-4698-ba57-b0b4f44bfacb:192.168.34.17:42803], old=null at 0
2019-10-17 18:04:37,778 [606a935d-9f77-46fa-b0b1-0fcd8a4203df@group-68464CBD0852-LeaderElection57] INFO  impl.RaftServerImpl (ServerState.java:setRaftConf(356)) - 606a935d-9f77-46fa-b0b1-0fcd8a4203df@group-68464CBD0852: set configuration 0: [606a935d-9f77-46fa-b0b1-0fcd8a4203df:192.168.34.17:34980], old=null at 0
2019-10-17 18:04:37,782 [Thread-1454] INFO  impl.FollowerState (FollowerState.java:run(108)) - e00ac7e0-d602-44c0-a802-bd2c8b4b49af@group-DB97A62CAADB-FollowerState: change to CANDIDATE, lastRpcTime:5134ms, electionTimeout:5134ms
2019-10-17 18:04:37,782 [Thread-1454] INFO  impl.RoleInfo (RoleInfo.java:shutdownFollowerState(121)) - e00ac7e0-d602-44c0-a802-bd2c8b4b49af: shutdown FollowerState
2019-10-17 18:04:37,782 [Thread-1454] INFO  impl.RaftServerImpl (RaftServerImpl.java:setRole(170)) - e00ac7e0-d602-44c0-a802-bd2c8b4b49af@group-DB97A62CAADB: changes role from  FOLLOWER to CANDIDATE at term 0 for changeToCandidate
2019-10-17 18:04:37,782 [Thread-1454] INFO  impl.RoleInfo (RoleInfo.java:updateAndGet(143)) - e00ac7e0-d602-44c0-a802-bd2c8b4b49af: start LeaderElection
2019-10-17 18:04:37,822 [Thread-1460] INFO  impl.FollowerState (FollowerState.java:run(108)) - 63777e77-57d7-4aa2-865e-9d3763133720@group-241640713AE7-FollowerState: change to CANDIDATE, lastRpcTime:5034ms, electionTimeout:5034ms
2019-10-17 18:04:37,822 [Thread-1460] INFO  impl.RoleInfo (RoleInfo.java:shutdownFollowerState(121)) - 63777e77-57d7-4aa2-865e-9d3763133720: shutdown FollowerState
2019-10-17 18:04:37,822 [Thread-1460] INFO  impl.RaftServerImpl (RaftServerImpl.java:setRole(170)) - 63777e77-57d7-4aa2-865e-9d3763133720@group-241640713AE7: changes role from  FOLLOWER to CANDIDATE at term 0 for changeToCandidate
2019-10-17 18:04:37,823 [Thread-1460] INFO  impl.RoleInfo (RoleInfo.java:updateAndGet(143)) - 63777e77-57d7-4aa2-865e-9d3763133720: start LeaderElection
2019-10-17 18:04:37,841 [606a935d-9f77-46fa-b0b1-0fcd8a4203df@group-68464CBD0852-SegmentedRaftLogWorker] INFO  segmented.SegmentedRaftLogWorker (SegmentedRaftLogWorker.java:execute(574)) - 606a935d-9f77-46fa-b0b1-0fcd8a4203df@group-68464CBD0852-SegmentedRaftLogWorker: created new log segment /workdir/hadoop-ozone/integration-test/target/test-dir/MiniOzoneClusterImpl-4ead1e5d-0753-48ba-be82-f6ca51f96d4f/datanode-1/data/ratis/75c429dc-46fd-4191-aee8-68464cbd0852/current/log_inprogress_0
2019-10-17 18:04:37,841 [63777e77-57d7-4aa2-865e-9d3763133720@group-241640713AE7-LeaderElection59] INFO  impl.LeaderElection (LeaderElection.java:askForVotes(178)) - 63777e77-57d7-4aa2-865e-9d3763133720@group-241640713AE7-LeaderElection59: begin an election at term 1 for -1: [63777e77-57d7-4aa2-865e-9d3763133720:192.168.34.17:38594], old=null
2019-10-17 18:04:37,842 [e00ac7e0-d602-44c0-a802-bd2c8b4b49af@group-DB97A62CAADB-LeaderElection58] INFO  impl.LeaderElection (LeaderElection.java:askForVotes(178)) - e00ac7e0-d602-44c0-a802-bd2c8b4b49af@group-DB97A62CAADB-LeaderElection58: begin an election at term 1 for -1: [e00ac7e0-d602-44c0-a802-bd2c8b4b49af:192.168.34.17:34654], old=null
2019-10-17 18:04:37,841 [4f6f313f-9acb-4698-ba57-b0b4f44bfacb@group-2E237A021B2E-SegmentedRaftLogWorker] INFO  segmented.SegmentedRaftLogWorker (SegmentedRaftLogWorker.java:execute(574)) - 4f6f313f-9acb-4698-ba57-b0b4f44bfacb@group-2E237A021B2E-SegmentedRaftLogWorker: created new log segment /workdir/hadoop-ozone/integration-test/target/test-dir/MiniOzoneClusterImpl-4ead1e5d-0753-48ba-be82-f6ca51f96d4f/datanode-3/data/ratis/3390e886-54cd-403c-ac8c-2e237a021b2e/current/log_inprogress_0
2019-10-17 18:04:37,842 [e00ac7e0-d602-44c0-a802-bd2c8b4b49af@group-DB97A62CAADB-LeaderElection58] INFO  impl.RoleInfo (RoleInfo.java:shutdownLeaderElection(134)) - e00ac7e0-d602-44c0-a802-bd2c8b4b49af: shutdown LeaderElection
2019-10-17 18:04:37,842 [63777e77-57d7-4aa2-865e-9d3763133720@group-241640713AE7-LeaderElection59] INFO  impl.RoleInfo (RoleInfo.java:shutdownLeaderElection(134)) - 63777e77-57d7-4aa2-865e-9d3763133720: shutdown LeaderElection
2019-10-17 18:04:37,842 [e00ac7e0-d602-44c0-a802-bd2c8b4b49af@group-DB97A62CAADB-LeaderElection58] INFO  impl.RaftServerImpl (RaftServerImpl.java:setRole(170)) - e00ac7e0-d602-44c0-a802-bd2c8b4b49af@group-DB97A62CAADB: changes role from CANDIDATE to LEADER at term 1 for changeToLeader
2019-10-17 18:04:37,842 [63777e77-57d7-4aa2-865e-9d3763133720@group-241640713AE7-LeaderElection59] INFO  impl.RaftServerImpl (RaftServerImpl.java:setRole(170)) - 63777e77-57d7-4aa2-865e-9d3763133720@group-241640713AE7: changes role from CANDIDATE to LEADER at term 1 for changeToLeader
2019-10-17 18:04:37,842 [e00ac7e0-d602-44c0-a802-bd2c8b4b49af@group-DB97A62CAADB-LeaderElection58] INFO  impl.RaftServerImpl (ServerState.java:setLeader(255)) - e00ac7e0-d602-44c0-a802-bd2c8b4b49af@group-DB97A62CAADB: change Leader from null to e00ac7e0-d602-44c0-a802-bd2c8b4b49af at term 1 for becomeLeader, leader elected after 5202ms
2019-10-17 18:04:37,842 [63777e77-57d7-4aa2-865e-9d3763133720@group-241640713AE7-LeaderElection59] INFO  impl.RaftServerImpl (ServerState.java:setLeader(255)) - 63777e77-57d7-4aa2-865e-9d3763133720@group-241640713AE7: change Leader from null to 63777e77-57d7-4aa2-865e-9d3763133720 at term 1 for becomeLeader, leader elected after 5059ms
2019-10-17 18:04:37,843 [e00ac7e0-d602-44c0-a802-bd2c8b4b49af@group-DB97A62CAADB-LeaderElection58] INFO  server.RaftServerConfigKeys (ConfUtils.java:logGet(43)) - raft.server.staging.catchup.gap = 1000 (default)
2019-10-17 18:04:37,843 [63777e77-57d7-4aa2-865e-9d3763133720@group-241640713AE7-LeaderElection59] INFO  server.RaftServerConfigKeys (ConfUtils.java:logGet(43)) - raft.server.staging.catchup.gap = 1000 (default)
2019-10-17 18:04:37,843 [e00ac7e0-d602-44c0-a802-bd2c8b4b49af@group-DB97A62CAADB-LeaderElection58] INFO  server.RaftServerConfigKeys (ConfUtils.java:logGet(43)) - raft.server.rpc.sleep.time = 25ms (default)
2019-10-17 18:04:37,843 [63777e77-57d7-4aa2-865e-9d3763133720@group-241640713AE7-LeaderElection59] INFO  server.RaftServerConfigKeys (ConfUtils.java:logGet(43)) - raft.server.rpc.sleep.time = 25ms (default)
2019-10-17 18:04:37,843 [e00ac7e0-d602-44c0-a802-bd2c8b4b49af@group-DB97A62CAADB-LeaderElection58] INFO  server.RaftServerConfigKeys (ConfUtils.java:logGet(43)) - raft.server.write.element-limit = 4096 (default)
2019-10-17 18:04:37,843 [63777e77-57d7-4aa2-865e-9d3763133720@group-241640713AE7-LeaderElection59] INFO  server.RaftServerConfigKeys (ConfUtils.java:logGet(43)) - raft.server.write.element-limit = 4096 (default)
2019-10-17 18:04:37,843 [e00ac7e0-d602-44c0-a802-bd2c8b4b49af@group-DB97A62CAADB-LeaderElection58] INFO  server.RaftServerConfigKeys (ConfUtils.java:logGet(43)) - raft.server.watch.timeout = 10s (default)
2019-10-17 18:04:37,844 [63777e77-57d7-4aa2-865e-9d3763133720@group-241640713AE7-LeaderElection59] INFO  server.RaftServerConfigKeys (ConfUtils.java:logGet(43)) - raft.server.watch.timeout = 10s (default)
2019-10-17 18:04:37,844 [e00ac7e0-d602-44c0-a802-bd2c8b4b49af@group-DB97A62CAADB-LeaderElection58] INFO  server.RaftServerConfigKeys (ConfUtils.java:logGet(43)) - raft.server.watch.timeout.denomination = 1s (default)
2019-10-17 18:04:37,844 [63777e77-57d7-4aa2-865e-9d3763133720@group-241640713AE7-LeaderElection59] INFO  server.RaftServerConfigKeys (ConfUtils.java:logGet(43)) - raft.server.watch.timeout.denomination = 1s (default)
2019-10-17 18:04:37,844 [e00ac7e0-d602-44c0-a802-bd2c8b4b49af@group-DB97A62CAADB-LeaderElection58] INFO  server.RaftServerConfigKeys (ConfUtils.java:logGet(43)) - raft.server.watch.element-limit = 65536 (default)
2019-10-17 18:04:37,844 [63777e77-57d7-4aa2-865e-9d3763133720@group-241640713AE7-LeaderElection59] INFO  server.RaftServerConfigKeys (ConfUtils.java:logGet(43)) - raft.server.watch.element-limit = 65536 (default)
2019-10-17 18:04:37,847 [e00ac7e0-d602-44c0-a802-bd2c8b4b49af@group-DB97A62CAADB-LeaderElection58] INFO  impl.RoleInfo (RoleInfo.java:updateAndGet(143)) - e00ac7e0-d602-44c0-a802-bd2c8b4b49af: start LeaderState
2019-10-17 18:04:37,848 [63777e77-57d7-4aa2-865e-9d3763133720@group-241640713AE7-LeaderElection59] INFO  impl.RoleInfo (RoleInfo.java:updateAndGet(143)) - 63777e77-57d7-4aa2-865e-9d3763133720: start LeaderState
2019-10-17 18:04:37,848 [e00ac7e0-d602-44c0-a802-bd2c8b4b49af@group-DB97A62CAADB-LeaderElection58] INFO  segmented.SegmentedRaftLogWorker (SegmentedRaftLogWorker.java:startLogSegment(385)) - e00ac7e0-d602-44c0-a802-bd2c8b4b49af@group-DB97A62CAADB-SegmentedRaftLogWorker: Starting segment from index:0
2019-10-17 18:04:37,848 [63777e77-57d7-4aa2-865e-9d3763133720@group-241640713AE7-LeaderElection59] INFO  segmented.SegmentedRaftLogWorker (SegmentedRaftLogWorker.java:startLogSegment(385)) - 63777e77-57d7-4aa2-865e-9d3763133720@group-241640713AE7-SegmentedRaftLogWorker: Starting segment from index:0
2019-10-17 18:04:37,848 [e00ac7e0-d602-44c0-a802-bd2c8b4b49af@group-DB97A62CAADB-LeaderElection58] INFO  impl.RaftServerImpl (ServerState.java:setRaftConf(356)) - e00ac7e0-d602-44c0-a802-bd2c8b4b49af@group-DB97A62CAADB: set configuration 0: [e00ac7e0-d602-44c0-a802-bd2c8b4b49af:192.168.34.17:34654], old=null at 0
2019-10-17 18:04:37,848 [63777e77-57d7-4aa2-865e-9d3763133720@group-241640713AE7-LeaderElection59] INFO  impl.RaftServerImpl (ServerState.java:setRaftConf(356)) - 63777e77-57d7-4aa2-865e-9d3763133720@group-241640713AE7: set configuration 0: [63777e77-57d7-4aa2-865e-9d3763133720:192.168.34.17:38594], old=null at 0
2019-10-17 18:04:37,894 [e00ac7e0-d602-44c0-a802-bd2c8b4b49af@group-DB97A62CAADB-SegmentedRaftLogWorker] INFO  segmented.SegmentedRaftLogWorker (SegmentedRaftLogWorker.java:execute(574)) - e00ac7e0-d602-44c0-a802-bd2c8b4b49af@group-DB97A62CAADB-SegmentedRaftLogWorker: created new log segment /workdir/hadoop-ozone/integration-test/target/test-dir/MiniOzoneClusterImpl-4ead1e5d-0753-48ba-be82-f6ca51f96d4f/datanode-2/data/ratis/db0da03e-b39e-45ef-9ad8-db97a62caadb/current/log_inprogress_0
2019-10-17 18:04:37,894 [63777e77-57d7-4aa2-865e-9d3763133720@group-241640713AE7-SegmentedRaftLogWorker] INFO  segmented.SegmentedRaftLogWorker (SegmentedRaftLogWorker.java:execute(574)) - 63777e77-57d7-4aa2-865e-9d3763133720@group-241640713AE7-SegmentedRaftLogWorker: created new log segment /workdir/hadoop-ozone/integration-test/target/test-dir/MiniOzoneClusterImpl-4ead1e5d-0753-48ba-be82-f6ca51f96d4f/datanode-4/data/ratis/75088228-0d1a-4c4a-aa60-241640713ae7/current/log_inprogress_0
2019-10-17 18:04:38,008 [Thread-1463] INFO  impl.FollowerState (FollowerState.java:run(108)) - 66c05cec-4c2d-4482-b9d3-1a6ddd4b84d7@group-FEC060E76E11-FollowerState: change to CANDIDATE, lastRpcTime:5133ms, electionTimeout:5130ms
2019-10-17 18:04:38,008 [Thread-1463] INFO  impl.RoleInfo (RoleInfo.java:shutdownFollowerState(121)) - 66c05cec-4c2d-4482-b9d3-1a6ddd4b84d7: shutdown FollowerState
2019-10-17 18:04:38,008 [Thread-1463] INFO  impl.RaftServerImpl (RaftServerImpl.java:setRole(170)) - 66c05cec-4c2d-4482-b9d3-1a6ddd4b84d7@group-FEC060E76E11: changes role from  FOLLOWER to CANDIDATE at term 0 for changeToCandidate
2019-10-17 18:04:38,009 [Thread-1463] INFO  impl.RoleInfo (RoleInfo.java:updateAndGet(143)) - 66c05cec-4c2d-4482-b9d3-1a6ddd4b84d7: start LeaderElection
2019-10-17 18:04:38,049 [66c05cec-4c2d-4482-b9d3-1a6ddd4b84d7@group-FEC060E76E11-LeaderElection60] INFO  impl.LeaderElection (LeaderElection.java:askForVotes(178)) - 66c05cec-4c2d-4482-b9d3-1a6ddd4b84d7@group-FEC060E76E11-LeaderElection60: begin an election at term 1 for -1: [66c05cec-4c2d-4482-b9d3-1a6ddd4b84d7:192.168.34.17:45256], old=null
2019-10-17 18:04:38,049 [66c05cec-4c2d-4482-b9d3-1a6ddd4b84d7@group-FEC060E76E11-LeaderElection60] INFO  impl.RoleInfo (RoleInfo.java:shutdownLeaderElection(134)) - 66c05cec-4c2d-4482-b9d3-1a6ddd4b84d7: shutdown LeaderElection
2019-10-17 18:04:38,049 [66c05cec-4c2d-4482-b9d3-1a6ddd4b84d7@group-FEC060E76E11-LeaderElection60] INFO  impl.RaftServerImpl (RaftServerImpl.java:setRole(170)) - 66c05cec-4c2d-4482-b9d3-1a6ddd4b84d7@group-FEC060E76E11: changes role from CANDIDATE to LEADER at term 1 for changeToLeader
2019-10-17 18:04:38,050 [66c05cec-4c2d-4482-b9d3-1a6ddd4b84d7@group-FEC060E76E11-LeaderElection60] INFO  impl.RaftServerImpl (ServerState.java:setLeader(255)) - 66c05cec-4c2d-4482-b9d3-1a6ddd4b84d7@group-FEC060E76E11: change Leader from null to 66c05cec-4c2d-4482-b9d3-1a6ddd4b84d7 at term 1 for becomeLeader, leader elected after 5182ms
2019-10-17 18:04:38,050 [66c05cec-4c2d-4482-b9d3-1a6ddd4b84d7@group-FEC060E76E11-LeaderElection60] INFO  server.RaftServerConfigKeys (ConfUtils.java:logGet(43)) - raft.server.staging.catchup.gap = 1000 (default)
2019-10-17 18:04:38,050 [66c05cec-4c2d-4482-b9d3-1a6ddd4b84d7@group-FEC060E76E11-LeaderElection60] INFO  server.RaftServerConfigKeys (ConfUtils.java:logGet(43)) - raft.server.rpc.sleep.time = 25ms (default)
2019-10-17 18:04:38,050 [66c05cec-4c2d-4482-b9d3-1a6ddd4b84d7@group-FEC060E76E11-LeaderElection60] INFO  server.RaftServerConfigKeys (ConfUtils.java:logGet(43)) - raft.server.write.element-limit = 4096 (default)
2019-10-17 18:04:38,050 [66c05cec-4c2d-4482-b9d3-1a6ddd4b84d7@group-FEC060E76E11-LeaderElection60] INFO  server.RaftServerConfigKeys (ConfUtils.java:logGet(43)) - raft.server.watch.timeout = 10s (default)
2019-10-17 18:04:38,050 [66c05cec-4c2d-4482-b9d3-1a6ddd4b84d7@group-FEC060E76E11-LeaderElection60] INFO  server.RaftServerConfigKeys (ConfUtils.java:logGet(43)) - raft.server.watch.timeout.denomination = 1s (default)
2019-10-17 18:04:38,050 [66c05cec-4c2d-4482-b9d3-1a6ddd4b84d7@group-FEC060E76E11-LeaderElection60] INFO  server.RaftServerConfigKeys (ConfUtils.java:logGet(43)) - raft.server.watch.element-limit = 65536 (default)
2019-10-17 18:04:38,052 [66c05cec-4c2d-4482-b9d3-1a6ddd4b84d7@group-FEC060E76E11-LeaderElection60] INFO  impl.RoleInfo (RoleInfo.java:updateAndGet(143)) - 66c05cec-4c2d-4482-b9d3-1a6ddd4b84d7: start LeaderState
2019-10-17 18:04:38,053 [66c05cec-4c2d-4482-b9d3-1a6ddd4b84d7@group-FEC060E76E11-LeaderElection60] INFO  segmented.SegmentedRaftLogWorker (SegmentedRaftLogWorker.java:startLogSegment(385)) - 66c05cec-4c2d-4482-b9d3-1a6ddd4b84d7@group-FEC060E76E11-SegmentedRaftLogWorker: Starting segment from index:0
2019-10-17 18:04:38,053 [66c05cec-4c2d-4482-b9d3-1a6ddd4b84d7@group-FEC060E76E11-LeaderElection60] INFO  impl.RaftServerImpl (ServerState.java:setRaftConf(356)) - 66c05cec-4c2d-4482-b9d3-1a6ddd4b84d7@group-FEC060E76E11: set configuration 0: [66c05cec-4c2d-4482-b9d3-1a6ddd4b84d7:192.168.34.17:45256], old=null at 0
2019-10-17 18:04:38,066 [Thread-1475] INFO  impl.FollowerState (FollowerState.java:run(108)) - 66c05cec-4c2d-4482-b9d3-1a6ddd4b84d7@group-04532A516155-FollowerState: change to CANDIDATE, lastRpcTime:5000ms, electionTimeout:5000ms
2019-10-17 18:04:38,066 [Thread-1475] INFO  impl.RoleInfo (RoleInfo.java:shutdownFollowerState(121)) - 66c05cec-4c2d-4482-b9d3-1a6ddd4b84d7: shutdown FollowerState
2019-10-17 18:04:38,066 [Thread-1475] INFO  impl.RaftServerImpl (RaftServerImpl.java:setRole(170)) - 66c05cec-4c2d-4482-b9d3-1a6ddd4b84d7@group-04532A516155: changes role from  FOLLOWER to CANDIDATE at term 0 for changeToCandidate
2019-10-17 18:04:38,066 [Thread-1475] INFO  impl.RoleInfo (RoleInfo.java:updateAndGet(143)) - 66c05cec-4c2d-4482-b9d3-1a6ddd4b84d7: start LeaderElection
2019-10-17 18:04:38,093 [Thread-1466] INFO  impl.FollowerState (FollowerState.java:run(108)) - 0db59126-5ef4-4137-9ff1-95143f9962ad@group-0F8B6BF3A2E4-FollowerState: change to CANDIDATE, lastRpcTime:5143ms, electionTimeout:5138ms
2019-10-17 18:04:38,093 [Thread-1466] INFO  impl.RoleInfo (RoleInfo.java:shutdownFollowerState(121)) - 0db59126-5ef4-4137-9ff1-95143f9962ad: shutdown FollowerState
2019-10-17 18:04:38,093 [Thread-1466] INFO  impl.RaftServerImpl (RaftServerImpl.java:setRole(170)) - 0db59126-5ef4-4137-9ff1-95143f9962ad@group-0F8B6BF3A2E4: changes role from  FOLLOWER to CANDIDATE at term 0 for changeToCandidate
2019-10-17 18:04:38,094 [Thread-1466] INFO  impl.RoleInfo (RoleInfo.java:updateAndGet(143)) - 0db59126-5ef4-4137-9ff1-95143f9962ad: start LeaderElection
2019-10-17 18:04:38,106 [66c05cec-4c2d-4482-b9d3-1a6ddd4b84d7@group-FEC060E76E11-SegmentedRaftLogWorker] INFO  segmented.SegmentedRaftLogWorker (SegmentedRaftLogWorker.java:execute(574)) - 66c05cec-4c2d-4482-b9d3-1a6ddd4b84d7@group-FEC060E76E11-SegmentedRaftLogWorker: created new log segment /workdir/hadoop-ozone/integration-test/target/test-dir/MiniOzoneClusterImpl-4ead1e5d-0753-48ba-be82-f6ca51f96d4f/datanode-5/data/ratis/a23c4cb7-363d-4535-aec1-fec060e76e11/current/log_inprogress_0
2019-10-17 18:04:38,106 [0db59126-5ef4-4137-9ff1-95143f9962ad@group-0F8B6BF3A2E4-LeaderElection62] INFO  impl.LeaderElection (LeaderElection.java:askForVotes(178)) - 0db59126-5ef4-4137-9ff1-95143f9962ad@group-0F8B6BF3A2E4-LeaderElection62: begin an election at term 1 for -1: [0db59126-5ef4-4137-9ff1-95143f9962ad:192.168.34.17:36644], old=null
2019-10-17 18:04:38,106 [66c05cec-4c2d-4482-b9d3-1a6ddd4b84d7@group-04532A516155-LeaderElection61] INFO  impl.LeaderElection (LeaderElection.java:askForVotes(178)) - 66c05cec-4c2d-4482-b9d3-1a6ddd4b84d7@group-04532A516155-LeaderElection61: begin an election at term 1 for -1: [66c05cec-4c2d-4482-b9d3-1a6ddd4b84d7:192.168.34.17:45256, 4f6f313f-9acb-4698-ba57-b0b4f44bfacb:192.168.34.17:42803, 0db59126-5ef4-4137-9ff1-95143f9962ad:192.168.34.17:36644], old=null
2019-10-17 18:04:38,106 [0db59126-5ef4-4137-9ff1-95143f9962ad@group-0F8B6BF3A2E4-LeaderElection62] INFO  impl.RoleInfo (RoleInfo.java:shutdownLeaderElection(134)) - 0db59126-5ef4-4137-9ff1-95143f9962ad: shutdown LeaderElection
2019-10-17 18:04:38,106 [0db59126-5ef4-4137-9ff1-95143f9962ad@group-0F8B6BF3A2E4-LeaderElection62] INFO  impl.RaftServerImpl (RaftServerImpl.java:setRole(170)) - 0db59126-5ef4-4137-9ff1-95143f9962ad@group-0F8B6BF3A2E4: changes role from CANDIDATE to LEADER at term 1 for changeToLeader
2019-10-17 18:04:38,107 [0db59126-5ef4-4137-9ff1-95143f9962ad@group-0F8B6BF3A2E4-LeaderElection62] INFO  impl.RaftServerImpl (ServerState.java:setLeader(255)) - 0db59126-5ef4-4137-9ff1-95143f9962ad@group-0F8B6BF3A2E4: change Leader from null to 0db59126-5ef4-4137-9ff1-95143f9962ad at term 1 for becomeLeader, leader elected after 5163ms
2019-10-17 18:04:38,107 [0db59126-5ef4-4137-9ff1-95143f9962ad@group-0F8B6BF3A2E4-LeaderElection62] INFO  server.RaftServerConfigKeys (ConfUtils.java:logGet(43)) - raft.server.staging.catchup.gap = 1000 (default)
2019-10-17 18:04:38,107 [0db59126-5ef4-4137-9ff1-95143f9962ad@group-0F8B6BF3A2E4-LeaderElection62] INFO  server.RaftServerConfigKeys (ConfUtils.java:logGet(43)) - raft.server.rpc.sleep.time = 25ms (default)
2019-10-17 18:04:38,107 [0db59126-5ef4-4137-9ff1-95143f9962ad@group-0F8B6BF3A2E4-LeaderElection62] INFO  server.RaftServerConfigKeys (ConfUtils.java:logGet(43)) - raft.server.write.element-limit = 4096 (default)
2019-10-17 18:04:38,107 [0db59126-5ef4-4137-9ff1-95143f9962ad@group-0F8B6BF3A2E4-LeaderElection62] INFO  server.RaftServerConfigKeys (ConfUtils.java:logGet(43)) - raft.server.watch.timeout = 10s (default)
2019-10-17 18:04:38,107 [0db59126-5ef4-4137-9ff1-95143f9962ad@group-0F8B6BF3A2E4-LeaderElection62] INFO  server.RaftServerConfigKeys (ConfUtils.java:logGet(43)) - raft.server.watch.timeout.denomination = 1s (default)
2019-10-17 18:04:38,108 [0db59126-5ef4-4137-9ff1-95143f9962ad@group-0F8B6BF3A2E4-LeaderElection62] INFO  server.RaftServerConfigKeys (ConfUtils.java:logGet(43)) - raft.server.watch.element-limit = 65536 (default)
2019-10-17 18:04:38,110 [0db59126-5ef4-4137-9ff1-95143f9962ad@group-0F8B6BF3A2E4-LeaderElection62] INFO  impl.RoleInfo (RoleInfo.java:updateAndGet(143)) - 0db59126-5ef4-4137-9ff1-95143f9962ad: start LeaderState
2019-10-17 18:04:38,110 [0db59126-5ef4-4137-9ff1-95143f9962ad@group-0F8B6BF3A2E4-LeaderElection62] INFO  segmented.SegmentedRaftLogWorker (SegmentedRaftLogWorker.java:startLogSegment(385)) - 0db59126-5ef4-4137-9ff1-95143f9962ad@group-0F8B6BF3A2E4-SegmentedRaftLogWorker: Starting segment from index:0
2019-10-17 18:04:38,111 [0db59126-5ef4-4137-9ff1-95143f9962ad@group-0F8B6BF3A2E4-LeaderElection62] INFO  impl.RaftServerImpl (ServerState.java:setRaftConf(356)) - 0db59126-5ef4-4137-9ff1-95143f9962ad@group-0F8B6BF3A2E4: set configuration 0: [0db59126-5ef4-4137-9ff1-95143f9962ad:192.168.34.17:36644], old=null at 0
2019-10-17 18:04:38,141 [Thread-1472] INFO  impl.FollowerState (FollowerState.java:run(108)) - 4f6f313f-9acb-4698-ba57-b0b4f44bfacb@group-04532A516155-FollowerState: change to CANDIDATE, lastRpcTime:5085ms, electionTimeout:5063ms
2019-10-17 18:04:38,144 [Thread-1472] INFO  impl.RoleInfo (RoleInfo.java:shutdownFollowerState(121)) - 4f6f313f-9acb-4698-ba57-b0b4f44bfacb: shutdown FollowerState
2019-10-17 18:04:38,146 [Thread-1472] INFO  impl.RaftServerImpl (RaftServerImpl.java:setRole(170)) - 4f6f313f-9acb-4698-ba57-b0b4f44bfacb@group-04532A516155: changes role from  FOLLOWER to CANDIDATE at term 0 for changeToCandidate
2019-10-17 18:04:38,146 [Thread-1472] INFO  impl.RoleInfo (RoleInfo.java:updateAndGet(143)) - 4f6f313f-9acb-4698-ba57-b0b4f44bfacb: start LeaderElection
2019-10-17 18:04:38,146 [grpc-default-executor-1] INFO  impl.RaftServerImpl (RaftServerImpl.java:setRole(170)) - 4f6f313f-9acb-4698-ba57-b0b4f44bfacb@group-04532A516155: changes role from CANDIDATE to FOLLOWER at term 1 for recognizeCandidate:66c05cec-4c2d-4482-b9d3-1a6ddd4b84d7
2019-10-17 18:04:38,146 [grpc-default-executor-0] INFO  impl.RaftServerImpl (RaftServerImpl.java:setRole(170)) - 0db59126-5ef4-4137-9ff1-95143f9962ad@group-04532A516155: changes role from  FOLLOWER to FOLLOWER at term 1 for recognizeCandidate:66c05cec-4c2d-4482-b9d3-1a6ddd4b84d7
2019-10-17 18:04:38,146 [grpc-default-executor-1] INFO  impl.RoleInfo (RoleInfo.java:shutdownLeaderElection(134)) - 4f6f313f-9acb-4698-ba57-b0b4f44bfacb: shutdown LeaderElection
2019-10-17 18:04:38,147 [grpc-default-executor-0] INFO  impl.RoleInfo (RoleInfo.java:shutdownFollowerState(121)) - 0db59126-5ef4-4137-9ff1-95143f9962ad: shutdown FollowerState
2019-10-17 18:04:38,147 [grpc-default-executor-1] INFO  impl.RoleInfo (RoleInfo.java:updateAndGet(143)) - 4f6f313f-9acb-4698-ba57-b0b4f44bfacb: start FollowerState
2019-10-17 18:04:38,147 [grpc-default-executor-0] INFO  impl.RoleInfo (RoleInfo.java:updateAndGet(143)) - 0db59126-5ef4-4137-9ff1-95143f9962ad: start FollowerState
2019-10-17 18:04:38,147 [Thread-1470] INFO  impl.FollowerState (FollowerState.java:run(117)) - 0db59126-5ef4-4137-9ff1-95143f9962ad@group-04532A516155-FollowerState was interrupted: java.lang.InterruptedException: sleep interrupted
2019-10-17 18:04:38,165 [0db59126-5ef4-4137-9ff1-95143f9962ad@group-0F8B6BF3A2E4-SegmentedRaftLogWorker] INFO  segmented.SegmentedRaftLogWorker (SegmentedRaftLogWorker.java:execute(574)) - 0db59126-5ef4-4137-9ff1-95143f9962ad@group-0F8B6BF3A2E4-SegmentedRaftLogWorker: created new log segment /workdir/hadoop-ozone/integration-test/target/test-dir/MiniOzoneClusterImpl-4ead1e5d-0753-48ba-be82-f6ca51f96d4f/datanode-6/data/ratis/81daba16-3b02-47f4-ac71-0f8b6bf3a2e4/current/log_inprogress_0
2019-10-17 18:04:38,176 [66c05cec-4c2d-4482-b9d3-1a6ddd4b84d7@group-04532A516155-LeaderElection61] INFO  impl.LeaderElection (LeaderElection.java:logAndReturn(56)) - 66c05cec-4c2d-4482-b9d3-1a6ddd4b84d7@group-04532A516155-LeaderElection61: Election PASSED; received 2 response(s) [66c05cec-4c2d-4482-b9d3-1a6ddd4b84d7<-4f6f313f-9acb-4698-ba57-b0b4f44bfacb#0:FAIL-t1, 66c05cec-4c2d-4482-b9d3-1a6ddd4b84d7<-0db59126-5ef4-4137-9ff1-95143f9962ad#0:OK-t1] and 0 exception(s); 66c05cec-4c2d-4482-b9d3-1a6ddd4b84d7@group-04532A516155:t1, leader=null, voted=66c05cec-4c2d-4482-b9d3-1a6ddd4b84d7, raftlog=66c05cec-4c2d-4482-b9d3-1a6ddd4b84d7@group-04532A516155-SegmentedRaftLog:OPENED:c-1,f-1,i0, conf=-1: [66c05cec-4c2d-4482-b9d3-1a6ddd4b84d7:192.168.34.17:45256, 4f6f313f-9acb-4698-ba57-b0b4f44bfacb:192.168.34.17:42803, 0db59126-5ef4-4137-9ff1-95143f9962ad:192.168.34.17:36644], old=null
2019-10-17 18:04:38,177 [66c05cec-4c2d-4482-b9d3-1a6ddd4b84d7@group-04532A516155-LeaderElection61] INFO  impl.RoleInfo (RoleInfo.java:shutdownLeaderElection(134)) - 66c05cec-4c2d-4482-b9d3-1a6ddd4b84d7: shutdown LeaderElection
2019-10-17 18:04:38,177 [66c05cec-4c2d-4482-b9d3-1a6ddd4b84d7@group-04532A516155-LeaderElection61] INFO  impl.RaftServerImpl (RaftServerImpl.java:setRole(170)) - 66c05cec-4c2d-4482-b9d3-1a6ddd4b84d7@group-04532A516155: changes role from CANDIDATE to LEADER at term 1 for changeToLeader
2019-10-17 18:04:38,177 [66c05cec-4c2d-4482-b9d3-1a6ddd4b84d7@group-04532A516155-LeaderElection61] INFO  impl.RaftServerImpl (ServerState.java:setLeader(255)) - 66c05cec-4c2d-4482-b9d3-1a6ddd4b84d7@group-04532A516155: change Leader from null to 66c05cec-4c2d-4482-b9d3-1a6ddd4b84d7 at term 1 for becomeLeader, leader elected after 5132ms
2019-10-17 18:04:38,177 [66c05cec-4c2d-4482-b9d3-1a6ddd4b84d7@group-04532A516155-LeaderElection61] INFO  server.RaftServerConfigKeys (ConfUtils.java:logGet(43)) - raft.server.staging.catchup.gap = 1000 (default)
2019-10-17 18:04:38,177 [66c05cec-4c2d-4482-b9d3-1a6ddd4b84d7@group-04532A516155-LeaderElection61] INFO  server.RaftServerConfigKeys (ConfUtils.java:logGet(43)) - raft.server.rpc.sleep.time = 25ms (default)
2019-10-17 18:04:38,177 [66c05cec-4c2d-4482-b9d3-1a6ddd4b84d7@group-04532A516155-LeaderElection61] INFO  server.RaftServerConfigKeys (ConfUtils.java:logGet(43)) - raft.server.write.element-limit = 4096 (default)
2019-10-17 18:04:38,177 [66c05cec-4c2d-4482-b9d3-1a6ddd4b84d7@group-04532A516155-LeaderElection61] INFO  server.RaftServerConfigKeys (ConfUtils.java:logGet(43)) - raft.server.watch.timeout = 10s (default)
2019-10-17 18:04:38,177 [66c05cec-4c2d-4482-b9d3-1a6ddd4b84d7@group-04532A516155-LeaderElection61] INFO  server.RaftServerConfigKeys (ConfUtils.java:logGet(43)) - raft.server.watch.timeout.denomination = 1s (default)
2019-10-17 18:04:38,177 [66c05cec-4c2d-4482-b9d3-1a6ddd4b84d7@group-04532A516155-LeaderElection61] INFO  server.RaftServerConfigKeys (ConfUtils.java:logGet(43)) - raft.server.watch.element-limit = 65536 (default)
2019-10-17 18:04:38,179 [66c05cec-4c2d-4482-b9d3-1a6ddd4b84d7@group-04532A516155-LeaderElection61] INFO  server.RaftServerConfigKeys (ConfUtils.java:logGet(43)) - raft.server.log.appender.snapshot.chunk.size.max = 16MB (=16777216) (default)
2019-10-17 18:04:38,179 [66c05cec-4c2d-4482-b9d3-1a6ddd4b84d7@group-04532A516155-LeaderElection61] INFO  server.RaftServerConfigKeys (ConfUtils.java:logGet(43)) - raft.server.log.appender.buffer.byte-limit = 33554432 (custom)
2019-10-17 18:04:38,179 [66c05cec-4c2d-4482-b9d3-1a6ddd4b84d7@group-04532A516155-LeaderElection61] INFO  server.RaftServerConfigKeys (ConfUtils.java:logGet(43)) - raft.server.log.appender.buffer.element-limit = 1 (custom)
2019-10-17 18:04:38,179 [66c05cec-4c2d-4482-b9d3-1a6ddd4b84d7@group-04532A516155-LeaderElection61] INFO  grpc.GrpcConfigKeys$Server (ConfUtils.java:logGet(43)) - raft.grpc.server.leader.outstanding.appends.max = 128 (default)
2019-10-17 18:04:38,179 [66c05cec-4c2d-4482-b9d3-1a6ddd4b84d7@group-04532A516155-LeaderElection61] INFO  server.RaftServerConfigKeys (ConfUtils.java:logGet(43)) - raft.server.rpc.request.timeout = 3000ms (default)
2019-10-17 18:04:38,179 [66c05cec-4c2d-4482-b9d3-1a6ddd4b84d7@group-04532A516155-LeaderElection61] INFO  server.RaftServerConfigKeys (ConfUtils.java:logGet(43)) - raft.server.log.appender.install.snapshot.enabled = false (custom)
2019-10-17 18:04:38,179 [66c05cec-4c2d-4482-b9d3-1a6ddd4b84d7@group-04532A516155-LeaderElection61] INFO  server.RaftServerConfigKeys (ConfUtils.java:logGet(43)) - raft.server.log.appender.snapshot.chunk.size.max = 16MB (=16777216) (default)
2019-10-17 18:04:38,180 [66c05cec-4c2d-4482-b9d3-1a6ddd4b84d7@group-04532A516155-LeaderElection61] INFO  server.RaftServerConfigKeys (ConfUtils.java:logGet(43)) - raft.server.log.appender.buffer.byte-limit = 33554432 (custom)
2019-10-17 18:04:38,180 [66c05cec-4c2d-4482-b9d3-1a6ddd4b84d7@group-04532A516155-LeaderElection61] INFO  server.RaftServerConfigKeys (ConfUtils.java:logGet(43)) - raft.server.log.appender.buffer.element-limit = 1 (custom)
2019-10-17 18:04:38,180 [66c05cec-4c2d-4482-b9d3-1a6ddd4b84d7@group-04532A516155-LeaderElection61] INFO  grpc.GrpcConfigKeys$Server (ConfUtils.java:logGet(43)) - raft.grpc.server.leader.outstanding.appends.max = 128 (default)
2019-10-17 18:04:38,180 [66c05cec-4c2d-4482-b9d3-1a6ddd4b84d7@group-04532A516155-LeaderElection61] INFO  server.RaftServerConfigKeys (ConfUtils.java:logGet(43)) - raft.server.rpc.request.timeout = 3000ms (default)
2019-10-17 18:04:38,180 [66c05cec-4c2d-4482-b9d3-1a6ddd4b84d7@group-04532A516155-LeaderElection61] INFO  server.RaftServerConfigKeys (ConfUtils.java:logGet(43)) - raft.server.log.appender.install.snapshot.enabled = false (custom)
2019-10-17 18:04:38,180 [66c05cec-4c2d-4482-b9d3-1a6ddd4b84d7@group-04532A516155-LeaderElection61] INFO  impl.RoleInfo (RoleInfo.java:updateAndGet(143)) - 66c05cec-4c2d-4482-b9d3-1a6ddd4b84d7: start LeaderState
2019-10-17 18:04:38,180 [66c05cec-4c2d-4482-b9d3-1a6ddd4b84d7@group-04532A516155-LeaderElection61] INFO  segmented.SegmentedRaftLogWorker (SegmentedRaftLogWorker.java:startLogSegment(385)) - 66c05cec-4c2d-4482-b9d3-1a6ddd4b84d7@group-04532A516155-SegmentedRaftLogWorker: Starting segment from index:0
2019-10-17 18:04:38,181 [66c05cec-4c2d-4482-b9d3-1a6ddd4b84d7@group-04532A516155-LeaderElection61] INFO  impl.RaftServerImpl (ServerState.java:setRaftConf(356)) - 66c05cec-4c2d-4482-b9d3-1a6ddd4b84d7@group-04532A516155: set configuration 0: [66c05cec-4c2d-4482-b9d3-1a6ddd4b84d7:192.168.34.17:45256, 4f6f313f-9acb-4698-ba57-b0b4f44bfacb:192.168.34.17:42803, 0db59126-5ef4-4137-9ff1-95143f9962ad:192.168.34.17:36644], old=null at 0
2019-10-17 18:04:38,183 [grpc-default-executor-0] INFO  impl.RaftServerImpl (ServerState.java:setLeader(255)) - 0db59126-5ef4-4137-9ff1-95143f9962ad@group-04532A516155: change Leader from null to 66c05cec-4c2d-4482-b9d3-1a6ddd4b84d7 at term 1 for appendEntries, leader elected after 5138ms
2019-10-17 18:04:38,187 [grpc-default-executor-0] INFO  impl.RaftServerImpl (ServerState.java:setRaftConf(356)) - 0db59126-5ef4-4137-9ff1-95143f9962ad@group-04532A516155: set configuration 0: [66c05cec-4c2d-4482-b9d3-1a6ddd4b84d7:192.168.34.17:45256, 4f6f313f-9acb-4698-ba57-b0b4f44bfacb:192.168.34.17:42803, 0db59126-5ef4-4137-9ff1-95143f9962ad:192.168.34.17:36644], old=null at 0
2019-10-17 18:04:38,187 [grpc-default-executor-0] INFO  segmented.SegmentedRaftLogWorker (SegmentedRaftLogWorker.java:startLogSegment(385)) - 0db59126-5ef4-4137-9ff1-95143f9962ad@group-04532A516155-SegmentedRaftLogWorker: Starting segment from index:0
2019-10-17 18:04:38,188 [4f6f313f-9acb-4698-ba57-b0b4f44bfacb@group-04532A516155-LeaderElection63] INFO  impl.LeaderElection (LeaderElection.java:askForVotes(178)) - 4f6f313f-9acb-4698-ba57-b0b4f44bfacb@group-04532A516155-LeaderElection63: begin an election at term 2 for -1: [66c05cec-4c2d-4482-b9d3-1a6ddd4b84d7:192.168.34.17:45256, 4f6f313f-9acb-4698-ba57-b0b4f44bfacb:192.168.34.17:42803, 0db59126-5ef4-4137-9ff1-95143f9962ad:192.168.34.17:36644], old=null
2019-10-17 18:04:38,189 [4f6f313f-9acb-4698-ba57-b0b4f44bfacb@group-04532A516155-LeaderElection63] INFO  impl.LeaderElection (LeaderElection.java:logAndReturn(56)) - 4f6f313f-9acb-4698-ba57-b0b4f44bfacb@group-04532A516155-LeaderElection63: Election REJECTED; received 0 response(s) [] and 0 exception(s); 4f6f313f-9acb-4698-ba57-b0b4f44bfacb@group-04532A516155:t2, leader=null, voted=4f6f313f-9acb-4698-ba57-b0b4f44bfacb, raftlog=4f6f313f-9acb-4698-ba57-b0b4f44bfacb@group-04532A516155-SegmentedRaftLog:OPENED:c-1,f-1,i0, conf=-1: [66c05cec-4c2d-4482-b9d3-1a6ddd4b84d7:192.168.34.17:45256, 4f6f313f-9acb-4698-ba57-b0b4f44bfacb:192.168.34.17:42803, 0db59126-5ef4-4137-9ff1-95143f9962ad:192.168.34.17:36644], old=null
2019-10-17 18:04:38,190 [Thread-1520] INFO  impl.RaftServerImpl (ServerState.java:setLeader(255)) - 66c05cec-4c2d-4482-b9d3-1a6ddd4b84d7@group-04532A516155: change Leader from 66c05cec-4c2d-4482-b9d3-1a6ddd4b84d7 to null at term 2 for updateCurrentTerm
2019-10-17 18:04:38,190 [Thread-1520] INFO  impl.RaftServerImpl (RaftServerImpl.java:setRole(170)) - 66c05cec-4c2d-4482-b9d3-1a6ddd4b84d7@group-04532A516155: changes role from    LEADER to FOLLOWER at term 2 for stepDown
2019-10-17 18:04:38,191 [Thread-1520] INFO  impl.RoleInfo (RoleInfo.java:shutdownLeaderState(104)) - 66c05cec-4c2d-4482-b9d3-1a6ddd4b84d7: shutdown LeaderState
2019-10-17 18:04:38,226 [org.apache.ratis.server.impl.LogAppender$AppenderDaemon$$Lambda$488/1619203012@4d8f400c] WARN  server.GrpcLogAppender (GrpcLogAppender.java:mayWait(143)) - 66c05cec-4c2d-4482-b9d3-1a6ddd4b84d7@group-04532A516155->0db59126-5ef4-4137-9ff1-95143f9962ad-GrpcLogAppender: Wait interrupted by java.lang.InterruptedException
2019-10-17 18:04:38,226 [Thread-1520] INFO  impl.PendingRequests (PendingRequests.java:sendNotLeaderResponses(202)) - 66c05cec-4c2d-4482-b9d3-1a6ddd4b84d7@group-04532A516155-PendingRequests: sendNotLeaderResponses
2019-10-17 18:04:38,226 [Thread-1480] INFO  impl.FollowerState (FollowerState.java:run(108)) - e00ac7e0-d602-44c0-a802-bd2c8b4b49af@group-FF985E83A8DC-FollowerState: change to CANDIDATE, lastRpcTime:5079ms, electionTimeout:5056ms
2019-10-17 18:04:38,226 [Thread-1481] INFO  impl.FollowerState (FollowerState.java:run(108)) - 52d7c564-f7c4-4a63-86b0-c698b024ddc1@group-FF985E83A8DC-FollowerState: change to CANDIDATE, lastRpcTime:5078ms, electionTimeout:5059ms
2019-10-17 18:04:38,227 [Thread-1520] INFO  impl.RoleInfo (RoleInfo.java:updateAndGet(143)) - 66c05cec-4c2d-4482-b9d3-1a6ddd4b84d7: start FollowerState
2019-10-17 18:04:38,227 [Thread-1481] INFO  impl.RoleInfo (RoleInfo.java:shutdownFollowerState(121)) - 52d7c564-f7c4-4a63-86b0-c698b024ddc1: shutdown FollowerState
2019-10-17 18:04:38,227 [Thread-1480] INFO  impl.RoleInfo (RoleInfo.java:shutdownFollowerState(121)) - e00ac7e0-d602-44c0-a802-bd2c8b4b49af: shutdown FollowerState
2019-10-17 18:04:38,227 [Thread-1481] INFO  impl.RaftServerImpl (RaftServerImpl.java:setRole(170)) - 52d7c564-f7c4-4a63-86b0-c698b024ddc1@group-FF985E83A8DC: changes role from  FOLLOWER to CANDIDATE at term 0 for changeToCandidate
2019-10-17 18:04:38,227 [org.apache.ratis.server.impl.LogAppender$AppenderDaemon$$Lambda$488/1619203012@3d3abaae] WARN  server.GrpcLogAppender (GrpcLogAppender.java:mayWait(143)) - 66c05cec-4c2d-4482-b9d3-1a6ddd4b84d7@group-04532A516155->4f6f313f-9acb-4698-ba57-b0b4f44bfacb-GrpcLogAppender: Wait interrupted by java.lang.InterruptedException
2019-10-17 18:04:38,227 [Thread-1480] INFO  impl.RaftServerImpl (RaftServerImpl.java:setRole(170)) - e00ac7e0-d602-44c0-a802-bd2c8b4b49af@group-FF985E83A8DC: changes role from  FOLLOWER to CANDIDATE at term 0 for changeToCandidate
2019-10-17 18:04:38,227 [grpc-default-executor-5] INFO  server.GrpcServerProtocolService (GrpcServerProtocolService.java:onCompleted(113)) - 0db59126-5ef4-4137-9ff1-95143f9962ad: Completed APPEND_ENTRIES, lastRequest: 66c05cec-4c2d-4482-b9d3-1a6ddd4b84d7->0db59126-5ef4-4137-9ff1-95143f9962ad#1-t1, previous=(t:0, i:0), leaderCommit=-1, initializing? false, entries: size=1, first=(t:1, i:0), CONFIGURATIONENTRY
2019-10-17 18:04:38,227 [Thread-1480] INFO  impl.RoleInfo (RoleInfo.java:updateAndGet(143)) - e00ac7e0-d602-44c0-a802-bd2c8b4b49af: start LeaderElection
2019-10-17 18:04:38,227 [Thread-1481] INFO  impl.RoleInfo (RoleInfo.java:updateAndGet(143)) - 52d7c564-f7c4-4a63-86b0-c698b024ddc1: start LeaderElection
2019-10-17 18:04:38,228 [grpc-default-executor-0] INFO  server.GrpcServerProtocolService (GrpcServerProtocolService.java:onCompleted(113)) - 4f6f313f-9acb-4698-ba57-b0b4f44bfacb: Completed APPEND_ENTRIES, lastRequest: 66c05cec-4c2d-4482-b9d3-1a6ddd4b84d7->4f6f313f-9acb-4698-ba57-b0b4f44bfacb#0-t1, previous=(t:0, i:0), leaderCommit=-1, initializing? false, entries: <empty>
2019-10-17 18:04:38,236 [grpc-default-executor-0] INFO  server.GrpcLogAppender (GrpcLogAppender.java:onCompleted(293)) - 66c05cec-4c2d-4482-b9d3-1a6ddd4b84d7@group-04532A516155->0db59126-5ef4-4137-9ff1-95143f9962ad-AppendLogResponseHandler: follower responses appendEntries COMPLETED
2019-10-17 18:04:38,238 [grpc-default-executor-1] INFO  server.GrpcLogAppender (GrpcLogAppender.java:onCompleted(293)) - 66c05cec-4c2d-4482-b9d3-1a6ddd4b84d7@group-04532A516155->4f6f313f-9acb-4698-ba57-b0b4f44bfacb-AppendLogResponseHandler: follower responses appendEntries COMPLETED
2019-10-17 18:04:38,241 [grpc-default-executor-0] INFO  impl.FollowerInfo (FollowerInfo.java:lambda$new$0(51)) - 66c05cec-4c2d-4482-b9d3-1a6ddd4b84d7@group-04532A516155->0db59126-5ef4-4137-9ff1-95143f9962ad: nextIndex: updateUnconditionally 1 -> 0
2019-10-17 18:04:38,243 [grpc-default-executor-2] INFO  impl.RaftServerImpl (ServerState.java:setLeader(255)) - 0db59126-5ef4-4137-9ff1-95143f9962ad@group-04532A516155: change Leader from 66c05cec-4c2d-4482-b9d3-1a6ddd4b84d7 to null at term 2 for updateCurrentTerm
2019-10-17 18:04:38,244 [grpc-default-executor-1] INFO  impl.FollowerInfo (FollowerInfo.java:lambda$new$0(51)) - 66c05cec-4c2d-4482-b9d3-1a6ddd4b84d7@group-04532A516155->4f6f313f-9acb-4698-ba57-b0b4f44bfacb: nextIndex: updateUnconditionally 0 -> 0
2019-10-17 18:04:38,244 [grpc-default-executor-2] INFO  impl.RaftServerImpl (RaftServerImpl.java:setRole(170)) - 0db59126-5ef4-4137-9ff1-95143f9962ad@group-04532A516155: changes role from  FOLLOWER to FOLLOWER at term 2 for recognizeCandidate:4f6f313f-9acb-4698-ba57-b0b4f44bfacb
2019-10-17 18:04:38,244 [grpc-default-executor-2] INFO  impl.RoleInfo (RoleInfo.java:shutdownFollowerState(121)) - 0db59126-5ef4-4137-9ff1-95143f9962ad: shutdown FollowerState
2019-10-17 18:04:38,244 [grpc-default-executor-2] INFO  impl.RoleInfo (RoleInfo.java:updateAndGet(143)) - 0db59126-5ef4-4137-9ff1-95143f9962ad: start FollowerState
2019-10-17 18:04:38,244 [Thread-1519] INFO  impl.FollowerState (FollowerState.java:run(117)) - 0db59126-5ef4-4137-9ff1-95143f9962ad@group-04532A516155-FollowerState was interrupted: java.lang.InterruptedException: sleep interrupted
2019-10-17 18:04:38,249 [0db59126-5ef4-4137-9ff1-95143f9962ad@group-04532A516155-SegmentedRaftLogWorker] INFO  segmented.SegmentedRaftLogWorker (SegmentedRaftLogWorker.java:execute(574)) - 0db59126-5ef4-4137-9ff1-95143f9962ad@group-04532A516155-SegmentedRaftLogWorker: created new log segment /workdir/hadoop-ozone/integration-test/target/test-dir/MiniOzoneClusterImpl-4ead1e5d-0753-48ba-be82-f6ca51f96d4f/datanode-6/data/ratis/a841ea77-fd6c-44b6-b13b-04532a516155/current/log_inprogress_0
2019-10-17 18:04:38,258 [grpc-default-executor-5] INFO  impl.RaftServerImpl (RaftServerImpl.java:setRole(170)) - 66c05cec-4c2d-4482-b9d3-1a6ddd4b84d7@group-04532A516155: changes role from  FOLLOWER to FOLLOWER at term 2 for recognizeCandidate:4f6f313f-9acb-4698-ba57-b0b4f44bfacb
2019-10-17 18:04:38,258 [grpc-default-executor-5] INFO  impl.RoleInfo (RoleInfo.java:shutdownFollowerState(121)) - 66c05cec-4c2d-4482-b9d3-1a6ddd4b84d7: shutdown FollowerState
2019-10-17 18:04:38,249 [66c05cec-4c2d-4482-b9d3-1a6ddd4b84d7@group-04532A516155-SegmentedRaftLogWorker] INFO  segmented.SegmentedRaftLogWorker (SegmentedRaftLogWorker.java:execute(574)) - 66c05cec-4c2d-4482-b9d3-1a6ddd4b84d7@group-04532A516155-SegmentedRaftLogWorker: created new log segment /workdir/hadoop-ozone/integration-test/target/test-dir/MiniOzoneClusterImpl-4ead1e5d-0753-48ba-be82-f6ca51f96d4f/datanode-5/data/ratis/a841ea77-fd6c-44b6-b13b-04532a516155/current/log_inprogress_0
2019-10-17 18:04:38,258 [Thread-1528] INFO  impl.FollowerState (FollowerState.java:run(117)) - 66c05cec-4c2d-4482-b9d3-1a6ddd4b84d7@group-04532A516155-FollowerState was interrupted: java.lang.InterruptedException: sleep interrupted
2019-10-17 18:04:38,258 [grpc-default-executor-5] INFO  impl.RoleInfo (RoleInfo.java:updateAndGet(143)) - 66c05cec-4c2d-4482-b9d3-1a6ddd4b84d7: start FollowerState
2019-10-17 18:04:38,268 [52d7c564-f7c4-4a63-86b0-c698b024ddc1@group-FF985E83A8DC-LeaderElection64] INFO  impl.LeaderElection (LeaderElection.java:askForVotes(178)) - 52d7c564-f7c4-4a63-86b0-c698b024ddc1@group-FF985E83A8DC-LeaderElection64: begin an election at term 1 for -1: [e00ac7e0-d602-44c0-a802-bd2c8b4b49af:192.168.34.17:34654, 606a935d-9f77-46fa-b0b1-0fcd8a4203df:192.168.34.17:34980, 52d7c564-f7c4-4a63-86b0-c698b024ddc1:192.168.34.17:35428], old=null
2019-10-17 18:04:38,268 [e00ac7e0-d602-44c0-a802-bd2c8b4b49af@group-FF985E83A8DC-LeaderElection65] INFO  impl.LeaderElection (LeaderElection.java:askForVotes(178)) - e00ac7e0-d602-44c0-a802-bd2c8b4b49af@group-FF985E83A8DC-LeaderElection65: begin an election at term 1 for -1: [e00ac7e0-d602-44c0-a802-bd2c8b4b49af:192.168.34.17:34654, 606a935d-9f77-46fa-b0b1-0fcd8a4203df:192.168.34.17:34980, 52d7c564-f7c4-4a63-86b0-c698b024ddc1:192.168.34.17:35428], old=null
2019-10-17 18:04:38,279 [grpc-default-executor-2] INFO  impl.RaftServerImpl (RaftServerImpl.java:setRole(170)) - 606a935d-9f77-46fa-b0b1-0fcd8a4203df@group-FF985E83A8DC: changes role from  FOLLOWER to FOLLOWER at term 1 for recognizeCandidate:e00ac7e0-d602-44c0-a802-bd2c8b4b49af
2019-10-17 18:04:38,281 [grpc-default-executor-2] INFO  impl.RoleInfo (RoleInfo.java:shutdownFollowerState(121)) - 606a935d-9f77-46fa-b0b1-0fcd8a4203df: shutdown FollowerState
2019-10-17 18:04:38,281 [grpc-default-executor-2] INFO  impl.RoleInfo (RoleInfo.java:updateAndGet(143)) - 606a935d-9f77-46fa-b0b1-0fcd8a4203df: start FollowerState
2019-10-17 18:04:38,284 [Thread-1482] INFO  impl.FollowerState (FollowerState.java:run(117)) - 606a935d-9f77-46fa-b0b1-0fcd8a4203df@group-FF985E83A8DC-FollowerState was interrupted: java.lang.InterruptedException: sleep interrupted
2019-10-17 18:04:38,311 [52d7c564-f7c4-4a63-86b0-c698b024ddc1@group-FF985E83A8DC-LeaderElection64] INFO  impl.LeaderElection (LeaderElection.java:logAndReturn(56)) - 52d7c564-f7c4-4a63-86b0-c698b024ddc1@group-FF985E83A8DC-LeaderElection64: Election REJECTED; received 2 response(s) [52d7c564-f7c4-4a63-86b0-c698b024ddc1<-e00ac7e0-d602-44c0-a802-bd2c8b4b49af#0:FAIL-t1, 52d7c564-f7c4-4a63-86b0-c698b024ddc1<-606a935d-9f77-46fa-b0b1-0fcd8a4203df#0:FAIL-t1] and 0 exception(s); 52d7c564-f7c4-4a63-86b0-c698b024ddc1@group-FF985E83A8DC:t1, leader=null, voted=52d7c564-f7c4-4a63-86b0-c698b024ddc1, raftlog=52d7c564-f7c4-4a63-86b0-c698b024ddc1@group-FF985E83A8DC-SegmentedRaftLog:OPENED:c-1,f-1,i0, conf=-1: [e00ac7e0-d602-44c0-a802-bd2c8b4b49af:192.168.34.17:34654, 606a935d-9f77-46fa-b0b1-0fcd8a4203df:192.168.34.17:34980, 52d7c564-f7c4-4a63-86b0-c698b024ddc1:192.168.34.17:35428], old=null
2019-10-17 18:04:38,311 [e00ac7e0-d602-44c0-a802-bd2c8b4b49af@group-FF985E83A8DC-LeaderElection65] INFO  impl.LeaderElection (LeaderElection.java:logAndReturn(56)) - e00ac7e0-d602-44c0-a802-bd2c8b4b49af@group-FF985E83A8DC-LeaderElection65: Election PASSED; received 2 response(s) [e00ac7e0-d602-44c0-a802-bd2c8b4b49af<-606a935d-9f77-46fa-b0b1-0fcd8a4203df#0:OK-t1, e00ac7e0-d602-44c0-a802-bd2c8b4b49af<-52d7c564-f7c4-4a63-86b0-c698b024ddc1#0:FAIL-t1] and 0 exception(s); e00ac7e0-d602-44c0-a802-bd2c8b4b49af@group-FF985E83A8DC:t1, leader=null, voted=e00ac7e0-d602-44c0-a802-bd2c8b4b49af, raftlog=e00ac7e0-d602-44c0-a802-bd2c8b4b49af@group-FF985E83A8DC-SegmentedRaftLog:OPENED:c-1,f-1,i0, conf=-1: [e00ac7e0-d602-44c0-a802-bd2c8b4b49af:192.168.34.17:34654, 606a935d-9f77-46fa-b0b1-0fcd8a4203df:192.168.34.17:34980, 52d7c564-f7c4-4a63-86b0-c698b024ddc1:192.168.34.17:35428], old=null
2019-10-17 18:04:38,312 [52d7c564-f7c4-4a63-86b0-c698b024ddc1@group-FF985E83A8DC-LeaderElection64] INFO  impl.RaftServerImpl (RaftServerImpl.java:setRole(170)) - 52d7c564-f7c4-4a63-86b0-c698b024ddc1@group-FF985E83A8DC: changes role from CANDIDATE to FOLLOWER at term 1 for DISCOVERED_A_NEW_TERM
2019-10-17 18:04:38,312 [e00ac7e0-d602-44c0-a802-bd2c8b4b49af@group-FF985E83A8DC-LeaderElection65] INFO  impl.RoleInfo (RoleInfo.java:shutdownLeaderElection(134)) - e00ac7e0-d602-44c0-a802-bd2c8b4b49af: shutdown LeaderElection
2019-10-17 18:04:38,312 [52d7c564-f7c4-4a63-86b0-c698b024ddc1@group-FF985E83A8DC-LeaderElection64] INFO  impl.RoleInfo (RoleInfo.java:shutdownLeaderElection(134)) - 52d7c564-f7c4-4a63-86b0-c698b024ddc1: shutdown LeaderElection
2019-10-17 18:04:38,312 [e00ac7e0-d602-44c0-a802-bd2c8b4b49af@group-FF985E83A8DC-LeaderElection65] INFO  impl.RaftServerImpl (RaftServerImpl.java:setRole(170)) - e00ac7e0-d602-44c0-a802-bd2c8b4b49af@group-FF985E83A8DC: changes role from CANDIDATE to LEADER at term 1 for changeToLeader
2019-10-17 18:04:38,312 [52d7c564-f7c4-4a63-86b0-c698b024ddc1@group-FF985E83A8DC-LeaderElection64] INFO  impl.RoleInfo (RoleInfo.java:updateAndGet(143)) - 52d7c564-f7c4-4a63-86b0-c698b024ddc1: start FollowerState
2019-10-17 18:04:38,312 [e00ac7e0-d602-44c0-a802-bd2c8b4b49af@group-FF985E83A8DC-LeaderElection65] INFO  impl.RaftServerImpl (ServerState.java:setLeader(255)) - e00ac7e0-d602-44c0-a802-bd2c8b4b49af@group-FF985E83A8DC: change Leader from null to e00ac7e0-d602-44c0-a802-bd2c8b4b49af at term 1 for becomeLeader, leader elected after 5175ms
2019-10-17 18:04:38,313 [e00ac7e0-d602-44c0-a802-bd2c8b4b49af@group-FF985E83A8DC-LeaderElection65] INFO  server.RaftServerConfigKeys (ConfUtils.java:logGet(43)) - raft.server.staging.catchup.gap = 1000 (default)
2019-10-17 18:04:38,313 [e00ac7e0-d602-44c0-a802-bd2c8b4b49af@group-FF985E83A8DC-LeaderElection65] INFO  server.RaftServerConfigKeys (ConfUtils.java:logGet(43)) - raft.server.rpc.sleep.time = 25ms (default)
2019-10-17 18:04:38,313 [e00ac7e0-d602-44c0-a802-bd2c8b4b49af@group-FF985E83A8DC-LeaderElection65] INFO  server.RaftServerConfigKeys (ConfUtils.java:logGet(43)) - raft.server.write.element-limit = 4096 (default)
2019-10-17 18:04:38,313 [e00ac7e0-d602-44c0-a802-bd2c8b4b49af@group-FF985E83A8DC-LeaderElection65] INFO  server.RaftServerConfigKeys (ConfUtils.java:logGet(43)) - raft.server.watch.timeout = 10s (default)
2019-10-17 18:04:38,313 [e00ac7e0-d602-44c0-a802-bd2c8b4b49af@group-FF985E83A8DC-LeaderElection65] INFO  server.RaftServerConfigKeys (ConfUtils.java:logGet(43)) - raft.server.watch.timeout.denomination = 1s (default)
2019-10-17 18:04:38,313 [e00ac7e0-d602-44c0-a802-bd2c8b4b49af@group-FF985E83A8DC-LeaderElection65] INFO  server.RaftServerConfigKeys (ConfUtils.java:logGet(43)) - raft.server.watch.element-limit = 65536 (default)
2019-10-17 18:04:38,315 [e00ac7e0-d602-44c0-a802-bd2c8b4b49af@group-FF985E83A8DC-LeaderElection65] INFO  server.RaftServerConfigKeys (ConfUtils.java:logGet(43)) - raft.server.log.appender.snapshot.chunk.size.max = 16MB (=16777216) (default)
2019-10-17 18:04:38,315 [e00ac7e0-d602-44c0-a802-bd2c8b4b49af@group-FF985E83A8DC-LeaderElection65] INFO  server.RaftServerConfigKeys (ConfUtils.java:logGet(43)) - raft.server.log.appender.buffer.byte-limit = 33554432 (custom)
2019-10-17 18:04:38,315 [e00ac7e0-d602-44c0-a802-bd2c8b4b49af@group-FF985E83A8DC-LeaderElection65] INFO  server.RaftServerConfigKeys (ConfUtils.java:logGet(43)) - raft.server.log.appender.buffer.element-limit = 1 (custom)
2019-10-17 18:04:38,315 [e00ac7e0-d602-44c0-a802-bd2c8b4b49af@group-FF985E83A8DC-LeaderElection65] INFO  grpc.GrpcConfigKeys$Server (ConfUtils.java:logGet(43)) - raft.grpc.server.leader.outstanding.appends.max = 128 (default)
2019-10-17 18:04:38,316 [e00ac7e0-d602-44c0-a802-bd2c8b4b49af@group-FF985E83A8DC-LeaderElection65] INFO  server.RaftServerConfigKeys (ConfUtils.java:logGet(43)) - raft.server.rpc.request.timeout = 3000ms (default)
2019-10-17 18:04:38,316 [e00ac7e0-d602-44c0-a802-bd2c8b4b49af@group-FF985E83A8DC-LeaderElection65] INFO  server.RaftServerConfigKeys (ConfUtils.java:logGet(43)) - raft.server.log.appender.install.snapshot.enabled = false (custom)
2019-10-17 18:04:38,316 [e00ac7e0-d602-44c0-a802-bd2c8b4b49af@group-FF985E83A8DC-LeaderElection65] INFO  server.RaftServerConfigKeys (ConfUtils.java:logGet(43)) - raft.server.log.appender.snapshot.chunk.size.max = 16MB (=16777216) (default)
2019-10-17 18:04:38,316 [e00ac7e0-d602-44c0-a802-bd2c8b4b49af@group-FF985E83A8DC-LeaderElection65] INFO  server.RaftServerConfigKeys (ConfUtils.java:logGet(43)) - raft.server.log.appender.buffer.byte-limit = 33554432 (custom)
2019-10-17 18:04:38,316 [e00ac7e0-d602-44c0-a802-bd2c8b4b49af@group-FF985E83A8DC-LeaderElection65] INFO  server.RaftServerConfigKeys (ConfUtils.java:logGet(43)) - raft.server.log.appender.buffer.element-limit = 1 (custom)
2019-10-17 18:04:38,316 [e00ac7e0-d602-44c0-a802-bd2c8b4b49af@group-FF985E83A8DC-LeaderElection65] INFO  grpc.GrpcConfigKeys$Server (ConfUtils.java:logGet(43)) - raft.grpc.server.leader.outstanding.appends.max = 128 (default)
2019-10-17 18:04:38,316 [e00ac7e0-d602-44c0-a802-bd2c8b4b49af@group-FF985E83A8DC-LeaderElection65] INFO  server.RaftServerConfigKeys (ConfUtils.java:logGet(43)) - raft.server.rpc.request.timeout = 3000ms (default)
2019-10-17 18:04:38,316 [e00ac7e0-d602-44c0-a802-bd2c8b4b49af@group-FF985E83A8DC-LeaderElection65] INFO  server.RaftServerConfigKeys (ConfUtils.java:logGet(43)) - raft.server.log.appender.install.snapshot.enabled = false (custom)
2019-10-17 18:04:38,317 [e00ac7e0-d602-44c0-a802-bd2c8b4b49af@group-FF985E83A8DC-LeaderElection65] INFO  impl.RoleInfo (RoleInfo.java:updateAndGet(143)) - e00ac7e0-d602-44c0-a802-bd2c8b4b49af: start LeaderState
2019-10-17 18:04:38,317 [e00ac7e0-d602-44c0-a802-bd2c8b4b49af@group-FF985E83A8DC-LeaderElection65] INFO  segmented.SegmentedRaftLogWorker (SegmentedRaftLogWorker.java:startLogSegment(385)) - e00ac7e0-d602-44c0-a802-bd2c8b4b49af@group-FF985E83A8DC-SegmentedRaftLogWorker: Starting segment from index:0
2019-10-17 18:04:38,318 [e00ac7e0-d602-44c0-a802-bd2c8b4b49af@group-FF985E83A8DC-LeaderElection65] INFO  impl.RaftServerImpl (ServerState.java:setRaftConf(356)) - e00ac7e0-d602-44c0-a802-bd2c8b4b49af@group-FF985E83A8DC: set configuration 0: [e00ac7e0-d602-44c0-a802-bd2c8b4b49af:192.168.34.17:34654, 606a935d-9f77-46fa-b0b1-0fcd8a4203df:192.168.34.17:34980, 52d7c564-f7c4-4a63-86b0-c698b024ddc1:192.168.34.17:35428], old=null at 0
2019-10-17 18:04:38,319 [grpc-default-executor-0] INFO  impl.RaftServerImpl (ServerState.java:setLeader(255)) - 52d7c564-f7c4-4a63-86b0-c698b024ddc1@group-FF985E83A8DC: change Leader from null to e00ac7e0-d602-44c0-a802-bd2c8b4b49af at term 1 for appendEntries, leader elected after 5182ms
2019-10-17 18:04:38,319 [grpc-default-executor-2] INFO  impl.RaftServerImpl (ServerState.java:setLeader(255)) - 606a935d-9f77-46fa-b0b1-0fcd8a4203df@group-FF985E83A8DC: change Leader from null to e00ac7e0-d602-44c0-a802-bd2c8b4b49af at term 1 for appendEntries, leader elected after 5181ms
2019-10-17 18:04:38,322 [grpc-default-executor-0] INFO  impl.RaftServerImpl (ServerState.java:setRaftConf(356)) - 52d7c564-f7c4-4a63-86b0-c698b024ddc1@group-FF985E83A8DC: set configuration 0: [e00ac7e0-d602-44c0-a802-bd2c8b4b49af:192.168.34.17:34654, 606a935d-9f77-46fa-b0b1-0fcd8a4203df:192.168.34.17:34980, 52d7c564-f7c4-4a63-86b0-c698b024ddc1:192.168.34.17:35428], old=null at 0
2019-10-17 18:04:38,322 [grpc-default-executor-2] INFO  impl.RaftServerImpl (ServerState.java:setRaftConf(356)) - 606a935d-9f77-46fa-b0b1-0fcd8a4203df@group-FF985E83A8DC: set configuration 0: [e00ac7e0-d602-44c0-a802-bd2c8b4b49af:192.168.34.17:34654, 606a935d-9f77-46fa-b0b1-0fcd8a4203df:192.168.34.17:34980, 52d7c564-f7c4-4a63-86b0-c698b024ddc1:192.168.34.17:35428], old=null at 0
2019-10-17 18:04:38,322 [grpc-default-executor-0] INFO  segmented.SegmentedRaftLogWorker (SegmentedRaftLogWorker.java:startLogSegment(385)) - 52d7c564-f7c4-4a63-86b0-c698b024ddc1@group-FF985E83A8DC-SegmentedRaftLogWorker: Starting segment from index:0
2019-10-17 18:04:38,322 [grpc-default-executor-2] INFO  segmented.SegmentedRaftLogWorker (SegmentedRaftLogWorker.java:startLogSegment(385)) - 606a935d-9f77-46fa-b0b1-0fcd8a4203df@group-FF985E83A8DC-SegmentedRaftLogWorker: Starting segment from index:0
2019-10-17 18:04:38,374 [e00ac7e0-d602-44c0-a802-bd2c8b4b49af@group-FF985E83A8DC-SegmentedRaftLogWorker] INFO  segmented.SegmentedRaftLogWorker (SegmentedRaftLogWorker.java:execute(574)) - e00ac7e0-d602-44c0-a802-bd2c8b4b49af@group-FF985E83A8DC-SegmentedRaftLogWorker: created new log segment /workdir/hadoop-ozone/integration-test/target/test-dir/MiniOzoneClusterImpl-4ead1e5d-0753-48ba-be82-f6ca51f96d4f/datanode-2/data/ratis/19f873dd-f4d3-424b-a36d-ff985e83a8dc/current/log_inprogress_0
2019-10-17 18:04:38,396 [606a935d-9f77-46fa-b0b1-0fcd8a4203df@group-FF985E83A8DC-SegmentedRaftLogWorker] INFO  segmented.SegmentedRaftLogWorker (SegmentedRaftLogWorker.java:execute(574)) - 606a935d-9f77-46fa-b0b1-0fcd8a4203df@group-FF985E83A8DC-SegmentedRaftLogWorker: created new log segment /workdir/hadoop-ozone/integration-test/target/test-dir/MiniOzoneClusterImpl-4ead1e5d-0753-48ba-be82-f6ca51f96d4f/datanode-1/data/ratis/19f873dd-f4d3-424b-a36d-ff985e83a8dc/current/log_inprogress_0
2019-10-17 18:04:38,396 [52d7c564-f7c4-4a63-86b0-c698b024ddc1@group-FF985E83A8DC-SegmentedRaftLogWorker] INFO  segmented.SegmentedRaftLogWorker (SegmentedRaftLogWorker.java:execute(574)) - 52d7c564-f7c4-4a63-86b0-c698b024ddc1@group-FF985E83A8DC-SegmentedRaftLogWorker: created new log segment /workdir/hadoop-ozone/integration-test/target/test-dir/MiniOzoneClusterImpl-4ead1e5d-0753-48ba-be82-f6ca51f96d4f/datanode-0/data/ratis/19f873dd-f4d3-424b-a36d-ff985e83a8dc/current/log_inprogress_0
2019-10-17 18:04:43,238 [Thread-1518] INFO  impl.FollowerState (FollowerState.java:run(108)) - 4f6f313f-9acb-4698-ba57-b0b4f44bfacb@group-04532A516155-FollowerState: change to CANDIDATE, lastRpcTime:5090ms, electionTimeout:5090ms
2019-10-17 18:04:43,238 [Thread-1518] INFO  impl.RoleInfo (RoleInfo.java:shutdownFollowerState(121)) - 4f6f313f-9acb-4698-ba57-b0b4f44bfacb: shutdown FollowerState
2019-10-17 18:04:43,238 [Thread-1518] INFO  impl.RaftServerImpl (RaftServerImpl.java:setRole(170)) - 4f6f313f-9acb-4698-ba57-b0b4f44bfacb@group-04532A516155: changes role from  FOLLOWER to CANDIDATE at term 2 for changeToCandidate
2019-10-17 18:04:43,238 [Thread-1518] INFO  impl.RoleInfo (RoleInfo.java:updateAndGet(143)) - 4f6f313f-9acb-4698-ba57-b0b4f44bfacb: start LeaderElection
2019-10-17 18:04:43,263 [4f6f313f-9acb-4698-ba57-b0b4f44bfacb@group-04532A516155-LeaderElection66] INFO  impl.LeaderElection (LeaderElection.java:askForVotes(178)) - 4f6f313f-9acb-4698-ba57-b0b4f44bfacb@group-04532A516155-LeaderElection66: begin an election at term 3 for -1: [66c05cec-4c2d-4482-b9d3-1a6ddd4b84d7:192.168.34.17:45256, 4f6f313f-9acb-4698-ba57-b0b4f44bfacb:192.168.34.17:42803, 0db59126-5ef4-4137-9ff1-95143f9962ad:192.168.34.17:36644], old=null
2019-10-17 18:04:43,270 [grpc-default-executor-2] INFO  impl.RaftServerImpl (RaftServerImpl.java:setRole(170)) - 66c05cec-4c2d-4482-b9d3-1a6ddd4b84d7@group-04532A516155: changes role from  FOLLOWER to FOLLOWER at term 3 for recognizeCandidate:4f6f313f-9acb-4698-ba57-b0b4f44bfacb
2019-10-17 18:04:43,272 [grpc-default-executor-0] INFO  impl.RaftServerImpl (RaftServerImpl.java:setRole(170)) - 0db59126-5ef4-4137-9ff1-95143f9962ad@group-04532A516155: changes role from  FOLLOWER to FOLLOWER at term 3 for recognizeCandidate:4f6f313f-9acb-4698-ba57-b0b4f44bfacb
2019-10-17 18:04:43,272 [grpc-default-executor-2] INFO  impl.RoleInfo (RoleInfo.java:shutdownFollowerState(121)) - 66c05cec-4c2d-4482-b9d3-1a6ddd4b84d7: shutdown FollowerState
2019-10-17 18:04:43,272 [grpc-default-executor-0] INFO  impl.RoleInfo (RoleInfo.java:shutdownFollowerState(121)) - 0db59126-5ef4-4137-9ff1-95143f9962ad: shutdown FollowerState
2019-10-17 18:04:43,272 [grpc-default-executor-2] INFO  impl.RoleInfo (RoleInfo.java:updateAndGet(143)) - 66c05cec-4c2d-4482-b9d3-1a6ddd4b84d7: start FollowerState
2019-10-17 18:04:43,273 [grpc-default-executor-0] INFO  impl.RoleInfo (RoleInfo.java:updateAndGet(143)) - 0db59126-5ef4-4137-9ff1-95143f9962ad: start FollowerState
2019-10-17 18:04:43,272 [Thread-1532] INFO  impl.FollowerState (FollowerState.java:run(117)) - 66c05cec-4c2d-4482-b9d3-1a6ddd4b84d7@group-04532A516155-FollowerState was interrupted: java.lang.InterruptedException: sleep interrupted
2019-10-17 18:04:43,273 [Thread-1531] INFO  impl.FollowerState (FollowerState.java:run(117)) - 0db59126-5ef4-4137-9ff1-95143f9962ad@group-04532A516155-FollowerState was interrupted: java.lang.InterruptedException: sleep interrupted
2019-10-17 18:04:43,298 [4f6f313f-9acb-4698-ba57-b0b4f44bfacb@group-04532A516155-LeaderElection66] INFO  impl.LeaderElection (LeaderElection.java:logAndReturn(56)) - 4f6f313f-9acb-4698-ba57-b0b4f44bfacb@group-04532A516155-LeaderElection66: Election REJECTED; received 2 response(s) [4f6f313f-9acb-4698-ba57-b0b4f44bfacb<-66c05cec-4c2d-4482-b9d3-1a6ddd4b84d7#0:FAIL-t3, 4f6f313f-9acb-4698-ba57-b0b4f44bfacb<-0db59126-5ef4-4137-9ff1-95143f9962ad#0:FAIL-t3] and 0 exception(s); 4f6f313f-9acb-4698-ba57-b0b4f44bfacb@group-04532A516155:t3, leader=null, voted=4f6f313f-9acb-4698-ba57-b0b4f44bfacb, raftlog=4f6f313f-9acb-4698-ba57-b0b4f44bfacb@group-04532A516155-SegmentedRaftLog:OPENED:c-1,f-1,i0, conf=-1: [66c05cec-4c2d-4482-b9d3-1a6ddd4b84d7:192.168.34.17:45256, 4f6f313f-9acb-4698-ba57-b0b4f44bfacb:192.168.34.17:42803, 0db59126-5ef4-4137-9ff1-95143f9962ad:192.168.34.17:36644], old=null
2019-10-17 18:04:43,298 [4f6f313f-9acb-4698-ba57-b0b4f44bfacb@group-04532A516155-LeaderElection66] INFO  impl.RaftServerImpl (RaftServerImpl.java:setRole(170)) - 4f6f313f-9acb-4698-ba57-b0b4f44bfacb@group-04532A516155: changes role from CANDIDATE to FOLLOWER at term 3 for DISCOVERED_A_NEW_TERM
2019-10-17 18:04:43,298 [4f6f313f-9acb-4698-ba57-b0b4f44bfacb@group-04532A516155-LeaderElection66] INFO  impl.RoleInfo (RoleInfo.java:shutdownLeaderElection(134)) - 4f6f313f-9acb-4698-ba57-b0b4f44bfacb: shutdown LeaderElection
2019-10-17 18:04:43,298 [4f6f313f-9acb-4698-ba57-b0b4f44bfacb@group-04532A516155-LeaderElection66] INFO  impl.RoleInfo (RoleInfo.java:updateAndGet(143)) - 4f6f313f-9acb-4698-ba57-b0b4f44bfacb: start FollowerState
2019-10-17 18:04:48,300 [Thread-1565] INFO  impl.FollowerState (FollowerState.java:run(108)) - 0db59126-5ef4-4137-9ff1-95143f9962ad@group-04532A516155-FollowerState: change to CANDIDATE, lastRpcTime:5026ms, electionTimeout:5026ms
2019-10-17 18:04:48,301 [Thread-1565] INFO  impl.RoleInfo (RoleInfo.java:shutdownFollowerState(121)) - 0db59126-5ef4-4137-9ff1-95143f9962ad: shutdown FollowerState
2019-10-17 18:04:48,301 [Thread-1565] INFO  impl.RaftServerImpl (RaftServerImpl.java:setRole(170)) - 0db59126-5ef4-4137-9ff1-95143f9962ad@group-04532A516155: changes role from  FOLLOWER to CANDIDATE at term 3 for changeToCandidate
2019-10-17 18:04:48,301 [Thread-1565] INFO  impl.RoleInfo (RoleInfo.java:updateAndGet(143)) - 0db59126-5ef4-4137-9ff1-95143f9962ad: start LeaderElection
2019-10-17 18:04:48,310 [Thread-1566] INFO  impl.FollowerState (FollowerState.java:run(108)) - 4f6f313f-9acb-4698-ba57-b0b4f44bfacb@group-04532A516155-FollowerState: change to CANDIDATE, lastRpcTime:5011ms, electionTimeout:5011ms
2019-10-17 18:04:48,310 [Thread-1566] INFO  impl.RoleInfo (RoleInfo.java:shutdownFollowerState(121)) - 4f6f313f-9acb-4698-ba57-b0b4f44bfacb: shutdown FollowerState
2019-10-17 18:04:48,310 [Thread-1566] INFO  impl.RaftServerImpl (RaftServerImpl.java:setRole(170)) - 4f6f313f-9acb-4698-ba57-b0b4f44bfacb@group-04532A516155: changes role from  FOLLOWER to CANDIDATE at term 3 for changeToCandidate
2019-10-17 18:04:48,311 [Thread-1566] INFO  impl.RoleInfo (RoleInfo.java:updateAndGet(143)) - 4f6f313f-9acb-4698-ba57-b0b4f44bfacb: start LeaderElection
2019-10-17 18:04:48,337 [Thread-1564] INFO  impl.FollowerState (FollowerState.java:run(108)) - 66c05cec-4c2d-4482-b9d3-1a6ddd4b84d7@group-04532A516155-FollowerState: change to CANDIDATE, lastRpcTime:5064ms, electionTimeout:5064ms
2019-10-17 18:04:48,338 [Thread-1564] INFO  impl.RoleInfo (RoleInfo.java:shutdownFollowerState(121)) - 66c05cec-4c2d-4482-b9d3-1a6ddd4b84d7: shutdown FollowerState
2019-10-17 18:04:48,338 [Thread-1564] INFO  impl.RaftServerImpl (RaftServerImpl.java:setRole(170)) - 66c05cec-4c2d-4482-b9d3-1a6ddd4b84d7@group-04532A516155: changes role from  FOLLOWER to CANDIDATE at term 3 for changeToCandidate
2019-10-17 18:04:48,338 [Thread-1564] INFO  impl.RoleInfo (RoleInfo.java:updateAndGet(143)) - 66c05cec-4c2d-4482-b9d3-1a6ddd4b84d7: start LeaderElection
2019-10-17 18:04:48,351 [0db59126-5ef4-4137-9ff1-95143f9962ad@group-04532A516155-LeaderElection67] INFO  impl.LeaderElection (LeaderElection.java:askForVotes(178)) - 0db59126-5ef4-4137-9ff1-95143f9962ad@group-04532A516155-LeaderElection67: begin an election at term 4 for 0: [66c05cec-4c2d-4482-b9d3-1a6ddd4b84d7:192.168.34.17:45256, 4f6f313f-9acb-4698-ba57-b0b4f44bfacb:192.168.34.17:42803, 0db59126-5ef4-4137-9ff1-95143f9962ad:192.168.34.17:36644], old=null
2019-10-17 18:04:48,351 [4f6f313f-9acb-4698-ba57-b0b4f44bfacb@group-04532A516155-LeaderElection68] INFO  impl.LeaderElection (LeaderElection.java:askForVotes(178)) - 4f6f313f-9acb-4698-ba57-b0b4f44bfacb@group-04532A516155-LeaderElection68: begin an election at term 4 for -1: [66c05cec-4c2d-4482-b9d3-1a6ddd4b84d7:192.168.34.17:45256, 4f6f313f-9acb-4698-ba57-b0b4f44bfacb:192.168.34.17:42803, 0db59126-5ef4-4137-9ff1-95143f9962ad:192.168.34.17:36644], old=null
2019-10-17 18:04:48,351 [66c05cec-4c2d-4482-b9d3-1a6ddd4b84d7@group-04532A516155-LeaderElection69] INFO  impl.LeaderElection (LeaderElection.java:askForVotes(178)) - 66c05cec-4c2d-4482-b9d3-1a6ddd4b84d7@group-04532A516155-LeaderElection69: begin an election at term 4 for 0: [66c05cec-4c2d-4482-b9d3-1a6ddd4b84d7:192.168.34.17:45256, 4f6f313f-9acb-4698-ba57-b0b4f44bfacb:192.168.34.17:42803, 0db59126-5ef4-4137-9ff1-95143f9962ad:192.168.34.17:36644], old=null
2019-10-17 18:04:48,362 [4f6f313f-9acb-4698-ba57-b0b4f44bfacb@group-04532A516155-LeaderElection68] INFO  impl.LeaderElection (LeaderElection.java:logAndReturn(56)) - 4f6f313f-9acb-4698-ba57-b0b4f44bfacb@group-04532A516155-LeaderElection68: Election REJECTED; received 2 response(s) [4f6f313f-9acb-4698-ba57-b0b4f44bfacb<-66c05cec-4c2d-4482-b9d3-1a6ddd4b84d7#0:FAIL-t4, 4f6f313f-9acb-4698-ba57-b0b4f44bfacb<-0db59126-5ef4-4137-9ff1-95143f9962ad#0:FAIL-t4] and 0 exception(s); 4f6f313f-9acb-4698-ba57-b0b4f44bfacb@group-04532A516155:t4, leader=null, voted=4f6f313f-9acb-4698-ba57-b0b4f44bfacb, raftlog=4f6f313f-9acb-4698-ba57-b0b4f44bfacb@group-04532A516155-SegmentedRaftLog:OPENED:c-1,f-1,i0, conf=-1: [66c05cec-4c2d-4482-b9d3-1a6ddd4b84d7:192.168.34.17:45256, 4f6f313f-9acb-4698-ba57-b0b4f44bfacb:192.168.34.17:42803, 0db59126-5ef4-4137-9ff1-95143f9962ad:192.168.34.17:36644], old=null
2019-10-17 18:04:48,362 [4f6f313f-9acb-4698-ba57-b0b4f44bfacb@group-04532A516155-LeaderElection68] INFO  impl.RaftServerImpl (RaftServerImpl.java:setRole(170)) - 4f6f313f-9acb-4698-ba57-b0b4f44bfacb@group-04532A516155: changes role from CANDIDATE to FOLLOWER at term 4 for DISCOVERED_A_NEW_TERM
2019-10-17 18:04:48,363 [4f6f313f-9acb-4698-ba57-b0b4f44bfacb@group-04532A516155-LeaderElection68] INFO  impl.RoleInfo (RoleInfo.java:shutdownLeaderElection(134)) - 4f6f313f-9acb-4698-ba57-b0b4f44bfacb: shutdown LeaderElection
2019-10-17 18:04:48,365 [4f6f313f-9acb-4698-ba57-b0b4f44bfacb@group-04532A516155-LeaderElection68] INFO  impl.RoleInfo (RoleInfo.java:updateAndGet(143)) - 4f6f313f-9acb-4698-ba57-b0b4f44bfacb: start FollowerState
2019-10-17 18:04:48,365 [0db59126-5ef4-4137-9ff1-95143f9962ad@group-04532A516155-LeaderElection67] INFO  impl.LeaderElection (LeaderElection.java:logAndReturn(56)) - 0db59126-5ef4-4137-9ff1-95143f9962ad@group-04532A516155-LeaderElection67: Election REJECTED; received 2 response(s) [0db59126-5ef4-4137-9ff1-95143f9962ad<-66c05cec-4c2d-4482-b9d3-1a6ddd4b84d7#0:FAIL-t4, 0db59126-5ef4-4137-9ff1-95143f9962ad<-4f6f313f-9acb-4698-ba57-b0b4f44bfacb#0:FAIL-t4] and 0 exception(s); 0db59126-5ef4-4137-9ff1-95143f9962ad@group-04532A516155:t4, leader=null, voted=0db59126-5ef4-4137-9ff1-95143f9962ad, raftlog=0db59126-5ef4-4137-9ff1-95143f9962ad@group-04532A516155-SegmentedRaftLog:OPENED:c-1,f0,i0, conf=0: [66c05cec-4c2d-4482-b9d3-1a6ddd4b84d7:192.168.34.17:45256, 4f6f313f-9acb-4698-ba57-b0b4f44bfacb:192.168.34.17:42803, 0db59126-5ef4-4137-9ff1-95143f9962ad:192.168.34.17:36644], old=null
2019-10-17 18:04:48,367 [0db59126-5ef4-4137-9ff1-95143f9962ad@group-04532A516155-LeaderElection67] INFO  impl.RaftServerImpl (RaftServerImpl.java:setRole(170)) - 0db59126-5ef4-4137-9ff1-95143f9962ad@group-04532A516155: changes role from CANDIDATE to FOLLOWER at term 4 for DISCOVERED_A_NEW_TERM
2019-10-17 18:04:48,367 [0db59126-5ef4-4137-9ff1-95143f9962ad@group-04532A516155-LeaderElection67] INFO  impl.RoleInfo (RoleInfo.java:shutdownLeaderElection(134)) - 0db59126-5ef4-4137-9ff1-95143f9962ad: shutdown LeaderElection
2019-10-17 18:04:48,367 [0db59126-5ef4-4137-9ff1-95143f9962ad@group-04532A516155-LeaderElection67] INFO  impl.RoleInfo (RoleInfo.java:updateAndGet(143)) - 0db59126-5ef4-4137-9ff1-95143f9962ad: start FollowerState
2019-10-17 18:04:48,375 [66c05cec-4c2d-4482-b9d3-1a6ddd4b84d7@group-04532A516155-LeaderElection69] INFO  impl.LeaderElection (LeaderElection.java:logAndReturn(56)) - 66c05cec-4c2d-4482-b9d3-1a6ddd4b84d7@group-04532A516155-LeaderElection69: Election REJECTED; received 2 response(s) [66c05cec-4c2d-4482-b9d3-1a6ddd4b84d7<-4f6f313f-9acb-4698-ba57-b0b4f44bfacb#0:FAIL-t4, 66c05cec-4c2d-4482-b9d3-1a6ddd4b84d7<-0db59126-5ef4-4137-9ff1-95143f9962ad#0:FAIL-t4] and 0 exception(s); 66c05cec-4c2d-4482-b9d3-1a6ddd4b84d7@group-04532A516155:t4, leader=null, voted=66c05cec-4c2d-4482-b9d3-1a6ddd4b84d7, raftlog=66c05cec-4c2d-4482-b9d3-1a6ddd4b84d7@group-04532A516155-SegmentedRaftLog:OPENED:c-1,f0,i0, conf=0: [66c05cec-4c2d-4482-b9d3-1a6ddd4b84d7:192.168.34.17:45256, 4f6f313f-9acb-4698-ba57-b0b4f44bfacb:192.168.34.17:42803, 0db59126-5ef4-4137-9ff1-95143f9962ad:192.168.34.17:36644], old=null
2019-10-17 18:04:48,376 [66c05cec-4c2d-4482-b9d3-1a6ddd4b84d7@group-04532A516155-LeaderElection69] INFO  impl.RaftServerImpl (RaftServerImpl.java:setRole(170)) - 66c05cec-4c2d-4482-b9d3-1a6ddd4b84d7@group-04532A516155: changes role from CANDIDATE to FOLLOWER at term 4 for DISCOVERED_A_NEW_TERM
2019-10-17 18:04:48,376 [66c05cec-4c2d-4482-b9d3-1a6ddd4b84d7@group-04532A516155-LeaderElection69] INFO  impl.RoleInfo (RoleInfo.java:shutdownLeaderElection(134)) - 66c05cec-4c2d-4482-b9d3-1a6ddd4b84d7: shutdown LeaderElection
2019-10-17 18:04:48,376 [66c05cec-4c2d-4482-b9d3-1a6ddd4b84d7@group-04532A516155-LeaderElection69] INFO  impl.RoleInfo (RoleInfo.java:updateAndGet(143)) - 66c05cec-4c2d-4482-b9d3-1a6ddd4b84d7: start FollowerState
]]></system-out>
  </testcase>
  <testcase name="testWatchForCommitForGroupMismatchException" classname="org.apache.hadoop.ozone.client.rpc.TestWatchForCommit" time="33.742"/>
  <testcase name="test2WayCommitForTimeoutException" classname="org.apache.hadoop.ozone.client.rpc.TestWatchForCommit" time="36.624">
    <error type="java.util.concurrent.TimeoutException">java.util.concurrent.TimeoutException
	at java.util.concurrent.CompletableFuture.timedGet(CompletableFuture.java:1771)
	at java.util.concurrent.CompletableFuture.get(CompletableFuture.java:1915)
	at org.apache.hadoop.hdds.scm.XceiverClientRatis.watchForCommit(XceiverClientRatis.java:283)
	at org.apache.hadoop.ozone.client.rpc.TestWatchForCommit.test2WayCommitForTimeoutException(TestWatchForCommit.java:391)
	at sun.reflect.NativeMethodAccessorImpl.invoke0(Native Method)
	at sun.reflect.NativeMethodAccessorImpl.invoke(NativeMethodAccessorImpl.java:62)
	at sun.reflect.DelegatingMethodAccessorImpl.invoke(DelegatingMethodAccessorImpl.java:43)
	at java.lang.reflect.Method.invoke(Method.java:498)
	at org.junit.runners.model.FrameworkMethod$1.runReflectiveCall(FrameworkMethod.java:47)
	at org.junit.internal.runners.model.ReflectiveCallable.run(ReflectiveCallable.java:12)
	at org.junit.runners.model.FrameworkMethod.invokeExplosively(FrameworkMethod.java:44)
	at org.junit.internal.runners.statements.InvokeMethod.evaluate(InvokeMethod.java:17)
	at org.junit.runners.ParentRunner.runLeaf(ParentRunner.java:271)
	at org.junit.runners.BlockJUnit4ClassRunner.runChild(BlockJUnit4ClassRunner.java:70)
	at org.junit.runners.BlockJUnit4ClassRunner.runChild(BlockJUnit4ClassRunner.java:50)
	at org.junit.runners.ParentRunner$3.run(ParentRunner.java:238)
	at org.junit.runners.ParentRunner$1.schedule(ParentRunner.java:63)
	at org.junit.runners.ParentRunner.runChildren(ParentRunner.java:236)
	at org.junit.runners.ParentRunner.access$000(ParentRunner.java:53)
	at org.junit.runners.ParentRunner$2.evaluate(ParentRunner.java:229)
	at org.junit.runners.ParentRunner.run(ParentRunner.java:309)
	at org.apache.maven.surefire.junit4.JUnit4Provider.execute(JUnit4Provider.java:365)
	at org.apache.maven.surefire.junit4.JUnit4Provider.executeWithRerun(JUnit4Provider.java:273)
	at org.apache.maven.surefire.junit4.JUnit4Provider.executeTestSet(JUnit4Provider.java:238)
	at org.apache.maven.surefire.junit4.JUnit4Provider.invoke(JUnit4Provider.java:159)
	at org.apache.maven.surefire.booter.ForkedBooter.invokeProviderInSameClassLoader(ForkedBooter.java:384)
	at org.apache.maven.surefire.booter.ForkedBooter.runSuitesInProcess(ForkedBooter.java:345)
	at org.apache.maven.surefire.booter.ForkedBooter.execute(ForkedBooter.java:126)
	at org.apache.maven.surefire.booter.ForkedBooter.main(ForkedBooter.java:418)
</error>
    <system-out><![CDATA[2019-10-17 18:05:27,119 [main] WARN  server.ServerUtils (ServerUtils.java:getScmDbDir(145)) - ozone.scm.db.dirs is not configured. We recommend adding this setting. Falling back to ozone.metadata.dirs instead.
2019-10-17 18:05:28,627 [main] WARN  server.ServerUtils (ServerUtils.java:getScmDbDir(145)) - ozone.scm.db.dirs is not configured. We recommend adding this setting. Falling back to ozone.metadata.dirs instead.
2019-10-17 18:05:28,628 [main] WARN  server.ServerUtils (ServerUtils.java:getScmDbDir(145)) - ozone.scm.db.dirs is not configured. We recommend adding this setting. Falling back to ozone.metadata.dirs instead.
2019-10-17 18:05:28,629 [main] INFO  db.DBStoreBuilder (DBStoreBuilder.java:addTable(117)) - using custom profile for table: deletedBlocks
2019-10-17 18:05:28,630 [main] INFO  db.DBStoreBuilder (DBStoreBuilder.java:processTables(168)) - Using default column profile:DBProfile.DISK for Table:deletedBlocks
2019-10-17 18:05:28,630 [main] INFO  db.DBStoreBuilder (DBStoreBuilder.java:addTable(117)) - using custom profile for table: validCerts
2019-10-17 18:05:28,630 [main] INFO  db.DBStoreBuilder (DBStoreBuilder.java:processTables(168)) - Using default column profile:DBProfile.DISK for Table:validCerts
2019-10-17 18:05:28,631 [main] INFO  db.DBStoreBuilder (DBStoreBuilder.java:addTable(117)) - using custom profile for table: revokedCerts
2019-10-17 18:05:28,631 [main] INFO  db.DBStoreBuilder (DBStoreBuilder.java:processTables(168)) - Using default column profile:DBProfile.DISK for Table:revokedCerts
2019-10-17 18:05:28,631 [main] INFO  db.DBStoreBuilder (DBStoreBuilder.java:addTable(117)) - using custom profile for table: default
2019-10-17 18:05:28,631 [main] INFO  db.DBStoreBuilder (DBStoreBuilder.java:processTables(174)) - Using default column profile:DBProfile.DISK for Table:default
2019-10-17 18:05:28,632 [main] INFO  db.DBStoreBuilder (DBStoreBuilder.java:getDbProfile(205)) - Using default options. DBProfile.DISK
2019-10-17 18:05:34,767 [main] INFO  net.NodeSchemaLoader (NodeSchemaLoader.java:loadSchemaFromFile(125)) - Loading file from sun.misc.CompoundEnumeration@a90e2c1
2019-10-17 18:05:34,767 [main] INFO  net.NodeSchemaLoader (NodeSchemaLoader.java:loadSchema(171)) - Loading network topology layer schema file
2019-10-17 18:05:34,773 [main] WARN  server.ServerUtils (ServerUtils.java:sanitizeUserArgs(70)) - ozone.scm.stale.node.interval value = 300000 is larger than max = 100000 based on the key value of ozone.scm.heartbeat.thread.interval, reset to the max value 100000.
2019-10-17 18:05:34,773 [main] WARN  server.ServerUtils (ServerUtils.java:sanitizeUserArgs(70)) - ozone.scm.stale.node.interval value = 300000 is larger than max = 100000 based on the key value of ozone.scm.heartbeat.thread.interval, reset to the max value 100000.
2019-10-17 18:05:34,773 [main] INFO  node.SCMNodeManager (SCMNodeManager.java:<init>(116)) - Entering startup safe mode.
2019-10-17 18:05:34,774 [main] INFO  algorithms.ContainerPlacementPolicyFactory (ContainerPlacementPolicyFactory.java:getPolicy(57)) - Create container placement policy of type org.apache.hadoop.hdds.scm.container.placement.algorithms.SCMContainerPlacementRandom
2019-10-17 18:05:34,774 [main] WARN  server.ServerUtils (ServerUtils.java:getScmDbDir(145)) - ozone.scm.db.dirs is not configured. We recommend adding this setting. Falling back to ozone.metadata.dirs instead.
2019-10-17 18:05:34,928 [main] INFO  pipeline.SCMPipelineManager (SCMPipelineManager.java:initializePipelineState(132)) - No pipeline exists in current db
2019-10-17 18:05:34,928 [main] WARN  server.ServerUtils (ServerUtils.java:getScmDbDir(145)) - ozone.scm.db.dirs is not configured. We recommend adding this setting. Falling back to ozone.metadata.dirs instead.
2019-10-17 18:05:35,084 [main] WARN  events.EventQueue (EventQueue.java:fireEvent(183)) - No event handler registered for event TypedEvent{payloadType=SafeModeStatus, name='SafeModeStatus'}
2019-10-17 18:05:35,085 [main] INFO  ipc.CallQueueManager (CallQueueManager.java:<init>(84)) - Using callQueue: class java.util.concurrent.LinkedBlockingQueue, queueCapacity: 2000, scheduler: class org.apache.hadoop.ipc.DefaultRpcScheduler, ipcBackoff: false.
2019-10-17 18:05:35,087 [Socket Reader #1 for port 41326] INFO  ipc.Server (Server.java:run(1074)) - Starting Socket Reader #1 for port 41326
2019-10-17 18:05:35,093 [main] INFO  ipc.CallQueueManager (CallQueueManager.java:<init>(84)) - Using callQueue: class java.util.concurrent.LinkedBlockingQueue, queueCapacity: 2000, scheduler: class org.apache.hadoop.ipc.DefaultRpcScheduler, ipcBackoff: false.
2019-10-17 18:05:35,093 [Socket Reader #1 for port 43457] INFO  ipc.Server (Server.java:run(1074)) - Starting Socket Reader #1 for port 43457
2019-10-17 18:05:35,097 [main] INFO  ipc.CallQueueManager (CallQueueManager.java:<init>(84)) - Using callQueue: class java.util.concurrent.LinkedBlockingQueue, queueCapacity: 2000, scheduler: class org.apache.hadoop.ipc.DefaultRpcScheduler, ipcBackoff: false.
2019-10-17 18:05:35,098 [Socket Reader #1 for port 39484] INFO  ipc.Server (Server.java:run(1074)) - Starting Socket Reader #1 for port 39484
2019-10-17 18:05:35,103 [main] INFO  hdfs.DFSUtil (DFSUtil.java:httpServerTemplateForNNAndJN(1641)) - Starting Web-server for scm at: http://0.0.0.0:0
2019-10-17 18:05:35,106 [main] INFO  server.AuthenticationFilter (AuthenticationFilter.java:constructSecretProvider(240)) - Unable to initialize FileSignerSecretProvider, falling back to use random secrets.
2019-10-17 18:05:35,106 [main] WARN  http.HttpRequestLog (HttpRequestLog.java:getRequestLog(97)) - Jetty request log can only be enabled using Log4j
2019-10-17 18:05:35,109 [main] INFO  http.HttpServer2 (HttpServer2.java:addGlobalFilter(975)) - Added global filter 'safety' (class=org.apache.hadoop.http.HttpServer2$QuotingInputFilter)
2019-10-17 18:05:35,110 [main] INFO  http.HttpServer2 (HttpServer2.java:addFilter(948)) - Added filter static_user_filter (class=org.apache.hadoop.http.lib.StaticUserWebFilter$StaticUserFilter) to context scm
2019-10-17 18:05:35,110 [main] INFO  http.HttpServer2 (HttpServer2.java:addFilter(958)) - Added filter static_user_filter (class=org.apache.hadoop.http.lib.StaticUserWebFilter$StaticUserFilter) to context static
2019-10-17 18:05:35,110 [main] INFO  http.HttpServer2 (HttpServer2.java:addFilter(958)) - Added filter static_user_filter (class=org.apache.hadoop.http.lib.StaticUserWebFilter$StaticUserFilter) to context logs
2019-10-17 18:05:35,113 [main] INFO  server.StorageContainerManager (StorageContainerManager.java:start(772)) - StorageContainerLocationProtocol RPC server is listening at /0.0.0.0:39484
2019-10-17 18:05:35,116 [main] WARN  impl.MetricsConfig (MetricsConfig.java:loadFirst(134)) - Cannot locate configuration: tried hadoop-metrics2-storagecontainermanager.properties,hadoop-metrics2.properties
2019-10-17 18:05:35,117 [main] INFO  impl.MetricsSystemImpl (MetricsSystemImpl.java:startTimer(374)) - Scheduled Metric snapshot period at 10 second(s).
2019-10-17 18:05:35,117 [main] INFO  impl.MetricsSystemImpl (MetricsSystemImpl.java:start(191)) - StorageContainerManager metrics system started
2019-10-17 18:05:35,534 [main] WARN  impl.MetricsSystemImpl (MetricsSystemImpl.java:register(276)) - Sink prometheus already exists!
2019-10-17 18:05:35,966 [main] INFO  server.SCMClientProtocolServer (SCMClientProtocolServer.java:start(159)) - RPC server for Client  is listening at /0.0.0.0:39484
2019-10-17 18:05:35,966 [IPC Server Responder] INFO  ipc.Server (Server.java:run(1314)) - IPC Server Responder: starting
2019-10-17 18:05:35,966 [IPC Server listener on 39484] INFO  ipc.Server (Server.java:run(1153)) - IPC Server listener on 39484: starting
2019-10-17 18:05:35,971 [main] INFO  server.StorageContainerManager (StorageContainerManager.java:start(782)) - ScmBlockLocationProtocol RPC server is listening at /0.0.0.0:43457
2019-10-17 18:05:35,972 [main] INFO  server.SCMBlockProtocolServer (SCMBlockProtocolServer.java:start(146)) - RPC server for Block Protocol is listening at /0.0.0.0:43457
2019-10-17 18:05:35,973 [IPC Server Responder] INFO  ipc.Server (Server.java:run(1314)) - IPC Server Responder: starting
2019-10-17 18:05:35,973 [IPC Server listener on 43457] INFO  ipc.Server (Server.java:run(1153)) - IPC Server listener on 43457: starting
2019-10-17 18:05:35,985 [main] INFO  server.StorageContainerManager (StorageContainerManager.java:start(786)) - ScmDatanodeProtocl RPC server is listening at /0.0.0.0:41326
2019-10-17 18:05:35,985 [main] INFO  server.SCMDatanodeProtocolServer (SCMDatanodeProtocolServer.java:start(169)) - RPC server for DataNodes is listening at /0.0.0.0:41326
2019-10-17 18:05:35,985 [IPC Server Responder] INFO  ipc.Server (Server.java:run(1314)) - IPC Server Responder: starting
2019-10-17 18:05:35,985 [IPC Server listener on 41326] INFO  ipc.Server (Server.java:run(1153)) - IPC Server listener on 41326: starting
2019-10-17 18:05:35,991 [main] INFO  http.HttpServer2 (HttpServer2.java:bindListener(1191)) - Jetty bound to port 34398
2019-10-17 18:05:35,992 [main] INFO  server.Server (Server.java:doStart(351)) - jetty-9.3.25.v20180904, build timestamp: 2018-09-04T21:11:46Z, git hash: 3ce520221d0240229c862b122d2b06c12a625732
2019-10-17 18:05:35,994 [main] INFO  handler.ContextHandler (ContextHandler.java:doStart(781)) - Started o.e.j.s.ServletContextHandler@b5ac0c1{/logs,file:///workdir/hadoop-ozone/integration-test/target/log,AVAILABLE}
2019-10-17 18:05:35,994 [main] INFO  handler.ContextHandler (ContextHandler.java:doStart(781)) - Started o.e.j.s.ServletContextHandler@36ad229b{/static,file:///workdir/hadoop-ozone/integration-test/target/test-classes/webapps/static,AVAILABLE}
2019-10-17 18:05:35,999 [main] INFO  handler.ContextHandler (ContextHandler.java:doStart(781)) - Started o.e.j.w.WebAppContext@580902cd{/,file:///workdir/hadoop-ozone/integration-test/target/test-classes/webapps/scm/,AVAILABLE}{/scm}
2019-10-17 18:05:36,000 [main] INFO  server.AbstractConnector (AbstractConnector.java:doStart(278)) - Started ServerConnector@3757e8e2{HTTP/1.1,[http/1.1]}{0.0.0.0:34398}
2019-10-17 18:05:36,002 [main] INFO  server.Server (Server.java:doStart(419)) - Started @172312ms
2019-10-17 18:05:36,002 [main] WARN  impl.MetricsSystemImpl (MetricsSystemImpl.java:register(276)) - Sink prometheus already exists!
2019-10-17 18:05:36,003 [main] INFO  server.BaseHttpServer (BaseHttpServer.java:updateConnectorAddress(215)) - HTTP server of SCM is listening at http://0.0.0.0:34398
2019-10-17 18:05:36,005 [main] WARN  server.ServerUtils (ServerUtils.java:getDBPath(222)) - ozone.om.db.dirs is not configured. We recommend adding this setting. Falling back to ozone.metadata.dirs instead.
2019-10-17 18:05:36,005 [org.apache.hadoop.util.JvmPauseMonitor$Monitor@7f8a9454] INFO  util.JvmPauseMonitor (JvmPauseMonitor.java:run(188)) - Starting JVM pause monitor
2019-10-17 18:05:36,036 [main] INFO  ha.OMHANodeDetails (OMHANodeDetails.java:loadOMHAConfig(190)) - Configuration either no ozone.om.address set. Falling back to the default OM address /127.0.0.1:0
2019-10-17 18:05:36,036 [main] INFO  ha.OMHANodeDetails (OMHANodeDetails.java:getOMNodeDetails(220)) - OM Service ID is not set. Setting it to the default ID: omServiceIdDefault
2019-10-17 18:05:36,037 [main] WARN  server.ServerUtils (ServerUtils.java:getDBPath(222)) - ozone.om.db.dirs is not configured. We recommend adding this setting. Falling back to ozone.metadata.dirs instead.
2019-10-17 18:05:36,037 [main] WARN  server.ServerUtils (ServerUtils.java:getDBPath(222)) - ozone.om.db.dirs is not configured. We recommend adding this setting. Falling back to ozone.metadata.dirs instead.
2019-10-17 18:05:36,049 [main] WARN  server.ServerUtils (ServerUtils.java:getDBPath(222)) - ozone.om.db.dirs is not configured. We recommend adding this setting. Falling back to ozone.metadata.dirs instead.
2019-10-17 18:05:36,050 [main] INFO  db.DBStoreBuilder (DBStoreBuilder.java:addTable(117)) - using custom profile for table: userTable
2019-10-17 18:05:36,050 [main] INFO  db.DBStoreBuilder (DBStoreBuilder.java:processTables(168)) - Using default column profile:DBProfile.DISK for Table:userTable
2019-10-17 18:05:36,050 [main] INFO  db.DBStoreBuilder (DBStoreBuilder.java:addTable(117)) - using custom profile for table: volumeTable
2019-10-17 18:05:36,050 [main] INFO  db.DBStoreBuilder (DBStoreBuilder.java:processTables(168)) - Using default column profile:DBProfile.DISK for Table:volumeTable
2019-10-17 18:05:36,050 [main] INFO  db.DBStoreBuilder (DBStoreBuilder.java:addTable(117)) - using custom profile for table: bucketTable
2019-10-17 18:05:36,051 [main] INFO  db.DBStoreBuilder (DBStoreBuilder.java:processTables(168)) - Using default column profile:DBProfile.DISK for Table:bucketTable
2019-10-17 18:05:36,051 [main] INFO  db.DBStoreBuilder (DBStoreBuilder.java:addTable(117)) - using custom profile for table: keyTable
2019-10-17 18:05:36,051 [main] INFO  db.DBStoreBuilder (DBStoreBuilder.java:processTables(168)) - Using default column profile:DBProfile.DISK for Table:keyTable
2019-10-17 18:05:36,051 [main] INFO  db.DBStoreBuilder (DBStoreBuilder.java:addTable(117)) - using custom profile for table: deletedTable
2019-10-17 18:05:36,051 [main] INFO  db.DBStoreBuilder (DBStoreBuilder.java:processTables(168)) - Using default column profile:DBProfile.DISK for Table:deletedTable
2019-10-17 18:05:36,052 [main] INFO  db.DBStoreBuilder (DBStoreBuilder.java:addTable(117)) - using custom profile for table: openKeyTable
2019-10-17 18:05:36,052 [main] INFO  db.DBStoreBuilder (DBStoreBuilder.java:processTables(168)) - Using default column profile:DBProfile.DISK for Table:openKeyTable
2019-10-17 18:05:36,052 [main] INFO  db.DBStoreBuilder (DBStoreBuilder.java:addTable(117)) - using custom profile for table: s3Table
2019-10-17 18:05:36,052 [main] INFO  db.DBStoreBuilder (DBStoreBuilder.java:processTables(168)) - Using default column profile:DBProfile.DISK for Table:s3Table
2019-10-17 18:05:36,052 [main] INFO  db.DBStoreBuilder (DBStoreBuilder.java:addTable(117)) - using custom profile for table: multipartInfoTable
2019-10-17 18:05:36,052 [main] INFO  db.DBStoreBuilder (DBStoreBuilder.java:processTables(168)) - Using default column profile:DBProfile.DISK for Table:multipartInfoTable
2019-10-17 18:05:36,053 [main] INFO  db.DBStoreBuilder (DBStoreBuilder.java:addTable(117)) - using custom profile for table: dTokenTable
2019-10-17 18:05:36,053 [main] INFO  db.DBStoreBuilder (DBStoreBuilder.java:processTables(168)) - Using default column profile:DBProfile.DISK for Table:dTokenTable
2019-10-17 18:05:36,053 [main] INFO  db.DBStoreBuilder (DBStoreBuilder.java:addTable(117)) - using custom profile for table: s3SecretTable
2019-10-17 18:05:36,053 [main] INFO  db.DBStoreBuilder (DBStoreBuilder.java:processTables(168)) - Using default column profile:DBProfile.DISK for Table:s3SecretTable
2019-10-17 18:05:36,053 [main] INFO  db.DBStoreBuilder (DBStoreBuilder.java:addTable(117)) - using custom profile for table: prefixTable
2019-10-17 18:05:36,054 [main] INFO  db.DBStoreBuilder (DBStoreBuilder.java:processTables(168)) - Using default column profile:DBProfile.DISK for Table:prefixTable
2019-10-17 18:05:36,054 [main] INFO  db.DBStoreBuilder (DBStoreBuilder.java:addTable(117)) - using custom profile for table: default
2019-10-17 18:05:36,054 [main] INFO  db.DBStoreBuilder (DBStoreBuilder.java:processTables(174)) - Using default column profile:DBProfile.DISK for Table:default
2019-10-17 18:05:36,054 [main] INFO  db.DBStoreBuilder (DBStoreBuilder.java:getDbProfile(205)) - Using default options. DBProfile.DISK
2019-10-17 18:05:36,861 [main] INFO  ipc.CallQueueManager (CallQueueManager.java:<init>(84)) - Using callQueue: class java.util.concurrent.LinkedBlockingQueue, queueCapacity: 2000, scheduler: class org.apache.hadoop.ipc.DefaultRpcScheduler, ipcBackoff: false.
2019-10-17 18:05:36,862 [Socket Reader #1 for port 40379] INFO  ipc.Server (Server.java:run(1074)) - Starting Socket Reader #1 for port 40379
2019-10-17 18:05:36,883 [main] INFO  om.OzoneManager (OzoneManager.java:start(1073)) - OzoneManager RPC server is listening at localhost/127.0.0.1:40379
2019-10-17 18:05:36,884 [main] INFO  impl.MetricsSystemImpl (MetricsSystemImpl.java:init(158)) - OzoneManager metrics system started (again)
2019-10-17 18:05:36,888 [IPC Server Responder] INFO  ipc.Server (Server.java:run(1314)) - IPC Server Responder: starting
2019-10-17 18:05:36,888 [IPC Server listener on 40379] INFO  ipc.Server (Server.java:run(1153)) - IPC Server listener on 40379: starting
2019-10-17 18:05:36,897 [main] INFO  hdfs.DFSUtil (DFSUtil.java:httpServerTemplateForNNAndJN(1641)) - Starting Web-server for ozoneManager at: http://0.0.0.0:0
2019-10-17 18:05:36,899 [main] INFO  server.AuthenticationFilter (AuthenticationFilter.java:constructSecretProvider(240)) - Unable to initialize FileSignerSecretProvider, falling back to use random secrets.
2019-10-17 18:05:36,900 [main] WARN  http.HttpRequestLog (HttpRequestLog.java:getRequestLog(97)) - Jetty request log can only be enabled using Log4j
2019-10-17 18:05:36,901 [main] INFO  http.HttpServer2 (HttpServer2.java:addGlobalFilter(975)) - Added global filter 'safety' (class=org.apache.hadoop.http.HttpServer2$QuotingInputFilter)
2019-10-17 18:05:36,902 [main] INFO  http.HttpServer2 (HttpServer2.java:addFilter(948)) - Added filter static_user_filter (class=org.apache.hadoop.http.lib.StaticUserWebFilter$StaticUserFilter) to context ozoneManager
2019-10-17 18:05:36,902 [main] INFO  http.HttpServer2 (HttpServer2.java:addFilter(958)) - Added filter static_user_filter (class=org.apache.hadoop.http.lib.StaticUserWebFilter$StaticUserFilter) to context static
2019-10-17 18:05:36,902 [main] INFO  http.HttpServer2 (HttpServer2.java:addFilter(958)) - Added filter static_user_filter (class=org.apache.hadoop.http.lib.StaticUserWebFilter$StaticUserFilter) to context logs
2019-10-17 18:05:36,903 [main] INFO  http.HttpServer2 (HttpServer2.java:bindListener(1191)) - Jetty bound to port 35266
2019-10-17 18:05:36,903 [main] INFO  server.Server (Server.java:doStart(351)) - jetty-9.3.25.v20180904, build timestamp: 2018-09-04T21:11:46Z, git hash: 3ce520221d0240229c862b122d2b06c12a625732
2019-10-17 18:05:36,905 [main] INFO  handler.ContextHandler (ContextHandler.java:doStart(781)) - Started o.e.j.s.ServletContextHandler@7e5efcab{/logs,file:///workdir/hadoop-ozone/integration-test/target/log,AVAILABLE}
2019-10-17 18:05:36,905 [main] INFO  handler.ContextHandler (ContextHandler.java:doStart(781)) - Started o.e.j.s.ServletContextHandler@1d2fb82{/static,file:///workdir/hadoop-ozone/integration-test/target/test-classes/webapps/static,AVAILABLE}
2019-10-17 18:05:36,910 [main] INFO  handler.ContextHandler (ContextHandler.java:doStart(781)) - Started o.e.j.w.WebAppContext@357f6391{/,file:///workdir/hadoop-ozone/integration-test/target/test-classes/webapps/ozoneManager/,AVAILABLE}{/ozoneManager}
2019-10-17 18:05:36,910 [main] INFO  server.AbstractConnector (AbstractConnector.java:doStart(278)) - Started ServerConnector@689faf79{HTTP/1.1,[http/1.1]}{0.0.0.0:35266}
2019-10-17 18:05:36,913 [main] INFO  server.Server (Server.java:doStart(419)) - Started @173223ms
2019-10-17 18:05:36,913 [main] WARN  impl.MetricsSystemImpl (MetricsSystemImpl.java:register(276)) - Sink prometheus already exists!
2019-10-17 18:05:36,914 [main] INFO  server.BaseHttpServer (BaseHttpServer.java:updateConnectorAddress(215)) - HTTP server of OZONEMANAGER is listening at http://0.0.0.0:35266
2019-10-17 18:05:36,929 [main] INFO  impl.MetricsSystemImpl (MetricsSystemImpl.java:init(158)) - HddsDatanode metrics system started (again)
2019-10-17 18:05:36,959 [main] INFO  ozone.HddsDatanodeService (HddsDatanodeService.java:start(184)) - HddsDatanodeService host:pr-hdds-2240-zn58d-574671676 ip:192.168.34.17
2019-10-17 18:05:36,971 [main] INFO  volume.HddsVolume (HddsVolume.java:<init>(176)) - Creating Volume: /workdir/hadoop-ozone/integration-test/target/test-dir/MiniOzoneClusterImpl-e666d1ac-6527-4543-88b6-0d02e23d4ccf/datanode-0/data/containers/hdds of  storage type : DISK and capacity : 1482555576320
2019-10-17 18:05:36,971 [main] INFO  volume.VolumeSet (VolumeSet.java:initializeVolumeSet(170)) - Added Volume : /workdir/hadoop-ozone/integration-test/target/test-dir/MiniOzoneClusterImpl-e666d1ac-6527-4543-88b6-0d02e23d4ccf/datanode-0/data/containers/hdds to VolumeSet
2019-10-17 18:05:36,972 [main] INFO  volume.ThrottledAsyncChecker (ThrottledAsyncChecker.java:schedule(141)) - Scheduling a check for org.apache.hadoop.ozone.container.common.volume.HddsVolume@58f254b1
2019-10-17 18:05:36,972 [main] INFO  volume.HddsVolumeChecker (HddsVolumeChecker.java:checkAllVolumes(204)) - Scheduled health check for volume org.apache.hadoop.ozone.container.common.volume.HddsVolume@58f254b1
2019-10-17 18:05:36,988 [main] INFO  impl.RaftServerProxy (ConfUtils.java:logGet(43)) - raft.rpc.type = GRPC (default)
2019-10-17 18:05:36,988 [main] INFO  grpc.GrpcFactory (GrpcFactory.java:checkPooledByteBufAllocatorUseCacheForAllThreads(45)) - PERFORMANCE WARNING: useCacheForAllThreads is true that may cause Netty to create a lot garbage objects and, as a result, trigger GC.
	It is recommended to disable useCacheForAllThreads by setting -Dorg.apache.ratis.thirdparty.io.netty.allocator.useCacheForAllThreads=false in command line.
2019-10-17 18:05:36,988 [main] INFO  grpc.GrpcConfigKeys$Server (ConfUtils.java:logGet(43)) - raft.grpc.server.port = 0 (default)
2019-10-17 18:05:36,988 [main] INFO  server.GrpcService (ConfUtils.java:logGet(43)) - raft.grpc.message.size.max = 33570816 (custom)
2019-10-17 18:05:36,988 [main] INFO  server.RaftServerConfigKeys (ConfUtils.java:logGet(43)) - raft.server.log.appender.buffer.byte-limit = 33554432 (custom)
2019-10-17 18:05:36,989 [main] INFO  server.GrpcService (ConfUtils.java:logGet(43)) - raft.grpc.flow.control.window = 1MB (=1048576) (default)
2019-10-17 18:05:36,989 [main] INFO  server.RaftServerConfigKeys (ConfUtils.java:logGet(43)) - raft.server.rpc.request.timeout = 3000ms (default)
2019-10-17 18:05:36,989 [main] INFO  server.RaftServerConfigKeys (ConfUtils.java:logGet(43)) - raft.server.storage.dir = [/workdir/hadoop-ozone/integration-test/target/test-dir/MiniOzoneClusterImpl-e666d1ac-6527-4543-88b6-0d02e23d4ccf/datanode-0/data/ratis] (custom)
2019-10-17 18:05:36,991 [main] INFO  hdfs.DFSUtil (DFSUtil.java:httpServerTemplateForNNAndJN(1641)) - Starting Web-server for hddsDatanode at: http://0.0.0.0:0
2019-10-17 18:05:36,992 [main] INFO  server.AuthenticationFilter (AuthenticationFilter.java:constructSecretProvider(240)) - Unable to initialize FileSignerSecretProvider, falling back to use random secrets.
2019-10-17 18:05:36,992 [main] WARN  http.HttpRequestLog (HttpRequestLog.java:getRequestLog(97)) - Jetty request log can only be enabled using Log4j
2019-10-17 18:05:36,994 [main] INFO  http.HttpServer2 (HttpServer2.java:addGlobalFilter(975)) - Added global filter 'safety' (class=org.apache.hadoop.http.HttpServer2$QuotingInputFilter)
2019-10-17 18:05:36,994 [main] INFO  http.HttpServer2 (HttpServer2.java:addFilter(948)) - Added filter static_user_filter (class=org.apache.hadoop.http.lib.StaticUserWebFilter$StaticUserFilter) to context hddsDatanode
2019-10-17 18:05:36,994 [main] INFO  http.HttpServer2 (HttpServer2.java:addFilter(958)) - Added filter static_user_filter (class=org.apache.hadoop.http.lib.StaticUserWebFilter$StaticUserFilter) to context logs
2019-10-17 18:05:36,994 [main] INFO  http.HttpServer2 (HttpServer2.java:addFilter(958)) - Added filter static_user_filter (class=org.apache.hadoop.http.lib.StaticUserWebFilter$StaticUserFilter) to context static
2019-10-17 18:05:36,995 [main] INFO  http.HttpServer2 (HttpServer2.java:bindListener(1191)) - Jetty bound to port 37497
2019-10-17 18:05:36,995 [main] INFO  server.Server (Server.java:doStart(351)) - jetty-9.3.25.v20180904, build timestamp: 2018-09-04T21:11:46Z, git hash: 3ce520221d0240229c862b122d2b06c12a625732
2019-10-17 18:05:36,997 [main] INFO  handler.ContextHandler (ContextHandler.java:doStart(781)) - Started o.e.j.s.ServletContextHandler@7ddcb0dc{/logs,file:///workdir/hadoop-ozone/integration-test/target/log,AVAILABLE}
2019-10-17 18:05:36,997 [main] INFO  handler.ContextHandler (ContextHandler.java:doStart(781)) - Started o.e.j.s.ServletContextHandler@2c1d57bc{/static,jar:file:/home/user/.m2/repository/org/apache/hadoop/hadoop-hdds-container-service/0.5.0-SNAPSHOT/hadoop-hdds-container-service-0.5.0-SNAPSHOT.jar!/webapps/static,AVAILABLE}
2019-10-17 18:05:37,025 [main] INFO  handler.ContextHandler (ContextHandler.java:doStart(781)) - Started o.e.j.w.WebAppContext@6806468e{/,file:///tmp/jetty-0.0.0.0-37497-hddsDatanode-_-any-5621711471895266833.dir/webapp/,AVAILABLE}{/hddsDatanode}
2019-10-17 18:05:37,026 [main] INFO  server.AbstractConnector (AbstractConnector.java:doStart(278)) - Started ServerConnector@3c7b137a{HTTP/1.1,[http/1.1]}{0.0.0.0:37497}
2019-10-17 18:05:37,029 [main] INFO  server.Server (Server.java:doStart(419)) - Started @173340ms
2019-10-17 18:05:37,029 [main] WARN  impl.MetricsSystemImpl (MetricsSystemImpl.java:register(276)) - Sink prometheus already exists!
2019-10-17 18:05:37,030 [main] INFO  server.BaseHttpServer (BaseHttpServer.java:updateConnectorAddress(215)) - HTTP server of HDDSDATANODE is listening at http://0.0.0.0:37497
2019-10-17 18:05:37,031 [main] INFO  impl.MetricsSystemImpl (MetricsSystemImpl.java:init(158)) - HddsDatanode metrics system started (again)
2019-10-17 18:05:37,055 [org.apache.hadoop.util.JvmPauseMonitor$Monitor@5e1d9b85] INFO  util.JvmPauseMonitor (JvmPauseMonitor.java:run(188)) - Starting JVM pause monitor
2019-10-17 18:05:37,056 [main] INFO  ozone.HddsDatanodeService (HddsDatanodeService.java:start(184)) - HddsDatanodeService host:pr-hdds-2240-zn58d-574671676 ip:192.168.34.17
2019-10-17 18:05:37,056 [Datanode State Machine Thread - 0] INFO  datanode.InitDatanodeState (InitDatanodeState.java:persistContainerDatanodeDetails(140)) - DatanodeDetails is persisted to /workdir/hadoop-ozone/integration-test/target/test-dir/MiniOzoneClusterImpl-e666d1ac-6527-4543-88b6-0d02e23d4ccf/datanode-0/meta/datanode.id
2019-10-17 18:05:37,066 [main] INFO  volume.HddsVolume (HddsVolume.java:<init>(176)) - Creating Volume: /workdir/hadoop-ozone/integration-test/target/test-dir/MiniOzoneClusterImpl-e666d1ac-6527-4543-88b6-0d02e23d4ccf/datanode-1/data/containers/hdds of  storage type : DISK and capacity : 1482555576320
2019-10-17 18:05:37,066 [main] INFO  volume.VolumeSet (VolumeSet.java:initializeVolumeSet(170)) - Added Volume : /workdir/hadoop-ozone/integration-test/target/test-dir/MiniOzoneClusterImpl-e666d1ac-6527-4543-88b6-0d02e23d4ccf/datanode-1/data/containers/hdds to VolumeSet
2019-10-17 18:05:37,066 [main] INFO  volume.ThrottledAsyncChecker (ThrottledAsyncChecker.java:schedule(141)) - Scheduling a check for org.apache.hadoop.ozone.container.common.volume.HddsVolume@2c2c3947
2019-10-17 18:05:37,067 [main] INFO  volume.HddsVolumeChecker (HddsVolumeChecker.java:checkAllVolumes(204)) - Scheduled health check for volume org.apache.hadoop.ozone.container.common.volume.HddsVolume@2c2c3947
2019-10-17 18:05:37,083 [main] INFO  impl.RaftServerProxy (ConfUtils.java:logGet(43)) - raft.rpc.type = GRPC (default)
2019-10-17 18:05:37,083 [main] INFO  grpc.GrpcFactory (GrpcFactory.java:checkPooledByteBufAllocatorUseCacheForAllThreads(45)) - PERFORMANCE WARNING: useCacheForAllThreads is true that may cause Netty to create a lot garbage objects and, as a result, trigger GC.
	It is recommended to disable useCacheForAllThreads by setting -Dorg.apache.ratis.thirdparty.io.netty.allocator.useCacheForAllThreads=false in command line.
2019-10-17 18:05:37,083 [main] INFO  grpc.GrpcConfigKeys$Server (ConfUtils.java:logGet(43)) - raft.grpc.server.port = 0 (default)
2019-10-17 18:05:37,083 [main] INFO  server.GrpcService (ConfUtils.java:logGet(43)) - raft.grpc.message.size.max = 33570816 (custom)
2019-10-17 18:05:37,083 [main] INFO  server.RaftServerConfigKeys (ConfUtils.java:logGet(43)) - raft.server.log.appender.buffer.byte-limit = 33554432 (custom)
2019-10-17 18:05:37,083 [main] INFO  server.GrpcService (ConfUtils.java:logGet(43)) - raft.grpc.flow.control.window = 1MB (=1048576) (default)
2019-10-17 18:05:37,084 [main] INFO  server.RaftServerConfigKeys (ConfUtils.java:logGet(43)) - raft.server.rpc.request.timeout = 3000ms (default)
2019-10-17 18:05:37,084 [main] INFO  server.RaftServerConfigKeys (ConfUtils.java:logGet(43)) - raft.server.storage.dir = [/workdir/hadoop-ozone/integration-test/target/test-dir/MiniOzoneClusterImpl-e666d1ac-6527-4543-88b6-0d02e23d4ccf/datanode-1/data/ratis] (custom)
2019-10-17 18:05:37,085 [main] INFO  hdfs.DFSUtil (DFSUtil.java:httpServerTemplateForNNAndJN(1641)) - Starting Web-server for hddsDatanode at: http://0.0.0.0:0
2019-10-17 18:05:37,086 [main] INFO  server.AuthenticationFilter (AuthenticationFilter.java:constructSecretProvider(240)) - Unable to initialize FileSignerSecretProvider, falling back to use random secrets.
2019-10-17 18:05:37,087 [main] WARN  http.HttpRequestLog (HttpRequestLog.java:getRequestLog(97)) - Jetty request log can only be enabled using Log4j
2019-10-17 18:05:37,088 [main] INFO  http.HttpServer2 (HttpServer2.java:addGlobalFilter(975)) - Added global filter 'safety' (class=org.apache.hadoop.http.HttpServer2$QuotingInputFilter)
2019-10-17 18:05:37,088 [main] INFO  http.HttpServer2 (HttpServer2.java:addFilter(948)) - Added filter static_user_filter (class=org.apache.hadoop.http.lib.StaticUserWebFilter$StaticUserFilter) to context hddsDatanode
2019-10-17 18:05:37,088 [main] INFO  http.HttpServer2 (HttpServer2.java:addFilter(958)) - Added filter static_user_filter (class=org.apache.hadoop.http.lib.StaticUserWebFilter$StaticUserFilter) to context logs
2019-10-17 18:05:37,088 [main] INFO  http.HttpServer2 (HttpServer2.java:addFilter(958)) - Added filter static_user_filter (class=org.apache.hadoop.http.lib.StaticUserWebFilter$StaticUserFilter) to context static
2019-10-17 18:05:37,089 [main] INFO  http.HttpServer2 (HttpServer2.java:bindListener(1191)) - Jetty bound to port 40348
2019-10-17 18:05:37,089 [main] INFO  server.Server (Server.java:doStart(351)) - jetty-9.3.25.v20180904, build timestamp: 2018-09-04T21:11:46Z, git hash: 3ce520221d0240229c862b122d2b06c12a625732
2019-10-17 18:05:37,091 [main] INFO  handler.ContextHandler (ContextHandler.java:doStart(781)) - Started o.e.j.s.ServletContextHandler@5a4d4f9c{/logs,file:///workdir/hadoop-ozone/integration-test/target/log,AVAILABLE}
2019-10-17 18:05:37,091 [main] INFO  handler.ContextHandler (ContextHandler.java:doStart(781)) - Started o.e.j.s.ServletContextHandler@6c9b44bf{/static,jar:file:/home/user/.m2/repository/org/apache/hadoop/hadoop-hdds-container-service/0.5.0-SNAPSHOT/hadoop-hdds-container-service-0.5.0-SNAPSHOT.jar!/webapps/static,AVAILABLE}
2019-10-17 18:05:37,119 [main] INFO  handler.ContextHandler (ContextHandler.java:doStart(781)) - Started o.e.j.w.WebAppContext@1a1f79ce{/,file:///tmp/jetty-0.0.0.0-40348-hddsDatanode-_-any-4961018065238979401.dir/webapp/,AVAILABLE}{/hddsDatanode}
2019-10-17 18:05:37,119 [main] INFO  server.AbstractConnector (AbstractConnector.java:doStart(278)) - Started ServerConnector@6aa7e176{HTTP/1.1,[http/1.1]}{0.0.0.0:40348}
2019-10-17 18:05:37,123 [main] INFO  server.Server (Server.java:doStart(419)) - Started @173433ms
2019-10-17 18:05:37,123 [main] WARN  impl.MetricsSystemImpl (MetricsSystemImpl.java:register(276)) - Sink prometheus already exists!
2019-10-17 18:05:37,124 [main] INFO  server.BaseHttpServer (BaseHttpServer.java:updateConnectorAddress(215)) - HTTP server of HDDSDATANODE is listening at http://0.0.0.0:40348
2019-10-17 18:05:37,124 [main] INFO  impl.MetricsSystemImpl (MetricsSystemImpl.java:init(158)) - HddsDatanode metrics system started (again)
2019-10-17 18:05:37,149 [org.apache.hadoop.util.JvmPauseMonitor$Monitor@1320e64b] INFO  util.JvmPauseMonitor (JvmPauseMonitor.java:run(188)) - Starting JVM pause monitor
2019-10-17 18:05:37,150 [main] INFO  ozone.HddsDatanodeService (HddsDatanodeService.java:start(184)) - HddsDatanodeService host:pr-hdds-2240-zn58d-574671676 ip:192.168.34.17
2019-10-17 18:05:37,150 [Datanode State Machine Thread - 0] INFO  datanode.InitDatanodeState (InitDatanodeState.java:persistContainerDatanodeDetails(140)) - DatanodeDetails is persisted to /workdir/hadoop-ozone/integration-test/target/test-dir/MiniOzoneClusterImpl-e666d1ac-6527-4543-88b6-0d02e23d4ccf/datanode-1/meta/datanode.id
2019-10-17 18:05:37,160 [main] INFO  volume.HddsVolume (HddsVolume.java:<init>(176)) - Creating Volume: /workdir/hadoop-ozone/integration-test/target/test-dir/MiniOzoneClusterImpl-e666d1ac-6527-4543-88b6-0d02e23d4ccf/datanode-2/data/containers/hdds of  storage type : DISK and capacity : 1482555576320
2019-10-17 18:05:37,160 [main] INFO  volume.VolumeSet (VolumeSet.java:initializeVolumeSet(170)) - Added Volume : /workdir/hadoop-ozone/integration-test/target/test-dir/MiniOzoneClusterImpl-e666d1ac-6527-4543-88b6-0d02e23d4ccf/datanode-2/data/containers/hdds to VolumeSet
2019-10-17 18:05:37,160 [main] INFO  volume.ThrottledAsyncChecker (ThrottledAsyncChecker.java:schedule(141)) - Scheduling a check for org.apache.hadoop.ozone.container.common.volume.HddsVolume@3c54ddec
2019-10-17 18:05:37,163 [main] INFO  volume.HddsVolumeChecker (HddsVolumeChecker.java:checkAllVolumes(204)) - Scheduled health check for volume org.apache.hadoop.ozone.container.common.volume.HddsVolume@3c54ddec
2019-10-17 18:05:37,179 [main] INFO  impl.RaftServerProxy (ConfUtils.java:logGet(43)) - raft.rpc.type = GRPC (default)
2019-10-17 18:05:37,179 [main] INFO  grpc.GrpcFactory (GrpcFactory.java:checkPooledByteBufAllocatorUseCacheForAllThreads(45)) - PERFORMANCE WARNING: useCacheForAllThreads is true that may cause Netty to create a lot garbage objects and, as a result, trigger GC.
	It is recommended to disable useCacheForAllThreads by setting -Dorg.apache.ratis.thirdparty.io.netty.allocator.useCacheForAllThreads=false in command line.
2019-10-17 18:05:37,180 [main] INFO  grpc.GrpcConfigKeys$Server (ConfUtils.java:logGet(43)) - raft.grpc.server.port = 0 (default)
2019-10-17 18:05:37,180 [main] INFO  server.GrpcService (ConfUtils.java:logGet(43)) - raft.grpc.message.size.max = 33570816 (custom)
2019-10-17 18:05:37,180 [main] INFO  server.RaftServerConfigKeys (ConfUtils.java:logGet(43)) - raft.server.log.appender.buffer.byte-limit = 33554432 (custom)
2019-10-17 18:05:37,180 [main] INFO  server.GrpcService (ConfUtils.java:logGet(43)) - raft.grpc.flow.control.window = 1MB (=1048576) (default)
2019-10-17 18:05:37,180 [main] INFO  server.RaftServerConfigKeys (ConfUtils.java:logGet(43)) - raft.server.rpc.request.timeout = 3000ms (default)
2019-10-17 18:05:37,181 [main] INFO  server.RaftServerConfigKeys (ConfUtils.java:logGet(43)) - raft.server.storage.dir = [/workdir/hadoop-ozone/integration-test/target/test-dir/MiniOzoneClusterImpl-e666d1ac-6527-4543-88b6-0d02e23d4ccf/datanode-2/data/ratis] (custom)
2019-10-17 18:05:37,183 [main] INFO  hdfs.DFSUtil (DFSUtil.java:httpServerTemplateForNNAndJN(1641)) - Starting Web-server for hddsDatanode at: http://0.0.0.0:0
2019-10-17 18:05:37,185 [main] INFO  server.AuthenticationFilter (AuthenticationFilter.java:constructSecretProvider(240)) - Unable to initialize FileSignerSecretProvider, falling back to use random secrets.
2019-10-17 18:05:37,185 [main] WARN  http.HttpRequestLog (HttpRequestLog.java:getRequestLog(97)) - Jetty request log can only be enabled using Log4j
2019-10-17 18:05:37,187 [main] INFO  http.HttpServer2 (HttpServer2.java:addGlobalFilter(975)) - Added global filter 'safety' (class=org.apache.hadoop.http.HttpServer2$QuotingInputFilter)
2019-10-17 18:05:37,188 [main] INFO  http.HttpServer2 (HttpServer2.java:addFilter(948)) - Added filter static_user_filter (class=org.apache.hadoop.http.lib.StaticUserWebFilter$StaticUserFilter) to context hddsDatanode
2019-10-17 18:05:37,188 [main] INFO  http.HttpServer2 (HttpServer2.java:addFilter(958)) - Added filter static_user_filter (class=org.apache.hadoop.http.lib.StaticUserWebFilter$StaticUserFilter) to context logs
2019-10-17 18:05:37,188 [main] INFO  http.HttpServer2 (HttpServer2.java:addFilter(958)) - Added filter static_user_filter (class=org.apache.hadoop.http.lib.StaticUserWebFilter$StaticUserFilter) to context static
2019-10-17 18:05:37,189 [main] INFO  http.HttpServer2 (HttpServer2.java:bindListener(1191)) - Jetty bound to port 40800
2019-10-17 18:05:37,190 [main] INFO  server.Server (Server.java:doStart(351)) - jetty-9.3.25.v20180904, build timestamp: 2018-09-04T21:11:46Z, git hash: 3ce520221d0240229c862b122d2b06c12a625732
2019-10-17 18:05:37,192 [main] INFO  handler.ContextHandler (ContextHandler.java:doStart(781)) - Started o.e.j.s.ServletContextHandler@372f0a99{/logs,file:///workdir/hadoop-ozone/integration-test/target/log,AVAILABLE}
2019-10-17 18:05:37,192 [main] INFO  handler.ContextHandler (ContextHandler.java:doStart(781)) - Started o.e.j.s.ServletContextHandler@3e5beab5{/static,jar:file:/home/user/.m2/repository/org/apache/hadoop/hadoop-hdds-container-service/0.5.0-SNAPSHOT/hadoop-hdds-container-service-0.5.0-SNAPSHOT.jar!/webapps/static,AVAILABLE}
2019-10-17 18:05:37,235 [main] INFO  handler.ContextHandler (ContextHandler.java:doStart(781)) - Started o.e.j.w.WebAppContext@76396509{/,file:///tmp/jetty-0.0.0.0-40800-hddsDatanode-_-any-5251329000098885642.dir/webapp/,AVAILABLE}{/hddsDatanode}
2019-10-17 18:05:37,236 [main] INFO  server.AbstractConnector (AbstractConnector.java:doStart(278)) - Started ServerConnector@637c840d{HTTP/1.1,[http/1.1]}{0.0.0.0:40800}
2019-10-17 18:05:37,239 [main] INFO  server.Server (Server.java:doStart(419)) - Started @173550ms
2019-10-17 18:05:37,240 [main] WARN  impl.MetricsSystemImpl (MetricsSystemImpl.java:register(276)) - Sink prometheus already exists!
2019-10-17 18:05:37,241 [main] INFO  server.BaseHttpServer (BaseHttpServer.java:updateConnectorAddress(215)) - HTTP server of HDDSDATANODE is listening at http://0.0.0.0:40800
2019-10-17 18:05:37,241 [main] INFO  impl.MetricsSystemImpl (MetricsSystemImpl.java:init(158)) - HddsDatanode metrics system started (again)
2019-10-17 18:05:37,267 [org.apache.hadoop.util.JvmPauseMonitor$Monitor@1c0bbb8e] INFO  util.JvmPauseMonitor (JvmPauseMonitor.java:run(188)) - Starting JVM pause monitor
2019-10-17 18:05:37,268 [Datanode State Machine Thread - 0] INFO  datanode.InitDatanodeState (InitDatanodeState.java:persistContainerDatanodeDetails(140)) - DatanodeDetails is persisted to /workdir/hadoop-ozone/integration-test/target/test-dir/MiniOzoneClusterImpl-e666d1ac-6527-4543-88b6-0d02e23d4ccf/datanode-2/meta/datanode.id
2019-10-17 18:05:37,269 [main] INFO  ozone.HddsDatanodeService (HddsDatanodeService.java:start(184)) - HddsDatanodeService host:pr-hdds-2240-zn58d-574671676 ip:192.168.34.17
2019-10-17 18:05:37,279 [main] INFO  volume.HddsVolume (HddsVolume.java:<init>(176)) - Creating Volume: /workdir/hadoop-ozone/integration-test/target/test-dir/MiniOzoneClusterImpl-e666d1ac-6527-4543-88b6-0d02e23d4ccf/datanode-3/data/containers/hdds of  storage type : DISK and capacity : 1482555576320
2019-10-17 18:05:37,280 [main] INFO  volume.VolumeSet (VolumeSet.java:initializeVolumeSet(170)) - Added Volume : /workdir/hadoop-ozone/integration-test/target/test-dir/MiniOzoneClusterImpl-e666d1ac-6527-4543-88b6-0d02e23d4ccf/datanode-3/data/containers/hdds to VolumeSet
2019-10-17 18:05:37,280 [main] INFO  volume.ThrottledAsyncChecker (ThrottledAsyncChecker.java:schedule(141)) - Scheduling a check for org.apache.hadoop.ozone.container.common.volume.HddsVolume@7e61e25c
2019-10-17 18:05:37,280 [main] INFO  volume.HddsVolumeChecker (HddsVolumeChecker.java:checkAllVolumes(204)) - Scheduled health check for volume org.apache.hadoop.ozone.container.common.volume.HddsVolume@7e61e25c
2019-10-17 18:05:37,296 [main] INFO  impl.RaftServerProxy (ConfUtils.java:logGet(43)) - raft.rpc.type = GRPC (default)
2019-10-17 18:05:37,296 [main] INFO  grpc.GrpcFactory (GrpcFactory.java:checkPooledByteBufAllocatorUseCacheForAllThreads(45)) - PERFORMANCE WARNING: useCacheForAllThreads is true that may cause Netty to create a lot garbage objects and, as a result, trigger GC.
	It is recommended to disable useCacheForAllThreads by setting -Dorg.apache.ratis.thirdparty.io.netty.allocator.useCacheForAllThreads=false in command line.
2019-10-17 18:05:37,296 [main] INFO  grpc.GrpcConfigKeys$Server (ConfUtils.java:logGet(43)) - raft.grpc.server.port = 0 (default)
2019-10-17 18:05:37,296 [main] INFO  server.GrpcService (ConfUtils.java:logGet(43)) - raft.grpc.message.size.max = 33570816 (custom)
2019-10-17 18:05:37,296 [main] INFO  server.RaftServerConfigKeys (ConfUtils.java:logGet(43)) - raft.server.log.appender.buffer.byte-limit = 33554432 (custom)
2019-10-17 18:05:37,297 [main] INFO  server.GrpcService (ConfUtils.java:logGet(43)) - raft.grpc.flow.control.window = 1MB (=1048576) (default)
2019-10-17 18:05:37,297 [main] INFO  server.RaftServerConfigKeys (ConfUtils.java:logGet(43)) - raft.server.rpc.request.timeout = 3000ms (default)
2019-10-17 18:05:37,297 [main] INFO  server.RaftServerConfigKeys (ConfUtils.java:logGet(43)) - raft.server.storage.dir = [/workdir/hadoop-ozone/integration-test/target/test-dir/MiniOzoneClusterImpl-e666d1ac-6527-4543-88b6-0d02e23d4ccf/datanode-3/data/ratis] (custom)
2019-10-17 18:05:37,299 [main] INFO  hdfs.DFSUtil (DFSUtil.java:httpServerTemplateForNNAndJN(1641)) - Starting Web-server for hddsDatanode at: http://0.0.0.0:0
2019-10-17 18:05:37,300 [main] INFO  server.AuthenticationFilter (AuthenticationFilter.java:constructSecretProvider(240)) - Unable to initialize FileSignerSecretProvider, falling back to use random secrets.
2019-10-17 18:05:37,300 [main] WARN  http.HttpRequestLog (HttpRequestLog.java:getRequestLog(97)) - Jetty request log can only be enabled using Log4j
2019-10-17 18:05:37,302 [main] INFO  http.HttpServer2 (HttpServer2.java:addGlobalFilter(975)) - Added global filter 'safety' (class=org.apache.hadoop.http.HttpServer2$QuotingInputFilter)
2019-10-17 18:05:37,302 [main] INFO  http.HttpServer2 (HttpServer2.java:addFilter(948)) - Added filter static_user_filter (class=org.apache.hadoop.http.lib.StaticUserWebFilter$StaticUserFilter) to context hddsDatanode
2019-10-17 18:05:37,302 [main] INFO  http.HttpServer2 (HttpServer2.java:addFilter(958)) - Added filter static_user_filter (class=org.apache.hadoop.http.lib.StaticUserWebFilter$StaticUserFilter) to context static
2019-10-17 18:05:37,303 [main] INFO  http.HttpServer2 (HttpServer2.java:addFilter(958)) - Added filter static_user_filter (class=org.apache.hadoop.http.lib.StaticUserWebFilter$StaticUserFilter) to context logs
2019-10-17 18:05:37,303 [main] INFO  http.HttpServer2 (HttpServer2.java:bindListener(1191)) - Jetty bound to port 38141
2019-10-17 18:05:37,304 [main] INFO  server.Server (Server.java:doStart(351)) - jetty-9.3.25.v20180904, build timestamp: 2018-09-04T21:11:46Z, git hash: 3ce520221d0240229c862b122d2b06c12a625732
2019-10-17 18:05:37,305 [main] INFO  handler.ContextHandler (ContextHandler.java:doStart(781)) - Started o.e.j.s.ServletContextHandler@14de1901{/logs,file:///workdir/hadoop-ozone/integration-test/target/log,AVAILABLE}
2019-10-17 18:05:37,306 [main] INFO  handler.ContextHandler (ContextHandler.java:doStart(781)) - Started o.e.j.s.ServletContextHandler@11f23038{/static,jar:file:/home/user/.m2/repository/org/apache/hadoop/hadoop-hdds-container-service/0.5.0-SNAPSHOT/hadoop-hdds-container-service-0.5.0-SNAPSHOT.jar!/webapps/static,AVAILABLE}
2019-10-17 18:05:37,348 [main] INFO  handler.ContextHandler (ContextHandler.java:doStart(781)) - Started o.e.j.w.WebAppContext@3815146b{/,file:///tmp/jetty-0.0.0.0-38141-hddsDatanode-_-any-5650411367105469600.dir/webapp/,AVAILABLE}{/hddsDatanode}
2019-10-17 18:05:37,349 [main] INFO  server.AbstractConnector (AbstractConnector.java:doStart(278)) - Started ServerConnector@6de43bc1{HTTP/1.1,[http/1.1]}{0.0.0.0:38141}
2019-10-17 18:05:37,353 [main] INFO  server.Server (Server.java:doStart(419)) - Started @173664ms
2019-10-17 18:05:37,354 [main] WARN  impl.MetricsSystemImpl (MetricsSystemImpl.java:register(276)) - Sink prometheus already exists!
2019-10-17 18:05:37,355 [main] INFO  server.BaseHttpServer (BaseHttpServer.java:updateConnectorAddress(215)) - HTTP server of HDDSDATANODE is listening at http://0.0.0.0:38141
2019-10-17 18:05:37,355 [main] INFO  impl.MetricsSystemImpl (MetricsSystemImpl.java:init(158)) - HddsDatanode metrics system started (again)
2019-10-17 18:05:37,357 [org.apache.hadoop.util.JvmPauseMonitor$Monitor@1c96c5b2] INFO  util.JvmPauseMonitor (JvmPauseMonitor.java:run(188)) - Starting JVM pause monitor
2019-10-17 18:05:37,402 [Datanode State Machine Thread - 0] INFO  datanode.InitDatanodeState (InitDatanodeState.java:persistContainerDatanodeDetails(140)) - DatanodeDetails is persisted to /workdir/hadoop-ozone/integration-test/target/test-dir/MiniOzoneClusterImpl-e666d1ac-6527-4543-88b6-0d02e23d4ccf/datanode-3/meta/datanode.id
2019-10-17 18:05:37,403 [main] INFO  ozone.HddsDatanodeService (HddsDatanodeService.java:start(184)) - HddsDatanodeService host:pr-hdds-2240-zn58d-574671676 ip:192.168.34.17
2019-10-17 18:05:37,413 [main] INFO  volume.HddsVolume (HddsVolume.java:<init>(176)) - Creating Volume: /workdir/hadoop-ozone/integration-test/target/test-dir/MiniOzoneClusterImpl-e666d1ac-6527-4543-88b6-0d02e23d4ccf/datanode-4/data/containers/hdds of  storage type : DISK and capacity : 1482555576320
2019-10-17 18:05:37,414 [main] INFO  volume.VolumeSet (VolumeSet.java:initializeVolumeSet(170)) - Added Volume : /workdir/hadoop-ozone/integration-test/target/test-dir/MiniOzoneClusterImpl-e666d1ac-6527-4543-88b6-0d02e23d4ccf/datanode-4/data/containers/hdds to VolumeSet
2019-10-17 18:05:37,414 [main] INFO  volume.ThrottledAsyncChecker (ThrottledAsyncChecker.java:schedule(141)) - Scheduling a check for org.apache.hadoop.ozone.container.common.volume.HddsVolume@1595d2b2
2019-10-17 18:05:37,415 [main] INFO  volume.HddsVolumeChecker (HddsVolumeChecker.java:checkAllVolumes(204)) - Scheduled health check for volume org.apache.hadoop.ozone.container.common.volume.HddsVolume@1595d2b2
2019-10-17 18:05:37,433 [main] INFO  impl.RaftServerProxy (ConfUtils.java:logGet(43)) - raft.rpc.type = GRPC (default)
2019-10-17 18:05:37,434 [main] INFO  grpc.GrpcFactory (GrpcFactory.java:checkPooledByteBufAllocatorUseCacheForAllThreads(45)) - PERFORMANCE WARNING: useCacheForAllThreads is true that may cause Netty to create a lot garbage objects and, as a result, trigger GC.
	It is recommended to disable useCacheForAllThreads by setting -Dorg.apache.ratis.thirdparty.io.netty.allocator.useCacheForAllThreads=false in command line.
2019-10-17 18:05:37,434 [main] INFO  grpc.GrpcConfigKeys$Server (ConfUtils.java:logGet(43)) - raft.grpc.server.port = 0 (default)
2019-10-17 18:05:37,434 [main] INFO  server.GrpcService (ConfUtils.java:logGet(43)) - raft.grpc.message.size.max = 33570816 (custom)
2019-10-17 18:05:37,434 [main] INFO  server.RaftServerConfigKeys (ConfUtils.java:logGet(43)) - raft.server.log.appender.buffer.byte-limit = 33554432 (custom)
2019-10-17 18:05:37,434 [main] INFO  server.GrpcService (ConfUtils.java:logGet(43)) - raft.grpc.flow.control.window = 1MB (=1048576) (default)
2019-10-17 18:05:37,435 [main] INFO  server.RaftServerConfigKeys (ConfUtils.java:logGet(43)) - raft.server.rpc.request.timeout = 3000ms (default)
2019-10-17 18:05:37,435 [main] INFO  server.RaftServerConfigKeys (ConfUtils.java:logGet(43)) - raft.server.storage.dir = [/workdir/hadoop-ozone/integration-test/target/test-dir/MiniOzoneClusterImpl-e666d1ac-6527-4543-88b6-0d02e23d4ccf/datanode-4/data/ratis] (custom)
2019-10-17 18:05:37,437 [main] INFO  hdfs.DFSUtil (DFSUtil.java:httpServerTemplateForNNAndJN(1641)) - Starting Web-server for hddsDatanode at: http://0.0.0.0:0
2019-10-17 18:05:37,439 [main] INFO  server.AuthenticationFilter (AuthenticationFilter.java:constructSecretProvider(240)) - Unable to initialize FileSignerSecretProvider, falling back to use random secrets.
2019-10-17 18:05:37,439 [main] WARN  http.HttpRequestLog (HttpRequestLog.java:getRequestLog(97)) - Jetty request log can only be enabled using Log4j
2019-10-17 18:05:37,441 [main] INFO  http.HttpServer2 (HttpServer2.java:addGlobalFilter(975)) - Added global filter 'safety' (class=org.apache.hadoop.http.HttpServer2$QuotingInputFilter)
2019-10-17 18:05:37,441 [main] INFO  http.HttpServer2 (HttpServer2.java:addFilter(948)) - Added filter static_user_filter (class=org.apache.hadoop.http.lib.StaticUserWebFilter$StaticUserFilter) to context hddsDatanode
2019-10-17 18:05:37,441 [main] INFO  http.HttpServer2 (HttpServer2.java:addFilter(958)) - Added filter static_user_filter (class=org.apache.hadoop.http.lib.StaticUserWebFilter$StaticUserFilter) to context logs
2019-10-17 18:05:37,442 [main] INFO  http.HttpServer2 (HttpServer2.java:addFilter(958)) - Added filter static_user_filter (class=org.apache.hadoop.http.lib.StaticUserWebFilter$StaticUserFilter) to context static
2019-10-17 18:05:37,442 [main] INFO  http.HttpServer2 (HttpServer2.java:bindListener(1191)) - Jetty bound to port 46147
2019-10-17 18:05:37,443 [main] INFO  server.Server (Server.java:doStart(351)) - jetty-9.3.25.v20180904, build timestamp: 2018-09-04T21:11:46Z, git hash: 3ce520221d0240229c862b122d2b06c12a625732
2019-10-17 18:05:37,444 [main] INFO  handler.ContextHandler (ContextHandler.java:doStart(781)) - Started o.e.j.s.ServletContextHandler@687389a6{/logs,file:///workdir/hadoop-ozone/integration-test/target/log,AVAILABLE}
2019-10-17 18:05:37,445 [main] INFO  handler.ContextHandler (ContextHandler.java:doStart(781)) - Started o.e.j.s.ServletContextHandler@37c7766e{/static,jar:file:/home/user/.m2/repository/org/apache/hadoop/hadoop-hdds-container-service/0.5.0-SNAPSHOT/hadoop-hdds-container-service-0.5.0-SNAPSHOT.jar!/webapps/static,AVAILABLE}
2019-10-17 18:05:37,490 [main] INFO  handler.ContextHandler (ContextHandler.java:doStart(781)) - Started o.e.j.w.WebAppContext@10b8b900{/,file:///tmp/jetty-0.0.0.0-46147-hddsDatanode-_-any-8546926994459346128.dir/webapp/,AVAILABLE}{/hddsDatanode}
2019-10-17 18:05:37,491 [main] INFO  server.AbstractConnector (AbstractConnector.java:doStart(278)) - Started ServerConnector@6d294ddc{HTTP/1.1,[http/1.1]}{0.0.0.0:46147}
2019-10-17 18:05:37,494 [main] INFO  server.Server (Server.java:doStart(419)) - Started @173805ms
2019-10-17 18:05:37,495 [main] WARN  impl.MetricsSystemImpl (MetricsSystemImpl.java:register(276)) - Sink prometheus already exists!
2019-10-17 18:05:37,496 [main] INFO  server.BaseHttpServer (BaseHttpServer.java:updateConnectorAddress(215)) - HTTP server of HDDSDATANODE is listening at http://0.0.0.0:46147
2019-10-17 18:05:37,497 [main] INFO  impl.MetricsSystemImpl (MetricsSystemImpl.java:init(158)) - HddsDatanode metrics system started (again)
2019-10-17 18:05:37,539 [org.apache.hadoop.util.JvmPauseMonitor$Monitor@6e556de2] INFO  util.JvmPauseMonitor (JvmPauseMonitor.java:run(188)) - Starting JVM pause monitor
2019-10-17 18:05:37,540 [Datanode State Machine Thread - 0] INFO  datanode.InitDatanodeState (InitDatanodeState.java:persistContainerDatanodeDetails(140)) - DatanodeDetails is persisted to /workdir/hadoop-ozone/integration-test/target/test-dir/MiniOzoneClusterImpl-e666d1ac-6527-4543-88b6-0d02e23d4ccf/datanode-4/meta/datanode.id
2019-10-17 18:05:37,541 [main] INFO  ozone.HddsDatanodeService (HddsDatanodeService.java:start(184)) - HddsDatanodeService host:pr-hdds-2240-zn58d-574671676 ip:192.168.34.17
2019-10-17 18:05:37,553 [main] INFO  volume.HddsVolume (HddsVolume.java:<init>(176)) - Creating Volume: /workdir/hadoop-ozone/integration-test/target/test-dir/MiniOzoneClusterImpl-e666d1ac-6527-4543-88b6-0d02e23d4ccf/datanode-5/data/containers/hdds of  storage type : DISK and capacity : 1482555576320
2019-10-17 18:05:37,554 [main] INFO  volume.VolumeSet (VolumeSet.java:initializeVolumeSet(170)) - Added Volume : /workdir/hadoop-ozone/integration-test/target/test-dir/MiniOzoneClusterImpl-e666d1ac-6527-4543-88b6-0d02e23d4ccf/datanode-5/data/containers/hdds to VolumeSet
2019-10-17 18:05:37,554 [main] INFO  volume.ThrottledAsyncChecker (ThrottledAsyncChecker.java:schedule(141)) - Scheduling a check for org.apache.hadoop.ozone.container.common.volume.HddsVolume@fddd7ae
2019-10-17 18:05:37,554 [main] INFO  volume.HddsVolumeChecker (HddsVolumeChecker.java:checkAllVolumes(204)) - Scheduled health check for volume org.apache.hadoop.ozone.container.common.volume.HddsVolume@fddd7ae
2019-10-17 18:05:37,571 [main] INFO  impl.RaftServerProxy (ConfUtils.java:logGet(43)) - raft.rpc.type = GRPC (default)
2019-10-17 18:05:37,572 [main] INFO  grpc.GrpcFactory (GrpcFactory.java:checkPooledByteBufAllocatorUseCacheForAllThreads(45)) - PERFORMANCE WARNING: useCacheForAllThreads is true that may cause Netty to create a lot garbage objects and, as a result, trigger GC.
	It is recommended to disable useCacheForAllThreads by setting -Dorg.apache.ratis.thirdparty.io.netty.allocator.useCacheForAllThreads=false in command line.
2019-10-17 18:05:37,572 [main] INFO  grpc.GrpcConfigKeys$Server (ConfUtils.java:logGet(43)) - raft.grpc.server.port = 0 (default)
2019-10-17 18:05:37,572 [main] INFO  server.GrpcService (ConfUtils.java:logGet(43)) - raft.grpc.message.size.max = 33570816 (custom)
2019-10-17 18:05:37,572 [main] INFO  server.RaftServerConfigKeys (ConfUtils.java:logGet(43)) - raft.server.log.appender.buffer.byte-limit = 33554432 (custom)
2019-10-17 18:05:37,572 [main] INFO  server.GrpcService (ConfUtils.java:logGet(43)) - raft.grpc.flow.control.window = 1MB (=1048576) (default)
2019-10-17 18:05:37,573 [main] INFO  server.RaftServerConfigKeys (ConfUtils.java:logGet(43)) - raft.server.rpc.request.timeout = 3000ms (default)
2019-10-17 18:05:37,573 [main] INFO  server.RaftServerConfigKeys (ConfUtils.java:logGet(43)) - raft.server.storage.dir = [/workdir/hadoop-ozone/integration-test/target/test-dir/MiniOzoneClusterImpl-e666d1ac-6527-4543-88b6-0d02e23d4ccf/datanode-5/data/ratis] (custom)
2019-10-17 18:05:37,575 [main] INFO  hdfs.DFSUtil (DFSUtil.java:httpServerTemplateForNNAndJN(1641)) - Starting Web-server for hddsDatanode at: http://0.0.0.0:0
2019-10-17 18:05:37,576 [main] INFO  server.AuthenticationFilter (AuthenticationFilter.java:constructSecretProvider(240)) - Unable to initialize FileSignerSecretProvider, falling back to use random secrets.
2019-10-17 18:05:37,576 [main] WARN  http.HttpRequestLog (HttpRequestLog.java:getRequestLog(97)) - Jetty request log can only be enabled using Log4j
2019-10-17 18:05:37,578 [main] INFO  http.HttpServer2 (HttpServer2.java:addGlobalFilter(975)) - Added global filter 'safety' (class=org.apache.hadoop.http.HttpServer2$QuotingInputFilter)
2019-10-17 18:05:37,578 [main] INFO  http.HttpServer2 (HttpServer2.java:addFilter(948)) - Added filter static_user_filter (class=org.apache.hadoop.http.lib.StaticUserWebFilter$StaticUserFilter) to context hddsDatanode
2019-10-17 18:05:37,578 [main] INFO  http.HttpServer2 (HttpServer2.java:addFilter(958)) - Added filter static_user_filter (class=org.apache.hadoop.http.lib.StaticUserWebFilter$StaticUserFilter) to context static
2019-10-17 18:05:37,578 [main] INFO  http.HttpServer2 (HttpServer2.java:addFilter(958)) - Added filter static_user_filter (class=org.apache.hadoop.http.lib.StaticUserWebFilter$StaticUserFilter) to context logs
2019-10-17 18:05:37,579 [main] INFO  http.HttpServer2 (HttpServer2.java:bindListener(1191)) - Jetty bound to port 39919
2019-10-17 18:05:37,579 [main] INFO  server.Server (Server.java:doStart(351)) - jetty-9.3.25.v20180904, build timestamp: 2018-09-04T21:11:46Z, git hash: 3ce520221d0240229c862b122d2b06c12a625732
2019-10-17 18:05:37,581 [main] INFO  handler.ContextHandler (ContextHandler.java:doStart(781)) - Started o.e.j.s.ServletContextHandler@12192604{/logs,file:///workdir/hadoop-ozone/integration-test/target/log,AVAILABLE}
2019-10-17 18:05:37,581 [main] INFO  handler.ContextHandler (ContextHandler.java:doStart(781)) - Started o.e.j.s.ServletContextHandler@231cdda8{/static,jar:file:/home/user/.m2/repository/org/apache/hadoop/hadoop-hdds-container-service/0.5.0-SNAPSHOT/hadoop-hdds-container-service-0.5.0-SNAPSHOT.jar!/webapps/static,AVAILABLE}
2019-10-17 18:05:37,613 [main] INFO  handler.ContextHandler (ContextHandler.java:doStart(781)) - Started o.e.j.w.WebAppContext@3a4a5f3c{/,file:///tmp/jetty-0.0.0.0-39919-hddsDatanode-_-any-3462434144298661471.dir/webapp/,AVAILABLE}{/hddsDatanode}
2019-10-17 18:05:37,614 [main] INFO  server.AbstractConnector (AbstractConnector.java:doStart(278)) - Started ServerConnector@4f3356c0{HTTP/1.1,[http/1.1]}{0.0.0.0:39919}
2019-10-17 18:05:37,614 [main] INFO  server.Server (Server.java:doStart(419)) - Started @173925ms
2019-10-17 18:05:37,618 [main] WARN  impl.MetricsSystemImpl (MetricsSystemImpl.java:register(276)) - Sink prometheus already exists!
2019-10-17 18:05:37,619 [main] INFO  server.BaseHttpServer (BaseHttpServer.java:updateConnectorAddress(215)) - HTTP server of HDDSDATANODE is listening at http://0.0.0.0:39919
2019-10-17 18:05:37,619 [main] INFO  impl.MetricsSystemImpl (MetricsSystemImpl.java:init(158)) - HddsDatanode metrics system started (again)
2019-10-17 18:05:37,649 [org.apache.hadoop.util.JvmPauseMonitor$Monitor@2b4a4dfa] INFO  util.JvmPauseMonitor (JvmPauseMonitor.java:run(188)) - Starting JVM pause monitor
2019-10-17 18:05:37,650 [Datanode State Machine Thread - 0] INFO  datanode.InitDatanodeState (InitDatanodeState.java:persistContainerDatanodeDetails(140)) - DatanodeDetails is persisted to /workdir/hadoop-ozone/integration-test/target/test-dir/MiniOzoneClusterImpl-e666d1ac-6527-4543-88b6-0d02e23d4ccf/datanode-5/meta/datanode.id
2019-10-17 18:05:37,650 [main] INFO  ozone.HddsDatanodeService (HddsDatanodeService.java:start(184)) - HddsDatanodeService host:pr-hdds-2240-zn58d-574671676 ip:192.168.34.17
2019-10-17 18:05:37,660 [main] INFO  volume.HddsVolume (HddsVolume.java:<init>(176)) - Creating Volume: /workdir/hadoop-ozone/integration-test/target/test-dir/MiniOzoneClusterImpl-e666d1ac-6527-4543-88b6-0d02e23d4ccf/datanode-6/data/containers/hdds of  storage type : DISK and capacity : 1482555576320
2019-10-17 18:05:37,660 [main] INFO  volume.VolumeSet (VolumeSet.java:initializeVolumeSet(170)) - Added Volume : /workdir/hadoop-ozone/integration-test/target/test-dir/MiniOzoneClusterImpl-e666d1ac-6527-4543-88b6-0d02e23d4ccf/datanode-6/data/containers/hdds to VolumeSet
2019-10-17 18:05:37,661 [main] INFO  volume.ThrottledAsyncChecker (ThrottledAsyncChecker.java:schedule(141)) - Scheduling a check for org.apache.hadoop.ozone.container.common.volume.HddsVolume@2407a36c
2019-10-17 18:05:37,661 [main] INFO  volume.HddsVolumeChecker (HddsVolumeChecker.java:checkAllVolumes(204)) - Scheduled health check for volume org.apache.hadoop.ozone.container.common.volume.HddsVolume@2407a36c
2019-10-17 18:05:37,674 [main] INFO  impl.RaftServerProxy (ConfUtils.java:logGet(43)) - raft.rpc.type = GRPC (default)
2019-10-17 18:05:37,674 [main] INFO  grpc.GrpcFactory (GrpcFactory.java:checkPooledByteBufAllocatorUseCacheForAllThreads(45)) - PERFORMANCE WARNING: useCacheForAllThreads is true that may cause Netty to create a lot garbage objects and, as a result, trigger GC.
	It is recommended to disable useCacheForAllThreads by setting -Dorg.apache.ratis.thirdparty.io.netty.allocator.useCacheForAllThreads=false in command line.
2019-10-17 18:05:37,674 [main] INFO  grpc.GrpcConfigKeys$Server (ConfUtils.java:logGet(43)) - raft.grpc.server.port = 0 (default)
2019-10-17 18:05:37,674 [main] INFO  server.GrpcService (ConfUtils.java:logGet(43)) - raft.grpc.message.size.max = 33570816 (custom)
2019-10-17 18:05:37,674 [main] INFO  server.RaftServerConfigKeys (ConfUtils.java:logGet(43)) - raft.server.log.appender.buffer.byte-limit = 33554432 (custom)
2019-10-17 18:05:37,674 [main] INFO  server.GrpcService (ConfUtils.java:logGet(43)) - raft.grpc.flow.control.window = 1MB (=1048576) (default)
2019-10-17 18:05:37,674 [main] INFO  server.RaftServerConfigKeys (ConfUtils.java:logGet(43)) - raft.server.rpc.request.timeout = 3000ms (default)
2019-10-17 18:05:37,675 [main] INFO  server.RaftServerConfigKeys (ConfUtils.java:logGet(43)) - raft.server.storage.dir = [/workdir/hadoop-ozone/integration-test/target/test-dir/MiniOzoneClusterImpl-e666d1ac-6527-4543-88b6-0d02e23d4ccf/datanode-6/data/ratis] (custom)
2019-10-17 18:05:37,676 [main] INFO  hdfs.DFSUtil (DFSUtil.java:httpServerTemplateForNNAndJN(1641)) - Starting Web-server for hddsDatanode at: http://0.0.0.0:0
2019-10-17 18:05:37,678 [main] INFO  server.AuthenticationFilter (AuthenticationFilter.java:constructSecretProvider(240)) - Unable to initialize FileSignerSecretProvider, falling back to use random secrets.
2019-10-17 18:05:37,679 [main] WARN  http.HttpRequestLog (HttpRequestLog.java:getRequestLog(97)) - Jetty request log can only be enabled using Log4j
2019-10-17 18:05:37,680 [main] INFO  http.HttpServer2 (HttpServer2.java:addGlobalFilter(975)) - Added global filter 'safety' (class=org.apache.hadoop.http.HttpServer2$QuotingInputFilter)
2019-10-17 18:05:37,681 [main] INFO  http.HttpServer2 (HttpServer2.java:addFilter(948)) - Added filter static_user_filter (class=org.apache.hadoop.http.lib.StaticUserWebFilter$StaticUserFilter) to context hddsDatanode
2019-10-17 18:05:37,681 [main] INFO  http.HttpServer2 (HttpServer2.java:addFilter(958)) - Added filter static_user_filter (class=org.apache.hadoop.http.lib.StaticUserWebFilter$StaticUserFilter) to context logs
2019-10-17 18:05:37,681 [main] INFO  http.HttpServer2 (HttpServer2.java:addFilter(958)) - Added filter static_user_filter (class=org.apache.hadoop.http.lib.StaticUserWebFilter$StaticUserFilter) to context static
2019-10-17 18:05:37,682 [main] INFO  http.HttpServer2 (HttpServer2.java:bindListener(1191)) - Jetty bound to port 45169
2019-10-17 18:05:37,682 [main] INFO  server.Server (Server.java:doStart(351)) - jetty-9.3.25.v20180904, build timestamp: 2018-09-04T21:11:46Z, git hash: 3ce520221d0240229c862b122d2b06c12a625732
2019-10-17 18:05:37,684 [main] INFO  handler.ContextHandler (ContextHandler.java:doStart(781)) - Started o.e.j.s.ServletContextHandler@2b999ee8{/logs,file:///workdir/hadoop-ozone/integration-test/target/log,AVAILABLE}
2019-10-17 18:05:37,685 [main] INFO  handler.ContextHandler (ContextHandler.java:doStart(781)) - Started o.e.j.s.ServletContextHandler@29bbc391{/static,jar:file:/home/user/.m2/repository/org/apache/hadoop/hadoop-hdds-container-service/0.5.0-SNAPSHOT/hadoop-hdds-container-service-0.5.0-SNAPSHOT.jar!/webapps/static,AVAILABLE}
2019-10-17 18:05:37,733 [main] INFO  handler.ContextHandler (ContextHandler.java:doStart(781)) - Started o.e.j.w.WebAppContext@2726a511{/,file:///tmp/jetty-0.0.0.0-45169-hddsDatanode-_-any-393733003204777024.dir/webapp/,AVAILABLE}{/hddsDatanode}
2019-10-17 18:05:37,734 [main] INFO  server.AbstractConnector (AbstractConnector.java:doStart(278)) - Started ServerConnector@72c9ebfa{HTTP/1.1,[http/1.1]}{0.0.0.0:45169}
2019-10-17 18:05:37,736 [main] INFO  server.Server (Server.java:doStart(419)) - Started @174046ms
2019-10-17 18:05:37,736 [main] WARN  impl.MetricsSystemImpl (MetricsSystemImpl.java:register(276)) - Sink prometheus already exists!
2019-10-17 18:05:37,737 [main] INFO  server.BaseHttpServer (BaseHttpServer.java:updateConnectorAddress(215)) - HTTP server of HDDSDATANODE is listening at http://0.0.0.0:45169
2019-10-17 18:05:37,737 [main] INFO  ozone.MiniOzoneClusterImpl (MiniOzoneClusterImpl.java:lambda$waitForClusterToBeReady$0(147)) - Waiting for cluster to be ready. Got 0 of 7 DN Heartbeats.
2019-10-17 18:05:37,738 [org.apache.hadoop.util.JvmPauseMonitor$Monitor@24ef1da] INFO  util.JvmPauseMonitor (JvmPauseMonitor.java:run(188)) - Starting JVM pause monitor
2019-10-17 18:05:37,740 [Datanode State Machine Thread - 0] INFO  datanode.InitDatanodeState (InitDatanodeState.java:persistContainerDatanodeDetails(140)) - DatanodeDetails is persisted to /workdir/hadoop-ozone/integration-test/target/test-dir/MiniOzoneClusterImpl-e666d1ac-6527-4543-88b6-0d02e23d4ccf/datanode-6/meta/datanode.id
2019-10-17 18:05:38,738 [main] INFO  ozone.MiniOzoneClusterImpl (MiniOzoneClusterImpl.java:lambda$waitForClusterToBeReady$0(147)) - Waiting for cluster to be ready. Got 0 of 7 DN Heartbeats.
2019-10-17 18:05:39,153 [Datanode State Machine Thread - 0] INFO  ozoneimpl.OzoneContainer (OzoneContainer.java:start(213)) - Attempting to start container services.
2019-10-17 18:05:39,153 [Datanode State Machine Thread - 0] INFO  ozoneimpl.OzoneContainer (OzoneContainer.java:startContainerScrub(177)) - Background container scanner has been disabled.
2019-10-17 18:05:39,157 [Datanode State Machine Thread - 0] INFO  ratis.XceiverServerRatis (XceiverServerRatis.java:start(418)) - Starting XceiverServerRatis e6a8ef7d-ad35-400e-be5d-a9fbfa4da82d at port 0
2019-10-17 18:05:39,162 [Datanode State Machine Thread - 0] INFO  impl.RaftServerProxy (RaftServerProxy.java:lambda$start$3(299)) - e6a8ef7d-ad35-400e-be5d-a9fbfa4da82d: start RPC server
2019-10-17 18:05:39,163 [Datanode State Machine Thread - 0] INFO  server.GrpcService (GrpcService.java:startImpl(158)) - e6a8ef7d-ad35-400e-be5d-a9fbfa4da82d: GrpcService started, listening on 0.0.0.0/0.0.0.0:35052
2019-10-17 18:05:39,163 [Datanode State Machine Thread - 0] INFO  ratis.XceiverServerRatis (XceiverServerRatis.java:start(428)) - XceiverServerRatis e6a8ef7d-ad35-400e-be5d-a9fbfa4da82d is started using port 35052
2019-10-17 18:05:39,164 [Datanode State Machine Thread - 0] INFO  server.XceiverServerGrpc (XceiverServerGrpc.java:start(149)) - XceiverServerGrpc e6a8ef7d-ad35-400e-be5d-a9fbfa4da82d is started using port 45863
2019-10-17 18:05:39,187 [Datanode State Machine Thread - 0] INFO  ozoneimpl.OzoneContainer (OzoneContainer.java:start(213)) - Attempting to start container services.
2019-10-17 18:05:39,187 [Datanode State Machine Thread - 0] INFO  ozoneimpl.OzoneContainer (OzoneContainer.java:startContainerScrub(177)) - Background container scanner has been disabled.
2019-10-17 18:05:39,187 [Datanode State Machine Thread - 0] INFO  ratis.XceiverServerRatis (XceiverServerRatis.java:start(418)) - Starting XceiverServerRatis 81d9c424-50f5-4636-a584-91e925d399d5 at port 0
2019-10-17 18:05:39,193 [Datanode State Machine Thread - 0] INFO  impl.RaftServerProxy (RaftServerProxy.java:lambda$start$3(299)) - 81d9c424-50f5-4636-a584-91e925d399d5: start RPC server
2019-10-17 18:05:39,197 [Datanode State Machine Thread - 0] INFO  server.GrpcService (GrpcService.java:startImpl(158)) - 81d9c424-50f5-4636-a584-91e925d399d5: GrpcService started, listening on 0.0.0.0/0.0.0.0:41921
2019-10-17 18:05:39,197 [Datanode State Machine Thread - 0] INFO  ratis.XceiverServerRatis (XceiverServerRatis.java:start(428)) - XceiverServerRatis 81d9c424-50f5-4636-a584-91e925d399d5 is started using port 41921
2019-10-17 18:05:39,198 [Datanode State Machine Thread - 0] INFO  server.XceiverServerGrpc (XceiverServerGrpc.java:start(149)) - XceiverServerGrpc 81d9c424-50f5-4636-a584-91e925d399d5 is started using port 37458
2019-10-17 18:05:39,296 [Datanode State Machine Thread - 0] INFO  ozoneimpl.OzoneContainer (OzoneContainer.java:start(213)) - Attempting to start container services.
2019-10-17 18:05:39,296 [Datanode State Machine Thread - 0] INFO  ozoneimpl.OzoneContainer (OzoneContainer.java:startContainerScrub(177)) - Background container scanner has been disabled.
2019-10-17 18:05:39,297 [Datanode State Machine Thread - 0] INFO  ratis.XceiverServerRatis (XceiverServerRatis.java:start(418)) - Starting XceiverServerRatis b051e227-2375-447f-b0e9-7745e2cf082f at port 0
2019-10-17 18:05:39,303 [Datanode State Machine Thread - 0] INFO  impl.RaftServerProxy (RaftServerProxy.java:lambda$start$3(299)) - b051e227-2375-447f-b0e9-7745e2cf082f: start RPC server
2019-10-17 18:05:39,304 [Datanode State Machine Thread - 0] INFO  server.GrpcService (GrpcService.java:startImpl(158)) - b051e227-2375-447f-b0e9-7745e2cf082f: GrpcService started, listening on 0.0.0.0/0.0.0.0:37724
2019-10-17 18:05:39,304 [Datanode State Machine Thread - 0] INFO  ratis.XceiverServerRatis (XceiverServerRatis.java:start(428)) - XceiverServerRatis b051e227-2375-447f-b0e9-7745e2cf082f is started using port 37724
2019-10-17 18:05:39,304 [Datanode State Machine Thread - 0] INFO  server.XceiverServerGrpc (XceiverServerGrpc.java:start(149)) - XceiverServerGrpc b051e227-2375-447f-b0e9-7745e2cf082f is started using port 41365
2019-10-17 18:05:39,381 [Datanode State Machine Thread - 0] INFO  ozoneimpl.OzoneContainer (OzoneContainer.java:start(213)) - Attempting to start container services.
2019-10-17 18:05:39,381 [Datanode State Machine Thread - 0] INFO  ozoneimpl.OzoneContainer (OzoneContainer.java:startContainerScrub(177)) - Background container scanner has been disabled.
2019-10-17 18:05:39,381 [Datanode State Machine Thread - 0] INFO  ratis.XceiverServerRatis (XceiverServerRatis.java:start(418)) - Starting XceiverServerRatis c0a925e6-7889-4d83-9ab1-1e3fc011b8ea at port 0
2019-10-17 18:05:39,390 [Datanode State Machine Thread - 0] INFO  impl.RaftServerProxy (RaftServerProxy.java:lambda$start$3(299)) - c0a925e6-7889-4d83-9ab1-1e3fc011b8ea: start RPC server
2019-10-17 18:05:39,394 [Datanode State Machine Thread - 0] INFO  server.GrpcService (GrpcService.java:startImpl(158)) - c0a925e6-7889-4d83-9ab1-1e3fc011b8ea: GrpcService started, listening on 0.0.0.0/0.0.0.0:43694
2019-10-17 18:05:39,395 [Datanode State Machine Thread - 0] INFO  ratis.XceiverServerRatis (XceiverServerRatis.java:start(428)) - XceiverServerRatis c0a925e6-7889-4d83-9ab1-1e3fc011b8ea is started using port 43694
2019-10-17 18:05:39,397 [Datanode State Machine Thread - 0] INFO  server.XceiverServerGrpc (XceiverServerGrpc.java:start(149)) - XceiverServerGrpc c0a925e6-7889-4d83-9ab1-1e3fc011b8ea is started using port 34876
2019-10-17 18:05:39,566 [Datanode State Machine Thread - 0] INFO  ozoneimpl.OzoneContainer (OzoneContainer.java:start(213)) - Attempting to start container services.
2019-10-17 18:05:39,566 [Datanode State Machine Thread - 0] INFO  ozoneimpl.OzoneContainer (OzoneContainer.java:startContainerScrub(177)) - Background container scanner has been disabled.
2019-10-17 18:05:39,566 [Datanode State Machine Thread - 0] INFO  ratis.XceiverServerRatis (XceiverServerRatis.java:start(418)) - Starting XceiverServerRatis c6bff427-3039-4769-8bba-9ff821083636 at port 0
2019-10-17 18:05:39,574 [Datanode State Machine Thread - 0] INFO  impl.RaftServerProxy (RaftServerProxy.java:lambda$start$3(299)) - c6bff427-3039-4769-8bba-9ff821083636: start RPC server
2019-10-17 18:05:39,575 [Datanode State Machine Thread - 0] INFO  server.GrpcService (GrpcService.java:startImpl(158)) - c6bff427-3039-4769-8bba-9ff821083636: GrpcService started, listening on 0.0.0.0/0.0.0.0:40570
2019-10-17 18:05:39,575 [Datanode State Machine Thread - 0] INFO  ratis.XceiverServerRatis (XceiverServerRatis.java:start(428)) - XceiverServerRatis c6bff427-3039-4769-8bba-9ff821083636 is started using port 40570
2019-10-17 18:05:39,579 [Datanode State Machine Thread - 0] INFO  server.XceiverServerGrpc (XceiverServerGrpc.java:start(149)) - XceiverServerGrpc c6bff427-3039-4769-8bba-9ff821083636 is started using port 41129
2019-10-17 18:05:39,675 [Datanode State Machine Thread - 0] INFO  ozoneimpl.OzoneContainer (OzoneContainer.java:start(213)) - Attempting to start container services.
2019-10-17 18:05:39,675 [Datanode State Machine Thread - 0] INFO  ozoneimpl.OzoneContainer (OzoneContainer.java:startContainerScrub(177)) - Background container scanner has been disabled.
2019-10-17 18:05:39,675 [Datanode State Machine Thread - 0] INFO  ratis.XceiverServerRatis (XceiverServerRatis.java:start(418)) - Starting XceiverServerRatis 88fb5ce4-ccb0-46c0-8709-d8d00698ffab at port 0
2019-10-17 18:05:39,682 [Datanode State Machine Thread - 0] INFO  impl.RaftServerProxy (RaftServerProxy.java:lambda$start$3(299)) - 88fb5ce4-ccb0-46c0-8709-d8d00698ffab: start RPC server
2019-10-17 18:05:39,683 [Datanode State Machine Thread - 0] INFO  server.GrpcService (GrpcService.java:startImpl(158)) - 88fb5ce4-ccb0-46c0-8709-d8d00698ffab: GrpcService started, listening on 0.0.0.0/0.0.0.0:33873
2019-10-17 18:05:39,683 [Datanode State Machine Thread - 0] INFO  ratis.XceiverServerRatis (XceiverServerRatis.java:start(428)) - XceiverServerRatis 88fb5ce4-ccb0-46c0-8709-d8d00698ffab is started using port 33873
2019-10-17 18:05:39,684 [Datanode State Machine Thread - 0] INFO  server.XceiverServerGrpc (XceiverServerGrpc.java:start(149)) - XceiverServerGrpc 88fb5ce4-ccb0-46c0-8709-d8d00698ffab is started using port 37315
2019-10-17 18:05:39,739 [main] INFO  ozone.MiniOzoneClusterImpl (MiniOzoneClusterImpl.java:lambda$waitForClusterToBeReady$0(147)) - Waiting for cluster to be ready. Got 0 of 7 DN Heartbeats.
2019-10-17 18:05:39,753 [Datanode State Machine Thread - 0] INFO  ozoneimpl.OzoneContainer (OzoneContainer.java:start(213)) - Attempting to start container services.
2019-10-17 18:05:39,754 [Datanode State Machine Thread - 0] INFO  ozoneimpl.OzoneContainer (OzoneContainer.java:startContainerScrub(177)) - Background container scanner has been disabled.
2019-10-17 18:05:39,754 [Datanode State Machine Thread - 0] INFO  ratis.XceiverServerRatis (XceiverServerRatis.java:start(418)) - Starting XceiverServerRatis a8f7500d-1a08-4f5d-adc7-6e51816edefd at port 0
2019-10-17 18:05:39,761 [Datanode State Machine Thread - 0] INFO  impl.RaftServerProxy (RaftServerProxy.java:lambda$start$3(299)) - a8f7500d-1a08-4f5d-adc7-6e51816edefd: start RPC server
2019-10-17 18:05:39,762 [Datanode State Machine Thread - 0] INFO  server.GrpcService (GrpcService.java:startImpl(158)) - a8f7500d-1a08-4f5d-adc7-6e51816edefd: GrpcService started, listening on 0.0.0.0/0.0.0.0:33836
2019-10-17 18:05:39,762 [Datanode State Machine Thread - 0] INFO  ratis.XceiverServerRatis (XceiverServerRatis.java:start(428)) - XceiverServerRatis a8f7500d-1a08-4f5d-adc7-6e51816edefd is started using port 33836
2019-10-17 18:05:39,763 [Datanode State Machine Thread - 0] INFO  server.XceiverServerGrpc (XceiverServerGrpc.java:start(149)) - XceiverServerGrpc a8f7500d-1a08-4f5d-adc7-6e51816edefd is started using port 40859
2019-10-17 18:05:40,739 [main] INFO  ozone.MiniOzoneClusterImpl (MiniOzoneClusterImpl.java:lambda$waitForClusterToBeReady$0(147)) - Waiting for cluster to be ready. Got 0 of 7 DN Heartbeats.
2019-10-17 18:05:41,062 [IPC Server handler 0 on 41326] INFO  net.NetworkTopology (NetworkTopologyImpl.java:add(111)) - Added a new node: /default-rack/e6a8ef7d-ad35-400e-be5d-a9fbfa4da82d
2019-10-17 18:05:41,064 [IPC Server handler 0 on 41326] INFO  node.SCMNodeManager (SCMNodeManager.java:register(268)) - Registered Data node : e6a8ef7d-ad35-400e-be5d-a9fbfa4da82d{ip: 192.168.34.17, host: pr-hdds-2240-zn58d-574671676, networkLocation: /default-rack, certSerialId: null}
2019-10-17 18:05:41,065 [EventQueue-NodeRegistrationContainerReportForDataNodeSafeModeRule] INFO  safemode.SCMSafeModeManager (DataNodeSafeModeRule.java:process(71)) - SCM in safe mode. 1 DataNodes registered, 1 required.
2019-10-17 18:05:41,068 [EventQueue-NodeRegistrationContainerReportForDataNodeSafeModeRule] INFO  safemode.SCMSafeModeManager (SCMSafeModeManager.java:validateSafeModeExitRules(177)) - ScmSafeModeManager, all rules are successfully validated
2019-10-17 18:05:41,068 [EventQueue-NodeRegistrationContainerReportForDataNodeSafeModeRule] INFO  safemode.SCMSafeModeManager (SCMSafeModeManager.java:exitSafeMode(193)) - SCM exiting safe mode.
2019-10-17 18:05:41,078 [grpc-default-executor-0] INFO  impl.RaftServerProxy (RaftServerProxy.java:addNew(89)) - e6a8ef7d-ad35-400e-be5d-a9fbfa4da82d: addNew group-47ACF90AA476:[e6a8ef7d-ad35-400e-be5d-a9fbfa4da82d:192.168.34.17:35052] returns group-47ACF90AA476:java.util.concurrent.CompletableFuture@3f68db4c[Not completed]
2019-10-17 18:05:41,081 [pool-383-thread-1] INFO  impl.RaftServerImpl (RaftServerImpl.java:<init>(95)) - e6a8ef7d-ad35-400e-be5d-a9fbfa4da82d: new RaftServerImpl for group-47ACF90AA476:[e6a8ef7d-ad35-400e-be5d-a9fbfa4da82d:192.168.34.17:35052] with ContainerStateMachine:uninitialized
2019-10-17 18:05:41,081 [pool-383-thread-1] INFO  server.RaftServerConfigKeys (ConfUtils.java:logGet(43)) - raft.server.rpc.timeout.min = 5s (custom)
2019-10-17 18:05:41,081 [pool-383-thread-1] INFO  server.RaftServerConfigKeys (ConfUtils.java:logGet(43)) - raft.server.rpc.timeout.max = 5200ms (custom)
2019-10-17 18:05:41,081 [pool-383-thread-1] INFO  server.RaftServerConfigKeys (ConfUtils.java:logGet(43)) - raft.server.rpcslowness.timeout = 120s (custom)
2019-10-17 18:05:41,081 [pool-383-thread-1] INFO  server.RaftServerConfigKeys (ConfUtils.java:logGet(43)) - raft.server.sleep.deviation.threshold = 300 (default)
2019-10-17 18:05:41,081 [pool-383-thread-1] INFO  server.RaftServerConfigKeys (ConfUtils.java:logGet(43)) - raft.server.log.appender.install.snapshot.enabled = false (custom)
2019-10-17 18:05:41,081 [pool-383-thread-1] INFO  impl.RaftServerImpl (ServerState.java:<init>(103)) - e6a8ef7d-ad35-400e-be5d-a9fbfa4da82d@group-47ACF90AA476: ConfigurationManager, init=-1: [e6a8ef7d-ad35-400e-be5d-a9fbfa4da82d:192.168.34.17:35052], old=null, confs=<EMPTY_MAP>
2019-10-17 18:05:41,081 [pool-383-thread-1] INFO  server.RaftServerConfigKeys (ConfUtils.java:logGet(43)) - raft.server.storage.dir = [/workdir/hadoop-ozone/integration-test/target/test-dir/MiniOzoneClusterImpl-e666d1ac-6527-4543-88b6-0d02e23d4ccf/datanode-0/data/ratis] (custom)
2019-10-17 18:05:41,082 [pool-383-thread-1] INFO  server.RaftServerConfigKeys (ConfUtils.java:logGet(43)) - raft.server.log.corruption.policy = EXCEPTION (default)
2019-10-17 18:05:41,082 [pool-383-thread-1] INFO  storage.RaftStorageDirectory (RaftStorageDirectory.java:analyzeStorage(246)) - The storage directory /workdir/hadoop-ozone/integration-test/target/test-dir/MiniOzoneClusterImpl-e666d1ac-6527-4543-88b6-0d02e23d4ccf/datanode-0/data/ratis/42f59d11-f5af-4b6a-9d22-47acf90aa476 does not exist. Creating ...
2019-10-17 18:05:41,150 [IPC Server handler 2 on 41326] INFO  net.NetworkTopology (NetworkTopologyImpl.java:add(111)) - Added a new node: /default-rack/81d9c424-50f5-4636-a584-91e925d399d5
2019-10-17 18:05:41,150 [IPC Server handler 2 on 41326] INFO  node.SCMNodeManager (SCMNodeManager.java:register(268)) - Registered Data node : 81d9c424-50f5-4636-a584-91e925d399d5{ip: 192.168.34.17, host: pr-hdds-2240-zn58d-574671676, networkLocation: /default-rack, certSerialId: null}
2019-10-17 18:05:41,150 [pool-383-thread-1] INFO  storage.RaftStorageDirectory (RaftStorageDirectory.java:tryLock(328)) - Lock on /workdir/hadoop-ozone/integration-test/target/test-dir/MiniOzoneClusterImpl-e666d1ac-6527-4543-88b6-0d02e23d4ccf/datanode-0/data/ratis/42f59d11-f5af-4b6a-9d22-47acf90aa476/in_use.lock acquired by nodename 3601@pr-hdds-2240-zn58d-574671676
2019-10-17 18:05:41,176 [pool-383-thread-1] INFO  storage.RaftStorage (RaftStorage.java:format(84)) - Storage directory /workdir/hadoop-ozone/integration-test/target/test-dir/MiniOzoneClusterImpl-e666d1ac-6527-4543-88b6-0d02e23d4ccf/datanode-0/data/ratis/42f59d11-f5af-4b6a-9d22-47acf90aa476 has been successfully formatted.
2019-10-17 18:05:41,177 [pool-383-thread-1] INFO  ratis.ContainerStateMachine (ContainerStateMachine.java:loadSnapshot(231)) - group-47ACF90AA476: The snapshot info is null. Setting the last applied indexto:(t:0, i:~)
2019-10-17 18:05:41,177 [pool-383-thread-1] INFO  server.RaftServerConfigKeys (ConfUtils.java:logGet(43)) - raft.server.notification.no-leader.timeout = 120s (custom)
2019-10-17 18:05:41,177 [pool-383-thread-1] INFO  server.RaftServerConfigKeys (ConfUtils.java:logGet(43)) - raft.server.log.use.memory = false (default)
2019-10-17 18:05:41,177 [pool-383-thread-1] INFO  server.RaftServerConfigKeys (ConfUtils.java:logGet(43)) - raft.server.log.purge.gap = 1000000 (custom)
2019-10-17 18:05:41,177 [pool-383-thread-1] INFO  server.RaftServerConfigKeys (ConfUtils.java:logGet(43)) - raft.server.log.appender.buffer.byte-limit = 33554432 (custom)
2019-10-17 18:05:41,177 [pool-383-thread-1] INFO  server.RaftServerConfigKeys (ConfUtils.java:logGet(43)) - raft.server.log.segment.size.max = 1048576 (custom)
2019-10-17 18:05:41,179 [pool-383-thread-1] INFO  server.RaftServerConfigKeys (ConfUtils.java:logGet(43)) - raft.server.log.segment.cache.num.max = 2 (custom)
2019-10-17 18:05:41,179 [pool-383-thread-1] INFO  segmented.SegmentedRaftLogWorker (SegmentedRaftLogWorker.java:<init>(173)) - new e6a8ef7d-ad35-400e-be5d-a9fbfa4da82d@group-47ACF90AA476-SegmentedRaftLogWorker for RaftStorage:Storage Directory /workdir/hadoop-ozone/integration-test/target/test-dir/MiniOzoneClusterImpl-e666d1ac-6527-4543-88b6-0d02e23d4ccf/datanode-0/data/ratis/42f59d11-f5af-4b6a-9d22-47acf90aa476
2019-10-17 18:05:41,180 [pool-383-thread-1] INFO  server.RaftServerConfigKeys (ConfUtils.java:logGet(43)) - raft.server.log.queue.byte-limit = 2147483647 (custom)
2019-10-17 18:05:41,180 [pool-383-thread-1] INFO  server.RaftServerConfigKeys (ConfUtils.java:logGet(43)) - raft.server.log.queue.element-limit = 1024 (custom)
2019-10-17 18:05:41,180 [pool-383-thread-1] INFO  server.RaftServerConfigKeys (ConfUtils.java:logGet(43)) - raft.server.log.segment.size.max = 1048576 (custom)
2019-10-17 18:05:41,180 [pool-383-thread-1] INFO  server.RaftServerConfigKeys (ConfUtils.java:logGet(43)) - raft.server.log.preallocated.size = 16384 (custom)
2019-10-17 18:05:41,180 [pool-383-thread-1] INFO  server.RaftServerConfigKeys (ConfUtils.java:logGet(43)) - raft.server.log.write.buffer.size = 33554432 (custom)
2019-10-17 18:05:41,180 [pool-383-thread-1] INFO  server.RaftServerConfigKeys (ConfUtils.java:logGet(43)) - raft.server.log.force.sync.num = 128 (default)
2019-10-17 18:05:41,180 [pool-383-thread-1] INFO  server.RaftServerConfigKeys (ConfUtils.java:logGet(43)) - raft.server.log.statemachine.data.sync = true (default)
2019-10-17 18:05:41,180 [pool-383-thread-1] INFO  server.RaftServerConfigKeys (ConfUtils.java:logGet(43)) - raft.server.log.statemachine.data.sync.timeout = 10s (default)
2019-10-17 18:05:41,180 [pool-383-thread-1] INFO  server.RaftServerConfigKeys (ConfUtils.java:logGet(43)) - raft.server.log.statemachine.data.sync.timeout.retry = -1 (default)
2019-10-17 18:05:41,181 [pool-383-thread-1] INFO  server.RaftServerConfigKeys (ConfUtils.java:logGet(43)) - raft.server.log.statemachine.data.caching.enabled = true (custom)
2019-10-17 18:05:41,181 [pool-383-thread-1] INFO  segmented.SegmentedRaftLogWorker (SegmentedRaftLogWorker.java:lambda$new$0(128)) - e6a8ef7d-ad35-400e-be5d-a9fbfa4da82d@group-47ACF90AA476-SegmentedRaftLogWorker: flushIndex: setUnconditionally 0 -> -1
2019-10-17 18:05:41,181 [pool-383-thread-1] INFO  server.RaftServerConfigKeys (ConfUtils.java:logGet(43)) - raft.server.snapshot.auto.trigger.enabled = true (custom)
2019-10-17 18:05:41,181 [pool-383-thread-1] INFO  server.RaftServerConfigKeys (ConfUtils.java:logGet(43)) - raft.server.snapshot.auto.trigger.threshold = 10000 (custom)
2019-10-17 18:05:41,181 [pool-383-thread-1] INFO  server.RaftServerConfigKeys (ConfUtils.java:logGet(43)) - raft.server.snapshot.retention.file.num = 5 (custom)
2019-10-17 18:05:41,181 [pool-383-thread-1] INFO  server.RaftServerConfigKeys (ConfUtils.java:logGet(43)) - raft.server.retrycache.expirytime = 600000ms (custom)
2019-10-17 18:05:41,183 [pool-383-thread-1] INFO  impl.RaftServerImpl (RaftServerImpl.java:start(181)) - e6a8ef7d-ad35-400e-be5d-a9fbfa4da82d@group-47ACF90AA476: start as a follower, conf=-1: [e6a8ef7d-ad35-400e-be5d-a9fbfa4da82d:192.168.34.17:35052], old=null
2019-10-17 18:05:41,183 [pool-383-thread-1] INFO  impl.RaftServerImpl (RaftServerImpl.java:setRole(170)) - e6a8ef7d-ad35-400e-be5d-a9fbfa4da82d@group-47ACF90AA476: changes role from      null to FOLLOWER at term 0 for startAsFollower
2019-10-17 18:05:41,183 [pool-383-thread-1] INFO  impl.RoleInfo (RoleInfo.java:updateAndGet(143)) - e6a8ef7d-ad35-400e-be5d-a9fbfa4da82d: start FollowerState
2019-10-17 18:05:41,184 [pool-383-thread-1] INFO  util.JmxRegister (JmxRegister.java:tryRegister(44)) - Successfully registered JMX Bean with object name Ratis:service=RaftServer,group=group-47ACF90AA476,id=e6a8ef7d-ad35-400e-be5d-a9fbfa4da82d
2019-10-17 18:05:41,187 [RatisPipelineUtilsThread] INFO  pipeline.PipelineStateManager (PipelineStateManager.java:addPipeline(56)) - Created pipeline Pipeline[ Id: 42f59d11-f5af-4b6a-9d22-47acf90aa476, Nodes: e6a8ef7d-ad35-400e-be5d-a9fbfa4da82d{ip: 192.168.34.17, host: pr-hdds-2240-zn58d-574671676, networkLocation: /default-rack, certSerialId: null}, Type:RATIS, Factor:ONE, State:OPEN]
2019-10-17 18:05:41,196 [grpc-default-executor-0] INFO  impl.RaftServerProxy (RaftServerProxy.java:addNew(89)) - 81d9c424-50f5-4636-a584-91e925d399d5: addNew group-57B7B0044015:[81d9c424-50f5-4636-a584-91e925d399d5:192.168.34.17:41921] returns group-57B7B0044015:java.util.concurrent.CompletableFuture@978bbdc[Not completed]
2019-10-17 18:05:41,197 [pool-393-thread-1] INFO  impl.RaftServerImpl (RaftServerImpl.java:<init>(95)) - 81d9c424-50f5-4636-a584-91e925d399d5: new RaftServerImpl for group-57B7B0044015:[81d9c424-50f5-4636-a584-91e925d399d5:192.168.34.17:41921] with ContainerStateMachine:uninitialized
2019-10-17 18:05:41,198 [pool-393-thread-1] INFO  server.RaftServerConfigKeys (ConfUtils.java:logGet(43)) - raft.server.rpc.timeout.min = 5s (custom)
2019-10-17 18:05:41,198 [pool-393-thread-1] INFO  server.RaftServerConfigKeys (ConfUtils.java:logGet(43)) - raft.server.rpc.timeout.max = 5200ms (custom)
2019-10-17 18:05:41,198 [pool-393-thread-1] INFO  server.RaftServerConfigKeys (ConfUtils.java:logGet(43)) - raft.server.rpcslowness.timeout = 120s (custom)
2019-10-17 18:05:41,198 [pool-393-thread-1] INFO  server.RaftServerConfigKeys (ConfUtils.java:logGet(43)) - raft.server.sleep.deviation.threshold = 300 (default)
2019-10-17 18:05:41,198 [pool-393-thread-1] INFO  server.RaftServerConfigKeys (ConfUtils.java:logGet(43)) - raft.server.log.appender.install.snapshot.enabled = false (custom)
2019-10-17 18:05:41,198 [pool-393-thread-1] INFO  impl.RaftServerImpl (ServerState.java:<init>(103)) - 81d9c424-50f5-4636-a584-91e925d399d5@group-57B7B0044015: ConfigurationManager, init=-1: [81d9c424-50f5-4636-a584-91e925d399d5:192.168.34.17:41921], old=null, confs=<EMPTY_MAP>
2019-10-17 18:05:41,198 [pool-393-thread-1] INFO  server.RaftServerConfigKeys (ConfUtils.java:logGet(43)) - raft.server.storage.dir = [/workdir/hadoop-ozone/integration-test/target/test-dir/MiniOzoneClusterImpl-e666d1ac-6527-4543-88b6-0d02e23d4ccf/datanode-1/data/ratis] (custom)
2019-10-17 18:05:41,198 [pool-393-thread-1] INFO  server.RaftServerConfigKeys (ConfUtils.java:logGet(43)) - raft.server.log.corruption.policy = EXCEPTION (default)
2019-10-17 18:05:41,199 [pool-393-thread-1] INFO  storage.RaftStorageDirectory (RaftStorageDirectory.java:analyzeStorage(246)) - The storage directory /workdir/hadoop-ozone/integration-test/target/test-dir/MiniOzoneClusterImpl-e666d1ac-6527-4543-88b6-0d02e23d4ccf/datanode-1/data/ratis/f98b51e1-7d1f-406c-beac-57b7b0044015 does not exist. Creating ...
2019-10-17 18:05:41,228 [pool-393-thread-1] INFO  storage.RaftStorageDirectory (RaftStorageDirectory.java:tryLock(328)) - Lock on /workdir/hadoop-ozone/integration-test/target/test-dir/MiniOzoneClusterImpl-e666d1ac-6527-4543-88b6-0d02e23d4ccf/datanode-1/data/ratis/f98b51e1-7d1f-406c-beac-57b7b0044015/in_use.lock acquired by nodename 3601@pr-hdds-2240-zn58d-574671676
2019-10-17 18:05:41,255 [pool-393-thread-1] INFO  storage.RaftStorage (RaftStorage.java:format(84)) - Storage directory /workdir/hadoop-ozone/integration-test/target/test-dir/MiniOzoneClusterImpl-e666d1ac-6527-4543-88b6-0d02e23d4ccf/datanode-1/data/ratis/f98b51e1-7d1f-406c-beac-57b7b0044015 has been successfully formatted.
2019-10-17 18:05:41,255 [pool-393-thread-1] INFO  ratis.ContainerStateMachine (ContainerStateMachine.java:loadSnapshot(231)) - group-57B7B0044015: The snapshot info is null. Setting the last applied indexto:(t:0, i:~)
2019-10-17 18:05:41,255 [pool-393-thread-1] INFO  server.RaftServerConfigKeys (ConfUtils.java:logGet(43)) - raft.server.notification.no-leader.timeout = 120s (custom)
2019-10-17 18:05:41,255 [pool-393-thread-1] INFO  server.RaftServerConfigKeys (ConfUtils.java:logGet(43)) - raft.server.log.use.memory = false (default)
2019-10-17 18:05:41,255 [pool-393-thread-1] INFO  server.RaftServerConfigKeys (ConfUtils.java:logGet(43)) - raft.server.log.purge.gap = 1000000 (custom)
2019-10-17 18:05:41,255 [pool-393-thread-1] INFO  server.RaftServerConfigKeys (ConfUtils.java:logGet(43)) - raft.server.log.appender.buffer.byte-limit = 33554432 (custom)
2019-10-17 18:05:41,255 [pool-393-thread-1] INFO  server.RaftServerConfigKeys (ConfUtils.java:logGet(43)) - raft.server.log.segment.size.max = 1048576 (custom)
2019-10-17 18:05:41,257 [pool-393-thread-1] INFO  server.RaftServerConfigKeys (ConfUtils.java:logGet(43)) - raft.server.log.segment.cache.num.max = 2 (custom)
2019-10-17 18:05:41,257 [pool-393-thread-1] INFO  segmented.SegmentedRaftLogWorker (SegmentedRaftLogWorker.java:<init>(173)) - new 81d9c424-50f5-4636-a584-91e925d399d5@group-57B7B0044015-SegmentedRaftLogWorker for RaftStorage:Storage Directory /workdir/hadoop-ozone/integration-test/target/test-dir/MiniOzoneClusterImpl-e666d1ac-6527-4543-88b6-0d02e23d4ccf/datanode-1/data/ratis/f98b51e1-7d1f-406c-beac-57b7b0044015
2019-10-17 18:05:41,257 [pool-393-thread-1] INFO  server.RaftServerConfigKeys (ConfUtils.java:logGet(43)) - raft.server.log.queue.byte-limit = 2147483647 (custom)
2019-10-17 18:05:41,257 [pool-393-thread-1] INFO  server.RaftServerConfigKeys (ConfUtils.java:logGet(43)) - raft.server.log.queue.element-limit = 1024 (custom)
2019-10-17 18:05:41,258 [pool-393-thread-1] INFO  server.RaftServerConfigKeys (ConfUtils.java:logGet(43)) - raft.server.log.segment.size.max = 1048576 (custom)
2019-10-17 18:05:41,258 [pool-393-thread-1] INFO  server.RaftServerConfigKeys (ConfUtils.java:logGet(43)) - raft.server.log.preallocated.size = 16384 (custom)
2019-10-17 18:05:41,258 [pool-393-thread-1] INFO  server.RaftServerConfigKeys (ConfUtils.java:logGet(43)) - raft.server.log.write.buffer.size = 33554432 (custom)
2019-10-17 18:05:41,258 [pool-393-thread-1] INFO  server.RaftServerConfigKeys (ConfUtils.java:logGet(43)) - raft.server.log.force.sync.num = 128 (default)
2019-10-17 18:05:41,258 [pool-393-thread-1] INFO  server.RaftServerConfigKeys (ConfUtils.java:logGet(43)) - raft.server.log.statemachine.data.sync = true (default)
2019-10-17 18:05:41,258 [pool-393-thread-1] INFO  server.RaftServerConfigKeys (ConfUtils.java:logGet(43)) - raft.server.log.statemachine.data.sync.timeout = 10s (default)
2019-10-17 18:05:41,258 [pool-393-thread-1] INFO  server.RaftServerConfigKeys (ConfUtils.java:logGet(43)) - raft.server.log.statemachine.data.sync.timeout.retry = -1 (default)
2019-10-17 18:05:41,258 [pool-393-thread-1] INFO  server.RaftServerConfigKeys (ConfUtils.java:logGet(43)) - raft.server.log.statemachine.data.caching.enabled = true (custom)
2019-10-17 18:05:41,259 [pool-393-thread-1] INFO  segmented.SegmentedRaftLogWorker (SegmentedRaftLogWorker.java:lambda$new$0(128)) - 81d9c424-50f5-4636-a584-91e925d399d5@group-57B7B0044015-SegmentedRaftLogWorker: flushIndex: setUnconditionally 0 -> -1
2019-10-17 18:05:41,259 [pool-393-thread-1] INFO  server.RaftServerConfigKeys (ConfUtils.java:logGet(43)) - raft.server.snapshot.auto.trigger.enabled = true (custom)
2019-10-17 18:05:41,259 [pool-393-thread-1] INFO  server.RaftServerConfigKeys (ConfUtils.java:logGet(43)) - raft.server.snapshot.auto.trigger.threshold = 10000 (custom)
2019-10-17 18:05:41,259 [pool-393-thread-1] INFO  server.RaftServerConfigKeys (ConfUtils.java:logGet(43)) - raft.server.snapshot.retention.file.num = 5 (custom)
2019-10-17 18:05:41,259 [pool-393-thread-1] INFO  server.RaftServerConfigKeys (ConfUtils.java:logGet(43)) - raft.server.retrycache.expirytime = 600000ms (custom)
2019-10-17 18:05:41,261 [pool-393-thread-1] INFO  impl.RaftServerImpl (RaftServerImpl.java:start(181)) - 81d9c424-50f5-4636-a584-91e925d399d5@group-57B7B0044015: start as a follower, conf=-1: [81d9c424-50f5-4636-a584-91e925d399d5:192.168.34.17:41921], old=null
2019-10-17 18:05:41,261 [pool-393-thread-1] INFO  impl.RaftServerImpl (RaftServerImpl.java:setRole(170)) - 81d9c424-50f5-4636-a584-91e925d399d5@group-57B7B0044015: changes role from      null to FOLLOWER at term 0 for startAsFollower
2019-10-17 18:05:41,261 [pool-393-thread-1] INFO  impl.RoleInfo (RoleInfo.java:updateAndGet(143)) - 81d9c424-50f5-4636-a584-91e925d399d5: start FollowerState
2019-10-17 18:05:41,261 [pool-393-thread-1] INFO  util.JmxRegister (JmxRegister.java:tryRegister(44)) - Successfully registered JMX Bean with object name Ratis:service=RaftServer,group=group-57B7B0044015,id=81d9c424-50f5-4636-a584-91e925d399d5
2019-10-17 18:05:41,265 [RatisPipelineUtilsThread] INFO  pipeline.PipelineStateManager (PipelineStateManager.java:addPipeline(56)) - Created pipeline Pipeline[ Id: f98b51e1-7d1f-406c-beac-57b7b0044015, Nodes: 81d9c424-50f5-4636-a584-91e925d399d5{ip: 192.168.34.17, host: pr-hdds-2240-zn58d-574671676, networkLocation: /default-rack, certSerialId: null}, Type:RATIS, Factor:ONE, State:OPEN]
2019-10-17 18:05:41,279 [IPC Server handler 4 on 41326] INFO  net.NetworkTopology (NetworkTopologyImpl.java:add(111)) - Added a new node: /default-rack/b051e227-2375-447f-b0e9-7745e2cf082f
2019-10-17 18:05:41,279 [IPC Server handler 4 on 41326] INFO  node.SCMNodeManager (SCMNodeManager.java:register(268)) - Registered Data node : b051e227-2375-447f-b0e9-7745e2cf082f{ip: 192.168.34.17, host: pr-hdds-2240-zn58d-574671676, networkLocation: /default-rack, certSerialId: null}
2019-10-17 18:05:41,288 [grpc-default-executor-0] INFO  impl.RaftServerProxy (RaftServerProxy.java:addNew(89)) - b051e227-2375-447f-b0e9-7745e2cf082f: addNew group-DBBF14DCE228:[b051e227-2375-447f-b0e9-7745e2cf082f:192.168.34.17:37724] returns group-DBBF14DCE228:java.util.concurrent.CompletableFuture@3fe803e3[Not completed]
2019-10-17 18:05:41,289 [pool-403-thread-1] INFO  impl.RaftServerImpl (RaftServerImpl.java:<init>(95)) - b051e227-2375-447f-b0e9-7745e2cf082f: new RaftServerImpl for group-DBBF14DCE228:[b051e227-2375-447f-b0e9-7745e2cf082f:192.168.34.17:37724] with ContainerStateMachine:uninitialized
2019-10-17 18:05:41,289 [pool-403-thread-1] INFO  server.RaftServerConfigKeys (ConfUtils.java:logGet(43)) - raft.server.rpc.timeout.min = 5s (custom)
2019-10-17 18:05:41,289 [pool-403-thread-1] INFO  server.RaftServerConfigKeys (ConfUtils.java:logGet(43)) - raft.server.rpc.timeout.max = 5200ms (custom)
2019-10-17 18:05:41,290 [pool-403-thread-1] INFO  server.RaftServerConfigKeys (ConfUtils.java:logGet(43)) - raft.server.rpcslowness.timeout = 120s (custom)
2019-10-17 18:05:41,290 [pool-403-thread-1] INFO  server.RaftServerConfigKeys (ConfUtils.java:logGet(43)) - raft.server.sleep.deviation.threshold = 300 (default)
2019-10-17 18:05:41,290 [pool-403-thread-1] INFO  server.RaftServerConfigKeys (ConfUtils.java:logGet(43)) - raft.server.log.appender.install.snapshot.enabled = false (custom)
2019-10-17 18:05:41,290 [pool-403-thread-1] INFO  impl.RaftServerImpl (ServerState.java:<init>(103)) - b051e227-2375-447f-b0e9-7745e2cf082f@group-DBBF14DCE228: ConfigurationManager, init=-1: [b051e227-2375-447f-b0e9-7745e2cf082f:192.168.34.17:37724], old=null, confs=<EMPTY_MAP>
2019-10-17 18:05:41,290 [pool-403-thread-1] INFO  server.RaftServerConfigKeys (ConfUtils.java:logGet(43)) - raft.server.storage.dir = [/workdir/hadoop-ozone/integration-test/target/test-dir/MiniOzoneClusterImpl-e666d1ac-6527-4543-88b6-0d02e23d4ccf/datanode-2/data/ratis] (custom)
2019-10-17 18:05:41,290 [pool-403-thread-1] INFO  server.RaftServerConfigKeys (ConfUtils.java:logGet(43)) - raft.server.log.corruption.policy = EXCEPTION (default)
2019-10-17 18:05:41,291 [pool-403-thread-1] INFO  storage.RaftStorageDirectory (RaftStorageDirectory.java:analyzeStorage(246)) - The storage directory /workdir/hadoop-ozone/integration-test/target/test-dir/MiniOzoneClusterImpl-e666d1ac-6527-4543-88b6-0d02e23d4ccf/datanode-2/data/ratis/a49b640b-d75e-4e6a-9cd7-dbbf14dce228 does not exist. Creating ...
2019-10-17 18:05:41,319 [pool-403-thread-1] INFO  storage.RaftStorageDirectory (RaftStorageDirectory.java:tryLock(328)) - Lock on /workdir/hadoop-ozone/integration-test/target/test-dir/MiniOzoneClusterImpl-e666d1ac-6527-4543-88b6-0d02e23d4ccf/datanode-2/data/ratis/a49b640b-d75e-4e6a-9cd7-dbbf14dce228/in_use.lock acquired by nodename 3601@pr-hdds-2240-zn58d-574671676
2019-10-17 18:05:41,343 [pool-403-thread-1] INFO  storage.RaftStorage (RaftStorage.java:format(84)) - Storage directory /workdir/hadoop-ozone/integration-test/target/test-dir/MiniOzoneClusterImpl-e666d1ac-6527-4543-88b6-0d02e23d4ccf/datanode-2/data/ratis/a49b640b-d75e-4e6a-9cd7-dbbf14dce228 has been successfully formatted.
2019-10-17 18:05:41,343 [pool-403-thread-1] INFO  ratis.ContainerStateMachine (ContainerStateMachine.java:loadSnapshot(231)) - group-DBBF14DCE228: The snapshot info is null. Setting the last applied indexto:(t:0, i:~)
2019-10-17 18:05:41,344 [pool-403-thread-1] INFO  server.RaftServerConfigKeys (ConfUtils.java:logGet(43)) - raft.server.notification.no-leader.timeout = 120s (custom)
2019-10-17 18:05:41,344 [pool-403-thread-1] INFO  server.RaftServerConfigKeys (ConfUtils.java:logGet(43)) - raft.server.log.use.memory = false (default)
2019-10-17 18:05:41,344 [pool-403-thread-1] INFO  server.RaftServerConfigKeys (ConfUtils.java:logGet(43)) - raft.server.log.purge.gap = 1000000 (custom)
2019-10-17 18:05:41,344 [pool-403-thread-1] INFO  server.RaftServerConfigKeys (ConfUtils.java:logGet(43)) - raft.server.log.appender.buffer.byte-limit = 33554432 (custom)
2019-10-17 18:05:41,344 [pool-403-thread-1] INFO  server.RaftServerConfigKeys (ConfUtils.java:logGet(43)) - raft.server.log.segment.size.max = 1048576 (custom)
2019-10-17 18:05:41,346 [pool-403-thread-1] INFO  server.RaftServerConfigKeys (ConfUtils.java:logGet(43)) - raft.server.log.segment.cache.num.max = 2 (custom)
2019-10-17 18:05:41,346 [pool-403-thread-1] INFO  segmented.SegmentedRaftLogWorker (SegmentedRaftLogWorker.java:<init>(173)) - new b051e227-2375-447f-b0e9-7745e2cf082f@group-DBBF14DCE228-SegmentedRaftLogWorker for RaftStorage:Storage Directory /workdir/hadoop-ozone/integration-test/target/test-dir/MiniOzoneClusterImpl-e666d1ac-6527-4543-88b6-0d02e23d4ccf/datanode-2/data/ratis/a49b640b-d75e-4e6a-9cd7-dbbf14dce228
2019-10-17 18:05:41,346 [pool-403-thread-1] INFO  server.RaftServerConfigKeys (ConfUtils.java:logGet(43)) - raft.server.log.queue.byte-limit = 2147483647 (custom)
2019-10-17 18:05:41,346 [pool-403-thread-1] INFO  server.RaftServerConfigKeys (ConfUtils.java:logGet(43)) - raft.server.log.queue.element-limit = 1024 (custom)
2019-10-17 18:05:41,346 [pool-403-thread-1] INFO  server.RaftServerConfigKeys (ConfUtils.java:logGet(43)) - raft.server.log.segment.size.max = 1048576 (custom)
2019-10-17 18:05:41,346 [pool-403-thread-1] INFO  server.RaftServerConfigKeys (ConfUtils.java:logGet(43)) - raft.server.log.preallocated.size = 16384 (custom)
2019-10-17 18:05:41,346 [pool-403-thread-1] INFO  server.RaftServerConfigKeys (ConfUtils.java:logGet(43)) - raft.server.log.write.buffer.size = 33554432 (custom)
2019-10-17 18:05:41,346 [pool-403-thread-1] INFO  server.RaftServerConfigKeys (ConfUtils.java:logGet(43)) - raft.server.log.force.sync.num = 128 (default)
2019-10-17 18:05:41,347 [pool-403-thread-1] INFO  server.RaftServerConfigKeys (ConfUtils.java:logGet(43)) - raft.server.log.statemachine.data.sync = true (default)
2019-10-17 18:05:41,347 [pool-403-thread-1] INFO  server.RaftServerConfigKeys (ConfUtils.java:logGet(43)) - raft.server.log.statemachine.data.sync.timeout = 10s (default)
2019-10-17 18:05:41,347 [pool-403-thread-1] INFO  server.RaftServerConfigKeys (ConfUtils.java:logGet(43)) - raft.server.log.statemachine.data.sync.timeout.retry = -1 (default)
2019-10-17 18:05:41,347 [pool-403-thread-1] INFO  server.RaftServerConfigKeys (ConfUtils.java:logGet(43)) - raft.server.log.statemachine.data.caching.enabled = true (custom)
2019-10-17 18:05:41,347 [pool-403-thread-1] INFO  segmented.SegmentedRaftLogWorker (SegmentedRaftLogWorker.java:lambda$new$0(128)) - b051e227-2375-447f-b0e9-7745e2cf082f@group-DBBF14DCE228-SegmentedRaftLogWorker: flushIndex: setUnconditionally 0 -> -1
2019-10-17 18:05:41,348 [pool-403-thread-1] INFO  server.RaftServerConfigKeys (ConfUtils.java:logGet(43)) - raft.server.snapshot.auto.trigger.enabled = true (custom)
2019-10-17 18:05:41,348 [pool-403-thread-1] INFO  server.RaftServerConfigKeys (ConfUtils.java:logGet(43)) - raft.server.snapshot.auto.trigger.threshold = 10000 (custom)
2019-10-17 18:05:41,348 [pool-403-thread-1] INFO  server.RaftServerConfigKeys (ConfUtils.java:logGet(43)) - raft.server.snapshot.retention.file.num = 5 (custom)
2019-10-17 18:05:41,348 [pool-403-thread-1] INFO  server.RaftServerConfigKeys (ConfUtils.java:logGet(43)) - raft.server.retrycache.expirytime = 600000ms (custom)
2019-10-17 18:05:41,350 [pool-403-thread-1] INFO  impl.RaftServerImpl (RaftServerImpl.java:start(181)) - b051e227-2375-447f-b0e9-7745e2cf082f@group-DBBF14DCE228: start as a follower, conf=-1: [b051e227-2375-447f-b0e9-7745e2cf082f:192.168.34.17:37724], old=null
2019-10-17 18:05:41,350 [pool-403-thread-1] INFO  impl.RaftServerImpl (RaftServerImpl.java:setRole(170)) - b051e227-2375-447f-b0e9-7745e2cf082f@group-DBBF14DCE228: changes role from      null to FOLLOWER at term 0 for startAsFollower
2019-10-17 18:05:41,350 [pool-403-thread-1] INFO  impl.RoleInfo (RoleInfo.java:updateAndGet(143)) - b051e227-2375-447f-b0e9-7745e2cf082f: start FollowerState
2019-10-17 18:05:41,351 [pool-403-thread-1] INFO  util.JmxRegister (JmxRegister.java:tryRegister(44)) - Successfully registered JMX Bean with object name Ratis:service=RaftServer,group=group-DBBF14DCE228,id=b051e227-2375-447f-b0e9-7745e2cf082f
2019-10-17 18:05:41,355 [RatisPipelineUtilsThread] INFO  pipeline.PipelineStateManager (PipelineStateManager.java:addPipeline(56)) - Created pipeline Pipeline[ Id: a49b640b-d75e-4e6a-9cd7-dbbf14dce228, Nodes: b051e227-2375-447f-b0e9-7745e2cf082f{ip: 192.168.34.17, host: pr-hdds-2240-zn58d-574671676, networkLocation: /default-rack, certSerialId: null}, Type:RATIS, Factor:ONE, State:OPEN]
2019-10-17 18:05:41,360 [IPC Server handler 5 on 41326] INFO  net.NetworkTopology (NetworkTopologyImpl.java:add(111)) - Added a new node: /default-rack/c0a925e6-7889-4d83-9ab1-1e3fc011b8ea
2019-10-17 18:05:41,361 [IPC Server handler 5 on 41326] INFO  node.SCMNodeManager (SCMNodeManager.java:register(268)) - Registered Data node : c0a925e6-7889-4d83-9ab1-1e3fc011b8ea{ip: 192.168.34.17, host: pr-hdds-2240-zn58d-574671676, networkLocation: /default-rack, certSerialId: null}
2019-10-17 18:05:41,369 [grpc-default-executor-1] INFO  impl.RaftServerProxy (RaftServerProxy.java:addNew(89)) - 81d9c424-50f5-4636-a584-91e925d399d5: addNew group-93EDBBD93981:[81d9c424-50f5-4636-a584-91e925d399d5:192.168.34.17:41921, b051e227-2375-447f-b0e9-7745e2cf082f:192.168.34.17:37724, e6a8ef7d-ad35-400e-be5d-a9fbfa4da82d:192.168.34.17:35052] returns group-93EDBBD93981:java.util.concurrent.CompletableFuture@3549f567[Not completed]
2019-10-17 18:05:41,369 [grpc-default-executor-1] INFO  impl.RaftServerProxy (RaftServerProxy.java:addNew(89)) - b051e227-2375-447f-b0e9-7745e2cf082f: addNew group-93EDBBD93981:[81d9c424-50f5-4636-a584-91e925d399d5:192.168.34.17:41921, b051e227-2375-447f-b0e9-7745e2cf082f:192.168.34.17:37724, e6a8ef7d-ad35-400e-be5d-a9fbfa4da82d:192.168.34.17:35052] returns group-93EDBBD93981:java.util.concurrent.CompletableFuture@29069773[Not completed]
2019-10-17 18:05:41,370 [grpc-default-executor-1] INFO  impl.RaftServerProxy (RaftServerProxy.java:addNew(89)) - e6a8ef7d-ad35-400e-be5d-a9fbfa4da82d: addNew group-93EDBBD93981:[81d9c424-50f5-4636-a584-91e925d399d5:192.168.34.17:41921, b051e227-2375-447f-b0e9-7745e2cf082f:192.168.34.17:37724, e6a8ef7d-ad35-400e-be5d-a9fbfa4da82d:192.168.34.17:35052] returns group-93EDBBD93981:java.util.concurrent.CompletableFuture@2fea83cd[Not completed]
2019-10-17 18:05:41,370 [pool-393-thread-1] INFO  impl.RaftServerImpl (RaftServerImpl.java:<init>(95)) - 81d9c424-50f5-4636-a584-91e925d399d5: new RaftServerImpl for group-93EDBBD93981:[81d9c424-50f5-4636-a584-91e925d399d5:192.168.34.17:41921, b051e227-2375-447f-b0e9-7745e2cf082f:192.168.34.17:37724, e6a8ef7d-ad35-400e-be5d-a9fbfa4da82d:192.168.34.17:35052] with ContainerStateMachine:uninitialized
2019-10-17 18:05:41,371 [pool-393-thread-1] INFO  server.RaftServerConfigKeys (ConfUtils.java:logGet(43)) - raft.server.rpc.timeout.min = 5s (custom)
2019-10-17 18:05:41,371 [pool-393-thread-1] INFO  server.RaftServerConfigKeys (ConfUtils.java:logGet(43)) - raft.server.rpc.timeout.max = 5200ms (custom)
2019-10-17 18:05:41,371 [pool-393-thread-1] INFO  server.RaftServerConfigKeys (ConfUtils.java:logGet(43)) - raft.server.rpcslowness.timeout = 120s (custom)
2019-10-17 18:05:41,371 [pool-393-thread-1] INFO  server.RaftServerConfigKeys (ConfUtils.java:logGet(43)) - raft.server.sleep.deviation.threshold = 300 (default)
2019-10-17 18:05:41,371 [pool-403-thread-1] INFO  impl.RaftServerImpl (RaftServerImpl.java:<init>(95)) - b051e227-2375-447f-b0e9-7745e2cf082f: new RaftServerImpl for group-93EDBBD93981:[81d9c424-50f5-4636-a584-91e925d399d5:192.168.34.17:41921, b051e227-2375-447f-b0e9-7745e2cf082f:192.168.34.17:37724, e6a8ef7d-ad35-400e-be5d-a9fbfa4da82d:192.168.34.17:35052] with ContainerStateMachine:uninitialized
2019-10-17 18:05:41,371 [pool-393-thread-1] INFO  server.RaftServerConfigKeys (ConfUtils.java:logGet(43)) - raft.server.log.appender.install.snapshot.enabled = false (custom)
2019-10-17 18:05:41,371 [pool-403-thread-1] INFO  server.RaftServerConfigKeys (ConfUtils.java:logGet(43)) - raft.server.rpc.timeout.min = 5s (custom)
2019-10-17 18:05:41,371 [pool-393-thread-1] INFO  impl.RaftServerImpl (ServerState.java:<init>(103)) - 81d9c424-50f5-4636-a584-91e925d399d5@group-93EDBBD93981: ConfigurationManager, init=-1: [81d9c424-50f5-4636-a584-91e925d399d5:192.168.34.17:41921, b051e227-2375-447f-b0e9-7745e2cf082f:192.168.34.17:37724, e6a8ef7d-ad35-400e-be5d-a9fbfa4da82d:192.168.34.17:35052], old=null, confs=<EMPTY_MAP>
2019-10-17 18:05:41,371 [pool-383-thread-1] INFO  impl.RaftServerImpl (RaftServerImpl.java:<init>(95)) - e6a8ef7d-ad35-400e-be5d-a9fbfa4da82d: new RaftServerImpl for group-93EDBBD93981:[81d9c424-50f5-4636-a584-91e925d399d5:192.168.34.17:41921, b051e227-2375-447f-b0e9-7745e2cf082f:192.168.34.17:37724, e6a8ef7d-ad35-400e-be5d-a9fbfa4da82d:192.168.34.17:35052] with ContainerStateMachine:uninitialized
2019-10-17 18:05:41,372 [pool-393-thread-1] INFO  server.RaftServerConfigKeys (ConfUtils.java:logGet(43)) - raft.server.storage.dir = [/workdir/hadoop-ozone/integration-test/target/test-dir/MiniOzoneClusterImpl-e666d1ac-6527-4543-88b6-0d02e23d4ccf/datanode-1/data/ratis] (custom)
2019-10-17 18:05:41,371 [pool-403-thread-1] INFO  server.RaftServerConfigKeys (ConfUtils.java:logGet(43)) - raft.server.rpc.timeout.max = 5200ms (custom)
2019-10-17 18:05:41,372 [pool-383-thread-1] INFO  server.RaftServerConfigKeys (ConfUtils.java:logGet(43)) - raft.server.rpc.timeout.min = 5s (custom)
2019-10-17 18:05:41,372 [pool-403-thread-1] INFO  server.RaftServerConfigKeys (ConfUtils.java:logGet(43)) - raft.server.rpcslowness.timeout = 120s (custom)
2019-10-17 18:05:41,372 [pool-383-thread-1] INFO  server.RaftServerConfigKeys (ConfUtils.java:logGet(43)) - raft.server.rpc.timeout.max = 5200ms (custom)
2019-10-17 18:05:41,372 [pool-393-thread-1] INFO  server.RaftServerConfigKeys (ConfUtils.java:logGet(43)) - raft.server.log.corruption.policy = EXCEPTION (default)
2019-10-17 18:05:41,372 [pool-383-thread-1] INFO  server.RaftServerConfigKeys (ConfUtils.java:logGet(43)) - raft.server.rpcslowness.timeout = 120s (custom)
2019-10-17 18:05:41,372 [pool-403-thread-1] INFO  server.RaftServerConfigKeys (ConfUtils.java:logGet(43)) - raft.server.sleep.deviation.threshold = 300 (default)
2019-10-17 18:05:41,372 [pool-393-thread-1] INFO  storage.RaftStorageDirectory (RaftStorageDirectory.java:analyzeStorage(246)) - The storage directory /workdir/hadoop-ozone/integration-test/target/test-dir/MiniOzoneClusterImpl-e666d1ac-6527-4543-88b6-0d02e23d4ccf/datanode-1/data/ratis/a18a9fbb-0299-44b5-9a17-93edbbd93981 does not exist. Creating ...
2019-10-17 18:05:41,372 [pool-383-thread-1] INFO  server.RaftServerConfigKeys (ConfUtils.java:logGet(43)) - raft.server.sleep.deviation.threshold = 300 (default)
2019-10-17 18:05:41,372 [pool-403-thread-1] INFO  server.RaftServerConfigKeys (ConfUtils.java:logGet(43)) - raft.server.log.appender.install.snapshot.enabled = false (custom)
2019-10-17 18:05:41,372 [pool-383-thread-1] INFO  server.RaftServerConfigKeys (ConfUtils.java:logGet(43)) - raft.server.log.appender.install.snapshot.enabled = false (custom)
2019-10-17 18:05:41,373 [pool-403-thread-1] INFO  impl.RaftServerImpl (ServerState.java:<init>(103)) - b051e227-2375-447f-b0e9-7745e2cf082f@group-93EDBBD93981: ConfigurationManager, init=-1: [81d9c424-50f5-4636-a584-91e925d399d5:192.168.34.17:41921, b051e227-2375-447f-b0e9-7745e2cf082f:192.168.34.17:37724, e6a8ef7d-ad35-400e-be5d-a9fbfa4da82d:192.168.34.17:35052], old=null, confs=<EMPTY_MAP>
2019-10-17 18:05:41,373 [pool-383-thread-1] INFO  impl.RaftServerImpl (ServerState.java:<init>(103)) - e6a8ef7d-ad35-400e-be5d-a9fbfa4da82d@group-93EDBBD93981: ConfigurationManager, init=-1: [81d9c424-50f5-4636-a584-91e925d399d5:192.168.34.17:41921, b051e227-2375-447f-b0e9-7745e2cf082f:192.168.34.17:37724, e6a8ef7d-ad35-400e-be5d-a9fbfa4da82d:192.168.34.17:35052], old=null, confs=<EMPTY_MAP>
2019-10-17 18:05:41,373 [pool-403-thread-1] INFO  server.RaftServerConfigKeys (ConfUtils.java:logGet(43)) - raft.server.storage.dir = [/workdir/hadoop-ozone/integration-test/target/test-dir/MiniOzoneClusterImpl-e666d1ac-6527-4543-88b6-0d02e23d4ccf/datanode-2/data/ratis] (custom)
2019-10-17 18:05:41,373 [pool-383-thread-1] INFO  server.RaftServerConfigKeys (ConfUtils.java:logGet(43)) - raft.server.storage.dir = [/workdir/hadoop-ozone/integration-test/target/test-dir/MiniOzoneClusterImpl-e666d1ac-6527-4543-88b6-0d02e23d4ccf/datanode-0/data/ratis] (custom)
2019-10-17 18:05:41,373 [pool-403-thread-1] INFO  server.RaftServerConfigKeys (ConfUtils.java:logGet(43)) - raft.server.log.corruption.policy = EXCEPTION (default)
2019-10-17 18:05:41,373 [pool-403-thread-1] INFO  storage.RaftStorageDirectory (RaftStorageDirectory.java:analyzeStorage(246)) - The storage directory /workdir/hadoop-ozone/integration-test/target/test-dir/MiniOzoneClusterImpl-e666d1ac-6527-4543-88b6-0d02e23d4ccf/datanode-2/data/ratis/a18a9fbb-0299-44b5-9a17-93edbbd93981 does not exist. Creating ...
2019-10-17 18:05:41,373 [pool-383-thread-1] INFO  server.RaftServerConfigKeys (ConfUtils.java:logGet(43)) - raft.server.log.corruption.policy = EXCEPTION (default)
2019-10-17 18:05:41,373 [pool-383-thread-1] INFO  storage.RaftStorageDirectory (RaftStorageDirectory.java:analyzeStorage(246)) - The storage directory /workdir/hadoop-ozone/integration-test/target/test-dir/MiniOzoneClusterImpl-e666d1ac-6527-4543-88b6-0d02e23d4ccf/datanode-0/data/ratis/a18a9fbb-0299-44b5-9a17-93edbbd93981 does not exist. Creating ...
2019-10-17 18:05:41,427 [pool-393-thread-1] INFO  storage.RaftStorageDirectory (RaftStorageDirectory.java:tryLock(328)) - Lock on /workdir/hadoop-ozone/integration-test/target/test-dir/MiniOzoneClusterImpl-e666d1ac-6527-4543-88b6-0d02e23d4ccf/datanode-1/data/ratis/a18a9fbb-0299-44b5-9a17-93edbbd93981/in_use.lock acquired by nodename 3601@pr-hdds-2240-zn58d-574671676
2019-10-17 18:05:41,427 [pool-403-thread-1] INFO  storage.RaftStorageDirectory (RaftStorageDirectory.java:tryLock(328)) - Lock on /workdir/hadoop-ozone/integration-test/target/test-dir/MiniOzoneClusterImpl-e666d1ac-6527-4543-88b6-0d02e23d4ccf/datanode-2/data/ratis/a18a9fbb-0299-44b5-9a17-93edbbd93981/in_use.lock acquired by nodename 3601@pr-hdds-2240-zn58d-574671676
2019-10-17 18:05:41,427 [pool-383-thread-1] INFO  storage.RaftStorageDirectory (RaftStorageDirectory.java:tryLock(328)) - Lock on /workdir/hadoop-ozone/integration-test/target/test-dir/MiniOzoneClusterImpl-e666d1ac-6527-4543-88b6-0d02e23d4ccf/datanode-0/data/ratis/a18a9fbb-0299-44b5-9a17-93edbbd93981/in_use.lock acquired by nodename 3601@pr-hdds-2240-zn58d-574671676
2019-10-17 18:05:41,454 [pool-393-thread-1] INFO  storage.RaftStorage (RaftStorage.java:format(84)) - Storage directory /workdir/hadoop-ozone/integration-test/target/test-dir/MiniOzoneClusterImpl-e666d1ac-6527-4543-88b6-0d02e23d4ccf/datanode-1/data/ratis/a18a9fbb-0299-44b5-9a17-93edbbd93981 has been successfully formatted.
2019-10-17 18:05:41,454 [pool-403-thread-1] INFO  storage.RaftStorage (RaftStorage.java:format(84)) - Storage directory /workdir/hadoop-ozone/integration-test/target/test-dir/MiniOzoneClusterImpl-e666d1ac-6527-4543-88b6-0d02e23d4ccf/datanode-2/data/ratis/a18a9fbb-0299-44b5-9a17-93edbbd93981 has been successfully formatted.
2019-10-17 18:05:41,454 [pool-383-thread-1] INFO  storage.RaftStorage (RaftStorage.java:format(84)) - Storage directory /workdir/hadoop-ozone/integration-test/target/test-dir/MiniOzoneClusterImpl-e666d1ac-6527-4543-88b6-0d02e23d4ccf/datanode-0/data/ratis/a18a9fbb-0299-44b5-9a17-93edbbd93981 has been successfully formatted.
2019-10-17 18:05:41,454 [pool-393-thread-1] INFO  ratis.ContainerStateMachine (ContainerStateMachine.java:loadSnapshot(231)) - group-93EDBBD93981: The snapshot info is null. Setting the last applied indexto:(t:0, i:~)
2019-10-17 18:05:41,454 [pool-383-thread-1] INFO  ratis.ContainerStateMachine (ContainerStateMachine.java:loadSnapshot(231)) - group-93EDBBD93981: The snapshot info is null. Setting the last applied indexto:(t:0, i:~)
2019-10-17 18:05:41,454 [pool-403-thread-1] INFO  ratis.ContainerStateMachine (ContainerStateMachine.java:loadSnapshot(231)) - group-93EDBBD93981: The snapshot info is null. Setting the last applied indexto:(t:0, i:~)
2019-10-17 18:05:41,454 [pool-383-thread-1] INFO  server.RaftServerConfigKeys (ConfUtils.java:logGet(43)) - raft.server.notification.no-leader.timeout = 120s (custom)
2019-10-17 18:05:41,454 [pool-393-thread-1] INFO  server.RaftServerConfigKeys (ConfUtils.java:logGet(43)) - raft.server.notification.no-leader.timeout = 120s (custom)
2019-10-17 18:05:41,454 [pool-383-thread-1] INFO  server.RaftServerConfigKeys (ConfUtils.java:logGet(43)) - raft.server.log.use.memory = false (default)
2019-10-17 18:05:41,454 [pool-403-thread-1] INFO  server.RaftServerConfigKeys (ConfUtils.java:logGet(43)) - raft.server.notification.no-leader.timeout = 120s (custom)
2019-10-17 18:05:41,455 [pool-383-thread-1] INFO  server.RaftServerConfigKeys (ConfUtils.java:logGet(43)) - raft.server.log.purge.gap = 1000000 (custom)
2019-10-17 18:05:41,455 [pool-393-thread-1] INFO  server.RaftServerConfigKeys (ConfUtils.java:logGet(43)) - raft.server.log.use.memory = false (default)
2019-10-17 18:05:41,455 [pool-383-thread-1] INFO  server.RaftServerConfigKeys (ConfUtils.java:logGet(43)) - raft.server.log.appender.buffer.byte-limit = 33554432 (custom)
2019-10-17 18:05:41,455 [pool-403-thread-1] INFO  server.RaftServerConfigKeys (ConfUtils.java:logGet(43)) - raft.server.log.use.memory = false (default)
2019-10-17 18:05:41,455 [pool-383-thread-1] INFO  server.RaftServerConfigKeys (ConfUtils.java:logGet(43)) - raft.server.log.segment.size.max = 1048576 (custom)
2019-10-17 18:05:41,455 [pool-393-thread-1] INFO  server.RaftServerConfigKeys (ConfUtils.java:logGet(43)) - raft.server.log.purge.gap = 1000000 (custom)
2019-10-17 18:05:41,455 [pool-383-thread-1] INFO  server.RaftServerConfigKeys (ConfUtils.java:logGet(43)) - raft.server.log.segment.cache.num.max = 2 (custom)
2019-10-17 18:05:41,455 [pool-403-thread-1] INFO  server.RaftServerConfigKeys (ConfUtils.java:logGet(43)) - raft.server.log.purge.gap = 1000000 (custom)
2019-10-17 18:05:41,455 [pool-383-thread-1] INFO  segmented.SegmentedRaftLogWorker (SegmentedRaftLogWorker.java:<init>(173)) - new e6a8ef7d-ad35-400e-be5d-a9fbfa4da82d@group-93EDBBD93981-SegmentedRaftLogWorker for RaftStorage:Storage Directory /workdir/hadoop-ozone/integration-test/target/test-dir/MiniOzoneClusterImpl-e666d1ac-6527-4543-88b6-0d02e23d4ccf/datanode-0/data/ratis/a18a9fbb-0299-44b5-9a17-93edbbd93981
2019-10-17 18:05:41,455 [pool-393-thread-1] INFO  server.RaftServerConfigKeys (ConfUtils.java:logGet(43)) - raft.server.log.appender.buffer.byte-limit = 33554432 (custom)
2019-10-17 18:05:41,456 [pool-383-thread-1] INFO  server.RaftServerConfigKeys (ConfUtils.java:logGet(43)) - raft.server.log.queue.byte-limit = 2147483647 (custom)
2019-10-17 18:05:41,455 [pool-403-thread-1] INFO  server.RaftServerConfigKeys (ConfUtils.java:logGet(43)) - raft.server.log.appender.buffer.byte-limit = 33554432 (custom)
2019-10-17 18:05:41,456 [pool-383-thread-1] INFO  server.RaftServerConfigKeys (ConfUtils.java:logGet(43)) - raft.server.log.queue.element-limit = 1024 (custom)
2019-10-17 18:05:41,456 [pool-393-thread-1] INFO  server.RaftServerConfigKeys (ConfUtils.java:logGet(43)) - raft.server.log.segment.size.max = 1048576 (custom)
2019-10-17 18:05:41,456 [pool-383-thread-1] INFO  server.RaftServerConfigKeys (ConfUtils.java:logGet(43)) - raft.server.log.segment.size.max = 1048576 (custom)
2019-10-17 18:05:41,456 [pool-403-thread-1] INFO  server.RaftServerConfigKeys (ConfUtils.java:logGet(43)) - raft.server.log.segment.size.max = 1048576 (custom)
2019-10-17 18:05:41,456 [pool-383-thread-1] INFO  server.RaftServerConfigKeys (ConfUtils.java:logGet(43)) - raft.server.log.preallocated.size = 16384 (custom)
2019-10-17 18:05:41,456 [pool-393-thread-1] INFO  server.RaftServerConfigKeys (ConfUtils.java:logGet(43)) - raft.server.log.segment.cache.num.max = 2 (custom)
2019-10-17 18:05:41,456 [pool-383-thread-1] INFO  server.RaftServerConfigKeys (ConfUtils.java:logGet(43)) - raft.server.log.write.buffer.size = 33554432 (custom)
2019-10-17 18:05:41,456 [pool-403-thread-1] INFO  server.RaftServerConfigKeys (ConfUtils.java:logGet(43)) - raft.server.log.segment.cache.num.max = 2 (custom)
2019-10-17 18:05:41,457 [pool-383-thread-1] INFO  server.RaftServerConfigKeys (ConfUtils.java:logGet(43)) - raft.server.log.force.sync.num = 128 (default)
2019-10-17 18:05:41,456 [pool-393-thread-1] INFO  segmented.SegmentedRaftLogWorker (SegmentedRaftLogWorker.java:<init>(173)) - new 81d9c424-50f5-4636-a584-91e925d399d5@group-93EDBBD93981-SegmentedRaftLogWorker for RaftStorage:Storage Directory /workdir/hadoop-ozone/integration-test/target/test-dir/MiniOzoneClusterImpl-e666d1ac-6527-4543-88b6-0d02e23d4ccf/datanode-1/data/ratis/a18a9fbb-0299-44b5-9a17-93edbbd93981
2019-10-17 18:05:41,457 [pool-383-thread-1] INFO  server.RaftServerConfigKeys (ConfUtils.java:logGet(43)) - raft.server.log.statemachine.data.sync = true (default)
2019-10-17 18:05:41,457 [pool-403-thread-1] INFO  segmented.SegmentedRaftLogWorker (SegmentedRaftLogWorker.java:<init>(173)) - new b051e227-2375-447f-b0e9-7745e2cf082f@group-93EDBBD93981-SegmentedRaftLogWorker for RaftStorage:Storage Directory /workdir/hadoop-ozone/integration-test/target/test-dir/MiniOzoneClusterImpl-e666d1ac-6527-4543-88b6-0d02e23d4ccf/datanode-2/data/ratis/a18a9fbb-0299-44b5-9a17-93edbbd93981
2019-10-17 18:05:41,457 [pool-383-thread-1] INFO  server.RaftServerConfigKeys (ConfUtils.java:logGet(43)) - raft.server.log.statemachine.data.sync.timeout = 10s (default)
2019-10-17 18:05:41,457 [pool-393-thread-1] INFO  server.RaftServerConfigKeys (ConfUtils.java:logGet(43)) - raft.server.log.queue.byte-limit = 2147483647 (custom)
2019-10-17 18:05:41,457 [pool-383-thread-1] INFO  server.RaftServerConfigKeys (ConfUtils.java:logGet(43)) - raft.server.log.statemachine.data.sync.timeout.retry = -1 (default)
2019-10-17 18:05:41,457 [pool-403-thread-1] INFO  server.RaftServerConfigKeys (ConfUtils.java:logGet(43)) - raft.server.log.queue.byte-limit = 2147483647 (custom)
2019-10-17 18:05:41,457 [pool-383-thread-1] INFO  server.RaftServerConfigKeys (ConfUtils.java:logGet(43)) - raft.server.log.statemachine.data.caching.enabled = true (custom)
2019-10-17 18:05:41,457 [pool-393-thread-1] INFO  server.RaftServerConfigKeys (ConfUtils.java:logGet(43)) - raft.server.log.queue.element-limit = 1024 (custom)
2019-10-17 18:05:41,457 [pool-403-thread-1] INFO  server.RaftServerConfigKeys (ConfUtils.java:logGet(43)) - raft.server.log.queue.element-limit = 1024 (custom)
2019-10-17 18:05:41,458 [pool-383-thread-1] INFO  segmented.SegmentedRaftLogWorker (SegmentedRaftLogWorker.java:lambda$new$0(128)) - e6a8ef7d-ad35-400e-be5d-a9fbfa4da82d@group-93EDBBD93981-SegmentedRaftLogWorker: flushIndex: setUnconditionally 0 -> -1
2019-10-17 18:05:41,458 [pool-393-thread-1] INFO  server.RaftServerConfigKeys (ConfUtils.java:logGet(43)) - raft.server.log.segment.size.max = 1048576 (custom)
2019-10-17 18:05:41,458 [pool-403-thread-1] INFO  server.RaftServerConfigKeys (ConfUtils.java:logGet(43)) - raft.server.log.segment.size.max = 1048576 (custom)
2019-10-17 18:05:41,458 [pool-383-thread-1] INFO  server.RaftServerConfigKeys (ConfUtils.java:logGet(43)) - raft.server.snapshot.auto.trigger.enabled = true (custom)
2019-10-17 18:05:41,458 [pool-393-thread-1] INFO  server.RaftServerConfigKeys (ConfUtils.java:logGet(43)) - raft.server.log.preallocated.size = 16384 (custom)
2019-10-17 18:05:41,458 [pool-383-thread-1] INFO  server.RaftServerConfigKeys (ConfUtils.java:logGet(43)) - raft.server.snapshot.auto.trigger.threshold = 10000 (custom)
2019-10-17 18:05:41,458 [pool-403-thread-1] INFO  server.RaftServerConfigKeys (ConfUtils.java:logGet(43)) - raft.server.log.preallocated.size = 16384 (custom)
2019-10-17 18:05:41,458 [pool-383-thread-1] INFO  server.RaftServerConfigKeys (ConfUtils.java:logGet(43)) - raft.server.snapshot.retention.file.num = 5 (custom)
2019-10-17 18:05:41,458 [pool-393-thread-1] INFO  server.RaftServerConfigKeys (ConfUtils.java:logGet(43)) - raft.server.log.write.buffer.size = 33554432 (custom)
2019-10-17 18:05:41,459 [pool-383-thread-1] INFO  server.RaftServerConfigKeys (ConfUtils.java:logGet(43)) - raft.server.retrycache.expirytime = 600000ms (custom)
2019-10-17 18:05:41,458 [pool-403-thread-1] INFO  server.RaftServerConfigKeys (ConfUtils.java:logGet(43)) - raft.server.log.write.buffer.size = 33554432 (custom)
2019-10-17 18:05:41,459 [pool-393-thread-1] INFO  server.RaftServerConfigKeys (ConfUtils.java:logGet(43)) - raft.server.log.force.sync.num = 128 (default)
2019-10-17 18:05:41,459 [pool-403-thread-1] INFO  server.RaftServerConfigKeys (ConfUtils.java:logGet(43)) - raft.server.log.force.sync.num = 128 (default)
2019-10-17 18:05:41,459 [pool-393-thread-1] INFO  server.RaftServerConfigKeys (ConfUtils.java:logGet(43)) - raft.server.log.statemachine.data.sync = true (default)
2019-10-17 18:05:41,459 [pool-403-thread-1] INFO  server.RaftServerConfigKeys (ConfUtils.java:logGet(43)) - raft.server.log.statemachine.data.sync = true (default)
2019-10-17 18:05:41,459 [pool-393-thread-1] INFO  server.RaftServerConfigKeys (ConfUtils.java:logGet(43)) - raft.server.log.statemachine.data.sync.timeout = 10s (default)
2019-10-17 18:05:41,459 [pool-403-thread-1] INFO  server.RaftServerConfigKeys (ConfUtils.java:logGet(43)) - raft.server.log.statemachine.data.sync.timeout = 10s (default)
2019-10-17 18:05:41,459 [pool-393-thread-1] INFO  server.RaftServerConfigKeys (ConfUtils.java:logGet(43)) - raft.server.log.statemachine.data.sync.timeout.retry = -1 (default)
2019-10-17 18:05:41,460 [pool-403-thread-1] INFO  server.RaftServerConfigKeys (ConfUtils.java:logGet(43)) - raft.server.log.statemachine.data.sync.timeout.retry = -1 (default)
2019-10-17 18:05:41,460 [pool-393-thread-1] INFO  server.RaftServerConfigKeys (ConfUtils.java:logGet(43)) - raft.server.log.statemachine.data.caching.enabled = true (custom)
2019-10-17 18:05:41,460 [pool-403-thread-1] INFO  server.RaftServerConfigKeys (ConfUtils.java:logGet(43)) - raft.server.log.statemachine.data.caching.enabled = true (custom)
2019-10-17 18:05:41,460 [pool-383-thread-1] INFO  impl.RaftServerImpl (RaftServerImpl.java:start(181)) - e6a8ef7d-ad35-400e-be5d-a9fbfa4da82d@group-93EDBBD93981: start as a follower, conf=-1: [81d9c424-50f5-4636-a584-91e925d399d5:192.168.34.17:41921, b051e227-2375-447f-b0e9-7745e2cf082f:192.168.34.17:37724, e6a8ef7d-ad35-400e-be5d-a9fbfa4da82d:192.168.34.17:35052], old=null
2019-10-17 18:05:41,460 [pool-393-thread-1] INFO  segmented.SegmentedRaftLogWorker (SegmentedRaftLogWorker.java:lambda$new$0(128)) - 81d9c424-50f5-4636-a584-91e925d399d5@group-93EDBBD93981-SegmentedRaftLogWorker: flushIndex: setUnconditionally 0 -> -1
2019-10-17 18:05:41,460 [pool-403-thread-1] INFO  segmented.SegmentedRaftLogWorker (SegmentedRaftLogWorker.java:lambda$new$0(128)) - b051e227-2375-447f-b0e9-7745e2cf082f@group-93EDBBD93981-SegmentedRaftLogWorker: flushIndex: setUnconditionally 0 -> -1
2019-10-17 18:05:41,460 [pool-383-thread-1] INFO  impl.RaftServerImpl (RaftServerImpl.java:setRole(170)) - e6a8ef7d-ad35-400e-be5d-a9fbfa4da82d@group-93EDBBD93981: changes role from      null to FOLLOWER at term 0 for startAsFollower
2019-10-17 18:05:41,460 [pool-393-thread-1] INFO  server.RaftServerConfigKeys (ConfUtils.java:logGet(43)) - raft.server.snapshot.auto.trigger.enabled = true (custom)
2019-10-17 18:05:41,461 [pool-383-thread-1] INFO  impl.RoleInfo (RoleInfo.java:updateAndGet(143)) - e6a8ef7d-ad35-400e-be5d-a9fbfa4da82d: start FollowerState
2019-10-17 18:05:41,461 [pool-403-thread-1] INFO  server.RaftServerConfigKeys (ConfUtils.java:logGet(43)) - raft.server.snapshot.auto.trigger.enabled = true (custom)
2019-10-17 18:05:41,461 [pool-393-thread-1] INFO  server.RaftServerConfigKeys (ConfUtils.java:logGet(43)) - raft.server.snapshot.auto.trigger.threshold = 10000 (custom)
2019-10-17 18:05:41,461 [pool-383-thread-1] INFO  util.JmxRegister (JmxRegister.java:tryRegister(44)) - Successfully registered JMX Bean with object name Ratis:service=RaftServer,group=group-93EDBBD93981,id=e6a8ef7d-ad35-400e-be5d-a9fbfa4da82d
2019-10-17 18:05:41,461 [pool-403-thread-1] INFO  server.RaftServerConfigKeys (ConfUtils.java:logGet(43)) - raft.server.snapshot.auto.trigger.threshold = 10000 (custom)
2019-10-17 18:05:41,461 [pool-393-thread-1] INFO  server.RaftServerConfigKeys (ConfUtils.java:logGet(43)) - raft.server.snapshot.retention.file.num = 5 (custom)
2019-10-17 18:05:41,461 [pool-403-thread-1] INFO  server.RaftServerConfigKeys (ConfUtils.java:logGet(43)) - raft.server.snapshot.retention.file.num = 5 (custom)
2019-10-17 18:05:41,461 [pool-393-thread-1] INFO  server.RaftServerConfigKeys (ConfUtils.java:logGet(43)) - raft.server.retrycache.expirytime = 600000ms (custom)
2019-10-17 18:05:41,461 [pool-403-thread-1] INFO  server.RaftServerConfigKeys (ConfUtils.java:logGet(43)) - raft.server.retrycache.expirytime = 600000ms (custom)
2019-10-17 18:05:41,465 [pool-393-thread-1] INFO  impl.RaftServerImpl (RaftServerImpl.java:start(181)) - 81d9c424-50f5-4636-a584-91e925d399d5@group-93EDBBD93981: start as a follower, conf=-1: [81d9c424-50f5-4636-a584-91e925d399d5:192.168.34.17:41921, b051e227-2375-447f-b0e9-7745e2cf082f:192.168.34.17:37724, e6a8ef7d-ad35-400e-be5d-a9fbfa4da82d:192.168.34.17:35052], old=null
2019-10-17 18:05:41,465 [pool-403-thread-1] INFO  impl.RaftServerImpl (RaftServerImpl.java:start(181)) - b051e227-2375-447f-b0e9-7745e2cf082f@group-93EDBBD93981: start as a follower, conf=-1: [81d9c424-50f5-4636-a584-91e925d399d5:192.168.34.17:41921, b051e227-2375-447f-b0e9-7745e2cf082f:192.168.34.17:37724, e6a8ef7d-ad35-400e-be5d-a9fbfa4da82d:192.168.34.17:35052], old=null
2019-10-17 18:05:41,465 [pool-393-thread-1] INFO  impl.RaftServerImpl (RaftServerImpl.java:setRole(170)) - 81d9c424-50f5-4636-a584-91e925d399d5@group-93EDBBD93981: changes role from      null to FOLLOWER at term 0 for startAsFollower
2019-10-17 18:05:41,465 [pool-403-thread-1] INFO  impl.RaftServerImpl (RaftServerImpl.java:setRole(170)) - b051e227-2375-447f-b0e9-7745e2cf082f@group-93EDBBD93981: changes role from      null to FOLLOWER at term 0 for startAsFollower
2019-10-17 18:05:41,465 [pool-393-thread-1] INFO  impl.RoleInfo (RoleInfo.java:updateAndGet(143)) - 81d9c424-50f5-4636-a584-91e925d399d5: start FollowerState
2019-10-17 18:05:41,465 [pool-403-thread-1] INFO  impl.RoleInfo (RoleInfo.java:updateAndGet(143)) - b051e227-2375-447f-b0e9-7745e2cf082f: start FollowerState
2019-10-17 18:05:41,465 [pool-393-thread-1] INFO  util.JmxRegister (JmxRegister.java:tryRegister(44)) - Successfully registered JMX Bean with object name Ratis:service=RaftServer,group=group-93EDBBD93981,id=81d9c424-50f5-4636-a584-91e925d399d5
2019-10-17 18:05:41,466 [pool-403-thread-1] INFO  util.JmxRegister (JmxRegister.java:tryRegister(44)) - Successfully registered JMX Bean with object name Ratis:service=RaftServer,group=group-93EDBBD93981,id=b051e227-2375-447f-b0e9-7745e2cf082f
2019-10-17 18:05:41,472 [RatisPipelineUtilsThread] INFO  pipeline.PipelineStateManager (PipelineStateManager.java:addPipeline(56)) - Created pipeline Pipeline[ Id: a18a9fbb-0299-44b5-9a17-93edbbd93981, Nodes: b051e227-2375-447f-b0e9-7745e2cf082f{ip: 192.168.34.17, host: pr-hdds-2240-zn58d-574671676, networkLocation: /default-rack, certSerialId: null}81d9c424-50f5-4636-a584-91e925d399d5{ip: 192.168.34.17, host: pr-hdds-2240-zn58d-574671676, networkLocation: /default-rack, certSerialId: null}e6a8ef7d-ad35-400e-be5d-a9fbfa4da82d{ip: 192.168.34.17, host: pr-hdds-2240-zn58d-574671676, networkLocation: /default-rack, certSerialId: null}, Type:RATIS, Factor:THREE, State:OPEN]
2019-10-17 18:05:41,540 [IPC Server handler 1 on 41326] INFO  net.NetworkTopology (NetworkTopologyImpl.java:add(111)) - Added a new node: /default-rack/c6bff427-3039-4769-8bba-9ff821083636
2019-10-17 18:05:41,540 [IPC Server handler 1 on 41326] INFO  node.SCMNodeManager (SCMNodeManager.java:register(268)) - Registered Data node : c6bff427-3039-4769-8bba-9ff821083636{ip: 192.168.34.17, host: pr-hdds-2240-zn58d-574671676, networkLocation: /default-rack, certSerialId: null}
2019-10-17 18:05:41,548 [grpc-default-executor-1] INFO  impl.RaftServerProxy (RaftServerProxy.java:addNew(89)) - c0a925e6-7889-4d83-9ab1-1e3fc011b8ea: addNew group-B506DBD4747A:[c0a925e6-7889-4d83-9ab1-1e3fc011b8ea:192.168.34.17:43694] returns group-B506DBD4747A:java.util.concurrent.CompletableFuture@1d1876a8[Not completed]
2019-10-17 18:05:41,550 [pool-413-thread-1] INFO  impl.RaftServerImpl (RaftServerImpl.java:<init>(95)) - c0a925e6-7889-4d83-9ab1-1e3fc011b8ea: new RaftServerImpl for group-B506DBD4747A:[c0a925e6-7889-4d83-9ab1-1e3fc011b8ea:192.168.34.17:43694] with ContainerStateMachine:uninitialized
2019-10-17 18:05:41,550 [pool-413-thread-1] INFO  server.RaftServerConfigKeys (ConfUtils.java:logGet(43)) - raft.server.rpc.timeout.min = 5s (custom)
2019-10-17 18:05:41,550 [pool-413-thread-1] INFO  server.RaftServerConfigKeys (ConfUtils.java:logGet(43)) - raft.server.rpc.timeout.max = 5200ms (custom)
2019-10-17 18:05:41,550 [pool-413-thread-1] INFO  server.RaftServerConfigKeys (ConfUtils.java:logGet(43)) - raft.server.rpcslowness.timeout = 120s (custom)
2019-10-17 18:05:41,550 [pool-413-thread-1] INFO  server.RaftServerConfigKeys (ConfUtils.java:logGet(43)) - raft.server.sleep.deviation.threshold = 300 (default)
2019-10-17 18:05:41,550 [pool-413-thread-1] INFO  server.RaftServerConfigKeys (ConfUtils.java:logGet(43)) - raft.server.log.appender.install.snapshot.enabled = false (custom)
2019-10-17 18:05:41,550 [pool-413-thread-1] INFO  impl.RaftServerImpl (ServerState.java:<init>(103)) - c0a925e6-7889-4d83-9ab1-1e3fc011b8ea@group-B506DBD4747A: ConfigurationManager, init=-1: [c0a925e6-7889-4d83-9ab1-1e3fc011b8ea:192.168.34.17:43694], old=null, confs=<EMPTY_MAP>
2019-10-17 18:05:41,550 [pool-413-thread-1] INFO  server.RaftServerConfigKeys (ConfUtils.java:logGet(43)) - raft.server.storage.dir = [/workdir/hadoop-ozone/integration-test/target/test-dir/MiniOzoneClusterImpl-e666d1ac-6527-4543-88b6-0d02e23d4ccf/datanode-3/data/ratis] (custom)
2019-10-17 18:05:41,551 [pool-413-thread-1] INFO  server.RaftServerConfigKeys (ConfUtils.java:logGet(43)) - raft.server.log.corruption.policy = EXCEPTION (default)
2019-10-17 18:05:41,551 [pool-413-thread-1] INFO  storage.RaftStorageDirectory (RaftStorageDirectory.java:analyzeStorage(246)) - The storage directory /workdir/hadoop-ozone/integration-test/target/test-dir/MiniOzoneClusterImpl-e666d1ac-6527-4543-88b6-0d02e23d4ccf/datanode-3/data/ratis/9f822741-7497-407b-9cd5-b506dbd4747a does not exist. Creating ...
2019-10-17 18:05:41,581 [pool-413-thread-1] INFO  storage.RaftStorageDirectory (RaftStorageDirectory.java:tryLock(328)) - Lock on /workdir/hadoop-ozone/integration-test/target/test-dir/MiniOzoneClusterImpl-e666d1ac-6527-4543-88b6-0d02e23d4ccf/datanode-3/data/ratis/9f822741-7497-407b-9cd5-b506dbd4747a/in_use.lock acquired by nodename 3601@pr-hdds-2240-zn58d-574671676
2019-10-17 18:05:41,608 [pool-413-thread-1] INFO  storage.RaftStorage (RaftStorage.java:format(84)) - Storage directory /workdir/hadoop-ozone/integration-test/target/test-dir/MiniOzoneClusterImpl-e666d1ac-6527-4543-88b6-0d02e23d4ccf/datanode-3/data/ratis/9f822741-7497-407b-9cd5-b506dbd4747a has been successfully formatted.
2019-10-17 18:05:41,608 [pool-413-thread-1] INFO  ratis.ContainerStateMachine (ContainerStateMachine.java:loadSnapshot(231)) - group-B506DBD4747A: The snapshot info is null. Setting the last applied indexto:(t:0, i:~)
2019-10-17 18:05:41,609 [pool-413-thread-1] INFO  server.RaftServerConfigKeys (ConfUtils.java:logGet(43)) - raft.server.notification.no-leader.timeout = 120s (custom)
2019-10-17 18:05:41,609 [pool-413-thread-1] INFO  server.RaftServerConfigKeys (ConfUtils.java:logGet(43)) - raft.server.log.use.memory = false (default)
2019-10-17 18:05:41,609 [pool-413-thread-1] INFO  server.RaftServerConfigKeys (ConfUtils.java:logGet(43)) - raft.server.log.purge.gap = 1000000 (custom)
2019-10-17 18:05:41,609 [pool-413-thread-1] INFO  server.RaftServerConfigKeys (ConfUtils.java:logGet(43)) - raft.server.log.appender.buffer.byte-limit = 33554432 (custom)
2019-10-17 18:05:41,609 [pool-413-thread-1] INFO  server.RaftServerConfigKeys (ConfUtils.java:logGet(43)) - raft.server.log.segment.size.max = 1048576 (custom)
2019-10-17 18:05:41,611 [pool-413-thread-1] INFO  server.RaftServerConfigKeys (ConfUtils.java:logGet(43)) - raft.server.log.segment.cache.num.max = 2 (custom)
2019-10-17 18:05:41,611 [pool-413-thread-1] INFO  segmented.SegmentedRaftLogWorker (SegmentedRaftLogWorker.java:<init>(173)) - new c0a925e6-7889-4d83-9ab1-1e3fc011b8ea@group-B506DBD4747A-SegmentedRaftLogWorker for RaftStorage:Storage Directory /workdir/hadoop-ozone/integration-test/target/test-dir/MiniOzoneClusterImpl-e666d1ac-6527-4543-88b6-0d02e23d4ccf/datanode-3/data/ratis/9f822741-7497-407b-9cd5-b506dbd4747a
2019-10-17 18:05:41,611 [pool-413-thread-1] INFO  server.RaftServerConfigKeys (ConfUtils.java:logGet(43)) - raft.server.log.queue.byte-limit = 2147483647 (custom)
2019-10-17 18:05:41,611 [pool-413-thread-1] INFO  server.RaftServerConfigKeys (ConfUtils.java:logGet(43)) - raft.server.log.queue.element-limit = 1024 (custom)
2019-10-17 18:05:41,611 [pool-413-thread-1] INFO  server.RaftServerConfigKeys (ConfUtils.java:logGet(43)) - raft.server.log.segment.size.max = 1048576 (custom)
2019-10-17 18:05:41,611 [pool-413-thread-1] INFO  server.RaftServerConfigKeys (ConfUtils.java:logGet(43)) - raft.server.log.preallocated.size = 16384 (custom)
2019-10-17 18:05:41,612 [pool-413-thread-1] INFO  server.RaftServerConfigKeys (ConfUtils.java:logGet(43)) - raft.server.log.write.buffer.size = 33554432 (custom)
2019-10-17 18:05:41,612 [pool-413-thread-1] INFO  server.RaftServerConfigKeys (ConfUtils.java:logGet(43)) - raft.server.log.force.sync.num = 128 (default)
2019-10-17 18:05:41,612 [pool-413-thread-1] INFO  server.RaftServerConfigKeys (ConfUtils.java:logGet(43)) - raft.server.log.statemachine.data.sync = true (default)
2019-10-17 18:05:41,612 [pool-413-thread-1] INFO  server.RaftServerConfigKeys (ConfUtils.java:logGet(43)) - raft.server.log.statemachine.data.sync.timeout = 10s (default)
2019-10-17 18:05:41,612 [pool-413-thread-1] INFO  server.RaftServerConfigKeys (ConfUtils.java:logGet(43)) - raft.server.log.statemachine.data.sync.timeout.retry = -1 (default)
2019-10-17 18:05:41,612 [pool-413-thread-1] INFO  server.RaftServerConfigKeys (ConfUtils.java:logGet(43)) - raft.server.log.statemachine.data.caching.enabled = true (custom)
2019-10-17 18:05:41,613 [pool-413-thread-1] INFO  segmented.SegmentedRaftLogWorker (SegmentedRaftLogWorker.java:lambda$new$0(128)) - c0a925e6-7889-4d83-9ab1-1e3fc011b8ea@group-B506DBD4747A-SegmentedRaftLogWorker: flushIndex: setUnconditionally 0 -> -1
2019-10-17 18:05:41,613 [pool-413-thread-1] INFO  server.RaftServerConfigKeys (ConfUtils.java:logGet(43)) - raft.server.snapshot.auto.trigger.enabled = true (custom)
2019-10-17 18:05:41,613 [pool-413-thread-1] INFO  server.RaftServerConfigKeys (ConfUtils.java:logGet(43)) - raft.server.snapshot.auto.trigger.threshold = 10000 (custom)
2019-10-17 18:05:41,613 [pool-413-thread-1] INFO  server.RaftServerConfigKeys (ConfUtils.java:logGet(43)) - raft.server.snapshot.retention.file.num = 5 (custom)
2019-10-17 18:05:41,613 [pool-413-thread-1] INFO  server.RaftServerConfigKeys (ConfUtils.java:logGet(43)) - raft.server.retrycache.expirytime = 600000ms (custom)
2019-10-17 18:05:41,615 [pool-413-thread-1] INFO  impl.RaftServerImpl (RaftServerImpl.java:start(181)) - c0a925e6-7889-4d83-9ab1-1e3fc011b8ea@group-B506DBD4747A: start as a follower, conf=-1: [c0a925e6-7889-4d83-9ab1-1e3fc011b8ea:192.168.34.17:43694], old=null
2019-10-17 18:05:41,615 [pool-413-thread-1] INFO  impl.RaftServerImpl (RaftServerImpl.java:setRole(170)) - c0a925e6-7889-4d83-9ab1-1e3fc011b8ea@group-B506DBD4747A: changes role from      null to FOLLOWER at term 0 for startAsFollower
2019-10-17 18:05:41,615 [pool-413-thread-1] INFO  impl.RoleInfo (RoleInfo.java:updateAndGet(143)) - c0a925e6-7889-4d83-9ab1-1e3fc011b8ea: start FollowerState
2019-10-17 18:05:41,616 [pool-413-thread-1] INFO  util.JmxRegister (JmxRegister.java:tryRegister(44)) - Successfully registered JMX Bean with object name Ratis:service=RaftServer,group=group-B506DBD4747A,id=c0a925e6-7889-4d83-9ab1-1e3fc011b8ea
2019-10-17 18:05:41,620 [RatisPipelineUtilsThread] INFO  pipeline.PipelineStateManager (PipelineStateManager.java:addPipeline(56)) - Created pipeline Pipeline[ Id: 9f822741-7497-407b-9cd5-b506dbd4747a, Nodes: c0a925e6-7889-4d83-9ab1-1e3fc011b8ea{ip: 192.168.34.17, host: pr-hdds-2240-zn58d-574671676, networkLocation: /default-rack, certSerialId: null}, Type:RATIS, Factor:ONE, State:OPEN]
2019-10-17 18:05:41,627 [grpc-default-executor-1] INFO  impl.RaftServerProxy (RaftServerProxy.java:addNew(89)) - c6bff427-3039-4769-8bba-9ff821083636: addNew group-35BF9D81CF6C:[c6bff427-3039-4769-8bba-9ff821083636:192.168.34.17:40570] returns group-35BF9D81CF6C:java.util.concurrent.CompletableFuture@5db3aa3c[Not completed]
2019-10-17 18:05:41,629 [pool-423-thread-1] INFO  impl.RaftServerImpl (RaftServerImpl.java:<init>(95)) - c6bff427-3039-4769-8bba-9ff821083636: new RaftServerImpl for group-35BF9D81CF6C:[c6bff427-3039-4769-8bba-9ff821083636:192.168.34.17:40570] with ContainerStateMachine:uninitialized
2019-10-17 18:05:41,629 [pool-423-thread-1] INFO  server.RaftServerConfigKeys (ConfUtils.java:logGet(43)) - raft.server.rpc.timeout.min = 5s (custom)
2019-10-17 18:05:41,629 [pool-423-thread-1] INFO  server.RaftServerConfigKeys (ConfUtils.java:logGet(43)) - raft.server.rpc.timeout.max = 5200ms (custom)
2019-10-17 18:05:41,629 [pool-423-thread-1] INFO  server.RaftServerConfigKeys (ConfUtils.java:logGet(43)) - raft.server.rpcslowness.timeout = 120s (custom)
2019-10-17 18:05:41,629 [pool-423-thread-1] INFO  server.RaftServerConfigKeys (ConfUtils.java:logGet(43)) - raft.server.sleep.deviation.threshold = 300 (default)
2019-10-17 18:05:41,629 [pool-423-thread-1] INFO  server.RaftServerConfigKeys (ConfUtils.java:logGet(43)) - raft.server.log.appender.install.snapshot.enabled = false (custom)
2019-10-17 18:05:41,630 [pool-423-thread-1] INFO  impl.RaftServerImpl (ServerState.java:<init>(103)) - c6bff427-3039-4769-8bba-9ff821083636@group-35BF9D81CF6C: ConfigurationManager, init=-1: [c6bff427-3039-4769-8bba-9ff821083636:192.168.34.17:40570], old=null, confs=<EMPTY_MAP>
2019-10-17 18:05:41,630 [pool-423-thread-1] INFO  server.RaftServerConfigKeys (ConfUtils.java:logGet(43)) - raft.server.storage.dir = [/workdir/hadoop-ozone/integration-test/target/test-dir/MiniOzoneClusterImpl-e666d1ac-6527-4543-88b6-0d02e23d4ccf/datanode-4/data/ratis] (custom)
2019-10-17 18:05:41,630 [pool-423-thread-1] INFO  server.RaftServerConfigKeys (ConfUtils.java:logGet(43)) - raft.server.log.corruption.policy = EXCEPTION (default)
2019-10-17 18:05:41,630 [pool-423-thread-1] INFO  storage.RaftStorageDirectory (RaftStorageDirectory.java:analyzeStorage(246)) - The storage directory /workdir/hadoop-ozone/integration-test/target/test-dir/MiniOzoneClusterImpl-e666d1ac-6527-4543-88b6-0d02e23d4ccf/datanode-4/data/ratis/19c4f6e2-be6c-4127-8bf0-35bf9d81cf6c does not exist. Creating ...
2019-10-17 18:05:41,650 [IPC Server handler 6 on 41326] INFO  net.NetworkTopology (NetworkTopologyImpl.java:add(111)) - Added a new node: /default-rack/88fb5ce4-ccb0-46c0-8709-d8d00698ffab
2019-10-17 18:05:41,650 [IPC Server handler 6 on 41326] INFO  node.SCMNodeManager (SCMNodeManager.java:register(268)) - Registered Data node : 88fb5ce4-ccb0-46c0-8709-d8d00698ffab{ip: 192.168.34.17, host: pr-hdds-2240-zn58d-574671676, networkLocation: /default-rack, certSerialId: null}
2019-10-17 18:05:41,663 [pool-423-thread-1] INFO  storage.RaftStorageDirectory (RaftStorageDirectory.java:tryLock(328)) - Lock on /workdir/hadoop-ozone/integration-test/target/test-dir/MiniOzoneClusterImpl-e666d1ac-6527-4543-88b6-0d02e23d4ccf/datanode-4/data/ratis/19c4f6e2-be6c-4127-8bf0-35bf9d81cf6c/in_use.lock acquired by nodename 3601@pr-hdds-2240-zn58d-574671676
2019-10-17 18:05:41,696 [pool-423-thread-1] INFO  storage.RaftStorage (RaftStorage.java:format(84)) - Storage directory /workdir/hadoop-ozone/integration-test/target/test-dir/MiniOzoneClusterImpl-e666d1ac-6527-4543-88b6-0d02e23d4ccf/datanode-4/data/ratis/19c4f6e2-be6c-4127-8bf0-35bf9d81cf6c has been successfully formatted.
2019-10-17 18:05:41,696 [pool-423-thread-1] INFO  ratis.ContainerStateMachine (ContainerStateMachine.java:loadSnapshot(231)) - group-35BF9D81CF6C: The snapshot info is null. Setting the last applied indexto:(t:0, i:~)
2019-10-17 18:05:41,696 [pool-423-thread-1] INFO  server.RaftServerConfigKeys (ConfUtils.java:logGet(43)) - raft.server.notification.no-leader.timeout = 120s (custom)
2019-10-17 18:05:41,696 [pool-423-thread-1] INFO  server.RaftServerConfigKeys (ConfUtils.java:logGet(43)) - raft.server.log.use.memory = false (default)
2019-10-17 18:05:41,696 [pool-423-thread-1] INFO  server.RaftServerConfigKeys (ConfUtils.java:logGet(43)) - raft.server.log.purge.gap = 1000000 (custom)
2019-10-17 18:05:41,696 [pool-423-thread-1] INFO  server.RaftServerConfigKeys (ConfUtils.java:logGet(43)) - raft.server.log.appender.buffer.byte-limit = 33554432 (custom)
2019-10-17 18:05:41,696 [pool-423-thread-1] INFO  server.RaftServerConfigKeys (ConfUtils.java:logGet(43)) - raft.server.log.segment.size.max = 1048576 (custom)
2019-10-17 18:05:41,698 [pool-423-thread-1] INFO  server.RaftServerConfigKeys (ConfUtils.java:logGet(43)) - raft.server.log.segment.cache.num.max = 2 (custom)
2019-10-17 18:05:41,698 [pool-423-thread-1] INFO  segmented.SegmentedRaftLogWorker (SegmentedRaftLogWorker.java:<init>(173)) - new c6bff427-3039-4769-8bba-9ff821083636@group-35BF9D81CF6C-SegmentedRaftLogWorker for RaftStorage:Storage Directory /workdir/hadoop-ozone/integration-test/target/test-dir/MiniOzoneClusterImpl-e666d1ac-6527-4543-88b6-0d02e23d4ccf/datanode-4/data/ratis/19c4f6e2-be6c-4127-8bf0-35bf9d81cf6c
2019-10-17 18:05:41,698 [pool-423-thread-1] INFO  server.RaftServerConfigKeys (ConfUtils.java:logGet(43)) - raft.server.log.queue.byte-limit = 2147483647 (custom)
2019-10-17 18:05:41,698 [pool-423-thread-1] INFO  server.RaftServerConfigKeys (ConfUtils.java:logGet(43)) - raft.server.log.queue.element-limit = 1024 (custom)
2019-10-17 18:05:41,698 [pool-423-thread-1] INFO  server.RaftServerConfigKeys (ConfUtils.java:logGet(43)) - raft.server.log.segment.size.max = 1048576 (custom)
2019-10-17 18:05:41,698 [pool-423-thread-1] INFO  server.RaftServerConfigKeys (ConfUtils.java:logGet(43)) - raft.server.log.preallocated.size = 16384 (custom)
2019-10-17 18:05:41,698 [pool-423-thread-1] INFO  server.RaftServerConfigKeys (ConfUtils.java:logGet(43)) - raft.server.log.write.buffer.size = 33554432 (custom)
2019-10-17 18:05:41,698 [pool-423-thread-1] INFO  server.RaftServerConfigKeys (ConfUtils.java:logGet(43)) - raft.server.log.force.sync.num = 128 (default)
2019-10-17 18:05:41,698 [pool-423-thread-1] INFO  server.RaftServerConfigKeys (ConfUtils.java:logGet(43)) - raft.server.log.statemachine.data.sync = true (default)
2019-10-17 18:05:41,698 [pool-423-thread-1] INFO  server.RaftServerConfigKeys (ConfUtils.java:logGet(43)) - raft.server.log.statemachine.data.sync.timeout = 10s (default)
2019-10-17 18:05:41,698 [pool-423-thread-1] INFO  server.RaftServerConfigKeys (ConfUtils.java:logGet(43)) - raft.server.log.statemachine.data.sync.timeout.retry = -1 (default)
2019-10-17 18:05:41,699 [pool-423-thread-1] INFO  server.RaftServerConfigKeys (ConfUtils.java:logGet(43)) - raft.server.log.statemachine.data.caching.enabled = true (custom)
2019-10-17 18:05:41,699 [pool-423-thread-1] INFO  segmented.SegmentedRaftLogWorker (SegmentedRaftLogWorker.java:lambda$new$0(128)) - c6bff427-3039-4769-8bba-9ff821083636@group-35BF9D81CF6C-SegmentedRaftLogWorker: flushIndex: setUnconditionally 0 -> -1
2019-10-17 18:05:41,699 [pool-423-thread-1] INFO  server.RaftServerConfigKeys (ConfUtils.java:logGet(43)) - raft.server.snapshot.auto.trigger.enabled = true (custom)
2019-10-17 18:05:41,699 [pool-423-thread-1] INFO  server.RaftServerConfigKeys (ConfUtils.java:logGet(43)) - raft.server.snapshot.auto.trigger.threshold = 10000 (custom)
2019-10-17 18:05:41,699 [pool-423-thread-1] INFO  server.RaftServerConfigKeys (ConfUtils.java:logGet(43)) - raft.server.snapshot.retention.file.num = 5 (custom)
2019-10-17 18:05:41,699 [pool-423-thread-1] INFO  server.RaftServerConfigKeys (ConfUtils.java:logGet(43)) - raft.server.retrycache.expirytime = 600000ms (custom)
2019-10-17 18:05:41,700 [pool-423-thread-1] INFO  impl.RaftServerImpl (RaftServerImpl.java:start(181)) - c6bff427-3039-4769-8bba-9ff821083636@group-35BF9D81CF6C: start as a follower, conf=-1: [c6bff427-3039-4769-8bba-9ff821083636:192.168.34.17:40570], old=null
2019-10-17 18:05:41,700 [pool-423-thread-1] INFO  impl.RaftServerImpl (RaftServerImpl.java:setRole(170)) - c6bff427-3039-4769-8bba-9ff821083636@group-35BF9D81CF6C: changes role from      null to FOLLOWER at term 0 for startAsFollower
2019-10-17 18:05:41,700 [pool-423-thread-1] INFO  impl.RoleInfo (RoleInfo.java:updateAndGet(143)) - c6bff427-3039-4769-8bba-9ff821083636: start FollowerState
2019-10-17 18:05:41,701 [pool-423-thread-1] INFO  util.JmxRegister (JmxRegister.java:tryRegister(44)) - Successfully registered JMX Bean with object name Ratis:service=RaftServer,group=group-35BF9D81CF6C,id=c6bff427-3039-4769-8bba-9ff821083636
2019-10-17 18:05:41,704 [RatisPipelineUtilsThread] INFO  pipeline.PipelineStateManager (PipelineStateManager.java:addPipeline(56)) - Created pipeline Pipeline[ Id: 19c4f6e2-be6c-4127-8bf0-35bf9d81cf6c, Nodes: c6bff427-3039-4769-8bba-9ff821083636{ip: 192.168.34.17, host: pr-hdds-2240-zn58d-574671676, networkLocation: /default-rack, certSerialId: null}, Type:RATIS, Factor:ONE, State:OPEN]
2019-10-17 18:05:41,717 [grpc-default-executor-1] INFO  impl.RaftServerProxy (RaftServerProxy.java:addNew(89)) - 88fb5ce4-ccb0-46c0-8709-d8d00698ffab: addNew group-333F2DC7F3D3:[88fb5ce4-ccb0-46c0-8709-d8d00698ffab:192.168.34.17:33873] returns group-333F2DC7F3D3:java.util.concurrent.CompletableFuture@1a2e5fdd[Not completed]
2019-10-17 18:05:41,719 [pool-433-thread-1] INFO  impl.RaftServerImpl (RaftServerImpl.java:<init>(95)) - 88fb5ce4-ccb0-46c0-8709-d8d00698ffab: new RaftServerImpl for group-333F2DC7F3D3:[88fb5ce4-ccb0-46c0-8709-d8d00698ffab:192.168.34.17:33873] with ContainerStateMachine:uninitialized
2019-10-17 18:05:41,719 [pool-433-thread-1] INFO  server.RaftServerConfigKeys (ConfUtils.java:logGet(43)) - raft.server.rpc.timeout.min = 5s (custom)
2019-10-17 18:05:41,719 [pool-433-thread-1] INFO  server.RaftServerConfigKeys (ConfUtils.java:logGet(43)) - raft.server.rpc.timeout.max = 5200ms (custom)
2019-10-17 18:05:41,719 [pool-433-thread-1] INFO  server.RaftServerConfigKeys (ConfUtils.java:logGet(43)) - raft.server.rpcslowness.timeout = 120s (custom)
2019-10-17 18:05:41,719 [pool-433-thread-1] INFO  server.RaftServerConfigKeys (ConfUtils.java:logGet(43)) - raft.server.sleep.deviation.threshold = 300 (default)
2019-10-17 18:05:41,719 [pool-433-thread-1] INFO  server.RaftServerConfigKeys (ConfUtils.java:logGet(43)) - raft.server.log.appender.install.snapshot.enabled = false (custom)
2019-10-17 18:05:41,719 [pool-433-thread-1] INFO  impl.RaftServerImpl (ServerState.java:<init>(103)) - 88fb5ce4-ccb0-46c0-8709-d8d00698ffab@group-333F2DC7F3D3: ConfigurationManager, init=-1: [88fb5ce4-ccb0-46c0-8709-d8d00698ffab:192.168.34.17:33873], old=null, confs=<EMPTY_MAP>
2019-10-17 18:05:41,719 [pool-433-thread-1] INFO  server.RaftServerConfigKeys (ConfUtils.java:logGet(43)) - raft.server.storage.dir = [/workdir/hadoop-ozone/integration-test/target/test-dir/MiniOzoneClusterImpl-e666d1ac-6527-4543-88b6-0d02e23d4ccf/datanode-5/data/ratis] (custom)
2019-10-17 18:05:41,720 [pool-433-thread-1] INFO  server.RaftServerConfigKeys (ConfUtils.java:logGet(43)) - raft.server.log.corruption.policy = EXCEPTION (default)
2019-10-17 18:05:41,720 [pool-433-thread-1] INFO  storage.RaftStorageDirectory (RaftStorageDirectory.java:analyzeStorage(246)) - The storage directory /workdir/hadoop-ozone/integration-test/target/test-dir/MiniOzoneClusterImpl-e666d1ac-6527-4543-88b6-0d02e23d4ccf/datanode-5/data/ratis/43c230f5-a72b-4b44-a422-333f2dc7f3d3 does not exist. Creating ...
2019-10-17 18:05:41,740 [main] INFO  ozone.MiniOzoneClusterImpl (MiniOzoneClusterImpl.java:lambda$waitForClusterToBeReady$0(147)) - Waiting for cluster to be ready. Got 6 of 7 DN Heartbeats.
2019-10-17 18:05:41,740 [IPC Server handler 7 on 41326] INFO  net.NetworkTopology (NetworkTopologyImpl.java:add(111)) - Added a new node: /default-rack/a8f7500d-1a08-4f5d-adc7-6e51816edefd
2019-10-17 18:05:41,740 [IPC Server handler 7 on 41326] INFO  node.SCMNodeManager (SCMNodeManager.java:register(268)) - Registered Data node : a8f7500d-1a08-4f5d-adc7-6e51816edefd{ip: 192.168.34.17, host: pr-hdds-2240-zn58d-574671676, networkLocation: /default-rack, certSerialId: null}
2019-10-17 18:05:41,763 [pool-433-thread-1] INFO  storage.RaftStorageDirectory (RaftStorageDirectory.java:tryLock(328)) - Lock on /workdir/hadoop-ozone/integration-test/target/test-dir/MiniOzoneClusterImpl-e666d1ac-6527-4543-88b6-0d02e23d4ccf/datanode-5/data/ratis/43c230f5-a72b-4b44-a422-333f2dc7f3d3/in_use.lock acquired by nodename 3601@pr-hdds-2240-zn58d-574671676
2019-10-17 18:05:41,808 [pool-433-thread-1] INFO  storage.RaftStorage (RaftStorage.java:format(84)) - Storage directory /workdir/hadoop-ozone/integration-test/target/test-dir/MiniOzoneClusterImpl-e666d1ac-6527-4543-88b6-0d02e23d4ccf/datanode-5/data/ratis/43c230f5-a72b-4b44-a422-333f2dc7f3d3 has been successfully formatted.
2019-10-17 18:05:41,808 [pool-433-thread-1] INFO  ratis.ContainerStateMachine (ContainerStateMachine.java:loadSnapshot(231)) - group-333F2DC7F3D3: The snapshot info is null. Setting the last applied indexto:(t:0, i:~)
2019-10-17 18:05:41,808 [pool-433-thread-1] INFO  server.RaftServerConfigKeys (ConfUtils.java:logGet(43)) - raft.server.notification.no-leader.timeout = 120s (custom)
2019-10-17 18:05:41,808 [pool-433-thread-1] INFO  server.RaftServerConfigKeys (ConfUtils.java:logGet(43)) - raft.server.log.use.memory = false (default)
2019-10-17 18:05:41,809 [pool-433-thread-1] INFO  server.RaftServerConfigKeys (ConfUtils.java:logGet(43)) - raft.server.log.purge.gap = 1000000 (custom)
2019-10-17 18:05:41,809 [pool-433-thread-1] INFO  server.RaftServerConfigKeys (ConfUtils.java:logGet(43)) - raft.server.log.appender.buffer.byte-limit = 33554432 (custom)
2019-10-17 18:05:41,809 [pool-433-thread-1] INFO  server.RaftServerConfigKeys (ConfUtils.java:logGet(43)) - raft.server.log.segment.size.max = 1048576 (custom)
2019-10-17 18:05:41,811 [pool-433-thread-1] INFO  server.RaftServerConfigKeys (ConfUtils.java:logGet(43)) - raft.server.log.segment.cache.num.max = 2 (custom)
2019-10-17 18:05:41,811 [pool-433-thread-1] INFO  segmented.SegmentedRaftLogWorker (SegmentedRaftLogWorker.java:<init>(173)) - new 88fb5ce4-ccb0-46c0-8709-d8d00698ffab@group-333F2DC7F3D3-SegmentedRaftLogWorker for RaftStorage:Storage Directory /workdir/hadoop-ozone/integration-test/target/test-dir/MiniOzoneClusterImpl-e666d1ac-6527-4543-88b6-0d02e23d4ccf/datanode-5/data/ratis/43c230f5-a72b-4b44-a422-333f2dc7f3d3
2019-10-17 18:05:41,811 [pool-433-thread-1] INFO  server.RaftServerConfigKeys (ConfUtils.java:logGet(43)) - raft.server.log.queue.byte-limit = 2147483647 (custom)
2019-10-17 18:05:41,811 [pool-433-thread-1] INFO  server.RaftServerConfigKeys (ConfUtils.java:logGet(43)) - raft.server.log.queue.element-limit = 1024 (custom)
2019-10-17 18:05:41,811 [pool-433-thread-1] INFO  server.RaftServerConfigKeys (ConfUtils.java:logGet(43)) - raft.server.log.segment.size.max = 1048576 (custom)
2019-10-17 18:05:41,811 [pool-433-thread-1] INFO  server.RaftServerConfigKeys (ConfUtils.java:logGet(43)) - raft.server.log.preallocated.size = 16384 (custom)
2019-10-17 18:05:41,811 [pool-433-thread-1] INFO  server.RaftServerConfigKeys (ConfUtils.java:logGet(43)) - raft.server.log.write.buffer.size = 33554432 (custom)
2019-10-17 18:05:41,812 [pool-433-thread-1] INFO  server.RaftServerConfigKeys (ConfUtils.java:logGet(43)) - raft.server.log.force.sync.num = 128 (default)
2019-10-17 18:05:41,812 [pool-433-thread-1] INFO  server.RaftServerConfigKeys (ConfUtils.java:logGet(43)) - raft.server.log.statemachine.data.sync = true (default)
2019-10-17 18:05:41,812 [pool-433-thread-1] INFO  server.RaftServerConfigKeys (ConfUtils.java:logGet(43)) - raft.server.log.statemachine.data.sync.timeout = 10s (default)
2019-10-17 18:05:41,812 [pool-433-thread-1] INFO  server.RaftServerConfigKeys (ConfUtils.java:logGet(43)) - raft.server.log.statemachine.data.sync.timeout.retry = -1 (default)
2019-10-17 18:05:41,812 [pool-433-thread-1] INFO  server.RaftServerConfigKeys (ConfUtils.java:logGet(43)) - raft.server.log.statemachine.data.caching.enabled = true (custom)
2019-10-17 18:05:41,813 [pool-433-thread-1] INFO  segmented.SegmentedRaftLogWorker (SegmentedRaftLogWorker.java:lambda$new$0(128)) - 88fb5ce4-ccb0-46c0-8709-d8d00698ffab@group-333F2DC7F3D3-SegmentedRaftLogWorker: flushIndex: setUnconditionally 0 -> -1
2019-10-17 18:05:41,813 [pool-433-thread-1] INFO  server.RaftServerConfigKeys (ConfUtils.java:logGet(43)) - raft.server.snapshot.auto.trigger.enabled = true (custom)
2019-10-17 18:05:41,813 [pool-433-thread-1] INFO  server.RaftServerConfigKeys (ConfUtils.java:logGet(43)) - raft.server.snapshot.auto.trigger.threshold = 10000 (custom)
2019-10-17 18:05:41,813 [pool-433-thread-1] INFO  server.RaftServerConfigKeys (ConfUtils.java:logGet(43)) - raft.server.snapshot.retention.file.num = 5 (custom)
2019-10-17 18:05:41,813 [pool-433-thread-1] INFO  server.RaftServerConfigKeys (ConfUtils.java:logGet(43)) - raft.server.retrycache.expirytime = 600000ms (custom)
2019-10-17 18:05:41,815 [pool-433-thread-1] INFO  impl.RaftServerImpl (RaftServerImpl.java:start(181)) - 88fb5ce4-ccb0-46c0-8709-d8d00698ffab@group-333F2DC7F3D3: start as a follower, conf=-1: [88fb5ce4-ccb0-46c0-8709-d8d00698ffab:192.168.34.17:33873], old=null
2019-10-17 18:05:41,815 [pool-433-thread-1] INFO  impl.RaftServerImpl (RaftServerImpl.java:setRole(170)) - 88fb5ce4-ccb0-46c0-8709-d8d00698ffab@group-333F2DC7F3D3: changes role from      null to FOLLOWER at term 0 for startAsFollower
2019-10-17 18:05:41,816 [pool-433-thread-1] INFO  impl.RoleInfo (RoleInfo.java:updateAndGet(143)) - 88fb5ce4-ccb0-46c0-8709-d8d00698ffab: start FollowerState
2019-10-17 18:05:41,816 [pool-433-thread-1] INFO  util.JmxRegister (JmxRegister.java:tryRegister(44)) - Successfully registered JMX Bean with object name Ratis:service=RaftServer,group=group-333F2DC7F3D3,id=88fb5ce4-ccb0-46c0-8709-d8d00698ffab
2019-10-17 18:05:41,821 [RatisPipelineUtilsThread] INFO  pipeline.PipelineStateManager (PipelineStateManager.java:addPipeline(56)) - Created pipeline Pipeline[ Id: 43c230f5-a72b-4b44-a422-333f2dc7f3d3, Nodes: 88fb5ce4-ccb0-46c0-8709-d8d00698ffab{ip: 192.168.34.17, host: pr-hdds-2240-zn58d-574671676, networkLocation: /default-rack, certSerialId: null}, Type:RATIS, Factor:ONE, State:OPEN]
2019-10-17 18:05:41,830 [grpc-default-executor-1] INFO  impl.RaftServerProxy (RaftServerProxy.java:addNew(89)) - a8f7500d-1a08-4f5d-adc7-6e51816edefd: addNew group-0B6B9A62CB77:[a8f7500d-1a08-4f5d-adc7-6e51816edefd:192.168.34.17:33836] returns group-0B6B9A62CB77:java.util.concurrent.CompletableFuture@59b6a197[Not completed]
2019-10-17 18:05:41,833 [pool-443-thread-1] INFO  impl.RaftServerImpl (RaftServerImpl.java:<init>(95)) - a8f7500d-1a08-4f5d-adc7-6e51816edefd: new RaftServerImpl for group-0B6B9A62CB77:[a8f7500d-1a08-4f5d-adc7-6e51816edefd:192.168.34.17:33836] with ContainerStateMachine:uninitialized
2019-10-17 18:05:41,833 [pool-443-thread-1] INFO  server.RaftServerConfigKeys (ConfUtils.java:logGet(43)) - raft.server.rpc.timeout.min = 5s (custom)
2019-10-17 18:05:41,833 [pool-443-thread-1] INFO  server.RaftServerConfigKeys (ConfUtils.java:logGet(43)) - raft.server.rpc.timeout.max = 5200ms (custom)
2019-10-17 18:05:41,833 [pool-443-thread-1] INFO  server.RaftServerConfigKeys (ConfUtils.java:logGet(43)) - raft.server.rpcslowness.timeout = 120s (custom)
2019-10-17 18:05:41,833 [pool-443-thread-1] INFO  server.RaftServerConfigKeys (ConfUtils.java:logGet(43)) - raft.server.sleep.deviation.threshold = 300 (default)
2019-10-17 18:05:41,833 [pool-443-thread-1] INFO  server.RaftServerConfigKeys (ConfUtils.java:logGet(43)) - raft.server.log.appender.install.snapshot.enabled = false (custom)
2019-10-17 18:05:41,834 [pool-443-thread-1] INFO  impl.RaftServerImpl (ServerState.java:<init>(103)) - a8f7500d-1a08-4f5d-adc7-6e51816edefd@group-0B6B9A62CB77: ConfigurationManager, init=-1: [a8f7500d-1a08-4f5d-adc7-6e51816edefd:192.168.34.17:33836], old=null, confs=<EMPTY_MAP>
2019-10-17 18:05:41,834 [pool-443-thread-1] INFO  server.RaftServerConfigKeys (ConfUtils.java:logGet(43)) - raft.server.storage.dir = [/workdir/hadoop-ozone/integration-test/target/test-dir/MiniOzoneClusterImpl-e666d1ac-6527-4543-88b6-0d02e23d4ccf/datanode-6/data/ratis] (custom)
2019-10-17 18:05:41,834 [pool-443-thread-1] INFO  server.RaftServerConfigKeys (ConfUtils.java:logGet(43)) - raft.server.log.corruption.policy = EXCEPTION (default)
2019-10-17 18:05:41,834 [pool-443-thread-1] INFO  storage.RaftStorageDirectory (RaftStorageDirectory.java:analyzeStorage(246)) - The storage directory /workdir/hadoop-ozone/integration-test/target/test-dir/MiniOzoneClusterImpl-e666d1ac-6527-4543-88b6-0d02e23d4ccf/datanode-6/data/ratis/a255fbff-ab9f-4d50-a3bc-0b6b9a62cb77 does not exist. Creating ...
2019-10-17 18:05:41,868 [pool-443-thread-1] INFO  storage.RaftStorageDirectory (RaftStorageDirectory.java:tryLock(328)) - Lock on /workdir/hadoop-ozone/integration-test/target/test-dir/MiniOzoneClusterImpl-e666d1ac-6527-4543-88b6-0d02e23d4ccf/datanode-6/data/ratis/a255fbff-ab9f-4d50-a3bc-0b6b9a62cb77/in_use.lock acquired by nodename 3601@pr-hdds-2240-zn58d-574671676
2019-10-17 18:05:41,921 [pool-443-thread-1] INFO  storage.RaftStorage (RaftStorage.java:format(84)) - Storage directory /workdir/hadoop-ozone/integration-test/target/test-dir/MiniOzoneClusterImpl-e666d1ac-6527-4543-88b6-0d02e23d4ccf/datanode-6/data/ratis/a255fbff-ab9f-4d50-a3bc-0b6b9a62cb77 has been successfully formatted.
2019-10-17 18:05:41,922 [pool-443-thread-1] INFO  ratis.ContainerStateMachine (ContainerStateMachine.java:loadSnapshot(231)) - group-0B6B9A62CB77: The snapshot info is null. Setting the last applied indexto:(t:0, i:~)
2019-10-17 18:05:41,922 [pool-443-thread-1] INFO  server.RaftServerConfigKeys (ConfUtils.java:logGet(43)) - raft.server.notification.no-leader.timeout = 120s (custom)
2019-10-17 18:05:41,923 [pool-443-thread-1] INFO  server.RaftServerConfigKeys (ConfUtils.java:logGet(43)) - raft.server.log.use.memory = false (default)
2019-10-17 18:05:41,923 [pool-443-thread-1] INFO  server.RaftServerConfigKeys (ConfUtils.java:logGet(43)) - raft.server.log.purge.gap = 1000000 (custom)
2019-10-17 18:05:41,923 [pool-443-thread-1] INFO  server.RaftServerConfigKeys (ConfUtils.java:logGet(43)) - raft.server.log.appender.buffer.byte-limit = 33554432 (custom)
2019-10-17 18:05:41,923 [pool-443-thread-1] INFO  server.RaftServerConfigKeys (ConfUtils.java:logGet(43)) - raft.server.log.segment.size.max = 1048576 (custom)
2019-10-17 18:05:41,926 [pool-443-thread-1] INFO  server.RaftServerConfigKeys (ConfUtils.java:logGet(43)) - raft.server.log.segment.cache.num.max = 2 (custom)
2019-10-17 18:05:41,926 [pool-443-thread-1] INFO  segmented.SegmentedRaftLogWorker (SegmentedRaftLogWorker.java:<init>(173)) - new a8f7500d-1a08-4f5d-adc7-6e51816edefd@group-0B6B9A62CB77-SegmentedRaftLogWorker for RaftStorage:Storage Directory /workdir/hadoop-ozone/integration-test/target/test-dir/MiniOzoneClusterImpl-e666d1ac-6527-4543-88b6-0d02e23d4ccf/datanode-6/data/ratis/a255fbff-ab9f-4d50-a3bc-0b6b9a62cb77
2019-10-17 18:05:41,926 [pool-443-thread-1] INFO  server.RaftServerConfigKeys (ConfUtils.java:logGet(43)) - raft.server.log.queue.byte-limit = 2147483647 (custom)
2019-10-17 18:05:41,926 [pool-443-thread-1] INFO  server.RaftServerConfigKeys (ConfUtils.java:logGet(43)) - raft.server.log.queue.element-limit = 1024 (custom)
2019-10-17 18:05:41,926 [pool-443-thread-1] INFO  server.RaftServerConfigKeys (ConfUtils.java:logGet(43)) - raft.server.log.segment.size.max = 1048576 (custom)
2019-10-17 18:05:41,926 [pool-443-thread-1] INFO  server.RaftServerConfigKeys (ConfUtils.java:logGet(43)) - raft.server.log.preallocated.size = 16384 (custom)
2019-10-17 18:05:41,926 [pool-443-thread-1] INFO  server.RaftServerConfigKeys (ConfUtils.java:logGet(43)) - raft.server.log.write.buffer.size = 33554432 (custom)
2019-10-17 18:05:41,927 [pool-443-thread-1] INFO  server.RaftServerConfigKeys (ConfUtils.java:logGet(43)) - raft.server.log.force.sync.num = 128 (default)
2019-10-17 18:05:41,927 [pool-443-thread-1] INFO  server.RaftServerConfigKeys (ConfUtils.java:logGet(43)) - raft.server.log.statemachine.data.sync = true (default)
2019-10-17 18:05:41,927 [pool-443-thread-1] INFO  server.RaftServerConfigKeys (ConfUtils.java:logGet(43)) - raft.server.log.statemachine.data.sync.timeout = 10s (default)
2019-10-17 18:05:41,927 [pool-443-thread-1] INFO  server.RaftServerConfigKeys (ConfUtils.java:logGet(43)) - raft.server.log.statemachine.data.sync.timeout.retry = -1 (default)
2019-10-17 18:05:41,928 [pool-443-thread-1] INFO  server.RaftServerConfigKeys (ConfUtils.java:logGet(43)) - raft.server.log.statemachine.data.caching.enabled = true (custom)
2019-10-17 18:05:41,928 [pool-443-thread-1] INFO  segmented.SegmentedRaftLogWorker (SegmentedRaftLogWorker.java:lambda$new$0(128)) - a8f7500d-1a08-4f5d-adc7-6e51816edefd@group-0B6B9A62CB77-SegmentedRaftLogWorker: flushIndex: setUnconditionally 0 -> -1
2019-10-17 18:05:41,928 [pool-443-thread-1] INFO  server.RaftServerConfigKeys (ConfUtils.java:logGet(43)) - raft.server.snapshot.auto.trigger.enabled = true (custom)
2019-10-17 18:05:41,928 [pool-443-thread-1] INFO  server.RaftServerConfigKeys (ConfUtils.java:logGet(43)) - raft.server.snapshot.auto.trigger.threshold = 10000 (custom)
2019-10-17 18:05:41,929 [pool-443-thread-1] INFO  server.RaftServerConfigKeys (ConfUtils.java:logGet(43)) - raft.server.snapshot.retention.file.num = 5 (custom)
2019-10-17 18:05:41,929 [pool-443-thread-1] INFO  server.RaftServerConfigKeys (ConfUtils.java:logGet(43)) - raft.server.retrycache.expirytime = 600000ms (custom)
2019-10-17 18:05:41,931 [pool-443-thread-1] INFO  impl.RaftServerImpl (RaftServerImpl.java:start(181)) - a8f7500d-1a08-4f5d-adc7-6e51816edefd@group-0B6B9A62CB77: start as a follower, conf=-1: [a8f7500d-1a08-4f5d-adc7-6e51816edefd:192.168.34.17:33836], old=null
2019-10-17 18:05:41,931 [pool-443-thread-1] INFO  impl.RaftServerImpl (RaftServerImpl.java:setRole(170)) - a8f7500d-1a08-4f5d-adc7-6e51816edefd@group-0B6B9A62CB77: changes role from      null to FOLLOWER at term 0 for startAsFollower
2019-10-17 18:05:41,931 [pool-443-thread-1] INFO  impl.RoleInfo (RoleInfo.java:updateAndGet(143)) - a8f7500d-1a08-4f5d-adc7-6e51816edefd: start FollowerState
2019-10-17 18:05:41,932 [pool-443-thread-1] INFO  util.JmxRegister (JmxRegister.java:tryRegister(44)) - Successfully registered JMX Bean with object name Ratis:service=RaftServer,group=group-0B6B9A62CB77,id=a8f7500d-1a08-4f5d-adc7-6e51816edefd
2019-10-17 18:05:41,937 [RatisPipelineUtilsThread] INFO  pipeline.PipelineStateManager (PipelineStateManager.java:addPipeline(56)) - Created pipeline Pipeline[ Id: a255fbff-ab9f-4d50-a3bc-0b6b9a62cb77, Nodes: a8f7500d-1a08-4f5d-adc7-6e51816edefd{ip: 192.168.34.17, host: pr-hdds-2240-zn58d-574671676, networkLocation: /default-rack, certSerialId: null}, Type:RATIS, Factor:ONE, State:OPEN]
2019-10-17 18:05:41,958 [grpc-default-executor-0] INFO  impl.RaftServerProxy (RaftServerProxy.java:addNew(89)) - c6bff427-3039-4769-8bba-9ff821083636: addNew group-9044B654C395:[c6bff427-3039-4769-8bba-9ff821083636:192.168.34.17:40570, c0a925e6-7889-4d83-9ab1-1e3fc011b8ea:192.168.34.17:43694, 88fb5ce4-ccb0-46c0-8709-d8d00698ffab:192.168.34.17:33873] returns group-9044B654C395:java.util.concurrent.CompletableFuture@4ad52306[Not completed]
2019-10-17 18:05:41,959 [grpc-default-executor-5] INFO  impl.RaftServerProxy (RaftServerProxy.java:addNew(89)) - 88fb5ce4-ccb0-46c0-8709-d8d00698ffab: addNew group-9044B654C395:[c6bff427-3039-4769-8bba-9ff821083636:192.168.34.17:40570, c0a925e6-7889-4d83-9ab1-1e3fc011b8ea:192.168.34.17:43694, 88fb5ce4-ccb0-46c0-8709-d8d00698ffab:192.168.34.17:33873] returns group-9044B654C395:java.util.concurrent.CompletableFuture@1723ae45[Not completed]
2019-10-17 18:05:41,959 [grpc-default-executor-1] INFO  impl.RaftServerProxy (RaftServerProxy.java:addNew(89)) - c0a925e6-7889-4d83-9ab1-1e3fc011b8ea: addNew group-9044B654C395:[c6bff427-3039-4769-8bba-9ff821083636:192.168.34.17:40570, c0a925e6-7889-4d83-9ab1-1e3fc011b8ea:192.168.34.17:43694, 88fb5ce4-ccb0-46c0-8709-d8d00698ffab:192.168.34.17:33873] returns group-9044B654C395:java.util.concurrent.CompletableFuture@c98e480[Not completed]
2019-10-17 18:05:41,960 [pool-423-thread-1] INFO  impl.RaftServerImpl (RaftServerImpl.java:<init>(95)) - c6bff427-3039-4769-8bba-9ff821083636: new RaftServerImpl for group-9044B654C395:[c6bff427-3039-4769-8bba-9ff821083636:192.168.34.17:40570, c0a925e6-7889-4d83-9ab1-1e3fc011b8ea:192.168.34.17:43694, 88fb5ce4-ccb0-46c0-8709-d8d00698ffab:192.168.34.17:33873] with ContainerStateMachine:uninitialized
2019-10-17 18:05:41,960 [pool-423-thread-1] INFO  server.RaftServerConfigKeys (ConfUtils.java:logGet(43)) - raft.server.rpc.timeout.min = 5s (custom)
2019-10-17 18:05:41,960 [pool-423-thread-1] INFO  server.RaftServerConfigKeys (ConfUtils.java:logGet(43)) - raft.server.rpc.timeout.max = 5200ms (custom)
2019-10-17 18:05:41,960 [pool-423-thread-1] INFO  server.RaftServerConfigKeys (ConfUtils.java:logGet(43)) - raft.server.rpcslowness.timeout = 120s (custom)
2019-10-17 18:05:41,960 [pool-423-thread-1] INFO  server.RaftServerConfigKeys (ConfUtils.java:logGet(43)) - raft.server.sleep.deviation.threshold = 300 (default)
2019-10-17 18:05:41,961 [pool-433-thread-1] INFO  impl.RaftServerImpl (RaftServerImpl.java:<init>(95)) - 88fb5ce4-ccb0-46c0-8709-d8d00698ffab: new RaftServerImpl for group-9044B654C395:[c6bff427-3039-4769-8bba-9ff821083636:192.168.34.17:40570, c0a925e6-7889-4d83-9ab1-1e3fc011b8ea:192.168.34.17:43694, 88fb5ce4-ccb0-46c0-8709-d8d00698ffab:192.168.34.17:33873] with ContainerStateMachine:uninitialized
2019-10-17 18:05:41,961 [pool-423-thread-1] INFO  server.RaftServerConfigKeys (ConfUtils.java:logGet(43)) - raft.server.log.appender.install.snapshot.enabled = false (custom)
2019-10-17 18:05:41,961 [pool-413-thread-1] INFO  impl.RaftServerImpl (RaftServerImpl.java:<init>(95)) - c0a925e6-7889-4d83-9ab1-1e3fc011b8ea: new RaftServerImpl for group-9044B654C395:[c6bff427-3039-4769-8bba-9ff821083636:192.168.34.17:40570, c0a925e6-7889-4d83-9ab1-1e3fc011b8ea:192.168.34.17:43694, 88fb5ce4-ccb0-46c0-8709-d8d00698ffab:192.168.34.17:33873] with ContainerStateMachine:uninitialized
2019-10-17 18:05:41,961 [pool-423-thread-1] INFO  impl.RaftServerImpl (ServerState.java:<init>(103)) - c6bff427-3039-4769-8bba-9ff821083636@group-9044B654C395: ConfigurationManager, init=-1: [c6bff427-3039-4769-8bba-9ff821083636:192.168.34.17:40570, c0a925e6-7889-4d83-9ab1-1e3fc011b8ea:192.168.34.17:43694, 88fb5ce4-ccb0-46c0-8709-d8d00698ffab:192.168.34.17:33873], old=null, confs=<EMPTY_MAP>
2019-10-17 18:05:41,961 [pool-433-thread-1] INFO  server.RaftServerConfigKeys (ConfUtils.java:logGet(43)) - raft.server.rpc.timeout.min = 5s (custom)
2019-10-17 18:05:41,961 [pool-423-thread-1] INFO  server.RaftServerConfigKeys (ConfUtils.java:logGet(43)) - raft.server.storage.dir = [/workdir/hadoop-ozone/integration-test/target/test-dir/MiniOzoneClusterImpl-e666d1ac-6527-4543-88b6-0d02e23d4ccf/datanode-4/data/ratis] (custom)
2019-10-17 18:05:41,961 [pool-413-thread-1] INFO  server.RaftServerConfigKeys (ConfUtils.java:logGet(43)) - raft.server.rpc.timeout.min = 5s (custom)
2019-10-17 18:05:41,961 [pool-433-thread-1] INFO  server.RaftServerConfigKeys (ConfUtils.java:logGet(43)) - raft.server.rpc.timeout.max = 5200ms (custom)
2019-10-17 18:05:41,961 [pool-423-thread-1] INFO  server.RaftServerConfigKeys (ConfUtils.java:logGet(43)) - raft.server.log.corruption.policy = EXCEPTION (default)
2019-10-17 18:05:41,961 [pool-413-thread-1] INFO  server.RaftServerConfigKeys (ConfUtils.java:logGet(43)) - raft.server.rpc.timeout.max = 5200ms (custom)
2019-10-17 18:05:41,961 [pool-433-thread-1] INFO  server.RaftServerConfigKeys (ConfUtils.java:logGet(43)) - raft.server.rpcslowness.timeout = 120s (custom)
2019-10-17 18:05:41,962 [pool-423-thread-1] INFO  storage.RaftStorageDirectory (RaftStorageDirectory.java:analyzeStorage(246)) - The storage directory /workdir/hadoop-ozone/integration-test/target/test-dir/MiniOzoneClusterImpl-e666d1ac-6527-4543-88b6-0d02e23d4ccf/datanode-4/data/ratis/5d221c90-7766-4ee9-ad10-9044b654c395 does not exist. Creating ...
2019-10-17 18:05:41,962 [pool-413-thread-1] INFO  server.RaftServerConfigKeys (ConfUtils.java:logGet(43)) - raft.server.rpcslowness.timeout = 120s (custom)
2019-10-17 18:05:41,962 [pool-433-thread-1] INFO  server.RaftServerConfigKeys (ConfUtils.java:logGet(43)) - raft.server.sleep.deviation.threshold = 300 (default)
2019-10-17 18:05:41,962 [pool-413-thread-1] INFO  server.RaftServerConfigKeys (ConfUtils.java:logGet(43)) - raft.server.sleep.deviation.threshold = 300 (default)
2019-10-17 18:05:41,962 [pool-433-thread-1] INFO  server.RaftServerConfigKeys (ConfUtils.java:logGet(43)) - raft.server.log.appender.install.snapshot.enabled = false (custom)
2019-10-17 18:05:41,962 [pool-413-thread-1] INFO  server.RaftServerConfigKeys (ConfUtils.java:logGet(43)) - raft.server.log.appender.install.snapshot.enabled = false (custom)
2019-10-17 18:05:41,962 [pool-433-thread-1] INFO  impl.RaftServerImpl (ServerState.java:<init>(103)) - 88fb5ce4-ccb0-46c0-8709-d8d00698ffab@group-9044B654C395: ConfigurationManager, init=-1: [c6bff427-3039-4769-8bba-9ff821083636:192.168.34.17:40570, c0a925e6-7889-4d83-9ab1-1e3fc011b8ea:192.168.34.17:43694, 88fb5ce4-ccb0-46c0-8709-d8d00698ffab:192.168.34.17:33873], old=null, confs=<EMPTY_MAP>
2019-10-17 18:05:41,962 [pool-413-thread-1] INFO  impl.RaftServerImpl (ServerState.java:<init>(103)) - c0a925e6-7889-4d83-9ab1-1e3fc011b8ea@group-9044B654C395: ConfigurationManager, init=-1: [c6bff427-3039-4769-8bba-9ff821083636:192.168.34.17:40570, c0a925e6-7889-4d83-9ab1-1e3fc011b8ea:192.168.34.17:43694, 88fb5ce4-ccb0-46c0-8709-d8d00698ffab:192.168.34.17:33873], old=null, confs=<EMPTY_MAP>
2019-10-17 18:05:41,962 [pool-433-thread-1] INFO  server.RaftServerConfigKeys (ConfUtils.java:logGet(43)) - raft.server.storage.dir = [/workdir/hadoop-ozone/integration-test/target/test-dir/MiniOzoneClusterImpl-e666d1ac-6527-4543-88b6-0d02e23d4ccf/datanode-5/data/ratis] (custom)
2019-10-17 18:05:41,963 [pool-413-thread-1] INFO  server.RaftServerConfigKeys (ConfUtils.java:logGet(43)) - raft.server.storage.dir = [/workdir/hadoop-ozone/integration-test/target/test-dir/MiniOzoneClusterImpl-e666d1ac-6527-4543-88b6-0d02e23d4ccf/datanode-3/data/ratis] (custom)
2019-10-17 18:05:41,963 [pool-433-thread-1] INFO  server.RaftServerConfigKeys (ConfUtils.java:logGet(43)) - raft.server.log.corruption.policy = EXCEPTION (default)
2019-10-17 18:05:41,963 [pool-413-thread-1] INFO  server.RaftServerConfigKeys (ConfUtils.java:logGet(43)) - raft.server.log.corruption.policy = EXCEPTION (default)
2019-10-17 18:05:41,963 [pool-433-thread-1] INFO  storage.RaftStorageDirectory (RaftStorageDirectory.java:analyzeStorage(246)) - The storage directory /workdir/hadoop-ozone/integration-test/target/test-dir/MiniOzoneClusterImpl-e666d1ac-6527-4543-88b6-0d02e23d4ccf/datanode-5/data/ratis/5d221c90-7766-4ee9-ad10-9044b654c395 does not exist. Creating ...
2019-10-17 18:05:41,963 [pool-413-thread-1] INFO  storage.RaftStorageDirectory (RaftStorageDirectory.java:analyzeStorage(246)) - The storage directory /workdir/hadoop-ozone/integration-test/target/test-dir/MiniOzoneClusterImpl-e666d1ac-6527-4543-88b6-0d02e23d4ccf/datanode-3/data/ratis/5d221c90-7766-4ee9-ad10-9044b654c395 does not exist. Creating ...
2019-10-17 18:05:42,004 [pool-433-thread-1] INFO  storage.RaftStorageDirectory (RaftStorageDirectory.java:tryLock(328)) - Lock on /workdir/hadoop-ozone/integration-test/target/test-dir/MiniOzoneClusterImpl-e666d1ac-6527-4543-88b6-0d02e23d4ccf/datanode-5/data/ratis/5d221c90-7766-4ee9-ad10-9044b654c395/in_use.lock acquired by nodename 3601@pr-hdds-2240-zn58d-574671676
2019-10-17 18:05:42,004 [pool-423-thread-1] INFO  storage.RaftStorageDirectory (RaftStorageDirectory.java:tryLock(328)) - Lock on /workdir/hadoop-ozone/integration-test/target/test-dir/MiniOzoneClusterImpl-e666d1ac-6527-4543-88b6-0d02e23d4ccf/datanode-4/data/ratis/5d221c90-7766-4ee9-ad10-9044b654c395/in_use.lock acquired by nodename 3601@pr-hdds-2240-zn58d-574671676
2019-10-17 18:05:42,004 [pool-413-thread-1] INFO  storage.RaftStorageDirectory (RaftStorageDirectory.java:tryLock(328)) - Lock on /workdir/hadoop-ozone/integration-test/target/test-dir/MiniOzoneClusterImpl-e666d1ac-6527-4543-88b6-0d02e23d4ccf/datanode-3/data/ratis/5d221c90-7766-4ee9-ad10-9044b654c395/in_use.lock acquired by nodename 3601@pr-hdds-2240-zn58d-574671676
2019-10-17 18:05:42,028 [pool-433-thread-1] INFO  storage.RaftStorage (RaftStorage.java:format(84)) - Storage directory /workdir/hadoop-ozone/integration-test/target/test-dir/MiniOzoneClusterImpl-e666d1ac-6527-4543-88b6-0d02e23d4ccf/datanode-5/data/ratis/5d221c90-7766-4ee9-ad10-9044b654c395 has been successfully formatted.
2019-10-17 18:05:42,028 [pool-423-thread-1] INFO  storage.RaftStorage (RaftStorage.java:format(84)) - Storage directory /workdir/hadoop-ozone/integration-test/target/test-dir/MiniOzoneClusterImpl-e666d1ac-6527-4543-88b6-0d02e23d4ccf/datanode-4/data/ratis/5d221c90-7766-4ee9-ad10-9044b654c395 has been successfully formatted.
2019-10-17 18:05:42,028 [pool-413-thread-1] INFO  storage.RaftStorage (RaftStorage.java:format(84)) - Storage directory /workdir/hadoop-ozone/integration-test/target/test-dir/MiniOzoneClusterImpl-e666d1ac-6527-4543-88b6-0d02e23d4ccf/datanode-3/data/ratis/5d221c90-7766-4ee9-ad10-9044b654c395 has been successfully formatted.
2019-10-17 18:05:42,028 [pool-423-thread-1] INFO  ratis.ContainerStateMachine (ContainerStateMachine.java:loadSnapshot(231)) - group-9044B654C395: The snapshot info is null. Setting the last applied indexto:(t:0, i:~)
2019-10-17 18:05:42,028 [pool-433-thread-1] INFO  ratis.ContainerStateMachine (ContainerStateMachine.java:loadSnapshot(231)) - group-9044B654C395: The snapshot info is null. Setting the last applied indexto:(t:0, i:~)
2019-10-17 18:05:42,028 [pool-423-thread-1] INFO  server.RaftServerConfigKeys (ConfUtils.java:logGet(43)) - raft.server.notification.no-leader.timeout = 120s (custom)
2019-10-17 18:05:42,028 [pool-413-thread-1] INFO  ratis.ContainerStateMachine (ContainerStateMachine.java:loadSnapshot(231)) - group-9044B654C395: The snapshot info is null. Setting the last applied indexto:(t:0, i:~)
2019-10-17 18:05:42,028 [pool-423-thread-1] INFO  server.RaftServerConfigKeys (ConfUtils.java:logGet(43)) - raft.server.log.use.memory = false (default)
2019-10-17 18:05:42,028 [pool-433-thread-1] INFO  server.RaftServerConfigKeys (ConfUtils.java:logGet(43)) - raft.server.notification.no-leader.timeout = 120s (custom)
2019-10-17 18:05:42,029 [pool-423-thread-1] INFO  server.RaftServerConfigKeys (ConfUtils.java:logGet(43)) - raft.server.log.purge.gap = 1000000 (custom)
2019-10-17 18:05:42,029 [pool-413-thread-1] INFO  server.RaftServerConfigKeys (ConfUtils.java:logGet(43)) - raft.server.notification.no-leader.timeout = 120s (custom)
2019-10-17 18:05:42,029 [pool-423-thread-1] INFO  server.RaftServerConfigKeys (ConfUtils.java:logGet(43)) - raft.server.log.appender.buffer.byte-limit = 33554432 (custom)
2019-10-17 18:05:42,029 [pool-433-thread-1] INFO  server.RaftServerConfigKeys (ConfUtils.java:logGet(43)) - raft.server.log.use.memory = false (default)
2019-10-17 18:05:42,029 [pool-423-thread-1] INFO  server.RaftServerConfigKeys (ConfUtils.java:logGet(43)) - raft.server.log.segment.size.max = 1048576 (custom)
2019-10-17 18:05:42,029 [pool-413-thread-1] INFO  server.RaftServerConfigKeys (ConfUtils.java:logGet(43)) - raft.server.log.use.memory = false (default)
2019-10-17 18:05:42,029 [pool-423-thread-1] INFO  server.RaftServerConfigKeys (ConfUtils.java:logGet(43)) - raft.server.log.segment.cache.num.max = 2 (custom)
2019-10-17 18:05:42,029 [pool-433-thread-1] INFO  server.RaftServerConfigKeys (ConfUtils.java:logGet(43)) - raft.server.log.purge.gap = 1000000 (custom)
2019-10-17 18:05:42,030 [pool-423-thread-1] INFO  segmented.SegmentedRaftLogWorker (SegmentedRaftLogWorker.java:<init>(173)) - new c6bff427-3039-4769-8bba-9ff821083636@group-9044B654C395-SegmentedRaftLogWorker for RaftStorage:Storage Directory /workdir/hadoop-ozone/integration-test/target/test-dir/MiniOzoneClusterImpl-e666d1ac-6527-4543-88b6-0d02e23d4ccf/datanode-4/data/ratis/5d221c90-7766-4ee9-ad10-9044b654c395
2019-10-17 18:05:42,029 [pool-413-thread-1] INFO  server.RaftServerConfigKeys (ConfUtils.java:logGet(43)) - raft.server.log.purge.gap = 1000000 (custom)
2019-10-17 18:05:42,030 [pool-423-thread-1] INFO  server.RaftServerConfigKeys (ConfUtils.java:logGet(43)) - raft.server.log.queue.byte-limit = 2147483647 (custom)
2019-10-17 18:05:42,030 [pool-433-thread-1] INFO  server.RaftServerConfigKeys (ConfUtils.java:logGet(43)) - raft.server.log.appender.buffer.byte-limit = 33554432 (custom)
2019-10-17 18:05:42,030 [pool-423-thread-1] INFO  server.RaftServerConfigKeys (ConfUtils.java:logGet(43)) - raft.server.log.queue.element-limit = 1024 (custom)
2019-10-17 18:05:42,030 [pool-413-thread-1] INFO  server.RaftServerConfigKeys (ConfUtils.java:logGet(43)) - raft.server.log.appender.buffer.byte-limit = 33554432 (custom)
2019-10-17 18:05:42,030 [pool-423-thread-1] INFO  server.RaftServerConfigKeys (ConfUtils.java:logGet(43)) - raft.server.log.segment.size.max = 1048576 (custom)
2019-10-17 18:05:42,030 [pool-433-thread-1] INFO  server.RaftServerConfigKeys (ConfUtils.java:logGet(43)) - raft.server.log.segment.size.max = 1048576 (custom)
2019-10-17 18:05:42,030 [pool-423-thread-1] INFO  server.RaftServerConfigKeys (ConfUtils.java:logGet(43)) - raft.server.log.preallocated.size = 16384 (custom)
2019-10-17 18:05:42,030 [pool-413-thread-1] INFO  server.RaftServerConfigKeys (ConfUtils.java:logGet(43)) - raft.server.log.segment.size.max = 1048576 (custom)
2019-10-17 18:05:42,031 [pool-423-thread-1] INFO  server.RaftServerConfigKeys (ConfUtils.java:logGet(43)) - raft.server.log.write.buffer.size = 33554432 (custom)
2019-10-17 18:05:42,031 [pool-433-thread-1] INFO  server.RaftServerConfigKeys (ConfUtils.java:logGet(43)) - raft.server.log.segment.cache.num.max = 2 (custom)
2019-10-17 18:05:42,031 [pool-423-thread-1] INFO  server.RaftServerConfigKeys (ConfUtils.java:logGet(43)) - raft.server.log.force.sync.num = 128 (default)
2019-10-17 18:05:42,031 [pool-413-thread-1] INFO  server.RaftServerConfigKeys (ConfUtils.java:logGet(43)) - raft.server.log.segment.cache.num.max = 2 (custom)
2019-10-17 18:05:42,031 [pool-423-thread-1] INFO  server.RaftServerConfigKeys (ConfUtils.java:logGet(43)) - raft.server.log.statemachine.data.sync = true (default)
2019-10-17 18:05:42,031 [pool-433-thread-1] INFO  segmented.SegmentedRaftLogWorker (SegmentedRaftLogWorker.java:<init>(173)) - new 88fb5ce4-ccb0-46c0-8709-d8d00698ffab@group-9044B654C395-SegmentedRaftLogWorker for RaftStorage:Storage Directory /workdir/hadoop-ozone/integration-test/target/test-dir/MiniOzoneClusterImpl-e666d1ac-6527-4543-88b6-0d02e23d4ccf/datanode-5/data/ratis/5d221c90-7766-4ee9-ad10-9044b654c395
2019-10-17 18:05:42,031 [pool-423-thread-1] INFO  server.RaftServerConfigKeys (ConfUtils.java:logGet(43)) - raft.server.log.statemachine.data.sync.timeout = 10s (default)
2019-10-17 18:05:42,031 [pool-413-thread-1] INFO  segmented.SegmentedRaftLogWorker (SegmentedRaftLogWorker.java:<init>(173)) - new c0a925e6-7889-4d83-9ab1-1e3fc011b8ea@group-9044B654C395-SegmentedRaftLogWorker for RaftStorage:Storage Directory /workdir/hadoop-ozone/integration-test/target/test-dir/MiniOzoneClusterImpl-e666d1ac-6527-4543-88b6-0d02e23d4ccf/datanode-3/data/ratis/5d221c90-7766-4ee9-ad10-9044b654c395
2019-10-17 18:05:42,032 [pool-423-thread-1] INFO  server.RaftServerConfigKeys (ConfUtils.java:logGet(43)) - raft.server.log.statemachine.data.sync.timeout.retry = -1 (default)
2019-10-17 18:05:42,031 [pool-433-thread-1] INFO  server.RaftServerConfigKeys (ConfUtils.java:logGet(43)) - raft.server.log.queue.byte-limit = 2147483647 (custom)
2019-10-17 18:05:42,032 [pool-413-thread-1] INFO  server.RaftServerConfigKeys (ConfUtils.java:logGet(43)) - raft.server.log.queue.byte-limit = 2147483647 (custom)
2019-10-17 18:05:42,032 [pool-423-thread-1] INFO  server.RaftServerConfigKeys (ConfUtils.java:logGet(43)) - raft.server.log.statemachine.data.caching.enabled = true (custom)
2019-10-17 18:05:42,032 [pool-433-thread-1] INFO  server.RaftServerConfigKeys (ConfUtils.java:logGet(43)) - raft.server.log.queue.element-limit = 1024 (custom)
2019-10-17 18:05:42,032 [pool-413-thread-1] INFO  server.RaftServerConfigKeys (ConfUtils.java:logGet(43)) - raft.server.log.queue.element-limit = 1024 (custom)
2019-10-17 18:05:42,032 [pool-423-thread-1] INFO  segmented.SegmentedRaftLogWorker (SegmentedRaftLogWorker.java:lambda$new$0(128)) - c6bff427-3039-4769-8bba-9ff821083636@group-9044B654C395-SegmentedRaftLogWorker: flushIndex: setUnconditionally 0 -> -1
2019-10-17 18:05:42,032 [pool-433-thread-1] INFO  server.RaftServerConfigKeys (ConfUtils.java:logGet(43)) - raft.server.log.segment.size.max = 1048576 (custom)
2019-10-17 18:05:42,032 [pool-413-thread-1] INFO  server.RaftServerConfigKeys (ConfUtils.java:logGet(43)) - raft.server.log.segment.size.max = 1048576 (custom)
2019-10-17 18:05:42,033 [pool-423-thread-1] INFO  server.RaftServerConfigKeys (ConfUtils.java:logGet(43)) - raft.server.snapshot.auto.trigger.enabled = true (custom)
2019-10-17 18:05:42,033 [pool-433-thread-1] INFO  server.RaftServerConfigKeys (ConfUtils.java:logGet(43)) - raft.server.log.preallocated.size = 16384 (custom)
2019-10-17 18:05:42,033 [pool-423-thread-1] INFO  server.RaftServerConfigKeys (ConfUtils.java:logGet(43)) - raft.server.snapshot.auto.trigger.threshold = 10000 (custom)
2019-10-17 18:05:42,033 [pool-413-thread-1] INFO  server.RaftServerConfigKeys (ConfUtils.java:logGet(43)) - raft.server.log.preallocated.size = 16384 (custom)
2019-10-17 18:05:42,033 [pool-423-thread-1] INFO  server.RaftServerConfigKeys (ConfUtils.java:logGet(43)) - raft.server.snapshot.retention.file.num = 5 (custom)
2019-10-17 18:05:42,033 [pool-433-thread-1] INFO  server.RaftServerConfigKeys (ConfUtils.java:logGet(43)) - raft.server.log.write.buffer.size = 33554432 (custom)
2019-10-17 18:05:42,033 [pool-423-thread-1] INFO  server.RaftServerConfigKeys (ConfUtils.java:logGet(43)) - raft.server.retrycache.expirytime = 600000ms (custom)
2019-10-17 18:05:42,033 [pool-413-thread-1] INFO  server.RaftServerConfigKeys (ConfUtils.java:logGet(43)) - raft.server.log.write.buffer.size = 33554432 (custom)
2019-10-17 18:05:42,033 [pool-433-thread-1] INFO  server.RaftServerConfigKeys (ConfUtils.java:logGet(43)) - raft.server.log.force.sync.num = 128 (default)
2019-10-17 18:05:42,034 [pool-413-thread-1] INFO  server.RaftServerConfigKeys (ConfUtils.java:logGet(43)) - raft.server.log.force.sync.num = 128 (default)
2019-10-17 18:05:42,034 [pool-433-thread-1] INFO  server.RaftServerConfigKeys (ConfUtils.java:logGet(43)) - raft.server.log.statemachine.data.sync = true (default)
2019-10-17 18:05:42,034 [pool-413-thread-1] INFO  server.RaftServerConfigKeys (ConfUtils.java:logGet(43)) - raft.server.log.statemachine.data.sync = true (default)
2019-10-17 18:05:42,034 [pool-433-thread-1] INFO  server.RaftServerConfigKeys (ConfUtils.java:logGet(43)) - raft.server.log.statemachine.data.sync.timeout = 10s (default)
2019-10-17 18:05:42,034 [pool-413-thread-1] INFO  server.RaftServerConfigKeys (ConfUtils.java:logGet(43)) - raft.server.log.statemachine.data.sync.timeout = 10s (default)
2019-10-17 18:05:42,034 [pool-433-thread-1] INFO  server.RaftServerConfigKeys (ConfUtils.java:logGet(43)) - raft.server.log.statemachine.data.sync.timeout.retry = -1 (default)
2019-10-17 18:05:42,034 [pool-413-thread-1] INFO  server.RaftServerConfigKeys (ConfUtils.java:logGet(43)) - raft.server.log.statemachine.data.sync.timeout.retry = -1 (default)
2019-10-17 18:05:42,034 [pool-433-thread-1] INFO  server.RaftServerConfigKeys (ConfUtils.java:logGet(43)) - raft.server.log.statemachine.data.caching.enabled = true (custom)
2019-10-17 18:05:42,035 [pool-413-thread-1] INFO  server.RaftServerConfigKeys (ConfUtils.java:logGet(43)) - raft.server.log.statemachine.data.caching.enabled = true (custom)
2019-10-17 18:05:42,035 [pool-433-thread-1] INFO  segmented.SegmentedRaftLogWorker (SegmentedRaftLogWorker.java:lambda$new$0(128)) - 88fb5ce4-ccb0-46c0-8709-d8d00698ffab@group-9044B654C395-SegmentedRaftLogWorker: flushIndex: setUnconditionally 0 -> -1
2019-10-17 18:05:42,035 [pool-413-thread-1] INFO  segmented.SegmentedRaftLogWorker (SegmentedRaftLogWorker.java:lambda$new$0(128)) - c0a925e6-7889-4d83-9ab1-1e3fc011b8ea@group-9044B654C395-SegmentedRaftLogWorker: flushIndex: setUnconditionally 0 -> -1
2019-10-17 18:05:42,035 [pool-433-thread-1] INFO  server.RaftServerConfigKeys (ConfUtils.java:logGet(43)) - raft.server.snapshot.auto.trigger.enabled = true (custom)
2019-10-17 18:05:42,035 [pool-433-thread-1] INFO  server.RaftServerConfigKeys (ConfUtils.java:logGet(43)) - raft.server.snapshot.auto.trigger.threshold = 10000 (custom)
2019-10-17 18:05:42,035 [pool-413-thread-1] INFO  server.RaftServerConfigKeys (ConfUtils.java:logGet(43)) - raft.server.snapshot.auto.trigger.enabled = true (custom)
2019-10-17 18:05:42,035 [pool-433-thread-1] INFO  server.RaftServerConfigKeys (ConfUtils.java:logGet(43)) - raft.server.snapshot.retention.file.num = 5 (custom)
2019-10-17 18:05:42,035 [pool-413-thread-1] INFO  server.RaftServerConfigKeys (ConfUtils.java:logGet(43)) - raft.server.snapshot.auto.trigger.threshold = 10000 (custom)
2019-10-17 18:05:42,035 [pool-423-thread-1] INFO  impl.RaftServerImpl (RaftServerImpl.java:start(181)) - c6bff427-3039-4769-8bba-9ff821083636@group-9044B654C395: start as a follower, conf=-1: [c6bff427-3039-4769-8bba-9ff821083636:192.168.34.17:40570, c0a925e6-7889-4d83-9ab1-1e3fc011b8ea:192.168.34.17:43694, 88fb5ce4-ccb0-46c0-8709-d8d00698ffab:192.168.34.17:33873], old=null
2019-10-17 18:05:42,035 [pool-433-thread-1] INFO  server.RaftServerConfigKeys (ConfUtils.java:logGet(43)) - raft.server.retrycache.expirytime = 600000ms (custom)
2019-10-17 18:05:42,036 [pool-423-thread-1] INFO  impl.RaftServerImpl (RaftServerImpl.java:setRole(170)) - c6bff427-3039-4769-8bba-9ff821083636@group-9044B654C395: changes role from      null to FOLLOWER at term 0 for startAsFollower
2019-10-17 18:05:42,036 [pool-413-thread-1] INFO  server.RaftServerConfigKeys (ConfUtils.java:logGet(43)) - raft.server.snapshot.retention.file.num = 5 (custom)
2019-10-17 18:05:42,036 [pool-423-thread-1] INFO  impl.RoleInfo (RoleInfo.java:updateAndGet(143)) - c6bff427-3039-4769-8bba-9ff821083636: start FollowerState
2019-10-17 18:05:42,036 [pool-413-thread-1] INFO  server.RaftServerConfigKeys (ConfUtils.java:logGet(43)) - raft.server.retrycache.expirytime = 600000ms (custom)
2019-10-17 18:05:42,036 [pool-423-thread-1] INFO  util.JmxRegister (JmxRegister.java:tryRegister(44)) - Successfully registered JMX Bean with object name Ratis:service=RaftServer,group=group-9044B654C395,id=c6bff427-3039-4769-8bba-9ff821083636
2019-10-17 18:05:42,038 [pool-433-thread-1] INFO  impl.RaftServerImpl (RaftServerImpl.java:start(181)) - 88fb5ce4-ccb0-46c0-8709-d8d00698ffab@group-9044B654C395: start as a follower, conf=-1: [c6bff427-3039-4769-8bba-9ff821083636:192.168.34.17:40570, c0a925e6-7889-4d83-9ab1-1e3fc011b8ea:192.168.34.17:43694, 88fb5ce4-ccb0-46c0-8709-d8d00698ffab:192.168.34.17:33873], old=null
2019-10-17 18:05:42,038 [pool-433-thread-1] INFO  impl.RaftServerImpl (RaftServerImpl.java:setRole(170)) - 88fb5ce4-ccb0-46c0-8709-d8d00698ffab@group-9044B654C395: changes role from      null to FOLLOWER at term 0 for startAsFollower
2019-10-17 18:05:42,038 [pool-433-thread-1] INFO  impl.RoleInfo (RoleInfo.java:updateAndGet(143)) - 88fb5ce4-ccb0-46c0-8709-d8d00698ffab: start FollowerState
2019-10-17 18:05:42,039 [pool-433-thread-1] INFO  util.JmxRegister (JmxRegister.java:tryRegister(44)) - Successfully registered JMX Bean with object name Ratis:service=RaftServer,group=group-9044B654C395,id=88fb5ce4-ccb0-46c0-8709-d8d00698ffab
2019-10-17 18:05:42,040 [pool-413-thread-1] INFO  impl.RaftServerImpl (RaftServerImpl.java:start(181)) - c0a925e6-7889-4d83-9ab1-1e3fc011b8ea@group-9044B654C395: start as a follower, conf=-1: [c6bff427-3039-4769-8bba-9ff821083636:192.168.34.17:40570, c0a925e6-7889-4d83-9ab1-1e3fc011b8ea:192.168.34.17:43694, 88fb5ce4-ccb0-46c0-8709-d8d00698ffab:192.168.34.17:33873], old=null
2019-10-17 18:05:42,040 [pool-413-thread-1] INFO  impl.RaftServerImpl (RaftServerImpl.java:setRole(170)) - c0a925e6-7889-4d83-9ab1-1e3fc011b8ea@group-9044B654C395: changes role from      null to FOLLOWER at term 0 for startAsFollower
2019-10-17 18:05:42,040 [pool-413-thread-1] INFO  impl.RoleInfo (RoleInfo.java:updateAndGet(143)) - c0a925e6-7889-4d83-9ab1-1e3fc011b8ea: start FollowerState
2019-10-17 18:05:42,041 [pool-413-thread-1] INFO  util.JmxRegister (JmxRegister.java:tryRegister(44)) - Successfully registered JMX Bean with object name Ratis:service=RaftServer,group=group-9044B654C395,id=c0a925e6-7889-4d83-9ab1-1e3fc011b8ea
2019-10-17 18:05:42,046 [RatisPipelineUtilsThread] INFO  pipeline.PipelineStateManager (PipelineStateManager.java:addPipeline(56)) - Created pipeline Pipeline[ Id: 5d221c90-7766-4ee9-ad10-9044b654c395, Nodes: c0a925e6-7889-4d83-9ab1-1e3fc011b8ea{ip: 192.168.34.17, host: pr-hdds-2240-zn58d-574671676, networkLocation: /default-rack, certSerialId: null}c6bff427-3039-4769-8bba-9ff821083636{ip: 192.168.34.17, host: pr-hdds-2240-zn58d-574671676, networkLocation: /default-rack, certSerialId: null}88fb5ce4-ccb0-46c0-8709-d8d00698ffab{ip: 192.168.34.17, host: pr-hdds-2240-zn58d-574671676, networkLocation: /default-rack, certSerialId: null}, Type:RATIS, Factor:THREE, State:OPEN]
2019-10-17 18:05:42,740 [main] INFO  ozone.MiniOzoneClusterImpl (MiniOzoneClusterImpl.java:lambda$waitForClusterToBeReady$0(147)) - Cluster is ready. Got 7 of 7 DN Heartbeats.
2019-10-17 18:05:42,779 [main] INFO  rpc.RpcClient (RpcClient.java:createVolume(273)) - Creating Volume: watchforcommithandlingtest, with jenkins1000 as owner.
2019-10-17 18:05:42,783 [IPC Server handler 1 on 40379] INFO  volume.OMVolumeCreateRequest (OMVolumeCreateRequest.java:validateAndUpdateCache(193)) - created volume:watchforcommithandlingtest for user:jenkins1000
2019-10-17 18:05:42,796 [main] INFO  rpc.RpcClient (RpcClient.java:createBucket(412)) - Creating Bucket: watchforcommithandlingtest/watchforcommithandlingtest, with Versioning false and Storage Type set to DISK and Encryption set to false 
2019-10-17 18:05:42,800 [main] INFO  ozone.MiniOzoneClusterImpl (MiniOzoneClusterImpl.java:getStorageContainerLocationClient(234)) - Creating StorageContainerLocationProtocol RPC client with address /0.0.0.0:39484
2019-10-17 18:05:44,070 [Thread-2328] INFO  container.ReplicationManager (ReplicationManager.java:start(162)) - Starting Replication Monitor Thread.
2019-10-17 18:05:44,073 [ReplicationMonitor] INFO  container.ReplicationManager (ReplicationManager.java:run(225)) - Replication Monitor Thread took 1 milliseconds for processing 1 containers.
2019-10-17 18:05:46,194 [Thread-2332] INFO  impl.FollowerState (FollowerState.java:run(108)) - e6a8ef7d-ad35-400e-be5d-a9fbfa4da82d@group-47ACF90AA476-FollowerState: change to CANDIDATE, lastRpcTime:5010ms, electionTimeout:5010ms
2019-10-17 18:05:46,194 [Thread-2332] INFO  impl.RoleInfo (RoleInfo.java:shutdownFollowerState(121)) - e6a8ef7d-ad35-400e-be5d-a9fbfa4da82d: shutdown FollowerState
2019-10-17 18:05:46,194 [Thread-2332] INFO  impl.RaftServerImpl (RaftServerImpl.java:setRole(170)) - e6a8ef7d-ad35-400e-be5d-a9fbfa4da82d@group-47ACF90AA476: changes role from  FOLLOWER to CANDIDATE at term 0 for changeToCandidate
2019-10-17 18:05:46,194 [Thread-2332] INFO  impl.RoleInfo (RoleInfo.java:updateAndGet(143)) - e6a8ef7d-ad35-400e-be5d-a9fbfa4da82d: start LeaderElection
2019-10-17 18:05:46,292 [Thread-2335] INFO  impl.FollowerState (FollowerState.java:run(108)) - 81d9c424-50f5-4636-a584-91e925d399d5@group-57B7B0044015-FollowerState: change to CANDIDATE, lastRpcTime:5031ms, electionTimeout:5031ms
2019-10-17 18:05:46,293 [Thread-2335] INFO  impl.RoleInfo (RoleInfo.java:shutdownFollowerState(121)) - 81d9c424-50f5-4636-a584-91e925d399d5: shutdown FollowerState
2019-10-17 18:05:46,293 [Thread-2335] INFO  impl.RaftServerImpl (RaftServerImpl.java:setRole(170)) - 81d9c424-50f5-4636-a584-91e925d399d5@group-57B7B0044015: changes role from  FOLLOWER to CANDIDATE at term 0 for changeToCandidate
2019-10-17 18:05:46,293 [Thread-2335] INFO  impl.RoleInfo (RoleInfo.java:updateAndGet(143)) - 81d9c424-50f5-4636-a584-91e925d399d5: start LeaderElection
2019-10-17 18:05:46,300 [e6a8ef7d-ad35-400e-be5d-a9fbfa4da82d@group-47ACF90AA476-LeaderElection86] INFO  impl.LeaderElection (LeaderElection.java:askForVotes(178)) - e6a8ef7d-ad35-400e-be5d-a9fbfa4da82d@group-47ACF90AA476-LeaderElection86: begin an election at term 1 for -1: [e6a8ef7d-ad35-400e-be5d-a9fbfa4da82d:192.168.34.17:35052], old=null
2019-10-17 18:05:46,300 [e6a8ef7d-ad35-400e-be5d-a9fbfa4da82d@group-47ACF90AA476-LeaderElection86] INFO  impl.RoleInfo (RoleInfo.java:shutdownLeaderElection(134)) - e6a8ef7d-ad35-400e-be5d-a9fbfa4da82d: shutdown LeaderElection
2019-10-17 18:05:46,300 [e6a8ef7d-ad35-400e-be5d-a9fbfa4da82d@group-47ACF90AA476-LeaderElection86] INFO  impl.RaftServerImpl (RaftServerImpl.java:setRole(170)) - e6a8ef7d-ad35-400e-be5d-a9fbfa4da82d@group-47ACF90AA476: changes role from CANDIDATE to LEADER at term 1 for changeToLeader
2019-10-17 18:05:46,300 [e6a8ef7d-ad35-400e-be5d-a9fbfa4da82d@group-47ACF90AA476-LeaderElection86] INFO  impl.RaftServerImpl (ServerState.java:setLeader(255)) - e6a8ef7d-ad35-400e-be5d-a9fbfa4da82d@group-47ACF90AA476: change Leader from null to e6a8ef7d-ad35-400e-be5d-a9fbfa4da82d at term 1 for becomeLeader, leader elected after 5123ms
2019-10-17 18:05:46,300 [e6a8ef7d-ad35-400e-be5d-a9fbfa4da82d@group-47ACF90AA476-LeaderElection86] INFO  server.RaftServerConfigKeys (ConfUtils.java:logGet(43)) - raft.server.staging.catchup.gap = 1000 (default)
2019-10-17 18:05:46,301 [e6a8ef7d-ad35-400e-be5d-a9fbfa4da82d@group-47ACF90AA476-LeaderElection86] INFO  server.RaftServerConfigKeys (ConfUtils.java:logGet(43)) - raft.server.rpc.sleep.time = 25ms (default)
2019-10-17 18:05:46,301 [e6a8ef7d-ad35-400e-be5d-a9fbfa4da82d@group-47ACF90AA476-LeaderElection86] INFO  server.RaftServerConfigKeys (ConfUtils.java:logGet(43)) - raft.server.write.element-limit = 4096 (default)
2019-10-17 18:05:46,301 [e6a8ef7d-ad35-400e-be5d-a9fbfa4da82d@group-47ACF90AA476-LeaderElection86] INFO  server.RaftServerConfigKeys (ConfUtils.java:logGet(43)) - raft.server.watch.timeout = 10s (default)
2019-10-17 18:05:46,301 [e6a8ef7d-ad35-400e-be5d-a9fbfa4da82d@group-47ACF90AA476-LeaderElection86] INFO  server.RaftServerConfigKeys (ConfUtils.java:logGet(43)) - raft.server.watch.timeout.denomination = 1s (default)
2019-10-17 18:05:46,301 [e6a8ef7d-ad35-400e-be5d-a9fbfa4da82d@group-47ACF90AA476-LeaderElection86] INFO  server.RaftServerConfigKeys (ConfUtils.java:logGet(43)) - raft.server.watch.element-limit = 65536 (default)
2019-10-17 18:05:46,304 [e6a8ef7d-ad35-400e-be5d-a9fbfa4da82d@group-47ACF90AA476-LeaderElection86] INFO  impl.RoleInfo (RoleInfo.java:updateAndGet(143)) - e6a8ef7d-ad35-400e-be5d-a9fbfa4da82d: start LeaderState
2019-10-17 18:05:46,304 [e6a8ef7d-ad35-400e-be5d-a9fbfa4da82d@group-47ACF90AA476-LeaderElection86] INFO  segmented.SegmentedRaftLogWorker (SegmentedRaftLogWorker.java:startLogSegment(385)) - e6a8ef7d-ad35-400e-be5d-a9fbfa4da82d@group-47ACF90AA476-SegmentedRaftLogWorker: Starting segment from index:0
2019-10-17 18:05:46,305 [e6a8ef7d-ad35-400e-be5d-a9fbfa4da82d@group-47ACF90AA476-LeaderElection86] INFO  impl.RaftServerImpl (ServerState.java:setRaftConf(356)) - e6a8ef7d-ad35-400e-be5d-a9fbfa4da82d@group-47ACF90AA476: set configuration 0: [e6a8ef7d-ad35-400e-be5d-a9fbfa4da82d:192.168.34.17:35052], old=null at 0
2019-10-17 18:05:46,327 [81d9c424-50f5-4636-a584-91e925d399d5@group-57B7B0044015-LeaderElection87] INFO  impl.LeaderElection (LeaderElection.java:askForVotes(178)) - 81d9c424-50f5-4636-a584-91e925d399d5@group-57B7B0044015-LeaderElection87: begin an election at term 1 for -1: [81d9c424-50f5-4636-a584-91e925d399d5:192.168.34.17:41921], old=null
2019-10-17 18:05:46,327 [81d9c424-50f5-4636-a584-91e925d399d5@group-57B7B0044015-LeaderElection87] INFO  impl.RoleInfo (RoleInfo.java:shutdownLeaderElection(134)) - 81d9c424-50f5-4636-a584-91e925d399d5: shutdown LeaderElection
2019-10-17 18:05:46,327 [81d9c424-50f5-4636-a584-91e925d399d5@group-57B7B0044015-LeaderElection87] INFO  impl.RaftServerImpl (RaftServerImpl.java:setRole(170)) - 81d9c424-50f5-4636-a584-91e925d399d5@group-57B7B0044015: changes role from CANDIDATE to LEADER at term 1 for changeToLeader
2019-10-17 18:05:46,327 [81d9c424-50f5-4636-a584-91e925d399d5@group-57B7B0044015-LeaderElection87] INFO  impl.RaftServerImpl (ServerState.java:setLeader(255)) - 81d9c424-50f5-4636-a584-91e925d399d5@group-57B7B0044015: change Leader from null to 81d9c424-50f5-4636-a584-91e925d399d5 at term 1 for becomeLeader, leader elected after 5072ms
2019-10-17 18:05:46,327 [81d9c424-50f5-4636-a584-91e925d399d5@group-57B7B0044015-LeaderElection87] INFO  server.RaftServerConfigKeys (ConfUtils.java:logGet(43)) - raft.server.staging.catchup.gap = 1000 (default)
2019-10-17 18:05:46,327 [81d9c424-50f5-4636-a584-91e925d399d5@group-57B7B0044015-LeaderElection87] INFO  server.RaftServerConfigKeys (ConfUtils.java:logGet(43)) - raft.server.rpc.sleep.time = 25ms (default)
2019-10-17 18:05:46,327 [81d9c424-50f5-4636-a584-91e925d399d5@group-57B7B0044015-LeaderElection87] INFO  server.RaftServerConfigKeys (ConfUtils.java:logGet(43)) - raft.server.write.element-limit = 4096 (default)
2019-10-17 18:05:46,328 [81d9c424-50f5-4636-a584-91e925d399d5@group-57B7B0044015-LeaderElection87] INFO  server.RaftServerConfigKeys (ConfUtils.java:logGet(43)) - raft.server.watch.timeout = 10s (default)
2019-10-17 18:05:46,328 [81d9c424-50f5-4636-a584-91e925d399d5@group-57B7B0044015-LeaderElection87] INFO  server.RaftServerConfigKeys (ConfUtils.java:logGet(43)) - raft.server.watch.timeout.denomination = 1s (default)
2019-10-17 18:05:46,328 [81d9c424-50f5-4636-a584-91e925d399d5@group-57B7B0044015-LeaderElection87] INFO  server.RaftServerConfigKeys (ConfUtils.java:logGet(43)) - raft.server.watch.element-limit = 65536 (default)
2019-10-17 18:05:46,329 [81d9c424-50f5-4636-a584-91e925d399d5@group-57B7B0044015-LeaderElection87] INFO  impl.RoleInfo (RoleInfo.java:updateAndGet(143)) - 81d9c424-50f5-4636-a584-91e925d399d5: start LeaderState
2019-10-17 18:05:46,329 [81d9c424-50f5-4636-a584-91e925d399d5@group-57B7B0044015-LeaderElection87] INFO  segmented.SegmentedRaftLogWorker (SegmentedRaftLogWorker.java:startLogSegment(385)) - 81d9c424-50f5-4636-a584-91e925d399d5@group-57B7B0044015-SegmentedRaftLogWorker: Starting segment from index:0
2019-10-17 18:05:46,330 [81d9c424-50f5-4636-a584-91e925d399d5@group-57B7B0044015-LeaderElection87] INFO  impl.RaftServerImpl (ServerState.java:setRaftConf(356)) - 81d9c424-50f5-4636-a584-91e925d399d5@group-57B7B0044015: set configuration 0: [81d9c424-50f5-4636-a584-91e925d399d5:192.168.34.17:41921], old=null at 0
2019-10-17 18:05:46,369 [e6a8ef7d-ad35-400e-be5d-a9fbfa4da82d@group-47ACF90AA476-SegmentedRaftLogWorker] INFO  segmented.SegmentedRaftLogWorker (SegmentedRaftLogWorker.java:execute(574)) - e6a8ef7d-ad35-400e-be5d-a9fbfa4da82d@group-47ACF90AA476-SegmentedRaftLogWorker: created new log segment /workdir/hadoop-ozone/integration-test/target/test-dir/MiniOzoneClusterImpl-e666d1ac-6527-4543-88b6-0d02e23d4ccf/datanode-0/data/ratis/42f59d11-f5af-4b6a-9d22-47acf90aa476/current/log_inprogress_0
2019-10-17 18:05:46,394 [81d9c424-50f5-4636-a584-91e925d399d5@group-57B7B0044015-SegmentedRaftLogWorker] INFO  segmented.SegmentedRaftLogWorker (SegmentedRaftLogWorker.java:execute(574)) - 81d9c424-50f5-4636-a584-91e925d399d5@group-57B7B0044015-SegmentedRaftLogWorker: created new log segment /workdir/hadoop-ozone/integration-test/target/test-dir/MiniOzoneClusterImpl-e666d1ac-6527-4543-88b6-0d02e23d4ccf/datanode-1/data/ratis/f98b51e1-7d1f-406c-beac-57b7b0044015/current/log_inprogress_0
2019-10-17 18:05:46,457 [Thread-2338] INFO  impl.FollowerState (FollowerState.java:run(108)) - b051e227-2375-447f-b0e9-7745e2cf082f@group-DBBF14DCE228-FollowerState: change to CANDIDATE, lastRpcTime:5106ms, electionTimeout:5106ms
2019-10-17 18:05:46,457 [Thread-2338] INFO  impl.RoleInfo (RoleInfo.java:shutdownFollowerState(121)) - b051e227-2375-447f-b0e9-7745e2cf082f: shutdown FollowerState
2019-10-17 18:05:46,457 [Thread-2338] INFO  impl.RaftServerImpl (RaftServerImpl.java:setRole(170)) - b051e227-2375-447f-b0e9-7745e2cf082f@group-DBBF14DCE228: changes role from  FOLLOWER to CANDIDATE at term 0 for changeToCandidate
2019-10-17 18:05:46,457 [Thread-2338] INFO  impl.RoleInfo (RoleInfo.java:updateAndGet(143)) - b051e227-2375-447f-b0e9-7745e2cf082f: start LeaderElection
2019-10-17 18:05:46,486 [b051e227-2375-447f-b0e9-7745e2cf082f@group-DBBF14DCE228-LeaderElection88] INFO  impl.LeaderElection (LeaderElection.java:askForVotes(178)) - b051e227-2375-447f-b0e9-7745e2cf082f@group-DBBF14DCE228-LeaderElection88: begin an election at term 1 for -1: [b051e227-2375-447f-b0e9-7745e2cf082f:192.168.34.17:37724], old=null
2019-10-17 18:05:46,486 [b051e227-2375-447f-b0e9-7745e2cf082f@group-DBBF14DCE228-LeaderElection88] INFO  impl.RoleInfo (RoleInfo.java:shutdownLeaderElection(134)) - b051e227-2375-447f-b0e9-7745e2cf082f: shutdown LeaderElection
2019-10-17 18:05:46,487 [b051e227-2375-447f-b0e9-7745e2cf082f@group-DBBF14DCE228-LeaderElection88] INFO  impl.RaftServerImpl (RaftServerImpl.java:setRole(170)) - b051e227-2375-447f-b0e9-7745e2cf082f@group-DBBF14DCE228: changes role from CANDIDATE to LEADER at term 1 for changeToLeader
2019-10-17 18:05:46,487 [b051e227-2375-447f-b0e9-7745e2cf082f@group-DBBF14DCE228-LeaderElection88] INFO  impl.RaftServerImpl (ServerState.java:setLeader(255)) - b051e227-2375-447f-b0e9-7745e2cf082f@group-DBBF14DCE228: change Leader from null to b051e227-2375-447f-b0e9-7745e2cf082f at term 1 for becomeLeader, leader elected after 5143ms
2019-10-17 18:05:46,487 [b051e227-2375-447f-b0e9-7745e2cf082f@group-DBBF14DCE228-LeaderElection88] INFO  server.RaftServerConfigKeys (ConfUtils.java:logGet(43)) - raft.server.staging.catchup.gap = 1000 (default)
2019-10-17 18:05:46,487 [b051e227-2375-447f-b0e9-7745e2cf082f@group-DBBF14DCE228-LeaderElection88] INFO  server.RaftServerConfigKeys (ConfUtils.java:logGet(43)) - raft.server.rpc.sleep.time = 25ms (default)
2019-10-17 18:05:46,487 [b051e227-2375-447f-b0e9-7745e2cf082f@group-DBBF14DCE228-LeaderElection88] INFO  server.RaftServerConfigKeys (ConfUtils.java:logGet(43)) - raft.server.write.element-limit = 4096 (default)
2019-10-17 18:05:46,487 [b051e227-2375-447f-b0e9-7745e2cf082f@group-DBBF14DCE228-LeaderElection88] INFO  server.RaftServerConfigKeys (ConfUtils.java:logGet(43)) - raft.server.watch.timeout = 10s (default)
2019-10-17 18:05:46,487 [b051e227-2375-447f-b0e9-7745e2cf082f@group-DBBF14DCE228-LeaderElection88] INFO  server.RaftServerConfigKeys (ConfUtils.java:logGet(43)) - raft.server.watch.timeout.denomination = 1s (default)
2019-10-17 18:05:46,488 [b051e227-2375-447f-b0e9-7745e2cf082f@group-DBBF14DCE228-LeaderElection88] INFO  server.RaftServerConfigKeys (ConfUtils.java:logGet(43)) - raft.server.watch.element-limit = 65536 (default)
2019-10-17 18:05:46,489 [b051e227-2375-447f-b0e9-7745e2cf082f@group-DBBF14DCE228-LeaderElection88] INFO  impl.RoleInfo (RoleInfo.java:updateAndGet(143)) - b051e227-2375-447f-b0e9-7745e2cf082f: start LeaderState
2019-10-17 18:05:46,490 [b051e227-2375-447f-b0e9-7745e2cf082f@group-DBBF14DCE228-LeaderElection88] INFO  segmented.SegmentedRaftLogWorker (SegmentedRaftLogWorker.java:startLogSegment(385)) - b051e227-2375-447f-b0e9-7745e2cf082f@group-DBBF14DCE228-SegmentedRaftLogWorker: Starting segment from index:0
2019-10-17 18:05:46,490 [b051e227-2375-447f-b0e9-7745e2cf082f@group-DBBF14DCE228-LeaderElection88] INFO  impl.RaftServerImpl (ServerState.java:setRaftConf(356)) - b051e227-2375-447f-b0e9-7745e2cf082f@group-DBBF14DCE228: set configuration 0: [b051e227-2375-447f-b0e9-7745e2cf082f:192.168.34.17:37724], old=null at 0
2019-10-17 18:05:46,494 [Thread-2345] INFO  impl.FollowerState (FollowerState.java:run(108)) - 81d9c424-50f5-4636-a584-91e925d399d5@group-93EDBBD93981-FollowerState: change to CANDIDATE, lastRpcTime:5028ms, electionTimeout:5028ms
2019-10-17 18:05:46,494 [Thread-2345] INFO  impl.RoleInfo (RoleInfo.java:shutdownFollowerState(121)) - 81d9c424-50f5-4636-a584-91e925d399d5: shutdown FollowerState
2019-10-17 18:05:46,494 [Thread-2345] INFO  impl.RaftServerImpl (RaftServerImpl.java:setRole(170)) - 81d9c424-50f5-4636-a584-91e925d399d5@group-93EDBBD93981: changes role from  FOLLOWER to CANDIDATE at term 0 for changeToCandidate
2019-10-17 18:05:46,494 [Thread-2345] INFO  impl.RoleInfo (RoleInfo.java:updateAndGet(143)) - 81d9c424-50f5-4636-a584-91e925d399d5: start LeaderElection
2019-10-17 18:05:46,546 [Thread-2341] INFO  impl.FollowerState (FollowerState.java:run(108)) - e6a8ef7d-ad35-400e-be5d-a9fbfa4da82d@group-93EDBBD93981-FollowerState: change to CANDIDATE, lastRpcTime:5085ms, electionTimeout:5085ms
2019-10-17 18:05:46,546 [Thread-2341] INFO  impl.RoleInfo (RoleInfo.java:shutdownFollowerState(121)) - e6a8ef7d-ad35-400e-be5d-a9fbfa4da82d: shutdown FollowerState
2019-10-17 18:05:46,546 [Thread-2341] INFO  impl.RaftServerImpl (RaftServerImpl.java:setRole(170)) - e6a8ef7d-ad35-400e-be5d-a9fbfa4da82d@group-93EDBBD93981: changes role from  FOLLOWER to CANDIDATE at term 0 for changeToCandidate
2019-10-17 18:05:46,546 [Thread-2341] INFO  impl.RoleInfo (RoleInfo.java:updateAndGet(143)) - e6a8ef7d-ad35-400e-be5d-a9fbfa4da82d: start LeaderElection
2019-10-17 18:05:46,549 [Thread-2346] INFO  impl.FollowerState (FollowerState.java:run(108)) - b051e227-2375-447f-b0e9-7745e2cf082f@group-93EDBBD93981-FollowerState: change to CANDIDATE, lastRpcTime:5084ms, electionTimeout:5082ms
2019-10-17 18:05:46,549 [Thread-2346] INFO  impl.RoleInfo (RoleInfo.java:shutdownFollowerState(121)) - b051e227-2375-447f-b0e9-7745e2cf082f: shutdown FollowerState
2019-10-17 18:05:46,550 [Thread-2346] INFO  impl.RaftServerImpl (RaftServerImpl.java:setRole(170)) - b051e227-2375-447f-b0e9-7745e2cf082f@group-93EDBBD93981: changes role from  FOLLOWER to CANDIDATE at term 0 for changeToCandidate
2019-10-17 18:05:46,550 [Thread-2346] INFO  impl.RoleInfo (RoleInfo.java:updateAndGet(143)) - b051e227-2375-447f-b0e9-7745e2cf082f: start LeaderElection
2019-10-17 18:05:46,563 [b051e227-2375-447f-b0e9-7745e2cf082f@group-DBBF14DCE228-SegmentedRaftLogWorker] INFO  segmented.SegmentedRaftLogWorker (SegmentedRaftLogWorker.java:execute(574)) - b051e227-2375-447f-b0e9-7745e2cf082f@group-DBBF14DCE228-SegmentedRaftLogWorker: created new log segment /workdir/hadoop-ozone/integration-test/target/test-dir/MiniOzoneClusterImpl-e666d1ac-6527-4543-88b6-0d02e23d4ccf/datanode-2/data/ratis/a49b640b-d75e-4e6a-9cd7-dbbf14dce228/current/log_inprogress_0
2019-10-17 18:05:46,563 [81d9c424-50f5-4636-a584-91e925d399d5@group-93EDBBD93981-LeaderElection89] INFO  impl.LeaderElection (LeaderElection.java:askForVotes(178)) - 81d9c424-50f5-4636-a584-91e925d399d5@group-93EDBBD93981-LeaderElection89: begin an election at term 1 for -1: [81d9c424-50f5-4636-a584-91e925d399d5:192.168.34.17:41921, b051e227-2375-447f-b0e9-7745e2cf082f:192.168.34.17:37724, e6a8ef7d-ad35-400e-be5d-a9fbfa4da82d:192.168.34.17:35052], old=null
2019-10-17 18:05:46,580 [e6a8ef7d-ad35-400e-be5d-a9fbfa4da82d@group-93EDBBD93981-LeaderElection90] INFO  impl.LeaderElection (LeaderElection.java:askForVotes(178)) - e6a8ef7d-ad35-400e-be5d-a9fbfa4da82d@group-93EDBBD93981-LeaderElection90: begin an election at term 1 for -1: [81d9c424-50f5-4636-a584-91e925d399d5:192.168.34.17:41921, b051e227-2375-447f-b0e9-7745e2cf082f:192.168.34.17:37724, e6a8ef7d-ad35-400e-be5d-a9fbfa4da82d:192.168.34.17:35052], old=null
2019-10-17 18:05:46,580 [b051e227-2375-447f-b0e9-7745e2cf082f@group-93EDBBD93981-LeaderElection91] INFO  impl.LeaderElection (LeaderElection.java:askForVotes(178)) - b051e227-2375-447f-b0e9-7745e2cf082f@group-93EDBBD93981-LeaderElection91: begin an election at term 1 for -1: [81d9c424-50f5-4636-a584-91e925d399d5:192.168.34.17:41921, b051e227-2375-447f-b0e9-7745e2cf082f:192.168.34.17:37724, e6a8ef7d-ad35-400e-be5d-a9fbfa4da82d:192.168.34.17:35052], old=null
2019-10-17 18:05:46,581 [81d9c424-50f5-4636-a584-91e925d399d5@group-93EDBBD93981-LeaderElection89] INFO  impl.LeaderElection (LeaderElection.java:logAndReturn(56)) - 81d9c424-50f5-4636-a584-91e925d399d5@group-93EDBBD93981-LeaderElection89: Election REJECTED; received 2 response(s) [81d9c424-50f5-4636-a584-91e925d399d5<-b051e227-2375-447f-b0e9-7745e2cf082f#0:FAIL-t1, 81d9c424-50f5-4636-a584-91e925d399d5<-e6a8ef7d-ad35-400e-be5d-a9fbfa4da82d#0:FAIL-t1] and 0 exception(s); 81d9c424-50f5-4636-a584-91e925d399d5@group-93EDBBD93981:t1, leader=null, voted=81d9c424-50f5-4636-a584-91e925d399d5, raftlog=81d9c424-50f5-4636-a584-91e925d399d5@group-93EDBBD93981-SegmentedRaftLog:OPENED:c-1,f-1,i0, conf=-1: [81d9c424-50f5-4636-a584-91e925d399d5:192.168.34.17:41921, b051e227-2375-447f-b0e9-7745e2cf082f:192.168.34.17:37724, e6a8ef7d-ad35-400e-be5d-a9fbfa4da82d:192.168.34.17:35052], old=null
2019-10-17 18:05:46,582 [81d9c424-50f5-4636-a584-91e925d399d5@group-93EDBBD93981-LeaderElection89] INFO  impl.RaftServerImpl (RaftServerImpl.java:setRole(170)) - 81d9c424-50f5-4636-a584-91e925d399d5@group-93EDBBD93981: changes role from CANDIDATE to FOLLOWER at term 1 for DISCOVERED_A_NEW_TERM
2019-10-17 18:05:46,582 [81d9c424-50f5-4636-a584-91e925d399d5@group-93EDBBD93981-LeaderElection89] INFO  impl.RoleInfo (RoleInfo.java:shutdownLeaderElection(134)) - 81d9c424-50f5-4636-a584-91e925d399d5: shutdown LeaderElection
2019-10-17 18:05:46,582 [81d9c424-50f5-4636-a584-91e925d399d5@group-93EDBBD93981-LeaderElection89] INFO  impl.RoleInfo (RoleInfo.java:updateAndGet(143)) - 81d9c424-50f5-4636-a584-91e925d399d5: start FollowerState
2019-10-17 18:05:46,585 [e6a8ef7d-ad35-400e-be5d-a9fbfa4da82d@group-93EDBBD93981-LeaderElection90] INFO  impl.LeaderElection (LeaderElection.java:logAndReturn(56)) - e6a8ef7d-ad35-400e-be5d-a9fbfa4da82d@group-93EDBBD93981-LeaderElection90: Election REJECTED; received 2 response(s) [e6a8ef7d-ad35-400e-be5d-a9fbfa4da82d<-81d9c424-50f5-4636-a584-91e925d399d5#0:FAIL-t1, e6a8ef7d-ad35-400e-be5d-a9fbfa4da82d<-b051e227-2375-447f-b0e9-7745e2cf082f#0:FAIL-t1] and 0 exception(s); e6a8ef7d-ad35-400e-be5d-a9fbfa4da82d@group-93EDBBD93981:t1, leader=null, voted=e6a8ef7d-ad35-400e-be5d-a9fbfa4da82d, raftlog=e6a8ef7d-ad35-400e-be5d-a9fbfa4da82d@group-93EDBBD93981-SegmentedRaftLog:OPENED:c-1,f-1,i0, conf=-1: [81d9c424-50f5-4636-a584-91e925d399d5:192.168.34.17:41921, b051e227-2375-447f-b0e9-7745e2cf082f:192.168.34.17:37724, e6a8ef7d-ad35-400e-be5d-a9fbfa4da82d:192.168.34.17:35052], old=null
2019-10-17 18:05:46,585 [e6a8ef7d-ad35-400e-be5d-a9fbfa4da82d@group-93EDBBD93981-LeaderElection90] INFO  impl.RaftServerImpl (RaftServerImpl.java:setRole(170)) - e6a8ef7d-ad35-400e-be5d-a9fbfa4da82d@group-93EDBBD93981: changes role from CANDIDATE to FOLLOWER at term 1 for DISCOVERED_A_NEW_TERM
2019-10-17 18:05:46,585 [e6a8ef7d-ad35-400e-be5d-a9fbfa4da82d@group-93EDBBD93981-LeaderElection90] INFO  impl.RoleInfo (RoleInfo.java:shutdownLeaderElection(134)) - e6a8ef7d-ad35-400e-be5d-a9fbfa4da82d: shutdown LeaderElection
2019-10-17 18:05:46,585 [e6a8ef7d-ad35-400e-be5d-a9fbfa4da82d@group-93EDBBD93981-LeaderElection90] INFO  impl.RoleInfo (RoleInfo.java:updateAndGet(143)) - e6a8ef7d-ad35-400e-be5d-a9fbfa4da82d: start FollowerState
2019-10-17 18:05:46,585 [b051e227-2375-447f-b0e9-7745e2cf082f@group-93EDBBD93981-LeaderElection91] INFO  impl.LeaderElection (LeaderElection.java:logAndReturn(56)) - b051e227-2375-447f-b0e9-7745e2cf082f@group-93EDBBD93981-LeaderElection91: Election REJECTED; received 2 response(s) [b051e227-2375-447f-b0e9-7745e2cf082f<-81d9c424-50f5-4636-a584-91e925d399d5#0:FAIL-t1, b051e227-2375-447f-b0e9-7745e2cf082f<-e6a8ef7d-ad35-400e-be5d-a9fbfa4da82d#0:FAIL-t1] and 0 exception(s); b051e227-2375-447f-b0e9-7745e2cf082f@group-93EDBBD93981:t1, leader=null, voted=b051e227-2375-447f-b0e9-7745e2cf082f, raftlog=b051e227-2375-447f-b0e9-7745e2cf082f@group-93EDBBD93981-SegmentedRaftLog:OPENED:c-1,f-1,i0, conf=-1: [81d9c424-50f5-4636-a584-91e925d399d5:192.168.34.17:41921, b051e227-2375-447f-b0e9-7745e2cf082f:192.168.34.17:37724, e6a8ef7d-ad35-400e-be5d-a9fbfa4da82d:192.168.34.17:35052], old=null
2019-10-17 18:05:46,585 [b051e227-2375-447f-b0e9-7745e2cf082f@group-93EDBBD93981-LeaderElection91] INFO  impl.RaftServerImpl (RaftServerImpl.java:setRole(170)) - b051e227-2375-447f-b0e9-7745e2cf082f@group-93EDBBD93981: changes role from CANDIDATE to FOLLOWER at term 1 for DISCOVERED_A_NEW_TERM
2019-10-17 18:05:46,586 [b051e227-2375-447f-b0e9-7745e2cf082f@group-93EDBBD93981-LeaderElection91] INFO  impl.RoleInfo (RoleInfo.java:shutdownLeaderElection(134)) - b051e227-2375-447f-b0e9-7745e2cf082f: shutdown LeaderElection
2019-10-17 18:05:46,586 [b051e227-2375-447f-b0e9-7745e2cf082f@group-93EDBBD93981-LeaderElection91] INFO  impl.RoleInfo (RoleInfo.java:updateAndGet(143)) - b051e227-2375-447f-b0e9-7745e2cf082f: start FollowerState
2019-10-17 18:05:46,705 [Thread-2353] INFO  impl.FollowerState (FollowerState.java:run(108)) - c6bff427-3039-4769-8bba-9ff821083636@group-35BF9D81CF6C-FollowerState: change to CANDIDATE, lastRpcTime:5004ms, electionTimeout:5004ms
2019-10-17 18:05:46,705 [Thread-2353] INFO  impl.RoleInfo (RoleInfo.java:shutdownFollowerState(121)) - c6bff427-3039-4769-8bba-9ff821083636: shutdown FollowerState
2019-10-17 18:05:46,705 [Thread-2353] INFO  impl.RaftServerImpl (RaftServerImpl.java:setRole(170)) - c6bff427-3039-4769-8bba-9ff821083636@group-35BF9D81CF6C: changes role from  FOLLOWER to CANDIDATE at term 0 for changeToCandidate
2019-10-17 18:05:46,705 [Thread-2353] INFO  impl.RoleInfo (RoleInfo.java:updateAndGet(143)) - c6bff427-3039-4769-8bba-9ff821083636: start LeaderElection
2019-10-17 18:05:46,719 [Thread-2350] INFO  impl.FollowerState (FollowerState.java:run(108)) - c0a925e6-7889-4d83-9ab1-1e3fc011b8ea@group-B506DBD4747A-FollowerState: change to CANDIDATE, lastRpcTime:5103ms, electionTimeout:5103ms
2019-10-17 18:05:46,719 [Thread-2350] INFO  impl.RoleInfo (RoleInfo.java:shutdownFollowerState(121)) - c0a925e6-7889-4d83-9ab1-1e3fc011b8ea: shutdown FollowerState
2019-10-17 18:05:46,719 [Thread-2350] INFO  impl.RaftServerImpl (RaftServerImpl.java:setRole(170)) - c0a925e6-7889-4d83-9ab1-1e3fc011b8ea@group-B506DBD4747A: changes role from  FOLLOWER to CANDIDATE at term 0 for changeToCandidate
2019-10-17 18:05:46,719 [Thread-2350] INFO  impl.RoleInfo (RoleInfo.java:updateAndGet(143)) - c0a925e6-7889-4d83-9ab1-1e3fc011b8ea: start LeaderElection
2019-10-17 18:05:46,748 [c6bff427-3039-4769-8bba-9ff821083636@group-35BF9D81CF6C-LeaderElection92] INFO  impl.LeaderElection (LeaderElection.java:askForVotes(178)) - c6bff427-3039-4769-8bba-9ff821083636@group-35BF9D81CF6C-LeaderElection92: begin an election at term 1 for -1: [c6bff427-3039-4769-8bba-9ff821083636:192.168.34.17:40570], old=null
2019-10-17 18:05:46,748 [c6bff427-3039-4769-8bba-9ff821083636@group-35BF9D81CF6C-LeaderElection92] INFO  impl.RoleInfo (RoleInfo.java:shutdownLeaderElection(134)) - c6bff427-3039-4769-8bba-9ff821083636: shutdown LeaderElection
2019-10-17 18:05:46,748 [c6bff427-3039-4769-8bba-9ff821083636@group-35BF9D81CF6C-LeaderElection92] INFO  impl.RaftServerImpl (RaftServerImpl.java:setRole(170)) - c6bff427-3039-4769-8bba-9ff821083636@group-35BF9D81CF6C: changes role from CANDIDATE to LEADER at term 1 for changeToLeader
2019-10-17 18:05:46,748 [c6bff427-3039-4769-8bba-9ff821083636@group-35BF9D81CF6C-LeaderElection92] INFO  impl.RaftServerImpl (ServerState.java:setLeader(255)) - c6bff427-3039-4769-8bba-9ff821083636@group-35BF9D81CF6C: change Leader from null to c6bff427-3039-4769-8bba-9ff821083636 at term 1 for becomeLeader, leader elected after 5051ms
2019-10-17 18:05:46,748 [c6bff427-3039-4769-8bba-9ff821083636@group-35BF9D81CF6C-LeaderElection92] INFO  server.RaftServerConfigKeys (ConfUtils.java:logGet(43)) - raft.server.staging.catchup.gap = 1000 (default)
2019-10-17 18:05:46,748 [c6bff427-3039-4769-8bba-9ff821083636@group-35BF9D81CF6C-LeaderElection92] INFO  server.RaftServerConfigKeys (ConfUtils.java:logGet(43)) - raft.server.rpc.sleep.time = 25ms (default)
2019-10-17 18:05:46,748 [c6bff427-3039-4769-8bba-9ff821083636@group-35BF9D81CF6C-LeaderElection92] INFO  server.RaftServerConfigKeys (ConfUtils.java:logGet(43)) - raft.server.write.element-limit = 4096 (default)
2019-10-17 18:05:46,748 [c6bff427-3039-4769-8bba-9ff821083636@group-35BF9D81CF6C-LeaderElection92] INFO  server.RaftServerConfigKeys (ConfUtils.java:logGet(43)) - raft.server.watch.timeout = 10s (default)
2019-10-17 18:05:46,748 [c6bff427-3039-4769-8bba-9ff821083636@group-35BF9D81CF6C-LeaderElection92] INFO  server.RaftServerConfigKeys (ConfUtils.java:logGet(43)) - raft.server.watch.timeout.denomination = 1s (default)
2019-10-17 18:05:46,749 [c6bff427-3039-4769-8bba-9ff821083636@group-35BF9D81CF6C-LeaderElection92] INFO  server.RaftServerConfigKeys (ConfUtils.java:logGet(43)) - raft.server.watch.element-limit = 65536 (default)
2019-10-17 18:05:46,750 [c6bff427-3039-4769-8bba-9ff821083636@group-35BF9D81CF6C-LeaderElection92] INFO  impl.RoleInfo (RoleInfo.java:updateAndGet(143)) - c6bff427-3039-4769-8bba-9ff821083636: start LeaderState
2019-10-17 18:05:46,750 [c6bff427-3039-4769-8bba-9ff821083636@group-35BF9D81CF6C-LeaderElection92] INFO  segmented.SegmentedRaftLogWorker (SegmentedRaftLogWorker.java:startLogSegment(385)) - c6bff427-3039-4769-8bba-9ff821083636@group-35BF9D81CF6C-SegmentedRaftLogWorker: Starting segment from index:0
2019-10-17 18:05:46,750 [c6bff427-3039-4769-8bba-9ff821083636@group-35BF9D81CF6C-LeaderElection92] INFO  impl.RaftServerImpl (ServerState.java:setRaftConf(356)) - c6bff427-3039-4769-8bba-9ff821083636@group-35BF9D81CF6C: set configuration 0: [c6bff427-3039-4769-8bba-9ff821083636:192.168.34.17:40570], old=null at 0
2019-10-17 18:05:46,756 [c0a925e6-7889-4d83-9ab1-1e3fc011b8ea@group-B506DBD4747A-LeaderElection93] INFO  impl.LeaderElection (LeaderElection.java:askForVotes(178)) - c0a925e6-7889-4d83-9ab1-1e3fc011b8ea@group-B506DBD4747A-LeaderElection93: begin an election at term 1 for -1: [c0a925e6-7889-4d83-9ab1-1e3fc011b8ea:192.168.34.17:43694], old=null
2019-10-17 18:05:46,756 [c0a925e6-7889-4d83-9ab1-1e3fc011b8ea@group-B506DBD4747A-LeaderElection93] INFO  impl.RoleInfo (RoleInfo.java:shutdownLeaderElection(134)) - c0a925e6-7889-4d83-9ab1-1e3fc011b8ea: shutdown LeaderElection
2019-10-17 18:05:46,756 [c0a925e6-7889-4d83-9ab1-1e3fc011b8ea@group-B506DBD4747A-LeaderElection93] INFO  impl.RaftServerImpl (RaftServerImpl.java:setRole(170)) - c0a925e6-7889-4d83-9ab1-1e3fc011b8ea@group-B506DBD4747A: changes role from CANDIDATE to LEADER at term 1 for changeToLeader
2019-10-17 18:05:46,756 [c0a925e6-7889-4d83-9ab1-1e3fc011b8ea@group-B506DBD4747A-LeaderElection93] INFO  impl.RaftServerImpl (ServerState.java:setLeader(255)) - c0a925e6-7889-4d83-9ab1-1e3fc011b8ea@group-B506DBD4747A: change Leader from null to c0a925e6-7889-4d83-9ab1-1e3fc011b8ea at term 1 for becomeLeader, leader elected after 5147ms
2019-10-17 18:05:46,757 [c0a925e6-7889-4d83-9ab1-1e3fc011b8ea@group-B506DBD4747A-LeaderElection93] INFO  server.RaftServerConfigKeys (ConfUtils.java:logGet(43)) - raft.server.staging.catchup.gap = 1000 (default)
2019-10-17 18:05:46,757 [c0a925e6-7889-4d83-9ab1-1e3fc011b8ea@group-B506DBD4747A-LeaderElection93] INFO  server.RaftServerConfigKeys (ConfUtils.java:logGet(43)) - raft.server.rpc.sleep.time = 25ms (default)
2019-10-17 18:05:46,757 [c0a925e6-7889-4d83-9ab1-1e3fc011b8ea@group-B506DBD4747A-LeaderElection93] INFO  server.RaftServerConfigKeys (ConfUtils.java:logGet(43)) - raft.server.write.element-limit = 4096 (default)
2019-10-17 18:05:46,757 [c0a925e6-7889-4d83-9ab1-1e3fc011b8ea@group-B506DBD4747A-LeaderElection93] INFO  server.RaftServerConfigKeys (ConfUtils.java:logGet(43)) - raft.server.watch.timeout = 10s (default)
2019-10-17 18:05:46,757 [c0a925e6-7889-4d83-9ab1-1e3fc011b8ea@group-B506DBD4747A-LeaderElection93] INFO  server.RaftServerConfigKeys (ConfUtils.java:logGet(43)) - raft.server.watch.timeout.denomination = 1s (default)
2019-10-17 18:05:46,757 [c0a925e6-7889-4d83-9ab1-1e3fc011b8ea@group-B506DBD4747A-LeaderElection93] INFO  server.RaftServerConfigKeys (ConfUtils.java:logGet(43)) - raft.server.watch.element-limit = 65536 (default)
2019-10-17 18:05:46,758 [c0a925e6-7889-4d83-9ab1-1e3fc011b8ea@group-B506DBD4747A-LeaderElection93] INFO  impl.RoleInfo (RoleInfo.java:updateAndGet(143)) - c0a925e6-7889-4d83-9ab1-1e3fc011b8ea: start LeaderState
2019-10-17 18:05:46,758 [c0a925e6-7889-4d83-9ab1-1e3fc011b8ea@group-B506DBD4747A-LeaderElection93] INFO  segmented.SegmentedRaftLogWorker (SegmentedRaftLogWorker.java:startLogSegment(385)) - c0a925e6-7889-4d83-9ab1-1e3fc011b8ea@group-B506DBD4747A-SegmentedRaftLogWorker: Starting segment from index:0
2019-10-17 18:05:46,759 [c0a925e6-7889-4d83-9ab1-1e3fc011b8ea@group-B506DBD4747A-LeaderElection93] INFO  impl.RaftServerImpl (ServerState.java:setRaftConf(356)) - c0a925e6-7889-4d83-9ab1-1e3fc011b8ea@group-B506DBD4747A: set configuration 0: [c0a925e6-7889-4d83-9ab1-1e3fc011b8ea:192.168.34.17:43694], old=null at 0
2019-10-17 18:05:46,807 [c6bff427-3039-4769-8bba-9ff821083636@group-35BF9D81CF6C-SegmentedRaftLogWorker] INFO  segmented.SegmentedRaftLogWorker (SegmentedRaftLogWorker.java:execute(574)) - c6bff427-3039-4769-8bba-9ff821083636@group-35BF9D81CF6C-SegmentedRaftLogWorker: created new log segment /workdir/hadoop-ozone/integration-test/target/test-dir/MiniOzoneClusterImpl-e666d1ac-6527-4543-88b6-0d02e23d4ccf/datanode-4/data/ratis/19c4f6e2-be6c-4127-8bf0-35bf9d81cf6c/current/log_inprogress_0
2019-10-17 18:05:46,807 [c0a925e6-7889-4d83-9ab1-1e3fc011b8ea@group-B506DBD4747A-SegmentedRaftLogWorker] INFO  segmented.SegmentedRaftLogWorker (SegmentedRaftLogWorker.java:execute(574)) - c0a925e6-7889-4d83-9ab1-1e3fc011b8ea@group-B506DBD4747A-SegmentedRaftLogWorker: created new log segment /workdir/hadoop-ozone/integration-test/target/test-dir/MiniOzoneClusterImpl-e666d1ac-6527-4543-88b6-0d02e23d4ccf/datanode-3/data/ratis/9f822741-7497-407b-9cd5-b506dbd4747a/current/log_inprogress_0
2019-10-17 18:05:46,891 [Thread-2356] INFO  impl.FollowerState (FollowerState.java:run(108)) - 88fb5ce4-ccb0-46c0-8709-d8d00698ffab@group-333F2DC7F3D3-FollowerState: change to CANDIDATE, lastRpcTime:5075ms, electionTimeout:5075ms
2019-10-17 18:05:46,891 [Thread-2356] INFO  impl.RoleInfo (RoleInfo.java:shutdownFollowerState(121)) - 88fb5ce4-ccb0-46c0-8709-d8d00698ffab: shutdown FollowerState
2019-10-17 18:05:46,891 [Thread-2356] INFO  impl.RaftServerImpl (RaftServerImpl.java:setRole(170)) - 88fb5ce4-ccb0-46c0-8709-d8d00698ffab@group-333F2DC7F3D3: changes role from  FOLLOWER to CANDIDATE at term 0 for changeToCandidate
2019-10-17 18:05:46,892 [Thread-2356] INFO  impl.RoleInfo (RoleInfo.java:updateAndGet(143)) - 88fb5ce4-ccb0-46c0-8709-d8d00698ffab: start LeaderElection
2019-10-17 18:05:46,924 [88fb5ce4-ccb0-46c0-8709-d8d00698ffab@group-333F2DC7F3D3-LeaderElection94] INFO  impl.LeaderElection (LeaderElection.java:askForVotes(178)) - 88fb5ce4-ccb0-46c0-8709-d8d00698ffab@group-333F2DC7F3D3-LeaderElection94: begin an election at term 1 for -1: [88fb5ce4-ccb0-46c0-8709-d8d00698ffab:192.168.34.17:33873], old=null
2019-10-17 18:05:46,925 [88fb5ce4-ccb0-46c0-8709-d8d00698ffab@group-333F2DC7F3D3-LeaderElection94] INFO  impl.RoleInfo (RoleInfo.java:shutdownLeaderElection(134)) - 88fb5ce4-ccb0-46c0-8709-d8d00698ffab: shutdown LeaderElection
2019-10-17 18:05:46,925 [88fb5ce4-ccb0-46c0-8709-d8d00698ffab@group-333F2DC7F3D3-LeaderElection94] INFO  impl.RaftServerImpl (RaftServerImpl.java:setRole(170)) - 88fb5ce4-ccb0-46c0-8709-d8d00698ffab@group-333F2DC7F3D3: changes role from CANDIDATE to LEADER at term 1 for changeToLeader
2019-10-17 18:05:46,925 [88fb5ce4-ccb0-46c0-8709-d8d00698ffab@group-333F2DC7F3D3-LeaderElection94] INFO  impl.RaftServerImpl (ServerState.java:setLeader(255)) - 88fb5ce4-ccb0-46c0-8709-d8d00698ffab@group-333F2DC7F3D3: change Leader from null to 88fb5ce4-ccb0-46c0-8709-d8d00698ffab at term 1 for becomeLeader, leader elected after 5116ms
2019-10-17 18:05:46,925 [88fb5ce4-ccb0-46c0-8709-d8d00698ffab@group-333F2DC7F3D3-LeaderElection94] INFO  server.RaftServerConfigKeys (ConfUtils.java:logGet(43)) - raft.server.staging.catchup.gap = 1000 (default)
2019-10-17 18:05:46,925 [88fb5ce4-ccb0-46c0-8709-d8d00698ffab@group-333F2DC7F3D3-LeaderElection94] INFO  server.RaftServerConfigKeys (ConfUtils.java:logGet(43)) - raft.server.rpc.sleep.time = 25ms (default)
2019-10-17 18:05:46,925 [88fb5ce4-ccb0-46c0-8709-d8d00698ffab@group-333F2DC7F3D3-LeaderElection94] INFO  server.RaftServerConfigKeys (ConfUtils.java:logGet(43)) - raft.server.write.element-limit = 4096 (default)
2019-10-17 18:05:46,925 [88fb5ce4-ccb0-46c0-8709-d8d00698ffab@group-333F2DC7F3D3-LeaderElection94] INFO  server.RaftServerConfigKeys (ConfUtils.java:logGet(43)) - raft.server.watch.timeout = 10s (default)
2019-10-17 18:05:46,925 [88fb5ce4-ccb0-46c0-8709-d8d00698ffab@group-333F2DC7F3D3-LeaderElection94] INFO  server.RaftServerConfigKeys (ConfUtils.java:logGet(43)) - raft.server.watch.timeout.denomination = 1s (default)
2019-10-17 18:05:46,926 [88fb5ce4-ccb0-46c0-8709-d8d00698ffab@group-333F2DC7F3D3-LeaderElection94] INFO  server.RaftServerConfigKeys (ConfUtils.java:logGet(43)) - raft.server.watch.element-limit = 65536 (default)
2019-10-17 18:05:46,927 [88fb5ce4-ccb0-46c0-8709-d8d00698ffab@group-333F2DC7F3D3-LeaderElection94] INFO  impl.RoleInfo (RoleInfo.java:updateAndGet(143)) - 88fb5ce4-ccb0-46c0-8709-d8d00698ffab: start LeaderState
2019-10-17 18:05:46,928 [88fb5ce4-ccb0-46c0-8709-d8d00698ffab@group-333F2DC7F3D3-LeaderElection94] INFO  segmented.SegmentedRaftLogWorker (SegmentedRaftLogWorker.java:startLogSegment(385)) - 88fb5ce4-ccb0-46c0-8709-d8d00698ffab@group-333F2DC7F3D3-SegmentedRaftLogWorker: Starting segment from index:0
2019-10-17 18:05:46,928 [88fb5ce4-ccb0-46c0-8709-d8d00698ffab@group-333F2DC7F3D3-LeaderElection94] INFO  impl.RaftServerImpl (ServerState.java:setRaftConf(356)) - 88fb5ce4-ccb0-46c0-8709-d8d00698ffab@group-333F2DC7F3D3: set configuration 0: [88fb5ce4-ccb0-46c0-8709-d8d00698ffab:192.168.34.17:33873], old=null at 0
2019-10-17 18:05:46,960 [Thread-2359] INFO  impl.FollowerState (FollowerState.java:run(108)) - a8f7500d-1a08-4f5d-adc7-6e51816edefd@group-0B6B9A62CB77-FollowerState: change to CANDIDATE, lastRpcTime:5028ms, electionTimeout:5028ms
2019-10-17 18:05:46,960 [Thread-2359] INFO  impl.RoleInfo (RoleInfo.java:shutdownFollowerState(121)) - a8f7500d-1a08-4f5d-adc7-6e51816edefd: shutdown FollowerState
2019-10-17 18:05:46,960 [Thread-2359] INFO  impl.RaftServerImpl (RaftServerImpl.java:setRole(170)) - a8f7500d-1a08-4f5d-adc7-6e51816edefd@group-0B6B9A62CB77: changes role from  FOLLOWER to CANDIDATE at term 0 for changeToCandidate
2019-10-17 18:05:46,960 [Thread-2359] INFO  impl.RoleInfo (RoleInfo.java:updateAndGet(143)) - a8f7500d-1a08-4f5d-adc7-6e51816edefd: start LeaderElection
2019-10-17 18:05:47,025 [88fb5ce4-ccb0-46c0-8709-d8d00698ffab@group-333F2DC7F3D3-SegmentedRaftLogWorker] INFO  segmented.SegmentedRaftLogWorker (SegmentedRaftLogWorker.java:execute(574)) - 88fb5ce4-ccb0-46c0-8709-d8d00698ffab@group-333F2DC7F3D3-SegmentedRaftLogWorker: created new log segment /workdir/hadoop-ozone/integration-test/target/test-dir/MiniOzoneClusterImpl-e666d1ac-6527-4543-88b6-0d02e23d4ccf/datanode-5/data/ratis/43c230f5-a72b-4b44-a422-333f2dc7f3d3/current/log_inprogress_0
2019-10-17 18:05:47,025 [a8f7500d-1a08-4f5d-adc7-6e51816edefd@group-0B6B9A62CB77-LeaderElection95] INFO  impl.LeaderElection (LeaderElection.java:askForVotes(178)) - a8f7500d-1a08-4f5d-adc7-6e51816edefd@group-0B6B9A62CB77-LeaderElection95: begin an election at term 1 for -1: [a8f7500d-1a08-4f5d-adc7-6e51816edefd:192.168.34.17:33836], old=null
2019-10-17 18:05:47,026 [a8f7500d-1a08-4f5d-adc7-6e51816edefd@group-0B6B9A62CB77-LeaderElection95] INFO  impl.RoleInfo (RoleInfo.java:shutdownLeaderElection(134)) - a8f7500d-1a08-4f5d-adc7-6e51816edefd: shutdown LeaderElection
2019-10-17 18:05:47,026 [a8f7500d-1a08-4f5d-adc7-6e51816edefd@group-0B6B9A62CB77-LeaderElection95] INFO  impl.RaftServerImpl (RaftServerImpl.java:setRole(170)) - a8f7500d-1a08-4f5d-adc7-6e51816edefd@group-0B6B9A62CB77: changes role from CANDIDATE to LEADER at term 1 for changeToLeader
2019-10-17 18:05:47,026 [a8f7500d-1a08-4f5d-adc7-6e51816edefd@group-0B6B9A62CB77-LeaderElection95] INFO  impl.RaftServerImpl (ServerState.java:setLeader(255)) - a8f7500d-1a08-4f5d-adc7-6e51816edefd@group-0B6B9A62CB77: change Leader from null to a8f7500d-1a08-4f5d-adc7-6e51816edefd at term 1 for becomeLeader, leader elected after 5103ms
2019-10-17 18:05:47,026 [a8f7500d-1a08-4f5d-adc7-6e51816edefd@group-0B6B9A62CB77-LeaderElection95] INFO  server.RaftServerConfigKeys (ConfUtils.java:logGet(43)) - raft.server.staging.catchup.gap = 1000 (default)
2019-10-17 18:05:47,026 [a8f7500d-1a08-4f5d-adc7-6e51816edefd@group-0B6B9A62CB77-LeaderElection95] INFO  server.RaftServerConfigKeys (ConfUtils.java:logGet(43)) - raft.server.rpc.sleep.time = 25ms (default)
2019-10-17 18:05:47,026 [a8f7500d-1a08-4f5d-adc7-6e51816edefd@group-0B6B9A62CB77-LeaderElection95] INFO  server.RaftServerConfigKeys (ConfUtils.java:logGet(43)) - raft.server.write.element-limit = 4096 (default)
2019-10-17 18:05:47,026 [a8f7500d-1a08-4f5d-adc7-6e51816edefd@group-0B6B9A62CB77-LeaderElection95] INFO  server.RaftServerConfigKeys (ConfUtils.java:logGet(43)) - raft.server.watch.timeout = 10s (default)
2019-10-17 18:05:47,027 [a8f7500d-1a08-4f5d-adc7-6e51816edefd@group-0B6B9A62CB77-LeaderElection95] INFO  server.RaftServerConfigKeys (ConfUtils.java:logGet(43)) - raft.server.watch.timeout.denomination = 1s (default)
2019-10-17 18:05:47,027 [a8f7500d-1a08-4f5d-adc7-6e51816edefd@group-0B6B9A62CB77-LeaderElection95] INFO  server.RaftServerConfigKeys (ConfUtils.java:logGet(43)) - raft.server.watch.element-limit = 65536 (default)
2019-10-17 18:05:47,028 [a8f7500d-1a08-4f5d-adc7-6e51816edefd@group-0B6B9A62CB77-LeaderElection95] INFO  impl.RoleInfo (RoleInfo.java:updateAndGet(143)) - a8f7500d-1a08-4f5d-adc7-6e51816edefd: start LeaderState
2019-10-17 18:05:47,029 [a8f7500d-1a08-4f5d-adc7-6e51816edefd@group-0B6B9A62CB77-LeaderElection95] INFO  segmented.SegmentedRaftLogWorker (SegmentedRaftLogWorker.java:startLogSegment(385)) - a8f7500d-1a08-4f5d-adc7-6e51816edefd@group-0B6B9A62CB77-SegmentedRaftLogWorker: Starting segment from index:0
2019-10-17 18:05:47,029 [a8f7500d-1a08-4f5d-adc7-6e51816edefd@group-0B6B9A62CB77-LeaderElection95] INFO  impl.RaftServerImpl (ServerState.java:setRaftConf(356)) - a8f7500d-1a08-4f5d-adc7-6e51816edefd@group-0B6B9A62CB77: set configuration 0: [a8f7500d-1a08-4f5d-adc7-6e51816edefd:192.168.34.17:33836], old=null at 0
2019-10-17 18:05:47,060 [Thread-2366] INFO  impl.FollowerState (FollowerState.java:run(108)) - c0a925e6-7889-4d83-9ab1-1e3fc011b8ea@group-9044B654C395-FollowerState: change to CANDIDATE, lastRpcTime:5019ms, electionTimeout:5019ms
2019-10-17 18:05:47,060 [Thread-2366] INFO  impl.RoleInfo (RoleInfo.java:shutdownFollowerState(121)) - c0a925e6-7889-4d83-9ab1-1e3fc011b8ea: shutdown FollowerState
2019-10-17 18:05:47,060 [Thread-2366] INFO  impl.RaftServerImpl (RaftServerImpl.java:setRole(170)) - c0a925e6-7889-4d83-9ab1-1e3fc011b8ea@group-9044B654C395: changes role from  FOLLOWER to CANDIDATE at term 0 for changeToCandidate
2019-10-17 18:05:47,060 [Thread-2366] INFO  impl.RoleInfo (RoleInfo.java:updateAndGet(143)) - c0a925e6-7889-4d83-9ab1-1e3fc011b8ea: start LeaderElection
2019-10-17 18:05:47,077 [Thread-2363] INFO  impl.FollowerState (FollowerState.java:run(108)) - c6bff427-3039-4769-8bba-9ff821083636@group-9044B654C395-FollowerState: change to CANDIDATE, lastRpcTime:5040ms, electionTimeout:5040ms
2019-10-17 18:05:47,077 [Thread-2363] INFO  impl.RoleInfo (RoleInfo.java:shutdownFollowerState(121)) - c6bff427-3039-4769-8bba-9ff821083636: shutdown FollowerState
2019-10-17 18:05:47,077 [Thread-2363] INFO  impl.RaftServerImpl (RaftServerImpl.java:setRole(170)) - c6bff427-3039-4769-8bba-9ff821083636@group-9044B654C395: changes role from  FOLLOWER to CANDIDATE at term 0 for changeToCandidate
2019-10-17 18:05:47,077 [Thread-2363] INFO  impl.RoleInfo (RoleInfo.java:updateAndGet(143)) - c6bff427-3039-4769-8bba-9ff821083636: start LeaderElection
2019-10-17 18:05:47,093 [a8f7500d-1a08-4f5d-adc7-6e51816edefd@group-0B6B9A62CB77-SegmentedRaftLogWorker] INFO  segmented.SegmentedRaftLogWorker (SegmentedRaftLogWorker.java:execute(574)) - a8f7500d-1a08-4f5d-adc7-6e51816edefd@group-0B6B9A62CB77-SegmentedRaftLogWorker: created new log segment /workdir/hadoop-ozone/integration-test/target/test-dir/MiniOzoneClusterImpl-e666d1ac-6527-4543-88b6-0d02e23d4ccf/datanode-6/data/ratis/a255fbff-ab9f-4d50-a3bc-0b6b9a62cb77/current/log_inprogress_0
2019-10-17 18:05:47,093 [c0a925e6-7889-4d83-9ab1-1e3fc011b8ea@group-9044B654C395-LeaderElection96] INFO  impl.LeaderElection (LeaderElection.java:askForVotes(178)) - c0a925e6-7889-4d83-9ab1-1e3fc011b8ea@group-9044B654C395-LeaderElection96: begin an election at term 1 for -1: [c6bff427-3039-4769-8bba-9ff821083636:192.168.34.17:40570, c0a925e6-7889-4d83-9ab1-1e3fc011b8ea:192.168.34.17:43694, 88fb5ce4-ccb0-46c0-8709-d8d00698ffab:192.168.34.17:33873], old=null
2019-10-17 18:05:47,103 [grpc-default-executor-5] INFO  impl.RaftServerImpl (RaftServerImpl.java:setRole(170)) - 88fb5ce4-ccb0-46c0-8709-d8d00698ffab@group-9044B654C395: changes role from  FOLLOWER to FOLLOWER at term 1 for recognizeCandidate:c0a925e6-7889-4d83-9ab1-1e3fc011b8ea
2019-10-17 18:05:47,103 [grpc-default-executor-5] INFO  impl.RoleInfo (RoleInfo.java:shutdownFollowerState(121)) - 88fb5ce4-ccb0-46c0-8709-d8d00698ffab: shutdown FollowerState
2019-10-17 18:05:47,104 [grpc-default-executor-5] INFO  impl.RoleInfo (RoleInfo.java:updateAndGet(143)) - 88fb5ce4-ccb0-46c0-8709-d8d00698ffab: start FollowerState
2019-10-17 18:05:47,104 [Thread-2365] INFO  impl.FollowerState (FollowerState.java:run(117)) - 88fb5ce4-ccb0-46c0-8709-d8d00698ffab@group-9044B654C395-FollowerState was interrupted: java.lang.InterruptedException: sleep interrupted
2019-10-17 18:05:47,111 [c6bff427-3039-4769-8bba-9ff821083636@group-9044B654C395-LeaderElection97] INFO  impl.LeaderElection (LeaderElection.java:askForVotes(178)) - c6bff427-3039-4769-8bba-9ff821083636@group-9044B654C395-LeaderElection97: begin an election at term 1 for -1: [c6bff427-3039-4769-8bba-9ff821083636:192.168.34.17:40570, c0a925e6-7889-4d83-9ab1-1e3fc011b8ea:192.168.34.17:43694, 88fb5ce4-ccb0-46c0-8709-d8d00698ffab:192.168.34.17:33873], old=null
2019-10-17 18:05:47,129 [c0a925e6-7889-4d83-9ab1-1e3fc011b8ea@group-9044B654C395-LeaderElection96] INFO  impl.LeaderElection (LeaderElection.java:logAndReturn(56)) - c0a925e6-7889-4d83-9ab1-1e3fc011b8ea@group-9044B654C395-LeaderElection96: Election PASSED; received 2 response(s) [c0a925e6-7889-4d83-9ab1-1e3fc011b8ea<-c6bff427-3039-4769-8bba-9ff821083636#0:FAIL-t1, c0a925e6-7889-4d83-9ab1-1e3fc011b8ea<-88fb5ce4-ccb0-46c0-8709-d8d00698ffab#0:OK-t1] and 0 exception(s); c0a925e6-7889-4d83-9ab1-1e3fc011b8ea@group-9044B654C395:t1, leader=null, voted=c0a925e6-7889-4d83-9ab1-1e3fc011b8ea, raftlog=c0a925e6-7889-4d83-9ab1-1e3fc011b8ea@group-9044B654C395-SegmentedRaftLog:OPENED:c-1,f-1,i0, conf=-1: [c6bff427-3039-4769-8bba-9ff821083636:192.168.34.17:40570, c0a925e6-7889-4d83-9ab1-1e3fc011b8ea:192.168.34.17:43694, 88fb5ce4-ccb0-46c0-8709-d8d00698ffab:192.168.34.17:33873], old=null
2019-10-17 18:05:47,129 [c6bff427-3039-4769-8bba-9ff821083636@group-9044B654C395-LeaderElection97] INFO  impl.LeaderElection (LeaderElection.java:logAndReturn(56)) - c6bff427-3039-4769-8bba-9ff821083636@group-9044B654C395-LeaderElection97: Election REJECTED; received 2 response(s) [c6bff427-3039-4769-8bba-9ff821083636<-c0a925e6-7889-4d83-9ab1-1e3fc011b8ea#0:FAIL-t1, c6bff427-3039-4769-8bba-9ff821083636<-88fb5ce4-ccb0-46c0-8709-d8d00698ffab#0:FAIL-t1] and 0 exception(s); c6bff427-3039-4769-8bba-9ff821083636@group-9044B654C395:t1, leader=null, voted=c6bff427-3039-4769-8bba-9ff821083636, raftlog=c6bff427-3039-4769-8bba-9ff821083636@group-9044B654C395-SegmentedRaftLog:OPENED:c-1,f-1,i0, conf=-1: [c6bff427-3039-4769-8bba-9ff821083636:192.168.34.17:40570, c0a925e6-7889-4d83-9ab1-1e3fc011b8ea:192.168.34.17:43694, 88fb5ce4-ccb0-46c0-8709-d8d00698ffab:192.168.34.17:33873], old=null
2019-10-17 18:05:47,129 [c0a925e6-7889-4d83-9ab1-1e3fc011b8ea@group-9044B654C395-LeaderElection96] INFO  impl.RoleInfo (RoleInfo.java:shutdownLeaderElection(134)) - c0a925e6-7889-4d83-9ab1-1e3fc011b8ea: shutdown LeaderElection
2019-10-17 18:05:47,129 [c6bff427-3039-4769-8bba-9ff821083636@group-9044B654C395-LeaderElection97] INFO  impl.RaftServerImpl (RaftServerImpl.java:setRole(170)) - c6bff427-3039-4769-8bba-9ff821083636@group-9044B654C395: changes role from CANDIDATE to FOLLOWER at term 1 for DISCOVERED_A_NEW_TERM
2019-10-17 18:05:47,129 [c0a925e6-7889-4d83-9ab1-1e3fc011b8ea@group-9044B654C395-LeaderElection96] INFO  impl.RaftServerImpl (RaftServerImpl.java:setRole(170)) - c0a925e6-7889-4d83-9ab1-1e3fc011b8ea@group-9044B654C395: changes role from CANDIDATE to LEADER at term 1 for changeToLeader
2019-10-17 18:05:47,130 [c6bff427-3039-4769-8bba-9ff821083636@group-9044B654C395-LeaderElection97] INFO  impl.RoleInfo (RoleInfo.java:shutdownLeaderElection(134)) - c6bff427-3039-4769-8bba-9ff821083636: shutdown LeaderElection
2019-10-17 18:05:47,130 [c0a925e6-7889-4d83-9ab1-1e3fc011b8ea@group-9044B654C395-LeaderElection96] INFO  impl.RaftServerImpl (ServerState.java:setLeader(255)) - c0a925e6-7889-4d83-9ab1-1e3fc011b8ea@group-9044B654C395: change Leader from null to c0a925e6-7889-4d83-9ab1-1e3fc011b8ea at term 1 for becomeLeader, leader elected after 5101ms
2019-10-17 18:05:47,130 [c6bff427-3039-4769-8bba-9ff821083636@group-9044B654C395-LeaderElection97] INFO  impl.RoleInfo (RoleInfo.java:updateAndGet(143)) - c6bff427-3039-4769-8bba-9ff821083636: start FollowerState
2019-10-17 18:05:47,130 [c0a925e6-7889-4d83-9ab1-1e3fc011b8ea@group-9044B654C395-LeaderElection96] INFO  server.RaftServerConfigKeys (ConfUtils.java:logGet(43)) - raft.server.staging.catchup.gap = 1000 (default)
2019-10-17 18:05:47,130 [c0a925e6-7889-4d83-9ab1-1e3fc011b8ea@group-9044B654C395-LeaderElection96] INFO  server.RaftServerConfigKeys (ConfUtils.java:logGet(43)) - raft.server.rpc.sleep.time = 25ms (default)
2019-10-17 18:05:47,130 [c0a925e6-7889-4d83-9ab1-1e3fc011b8ea@group-9044B654C395-LeaderElection96] INFO  server.RaftServerConfigKeys (ConfUtils.java:logGet(43)) - raft.server.write.element-limit = 4096 (default)
2019-10-17 18:05:47,130 [c0a925e6-7889-4d83-9ab1-1e3fc011b8ea@group-9044B654C395-LeaderElection96] INFO  server.RaftServerConfigKeys (ConfUtils.java:logGet(43)) - raft.server.watch.timeout = 10s (default)
2019-10-17 18:05:47,130 [c0a925e6-7889-4d83-9ab1-1e3fc011b8ea@group-9044B654C395-LeaderElection96] INFO  server.RaftServerConfigKeys (ConfUtils.java:logGet(43)) - raft.server.watch.timeout.denomination = 1s (default)
2019-10-17 18:05:47,131 [c0a925e6-7889-4d83-9ab1-1e3fc011b8ea@group-9044B654C395-LeaderElection96] INFO  server.RaftServerConfigKeys (ConfUtils.java:logGet(43)) - raft.server.watch.element-limit = 65536 (default)
2019-10-17 18:05:47,132 [c0a925e6-7889-4d83-9ab1-1e3fc011b8ea@group-9044B654C395-LeaderElection96] INFO  server.RaftServerConfigKeys (ConfUtils.java:logGet(43)) - raft.server.log.appender.snapshot.chunk.size.max = 16MB (=16777216) (default)
2019-10-17 18:05:47,133 [c0a925e6-7889-4d83-9ab1-1e3fc011b8ea@group-9044B654C395-LeaderElection96] INFO  server.RaftServerConfigKeys (ConfUtils.java:logGet(43)) - raft.server.log.appender.buffer.byte-limit = 33554432 (custom)
2019-10-17 18:05:47,133 [c0a925e6-7889-4d83-9ab1-1e3fc011b8ea@group-9044B654C395-LeaderElection96] INFO  server.RaftServerConfigKeys (ConfUtils.java:logGet(43)) - raft.server.log.appender.buffer.element-limit = 1 (custom)
2019-10-17 18:05:47,133 [c0a925e6-7889-4d83-9ab1-1e3fc011b8ea@group-9044B654C395-LeaderElection96] INFO  grpc.GrpcConfigKeys$Server (ConfUtils.java:logGet(43)) - raft.grpc.server.leader.outstanding.appends.max = 128 (default)
2019-10-17 18:05:47,133 [c0a925e6-7889-4d83-9ab1-1e3fc011b8ea@group-9044B654C395-LeaderElection96] INFO  server.RaftServerConfigKeys (ConfUtils.java:logGet(43)) - raft.server.rpc.request.timeout = 3000ms (default)
2019-10-17 18:05:47,133 [c0a925e6-7889-4d83-9ab1-1e3fc011b8ea@group-9044B654C395-LeaderElection96] INFO  server.RaftServerConfigKeys (ConfUtils.java:logGet(43)) - raft.server.log.appender.install.snapshot.enabled = false (custom)
2019-10-17 18:05:47,134 [c0a925e6-7889-4d83-9ab1-1e3fc011b8ea@group-9044B654C395-LeaderElection96] INFO  server.RaftServerConfigKeys (ConfUtils.java:logGet(43)) - raft.server.log.appender.snapshot.chunk.size.max = 16MB (=16777216) (default)
2019-10-17 18:05:47,134 [c0a925e6-7889-4d83-9ab1-1e3fc011b8ea@group-9044B654C395-LeaderElection96] INFO  server.RaftServerConfigKeys (ConfUtils.java:logGet(43)) - raft.server.log.appender.buffer.byte-limit = 33554432 (custom)
2019-10-17 18:05:47,134 [c0a925e6-7889-4d83-9ab1-1e3fc011b8ea@group-9044B654C395-LeaderElection96] INFO  server.RaftServerConfigKeys (ConfUtils.java:logGet(43)) - raft.server.log.appender.buffer.element-limit = 1 (custom)
2019-10-17 18:05:47,134 [c0a925e6-7889-4d83-9ab1-1e3fc011b8ea@group-9044B654C395-LeaderElection96] INFO  grpc.GrpcConfigKeys$Server (ConfUtils.java:logGet(43)) - raft.grpc.server.leader.outstanding.appends.max = 128 (default)
2019-10-17 18:05:47,134 [c0a925e6-7889-4d83-9ab1-1e3fc011b8ea@group-9044B654C395-LeaderElection96] INFO  server.RaftServerConfigKeys (ConfUtils.java:logGet(43)) - raft.server.rpc.request.timeout = 3000ms (default)
2019-10-17 18:05:47,134 [c0a925e6-7889-4d83-9ab1-1e3fc011b8ea@group-9044B654C395-LeaderElection96] INFO  server.RaftServerConfigKeys (ConfUtils.java:logGet(43)) - raft.server.log.appender.install.snapshot.enabled = false (custom)
2019-10-17 18:05:47,135 [c0a925e6-7889-4d83-9ab1-1e3fc011b8ea@group-9044B654C395-LeaderElection96] INFO  impl.RoleInfo (RoleInfo.java:updateAndGet(143)) - c0a925e6-7889-4d83-9ab1-1e3fc011b8ea: start LeaderState
2019-10-17 18:05:47,135 [c0a925e6-7889-4d83-9ab1-1e3fc011b8ea@group-9044B654C395-LeaderElection96] INFO  segmented.SegmentedRaftLogWorker (SegmentedRaftLogWorker.java:startLogSegment(385)) - c0a925e6-7889-4d83-9ab1-1e3fc011b8ea@group-9044B654C395-SegmentedRaftLogWorker: Starting segment from index:0
2019-10-17 18:05:47,136 [c0a925e6-7889-4d83-9ab1-1e3fc011b8ea@group-9044B654C395-LeaderElection96] INFO  impl.RaftServerImpl (ServerState.java:setRaftConf(356)) - c0a925e6-7889-4d83-9ab1-1e3fc011b8ea@group-9044B654C395: set configuration 0: [c6bff427-3039-4769-8bba-9ff821083636:192.168.34.17:40570, c0a925e6-7889-4d83-9ab1-1e3fc011b8ea:192.168.34.17:43694, 88fb5ce4-ccb0-46c0-8709-d8d00698ffab:192.168.34.17:33873], old=null at 0
2019-10-17 18:05:47,166 [grpc-default-executor-0] INFO  impl.RaftServerImpl (ServerState.java:setLeader(255)) - 88fb5ce4-ccb0-46c0-8709-d8d00698ffab@group-9044B654C395: change Leader from null to c0a925e6-7889-4d83-9ab1-1e3fc011b8ea at term 1 for appendEntries, leader elected after 5138ms
2019-10-17 18:05:47,166 [grpc-default-executor-5] INFO  impl.RaftServerImpl (ServerState.java:setLeader(255)) - c6bff427-3039-4769-8bba-9ff821083636@group-9044B654C395: change Leader from null to c0a925e6-7889-4d83-9ab1-1e3fc011b8ea at term 1 for appendEntries, leader elected after 5138ms
2019-10-17 18:05:47,169 [grpc-default-executor-5] INFO  impl.RaftServerImpl (ServerState.java:setRaftConf(356)) - 88fb5ce4-ccb0-46c0-8709-d8d00698ffab@group-9044B654C395: set configuration 0: [c6bff427-3039-4769-8bba-9ff821083636:192.168.34.17:40570, c0a925e6-7889-4d83-9ab1-1e3fc011b8ea:192.168.34.17:43694, 88fb5ce4-ccb0-46c0-8709-d8d00698ffab:192.168.34.17:33873], old=null at 0
2019-10-17 18:05:47,169 [grpc-default-executor-0] INFO  impl.RaftServerImpl (ServerState.java:setRaftConf(356)) - c6bff427-3039-4769-8bba-9ff821083636@group-9044B654C395: set configuration 0: [c6bff427-3039-4769-8bba-9ff821083636:192.168.34.17:40570, c0a925e6-7889-4d83-9ab1-1e3fc011b8ea:192.168.34.17:43694, 88fb5ce4-ccb0-46c0-8709-d8d00698ffab:192.168.34.17:33873], old=null at 0
2019-10-17 18:05:47,169 [grpc-default-executor-5] INFO  segmented.SegmentedRaftLogWorker (SegmentedRaftLogWorker.java:startLogSegment(385)) - 88fb5ce4-ccb0-46c0-8709-d8d00698ffab@group-9044B654C395-SegmentedRaftLogWorker: Starting segment from index:0
2019-10-17 18:05:47,169 [grpc-default-executor-0] INFO  segmented.SegmentedRaftLogWorker (SegmentedRaftLogWorker.java:startLogSegment(385)) - c6bff427-3039-4769-8bba-9ff821083636@group-9044B654C395-SegmentedRaftLogWorker: Starting segment from index:0
2019-10-17 18:05:47,187 [c0a925e6-7889-4d83-9ab1-1e3fc011b8ea@group-9044B654C395-SegmentedRaftLogWorker] INFO  segmented.SegmentedRaftLogWorker (SegmentedRaftLogWorker.java:execute(574)) - c0a925e6-7889-4d83-9ab1-1e3fc011b8ea@group-9044B654C395-SegmentedRaftLogWorker: created new log segment /workdir/hadoop-ozone/integration-test/target/test-dir/MiniOzoneClusterImpl-e666d1ac-6527-4543-88b6-0d02e23d4ccf/datanode-3/data/ratis/5d221c90-7766-4ee9-ad10-9044b654c395/current/log_inprogress_0
2019-10-17 18:05:47,214 [c6bff427-3039-4769-8bba-9ff821083636@group-9044B654C395-SegmentedRaftLogWorker] INFO  segmented.SegmentedRaftLogWorker (SegmentedRaftLogWorker.java:execute(574)) - c6bff427-3039-4769-8bba-9ff821083636@group-9044B654C395-SegmentedRaftLogWorker: created new log segment /workdir/hadoop-ozone/integration-test/target/test-dir/MiniOzoneClusterImpl-e666d1ac-6527-4543-88b6-0d02e23d4ccf/datanode-4/data/ratis/5d221c90-7766-4ee9-ad10-9044b654c395/current/log_inprogress_0
2019-10-17 18:05:47,232 [88fb5ce4-ccb0-46c0-8709-d8d00698ffab@group-9044B654C395-SegmentedRaftLogWorker] INFO  segmented.SegmentedRaftLogWorker (SegmentedRaftLogWorker.java:execute(574)) - 88fb5ce4-ccb0-46c0-8709-d8d00698ffab@group-9044B654C395-SegmentedRaftLogWorker: created new log segment /workdir/hadoop-ozone/integration-test/target/test-dir/MiniOzoneClusterImpl-e666d1ac-6527-4543-88b6-0d02e23d4ccf/datanode-5/data/ratis/5d221c90-7766-4ee9-ad10-9044b654c395/current/log_inprogress_0
2019-10-17 18:05:51,595 [Thread-2406] INFO  impl.FollowerState (FollowerState.java:run(108)) - e6a8ef7d-ad35-400e-be5d-a9fbfa4da82d@group-93EDBBD93981-FollowerState: change to CANDIDATE, lastRpcTime:5010ms, electionTimeout:5010ms
2019-10-17 18:05:51,596 [Thread-2406] INFO  impl.RoleInfo (RoleInfo.java:shutdownFollowerState(121)) - e6a8ef7d-ad35-400e-be5d-a9fbfa4da82d: shutdown FollowerState
2019-10-17 18:05:51,596 [Thread-2406] INFO  impl.RaftServerImpl (RaftServerImpl.java:setRole(170)) - e6a8ef7d-ad35-400e-be5d-a9fbfa4da82d@group-93EDBBD93981: changes role from  FOLLOWER to CANDIDATE at term 1 for changeToCandidate
2019-10-17 18:05:51,596 [Thread-2406] INFO  impl.RoleInfo (RoleInfo.java:updateAndGet(143)) - e6a8ef7d-ad35-400e-be5d-a9fbfa4da82d: start LeaderElection
2019-10-17 18:05:51,672 [e6a8ef7d-ad35-400e-be5d-a9fbfa4da82d@group-93EDBBD93981-LeaderElection98] INFO  impl.LeaderElection (LeaderElection.java:askForVotes(178)) - e6a8ef7d-ad35-400e-be5d-a9fbfa4da82d@group-93EDBBD93981-LeaderElection98: begin an election at term 2 for -1: [81d9c424-50f5-4636-a584-91e925d399d5:192.168.34.17:41921, b051e227-2375-447f-b0e9-7745e2cf082f:192.168.34.17:37724, e6a8ef7d-ad35-400e-be5d-a9fbfa4da82d:192.168.34.17:35052], old=null
2019-10-17 18:05:51,675 [grpc-default-executor-5] INFO  impl.RaftServerImpl (RaftServerImpl.java:setRole(170)) - 81d9c424-50f5-4636-a584-91e925d399d5@group-93EDBBD93981: changes role from  FOLLOWER to FOLLOWER at term 2 for recognizeCandidate:e6a8ef7d-ad35-400e-be5d-a9fbfa4da82d
2019-10-17 18:05:51,675 [grpc-default-executor-0] INFO  impl.RaftServerImpl (RaftServerImpl.java:setRole(170)) - b051e227-2375-447f-b0e9-7745e2cf082f@group-93EDBBD93981: changes role from  FOLLOWER to FOLLOWER at term 2 for recognizeCandidate:e6a8ef7d-ad35-400e-be5d-a9fbfa4da82d
2019-10-17 18:05:51,675 [grpc-default-executor-5] INFO  impl.RoleInfo (RoleInfo.java:shutdownFollowerState(121)) - 81d9c424-50f5-4636-a584-91e925d399d5: shutdown FollowerState
2019-10-17 18:05:51,675 [grpc-default-executor-0] INFO  impl.RoleInfo (RoleInfo.java:shutdownFollowerState(121)) - b051e227-2375-447f-b0e9-7745e2cf082f: shutdown FollowerState
2019-10-17 18:05:51,675 [grpc-default-executor-5] INFO  impl.RoleInfo (RoleInfo.java:updateAndGet(143)) - 81d9c424-50f5-4636-a584-91e925d399d5: start FollowerState
2019-10-17 18:05:51,676 [Thread-2407] INFO  impl.FollowerState (FollowerState.java:run(117)) - b051e227-2375-447f-b0e9-7745e2cf082f@group-93EDBBD93981-FollowerState was interrupted: java.lang.InterruptedException: sleep interrupted
2019-10-17 18:05:51,676 [Thread-2405] INFO  impl.FollowerState (FollowerState.java:run(117)) - 81d9c424-50f5-4636-a584-91e925d399d5@group-93EDBBD93981-FollowerState was interrupted: java.lang.InterruptedException: sleep interrupted
2019-10-17 18:05:51,676 [grpc-default-executor-0] INFO  impl.RoleInfo (RoleInfo.java:updateAndGet(143)) - b051e227-2375-447f-b0e9-7745e2cf082f: start FollowerState
2019-10-17 18:05:51,706 [e6a8ef7d-ad35-400e-be5d-a9fbfa4da82d@group-93EDBBD93981-LeaderElection98] INFO  impl.LeaderElection (LeaderElection.java:logAndReturn(56)) - e6a8ef7d-ad35-400e-be5d-a9fbfa4da82d@group-93EDBBD93981-LeaderElection98: Election PASSED; received 1 response(s) [e6a8ef7d-ad35-400e-be5d-a9fbfa4da82d<-81d9c424-50f5-4636-a584-91e925d399d5#0:OK-t2] and 0 exception(s); e6a8ef7d-ad35-400e-be5d-a9fbfa4da82d@group-93EDBBD93981:t2, leader=null, voted=e6a8ef7d-ad35-400e-be5d-a9fbfa4da82d, raftlog=e6a8ef7d-ad35-400e-be5d-a9fbfa4da82d@group-93EDBBD93981-SegmentedRaftLog:OPENED:c-1,f-1,i0, conf=-1: [81d9c424-50f5-4636-a584-91e925d399d5:192.168.34.17:41921, b051e227-2375-447f-b0e9-7745e2cf082f:192.168.34.17:37724, e6a8ef7d-ad35-400e-be5d-a9fbfa4da82d:192.168.34.17:35052], old=null
2019-10-17 18:05:51,707 [e6a8ef7d-ad35-400e-be5d-a9fbfa4da82d@group-93EDBBD93981-LeaderElection98] INFO  impl.RoleInfo (RoleInfo.java:shutdownLeaderElection(134)) - e6a8ef7d-ad35-400e-be5d-a9fbfa4da82d: shutdown LeaderElection
2019-10-17 18:05:51,707 [e6a8ef7d-ad35-400e-be5d-a9fbfa4da82d@group-93EDBBD93981-LeaderElection98] INFO  impl.RaftServerImpl (RaftServerImpl.java:setRole(170)) - e6a8ef7d-ad35-400e-be5d-a9fbfa4da82d@group-93EDBBD93981: changes role from CANDIDATE to LEADER at term 2 for changeToLeader
2019-10-17 18:05:51,707 [e6a8ef7d-ad35-400e-be5d-a9fbfa4da82d@group-93EDBBD93981-LeaderElection98] INFO  impl.RaftServerImpl (ServerState.java:setLeader(255)) - e6a8ef7d-ad35-400e-be5d-a9fbfa4da82d@group-93EDBBD93981: change Leader from null to e6a8ef7d-ad35-400e-be5d-a9fbfa4da82d at term 2 for becomeLeader, leader elected after 10252ms
2019-10-17 18:05:51,707 [e6a8ef7d-ad35-400e-be5d-a9fbfa4da82d@group-93EDBBD93981-LeaderElection98] INFO  server.RaftServerConfigKeys (ConfUtils.java:logGet(43)) - raft.server.staging.catchup.gap = 1000 (default)
2019-10-17 18:05:51,707 [e6a8ef7d-ad35-400e-be5d-a9fbfa4da82d@group-93EDBBD93981-LeaderElection98] INFO  server.RaftServerConfigKeys (ConfUtils.java:logGet(43)) - raft.server.rpc.sleep.time = 25ms (default)
2019-10-17 18:05:51,708 [e6a8ef7d-ad35-400e-be5d-a9fbfa4da82d@group-93EDBBD93981-LeaderElection98] INFO  server.RaftServerConfigKeys (ConfUtils.java:logGet(43)) - raft.server.write.element-limit = 4096 (default)
2019-10-17 18:05:51,708 [e6a8ef7d-ad35-400e-be5d-a9fbfa4da82d@group-93EDBBD93981-LeaderElection98] INFO  server.RaftServerConfigKeys (ConfUtils.java:logGet(43)) - raft.server.watch.timeout = 10s (default)
2019-10-17 18:05:51,708 [e6a8ef7d-ad35-400e-be5d-a9fbfa4da82d@group-93EDBBD93981-LeaderElection98] INFO  server.RaftServerConfigKeys (ConfUtils.java:logGet(43)) - raft.server.watch.timeout.denomination = 1s (default)
2019-10-17 18:05:51,708 [e6a8ef7d-ad35-400e-be5d-a9fbfa4da82d@group-93EDBBD93981-LeaderElection98] INFO  server.RaftServerConfigKeys (ConfUtils.java:logGet(43)) - raft.server.watch.element-limit = 65536 (default)
2019-10-17 18:05:51,711 [e6a8ef7d-ad35-400e-be5d-a9fbfa4da82d@group-93EDBBD93981-LeaderElection98] INFO  server.RaftServerConfigKeys (ConfUtils.java:logGet(43)) - raft.server.log.appender.snapshot.chunk.size.max = 16MB (=16777216) (default)
2019-10-17 18:05:51,711 [e6a8ef7d-ad35-400e-be5d-a9fbfa4da82d@group-93EDBBD93981-LeaderElection98] INFO  server.RaftServerConfigKeys (ConfUtils.java:logGet(43)) - raft.server.log.appender.buffer.byte-limit = 33554432 (custom)
2019-10-17 18:05:51,711 [e6a8ef7d-ad35-400e-be5d-a9fbfa4da82d@group-93EDBBD93981-LeaderElection98] INFO  server.RaftServerConfigKeys (ConfUtils.java:logGet(43)) - raft.server.log.appender.buffer.element-limit = 1 (custom)
2019-10-17 18:05:51,711 [e6a8ef7d-ad35-400e-be5d-a9fbfa4da82d@group-93EDBBD93981-LeaderElection98] INFO  grpc.GrpcConfigKeys$Server (ConfUtils.java:logGet(43)) - raft.grpc.server.leader.outstanding.appends.max = 128 (default)
2019-10-17 18:05:51,711 [e6a8ef7d-ad35-400e-be5d-a9fbfa4da82d@group-93EDBBD93981-LeaderElection98] INFO  server.RaftServerConfigKeys (ConfUtils.java:logGet(43)) - raft.server.rpc.request.timeout = 3000ms (default)
2019-10-17 18:05:51,712 [e6a8ef7d-ad35-400e-be5d-a9fbfa4da82d@group-93EDBBD93981-LeaderElection98] INFO  server.RaftServerConfigKeys (ConfUtils.java:logGet(43)) - raft.server.log.appender.install.snapshot.enabled = false (custom)
2019-10-17 18:05:51,712 [e6a8ef7d-ad35-400e-be5d-a9fbfa4da82d@group-93EDBBD93981-LeaderElection98] INFO  server.RaftServerConfigKeys (ConfUtils.java:logGet(43)) - raft.server.log.appender.snapshot.chunk.size.max = 16MB (=16777216) (default)
2019-10-17 18:05:51,712 [e6a8ef7d-ad35-400e-be5d-a9fbfa4da82d@group-93EDBBD93981-LeaderElection98] INFO  server.RaftServerConfigKeys (ConfUtils.java:logGet(43)) - raft.server.log.appender.buffer.byte-limit = 33554432 (custom)
2019-10-17 18:05:51,712 [e6a8ef7d-ad35-400e-be5d-a9fbfa4da82d@group-93EDBBD93981-LeaderElection98] INFO  server.RaftServerConfigKeys (ConfUtils.java:logGet(43)) - raft.server.log.appender.buffer.element-limit = 1 (custom)
2019-10-17 18:05:51,712 [e6a8ef7d-ad35-400e-be5d-a9fbfa4da82d@group-93EDBBD93981-LeaderElection98] INFO  grpc.GrpcConfigKeys$Server (ConfUtils.java:logGet(43)) - raft.grpc.server.leader.outstanding.appends.max = 128 (default)
2019-10-17 18:05:51,713 [e6a8ef7d-ad35-400e-be5d-a9fbfa4da82d@group-93EDBBD93981-LeaderElection98] INFO  server.RaftServerConfigKeys (ConfUtils.java:logGet(43)) - raft.server.rpc.request.timeout = 3000ms (default)
2019-10-17 18:05:51,713 [e6a8ef7d-ad35-400e-be5d-a9fbfa4da82d@group-93EDBBD93981-LeaderElection98] INFO  server.RaftServerConfigKeys (ConfUtils.java:logGet(43)) - raft.server.log.appender.install.snapshot.enabled = false (custom)
2019-10-17 18:05:51,713 [e6a8ef7d-ad35-400e-be5d-a9fbfa4da82d@group-93EDBBD93981-LeaderElection98] INFO  impl.RoleInfo (RoleInfo.java:updateAndGet(143)) - e6a8ef7d-ad35-400e-be5d-a9fbfa4da82d: start LeaderState
2019-10-17 18:05:51,713 [e6a8ef7d-ad35-400e-be5d-a9fbfa4da82d@group-93EDBBD93981-LeaderElection98] INFO  segmented.SegmentedRaftLogWorker (SegmentedRaftLogWorker.java:startLogSegment(385)) - e6a8ef7d-ad35-400e-be5d-a9fbfa4da82d@group-93EDBBD93981-SegmentedRaftLogWorker: Starting segment from index:0
2019-10-17 18:05:51,714 [e6a8ef7d-ad35-400e-be5d-a9fbfa4da82d@group-93EDBBD93981-LeaderElection98] INFO  impl.RaftServerImpl (ServerState.java:setRaftConf(356)) - e6a8ef7d-ad35-400e-be5d-a9fbfa4da82d@group-93EDBBD93981: set configuration 0: [81d9c424-50f5-4636-a584-91e925d399d5:192.168.34.17:41921, b051e227-2375-447f-b0e9-7745e2cf082f:192.168.34.17:37724, e6a8ef7d-ad35-400e-be5d-a9fbfa4da82d:192.168.34.17:35052], old=null at 0
2019-10-17 18:05:51,716 [grpc-default-executor-0] INFO  impl.RaftServerImpl (ServerState.java:setLeader(255)) - 81d9c424-50f5-4636-a584-91e925d399d5@group-93EDBBD93981: change Leader from null to e6a8ef7d-ad35-400e-be5d-a9fbfa4da82d at term 2 for appendEntries, leader elected after 10261ms
2019-10-17 18:05:51,716 [grpc-default-executor-5] INFO  impl.RaftServerImpl (ServerState.java:setLeader(255)) - b051e227-2375-447f-b0e9-7745e2cf082f@group-93EDBBD93981: change Leader from null to e6a8ef7d-ad35-400e-be5d-a9fbfa4da82d at term 2 for appendEntries, leader elected after 10261ms
2019-10-17 18:05:51,718 [grpc-default-executor-5] INFO  impl.RaftServerImpl (ServerState.java:setRaftConf(356)) - 81d9c424-50f5-4636-a584-91e925d399d5@group-93EDBBD93981: set configuration 0: [81d9c424-50f5-4636-a584-91e925d399d5:192.168.34.17:41921, b051e227-2375-447f-b0e9-7745e2cf082f:192.168.34.17:37724, e6a8ef7d-ad35-400e-be5d-a9fbfa4da82d:192.168.34.17:35052], old=null at 0
2019-10-17 18:05:51,718 [grpc-default-executor-5] INFO  segmented.SegmentedRaftLogWorker (SegmentedRaftLogWorker.java:startLogSegment(385)) - 81d9c424-50f5-4636-a584-91e925d399d5@group-93EDBBD93981-SegmentedRaftLogWorker: Starting segment from index:0
2019-10-17 18:05:51,718 [grpc-default-executor-0] INFO  impl.RaftServerImpl (ServerState.java:setRaftConf(356)) - b051e227-2375-447f-b0e9-7745e2cf082f@group-93EDBBD93981: set configuration 0: [81d9c424-50f5-4636-a584-91e925d399d5:192.168.34.17:41921, b051e227-2375-447f-b0e9-7745e2cf082f:192.168.34.17:37724, e6a8ef7d-ad35-400e-be5d-a9fbfa4da82d:192.168.34.17:35052], old=null at 0
2019-10-17 18:05:51,719 [grpc-default-executor-0] INFO  segmented.SegmentedRaftLogWorker (SegmentedRaftLogWorker.java:startLogSegment(385)) - b051e227-2375-447f-b0e9-7745e2cf082f@group-93EDBBD93981-SegmentedRaftLogWorker: Starting segment from index:0
2019-10-17 18:05:51,772 [e6a8ef7d-ad35-400e-be5d-a9fbfa4da82d@group-93EDBBD93981-SegmentedRaftLogWorker] INFO  segmented.SegmentedRaftLogWorker (SegmentedRaftLogWorker.java:execute(574)) - e6a8ef7d-ad35-400e-be5d-a9fbfa4da82d@group-93EDBBD93981-SegmentedRaftLogWorker: created new log segment /workdir/hadoop-ozone/integration-test/target/test-dir/MiniOzoneClusterImpl-e666d1ac-6527-4543-88b6-0d02e23d4ccf/datanode-0/data/ratis/a18a9fbb-0299-44b5-9a17-93edbbd93981/current/log_inprogress_0
2019-10-17 18:05:51,772 [81d9c424-50f5-4636-a584-91e925d399d5@group-93EDBBD93981-SegmentedRaftLogWorker] INFO  segmented.SegmentedRaftLogWorker (SegmentedRaftLogWorker.java:execute(574)) - 81d9c424-50f5-4636-a584-91e925d399d5@group-93EDBBD93981-SegmentedRaftLogWorker: created new log segment /workdir/hadoop-ozone/integration-test/target/test-dir/MiniOzoneClusterImpl-e666d1ac-6527-4543-88b6-0d02e23d4ccf/datanode-1/data/ratis/a18a9fbb-0299-44b5-9a17-93edbbd93981/current/log_inprogress_0
2019-10-17 18:05:51,772 [b051e227-2375-447f-b0e9-7745e2cf082f@group-93EDBBD93981-SegmentedRaftLogWorker] INFO  segmented.SegmentedRaftLogWorker (SegmentedRaftLogWorker.java:execute(574)) - b051e227-2375-447f-b0e9-7745e2cf082f@group-93EDBBD93981-SegmentedRaftLogWorker: created new log segment /workdir/hadoop-ozone/integration-test/target/test-dir/MiniOzoneClusterImpl-e666d1ac-6527-4543-88b6-0d02e23d4ccf/datanode-2/data/ratis/a18a9fbb-0299-44b5-9a17-93edbbd93981/current/log_inprogress_0
2019-10-17 18:05:53,214 [Datanode State Machine Thread - 0] INFO  statemachine.DatanodeStateMachine (DatanodeStateMachine.java:lambda$startDaemon$0(350)) - Ozone container server started.
2019-10-17 18:05:57,233 [main] INFO  ozoneimpl.OzoneContainer (OzoneContainer.java:stop(227)) - Attempting to stop container services.
2019-10-17 18:05:57,234 [main] INFO  impl.RaftServerProxy (RaftServerProxy.java:lambda$close$4(314)) - b051e227-2375-447f-b0e9-7745e2cf082f: close
2019-10-17 18:05:57,235 [main] INFO  impl.RaftServerImpl (RaftServerImpl.java:lambda$shutdown$3(247)) - b051e227-2375-447f-b0e9-7745e2cf082f@group-DBBF14DCE228: shutdown
2019-10-17 18:05:57,235 [main] INFO  util.JmxRegister (JmxRegister.java:unregister(73)) - Successfully un-registered JMX Bean with object name Ratis:service=RaftServer,group=group-DBBF14DCE228,id=b051e227-2375-447f-b0e9-7745e2cf082f
2019-10-17 18:05:57,235 [main] INFO  impl.RoleInfo (RoleInfo.java:shutdownLeaderState(104)) - b051e227-2375-447f-b0e9-7745e2cf082f: shutdown LeaderState
2019-10-17 18:05:57,236 [main] INFO  impl.PendingRequests (PendingRequests.java:sendNotLeaderResponses(202)) - b051e227-2375-447f-b0e9-7745e2cf082f@group-DBBF14DCE228-PendingRequests: sendNotLeaderResponses
2019-10-17 18:05:57,236 [main] INFO  impl.StateMachineUpdater (StateMachineUpdater.java:stopAndJoin(136)) - b051e227-2375-447f-b0e9-7745e2cf082f@group-DBBF14DCE228-StateMachineUpdater: set stopIndex = 0
2019-10-17 18:05:57,237 [main] INFO  impl.RaftServerImpl (ServerState.java:close(387)) - b051e227-2375-447f-b0e9-7745e2cf082f@group-DBBF14DCE228: closes. applyIndex: 0
2019-10-17 18:05:57,237 [b051e227-2375-447f-b0e9-7745e2cf082f@group-DBBF14DCE228-SegmentedRaftLogWorker] INFO  segmented.SegmentedRaftLogWorker (SegmentedRaftLogWorker.java:run(316)) - b051e227-2375-447f-b0e9-7745e2cf082f@group-DBBF14DCE228-SegmentedRaftLogWorker was interrupted, exiting. There are 0 tasks remaining in the queue.
2019-10-17 18:05:57,243 [main] INFO  segmented.SegmentedRaftLogWorker (SegmentedRaftLogWorker.java:close(224)) - b051e227-2375-447f-b0e9-7745e2cf082f@group-DBBF14DCE228-SegmentedRaftLogWorker close()
2019-10-17 18:05:57,249 [main] INFO  impl.RaftServerImpl (RaftServerImpl.java:lambda$shutdown$3(247)) - b051e227-2375-447f-b0e9-7745e2cf082f@group-93EDBBD93981: shutdown
2019-10-17 18:05:57,250 [main] INFO  util.JmxRegister (JmxRegister.java:unregister(73)) - Successfully un-registered JMX Bean with object name Ratis:service=RaftServer,group=group-93EDBBD93981,id=b051e227-2375-447f-b0e9-7745e2cf082f
2019-10-17 18:05:57,250 [main] INFO  impl.RoleInfo (RoleInfo.java:shutdownFollowerState(121)) - b051e227-2375-447f-b0e9-7745e2cf082f: shutdown FollowerState
2019-10-17 18:05:57,250 [main] INFO  impl.StateMachineUpdater (StateMachineUpdater.java:stopAndJoin(136)) - b051e227-2375-447f-b0e9-7745e2cf082f@group-93EDBBD93981-StateMachineUpdater: set stopIndex = 2
2019-10-17 18:05:57,250 [Thread-2457] INFO  impl.FollowerState (FollowerState.java:run(117)) - b051e227-2375-447f-b0e9-7745e2cf082f@group-93EDBBD93981-FollowerState was interrupted: java.lang.InterruptedException: sleep interrupted
2019-10-17 18:05:57,250 [b051e227-2375-447f-b0e9-7745e2cf082f@group-93EDBBD93981-StateMachineUpdater] INFO  ratis.ContainerStateMachine (ContainerStateMachine.java:takeSnapshot(294)) - group-93EDBBD93981: Taking a snapshot at:(t:2, i:1) file /workdir/hadoop-ozone/integration-test/target/test-dir/MiniOzoneClusterImpl-e666d1ac-6527-4543-88b6-0d02e23d4ccf/datanode-2/data/ratis/a18a9fbb-0299-44b5-9a17-93edbbd93981/sm/snapshot.2_1
2019-10-17 18:05:57,318 [b051e227-2375-447f-b0e9-7745e2cf082f@group-93EDBBD93981-StateMachineUpdater] INFO  ratis.ContainerStateMachine (ContainerStateMachine.java:takeSnapshot(305)) - group-93EDBBD93981: Finished taking a snapshot at:(t:2, i:1) file:/workdir/hadoop-ozone/integration-test/target/test-dir/MiniOzoneClusterImpl-e666d1ac-6527-4543-88b6-0d02e23d4ccf/datanode-2/data/ratis/a18a9fbb-0299-44b5-9a17-93edbbd93981/sm/snapshot.2_1 time:67
2019-10-17 18:05:57,319 [b051e227-2375-447f-b0e9-7745e2cf082f@group-93EDBBD93981-StateMachineUpdater] INFO  impl.StateMachineUpdater (StateMachineUpdater.java:takeSnapshot(269)) - b051e227-2375-447f-b0e9-7745e2cf082f@group-93EDBBD93981-StateMachineUpdater: Took a snapshot at index 1
2019-10-17 18:05:57,319 [b051e227-2375-447f-b0e9-7745e2cf082f@group-93EDBBD93981-StateMachineUpdater] INFO  impl.StateMachineUpdater (StateMachineUpdater.java:lambda$new$0(84)) - b051e227-2375-447f-b0e9-7745e2cf082f@group-93EDBBD93981-StateMachineUpdater: snapshotIndex: updateIncreasingly -1 -> 1
2019-10-17 18:05:57,319 [b051e227-2375-447f-b0e9-7745e2cf082f@group-93EDBBD93981-StateMachineUpdater] INFO  ratis.ContainerStateMachine (ContainerStateMachine.java:takeSnapshot(294)) - group-93EDBBD93981: Taking a snapshot at:(t:2, i:1) file /workdir/hadoop-ozone/integration-test/target/test-dir/MiniOzoneClusterImpl-e666d1ac-6527-4543-88b6-0d02e23d4ccf/datanode-2/data/ratis/a18a9fbb-0299-44b5-9a17-93edbbd93981/sm/snapshot.2_1
2019-10-17 18:05:57,343 [b051e227-2375-447f-b0e9-7745e2cf082f@group-93EDBBD93981-StateMachineUpdater] INFO  ratis.ContainerStateMachine (ContainerStateMachine.java:takeSnapshot(305)) - group-93EDBBD93981: Finished taking a snapshot at:(t:2, i:1) file:/workdir/hadoop-ozone/integration-test/target/test-dir/MiniOzoneClusterImpl-e666d1ac-6527-4543-88b6-0d02e23d4ccf/datanode-2/data/ratis/a18a9fbb-0299-44b5-9a17-93edbbd93981/sm/snapshot.2_1 time:24
2019-10-17 18:05:57,344 [b051e227-2375-447f-b0e9-7745e2cf082f@group-93EDBBD93981-StateMachineUpdater] INFO  impl.StateMachineUpdater (StateMachineUpdater.java:takeSnapshot(269)) - b051e227-2375-447f-b0e9-7745e2cf082f@group-93EDBBD93981-StateMachineUpdater: Took a snapshot at index 1
2019-10-17 18:05:57,344 [b051e227-2375-447f-b0e9-7745e2cf082f@group-93EDBBD93981-StateMachineUpdater] INFO  impl.StateMachineUpdater (StateMachineUpdater.java:lambda$new$0(84)) - b051e227-2375-447f-b0e9-7745e2cf082f@group-93EDBBD93981-StateMachineUpdater: snapshotIndex: updateIncreasingly 1 -> 1
2019-10-17 18:05:57,344 [main] INFO  impl.RaftServerImpl (ServerState.java:close(387)) - b051e227-2375-447f-b0e9-7745e2cf082f@group-93EDBBD93981: closes. applyIndex: 2
2019-10-17 18:05:57,345 [b051e227-2375-447f-b0e9-7745e2cf082f@group-93EDBBD93981-SegmentedRaftLogWorker] INFO  segmented.SegmentedRaftLogWorker (SegmentedRaftLogWorker.java:run(316)) - b051e227-2375-447f-b0e9-7745e2cf082f@group-93EDBBD93981-SegmentedRaftLogWorker was interrupted, exiting. There are 0 tasks remaining in the queue.
2019-10-17 18:05:57,348 [main] INFO  segmented.SegmentedRaftLogWorker (SegmentedRaftLogWorker.java:close(224)) - b051e227-2375-447f-b0e9-7745e2cf082f@group-93EDBBD93981-SegmentedRaftLogWorker close()
2019-10-17 18:05:57,353 [main] INFO  server.GrpcService (GrpcService.java:closeImpl(164)) - b051e227-2375-447f-b0e9-7745e2cf082f: shutdown server with port 37724 now
2019-10-17 18:05:57,354 [grpc-default-executor-5] WARN  server.GrpcServerProtocolService (LogUtils.java:warn(134)) - b051e227-2375-447f-b0e9-7745e2cf082f: installSnapshot onError, lastRequest: e6a8ef7d-ad35-400e-be5d-a9fbfa4da82d->b051e227-2375-447f-b0e9-7745e2cf082f#5-t2, previous=(t:2, i:2), leaderCommit=2, initializing? false, entries: <empty>: org.apache.ratis.thirdparty.io.grpc.StatusRuntimeException: CANCELLED: cancelled before receiving half close
2019-10-17 18:05:57,355 [main] INFO  server.GrpcService (GrpcService.java:closeImpl(172)) - b051e227-2375-447f-b0e9-7745e2cf082f: shutdown server with port 37724 successfully
2019-10-17 18:05:57,356 [grpc-default-executor-2] WARN  server.GrpcLogAppender (LogUtils.java:warn(134)) - e6a8ef7d-ad35-400e-be5d-a9fbfa4da82d@group-93EDBBD93981->b051e227-2375-447f-b0e9-7745e2cf082f-AppendLogResponseHandler: Failed appendEntries: org.apache.ratis.thirdparty.io.grpc.StatusRuntimeException: CANCELLED: HTTP/2 error code: CANCEL
Received Rst Stream
2019-10-17 18:05:57,356 [grpc-default-executor-2] INFO  impl.FollowerInfo (FollowerInfo.java:lambda$new$0(51)) - e6a8ef7d-ad35-400e-be5d-a9fbfa4da82d@group-93EDBBD93981->b051e227-2375-447f-b0e9-7745e2cf082f: nextIndex: updateUnconditionally 3 -> 2
2019-10-17 18:05:57,361 [refreshUsed-/workdir/hadoop-ozone/integration-test/target/test-dir/MiniOzoneClusterImpl-e666d1ac-6527-4543-88b6-0d02e23d4ccf/datanode-2/data/containers] WARN  fs.CachingGetSpaceUsed (CachingGetSpaceUsed.java:run(183)) - Thread Interrupted waiting to refresh disk information: sleep interrupted
2019-10-17 18:05:57,380 [main] INFO  utils.BackgroundService (BackgroundService.java:shutdown(151)) - Shutting down service BlockDeletingService
2019-10-17 18:05:57,387 [main] INFO  statemachine.DatanodeStateMachine (DatanodeStateMachine.java:stopDaemon(395)) - Ozone container server stopped.
2019-10-17 18:05:57,389 [main] INFO  handler.ContextHandler (ContextHandler.java:doStop(910)) - Stopped o.e.j.w.WebAppContext@76396509{/,null,UNAVAILABLE}{/hddsDatanode}
2019-10-17 18:05:57,390 [main] INFO  server.AbstractConnector (AbstractConnector.java:doStop(318)) - Stopped ServerConnector@637c840d{HTTP/1.1,[http/1.1]}{0.0.0.0:0}
2019-10-17 18:05:57,390 [main] INFO  handler.ContextHandler (ContextHandler.java:doStop(910)) - Stopped o.e.j.s.ServletContextHandler@3e5beab5{/static,jar:file:/home/user/.m2/repository/org/apache/hadoop/hadoop-hdds-container-service/0.5.0-SNAPSHOT/hadoop-hdds-container-service-0.5.0-SNAPSHOT.jar!/webapps/static,UNAVAILABLE}
2019-10-17 18:05:57,390 [main] INFO  handler.ContextHandler (ContextHandler.java:doStop(910)) - Stopped o.e.j.s.ServletContextHandler@372f0a99{/logs,file:///workdir/hadoop-ozone/integration-test/target/log,UNAVAILABLE}
2019-10-17 18:05:57,403 [grpc-default-executor-1] WARN  server.GrpcLogAppender (LogUtils.java:warn(134)) - e6a8ef7d-ad35-400e-be5d-a9fbfa4da82d@group-93EDBBD93981->b051e227-2375-447f-b0e9-7745e2cf082f-AppendLogResponseHandler: Failed appendEntries: org.apache.ratis.thirdparty.io.grpc.StatusRuntimeException: UNAVAILABLE: io exception
2019-10-17 18:05:57,404 [grpc-default-executor-1] INFO  impl.FollowerInfo (FollowerInfo.java:lambda$new$0(51)) - e6a8ef7d-ad35-400e-be5d-a9fbfa4da82d@group-93EDBBD93981->b051e227-2375-447f-b0e9-7745e2cf082f: nextIndex: updateUnconditionally 3 -> 2
2019-10-17 18:05:57,413 [grpc-default-executor-0] WARN  server.GrpcLogAppender (LogUtils.java:warn(134)) - e6a8ef7d-ad35-400e-be5d-a9fbfa4da82d@group-93EDBBD93981->b051e227-2375-447f-b0e9-7745e2cf082f-AppendLogResponseHandler: Failed appendEntries: org.apache.ratis.thirdparty.io.grpc.StatusRuntimeException: UNAVAILABLE: io exception
2019-10-17 18:05:57,414 [grpc-default-executor-0] INFO  impl.FollowerInfo (FollowerInfo.java:lambda$new$0(51)) - e6a8ef7d-ad35-400e-be5d-a9fbfa4da82d@group-93EDBBD93981->b051e227-2375-447f-b0e9-7745e2cf082f: nextIndex: updateUnconditionally 3 -> 2
2019-10-17 18:05:57,426 [grpc-default-executor-1] WARN  server.GrpcLogAppender (LogUtils.java:warn(134)) - e6a8ef7d-ad35-400e-be5d-a9fbfa4da82d@group-93EDBBD93981->b051e227-2375-447f-b0e9-7745e2cf082f-AppendLogResponseHandler: Failed appendEntries: org.apache.ratis.thirdparty.io.grpc.StatusRuntimeException: UNAVAILABLE: io exception
2019-10-17 18:05:57,426 [grpc-default-executor-1] INFO  impl.FollowerInfo (FollowerInfo.java:lambda$new$0(51)) - e6a8ef7d-ad35-400e-be5d-a9fbfa4da82d@group-93EDBBD93981->b051e227-2375-447f-b0e9-7745e2cf082f: nextIndex: updateUnconditionally 3 -> 2
2019-10-17 18:05:57,437 [EventQueue-IncrementalContainerReportForIncrementalContainerReportHandler] WARN  container.IncrementalContainerReportHandler (AbstractContainerReportHandler.java:updateContainerState(145)) - Container #1 is in OPEN state, but the datanode e6a8ef7d-ad35-400e-be5d-a9fbfa4da82d{ip: 192.168.34.17, host: pr-hdds-2240-zn58d-574671676, networkLocation: /default-rack, certSerialId: null} reports an CLOSING replica.
2019-10-17 18:05:57,460 [EventQueue-IncrementalContainerReportForIncrementalContainerReportHandler] WARN  container.IncrementalContainerReportHandler (AbstractContainerReportHandler.java:updateContainerState(145)) - Container #1 is in OPEN state, but the datanode 81d9c424-50f5-4636-a584-91e925d399d5{ip: 192.168.34.17, host: pr-hdds-2240-zn58d-574671676, networkLocation: /default-rack, certSerialId: null} reports an CLOSING replica.
2019-10-17 18:05:57,549 [RatisApplyTransactionExecutor 1] INFO  interfaces.Container (KeyValueContainer.java:flushAndSyncDB(386)) - Container 1 is synced with bcsId 0.
2019-10-17 18:05:57,649 [RatisApplyTransactionExecutor 1] INFO  interfaces.Container (KeyValueContainer.java:flushAndSyncDB(386)) - Container 1 is synced with bcsId 0.
2019-10-17 18:05:57,665 [RatisApplyTransactionExecutor 1] INFO  interfaces.Container (KeyValueContainer.java:flushAndSyncDB(386)) - Container 1 is synced with bcsId 0.
2019-10-17 18:05:57,665 [RatisApplyTransactionExecutor 1] INFO  interfaces.Container (KeyValueContainer.java:flushAndSyncDB(386)) - Container 1 is synced with bcsId 0.
2019-10-17 18:05:57,682 [RatisApplyTransactionExecutor 1] INFO  interfaces.Container (KeyValueContainer.java:close(335)) - Container 1 is closed with bcsId 0.
2019-10-17 18:05:57,682 [RatisApplyTransactionExecutor 1] INFO  interfaces.Container (KeyValueContainer.java:close(335)) - Container 1 is closed with bcsId 0.
2019-10-17 18:05:57,692 [EventQueue-IncrementalContainerReportForIncrementalContainerReportHandler] WARN  container.IncrementalContainerReportHandler (AbstractContainerReportHandler.java:updateContainerState(145)) - Container #1 is in OPEN state, but the datanode 81d9c424-50f5-4636-a584-91e925d399d5{ip: 192.168.34.17, host: pr-hdds-2240-zn58d-574671676, networkLocation: /default-rack, certSerialId: null} reports an CLOSED replica.
2019-10-17 18:05:57,696 [EventQueue-IncrementalContainerReportForIncrementalContainerReportHandler] WARN  container.IncrementalContainerReportHandler (AbstractContainerReportHandler.java:updateContainerState(145)) - Container #1 is in OPEN state, but the datanode e6a8ef7d-ad35-400e-be5d-a9fbfa4da82d{ip: 192.168.34.17, host: pr-hdds-2240-zn58d-574671676, networkLocation: /default-rack, certSerialId: null} reports an CLOSED replica.
2019-10-17 18:05:59,930 [grpc-default-executor-0] WARN  server.GrpcLogAppender (LogUtils.java:warn(134)) - e6a8ef7d-ad35-400e-be5d-a9fbfa4da82d@group-93EDBBD93981->b051e227-2375-447f-b0e9-7745e2cf082f-AppendLogResponseHandler: Failed appendEntries: org.apache.ratis.thirdparty.io.grpc.StatusRuntimeException: UNAVAILABLE: io exception
2019-10-17 18:05:59,931 [grpc-default-executor-0] INFO  impl.FollowerInfo (FollowerInfo.java:lambda$new$0(51)) - e6a8ef7d-ad35-400e-be5d-a9fbfa4da82d@group-93EDBBD93981->b051e227-2375-447f-b0e9-7745e2cf082f: nextIndex: updateUnconditionally 2 -> 1
2019-10-17 18:06:00,713 [main] WARN  scm.XceiverClientRatis (XceiverClientRatis.java:watchForCommit(277)) - 3 way commit failed on pipeline Pipeline[ Id: a18a9fbb-0299-44b5-9a17-93edbbd93981, Nodes: b051e227-2375-447f-b0e9-7745e2cf082f{ip: 192.168.34.17, host: pr-hdds-2240-zn58d-574671676, networkLocation: /default-rack, certSerialId: null}81d9c424-50f5-4636-a584-91e925d399d5{ip: 192.168.34.17, host: pr-hdds-2240-zn58d-574671676, networkLocation: /default-rack, certSerialId: null}e6a8ef7d-ad35-400e-be5d-a9fbfa4da82d{ip: 192.168.34.17, host: pr-hdds-2240-zn58d-574671676, networkLocation: /default-rack, certSerialId: null}, Type:RATIS, Factor:THREE, State:OPEN]
java.util.concurrent.TimeoutException
	at java.util.concurrent.CompletableFuture.timedGet(CompletableFuture.java:1771)
	at java.util.concurrent.CompletableFuture.get(CompletableFuture.java:1915)
	at org.apache.hadoop.hdds.scm.XceiverClientRatis.watchForCommit(XceiverClientRatis.java:274)
	at org.apache.hadoop.ozone.client.rpc.TestWatchForCommit.test2WayCommitForTimeoutException(TestWatchForCommit.java:391)
	at sun.reflect.NativeMethodAccessorImpl.invoke0(Native Method)
	at sun.reflect.NativeMethodAccessorImpl.invoke(NativeMethodAccessorImpl.java:62)
	at sun.reflect.DelegatingMethodAccessorImpl.invoke(DelegatingMethodAccessorImpl.java:43)
	at java.lang.reflect.Method.invoke(Method.java:498)
	at org.junit.runners.model.FrameworkMethod$1.runReflectiveCall(FrameworkMethod.java:47)
	at org.junit.internal.runners.model.ReflectiveCallable.run(ReflectiveCallable.java:12)
	at org.junit.runners.model.FrameworkMethod.invokeExplosively(FrameworkMethod.java:44)
	at org.junit.internal.runners.statements.InvokeMethod.evaluate(InvokeMethod.java:17)
	at org.junit.runners.ParentRunner.runLeaf(ParentRunner.java:271)
	at org.junit.runners.BlockJUnit4ClassRunner.runChild(BlockJUnit4ClassRunner.java:70)
	at org.junit.runners.BlockJUnit4ClassRunner.runChild(BlockJUnit4ClassRunner.java:50)
	at org.junit.runners.ParentRunner$3.run(ParentRunner.java:238)
	at org.junit.runners.ParentRunner$1.schedule(ParentRunner.java:63)
	at org.junit.runners.ParentRunner.runChildren(ParentRunner.java:236)
	at org.junit.runners.ParentRunner.access$000(ParentRunner.java:53)
	at org.junit.runners.ParentRunner$2.evaluate(ParentRunner.java:229)
	at org.junit.runners.ParentRunner.run(ParentRunner.java:309)
	at org.apache.maven.surefire.junit4.JUnit4Provider.execute(JUnit4Provider.java:365)
	at org.apache.maven.surefire.junit4.JUnit4Provider.executeWithRerun(JUnit4Provider.java:273)
	at org.apache.maven.surefire.junit4.JUnit4Provider.executeTestSet(JUnit4Provider.java:238)
	at org.apache.maven.surefire.junit4.JUnit4Provider.invoke(JUnit4Provider.java:159)
	at org.apache.maven.surefire.booter.ForkedBooter.invokeProviderInSameClassLoader(ForkedBooter.java:384)
	at org.apache.maven.surefire.booter.ForkedBooter.runSuitesInProcess(ForkedBooter.java:345)
	at org.apache.maven.surefire.booter.ForkedBooter.execute(ForkedBooter.java:126)
	at org.apache.maven.surefire.booter.ForkedBooter.main(ForkedBooter.java:418)
2019-10-17 18:06:02,429 [grpc-default-executor-1] WARN  server.GrpcLogAppender (LogUtils.java:warn(134)) - e6a8ef7d-ad35-400e-be5d-a9fbfa4da82d@group-93EDBBD93981->b051e227-2375-447f-b0e9-7745e2cf082f-AppendLogResponseHandler: Failed appendEntries: org.apache.ratis.thirdparty.io.grpc.StatusRuntimeException: UNAVAILABLE: io exception
2019-10-17 18:06:02,430 [grpc-default-executor-1] INFO  impl.FollowerInfo (FollowerInfo.java:lambda$new$0(51)) - e6a8ef7d-ad35-400e-be5d-a9fbfa4da82d@group-93EDBBD93981->b051e227-2375-447f-b0e9-7745e2cf082f: nextIndex: updateUnconditionally 1 -> 0
]]></system-out>
    <system-err><![CDATA[Oct 17, 2019 6:05:57 PM org.apache.ratis.thirdparty.io.grpc.internal.SerializingExecutor run
SEVERE: Exception while executing runnable org.apache.ratis.thirdparty.io.grpc.internal.ServerImpl$JumpToApplicationThreadServerStreamListener$1Closed@45f0986a
org.apache.ratis.thirdparty.io.grpc.StatusRuntimeException: CANCELLED: call already cancelled
	at org.apache.ratis.thirdparty.io.grpc.Status.asRuntimeException(Status.java:517)
	at org.apache.ratis.thirdparty.io.grpc.stub.ServerCalls$ServerCallStreamObserverImpl.onCompleted(ServerCalls.java:356)
	at org.apache.ratis.grpc.server.GrpcServerProtocolService$ServerRequestStreamObserver.onError(GrpcServerProtocolService.java:121)
	at org.apache.ratis.thirdparty.io.grpc.stub.ServerCalls$StreamingServerCallHandler$StreamingServerCallListener.onCancel(ServerCalls.java:269)
	at org.apache.ratis.thirdparty.io.grpc.internal.ServerCallImpl$ServerStreamListenerImpl.closed(ServerCallImpl.java:293)
	at org.apache.ratis.thirdparty.io.grpc.internal.ServerImpl$JumpToApplicationThreadServerStreamListener$1Closed.runInContext(ServerImpl.java:741)
	at org.apache.ratis.thirdparty.io.grpc.internal.ContextRunnable.run(ContextRunnable.java:37)
	at org.apache.ratis.thirdparty.io.grpc.internal.SerializingExecutor.run(SerializingExecutor.java:123)
	at java.util.concurrent.ThreadPoolExecutor.runWorker(ThreadPoolExecutor.java:1149)
	at java.util.concurrent.ThreadPoolExecutor$Worker.run(ThreadPoolExecutor.java:624)
	at java.lang.Thread.run(Thread.java:748)

]]></system-err>
  </testcase>
</testsuite>