<?xml version="1.0" encoding="UTF-8"?>
<testsuite xmlns:xsi="http://www.w3.org/2001/XMLSchema-instance" xsi:noNamespaceSchemaLocation="https://maven.apache.org/surefire/maven-surefire-plugin/xsd/surefire-test-report.xsd" name="org.apache.hadoop.ozone.client.rpc.TestDeleteWithSlowFollower" time="151.441" tests="1" errors="0" skipped="0" failures="1">
  <properties>
    <property name="awt.toolkit" value="sun.awt.X11.XToolkit"/>
    <property name="file.encoding.pkg" value="sun.io"/>
    <property name="java.specification.version" value="1.8"/>
    <property name="sun.cpu.isalist" value=""/>
    <property name="sun.jnu.encoding" value="ANSI_X3.4-1968"/>
    <property name="java.class.path" value="/workdir/hadoop-ozone/integration-test/target/test-classes:/workdir/hadoop-ozone/integration-test/target/classes:/home/user/.m2/repository/org/apache/hadoop/hadoop-ozone-common/0.5.0-SNAPSHOT/hadoop-ozone-common-0.5.0-SNAPSHOT.jar:/home/user/.m2/repository/org/apache/commons/commons-compress/1.4.1/commons-compress-1.4.1.jar:/home/user/.m2/repository/org/tukaani/xz/1.0/xz-1.0.jar:/home/user/.m2/repository/org/apache/hadoop/hadoop-common/3.2.0/hadoop-common-3.2.0.jar:/home/user/.m2/repository/org/apache/hadoop/hadoop-hdfs/3.2.0/hadoop-hdfs-3.2.0.jar:/home/user/.m2/repository/org/apache/hadoop/hadoop-hdfs-client/3.2.0/hadoop-hdfs-client-3.2.0.jar:/home/user/.m2/repository/com/fasterxml/jackson/core/jackson-annotations/2.9.9/jackson-annotations-2.9.9.jar:/home/user/.m2/repository/org/apache/hadoop/hadoop-hdds-common/0.5.0-SNAPSHOT/hadoop-hdds-common-0.5.0-SNAPSHOT.jar:/home/user/.m2/repository/javax/annotation/javax.annotation-api/1.2/javax.annotation-api-1.2.jar:/home/user/.m2/repository/org/apache/ratis/ratis-server/0.5.0-ced7dbf-SNAPSHOT/ratis-server-0.5.0-ced7dbf-SNAPSHOT.jar:/home/user/.m2/repository/org/apache/ratis/ratis-thirdparty-misc/0.2.0/ratis-thirdparty-misc-0.2.0.jar:/home/user/.m2/repository/org/apache/ratis/ratis-proto/0.5.0-ced7dbf-SNAPSHOT/ratis-proto-0.5.0-ced7dbf-SNAPSHOT.jar:/home/user/.m2/repository/org/apache/ratis/ratis-common/0.5.0-ced7dbf-SNAPSHOT/ratis-common-0.5.0-ced7dbf-SNAPSHOT.jar:/home/user/.m2/repository/org/apache/ratis/ratis-client/0.5.0-ced7dbf-SNAPSHOT/ratis-client-0.5.0-ced7dbf-SNAPSHOT.jar:/home/user/.m2/repository/org/apache/ratis/ratis-metrics/0.5.0-ced7dbf-SNAPSHOT/ratis-metrics-0.5.0-ced7dbf-SNAPSHOT.jar:/home/user/.m2/repository/org/apache/ratis/ratis-netty/0.5.0-ced7dbf-SNAPSHOT/ratis-netty-0.5.0-ced7dbf-SNAPSHOT.jar:/home/user/.m2/repository/org/apache/ratis/ratis-grpc/0.5.0-ced7dbf-SNAPSHOT/ratis-grpc-0.5.0-ced7dbf-SNAPSHOT.jar:/home/user/.m2/repository/org/rocksdb/rocksdbjni/6.0.1/rocksdbjni-6.0.1.jar:/home/user/.m2/repository/org/apache/logging/log4j/log4j-api/2.11.0/log4j-api-2.11.0.jar:/home/user/.m2/repository/org/apache/logging/log4j/log4j-core/2.11.0/log4j-core-2.11.0.jar:/home/user/.m2/repository/com/lmax/disruptor/3.4.2/disruptor-3.4.2.jar:/home/user/.m2/repository/org/apache/commons/commons-pool2/2.6.0/commons-pool2-2.6.0.jar:/home/user/.m2/repository/org/bouncycastle/bcpkix-jdk15on/1.60/bcpkix-jdk15on-1.60.jar:/home/user/.m2/repository/commons-validator/commons-validator/1.6/commons-validator-1.6.jar:/home/user/.m2/repository/commons-digester/commons-digester/1.8.1/commons-digester-1.8.1.jar:/home/user/.m2/repository/io/jaegertracing/jaeger-client/0.34.0/jaeger-client-0.34.0.jar:/home/user/.m2/repository/io/jaegertracing/jaeger-thrift/0.34.0/jaeger-thrift-0.34.0.jar:/home/user/.m2/repository/org/apache/thrift/libthrift/0.12.0/libthrift-0.12.0.jar:/home/user/.m2/repository/com/squareup/okhttp3/okhttp/3.9.0/okhttp-3.9.0.jar:/home/user/.m2/repository/com/squareup/okio/okio/1.13.0/okio-1.13.0.jar:/home/user/.m2/repository/io/jaegertracing/jaeger-core/0.34.0/jaeger-core-0.34.0.jar:/home/user/.m2/repository/io/jaegertracing/jaeger-tracerresolver/0.34.0/jaeger-tracerresolver-0.34.0.jar:/home/user/.m2/repository/io/opentracing/contrib/opentracing-tracerresolver/0.1.5/opentracing-tracerresolver-0.1.5.jar:/home/user/.m2/repository/io/opentracing/opentracing-util/0.31.0/opentracing-util-0.31.0.jar:/home/user/.m2/repository/io/opentracing/opentracing-api/0.31.0/opentracing-api-0.31.0.jar:/home/user/.m2/repository/io/opentracing/opentracing-noop/0.31.0/opentracing-noop-0.31.0.jar:/home/user/.m2/repository/org/apache/hadoop/hadoop-hdds-server-framework/0.5.0-SNAPSHOT/hadoop-hdds-server-framework-0.5.0-SNAPSHOT.jar:/home/user/.m2/repository/org/apache/hadoop/hadoop-hdds-container-service/0.5.0-SNAPSHOT/hadoop-hdds-container-service-0.5.0-SNAPSHOT.jar:/home/user/.m2/repository/org/apache/hadoop/hadoop-hdds-client/0.5.0-SNAPSHOT/hadoop-hdds-client-0.5.0-SNAPSHOT.jar:/home/user/.m2/repository/org/apache/hadoop/hadoop-hdds-tools/0.5.0-SNAPSHOT/hadoop-hdds-tools-0.5.0-SNAPSHOT.jar:/home/user/.m2/repository/org/apache/hadoop/hadoop-hdds-server-scm/0.5.0-SNAPSHOT/hadoop-hdds-server-scm-0.5.0-SNAPSHOT.jar:/home/user/.m2/repository/org/apache/hadoop/hadoop-hdds-docs/0.5.0-SNAPSHOT/hadoop-hdds-docs-0.5.0-SNAPSHOT.jar:/home/user/.m2/repository/io/dropwizard/metrics/metrics-core/3.2.4/metrics-core-3.2.4.jar:/home/user/.m2/repository/org/hamcrest/hamcrest-all/1.3/hamcrest-all-1.3.jar:/home/user/.m2/repository/org/bouncycastle/bcprov-jdk15on/1.60/bcprov-jdk15on-1.60.jar:/home/user/.m2/repository/info/picocli/picocli/3.9.6/picocli-3.9.6.jar:/home/user/.m2/repository/com/google/protobuf/protobuf-java/2.5.0/protobuf-java-2.5.0.jar:/home/user/.m2/repository/com/google/guava/guava/11.0.2/guava-11.0.2.jar:/home/user/.m2/repository/org/apache/hadoop/hadoop-ozone-ozone-manager/0.5.0-SNAPSHOT/hadoop-ozone-ozone-manager-0.5.0-SNAPSHOT.jar:/home/user/.m2/repository/org/apache/hadoop/hadoop-minikdc/3.2.0/hadoop-minikdc-3.2.0.jar:/home/user/.m2/repository/commons-io/commons-io/2.5/commons-io-2.5.jar:/home/user/.m2/repository/org/apache/kerby/kerb-simplekdc/1.0.1/kerb-simplekdc-1.0.1.jar:/home/user/.m2/repository/org/apache/kerby/kerb-client/1.0.1/kerb-client-1.0.1.jar:/home/user/.m2/repository/org/apache/kerby/kerby-config/1.0.1/kerby-config-1.0.1.jar:/home/user/.m2/repository/org/apache/kerby/kerb-core/1.0.1/kerb-core-1.0.1.jar:/home/user/.m2/repository/org/apache/kerby/kerby-pkix/1.0.1/kerby-pkix-1.0.1.jar:/home/user/.m2/repository/org/apache/kerby/kerby-asn1/1.0.1/kerby-asn1-1.0.1.jar:/home/user/.m2/repository/org/apache/kerby/kerby-util/1.0.1/kerby-util-1.0.1.jar:/home/user/.m2/repository/org/apache/kerby/kerb-common/1.0.1/kerb-common-1.0.1.jar:/home/user/.m2/repository/org/apache/kerby/kerb-crypto/1.0.1/kerb-crypto-1.0.1.jar:/home/user/.m2/repository/org/apache/kerby/kerb-util/1.0.1/kerb-util-1.0.1.jar:/home/user/.m2/repository/org/apache/kerby/token-provider/1.0.1/token-provider-1.0.1.jar:/home/user/.m2/repository/org/apache/kerby/kerb-admin/1.0.1/kerb-admin-1.0.1.jar:/home/user/.m2/repository/org/apache/kerby/kerb-server/1.0.1/kerb-server-1.0.1.jar:/home/user/.m2/repository/org/apache/kerby/kerb-identity/1.0.1/kerb-identity-1.0.1.jar:/home/user/.m2/repository/org/apache/kerby/kerby-xdr/1.0.1/kerby-xdr-1.0.1.jar:/home/user/.m2/repository/org/slf4j/slf4j-log4j12/1.7.25/slf4j-log4j12-1.7.25.jar:/home/user/.m2/repository/org/apache/hadoop/hadoop-ozone-s3gateway/0.5.0-SNAPSHOT/hadoop-ozone-s3gateway-0.5.0-SNAPSHOT.jar:/home/user/.m2/repository/org/jboss/weld/servlet/weld-servlet/2.4.7.Final/weld-servlet-2.4.7.Final.jar:/home/user/.m2/repository/org/glassfish/jersey/containers/jersey-container-servlet-core/2.27/jersey-container-servlet-core-2.27.jar:/home/user/.m2/repository/org/glassfish/hk2/external/javax.inject/2.5.0-b42/javax.inject-2.5.0-b42.jar:/home/user/.m2/repository/org/glassfish/jersey/core/jersey-common/2.27/jersey-common-2.27.jar:/home/user/.m2/repository/org/glassfish/hk2/osgi-resource-locator/1.0.1/osgi-resource-locator-1.0.1.jar:/home/user/.m2/repository/javax/ws/rs/javax.ws.rs-api/2.1/javax.ws.rs-api-2.1.jar:/home/user/.m2/repository/org/glassfish/jersey/ext/cdi/jersey-cdi1x/2.27/jersey-cdi1x-2.27.jar:/home/user/.m2/repository/org/glassfish/jersey/inject/jersey-hk2/2.27/jersey-hk2-2.27.jar:/home/user/.m2/repository/org/glassfish/hk2/hk2-locator/2.5.0-b42/hk2-locator-2.5.0-b42.jar:/home/user/.m2/repository/org/javassist/javassist/3.22.0-CR2/javassist-3.22.0-CR2.jar:/home/user/.m2/repository/org/glassfish/hk2/hk2-api/2.5.0/hk2-api-2.5.0.jar:/home/user/.m2/repository/org/glassfish/hk2/external/jakarta.inject/2.5.0/jakarta.inject-2.5.0.jar:/home/user/.m2/repository/org/glassfish/hk2/hk2-utils/2.5.0/hk2-utils-2.5.0.jar:/home/user/.m2/repository/jakarta/annotation/jakarta.annotation-api/1.3.4/jakarta.annotation-api-1.3.4.jar:/home/user/.m2/repository/org/glassfish/hk2/external/aopalliance-repackaged/2.5.0/aopalliance-repackaged-2.5.0.jar:/home/user/.m2/repository/com/fasterxml/jackson/dataformat/jackson-dataformat-xml/2.9.0/jackson-dataformat-xml-2.9.0.jar:/home/user/.m2/repository/com/fasterxml/jackson/core/jackson-core/2.9.9/jackson-core-2.9.9.jar:/home/user/.m2/repository/com/fasterxml/jackson/module/jackson-module-jaxb-annotations/2.9.9/jackson-module-jaxb-annotations-2.9.9.jar:/home/user/.m2/repository/javax/enterprise/cdi-api/1.2/cdi-api-1.2.jar:/home/user/.m2/repository/javax/el/javax.el-api/3.0.0/javax.el-api-3.0.0.jar:/home/user/.m2/repository/javax/interceptor/javax.interceptor-api/1.2/javax.interceptor-api-1.2.jar:/home/user/.m2/repository/javax/inject/javax.inject/1/javax.inject-1.jar:/home/user/.m2/repository/com/sun/xml/bind/jaxb-impl/2.3.0.1/jaxb-impl-2.3.0.1.jar:/home/user/.m2/repository/com/sun/xml/bind/jaxb-core/2.3.0.1/jaxb-core-2.3.0.1.jar:/home/user/.m2/repository/javax/xml/bind/jaxb-api/2.3.0/jaxb-api-2.3.0.jar:/home/user/.m2/repository/javax/activation/activation/1.1.1/activation-1.1.1.jar:/home/user/.m2/repository/org/apache/hadoop/hadoop-ozone-csi/0.5.0-SNAPSHOT/hadoop-ozone-csi-0.5.0-SNAPSHOT.jar:/home/user/.m2/repository/com/google/protobuf/protobuf-java-util/3.5.1/protobuf-java-util-3.5.1.jar:/home/user/.m2/repository/org/apache/hadoop/hadoop-hdds-config/0.5.0-SNAPSHOT/hadoop-hdds-config-0.5.0-SNAPSHOT.jar:/home/user/.m2/repository/io/grpc/grpc-netty/1.17.1/grpc-netty-1.17.1.jar:/home/user/.m2/repository/io/grpc/grpc-core/1.17.1/grpc-core-1.17.1.jar:/home/user/.m2/repository/io/grpc/grpc-context/1.17.1/grpc-context-1.17.1.jar:/home/user/.m2/repository/com/google/errorprone/error_prone_annotations/2.2.0/error_prone_annotations-2.2.0.jar:/home/user/.m2/repository/org/codehaus/mojo/animal-sniffer-annotations/1.17/animal-sniffer-annotations-1.17.jar:/home/user/.m2/repository/io/opencensus/opencensus-api/0.17.0/opencensus-api-0.17.0.jar:/home/user/.m2/repository/io/opencensus/opencensus-contrib-grpc-metrics/0.17.0/opencensus-contrib-grpc-metrics-0.17.0.jar:/home/user/.m2/repository/io/netty/netty-codec-http2/4.1.30.Final/netty-codec-http2-4.1.30.Final.jar:/home/user/.m2/repository/io/netty/netty-codec-http/4.1.30.Final/netty-codec-http-4.1.30.Final.jar:/home/user/.m2/repository/io/netty/netty-codec/4.1.30.Final/netty-codec-4.1.30.Final.jar:/home/user/.m2/repository/io/netty/netty-handler/4.1.30.Final/netty-handler-4.1.30.Final.jar:/home/user/.m2/repository/io/netty/netty-handler-proxy/4.1.30.Final/netty-handler-proxy-4.1.30.Final.jar:/home/user/.m2/repository/io/netty/netty-codec-socks/4.1.30.Final/netty-codec-socks-4.1.30.Final.jar:/home/user/.m2/repository/io/netty/netty-transport-native-epoll/4.1.30.Final/netty-transport-native-epoll-4.1.30.Final.jar:/home/user/.m2/repository/io/netty/netty-common/4.1.30.Final/netty-common-4.1.30.Final.jar:/home/user/.m2/repository/io/netty/netty-buffer/4.1.30.Final/netty-buffer-4.1.30.Final.jar:/home/user/.m2/repository/io/netty/netty-transport/4.1.30.Final/netty-transport-4.1.30.Final.jar:/home/user/.m2/repository/io/netty/netty-resolver/4.1.30.Final/netty-resolver-4.1.30.Final.jar:/home/user/.m2/repository/io/netty/netty-transport-native-unix-common/4.1.30.Final/netty-transport-native-unix-common-4.1.30.Final.jar:/home/user/.m2/repository/io/grpc/grpc-protobuf/1.17.1/grpc-protobuf-1.17.1.jar:/home/user/.m2/repository/com/google/api/grpc/proto-google-common-protos/1.0.0/proto-google-common-protos-1.0.0.jar:/home/user/.m2/repository/io/grpc/grpc-protobuf-lite/1.17.1/grpc-protobuf-lite-1.17.1.jar:/home/user/.m2/repository/io/grpc/grpc-stub/1.17.1/grpc-stub-1.17.1.jar:/home/user/.m2/repository/org/apache/hadoop/hadoop-ozone-recon/0.5.0-SNAPSHOT/hadoop-ozone-recon-0.5.0-SNAPSHOT.jar:/home/user/.m2/repository/org/apache/hadoop/hadoop-ozone-reconcodegen/0.5.0-SNAPSHOT/hadoop-ozone-reconcodegen-0.5.0-SNAPSHOT.jar:/home/user/.m2/repository/com/google/inject/extensions/guice-multibindings/4.0/guice-multibindings-4.0.jar:/home/user/.m2/repository/com/google/inject/guice/4.0/guice-4.0.jar:/home/user/.m2/repository/aopalliance/aopalliance/1.0/aopalliance-1.0.jar:/home/user/.m2/repository/com/google/inject/extensions/guice-servlet/4.0/guice-servlet-4.0.jar:/home/user/.m2/repository/org/glassfish/jersey/containers/jersey-container-servlet/2.27/jersey-container-servlet-2.27.jar:/home/user/.m2/repository/org/glassfish/hk2/guice-bridge/2.5.0/guice-bridge-2.5.0.jar:/home/user/.m2/repository/org/glassfish/jersey/core/jersey-server/2.27/jersey-server-2.27.jar:/home/user/.m2/repository/org/glassfish/jersey/core/jersey-client/2.27/jersey-client-2.27.jar:/home/user/.m2/repository/org/glassfish/jersey/media/jersey-media-jaxb/2.27/jersey-media-jaxb-2.27.jar:/home/user/.m2/repository/javax/validation/validation-api/1.1.0.Final/validation-api-1.1.0.Final.jar:/home/user/.m2/repository/org/glassfish/jersey/media/jersey-media-json-jackson/2.27/jersey-media-json-jackson-2.27.jar:/home/user/.m2/repository/org/glassfish/jersey/ext/jersey-entity-filtering/2.27/jersey-entity-filtering-2.27.jar:/home/user/.m2/repository/com/google/inject/extensions/guice-assistedinject/4.0/guice-assistedinject-4.0.jar:/home/user/.m2/repository/org/jooq/jooq/3.11.10/jooq-3.11.10.jar:/home/user/.m2/repository/org/jooq/jooq-meta/3.11.10/jooq-meta-3.11.10.jar:/home/user/.m2/repository/org/jooq/jooq-codegen/3.11.10/jooq-codegen-3.11.10.jar:/home/user/.m2/repository/com/jolbox/bonecp/0.8.0.RELEASE/bonecp-0.8.0.RELEASE.jar:/home/user/.m2/repository/org/xerial/sqlite-jdbc/3.25.2/sqlite-jdbc-3.25.2.jar:/home/user/.m2/repository/org/springframework/spring-jdbc/5.1.3.RELEASE/spring-jdbc-5.1.3.RELEASE.jar:/home/user/.m2/repository/org/springframework/spring-beans/5.1.3.RELEASE/spring-beans-5.1.3.RELEASE.jar:/home/user/.m2/repository/org/springframework/spring-core/5.1.3.RELEASE/spring-core-5.1.3.RELEASE.jar:/home/user/.m2/repository/org/springframework/spring-jcl/5.1.3.RELEASE/spring-jcl-5.1.3.RELEASE.jar:/home/user/.m2/repository/org/springframework/spring-tx/5.1.3.RELEASE/spring-tx-5.1.3.RELEASE.jar:/home/user/.m2/repository/org/apache/hadoop/hadoop-ozone-client/0.5.0-SNAPSHOT/hadoop-ozone-client-0.5.0-SNAPSHOT.jar:/home/user/.m2/repository/commons-lang/commons-lang/2.6/commons-lang-2.6.jar:/home/user/.m2/repository/org/apache/hadoop/hadoop-ozone-ozone-manager/0.5.0-SNAPSHOT/hadoop-ozone-ozone-manager-0.5.0-SNAPSHOT-tests.jar:/home/user/.m2/repository/junit/junit/4.11/junit-4.11.jar:/home/user/.m2/repository/org/hamcrest/hamcrest-core/1.3/hamcrest-core-1.3.jar:/home/user/.m2/repository/org/openjdk/jmh/jmh-core/1.19/jmh-core-1.19.jar:/home/user/.m2/repository/net/sf/jopt-simple/jopt-simple/4.6/jopt-simple-4.6.jar:/home/user/.m2/repository/org/apache/commons/commons-math3/3.1.1/commons-math3-3.1.1.jar:/home/user/.m2/repository/org/openjdk/jmh/jmh-generator-annprocess/1.19/jmh-generator-annprocess-1.19.jar:/home/user/.m2/repository/org/mockito/mockito-all/1.8.5/mockito-all-1.8.5.jar:/home/user/.m2/repository/org/apache/hadoop/hadoop-kms/3.2.0/hadoop-kms-3.2.0.jar:/home/user/.m2/repository/org/apache/hadoop/hadoop-auth/3.2.0/hadoop-auth-3.2.0.jar:/home/user/.m2/repository/com/nimbusds/nimbus-jose-jwt/4.41.1/nimbus-jose-jwt-4.41.1.jar:/home/user/.m2/repository/com/github/stephenc/jcip/jcip-annotations/1.0-1/jcip-annotations-1.0-1.jar:/home/user/.m2/repository/net/minidev/json-smart/2.3/json-smart-2.3.jar:/home/user/.m2/repository/net/minidev/accessors-smart/1.2/accessors-smart-1.2.jar:/home/user/.m2/repository/org/ow2/asm/asm/5.0.4/asm-5.0.4.jar:/home/user/.m2/repository/org/apache/curator/curator-framework/2.12.0/curator-framework-2.12.0.jar:/home/user/.m2/repository/com/sun/jersey/jersey-core/1.19/jersey-core-1.19.jar:/home/user/.m2/repository/javax/ws/rs/jsr311-api/1.1.1/jsr311-api-1.1.1.jar:/home/user/.m2/repository/com/sun/jersey/jersey-server/1.19/jersey-server-1.19.jar:/home/user/.m2/repository/javax/servlet/javax.servlet-api/3.1.0/javax.servlet-api-3.1.0.jar:/home/user/.m2/repository/org/eclipse/jetty/jetty-server/9.3.25.v20180904/jetty-server-9.3.25.v20180904.jar:/home/user/.m2/repository/org/eclipse/jetty/jetty-http/9.3.25.v20180904/jetty-http-9.3.25.v20180904.jar:/home/user/.m2/repository/org/eclipse/jetty/jetty-io/9.3.25.v20180904/jetty-io-9.3.25.v20180904.jar:/home/user/.m2/repository/org/eclipse/jetty/jetty-webapp/9.3.25.v20180904/jetty-webapp-9.3.25.v20180904.jar:/home/user/.m2/repository/org/eclipse/jetty/jetty-xml/9.3.25.v20180904/jetty-xml-9.3.25.v20180904.jar:/home/user/.m2/repository/log4j/log4j/1.2.17/log4j-1.2.17.jar:/home/user/.m2/repository/org/slf4j/slf4j-api/1.7.25/slf4j-api-1.7.25.jar:/home/user/.m2/repository/org/slf4j/jul-to-slf4j/1.7.25/jul-to-slf4j-1.7.25.jar:/home/user/.m2/repository/org/eclipse/jetty/jetty-util/9.3.25.v20180904/jetty-util-9.3.25.v20180904.jar:/home/user/.m2/repository/com/fasterxml/jackson/core/jackson-databind/2.9.9/jackson-databind-2.9.9.jar:/home/user/.m2/repository/org/apache/hadoop/hadoop-kms/3.2.0/hadoop-kms-3.2.0-tests.jar:/home/user/.m2/repository/org/apache/hadoop/hadoop-hdds-server-scm/0.5.0-SNAPSHOT/hadoop-hdds-server-scm-0.5.0-SNAPSHOT-tests.jar:/home/user/.m2/repository/org/apache/hadoop/hadoop-hdds-container-service/0.5.0-SNAPSHOT/hadoop-hdds-container-service-0.5.0-SNAPSHOT-tests.jar:/home/user/.m2/repository/org/yaml/snakeyaml/1.16/snakeyaml-1.16.jar:/home/user/.m2/repository/org/apache/hadoop/hadoop-common/3.2.0/hadoop-common-3.2.0-tests.jar:/home/user/.m2/repository/org/apache/hadoop/hadoop-annotations/3.2.0/hadoop-annotations-3.2.0.jar:/usr/lib/jvm/java-1.8.0-openjdk-1.8.0.222.b10-1.el7_7.x86_64/jre/../lib/tools.jar:/home/user/.m2/repository/commons-cli/commons-cli/1.2/commons-cli-1.2.jar:/home/user/.m2/repository/org/apache/httpcomponents/httpclient/4.5.2/httpclient-4.5.2.jar:/home/user/.m2/repository/org/apache/httpcomponents/httpcore/4.4.4/httpcore-4.4.4.jar:/home/user/.m2/repository/commons-codec/commons-codec/1.11/commons-codec-1.11.jar:/home/user/.m2/repository/commons-net/commons-net/3.6/commons-net-3.6.jar:/home/user/.m2/repository/commons-collections/commons-collections/3.2.2/commons-collections-3.2.2.jar:/home/user/.m2/repository/org/eclipse/jetty/jetty-servlet/9.3.25.v20180904/jetty-servlet-9.3.25.v20180904.jar:/home/user/.m2/repository/org/eclipse/jetty/jetty-security/9.3.25.v20180904/jetty-security-9.3.25.v20180904.jar:/home/user/.m2/repository/javax/servlet/jsp/jsp-api/2.1/jsp-api-2.1.jar:/home/user/.m2/repository/com/sun/jersey/jersey-servlet/1.19/jersey-servlet-1.19.jar:/home/user/.m2/repository/com/sun/jersey/jersey-json/1.19/jersey-json-1.19.jar:/home/user/.m2/repository/org/codehaus/jettison/jettison/1.1/jettison-1.1.jar:/home/user/.m2/repository/org/codehaus/jackson/jackson-core-asl/1.9.13/jackson-core-asl-1.9.13.jar:/home/user/.m2/repository/org/codehaus/jackson/jackson-mapper-asl/1.9.13/jackson-mapper-asl-1.9.13.jar:/home/user/.m2/repository/org/codehaus/jackson/jackson-jaxrs/1.9.13/jackson-jaxrs-1.9.13.jar:/home/user/.m2/repository/org/codehaus/jackson/jackson-xc/1.9.13/jackson-xc-1.9.13.jar:/home/user/.m2/repository/commons-logging/commons-logging/1.1.3/commons-logging-1.1.3.jar:/home/user/.m2/repository/commons-beanutils/commons-beanutils/1.9.4/commons-beanutils-1.9.4.jar:/home/user/.m2/repository/org/apache/commons/commons-configuration2/2.1.1/commons-configuration2-2.1.1.jar:/home/user/.m2/repository/org/apache/commons/commons-lang3/3.7/commons-lang3-3.7.jar:/home/user/.m2/repository/org/apache/commons/commons-text/1.4/commons-text-1.4.jar:/home/user/.m2/repository/org/apache/avro/avro/1.7.7/avro-1.7.7.jar:/home/user/.m2/repository/com/thoughtworks/paranamer/paranamer/2.3/paranamer-2.3.jar:/home/user/.m2/repository/org/xerial/snappy/snappy-java/1.0.5/snappy-java-1.0.5.jar:/home/user/.m2/repository/com/google/re2j/re2j/1.1/re2j-1.1.jar:/home/user/.m2/repository/com/google/code/gson/gson/2.2.4/gson-2.2.4.jar:/home/user/.m2/repository/com/jcraft/jsch/0.1.54/jsch-0.1.54.jar:/home/user/.m2/repository/org/apache/curator/curator-client/2.12.0/curator-client-2.12.0.jar:/home/user/.m2/repository/org/apache/curator/curator-recipes/2.12.0/curator-recipes-2.12.0.jar:/home/user/.m2/repository/com/google/code/findbugs/jsr305/3.0.0/jsr305-3.0.0.jar:/home/user/.m2/repository/org/apache/htrace/htrace-core4/4.1.0-incubating/htrace-core4-4.1.0-incubating.jar:/home/user/.m2/repository/org/apache/zookeeper/zookeeper/3.4.13/zookeeper-3.4.13.jar:/home/user/.m2/repository/jline/jline/0.9.94/jline-0.9.94.jar:/home/user/.m2/repository/org/apache/yetus/audience-annotations/0.5.0/audience-annotations-0.5.0.jar:/home/user/.m2/repository/org/codehaus/woodstox/stax2-api/3.1.4/stax2-api-3.1.4.jar:/home/user/.m2/repository/com/fasterxml/woodstox/woodstox-core/5.0.3/woodstox-core-5.0.3.jar:/home/user/.m2/repository/dnsjava/dnsjava/2.1.7/dnsjava-2.1.7.jar:/home/user/.m2/repository/org/apache/hadoop/hadoop-hdfs/3.2.0/hadoop-hdfs-3.2.0-tests.jar:/home/user/.m2/repository/org/eclipse/jetty/jetty-util-ajax/9.3.25.v20180904/jetty-util-ajax-9.3.25.v20180904.jar:/home/user/.m2/repository/commons-daemon/commons-daemon/1.0.13/commons-daemon-1.0.13.jar:/home/user/.m2/repository/io/netty/netty/3.10.5.Final/netty-3.10.5.Final.jar:/home/user/.m2/repository/io/netty/netty-all/4.0.52.Final/netty-all-4.0.52.Final.jar:/home/user/.m2/repository/org/fusesource/leveldbjni/leveldbjni-all/1.8/leveldbjni-all-1.8.jar:"/>
    <property name="java.vm.vendor" value="Oracle Corporation"/>
    <property name="sun.arch.data.model" value="64"/>
    <property name="test.build.dir" value="/workdir/hadoop-ozone/integration-test/target/test-dir"/>
    <property name="test.cache.data" value=""/>
    <property name="java.vendor.url" value="http://java.oracle.com/"/>
    <property name="user.timezone" value=""/>
    <property name="java.vm.specification.version" value="1.8"/>
    <property name="os.name" value="Linux"/>
    <property name="test.build.data" value="/workdir/hadoop-ozone/integration-test/target/test-dir"/>
    <property name="user.country" value="US"/>
    <property name="sun.java.launcher" value="SUN_STANDARD"/>
    <property name="sun.boot.library.path" value="/usr/lib/jvm/java-1.8.0-openjdk-1.8.0.222.b10-1.el7_7.x86_64/jre/lib/amd64"/>
    <property name="sun.java.command" value="/workdir/hadoop-ozone/integration-test/target/surefire/surefirebooter4149968995555576756.jar /workdir/hadoop-ozone/integration-test/target/surefire 2019-10-23T16-37-35_831-jvmRun1 surefire5855281370355953340tmp surefire_3014912628495077611tmp"/>
    <property name="surefire.test.class.path" value="/workdir/hadoop-ozone/integration-test/target/test-classes:/workdir/hadoop-ozone/integration-test/target/classes:/home/user/.m2/repository/org/apache/hadoop/hadoop-ozone-common/0.5.0-SNAPSHOT/hadoop-ozone-common-0.5.0-SNAPSHOT.jar:/home/user/.m2/repository/org/apache/commons/commons-compress/1.4.1/commons-compress-1.4.1.jar:/home/user/.m2/repository/org/tukaani/xz/1.0/xz-1.0.jar:/home/user/.m2/repository/org/apache/hadoop/hadoop-common/3.2.0/hadoop-common-3.2.0.jar:/home/user/.m2/repository/org/apache/hadoop/hadoop-hdfs/3.2.0/hadoop-hdfs-3.2.0.jar:/home/user/.m2/repository/org/apache/hadoop/hadoop-hdfs-client/3.2.0/hadoop-hdfs-client-3.2.0.jar:/home/user/.m2/repository/com/fasterxml/jackson/core/jackson-annotations/2.9.9/jackson-annotations-2.9.9.jar:/home/user/.m2/repository/org/apache/hadoop/hadoop-hdds-common/0.5.0-SNAPSHOT/hadoop-hdds-common-0.5.0-SNAPSHOT.jar:/home/user/.m2/repository/javax/annotation/javax.annotation-api/1.2/javax.annotation-api-1.2.jar:/home/user/.m2/repository/org/apache/ratis/ratis-server/0.5.0-ced7dbf-SNAPSHOT/ratis-server-0.5.0-ced7dbf-SNAPSHOT.jar:/home/user/.m2/repository/org/apache/ratis/ratis-thirdparty-misc/0.2.0/ratis-thirdparty-misc-0.2.0.jar:/home/user/.m2/repository/org/apache/ratis/ratis-proto/0.5.0-ced7dbf-SNAPSHOT/ratis-proto-0.5.0-ced7dbf-SNAPSHOT.jar:/home/user/.m2/repository/org/apache/ratis/ratis-common/0.5.0-ced7dbf-SNAPSHOT/ratis-common-0.5.0-ced7dbf-SNAPSHOT.jar:/home/user/.m2/repository/org/apache/ratis/ratis-client/0.5.0-ced7dbf-SNAPSHOT/ratis-client-0.5.0-ced7dbf-SNAPSHOT.jar:/home/user/.m2/repository/org/apache/ratis/ratis-metrics/0.5.0-ced7dbf-SNAPSHOT/ratis-metrics-0.5.0-ced7dbf-SNAPSHOT.jar:/home/user/.m2/repository/org/apache/ratis/ratis-netty/0.5.0-ced7dbf-SNAPSHOT/ratis-netty-0.5.0-ced7dbf-SNAPSHOT.jar:/home/user/.m2/repository/org/apache/ratis/ratis-grpc/0.5.0-ced7dbf-SNAPSHOT/ratis-grpc-0.5.0-ced7dbf-SNAPSHOT.jar:/home/user/.m2/repository/org/rocksdb/rocksdbjni/6.0.1/rocksdbjni-6.0.1.jar:/home/user/.m2/repository/org/apache/logging/log4j/log4j-api/2.11.0/log4j-api-2.11.0.jar:/home/user/.m2/repository/org/apache/logging/log4j/log4j-core/2.11.0/log4j-core-2.11.0.jar:/home/user/.m2/repository/com/lmax/disruptor/3.4.2/disruptor-3.4.2.jar:/home/user/.m2/repository/org/apache/commons/commons-pool2/2.6.0/commons-pool2-2.6.0.jar:/home/user/.m2/repository/org/bouncycastle/bcpkix-jdk15on/1.60/bcpkix-jdk15on-1.60.jar:/home/user/.m2/repository/commons-validator/commons-validator/1.6/commons-validator-1.6.jar:/home/user/.m2/repository/commons-digester/commons-digester/1.8.1/commons-digester-1.8.1.jar:/home/user/.m2/repository/io/jaegertracing/jaeger-client/0.34.0/jaeger-client-0.34.0.jar:/home/user/.m2/repository/io/jaegertracing/jaeger-thrift/0.34.0/jaeger-thrift-0.34.0.jar:/home/user/.m2/repository/org/apache/thrift/libthrift/0.12.0/libthrift-0.12.0.jar:/home/user/.m2/repository/com/squareup/okhttp3/okhttp/3.9.0/okhttp-3.9.0.jar:/home/user/.m2/repository/com/squareup/okio/okio/1.13.0/okio-1.13.0.jar:/home/user/.m2/repository/io/jaegertracing/jaeger-core/0.34.0/jaeger-core-0.34.0.jar:/home/user/.m2/repository/io/jaegertracing/jaeger-tracerresolver/0.34.0/jaeger-tracerresolver-0.34.0.jar:/home/user/.m2/repository/io/opentracing/contrib/opentracing-tracerresolver/0.1.5/opentracing-tracerresolver-0.1.5.jar:/home/user/.m2/repository/io/opentracing/opentracing-util/0.31.0/opentracing-util-0.31.0.jar:/home/user/.m2/repository/io/opentracing/opentracing-api/0.31.0/opentracing-api-0.31.0.jar:/home/user/.m2/repository/io/opentracing/opentracing-noop/0.31.0/opentracing-noop-0.31.0.jar:/home/user/.m2/repository/org/apache/hadoop/hadoop-hdds-server-framework/0.5.0-SNAPSHOT/hadoop-hdds-server-framework-0.5.0-SNAPSHOT.jar:/home/user/.m2/repository/org/apache/hadoop/hadoop-hdds-container-service/0.5.0-SNAPSHOT/hadoop-hdds-container-service-0.5.0-SNAPSHOT.jar:/home/user/.m2/repository/org/apache/hadoop/hadoop-hdds-client/0.5.0-SNAPSHOT/hadoop-hdds-client-0.5.0-SNAPSHOT.jar:/home/user/.m2/repository/org/apache/hadoop/hadoop-hdds-tools/0.5.0-SNAPSHOT/hadoop-hdds-tools-0.5.0-SNAPSHOT.jar:/home/user/.m2/repository/org/apache/hadoop/hadoop-hdds-server-scm/0.5.0-SNAPSHOT/hadoop-hdds-server-scm-0.5.0-SNAPSHOT.jar:/home/user/.m2/repository/org/apache/hadoop/hadoop-hdds-docs/0.5.0-SNAPSHOT/hadoop-hdds-docs-0.5.0-SNAPSHOT.jar:/home/user/.m2/repository/io/dropwizard/metrics/metrics-core/3.2.4/metrics-core-3.2.4.jar:/home/user/.m2/repository/org/hamcrest/hamcrest-all/1.3/hamcrest-all-1.3.jar:/home/user/.m2/repository/org/bouncycastle/bcprov-jdk15on/1.60/bcprov-jdk15on-1.60.jar:/home/user/.m2/repository/info/picocli/picocli/3.9.6/picocli-3.9.6.jar:/home/user/.m2/repository/com/google/protobuf/protobuf-java/2.5.0/protobuf-java-2.5.0.jar:/home/user/.m2/repository/com/google/guava/guava/11.0.2/guava-11.0.2.jar:/home/user/.m2/repository/org/apache/hadoop/hadoop-ozone-ozone-manager/0.5.0-SNAPSHOT/hadoop-ozone-ozone-manager-0.5.0-SNAPSHOT.jar:/home/user/.m2/repository/org/apache/hadoop/hadoop-minikdc/3.2.0/hadoop-minikdc-3.2.0.jar:/home/user/.m2/repository/commons-io/commons-io/2.5/commons-io-2.5.jar:/home/user/.m2/repository/org/apache/kerby/kerb-simplekdc/1.0.1/kerb-simplekdc-1.0.1.jar:/home/user/.m2/repository/org/apache/kerby/kerb-client/1.0.1/kerb-client-1.0.1.jar:/home/user/.m2/repository/org/apache/kerby/kerby-config/1.0.1/kerby-config-1.0.1.jar:/home/user/.m2/repository/org/apache/kerby/kerb-core/1.0.1/kerb-core-1.0.1.jar:/home/user/.m2/repository/org/apache/kerby/kerby-pkix/1.0.1/kerby-pkix-1.0.1.jar:/home/user/.m2/repository/org/apache/kerby/kerby-asn1/1.0.1/kerby-asn1-1.0.1.jar:/home/user/.m2/repository/org/apache/kerby/kerby-util/1.0.1/kerby-util-1.0.1.jar:/home/user/.m2/repository/org/apache/kerby/kerb-common/1.0.1/kerb-common-1.0.1.jar:/home/user/.m2/repository/org/apache/kerby/kerb-crypto/1.0.1/kerb-crypto-1.0.1.jar:/home/user/.m2/repository/org/apache/kerby/kerb-util/1.0.1/kerb-util-1.0.1.jar:/home/user/.m2/repository/org/apache/kerby/token-provider/1.0.1/token-provider-1.0.1.jar:/home/user/.m2/repository/org/apache/kerby/kerb-admin/1.0.1/kerb-admin-1.0.1.jar:/home/user/.m2/repository/org/apache/kerby/kerb-server/1.0.1/kerb-server-1.0.1.jar:/home/user/.m2/repository/org/apache/kerby/kerb-identity/1.0.1/kerb-identity-1.0.1.jar:/home/user/.m2/repository/org/apache/kerby/kerby-xdr/1.0.1/kerby-xdr-1.0.1.jar:/home/user/.m2/repository/org/slf4j/slf4j-log4j12/1.7.25/slf4j-log4j12-1.7.25.jar:/home/user/.m2/repository/org/apache/hadoop/hadoop-ozone-s3gateway/0.5.0-SNAPSHOT/hadoop-ozone-s3gateway-0.5.0-SNAPSHOT.jar:/home/user/.m2/repository/org/jboss/weld/servlet/weld-servlet/2.4.7.Final/weld-servlet-2.4.7.Final.jar:/home/user/.m2/repository/org/glassfish/jersey/containers/jersey-container-servlet-core/2.27/jersey-container-servlet-core-2.27.jar:/home/user/.m2/repository/org/glassfish/hk2/external/javax.inject/2.5.0-b42/javax.inject-2.5.0-b42.jar:/home/user/.m2/repository/org/glassfish/jersey/core/jersey-common/2.27/jersey-common-2.27.jar:/home/user/.m2/repository/org/glassfish/hk2/osgi-resource-locator/1.0.1/osgi-resource-locator-1.0.1.jar:/home/user/.m2/repository/javax/ws/rs/javax.ws.rs-api/2.1/javax.ws.rs-api-2.1.jar:/home/user/.m2/repository/org/glassfish/jersey/ext/cdi/jersey-cdi1x/2.27/jersey-cdi1x-2.27.jar:/home/user/.m2/repository/org/glassfish/jersey/inject/jersey-hk2/2.27/jersey-hk2-2.27.jar:/home/user/.m2/repository/org/glassfish/hk2/hk2-locator/2.5.0-b42/hk2-locator-2.5.0-b42.jar:/home/user/.m2/repository/org/javassist/javassist/3.22.0-CR2/javassist-3.22.0-CR2.jar:/home/user/.m2/repository/org/glassfish/hk2/hk2-api/2.5.0/hk2-api-2.5.0.jar:/home/user/.m2/repository/org/glassfish/hk2/external/jakarta.inject/2.5.0/jakarta.inject-2.5.0.jar:/home/user/.m2/repository/org/glassfish/hk2/hk2-utils/2.5.0/hk2-utils-2.5.0.jar:/home/user/.m2/repository/jakarta/annotation/jakarta.annotation-api/1.3.4/jakarta.annotation-api-1.3.4.jar:/home/user/.m2/repository/org/glassfish/hk2/external/aopalliance-repackaged/2.5.0/aopalliance-repackaged-2.5.0.jar:/home/user/.m2/repository/com/fasterxml/jackson/dataformat/jackson-dataformat-xml/2.9.0/jackson-dataformat-xml-2.9.0.jar:/home/user/.m2/repository/com/fasterxml/jackson/core/jackson-core/2.9.9/jackson-core-2.9.9.jar:/home/user/.m2/repository/com/fasterxml/jackson/module/jackson-module-jaxb-annotations/2.9.9/jackson-module-jaxb-annotations-2.9.9.jar:/home/user/.m2/repository/javax/enterprise/cdi-api/1.2/cdi-api-1.2.jar:/home/user/.m2/repository/javax/el/javax.el-api/3.0.0/javax.el-api-3.0.0.jar:/home/user/.m2/repository/javax/interceptor/javax.interceptor-api/1.2/javax.interceptor-api-1.2.jar:/home/user/.m2/repository/javax/inject/javax.inject/1/javax.inject-1.jar:/home/user/.m2/repository/com/sun/xml/bind/jaxb-impl/2.3.0.1/jaxb-impl-2.3.0.1.jar:/home/user/.m2/repository/com/sun/xml/bind/jaxb-core/2.3.0.1/jaxb-core-2.3.0.1.jar:/home/user/.m2/repository/javax/xml/bind/jaxb-api/2.3.0/jaxb-api-2.3.0.jar:/home/user/.m2/repository/javax/activation/activation/1.1.1/activation-1.1.1.jar:/home/user/.m2/repository/org/apache/hadoop/hadoop-ozone-csi/0.5.0-SNAPSHOT/hadoop-ozone-csi-0.5.0-SNAPSHOT.jar:/home/user/.m2/repository/com/google/protobuf/protobuf-java-util/3.5.1/protobuf-java-util-3.5.1.jar:/home/user/.m2/repository/org/apache/hadoop/hadoop-hdds-config/0.5.0-SNAPSHOT/hadoop-hdds-config-0.5.0-SNAPSHOT.jar:/home/user/.m2/repository/io/grpc/grpc-netty/1.17.1/grpc-netty-1.17.1.jar:/home/user/.m2/repository/io/grpc/grpc-core/1.17.1/grpc-core-1.17.1.jar:/home/user/.m2/repository/io/grpc/grpc-context/1.17.1/grpc-context-1.17.1.jar:/home/user/.m2/repository/com/google/errorprone/error_prone_annotations/2.2.0/error_prone_annotations-2.2.0.jar:/home/user/.m2/repository/org/codehaus/mojo/animal-sniffer-annotations/1.17/animal-sniffer-annotations-1.17.jar:/home/user/.m2/repository/io/opencensus/opencensus-api/0.17.0/opencensus-api-0.17.0.jar:/home/user/.m2/repository/io/opencensus/opencensus-contrib-grpc-metrics/0.17.0/opencensus-contrib-grpc-metrics-0.17.0.jar:/home/user/.m2/repository/io/netty/netty-codec-http2/4.1.30.Final/netty-codec-http2-4.1.30.Final.jar:/home/user/.m2/repository/io/netty/netty-codec-http/4.1.30.Final/netty-codec-http-4.1.30.Final.jar:/home/user/.m2/repository/io/netty/netty-codec/4.1.30.Final/netty-codec-4.1.30.Final.jar:/home/user/.m2/repository/io/netty/netty-handler/4.1.30.Final/netty-handler-4.1.30.Final.jar:/home/user/.m2/repository/io/netty/netty-handler-proxy/4.1.30.Final/netty-handler-proxy-4.1.30.Final.jar:/home/user/.m2/repository/io/netty/netty-codec-socks/4.1.30.Final/netty-codec-socks-4.1.30.Final.jar:/home/user/.m2/repository/io/netty/netty-transport-native-epoll/4.1.30.Final/netty-transport-native-epoll-4.1.30.Final.jar:/home/user/.m2/repository/io/netty/netty-common/4.1.30.Final/netty-common-4.1.30.Final.jar:/home/user/.m2/repository/io/netty/netty-buffer/4.1.30.Final/netty-buffer-4.1.30.Final.jar:/home/user/.m2/repository/io/netty/netty-transport/4.1.30.Final/netty-transport-4.1.30.Final.jar:/home/user/.m2/repository/io/netty/netty-resolver/4.1.30.Final/netty-resolver-4.1.30.Final.jar:/home/user/.m2/repository/io/netty/netty-transport-native-unix-common/4.1.30.Final/netty-transport-native-unix-common-4.1.30.Final.jar:/home/user/.m2/repository/io/grpc/grpc-protobuf/1.17.1/grpc-protobuf-1.17.1.jar:/home/user/.m2/repository/com/google/api/grpc/proto-google-common-protos/1.0.0/proto-google-common-protos-1.0.0.jar:/home/user/.m2/repository/io/grpc/grpc-protobuf-lite/1.17.1/grpc-protobuf-lite-1.17.1.jar:/home/user/.m2/repository/io/grpc/grpc-stub/1.17.1/grpc-stub-1.17.1.jar:/home/user/.m2/repository/org/apache/hadoop/hadoop-ozone-recon/0.5.0-SNAPSHOT/hadoop-ozone-recon-0.5.0-SNAPSHOT.jar:/home/user/.m2/repository/org/apache/hadoop/hadoop-ozone-reconcodegen/0.5.0-SNAPSHOT/hadoop-ozone-reconcodegen-0.5.0-SNAPSHOT.jar:/home/user/.m2/repository/com/google/inject/extensions/guice-multibindings/4.0/guice-multibindings-4.0.jar:/home/user/.m2/repository/com/google/inject/guice/4.0/guice-4.0.jar:/home/user/.m2/repository/aopalliance/aopalliance/1.0/aopalliance-1.0.jar:/home/user/.m2/repository/com/google/inject/extensions/guice-servlet/4.0/guice-servlet-4.0.jar:/home/user/.m2/repository/org/glassfish/jersey/containers/jersey-container-servlet/2.27/jersey-container-servlet-2.27.jar:/home/user/.m2/repository/org/glassfish/hk2/guice-bridge/2.5.0/guice-bridge-2.5.0.jar:/home/user/.m2/repository/org/glassfish/jersey/core/jersey-server/2.27/jersey-server-2.27.jar:/home/user/.m2/repository/org/glassfish/jersey/core/jersey-client/2.27/jersey-client-2.27.jar:/home/user/.m2/repository/org/glassfish/jersey/media/jersey-media-jaxb/2.27/jersey-media-jaxb-2.27.jar:/home/user/.m2/repository/javax/validation/validation-api/1.1.0.Final/validation-api-1.1.0.Final.jar:/home/user/.m2/repository/org/glassfish/jersey/media/jersey-media-json-jackson/2.27/jersey-media-json-jackson-2.27.jar:/home/user/.m2/repository/org/glassfish/jersey/ext/jersey-entity-filtering/2.27/jersey-entity-filtering-2.27.jar:/home/user/.m2/repository/com/google/inject/extensions/guice-assistedinject/4.0/guice-assistedinject-4.0.jar:/home/user/.m2/repository/org/jooq/jooq/3.11.10/jooq-3.11.10.jar:/home/user/.m2/repository/org/jooq/jooq-meta/3.11.10/jooq-meta-3.11.10.jar:/home/user/.m2/repository/org/jooq/jooq-codegen/3.11.10/jooq-codegen-3.11.10.jar:/home/user/.m2/repository/com/jolbox/bonecp/0.8.0.RELEASE/bonecp-0.8.0.RELEASE.jar:/home/user/.m2/repository/org/xerial/sqlite-jdbc/3.25.2/sqlite-jdbc-3.25.2.jar:/home/user/.m2/repository/org/springframework/spring-jdbc/5.1.3.RELEASE/spring-jdbc-5.1.3.RELEASE.jar:/home/user/.m2/repository/org/springframework/spring-beans/5.1.3.RELEASE/spring-beans-5.1.3.RELEASE.jar:/home/user/.m2/repository/org/springframework/spring-core/5.1.3.RELEASE/spring-core-5.1.3.RELEASE.jar:/home/user/.m2/repository/org/springframework/spring-jcl/5.1.3.RELEASE/spring-jcl-5.1.3.RELEASE.jar:/home/user/.m2/repository/org/springframework/spring-tx/5.1.3.RELEASE/spring-tx-5.1.3.RELEASE.jar:/home/user/.m2/repository/org/apache/hadoop/hadoop-ozone-client/0.5.0-SNAPSHOT/hadoop-ozone-client-0.5.0-SNAPSHOT.jar:/home/user/.m2/repository/commons-lang/commons-lang/2.6/commons-lang-2.6.jar:/home/user/.m2/repository/org/apache/hadoop/hadoop-ozone-ozone-manager/0.5.0-SNAPSHOT/hadoop-ozone-ozone-manager-0.5.0-SNAPSHOT-tests.jar:/home/user/.m2/repository/junit/junit/4.11/junit-4.11.jar:/home/user/.m2/repository/org/hamcrest/hamcrest-core/1.3/hamcrest-core-1.3.jar:/home/user/.m2/repository/org/openjdk/jmh/jmh-core/1.19/jmh-core-1.19.jar:/home/user/.m2/repository/net/sf/jopt-simple/jopt-simple/4.6/jopt-simple-4.6.jar:/home/user/.m2/repository/org/apache/commons/commons-math3/3.1.1/commons-math3-3.1.1.jar:/home/user/.m2/repository/org/openjdk/jmh/jmh-generator-annprocess/1.19/jmh-generator-annprocess-1.19.jar:/home/user/.m2/repository/org/mockito/mockito-all/1.8.5/mockito-all-1.8.5.jar:/home/user/.m2/repository/org/apache/hadoop/hadoop-kms/3.2.0/hadoop-kms-3.2.0.jar:/home/user/.m2/repository/org/apache/hadoop/hadoop-auth/3.2.0/hadoop-auth-3.2.0.jar:/home/user/.m2/repository/com/nimbusds/nimbus-jose-jwt/4.41.1/nimbus-jose-jwt-4.41.1.jar:/home/user/.m2/repository/com/github/stephenc/jcip/jcip-annotations/1.0-1/jcip-annotations-1.0-1.jar:/home/user/.m2/repository/net/minidev/json-smart/2.3/json-smart-2.3.jar:/home/user/.m2/repository/net/minidev/accessors-smart/1.2/accessors-smart-1.2.jar:/home/user/.m2/repository/org/ow2/asm/asm/5.0.4/asm-5.0.4.jar:/home/user/.m2/repository/org/apache/curator/curator-framework/2.12.0/curator-framework-2.12.0.jar:/home/user/.m2/repository/com/sun/jersey/jersey-core/1.19/jersey-core-1.19.jar:/home/user/.m2/repository/javax/ws/rs/jsr311-api/1.1.1/jsr311-api-1.1.1.jar:/home/user/.m2/repository/com/sun/jersey/jersey-server/1.19/jersey-server-1.19.jar:/home/user/.m2/repository/javax/servlet/javax.servlet-api/3.1.0/javax.servlet-api-3.1.0.jar:/home/user/.m2/repository/org/eclipse/jetty/jetty-server/9.3.25.v20180904/jetty-server-9.3.25.v20180904.jar:/home/user/.m2/repository/org/eclipse/jetty/jetty-http/9.3.25.v20180904/jetty-http-9.3.25.v20180904.jar:/home/user/.m2/repository/org/eclipse/jetty/jetty-io/9.3.25.v20180904/jetty-io-9.3.25.v20180904.jar:/home/user/.m2/repository/org/eclipse/jetty/jetty-webapp/9.3.25.v20180904/jetty-webapp-9.3.25.v20180904.jar:/home/user/.m2/repository/org/eclipse/jetty/jetty-xml/9.3.25.v20180904/jetty-xml-9.3.25.v20180904.jar:/home/user/.m2/repository/log4j/log4j/1.2.17/log4j-1.2.17.jar:/home/user/.m2/repository/org/slf4j/slf4j-api/1.7.25/slf4j-api-1.7.25.jar:/home/user/.m2/repository/org/slf4j/jul-to-slf4j/1.7.25/jul-to-slf4j-1.7.25.jar:/home/user/.m2/repository/org/eclipse/jetty/jetty-util/9.3.25.v20180904/jetty-util-9.3.25.v20180904.jar:/home/user/.m2/repository/com/fasterxml/jackson/core/jackson-databind/2.9.9/jackson-databind-2.9.9.jar:/home/user/.m2/repository/org/apache/hadoop/hadoop-kms/3.2.0/hadoop-kms-3.2.0-tests.jar:/home/user/.m2/repository/org/apache/hadoop/hadoop-hdds-server-scm/0.5.0-SNAPSHOT/hadoop-hdds-server-scm-0.5.0-SNAPSHOT-tests.jar:/home/user/.m2/repository/org/apache/hadoop/hadoop-hdds-container-service/0.5.0-SNAPSHOT/hadoop-hdds-container-service-0.5.0-SNAPSHOT-tests.jar:/home/user/.m2/repository/org/yaml/snakeyaml/1.16/snakeyaml-1.16.jar:/home/user/.m2/repository/org/apache/hadoop/hadoop-common/3.2.0/hadoop-common-3.2.0-tests.jar:/home/user/.m2/repository/org/apache/hadoop/hadoop-annotations/3.2.0/hadoop-annotations-3.2.0.jar:/usr/lib/jvm/java-1.8.0-openjdk-1.8.0.222.b10-1.el7_7.x86_64/jre/../lib/tools.jar:/home/user/.m2/repository/commons-cli/commons-cli/1.2/commons-cli-1.2.jar:/home/user/.m2/repository/org/apache/httpcomponents/httpclient/4.5.2/httpclient-4.5.2.jar:/home/user/.m2/repository/org/apache/httpcomponents/httpcore/4.4.4/httpcore-4.4.4.jar:/home/user/.m2/repository/commons-codec/commons-codec/1.11/commons-codec-1.11.jar:/home/user/.m2/repository/commons-net/commons-net/3.6/commons-net-3.6.jar:/home/user/.m2/repository/commons-collections/commons-collections/3.2.2/commons-collections-3.2.2.jar:/home/user/.m2/repository/org/eclipse/jetty/jetty-servlet/9.3.25.v20180904/jetty-servlet-9.3.25.v20180904.jar:/home/user/.m2/repository/org/eclipse/jetty/jetty-security/9.3.25.v20180904/jetty-security-9.3.25.v20180904.jar:/home/user/.m2/repository/javax/servlet/jsp/jsp-api/2.1/jsp-api-2.1.jar:/home/user/.m2/repository/com/sun/jersey/jersey-servlet/1.19/jersey-servlet-1.19.jar:/home/user/.m2/repository/com/sun/jersey/jersey-json/1.19/jersey-json-1.19.jar:/home/user/.m2/repository/org/codehaus/jettison/jettison/1.1/jettison-1.1.jar:/home/user/.m2/repository/org/codehaus/jackson/jackson-core-asl/1.9.13/jackson-core-asl-1.9.13.jar:/home/user/.m2/repository/org/codehaus/jackson/jackson-mapper-asl/1.9.13/jackson-mapper-asl-1.9.13.jar:/home/user/.m2/repository/org/codehaus/jackson/jackson-jaxrs/1.9.13/jackson-jaxrs-1.9.13.jar:/home/user/.m2/repository/org/codehaus/jackson/jackson-xc/1.9.13/jackson-xc-1.9.13.jar:/home/user/.m2/repository/commons-logging/commons-logging/1.1.3/commons-logging-1.1.3.jar:/home/user/.m2/repository/commons-beanutils/commons-beanutils/1.9.4/commons-beanutils-1.9.4.jar:/home/user/.m2/repository/org/apache/commons/commons-configuration2/2.1.1/commons-configuration2-2.1.1.jar:/home/user/.m2/repository/org/apache/commons/commons-lang3/3.7/commons-lang3-3.7.jar:/home/user/.m2/repository/org/apache/commons/commons-text/1.4/commons-text-1.4.jar:/home/user/.m2/repository/org/apache/avro/avro/1.7.7/avro-1.7.7.jar:/home/user/.m2/repository/com/thoughtworks/paranamer/paranamer/2.3/paranamer-2.3.jar:/home/user/.m2/repository/org/xerial/snappy/snappy-java/1.0.5/snappy-java-1.0.5.jar:/home/user/.m2/repository/com/google/re2j/re2j/1.1/re2j-1.1.jar:/home/user/.m2/repository/com/google/code/gson/gson/2.2.4/gson-2.2.4.jar:/home/user/.m2/repository/com/jcraft/jsch/0.1.54/jsch-0.1.54.jar:/home/user/.m2/repository/org/apache/curator/curator-client/2.12.0/curator-client-2.12.0.jar:/home/user/.m2/repository/org/apache/curator/curator-recipes/2.12.0/curator-recipes-2.12.0.jar:/home/user/.m2/repository/com/google/code/findbugs/jsr305/3.0.0/jsr305-3.0.0.jar:/home/user/.m2/repository/org/apache/htrace/htrace-core4/4.1.0-incubating/htrace-core4-4.1.0-incubating.jar:/home/user/.m2/repository/org/apache/zookeeper/zookeeper/3.4.13/zookeeper-3.4.13.jar:/home/user/.m2/repository/jline/jline/0.9.94/jline-0.9.94.jar:/home/user/.m2/repository/org/apache/yetus/audience-annotations/0.5.0/audience-annotations-0.5.0.jar:/home/user/.m2/repository/org/codehaus/woodstox/stax2-api/3.1.4/stax2-api-3.1.4.jar:/home/user/.m2/repository/com/fasterxml/woodstox/woodstox-core/5.0.3/woodstox-core-5.0.3.jar:/home/user/.m2/repository/dnsjava/dnsjava/2.1.7/dnsjava-2.1.7.jar:/home/user/.m2/repository/org/apache/hadoop/hadoop-hdfs/3.2.0/hadoop-hdfs-3.2.0-tests.jar:/home/user/.m2/repository/org/eclipse/jetty/jetty-util-ajax/9.3.25.v20180904/jetty-util-ajax-9.3.25.v20180904.jar:/home/user/.m2/repository/commons-daemon/commons-daemon/1.0.13/commons-daemon-1.0.13.jar:/home/user/.m2/repository/io/netty/netty/3.10.5.Final/netty-3.10.5.Final.jar:/home/user/.m2/repository/io/netty/netty-all/4.0.52.Final/netty-all-4.0.52.Final.jar:/home/user/.m2/repository/org/fusesource/leveldbjni/leveldbjni-all/1.8/leveldbjni-all-1.8.jar:"/>
    <property name="sun.cpu.endian" value="little"/>
    <property name="user.home" value="/home/user"/>
    <property name="user.language" value="en"/>
    <property name="java.specification.vendor" value="Oracle Corporation"/>
    <property name="java.home" value="/usr/lib/jvm/java-1.8.0-openjdk-1.8.0.222.b10-1.el7_7.x86_64/jre"/>
    <property name="surefire.excludesFile" value="/tools/ozone-bad-unit-tests"/>
    <property name="java.security.krb5.conf" value="/workdir/hadoop-ozone/integration-test/target/test-classes/krb5.conf"/>
    <property name="basedir" value="/workdir/hadoop-ozone/integration-test"/>
    <property name="file.separator" value="/"/>
    <property name="line.separator" value="&#10;"/>
    <property name="java.vm.specification.vendor" value="Oracle Corporation"/>
    <property name="java.specification.name" value="Java Platform API Specification"/>
    <property name="java.awt.graphicsenv" value="sun.awt.X11GraphicsEnvironment"/>
    <property name="surefire.real.class.path" value="/workdir/hadoop-ozone/integration-test/target/surefire/surefirebooter4149968995555576756.jar"/>
    <property name="hadoop.log.dir" value="/workdir/hadoop-ozone/integration-test/target/log"/>
    <property name="sun.boot.class.path" value="/usr/lib/jvm/java-1.8.0-openjdk-1.8.0.222.b10-1.el7_7.x86_64/jre/lib/resources.jar:/usr/lib/jvm/java-1.8.0-openjdk-1.8.0.222.b10-1.el7_7.x86_64/jre/lib/rt.jar:/usr/lib/jvm/java-1.8.0-openjdk-1.8.0.222.b10-1.el7_7.x86_64/jre/lib/sunrsasign.jar:/usr/lib/jvm/java-1.8.0-openjdk-1.8.0.222.b10-1.el7_7.x86_64/jre/lib/jsse.jar:/usr/lib/jvm/java-1.8.0-openjdk-1.8.0.222.b10-1.el7_7.x86_64/jre/lib/jce.jar:/usr/lib/jvm/java-1.8.0-openjdk-1.8.0.222.b10-1.el7_7.x86_64/jre/lib/charsets.jar:/usr/lib/jvm/java-1.8.0-openjdk-1.8.0.222.b10-1.el7_7.x86_64/jre/lib/jfr.jar:/usr/lib/jvm/java-1.8.0-openjdk-1.8.0.222.b10-1.el7_7.x86_64/jre/classes"/>
    <property name="sun.management.compiler" value="HotSpot 64-Bit Tiered Compilers"/>
    <property name="java.runtime.version" value="1.8.0_222-b10"/>
    <property name="java.net.preferIPv4Stack" value="true"/>
    <property name="user.name" value="jenkins1000"/>
    <property name="path.separator" value=":"/>
    <property name="java.security.egd" value="file:///dev/urandom"/>
    <property name="os.version" value="3.10.0-957.12.2.el7.x86_64"/>
    <property name="java.endorsed.dirs" value="/usr/lib/jvm/java-1.8.0-openjdk-1.8.0.222.b10-1.el7_7.x86_64/jre/lib/endorsed"/>
    <property name="java.runtime.name" value="OpenJDK Runtime Environment"/>
    <property name="file.encoding" value="ANSI_X3.4-1968"/>
    <property name="java.vm.name" value="OpenJDK 64-Bit Server VM"/>
    <property name="test.build.webapps" value=""/>
    <property name="localRepository" value="/home/user/.m2/repository"/>
    <property name="java.vendor.url.bug" value="http://bugreport.sun.com/bugreport/"/>
    <property name="java.io.tmpdir" value="/tmp"/>
    <property name="require.test.libhadoop" value=""/>
    <property name="java.version" value="1.8.0_222"/>
    <property name="user.dir" value="/workdir/hadoop-ozone/integration-test"/>
    <property name="os.arch" value="amd64"/>
    <property name="java.vm.specification.name" value="Java Virtual Machine Specification"/>
    <property name="test.build.classes" value="/workdir/hadoop-ozone/integration-test/target/test-classes"/>
    <property name="java.awt.printerjob" value="sun.print.PSPrinterJob"/>
    <property name="sun.os.patch.level" value="unknown"/>
    <property name="hadoop.tmp.dir" value="/workdir/hadoop-ozone/integration-test/target/tmp"/>
    <property name="java.library.path" value="/usr/lib:/workdir/hadoop-ozone/integration-test/target/native/target/usr/local/lib:/workdir/hadoop-ozone/integration-test/../../hadoop-common-project/hadoop-common/target/native/target/usr/local/lib:/usr/java/packages/lib/amd64:/usr/lib64:/lib64:/lib:/usr/lib"/>
    <property name="java.vm.info" value="mixed mode"/>
    <property name="java.vendor" value="Oracle Corporation"/>
    <property name="java.vm.version" value="25.222-b10"/>
    <property name="java.ext.dirs" value="/usr/lib/jvm/java-1.8.0-openjdk-1.8.0.222.b10-1.el7_7.x86_64/jre/lib/ext:/usr/java/packages/lib/ext"/>
    <property name="sun.io.unicode.encoding" value="UnicodeLittle"/>
    <property name="java.class.version" value="52.0"/>
  </properties>
  <testcase name="testDeleteKeyWithSlowFollower" classname="org.apache.hadoop.ozone.client.rpc.TestDeleteWithSlowFollower" time="124.923">
    <failure type="java.lang.AssertionError">java.lang.AssertionError
	at org.junit.Assert.fail(Assert.java:86)
	at org.junit.Assert.assertTrue(Assert.java:41)
	at org.junit.Assert.assertTrue(Assert.java:52)
	at org.apache.hadoop.ozone.client.rpc.TestDeleteWithSlowFollower.testDeleteKeyWithSlowFollower(TestDeleteWithSlowFollower.java:265)
	at sun.reflect.NativeMethodAccessorImpl.invoke0(Native Method)
	at sun.reflect.NativeMethodAccessorImpl.invoke(NativeMethodAccessorImpl.java:62)
	at sun.reflect.DelegatingMethodAccessorImpl.invoke(DelegatingMethodAccessorImpl.java:43)
	at java.lang.reflect.Method.invoke(Method.java:498)
	at org.junit.runners.model.FrameworkMethod$1.runReflectiveCall(FrameworkMethod.java:47)
	at org.junit.internal.runners.model.ReflectiveCallable.run(ReflectiveCallable.java:12)
	at org.junit.runners.model.FrameworkMethod.invokeExplosively(FrameworkMethod.java:44)
	at org.junit.internal.runners.statements.InvokeMethod.evaluate(InvokeMethod.java:17)
	at org.junit.runners.ParentRunner.runLeaf(ParentRunner.java:271)
	at org.junit.runners.BlockJUnit4ClassRunner.runChild(BlockJUnit4ClassRunner.java:70)
	at org.junit.runners.BlockJUnit4ClassRunner.runChild(BlockJUnit4ClassRunner.java:50)
	at org.junit.runners.ParentRunner$3.run(ParentRunner.java:238)
	at org.junit.runners.ParentRunner$1.schedule(ParentRunner.java:63)
	at org.junit.runners.ParentRunner.runChildren(ParentRunner.java:236)
	at org.junit.runners.ParentRunner.access$000(ParentRunner.java:53)
	at org.junit.runners.ParentRunner$2.evaluate(ParentRunner.java:229)
	at org.junit.internal.runners.statements.RunBefores.evaluate(RunBefores.java:26)
	at org.junit.internal.runners.statements.RunAfters.evaluate(RunAfters.java:27)
	at org.junit.runners.ParentRunner.run(ParentRunner.java:309)
	at org.apache.maven.surefire.junit4.JUnit4Provider.execute(JUnit4Provider.java:365)
	at org.apache.maven.surefire.junit4.JUnit4Provider.executeWithRerun(JUnit4Provider.java:273)
	at org.apache.maven.surefire.junit4.JUnit4Provider.executeTestSet(JUnit4Provider.java:238)
	at org.apache.maven.surefire.junit4.JUnit4Provider.invoke(JUnit4Provider.java:159)
	at org.apache.maven.surefire.booter.ForkedBooter.invokeProviderInSameClassLoader(ForkedBooter.java:384)
	at org.apache.maven.surefire.booter.ForkedBooter.runSuitesInProcess(ForkedBooter.java:345)
	at org.apache.maven.surefire.booter.ForkedBooter.execute(ForkedBooter.java:126)
	at org.apache.maven.surefire.booter.ForkedBooter.main(ForkedBooter.java:418)
</failure>
    <system-out><![CDATA[2019-10-23 17:06:37,880 [main] WARN  server.ServerUtils (ServerUtils.java:getScmDbDir(145)) - ozone.scm.db.dirs is not configured. We recommend adding this setting. Falling back to ozone.metadata.dirs instead.
2019-10-23 17:06:37,977 [main] WARN  server.ServerUtils (ServerUtils.java:getScmDbDir(145)) - ozone.scm.db.dirs is not configured. We recommend adding this setting. Falling back to ozone.metadata.dirs instead.
2019-10-23 17:06:37,980 [main] WARN  server.ServerUtils (ServerUtils.java:getScmDbDir(145)) - ozone.scm.db.dirs is not configured. We recommend adding this setting. Falling back to ozone.metadata.dirs instead.
2019-10-23 17:06:38,005 [main] INFO  util.log (Log.java:initialized(192)) - Logging initialized @826ms
2019-10-23 17:06:38,100 [main] INFO  db.DBStoreBuilder (DBStoreBuilder.java:addTable(127)) - using custom profile for table: deletedBlocks
2019-10-23 17:06:38,100 [main] INFO  db.DBStoreBuilder (DBStoreBuilder.java:processTables(183)) - Using default column profile:DBProfile.DISK for Table:deletedBlocks
2019-10-23 17:06:38,101 [main] INFO  db.DBStoreBuilder (DBStoreBuilder.java:addTable(127)) - using custom profile for table: validCerts
2019-10-23 17:06:38,101 [main] INFO  db.DBStoreBuilder (DBStoreBuilder.java:processTables(183)) - Using default column profile:DBProfile.DISK for Table:validCerts
2019-10-23 17:06:38,101 [main] INFO  db.DBStoreBuilder (DBStoreBuilder.java:addTable(127)) - using custom profile for table: revokedCerts
2019-10-23 17:06:38,101 [main] INFO  db.DBStoreBuilder (DBStoreBuilder.java:processTables(183)) - Using default column profile:DBProfile.DISK for Table:revokedCerts
2019-10-23 17:06:38,110 [main] INFO  db.DBStoreBuilder (DBStoreBuilder.java:addTable(127)) - using custom profile for table: default
2019-10-23 17:06:38,111 [main] INFO  db.DBStoreBuilder (DBStoreBuilder.java:processTables(189)) - Using default column profile:DBProfile.DISK for Table:default
2019-10-23 17:06:38,112 [main] INFO  db.DBStoreBuilder (DBStoreBuilder.java:getDbProfile(220)) - Using default options. DBProfile.DISK
2019-10-23 17:06:38,347 [main] INFO  net.NodeSchemaLoader (NodeSchemaLoader.java:loadSchemaFromFile(125)) - Loading file from sun.misc.CompoundEnumeration@78691363
2019-10-23 17:06:38,348 [main] INFO  net.NodeSchemaLoader (NodeSchemaLoader.java:loadSchema(171)) - Loading network topology layer schema file
2019-10-23 17:06:38,397 [main] WARN  server.ServerUtils (ServerUtils.java:sanitizeUserArgs(70)) - ozone.scm.stale.node.interval value = 1000000 is larger than max = 100000 based on the key value of ozone.scm.heartbeat.thread.interval, reset to the max value 100000.
2019-10-23 17:06:38,398 [main] WARN  server.ServerUtils (ServerUtils.java:sanitizeUserArgs(70)) - ozone.scm.stale.node.interval value = 1000000 is larger than max = 100000 based on the key value of ozone.scm.heartbeat.thread.interval, reset to the max value 100000.
2019-10-23 17:06:38,400 [main] INFO  node.SCMNodeManager (SCMNodeManager.java:<init>(116)) - Entering startup safe mode.
2019-10-23 17:06:38,447 [main] INFO  algorithms.ContainerPlacementPolicyFactory (ContainerPlacementPolicyFactory.java:getPolicy(57)) - Create container placement policy of type org.apache.hadoop.hdds.scm.container.placement.algorithms.SCMContainerPlacementRandom
2019-10-23 17:06:38,457 [main] WARN  server.ServerUtils (ServerUtils.java:getScmDbDir(145)) - ozone.scm.db.dirs is not configured. We recommend adding this setting. Falling back to ozone.metadata.dirs instead.
2019-10-23 17:06:38,509 [main] INFO  pipeline.SCMPipelineManager (SCMPipelineManager.java:initializePipelineState(136)) - No pipeline exists in current db
2019-10-23 17:06:38,511 [main] WARN  server.ServerUtils (ServerUtils.java:getScmDbDir(145)) - ozone.scm.db.dirs is not configured. We recommend adding this setting. Falling back to ozone.metadata.dirs instead.
2019-10-23 17:06:38,597 [main] INFO  safemode.HealthyPipelineSafeModeRule (HealthyPipelineSafeModeRule.java:<init>(89)) -  Total pipeline count is 0, healthy pipeline threshold count is 1
2019-10-23 17:06:38,600 [main] INFO  safemode.OneReplicaPipelineSafeModeRule (OneReplicaPipelineSafeModeRule.java:<init>(79)) - Total pipeline count is 0, pipeline's with at least one datanode reported threshold count is 0
2019-10-23 17:06:38,601 [main] WARN  events.EventQueue (EventQueue.java:fireEvent(183)) - No event handler registered for event TypedEvent{payloadType=SafeModeStatus, name='SafeModeStatus'}
2019-10-23 17:06:38,865 [main] INFO  ipc.CallQueueManager (CallQueueManager.java:<init>(84)) - Using callQueue: class java.util.concurrent.LinkedBlockingQueue, queueCapacity: 2000, scheduler: class org.apache.hadoop.ipc.DefaultRpcScheduler, ipcBackoff: false.
2019-10-23 17:06:38,963 [Socket Reader #1 for port 33431] INFO  ipc.Server (Server.java:run(1074)) - Starting Socket Reader #1 for port 33431
2019-10-23 17:06:38,982 [main] INFO  ipc.CallQueueManager (CallQueueManager.java:<init>(84)) - Using callQueue: class java.util.concurrent.LinkedBlockingQueue, queueCapacity: 2000, scheduler: class org.apache.hadoop.ipc.DefaultRpcScheduler, ipcBackoff: false.
2019-10-23 17:06:38,982 [Socket Reader #1 for port 36668] INFO  ipc.Server (Server.java:run(1074)) - Starting Socket Reader #1 for port 36668
2019-10-23 17:06:38,988 [main] INFO  ipc.CallQueueManager (CallQueueManager.java:<init>(84)) - Using callQueue: class java.util.concurrent.LinkedBlockingQueue, queueCapacity: 2000, scheduler: class org.apache.hadoop.ipc.DefaultRpcScheduler, ipcBackoff: false.
2019-10-23 17:06:38,988 [Socket Reader #1 for port 32928] INFO  ipc.Server (Server.java:run(1074)) - Starting Socket Reader #1 for port 32928
2019-10-23 17:06:39,007 [main] INFO  hdfs.DFSUtil (DFSUtil.java:httpServerTemplateForNNAndJN(1641)) - Starting Web-server for scm at: http://0.0.0.0:0
2019-10-23 17:06:39,168 [main] INFO  server.AuthenticationFilter (AuthenticationFilter.java:constructSecretProvider(240)) - Unable to initialize FileSignerSecretProvider, falling back to use random secrets.
2019-10-23 17:06:39,177 [main] WARN  http.HttpRequestLog (HttpRequestLog.java:getRequestLog(97)) - Jetty request log can only be enabled using Log4j
2019-10-23 17:06:39,184 [main] INFO  http.HttpServer2 (HttpServer2.java:addGlobalFilter(975)) - Added global filter 'safety' (class=org.apache.hadoop.http.HttpServer2$QuotingInputFilter)
2019-10-23 17:06:39,186 [main] INFO  http.HttpServer2 (HttpServer2.java:addFilter(948)) - Added filter static_user_filter (class=org.apache.hadoop.http.lib.StaticUserWebFilter$StaticUserFilter) to context scm
2019-10-23 17:06:39,187 [main] INFO  http.HttpServer2 (HttpServer2.java:addFilter(958)) - Added filter static_user_filter (class=org.apache.hadoop.http.lib.StaticUserWebFilter$StaticUserFilter) to context logs
2019-10-23 17:06:39,187 [main] INFO  http.HttpServer2 (HttpServer2.java:addFilter(958)) - Added filter static_user_filter (class=org.apache.hadoop.http.lib.StaticUserWebFilter$StaticUserFilter) to context static
2019-10-23 17:06:39,216 [main] INFO  server.StorageContainerManager (StorageContainerManager.java:start(771)) - StorageContainerLocationProtocol RPC server is listening at /0.0.0.0:32928
2019-10-23 17:06:39,272 [main] WARN  impl.MetricsConfig (MetricsConfig.java:loadFirst(134)) - Cannot locate configuration: tried hadoop-metrics2-storagecontainermanager.properties,hadoop-metrics2.properties
2019-10-23 17:06:39,285 [main] INFO  impl.MetricsSystemImpl (MetricsSystemImpl.java:startTimer(374)) - Scheduled Metric snapshot period at 10 second(s).
2019-10-23 17:06:39,285 [main] INFO  impl.MetricsSystemImpl (MetricsSystemImpl.java:start(191)) - StorageContainerManager metrics system started
2019-10-23 17:06:39,503 [main] INFO  server.SCMClientProtocolServer (SCMClientProtocolServer.java:start(159)) - RPC server for Client  is listening at /0.0.0.0:32928
2019-10-23 17:06:39,504 [IPC Server Responder] INFO  ipc.Server (Server.java:run(1314)) - IPC Server Responder: starting
2019-10-23 17:06:39,504 [IPC Server listener on 32928] INFO  ipc.Server (Server.java:run(1153)) - IPC Server listener on 32928: starting
2019-10-23 17:06:39,511 [main] INFO  server.StorageContainerManager (StorageContainerManager.java:start(781)) - ScmBlockLocationProtocol RPC server is listening at /0.0.0.0:36668
2019-10-23 17:06:39,511 [main] INFO  server.SCMBlockProtocolServer (SCMBlockProtocolServer.java:start(146)) - RPC server for Block Protocol is listening at /0.0.0.0:36668
2019-10-23 17:06:39,512 [IPC Server Responder] INFO  ipc.Server (Server.java:run(1314)) - IPC Server Responder: starting
2019-10-23 17:06:39,512 [IPC Server listener on 36668] INFO  ipc.Server (Server.java:run(1153)) - IPC Server listener on 36668: starting
2019-10-23 17:06:39,516 [main] INFO  server.StorageContainerManager (StorageContainerManager.java:start(785)) - ScmDatanodeProtocl RPC server is listening at /0.0.0.0:33431
2019-10-23 17:06:39,516 [main] INFO  server.SCMDatanodeProtocolServer (SCMDatanodeProtocolServer.java:start(177)) - RPC server for DataNodes is listening at /0.0.0.0:33431
2019-10-23 17:06:39,517 [IPC Server Responder] INFO  ipc.Server (Server.java:run(1314)) - IPC Server Responder: starting
2019-10-23 17:06:39,517 [IPC Server listener on 33431] INFO  ipc.Server (Server.java:run(1153)) - IPC Server listener on 33431: starting
2019-10-23 17:06:39,524 [main] INFO  http.HttpServer2 (HttpServer2.java:bindListener(1191)) - Jetty bound to port 35104
2019-10-23 17:06:39,525 [main] INFO  server.Server (Server.java:doStart(351)) - jetty-9.3.25.v20180904, build timestamp: 2018-09-04T21:11:46Z, git hash: 3ce520221d0240229c862b122d2b06c12a625732
2019-10-23 17:06:39,559 [main] INFO  handler.ContextHandler (ContextHandler.java:doStart(781)) - Started o.e.j.s.ServletContextHandler@4d722ac9{/logs,file:///workdir/hadoop-ozone/integration-test/target/log,AVAILABLE}
2019-10-23 17:06:39,560 [main] INFO  handler.ContextHandler (ContextHandler.java:doStart(781)) - Started o.e.j.s.ServletContextHandler@77a7cf58{/static,file:///workdir/hadoop-ozone/integration-test/target/test-classes/webapps/static,AVAILABLE}
2019-10-23 17:06:39,591 [main] INFO  handler.ContextHandler (ContextHandler.java:doStart(781)) - Started o.e.j.w.WebAppContext@617fe9e1{/,file:///workdir/hadoop-ozone/integration-test/target/test-classes/webapps/scm/,AVAILABLE}{/scm}
2019-10-23 17:06:39,597 [main] INFO  server.AbstractConnector (AbstractConnector.java:doStart(278)) - Started ServerConnector@5aceec94{HTTP/1.1,[http/1.1]}{0.0.0.0:35104}
2019-10-23 17:06:39,597 [main] INFO  server.Server (Server.java:doStart(419)) - Started @2419ms
2019-10-23 17:06:39,599 [main] INFO  impl.MetricsSinkAdapter (MetricsSinkAdapter.java:start(204)) - Sink prometheus started
2019-10-23 17:06:39,600 [main] INFO  impl.MetricsSystemImpl (MetricsSystemImpl.java:registerSink(301)) - Registered sink prometheus
2019-10-23 17:06:39,603 [main] INFO  server.BaseHttpServer (BaseHttpServer.java:updateConnectorAddress(215)) - HTTP server of SCM is listening at http://0.0.0.0:35104
2019-10-23 17:06:39,611 [org.apache.hadoop.util.JvmPauseMonitor$Monitor@3deb2326] INFO  util.JvmPauseMonitor (JvmPauseMonitor.java:run(188)) - Starting JVM pause monitor
2019-10-23 17:06:39,616 [main] WARN  server.ServerUtils (ServerUtils.java:getDBPath(222)) - ozone.om.db.dirs is not configured. We recommend adding this setting. Falling back to ozone.metadata.dirs instead.
2019-10-23 17:06:39,737 [main] INFO  ha.OMHANodeDetails (OMHANodeDetails.java:loadOMHAConfig(190)) - Configuration either no ozone.om.address set. Falling back to the default OM address /127.0.0.1:0
2019-10-23 17:06:39,737 [main] INFO  ha.OMHANodeDetails (OMHANodeDetails.java:getOMNodeDetails(220)) - OM Service ID is not set. Setting it to the default ID: omServiceIdDefault
2019-10-23 17:06:39,739 [main] WARN  server.ServerUtils (ServerUtils.java:getDBPath(222)) - ozone.om.db.dirs is not configured. We recommend adding this setting. Falling back to ozone.metadata.dirs instead.
2019-10-23 17:06:39,739 [main] WARN  server.ServerUtils (ServerUtils.java:getDBPath(222)) - ozone.om.db.dirs is not configured. We recommend adding this setting. Falling back to ozone.metadata.dirs instead.
2019-10-23 17:06:40,306 [main] WARN  server.ServerUtils (ServerUtils.java:getDBPath(222)) - ozone.om.db.dirs is not configured. We recommend adding this setting. Falling back to ozone.metadata.dirs instead.
2019-10-23 17:06:40,313 [main] INFO  db.DBStoreBuilder (DBStoreBuilder.java:addTable(127)) - using custom profile for table: userTable
2019-10-23 17:06:40,313 [main] INFO  db.DBStoreBuilder (DBStoreBuilder.java:processTables(183)) - Using default column profile:DBProfile.DISK for Table:userTable
2019-10-23 17:06:40,314 [main] INFO  db.DBStoreBuilder (DBStoreBuilder.java:addTable(127)) - using custom profile for table: volumeTable
2019-10-23 17:06:40,314 [main] INFO  db.DBStoreBuilder (DBStoreBuilder.java:processTables(183)) - Using default column profile:DBProfile.DISK for Table:volumeTable
2019-10-23 17:06:40,314 [main] INFO  db.DBStoreBuilder (DBStoreBuilder.java:addTable(127)) - using custom profile for table: bucketTable
2019-10-23 17:06:40,314 [main] INFO  db.DBStoreBuilder (DBStoreBuilder.java:processTables(183)) - Using default column profile:DBProfile.DISK for Table:bucketTable
2019-10-23 17:06:40,314 [main] INFO  db.DBStoreBuilder (DBStoreBuilder.java:addTable(127)) - using custom profile for table: keyTable
2019-10-23 17:06:40,315 [main] INFO  db.DBStoreBuilder (DBStoreBuilder.java:processTables(183)) - Using default column profile:DBProfile.DISK for Table:keyTable
2019-10-23 17:06:40,315 [main] INFO  db.DBStoreBuilder (DBStoreBuilder.java:addTable(127)) - using custom profile for table: deletedTable
2019-10-23 17:06:40,315 [main] INFO  db.DBStoreBuilder (DBStoreBuilder.java:processTables(183)) - Using default column profile:DBProfile.DISK for Table:deletedTable
2019-10-23 17:06:40,315 [main] INFO  db.DBStoreBuilder (DBStoreBuilder.java:addTable(127)) - using custom profile for table: openKeyTable
2019-10-23 17:06:40,315 [main] INFO  db.DBStoreBuilder (DBStoreBuilder.java:processTables(183)) - Using default column profile:DBProfile.DISK for Table:openKeyTable
2019-10-23 17:06:40,316 [main] INFO  db.DBStoreBuilder (DBStoreBuilder.java:addTable(127)) - using custom profile for table: s3Table
2019-10-23 17:06:40,316 [main] INFO  db.DBStoreBuilder (DBStoreBuilder.java:processTables(183)) - Using default column profile:DBProfile.DISK for Table:s3Table
2019-10-23 17:06:40,316 [main] INFO  db.DBStoreBuilder (DBStoreBuilder.java:addTable(127)) - using custom profile for table: multipartInfoTable
2019-10-23 17:06:40,316 [main] INFO  db.DBStoreBuilder (DBStoreBuilder.java:processTables(183)) - Using default column profile:DBProfile.DISK for Table:multipartInfoTable
2019-10-23 17:06:40,317 [main] INFO  db.DBStoreBuilder (DBStoreBuilder.java:addTable(127)) - using custom profile for table: dTokenTable
2019-10-23 17:06:40,317 [main] INFO  db.DBStoreBuilder (DBStoreBuilder.java:processTables(183)) - Using default column profile:DBProfile.DISK for Table:dTokenTable
2019-10-23 17:06:40,317 [main] INFO  db.DBStoreBuilder (DBStoreBuilder.java:addTable(127)) - using custom profile for table: s3SecretTable
2019-10-23 17:06:40,317 [main] INFO  db.DBStoreBuilder (DBStoreBuilder.java:processTables(183)) - Using default column profile:DBProfile.DISK for Table:s3SecretTable
2019-10-23 17:06:40,317 [main] INFO  db.DBStoreBuilder (DBStoreBuilder.java:addTable(127)) - using custom profile for table: prefixTable
2019-10-23 17:06:40,318 [main] INFO  db.DBStoreBuilder (DBStoreBuilder.java:processTables(183)) - Using default column profile:DBProfile.DISK for Table:prefixTable
2019-10-23 17:06:40,318 [main] INFO  db.DBStoreBuilder (DBStoreBuilder.java:addTable(127)) - using custom profile for table: default
2019-10-23 17:06:40,318 [main] INFO  db.DBStoreBuilder (DBStoreBuilder.java:processTables(189)) - Using default column profile:DBProfile.DISK for Table:default
2019-10-23 17:06:40,318 [main] INFO  db.DBStoreBuilder (DBStoreBuilder.java:getDbProfile(220)) - Using default options. DBProfile.DISK
2019-10-23 17:06:40,801 [main] INFO  ipc.CallQueueManager (CallQueueManager.java:<init>(84)) - Using callQueue: class java.util.concurrent.LinkedBlockingQueue, queueCapacity: 2000, scheduler: class org.apache.hadoop.ipc.DefaultRpcScheduler, ipcBackoff: false.
2019-10-23 17:06:40,804 [Socket Reader #1 for port 36289] INFO  ipc.Server (Server.java:run(1074)) - Starting Socket Reader #1 for port 36289
2019-10-23 17:06:40,838 [main] INFO  om.OzoneManager (OzoneManager.java:start(1074)) - OzoneManager RPC server is listening at localhost/127.0.0.1:36289
2019-10-23 17:06:40,838 [main] INFO  impl.MetricsSystemImpl (MetricsSystemImpl.java:init(158)) - OzoneManager metrics system started (again)
2019-10-23 17:06:40,849 [IPC Server Responder] INFO  ipc.Server (Server.java:run(1314)) - IPC Server Responder: starting
2019-10-23 17:06:40,850 [IPC Server listener on 36289] INFO  ipc.Server (Server.java:run(1153)) - IPC Server listener on 36289: starting
2019-10-23 17:06:40,862 [main] INFO  hdfs.DFSUtil (DFSUtil.java:httpServerTemplateForNNAndJN(1641)) - Starting Web-server for ozoneManager at: http://0.0.0.0:0
2019-10-23 17:06:40,865 [main] INFO  server.AuthenticationFilter (AuthenticationFilter.java:constructSecretProvider(240)) - Unable to initialize FileSignerSecretProvider, falling back to use random secrets.
2019-10-23 17:06:40,866 [main] WARN  http.HttpRequestLog (HttpRequestLog.java:getRequestLog(97)) - Jetty request log can only be enabled using Log4j
2019-10-23 17:06:40,869 [main] INFO  http.HttpServer2 (HttpServer2.java:addGlobalFilter(975)) - Added global filter 'safety' (class=org.apache.hadoop.http.HttpServer2$QuotingInputFilter)
2019-10-23 17:06:40,871 [main] INFO  http.HttpServer2 (HttpServer2.java:addFilter(948)) - Added filter static_user_filter (class=org.apache.hadoop.http.lib.StaticUserWebFilter$StaticUserFilter) to context ozoneManager
2019-10-23 17:06:40,871 [main] INFO  http.HttpServer2 (HttpServer2.java:addFilter(958)) - Added filter static_user_filter (class=org.apache.hadoop.http.lib.StaticUserWebFilter$StaticUserFilter) to context logs
2019-10-23 17:06:40,871 [main] INFO  http.HttpServer2 (HttpServer2.java:addFilter(958)) - Added filter static_user_filter (class=org.apache.hadoop.http.lib.StaticUserWebFilter$StaticUserFilter) to context static
2019-10-23 17:06:40,874 [main] INFO  http.HttpServer2 (HttpServer2.java:bindListener(1191)) - Jetty bound to port 39333
2019-10-23 17:06:40,875 [main] INFO  server.Server (Server.java:doStart(351)) - jetty-9.3.25.v20180904, build timestamp: 2018-09-04T21:11:46Z, git hash: 3ce520221d0240229c862b122d2b06c12a625732
2019-10-23 17:06:40,878 [main] INFO  handler.ContextHandler (ContextHandler.java:doStart(781)) - Started o.e.j.s.ServletContextHandler@6b63d445{/logs,file:///workdir/hadoop-ozone/integration-test/target/log,AVAILABLE}
2019-10-23 17:06:40,879 [main] INFO  handler.ContextHandler (ContextHandler.java:doStart(781)) - Started o.e.j.s.ServletContextHandler@30b2b76f{/static,file:///workdir/hadoop-ozone/integration-test/target/test-classes/webapps/static,AVAILABLE}
2019-10-23 17:06:40,886 [main] INFO  handler.ContextHandler (ContextHandler.java:doStart(781)) - Started o.e.j.w.WebAppContext@12db3386{/,file:///workdir/hadoop-ozone/integration-test/target/test-classes/webapps/ozoneManager/,AVAILABLE}{/ozoneManager}
2019-10-23 17:06:40,887 [main] INFO  server.AbstractConnector (AbstractConnector.java:doStart(278)) - Started ServerConnector@4078695f{HTTP/1.1,[http/1.1]}{0.0.0.0:39333}
2019-10-23 17:06:40,887 [main] INFO  server.Server (Server.java:doStart(419)) - Started @3709ms
2019-10-23 17:06:40,887 [main] WARN  impl.MetricsSystemImpl (MetricsSystemImpl.java:register(276)) - Sink prometheus already exists!
2019-10-23 17:06:40,889 [main] INFO  server.BaseHttpServer (BaseHttpServer.java:updateConnectorAddress(215)) - HTTP server of OZONEMANAGER is listening at http://0.0.0.0:39333
2019-10-23 17:06:41,150 [main] INFO  impl.MetricsSystemImpl (MetricsSystemImpl.java:init(158)) - HddsDatanode metrics system started (again)
2019-10-23 17:06:41,206 [main] INFO  ozone.HddsDatanodeService (HddsDatanodeService.java:start(184)) - HddsDatanodeService host:pr-hdds-2034-ckmbc-1095224204 ip:192.168.157.242
2019-10-23 17:06:41,236 [main] INFO  volume.HddsVolume (HddsVolume.java:<init>(176)) - Creating Volume: /workdir/hadoop-ozone/integration-test/target/test-dir/MiniOzoneClusterImpl-0a691748-4d5e-4935-afbc-7b96fd7c8770/datanode-0/data/containers/hdds of  storage type : DISK and capacity : 1482555576320
2019-10-23 17:06:41,238 [main] INFO  volume.VolumeSet (VolumeSet.java:initializeVolumeSet(170)) - Added Volume : /workdir/hadoop-ozone/integration-test/target/test-dir/MiniOzoneClusterImpl-0a691748-4d5e-4935-afbc-7b96fd7c8770/datanode-0/data/containers/hdds to VolumeSet
2019-10-23 17:06:41,241 [main] INFO  volume.ThrottledAsyncChecker (ThrottledAsyncChecker.java:schedule(141)) - Scheduling a check for /workdir/hadoop-ozone/integration-test/target/test-dir/MiniOzoneClusterImpl-0a691748-4d5e-4935-afbc-7b96fd7c8770/datanode-0/data/containers/hdds
2019-10-23 17:06:41,256 [main] INFO  volume.HddsVolumeChecker (HddsVolumeChecker.java:checkAllVolumes(204)) - Scheduled health check for volume /workdir/hadoop-ozone/integration-test/target/test-dir/MiniOzoneClusterImpl-0a691748-4d5e-4935-afbc-7b96fd7c8770/datanode-0/data/containers/hdds
2019-10-23 17:06:41,357 [main] INFO  impl.RaftServerProxy (ConfUtils.java:logGet(43)) - raft.rpc.type = GRPC (default)
2019-10-23 17:06:41,420 [main] INFO  grpc.GrpcFactory (GrpcFactory.java:checkPooledByteBufAllocatorUseCacheForAllThreads(45)) - PERFORMANCE WARNING: useCacheForAllThreads is true that may cause Netty to create a lot garbage objects and, as a result, trigger GC.
	It is recommended to disable useCacheForAllThreads by setting -Dorg.apache.ratis.thirdparty.io.netty.allocator.useCacheForAllThreads=false in command line.
2019-10-23 17:06:41,425 [main] INFO  grpc.GrpcConfigKeys$Server (ConfUtils.java:logGet(43)) - raft.grpc.server.port = 0 (default)
2019-10-23 17:06:41,426 [main] INFO  server.GrpcService (ConfUtils.java:logGet(43)) - raft.grpc.message.size.max = 33570816 (custom)
2019-10-23 17:06:41,428 [main] INFO  server.RaftServerConfigKeys (ConfUtils.java:logGet(43)) - raft.server.log.appender.buffer.byte-limit = 33554432 (custom)
2019-10-23 17:06:41,429 [main] INFO  server.GrpcService (ConfUtils.java:logGet(43)) - raft.grpc.flow.control.window = 1MB (=1048576) (default)
2019-10-23 17:06:41,429 [main] INFO  server.RaftServerConfigKeys (ConfUtils.java:logGet(43)) - raft.server.rpc.request.timeout = 3000ms (default)
2019-10-23 17:06:41,574 [main] INFO  server.RaftServerConfigKeys (ConfUtils.java:logGet(43)) - raft.server.storage.dir = [/workdir/hadoop-ozone/integration-test/target/test-dir/MiniOzoneClusterImpl-0a691748-4d5e-4935-afbc-7b96fd7c8770/datanode-0/data/ratis] (custom)
2019-10-23 17:06:41,622 [main] INFO  hdfs.DFSUtil (DFSUtil.java:httpServerTemplateForNNAndJN(1641)) - Starting Web-server for hddsDatanode at: http://0.0.0.0:0
2019-10-23 17:06:41,624 [main] INFO  server.AuthenticationFilter (AuthenticationFilter.java:constructSecretProvider(240)) - Unable to initialize FileSignerSecretProvider, falling back to use random secrets.
2019-10-23 17:06:41,625 [main] WARN  http.HttpRequestLog (HttpRequestLog.java:getRequestLog(97)) - Jetty request log can only be enabled using Log4j
2019-10-23 17:06:41,628 [main] INFO  http.HttpServer2 (HttpServer2.java:addGlobalFilter(975)) - Added global filter 'safety' (class=org.apache.hadoop.http.HttpServer2$QuotingInputFilter)
2019-10-23 17:06:41,629 [main] INFO  http.HttpServer2 (HttpServer2.java:addFilter(948)) - Added filter static_user_filter (class=org.apache.hadoop.http.lib.StaticUserWebFilter$StaticUserFilter) to context hddsDatanode
2019-10-23 17:06:41,630 [main] INFO  http.HttpServer2 (HttpServer2.java:addFilter(958)) - Added filter static_user_filter (class=org.apache.hadoop.http.lib.StaticUserWebFilter$StaticUserFilter) to context logs
2019-10-23 17:06:41,630 [main] INFO  http.HttpServer2 (HttpServer2.java:addFilter(958)) - Added filter static_user_filter (class=org.apache.hadoop.http.lib.StaticUserWebFilter$StaticUserFilter) to context static
2019-10-23 17:06:41,631 [main] INFO  http.HttpServer2 (HttpServer2.java:bindListener(1191)) - Jetty bound to port 36512
2019-10-23 17:06:41,632 [main] INFO  server.Server (Server.java:doStart(351)) - jetty-9.3.25.v20180904, build timestamp: 2018-09-04T21:11:46Z, git hash: 3ce520221d0240229c862b122d2b06c12a625732
2019-10-23 17:06:41,635 [main] INFO  handler.ContextHandler (ContextHandler.java:doStart(781)) - Started o.e.j.s.ServletContextHandler@dc79225{/logs,file:///workdir/hadoop-ozone/integration-test/target/log,AVAILABLE}
2019-10-23 17:06:41,636 [main] INFO  handler.ContextHandler (ContextHandler.java:doStart(781)) - Started o.e.j.s.ServletContextHandler@46185a1b{/static,jar:file:/home/user/.m2/repository/org/apache/hadoop/hadoop-hdds-container-service/0.5.0-SNAPSHOT/hadoop-hdds-container-service-0.5.0-SNAPSHOT.jar!/webapps/static,AVAILABLE}
2019-10-23 17:06:41,689 [main] INFO  handler.ContextHandler (ContextHandler.java:doStart(781)) - Started o.e.j.w.WebAppContext@2e8a1ab4{/,file:///tmp/jetty-0.0.0.0-36512-hddsDatanode-_-any-4776466245855974173.dir/webapp/,AVAILABLE}{/hddsDatanode}
2019-10-23 17:06:41,690 [main] INFO  server.AbstractConnector (AbstractConnector.java:doStart(278)) - Started ServerConnector@59f93db8{HTTP/1.1,[http/1.1]}{0.0.0.0:36512}
2019-10-23 17:06:41,690 [main] INFO  server.Server (Server.java:doStart(419)) - Started @4512ms
2019-10-23 17:06:41,691 [main] WARN  impl.MetricsSystemImpl (MetricsSystemImpl.java:register(276)) - Sink prometheus already exists!
2019-10-23 17:06:41,692 [main] INFO  server.BaseHttpServer (BaseHttpServer.java:updateConnectorAddress(215)) - HTTP server of HDDSDATANODE is listening at http://0.0.0.0:36512
2019-10-23 17:06:41,694 [main] INFO  impl.MetricsSystemImpl (MetricsSystemImpl.java:init(158)) - HddsDatanode metrics system started (again)
2019-10-23 17:06:41,697 [main] INFO  ozone.HddsDatanodeService (HddsDatanodeService.java:start(184)) - HddsDatanodeService host:pr-hdds-2034-ckmbc-1095224204 ip:192.168.157.242
2019-10-23 17:06:41,699 [org.apache.hadoop.util.JvmPauseMonitor$Monitor@6ffeb71c] INFO  util.JvmPauseMonitor (JvmPauseMonitor.java:run(188)) - Starting JVM pause monitor
2019-10-23 17:06:41,707 [main] INFO  volume.HddsVolume (HddsVolume.java:<init>(176)) - Creating Volume: /workdir/hadoop-ozone/integration-test/target/test-dir/MiniOzoneClusterImpl-0a691748-4d5e-4935-afbc-7b96fd7c8770/datanode-1/data/containers/hdds of  storage type : DISK and capacity : 1482555576320
2019-10-23 17:06:41,708 [main] INFO  volume.VolumeSet (VolumeSet.java:initializeVolumeSet(170)) - Added Volume : /workdir/hadoop-ozone/integration-test/target/test-dir/MiniOzoneClusterImpl-0a691748-4d5e-4935-afbc-7b96fd7c8770/datanode-1/data/containers/hdds to VolumeSet
2019-10-23 17:06:41,708 [main] INFO  volume.ThrottledAsyncChecker (ThrottledAsyncChecker.java:schedule(141)) - Scheduling a check for /workdir/hadoop-ozone/integration-test/target/test-dir/MiniOzoneClusterImpl-0a691748-4d5e-4935-afbc-7b96fd7c8770/datanode-1/data/containers/hdds
2019-10-23 17:06:41,709 [main] INFO  volume.HddsVolumeChecker (HddsVolumeChecker.java:checkAllVolumes(204)) - Scheduled health check for volume /workdir/hadoop-ozone/integration-test/target/test-dir/MiniOzoneClusterImpl-0a691748-4d5e-4935-afbc-7b96fd7c8770/datanode-1/data/containers/hdds
2019-10-23 17:06:41,728 [main] INFO  impl.RaftServerProxy (ConfUtils.java:logGet(43)) - raft.rpc.type = GRPC (default)
2019-10-23 17:06:41,728 [main] INFO  grpc.GrpcFactory (GrpcFactory.java:checkPooledByteBufAllocatorUseCacheForAllThreads(45)) - PERFORMANCE WARNING: useCacheForAllThreads is true that may cause Netty to create a lot garbage objects and, as a result, trigger GC.
	It is recommended to disable useCacheForAllThreads by setting -Dorg.apache.ratis.thirdparty.io.netty.allocator.useCacheForAllThreads=false in command line.
2019-10-23 17:06:41,728 [main] INFO  grpc.GrpcConfigKeys$Server (ConfUtils.java:logGet(43)) - raft.grpc.server.port = 0 (default)
2019-10-23 17:06:41,729 [main] INFO  server.GrpcService (ConfUtils.java:logGet(43)) - raft.grpc.message.size.max = 33570816 (custom)
2019-10-23 17:06:41,729 [main] INFO  server.RaftServerConfigKeys (ConfUtils.java:logGet(43)) - raft.server.log.appender.buffer.byte-limit = 33554432 (custom)
2019-10-23 17:06:41,729 [main] INFO  server.GrpcService (ConfUtils.java:logGet(43)) - raft.grpc.flow.control.window = 1MB (=1048576) (default)
2019-10-23 17:06:41,730 [main] INFO  server.RaftServerConfigKeys (ConfUtils.java:logGet(43)) - raft.server.rpc.request.timeout = 3000ms (default)
2019-10-23 17:06:41,731 [main] INFO  server.RaftServerConfigKeys (ConfUtils.java:logGet(43)) - raft.server.storage.dir = [/workdir/hadoop-ozone/integration-test/target/test-dir/MiniOzoneClusterImpl-0a691748-4d5e-4935-afbc-7b96fd7c8770/datanode-1/data/ratis] (custom)
2019-10-23 17:06:41,733 [main] INFO  hdfs.DFSUtil (DFSUtil.java:httpServerTemplateForNNAndJN(1641)) - Starting Web-server for hddsDatanode at: http://0.0.0.0:0
2019-10-23 17:06:41,734 [main] INFO  server.AuthenticationFilter (AuthenticationFilter.java:constructSecretProvider(240)) - Unable to initialize FileSignerSecretProvider, falling back to use random secrets.
2019-10-23 17:06:41,735 [main] WARN  http.HttpRequestLog (HttpRequestLog.java:getRequestLog(97)) - Jetty request log can only be enabled using Log4j
2019-10-23 17:06:41,737 [main] INFO  http.HttpServer2 (HttpServer2.java:addGlobalFilter(975)) - Added global filter 'safety' (class=org.apache.hadoop.http.HttpServer2$QuotingInputFilter)
2019-10-23 17:06:41,738 [main] INFO  http.HttpServer2 (HttpServer2.java:addFilter(948)) - Added filter static_user_filter (class=org.apache.hadoop.http.lib.StaticUserWebFilter$StaticUserFilter) to context hddsDatanode
2019-10-23 17:06:41,738 [main] INFO  http.HttpServer2 (HttpServer2.java:addFilter(958)) - Added filter static_user_filter (class=org.apache.hadoop.http.lib.StaticUserWebFilter$StaticUserFilter) to context logs
2019-10-23 17:06:41,738 [main] INFO  http.HttpServer2 (HttpServer2.java:addFilter(958)) - Added filter static_user_filter (class=org.apache.hadoop.http.lib.StaticUserWebFilter$StaticUserFilter) to context static
2019-10-23 17:06:41,739 [main] INFO  http.HttpServer2 (HttpServer2.java:bindListener(1191)) - Jetty bound to port 33036
2019-10-23 17:06:41,739 [main] INFO  server.Server (Server.java:doStart(351)) - jetty-9.3.25.v20180904, build timestamp: 2018-09-04T21:11:46Z, git hash: 3ce520221d0240229c862b122d2b06c12a625732
2019-10-23 17:06:41,742 [main] INFO  handler.ContextHandler (ContextHandler.java:doStart(781)) - Started o.e.j.s.ServletContextHandler@5b9396d3{/logs,file:///workdir/hadoop-ozone/integration-test/target/log,AVAILABLE}
2019-10-23 17:06:41,743 [main] INFO  handler.ContextHandler (ContextHandler.java:doStart(781)) - Started o.e.j.s.ServletContextHandler@6a472566{/static,jar:file:/home/user/.m2/repository/org/apache/hadoop/hadoop-hdds-container-service/0.5.0-SNAPSHOT/hadoop-hdds-container-service-0.5.0-SNAPSHOT.jar!/webapps/static,AVAILABLE}
2019-10-23 17:06:41,783 [main] INFO  handler.ContextHandler (ContextHandler.java:doStart(781)) - Started o.e.j.w.WebAppContext@146dcfe6{/,file:///tmp/jetty-0.0.0.0-33036-hddsDatanode-_-any-2986293917852360376.dir/webapp/,AVAILABLE}{/hddsDatanode}
2019-10-23 17:06:41,783 [main] INFO  server.AbstractConnector (AbstractConnector.java:doStart(278)) - Started ServerConnector@22587507{HTTP/1.1,[http/1.1]}{0.0.0.0:33036}
2019-10-23 17:06:41,784 [main] INFO  server.Server (Server.java:doStart(419)) - Started @4606ms
2019-10-23 17:06:41,785 [main] WARN  impl.MetricsSystemImpl (MetricsSystemImpl.java:register(276)) - Sink prometheus already exists!
2019-10-23 17:06:41,787 [main] INFO  server.BaseHttpServer (BaseHttpServer.java:updateConnectorAddress(215)) - HTTP server of HDDSDATANODE is listening at http://0.0.0.0:33036
2019-10-23 17:06:41,787 [main] INFO  impl.MetricsSystemImpl (MetricsSystemImpl.java:init(158)) - HddsDatanode metrics system started (again)
2019-10-23 17:06:41,790 [org.apache.hadoop.util.JvmPauseMonitor$Monitor@3b9f70af] INFO  util.JvmPauseMonitor (JvmPauseMonitor.java:run(188)) - Starting JVM pause monitor
2019-10-23 17:06:41,791 [main] INFO  ozone.HddsDatanodeService (HddsDatanodeService.java:start(184)) - HddsDatanodeService host:pr-hdds-2034-ckmbc-1095224204 ip:192.168.157.242
2019-10-23 17:06:41,800 [main] INFO  volume.HddsVolume (HddsVolume.java:<init>(176)) - Creating Volume: /workdir/hadoop-ozone/integration-test/target/test-dir/MiniOzoneClusterImpl-0a691748-4d5e-4935-afbc-7b96fd7c8770/datanode-2/data/containers/hdds of  storage type : DISK and capacity : 1482555576320
2019-10-23 17:06:41,801 [main] INFO  volume.VolumeSet (VolumeSet.java:initializeVolumeSet(170)) - Added Volume : /workdir/hadoop-ozone/integration-test/target/test-dir/MiniOzoneClusterImpl-0a691748-4d5e-4935-afbc-7b96fd7c8770/datanode-2/data/containers/hdds to VolumeSet
2019-10-23 17:06:41,801 [main] INFO  volume.ThrottledAsyncChecker (ThrottledAsyncChecker.java:schedule(141)) - Scheduling a check for /workdir/hadoop-ozone/integration-test/target/test-dir/MiniOzoneClusterImpl-0a691748-4d5e-4935-afbc-7b96fd7c8770/datanode-2/data/containers/hdds
2019-10-23 17:06:41,802 [main] INFO  volume.HddsVolumeChecker (HddsVolumeChecker.java:checkAllVolumes(204)) - Scheduled health check for volume /workdir/hadoop-ozone/integration-test/target/test-dir/MiniOzoneClusterImpl-0a691748-4d5e-4935-afbc-7b96fd7c8770/datanode-2/data/containers/hdds
2019-10-23 17:06:41,805 [Datanode State Machine Thread - 0] INFO  datanode.InitDatanodeState (InitDatanodeState.java:persistContainerDatanodeDetails(140)) - DatanodeDetails is persisted to /workdir/hadoop-ozone/integration-test/target/test-dir/MiniOzoneClusterImpl-0a691748-4d5e-4935-afbc-7b96fd7c8770/datanode-0/meta/datanode.id
2019-10-23 17:06:41,808 [Datanode State Machine Thread - 0] INFO  datanode.InitDatanodeState (InitDatanodeState.java:persistContainerDatanodeDetails(140)) - DatanodeDetails is persisted to /workdir/hadoop-ozone/integration-test/target/test-dir/MiniOzoneClusterImpl-0a691748-4d5e-4935-afbc-7b96fd7c8770/datanode-1/meta/datanode.id
2019-10-23 17:06:41,823 [main] INFO  impl.RaftServerProxy (ConfUtils.java:logGet(43)) - raft.rpc.type = GRPC (default)
2019-10-23 17:06:41,824 [main] INFO  grpc.GrpcFactory (GrpcFactory.java:checkPooledByteBufAllocatorUseCacheForAllThreads(45)) - PERFORMANCE WARNING: useCacheForAllThreads is true that may cause Netty to create a lot garbage objects and, as a result, trigger GC.
	It is recommended to disable useCacheForAllThreads by setting -Dorg.apache.ratis.thirdparty.io.netty.allocator.useCacheForAllThreads=false in command line.
2019-10-23 17:06:41,824 [main] INFO  grpc.GrpcConfigKeys$Server (ConfUtils.java:logGet(43)) - raft.grpc.server.port = 0 (default)
2019-10-23 17:06:41,824 [main] INFO  server.GrpcService (ConfUtils.java:logGet(43)) - raft.grpc.message.size.max = 33570816 (custom)
2019-10-23 17:06:41,824 [main] INFO  server.RaftServerConfigKeys (ConfUtils.java:logGet(43)) - raft.server.log.appender.buffer.byte-limit = 33554432 (custom)
2019-10-23 17:06:41,825 [main] INFO  server.GrpcService (ConfUtils.java:logGet(43)) - raft.grpc.flow.control.window = 1MB (=1048576) (default)
2019-10-23 17:06:41,825 [main] INFO  server.RaftServerConfigKeys (ConfUtils.java:logGet(43)) - raft.server.rpc.request.timeout = 3000ms (default)
2019-10-23 17:06:41,826 [main] INFO  server.RaftServerConfigKeys (ConfUtils.java:logGet(43)) - raft.server.storage.dir = [/workdir/hadoop-ozone/integration-test/target/test-dir/MiniOzoneClusterImpl-0a691748-4d5e-4935-afbc-7b96fd7c8770/datanode-2/data/ratis] (custom)
2019-10-23 17:06:41,829 [main] INFO  hdfs.DFSUtil (DFSUtil.java:httpServerTemplateForNNAndJN(1641)) - Starting Web-server for hddsDatanode at: http://0.0.0.0:0
2019-10-23 17:06:41,830 [main] INFO  server.AuthenticationFilter (AuthenticationFilter.java:constructSecretProvider(240)) - Unable to initialize FileSignerSecretProvider, falling back to use random secrets.
2019-10-23 17:06:41,830 [main] WARN  http.HttpRequestLog (HttpRequestLog.java:getRequestLog(97)) - Jetty request log can only be enabled using Log4j
2019-10-23 17:06:41,832 [main] INFO  http.HttpServer2 (HttpServer2.java:addGlobalFilter(975)) - Added global filter 'safety' (class=org.apache.hadoop.http.HttpServer2$QuotingInputFilter)
2019-10-23 17:06:41,832 [main] INFO  http.HttpServer2 (HttpServer2.java:addFilter(948)) - Added filter static_user_filter (class=org.apache.hadoop.http.lib.StaticUserWebFilter$StaticUserFilter) to context hddsDatanode
2019-10-23 17:06:41,833 [main] INFO  http.HttpServer2 (HttpServer2.java:addFilter(958)) - Added filter static_user_filter (class=org.apache.hadoop.http.lib.StaticUserWebFilter$StaticUserFilter) to context logs
2019-10-23 17:06:41,833 [main] INFO  http.HttpServer2 (HttpServer2.java:addFilter(958)) - Added filter static_user_filter (class=org.apache.hadoop.http.lib.StaticUserWebFilter$StaticUserFilter) to context static
2019-10-23 17:06:41,834 [main] INFO  http.HttpServer2 (HttpServer2.java:bindListener(1191)) - Jetty bound to port 39771
2019-10-23 17:06:41,834 [main] INFO  server.Server (Server.java:doStart(351)) - jetty-9.3.25.v20180904, build timestamp: 2018-09-04T21:11:46Z, git hash: 3ce520221d0240229c862b122d2b06c12a625732
2019-10-23 17:06:41,837 [main] INFO  handler.ContextHandler (ContextHandler.java:doStart(781)) - Started o.e.j.s.ServletContextHandler@1effd53c{/logs,file:///workdir/hadoop-ozone/integration-test/target/log,AVAILABLE}
2019-10-23 17:06:41,838 [main] INFO  handler.ContextHandler (ContextHandler.java:doStart(781)) - Started o.e.j.s.ServletContextHandler@6920614{/static,jar:file:/home/user/.m2/repository/org/apache/hadoop/hadoop-hdds-container-service/0.5.0-SNAPSHOT/hadoop-hdds-container-service-0.5.0-SNAPSHOT.jar!/webapps/static,AVAILABLE}
2019-10-23 17:06:41,869 [main] INFO  handler.ContextHandler (ContextHandler.java:doStart(781)) - Started o.e.j.w.WebAppContext@255eaa6b{/,file:///tmp/jetty-0.0.0.0-39771-hddsDatanode-_-any-1618929979523345133.dir/webapp/,AVAILABLE}{/hddsDatanode}
2019-10-23 17:06:41,869 [main] INFO  server.AbstractConnector (AbstractConnector.java:doStart(278)) - Started ServerConnector@476fe690{HTTP/1.1,[http/1.1]}{0.0.0.0:39771}
2019-10-23 17:06:41,870 [main] INFO  server.Server (Server.java:doStart(419)) - Started @4692ms
2019-10-23 17:06:41,870 [main] WARN  impl.MetricsSystemImpl (MetricsSystemImpl.java:register(276)) - Sink prometheus already exists!
2019-10-23 17:06:41,872 [main] INFO  server.BaseHttpServer (BaseHttpServer.java:updateConnectorAddress(215)) - HTTP server of HDDSDATANODE is listening at http://0.0.0.0:39771
2019-10-23 17:06:41,873 [main] INFO  ozone.MiniOzoneClusterImpl (MiniOzoneClusterImpl.java:lambda$waitForClusterToBeReady$0(149)) - Waiting for nodes to be ready. Got 0 of 3 DN Heartbeats.
2019-10-23 17:06:41,873 [main] INFO  ozone.MiniOzoneClusterImpl (MiniOzoneClusterImpl.java:lambda$waitForClusterToBeReady$0(152)) - Waiting for cluster to exit safe mode
2019-10-23 17:06:41,874 [org.apache.hadoop.util.JvmPauseMonitor$Monitor@12d377fb] INFO  util.JvmPauseMonitor (JvmPauseMonitor.java:run(188)) - Starting JVM pause monitor
2019-10-23 17:06:41,877 [Datanode State Machine Thread - 0] INFO  datanode.InitDatanodeState (InitDatanodeState.java:persistContainerDatanodeDetails(140)) - DatanodeDetails is persisted to /workdir/hadoop-ozone/integration-test/target/test-dir/MiniOzoneClusterImpl-0a691748-4d5e-4935-afbc-7b96fd7c8770/datanode-2/meta/datanode.id
2019-10-23 17:06:42,874 [main] INFO  ozone.MiniOzoneClusterImpl (MiniOzoneClusterImpl.java:lambda$waitForClusterToBeReady$0(149)) - Waiting for nodes to be ready. Got 0 of 3 DN Heartbeats.
2019-10-23 17:06:42,874 [main] INFO  ozone.MiniOzoneClusterImpl (MiniOzoneClusterImpl.java:lambda$waitForClusterToBeReady$0(152)) - Waiting for cluster to exit safe mode
2019-10-23 17:06:43,785 [Datanode State Machine Thread - 0] INFO  ozoneimpl.OzoneContainer (OzoneContainer.java:start(213)) - Attempting to start container services.
2019-10-23 17:06:43,786 [Datanode State Machine Thread - 0] INFO  ozoneimpl.OzoneContainer (OzoneContainer.java:startContainerScrub(177)) - Background container scanner has been disabled.
2019-10-23 17:06:43,787 [Datanode State Machine Thread - 0] INFO  ratis.XceiverServerRatis (XceiverServerRatis.java:start(419)) - Starting XceiverServerRatis a645e8ec-3812-4481-93f3-68221dd5a52f at port 0
2019-10-23 17:06:43,808 [Datanode State Machine Thread - 0] INFO  ozoneimpl.OzoneContainer (OzoneContainer.java:start(213)) - Attempting to start container services.
2019-10-23 17:06:43,814 [Datanode State Machine Thread - 0] INFO  ozoneimpl.OzoneContainer (OzoneContainer.java:startContainerScrub(177)) - Background container scanner has been disabled.
2019-10-23 17:06:43,814 [Datanode State Machine Thread - 0] INFO  ratis.XceiverServerRatis (XceiverServerRatis.java:start(419)) - Starting XceiverServerRatis 8a447bde-5925-4537-9923-914d6124acc8 at port 0
2019-10-23 17:06:43,816 [Datanode State Machine Thread - 0] INFO  impl.RaftServerProxy (RaftServerProxy.java:lambda$start$3(299)) - a645e8ec-3812-4481-93f3-68221dd5a52f: start RPC server
2019-10-23 17:06:43,832 [Datanode State Machine Thread - 0] INFO  impl.RaftServerProxy (RaftServerProxy.java:lambda$start$3(299)) - 8a447bde-5925-4537-9923-914d6124acc8: start RPC server
2019-10-23 17:06:43,874 [main] INFO  ozone.MiniOzoneClusterImpl (MiniOzoneClusterImpl.java:lambda$waitForClusterToBeReady$0(149)) - Waiting for nodes to be ready. Got 0 of 3 DN Heartbeats.
2019-10-23 17:06:43,875 [main] INFO  ozone.MiniOzoneClusterImpl (MiniOzoneClusterImpl.java:lambda$waitForClusterToBeReady$0(152)) - Waiting for cluster to exit safe mode
2019-10-23 17:06:43,889 [Datanode State Machine Thread - 0] INFO  ozoneimpl.OzoneContainer (OzoneContainer.java:start(213)) - Attempting to start container services.
2019-10-23 17:06:43,891 [Datanode State Machine Thread - 0] INFO  ozoneimpl.OzoneContainer (OzoneContainer.java:startContainerScrub(177)) - Background container scanner has been disabled.
2019-10-23 17:06:43,891 [Datanode State Machine Thread - 0] INFO  ratis.XceiverServerRatis (XceiverServerRatis.java:start(419)) - Starting XceiverServerRatis 53b51124-92ed-42d6-a80e-016fa59d7f2b at port 0
2019-10-23 17:06:43,901 [Datanode State Machine Thread - 0] INFO  impl.RaftServerProxy (RaftServerProxy.java:lambda$start$3(299)) - 53b51124-92ed-42d6-a80e-016fa59d7f2b: start RPC server
2019-10-23 17:06:43,992 [Datanode State Machine Thread - 0] INFO  server.GrpcService (GrpcService.java:startImpl(158)) - 53b51124-92ed-42d6-a80e-016fa59d7f2b: GrpcService started, listening on 0.0.0.0/0.0.0.0:38291
2019-10-23 17:06:43,992 [Datanode State Machine Thread - 0] INFO  server.GrpcService (GrpcService.java:startImpl(158)) - 8a447bde-5925-4537-9923-914d6124acc8: GrpcService started, listening on 0.0.0.0/0.0.0.0:44942
2019-10-23 17:06:43,992 [Datanode State Machine Thread - 0] INFO  server.GrpcService (GrpcService.java:startImpl(158)) - a645e8ec-3812-4481-93f3-68221dd5a52f: GrpcService started, listening on 0.0.0.0/0.0.0.0:42875
2019-10-23 17:06:43,993 [Datanode State Machine Thread - 0] INFO  ratis.XceiverServerRatis (XceiverServerRatis.java:start(429)) - XceiverServerRatis 8a447bde-5925-4537-9923-914d6124acc8 is started using port 44942
2019-10-23 17:06:43,993 [Datanode State Machine Thread - 0] INFO  ratis.XceiverServerRatis (XceiverServerRatis.java:start(429)) - XceiverServerRatis 53b51124-92ed-42d6-a80e-016fa59d7f2b is started using port 38291
2019-10-23 17:06:43,993 [Datanode State Machine Thread - 0] INFO  ratis.XceiverServerRatis (XceiverServerRatis.java:start(429)) - XceiverServerRatis a645e8ec-3812-4481-93f3-68221dd5a52f is started using port 42875
2019-10-23 17:06:44,000 [Datanode State Machine Thread - 0] INFO  server.XceiverServerGrpc (XceiverServerGrpc.java:start(149)) - XceiverServerGrpc 53b51124-92ed-42d6-a80e-016fa59d7f2b is started using port 36689
2019-10-23 17:06:44,000 [Datanode State Machine Thread - 0] INFO  server.XceiverServerGrpc (XceiverServerGrpc.java:start(149)) - XceiverServerGrpc 8a447bde-5925-4537-9923-914d6124acc8 is started using port 36188
2019-10-23 17:06:44,000 [Datanode State Machine Thread - 0] INFO  server.XceiverServerGrpc (XceiverServerGrpc.java:start(149)) - XceiverServerGrpc a645e8ec-3812-4481-93f3-68221dd5a52f is started using port 34535
2019-10-23 17:06:44,875 [main] INFO  ozone.MiniOzoneClusterImpl (MiniOzoneClusterImpl.java:lambda$waitForClusterToBeReady$0(149)) - Waiting for nodes to be ready. Got 0 of 3 DN Heartbeats.
2019-10-23 17:06:44,876 [main] INFO  ozone.MiniOzoneClusterImpl (MiniOzoneClusterImpl.java:lambda$waitForClusterToBeReady$0(152)) - Waiting for cluster to exit safe mode
2019-10-23 17:06:45,735 [IPC Server handler 0 on 33431] INFO  net.NetworkTopology (NetworkTopologyImpl.java:add(111)) - Added a new node: /default-rack/a645e8ec-3812-4481-93f3-68221dd5a52f
2019-10-23 17:06:45,735 [IPC Server handler 0 on 33431] INFO  node.SCMNodeManager (SCMNodeManager.java:register(268)) - Registered Data node : a645e8ec-3812-4481-93f3-68221dd5a52f{ip: 192.168.157.242, host: pr-hdds-2034-ckmbc-1095224204, networkLocation: /default-rack, certSerialId: null}
2019-10-23 17:06:45,738 [EventQueue-NodeRegistrationContainerReportForContainerSafeModeRule] INFO  safemode.SCMSafeModeManager (SCMSafeModeManager.java:validateSafeModeExitRules(174)) - ContainerSafeModeRule rule is successfully validated
2019-10-23 17:06:45,738 [EventQueue-NodeRegistrationContainerReportForDataNodeSafeModeRule] INFO  safemode.SCMSafeModeManager (DataNodeSafeModeRule.java:process(71)) - SCM in safe mode. 1 DataNodes registered, 1 required.
2019-10-23 17:06:45,739 [EventQueue-NodeRegistrationContainerReportForDataNodeSafeModeRule] INFO  safemode.SCMSafeModeManager (SCMSafeModeManager.java:validateSafeModeExitRules(174)) - DataNodeSafeModeRule rule is successfully validated
2019-10-23 17:06:45,741 [RatisPipelineUtilsThread] INFO  pipeline.RatisPipelineProvider (RatisPipelineProvider.java:lambda$create$4(163)) - Send pipeline:PipelineID=86ee2682-0db8-4d97-82d2-2ad32fdb6c72 create command to datanode a645e8ec-3812-4481-93f3-68221dd5a52f
2019-10-23 17:06:45,792 [IPC Server handler 2 on 33431] INFO  net.NetworkTopology (NetworkTopologyImpl.java:add(111)) - Added a new node: /default-rack/8a447bde-5925-4537-9923-914d6124acc8
2019-10-23 17:06:45,793 [IPC Server handler 2 on 33431] INFO  node.SCMNodeManager (SCMNodeManager.java:register(268)) - Registered Data node : 8a447bde-5925-4537-9923-914d6124acc8{ip: 192.168.157.242, host: pr-hdds-2034-ckmbc-1095224204, networkLocation: /default-rack, certSerialId: null}
2019-10-23 17:06:45,793 [EventQueue-NodeRegistrationContainerReportForDataNodeSafeModeRule] INFO  safemode.SCMSafeModeManager (SCMSafeModeManager.java:validateSafeModeExitRules(174)) - DataNodeSafeModeRule rule is successfully validated
2019-10-23 17:06:45,793 [EventQueue-NodeRegistrationContainerReportForContainerSafeModeRule] INFO  safemode.SCMSafeModeManager (SCMSafeModeManager.java:validateSafeModeExitRules(174)) - ContainerSafeModeRule rule is successfully validated
2019-10-23 17:06:45,794 [RatisPipelineUtilsThread] INFO  pipeline.RatisPipelineProvider (RatisPipelineProvider.java:lambda$create$4(163)) - Send pipeline:PipelineID=4611f381-d1e9-4b9e-8921-56eb858cd755 create command to datanode 8a447bde-5925-4537-9923-914d6124acc8
2019-10-23 17:06:45,876 [main] INFO  ozone.MiniOzoneClusterImpl (MiniOzoneClusterImpl.java:lambda$waitForClusterToBeReady$0(149)) - Waiting for nodes to be ready. Got 2 of 3 DN Heartbeats.
2019-10-23 17:06:45,877 [main] INFO  ozone.MiniOzoneClusterImpl (MiniOzoneClusterImpl.java:lambda$waitForClusterToBeReady$0(152)) - Waiting for cluster to exit safe mode
2019-10-23 17:06:45,877 [IPC Server handler 3 on 33431] INFO  net.NetworkTopology (NetworkTopologyImpl.java:add(111)) - Added a new node: /default-rack/53b51124-92ed-42d6-a80e-016fa59d7f2b
2019-10-23 17:06:45,878 [IPC Server handler 3 on 33431] INFO  node.SCMNodeManager (SCMNodeManager.java:register(268)) - Registered Data node : 53b51124-92ed-42d6-a80e-016fa59d7f2b{ip: 192.168.157.242, host: pr-hdds-2034-ckmbc-1095224204, networkLocation: /default-rack, certSerialId: null}
2019-10-23 17:06:45,879 [RatisPipelineUtilsThread] INFO  pipeline.RatisPipelineProvider (RatisPipelineProvider.java:lambda$create$4(163)) - Send pipeline:PipelineID=5baf0f36-61d6-46e6-a14d-ca89ba60a746 create command to datanode 53b51124-92ed-42d6-a80e-016fa59d7f2b
2019-10-23 17:06:45,879 [EventQueue-NodeRegistrationContainerReportForContainerSafeModeRule] INFO  safemode.SCMSafeModeManager (SCMSafeModeManager.java:validateSafeModeExitRules(174)) - ContainerSafeModeRule rule is successfully validated
2019-10-23 17:06:45,880 [EventQueue-NodeRegistrationContainerReportForDataNodeSafeModeRule] INFO  safemode.SCMSafeModeManager (SCMSafeModeManager.java:validateSafeModeExitRules(174)) - DataNodeSafeModeRule rule is successfully validated
2019-10-23 17:06:45,881 [RatisPipelineUtilsThread] INFO  pipeline.RatisPipelineProvider (RatisPipelineProvider.java:lambda$create$4(163)) - Send pipeline:PipelineID=eaf7b8d5-4c44-4730-931b-7447e9ef7d39 create command to datanode a645e8ec-3812-4481-93f3-68221dd5a52f
2019-10-23 17:06:45,881 [RatisPipelineUtilsThread] INFO  pipeline.RatisPipelineProvider (RatisPipelineProvider.java:lambda$create$4(163)) - Send pipeline:PipelineID=eaf7b8d5-4c44-4730-931b-7447e9ef7d39 create command to datanode 8a447bde-5925-4537-9923-914d6124acc8
2019-10-23 17:06:45,881 [RatisPipelineUtilsThread] INFO  pipeline.RatisPipelineProvider (RatisPipelineProvider.java:lambda$create$4(163)) - Send pipeline:PipelineID=eaf7b8d5-4c44-4730-931b-7447e9ef7d39 create command to datanode 53b51124-92ed-42d6-a80e-016fa59d7f2b
2019-10-23 17:06:46,877 [main] INFO  ozone.MiniOzoneClusterImpl (MiniOzoneClusterImpl.java:lambda$waitForClusterToBeReady$0(149)) - Nodes are ready. Got 3 of 3 DN Heartbeats.
2019-10-23 17:06:46,878 [main] INFO  ozone.MiniOzoneClusterImpl (MiniOzoneClusterImpl.java:lambda$waitForClusterToBeReady$0(152)) - Waiting for cluster to exit safe mode
2019-10-23 17:06:47,878 [main] INFO  ozone.MiniOzoneClusterImpl (MiniOzoneClusterImpl.java:lambda$waitForClusterToBeReady$0(149)) - Nodes are ready. Got 3 of 3 DN Heartbeats.
2019-10-23 17:06:47,879 [main] INFO  ozone.MiniOzoneClusterImpl (MiniOzoneClusterImpl.java:lambda$waitForClusterToBeReady$0(152)) - Waiting for cluster to exit safe mode
2019-10-23 17:06:48,721 [Command processor thread] INFO  impl.RaftServerProxy (RaftServerProxy.java:addNew(89)) - a645e8ec-3812-4481-93f3-68221dd5a52f: addNew group-2AD32FDB6C72:[a645e8ec-3812-4481-93f3-68221dd5a52f:192.168.157.242:42875] returns group-2AD32FDB6C72:java.util.concurrent.CompletableFuture@54ad110e[Not completed]
2019-10-23 17:06:48,746 [pool-27-thread-1] INFO  impl.RaftServerImpl (RaftServerImpl.java:<init>(98)) - a645e8ec-3812-4481-93f3-68221dd5a52f: new RaftServerImpl for group-2AD32FDB6C72:[a645e8ec-3812-4481-93f3-68221dd5a52f:192.168.157.242:42875] with ContainerStateMachine:uninitialized
2019-10-23 17:06:48,748 [pool-27-thread-1] INFO  server.RaftServerConfigKeys (ConfUtils.java:logGet(43)) - raft.server.rpc.timeout.min = 5s (custom)
2019-10-23 17:06:48,749 [pool-27-thread-1] INFO  server.RaftServerConfigKeys (ConfUtils.java:logGet(43)) - raft.server.rpc.timeout.max = 5200ms (custom)
2019-10-23 17:06:48,750 [pool-27-thread-1] INFO  server.RaftServerConfigKeys (ConfUtils.java:logGet(43)) - raft.server.rpcslowness.timeout = 1000s (custom)
2019-10-23 17:06:48,751 [pool-27-thread-1] INFO  server.RaftServerConfigKeys (ConfUtils.java:logGet(43)) - raft.server.sleep.deviation.threshold = 300 (default)
2019-10-23 17:06:48,752 [pool-27-thread-1] INFO  server.RaftServerConfigKeys (ConfUtils.java:logGet(43)) - raft.server.log.appender.install.snapshot.enabled = false (custom)
2019-10-23 17:06:48,761 [pool-27-thread-1] INFO  impl.RaftServerImpl (ServerState.java:<init>(103)) - a645e8ec-3812-4481-93f3-68221dd5a52f@group-2AD32FDB6C72: ConfigurationManager, init=-1: [a645e8ec-3812-4481-93f3-68221dd5a52f:192.168.157.242:42875], old=null, confs=<EMPTY_MAP>
2019-10-23 17:06:48,761 [pool-27-thread-1] INFO  server.RaftServerConfigKeys (ConfUtils.java:logGet(43)) - raft.server.storage.dir = [/workdir/hadoop-ozone/integration-test/target/test-dir/MiniOzoneClusterImpl-0a691748-4d5e-4935-afbc-7b96fd7c8770/datanode-0/data/ratis] (custom)
2019-10-23 17:06:48,770 [pool-27-thread-1] INFO  server.RaftServerConfigKeys (ConfUtils.java:logGet(43)) - raft.server.log.corruption.policy = EXCEPTION (default)
2019-10-23 17:06:48,772 [pool-27-thread-1] INFO  storage.RaftStorageDirectory (RaftStorageDirectory.java:analyzeStorage(246)) - The storage directory /workdir/hadoop-ozone/integration-test/target/test-dir/MiniOzoneClusterImpl-0a691748-4d5e-4935-afbc-7b96fd7c8770/datanode-0/data/ratis/86ee2682-0db8-4d97-82d2-2ad32fdb6c72 does not exist. Creating ...
2019-10-23 17:06:48,789 [pool-27-thread-1] INFO  storage.RaftStorageDirectory (RaftStorageDirectory.java:tryLock(328)) - Lock on /workdir/hadoop-ozone/integration-test/target/test-dir/MiniOzoneClusterImpl-0a691748-4d5e-4935-afbc-7b96fd7c8770/datanode-0/data/ratis/86ee2682-0db8-4d97-82d2-2ad32fdb6c72/in_use.lock acquired by nodename 2696@pr-hdds-2034-ckmbc-1095224204
2019-10-23 17:06:48,790 [Command processor thread] INFO  impl.RaftServerProxy (RaftServerProxy.java:addNew(89)) - 8a447bde-5925-4537-9923-914d6124acc8: addNew group-56EB858CD755:[8a447bde-5925-4537-9923-914d6124acc8:192.168.157.242:44942] returns group-56EB858CD755:java.util.concurrent.CompletableFuture@41827ef4[Not completed]
2019-10-23 17:06:48,821 [pool-37-thread-1] INFO  impl.RaftServerImpl (RaftServerImpl.java:<init>(98)) - 8a447bde-5925-4537-9923-914d6124acc8: new RaftServerImpl for group-56EB858CD755:[8a447bde-5925-4537-9923-914d6124acc8:192.168.157.242:44942] with ContainerStateMachine:uninitialized
2019-10-23 17:06:48,823 [pool-37-thread-1] INFO  server.RaftServerConfigKeys (ConfUtils.java:logGet(43)) - raft.server.rpc.timeout.min = 5s (custom)
2019-10-23 17:06:48,823 [pool-37-thread-1] INFO  server.RaftServerConfigKeys (ConfUtils.java:logGet(43)) - raft.server.rpc.timeout.max = 5200ms (custom)
2019-10-23 17:06:48,823 [pool-37-thread-1] INFO  server.RaftServerConfigKeys (ConfUtils.java:logGet(43)) - raft.server.rpcslowness.timeout = 1000s (custom)
2019-10-23 17:06:48,823 [pool-37-thread-1] INFO  server.RaftServerConfigKeys (ConfUtils.java:logGet(43)) - raft.server.sleep.deviation.threshold = 300 (default)
2019-10-23 17:06:48,823 [pool-37-thread-1] INFO  server.RaftServerConfigKeys (ConfUtils.java:logGet(43)) - raft.server.log.appender.install.snapshot.enabled = false (custom)
2019-10-23 17:06:48,823 [pool-37-thread-1] INFO  impl.RaftServerImpl (ServerState.java:<init>(103)) - 8a447bde-5925-4537-9923-914d6124acc8@group-56EB858CD755: ConfigurationManager, init=-1: [8a447bde-5925-4537-9923-914d6124acc8:192.168.157.242:44942], old=null, confs=<EMPTY_MAP>
2019-10-23 17:06:48,824 [pool-37-thread-1] INFO  server.RaftServerConfigKeys (ConfUtils.java:logGet(43)) - raft.server.storage.dir = [/workdir/hadoop-ozone/integration-test/target/test-dir/MiniOzoneClusterImpl-0a691748-4d5e-4935-afbc-7b96fd7c8770/datanode-1/data/ratis] (custom)
2019-10-23 17:06:48,824 [pool-37-thread-1] INFO  server.RaftServerConfigKeys (ConfUtils.java:logGet(43)) - raft.server.log.corruption.policy = EXCEPTION (default)
2019-10-23 17:06:48,824 [pool-37-thread-1] INFO  storage.RaftStorageDirectory (RaftStorageDirectory.java:analyzeStorage(246)) - The storage directory /workdir/hadoop-ozone/integration-test/target/test-dir/MiniOzoneClusterImpl-0a691748-4d5e-4935-afbc-7b96fd7c8770/datanode-1/data/ratis/4611f381-d1e9-4b9e-8921-56eb858cd755 does not exist. Creating ...
2019-10-23 17:06:48,836 [pool-37-thread-1] INFO  storage.RaftStorageDirectory (RaftStorageDirectory.java:tryLock(328)) - Lock on /workdir/hadoop-ozone/integration-test/target/test-dir/MiniOzoneClusterImpl-0a691748-4d5e-4935-afbc-7b96fd7c8770/datanode-1/data/ratis/4611f381-d1e9-4b9e-8921-56eb858cd755/in_use.lock acquired by nodename 2696@pr-hdds-2034-ckmbc-1095224204
2019-10-23 17:06:48,836 [pool-27-thread-1] INFO  storage.RaftStorage (RaftStorage.java:format(84)) - Storage directory /workdir/hadoop-ozone/integration-test/target/test-dir/MiniOzoneClusterImpl-0a691748-4d5e-4935-afbc-7b96fd7c8770/datanode-0/data/ratis/86ee2682-0db8-4d97-82d2-2ad32fdb6c72 has been successfully formatted.
2019-10-23 17:06:48,840 [pool-27-thread-1] INFO  ratis.ContainerStateMachine (ContainerStateMachine.java:loadSnapshot(231)) - group-2AD32FDB6C72: The snapshot info is null. Setting the last applied indexto:(t:0, i:~)
2019-10-23 17:06:48,840 [pool-27-thread-1] INFO  server.RaftServerConfigKeys (ConfUtils.java:logGet(43)) - raft.server.notification.no-leader.timeout = 1000s (custom)
2019-10-23 17:06:48,843 [pool-27-thread-1] INFO  server.RaftServerConfigKeys (ConfUtils.java:logGet(43)) - raft.server.log.use.memory = false (default)
2019-10-23 17:06:48,849 [pool-37-thread-1] INFO  storage.RaftStorage (RaftStorage.java:format(84)) - Storage directory /workdir/hadoop-ozone/integration-test/target/test-dir/MiniOzoneClusterImpl-0a691748-4d5e-4935-afbc-7b96fd7c8770/datanode-1/data/ratis/4611f381-d1e9-4b9e-8921-56eb858cd755 has been successfully formatted.
2019-10-23 17:06:48,851 [pool-37-thread-1] INFO  ratis.ContainerStateMachine (ContainerStateMachine.java:loadSnapshot(231)) - group-56EB858CD755: The snapshot info is null. Setting the last applied indexto:(t:0, i:~)
2019-10-23 17:06:48,852 [pool-37-thread-1] INFO  server.RaftServerConfigKeys (ConfUtils.java:logGet(43)) - raft.server.notification.no-leader.timeout = 1000s (custom)
2019-10-23 17:06:48,852 [pool-37-thread-1] INFO  server.RaftServerConfigKeys (ConfUtils.java:logGet(43)) - raft.server.log.use.memory = false (default)
2019-10-23 17:06:48,852 [pool-27-thread-1] INFO  server.RaftServerConfigKeys (ConfUtils.java:logGet(43)) - raft.server.log.purge.gap = 1000000 (custom)
2019-10-23 17:06:48,852 [pool-37-thread-1] INFO  server.RaftServerConfigKeys (ConfUtils.java:logGet(43)) - raft.server.log.purge.gap = 1000000 (custom)
2019-10-23 17:06:48,853 [pool-27-thread-1] INFO  server.RaftServerConfigKeys (ConfUtils.java:logGet(43)) - raft.server.log.appender.buffer.byte-limit = 33554432 (custom)
2019-10-23 17:06:48,853 [pool-37-thread-1] INFO  server.RaftServerConfigKeys (ConfUtils.java:logGet(43)) - raft.server.log.appender.buffer.byte-limit = 33554432 (custom)
2019-10-23 17:06:48,856 [pool-27-thread-1] INFO  server.RaftServerConfigKeys (ConfUtils.java:logGet(43)) - raft.server.log.segment.size.max = 1048576 (custom)
2019-10-23 17:06:48,856 [pool-37-thread-1] INFO  server.RaftServerConfigKeys (ConfUtils.java:logGet(43)) - raft.server.log.segment.size.max = 1048576 (custom)
2019-10-23 17:06:48,862 [pool-27-thread-1] INFO  metrics.MetricRegistries (MetricRegistriesLoader.java:load(64)) - Loaded MetricRegistries class org.apache.ratis.metrics.impl.MetricRegistriesImpl
2019-10-23 17:06:48,868 [pool-27-thread-1] WARN  impl.MetricRegistriesImpl (MetricRegistriesImpl.java:lambda$create$1(61)) - First MetricRegistry has been created without registering reporters. You may need to call MetricRegistries.global().addReportRegistration(...) before.
2019-10-23 17:06:48,868 [pool-37-thread-1] WARN  impl.MetricRegistriesImpl (MetricRegistriesImpl.java:lambda$create$1(61)) - First MetricRegistry has been created without registering reporters. You may need to call MetricRegistries.global().addReportRegistration(...) before.
2019-10-23 17:06:48,877 [Command processor thread] INFO  impl.RaftServerProxy (RaftServerProxy.java:addNew(89)) - 53b51124-92ed-42d6-a80e-016fa59d7f2b: addNew group-CA89BA60A746:[53b51124-92ed-42d6-a80e-016fa59d7f2b:192.168.157.242:38291] returns group-CA89BA60A746:java.util.concurrent.CompletableFuture@702c89e5[Not completed]
2019-10-23 17:06:48,880 [main] INFO  ozone.MiniOzoneClusterImpl (MiniOzoneClusterImpl.java:lambda$waitForClusterToBeReady$0(149)) - Nodes are ready. Got 3 of 3 DN Heartbeats.
2019-10-23 17:06:48,883 [main] INFO  ozone.MiniOzoneClusterImpl (MiniOzoneClusterImpl.java:lambda$waitForClusterToBeReady$0(152)) - Waiting for cluster to exit safe mode
2019-10-23 17:06:48,901 [pool-37-thread-1] INFO  server.RaftServerConfigKeys (ConfUtils.java:logGet(43)) - raft.server.log.segment.cache.num.max = 2 (custom)
2019-10-23 17:06:48,901 [pool-27-thread-1] INFO  server.RaftServerConfigKeys (ConfUtils.java:logGet(43)) - raft.server.log.segment.cache.num.max = 2 (custom)
2019-10-23 17:06:48,903 [pool-47-thread-1] INFO  impl.RaftServerImpl (RaftServerImpl.java:<init>(98)) - 53b51124-92ed-42d6-a80e-016fa59d7f2b: new RaftServerImpl for group-CA89BA60A746:[53b51124-92ed-42d6-a80e-016fa59d7f2b:192.168.157.242:38291] with ContainerStateMachine:uninitialized
2019-10-23 17:06:48,904 [pool-47-thread-1] INFO  server.RaftServerConfigKeys (ConfUtils.java:logGet(43)) - raft.server.rpc.timeout.min = 5s (custom)
2019-10-23 17:06:48,904 [pool-47-thread-1] INFO  server.RaftServerConfigKeys (ConfUtils.java:logGet(43)) - raft.server.rpc.timeout.max = 5200ms (custom)
2019-10-23 17:06:48,905 [pool-47-thread-1] INFO  server.RaftServerConfigKeys (ConfUtils.java:logGet(43)) - raft.server.rpcslowness.timeout = 1000s (custom)
2019-10-23 17:06:48,905 [pool-47-thread-1] INFO  server.RaftServerConfigKeys (ConfUtils.java:logGet(43)) - raft.server.sleep.deviation.threshold = 300 (default)
2019-10-23 17:06:48,905 [pool-47-thread-1] INFO  server.RaftServerConfigKeys (ConfUtils.java:logGet(43)) - raft.server.log.appender.install.snapshot.enabled = false (custom)
2019-10-23 17:06:48,905 [pool-47-thread-1] INFO  impl.RaftServerImpl (ServerState.java:<init>(103)) - 53b51124-92ed-42d6-a80e-016fa59d7f2b@group-CA89BA60A746: ConfigurationManager, init=-1: [53b51124-92ed-42d6-a80e-016fa59d7f2b:192.168.157.242:38291], old=null, confs=<EMPTY_MAP>
2019-10-23 17:06:48,905 [pool-47-thread-1] INFO  server.RaftServerConfigKeys (ConfUtils.java:logGet(43)) - raft.server.storage.dir = [/workdir/hadoop-ozone/integration-test/target/test-dir/MiniOzoneClusterImpl-0a691748-4d5e-4935-afbc-7b96fd7c8770/datanode-2/data/ratis] (custom)
2019-10-23 17:06:48,906 [pool-47-thread-1] INFO  server.RaftServerConfigKeys (ConfUtils.java:logGet(43)) - raft.server.log.corruption.policy = EXCEPTION (default)
2019-10-23 17:06:48,906 [pool-47-thread-1] INFO  storage.RaftStorageDirectory (RaftStorageDirectory.java:analyzeStorage(246)) - The storage directory /workdir/hadoop-ozone/integration-test/target/test-dir/MiniOzoneClusterImpl-0a691748-4d5e-4935-afbc-7b96fd7c8770/datanode-2/data/ratis/5baf0f36-61d6-46e6-a14d-ca89ba60a746 does not exist. Creating ...
2019-10-23 17:06:48,913 [pool-27-thread-1] INFO  segmented.SegmentedRaftLogWorker (SegmentedRaftLogWorker.java:<init>(173)) - new a645e8ec-3812-4481-93f3-68221dd5a52f@group-2AD32FDB6C72-SegmentedRaftLogWorker for RaftStorage:Storage Directory /workdir/hadoop-ozone/integration-test/target/test-dir/MiniOzoneClusterImpl-0a691748-4d5e-4935-afbc-7b96fd7c8770/datanode-0/data/ratis/86ee2682-0db8-4d97-82d2-2ad32fdb6c72
2019-10-23 17:06:48,913 [pool-37-thread-1] INFO  segmented.SegmentedRaftLogWorker (SegmentedRaftLogWorker.java:<init>(173)) - new 8a447bde-5925-4537-9923-914d6124acc8@group-56EB858CD755-SegmentedRaftLogWorker for RaftStorage:Storage Directory /workdir/hadoop-ozone/integration-test/target/test-dir/MiniOzoneClusterImpl-0a691748-4d5e-4935-afbc-7b96fd7c8770/datanode-1/data/ratis/4611f381-d1e9-4b9e-8921-56eb858cd755
2019-10-23 17:06:48,914 [pool-27-thread-1] INFO  server.RaftServerConfigKeys (ConfUtils.java:logGet(43)) - raft.server.log.queue.byte-limit = 2147483647 (custom)
2019-10-23 17:06:48,914 [pool-37-thread-1] INFO  server.RaftServerConfigKeys (ConfUtils.java:logGet(43)) - raft.server.log.queue.byte-limit = 2147483647 (custom)
2019-10-23 17:06:48,915 [pool-27-thread-1] INFO  server.RaftServerConfigKeys (ConfUtils.java:logGet(43)) - raft.server.log.queue.element-limit = 1024 (custom)
2019-10-23 17:06:48,915 [pool-37-thread-1] INFO  server.RaftServerConfigKeys (ConfUtils.java:logGet(43)) - raft.server.log.queue.element-limit = 1024 (custom)
2019-10-23 17:06:48,917 [pool-37-thread-1] INFO  server.RaftServerConfigKeys (ConfUtils.java:logGet(43)) - raft.server.log.segment.size.max = 1048576 (custom)
2019-10-23 17:06:48,917 [pool-27-thread-1] INFO  server.RaftServerConfigKeys (ConfUtils.java:logGet(43)) - raft.server.log.segment.size.max = 1048576 (custom)
2019-10-23 17:06:48,918 [pool-37-thread-1] INFO  server.RaftServerConfigKeys (ConfUtils.java:logGet(43)) - raft.server.log.preallocated.size = 16384 (custom)
2019-10-23 17:06:48,918 [pool-27-thread-1] INFO  server.RaftServerConfigKeys (ConfUtils.java:logGet(43)) - raft.server.log.preallocated.size = 16384 (custom)
2019-10-23 17:06:48,919 [pool-37-thread-1] INFO  server.RaftServerConfigKeys (ConfUtils.java:logGet(43)) - raft.server.log.write.buffer.size = 33554432 (custom)
2019-10-23 17:06:48,919 [pool-27-thread-1] INFO  server.RaftServerConfigKeys (ConfUtils.java:logGet(43)) - raft.server.log.write.buffer.size = 33554432 (custom)
2019-10-23 17:06:48,919 [pool-47-thread-1] INFO  storage.RaftStorageDirectory (RaftStorageDirectory.java:tryLock(328)) - Lock on /workdir/hadoop-ozone/integration-test/target/test-dir/MiniOzoneClusterImpl-0a691748-4d5e-4935-afbc-7b96fd7c8770/datanode-2/data/ratis/5baf0f36-61d6-46e6-a14d-ca89ba60a746/in_use.lock acquired by nodename 2696@pr-hdds-2034-ckmbc-1095224204
2019-10-23 17:06:48,920 [pool-37-thread-1] INFO  server.RaftServerConfigKeys (ConfUtils.java:logGet(43)) - raft.server.log.force.sync.num = 128 (default)
2019-10-23 17:06:48,920 [pool-27-thread-1] INFO  server.RaftServerConfigKeys (ConfUtils.java:logGet(43)) - raft.server.log.force.sync.num = 128 (default)
2019-10-23 17:06:48,921 [pool-27-thread-1] INFO  server.RaftServerConfigKeys (ConfUtils.java:logGet(43)) - raft.server.log.statemachine.data.sync = true (default)
2019-10-23 17:06:48,921 [pool-37-thread-1] INFO  server.RaftServerConfigKeys (ConfUtils.java:logGet(43)) - raft.server.log.statemachine.data.sync = true (default)
2019-10-23 17:06:48,922 [pool-27-thread-1] INFO  server.RaftServerConfigKeys (ConfUtils.java:logGet(43)) - raft.server.log.statemachine.data.sync.timeout = 10s (default)
2019-10-23 17:06:48,922 [pool-37-thread-1] INFO  server.RaftServerConfigKeys (ConfUtils.java:logGet(43)) - raft.server.log.statemachine.data.sync.timeout = 10s (default)
2019-10-23 17:06:48,923 [pool-27-thread-1] INFO  server.RaftServerConfigKeys (ConfUtils.java:logGet(43)) - raft.server.log.statemachine.data.sync.timeout.retry = -1 (default)
2019-10-23 17:06:48,923 [pool-37-thread-1] INFO  server.RaftServerConfigKeys (ConfUtils.java:logGet(43)) - raft.server.log.statemachine.data.sync.timeout.retry = -1 (default)
2019-10-23 17:06:48,933 [pool-47-thread-1] INFO  storage.RaftStorage (RaftStorage.java:format(84)) - Storage directory /workdir/hadoop-ozone/integration-test/target/test-dir/MiniOzoneClusterImpl-0a691748-4d5e-4935-afbc-7b96fd7c8770/datanode-2/data/ratis/5baf0f36-61d6-46e6-a14d-ca89ba60a746 has been successfully formatted.
2019-10-23 17:06:48,933 [pool-47-thread-1] INFO  ratis.ContainerStateMachine (ContainerStateMachine.java:loadSnapshot(231)) - group-CA89BA60A746: The snapshot info is null. Setting the last applied indexto:(t:0, i:~)
2019-10-23 17:06:48,934 [pool-47-thread-1] INFO  server.RaftServerConfigKeys (ConfUtils.java:logGet(43)) - raft.server.notification.no-leader.timeout = 1000s (custom)
2019-10-23 17:06:48,934 [pool-47-thread-1] INFO  server.RaftServerConfigKeys (ConfUtils.java:logGet(43)) - raft.server.log.use.memory = false (default)
2019-10-23 17:06:48,934 [pool-47-thread-1] INFO  server.RaftServerConfigKeys (ConfUtils.java:logGet(43)) - raft.server.log.purge.gap = 1000000 (custom)
2019-10-23 17:06:48,935 [pool-47-thread-1] INFO  server.RaftServerConfigKeys (ConfUtils.java:logGet(43)) - raft.server.log.appender.buffer.byte-limit = 33554432 (custom)
2019-10-23 17:06:48,935 [pool-47-thread-1] INFO  server.RaftServerConfigKeys (ConfUtils.java:logGet(43)) - raft.server.log.segment.size.max = 1048576 (custom)
2019-10-23 17:06:48,935 [pool-47-thread-1] WARN  impl.MetricRegistriesImpl (MetricRegistriesImpl.java:lambda$create$1(61)) - First MetricRegistry has been created without registering reporters. You may need to call MetricRegistries.global().addReportRegistration(...) before.
2019-10-23 17:06:48,935 [pool-47-thread-1] INFO  server.RaftServerConfigKeys (ConfUtils.java:logGet(43)) - raft.server.log.segment.cache.num.max = 2 (custom)
2019-10-23 17:06:48,935 [pool-47-thread-1] INFO  segmented.SegmentedRaftLogWorker (SegmentedRaftLogWorker.java:<init>(173)) - new 53b51124-92ed-42d6-a80e-016fa59d7f2b@group-CA89BA60A746-SegmentedRaftLogWorker for RaftStorage:Storage Directory /workdir/hadoop-ozone/integration-test/target/test-dir/MiniOzoneClusterImpl-0a691748-4d5e-4935-afbc-7b96fd7c8770/datanode-2/data/ratis/5baf0f36-61d6-46e6-a14d-ca89ba60a746
2019-10-23 17:06:48,935 [pool-47-thread-1] INFO  server.RaftServerConfigKeys (ConfUtils.java:logGet(43)) - raft.server.log.queue.byte-limit = 2147483647 (custom)
2019-10-23 17:06:48,936 [pool-47-thread-1] INFO  server.RaftServerConfigKeys (ConfUtils.java:logGet(43)) - raft.server.log.queue.element-limit = 1024 (custom)
2019-10-23 17:06:48,936 [pool-47-thread-1] INFO  server.RaftServerConfigKeys (ConfUtils.java:logGet(43)) - raft.server.log.segment.size.max = 1048576 (custom)
2019-10-23 17:06:48,936 [pool-47-thread-1] INFO  server.RaftServerConfigKeys (ConfUtils.java:logGet(43)) - raft.server.log.preallocated.size = 16384 (custom)
2019-10-23 17:06:48,936 [pool-47-thread-1] INFO  server.RaftServerConfigKeys (ConfUtils.java:logGet(43)) - raft.server.log.write.buffer.size = 33554432 (custom)
2019-10-23 17:06:48,937 [pool-47-thread-1] INFO  server.RaftServerConfigKeys (ConfUtils.java:logGet(43)) - raft.server.log.force.sync.num = 128 (default)
2019-10-23 17:06:48,937 [pool-47-thread-1] INFO  server.RaftServerConfigKeys (ConfUtils.java:logGet(43)) - raft.server.log.statemachine.data.sync = true (default)
2019-10-23 17:06:48,937 [pool-47-thread-1] INFO  server.RaftServerConfigKeys (ConfUtils.java:logGet(43)) - raft.server.log.statemachine.data.sync.timeout = 10s (default)
2019-10-23 17:06:48,937 [pool-47-thread-1] INFO  server.RaftServerConfigKeys (ConfUtils.java:logGet(43)) - raft.server.log.statemachine.data.sync.timeout.retry = -1 (default)
2019-10-23 17:06:48,942 [pool-37-thread-1] INFO  server.RaftServerConfigKeys (ConfUtils.java:logGet(43)) - raft.server.log.statemachine.data.caching.enabled = true (custom)
2019-10-23 17:06:48,942 [pool-27-thread-1] INFO  server.RaftServerConfigKeys (ConfUtils.java:logGet(43)) - raft.server.log.statemachine.data.caching.enabled = true (custom)
2019-10-23 17:06:48,942 [pool-47-thread-1] INFO  server.RaftServerConfigKeys (ConfUtils.java:logGet(43)) - raft.server.log.statemachine.data.caching.enabled = true (custom)
2019-10-23 17:06:48,951 [pool-37-thread-1] INFO  segmented.SegmentedRaftLogWorker (SegmentedRaftLogWorker.java:lambda$new$0(128)) - 8a447bde-5925-4537-9923-914d6124acc8@group-56EB858CD755-SegmentedRaftLogWorker: flushIndex: setUnconditionally 0 -> -1
2019-10-23 17:06:48,951 [pool-27-thread-1] INFO  segmented.SegmentedRaftLogWorker (SegmentedRaftLogWorker.java:lambda$new$0(128)) - a645e8ec-3812-4481-93f3-68221dd5a52f@group-2AD32FDB6C72-SegmentedRaftLogWorker: flushIndex: setUnconditionally 0 -> -1
2019-10-23 17:06:48,951 [pool-47-thread-1] INFO  segmented.SegmentedRaftLogWorker (SegmentedRaftLogWorker.java:lambda$new$0(128)) - 53b51124-92ed-42d6-a80e-016fa59d7f2b@group-CA89BA60A746-SegmentedRaftLogWorker: flushIndex: setUnconditionally 0 -> -1
2019-10-23 17:06:48,958 [pool-37-thread-1] INFO  server.RaftServerConfigKeys (ConfUtils.java:logGet(43)) - raft.server.snapshot.auto.trigger.enabled = true (custom)
2019-10-23 17:06:48,958 [pool-27-thread-1] INFO  server.RaftServerConfigKeys (ConfUtils.java:logGet(43)) - raft.server.snapshot.auto.trigger.enabled = true (custom)
2019-10-23 17:06:48,958 [pool-47-thread-1] INFO  server.RaftServerConfigKeys (ConfUtils.java:logGet(43)) - raft.server.snapshot.auto.trigger.enabled = true (custom)
2019-10-23 17:06:48,960 [pool-37-thread-1] INFO  server.RaftServerConfigKeys (ConfUtils.java:logGet(43)) - raft.server.snapshot.auto.trigger.threshold = 10000 (custom)
2019-10-23 17:06:48,960 [pool-27-thread-1] INFO  server.RaftServerConfigKeys (ConfUtils.java:logGet(43)) - raft.server.snapshot.auto.trigger.threshold = 10000 (custom)
2019-10-23 17:06:48,960 [pool-47-thread-1] INFO  server.RaftServerConfigKeys (ConfUtils.java:logGet(43)) - raft.server.snapshot.auto.trigger.threshold = 10000 (custom)
2019-10-23 17:06:48,961 [pool-37-thread-1] INFO  server.RaftServerConfigKeys (ConfUtils.java:logGet(43)) - raft.server.snapshot.retention.file.num = 5 (custom)
2019-10-23 17:06:48,961 [pool-27-thread-1] INFO  server.RaftServerConfigKeys (ConfUtils.java:logGet(43)) - raft.server.snapshot.retention.file.num = 5 (custom)
2019-10-23 17:06:48,961 [pool-47-thread-1] INFO  server.RaftServerConfigKeys (ConfUtils.java:logGet(43)) - raft.server.snapshot.retention.file.num = 5 (custom)
2019-10-23 17:06:48,962 [pool-37-thread-1] INFO  server.RaftServerConfigKeys (ConfUtils.java:logGet(43)) - raft.server.retrycache.expirytime = 600000ms (custom)
2019-10-23 17:06:48,962 [pool-27-thread-1] INFO  server.RaftServerConfigKeys (ConfUtils.java:logGet(43)) - raft.server.retrycache.expirytime = 600000ms (custom)
2019-10-23 17:06:48,962 [pool-47-thread-1] INFO  server.RaftServerConfigKeys (ConfUtils.java:logGet(43)) - raft.server.retrycache.expirytime = 600000ms (custom)
2019-10-23 17:06:48,987 [pool-47-thread-1] WARN  impl.MetricRegistriesImpl (MetricRegistriesImpl.java:lambda$create$1(61)) - First MetricRegistry has been created without registering reporters. You may need to call MetricRegistries.global().addReportRegistration(...) before.
2019-10-23 17:06:48,987 [pool-37-thread-1] WARN  impl.MetricRegistriesImpl (MetricRegistriesImpl.java:lambda$create$1(61)) - First MetricRegistry has been created without registering reporters. You may need to call MetricRegistries.global().addReportRegistration(...) before.
2019-10-23 17:06:48,987 [pool-27-thread-1] WARN  impl.MetricRegistriesImpl (MetricRegistriesImpl.java:lambda$create$1(61)) - First MetricRegistry has been created without registering reporters. You may need to call MetricRegistries.global().addReportRegistration(...) before.
2019-10-23 17:06:48,990 [pool-27-thread-1] WARN  impl.MetricRegistriesImpl (MetricRegistriesImpl.java:lambda$create$1(61)) - First MetricRegistry has been created without registering reporters. You may need to call MetricRegistries.global().addReportRegistration(...) before.
2019-10-23 17:06:48,990 [pool-37-thread-1] WARN  impl.MetricRegistriesImpl (MetricRegistriesImpl.java:lambda$create$1(61)) - First MetricRegistry has been created without registering reporters. You may need to call MetricRegistries.global().addReportRegistration(...) before.
2019-10-23 17:06:48,991 [pool-47-thread-1] WARN  impl.MetricRegistriesImpl (MetricRegistriesImpl.java:lambda$create$1(61)) - First MetricRegistry has been created without registering reporters. You may need to call MetricRegistries.global().addReportRegistration(...) before.
2019-10-23 17:06:48,993 [pool-37-thread-1] INFO  impl.RaftServerImpl (RaftServerImpl.java:start(184)) - 8a447bde-5925-4537-9923-914d6124acc8@group-56EB858CD755: start as a follower, conf=-1: [8a447bde-5925-4537-9923-914d6124acc8:192.168.157.242:44942], old=null
2019-10-23 17:06:48,993 [pool-27-thread-1] INFO  impl.RaftServerImpl (RaftServerImpl.java:start(184)) - a645e8ec-3812-4481-93f3-68221dd5a52f@group-2AD32FDB6C72: start as a follower, conf=-1: [a645e8ec-3812-4481-93f3-68221dd5a52f:192.168.157.242:42875], old=null
2019-10-23 17:06:48,993 [pool-47-thread-1] INFO  impl.RaftServerImpl (RaftServerImpl.java:start(184)) - 53b51124-92ed-42d6-a80e-016fa59d7f2b@group-CA89BA60A746: start as a follower, conf=-1: [53b51124-92ed-42d6-a80e-016fa59d7f2b:192.168.157.242:38291], old=null
2019-10-23 17:06:48,995 [pool-37-thread-1] INFO  impl.RaftServerImpl (RaftServerImpl.java:setRole(173)) - 8a447bde-5925-4537-9923-914d6124acc8@group-56EB858CD755: changes role from      null to FOLLOWER at term 0 for startAsFollower
2019-10-23 17:06:48,995 [pool-47-thread-1] INFO  impl.RaftServerImpl (RaftServerImpl.java:setRole(173)) - 53b51124-92ed-42d6-a80e-016fa59d7f2b@group-CA89BA60A746: changes role from      null to FOLLOWER at term 0 for startAsFollower
2019-10-23 17:06:48,995 [pool-27-thread-1] INFO  impl.RaftServerImpl (RaftServerImpl.java:setRole(173)) - a645e8ec-3812-4481-93f3-68221dd5a52f@group-2AD32FDB6C72: changes role from      null to FOLLOWER at term 0 for startAsFollower
2019-10-23 17:06:48,996 [pool-37-thread-1] INFO  impl.RoleInfo (RoleInfo.java:updateAndGet(143)) - 8a447bde-5925-4537-9923-914d6124acc8: start FollowerState
2019-10-23 17:06:48,996 [pool-27-thread-1] INFO  impl.RoleInfo (RoleInfo.java:updateAndGet(143)) - a645e8ec-3812-4481-93f3-68221dd5a52f: start FollowerState
2019-10-23 17:06:48,997 [pool-47-thread-1] INFO  impl.RoleInfo (RoleInfo.java:updateAndGet(143)) - 53b51124-92ed-42d6-a80e-016fa59d7f2b: start FollowerState
2019-10-23 17:06:48,999 [pool-37-thread-1] INFO  util.JmxRegister (JmxRegister.java:tryRegister(44)) - Successfully registered JMX Bean with object name Ratis:service=RaftServer,group=group-56EB858CD755,id=8a447bde-5925-4537-9923-914d6124acc8
2019-10-23 17:06:48,999 [pool-27-thread-1] INFO  util.JmxRegister (JmxRegister.java:tryRegister(44)) - Successfully registered JMX Bean with object name Ratis:service=RaftServer,group=group-2AD32FDB6C72,id=a645e8ec-3812-4481-93f3-68221dd5a52f
2019-10-23 17:06:48,999 [pool-47-thread-1] INFO  util.JmxRegister (JmxRegister.java:tryRegister(44)) - Successfully registered JMX Bean with object name Ratis:service=RaftServer,group=group-CA89BA60A746,id=53b51124-92ed-42d6-a80e-016fa59d7f2b
2019-10-23 17:06:49,002 [pool-37-thread-1] WARN  impl.MetricRegistriesImpl (MetricRegistriesImpl.java:lambda$create$1(61)) - First MetricRegistry has been created without registering reporters. You may need to call MetricRegistries.global().addReportRegistration(...) before.
2019-10-23 17:06:49,002 [pool-47-thread-1] WARN  impl.MetricRegistriesImpl (MetricRegistriesImpl.java:lambda$create$1(61)) - First MetricRegistry has been created without registering reporters. You may need to call MetricRegistries.global().addReportRegistration(...) before.
2019-10-23 17:06:49,002 [pool-27-thread-1] WARN  impl.MetricRegistriesImpl (MetricRegistriesImpl.java:lambda$create$1(61)) - First MetricRegistry has been created without registering reporters. You may need to call MetricRegistries.global().addReportRegistration(...) before.
2019-10-23 17:06:49,020 [Command processor thread] INFO  commandhandler.CreatePipelineCommandHandler (CreatePipelineCommandHandler.java:handle(86)) - Create Pipeline RATIS ONE #id: "86ee2682-0db8-4d97-82d2-2ad32fdb6c72"
 command succeed on datanode a645e8ec-3812-4481-93f3-68221dd5a52f.
2019-10-23 17:06:49,020 [Command processor thread] INFO  commandhandler.CreatePipelineCommandHandler (CreatePipelineCommandHandler.java:handle(86)) - Create Pipeline RATIS ONE #id: "5baf0f36-61d6-46e6-a14d-ca89ba60a746"
 command succeed on datanode 53b51124-92ed-42d6-a80e-016fa59d7f2b.
2019-10-23 17:06:49,020 [Command processor thread] INFO  commandhandler.CreatePipelineCommandHandler (CreatePipelineCommandHandler.java:handle(86)) - Create Pipeline RATIS ONE #id: "4611f381-d1e9-4b9e-8921-56eb858cd755"
 command succeed on datanode 8a447bde-5925-4537-9923-914d6124acc8.
2019-10-23 17:06:49,025 [Command processor thread] INFO  impl.RaftServerProxy (RaftServerProxy.java:addNew(89)) - 8a447bde-5925-4537-9923-914d6124acc8: addNew group-7447E9EF7D39:[8a447bde-5925-4537-9923-914d6124acc8:192.168.157.242:44942, 53b51124-92ed-42d6-a80e-016fa59d7f2b:192.168.157.242:38291, a645e8ec-3812-4481-93f3-68221dd5a52f:192.168.157.242:42875] returns group-7447E9EF7D39:java.util.concurrent.CompletableFuture@45bde21c[Not completed]
2019-10-23 17:06:49,025 [Command processor thread] INFO  impl.RaftServerProxy (RaftServerProxy.java:addNew(89)) - 53b51124-92ed-42d6-a80e-016fa59d7f2b: addNew group-7447E9EF7D39:[8a447bde-5925-4537-9923-914d6124acc8:192.168.157.242:44942, 53b51124-92ed-42d6-a80e-016fa59d7f2b:192.168.157.242:38291, a645e8ec-3812-4481-93f3-68221dd5a52f:192.168.157.242:42875] returns group-7447E9EF7D39:java.util.concurrent.CompletableFuture@74131338[Not completed]
2019-10-23 17:06:49,025 [Command processor thread] INFO  impl.RaftServerProxy (RaftServerProxy.java:addNew(89)) - a645e8ec-3812-4481-93f3-68221dd5a52f: addNew group-7447E9EF7D39:[8a447bde-5925-4537-9923-914d6124acc8:192.168.157.242:44942, 53b51124-92ed-42d6-a80e-016fa59d7f2b:192.168.157.242:38291, a645e8ec-3812-4481-93f3-68221dd5a52f:192.168.157.242:42875] returns group-7447E9EF7D39:java.util.concurrent.CompletableFuture@7d90f0b2[Not completed]
2019-10-23 17:06:49,027 [EventQueue-PipelineReportForPipelineReportHandler] INFO  pipeline.PipelineReportHandler (PipelineReportHandler.java:processPipelineReport(104)) - Pipeline ONE PipelineID=5baf0f36-61d6-46e6-a14d-ca89ba60a746 reported by 53b51124-92ed-42d6-a80e-016fa59d7f2b{ip: 192.168.157.242, host: pr-hdds-2034-ckmbc-1095224204, networkLocation: /default-rack, certSerialId: null}
2019-10-23 17:06:49,027 [pool-37-thread-1] INFO  impl.RaftServerImpl (RaftServerImpl.java:<init>(98)) - 8a447bde-5925-4537-9923-914d6124acc8: new RaftServerImpl for group-7447E9EF7D39:[8a447bde-5925-4537-9923-914d6124acc8:192.168.157.242:44942, 53b51124-92ed-42d6-a80e-016fa59d7f2b:192.168.157.242:38291, a645e8ec-3812-4481-93f3-68221dd5a52f:192.168.157.242:42875] with ContainerStateMachine:uninitialized
2019-10-23 17:06:49,027 [pool-37-thread-1] INFO  server.RaftServerConfigKeys (ConfUtils.java:logGet(43)) - raft.server.rpc.timeout.min = 5s (custom)
2019-10-23 17:06:49,027 [pool-37-thread-1] INFO  server.RaftServerConfigKeys (ConfUtils.java:logGet(43)) - raft.server.rpc.timeout.max = 5200ms (custom)
2019-10-23 17:06:49,028 [pool-37-thread-1] INFO  server.RaftServerConfigKeys (ConfUtils.java:logGet(43)) - raft.server.rpcslowness.timeout = 1000s (custom)
2019-10-23 17:06:49,028 [pool-37-thread-1] INFO  server.RaftServerConfigKeys (ConfUtils.java:logGet(43)) - raft.server.sleep.deviation.threshold = 300 (default)
2019-10-23 17:06:49,028 [pool-37-thread-1] INFO  server.RaftServerConfigKeys (ConfUtils.java:logGet(43)) - raft.server.log.appender.install.snapshot.enabled = false (custom)
2019-10-23 17:06:49,028 [pool-37-thread-1] INFO  impl.RaftServerImpl (ServerState.java:<init>(103)) - 8a447bde-5925-4537-9923-914d6124acc8@group-7447E9EF7D39: ConfigurationManager, init=-1: [8a447bde-5925-4537-9923-914d6124acc8:192.168.157.242:44942, 53b51124-92ed-42d6-a80e-016fa59d7f2b:192.168.157.242:38291, a645e8ec-3812-4481-93f3-68221dd5a52f:192.168.157.242:42875], old=null, confs=<EMPTY_MAP>
2019-10-23 17:06:49,028 [pool-27-thread-1] INFO  impl.RaftServerImpl (RaftServerImpl.java:<init>(98)) - a645e8ec-3812-4481-93f3-68221dd5a52f: new RaftServerImpl for group-7447E9EF7D39:[8a447bde-5925-4537-9923-914d6124acc8:192.168.157.242:44942, 53b51124-92ed-42d6-a80e-016fa59d7f2b:192.168.157.242:38291, a645e8ec-3812-4481-93f3-68221dd5a52f:192.168.157.242:42875] with ContainerStateMachine:uninitialized
2019-10-23 17:06:49,028 [pool-37-thread-1] INFO  server.RaftServerConfigKeys (ConfUtils.java:logGet(43)) - raft.server.storage.dir = [/workdir/hadoop-ozone/integration-test/target/test-dir/MiniOzoneClusterImpl-0a691748-4d5e-4935-afbc-7b96fd7c8770/datanode-1/data/ratis] (custom)
2019-10-23 17:06:49,028 [EventQueue-PipelineReportForPipelineReportHandler] INFO  pipeline.PipelineStateManager (PipelineStateManager.java:openPipeline(134)) - Pipeline Pipeline[ Id: 5baf0f36-61d6-46e6-a14d-ca89ba60a746, Nodes: 53b51124-92ed-42d6-a80e-016fa59d7f2b{ip: 192.168.157.242, host: pr-hdds-2034-ckmbc-1095224204, networkLocation: /default-rack, certSerialId: null}, Type:RATIS, Factor:ONE, State:ALLOCATED] moved to OPEN state
2019-10-23 17:06:49,028 [pool-27-thread-1] INFO  server.RaftServerConfigKeys (ConfUtils.java:logGet(43)) - raft.server.rpc.timeout.min = 5s (custom)
2019-10-23 17:06:49,028 [pool-37-thread-1] INFO  server.RaftServerConfigKeys (ConfUtils.java:logGet(43)) - raft.server.log.corruption.policy = EXCEPTION (default)
2019-10-23 17:06:49,029 [pool-27-thread-1] INFO  server.RaftServerConfigKeys (ConfUtils.java:logGet(43)) - raft.server.rpc.timeout.max = 5200ms (custom)
2019-10-23 17:06:49,029 [pool-37-thread-1] INFO  storage.RaftStorageDirectory (RaftStorageDirectory.java:analyzeStorage(246)) - The storage directory /workdir/hadoop-ozone/integration-test/target/test-dir/MiniOzoneClusterImpl-0a691748-4d5e-4935-afbc-7b96fd7c8770/datanode-1/data/ratis/eaf7b8d5-4c44-4730-931b-7447e9ef7d39 does not exist. Creating ...
2019-10-23 17:06:49,029 [pool-27-thread-1] INFO  server.RaftServerConfigKeys (ConfUtils.java:logGet(43)) - raft.server.rpcslowness.timeout = 1000s (custom)
2019-10-23 17:06:49,029 [pool-27-thread-1] INFO  server.RaftServerConfigKeys (ConfUtils.java:logGet(43)) - raft.server.sleep.deviation.threshold = 300 (default)
2019-10-23 17:06:49,029 [pool-27-thread-1] INFO  server.RaftServerConfigKeys (ConfUtils.java:logGet(43)) - raft.server.log.appender.install.snapshot.enabled = false (custom)
2019-10-23 17:06:49,029 [pool-27-thread-1] INFO  impl.RaftServerImpl (ServerState.java:<init>(103)) - a645e8ec-3812-4481-93f3-68221dd5a52f@group-7447E9EF7D39: ConfigurationManager, init=-1: [8a447bde-5925-4537-9923-914d6124acc8:192.168.157.242:44942, 53b51124-92ed-42d6-a80e-016fa59d7f2b:192.168.157.242:38291, a645e8ec-3812-4481-93f3-68221dd5a52f:192.168.157.242:42875], old=null, confs=<EMPTY_MAP>
2019-10-23 17:06:49,030 [pool-27-thread-1] INFO  server.RaftServerConfigKeys (ConfUtils.java:logGet(43)) - raft.server.storage.dir = [/workdir/hadoop-ozone/integration-test/target/test-dir/MiniOzoneClusterImpl-0a691748-4d5e-4935-afbc-7b96fd7c8770/datanode-0/data/ratis] (custom)
2019-10-23 17:06:49,030 [pool-47-thread-1] INFO  impl.RaftServerImpl (RaftServerImpl.java:<init>(98)) - 53b51124-92ed-42d6-a80e-016fa59d7f2b: new RaftServerImpl for group-7447E9EF7D39:[8a447bde-5925-4537-9923-914d6124acc8:192.168.157.242:44942, 53b51124-92ed-42d6-a80e-016fa59d7f2b:192.168.157.242:38291, a645e8ec-3812-4481-93f3-68221dd5a52f:192.168.157.242:42875] with ContainerStateMachine:uninitialized
2019-10-23 17:06:49,030 [EventQueue-OpenPipelineForOneReplicaPipelineSafeModeRule] INFO  safemode.SCMSafeModeManager (SCMSafeModeManager.java:validateSafeModeExitRules(174)) - AtleastOneDatanodeReportedRule rule is successfully validated
2019-10-23 17:06:49,031 [pool-47-thread-1] INFO  server.RaftServerConfigKeys (ConfUtils.java:logGet(43)) - raft.server.rpc.timeout.min = 5s (custom)
2019-10-23 17:06:49,031 [pool-27-thread-1] INFO  server.RaftServerConfigKeys (ConfUtils.java:logGet(43)) - raft.server.log.corruption.policy = EXCEPTION (default)
2019-10-23 17:06:49,031 [pool-47-thread-1] INFO  server.RaftServerConfigKeys (ConfUtils.java:logGet(43)) - raft.server.rpc.timeout.max = 5200ms (custom)
2019-10-23 17:06:49,031 [pool-27-thread-1] INFO  storage.RaftStorageDirectory (RaftStorageDirectory.java:analyzeStorage(246)) - The storage directory /workdir/hadoop-ozone/integration-test/target/test-dir/MiniOzoneClusterImpl-0a691748-4d5e-4935-afbc-7b96fd7c8770/datanode-0/data/ratis/eaf7b8d5-4c44-4730-931b-7447e9ef7d39 does not exist. Creating ...
2019-10-23 17:06:49,031 [EventQueue-OpenPipelineForHealthyPipelineSafeModeRule] INFO  safemode.SCMSafeModeManager (HealthyPipelineSafeModeRule.java:process(122)) - SCM in safe mode. Healthy pipelines reported count is 1, required healthy pipeline reported count is 1
2019-10-23 17:06:49,032 [EventQueue-OpenPipelineForHealthyPipelineSafeModeRule] INFO  safemode.SCMSafeModeManager (SCMSafeModeManager.java:validateSafeModeExitRules(174)) - HealthyPipelineSafeModeRule rule is successfully validated
2019-10-23 17:06:49,031 [EventQueue-PipelineReportForPipelineReportHandler] INFO  pipeline.PipelineReportHandler (PipelineReportHandler.java:processPipelineReport(104)) - Pipeline ONE PipelineID=4611f381-d1e9-4b9e-8921-56eb858cd755 reported by 8a447bde-5925-4537-9923-914d6124acc8{ip: 192.168.157.242, host: pr-hdds-2034-ckmbc-1095224204, networkLocation: /default-rack, certSerialId: null}
2019-10-23 17:06:49,032 [EventQueue-OpenPipelineForHealthyPipelineSafeModeRule] INFO  safemode.SCMSafeModeManager (SCMSafeModeManager.java:validateSafeModeExitRules(183)) - ScmSafeModeManager, all rules are successfully validated
2019-10-23 17:06:49,031 [pool-47-thread-1] INFO  server.RaftServerConfigKeys (ConfUtils.java:logGet(43)) - raft.server.rpcslowness.timeout = 1000s (custom)
2019-10-23 17:06:49,032 [EventQueue-PipelineReportForPipelineReportHandler] INFO  pipeline.PipelineStateManager (PipelineStateManager.java:openPipeline(134)) - Pipeline Pipeline[ Id: 4611f381-d1e9-4b9e-8921-56eb858cd755, Nodes: 8a447bde-5925-4537-9923-914d6124acc8{ip: 192.168.157.242, host: pr-hdds-2034-ckmbc-1095224204, networkLocation: /default-rack, certSerialId: null}, Type:RATIS, Factor:ONE, State:ALLOCATED] moved to OPEN state
2019-10-23 17:06:49,032 [pool-47-thread-1] INFO  server.RaftServerConfigKeys (ConfUtils.java:logGet(43)) - raft.server.sleep.deviation.threshold = 300 (default)
2019-10-23 17:06:49,032 [pool-47-thread-1] INFO  server.RaftServerConfigKeys (ConfUtils.java:logGet(43)) - raft.server.log.appender.install.snapshot.enabled = false (custom)
2019-10-23 17:06:49,032 [EventQueue-PipelineReportForPipelineReportHandler] INFO  pipeline.PipelineReportHandler (PipelineReportHandler.java:processPipelineReport(104)) - Pipeline ONE PipelineID=86ee2682-0db8-4d97-82d2-2ad32fdb6c72 reported by a645e8ec-3812-4481-93f3-68221dd5a52f{ip: 192.168.157.242, host: pr-hdds-2034-ckmbc-1095224204, networkLocation: /default-rack, certSerialId: null}
2019-10-23 17:06:49,033 [pool-47-thread-1] INFO  impl.RaftServerImpl (ServerState.java:<init>(103)) - 53b51124-92ed-42d6-a80e-016fa59d7f2b@group-7447E9EF7D39: ConfigurationManager, init=-1: [8a447bde-5925-4537-9923-914d6124acc8:192.168.157.242:44942, 53b51124-92ed-42d6-a80e-016fa59d7f2b:192.168.157.242:38291, a645e8ec-3812-4481-93f3-68221dd5a52f:192.168.157.242:42875], old=null, confs=<EMPTY_MAP>
2019-10-23 17:06:49,033 [EventQueue-PipelineReportForPipelineReportHandler] INFO  pipeline.PipelineStateManager (PipelineStateManager.java:openPipeline(134)) - Pipeline Pipeline[ Id: 86ee2682-0db8-4d97-82d2-2ad32fdb6c72, Nodes: a645e8ec-3812-4481-93f3-68221dd5a52f{ip: 192.168.157.242, host: pr-hdds-2034-ckmbc-1095224204, networkLocation: /default-rack, certSerialId: null}, Type:RATIS, Factor:ONE, State:ALLOCATED] moved to OPEN state
2019-10-23 17:06:49,033 [pool-47-thread-1] INFO  server.RaftServerConfigKeys (ConfUtils.java:logGet(43)) - raft.server.storage.dir = [/workdir/hadoop-ozone/integration-test/target/test-dir/MiniOzoneClusterImpl-0a691748-4d5e-4935-afbc-7b96fd7c8770/datanode-2/data/ratis] (custom)
2019-10-23 17:06:49,034 [pool-47-thread-1] INFO  server.RaftServerConfigKeys (ConfUtils.java:logGet(43)) - raft.server.log.corruption.policy = EXCEPTION (default)
2019-10-23 17:06:49,034 [pool-47-thread-1] INFO  storage.RaftStorageDirectory (RaftStorageDirectory.java:analyzeStorage(246)) - The storage directory /workdir/hadoop-ozone/integration-test/target/test-dir/MiniOzoneClusterImpl-0a691748-4d5e-4935-afbc-7b96fd7c8770/datanode-2/data/ratis/eaf7b8d5-4c44-4730-931b-7447e9ef7d39 does not exist. Creating ...
2019-10-23 17:06:49,043 [pool-47-thread-1] INFO  storage.RaftStorageDirectory (RaftStorageDirectory.java:tryLock(328)) - Lock on /workdir/hadoop-ozone/integration-test/target/test-dir/MiniOzoneClusterImpl-0a691748-4d5e-4935-afbc-7b96fd7c8770/datanode-2/data/ratis/eaf7b8d5-4c44-4730-931b-7447e9ef7d39/in_use.lock acquired by nodename 2696@pr-hdds-2034-ckmbc-1095224204
2019-10-23 17:06:49,043 [pool-27-thread-1] INFO  storage.RaftStorageDirectory (RaftStorageDirectory.java:tryLock(328)) - Lock on /workdir/hadoop-ozone/integration-test/target/test-dir/MiniOzoneClusterImpl-0a691748-4d5e-4935-afbc-7b96fd7c8770/datanode-0/data/ratis/eaf7b8d5-4c44-4730-931b-7447e9ef7d39/in_use.lock acquired by nodename 2696@pr-hdds-2034-ckmbc-1095224204
2019-10-23 17:06:49,043 [pool-37-thread-1] INFO  storage.RaftStorageDirectory (RaftStorageDirectory.java:tryLock(328)) - Lock on /workdir/hadoop-ozone/integration-test/target/test-dir/MiniOzoneClusterImpl-0a691748-4d5e-4935-afbc-7b96fd7c8770/datanode-1/data/ratis/eaf7b8d5-4c44-4730-931b-7447e9ef7d39/in_use.lock acquired by nodename 2696@pr-hdds-2034-ckmbc-1095224204
2019-10-23 17:06:49,062 [pool-27-thread-1] INFO  storage.RaftStorage (RaftStorage.java:format(84)) - Storage directory /workdir/hadoop-ozone/integration-test/target/test-dir/MiniOzoneClusterImpl-0a691748-4d5e-4935-afbc-7b96fd7c8770/datanode-0/data/ratis/eaf7b8d5-4c44-4730-931b-7447e9ef7d39 has been successfully formatted.
2019-10-23 17:06:49,062 [pool-47-thread-1] INFO  storage.RaftStorage (RaftStorage.java:format(84)) - Storage directory /workdir/hadoop-ozone/integration-test/target/test-dir/MiniOzoneClusterImpl-0a691748-4d5e-4935-afbc-7b96fd7c8770/datanode-2/data/ratis/eaf7b8d5-4c44-4730-931b-7447e9ef7d39 has been successfully formatted.
2019-10-23 17:06:49,062 [pool-37-thread-1] INFO  storage.RaftStorage (RaftStorage.java:format(84)) - Storage directory /workdir/hadoop-ozone/integration-test/target/test-dir/MiniOzoneClusterImpl-0a691748-4d5e-4935-afbc-7b96fd7c8770/datanode-1/data/ratis/eaf7b8d5-4c44-4730-931b-7447e9ef7d39 has been successfully formatted.
2019-10-23 17:06:49,062 [pool-27-thread-1] INFO  ratis.ContainerStateMachine (ContainerStateMachine.java:loadSnapshot(231)) - group-7447E9EF7D39: The snapshot info is null. Setting the last applied indexto:(t:0, i:~)
2019-10-23 17:06:49,062 [pool-47-thread-1] INFO  ratis.ContainerStateMachine (ContainerStateMachine.java:loadSnapshot(231)) - group-7447E9EF7D39: The snapshot info is null. Setting the last applied indexto:(t:0, i:~)
2019-10-23 17:06:49,063 [pool-37-thread-1] INFO  ratis.ContainerStateMachine (ContainerStateMachine.java:loadSnapshot(231)) - group-7447E9EF7D39: The snapshot info is null. Setting the last applied indexto:(t:0, i:~)
2019-10-23 17:06:49,063 [pool-27-thread-1] INFO  server.RaftServerConfigKeys (ConfUtils.java:logGet(43)) - raft.server.notification.no-leader.timeout = 1000s (custom)
2019-10-23 17:06:49,063 [pool-37-thread-1] INFO  server.RaftServerConfigKeys (ConfUtils.java:logGet(43)) - raft.server.notification.no-leader.timeout = 1000s (custom)
2019-10-23 17:06:49,063 [pool-47-thread-1] INFO  server.RaftServerConfigKeys (ConfUtils.java:logGet(43)) - raft.server.notification.no-leader.timeout = 1000s (custom)
2019-10-23 17:06:49,063 [pool-37-thread-1] INFO  server.RaftServerConfigKeys (ConfUtils.java:logGet(43)) - raft.server.log.use.memory = false (default)
2019-10-23 17:06:49,063 [pool-27-thread-1] INFO  server.RaftServerConfigKeys (ConfUtils.java:logGet(43)) - raft.server.log.use.memory = false (default)
2019-10-23 17:06:49,063 [pool-47-thread-1] INFO  server.RaftServerConfigKeys (ConfUtils.java:logGet(43)) - raft.server.log.use.memory = false (default)
2019-10-23 17:06:49,063 [pool-37-thread-1] INFO  server.RaftServerConfigKeys (ConfUtils.java:logGet(43)) - raft.server.log.purge.gap = 1000000 (custom)
2019-10-23 17:06:49,063 [pool-27-thread-1] INFO  server.RaftServerConfigKeys (ConfUtils.java:logGet(43)) - raft.server.log.purge.gap = 1000000 (custom)
2019-10-23 17:06:49,064 [pool-37-thread-1] INFO  server.RaftServerConfigKeys (ConfUtils.java:logGet(43)) - raft.server.log.appender.buffer.byte-limit = 33554432 (custom)
2019-10-23 17:06:49,064 [pool-47-thread-1] INFO  server.RaftServerConfigKeys (ConfUtils.java:logGet(43)) - raft.server.log.purge.gap = 1000000 (custom)
2019-10-23 17:06:49,064 [pool-37-thread-1] INFO  server.RaftServerConfigKeys (ConfUtils.java:logGet(43)) - raft.server.log.segment.size.max = 1048576 (custom)
2019-10-23 17:06:49,064 [pool-27-thread-1] INFO  server.RaftServerConfigKeys (ConfUtils.java:logGet(43)) - raft.server.log.appender.buffer.byte-limit = 33554432 (custom)
2019-10-23 17:06:49,064 [pool-47-thread-1] INFO  server.RaftServerConfigKeys (ConfUtils.java:logGet(43)) - raft.server.log.appender.buffer.byte-limit = 33554432 (custom)
2019-10-23 17:06:49,064 [pool-27-thread-1] INFO  server.RaftServerConfigKeys (ConfUtils.java:logGet(43)) - raft.server.log.segment.size.max = 1048576 (custom)
2019-10-23 17:06:49,064 [pool-37-thread-1] INFO  server.RaftServerConfigKeys (ConfUtils.java:logGet(43)) - raft.server.log.segment.cache.num.max = 2 (custom)
2019-10-23 17:06:49,065 [pool-27-thread-1] INFO  server.RaftServerConfigKeys (ConfUtils.java:logGet(43)) - raft.server.log.segment.cache.num.max = 2 (custom)
2019-10-23 17:06:49,065 [pool-47-thread-1] INFO  server.RaftServerConfigKeys (ConfUtils.java:logGet(43)) - raft.server.log.segment.size.max = 1048576 (custom)
2019-10-23 17:06:49,065 [pool-27-thread-1] INFO  segmented.SegmentedRaftLogWorker (SegmentedRaftLogWorker.java:<init>(173)) - new a645e8ec-3812-4481-93f3-68221dd5a52f@group-7447E9EF7D39-SegmentedRaftLogWorker for RaftStorage:Storage Directory /workdir/hadoop-ozone/integration-test/target/test-dir/MiniOzoneClusterImpl-0a691748-4d5e-4935-afbc-7b96fd7c8770/datanode-0/data/ratis/eaf7b8d5-4c44-4730-931b-7447e9ef7d39
2019-10-23 17:06:49,065 [pool-37-thread-1] INFO  segmented.SegmentedRaftLogWorker (SegmentedRaftLogWorker.java:<init>(173)) - new 8a447bde-5925-4537-9923-914d6124acc8@group-7447E9EF7D39-SegmentedRaftLogWorker for RaftStorage:Storage Directory /workdir/hadoop-ozone/integration-test/target/test-dir/MiniOzoneClusterImpl-0a691748-4d5e-4935-afbc-7b96fd7c8770/datanode-1/data/ratis/eaf7b8d5-4c44-4730-931b-7447e9ef7d39
2019-10-23 17:06:49,065 [pool-27-thread-1] INFO  server.RaftServerConfigKeys (ConfUtils.java:logGet(43)) - raft.server.log.queue.byte-limit = 2147483647 (custom)
2019-10-23 17:06:49,065 [pool-47-thread-1] INFO  server.RaftServerConfigKeys (ConfUtils.java:logGet(43)) - raft.server.log.segment.cache.num.max = 2 (custom)
2019-10-23 17:06:49,066 [pool-27-thread-1] INFO  server.RaftServerConfigKeys (ConfUtils.java:logGet(43)) - raft.server.log.queue.element-limit = 1024 (custom)
2019-10-23 17:06:49,065 [pool-37-thread-1] INFO  server.RaftServerConfigKeys (ConfUtils.java:logGet(43)) - raft.server.log.queue.byte-limit = 2147483647 (custom)
2019-10-23 17:06:49,066 [pool-27-thread-1] INFO  server.RaftServerConfigKeys (ConfUtils.java:logGet(43)) - raft.server.log.segment.size.max = 1048576 (custom)
2019-10-23 17:06:49,066 [pool-47-thread-1] INFO  segmented.SegmentedRaftLogWorker (SegmentedRaftLogWorker.java:<init>(173)) - new 53b51124-92ed-42d6-a80e-016fa59d7f2b@group-7447E9EF7D39-SegmentedRaftLogWorker for RaftStorage:Storage Directory /workdir/hadoop-ozone/integration-test/target/test-dir/MiniOzoneClusterImpl-0a691748-4d5e-4935-afbc-7b96fd7c8770/datanode-2/data/ratis/eaf7b8d5-4c44-4730-931b-7447e9ef7d39
2019-10-23 17:06:49,066 [pool-27-thread-1] INFO  server.RaftServerConfigKeys (ConfUtils.java:logGet(43)) - raft.server.log.preallocated.size = 16384 (custom)
2019-10-23 17:06:49,066 [pool-37-thread-1] INFO  server.RaftServerConfigKeys (ConfUtils.java:logGet(43)) - raft.server.log.queue.element-limit = 1024 (custom)
2019-10-23 17:06:49,067 [pool-27-thread-1] INFO  server.RaftServerConfigKeys (ConfUtils.java:logGet(43)) - raft.server.log.write.buffer.size = 33554432 (custom)
2019-10-23 17:06:49,066 [pool-47-thread-1] INFO  server.RaftServerConfigKeys (ConfUtils.java:logGet(43)) - raft.server.log.queue.byte-limit = 2147483647 (custom)
2019-10-23 17:06:49,067 [pool-27-thread-1] INFO  server.RaftServerConfigKeys (ConfUtils.java:logGet(43)) - raft.server.log.force.sync.num = 128 (default)
2019-10-23 17:06:49,067 [pool-37-thread-1] INFO  server.RaftServerConfigKeys (ConfUtils.java:logGet(43)) - raft.server.log.segment.size.max = 1048576 (custom)
2019-10-23 17:06:49,067 [pool-27-thread-1] INFO  server.RaftServerConfigKeys (ConfUtils.java:logGet(43)) - raft.server.log.statemachine.data.sync = true (default)
2019-10-23 17:06:49,067 [pool-47-thread-1] INFO  server.RaftServerConfigKeys (ConfUtils.java:logGet(43)) - raft.server.log.queue.element-limit = 1024 (custom)
2019-10-23 17:06:49,068 [pool-27-thread-1] INFO  server.RaftServerConfigKeys (ConfUtils.java:logGet(43)) - raft.server.log.statemachine.data.sync.timeout = 10s (default)
2019-10-23 17:06:49,068 [pool-37-thread-1] INFO  server.RaftServerConfigKeys (ConfUtils.java:logGet(43)) - raft.server.log.preallocated.size = 16384 (custom)
2019-10-23 17:06:49,068 [pool-27-thread-1] INFO  server.RaftServerConfigKeys (ConfUtils.java:logGet(43)) - raft.server.log.statemachine.data.sync.timeout.retry = -1 (default)
2019-10-23 17:06:49,068 [pool-47-thread-1] INFO  server.RaftServerConfigKeys (ConfUtils.java:logGet(43)) - raft.server.log.segment.size.max = 1048576 (custom)
2019-10-23 17:06:49,068 [pool-37-thread-1] INFO  server.RaftServerConfigKeys (ConfUtils.java:logGet(43)) - raft.server.log.write.buffer.size = 33554432 (custom)
2019-10-23 17:06:49,069 [pool-27-thread-1] INFO  server.RaftServerConfigKeys (ConfUtils.java:logGet(43)) - raft.server.log.statemachine.data.caching.enabled = true (custom)
2019-10-23 17:06:49,069 [pool-47-thread-1] INFO  server.RaftServerConfigKeys (ConfUtils.java:logGet(43)) - raft.server.log.preallocated.size = 16384 (custom)
2019-10-23 17:06:49,069 [pool-37-thread-1] INFO  server.RaftServerConfigKeys (ConfUtils.java:logGet(43)) - raft.server.log.force.sync.num = 128 (default)
2019-10-23 17:06:49,069 [pool-47-thread-1] INFO  server.RaftServerConfigKeys (ConfUtils.java:logGet(43)) - raft.server.log.write.buffer.size = 33554432 (custom)
2019-10-23 17:06:49,069 [pool-27-thread-1] INFO  segmented.SegmentedRaftLogWorker (SegmentedRaftLogWorker.java:lambda$new$0(128)) - a645e8ec-3812-4481-93f3-68221dd5a52f@group-7447E9EF7D39-SegmentedRaftLogWorker: flushIndex: setUnconditionally 0 -> -1
2019-10-23 17:06:49,069 [pool-37-thread-1] INFO  server.RaftServerConfigKeys (ConfUtils.java:logGet(43)) - raft.server.log.statemachine.data.sync = true (default)
2019-10-23 17:06:49,069 [pool-47-thread-1] INFO  server.RaftServerConfigKeys (ConfUtils.java:logGet(43)) - raft.server.log.force.sync.num = 128 (default)
2019-10-23 17:06:49,070 [pool-37-thread-1] INFO  server.RaftServerConfigKeys (ConfUtils.java:logGet(43)) - raft.server.log.statemachine.data.sync.timeout = 10s (default)
2019-10-23 17:06:49,070 [pool-27-thread-1] INFO  server.RaftServerConfigKeys (ConfUtils.java:logGet(43)) - raft.server.snapshot.auto.trigger.enabled = true (custom)
2019-10-23 17:06:49,070 [pool-47-thread-1] INFO  server.RaftServerConfigKeys (ConfUtils.java:logGet(43)) - raft.server.log.statemachine.data.sync = true (default)
2019-10-23 17:06:49,070 [pool-27-thread-1] INFO  server.RaftServerConfigKeys (ConfUtils.java:logGet(43)) - raft.server.snapshot.auto.trigger.threshold = 10000 (custom)
2019-10-23 17:06:49,070 [pool-37-thread-1] INFO  server.RaftServerConfigKeys (ConfUtils.java:logGet(43)) - raft.server.log.statemachine.data.sync.timeout.retry = -1 (default)
2019-10-23 17:06:49,071 [pool-27-thread-1] INFO  server.RaftServerConfigKeys (ConfUtils.java:logGet(43)) - raft.server.snapshot.retention.file.num = 5 (custom)
2019-10-23 17:06:49,070 [pool-47-thread-1] INFO  server.RaftServerConfigKeys (ConfUtils.java:logGet(43)) - raft.server.log.statemachine.data.sync.timeout = 10s (default)
2019-10-23 17:06:49,071 [pool-27-thread-1] INFO  server.RaftServerConfigKeys (ConfUtils.java:logGet(43)) - raft.server.retrycache.expirytime = 600000ms (custom)
2019-10-23 17:06:49,071 [pool-37-thread-1] INFO  server.RaftServerConfigKeys (ConfUtils.java:logGet(43)) - raft.server.log.statemachine.data.caching.enabled = true (custom)
2019-10-23 17:06:49,071 [pool-47-thread-1] INFO  server.RaftServerConfigKeys (ConfUtils.java:logGet(43)) - raft.server.log.statemachine.data.sync.timeout.retry = -1 (default)
2019-10-23 17:06:49,071 [pool-37-thread-1] INFO  segmented.SegmentedRaftLogWorker (SegmentedRaftLogWorker.java:lambda$new$0(128)) - 8a447bde-5925-4537-9923-914d6124acc8@group-7447E9EF7D39-SegmentedRaftLogWorker: flushIndex: setUnconditionally 0 -> -1
2019-10-23 17:06:49,072 [pool-47-thread-1] INFO  server.RaftServerConfigKeys (ConfUtils.java:logGet(43)) - raft.server.log.statemachine.data.caching.enabled = true (custom)
2019-10-23 17:06:49,071 [pool-27-thread-1] WARN  impl.MetricRegistriesImpl (MetricRegistriesImpl.java:lambda$create$1(61)) - First MetricRegistry has been created without registering reporters. You may need to call MetricRegistries.global().addReportRegistration(...) before.
2019-10-23 17:06:49,072 [pool-37-thread-1] INFO  server.RaftServerConfigKeys (ConfUtils.java:logGet(43)) - raft.server.snapshot.auto.trigger.enabled = true (custom)
2019-10-23 17:06:49,072 [pool-27-thread-1] WARN  impl.MetricRegistriesImpl (MetricRegistriesImpl.java:lambda$create$1(61)) - First MetricRegistry has been created without registering reporters. You may need to call MetricRegistries.global().addReportRegistration(...) before.
2019-10-23 17:06:49,072 [pool-47-thread-1] INFO  segmented.SegmentedRaftLogWorker (SegmentedRaftLogWorker.java:lambda$new$0(128)) - 53b51124-92ed-42d6-a80e-016fa59d7f2b@group-7447E9EF7D39-SegmentedRaftLogWorker: flushIndex: setUnconditionally 0 -> -1
2019-10-23 17:06:49,072 [pool-37-thread-1] INFO  server.RaftServerConfigKeys (ConfUtils.java:logGet(43)) - raft.server.snapshot.auto.trigger.threshold = 10000 (custom)
2019-10-23 17:06:49,073 [pool-37-thread-1] INFO  server.RaftServerConfigKeys (ConfUtils.java:logGet(43)) - raft.server.snapshot.retention.file.num = 5 (custom)
2019-10-23 17:06:49,073 [pool-47-thread-1] INFO  server.RaftServerConfigKeys (ConfUtils.java:logGet(43)) - raft.server.snapshot.auto.trigger.enabled = true (custom)
2019-10-23 17:06:49,073 [pool-27-thread-1] INFO  impl.RaftServerImpl (RaftServerImpl.java:start(184)) - a645e8ec-3812-4481-93f3-68221dd5a52f@group-7447E9EF7D39: start as a follower, conf=-1: [8a447bde-5925-4537-9923-914d6124acc8:192.168.157.242:44942, 53b51124-92ed-42d6-a80e-016fa59d7f2b:192.168.157.242:38291, a645e8ec-3812-4481-93f3-68221dd5a52f:192.168.157.242:42875], old=null
2019-10-23 17:06:49,073 [pool-37-thread-1] INFO  server.RaftServerConfigKeys (ConfUtils.java:logGet(43)) - raft.server.retrycache.expirytime = 600000ms (custom)
2019-10-23 17:06:49,073 [pool-27-thread-1] INFO  impl.RaftServerImpl (RaftServerImpl.java:setRole(173)) - a645e8ec-3812-4481-93f3-68221dd5a52f@group-7447E9EF7D39: changes role from      null to FOLLOWER at term 0 for startAsFollower
2019-10-23 17:06:49,073 [pool-47-thread-1] INFO  server.RaftServerConfigKeys (ConfUtils.java:logGet(43)) - raft.server.snapshot.auto.trigger.threshold = 10000 (custom)
2019-10-23 17:06:49,074 [pool-27-thread-1] INFO  impl.RoleInfo (RoleInfo.java:updateAndGet(143)) - a645e8ec-3812-4481-93f3-68221dd5a52f: start FollowerState
2019-10-23 17:06:49,074 [pool-37-thread-1] WARN  impl.MetricRegistriesImpl (MetricRegistriesImpl.java:lambda$create$1(61)) - First MetricRegistry has been created without registering reporters. You may need to call MetricRegistries.global().addReportRegistration(...) before.
2019-10-23 17:06:49,074 [pool-47-thread-1] INFO  server.RaftServerConfigKeys (ConfUtils.java:logGet(43)) - raft.server.snapshot.retention.file.num = 5 (custom)
2019-10-23 17:06:49,074 [pool-37-thread-1] WARN  impl.MetricRegistriesImpl (MetricRegistriesImpl.java:lambda$create$1(61)) - First MetricRegistry has been created without registering reporters. You may need to call MetricRegistries.global().addReportRegistration(...) before.
2019-10-23 17:06:49,074 [pool-47-thread-1] INFO  server.RaftServerConfigKeys (ConfUtils.java:logGet(43)) - raft.server.retrycache.expirytime = 600000ms (custom)
2019-10-23 17:06:49,074 [pool-37-thread-1] INFO  impl.RaftServerImpl (RaftServerImpl.java:start(184)) - 8a447bde-5925-4537-9923-914d6124acc8@group-7447E9EF7D39: start as a follower, conf=-1: [8a447bde-5925-4537-9923-914d6124acc8:192.168.157.242:44942, 53b51124-92ed-42d6-a80e-016fa59d7f2b:192.168.157.242:38291, a645e8ec-3812-4481-93f3-68221dd5a52f:192.168.157.242:42875], old=null
2019-10-23 17:06:49,074 [pool-27-thread-1] INFO  util.JmxRegister (JmxRegister.java:tryRegister(44)) - Successfully registered JMX Bean with object name Ratis:service=RaftServer,group=group-7447E9EF7D39,id=a645e8ec-3812-4481-93f3-68221dd5a52f
2019-10-23 17:06:49,075 [pool-37-thread-1] INFO  impl.RaftServerImpl (RaftServerImpl.java:setRole(173)) - 8a447bde-5925-4537-9923-914d6124acc8@group-7447E9EF7D39: changes role from      null to FOLLOWER at term 0 for startAsFollower
2019-10-23 17:06:49,075 [pool-47-thread-1] WARN  impl.MetricRegistriesImpl (MetricRegistriesImpl.java:lambda$create$1(61)) - First MetricRegistry has been created without registering reporters. You may need to call MetricRegistries.global().addReportRegistration(...) before.
2019-10-23 17:06:49,075 [pool-37-thread-1] INFO  impl.RoleInfo (RoleInfo.java:updateAndGet(143)) - 8a447bde-5925-4537-9923-914d6124acc8: start FollowerState
2019-10-23 17:06:49,075 [pool-27-thread-1] WARN  impl.MetricRegistriesImpl (MetricRegistriesImpl.java:lambda$create$1(61)) - First MetricRegistry has been created without registering reporters. You may need to call MetricRegistries.global().addReportRegistration(...) before.
2019-10-23 17:06:49,075 [pool-47-thread-1] WARN  impl.MetricRegistriesImpl (MetricRegistriesImpl.java:lambda$create$1(61)) - First MetricRegistry has been created without registering reporters. You may need to call MetricRegistries.global().addReportRegistration(...) before.
2019-10-23 17:06:49,076 [pool-37-thread-1] INFO  util.JmxRegister (JmxRegister.java:tryRegister(44)) - Successfully registered JMX Bean with object name Ratis:service=RaftServer,group=group-7447E9EF7D39,id=8a447bde-5925-4537-9923-914d6124acc8
2019-10-23 17:06:49,076 [pool-37-thread-1] WARN  impl.MetricRegistriesImpl (MetricRegistriesImpl.java:lambda$create$1(61)) - First MetricRegistry has been created without registering reporters. You may need to call MetricRegistries.global().addReportRegistration(...) before.
2019-10-23 17:06:49,076 [pool-47-thread-1] INFO  impl.RaftServerImpl (RaftServerImpl.java:start(184)) - 53b51124-92ed-42d6-a80e-016fa59d7f2b@group-7447E9EF7D39: start as a follower, conf=-1: [8a447bde-5925-4537-9923-914d6124acc8:192.168.157.242:44942, 53b51124-92ed-42d6-a80e-016fa59d7f2b:192.168.157.242:38291, a645e8ec-3812-4481-93f3-68221dd5a52f:192.168.157.242:42875], old=null
2019-10-23 17:06:49,076 [pool-47-thread-1] INFO  impl.RaftServerImpl (RaftServerImpl.java:setRole(173)) - 53b51124-92ed-42d6-a80e-016fa59d7f2b@group-7447E9EF7D39: changes role from      null to FOLLOWER at term 0 for startAsFollower
2019-10-23 17:06:49,076 [pool-47-thread-1] INFO  impl.RoleInfo (RoleInfo.java:updateAndGet(143)) - 53b51124-92ed-42d6-a80e-016fa59d7f2b: start FollowerState
2019-10-23 17:06:49,077 [pool-47-thread-1] INFO  util.JmxRegister (JmxRegister.java:tryRegister(44)) - Successfully registered JMX Bean with object name Ratis:service=RaftServer,group=group-7447E9EF7D39,id=53b51124-92ed-42d6-a80e-016fa59d7f2b
2019-10-23 17:06:49,077 [Command processor thread] INFO  commandhandler.CreatePipelineCommandHandler (CreatePipelineCommandHandler.java:handle(86)) - Create Pipeline RATIS THREE #id: "eaf7b8d5-4c44-4730-931b-7447e9ef7d39"
 command succeed on datanode a645e8ec-3812-4481-93f3-68221dd5a52f.
2019-10-23 17:06:49,077 [Command processor thread] INFO  commandhandler.CreatePipelineCommandHandler (CreatePipelineCommandHandler.java:handle(86)) - Create Pipeline RATIS THREE #id: "eaf7b8d5-4c44-4730-931b-7447e9ef7d39"
 command succeed on datanode 8a447bde-5925-4537-9923-914d6124acc8.
2019-10-23 17:06:49,077 [pool-47-thread-1] WARN  impl.MetricRegistriesImpl (MetricRegistriesImpl.java:lambda$create$1(61)) - First MetricRegistry has been created without registering reporters. You may need to call MetricRegistries.global().addReportRegistration(...) before.
2019-10-23 17:06:49,079 [Command processor thread] INFO  commandhandler.CreatePipelineCommandHandler (CreatePipelineCommandHandler.java:handle(86)) - Create Pipeline RATIS THREE #id: "eaf7b8d5-4c44-4730-931b-7447e9ef7d39"
 command succeed on datanode 53b51124-92ed-42d6-a80e-016fa59d7f2b.
2019-10-23 17:06:49,081 [EventQueue-PipelineReportForPipelineReportHandler] INFO  pipeline.PipelineReportHandler (PipelineReportHandler.java:processPipelineReport(104)) - Pipeline THREE PipelineID=eaf7b8d5-4c44-4730-931b-7447e9ef7d39 reported by 8a447bde-5925-4537-9923-914d6124acc8{ip: 192.168.157.242, host: pr-hdds-2034-ckmbc-1095224204, networkLocation: /default-rack, certSerialId: null}
2019-10-23 17:06:49,082 [EventQueue-PipelineReportForPipelineReportHandler] INFO  pipeline.PipelineReportHandler (PipelineReportHandler.java:processPipelineReport(104)) - Pipeline THREE PipelineID=eaf7b8d5-4c44-4730-931b-7447e9ef7d39 reported by a645e8ec-3812-4481-93f3-68221dd5a52f{ip: 192.168.157.242, host: pr-hdds-2034-ckmbc-1095224204, networkLocation: /default-rack, certSerialId: null}
2019-10-23 17:06:49,082 [EventQueue-PipelineReportForPipelineReportHandler] INFO  pipeline.PipelineReportHandler (PipelineReportHandler.java:processPipelineReport(104)) - Pipeline THREE PipelineID=eaf7b8d5-4c44-4730-931b-7447e9ef7d39 reported by 53b51124-92ed-42d6-a80e-016fa59d7f2b{ip: 192.168.157.242, host: pr-hdds-2034-ckmbc-1095224204, networkLocation: /default-rack, certSerialId: null}
2019-10-23 17:06:49,082 [EventQueue-PipelineReportForPipelineReportHandler] INFO  pipeline.PipelineStateManager (PipelineStateManager.java:openPipeline(134)) - Pipeline Pipeline[ Id: eaf7b8d5-4c44-4730-931b-7447e9ef7d39, Nodes: a645e8ec-3812-4481-93f3-68221dd5a52f{ip: 192.168.157.242, host: pr-hdds-2034-ckmbc-1095224204, networkLocation: /default-rack, certSerialId: null}8a447bde-5925-4537-9923-914d6124acc8{ip: 192.168.157.242, host: pr-hdds-2034-ckmbc-1095224204, networkLocation: /default-rack, certSerialId: null}53b51124-92ed-42d6-a80e-016fa59d7f2b{ip: 192.168.157.242, host: pr-hdds-2034-ckmbc-1095224204, networkLocation: /default-rack, certSerialId: null}, Type:RATIS, Factor:THREE, State:ALLOCATED] moved to OPEN state
2019-10-23 17:06:49,884 [main] INFO  ozone.MiniOzoneClusterImpl (MiniOzoneClusterImpl.java:lambda$waitForClusterToBeReady$0(149)) - Nodes are ready. Got 3 of 3 DN Heartbeats.
2019-10-23 17:06:49,884 [main] INFO  ozone.MiniOzoneClusterImpl (MiniOzoneClusterImpl.java:lambda$waitForClusterToBeReady$0(152)) - Waiting for cluster to exit safe mode
2019-10-23 17:06:50,884 [main] INFO  ozone.MiniOzoneClusterImpl (MiniOzoneClusterImpl.java:lambda$waitForClusterToBeReady$0(149)) - Nodes are ready. Got 3 of 3 DN Heartbeats.
2019-10-23 17:06:50,885 [main] INFO  ozone.MiniOzoneClusterImpl (MiniOzoneClusterImpl.java:lambda$waitForClusterToBeReady$0(152)) - Waiting for cluster to exit safe mode
2019-10-23 17:06:51,885 [main] INFO  ozone.MiniOzoneClusterImpl (MiniOzoneClusterImpl.java:lambda$waitForClusterToBeReady$0(149)) - Nodes are ready. Got 3 of 3 DN Heartbeats.
2019-10-23 17:06:51,886 [main] INFO  ozone.MiniOzoneClusterImpl (MiniOzoneClusterImpl.java:lambda$waitForClusterToBeReady$0(152)) - Waiting for cluster to exit safe mode
2019-10-23 17:06:52,032 [EventQueue-OpenPipelineForHealthyPipelineSafeModeRule] INFO  safemode.SCMSafeModeManager (SCMSafeModeManager.java:exitSafeMode(211)) - SCM exiting safe mode.
2019-10-23 17:06:52,034 [EventQueue-OpenPipelineForOneReplicaPipelineSafeModeRule] INFO  safemode.SCMSafeModeManager (SCMSafeModeManager.java:validateSafeModeExitRules(174)) - AtleastOneDatanodeReportedRule rule is successfully validated
2019-10-23 17:06:52,035 [EventQueue-OpenPipelineForOneReplicaPipelineSafeModeRule] INFO  safemode.SCMSafeModeManager (SCMSafeModeManager.java:validateSafeModeExitRules(183)) - ScmSafeModeManager, all rules are successfully validated
2019-10-23 17:06:52,886 [main] INFO  ozone.MiniOzoneClusterImpl (MiniOzoneClusterImpl.java:lambda$waitForClusterToBeReady$0(149)) - Nodes are ready. Got 3 of 3 DN Heartbeats.
2019-10-23 17:06:52,886 [main] INFO  ozone.MiniOzoneClusterImpl (MiniOzoneClusterImpl.java:lambda$waitForClusterToBeReady$0(152)) - Cluster exits safe mode
2019-10-23 17:06:53,371 [main] INFO  rpc.RpcClient (RpcClient.java:createVolume(272)) - Creating Volume: testcontainerstatemachinefailures, with jenkins1000 as owner.
2019-10-23 17:06:53,450 [IPC Server handler 0 on 36289] INFO  volume.OMVolumeCreateRequest (OMVolumeCreateRequest.java:validateAndUpdateCache(193)) - created volume:testcontainerstatemachinefailures for user:jenkins1000
2019-10-23 17:06:53,493 [main] INFO  rpc.RpcClient (RpcClient.java:createBucket(411)) - Creating Bucket: testcontainerstatemachinefailures/testcontainerstatemachinefailures, with Versioning false and Storage Type set to DISK and Encryption set to false 
2019-10-23 17:06:53,560 [IPC Server handler 1 on 36668] INFO  server.SCMBlockProtocolServer (SCMBlockProtocolServer.java:allocateBlock(179)) - Allocating 1 blocks of size 4194304, with ExcludeList {datanodes = [], containerIds = [], pipelineIds = []}
2019-10-23 17:06:53,664 [main] INFO  impl.MetricsSystemImpl (MetricsSystemImpl.java:init(158)) - XceiverClientMetrics metrics system started (again)
2019-10-23 17:06:54,100 [Thread-206] INFO  impl.FollowerState (FollowerState.java:run(111)) - 53b51124-92ed-42d6-a80e-016fa59d7f2b@group-7447E9EF7D39-FollowerState: change to CANDIDATE, lastRpcTime:5023ms, electionTimeout:5015ms
2019-10-23 17:06:54,100 [Thread-193] INFO  impl.FollowerState (FollowerState.java:run(111)) - 8a447bde-5925-4537-9923-914d6124acc8@group-56EB858CD755-FollowerState: change to CANDIDATE, lastRpcTime:5104ms, electionTimeout:5027ms
2019-10-23 17:06:54,100 [Thread-195] INFO  impl.FollowerState (FollowerState.java:run(111)) - 53b51124-92ed-42d6-a80e-016fa59d7f2b@group-CA89BA60A746-FollowerState: change to CANDIDATE, lastRpcTime:5104ms, electionTimeout:5051ms
2019-10-23 17:06:54,107 [Thread-195] INFO  impl.RoleInfo (RoleInfo.java:shutdownFollowerState(121)) - 53b51124-92ed-42d6-a80e-016fa59d7f2b: shutdown FollowerState
2019-10-23 17:06:54,107 [Thread-206] INFO  impl.RoleInfo (RoleInfo.java:shutdownFollowerState(121)) - 53b51124-92ed-42d6-a80e-016fa59d7f2b: shutdown FollowerState
2019-10-23 17:06:54,107 [Thread-193] INFO  impl.RoleInfo (RoleInfo.java:shutdownFollowerState(121)) - 8a447bde-5925-4537-9923-914d6124acc8: shutdown FollowerState
2019-10-23 17:06:54,108 [Thread-193] INFO  impl.RaftServerImpl (RaftServerImpl.java:setRole(173)) - 8a447bde-5925-4537-9923-914d6124acc8@group-56EB858CD755: changes role from  FOLLOWER to CANDIDATE at term 0 for changeToCandidate
2019-10-23 17:06:54,108 [Thread-195] INFO  impl.RaftServerImpl (RaftServerImpl.java:setRole(173)) - 53b51124-92ed-42d6-a80e-016fa59d7f2b@group-CA89BA60A746: changes role from  FOLLOWER to CANDIDATE at term 0 for changeToCandidate
2019-10-23 17:06:54,108 [Thread-206] INFO  impl.RaftServerImpl (RaftServerImpl.java:setRole(173)) - 53b51124-92ed-42d6-a80e-016fa59d7f2b@group-7447E9EF7D39: changes role from  FOLLOWER to CANDIDATE at term 0 for changeToCandidate
2019-10-23 17:06:54,113 [Thread-195] INFO  impl.RoleInfo (RoleInfo.java:updateAndGet(143)) - 53b51124-92ed-42d6-a80e-016fa59d7f2b: start LeaderElection
2019-10-23 17:06:54,113 [Thread-206] INFO  impl.RoleInfo (RoleInfo.java:updateAndGet(143)) - 53b51124-92ed-42d6-a80e-016fa59d7f2b: start LeaderElection
2019-10-23 17:06:54,113 [Thread-193] INFO  impl.RoleInfo (RoleInfo.java:updateAndGet(143)) - 8a447bde-5925-4537-9923-914d6124acc8: start LeaderElection
2019-10-23 17:06:54,133 [53b51124-92ed-42d6-a80e-016fa59d7f2b@group-CA89BA60A746-LeaderElection2] INFO  impl.LeaderElection (LeaderElection.java:askForVotes(178)) - 53b51124-92ed-42d6-a80e-016fa59d7f2b@group-CA89BA60A746-LeaderElection2: begin an election at term 1 for -1: [53b51124-92ed-42d6-a80e-016fa59d7f2b:192.168.157.242:38291], old=null
2019-10-23 17:06:54,133 [8a447bde-5925-4537-9923-914d6124acc8@group-56EB858CD755-LeaderElection3] INFO  impl.LeaderElection (LeaderElection.java:askForVotes(178)) - 8a447bde-5925-4537-9923-914d6124acc8@group-56EB858CD755-LeaderElection3: begin an election at term 1 for -1: [8a447bde-5925-4537-9923-914d6124acc8:192.168.157.242:44942], old=null
2019-10-23 17:06:54,133 [53b51124-92ed-42d6-a80e-016fa59d7f2b@group-7447E9EF7D39-LeaderElection1] INFO  impl.LeaderElection (LeaderElection.java:askForVotes(178)) - 53b51124-92ed-42d6-a80e-016fa59d7f2b@group-7447E9EF7D39-LeaderElection1: begin an election at term 1 for -1: [8a447bde-5925-4537-9923-914d6124acc8:192.168.157.242:44942, 53b51124-92ed-42d6-a80e-016fa59d7f2b:192.168.157.242:38291, a645e8ec-3812-4481-93f3-68221dd5a52f:192.168.157.242:42875], old=null
2019-10-23 17:06:54,136 [53b51124-92ed-42d6-a80e-016fa59d7f2b@group-CA89BA60A746-LeaderElection2] INFO  impl.RoleInfo (RoleInfo.java:shutdownLeaderElection(134)) - 53b51124-92ed-42d6-a80e-016fa59d7f2b: shutdown LeaderElection
2019-10-23 17:06:54,136 [8a447bde-5925-4537-9923-914d6124acc8@group-56EB858CD755-LeaderElection3] INFO  impl.RoleInfo (RoleInfo.java:shutdownLeaderElection(134)) - 8a447bde-5925-4537-9923-914d6124acc8: shutdown LeaderElection
2019-10-23 17:06:54,136 [53b51124-92ed-42d6-a80e-016fa59d7f2b@group-CA89BA60A746-LeaderElection2] INFO  impl.RaftServerImpl (RaftServerImpl.java:setRole(173)) - 53b51124-92ed-42d6-a80e-016fa59d7f2b@group-CA89BA60A746: changes role from CANDIDATE to LEADER at term 1 for changeToLeader
2019-10-23 17:06:54,138 [8a447bde-5925-4537-9923-914d6124acc8@group-56EB858CD755-LeaderElection3] INFO  impl.RaftServerImpl (RaftServerImpl.java:setRole(173)) - 8a447bde-5925-4537-9923-914d6124acc8@group-56EB858CD755: changes role from CANDIDATE to LEADER at term 1 for changeToLeader
2019-10-23 17:06:54,138 [53b51124-92ed-42d6-a80e-016fa59d7f2b@group-CA89BA60A746-LeaderElection2] INFO  impl.RaftServerImpl (ServerState.java:setLeader(255)) - 53b51124-92ed-42d6-a80e-016fa59d7f2b@group-CA89BA60A746: change Leader from null to 53b51124-92ed-42d6-a80e-016fa59d7f2b at term 1 for becomeLeader, leader elected after 5204ms
2019-10-23 17:06:54,138 [8a447bde-5925-4537-9923-914d6124acc8@group-56EB858CD755-LeaderElection3] INFO  impl.RaftServerImpl (ServerState.java:setLeader(255)) - 8a447bde-5925-4537-9923-914d6124acc8@group-56EB858CD755: change Leader from null to 8a447bde-5925-4537-9923-914d6124acc8 at term 1 for becomeLeader, leader elected after 5286ms
2019-10-23 17:06:54,143 [53b51124-92ed-42d6-a80e-016fa59d7f2b@group-CA89BA60A746-LeaderElection2] INFO  server.RaftServerConfigKeys (ConfUtils.java:logGet(43)) - raft.server.staging.catchup.gap = 1000 (default)
2019-10-23 17:06:54,143 [8a447bde-5925-4537-9923-914d6124acc8@group-56EB858CD755-LeaderElection3] INFO  server.RaftServerConfigKeys (ConfUtils.java:logGet(43)) - raft.server.staging.catchup.gap = 1000 (default)
2019-10-23 17:06:54,143 [53b51124-92ed-42d6-a80e-016fa59d7f2b@group-CA89BA60A746-LeaderElection2] INFO  server.RaftServerConfigKeys (ConfUtils.java:logGet(43)) - raft.server.rpc.sleep.time = 25ms (default)
2019-10-23 17:06:54,143 [8a447bde-5925-4537-9923-914d6124acc8@group-56EB858CD755-LeaderElection3] INFO  server.RaftServerConfigKeys (ConfUtils.java:logGet(43)) - raft.server.rpc.sleep.time = 25ms (default)
2019-10-23 17:06:54,148 [53b51124-92ed-42d6-a80e-016fa59d7f2b@group-CA89BA60A746-LeaderElection2] INFO  server.RaftServerConfigKeys (ConfUtils.java:logGet(43)) - raft.server.write.element-limit = 4096 (default)
2019-10-23 17:06:54,149 [8a447bde-5925-4537-9923-914d6124acc8@group-56EB858CD755-LeaderElection3] INFO  server.RaftServerConfigKeys (ConfUtils.java:logGet(43)) - raft.server.write.element-limit = 4096 (default)
2019-10-23 17:06:54,153 [53b51124-92ed-42d6-a80e-016fa59d7f2b@group-CA89BA60A746-LeaderElection2] INFO  server.RaftServerConfigKeys (ConfUtils.java:logGet(43)) - raft.server.watch.timeout = 10s (default)
2019-10-23 17:06:54,153 [8a447bde-5925-4537-9923-914d6124acc8@group-56EB858CD755-LeaderElection3] INFO  server.RaftServerConfigKeys (ConfUtils.java:logGet(43)) - raft.server.watch.timeout = 10s (default)
2019-10-23 17:06:54,153 [53b51124-92ed-42d6-a80e-016fa59d7f2b@group-CA89BA60A746-LeaderElection2] INFO  server.RaftServerConfigKeys (ConfUtils.java:logGet(43)) - raft.server.watch.timeout.denomination = 1s (default)
2019-10-23 17:06:54,153 [8a447bde-5925-4537-9923-914d6124acc8@group-56EB858CD755-LeaderElection3] INFO  server.RaftServerConfigKeys (ConfUtils.java:logGet(43)) - raft.server.watch.timeout.denomination = 1s (default)
2019-10-23 17:06:54,154 [53b51124-92ed-42d6-a80e-016fa59d7f2b@group-CA89BA60A746-LeaderElection2] INFO  server.RaftServerConfigKeys (ConfUtils.java:logGet(43)) - raft.server.watch.element-limit = 65536 (default)
2019-10-23 17:06:54,154 [8a447bde-5925-4537-9923-914d6124acc8@group-56EB858CD755-LeaderElection3] INFO  server.RaftServerConfigKeys (ConfUtils.java:logGet(43)) - raft.server.watch.element-limit = 65536 (default)
2019-10-23 17:06:54,165 [Thread-194] INFO  impl.FollowerState (FollowerState.java:run(111)) - a645e8ec-3812-4481-93f3-68221dd5a52f@group-2AD32FDB6C72-FollowerState: change to CANDIDATE, lastRpcTime:5168ms, electionTimeout:5166ms
2019-10-23 17:06:54,166 [Thread-194] INFO  impl.RoleInfo (RoleInfo.java:shutdownFollowerState(121)) - a645e8ec-3812-4481-93f3-68221dd5a52f: shutdown FollowerState
2019-10-23 17:06:54,166 [Thread-194] INFO  impl.RaftServerImpl (RaftServerImpl.java:setRole(173)) - a645e8ec-3812-4481-93f3-68221dd5a52f@group-2AD32FDB6C72: changes role from  FOLLOWER to CANDIDATE at term 0 for changeToCandidate
2019-10-23 17:06:54,166 [53b51124-92ed-42d6-a80e-016fa59d7f2b@group-CA89BA60A746-LeaderElection2] INFO  impl.RoleInfo (RoleInfo.java:updateAndGet(143)) - 53b51124-92ed-42d6-a80e-016fa59d7f2b: start LeaderState
2019-10-23 17:06:54,166 [Thread-194] INFO  impl.RoleInfo (RoleInfo.java:updateAndGet(143)) - a645e8ec-3812-4481-93f3-68221dd5a52f: start LeaderElection
2019-10-23 17:06:54,166 [8a447bde-5925-4537-9923-914d6124acc8@group-56EB858CD755-LeaderElection3] INFO  impl.RoleInfo (RoleInfo.java:updateAndGet(143)) - 8a447bde-5925-4537-9923-914d6124acc8: start LeaderState
2019-10-23 17:06:54,184 [53b51124-92ed-42d6-a80e-016fa59d7f2b@group-CA89BA60A746-LeaderElection2] INFO  segmented.SegmentedRaftLogWorker (SegmentedRaftLogWorker.java:startLogSegment(385)) - 53b51124-92ed-42d6-a80e-016fa59d7f2b@group-CA89BA60A746-SegmentedRaftLogWorker: Starting segment from index:0
2019-10-23 17:06:54,184 [8a447bde-5925-4537-9923-914d6124acc8@group-56EB858CD755-LeaderElection3] INFO  segmented.SegmentedRaftLogWorker (SegmentedRaftLogWorker.java:startLogSegment(385)) - 8a447bde-5925-4537-9923-914d6124acc8@group-56EB858CD755-SegmentedRaftLogWorker: Starting segment from index:0
2019-10-23 17:06:54,187 [Thread-203] INFO  impl.FollowerState (FollowerState.java:run(111)) - a645e8ec-3812-4481-93f3-68221dd5a52f@group-7447E9EF7D39-FollowerState: change to CANDIDATE, lastRpcTime:5113ms, electionTimeout:5113ms
2019-10-23 17:06:54,188 [Thread-203] INFO  impl.RoleInfo (RoleInfo.java:shutdownFollowerState(121)) - a645e8ec-3812-4481-93f3-68221dd5a52f: shutdown FollowerState
2019-10-23 17:06:54,188 [Thread-203] INFO  impl.RaftServerImpl (RaftServerImpl.java:setRole(173)) - a645e8ec-3812-4481-93f3-68221dd5a52f@group-7447E9EF7D39: changes role from  FOLLOWER to CANDIDATE at term 0 for changeToCandidate
2019-10-23 17:06:54,188 [Thread-203] INFO  impl.RoleInfo (RoleInfo.java:updateAndGet(143)) - a645e8ec-3812-4481-93f3-68221dd5a52f: start LeaderElection
2019-10-23 17:06:54,191 [a645e8ec-3812-4481-93f3-68221dd5a52f@group-2AD32FDB6C72-LeaderElection4] INFO  impl.LeaderElection (LeaderElection.java:askForVotes(178)) - a645e8ec-3812-4481-93f3-68221dd5a52f@group-2AD32FDB6C72-LeaderElection4: begin an election at term 1 for -1: [a645e8ec-3812-4481-93f3-68221dd5a52f:192.168.157.242:42875], old=null
2019-10-23 17:06:54,192 [a645e8ec-3812-4481-93f3-68221dd5a52f@group-2AD32FDB6C72-LeaderElection4] INFO  impl.RoleInfo (RoleInfo.java:shutdownLeaderElection(134)) - a645e8ec-3812-4481-93f3-68221dd5a52f: shutdown LeaderElection
2019-10-23 17:06:54,192 [a645e8ec-3812-4481-93f3-68221dd5a52f@group-2AD32FDB6C72-LeaderElection4] INFO  impl.RaftServerImpl (RaftServerImpl.java:setRole(173)) - a645e8ec-3812-4481-93f3-68221dd5a52f@group-2AD32FDB6C72: changes role from CANDIDATE to LEADER at term 1 for changeToLeader
2019-10-23 17:06:54,192 [a645e8ec-3812-4481-93f3-68221dd5a52f@group-2AD32FDB6C72-LeaderElection4] INFO  impl.RaftServerImpl (ServerState.java:setLeader(255)) - a645e8ec-3812-4481-93f3-68221dd5a52f@group-2AD32FDB6C72: change Leader from null to a645e8ec-3812-4481-93f3-68221dd5a52f at term 1 for becomeLeader, leader elected after 5351ms
2019-10-23 17:06:54,192 [a645e8ec-3812-4481-93f3-68221dd5a52f@group-2AD32FDB6C72-LeaderElection4] INFO  server.RaftServerConfigKeys (ConfUtils.java:logGet(43)) - raft.server.staging.catchup.gap = 1000 (default)
2019-10-23 17:06:54,192 [a645e8ec-3812-4481-93f3-68221dd5a52f@group-2AD32FDB6C72-LeaderElection4] INFO  server.RaftServerConfigKeys (ConfUtils.java:logGet(43)) - raft.server.rpc.sleep.time = 25ms (default)
2019-10-23 17:06:54,192 [a645e8ec-3812-4481-93f3-68221dd5a52f@group-2AD32FDB6C72-LeaderElection4] INFO  server.RaftServerConfigKeys (ConfUtils.java:logGet(43)) - raft.server.write.element-limit = 4096 (default)
2019-10-23 17:06:54,193 [a645e8ec-3812-4481-93f3-68221dd5a52f@group-2AD32FDB6C72-LeaderElection4] INFO  server.RaftServerConfigKeys (ConfUtils.java:logGet(43)) - raft.server.watch.timeout = 10s (default)
2019-10-23 17:06:54,193 [a645e8ec-3812-4481-93f3-68221dd5a52f@group-2AD32FDB6C72-LeaderElection4] INFO  server.RaftServerConfigKeys (ConfUtils.java:logGet(43)) - raft.server.watch.timeout.denomination = 1s (default)
2019-10-23 17:06:54,193 [a645e8ec-3812-4481-93f3-68221dd5a52f@group-2AD32FDB6C72-LeaderElection4] INFO  server.RaftServerConfigKeys (ConfUtils.java:logGet(43)) - raft.server.watch.element-limit = 65536 (default)
2019-10-23 17:06:54,193 [a645e8ec-3812-4481-93f3-68221dd5a52f@group-2AD32FDB6C72-LeaderElection4] INFO  impl.RoleInfo (RoleInfo.java:updateAndGet(143)) - a645e8ec-3812-4481-93f3-68221dd5a52f: start LeaderState
2019-10-23 17:06:54,193 [a645e8ec-3812-4481-93f3-68221dd5a52f@group-2AD32FDB6C72-LeaderElection4] INFO  segmented.SegmentedRaftLogWorker (SegmentedRaftLogWorker.java:startLogSegment(385)) - a645e8ec-3812-4481-93f3-68221dd5a52f@group-2AD32FDB6C72-SegmentedRaftLogWorker: Starting segment from index:0
2019-10-23 17:06:54,196 [53b51124-92ed-42d6-a80e-016fa59d7f2b@group-CA89BA60A746-LeaderElection2] INFO  impl.RaftServerImpl (ServerState.java:setRaftConf(356)) - 53b51124-92ed-42d6-a80e-016fa59d7f2b@group-CA89BA60A746: set configuration 0: [53b51124-92ed-42d6-a80e-016fa59d7f2b:192.168.157.242:38291], old=null at 0
2019-10-23 17:06:54,196 [8a447bde-5925-4537-9923-914d6124acc8@group-56EB858CD755-LeaderElection3] INFO  impl.RaftServerImpl (ServerState.java:setRaftConf(356)) - 8a447bde-5925-4537-9923-914d6124acc8@group-56EB858CD755: set configuration 0: [8a447bde-5925-4537-9923-914d6124acc8:192.168.157.242:44942], old=null at 0
2019-10-23 17:06:54,196 [a645e8ec-3812-4481-93f3-68221dd5a52f@group-2AD32FDB6C72-LeaderElection4] INFO  impl.RaftServerImpl (ServerState.java:setRaftConf(356)) - a645e8ec-3812-4481-93f3-68221dd5a52f@group-2AD32FDB6C72: set configuration 0: [a645e8ec-3812-4481-93f3-68221dd5a52f:192.168.157.242:42875], old=null at 0
2019-10-23 17:06:54,203 [Thread-205] INFO  impl.FollowerState (FollowerState.java:run(111)) - 8a447bde-5925-4537-9923-914d6124acc8@group-7447E9EF7D39-FollowerState: change to CANDIDATE, lastRpcTime:5127ms, electionTimeout:5127ms
2019-10-23 17:06:54,203 [Thread-205] INFO  impl.RoleInfo (RoleInfo.java:shutdownFollowerState(121)) - 8a447bde-5925-4537-9923-914d6124acc8: shutdown FollowerState
2019-10-23 17:06:54,203 [Thread-205] INFO  impl.RaftServerImpl (RaftServerImpl.java:setRole(173)) - 8a447bde-5925-4537-9923-914d6124acc8@group-7447E9EF7D39: changes role from  FOLLOWER to CANDIDATE at term 0 for changeToCandidate
2019-10-23 17:06:54,203 [Thread-205] INFO  impl.RoleInfo (RoleInfo.java:updateAndGet(143)) - 8a447bde-5925-4537-9923-914d6124acc8: start LeaderElection
2019-10-23 17:06:54,206 [a645e8ec-3812-4481-93f3-68221dd5a52f@group-7447E9EF7D39-LeaderElection5] INFO  impl.LeaderElection (LeaderElection.java:askForVotes(178)) - a645e8ec-3812-4481-93f3-68221dd5a52f@group-7447E9EF7D39-LeaderElection5: begin an election at term 1 for -1: [8a447bde-5925-4537-9923-914d6124acc8:192.168.157.242:44942, 53b51124-92ed-42d6-a80e-016fa59d7f2b:192.168.157.242:38291, a645e8ec-3812-4481-93f3-68221dd5a52f:192.168.157.242:42875], old=null
2019-10-23 17:06:54,218 [8a447bde-5925-4537-9923-914d6124acc8@group-7447E9EF7D39-LeaderElection6] INFO  impl.LeaderElection (LeaderElection.java:askForVotes(178)) - 8a447bde-5925-4537-9923-914d6124acc8@group-7447E9EF7D39-LeaderElection6: begin an election at term 1 for -1: [8a447bde-5925-4537-9923-914d6124acc8:192.168.157.242:44942, 53b51124-92ed-42d6-a80e-016fa59d7f2b:192.168.157.242:38291, a645e8ec-3812-4481-93f3-68221dd5a52f:192.168.157.242:42875], old=null
2019-10-23 17:06:54,440 [53b51124-92ed-42d6-a80e-016fa59d7f2b@group-CA89BA60A746-SegmentedRaftLogWorker] INFO  segmented.SegmentedRaftLogWorker (SegmentedRaftLogWorker.java:execute(576)) - 53b51124-92ed-42d6-a80e-016fa59d7f2b@group-CA89BA60A746-SegmentedRaftLogWorker: created new log segment /workdir/hadoop-ozone/integration-test/target/test-dir/MiniOzoneClusterImpl-0a691748-4d5e-4935-afbc-7b96fd7c8770/datanode-2/data/ratis/5baf0f36-61d6-46e6-a14d-ca89ba60a746/current/log_inprogress_0
2019-10-23 17:06:54,440 [a645e8ec-3812-4481-93f3-68221dd5a52f@group-2AD32FDB6C72-SegmentedRaftLogWorker] INFO  segmented.SegmentedRaftLogWorker (SegmentedRaftLogWorker.java:execute(576)) - a645e8ec-3812-4481-93f3-68221dd5a52f@group-2AD32FDB6C72-SegmentedRaftLogWorker: created new log segment /workdir/hadoop-ozone/integration-test/target/test-dir/MiniOzoneClusterImpl-0a691748-4d5e-4935-afbc-7b96fd7c8770/datanode-0/data/ratis/86ee2682-0db8-4d97-82d2-2ad32fdb6c72/current/log_inprogress_0
2019-10-23 17:06:54,440 [8a447bde-5925-4537-9923-914d6124acc8@group-56EB858CD755-SegmentedRaftLogWorker] INFO  segmented.SegmentedRaftLogWorker (SegmentedRaftLogWorker.java:execute(576)) - 8a447bde-5925-4537-9923-914d6124acc8@group-56EB858CD755-SegmentedRaftLogWorker: created new log segment /workdir/hadoop-ozone/integration-test/target/test-dir/MiniOzoneClusterImpl-0a691748-4d5e-4935-afbc-7b96fd7c8770/datanode-1/data/ratis/4611f381-d1e9-4b9e-8921-56eb858cd755/current/log_inprogress_0
2019-10-23 17:06:54,514 [8a447bde-5925-4537-9923-914d6124acc8@group-7447E9EF7D39-LeaderElection6] INFO  impl.LeaderElection (LeaderElection.java:logAndReturn(56)) - 8a447bde-5925-4537-9923-914d6124acc8@group-7447E9EF7D39-LeaderElection6: Election REJECTED; received 2 response(s) [8a447bde-5925-4537-9923-914d6124acc8<-53b51124-92ed-42d6-a80e-016fa59d7f2b#0:FAIL-t1, 8a447bde-5925-4537-9923-914d6124acc8<-a645e8ec-3812-4481-93f3-68221dd5a52f#0:FAIL-t1] and 0 exception(s); 8a447bde-5925-4537-9923-914d6124acc8@group-7447E9EF7D39:t1, leader=null, voted=8a447bde-5925-4537-9923-914d6124acc8, raftlog=8a447bde-5925-4537-9923-914d6124acc8@group-7447E9EF7D39-SegmentedRaftLog:OPENED:c-1,f-1,i0, conf=-1: [8a447bde-5925-4537-9923-914d6124acc8:192.168.157.242:44942, 53b51124-92ed-42d6-a80e-016fa59d7f2b:192.168.157.242:38291, a645e8ec-3812-4481-93f3-68221dd5a52f:192.168.157.242:42875], old=null
2019-10-23 17:06:54,514 [53b51124-92ed-42d6-a80e-016fa59d7f2b@group-7447E9EF7D39-LeaderElection1] INFO  impl.LeaderElection (LeaderElection.java:logAndReturn(56)) - 53b51124-92ed-42d6-a80e-016fa59d7f2b@group-7447E9EF7D39-LeaderElection1: Election REJECTED; received 2 response(s) [53b51124-92ed-42d6-a80e-016fa59d7f2b<-8a447bde-5925-4537-9923-914d6124acc8#0:FAIL-t1, 53b51124-92ed-42d6-a80e-016fa59d7f2b<-a645e8ec-3812-4481-93f3-68221dd5a52f#0:FAIL-t1] and 0 exception(s); 53b51124-92ed-42d6-a80e-016fa59d7f2b@group-7447E9EF7D39:t1, leader=null, voted=53b51124-92ed-42d6-a80e-016fa59d7f2b, raftlog=53b51124-92ed-42d6-a80e-016fa59d7f2b@group-7447E9EF7D39-SegmentedRaftLog:OPENED:c-1,f-1,i0, conf=-1: [8a447bde-5925-4537-9923-914d6124acc8:192.168.157.242:44942, 53b51124-92ed-42d6-a80e-016fa59d7f2b:192.168.157.242:38291, a645e8ec-3812-4481-93f3-68221dd5a52f:192.168.157.242:42875], old=null
2019-10-23 17:06:54,514 [a645e8ec-3812-4481-93f3-68221dd5a52f@group-7447E9EF7D39-LeaderElection5] INFO  impl.LeaderElection (LeaderElection.java:logAndReturn(56)) - a645e8ec-3812-4481-93f3-68221dd5a52f@group-7447E9EF7D39-LeaderElection5: Election REJECTED; received 2 response(s) [a645e8ec-3812-4481-93f3-68221dd5a52f<-8a447bde-5925-4537-9923-914d6124acc8#0:FAIL-t1, a645e8ec-3812-4481-93f3-68221dd5a52f<-53b51124-92ed-42d6-a80e-016fa59d7f2b#0:FAIL-t1] and 0 exception(s); a645e8ec-3812-4481-93f3-68221dd5a52f@group-7447E9EF7D39:t1, leader=null, voted=a645e8ec-3812-4481-93f3-68221dd5a52f, raftlog=a645e8ec-3812-4481-93f3-68221dd5a52f@group-7447E9EF7D39-SegmentedRaftLog:OPENED:c-1,f-1,i0, conf=-1: [8a447bde-5925-4537-9923-914d6124acc8:192.168.157.242:44942, 53b51124-92ed-42d6-a80e-016fa59d7f2b:192.168.157.242:38291, a645e8ec-3812-4481-93f3-68221dd5a52f:192.168.157.242:42875], old=null
2019-10-23 17:06:54,516 [8a447bde-5925-4537-9923-914d6124acc8@group-7447E9EF7D39-LeaderElection6] INFO  impl.RaftServerImpl (RaftServerImpl.java:setRole(173)) - 8a447bde-5925-4537-9923-914d6124acc8@group-7447E9EF7D39: changes role from CANDIDATE to FOLLOWER at term 1 for DISCOVERED_A_NEW_TERM
2019-10-23 17:06:54,516 [a645e8ec-3812-4481-93f3-68221dd5a52f@group-7447E9EF7D39-LeaderElection5] INFO  impl.RaftServerImpl (RaftServerImpl.java:setRole(173)) - a645e8ec-3812-4481-93f3-68221dd5a52f@group-7447E9EF7D39: changes role from CANDIDATE to FOLLOWER at term 1 for DISCOVERED_A_NEW_TERM
2019-10-23 17:06:54,519 [53b51124-92ed-42d6-a80e-016fa59d7f2b@group-7447E9EF7D39-LeaderElection1] INFO  impl.RaftServerImpl (RaftServerImpl.java:setRole(173)) - 53b51124-92ed-42d6-a80e-016fa59d7f2b@group-7447E9EF7D39: changes role from CANDIDATE to FOLLOWER at term 1 for DISCOVERED_A_NEW_TERM
2019-10-23 17:06:54,520 [a645e8ec-3812-4481-93f3-68221dd5a52f@group-7447E9EF7D39-LeaderElection5] INFO  impl.RoleInfo (RoleInfo.java:shutdownLeaderElection(134)) - a645e8ec-3812-4481-93f3-68221dd5a52f: shutdown LeaderElection
2019-10-23 17:06:54,520 [8a447bde-5925-4537-9923-914d6124acc8@group-7447E9EF7D39-LeaderElection6] INFO  impl.RoleInfo (RoleInfo.java:shutdownLeaderElection(134)) - 8a447bde-5925-4537-9923-914d6124acc8: shutdown LeaderElection
2019-10-23 17:06:54,520 [53b51124-92ed-42d6-a80e-016fa59d7f2b@group-7447E9EF7D39-LeaderElection1] INFO  impl.RoleInfo (RoleInfo.java:shutdownLeaderElection(134)) - 53b51124-92ed-42d6-a80e-016fa59d7f2b: shutdown LeaderElection
2019-10-23 17:06:54,521 [8a447bde-5925-4537-9923-914d6124acc8@group-7447E9EF7D39-LeaderElection6] INFO  impl.RoleInfo (RoleInfo.java:updateAndGet(143)) - 8a447bde-5925-4537-9923-914d6124acc8: start FollowerState
2019-10-23 17:06:54,521 [a645e8ec-3812-4481-93f3-68221dd5a52f@group-7447E9EF7D39-LeaderElection5] INFO  impl.RoleInfo (RoleInfo.java:updateAndGet(143)) - a645e8ec-3812-4481-93f3-68221dd5a52f: start FollowerState
2019-10-23 17:06:54,521 [53b51124-92ed-42d6-a80e-016fa59d7f2b@group-7447E9EF7D39-LeaderElection1] INFO  impl.RoleInfo (RoleInfo.java:updateAndGet(143)) - 53b51124-92ed-42d6-a80e-016fa59d7f2b: start FollowerState
2019-10-23 17:06:55,035 [EventQueue-OpenPipelineForOneReplicaPipelineSafeModeRule] INFO  safemode.SCMSafeModeManager (SCMSafeModeManager.java:exitSafeMode(211)) - SCM exiting safe mode.
2019-10-23 17:06:55,039 [Thread-217] INFO  container.ReplicationManager (ReplicationManager.java:start(162)) - Starting Replication Monitor Thread.
2019-10-23 17:06:55,046 [ReplicationMonitor] INFO  container.ReplicationManager (ReplicationManager.java:run(225)) - Replication Monitor Thread took 5 milliseconds for processing 1 containers.
2019-10-23 17:06:58,036 [Thread-243] INFO  container.ReplicationManager (ReplicationManager.java:start(169)) - Replication Monitor Thread is already running.
2019-10-23 17:06:59,575 [Thread-240] INFO  impl.FollowerState (FollowerState.java:run(111)) - 8a447bde-5925-4537-9923-914d6124acc8@group-7447E9EF7D39-FollowerState: change to CANDIDATE, lastRpcTime:5054ms, electionTimeout:5054ms
2019-10-23 17:06:59,575 [Thread-240] INFO  impl.RoleInfo (RoleInfo.java:shutdownFollowerState(121)) - 8a447bde-5925-4537-9923-914d6124acc8: shutdown FollowerState
2019-10-23 17:06:59,576 [Thread-240] INFO  impl.RaftServerImpl (RaftServerImpl.java:setRole(173)) - 8a447bde-5925-4537-9923-914d6124acc8@group-7447E9EF7D39: changes role from  FOLLOWER to CANDIDATE at term 1 for changeToCandidate
2019-10-23 17:06:59,576 [Thread-240] INFO  impl.RoleInfo (RoleInfo.java:updateAndGet(143)) - 8a447bde-5925-4537-9923-914d6124acc8: start LeaderElection
2019-10-23 17:06:59,593 [8a447bde-5925-4537-9923-914d6124acc8@group-7447E9EF7D39-LeaderElection7] INFO  impl.LeaderElection (LeaderElection.java:askForVotes(178)) - 8a447bde-5925-4537-9923-914d6124acc8@group-7447E9EF7D39-LeaderElection7: begin an election at term 2 for -1: [8a447bde-5925-4537-9923-914d6124acc8:192.168.157.242:44942, 53b51124-92ed-42d6-a80e-016fa59d7f2b:192.168.157.242:38291, a645e8ec-3812-4481-93f3-68221dd5a52f:192.168.157.242:42875], old=null
2019-10-23 17:06:59,598 [Thread-239] INFO  impl.FollowerState (FollowerState.java:run(111)) - a645e8ec-3812-4481-93f3-68221dd5a52f@group-7447E9EF7D39-FollowerState: change to CANDIDATE, lastRpcTime:5078ms, electionTimeout:5076ms
2019-10-23 17:06:59,598 [Thread-239] INFO  impl.RoleInfo (RoleInfo.java:shutdownFollowerState(121)) - a645e8ec-3812-4481-93f3-68221dd5a52f: shutdown FollowerState
2019-10-23 17:06:59,599 [Thread-239] INFO  impl.RaftServerImpl (RaftServerImpl.java:setRole(173)) - a645e8ec-3812-4481-93f3-68221dd5a52f@group-7447E9EF7D39: changes role from  FOLLOWER to CANDIDATE at term 1 for changeToCandidate
2019-10-23 17:06:59,600 [Thread-239] INFO  impl.RoleInfo (RoleInfo.java:updateAndGet(143)) - a645e8ec-3812-4481-93f3-68221dd5a52f: start LeaderElection
2019-10-23 17:06:59,601 [grpc-default-executor-5] INFO  impl.RaftServerImpl (RaftServerImpl.java:setRole(173)) - a645e8ec-3812-4481-93f3-68221dd5a52f@group-7447E9EF7D39: changes role from CANDIDATE to FOLLOWER at term 2 for recognizeCandidate:8a447bde-5925-4537-9923-914d6124acc8
2019-10-23 17:06:59,601 [grpc-default-executor-1] INFO  impl.RaftServerImpl (RaftServerImpl.java:setRole(173)) - 53b51124-92ed-42d6-a80e-016fa59d7f2b@group-7447E9EF7D39: changes role from  FOLLOWER to FOLLOWER at term 2 for recognizeCandidate:8a447bde-5925-4537-9923-914d6124acc8
2019-10-23 17:06:59,601 [grpc-default-executor-5] INFO  impl.RoleInfo (RoleInfo.java:shutdownLeaderElection(134)) - a645e8ec-3812-4481-93f3-68221dd5a52f: shutdown LeaderElection
2019-10-23 17:06:59,601 [grpc-default-executor-1] INFO  impl.RoleInfo (RoleInfo.java:shutdownFollowerState(121)) - 53b51124-92ed-42d6-a80e-016fa59d7f2b: shutdown FollowerState
2019-10-23 17:06:59,602 [grpc-default-executor-5] INFO  impl.RoleInfo (RoleInfo.java:updateAndGet(143)) - a645e8ec-3812-4481-93f3-68221dd5a52f: start FollowerState
2019-10-23 17:06:59,602 [grpc-default-executor-1] INFO  impl.RoleInfo (RoleInfo.java:updateAndGet(143)) - 53b51124-92ed-42d6-a80e-016fa59d7f2b: start FollowerState
2019-10-23 17:06:59,602 [Thread-241] INFO  impl.FollowerState (FollowerState.java:run(120)) - 53b51124-92ed-42d6-a80e-016fa59d7f2b@group-7447E9EF7D39-FollowerState was interrupted: java.lang.InterruptedException: sleep interrupted
2019-10-23 17:06:59,624 [8a447bde-5925-4537-9923-914d6124acc8@group-7447E9EF7D39-LeaderElection7] INFO  impl.LeaderElection (LeaderElection.java:logAndReturn(56)) - 8a447bde-5925-4537-9923-914d6124acc8@group-7447E9EF7D39-LeaderElection7: Election PASSED; received 2 response(s) [8a447bde-5925-4537-9923-914d6124acc8<-53b51124-92ed-42d6-a80e-016fa59d7f2b#0:OK-t2, 8a447bde-5925-4537-9923-914d6124acc8<-a645e8ec-3812-4481-93f3-68221dd5a52f#0:FAIL-t2] and 0 exception(s); 8a447bde-5925-4537-9923-914d6124acc8@group-7447E9EF7D39:t2, leader=null, voted=8a447bde-5925-4537-9923-914d6124acc8, raftlog=8a447bde-5925-4537-9923-914d6124acc8@group-7447E9EF7D39-SegmentedRaftLog:OPENED:c-1,f-1,i0, conf=-1: [8a447bde-5925-4537-9923-914d6124acc8:192.168.157.242:44942, 53b51124-92ed-42d6-a80e-016fa59d7f2b:192.168.157.242:38291, a645e8ec-3812-4481-93f3-68221dd5a52f:192.168.157.242:42875], old=null
2019-10-23 17:06:59,624 [8a447bde-5925-4537-9923-914d6124acc8@group-7447E9EF7D39-LeaderElection7] INFO  impl.RoleInfo (RoleInfo.java:shutdownLeaderElection(134)) - 8a447bde-5925-4537-9923-914d6124acc8: shutdown LeaderElection
2019-10-23 17:06:59,626 [8a447bde-5925-4537-9923-914d6124acc8@group-7447E9EF7D39-LeaderElection7] INFO  impl.RaftServerImpl (RaftServerImpl.java:setRole(173)) - 8a447bde-5925-4537-9923-914d6124acc8@group-7447E9EF7D39: changes role from CANDIDATE to LEADER at term 2 for changeToLeader
2019-10-23 17:06:59,626 [8a447bde-5925-4537-9923-914d6124acc8@group-7447E9EF7D39-LeaderElection7] INFO  impl.RaftServerImpl (ServerState.java:setLeader(255)) - 8a447bde-5925-4537-9923-914d6124acc8@group-7447E9EF7D39: change Leader from null to 8a447bde-5925-4537-9923-914d6124acc8 at term 2 for becomeLeader, leader elected after 10563ms
2019-10-23 17:06:59,626 [8a447bde-5925-4537-9923-914d6124acc8@group-7447E9EF7D39-LeaderElection7] INFO  server.RaftServerConfigKeys (ConfUtils.java:logGet(43)) - raft.server.staging.catchup.gap = 1000 (default)
2019-10-23 17:06:59,626 [8a447bde-5925-4537-9923-914d6124acc8@group-7447E9EF7D39-LeaderElection7] INFO  server.RaftServerConfigKeys (ConfUtils.java:logGet(43)) - raft.server.rpc.sleep.time = 25ms (default)
2019-10-23 17:06:59,626 [8a447bde-5925-4537-9923-914d6124acc8@group-7447E9EF7D39-LeaderElection7] INFO  server.RaftServerConfigKeys (ConfUtils.java:logGet(43)) - raft.server.write.element-limit = 4096 (default)
2019-10-23 17:06:59,627 [8a447bde-5925-4537-9923-914d6124acc8@group-7447E9EF7D39-LeaderElection7] INFO  server.RaftServerConfigKeys (ConfUtils.java:logGet(43)) - raft.server.watch.timeout = 10s (default)
2019-10-23 17:06:59,627 [8a447bde-5925-4537-9923-914d6124acc8@group-7447E9EF7D39-LeaderElection7] INFO  server.RaftServerConfigKeys (ConfUtils.java:logGet(43)) - raft.server.watch.timeout.denomination = 1s (default)
2019-10-23 17:06:59,627 [8a447bde-5925-4537-9923-914d6124acc8@group-7447E9EF7D39-LeaderElection7] INFO  server.RaftServerConfigKeys (ConfUtils.java:logGet(43)) - raft.server.watch.element-limit = 65536 (default)
2019-10-23 17:06:59,629 [a645e8ec-3812-4481-93f3-68221dd5a52f@group-7447E9EF7D39-LeaderElection8] INFO  impl.LeaderElection (LeaderElection.java:askForVotes(178)) - a645e8ec-3812-4481-93f3-68221dd5a52f@group-7447E9EF7D39-LeaderElection8: begin an election at term 3 for -1: [8a447bde-5925-4537-9923-914d6124acc8:192.168.157.242:44942, 53b51124-92ed-42d6-a80e-016fa59d7f2b:192.168.157.242:38291, a645e8ec-3812-4481-93f3-68221dd5a52f:192.168.157.242:42875], old=null
2019-10-23 17:06:59,631 [a645e8ec-3812-4481-93f3-68221dd5a52f@group-7447E9EF7D39-LeaderElection8] INFO  impl.LeaderElection (LeaderElection.java:logAndReturn(56)) - a645e8ec-3812-4481-93f3-68221dd5a52f@group-7447E9EF7D39-LeaderElection8: Election REJECTED; received 0 response(s) [] and 0 exception(s); a645e8ec-3812-4481-93f3-68221dd5a52f@group-7447E9EF7D39:t3, leader=null, voted=a645e8ec-3812-4481-93f3-68221dd5a52f, raftlog=a645e8ec-3812-4481-93f3-68221dd5a52f@group-7447E9EF7D39-SegmentedRaftLog:OPENED:c-1,f-1,i0, conf=-1: [8a447bde-5925-4537-9923-914d6124acc8:192.168.157.242:44942, 53b51124-92ed-42d6-a80e-016fa59d7f2b:192.168.157.242:38291, a645e8ec-3812-4481-93f3-68221dd5a52f:192.168.157.242:42875], old=null
2019-10-23 17:06:59,634 [8a447bde-5925-4537-9923-914d6124acc8@group-7447E9EF7D39-LeaderElection7] INFO  server.RaftServerConfigKeys (ConfUtils.java:logGet(43)) - raft.server.log.appender.snapshot.chunk.size.max = 16MB (=16777216) (default)
2019-10-23 17:06:59,634 [8a447bde-5925-4537-9923-914d6124acc8@group-7447E9EF7D39-LeaderElection7] INFO  server.RaftServerConfigKeys (ConfUtils.java:logGet(43)) - raft.server.log.appender.buffer.byte-limit = 33554432 (custom)
2019-10-23 17:06:59,635 [8a447bde-5925-4537-9923-914d6124acc8@group-7447E9EF7D39-LeaderElection7] INFO  server.RaftServerConfigKeys (ConfUtils.java:logGet(43)) - raft.server.log.appender.buffer.element-limit = 1 (custom)
2019-10-23 17:06:59,638 [grpc-default-executor-5] INFO  impl.RaftServerImpl (RaftServerImpl.java:setRole(173)) - 53b51124-92ed-42d6-a80e-016fa59d7f2b@group-7447E9EF7D39: changes role from  FOLLOWER to FOLLOWER at term 3 for recognizeCandidate:a645e8ec-3812-4481-93f3-68221dd5a52f
2019-10-23 17:06:59,639 [grpc-default-executor-5] INFO  impl.RoleInfo (RoleInfo.java:shutdownFollowerState(121)) - 53b51124-92ed-42d6-a80e-016fa59d7f2b: shutdown FollowerState
2019-10-23 17:06:59,639 [Thread-258] INFO  impl.FollowerState (FollowerState.java:run(120)) - 53b51124-92ed-42d6-a80e-016fa59d7f2b@group-7447E9EF7D39-FollowerState was interrupted: java.lang.InterruptedException: sleep interrupted
2019-10-23 17:06:59,639 [grpc-default-executor-5] INFO  impl.RoleInfo (RoleInfo.java:updateAndGet(143)) - 53b51124-92ed-42d6-a80e-016fa59d7f2b: start FollowerState
2019-10-23 17:06:59,643 [8a447bde-5925-4537-9923-914d6124acc8@group-7447E9EF7D39-LeaderElection7] INFO  grpc.GrpcConfigKeys$Server (ConfUtils.java:logGet(43)) - raft.grpc.server.leader.outstanding.appends.max = 128 (default)
2019-10-23 17:06:59,643 [8a447bde-5925-4537-9923-914d6124acc8@group-7447E9EF7D39-LeaderElection7] INFO  server.RaftServerConfigKeys (ConfUtils.java:logGet(43)) - raft.server.rpc.request.timeout = 3000ms (default)
2019-10-23 17:06:59,643 [8a447bde-5925-4537-9923-914d6124acc8@group-7447E9EF7D39-LeaderElection7] INFO  server.RaftServerConfigKeys (ConfUtils.java:logGet(43)) - raft.server.log.appender.install.snapshot.enabled = false (custom)
2019-10-23 17:06:59,645 [8a447bde-5925-4537-9923-914d6124acc8@group-7447E9EF7D39-LeaderElection7] WARN  impl.MetricRegistriesImpl (MetricRegistriesImpl.java:lambda$create$1(61)) - First MetricRegistry has been created without registering reporters. You may need to call MetricRegistries.global().addReportRegistration(...) before.
2019-10-23 17:06:59,646 [8a447bde-5925-4537-9923-914d6124acc8@group-7447E9EF7D39-LeaderElection7] INFO  server.RaftServerConfigKeys (ConfUtils.java:logGet(43)) - raft.server.log.appender.snapshot.chunk.size.max = 16MB (=16777216) (default)
2019-10-23 17:06:59,647 [8a447bde-5925-4537-9923-914d6124acc8@group-7447E9EF7D39-LeaderElection7] INFO  server.RaftServerConfigKeys (ConfUtils.java:logGet(43)) - raft.server.log.appender.buffer.byte-limit = 33554432 (custom)
2019-10-23 17:06:59,647 [8a447bde-5925-4537-9923-914d6124acc8@group-7447E9EF7D39-LeaderElection7] INFO  server.RaftServerConfigKeys (ConfUtils.java:logGet(43)) - raft.server.log.appender.buffer.element-limit = 1 (custom)
2019-10-23 17:06:59,647 [8a447bde-5925-4537-9923-914d6124acc8@group-7447E9EF7D39-LeaderElection7] INFO  grpc.GrpcConfigKeys$Server (ConfUtils.java:logGet(43)) - raft.grpc.server.leader.outstanding.appends.max = 128 (default)
2019-10-23 17:06:59,648 [8a447bde-5925-4537-9923-914d6124acc8@group-7447E9EF7D39-LeaderElection7] INFO  server.RaftServerConfigKeys (ConfUtils.java:logGet(43)) - raft.server.rpc.request.timeout = 3000ms (default)
2019-10-23 17:06:59,648 [8a447bde-5925-4537-9923-914d6124acc8@group-7447E9EF7D39-LeaderElection7] INFO  server.RaftServerConfigKeys (ConfUtils.java:logGet(43)) - raft.server.log.appender.install.snapshot.enabled = false (custom)
2019-10-23 17:06:59,650 [8a447bde-5925-4537-9923-914d6124acc8@group-7447E9EF7D39-LeaderElection7] INFO  impl.RoleInfo (RoleInfo.java:updateAndGet(143)) - 8a447bde-5925-4537-9923-914d6124acc8: start LeaderState
2019-10-23 17:06:59,651 [8a447bde-5925-4537-9923-914d6124acc8@group-7447E9EF7D39-LeaderElection7] INFO  segmented.SegmentedRaftLogWorker (SegmentedRaftLogWorker.java:startLogSegment(385)) - 8a447bde-5925-4537-9923-914d6124acc8@group-7447E9EF7D39-SegmentedRaftLogWorker: Starting segment from index:0
2019-10-23 17:06:59,652 [8a447bde-5925-4537-9923-914d6124acc8@group-7447E9EF7D39-LeaderElection7] INFO  impl.RaftServerImpl (ServerState.java:setRaftConf(356)) - 8a447bde-5925-4537-9923-914d6124acc8@group-7447E9EF7D39: set configuration 0: [8a447bde-5925-4537-9923-914d6124acc8:192.168.157.242:44942, 53b51124-92ed-42d6-a80e-016fa59d7f2b:192.168.157.242:38291, a645e8ec-3812-4481-93f3-68221dd5a52f:192.168.157.242:42875], old=null at 0
2019-10-23 17:06:59,652 [grpc-default-executor-1] INFO  impl.RaftServerImpl (ServerState.java:setLeader(255)) - 8a447bde-5925-4537-9923-914d6124acc8@group-7447E9EF7D39: change Leader from 8a447bde-5925-4537-9923-914d6124acc8 to null at term 3 for updateCurrentTerm
2019-10-23 17:06:59,652 [grpc-default-executor-1] INFO  impl.RaftServerImpl (RaftServerImpl.java:setRole(173)) - 8a447bde-5925-4537-9923-914d6124acc8@group-7447E9EF7D39: changes role from    LEADER to FOLLOWER at term 3 for recognizeCandidate:a645e8ec-3812-4481-93f3-68221dd5a52f
2019-10-23 17:06:59,652 [grpc-default-executor-1] INFO  impl.RoleInfo (RoleInfo.java:shutdownLeaderState(104)) - 8a447bde-5925-4537-9923-914d6124acc8: shutdown LeaderState
2019-10-23 17:06:59,688 [grpc-default-executor-1] INFO  impl.PendingRequests (PendingRequests.java:sendNotLeaderResponses(206)) - 8a447bde-5925-4537-9923-914d6124acc8@group-7447E9EF7D39-PendingRequests: sendNotLeaderResponses
2019-10-23 17:06:59,697 [8a447bde-5925-4537-9923-914d6124acc8@group-7447E9EF7D39-SegmentedRaftLogWorker] INFO  segmented.SegmentedRaftLogWorker (SegmentedRaftLogWorker.java:execute(576)) - 8a447bde-5925-4537-9923-914d6124acc8@group-7447E9EF7D39-SegmentedRaftLogWorker: created new log segment /workdir/hadoop-ozone/integration-test/target/test-dir/MiniOzoneClusterImpl-0a691748-4d5e-4935-afbc-7b96fd7c8770/datanode-1/data/ratis/eaf7b8d5-4c44-4730-931b-7447e9ef7d39/current/log_inprogress_0
2019-10-23 17:06:59,699 [grpc-default-executor-1] INFO  impl.RoleInfo (RoleInfo.java:updateAndGet(143)) - 8a447bde-5925-4537-9923-914d6124acc8: start FollowerState
2019-10-23 17:06:59,703 [org.apache.ratis.server.impl.LogAppender$AppenderDaemon$$Lambda$714/1546029069@4b56e5f2] WARN  server.GrpcLogAppender (GrpcLogAppender.java:mayWait(149)) - 8a447bde-5925-4537-9923-914d6124acc8@group-7447E9EF7D39->a645e8ec-3812-4481-93f3-68221dd5a52f-GrpcLogAppender: Wait interrupted by java.lang.InterruptedException
2019-10-23 17:06:59,703 [org.apache.ratis.server.impl.LogAppender$AppenderDaemon$$Lambda$714/1546029069@1a474a81] WARN  server.GrpcLogAppender (GrpcLogAppender.java:mayWait(149)) - 8a447bde-5925-4537-9923-914d6124acc8@group-7447E9EF7D39->53b51124-92ed-42d6-a80e-016fa59d7f2b-GrpcLogAppender: Wait interrupted by java.lang.InterruptedException
2019-10-23 17:06:59,709 [grpc-default-executor-5] INFO  server.GrpcServerProtocolService (GrpcServerProtocolService.java:onCompleted(113)) - a645e8ec-3812-4481-93f3-68221dd5a52f: Completed APPEND_ENTRIES, lastRequest: null
2019-10-23 17:06:59,709 [grpc-default-executor-3] INFO  server.GrpcServerProtocolService (GrpcServerProtocolService.java:onCompleted(113)) - 53b51124-92ed-42d6-a80e-016fa59d7f2b: Completed APPEND_ENTRIES, lastRequest: null
2019-10-23 17:06:59,711 [grpc-default-executor-3] INFO  server.GrpcLogAppender (GrpcLogAppender.java:onCompleted(308)) - 8a447bde-5925-4537-9923-914d6124acc8@group-7447E9EF7D39->a645e8ec-3812-4481-93f3-68221dd5a52f-AppendLogResponseHandler: follower responses appendEntries COMPLETED
2019-10-23 17:06:59,713 [grpc-default-executor-5] INFO  server.GrpcLogAppender (GrpcLogAppender.java:onCompleted(308)) - 8a447bde-5925-4537-9923-914d6124acc8@group-7447E9EF7D39->53b51124-92ed-42d6-a80e-016fa59d7f2b-AppendLogResponseHandler: follower responses appendEntries COMPLETED
2019-10-23 17:06:59,718 [grpc-default-executor-5] INFO  impl.FollowerInfo (FollowerInfo.java:lambda$new$0(51)) - 8a447bde-5925-4537-9923-914d6124acc8@group-7447E9EF7D39->53b51124-92ed-42d6-a80e-016fa59d7f2b: nextIndex: updateUnconditionally 0 -> 0
2019-10-23 17:06:59,718 [grpc-default-executor-3] INFO  impl.FollowerInfo (FollowerInfo.java:lambda$new$0(51)) - 8a447bde-5925-4537-9923-914d6124acc8@group-7447E9EF7D39->a645e8ec-3812-4481-93f3-68221dd5a52f: nextIndex: updateUnconditionally 0 -> 0
2019-10-23 17:07:04,715 [Thread-257] INFO  impl.FollowerState (FollowerState.java:run(111)) - a645e8ec-3812-4481-93f3-68221dd5a52f@group-7447E9EF7D39-FollowerState: change to CANDIDATE, lastRpcTime:5113ms, electionTimeout:5113ms
2019-10-23 17:07:04,716 [Thread-257] INFO  impl.RoleInfo (RoleInfo.java:shutdownFollowerState(121)) - a645e8ec-3812-4481-93f3-68221dd5a52f: shutdown FollowerState
2019-10-23 17:07:04,716 [Thread-257] INFO  impl.RaftServerImpl (RaftServerImpl.java:setRole(173)) - a645e8ec-3812-4481-93f3-68221dd5a52f@group-7447E9EF7D39: changes role from  FOLLOWER to CANDIDATE at term 3 for changeToCandidate
2019-10-23 17:07:04,716 [Thread-257] INFO  impl.RoleInfo (RoleInfo.java:updateAndGet(143)) - a645e8ec-3812-4481-93f3-68221dd5a52f: start LeaderElection
2019-10-23 17:07:04,733 [a645e8ec-3812-4481-93f3-68221dd5a52f@group-7447E9EF7D39-LeaderElection9] INFO  impl.LeaderElection (LeaderElection.java:askForVotes(178)) - a645e8ec-3812-4481-93f3-68221dd5a52f@group-7447E9EF7D39-LeaderElection9: begin an election at term 4 for -1: [8a447bde-5925-4537-9923-914d6124acc8:192.168.157.242:44942, 53b51124-92ed-42d6-a80e-016fa59d7f2b:192.168.157.242:38291, a645e8ec-3812-4481-93f3-68221dd5a52f:192.168.157.242:42875], old=null
2019-10-23 17:07:04,738 [grpc-default-executor-3] INFO  impl.RaftServerImpl (RaftServerImpl.java:setRole(173)) - 53b51124-92ed-42d6-a80e-016fa59d7f2b@group-7447E9EF7D39: changes role from  FOLLOWER to FOLLOWER at term 4 for recognizeCandidate:a645e8ec-3812-4481-93f3-68221dd5a52f
2019-10-23 17:07:04,738 [grpc-default-executor-3] INFO  impl.RoleInfo (RoleInfo.java:shutdownFollowerState(121)) - 53b51124-92ed-42d6-a80e-016fa59d7f2b: shutdown FollowerState
2019-10-23 17:07:04,739 [grpc-default-executor-3] INFO  impl.RoleInfo (RoleInfo.java:updateAndGet(143)) - 53b51124-92ed-42d6-a80e-016fa59d7f2b: start FollowerState
2019-10-23 17:07:04,739 [Thread-262] INFO  impl.FollowerState (FollowerState.java:run(120)) - 53b51124-92ed-42d6-a80e-016fa59d7f2b@group-7447E9EF7D39-FollowerState was interrupted: java.lang.InterruptedException: sleep interrupted
2019-10-23 17:07:04,741 [grpc-default-executor-5] INFO  impl.RaftServerImpl (RaftServerImpl.java:setRole(173)) - 8a447bde-5925-4537-9923-914d6124acc8@group-7447E9EF7D39: changes role from  FOLLOWER to FOLLOWER at term 4 for recognizeCandidate:a645e8ec-3812-4481-93f3-68221dd5a52f
2019-10-23 17:07:04,741 [grpc-default-executor-5] INFO  impl.RoleInfo (RoleInfo.java:shutdownFollowerState(121)) - 8a447bde-5925-4537-9923-914d6124acc8: shutdown FollowerState
2019-10-23 17:07:04,741 [grpc-default-executor-5] INFO  impl.RoleInfo (RoleInfo.java:updateAndGet(143)) - 8a447bde-5925-4537-9923-914d6124acc8: start FollowerState
2019-10-23 17:07:04,741 [Thread-267] INFO  impl.FollowerState (FollowerState.java:run(120)) - 8a447bde-5925-4537-9923-914d6124acc8@group-7447E9EF7D39-FollowerState was interrupted: java.lang.InterruptedException: sleep interrupted
2019-10-23 17:07:04,759 [a645e8ec-3812-4481-93f3-68221dd5a52f@group-7447E9EF7D39-LeaderElection9] INFO  impl.LeaderElection (LeaderElection.java:logAndReturn(56)) - a645e8ec-3812-4481-93f3-68221dd5a52f@group-7447E9EF7D39-LeaderElection9: Election PASSED; received 2 response(s) [a645e8ec-3812-4481-93f3-68221dd5a52f<-8a447bde-5925-4537-9923-914d6124acc8#0:FAIL-t4, a645e8ec-3812-4481-93f3-68221dd5a52f<-53b51124-92ed-42d6-a80e-016fa59d7f2b#0:OK-t4] and 0 exception(s); a645e8ec-3812-4481-93f3-68221dd5a52f@group-7447E9EF7D39:t4, leader=null, voted=a645e8ec-3812-4481-93f3-68221dd5a52f, raftlog=a645e8ec-3812-4481-93f3-68221dd5a52f@group-7447E9EF7D39-SegmentedRaftLog:OPENED:c-1,f-1,i0, conf=-1: [8a447bde-5925-4537-9923-914d6124acc8:192.168.157.242:44942, 53b51124-92ed-42d6-a80e-016fa59d7f2b:192.168.157.242:38291, a645e8ec-3812-4481-93f3-68221dd5a52f:192.168.157.242:42875], old=null
2019-10-23 17:07:04,760 [a645e8ec-3812-4481-93f3-68221dd5a52f@group-7447E9EF7D39-LeaderElection9] INFO  impl.RoleInfo (RoleInfo.java:shutdownLeaderElection(134)) - a645e8ec-3812-4481-93f3-68221dd5a52f: shutdown LeaderElection
2019-10-23 17:07:04,760 [a645e8ec-3812-4481-93f3-68221dd5a52f@group-7447E9EF7D39-LeaderElection9] INFO  impl.RaftServerImpl (RaftServerImpl.java:setRole(173)) - a645e8ec-3812-4481-93f3-68221dd5a52f@group-7447E9EF7D39: changes role from CANDIDATE to LEADER at term 4 for changeToLeader
2019-10-23 17:07:04,761 [a645e8ec-3812-4481-93f3-68221dd5a52f@group-7447E9EF7D39-LeaderElection9] INFO  impl.RaftServerImpl (ServerState.java:setLeader(255)) - a645e8ec-3812-4481-93f3-68221dd5a52f@group-7447E9EF7D39: change Leader from null to a645e8ec-3812-4481-93f3-68221dd5a52f at term 4 for becomeLeader, leader elected after 15698ms
2019-10-23 17:07:04,762 [a645e8ec-3812-4481-93f3-68221dd5a52f@group-7447E9EF7D39-LeaderElection9] INFO  server.RaftServerConfigKeys (ConfUtils.java:logGet(43)) - raft.server.staging.catchup.gap = 1000 (default)
2019-10-23 17:07:04,762 [a645e8ec-3812-4481-93f3-68221dd5a52f@group-7447E9EF7D39-LeaderElection9] INFO  server.RaftServerConfigKeys (ConfUtils.java:logGet(43)) - raft.server.rpc.sleep.time = 25ms (default)
2019-10-23 17:07:04,762 [a645e8ec-3812-4481-93f3-68221dd5a52f@group-7447E9EF7D39-LeaderElection9] INFO  server.RaftServerConfigKeys (ConfUtils.java:logGet(43)) - raft.server.write.element-limit = 4096 (default)
2019-10-23 17:07:04,762 [a645e8ec-3812-4481-93f3-68221dd5a52f@group-7447E9EF7D39-LeaderElection9] INFO  server.RaftServerConfigKeys (ConfUtils.java:logGet(43)) - raft.server.watch.timeout = 10s (default)
2019-10-23 17:07:04,762 [a645e8ec-3812-4481-93f3-68221dd5a52f@group-7447E9EF7D39-LeaderElection9] INFO  server.RaftServerConfigKeys (ConfUtils.java:logGet(43)) - raft.server.watch.timeout.denomination = 1s (default)
2019-10-23 17:07:04,763 [a645e8ec-3812-4481-93f3-68221dd5a52f@group-7447E9EF7D39-LeaderElection9] INFO  server.RaftServerConfigKeys (ConfUtils.java:logGet(43)) - raft.server.watch.element-limit = 65536 (default)
2019-10-23 17:07:04,763 [a645e8ec-3812-4481-93f3-68221dd5a52f@group-7447E9EF7D39-LeaderElection9] INFO  server.RaftServerConfigKeys (ConfUtils.java:logGet(43)) - raft.server.log.appender.snapshot.chunk.size.max = 16MB (=16777216) (default)
2019-10-23 17:07:04,763 [a645e8ec-3812-4481-93f3-68221dd5a52f@group-7447E9EF7D39-LeaderElection9] INFO  server.RaftServerConfigKeys (ConfUtils.java:logGet(43)) - raft.server.log.appender.buffer.byte-limit = 33554432 (custom)
2019-10-23 17:07:04,763 [a645e8ec-3812-4481-93f3-68221dd5a52f@group-7447E9EF7D39-LeaderElection9] INFO  server.RaftServerConfigKeys (ConfUtils.java:logGet(43)) - raft.server.log.appender.buffer.element-limit = 1 (custom)
2019-10-23 17:07:04,763 [a645e8ec-3812-4481-93f3-68221dd5a52f@group-7447E9EF7D39-LeaderElection9] INFO  grpc.GrpcConfigKeys$Server (ConfUtils.java:logGet(43)) - raft.grpc.server.leader.outstanding.appends.max = 128 (default)
2019-10-23 17:07:04,764 [a645e8ec-3812-4481-93f3-68221dd5a52f@group-7447E9EF7D39-LeaderElection9] INFO  server.RaftServerConfigKeys (ConfUtils.java:logGet(43)) - raft.server.rpc.request.timeout = 3000ms (default)
2019-10-23 17:07:04,765 [a645e8ec-3812-4481-93f3-68221dd5a52f@group-7447E9EF7D39-LeaderElection9] INFO  server.RaftServerConfigKeys (ConfUtils.java:logGet(43)) - raft.server.log.appender.install.snapshot.enabled = false (custom)
2019-10-23 17:07:04,765 [a645e8ec-3812-4481-93f3-68221dd5a52f@group-7447E9EF7D39-LeaderElection9] WARN  impl.MetricRegistriesImpl (MetricRegistriesImpl.java:lambda$create$1(61)) - First MetricRegistry has been created without registering reporters. You may need to call MetricRegistries.global().addReportRegistration(...) before.
2019-10-23 17:07:04,765 [a645e8ec-3812-4481-93f3-68221dd5a52f@group-7447E9EF7D39-LeaderElection9] INFO  server.RaftServerConfigKeys (ConfUtils.java:logGet(43)) - raft.server.log.appender.snapshot.chunk.size.max = 16MB (=16777216) (default)
2019-10-23 17:07:04,765 [a645e8ec-3812-4481-93f3-68221dd5a52f@group-7447E9EF7D39-LeaderElection9] INFO  server.RaftServerConfigKeys (ConfUtils.java:logGet(43)) - raft.server.log.appender.buffer.byte-limit = 33554432 (custom)
2019-10-23 17:07:04,765 [a645e8ec-3812-4481-93f3-68221dd5a52f@group-7447E9EF7D39-LeaderElection9] INFO  server.RaftServerConfigKeys (ConfUtils.java:logGet(43)) - raft.server.log.appender.buffer.element-limit = 1 (custom)
2019-10-23 17:07:04,766 [a645e8ec-3812-4481-93f3-68221dd5a52f@group-7447E9EF7D39-LeaderElection9] INFO  grpc.GrpcConfigKeys$Server (ConfUtils.java:logGet(43)) - raft.grpc.server.leader.outstanding.appends.max = 128 (default)
2019-10-23 17:07:04,766 [a645e8ec-3812-4481-93f3-68221dd5a52f@group-7447E9EF7D39-LeaderElection9] INFO  server.RaftServerConfigKeys (ConfUtils.java:logGet(43)) - raft.server.rpc.request.timeout = 3000ms (default)
2019-10-23 17:07:04,766 [a645e8ec-3812-4481-93f3-68221dd5a52f@group-7447E9EF7D39-LeaderElection9] INFO  server.RaftServerConfigKeys (ConfUtils.java:logGet(43)) - raft.server.log.appender.install.snapshot.enabled = false (custom)
2019-10-23 17:07:04,766 [a645e8ec-3812-4481-93f3-68221dd5a52f@group-7447E9EF7D39-LeaderElection9] INFO  impl.RoleInfo (RoleInfo.java:updateAndGet(143)) - a645e8ec-3812-4481-93f3-68221dd5a52f: start LeaderState
2019-10-23 17:07:04,766 [a645e8ec-3812-4481-93f3-68221dd5a52f@group-7447E9EF7D39-LeaderElection9] INFO  segmented.SegmentedRaftLogWorker (SegmentedRaftLogWorker.java:startLogSegment(385)) - a645e8ec-3812-4481-93f3-68221dd5a52f@group-7447E9EF7D39-SegmentedRaftLogWorker: Starting segment from index:0
2019-10-23 17:07:04,767 [a645e8ec-3812-4481-93f3-68221dd5a52f@group-7447E9EF7D39-LeaderElection9] INFO  impl.RaftServerImpl (ServerState.java:setRaftConf(356)) - a645e8ec-3812-4481-93f3-68221dd5a52f@group-7447E9EF7D39: set configuration 0: [8a447bde-5925-4537-9923-914d6124acc8:192.168.157.242:44942, 53b51124-92ed-42d6-a80e-016fa59d7f2b:192.168.157.242:38291, a645e8ec-3812-4481-93f3-68221dd5a52f:192.168.157.242:42875], old=null at 0
2019-10-23 17:07:04,814 [a645e8ec-3812-4481-93f3-68221dd5a52f@group-7447E9EF7D39-SegmentedRaftLogWorker] INFO  segmented.SegmentedRaftLogWorker (SegmentedRaftLogWorker.java:execute(576)) - a645e8ec-3812-4481-93f3-68221dd5a52f@group-7447E9EF7D39-SegmentedRaftLogWorker: created new log segment /workdir/hadoop-ozone/integration-test/target/test-dir/MiniOzoneClusterImpl-0a691748-4d5e-4935-afbc-7b96fd7c8770/datanode-0/data/ratis/eaf7b8d5-4c44-4730-931b-7447e9ef7d39/current/log_inprogress_0
2019-10-23 17:07:04,818 [grpc-default-executor-3] INFO  impl.RaftServerImpl (ServerState.java:setLeader(255)) - 53b51124-92ed-42d6-a80e-016fa59d7f2b@group-7447E9EF7D39: change Leader from null to a645e8ec-3812-4481-93f3-68221dd5a52f at term 4 for appendEntries, leader elected after 15754ms
2019-10-23 17:07:04,818 [grpc-default-executor-5] INFO  impl.RaftServerImpl (ServerState.java:setLeader(255)) - 8a447bde-5925-4537-9923-914d6124acc8@group-7447E9EF7D39: change Leader from null to a645e8ec-3812-4481-93f3-68221dd5a52f at term 4 for appendEntries, leader elected after 5165ms
2019-10-23 17:07:04,854 [grpc-default-executor-5] INFO  impl.RaftServerImpl (ServerState.java:setRaftConf(356)) - 8a447bde-5925-4537-9923-914d6124acc8@group-7447E9EF7D39: set configuration 0: [8a447bde-5925-4537-9923-914d6124acc8:192.168.157.242:44942, 53b51124-92ed-42d6-a80e-016fa59d7f2b:192.168.157.242:38291, a645e8ec-3812-4481-93f3-68221dd5a52f:192.168.157.242:42875], old=null at 0
2019-10-23 17:07:04,854 [grpc-default-executor-1] INFO  impl.RaftServerImpl (ServerState.java:setRaftConf(356)) - 53b51124-92ed-42d6-a80e-016fa59d7f2b@group-7447E9EF7D39: set configuration 0: [8a447bde-5925-4537-9923-914d6124acc8:192.168.157.242:44942, 53b51124-92ed-42d6-a80e-016fa59d7f2b:192.168.157.242:38291, a645e8ec-3812-4481-93f3-68221dd5a52f:192.168.157.242:42875], old=null at 0
2019-10-23 17:07:04,855 [grpc-default-executor-1] INFO  segmented.SegmentedRaftLogWorker (SegmentedRaftLogWorker.java:startLogSegment(385)) - 53b51124-92ed-42d6-a80e-016fa59d7f2b@group-7447E9EF7D39-SegmentedRaftLogWorker: Starting segment from index:0
2019-10-23 17:07:04,858 [grpc-default-executor-5] INFO  segmented.SegmentedRaftLogWorker (SegmentedRaftLogWorker.java:truncate(401)) - 8a447bde-5925-4537-9923-914d6124acc8@group-7447E9EF7D39-SegmentedRaftLogWorker: Truncating segments toTruncate: null
  toDelete: [(0, 0) isOpen? true, length=0, newEndIndex=-1], start index 0
2019-10-23 17:07:04,859 [grpc-default-executor-5] INFO  segmented.SegmentedRaftLogWorker (SegmentedRaftLogWorker.java:startLogSegment(385)) - 8a447bde-5925-4537-9923-914d6124acc8@group-7447E9EF7D39-SegmentedRaftLogWorker: Starting segment from index:0
2019-10-23 17:07:04,861 [8a447bde-5925-4537-9923-914d6124acc8@group-7447E9EF7D39-SegmentedRaftLogWorker] INFO  segmented.SegmentedRaftLogWorker (SegmentedRaftLogWorker.java:execute(640)) - 8a447bde-5925-4537-9923-914d6124acc8@group-7447E9EF7D39-SegmentedRaftLogWorker: Deleted log file /workdir/hadoop-ozone/integration-test/target/test-dir/MiniOzoneClusterImpl-0a691748-4d5e-4935-afbc-7b96fd7c8770/datanode-1/data/ratis/eaf7b8d5-4c44-4730-931b-7447e9ef7d39/current/log_inprogress_0
2019-10-23 17:07:04,861 [8a447bde-5925-4537-9923-914d6124acc8@group-7447E9EF7D39-SegmentedRaftLogWorker] INFO  segmented.SegmentedRaftLogWorker (SegmentedRaftLogWorker.java:lambda$new$0(128)) - 8a447bde-5925-4537-9923-914d6124acc8@group-7447E9EF7D39-SegmentedRaftLogWorker: flushIndex: setUnconditionally 0 -> -1
2019-10-23 17:07:04,893 [53b51124-92ed-42d6-a80e-016fa59d7f2b@group-7447E9EF7D39-SegmentedRaftLogWorker] INFO  segmented.SegmentedRaftLogWorker (SegmentedRaftLogWorker.java:execute(576)) - 53b51124-92ed-42d6-a80e-016fa59d7f2b@group-7447E9EF7D39-SegmentedRaftLogWorker: created new log segment /workdir/hadoop-ozone/integration-test/target/test-dir/MiniOzoneClusterImpl-0a691748-4d5e-4935-afbc-7b96fd7c8770/datanode-2/data/ratis/eaf7b8d5-4c44-4730-931b-7447e9ef7d39/current/log_inprogress_0
2019-10-23 17:07:04,906 [8a447bde-5925-4537-9923-914d6124acc8@group-7447E9EF7D39-SegmentedRaftLogWorker] INFO  segmented.SegmentedRaftLogWorker (SegmentedRaftLogWorker.java:execute(576)) - 8a447bde-5925-4537-9923-914d6124acc8@group-7447E9EF7D39-SegmentedRaftLogWorker: created new log segment /workdir/hadoop-ozone/integration-test/target/test-dir/MiniOzoneClusterImpl-0a691748-4d5e-4935-afbc-7b96fd7c8770/datanode-1/data/ratis/eaf7b8d5-4c44-4730-931b-7447e9ef7d39/current/log_inprogress_0
2019-10-23 17:07:07,361 [Datanode State Machine Thread - 0] INFO  statemachine.DatanodeStateMachine (DatanodeStateMachine.java:lambda$startDaemon$0(356)) - Ozone container server started.
2019-10-23 17:07:12,329 [main] INFO  ozoneimpl.OzoneContainer (OzoneContainer.java:stop(227)) - Attempting to stop container services.
2019-10-23 17:07:12,330 [main] INFO  impl.RaftServerProxy (RaftServerProxy.java:lambda$close$4(314)) - 53b51124-92ed-42d6-a80e-016fa59d7f2b: close
2019-10-23 17:07:12,332 [main] INFO  impl.RaftServerImpl (RaftServerImpl.java:lambda$shutdown$3(250)) - 53b51124-92ed-42d6-a80e-016fa59d7f2b@group-CA89BA60A746: shutdown
2019-10-23 17:07:12,332 [main] INFO  util.JmxRegister (JmxRegister.java:unregister(73)) - Successfully un-registered JMX Bean with object name Ratis:service=RaftServer,group=group-CA89BA60A746,id=53b51124-92ed-42d6-a80e-016fa59d7f2b
2019-10-23 17:07:12,333 [main] INFO  impl.RoleInfo (RoleInfo.java:shutdownLeaderState(104)) - 53b51124-92ed-42d6-a80e-016fa59d7f2b: shutdown LeaderState
2019-10-23 17:07:12,333 [main] INFO  impl.PendingRequests (PendingRequests.java:sendNotLeaderResponses(206)) - 53b51124-92ed-42d6-a80e-016fa59d7f2b@group-CA89BA60A746-PendingRequests: sendNotLeaderResponses
2019-10-23 17:07:12,335 [main] INFO  impl.StateMachineUpdater (StateMachineUpdater.java:stopAndJoin(136)) - 53b51124-92ed-42d6-a80e-016fa59d7f2b@group-CA89BA60A746-StateMachineUpdater: set stopIndex = 0
2019-10-23 17:07:12,336 [main] INFO  impl.RaftServerImpl (ServerState.java:close(387)) - 53b51124-92ed-42d6-a80e-016fa59d7f2b@group-CA89BA60A746: closes. applyIndex: 0
2019-10-23 17:07:12,337 [53b51124-92ed-42d6-a80e-016fa59d7f2b@group-CA89BA60A746-SegmentedRaftLogWorker] INFO  segmented.SegmentedRaftLogWorker (SegmentedRaftLogWorker.java:run(316)) - 53b51124-92ed-42d6-a80e-016fa59d7f2b@group-CA89BA60A746-SegmentedRaftLogWorker was interrupted, exiting. There are 0 tasks remaining in the queue.
2019-10-23 17:07:12,339 [main] INFO  segmented.SegmentedRaftLogWorker (SegmentedRaftLogWorker.java:close(224)) - 53b51124-92ed-42d6-a80e-016fa59d7f2b@group-CA89BA60A746-SegmentedRaftLogWorker close()
2019-10-23 17:07:12,342 [main] INFO  impl.RaftServerImpl (RaftServerImpl.java:lambda$shutdown$3(250)) - 53b51124-92ed-42d6-a80e-016fa59d7f2b@group-7447E9EF7D39: shutdown
2019-10-23 17:07:12,342 [main] INFO  util.JmxRegister (JmxRegister.java:unregister(73)) - Successfully un-registered JMX Bean with object name Ratis:service=RaftServer,group=group-7447E9EF7D39,id=53b51124-92ed-42d6-a80e-016fa59d7f2b
2019-10-23 17:07:12,342 [main] INFO  impl.RoleInfo (RoleInfo.java:shutdownFollowerState(121)) - 53b51124-92ed-42d6-a80e-016fa59d7f2b: shutdown FollowerState
2019-10-23 17:07:12,343 [main] INFO  impl.StateMachineUpdater (StateMachineUpdater.java:stopAndJoin(136)) - 53b51124-92ed-42d6-a80e-016fa59d7f2b@group-7447E9EF7D39-StateMachineUpdater: set stopIndex = 4
2019-10-23 17:07:12,343 [53b51124-92ed-42d6-a80e-016fa59d7f2b@group-7447E9EF7D39-StateMachineUpdater] INFO  ratis.ContainerStateMachine (ContainerStateMachine.java:takeSnapshot(294)) - group-7447E9EF7D39: Taking a snapshot at:(t:4, i:3) file /workdir/hadoop-ozone/integration-test/target/test-dir/MiniOzoneClusterImpl-0a691748-4d5e-4935-afbc-7b96fd7c8770/datanode-2/data/ratis/eaf7b8d5-4c44-4730-931b-7447e9ef7d39/sm/snapshot.4_3
2019-10-23 17:07:12,343 [Thread-279] INFO  impl.FollowerState (FollowerState.java:run(120)) - 53b51124-92ed-42d6-a80e-016fa59d7f2b@group-7447E9EF7D39-FollowerState was interrupted: java.lang.InterruptedException: sleep interrupted
2019-10-23 17:07:12,457 [53b51124-92ed-42d6-a80e-016fa59d7f2b@group-7447E9EF7D39-StateMachineUpdater] INFO  ratis.ContainerStateMachine (ContainerStateMachine.java:takeSnapshot(305)) - group-7447E9EF7D39: Finished taking a snapshot at:(t:4, i:3) file:/workdir/hadoop-ozone/integration-test/target/test-dir/MiniOzoneClusterImpl-0a691748-4d5e-4935-afbc-7b96fd7c8770/datanode-2/data/ratis/eaf7b8d5-4c44-4730-931b-7447e9ef7d39/sm/snapshot.4_3 time:115
2019-10-23 17:07:12,458 [53b51124-92ed-42d6-a80e-016fa59d7f2b@group-7447E9EF7D39-StateMachineUpdater] INFO  impl.StateMachineUpdater (StateMachineUpdater.java:takeSnapshot(269)) - 53b51124-92ed-42d6-a80e-016fa59d7f2b@group-7447E9EF7D39-StateMachineUpdater: Took a snapshot at index 3
2019-10-23 17:07:12,460 [53b51124-92ed-42d6-a80e-016fa59d7f2b@group-7447E9EF7D39-StateMachineUpdater] INFO  impl.StateMachineUpdater (StateMachineUpdater.java:lambda$new$0(84)) - 53b51124-92ed-42d6-a80e-016fa59d7f2b@group-7447E9EF7D39-StateMachineUpdater: snapshotIndex: updateIncreasingly -1 -> 3
2019-10-23 17:07:12,464 [53b51124-92ed-42d6-a80e-016fa59d7f2b@group-7447E9EF7D39-StateMachineUpdater] INFO  ratis.ContainerStateMachine (ContainerStateMachine.java:takeSnapshot(294)) - group-7447E9EF7D39: Taking a snapshot at:(t:4, i:3) file /workdir/hadoop-ozone/integration-test/target/test-dir/MiniOzoneClusterImpl-0a691748-4d5e-4935-afbc-7b96fd7c8770/datanode-2/data/ratis/eaf7b8d5-4c44-4730-931b-7447e9ef7d39/sm/snapshot.4_3
2019-10-23 17:07:12,476 [53b51124-92ed-42d6-a80e-016fa59d7f2b@group-7447E9EF7D39-StateMachineUpdater] INFO  ratis.ContainerStateMachine (ContainerStateMachine.java:takeSnapshot(305)) - group-7447E9EF7D39: Finished taking a snapshot at:(t:4, i:3) file:/workdir/hadoop-ozone/integration-test/target/test-dir/MiniOzoneClusterImpl-0a691748-4d5e-4935-afbc-7b96fd7c8770/datanode-2/data/ratis/eaf7b8d5-4c44-4730-931b-7447e9ef7d39/sm/snapshot.4_3 time:12
2019-10-23 17:07:12,476 [53b51124-92ed-42d6-a80e-016fa59d7f2b@group-7447E9EF7D39-StateMachineUpdater] INFO  impl.StateMachineUpdater (StateMachineUpdater.java:takeSnapshot(269)) - 53b51124-92ed-42d6-a80e-016fa59d7f2b@group-7447E9EF7D39-StateMachineUpdater: Took a snapshot at index 3
2019-10-23 17:07:12,476 [53b51124-92ed-42d6-a80e-016fa59d7f2b@group-7447E9EF7D39-StateMachineUpdater] INFO  impl.StateMachineUpdater (StateMachineUpdater.java:lambda$new$0(84)) - 53b51124-92ed-42d6-a80e-016fa59d7f2b@group-7447E9EF7D39-StateMachineUpdater: snapshotIndex: updateIncreasingly 3 -> 3
2019-10-23 17:07:12,477 [main] INFO  impl.RaftServerImpl (ServerState.java:close(387)) - 53b51124-92ed-42d6-a80e-016fa59d7f2b@group-7447E9EF7D39: closes. applyIndex: 4
2019-10-23 17:07:12,477 [53b51124-92ed-42d6-a80e-016fa59d7f2b@group-7447E9EF7D39-SegmentedRaftLogWorker] INFO  segmented.SegmentedRaftLogWorker (SegmentedRaftLogWorker.java:run(316)) - 53b51124-92ed-42d6-a80e-016fa59d7f2b@group-7447E9EF7D39-SegmentedRaftLogWorker was interrupted, exiting. There are 0 tasks remaining in the queue.
2019-10-23 17:07:12,482 [main] INFO  segmented.SegmentedRaftLogWorker (SegmentedRaftLogWorker.java:close(224)) - 53b51124-92ed-42d6-a80e-016fa59d7f2b@group-7447E9EF7D39-SegmentedRaftLogWorker close()
2019-10-23 17:07:12,485 [main] INFO  server.GrpcService (GrpcService.java:closeImpl(164)) - 53b51124-92ed-42d6-a80e-016fa59d7f2b: shutdown server with port 38291 now
2019-10-23 17:07:12,494 [main] INFO  server.GrpcService (GrpcService.java:closeImpl(172)) - 53b51124-92ed-42d6-a80e-016fa59d7f2b: shutdown server with port 38291 successfully
2019-10-23 17:07:12,495 [grpc-default-executor-1] WARN  server.GrpcServerProtocolService (LogUtils.java:warn(134)) - 53b51124-92ed-42d6-a80e-016fa59d7f2b: installSnapshot onError, lastRequest: a645e8ec-3812-4481-93f3-68221dd5a52f->53b51124-92ed-42d6-a80e-016fa59d7f2b#7-t4, previous=(t:4, i:4), leaderCommit=4, initializing? false, entries: <empty>: org.apache.ratis.thirdparty.io.grpc.StatusRuntimeException: CANCELLED: cancelled before receiving half close
2019-10-23 17:07:12,499 [grpc-default-executor-5] WARN  server.GrpcLogAppender (LogUtils.java:warn(134)) - a645e8ec-3812-4481-93f3-68221dd5a52f@group-7447E9EF7D39->53b51124-92ed-42d6-a80e-016fa59d7f2b-AppendLogResponseHandler: Failed appendEntries: org.apache.ratis.thirdparty.io.grpc.StatusRuntimeException: CANCELLED: HTTP/2 error code: CANCEL
Received Rst Stream
2019-10-23 17:07:12,501 [refreshUsed-/workdir/hadoop-ozone/integration-test/target/test-dir/MiniOzoneClusterImpl-0a691748-4d5e-4935-afbc-7b96fd7c8770/datanode-2/data/containers] WARN  fs.CachingGetSpaceUsed (CachingGetSpaceUsed.java:run(183)) - Thread Interrupted waiting to refresh disk information: sleep interrupted
2019-10-23 17:07:12,524 [main] INFO  utils.BackgroundService (BackgroundService.java:shutdown(151)) - Shutting down service BlockDeletingService
2019-10-23 17:07:12,528 [main] INFO  statemachine.DatanodeStateMachine (DatanodeStateMachine.java:stopDaemon(401)) - Ozone container server stopped.
2019-10-23 17:07:12,534 [main] INFO  handler.ContextHandler (ContextHandler.java:doStop(910)) - Stopped o.e.j.w.WebAppContext@255eaa6b{/,null,UNAVAILABLE}{/hddsDatanode}
2019-10-23 17:07:12,540 [main] INFO  server.AbstractConnector (AbstractConnector.java:doStop(318)) - Stopped ServerConnector@476fe690{HTTP/1.1,[http/1.1]}{0.0.0.0:0}
2019-10-23 17:07:12,540 [main] INFO  handler.ContextHandler (ContextHandler.java:doStop(910)) - Stopped o.e.j.s.ServletContextHandler@6920614{/static,jar:file:/home/user/.m2/repository/org/apache/hadoop/hadoop-hdds-container-service/0.5.0-SNAPSHOT/hadoop-hdds-container-service-0.5.0-SNAPSHOT.jar!/webapps/static,UNAVAILABLE}
2019-10-23 17:07:12,541 [main] INFO  handler.ContextHandler (ContextHandler.java:doStop(910)) - Stopped o.e.j.s.ServletContextHandler@1effd53c{/logs,file:///workdir/hadoop-ozone/integration-test/target/log,UNAVAILABLE}
2019-10-23 17:07:15,549 [java.util.concurrent.ThreadPoolExecutor$Worker@5c5d4f98[State = -1, empty queue]] WARN  server.GrpcLogAppender (GrpcLogAppender.java:timeoutAppendRequest(209)) - a645e8ec-3812-4481-93f3-68221dd5a52f@group-7447E9EF7D39->53b51124-92ed-42d6-a80e-016fa59d7f2b-GrpcLogAppender: appendEntries Timeout, request=a645e8ec-3812-4481-93f3-68221dd5a52f->53b51124-92ed-42d6-a80e-016fa59d7f2b#8-t4, previous=(t:4, i:4), leaderCommit=4, initializing? false, entries: size=1, first=(t:4, i:5), STATEMACHINELOGENTRY, client-18D260901AB6, cid=2
2019-10-23 17:07:15,549 [java.util.concurrent.ThreadPoolExecutor$Worker@5c5d4f98[State = -1, empty queue]] WARN  server.GrpcLogAppender (GrpcLogAppender.java:timeoutAppendRequest(209)) - a645e8ec-3812-4481-93f3-68221dd5a52f@group-7447E9EF7D39->53b51124-92ed-42d6-a80e-016fa59d7f2b-GrpcLogAppender: appendEntries Timeout, request=a645e8ec-3812-4481-93f3-68221dd5a52f->53b51124-92ed-42d6-a80e-016fa59d7f2b#9-t4, previous=(t:4, i:5), leaderCommit=4, initializing? false, entries: size=1, first=(t:4, i:6), STATEMACHINELOGENTRY, client-18D260901AB6, cid=3
2019-10-23 17:07:15,563 [java.util.concurrent.ThreadPoolExecutor$Worker@5c5d4f98[State = -1, empty queue]] WARN  server.GrpcLogAppender (GrpcLogAppender.java:timeoutAppendRequest(209)) - a645e8ec-3812-4481-93f3-68221dd5a52f@group-7447E9EF7D39->53b51124-92ed-42d6-a80e-016fa59d7f2b-GrpcLogAppender: appendEntries Timeout, request=a645e8ec-3812-4481-93f3-68221dd5a52f->53b51124-92ed-42d6-a80e-016fa59d7f2b#10-t4, previous=(t:4, i:6), leaderCommit=5, initializing? false, entries: size=1, first=(t:4, i:7), METADATAENTRY(c5)
2019-10-23 17:07:15,564 [java.util.concurrent.ThreadPoolExecutor$Worker@5c5d4f98[State = -1, empty queue]] WARN  server.GrpcLogAppender (GrpcLogAppender.java:timeoutAppendRequest(209)) - a645e8ec-3812-4481-93f3-68221dd5a52f@group-7447E9EF7D39->53b51124-92ed-42d6-a80e-016fa59d7f2b-GrpcLogAppender: appendEntries Timeout, request=a645e8ec-3812-4481-93f3-68221dd5a52f->53b51124-92ed-42d6-a80e-016fa59d7f2b#11-t4, previous=(t:4, i:7), leaderCommit=6, initializing? false, entries: size=1, first=(t:4, i:8), METADATAENTRY(c6)
2019-10-23 17:07:18,066 [java.util.concurrent.ThreadPoolExecutor$Worker@5c5d4f98[State = -1, empty queue]] WARN  server.GrpcLogAppender (GrpcLogAppender.java:timeoutAppendRequest(209)) - a645e8ec-3812-4481-93f3-68221dd5a52f@group-7447E9EF7D39->53b51124-92ed-42d6-a80e-016fa59d7f2b-GrpcLogAppender: appendEntries Timeout, request=a645e8ec-3812-4481-93f3-68221dd5a52f->53b51124-92ed-42d6-a80e-016fa59d7f2b#12-t4, previous=(t:4, i:8), leaderCommit=8, initializing? false, entries: <empty>
2019-10-23 17:07:20,570 [java.util.concurrent.ThreadPoolExecutor$Worker@5c5d4f98[State = -1, empty queue]] WARN  server.GrpcLogAppender (GrpcLogAppender.java:timeoutAppendRequest(209)) - a645e8ec-3812-4481-93f3-68221dd5a52f@group-7447E9EF7D39->53b51124-92ed-42d6-a80e-016fa59d7f2b-GrpcLogAppender: appendEntries Timeout, request=a645e8ec-3812-4481-93f3-68221dd5a52f->53b51124-92ed-42d6-a80e-016fa59d7f2b#13-t4, previous=(t:4, i:8), leaderCommit=8, initializing? false, entries: <empty>
2019-10-23 17:07:21,594 [Thread-325] INFO  client.GrpcClientProtocolService (GrpcClientProtocolService.java:lambda$processClientRequest$0(279)) - Failed RaftClientRequest:client-18D260901AB6->8a447bde-5925-4537-9923-914d6124acc8@group-7447E9EF7D39, cid=4, seq=0, Watch-ALL_COMMITTED(6), Message:<EMPTY>, reply=RaftClientReply:client-18D260901AB6->8a447bde-5925-4537-9923-914d6124acc8@group-7447E9EF7D39, cid=4, FAILED org.apache.ratis.protocol.NotLeaderException: Server 8a447bde-5925-4537-9923-914d6124acc8@group-7447E9EF7D39 is not the leader a645e8ec-3812-4481-93f3-68221dd5a52f:192.168.157.242:42875, logIndex=0, commits[8a447bde-5925-4537-9923-914d6124acc8:c8, 53b51124-92ed-42d6-a80e-016fa59d7f2b:c4, a645e8ec-3812-4481-93f3-68221dd5a52f:c8]
2019-10-23 17:07:22,589 [Thread-328] INFO  client.GrpcClientProtocolService (GrpcClientProtocolService.java:lambda$processClientRequest$0(279)) - Failed RaftClientRequest:client-18D260901AB6->a645e8ec-3812-4481-93f3-68221dd5a52f@group-7447E9EF7D39, cid=4, seq=0, Watch-ALL_COMMITTED(6), Message:<EMPTY>, reply=RaftClientReply:client-18D260901AB6->a645e8ec-3812-4481-93f3-68221dd5a52f@group-7447E9EF7D39, cid=4, FAILED org.apache.ratis.protocol.NotReplicatedException: Request with call Id 4 and log index 6 is not yet replicated to ALL_COMMITTED, logIndex=6, commits[a645e8ec-3812-4481-93f3-68221dd5a52f:c8, 8a447bde-5925-4537-9923-914d6124acc8:c8, 53b51124-92ed-42d6-a80e-016fa59d7f2b:c4]
2019-10-23 17:07:23,071 [java.util.concurrent.ThreadPoolExecutor$Worker@5c5d4f98[State = -1, empty queue]] WARN  server.GrpcLogAppender (GrpcLogAppender.java:timeoutAppendRequest(209)) - a645e8ec-3812-4481-93f3-68221dd5a52f@group-7447E9EF7D39->53b51124-92ed-42d6-a80e-016fa59d7f2b-GrpcLogAppender: appendEntries Timeout, request=a645e8ec-3812-4481-93f3-68221dd5a52f->53b51124-92ed-42d6-a80e-016fa59d7f2b#14-t4, previous=(t:4, i:8), leaderCommit=8, initializing? false, entries: <empty>
2019-10-23 17:07:25,572 [java.util.concurrent.ThreadPoolExecutor$Worker@5c5d4f98[State = -1, empty queue]] WARN  server.GrpcLogAppender (GrpcLogAppender.java:timeoutAppendRequest(209)) - a645e8ec-3812-4481-93f3-68221dd5a52f@group-7447E9EF7D39->53b51124-92ed-42d6-a80e-016fa59d7f2b-GrpcLogAppender: appendEntries Timeout, request=a645e8ec-3812-4481-93f3-68221dd5a52f->53b51124-92ed-42d6-a80e-016fa59d7f2b#15-t4, previous=(t:4, i:8), leaderCommit=8, initializing? false, entries: <empty>
2019-10-23 17:07:28,072 [java.util.concurrent.ThreadPoolExecutor$Worker@5c5d4f98[State = -1, empty queue]] WARN  server.GrpcLogAppender (GrpcLogAppender.java:timeoutAppendRequest(209)) - a645e8ec-3812-4481-93f3-68221dd5a52f@group-7447E9EF7D39->53b51124-92ed-42d6-a80e-016fa59d7f2b-GrpcLogAppender: appendEntries Timeout, request=a645e8ec-3812-4481-93f3-68221dd5a52f->53b51124-92ed-42d6-a80e-016fa59d7f2b#16-t4, previous=(t:4, i:8), leaderCommit=8, initializing? false, entries: <empty>
2019-10-23 17:07:30,573 [java.util.concurrent.ThreadPoolExecutor$Worker@5c5d4f98[State = -1, empty queue]] WARN  server.GrpcLogAppender (GrpcLogAppender.java:timeoutAppendRequest(209)) - a645e8ec-3812-4481-93f3-68221dd5a52f@group-7447E9EF7D39->53b51124-92ed-42d6-a80e-016fa59d7f2b-GrpcLogAppender: appendEntries Timeout, request=a645e8ec-3812-4481-93f3-68221dd5a52f->53b51124-92ed-42d6-a80e-016fa59d7f2b#17-t4, previous=(t:4, i:8), leaderCommit=8, initializing? false, entries: <empty>
2019-10-23 17:07:31,654 [Thread-337] INFO  client.GrpcClientProtocolService (GrpcClientProtocolService.java:lambda$processClientRequest$0(279)) - Failed RaftClientRequest:client-18D260901AB6->8a447bde-5925-4537-9923-914d6124acc8@group-7447E9EF7D39, cid=4, seq=0, Watch-ALL_COMMITTED(6), Message:<EMPTY>, reply=RaftClientReply:client-18D260901AB6->8a447bde-5925-4537-9923-914d6124acc8@group-7447E9EF7D39, cid=4, FAILED org.apache.ratis.protocol.NotLeaderException: Server 8a447bde-5925-4537-9923-914d6124acc8@group-7447E9EF7D39 is not the leader a645e8ec-3812-4481-93f3-68221dd5a52f:192.168.157.242:42875, logIndex=0, commits[8a447bde-5925-4537-9923-914d6124acc8:c8, 53b51124-92ed-42d6-a80e-016fa59d7f2b:c4, a645e8ec-3812-4481-93f3-68221dd5a52f:c8]
2019-10-23 17:07:32,586 [Thread-340] INFO  client.GrpcClientProtocolService (GrpcClientProtocolService.java:lambda$processClientRequest$0(279)) - Failed RaftClientRequest:client-18D260901AB6->a645e8ec-3812-4481-93f3-68221dd5a52f@group-7447E9EF7D39, cid=4, seq=0, Watch-ALL_COMMITTED(6), Message:<EMPTY>, reply=RaftClientReply:client-18D260901AB6->a645e8ec-3812-4481-93f3-68221dd5a52f@group-7447E9EF7D39, cid=4, FAILED org.apache.ratis.protocol.NotReplicatedException: Request with call Id 4 and log index 6 is not yet replicated to ALL_COMMITTED, logIndex=6, commits[a645e8ec-3812-4481-93f3-68221dd5a52f:c8, 8a447bde-5925-4537-9923-914d6124acc8:c8, 53b51124-92ed-42d6-a80e-016fa59d7f2b:c4]
2019-10-23 17:07:33,074 [java.util.concurrent.ThreadPoolExecutor$Worker@5c5d4f98[State = -1, empty queue]] WARN  server.GrpcLogAppender (GrpcLogAppender.java:timeoutAppendRequest(209)) - a645e8ec-3812-4481-93f3-68221dd5a52f@group-7447E9EF7D39->53b51124-92ed-42d6-a80e-016fa59d7f2b-GrpcLogAppender: appendEntries Timeout, request=a645e8ec-3812-4481-93f3-68221dd5a52f->53b51124-92ed-42d6-a80e-016fa59d7f2b#18-t4, previous=(t:4, i:8), leaderCommit=8, initializing? false, entries: <empty>
2019-10-23 17:07:35,576 [java.util.concurrent.ThreadPoolExecutor$Worker@5c5d4f98[State = -1, empty queue]] WARN  server.GrpcLogAppender (GrpcLogAppender.java:timeoutAppendRequest(209)) - a645e8ec-3812-4481-93f3-68221dd5a52f@group-7447E9EF7D39->53b51124-92ed-42d6-a80e-016fa59d7f2b-GrpcLogAppender: appendEntries Timeout, request=a645e8ec-3812-4481-93f3-68221dd5a52f->53b51124-92ed-42d6-a80e-016fa59d7f2b#19-t4, previous=(t:4, i:8), leaderCommit=8, initializing? false, entries: <empty>
2019-10-23 17:07:38,077 [java.util.concurrent.ThreadPoolExecutor$Worker@5c5d4f98[State = -1, empty queue]] WARN  server.GrpcLogAppender (GrpcLogAppender.java:timeoutAppendRequest(209)) - a645e8ec-3812-4481-93f3-68221dd5a52f@group-7447E9EF7D39->53b51124-92ed-42d6-a80e-016fa59d7f2b-GrpcLogAppender: appendEntries Timeout, request=a645e8ec-3812-4481-93f3-68221dd5a52f->53b51124-92ed-42d6-a80e-016fa59d7f2b#20-t4, previous=(t:4, i:8), leaderCommit=8, initializing? false, entries: <empty>
2019-10-23 17:07:40,579 [java.util.concurrent.ThreadPoolExecutor$Worker@5c5d4f98[State = -1, empty queue]] WARN  server.GrpcLogAppender (GrpcLogAppender.java:timeoutAppendRequest(209)) - a645e8ec-3812-4481-93f3-68221dd5a52f@group-7447E9EF7D39->53b51124-92ed-42d6-a80e-016fa59d7f2b-GrpcLogAppender: appendEntries Timeout, request=a645e8ec-3812-4481-93f3-68221dd5a52f->53b51124-92ed-42d6-a80e-016fa59d7f2b#21-t4, previous=(t:4, i:8), leaderCommit=8, initializing? false, entries: <empty>
2019-10-23 17:07:42,579 [main] WARN  scm.XceiverClientRatis (XceiverClientRatis.java:watchForCommit(277)) - 3 way commit failed on pipeline Pipeline[ Id: eaf7b8d5-4c44-4730-931b-7447e9ef7d39, Nodes: a645e8ec-3812-4481-93f3-68221dd5a52f{ip: 192.168.157.242, host: pr-hdds-2034-ckmbc-1095224204, networkLocation: /default-rack, certSerialId: null}8a447bde-5925-4537-9923-914d6124acc8{ip: 192.168.157.242, host: pr-hdds-2034-ckmbc-1095224204, networkLocation: /default-rack, certSerialId: null}53b51124-92ed-42d6-a80e-016fa59d7f2b{ip: 192.168.157.242, host: pr-hdds-2034-ckmbc-1095224204, networkLocation: /default-rack, certSerialId: null}, Type:RATIS, Factor:THREE, State:OPEN]
java.util.concurrent.TimeoutException
	at java.util.concurrent.CompletableFuture.timedGet(CompletableFuture.java:1771)
	at java.util.concurrent.CompletableFuture.get(CompletableFuture.java:1915)
	at org.apache.hadoop.hdds.scm.XceiverClientRatis.watchForCommit(XceiverClientRatis.java:274)
	at org.apache.hadoop.hdds.scm.storage.CommitWatcher.watchForCommit(CommitWatcher.java:198)
	at org.apache.hadoop.hdds.scm.storage.CommitWatcher.watchOnLastIndex(CommitWatcher.java:161)
	at org.apache.hadoop.hdds.scm.storage.BlockOutputStream.watchForCommit(BlockOutputStream.java:346)
	at org.apache.hadoop.hdds.scm.storage.BlockOutputStream.handleFlush(BlockOutputStream.java:482)
	at org.apache.hadoop.hdds.scm.storage.BlockOutputStream.close(BlockOutputStream.java:496)
	at org.apache.hadoop.ozone.client.io.BlockOutputStreamEntry.close(BlockOutputStreamEntry.java:143)
	at org.apache.hadoop.ozone.client.io.KeyOutputStream.handleFlushOrClose(KeyOutputStream.java:435)
	at org.apache.hadoop.ozone.client.io.KeyOutputStream.close(KeyOutputStream.java:473)
	at org.apache.hadoop.ozone.client.io.OzoneOutputStream.close(OzoneOutputStream.java:60)
	at org.apache.hadoop.ozone.client.rpc.TestDeleteWithSlowFollower.testDeleteKeyWithSlowFollower(TestDeleteWithSlowFollower.java:193)
	at sun.reflect.NativeMethodAccessorImpl.invoke0(Native Method)
	at sun.reflect.NativeMethodAccessorImpl.invoke(NativeMethodAccessorImpl.java:62)
	at sun.reflect.DelegatingMethodAccessorImpl.invoke(DelegatingMethodAccessorImpl.java:43)
	at java.lang.reflect.Method.invoke(Method.java:498)
	at org.junit.runners.model.FrameworkMethod$1.runReflectiveCall(FrameworkMethod.java:47)
	at org.junit.internal.runners.model.ReflectiveCallable.run(ReflectiveCallable.java:12)
	at org.junit.runners.model.FrameworkMethod.invokeExplosively(FrameworkMethod.java:44)
	at org.junit.internal.runners.statements.InvokeMethod.evaluate(InvokeMethod.java:17)
	at org.junit.runners.ParentRunner.runLeaf(ParentRunner.java:271)
	at org.junit.runners.BlockJUnit4ClassRunner.runChild(BlockJUnit4ClassRunner.java:70)
	at org.junit.runners.BlockJUnit4ClassRunner.runChild(BlockJUnit4ClassRunner.java:50)
	at org.junit.runners.ParentRunner$3.run(ParentRunner.java:238)
	at org.junit.runners.ParentRunner$1.schedule(ParentRunner.java:63)
	at org.junit.runners.ParentRunner.runChildren(ParentRunner.java:236)
	at org.junit.runners.ParentRunner.access$000(ParentRunner.java:53)
	at org.junit.runners.ParentRunner$2.evaluate(ParentRunner.java:229)
	at org.junit.internal.runners.statements.RunBefores.evaluate(RunBefores.java:26)
	at org.junit.internal.runners.statements.RunAfters.evaluate(RunAfters.java:27)
	at org.junit.runners.ParentRunner.run(ParentRunner.java:309)
	at org.apache.maven.surefire.junit4.JUnit4Provider.execute(JUnit4Provider.java:365)
	at org.apache.maven.surefire.junit4.JUnit4Provider.executeWithRerun(JUnit4Provider.java:273)
	at org.apache.maven.surefire.junit4.JUnit4Provider.executeTestSet(JUnit4Provider.java:238)
	at org.apache.maven.surefire.junit4.JUnit4Provider.invoke(JUnit4Provider.java:159)
	at org.apache.maven.surefire.booter.ForkedBooter.invokeProviderInSameClassLoader(ForkedBooter.java:384)
	at org.apache.maven.surefire.booter.ForkedBooter.runSuitesInProcess(ForkedBooter.java:345)
	at org.apache.maven.surefire.booter.ForkedBooter.execute(ForkedBooter.java:126)
	at org.apache.maven.surefire.booter.ForkedBooter.main(ForkedBooter.java:418)
2019-10-23 17:07:42,584 [Thread-350] INFO  client.GrpcClientProtocolService (GrpcClientProtocolService.java:lambda$processClientRequest$0(279)) - Failed RaftClientRequest:client-18D260901AB6->a645e8ec-3812-4481-93f3-68221dd5a52f@group-7447E9EF7D39, cid=4, seq=0, Watch-ALL_COMMITTED(6), Message:<EMPTY>, reply=RaftClientReply:client-18D260901AB6->a645e8ec-3812-4481-93f3-68221dd5a52f@group-7447E9EF7D39, cid=4, FAILED org.apache.ratis.protocol.NotReplicatedException: Request with call Id 4 and log index 6 is not yet replicated to ALL_COMMITTED, logIndex=6, commits[a645e8ec-3812-4481-93f3-68221dd5a52f:c8, 8a447bde-5925-4537-9923-914d6124acc8:c8, 53b51124-92ed-42d6-a80e-016fa59d7f2b:c4]
2019-10-23 17:07:42,600 [main] INFO  scm.XceiverClientRatis (XceiverClientRatis.java:lambda$watchForCommit$5(295)) - Could not commit index 6 on pipeline Pipeline[ Id: eaf7b8d5-4c44-4730-931b-7447e9ef7d39, Nodes: a645e8ec-3812-4481-93f3-68221dd5a52f{ip: 192.168.157.242, host: pr-hdds-2034-ckmbc-1095224204, networkLocation: /default-rack, certSerialId: null}8a447bde-5925-4537-9923-914d6124acc8{ip: 192.168.157.242, host: pr-hdds-2034-ckmbc-1095224204, networkLocation: /default-rack, certSerialId: null}53b51124-92ed-42d6-a80e-016fa59d7f2b{ip: 192.168.157.242, host: pr-hdds-2034-ckmbc-1095224204, networkLocation: /default-rack, certSerialId: null}, Type:RATIS, Factor:THREE, State:OPEN] to all the nodes. Server 53b51124-92ed-42d6-a80e-016fa59d7f2b has failed. Committed by majority.
2019-10-23 17:07:42,601 [main] WARN  storage.BlockOutputStream (BlockOutputStream.java:watchForCommit(352)) - Failed to commit BlockId conID: 1 locID: 103012788704116736 bcsId: 6 on Pipeline[ Id: eaf7b8d5-4c44-4730-931b-7447e9ef7d39, Nodes: a645e8ec-3812-4481-93f3-68221dd5a52f{ip: 192.168.157.242, host: pr-hdds-2034-ckmbc-1095224204, networkLocation: /default-rack, certSerialId: null}8a447bde-5925-4537-9923-914d6124acc8{ip: 192.168.157.242, host: pr-hdds-2034-ckmbc-1095224204, networkLocation: /default-rack, certSerialId: null}53b51124-92ed-42d6-a80e-016fa59d7f2b{ip: 192.168.157.242, host: pr-hdds-2034-ckmbc-1095224204, networkLocation: /default-rack, certSerialId: null}, Type:RATIS, Factor:THREE, State:OPEN]. Failed nodes: [53b51124-92ed-42d6-a80e-016fa59d7f2b{ip: null, host: null, networkLocation: /default-rack, certSerialId: null}]
2019-10-23 17:07:42,685 [EventQueue-IncrementalContainerReportForIncrementalContainerReportHandler] WARN  container.IncrementalContainerReportHandler (AbstractContainerReportHandler.java:updateContainerState(145)) - Container #1 is in OPEN state, but the datanode a645e8ec-3812-4481-93f3-68221dd5a52f{ip: 192.168.157.242, host: pr-hdds-2034-ckmbc-1095224204, networkLocation: /default-rack, certSerialId: null} reports an CLOSING replica.
2019-10-23 17:07:42,695 [RatisApplyTransactionExecutor 1] INFO  interfaces.Container (KeyValueContainer.java:flushAndSyncDB(386)) - Container 1 is synced with bcsId 6.
2019-10-23 17:07:42,696 [RatisApplyTransactionExecutor 1] INFO  interfaces.Container (KeyValueContainer.java:flushAndSyncDB(386)) - Container 1 is synced with bcsId 6.
2019-10-23 17:07:42,709 [RatisApplyTransactionExecutor 1] INFO  interfaces.Container (KeyValueContainer.java:close(335)) - Container 1 is closed with bcsId 6.
2019-10-23 17:07:42,711 [EventQueue-IncrementalContainerReportForIncrementalContainerReportHandler] WARN  container.IncrementalContainerReportHandler (AbstractContainerReportHandler.java:updateContainerState(145)) - Container #1 is in OPEN state, but the datanode 8a447bde-5925-4537-9923-914d6124acc8{ip: 192.168.157.242, host: pr-hdds-2034-ckmbc-1095224204, networkLocation: /default-rack, certSerialId: null} reports an CLOSING replica.
2019-10-23 17:07:42,711 [EventQueue-IncrementalContainerReportForIncrementalContainerReportHandler] WARN  container.IncrementalContainerReportHandler (AbstractContainerReportHandler.java:updateContainerState(145)) - Container #1 is in OPEN state, but the datanode a645e8ec-3812-4481-93f3-68221dd5a52f{ip: 192.168.157.242, host: pr-hdds-2034-ckmbc-1095224204, networkLocation: /default-rack, certSerialId: null} reports an CLOSED replica.
2019-10-23 17:07:42,721 [RatisApplyTransactionExecutor 1] INFO  interfaces.Container (KeyValueContainer.java:flushAndSyncDB(386)) - Container 1 is synced with bcsId 6.
2019-10-23 17:07:42,722 [RatisApplyTransactionExecutor 1] INFO  interfaces.Container (KeyValueContainer.java:flushAndSyncDB(386)) - Container 1 is synced with bcsId 6.
2019-10-23 17:07:42,737 [RatisApplyTransactionExecutor 1] INFO  interfaces.Container (KeyValueContainer.java:close(335)) - Container 1 is closed with bcsId 6.
2019-10-23 17:07:42,738 [EventQueue-IncrementalContainerReportForIncrementalContainerReportHandler] WARN  container.IncrementalContainerReportHandler (AbstractContainerReportHandler.java:updateContainerState(145)) - Container #1 is in OPEN state, but the datanode 8a447bde-5925-4537-9923-914d6124acc8{ip: 192.168.157.242, host: pr-hdds-2034-ckmbc-1095224204, networkLocation: /default-rack, certSerialId: null} reports an CLOSED replica.
2019-10-23 17:07:42,838 [EventQueue-ContainerReportForContainerReportHandler] WARN  container.ContainerReportHandler (AbstractContainerReportHandler.java:updateContainerState(145)) - Container #1 is in OPEN state, but the datanode 8a447bde-5925-4537-9923-914d6124acc8{ip: 192.168.157.242, host: pr-hdds-2034-ckmbc-1095224204, networkLocation: /default-rack, certSerialId: null} reports an CLOSED replica.
2019-10-23 17:07:42,910 [EventQueue-ContainerReportForContainerReportHandler] WARN  container.ContainerReportHandler (AbstractContainerReportHandler.java:updateContainerState(145)) - Container #1 is in OPEN state, but the datanode a645e8ec-3812-4481-93f3-68221dd5a52f{ip: 192.168.157.242, host: pr-hdds-2034-ckmbc-1095224204, networkLocation: /default-rack, certSerialId: null} reports an CLOSED replica.
2019-10-23 17:07:42,913 [IPC Server handler 0 on 36668] INFO  server.SCMBlockProtocolServer (SCMBlockProtocolServer.java:deleteKeyBlocks(214)) - SCM is informed by OM to delete 1 blocks
2019-10-23 17:07:42,913 [IPC Server handler 0 on 36668] INFO  block.BlockManagerImpl (BlockManagerImpl.java:deleteBlocks(288)) - Deleting blocks conID: 1 locID: 103012788704116736 bcsId: 0
2019-10-23 17:07:43,039 [EventQueue-ContainerReportForContainerReportHandler] WARN  container.ContainerReportHandler (AbstractContainerReportHandler.java:updateContainerState(145)) - Container #1 is in OPEN state, but the datanode 8a447bde-5925-4537-9923-914d6124acc8{ip: 192.168.157.242, host: pr-hdds-2034-ckmbc-1095224204, networkLocation: /default-rack, certSerialId: null} reports an CLOSED replica.
2019-10-23 17:07:43,083 [java.util.concurrent.ThreadPoolExecutor$Worker@5c5d4f98[State = -1, empty queue]] WARN  server.GrpcLogAppender (GrpcLogAppender.java:timeoutAppendRequest(209)) - a645e8ec-3812-4481-93f3-68221dd5a52f@group-7447E9EF7D39->53b51124-92ed-42d6-a80e-016fa59d7f2b-GrpcLogAppender: appendEntries Timeout, request=a645e8ec-3812-4481-93f3-68221dd5a52f->53b51124-92ed-42d6-a80e-016fa59d7f2b#22-t4, previous=(t:4, i:8), leaderCommit=8, initializing? false, entries: <empty>
2019-10-23 17:07:43,111 [EventQueue-ContainerReportForContainerReportHandler] WARN  container.ContainerReportHandler (AbstractContainerReportHandler.java:updateContainerState(145)) - Container #1 is in OPEN state, but the datanode a645e8ec-3812-4481-93f3-68221dd5a52f{ip: 192.168.157.242, host: pr-hdds-2034-ckmbc-1095224204, networkLocation: /default-rack, certSerialId: null} reports an CLOSED replica.
2019-10-23 17:07:43,135 [BlockDeletingService#2] WARN  background.BlockDeletingService (BlockDeletingService.java:isDeletionAllowed(187)) - Close Container log Index 6 is not replicated across allthe servers in the pipeline eaf7b8d5-4c44-4730-931b-7447e9ef7d39 as the min replicated index is 4. Deletion is not allowed in this container yet.
2019-10-23 17:07:43,137 [BlockDeletingService#2] WARN  background.BlockDeletingService (BlockDeletingService.java:isDeletionAllowed(187)) - Close Container log Index 6 is not replicated across allthe servers in the pipeline eaf7b8d5-4c44-4730-931b-7447e9ef7d39 as the min replicated index is 4. Deletion is not allowed in this container yet.
2019-10-23 17:07:43,339 [EventQueue-ContainerReportForContainerReportHandler] WARN  container.ContainerReportHandler (AbstractContainerReportHandler.java:updateContainerState(145)) - Container #1 is in OPEN state, but the datanode 8a447bde-5925-4537-9923-914d6124acc8{ip: 192.168.157.242, host: pr-hdds-2034-ckmbc-1095224204, networkLocation: /default-rack, certSerialId: null} reports an CLOSED replica.
2019-10-23 17:07:43,412 [EventQueue-ContainerReportForContainerReportHandler] WARN  container.ContainerReportHandler (AbstractContainerReportHandler.java:updateContainerState(145)) - Container #1 is in OPEN state, but the datanode a645e8ec-3812-4481-93f3-68221dd5a52f{ip: 192.168.157.242, host: pr-hdds-2034-ckmbc-1095224204, networkLocation: /default-rack, certSerialId: null} reports an CLOSED replica.
2019-10-23 17:07:43,642 [EventQueue-ContainerReportForContainerReportHandler] WARN  container.ContainerReportHandler (AbstractContainerReportHandler.java:updateContainerState(145)) - Container #1 is in OPEN state, but the datanode 8a447bde-5925-4537-9923-914d6124acc8{ip: 192.168.157.242, host: pr-hdds-2034-ckmbc-1095224204, networkLocation: /default-rack, certSerialId: null} reports an CLOSED replica.
2019-10-23 17:07:43,715 [EventQueue-ContainerReportForContainerReportHandler] WARN  container.ContainerReportHandler (AbstractContainerReportHandler.java:updateContainerState(145)) - Container #1 is in OPEN state, but the datanode a645e8ec-3812-4481-93f3-68221dd5a52f{ip: 192.168.157.242, host: pr-hdds-2034-ckmbc-1095224204, networkLocation: /default-rack, certSerialId: null} reports an CLOSED replica.
2019-10-23 17:07:44,041 [EventQueue-ContainerReportForContainerReportHandler] WARN  container.ContainerReportHandler (AbstractContainerReportHandler.java:updateContainerState(145)) - Container #1 is in OPEN state, but the datanode 8a447bde-5925-4537-9923-914d6124acc8{ip: 192.168.157.242, host: pr-hdds-2034-ckmbc-1095224204, networkLocation: /default-rack, certSerialId: null} reports an CLOSED replica.
2019-10-23 17:07:44,114 [EventQueue-ContainerReportForContainerReportHandler] WARN  container.ContainerReportHandler (AbstractContainerReportHandler.java:updateContainerState(145)) - Container #1 is in OPEN state, but the datanode a645e8ec-3812-4481-93f3-68221dd5a52f{ip: 192.168.157.242, host: pr-hdds-2034-ckmbc-1095224204, networkLocation: /default-rack, certSerialId: null} reports an CLOSED replica.
2019-10-23 17:07:44,137 [BlockDeletingService#2] WARN  background.BlockDeletingService (BlockDeletingService.java:isDeletionAllowed(187)) - Close Container log Index 6 is not replicated across allthe servers in the pipeline eaf7b8d5-4c44-4730-931b-7447e9ef7d39 as the min replicated index is 4. Deletion is not allowed in this container yet.
2019-10-23 17:07:44,140 [BlockDeletingService#2] WARN  background.BlockDeletingService (BlockDeletingService.java:isDeletionAllowed(187)) - Close Container log Index 6 is not replicated across allthe servers in the pipeline eaf7b8d5-4c44-4730-931b-7447e9ef7d39 as the min replicated index is 4. Deletion is not allowed in this container yet.
2019-10-23 17:07:44,314 [EventQueue-ContainerReportForContainerReportHandler] WARN  container.ContainerReportHandler (AbstractContainerReportHandler.java:updateContainerState(145)) - Container #1 is in OPEN state, but the datanode a645e8ec-3812-4481-93f3-68221dd5a52f{ip: 192.168.157.242, host: pr-hdds-2034-ckmbc-1095224204, networkLocation: /default-rack, certSerialId: null} reports an CLOSED replica.
2019-10-23 17:07:44,341 [EventQueue-ContainerReportForContainerReportHandler] WARN  container.ContainerReportHandler (AbstractContainerReportHandler.java:updateContainerState(145)) - Container #1 is in OPEN state, but the datanode 8a447bde-5925-4537-9923-914d6124acc8{ip: 192.168.157.242, host: pr-hdds-2034-ckmbc-1095224204, networkLocation: /default-rack, certSerialId: null} reports an CLOSED replica.
2019-10-23 17:07:44,615 [EventQueue-ContainerReportForContainerReportHandler] WARN  container.ContainerReportHandler (AbstractContainerReportHandler.java:updateContainerState(145)) - Container #1 is in OPEN state, but the datanode a645e8ec-3812-4481-93f3-68221dd5a52f{ip: 192.168.157.242, host: pr-hdds-2034-ckmbc-1095224204, networkLocation: /default-rack, certSerialId: null} reports an CLOSED replica.
2019-10-23 17:07:44,742 [EventQueue-ContainerReportForContainerReportHandler] WARN  container.ContainerReportHandler (AbstractContainerReportHandler.java:updateContainerState(145)) - Container #1 is in OPEN state, but the datanode 8a447bde-5925-4537-9923-914d6124acc8{ip: 192.168.157.242, host: pr-hdds-2034-ckmbc-1095224204, networkLocation: /default-rack, certSerialId: null} reports an CLOSED replica.
2019-10-23 17:07:44,941 [EventQueue-ContainerReportForContainerReportHandler] WARN  container.ContainerReportHandler (AbstractContainerReportHandler.java:updateContainerState(145)) - Container #1 is in OPEN state, but the datanode 8a447bde-5925-4537-9923-914d6124acc8{ip: 192.168.157.242, host: pr-hdds-2034-ckmbc-1095224204, networkLocation: /default-rack, certSerialId: null} reports an CLOSED replica.
2019-10-23 17:07:45,015 [EventQueue-ContainerReportForContainerReportHandler] WARN  container.ContainerReportHandler (AbstractContainerReportHandler.java:updateContainerState(145)) - Container #1 is in OPEN state, but the datanode a645e8ec-3812-4481-93f3-68221dd5a52f{ip: 192.168.157.242, host: pr-hdds-2034-ckmbc-1095224204, networkLocation: /default-rack, certSerialId: null} reports an CLOSED replica.
2019-10-23 17:07:45,138 [BlockDeletingService#2] WARN  background.BlockDeletingService (BlockDeletingService.java:isDeletionAllowed(187)) - Close Container log Index 6 is not replicated across allthe servers in the pipeline eaf7b8d5-4c44-4730-931b-7447e9ef7d39 as the min replicated index is 4. Deletion is not allowed in this container yet.
2019-10-23 17:07:45,141 [BlockDeletingService#2] WARN  background.BlockDeletingService (BlockDeletingService.java:isDeletionAllowed(187)) - Close Container log Index 6 is not replicated across allthe servers in the pipeline eaf7b8d5-4c44-4730-931b-7447e9ef7d39 as the min replicated index is 4. Deletion is not allowed in this container yet.
2019-10-23 17:07:45,216 [EventQueue-ContainerReportForContainerReportHandler] WARN  container.ContainerReportHandler (AbstractContainerReportHandler.java:updateContainerState(145)) - Container #1 is in OPEN state, but the datanode a645e8ec-3812-4481-93f3-68221dd5a52f{ip: 192.168.157.242, host: pr-hdds-2034-ckmbc-1095224204, networkLocation: /default-rack, certSerialId: null} reports an CLOSED replica.
2019-10-23 17:07:45,241 [EventQueue-ContainerReportForContainerReportHandler] WARN  container.ContainerReportHandler (AbstractContainerReportHandler.java:updateContainerState(145)) - Container #1 is in OPEN state, but the datanode 8a447bde-5925-4537-9923-914d6124acc8{ip: 192.168.157.242, host: pr-hdds-2034-ckmbc-1095224204, networkLocation: /default-rack, certSerialId: null} reports an CLOSED replica.
2019-10-23 17:07:45,415 [EventQueue-ContainerReportForContainerReportHandler] WARN  container.ContainerReportHandler (AbstractContainerReportHandler.java:updateContainerState(145)) - Container #1 is in OPEN state, but the datanode a645e8ec-3812-4481-93f3-68221dd5a52f{ip: 192.168.157.242, host: pr-hdds-2034-ckmbc-1095224204, networkLocation: /default-rack, certSerialId: null} reports an CLOSED replica.
2019-10-23 17:07:45,584 [java.util.concurrent.ThreadPoolExecutor$Worker@5c5d4f98[State = -1, empty queue]] WARN  server.GrpcLogAppender (GrpcLogAppender.java:timeoutAppendRequest(209)) - a645e8ec-3812-4481-93f3-68221dd5a52f@group-7447E9EF7D39->53b51124-92ed-42d6-a80e-016fa59d7f2b-GrpcLogAppender: appendEntries Timeout, request=a645e8ec-3812-4481-93f3-68221dd5a52f->53b51124-92ed-42d6-a80e-016fa59d7f2b#23-t4, previous=(t:4, i:8), leaderCommit=8, initializing? false, entries: <empty>
2019-10-23 17:07:45,616 [EventQueue-ContainerReportForContainerReportHandler] WARN  container.ContainerReportHandler (AbstractContainerReportHandler.java:updateContainerState(145)) - Container #1 is in OPEN state, but the datanode a645e8ec-3812-4481-93f3-68221dd5a52f{ip: 192.168.157.242, host: pr-hdds-2034-ckmbc-1095224204, networkLocation: /default-rack, certSerialId: null} reports an CLOSED replica.
2019-10-23 17:07:45,641 [EventQueue-ContainerReportForContainerReportHandler] WARN  container.ContainerReportHandler (AbstractContainerReportHandler.java:updateContainerState(145)) - Container #1 is in OPEN state, but the datanode 8a447bde-5925-4537-9923-914d6124acc8{ip: 192.168.157.242, host: pr-hdds-2034-ckmbc-1095224204, networkLocation: /default-rack, certSerialId: null} reports an CLOSED replica.
2019-10-23 17:07:45,657 [java.util.concurrent.ThreadPoolExecutor$Worker@5c5d4f98[State = -1, empty queue]] WARN  server.GrpcLogAppender (GrpcLogAppender.java:timeoutAppendRequest(209)) - a645e8ec-3812-4481-93f3-68221dd5a52f@group-7447E9EF7D39->53b51124-92ed-42d6-a80e-016fa59d7f2b-GrpcLogAppender: appendEntries Timeout, request=a645e8ec-3812-4481-93f3-68221dd5a52f->53b51124-92ed-42d6-a80e-016fa59d7f2b#24-t4, previous=(t:4, i:8), leaderCommit=8, initializing? false, entries: size=1, first=(t:4, i:9), STATEMACHINELOGENTRY, client-6E7B79CE8B8B, cid=6
2019-10-23 17:07:45,671 [java.util.concurrent.ThreadPoolExecutor$Worker@5c5d4f98[State = -1, empty queue]] WARN  server.GrpcLogAppender (GrpcLogAppender.java:timeoutAppendRequest(209)) - a645e8ec-3812-4481-93f3-68221dd5a52f@group-7447E9EF7D39->53b51124-92ed-42d6-a80e-016fa59d7f2b-GrpcLogAppender: appendEntries Timeout, request=a645e8ec-3812-4481-93f3-68221dd5a52f->53b51124-92ed-42d6-a80e-016fa59d7f2b#25-t4, previous=(t:4, i:9), leaderCommit=9, initializing? false, entries: size=1, first=(t:4, i:10), METADATAENTRY(c9)
2019-10-23 17:07:45,916 [EventQueue-ContainerReportForContainerReportHandler] WARN  container.ContainerReportHandler (AbstractContainerReportHandler.java:updateContainerState(145)) - Container #1 is in OPEN state, but the datanode a645e8ec-3812-4481-93f3-68221dd5a52f{ip: 192.168.157.242, host: pr-hdds-2034-ckmbc-1095224204, networkLocation: /default-rack, certSerialId: null} reports an CLOSED replica.
2019-10-23 17:07:45,941 [EventQueue-ContainerReportForContainerReportHandler] WARN  container.ContainerReportHandler (AbstractContainerReportHandler.java:updateContainerState(145)) - Container #1 is in OPEN state, but the datanode 8a447bde-5925-4537-9923-914d6124acc8{ip: 192.168.157.242, host: pr-hdds-2034-ckmbc-1095224204, networkLocation: /default-rack, certSerialId: null} reports an CLOSED replica.
2019-10-23 17:07:46,115 [EventQueue-ContainerReportForContainerReportHandler] WARN  container.ContainerReportHandler (AbstractContainerReportHandler.java:updateContainerState(145)) - Container #1 is in OPEN state, but the datanode a645e8ec-3812-4481-93f3-68221dd5a52f{ip: 192.168.157.242, host: pr-hdds-2034-ckmbc-1095224204, networkLocation: /default-rack, certSerialId: null} reports an CLOSED replica.
2019-10-23 17:07:46,141 [BlockDeletingService#2] WARN  background.BlockDeletingService (BlockDeletingService.java:isDeletionAllowed(187)) - Close Container log Index 6 is not replicated across allthe servers in the pipeline eaf7b8d5-4c44-4730-931b-7447e9ef7d39 as the min replicated index is 4. Deletion is not allowed in this container yet.
2019-10-23 17:07:46,144 [BlockDeletingService#2] WARN  background.BlockDeletingService (BlockDeletingService.java:isDeletionAllowed(187)) - Close Container log Index 6 is not replicated across allthe servers in the pipeline eaf7b8d5-4c44-4730-931b-7447e9ef7d39 as the min replicated index is 4. Deletion is not allowed in this container yet.
2019-10-23 17:07:46,343 [EventQueue-ContainerReportForContainerReportHandler] WARN  container.ContainerReportHandler (AbstractContainerReportHandler.java:updateContainerState(145)) - Container #1 is in OPEN state, but the datanode 8a447bde-5925-4537-9923-914d6124acc8{ip: 192.168.157.242, host: pr-hdds-2034-ckmbc-1095224204, networkLocation: /default-rack, certSerialId: null} reports an CLOSED replica.
2019-10-23 17:07:46,515 [EventQueue-ContainerReportForContainerReportHandler] WARN  container.ContainerReportHandler (AbstractContainerReportHandler.java:updateContainerState(145)) - Container #1 is in OPEN state, but the datanode a645e8ec-3812-4481-93f3-68221dd5a52f{ip: 192.168.157.242, host: pr-hdds-2034-ckmbc-1095224204, networkLocation: /default-rack, certSerialId: null} reports an CLOSED replica.
2019-10-23 17:07:46,644 [EventQueue-ContainerReportForContainerReportHandler] WARN  container.ContainerReportHandler (AbstractContainerReportHandler.java:updateContainerState(145)) - Container #1 is in OPEN state, but the datanode 8a447bde-5925-4537-9923-914d6124acc8{ip: 192.168.157.242, host: pr-hdds-2034-ckmbc-1095224204, networkLocation: /default-rack, certSerialId: null} reports an CLOSED replica.
2019-10-23 17:07:46,716 [EventQueue-ContainerReportForContainerReportHandler] WARN  container.ContainerReportHandler (AbstractContainerReportHandler.java:updateContainerState(145)) - Container #1 is in OPEN state, but the datanode a645e8ec-3812-4481-93f3-68221dd5a52f{ip: 192.168.157.242, host: pr-hdds-2034-ckmbc-1095224204, networkLocation: /default-rack, certSerialId: null} reports an CLOSED replica.
2019-10-23 17:07:46,843 [EventQueue-ContainerReportForContainerReportHandler] WARN  container.ContainerReportHandler (AbstractContainerReportHandler.java:updateContainerState(145)) - Container #1 is in OPEN state, but the datanode 8a447bde-5925-4537-9923-914d6124acc8{ip: 192.168.157.242, host: pr-hdds-2034-ckmbc-1095224204, networkLocation: /default-rack, certSerialId: null} reports an CLOSED replica.
2019-10-23 17:07:46,915 [EventQueue-ContainerReportForContainerReportHandler] WARN  container.ContainerReportHandler (AbstractContainerReportHandler.java:updateContainerState(145)) - Container #1 is in OPEN state, but the datanode a645e8ec-3812-4481-93f3-68221dd5a52f{ip: 192.168.157.242, host: pr-hdds-2034-ckmbc-1095224204, networkLocation: /default-rack, certSerialId: null} reports an CLOSED replica.
2019-10-23 17:07:47,115 [EventQueue-ContainerReportForContainerReportHandler] WARN  container.ContainerReportHandler (AbstractContainerReportHandler.java:updateContainerState(145)) - Container #1 is in OPEN state, but the datanode a645e8ec-3812-4481-93f3-68221dd5a52f{ip: 192.168.157.242, host: pr-hdds-2034-ckmbc-1095224204, networkLocation: /default-rack, certSerialId: null} reports an CLOSED replica.
2019-10-23 17:07:47,147 [EventQueue-ContainerReportForContainerReportHandler] WARN  container.ContainerReportHandler (AbstractContainerReportHandler.java:updateContainerState(145)) - Container #1 is in OPEN state, but the datanode 8a447bde-5925-4537-9923-914d6124acc8{ip: 192.168.157.242, host: pr-hdds-2034-ckmbc-1095224204, networkLocation: /default-rack, certSerialId: null} reports an CLOSED replica.
2019-10-23 17:07:47,147 [BlockDeletingService#2] WARN  background.BlockDeletingService (BlockDeletingService.java:isDeletionAllowed(187)) - Close Container log Index 6 is not replicated across allthe servers in the pipeline eaf7b8d5-4c44-4730-931b-7447e9ef7d39 as the min replicated index is 4. Deletion is not allowed in this container yet.
2019-10-23 17:07:47,147 [BlockDeletingService#2] WARN  background.BlockDeletingService (BlockDeletingService.java:isDeletionAllowed(187)) - Close Container log Index 6 is not replicated across allthe servers in the pipeline eaf7b8d5-4c44-4730-931b-7447e9ef7d39 as the min replicated index is 4. Deletion is not allowed in this container yet.
2019-10-23 17:07:47,415 [EventQueue-ContainerReportForContainerReportHandler] WARN  container.ContainerReportHandler (AbstractContainerReportHandler.java:updateContainerState(145)) - Container #1 is in OPEN state, but the datanode a645e8ec-3812-4481-93f3-68221dd5a52f{ip: 192.168.157.242, host: pr-hdds-2034-ckmbc-1095224204, networkLocation: /default-rack, certSerialId: null} reports an CLOSED replica.
2019-10-23 17:07:47,446 [EventQueue-ContainerReportForContainerReportHandler] WARN  container.ContainerReportHandler (AbstractContainerReportHandler.java:updateContainerState(145)) - Container #1 is in OPEN state, but the datanode 8a447bde-5925-4537-9923-914d6124acc8{ip: 192.168.157.242, host: pr-hdds-2034-ckmbc-1095224204, networkLocation: /default-rack, certSerialId: null} reports an CLOSED replica.
2019-10-23 17:07:47,615 [EventQueue-ContainerReportForContainerReportHandler] WARN  container.ContainerReportHandler (AbstractContainerReportHandler.java:updateContainerState(145)) - Container #1 is in OPEN state, but the datanode a645e8ec-3812-4481-93f3-68221dd5a52f{ip: 192.168.157.242, host: pr-hdds-2034-ckmbc-1095224204, networkLocation: /default-rack, certSerialId: null} reports an CLOSED replica.
2019-10-23 17:07:47,746 [EventQueue-ContainerReportForContainerReportHandler] WARN  container.ContainerReportHandler (AbstractContainerReportHandler.java:updateContainerState(145)) - Container #1 is in OPEN state, but the datanode 8a447bde-5925-4537-9923-914d6124acc8{ip: 192.168.157.242, host: pr-hdds-2034-ckmbc-1095224204, networkLocation: /default-rack, certSerialId: null} reports an CLOSED replica.
2019-10-23 17:07:47,917 [EventQueue-ContainerReportForContainerReportHandler] WARN  container.ContainerReportHandler (AbstractContainerReportHandler.java:updateContainerState(145)) - Container #1 is in OPEN state, but the datanode a645e8ec-3812-4481-93f3-68221dd5a52f{ip: 192.168.157.242, host: pr-hdds-2034-ckmbc-1095224204, networkLocation: /default-rack, certSerialId: null} reports an CLOSED replica.
2019-10-23 17:07:48,047 [EventQueue-ContainerReportForContainerReportHandler] WARN  container.ContainerReportHandler (AbstractContainerReportHandler.java:updateContainerState(145)) - Container #1 is in OPEN state, but the datanode 8a447bde-5925-4537-9923-914d6124acc8{ip: 192.168.157.242, host: pr-hdds-2034-ckmbc-1095224204, networkLocation: /default-rack, certSerialId: null} reports an CLOSED replica.
2019-10-23 17:07:48,117 [EventQueue-ContainerReportForContainerReportHandler] WARN  container.ContainerReportHandler (AbstractContainerReportHandler.java:updateContainerState(145)) - Container #1 is in OPEN state, but the datanode a645e8ec-3812-4481-93f3-68221dd5a52f{ip: 192.168.157.242, host: pr-hdds-2034-ckmbc-1095224204, networkLocation: /default-rack, certSerialId: null} reports an CLOSED replica.
2019-10-23 17:07:48,150 [BlockDeletingService#2] WARN  background.BlockDeletingService (BlockDeletingService.java:isDeletionAllowed(187)) - Close Container log Index 6 is not replicated across allthe servers in the pipeline eaf7b8d5-4c44-4730-931b-7447e9ef7d39 as the min replicated index is 4. Deletion is not allowed in this container yet.
2019-10-23 17:07:48,150 [BlockDeletingService#2] WARN  background.BlockDeletingService (BlockDeletingService.java:isDeletionAllowed(187)) - Close Container log Index 6 is not replicated across allthe servers in the pipeline eaf7b8d5-4c44-4730-931b-7447e9ef7d39 as the min replicated index is 4. Deletion is not allowed in this container yet.
2019-10-23 17:07:48,173 [java.util.concurrent.ThreadPoolExecutor$Worker@5c5d4f98[State = -1, empty queue]] WARN  server.GrpcLogAppender (GrpcLogAppender.java:timeoutAppendRequest(209)) - a645e8ec-3812-4481-93f3-68221dd5a52f@group-7447E9EF7D39->53b51124-92ed-42d6-a80e-016fa59d7f2b-GrpcLogAppender: appendEntries Timeout, request=a645e8ec-3812-4481-93f3-68221dd5a52f->53b51124-92ed-42d6-a80e-016fa59d7f2b#26-t4, previous=(t:4, i:10), leaderCommit=10, initializing? false, entries: <empty>
2019-10-23 17:07:48,349 [EventQueue-ContainerReportForContainerReportHandler] WARN  container.ContainerReportHandler (AbstractContainerReportHandler.java:updateContainerState(145)) - Container #1 is in OPEN state, but the datanode 8a447bde-5925-4537-9923-914d6124acc8{ip: 192.168.157.242, host: pr-hdds-2034-ckmbc-1095224204, networkLocation: /default-rack, certSerialId: null} reports an CLOSED replica.
2019-10-23 17:07:48,417 [EventQueue-ContainerReportForContainerReportHandler] WARN  container.ContainerReportHandler (AbstractContainerReportHandler.java:updateContainerState(145)) - Container #1 is in OPEN state, but the datanode a645e8ec-3812-4481-93f3-68221dd5a52f{ip: 192.168.157.242, host: pr-hdds-2034-ckmbc-1095224204, networkLocation: /default-rack, certSerialId: null} reports an CLOSED replica.
2019-10-23 17:07:48,617 [EventQueue-ContainerReportForContainerReportHandler] WARN  container.ContainerReportHandler (AbstractContainerReportHandler.java:updateContainerState(145)) - Container #1 is in OPEN state, but the datanode a645e8ec-3812-4481-93f3-68221dd5a52f{ip: 192.168.157.242, host: pr-hdds-2034-ckmbc-1095224204, networkLocation: /default-rack, certSerialId: null} reports an CLOSED replica.
2019-10-23 17:07:48,749 [EventQueue-ContainerReportForContainerReportHandler] WARN  container.ContainerReportHandler (AbstractContainerReportHandler.java:updateContainerState(145)) - Container #1 is in OPEN state, but the datanode 8a447bde-5925-4537-9923-914d6124acc8{ip: 192.168.157.242, host: pr-hdds-2034-ckmbc-1095224204, networkLocation: /default-rack, certSerialId: null} reports an CLOSED replica.
2019-10-23 17:07:48,917 [EventQueue-ContainerReportForContainerReportHandler] WARN  container.ContainerReportHandler (AbstractContainerReportHandler.java:updateContainerState(145)) - Container #1 is in OPEN state, but the datanode a645e8ec-3812-4481-93f3-68221dd5a52f{ip: 192.168.157.242, host: pr-hdds-2034-ckmbc-1095224204, networkLocation: /default-rack, certSerialId: null} reports an CLOSED replica.
2019-10-23 17:07:49,118 [EventQueue-ContainerReportForContainerReportHandler] WARN  container.ContainerReportHandler (AbstractContainerReportHandler.java:updateContainerState(145)) - Container #1 is in OPEN state, but the datanode a645e8ec-3812-4481-93f3-68221dd5a52f{ip: 192.168.157.242, host: pr-hdds-2034-ckmbc-1095224204, networkLocation: /default-rack, certSerialId: null} reports an CLOSED replica.
2019-10-23 17:07:49,149 [EventQueue-ContainerReportForContainerReportHandler] WARN  container.ContainerReportHandler (AbstractContainerReportHandler.java:updateContainerState(145)) - Container #1 is in OPEN state, but the datanode 8a447bde-5925-4537-9923-914d6124acc8{ip: 192.168.157.242, host: pr-hdds-2034-ckmbc-1095224204, networkLocation: /default-rack, certSerialId: null} reports an CLOSED replica.
2019-10-23 17:07:49,153 [BlockDeletingService#2] WARN  background.BlockDeletingService (BlockDeletingService.java:isDeletionAllowed(187)) - Close Container log Index 6 is not replicated across allthe servers in the pipeline eaf7b8d5-4c44-4730-931b-7447e9ef7d39 as the min replicated index is 4. Deletion is not allowed in this container yet.
2019-10-23 17:07:49,153 [BlockDeletingService#2] WARN  background.BlockDeletingService (BlockDeletingService.java:isDeletionAllowed(187)) - Close Container log Index 6 is not replicated across allthe servers in the pipeline eaf7b8d5-4c44-4730-931b-7447e9ef7d39 as the min replicated index is 4. Deletion is not allowed in this container yet.
2019-10-23 17:07:49,349 [EventQueue-ContainerReportForContainerReportHandler] WARN  container.ContainerReportHandler (AbstractContainerReportHandler.java:updateContainerState(145)) - Container #1 is in OPEN state, but the datanode 8a447bde-5925-4537-9923-914d6124acc8{ip: 192.168.157.242, host: pr-hdds-2034-ckmbc-1095224204, networkLocation: /default-rack, certSerialId: null} reports an CLOSED replica.
2019-10-23 17:07:49,418 [EventQueue-ContainerReportForContainerReportHandler] WARN  container.ContainerReportHandler (AbstractContainerReportHandler.java:updateContainerState(145)) - Container #1 is in OPEN state, but the datanode a645e8ec-3812-4481-93f3-68221dd5a52f{ip: 192.168.157.242, host: pr-hdds-2034-ckmbc-1095224204, networkLocation: /default-rack, certSerialId: null} reports an CLOSED replica.
2019-10-23 17:07:49,618 [EventQueue-ContainerReportForContainerReportHandler] WARN  container.ContainerReportHandler (AbstractContainerReportHandler.java:updateContainerState(145)) - Container #1 is in OPEN state, but the datanode a645e8ec-3812-4481-93f3-68221dd5a52f{ip: 192.168.157.242, host: pr-hdds-2034-ckmbc-1095224204, networkLocation: /default-rack, certSerialId: null} reports an CLOSED replica.
2019-10-23 17:07:49,649 [EventQueue-ContainerReportForContainerReportHandler] WARN  container.ContainerReportHandler (AbstractContainerReportHandler.java:updateContainerState(145)) - Container #1 is in OPEN state, but the datanode 8a447bde-5925-4537-9923-914d6124acc8{ip: 192.168.157.242, host: pr-hdds-2034-ckmbc-1095224204, networkLocation: /default-rack, certSerialId: null} reports an CLOSED replica.
2019-10-23 17:07:49,949 [EventQueue-ContainerReportForContainerReportHandler] WARN  container.ContainerReportHandler (AbstractContainerReportHandler.java:updateContainerState(145)) - Container #1 is in OPEN state, but the datanode 8a447bde-5925-4537-9923-914d6124acc8{ip: 192.168.157.242, host: pr-hdds-2034-ckmbc-1095224204, networkLocation: /default-rack, certSerialId: null} reports an CLOSED replica.
2019-10-23 17:07:50,018 [EventQueue-ContainerReportForContainerReportHandler] WARN  container.ContainerReportHandler (AbstractContainerReportHandler.java:updateContainerState(145)) - Container #1 is in OPEN state, but the datanode a645e8ec-3812-4481-93f3-68221dd5a52f{ip: 192.168.157.242, host: pr-hdds-2034-ckmbc-1095224204, networkLocation: /default-rack, certSerialId: null} reports an CLOSED replica.
2019-10-23 17:07:50,150 [EventQueue-ContainerReportForContainerReportHandler] WARN  container.ContainerReportHandler (AbstractContainerReportHandler.java:updateContainerState(145)) - Container #1 is in OPEN state, but the datanode 8a447bde-5925-4537-9923-914d6124acc8{ip: 192.168.157.242, host: pr-hdds-2034-ckmbc-1095224204, networkLocation: /default-rack, certSerialId: null} reports an CLOSED replica.
2019-10-23 17:07:50,156 [BlockDeletingService#2] WARN  background.BlockDeletingService (BlockDeletingService.java:isDeletionAllowed(187)) - Close Container log Index 6 is not replicated across allthe servers in the pipeline eaf7b8d5-4c44-4730-931b-7447e9ef7d39 as the min replicated index is 4. Deletion is not allowed in this container yet.
2019-10-23 17:07:50,156 [BlockDeletingService#2] WARN  background.BlockDeletingService (BlockDeletingService.java:isDeletionAllowed(187)) - Close Container log Index 6 is not replicated across allthe servers in the pipeline eaf7b8d5-4c44-4730-931b-7447e9ef7d39 as the min replicated index is 4. Deletion is not allowed in this container yet.
2019-10-23 17:07:50,219 [EventQueue-ContainerReportForContainerReportHandler] WARN  container.ContainerReportHandler (AbstractContainerReportHandler.java:updateContainerState(145)) - Container #1 is in OPEN state, but the datanode a645e8ec-3812-4481-93f3-68221dd5a52f{ip: 192.168.157.242, host: pr-hdds-2034-ckmbc-1095224204, networkLocation: /default-rack, certSerialId: null} reports an CLOSED replica.
2019-10-23 17:07:50,519 [EventQueue-ContainerReportForContainerReportHandler] WARN  container.ContainerReportHandler (AbstractContainerReportHandler.java:updateContainerState(145)) - Container #1 is in OPEN state, but the datanode a645e8ec-3812-4481-93f3-68221dd5a52f{ip: 192.168.157.242, host: pr-hdds-2034-ckmbc-1095224204, networkLocation: /default-rack, certSerialId: null} reports an CLOSED replica.
2019-10-23 17:07:50,551 [EventQueue-ContainerReportForContainerReportHandler] WARN  container.ContainerReportHandler (AbstractContainerReportHandler.java:updateContainerState(145)) - Container #1 is in OPEN state, but the datanode 8a447bde-5925-4537-9923-914d6124acc8{ip: 192.168.157.242, host: pr-hdds-2034-ckmbc-1095224204, networkLocation: /default-rack, certSerialId: null} reports an CLOSED replica.
2019-10-23 17:07:50,676 [java.util.concurrent.ThreadPoolExecutor$Worker@5c5d4f98[State = -1, empty queue]] WARN  server.GrpcLogAppender (GrpcLogAppender.java:timeoutAppendRequest(209)) - a645e8ec-3812-4481-93f3-68221dd5a52f@group-7447E9EF7D39->53b51124-92ed-42d6-a80e-016fa59d7f2b-GrpcLogAppender: appendEntries Timeout, request=a645e8ec-3812-4481-93f3-68221dd5a52f->53b51124-92ed-42d6-a80e-016fa59d7f2b#27-t4, previous=(t:4, i:10), leaderCommit=10, initializing? false, entries: <empty>
2019-10-23 17:07:50,720 [Thread-381] INFO  client.GrpcClientProtocolService (GrpcClientProtocolService.java:lambda$processClientRequest$0(279)) - Failed RaftClientRequest:client-18D260901AB6->8a447bde-5925-4537-9923-914d6124acc8@group-7447E9EF7D39, cid=4, seq=0, Watch-ALL_COMMITTED(6), Message:<EMPTY>, reply=RaftClientReply:client-18D260901AB6->8a447bde-5925-4537-9923-914d6124acc8@group-7447E9EF7D39, cid=4, FAILED org.apache.ratis.protocol.NotLeaderException: Server 8a447bde-5925-4537-9923-914d6124acc8@group-7447E9EF7D39 is not the leader a645e8ec-3812-4481-93f3-68221dd5a52f:192.168.157.242:42875, logIndex=0, commits[8a447bde-5925-4537-9923-914d6124acc8:c10, 53b51124-92ed-42d6-a80e-016fa59d7f2b:c4, a645e8ec-3812-4481-93f3-68221dd5a52f:c10]
2019-10-23 17:07:50,819 [EventQueue-ContainerReportForContainerReportHandler] WARN  container.ContainerReportHandler (AbstractContainerReportHandler.java:updateContainerState(145)) - Container #1 is in OPEN state, but the datanode a645e8ec-3812-4481-93f3-68221dd5a52f{ip: 192.168.157.242, host: pr-hdds-2034-ckmbc-1095224204, networkLocation: /default-rack, certSerialId: null} reports an CLOSED replica.
2019-10-23 17:07:50,952 [EventQueue-ContainerReportForContainerReportHandler] WARN  container.ContainerReportHandler (AbstractContainerReportHandler.java:updateContainerState(145)) - Container #1 is in OPEN state, but the datanode 8a447bde-5925-4537-9923-914d6124acc8{ip: 192.168.157.242, host: pr-hdds-2034-ckmbc-1095224204, networkLocation: /default-rack, certSerialId: null} reports an CLOSED replica.
2019-10-23 17:07:51,019 [EventQueue-ContainerReportForContainerReportHandler] WARN  container.ContainerReportHandler (AbstractContainerReportHandler.java:updateContainerState(145)) - Container #1 is in OPEN state, but the datanode a645e8ec-3812-4481-93f3-68221dd5a52f{ip: 192.168.157.242, host: pr-hdds-2034-ckmbc-1095224204, networkLocation: /default-rack, certSerialId: null} reports an CLOSED replica.
2019-10-23 17:07:51,159 [BlockDeletingService#2] WARN  background.BlockDeletingService (BlockDeletingService.java:isDeletionAllowed(187)) - Close Container log Index 6 is not replicated across allthe servers in the pipeline eaf7b8d5-4c44-4730-931b-7447e9ef7d39 as the min replicated index is 4. Deletion is not allowed in this container yet.
2019-10-23 17:07:51,159 [BlockDeletingService#2] WARN  background.BlockDeletingService (BlockDeletingService.java:isDeletionAllowed(187)) - Close Container log Index 6 is not replicated across allthe servers in the pipeline eaf7b8d5-4c44-4730-931b-7447e9ef7d39 as the min replicated index is 4. Deletion is not allowed in this container yet.
2019-10-23 17:07:51,251 [EventQueue-ContainerReportForContainerReportHandler] WARN  container.ContainerReportHandler (AbstractContainerReportHandler.java:updateContainerState(145)) - Container #1 is in OPEN state, but the datanode 8a447bde-5925-4537-9923-914d6124acc8{ip: 192.168.157.242, host: pr-hdds-2034-ckmbc-1095224204, networkLocation: /default-rack, certSerialId: null} reports an CLOSED replica.
2019-10-23 17:07:51,319 [EventQueue-ContainerReportForContainerReportHandler] WARN  container.ContainerReportHandler (AbstractContainerReportHandler.java:updateContainerState(145)) - Container #1 is in OPEN state, but the datanode a645e8ec-3812-4481-93f3-68221dd5a52f{ip: 192.168.157.242, host: pr-hdds-2034-ckmbc-1095224204, networkLocation: /default-rack, certSerialId: null} reports an CLOSED replica.
2019-10-23 17:07:51,620 [EventQueue-ContainerReportForContainerReportHandler] WARN  container.ContainerReportHandler (AbstractContainerReportHandler.java:updateContainerState(145)) - Container #1 is in OPEN state, but the datanode a645e8ec-3812-4481-93f3-68221dd5a52f{ip: 192.168.157.242, host: pr-hdds-2034-ckmbc-1095224204, networkLocation: /default-rack, certSerialId: null} reports an CLOSED replica.
2019-10-23 17:07:51,652 [EventQueue-ContainerReportForContainerReportHandler] WARN  container.ContainerReportHandler (AbstractContainerReportHandler.java:updateContainerState(145)) - Container #1 is in OPEN state, but the datanode 8a447bde-5925-4537-9923-914d6124acc8{ip: 192.168.157.242, host: pr-hdds-2034-ckmbc-1095224204, networkLocation: /default-rack, certSerialId: null} reports an CLOSED replica.
2019-10-23 17:07:51,920 [EventQueue-ContainerReportForContainerReportHandler] WARN  container.ContainerReportHandler (AbstractContainerReportHandler.java:updateContainerState(145)) - Container #1 is in OPEN state, but the datanode a645e8ec-3812-4481-93f3-68221dd5a52f{ip: 192.168.157.242, host: pr-hdds-2034-ckmbc-1095224204, networkLocation: /default-rack, certSerialId: null} reports an CLOSED replica.
2019-10-23 17:07:51,951 [EventQueue-ContainerReportForContainerReportHandler] WARN  container.ContainerReportHandler (AbstractContainerReportHandler.java:updateContainerState(145)) - Container #1 is in OPEN state, but the datanode 8a447bde-5925-4537-9923-914d6124acc8{ip: 192.168.157.242, host: pr-hdds-2034-ckmbc-1095224204, networkLocation: /default-rack, certSerialId: null} reports an CLOSED replica.
2019-10-23 17:07:52,164 [BlockDeletingService#2] WARN  background.BlockDeletingService (BlockDeletingService.java:isDeletionAllowed(187)) - Close Container log Index 6 is not replicated across allthe servers in the pipeline eaf7b8d5-4c44-4730-931b-7447e9ef7d39 as the min replicated index is 4. Deletion is not allowed in this container yet.
2019-10-23 17:07:52,164 [BlockDeletingService#2] WARN  background.BlockDeletingService (BlockDeletingService.java:isDeletionAllowed(187)) - Close Container log Index 6 is not replicated across allthe servers in the pipeline eaf7b8d5-4c44-4730-931b-7447e9ef7d39 as the min replicated index is 4. Deletion is not allowed in this container yet.
2019-10-23 17:07:52,251 [EventQueue-ContainerReportForContainerReportHandler] WARN  container.ContainerReportHandler (AbstractContainerReportHandler.java:updateContainerState(145)) - Container #1 is in OPEN state, but the datanode 8a447bde-5925-4537-9923-914d6124acc8{ip: 192.168.157.242, host: pr-hdds-2034-ckmbc-1095224204, networkLocation: /default-rack, certSerialId: null} reports an CLOSED replica.
2019-10-23 17:07:52,320 [EventQueue-ContainerReportForContainerReportHandler] WARN  container.ContainerReportHandler (AbstractContainerReportHandler.java:updateContainerState(145)) - Container #1 is in OPEN state, but the datanode a645e8ec-3812-4481-93f3-68221dd5a52f{ip: 192.168.157.242, host: pr-hdds-2034-ckmbc-1095224204, networkLocation: /default-rack, certSerialId: null} reports an CLOSED replica.
2019-10-23 17:07:52,520 [EventQueue-ContainerReportForContainerReportHandler] WARN  container.ContainerReportHandler (AbstractContainerReportHandler.java:updateContainerState(145)) - Container #1 is in OPEN state, but the datanode a645e8ec-3812-4481-93f3-68221dd5a52f{ip: 192.168.157.242, host: pr-hdds-2034-ckmbc-1095224204, networkLocation: /default-rack, certSerialId: null} reports an CLOSED replica.
2019-10-23 17:07:52,551 [EventQueue-ContainerReportForContainerReportHandler] WARN  container.ContainerReportHandler (AbstractContainerReportHandler.java:updateContainerState(145)) - Container #1 is in OPEN state, but the datanode 8a447bde-5925-4537-9923-914d6124acc8{ip: 192.168.157.242, host: pr-hdds-2034-ckmbc-1095224204, networkLocation: /default-rack, certSerialId: null} reports an CLOSED replica.
2019-10-23 17:07:52,585 [Thread-388] INFO  client.GrpcClientProtocolService (GrpcClientProtocolService.java:lambda$processClientRequest$0(279)) - Failed RaftClientRequest:client-18D260901AB6->a645e8ec-3812-4481-93f3-68221dd5a52f@group-7447E9EF7D39, cid=4, seq=0, Watch-ALL_COMMITTED(6), Message:<EMPTY>, reply=RaftClientReply:client-18D260901AB6->a645e8ec-3812-4481-93f3-68221dd5a52f@group-7447E9EF7D39, cid=4, FAILED org.apache.ratis.protocol.NotReplicatedException: Request with call Id 4 and log index 6 is not yet replicated to ALL_COMMITTED, logIndex=6, commits[a645e8ec-3812-4481-93f3-68221dd5a52f:c10, 8a447bde-5925-4537-9923-914d6124acc8:c10, 53b51124-92ed-42d6-a80e-016fa59d7f2b:c4]
2019-10-23 17:07:52,720 [EventQueue-ContainerReportForContainerReportHandler] WARN  container.ContainerReportHandler (AbstractContainerReportHandler.java:updateContainerState(145)) - Container #1 is in OPEN state, but the datanode a645e8ec-3812-4481-93f3-68221dd5a52f{ip: 192.168.157.242, host: pr-hdds-2034-ckmbc-1095224204, networkLocation: /default-rack, certSerialId: null} reports an CLOSED replica.
2019-10-23 17:07:52,951 [EventQueue-ContainerReportForContainerReportHandler] WARN  container.ContainerReportHandler (AbstractContainerReportHandler.java:updateContainerState(145)) - Container #1 is in OPEN state, but the datanode 8a447bde-5925-4537-9923-914d6124acc8{ip: 192.168.157.242, host: pr-hdds-2034-ckmbc-1095224204, networkLocation: /default-rack, certSerialId: null} reports an CLOSED replica.
2019-10-23 17:07:53,120 [EventQueue-ContainerReportForContainerReportHandler] WARN  container.ContainerReportHandler (AbstractContainerReportHandler.java:updateContainerState(145)) - Container #1 is in OPEN state, but the datanode a645e8ec-3812-4481-93f3-68221dd5a52f{ip: 192.168.157.242, host: pr-hdds-2034-ckmbc-1095224204, networkLocation: /default-rack, certSerialId: null} reports an CLOSED replica.
2019-10-23 17:07:53,166 [BlockDeletingService#2] WARN  background.BlockDeletingService (BlockDeletingService.java:isDeletionAllowed(187)) - Close Container log Index 6 is not replicated across allthe servers in the pipeline eaf7b8d5-4c44-4730-931b-7447e9ef7d39 as the min replicated index is 4. Deletion is not allowed in this container yet.
2019-10-23 17:07:53,166 [BlockDeletingService#2] WARN  background.BlockDeletingService (BlockDeletingService.java:isDeletionAllowed(187)) - Close Container log Index 6 is not replicated across allthe servers in the pipeline eaf7b8d5-4c44-4730-931b-7447e9ef7d39 as the min replicated index is 4. Deletion is not allowed in this container yet.
2019-10-23 17:07:53,177 [java.util.concurrent.ThreadPoolExecutor$Worker@5c5d4f98[State = -1, empty queue]] WARN  server.GrpcLogAppender (GrpcLogAppender.java:timeoutAppendRequest(209)) - a645e8ec-3812-4481-93f3-68221dd5a52f@group-7447E9EF7D39->53b51124-92ed-42d6-a80e-016fa59d7f2b-GrpcLogAppender: appendEntries Timeout, request=a645e8ec-3812-4481-93f3-68221dd5a52f->53b51124-92ed-42d6-a80e-016fa59d7f2b#28-t4, previous=(t:4, i:10), leaderCommit=10, initializing? false, entries: <empty>
2019-10-23 17:07:53,352 [EventQueue-ContainerReportForContainerReportHandler] WARN  container.ContainerReportHandler (AbstractContainerReportHandler.java:updateContainerState(145)) - Container #1 is in OPEN state, but the datanode 8a447bde-5925-4537-9923-914d6124acc8{ip: 192.168.157.242, host: pr-hdds-2034-ckmbc-1095224204, networkLocation: /default-rack, certSerialId: null} reports an CLOSED replica.
2019-10-23 17:07:53,520 [EventQueue-ContainerReportForContainerReportHandler] WARN  container.ContainerReportHandler (AbstractContainerReportHandler.java:updateContainerState(145)) - Container #1 is in OPEN state, but the datanode a645e8ec-3812-4481-93f3-68221dd5a52f{ip: 192.168.157.242, host: pr-hdds-2034-ckmbc-1095224204, networkLocation: /default-rack, certSerialId: null} reports an CLOSED replica.
2019-10-23 17:07:53,552 [EventQueue-ContainerReportForContainerReportHandler] WARN  container.ContainerReportHandler (AbstractContainerReportHandler.java:updateContainerState(145)) - Container #1 is in OPEN state, but the datanode 8a447bde-5925-4537-9923-914d6124acc8{ip: 192.168.157.242, host: pr-hdds-2034-ckmbc-1095224204, networkLocation: /default-rack, certSerialId: null} reports an CLOSED replica.
2019-10-23 17:07:53,720 [EventQueue-ContainerReportForContainerReportHandler] WARN  container.ContainerReportHandler (AbstractContainerReportHandler.java:updateContainerState(145)) - Container #1 is in OPEN state, but the datanode a645e8ec-3812-4481-93f3-68221dd5a52f{ip: 192.168.157.242, host: pr-hdds-2034-ckmbc-1095224204, networkLocation: /default-rack, certSerialId: null} reports an CLOSED replica.
2019-10-23 17:07:53,852 [EventQueue-ContainerReportForContainerReportHandler] WARN  container.ContainerReportHandler (AbstractContainerReportHandler.java:updateContainerState(145)) - Container #1 is in OPEN state, but the datanode 8a447bde-5925-4537-9923-914d6124acc8{ip: 192.168.157.242, host: pr-hdds-2034-ckmbc-1095224204, networkLocation: /default-rack, certSerialId: null} reports an CLOSED replica.
2019-10-23 17:07:54,020 [EventQueue-ContainerReportForContainerReportHandler] WARN  container.ContainerReportHandler (AbstractContainerReportHandler.java:updateContainerState(145)) - Container #1 is in OPEN state, but the datanode a645e8ec-3812-4481-93f3-68221dd5a52f{ip: 192.168.157.242, host: pr-hdds-2034-ckmbc-1095224204, networkLocation: /default-rack, certSerialId: null} reports an CLOSED replica.
2019-10-23 17:07:54,168 [BlockDeletingService#2] WARN  background.BlockDeletingService (BlockDeletingService.java:isDeletionAllowed(187)) - Close Container log Index 6 is not replicated across allthe servers in the pipeline eaf7b8d5-4c44-4730-931b-7447e9ef7d39 as the min replicated index is 4. Deletion is not allowed in this container yet.
2019-10-23 17:07:54,168 [BlockDeletingService#2] WARN  background.BlockDeletingService (BlockDeletingService.java:isDeletionAllowed(187)) - Close Container log Index 6 is not replicated across allthe servers in the pipeline eaf7b8d5-4c44-4730-931b-7447e9ef7d39 as the min replicated index is 4. Deletion is not allowed in this container yet.
2019-10-23 17:07:54,252 [EventQueue-ContainerReportForContainerReportHandler] WARN  container.ContainerReportHandler (AbstractContainerReportHandler.java:updateContainerState(145)) - Container #1 is in OPEN state, but the datanode 8a447bde-5925-4537-9923-914d6124acc8{ip: 192.168.157.242, host: pr-hdds-2034-ckmbc-1095224204, networkLocation: /default-rack, certSerialId: null} reports an CLOSED replica.
2019-10-23 17:07:54,420 [EventQueue-ContainerReportForContainerReportHandler] WARN  container.ContainerReportHandler (AbstractContainerReportHandler.java:updateContainerState(145)) - Container #1 is in OPEN state, but the datanode a645e8ec-3812-4481-93f3-68221dd5a52f{ip: 192.168.157.242, host: pr-hdds-2034-ckmbc-1095224204, networkLocation: /default-rack, certSerialId: null} reports an CLOSED replica.
2019-10-23 17:07:54,452 [EventQueue-ContainerReportForContainerReportHandler] WARN  container.ContainerReportHandler (AbstractContainerReportHandler.java:updateContainerState(145)) - Container #1 is in OPEN state, but the datanode 8a447bde-5925-4537-9923-914d6124acc8{ip: 192.168.157.242, host: pr-hdds-2034-ckmbc-1095224204, networkLocation: /default-rack, certSerialId: null} reports an CLOSED replica.
2019-10-23 17:07:54,720 [EventQueue-ContainerReportForContainerReportHandler] WARN  container.ContainerReportHandler (AbstractContainerReportHandler.java:updateContainerState(145)) - Container #1 is in OPEN state, but the datanode a645e8ec-3812-4481-93f3-68221dd5a52f{ip: 192.168.157.242, host: pr-hdds-2034-ckmbc-1095224204, networkLocation: /default-rack, certSerialId: null} reports an CLOSED replica.
2019-10-23 17:07:54,853 [EventQueue-ContainerReportForContainerReportHandler] WARN  container.ContainerReportHandler (AbstractContainerReportHandler.java:updateContainerState(145)) - Container #1 is in OPEN state, but the datanode 8a447bde-5925-4537-9923-914d6124acc8{ip: 192.168.157.242, host: pr-hdds-2034-ckmbc-1095224204, networkLocation: /default-rack, certSerialId: null} reports an CLOSED replica.
2019-10-23 17:07:55,120 [EventQueue-ContainerReportForContainerReportHandler] WARN  container.ContainerReportHandler (AbstractContainerReportHandler.java:updateContainerState(145)) - Container #1 is in OPEN state, but the datanode a645e8ec-3812-4481-93f3-68221dd5a52f{ip: 192.168.157.242, host: pr-hdds-2034-ckmbc-1095224204, networkLocation: /default-rack, certSerialId: null} reports an CLOSED replica.
2019-10-23 17:07:55,153 [EventQueue-ContainerReportForContainerReportHandler] WARN  container.ContainerReportHandler (AbstractContainerReportHandler.java:updateContainerState(145)) - Container #1 is in OPEN state, but the datanode 8a447bde-5925-4537-9923-914d6124acc8{ip: 192.168.157.242, host: pr-hdds-2034-ckmbc-1095224204, networkLocation: /default-rack, certSerialId: null} reports an CLOSED replica.
2019-10-23 17:07:55,170 [BlockDeletingService#2] WARN  background.BlockDeletingService (BlockDeletingService.java:isDeletionAllowed(187)) - Close Container log Index 6 is not replicated across allthe servers in the pipeline eaf7b8d5-4c44-4730-931b-7447e9ef7d39 as the min replicated index is 4. Deletion is not allowed in this container yet.
2019-10-23 17:07:55,170 [BlockDeletingService#2] WARN  background.BlockDeletingService (BlockDeletingService.java:isDeletionAllowed(187)) - Close Container log Index 6 is not replicated across allthe servers in the pipeline eaf7b8d5-4c44-4730-931b-7447e9ef7d39 as the min replicated index is 4. Deletion is not allowed in this container yet.
2019-10-23 17:07:55,422 [EventQueue-ContainerReportForContainerReportHandler] WARN  container.ContainerReportHandler (AbstractContainerReportHandler.java:updateContainerState(145)) - Container #1 is in OPEN state, but the datanode a645e8ec-3812-4481-93f3-68221dd5a52f{ip: 192.168.157.242, host: pr-hdds-2034-ckmbc-1095224204, networkLocation: /default-rack, certSerialId: null} reports an CLOSED replica.
2019-10-23 17:07:55,453 [EventQueue-ContainerReportForContainerReportHandler] WARN  container.ContainerReportHandler (AbstractContainerReportHandler.java:updateContainerState(145)) - Container #1 is in OPEN state, but the datanode 8a447bde-5925-4537-9923-914d6124acc8{ip: 192.168.157.242, host: pr-hdds-2034-ckmbc-1095224204, networkLocation: /default-rack, certSerialId: null} reports an CLOSED replica.
2019-10-23 17:07:55,678 [java.util.concurrent.ThreadPoolExecutor$Worker@5c5d4f98[State = -1, empty queue]] WARN  server.GrpcLogAppender (GrpcLogAppender.java:timeoutAppendRequest(209)) - a645e8ec-3812-4481-93f3-68221dd5a52f@group-7447E9EF7D39->53b51124-92ed-42d6-a80e-016fa59d7f2b-GrpcLogAppender: appendEntries Timeout, request=a645e8ec-3812-4481-93f3-68221dd5a52f->53b51124-92ed-42d6-a80e-016fa59d7f2b#29-t4, previous=(t:4, i:10), leaderCommit=10, initializing? false, entries: <empty>
2019-10-23 17:07:55,723 [EventQueue-ContainerReportForContainerReportHandler] WARN  container.ContainerReportHandler (AbstractContainerReportHandler.java:updateContainerState(145)) - Container #1 is in OPEN state, but the datanode a645e8ec-3812-4481-93f3-68221dd5a52f{ip: 192.168.157.242, host: pr-hdds-2034-ckmbc-1095224204, networkLocation: /default-rack, certSerialId: null} reports an CLOSED replica.
2019-10-23 17:07:55,753 [EventQueue-ContainerReportForContainerReportHandler] WARN  container.ContainerReportHandler (AbstractContainerReportHandler.java:updateContainerState(145)) - Container #1 is in OPEN state, but the datanode 8a447bde-5925-4537-9923-914d6124acc8{ip: 192.168.157.242, host: pr-hdds-2034-ckmbc-1095224204, networkLocation: /default-rack, certSerialId: null} reports an CLOSED replica.
2019-10-23 17:07:55,953 [EventQueue-ContainerReportForContainerReportHandler] WARN  container.ContainerReportHandler (AbstractContainerReportHandler.java:updateContainerState(145)) - Container #1 is in OPEN state, but the datanode 8a447bde-5925-4537-9923-914d6124acc8{ip: 192.168.157.242, host: pr-hdds-2034-ckmbc-1095224204, networkLocation: /default-rack, certSerialId: null} reports an CLOSED replica.
2019-10-23 17:07:56,025 [EventQueue-ContainerReportForContainerReportHandler] WARN  container.ContainerReportHandler (AbstractContainerReportHandler.java:updateContainerState(145)) - Container #1 is in OPEN state, but the datanode a645e8ec-3812-4481-93f3-68221dd5a52f{ip: 192.168.157.242, host: pr-hdds-2034-ckmbc-1095224204, networkLocation: /default-rack, certSerialId: null} reports an CLOSED replica.
2019-10-23 17:07:56,171 [BlockDeletingService#2] WARN  background.BlockDeletingService (BlockDeletingService.java:isDeletionAllowed(187)) - Close Container log Index 6 is not replicated across allthe servers in the pipeline eaf7b8d5-4c44-4730-931b-7447e9ef7d39 as the min replicated index is 4. Deletion is not allowed in this container yet.
2019-10-23 17:07:56,171 [BlockDeletingService#2] WARN  background.BlockDeletingService (BlockDeletingService.java:isDeletionAllowed(187)) - Close Container log Index 6 is not replicated across allthe servers in the pipeline eaf7b8d5-4c44-4730-931b-7447e9ef7d39 as the min replicated index is 4. Deletion is not allowed in this container yet.
2019-10-23 17:07:56,254 [EventQueue-ContainerReportForContainerReportHandler] WARN  container.ContainerReportHandler (AbstractContainerReportHandler.java:updateContainerState(145)) - Container #1 is in OPEN state, but the datanode 8a447bde-5925-4537-9923-914d6124acc8{ip: 192.168.157.242, host: pr-hdds-2034-ckmbc-1095224204, networkLocation: /default-rack, certSerialId: null} reports an CLOSED replica.
2019-10-23 17:07:56,325 [EventQueue-ContainerReportForContainerReportHandler] WARN  container.ContainerReportHandler (AbstractContainerReportHandler.java:updateContainerState(145)) - Container #1 is in OPEN state, but the datanode a645e8ec-3812-4481-93f3-68221dd5a52f{ip: 192.168.157.242, host: pr-hdds-2034-ckmbc-1095224204, networkLocation: /default-rack, certSerialId: null} reports an CLOSED replica.
2019-10-23 17:07:56,454 [EventQueue-ContainerReportForContainerReportHandler] WARN  container.ContainerReportHandler (AbstractContainerReportHandler.java:updateContainerState(145)) - Container #1 is in OPEN state, but the datanode 8a447bde-5925-4537-9923-914d6124acc8{ip: 192.168.157.242, host: pr-hdds-2034-ckmbc-1095224204, networkLocation: /default-rack, certSerialId: null} reports an CLOSED replica.
2019-10-23 17:07:56,726 [EventQueue-ContainerReportForContainerReportHandler] WARN  container.ContainerReportHandler (AbstractContainerReportHandler.java:updateContainerState(145)) - Container #1 is in OPEN state, but the datanode a645e8ec-3812-4481-93f3-68221dd5a52f{ip: 192.168.157.242, host: pr-hdds-2034-ckmbc-1095224204, networkLocation: /default-rack, certSerialId: null} reports an CLOSED replica.
2019-10-23 17:07:56,856 [EventQueue-ContainerReportForContainerReportHandler] WARN  container.ContainerReportHandler (AbstractContainerReportHandler.java:updateContainerState(145)) - Container #1 is in OPEN state, but the datanode 8a447bde-5925-4537-9923-914d6124acc8{ip: 192.168.157.242, host: pr-hdds-2034-ckmbc-1095224204, networkLocation: /default-rack, certSerialId: null} reports an CLOSED replica.
2019-10-23 17:07:56,928 [EventQueue-ContainerReportForContainerReportHandler] WARN  container.ContainerReportHandler (AbstractContainerReportHandler.java:updateContainerState(145)) - Container #1 is in OPEN state, but the datanode a645e8ec-3812-4481-93f3-68221dd5a52f{ip: 192.168.157.242, host: pr-hdds-2034-ckmbc-1095224204, networkLocation: /default-rack, certSerialId: null} reports an CLOSED replica.
2019-10-23 17:07:57,056 [EventQueue-ContainerReportForContainerReportHandler] WARN  container.ContainerReportHandler (AbstractContainerReportHandler.java:updateContainerState(145)) - Container #1 is in OPEN state, but the datanode 8a447bde-5925-4537-9923-914d6124acc8{ip: 192.168.157.242, host: pr-hdds-2034-ckmbc-1095224204, networkLocation: /default-rack, certSerialId: null} reports an CLOSED replica.
2019-10-23 17:07:57,125 [EventQueue-ContainerReportForContainerReportHandler] WARN  container.ContainerReportHandler (AbstractContainerReportHandler.java:updateContainerState(145)) - Container #1 is in OPEN state, but the datanode a645e8ec-3812-4481-93f3-68221dd5a52f{ip: 192.168.157.242, host: pr-hdds-2034-ckmbc-1095224204, networkLocation: /default-rack, certSerialId: null} reports an CLOSED replica.
2019-10-23 17:07:57,174 [BlockDeletingService#2] WARN  background.BlockDeletingService (BlockDeletingService.java:isDeletionAllowed(187)) - Close Container log Index 6 is not replicated across allthe servers in the pipeline eaf7b8d5-4c44-4730-931b-7447e9ef7d39 as the min replicated index is 4. Deletion is not allowed in this container yet.
2019-10-23 17:07:57,174 [BlockDeletingService#2] WARN  background.BlockDeletingService (BlockDeletingService.java:isDeletionAllowed(187)) - Close Container log Index 6 is not replicated across allthe servers in the pipeline eaf7b8d5-4c44-4730-931b-7447e9ef7d39 as the min replicated index is 4. Deletion is not allowed in this container yet.
2019-10-23 17:07:57,457 [EventQueue-ContainerReportForContainerReportHandler] WARN  container.ContainerReportHandler (AbstractContainerReportHandler.java:updateContainerState(145)) - Container #1 is in OPEN state, but the datanode 8a447bde-5925-4537-9923-914d6124acc8{ip: 192.168.157.242, host: pr-hdds-2034-ckmbc-1095224204, networkLocation: /default-rack, certSerialId: null} reports an CLOSED replica.
2019-10-23 17:07:57,527 [EventQueue-ContainerReportForContainerReportHandler] WARN  container.ContainerReportHandler (AbstractContainerReportHandler.java:updateContainerState(145)) - Container #1 is in OPEN state, but the datanode a645e8ec-3812-4481-93f3-68221dd5a52f{ip: 192.168.157.242, host: pr-hdds-2034-ckmbc-1095224204, networkLocation: /default-rack, certSerialId: null} reports an CLOSED replica.
2019-10-23 17:07:57,859 [EventQueue-ContainerReportForContainerReportHandler] WARN  container.ContainerReportHandler (AbstractContainerReportHandler.java:updateContainerState(145)) - Container #1 is in OPEN state, but the datanode 8a447bde-5925-4537-9923-914d6124acc8{ip: 192.168.157.242, host: pr-hdds-2034-ckmbc-1095224204, networkLocation: /default-rack, certSerialId: null} reports an CLOSED replica.
2019-10-23 17:07:57,928 [EventQueue-ContainerReportForContainerReportHandler] WARN  container.ContainerReportHandler (AbstractContainerReportHandler.java:updateContainerState(145)) - Container #1 is in OPEN state, but the datanode a645e8ec-3812-4481-93f3-68221dd5a52f{ip: 192.168.157.242, host: pr-hdds-2034-ckmbc-1095224204, networkLocation: /default-rack, certSerialId: null} reports an CLOSED replica.
2019-10-23 17:07:58,162 [EventQueue-ContainerReportForContainerReportHandler] WARN  container.ContainerReportHandler (AbstractContainerReportHandler.java:updateContainerState(145)) - Container #1 is in OPEN state, but the datanode 8a447bde-5925-4537-9923-914d6124acc8{ip: 192.168.157.242, host: pr-hdds-2034-ckmbc-1095224204, networkLocation: /default-rack, certSerialId: null} reports an CLOSED replica.
2019-10-23 17:07:58,176 [BlockDeletingService#2] WARN  background.BlockDeletingService (BlockDeletingService.java:isDeletionAllowed(187)) - Close Container log Index 6 is not replicated across allthe servers in the pipeline eaf7b8d5-4c44-4730-931b-7447e9ef7d39 as the min replicated index is 4. Deletion is not allowed in this container yet.
2019-10-23 17:07:58,176 [BlockDeletingService#2] WARN  background.BlockDeletingService (BlockDeletingService.java:isDeletionAllowed(187)) - Close Container log Index 6 is not replicated across allthe servers in the pipeline eaf7b8d5-4c44-4730-931b-7447e9ef7d39 as the min replicated index is 4. Deletion is not allowed in this container yet.
2019-10-23 17:07:58,179 [java.util.concurrent.ThreadPoolExecutor$Worker@5c5d4f98[State = -1, empty queue]] WARN  server.GrpcLogAppender (GrpcLogAppender.java:timeoutAppendRequest(209)) - a645e8ec-3812-4481-93f3-68221dd5a52f@group-7447E9EF7D39->53b51124-92ed-42d6-a80e-016fa59d7f2b-GrpcLogAppender: appendEntries Timeout, request=a645e8ec-3812-4481-93f3-68221dd5a52f->53b51124-92ed-42d6-a80e-016fa59d7f2b#30-t4, previous=(t:4, i:10), leaderCommit=10, initializing? false, entries: <empty>
2019-10-23 17:07:58,229 [EventQueue-ContainerReportForContainerReportHandler] WARN  container.ContainerReportHandler (AbstractContainerReportHandler.java:updateContainerState(145)) - Container #1 is in OPEN state, but the datanode a645e8ec-3812-4481-93f3-68221dd5a52f{ip: 192.168.157.242, host: pr-hdds-2034-ckmbc-1095224204, networkLocation: /default-rack, certSerialId: null} reports an CLOSED replica.
2019-10-23 17:07:58,529 [EventQueue-ContainerReportForContainerReportHandler] WARN  container.ContainerReportHandler (AbstractContainerReportHandler.java:updateContainerState(145)) - Container #1 is in OPEN state, but the datanode a645e8ec-3812-4481-93f3-68221dd5a52f{ip: 192.168.157.242, host: pr-hdds-2034-ckmbc-1095224204, networkLocation: /default-rack, certSerialId: null} reports an CLOSED replica.
2019-10-23 17:07:58,563 [EventQueue-ContainerReportForContainerReportHandler] WARN  container.ContainerReportHandler (AbstractContainerReportHandler.java:updateContainerState(145)) - Container #1 is in OPEN state, but the datanode 8a447bde-5925-4537-9923-914d6124acc8{ip: 192.168.157.242, host: pr-hdds-2034-ckmbc-1095224204, networkLocation: /default-rack, certSerialId: null} reports an CLOSED replica.
2019-10-23 17:07:58,832 [EventQueue-ContainerReportForContainerReportHandler] WARN  container.ContainerReportHandler (AbstractContainerReportHandler.java:updateContainerState(145)) - Container #1 is in OPEN state, but the datanode a645e8ec-3812-4481-93f3-68221dd5a52f{ip: 192.168.157.242, host: pr-hdds-2034-ckmbc-1095224204, networkLocation: /default-rack, certSerialId: null} reports an CLOSED replica.
2019-10-23 17:07:58,863 [EventQueue-ContainerReportForContainerReportHandler] WARN  container.ContainerReportHandler (AbstractContainerReportHandler.java:updateContainerState(145)) - Container #1 is in OPEN state, but the datanode 8a447bde-5925-4537-9923-914d6124acc8{ip: 192.168.157.242, host: pr-hdds-2034-ckmbc-1095224204, networkLocation: /default-rack, certSerialId: null} reports an CLOSED replica.
2019-10-23 17:07:59,065 [EventQueue-ContainerReportForContainerReportHandler] WARN  container.ContainerReportHandler (AbstractContainerReportHandler.java:updateContainerState(145)) - Container #1 is in OPEN state, but the datanode 8a447bde-5925-4537-9923-914d6124acc8{ip: 192.168.157.242, host: pr-hdds-2034-ckmbc-1095224204, networkLocation: /default-rack, certSerialId: null} reports an CLOSED replica.
2019-10-23 17:07:59,130 [EventQueue-ContainerReportForContainerReportHandler] WARN  container.ContainerReportHandler (AbstractContainerReportHandler.java:updateContainerState(145)) - Container #1 is in OPEN state, but the datanode a645e8ec-3812-4481-93f3-68221dd5a52f{ip: 192.168.157.242, host: pr-hdds-2034-ckmbc-1095224204, networkLocation: /default-rack, certSerialId: null} reports an CLOSED replica.
2019-10-23 17:07:59,179 [BlockDeletingService#2] WARN  background.BlockDeletingService (BlockDeletingService.java:isDeletionAllowed(187)) - Close Container log Index 6 is not replicated across allthe servers in the pipeline eaf7b8d5-4c44-4730-931b-7447e9ef7d39 as the min replicated index is 4. Deletion is not allowed in this container yet.
2019-10-23 17:07:59,179 [BlockDeletingService#2] WARN  background.BlockDeletingService (BlockDeletingService.java:isDeletionAllowed(187)) - Close Container log Index 6 is not replicated across allthe servers in the pipeline eaf7b8d5-4c44-4730-931b-7447e9ef7d39 as the min replicated index is 4. Deletion is not allowed in this container yet.
2019-10-23 17:07:59,364 [EventQueue-ContainerReportForContainerReportHandler] WARN  container.ContainerReportHandler (AbstractContainerReportHandler.java:updateContainerState(145)) - Container #1 is in OPEN state, but the datanode 8a447bde-5925-4537-9923-914d6124acc8{ip: 192.168.157.242, host: pr-hdds-2034-ckmbc-1095224204, networkLocation: /default-rack, certSerialId: null} reports an CLOSED replica.
2019-10-23 17:07:59,531 [EventQueue-ContainerReportForContainerReportHandler] WARN  container.ContainerReportHandler (AbstractContainerReportHandler.java:updateContainerState(145)) - Container #1 is in OPEN state, but the datanode a645e8ec-3812-4481-93f3-68221dd5a52f{ip: 192.168.157.242, host: pr-hdds-2034-ckmbc-1095224204, networkLocation: /default-rack, certSerialId: null} reports an CLOSED replica.
2019-10-23 17:07:59,764 [EventQueue-ContainerReportForContainerReportHandler] WARN  container.ContainerReportHandler (AbstractContainerReportHandler.java:updateContainerState(145)) - Container #1 is in OPEN state, but the datanode 8a447bde-5925-4537-9923-914d6124acc8{ip: 192.168.157.242, host: pr-hdds-2034-ckmbc-1095224204, networkLocation: /default-rack, certSerialId: null} reports an CLOSED replica.
2019-10-23 17:07:59,931 [EventQueue-ContainerReportForContainerReportHandler] WARN  container.ContainerReportHandler (AbstractContainerReportHandler.java:updateContainerState(145)) - Container #1 is in OPEN state, but the datanode a645e8ec-3812-4481-93f3-68221dd5a52f{ip: 192.168.157.242, host: pr-hdds-2034-ckmbc-1095224204, networkLocation: /default-rack, certSerialId: null} reports an CLOSED replica.
2019-10-23 17:08:00,064 [EventQueue-ContainerReportForContainerReportHandler] WARN  container.ContainerReportHandler (AbstractContainerReportHandler.java:updateContainerState(145)) - Container #1 is in OPEN state, but the datanode 8a447bde-5925-4537-9923-914d6124acc8{ip: 192.168.157.242, host: pr-hdds-2034-ckmbc-1095224204, networkLocation: /default-rack, certSerialId: null} reports an CLOSED replica.
2019-10-23 17:08:00,180 [BlockDeletingService#2] WARN  background.BlockDeletingService (BlockDeletingService.java:isDeletionAllowed(187)) - Close Container log Index 6 is not replicated across allthe servers in the pipeline eaf7b8d5-4c44-4730-931b-7447e9ef7d39 as the min replicated index is 4. Deletion is not allowed in this container yet.
2019-10-23 17:08:00,181 [BlockDeletingService#2] WARN  background.BlockDeletingService (BlockDeletingService.java:isDeletionAllowed(187)) - Close Container log Index 6 is not replicated across allthe servers in the pipeline eaf7b8d5-4c44-4730-931b-7447e9ef7d39 as the min replicated index is 4. Deletion is not allowed in this container yet.
2019-10-23 17:08:00,231 [EventQueue-ContainerReportForContainerReportHandler] WARN  container.ContainerReportHandler (AbstractContainerReportHandler.java:updateContainerState(145)) - Container #1 is in OPEN state, but the datanode a645e8ec-3812-4481-93f3-68221dd5a52f{ip: 192.168.157.242, host: pr-hdds-2034-ckmbc-1095224204, networkLocation: /default-rack, certSerialId: null} reports an CLOSED replica.
2019-10-23 17:08:00,365 [EventQueue-ContainerReportForContainerReportHandler] WARN  container.ContainerReportHandler (AbstractContainerReportHandler.java:updateContainerState(145)) - Container #1 is in OPEN state, but the datanode 8a447bde-5925-4537-9923-914d6124acc8{ip: 192.168.157.242, host: pr-hdds-2034-ckmbc-1095224204, networkLocation: /default-rack, certSerialId: null} reports an CLOSED replica.
2019-10-23 17:08:00,631 [EventQueue-ContainerReportForContainerReportHandler] WARN  container.ContainerReportHandler (AbstractContainerReportHandler.java:updateContainerState(145)) - Container #1 is in OPEN state, but the datanode a645e8ec-3812-4481-93f3-68221dd5a52f{ip: 192.168.157.242, host: pr-hdds-2034-ckmbc-1095224204, networkLocation: /default-rack, certSerialId: null} reports an CLOSED replica.
2019-10-23 17:08:00,665 [EventQueue-ContainerReportForContainerReportHandler] WARN  container.ContainerReportHandler (AbstractContainerReportHandler.java:updateContainerState(145)) - Container #1 is in OPEN state, but the datanode 8a447bde-5925-4537-9923-914d6124acc8{ip: 192.168.157.242, host: pr-hdds-2034-ckmbc-1095224204, networkLocation: /default-rack, certSerialId: null} reports an CLOSED replica.
2019-10-23 17:08:00,681 [java.util.concurrent.ThreadPoolExecutor$Worker@5c5d4f98[State = -1, empty queue]] WARN  server.GrpcLogAppender (GrpcLogAppender.java:timeoutAppendRequest(209)) - a645e8ec-3812-4481-93f3-68221dd5a52f@group-7447E9EF7D39->53b51124-92ed-42d6-a80e-016fa59d7f2b-GrpcLogAppender: appendEntries Timeout, request=a645e8ec-3812-4481-93f3-68221dd5a52f->53b51124-92ed-42d6-a80e-016fa59d7f2b#31-t4, previous=(t:4, i:10), leaderCommit=10, initializing? false, entries: <empty>
2019-10-23 17:08:00,831 [EventQueue-ContainerReportForContainerReportHandler] WARN  container.ContainerReportHandler (AbstractContainerReportHandler.java:updateContainerState(145)) - Container #1 is in OPEN state, but the datanode a645e8ec-3812-4481-93f3-68221dd5a52f{ip: 192.168.157.242, host: pr-hdds-2034-ckmbc-1095224204, networkLocation: /default-rack, certSerialId: null} reports an CLOSED replica.
2019-10-23 17:08:00,866 [EventQueue-ContainerReportForContainerReportHandler] WARN  container.ContainerReportHandler (AbstractContainerReportHandler.java:updateContainerState(145)) - Container #1 is in OPEN state, but the datanode 8a447bde-5925-4537-9923-914d6124acc8{ip: 192.168.157.242, host: pr-hdds-2034-ckmbc-1095224204, networkLocation: /default-rack, certSerialId: null} reports an CLOSED replica.
2019-10-23 17:08:01,131 [EventQueue-ContainerReportForContainerReportHandler] WARN  container.ContainerReportHandler (AbstractContainerReportHandler.java:updateContainerState(145)) - Container #1 is in OPEN state, but the datanode a645e8ec-3812-4481-93f3-68221dd5a52f{ip: 192.168.157.242, host: pr-hdds-2034-ckmbc-1095224204, networkLocation: /default-rack, certSerialId: null} reports an CLOSED replica.
2019-10-23 17:08:01,166 [EventQueue-ContainerReportForContainerReportHandler] WARN  container.ContainerReportHandler (AbstractContainerReportHandler.java:updateContainerState(145)) - Container #1 is in OPEN state, but the datanode 8a447bde-5925-4537-9923-914d6124acc8{ip: 192.168.157.242, host: pr-hdds-2034-ckmbc-1095224204, networkLocation: /default-rack, certSerialId: null} reports an CLOSED replica.
2019-10-23 17:08:01,182 [BlockDeletingService#2] WARN  background.BlockDeletingService (BlockDeletingService.java:isDeletionAllowed(187)) - Close Container log Index 6 is not replicated across allthe servers in the pipeline eaf7b8d5-4c44-4730-931b-7447e9ef7d39 as the min replicated index is 4. Deletion is not allowed in this container yet.
2019-10-23 17:08:01,182 [BlockDeletingService#2] WARN  background.BlockDeletingService (BlockDeletingService.java:isDeletionAllowed(187)) - Close Container log Index 6 is not replicated across allthe servers in the pipeline eaf7b8d5-4c44-4730-931b-7447e9ef7d39 as the min replicated index is 4. Deletion is not allowed in this container yet.
2019-10-23 17:08:01,367 [EventQueue-ContainerReportForContainerReportHandler] WARN  container.ContainerReportHandler (AbstractContainerReportHandler.java:updateContainerState(145)) - Container #1 is in OPEN state, but the datanode 8a447bde-5925-4537-9923-914d6124acc8{ip: 192.168.157.242, host: pr-hdds-2034-ckmbc-1095224204, networkLocation: /default-rack, certSerialId: null} reports an CLOSED replica.
2019-10-23 17:08:01,531 [EventQueue-ContainerReportForContainerReportHandler] WARN  container.ContainerReportHandler (AbstractContainerReportHandler.java:updateContainerState(145)) - Container #1 is in OPEN state, but the datanode a645e8ec-3812-4481-93f3-68221dd5a52f{ip: 192.168.157.242, host: pr-hdds-2034-ckmbc-1095224204, networkLocation: /default-rack, certSerialId: null} reports an CLOSED replica.
2019-10-23 17:08:01,584 [Thread-415] INFO  client.GrpcClientProtocolService (GrpcClientProtocolService.java:lambda$processClientRequest$0(279)) - Failed RaftClientRequest:client-18D260901AB6->a645e8ec-3812-4481-93f3-68221dd5a52f@group-7447E9EF7D39, cid=4, seq=0, Watch-ALL_COMMITTED(6), Message:<EMPTY>, reply=RaftClientReply:client-18D260901AB6->a645e8ec-3812-4481-93f3-68221dd5a52f@group-7447E9EF7D39, cid=4, FAILED org.apache.ratis.protocol.NotReplicatedException: Request with call Id 4 and log index 6 is not yet replicated to ALL_COMMITTED, logIndex=6, commits[a645e8ec-3812-4481-93f3-68221dd5a52f:c10, 8a447bde-5925-4537-9923-914d6124acc8:c10, 53b51124-92ed-42d6-a80e-016fa59d7f2b:c4]
2019-10-23 17:08:01,667 [EventQueue-ContainerReportForContainerReportHandler] WARN  container.ContainerReportHandler (AbstractContainerReportHandler.java:updateContainerState(145)) - Container #1 is in OPEN state, but the datanode 8a447bde-5925-4537-9923-914d6124acc8{ip: 192.168.157.242, host: pr-hdds-2034-ckmbc-1095224204, networkLocation: /default-rack, certSerialId: null} reports an CLOSED replica.
2019-10-23 17:08:01,731 [EventQueue-ContainerReportForContainerReportHandler] WARN  container.ContainerReportHandler (AbstractContainerReportHandler.java:updateContainerState(145)) - Container #1 is in OPEN state, but the datanode a645e8ec-3812-4481-93f3-68221dd5a52f{ip: 192.168.157.242, host: pr-hdds-2034-ckmbc-1095224204, networkLocation: /default-rack, certSerialId: null} reports an CLOSED replica.
2019-10-23 17:08:01,867 [EventQueue-ContainerReportForContainerReportHandler] WARN  container.ContainerReportHandler (AbstractContainerReportHandler.java:updateContainerState(145)) - Container #1 is in OPEN state, but the datanode 8a447bde-5925-4537-9923-914d6124acc8{ip: 192.168.157.242, host: pr-hdds-2034-ckmbc-1095224204, networkLocation: /default-rack, certSerialId: null} reports an CLOSED replica.
2019-10-23 17:08:02,031 [EventQueue-ContainerReportForContainerReportHandler] WARN  container.ContainerReportHandler (AbstractContainerReportHandler.java:updateContainerState(145)) - Container #1 is in OPEN state, but the datanode a645e8ec-3812-4481-93f3-68221dd5a52f{ip: 192.168.157.242, host: pr-hdds-2034-ckmbc-1095224204, networkLocation: /default-rack, certSerialId: null} reports an CLOSED replica.
2019-10-23 17:08:02,167 [EventQueue-ContainerReportForContainerReportHandler] WARN  container.ContainerReportHandler (AbstractContainerReportHandler.java:updateContainerState(145)) - Container #1 is in OPEN state, but the datanode 8a447bde-5925-4537-9923-914d6124acc8{ip: 192.168.157.242, host: pr-hdds-2034-ckmbc-1095224204, networkLocation: /default-rack, certSerialId: null} reports an CLOSED replica.
2019-10-23 17:08:02,183 [BlockDeletingService#2] WARN  background.BlockDeletingService (BlockDeletingService.java:isDeletionAllowed(187)) - Close Container log Index 6 is not replicated across allthe servers in the pipeline eaf7b8d5-4c44-4730-931b-7447e9ef7d39 as the min replicated index is 4. Deletion is not allowed in this container yet.
2019-10-23 17:08:02,183 [BlockDeletingService#2] WARN  background.BlockDeletingService (BlockDeletingService.java:isDeletionAllowed(187)) - Close Container log Index 6 is not replicated across allthe servers in the pipeline eaf7b8d5-4c44-4730-931b-7447e9ef7d39 as the min replicated index is 4. Deletion is not allowed in this container yet.
2019-10-23 17:08:02,232 [EventQueue-ContainerReportForContainerReportHandler] WARN  container.ContainerReportHandler (AbstractContainerReportHandler.java:updateContainerState(145)) - Container #1 is in OPEN state, but the datanode a645e8ec-3812-4481-93f3-68221dd5a52f{ip: 192.168.157.242, host: pr-hdds-2034-ckmbc-1095224204, networkLocation: /default-rack, certSerialId: null} reports an CLOSED replica.
2019-10-23 17:08:02,467 [EventQueue-ContainerReportForContainerReportHandler] WARN  container.ContainerReportHandler (AbstractContainerReportHandler.java:updateContainerState(145)) - Container #1 is in OPEN state, but the datanode 8a447bde-5925-4537-9923-914d6124acc8{ip: 192.168.157.242, host: pr-hdds-2034-ckmbc-1095224204, networkLocation: /default-rack, certSerialId: null} reports an CLOSED replica.
2019-10-23 17:08:02,532 [EventQueue-ContainerReportForContainerReportHandler] WARN  container.ContainerReportHandler (AbstractContainerReportHandler.java:updateContainerState(145)) - Container #1 is in OPEN state, but the datanode a645e8ec-3812-4481-93f3-68221dd5a52f{ip: 192.168.157.242, host: pr-hdds-2034-ckmbc-1095224204, networkLocation: /default-rack, certSerialId: null} reports an CLOSED replica.
2019-10-23 17:08:02,834 [EventQueue-ContainerReportForContainerReportHandler] WARN  container.ContainerReportHandler (AbstractContainerReportHandler.java:updateContainerState(145)) - Container #1 is in OPEN state, but the datanode a645e8ec-3812-4481-93f3-68221dd5a52f{ip: 192.168.157.242, host: pr-hdds-2034-ckmbc-1095224204, networkLocation: /default-rack, certSerialId: null} reports an CLOSED replica.
2019-10-23 17:08:02,868 [EventQueue-ContainerReportForContainerReportHandler] WARN  container.ContainerReportHandler (AbstractContainerReportHandler.java:updateContainerState(145)) - Container #1 is in OPEN state, but the datanode 8a447bde-5925-4537-9923-914d6124acc8{ip: 192.168.157.242, host: pr-hdds-2034-ckmbc-1095224204, networkLocation: /default-rack, certSerialId: null} reports an CLOSED replica.
2019-10-23 17:08:03,069 [EventQueue-ContainerReportForContainerReportHandler] WARN  container.ContainerReportHandler (AbstractContainerReportHandler.java:updateContainerState(145)) - Container #1 is in OPEN state, but the datanode 8a447bde-5925-4537-9923-914d6124acc8{ip: 192.168.157.242, host: pr-hdds-2034-ckmbc-1095224204, networkLocation: /default-rack, certSerialId: null} reports an CLOSED replica.
2019-10-23 17:08:03,137 [EventQueue-ContainerReportForContainerReportHandler] WARN  container.ContainerReportHandler (AbstractContainerReportHandler.java:updateContainerState(145)) - Container #1 is in OPEN state, but the datanode a645e8ec-3812-4481-93f3-68221dd5a52f{ip: 192.168.157.242, host: pr-hdds-2034-ckmbc-1095224204, networkLocation: /default-rack, certSerialId: null} reports an CLOSED replica.
2019-10-23 17:08:03,182 [java.util.concurrent.ThreadPoolExecutor$Worker@5c5d4f98[State = -1, empty queue]] WARN  server.GrpcLogAppender (GrpcLogAppender.java:timeoutAppendRequest(209)) - a645e8ec-3812-4481-93f3-68221dd5a52f@group-7447E9EF7D39->53b51124-92ed-42d6-a80e-016fa59d7f2b-GrpcLogAppender: appendEntries Timeout, request=a645e8ec-3812-4481-93f3-68221dd5a52f->53b51124-92ed-42d6-a80e-016fa59d7f2b#32-t4, previous=(t:4, i:10), leaderCommit=10, initializing? false, entries: <empty>
2019-10-23 17:08:03,192 [BlockDeletingService#2] WARN  background.BlockDeletingService (BlockDeletingService.java:isDeletionAllowed(187)) - Close Container log Index 6 is not replicated across allthe servers in the pipeline eaf7b8d5-4c44-4730-931b-7447e9ef7d39 as the min replicated index is 4. Deletion is not allowed in this container yet.
2019-10-23 17:08:03,193 [BlockDeletingService#2] WARN  background.BlockDeletingService (BlockDeletingService.java:isDeletionAllowed(187)) - Close Container log Index 6 is not replicated across allthe servers in the pipeline eaf7b8d5-4c44-4730-931b-7447e9ef7d39 as the min replicated index is 4. Deletion is not allowed in this container yet.
2019-10-23 17:08:03,335 [EventQueue-ContainerReportForContainerReportHandler] WARN  container.ContainerReportHandler (AbstractContainerReportHandler.java:updateContainerState(145)) - Container #1 is in OPEN state, but the datanode a645e8ec-3812-4481-93f3-68221dd5a52f{ip: 192.168.157.242, host: pr-hdds-2034-ckmbc-1095224204, networkLocation: /default-rack, certSerialId: null} reports an CLOSED replica.
2019-10-23 17:08:03,368 [EventQueue-ContainerReportForContainerReportHandler] WARN  container.ContainerReportHandler (AbstractContainerReportHandler.java:updateContainerState(145)) - Container #1 is in OPEN state, but the datanode 8a447bde-5925-4537-9923-914d6124acc8{ip: 192.168.157.242, host: pr-hdds-2034-ckmbc-1095224204, networkLocation: /default-rack, certSerialId: null} reports an CLOSED replica.
2019-10-23 17:08:03,568 [EventQueue-ContainerReportForContainerReportHandler] WARN  container.ContainerReportHandler (AbstractContainerReportHandler.java:updateContainerState(145)) - Container #1 is in OPEN state, but the datanode 8a447bde-5925-4537-9923-914d6124acc8{ip: 192.168.157.242, host: pr-hdds-2034-ckmbc-1095224204, networkLocation: /default-rack, certSerialId: null} reports an CLOSED replica.
2019-10-23 17:08:03,635 [EventQueue-ContainerReportForContainerReportHandler] WARN  container.ContainerReportHandler (AbstractContainerReportHandler.java:updateContainerState(145)) - Container #1 is in OPEN state, but the datanode a645e8ec-3812-4481-93f3-68221dd5a52f{ip: 192.168.157.242, host: pr-hdds-2034-ckmbc-1095224204, networkLocation: /default-rack, certSerialId: null} reports an CLOSED replica.
2019-10-23 17:08:03,768 [EventQueue-ContainerReportForContainerReportHandler] WARN  container.ContainerReportHandler (AbstractContainerReportHandler.java:updateContainerState(145)) - Container #1 is in OPEN state, but the datanode 8a447bde-5925-4537-9923-914d6124acc8{ip: 192.168.157.242, host: pr-hdds-2034-ckmbc-1095224204, networkLocation: /default-rack, certSerialId: null} reports an CLOSED replica.
2019-10-23 17:08:03,935 [EventQueue-ContainerReportForContainerReportHandler] WARN  container.ContainerReportHandler (AbstractContainerReportHandler.java:updateContainerState(145)) - Container #1 is in OPEN state, but the datanode a645e8ec-3812-4481-93f3-68221dd5a52f{ip: 192.168.157.242, host: pr-hdds-2034-ckmbc-1095224204, networkLocation: /default-rack, certSerialId: null} reports an CLOSED replica.
2019-10-23 17:08:04,135 [EventQueue-ContainerReportForContainerReportHandler] WARN  container.ContainerReportHandler (AbstractContainerReportHandler.java:updateContainerState(145)) - Container #1 is in OPEN state, but the datanode a645e8ec-3812-4481-93f3-68221dd5a52f{ip: 192.168.157.242, host: pr-hdds-2034-ckmbc-1095224204, networkLocation: /default-rack, certSerialId: null} reports an CLOSED replica.
2019-10-23 17:08:04,168 [EventQueue-ContainerReportForContainerReportHandler] WARN  container.ContainerReportHandler (AbstractContainerReportHandler.java:updateContainerState(145)) - Container #1 is in OPEN state, but the datanode 8a447bde-5925-4537-9923-914d6124acc8{ip: 192.168.157.242, host: pr-hdds-2034-ckmbc-1095224204, networkLocation: /default-rack, certSerialId: null} reports an CLOSED replica.
2019-10-23 17:08:04,194 [BlockDeletingService#2] WARN  background.BlockDeletingService (BlockDeletingService.java:isDeletionAllowed(187)) - Close Container log Index 6 is not replicated across allthe servers in the pipeline eaf7b8d5-4c44-4730-931b-7447e9ef7d39 as the min replicated index is 4. Deletion is not allowed in this container yet.
2019-10-23 17:08:04,194 [BlockDeletingService#2] WARN  background.BlockDeletingService (BlockDeletingService.java:isDeletionAllowed(187)) - Close Container log Index 6 is not replicated across allthe servers in the pipeline eaf7b8d5-4c44-4730-931b-7447e9ef7d39 as the min replicated index is 4. Deletion is not allowed in this container yet.
2019-10-23 17:08:04,368 [EventQueue-ContainerReportForContainerReportHandler] WARN  container.ContainerReportHandler (AbstractContainerReportHandler.java:updateContainerState(145)) - Container #1 is in OPEN state, but the datanode 8a447bde-5925-4537-9923-914d6124acc8{ip: 192.168.157.242, host: pr-hdds-2034-ckmbc-1095224204, networkLocation: /default-rack, certSerialId: null} reports an CLOSED replica.
2019-10-23 17:08:04,536 [EventQueue-ContainerReportForContainerReportHandler] WARN  container.ContainerReportHandler (AbstractContainerReportHandler.java:updateContainerState(145)) - Container #1 is in OPEN state, but the datanode a645e8ec-3812-4481-93f3-68221dd5a52f{ip: 192.168.157.242, host: pr-hdds-2034-ckmbc-1095224204, networkLocation: /default-rack, certSerialId: null} reports an CLOSED replica.
2019-10-23 17:08:04,769 [EventQueue-ContainerReportForContainerReportHandler] WARN  container.ContainerReportHandler (AbstractContainerReportHandler.java:updateContainerState(145)) - Container #1 is in OPEN state, but the datanode 8a447bde-5925-4537-9923-914d6124acc8{ip: 192.168.157.242, host: pr-hdds-2034-ckmbc-1095224204, networkLocation: /default-rack, certSerialId: null} reports an CLOSED replica.
2019-10-23 17:08:04,838 [EventQueue-ContainerReportForContainerReportHandler] WARN  container.ContainerReportHandler (AbstractContainerReportHandler.java:updateContainerState(145)) - Container #1 is in OPEN state, but the datanode a645e8ec-3812-4481-93f3-68221dd5a52f{ip: 192.168.157.242, host: pr-hdds-2034-ckmbc-1095224204, networkLocation: /default-rack, certSerialId: null} reports an CLOSED replica.
2019-10-23 17:08:04,968 [EventQueue-ContainerReportForContainerReportHandler] WARN  container.ContainerReportHandler (AbstractContainerReportHandler.java:updateContainerState(145)) - Container #1 is in OPEN state, but the datanode 8a447bde-5925-4537-9923-914d6124acc8{ip: 192.168.157.242, host: pr-hdds-2034-ckmbc-1095224204, networkLocation: /default-rack, certSerialId: null} reports an CLOSED replica.
2019-10-23 17:08:05,139 [EventQueue-ContainerReportForContainerReportHandler] WARN  container.ContainerReportHandler (AbstractContainerReportHandler.java:updateContainerState(145)) - Container #1 is in OPEN state, but the datanode a645e8ec-3812-4481-93f3-68221dd5a52f{ip: 192.168.157.242, host: pr-hdds-2034-ckmbc-1095224204, networkLocation: /default-rack, certSerialId: null} reports an CLOSED replica.
2019-10-23 17:08:05,196 [BlockDeletingService#2] WARN  background.BlockDeletingService (BlockDeletingService.java:isDeletionAllowed(187)) - Close Container log Index 6 is not replicated across allthe servers in the pipeline eaf7b8d5-4c44-4730-931b-7447e9ef7d39 as the min replicated index is 4. Deletion is not allowed in this container yet.
2019-10-23 17:08:05,196 [BlockDeletingService#2] WARN  background.BlockDeletingService (BlockDeletingService.java:isDeletionAllowed(187)) - Close Container log Index 6 is not replicated across allthe servers in the pipeline eaf7b8d5-4c44-4730-931b-7447e9ef7d39 as the min replicated index is 4. Deletion is not allowed in this container yet.
2019-10-23 17:08:05,270 [EventQueue-ContainerReportForContainerReportHandler] WARN  container.ContainerReportHandler (AbstractContainerReportHandler.java:updateContainerState(145)) - Container #1 is in OPEN state, but the datanode 8a447bde-5925-4537-9923-914d6124acc8{ip: 192.168.157.242, host: pr-hdds-2034-ckmbc-1095224204, networkLocation: /default-rack, certSerialId: null} reports an CLOSED replica.
2019-10-23 17:08:05,440 [EventQueue-ContainerReportForContainerReportHandler] WARN  container.ContainerReportHandler (AbstractContainerReportHandler.java:updateContainerState(145)) - Container #1 is in OPEN state, but the datanode a645e8ec-3812-4481-93f3-68221dd5a52f{ip: 192.168.157.242, host: pr-hdds-2034-ckmbc-1095224204, networkLocation: /default-rack, certSerialId: null} reports an CLOSED replica.
2019-10-23 17:08:05,571 [EventQueue-ContainerReportForContainerReportHandler] WARN  container.ContainerReportHandler (AbstractContainerReportHandler.java:updateContainerState(145)) - Container #1 is in OPEN state, but the datanode 8a447bde-5925-4537-9923-914d6124acc8{ip: 192.168.157.242, host: pr-hdds-2034-ckmbc-1095224204, networkLocation: /default-rack, certSerialId: null} reports an CLOSED replica.
2019-10-23 17:08:05,683 [java.util.concurrent.ThreadPoolExecutor$Worker@5c5d4f98[State = -1, empty queue]] WARN  server.GrpcLogAppender (GrpcLogAppender.java:timeoutAppendRequest(209)) - a645e8ec-3812-4481-93f3-68221dd5a52f@group-7447E9EF7D39->53b51124-92ed-42d6-a80e-016fa59d7f2b-GrpcLogAppender: appendEntries Timeout, request=a645e8ec-3812-4481-93f3-68221dd5a52f->53b51124-92ed-42d6-a80e-016fa59d7f2b#33-t4, previous=(t:4, i:10), leaderCommit=10, initializing? false, entries: <empty>
2019-10-23 17:08:05,742 [EventQueue-ContainerReportForContainerReportHandler] WARN  container.ContainerReportHandler (AbstractContainerReportHandler.java:updateContainerState(145)) - Container #1 is in OPEN state, but the datanode a645e8ec-3812-4481-93f3-68221dd5a52f{ip: 192.168.157.242, host: pr-hdds-2034-ckmbc-1095224204, networkLocation: /default-rack, certSerialId: null} reports an CLOSED replica.
2019-10-23 17:08:05,972 [EventQueue-ContainerReportForContainerReportHandler] WARN  container.ContainerReportHandler (AbstractContainerReportHandler.java:updateContainerState(145)) - Container #1 is in OPEN state, but the datanode 8a447bde-5925-4537-9923-914d6124acc8{ip: 192.168.157.242, host: pr-hdds-2034-ckmbc-1095224204, networkLocation: /default-rack, certSerialId: null} reports an CLOSED replica.
2019-10-23 17:08:06,043 [EventQueue-ContainerReportForContainerReportHandler] WARN  container.ContainerReportHandler (AbstractContainerReportHandler.java:updateContainerState(145)) - Container #1 is in OPEN state, but the datanode a645e8ec-3812-4481-93f3-68221dd5a52f{ip: 192.168.157.242, host: pr-hdds-2034-ckmbc-1095224204, networkLocation: /default-rack, certSerialId: null} reports an CLOSED replica.
2019-10-23 17:08:06,198 [BlockDeletingService#2] WARN  background.BlockDeletingService (BlockDeletingService.java:isDeletionAllowed(187)) - Close Container log Index 6 is not replicated across allthe servers in the pipeline eaf7b8d5-4c44-4730-931b-7447e9ef7d39 as the min replicated index is 4. Deletion is not allowed in this container yet.
2019-10-23 17:08:06,198 [BlockDeletingService#2] WARN  background.BlockDeletingService (BlockDeletingService.java:isDeletionAllowed(187)) - Close Container log Index 6 is not replicated across allthe servers in the pipeline eaf7b8d5-4c44-4730-931b-7447e9ef7d39 as the min replicated index is 4. Deletion is not allowed in this container yet.
2019-10-23 17:08:06,272 [EventQueue-ContainerReportForContainerReportHandler] WARN  container.ContainerReportHandler (AbstractContainerReportHandler.java:updateContainerState(145)) - Container #1 is in OPEN state, but the datanode 8a447bde-5925-4537-9923-914d6124acc8{ip: 192.168.157.242, host: pr-hdds-2034-ckmbc-1095224204, networkLocation: /default-rack, certSerialId: null} reports an CLOSED replica.
2019-10-23 17:08:06,343 [EventQueue-ContainerReportForContainerReportHandler] WARN  container.ContainerReportHandler (AbstractContainerReportHandler.java:updateContainerState(145)) - Container #1 is in OPEN state, but the datanode a645e8ec-3812-4481-93f3-68221dd5a52f{ip: 192.168.157.242, host: pr-hdds-2034-ckmbc-1095224204, networkLocation: /default-rack, certSerialId: null} reports an CLOSED replica.
2019-10-23 17:08:06,572 [EventQueue-ContainerReportForContainerReportHandler] WARN  container.ContainerReportHandler (AbstractContainerReportHandler.java:updateContainerState(145)) - Container #1 is in OPEN state, but the datanode 8a447bde-5925-4537-9923-914d6124acc8{ip: 192.168.157.242, host: pr-hdds-2034-ckmbc-1095224204, networkLocation: /default-rack, certSerialId: null} reports an CLOSED replica.
2019-10-23 17:08:06,643 [EventQueue-ContainerReportForContainerReportHandler] WARN  container.ContainerReportHandler (AbstractContainerReportHandler.java:updateContainerState(145)) - Container #1 is in OPEN state, but the datanode a645e8ec-3812-4481-93f3-68221dd5a52f{ip: 192.168.157.242, host: pr-hdds-2034-ckmbc-1095224204, networkLocation: /default-rack, certSerialId: null} reports an CLOSED replica.
2019-10-23 17:08:06,874 [EventQueue-ContainerReportForContainerReportHandler] WARN  container.ContainerReportHandler (AbstractContainerReportHandler.java:updateContainerState(145)) - Container #1 is in OPEN state, but the datanode 8a447bde-5925-4537-9923-914d6124acc8{ip: 192.168.157.242, host: pr-hdds-2034-ckmbc-1095224204, networkLocation: /default-rack, certSerialId: null} reports an CLOSED replica.
2019-10-23 17:08:06,943 [EventQueue-ContainerReportForContainerReportHandler] WARN  container.ContainerReportHandler (AbstractContainerReportHandler.java:updateContainerState(145)) - Container #1 is in OPEN state, but the datanode a645e8ec-3812-4481-93f3-68221dd5a52f{ip: 192.168.157.242, host: pr-hdds-2034-ckmbc-1095224204, networkLocation: /default-rack, certSerialId: null} reports an CLOSED replica.
2019-10-23 17:08:07,074 [EventQueue-ContainerReportForContainerReportHandler] WARN  container.ContainerReportHandler (AbstractContainerReportHandler.java:updateContainerState(145)) - Container #1 is in OPEN state, but the datanode 8a447bde-5925-4537-9923-914d6124acc8{ip: 192.168.157.242, host: pr-hdds-2034-ckmbc-1095224204, networkLocation: /default-rack, certSerialId: null} reports an CLOSED replica.
2019-10-23 17:08:07,144 [EventQueue-ContainerReportForContainerReportHandler] WARN  container.ContainerReportHandler (AbstractContainerReportHandler.java:updateContainerState(145)) - Container #1 is in OPEN state, but the datanode a645e8ec-3812-4481-93f3-68221dd5a52f{ip: 192.168.157.242, host: pr-hdds-2034-ckmbc-1095224204, networkLocation: /default-rack, certSerialId: null} reports an CLOSED replica.
2019-10-23 17:08:07,201 [BlockDeletingService#2] WARN  background.BlockDeletingService (BlockDeletingService.java:isDeletionAllowed(187)) - Close Container log Index 6 is not replicated across allthe servers in the pipeline eaf7b8d5-4c44-4730-931b-7447e9ef7d39 as the min replicated index is 4. Deletion is not allowed in this container yet.
2019-10-23 17:08:07,201 [BlockDeletingService#2] WARN  background.BlockDeletingService (BlockDeletingService.java:isDeletionAllowed(187)) - Close Container log Index 6 is not replicated across allthe servers in the pipeline eaf7b8d5-4c44-4730-931b-7447e9ef7d39 as the min replicated index is 4. Deletion is not allowed in this container yet.
2019-10-23 17:08:07,344 [EventQueue-ContainerReportForContainerReportHandler] WARN  container.ContainerReportHandler (AbstractContainerReportHandler.java:updateContainerState(145)) - Container #1 is in OPEN state, but the datanode a645e8ec-3812-4481-93f3-68221dd5a52f{ip: 192.168.157.242, host: pr-hdds-2034-ckmbc-1095224204, networkLocation: /default-rack, certSerialId: null} reports an CLOSED replica.
2019-10-23 17:08:07,374 [EventQueue-ContainerReportForContainerReportHandler] WARN  container.ContainerReportHandler (AbstractContainerReportHandler.java:updateContainerState(145)) - Container #1 is in OPEN state, but the datanode 8a447bde-5925-4537-9923-914d6124acc8{ip: 192.168.157.242, host: pr-hdds-2034-ckmbc-1095224204, networkLocation: /default-rack, certSerialId: null} reports an CLOSED replica.
2019-10-23 17:08:07,645 [EventQueue-ContainerReportForContainerReportHandler] WARN  container.ContainerReportHandler (AbstractContainerReportHandler.java:updateContainerState(145)) - Container #1 is in OPEN state, but the datanode a645e8ec-3812-4481-93f3-68221dd5a52f{ip: 192.168.157.242, host: pr-hdds-2034-ckmbc-1095224204, networkLocation: /default-rack, certSerialId: null} reports an CLOSED replica.
2019-10-23 17:08:07,774 [EventQueue-ContainerReportForContainerReportHandler] WARN  container.ContainerReportHandler (AbstractContainerReportHandler.java:updateContainerState(145)) - Container #1 is in OPEN state, but the datanode 8a447bde-5925-4537-9923-914d6124acc8{ip: 192.168.157.242, host: pr-hdds-2034-ckmbc-1095224204, networkLocation: /default-rack, certSerialId: null} reports an CLOSED replica.
2019-10-23 17:08:07,946 [EventQueue-ContainerReportForContainerReportHandler] WARN  container.ContainerReportHandler (AbstractContainerReportHandler.java:updateContainerState(145)) - Container #1 is in OPEN state, but the datanode a645e8ec-3812-4481-93f3-68221dd5a52f{ip: 192.168.157.242, host: pr-hdds-2034-ckmbc-1095224204, networkLocation: /default-rack, certSerialId: null} reports an CLOSED replica.
2019-10-23 17:08:08,075 [EventQueue-ContainerReportForContainerReportHandler] WARN  container.ContainerReportHandler (AbstractContainerReportHandler.java:updateContainerState(145)) - Container #1 is in OPEN state, but the datanode 8a447bde-5925-4537-9923-914d6124acc8{ip: 192.168.157.242, host: pr-hdds-2034-ckmbc-1095224204, networkLocation: /default-rack, certSerialId: null} reports an CLOSED replica.
2019-10-23 17:08:08,186 [java.util.concurrent.ThreadPoolExecutor$Worker@5c5d4f98[State = -1, empty queue]] WARN  server.GrpcLogAppender (GrpcLogAppender.java:timeoutAppendRequest(209)) - a645e8ec-3812-4481-93f3-68221dd5a52f@group-7447E9EF7D39->53b51124-92ed-42d6-a80e-016fa59d7f2b-GrpcLogAppender: appendEntries Timeout, request=a645e8ec-3812-4481-93f3-68221dd5a52f->53b51124-92ed-42d6-a80e-016fa59d7f2b#34-t4, previous=(t:4, i:10), leaderCommit=10, initializing? false, entries: <empty>
2019-10-23 17:08:08,204 [BlockDeletingService#2] WARN  background.BlockDeletingService (BlockDeletingService.java:isDeletionAllowed(187)) - Close Container log Index 6 is not replicated across allthe servers in the pipeline eaf7b8d5-4c44-4730-931b-7447e9ef7d39 as the min replicated index is 4. Deletion is not allowed in this container yet.
2019-10-23 17:08:08,204 [BlockDeletingService#2] WARN  background.BlockDeletingService (BlockDeletingService.java:isDeletionAllowed(187)) - Close Container log Index 6 is not replicated across allthe servers in the pipeline eaf7b8d5-4c44-4730-931b-7447e9ef7d39 as the min replicated index is 4. Deletion is not allowed in this container yet.
2019-10-23 17:08:08,274 [EventQueue-ContainerReportForContainerReportHandler] WARN  container.ContainerReportHandler (AbstractContainerReportHandler.java:updateContainerState(145)) - Container #1 is in OPEN state, but the datanode 8a447bde-5925-4537-9923-914d6124acc8{ip: 192.168.157.242, host: pr-hdds-2034-ckmbc-1095224204, networkLocation: /default-rack, certSerialId: null} reports an CLOSED replica.
2019-10-23 17:08:08,350 [EventQueue-ContainerReportForContainerReportHandler] WARN  container.ContainerReportHandler (AbstractContainerReportHandler.java:updateContainerState(145)) - Container #1 is in OPEN state, but the datanode a645e8ec-3812-4481-93f3-68221dd5a52f{ip: 192.168.157.242, host: pr-hdds-2034-ckmbc-1095224204, networkLocation: /default-rack, certSerialId: null} reports an CLOSED replica.
2019-10-23 17:08:08,548 [EventQueue-ContainerReportForContainerReportHandler] WARN  container.ContainerReportHandler (AbstractContainerReportHandler.java:updateContainerState(145)) - Container #1 is in OPEN state, but the datanode a645e8ec-3812-4481-93f3-68221dd5a52f{ip: 192.168.157.242, host: pr-hdds-2034-ckmbc-1095224204, networkLocation: /default-rack, certSerialId: null} reports an CLOSED replica.
2019-10-23 17:08:08,674 [EventQueue-ContainerReportForContainerReportHandler] WARN  container.ContainerReportHandler (AbstractContainerReportHandler.java:updateContainerState(145)) - Container #1 is in OPEN state, but the datanode 8a447bde-5925-4537-9923-914d6124acc8{ip: 192.168.157.242, host: pr-hdds-2034-ckmbc-1095224204, networkLocation: /default-rack, certSerialId: null} reports an CLOSED replica.
2019-10-23 17:08:08,848 [EventQueue-ContainerReportForContainerReportHandler] WARN  container.ContainerReportHandler (AbstractContainerReportHandler.java:updateContainerState(145)) - Container #1 is in OPEN state, but the datanode a645e8ec-3812-4481-93f3-68221dd5a52f{ip: 192.168.157.242, host: pr-hdds-2034-ckmbc-1095224204, networkLocation: /default-rack, certSerialId: null} reports an CLOSED replica.
2019-10-23 17:08:08,974 [EventQueue-ContainerReportForContainerReportHandler] WARN  container.ContainerReportHandler (AbstractContainerReportHandler.java:updateContainerState(145)) - Container #1 is in OPEN state, but the datanode 8a447bde-5925-4537-9923-914d6124acc8{ip: 192.168.157.242, host: pr-hdds-2034-ckmbc-1095224204, networkLocation: /default-rack, certSerialId: null} reports an CLOSED replica.
2019-10-23 17:08:09,148 [EventQueue-ContainerReportForContainerReportHandler] WARN  container.ContainerReportHandler (AbstractContainerReportHandler.java:updateContainerState(145)) - Container #1 is in OPEN state, but the datanode a645e8ec-3812-4481-93f3-68221dd5a52f{ip: 192.168.157.242, host: pr-hdds-2034-ckmbc-1095224204, networkLocation: /default-rack, certSerialId: null} reports an CLOSED replica.
2019-10-23 17:08:09,206 [BlockDeletingService#2] WARN  background.BlockDeletingService (BlockDeletingService.java:isDeletionAllowed(187)) - Close Container log Index 6 is not replicated across allthe servers in the pipeline eaf7b8d5-4c44-4730-931b-7447e9ef7d39 as the min replicated index is 4. Deletion is not allowed in this container yet.
2019-10-23 17:08:09,206 [BlockDeletingService#2] WARN  background.BlockDeletingService (BlockDeletingService.java:isDeletionAllowed(187)) - Close Container log Index 6 is not replicated across allthe servers in the pipeline eaf7b8d5-4c44-4730-931b-7447e9ef7d39 as the min replicated index is 4. Deletion is not allowed in this container yet.
2019-10-23 17:08:09,274 [EventQueue-ContainerReportForContainerReportHandler] WARN  container.ContainerReportHandler (AbstractContainerReportHandler.java:updateContainerState(145)) - Container #1 is in OPEN state, but the datanode 8a447bde-5925-4537-9923-914d6124acc8{ip: 192.168.157.242, host: pr-hdds-2034-ckmbc-1095224204, networkLocation: /default-rack, certSerialId: null} reports an CLOSED replica.
2019-10-23 17:08:09,448 [EventQueue-ContainerReportForContainerReportHandler] WARN  container.ContainerReportHandler (AbstractContainerReportHandler.java:updateContainerState(145)) - Container #1 is in OPEN state, but the datanode a645e8ec-3812-4481-93f3-68221dd5a52f{ip: 192.168.157.242, host: pr-hdds-2034-ckmbc-1095224204, networkLocation: /default-rack, certSerialId: null} reports an CLOSED replica.
2019-10-23 17:08:09,575 [EventQueue-ContainerReportForContainerReportHandler] WARN  container.ContainerReportHandler (AbstractContainerReportHandler.java:updateContainerState(145)) - Container #1 is in OPEN state, but the datanode 8a447bde-5925-4537-9923-914d6124acc8{ip: 192.168.157.242, host: pr-hdds-2034-ckmbc-1095224204, networkLocation: /default-rack, certSerialId: null} reports an CLOSED replica.
2019-10-23 17:08:09,648 [EventQueue-ContainerReportForContainerReportHandler] WARN  container.ContainerReportHandler (AbstractContainerReportHandler.java:updateContainerState(145)) - Container #1 is in OPEN state, but the datanode a645e8ec-3812-4481-93f3-68221dd5a52f{ip: 192.168.157.242, host: pr-hdds-2034-ckmbc-1095224204, networkLocation: /default-rack, certSerialId: null} reports an CLOSED replica.
2019-10-23 17:08:09,975 [EventQueue-ContainerReportForContainerReportHandler] WARN  container.ContainerReportHandler (AbstractContainerReportHandler.java:updateContainerState(145)) - Container #1 is in OPEN state, but the datanode 8a447bde-5925-4537-9923-914d6124acc8{ip: 192.168.157.242, host: pr-hdds-2034-ckmbc-1095224204, networkLocation: /default-rack, certSerialId: null} reports an CLOSED replica.
2019-10-23 17:08:10,048 [EventQueue-ContainerReportForContainerReportHandler] WARN  container.ContainerReportHandler (AbstractContainerReportHandler.java:updateContainerState(145)) - Container #1 is in OPEN state, but the datanode a645e8ec-3812-4481-93f3-68221dd5a52f{ip: 192.168.157.242, host: pr-hdds-2034-ckmbc-1095224204, networkLocation: /default-rack, certSerialId: null} reports an CLOSED replica.
2019-10-23 17:08:10,208 [BlockDeletingService#2] WARN  background.BlockDeletingService (BlockDeletingService.java:isDeletionAllowed(187)) - Close Container log Index 6 is not replicated across allthe servers in the pipeline eaf7b8d5-4c44-4730-931b-7447e9ef7d39 as the min replicated index is 4. Deletion is not allowed in this container yet.
2019-10-23 17:08:10,208 [BlockDeletingService#2] WARN  background.BlockDeletingService (BlockDeletingService.java:isDeletionAllowed(187)) - Close Container log Index 6 is not replicated across allthe servers in the pipeline eaf7b8d5-4c44-4730-931b-7447e9ef7d39 as the min replicated index is 4. Deletion is not allowed in this container yet.
2019-10-23 17:08:10,348 [EventQueue-ContainerReportForContainerReportHandler] WARN  container.ContainerReportHandler (AbstractContainerReportHandler.java:updateContainerState(145)) - Container #1 is in OPEN state, but the datanode a645e8ec-3812-4481-93f3-68221dd5a52f{ip: 192.168.157.242, host: pr-hdds-2034-ckmbc-1095224204, networkLocation: /default-rack, certSerialId: null} reports an CLOSED replica.
2019-10-23 17:08:10,375 [EventQueue-ContainerReportForContainerReportHandler] WARN  container.ContainerReportHandler (AbstractContainerReportHandler.java:updateContainerState(145)) - Container #1 is in OPEN state, but the datanode 8a447bde-5925-4537-9923-914d6124acc8{ip: 192.168.157.242, host: pr-hdds-2034-ckmbc-1095224204, networkLocation: /default-rack, certSerialId: null} reports an CLOSED replica.
2019-10-23 17:08:10,548 [EventQueue-ContainerReportForContainerReportHandler] WARN  container.ContainerReportHandler (AbstractContainerReportHandler.java:updateContainerState(145)) - Container #1 is in OPEN state, but the datanode a645e8ec-3812-4481-93f3-68221dd5a52f{ip: 192.168.157.242, host: pr-hdds-2034-ckmbc-1095224204, networkLocation: /default-rack, certSerialId: null} reports an CLOSED replica.
2019-10-23 17:08:10,675 [EventQueue-ContainerReportForContainerReportHandler] WARN  container.ContainerReportHandler (AbstractContainerReportHandler.java:updateContainerState(145)) - Container #1 is in OPEN state, but the datanode 8a447bde-5925-4537-9923-914d6124acc8{ip: 192.168.157.242, host: pr-hdds-2034-ckmbc-1095224204, networkLocation: /default-rack, certSerialId: null} reports an CLOSED replica.
2019-10-23 17:08:10,688 [java.util.concurrent.ThreadPoolExecutor$Worker@5c5d4f98[State = -1, empty queue]] WARN  server.GrpcLogAppender (GrpcLogAppender.java:timeoutAppendRequest(209)) - a645e8ec-3812-4481-93f3-68221dd5a52f@group-7447E9EF7D39->53b51124-92ed-42d6-a80e-016fa59d7f2b-GrpcLogAppender: appendEntries Timeout, request=a645e8ec-3812-4481-93f3-68221dd5a52f->53b51124-92ed-42d6-a80e-016fa59d7f2b#35-t4, previous=(t:4, i:10), leaderCommit=10, initializing? false, entries: <empty>
2019-10-23 17:08:10,849 [EventQueue-ContainerReportForContainerReportHandler] WARN  container.ContainerReportHandler (AbstractContainerReportHandler.java:updateContainerState(145)) - Container #1 is in OPEN state, but the datanode a645e8ec-3812-4481-93f3-68221dd5a52f{ip: 192.168.157.242, host: pr-hdds-2034-ckmbc-1095224204, networkLocation: /default-rack, certSerialId: null} reports an CLOSED replica.
2019-10-23 17:08:10,875 [EventQueue-ContainerReportForContainerReportHandler] WARN  container.ContainerReportHandler (AbstractContainerReportHandler.java:updateContainerState(145)) - Container #1 is in OPEN state, but the datanode 8a447bde-5925-4537-9923-914d6124acc8{ip: 192.168.157.242, host: pr-hdds-2034-ckmbc-1095224204, networkLocation: /default-rack, certSerialId: null} reports an CLOSED replica.
2019-10-23 17:08:11,175 [EventQueue-ContainerReportForContainerReportHandler] WARN  container.ContainerReportHandler (AbstractContainerReportHandler.java:updateContainerState(145)) - Container #1 is in OPEN state, but the datanode 8a447bde-5925-4537-9923-914d6124acc8{ip: 192.168.157.242, host: pr-hdds-2034-ckmbc-1095224204, networkLocation: /default-rack, certSerialId: null} reports an CLOSED replica.
2019-10-23 17:08:11,210 [BlockDeletingService#2] WARN  background.BlockDeletingService (BlockDeletingService.java:isDeletionAllowed(187)) - Close Container log Index 6 is not replicated across allthe servers in the pipeline eaf7b8d5-4c44-4730-931b-7447e9ef7d39 as the min replicated index is 4. Deletion is not allowed in this container yet.
2019-10-23 17:08:11,210 [BlockDeletingService#2] WARN  background.BlockDeletingService (BlockDeletingService.java:isDeletionAllowed(187)) - Close Container log Index 6 is not replicated across allthe servers in the pipeline eaf7b8d5-4c44-4730-931b-7447e9ef7d39 as the min replicated index is 4. Deletion is not allowed in this container yet.
2019-10-23 17:08:11,250 [EventQueue-ContainerReportForContainerReportHandler] WARN  container.ContainerReportHandler (AbstractContainerReportHandler.java:updateContainerState(145)) - Container #1 is in OPEN state, but the datanode a645e8ec-3812-4481-93f3-68221dd5a52f{ip: 192.168.157.242, host: pr-hdds-2034-ckmbc-1095224204, networkLocation: /default-rack, certSerialId: null} reports an CLOSED replica.
2019-10-23 17:08:11,551 [EventQueue-ContainerReportForContainerReportHandler] WARN  container.ContainerReportHandler (AbstractContainerReportHandler.java:updateContainerState(145)) - Container #1 is in OPEN state, but the datanode a645e8ec-3812-4481-93f3-68221dd5a52f{ip: 192.168.157.242, host: pr-hdds-2034-ckmbc-1095224204, networkLocation: /default-rack, certSerialId: null} reports an CLOSED replica.
2019-10-23 17:08:11,575 [EventQueue-ContainerReportForContainerReportHandler] WARN  container.ContainerReportHandler (AbstractContainerReportHandler.java:updateContainerState(145)) - Container #1 is in OPEN state, but the datanode 8a447bde-5925-4537-9923-914d6124acc8{ip: 192.168.157.242, host: pr-hdds-2034-ckmbc-1095224204, networkLocation: /default-rack, certSerialId: null} reports an CLOSED replica.
2019-10-23 17:08:11,584 [Thread-444] INFO  client.GrpcClientProtocolService (GrpcClientProtocolService.java:lambda$processClientRequest$0(279)) - Failed RaftClientRequest:client-18D260901AB6->a645e8ec-3812-4481-93f3-68221dd5a52f@group-7447E9EF7D39, cid=4, seq=0, Watch-ALL_COMMITTED(6), Message:<EMPTY>, reply=RaftClientReply:client-18D260901AB6->a645e8ec-3812-4481-93f3-68221dd5a52f@group-7447E9EF7D39, cid=4, FAILED org.apache.ratis.protocol.NotReplicatedException: Request with call Id 4 and log index 6 is not yet replicated to ALL_COMMITTED, logIndex=6, commits[a645e8ec-3812-4481-93f3-68221dd5a52f:c10, 8a447bde-5925-4537-9923-914d6124acc8:c10, 53b51124-92ed-42d6-a80e-016fa59d7f2b:c4]
2019-10-23 17:08:11,876 [EventQueue-ContainerReportForContainerReportHandler] WARN  container.ContainerReportHandler (AbstractContainerReportHandler.java:updateContainerState(145)) - Container #1 is in OPEN state, but the datanode 8a447bde-5925-4537-9923-914d6124acc8{ip: 192.168.157.242, host: pr-hdds-2034-ckmbc-1095224204, networkLocation: /default-rack, certSerialId: null} reports an CLOSED replica.
2019-10-23 17:08:11,952 [EventQueue-ContainerReportForContainerReportHandler] WARN  container.ContainerReportHandler (AbstractContainerReportHandler.java:updateContainerState(145)) - Container #1 is in OPEN state, but the datanode a645e8ec-3812-4481-93f3-68221dd5a52f{ip: 192.168.157.242, host: pr-hdds-2034-ckmbc-1095224204, networkLocation: /default-rack, certSerialId: null} reports an CLOSED replica.
2019-10-23 17:08:12,178 [EventQueue-ContainerReportForContainerReportHandler] WARN  container.ContainerReportHandler (AbstractContainerReportHandler.java:updateContainerState(145)) - Container #1 is in OPEN state, but the datanode 8a447bde-5925-4537-9923-914d6124acc8{ip: 192.168.157.242, host: pr-hdds-2034-ckmbc-1095224204, networkLocation: /default-rack, certSerialId: null} reports an CLOSED replica.
2019-10-23 17:08:12,213 [BlockDeletingService#2] WARN  background.BlockDeletingService (BlockDeletingService.java:isDeletionAllowed(187)) - Close Container log Index 6 is not replicated across allthe servers in the pipeline eaf7b8d5-4c44-4730-931b-7447e9ef7d39 as the min replicated index is 4. Deletion is not allowed in this container yet.
2019-10-23 17:08:12,213 [BlockDeletingService#2] WARN  background.BlockDeletingService (BlockDeletingService.java:isDeletionAllowed(187)) - Close Container log Index 6 is not replicated across allthe servers in the pipeline eaf7b8d5-4c44-4730-931b-7447e9ef7d39 as the min replicated index is 4. Deletion is not allowed in this container yet.
2019-10-23 17:08:12,352 [EventQueue-ContainerReportForContainerReportHandler] WARN  container.ContainerReportHandler (AbstractContainerReportHandler.java:updateContainerState(145)) - Container #1 is in OPEN state, but the datanode a645e8ec-3812-4481-93f3-68221dd5a52f{ip: 192.168.157.242, host: pr-hdds-2034-ckmbc-1095224204, networkLocation: /default-rack, certSerialId: null} reports an CLOSED replica.
2019-10-23 17:08:12,480 [EventQueue-ContainerReportForContainerReportHandler] WARN  container.ContainerReportHandler (AbstractContainerReportHandler.java:updateContainerState(145)) - Container #1 is in OPEN state, but the datanode 8a447bde-5925-4537-9923-914d6124acc8{ip: 192.168.157.242, host: pr-hdds-2034-ckmbc-1095224204, networkLocation: /default-rack, certSerialId: null} reports an CLOSED replica.
2019-10-23 17:08:12,652 [EventQueue-ContainerReportForContainerReportHandler] WARN  container.ContainerReportHandler (AbstractContainerReportHandler.java:updateContainerState(145)) - Container #1 is in OPEN state, but the datanode a645e8ec-3812-4481-93f3-68221dd5a52f{ip: 192.168.157.242, host: pr-hdds-2034-ckmbc-1095224204, networkLocation: /default-rack, certSerialId: null} reports an CLOSED replica.
2019-10-23 17:08:12,880 [EventQueue-ContainerReportForContainerReportHandler] WARN  container.ContainerReportHandler (AbstractContainerReportHandler.java:updateContainerState(145)) - Container #1 is in OPEN state, but the datanode 8a447bde-5925-4537-9923-914d6124acc8{ip: 192.168.157.242, host: pr-hdds-2034-ckmbc-1095224204, networkLocation: /default-rack, certSerialId: null} reports an CLOSED replica.
2019-10-23 17:08:13,053 [EventQueue-ContainerReportForContainerReportHandler] WARN  container.ContainerReportHandler (AbstractContainerReportHandler.java:updateContainerState(145)) - Container #1 is in OPEN state, but the datanode a645e8ec-3812-4481-93f3-68221dd5a52f{ip: 192.168.157.242, host: pr-hdds-2034-ckmbc-1095224204, networkLocation: /default-rack, certSerialId: null} reports an CLOSED replica.
2019-10-23 17:08:13,180 [EventQueue-ContainerReportForContainerReportHandler] WARN  container.ContainerReportHandler (AbstractContainerReportHandler.java:updateContainerState(145)) - Container #1 is in OPEN state, but the datanode 8a447bde-5925-4537-9923-914d6124acc8{ip: 192.168.157.242, host: pr-hdds-2034-ckmbc-1095224204, networkLocation: /default-rack, certSerialId: null} reports an CLOSED replica.
2019-10-23 17:08:13,189 [java.util.concurrent.ThreadPoolExecutor$Worker@5c5d4f98[State = -1, empty queue]] WARN  server.GrpcLogAppender (GrpcLogAppender.java:timeoutAppendRequest(209)) - a645e8ec-3812-4481-93f3-68221dd5a52f@group-7447E9EF7D39->53b51124-92ed-42d6-a80e-016fa59d7f2b-GrpcLogAppender: appendEntries Timeout, request=a645e8ec-3812-4481-93f3-68221dd5a52f->53b51124-92ed-42d6-a80e-016fa59d7f2b#36-t4, previous=(t:4, i:10), leaderCommit=10, initializing? false, entries: <empty>
2019-10-23 17:08:13,217 [BlockDeletingService#2] WARN  background.BlockDeletingService (BlockDeletingService.java:isDeletionAllowed(187)) - Close Container log Index 6 is not replicated across allthe servers in the pipeline eaf7b8d5-4c44-4730-931b-7447e9ef7d39 as the min replicated index is 4. Deletion is not allowed in this container yet.
2019-10-23 17:08:13,217 [BlockDeletingService#2] WARN  background.BlockDeletingService (BlockDeletingService.java:isDeletionAllowed(187)) - Close Container log Index 6 is not replicated across allthe servers in the pipeline eaf7b8d5-4c44-4730-931b-7447e9ef7d39 as the min replicated index is 4. Deletion is not allowed in this container yet.
2019-10-23 17:08:13,353 [EventQueue-ContainerReportForContainerReportHandler] WARN  container.ContainerReportHandler (AbstractContainerReportHandler.java:updateContainerState(145)) - Container #1 is in OPEN state, but the datanode a645e8ec-3812-4481-93f3-68221dd5a52f{ip: 192.168.157.242, host: pr-hdds-2034-ckmbc-1095224204, networkLocation: /default-rack, certSerialId: null} reports an CLOSED replica.
2019-10-23 17:08:13,380 [EventQueue-ContainerReportForContainerReportHandler] WARN  container.ContainerReportHandler (AbstractContainerReportHandler.java:updateContainerState(145)) - Container #1 is in OPEN state, but the datanode 8a447bde-5925-4537-9923-914d6124acc8{ip: 192.168.157.242, host: pr-hdds-2034-ckmbc-1095224204, networkLocation: /default-rack, certSerialId: null} reports an CLOSED replica.
2019-10-23 17:08:13,581 [EventQueue-ContainerReportForContainerReportHandler] WARN  container.ContainerReportHandler (AbstractContainerReportHandler.java:updateContainerState(145)) - Container #1 is in OPEN state, but the datanode 8a447bde-5925-4537-9923-914d6124acc8{ip: 192.168.157.242, host: pr-hdds-2034-ckmbc-1095224204, networkLocation: /default-rack, certSerialId: null} reports an CLOSED replica.
2019-10-23 17:08:13,753 [EventQueue-ContainerReportForContainerReportHandler] WARN  container.ContainerReportHandler (AbstractContainerReportHandler.java:updateContainerState(145)) - Container #1 is in OPEN state, but the datanode a645e8ec-3812-4481-93f3-68221dd5a52f{ip: 192.168.157.242, host: pr-hdds-2034-ckmbc-1095224204, networkLocation: /default-rack, certSerialId: null} reports an CLOSED replica.
2019-10-23 17:08:13,880 [EventQueue-ContainerReportForContainerReportHandler] WARN  container.ContainerReportHandler (AbstractContainerReportHandler.java:updateContainerState(145)) - Container #1 is in OPEN state, but the datanode 8a447bde-5925-4537-9923-914d6124acc8{ip: 192.168.157.242, host: pr-hdds-2034-ckmbc-1095224204, networkLocation: /default-rack, certSerialId: null} reports an CLOSED replica.
2019-10-23 17:08:14,053 [EventQueue-ContainerReportForContainerReportHandler] WARN  container.ContainerReportHandler (AbstractContainerReportHandler.java:updateContainerState(145)) - Container #1 is in OPEN state, but the datanode a645e8ec-3812-4481-93f3-68221dd5a52f{ip: 192.168.157.242, host: pr-hdds-2034-ckmbc-1095224204, networkLocation: /default-rack, certSerialId: null} reports an CLOSED replica.
2019-10-23 17:08:14,180 [EventQueue-ContainerReportForContainerReportHandler] WARN  container.ContainerReportHandler (AbstractContainerReportHandler.java:updateContainerState(145)) - Container #1 is in OPEN state, but the datanode 8a447bde-5925-4537-9923-914d6124acc8{ip: 192.168.157.242, host: pr-hdds-2034-ckmbc-1095224204, networkLocation: /default-rack, certSerialId: null} reports an CLOSED replica.
2019-10-23 17:08:14,220 [BlockDeletingService#2] WARN  background.BlockDeletingService (BlockDeletingService.java:isDeletionAllowed(187)) - Close Container log Index 6 is not replicated across allthe servers in the pipeline eaf7b8d5-4c44-4730-931b-7447e9ef7d39 as the min replicated index is 4. Deletion is not allowed in this container yet.
2019-10-23 17:08:14,220 [BlockDeletingService#2] WARN  background.BlockDeletingService (BlockDeletingService.java:isDeletionAllowed(187)) - Close Container log Index 6 is not replicated across allthe servers in the pipeline eaf7b8d5-4c44-4730-931b-7447e9ef7d39 as the min replicated index is 4. Deletion is not allowed in this container yet.
2019-10-23 17:08:14,253 [EventQueue-ContainerReportForContainerReportHandler] WARN  container.ContainerReportHandler (AbstractContainerReportHandler.java:updateContainerState(145)) - Container #1 is in OPEN state, but the datanode a645e8ec-3812-4481-93f3-68221dd5a52f{ip: 192.168.157.242, host: pr-hdds-2034-ckmbc-1095224204, networkLocation: /default-rack, certSerialId: null} reports an CLOSED replica.
2019-10-23 17:08:14,453 [EventQueue-ContainerReportForContainerReportHandler] WARN  container.ContainerReportHandler (AbstractContainerReportHandler.java:updateContainerState(145)) - Container #1 is in OPEN state, but the datanode a645e8ec-3812-4481-93f3-68221dd5a52f{ip: 192.168.157.242, host: pr-hdds-2034-ckmbc-1095224204, networkLocation: /default-rack, certSerialId: null} reports an CLOSED replica.
2019-10-23 17:08:14,481 [EventQueue-ContainerReportForContainerReportHandler] WARN  container.ContainerReportHandler (AbstractContainerReportHandler.java:updateContainerState(145)) - Container #1 is in OPEN state, but the datanode 8a447bde-5925-4537-9923-914d6124acc8{ip: 192.168.157.242, host: pr-hdds-2034-ckmbc-1095224204, networkLocation: /default-rack, certSerialId: null} reports an CLOSED replica.
2019-10-23 17:08:14,753 [EventQueue-ContainerReportForContainerReportHandler] WARN  container.ContainerReportHandler (AbstractContainerReportHandler.java:updateContainerState(145)) - Container #1 is in OPEN state, but the datanode a645e8ec-3812-4481-93f3-68221dd5a52f{ip: 192.168.157.242, host: pr-hdds-2034-ckmbc-1095224204, networkLocation: /default-rack, certSerialId: null} reports an CLOSED replica.
2019-10-23 17:08:14,781 [EventQueue-ContainerReportForContainerReportHandler] WARN  container.ContainerReportHandler (AbstractContainerReportHandler.java:updateContainerState(145)) - Container #1 is in OPEN state, but the datanode 8a447bde-5925-4537-9923-914d6124acc8{ip: 192.168.157.242, host: pr-hdds-2034-ckmbc-1095224204, networkLocation: /default-rack, certSerialId: null} reports an CLOSED replica.
2019-10-23 17:08:14,953 [EventQueue-ContainerReportForContainerReportHandler] WARN  container.ContainerReportHandler (AbstractContainerReportHandler.java:updateContainerState(145)) - Container #1 is in OPEN state, but the datanode a645e8ec-3812-4481-93f3-68221dd5a52f{ip: 192.168.157.242, host: pr-hdds-2034-ckmbc-1095224204, networkLocation: /default-rack, certSerialId: null} reports an CLOSED replica.
2019-10-23 17:08:14,981 [EventQueue-ContainerReportForContainerReportHandler] WARN  container.ContainerReportHandler (AbstractContainerReportHandler.java:updateContainerState(145)) - Container #1 is in OPEN state, but the datanode 8a447bde-5925-4537-9923-914d6124acc8{ip: 192.168.157.242, host: pr-hdds-2034-ckmbc-1095224204, networkLocation: /default-rack, certSerialId: null} reports an CLOSED replica.
2019-10-23 17:08:15,222 [BlockDeletingService#2] WARN  background.BlockDeletingService (BlockDeletingService.java:isDeletionAllowed(187)) - Close Container log Index 6 is not replicated across allthe servers in the pipeline eaf7b8d5-4c44-4730-931b-7447e9ef7d39 as the min replicated index is 4. Deletion is not allowed in this container yet.
2019-10-23 17:08:15,222 [BlockDeletingService#2] WARN  background.BlockDeletingService (BlockDeletingService.java:isDeletionAllowed(187)) - Close Container log Index 6 is not replicated across allthe servers in the pipeline eaf7b8d5-4c44-4730-931b-7447e9ef7d39 as the min replicated index is 4. Deletion is not allowed in this container yet.
2019-10-23 17:08:15,253 [EventQueue-ContainerReportForContainerReportHandler] WARN  container.ContainerReportHandler (AbstractContainerReportHandler.java:updateContainerState(145)) - Container #1 is in OPEN state, but the datanode a645e8ec-3812-4481-93f3-68221dd5a52f{ip: 192.168.157.242, host: pr-hdds-2034-ckmbc-1095224204, networkLocation: /default-rack, certSerialId: null} reports an CLOSED replica.
2019-10-23 17:08:15,281 [EventQueue-ContainerReportForContainerReportHandler] WARN  container.ContainerReportHandler (AbstractContainerReportHandler.java:updateContainerState(145)) - Container #1 is in OPEN state, but the datanode 8a447bde-5925-4537-9923-914d6124acc8{ip: 192.168.157.242, host: pr-hdds-2034-ckmbc-1095224204, networkLocation: /default-rack, certSerialId: null} reports an CLOSED replica.
2019-10-23 17:08:15,553 [EventQueue-ContainerReportForContainerReportHandler] WARN  container.ContainerReportHandler (AbstractContainerReportHandler.java:updateContainerState(145)) - Container #1 is in OPEN state, but the datanode a645e8ec-3812-4481-93f3-68221dd5a52f{ip: 192.168.157.242, host: pr-hdds-2034-ckmbc-1095224204, networkLocation: /default-rack, certSerialId: null} reports an CLOSED replica.
2019-10-23 17:08:15,682 [EventQueue-ContainerReportForContainerReportHandler] WARN  container.ContainerReportHandler (AbstractContainerReportHandler.java:updateContainerState(145)) - Container #1 is in OPEN state, but the datanode 8a447bde-5925-4537-9923-914d6124acc8{ip: 192.168.157.242, host: pr-hdds-2034-ckmbc-1095224204, networkLocation: /default-rack, certSerialId: null} reports an CLOSED replica.
2019-10-23 17:08:15,692 [java.util.concurrent.ThreadPoolExecutor$Worker@5c5d4f98[State = -1, empty queue]] WARN  server.GrpcLogAppender (GrpcLogAppender.java:timeoutAppendRequest(209)) - a645e8ec-3812-4481-93f3-68221dd5a52f@group-7447E9EF7D39->53b51124-92ed-42d6-a80e-016fa59d7f2b-GrpcLogAppender: appendEntries Timeout, request=a645e8ec-3812-4481-93f3-68221dd5a52f->53b51124-92ed-42d6-a80e-016fa59d7f2b#37-t4, previous=(t:4, i:10), leaderCommit=10, initializing? false, entries: <empty>
2019-10-23 17:08:15,853 [EventQueue-ContainerReportForContainerReportHandler] WARN  container.ContainerReportHandler (AbstractContainerReportHandler.java:updateContainerState(145)) - Container #1 is in OPEN state, but the datanode a645e8ec-3812-4481-93f3-68221dd5a52f{ip: 192.168.157.242, host: pr-hdds-2034-ckmbc-1095224204, networkLocation: /default-rack, certSerialId: null} reports an CLOSED replica.
2019-10-23 17:08:15,882 [EventQueue-ContainerReportForContainerReportHandler] WARN  container.ContainerReportHandler (AbstractContainerReportHandler.java:updateContainerState(145)) - Container #1 is in OPEN state, but the datanode 8a447bde-5925-4537-9923-914d6124acc8{ip: 192.168.157.242, host: pr-hdds-2034-ckmbc-1095224204, networkLocation: /default-rack, certSerialId: null} reports an CLOSED replica.
2019-10-23 17:08:16,154 [EventQueue-ContainerReportForContainerReportHandler] WARN  container.ContainerReportHandler (AbstractContainerReportHandler.java:updateContainerState(145)) - Container #1 is in OPEN state, but the datanode a645e8ec-3812-4481-93f3-68221dd5a52f{ip: 192.168.157.242, host: pr-hdds-2034-ckmbc-1095224204, networkLocation: /default-rack, certSerialId: null} reports an CLOSED replica.
2019-10-23 17:08:16,224 [BlockDeletingService#2] WARN  background.BlockDeletingService (BlockDeletingService.java:isDeletionAllowed(187)) - Close Container log Index 6 is not replicated across allthe servers in the pipeline eaf7b8d5-4c44-4730-931b-7447e9ef7d39 as the min replicated index is 4. Deletion is not allowed in this container yet.
2019-10-23 17:08:16,224 [BlockDeletingService#2] WARN  background.BlockDeletingService (BlockDeletingService.java:isDeletionAllowed(187)) - Close Container log Index 6 is not replicated across allthe servers in the pipeline eaf7b8d5-4c44-4730-931b-7447e9ef7d39 as the min replicated index is 4. Deletion is not allowed in this container yet.
2019-10-23 17:08:16,282 [EventQueue-ContainerReportForContainerReportHandler] WARN  container.ContainerReportHandler (AbstractContainerReportHandler.java:updateContainerState(145)) - Container #1 is in OPEN state, but the datanode 8a447bde-5925-4537-9923-914d6124acc8{ip: 192.168.157.242, host: pr-hdds-2034-ckmbc-1095224204, networkLocation: /default-rack, certSerialId: null} reports an CLOSED replica.
2019-10-23 17:08:16,482 [EventQueue-ContainerReportForContainerReportHandler] WARN  container.ContainerReportHandler (AbstractContainerReportHandler.java:updateContainerState(145)) - Container #1 is in OPEN state, but the datanode 8a447bde-5925-4537-9923-914d6124acc8{ip: 192.168.157.242, host: pr-hdds-2034-ckmbc-1095224204, networkLocation: /default-rack, certSerialId: null} reports an CLOSED replica.
2019-10-23 17:08:16,555 [EventQueue-ContainerReportForContainerReportHandler] WARN  container.ContainerReportHandler (AbstractContainerReportHandler.java:updateContainerState(145)) - Container #1 is in OPEN state, but the datanode a645e8ec-3812-4481-93f3-68221dd5a52f{ip: 192.168.157.242, host: pr-hdds-2034-ckmbc-1095224204, networkLocation: /default-rack, certSerialId: null} reports an CLOSED replica.
2019-10-23 17:08:16,782 [EventQueue-ContainerReportForContainerReportHandler] WARN  container.ContainerReportHandler (AbstractContainerReportHandler.java:updateContainerState(145)) - Container #1 is in OPEN state, but the datanode 8a447bde-5925-4537-9923-914d6124acc8{ip: 192.168.157.242, host: pr-hdds-2034-ckmbc-1095224204, networkLocation: /default-rack, certSerialId: null} reports an CLOSED replica.
2019-10-23 17:08:16,853 [EventQueue-ContainerReportForContainerReportHandler] WARN  container.ContainerReportHandler (AbstractContainerReportHandler.java:updateContainerState(145)) - Container #1 is in OPEN state, but the datanode a645e8ec-3812-4481-93f3-68221dd5a52f{ip: 192.168.157.242, host: pr-hdds-2034-ckmbc-1095224204, networkLocation: /default-rack, certSerialId: null} reports an CLOSED replica.
2019-10-23 17:08:17,053 [EventQueue-ContainerReportForContainerReportHandler] WARN  container.ContainerReportHandler (AbstractContainerReportHandler.java:updateContainerState(145)) - Container #1 is in OPEN state, but the datanode a645e8ec-3812-4481-93f3-68221dd5a52f{ip: 192.168.157.242, host: pr-hdds-2034-ckmbc-1095224204, networkLocation: /default-rack, certSerialId: null} reports an CLOSED replica.
2019-10-23 17:08:17,082 [EventQueue-ContainerReportForContainerReportHandler] WARN  container.ContainerReportHandler (AbstractContainerReportHandler.java:updateContainerState(145)) - Container #1 is in OPEN state, but the datanode 8a447bde-5925-4537-9923-914d6124acc8{ip: 192.168.157.242, host: pr-hdds-2034-ckmbc-1095224204, networkLocation: /default-rack, certSerialId: null} reports an CLOSED replica.
2019-10-23 17:08:17,227 [BlockDeletingService#2] WARN  background.BlockDeletingService (BlockDeletingService.java:isDeletionAllowed(187)) - Close Container log Index 6 is not replicated across allthe servers in the pipeline eaf7b8d5-4c44-4730-931b-7447e9ef7d39 as the min replicated index is 4. Deletion is not allowed in this container yet.
2019-10-23 17:08:17,227 [BlockDeletingService#2] WARN  background.BlockDeletingService (BlockDeletingService.java:isDeletionAllowed(187)) - Close Container log Index 6 is not replicated across allthe servers in the pipeline eaf7b8d5-4c44-4730-931b-7447e9ef7d39 as the min replicated index is 4. Deletion is not allowed in this container yet.
2019-10-23 17:08:17,282 [EventQueue-ContainerReportForContainerReportHandler] WARN  container.ContainerReportHandler (AbstractContainerReportHandler.java:updateContainerState(145)) - Container #1 is in OPEN state, but the datanode 8a447bde-5925-4537-9923-914d6124acc8{ip: 192.168.157.242, host: pr-hdds-2034-ckmbc-1095224204, networkLocation: /default-rack, certSerialId: null} reports an CLOSED replica.
2019-10-23 17:08:17,353 [EventQueue-ContainerReportForContainerReportHandler] WARN  container.ContainerReportHandler (AbstractContainerReportHandler.java:updateContainerState(145)) - Container #1 is in OPEN state, but the datanode a645e8ec-3812-4481-93f3-68221dd5a52f{ip: 192.168.157.242, host: pr-hdds-2034-ckmbc-1095224204, networkLocation: /default-rack, certSerialId: null} reports an CLOSED replica.
2019-10-23 17:08:17,582 [EventQueue-ContainerReportForContainerReportHandler] WARN  container.ContainerReportHandler (AbstractContainerReportHandler.java:updateContainerState(145)) - Container #1 is in OPEN state, but the datanode 8a447bde-5925-4537-9923-914d6124acc8{ip: 192.168.157.242, host: pr-hdds-2034-ckmbc-1095224204, networkLocation: /default-rack, certSerialId: null} reports an CLOSED replica.
2019-10-23 17:08:17,653 [EventQueue-ContainerReportForContainerReportHandler] WARN  container.ContainerReportHandler (AbstractContainerReportHandler.java:updateContainerState(145)) - Container #1 is in OPEN state, but the datanode a645e8ec-3812-4481-93f3-68221dd5a52f{ip: 192.168.157.242, host: pr-hdds-2034-ckmbc-1095224204, networkLocation: /default-rack, certSerialId: null} reports an CLOSED replica.
2019-10-23 17:08:17,882 [EventQueue-ContainerReportForContainerReportHandler] WARN  container.ContainerReportHandler (AbstractContainerReportHandler.java:updateContainerState(145)) - Container #1 is in OPEN state, but the datanode 8a447bde-5925-4537-9923-914d6124acc8{ip: 192.168.157.242, host: pr-hdds-2034-ckmbc-1095224204, networkLocation: /default-rack, certSerialId: null} reports an CLOSED replica.
2019-10-23 17:08:17,953 [EventQueue-ContainerReportForContainerReportHandler] WARN  container.ContainerReportHandler (AbstractContainerReportHandler.java:updateContainerState(145)) - Container #1 is in OPEN state, but the datanode a645e8ec-3812-4481-93f3-68221dd5a52f{ip: 192.168.157.242, host: pr-hdds-2034-ckmbc-1095224204, networkLocation: /default-rack, certSerialId: null} reports an CLOSED replica.
2019-10-23 17:08:18,182 [EventQueue-ContainerReportForContainerReportHandler] WARN  container.ContainerReportHandler (AbstractContainerReportHandler.java:updateContainerState(145)) - Container #1 is in OPEN state, but the datanode 8a447bde-5925-4537-9923-914d6124acc8{ip: 192.168.157.242, host: pr-hdds-2034-ckmbc-1095224204, networkLocation: /default-rack, certSerialId: null} reports an CLOSED replica.
2019-10-23 17:08:18,194 [java.util.concurrent.ThreadPoolExecutor$Worker@5c5d4f98[State = -1, empty queue]] WARN  server.GrpcLogAppender (GrpcLogAppender.java:timeoutAppendRequest(209)) - a645e8ec-3812-4481-93f3-68221dd5a52f@group-7447E9EF7D39->53b51124-92ed-42d6-a80e-016fa59d7f2b-GrpcLogAppender: appendEntries Timeout, request=a645e8ec-3812-4481-93f3-68221dd5a52f->53b51124-92ed-42d6-a80e-016fa59d7f2b#38-t4, previous=(t:4, i:10), leaderCommit=10, initializing? false, entries: <empty>
2019-10-23 17:08:18,229 [BlockDeletingService#2] WARN  background.BlockDeletingService (BlockDeletingService.java:isDeletionAllowed(187)) - Close Container log Index 6 is not replicated across allthe servers in the pipeline eaf7b8d5-4c44-4730-931b-7447e9ef7d39 as the min replicated index is 4. Deletion is not allowed in this container yet.
2019-10-23 17:08:18,229 [BlockDeletingService#2] WARN  background.BlockDeletingService (BlockDeletingService.java:isDeletionAllowed(187)) - Close Container log Index 6 is not replicated across allthe servers in the pipeline eaf7b8d5-4c44-4730-931b-7447e9ef7d39 as the min replicated index is 4. Deletion is not allowed in this container yet.
2019-10-23 17:08:18,353 [EventQueue-ContainerReportForContainerReportHandler] WARN  container.ContainerReportHandler (AbstractContainerReportHandler.java:updateContainerState(145)) - Container #1 is in OPEN state, but the datanode a645e8ec-3812-4481-93f3-68221dd5a52f{ip: 192.168.157.242, host: pr-hdds-2034-ckmbc-1095224204, networkLocation: /default-rack, certSerialId: null} reports an CLOSED replica.
2019-10-23 17:08:18,482 [EventQueue-ContainerReportForContainerReportHandler] WARN  container.ContainerReportHandler (AbstractContainerReportHandler.java:updateContainerState(145)) - Container #1 is in OPEN state, but the datanode 8a447bde-5925-4537-9923-914d6124acc8{ip: 192.168.157.242, host: pr-hdds-2034-ckmbc-1095224204, networkLocation: /default-rack, certSerialId: null} reports an CLOSED replica.
2019-10-23 17:08:18,553 [EventQueue-ContainerReportForContainerReportHandler] WARN  container.ContainerReportHandler (AbstractContainerReportHandler.java:updateContainerState(145)) - Container #1 is in OPEN state, but the datanode a645e8ec-3812-4481-93f3-68221dd5a52f{ip: 192.168.157.242, host: pr-hdds-2034-ckmbc-1095224204, networkLocation: /default-rack, certSerialId: null} reports an CLOSED replica.
2019-10-23 17:08:18,683 [EventQueue-ContainerReportForContainerReportHandler] WARN  container.ContainerReportHandler (AbstractContainerReportHandler.java:updateContainerState(145)) - Container #1 is in OPEN state, but the datanode 8a447bde-5925-4537-9923-914d6124acc8{ip: 192.168.157.242, host: pr-hdds-2034-ckmbc-1095224204, networkLocation: /default-rack, certSerialId: null} reports an CLOSED replica.
2019-10-23 17:08:18,753 [EventQueue-ContainerReportForContainerReportHandler] WARN  container.ContainerReportHandler (AbstractContainerReportHandler.java:updateContainerState(145)) - Container #1 is in OPEN state, but the datanode a645e8ec-3812-4481-93f3-68221dd5a52f{ip: 192.168.157.242, host: pr-hdds-2034-ckmbc-1095224204, networkLocation: /default-rack, certSerialId: null} reports an CLOSED replica.
2019-10-23 17:08:19,055 [EventQueue-ContainerReportForContainerReportHandler] WARN  container.ContainerReportHandler (AbstractContainerReportHandler.java:updateContainerState(145)) - Container #1 is in OPEN state, but the datanode a645e8ec-3812-4481-93f3-68221dd5a52f{ip: 192.168.157.242, host: pr-hdds-2034-ckmbc-1095224204, networkLocation: /default-rack, certSerialId: null} reports an CLOSED replica.
2019-10-23 17:08:19,083 [EventQueue-ContainerReportForContainerReportHandler] WARN  container.ContainerReportHandler (AbstractContainerReportHandler.java:updateContainerState(145)) - Container #1 is in OPEN state, but the datanode 8a447bde-5925-4537-9923-914d6124acc8{ip: 192.168.157.242, host: pr-hdds-2034-ckmbc-1095224204, networkLocation: /default-rack, certSerialId: null} reports an CLOSED replica.
2019-10-23 17:08:19,232 [BlockDeletingService#2] WARN  background.BlockDeletingService (BlockDeletingService.java:isDeletionAllowed(187)) - Close Container log Index 6 is not replicated across allthe servers in the pipeline eaf7b8d5-4c44-4730-931b-7447e9ef7d39 as the min replicated index is 4. Deletion is not allowed in this container yet.
2019-10-23 17:08:19,232 [BlockDeletingService#2] WARN  background.BlockDeletingService (BlockDeletingService.java:isDeletionAllowed(187)) - Close Container log Index 6 is not replicated across allthe servers in the pipeline eaf7b8d5-4c44-4730-931b-7447e9ef7d39 as the min replicated index is 4. Deletion is not allowed in this container yet.
2019-10-23 17:08:19,355 [EventQueue-ContainerReportForContainerReportHandler] WARN  container.ContainerReportHandler (AbstractContainerReportHandler.java:updateContainerState(145)) - Container #1 is in OPEN state, but the datanode a645e8ec-3812-4481-93f3-68221dd5a52f{ip: 192.168.157.242, host: pr-hdds-2034-ckmbc-1095224204, networkLocation: /default-rack, certSerialId: null} reports an CLOSED replica.
2019-10-23 17:08:19,484 [EventQueue-ContainerReportForContainerReportHandler] WARN  container.ContainerReportHandler (AbstractContainerReportHandler.java:updateContainerState(145)) - Container #1 is in OPEN state, but the datanode 8a447bde-5925-4537-9923-914d6124acc8{ip: 192.168.157.242, host: pr-hdds-2034-ckmbc-1095224204, networkLocation: /default-rack, certSerialId: null} reports an CLOSED replica.
2019-10-23 17:08:19,655 [EventQueue-ContainerReportForContainerReportHandler] WARN  container.ContainerReportHandler (AbstractContainerReportHandler.java:updateContainerState(145)) - Container #1 is in OPEN state, but the datanode a645e8ec-3812-4481-93f3-68221dd5a52f{ip: 192.168.157.242, host: pr-hdds-2034-ckmbc-1095224204, networkLocation: /default-rack, certSerialId: null} reports an CLOSED replica.
2019-10-23 17:08:19,792 [Thread-466] INFO  client.GrpcClientProtocolService (GrpcClientProtocolService.java:lambda$processClientRequest$0(279)) - Failed RaftClientRequest:client-18D260901AB6->8a447bde-5925-4537-9923-914d6124acc8@group-7447E9EF7D39, cid=4, seq=0, Watch-ALL_COMMITTED(6), Message:<EMPTY>, reply=RaftClientReply:client-18D260901AB6->8a447bde-5925-4537-9923-914d6124acc8@group-7447E9EF7D39, cid=4, FAILED org.apache.ratis.protocol.NotLeaderException: Server 8a447bde-5925-4537-9923-914d6124acc8@group-7447E9EF7D39 is not the leader a645e8ec-3812-4481-93f3-68221dd5a52f:192.168.157.242:42875, logIndex=0, commits[8a447bde-5925-4537-9923-914d6124acc8:c10, 53b51124-92ed-42d6-a80e-016fa59d7f2b:c4, a645e8ec-3812-4481-93f3-68221dd5a52f:c10]
2019-10-23 17:08:19,885 [EventQueue-ContainerReportForContainerReportHandler] WARN  container.ContainerReportHandler (AbstractContainerReportHandler.java:updateContainerState(145)) - Container #1 is in OPEN state, but the datanode 8a447bde-5925-4537-9923-914d6124acc8{ip: 192.168.157.242, host: pr-hdds-2034-ckmbc-1095224204, networkLocation: /default-rack, certSerialId: null} reports an CLOSED replica.
2019-10-23 17:08:19,955 [EventQueue-ContainerReportForContainerReportHandler] WARN  container.ContainerReportHandler (AbstractContainerReportHandler.java:updateContainerState(145)) - Container #1 is in OPEN state, but the datanode a645e8ec-3812-4481-93f3-68221dd5a52f{ip: 192.168.157.242, host: pr-hdds-2034-ckmbc-1095224204, networkLocation: /default-rack, certSerialId: null} reports an CLOSED replica.
2019-10-23 17:08:20,086 [EventQueue-ContainerReportForContainerReportHandler] WARN  container.ContainerReportHandler (AbstractContainerReportHandler.java:updateContainerState(145)) - Container #1 is in OPEN state, but the datanode 8a447bde-5925-4537-9923-914d6124acc8{ip: 192.168.157.242, host: pr-hdds-2034-ckmbc-1095224204, networkLocation: /default-rack, certSerialId: null} reports an CLOSED replica.
2019-10-23 17:08:20,155 [EventQueue-ContainerReportForContainerReportHandler] WARN  container.ContainerReportHandler (AbstractContainerReportHandler.java:updateContainerState(145)) - Container #1 is in OPEN state, but the datanode a645e8ec-3812-4481-93f3-68221dd5a52f{ip: 192.168.157.242, host: pr-hdds-2034-ckmbc-1095224204, networkLocation: /default-rack, certSerialId: null} reports an CLOSED replica.
2019-10-23 17:08:20,234 [BlockDeletingService#2] WARN  background.BlockDeletingService (BlockDeletingService.java:isDeletionAllowed(187)) - Close Container log Index 6 is not replicated across allthe servers in the pipeline eaf7b8d5-4c44-4730-931b-7447e9ef7d39 as the min replicated index is 4. Deletion is not allowed in this container yet.
2019-10-23 17:08:20,236 [BlockDeletingService#2] WARN  background.BlockDeletingService (BlockDeletingService.java:isDeletionAllowed(187)) - Close Container log Index 6 is not replicated across allthe servers in the pipeline eaf7b8d5-4c44-4730-931b-7447e9ef7d39 as the min replicated index is 4. Deletion is not allowed in this container yet.
2019-10-23 17:08:20,356 [EventQueue-ContainerReportForContainerReportHandler] WARN  container.ContainerReportHandler (AbstractContainerReportHandler.java:updateContainerState(145)) - Container #1 is in OPEN state, but the datanode a645e8ec-3812-4481-93f3-68221dd5a52f{ip: 192.168.157.242, host: pr-hdds-2034-ckmbc-1095224204, networkLocation: /default-rack, certSerialId: null} reports an CLOSED replica.
2019-10-23 17:08:20,487 [EventQueue-ContainerReportForContainerReportHandler] WARN  container.ContainerReportHandler (AbstractContainerReportHandler.java:updateContainerState(145)) - Container #1 is in OPEN state, but the datanode 8a447bde-5925-4537-9923-914d6124acc8{ip: 192.168.157.242, host: pr-hdds-2034-ckmbc-1095224204, networkLocation: /default-rack, certSerialId: null} reports an CLOSED replica.
2019-10-23 17:08:20,656 [EventQueue-ContainerReportForContainerReportHandler] WARN  container.ContainerReportHandler (AbstractContainerReportHandler.java:updateContainerState(145)) - Container #1 is in OPEN state, but the datanode a645e8ec-3812-4481-93f3-68221dd5a52f{ip: 192.168.157.242, host: pr-hdds-2034-ckmbc-1095224204, networkLocation: /default-rack, certSerialId: null} reports an CLOSED replica.
2019-10-23 17:08:20,696 [java.util.concurrent.ThreadPoolExecutor$Worker@5c5d4f98[State = -1, empty queue]] WARN  server.GrpcLogAppender (GrpcLogAppender.java:timeoutAppendRequest(209)) - a645e8ec-3812-4481-93f3-68221dd5a52f@group-7447E9EF7D39->53b51124-92ed-42d6-a80e-016fa59d7f2b-GrpcLogAppender: appendEntries Timeout, request=a645e8ec-3812-4481-93f3-68221dd5a52f->53b51124-92ed-42d6-a80e-016fa59d7f2b#39-t4, previous=(t:4, i:10), leaderCommit=10, initializing? false, entries: <empty>
2019-10-23 17:08:20,787 [EventQueue-ContainerReportForContainerReportHandler] WARN  container.ContainerReportHandler (AbstractContainerReportHandler.java:updateContainerState(145)) - Container #1 is in OPEN state, but the datanode 8a447bde-5925-4537-9923-914d6124acc8{ip: 192.168.157.242, host: pr-hdds-2034-ckmbc-1095224204, networkLocation: /default-rack, certSerialId: null} reports an CLOSED replica.
2019-10-23 17:08:20,956 [EventQueue-ContainerReportForContainerReportHandler] WARN  container.ContainerReportHandler (AbstractContainerReportHandler.java:updateContainerState(145)) - Container #1 is in OPEN state, but the datanode a645e8ec-3812-4481-93f3-68221dd5a52f{ip: 192.168.157.242, host: pr-hdds-2034-ckmbc-1095224204, networkLocation: /default-rack, certSerialId: null} reports an CLOSED replica.
2019-10-23 17:08:21,087 [EventQueue-ContainerReportForContainerReportHandler] WARN  container.ContainerReportHandler (AbstractContainerReportHandler.java:updateContainerState(145)) - Container #1 is in OPEN state, but the datanode 8a447bde-5925-4537-9923-914d6124acc8{ip: 192.168.157.242, host: pr-hdds-2034-ckmbc-1095224204, networkLocation: /default-rack, certSerialId: null} reports an CLOSED replica.
2019-10-23 17:08:21,237 [BlockDeletingService#2] WARN  background.BlockDeletingService (BlockDeletingService.java:isDeletionAllowed(187)) - Close Container log Index 6 is not replicated across allthe servers in the pipeline eaf7b8d5-4c44-4730-931b-7447e9ef7d39 as the min replicated index is 4. Deletion is not allowed in this container yet.
2019-10-23 17:08:21,237 [BlockDeletingService#2] WARN  background.BlockDeletingService (BlockDeletingService.java:isDeletionAllowed(187)) - Close Container log Index 6 is not replicated across allthe servers in the pipeline eaf7b8d5-4c44-4730-931b-7447e9ef7d39 as the min replicated index is 4. Deletion is not allowed in this container yet.
2019-10-23 17:08:21,256 [EventQueue-ContainerReportForContainerReportHandler] WARN  container.ContainerReportHandler (AbstractContainerReportHandler.java:updateContainerState(145)) - Container #1 is in OPEN state, but the datanode a645e8ec-3812-4481-93f3-68221dd5a52f{ip: 192.168.157.242, host: pr-hdds-2034-ckmbc-1095224204, networkLocation: /default-rack, certSerialId: null} reports an CLOSED replica.
2019-10-23 17:08:21,287 [EventQueue-ContainerReportForContainerReportHandler] WARN  container.ContainerReportHandler (AbstractContainerReportHandler.java:updateContainerState(145)) - Container #1 is in OPEN state, but the datanode 8a447bde-5925-4537-9923-914d6124acc8{ip: 192.168.157.242, host: pr-hdds-2034-ckmbc-1095224204, networkLocation: /default-rack, certSerialId: null} reports an CLOSED replica.
2019-10-23 17:08:21,456 [EventQueue-ContainerReportForContainerReportHandler] WARN  container.ContainerReportHandler (AbstractContainerReportHandler.java:updateContainerState(145)) - Container #1 is in OPEN state, but the datanode a645e8ec-3812-4481-93f3-68221dd5a52f{ip: 192.168.157.242, host: pr-hdds-2034-ckmbc-1095224204, networkLocation: /default-rack, certSerialId: null} reports an CLOSED replica.
2019-10-23 17:08:21,585 [Thread-474] INFO  client.GrpcClientProtocolService (GrpcClientProtocolService.java:lambda$processClientRequest$0(279)) - Failed RaftClientRequest:client-18D260901AB6->a645e8ec-3812-4481-93f3-68221dd5a52f@group-7447E9EF7D39, cid=4, seq=0, Watch-ALL_COMMITTED(6), Message:<EMPTY>, reply=RaftClientReply:client-18D260901AB6->a645e8ec-3812-4481-93f3-68221dd5a52f@group-7447E9EF7D39, cid=4, FAILED org.apache.ratis.protocol.NotReplicatedException: Request with call Id 4 and log index 6 is not yet replicated to ALL_COMMITTED, logIndex=6, commits[a645e8ec-3812-4481-93f3-68221dd5a52f:c10, 8a447bde-5925-4537-9923-914d6124acc8:c10, 53b51124-92ed-42d6-a80e-016fa59d7f2b:c4]
2019-10-23 17:08:21,689 [EventQueue-ContainerReportForContainerReportHandler] WARN  container.ContainerReportHandler (AbstractContainerReportHandler.java:updateContainerState(145)) - Container #1 is in OPEN state, but the datanode 8a447bde-5925-4537-9923-914d6124acc8{ip: 192.168.157.242, host: pr-hdds-2034-ckmbc-1095224204, networkLocation: /default-rack, certSerialId: null} reports an CLOSED replica.
2019-10-23 17:08:21,757 [EventQueue-ContainerReportForContainerReportHandler] WARN  container.ContainerReportHandler (AbstractContainerReportHandler.java:updateContainerState(145)) - Container #1 is in OPEN state, but the datanode a645e8ec-3812-4481-93f3-68221dd5a52f{ip: 192.168.157.242, host: pr-hdds-2034-ckmbc-1095224204, networkLocation: /default-rack, certSerialId: null} reports an CLOSED replica.
2019-10-23 17:08:21,888 [EventQueue-ContainerReportForContainerReportHandler] WARN  container.ContainerReportHandler (AbstractContainerReportHandler.java:updateContainerState(145)) - Container #1 is in OPEN state, but the datanode 8a447bde-5925-4537-9923-914d6124acc8{ip: 192.168.157.242, host: pr-hdds-2034-ckmbc-1095224204, networkLocation: /default-rack, certSerialId: null} reports an CLOSED replica.
2019-10-23 17:08:22,158 [EventQueue-ContainerReportForContainerReportHandler] WARN  container.ContainerReportHandler (AbstractContainerReportHandler.java:updateContainerState(145)) - Container #1 is in OPEN state, but the datanode a645e8ec-3812-4481-93f3-68221dd5a52f{ip: 192.168.157.242, host: pr-hdds-2034-ckmbc-1095224204, networkLocation: /default-rack, certSerialId: null} reports an CLOSED replica.
2019-10-23 17:08:22,188 [EventQueue-ContainerReportForContainerReportHandler] WARN  container.ContainerReportHandler (AbstractContainerReportHandler.java:updateContainerState(145)) - Container #1 is in OPEN state, but the datanode 8a447bde-5925-4537-9923-914d6124acc8{ip: 192.168.157.242, host: pr-hdds-2034-ckmbc-1095224204, networkLocation: /default-rack, certSerialId: null} reports an CLOSED replica.
2019-10-23 17:08:22,240 [BlockDeletingService#2] WARN  background.BlockDeletingService (BlockDeletingService.java:isDeletionAllowed(187)) - Close Container log Index 6 is not replicated across allthe servers in the pipeline eaf7b8d5-4c44-4730-931b-7447e9ef7d39 as the min replicated index is 4. Deletion is not allowed in this container yet.
2019-10-23 17:08:22,240 [BlockDeletingService#2] WARN  background.BlockDeletingService (BlockDeletingService.java:isDeletionAllowed(187)) - Close Container log Index 6 is not replicated across allthe servers in the pipeline eaf7b8d5-4c44-4730-931b-7447e9ef7d39 as the min replicated index is 4. Deletion is not allowed in this container yet.
2019-10-23 17:08:22,488 [EventQueue-ContainerReportForContainerReportHandler] WARN  container.ContainerReportHandler (AbstractContainerReportHandler.java:updateContainerState(145)) - Container #1 is in OPEN state, but the datanode 8a447bde-5925-4537-9923-914d6124acc8{ip: 192.168.157.242, host: pr-hdds-2034-ckmbc-1095224204, networkLocation: /default-rack, certSerialId: null} reports an CLOSED replica.
2019-10-23 17:08:22,559 [EventQueue-ContainerReportForContainerReportHandler] WARN  container.ContainerReportHandler (AbstractContainerReportHandler.java:updateContainerState(145)) - Container #1 is in OPEN state, but the datanode a645e8ec-3812-4481-93f3-68221dd5a52f{ip: 192.168.157.242, host: pr-hdds-2034-ckmbc-1095224204, networkLocation: /default-rack, certSerialId: null} reports an CLOSED replica.
2019-10-23 17:08:22,788 [EventQueue-ContainerReportForContainerReportHandler] WARN  container.ContainerReportHandler (AbstractContainerReportHandler.java:updateContainerState(145)) - Container #1 is in OPEN state, but the datanode 8a447bde-5925-4537-9923-914d6124acc8{ip: 192.168.157.242, host: pr-hdds-2034-ckmbc-1095224204, networkLocation: /default-rack, certSerialId: null} reports an CLOSED replica.
2019-10-23 17:08:22,859 [EventQueue-ContainerReportForContainerReportHandler] WARN  container.ContainerReportHandler (AbstractContainerReportHandler.java:updateContainerState(145)) - Container #1 is in OPEN state, but the datanode a645e8ec-3812-4481-93f3-68221dd5a52f{ip: 192.168.157.242, host: pr-hdds-2034-ckmbc-1095224204, networkLocation: /default-rack, certSerialId: null} reports an CLOSED replica.
2019-10-23 17:08:23,088 [EventQueue-ContainerReportForContainerReportHandler] WARN  container.ContainerReportHandler (AbstractContainerReportHandler.java:updateContainerState(145)) - Container #1 is in OPEN state, but the datanode 8a447bde-5925-4537-9923-914d6124acc8{ip: 192.168.157.242, host: pr-hdds-2034-ckmbc-1095224204, networkLocation: /default-rack, certSerialId: null} reports an CLOSED replica.
2019-10-23 17:08:23,197 [java.util.concurrent.ThreadPoolExecutor$Worker@5c5d4f98[State = -1, empty queue]] WARN  server.GrpcLogAppender (GrpcLogAppender.java:timeoutAppendRequest(209)) - a645e8ec-3812-4481-93f3-68221dd5a52f@group-7447E9EF7D39->53b51124-92ed-42d6-a80e-016fa59d7f2b-GrpcLogAppender: appendEntries Timeout, request=a645e8ec-3812-4481-93f3-68221dd5a52f->53b51124-92ed-42d6-a80e-016fa59d7f2b#40-t4, previous=(t:4, i:10), leaderCommit=10, initializing? false, entries: <empty>
2019-10-23 17:08:23,246 [BlockDeletingService#2] WARN  background.BlockDeletingService (BlockDeletingService.java:isDeletionAllowed(187)) - Close Container log Index 6 is not replicated across allthe servers in the pipeline eaf7b8d5-4c44-4730-931b-7447e9ef7d39 as the min replicated index is 4. Deletion is not allowed in this container yet.
2019-10-23 17:08:23,246 [BlockDeletingService#2] WARN  background.BlockDeletingService (BlockDeletingService.java:isDeletionAllowed(187)) - Close Container log Index 6 is not replicated across allthe servers in the pipeline eaf7b8d5-4c44-4730-931b-7447e9ef7d39 as the min replicated index is 4. Deletion is not allowed in this container yet.
2019-10-23 17:08:23,259 [EventQueue-ContainerReportForContainerReportHandler] WARN  container.ContainerReportHandler (AbstractContainerReportHandler.java:updateContainerState(145)) - Container #1 is in OPEN state, but the datanode a645e8ec-3812-4481-93f3-68221dd5a52f{ip: 192.168.157.242, host: pr-hdds-2034-ckmbc-1095224204, networkLocation: /default-rack, certSerialId: null} reports an CLOSED replica.
2019-10-23 17:08:23,490 [EventQueue-ContainerReportForContainerReportHandler] WARN  container.ContainerReportHandler (AbstractContainerReportHandler.java:updateContainerState(145)) - Container #1 is in OPEN state, but the datanode 8a447bde-5925-4537-9923-914d6124acc8{ip: 192.168.157.242, host: pr-hdds-2034-ckmbc-1095224204, networkLocation: /default-rack, certSerialId: null} reports an CLOSED replica.
2019-10-23 17:08:23,559 [EventQueue-ContainerReportForContainerReportHandler] WARN  container.ContainerReportHandler (AbstractContainerReportHandler.java:updateContainerState(145)) - Container #1 is in OPEN state, but the datanode a645e8ec-3812-4481-93f3-68221dd5a52f{ip: 192.168.157.242, host: pr-hdds-2034-ckmbc-1095224204, networkLocation: /default-rack, certSerialId: null} reports an CLOSED replica.
2019-10-23 17:08:23,760 [EventQueue-ContainerReportForContainerReportHandler] WARN  container.ContainerReportHandler (AbstractContainerReportHandler.java:updateContainerState(145)) - Container #1 is in OPEN state, but the datanode a645e8ec-3812-4481-93f3-68221dd5a52f{ip: 192.168.157.242, host: pr-hdds-2034-ckmbc-1095224204, networkLocation: /default-rack, certSerialId: null} reports an CLOSED replica.
2019-10-23 17:08:23,889 [EventQueue-ContainerReportForContainerReportHandler] WARN  container.ContainerReportHandler (AbstractContainerReportHandler.java:updateContainerState(145)) - Container #1 is in OPEN state, but the datanode 8a447bde-5925-4537-9923-914d6124acc8{ip: 192.168.157.242, host: pr-hdds-2034-ckmbc-1095224204, networkLocation: /default-rack, certSerialId: null} reports an CLOSED replica.
2019-10-23 17:08:24,060 [EventQueue-ContainerReportForContainerReportHandler] WARN  container.ContainerReportHandler (AbstractContainerReportHandler.java:updateContainerState(145)) - Container #1 is in OPEN state, but the datanode a645e8ec-3812-4481-93f3-68221dd5a52f{ip: 192.168.157.242, host: pr-hdds-2034-ckmbc-1095224204, networkLocation: /default-rack, certSerialId: null} reports an CLOSED replica.
2019-10-23 17:08:24,249 [BlockDeletingService#2] WARN  background.BlockDeletingService (BlockDeletingService.java:isDeletionAllowed(187)) - Close Container log Index 6 is not replicated across allthe servers in the pipeline eaf7b8d5-4c44-4730-931b-7447e9ef7d39 as the min replicated index is 4. Deletion is not allowed in this container yet.
2019-10-23 17:08:24,249 [BlockDeletingService#2] WARN  background.BlockDeletingService (BlockDeletingService.java:isDeletionAllowed(187)) - Close Container log Index 6 is not replicated across allthe servers in the pipeline eaf7b8d5-4c44-4730-931b-7447e9ef7d39 as the min replicated index is 4. Deletion is not allowed in this container yet.
2019-10-23 17:08:24,289 [EventQueue-ContainerReportForContainerReportHandler] WARN  container.ContainerReportHandler (AbstractContainerReportHandler.java:updateContainerState(145)) - Container #1 is in OPEN state, but the datanode 8a447bde-5925-4537-9923-914d6124acc8{ip: 192.168.157.242, host: pr-hdds-2034-ckmbc-1095224204, networkLocation: /default-rack, certSerialId: null} reports an CLOSED replica.
2019-10-23 17:08:24,360 [EventQueue-ContainerReportForContainerReportHandler] WARN  container.ContainerReportHandler (AbstractContainerReportHandler.java:updateContainerState(145)) - Container #1 is in OPEN state, but the datanode a645e8ec-3812-4481-93f3-68221dd5a52f{ip: 192.168.157.242, host: pr-hdds-2034-ckmbc-1095224204, networkLocation: /default-rack, certSerialId: null} reports an CLOSED replica.
2019-10-23 17:08:24,489 [EventQueue-ContainerReportForContainerReportHandler] WARN  container.ContainerReportHandler (AbstractContainerReportHandler.java:updateContainerState(145)) - Container #1 is in OPEN state, but the datanode 8a447bde-5925-4537-9923-914d6124acc8{ip: 192.168.157.242, host: pr-hdds-2034-ckmbc-1095224204, networkLocation: /default-rack, certSerialId: null} reports an CLOSED replica.
2019-10-23 17:08:24,563 [EventQueue-ContainerReportForContainerReportHandler] WARN  container.ContainerReportHandler (AbstractContainerReportHandler.java:updateContainerState(145)) - Container #1 is in OPEN state, but the datanode a645e8ec-3812-4481-93f3-68221dd5a52f{ip: 192.168.157.242, host: pr-hdds-2034-ckmbc-1095224204, networkLocation: /default-rack, certSerialId: null} reports an CLOSED replica.
2019-10-23 17:08:24,889 [EventQueue-ContainerReportForContainerReportHandler] WARN  container.ContainerReportHandler (AbstractContainerReportHandler.java:updateContainerState(145)) - Container #1 is in OPEN state, but the datanode 8a447bde-5925-4537-9923-914d6124acc8{ip: 192.168.157.242, host: pr-hdds-2034-ckmbc-1095224204, networkLocation: /default-rack, certSerialId: null} reports an CLOSED replica.
2019-10-23 17:08:24,962 [EventQueue-ContainerReportForContainerReportHandler] WARN  container.ContainerReportHandler (AbstractContainerReportHandler.java:updateContainerState(145)) - Container #1 is in OPEN state, but the datanode a645e8ec-3812-4481-93f3-68221dd5a52f{ip: 192.168.157.242, host: pr-hdds-2034-ckmbc-1095224204, networkLocation: /default-rack, certSerialId: null} reports an CLOSED replica.
2019-10-23 17:08:25,190 [EventQueue-ContainerReportForContainerReportHandler] WARN  container.ContainerReportHandler (AbstractContainerReportHandler.java:updateContainerState(145)) - Container #1 is in OPEN state, but the datanode 8a447bde-5925-4537-9923-914d6124acc8{ip: 192.168.157.242, host: pr-hdds-2034-ckmbc-1095224204, networkLocation: /default-rack, certSerialId: null} reports an CLOSED replica.
2019-10-23 17:08:25,251 [BlockDeletingService#2] WARN  background.BlockDeletingService (BlockDeletingService.java:isDeletionAllowed(187)) - Close Container log Index 6 is not replicated across allthe servers in the pipeline eaf7b8d5-4c44-4730-931b-7447e9ef7d39 as the min replicated index is 4. Deletion is not allowed in this container yet.
2019-10-23 17:08:25,251 [BlockDeletingService#2] WARN  background.BlockDeletingService (BlockDeletingService.java:isDeletionAllowed(187)) - Close Container log Index 6 is not replicated across allthe servers in the pipeline eaf7b8d5-4c44-4730-931b-7447e9ef7d39 as the min replicated index is 4. Deletion is not allowed in this container yet.
2019-10-23 17:08:25,263 [EventQueue-ContainerReportForContainerReportHandler] WARN  container.ContainerReportHandler (AbstractContainerReportHandler.java:updateContainerState(145)) - Container #1 is in OPEN state, but the datanode a645e8ec-3812-4481-93f3-68221dd5a52f{ip: 192.168.157.242, host: pr-hdds-2034-ckmbc-1095224204, networkLocation: /default-rack, certSerialId: null} reports an CLOSED replica.
2019-10-23 17:08:25,491 [EventQueue-ContainerReportForContainerReportHandler] WARN  container.ContainerReportHandler (AbstractContainerReportHandler.java:updateContainerState(145)) - Container #1 is in OPEN state, but the datanode 8a447bde-5925-4537-9923-914d6124acc8{ip: 192.168.157.242, host: pr-hdds-2034-ckmbc-1095224204, networkLocation: /default-rack, certSerialId: null} reports an CLOSED replica.
2019-10-23 17:08:25,564 [EventQueue-ContainerReportForContainerReportHandler] WARN  container.ContainerReportHandler (AbstractContainerReportHandler.java:updateContainerState(145)) - Container #1 is in OPEN state, but the datanode a645e8ec-3812-4481-93f3-68221dd5a52f{ip: 192.168.157.242, host: pr-hdds-2034-ckmbc-1095224204, networkLocation: /default-rack, certSerialId: null} reports an CLOSED replica.
2019-10-23 17:08:25,691 [EventQueue-ContainerReportForContainerReportHandler] WARN  container.ContainerReportHandler (AbstractContainerReportHandler.java:updateContainerState(145)) - Container #1 is in OPEN state, but the datanode 8a447bde-5925-4537-9923-914d6124acc8{ip: 192.168.157.242, host: pr-hdds-2034-ckmbc-1095224204, networkLocation: /default-rack, certSerialId: null} reports an CLOSED replica.
2019-10-23 17:08:25,699 [java.util.concurrent.ThreadPoolExecutor$Worker@5c5d4f98[State = -1, empty queue]] WARN  server.GrpcLogAppender (GrpcLogAppender.java:timeoutAppendRequest(209)) - a645e8ec-3812-4481-93f3-68221dd5a52f@group-7447E9EF7D39->53b51124-92ed-42d6-a80e-016fa59d7f2b-GrpcLogAppender: appendEntries Timeout, request=a645e8ec-3812-4481-93f3-68221dd5a52f->53b51124-92ed-42d6-a80e-016fa59d7f2b#41-t4, previous=(t:4, i:10), leaderCommit=10, initializing? false, entries: <empty>
2019-10-23 17:08:25,864 [EventQueue-ContainerReportForContainerReportHandler] WARN  container.ContainerReportHandler (AbstractContainerReportHandler.java:updateContainerState(145)) - Container #1 is in OPEN state, but the datanode a645e8ec-3812-4481-93f3-68221dd5a52f{ip: 192.168.157.242, host: pr-hdds-2034-ckmbc-1095224204, networkLocation: /default-rack, certSerialId: null} reports an CLOSED replica.
2019-10-23 17:08:25,991 [EventQueue-ContainerReportForContainerReportHandler] WARN  container.ContainerReportHandler (AbstractContainerReportHandler.java:updateContainerState(145)) - Container #1 is in OPEN state, but the datanode 8a447bde-5925-4537-9923-914d6124acc8{ip: 192.168.157.242, host: pr-hdds-2034-ckmbc-1095224204, networkLocation: /default-rack, certSerialId: null} reports an CLOSED replica.
2019-10-23 17:08:26,164 [EventQueue-ContainerReportForContainerReportHandler] WARN  container.ContainerReportHandler (AbstractContainerReportHandler.java:updateContainerState(145)) - Container #1 is in OPEN state, but the datanode a645e8ec-3812-4481-93f3-68221dd5a52f{ip: 192.168.157.242, host: pr-hdds-2034-ckmbc-1095224204, networkLocation: /default-rack, certSerialId: null} reports an CLOSED replica.
2019-10-23 17:08:26,253 [BlockDeletingService#2] WARN  background.BlockDeletingService (BlockDeletingService.java:isDeletionAllowed(187)) - Close Container log Index 6 is not replicated across allthe servers in the pipeline eaf7b8d5-4c44-4730-931b-7447e9ef7d39 as the min replicated index is 4. Deletion is not allowed in this container yet.
2019-10-23 17:08:26,253 [BlockDeletingService#2] WARN  background.BlockDeletingService (BlockDeletingService.java:isDeletionAllowed(187)) - Close Container log Index 6 is not replicated across allthe servers in the pipeline eaf7b8d5-4c44-4730-931b-7447e9ef7d39 as the min replicated index is 4. Deletion is not allowed in this container yet.
2019-10-23 17:08:26,291 [EventQueue-ContainerReportForContainerReportHandler] WARN  container.ContainerReportHandler (AbstractContainerReportHandler.java:updateContainerState(145)) - Container #1 is in OPEN state, but the datanode 8a447bde-5925-4537-9923-914d6124acc8{ip: 192.168.157.242, host: pr-hdds-2034-ckmbc-1095224204, networkLocation: /default-rack, certSerialId: null} reports an CLOSED replica.
2019-10-23 17:08:26,564 [EventQueue-ContainerReportForContainerReportHandler] WARN  container.ContainerReportHandler (AbstractContainerReportHandler.java:updateContainerState(145)) - Container #1 is in OPEN state, but the datanode a645e8ec-3812-4481-93f3-68221dd5a52f{ip: 192.168.157.242, host: pr-hdds-2034-ckmbc-1095224204, networkLocation: /default-rack, certSerialId: null} reports an CLOSED replica.
2019-10-23 17:08:26,592 [EventQueue-ContainerReportForContainerReportHandler] WARN  container.ContainerReportHandler (AbstractContainerReportHandler.java:updateContainerState(145)) - Container #1 is in OPEN state, but the datanode 8a447bde-5925-4537-9923-914d6124acc8{ip: 192.168.157.242, host: pr-hdds-2034-ckmbc-1095224204, networkLocation: /default-rack, certSerialId: null} reports an CLOSED replica.
2019-10-23 17:08:26,794 [EventQueue-ContainerReportForContainerReportHandler] WARN  container.ContainerReportHandler (AbstractContainerReportHandler.java:updateContainerState(145)) - Container #1 is in OPEN state, but the datanode 8a447bde-5925-4537-9923-914d6124acc8{ip: 192.168.157.242, host: pr-hdds-2034-ckmbc-1095224204, networkLocation: /default-rack, certSerialId: null} reports an CLOSED replica.
2019-10-23 17:08:26,964 [EventQueue-ContainerReportForContainerReportHandler] WARN  container.ContainerReportHandler (AbstractContainerReportHandler.java:updateContainerState(145)) - Container #1 is in OPEN state, but the datanode a645e8ec-3812-4481-93f3-68221dd5a52f{ip: 192.168.157.242, host: pr-hdds-2034-ckmbc-1095224204, networkLocation: /default-rack, certSerialId: null} reports an CLOSED replica.
2019-10-23 17:08:27,094 [EventQueue-ContainerReportForContainerReportHandler] WARN  container.ContainerReportHandler (AbstractContainerReportHandler.java:updateContainerState(145)) - Container #1 is in OPEN state, but the datanode 8a447bde-5925-4537-9923-914d6124acc8{ip: 192.168.157.242, host: pr-hdds-2034-ckmbc-1095224204, networkLocation: /default-rack, certSerialId: null} reports an CLOSED replica.
2019-10-23 17:08:27,256 [BlockDeletingService#2] WARN  background.BlockDeletingService (BlockDeletingService.java:isDeletionAllowed(187)) - Close Container log Index 6 is not replicated across allthe servers in the pipeline eaf7b8d5-4c44-4730-931b-7447e9ef7d39 as the min replicated index is 4. Deletion is not allowed in this container yet.
2019-10-23 17:08:27,256 [BlockDeletingService#2] WARN  background.BlockDeletingService (BlockDeletingService.java:isDeletionAllowed(187)) - Close Container log Index 6 is not replicated across allthe servers in the pipeline eaf7b8d5-4c44-4730-931b-7447e9ef7d39 as the min replicated index is 4. Deletion is not allowed in this container yet.
2019-10-23 17:08:27,264 [EventQueue-ContainerReportForContainerReportHandler] WARN  container.ContainerReportHandler (AbstractContainerReportHandler.java:updateContainerState(145)) - Container #1 is in OPEN state, but the datanode a645e8ec-3812-4481-93f3-68221dd5a52f{ip: 192.168.157.242, host: pr-hdds-2034-ckmbc-1095224204, networkLocation: /default-rack, certSerialId: null} reports an CLOSED replica.
2019-10-23 17:08:27,294 [EventQueue-ContainerReportForContainerReportHandler] WARN  container.ContainerReportHandler (AbstractContainerReportHandler.java:updateContainerState(145)) - Container #1 is in OPEN state, but the datanode 8a447bde-5925-4537-9923-914d6124acc8{ip: 192.168.157.242, host: pr-hdds-2034-ckmbc-1095224204, networkLocation: /default-rack, certSerialId: null} reports an CLOSED replica.
2019-10-23 17:08:27,664 [EventQueue-ContainerReportForContainerReportHandler] WARN  container.ContainerReportHandler (AbstractContainerReportHandler.java:updateContainerState(145)) - Container #1 is in OPEN state, but the datanode a645e8ec-3812-4481-93f3-68221dd5a52f{ip: 192.168.157.242, host: pr-hdds-2034-ckmbc-1095224204, networkLocation: /default-rack, certSerialId: null} reports an CLOSED replica.
2019-10-23 17:08:27,694 [EventQueue-ContainerReportForContainerReportHandler] WARN  container.ContainerReportHandler (AbstractContainerReportHandler.java:updateContainerState(145)) - Container #1 is in OPEN state, but the datanode 8a447bde-5925-4537-9923-914d6124acc8{ip: 192.168.157.242, host: pr-hdds-2034-ckmbc-1095224204, networkLocation: /default-rack, certSerialId: null} reports an CLOSED replica.
2019-10-23 17:08:27,864 [EventQueue-ContainerReportForContainerReportHandler] WARN  container.ContainerReportHandler (AbstractContainerReportHandler.java:updateContainerState(145)) - Container #1 is in OPEN state, but the datanode a645e8ec-3812-4481-93f3-68221dd5a52f{ip: 192.168.157.242, host: pr-hdds-2034-ckmbc-1095224204, networkLocation: /default-rack, certSerialId: null} reports an CLOSED replica.
2019-10-23 17:08:28,064 [EventQueue-ContainerReportForContainerReportHandler] WARN  container.ContainerReportHandler (AbstractContainerReportHandler.java:updateContainerState(145)) - Container #1 is in OPEN state, but the datanode a645e8ec-3812-4481-93f3-68221dd5a52f{ip: 192.168.157.242, host: pr-hdds-2034-ckmbc-1095224204, networkLocation: /default-rack, certSerialId: null} reports an CLOSED replica.
2019-10-23 17:08:28,094 [EventQueue-ContainerReportForContainerReportHandler] WARN  container.ContainerReportHandler (AbstractContainerReportHandler.java:updateContainerState(145)) - Container #1 is in OPEN state, but the datanode 8a447bde-5925-4537-9923-914d6124acc8{ip: 192.168.157.242, host: pr-hdds-2034-ckmbc-1095224204, networkLocation: /default-rack, certSerialId: null} reports an CLOSED replica.
2019-10-23 17:08:28,202 [java.util.concurrent.ThreadPoolExecutor$Worker@5c5d4f98[State = -1, empty queue]] WARN  server.GrpcLogAppender (GrpcLogAppender.java:timeoutAppendRequest(209)) - a645e8ec-3812-4481-93f3-68221dd5a52f@group-7447E9EF7D39->53b51124-92ed-42d6-a80e-016fa59d7f2b-GrpcLogAppender: appendEntries Timeout, request=a645e8ec-3812-4481-93f3-68221dd5a52f->53b51124-92ed-42d6-a80e-016fa59d7f2b#42-t4, previous=(t:4, i:10), leaderCommit=10, initializing? false, entries: <empty>
2019-10-23 17:08:28,258 [BlockDeletingService#2] WARN  background.BlockDeletingService (BlockDeletingService.java:isDeletionAllowed(187)) - Close Container log Index 6 is not replicated across allthe servers in the pipeline eaf7b8d5-4c44-4730-931b-7447e9ef7d39 as the min replicated index is 4. Deletion is not allowed in this container yet.
2019-10-23 17:08:28,258 [BlockDeletingService#2] WARN  background.BlockDeletingService (BlockDeletingService.java:isDeletionAllowed(187)) - Close Container log Index 6 is not replicated across allthe servers in the pipeline eaf7b8d5-4c44-4730-931b-7447e9ef7d39 as the min replicated index is 4. Deletion is not allowed in this container yet.
2019-10-23 17:08:28,365 [EventQueue-ContainerReportForContainerReportHandler] WARN  container.ContainerReportHandler (AbstractContainerReportHandler.java:updateContainerState(145)) - Container #1 is in OPEN state, but the datanode a645e8ec-3812-4481-93f3-68221dd5a52f{ip: 192.168.157.242, host: pr-hdds-2034-ckmbc-1095224204, networkLocation: /default-rack, certSerialId: null} reports an CLOSED replica.
2019-10-23 17:08:28,395 [EventQueue-ContainerReportForContainerReportHandler] WARN  container.ContainerReportHandler (AbstractContainerReportHandler.java:updateContainerState(145)) - Container #1 is in OPEN state, but the datanode 8a447bde-5925-4537-9923-914d6124acc8{ip: 192.168.157.242, host: pr-hdds-2034-ckmbc-1095224204, networkLocation: /default-rack, certSerialId: null} reports an CLOSED replica.
2019-10-23 17:08:28,595 [EventQueue-ContainerReportForContainerReportHandler] WARN  container.ContainerReportHandler (AbstractContainerReportHandler.java:updateContainerState(145)) - Container #1 is in OPEN state, but the datanode 8a447bde-5925-4537-9923-914d6124acc8{ip: 192.168.157.242, host: pr-hdds-2034-ckmbc-1095224204, networkLocation: /default-rack, certSerialId: null} reports an CLOSED replica.
2019-10-23 17:08:28,764 [EventQueue-ContainerReportForContainerReportHandler] WARN  container.ContainerReportHandler (AbstractContainerReportHandler.java:updateContainerState(145)) - Container #1 is in OPEN state, but the datanode a645e8ec-3812-4481-93f3-68221dd5a52f{ip: 192.168.157.242, host: pr-hdds-2034-ckmbc-1095224204, networkLocation: /default-rack, certSerialId: null} reports an CLOSED replica.
2019-10-23 17:08:28,895 [EventQueue-ContainerReportForContainerReportHandler] WARN  container.ContainerReportHandler (AbstractContainerReportHandler.java:updateContainerState(145)) - Container #1 is in OPEN state, but the datanode 8a447bde-5925-4537-9923-914d6124acc8{ip: 192.168.157.242, host: pr-hdds-2034-ckmbc-1095224204, networkLocation: /default-rack, certSerialId: null} reports an CLOSED replica.
2019-10-23 17:08:29,165 [EventQueue-ContainerReportForContainerReportHandler] WARN  container.ContainerReportHandler (AbstractContainerReportHandler.java:updateContainerState(145)) - Container #1 is in OPEN state, but the datanode a645e8ec-3812-4481-93f3-68221dd5a52f{ip: 192.168.157.242, host: pr-hdds-2034-ckmbc-1095224204, networkLocation: /default-rack, certSerialId: null} reports an CLOSED replica.
2019-10-23 17:08:29,261 [BlockDeletingService#2] WARN  background.BlockDeletingService (BlockDeletingService.java:isDeletionAllowed(187)) - Close Container log Index 6 is not replicated across allthe servers in the pipeline eaf7b8d5-4c44-4730-931b-7447e9ef7d39 as the min replicated index is 4. Deletion is not allowed in this container yet.
2019-10-23 17:08:29,261 [BlockDeletingService#2] WARN  background.BlockDeletingService (BlockDeletingService.java:isDeletionAllowed(187)) - Close Container log Index 6 is not replicated across allthe servers in the pipeline eaf7b8d5-4c44-4730-931b-7447e9ef7d39 as the min replicated index is 4. Deletion is not allowed in this container yet.
2019-10-23 17:08:29,295 [EventQueue-ContainerReportForContainerReportHandler] WARN  container.ContainerReportHandler (AbstractContainerReportHandler.java:updateContainerState(145)) - Container #1 is in OPEN state, but the datanode 8a447bde-5925-4537-9923-914d6124acc8{ip: 192.168.157.242, host: pr-hdds-2034-ckmbc-1095224204, networkLocation: /default-rack, certSerialId: null} reports an CLOSED replica.
2019-10-23 17:08:29,465 [EventQueue-ContainerReportForContainerReportHandler] WARN  container.ContainerReportHandler (AbstractContainerReportHandler.java:updateContainerState(145)) - Container #1 is in OPEN state, but the datanode a645e8ec-3812-4481-93f3-68221dd5a52f{ip: 192.168.157.242, host: pr-hdds-2034-ckmbc-1095224204, networkLocation: /default-rack, certSerialId: null} reports an CLOSED replica.
2019-10-23 17:08:29,596 [EventQueue-ContainerReportForContainerReportHandler] WARN  container.ContainerReportHandler (AbstractContainerReportHandler.java:updateContainerState(145)) - Container #1 is in OPEN state, but the datanode 8a447bde-5925-4537-9923-914d6124acc8{ip: 192.168.157.242, host: pr-hdds-2034-ckmbc-1095224204, networkLocation: /default-rack, certSerialId: null} reports an CLOSED replica.
2019-10-23 17:08:29,765 [EventQueue-ContainerReportForContainerReportHandler] WARN  container.ContainerReportHandler (AbstractContainerReportHandler.java:updateContainerState(145)) - Container #1 is in OPEN state, but the datanode a645e8ec-3812-4481-93f3-68221dd5a52f{ip: 192.168.157.242, host: pr-hdds-2034-ckmbc-1095224204, networkLocation: /default-rack, certSerialId: null} reports an CLOSED replica.
2019-10-23 17:08:29,829 [Thread-498] INFO  client.GrpcClientProtocolService (GrpcClientProtocolService.java:lambda$processClientRequest$0(279)) - Failed RaftClientRequest:client-18D260901AB6->8a447bde-5925-4537-9923-914d6124acc8@group-7447E9EF7D39, cid=4, seq=0, Watch-ALL_COMMITTED(6), Message:<EMPTY>, reply=RaftClientReply:client-18D260901AB6->8a447bde-5925-4537-9923-914d6124acc8@group-7447E9EF7D39, cid=4, FAILED org.apache.ratis.protocol.NotLeaderException: Server 8a447bde-5925-4537-9923-914d6124acc8@group-7447E9EF7D39 is not the leader a645e8ec-3812-4481-93f3-68221dd5a52f:192.168.157.242:42875, logIndex=0, commits[8a447bde-5925-4537-9923-914d6124acc8:c10, 53b51124-92ed-42d6-a80e-016fa59d7f2b:c4, a645e8ec-3812-4481-93f3-68221dd5a52f:c10]
2019-10-23 17:08:29,896 [EventQueue-ContainerReportForContainerReportHandler] WARN  container.ContainerReportHandler (AbstractContainerReportHandler.java:updateContainerState(145)) - Container #1 is in OPEN state, but the datanode 8a447bde-5925-4537-9923-914d6124acc8{ip: 192.168.157.242, host: pr-hdds-2034-ckmbc-1095224204, networkLocation: /default-rack, certSerialId: null} reports an CLOSED replica.
2019-10-23 17:08:30,066 [EventQueue-ContainerReportForContainerReportHandler] WARN  container.ContainerReportHandler (AbstractContainerReportHandler.java:updateContainerState(145)) - Container #1 is in OPEN state, but the datanode a645e8ec-3812-4481-93f3-68221dd5a52f{ip: 192.168.157.242, host: pr-hdds-2034-ckmbc-1095224204, networkLocation: /default-rack, certSerialId: null} reports an CLOSED replica.
2019-10-23 17:08:30,196 [EventQueue-ContainerReportForContainerReportHandler] WARN  container.ContainerReportHandler (AbstractContainerReportHandler.java:updateContainerState(145)) - Container #1 is in OPEN state, but the datanode 8a447bde-5925-4537-9923-914d6124acc8{ip: 192.168.157.242, host: pr-hdds-2034-ckmbc-1095224204, networkLocation: /default-rack, certSerialId: null} reports an CLOSED replica.
2019-10-23 17:08:30,263 [BlockDeletingService#2] WARN  background.BlockDeletingService (BlockDeletingService.java:isDeletionAllowed(187)) - Close Container log Index 6 is not replicated across allthe servers in the pipeline eaf7b8d5-4c44-4730-931b-7447e9ef7d39 as the min replicated index is 4. Deletion is not allowed in this container yet.
2019-10-23 17:08:30,263 [BlockDeletingService#2] WARN  background.BlockDeletingService (BlockDeletingService.java:isDeletionAllowed(187)) - Close Container log Index 6 is not replicated across allthe servers in the pipeline eaf7b8d5-4c44-4730-931b-7447e9ef7d39 as the min replicated index is 4. Deletion is not allowed in this container yet.
2019-10-23 17:08:30,265 [EventQueue-ContainerReportForContainerReportHandler] WARN  container.ContainerReportHandler (AbstractContainerReportHandler.java:updateContainerState(145)) - Container #1 is in OPEN state, but the datanode a645e8ec-3812-4481-93f3-68221dd5a52f{ip: 192.168.157.242, host: pr-hdds-2034-ckmbc-1095224204, networkLocation: /default-rack, certSerialId: null} reports an CLOSED replica.
2019-10-23 17:08:30,396 [EventQueue-ContainerReportForContainerReportHandler] WARN  container.ContainerReportHandler (AbstractContainerReportHandler.java:updateContainerState(145)) - Container #1 is in OPEN state, but the datanode 8a447bde-5925-4537-9923-914d6124acc8{ip: 192.168.157.242, host: pr-hdds-2034-ckmbc-1095224204, networkLocation: /default-rack, certSerialId: null} reports an CLOSED replica.
2019-10-23 17:08:30,584 [Thread-504] INFO  client.GrpcClientProtocolService (GrpcClientProtocolService.java:lambda$processClientRequest$0(279)) - Failed RaftClientRequest:client-18D260901AB6->a645e8ec-3812-4481-93f3-68221dd5a52f@group-7447E9EF7D39, cid=4, seq=0, Watch-ALL_COMMITTED(6), Message:<EMPTY>, reply=RaftClientReply:client-18D260901AB6->a645e8ec-3812-4481-93f3-68221dd5a52f@group-7447E9EF7D39, cid=4, FAILED org.apache.ratis.protocol.NotReplicatedException: Request with call Id 4 and log index 6 is not yet replicated to ALL_COMMITTED, logIndex=6, commits[a645e8ec-3812-4481-93f3-68221dd5a52f:c10, 8a447bde-5925-4537-9923-914d6124acc8:c10, 53b51124-92ed-42d6-a80e-016fa59d7f2b:c4]
2019-10-23 17:08:30,667 [EventQueue-ContainerReportForContainerReportHandler] WARN  container.ContainerReportHandler (AbstractContainerReportHandler.java:updateContainerState(145)) - Container #1 is in OPEN state, but the datanode a645e8ec-3812-4481-93f3-68221dd5a52f{ip: 192.168.157.242, host: pr-hdds-2034-ckmbc-1095224204, networkLocation: /default-rack, certSerialId: null} reports an CLOSED replica.
2019-10-23 17:08:30,696 [EventQueue-ContainerReportForContainerReportHandler] WARN  container.ContainerReportHandler (AbstractContainerReportHandler.java:updateContainerState(145)) - Container #1 is in OPEN state, but the datanode 8a447bde-5925-4537-9923-914d6124acc8{ip: 192.168.157.242, host: pr-hdds-2034-ckmbc-1095224204, networkLocation: /default-rack, certSerialId: null} reports an CLOSED replica.
2019-10-23 17:08:30,705 [java.util.concurrent.ThreadPoolExecutor$Worker@5c5d4f98[State = -1, empty queue]] WARN  server.GrpcLogAppender (GrpcLogAppender.java:timeoutAppendRequest(209)) - a645e8ec-3812-4481-93f3-68221dd5a52f@group-7447E9EF7D39->53b51124-92ed-42d6-a80e-016fa59d7f2b-GrpcLogAppender: appendEntries Timeout, request=a645e8ec-3812-4481-93f3-68221dd5a52f->53b51124-92ed-42d6-a80e-016fa59d7f2b#43-t4, previous=(t:4, i:10), leaderCommit=10, initializing? false, entries: <empty>
2019-10-23 17:08:30,897 [EventQueue-ContainerReportForContainerReportHandler] WARN  container.ContainerReportHandler (AbstractContainerReportHandler.java:updateContainerState(145)) - Container #1 is in OPEN state, but the datanode 8a447bde-5925-4537-9923-914d6124acc8{ip: 192.168.157.242, host: pr-hdds-2034-ckmbc-1095224204, networkLocation: /default-rack, certSerialId: null} reports an CLOSED replica.
2019-10-23 17:08:30,967 [EventQueue-ContainerReportForContainerReportHandler] WARN  container.ContainerReportHandler (AbstractContainerReportHandler.java:updateContainerState(145)) - Container #1 is in OPEN state, but the datanode a645e8ec-3812-4481-93f3-68221dd5a52f{ip: 192.168.157.242, host: pr-hdds-2034-ckmbc-1095224204, networkLocation: /default-rack, certSerialId: null} reports an CLOSED replica.
2019-10-23 17:08:31,198 [EventQueue-ContainerReportForContainerReportHandler] WARN  container.ContainerReportHandler (AbstractContainerReportHandler.java:updateContainerState(145)) - Container #1 is in OPEN state, but the datanode 8a447bde-5925-4537-9923-914d6124acc8{ip: 192.168.157.242, host: pr-hdds-2034-ckmbc-1095224204, networkLocation: /default-rack, certSerialId: null} reports an CLOSED replica.
2019-10-23 17:08:31,267 [EventQueue-ContainerReportForContainerReportHandler] WARN  container.ContainerReportHandler (AbstractContainerReportHandler.java:updateContainerState(145)) - Container #1 is in OPEN state, but the datanode a645e8ec-3812-4481-93f3-68221dd5a52f{ip: 192.168.157.242, host: pr-hdds-2034-ckmbc-1095224204, networkLocation: /default-rack, certSerialId: null} reports an CLOSED replica.
2019-10-23 17:08:31,268 [BlockDeletingService#2] WARN  background.BlockDeletingService (BlockDeletingService.java:isDeletionAllowed(187)) - Close Container log Index 6 is not replicated across allthe servers in the pipeline eaf7b8d5-4c44-4730-931b-7447e9ef7d39 as the min replicated index is 4. Deletion is not allowed in this container yet.
2019-10-23 17:08:31,268 [BlockDeletingService#2] WARN  background.BlockDeletingService (BlockDeletingService.java:isDeletionAllowed(187)) - Close Container log Index 6 is not replicated across allthe servers in the pipeline eaf7b8d5-4c44-4730-931b-7447e9ef7d39 as the min replicated index is 4. Deletion is not allowed in this container yet.
2019-10-23 17:08:31,397 [EventQueue-ContainerReportForContainerReportHandler] WARN  container.ContainerReportHandler (AbstractContainerReportHandler.java:updateContainerState(145)) - Container #1 is in OPEN state, but the datanode 8a447bde-5925-4537-9923-914d6124acc8{ip: 192.168.157.242, host: pr-hdds-2034-ckmbc-1095224204, networkLocation: /default-rack, certSerialId: null} reports an CLOSED replica.
2019-10-23 17:08:31,667 [EventQueue-ContainerReportForContainerReportHandler] WARN  container.ContainerReportHandler (AbstractContainerReportHandler.java:updateContainerState(145)) - Container #1 is in OPEN state, but the datanode a645e8ec-3812-4481-93f3-68221dd5a52f{ip: 192.168.157.242, host: pr-hdds-2034-ckmbc-1095224204, networkLocation: /default-rack, certSerialId: null} reports an CLOSED replica.
2019-10-23 17:08:31,797 [EventQueue-ContainerReportForContainerReportHandler] WARN  container.ContainerReportHandler (AbstractContainerReportHandler.java:updateContainerState(145)) - Container #1 is in OPEN state, but the datanode 8a447bde-5925-4537-9923-914d6124acc8{ip: 192.168.157.242, host: pr-hdds-2034-ckmbc-1095224204, networkLocation: /default-rack, certSerialId: null} reports an CLOSED replica.
2019-10-23 17:08:32,067 [EventQueue-ContainerReportForContainerReportHandler] WARN  container.ContainerReportHandler (AbstractContainerReportHandler.java:updateContainerState(145)) - Container #1 is in OPEN state, but the datanode a645e8ec-3812-4481-93f3-68221dd5a52f{ip: 192.168.157.242, host: pr-hdds-2034-ckmbc-1095224204, networkLocation: /default-rack, certSerialId: null} reports an CLOSED replica.
2019-10-23 17:08:32,097 [EventQueue-ContainerReportForContainerReportHandler] WARN  container.ContainerReportHandler (AbstractContainerReportHandler.java:updateContainerState(145)) - Container #1 is in OPEN state, but the datanode 8a447bde-5925-4537-9923-914d6124acc8{ip: 192.168.157.242, host: pr-hdds-2034-ckmbc-1095224204, networkLocation: /default-rack, certSerialId: null} reports an CLOSED replica.
2019-10-23 17:08:32,267 [EventQueue-ContainerReportForContainerReportHandler] WARN  container.ContainerReportHandler (AbstractContainerReportHandler.java:updateContainerState(145)) - Container #1 is in OPEN state, but the datanode a645e8ec-3812-4481-93f3-68221dd5a52f{ip: 192.168.157.242, host: pr-hdds-2034-ckmbc-1095224204, networkLocation: /default-rack, certSerialId: null} reports an CLOSED replica.
2019-10-23 17:08:32,270 [BlockDeletingService#2] WARN  background.BlockDeletingService (BlockDeletingService.java:isDeletionAllowed(187)) - Close Container log Index 6 is not replicated across allthe servers in the pipeline eaf7b8d5-4c44-4730-931b-7447e9ef7d39 as the min replicated index is 4. Deletion is not allowed in this container yet.
2019-10-23 17:08:32,270 [BlockDeletingService#2] WARN  background.BlockDeletingService (BlockDeletingService.java:isDeletionAllowed(187)) - Close Container log Index 6 is not replicated across allthe servers in the pipeline eaf7b8d5-4c44-4730-931b-7447e9ef7d39 as the min replicated index is 4. Deletion is not allowed in this container yet.
2019-10-23 17:08:32,397 [EventQueue-ContainerReportForContainerReportHandler] WARN  container.ContainerReportHandler (AbstractContainerReportHandler.java:updateContainerState(145)) - Container #1 is in OPEN state, but the datanode 8a447bde-5925-4537-9923-914d6124acc8{ip: 192.168.157.242, host: pr-hdds-2034-ckmbc-1095224204, networkLocation: /default-rack, certSerialId: null} reports an CLOSED replica.
2019-10-23 17:08:32,569 [EventQueue-ContainerReportForContainerReportHandler] WARN  container.ContainerReportHandler (AbstractContainerReportHandler.java:updateContainerState(145)) - Container #1 is in OPEN state, but the datanode a645e8ec-3812-4481-93f3-68221dd5a52f{ip: 192.168.157.242, host: pr-hdds-2034-ckmbc-1095224204, networkLocation: /default-rack, certSerialId: null} reports an CLOSED replica.
2019-10-23 17:08:32,598 [EventQueue-ContainerReportForContainerReportHandler] WARN  container.ContainerReportHandler (AbstractContainerReportHandler.java:updateContainerState(145)) - Container #1 is in OPEN state, but the datanode 8a447bde-5925-4537-9923-914d6124acc8{ip: 192.168.157.242, host: pr-hdds-2034-ckmbc-1095224204, networkLocation: /default-rack, certSerialId: null} reports an CLOSED replica.
2019-10-23 17:08:32,871 [EventQueue-ContainerReportForContainerReportHandler] WARN  container.ContainerReportHandler (AbstractContainerReportHandler.java:updateContainerState(145)) - Container #1 is in OPEN state, but the datanode a645e8ec-3812-4481-93f3-68221dd5a52f{ip: 192.168.157.242, host: pr-hdds-2034-ckmbc-1095224204, networkLocation: /default-rack, certSerialId: null} reports an CLOSED replica.
2019-10-23 17:08:32,898 [EventQueue-ContainerReportForContainerReportHandler] WARN  container.ContainerReportHandler (AbstractContainerReportHandler.java:updateContainerState(145)) - Container #1 is in OPEN state, but the datanode 8a447bde-5925-4537-9923-914d6124acc8{ip: 192.168.157.242, host: pr-hdds-2034-ckmbc-1095224204, networkLocation: /default-rack, certSerialId: null} reports an CLOSED replica.
2019-10-23 17:08:33,199 [EventQueue-ContainerReportForContainerReportHandler] WARN  container.ContainerReportHandler (AbstractContainerReportHandler.java:updateContainerState(145)) - Container #1 is in OPEN state, but the datanode 8a447bde-5925-4537-9923-914d6124acc8{ip: 192.168.157.242, host: pr-hdds-2034-ckmbc-1095224204, networkLocation: /default-rack, certSerialId: null} reports an CLOSED replica.
2019-10-23 17:08:33,206 [java.util.concurrent.ThreadPoolExecutor$Worker@5c5d4f98[State = -1, empty queue]] WARN  server.GrpcLogAppender (GrpcLogAppender.java:timeoutAppendRequest(209)) - a645e8ec-3812-4481-93f3-68221dd5a52f@group-7447E9EF7D39->53b51124-92ed-42d6-a80e-016fa59d7f2b-GrpcLogAppender: appendEntries Timeout, request=a645e8ec-3812-4481-93f3-68221dd5a52f->53b51124-92ed-42d6-a80e-016fa59d7f2b#44-t4, previous=(t:4, i:10), leaderCommit=10, initializing? false, entries: <empty>
2019-10-23 17:08:33,271 [EventQueue-ContainerReportForContainerReportHandler] WARN  container.ContainerReportHandler (AbstractContainerReportHandler.java:updateContainerState(145)) - Container #1 is in OPEN state, but the datanode a645e8ec-3812-4481-93f3-68221dd5a52f{ip: 192.168.157.242, host: pr-hdds-2034-ckmbc-1095224204, networkLocation: /default-rack, certSerialId: null} reports an CLOSED replica.
2019-10-23 17:08:33,272 [BlockDeletingService#2] WARN  background.BlockDeletingService (BlockDeletingService.java:isDeletionAllowed(187)) - Close Container log Index 6 is not replicated across allthe servers in the pipeline eaf7b8d5-4c44-4730-931b-7447e9ef7d39 as the min replicated index is 4. Deletion is not allowed in this container yet.
2019-10-23 17:08:33,272 [BlockDeletingService#2] WARN  background.BlockDeletingService (BlockDeletingService.java:isDeletionAllowed(187)) - Close Container log Index 6 is not replicated across allthe servers in the pipeline eaf7b8d5-4c44-4730-931b-7447e9ef7d39 as the min replicated index is 4. Deletion is not allowed in this container yet.
2019-10-23 17:08:33,471 [EventQueue-ContainerReportForContainerReportHandler] WARN  container.ContainerReportHandler (AbstractContainerReportHandler.java:updateContainerState(145)) - Container #1 is in OPEN state, but the datanode a645e8ec-3812-4481-93f3-68221dd5a52f{ip: 192.168.157.242, host: pr-hdds-2034-ckmbc-1095224204, networkLocation: /default-rack, certSerialId: null} reports an CLOSED replica.
2019-10-23 17:08:33,499 [EventQueue-ContainerReportForContainerReportHandler] WARN  container.ContainerReportHandler (AbstractContainerReportHandler.java:updateContainerState(145)) - Container #1 is in OPEN state, but the datanode 8a447bde-5925-4537-9923-914d6124acc8{ip: 192.168.157.242, host: pr-hdds-2034-ckmbc-1095224204, networkLocation: /default-rack, certSerialId: null} reports an CLOSED replica.
2019-10-23 17:08:33,771 [EventQueue-ContainerReportForContainerReportHandler] WARN  container.ContainerReportHandler (AbstractContainerReportHandler.java:updateContainerState(145)) - Container #1 is in OPEN state, but the datanode a645e8ec-3812-4481-93f3-68221dd5a52f{ip: 192.168.157.242, host: pr-hdds-2034-ckmbc-1095224204, networkLocation: /default-rack, certSerialId: null} reports an CLOSED replica.
2019-10-23 17:08:33,900 [EventQueue-ContainerReportForContainerReportHandler] WARN  container.ContainerReportHandler (AbstractContainerReportHandler.java:updateContainerState(145)) - Container #1 is in OPEN state, but the datanode 8a447bde-5925-4537-9923-914d6124acc8{ip: 192.168.157.242, host: pr-hdds-2034-ckmbc-1095224204, networkLocation: /default-rack, certSerialId: null} reports an CLOSED replica.
2019-10-23 17:08:34,072 [EventQueue-ContainerReportForContainerReportHandler] WARN  container.ContainerReportHandler (AbstractContainerReportHandler.java:updateContainerState(145)) - Container #1 is in OPEN state, but the datanode a645e8ec-3812-4481-93f3-68221dd5a52f{ip: 192.168.157.242, host: pr-hdds-2034-ckmbc-1095224204, networkLocation: /default-rack, certSerialId: null} reports an CLOSED replica.
2019-10-23 17:08:34,100 [EventQueue-ContainerReportForContainerReportHandler] WARN  container.ContainerReportHandler (AbstractContainerReportHandler.java:updateContainerState(145)) - Container #1 is in OPEN state, but the datanode 8a447bde-5925-4537-9923-914d6124acc8{ip: 192.168.157.242, host: pr-hdds-2034-ckmbc-1095224204, networkLocation: /default-rack, certSerialId: null} reports an CLOSED replica.
2019-10-23 17:08:34,274 [BlockDeletingService#2] WARN  background.BlockDeletingService (BlockDeletingService.java:isDeletionAllowed(187)) - Close Container log Index 6 is not replicated across allthe servers in the pipeline eaf7b8d5-4c44-4730-931b-7447e9ef7d39 as the min replicated index is 4. Deletion is not allowed in this container yet.
2019-10-23 17:08:34,274 [BlockDeletingService#2] WARN  background.BlockDeletingService (BlockDeletingService.java:isDeletionAllowed(187)) - Close Container log Index 6 is not replicated across allthe servers in the pipeline eaf7b8d5-4c44-4730-931b-7447e9ef7d39 as the min replicated index is 4. Deletion is not allowed in this container yet.
2019-10-23 17:08:34,300 [EventQueue-ContainerReportForContainerReportHandler] WARN  container.ContainerReportHandler (AbstractContainerReportHandler.java:updateContainerState(145)) - Container #1 is in OPEN state, but the datanode 8a447bde-5925-4537-9923-914d6124acc8{ip: 192.168.157.242, host: pr-hdds-2034-ckmbc-1095224204, networkLocation: /default-rack, certSerialId: null} reports an CLOSED replica.
2019-10-23 17:08:34,373 [EventQueue-ContainerReportForContainerReportHandler] WARN  container.ContainerReportHandler (AbstractContainerReportHandler.java:updateContainerState(145)) - Container #1 is in OPEN state, but the datanode a645e8ec-3812-4481-93f3-68221dd5a52f{ip: 192.168.157.242, host: pr-hdds-2034-ckmbc-1095224204, networkLocation: /default-rack, certSerialId: null} reports an CLOSED replica.
2019-10-23 17:08:34,675 [EventQueue-ContainerReportForContainerReportHandler] WARN  container.ContainerReportHandler (AbstractContainerReportHandler.java:updateContainerState(145)) - Container #1 is in OPEN state, but the datanode a645e8ec-3812-4481-93f3-68221dd5a52f{ip: 192.168.157.242, host: pr-hdds-2034-ckmbc-1095224204, networkLocation: /default-rack, certSerialId: null} reports an CLOSED replica.
2019-10-23 17:08:34,700 [EventQueue-ContainerReportForContainerReportHandler] WARN  container.ContainerReportHandler (AbstractContainerReportHandler.java:updateContainerState(145)) - Container #1 is in OPEN state, but the datanode 8a447bde-5925-4537-9923-914d6124acc8{ip: 192.168.157.242, host: pr-hdds-2034-ckmbc-1095224204, networkLocation: /default-rack, certSerialId: null} reports an CLOSED replica.
2019-10-23 17:08:34,878 [EventQueue-ContainerReportForContainerReportHandler] WARN  container.ContainerReportHandler (AbstractContainerReportHandler.java:updateContainerState(145)) - Container #1 is in OPEN state, but the datanode a645e8ec-3812-4481-93f3-68221dd5a52f{ip: 192.168.157.242, host: pr-hdds-2034-ckmbc-1095224204, networkLocation: /default-rack, certSerialId: null} reports an CLOSED replica.
2019-10-23 17:08:34,901 [EventQueue-ContainerReportForContainerReportHandler] WARN  container.ContainerReportHandler (AbstractContainerReportHandler.java:updateContainerState(145)) - Container #1 is in OPEN state, but the datanode 8a447bde-5925-4537-9923-914d6124acc8{ip: 192.168.157.242, host: pr-hdds-2034-ckmbc-1095224204, networkLocation: /default-rack, certSerialId: null} reports an CLOSED replica.
2019-10-23 17:08:35,179 [EventQueue-ContainerReportForContainerReportHandler] WARN  container.ContainerReportHandler (AbstractContainerReportHandler.java:updateContainerState(145)) - Container #1 is in OPEN state, but the datanode a645e8ec-3812-4481-93f3-68221dd5a52f{ip: 192.168.157.242, host: pr-hdds-2034-ckmbc-1095224204, networkLocation: /default-rack, certSerialId: null} reports an CLOSED replica.
2019-10-23 17:08:35,203 [EventQueue-ContainerReportForContainerReportHandler] WARN  container.ContainerReportHandler (AbstractContainerReportHandler.java:updateContainerState(145)) - Container #1 is in OPEN state, but the datanode 8a447bde-5925-4537-9923-914d6124acc8{ip: 192.168.157.242, host: pr-hdds-2034-ckmbc-1095224204, networkLocation: /default-rack, certSerialId: null} reports an CLOSED replica.
2019-10-23 17:08:35,277 [BlockDeletingService#2] WARN  background.BlockDeletingService (BlockDeletingService.java:isDeletionAllowed(187)) - Close Container log Index 6 is not replicated across allthe servers in the pipeline eaf7b8d5-4c44-4730-931b-7447e9ef7d39 as the min replicated index is 4. Deletion is not allowed in this container yet.
2019-10-23 17:08:35,277 [BlockDeletingService#2] WARN  background.BlockDeletingService (BlockDeletingService.java:isDeletionAllowed(187)) - Close Container log Index 6 is not replicated across allthe servers in the pipeline eaf7b8d5-4c44-4730-931b-7447e9ef7d39 as the min replicated index is 4. Deletion is not allowed in this container yet.
2019-10-23 17:08:35,479 [EventQueue-ContainerReportForContainerReportHandler] WARN  container.ContainerReportHandler (AbstractContainerReportHandler.java:updateContainerState(145)) - Container #1 is in OPEN state, but the datanode a645e8ec-3812-4481-93f3-68221dd5a52f{ip: 192.168.157.242, host: pr-hdds-2034-ckmbc-1095224204, networkLocation: /default-rack, certSerialId: null} reports an CLOSED replica.
2019-10-23 17:08:35,502 [EventQueue-ContainerReportForContainerReportHandler] WARN  container.ContainerReportHandler (AbstractContainerReportHandler.java:updateContainerState(145)) - Container #1 is in OPEN state, but the datanode 8a447bde-5925-4537-9923-914d6124acc8{ip: 192.168.157.242, host: pr-hdds-2034-ckmbc-1095224204, networkLocation: /default-rack, certSerialId: null} reports an CLOSED replica.
2019-10-23 17:08:35,709 [java.util.concurrent.ThreadPoolExecutor$Worker@5c5d4f98[State = -1, empty queue]] WARN  server.GrpcLogAppender (GrpcLogAppender.java:timeoutAppendRequest(209)) - a645e8ec-3812-4481-93f3-68221dd5a52f@group-7447E9EF7D39->53b51124-92ed-42d6-a80e-016fa59d7f2b-GrpcLogAppender: appendEntries Timeout, request=a645e8ec-3812-4481-93f3-68221dd5a52f->53b51124-92ed-42d6-a80e-016fa59d7f2b#45-t4, previous=(t:4, i:10), leaderCommit=10, initializing? false, entries: <empty>
2019-10-23 17:08:35,779 [EventQueue-ContainerReportForContainerReportHandler] WARN  container.ContainerReportHandler (AbstractContainerReportHandler.java:updateContainerState(145)) - Container #1 is in OPEN state, but the datanode a645e8ec-3812-4481-93f3-68221dd5a52f{ip: 192.168.157.242, host: pr-hdds-2034-ckmbc-1095224204, networkLocation: /default-rack, certSerialId: null} reports an CLOSED replica.
2019-10-23 17:08:35,802 [EventQueue-ContainerReportForContainerReportHandler] WARN  container.ContainerReportHandler (AbstractContainerReportHandler.java:updateContainerState(145)) - Container #1 is in OPEN state, but the datanode 8a447bde-5925-4537-9923-914d6124acc8{ip: 192.168.157.242, host: pr-hdds-2034-ckmbc-1095224204, networkLocation: /default-rack, certSerialId: null} reports an CLOSED replica.
2019-10-23 17:08:36,002 [EventQueue-ContainerReportForContainerReportHandler] WARN  container.ContainerReportHandler (AbstractContainerReportHandler.java:updateContainerState(145)) - Container #1 is in OPEN state, but the datanode 8a447bde-5925-4537-9923-914d6124acc8{ip: 192.168.157.242, host: pr-hdds-2034-ckmbc-1095224204, networkLocation: /default-rack, certSerialId: null} reports an CLOSED replica.
2019-10-23 17:08:36,079 [EventQueue-ContainerReportForContainerReportHandler] WARN  container.ContainerReportHandler (AbstractContainerReportHandler.java:updateContainerState(145)) - Container #1 is in OPEN state, but the datanode a645e8ec-3812-4481-93f3-68221dd5a52f{ip: 192.168.157.242, host: pr-hdds-2034-ckmbc-1095224204, networkLocation: /default-rack, certSerialId: null} reports an CLOSED replica.
2019-10-23 17:08:36,279 [BlockDeletingService#2] WARN  background.BlockDeletingService (BlockDeletingService.java:isDeletionAllowed(187)) - Close Container log Index 6 is not replicated across allthe servers in the pipeline eaf7b8d5-4c44-4730-931b-7447e9ef7d39 as the min replicated index is 4. Deletion is not allowed in this container yet.
2019-10-23 17:08:36,279 [BlockDeletingService#2] WARN  background.BlockDeletingService (BlockDeletingService.java:isDeletionAllowed(187)) - Close Container log Index 6 is not replicated across allthe servers in the pipeline eaf7b8d5-4c44-4730-931b-7447e9ef7d39 as the min replicated index is 4. Deletion is not allowed in this container yet.
2019-10-23 17:08:36,281 [EventQueue-ContainerReportForContainerReportHandler] WARN  container.ContainerReportHandler (AbstractContainerReportHandler.java:updateContainerState(145)) - Container #1 is in OPEN state, but the datanode a645e8ec-3812-4481-93f3-68221dd5a52f{ip: 192.168.157.242, host: pr-hdds-2034-ckmbc-1095224204, networkLocation: /default-rack, certSerialId: null} reports an CLOSED replica.
2019-10-23 17:08:36,302 [EventQueue-ContainerReportForContainerReportHandler] WARN  container.ContainerReportHandler (AbstractContainerReportHandler.java:updateContainerState(145)) - Container #1 is in OPEN state, but the datanode 8a447bde-5925-4537-9923-914d6124acc8{ip: 192.168.157.242, host: pr-hdds-2034-ckmbc-1095224204, networkLocation: /default-rack, certSerialId: null} reports an CLOSED replica.
2019-10-23 17:08:36,603 [EventQueue-ContainerReportForContainerReportHandler] WARN  container.ContainerReportHandler (AbstractContainerReportHandler.java:updateContainerState(145)) - Container #1 is in OPEN state, but the datanode 8a447bde-5925-4537-9923-914d6124acc8{ip: 192.168.157.242, host: pr-hdds-2034-ckmbc-1095224204, networkLocation: /default-rack, certSerialId: null} reports an CLOSED replica.
2019-10-23 17:08:36,681 [EventQueue-ContainerReportForContainerReportHandler] WARN  container.ContainerReportHandler (AbstractContainerReportHandler.java:updateContainerState(145)) - Container #1 is in OPEN state, but the datanode a645e8ec-3812-4481-93f3-68221dd5a52f{ip: 192.168.157.242, host: pr-hdds-2034-ckmbc-1095224204, networkLocation: /default-rack, certSerialId: null} reports an CLOSED replica.
2019-10-23 17:08:36,803 [EventQueue-ContainerReportForContainerReportHandler] WARN  container.ContainerReportHandler (AbstractContainerReportHandler.java:updateContainerState(145)) - Container #1 is in OPEN state, but the datanode 8a447bde-5925-4537-9923-914d6124acc8{ip: 192.168.157.242, host: pr-hdds-2034-ckmbc-1095224204, networkLocation: /default-rack, certSerialId: null} reports an CLOSED replica.
2019-10-23 17:08:36,881 [EventQueue-ContainerReportForContainerReportHandler] WARN  container.ContainerReportHandler (AbstractContainerReportHandler.java:updateContainerState(145)) - Container #1 is in OPEN state, but the datanode a645e8ec-3812-4481-93f3-68221dd5a52f{ip: 192.168.157.242, host: pr-hdds-2034-ckmbc-1095224204, networkLocation: /default-rack, certSerialId: null} reports an CLOSED replica.
2019-10-23 17:08:37,103 [EventQueue-ContainerReportForContainerReportHandler] WARN  container.ContainerReportHandler (AbstractContainerReportHandler.java:updateContainerState(145)) - Container #1 is in OPEN state, but the datanode 8a447bde-5925-4537-9923-914d6124acc8{ip: 192.168.157.242, host: pr-hdds-2034-ckmbc-1095224204, networkLocation: /default-rack, certSerialId: null} reports an CLOSED replica.
2019-10-23 17:08:37,281 [EventQueue-ContainerReportForContainerReportHandler] WARN  container.ContainerReportHandler (AbstractContainerReportHandler.java:updateContainerState(145)) - Container #1 is in OPEN state, but the datanode a645e8ec-3812-4481-93f3-68221dd5a52f{ip: 192.168.157.242, host: pr-hdds-2034-ckmbc-1095224204, networkLocation: /default-rack, certSerialId: null} reports an CLOSED replica.
2019-10-23 17:08:37,282 [BlockDeletingService#2] WARN  background.BlockDeletingService (BlockDeletingService.java:isDeletionAllowed(187)) - Close Container log Index 6 is not replicated across allthe servers in the pipeline eaf7b8d5-4c44-4730-931b-7447e9ef7d39 as the min replicated index is 4. Deletion is not allowed in this container yet.
2019-10-23 17:08:37,282 [BlockDeletingService#2] WARN  background.BlockDeletingService (BlockDeletingService.java:isDeletionAllowed(187)) - Close Container log Index 6 is not replicated across allthe servers in the pipeline eaf7b8d5-4c44-4730-931b-7447e9ef7d39 as the min replicated index is 4. Deletion is not allowed in this container yet.
2019-10-23 17:08:37,505 [EventQueue-ContainerReportForContainerReportHandler] WARN  container.ContainerReportHandler (AbstractContainerReportHandler.java:updateContainerState(145)) - Container #1 is in OPEN state, but the datanode 8a447bde-5925-4537-9923-914d6124acc8{ip: 192.168.157.242, host: pr-hdds-2034-ckmbc-1095224204, networkLocation: /default-rack, certSerialId: null} reports an CLOSED replica.
2019-10-23 17:08:37,581 [EventQueue-ContainerReportForContainerReportHandler] WARN  container.ContainerReportHandler (AbstractContainerReportHandler.java:updateContainerState(145)) - Container #1 is in OPEN state, but the datanode a645e8ec-3812-4481-93f3-68221dd5a52f{ip: 192.168.157.242, host: pr-hdds-2034-ckmbc-1095224204, networkLocation: /default-rack, certSerialId: null} reports an CLOSED replica.
2019-10-23 17:08:37,805 [EventQueue-ContainerReportForContainerReportHandler] WARN  container.ContainerReportHandler (AbstractContainerReportHandler.java:updateContainerState(145)) - Container #1 is in OPEN state, but the datanode 8a447bde-5925-4537-9923-914d6124acc8{ip: 192.168.157.242, host: pr-hdds-2034-ckmbc-1095224204, networkLocation: /default-rack, certSerialId: null} reports an CLOSED replica.
2019-10-23 17:08:37,881 [EventQueue-ContainerReportForContainerReportHandler] WARN  container.ContainerReportHandler (AbstractContainerReportHandler.java:updateContainerState(145)) - Container #1 is in OPEN state, but the datanode a645e8ec-3812-4481-93f3-68221dd5a52f{ip: 192.168.157.242, host: pr-hdds-2034-ckmbc-1095224204, networkLocation: /default-rack, certSerialId: null} reports an CLOSED replica.
2019-10-23 17:08:38,181 [EventQueue-ContainerReportForContainerReportHandler] WARN  container.ContainerReportHandler (AbstractContainerReportHandler.java:updateContainerState(145)) - Container #1 is in OPEN state, but the datanode a645e8ec-3812-4481-93f3-68221dd5a52f{ip: 192.168.157.242, host: pr-hdds-2034-ckmbc-1095224204, networkLocation: /default-rack, certSerialId: null} reports an CLOSED replica.
2019-10-23 17:08:38,206 [EventQueue-ContainerReportForContainerReportHandler] WARN  container.ContainerReportHandler (AbstractContainerReportHandler.java:updateContainerState(145)) - Container #1 is in OPEN state, but the datanode 8a447bde-5925-4537-9923-914d6124acc8{ip: 192.168.157.242, host: pr-hdds-2034-ckmbc-1095224204, networkLocation: /default-rack, certSerialId: null} reports an CLOSED replica.
2019-10-23 17:08:38,212 [java.util.concurrent.ThreadPoolExecutor$Worker@5c5d4f98[State = -1, empty queue]] WARN  server.GrpcLogAppender (GrpcLogAppender.java:timeoutAppendRequest(209)) - a645e8ec-3812-4481-93f3-68221dd5a52f@group-7447E9EF7D39->53b51124-92ed-42d6-a80e-016fa59d7f2b-GrpcLogAppender: appendEntries Timeout, request=a645e8ec-3812-4481-93f3-68221dd5a52f->53b51124-92ed-42d6-a80e-016fa59d7f2b#46-t4, previous=(t:4, i:10), leaderCommit=10, initializing? false, entries: <empty>
2019-10-23 17:08:38,284 [BlockDeletingService#2] WARN  background.BlockDeletingService (BlockDeletingService.java:isDeletionAllowed(187)) - Close Container log Index 6 is not replicated across allthe servers in the pipeline eaf7b8d5-4c44-4730-931b-7447e9ef7d39 as the min replicated index is 4. Deletion is not allowed in this container yet.
2019-10-23 17:08:38,284 [BlockDeletingService#2] WARN  background.BlockDeletingService (BlockDeletingService.java:isDeletionAllowed(187)) - Close Container log Index 6 is not replicated across allthe servers in the pipeline eaf7b8d5-4c44-4730-931b-7447e9ef7d39 as the min replicated index is 4. Deletion is not allowed in this container yet.
2019-10-23 17:08:38,481 [EventQueue-ContainerReportForContainerReportHandler] WARN  container.ContainerReportHandler (AbstractContainerReportHandler.java:updateContainerState(145)) - Container #1 is in OPEN state, but the datanode a645e8ec-3812-4481-93f3-68221dd5a52f{ip: 192.168.157.242, host: pr-hdds-2034-ckmbc-1095224204, networkLocation: /default-rack, certSerialId: null} reports an CLOSED replica.
2019-10-23 17:08:38,507 [EventQueue-ContainerReportForContainerReportHandler] WARN  container.ContainerReportHandler (AbstractContainerReportHandler.java:updateContainerState(145)) - Container #1 is in OPEN state, but the datanode 8a447bde-5925-4537-9923-914d6124acc8{ip: 192.168.157.242, host: pr-hdds-2034-ckmbc-1095224204, networkLocation: /default-rack, certSerialId: null} reports an CLOSED replica.
2019-10-23 17:08:38,807 [EventQueue-ContainerReportForContainerReportHandler] WARN  container.ContainerReportHandler (AbstractContainerReportHandler.java:updateContainerState(145)) - Container #1 is in OPEN state, but the datanode 8a447bde-5925-4537-9923-914d6124acc8{ip: 192.168.157.242, host: pr-hdds-2034-ckmbc-1095224204, networkLocation: /default-rack, certSerialId: null} reports an CLOSED replica.
2019-10-23 17:08:38,881 [EventQueue-ContainerReportForContainerReportHandler] WARN  container.ContainerReportHandler (AbstractContainerReportHandler.java:updateContainerState(145)) - Container #1 is in OPEN state, but the datanode a645e8ec-3812-4481-93f3-68221dd5a52f{ip: 192.168.157.242, host: pr-hdds-2034-ckmbc-1095224204, networkLocation: /default-rack, certSerialId: null} reports an CLOSED replica.
2019-10-23 17:08:39,007 [EventQueue-ContainerReportForContainerReportHandler] WARN  container.ContainerReportHandler (AbstractContainerReportHandler.java:updateContainerState(145)) - Container #1 is in OPEN state, but the datanode 8a447bde-5925-4537-9923-914d6124acc8{ip: 192.168.157.242, host: pr-hdds-2034-ckmbc-1095224204, networkLocation: /default-rack, certSerialId: null} reports an CLOSED replica.
2019-10-23 17:08:39,181 [EventQueue-ContainerReportForContainerReportHandler] WARN  container.ContainerReportHandler (AbstractContainerReportHandler.java:updateContainerState(145)) - Container #1 is in OPEN state, but the datanode a645e8ec-3812-4481-93f3-68221dd5a52f{ip: 192.168.157.242, host: pr-hdds-2034-ckmbc-1095224204, networkLocation: /default-rack, certSerialId: null} reports an CLOSED replica.
2019-10-23 17:08:39,288 [BlockDeletingService#2] WARN  background.BlockDeletingService (BlockDeletingService.java:isDeletionAllowed(187)) - Close Container log Index 6 is not replicated across allthe servers in the pipeline eaf7b8d5-4c44-4730-931b-7447e9ef7d39 as the min replicated index is 4. Deletion is not allowed in this container yet.
2019-10-23 17:08:39,288 [BlockDeletingService#2] WARN  background.BlockDeletingService (BlockDeletingService.java:isDeletionAllowed(187)) - Close Container log Index 6 is not replicated across allthe servers in the pipeline eaf7b8d5-4c44-4730-931b-7447e9ef7d39 as the min replicated index is 4. Deletion is not allowed in this container yet.
2019-10-23 17:08:39,407 [EventQueue-ContainerReportForContainerReportHandler] WARN  container.ContainerReportHandler (AbstractContainerReportHandler.java:updateContainerState(145)) - Container #1 is in OPEN state, but the datanode 8a447bde-5925-4537-9923-914d6124acc8{ip: 192.168.157.242, host: pr-hdds-2034-ckmbc-1095224204, networkLocation: /default-rack, certSerialId: null} reports an CLOSED replica.
2019-10-23 17:08:39,481 [EventQueue-ContainerReportForContainerReportHandler] WARN  container.ContainerReportHandler (AbstractContainerReportHandler.java:updateContainerState(145)) - Container #1 is in OPEN state, but the datanode a645e8ec-3812-4481-93f3-68221dd5a52f{ip: 192.168.157.242, host: pr-hdds-2034-ckmbc-1095224204, networkLocation: /default-rack, certSerialId: null} reports an CLOSED replica.
2019-10-23 17:08:39,807 [EventQueue-ContainerReportForContainerReportHandler] WARN  container.ContainerReportHandler (AbstractContainerReportHandler.java:updateContainerState(145)) - Container #1 is in OPEN state, but the datanode 8a447bde-5925-4537-9923-914d6124acc8{ip: 192.168.157.242, host: pr-hdds-2034-ckmbc-1095224204, networkLocation: /default-rack, certSerialId: null} reports an CLOSED replica.
2019-10-23 17:08:39,881 [EventQueue-ContainerReportForContainerReportHandler] WARN  container.ContainerReportHandler (AbstractContainerReportHandler.java:updateContainerState(145)) - Container #1 is in OPEN state, but the datanode a645e8ec-3812-4481-93f3-68221dd5a52f{ip: 192.168.157.242, host: pr-hdds-2034-ckmbc-1095224204, networkLocation: /default-rack, certSerialId: null} reports an CLOSED replica.
2019-10-23 17:08:40,107 [EventQueue-ContainerReportForContainerReportHandler] WARN  container.ContainerReportHandler (AbstractContainerReportHandler.java:updateContainerState(145)) - Container #1 is in OPEN state, but the datanode 8a447bde-5925-4537-9923-914d6124acc8{ip: 192.168.157.242, host: pr-hdds-2034-ckmbc-1095224204, networkLocation: /default-rack, certSerialId: null} reports an CLOSED replica.
2019-10-23 17:08:40,182 [EventQueue-ContainerReportForContainerReportHandler] WARN  container.ContainerReportHandler (AbstractContainerReportHandler.java:updateContainerState(145)) - Container #1 is in OPEN state, but the datanode a645e8ec-3812-4481-93f3-68221dd5a52f{ip: 192.168.157.242, host: pr-hdds-2034-ckmbc-1095224204, networkLocation: /default-rack, certSerialId: null} reports an CLOSED replica.
2019-10-23 17:08:40,291 [BlockDeletingService#2] WARN  background.BlockDeletingService (BlockDeletingService.java:isDeletionAllowed(187)) - Close Container log Index 6 is not replicated across allthe servers in the pipeline eaf7b8d5-4c44-4730-931b-7447e9ef7d39 as the min replicated index is 4. Deletion is not allowed in this container yet.
2019-10-23 17:08:40,291 [BlockDeletingService#2] WARN  background.BlockDeletingService (BlockDeletingService.java:isDeletionAllowed(187)) - Close Container log Index 6 is not replicated across allthe servers in the pipeline eaf7b8d5-4c44-4730-931b-7447e9ef7d39 as the min replicated index is 4. Deletion is not allowed in this container yet.
2019-10-23 17:08:40,482 [EventQueue-ContainerReportForContainerReportHandler] WARN  container.ContainerReportHandler (AbstractContainerReportHandler.java:updateContainerState(145)) - Container #1 is in OPEN state, but the datanode a645e8ec-3812-4481-93f3-68221dd5a52f{ip: 192.168.157.242, host: pr-hdds-2034-ckmbc-1095224204, networkLocation: /default-rack, certSerialId: null} reports an CLOSED replica.
2019-10-23 17:08:40,508 [EventQueue-ContainerReportForContainerReportHandler] WARN  container.ContainerReportHandler (AbstractContainerReportHandler.java:updateContainerState(145)) - Container #1 is in OPEN state, but the datanode 8a447bde-5925-4537-9923-914d6124acc8{ip: 192.168.157.242, host: pr-hdds-2034-ckmbc-1095224204, networkLocation: /default-rack, certSerialId: null} reports an CLOSED replica.
2019-10-23 17:08:40,585 [Thread-533] INFO  client.GrpcClientProtocolService (GrpcClientProtocolService.java:lambda$processClientRequest$0(279)) - Failed RaftClientRequest:client-18D260901AB6->a645e8ec-3812-4481-93f3-68221dd5a52f@group-7447E9EF7D39, cid=4, seq=0, Watch-ALL_COMMITTED(6), Message:<EMPTY>, reply=RaftClientReply:client-18D260901AB6->a645e8ec-3812-4481-93f3-68221dd5a52f@group-7447E9EF7D39, cid=4, FAILED org.apache.ratis.protocol.NotReplicatedException: Request with call Id 4 and log index 6 is not yet replicated to ALL_COMMITTED, logIndex=6, commits[a645e8ec-3812-4481-93f3-68221dd5a52f:c10, 8a447bde-5925-4537-9923-914d6124acc8:c10, 53b51124-92ed-42d6-a80e-016fa59d7f2b:c4]
2019-10-23 17:08:40,715 [java.util.concurrent.ThreadPoolExecutor$Worker@5c5d4f98[State = -1, empty queue]] WARN  server.GrpcLogAppender (GrpcLogAppender.java:timeoutAppendRequest(209)) - a645e8ec-3812-4481-93f3-68221dd5a52f@group-7447E9EF7D39->53b51124-92ed-42d6-a80e-016fa59d7f2b-GrpcLogAppender: appendEntries Timeout, request=a645e8ec-3812-4481-93f3-68221dd5a52f->53b51124-92ed-42d6-a80e-016fa59d7f2b#47-t4, previous=(t:4, i:10), leaderCommit=10, initializing? false, entries: <empty>
2019-10-23 17:08:40,808 [EventQueue-ContainerReportForContainerReportHandler] WARN  container.ContainerReportHandler (AbstractContainerReportHandler.java:updateContainerState(145)) - Container #1 is in OPEN state, but the datanode 8a447bde-5925-4537-9923-914d6124acc8{ip: 192.168.157.242, host: pr-hdds-2034-ckmbc-1095224204, networkLocation: /default-rack, certSerialId: null} reports an CLOSED replica.
2019-10-23 17:08:40,883 [EventQueue-ContainerReportForContainerReportHandler] WARN  container.ContainerReportHandler (AbstractContainerReportHandler.java:updateContainerState(145)) - Container #1 is in OPEN state, but the datanode a645e8ec-3812-4481-93f3-68221dd5a52f{ip: 192.168.157.242, host: pr-hdds-2034-ckmbc-1095224204, networkLocation: /default-rack, certSerialId: null} reports an CLOSED replica.
2019-10-23 17:08:41,083 [EventQueue-ContainerReportForContainerReportHandler] WARN  container.ContainerReportHandler (AbstractContainerReportHandler.java:updateContainerState(145)) - Container #1 is in OPEN state, but the datanode a645e8ec-3812-4481-93f3-68221dd5a52f{ip: 192.168.157.242, host: pr-hdds-2034-ckmbc-1095224204, networkLocation: /default-rack, certSerialId: null} reports an CLOSED replica.
2019-10-23 17:08:41,210 [EventQueue-ContainerReportForContainerReportHandler] WARN  container.ContainerReportHandler (AbstractContainerReportHandler.java:updateContainerState(145)) - Container #1 is in OPEN state, but the datanode 8a447bde-5925-4537-9923-914d6124acc8{ip: 192.168.157.242, host: pr-hdds-2034-ckmbc-1095224204, networkLocation: /default-rack, certSerialId: null} reports an CLOSED replica.
2019-10-23 17:08:41,293 [BlockDeletingService#2] WARN  background.BlockDeletingService (BlockDeletingService.java:isDeletionAllowed(187)) - Close Container log Index 6 is not replicated across allthe servers in the pipeline eaf7b8d5-4c44-4730-931b-7447e9ef7d39 as the min replicated index is 4. Deletion is not allowed in this container yet.
2019-10-23 17:08:41,293 [BlockDeletingService#2] WARN  background.BlockDeletingService (BlockDeletingService.java:isDeletionAllowed(187)) - Close Container log Index 6 is not replicated across allthe servers in the pipeline eaf7b8d5-4c44-4730-931b-7447e9ef7d39 as the min replicated index is 4. Deletion is not allowed in this container yet.
2019-10-23 17:08:41,384 [EventQueue-ContainerReportForContainerReportHandler] WARN  container.ContainerReportHandler (AbstractContainerReportHandler.java:updateContainerState(145)) - Container #1 is in OPEN state, but the datanode a645e8ec-3812-4481-93f3-68221dd5a52f{ip: 192.168.157.242, host: pr-hdds-2034-ckmbc-1095224204, networkLocation: /default-rack, certSerialId: null} reports an CLOSED replica.
2019-10-23 17:08:41,610 [EventQueue-ContainerReportForContainerReportHandler] WARN  container.ContainerReportHandler (AbstractContainerReportHandler.java:updateContainerState(145)) - Container #1 is in OPEN state, but the datanode 8a447bde-5925-4537-9923-914d6124acc8{ip: 192.168.157.242, host: pr-hdds-2034-ckmbc-1095224204, networkLocation: /default-rack, certSerialId: null} reports an CLOSED replica.
2019-10-23 17:08:41,684 [EventQueue-ContainerReportForContainerReportHandler] WARN  container.ContainerReportHandler (AbstractContainerReportHandler.java:updateContainerState(145)) - Container #1 is in OPEN state, but the datanode a645e8ec-3812-4481-93f3-68221dd5a52f{ip: 192.168.157.242, host: pr-hdds-2034-ckmbc-1095224204, networkLocation: /default-rack, certSerialId: null} reports an CLOSED replica.
2019-10-23 17:08:41,810 [EventQueue-ContainerReportForContainerReportHandler] WARN  container.ContainerReportHandler (AbstractContainerReportHandler.java:updateContainerState(145)) - Container #1 is in OPEN state, but the datanode 8a447bde-5925-4537-9923-914d6124acc8{ip: 192.168.157.242, host: pr-hdds-2034-ckmbc-1095224204, networkLocation: /default-rack, certSerialId: null} reports an CLOSED replica.
2019-10-23 17:08:41,985 [EventQueue-ContainerReportForContainerReportHandler] WARN  container.ContainerReportHandler (AbstractContainerReportHandler.java:updateContainerState(145)) - Container #1 is in OPEN state, but the datanode a645e8ec-3812-4481-93f3-68221dd5a52f{ip: 192.168.157.242, host: pr-hdds-2034-ckmbc-1095224204, networkLocation: /default-rack, certSerialId: null} reports an CLOSED replica.
2019-10-23 17:08:42,110 [EventQueue-ContainerReportForContainerReportHandler] WARN  container.ContainerReportHandler (AbstractContainerReportHandler.java:updateContainerState(145)) - Container #1 is in OPEN state, but the datanode 8a447bde-5925-4537-9923-914d6124acc8{ip: 192.168.157.242, host: pr-hdds-2034-ckmbc-1095224204, networkLocation: /default-rack, certSerialId: null} reports an CLOSED replica.
2019-10-23 17:08:42,284 [EventQueue-ContainerReportForContainerReportHandler] WARN  container.ContainerReportHandler (AbstractContainerReportHandler.java:updateContainerState(145)) - Container #1 is in OPEN state, but the datanode a645e8ec-3812-4481-93f3-68221dd5a52f{ip: 192.168.157.242, host: pr-hdds-2034-ckmbc-1095224204, networkLocation: /default-rack, certSerialId: null} reports an CLOSED replica.
2019-10-23 17:08:42,295 [BlockDeletingService#2] WARN  background.BlockDeletingService (BlockDeletingService.java:isDeletionAllowed(187)) - Close Container log Index 6 is not replicated across allthe servers in the pipeline eaf7b8d5-4c44-4730-931b-7447e9ef7d39 as the min replicated index is 4. Deletion is not allowed in this container yet.
2019-10-23 17:08:42,295 [BlockDeletingService#2] WARN  background.BlockDeletingService (BlockDeletingService.java:isDeletionAllowed(187)) - Close Container log Index 6 is not replicated across allthe servers in the pipeline eaf7b8d5-4c44-4730-931b-7447e9ef7d39 as the min replicated index is 4. Deletion is not allowed in this container yet.
2019-10-23 17:08:42,410 [EventQueue-ContainerReportForContainerReportHandler] WARN  container.ContainerReportHandler (AbstractContainerReportHandler.java:updateContainerState(145)) - Container #1 is in OPEN state, but the datanode 8a447bde-5925-4537-9923-914d6124acc8{ip: 192.168.157.242, host: pr-hdds-2034-ckmbc-1095224204, networkLocation: /default-rack, certSerialId: null} reports an CLOSED replica.
2019-10-23 17:08:42,584 [EventQueue-ContainerReportForContainerReportHandler] WARN  container.ContainerReportHandler (AbstractContainerReportHandler.java:updateContainerState(145)) - Container #1 is in OPEN state, but the datanode a645e8ec-3812-4481-93f3-68221dd5a52f{ip: 192.168.157.242, host: pr-hdds-2034-ckmbc-1095224204, networkLocation: /default-rack, certSerialId: null} reports an CLOSED replica.
2019-10-23 17:08:42,812 [EventQueue-ContainerReportForContainerReportHandler] WARN  container.ContainerReportHandler (AbstractContainerReportHandler.java:updateContainerState(145)) - Container #1 is in OPEN state, but the datanode 8a447bde-5925-4537-9923-914d6124acc8{ip: 192.168.157.242, host: pr-hdds-2034-ckmbc-1095224204, networkLocation: /default-rack, certSerialId: null} reports an CLOSED replica.
2019-10-23 17:08:42,884 [EventQueue-ContainerReportForContainerReportHandler] WARN  container.ContainerReportHandler (AbstractContainerReportHandler.java:updateContainerState(145)) - Container #1 is in OPEN state, but the datanode a645e8ec-3812-4481-93f3-68221dd5a52f{ip: 192.168.157.242, host: pr-hdds-2034-ckmbc-1095224204, networkLocation: /default-rack, certSerialId: null} reports an CLOSED replica.
2019-10-23 17:08:43,012 [EventQueue-ContainerReportForContainerReportHandler] WARN  container.ContainerReportHandler (AbstractContainerReportHandler.java:updateContainerState(145)) - Container #1 is in OPEN state, but the datanode 8a447bde-5925-4537-9923-914d6124acc8{ip: 192.168.157.242, host: pr-hdds-2034-ckmbc-1095224204, networkLocation: /default-rack, certSerialId: null} reports an CLOSED replica.
2019-10-23 17:08:43,184 [EventQueue-ContainerReportForContainerReportHandler] WARN  container.ContainerReportHandler (AbstractContainerReportHandler.java:updateContainerState(145)) - Container #1 is in OPEN state, but the datanode a645e8ec-3812-4481-93f3-68221dd5a52f{ip: 192.168.157.242, host: pr-hdds-2034-ckmbc-1095224204, networkLocation: /default-rack, certSerialId: null} reports an CLOSED replica.
2019-10-23 17:08:43,212 [EventQueue-ContainerReportForContainerReportHandler] WARN  container.ContainerReportHandler (AbstractContainerReportHandler.java:updateContainerState(145)) - Container #1 is in OPEN state, but the datanode 8a447bde-5925-4537-9923-914d6124acc8{ip: 192.168.157.242, host: pr-hdds-2034-ckmbc-1095224204, networkLocation: /default-rack, certSerialId: null} reports an CLOSED replica.
2019-10-23 17:08:43,216 [java.util.concurrent.ThreadPoolExecutor$Worker@5c5d4f98[State = -1, empty queue]] WARN  server.GrpcLogAppender (GrpcLogAppender.java:timeoutAppendRequest(209)) - a645e8ec-3812-4481-93f3-68221dd5a52f@group-7447E9EF7D39->53b51124-92ed-42d6-a80e-016fa59d7f2b-GrpcLogAppender: appendEntries Timeout, request=a645e8ec-3812-4481-93f3-68221dd5a52f->53b51124-92ed-42d6-a80e-016fa59d7f2b#48-t4, previous=(t:4, i:10), leaderCommit=10, initializing? false, entries: <empty>
2019-10-23 17:08:43,297 [BlockDeletingService#2] WARN  background.BlockDeletingService (BlockDeletingService.java:isDeletionAllowed(187)) - Close Container log Index 6 is not replicated across allthe servers in the pipeline eaf7b8d5-4c44-4730-931b-7447e9ef7d39 as the min replicated index is 4. Deletion is not allowed in this container yet.
2019-10-23 17:08:43,297 [BlockDeletingService#2] WARN  background.BlockDeletingService (BlockDeletingService.java:isDeletionAllowed(187)) - Close Container log Index 6 is not replicated across allthe servers in the pipeline eaf7b8d5-4c44-4730-931b-7447e9ef7d39 as the min replicated index is 4. Deletion is not allowed in this container yet.
2019-10-23 17:08:43,484 [EventQueue-ContainerReportForContainerReportHandler] WARN  container.ContainerReportHandler (AbstractContainerReportHandler.java:updateContainerState(145)) - Container #1 is in OPEN state, but the datanode a645e8ec-3812-4481-93f3-68221dd5a52f{ip: 192.168.157.242, host: pr-hdds-2034-ckmbc-1095224204, networkLocation: /default-rack, certSerialId: null} reports an CLOSED replica.
2019-10-23 17:08:43,612 [EventQueue-ContainerReportForContainerReportHandler] WARN  container.ContainerReportHandler (AbstractContainerReportHandler.java:updateContainerState(145)) - Container #1 is in OPEN state, but the datanode 8a447bde-5925-4537-9923-914d6124acc8{ip: 192.168.157.242, host: pr-hdds-2034-ckmbc-1095224204, networkLocation: /default-rack, certSerialId: null} reports an CLOSED replica.
2019-10-23 17:08:43,684 [EventQueue-ContainerReportForContainerReportHandler] WARN  container.ContainerReportHandler (AbstractContainerReportHandler.java:updateContainerState(145)) - Container #1 is in OPEN state, but the datanode a645e8ec-3812-4481-93f3-68221dd5a52f{ip: 192.168.157.242, host: pr-hdds-2034-ckmbc-1095224204, networkLocation: /default-rack, certSerialId: null} reports an CLOSED replica.
2019-10-23 17:08:43,984 [EventQueue-ContainerReportForContainerReportHandler] WARN  container.ContainerReportHandler (AbstractContainerReportHandler.java:updateContainerState(145)) - Container #1 is in OPEN state, but the datanode a645e8ec-3812-4481-93f3-68221dd5a52f{ip: 192.168.157.242, host: pr-hdds-2034-ckmbc-1095224204, networkLocation: /default-rack, certSerialId: null} reports an CLOSED replica.
2019-10-23 17:08:44,012 [EventQueue-ContainerReportForContainerReportHandler] WARN  container.ContainerReportHandler (AbstractContainerReportHandler.java:updateContainerState(145)) - Container #1 is in OPEN state, but the datanode 8a447bde-5925-4537-9923-914d6124acc8{ip: 192.168.157.242, host: pr-hdds-2034-ckmbc-1095224204, networkLocation: /default-rack, certSerialId: null} reports an CLOSED replica.
2019-10-23 17:08:44,212 [EventQueue-ContainerReportForContainerReportHandler] WARN  container.ContainerReportHandler (AbstractContainerReportHandler.java:updateContainerState(145)) - Container #1 is in OPEN state, but the datanode 8a447bde-5925-4537-9923-914d6124acc8{ip: 192.168.157.242, host: pr-hdds-2034-ckmbc-1095224204, networkLocation: /default-rack, certSerialId: null} reports an CLOSED replica.
2019-10-23 17:08:44,285 [EventQueue-ContainerReportForContainerReportHandler] WARN  container.ContainerReportHandler (AbstractContainerReportHandler.java:updateContainerState(145)) - Container #1 is in OPEN state, but the datanode a645e8ec-3812-4481-93f3-68221dd5a52f{ip: 192.168.157.242, host: pr-hdds-2034-ckmbc-1095224204, networkLocation: /default-rack, certSerialId: null} reports an CLOSED replica.
2019-10-23 17:08:44,298 [BlockDeletingService#2] WARN  background.BlockDeletingService (BlockDeletingService.java:isDeletionAllowed(187)) - Close Container log Index 6 is not replicated across allthe servers in the pipeline eaf7b8d5-4c44-4730-931b-7447e9ef7d39 as the min replicated index is 4. Deletion is not allowed in this container yet.
2019-10-23 17:08:44,298 [BlockDeletingService#2] WARN  background.BlockDeletingService (BlockDeletingService.java:isDeletionAllowed(187)) - Close Container log Index 6 is not replicated across allthe servers in the pipeline eaf7b8d5-4c44-4730-931b-7447e9ef7d39 as the min replicated index is 4. Deletion is not allowed in this container yet.
2019-10-23 17:08:44,512 [EventQueue-ContainerReportForContainerReportHandler] WARN  container.ContainerReportHandler (AbstractContainerReportHandler.java:updateContainerState(145)) - Container #1 is in OPEN state, but the datanode 8a447bde-5925-4537-9923-914d6124acc8{ip: 192.168.157.242, host: pr-hdds-2034-ckmbc-1095224204, networkLocation: /default-rack, certSerialId: null} reports an CLOSED replica.
2019-10-23 17:08:44,685 [EventQueue-ContainerReportForContainerReportHandler] WARN  container.ContainerReportHandler (AbstractContainerReportHandler.java:updateContainerState(145)) - Container #1 is in OPEN state, but the datanode a645e8ec-3812-4481-93f3-68221dd5a52f{ip: 192.168.157.242, host: pr-hdds-2034-ckmbc-1095224204, networkLocation: /default-rack, certSerialId: null} reports an CLOSED replica.
2019-10-23 17:08:44,885 [EventQueue-ContainerReportForContainerReportHandler] WARN  container.ContainerReportHandler (AbstractContainerReportHandler.java:updateContainerState(145)) - Container #1 is in OPEN state, but the datanode a645e8ec-3812-4481-93f3-68221dd5a52f{ip: 192.168.157.242, host: pr-hdds-2034-ckmbc-1095224204, networkLocation: /default-rack, certSerialId: null} reports an CLOSED replica.
2019-10-23 17:08:44,912 [EventQueue-ContainerReportForContainerReportHandler] WARN  container.ContainerReportHandler (AbstractContainerReportHandler.java:updateContainerState(145)) - Container #1 is in OPEN state, but the datanode 8a447bde-5925-4537-9923-914d6124acc8{ip: 192.168.157.242, host: pr-hdds-2034-ckmbc-1095224204, networkLocation: /default-rack, certSerialId: null} reports an CLOSED replica.
2019-10-23 17:08:45,113 [EventQueue-ContainerReportForContainerReportHandler] WARN  container.ContainerReportHandler (AbstractContainerReportHandler.java:updateContainerState(145)) - Container #1 is in OPEN state, but the datanode 8a447bde-5925-4537-9923-914d6124acc8{ip: 192.168.157.242, host: pr-hdds-2034-ckmbc-1095224204, networkLocation: /default-rack, certSerialId: null} reports an CLOSED replica.
2019-10-23 17:08:45,286 [EventQueue-ContainerReportForContainerReportHandler] WARN  container.ContainerReportHandler (AbstractContainerReportHandler.java:updateContainerState(145)) - Container #1 is in OPEN state, but the datanode a645e8ec-3812-4481-93f3-68221dd5a52f{ip: 192.168.157.242, host: pr-hdds-2034-ckmbc-1095224204, networkLocation: /default-rack, certSerialId: null} reports an CLOSED replica.
2019-10-23 17:08:45,299 [BlockDeletingService#2] WARN  background.BlockDeletingService (BlockDeletingService.java:isDeletionAllowed(187)) - Close Container log Index 6 is not replicated across allthe servers in the pipeline eaf7b8d5-4c44-4730-931b-7447e9ef7d39 as the min replicated index is 4. Deletion is not allowed in this container yet.
2019-10-23 17:08:45,299 [BlockDeletingService#2] WARN  background.BlockDeletingService (BlockDeletingService.java:isDeletionAllowed(187)) - Close Container log Index 6 is not replicated across allthe servers in the pipeline eaf7b8d5-4c44-4730-931b-7447e9ef7d39 as the min replicated index is 4. Deletion is not allowed in this container yet.
2019-10-23 17:08:45,514 [EventQueue-ContainerReportForContainerReportHandler] WARN  container.ContainerReportHandler (AbstractContainerReportHandler.java:updateContainerState(145)) - Container #1 is in OPEN state, but the datanode 8a447bde-5925-4537-9923-914d6124acc8{ip: 192.168.157.242, host: pr-hdds-2034-ckmbc-1095224204, networkLocation: /default-rack, certSerialId: null} reports an CLOSED replica.
2019-10-23 17:08:45,686 [EventQueue-ContainerReportForContainerReportHandler] WARN  container.ContainerReportHandler (AbstractContainerReportHandler.java:updateContainerState(145)) - Container #1 is in OPEN state, but the datanode a645e8ec-3812-4481-93f3-68221dd5a52f{ip: 192.168.157.242, host: pr-hdds-2034-ckmbc-1095224204, networkLocation: /default-rack, certSerialId: null} reports an CLOSED replica.
2019-10-23 17:08:45,714 [EventQueue-ContainerReportForContainerReportHandler] WARN  container.ContainerReportHandler (AbstractContainerReportHandler.java:updateContainerState(145)) - Container #1 is in OPEN state, but the datanode 8a447bde-5925-4537-9923-914d6124acc8{ip: 192.168.157.242, host: pr-hdds-2034-ckmbc-1095224204, networkLocation: /default-rack, certSerialId: null} reports an CLOSED replica.
2019-10-23 17:08:45,717 [java.util.concurrent.ThreadPoolExecutor$Worker@5c5d4f98[State = -1, empty queue]] WARN  server.GrpcLogAppender (GrpcLogAppender.java:timeoutAppendRequest(209)) - a645e8ec-3812-4481-93f3-68221dd5a52f@group-7447E9EF7D39->53b51124-92ed-42d6-a80e-016fa59d7f2b-GrpcLogAppender: appendEntries Timeout, request=a645e8ec-3812-4481-93f3-68221dd5a52f->53b51124-92ed-42d6-a80e-016fa59d7f2b#49-t4, previous=(t:4, i:10), leaderCommit=10, initializing? false, entries: <empty>
2019-10-23 17:08:45,914 [EventQueue-ContainerReportForContainerReportHandler] WARN  container.ContainerReportHandler (AbstractContainerReportHandler.java:updateContainerState(145)) - Container #1 is in OPEN state, but the datanode 8a447bde-5925-4537-9923-914d6124acc8{ip: 192.168.157.242, host: pr-hdds-2034-ckmbc-1095224204, networkLocation: /default-rack, certSerialId: null} reports an CLOSED replica.
2019-10-23 17:08:45,986 [EventQueue-ContainerReportForContainerReportHandler] WARN  container.ContainerReportHandler (AbstractContainerReportHandler.java:updateContainerState(145)) - Container #1 is in OPEN state, but the datanode a645e8ec-3812-4481-93f3-68221dd5a52f{ip: 192.168.157.242, host: pr-hdds-2034-ckmbc-1095224204, networkLocation: /default-rack, certSerialId: null} reports an CLOSED replica.
2019-10-23 17:08:46,189 [EventQueue-ContainerReportForContainerReportHandler] WARN  container.ContainerReportHandler (AbstractContainerReportHandler.java:updateContainerState(145)) - Container #1 is in OPEN state, but the datanode a645e8ec-3812-4481-93f3-68221dd5a52f{ip: 192.168.157.242, host: pr-hdds-2034-ckmbc-1095224204, networkLocation: /default-rack, certSerialId: null} reports an CLOSED replica.
2019-10-23 17:08:46,214 [EventQueue-ContainerReportForContainerReportHandler] WARN  container.ContainerReportHandler (AbstractContainerReportHandler.java:updateContainerState(145)) - Container #1 is in OPEN state, but the datanode 8a447bde-5925-4537-9923-914d6124acc8{ip: 192.168.157.242, host: pr-hdds-2034-ckmbc-1095224204, networkLocation: /default-rack, certSerialId: null} reports an CLOSED replica.
2019-10-23 17:08:46,301 [BlockDeletingService#2] WARN  background.BlockDeletingService (BlockDeletingService.java:isDeletionAllowed(187)) - Close Container log Index 6 is not replicated across allthe servers in the pipeline eaf7b8d5-4c44-4730-931b-7447e9ef7d39 as the min replicated index is 4. Deletion is not allowed in this container yet.
2019-10-23 17:08:46,301 [BlockDeletingService#2] WARN  background.BlockDeletingService (BlockDeletingService.java:isDeletionAllowed(187)) - Close Container log Index 6 is not replicated across allthe servers in the pipeline eaf7b8d5-4c44-4730-931b-7447e9ef7d39 as the min replicated index is 4. Deletion is not allowed in this container yet.
2019-10-23 17:08:46,387 [EventQueue-ContainerReportForContainerReportHandler] WARN  container.ContainerReportHandler (AbstractContainerReportHandler.java:updateContainerState(145)) - Container #1 is in OPEN state, but the datanode a645e8ec-3812-4481-93f3-68221dd5a52f{ip: 192.168.157.242, host: pr-hdds-2034-ckmbc-1095224204, networkLocation: /default-rack, certSerialId: null} reports an CLOSED replica.
2019-10-23 17:08:46,615 [EventQueue-ContainerReportForContainerReportHandler] WARN  container.ContainerReportHandler (AbstractContainerReportHandler.java:updateContainerState(145)) - Container #1 is in OPEN state, but the datanode 8a447bde-5925-4537-9923-914d6124acc8{ip: 192.168.157.242, host: pr-hdds-2034-ckmbc-1095224204, networkLocation: /default-rack, certSerialId: null} reports an CLOSED replica.
2019-10-23 17:08:46,687 [EventQueue-ContainerReportForContainerReportHandler] WARN  container.ContainerReportHandler (AbstractContainerReportHandler.java:updateContainerState(145)) - Container #1 is in OPEN state, but the datanode a645e8ec-3812-4481-93f3-68221dd5a52f{ip: 192.168.157.242, host: pr-hdds-2034-ckmbc-1095224204, networkLocation: /default-rack, certSerialId: null} reports an CLOSED replica.
2019-10-23 17:08:46,915 [EventQueue-ContainerReportForContainerReportHandler] WARN  container.ContainerReportHandler (AbstractContainerReportHandler.java:updateContainerState(145)) - Container #1 is in OPEN state, but the datanode 8a447bde-5925-4537-9923-914d6124acc8{ip: 192.168.157.242, host: pr-hdds-2034-ckmbc-1095224204, networkLocation: /default-rack, certSerialId: null} reports an CLOSED replica.
2019-10-23 17:08:47,087 [EventQueue-ContainerReportForContainerReportHandler] WARN  container.ContainerReportHandler (AbstractContainerReportHandler.java:updateContainerState(145)) - Container #1 is in OPEN state, but the datanode a645e8ec-3812-4481-93f3-68221dd5a52f{ip: 192.168.157.242, host: pr-hdds-2034-ckmbc-1095224204, networkLocation: /default-rack, certSerialId: null} reports an CLOSED replica.
2019-10-23 17:08:47,289 [EventQueue-StaleNodeForStaleNodeHandler] INFO  node.StaleNodeHandler (StaleNodeHandler.java:onMessage(58)) - Datanode 53b51124-92ed-42d6-a80e-016fa59d7f2b{ip: 192.168.157.242, host: pr-hdds-2034-ckmbc-1095224204, networkLocation: /default-rack, certSerialId: null} moved to stale state. Finalizing its pipelines [PipelineID=5baf0f36-61d6-46e6-a14d-ca89ba60a746, PipelineID=eaf7b8d5-4c44-4730-931b-7447e9ef7d39]
2019-10-23 17:08:47,290 [EventQueue-StaleNodeForStaleNodeHandler] INFO  pipeline.SCMPipelineManager (SCMPipelineManager.java:finalizeAndDestroyPipeline(333)) - destroying pipeline:Pipeline[ Id: 5baf0f36-61d6-46e6-a14d-ca89ba60a746, Nodes: 53b51124-92ed-42d6-a80e-016fa59d7f2b{ip: 192.168.157.242, host: pr-hdds-2034-ckmbc-1095224204, networkLocation: /default-rack, certSerialId: null}, Type:RATIS, Factor:ONE, State:OPEN]
2019-10-23 17:08:47,290 [EventQueue-StaleNodeForStaleNodeHandler] INFO  pipeline.PipelineStateManager (PipelineStateManager.java:finalizePipeline(123)) - Pipeline Pipeline[ Id: 5baf0f36-61d6-46e6-a14d-ca89ba60a746, Nodes: 53b51124-92ed-42d6-a80e-016fa59d7f2b{ip: 192.168.157.242, host: pr-hdds-2034-ckmbc-1095224204, networkLocation: /default-rack, certSerialId: null}, Type:RATIS, Factor:ONE, State:CLOSED] moved to CLOSED state
2019-10-23 17:08:47,293 [EventQueue-StaleNodeForStaleNodeHandler] INFO  pipeline.SCMPipelineManager (SCMPipelineManager.java:finalizeAndDestroyPipeline(333)) - destroying pipeline:Pipeline[ Id: eaf7b8d5-4c44-4730-931b-7447e9ef7d39, Nodes: a645e8ec-3812-4481-93f3-68221dd5a52f{ip: 192.168.157.242, host: pr-hdds-2034-ckmbc-1095224204, networkLocation: /default-rack, certSerialId: null}8a447bde-5925-4537-9923-914d6124acc8{ip: 192.168.157.242, host: pr-hdds-2034-ckmbc-1095224204, networkLocation: /default-rack, certSerialId: null}53b51124-92ed-42d6-a80e-016fa59d7f2b{ip: 192.168.157.242, host: pr-hdds-2034-ckmbc-1095224204, networkLocation: /default-rack, certSerialId: null}, Type:RATIS, Factor:THREE, State:OPEN]
2019-10-23 17:08:47,293 [EventQueue-StaleNodeForStaleNodeHandler] INFO  pipeline.PipelineStateManager (PipelineStateManager.java:finalizePipeline(123)) - Pipeline Pipeline[ Id: eaf7b8d5-4c44-4730-931b-7447e9ef7d39, Nodes: a645e8ec-3812-4481-93f3-68221dd5a52f{ip: 192.168.157.242, host: pr-hdds-2034-ckmbc-1095224204, networkLocation: /default-rack, certSerialId: null}8a447bde-5925-4537-9923-914d6124acc8{ip: 192.168.157.242, host: pr-hdds-2034-ckmbc-1095224204, networkLocation: /default-rack, certSerialId: null}53b51124-92ed-42d6-a80e-016fa59d7f2b{ip: 192.168.157.242, host: pr-hdds-2034-ckmbc-1095224204, networkLocation: /default-rack, certSerialId: null}, Type:RATIS, Factor:THREE, State:CLOSED] moved to CLOSED state
2019-10-23 17:08:47,294 [EventQueue-CloseContainerForCloseContainerEventHandler] INFO  container.CloseContainerEventHandler (CloseContainerEventHandler.java:onMessage(61)) - Close container Event triggered for container : #1
2019-10-23 17:08:47,303 [BlockDeletingService#2] WARN  background.BlockDeletingService (BlockDeletingService.java:isDeletionAllowed(187)) - Close Container log Index 6 is not replicated across allthe servers in the pipeline eaf7b8d5-4c44-4730-931b-7447e9ef7d39 as the min replicated index is 4. Deletion is not allowed in this container yet.
2019-10-23 17:08:47,303 [BlockDeletingService#2] WARN  background.BlockDeletingService (BlockDeletingService.java:isDeletionAllowed(187)) - Close Container log Index 6 is not replicated across allthe servers in the pipeline eaf7b8d5-4c44-4730-931b-7447e9ef7d39 as the min replicated index is 4. Deletion is not allowed in this container yet.
2019-10-23 17:08:47,315 [EventQueue-ContainerReportForContainerReportHandler] INFO  container.ContainerReportHandler (AbstractContainerReportHandler.java:updateContainerState(178)) - Moving container #1 to CLOSED state, datanode 8a447bde-5925-4537-9923-914d6124acc8{ip: 192.168.157.242, host: pr-hdds-2034-ckmbc-1095224204, networkLocation: /default-rack, certSerialId: null} reported CLOSED replica.
2019-10-23 17:08:47,708 [SCMBlockDeletingService#1] INFO  block.SCMBlockDeletingService (SCMBlockDeletingService.java:call(184)) - Totally added 3 delete blocks command for 3 datanodes, task elapsed time: 4ms
2019-10-23 17:08:47,916 [EventQueue-PendingDeleteStatusForPendingDeleteHandler] INFO  block.SCMBlockDeletingService (SCMBlockDeletingService.java:handlePendingDeletes(115)) - Block deletion txnID mismatch in datanode 8a447bde-5925-4537-9923-914d6124acc8 for containerID 1. Datanode delete txnID: 0, SCM txnID: 1
2019-10-23 17:08:48,091 [EventQueue-PendingDeleteStatusForPendingDeleteHandler] INFO  block.SCMBlockDeletingService (SCMBlockDeletingService.java:handlePendingDeletes(115)) - Block deletion txnID mismatch in datanode a645e8ec-3812-4481-93f3-68221dd5a52f for containerID 1. Datanode delete txnID: 0, SCM txnID: 1
2019-10-23 17:08:48,190 [Command processor thread] INFO  commandhandler.DeleteBlocksCommandHandler (DeleteBlocksCommandHandler.java:handle(106)) - Start to delete container blocks, TXIDs=[1(0)], numOfContainers=1, numOfBlocks=1
2019-10-23 17:08:48,215 [EventQueue-PendingDeleteStatusForPendingDeleteHandler] INFO  block.SCMBlockDeletingService (SCMBlockDeletingService.java:handlePendingDeletes(115)) - Block deletion txnID mismatch in datanode 8a447bde-5925-4537-9923-914d6124acc8 for containerID 1. Datanode delete txnID: 0, SCM txnID: 1
2019-10-23 17:08:48,218 [java.util.concurrent.ThreadPoolExecutor$Worker@5c5d4f98[State = -1, empty queue]] WARN  server.GrpcLogAppender (GrpcLogAppender.java:timeoutAppendRequest(209)) - a645e8ec-3812-4481-93f3-68221dd5a52f@group-7447E9EF7D39->53b51124-92ed-42d6-a80e-016fa59d7f2b-GrpcLogAppender: appendEntries Timeout, request=a645e8ec-3812-4481-93f3-68221dd5a52f->53b51124-92ed-42d6-a80e-016fa59d7f2b#50-t4, previous=(t:4, i:10), leaderCommit=10, initializing? false, entries: <empty>
2019-10-23 17:08:48,268 [main] INFO  impl.MetricsSystemImpl (MetricsSystemImpl.java:init(158)) - HddsDatanode metrics system started (again)
2019-10-23 17:08:48,305 [BlockDeletingService#2] WARN  background.BlockDeletingService (BlockDeletingService.java:isDeletionAllowed(187)) - Close Container log Index 6 is not replicated across allthe servers in the pipeline eaf7b8d5-4c44-4730-931b-7447e9ef7d39 as the min replicated index is 4. Deletion is not allowed in this container yet.
2019-10-23 17:08:48,305 [BlockDeletingService#2] WARN  background.BlockDeletingService (BlockDeletingService.java:isDeletionAllowed(187)) - Close Container log Index 6 is not replicated across allthe servers in the pipeline eaf7b8d5-4c44-4730-931b-7447e9ef7d39 as the min replicated index is 4. Deletion is not allowed in this container yet.
2019-10-23 17:08:48,317 [main] INFO  ozone.HddsDatanodeService (HddsDatanodeService.java:start(184)) - HddsDatanodeService host:pr-hdds-2034-ckmbc-1095224204 ip:192.168.157.242
2019-10-23 17:08:48,320 [main] INFO  volume.VolumeUsage (VolumeUsage.java:loadScmUsed(144)) - Cached ScmUsed found for /workdir/hadoop-ozone/integration-test/target/test-dir/MiniOzoneClusterImpl-0a691748-4d5e-4935-afbc-7b96fd7c8770/datanode-2/data/containers : 4096 
2019-10-23 17:08:48,321 [main] INFO  volume.HddsVolume (HddsVolume.java:<init>(176)) - Creating Volume: /workdir/hadoop-ozone/integration-test/target/test-dir/MiniOzoneClusterImpl-0a691748-4d5e-4935-afbc-7b96fd7c8770/datanode-2/data/containers/hdds of  storage type : DISK and capacity : 1482555576320
2019-10-23 17:08:48,322 [main] INFO  volume.VolumeSet (VolumeSet.java:initializeVolumeSet(170)) - Added Volume : /workdir/hadoop-ozone/integration-test/target/test-dir/MiniOzoneClusterImpl-0a691748-4d5e-4935-afbc-7b96fd7c8770/datanode-2/data/containers/hdds to VolumeSet
2019-10-23 17:08:48,322 [main] INFO  volume.ThrottledAsyncChecker (ThrottledAsyncChecker.java:schedule(141)) - Scheduling a check for /workdir/hadoop-ozone/integration-test/target/test-dir/MiniOzoneClusterImpl-0a691748-4d5e-4935-afbc-7b96fd7c8770/datanode-2/data/containers/hdds
2019-10-23 17:08:48,323 [main] INFO  volume.HddsVolumeChecker (HddsVolumeChecker.java:checkAllVolumes(204)) - Scheduled health check for volume /workdir/hadoop-ozone/integration-test/target/test-dir/MiniOzoneClusterImpl-0a691748-4d5e-4935-afbc-7b96fd7c8770/datanode-2/data/containers/hdds
2019-10-23 17:08:48,364 [main] INFO  impl.RaftServerProxy (ConfUtils.java:logGet(43)) - raft.rpc.type = GRPC (default)
2019-10-23 17:08:48,364 [main] INFO  grpc.GrpcFactory (GrpcFactory.java:checkPooledByteBufAllocatorUseCacheForAllThreads(45)) - PERFORMANCE WARNING: useCacheForAllThreads is true that may cause Netty to create a lot garbage objects and, as a result, trigger GC.
	It is recommended to disable useCacheForAllThreads by setting -Dorg.apache.ratis.thirdparty.io.netty.allocator.useCacheForAllThreads=false in command line.
2019-10-23 17:08:48,364 [main] INFO  grpc.GrpcConfigKeys$Server (ConfUtils.java:logGet(43)) - raft.grpc.server.port = 38291 (custom)
2019-10-23 17:08:48,365 [main] INFO  server.GrpcService (ConfUtils.java:logGet(43)) - raft.grpc.message.size.max = 33570816 (custom)
2019-10-23 17:08:48,365 [main] INFO  server.RaftServerConfigKeys (ConfUtils.java:logGet(43)) - raft.server.log.appender.buffer.byte-limit = 33554432 (custom)
2019-10-23 17:08:48,365 [main] INFO  server.GrpcService (ConfUtils.java:logGet(43)) - raft.grpc.flow.control.window = 1MB (=1048576) (default)
2019-10-23 17:08:48,365 [main] INFO  server.RaftServerConfigKeys (ConfUtils.java:logGet(43)) - raft.server.rpc.request.timeout = 3000ms (default)
2019-10-23 17:08:48,366 [main] INFO  server.RaftServerConfigKeys (ConfUtils.java:logGet(43)) - raft.server.storage.dir = [/workdir/hadoop-ozone/integration-test/target/test-dir/MiniOzoneClusterImpl-0a691748-4d5e-4935-afbc-7b96fd7c8770/datanode-2/data/ratis] (custom)
2019-10-23 17:08:48,366 [main] INFO  impl.RaftServerProxy (RaftServerProxy.java:lambda$null$0(191)) - 53b51124-92ed-42d6-a80e-016fa59d7f2b: found a subdirectory /workdir/hadoop-ozone/integration-test/target/test-dir/MiniOzoneClusterImpl-0a691748-4d5e-4935-afbc-7b96fd7c8770/datanode-2/data/ratis/5baf0f36-61d6-46e6-a14d-ca89ba60a746
2019-10-23 17:08:48,367 [main] INFO  impl.RaftServerProxy (RaftServerProxy.java:addNew(89)) - 53b51124-92ed-42d6-a80e-016fa59d7f2b: addNew group-CA89BA60A746:[] returns group-CA89BA60A746:java.util.concurrent.CompletableFuture@f5cf29b[Not completed]
2019-10-23 17:08:48,367 [main] INFO  impl.RaftServerProxy (RaftServerProxy.java:lambda$null$0(191)) - 53b51124-92ed-42d6-a80e-016fa59d7f2b: found a subdirectory /workdir/hadoop-ozone/integration-test/target/test-dir/MiniOzoneClusterImpl-0a691748-4d5e-4935-afbc-7b96fd7c8770/datanode-2/data/ratis/eaf7b8d5-4c44-4730-931b-7447e9ef7d39
2019-10-23 17:08:48,368 [main] INFO  impl.RaftServerProxy (RaftServerProxy.java:addNew(89)) - 53b51124-92ed-42d6-a80e-016fa59d7f2b: addNew group-7447E9EF7D39:[] returns group-7447E9EF7D39:java.util.concurrent.CompletableFuture@3c66b7d8[Not completed]
2019-10-23 17:08:48,370 [pool-59-thread-1] INFO  impl.RaftServerImpl (RaftServerImpl.java:<init>(98)) - 53b51124-92ed-42d6-a80e-016fa59d7f2b: new RaftServerImpl for group-CA89BA60A746:[] with ContainerStateMachine:uninitialized
2019-10-23 17:08:48,371 [main] INFO  hdfs.DFSUtil (DFSUtil.java:httpServerTemplateForNNAndJN(1641)) - Starting Web-server for hddsDatanode at: http://0.0.0.0:39771
2019-10-23 17:08:48,371 [pool-59-thread-1] INFO  server.RaftServerConfigKeys (ConfUtils.java:logGet(43)) - raft.server.rpc.timeout.min = 5s (custom)
2019-10-23 17:08:48,372 [pool-59-thread-1] INFO  server.RaftServerConfigKeys (ConfUtils.java:logGet(43)) - raft.server.rpc.timeout.max = 5200ms (custom)
2019-10-23 17:08:48,372 [pool-59-thread-1] INFO  server.RaftServerConfigKeys (ConfUtils.java:logGet(43)) - raft.server.rpcslowness.timeout = 1000s (custom)
2019-10-23 17:08:48,372 [pool-59-thread-1] INFO  server.RaftServerConfigKeys (ConfUtils.java:logGet(43)) - raft.server.sleep.deviation.threshold = 300 (default)
2019-10-23 17:08:48,372 [pool-59-thread-1] INFO  server.RaftServerConfigKeys (ConfUtils.java:logGet(43)) - raft.server.log.appender.install.snapshot.enabled = false (custom)
2019-10-23 17:08:48,372 [pool-59-thread-1] INFO  impl.RaftServerImpl (ServerState.java:<init>(103)) - 53b51124-92ed-42d6-a80e-016fa59d7f2b@group-CA89BA60A746: ConfigurationManager, init=-1: [], old=null, confs=<EMPTY_MAP>
2019-10-23 17:08:48,373 [pool-59-thread-1] INFO  server.RaftServerConfigKeys (ConfUtils.java:logGet(43)) - raft.server.storage.dir = [/workdir/hadoop-ozone/integration-test/target/test-dir/MiniOzoneClusterImpl-0a691748-4d5e-4935-afbc-7b96fd7c8770/datanode-2/data/ratis] (custom)
2019-10-23 17:08:48,373 [pool-59-thread-1] INFO  server.RaftServerConfigKeys (ConfUtils.java:logGet(43)) - raft.server.log.corruption.policy = EXCEPTION (default)
2019-10-23 17:08:48,375 [main] INFO  server.AuthenticationFilter (AuthenticationFilter.java:constructSecretProvider(240)) - Unable to initialize FileSignerSecretProvider, falling back to use random secrets.
2019-10-23 17:08:48,376 [main] WARN  http.HttpRequestLog (HttpRequestLog.java:getRequestLog(97)) - Jetty request log can only be enabled using Log4j
2019-10-23 17:08:48,378 [main] INFO  http.HttpServer2 (HttpServer2.java:addGlobalFilter(975)) - Added global filter 'safety' (class=org.apache.hadoop.http.HttpServer2$QuotingInputFilter)
2019-10-23 17:08:48,379 [main] INFO  http.HttpServer2 (HttpServer2.java:addFilter(948)) - Added filter static_user_filter (class=org.apache.hadoop.http.lib.StaticUserWebFilter$StaticUserFilter) to context hddsDatanode
2019-10-23 17:08:48,379 [main] INFO  http.HttpServer2 (HttpServer2.java:addFilter(958)) - Added filter static_user_filter (class=org.apache.hadoop.http.lib.StaticUserWebFilter$StaticUserFilter) to context static
2019-10-23 17:08:48,379 [main] INFO  http.HttpServer2 (HttpServer2.java:addFilter(958)) - Added filter static_user_filter (class=org.apache.hadoop.http.lib.StaticUserWebFilter$StaticUserFilter) to context logs
2019-10-23 17:08:48,381 [main] INFO  http.HttpServer2 (HttpServer2.java:bindListener(1191)) - Jetty bound to port 39771
2019-10-23 17:08:48,381 [main] INFO  server.Server (Server.java:doStart(351)) - jetty-9.3.25.v20180904, build timestamp: 2018-09-04T21:11:46Z, git hash: 3ce520221d0240229c862b122d2b06c12a625732
2019-10-23 17:08:48,384 [main] INFO  handler.ContextHandler (ContextHandler.java:doStart(781)) - Started o.e.j.s.ServletContextHandler@d257579{/logs,file:///workdir/hadoop-ozone/integration-test/target/log,AVAILABLE}
2019-10-23 17:08:48,384 [main] INFO  handler.ContextHandler (ContextHandler.java:doStart(781)) - Started o.e.j.s.ServletContextHandler@939ff41{/static,jar:file:/home/user/.m2/repository/org/apache/hadoop/hadoop-hdds-container-service/0.5.0-SNAPSHOT/hadoop-hdds-container-service-0.5.0-SNAPSHOT.jar!/webapps/static,AVAILABLE}
2019-10-23 17:08:48,431 [main] INFO  handler.ContextHandler (ContextHandler.java:doStart(781)) - Started o.e.j.w.WebAppContext@2ee48610{/,file:///tmp/jetty-0.0.0.0-39771-hddsDatanode-_-any-936794879058328425.dir/webapp/,AVAILABLE}{/hddsDatanode}
2019-10-23 17:08:48,431 [main] INFO  server.AbstractConnector (AbstractConnector.java:doStart(278)) - Started ServerConnector@1d901f20{HTTP/1.1,[http/1.1]}{0.0.0.0:39771}
2019-10-23 17:08:48,432 [main] INFO  server.Server (Server.java:doStart(419)) - Started @131254ms
2019-10-23 17:08:48,432 [main] WARN  impl.MetricsSystemImpl (MetricsSystemImpl.java:register(276)) - Sink prometheus already exists!
2019-10-23 17:08:48,433 [main] INFO  server.BaseHttpServer (BaseHttpServer.java:updateConnectorAddress(215)) - HTTP server of HDDSDATANODE is listening at http://0.0.0.0:39771
2019-10-23 17:08:48,435 [org.apache.hadoop.util.JvmPauseMonitor$Monitor@1575ee6] INFO  util.JvmPauseMonitor (JvmPauseMonitor.java:run(188)) - Starting JVM pause monitor
2019-10-23 17:08:48,470 [pool-59-thread-1] INFO  storage.RaftStorageDirectory (RaftStorageDirectory.java:tryLock(328)) - Lock on /workdir/hadoop-ozone/integration-test/target/test-dir/MiniOzoneClusterImpl-0a691748-4d5e-4935-afbc-7b96fd7c8770/datanode-2/data/ratis/5baf0f36-61d6-46e6-a14d-ca89ba60a746/in_use.lock acquired by nodename 2696@pr-hdds-2034-ckmbc-1095224204
2019-10-23 17:08:48,472 [pool-59-thread-1] INFO  ratis.ContainerStateMachine (ContainerStateMachine.java:loadSnapshot(231)) - group-CA89BA60A746: The snapshot info is null. Setting the last applied indexto:(t:0, i:~)
2019-10-23 17:08:48,472 [pool-59-thread-1] INFO  server.RaftServerConfigKeys (ConfUtils.java:logGet(43)) - raft.server.notification.no-leader.timeout = 1000s (custom)
2019-10-23 17:08:48,472 [pool-59-thread-1] INFO  server.RaftServerConfigKeys (ConfUtils.java:logGet(43)) - raft.server.log.use.memory = false (default)
2019-10-23 17:08:48,472 [pool-59-thread-1] INFO  server.RaftServerConfigKeys (ConfUtils.java:logGet(43)) - raft.server.log.purge.gap = 1000000 (custom)
2019-10-23 17:08:48,472 [pool-59-thread-1] INFO  server.RaftServerConfigKeys (ConfUtils.java:logGet(43)) - raft.server.log.appender.buffer.byte-limit = 33554432 (custom)
2019-10-23 17:08:48,472 [pool-59-thread-1] INFO  server.RaftServerConfigKeys (ConfUtils.java:logGet(43)) - raft.server.log.segment.size.max = 1048576 (custom)
2019-10-23 17:08:48,472 [pool-59-thread-1] INFO  server.RaftServerConfigKeys (ConfUtils.java:logGet(43)) - raft.server.log.segment.cache.num.max = 2 (custom)
2019-10-23 17:08:48,473 [pool-59-thread-1] INFO  segmented.SegmentedRaftLogWorker (SegmentedRaftLogWorker.java:<init>(173)) - new 53b51124-92ed-42d6-a80e-016fa59d7f2b@group-CA89BA60A746-SegmentedRaftLogWorker for RaftStorage:Storage Directory /workdir/hadoop-ozone/integration-test/target/test-dir/MiniOzoneClusterImpl-0a691748-4d5e-4935-afbc-7b96fd7c8770/datanode-2/data/ratis/5baf0f36-61d6-46e6-a14d-ca89ba60a746
2019-10-23 17:08:48,473 [pool-59-thread-1] INFO  server.RaftServerConfigKeys (ConfUtils.java:logGet(43)) - raft.server.log.queue.byte-limit = 2147483647 (custom)
2019-10-23 17:08:48,473 [pool-59-thread-1] INFO  server.RaftServerConfigKeys (ConfUtils.java:logGet(43)) - raft.server.log.queue.element-limit = 1024 (custom)
2019-10-23 17:08:48,473 [pool-59-thread-1] INFO  server.RaftServerConfigKeys (ConfUtils.java:logGet(43)) - raft.server.log.segment.size.max = 1048576 (custom)
2019-10-23 17:08:48,473 [pool-59-thread-1] INFO  server.RaftServerConfigKeys (ConfUtils.java:logGet(43)) - raft.server.log.preallocated.size = 16384 (custom)
2019-10-23 17:08:48,473 [pool-59-thread-1] INFO  server.RaftServerConfigKeys (ConfUtils.java:logGet(43)) - raft.server.log.write.buffer.size = 33554432 (custom)
2019-10-23 17:08:48,473 [pool-59-thread-1] INFO  server.RaftServerConfigKeys (ConfUtils.java:logGet(43)) - raft.server.log.force.sync.num = 128 (default)
2019-10-23 17:08:48,473 [pool-59-thread-1] INFO  server.RaftServerConfigKeys (ConfUtils.java:logGet(43)) - raft.server.log.statemachine.data.sync = true (default)
2019-10-23 17:08:48,473 [pool-59-thread-1] INFO  server.RaftServerConfigKeys (ConfUtils.java:logGet(43)) - raft.server.log.statemachine.data.sync.timeout = 10s (default)
2019-10-23 17:08:48,474 [pool-59-thread-1] INFO  server.RaftServerConfigKeys (ConfUtils.java:logGet(43)) - raft.server.log.statemachine.data.sync.timeout.retry = -1 (default)
2019-10-23 17:08:48,474 [pool-59-thread-1] INFO  server.RaftServerConfigKeys (ConfUtils.java:logGet(43)) - raft.server.log.statemachine.data.caching.enabled = true (custom)
2019-10-23 17:08:48,480 [pool-59-thread-1] INFO  impl.RaftServerImpl (ServerState.java:setRaftConf(356)) - 53b51124-92ed-42d6-a80e-016fa59d7f2b@group-CA89BA60A746: set configuration 0: [53b51124-92ed-42d6-a80e-016fa59d7f2b:192.168.157.242:38291], old=null at 0
2019-10-23 17:08:48,482 [pool-59-thread-1] INFO  segmented.LogSegment (LogSegment.java:loadSegment(140)) - Successfully read 1 entries from segment file /workdir/hadoop-ozone/integration-test/target/test-dir/MiniOzoneClusterImpl-0a691748-4d5e-4935-afbc-7b96fd7c8770/datanode-2/data/ratis/5baf0f36-61d6-46e6-a14d-ca89ba60a746/current/log_inprogress_0
2019-10-23 17:08:48,482 [pool-59-thread-1] INFO  segmented.SegmentedRaftLogWorker (SegmentedRaftLogWorker.java:lambda$new$0(128)) - 53b51124-92ed-42d6-a80e-016fa59d7f2b@group-CA89BA60A746-SegmentedRaftLogWorker: flushIndex: setUnconditionally 0 -> 0
2019-10-23 17:08:48,510 [pool-59-thread-1] INFO  server.RaftServerConfigKeys (ConfUtils.java:logGet(43)) - raft.server.snapshot.auto.trigger.enabled = true (custom)
2019-10-23 17:08:48,510 [pool-59-thread-1] INFO  server.RaftServerConfigKeys (ConfUtils.java:logGet(43)) - raft.server.snapshot.auto.trigger.threshold = 10000 (custom)
2019-10-23 17:08:48,510 [pool-59-thread-1] INFO  server.RaftServerConfigKeys (ConfUtils.java:logGet(43)) - raft.server.snapshot.retention.file.num = 5 (custom)
2019-10-23 17:08:48,510 [pool-59-thread-1] INFO  server.RaftServerConfigKeys (ConfUtils.java:logGet(43)) - raft.server.retrycache.expirytime = 600000ms (custom)
2019-10-23 17:08:48,512 [pool-59-thread-1] INFO  impl.RaftServerImpl (RaftServerImpl.java:<init>(98)) - 53b51124-92ed-42d6-a80e-016fa59d7f2b: new RaftServerImpl for group-7447E9EF7D39:[] with ContainerStateMachine:uninitialized
2019-10-23 17:08:48,512 [pool-59-thread-1] INFO  server.RaftServerConfigKeys (ConfUtils.java:logGet(43)) - raft.server.rpc.timeout.min = 5s (custom)
2019-10-23 17:08:48,512 [pool-59-thread-1] INFO  server.RaftServerConfigKeys (ConfUtils.java:logGet(43)) - raft.server.rpc.timeout.max = 5200ms (custom)
2019-10-23 17:08:48,512 [pool-59-thread-1] INFO  server.RaftServerConfigKeys (ConfUtils.java:logGet(43)) - raft.server.rpcslowness.timeout = 1000s (custom)
2019-10-23 17:08:48,512 [pool-59-thread-1] INFO  server.RaftServerConfigKeys (ConfUtils.java:logGet(43)) - raft.server.sleep.deviation.threshold = 300 (default)
2019-10-23 17:08:48,512 [pool-59-thread-1] INFO  server.RaftServerConfigKeys (ConfUtils.java:logGet(43)) - raft.server.log.appender.install.snapshot.enabled = false (custom)
2019-10-23 17:08:48,513 [pool-59-thread-1] INFO  impl.RaftServerImpl (ServerState.java:<init>(103)) - 53b51124-92ed-42d6-a80e-016fa59d7f2b@group-7447E9EF7D39: ConfigurationManager, init=-1: [], old=null, confs=<EMPTY_MAP>
2019-10-23 17:08:48,513 [pool-59-thread-1] INFO  server.RaftServerConfigKeys (ConfUtils.java:logGet(43)) - raft.server.storage.dir = [/workdir/hadoop-ozone/integration-test/target/test-dir/MiniOzoneClusterImpl-0a691748-4d5e-4935-afbc-7b96fd7c8770/datanode-2/data/ratis] (custom)
2019-10-23 17:08:48,513 [pool-59-thread-1] INFO  server.RaftServerConfigKeys (ConfUtils.java:logGet(43)) - raft.server.log.corruption.policy = EXCEPTION (default)
2019-10-23 17:08:48,517 [EventQueue-PendingDeleteStatusForPendingDeleteHandler] INFO  block.SCMBlockDeletingService (SCMBlockDeletingService.java:handlePendingDeletes(115)) - Block deletion txnID mismatch in datanode 8a447bde-5925-4537-9923-914d6124acc8 for containerID 1. Datanode delete txnID: 0, SCM txnID: 1
2019-10-23 17:08:48,525 [pool-59-thread-1] INFO  storage.RaftStorageDirectory (RaftStorageDirectory.java:tryLock(328)) - Lock on /workdir/hadoop-ozone/integration-test/target/test-dir/MiniOzoneClusterImpl-0a691748-4d5e-4935-afbc-7b96fd7c8770/datanode-2/data/ratis/eaf7b8d5-4c44-4730-931b-7447e9ef7d39/in_use.lock acquired by nodename 2696@pr-hdds-2034-ckmbc-1095224204
2019-10-23 17:08:48,527 [pool-59-thread-1] INFO  ratis.ContainerStateMachine (ContainerStateMachine.java:loadSnapshot(240)) - group-7447E9EF7D39: Setting the last applied index to (t:4, i:3)
2019-10-23 17:08:48,531 [pool-59-thread-1] INFO  impl.RaftServerImpl (ServerState.java:setRaftConf(356)) - 53b51124-92ed-42d6-a80e-016fa59d7f2b@group-7447E9EF7D39: set configuration 0: [8a447bde-5925-4537-9923-914d6124acc8:192.168.157.242:44942, 53b51124-92ed-42d6-a80e-016fa59d7f2b:192.168.157.242:38291, a645e8ec-3812-4481-93f3-68221dd5a52f:192.168.157.242:42875], old=null at 0
2019-10-23 17:08:48,532 [pool-59-thread-1] INFO  server.RaftServerConfigKeys (ConfUtils.java:logGet(43)) - raft.server.notification.no-leader.timeout = 1000s (custom)
2019-10-23 17:08:48,532 [pool-59-thread-1] INFO  server.RaftServerConfigKeys (ConfUtils.java:logGet(43)) - raft.server.log.use.memory = false (default)
2019-10-23 17:08:48,532 [pool-59-thread-1] INFO  server.RaftServerConfigKeys (ConfUtils.java:logGet(43)) - raft.server.log.purge.gap = 1000000 (custom)
2019-10-23 17:08:48,532 [pool-59-thread-1] INFO  server.RaftServerConfigKeys (ConfUtils.java:logGet(43)) - raft.server.log.appender.buffer.byte-limit = 33554432 (custom)
2019-10-23 17:08:48,532 [pool-59-thread-1] INFO  server.RaftServerConfigKeys (ConfUtils.java:logGet(43)) - raft.server.log.segment.size.max = 1048576 (custom)
2019-10-23 17:08:48,532 [pool-59-thread-1] INFO  server.RaftServerConfigKeys (ConfUtils.java:logGet(43)) - raft.server.log.segment.cache.num.max = 2 (custom)
2019-10-23 17:08:48,532 [pool-59-thread-1] INFO  segmented.SegmentedRaftLogWorker (SegmentedRaftLogWorker.java:<init>(173)) - new 53b51124-92ed-42d6-a80e-016fa59d7f2b@group-7447E9EF7D39-SegmentedRaftLogWorker for RaftStorage:Storage Directory /workdir/hadoop-ozone/integration-test/target/test-dir/MiniOzoneClusterImpl-0a691748-4d5e-4935-afbc-7b96fd7c8770/datanode-2/data/ratis/eaf7b8d5-4c44-4730-931b-7447e9ef7d39
2019-10-23 17:08:48,532 [pool-59-thread-1] INFO  server.RaftServerConfigKeys (ConfUtils.java:logGet(43)) - raft.server.log.queue.byte-limit = 2147483647 (custom)
2019-10-23 17:08:48,532 [pool-59-thread-1] INFO  server.RaftServerConfigKeys (ConfUtils.java:logGet(43)) - raft.server.log.queue.element-limit = 1024 (custom)
2019-10-23 17:08:48,533 [pool-59-thread-1] INFO  server.RaftServerConfigKeys (ConfUtils.java:logGet(43)) - raft.server.log.segment.size.max = 1048576 (custom)
2019-10-23 17:08:48,533 [pool-59-thread-1] INFO  server.RaftServerConfigKeys (ConfUtils.java:logGet(43)) - raft.server.log.preallocated.size = 16384 (custom)
2019-10-23 17:08:48,533 [pool-59-thread-1] INFO  server.RaftServerConfigKeys (ConfUtils.java:logGet(43)) - raft.server.log.write.buffer.size = 33554432 (custom)
2019-10-23 17:08:48,533 [pool-59-thread-1] INFO  server.RaftServerConfigKeys (ConfUtils.java:logGet(43)) - raft.server.log.force.sync.num = 128 (default)
2019-10-23 17:08:48,533 [pool-59-thread-1] INFO  server.RaftServerConfigKeys (ConfUtils.java:logGet(43)) - raft.server.log.statemachine.data.sync = true (default)
2019-10-23 17:08:48,533 [pool-59-thread-1] INFO  server.RaftServerConfigKeys (ConfUtils.java:logGet(43)) - raft.server.log.statemachine.data.sync.timeout = 10s (default)
2019-10-23 17:08:48,533 [pool-59-thread-1] INFO  server.RaftServerConfigKeys (ConfUtils.java:logGet(43)) - raft.server.log.statemachine.data.sync.timeout.retry = -1 (default)
2019-10-23 17:08:48,533 [pool-59-thread-1] INFO  server.RaftServerConfigKeys (ConfUtils.java:logGet(43)) - raft.server.log.statemachine.data.caching.enabled = true (custom)
2019-10-23 17:08:48,534 [pool-59-thread-1] INFO  impl.RaftServerImpl (ServerState.java:setRaftConf(356)) - 53b51124-92ed-42d6-a80e-016fa59d7f2b@group-7447E9EF7D39: set configuration 0: [8a447bde-5925-4537-9923-914d6124acc8:192.168.157.242:44942, 53b51124-92ed-42d6-a80e-016fa59d7f2b:192.168.157.242:38291, a645e8ec-3812-4481-93f3-68221dd5a52f:192.168.157.242:42875], old=null at 0
2019-10-23 17:08:48,535 [pool-59-thread-1] INFO  segmented.LogSegment (LogSegment.java:loadSegment(140)) - Successfully read 5 entries from segment file /workdir/hadoop-ozone/integration-test/target/test-dir/MiniOzoneClusterImpl-0a691748-4d5e-4935-afbc-7b96fd7c8770/datanode-2/data/ratis/eaf7b8d5-4c44-4730-931b-7447e9ef7d39/current/log_inprogress_0
2019-10-23 17:08:48,535 [pool-59-thread-1] INFO  segmented.SegmentedRaftLogWorker (SegmentedRaftLogWorker.java:lambda$new$0(128)) - 53b51124-92ed-42d6-a80e-016fa59d7f2b@group-7447E9EF7D39-SegmentedRaftLogWorker: flushIndex: setUnconditionally 0 -> 4
2019-10-23 17:08:48,560 [pool-59-thread-1] INFO  raftlog.RaftLog (RaftLog.java:lambda$new$0(61)) - 53b51124-92ed-42d6-a80e-016fa59d7f2b@group-7447E9EF7D39-SegmentedRaftLog: commitIndex: updateToMax old=3, new=3, updated? false
2019-10-23 17:08:48,561 [pool-59-thread-1] INFO  server.RaftServerConfigKeys (ConfUtils.java:logGet(43)) - raft.server.snapshot.auto.trigger.enabled = true (custom)
2019-10-23 17:08:48,561 [pool-59-thread-1] INFO  server.RaftServerConfigKeys (ConfUtils.java:logGet(43)) - raft.server.snapshot.auto.trigger.threshold = 10000 (custom)
2019-10-23 17:08:48,561 [pool-59-thread-1] INFO  server.RaftServerConfigKeys (ConfUtils.java:logGet(43)) - raft.server.snapshot.retention.file.num = 5 (custom)
2019-10-23 17:08:48,561 [pool-59-thread-1] INFO  server.RaftServerConfigKeys (ConfUtils.java:logGet(43)) - raft.server.retrycache.expirytime = 600000ms (custom)
2019-10-23 17:08:48,614 [Command processor thread] INFO  commandhandler.DeleteBlocksCommandHandler (DeleteBlocksCommandHandler.java:handle(106)) - Start to delete container blocks, TXIDs=[1(0)], numOfContainers=1, numOfBlocks=1
2019-10-23 17:08:48,709 [SCMBlockDeletingService#1] INFO  block.SCMBlockDeletingService (SCMBlockDeletingService.java:call(184)) - Totally added 2 delete blocks command for 2 datanodes, task elapsed time: 1ms
2019-10-23 17:08:48,710 [pool-7-thread-1] INFO  commands.RetriableDatanodeEventWatcher (RetriableDatanodeEventWatcher.java:onTimeout(47)) - RetriableDatanodeCommand type=deleteBlocksCommand with id=1571850405747 timed out. Retrying.
2019-10-23 17:08:48,711 [pool-7-thread-2] INFO  commands.RetriableDatanodeEventWatcher (RetriableDatanodeEventWatcher.java:onTimeout(47)) - RetriableDatanodeCommand type=deleteBlocksCommand with id=1571850405748 timed out. Retrying.
2019-10-23 17:08:49,306 [BlockDeletingService#2] WARN  background.BlockDeletingService (BlockDeletingService.java:isDeletionAllowed(187)) - Close Container log Index 6 is not replicated across allthe servers in the pipeline eaf7b8d5-4c44-4730-931b-7447e9ef7d39 as the min replicated index is 4. Deletion is not allowed in this container yet.
2019-10-23 17:08:49,306 [BlockDeletingService#2] WARN  background.BlockDeletingService (BlockDeletingService.java:isDeletionAllowed(187)) - Close Container log Index 6 is not replicated across allthe servers in the pipeline eaf7b8d5-4c44-4730-931b-7447e9ef7d39 as the min replicated index is 4. Deletion is not allowed in this container yet.
2019-10-23 17:08:49,617 [Command processor thread] INFO  commandhandler.DeleteBlocksCommandHandler (DeleteBlocksCommandHandler.java:handle(106)) - Start to delete container blocks, TXIDs=[1(2)], numOfContainers=1, numOfBlocks=1
2019-10-23 17:08:49,618 [Command processor thread] INFO  commandhandler.DeleteBlocksCommandHandler (DeleteBlocksCommandHandler.java:handle(106)) - Start to delete container blocks, TXIDs=[1(0)], numOfContainers=1, numOfBlocks=1
2019-10-23 17:08:49,709 [pool-7-thread-2] INFO  commands.RetriableDatanodeEventWatcher (RetriableDatanodeEventWatcher.java:onTimeout(47)) - RetriableDatanodeCommand type=deleteBlocksCommand with id=1571850405749 timed out. Retrying.
2019-10-23 17:08:49,709 [pool-7-thread-1] INFO  commands.RetriableDatanodeEventWatcher (RetriableDatanodeEventWatcher.java:onTimeout(47)) - RetriableDatanodeCommand type=deleteBlocksCommand with id=1571850405750 timed out. Retrying.
2019-10-23 17:08:49,710 [SCMBlockDeletingService#1] INFO  block.SCMBlockDeletingService (SCMBlockDeletingService.java:call(184)) - Totally added 2 delete blocks command for 2 datanodes, task elapsed time: 1ms
2019-10-23 17:08:49,711 [pool-7-thread-1] INFO  commands.RetriableDatanodeEventWatcher (RetriableDatanodeEventWatcher.java:onTimeout(47)) - RetriableDatanodeCommand type=deleteBlocksCommand with id=1571850405747 timed out. Retrying.
2019-10-23 17:08:49,711 [pool-7-thread-2] INFO  commands.RetriableDatanodeEventWatcher (RetriableDatanodeEventWatcher.java:onTimeout(47)) - RetriableDatanodeCommand type=deleteBlocksCommand with id=1571850405748 timed out. Retrying.
2019-10-23 17:08:50,308 [BlockDeletingService#2] WARN  background.BlockDeletingService (BlockDeletingService.java:isDeletionAllowed(187)) - Close Container log Index 6 is not replicated across allthe servers in the pipeline eaf7b8d5-4c44-4730-931b-7447e9ef7d39 as the min replicated index is 4. Deletion is not allowed in this container yet.
2019-10-23 17:08:50,308 [BlockDeletingService#2] WARN  background.BlockDeletingService (BlockDeletingService.java:isDeletionAllowed(187)) - Close Container log Index 6 is not replicated across allthe servers in the pipeline eaf7b8d5-4c44-4730-931b-7447e9ef7d39 as the min replicated index is 4. Deletion is not allowed in this container yet.
2019-10-23 17:08:50,437 [Datanode State Machine Thread - 0] INFO  ozoneimpl.OzoneContainer (OzoneContainer.java:start(213)) - Attempting to start container services.
2019-10-23 17:08:50,438 [Datanode State Machine Thread - 0] INFO  ozoneimpl.OzoneContainer (OzoneContainer.java:startContainerScrub(177)) - Background container scanner has been disabled.
2019-10-23 17:08:50,438 [Datanode State Machine Thread - 0] INFO  ratis.XceiverServerRatis (XceiverServerRatis.java:start(419)) - Starting XceiverServerRatis 53b51124-92ed-42d6-a80e-016fa59d7f2b at port 38291
2019-10-23 17:08:50,448 [Datanode State Machine Thread - 0] INFO  impl.RaftServerImpl (RaftServerImpl.java:start(184)) - 53b51124-92ed-42d6-a80e-016fa59d7f2b@group-7447E9EF7D39: start as a follower, conf=0: [8a447bde-5925-4537-9923-914d6124acc8:192.168.157.242:44942, 53b51124-92ed-42d6-a80e-016fa59d7f2b:192.168.157.242:38291, a645e8ec-3812-4481-93f3-68221dd5a52f:192.168.157.242:42875], old=null
2019-10-23 17:08:50,449 [ForkJoinPool.commonPool-worker-0] INFO  impl.RaftServerImpl (RaftServerImpl.java:start(184)) - 53b51124-92ed-42d6-a80e-016fa59d7f2b@group-CA89BA60A746: start as a follower, conf=0: [53b51124-92ed-42d6-a80e-016fa59d7f2b:192.168.157.242:38291], old=null
2019-10-23 17:08:50,449 [Datanode State Machine Thread - 0] INFO  impl.RaftServerImpl (RaftServerImpl.java:setRole(173)) - 53b51124-92ed-42d6-a80e-016fa59d7f2b@group-7447E9EF7D39: changes role from      null to FOLLOWER at term 4 for startAsFollower
2019-10-23 17:08:50,449 [ForkJoinPool.commonPool-worker-0] INFO  impl.RaftServerImpl (RaftServerImpl.java:setRole(173)) - 53b51124-92ed-42d6-a80e-016fa59d7f2b@group-CA89BA60A746: changes role from      null to FOLLOWER at term 1 for startAsFollower
2019-10-23 17:08:50,449 [Datanode State Machine Thread - 0] INFO  impl.RoleInfo (RoleInfo.java:updateAndGet(143)) - 53b51124-92ed-42d6-a80e-016fa59d7f2b: start FollowerState
2019-10-23 17:08:50,449 [ForkJoinPool.commonPool-worker-0] INFO  impl.RoleInfo (RoleInfo.java:updateAndGet(143)) - 53b51124-92ed-42d6-a80e-016fa59d7f2b: start FollowerState
2019-10-23 17:08:50,450 [ForkJoinPool.commonPool-worker-0] INFO  util.JmxRegister (JmxRegister.java:tryRegister(44)) - Successfully registered JMX Bean with object name Ratis:service=RaftServer,group=group-CA89BA60A746,id=53b51124-92ed-42d6-a80e-016fa59d7f2b
2019-10-23 17:08:50,450 [Datanode State Machine Thread - 0] INFO  util.JmxRegister (JmxRegister.java:tryRegister(44)) - Successfully registered JMX Bean with object name Ratis:service=RaftServer,group=group-7447E9EF7D39,id=53b51124-92ed-42d6-a80e-016fa59d7f2b
2019-10-23 17:08:50,452 [Datanode State Machine Thread - 0] INFO  impl.RaftServerProxy (RaftServerProxy.java:lambda$start$3(299)) - 53b51124-92ed-42d6-a80e-016fa59d7f2b: start RPC server
2019-10-23 17:08:50,453 [Datanode State Machine Thread - 0] INFO  server.GrpcService (GrpcService.java:startImpl(158)) - 53b51124-92ed-42d6-a80e-016fa59d7f2b: GrpcService started, listening on 0.0.0.0/0.0.0.0:38291
2019-10-23 17:08:50,584 [Thread-588] INFO  client.GrpcClientProtocolService (GrpcClientProtocolService.java:lambda$processClientRequest$0(279)) - Failed RaftClientRequest:client-18D260901AB6->a645e8ec-3812-4481-93f3-68221dd5a52f@group-7447E9EF7D39, cid=4, seq=0, Watch-ALL_COMMITTED(6), Message:<EMPTY>, reply=RaftClientReply:client-18D260901AB6->a645e8ec-3812-4481-93f3-68221dd5a52f@group-7447E9EF7D39, cid=4, FAILED org.apache.ratis.protocol.NotReplicatedException: Request with call Id 4 and log index 6 is not yet replicated to ALL_COMMITTED, logIndex=6, commits[a645e8ec-3812-4481-93f3-68221dd5a52f:c10, 8a447bde-5925-4537-9923-914d6124acc8:c10, 53b51124-92ed-42d6-a80e-016fa59d7f2b:c4]
2019-10-23 17:08:50,619 [Command processor thread] INFO  commandhandler.DeleteBlocksCommandHandler (DeleteBlocksCommandHandler.java:handle(106)) - Start to delete container blocks, TXIDs=[1(2)], numOfContainers=1, numOfBlocks=1
2019-10-23 17:08:50,620 [Command processor thread] INFO  commandhandler.DeleteBlocksCommandHandler (DeleteBlocksCommandHandler.java:handle(106)) - Start to delete container blocks, TXIDs=[1(4)], numOfContainers=1, numOfBlocks=1
2019-10-23 17:08:50,620 [Command processor thread] INFO  commandhandler.DeleteBlocksCommandHandler (DeleteBlocksCommandHandler.java:handle(106)) - Start to delete container blocks, TXIDs=[1(0)], numOfContainers=1, numOfBlocks=1
2019-10-23 17:08:50,710 [pool-7-thread-2] INFO  commands.RetriableDatanodeEventWatcher (RetriableDatanodeEventWatcher.java:onTimeout(47)) - RetriableDatanodeCommand type=deleteBlocksCommand with id=1571850405752 timed out. Retrying.
2019-10-23 17:08:50,711 [pool-7-thread-1] INFO  commands.RetriableDatanodeEventWatcher (RetriableDatanodeEventWatcher.java:onTimeout(47)) - RetriableDatanodeCommand type=deleteBlocksCommand with id=1571850405749 timed out. Retrying.
2019-10-23 17:08:50,711 [pool-7-thread-4] INFO  commands.RetriableDatanodeEventWatcher (RetriableDatanodeEventWatcher.java:onTimeout(47)) - RetriableDatanodeCommand type=deleteBlocksCommand with id=1571850405751 timed out. Retrying.
2019-10-23 17:08:50,711 [pool-7-thread-3] INFO  commands.RetriableDatanodeEventWatcher (RetriableDatanodeEventWatcher.java:onTimeout(47)) - RetriableDatanodeCommand type=deleteBlocksCommand with id=1571850405750 timed out. Retrying.
2019-10-23 17:08:50,712 [SCMBlockDeletingService#1] INFO  block.SCMBlockDeletingService (SCMBlockDeletingService.java:call(184)) - Totally added 2 delete blocks command for 2 datanodes, task elapsed time: 1ms
2019-10-23 17:08:50,712 [pool-7-thread-2] INFO  commands.RetriableDatanodeEventWatcher (RetriableDatanodeEventWatcher.java:onTimeout(47)) - RetriableDatanodeCommand type=deleteBlocksCommand with id=1571850405748 timed out. Retrying.
2019-10-23 17:08:50,712 [pool-7-thread-1] INFO  commands.RetriableDatanodeEventWatcher (RetriableDatanodeEventWatcher.java:onTimeout(47)) - RetriableDatanodeCommand type=deleteBlocksCommand with id=1571850405747 timed out. Retrying.
2019-10-23 17:08:50,718 [java.util.concurrent.ThreadPoolExecutor$Worker@5c5d4f98[State = -1, empty queue]] WARN  server.GrpcLogAppender (GrpcLogAppender.java:timeoutAppendRequest(209)) - a645e8ec-3812-4481-93f3-68221dd5a52f@group-7447E9EF7D39->53b51124-92ed-42d6-a80e-016fa59d7f2b-GrpcLogAppender: appendEntries Timeout, request=a645e8ec-3812-4481-93f3-68221dd5a52f->53b51124-92ed-42d6-a80e-016fa59d7f2b#51-t4, previous=(t:4, i:10), leaderCommit=10, initializing? false, entries: <empty>
2019-10-23 17:08:51,311 [BlockDeletingService#2] WARN  background.BlockDeletingService (BlockDeletingService.java:isDeletionAllowed(187)) - Close Container log Index 6 is not replicated across allthe servers in the pipeline eaf7b8d5-4c44-4730-931b-7447e9ef7d39 as the min replicated index is 4. Deletion is not allowed in this container yet.
2019-10-23 17:08:51,311 [BlockDeletingService#2] WARN  background.BlockDeletingService (BlockDeletingService.java:isDeletionAllowed(187)) - Close Container log Index 6 is not replicated across allthe servers in the pipeline eaf7b8d5-4c44-4730-931b-7447e9ef7d39 as the min replicated index is 4. Deletion is not allowed in this container yet.
2019-10-23 17:08:51,712 [pool-7-thread-1] INFO  commands.RetriableDatanodeEventWatcher (RetriableDatanodeEventWatcher.java:onTimeout(47)) - RetriableDatanodeCommand type=deleteBlocksCommand with id=1571850405752 timed out. Retrying.
2019-10-23 17:08:51,713 [SCMBlockDeletingService#1] INFO  block.SCMBlockDeletingService (SCMBlockDeletingService.java:call(184)) - Totally added 2 delete blocks command for 2 datanodes, task elapsed time: 0ms
2019-10-23 17:08:51,713 [pool-7-thread-1] INFO  commands.RetriableDatanodeEventWatcher (RetriableDatanodeEventWatcher.java:onTimeout(47)) - RetriableDatanodeCommand type=deleteBlocksCommand with id=1571850405750 timed out. Retrying.
2019-10-23 17:08:51,713 [pool-7-thread-3] INFO  commands.RetriableDatanodeEventWatcher (RetriableDatanodeEventWatcher.java:onTimeout(47)) - RetriableDatanodeCommand type=deleteBlocksCommand with id=1571850405754 timed out. Retrying.
2019-10-23 17:08:51,714 [pool-7-thread-4] INFO  commands.RetriableDatanodeEventWatcher (RetriableDatanodeEventWatcher.java:onTimeout(47)) - RetriableDatanodeCommand type=deleteBlocksCommand with id=1571850405749 timed out. Retrying.
2019-10-23 17:08:51,714 [pool-7-thread-2] INFO  commands.RetriableDatanodeEventWatcher (RetriableDatanodeEventWatcher.java:onTimeout(47)) - RetriableDatanodeCommand type=deleteBlocksCommand with id=1571850405753 timed out. Retrying.
2019-10-23 17:08:51,714 [pool-7-thread-7] INFO  commands.RetriableDatanodeEventWatcher (RetriableDatanodeEventWatcher.java:onTimeout(47)) - RetriableDatanodeCommand type=deleteBlocksCommand with id=1571850405751 timed out. Retrying.
2019-10-23 17:08:51,714 [pool-7-thread-6] INFO  commands.RetriableDatanodeEventWatcher (RetriableDatanodeEventWatcher.java:onTimeout(47)) - RetriableDatanodeCommand type=deleteBlocksCommand with id=1571850405748 timed out. Retrying.
2019-10-23 17:08:51,715 [pool-7-thread-5] INFO  commands.RetriableDatanodeEventWatcher (RetriableDatanodeEventWatcher.java:onTimeout(47)) - RetriableDatanodeCommand type=deleteBlocksCommand with id=1571850405747 timed out. Retrying.
2019-10-23 17:08:51,721 [Command processor thread] INFO  commandhandler.DeleteBlocksCommandHandler (DeleteBlocksCommandHandler.java:handle(106)) - Start to delete container blocks, TXIDs=[1(2)], numOfContainers=1, numOfBlocks=1
2019-10-23 17:08:51,721 [Command processor thread] INFO  commandhandler.DeleteBlocksCommandHandler (DeleteBlocksCommandHandler.java:handle(106)) - Start to delete container blocks, TXIDs=[1(7)], numOfContainers=1, numOfBlocks=1
2019-10-23 17:08:51,721 [Command processor thread] INFO  commandhandler.DeleteBlocksCommandHandler (DeleteBlocksCommandHandler.java:handle(106)) - Start to delete container blocks, TXIDs=[1(4)], numOfContainers=1, numOfBlocks=1
2019-10-23 17:08:51,721 [Command processor thread] INFO  commandhandler.DeleteBlocksCommandHandler (DeleteBlocksCommandHandler.java:handle(106)) - Start to delete container blocks, TXIDs=[1(0)], numOfContainers=1, numOfBlocks=1
2019-10-23 17:08:52,312 [BlockDeletingService#2] WARN  background.BlockDeletingService (BlockDeletingService.java:isDeletionAllowed(187)) - Close Container log Index 6 is not replicated across allthe servers in the pipeline eaf7b8d5-4c44-4730-931b-7447e9ef7d39 as the min replicated index is 4. Deletion is not allowed in this container yet.
2019-10-23 17:08:52,313 [BlockDeletingService#2] WARN  background.BlockDeletingService (BlockDeletingService.java:isDeletionAllowed(187)) - Close Container log Index 6 is not replicated across allthe servers in the pipeline eaf7b8d5-4c44-4730-931b-7447e9ef7d39 as the min replicated index is 4. Deletion is not allowed in this container yet.
2019-10-23 17:08:52,438 [EventQueue-PendingDeleteStatusForPendingDeleteHandler] INFO  block.SCMBlockDeletingService (SCMBlockDeletingService.java:handlePendingDeletes(115)) - Block deletion txnID mismatch in datanode 53b51124-92ed-42d6-a80e-016fa59d7f2b for containerID 1. Datanode delete txnID: 0, SCM txnID: 1
2019-10-23 17:08:52,713 [pool-7-thread-5] INFO  commands.RetriableDatanodeEventWatcher (RetriableDatanodeEventWatcher.java:onTimeout(47)) - RetriableDatanodeCommand type=deleteBlocksCommand with id=1571850405755 timed out. Retrying.
2019-10-23 17:08:52,714 [SCMBlockDeletingService#1] INFO  block.SCMBlockDeletingService (SCMBlockDeletingService.java:call(184)) - Totally added 2 delete blocks command for 2 datanodes, task elapsed time: 1ms
2019-10-23 17:08:52,714 [pool-7-thread-5] INFO  commands.RetriableDatanodeEventWatcher (RetriableDatanodeEventWatcher.java:onTimeout(47)) - RetriableDatanodeCommand type=deleteBlocksCommand with id=1571850405753 timed out. Retrying.
2019-10-23 17:08:52,714 [pool-7-thread-7] INFO  commands.RetriableDatanodeEventWatcher (RetriableDatanodeEventWatcher.java:onTimeout(47)) - RetriableDatanodeCommand type=deleteBlocksCommand with id=1571850405756 timed out. Retrying.
2019-10-23 17:08:52,715 [pool-7-thread-3] INFO  commands.RetriableDatanodeEventWatcher (RetriableDatanodeEventWatcher.java:onTimeout(47)) - RetriableDatanodeCommand type=deleteBlocksCommand with id=1571850405750 timed out. Retrying.
2019-10-23 17:08:52,715 [pool-7-thread-1] INFO  commands.RetriableDatanodeEventWatcher (RetriableDatanodeEventWatcher.java:onTimeout(47)) - RetriableDatanodeCommand type=deleteBlocksCommand with id=1571850405751 timed out. Retrying.
2019-10-23 17:08:52,715 [pool-7-thread-3] INFO  commands.RetriableDatanodeEventWatcher (RetriableDatanodeEventWatcher.java:onTimeout(47)) - RetriableDatanodeCommand type=deleteBlocksCommand with id=1571850405752 timed out. Retrying.
2019-10-23 17:08:52,715 [pool-7-thread-6] INFO  commands.RetriableDatanodeEventWatcher (RetriableDatanodeEventWatcher.java:onTimeout(47)) - RetriableDatanodeCommand type=deleteBlocksCommand with id=1571850405754 timed out. Retrying.
2019-10-23 17:08:52,716 [pool-7-thread-2] INFO  commands.RetriableDatanodeEventWatcher (RetriableDatanodeEventWatcher.java:onTimeout(47)) - RetriableDatanodeCommand type=deleteBlocksCommand with id=1571850405748 timed out. Retrying.
2019-10-23 17:08:52,716 [pool-7-thread-4] INFO  commands.RetriableDatanodeEventWatcher (RetriableDatanodeEventWatcher.java:onTimeout(47)) - RetriableDatanodeCommand type=deleteBlocksCommand with id=1571850405749 timed out. Retrying.
2019-10-23 17:08:52,716 [pool-7-thread-7] INFO  commands.RetriableDatanodeEventWatcher (RetriableDatanodeEventWatcher.java:onTimeout(47)) - RetriableDatanodeCommand type=deleteBlocksCommand with id=1571850405747 timed out. Retrying.
2019-10-23 17:08:52,822 [Command processor thread] INFO  commandhandler.DeleteBlocksCommandHandler (DeleteBlocksCommandHandler.java:handle(106)) - Start to delete container blocks, TXIDs=[1(11)], numOfContainers=1, numOfBlocks=1
2019-10-23 17:08:52,822 [Command processor thread] INFO  commandhandler.DeleteBlocksCommandHandler (DeleteBlocksCommandHandler.java:handle(106)) - Start to delete container blocks, TXIDs=[1(2)], numOfContainers=1, numOfBlocks=1
2019-10-23 17:08:52,822 [Command processor thread] INFO  commandhandler.DeleteBlocksCommandHandler (DeleteBlocksCommandHandler.java:handle(106)) - Start to delete container blocks, TXIDs=[1(7)], numOfContainers=1, numOfBlocks=1
2019-10-23 17:08:52,822 [Command processor thread] INFO  commandhandler.DeleteBlocksCommandHandler (DeleteBlocksCommandHandler.java:handle(106)) - Start to delete container blocks, TXIDs=[1(4)], numOfContainers=1, numOfBlocks=1
2019-10-23 17:08:52,823 [Command processor thread] INFO  commandhandler.DeleteBlocksCommandHandler (DeleteBlocksCommandHandler.java:handle(106)) - Start to delete container blocks, TXIDs=[1(0)], numOfContainers=1, numOfBlocks=1
2019-10-23 17:08:52,823 [Command processor thread] INFO  commandhandler.DeleteBlocksCommandHandler (DeleteBlocksCommandHandler.java:handle(106)) - Start to delete container blocks, TXIDs=[1(11)], numOfContainers=1, numOfBlocks=1
2019-10-23 17:08:52,823 [Command processor thread] INFO  commandhandler.DeleteBlocksCommandHandler (DeleteBlocksCommandHandler.java:handle(106)) - Start to delete container blocks, TXIDs=[1(16)], numOfContainers=1, numOfBlocks=1
2019-10-23 17:08:52,823 [Command processor thread] INFO  commandhandler.DeleteBlocksCommandHandler (DeleteBlocksCommandHandler.java:handle(106)) - Start to delete container blocks, TXIDs=[1(7)], numOfContainers=1, numOfBlocks=1
2019-10-23 17:08:52,823 [Command processor thread] INFO  commandhandler.DeleteBlocksCommandHandler (DeleteBlocksCommandHandler.java:handle(106)) - Start to delete container blocks, TXIDs=[1(4)], numOfContainers=1, numOfBlocks=1
2019-10-23 17:08:52,823 [Command processor thread] INFO  commandhandler.DeleteBlocksCommandHandler (DeleteBlocksCommandHandler.java:handle(106)) - Start to delete container blocks, TXIDs=[1(2)], numOfContainers=1, numOfBlocks=1
2019-10-23 17:08:52,824 [Command processor thread] INFO  commandhandler.DeleteBlocksCommandHandler (DeleteBlocksCommandHandler.java:handle(106)) - Start to delete container blocks, TXIDs=[1(0)], numOfContainers=1, numOfBlocks=1
2019-10-23 17:08:53,219 [java.util.concurrent.ThreadPoolExecutor$Worker@5c5d4f98[State = -1, empty queue]] WARN  server.GrpcLogAppender (GrpcLogAppender.java:timeoutAppendRequest(209)) - a645e8ec-3812-4481-93f3-68221dd5a52f@group-7447E9EF7D39->53b51124-92ed-42d6-a80e-016fa59d7f2b-GrpcLogAppender: appendEntries Timeout, request=a645e8ec-3812-4481-93f3-68221dd5a52f->53b51124-92ed-42d6-a80e-016fa59d7f2b#52-t4, previous=(t:4, i:10), leaderCommit=10, initializing? false, entries: <empty>
2019-10-23 17:08:53,314 [BlockDeletingService#2] WARN  background.BlockDeletingService (BlockDeletingService.java:isDeletionAllowed(187)) - Close Container log Index 6 is not replicated across allthe servers in the pipeline eaf7b8d5-4c44-4730-931b-7447e9ef7d39 as the min replicated index is 4. Deletion is not allowed in this container yet.
2019-10-23 17:08:53,314 [BlockDeletingService#2] WARN  background.BlockDeletingService (BlockDeletingService.java:isDeletionAllowed(187)) - Close Container log Index 6 is not replicated across allthe servers in the pipeline eaf7b8d5-4c44-4730-931b-7447e9ef7d39 as the min replicated index is 4. Deletion is not allowed in this container yet.
2019-10-23 17:08:53,714 [pool-7-thread-7] INFO  commands.RetriableDatanodeEventWatcher (RetriableDatanodeEventWatcher.java:onTimeout(47)) - RetriableDatanodeCommand type=deleteBlocksCommand with id=1571850405758 timed out. Retrying.
2019-10-23 17:08:53,715 [SCMBlockDeletingService#1] INFO  block.SCMBlockDeletingService (SCMBlockDeletingService.java:call(184)) - Totally added 1 delete blocks command for 1 datanodes, task elapsed time: 1ms
2019-10-23 17:08:53,716 [pool-7-thread-7] INFO  commands.RetriableDatanodeEventWatcher (RetriableDatanodeEventWatcher.java:onTimeout(47)) - RetriableDatanodeCommand type=deleteBlocksCommand with id=1571850405752 timed out. Retrying.
2019-10-23 17:08:53,716 [pool-7-thread-3] INFO  commands.RetriableDatanodeEventWatcher (RetriableDatanodeEventWatcher.java:onTimeout(47)) - RetriableDatanodeCommand type=deleteBlocksCommand with id=1571850405750 timed out. Retrying.
2019-10-23 17:08:53,717 [pool-7-thread-2] INFO  commands.RetriableDatanodeEventWatcher (RetriableDatanodeEventWatcher.java:onTimeout(47)) - RetriableDatanodeCommand type=deleteBlocksCommand with id=1571850405756 timed out. Retrying.
2019-10-23 17:08:53,717 [pool-7-thread-6] INFO  commands.RetriableDatanodeEventWatcher (RetriableDatanodeEventWatcher.java:onTimeout(47)) - RetriableDatanodeCommand type=deleteBlocksCommand with id=1571850405748 timed out. Retrying.
2019-10-23 17:08:53,717 [pool-7-thread-4] INFO  commands.RetriableDatanodeEventWatcher (RetriableDatanodeEventWatcher.java:onTimeout(47)) - RetriableDatanodeCommand type=deleteBlocksCommand with id=1571850405754 timed out. Retrying.
2019-10-23 17:08:54,316 [BlockDeletingService#2] WARN  background.BlockDeletingService (BlockDeletingService.java:isDeletionAllowed(187)) - Close Container log Index 6 is not replicated across allthe servers in the pipeline eaf7b8d5-4c44-4730-931b-7447e9ef7d39 as the min replicated index is 4. Deletion is not allowed in this container yet.
2019-10-23 17:08:54,316 [BlockDeletingService#2] WARN  background.BlockDeletingService (BlockDeletingService.java:isDeletionAllowed(187)) - Close Container log Index 6 is not replicated across allthe servers in the pipeline eaf7b8d5-4c44-4730-931b-7447e9ef7d39 as the min replicated index is 4. Deletion is not allowed in this container yet.
2019-10-23 17:08:54,437 [EventQueue-PendingDeleteStatusForPendingDeleteHandler] INFO  block.SCMBlockDeletingService (SCMBlockDeletingService.java:handlePendingDeletes(115)) - Block deletion txnID mismatch in datanode 53b51124-92ed-42d6-a80e-016fa59d7f2b for containerID 1. Datanode delete txnID: 0, SCM txnID: 1
2019-10-23 17:08:54,499 [RatisPipelineUtilsThread] INFO  pipeline.RatisPipelineProvider (RatisPipelineProvider.java:lambda$create$4(163)) - Send pipeline:PipelineID=11c6efc1-9c58-4514-ac68-ef8d4c7f5479 create command to datanode 53b51124-92ed-42d6-a80e-016fa59d7f2b
2019-10-23 17:08:54,502 [RatisPipelineUtilsThread] INFO  pipeline.RatisPipelineProvider (RatisPipelineProvider.java:lambda$create$4(163)) - Send pipeline:PipelineID=03c0ac7e-e601-494b-841c-2e2f5bad8d20 create command to datanode a645e8ec-3812-4481-93f3-68221dd5a52f
2019-10-23 17:08:54,502 [RatisPipelineUtilsThread] INFO  pipeline.RatisPipelineProvider (RatisPipelineProvider.java:lambda$create$4(163)) - Send pipeline:PipelineID=03c0ac7e-e601-494b-841c-2e2f5bad8d20 create command to datanode 8a447bde-5925-4537-9923-914d6124acc8
2019-10-23 17:08:54,502 [RatisPipelineUtilsThread] INFO  pipeline.RatisPipelineProvider (RatisPipelineProvider.java:lambda$create$4(163)) - Send pipeline:PipelineID=03c0ac7e-e601-494b-841c-2e2f5bad8d20 create command to datanode 53b51124-92ed-42d6-a80e-016fa59d7f2b
2019-10-23 17:08:54,536 [EventQueue-PendingDeleteStatusForPendingDeleteHandler] INFO  block.SCMBlockDeletingService (SCMBlockDeletingService.java:handlePendingDeletes(115)) - Block deletion txnID mismatch in datanode 53b51124-92ed-42d6-a80e-016fa59d7f2b for containerID 1. Datanode delete txnID: 0, SCM txnID: 1
2019-10-23 17:08:54,715 [pool-7-thread-4] INFO  commands.RetriableDatanodeEventWatcher (RetriableDatanodeEventWatcher.java:onTimeout(47)) - RetriableDatanodeCommand type=deleteBlocksCommand with id=1571850405758 timed out. Retrying.
2019-10-23 17:08:54,715 [pool-7-thread-6] INFO  commands.RetriableDatanodeEventWatcher (RetriableDatanodeEventWatcher.java:onTimeout(47)) - RetriableDatanodeCommand type=deleteBlocksCommand with id=1571850405759 timed out. Retrying.
2019-10-23 17:08:54,716 [pool-7-thread-6] INFO  commands.RetriableDatanodeEventWatcher (RetriableDatanodeEventWatcher.java:onTimeout(47)) - RetriableDatanodeCommand type=deleteBlocksCommand with id=1571850405752 timed out. Retrying.
2019-10-23 17:08:54,716 [SCMBlockDeletingService#1] INFO  block.SCMBlockDeletingService (SCMBlockDeletingService.java:call(184)) - Totally added 1 delete blocks command for 1 datanodes, task elapsed time: 1ms
2019-10-23 17:08:54,716 [pool-7-thread-4] INFO  commands.RetriableDatanodeEventWatcher (RetriableDatanodeEventWatcher.java:onTimeout(47)) - RetriableDatanodeCommand type=deleteBlocksCommand with id=1571850405750 timed out. Retrying.
2019-10-23 17:08:54,718 [pool-7-thread-4] INFO  commands.RetriableDatanodeEventWatcher (RetriableDatanodeEventWatcher.java:onTimeout(47)) - RetriableDatanodeCommand type=deleteBlocksCommand with id=1571850405754 timed out. Retrying.
2019-10-23 17:08:54,718 [pool-7-thread-2] INFO  commands.RetriableDatanodeEventWatcher (RetriableDatanodeEventWatcher.java:onTimeout(47)) - RetriableDatanodeCommand type=deleteBlocksCommand with id=1571850405748 timed out. Retrying.
2019-10-23 17:08:54,718 [pool-7-thread-6] INFO  commands.RetriableDatanodeEventWatcher (RetriableDatanodeEventWatcher.java:onTimeout(47)) - RetriableDatanodeCommand type=deleteBlocksCommand with id=1571850405756 timed out. Retrying.
2019-10-23 17:08:54,925 [Command processor thread] INFO  impl.RaftServerProxy (RaftServerProxy.java:addNew(89)) - 8a447bde-5925-4537-9923-914d6124acc8: addNew group-2E2F5BAD8D20:[8a447bde-5925-4537-9923-914d6124acc8:192.168.157.242:44942, 53b51124-92ed-42d6-a80e-016fa59d7f2b:192.168.157.242:38291, a645e8ec-3812-4481-93f3-68221dd5a52f:192.168.157.242:42875] returns group-2E2F5BAD8D20:java.util.concurrent.CompletableFuture@3175340d[Not completed]
2019-10-23 17:08:54,929 [pool-37-thread-1] INFO  impl.RaftServerImpl (RaftServerImpl.java:<init>(98)) - 8a447bde-5925-4537-9923-914d6124acc8: new RaftServerImpl for group-2E2F5BAD8D20:[8a447bde-5925-4537-9923-914d6124acc8:192.168.157.242:44942, 53b51124-92ed-42d6-a80e-016fa59d7f2b:192.168.157.242:38291, a645e8ec-3812-4481-93f3-68221dd5a52f:192.168.157.242:42875] with ContainerStateMachine:uninitialized
2019-10-23 17:08:54,930 [pool-37-thread-1] INFO  server.RaftServerConfigKeys (ConfUtils.java:logGet(43)) - raft.server.rpc.timeout.min = 5s (custom)
2019-10-23 17:08:54,930 [pool-37-thread-1] INFO  server.RaftServerConfigKeys (ConfUtils.java:logGet(43)) - raft.server.rpc.timeout.max = 5200ms (custom)
2019-10-23 17:08:54,930 [pool-37-thread-1] INFO  server.RaftServerConfigKeys (ConfUtils.java:logGet(43)) - raft.server.rpcslowness.timeout = 1000s (custom)
2019-10-23 17:08:54,930 [pool-37-thread-1] INFO  server.RaftServerConfigKeys (ConfUtils.java:logGet(43)) - raft.server.sleep.deviation.threshold = 300 (default)
2019-10-23 17:08:54,930 [pool-37-thread-1] INFO  server.RaftServerConfigKeys (ConfUtils.java:logGet(43)) - raft.server.log.appender.install.snapshot.enabled = false (custom)
2019-10-23 17:08:54,930 [pool-37-thread-1] INFO  impl.RaftServerImpl (ServerState.java:<init>(103)) - 8a447bde-5925-4537-9923-914d6124acc8@group-2E2F5BAD8D20: ConfigurationManager, init=-1: [8a447bde-5925-4537-9923-914d6124acc8:192.168.157.242:44942, 53b51124-92ed-42d6-a80e-016fa59d7f2b:192.168.157.242:38291, a645e8ec-3812-4481-93f3-68221dd5a52f:192.168.157.242:42875], old=null, confs=<EMPTY_MAP>
2019-10-23 17:08:54,931 [pool-37-thread-1] INFO  server.RaftServerConfigKeys (ConfUtils.java:logGet(43)) - raft.server.storage.dir = [/workdir/hadoop-ozone/integration-test/target/test-dir/MiniOzoneClusterImpl-0a691748-4d5e-4935-afbc-7b96fd7c8770/datanode-1/data/ratis] (custom)
2019-10-23 17:08:54,931 [pool-37-thread-1] INFO  server.RaftServerConfigKeys (ConfUtils.java:logGet(43)) - raft.server.log.corruption.policy = EXCEPTION (default)
2019-10-23 17:08:54,931 [pool-37-thread-1] INFO  storage.RaftStorageDirectory (RaftStorageDirectory.java:analyzeStorage(246)) - The storage directory /workdir/hadoop-ozone/integration-test/target/test-dir/MiniOzoneClusterImpl-0a691748-4d5e-4935-afbc-7b96fd7c8770/datanode-1/data/ratis/03c0ac7e-e601-494b-841c-2e2f5bad8d20 does not exist. Creating ...
2019-10-23 17:08:54,936 [EventQueue-PendingDeleteStatusForPendingDeleteHandler] INFO  block.SCMBlockDeletingService (SCMBlockDeletingService.java:handlePendingDeletes(115)) - Block deletion txnID mismatch in datanode 53b51124-92ed-42d6-a80e-016fa59d7f2b for containerID 1. Datanode delete txnID: 0, SCM txnID: 1
2019-10-23 17:08:54,955 [pool-37-thread-1] INFO  storage.RaftStorageDirectory (RaftStorageDirectory.java:tryLock(328)) - Lock on /workdir/hadoop-ozone/integration-test/target/test-dir/MiniOzoneClusterImpl-0a691748-4d5e-4935-afbc-7b96fd7c8770/datanode-1/data/ratis/03c0ac7e-e601-494b-841c-2e2f5bad8d20/in_use.lock acquired by nodename 2696@pr-hdds-2034-ckmbc-1095224204
2019-10-23 17:08:54,968 [pool-37-thread-1] INFO  storage.RaftStorage (RaftStorage.java:format(84)) - Storage directory /workdir/hadoop-ozone/integration-test/target/test-dir/MiniOzoneClusterImpl-0a691748-4d5e-4935-afbc-7b96fd7c8770/datanode-1/data/ratis/03c0ac7e-e601-494b-841c-2e2f5bad8d20 has been successfully formatted.
2019-10-23 17:08:54,969 [pool-37-thread-1] INFO  ratis.ContainerStateMachine (ContainerStateMachine.java:loadSnapshot(231)) - group-2E2F5BAD8D20: The snapshot info is null. Setting the last applied indexto:(t:0, i:~)
2019-10-23 17:08:54,969 [pool-37-thread-1] INFO  server.RaftServerConfigKeys (ConfUtils.java:logGet(43)) - raft.server.notification.no-leader.timeout = 1000s (custom)
2019-10-23 17:08:54,969 [pool-37-thread-1] INFO  server.RaftServerConfigKeys (ConfUtils.java:logGet(43)) - raft.server.log.use.memory = false (default)
2019-10-23 17:08:54,969 [pool-37-thread-1] INFO  server.RaftServerConfigKeys (ConfUtils.java:logGet(43)) - raft.server.log.purge.gap = 1000000 (custom)
2019-10-23 17:08:54,969 [pool-37-thread-1] INFO  server.RaftServerConfigKeys (ConfUtils.java:logGet(43)) - raft.server.log.appender.buffer.byte-limit = 33554432 (custom)
2019-10-23 17:08:54,970 [pool-37-thread-1] INFO  server.RaftServerConfigKeys (ConfUtils.java:logGet(43)) - raft.server.log.segment.size.max = 1048576 (custom)
2019-10-23 17:08:54,970 [pool-37-thread-1] INFO  server.RaftServerConfigKeys (ConfUtils.java:logGet(43)) - raft.server.log.segment.cache.num.max = 2 (custom)
2019-10-23 17:08:54,970 [pool-37-thread-1] INFO  segmented.SegmentedRaftLogWorker (SegmentedRaftLogWorker.java:<init>(173)) - new 8a447bde-5925-4537-9923-914d6124acc8@group-2E2F5BAD8D20-SegmentedRaftLogWorker for RaftStorage:Storage Directory /workdir/hadoop-ozone/integration-test/target/test-dir/MiniOzoneClusterImpl-0a691748-4d5e-4935-afbc-7b96fd7c8770/datanode-1/data/ratis/03c0ac7e-e601-494b-841c-2e2f5bad8d20
2019-10-23 17:08:54,970 [pool-37-thread-1] INFO  server.RaftServerConfigKeys (ConfUtils.java:logGet(43)) - raft.server.log.queue.byte-limit = 2147483647 (custom)
2019-10-23 17:08:54,970 [pool-37-thread-1] INFO  server.RaftServerConfigKeys (ConfUtils.java:logGet(43)) - raft.server.log.queue.element-limit = 1024 (custom)
2019-10-23 17:08:54,970 [pool-37-thread-1] INFO  server.RaftServerConfigKeys (ConfUtils.java:logGet(43)) - raft.server.log.segment.size.max = 1048576 (custom)
2019-10-23 17:08:54,971 [pool-37-thread-1] INFO  server.RaftServerConfigKeys (ConfUtils.java:logGet(43)) - raft.server.log.preallocated.size = 16384 (custom)
2019-10-23 17:08:54,971 [pool-37-thread-1] INFO  server.RaftServerConfigKeys (ConfUtils.java:logGet(43)) - raft.server.log.write.buffer.size = 33554432 (custom)
2019-10-23 17:08:54,971 [pool-37-thread-1] INFO  server.RaftServerConfigKeys (ConfUtils.java:logGet(43)) - raft.server.log.force.sync.num = 128 (default)
2019-10-23 17:08:54,971 [pool-37-thread-1] INFO  server.RaftServerConfigKeys (ConfUtils.java:logGet(43)) - raft.server.log.statemachine.data.sync = true (default)
2019-10-23 17:08:54,971 [pool-37-thread-1] INFO  server.RaftServerConfigKeys (ConfUtils.java:logGet(43)) - raft.server.log.statemachine.data.sync.timeout = 10s (default)
2019-10-23 17:08:54,971 [pool-37-thread-1] INFO  server.RaftServerConfigKeys (ConfUtils.java:logGet(43)) - raft.server.log.statemachine.data.sync.timeout.retry = -1 (default)
2019-10-23 17:08:54,972 [pool-37-thread-1] INFO  server.RaftServerConfigKeys (ConfUtils.java:logGet(43)) - raft.server.log.statemachine.data.caching.enabled = true (custom)
2019-10-23 17:08:54,972 [pool-37-thread-1] INFO  segmented.SegmentedRaftLogWorker (SegmentedRaftLogWorker.java:lambda$new$0(128)) - 8a447bde-5925-4537-9923-914d6124acc8@group-2E2F5BAD8D20-SegmentedRaftLogWorker: flushIndex: setUnconditionally 0 -> -1
2019-10-23 17:08:54,972 [pool-37-thread-1] INFO  server.RaftServerConfigKeys (ConfUtils.java:logGet(43)) - raft.server.snapshot.auto.trigger.enabled = true (custom)
2019-10-23 17:08:54,973 [pool-37-thread-1] INFO  server.RaftServerConfigKeys (ConfUtils.java:logGet(43)) - raft.server.snapshot.auto.trigger.threshold = 10000 (custom)
2019-10-23 17:08:54,973 [pool-37-thread-1] INFO  server.RaftServerConfigKeys (ConfUtils.java:logGet(43)) - raft.server.snapshot.retention.file.num = 5 (custom)
2019-10-23 17:08:54,973 [pool-37-thread-1] INFO  server.RaftServerConfigKeys (ConfUtils.java:logGet(43)) - raft.server.retrycache.expirytime = 600000ms (custom)
2019-10-23 17:08:54,973 [pool-37-thread-1] WARN  impl.MetricRegistriesImpl (MetricRegistriesImpl.java:lambda$create$1(61)) - First MetricRegistry has been created without registering reporters. You may need to call MetricRegistries.global().addReportRegistration(...) before.
2019-10-23 17:08:54,974 [pool-37-thread-1] WARN  impl.MetricRegistriesImpl (MetricRegistriesImpl.java:lambda$create$1(61)) - First MetricRegistry has been created without registering reporters. You may need to call MetricRegistries.global().addReportRegistration(...) before.
2019-10-23 17:08:54,974 [pool-37-thread-1] INFO  impl.RaftServerImpl (RaftServerImpl.java:start(184)) - 8a447bde-5925-4537-9923-914d6124acc8@group-2E2F5BAD8D20: start as a follower, conf=-1: [8a447bde-5925-4537-9923-914d6124acc8:192.168.157.242:44942, 53b51124-92ed-42d6-a80e-016fa59d7f2b:192.168.157.242:38291, a645e8ec-3812-4481-93f3-68221dd5a52f:192.168.157.242:42875], old=null
2019-10-23 17:08:54,974 [pool-37-thread-1] INFO  impl.RaftServerImpl (RaftServerImpl.java:setRole(173)) - 8a447bde-5925-4537-9923-914d6124acc8@group-2E2F5BAD8D20: changes role from      null to FOLLOWER at term 0 for startAsFollower
2019-10-23 17:08:54,974 [pool-37-thread-1] INFO  impl.RoleInfo (RoleInfo.java:updateAndGet(143)) - 8a447bde-5925-4537-9923-914d6124acc8: start FollowerState
2019-10-23 17:08:54,975 [pool-37-thread-1] INFO  util.JmxRegister (JmxRegister.java:tryRegister(44)) - Successfully registered JMX Bean with object name Ratis:service=RaftServer,group=group-2E2F5BAD8D20,id=8a447bde-5925-4537-9923-914d6124acc8
2019-10-23 17:08:54,975 [pool-37-thread-1] WARN  impl.MetricRegistriesImpl (MetricRegistriesImpl.java:lambda$create$1(61)) - First MetricRegistry has been created without registering reporters. You may need to call MetricRegistries.global().addReportRegistration(...) before.
2019-10-23 17:08:54,976 [Command processor thread] INFO  commandhandler.CreatePipelineCommandHandler (CreatePipelineCommandHandler.java:handle(86)) - Create Pipeline RATIS THREE #id: "03c0ac7e-e601-494b-841c-2e2f5bad8d20"
 command succeed on datanode 8a447bde-5925-4537-9923-914d6124acc8.
2019-10-23 17:08:54,978 [EventQueue-PipelineReportForPipelineReportHandler] INFO  pipeline.PipelineReportHandler (PipelineReportHandler.java:processPipelineReport(104)) - Pipeline THREE PipelineID=03c0ac7e-e601-494b-841c-2e2f5bad8d20 reported by 8a447bde-5925-4537-9923-914d6124acc8{ip: 192.168.157.242, host: pr-hdds-2034-ckmbc-1095224204, networkLocation: /default-rack, certSerialId: null}
2019-10-23 17:08:55,236 [EventQueue-PendingDeleteStatusForPendingDeleteHandler] INFO  block.SCMBlockDeletingService (SCMBlockDeletingService.java:handlePendingDeletes(115)) - Block deletion txnID mismatch in datanode 53b51124-92ed-42d6-a80e-016fa59d7f2b for containerID 1. Datanode delete txnID: 0, SCM txnID: 1
2019-10-23 17:08:55,318 [BlockDeletingService#2] WARN  background.BlockDeletingService (BlockDeletingService.java:isDeletionAllowed(187)) - Close Container log Index 6 is not replicated across allthe servers in the pipeline eaf7b8d5-4c44-4730-931b-7447e9ef7d39 as the min replicated index is 4. Deletion is not allowed in this container yet.
2019-10-23 17:08:55,318 [BlockDeletingService#2] WARN  background.BlockDeletingService (BlockDeletingService.java:isDeletionAllowed(187)) - Close Container log Index 6 is not replicated across allthe servers in the pipeline eaf7b8d5-4c44-4730-931b-7447e9ef7d39 as the min replicated index is 4. Deletion is not allowed in this container yet.
2019-10-23 17:08:55,436 [EventQueue-PendingDeleteStatusForPendingDeleteHandler] INFO  block.SCMBlockDeletingService (SCMBlockDeletingService.java:handlePendingDeletes(115)) - Block deletion txnID mismatch in datanode 53b51124-92ed-42d6-a80e-016fa59d7f2b for containerID 1. Datanode delete txnID: 0, SCM txnID: 1
2019-10-23 17:08:55,466 [Command processor thread] INFO  commandhandler.DeleteBlocksCommandHandler (DeleteBlocksCommandHandler.java:handle(106)) - Start to delete container blocks, TXIDs=[1(0)], numOfContainers=1, numOfBlocks=1
2019-10-23 17:08:55,467 [Command processor thread] INFO  commandhandler.DeleteBlocksCommandHandler (DeleteBlocksCommandHandler.java:handle(106)) - Start to delete container blocks, TXIDs=[1(2)], numOfContainers=1, numOfBlocks=1
2019-10-23 17:08:55,467 [Command processor thread] INFO  commandhandler.DeleteBlocksCommandHandler (DeleteBlocksCommandHandler.java:handle(106)) - Start to delete container blocks, TXIDs=[1(0)], numOfContainers=1, numOfBlocks=1
2019-10-23 17:08:55,468 [Command processor thread] INFO  commandhandler.DeleteBlocksCommandHandler (DeleteBlocksCommandHandler.java:handle(106)) - Start to delete container blocks, TXIDs=[1(2)], numOfContainers=1, numOfBlocks=1
2019-10-23 17:08:55,468 [Command processor thread] INFO  commandhandler.DeleteBlocksCommandHandler (DeleteBlocksCommandHandler.java:handle(106)) - Start to delete container blocks, TXIDs=[1(4)], numOfContainers=1, numOfBlocks=1
2019-10-23 17:08:55,468 [Command processor thread] INFO  commandhandler.DeleteBlocksCommandHandler (DeleteBlocksCommandHandler.java:handle(106)) - Start to delete container blocks, TXIDs=[1(0)], numOfContainers=1, numOfBlocks=1
2019-10-23 17:08:55,468 [Command processor thread] INFO  commandhandler.DeleteBlocksCommandHandler (DeleteBlocksCommandHandler.java:handle(106)) - Start to delete container blocks, TXIDs=[1(4)], numOfContainers=1, numOfBlocks=1
2019-10-23 17:08:55,469 [Command processor thread] INFO  commandhandler.DeleteBlocksCommandHandler (DeleteBlocksCommandHandler.java:handle(106)) - Start to delete container blocks, TXIDs=[1(7)], numOfContainers=1, numOfBlocks=1
2019-10-23 17:08:55,469 [Command processor thread] INFO  commandhandler.DeleteBlocksCommandHandler (DeleteBlocksCommandHandler.java:handle(106)) - Start to delete container blocks, TXIDs=[1(2)], numOfContainers=1, numOfBlocks=1
2019-10-23 17:08:55,469 [Command processor thread] INFO  commandhandler.DeleteBlocksCommandHandler (DeleteBlocksCommandHandler.java:handle(106)) - Start to delete container blocks, TXIDs=[1(0)], numOfContainers=1, numOfBlocks=1
2019-10-23 17:08:55,469 [Command processor thread] INFO  commandhandler.DeleteBlocksCommandHandler (DeleteBlocksCommandHandler.java:handle(106)) - Start to delete container blocks, TXIDs=[1(11)], numOfContainers=1, numOfBlocks=1
2019-10-23 17:08:55,470 [Command processor thread] INFO  commandhandler.DeleteBlocksCommandHandler (DeleteBlocksCommandHandler.java:handle(106)) - Start to delete container blocks, TXIDs=[1(4)], numOfContainers=1, numOfBlocks=1
2019-10-23 17:08:55,470 [Command processor thread] INFO  commandhandler.DeleteBlocksCommandHandler (DeleteBlocksCommandHandler.java:handle(106)) - Start to delete container blocks, TXIDs=[1(2)], numOfContainers=1, numOfBlocks=1
2019-10-23 17:08:55,470 [Command processor thread] INFO  commandhandler.DeleteBlocksCommandHandler (DeleteBlocksCommandHandler.java:handle(106)) - Start to delete container blocks, TXIDs=[1(7)], numOfContainers=1, numOfBlocks=1
2019-10-23 17:08:55,470 [Command processor thread] INFO  commandhandler.DeleteBlocksCommandHandler (DeleteBlocksCommandHandler.java:handle(106)) - Start to delete container blocks, TXIDs=[1(0)], numOfContainers=1, numOfBlocks=1
2019-10-23 17:08:55,470 [Command processor thread] INFO  commandhandler.DeleteBlocksCommandHandler (DeleteBlocksCommandHandler.java:handle(106)) - Start to delete container blocks, TXIDs=[1(16)], numOfContainers=1, numOfBlocks=1
2019-10-23 17:08:55,471 [Command processor thread] INFO  commandhandler.DeleteBlocksCommandHandler (DeleteBlocksCommandHandler.java:handle(106)) - Start to delete container blocks, TXIDs=[1(11)], numOfContainers=1, numOfBlocks=1
2019-10-23 17:08:55,471 [Command processor thread] INFO  commandhandler.DeleteBlocksCommandHandler (DeleteBlocksCommandHandler.java:handle(106)) - Start to delete container blocks, TXIDs=[1(2)], numOfContainers=1, numOfBlocks=1
2019-10-23 17:08:55,471 [Command processor thread] INFO  commandhandler.DeleteBlocksCommandHandler (DeleteBlocksCommandHandler.java:handle(106)) - Start to delete container blocks, TXIDs=[1(4)], numOfContainers=1, numOfBlocks=1
2019-10-23 17:08:55,471 [Command processor thread] INFO  commandhandler.DeleteBlocksCommandHandler (DeleteBlocksCommandHandler.java:handle(106)) - Start to delete container blocks, TXIDs=[1(7)], numOfContainers=1, numOfBlocks=1
2019-10-23 17:08:55,472 [Command processor thread] INFO  commandhandler.DeleteBlocksCommandHandler (DeleteBlocksCommandHandler.java:handle(106)) - Start to delete container blocks, TXIDs=[1(0)], numOfContainers=1, numOfBlocks=1
2019-10-23 17:08:55,472 [Command processor thread] INFO  commandhandler.DeleteBlocksCommandHandler (DeleteBlocksCommandHandler.java:handle(106)) - Start to delete container blocks, TXIDs=[1(16)], numOfContainers=1, numOfBlocks=1
2019-10-23 17:08:55,472 [Command processor thread] INFO  commandhandler.DeleteBlocksCommandHandler (DeleteBlocksCommandHandler.java:handle(106)) - Start to delete container blocks, TXIDs=[1(22)], numOfContainers=1, numOfBlocks=1
2019-10-23 17:08:55,472 [Command processor thread] INFO  commandhandler.DeleteBlocksCommandHandler (DeleteBlocksCommandHandler.java:handle(106)) - Start to delete container blocks, TXIDs=[1(4)], numOfContainers=1, numOfBlocks=1
2019-10-23 17:08:55,473 [Command processor thread] INFO  commandhandler.DeleteBlocksCommandHandler (DeleteBlocksCommandHandler.java:handle(106)) - Start to delete container blocks, TXIDs=[1(2)], numOfContainers=1, numOfBlocks=1
2019-10-23 17:08:55,473 [Command processor thread] INFO  commandhandler.DeleteBlocksCommandHandler (DeleteBlocksCommandHandler.java:handle(106)) - Start to delete container blocks, TXIDs=[1(11)], numOfContainers=1, numOfBlocks=1
2019-10-23 17:08:55,473 [Command processor thread] INFO  commandhandler.DeleteBlocksCommandHandler (DeleteBlocksCommandHandler.java:handle(106)) - Start to delete container blocks, TXIDs=[1(0)], numOfContainers=1, numOfBlocks=1
2019-10-23 17:08:55,473 [Command processor thread] INFO  commandhandler.DeleteBlocksCommandHandler (DeleteBlocksCommandHandler.java:handle(106)) - Start to delete container blocks, TXIDs=[1(7)], numOfContainers=1, numOfBlocks=1
2019-10-23 17:08:55,474 [Command processor thread] INFO  impl.RaftServerProxy (RaftServerProxy.java:addNew(89)) - 53b51124-92ed-42d6-a80e-016fa59d7f2b: addNew group-EF8D4C7F5479:[53b51124-92ed-42d6-a80e-016fa59d7f2b:192.168.157.242:38291] returns group-EF8D4C7F5479:java.util.concurrent.CompletableFuture@afbd399[Not completed]
2019-10-23 17:08:55,476 [pool-59-thread-1] INFO  impl.RaftServerImpl (RaftServerImpl.java:<init>(98)) - 53b51124-92ed-42d6-a80e-016fa59d7f2b: new RaftServerImpl for group-EF8D4C7F5479:[53b51124-92ed-42d6-a80e-016fa59d7f2b:192.168.157.242:38291] with ContainerStateMachine:uninitialized
2019-10-23 17:08:55,476 [pool-59-thread-1] INFO  server.RaftServerConfigKeys (ConfUtils.java:logGet(43)) - raft.server.rpc.timeout.min = 5s (custom)
2019-10-23 17:08:55,476 [pool-59-thread-1] INFO  server.RaftServerConfigKeys (ConfUtils.java:logGet(43)) - raft.server.rpc.timeout.max = 5200ms (custom)
2019-10-23 17:08:55,476 [pool-59-thread-1] INFO  server.RaftServerConfigKeys (ConfUtils.java:logGet(43)) - raft.server.rpcslowness.timeout = 1000s (custom)
2019-10-23 17:08:55,476 [pool-59-thread-1] INFO  server.RaftServerConfigKeys (ConfUtils.java:logGet(43)) - raft.server.sleep.deviation.threshold = 300 (default)
2019-10-23 17:08:55,476 [pool-59-thread-1] INFO  server.RaftServerConfigKeys (ConfUtils.java:logGet(43)) - raft.server.log.appender.install.snapshot.enabled = false (custom)
2019-10-23 17:08:55,477 [pool-59-thread-1] INFO  impl.RaftServerImpl (ServerState.java:<init>(103)) - 53b51124-92ed-42d6-a80e-016fa59d7f2b@group-EF8D4C7F5479: ConfigurationManager, init=-1: [53b51124-92ed-42d6-a80e-016fa59d7f2b:192.168.157.242:38291], old=null, confs=<EMPTY_MAP>
2019-10-23 17:08:55,477 [pool-59-thread-1] INFO  server.RaftServerConfigKeys (ConfUtils.java:logGet(43)) - raft.server.storage.dir = [/workdir/hadoop-ozone/integration-test/target/test-dir/MiniOzoneClusterImpl-0a691748-4d5e-4935-afbc-7b96fd7c8770/datanode-2/data/ratis] (custom)
2019-10-23 17:08:55,477 [pool-59-thread-1] INFO  server.RaftServerConfigKeys (ConfUtils.java:logGet(43)) - raft.server.log.corruption.policy = EXCEPTION (default)
2019-10-23 17:08:55,477 [pool-59-thread-1] INFO  storage.RaftStorageDirectory (RaftStorageDirectory.java:analyzeStorage(246)) - The storage directory /workdir/hadoop-ozone/integration-test/target/test-dir/MiniOzoneClusterImpl-0a691748-4d5e-4935-afbc-7b96fd7c8770/datanode-2/data/ratis/11c6efc1-9c58-4514-ac68-ef8d4c7f5479 does not exist. Creating ...
2019-10-23 17:08:55,484 [pool-59-thread-1] INFO  storage.RaftStorageDirectory (RaftStorageDirectory.java:tryLock(328)) - Lock on /workdir/hadoop-ozone/integration-test/target/test-dir/MiniOzoneClusterImpl-0a691748-4d5e-4935-afbc-7b96fd7c8770/datanode-2/data/ratis/11c6efc1-9c58-4514-ac68-ef8d4c7f5479/in_use.lock acquired by nodename 2696@pr-hdds-2034-ckmbc-1095224204
2019-10-23 17:08:55,491 [Thread-584] INFO  impl.FollowerState (FollowerState.java:run(111)) - 53b51124-92ed-42d6-a80e-016fa59d7f2b@group-7447E9EF7D39-FollowerState: change to CANDIDATE, lastRpcTime:5041ms, electionTimeout:5041ms
2019-10-23 17:08:55,491 [Thread-584] INFO  impl.RoleInfo (RoleInfo.java:shutdownFollowerState(121)) - 53b51124-92ed-42d6-a80e-016fa59d7f2b: shutdown FollowerState
2019-10-23 17:08:55,491 [Thread-584] INFO  impl.RaftServerImpl (RaftServerImpl.java:setRole(173)) - 53b51124-92ed-42d6-a80e-016fa59d7f2b@group-7447E9EF7D39: changes role from  FOLLOWER to CANDIDATE at term 4 for changeToCandidate
2019-10-23 17:08:55,491 [Thread-584] INFO  impl.RoleInfo (RoleInfo.java:updateAndGet(143)) - 53b51124-92ed-42d6-a80e-016fa59d7f2b: start LeaderElection
2019-10-23 17:08:55,509 [pool-59-thread-1] INFO  storage.RaftStorage (RaftStorage.java:format(84)) - Storage directory /workdir/hadoop-ozone/integration-test/target/test-dir/MiniOzoneClusterImpl-0a691748-4d5e-4935-afbc-7b96fd7c8770/datanode-2/data/ratis/11c6efc1-9c58-4514-ac68-ef8d4c7f5479 has been successfully formatted.
2019-10-23 17:08:55,509 [53b51124-92ed-42d6-a80e-016fa59d7f2b@group-7447E9EF7D39-LeaderElection10] INFO  impl.LeaderElection (LeaderElection.java:askForVotes(178)) - 53b51124-92ed-42d6-a80e-016fa59d7f2b@group-7447E9EF7D39-LeaderElection10: begin an election at term 5 for 0: [8a447bde-5925-4537-9923-914d6124acc8:192.168.157.242:44942, 53b51124-92ed-42d6-a80e-016fa59d7f2b:192.168.157.242:38291, a645e8ec-3812-4481-93f3-68221dd5a52f:192.168.157.242:42875], old=null
2019-10-23 17:08:55,509 [pool-59-thread-1] INFO  ratis.ContainerStateMachine (ContainerStateMachine.java:loadSnapshot(231)) - group-EF8D4C7F5479: The snapshot info is null. Setting the last applied indexto:(t:0, i:~)
2019-10-23 17:08:55,510 [pool-59-thread-1] INFO  server.RaftServerConfigKeys (ConfUtils.java:logGet(43)) - raft.server.notification.no-leader.timeout = 1000s (custom)
2019-10-23 17:08:55,510 [pool-59-thread-1] INFO  server.RaftServerConfigKeys (ConfUtils.java:logGet(43)) - raft.server.log.use.memory = false (default)
2019-10-23 17:08:55,510 [pool-59-thread-1] INFO  server.RaftServerConfigKeys (ConfUtils.java:logGet(43)) - raft.server.log.purge.gap = 1000000 (custom)
2019-10-23 17:08:55,510 [pool-59-thread-1] INFO  server.RaftServerConfigKeys (ConfUtils.java:logGet(43)) - raft.server.log.appender.buffer.byte-limit = 33554432 (custom)
2019-10-23 17:08:55,510 [pool-59-thread-1] INFO  server.RaftServerConfigKeys (ConfUtils.java:logGet(43)) - raft.server.log.segment.size.max = 1048576 (custom)
2019-10-23 17:08:55,510 [pool-59-thread-1] INFO  server.RaftServerConfigKeys (ConfUtils.java:logGet(43)) - raft.server.log.segment.cache.num.max = 2 (custom)
2019-10-23 17:08:55,510 [pool-59-thread-1] INFO  segmented.SegmentedRaftLogWorker (SegmentedRaftLogWorker.java:<init>(173)) - new 53b51124-92ed-42d6-a80e-016fa59d7f2b@group-EF8D4C7F5479-SegmentedRaftLogWorker for RaftStorage:Storage Directory /workdir/hadoop-ozone/integration-test/target/test-dir/MiniOzoneClusterImpl-0a691748-4d5e-4935-afbc-7b96fd7c8770/datanode-2/data/ratis/11c6efc1-9c58-4514-ac68-ef8d4c7f5479
2019-10-23 17:08:55,511 [pool-59-thread-1] INFO  server.RaftServerConfigKeys (ConfUtils.java:logGet(43)) - raft.server.log.queue.byte-limit = 2147483647 (custom)
2019-10-23 17:08:55,511 [pool-59-thread-1] INFO  server.RaftServerConfigKeys (ConfUtils.java:logGet(43)) - raft.server.log.queue.element-limit = 1024 (custom)
2019-10-23 17:08:55,511 [pool-59-thread-1] INFO  server.RaftServerConfigKeys (ConfUtils.java:logGet(43)) - raft.server.log.segment.size.max = 1048576 (custom)
2019-10-23 17:08:55,511 [pool-59-thread-1] INFO  server.RaftServerConfigKeys (ConfUtils.java:logGet(43)) - raft.server.log.preallocated.size = 16384 (custom)
2019-10-23 17:08:55,511 [pool-59-thread-1] INFO  server.RaftServerConfigKeys (ConfUtils.java:logGet(43)) - raft.server.log.write.buffer.size = 33554432 (custom)
2019-10-23 17:08:55,511 [pool-59-thread-1] INFO  server.RaftServerConfigKeys (ConfUtils.java:logGet(43)) - raft.server.log.force.sync.num = 128 (default)
2019-10-23 17:08:55,512 [pool-59-thread-1] INFO  server.RaftServerConfigKeys (ConfUtils.java:logGet(43)) - raft.server.log.statemachine.data.sync = true (default)
2019-10-23 17:08:55,512 [pool-59-thread-1] INFO  server.RaftServerConfigKeys (ConfUtils.java:logGet(43)) - raft.server.log.statemachine.data.sync.timeout = 10s (default)
2019-10-23 17:08:55,513 [pool-59-thread-1] INFO  server.RaftServerConfigKeys (ConfUtils.java:logGet(43)) - raft.server.log.statemachine.data.sync.timeout.retry = -1 (default)
2019-10-23 17:08:55,514 [pool-59-thread-1] INFO  server.RaftServerConfigKeys (ConfUtils.java:logGet(43)) - raft.server.log.statemachine.data.caching.enabled = true (custom)
2019-10-23 17:08:55,514 [pool-59-thread-1] INFO  segmented.SegmentedRaftLogWorker (SegmentedRaftLogWorker.java:lambda$new$0(128)) - 53b51124-92ed-42d6-a80e-016fa59d7f2b@group-EF8D4C7F5479-SegmentedRaftLogWorker: flushIndex: setUnconditionally 0 -> -1
2019-10-23 17:08:55,514 [pool-59-thread-1] INFO  server.RaftServerConfigKeys (ConfUtils.java:logGet(43)) - raft.server.snapshot.auto.trigger.enabled = true (custom)
2019-10-23 17:08:55,514 [pool-59-thread-1] INFO  server.RaftServerConfigKeys (ConfUtils.java:logGet(43)) - raft.server.snapshot.auto.trigger.threshold = 10000 (custom)
2019-10-23 17:08:55,515 [pool-59-thread-1] INFO  server.RaftServerConfigKeys (ConfUtils.java:logGet(43)) - raft.server.snapshot.retention.file.num = 5 (custom)
2019-10-23 17:08:55,515 [pool-59-thread-1] INFO  server.RaftServerConfigKeys (ConfUtils.java:logGet(43)) - raft.server.retrycache.expirytime = 600000ms (custom)
2019-10-23 17:08:55,515 [pool-59-thread-1] WARN  impl.MetricRegistriesImpl (MetricRegistriesImpl.java:lambda$create$1(61)) - First MetricRegistry has been created without registering reporters. You may need to call MetricRegistries.global().addReportRegistration(...) before.
2019-10-23 17:08:55,515 [pool-59-thread-1] WARN  impl.MetricRegistriesImpl (MetricRegistriesImpl.java:lambda$create$1(61)) - First MetricRegistry has been created without registering reporters. You may need to call MetricRegistries.global().addReportRegistration(...) before.
2019-10-23 17:08:55,515 [pool-59-thread-1] INFO  impl.RaftServerImpl (RaftServerImpl.java:start(184)) - 53b51124-92ed-42d6-a80e-016fa59d7f2b@group-EF8D4C7F5479: start as a follower, conf=-1: [53b51124-92ed-42d6-a80e-016fa59d7f2b:192.168.157.242:38291], old=null
2019-10-23 17:08:55,515 [pool-59-thread-1] INFO  impl.RaftServerImpl (RaftServerImpl.java:setRole(173)) - 53b51124-92ed-42d6-a80e-016fa59d7f2b@group-EF8D4C7F5479: changes role from      null to FOLLOWER at term 0 for startAsFollower
2019-10-23 17:08:55,516 [pool-59-thread-1] INFO  impl.RoleInfo (RoleInfo.java:updateAndGet(143)) - 53b51124-92ed-42d6-a80e-016fa59d7f2b: start FollowerState
2019-10-23 17:08:55,516 [pool-59-thread-1] INFO  util.JmxRegister (JmxRegister.java:tryRegister(44)) - Successfully registered JMX Bean with object name Ratis:service=RaftServer,group=group-EF8D4C7F5479,id=53b51124-92ed-42d6-a80e-016fa59d7f2b
2019-10-23 17:08:55,516 [pool-59-thread-1] WARN  impl.MetricRegistriesImpl (MetricRegistriesImpl.java:lambda$create$1(61)) - First MetricRegistry has been created without registering reporters. You may need to call MetricRegistries.global().addReportRegistration(...) before.
2019-10-23 17:08:55,517 [Command processor thread] INFO  commandhandler.CreatePipelineCommandHandler (CreatePipelineCommandHandler.java:handle(86)) - Create Pipeline RATIS ONE #id: "11c6efc1-9c58-4514-ac68-ef8d4c7f5479"
 command succeed on datanode 53b51124-92ed-42d6-a80e-016fa59d7f2b.
2019-10-23 17:08:55,517 [Command processor thread] INFO  impl.RaftServerProxy (RaftServerProxy.java:addNew(89)) - 53b51124-92ed-42d6-a80e-016fa59d7f2b: addNew group-2E2F5BAD8D20:[8a447bde-5925-4537-9923-914d6124acc8:192.168.157.242:44942, 53b51124-92ed-42d6-a80e-016fa59d7f2b:192.168.157.242:38291, a645e8ec-3812-4481-93f3-68221dd5a52f:192.168.157.242:42875] returns group-2E2F5BAD8D20:java.util.concurrent.CompletableFuture@1abc0b1e[Not completed]
2019-10-23 17:08:55,518 [EventQueue-PipelineReportForPipelineReportHandler] INFO  pipeline.PipelineReportHandler (PipelineReportHandler.java:processPipelineReport(104)) - Pipeline ONE PipelineID=11c6efc1-9c58-4514-ac68-ef8d4c7f5479 reported by 53b51124-92ed-42d6-a80e-016fa59d7f2b{ip: 192.168.157.242, host: pr-hdds-2034-ckmbc-1095224204, networkLocation: /default-rack, certSerialId: null}
2019-10-23 17:08:55,518 [EventQueue-PipelineReportForPipelineReportHandler] INFO  pipeline.PipelineStateManager (PipelineStateManager.java:openPipeline(134)) - Pipeline Pipeline[ Id: 11c6efc1-9c58-4514-ac68-ef8d4c7f5479, Nodes: 53b51124-92ed-42d6-a80e-016fa59d7f2b{ip: 192.168.157.242, host: pr-hdds-2034-ckmbc-1095224204, networkLocation: /default-rack, certSerialId: null}, Type:RATIS, Factor:ONE, State:ALLOCATED] moved to OPEN state
2019-10-23 17:08:55,521 [grpc-default-executor-5] INFO  impl.RaftServerImpl (ServerState.java:setLeader(255)) - 8a447bde-5925-4537-9923-914d6124acc8@group-7447E9EF7D39: change Leader from a645e8ec-3812-4481-93f3-68221dd5a52f to null at term 5 for updateCurrentTerm
2019-10-23 17:08:55,521 [grpc-default-executor-5] INFO  impl.RaftServerImpl (RaftServerImpl.java:setRole(173)) - 8a447bde-5925-4537-9923-914d6124acc8@group-7447E9EF7D39: changes role from  FOLLOWER to FOLLOWER at term 5 for recognizeCandidate:53b51124-92ed-42d6-a80e-016fa59d7f2b
2019-10-23 17:08:55,521 [grpc-default-executor-7] INFO  impl.RaftServerImpl (ServerState.java:setLeader(255)) - a645e8ec-3812-4481-93f3-68221dd5a52f@group-7447E9EF7D39: change Leader from a645e8ec-3812-4481-93f3-68221dd5a52f to null at term 5 for updateCurrentTerm
2019-10-23 17:08:55,521 [grpc-default-executor-5] INFO  impl.RoleInfo (RoleInfo.java:shutdownFollowerState(121)) - 8a447bde-5925-4537-9923-914d6124acc8: shutdown FollowerState
2019-10-23 17:08:55,521 [pool-59-thread-1] INFO  impl.RaftServerImpl (RaftServerImpl.java:<init>(98)) - 53b51124-92ed-42d6-a80e-016fa59d7f2b: new RaftServerImpl for group-2E2F5BAD8D20:[8a447bde-5925-4537-9923-914d6124acc8:192.168.157.242:44942, 53b51124-92ed-42d6-a80e-016fa59d7f2b:192.168.157.242:38291, a645e8ec-3812-4481-93f3-68221dd5a52f:192.168.157.242:42875] with ContainerStateMachine:uninitialized
2019-10-23 17:08:55,522 [Thread-280] INFO  impl.FollowerState (FollowerState.java:run(120)) - 8a447bde-5925-4537-9923-914d6124acc8@group-7447E9EF7D39-FollowerState was interrupted: java.lang.InterruptedException: sleep interrupted
2019-10-23 17:08:55,522 [grpc-default-executor-5] INFO  impl.RoleInfo (RoleInfo.java:updateAndGet(143)) - 8a447bde-5925-4537-9923-914d6124acc8: start FollowerState
2019-10-23 17:08:55,521 [grpc-default-executor-7] INFO  impl.RaftServerImpl (RaftServerImpl.java:setRole(173)) - a645e8ec-3812-4481-93f3-68221dd5a52f@group-7447E9EF7D39: changes role from    LEADER to FOLLOWER at term 5 for recognizeCandidate:53b51124-92ed-42d6-a80e-016fa59d7f2b
2019-10-23 17:08:55,522 [pool-59-thread-1] INFO  server.RaftServerConfigKeys (ConfUtils.java:logGet(43)) - raft.server.rpc.timeout.min = 5s (custom)
2019-10-23 17:08:55,523 [grpc-default-executor-7] INFO  impl.RoleInfo (RoleInfo.java:shutdownLeaderState(104)) - a645e8ec-3812-4481-93f3-68221dd5a52f: shutdown LeaderState
2019-10-23 17:08:55,523 [pool-59-thread-1] INFO  server.RaftServerConfigKeys (ConfUtils.java:logGet(43)) - raft.server.rpc.timeout.max = 5200ms (custom)
2019-10-23 17:08:55,526 [org.apache.ratis.server.impl.LogAppender$AppenderDaemon$$Lambda$714/1546029069@db5c80e] WARN  server.GrpcLogAppender (GrpcLogAppender.java:mayWait(149)) - a645e8ec-3812-4481-93f3-68221dd5a52f@group-7447E9EF7D39->8a447bde-5925-4537-9923-914d6124acc8-GrpcLogAppender: Wait interrupted by java.lang.InterruptedException
2019-10-23 17:08:55,525 [grpc-default-executor-7] INFO  impl.PendingRequests (PendingRequests.java:sendNotLeaderResponses(206)) - a645e8ec-3812-4481-93f3-68221dd5a52f@group-7447E9EF7D39-PendingRequests: sendNotLeaderResponses
2019-10-23 17:08:55,525 [org.apache.ratis.server.impl.LogAppender$AppenderDaemon$$Lambda$714/1546029069@48b747dc] WARN  server.GrpcLogAppender (GrpcLogAppender.java:mayWait(149)) - a645e8ec-3812-4481-93f3-68221dd5a52f@group-7447E9EF7D39->53b51124-92ed-42d6-a80e-016fa59d7f2b-GrpcLogAppender: Wait interrupted by java.lang.InterruptedException
2019-10-23 17:08:55,526 [pool-59-thread-1] INFO  server.RaftServerConfigKeys (ConfUtils.java:logGet(43)) - raft.server.rpcslowness.timeout = 1000s (custom)
2019-10-23 17:08:55,529 [pool-59-thread-1] INFO  server.RaftServerConfigKeys (ConfUtils.java:logGet(43)) - raft.server.sleep.deviation.threshold = 300 (default)
2019-10-23 17:08:55,529 [pool-59-thread-1] INFO  server.RaftServerConfigKeys (ConfUtils.java:logGet(43)) - raft.server.log.appender.install.snapshot.enabled = false (custom)
2019-10-23 17:08:55,530 [grpc-default-executor-1] INFO  server.GrpcServerProtocolService (GrpcServerProtocolService.java:onCompleted(113)) - 8a447bde-5925-4537-9923-914d6124acc8: Completed APPEND_ENTRIES, lastRequest: a645e8ec-3812-4481-93f3-68221dd5a52f->8a447bde-5925-4537-9923-914d6124acc8#54-t4, previous=(t:4, i:10), leaderCommit=10, initializing? false, entries: <empty>
2019-10-23 17:08:55,530 [Thread-616] INFO  client.GrpcClientProtocolService (GrpcClientProtocolService.java:lambda$processClientRequest$0(279)) - Failed RaftClientRequest:client-18D260901AB6->a645e8ec-3812-4481-93f3-68221dd5a52f@group-7447E9EF7D39, cid=4, seq=0, Watch-ALL_COMMITTED(6), Message:<EMPTY>, reply=RaftClientReply:client-18D260901AB6->a645e8ec-3812-4481-93f3-68221dd5a52f@group-7447E9EF7D39, cid=4, FAILED org.apache.ratis.protocol.NotLeaderException: Server a645e8ec-3812-4481-93f3-68221dd5a52f@group-7447E9EF7D39 is not the leader, logIndex=0, commits[a645e8ec-3812-4481-93f3-68221dd5a52f:c10, 8a447bde-5925-4537-9923-914d6124acc8:c10, 53b51124-92ed-42d6-a80e-016fa59d7f2b:c4]
2019-10-23 17:08:55,530 [pool-59-thread-1] INFO  impl.RaftServerImpl (ServerState.java:<init>(103)) - 53b51124-92ed-42d6-a80e-016fa59d7f2b@group-2E2F5BAD8D20: ConfigurationManager, init=-1: [8a447bde-5925-4537-9923-914d6124acc8:192.168.157.242:44942, 53b51124-92ed-42d6-a80e-016fa59d7f2b:192.168.157.242:38291, a645e8ec-3812-4481-93f3-68221dd5a52f:192.168.157.242:42875], old=null, confs=<EMPTY_MAP>
2019-10-23 17:08:55,531 [grpc-default-executor-7] INFO  impl.RoleInfo (RoleInfo.java:updateAndGet(143)) - a645e8ec-3812-4481-93f3-68221dd5a52f: start FollowerState
2019-10-23 17:08:55,532 [pool-59-thread-1] INFO  server.RaftServerConfigKeys (ConfUtils.java:logGet(43)) - raft.server.storage.dir = [/workdir/hadoop-ozone/integration-test/target/test-dir/MiniOzoneClusterImpl-0a691748-4d5e-4935-afbc-7b96fd7c8770/datanode-2/data/ratis] (custom)
2019-10-23 17:08:55,536 [pool-59-thread-1] INFO  server.RaftServerConfigKeys (ConfUtils.java:logGet(43)) - raft.server.log.corruption.policy = EXCEPTION (default)
2019-10-23 17:08:55,536 [grpc-default-executor-8] INFO  server.GrpcLogAppender (GrpcLogAppender.java:onCompleted(308)) - a645e8ec-3812-4481-93f3-68221dd5a52f@group-7447E9EF7D39->8a447bde-5925-4537-9923-914d6124acc8-AppendLogResponseHandler: follower responses appendEntries COMPLETED
2019-10-23 17:08:55,536 [pool-59-thread-1] INFO  storage.RaftStorageDirectory (RaftStorageDirectory.java:analyzeStorage(246)) - The storage directory /workdir/hadoop-ozone/integration-test/target/test-dir/MiniOzoneClusterImpl-0a691748-4d5e-4935-afbc-7b96fd7c8770/datanode-2/data/ratis/03c0ac7e-e601-494b-841c-2e2f5bad8d20 does not exist. Creating ...
2019-10-23 17:08:55,539 [grpc-default-executor-8] INFO  impl.FollowerInfo (FollowerInfo.java:lambda$new$0(51)) - a645e8ec-3812-4481-93f3-68221dd5a52f@group-7447E9EF7D39->8a447bde-5925-4537-9923-914d6124acc8: nextIndex: updateUnconditionally 11 -> 10
2019-10-23 17:08:55,550 [pool-59-thread-1] INFO  storage.RaftStorageDirectory (RaftStorageDirectory.java:tryLock(328)) - Lock on /workdir/hadoop-ozone/integration-test/target/test-dir/MiniOzoneClusterImpl-0a691748-4d5e-4935-afbc-7b96fd7c8770/datanode-2/data/ratis/03c0ac7e-e601-494b-841c-2e2f5bad8d20/in_use.lock acquired by nodename 2696@pr-hdds-2034-ckmbc-1095224204
2019-10-23 17:08:55,553 [53b51124-92ed-42d6-a80e-016fa59d7f2b@group-7447E9EF7D39-LeaderElection10] INFO  impl.LeaderElection (LeaderElection.java:logAndReturn(56)) - 53b51124-92ed-42d6-a80e-016fa59d7f2b@group-7447E9EF7D39-LeaderElection10: Election REJECTED; received 2 response(s) [53b51124-92ed-42d6-a80e-016fa59d7f2b<-8a447bde-5925-4537-9923-914d6124acc8#0:FAIL-t5, 53b51124-92ed-42d6-a80e-016fa59d7f2b<-a645e8ec-3812-4481-93f3-68221dd5a52f#0:FAIL-t5] and 0 exception(s); 53b51124-92ed-42d6-a80e-016fa59d7f2b@group-7447E9EF7D39:t5, leader=null, voted=53b51124-92ed-42d6-a80e-016fa59d7f2b, raftlog=53b51124-92ed-42d6-a80e-016fa59d7f2b@group-7447E9EF7D39-SegmentedRaftLog:OPENED:c3,f4,i4, conf=0: [8a447bde-5925-4537-9923-914d6124acc8:192.168.157.242:44942, 53b51124-92ed-42d6-a80e-016fa59d7f2b:192.168.157.242:38291, a645e8ec-3812-4481-93f3-68221dd5a52f:192.168.157.242:42875], old=null
2019-10-23 17:08:55,554 [53b51124-92ed-42d6-a80e-016fa59d7f2b@group-7447E9EF7D39-LeaderElection10] INFO  impl.RaftServerImpl (RaftServerImpl.java:setRole(173)) - 53b51124-92ed-42d6-a80e-016fa59d7f2b@group-7447E9EF7D39: changes role from CANDIDATE to FOLLOWER at term 5 for DISCOVERED_A_NEW_TERM
2019-10-23 17:08:55,554 [53b51124-92ed-42d6-a80e-016fa59d7f2b@group-7447E9EF7D39-LeaderElection10] INFO  impl.RoleInfo (RoleInfo.java:shutdownLeaderElection(134)) - 53b51124-92ed-42d6-a80e-016fa59d7f2b: shutdown LeaderElection
2019-10-23 17:08:55,554 [53b51124-92ed-42d6-a80e-016fa59d7f2b@group-7447E9EF7D39-LeaderElection10] INFO  impl.RoleInfo (RoleInfo.java:updateAndGet(143)) - 53b51124-92ed-42d6-a80e-016fa59d7f2b: start FollowerState
2019-10-23 17:08:55,571 [pool-59-thread-1] INFO  storage.RaftStorage (RaftStorage.java:format(84)) - Storage directory /workdir/hadoop-ozone/integration-test/target/test-dir/MiniOzoneClusterImpl-0a691748-4d5e-4935-afbc-7b96fd7c8770/datanode-2/data/ratis/03c0ac7e-e601-494b-841c-2e2f5bad8d20 has been successfully formatted.
2019-10-23 17:08:55,572 [pool-59-thread-1] INFO  ratis.ContainerStateMachine (ContainerStateMachine.java:loadSnapshot(231)) - group-2E2F5BAD8D20: The snapshot info is null. Setting the last applied indexto:(t:0, i:~)
2019-10-23 17:08:55,572 [pool-59-thread-1] INFO  server.RaftServerConfigKeys (ConfUtils.java:logGet(43)) - raft.server.notification.no-leader.timeout = 1000s (custom)
2019-10-23 17:08:55,572 [pool-59-thread-1] INFO  server.RaftServerConfigKeys (ConfUtils.java:logGet(43)) - raft.server.log.use.memory = false (default)
2019-10-23 17:08:55,572 [pool-59-thread-1] INFO  server.RaftServerConfigKeys (ConfUtils.java:logGet(43)) - raft.server.log.purge.gap = 1000000 (custom)
2019-10-23 17:08:55,572 [pool-59-thread-1] INFO  server.RaftServerConfigKeys (ConfUtils.java:logGet(43)) - raft.server.log.appender.buffer.byte-limit = 33554432 (custom)
2019-10-23 17:08:55,572 [pool-59-thread-1] INFO  server.RaftServerConfigKeys (ConfUtils.java:logGet(43)) - raft.server.log.segment.size.max = 1048576 (custom)
2019-10-23 17:08:55,573 [pool-59-thread-1] INFO  server.RaftServerConfigKeys (ConfUtils.java:logGet(43)) - raft.server.log.segment.cache.num.max = 2 (custom)
2019-10-23 17:08:55,573 [pool-59-thread-1] INFO  segmented.SegmentedRaftLogWorker (SegmentedRaftLogWorker.java:<init>(173)) - new 53b51124-92ed-42d6-a80e-016fa59d7f2b@group-2E2F5BAD8D20-SegmentedRaftLogWorker for RaftStorage:Storage Directory /workdir/hadoop-ozone/integration-test/target/test-dir/MiniOzoneClusterImpl-0a691748-4d5e-4935-afbc-7b96fd7c8770/datanode-2/data/ratis/03c0ac7e-e601-494b-841c-2e2f5bad8d20
2019-10-23 17:08:55,573 [pool-59-thread-1] INFO  server.RaftServerConfigKeys (ConfUtils.java:logGet(43)) - raft.server.log.queue.byte-limit = 2147483647 (custom)
2019-10-23 17:08:55,573 [pool-59-thread-1] INFO  server.RaftServerConfigKeys (ConfUtils.java:logGet(43)) - raft.server.log.queue.element-limit = 1024 (custom)
2019-10-23 17:08:55,573 [pool-59-thread-1] INFO  server.RaftServerConfigKeys (ConfUtils.java:logGet(43)) - raft.server.log.segment.size.max = 1048576 (custom)
2019-10-23 17:08:55,573 [pool-59-thread-1] INFO  server.RaftServerConfigKeys (ConfUtils.java:logGet(43)) - raft.server.log.preallocated.size = 16384 (custom)
2019-10-23 17:08:55,573 [pool-59-thread-1] INFO  server.RaftServerConfigKeys (ConfUtils.java:logGet(43)) - raft.server.log.write.buffer.size = 33554432 (custom)
2019-10-23 17:08:55,573 [pool-59-thread-1] INFO  server.RaftServerConfigKeys (ConfUtils.java:logGet(43)) - raft.server.log.force.sync.num = 128 (default)
2019-10-23 17:08:55,573 [pool-59-thread-1] INFO  server.RaftServerConfigKeys (ConfUtils.java:logGet(43)) - raft.server.log.statemachine.data.sync = true (default)
2019-10-23 17:08:55,573 [pool-59-thread-1] INFO  server.RaftServerConfigKeys (ConfUtils.java:logGet(43)) - raft.server.log.statemachine.data.sync.timeout = 10s (default)
2019-10-23 17:08:55,574 [pool-59-thread-1] INFO  server.RaftServerConfigKeys (ConfUtils.java:logGet(43)) - raft.server.log.statemachine.data.sync.timeout.retry = -1 (default)
2019-10-23 17:08:55,574 [pool-59-thread-1] INFO  server.RaftServerConfigKeys (ConfUtils.java:logGet(43)) - raft.server.log.statemachine.data.caching.enabled = true (custom)
2019-10-23 17:08:55,574 [pool-59-thread-1] INFO  segmented.SegmentedRaftLogWorker (SegmentedRaftLogWorker.java:lambda$new$0(128)) - 53b51124-92ed-42d6-a80e-016fa59d7f2b@group-2E2F5BAD8D20-SegmentedRaftLogWorker: flushIndex: setUnconditionally 0 -> -1
2019-10-23 17:08:55,574 [pool-59-thread-1] INFO  server.RaftServerConfigKeys (ConfUtils.java:logGet(43)) - raft.server.snapshot.auto.trigger.enabled = true (custom)
2019-10-23 17:08:55,574 [pool-59-thread-1] INFO  server.RaftServerConfigKeys (ConfUtils.java:logGet(43)) - raft.server.snapshot.auto.trigger.threshold = 10000 (custom)
2019-10-23 17:08:55,574 [pool-59-thread-1] INFO  server.RaftServerConfigKeys (ConfUtils.java:logGet(43)) - raft.server.snapshot.retention.file.num = 5 (custom)
2019-10-23 17:08:55,575 [pool-59-thread-1] INFO  server.RaftServerConfigKeys (ConfUtils.java:logGet(43)) - raft.server.retrycache.expirytime = 600000ms (custom)
2019-10-23 17:08:55,575 [pool-59-thread-1] WARN  impl.MetricRegistriesImpl (MetricRegistriesImpl.java:lambda$create$1(61)) - First MetricRegistry has been created without registering reporters. You may need to call MetricRegistries.global().addReportRegistration(...) before.
2019-10-23 17:08:55,575 [pool-59-thread-1] WARN  impl.MetricRegistriesImpl (MetricRegistriesImpl.java:lambda$create$1(61)) - First MetricRegistry has been created without registering reporters. You may need to call MetricRegistries.global().addReportRegistration(...) before.
2019-10-23 17:08:55,575 [pool-59-thread-1] INFO  impl.RaftServerImpl (RaftServerImpl.java:start(184)) - 53b51124-92ed-42d6-a80e-016fa59d7f2b@group-2E2F5BAD8D20: start as a follower, conf=-1: [8a447bde-5925-4537-9923-914d6124acc8:192.168.157.242:44942, 53b51124-92ed-42d6-a80e-016fa59d7f2b:192.168.157.242:38291, a645e8ec-3812-4481-93f3-68221dd5a52f:192.168.157.242:42875], old=null
2019-10-23 17:08:55,575 [pool-59-thread-1] INFO  impl.RaftServerImpl (RaftServerImpl.java:setRole(173)) - 53b51124-92ed-42d6-a80e-016fa59d7f2b@group-2E2F5BAD8D20: changes role from      null to FOLLOWER at term 0 for startAsFollower
2019-10-23 17:08:55,575 [pool-59-thread-1] INFO  impl.RoleInfo (RoleInfo.java:updateAndGet(143)) - 53b51124-92ed-42d6-a80e-016fa59d7f2b: start FollowerState
2019-10-23 17:08:55,576 [pool-59-thread-1] INFO  util.JmxRegister (JmxRegister.java:tryRegister(44)) - Successfully registered JMX Bean with object name Ratis:service=RaftServer,group=group-2E2F5BAD8D20,id=53b51124-92ed-42d6-a80e-016fa59d7f2b
2019-10-23 17:08:55,576 [pool-59-thread-1] WARN  impl.MetricRegistriesImpl (MetricRegistriesImpl.java:lambda$create$1(61)) - First MetricRegistry has been created without registering reporters. You may need to call MetricRegistries.global().addReportRegistration(...) before.
2019-10-23 17:08:55,576 [Command processor thread] INFO  commandhandler.CreatePipelineCommandHandler (CreatePipelineCommandHandler.java:handle(86)) - Create Pipeline RATIS THREE #id: "03c0ac7e-e601-494b-841c-2e2f5bad8d20"
 command succeed on datanode 53b51124-92ed-42d6-a80e-016fa59d7f2b.
2019-10-23 17:08:55,577 [Command processor thread] INFO  commandhandler.DeleteBlocksCommandHandler (DeleteBlocksCommandHandler.java:handle(106)) - Start to delete container blocks, TXIDs=[1(16)], numOfContainers=1, numOfBlocks=1
2019-10-23 17:08:55,577 [Command processor thread] INFO  commandhandler.DeleteBlocksCommandHandler (DeleteBlocksCommandHandler.java:handle(106)) - Start to delete container blocks, TXIDs=[1(22)], numOfContainers=1, numOfBlocks=1
2019-10-23 17:08:55,577 [EventQueue-PipelineReportForPipelineReportHandler] INFO  pipeline.PipelineReportHandler (PipelineReportHandler.java:processPipelineReport(104)) - Pipeline THREE PipelineID=03c0ac7e-e601-494b-841c-2e2f5bad8d20 reported by 53b51124-92ed-42d6-a80e-016fa59d7f2b{ip: 192.168.157.242, host: pr-hdds-2034-ckmbc-1095224204, networkLocation: /default-rack, certSerialId: null}
2019-10-23 17:08:55,577 [Command processor thread] INFO  commandhandler.DeleteBlocksCommandHandler (DeleteBlocksCommandHandler.java:handle(106)) - Start to delete container blocks, TXIDs=[1(50)], numOfContainers=1, numOfBlocks=1
2019-10-23 17:08:55,578 [Command processor thread] INFO  commandhandler.DeleteBlocksCommandHandler (DeleteBlocksCommandHandler.java:handle(106)) - Start to delete container blocks, TXIDs=[1(4)], numOfContainers=1, numOfBlocks=1
2019-10-23 17:08:55,578 [Command processor thread] INFO  commandhandler.DeleteBlocksCommandHandler (DeleteBlocksCommandHandler.java:handle(106)) - Start to delete container blocks, TXIDs=[1(2)], numOfContainers=1, numOfBlocks=1
2019-10-23 17:08:55,578 [Command processor thread] INFO  commandhandler.DeleteBlocksCommandHandler (DeleteBlocksCommandHandler.java:handle(106)) - Start to delete container blocks, TXIDs=[1(7)], numOfContainers=1, numOfBlocks=1
2019-10-23 17:08:55,578 [Command processor thread] INFO  commandhandler.DeleteBlocksCommandHandler (DeleteBlocksCommandHandler.java:handle(106)) - Start to delete container blocks, TXIDs=[1(0)], numOfContainers=1, numOfBlocks=1
2019-10-23 17:08:55,579 [Command processor thread] INFO  commandhandler.DeleteBlocksCommandHandler (DeleteBlocksCommandHandler.java:handle(106)) - Start to delete container blocks, TXIDs=[1(11)], numOfContainers=1, numOfBlocks=1
2019-10-23 17:08:55,590 [Thread-585] INFO  impl.FollowerState (FollowerState.java:run(111)) - 53b51124-92ed-42d6-a80e-016fa59d7f2b@group-CA89BA60A746-FollowerState: change to CANDIDATE, lastRpcTime:5140ms, electionTimeout:5140ms
2019-10-23 17:08:55,590 [Thread-585] INFO  impl.RoleInfo (RoleInfo.java:shutdownFollowerState(121)) - 53b51124-92ed-42d6-a80e-016fa59d7f2b: shutdown FollowerState
2019-10-23 17:08:55,590 [Thread-585] INFO  impl.RaftServerImpl (RaftServerImpl.java:setRole(173)) - 53b51124-92ed-42d6-a80e-016fa59d7f2b@group-CA89BA60A746: changes role from  FOLLOWER to CANDIDATE at term 1 for changeToCandidate
2019-10-23 17:08:55,590 [Thread-585] INFO  impl.RoleInfo (RoleInfo.java:updateAndGet(143)) - 53b51124-92ed-42d6-a80e-016fa59d7f2b: start LeaderElection
2019-10-23 17:08:55,595 [Command processor thread] INFO  impl.RaftServerProxy (RaftServerProxy.java:addNew(89)) - a645e8ec-3812-4481-93f3-68221dd5a52f: addNew group-2E2F5BAD8D20:[8a447bde-5925-4537-9923-914d6124acc8:192.168.157.242:44942, 53b51124-92ed-42d6-a80e-016fa59d7f2b:192.168.157.242:38291, a645e8ec-3812-4481-93f3-68221dd5a52f:192.168.157.242:42875] returns group-2E2F5BAD8D20:java.util.concurrent.CompletableFuture@4af9f44b[Not completed]
2019-10-23 17:08:55,597 [pool-27-thread-1] INFO  impl.RaftServerImpl (RaftServerImpl.java:<init>(98)) - a645e8ec-3812-4481-93f3-68221dd5a52f: new RaftServerImpl for group-2E2F5BAD8D20:[8a447bde-5925-4537-9923-914d6124acc8:192.168.157.242:44942, 53b51124-92ed-42d6-a80e-016fa59d7f2b:192.168.157.242:38291, a645e8ec-3812-4481-93f3-68221dd5a52f:192.168.157.242:42875] with ContainerStateMachine:uninitialized
2019-10-23 17:08:55,598 [pool-27-thread-1] INFO  server.RaftServerConfigKeys (ConfUtils.java:logGet(43)) - raft.server.rpc.timeout.min = 5s (custom)
2019-10-23 17:08:55,598 [pool-27-thread-1] INFO  server.RaftServerConfigKeys (ConfUtils.java:logGet(43)) - raft.server.rpc.timeout.max = 5200ms (custom)
2019-10-23 17:08:55,598 [pool-27-thread-1] INFO  server.RaftServerConfigKeys (ConfUtils.java:logGet(43)) - raft.server.rpcslowness.timeout = 1000s (custom)
2019-10-23 17:08:55,598 [pool-27-thread-1] INFO  server.RaftServerConfigKeys (ConfUtils.java:logGet(43)) - raft.server.sleep.deviation.threshold = 300 (default)
2019-10-23 17:08:55,598 [pool-27-thread-1] INFO  server.RaftServerConfigKeys (ConfUtils.java:logGet(43)) - raft.server.log.appender.install.snapshot.enabled = false (custom)
2019-10-23 17:08:55,598 [pool-27-thread-1] INFO  impl.RaftServerImpl (ServerState.java:<init>(103)) - a645e8ec-3812-4481-93f3-68221dd5a52f@group-2E2F5BAD8D20: ConfigurationManager, init=-1: [8a447bde-5925-4537-9923-914d6124acc8:192.168.157.242:44942, 53b51124-92ed-42d6-a80e-016fa59d7f2b:192.168.157.242:38291, a645e8ec-3812-4481-93f3-68221dd5a52f:192.168.157.242:42875], old=null, confs=<EMPTY_MAP>
2019-10-23 17:08:55,598 [pool-27-thread-1] INFO  server.RaftServerConfigKeys (ConfUtils.java:logGet(43)) - raft.server.storage.dir = [/workdir/hadoop-ozone/integration-test/target/test-dir/MiniOzoneClusterImpl-0a691748-4d5e-4935-afbc-7b96fd7c8770/datanode-0/data/ratis] (custom)
2019-10-23 17:08:55,599 [pool-27-thread-1] INFO  server.RaftServerConfigKeys (ConfUtils.java:logGet(43)) - raft.server.log.corruption.policy = EXCEPTION (default)
2019-10-23 17:08:55,599 [pool-27-thread-1] INFO  storage.RaftStorageDirectory (RaftStorageDirectory.java:analyzeStorage(246)) - The storage directory /workdir/hadoop-ozone/integration-test/target/test-dir/MiniOzoneClusterImpl-0a691748-4d5e-4935-afbc-7b96fd7c8770/datanode-0/data/ratis/03c0ac7e-e601-494b-841c-2e2f5bad8d20 does not exist. Creating ...
2019-10-23 17:08:55,614 [pool-27-thread-1] INFO  storage.RaftStorageDirectory (RaftStorageDirectory.java:tryLock(328)) - Lock on /workdir/hadoop-ozone/integration-test/target/test-dir/MiniOzoneClusterImpl-0a691748-4d5e-4935-afbc-7b96fd7c8770/datanode-0/data/ratis/03c0ac7e-e601-494b-841c-2e2f5bad8d20/in_use.lock acquired by nodename 2696@pr-hdds-2034-ckmbc-1095224204
2019-10-23 17:08:55,614 [53b51124-92ed-42d6-a80e-016fa59d7f2b@group-CA89BA60A746-LeaderElection11] INFO  impl.LeaderElection (LeaderElection.java:askForVotes(178)) - 53b51124-92ed-42d6-a80e-016fa59d7f2b@group-CA89BA60A746-LeaderElection11: begin an election at term 2 for 0: [53b51124-92ed-42d6-a80e-016fa59d7f2b:192.168.157.242:38291], old=null
2019-10-23 17:08:55,615 [53b51124-92ed-42d6-a80e-016fa59d7f2b@group-CA89BA60A746-LeaderElection11] INFO  impl.RoleInfo (RoleInfo.java:shutdownLeaderElection(134)) - 53b51124-92ed-42d6-a80e-016fa59d7f2b: shutdown LeaderElection
2019-10-23 17:08:55,615 [53b51124-92ed-42d6-a80e-016fa59d7f2b@group-CA89BA60A746-LeaderElection11] INFO  impl.RaftServerImpl (RaftServerImpl.java:setRole(173)) - 53b51124-92ed-42d6-a80e-016fa59d7f2b@group-CA89BA60A746: changes role from CANDIDATE to LEADER at term 2 for changeToLeader
2019-10-23 17:08:55,615 [53b51124-92ed-42d6-a80e-016fa59d7f2b@group-CA89BA60A746-LeaderElection11] INFO  impl.RaftServerImpl (ServerState.java:setLeader(255)) - 53b51124-92ed-42d6-a80e-016fa59d7f2b@group-CA89BA60A746: change Leader from null to 53b51124-92ed-42d6-a80e-016fa59d7f2b at term 2 for becomeLeader, leader elected after 7143ms
2019-10-23 17:08:55,615 [53b51124-92ed-42d6-a80e-016fa59d7f2b@group-CA89BA60A746-LeaderElection11] INFO  server.RaftServerConfigKeys (ConfUtils.java:logGet(43)) - raft.server.staging.catchup.gap = 1000 (default)
2019-10-23 17:08:55,615 [53b51124-92ed-42d6-a80e-016fa59d7f2b@group-CA89BA60A746-LeaderElection11] INFO  server.RaftServerConfigKeys (ConfUtils.java:logGet(43)) - raft.server.rpc.sleep.time = 25ms (default)
2019-10-23 17:08:55,616 [53b51124-92ed-42d6-a80e-016fa59d7f2b@group-CA89BA60A746-LeaderElection11] INFO  server.RaftServerConfigKeys (ConfUtils.java:logGet(43)) - raft.server.write.element-limit = 4096 (default)
2019-10-23 17:08:55,616 [53b51124-92ed-42d6-a80e-016fa59d7f2b@group-CA89BA60A746-LeaderElection11] INFO  server.RaftServerConfigKeys (ConfUtils.java:logGet(43)) - raft.server.watch.timeout = 10s (default)
2019-10-23 17:08:55,616 [53b51124-92ed-42d6-a80e-016fa59d7f2b@group-CA89BA60A746-LeaderElection11] INFO  server.RaftServerConfigKeys (ConfUtils.java:logGet(43)) - raft.server.watch.timeout.denomination = 1s (default)
2019-10-23 17:08:55,616 [53b51124-92ed-42d6-a80e-016fa59d7f2b@group-CA89BA60A746-LeaderElection11] INFO  server.RaftServerConfigKeys (ConfUtils.java:logGet(43)) - raft.server.watch.element-limit = 65536 (default)
2019-10-23 17:08:55,616 [53b51124-92ed-42d6-a80e-016fa59d7f2b@group-CA89BA60A746-LeaderElection11] INFO  impl.RoleInfo (RoleInfo.java:updateAndGet(143)) - 53b51124-92ed-42d6-a80e-016fa59d7f2b: start LeaderState
2019-10-23 17:08:55,617 [53b51124-92ed-42d6-a80e-016fa59d7f2b@group-CA89BA60A746-LeaderElection11] INFO  segmented.SegmentedRaftLogWorker (SegmentedRaftLogWorker.java:rollLogSegment(390)) - 53b51124-92ed-42d6-a80e-016fa59d7f2b@group-CA89BA60A746-SegmentedRaftLogWorker: Rolling segment log-0_0 to index:0
2019-10-23 17:08:55,620 [53b51124-92ed-42d6-a80e-016fa59d7f2b@group-CA89BA60A746-LeaderElection11] INFO  impl.RaftServerImpl (ServerState.java:setRaftConf(356)) - 53b51124-92ed-42d6-a80e-016fa59d7f2b@group-CA89BA60A746: set configuration 1: [53b51124-92ed-42d6-a80e-016fa59d7f2b:192.168.157.242:38291], old=null at 1
2019-10-23 17:08:55,621 [53b51124-92ed-42d6-a80e-016fa59d7f2b@group-CA89BA60A746-SegmentedRaftLogWorker] INFO  segmented.SegmentedRaftLogWorker (SegmentedRaftLogWorker.java:execute(533)) - 53b51124-92ed-42d6-a80e-016fa59d7f2b@group-CA89BA60A746-SegmentedRaftLogWorker: Rolled log segment from /workdir/hadoop-ozone/integration-test/target/test-dir/MiniOzoneClusterImpl-0a691748-4d5e-4935-afbc-7b96fd7c8770/datanode-2/data/ratis/5baf0f36-61d6-46e6-a14d-ca89ba60a746/current/log_inprogress_0 to /workdir/hadoop-ozone/integration-test/target/test-dir/MiniOzoneClusterImpl-0a691748-4d5e-4935-afbc-7b96fd7c8770/datanode-2/data/ratis/5baf0f36-61d6-46e6-a14d-ca89ba60a746/current/log_0-0
2019-10-23 17:08:55,626 [pool-27-thread-1] INFO  storage.RaftStorage (RaftStorage.java:format(84)) - Storage directory /workdir/hadoop-ozone/integration-test/target/test-dir/MiniOzoneClusterImpl-0a691748-4d5e-4935-afbc-7b96fd7c8770/datanode-0/data/ratis/03c0ac7e-e601-494b-841c-2e2f5bad8d20 has been successfully formatted.
2019-10-23 17:08:55,626 [pool-27-thread-1] INFO  ratis.ContainerStateMachine (ContainerStateMachine.java:loadSnapshot(231)) - group-2E2F5BAD8D20: The snapshot info is null. Setting the last applied indexto:(t:0, i:~)
2019-10-23 17:08:55,626 [pool-27-thread-1] INFO  server.RaftServerConfigKeys (ConfUtils.java:logGet(43)) - raft.server.notification.no-leader.timeout = 1000s (custom)
2019-10-23 17:08:55,627 [pool-27-thread-1] INFO  server.RaftServerConfigKeys (ConfUtils.java:logGet(43)) - raft.server.log.use.memory = false (default)
2019-10-23 17:08:55,627 [pool-27-thread-1] INFO  server.RaftServerConfigKeys (ConfUtils.java:logGet(43)) - raft.server.log.purge.gap = 1000000 (custom)
2019-10-23 17:08:55,627 [pool-27-thread-1] INFO  server.RaftServerConfigKeys (ConfUtils.java:logGet(43)) - raft.server.log.appender.buffer.byte-limit = 33554432 (custom)
2019-10-23 17:08:55,627 [pool-27-thread-1] INFO  server.RaftServerConfigKeys (ConfUtils.java:logGet(43)) - raft.server.log.segment.size.max = 1048576 (custom)
2019-10-23 17:08:55,627 [pool-27-thread-1] INFO  server.RaftServerConfigKeys (ConfUtils.java:logGet(43)) - raft.server.log.segment.cache.num.max = 2 (custom)
2019-10-23 17:08:55,627 [pool-27-thread-1] INFO  segmented.SegmentedRaftLogWorker (SegmentedRaftLogWorker.java:<init>(173)) - new a645e8ec-3812-4481-93f3-68221dd5a52f@group-2E2F5BAD8D20-SegmentedRaftLogWorker for RaftStorage:Storage Directory /workdir/hadoop-ozone/integration-test/target/test-dir/MiniOzoneClusterImpl-0a691748-4d5e-4935-afbc-7b96fd7c8770/datanode-0/data/ratis/03c0ac7e-e601-494b-841c-2e2f5bad8d20
2019-10-23 17:08:55,627 [pool-27-thread-1] INFO  server.RaftServerConfigKeys (ConfUtils.java:logGet(43)) - raft.server.log.queue.byte-limit = 2147483647 (custom)
2019-10-23 17:08:55,628 [pool-27-thread-1] INFO  server.RaftServerConfigKeys (ConfUtils.java:logGet(43)) - raft.server.log.queue.element-limit = 1024 (custom)
2019-10-23 17:08:55,628 [pool-27-thread-1] INFO  server.RaftServerConfigKeys (ConfUtils.java:logGet(43)) - raft.server.log.segment.size.max = 1048576 (custom)
2019-10-23 17:08:55,628 [pool-27-thread-1] INFO  server.RaftServerConfigKeys (ConfUtils.java:logGet(43)) - raft.server.log.preallocated.size = 16384 (custom)
2019-10-23 17:08:55,628 [pool-27-thread-1] INFO  server.RaftServerConfigKeys (ConfUtils.java:logGet(43)) - raft.server.log.write.buffer.size = 33554432 (custom)
2019-10-23 17:08:55,628 [pool-27-thread-1] INFO  server.RaftServerConfigKeys (ConfUtils.java:logGet(43)) - raft.server.log.force.sync.num = 128 (default)
2019-10-23 17:08:55,628 [pool-27-thread-1] INFO  server.RaftServerConfigKeys (ConfUtils.java:logGet(43)) - raft.server.log.statemachine.data.sync = true (default)
2019-10-23 17:08:55,628 [pool-27-thread-1] INFO  server.RaftServerConfigKeys (ConfUtils.java:logGet(43)) - raft.server.log.statemachine.data.sync.timeout = 10s (default)
2019-10-23 17:08:55,628 [pool-27-thread-1] INFO  server.RaftServerConfigKeys (ConfUtils.java:logGet(43)) - raft.server.log.statemachine.data.sync.timeout.retry = -1 (default)
2019-10-23 17:08:55,629 [pool-27-thread-1] INFO  server.RaftServerConfigKeys (ConfUtils.java:logGet(43)) - raft.server.log.statemachine.data.caching.enabled = true (custom)
2019-10-23 17:08:55,629 [pool-27-thread-1] INFO  segmented.SegmentedRaftLogWorker (SegmentedRaftLogWorker.java:lambda$new$0(128)) - a645e8ec-3812-4481-93f3-68221dd5a52f@group-2E2F5BAD8D20-SegmentedRaftLogWorker: flushIndex: setUnconditionally 0 -> -1
2019-10-23 17:08:55,629 [pool-27-thread-1] INFO  server.RaftServerConfigKeys (ConfUtils.java:logGet(43)) - raft.server.snapshot.auto.trigger.enabled = true (custom)
2019-10-23 17:08:55,629 [pool-27-thread-1] INFO  server.RaftServerConfigKeys (ConfUtils.java:logGet(43)) - raft.server.snapshot.auto.trigger.threshold = 10000 (custom)
2019-10-23 17:08:55,629 [pool-27-thread-1] INFO  server.RaftServerConfigKeys (ConfUtils.java:logGet(43)) - raft.server.snapshot.retention.file.num = 5 (custom)
2019-10-23 17:08:55,630 [pool-27-thread-1] INFO  server.RaftServerConfigKeys (ConfUtils.java:logGet(43)) - raft.server.retrycache.expirytime = 600000ms (custom)
2019-10-23 17:08:55,630 [pool-27-thread-1] WARN  impl.MetricRegistriesImpl (MetricRegistriesImpl.java:lambda$create$1(61)) - First MetricRegistry has been created without registering reporters. You may need to call MetricRegistries.global().addReportRegistration(...) before.
2019-10-23 17:08:55,630 [pool-27-thread-1] WARN  impl.MetricRegistriesImpl (MetricRegistriesImpl.java:lambda$create$1(61)) - First MetricRegistry has been created without registering reporters. You may need to call MetricRegistries.global().addReportRegistration(...) before.
2019-10-23 17:08:55,630 [pool-27-thread-1] INFO  impl.RaftServerImpl (RaftServerImpl.java:start(184)) - a645e8ec-3812-4481-93f3-68221dd5a52f@group-2E2F5BAD8D20: start as a follower, conf=-1: [8a447bde-5925-4537-9923-914d6124acc8:192.168.157.242:44942, 53b51124-92ed-42d6-a80e-016fa59d7f2b:192.168.157.242:38291, a645e8ec-3812-4481-93f3-68221dd5a52f:192.168.157.242:42875], old=null
2019-10-23 17:08:55,630 [pool-27-thread-1] INFO  impl.RaftServerImpl (RaftServerImpl.java:setRole(173)) - a645e8ec-3812-4481-93f3-68221dd5a52f@group-2E2F5BAD8D20: changes role from      null to FOLLOWER at term 0 for startAsFollower
2019-10-23 17:08:55,630 [pool-27-thread-1] INFO  impl.RoleInfo (RoleInfo.java:updateAndGet(143)) - a645e8ec-3812-4481-93f3-68221dd5a52f: start FollowerState
2019-10-23 17:08:55,631 [pool-27-thread-1] INFO  util.JmxRegister (JmxRegister.java:tryRegister(44)) - Successfully registered JMX Bean with object name Ratis:service=RaftServer,group=group-2E2F5BAD8D20,id=a645e8ec-3812-4481-93f3-68221dd5a52f
2019-10-23 17:08:55,631 [pool-27-thread-1] WARN  impl.MetricRegistriesImpl (MetricRegistriesImpl.java:lambda$create$1(61)) - First MetricRegistry has been created without registering reporters. You may need to call MetricRegistries.global().addReportRegistration(...) before.
2019-10-23 17:08:55,631 [Command processor thread] INFO  commandhandler.CreatePipelineCommandHandler (CreatePipelineCommandHandler.java:handle(86)) - Create Pipeline RATIS THREE #id: "03c0ac7e-e601-494b-841c-2e2f5bad8d20"
 command succeed on datanode a645e8ec-3812-4481-93f3-68221dd5a52f.
2019-10-23 17:08:55,657 [EventQueue-PipelineReportForPipelineReportHandler] INFO  pipeline.PipelineReportHandler (PipelineReportHandler.java:processPipelineReport(104)) - Pipeline THREE PipelineID=03c0ac7e-e601-494b-841c-2e2f5bad8d20 reported by a645e8ec-3812-4481-93f3-68221dd5a52f{ip: 192.168.157.242, host: pr-hdds-2034-ckmbc-1095224204, networkLocation: /default-rack, certSerialId: null}
2019-10-23 17:08:55,657 [EventQueue-PipelineReportForPipelineReportHandler] INFO  pipeline.PipelineStateManager (PipelineStateManager.java:openPipeline(134)) - Pipeline Pipeline[ Id: 03c0ac7e-e601-494b-841c-2e2f5bad8d20, Nodes: a645e8ec-3812-4481-93f3-68221dd5a52f{ip: 192.168.157.242, host: pr-hdds-2034-ckmbc-1095224204, networkLocation: /default-rack, certSerialId: null}8a447bde-5925-4537-9923-914d6124acc8{ip: 192.168.157.242, host: pr-hdds-2034-ckmbc-1095224204, networkLocation: /default-rack, certSerialId: null}53b51124-92ed-42d6-a80e-016fa59d7f2b{ip: 192.168.157.242, host: pr-hdds-2034-ckmbc-1095224204, networkLocation: /default-rack, certSerialId: null}, Type:RATIS, Factor:THREE, State:ALLOCATED] moved to OPEN state
2019-10-23 17:08:55,666 [53b51124-92ed-42d6-a80e-016fa59d7f2b@group-CA89BA60A746-SegmentedRaftLogWorker] INFO  segmented.SegmentedRaftLogWorker (SegmentedRaftLogWorker.java:execute(576)) - 53b51124-92ed-42d6-a80e-016fa59d7f2b@group-CA89BA60A746-SegmentedRaftLogWorker: created new log segment /workdir/hadoop-ozone/integration-test/target/test-dir/MiniOzoneClusterImpl-0a691748-4d5e-4935-afbc-7b96fd7c8770/datanode-2/data/ratis/5baf0f36-61d6-46e6-a14d-ca89ba60a746/current/log_inprogress_1
2019-10-23 17:08:55,679 [EventQueue-DeleteBlockStatusForDeletedBlockLogImpl] WARN  block.DeletedBlockLogImpl (DeletedBlockLogImpl.java:commitTransactions(205)) - Transaction txId=1 commit by dnId=53b51124-92ed-42d6-a80e-016fa59d7f2b for containerID=#1 failed. Corresponding entry not found.
2019-10-23 17:08:55,681 [EventQueue-DeleteBlockStatusForDeletedBlockLogImpl] WARN  block.DeletedBlockLogImpl (DeletedBlockLogImpl.java:commitTransactions(205)) - Transaction txId=1 commit by dnId=53b51124-92ed-42d6-a80e-016fa59d7f2b for containerID=#1 failed. Corresponding entry not found.
2019-10-23 17:08:55,681 [EventQueue-DeleteBlockStatusForDeletedBlockLogImpl] WARN  block.DeletedBlockLogImpl (DeletedBlockLogImpl.java:commitTransactions(205)) - Transaction txId=1 commit by dnId=53b51124-92ed-42d6-a80e-016fa59d7f2b for containerID=#1 failed. Corresponding entry not found.
2019-10-23 17:08:55,681 [EventQueue-DeleteBlockStatusForDeletedBlockLogImpl] WARN  block.DeletedBlockLogImpl (DeletedBlockLogImpl.java:commitTransactions(205)) - Transaction txId=1 commit by dnId=53b51124-92ed-42d6-a80e-016fa59d7f2b for containerID=#1 failed. Corresponding entry not found.
2019-10-23 17:08:55,681 [EventQueue-DeleteBlockStatusForDeletedBlockLogImpl] WARN  block.DeletedBlockLogImpl (DeletedBlockLogImpl.java:commitTransactions(205)) - Transaction txId=1 commit by dnId=53b51124-92ed-42d6-a80e-016fa59d7f2b for containerID=#1 failed. Corresponding entry not found.
2019-10-23 17:08:55,681 [EventQueue-DeleteBlockStatusForDeletedBlockLogImpl] WARN  block.DeletedBlockLogImpl (DeletedBlockLogImpl.java:commitTransactions(205)) - Transaction txId=1 commit by dnId=53b51124-92ed-42d6-a80e-016fa59d7f2b for containerID=#1 failed. Corresponding entry not found.
2019-10-23 17:08:55,681 [EventQueue-DeleteBlockStatusForDeletedBlockLogImpl] WARN  block.DeletedBlockLogImpl (DeletedBlockLogImpl.java:commitTransactions(205)) - Transaction txId=1 commit by dnId=53b51124-92ed-42d6-a80e-016fa59d7f2b for containerID=#1 failed. Corresponding entry not found.
2019-10-23 17:08:55,720 [java.util.concurrent.ThreadPoolExecutor$Worker@5c5d4f98[State = -1, empty queue]] WARN  server.GrpcLogAppender (GrpcLogAppender.java:timeoutAppendRequest(209)) - a645e8ec-3812-4481-93f3-68221dd5a52f@group-7447E9EF7D39->53b51124-92ed-42d6-a80e-016fa59d7f2b-GrpcLogAppender: appendEntries Timeout, request=a645e8ec-3812-4481-93f3-68221dd5a52f->53b51124-92ed-42d6-a80e-016fa59d7f2b#53-t4, previous=(t:4, i:10), leaderCommit=10, initializing? false, entries: <empty>
2019-10-23 17:08:56,319 [BlockDeletingService#2] WARN  background.BlockDeletingService (BlockDeletingService.java:isDeletionAllowed(187)) - Close Container log Index 6 is not replicated across allthe servers in the pipeline eaf7b8d5-4c44-4730-931b-7447e9ef7d39 as the min replicated index is 4. Deletion is not allowed in this container yet.
2019-10-23 17:08:56,319 [BlockDeletingService#2] WARN  background.BlockDeletingService (BlockDeletingService.java:isDeletionAllowed(187)) - Close Container log Index 6 is not replicated across allthe servers in the pipeline eaf7b8d5-4c44-4730-931b-7447e9ef7d39 as the min replicated index is 4. Deletion is not allowed in this container yet.
2019-10-23 17:08:56,548 [Thread-629] INFO  client.GrpcClientProtocolService (GrpcClientProtocolService.java:lambda$processClientRequest$0(279)) - Failed RaftClientRequest:client-18D260901AB6->8a447bde-5925-4537-9923-914d6124acc8@group-7447E9EF7D39, cid=4, seq=0, Watch-ALL_COMMITTED(6), Message:<EMPTY>, reply=RaftClientReply:client-18D260901AB6->8a447bde-5925-4537-9923-914d6124acc8@group-7447E9EF7D39, cid=4, FAILED org.apache.ratis.protocol.NotLeaderException: Server 8a447bde-5925-4537-9923-914d6124acc8@group-7447E9EF7D39 is not the leader, logIndex=0, commits[8a447bde-5925-4537-9923-914d6124acc8:c10, 53b51124-92ed-42d6-a80e-016fa59d7f2b:c4, a645e8ec-3812-4481-93f3-68221dd5a52f:c10]
2019-10-23 17:08:57,321 [BlockDeletingService#2] WARN  background.BlockDeletingService (BlockDeletingService.java:isDeletionAllowed(187)) - Close Container log Index 6 is not replicated across allthe servers in the pipeline eaf7b8d5-4c44-4730-931b-7447e9ef7d39 as the min replicated index is 4. Deletion is not allowed in this container yet.
2019-10-23 17:08:57,321 [BlockDeletingService#2] WARN  background.BlockDeletingService (BlockDeletingService.java:isDeletionAllowed(187)) - Close Container log Index 6 is not replicated across allthe servers in the pipeline eaf7b8d5-4c44-4730-931b-7447e9ef7d39 as the min replicated index is 4. Deletion is not allowed in this container yet.
2019-10-23 17:08:57,563 [Thread-635] INFO  client.GrpcClientProtocolService (GrpcClientProtocolService.java:lambda$processClientRequest$0(279)) - Failed RaftClientRequest:client-18D260901AB6->a645e8ec-3812-4481-93f3-68221dd5a52f@group-7447E9EF7D39, cid=4, seq=0, Watch-ALL_COMMITTED(6), Message:<EMPTY>, reply=RaftClientReply:client-18D260901AB6->a645e8ec-3812-4481-93f3-68221dd5a52f@group-7447E9EF7D39, cid=4, FAILED org.apache.ratis.protocol.NotLeaderException: Server a645e8ec-3812-4481-93f3-68221dd5a52f@group-7447E9EF7D39 is not the leader, logIndex=0, commits[a645e8ec-3812-4481-93f3-68221dd5a52f:c10, 8a447bde-5925-4537-9923-914d6124acc8:c10, 53b51124-92ed-42d6-a80e-016fa59d7f2b:c4]
2019-10-23 17:08:58,221 [java.util.concurrent.ThreadPoolExecutor$Worker@5c5d4f98[State = -1, empty queue]] WARN  server.GrpcLogAppender (GrpcLogAppender.java:timeoutAppendRequest(209)) - a645e8ec-3812-4481-93f3-68221dd5a52f@group-7447E9EF7D39->53b51124-92ed-42d6-a80e-016fa59d7f2b-GrpcLogAppender: appendEntries Timeout, request=a645e8ec-3812-4481-93f3-68221dd5a52f->53b51124-92ed-42d6-a80e-016fa59d7f2b#54-t4, previous=(t:4, i:10), leaderCommit=10, initializing? false, entries: <empty>
2019-10-23 17:08:58,323 [BlockDeletingService#2] WARN  background.BlockDeletingService (BlockDeletingService.java:isDeletionAllowed(187)) - Close Container log Index 6 is not replicated across allthe servers in the pipeline eaf7b8d5-4c44-4730-931b-7447e9ef7d39 as the min replicated index is 4. Deletion is not allowed in this container yet.
2019-10-23 17:08:58,326 [BlockDeletingService#2] WARN  background.BlockDeletingService (BlockDeletingService.java:isDeletionAllowed(187)) - Close Container log Index 6 is not replicated across allthe servers in the pipeline eaf7b8d5-4c44-4730-931b-7447e9ef7d39 as the min replicated index is 4. Deletion is not allowed in this container yet.
]]></system-out>
    <system-err><![CDATA[ERROR StatusLogger No Log4j 2 configuration file found. Using default configuration (logging only errors to the console), or user programmatically provided configurations. Set system property 'log4j2.debug' to show Log4j 2 internal initialization logging. See https://logging.apache.org/log4j/2.x/manual/configuration.html for instructions on how to configure Log4j 2
Oct 23, 2019 5:07:12 PM org.apache.ratis.thirdparty.io.grpc.internal.SerializingExecutor run
SEVERE: Exception while executing runnable org.apache.ratis.thirdparty.io.grpc.internal.ServerImpl$JumpToApplicationThreadServerStreamListener$1Closed@7d0b93b
org.apache.ratis.thirdparty.io.grpc.StatusRuntimeException: CANCELLED: call already cancelled
	at org.apache.ratis.thirdparty.io.grpc.Status.asRuntimeException(Status.java:517)
	at org.apache.ratis.thirdparty.io.grpc.stub.ServerCalls$ServerCallStreamObserverImpl.onCompleted(ServerCalls.java:356)
	at org.apache.ratis.grpc.server.GrpcServerProtocolService$ServerRequestStreamObserver.onError(GrpcServerProtocolService.java:121)
	at org.apache.ratis.thirdparty.io.grpc.stub.ServerCalls$StreamingServerCallHandler$StreamingServerCallListener.onCancel(ServerCalls.java:269)
	at org.apache.ratis.thirdparty.io.grpc.internal.ServerCallImpl$ServerStreamListenerImpl.closed(ServerCallImpl.java:293)
	at org.apache.ratis.thirdparty.io.grpc.internal.ServerImpl$JumpToApplicationThreadServerStreamListener$1Closed.runInContext(ServerImpl.java:741)
	at org.apache.ratis.thirdparty.io.grpc.internal.ContextRunnable.run(ContextRunnable.java:37)
	at org.apache.ratis.thirdparty.io.grpc.internal.SerializingExecutor.run(SerializingExecutor.java:123)
	at java.util.concurrent.ThreadPoolExecutor.runWorker(ThreadPoolExecutor.java:1149)
	at java.util.concurrent.ThreadPoolExecutor$Worker.run(ThreadPoolExecutor.java:624)
	at java.lang.Thread.run(Thread.java:748)

Oct 23, 2019 5:07:12 PM org.apache.ratis.thirdparty.io.grpc.internal.SerializingExecutor run
SEVERE: Exception while executing runnable org.apache.ratis.thirdparty.io.grpc.internal.ClientCallImpl$ClientStreamListenerImpl$1StreamClosed@203ed36f
java.lang.NullPointerException
	at org.apache.ratis.grpc.server.GrpcLogAppender$AppendLogResponseHandler.onError(GrpcLogAppender.java:303)
	at org.apache.ratis.thirdparty.io.grpc.stub.ClientCalls$StreamObserverToCallListenerAdapter.onClose(ClientCalls.java:434)
	at org.apache.ratis.thirdparty.io.grpc.PartialForwardingClientCallListener.onClose(PartialForwardingClientCallListener.java:39)
	at org.apache.ratis.thirdparty.io.grpc.ForwardingClientCallListener.onClose(ForwardingClientCallListener.java:23)
	at org.apache.ratis.thirdparty.io.grpc.ForwardingClientCallListener$SimpleForwardingClientCallListener.onClose(ForwardingClientCallListener.java:40)
	at org.apache.ratis.thirdparty.io.grpc.internal.CensusStatsModule$StatsClientInterceptor$1$1.onClose(CensusStatsModule.java:678)
	at org.apache.ratis.thirdparty.io.grpc.PartialForwardingClientCallListener.onClose(PartialForwardingClientCallListener.java:39)
	at org.apache.ratis.thirdparty.io.grpc.ForwardingClientCallListener.onClose(ForwardingClientCallListener.java:23)
	at org.apache.ratis.thirdparty.io.grpc.ForwardingClientCallListener$SimpleForwardingClientCallListener.onClose(ForwardingClientCallListener.java:40)
	at org.apache.ratis.thirdparty.io.grpc.internal.CensusTracingModule$TracingClientInterceptor$1$1.onClose(CensusTracingModule.java:397)
	at org.apache.ratis.thirdparty.io.grpc.internal.ClientCallImpl.closeObserver(ClientCallImpl.java:459)
	at org.apache.ratis.thirdparty.io.grpc.internal.ClientCallImpl.access$300(ClientCallImpl.java:63)
	at org.apache.ratis.thirdparty.io.grpc.internal.ClientCallImpl$ClientStreamListenerImpl.close(ClientCallImpl.java:546)
	at org.apache.ratis.thirdparty.io.grpc.internal.ClientCallImpl$ClientStreamListenerImpl.access$600(ClientCallImpl.java:467)
	at org.apache.ratis.thirdparty.io.grpc.internal.ClientCallImpl$ClientStreamListenerImpl$1StreamClosed.runInContext(ClientCallImpl.java:584)
	at org.apache.ratis.thirdparty.io.grpc.internal.ContextRunnable.run(ContextRunnable.java:37)
	at org.apache.ratis.thirdparty.io.grpc.internal.SerializingExecutor.run(SerializingExecutor.java:123)
	at java.util.concurrent.ThreadPoolExecutor.runWorker(ThreadPoolExecutor.java:1149)
	at java.util.concurrent.ThreadPoolExecutor$Worker.run(ThreadPoolExecutor.java:624)
	at java.lang.Thread.run(Thread.java:748)

]]></system-err>
  </testcase>
</testsuite>