<?xml version="1.0" encoding="UTF-8"?>
<testsuite xmlns:xsi="http://www.w3.org/2001/XMLSchema-instance" xsi:noNamespaceSchemaLocation="https://maven.apache.org/surefire/maven-surefire-plugin/xsd/surefire-test-report.xsd" name="org.apache.hadoop.ozone.client.rpc.TestWatchForCommit" time="261.936" tests="5" errors="1" skipped="0" failures="0">
  <properties>
    <property name="awt.toolkit" value="sun.awt.X11.XToolkit"/>
    <property name="file.encoding.pkg" value="sun.io"/>
    <property name="java.specification.version" value="1.8"/>
    <property name="sun.cpu.isalist" value=""/>
    <property name="sun.jnu.encoding" value="UTF-8"/>
    <property name="java.class.path" value="/workdir/hadoop-ozone/integration-test/target/test-classes:/workdir/hadoop-ozone/integration-test/target/classes:/home/user/.m2/repository/org/apache/hadoop/hadoop-ozone-common/0.5.0-SNAPSHOT/hadoop-ozone-common-0.5.0-SNAPSHOT.jar:/home/user/.m2/repository/org/apache/commons/commons-compress/1.4.1/commons-compress-1.4.1.jar:/home/user/.m2/repository/org/tukaani/xz/1.0/xz-1.0.jar:/home/user/.m2/repository/org/apache/hadoop/hadoop-common/3.2.0/hadoop-common-3.2.0.jar:/home/user/.m2/repository/org/apache/hadoop/hadoop-hdfs/3.2.0/hadoop-hdfs-3.2.0.jar:/home/user/.m2/repository/org/apache/hadoop/hadoop-hdfs-client/3.2.0/hadoop-hdfs-client-3.2.0.jar:/home/user/.m2/repository/com/fasterxml/jackson/core/jackson-annotations/2.9.9/jackson-annotations-2.9.9.jar:/home/user/.m2/repository/org/apache/hadoop/hadoop-hdds-common/0.5.0-SNAPSHOT/hadoop-hdds-common-0.5.0-SNAPSHOT.jar:/home/user/.m2/repository/javax/annotation/javax.annotation-api/1.2/javax.annotation-api-1.2.jar:/home/user/.m2/repository/org/apache/ratis/ratis-server/0.5.0-201fc85-SNAPSHOT/ratis-server-0.5.0-201fc85-SNAPSHOT.jar:/home/user/.m2/repository/org/apache/ratis/ratis-thirdparty-misc/0.2.0/ratis-thirdparty-misc-0.2.0.jar:/home/user/.m2/repository/org/apache/ratis/ratis-proto/0.5.0-201fc85-SNAPSHOT/ratis-proto-0.5.0-201fc85-SNAPSHOT.jar:/home/user/.m2/repository/org/apache/ratis/ratis-common/0.5.0-201fc85-SNAPSHOT/ratis-common-0.5.0-201fc85-SNAPSHOT.jar:/home/user/.m2/repository/org/apache/ratis/ratis-client/0.5.0-201fc85-SNAPSHOT/ratis-client-0.5.0-201fc85-SNAPSHOT.jar:/home/user/.m2/repository/org/apache/ratis/ratis-metrics/0.5.0-201fc85-SNAPSHOT/ratis-metrics-0.5.0-201fc85-SNAPSHOT.jar:/home/user/.m2/repository/com/github/joshelser/dropwizard-metrics-hadoop-metrics2-reporter/0.1.2/dropwizard-metrics-hadoop-metrics2-reporter-0.1.2.jar:/home/user/.m2/repository/io/dropwizard/metrics/metrics-jvm/3.2.5/metrics-jvm-3.2.5.jar:/home/user/.m2/repository/io/dropwizard/metrics/metrics-ganglia/3.2.5/metrics-ganglia-3.2.5.jar:/home/user/.m2/repository/info/ganglia/gmetric4j/gmetric4j/1.0.7/gmetric4j-1.0.7.jar:/home/user/.m2/repository/org/apache/ratis/ratis-netty/0.5.0-201fc85-SNAPSHOT/ratis-netty-0.5.0-201fc85-SNAPSHOT.jar:/home/user/.m2/repository/org/apache/ratis/ratis-grpc/0.5.0-201fc85-SNAPSHOT/ratis-grpc-0.5.0-201fc85-SNAPSHOT.jar:/home/user/.m2/repository/org/rocksdb/rocksdbjni/6.0.1/rocksdbjni-6.0.1.jar:/home/user/.m2/repository/org/apache/logging/log4j/log4j-api/2.11.0/log4j-api-2.11.0.jar:/home/user/.m2/repository/org/apache/logging/log4j/log4j-core/2.11.0/log4j-core-2.11.0.jar:/home/user/.m2/repository/com/lmax/disruptor/3.4.2/disruptor-3.4.2.jar:/home/user/.m2/repository/org/apache/commons/commons-pool2/2.6.0/commons-pool2-2.6.0.jar:/home/user/.m2/repository/org/bouncycastle/bcpkix-jdk15on/1.60/bcpkix-jdk15on-1.60.jar:/home/user/.m2/repository/commons-validator/commons-validator/1.6/commons-validator-1.6.jar:/home/user/.m2/repository/commons-digester/commons-digester/1.8.1/commons-digester-1.8.1.jar:/home/user/.m2/repository/io/jaegertracing/jaeger-client/0.34.0/jaeger-client-0.34.0.jar:/home/user/.m2/repository/io/jaegertracing/jaeger-thrift/0.34.0/jaeger-thrift-0.34.0.jar:/home/user/.m2/repository/org/apache/thrift/libthrift/0.12.0/libthrift-0.12.0.jar:/home/user/.m2/repository/com/squareup/okhttp3/okhttp/3.9.0/okhttp-3.9.0.jar:/home/user/.m2/repository/com/squareup/okio/okio/1.13.0/okio-1.13.0.jar:/home/user/.m2/repository/io/jaegertracing/jaeger-core/0.34.0/jaeger-core-0.34.0.jar:/home/user/.m2/repository/io/jaegertracing/jaeger-tracerresolver/0.34.0/jaeger-tracerresolver-0.34.0.jar:/home/user/.m2/repository/io/opentracing/contrib/opentracing-tracerresolver/0.1.5/opentracing-tracerresolver-0.1.5.jar:/home/user/.m2/repository/io/opentracing/opentracing-util/0.31.0/opentracing-util-0.31.0.jar:/home/user/.m2/repository/io/opentracing/opentracing-api/0.31.0/opentracing-api-0.31.0.jar:/home/user/.m2/repository/io/opentracing/opentracing-noop/0.31.0/opentracing-noop-0.31.0.jar:/home/user/.m2/repository/org/apache/hadoop/hadoop-hdds-server-framework/0.5.0-SNAPSHOT/hadoop-hdds-server-framework-0.5.0-SNAPSHOT.jar:/home/user/.m2/repository/org/apache/hadoop/hadoop-hdds-container-service/0.5.0-SNAPSHOT/hadoop-hdds-container-service-0.5.0-SNAPSHOT.jar:/home/user/.m2/repository/org/apache/hadoop/hadoop-hdds-client/0.5.0-SNAPSHOT/hadoop-hdds-client-0.5.0-SNAPSHOT.jar:/home/user/.m2/repository/org/apache/hadoop/hadoop-hdds-tools/0.5.0-SNAPSHOT/hadoop-hdds-tools-0.5.0-SNAPSHOT.jar:/home/user/.m2/repository/org/apache/hadoop/hadoop-hdds-server-scm/0.5.0-SNAPSHOT/hadoop-hdds-server-scm-0.5.0-SNAPSHOT.jar:/home/user/.m2/repository/org/apache/hadoop/hadoop-hdds-docs/0.5.0-SNAPSHOT/hadoop-hdds-docs-0.5.0-SNAPSHOT.jar:/home/user/.m2/repository/io/dropwizard/metrics/metrics-core/3.2.4/metrics-core-3.2.4.jar:/home/user/.m2/repository/org/hamcrest/hamcrest-all/1.3/hamcrest-all-1.3.jar:/home/user/.m2/repository/org/bouncycastle/bcprov-jdk15on/1.60/bcprov-jdk15on-1.60.jar:/home/user/.m2/repository/info/picocli/picocli/3.9.6/picocli-3.9.6.jar:/home/user/.m2/repository/com/google/protobuf/protobuf-java/2.5.0/protobuf-java-2.5.0.jar:/home/user/.m2/repository/com/google/guava/guava/11.0.2/guava-11.0.2.jar:/home/user/.m2/repository/org/apache/hadoop/hadoop-ozone-ozone-manager/0.5.0-SNAPSHOT/hadoop-ozone-ozone-manager-0.5.0-SNAPSHOT.jar:/home/user/.m2/repository/org/apache/hadoop/hadoop-minikdc/3.2.0/hadoop-minikdc-3.2.0.jar:/home/user/.m2/repository/commons-io/commons-io/2.5/commons-io-2.5.jar:/home/user/.m2/repository/org/apache/kerby/kerb-simplekdc/1.0.1/kerb-simplekdc-1.0.1.jar:/home/user/.m2/repository/org/apache/kerby/kerb-client/1.0.1/kerb-client-1.0.1.jar:/home/user/.m2/repository/org/apache/kerby/kerby-config/1.0.1/kerby-config-1.0.1.jar:/home/user/.m2/repository/org/apache/kerby/kerb-core/1.0.1/kerb-core-1.0.1.jar:/home/user/.m2/repository/org/apache/kerby/kerby-pkix/1.0.1/kerby-pkix-1.0.1.jar:/home/user/.m2/repository/org/apache/kerby/kerby-asn1/1.0.1/kerby-asn1-1.0.1.jar:/home/user/.m2/repository/org/apache/kerby/kerby-util/1.0.1/kerby-util-1.0.1.jar:/home/user/.m2/repository/org/apache/kerby/kerb-common/1.0.1/kerb-common-1.0.1.jar:/home/user/.m2/repository/org/apache/kerby/kerb-crypto/1.0.1/kerb-crypto-1.0.1.jar:/home/user/.m2/repository/org/apache/kerby/kerb-util/1.0.1/kerb-util-1.0.1.jar:/home/user/.m2/repository/org/apache/kerby/token-provider/1.0.1/token-provider-1.0.1.jar:/home/user/.m2/repository/org/apache/kerby/kerb-admin/1.0.1/kerb-admin-1.0.1.jar:/home/user/.m2/repository/org/apache/kerby/kerb-server/1.0.1/kerb-server-1.0.1.jar:/home/user/.m2/repository/org/apache/kerby/kerb-identity/1.0.1/kerb-identity-1.0.1.jar:/home/user/.m2/repository/org/apache/kerby/kerby-xdr/1.0.1/kerby-xdr-1.0.1.jar:/home/user/.m2/repository/org/slf4j/slf4j-log4j12/1.7.25/slf4j-log4j12-1.7.25.jar:/home/user/.m2/repository/org/apache/hadoop/hadoop-ozone-s3gateway/0.5.0-SNAPSHOT/hadoop-ozone-s3gateway-0.5.0-SNAPSHOT.jar:/home/user/.m2/repository/org/jboss/weld/servlet/weld-servlet/2.4.7.Final/weld-servlet-2.4.7.Final.jar:/home/user/.m2/repository/org/glassfish/jersey/containers/jersey-container-servlet-core/2.27/jersey-container-servlet-core-2.27.jar:/home/user/.m2/repository/org/glassfish/hk2/external/javax.inject/2.5.0-b42/javax.inject-2.5.0-b42.jar:/home/user/.m2/repository/org/glassfish/jersey/core/jersey-common/2.27/jersey-common-2.27.jar:/home/user/.m2/repository/org/glassfish/hk2/osgi-resource-locator/1.0.1/osgi-resource-locator-1.0.1.jar:/home/user/.m2/repository/javax/ws/rs/javax.ws.rs-api/2.1/javax.ws.rs-api-2.1.jar:/home/user/.m2/repository/org/glassfish/jersey/ext/cdi/jersey-cdi1x/2.27/jersey-cdi1x-2.27.jar:/home/user/.m2/repository/org/glassfish/jersey/inject/jersey-hk2/2.27/jersey-hk2-2.27.jar:/home/user/.m2/repository/org/glassfish/hk2/hk2-locator/2.5.0-b42/hk2-locator-2.5.0-b42.jar:/home/user/.m2/repository/org/javassist/javassist/3.22.0-CR2/javassist-3.22.0-CR2.jar:/home/user/.m2/repository/org/glassfish/hk2/hk2-api/2.5.0/hk2-api-2.5.0.jar:/home/user/.m2/repository/org/glassfish/hk2/external/jakarta.inject/2.5.0/jakarta.inject-2.5.0.jar:/home/user/.m2/repository/org/glassfish/hk2/hk2-utils/2.5.0/hk2-utils-2.5.0.jar:/home/user/.m2/repository/jakarta/annotation/jakarta.annotation-api/1.3.4/jakarta.annotation-api-1.3.4.jar:/home/user/.m2/repository/org/glassfish/hk2/external/aopalliance-repackaged/2.5.0/aopalliance-repackaged-2.5.0.jar:/home/user/.m2/repository/com/fasterxml/jackson/dataformat/jackson-dataformat-xml/2.9.0/jackson-dataformat-xml-2.9.0.jar:/home/user/.m2/repository/com/fasterxml/jackson/core/jackson-core/2.9.9/jackson-core-2.9.9.jar:/home/user/.m2/repository/com/fasterxml/jackson/module/jackson-module-jaxb-annotations/2.9.9/jackson-module-jaxb-annotations-2.9.9.jar:/home/user/.m2/repository/javax/enterprise/cdi-api/1.2/cdi-api-1.2.jar:/home/user/.m2/repository/javax/el/javax.el-api/3.0.0/javax.el-api-3.0.0.jar:/home/user/.m2/repository/javax/interceptor/javax.interceptor-api/1.2/javax.interceptor-api-1.2.jar:/home/user/.m2/repository/javax/inject/javax.inject/1/javax.inject-1.jar:/home/user/.m2/repository/com/sun/xml/bind/jaxb-impl/2.3.0.1/jaxb-impl-2.3.0.1.jar:/home/user/.m2/repository/com/sun/xml/bind/jaxb-core/2.3.0.1/jaxb-core-2.3.0.1.jar:/home/user/.m2/repository/javax/xml/bind/jaxb-api/2.3.0/jaxb-api-2.3.0.jar:/home/user/.m2/repository/javax/activation/activation/1.1.1/activation-1.1.1.jar:/home/user/.m2/repository/org/apache/hadoop/hadoop-ozone-csi/0.5.0-SNAPSHOT/hadoop-ozone-csi-0.5.0-SNAPSHOT.jar:/home/user/.m2/repository/com/google/protobuf/protobuf-java-util/3.5.1/protobuf-java-util-3.5.1.jar:/home/user/.m2/repository/org/apache/hadoop/hadoop-hdds-config/0.5.0-SNAPSHOT/hadoop-hdds-config-0.5.0-SNAPSHOT.jar:/home/user/.m2/repository/io/grpc/grpc-netty/1.17.1/grpc-netty-1.17.1.jar:/home/user/.m2/repository/io/grpc/grpc-core/1.17.1/grpc-core-1.17.1.jar:/home/user/.m2/repository/io/grpc/grpc-context/1.17.1/grpc-context-1.17.1.jar:/home/user/.m2/repository/com/google/errorprone/error_prone_annotations/2.2.0/error_prone_annotations-2.2.0.jar:/home/user/.m2/repository/org/codehaus/mojo/animal-sniffer-annotations/1.17/animal-sniffer-annotations-1.17.jar:/home/user/.m2/repository/io/opencensus/opencensus-api/0.17.0/opencensus-api-0.17.0.jar:/home/user/.m2/repository/io/opencensus/opencensus-contrib-grpc-metrics/0.17.0/opencensus-contrib-grpc-metrics-0.17.0.jar:/home/user/.m2/repository/io/netty/netty-codec-http2/4.1.30.Final/netty-codec-http2-4.1.30.Final.jar:/home/user/.m2/repository/io/netty/netty-codec-http/4.1.30.Final/netty-codec-http-4.1.30.Final.jar:/home/user/.m2/repository/io/netty/netty-codec/4.1.30.Final/netty-codec-4.1.30.Final.jar:/home/user/.m2/repository/io/netty/netty-handler/4.1.30.Final/netty-handler-4.1.30.Final.jar:/home/user/.m2/repository/io/netty/netty-handler-proxy/4.1.30.Final/netty-handler-proxy-4.1.30.Final.jar:/home/user/.m2/repository/io/netty/netty-codec-socks/4.1.30.Final/netty-codec-socks-4.1.30.Final.jar:/home/user/.m2/repository/io/netty/netty-transport-native-epoll/4.1.30.Final/netty-transport-native-epoll-4.1.30.Final.jar:/home/user/.m2/repository/io/netty/netty-common/4.1.30.Final/netty-common-4.1.30.Final.jar:/home/user/.m2/repository/io/netty/netty-buffer/4.1.30.Final/netty-buffer-4.1.30.Final.jar:/home/user/.m2/repository/io/netty/netty-transport/4.1.30.Final/netty-transport-4.1.30.Final.jar:/home/user/.m2/repository/io/netty/netty-resolver/4.1.30.Final/netty-resolver-4.1.30.Final.jar:/home/user/.m2/repository/io/netty/netty-transport-native-unix-common/4.1.30.Final/netty-transport-native-unix-common-4.1.30.Final.jar:/home/user/.m2/repository/io/grpc/grpc-protobuf/1.17.1/grpc-protobuf-1.17.1.jar:/home/user/.m2/repository/com/google/api/grpc/proto-google-common-protos/1.0.0/proto-google-common-protos-1.0.0.jar:/home/user/.m2/repository/io/grpc/grpc-protobuf-lite/1.17.1/grpc-protobuf-lite-1.17.1.jar:/home/user/.m2/repository/io/grpc/grpc-stub/1.17.1/grpc-stub-1.17.1.jar:/home/user/.m2/repository/org/apache/hadoop/hadoop-ozone-recon/0.5.0-SNAPSHOT/hadoop-ozone-recon-0.5.0-SNAPSHOT.jar:/home/user/.m2/repository/org/apache/hadoop/hadoop-ozone-reconcodegen/0.5.0-SNAPSHOT/hadoop-ozone-reconcodegen-0.5.0-SNAPSHOT.jar:/home/user/.m2/repository/com/google/inject/extensions/guice-multibindings/4.0/guice-multibindings-4.0.jar:/home/user/.m2/repository/com/google/inject/guice/4.0/guice-4.0.jar:/home/user/.m2/repository/aopalliance/aopalliance/1.0/aopalliance-1.0.jar:/home/user/.m2/repository/com/google/inject/extensions/guice-servlet/4.0/guice-servlet-4.0.jar:/home/user/.m2/repository/org/glassfish/jersey/containers/jersey-container-servlet/2.27/jersey-container-servlet-2.27.jar:/home/user/.m2/repository/org/glassfish/hk2/guice-bridge/2.5.0/guice-bridge-2.5.0.jar:/home/user/.m2/repository/org/glassfish/jersey/core/jersey-server/2.27/jersey-server-2.27.jar:/home/user/.m2/repository/org/glassfish/jersey/core/jersey-client/2.27/jersey-client-2.27.jar:/home/user/.m2/repository/org/glassfish/jersey/media/jersey-media-jaxb/2.27/jersey-media-jaxb-2.27.jar:/home/user/.m2/repository/javax/validation/validation-api/1.1.0.Final/validation-api-1.1.0.Final.jar:/home/user/.m2/repository/org/glassfish/jersey/media/jersey-media-json-jackson/2.27/jersey-media-json-jackson-2.27.jar:/home/user/.m2/repository/org/glassfish/jersey/ext/jersey-entity-filtering/2.27/jersey-entity-filtering-2.27.jar:/home/user/.m2/repository/com/google/inject/extensions/guice-assistedinject/4.0/guice-assistedinject-4.0.jar:/home/user/.m2/repository/org/jooq/jooq/3.11.10/jooq-3.11.10.jar:/home/user/.m2/repository/org/jooq/jooq-meta/3.11.10/jooq-meta-3.11.10.jar:/home/user/.m2/repository/org/jooq/jooq-codegen/3.11.10/jooq-codegen-3.11.10.jar:/home/user/.m2/repository/com/jolbox/bonecp/0.8.0.RELEASE/bonecp-0.8.0.RELEASE.jar:/home/user/.m2/repository/org/xerial/sqlite-jdbc/3.25.2/sqlite-jdbc-3.25.2.jar:/home/user/.m2/repository/org/springframework/spring-jdbc/5.1.3.RELEASE/spring-jdbc-5.1.3.RELEASE.jar:/home/user/.m2/repository/org/springframework/spring-beans/5.1.3.RELEASE/spring-beans-5.1.3.RELEASE.jar:/home/user/.m2/repository/org/springframework/spring-core/5.1.3.RELEASE/spring-core-5.1.3.RELEASE.jar:/home/user/.m2/repository/org/springframework/spring-jcl/5.1.3.RELEASE/spring-jcl-5.1.3.RELEASE.jar:/home/user/.m2/repository/org/springframework/spring-tx/5.1.3.RELEASE/spring-tx-5.1.3.RELEASE.jar:/home/user/.m2/repository/org/apache/hadoop/hadoop-ozone-client/0.5.0-SNAPSHOT/hadoop-ozone-client-0.5.0-SNAPSHOT.jar:/home/user/.m2/repository/commons-lang/commons-lang/2.6/commons-lang-2.6.jar:/home/user/.m2/repository/org/apache/hadoop/hadoop-ozone-ozone-manager/0.5.0-SNAPSHOT/hadoop-ozone-ozone-manager-0.5.0-SNAPSHOT-tests.jar:/home/user/.m2/repository/junit/junit/4.11/junit-4.11.jar:/home/user/.m2/repository/org/hamcrest/hamcrest-core/1.3/hamcrest-core-1.3.jar:/home/user/.m2/repository/org/openjdk/jmh/jmh-core/1.19/jmh-core-1.19.jar:/home/user/.m2/repository/net/sf/jopt-simple/jopt-simple/4.6/jopt-simple-4.6.jar:/home/user/.m2/repository/org/apache/commons/commons-math3/3.1.1/commons-math3-3.1.1.jar:/home/user/.m2/repository/org/openjdk/jmh/jmh-generator-annprocess/1.19/jmh-generator-annprocess-1.19.jar:/home/user/.m2/repository/org/mockito/mockito-all/1.8.5/mockito-all-1.8.5.jar:/home/user/.m2/repository/org/apache/hadoop/hadoop-kms/3.2.0/hadoop-kms-3.2.0.jar:/home/user/.m2/repository/org/apache/hadoop/hadoop-auth/3.2.0/hadoop-auth-3.2.0.jar:/home/user/.m2/repository/com/nimbusds/nimbus-jose-jwt/4.41.1/nimbus-jose-jwt-4.41.1.jar:/home/user/.m2/repository/com/github/stephenc/jcip/jcip-annotations/1.0-1/jcip-annotations-1.0-1.jar:/home/user/.m2/repository/net/minidev/json-smart/2.3/json-smart-2.3.jar:/home/user/.m2/repository/net/minidev/accessors-smart/1.2/accessors-smart-1.2.jar:/home/user/.m2/repository/org/ow2/asm/asm/5.0.4/asm-5.0.4.jar:/home/user/.m2/repository/org/apache/curator/curator-framework/2.12.0/curator-framework-2.12.0.jar:/home/user/.m2/repository/com/sun/jersey/jersey-core/1.19/jersey-core-1.19.jar:/home/user/.m2/repository/javax/ws/rs/jsr311-api/1.1.1/jsr311-api-1.1.1.jar:/home/user/.m2/repository/com/sun/jersey/jersey-server/1.19/jersey-server-1.19.jar:/home/user/.m2/repository/javax/servlet/javax.servlet-api/3.1.0/javax.servlet-api-3.1.0.jar:/home/user/.m2/repository/org/eclipse/jetty/jetty-server/9.3.25.v20180904/jetty-server-9.3.25.v20180904.jar:/home/user/.m2/repository/org/eclipse/jetty/jetty-http/9.3.25.v20180904/jetty-http-9.3.25.v20180904.jar:/home/user/.m2/repository/org/eclipse/jetty/jetty-io/9.3.25.v20180904/jetty-io-9.3.25.v20180904.jar:/home/user/.m2/repository/org/eclipse/jetty/jetty-webapp/9.3.25.v20180904/jetty-webapp-9.3.25.v20180904.jar:/home/user/.m2/repository/org/eclipse/jetty/jetty-xml/9.3.25.v20180904/jetty-xml-9.3.25.v20180904.jar:/home/user/.m2/repository/log4j/log4j/1.2.17/log4j-1.2.17.jar:/home/user/.m2/repository/org/slf4j/slf4j-api/1.7.25/slf4j-api-1.7.25.jar:/home/user/.m2/repository/org/slf4j/jul-to-slf4j/1.7.25/jul-to-slf4j-1.7.25.jar:/home/user/.m2/repository/org/eclipse/jetty/jetty-util/9.3.25.v20180904/jetty-util-9.3.25.v20180904.jar:/home/user/.m2/repository/com/fasterxml/jackson/core/jackson-databind/2.9.9/jackson-databind-2.9.9.jar:/home/user/.m2/repository/org/apache/hadoop/hadoop-kms/3.2.0/hadoop-kms-3.2.0-tests.jar:/home/user/.m2/repository/org/apache/hadoop/hadoop-hdds-server-scm/0.5.0-SNAPSHOT/hadoop-hdds-server-scm-0.5.0-SNAPSHOT-tests.jar:/home/user/.m2/repository/org/apache/hadoop/hadoop-hdds-container-service/0.5.0-SNAPSHOT/hadoop-hdds-container-service-0.5.0-SNAPSHOT-tests.jar:/home/user/.m2/repository/org/yaml/snakeyaml/1.16/snakeyaml-1.16.jar:/home/user/.m2/repository/org/apache/hadoop/hadoop-common/3.2.0/hadoop-common-3.2.0-tests.jar:/home/user/.m2/repository/org/apache/hadoop/hadoop-annotations/3.2.0/hadoop-annotations-3.2.0.jar:/usr/lib/jvm/java-1.8-openjdk/jre/../lib/tools.jar:/home/user/.m2/repository/commons-cli/commons-cli/1.2/commons-cli-1.2.jar:/home/user/.m2/repository/org/apache/httpcomponents/httpclient/4.5.2/httpclient-4.5.2.jar:/home/user/.m2/repository/org/apache/httpcomponents/httpcore/4.4.4/httpcore-4.4.4.jar:/home/user/.m2/repository/commons-codec/commons-codec/1.11/commons-codec-1.11.jar:/home/user/.m2/repository/commons-net/commons-net/3.6/commons-net-3.6.jar:/home/user/.m2/repository/commons-collections/commons-collections/3.2.2/commons-collections-3.2.2.jar:/home/user/.m2/repository/org/eclipse/jetty/jetty-servlet/9.3.25.v20180904/jetty-servlet-9.3.25.v20180904.jar:/home/user/.m2/repository/org/eclipse/jetty/jetty-security/9.3.25.v20180904/jetty-security-9.3.25.v20180904.jar:/home/user/.m2/repository/javax/servlet/jsp/jsp-api/2.1/jsp-api-2.1.jar:/home/user/.m2/repository/com/sun/jersey/jersey-servlet/1.19/jersey-servlet-1.19.jar:/home/user/.m2/repository/com/sun/jersey/jersey-json/1.19/jersey-json-1.19.jar:/home/user/.m2/repository/org/codehaus/jettison/jettison/1.1/jettison-1.1.jar:/home/user/.m2/repository/org/codehaus/jackson/jackson-core-asl/1.9.13/jackson-core-asl-1.9.13.jar:/home/user/.m2/repository/org/codehaus/jackson/jackson-mapper-asl/1.9.13/jackson-mapper-asl-1.9.13.jar:/home/user/.m2/repository/org/codehaus/jackson/jackson-jaxrs/1.9.13/jackson-jaxrs-1.9.13.jar:/home/user/.m2/repository/org/codehaus/jackson/jackson-xc/1.9.13/jackson-xc-1.9.13.jar:/home/user/.m2/repository/commons-logging/commons-logging/1.1.3/commons-logging-1.1.3.jar:/home/user/.m2/repository/commons-beanutils/commons-beanutils/1.9.4/commons-beanutils-1.9.4.jar:/home/user/.m2/repository/org/apache/commons/commons-configuration2/2.1.1/commons-configuration2-2.1.1.jar:/home/user/.m2/repository/org/apache/commons/commons-lang3/3.7/commons-lang3-3.7.jar:/home/user/.m2/repository/org/apache/commons/commons-text/1.4/commons-text-1.4.jar:/home/user/.m2/repository/org/apache/avro/avro/1.7.7/avro-1.7.7.jar:/home/user/.m2/repository/com/thoughtworks/paranamer/paranamer/2.3/paranamer-2.3.jar:/home/user/.m2/repository/org/xerial/snappy/snappy-java/1.0.5/snappy-java-1.0.5.jar:/home/user/.m2/repository/com/google/re2j/re2j/1.1/re2j-1.1.jar:/home/user/.m2/repository/com/google/code/gson/gson/2.2.4/gson-2.2.4.jar:/home/user/.m2/repository/com/jcraft/jsch/0.1.54/jsch-0.1.54.jar:/home/user/.m2/repository/org/apache/curator/curator-client/2.12.0/curator-client-2.12.0.jar:/home/user/.m2/repository/org/apache/curator/curator-recipes/2.12.0/curator-recipes-2.12.0.jar:/home/user/.m2/repository/com/google/code/findbugs/jsr305/3.0.0/jsr305-3.0.0.jar:/home/user/.m2/repository/org/apache/htrace/htrace-core4/4.1.0-incubating/htrace-core4-4.1.0-incubating.jar:/home/user/.m2/repository/org/apache/zookeeper/zookeeper/3.4.13/zookeeper-3.4.13.jar:/home/user/.m2/repository/jline/jline/0.9.94/jline-0.9.94.jar:/home/user/.m2/repository/org/apache/yetus/audience-annotations/0.5.0/audience-annotations-0.5.0.jar:/home/user/.m2/repository/org/codehaus/woodstox/stax2-api/3.1.4/stax2-api-3.1.4.jar:/home/user/.m2/repository/com/fasterxml/woodstox/woodstox-core/5.0.3/woodstox-core-5.0.3.jar:/home/user/.m2/repository/dnsjava/dnsjava/2.1.7/dnsjava-2.1.7.jar:/home/user/.m2/repository/org/apache/hadoop/hadoop-hdfs/3.2.0/hadoop-hdfs-3.2.0-tests.jar:/home/user/.m2/repository/org/eclipse/jetty/jetty-util-ajax/9.3.25.v20180904/jetty-util-ajax-9.3.25.v20180904.jar:/home/user/.m2/repository/commons-daemon/commons-daemon/1.0.13/commons-daemon-1.0.13.jar:/home/user/.m2/repository/io/netty/netty/3.10.5.Final/netty-3.10.5.Final.jar:/home/user/.m2/repository/io/netty/netty-all/4.0.52.Final/netty-all-4.0.52.Final.jar:/home/user/.m2/repository/org/fusesource/leveldbjni/leveldbjni-all/1.8/leveldbjni-all-1.8.jar:"/>
    <property name="java.vm.vendor" value="IcedTea"/>
    <property name="sun.arch.data.model" value="64"/>
    <property name="test.build.dir" value="/workdir/hadoop-ozone/integration-test/target/test-dir"/>
    <property name="test.cache.data" value=""/>
    <property name="java.vendor.url" value="https://icedtea.classpath.org"/>
    <property name="user.timezone" value=""/>
    <property name="java.vm.specification.version" value="1.8"/>
    <property name="os.name" value="Linux"/>
    <property name="test.build.data" value="/workdir/hadoop-ozone/integration-test/target/test-dir"/>
    <property name="user.country" value="US"/>
    <property name="sun.java.launcher" value="SUN_STANDARD"/>
    <property name="sun.boot.library.path" value="/usr/lib/jvm/java-1.8-openjdk/jre/lib/amd64"/>
    <property name="sun.java.command" value="/workdir/hadoop-ozone/integration-test/target/surefire/surefirebooter5125805391405286948.jar /workdir/hadoop-ozone/integration-test/target/surefire 2019-10-01T15-51-00_400-jvmRun1 surefire3780116551739678442tmp surefire_541441446970859341578tmp"/>
    <property name="test" value="!TestMiniChaosOzoneCluster"/>
    <property name="surefire.test.class.path" value="/workdir/hadoop-ozone/integration-test/target/test-classes:/workdir/hadoop-ozone/integration-test/target/classes:/home/user/.m2/repository/org/apache/hadoop/hadoop-ozone-common/0.5.0-SNAPSHOT/hadoop-ozone-common-0.5.0-SNAPSHOT.jar:/home/user/.m2/repository/org/apache/commons/commons-compress/1.4.1/commons-compress-1.4.1.jar:/home/user/.m2/repository/org/tukaani/xz/1.0/xz-1.0.jar:/home/user/.m2/repository/org/apache/hadoop/hadoop-common/3.2.0/hadoop-common-3.2.0.jar:/home/user/.m2/repository/org/apache/hadoop/hadoop-hdfs/3.2.0/hadoop-hdfs-3.2.0.jar:/home/user/.m2/repository/org/apache/hadoop/hadoop-hdfs-client/3.2.0/hadoop-hdfs-client-3.2.0.jar:/home/user/.m2/repository/com/fasterxml/jackson/core/jackson-annotations/2.9.9/jackson-annotations-2.9.9.jar:/home/user/.m2/repository/org/apache/hadoop/hadoop-hdds-common/0.5.0-SNAPSHOT/hadoop-hdds-common-0.5.0-SNAPSHOT.jar:/home/user/.m2/repository/javax/annotation/javax.annotation-api/1.2/javax.annotation-api-1.2.jar:/home/user/.m2/repository/org/apache/ratis/ratis-server/0.5.0-201fc85-SNAPSHOT/ratis-server-0.5.0-201fc85-SNAPSHOT.jar:/home/user/.m2/repository/org/apache/ratis/ratis-thirdparty-misc/0.2.0/ratis-thirdparty-misc-0.2.0.jar:/home/user/.m2/repository/org/apache/ratis/ratis-proto/0.5.0-201fc85-SNAPSHOT/ratis-proto-0.5.0-201fc85-SNAPSHOT.jar:/home/user/.m2/repository/org/apache/ratis/ratis-common/0.5.0-201fc85-SNAPSHOT/ratis-common-0.5.0-201fc85-SNAPSHOT.jar:/home/user/.m2/repository/org/apache/ratis/ratis-client/0.5.0-201fc85-SNAPSHOT/ratis-client-0.5.0-201fc85-SNAPSHOT.jar:/home/user/.m2/repository/org/apache/ratis/ratis-metrics/0.5.0-201fc85-SNAPSHOT/ratis-metrics-0.5.0-201fc85-SNAPSHOT.jar:/home/user/.m2/repository/com/github/joshelser/dropwizard-metrics-hadoop-metrics2-reporter/0.1.2/dropwizard-metrics-hadoop-metrics2-reporter-0.1.2.jar:/home/user/.m2/repository/io/dropwizard/metrics/metrics-jvm/3.2.5/metrics-jvm-3.2.5.jar:/home/user/.m2/repository/io/dropwizard/metrics/metrics-ganglia/3.2.5/metrics-ganglia-3.2.5.jar:/home/user/.m2/repository/info/ganglia/gmetric4j/gmetric4j/1.0.7/gmetric4j-1.0.7.jar:/home/user/.m2/repository/org/apache/ratis/ratis-netty/0.5.0-201fc85-SNAPSHOT/ratis-netty-0.5.0-201fc85-SNAPSHOT.jar:/home/user/.m2/repository/org/apache/ratis/ratis-grpc/0.5.0-201fc85-SNAPSHOT/ratis-grpc-0.5.0-201fc85-SNAPSHOT.jar:/home/user/.m2/repository/org/rocksdb/rocksdbjni/6.0.1/rocksdbjni-6.0.1.jar:/home/user/.m2/repository/org/apache/logging/log4j/log4j-api/2.11.0/log4j-api-2.11.0.jar:/home/user/.m2/repository/org/apache/logging/log4j/log4j-core/2.11.0/log4j-core-2.11.0.jar:/home/user/.m2/repository/com/lmax/disruptor/3.4.2/disruptor-3.4.2.jar:/home/user/.m2/repository/org/apache/commons/commons-pool2/2.6.0/commons-pool2-2.6.0.jar:/home/user/.m2/repository/org/bouncycastle/bcpkix-jdk15on/1.60/bcpkix-jdk15on-1.60.jar:/home/user/.m2/repository/commons-validator/commons-validator/1.6/commons-validator-1.6.jar:/home/user/.m2/repository/commons-digester/commons-digester/1.8.1/commons-digester-1.8.1.jar:/home/user/.m2/repository/io/jaegertracing/jaeger-client/0.34.0/jaeger-client-0.34.0.jar:/home/user/.m2/repository/io/jaegertracing/jaeger-thrift/0.34.0/jaeger-thrift-0.34.0.jar:/home/user/.m2/repository/org/apache/thrift/libthrift/0.12.0/libthrift-0.12.0.jar:/home/user/.m2/repository/com/squareup/okhttp3/okhttp/3.9.0/okhttp-3.9.0.jar:/home/user/.m2/repository/com/squareup/okio/okio/1.13.0/okio-1.13.0.jar:/home/user/.m2/repository/io/jaegertracing/jaeger-core/0.34.0/jaeger-core-0.34.0.jar:/home/user/.m2/repository/io/jaegertracing/jaeger-tracerresolver/0.34.0/jaeger-tracerresolver-0.34.0.jar:/home/user/.m2/repository/io/opentracing/contrib/opentracing-tracerresolver/0.1.5/opentracing-tracerresolver-0.1.5.jar:/home/user/.m2/repository/io/opentracing/opentracing-util/0.31.0/opentracing-util-0.31.0.jar:/home/user/.m2/repository/io/opentracing/opentracing-api/0.31.0/opentracing-api-0.31.0.jar:/home/user/.m2/repository/io/opentracing/opentracing-noop/0.31.0/opentracing-noop-0.31.0.jar:/home/user/.m2/repository/org/apache/hadoop/hadoop-hdds-server-framework/0.5.0-SNAPSHOT/hadoop-hdds-server-framework-0.5.0-SNAPSHOT.jar:/home/user/.m2/repository/org/apache/hadoop/hadoop-hdds-container-service/0.5.0-SNAPSHOT/hadoop-hdds-container-service-0.5.0-SNAPSHOT.jar:/home/user/.m2/repository/org/apache/hadoop/hadoop-hdds-client/0.5.0-SNAPSHOT/hadoop-hdds-client-0.5.0-SNAPSHOT.jar:/home/user/.m2/repository/org/apache/hadoop/hadoop-hdds-tools/0.5.0-SNAPSHOT/hadoop-hdds-tools-0.5.0-SNAPSHOT.jar:/home/user/.m2/repository/org/apache/hadoop/hadoop-hdds-server-scm/0.5.0-SNAPSHOT/hadoop-hdds-server-scm-0.5.0-SNAPSHOT.jar:/home/user/.m2/repository/org/apache/hadoop/hadoop-hdds-docs/0.5.0-SNAPSHOT/hadoop-hdds-docs-0.5.0-SNAPSHOT.jar:/home/user/.m2/repository/io/dropwizard/metrics/metrics-core/3.2.4/metrics-core-3.2.4.jar:/home/user/.m2/repository/org/hamcrest/hamcrest-all/1.3/hamcrest-all-1.3.jar:/home/user/.m2/repository/org/bouncycastle/bcprov-jdk15on/1.60/bcprov-jdk15on-1.60.jar:/home/user/.m2/repository/info/picocli/picocli/3.9.6/picocli-3.9.6.jar:/home/user/.m2/repository/com/google/protobuf/protobuf-java/2.5.0/protobuf-java-2.5.0.jar:/home/user/.m2/repository/com/google/guava/guava/11.0.2/guava-11.0.2.jar:/home/user/.m2/repository/org/apache/hadoop/hadoop-ozone-ozone-manager/0.5.0-SNAPSHOT/hadoop-ozone-ozone-manager-0.5.0-SNAPSHOT.jar:/home/user/.m2/repository/org/apache/hadoop/hadoop-minikdc/3.2.0/hadoop-minikdc-3.2.0.jar:/home/user/.m2/repository/commons-io/commons-io/2.5/commons-io-2.5.jar:/home/user/.m2/repository/org/apache/kerby/kerb-simplekdc/1.0.1/kerb-simplekdc-1.0.1.jar:/home/user/.m2/repository/org/apache/kerby/kerb-client/1.0.1/kerb-client-1.0.1.jar:/home/user/.m2/repository/org/apache/kerby/kerby-config/1.0.1/kerby-config-1.0.1.jar:/home/user/.m2/repository/org/apache/kerby/kerb-core/1.0.1/kerb-core-1.0.1.jar:/home/user/.m2/repository/org/apache/kerby/kerby-pkix/1.0.1/kerby-pkix-1.0.1.jar:/home/user/.m2/repository/org/apache/kerby/kerby-asn1/1.0.1/kerby-asn1-1.0.1.jar:/home/user/.m2/repository/org/apache/kerby/kerby-util/1.0.1/kerby-util-1.0.1.jar:/home/user/.m2/repository/org/apache/kerby/kerb-common/1.0.1/kerb-common-1.0.1.jar:/home/user/.m2/repository/org/apache/kerby/kerb-crypto/1.0.1/kerb-crypto-1.0.1.jar:/home/user/.m2/repository/org/apache/kerby/kerb-util/1.0.1/kerb-util-1.0.1.jar:/home/user/.m2/repository/org/apache/kerby/token-provider/1.0.1/token-provider-1.0.1.jar:/home/user/.m2/repository/org/apache/kerby/kerb-admin/1.0.1/kerb-admin-1.0.1.jar:/home/user/.m2/repository/org/apache/kerby/kerb-server/1.0.1/kerb-server-1.0.1.jar:/home/user/.m2/repository/org/apache/kerby/kerb-identity/1.0.1/kerb-identity-1.0.1.jar:/home/user/.m2/repository/org/apache/kerby/kerby-xdr/1.0.1/kerby-xdr-1.0.1.jar:/home/user/.m2/repository/org/slf4j/slf4j-log4j12/1.7.25/slf4j-log4j12-1.7.25.jar:/home/user/.m2/repository/org/apache/hadoop/hadoop-ozone-s3gateway/0.5.0-SNAPSHOT/hadoop-ozone-s3gateway-0.5.0-SNAPSHOT.jar:/home/user/.m2/repository/org/jboss/weld/servlet/weld-servlet/2.4.7.Final/weld-servlet-2.4.7.Final.jar:/home/user/.m2/repository/org/glassfish/jersey/containers/jersey-container-servlet-core/2.27/jersey-container-servlet-core-2.27.jar:/home/user/.m2/repository/org/glassfish/hk2/external/javax.inject/2.5.0-b42/javax.inject-2.5.0-b42.jar:/home/user/.m2/repository/org/glassfish/jersey/core/jersey-common/2.27/jersey-common-2.27.jar:/home/user/.m2/repository/org/glassfish/hk2/osgi-resource-locator/1.0.1/osgi-resource-locator-1.0.1.jar:/home/user/.m2/repository/javax/ws/rs/javax.ws.rs-api/2.1/javax.ws.rs-api-2.1.jar:/home/user/.m2/repository/org/glassfish/jersey/ext/cdi/jersey-cdi1x/2.27/jersey-cdi1x-2.27.jar:/home/user/.m2/repository/org/glassfish/jersey/inject/jersey-hk2/2.27/jersey-hk2-2.27.jar:/home/user/.m2/repository/org/glassfish/hk2/hk2-locator/2.5.0-b42/hk2-locator-2.5.0-b42.jar:/home/user/.m2/repository/org/javassist/javassist/3.22.0-CR2/javassist-3.22.0-CR2.jar:/home/user/.m2/repository/org/glassfish/hk2/hk2-api/2.5.0/hk2-api-2.5.0.jar:/home/user/.m2/repository/org/glassfish/hk2/external/jakarta.inject/2.5.0/jakarta.inject-2.5.0.jar:/home/user/.m2/repository/org/glassfish/hk2/hk2-utils/2.5.0/hk2-utils-2.5.0.jar:/home/user/.m2/repository/jakarta/annotation/jakarta.annotation-api/1.3.4/jakarta.annotation-api-1.3.4.jar:/home/user/.m2/repository/org/glassfish/hk2/external/aopalliance-repackaged/2.5.0/aopalliance-repackaged-2.5.0.jar:/home/user/.m2/repository/com/fasterxml/jackson/dataformat/jackson-dataformat-xml/2.9.0/jackson-dataformat-xml-2.9.0.jar:/home/user/.m2/repository/com/fasterxml/jackson/core/jackson-core/2.9.9/jackson-core-2.9.9.jar:/home/user/.m2/repository/com/fasterxml/jackson/module/jackson-module-jaxb-annotations/2.9.9/jackson-module-jaxb-annotations-2.9.9.jar:/home/user/.m2/repository/javax/enterprise/cdi-api/1.2/cdi-api-1.2.jar:/home/user/.m2/repository/javax/el/javax.el-api/3.0.0/javax.el-api-3.0.0.jar:/home/user/.m2/repository/javax/interceptor/javax.interceptor-api/1.2/javax.interceptor-api-1.2.jar:/home/user/.m2/repository/javax/inject/javax.inject/1/javax.inject-1.jar:/home/user/.m2/repository/com/sun/xml/bind/jaxb-impl/2.3.0.1/jaxb-impl-2.3.0.1.jar:/home/user/.m2/repository/com/sun/xml/bind/jaxb-core/2.3.0.1/jaxb-core-2.3.0.1.jar:/home/user/.m2/repository/javax/xml/bind/jaxb-api/2.3.0/jaxb-api-2.3.0.jar:/home/user/.m2/repository/javax/activation/activation/1.1.1/activation-1.1.1.jar:/home/user/.m2/repository/org/apache/hadoop/hadoop-ozone-csi/0.5.0-SNAPSHOT/hadoop-ozone-csi-0.5.0-SNAPSHOT.jar:/home/user/.m2/repository/com/google/protobuf/protobuf-java-util/3.5.1/protobuf-java-util-3.5.1.jar:/home/user/.m2/repository/org/apache/hadoop/hadoop-hdds-config/0.5.0-SNAPSHOT/hadoop-hdds-config-0.5.0-SNAPSHOT.jar:/home/user/.m2/repository/io/grpc/grpc-netty/1.17.1/grpc-netty-1.17.1.jar:/home/user/.m2/repository/io/grpc/grpc-core/1.17.1/grpc-core-1.17.1.jar:/home/user/.m2/repository/io/grpc/grpc-context/1.17.1/grpc-context-1.17.1.jar:/home/user/.m2/repository/com/google/errorprone/error_prone_annotations/2.2.0/error_prone_annotations-2.2.0.jar:/home/user/.m2/repository/org/codehaus/mojo/animal-sniffer-annotations/1.17/animal-sniffer-annotations-1.17.jar:/home/user/.m2/repository/io/opencensus/opencensus-api/0.17.0/opencensus-api-0.17.0.jar:/home/user/.m2/repository/io/opencensus/opencensus-contrib-grpc-metrics/0.17.0/opencensus-contrib-grpc-metrics-0.17.0.jar:/home/user/.m2/repository/io/netty/netty-codec-http2/4.1.30.Final/netty-codec-http2-4.1.30.Final.jar:/home/user/.m2/repository/io/netty/netty-codec-http/4.1.30.Final/netty-codec-http-4.1.30.Final.jar:/home/user/.m2/repository/io/netty/netty-codec/4.1.30.Final/netty-codec-4.1.30.Final.jar:/home/user/.m2/repository/io/netty/netty-handler/4.1.30.Final/netty-handler-4.1.30.Final.jar:/home/user/.m2/repository/io/netty/netty-handler-proxy/4.1.30.Final/netty-handler-proxy-4.1.30.Final.jar:/home/user/.m2/repository/io/netty/netty-codec-socks/4.1.30.Final/netty-codec-socks-4.1.30.Final.jar:/home/user/.m2/repository/io/netty/netty-transport-native-epoll/4.1.30.Final/netty-transport-native-epoll-4.1.30.Final.jar:/home/user/.m2/repository/io/netty/netty-common/4.1.30.Final/netty-common-4.1.30.Final.jar:/home/user/.m2/repository/io/netty/netty-buffer/4.1.30.Final/netty-buffer-4.1.30.Final.jar:/home/user/.m2/repository/io/netty/netty-transport/4.1.30.Final/netty-transport-4.1.30.Final.jar:/home/user/.m2/repository/io/netty/netty-resolver/4.1.30.Final/netty-resolver-4.1.30.Final.jar:/home/user/.m2/repository/io/netty/netty-transport-native-unix-common/4.1.30.Final/netty-transport-native-unix-common-4.1.30.Final.jar:/home/user/.m2/repository/io/grpc/grpc-protobuf/1.17.1/grpc-protobuf-1.17.1.jar:/home/user/.m2/repository/com/google/api/grpc/proto-google-common-protos/1.0.0/proto-google-common-protos-1.0.0.jar:/home/user/.m2/repository/io/grpc/grpc-protobuf-lite/1.17.1/grpc-protobuf-lite-1.17.1.jar:/home/user/.m2/repository/io/grpc/grpc-stub/1.17.1/grpc-stub-1.17.1.jar:/home/user/.m2/repository/org/apache/hadoop/hadoop-ozone-recon/0.5.0-SNAPSHOT/hadoop-ozone-recon-0.5.0-SNAPSHOT.jar:/home/user/.m2/repository/org/apache/hadoop/hadoop-ozone-reconcodegen/0.5.0-SNAPSHOT/hadoop-ozone-reconcodegen-0.5.0-SNAPSHOT.jar:/home/user/.m2/repository/com/google/inject/extensions/guice-multibindings/4.0/guice-multibindings-4.0.jar:/home/user/.m2/repository/com/google/inject/guice/4.0/guice-4.0.jar:/home/user/.m2/repository/aopalliance/aopalliance/1.0/aopalliance-1.0.jar:/home/user/.m2/repository/com/google/inject/extensions/guice-servlet/4.0/guice-servlet-4.0.jar:/home/user/.m2/repository/org/glassfish/jersey/containers/jersey-container-servlet/2.27/jersey-container-servlet-2.27.jar:/home/user/.m2/repository/org/glassfish/hk2/guice-bridge/2.5.0/guice-bridge-2.5.0.jar:/home/user/.m2/repository/org/glassfish/jersey/core/jersey-server/2.27/jersey-server-2.27.jar:/home/user/.m2/repository/org/glassfish/jersey/core/jersey-client/2.27/jersey-client-2.27.jar:/home/user/.m2/repository/org/glassfish/jersey/media/jersey-media-jaxb/2.27/jersey-media-jaxb-2.27.jar:/home/user/.m2/repository/javax/validation/validation-api/1.1.0.Final/validation-api-1.1.0.Final.jar:/home/user/.m2/repository/org/glassfish/jersey/media/jersey-media-json-jackson/2.27/jersey-media-json-jackson-2.27.jar:/home/user/.m2/repository/org/glassfish/jersey/ext/jersey-entity-filtering/2.27/jersey-entity-filtering-2.27.jar:/home/user/.m2/repository/com/google/inject/extensions/guice-assistedinject/4.0/guice-assistedinject-4.0.jar:/home/user/.m2/repository/org/jooq/jooq/3.11.10/jooq-3.11.10.jar:/home/user/.m2/repository/org/jooq/jooq-meta/3.11.10/jooq-meta-3.11.10.jar:/home/user/.m2/repository/org/jooq/jooq-codegen/3.11.10/jooq-codegen-3.11.10.jar:/home/user/.m2/repository/com/jolbox/bonecp/0.8.0.RELEASE/bonecp-0.8.0.RELEASE.jar:/home/user/.m2/repository/org/xerial/sqlite-jdbc/3.25.2/sqlite-jdbc-3.25.2.jar:/home/user/.m2/repository/org/springframework/spring-jdbc/5.1.3.RELEASE/spring-jdbc-5.1.3.RELEASE.jar:/home/user/.m2/repository/org/springframework/spring-beans/5.1.3.RELEASE/spring-beans-5.1.3.RELEASE.jar:/home/user/.m2/repository/org/springframework/spring-core/5.1.3.RELEASE/spring-core-5.1.3.RELEASE.jar:/home/user/.m2/repository/org/springframework/spring-jcl/5.1.3.RELEASE/spring-jcl-5.1.3.RELEASE.jar:/home/user/.m2/repository/org/springframework/spring-tx/5.1.3.RELEASE/spring-tx-5.1.3.RELEASE.jar:/home/user/.m2/repository/org/apache/hadoop/hadoop-ozone-client/0.5.0-SNAPSHOT/hadoop-ozone-client-0.5.0-SNAPSHOT.jar:/home/user/.m2/repository/commons-lang/commons-lang/2.6/commons-lang-2.6.jar:/home/user/.m2/repository/org/apache/hadoop/hadoop-ozone-ozone-manager/0.5.0-SNAPSHOT/hadoop-ozone-ozone-manager-0.5.0-SNAPSHOT-tests.jar:/home/user/.m2/repository/junit/junit/4.11/junit-4.11.jar:/home/user/.m2/repository/org/hamcrest/hamcrest-core/1.3/hamcrest-core-1.3.jar:/home/user/.m2/repository/org/openjdk/jmh/jmh-core/1.19/jmh-core-1.19.jar:/home/user/.m2/repository/net/sf/jopt-simple/jopt-simple/4.6/jopt-simple-4.6.jar:/home/user/.m2/repository/org/apache/commons/commons-math3/3.1.1/commons-math3-3.1.1.jar:/home/user/.m2/repository/org/openjdk/jmh/jmh-generator-annprocess/1.19/jmh-generator-annprocess-1.19.jar:/home/user/.m2/repository/org/mockito/mockito-all/1.8.5/mockito-all-1.8.5.jar:/home/user/.m2/repository/org/apache/hadoop/hadoop-kms/3.2.0/hadoop-kms-3.2.0.jar:/home/user/.m2/repository/org/apache/hadoop/hadoop-auth/3.2.0/hadoop-auth-3.2.0.jar:/home/user/.m2/repository/com/nimbusds/nimbus-jose-jwt/4.41.1/nimbus-jose-jwt-4.41.1.jar:/home/user/.m2/repository/com/github/stephenc/jcip/jcip-annotations/1.0-1/jcip-annotations-1.0-1.jar:/home/user/.m2/repository/net/minidev/json-smart/2.3/json-smart-2.3.jar:/home/user/.m2/repository/net/minidev/accessors-smart/1.2/accessors-smart-1.2.jar:/home/user/.m2/repository/org/ow2/asm/asm/5.0.4/asm-5.0.4.jar:/home/user/.m2/repository/org/apache/curator/curator-framework/2.12.0/curator-framework-2.12.0.jar:/home/user/.m2/repository/com/sun/jersey/jersey-core/1.19/jersey-core-1.19.jar:/home/user/.m2/repository/javax/ws/rs/jsr311-api/1.1.1/jsr311-api-1.1.1.jar:/home/user/.m2/repository/com/sun/jersey/jersey-server/1.19/jersey-server-1.19.jar:/home/user/.m2/repository/javax/servlet/javax.servlet-api/3.1.0/javax.servlet-api-3.1.0.jar:/home/user/.m2/repository/org/eclipse/jetty/jetty-server/9.3.25.v20180904/jetty-server-9.3.25.v20180904.jar:/home/user/.m2/repository/org/eclipse/jetty/jetty-http/9.3.25.v20180904/jetty-http-9.3.25.v20180904.jar:/home/user/.m2/repository/org/eclipse/jetty/jetty-io/9.3.25.v20180904/jetty-io-9.3.25.v20180904.jar:/home/user/.m2/repository/org/eclipse/jetty/jetty-webapp/9.3.25.v20180904/jetty-webapp-9.3.25.v20180904.jar:/home/user/.m2/repository/org/eclipse/jetty/jetty-xml/9.3.25.v20180904/jetty-xml-9.3.25.v20180904.jar:/home/user/.m2/repository/log4j/log4j/1.2.17/log4j-1.2.17.jar:/home/user/.m2/repository/org/slf4j/slf4j-api/1.7.25/slf4j-api-1.7.25.jar:/home/user/.m2/repository/org/slf4j/jul-to-slf4j/1.7.25/jul-to-slf4j-1.7.25.jar:/home/user/.m2/repository/org/eclipse/jetty/jetty-util/9.3.25.v20180904/jetty-util-9.3.25.v20180904.jar:/home/user/.m2/repository/com/fasterxml/jackson/core/jackson-databind/2.9.9/jackson-databind-2.9.9.jar:/home/user/.m2/repository/org/apache/hadoop/hadoop-kms/3.2.0/hadoop-kms-3.2.0-tests.jar:/home/user/.m2/repository/org/apache/hadoop/hadoop-hdds-server-scm/0.5.0-SNAPSHOT/hadoop-hdds-server-scm-0.5.0-SNAPSHOT-tests.jar:/home/user/.m2/repository/org/apache/hadoop/hadoop-hdds-container-service/0.5.0-SNAPSHOT/hadoop-hdds-container-service-0.5.0-SNAPSHOT-tests.jar:/home/user/.m2/repository/org/yaml/snakeyaml/1.16/snakeyaml-1.16.jar:/home/user/.m2/repository/org/apache/hadoop/hadoop-common/3.2.0/hadoop-common-3.2.0-tests.jar:/home/user/.m2/repository/org/apache/hadoop/hadoop-annotations/3.2.0/hadoop-annotations-3.2.0.jar:/usr/lib/jvm/java-1.8-openjdk/jre/../lib/tools.jar:/home/user/.m2/repository/commons-cli/commons-cli/1.2/commons-cli-1.2.jar:/home/user/.m2/repository/org/apache/httpcomponents/httpclient/4.5.2/httpclient-4.5.2.jar:/home/user/.m2/repository/org/apache/httpcomponents/httpcore/4.4.4/httpcore-4.4.4.jar:/home/user/.m2/repository/commons-codec/commons-codec/1.11/commons-codec-1.11.jar:/home/user/.m2/repository/commons-net/commons-net/3.6/commons-net-3.6.jar:/home/user/.m2/repository/commons-collections/commons-collections/3.2.2/commons-collections-3.2.2.jar:/home/user/.m2/repository/org/eclipse/jetty/jetty-servlet/9.3.25.v20180904/jetty-servlet-9.3.25.v20180904.jar:/home/user/.m2/repository/org/eclipse/jetty/jetty-security/9.3.25.v20180904/jetty-security-9.3.25.v20180904.jar:/home/user/.m2/repository/javax/servlet/jsp/jsp-api/2.1/jsp-api-2.1.jar:/home/user/.m2/repository/com/sun/jersey/jersey-servlet/1.19/jersey-servlet-1.19.jar:/home/user/.m2/repository/com/sun/jersey/jersey-json/1.19/jersey-json-1.19.jar:/home/user/.m2/repository/org/codehaus/jettison/jettison/1.1/jettison-1.1.jar:/home/user/.m2/repository/org/codehaus/jackson/jackson-core-asl/1.9.13/jackson-core-asl-1.9.13.jar:/home/user/.m2/repository/org/codehaus/jackson/jackson-mapper-asl/1.9.13/jackson-mapper-asl-1.9.13.jar:/home/user/.m2/repository/org/codehaus/jackson/jackson-jaxrs/1.9.13/jackson-jaxrs-1.9.13.jar:/home/user/.m2/repository/org/codehaus/jackson/jackson-xc/1.9.13/jackson-xc-1.9.13.jar:/home/user/.m2/repository/commons-logging/commons-logging/1.1.3/commons-logging-1.1.3.jar:/home/user/.m2/repository/commons-beanutils/commons-beanutils/1.9.4/commons-beanutils-1.9.4.jar:/home/user/.m2/repository/org/apache/commons/commons-configuration2/2.1.1/commons-configuration2-2.1.1.jar:/home/user/.m2/repository/org/apache/commons/commons-lang3/3.7/commons-lang3-3.7.jar:/home/user/.m2/repository/org/apache/commons/commons-text/1.4/commons-text-1.4.jar:/home/user/.m2/repository/org/apache/avro/avro/1.7.7/avro-1.7.7.jar:/home/user/.m2/repository/com/thoughtworks/paranamer/paranamer/2.3/paranamer-2.3.jar:/home/user/.m2/repository/org/xerial/snappy/snappy-java/1.0.5/snappy-java-1.0.5.jar:/home/user/.m2/repository/com/google/re2j/re2j/1.1/re2j-1.1.jar:/home/user/.m2/repository/com/google/code/gson/gson/2.2.4/gson-2.2.4.jar:/home/user/.m2/repository/com/jcraft/jsch/0.1.54/jsch-0.1.54.jar:/home/user/.m2/repository/org/apache/curator/curator-client/2.12.0/curator-client-2.12.0.jar:/home/user/.m2/repository/org/apache/curator/curator-recipes/2.12.0/curator-recipes-2.12.0.jar:/home/user/.m2/repository/com/google/code/findbugs/jsr305/3.0.0/jsr305-3.0.0.jar:/home/user/.m2/repository/org/apache/htrace/htrace-core4/4.1.0-incubating/htrace-core4-4.1.0-incubating.jar:/home/user/.m2/repository/org/apache/zookeeper/zookeeper/3.4.13/zookeeper-3.4.13.jar:/home/user/.m2/repository/jline/jline/0.9.94/jline-0.9.94.jar:/home/user/.m2/repository/org/apache/yetus/audience-annotations/0.5.0/audience-annotations-0.5.0.jar:/home/user/.m2/repository/org/codehaus/woodstox/stax2-api/3.1.4/stax2-api-3.1.4.jar:/home/user/.m2/repository/com/fasterxml/woodstox/woodstox-core/5.0.3/woodstox-core-5.0.3.jar:/home/user/.m2/repository/dnsjava/dnsjava/2.1.7/dnsjava-2.1.7.jar:/home/user/.m2/repository/org/apache/hadoop/hadoop-hdfs/3.2.0/hadoop-hdfs-3.2.0-tests.jar:/home/user/.m2/repository/org/eclipse/jetty/jetty-util-ajax/9.3.25.v20180904/jetty-util-ajax-9.3.25.v20180904.jar:/home/user/.m2/repository/commons-daemon/commons-daemon/1.0.13/commons-daemon-1.0.13.jar:/home/user/.m2/repository/io/netty/netty/3.10.5.Final/netty-3.10.5.Final.jar:/home/user/.m2/repository/io/netty/netty-all/4.0.52.Final/netty-all-4.0.52.Final.jar:/home/user/.m2/repository/org/fusesource/leveldbjni/leveldbjni-all/1.8/leveldbjni-all-1.8.jar:"/>
    <property name="sun.cpu.endian" value="little"/>
    <property name="user.home" value="/home/user"/>
    <property name="user.language" value="en"/>
    <property name="java.specification.vendor" value="Oracle Corporation"/>
    <property name="java.home" value="/usr/lib/jvm/java-1.8-openjdk/jre"/>
    <property name="java.security.krb5.conf" value="/workdir/hadoop-ozone/integration-test/target/test-classes/krb5.conf"/>
    <property name="basedir" value="/workdir/hadoop-ozone/integration-test"/>
    <property name="file.separator" value="/"/>
    <property name="line.separator" value="&#10;"/>
    <property name="java.vm.specification.vendor" value="Oracle Corporation"/>
    <property name="java.specification.name" value="Java Platform API Specification"/>
    <property name="java.awt.graphicsenv" value="sun.awt.X11GraphicsEnvironment"/>
    <property name="surefire.real.class.path" value="/workdir/hadoop-ozone/integration-test/target/surefire/surefirebooter5125805391405286948.jar"/>
    <property name="hadoop.log.dir" value="/workdir/hadoop-ozone/integration-test/target/log"/>
    <property name="sun.boot.class.path" value="/usr/lib/jvm/java-1.8-openjdk/jre/lib/resources.jar:/usr/lib/jvm/java-1.8-openjdk/jre/lib/rt.jar:/usr/lib/jvm/java-1.8-openjdk/jre/lib/sunrsasign.jar:/usr/lib/jvm/java-1.8-openjdk/jre/lib/jsse.jar:/usr/lib/jvm/java-1.8-openjdk/jre/lib/jce.jar:/usr/lib/jvm/java-1.8-openjdk/jre/lib/charsets.jar:/usr/lib/jvm/java-1.8-openjdk/jre/lib/jfr.jar:/usr/lib/jvm/java-1.8-openjdk/jre/classes"/>
    <property name="sun.management.compiler" value="HotSpot 64-Bit Tiered Compilers"/>
    <property name="java.runtime.version" value="1.8.0_212-b04"/>
    <property name="java.net.preferIPv4Stack" value="true"/>
    <property name="user.name" value="jenkins1000"/>
    <property name="path.separator" value=":"/>
    <property name="java.security.egd" value="file:///dev/urandom"/>
    <property name="os.version" value="3.10.0-957.12.2.el7.x86_64"/>
    <property name="java.endorsed.dirs" value="/usr/lib/jvm/java-1.8-openjdk/jre/lib/endorsed"/>
    <property name="java.runtime.name" value="OpenJDK Runtime Environment"/>
    <property name="file.encoding" value="UTF-8"/>
    <property name="java.vm.name" value="OpenJDK 64-Bit Server VM"/>
    <property name="test.build.webapps" value=""/>
    <property name="localRepository" value="/home/user/.m2/repository"/>
    <property name="java.vendor.url.bug" value="https://icedtea.classpath.org/bugzilla"/>
    <property name="java.io.tmpdir" value="/tmp"/>
    <property name="require.test.libhadoop" value=""/>
    <property name="java.version" value="1.8.0_212"/>
    <property name="user.dir" value="/workdir/hadoop-ozone/integration-test"/>
    <property name="os.arch" value="amd64"/>
    <property name="java.vm.specification.name" value="Java Virtual Machine Specification"/>
    <property name="test.build.classes" value="/workdir/hadoop-ozone/integration-test/target/test-classes"/>
    <property name="java.awt.printerjob" value="sun.print.PSPrinterJob"/>
    <property name="sun.os.patch.level" value="unknown"/>
    <property name="hadoop.tmp.dir" value="/workdir/hadoop-ozone/integration-test/target/tmp"/>
    <property name="java.library.path" value="/usr/lib/jvm/java-1.8-openjdk/jre/lib/amd64/server:/usr/lib/jvm/java-1.8-openjdk/jre/lib/amd64:/usr/lib/jvm/java-1.8-openjdk/jre/../lib/amd64:/workdir/hadoop-ozone/integration-test/target/native/target/usr/local/lib:/workdir/hadoop-ozone/integration-test/../../hadoop-common-project/hadoop-common/target/native/target/usr/local/lib:/usr/java/packages/lib/amd64:/usr/lib64:/lib64:/lib:/usr/lib"/>
    <property name="java.vm.info" value="mixed mode"/>
    <property name="java.vendor" value="IcedTea"/>
    <property name="java.vm.version" value="25.212-b04"/>
    <property name="java.ext.dirs" value="/usr/lib/jvm/java-1.8-openjdk/jre/lib/ext:/usr/java/packages/lib/ext"/>
    <property name="sun.io.unicode.encoding" value="UnicodeLittle"/>
    <property name="java.class.version" value="52.0"/>
  </properties>
  <testcase name="testWatchForCommitWithKeyWrite" classname="org.apache.hadoop.ozone.client.rpc.TestWatchForCommit" time="76.382"/>
  <testcase name="testWatchForCommitWithSmallerTimeoutValue" classname="org.apache.hadoop.ozone.client.rpc.TestWatchForCommit" time="42.316"/>
  <testcase name="testWatchForCommitForRetryfailure" classname="org.apache.hadoop.ozone.client.rpc.TestWatchForCommit" time="73.843"/>
  <testcase name="testWatchForCommitForGroupMismatchException" classname="org.apache.hadoop.ozone.client.rpc.TestWatchForCommit" time="31.994"/>
  <testcase name="test2WayCommitForTimeoutException" classname="org.apache.hadoop.ozone.client.rpc.TestWatchForCommit" time="37.339">
    <error type="java.util.concurrent.TimeoutException">java.util.concurrent.TimeoutException
	at java.util.concurrent.CompletableFuture.timedGet(CompletableFuture.java:1771)
	at java.util.concurrent.CompletableFuture.get(CompletableFuture.java:1915)
	at org.apache.hadoop.hdds.scm.XceiverClientRatis.watchForCommit(XceiverClientRatis.java:298)
	at org.apache.hadoop.ozone.client.rpc.TestWatchForCommit.test2WayCommitForTimeoutException(TestWatchForCommit.java:391)
	at sun.reflect.NativeMethodAccessorImpl.invoke0(Native Method)
	at sun.reflect.NativeMethodAccessorImpl.invoke(NativeMethodAccessorImpl.java:62)
	at sun.reflect.DelegatingMethodAccessorImpl.invoke(DelegatingMethodAccessorImpl.java:43)
	at java.lang.reflect.Method.invoke(Method.java:498)
	at org.junit.runners.model.FrameworkMethod$1.runReflectiveCall(FrameworkMethod.java:47)
	at org.junit.internal.runners.model.ReflectiveCallable.run(ReflectiveCallable.java:12)
	at org.junit.runners.model.FrameworkMethod.invokeExplosively(FrameworkMethod.java:44)
	at org.junit.internal.runners.statements.InvokeMethod.evaluate(InvokeMethod.java:17)
	at org.junit.runners.ParentRunner.runLeaf(ParentRunner.java:271)
	at org.junit.runners.BlockJUnit4ClassRunner.runChild(BlockJUnit4ClassRunner.java:70)
	at org.junit.runners.BlockJUnit4ClassRunner.runChild(BlockJUnit4ClassRunner.java:50)
	at org.junit.runners.ParentRunner$3.run(ParentRunner.java:238)
	at org.junit.runners.ParentRunner$1.schedule(ParentRunner.java:63)
	at org.junit.runners.ParentRunner.runChildren(ParentRunner.java:236)
	at org.junit.runners.ParentRunner.access$000(ParentRunner.java:53)
	at org.junit.runners.ParentRunner$2.evaluate(ParentRunner.java:229)
	at org.junit.runners.ParentRunner.run(ParentRunner.java:309)
	at org.apache.maven.surefire.junit4.JUnit4Provider.execute(JUnit4Provider.java:365)
	at org.apache.maven.surefire.junit4.JUnit4Provider.executeWithRerun(JUnit4Provider.java:273)
	at org.apache.maven.surefire.junit4.JUnit4Provider.executeTestSet(JUnit4Provider.java:238)
	at org.apache.maven.surefire.junit4.JUnit4Provider.invoke(JUnit4Provider.java:159)
	at org.apache.maven.surefire.booter.ForkedBooter.invokeProviderInSameClassLoader(ForkedBooter.java:384)
	at org.apache.maven.surefire.booter.ForkedBooter.runSuitesInProcess(ForkedBooter.java:345)
	at org.apache.maven.surefire.booter.ForkedBooter.execute(ForkedBooter.java:126)
	at org.apache.maven.surefire.booter.ForkedBooter.main(ForkedBooter.java:418)
</error>
    <system-out><![CDATA[2019-10-01 16:35:48,130 [main] WARN  server.ServerUtils (ServerUtils.java:getScmDbDir(145)) - ozone.scm.db.dirs is not configured. We recommend adding this setting. Falling back to ozone.metadata.dirs instead.
2019-10-01 16:35:48,144 [main] WARN  server.ServerUtils (ServerUtils.java:getScmDbDir(145)) - ozone.scm.db.dirs is not configured. We recommend adding this setting. Falling back to ozone.metadata.dirs instead.
2019-10-01 16:35:48,144 [main] WARN  server.ServerUtils (ServerUtils.java:getScmDbDir(145)) - ozone.scm.db.dirs is not configured. We recommend adding this setting. Falling back to ozone.metadata.dirs instead.
2019-10-01 16:35:48,144 [main] INFO  db.DBStoreBuilder (DBStoreBuilder.java:addTable(110)) - using custom profile for table: deletedBlocks
2019-10-01 16:35:48,145 [main] INFO  db.DBStoreBuilder (DBStoreBuilder.java:processTables(161)) - Using default column profile:DBProfile.DISK for Table:deletedBlocks
2019-10-01 16:35:48,145 [main] INFO  db.DBStoreBuilder (DBStoreBuilder.java:addTable(110)) - using custom profile for table: validCerts
2019-10-01 16:35:48,145 [main] INFO  db.DBStoreBuilder (DBStoreBuilder.java:processTables(161)) - Using default column profile:DBProfile.DISK for Table:validCerts
2019-10-01 16:35:48,145 [main] INFO  db.DBStoreBuilder (DBStoreBuilder.java:addTable(110)) - using custom profile for table: revokedCerts
2019-10-01 16:35:48,145 [main] INFO  db.DBStoreBuilder (DBStoreBuilder.java:processTables(161)) - Using default column profile:DBProfile.DISK for Table:revokedCerts
2019-10-01 16:35:48,146 [main] INFO  db.DBStoreBuilder (DBStoreBuilder.java:addTable(110)) - using custom profile for table: default
2019-10-01 16:35:48,146 [main] INFO  db.DBStoreBuilder (DBStoreBuilder.java:processTables(167)) - Using default column profile:DBProfile.DISK for Table:default
2019-10-01 16:35:48,146 [main] INFO  db.DBStoreBuilder (DBStoreBuilder.java:getDbProfile(198)) - Using default options. DBProfile.DISK
2019-10-01 16:35:48,215 [main] INFO  net.NodeSchemaLoader (NodeSchemaLoader.java:loadSchemaFromFile(125)) - Loading file from sun.misc.CompoundEnumeration@18e4674d
2019-10-01 16:35:48,216 [main] INFO  net.NodeSchemaLoader (NodeSchemaLoader.java:loadSchema(171)) - Loading network topology layer schema file
2019-10-01 16:35:48,219 [main] WARN  server.ServerUtils (ServerUtils.java:sanitizeUserArgs(70)) - ozone.scm.stale.node.interval value = 300000 is larger than max = 100000 based on the key value of ozone.scm.heartbeat.thread.interval, reset to the max value 100000.
2019-10-01 16:35:48,220 [main] WARN  server.ServerUtils (ServerUtils.java:sanitizeUserArgs(70)) - ozone.scm.stale.node.interval value = 300000 is larger than max = 100000 based on the key value of ozone.scm.heartbeat.thread.interval, reset to the max value 100000.
2019-10-01 16:35:48,220 [main] INFO  node.SCMNodeManager (SCMNodeManager.java:<init>(114)) - Entering startup safe mode.
2019-10-01 16:35:48,220 [main] INFO  algorithms.ContainerPlacementPolicyFactory (ContainerPlacementPolicyFactory.java:getPolicy(57)) - Create container placement policy of type org.apache.hadoop.hdds.scm.container.placement.algorithms.SCMContainerPlacementRandom
2019-10-01 16:35:48,221 [main] WARN  server.ServerUtils (ServerUtils.java:getScmDbDir(145)) - ozone.scm.db.dirs is not configured. We recommend adding this setting. Falling back to ozone.metadata.dirs instead.
2019-10-01 16:35:48,274 [main] INFO  pipeline.SCMPipelineManager (SCMPipelineManager.java:initializePipelineState(132)) - No pipeline exists in current db
2019-10-01 16:35:48,275 [main] WARN  server.ServerUtils (ServerUtils.java:getScmDbDir(145)) - ozone.scm.db.dirs is not configured. We recommend adding this setting. Falling back to ozone.metadata.dirs instead.
2019-10-01 16:35:48,325 [main] WARN  events.EventQueue (EventQueue.java:fireEvent(183)) - No event handler registered for event TypedEvent{payloadType=SafeModeStatus, name='SafeModeStatus'}
2019-10-01 16:35:48,326 [main] INFO  ipc.CallQueueManager (CallQueueManager.java:<init>(84)) - Using callQueue: class java.util.concurrent.LinkedBlockingQueue, queueCapacity: 2000, scheduler: class org.apache.hadoop.ipc.DefaultRpcScheduler, ipcBackoff: false.
2019-10-01 16:35:48,327 [Socket Reader #1 for port 39056] INFO  ipc.Server (Server.java:run(1074)) - Starting Socket Reader #1 for port 39056
2019-10-01 16:35:48,329 [main] INFO  ipc.CallQueueManager (CallQueueManager.java:<init>(84)) - Using callQueue: class java.util.concurrent.LinkedBlockingQueue, queueCapacity: 2000, scheduler: class org.apache.hadoop.ipc.DefaultRpcScheduler, ipcBackoff: false.
2019-10-01 16:35:48,329 [Socket Reader #1 for port 33190] INFO  ipc.Server (Server.java:run(1074)) - Starting Socket Reader #1 for port 33190
2019-10-01 16:35:48,331 [main] INFO  ipc.CallQueueManager (CallQueueManager.java:<init>(84)) - Using callQueue: class java.util.concurrent.LinkedBlockingQueue, queueCapacity: 2000, scheduler: class org.apache.hadoop.ipc.DefaultRpcScheduler, ipcBackoff: false.
2019-10-01 16:35:48,331 [Socket Reader #1 for port 42200] INFO  ipc.Server (Server.java:run(1074)) - Starting Socket Reader #1 for port 42200
2019-10-01 16:35:48,335 [main] INFO  hdfs.DFSUtil (DFSUtil.java:httpServerTemplateForNNAndJN(1641)) - Starting Web-server for scm at: http://0.0.0.0:0
2019-10-01 16:35:48,337 [main] INFO  server.AuthenticationFilter (AuthenticationFilter.java:constructSecretProvider(240)) - Unable to initialize FileSignerSecretProvider, falling back to use random secrets.
2019-10-01 16:35:48,338 [main] WARN  http.HttpRequestLog (HttpRequestLog.java:getRequestLog(97)) - Jetty request log can only be enabled using Log4j
2019-10-01 16:35:48,339 [main] INFO  http.HttpServer2 (HttpServer2.java:addGlobalFilter(975)) - Added global filter 'safety' (class=org.apache.hadoop.http.HttpServer2$QuotingInputFilter)
2019-10-01 16:35:48,340 [main] INFO  http.HttpServer2 (HttpServer2.java:addFilter(948)) - Added filter static_user_filter (class=org.apache.hadoop.http.lib.StaticUserWebFilter$StaticUserFilter) to context scm
2019-10-01 16:35:48,340 [main] INFO  http.HttpServer2 (HttpServer2.java:addFilter(958)) - Added filter static_user_filter (class=org.apache.hadoop.http.lib.StaticUserWebFilter$StaticUserFilter) to context logs
2019-10-01 16:35:48,340 [main] INFO  http.HttpServer2 (HttpServer2.java:addFilter(958)) - Added filter static_user_filter (class=org.apache.hadoop.http.lib.StaticUserWebFilter$StaticUserFilter) to context static
2019-10-01 16:35:48,342 [main] INFO  server.StorageContainerManager (StorageContainerManager.java:start(770)) - StorageContainerLocationProtocol RPC server is listening at /0.0.0.0:42200
2019-10-01 16:35:48,343 [main] WARN  impl.MetricsConfig (MetricsConfig.java:loadFirst(134)) - Cannot locate configuration: tried hadoop-metrics2-storagecontainermanager.properties,hadoop-metrics2.properties
2019-10-01 16:35:48,344 [main] INFO  impl.MetricsSystemImpl (MetricsSystemImpl.java:startTimer(374)) - Scheduled Metric snapshot period at 10 second(s).
2019-10-01 16:35:48,344 [main] INFO  impl.MetricsSystemImpl (MetricsSystemImpl.java:start(191)) - StorageContainerManager metrics system started
2019-10-01 16:35:48,402 [main] WARN  impl.MetricsSystemImpl (MetricsSystemImpl.java:register(276)) - Sink prometheus already exists!
2019-10-01 16:35:48,489 [main] INFO  server.SCMClientProtocolServer (SCMClientProtocolServer.java:start(150)) - RPC server for Client  is listening at /0.0.0.0:42200
2019-10-01 16:35:48,490 [IPC Server Responder] INFO  ipc.Server (Server.java:run(1314)) - IPC Server Responder: starting
2019-10-01 16:35:48,490 [IPC Server listener on 42200] INFO  ipc.Server (Server.java:run(1153)) - IPC Server listener on 42200: starting
2019-10-01 16:35:48,497 [main] INFO  server.StorageContainerManager (StorageContainerManager.java:start(780)) - ScmBlockLocationProtocol RPC server is listening at /0.0.0.0:33190
2019-10-01 16:35:48,497 [main] INFO  server.SCMBlockProtocolServer (SCMBlockProtocolServer.java:start(146)) - RPC server for Block Protocol is listening at /0.0.0.0:33190
2019-10-01 16:35:48,497 [IPC Server Responder] INFO  ipc.Server (Server.java:run(1314)) - IPC Server Responder: starting
2019-10-01 16:35:48,498 [IPC Server listener on 33190] INFO  ipc.Server (Server.java:run(1153)) - IPC Server listener on 33190: starting
2019-10-01 16:35:48,500 [main] INFO  server.StorageContainerManager (StorageContainerManager.java:start(784)) - ScmDatanodeProtocl RPC server is listening at /0.0.0.0:39056
2019-10-01 16:35:48,500 [main] INFO  server.SCMDatanodeProtocolServer (SCMDatanodeProtocolServer.java:start(191)) - RPC server for DataNodes is listening at /0.0.0.0:39056
2019-10-01 16:35:48,501 [IPC Server Responder] INFO  ipc.Server (Server.java:run(1314)) - IPC Server Responder: starting
2019-10-01 16:35:48,502 [IPC Server listener on 39056] INFO  ipc.Server (Server.java:run(1153)) - IPC Server listener on 39056: starting
2019-10-01 16:35:48,505 [main] INFO  http.HttpServer2 (HttpServer2.java:bindListener(1191)) - Jetty bound to port 39343
2019-10-01 16:35:48,505 [main] INFO  server.Server (Server.java:doStart(351)) - jetty-9.3.25.v20180904, build timestamp: 2018-09-04T21:11:46Z, git hash: 3ce520221d0240229c862b122d2b06c12a625732
2019-10-01 16:35:48,508 [main] INFO  handler.ContextHandler (ContextHandler.java:doStart(781)) - Started o.e.j.s.ServletContextHandler@580902cd{/logs,file:///workdir/hadoop-ozone/integration-test/target/log,AVAILABLE}
2019-10-01 16:35:48,508 [main] INFO  handler.ContextHandler (ContextHandler.java:doStart(781)) - Started o.e.j.s.ServletContextHandler@1653b84e{/static,file:///workdir/hadoop-ozone/integration-test/target/test-classes/webapps/static,AVAILABLE}
2019-10-01 16:35:48,513 [main] INFO  handler.ContextHandler (ContextHandler.java:doStart(781)) - Started o.e.j.w.WebAppContext@7a31ca20{/,file:///workdir/hadoop-ozone/integration-test/target/test-classes/webapps/scm/,AVAILABLE}{/scm}
2019-10-01 16:35:48,514 [main] INFO  server.AbstractConnector (AbstractConnector.java:doStart(278)) - Started ServerConnector@349c4d1c{HTTP/1.1,[http/1.1]}{0.0.0.0:39343}
2019-10-01 16:35:48,515 [main] INFO  server.Server (Server.java:doStart(419)) - Started @225323ms
2019-10-01 16:35:48,515 [main] WARN  impl.MetricsSystemImpl (MetricsSystemImpl.java:register(276)) - Sink prometheus already exists!
2019-10-01 16:35:48,516 [main] INFO  server.BaseHttpServer (BaseHttpServer.java:updateConnectorAddress(215)) - HTTP server of SCM is listening at http://0.0.0.0:39343
2019-10-01 16:35:48,517 [main] WARN  server.ServerUtils (ServerUtils.java:getDBPath(222)) - ozone.om.db.dirs is not configured. We recommend adding this setting. Falling back to ozone.metadata.dirs instead.
2019-10-01 16:35:48,518 [org.apache.hadoop.util.JvmPauseMonitor$Monitor@de579ff] INFO  util.JvmPauseMonitor (JvmPauseMonitor.java:run(188)) - Starting JVM pause monitor
2019-10-01 16:35:48,532 [main] WARN  server.ServerUtils (ServerUtils.java:getDBPath(222)) - ozone.om.db.dirs is not configured. We recommend adding this setting. Falling back to ozone.metadata.dirs instead.
2019-10-01 16:35:48,532 [main] WARN  server.ServerUtils (ServerUtils.java:getDBPath(222)) - ozone.om.db.dirs is not configured. We recommend adding this setting. Falling back to ozone.metadata.dirs instead.
2019-10-01 16:35:48,533 [main] INFO  om.OzoneManager (OzoneManager.java:setOMNodeDetails(652)) - OM Service ID is not set. Setting it to the default ID: omServiceIdDefault
2019-10-01 16:35:48,533 [main] INFO  om.OzoneManager (OzoneManager.java:setOMNodeDetails(658)) - OM Node ID is not set. Setting it to the OmStorage's OmID: 1857aec8-9726-4480-854e-684720b24b8d
2019-10-01 16:35:48,533 [main] INFO  om.OzoneManager (OzoneManager.java:loadOMHAConfigs(609)) - Found matching OM address with OMServiceId: null, OMNodeId: null, RPC Address: localhost:0 and Ratis port: 9872
2019-10-01 16:35:48,543 [main] WARN  server.ServerUtils (ServerUtils.java:getDBPath(222)) - ozone.om.db.dirs is not configured. We recommend adding this setting. Falling back to ozone.metadata.dirs instead.
2019-10-01 16:35:48,544 [main] INFO  db.DBStoreBuilder (DBStoreBuilder.java:addTable(110)) - using custom profile for table: userTable
2019-10-01 16:35:48,544 [main] INFO  db.DBStoreBuilder (DBStoreBuilder.java:processTables(161)) - Using default column profile:DBProfile.DISK for Table:userTable
2019-10-01 16:35:48,544 [main] INFO  db.DBStoreBuilder (DBStoreBuilder.java:addTable(110)) - using custom profile for table: volumeTable
2019-10-01 16:35:48,544 [main] INFO  db.DBStoreBuilder (DBStoreBuilder.java:processTables(161)) - Using default column profile:DBProfile.DISK for Table:volumeTable
2019-10-01 16:35:48,545 [main] INFO  db.DBStoreBuilder (DBStoreBuilder.java:addTable(110)) - using custom profile for table: bucketTable
2019-10-01 16:35:48,545 [main] INFO  db.DBStoreBuilder (DBStoreBuilder.java:processTables(161)) - Using default column profile:DBProfile.DISK for Table:bucketTable
2019-10-01 16:35:48,545 [main] INFO  db.DBStoreBuilder (DBStoreBuilder.java:addTable(110)) - using custom profile for table: keyTable
2019-10-01 16:35:48,545 [main] INFO  db.DBStoreBuilder (DBStoreBuilder.java:processTables(161)) - Using default column profile:DBProfile.DISK for Table:keyTable
2019-10-01 16:35:48,546 [main] INFO  db.DBStoreBuilder (DBStoreBuilder.java:addTable(110)) - using custom profile for table: deletedTable
2019-10-01 16:35:48,546 [main] INFO  db.DBStoreBuilder (DBStoreBuilder.java:processTables(161)) - Using default column profile:DBProfile.DISK for Table:deletedTable
2019-10-01 16:35:48,546 [main] INFO  db.DBStoreBuilder (DBStoreBuilder.java:addTable(110)) - using custom profile for table: openKeyTable
2019-10-01 16:35:48,546 [main] INFO  db.DBStoreBuilder (DBStoreBuilder.java:processTables(161)) - Using default column profile:DBProfile.DISK for Table:openKeyTable
2019-10-01 16:35:48,546 [main] INFO  db.DBStoreBuilder (DBStoreBuilder.java:addTable(110)) - using custom profile for table: s3Table
2019-10-01 16:35:48,547 [main] INFO  db.DBStoreBuilder (DBStoreBuilder.java:processTables(161)) - Using default column profile:DBProfile.DISK for Table:s3Table
2019-10-01 16:35:48,547 [main] INFO  db.DBStoreBuilder (DBStoreBuilder.java:addTable(110)) - using custom profile for table: multipartInfoTable
2019-10-01 16:35:48,547 [main] INFO  db.DBStoreBuilder (DBStoreBuilder.java:processTables(161)) - Using default column profile:DBProfile.DISK for Table:multipartInfoTable
2019-10-01 16:35:48,547 [main] INFO  db.DBStoreBuilder (DBStoreBuilder.java:addTable(110)) - using custom profile for table: dTokenTable
2019-10-01 16:35:48,547 [main] INFO  db.DBStoreBuilder (DBStoreBuilder.java:processTables(161)) - Using default column profile:DBProfile.DISK for Table:dTokenTable
2019-10-01 16:35:48,548 [main] INFO  db.DBStoreBuilder (DBStoreBuilder.java:addTable(110)) - using custom profile for table: s3SecretTable
2019-10-01 16:35:48,548 [main] INFO  db.DBStoreBuilder (DBStoreBuilder.java:processTables(161)) - Using default column profile:DBProfile.DISK for Table:s3SecretTable
2019-10-01 16:35:48,548 [main] INFO  db.DBStoreBuilder (DBStoreBuilder.java:addTable(110)) - using custom profile for table: prefixTable
2019-10-01 16:35:48,548 [main] INFO  db.DBStoreBuilder (DBStoreBuilder.java:processTables(161)) - Using default column profile:DBProfile.DISK for Table:prefixTable
2019-10-01 16:35:48,549 [main] INFO  db.DBStoreBuilder (DBStoreBuilder.java:addTable(110)) - using custom profile for table: default
2019-10-01 16:35:48,549 [main] INFO  db.DBStoreBuilder (DBStoreBuilder.java:processTables(167)) - Using default column profile:DBProfile.DISK for Table:default
2019-10-01 16:35:48,549 [main] INFO  db.DBStoreBuilder (DBStoreBuilder.java:getDbProfile(198)) - Using default options. DBProfile.DISK
2019-10-01 16:35:48,994 [main] INFO  ipc.CallQueueManager (CallQueueManager.java:<init>(84)) - Using callQueue: class java.util.concurrent.LinkedBlockingQueue, queueCapacity: 2000, scheduler: class org.apache.hadoop.ipc.DefaultRpcScheduler, ipcBackoff: false.
2019-10-01 16:35:48,995 [Socket Reader #1 for port 33122] INFO  ipc.Server (Server.java:run(1074)) - Starting Socket Reader #1 for port 33122
2019-10-01 16:35:49,009 [main] INFO  om.OzoneManager (OzoneManager.java:start(1243)) - OzoneManager RPC server is listening at localhost/127.0.0.1:33122
2019-10-01 16:35:49,009 [main] INFO  impl.MetricsSystemImpl (MetricsSystemImpl.java:init(158)) - OzoneManager metrics system started (again)
2019-10-01 16:35:49,010 [IPC Server Responder] INFO  ipc.Server (Server.java:run(1314)) - IPC Server Responder: starting
2019-10-01 16:35:49,010 [IPC Server listener on 33122] INFO  ipc.Server (Server.java:run(1153)) - IPC Server listener on 33122: starting
2019-10-01 16:35:49,017 [main] INFO  hdfs.DFSUtil (DFSUtil.java:httpServerTemplateForNNAndJN(1641)) - Starting Web-server for ozoneManager at: http://0.0.0.0:0
2019-10-01 16:35:49,019 [main] INFO  server.AuthenticationFilter (AuthenticationFilter.java:constructSecretProvider(240)) - Unable to initialize FileSignerSecretProvider, falling back to use random secrets.
2019-10-01 16:35:49,023 [main] WARN  http.HttpRequestLog (HttpRequestLog.java:getRequestLog(97)) - Jetty request log can only be enabled using Log4j
2019-10-01 16:35:49,024 [main] INFO  http.HttpServer2 (HttpServer2.java:addGlobalFilter(975)) - Added global filter 'safety' (class=org.apache.hadoop.http.HttpServer2$QuotingInputFilter)
2019-10-01 16:35:49,025 [main] INFO  http.HttpServer2 (HttpServer2.java:addFilter(948)) - Added filter static_user_filter (class=org.apache.hadoop.http.lib.StaticUserWebFilter$StaticUserFilter) to context ozoneManager
2019-10-01 16:35:49,025 [main] INFO  http.HttpServer2 (HttpServer2.java:addFilter(958)) - Added filter static_user_filter (class=org.apache.hadoop.http.lib.StaticUserWebFilter$StaticUserFilter) to context static
2019-10-01 16:35:49,025 [main] INFO  http.HttpServer2 (HttpServer2.java:addFilter(958)) - Added filter static_user_filter (class=org.apache.hadoop.http.lib.StaticUserWebFilter$StaticUserFilter) to context logs
2019-10-01 16:35:49,026 [main] INFO  http.HttpServer2 (HttpServer2.java:bindListener(1191)) - Jetty bound to port 34376
2019-10-01 16:35:49,026 [main] INFO  server.Server (Server.java:doStart(351)) - jetty-9.3.25.v20180904, build timestamp: 2018-09-04T21:11:46Z, git hash: 3ce520221d0240229c862b122d2b06c12a625732
2019-10-01 16:35:49,028 [main] INFO  handler.ContextHandler (ContextHandler.java:doStart(781)) - Started o.e.j.s.ServletContextHandler@5287ba5f{/logs,file:///workdir/hadoop-ozone/integration-test/target/log,AVAILABLE}
2019-10-01 16:35:49,028 [main] INFO  handler.ContextHandler (ContextHandler.java:doStart(781)) - Started o.e.j.s.ServletContextHandler@6897a4a{/static,file:///workdir/hadoop-ozone/integration-test/target/test-classes/webapps/static,AVAILABLE}
2019-10-01 16:35:49,032 [main] INFO  handler.ContextHandler (ContextHandler.java:doStart(781)) - Started o.e.j.w.WebAppContext@53dd42d6{/,file:///workdir/hadoop-ozone/integration-test/target/test-classes/webapps/ozoneManager/,AVAILABLE}{/ozoneManager}
2019-10-01 16:35:49,032 [main] INFO  server.AbstractConnector (AbstractConnector.java:doStart(278)) - Started ServerConnector@1e76afeb{HTTP/1.1,[http/1.1]}{0.0.0.0:34376}
2019-10-01 16:35:49,034 [main] INFO  server.Server (Server.java:doStart(419)) - Started @225842ms
2019-10-01 16:35:49,034 [main] WARN  impl.MetricsSystemImpl (MetricsSystemImpl.java:register(276)) - Sink prometheus already exists!
2019-10-01 16:35:49,035 [main] INFO  server.BaseHttpServer (BaseHttpServer.java:updateConnectorAddress(215)) - HTTP server of OZONEMANAGER is listening at http://0.0.0.0:34376
2019-10-01 16:35:49,050 [main] INFO  impl.MetricsSystemImpl (MetricsSystemImpl.java:init(158)) - HddsDatanode metrics system started (again)
2019-10-01 16:35:49,054 [main] INFO  ozone.HddsDatanodeService (HddsDatanodeService.java:start(184)) - HddsDatanodeService host:pr-hdds-2223-d4ngw-1748172156 ip:192.168.164.234
2019-10-01 16:35:49,060 [main] INFO  volume.HddsVolume (HddsVolume.java:<init>(176)) - Creating Volume: /workdir/hadoop-ozone/integration-test/target/test-dir/MiniOzoneClusterImpl-259b6801-9924-4de8-a941-26f02370cd4f/datanode-0/data/containers/hdds of  storage type : DISK and capacity : 1482555576320
2019-10-01 16:35:49,060 [main] INFO  volume.VolumeSet (VolumeSet.java:initializeVolumeSet(170)) - Added Volume : /workdir/hadoop-ozone/integration-test/target/test-dir/MiniOzoneClusterImpl-259b6801-9924-4de8-a941-26f02370cd4f/datanode-0/data/containers/hdds to VolumeSet
2019-10-01 16:35:49,061 [main] INFO  volume.ThrottledAsyncChecker (ThrottledAsyncChecker.java:schedule(139)) - Scheduling a check for org.apache.hadoop.ozone.container.common.volume.HddsVolume@1a2ac487
2019-10-01 16:35:49,061 [main] INFO  volume.HddsVolumeChecker (HddsVolumeChecker.java:checkAllVolumes(202)) - Scheduled health check for volume org.apache.hadoop.ozone.container.common.volume.HddsVolume@1a2ac487
2019-10-01 16:35:49,076 [main] INFO  impl.RaftServerProxy (ConfUtils.java:logGet(43)) - raft.rpc.type = GRPC (default)
2019-10-01 16:35:49,076 [main] INFO  grpc.GrpcFactory (GrpcFactory.java:checkPooledByteBufAllocatorUseCacheForAllThreads(45)) - PERFORMANCE WARNING: useCacheForAllThreads is true that may cause Netty to create a lot garbage objects and, as a result, trigger GC.
	It is recommended to disable useCacheForAllThreads by setting -Dorg.apache.ratis.thirdparty.io.netty.allocator.useCacheForAllThreads=false in command line.
2019-10-01 16:35:49,076 [main] INFO  grpc.GrpcConfigKeys$Server (ConfUtils.java:logGet(43)) - raft.grpc.server.port = 0 (default)
2019-10-01 16:35:49,077 [main] INFO  server.GrpcService (ConfUtils.java:logGet(43)) - raft.grpc.message.size.max = 33570816 (custom)
2019-10-01 16:35:49,077 [main] INFO  server.RaftServerConfigKeys (ConfUtils.java:logGet(43)) - raft.server.log.appender.buffer.byte-limit = 33554432 (custom)
2019-10-01 16:35:49,077 [main] INFO  server.GrpcService (ConfUtils.java:logGet(43)) - raft.grpc.flow.control.window = 1MB (=1048576) (default)
2019-10-01 16:35:49,077 [main] INFO  server.RaftServerConfigKeys (ConfUtils.java:logGet(43)) - raft.server.rpc.request.timeout = 3000ms (default)
2019-10-01 16:35:49,078 [main] INFO  server.RaftServerConfigKeys (ConfUtils.java:logGet(43)) - raft.server.storage.dir = [/workdir/hadoop-ozone/integration-test/target/test-dir/MiniOzoneClusterImpl-259b6801-9924-4de8-a941-26f02370cd4f/datanode-0/data/ratis] (custom)
2019-10-01 16:35:49,079 [main] INFO  hdfs.DFSUtil (DFSUtil.java:httpServerTemplateForNNAndJN(1641)) - Starting Web-server for hddsDatanode at: http://0.0.0.0:0
2019-10-01 16:35:49,080 [main] INFO  server.AuthenticationFilter (AuthenticationFilter.java:constructSecretProvider(240)) - Unable to initialize FileSignerSecretProvider, falling back to use random secrets.
2019-10-01 16:35:49,081 [main] WARN  http.HttpRequestLog (HttpRequestLog.java:getRequestLog(97)) - Jetty request log can only be enabled using Log4j
2019-10-01 16:35:49,082 [main] INFO  http.HttpServer2 (HttpServer2.java:addGlobalFilter(975)) - Added global filter 'safety' (class=org.apache.hadoop.http.HttpServer2$QuotingInputFilter)
2019-10-01 16:35:49,082 [main] INFO  http.HttpServer2 (HttpServer2.java:addFilter(948)) - Added filter static_user_filter (class=org.apache.hadoop.http.lib.StaticUserWebFilter$StaticUserFilter) to context hddsDatanode
2019-10-01 16:35:49,082 [main] INFO  http.HttpServer2 (HttpServer2.java:addFilter(958)) - Added filter static_user_filter (class=org.apache.hadoop.http.lib.StaticUserWebFilter$StaticUserFilter) to context logs
2019-10-01 16:35:49,082 [main] INFO  http.HttpServer2 (HttpServer2.java:addFilter(958)) - Added filter static_user_filter (class=org.apache.hadoop.http.lib.StaticUserWebFilter$StaticUserFilter) to context static
2019-10-01 16:35:49,083 [main] INFO  http.HttpServer2 (HttpServer2.java:bindListener(1191)) - Jetty bound to port 42370
2019-10-01 16:35:49,083 [main] INFO  server.Server (Server.java:doStart(351)) - jetty-9.3.25.v20180904, build timestamp: 2018-09-04T21:11:46Z, git hash: 3ce520221d0240229c862b122d2b06c12a625732
2019-10-01 16:35:49,085 [main] INFO  handler.ContextHandler (ContextHandler.java:doStart(781)) - Started o.e.j.s.ServletContextHandler@1cd2143b{/logs,file:///workdir/hadoop-ozone/integration-test/target/log,AVAILABLE}
2019-10-01 16:35:49,085 [main] INFO  handler.ContextHandler (ContextHandler.java:doStart(781)) - Started o.e.j.s.ServletContextHandler@601d6622{/static,jar:file:/home/user/.m2/repository/org/apache/hadoop/hadoop-hdds-container-service/0.5.0-SNAPSHOT/hadoop-hdds-container-service-0.5.0-SNAPSHOT.jar!/webapps/static,AVAILABLE}
2019-10-01 16:35:49,112 [main] INFO  handler.ContextHandler (ContextHandler.java:doStart(781)) - Started o.e.j.w.WebAppContext@372f0a99{/,file:///tmp/jetty-0.0.0.0-42370-hddsDatanode-_-any-7796556408403211627.dir/webapp/,AVAILABLE}{/hddsDatanode}
2019-10-01 16:35:49,113 [main] INFO  server.AbstractConnector (AbstractConnector.java:doStart(278)) - Started ServerConnector@16cf8438{HTTP/1.1,[http/1.1]}{0.0.0.0:42370}
2019-10-01 16:35:49,114 [main] INFO  server.Server (Server.java:doStart(419)) - Started @225922ms
2019-10-01 16:35:49,114 [main] WARN  impl.MetricsSystemImpl (MetricsSystemImpl.java:register(276)) - Sink prometheus already exists!
2019-10-01 16:35:49,115 [main] INFO  server.BaseHttpServer (BaseHttpServer.java:updateConnectorAddress(215)) - HTTP server of HDDSDATANODE is listening at http://0.0.0.0:42370
2019-10-01 16:35:49,115 [main] INFO  impl.MetricsSystemImpl (MetricsSystemImpl.java:init(158)) - HddsDatanode metrics system started (again)
2019-10-01 16:35:49,119 [main] INFO  ozone.HddsDatanodeService (HddsDatanodeService.java:start(184)) - HddsDatanodeService host:pr-hdds-2223-d4ngw-1748172156 ip:192.168.164.234
2019-10-01 16:35:49,119 [org.apache.hadoop.util.JvmPauseMonitor$Monitor@70358944] INFO  util.JvmPauseMonitor (JvmPauseMonitor.java:run(188)) - Starting JVM pause monitor
2019-10-01 16:35:49,122 [Datanode State Machine Thread - 0] INFO  datanode.InitDatanodeState (InitDatanodeState.java:persistContainerDatanodeDetails(140)) - DatanodeDetails is persisted to /workdir/hadoop-ozone/integration-test/target/test-dir/MiniOzoneClusterImpl-259b6801-9924-4de8-a941-26f02370cd4f/datanode-0/meta/datanode.id
2019-10-01 16:35:49,125 [main] INFO  volume.HddsVolume (HddsVolume.java:<init>(176)) - Creating Volume: /workdir/hadoop-ozone/integration-test/target/test-dir/MiniOzoneClusterImpl-259b6801-9924-4de8-a941-26f02370cd4f/datanode-1/data/containers/hdds of  storage type : DISK and capacity : 1482555576320
2019-10-01 16:35:49,125 [main] INFO  volume.VolumeSet (VolumeSet.java:initializeVolumeSet(170)) - Added Volume : /workdir/hadoop-ozone/integration-test/target/test-dir/MiniOzoneClusterImpl-259b6801-9924-4de8-a941-26f02370cd4f/datanode-1/data/containers/hdds to VolumeSet
2019-10-01 16:35:49,125 [main] INFO  volume.ThrottledAsyncChecker (ThrottledAsyncChecker.java:schedule(139)) - Scheduling a check for org.apache.hadoop.ozone.container.common.volume.HddsVolume@1fb2eec
2019-10-01 16:35:49,126 [main] INFO  volume.HddsVolumeChecker (HddsVolumeChecker.java:checkAllVolumes(202)) - Scheduled health check for volume org.apache.hadoop.ozone.container.common.volume.HddsVolume@1fb2eec
2019-10-01 16:35:49,138 [main] INFO  impl.RaftServerProxy (ConfUtils.java:logGet(43)) - raft.rpc.type = GRPC (default)
2019-10-01 16:35:49,139 [main] INFO  grpc.GrpcFactory (GrpcFactory.java:checkPooledByteBufAllocatorUseCacheForAllThreads(45)) - PERFORMANCE WARNING: useCacheForAllThreads is true that may cause Netty to create a lot garbage objects and, as a result, trigger GC.
	It is recommended to disable useCacheForAllThreads by setting -Dorg.apache.ratis.thirdparty.io.netty.allocator.useCacheForAllThreads=false in command line.
2019-10-01 16:35:49,139 [main] INFO  grpc.GrpcConfigKeys$Server (ConfUtils.java:logGet(43)) - raft.grpc.server.port = 0 (default)
2019-10-01 16:35:49,139 [main] INFO  server.GrpcService (ConfUtils.java:logGet(43)) - raft.grpc.message.size.max = 33570816 (custom)
2019-10-01 16:35:49,139 [main] INFO  server.RaftServerConfigKeys (ConfUtils.java:logGet(43)) - raft.server.log.appender.buffer.byte-limit = 33554432 (custom)
2019-10-01 16:35:49,140 [main] INFO  server.GrpcService (ConfUtils.java:logGet(43)) - raft.grpc.flow.control.window = 1MB (=1048576) (default)
2019-10-01 16:35:49,140 [main] INFO  server.RaftServerConfigKeys (ConfUtils.java:logGet(43)) - raft.server.rpc.request.timeout = 3000ms (default)
2019-10-01 16:35:49,140 [main] INFO  server.RaftServerConfigKeys (ConfUtils.java:logGet(43)) - raft.server.storage.dir = [/workdir/hadoop-ozone/integration-test/target/test-dir/MiniOzoneClusterImpl-259b6801-9924-4de8-a941-26f02370cd4f/datanode-1/data/ratis] (custom)
2019-10-01 16:35:49,142 [main] INFO  hdfs.DFSUtil (DFSUtil.java:httpServerTemplateForNNAndJN(1641)) - Starting Web-server for hddsDatanode at: http://0.0.0.0:0
2019-10-01 16:35:49,144 [main] INFO  server.AuthenticationFilter (AuthenticationFilter.java:constructSecretProvider(240)) - Unable to initialize FileSignerSecretProvider, falling back to use random secrets.
2019-10-01 16:35:49,144 [main] WARN  http.HttpRequestLog (HttpRequestLog.java:getRequestLog(97)) - Jetty request log can only be enabled using Log4j
2019-10-01 16:35:49,145 [main] INFO  http.HttpServer2 (HttpServer2.java:addGlobalFilter(975)) - Added global filter 'safety' (class=org.apache.hadoop.http.HttpServer2$QuotingInputFilter)
2019-10-01 16:35:49,146 [main] INFO  http.HttpServer2 (HttpServer2.java:addFilter(948)) - Added filter static_user_filter (class=org.apache.hadoop.http.lib.StaticUserWebFilter$StaticUserFilter) to context hddsDatanode
2019-10-01 16:35:49,146 [main] INFO  http.HttpServer2 (HttpServer2.java:addFilter(958)) - Added filter static_user_filter (class=org.apache.hadoop.http.lib.StaticUserWebFilter$StaticUserFilter) to context static
2019-10-01 16:35:49,146 [main] INFO  http.HttpServer2 (HttpServer2.java:addFilter(958)) - Added filter static_user_filter (class=org.apache.hadoop.http.lib.StaticUserWebFilter$StaticUserFilter) to context logs
2019-10-01 16:35:49,146 [main] INFO  http.HttpServer2 (HttpServer2.java:bindListener(1191)) - Jetty bound to port 35853
2019-10-01 16:35:49,147 [main] INFO  server.Server (Server.java:doStart(351)) - jetty-9.3.25.v20180904, build timestamp: 2018-09-04T21:11:46Z, git hash: 3ce520221d0240229c862b122d2b06c12a625732
2019-10-01 16:35:49,148 [main] INFO  handler.ContextHandler (ContextHandler.java:doStart(781)) - Started o.e.j.s.ServletContextHandler@463afa6e{/logs,file:///workdir/hadoop-ozone/integration-test/target/log,AVAILABLE}
2019-10-01 16:35:49,148 [main] INFO  handler.ContextHandler (ContextHandler.java:doStart(781)) - Started o.e.j.s.ServletContextHandler@7ccd611e{/static,jar:file:/home/user/.m2/repository/org/apache/hadoop/hadoop-hdds-container-service/0.5.0-SNAPSHOT/hadoop-hdds-container-service-0.5.0-SNAPSHOT.jar!/webapps/static,AVAILABLE}
2019-10-01 16:35:49,175 [main] INFO  handler.ContextHandler (ContextHandler.java:doStart(781)) - Started o.e.j.w.WebAppContext@3b0d3a63{/,file:///tmp/jetty-0.0.0.0-35853-hddsDatanode-_-any-1381535701058626065.dir/webapp/,AVAILABLE}{/hddsDatanode}
2019-10-01 16:35:49,175 [main] INFO  server.AbstractConnector (AbstractConnector.java:doStart(278)) - Started ServerConnector@50598a1a{HTTP/1.1,[http/1.1]}{0.0.0.0:35853}
2019-10-01 16:35:49,177 [main] INFO  server.Server (Server.java:doStart(419)) - Started @225985ms
2019-10-01 16:35:49,177 [main] WARN  impl.MetricsSystemImpl (MetricsSystemImpl.java:register(276)) - Sink prometheus already exists!
2019-10-01 16:35:49,178 [main] INFO  server.BaseHttpServer (BaseHttpServer.java:updateConnectorAddress(215)) - HTTP server of HDDSDATANODE is listening at http://0.0.0.0:35853
2019-10-01 16:35:49,178 [main] INFO  impl.MetricsSystemImpl (MetricsSystemImpl.java:init(158)) - HddsDatanode metrics system started (again)
2019-10-01 16:35:49,181 [main] INFO  ozone.HddsDatanodeService (HddsDatanodeService.java:start(184)) - HddsDatanodeService host:pr-hdds-2223-d4ngw-1748172156 ip:192.168.164.234
2019-10-01 16:35:49,182 [org.apache.hadoop.util.JvmPauseMonitor$Monitor@41165d3e] INFO  util.JvmPauseMonitor (JvmPauseMonitor.java:run(188)) - Starting JVM pause monitor
2019-10-01 16:35:49,183 [Datanode State Machine Thread - 0] INFO  datanode.InitDatanodeState (InitDatanodeState.java:persistContainerDatanodeDetails(140)) - DatanodeDetails is persisted to /workdir/hadoop-ozone/integration-test/target/test-dir/MiniOzoneClusterImpl-259b6801-9924-4de8-a941-26f02370cd4f/datanode-1/meta/datanode.id
2019-10-01 16:35:49,188 [main] INFO  volume.HddsVolume (HddsVolume.java:<init>(176)) - Creating Volume: /workdir/hadoop-ozone/integration-test/target/test-dir/MiniOzoneClusterImpl-259b6801-9924-4de8-a941-26f02370cd4f/datanode-2/data/containers/hdds of  storage type : DISK and capacity : 1482555576320
2019-10-01 16:35:49,188 [main] INFO  volume.VolumeSet (VolumeSet.java:initializeVolumeSet(170)) - Added Volume : /workdir/hadoop-ozone/integration-test/target/test-dir/MiniOzoneClusterImpl-259b6801-9924-4de8-a941-26f02370cd4f/datanode-2/data/containers/hdds to VolumeSet
2019-10-01 16:35:49,188 [main] INFO  volume.ThrottledAsyncChecker (ThrottledAsyncChecker.java:schedule(139)) - Scheduling a check for org.apache.hadoop.ozone.container.common.volume.HddsVolume@6a09484c
2019-10-01 16:35:49,188 [main] INFO  volume.HddsVolumeChecker (HddsVolumeChecker.java:checkAllVolumes(202)) - Scheduled health check for volume org.apache.hadoop.ozone.container.common.volume.HddsVolume@6a09484c
2019-10-01 16:35:49,204 [main] INFO  impl.RaftServerProxy (ConfUtils.java:logGet(43)) - raft.rpc.type = GRPC (default)
2019-10-01 16:35:49,204 [main] INFO  grpc.GrpcFactory (GrpcFactory.java:checkPooledByteBufAllocatorUseCacheForAllThreads(45)) - PERFORMANCE WARNING: useCacheForAllThreads is true that may cause Netty to create a lot garbage objects and, as a result, trigger GC.
	It is recommended to disable useCacheForAllThreads by setting -Dorg.apache.ratis.thirdparty.io.netty.allocator.useCacheForAllThreads=false in command line.
2019-10-01 16:35:49,204 [main] INFO  grpc.GrpcConfigKeys$Server (ConfUtils.java:logGet(43)) - raft.grpc.server.port = 0 (default)
2019-10-01 16:35:49,205 [main] INFO  server.GrpcService (ConfUtils.java:logGet(43)) - raft.grpc.message.size.max = 33570816 (custom)
2019-10-01 16:35:49,205 [main] INFO  server.RaftServerConfigKeys (ConfUtils.java:logGet(43)) - raft.server.log.appender.buffer.byte-limit = 33554432 (custom)
2019-10-01 16:35:49,205 [main] INFO  server.GrpcService (ConfUtils.java:logGet(43)) - raft.grpc.flow.control.window = 1MB (=1048576) (default)
2019-10-01 16:35:49,205 [main] INFO  server.RaftServerConfigKeys (ConfUtils.java:logGet(43)) - raft.server.rpc.request.timeout = 3000ms (default)
2019-10-01 16:35:49,206 [main] INFO  server.RaftServerConfigKeys (ConfUtils.java:logGet(43)) - raft.server.storage.dir = [/workdir/hadoop-ozone/integration-test/target/test-dir/MiniOzoneClusterImpl-259b6801-9924-4de8-a941-26f02370cd4f/datanode-2/data/ratis] (custom)
2019-10-01 16:35:49,206 [main] INFO  hdfs.DFSUtil (DFSUtil.java:httpServerTemplateForNNAndJN(1641)) - Starting Web-server for hddsDatanode at: http://0.0.0.0:0
2019-10-01 16:35:49,208 [main] INFO  server.AuthenticationFilter (AuthenticationFilter.java:constructSecretProvider(240)) - Unable to initialize FileSignerSecretProvider, falling back to use random secrets.
2019-10-01 16:35:49,208 [main] WARN  http.HttpRequestLog (HttpRequestLog.java:getRequestLog(97)) - Jetty request log can only be enabled using Log4j
2019-10-01 16:35:49,209 [main] INFO  http.HttpServer2 (HttpServer2.java:addGlobalFilter(975)) - Added global filter 'safety' (class=org.apache.hadoop.http.HttpServer2$QuotingInputFilter)
2019-10-01 16:35:49,210 [main] INFO  http.HttpServer2 (HttpServer2.java:addFilter(948)) - Added filter static_user_filter (class=org.apache.hadoop.http.lib.StaticUserWebFilter$StaticUserFilter) to context hddsDatanode
2019-10-01 16:35:49,210 [main] INFO  http.HttpServer2 (HttpServer2.java:addFilter(958)) - Added filter static_user_filter (class=org.apache.hadoop.http.lib.StaticUserWebFilter$StaticUserFilter) to context logs
2019-10-01 16:35:49,210 [main] INFO  http.HttpServer2 (HttpServer2.java:addFilter(958)) - Added filter static_user_filter (class=org.apache.hadoop.http.lib.StaticUserWebFilter$StaticUserFilter) to context static
2019-10-01 16:35:49,211 [main] INFO  http.HttpServer2 (HttpServer2.java:bindListener(1191)) - Jetty bound to port 34505
2019-10-01 16:35:49,211 [main] INFO  server.Server (Server.java:doStart(351)) - jetty-9.3.25.v20180904, build timestamp: 2018-09-04T21:11:46Z, git hash: 3ce520221d0240229c862b122d2b06c12a625732
2019-10-01 16:35:49,212 [main] INFO  handler.ContextHandler (ContextHandler.java:doStart(781)) - Started o.e.j.s.ServletContextHandler@61359e87{/logs,file:///workdir/hadoop-ozone/integration-test/target/log,AVAILABLE}
2019-10-01 16:35:49,213 [main] INFO  handler.ContextHandler (ContextHandler.java:doStart(781)) - Started o.e.j.s.ServletContextHandler@45037e16{/static,jar:file:/home/user/.m2/repository/org/apache/hadoop/hadoop-hdds-container-service/0.5.0-SNAPSHOT/hadoop-hdds-container-service-0.5.0-SNAPSHOT.jar!/webapps/static,AVAILABLE}
2019-10-01 16:35:49,244 [main] INFO  handler.ContextHandler (ContextHandler.java:doStart(781)) - Started o.e.j.w.WebAppContext@34279b8a{/,file:///tmp/jetty-0.0.0.0-34505-hddsDatanode-_-any-8390711265656228238.dir/webapp/,AVAILABLE}{/hddsDatanode}
2019-10-01 16:35:49,244 [main] INFO  server.AbstractConnector (AbstractConnector.java:doStart(278)) - Started ServerConnector@687389a6{HTTP/1.1,[http/1.1]}{0.0.0.0:34505}
2019-10-01 16:35:49,246 [main] INFO  server.Server (Server.java:doStart(419)) - Started @226054ms
2019-10-01 16:35:49,246 [main] WARN  impl.MetricsSystemImpl (MetricsSystemImpl.java:register(276)) - Sink prometheus already exists!
2019-10-01 16:35:49,247 [main] INFO  server.BaseHttpServer (BaseHttpServer.java:updateConnectorAddress(215)) - HTTP server of HDDSDATANODE is listening at http://0.0.0.0:34505
2019-10-01 16:35:49,247 [main] INFO  impl.MetricsSystemImpl (MetricsSystemImpl.java:init(158)) - HddsDatanode metrics system started (again)
2019-10-01 16:35:49,251 [main] INFO  ozone.HddsDatanodeService (HddsDatanodeService.java:start(184)) - HddsDatanodeService host:pr-hdds-2223-d4ngw-1748172156 ip:192.168.164.234
2019-10-01 16:35:49,251 [org.apache.hadoop.util.JvmPauseMonitor$Monitor@3c6143ce] INFO  util.JvmPauseMonitor (JvmPauseMonitor.java:run(188)) - Starting JVM pause monitor
2019-10-01 16:35:49,253 [Datanode State Machine Thread - 0] INFO  datanode.InitDatanodeState (InitDatanodeState.java:persistContainerDatanodeDetails(140)) - DatanodeDetails is persisted to /workdir/hadoop-ozone/integration-test/target/test-dir/MiniOzoneClusterImpl-259b6801-9924-4de8-a941-26f02370cd4f/datanode-2/meta/datanode.id
2019-10-01 16:35:49,258 [main] INFO  volume.HddsVolume (HddsVolume.java:<init>(176)) - Creating Volume: /workdir/hadoop-ozone/integration-test/target/test-dir/MiniOzoneClusterImpl-259b6801-9924-4de8-a941-26f02370cd4f/datanode-3/data/containers/hdds of  storage type : DISK and capacity : 1482555576320
2019-10-01 16:35:49,258 [main] INFO  volume.VolumeSet (VolumeSet.java:initializeVolumeSet(170)) - Added Volume : /workdir/hadoop-ozone/integration-test/target/test-dir/MiniOzoneClusterImpl-259b6801-9924-4de8-a941-26f02370cd4f/datanode-3/data/containers/hdds to VolumeSet
2019-10-01 16:35:49,259 [main] INFO  volume.ThrottledAsyncChecker (ThrottledAsyncChecker.java:schedule(139)) - Scheduling a check for org.apache.hadoop.ozone.container.common.volume.HddsVolume@681061d6
2019-10-01 16:35:49,259 [main] INFO  volume.HddsVolumeChecker (HddsVolumeChecker.java:checkAllVolumes(202)) - Scheduled health check for volume org.apache.hadoop.ozone.container.common.volume.HddsVolume@681061d6
2019-10-01 16:35:49,273 [main] INFO  impl.RaftServerProxy (ConfUtils.java:logGet(43)) - raft.rpc.type = GRPC (default)
2019-10-01 16:35:49,273 [main] INFO  grpc.GrpcFactory (GrpcFactory.java:checkPooledByteBufAllocatorUseCacheForAllThreads(45)) - PERFORMANCE WARNING: useCacheForAllThreads is true that may cause Netty to create a lot garbage objects and, as a result, trigger GC.
	It is recommended to disable useCacheForAllThreads by setting -Dorg.apache.ratis.thirdparty.io.netty.allocator.useCacheForAllThreads=false in command line.
2019-10-01 16:35:49,273 [main] INFO  grpc.GrpcConfigKeys$Server (ConfUtils.java:logGet(43)) - raft.grpc.server.port = 0 (default)
2019-10-01 16:35:49,273 [main] INFO  server.GrpcService (ConfUtils.java:logGet(43)) - raft.grpc.message.size.max = 33570816 (custom)
2019-10-01 16:35:49,273 [main] INFO  server.RaftServerConfigKeys (ConfUtils.java:logGet(43)) - raft.server.log.appender.buffer.byte-limit = 33554432 (custom)
2019-10-01 16:35:49,273 [main] INFO  server.GrpcService (ConfUtils.java:logGet(43)) - raft.grpc.flow.control.window = 1MB (=1048576) (default)
2019-10-01 16:35:49,274 [main] INFO  server.RaftServerConfigKeys (ConfUtils.java:logGet(43)) - raft.server.rpc.request.timeout = 3000ms (default)
2019-10-01 16:35:49,274 [main] INFO  server.RaftServerConfigKeys (ConfUtils.java:logGet(43)) - raft.server.storage.dir = [/workdir/hadoop-ozone/integration-test/target/test-dir/MiniOzoneClusterImpl-259b6801-9924-4de8-a941-26f02370cd4f/datanode-3/data/ratis] (custom)
2019-10-01 16:35:49,275 [main] INFO  hdfs.DFSUtil (DFSUtil.java:httpServerTemplateForNNAndJN(1641)) - Starting Web-server for hddsDatanode at: http://0.0.0.0:0
2019-10-01 16:35:49,276 [main] INFO  server.AuthenticationFilter (AuthenticationFilter.java:constructSecretProvider(240)) - Unable to initialize FileSignerSecretProvider, falling back to use random secrets.
2019-10-01 16:35:49,276 [main] WARN  http.HttpRequestLog (HttpRequestLog.java:getRequestLog(97)) - Jetty request log can only be enabled using Log4j
2019-10-01 16:35:49,277 [main] INFO  http.HttpServer2 (HttpServer2.java:addGlobalFilter(975)) - Added global filter 'safety' (class=org.apache.hadoop.http.HttpServer2$QuotingInputFilter)
2019-10-01 16:35:49,278 [main] INFO  http.HttpServer2 (HttpServer2.java:addFilter(948)) - Added filter static_user_filter (class=org.apache.hadoop.http.lib.StaticUserWebFilter$StaticUserFilter) to context hddsDatanode
2019-10-01 16:35:49,278 [main] INFO  http.HttpServer2 (HttpServer2.java:addFilter(958)) - Added filter static_user_filter (class=org.apache.hadoop.http.lib.StaticUserWebFilter$StaticUserFilter) to context static
2019-10-01 16:35:49,278 [main] INFO  http.HttpServer2 (HttpServer2.java:addFilter(958)) - Added filter static_user_filter (class=org.apache.hadoop.http.lib.StaticUserWebFilter$StaticUserFilter) to context logs
2019-10-01 16:35:49,278 [main] INFO  http.HttpServer2 (HttpServer2.java:bindListener(1191)) - Jetty bound to port 34103
2019-10-01 16:35:49,279 [main] INFO  server.Server (Server.java:doStart(351)) - jetty-9.3.25.v20180904, build timestamp: 2018-09-04T21:11:46Z, git hash: 3ce520221d0240229c862b122d2b06c12a625732
2019-10-01 16:35:49,280 [main] INFO  handler.ContextHandler (ContextHandler.java:doStart(781)) - Started o.e.j.s.ServletContextHandler@599f1b7{/logs,file:///workdir/hadoop-ozone/integration-test/target/log,AVAILABLE}
2019-10-01 16:35:49,280 [main] INFO  handler.ContextHandler (ContextHandler.java:doStart(781)) - Started o.e.j.s.ServletContextHandler@64f4f12{/static,jar:file:/home/user/.m2/repository/org/apache/hadoop/hadoop-hdds-container-service/0.5.0-SNAPSHOT/hadoop-hdds-container-service-0.5.0-SNAPSHOT.jar!/webapps/static,AVAILABLE}
2019-10-01 16:35:49,308 [main] INFO  handler.ContextHandler (ContextHandler.java:doStart(781)) - Started o.e.j.w.WebAppContext@6ac45c0c{/,file:///tmp/jetty-0.0.0.0-34103-hddsDatanode-_-any-5403373458542914299.dir/webapp/,AVAILABLE}{/hddsDatanode}
2019-10-01 16:35:49,308 [main] INFO  server.AbstractConnector (AbstractConnector.java:doStart(278)) - Started ServerConnector@12192604{HTTP/1.1,[http/1.1]}{0.0.0.0:34103}
2019-10-01 16:35:49,310 [main] INFO  server.Server (Server.java:doStart(419)) - Started @226118ms
2019-10-01 16:35:49,310 [main] WARN  impl.MetricsSystemImpl (MetricsSystemImpl.java:register(276)) - Sink prometheus already exists!
2019-10-01 16:35:49,311 [main] INFO  server.BaseHttpServer (BaseHttpServer.java:updateConnectorAddress(215)) - HTTP server of HDDSDATANODE is listening at http://0.0.0.0:34103
2019-10-01 16:35:49,311 [main] INFO  impl.MetricsSystemImpl (MetricsSystemImpl.java:init(158)) - HddsDatanode metrics system started (again)
2019-10-01 16:35:49,315 [org.apache.hadoop.util.JvmPauseMonitor$Monitor@721221ea] INFO  util.JvmPauseMonitor (JvmPauseMonitor.java:run(188)) - Starting JVM pause monitor
2019-10-01 16:35:49,315 [main] INFO  ozone.HddsDatanodeService (HddsDatanodeService.java:start(184)) - HddsDatanodeService host:pr-hdds-2223-d4ngw-1748172156 ip:192.168.164.234
2019-10-01 16:35:49,317 [Datanode State Machine Thread - 0] INFO  datanode.InitDatanodeState (InitDatanodeState.java:persistContainerDatanodeDetails(140)) - DatanodeDetails is persisted to /workdir/hadoop-ozone/integration-test/target/test-dir/MiniOzoneClusterImpl-259b6801-9924-4de8-a941-26f02370cd4f/datanode-3/meta/datanode.id
2019-10-01 16:35:49,322 [main] INFO  volume.HddsVolume (HddsVolume.java:<init>(176)) - Creating Volume: /workdir/hadoop-ozone/integration-test/target/test-dir/MiniOzoneClusterImpl-259b6801-9924-4de8-a941-26f02370cd4f/datanode-4/data/containers/hdds of  storage type : DISK and capacity : 1482555576320
2019-10-01 16:35:49,323 [main] INFO  volume.VolumeSet (VolumeSet.java:initializeVolumeSet(170)) - Added Volume : /workdir/hadoop-ozone/integration-test/target/test-dir/MiniOzoneClusterImpl-259b6801-9924-4de8-a941-26f02370cd4f/datanode-4/data/containers/hdds to VolumeSet
2019-10-01 16:35:49,323 [main] INFO  volume.ThrottledAsyncChecker (ThrottledAsyncChecker.java:schedule(139)) - Scheduling a check for org.apache.hadoop.ozone.container.common.volume.HddsVolume@2eb0cefe
2019-10-01 16:35:49,323 [main] INFO  volume.HddsVolumeChecker (HddsVolumeChecker.java:checkAllVolumes(202)) - Scheduled health check for volume org.apache.hadoop.ozone.container.common.volume.HddsVolume@2eb0cefe
2019-10-01 16:35:49,337 [main] INFO  impl.RaftServerProxy (ConfUtils.java:logGet(43)) - raft.rpc.type = GRPC (default)
2019-10-01 16:35:49,337 [main] INFO  grpc.GrpcFactory (GrpcFactory.java:checkPooledByteBufAllocatorUseCacheForAllThreads(45)) - PERFORMANCE WARNING: useCacheForAllThreads is true that may cause Netty to create a lot garbage objects and, as a result, trigger GC.
	It is recommended to disable useCacheForAllThreads by setting -Dorg.apache.ratis.thirdparty.io.netty.allocator.useCacheForAllThreads=false in command line.
2019-10-01 16:35:49,338 [main] INFO  grpc.GrpcConfigKeys$Server (ConfUtils.java:logGet(43)) - raft.grpc.server.port = 0 (default)
2019-10-01 16:35:49,338 [main] INFO  server.GrpcService (ConfUtils.java:logGet(43)) - raft.grpc.message.size.max = 33570816 (custom)
2019-10-01 16:35:49,338 [main] INFO  server.RaftServerConfigKeys (ConfUtils.java:logGet(43)) - raft.server.log.appender.buffer.byte-limit = 33554432 (custom)
2019-10-01 16:35:49,338 [main] INFO  server.GrpcService (ConfUtils.java:logGet(43)) - raft.grpc.flow.control.window = 1MB (=1048576) (default)
2019-10-01 16:35:49,338 [main] INFO  server.RaftServerConfigKeys (ConfUtils.java:logGet(43)) - raft.server.rpc.request.timeout = 3000ms (default)
2019-10-01 16:35:49,339 [main] INFO  server.RaftServerConfigKeys (ConfUtils.java:logGet(43)) - raft.server.storage.dir = [/workdir/hadoop-ozone/integration-test/target/test-dir/MiniOzoneClusterImpl-259b6801-9924-4de8-a941-26f02370cd4f/datanode-4/data/ratis] (custom)
2019-10-01 16:35:49,340 [main] INFO  hdfs.DFSUtil (DFSUtil.java:httpServerTemplateForNNAndJN(1641)) - Starting Web-server for hddsDatanode at: http://0.0.0.0:0
2019-10-01 16:35:49,341 [main] INFO  server.AuthenticationFilter (AuthenticationFilter.java:constructSecretProvider(240)) - Unable to initialize FileSignerSecretProvider, falling back to use random secrets.
2019-10-01 16:35:49,341 [main] WARN  http.HttpRequestLog (HttpRequestLog.java:getRequestLog(97)) - Jetty request log can only be enabled using Log4j
2019-10-01 16:35:49,343 [main] INFO  http.HttpServer2 (HttpServer2.java:addGlobalFilter(975)) - Added global filter 'safety' (class=org.apache.hadoop.http.HttpServer2$QuotingInputFilter)
2019-10-01 16:35:49,343 [main] INFO  http.HttpServer2 (HttpServer2.java:addFilter(948)) - Added filter static_user_filter (class=org.apache.hadoop.http.lib.StaticUserWebFilter$StaticUserFilter) to context hddsDatanode
2019-10-01 16:35:49,343 [main] INFO  http.HttpServer2 (HttpServer2.java:addFilter(958)) - Added filter static_user_filter (class=org.apache.hadoop.http.lib.StaticUserWebFilter$StaticUserFilter) to context logs
2019-10-01 16:35:49,343 [main] INFO  http.HttpServer2 (HttpServer2.java:addFilter(958)) - Added filter static_user_filter (class=org.apache.hadoop.http.lib.StaticUserWebFilter$StaticUserFilter) to context static
2019-10-01 16:35:49,344 [main] INFO  http.HttpServer2 (HttpServer2.java:bindListener(1191)) - Jetty bound to port 43599
2019-10-01 16:35:49,344 [main] INFO  server.Server (Server.java:doStart(351)) - jetty-9.3.25.v20180904, build timestamp: 2018-09-04T21:11:46Z, git hash: 3ce520221d0240229c862b122d2b06c12a625732
2019-10-01 16:35:49,345 [main] INFO  handler.ContextHandler (ContextHandler.java:doStart(781)) - Started o.e.j.s.ServletContextHandler@4584304{/logs,file:///workdir/hadoop-ozone/integration-test/target/log,AVAILABLE}
2019-10-01 16:35:49,346 [main] INFO  handler.ContextHandler (ContextHandler.java:doStart(781)) - Started o.e.j.s.ServletContextHandler@6f50d55c{/static,jar:file:/home/user/.m2/repository/org/apache/hadoop/hadoop-hdds-container-service/0.5.0-SNAPSHOT/hadoop-hdds-container-service-0.5.0-SNAPSHOT.jar!/webapps/static,AVAILABLE}
2019-10-01 16:35:49,372 [main] INFO  handler.ContextHandler (ContextHandler.java:doStart(781)) - Started o.e.j.w.WebAppContext@5eb87338{/,file:///tmp/jetty-0.0.0.0-43599-hddsDatanode-_-any-735619832404442346.dir/webapp/,AVAILABLE}{/hddsDatanode}
2019-10-01 16:35:49,372 [main] INFO  server.AbstractConnector (AbstractConnector.java:doStart(278)) - Started ServerConnector@2b999ee8{HTTP/1.1,[http/1.1]}{0.0.0.0:43599}
2019-10-01 16:35:49,374 [main] INFO  server.Server (Server.java:doStart(419)) - Started @226182ms
2019-10-01 16:35:49,374 [main] WARN  impl.MetricsSystemImpl (MetricsSystemImpl.java:register(276)) - Sink prometheus already exists!
2019-10-01 16:35:49,375 [main] INFO  server.BaseHttpServer (BaseHttpServer.java:updateConnectorAddress(215)) - HTTP server of HDDSDATANODE is listening at http://0.0.0.0:43599
2019-10-01 16:35:49,375 [main] INFO  impl.MetricsSystemImpl (MetricsSystemImpl.java:init(158)) - HddsDatanode metrics system started (again)
2019-10-01 16:35:49,380 [org.apache.hadoop.util.JvmPauseMonitor$Monitor@5e1708b9] INFO  util.JvmPauseMonitor (JvmPauseMonitor.java:run(188)) - Starting JVM pause monitor
2019-10-01 16:35:49,380 [main] INFO  ozone.HddsDatanodeService (HddsDatanodeService.java:start(184)) - HddsDatanodeService host:pr-hdds-2223-d4ngw-1748172156 ip:192.168.164.234
2019-10-01 16:35:49,381 [Datanode State Machine Thread - 0] INFO  datanode.InitDatanodeState (InitDatanodeState.java:persistContainerDatanodeDetails(140)) - DatanodeDetails is persisted to /workdir/hadoop-ozone/integration-test/target/test-dir/MiniOzoneClusterImpl-259b6801-9924-4de8-a941-26f02370cd4f/datanode-4/meta/datanode.id
2019-10-01 16:35:49,387 [main] INFO  volume.HddsVolume (HddsVolume.java:<init>(176)) - Creating Volume: /workdir/hadoop-ozone/integration-test/target/test-dir/MiniOzoneClusterImpl-259b6801-9924-4de8-a941-26f02370cd4f/datanode-5/data/containers/hdds of  storage type : DISK and capacity : 1482555576320
2019-10-01 16:35:49,387 [main] INFO  volume.VolumeSet (VolumeSet.java:initializeVolumeSet(170)) - Added Volume : /workdir/hadoop-ozone/integration-test/target/test-dir/MiniOzoneClusterImpl-259b6801-9924-4de8-a941-26f02370cd4f/datanode-5/data/containers/hdds to VolumeSet
2019-10-01 16:35:49,388 [main] INFO  volume.ThrottledAsyncChecker (ThrottledAsyncChecker.java:schedule(139)) - Scheduling a check for org.apache.hadoop.ozone.container.common.volume.HddsVolume@4fea840f
2019-10-01 16:35:49,388 [main] INFO  volume.HddsVolumeChecker (HddsVolumeChecker.java:checkAllVolumes(202)) - Scheduled health check for volume org.apache.hadoop.ozone.container.common.volume.HddsVolume@4fea840f
2019-10-01 16:35:49,401 [main] INFO  impl.RaftServerProxy (ConfUtils.java:logGet(43)) - raft.rpc.type = GRPC (default)
2019-10-01 16:35:49,401 [main] INFO  grpc.GrpcFactory (GrpcFactory.java:checkPooledByteBufAllocatorUseCacheForAllThreads(45)) - PERFORMANCE WARNING: useCacheForAllThreads is true that may cause Netty to create a lot garbage objects and, as a result, trigger GC.
	It is recommended to disable useCacheForAllThreads by setting -Dorg.apache.ratis.thirdparty.io.netty.allocator.useCacheForAllThreads=false in command line.
2019-10-01 16:35:49,401 [main] INFO  grpc.GrpcConfigKeys$Server (ConfUtils.java:logGet(43)) - raft.grpc.server.port = 0 (default)
2019-10-01 16:35:49,402 [main] INFO  server.GrpcService (ConfUtils.java:logGet(43)) - raft.grpc.message.size.max = 33570816 (custom)
2019-10-01 16:35:49,402 [main] INFO  server.RaftServerConfigKeys (ConfUtils.java:logGet(43)) - raft.server.log.appender.buffer.byte-limit = 33554432 (custom)
2019-10-01 16:35:49,402 [main] INFO  server.GrpcService (ConfUtils.java:logGet(43)) - raft.grpc.flow.control.window = 1MB (=1048576) (default)
2019-10-01 16:35:49,402 [main] INFO  server.RaftServerConfigKeys (ConfUtils.java:logGet(43)) - raft.server.rpc.request.timeout = 3000ms (default)
2019-10-01 16:35:49,403 [main] INFO  server.RaftServerConfigKeys (ConfUtils.java:logGet(43)) - raft.server.storage.dir = [/workdir/hadoop-ozone/integration-test/target/test-dir/MiniOzoneClusterImpl-259b6801-9924-4de8-a941-26f02370cd4f/datanode-5/data/ratis] (custom)
2019-10-01 16:35:49,404 [main] INFO  hdfs.DFSUtil (DFSUtil.java:httpServerTemplateForNNAndJN(1641)) - Starting Web-server for hddsDatanode at: http://0.0.0.0:0
2019-10-01 16:35:49,405 [main] INFO  server.AuthenticationFilter (AuthenticationFilter.java:constructSecretProvider(240)) - Unable to initialize FileSignerSecretProvider, falling back to use random secrets.
2019-10-01 16:35:49,405 [main] WARN  http.HttpRequestLog (HttpRequestLog.java:getRequestLog(97)) - Jetty request log can only be enabled using Log4j
2019-10-01 16:35:49,406 [main] INFO  http.HttpServer2 (HttpServer2.java:addGlobalFilter(975)) - Added global filter 'safety' (class=org.apache.hadoop.http.HttpServer2$QuotingInputFilter)
2019-10-01 16:35:49,406 [main] INFO  http.HttpServer2 (HttpServer2.java:addFilter(948)) - Added filter static_user_filter (class=org.apache.hadoop.http.lib.StaticUserWebFilter$StaticUserFilter) to context hddsDatanode
2019-10-01 16:35:49,407 [main] INFO  http.HttpServer2 (HttpServer2.java:addFilter(958)) - Added filter static_user_filter (class=org.apache.hadoop.http.lib.StaticUserWebFilter$StaticUserFilter) to context logs
2019-10-01 16:35:49,407 [main] INFO  http.HttpServer2 (HttpServer2.java:addFilter(958)) - Added filter static_user_filter (class=org.apache.hadoop.http.lib.StaticUserWebFilter$StaticUserFilter) to context static
2019-10-01 16:35:49,407 [main] INFO  http.HttpServer2 (HttpServer2.java:bindListener(1191)) - Jetty bound to port 33360
2019-10-01 16:35:49,407 [main] INFO  server.Server (Server.java:doStart(351)) - jetty-9.3.25.v20180904, build timestamp: 2018-09-04T21:11:46Z, git hash: 3ce520221d0240229c862b122d2b06c12a625732
2019-10-01 16:35:49,409 [main] INFO  handler.ContextHandler (ContextHandler.java:doStart(781)) - Started o.e.j.s.ServletContextHandler@66e341e9{/logs,file:///workdir/hadoop-ozone/integration-test/target/log,AVAILABLE}
2019-10-01 16:35:49,409 [main] INFO  handler.ContextHandler (ContextHandler.java:doStart(781)) - Started o.e.j.s.ServletContextHandler@546ed2a0{/static,jar:file:/home/user/.m2/repository/org/apache/hadoop/hadoop-hdds-container-service/0.5.0-SNAPSHOT/hadoop-hdds-container-service-0.5.0-SNAPSHOT.jar!/webapps/static,AVAILABLE}
2019-10-01 16:35:49,436 [main] INFO  handler.ContextHandler (ContextHandler.java:doStart(781)) - Started o.e.j.w.WebAppContext@511da44f{/,file:///tmp/jetty-0.0.0.0-33360-hddsDatanode-_-any-1858433511840474249.dir/webapp/,AVAILABLE}{/hddsDatanode}
2019-10-01 16:35:49,437 [main] INFO  server.AbstractConnector (AbstractConnector.java:doStart(278)) - Started ServerConnector@4645679e{HTTP/1.1,[http/1.1]}{0.0.0.0:33360}
2019-10-01 16:35:49,438 [main] INFO  server.Server (Server.java:doStart(419)) - Started @226247ms
2019-10-01 16:35:49,439 [main] WARN  impl.MetricsSystemImpl (MetricsSystemImpl.java:register(276)) - Sink prometheus already exists!
2019-10-01 16:35:49,439 [main] INFO  server.BaseHttpServer (BaseHttpServer.java:updateConnectorAddress(215)) - HTTP server of HDDSDATANODE is listening at http://0.0.0.0:33360
2019-10-01 16:35:49,439 [main] INFO  impl.MetricsSystemImpl (MetricsSystemImpl.java:init(158)) - HddsDatanode metrics system started (again)
2019-10-01 16:35:49,444 [org.apache.hadoop.util.JvmPauseMonitor$Monitor@7c6dde93] INFO  util.JvmPauseMonitor (JvmPauseMonitor.java:run(188)) - Starting JVM pause monitor
2019-10-01 16:35:49,445 [main] INFO  ozone.HddsDatanodeService (HddsDatanodeService.java:start(184)) - HddsDatanodeService host:pr-hdds-2223-d4ngw-1748172156 ip:192.168.164.234
2019-10-01 16:35:49,446 [Datanode State Machine Thread - 0] INFO  datanode.InitDatanodeState (InitDatanodeState.java:persistContainerDatanodeDetails(140)) - DatanodeDetails is persisted to /workdir/hadoop-ozone/integration-test/target/test-dir/MiniOzoneClusterImpl-259b6801-9924-4de8-a941-26f02370cd4f/datanode-5/meta/datanode.id
2019-10-01 16:35:49,452 [main] INFO  volume.HddsVolume (HddsVolume.java:<init>(176)) - Creating Volume: /workdir/hadoop-ozone/integration-test/target/test-dir/MiniOzoneClusterImpl-259b6801-9924-4de8-a941-26f02370cd4f/datanode-6/data/containers/hdds of  storage type : DISK and capacity : 1482555576320
2019-10-01 16:35:49,452 [main] INFO  volume.VolumeSet (VolumeSet.java:initializeVolumeSet(170)) - Added Volume : /workdir/hadoop-ozone/integration-test/target/test-dir/MiniOzoneClusterImpl-259b6801-9924-4de8-a941-26f02370cd4f/datanode-6/data/containers/hdds to VolumeSet
2019-10-01 16:35:49,452 [main] INFO  volume.ThrottledAsyncChecker (ThrottledAsyncChecker.java:schedule(139)) - Scheduling a check for org.apache.hadoop.ozone.container.common.volume.HddsVolume@44dfdd58
2019-10-01 16:35:49,453 [main] INFO  volume.HddsVolumeChecker (HddsVolumeChecker.java:checkAllVolumes(202)) - Scheduled health check for volume org.apache.hadoop.ozone.container.common.volume.HddsVolume@44dfdd58
2019-10-01 16:35:49,465 [main] INFO  impl.RaftServerProxy (ConfUtils.java:logGet(43)) - raft.rpc.type = GRPC (default)
2019-10-01 16:35:49,465 [main] INFO  grpc.GrpcFactory (GrpcFactory.java:checkPooledByteBufAllocatorUseCacheForAllThreads(45)) - PERFORMANCE WARNING: useCacheForAllThreads is true that may cause Netty to create a lot garbage objects and, as a result, trigger GC.
	It is recommended to disable useCacheForAllThreads by setting -Dorg.apache.ratis.thirdparty.io.netty.allocator.useCacheForAllThreads=false in command line.
2019-10-01 16:35:49,466 [main] INFO  grpc.GrpcConfigKeys$Server (ConfUtils.java:logGet(43)) - raft.grpc.server.port = 0 (default)
2019-10-01 16:35:49,466 [main] INFO  server.GrpcService (ConfUtils.java:logGet(43)) - raft.grpc.message.size.max = 33570816 (custom)
2019-10-01 16:35:49,466 [main] INFO  server.RaftServerConfigKeys (ConfUtils.java:logGet(43)) - raft.server.log.appender.buffer.byte-limit = 33554432 (custom)
2019-10-01 16:35:49,466 [main] INFO  server.GrpcService (ConfUtils.java:logGet(43)) - raft.grpc.flow.control.window = 1MB (=1048576) (default)
2019-10-01 16:35:49,466 [main] INFO  server.RaftServerConfigKeys (ConfUtils.java:logGet(43)) - raft.server.rpc.request.timeout = 3000ms (default)
2019-10-01 16:35:49,467 [main] INFO  server.RaftServerConfigKeys (ConfUtils.java:logGet(43)) - raft.server.storage.dir = [/workdir/hadoop-ozone/integration-test/target/test-dir/MiniOzoneClusterImpl-259b6801-9924-4de8-a941-26f02370cd4f/datanode-6/data/ratis] (custom)
2019-10-01 16:35:49,468 [main] INFO  hdfs.DFSUtil (DFSUtil.java:httpServerTemplateForNNAndJN(1641)) - Starting Web-server for hddsDatanode at: http://0.0.0.0:0
2019-10-01 16:35:49,469 [main] INFO  server.AuthenticationFilter (AuthenticationFilter.java:constructSecretProvider(240)) - Unable to initialize FileSignerSecretProvider, falling back to use random secrets.
2019-10-01 16:35:49,469 [main] WARN  http.HttpRequestLog (HttpRequestLog.java:getRequestLog(97)) - Jetty request log can only be enabled using Log4j
2019-10-01 16:35:49,470 [main] INFO  http.HttpServer2 (HttpServer2.java:addGlobalFilter(975)) - Added global filter 'safety' (class=org.apache.hadoop.http.HttpServer2$QuotingInputFilter)
2019-10-01 16:35:49,471 [main] INFO  http.HttpServer2 (HttpServer2.java:addFilter(948)) - Added filter static_user_filter (class=org.apache.hadoop.http.lib.StaticUserWebFilter$StaticUserFilter) to context hddsDatanode
2019-10-01 16:35:49,471 [main] INFO  http.HttpServer2 (HttpServer2.java:addFilter(958)) - Added filter static_user_filter (class=org.apache.hadoop.http.lib.StaticUserWebFilter$StaticUserFilter) to context static
2019-10-01 16:35:49,471 [main] INFO  http.HttpServer2 (HttpServer2.java:addFilter(958)) - Added filter static_user_filter (class=org.apache.hadoop.http.lib.StaticUserWebFilter$StaticUserFilter) to context logs
2019-10-01 16:35:49,471 [main] INFO  http.HttpServer2 (HttpServer2.java:bindListener(1191)) - Jetty bound to port 34426
2019-10-01 16:35:49,471 [main] INFO  server.Server (Server.java:doStart(351)) - jetty-9.3.25.v20180904, build timestamp: 2018-09-04T21:11:46Z, git hash: 3ce520221d0240229c862b122d2b06c12a625732
2019-10-01 16:35:49,473 [main] INFO  handler.ContextHandler (ContextHandler.java:doStart(781)) - Started o.e.j.s.ServletContextHandler@743c3520{/logs,file:///workdir/hadoop-ozone/integration-test/target/log,AVAILABLE}
2019-10-01 16:35:49,473 [main] INFO  handler.ContextHandler (ContextHandler.java:doStart(781)) - Started o.e.j.s.ServletContextHandler@234cd86c{/static,jar:file:/home/user/.m2/repository/org/apache/hadoop/hadoop-hdds-container-service/0.5.0-SNAPSHOT/hadoop-hdds-container-service-0.5.0-SNAPSHOT.jar!/webapps/static,AVAILABLE}
2019-10-01 16:35:49,499 [main] INFO  handler.ContextHandler (ContextHandler.java:doStart(781)) - Started o.e.j.w.WebAppContext@55296b50{/,file:///tmp/jetty-0.0.0.0-34426-hddsDatanode-_-any-432331475564630463.dir/webapp/,AVAILABLE}{/hddsDatanode}
2019-10-01 16:35:49,500 [main] INFO  server.AbstractConnector (AbstractConnector.java:doStart(278)) - Started ServerConnector@60591e1b{HTTP/1.1,[http/1.1]}{0.0.0.0:34426}
2019-10-01 16:35:49,501 [main] INFO  server.Server (Server.java:doStart(419)) - Started @226310ms
2019-10-01 16:35:49,502 [main] WARN  impl.MetricsSystemImpl (MetricsSystemImpl.java:register(276)) - Sink prometheus already exists!
2019-10-01 16:35:49,502 [main] INFO  server.BaseHttpServer (BaseHttpServer.java:updateConnectorAddress(215)) - HTTP server of HDDSDATANODE is listening at http://0.0.0.0:34426
2019-10-01 16:35:49,502 [main] INFO  ozone.MiniOzoneClusterImpl (MiniOzoneClusterImpl.java:lambda$waitForClusterToBeReady$0(147)) - Waiting for cluster to be ready. Got 0 of 7 DN Heartbeats.
2019-10-01 16:35:49,503 [org.apache.hadoop.util.JvmPauseMonitor$Monitor@2c5cb5cc] INFO  util.JvmPauseMonitor (JvmPauseMonitor.java:run(188)) - Starting JVM pause monitor
2019-10-01 16:35:49,505 [Datanode State Machine Thread - 0] INFO  datanode.InitDatanodeState (InitDatanodeState.java:persistContainerDatanodeDetails(140)) - DatanodeDetails is persisted to /workdir/hadoop-ozone/integration-test/target/test-dir/MiniOzoneClusterImpl-259b6801-9924-4de8-a941-26f02370cd4f/datanode-6/meta/datanode.id
2019-10-01 16:35:50,503 [main] INFO  ozone.MiniOzoneClusterImpl (MiniOzoneClusterImpl.java:lambda$waitForClusterToBeReady$0(147)) - Waiting for cluster to be ready. Got 0 of 7 DN Heartbeats.
2019-10-01 16:35:51,192 [Datanode State Machine Thread - 0] INFO  ozoneimpl.OzoneContainer (OzoneContainer.java:start(217)) - Attempting to start container services.
2019-10-01 16:35:51,193 [Datanode State Machine Thread - 0] INFO  ozoneimpl.OzoneContainer (OzoneContainer.java:startContainerScrub(179)) - Background container scanner has been disabled.
2019-10-01 16:35:51,193 [Datanode State Machine Thread - 0] INFO  ratis.XceiverServerRatis (XceiverServerRatis.java:start(417)) - Starting XceiverServerRatis 445c4447-2cb9-46a3-8fd7-5428dcf97658 at port 0
2019-10-01 16:35:51,194 [Datanode State Machine Thread - 0] INFO  ozoneimpl.OzoneContainer (OzoneContainer.java:start(217)) - Attempting to start container services.
2019-10-01 16:35:51,194 [Datanode State Machine Thread - 0] INFO  ozoneimpl.OzoneContainer (OzoneContainer.java:startContainerScrub(179)) - Background container scanner has been disabled.
2019-10-01 16:35:51,195 [Datanode State Machine Thread - 0] INFO  ratis.XceiverServerRatis (XceiverServerRatis.java:start(417)) - Starting XceiverServerRatis 8ab1db64-65ba-4952-b15a-d3918be8e822 at port 0
2019-10-01 16:35:51,207 [Datanode State Machine Thread - 0] INFO  impl.RaftServerProxy (RaftServerProxy.java:lambda$start$3(299)) - 445c4447-2cb9-46a3-8fd7-5428dcf97658: start RPC server
2019-10-01 16:35:51,207 [Datanode State Machine Thread - 0] INFO  impl.RaftServerProxy (RaftServerProxy.java:lambda$start$3(299)) - 8ab1db64-65ba-4952-b15a-d3918be8e822: start RPC server
2019-10-01 16:35:51,210 [Datanode State Machine Thread - 0] INFO  server.GrpcService (GrpcService.java:startImpl(158)) - 8ab1db64-65ba-4952-b15a-d3918be8e822: GrpcService started, listening on 0.0.0.0/0.0.0.0:43712
2019-10-01 16:35:51,210 [Datanode State Machine Thread - 0] INFO  server.GrpcService (GrpcService.java:startImpl(158)) - 445c4447-2cb9-46a3-8fd7-5428dcf97658: GrpcService started, listening on 0.0.0.0/0.0.0.0:40536
2019-10-01 16:35:51,210 [Datanode State Machine Thread - 0] INFO  ratis.XceiverServerRatis (XceiverServerRatis.java:start(427)) - XceiverServerRatis 8ab1db64-65ba-4952-b15a-d3918be8e822 is started using port 43712
2019-10-01 16:35:51,210 [Datanode State Machine Thread - 0] INFO  ratis.XceiverServerRatis (XceiverServerRatis.java:start(427)) - XceiverServerRatis 445c4447-2cb9-46a3-8fd7-5428dcf97658 is started using port 40536
2019-10-01 16:35:51,211 [Datanode State Machine Thread - 0] INFO  server.XceiverServerGrpc (XceiverServerGrpc.java:start(149)) - XceiverServerGrpc 8ab1db64-65ba-4952-b15a-d3918be8e822 is started using port 45605
2019-10-01 16:35:51,211 [Datanode State Machine Thread - 0] INFO  server.XceiverServerGrpc (XceiverServerGrpc.java:start(149)) - XceiverServerGrpc 445c4447-2cb9-46a3-8fd7-5428dcf97658 is started using port 43385
2019-10-01 16:35:51,265 [Datanode State Machine Thread - 0] INFO  ozoneimpl.OzoneContainer (OzoneContainer.java:start(217)) - Attempting to start container services.
2019-10-01 16:35:51,265 [Datanode State Machine Thread - 0] INFO  ozoneimpl.OzoneContainer (OzoneContainer.java:startContainerScrub(179)) - Background container scanner has been disabled.
2019-10-01 16:35:51,265 [Datanode State Machine Thread - 0] INFO  ratis.XceiverServerRatis (XceiverServerRatis.java:start(417)) - Starting XceiverServerRatis 291b2e89-388f-45b2-9e7b-30bda090654c at port 0
2019-10-01 16:35:51,271 [Datanode State Machine Thread - 0] INFO  impl.RaftServerProxy (RaftServerProxy.java:lambda$start$3(299)) - 291b2e89-388f-45b2-9e7b-30bda090654c: start RPC server
2019-10-01 16:35:51,274 [Datanode State Machine Thread - 0] INFO  server.GrpcService (GrpcService.java:startImpl(158)) - 291b2e89-388f-45b2-9e7b-30bda090654c: GrpcService started, listening on 0.0.0.0/0.0.0.0:45532
2019-10-01 16:35:51,275 [Datanode State Machine Thread - 0] INFO  ratis.XceiverServerRatis (XceiverServerRatis.java:start(427)) - XceiverServerRatis 291b2e89-388f-45b2-9e7b-30bda090654c is started using port 45532
2019-10-01 16:35:51,275 [Datanode State Machine Thread - 0] INFO  server.XceiverServerGrpc (XceiverServerGrpc.java:start(149)) - XceiverServerGrpc 291b2e89-388f-45b2-9e7b-30bda090654c is started using port 38457
2019-10-01 16:35:51,328 [Datanode State Machine Thread - 0] INFO  ozoneimpl.OzoneContainer (OzoneContainer.java:start(217)) - Attempting to start container services.
2019-10-01 16:35:51,328 [Datanode State Machine Thread - 0] INFO  ozoneimpl.OzoneContainer (OzoneContainer.java:startContainerScrub(179)) - Background container scanner has been disabled.
2019-10-01 16:35:51,328 [Datanode State Machine Thread - 0] INFO  ratis.XceiverServerRatis (XceiverServerRatis.java:start(417)) - Starting XceiverServerRatis 449c838f-f9f2-49a3-8844-d0c1f0f0c29d at port 0
2019-10-01 16:35:51,335 [Datanode State Machine Thread - 0] INFO  impl.RaftServerProxy (RaftServerProxy.java:lambda$start$3(299)) - 449c838f-f9f2-49a3-8844-d0c1f0f0c29d: start RPC server
2019-10-01 16:35:51,337 [Datanode State Machine Thread - 0] INFO  server.GrpcService (GrpcService.java:startImpl(158)) - 449c838f-f9f2-49a3-8844-d0c1f0f0c29d: GrpcService started, listening on 0.0.0.0/0.0.0.0:45172
2019-10-01 16:35:51,337 [Datanode State Machine Thread - 0] INFO  ratis.XceiverServerRatis (XceiverServerRatis.java:start(427)) - XceiverServerRatis 449c838f-f9f2-49a3-8844-d0c1f0f0c29d is started using port 45172
2019-10-01 16:35:51,337 [Datanode State Machine Thread - 0] INFO  server.XceiverServerGrpc (XceiverServerGrpc.java:start(149)) - XceiverServerGrpc 449c838f-f9f2-49a3-8844-d0c1f0f0c29d is started using port 39121
2019-10-01 16:35:51,393 [Datanode State Machine Thread - 0] INFO  ozoneimpl.OzoneContainer (OzoneContainer.java:start(217)) - Attempting to start container services.
2019-10-01 16:35:51,393 [Datanode State Machine Thread - 0] INFO  ozoneimpl.OzoneContainer (OzoneContainer.java:startContainerScrub(179)) - Background container scanner has been disabled.
2019-10-01 16:35:51,393 [Datanode State Machine Thread - 0] INFO  ratis.XceiverServerRatis (XceiverServerRatis.java:start(417)) - Starting XceiverServerRatis ad71672b-bdb8-4f5c-a4a6-ad3e95c5e3ff at port 0
2019-10-01 16:35:51,399 [Datanode State Machine Thread - 0] INFO  impl.RaftServerProxy (RaftServerProxy.java:lambda$start$3(299)) - ad71672b-bdb8-4f5c-a4a6-ad3e95c5e3ff: start RPC server
2019-10-01 16:35:51,399 [Datanode State Machine Thread - 0] INFO  server.GrpcService (GrpcService.java:startImpl(158)) - ad71672b-bdb8-4f5c-a4a6-ad3e95c5e3ff: GrpcService started, listening on 0.0.0.0/0.0.0.0:39799
2019-10-01 16:35:51,399 [Datanode State Machine Thread - 0] INFO  ratis.XceiverServerRatis (XceiverServerRatis.java:start(427)) - XceiverServerRatis ad71672b-bdb8-4f5c-a4a6-ad3e95c5e3ff is started using port 39799
2019-10-01 16:35:51,402 [Datanode State Machine Thread - 0] INFO  server.XceiverServerGrpc (XceiverServerGrpc.java:start(149)) - XceiverServerGrpc ad71672b-bdb8-4f5c-a4a6-ad3e95c5e3ff is started using port 38338
2019-10-01 16:35:51,470 [Datanode State Machine Thread - 0] INFO  ozoneimpl.OzoneContainer (OzoneContainer.java:start(217)) - Attempting to start container services.
2019-10-01 16:35:51,470 [Datanode State Machine Thread - 0] INFO  ozoneimpl.OzoneContainer (OzoneContainer.java:startContainerScrub(179)) - Background container scanner has been disabled.
2019-10-01 16:35:51,470 [Datanode State Machine Thread - 0] INFO  ratis.XceiverServerRatis (XceiverServerRatis.java:start(417)) - Starting XceiverServerRatis beec12ee-8225-4c25-b602-e038a67ce4ae at port 0
2019-10-01 16:35:51,477 [Datanode State Machine Thread - 0] INFO  impl.RaftServerProxy (RaftServerProxy.java:lambda$start$3(299)) - beec12ee-8225-4c25-b602-e038a67ce4ae: start RPC server
2019-10-01 16:35:51,480 [Datanode State Machine Thread - 0] INFO  server.GrpcService (GrpcService.java:startImpl(158)) - beec12ee-8225-4c25-b602-e038a67ce4ae: GrpcService started, listening on 0.0.0.0/0.0.0.0:42775
2019-10-01 16:35:51,480 [Datanode State Machine Thread - 0] INFO  ratis.XceiverServerRatis (XceiverServerRatis.java:start(427)) - XceiverServerRatis beec12ee-8225-4c25-b602-e038a67ce4ae is started using port 42775
2019-10-01 16:35:51,491 [Datanode State Machine Thread - 0] INFO  server.XceiverServerGrpc (XceiverServerGrpc.java:start(149)) - XceiverServerGrpc beec12ee-8225-4c25-b602-e038a67ce4ae is started using port 36746
2019-10-01 16:35:51,503 [main] INFO  ozone.MiniOzoneClusterImpl (MiniOzoneClusterImpl.java:lambda$waitForClusterToBeReady$0(147)) - Waiting for cluster to be ready. Got 0 of 7 DN Heartbeats.
2019-10-01 16:35:51,518 [Datanode State Machine Thread - 0] INFO  ozoneimpl.OzoneContainer (OzoneContainer.java:start(217)) - Attempting to start container services.
2019-10-01 16:35:51,518 [Datanode State Machine Thread - 0] INFO  ozoneimpl.OzoneContainer (OzoneContainer.java:startContainerScrub(179)) - Background container scanner has been disabled.
2019-10-01 16:35:51,518 [Datanode State Machine Thread - 0] INFO  ratis.XceiverServerRatis (XceiverServerRatis.java:start(417)) - Starting XceiverServerRatis 0fd56af2-5ef7-4b01-b69d-5d005234ed52 at port 0
2019-10-01 16:35:51,526 [Datanode State Machine Thread - 0] INFO  impl.RaftServerProxy (RaftServerProxy.java:lambda$start$3(299)) - 0fd56af2-5ef7-4b01-b69d-5d005234ed52: start RPC server
2019-10-01 16:35:51,529 [Datanode State Machine Thread - 0] INFO  server.GrpcService (GrpcService.java:startImpl(158)) - 0fd56af2-5ef7-4b01-b69d-5d005234ed52: GrpcService started, listening on 0.0.0.0/0.0.0.0:39874
2019-10-01 16:35:51,529 [Datanode State Machine Thread - 0] INFO  ratis.XceiverServerRatis (XceiverServerRatis.java:start(427)) - XceiverServerRatis 0fd56af2-5ef7-4b01-b69d-5d005234ed52 is started using port 39874
2019-10-01 16:35:51,530 [Datanode State Machine Thread - 0] INFO  server.XceiverServerGrpc (XceiverServerGrpc.java:start(149)) - XceiverServerGrpc 0fd56af2-5ef7-4b01-b69d-5d005234ed52 is started using port 39391
2019-10-01 16:35:52,504 [main] INFO  ozone.MiniOzoneClusterImpl (MiniOzoneClusterImpl.java:lambda$waitForClusterToBeReady$0(147)) - Waiting for cluster to be ready. Got 0 of 7 DN Heartbeats.
2019-10-01 16:35:53,124 [IPC Server handler 0 on 39056] INFO  net.NetworkTopology (NetworkTopologyImpl.java:add(111)) - Added a new node: /default-rack/445c4447-2cb9-46a3-8fd7-5428dcf97658
2019-10-01 16:35:53,127 [IPC Server handler 0 on 39056] INFO  node.SCMNodeManager (SCMNodeManager.java:register(266)) - Registered Data node : 445c4447-2cb9-46a3-8fd7-5428dcf97658{ip: 192.168.164.234, host: pr-hdds-2223-d4ngw-1748172156, networkLocation: /default-rack, certSerialId: null}
2019-10-01 16:35:53,128 [EventQueue-NodeRegistrationContainerReportForDataNodeSafeModeRule] INFO  safemode.SCMSafeModeManager (DataNodeSafeModeRule.java:process(71)) - SCM in safe mode. 1 DataNodes registered, 1 required.
2019-10-01 16:35:53,130 [EventQueue-NodeRegistrationContainerReportForDataNodeSafeModeRule] INFO  safemode.SCMSafeModeManager (SCMSafeModeManager.java:validateSafeModeExitRules(177)) - ScmSafeModeManager, all rules are successfully validated
2019-10-01 16:35:53,130 [EventQueue-NodeRegistrationContainerReportForDataNodeSafeModeRule] INFO  safemode.SCMSafeModeManager (SCMSafeModeManager.java:exitSafeMode(193)) - SCM exiting safe mode.
2019-10-01 16:35:53,144 [grpc-default-executor-5] INFO  impl.RaftServerProxy (RaftServerProxy.java:addNew(89)) - 445c4447-2cb9-46a3-8fd7-5428dcf97658: addNew group-2768BE70A717:[445c4447-2cb9-46a3-8fd7-5428dcf97658:192.168.164.234:40536] returns group-2768BE70A717:java.util.concurrent.CompletableFuture@4f5bdf57[Not completed]
2019-10-01 16:35:53,147 [pool-383-thread-1] INFO  impl.RaftServerImpl (RaftServerImpl.java:<init>(95)) - 445c4447-2cb9-46a3-8fd7-5428dcf97658: new RaftServerImpl for group-2768BE70A717:[445c4447-2cb9-46a3-8fd7-5428dcf97658:192.168.164.234:40536] with ContainerStateMachine:uninitialized
2019-10-01 16:35:53,147 [pool-383-thread-1] INFO  server.RaftServerConfigKeys (ConfUtils.java:logGet(43)) - raft.server.rpc.timeout.min = 5s (custom)
2019-10-01 16:35:53,147 [pool-383-thread-1] INFO  server.RaftServerConfigKeys (ConfUtils.java:logGet(43)) - raft.server.rpc.timeout.max = 5200ms (custom)
2019-10-01 16:35:53,147 [pool-383-thread-1] INFO  server.RaftServerConfigKeys (ConfUtils.java:logGet(43)) - raft.server.rpcslowness.timeout = 120s (custom)
2019-10-01 16:35:53,148 [pool-383-thread-1] INFO  server.RaftServerConfigKeys (ConfUtils.java:logGet(43)) - raft.server.sleep.deviation.threshold = 300 (default)
2019-10-01 16:35:53,148 [pool-383-thread-1] INFO  server.RaftServerConfigKeys (ConfUtils.java:logGet(43)) - raft.server.log.appender.install.snapshot.enabled = false (custom)
2019-10-01 16:35:53,148 [pool-383-thread-1] INFO  impl.RaftServerImpl (ServerState.java:<init>(103)) - 445c4447-2cb9-46a3-8fd7-5428dcf97658@group-2768BE70A717: ConfigurationManager, init=-1: [445c4447-2cb9-46a3-8fd7-5428dcf97658:192.168.164.234:40536], old=null, confs=<EMPTY_MAP>
2019-10-01 16:35:53,148 [pool-383-thread-1] INFO  server.RaftServerConfigKeys (ConfUtils.java:logGet(43)) - raft.server.storage.dir = [/workdir/hadoop-ozone/integration-test/target/test-dir/MiniOzoneClusterImpl-259b6801-9924-4de8-a941-26f02370cd4f/datanode-0/data/ratis] (custom)
2019-10-01 16:35:53,149 [pool-383-thread-1] INFO  server.RaftServerConfigKeys (ConfUtils.java:logGet(43)) - raft.server.log.corruption.policy = EXCEPTION (default)
2019-10-01 16:35:53,149 [pool-383-thread-1] INFO  storage.RaftStorageDirectory (RaftStorageDirectory.java:analyzeStorage(246)) - The storage directory /workdir/hadoop-ozone/integration-test/target/test-dir/MiniOzoneClusterImpl-259b6801-9924-4de8-a941-26f02370cd4f/datanode-0/data/ratis/369a82ae-c4f6-4613-9f48-2768be70a717 does not exist. Creating ...
2019-10-01 16:35:53,164 [pool-383-thread-1] INFO  storage.RaftStorageDirectory (RaftStorageDirectory.java:tryLock(328)) - Lock on /workdir/hadoop-ozone/integration-test/target/test-dir/MiniOzoneClusterImpl-259b6801-9924-4de8-a941-26f02370cd4f/datanode-0/data/ratis/369a82ae-c4f6-4613-9f48-2768be70a717/in_use.lock acquired by nodename 10606@pr-hdds-2223-d4ngw-1748172156
2019-10-01 16:35:53,177 [pool-383-thread-1] INFO  storage.RaftStorage (RaftStorage.java:format(84)) - Storage directory /workdir/hadoop-ozone/integration-test/target/test-dir/MiniOzoneClusterImpl-259b6801-9924-4de8-a941-26f02370cd4f/datanode-0/data/ratis/369a82ae-c4f6-4613-9f48-2768be70a717 has been successfully formatted.
2019-10-01 16:35:53,177 [pool-383-thread-1] INFO  ratis.ContainerStateMachine (ContainerStateMachine.java:loadSnapshot(230)) - group-2768BE70A717: The snapshot info is null. Setting the last applied indexto:(t:0, i:~)
2019-10-01 16:35:53,177 [pool-383-thread-1] INFO  server.RaftServerConfigKeys (ConfUtils.java:logGet(43)) - raft.server.notification.no-leader.timeout = 120s (custom)
2019-10-01 16:35:53,178 [pool-383-thread-1] INFO  server.RaftServerConfigKeys (ConfUtils.java:logGet(43)) - raft.server.log.use.memory = false (default)
2019-10-01 16:35:53,178 [pool-383-thread-1] INFO  server.RaftServerConfigKeys (ConfUtils.java:logGet(43)) - raft.server.log.purge.gap = 1000000 (custom)
2019-10-01 16:35:53,178 [pool-383-thread-1] INFO  server.RaftServerConfigKeys (ConfUtils.java:logGet(43)) - raft.server.log.appender.buffer.byte-limit = 33554432 (custom)
2019-10-01 16:35:53,178 [pool-383-thread-1] INFO  server.RaftServerConfigKeys (ConfUtils.java:logGet(43)) - raft.server.log.segment.size.max = 1048576 (custom)
2019-10-01 16:35:53,180 [pool-383-thread-1] INFO  server.RaftServerConfigKeys (ConfUtils.java:logGet(43)) - raft.server.log.segment.cache.num.max = 2 (custom)
2019-10-01 16:35:53,181 [pool-383-thread-1] INFO  segmented.SegmentedRaftLogWorker (SegmentedRaftLogWorker.java:<init>(173)) - new 445c4447-2cb9-46a3-8fd7-5428dcf97658@group-2768BE70A717-SegmentedRaftLogWorker for RaftStorage:Storage Directory /workdir/hadoop-ozone/integration-test/target/test-dir/MiniOzoneClusterImpl-259b6801-9924-4de8-a941-26f02370cd4f/datanode-0/data/ratis/369a82ae-c4f6-4613-9f48-2768be70a717
2019-10-01 16:35:53,181 [pool-383-thread-1] INFO  server.RaftServerConfigKeys (ConfUtils.java:logGet(43)) - raft.server.log.queue.byte-limit = 2147483647 (custom)
2019-10-01 16:35:53,181 [pool-383-thread-1] INFO  server.RaftServerConfigKeys (ConfUtils.java:logGet(43)) - raft.server.log.queue.element-limit = 1024 (custom)
2019-10-01 16:35:53,181 [pool-383-thread-1] INFO  server.RaftServerConfigKeys (ConfUtils.java:logGet(43)) - raft.server.log.segment.size.max = 1048576 (custom)
2019-10-01 16:35:53,181 [pool-383-thread-1] INFO  server.RaftServerConfigKeys (ConfUtils.java:logGet(43)) - raft.server.log.preallocated.size = 16384 (custom)
2019-10-01 16:35:53,181 [pool-383-thread-1] INFO  server.RaftServerConfigKeys (ConfUtils.java:logGet(43)) - raft.server.log.write.buffer.size = 33554432 (custom)
2019-10-01 16:35:53,181 [pool-383-thread-1] INFO  server.RaftServerConfigKeys (ConfUtils.java:logGet(43)) - raft.server.log.force.sync.num = 128 (default)
2019-10-01 16:35:53,182 [pool-383-thread-1] INFO  server.RaftServerConfigKeys (ConfUtils.java:logGet(43)) - raft.server.log.statemachine.data.sync = true (default)
2019-10-01 16:35:53,182 [pool-383-thread-1] INFO  server.RaftServerConfigKeys (ConfUtils.java:logGet(43)) - raft.server.log.statemachine.data.sync.timeout = 10s (default)
2019-10-01 16:35:53,182 [pool-383-thread-1] INFO  server.RaftServerConfigKeys (ConfUtils.java:logGet(43)) - raft.server.log.statemachine.data.sync.timeout.retry = -1 (default)
2019-10-01 16:35:53,182 [pool-383-thread-1] INFO  server.RaftServerConfigKeys (ConfUtils.java:logGet(43)) - raft.server.log.statemachine.data.caching.enabled = true (custom)
2019-10-01 16:35:53,182 [IPC Server handler 1 on 39056] INFO  net.NetworkTopology (NetworkTopologyImpl.java:add(111)) - Added a new node: /default-rack/8ab1db64-65ba-4952-b15a-d3918be8e822
2019-10-01 16:35:53,183 [pool-383-thread-1] INFO  segmented.SegmentedRaftLogWorker (SegmentedRaftLogWorker.java:lambda$new$0(128)) - 445c4447-2cb9-46a3-8fd7-5428dcf97658@group-2768BE70A717-SegmentedRaftLogWorker: flushIndex: setUnconditionally 0 -> -1
2019-10-01 16:35:53,183 [IPC Server handler 1 on 39056] INFO  node.SCMNodeManager (SCMNodeManager.java:register(266)) - Registered Data node : 8ab1db64-65ba-4952-b15a-d3918be8e822{ip: 192.168.164.234, host: pr-hdds-2223-d4ngw-1748172156, networkLocation: /default-rack, certSerialId: null}
2019-10-01 16:35:53,183 [pool-383-thread-1] INFO  server.RaftServerConfigKeys (ConfUtils.java:logGet(43)) - raft.server.snapshot.auto.trigger.enabled = true (custom)
2019-10-01 16:35:53,183 [pool-383-thread-1] INFO  server.RaftServerConfigKeys (ConfUtils.java:logGet(43)) - raft.server.snapshot.auto.trigger.threshold = 10000 (custom)
2019-10-01 16:35:53,184 [pool-383-thread-1] INFO  server.RaftServerConfigKeys (ConfUtils.java:logGet(43)) - raft.server.snapshot.retention.file.num = 5 (custom)
2019-10-01 16:35:53,184 [pool-383-thread-1] INFO  server.RaftServerConfigKeys (ConfUtils.java:logGet(43)) - raft.server.retrycache.expirytime = 600000ms (custom)
2019-10-01 16:35:53,186 [pool-383-thread-1] INFO  impl.RaftServerImpl (RaftServerImpl.java:start(181)) - 445c4447-2cb9-46a3-8fd7-5428dcf97658@group-2768BE70A717: start as a follower, conf=-1: [445c4447-2cb9-46a3-8fd7-5428dcf97658:192.168.164.234:40536], old=null
2019-10-01 16:35:53,186 [pool-383-thread-1] INFO  impl.RaftServerImpl (RaftServerImpl.java:setRole(170)) - 445c4447-2cb9-46a3-8fd7-5428dcf97658@group-2768BE70A717: changes role from      null to FOLLOWER at term 0 for startAsFollower
2019-10-01 16:35:53,186 [pool-383-thread-1] INFO  impl.RoleInfo (RoleInfo.java:updateAndGet(143)) - 445c4447-2cb9-46a3-8fd7-5428dcf97658: start FollowerState
2019-10-01 16:35:53,187 [pool-383-thread-1] INFO  util.JmxRegister (JmxRegister.java:tryRegister(44)) - Successfully registered JMX Bean with object name Ratis:service=RaftServer,group=group-2768BE70A717,id=445c4447-2cb9-46a3-8fd7-5428dcf97658
2019-10-01 16:35:53,192 [RatisPipelineUtilsThread] INFO  pipeline.PipelineStateManager (PipelineStateManager.java:addPipeline(56)) - Created pipeline Pipeline[ Id: 369a82ae-c4f6-4613-9f48-2768be70a717, Nodes: 445c4447-2cb9-46a3-8fd7-5428dcf97658{ip: 192.168.164.234, host: pr-hdds-2223-d4ngw-1748172156, networkLocation: /default-rack, certSerialId: null}, Type:RATIS, Factor:ONE, State:OPEN]
2019-10-01 16:35:53,198 [grpc-default-executor-5] INFO  impl.RaftServerProxy (RaftServerProxy.java:addNew(89)) - 8ab1db64-65ba-4952-b15a-d3918be8e822: addNew group-FECE36B44293:[8ab1db64-65ba-4952-b15a-d3918be8e822:192.168.164.234:43712] returns group-FECE36B44293:java.util.concurrent.CompletableFuture@f82c459[Not completed]
2019-10-01 16:35:53,199 [pool-393-thread-1] INFO  impl.RaftServerImpl (RaftServerImpl.java:<init>(95)) - 8ab1db64-65ba-4952-b15a-d3918be8e822: new RaftServerImpl for group-FECE36B44293:[8ab1db64-65ba-4952-b15a-d3918be8e822:192.168.164.234:43712] with ContainerStateMachine:uninitialized
2019-10-01 16:35:53,199 [pool-393-thread-1] INFO  server.RaftServerConfigKeys (ConfUtils.java:logGet(43)) - raft.server.rpc.timeout.min = 5s (custom)
2019-10-01 16:35:53,199 [pool-393-thread-1] INFO  server.RaftServerConfigKeys (ConfUtils.java:logGet(43)) - raft.server.rpc.timeout.max = 5200ms (custom)
2019-10-01 16:35:53,199 [pool-393-thread-1] INFO  server.RaftServerConfigKeys (ConfUtils.java:logGet(43)) - raft.server.rpcslowness.timeout = 120s (custom)
2019-10-01 16:35:53,199 [pool-393-thread-1] INFO  server.RaftServerConfigKeys (ConfUtils.java:logGet(43)) - raft.server.sleep.deviation.threshold = 300 (default)
2019-10-01 16:35:53,200 [pool-393-thread-1] INFO  server.RaftServerConfigKeys (ConfUtils.java:logGet(43)) - raft.server.log.appender.install.snapshot.enabled = false (custom)
2019-10-01 16:35:53,200 [pool-393-thread-1] INFO  impl.RaftServerImpl (ServerState.java:<init>(103)) - 8ab1db64-65ba-4952-b15a-d3918be8e822@group-FECE36B44293: ConfigurationManager, init=-1: [8ab1db64-65ba-4952-b15a-d3918be8e822:192.168.164.234:43712], old=null, confs=<EMPTY_MAP>
2019-10-01 16:35:53,200 [pool-393-thread-1] INFO  server.RaftServerConfigKeys (ConfUtils.java:logGet(43)) - raft.server.storage.dir = [/workdir/hadoop-ozone/integration-test/target/test-dir/MiniOzoneClusterImpl-259b6801-9924-4de8-a941-26f02370cd4f/datanode-1/data/ratis] (custom)
2019-10-01 16:35:53,200 [pool-393-thread-1] INFO  server.RaftServerConfigKeys (ConfUtils.java:logGet(43)) - raft.server.log.corruption.policy = EXCEPTION (default)
2019-10-01 16:35:53,200 [pool-393-thread-1] INFO  storage.RaftStorageDirectory (RaftStorageDirectory.java:analyzeStorage(246)) - The storage directory /workdir/hadoop-ozone/integration-test/target/test-dir/MiniOzoneClusterImpl-259b6801-9924-4de8-a941-26f02370cd4f/datanode-1/data/ratis/eb405606-769c-49d0-a0b9-fece36b44293 does not exist. Creating ...
2019-10-01 16:35:53,213 [pool-393-thread-1] INFO  storage.RaftStorageDirectory (RaftStorageDirectory.java:tryLock(328)) - Lock on /workdir/hadoop-ozone/integration-test/target/test-dir/MiniOzoneClusterImpl-259b6801-9924-4de8-a941-26f02370cd4f/datanode-1/data/ratis/eb405606-769c-49d0-a0b9-fece36b44293/in_use.lock acquired by nodename 10606@pr-hdds-2223-d4ngw-1748172156
2019-10-01 16:35:53,226 [pool-393-thread-1] INFO  storage.RaftStorage (RaftStorage.java:format(84)) - Storage directory /workdir/hadoop-ozone/integration-test/target/test-dir/MiniOzoneClusterImpl-259b6801-9924-4de8-a941-26f02370cd4f/datanode-1/data/ratis/eb405606-769c-49d0-a0b9-fece36b44293 has been successfully formatted.
2019-10-01 16:35:53,226 [pool-393-thread-1] INFO  ratis.ContainerStateMachine (ContainerStateMachine.java:loadSnapshot(230)) - group-FECE36B44293: The snapshot info is null. Setting the last applied indexto:(t:0, i:~)
2019-10-01 16:35:53,226 [pool-393-thread-1] INFO  server.RaftServerConfigKeys (ConfUtils.java:logGet(43)) - raft.server.notification.no-leader.timeout = 120s (custom)
2019-10-01 16:35:53,226 [pool-393-thread-1] INFO  server.RaftServerConfigKeys (ConfUtils.java:logGet(43)) - raft.server.log.use.memory = false (default)
2019-10-01 16:35:53,226 [pool-393-thread-1] INFO  server.RaftServerConfigKeys (ConfUtils.java:logGet(43)) - raft.server.log.purge.gap = 1000000 (custom)
2019-10-01 16:35:53,226 [pool-393-thread-1] INFO  server.RaftServerConfigKeys (ConfUtils.java:logGet(43)) - raft.server.log.appender.buffer.byte-limit = 33554432 (custom)
2019-10-01 16:35:53,226 [pool-393-thread-1] INFO  server.RaftServerConfigKeys (ConfUtils.java:logGet(43)) - raft.server.log.segment.size.max = 1048576 (custom)
2019-10-01 16:35:53,228 [pool-393-thread-1] INFO  server.RaftServerConfigKeys (ConfUtils.java:logGet(43)) - raft.server.log.segment.cache.num.max = 2 (custom)
2019-10-01 16:35:53,228 [pool-393-thread-1] INFO  segmented.SegmentedRaftLogWorker (SegmentedRaftLogWorker.java:<init>(173)) - new 8ab1db64-65ba-4952-b15a-d3918be8e822@group-FECE36B44293-SegmentedRaftLogWorker for RaftStorage:Storage Directory /workdir/hadoop-ozone/integration-test/target/test-dir/MiniOzoneClusterImpl-259b6801-9924-4de8-a941-26f02370cd4f/datanode-1/data/ratis/eb405606-769c-49d0-a0b9-fece36b44293
2019-10-01 16:35:53,228 [pool-393-thread-1] INFO  server.RaftServerConfigKeys (ConfUtils.java:logGet(43)) - raft.server.log.queue.byte-limit = 2147483647 (custom)
2019-10-01 16:35:53,228 [pool-393-thread-1] INFO  server.RaftServerConfigKeys (ConfUtils.java:logGet(43)) - raft.server.log.queue.element-limit = 1024 (custom)
2019-10-01 16:35:53,228 [pool-393-thread-1] INFO  server.RaftServerConfigKeys (ConfUtils.java:logGet(43)) - raft.server.log.segment.size.max = 1048576 (custom)
2019-10-01 16:35:53,228 [pool-393-thread-1] INFO  server.RaftServerConfigKeys (ConfUtils.java:logGet(43)) - raft.server.log.preallocated.size = 16384 (custom)
2019-10-01 16:35:53,228 [pool-393-thread-1] INFO  server.RaftServerConfigKeys (ConfUtils.java:logGet(43)) - raft.server.log.write.buffer.size = 33554432 (custom)
2019-10-01 16:35:53,228 [pool-393-thread-1] INFO  server.RaftServerConfigKeys (ConfUtils.java:logGet(43)) - raft.server.log.force.sync.num = 128 (default)
2019-10-01 16:35:53,229 [pool-393-thread-1] INFO  server.RaftServerConfigKeys (ConfUtils.java:logGet(43)) - raft.server.log.statemachine.data.sync = true (default)
2019-10-01 16:35:53,229 [pool-393-thread-1] INFO  server.RaftServerConfigKeys (ConfUtils.java:logGet(43)) - raft.server.log.statemachine.data.sync.timeout = 10s (default)
2019-10-01 16:35:53,229 [pool-393-thread-1] INFO  server.RaftServerConfigKeys (ConfUtils.java:logGet(43)) - raft.server.log.statemachine.data.sync.timeout.retry = -1 (default)
2019-10-01 16:35:53,229 [pool-393-thread-1] INFO  server.RaftServerConfigKeys (ConfUtils.java:logGet(43)) - raft.server.log.statemachine.data.caching.enabled = true (custom)
2019-10-01 16:35:53,229 [pool-393-thread-1] INFO  segmented.SegmentedRaftLogWorker (SegmentedRaftLogWorker.java:lambda$new$0(128)) - 8ab1db64-65ba-4952-b15a-d3918be8e822@group-FECE36B44293-SegmentedRaftLogWorker: flushIndex: setUnconditionally 0 -> -1
2019-10-01 16:35:53,230 [pool-393-thread-1] INFO  server.RaftServerConfigKeys (ConfUtils.java:logGet(43)) - raft.server.snapshot.auto.trigger.enabled = true (custom)
2019-10-01 16:35:53,230 [pool-393-thread-1] INFO  server.RaftServerConfigKeys (ConfUtils.java:logGet(43)) - raft.server.snapshot.auto.trigger.threshold = 10000 (custom)
2019-10-01 16:35:53,230 [pool-393-thread-1] INFO  server.RaftServerConfigKeys (ConfUtils.java:logGet(43)) - raft.server.snapshot.retention.file.num = 5 (custom)
2019-10-01 16:35:53,230 [pool-393-thread-1] INFO  server.RaftServerConfigKeys (ConfUtils.java:logGet(43)) - raft.server.retrycache.expirytime = 600000ms (custom)
2019-10-01 16:35:53,231 [pool-393-thread-1] INFO  impl.RaftServerImpl (RaftServerImpl.java:start(181)) - 8ab1db64-65ba-4952-b15a-d3918be8e822@group-FECE36B44293: start as a follower, conf=-1: [8ab1db64-65ba-4952-b15a-d3918be8e822:192.168.164.234:43712], old=null
2019-10-01 16:35:53,231 [pool-393-thread-1] INFO  impl.RaftServerImpl (RaftServerImpl.java:setRole(170)) - 8ab1db64-65ba-4952-b15a-d3918be8e822@group-FECE36B44293: changes role from      null to FOLLOWER at term 0 for startAsFollower
2019-10-01 16:35:53,232 [pool-393-thread-1] INFO  impl.RoleInfo (RoleInfo.java:updateAndGet(143)) - 8ab1db64-65ba-4952-b15a-d3918be8e822: start FollowerState
2019-10-01 16:35:53,232 [pool-393-thread-1] INFO  util.JmxRegister (JmxRegister.java:tryRegister(44)) - Successfully registered JMX Bean with object name Ratis:service=RaftServer,group=group-FECE36B44293,id=8ab1db64-65ba-4952-b15a-d3918be8e822
2019-10-01 16:35:53,235 [RatisPipelineUtilsThread] INFO  pipeline.PipelineStateManager (PipelineStateManager.java:addPipeline(56)) - Created pipeline Pipeline[ Id: eb405606-769c-49d0-a0b9-fece36b44293, Nodes: 8ab1db64-65ba-4952-b15a-d3918be8e822{ip: 192.168.164.234, host: pr-hdds-2223-d4ngw-1748172156, networkLocation: /default-rack, certSerialId: null}, Type:RATIS, Factor:ONE, State:OPEN]
2019-10-01 16:35:53,254 [IPC Server handler 3 on 39056] INFO  net.NetworkTopology (NetworkTopologyImpl.java:add(111)) - Added a new node: /default-rack/291b2e89-388f-45b2-9e7b-30bda090654c
2019-10-01 16:35:53,254 [IPC Server handler 3 on 39056] INFO  node.SCMNodeManager (SCMNodeManager.java:register(266)) - Registered Data node : 291b2e89-388f-45b2-9e7b-30bda090654c{ip: 192.168.164.234, host: pr-hdds-2223-d4ngw-1748172156, networkLocation: /default-rack, certSerialId: null}
2019-10-01 16:35:53,260 [grpc-default-executor-5] INFO  impl.RaftServerProxy (RaftServerProxy.java:addNew(89)) - 291b2e89-388f-45b2-9e7b-30bda090654c: addNew group-655767F060B8:[291b2e89-388f-45b2-9e7b-30bda090654c:192.168.164.234:45532] returns group-655767F060B8:java.util.concurrent.CompletableFuture@6cb8f67c[Not completed]
2019-10-01 16:35:53,261 [pool-403-thread-1] INFO  impl.RaftServerImpl (RaftServerImpl.java:<init>(95)) - 291b2e89-388f-45b2-9e7b-30bda090654c: new RaftServerImpl for group-655767F060B8:[291b2e89-388f-45b2-9e7b-30bda090654c:192.168.164.234:45532] with ContainerStateMachine:uninitialized
2019-10-01 16:35:53,262 [pool-403-thread-1] INFO  server.RaftServerConfigKeys (ConfUtils.java:logGet(43)) - raft.server.rpc.timeout.min = 5s (custom)
2019-10-01 16:35:53,262 [pool-403-thread-1] INFO  server.RaftServerConfigKeys (ConfUtils.java:logGet(43)) - raft.server.rpc.timeout.max = 5200ms (custom)
2019-10-01 16:35:53,262 [pool-403-thread-1] INFO  server.RaftServerConfigKeys (ConfUtils.java:logGet(43)) - raft.server.rpcslowness.timeout = 120s (custom)
2019-10-01 16:35:53,262 [pool-403-thread-1] INFO  server.RaftServerConfigKeys (ConfUtils.java:logGet(43)) - raft.server.sleep.deviation.threshold = 300 (default)
2019-10-01 16:35:53,262 [pool-403-thread-1] INFO  server.RaftServerConfigKeys (ConfUtils.java:logGet(43)) - raft.server.log.appender.install.snapshot.enabled = false (custom)
2019-10-01 16:35:53,262 [pool-403-thread-1] INFO  impl.RaftServerImpl (ServerState.java:<init>(103)) - 291b2e89-388f-45b2-9e7b-30bda090654c@group-655767F060B8: ConfigurationManager, init=-1: [291b2e89-388f-45b2-9e7b-30bda090654c:192.168.164.234:45532], old=null, confs=<EMPTY_MAP>
2019-10-01 16:35:53,262 [pool-403-thread-1] INFO  server.RaftServerConfigKeys (ConfUtils.java:logGet(43)) - raft.server.storage.dir = [/workdir/hadoop-ozone/integration-test/target/test-dir/MiniOzoneClusterImpl-259b6801-9924-4de8-a941-26f02370cd4f/datanode-2/data/ratis] (custom)
2019-10-01 16:35:53,262 [pool-403-thread-1] INFO  server.RaftServerConfigKeys (ConfUtils.java:logGet(43)) - raft.server.log.corruption.policy = EXCEPTION (default)
2019-10-01 16:35:53,263 [pool-403-thread-1] INFO  storage.RaftStorageDirectory (RaftStorageDirectory.java:analyzeStorage(246)) - The storage directory /workdir/hadoop-ozone/integration-test/target/test-dir/MiniOzoneClusterImpl-259b6801-9924-4de8-a941-26f02370cd4f/datanode-2/data/ratis/19cc0c57-5753-43e1-acaa-655767f060b8 does not exist. Creating ...
2019-10-01 16:35:53,275 [pool-403-thread-1] INFO  storage.RaftStorageDirectory (RaftStorageDirectory.java:tryLock(328)) - Lock on /workdir/hadoop-ozone/integration-test/target/test-dir/MiniOzoneClusterImpl-259b6801-9924-4de8-a941-26f02370cd4f/datanode-2/data/ratis/19cc0c57-5753-43e1-acaa-655767f060b8/in_use.lock acquired by nodename 10606@pr-hdds-2223-d4ngw-1748172156
2019-10-01 16:35:53,287 [pool-403-thread-1] INFO  storage.RaftStorage (RaftStorage.java:format(84)) - Storage directory /workdir/hadoop-ozone/integration-test/target/test-dir/MiniOzoneClusterImpl-259b6801-9924-4de8-a941-26f02370cd4f/datanode-2/data/ratis/19cc0c57-5753-43e1-acaa-655767f060b8 has been successfully formatted.
2019-10-01 16:35:53,287 [pool-403-thread-1] INFO  ratis.ContainerStateMachine (ContainerStateMachine.java:loadSnapshot(230)) - group-655767F060B8: The snapshot info is null. Setting the last applied indexto:(t:0, i:~)
2019-10-01 16:35:53,288 [pool-403-thread-1] INFO  server.RaftServerConfigKeys (ConfUtils.java:logGet(43)) - raft.server.notification.no-leader.timeout = 120s (custom)
2019-10-01 16:35:53,288 [pool-403-thread-1] INFO  server.RaftServerConfigKeys (ConfUtils.java:logGet(43)) - raft.server.log.use.memory = false (default)
2019-10-01 16:35:53,288 [pool-403-thread-1] INFO  server.RaftServerConfigKeys (ConfUtils.java:logGet(43)) - raft.server.log.purge.gap = 1000000 (custom)
2019-10-01 16:35:53,288 [pool-403-thread-1] INFO  server.RaftServerConfigKeys (ConfUtils.java:logGet(43)) - raft.server.log.appender.buffer.byte-limit = 33554432 (custom)
2019-10-01 16:35:53,288 [pool-403-thread-1] INFO  server.RaftServerConfigKeys (ConfUtils.java:logGet(43)) - raft.server.log.segment.size.max = 1048576 (custom)
2019-10-01 16:35:53,290 [pool-403-thread-1] INFO  server.RaftServerConfigKeys (ConfUtils.java:logGet(43)) - raft.server.log.segment.cache.num.max = 2 (custom)
2019-10-01 16:35:53,290 [pool-403-thread-1] INFO  segmented.SegmentedRaftLogWorker (SegmentedRaftLogWorker.java:<init>(173)) - new 291b2e89-388f-45b2-9e7b-30bda090654c@group-655767F060B8-SegmentedRaftLogWorker for RaftStorage:Storage Directory /workdir/hadoop-ozone/integration-test/target/test-dir/MiniOzoneClusterImpl-259b6801-9924-4de8-a941-26f02370cd4f/datanode-2/data/ratis/19cc0c57-5753-43e1-acaa-655767f060b8
2019-10-01 16:35:53,290 [pool-403-thread-1] INFO  server.RaftServerConfigKeys (ConfUtils.java:logGet(43)) - raft.server.log.queue.byte-limit = 2147483647 (custom)
2019-10-01 16:35:53,290 [pool-403-thread-1] INFO  server.RaftServerConfigKeys (ConfUtils.java:logGet(43)) - raft.server.log.queue.element-limit = 1024 (custom)
2019-10-01 16:35:53,290 [pool-403-thread-1] INFO  server.RaftServerConfigKeys (ConfUtils.java:logGet(43)) - raft.server.log.segment.size.max = 1048576 (custom)
2019-10-01 16:35:53,290 [pool-403-thread-1] INFO  server.RaftServerConfigKeys (ConfUtils.java:logGet(43)) - raft.server.log.preallocated.size = 16384 (custom)
2019-10-01 16:35:53,290 [pool-403-thread-1] INFO  server.RaftServerConfigKeys (ConfUtils.java:logGet(43)) - raft.server.log.write.buffer.size = 33554432 (custom)
2019-10-01 16:35:53,291 [pool-403-thread-1] INFO  server.RaftServerConfigKeys (ConfUtils.java:logGet(43)) - raft.server.log.force.sync.num = 128 (default)
2019-10-01 16:35:53,291 [pool-403-thread-1] INFO  server.RaftServerConfigKeys (ConfUtils.java:logGet(43)) - raft.server.log.statemachine.data.sync = true (default)
2019-10-01 16:35:53,291 [pool-403-thread-1] INFO  server.RaftServerConfigKeys (ConfUtils.java:logGet(43)) - raft.server.log.statemachine.data.sync.timeout = 10s (default)
2019-10-01 16:35:53,291 [pool-403-thread-1] INFO  server.RaftServerConfigKeys (ConfUtils.java:logGet(43)) - raft.server.log.statemachine.data.sync.timeout.retry = -1 (default)
2019-10-01 16:35:53,291 [pool-403-thread-1] INFO  server.RaftServerConfigKeys (ConfUtils.java:logGet(43)) - raft.server.log.statemachine.data.caching.enabled = true (custom)
2019-10-01 16:35:53,292 [pool-403-thread-1] INFO  segmented.SegmentedRaftLogWorker (SegmentedRaftLogWorker.java:lambda$new$0(128)) - 291b2e89-388f-45b2-9e7b-30bda090654c@group-655767F060B8-SegmentedRaftLogWorker: flushIndex: setUnconditionally 0 -> -1
2019-10-01 16:35:53,292 [pool-403-thread-1] INFO  server.RaftServerConfigKeys (ConfUtils.java:logGet(43)) - raft.server.snapshot.auto.trigger.enabled = true (custom)
2019-10-01 16:35:53,292 [pool-403-thread-1] INFO  server.RaftServerConfigKeys (ConfUtils.java:logGet(43)) - raft.server.snapshot.auto.trigger.threshold = 10000 (custom)
2019-10-01 16:35:53,292 [pool-403-thread-1] INFO  server.RaftServerConfigKeys (ConfUtils.java:logGet(43)) - raft.server.snapshot.retention.file.num = 5 (custom)
2019-10-01 16:35:53,292 [pool-403-thread-1] INFO  server.RaftServerConfigKeys (ConfUtils.java:logGet(43)) - raft.server.retrycache.expirytime = 600000ms (custom)
2019-10-01 16:35:53,294 [pool-403-thread-1] INFO  impl.RaftServerImpl (RaftServerImpl.java:start(181)) - 291b2e89-388f-45b2-9e7b-30bda090654c@group-655767F060B8: start as a follower, conf=-1: [291b2e89-388f-45b2-9e7b-30bda090654c:192.168.164.234:45532], old=null
2019-10-01 16:35:53,294 [pool-403-thread-1] INFO  impl.RaftServerImpl (RaftServerImpl.java:setRole(170)) - 291b2e89-388f-45b2-9e7b-30bda090654c@group-655767F060B8: changes role from      null to FOLLOWER at term 0 for startAsFollower
2019-10-01 16:35:53,294 [pool-403-thread-1] INFO  impl.RoleInfo (RoleInfo.java:updateAndGet(143)) - 291b2e89-388f-45b2-9e7b-30bda090654c: start FollowerState
2019-10-01 16:35:53,294 [pool-403-thread-1] INFO  util.JmxRegister (JmxRegister.java:tryRegister(44)) - Successfully registered JMX Bean with object name Ratis:service=RaftServer,group=group-655767F060B8,id=291b2e89-388f-45b2-9e7b-30bda090654c
2019-10-01 16:35:53,298 [RatisPipelineUtilsThread] INFO  pipeline.PipelineStateManager (PipelineStateManager.java:addPipeline(56)) - Created pipeline Pipeline[ Id: 19cc0c57-5753-43e1-acaa-655767f060b8, Nodes: 291b2e89-388f-45b2-9e7b-30bda090654c{ip: 192.168.164.234, host: pr-hdds-2223-d4ngw-1748172156, networkLocation: /default-rack, certSerialId: null}, Type:RATIS, Factor:ONE, State:OPEN]
2019-10-01 16:35:53,310 [grpc-default-executor-5] INFO  impl.RaftServerProxy (RaftServerProxy.java:addNew(89)) - 8ab1db64-65ba-4952-b15a-d3918be8e822: addNew group-252D32A25BE8:[445c4447-2cb9-46a3-8fd7-5428dcf97658:192.168.164.234:40536, 291b2e89-388f-45b2-9e7b-30bda090654c:192.168.164.234:45532, 8ab1db64-65ba-4952-b15a-d3918be8e822:192.168.164.234:43712] returns group-252D32A25BE8:java.util.concurrent.CompletableFuture@7ba1bc4c[Not completed]
2019-10-01 16:35:53,310 [grpc-default-executor-3] INFO  impl.RaftServerProxy (RaftServerProxy.java:addNew(89)) - 291b2e89-388f-45b2-9e7b-30bda090654c: addNew group-252D32A25BE8:[445c4447-2cb9-46a3-8fd7-5428dcf97658:192.168.164.234:40536, 291b2e89-388f-45b2-9e7b-30bda090654c:192.168.164.234:45532, 8ab1db64-65ba-4952-b15a-d3918be8e822:192.168.164.234:43712] returns group-252D32A25BE8:java.util.concurrent.CompletableFuture@3b06fe18[Not completed]
2019-10-01 16:35:53,311 [grpc-default-executor-0] INFO  impl.RaftServerProxy (RaftServerProxy.java:addNew(89)) - 445c4447-2cb9-46a3-8fd7-5428dcf97658: addNew group-252D32A25BE8:[445c4447-2cb9-46a3-8fd7-5428dcf97658:192.168.164.234:40536, 291b2e89-388f-45b2-9e7b-30bda090654c:192.168.164.234:45532, 8ab1db64-65ba-4952-b15a-d3918be8e822:192.168.164.234:43712] returns group-252D32A25BE8:java.util.concurrent.CompletableFuture@28a68f40[Not completed]
2019-10-01 16:35:53,312 [pool-393-thread-1] INFO  impl.RaftServerImpl (RaftServerImpl.java:<init>(95)) - 8ab1db64-65ba-4952-b15a-d3918be8e822: new RaftServerImpl for group-252D32A25BE8:[445c4447-2cb9-46a3-8fd7-5428dcf97658:192.168.164.234:40536, 291b2e89-388f-45b2-9e7b-30bda090654c:192.168.164.234:45532, 8ab1db64-65ba-4952-b15a-d3918be8e822:192.168.164.234:43712] with ContainerStateMachine:uninitialized
2019-10-01 16:35:53,312 [pool-393-thread-1] INFO  server.RaftServerConfigKeys (ConfUtils.java:logGet(43)) - raft.server.rpc.timeout.min = 5s (custom)
2019-10-01 16:35:53,312 [pool-393-thread-1] INFO  server.RaftServerConfigKeys (ConfUtils.java:logGet(43)) - raft.server.rpc.timeout.max = 5200ms (custom)
2019-10-01 16:35:53,312 [pool-393-thread-1] INFO  server.RaftServerConfigKeys (ConfUtils.java:logGet(43)) - raft.server.rpcslowness.timeout = 120s (custom)
2019-10-01 16:35:53,313 [pool-383-thread-1] INFO  impl.RaftServerImpl (RaftServerImpl.java:<init>(95)) - 445c4447-2cb9-46a3-8fd7-5428dcf97658: new RaftServerImpl for group-252D32A25BE8:[445c4447-2cb9-46a3-8fd7-5428dcf97658:192.168.164.234:40536, 291b2e89-388f-45b2-9e7b-30bda090654c:192.168.164.234:45532, 8ab1db64-65ba-4952-b15a-d3918be8e822:192.168.164.234:43712] with ContainerStateMachine:uninitialized
2019-10-01 16:35:53,313 [pool-393-thread-1] INFO  server.RaftServerConfigKeys (ConfUtils.java:logGet(43)) - raft.server.sleep.deviation.threshold = 300 (default)
2019-10-01 16:35:53,313 [pool-383-thread-1] INFO  server.RaftServerConfigKeys (ConfUtils.java:logGet(43)) - raft.server.rpc.timeout.min = 5s (custom)
2019-10-01 16:35:53,313 [pool-393-thread-1] INFO  server.RaftServerConfigKeys (ConfUtils.java:logGet(43)) - raft.server.log.appender.install.snapshot.enabled = false (custom)
2019-10-01 16:35:53,313 [pool-383-thread-1] INFO  server.RaftServerConfigKeys (ConfUtils.java:logGet(43)) - raft.server.rpc.timeout.max = 5200ms (custom)
2019-10-01 16:35:53,313 [pool-383-thread-1] INFO  server.RaftServerConfigKeys (ConfUtils.java:logGet(43)) - raft.server.rpcslowness.timeout = 120s (custom)
2019-10-01 16:35:53,313 [pool-393-thread-1] INFO  impl.RaftServerImpl (ServerState.java:<init>(103)) - 8ab1db64-65ba-4952-b15a-d3918be8e822@group-252D32A25BE8: ConfigurationManager, init=-1: [445c4447-2cb9-46a3-8fd7-5428dcf97658:192.168.164.234:40536, 291b2e89-388f-45b2-9e7b-30bda090654c:192.168.164.234:45532, 8ab1db64-65ba-4952-b15a-d3918be8e822:192.168.164.234:43712], old=null, confs=<EMPTY_MAP>
2019-10-01 16:35:53,313 [pool-403-thread-1] INFO  impl.RaftServerImpl (RaftServerImpl.java:<init>(95)) - 291b2e89-388f-45b2-9e7b-30bda090654c: new RaftServerImpl for group-252D32A25BE8:[445c4447-2cb9-46a3-8fd7-5428dcf97658:192.168.164.234:40536, 291b2e89-388f-45b2-9e7b-30bda090654c:192.168.164.234:45532, 8ab1db64-65ba-4952-b15a-d3918be8e822:192.168.164.234:43712] with ContainerStateMachine:uninitialized
2019-10-01 16:35:53,314 [pool-393-thread-1] INFO  server.RaftServerConfigKeys (ConfUtils.java:logGet(43)) - raft.server.storage.dir = [/workdir/hadoop-ozone/integration-test/target/test-dir/MiniOzoneClusterImpl-259b6801-9924-4de8-a941-26f02370cd4f/datanode-1/data/ratis] (custom)
2019-10-01 16:35:53,313 [pool-383-thread-1] INFO  server.RaftServerConfigKeys (ConfUtils.java:logGet(43)) - raft.server.sleep.deviation.threshold = 300 (default)
2019-10-01 16:35:53,314 [pool-403-thread-1] INFO  server.RaftServerConfigKeys (ConfUtils.java:logGet(43)) - raft.server.rpc.timeout.min = 5s (custom)
2019-10-01 16:35:53,314 [pool-393-thread-1] INFO  server.RaftServerConfigKeys (ConfUtils.java:logGet(43)) - raft.server.log.corruption.policy = EXCEPTION (default)
2019-10-01 16:35:53,314 [pool-383-thread-1] INFO  server.RaftServerConfigKeys (ConfUtils.java:logGet(43)) - raft.server.log.appender.install.snapshot.enabled = false (custom)
2019-10-01 16:35:53,314 [pool-393-thread-1] INFO  storage.RaftStorageDirectory (RaftStorageDirectory.java:analyzeStorage(246)) - The storage directory /workdir/hadoop-ozone/integration-test/target/test-dir/MiniOzoneClusterImpl-259b6801-9924-4de8-a941-26f02370cd4f/datanode-1/data/ratis/95036835-98d0-4a7f-b6e8-252d32a25be8 does not exist. Creating ...
2019-10-01 16:35:53,314 [pool-383-thread-1] INFO  impl.RaftServerImpl (ServerState.java:<init>(103)) - 445c4447-2cb9-46a3-8fd7-5428dcf97658@group-252D32A25BE8: ConfigurationManager, init=-1: [445c4447-2cb9-46a3-8fd7-5428dcf97658:192.168.164.234:40536, 291b2e89-388f-45b2-9e7b-30bda090654c:192.168.164.234:45532, 8ab1db64-65ba-4952-b15a-d3918be8e822:192.168.164.234:43712], old=null, confs=<EMPTY_MAP>
2019-10-01 16:35:53,314 [pool-403-thread-1] INFO  server.RaftServerConfigKeys (ConfUtils.java:logGet(43)) - raft.server.rpc.timeout.max = 5200ms (custom)
2019-10-01 16:35:53,315 [pool-383-thread-1] INFO  server.RaftServerConfigKeys (ConfUtils.java:logGet(43)) - raft.server.storage.dir = [/workdir/hadoop-ozone/integration-test/target/test-dir/MiniOzoneClusterImpl-259b6801-9924-4de8-a941-26f02370cd4f/datanode-0/data/ratis] (custom)
2019-10-01 16:35:53,315 [pool-403-thread-1] INFO  server.RaftServerConfigKeys (ConfUtils.java:logGet(43)) - raft.server.rpcslowness.timeout = 120s (custom)
2019-10-01 16:35:53,315 [pool-403-thread-1] INFO  server.RaftServerConfigKeys (ConfUtils.java:logGet(43)) - raft.server.sleep.deviation.threshold = 300 (default)
2019-10-01 16:35:53,315 [pool-383-thread-1] INFO  server.RaftServerConfigKeys (ConfUtils.java:logGet(43)) - raft.server.log.corruption.policy = EXCEPTION (default)
2019-10-01 16:35:53,315 [pool-403-thread-1] INFO  server.RaftServerConfigKeys (ConfUtils.java:logGet(43)) - raft.server.log.appender.install.snapshot.enabled = false (custom)
2019-10-01 16:35:53,315 [pool-383-thread-1] INFO  storage.RaftStorageDirectory (RaftStorageDirectory.java:analyzeStorage(246)) - The storage directory /workdir/hadoop-ozone/integration-test/target/test-dir/MiniOzoneClusterImpl-259b6801-9924-4de8-a941-26f02370cd4f/datanode-0/data/ratis/95036835-98d0-4a7f-b6e8-252d32a25be8 does not exist. Creating ...
2019-10-01 16:35:53,315 [pool-403-thread-1] INFO  impl.RaftServerImpl (ServerState.java:<init>(103)) - 291b2e89-388f-45b2-9e7b-30bda090654c@group-252D32A25BE8: ConfigurationManager, init=-1: [445c4447-2cb9-46a3-8fd7-5428dcf97658:192.168.164.234:40536, 291b2e89-388f-45b2-9e7b-30bda090654c:192.168.164.234:45532, 8ab1db64-65ba-4952-b15a-d3918be8e822:192.168.164.234:43712], old=null, confs=<EMPTY_MAP>
2019-10-01 16:35:53,315 [IPC Server handler 5 on 39056] INFO  net.NetworkTopology (NetworkTopologyImpl.java:add(111)) - Added a new node: /default-rack/449c838f-f9f2-49a3-8844-d0c1f0f0c29d
2019-10-01 16:35:53,316 [pool-403-thread-1] INFO  server.RaftServerConfigKeys (ConfUtils.java:logGet(43)) - raft.server.storage.dir = [/workdir/hadoop-ozone/integration-test/target/test-dir/MiniOzoneClusterImpl-259b6801-9924-4de8-a941-26f02370cd4f/datanode-2/data/ratis] (custom)
2019-10-01 16:35:53,316 [IPC Server handler 5 on 39056] INFO  node.SCMNodeManager (SCMNodeManager.java:register(266)) - Registered Data node : 449c838f-f9f2-49a3-8844-d0c1f0f0c29d{ip: 192.168.164.234, host: pr-hdds-2223-d4ngw-1748172156, networkLocation: /default-rack, certSerialId: null}
2019-10-01 16:35:53,316 [pool-403-thread-1] INFO  server.RaftServerConfigKeys (ConfUtils.java:logGet(43)) - raft.server.log.corruption.policy = EXCEPTION (default)
2019-10-01 16:35:53,316 [pool-403-thread-1] INFO  storage.RaftStorageDirectory (RaftStorageDirectory.java:analyzeStorage(246)) - The storage directory /workdir/hadoop-ozone/integration-test/target/test-dir/MiniOzoneClusterImpl-259b6801-9924-4de8-a941-26f02370cd4f/datanode-2/data/ratis/95036835-98d0-4a7f-b6e8-252d32a25be8 does not exist. Creating ...
2019-10-01 16:35:53,328 [pool-403-thread-1] INFO  storage.RaftStorageDirectory (RaftStorageDirectory.java:tryLock(328)) - Lock on /workdir/hadoop-ozone/integration-test/target/test-dir/MiniOzoneClusterImpl-259b6801-9924-4de8-a941-26f02370cd4f/datanode-2/data/ratis/95036835-98d0-4a7f-b6e8-252d32a25be8/in_use.lock acquired by nodename 10606@pr-hdds-2223-d4ngw-1748172156
2019-10-01 16:35:53,328 [pool-383-thread-1] INFO  storage.RaftStorageDirectory (RaftStorageDirectory.java:tryLock(328)) - Lock on /workdir/hadoop-ozone/integration-test/target/test-dir/MiniOzoneClusterImpl-259b6801-9924-4de8-a941-26f02370cd4f/datanode-0/data/ratis/95036835-98d0-4a7f-b6e8-252d32a25be8/in_use.lock acquired by nodename 10606@pr-hdds-2223-d4ngw-1748172156
2019-10-01 16:35:53,328 [pool-393-thread-1] INFO  storage.RaftStorageDirectory (RaftStorageDirectory.java:tryLock(328)) - Lock on /workdir/hadoop-ozone/integration-test/target/test-dir/MiniOzoneClusterImpl-259b6801-9924-4de8-a941-26f02370cd4f/datanode-1/data/ratis/95036835-98d0-4a7f-b6e8-252d32a25be8/in_use.lock acquired by nodename 10606@pr-hdds-2223-d4ngw-1748172156
2019-10-01 16:35:53,341 [pool-403-thread-1] INFO  storage.RaftStorage (RaftStorage.java:format(84)) - Storage directory /workdir/hadoop-ozone/integration-test/target/test-dir/MiniOzoneClusterImpl-259b6801-9924-4de8-a941-26f02370cd4f/datanode-2/data/ratis/95036835-98d0-4a7f-b6e8-252d32a25be8 has been successfully formatted.
2019-10-01 16:35:53,342 [pool-393-thread-1] INFO  storage.RaftStorage (RaftStorage.java:format(84)) - Storage directory /workdir/hadoop-ozone/integration-test/target/test-dir/MiniOzoneClusterImpl-259b6801-9924-4de8-a941-26f02370cd4f/datanode-1/data/ratis/95036835-98d0-4a7f-b6e8-252d32a25be8 has been successfully formatted.
2019-10-01 16:35:53,342 [pool-383-thread-1] INFO  storage.RaftStorage (RaftStorage.java:format(84)) - Storage directory /workdir/hadoop-ozone/integration-test/target/test-dir/MiniOzoneClusterImpl-259b6801-9924-4de8-a941-26f02370cd4f/datanode-0/data/ratis/95036835-98d0-4a7f-b6e8-252d32a25be8 has been successfully formatted.
2019-10-01 16:35:53,342 [pool-393-thread-1] INFO  ratis.ContainerStateMachine (ContainerStateMachine.java:loadSnapshot(230)) - group-252D32A25BE8: The snapshot info is null. Setting the last applied indexto:(t:0, i:~)
2019-10-01 16:35:53,342 [pool-403-thread-1] INFO  ratis.ContainerStateMachine (ContainerStateMachine.java:loadSnapshot(230)) - group-252D32A25BE8: The snapshot info is null. Setting the last applied indexto:(t:0, i:~)
2019-10-01 16:35:53,342 [pool-393-thread-1] INFO  server.RaftServerConfigKeys (ConfUtils.java:logGet(43)) - raft.server.notification.no-leader.timeout = 120s (custom)
2019-10-01 16:35:53,342 [pool-383-thread-1] INFO  ratis.ContainerStateMachine (ContainerStateMachine.java:loadSnapshot(230)) - group-252D32A25BE8: The snapshot info is null. Setting the last applied indexto:(t:0, i:~)
2019-10-01 16:35:53,342 [pool-393-thread-1] INFO  server.RaftServerConfigKeys (ConfUtils.java:logGet(43)) - raft.server.log.use.memory = false (default)
2019-10-01 16:35:53,342 [pool-403-thread-1] INFO  server.RaftServerConfigKeys (ConfUtils.java:logGet(43)) - raft.server.notification.no-leader.timeout = 120s (custom)
2019-10-01 16:35:53,343 [pool-393-thread-1] INFO  server.RaftServerConfigKeys (ConfUtils.java:logGet(43)) - raft.server.log.purge.gap = 1000000 (custom)
2019-10-01 16:35:53,343 [pool-383-thread-1] INFO  server.RaftServerConfigKeys (ConfUtils.java:logGet(43)) - raft.server.notification.no-leader.timeout = 120s (custom)
2019-10-01 16:35:53,343 [pool-393-thread-1] INFO  server.RaftServerConfigKeys (ConfUtils.java:logGet(43)) - raft.server.log.appender.buffer.byte-limit = 33554432 (custom)
2019-10-01 16:35:53,343 [pool-403-thread-1] INFO  server.RaftServerConfigKeys (ConfUtils.java:logGet(43)) - raft.server.log.use.memory = false (default)
2019-10-01 16:35:53,343 [pool-393-thread-1] INFO  server.RaftServerConfigKeys (ConfUtils.java:logGet(43)) - raft.server.log.segment.size.max = 1048576 (custom)
2019-10-01 16:35:53,343 [pool-383-thread-1] INFO  server.RaftServerConfigKeys (ConfUtils.java:logGet(43)) - raft.server.log.use.memory = false (default)
2019-10-01 16:35:53,344 [pool-393-thread-1] INFO  server.RaftServerConfigKeys (ConfUtils.java:logGet(43)) - raft.server.log.segment.cache.num.max = 2 (custom)
2019-10-01 16:35:53,344 [pool-403-thread-1] INFO  server.RaftServerConfigKeys (ConfUtils.java:logGet(43)) - raft.server.log.purge.gap = 1000000 (custom)
2019-10-01 16:35:53,344 [pool-393-thread-1] INFO  segmented.SegmentedRaftLogWorker (SegmentedRaftLogWorker.java:<init>(173)) - new 8ab1db64-65ba-4952-b15a-d3918be8e822@group-252D32A25BE8-SegmentedRaftLogWorker for RaftStorage:Storage Directory /workdir/hadoop-ozone/integration-test/target/test-dir/MiniOzoneClusterImpl-259b6801-9924-4de8-a941-26f02370cd4f/datanode-1/data/ratis/95036835-98d0-4a7f-b6e8-252d32a25be8
2019-10-01 16:35:53,344 [pool-383-thread-1] INFO  server.RaftServerConfigKeys (ConfUtils.java:logGet(43)) - raft.server.log.purge.gap = 1000000 (custom)
2019-10-01 16:35:53,344 [pool-393-thread-1] INFO  server.RaftServerConfigKeys (ConfUtils.java:logGet(43)) - raft.server.log.queue.byte-limit = 2147483647 (custom)
2019-10-01 16:35:53,344 [pool-403-thread-1] INFO  server.RaftServerConfigKeys (ConfUtils.java:logGet(43)) - raft.server.log.appender.buffer.byte-limit = 33554432 (custom)
2019-10-01 16:35:53,345 [pool-393-thread-1] INFO  server.RaftServerConfigKeys (ConfUtils.java:logGet(43)) - raft.server.log.queue.element-limit = 1024 (custom)
2019-10-01 16:35:53,344 [pool-383-thread-1] INFO  server.RaftServerConfigKeys (ConfUtils.java:logGet(43)) - raft.server.log.appender.buffer.byte-limit = 33554432 (custom)
2019-10-01 16:35:53,345 [pool-393-thread-1] INFO  server.RaftServerConfigKeys (ConfUtils.java:logGet(43)) - raft.server.log.segment.size.max = 1048576 (custom)
2019-10-01 16:35:53,345 [pool-403-thread-1] INFO  server.RaftServerConfigKeys (ConfUtils.java:logGet(43)) - raft.server.log.segment.size.max = 1048576 (custom)
2019-10-01 16:35:53,345 [pool-393-thread-1] INFO  server.RaftServerConfigKeys (ConfUtils.java:logGet(43)) - raft.server.log.preallocated.size = 16384 (custom)
2019-10-01 16:35:53,346 [pool-393-thread-1] INFO  server.RaftServerConfigKeys (ConfUtils.java:logGet(43)) - raft.server.log.write.buffer.size = 33554432 (custom)
2019-10-01 16:35:53,345 [pool-383-thread-1] INFO  server.RaftServerConfigKeys (ConfUtils.java:logGet(43)) - raft.server.log.segment.size.max = 1048576 (custom)
2019-10-01 16:35:53,346 [pool-393-thread-1] INFO  server.RaftServerConfigKeys (ConfUtils.java:logGet(43)) - raft.server.log.force.sync.num = 128 (default)
2019-10-01 16:35:53,345 [pool-403-thread-1] INFO  server.RaftServerConfigKeys (ConfUtils.java:logGet(43)) - raft.server.log.segment.cache.num.max = 2 (custom)
2019-10-01 16:35:53,346 [pool-393-thread-1] INFO  server.RaftServerConfigKeys (ConfUtils.java:logGet(43)) - raft.server.log.statemachine.data.sync = true (default)
2019-10-01 16:35:53,346 [pool-383-thread-1] INFO  server.RaftServerConfigKeys (ConfUtils.java:logGet(43)) - raft.server.log.segment.cache.num.max = 2 (custom)
2019-10-01 16:35:53,346 [pool-393-thread-1] INFO  server.RaftServerConfigKeys (ConfUtils.java:logGet(43)) - raft.server.log.statemachine.data.sync.timeout = 10s (default)
2019-10-01 16:35:53,346 [pool-403-thread-1] INFO  segmented.SegmentedRaftLogWorker (SegmentedRaftLogWorker.java:<init>(173)) - new 291b2e89-388f-45b2-9e7b-30bda090654c@group-252D32A25BE8-SegmentedRaftLogWorker for RaftStorage:Storage Directory /workdir/hadoop-ozone/integration-test/target/test-dir/MiniOzoneClusterImpl-259b6801-9924-4de8-a941-26f02370cd4f/datanode-2/data/ratis/95036835-98d0-4a7f-b6e8-252d32a25be8
2019-10-01 16:35:53,347 [pool-393-thread-1] INFO  server.RaftServerConfigKeys (ConfUtils.java:logGet(43)) - raft.server.log.statemachine.data.sync.timeout.retry = -1 (default)
2019-10-01 16:35:53,347 [pool-383-thread-1] INFO  segmented.SegmentedRaftLogWorker (SegmentedRaftLogWorker.java:<init>(173)) - new 445c4447-2cb9-46a3-8fd7-5428dcf97658@group-252D32A25BE8-SegmentedRaftLogWorker for RaftStorage:Storage Directory /workdir/hadoop-ozone/integration-test/target/test-dir/MiniOzoneClusterImpl-259b6801-9924-4de8-a941-26f02370cd4f/datanode-0/data/ratis/95036835-98d0-4a7f-b6e8-252d32a25be8
2019-10-01 16:35:53,347 [pool-393-thread-1] INFO  server.RaftServerConfigKeys (ConfUtils.java:logGet(43)) - raft.server.log.statemachine.data.caching.enabled = true (custom)
2019-10-01 16:35:53,347 [pool-403-thread-1] INFO  server.RaftServerConfigKeys (ConfUtils.java:logGet(43)) - raft.server.log.queue.byte-limit = 2147483647 (custom)
2019-10-01 16:35:53,347 [pool-383-thread-1] INFO  server.RaftServerConfigKeys (ConfUtils.java:logGet(43)) - raft.server.log.queue.byte-limit = 2147483647 (custom)
2019-10-01 16:35:53,347 [pool-393-thread-1] INFO  segmented.SegmentedRaftLogWorker (SegmentedRaftLogWorker.java:lambda$new$0(128)) - 8ab1db64-65ba-4952-b15a-d3918be8e822@group-252D32A25BE8-SegmentedRaftLogWorker: flushIndex: setUnconditionally 0 -> -1
2019-10-01 16:35:53,347 [pool-403-thread-1] INFO  server.RaftServerConfigKeys (ConfUtils.java:logGet(43)) - raft.server.log.queue.element-limit = 1024 (custom)
2019-10-01 16:35:53,348 [pool-383-thread-1] INFO  server.RaftServerConfigKeys (ConfUtils.java:logGet(43)) - raft.server.log.queue.element-limit = 1024 (custom)
2019-10-01 16:35:53,348 [pool-393-thread-1] INFO  server.RaftServerConfigKeys (ConfUtils.java:logGet(43)) - raft.server.snapshot.auto.trigger.enabled = true (custom)
2019-10-01 16:35:53,348 [pool-403-thread-1] INFO  server.RaftServerConfigKeys (ConfUtils.java:logGet(43)) - raft.server.log.segment.size.max = 1048576 (custom)
2019-10-01 16:35:53,348 [pool-393-thread-1] INFO  server.RaftServerConfigKeys (ConfUtils.java:logGet(43)) - raft.server.snapshot.auto.trigger.threshold = 10000 (custom)
2019-10-01 16:35:53,348 [pool-383-thread-1] INFO  server.RaftServerConfigKeys (ConfUtils.java:logGet(43)) - raft.server.log.segment.size.max = 1048576 (custom)
2019-10-01 16:35:53,348 [pool-393-thread-1] INFO  server.RaftServerConfigKeys (ConfUtils.java:logGet(43)) - raft.server.snapshot.retention.file.num = 5 (custom)
2019-10-01 16:35:53,348 [pool-403-thread-1] INFO  server.RaftServerConfigKeys (ConfUtils.java:logGet(43)) - raft.server.log.preallocated.size = 16384 (custom)
2019-10-01 16:35:53,349 [pool-393-thread-1] INFO  server.RaftServerConfigKeys (ConfUtils.java:logGet(43)) - raft.server.retrycache.expirytime = 600000ms (custom)
2019-10-01 16:35:53,349 [pool-383-thread-1] INFO  server.RaftServerConfigKeys (ConfUtils.java:logGet(43)) - raft.server.log.preallocated.size = 16384 (custom)
2019-10-01 16:35:53,349 [pool-403-thread-1] INFO  server.RaftServerConfigKeys (ConfUtils.java:logGet(43)) - raft.server.log.write.buffer.size = 33554432 (custom)
2019-10-01 16:35:53,349 [pool-383-thread-1] INFO  server.RaftServerConfigKeys (ConfUtils.java:logGet(43)) - raft.server.log.write.buffer.size = 33554432 (custom)
2019-10-01 16:35:53,349 [pool-403-thread-1] INFO  server.RaftServerConfigKeys (ConfUtils.java:logGet(43)) - raft.server.log.force.sync.num = 128 (default)
2019-10-01 16:35:53,349 [pool-383-thread-1] INFO  server.RaftServerConfigKeys (ConfUtils.java:logGet(43)) - raft.server.log.force.sync.num = 128 (default)
2019-10-01 16:35:53,349 [pool-403-thread-1] INFO  server.RaftServerConfigKeys (ConfUtils.java:logGet(43)) - raft.server.log.statemachine.data.sync = true (default)
2019-10-01 16:35:53,350 [pool-383-thread-1] INFO  server.RaftServerConfigKeys (ConfUtils.java:logGet(43)) - raft.server.log.statemachine.data.sync = true (default)
2019-10-01 16:35:53,350 [pool-403-thread-1] INFO  server.RaftServerConfigKeys (ConfUtils.java:logGet(43)) - raft.server.log.statemachine.data.sync.timeout = 10s (default)
2019-10-01 16:35:53,350 [pool-383-thread-1] INFO  server.RaftServerConfigKeys (ConfUtils.java:logGet(43)) - raft.server.log.statemachine.data.sync.timeout = 10s (default)
2019-10-01 16:35:53,350 [pool-403-thread-1] INFO  server.RaftServerConfigKeys (ConfUtils.java:logGet(43)) - raft.server.log.statemachine.data.sync.timeout.retry = -1 (default)
2019-10-01 16:35:53,350 [pool-383-thread-1] INFO  server.RaftServerConfigKeys (ConfUtils.java:logGet(43)) - raft.server.log.statemachine.data.sync.timeout.retry = -1 (default)
2019-10-01 16:35:53,350 [pool-403-thread-1] INFO  server.RaftServerConfigKeys (ConfUtils.java:logGet(43)) - raft.server.log.statemachine.data.caching.enabled = true (custom)
2019-10-01 16:35:53,350 [pool-383-thread-1] INFO  server.RaftServerConfigKeys (ConfUtils.java:logGet(43)) - raft.server.log.statemachine.data.caching.enabled = true (custom)
2019-10-01 16:35:53,351 [pool-403-thread-1] INFO  segmented.SegmentedRaftLogWorker (SegmentedRaftLogWorker.java:lambda$new$0(128)) - 291b2e89-388f-45b2-9e7b-30bda090654c@group-252D32A25BE8-SegmentedRaftLogWorker: flushIndex: setUnconditionally 0 -> -1
2019-10-01 16:35:53,351 [pool-383-thread-1] INFO  segmented.SegmentedRaftLogWorker (SegmentedRaftLogWorker.java:lambda$new$0(128)) - 445c4447-2cb9-46a3-8fd7-5428dcf97658@group-252D32A25BE8-SegmentedRaftLogWorker: flushIndex: setUnconditionally 0 -> -1
2019-10-01 16:35:53,351 [pool-403-thread-1] INFO  server.RaftServerConfigKeys (ConfUtils.java:logGet(43)) - raft.server.snapshot.auto.trigger.enabled = true (custom)
2019-10-01 16:35:53,351 [pool-393-thread-1] INFO  impl.RaftServerImpl (RaftServerImpl.java:start(181)) - 8ab1db64-65ba-4952-b15a-d3918be8e822@group-252D32A25BE8: start as a follower, conf=-1: [445c4447-2cb9-46a3-8fd7-5428dcf97658:192.168.164.234:40536, 291b2e89-388f-45b2-9e7b-30bda090654c:192.168.164.234:45532, 8ab1db64-65ba-4952-b15a-d3918be8e822:192.168.164.234:43712], old=null
2019-10-01 16:35:53,351 [pool-383-thread-1] INFO  server.RaftServerConfigKeys (ConfUtils.java:logGet(43)) - raft.server.snapshot.auto.trigger.enabled = true (custom)
2019-10-01 16:35:53,351 [pool-403-thread-1] INFO  server.RaftServerConfigKeys (ConfUtils.java:logGet(43)) - raft.server.snapshot.auto.trigger.threshold = 10000 (custom)
2019-10-01 16:35:53,351 [pool-383-thread-1] INFO  server.RaftServerConfigKeys (ConfUtils.java:logGet(43)) - raft.server.snapshot.auto.trigger.threshold = 10000 (custom)
2019-10-01 16:35:53,351 [pool-393-thread-1] INFO  impl.RaftServerImpl (RaftServerImpl.java:setRole(170)) - 8ab1db64-65ba-4952-b15a-d3918be8e822@group-252D32A25BE8: changes role from      null to FOLLOWER at term 0 for startAsFollower
2019-10-01 16:35:53,352 [pool-383-thread-1] INFO  server.RaftServerConfigKeys (ConfUtils.java:logGet(43)) - raft.server.snapshot.retention.file.num = 5 (custom)
2019-10-01 16:35:53,351 [pool-403-thread-1] INFO  server.RaftServerConfigKeys (ConfUtils.java:logGet(43)) - raft.server.snapshot.retention.file.num = 5 (custom)
2019-10-01 16:35:53,352 [pool-383-thread-1] INFO  server.RaftServerConfigKeys (ConfUtils.java:logGet(43)) - raft.server.retrycache.expirytime = 600000ms (custom)
2019-10-01 16:35:53,352 [pool-393-thread-1] INFO  impl.RoleInfo (RoleInfo.java:updateAndGet(143)) - 8ab1db64-65ba-4952-b15a-d3918be8e822: start FollowerState
2019-10-01 16:35:53,352 [pool-403-thread-1] INFO  server.RaftServerConfigKeys (ConfUtils.java:logGet(43)) - raft.server.retrycache.expirytime = 600000ms (custom)
2019-10-01 16:35:53,352 [pool-393-thread-1] INFO  util.JmxRegister (JmxRegister.java:tryRegister(44)) - Successfully registered JMX Bean with object name Ratis:service=RaftServer,group=group-252D32A25BE8,id=8ab1db64-65ba-4952-b15a-d3918be8e822
2019-10-01 16:35:53,356 [pool-383-thread-1] INFO  impl.RaftServerImpl (RaftServerImpl.java:start(181)) - 445c4447-2cb9-46a3-8fd7-5428dcf97658@group-252D32A25BE8: start as a follower, conf=-1: [445c4447-2cb9-46a3-8fd7-5428dcf97658:192.168.164.234:40536, 291b2e89-388f-45b2-9e7b-30bda090654c:192.168.164.234:45532, 8ab1db64-65ba-4952-b15a-d3918be8e822:192.168.164.234:43712], old=null
2019-10-01 16:35:53,356 [pool-383-thread-1] INFO  impl.RaftServerImpl (RaftServerImpl.java:setRole(170)) - 445c4447-2cb9-46a3-8fd7-5428dcf97658@group-252D32A25BE8: changes role from      null to FOLLOWER at term 0 for startAsFollower
2019-10-01 16:35:53,356 [pool-383-thread-1] INFO  impl.RoleInfo (RoleInfo.java:updateAndGet(143)) - 445c4447-2cb9-46a3-8fd7-5428dcf97658: start FollowerState
2019-10-01 16:35:53,356 [pool-403-thread-1] INFO  impl.RaftServerImpl (RaftServerImpl.java:start(181)) - 291b2e89-388f-45b2-9e7b-30bda090654c@group-252D32A25BE8: start as a follower, conf=-1: [445c4447-2cb9-46a3-8fd7-5428dcf97658:192.168.164.234:40536, 291b2e89-388f-45b2-9e7b-30bda090654c:192.168.164.234:45532, 8ab1db64-65ba-4952-b15a-d3918be8e822:192.168.164.234:43712], old=null
2019-10-01 16:35:53,356 [pool-403-thread-1] INFO  impl.RaftServerImpl (RaftServerImpl.java:setRole(170)) - 291b2e89-388f-45b2-9e7b-30bda090654c@group-252D32A25BE8: changes role from      null to FOLLOWER at term 0 for startAsFollower
2019-10-01 16:35:53,356 [pool-383-thread-1] INFO  util.JmxRegister (JmxRegister.java:tryRegister(44)) - Successfully registered JMX Bean with object name Ratis:service=RaftServer,group=group-252D32A25BE8,id=445c4447-2cb9-46a3-8fd7-5428dcf97658
2019-10-01 16:35:53,356 [pool-403-thread-1] INFO  impl.RoleInfo (RoleInfo.java:updateAndGet(143)) - 291b2e89-388f-45b2-9e7b-30bda090654c: start FollowerState
2019-10-01 16:35:53,357 [pool-403-thread-1] INFO  util.JmxRegister (JmxRegister.java:tryRegister(44)) - Successfully registered JMX Bean with object name Ratis:service=RaftServer,group=group-252D32A25BE8,id=291b2e89-388f-45b2-9e7b-30bda090654c
2019-10-01 16:35:53,362 [RatisPipelineUtilsThread] INFO  pipeline.PipelineStateManager (PipelineStateManager.java:addPipeline(56)) - Created pipeline Pipeline[ Id: 95036835-98d0-4a7f-b6e8-252d32a25be8, Nodes: 291b2e89-388f-45b2-9e7b-30bda090654c{ip: 192.168.164.234, host: pr-hdds-2223-d4ngw-1748172156, networkLocation: /default-rack, certSerialId: null}8ab1db64-65ba-4952-b15a-d3918be8e822{ip: 192.168.164.234, host: pr-hdds-2223-d4ngw-1748172156, networkLocation: /default-rack, certSerialId: null}445c4447-2cb9-46a3-8fd7-5428dcf97658{ip: 192.168.164.234, host: pr-hdds-2223-d4ngw-1748172156, networkLocation: /default-rack, certSerialId: null}, Type:RATIS, Factor:THREE, State:OPEN]
2019-10-01 16:35:53,381 [IPC Server handler 6 on 39056] INFO  net.NetworkTopology (NetworkTopologyImpl.java:add(111)) - Added a new node: /default-rack/ad71672b-bdb8-4f5c-a4a6-ad3e95c5e3ff
2019-10-01 16:35:53,381 [IPC Server handler 6 on 39056] INFO  node.SCMNodeManager (SCMNodeManager.java:register(266)) - Registered Data node : ad71672b-bdb8-4f5c-a4a6-ad3e95c5e3ff{ip: 192.168.164.234, host: pr-hdds-2223-d4ngw-1748172156, networkLocation: /default-rack, certSerialId: null}
2019-10-01 16:35:53,388 [grpc-default-executor-0] INFO  impl.RaftServerProxy (RaftServerProxy.java:addNew(89)) - 449c838f-f9f2-49a3-8844-d0c1f0f0c29d: addNew group-0B3CF3ACB9DF:[449c838f-f9f2-49a3-8844-d0c1f0f0c29d:192.168.164.234:45172] returns group-0B3CF3ACB9DF:java.util.concurrent.CompletableFuture@23120eec[Not completed]
2019-10-01 16:35:53,391 [pool-413-thread-1] INFO  impl.RaftServerImpl (RaftServerImpl.java:<init>(95)) - 449c838f-f9f2-49a3-8844-d0c1f0f0c29d: new RaftServerImpl for group-0B3CF3ACB9DF:[449c838f-f9f2-49a3-8844-d0c1f0f0c29d:192.168.164.234:45172] with ContainerStateMachine:uninitialized
2019-10-01 16:35:53,391 [pool-413-thread-1] INFO  server.RaftServerConfigKeys (ConfUtils.java:logGet(43)) - raft.server.rpc.timeout.min = 5s (custom)
2019-10-01 16:35:53,391 [pool-413-thread-1] INFO  server.RaftServerConfigKeys (ConfUtils.java:logGet(43)) - raft.server.rpc.timeout.max = 5200ms (custom)
2019-10-01 16:35:53,392 [pool-413-thread-1] INFO  server.RaftServerConfigKeys (ConfUtils.java:logGet(43)) - raft.server.rpcslowness.timeout = 120s (custom)
2019-10-01 16:35:53,392 [pool-413-thread-1] INFO  server.RaftServerConfigKeys (ConfUtils.java:logGet(43)) - raft.server.sleep.deviation.threshold = 300 (default)
2019-10-01 16:35:53,392 [pool-413-thread-1] INFO  server.RaftServerConfigKeys (ConfUtils.java:logGet(43)) - raft.server.log.appender.install.snapshot.enabled = false (custom)
2019-10-01 16:35:53,392 [pool-413-thread-1] INFO  impl.RaftServerImpl (ServerState.java:<init>(103)) - 449c838f-f9f2-49a3-8844-d0c1f0f0c29d@group-0B3CF3ACB9DF: ConfigurationManager, init=-1: [449c838f-f9f2-49a3-8844-d0c1f0f0c29d:192.168.164.234:45172], old=null, confs=<EMPTY_MAP>
2019-10-01 16:35:53,392 [pool-413-thread-1] INFO  server.RaftServerConfigKeys (ConfUtils.java:logGet(43)) - raft.server.storage.dir = [/workdir/hadoop-ozone/integration-test/target/test-dir/MiniOzoneClusterImpl-259b6801-9924-4de8-a941-26f02370cd4f/datanode-3/data/ratis] (custom)
2019-10-01 16:35:53,392 [pool-413-thread-1] INFO  server.RaftServerConfigKeys (ConfUtils.java:logGet(43)) - raft.server.log.corruption.policy = EXCEPTION (default)
2019-10-01 16:35:53,392 [pool-413-thread-1] INFO  storage.RaftStorageDirectory (RaftStorageDirectory.java:analyzeStorage(246)) - The storage directory /workdir/hadoop-ozone/integration-test/target/test-dir/MiniOzoneClusterImpl-259b6801-9924-4de8-a941-26f02370cd4f/datanode-3/data/ratis/663f71d0-f3af-419d-8529-0b3cf3acb9df does not exist. Creating ...
2019-10-01 16:35:53,405 [pool-413-thread-1] INFO  storage.RaftStorageDirectory (RaftStorageDirectory.java:tryLock(328)) - Lock on /workdir/hadoop-ozone/integration-test/target/test-dir/MiniOzoneClusterImpl-259b6801-9924-4de8-a941-26f02370cd4f/datanode-3/data/ratis/663f71d0-f3af-419d-8529-0b3cf3acb9df/in_use.lock acquired by nodename 10606@pr-hdds-2223-d4ngw-1748172156
2019-10-01 16:35:53,418 [pool-413-thread-1] INFO  storage.RaftStorage (RaftStorage.java:format(84)) - Storage directory /workdir/hadoop-ozone/integration-test/target/test-dir/MiniOzoneClusterImpl-259b6801-9924-4de8-a941-26f02370cd4f/datanode-3/data/ratis/663f71d0-f3af-419d-8529-0b3cf3acb9df has been successfully formatted.
2019-10-01 16:35:53,418 [pool-413-thread-1] INFO  ratis.ContainerStateMachine (ContainerStateMachine.java:loadSnapshot(230)) - group-0B3CF3ACB9DF: The snapshot info is null. Setting the last applied indexto:(t:0, i:~)
2019-10-01 16:35:53,418 [pool-413-thread-1] INFO  server.RaftServerConfigKeys (ConfUtils.java:logGet(43)) - raft.server.notification.no-leader.timeout = 120s (custom)
2019-10-01 16:35:53,418 [pool-413-thread-1] INFO  server.RaftServerConfigKeys (ConfUtils.java:logGet(43)) - raft.server.log.use.memory = false (default)
2019-10-01 16:35:53,418 [pool-413-thread-1] INFO  server.RaftServerConfigKeys (ConfUtils.java:logGet(43)) - raft.server.log.purge.gap = 1000000 (custom)
2019-10-01 16:35:53,419 [pool-413-thread-1] INFO  server.RaftServerConfigKeys (ConfUtils.java:logGet(43)) - raft.server.log.appender.buffer.byte-limit = 33554432 (custom)
2019-10-01 16:35:53,419 [pool-413-thread-1] INFO  server.RaftServerConfigKeys (ConfUtils.java:logGet(43)) - raft.server.log.segment.size.max = 1048576 (custom)
2019-10-01 16:35:53,420 [pool-413-thread-1] INFO  server.RaftServerConfigKeys (ConfUtils.java:logGet(43)) - raft.server.log.segment.cache.num.max = 2 (custom)
2019-10-01 16:35:53,420 [pool-413-thread-1] INFO  segmented.SegmentedRaftLogWorker (SegmentedRaftLogWorker.java:<init>(173)) - new 449c838f-f9f2-49a3-8844-d0c1f0f0c29d@group-0B3CF3ACB9DF-SegmentedRaftLogWorker for RaftStorage:Storage Directory /workdir/hadoop-ozone/integration-test/target/test-dir/MiniOzoneClusterImpl-259b6801-9924-4de8-a941-26f02370cd4f/datanode-3/data/ratis/663f71d0-f3af-419d-8529-0b3cf3acb9df
2019-10-01 16:35:53,421 [pool-413-thread-1] INFO  server.RaftServerConfigKeys (ConfUtils.java:logGet(43)) - raft.server.log.queue.byte-limit = 2147483647 (custom)
2019-10-01 16:35:53,421 [pool-413-thread-1] INFO  server.RaftServerConfigKeys (ConfUtils.java:logGet(43)) - raft.server.log.queue.element-limit = 1024 (custom)
2019-10-01 16:35:53,421 [pool-413-thread-1] INFO  server.RaftServerConfigKeys (ConfUtils.java:logGet(43)) - raft.server.log.segment.size.max = 1048576 (custom)
2019-10-01 16:35:53,421 [pool-413-thread-1] INFO  server.RaftServerConfigKeys (ConfUtils.java:logGet(43)) - raft.server.log.preallocated.size = 16384 (custom)
2019-10-01 16:35:53,421 [pool-413-thread-1] INFO  server.RaftServerConfigKeys (ConfUtils.java:logGet(43)) - raft.server.log.write.buffer.size = 33554432 (custom)
2019-10-01 16:35:53,421 [pool-413-thread-1] INFO  server.RaftServerConfigKeys (ConfUtils.java:logGet(43)) - raft.server.log.force.sync.num = 128 (default)
2019-10-01 16:35:53,421 [pool-413-thread-1] INFO  server.RaftServerConfigKeys (ConfUtils.java:logGet(43)) - raft.server.log.statemachine.data.sync = true (default)
2019-10-01 16:35:53,422 [pool-413-thread-1] INFO  server.RaftServerConfigKeys (ConfUtils.java:logGet(43)) - raft.server.log.statemachine.data.sync.timeout = 10s (default)
2019-10-01 16:35:53,422 [pool-413-thread-1] INFO  server.RaftServerConfigKeys (ConfUtils.java:logGet(43)) - raft.server.log.statemachine.data.sync.timeout.retry = -1 (default)
2019-10-01 16:35:53,422 [pool-413-thread-1] INFO  server.RaftServerConfigKeys (ConfUtils.java:logGet(43)) - raft.server.log.statemachine.data.caching.enabled = true (custom)
2019-10-01 16:35:53,422 [pool-413-thread-1] INFO  segmented.SegmentedRaftLogWorker (SegmentedRaftLogWorker.java:lambda$new$0(128)) - 449c838f-f9f2-49a3-8844-d0c1f0f0c29d@group-0B3CF3ACB9DF-SegmentedRaftLogWorker: flushIndex: setUnconditionally 0 -> -1
2019-10-01 16:35:53,423 [pool-413-thread-1] INFO  server.RaftServerConfigKeys (ConfUtils.java:logGet(43)) - raft.server.snapshot.auto.trigger.enabled = true (custom)
2019-10-01 16:35:53,423 [pool-413-thread-1] INFO  server.RaftServerConfigKeys (ConfUtils.java:logGet(43)) - raft.server.snapshot.auto.trigger.threshold = 10000 (custom)
2019-10-01 16:35:53,423 [pool-413-thread-1] INFO  server.RaftServerConfigKeys (ConfUtils.java:logGet(43)) - raft.server.snapshot.retention.file.num = 5 (custom)
2019-10-01 16:35:53,423 [pool-413-thread-1] INFO  server.RaftServerConfigKeys (ConfUtils.java:logGet(43)) - raft.server.retrycache.expirytime = 600000ms (custom)
2019-10-01 16:35:53,425 [pool-413-thread-1] INFO  impl.RaftServerImpl (RaftServerImpl.java:start(181)) - 449c838f-f9f2-49a3-8844-d0c1f0f0c29d@group-0B3CF3ACB9DF: start as a follower, conf=-1: [449c838f-f9f2-49a3-8844-d0c1f0f0c29d:192.168.164.234:45172], old=null
2019-10-01 16:35:53,425 [pool-413-thread-1] INFO  impl.RaftServerImpl (RaftServerImpl.java:setRole(170)) - 449c838f-f9f2-49a3-8844-d0c1f0f0c29d@group-0B3CF3ACB9DF: changes role from      null to FOLLOWER at term 0 for startAsFollower
2019-10-01 16:35:53,425 [pool-413-thread-1] INFO  impl.RoleInfo (RoleInfo.java:updateAndGet(143)) - 449c838f-f9f2-49a3-8844-d0c1f0f0c29d: start FollowerState
2019-10-01 16:35:53,425 [pool-413-thread-1] INFO  util.JmxRegister (JmxRegister.java:tryRegister(44)) - Successfully registered JMX Bean with object name Ratis:service=RaftServer,group=group-0B3CF3ACB9DF,id=449c838f-f9f2-49a3-8844-d0c1f0f0c29d
2019-10-01 16:35:53,429 [RatisPipelineUtilsThread] INFO  pipeline.PipelineStateManager (PipelineStateManager.java:addPipeline(56)) - Created pipeline Pipeline[ Id: 663f71d0-f3af-419d-8529-0b3cf3acb9df, Nodes: 449c838f-f9f2-49a3-8844-d0c1f0f0c29d{ip: 192.168.164.234, host: pr-hdds-2223-d4ngw-1748172156, networkLocation: /default-rack, certSerialId: null}, Type:RATIS, Factor:ONE, State:OPEN]
2019-10-01 16:35:53,439 [grpc-default-executor-0] INFO  impl.RaftServerProxy (RaftServerProxy.java:addNew(89)) - ad71672b-bdb8-4f5c-a4a6-ad3e95c5e3ff: addNew group-2C7751456245:[ad71672b-bdb8-4f5c-a4a6-ad3e95c5e3ff:192.168.164.234:39799] returns group-2C7751456245:java.util.concurrent.CompletableFuture@63b6d579[Not completed]
2019-10-01 16:35:53,440 [pool-423-thread-1] INFO  impl.RaftServerImpl (RaftServerImpl.java:<init>(95)) - ad71672b-bdb8-4f5c-a4a6-ad3e95c5e3ff: new RaftServerImpl for group-2C7751456245:[ad71672b-bdb8-4f5c-a4a6-ad3e95c5e3ff:192.168.164.234:39799] with ContainerStateMachine:uninitialized
2019-10-01 16:35:53,440 [pool-423-thread-1] INFO  server.RaftServerConfigKeys (ConfUtils.java:logGet(43)) - raft.server.rpc.timeout.min = 5s (custom)
2019-10-01 16:35:53,440 [pool-423-thread-1] INFO  server.RaftServerConfigKeys (ConfUtils.java:logGet(43)) - raft.server.rpc.timeout.max = 5200ms (custom)
2019-10-01 16:35:53,440 [pool-423-thread-1] INFO  server.RaftServerConfigKeys (ConfUtils.java:logGet(43)) - raft.server.rpcslowness.timeout = 120s (custom)
2019-10-01 16:35:53,440 [pool-423-thread-1] INFO  server.RaftServerConfigKeys (ConfUtils.java:logGet(43)) - raft.server.sleep.deviation.threshold = 300 (default)
2019-10-01 16:35:53,440 [pool-423-thread-1] INFO  server.RaftServerConfigKeys (ConfUtils.java:logGet(43)) - raft.server.log.appender.install.snapshot.enabled = false (custom)
2019-10-01 16:35:53,440 [pool-423-thread-1] INFO  impl.RaftServerImpl (ServerState.java:<init>(103)) - ad71672b-bdb8-4f5c-a4a6-ad3e95c5e3ff@group-2C7751456245: ConfigurationManager, init=-1: [ad71672b-bdb8-4f5c-a4a6-ad3e95c5e3ff:192.168.164.234:39799], old=null, confs=<EMPTY_MAP>
2019-10-01 16:35:53,441 [pool-423-thread-1] INFO  server.RaftServerConfigKeys (ConfUtils.java:logGet(43)) - raft.server.storage.dir = [/workdir/hadoop-ozone/integration-test/target/test-dir/MiniOzoneClusterImpl-259b6801-9924-4de8-a941-26f02370cd4f/datanode-4/data/ratis] (custom)
2019-10-01 16:35:53,441 [pool-423-thread-1] INFO  server.RaftServerConfigKeys (ConfUtils.java:logGet(43)) - raft.server.log.corruption.policy = EXCEPTION (default)
2019-10-01 16:35:53,441 [pool-423-thread-1] INFO  storage.RaftStorageDirectory (RaftStorageDirectory.java:analyzeStorage(246)) - The storage directory /workdir/hadoop-ozone/integration-test/target/test-dir/MiniOzoneClusterImpl-259b6801-9924-4de8-a941-26f02370cd4f/datanode-4/data/ratis/99e5a523-82bd-417a-af32-2c7751456245 does not exist. Creating ...
2019-10-01 16:35:53,445 [IPC Server handler 4 on 39056] INFO  net.NetworkTopology (NetworkTopologyImpl.java:add(111)) - Added a new node: /default-rack/beec12ee-8225-4c25-b602-e038a67ce4ae
2019-10-01 16:35:53,445 [IPC Server handler 4 on 39056] INFO  node.SCMNodeManager (SCMNodeManager.java:register(266)) - Registered Data node : beec12ee-8225-4c25-b602-e038a67ce4ae{ip: 192.168.164.234, host: pr-hdds-2223-d4ngw-1748172156, networkLocation: /default-rack, certSerialId: null}
2019-10-01 16:35:53,454 [pool-423-thread-1] INFO  storage.RaftStorageDirectory (RaftStorageDirectory.java:tryLock(328)) - Lock on /workdir/hadoop-ozone/integration-test/target/test-dir/MiniOzoneClusterImpl-259b6801-9924-4de8-a941-26f02370cd4f/datanode-4/data/ratis/99e5a523-82bd-417a-af32-2c7751456245/in_use.lock acquired by nodename 10606@pr-hdds-2223-d4ngw-1748172156
2019-10-01 16:35:53,467 [pool-423-thread-1] INFO  storage.RaftStorage (RaftStorage.java:format(84)) - Storage directory /workdir/hadoop-ozone/integration-test/target/test-dir/MiniOzoneClusterImpl-259b6801-9924-4de8-a941-26f02370cd4f/datanode-4/data/ratis/99e5a523-82bd-417a-af32-2c7751456245 has been successfully formatted.
2019-10-01 16:35:53,468 [pool-423-thread-1] INFO  ratis.ContainerStateMachine (ContainerStateMachine.java:loadSnapshot(230)) - group-2C7751456245: The snapshot info is null. Setting the last applied indexto:(t:0, i:~)
2019-10-01 16:35:53,468 [pool-423-thread-1] INFO  server.RaftServerConfigKeys (ConfUtils.java:logGet(43)) - raft.server.notification.no-leader.timeout = 120s (custom)
2019-10-01 16:35:53,468 [pool-423-thread-1] INFO  server.RaftServerConfigKeys (ConfUtils.java:logGet(43)) - raft.server.log.use.memory = false (default)
2019-10-01 16:35:53,468 [pool-423-thread-1] INFO  server.RaftServerConfigKeys (ConfUtils.java:logGet(43)) - raft.server.log.purge.gap = 1000000 (custom)
2019-10-01 16:35:53,468 [pool-423-thread-1] INFO  server.RaftServerConfigKeys (ConfUtils.java:logGet(43)) - raft.server.log.appender.buffer.byte-limit = 33554432 (custom)
2019-10-01 16:35:53,468 [pool-423-thread-1] INFO  server.RaftServerConfigKeys (ConfUtils.java:logGet(43)) - raft.server.log.segment.size.max = 1048576 (custom)
2019-10-01 16:35:53,469 [pool-423-thread-1] INFO  server.RaftServerConfigKeys (ConfUtils.java:logGet(43)) - raft.server.log.segment.cache.num.max = 2 (custom)
2019-10-01 16:35:53,470 [pool-423-thread-1] INFO  segmented.SegmentedRaftLogWorker (SegmentedRaftLogWorker.java:<init>(173)) - new ad71672b-bdb8-4f5c-a4a6-ad3e95c5e3ff@group-2C7751456245-SegmentedRaftLogWorker for RaftStorage:Storage Directory /workdir/hadoop-ozone/integration-test/target/test-dir/MiniOzoneClusterImpl-259b6801-9924-4de8-a941-26f02370cd4f/datanode-4/data/ratis/99e5a523-82bd-417a-af32-2c7751456245
2019-10-01 16:35:53,470 [pool-423-thread-1] INFO  server.RaftServerConfigKeys (ConfUtils.java:logGet(43)) - raft.server.log.queue.byte-limit = 2147483647 (custom)
2019-10-01 16:35:53,470 [pool-423-thread-1] INFO  server.RaftServerConfigKeys (ConfUtils.java:logGet(43)) - raft.server.log.queue.element-limit = 1024 (custom)
2019-10-01 16:35:53,470 [pool-423-thread-1] INFO  server.RaftServerConfigKeys (ConfUtils.java:logGet(43)) - raft.server.log.segment.size.max = 1048576 (custom)
2019-10-01 16:35:53,470 [pool-423-thread-1] INFO  server.RaftServerConfigKeys (ConfUtils.java:logGet(43)) - raft.server.log.preallocated.size = 16384 (custom)
2019-10-01 16:35:53,470 [pool-423-thread-1] INFO  server.RaftServerConfigKeys (ConfUtils.java:logGet(43)) - raft.server.log.write.buffer.size = 33554432 (custom)
2019-10-01 16:35:53,470 [pool-423-thread-1] INFO  server.RaftServerConfigKeys (ConfUtils.java:logGet(43)) - raft.server.log.force.sync.num = 128 (default)
2019-10-01 16:35:53,470 [pool-423-thread-1] INFO  server.RaftServerConfigKeys (ConfUtils.java:logGet(43)) - raft.server.log.statemachine.data.sync = true (default)
2019-10-01 16:35:53,470 [pool-423-thread-1] INFO  server.RaftServerConfigKeys (ConfUtils.java:logGet(43)) - raft.server.log.statemachine.data.sync.timeout = 10s (default)
2019-10-01 16:35:53,471 [pool-423-thread-1] INFO  server.RaftServerConfigKeys (ConfUtils.java:logGet(43)) - raft.server.log.statemachine.data.sync.timeout.retry = -1 (default)
2019-10-01 16:35:53,471 [pool-423-thread-1] INFO  server.RaftServerConfigKeys (ConfUtils.java:logGet(43)) - raft.server.log.statemachine.data.caching.enabled = true (custom)
2019-10-01 16:35:53,471 [pool-423-thread-1] INFO  segmented.SegmentedRaftLogWorker (SegmentedRaftLogWorker.java:lambda$new$0(128)) - ad71672b-bdb8-4f5c-a4a6-ad3e95c5e3ff@group-2C7751456245-SegmentedRaftLogWorker: flushIndex: setUnconditionally 0 -> -1
2019-10-01 16:35:53,471 [pool-423-thread-1] INFO  server.RaftServerConfigKeys (ConfUtils.java:logGet(43)) - raft.server.snapshot.auto.trigger.enabled = true (custom)
2019-10-01 16:35:53,472 [pool-423-thread-1] INFO  server.RaftServerConfigKeys (ConfUtils.java:logGet(43)) - raft.server.snapshot.auto.trigger.threshold = 10000 (custom)
2019-10-01 16:35:53,472 [pool-423-thread-1] INFO  server.RaftServerConfigKeys (ConfUtils.java:logGet(43)) - raft.server.snapshot.retention.file.num = 5 (custom)
2019-10-01 16:35:53,472 [pool-423-thread-1] INFO  server.RaftServerConfigKeys (ConfUtils.java:logGet(43)) - raft.server.retrycache.expirytime = 600000ms (custom)
2019-10-01 16:35:53,473 [pool-423-thread-1] INFO  impl.RaftServerImpl (RaftServerImpl.java:start(181)) - ad71672b-bdb8-4f5c-a4a6-ad3e95c5e3ff@group-2C7751456245: start as a follower, conf=-1: [ad71672b-bdb8-4f5c-a4a6-ad3e95c5e3ff:192.168.164.234:39799], old=null
2019-10-01 16:35:53,473 [pool-423-thread-1] INFO  impl.RaftServerImpl (RaftServerImpl.java:setRole(170)) - ad71672b-bdb8-4f5c-a4a6-ad3e95c5e3ff@group-2C7751456245: changes role from      null to FOLLOWER at term 0 for startAsFollower
2019-10-01 16:35:53,473 [pool-423-thread-1] INFO  impl.RoleInfo (RoleInfo.java:updateAndGet(143)) - ad71672b-bdb8-4f5c-a4a6-ad3e95c5e3ff: start FollowerState
2019-10-01 16:35:53,474 [pool-423-thread-1] INFO  util.JmxRegister (JmxRegister.java:tryRegister(44)) - Successfully registered JMX Bean with object name Ratis:service=RaftServer,group=group-2C7751456245,id=ad71672b-bdb8-4f5c-a4a6-ad3e95c5e3ff
2019-10-01 16:35:53,477 [RatisPipelineUtilsThread] INFO  pipeline.PipelineStateManager (PipelineStateManager.java:addPipeline(56)) - Created pipeline Pipeline[ Id: 99e5a523-82bd-417a-af32-2c7751456245, Nodes: ad71672b-bdb8-4f5c-a4a6-ad3e95c5e3ff{ip: 192.168.164.234, host: pr-hdds-2223-d4ngw-1748172156, networkLocation: /default-rack, certSerialId: null}, Type:RATIS, Factor:ONE, State:OPEN]
2019-10-01 16:35:53,484 [grpc-default-executor-0] INFO  impl.RaftServerProxy (RaftServerProxy.java:addNew(89)) - beec12ee-8225-4c25-b602-e038a67ce4ae: addNew group-94DB08224858:[beec12ee-8225-4c25-b602-e038a67ce4ae:192.168.164.234:42775] returns group-94DB08224858:java.util.concurrent.CompletableFuture@233a68c9[Not completed]
2019-10-01 16:35:53,485 [pool-433-thread-1] INFO  impl.RaftServerImpl (RaftServerImpl.java:<init>(95)) - beec12ee-8225-4c25-b602-e038a67ce4ae: new RaftServerImpl for group-94DB08224858:[beec12ee-8225-4c25-b602-e038a67ce4ae:192.168.164.234:42775] with ContainerStateMachine:uninitialized
2019-10-01 16:35:53,485 [pool-433-thread-1] INFO  server.RaftServerConfigKeys (ConfUtils.java:logGet(43)) - raft.server.rpc.timeout.min = 5s (custom)
2019-10-01 16:35:53,485 [pool-433-thread-1] INFO  server.RaftServerConfigKeys (ConfUtils.java:logGet(43)) - raft.server.rpc.timeout.max = 5200ms (custom)
2019-10-01 16:35:53,485 [pool-433-thread-1] INFO  server.RaftServerConfigKeys (ConfUtils.java:logGet(43)) - raft.server.rpcslowness.timeout = 120s (custom)
2019-10-01 16:35:53,485 [pool-433-thread-1] INFO  server.RaftServerConfigKeys (ConfUtils.java:logGet(43)) - raft.server.sleep.deviation.threshold = 300 (default)
2019-10-01 16:35:53,485 [pool-433-thread-1] INFO  server.RaftServerConfigKeys (ConfUtils.java:logGet(43)) - raft.server.log.appender.install.snapshot.enabled = false (custom)
2019-10-01 16:35:53,485 [pool-433-thread-1] INFO  impl.RaftServerImpl (ServerState.java:<init>(103)) - beec12ee-8225-4c25-b602-e038a67ce4ae@group-94DB08224858: ConfigurationManager, init=-1: [beec12ee-8225-4c25-b602-e038a67ce4ae:192.168.164.234:42775], old=null, confs=<EMPTY_MAP>
2019-10-01 16:35:53,485 [pool-433-thread-1] INFO  server.RaftServerConfigKeys (ConfUtils.java:logGet(43)) - raft.server.storage.dir = [/workdir/hadoop-ozone/integration-test/target/test-dir/MiniOzoneClusterImpl-259b6801-9924-4de8-a941-26f02370cd4f/datanode-5/data/ratis] (custom)
2019-10-01 16:35:53,486 [pool-433-thread-1] INFO  server.RaftServerConfigKeys (ConfUtils.java:logGet(43)) - raft.server.log.corruption.policy = EXCEPTION (default)
2019-10-01 16:35:53,486 [pool-433-thread-1] INFO  storage.RaftStorageDirectory (RaftStorageDirectory.java:analyzeStorage(246)) - The storage directory /workdir/hadoop-ozone/integration-test/target/test-dir/MiniOzoneClusterImpl-259b6801-9924-4de8-a941-26f02370cd4f/datanode-5/data/ratis/c3a2e428-1558-44fa-ab49-94db08224858 does not exist. Creating ...
2019-10-01 16:35:53,499 [pool-433-thread-1] INFO  storage.RaftStorageDirectory (RaftStorageDirectory.java:tryLock(328)) - Lock on /workdir/hadoop-ozone/integration-test/target/test-dir/MiniOzoneClusterImpl-259b6801-9924-4de8-a941-26f02370cd4f/datanode-5/data/ratis/c3a2e428-1558-44fa-ab49-94db08224858/in_use.lock acquired by nodename 10606@pr-hdds-2223-d4ngw-1748172156
2019-10-01 16:35:53,504 [main] INFO  ozone.MiniOzoneClusterImpl (MiniOzoneClusterImpl.java:lambda$waitForClusterToBeReady$0(147)) - Waiting for cluster to be ready. Got 6 of 7 DN Heartbeats.
2019-10-01 16:35:53,505 [IPC Server handler 16 on 39056] INFO  net.NetworkTopology (NetworkTopologyImpl.java:add(111)) - Added a new node: /default-rack/0fd56af2-5ef7-4b01-b69d-5d005234ed52
2019-10-01 16:35:53,505 [IPC Server handler 16 on 39056] INFO  node.SCMNodeManager (SCMNodeManager.java:register(266)) - Registered Data node : 0fd56af2-5ef7-4b01-b69d-5d005234ed52{ip: 192.168.164.234, host: pr-hdds-2223-d4ngw-1748172156, networkLocation: /default-rack, certSerialId: null}
2019-10-01 16:35:53,511 [pool-433-thread-1] INFO  storage.RaftStorage (RaftStorage.java:format(84)) - Storage directory /workdir/hadoop-ozone/integration-test/target/test-dir/MiniOzoneClusterImpl-259b6801-9924-4de8-a941-26f02370cd4f/datanode-5/data/ratis/c3a2e428-1558-44fa-ab49-94db08224858 has been successfully formatted.
2019-10-01 16:35:53,512 [pool-433-thread-1] INFO  ratis.ContainerStateMachine (ContainerStateMachine.java:loadSnapshot(230)) - group-94DB08224858: The snapshot info is null. Setting the last applied indexto:(t:0, i:~)
2019-10-01 16:35:53,512 [pool-433-thread-1] INFO  server.RaftServerConfigKeys (ConfUtils.java:logGet(43)) - raft.server.notification.no-leader.timeout = 120s (custom)
2019-10-01 16:35:53,512 [pool-433-thread-1] INFO  server.RaftServerConfigKeys (ConfUtils.java:logGet(43)) - raft.server.log.use.memory = false (default)
2019-10-01 16:35:53,512 [pool-433-thread-1] INFO  server.RaftServerConfigKeys (ConfUtils.java:logGet(43)) - raft.server.log.purge.gap = 1000000 (custom)
2019-10-01 16:35:53,512 [pool-433-thread-1] INFO  server.RaftServerConfigKeys (ConfUtils.java:logGet(43)) - raft.server.log.appender.buffer.byte-limit = 33554432 (custom)
2019-10-01 16:35:53,512 [pool-433-thread-1] INFO  server.RaftServerConfigKeys (ConfUtils.java:logGet(43)) - raft.server.log.segment.size.max = 1048576 (custom)
2019-10-01 16:35:53,514 [pool-433-thread-1] INFO  server.RaftServerConfigKeys (ConfUtils.java:logGet(43)) - raft.server.log.segment.cache.num.max = 2 (custom)
2019-10-01 16:35:53,514 [pool-433-thread-1] INFO  segmented.SegmentedRaftLogWorker (SegmentedRaftLogWorker.java:<init>(173)) - new beec12ee-8225-4c25-b602-e038a67ce4ae@group-94DB08224858-SegmentedRaftLogWorker for RaftStorage:Storage Directory /workdir/hadoop-ozone/integration-test/target/test-dir/MiniOzoneClusterImpl-259b6801-9924-4de8-a941-26f02370cd4f/datanode-5/data/ratis/c3a2e428-1558-44fa-ab49-94db08224858
2019-10-01 16:35:53,514 [pool-433-thread-1] INFO  server.RaftServerConfigKeys (ConfUtils.java:logGet(43)) - raft.server.log.queue.byte-limit = 2147483647 (custom)
2019-10-01 16:35:53,514 [pool-433-thread-1] INFO  server.RaftServerConfigKeys (ConfUtils.java:logGet(43)) - raft.server.log.queue.element-limit = 1024 (custom)
2019-10-01 16:35:53,514 [pool-433-thread-1] INFO  server.RaftServerConfigKeys (ConfUtils.java:logGet(43)) - raft.server.log.segment.size.max = 1048576 (custom)
2019-10-01 16:35:53,514 [pool-433-thread-1] INFO  server.RaftServerConfigKeys (ConfUtils.java:logGet(43)) - raft.server.log.preallocated.size = 16384 (custom)
2019-10-01 16:35:53,514 [pool-433-thread-1] INFO  server.RaftServerConfigKeys (ConfUtils.java:logGet(43)) - raft.server.log.write.buffer.size = 33554432 (custom)
2019-10-01 16:35:53,515 [pool-433-thread-1] INFO  server.RaftServerConfigKeys (ConfUtils.java:logGet(43)) - raft.server.log.force.sync.num = 128 (default)
2019-10-01 16:35:53,515 [pool-433-thread-1] INFO  server.RaftServerConfigKeys (ConfUtils.java:logGet(43)) - raft.server.log.statemachine.data.sync = true (default)
2019-10-01 16:35:53,515 [pool-433-thread-1] INFO  server.RaftServerConfigKeys (ConfUtils.java:logGet(43)) - raft.server.log.statemachine.data.sync.timeout = 10s (default)
2019-10-01 16:35:53,515 [pool-433-thread-1] INFO  server.RaftServerConfigKeys (ConfUtils.java:logGet(43)) - raft.server.log.statemachine.data.sync.timeout.retry = -1 (default)
2019-10-01 16:35:53,515 [pool-433-thread-1] INFO  server.RaftServerConfigKeys (ConfUtils.java:logGet(43)) - raft.server.log.statemachine.data.caching.enabled = true (custom)
2019-10-01 16:35:53,516 [pool-433-thread-1] INFO  segmented.SegmentedRaftLogWorker (SegmentedRaftLogWorker.java:lambda$new$0(128)) - beec12ee-8225-4c25-b602-e038a67ce4ae@group-94DB08224858-SegmentedRaftLogWorker: flushIndex: setUnconditionally 0 -> -1
2019-10-01 16:35:53,516 [pool-433-thread-1] INFO  server.RaftServerConfigKeys (ConfUtils.java:logGet(43)) - raft.server.snapshot.auto.trigger.enabled = true (custom)
2019-10-01 16:35:53,516 [pool-433-thread-1] INFO  server.RaftServerConfigKeys (ConfUtils.java:logGet(43)) - raft.server.snapshot.auto.trigger.threshold = 10000 (custom)
2019-10-01 16:35:53,516 [pool-433-thread-1] INFO  server.RaftServerConfigKeys (ConfUtils.java:logGet(43)) - raft.server.snapshot.retention.file.num = 5 (custom)
2019-10-01 16:35:53,516 [pool-433-thread-1] INFO  server.RaftServerConfigKeys (ConfUtils.java:logGet(43)) - raft.server.retrycache.expirytime = 600000ms (custom)
2019-10-01 16:35:53,518 [pool-433-thread-1] INFO  impl.RaftServerImpl (RaftServerImpl.java:start(181)) - beec12ee-8225-4c25-b602-e038a67ce4ae@group-94DB08224858: start as a follower, conf=-1: [beec12ee-8225-4c25-b602-e038a67ce4ae:192.168.164.234:42775], old=null
2019-10-01 16:35:53,518 [pool-433-thread-1] INFO  impl.RaftServerImpl (RaftServerImpl.java:setRole(170)) - beec12ee-8225-4c25-b602-e038a67ce4ae@group-94DB08224858: changes role from      null to FOLLOWER at term 0 for startAsFollower
2019-10-01 16:35:53,518 [pool-433-thread-1] INFO  impl.RoleInfo (RoleInfo.java:updateAndGet(143)) - beec12ee-8225-4c25-b602-e038a67ce4ae: start FollowerState
2019-10-01 16:35:53,518 [pool-433-thread-1] INFO  util.JmxRegister (JmxRegister.java:tryRegister(44)) - Successfully registered JMX Bean with object name Ratis:service=RaftServer,group=group-94DB08224858,id=beec12ee-8225-4c25-b602-e038a67ce4ae
2019-10-01 16:35:53,522 [RatisPipelineUtilsThread] INFO  pipeline.PipelineStateManager (PipelineStateManager.java:addPipeline(56)) - Created pipeline Pipeline[ Id: c3a2e428-1558-44fa-ab49-94db08224858, Nodes: beec12ee-8225-4c25-b602-e038a67ce4ae{ip: 192.168.164.234, host: pr-hdds-2223-d4ngw-1748172156, networkLocation: /default-rack, certSerialId: null}, Type:RATIS, Factor:ONE, State:OPEN]
2019-10-01 16:35:53,529 [grpc-default-executor-0] INFO  impl.RaftServerProxy (RaftServerProxy.java:addNew(89)) - 0fd56af2-5ef7-4b01-b69d-5d005234ed52: addNew group-499883C6FEF0:[0fd56af2-5ef7-4b01-b69d-5d005234ed52:192.168.164.234:39874] returns group-499883C6FEF0:java.util.concurrent.CompletableFuture@755ce831[Not completed]
2019-10-01 16:35:53,530 [pool-443-thread-1] INFO  impl.RaftServerImpl (RaftServerImpl.java:<init>(95)) - 0fd56af2-5ef7-4b01-b69d-5d005234ed52: new RaftServerImpl for group-499883C6FEF0:[0fd56af2-5ef7-4b01-b69d-5d005234ed52:192.168.164.234:39874] with ContainerStateMachine:uninitialized
2019-10-01 16:35:53,530 [pool-443-thread-1] INFO  server.RaftServerConfigKeys (ConfUtils.java:logGet(43)) - raft.server.rpc.timeout.min = 5s (custom)
2019-10-01 16:35:53,531 [pool-443-thread-1] INFO  server.RaftServerConfigKeys (ConfUtils.java:logGet(43)) - raft.server.rpc.timeout.max = 5200ms (custom)
2019-10-01 16:35:53,531 [pool-443-thread-1] INFO  server.RaftServerConfigKeys (ConfUtils.java:logGet(43)) - raft.server.rpcslowness.timeout = 120s (custom)
2019-10-01 16:35:53,531 [pool-443-thread-1] INFO  server.RaftServerConfigKeys (ConfUtils.java:logGet(43)) - raft.server.sleep.deviation.threshold = 300 (default)
2019-10-01 16:35:53,531 [pool-443-thread-1] INFO  server.RaftServerConfigKeys (ConfUtils.java:logGet(43)) - raft.server.log.appender.install.snapshot.enabled = false (custom)
2019-10-01 16:35:53,531 [pool-443-thread-1] INFO  impl.RaftServerImpl (ServerState.java:<init>(103)) - 0fd56af2-5ef7-4b01-b69d-5d005234ed52@group-499883C6FEF0: ConfigurationManager, init=-1: [0fd56af2-5ef7-4b01-b69d-5d005234ed52:192.168.164.234:39874], old=null, confs=<EMPTY_MAP>
2019-10-01 16:35:53,531 [pool-443-thread-1] INFO  server.RaftServerConfigKeys (ConfUtils.java:logGet(43)) - raft.server.storage.dir = [/workdir/hadoop-ozone/integration-test/target/test-dir/MiniOzoneClusterImpl-259b6801-9924-4de8-a941-26f02370cd4f/datanode-6/data/ratis] (custom)
2019-10-01 16:35:53,531 [pool-443-thread-1] INFO  server.RaftServerConfigKeys (ConfUtils.java:logGet(43)) - raft.server.log.corruption.policy = EXCEPTION (default)
2019-10-01 16:35:53,532 [pool-443-thread-1] INFO  storage.RaftStorageDirectory (RaftStorageDirectory.java:analyzeStorage(246)) - The storage directory /workdir/hadoop-ozone/integration-test/target/test-dir/MiniOzoneClusterImpl-259b6801-9924-4de8-a941-26f02370cd4f/datanode-6/data/ratis/f040ef79-7f1b-4750-9a8f-499883c6fef0 does not exist. Creating ...
2019-10-01 16:35:53,544 [pool-443-thread-1] INFO  storage.RaftStorageDirectory (RaftStorageDirectory.java:tryLock(328)) - Lock on /workdir/hadoop-ozone/integration-test/target/test-dir/MiniOzoneClusterImpl-259b6801-9924-4de8-a941-26f02370cd4f/datanode-6/data/ratis/f040ef79-7f1b-4750-9a8f-499883c6fef0/in_use.lock acquired by nodename 10606@pr-hdds-2223-d4ngw-1748172156
2019-10-01 16:35:53,557 [pool-443-thread-1] INFO  storage.RaftStorage (RaftStorage.java:format(84)) - Storage directory /workdir/hadoop-ozone/integration-test/target/test-dir/MiniOzoneClusterImpl-259b6801-9924-4de8-a941-26f02370cd4f/datanode-6/data/ratis/f040ef79-7f1b-4750-9a8f-499883c6fef0 has been successfully formatted.
2019-10-01 16:35:53,557 [pool-443-thread-1] INFO  ratis.ContainerStateMachine (ContainerStateMachine.java:loadSnapshot(230)) - group-499883C6FEF0: The snapshot info is null. Setting the last applied indexto:(t:0, i:~)
2019-10-01 16:35:53,557 [pool-443-thread-1] INFO  server.RaftServerConfigKeys (ConfUtils.java:logGet(43)) - raft.server.notification.no-leader.timeout = 120s (custom)
2019-10-01 16:35:53,557 [pool-443-thread-1] INFO  server.RaftServerConfigKeys (ConfUtils.java:logGet(43)) - raft.server.log.use.memory = false (default)
2019-10-01 16:35:53,557 [pool-443-thread-1] INFO  server.RaftServerConfigKeys (ConfUtils.java:logGet(43)) - raft.server.log.purge.gap = 1000000 (custom)
2019-10-01 16:35:53,557 [pool-443-thread-1] INFO  server.RaftServerConfigKeys (ConfUtils.java:logGet(43)) - raft.server.log.appender.buffer.byte-limit = 33554432 (custom)
2019-10-01 16:35:53,557 [pool-443-thread-1] INFO  server.RaftServerConfigKeys (ConfUtils.java:logGet(43)) - raft.server.log.segment.size.max = 1048576 (custom)
2019-10-01 16:35:53,559 [pool-443-thread-1] INFO  server.RaftServerConfigKeys (ConfUtils.java:logGet(43)) - raft.server.log.segment.cache.num.max = 2 (custom)
2019-10-01 16:35:53,559 [pool-443-thread-1] INFO  segmented.SegmentedRaftLogWorker (SegmentedRaftLogWorker.java:<init>(173)) - new 0fd56af2-5ef7-4b01-b69d-5d005234ed52@group-499883C6FEF0-SegmentedRaftLogWorker for RaftStorage:Storage Directory /workdir/hadoop-ozone/integration-test/target/test-dir/MiniOzoneClusterImpl-259b6801-9924-4de8-a941-26f02370cd4f/datanode-6/data/ratis/f040ef79-7f1b-4750-9a8f-499883c6fef0
2019-10-01 16:35:53,559 [pool-443-thread-1] INFO  server.RaftServerConfigKeys (ConfUtils.java:logGet(43)) - raft.server.log.queue.byte-limit = 2147483647 (custom)
2019-10-01 16:35:53,559 [pool-443-thread-1] INFO  server.RaftServerConfigKeys (ConfUtils.java:logGet(43)) - raft.server.log.queue.element-limit = 1024 (custom)
2019-10-01 16:35:53,559 [pool-443-thread-1] INFO  server.RaftServerConfigKeys (ConfUtils.java:logGet(43)) - raft.server.log.segment.size.max = 1048576 (custom)
2019-10-01 16:35:53,559 [pool-443-thread-1] INFO  server.RaftServerConfigKeys (ConfUtils.java:logGet(43)) - raft.server.log.preallocated.size = 16384 (custom)
2019-10-01 16:35:53,559 [pool-443-thread-1] INFO  server.RaftServerConfigKeys (ConfUtils.java:logGet(43)) - raft.server.log.write.buffer.size = 33554432 (custom)
2019-10-01 16:35:53,559 [pool-443-thread-1] INFO  server.RaftServerConfigKeys (ConfUtils.java:logGet(43)) - raft.server.log.force.sync.num = 128 (default)
2019-10-01 16:35:53,559 [pool-443-thread-1] INFO  server.RaftServerConfigKeys (ConfUtils.java:logGet(43)) - raft.server.log.statemachine.data.sync = true (default)
2019-10-01 16:35:53,559 [pool-443-thread-1] INFO  server.RaftServerConfigKeys (ConfUtils.java:logGet(43)) - raft.server.log.statemachine.data.sync.timeout = 10s (default)
2019-10-01 16:35:53,560 [pool-443-thread-1] INFO  server.RaftServerConfigKeys (ConfUtils.java:logGet(43)) - raft.server.log.statemachine.data.sync.timeout.retry = -1 (default)
2019-10-01 16:35:53,560 [pool-443-thread-1] INFO  server.RaftServerConfigKeys (ConfUtils.java:logGet(43)) - raft.server.log.statemachine.data.caching.enabled = true (custom)
2019-10-01 16:35:53,560 [pool-443-thread-1] INFO  segmented.SegmentedRaftLogWorker (SegmentedRaftLogWorker.java:lambda$new$0(128)) - 0fd56af2-5ef7-4b01-b69d-5d005234ed52@group-499883C6FEF0-SegmentedRaftLogWorker: flushIndex: setUnconditionally 0 -> -1
2019-10-01 16:35:53,560 [pool-443-thread-1] INFO  server.RaftServerConfigKeys (ConfUtils.java:logGet(43)) - raft.server.snapshot.auto.trigger.enabled = true (custom)
2019-10-01 16:35:53,560 [pool-443-thread-1] INFO  server.RaftServerConfigKeys (ConfUtils.java:logGet(43)) - raft.server.snapshot.auto.trigger.threshold = 10000 (custom)
2019-10-01 16:35:53,560 [pool-443-thread-1] INFO  server.RaftServerConfigKeys (ConfUtils.java:logGet(43)) - raft.server.snapshot.retention.file.num = 5 (custom)
2019-10-01 16:35:53,561 [pool-443-thread-1] INFO  server.RaftServerConfigKeys (ConfUtils.java:logGet(43)) - raft.server.retrycache.expirytime = 600000ms (custom)
2019-10-01 16:35:53,562 [pool-443-thread-1] INFO  impl.RaftServerImpl (RaftServerImpl.java:start(181)) - 0fd56af2-5ef7-4b01-b69d-5d005234ed52@group-499883C6FEF0: start as a follower, conf=-1: [0fd56af2-5ef7-4b01-b69d-5d005234ed52:192.168.164.234:39874], old=null
2019-10-01 16:35:53,562 [pool-443-thread-1] INFO  impl.RaftServerImpl (RaftServerImpl.java:setRole(170)) - 0fd56af2-5ef7-4b01-b69d-5d005234ed52@group-499883C6FEF0: changes role from      null to FOLLOWER at term 0 for startAsFollower
2019-10-01 16:35:53,562 [pool-443-thread-1] INFO  impl.RoleInfo (RoleInfo.java:updateAndGet(143)) - 0fd56af2-5ef7-4b01-b69d-5d005234ed52: start FollowerState
2019-10-01 16:35:53,562 [pool-443-thread-1] INFO  util.JmxRegister (JmxRegister.java:tryRegister(44)) - Successfully registered JMX Bean with object name Ratis:service=RaftServer,group=group-499883C6FEF0,id=0fd56af2-5ef7-4b01-b69d-5d005234ed52
2019-10-01 16:35:53,565 [RatisPipelineUtilsThread] INFO  pipeline.PipelineStateManager (PipelineStateManager.java:addPipeline(56)) - Created pipeline Pipeline[ Id: f040ef79-7f1b-4750-9a8f-499883c6fef0, Nodes: 0fd56af2-5ef7-4b01-b69d-5d005234ed52{ip: 192.168.164.234, host: pr-hdds-2223-d4ngw-1748172156, networkLocation: /default-rack, certSerialId: null}, Type:RATIS, Factor:ONE, State:OPEN]
2019-10-01 16:35:53,584 [grpc-default-executor-5] INFO  impl.RaftServerProxy (RaftServerProxy.java:addNew(89)) - 0fd56af2-5ef7-4b01-b69d-5d005234ed52: addNew group-C7D9B0180F02:[0fd56af2-5ef7-4b01-b69d-5d005234ed52:192.168.164.234:39874, beec12ee-8225-4c25-b602-e038a67ce4ae:192.168.164.234:42775, 449c838f-f9f2-49a3-8844-d0c1f0f0c29d:192.168.164.234:45172] returns group-C7D9B0180F02:java.util.concurrent.CompletableFuture@64b3b515[Not completed]
2019-10-01 16:35:53,584 [grpc-default-executor-0] INFO  impl.RaftServerProxy (RaftServerProxy.java:addNew(89)) - beec12ee-8225-4c25-b602-e038a67ce4ae: addNew group-C7D9B0180F02:[0fd56af2-5ef7-4b01-b69d-5d005234ed52:192.168.164.234:39874, beec12ee-8225-4c25-b602-e038a67ce4ae:192.168.164.234:42775, 449c838f-f9f2-49a3-8844-d0c1f0f0c29d:192.168.164.234:45172] returns group-C7D9B0180F02:java.util.concurrent.CompletableFuture@60a1023f[Not completed]
2019-10-01 16:35:53,584 [grpc-default-executor-3] INFO  impl.RaftServerProxy (RaftServerProxy.java:addNew(89)) - 449c838f-f9f2-49a3-8844-d0c1f0f0c29d: addNew group-C7D9B0180F02:[0fd56af2-5ef7-4b01-b69d-5d005234ed52:192.168.164.234:39874, beec12ee-8225-4c25-b602-e038a67ce4ae:192.168.164.234:42775, 449c838f-f9f2-49a3-8844-d0c1f0f0c29d:192.168.164.234:45172] returns group-C7D9B0180F02:java.util.concurrent.CompletableFuture@5f3ea495[Not completed]
2019-10-01 16:35:53,585 [pool-443-thread-1] INFO  impl.RaftServerImpl (RaftServerImpl.java:<init>(95)) - 0fd56af2-5ef7-4b01-b69d-5d005234ed52: new RaftServerImpl for group-C7D9B0180F02:[0fd56af2-5ef7-4b01-b69d-5d005234ed52:192.168.164.234:39874, beec12ee-8225-4c25-b602-e038a67ce4ae:192.168.164.234:42775, 449c838f-f9f2-49a3-8844-d0c1f0f0c29d:192.168.164.234:45172] with ContainerStateMachine:uninitialized
2019-10-01 16:35:53,585 [pool-443-thread-1] INFO  server.RaftServerConfigKeys (ConfUtils.java:logGet(43)) - raft.server.rpc.timeout.min = 5s (custom)
2019-10-01 16:35:53,585 [pool-443-thread-1] INFO  server.RaftServerConfigKeys (ConfUtils.java:logGet(43)) - raft.server.rpc.timeout.max = 5200ms (custom)
2019-10-01 16:35:53,585 [pool-443-thread-1] INFO  server.RaftServerConfigKeys (ConfUtils.java:logGet(43)) - raft.server.rpcslowness.timeout = 120s (custom)
2019-10-01 16:35:53,585 [pool-443-thread-1] INFO  server.RaftServerConfigKeys (ConfUtils.java:logGet(43)) - raft.server.sleep.deviation.threshold = 300 (default)
2019-10-01 16:35:53,585 [pool-443-thread-1] INFO  server.RaftServerConfigKeys (ConfUtils.java:logGet(43)) - raft.server.log.appender.install.snapshot.enabled = false (custom)
2019-10-01 16:35:53,585 [pool-433-thread-1] INFO  impl.RaftServerImpl (RaftServerImpl.java:<init>(95)) - beec12ee-8225-4c25-b602-e038a67ce4ae: new RaftServerImpl for group-C7D9B0180F02:[0fd56af2-5ef7-4b01-b69d-5d005234ed52:192.168.164.234:39874, beec12ee-8225-4c25-b602-e038a67ce4ae:192.168.164.234:42775, 449c838f-f9f2-49a3-8844-d0c1f0f0c29d:192.168.164.234:45172] with ContainerStateMachine:uninitialized
2019-10-01 16:35:53,585 [pool-443-thread-1] INFO  impl.RaftServerImpl (ServerState.java:<init>(103)) - 0fd56af2-5ef7-4b01-b69d-5d005234ed52@group-C7D9B0180F02: ConfigurationManager, init=-1: [0fd56af2-5ef7-4b01-b69d-5d005234ed52:192.168.164.234:39874, beec12ee-8225-4c25-b602-e038a67ce4ae:192.168.164.234:42775, 449c838f-f9f2-49a3-8844-d0c1f0f0c29d:192.168.164.234:45172], old=null, confs=<EMPTY_MAP>
2019-10-01 16:35:53,586 [pool-433-thread-1] INFO  server.RaftServerConfigKeys (ConfUtils.java:logGet(43)) - raft.server.rpc.timeout.min = 5s (custom)
2019-10-01 16:35:53,586 [pool-443-thread-1] INFO  server.RaftServerConfigKeys (ConfUtils.java:logGet(43)) - raft.server.storage.dir = [/workdir/hadoop-ozone/integration-test/target/test-dir/MiniOzoneClusterImpl-259b6801-9924-4de8-a941-26f02370cd4f/datanode-6/data/ratis] (custom)
2019-10-01 16:35:53,586 [pool-433-thread-1] INFO  server.RaftServerConfigKeys (ConfUtils.java:logGet(43)) - raft.server.rpc.timeout.max = 5200ms (custom)
2019-10-01 16:35:53,586 [pool-443-thread-1] INFO  server.RaftServerConfigKeys (ConfUtils.java:logGet(43)) - raft.server.log.corruption.policy = EXCEPTION (default)
2019-10-01 16:35:53,586 [pool-433-thread-1] INFO  server.RaftServerConfigKeys (ConfUtils.java:logGet(43)) - raft.server.rpcslowness.timeout = 120s (custom)
2019-10-01 16:35:53,586 [pool-443-thread-1] INFO  storage.RaftStorageDirectory (RaftStorageDirectory.java:analyzeStorage(246)) - The storage directory /workdir/hadoop-ozone/integration-test/target/test-dir/MiniOzoneClusterImpl-259b6801-9924-4de8-a941-26f02370cd4f/datanode-6/data/ratis/a58b2fd8-6fd5-4c9e-ab7c-c7d9b0180f02 does not exist. Creating ...
2019-10-01 16:35:53,586 [pool-413-thread-1] INFO  impl.RaftServerImpl (RaftServerImpl.java:<init>(95)) - 449c838f-f9f2-49a3-8844-d0c1f0f0c29d: new RaftServerImpl for group-C7D9B0180F02:[0fd56af2-5ef7-4b01-b69d-5d005234ed52:192.168.164.234:39874, beec12ee-8225-4c25-b602-e038a67ce4ae:192.168.164.234:42775, 449c838f-f9f2-49a3-8844-d0c1f0f0c29d:192.168.164.234:45172] with ContainerStateMachine:uninitialized
2019-10-01 16:35:53,586 [pool-433-thread-1] INFO  server.RaftServerConfigKeys (ConfUtils.java:logGet(43)) - raft.server.sleep.deviation.threshold = 300 (default)
2019-10-01 16:35:53,587 [pool-413-thread-1] INFO  server.RaftServerConfigKeys (ConfUtils.java:logGet(43)) - raft.server.rpc.timeout.min = 5s (custom)
2019-10-01 16:35:53,587 [pool-433-thread-1] INFO  server.RaftServerConfigKeys (ConfUtils.java:logGet(43)) - raft.server.log.appender.install.snapshot.enabled = false (custom)
2019-10-01 16:35:53,587 [pool-413-thread-1] INFO  server.RaftServerConfigKeys (ConfUtils.java:logGet(43)) - raft.server.rpc.timeout.max = 5200ms (custom)
2019-10-01 16:35:53,587 [pool-433-thread-1] INFO  impl.RaftServerImpl (ServerState.java:<init>(103)) - beec12ee-8225-4c25-b602-e038a67ce4ae@group-C7D9B0180F02: ConfigurationManager, init=-1: [0fd56af2-5ef7-4b01-b69d-5d005234ed52:192.168.164.234:39874, beec12ee-8225-4c25-b602-e038a67ce4ae:192.168.164.234:42775, 449c838f-f9f2-49a3-8844-d0c1f0f0c29d:192.168.164.234:45172], old=null, confs=<EMPTY_MAP>
2019-10-01 16:35:53,587 [pool-413-thread-1] INFO  server.RaftServerConfigKeys (ConfUtils.java:logGet(43)) - raft.server.rpcslowness.timeout = 120s (custom)
2019-10-01 16:35:53,587 [pool-433-thread-1] INFO  server.RaftServerConfigKeys (ConfUtils.java:logGet(43)) - raft.server.storage.dir = [/workdir/hadoop-ozone/integration-test/target/test-dir/MiniOzoneClusterImpl-259b6801-9924-4de8-a941-26f02370cd4f/datanode-5/data/ratis] (custom)
2019-10-01 16:35:53,587 [pool-413-thread-1] INFO  server.RaftServerConfigKeys (ConfUtils.java:logGet(43)) - raft.server.sleep.deviation.threshold = 300 (default)
2019-10-01 16:35:53,588 [pool-413-thread-1] INFO  server.RaftServerConfigKeys (ConfUtils.java:logGet(43)) - raft.server.log.appender.install.snapshot.enabled = false (custom)
2019-10-01 16:35:53,588 [pool-433-thread-1] INFO  server.RaftServerConfigKeys (ConfUtils.java:logGet(43)) - raft.server.log.corruption.policy = EXCEPTION (default)
2019-10-01 16:35:53,588 [pool-413-thread-1] INFO  impl.RaftServerImpl (ServerState.java:<init>(103)) - 449c838f-f9f2-49a3-8844-d0c1f0f0c29d@group-C7D9B0180F02: ConfigurationManager, init=-1: [0fd56af2-5ef7-4b01-b69d-5d005234ed52:192.168.164.234:39874, beec12ee-8225-4c25-b602-e038a67ce4ae:192.168.164.234:42775, 449c838f-f9f2-49a3-8844-d0c1f0f0c29d:192.168.164.234:45172], old=null, confs=<EMPTY_MAP>
2019-10-01 16:35:53,588 [pool-433-thread-1] INFO  storage.RaftStorageDirectory (RaftStorageDirectory.java:analyzeStorage(246)) - The storage directory /workdir/hadoop-ozone/integration-test/target/test-dir/MiniOzoneClusterImpl-259b6801-9924-4de8-a941-26f02370cd4f/datanode-5/data/ratis/a58b2fd8-6fd5-4c9e-ab7c-c7d9b0180f02 does not exist. Creating ...
2019-10-01 16:35:53,588 [pool-413-thread-1] INFO  server.RaftServerConfigKeys (ConfUtils.java:logGet(43)) - raft.server.storage.dir = [/workdir/hadoop-ozone/integration-test/target/test-dir/MiniOzoneClusterImpl-259b6801-9924-4de8-a941-26f02370cd4f/datanode-3/data/ratis] (custom)
2019-10-01 16:35:53,588 [pool-413-thread-1] INFO  server.RaftServerConfigKeys (ConfUtils.java:logGet(43)) - raft.server.log.corruption.policy = EXCEPTION (default)
2019-10-01 16:35:53,588 [pool-413-thread-1] INFO  storage.RaftStorageDirectory (RaftStorageDirectory.java:analyzeStorage(246)) - The storage directory /workdir/hadoop-ozone/integration-test/target/test-dir/MiniOzoneClusterImpl-259b6801-9924-4de8-a941-26f02370cd4f/datanode-3/data/ratis/a58b2fd8-6fd5-4c9e-ab7c-c7d9b0180f02 does not exist. Creating ...
2019-10-01 16:35:53,600 [pool-443-thread-1] INFO  storage.RaftStorageDirectory (RaftStorageDirectory.java:tryLock(328)) - Lock on /workdir/hadoop-ozone/integration-test/target/test-dir/MiniOzoneClusterImpl-259b6801-9924-4de8-a941-26f02370cd4f/datanode-6/data/ratis/a58b2fd8-6fd5-4c9e-ab7c-c7d9b0180f02/in_use.lock acquired by nodename 10606@pr-hdds-2223-d4ngw-1748172156
2019-10-01 16:35:53,600 [pool-433-thread-1] INFO  storage.RaftStorageDirectory (RaftStorageDirectory.java:tryLock(328)) - Lock on /workdir/hadoop-ozone/integration-test/target/test-dir/MiniOzoneClusterImpl-259b6801-9924-4de8-a941-26f02370cd4f/datanode-5/data/ratis/a58b2fd8-6fd5-4c9e-ab7c-c7d9b0180f02/in_use.lock acquired by nodename 10606@pr-hdds-2223-d4ngw-1748172156
2019-10-01 16:35:53,600 [pool-413-thread-1] INFO  storage.RaftStorageDirectory (RaftStorageDirectory.java:tryLock(328)) - Lock on /workdir/hadoop-ozone/integration-test/target/test-dir/MiniOzoneClusterImpl-259b6801-9924-4de8-a941-26f02370cd4f/datanode-3/data/ratis/a58b2fd8-6fd5-4c9e-ab7c-c7d9b0180f02/in_use.lock acquired by nodename 10606@pr-hdds-2223-d4ngw-1748172156
2019-10-01 16:35:53,613 [pool-443-thread-1] INFO  storage.RaftStorage (RaftStorage.java:format(84)) - Storage directory /workdir/hadoop-ozone/integration-test/target/test-dir/MiniOzoneClusterImpl-259b6801-9924-4de8-a941-26f02370cd4f/datanode-6/data/ratis/a58b2fd8-6fd5-4c9e-ab7c-c7d9b0180f02 has been successfully formatted.
2019-10-01 16:35:53,613 [pool-433-thread-1] INFO  storage.RaftStorage (RaftStorage.java:format(84)) - Storage directory /workdir/hadoop-ozone/integration-test/target/test-dir/MiniOzoneClusterImpl-259b6801-9924-4de8-a941-26f02370cd4f/datanode-5/data/ratis/a58b2fd8-6fd5-4c9e-ab7c-c7d9b0180f02 has been successfully formatted.
2019-10-01 16:35:53,614 [pool-443-thread-1] INFO  ratis.ContainerStateMachine (ContainerStateMachine.java:loadSnapshot(230)) - group-C7D9B0180F02: The snapshot info is null. Setting the last applied indexto:(t:0, i:~)
2019-10-01 16:35:53,613 [pool-413-thread-1] INFO  storage.RaftStorage (RaftStorage.java:format(84)) - Storage directory /workdir/hadoop-ozone/integration-test/target/test-dir/MiniOzoneClusterImpl-259b6801-9924-4de8-a941-26f02370cd4f/datanode-3/data/ratis/a58b2fd8-6fd5-4c9e-ab7c-c7d9b0180f02 has been successfully formatted.
2019-10-01 16:35:53,614 [pool-433-thread-1] INFO  ratis.ContainerStateMachine (ContainerStateMachine.java:loadSnapshot(230)) - group-C7D9B0180F02: The snapshot info is null. Setting the last applied indexto:(t:0, i:~)
2019-10-01 16:35:53,614 [pool-443-thread-1] INFO  server.RaftServerConfigKeys (ConfUtils.java:logGet(43)) - raft.server.notification.no-leader.timeout = 120s (custom)
2019-10-01 16:35:53,614 [pool-433-thread-1] INFO  server.RaftServerConfigKeys (ConfUtils.java:logGet(43)) - raft.server.notification.no-leader.timeout = 120s (custom)
2019-10-01 16:35:53,614 [pool-413-thread-1] INFO  ratis.ContainerStateMachine (ContainerStateMachine.java:loadSnapshot(230)) - group-C7D9B0180F02: The snapshot info is null. Setting the last applied indexto:(t:0, i:~)
2019-10-01 16:35:53,614 [pool-433-thread-1] INFO  server.RaftServerConfigKeys (ConfUtils.java:logGet(43)) - raft.server.log.use.memory = false (default)
2019-10-01 16:35:53,614 [pool-443-thread-1] INFO  server.RaftServerConfigKeys (ConfUtils.java:logGet(43)) - raft.server.log.use.memory = false (default)
2019-10-01 16:35:53,615 [pool-433-thread-1] INFO  server.RaftServerConfigKeys (ConfUtils.java:logGet(43)) - raft.server.log.purge.gap = 1000000 (custom)
2019-10-01 16:35:53,615 [pool-413-thread-1] INFO  server.RaftServerConfigKeys (ConfUtils.java:logGet(43)) - raft.server.notification.no-leader.timeout = 120s (custom)
2019-10-01 16:35:53,615 [pool-433-thread-1] INFO  server.RaftServerConfigKeys (ConfUtils.java:logGet(43)) - raft.server.log.appender.buffer.byte-limit = 33554432 (custom)
2019-10-01 16:35:53,615 [pool-443-thread-1] INFO  server.RaftServerConfigKeys (ConfUtils.java:logGet(43)) - raft.server.log.purge.gap = 1000000 (custom)
2019-10-01 16:35:53,616 [pool-433-thread-1] INFO  server.RaftServerConfigKeys (ConfUtils.java:logGet(43)) - raft.server.log.segment.size.max = 1048576 (custom)
2019-10-01 16:35:53,615 [pool-413-thread-1] INFO  server.RaftServerConfigKeys (ConfUtils.java:logGet(43)) - raft.server.log.use.memory = false (default)
2019-10-01 16:35:53,616 [pool-433-thread-1] INFO  server.RaftServerConfigKeys (ConfUtils.java:logGet(43)) - raft.server.log.segment.cache.num.max = 2 (custom)
2019-10-01 16:35:53,616 [pool-443-thread-1] INFO  server.RaftServerConfigKeys (ConfUtils.java:logGet(43)) - raft.server.log.appender.buffer.byte-limit = 33554432 (custom)
2019-10-01 16:35:53,616 [pool-433-thread-1] INFO  segmented.SegmentedRaftLogWorker (SegmentedRaftLogWorker.java:<init>(173)) - new beec12ee-8225-4c25-b602-e038a67ce4ae@group-C7D9B0180F02-SegmentedRaftLogWorker for RaftStorage:Storage Directory /workdir/hadoop-ozone/integration-test/target/test-dir/MiniOzoneClusterImpl-259b6801-9924-4de8-a941-26f02370cd4f/datanode-5/data/ratis/a58b2fd8-6fd5-4c9e-ab7c-c7d9b0180f02
2019-10-01 16:35:53,616 [pool-413-thread-1] INFO  server.RaftServerConfigKeys (ConfUtils.java:logGet(43)) - raft.server.log.purge.gap = 1000000 (custom)
2019-10-01 16:35:53,616 [pool-433-thread-1] INFO  server.RaftServerConfigKeys (ConfUtils.java:logGet(43)) - raft.server.log.queue.byte-limit = 2147483647 (custom)
2019-10-01 16:35:53,616 [pool-443-thread-1] INFO  server.RaftServerConfigKeys (ConfUtils.java:logGet(43)) - raft.server.log.segment.size.max = 1048576 (custom)
2019-10-01 16:35:53,617 [pool-433-thread-1] INFO  server.RaftServerConfigKeys (ConfUtils.java:logGet(43)) - raft.server.log.queue.element-limit = 1024 (custom)
2019-10-01 16:35:53,617 [pool-413-thread-1] INFO  server.RaftServerConfigKeys (ConfUtils.java:logGet(43)) - raft.server.log.appender.buffer.byte-limit = 33554432 (custom)
2019-10-01 16:35:53,617 [pool-433-thread-1] INFO  server.RaftServerConfigKeys (ConfUtils.java:logGet(43)) - raft.server.log.segment.size.max = 1048576 (custom)
2019-10-01 16:35:53,617 [pool-443-thread-1] INFO  server.RaftServerConfigKeys (ConfUtils.java:logGet(43)) - raft.server.log.segment.cache.num.max = 2 (custom)
2019-10-01 16:35:53,618 [pool-433-thread-1] INFO  server.RaftServerConfigKeys (ConfUtils.java:logGet(43)) - raft.server.log.preallocated.size = 16384 (custom)
2019-10-01 16:35:53,617 [pool-413-thread-1] INFO  server.RaftServerConfigKeys (ConfUtils.java:logGet(43)) - raft.server.log.segment.size.max = 1048576 (custom)
2019-10-01 16:35:53,618 [pool-433-thread-1] INFO  server.RaftServerConfigKeys (ConfUtils.java:logGet(43)) - raft.server.log.write.buffer.size = 33554432 (custom)
2019-10-01 16:35:53,618 [pool-443-thread-1] INFO  segmented.SegmentedRaftLogWorker (SegmentedRaftLogWorker.java:<init>(173)) - new 0fd56af2-5ef7-4b01-b69d-5d005234ed52@group-C7D9B0180F02-SegmentedRaftLogWorker for RaftStorage:Storage Directory /workdir/hadoop-ozone/integration-test/target/test-dir/MiniOzoneClusterImpl-259b6801-9924-4de8-a941-26f02370cd4f/datanode-6/data/ratis/a58b2fd8-6fd5-4c9e-ab7c-c7d9b0180f02
2019-10-01 16:35:53,618 [pool-433-thread-1] INFO  server.RaftServerConfigKeys (ConfUtils.java:logGet(43)) - raft.server.log.force.sync.num = 128 (default)
2019-10-01 16:35:53,618 [pool-413-thread-1] INFO  server.RaftServerConfigKeys (ConfUtils.java:logGet(43)) - raft.server.log.segment.cache.num.max = 2 (custom)
2019-10-01 16:35:53,618 [pool-433-thread-1] INFO  server.RaftServerConfigKeys (ConfUtils.java:logGet(43)) - raft.server.log.statemachine.data.sync = true (default)
2019-10-01 16:35:53,618 [pool-443-thread-1] INFO  server.RaftServerConfigKeys (ConfUtils.java:logGet(43)) - raft.server.log.queue.byte-limit = 2147483647 (custom)
2019-10-01 16:35:53,619 [pool-433-thread-1] INFO  server.RaftServerConfigKeys (ConfUtils.java:logGet(43)) - raft.server.log.statemachine.data.sync.timeout = 10s (default)
2019-10-01 16:35:53,619 [pool-413-thread-1] INFO  segmented.SegmentedRaftLogWorker (SegmentedRaftLogWorker.java:<init>(173)) - new 449c838f-f9f2-49a3-8844-d0c1f0f0c29d@group-C7D9B0180F02-SegmentedRaftLogWorker for RaftStorage:Storage Directory /workdir/hadoop-ozone/integration-test/target/test-dir/MiniOzoneClusterImpl-259b6801-9924-4de8-a941-26f02370cd4f/datanode-3/data/ratis/a58b2fd8-6fd5-4c9e-ab7c-c7d9b0180f02
2019-10-01 16:35:53,619 [pool-433-thread-1] INFO  server.RaftServerConfigKeys (ConfUtils.java:logGet(43)) - raft.server.log.statemachine.data.sync.timeout.retry = -1 (default)
2019-10-01 16:35:53,619 [pool-443-thread-1] INFO  server.RaftServerConfigKeys (ConfUtils.java:logGet(43)) - raft.server.log.queue.element-limit = 1024 (custom)
2019-10-01 16:35:53,620 [pool-433-thread-1] INFO  server.RaftServerConfigKeys (ConfUtils.java:logGet(43)) - raft.server.log.statemachine.data.caching.enabled = true (custom)
2019-10-01 16:35:53,619 [pool-413-thread-1] INFO  server.RaftServerConfigKeys (ConfUtils.java:logGet(43)) - raft.server.log.queue.byte-limit = 2147483647 (custom)
2019-10-01 16:35:53,620 [pool-433-thread-1] INFO  segmented.SegmentedRaftLogWorker (SegmentedRaftLogWorker.java:lambda$new$0(128)) - beec12ee-8225-4c25-b602-e038a67ce4ae@group-C7D9B0180F02-SegmentedRaftLogWorker: flushIndex: setUnconditionally 0 -> -1
2019-10-01 16:35:53,620 [pool-443-thread-1] INFO  server.RaftServerConfigKeys (ConfUtils.java:logGet(43)) - raft.server.log.segment.size.max = 1048576 (custom)
2019-10-01 16:35:53,620 [pool-413-thread-1] INFO  server.RaftServerConfigKeys (ConfUtils.java:logGet(43)) - raft.server.log.queue.element-limit = 1024 (custom)
2019-10-01 16:35:53,620 [pool-433-thread-1] INFO  server.RaftServerConfigKeys (ConfUtils.java:logGet(43)) - raft.server.snapshot.auto.trigger.enabled = true (custom)
2019-10-01 16:35:53,620 [pool-443-thread-1] INFO  server.RaftServerConfigKeys (ConfUtils.java:logGet(43)) - raft.server.log.preallocated.size = 16384 (custom)
2019-10-01 16:35:53,621 [pool-433-thread-1] INFO  server.RaftServerConfigKeys (ConfUtils.java:logGet(43)) - raft.server.snapshot.auto.trigger.threshold = 10000 (custom)
2019-10-01 16:35:53,621 [pool-413-thread-1] INFO  server.RaftServerConfigKeys (ConfUtils.java:logGet(43)) - raft.server.log.segment.size.max = 1048576 (custom)
2019-10-01 16:35:53,621 [pool-433-thread-1] INFO  server.RaftServerConfigKeys (ConfUtils.java:logGet(43)) - raft.server.snapshot.retention.file.num = 5 (custom)
2019-10-01 16:35:53,621 [pool-443-thread-1] INFO  server.RaftServerConfigKeys (ConfUtils.java:logGet(43)) - raft.server.log.write.buffer.size = 33554432 (custom)
2019-10-01 16:35:53,621 [pool-433-thread-1] INFO  server.RaftServerConfigKeys (ConfUtils.java:logGet(43)) - raft.server.retrycache.expirytime = 600000ms (custom)
2019-10-01 16:35:53,621 [pool-413-thread-1] INFO  server.RaftServerConfigKeys (ConfUtils.java:logGet(43)) - raft.server.log.preallocated.size = 16384 (custom)
2019-10-01 16:35:53,621 [pool-443-thread-1] INFO  server.RaftServerConfigKeys (ConfUtils.java:logGet(43)) - raft.server.log.force.sync.num = 128 (default)
2019-10-01 16:35:53,622 [pool-413-thread-1] INFO  server.RaftServerConfigKeys (ConfUtils.java:logGet(43)) - raft.server.log.write.buffer.size = 33554432 (custom)
2019-10-01 16:35:53,622 [pool-443-thread-1] INFO  server.RaftServerConfigKeys (ConfUtils.java:logGet(43)) - raft.server.log.statemachine.data.sync = true (default)
2019-10-01 16:35:53,622 [pool-413-thread-1] INFO  server.RaftServerConfigKeys (ConfUtils.java:logGet(43)) - raft.server.log.force.sync.num = 128 (default)
2019-10-01 16:35:53,622 [pool-443-thread-1] INFO  server.RaftServerConfigKeys (ConfUtils.java:logGet(43)) - raft.server.log.statemachine.data.sync.timeout = 10s (default)
2019-10-01 16:35:53,622 [pool-413-thread-1] INFO  server.RaftServerConfigKeys (ConfUtils.java:logGet(43)) - raft.server.log.statemachine.data.sync = true (default)
2019-10-01 16:35:53,622 [pool-443-thread-1] INFO  server.RaftServerConfigKeys (ConfUtils.java:logGet(43)) - raft.server.log.statemachine.data.sync.timeout.retry = -1 (default)
2019-10-01 16:35:53,623 [pool-413-thread-1] INFO  server.RaftServerConfigKeys (ConfUtils.java:logGet(43)) - raft.server.log.statemachine.data.sync.timeout = 10s (default)
2019-10-01 16:35:53,623 [pool-443-thread-1] INFO  server.RaftServerConfigKeys (ConfUtils.java:logGet(43)) - raft.server.log.statemachine.data.caching.enabled = true (custom)
2019-10-01 16:35:53,623 [pool-413-thread-1] INFO  server.RaftServerConfigKeys (ConfUtils.java:logGet(43)) - raft.server.log.statemachine.data.sync.timeout.retry = -1 (default)
2019-10-01 16:35:53,623 [pool-443-thread-1] INFO  segmented.SegmentedRaftLogWorker (SegmentedRaftLogWorker.java:lambda$new$0(128)) - 0fd56af2-5ef7-4b01-b69d-5d005234ed52@group-C7D9B0180F02-SegmentedRaftLogWorker: flushIndex: setUnconditionally 0 -> -1
2019-10-01 16:35:53,623 [pool-413-thread-1] INFO  server.RaftServerConfigKeys (ConfUtils.java:logGet(43)) - raft.server.log.statemachine.data.caching.enabled = true (custom)
2019-10-01 16:35:53,624 [pool-443-thread-1] INFO  server.RaftServerConfigKeys (ConfUtils.java:logGet(43)) - raft.server.snapshot.auto.trigger.enabled = true (custom)
2019-10-01 16:35:53,624 [pool-433-thread-1] INFO  impl.RaftServerImpl (RaftServerImpl.java:start(181)) - beec12ee-8225-4c25-b602-e038a67ce4ae@group-C7D9B0180F02: start as a follower, conf=-1: [0fd56af2-5ef7-4b01-b69d-5d005234ed52:192.168.164.234:39874, beec12ee-8225-4c25-b602-e038a67ce4ae:192.168.164.234:42775, 449c838f-f9f2-49a3-8844-d0c1f0f0c29d:192.168.164.234:45172], old=null
2019-10-01 16:35:53,624 [pool-413-thread-1] INFO  segmented.SegmentedRaftLogWorker (SegmentedRaftLogWorker.java:lambda$new$0(128)) - 449c838f-f9f2-49a3-8844-d0c1f0f0c29d@group-C7D9B0180F02-SegmentedRaftLogWorker: flushIndex: setUnconditionally 0 -> -1
2019-10-01 16:35:53,624 [pool-443-thread-1] INFO  server.RaftServerConfigKeys (ConfUtils.java:logGet(43)) - raft.server.snapshot.auto.trigger.threshold = 10000 (custom)
2019-10-01 16:35:53,624 [pool-433-thread-1] INFO  impl.RaftServerImpl (RaftServerImpl.java:setRole(170)) - beec12ee-8225-4c25-b602-e038a67ce4ae@group-C7D9B0180F02: changes role from      null to FOLLOWER at term 0 for startAsFollower
2019-10-01 16:35:53,624 [pool-413-thread-1] INFO  server.RaftServerConfigKeys (ConfUtils.java:logGet(43)) - raft.server.snapshot.auto.trigger.enabled = true (custom)
2019-10-01 16:35:53,624 [pool-443-thread-1] INFO  server.RaftServerConfigKeys (ConfUtils.java:logGet(43)) - raft.server.snapshot.retention.file.num = 5 (custom)
2019-10-01 16:35:53,625 [pool-413-thread-1] INFO  server.RaftServerConfigKeys (ConfUtils.java:logGet(43)) - raft.server.snapshot.auto.trigger.threshold = 10000 (custom)
2019-10-01 16:35:53,624 [pool-433-thread-1] INFO  impl.RoleInfo (RoleInfo.java:updateAndGet(143)) - beec12ee-8225-4c25-b602-e038a67ce4ae: start FollowerState
2019-10-01 16:35:53,625 [pool-413-thread-1] INFO  server.RaftServerConfigKeys (ConfUtils.java:logGet(43)) - raft.server.snapshot.retention.file.num = 5 (custom)
2019-10-01 16:35:53,625 [pool-443-thread-1] INFO  server.RaftServerConfigKeys (ConfUtils.java:logGet(43)) - raft.server.retrycache.expirytime = 600000ms (custom)
2019-10-01 16:35:53,625 [pool-433-thread-1] INFO  util.JmxRegister (JmxRegister.java:tryRegister(44)) - Successfully registered JMX Bean with object name Ratis:service=RaftServer,group=group-C7D9B0180F02,id=beec12ee-8225-4c25-b602-e038a67ce4ae
2019-10-01 16:35:53,625 [pool-413-thread-1] INFO  server.RaftServerConfigKeys (ConfUtils.java:logGet(43)) - raft.server.retrycache.expirytime = 600000ms (custom)
2019-10-01 16:35:53,629 [pool-443-thread-1] INFO  impl.RaftServerImpl (RaftServerImpl.java:start(181)) - 0fd56af2-5ef7-4b01-b69d-5d005234ed52@group-C7D9B0180F02: start as a follower, conf=-1: [0fd56af2-5ef7-4b01-b69d-5d005234ed52:192.168.164.234:39874, beec12ee-8225-4c25-b602-e038a67ce4ae:192.168.164.234:42775, 449c838f-f9f2-49a3-8844-d0c1f0f0c29d:192.168.164.234:45172], old=null
2019-10-01 16:35:53,629 [pool-443-thread-1] INFO  impl.RaftServerImpl (RaftServerImpl.java:setRole(170)) - 0fd56af2-5ef7-4b01-b69d-5d005234ed52@group-C7D9B0180F02: changes role from      null to FOLLOWER at term 0 for startAsFollower
2019-10-01 16:35:53,629 [pool-443-thread-1] INFO  impl.RoleInfo (RoleInfo.java:updateAndGet(143)) - 0fd56af2-5ef7-4b01-b69d-5d005234ed52: start FollowerState
2019-10-01 16:35:53,629 [pool-443-thread-1] INFO  util.JmxRegister (JmxRegister.java:tryRegister(44)) - Successfully registered JMX Bean with object name Ratis:service=RaftServer,group=group-C7D9B0180F02,id=0fd56af2-5ef7-4b01-b69d-5d005234ed52
2019-10-01 16:35:53,630 [pool-413-thread-1] INFO  impl.RaftServerImpl (RaftServerImpl.java:start(181)) - 449c838f-f9f2-49a3-8844-d0c1f0f0c29d@group-C7D9B0180F02: start as a follower, conf=-1: [0fd56af2-5ef7-4b01-b69d-5d005234ed52:192.168.164.234:39874, beec12ee-8225-4c25-b602-e038a67ce4ae:192.168.164.234:42775, 449c838f-f9f2-49a3-8844-d0c1f0f0c29d:192.168.164.234:45172], old=null
2019-10-01 16:35:53,630 [pool-413-thread-1] INFO  impl.RaftServerImpl (RaftServerImpl.java:setRole(170)) - 449c838f-f9f2-49a3-8844-d0c1f0f0c29d@group-C7D9B0180F02: changes role from      null to FOLLOWER at term 0 for startAsFollower
2019-10-01 16:35:53,631 [pool-413-thread-1] INFO  impl.RoleInfo (RoleInfo.java:updateAndGet(143)) - 449c838f-f9f2-49a3-8844-d0c1f0f0c29d: start FollowerState
2019-10-01 16:35:53,631 [pool-413-thread-1] INFO  util.JmxRegister (JmxRegister.java:tryRegister(44)) - Successfully registered JMX Bean with object name Ratis:service=RaftServer,group=group-C7D9B0180F02,id=449c838f-f9f2-49a3-8844-d0c1f0f0c29d
2019-10-01 16:35:53,635 [RatisPipelineUtilsThread] INFO  pipeline.PipelineStateManager (PipelineStateManager.java:addPipeline(56)) - Created pipeline Pipeline[ Id: a58b2fd8-6fd5-4c9e-ab7c-c7d9b0180f02, Nodes: 449c838f-f9f2-49a3-8844-d0c1f0f0c29d{ip: 192.168.164.234, host: pr-hdds-2223-d4ngw-1748172156, networkLocation: /default-rack, certSerialId: null}beec12ee-8225-4c25-b602-e038a67ce4ae{ip: 192.168.164.234, host: pr-hdds-2223-d4ngw-1748172156, networkLocation: /default-rack, certSerialId: null}0fd56af2-5ef7-4b01-b69d-5d005234ed52{ip: 192.168.164.234, host: pr-hdds-2223-d4ngw-1748172156, networkLocation: /default-rack, certSerialId: null}, Type:RATIS, Factor:THREE, State:OPEN]
2019-10-01 16:35:54,505 [main] INFO  ozone.MiniOzoneClusterImpl (MiniOzoneClusterImpl.java:lambda$waitForClusterToBeReady$0(147)) - Cluster is ready. Got 7 of 7 DN Heartbeats.
2019-10-01 16:35:54,541 [main] INFO  rpc.RpcClient (RpcClient.java:createVolume(276)) - Creating Volume: watchforcommithandlingtest, with jenkins1000 as owner.
2019-10-01 16:35:54,543 [IPC Server handler 0 on 33122] INFO  volume.OMVolumeCreateRequest (OMVolumeCreateRequest.java:validateAndUpdateCache(194)) - created volume:watchforcommithandlingtest for user:jenkins1000
2019-10-01 16:35:54,556 [main] INFO  rpc.RpcClient (RpcClient.java:createBucket(415)) - Creating Bucket: watchforcommithandlingtest/watchforcommithandlingtest, with Versioning false and Storage Type set to DISK and Encryption set to false 
2019-10-01 16:35:54,560 [main] INFO  ozone.MiniOzoneClusterImpl (MiniOzoneClusterImpl.java:getStorageContainerLocationClient(234)) - Creating StorageContainerLocationProtocol RPC client with address /0.0.0.0:42200
2019-10-01 16:35:56,132 [Thread-2279] INFO  container.ReplicationManager (ReplicationManager.java:start(162)) - Starting Replication Monitor Thread.
2019-10-01 16:35:56,137 [ReplicationMonitor] INFO  container.ReplicationManager (ReplicationManager.java:run(225)) - Replication Monitor Thread took 0 milliseconds for processing 1 containers.
2019-10-01 16:35:58,206 [Thread-2281] INFO  impl.FollowerState (FollowerState.java:run(108)) - 445c4447-2cb9-46a3-8fd7-5428dcf97658@group-2768BE70A717-FollowerState: change to CANDIDATE, lastRpcTime:5019ms, electionTimeout:5019ms
2019-10-01 16:35:58,207 [Thread-2281] INFO  impl.RoleInfo (RoleInfo.java:shutdownFollowerState(121)) - 445c4447-2cb9-46a3-8fd7-5428dcf97658: shutdown FollowerState
2019-10-01 16:35:58,207 [Thread-2281] INFO  impl.RaftServerImpl (RaftServerImpl.java:setRole(170)) - 445c4447-2cb9-46a3-8fd7-5428dcf97658@group-2768BE70A717: changes role from  FOLLOWER to CANDIDATE at term 0 for changeToCandidate
2019-10-01 16:35:58,207 [Thread-2281] INFO  impl.RoleInfo (RoleInfo.java:updateAndGet(143)) - 445c4447-2cb9-46a3-8fd7-5428dcf97658: start LeaderElection
2019-10-01 16:35:58,230 [445c4447-2cb9-46a3-8fd7-5428dcf97658@group-2768BE70A717-LeaderElection55] INFO  impl.LeaderElection (LeaderElection.java:askForVotes(178)) - 445c4447-2cb9-46a3-8fd7-5428dcf97658@group-2768BE70A717-LeaderElection55: begin an election at term 1 for -1: [445c4447-2cb9-46a3-8fd7-5428dcf97658:192.168.164.234:40536], old=null
2019-10-01 16:35:58,230 [445c4447-2cb9-46a3-8fd7-5428dcf97658@group-2768BE70A717-LeaderElection55] INFO  impl.RoleInfo (RoleInfo.java:shutdownLeaderElection(134)) - 445c4447-2cb9-46a3-8fd7-5428dcf97658: shutdown LeaderElection
2019-10-01 16:35:58,231 [445c4447-2cb9-46a3-8fd7-5428dcf97658@group-2768BE70A717-LeaderElection55] INFO  impl.RaftServerImpl (RaftServerImpl.java:setRole(170)) - 445c4447-2cb9-46a3-8fd7-5428dcf97658@group-2768BE70A717: changes role from CANDIDATE to LEADER at term 1 for changeToLeader
2019-10-01 16:35:58,231 [445c4447-2cb9-46a3-8fd7-5428dcf97658@group-2768BE70A717-LeaderElection55] INFO  impl.RaftServerImpl (ServerState.java:setLeader(255)) - 445c4447-2cb9-46a3-8fd7-5428dcf97658@group-2768BE70A717: change Leader from null to 445c4447-2cb9-46a3-8fd7-5428dcf97658 at term 1 for becomeLeader, leader elected after 5053ms
2019-10-01 16:35:58,231 [445c4447-2cb9-46a3-8fd7-5428dcf97658@group-2768BE70A717-LeaderElection55] INFO  server.RaftServerConfigKeys (ConfUtils.java:logGet(43)) - raft.server.staging.catchup.gap = 1000 (default)
2019-10-01 16:35:58,231 [445c4447-2cb9-46a3-8fd7-5428dcf97658@group-2768BE70A717-LeaderElection55] INFO  server.RaftServerConfigKeys (ConfUtils.java:logGet(43)) - raft.server.rpc.sleep.time = 25ms (default)
2019-10-01 16:35:58,232 [445c4447-2cb9-46a3-8fd7-5428dcf97658@group-2768BE70A717-LeaderElection55] INFO  server.RaftServerConfigKeys (ConfUtils.java:logGet(43)) - raft.server.write.element-limit = 4096 (default)
2019-10-01 16:35:58,232 [445c4447-2cb9-46a3-8fd7-5428dcf97658@group-2768BE70A717-LeaderElection55] INFO  server.RaftServerConfigKeys (ConfUtils.java:logGet(43)) - raft.server.watch.timeout = 10s (default)
2019-10-01 16:35:58,232 [445c4447-2cb9-46a3-8fd7-5428dcf97658@group-2768BE70A717-LeaderElection55] INFO  server.RaftServerConfigKeys (ConfUtils.java:logGet(43)) - raft.server.watch.timeout.denomination = 1s (default)
2019-10-01 16:35:58,232 [445c4447-2cb9-46a3-8fd7-5428dcf97658@group-2768BE70A717-LeaderElection55] INFO  server.RaftServerConfigKeys (ConfUtils.java:logGet(43)) - raft.server.watch.element-limit = 65536 (default)
2019-10-01 16:35:58,235 [445c4447-2cb9-46a3-8fd7-5428dcf97658@group-2768BE70A717-LeaderElection55] INFO  impl.RoleInfo (RoleInfo.java:updateAndGet(143)) - 445c4447-2cb9-46a3-8fd7-5428dcf97658: start LeaderState
2019-10-01 16:35:58,236 [445c4447-2cb9-46a3-8fd7-5428dcf97658@group-2768BE70A717-LeaderElection55] INFO  segmented.SegmentedRaftLogWorker (SegmentedRaftLogWorker.java:startLogSegment(385)) - 445c4447-2cb9-46a3-8fd7-5428dcf97658@group-2768BE70A717-SegmentedRaftLogWorker: Starting segment from index:0
2019-10-01 16:35:58,237 [445c4447-2cb9-46a3-8fd7-5428dcf97658@group-2768BE70A717-LeaderElection55] INFO  impl.RaftServerImpl (ServerState.java:setRaftConf(356)) - 445c4447-2cb9-46a3-8fd7-5428dcf97658@group-2768BE70A717: set configuration 0: [445c4447-2cb9-46a3-8fd7-5428dcf97658:192.168.164.234:40536], old=null at 0
2019-10-01 16:35:58,255 [445c4447-2cb9-46a3-8fd7-5428dcf97658@group-2768BE70A717-SegmentedRaftLogWorker] INFO  segmented.SegmentedRaftLogWorker (SegmentedRaftLogWorker.java:execute(574)) - 445c4447-2cb9-46a3-8fd7-5428dcf97658@group-2768BE70A717-SegmentedRaftLogWorker: created new log segment /workdir/hadoop-ozone/integration-test/target/test-dir/MiniOzoneClusterImpl-259b6801-9924-4de8-a941-26f02370cd4f/datanode-0/data/ratis/369a82ae-c4f6-4613-9f48-2768be70a717/current/log_inprogress_0
2019-10-01 16:35:58,308 [Thread-2284] INFO  impl.FollowerState (FollowerState.java:run(108)) - 8ab1db64-65ba-4952-b15a-d3918be8e822@group-FECE36B44293-FollowerState: change to CANDIDATE, lastRpcTime:5076ms, electionTimeout:5076ms
2019-10-01 16:35:58,308 [Thread-2284] INFO  impl.RoleInfo (RoleInfo.java:shutdownFollowerState(121)) - 8ab1db64-65ba-4952-b15a-d3918be8e822: shutdown FollowerState
2019-10-01 16:35:58,308 [Thread-2284] INFO  impl.RaftServerImpl (RaftServerImpl.java:setRole(170)) - 8ab1db64-65ba-4952-b15a-d3918be8e822@group-FECE36B44293: changes role from  FOLLOWER to CANDIDATE at term 0 for changeToCandidate
2019-10-01 16:35:58,308 [Thread-2284] INFO  impl.RoleInfo (RoleInfo.java:updateAndGet(143)) - 8ab1db64-65ba-4952-b15a-d3918be8e822: start LeaderElection
2019-10-01 16:35:58,328 [8ab1db64-65ba-4952-b15a-d3918be8e822@group-FECE36B44293-LeaderElection56] INFO  impl.LeaderElection (LeaderElection.java:askForVotes(178)) - 8ab1db64-65ba-4952-b15a-d3918be8e822@group-FECE36B44293-LeaderElection56: begin an election at term 1 for -1: [8ab1db64-65ba-4952-b15a-d3918be8e822:192.168.164.234:43712], old=null
2019-10-01 16:35:58,328 [8ab1db64-65ba-4952-b15a-d3918be8e822@group-FECE36B44293-LeaderElection56] INFO  impl.RoleInfo (RoleInfo.java:shutdownLeaderElection(134)) - 8ab1db64-65ba-4952-b15a-d3918be8e822: shutdown LeaderElection
2019-10-01 16:35:58,328 [8ab1db64-65ba-4952-b15a-d3918be8e822@group-FECE36B44293-LeaderElection56] INFO  impl.RaftServerImpl (RaftServerImpl.java:setRole(170)) - 8ab1db64-65ba-4952-b15a-d3918be8e822@group-FECE36B44293: changes role from CANDIDATE to LEADER at term 1 for changeToLeader
2019-10-01 16:35:58,328 [8ab1db64-65ba-4952-b15a-d3918be8e822@group-FECE36B44293-LeaderElection56] INFO  impl.RaftServerImpl (ServerState.java:setLeader(255)) - 8ab1db64-65ba-4952-b15a-d3918be8e822@group-FECE36B44293: change Leader from null to 8ab1db64-65ba-4952-b15a-d3918be8e822 at term 1 for becomeLeader, leader elected after 5101ms
2019-10-01 16:35:58,328 [8ab1db64-65ba-4952-b15a-d3918be8e822@group-FECE36B44293-LeaderElection56] INFO  server.RaftServerConfigKeys (ConfUtils.java:logGet(43)) - raft.server.staging.catchup.gap = 1000 (default)
2019-10-01 16:35:58,328 [8ab1db64-65ba-4952-b15a-d3918be8e822@group-FECE36B44293-LeaderElection56] INFO  server.RaftServerConfigKeys (ConfUtils.java:logGet(43)) - raft.server.rpc.sleep.time = 25ms (default)
2019-10-01 16:35:58,328 [8ab1db64-65ba-4952-b15a-d3918be8e822@group-FECE36B44293-LeaderElection56] INFO  server.RaftServerConfigKeys (ConfUtils.java:logGet(43)) - raft.server.write.element-limit = 4096 (default)
2019-10-01 16:35:58,328 [8ab1db64-65ba-4952-b15a-d3918be8e822@group-FECE36B44293-LeaderElection56] INFO  server.RaftServerConfigKeys (ConfUtils.java:logGet(43)) - raft.server.watch.timeout = 10s (default)
2019-10-01 16:35:58,329 [8ab1db64-65ba-4952-b15a-d3918be8e822@group-FECE36B44293-LeaderElection56] INFO  server.RaftServerConfigKeys (ConfUtils.java:logGet(43)) - raft.server.watch.timeout.denomination = 1s (default)
2019-10-01 16:35:58,329 [8ab1db64-65ba-4952-b15a-d3918be8e822@group-FECE36B44293-LeaderElection56] INFO  server.RaftServerConfigKeys (ConfUtils.java:logGet(43)) - raft.server.watch.element-limit = 65536 (default)
2019-10-01 16:35:58,330 [8ab1db64-65ba-4952-b15a-d3918be8e822@group-FECE36B44293-LeaderElection56] INFO  impl.RoleInfo (RoleInfo.java:updateAndGet(143)) - 8ab1db64-65ba-4952-b15a-d3918be8e822: start LeaderState
2019-10-01 16:35:58,330 [8ab1db64-65ba-4952-b15a-d3918be8e822@group-FECE36B44293-LeaderElection56] INFO  segmented.SegmentedRaftLogWorker (SegmentedRaftLogWorker.java:startLogSegment(385)) - 8ab1db64-65ba-4952-b15a-d3918be8e822@group-FECE36B44293-SegmentedRaftLogWorker: Starting segment from index:0
2019-10-01 16:35:58,330 [8ab1db64-65ba-4952-b15a-d3918be8e822@group-FECE36B44293-LeaderElection56] INFO  impl.RaftServerImpl (ServerState.java:setRaftConf(356)) - 8ab1db64-65ba-4952-b15a-d3918be8e822@group-FECE36B44293: set configuration 0: [8ab1db64-65ba-4952-b15a-d3918be8e822:192.168.164.234:43712], old=null at 0
2019-10-01 16:35:58,353 [8ab1db64-65ba-4952-b15a-d3918be8e822@group-FECE36B44293-SegmentedRaftLogWorker] INFO  segmented.SegmentedRaftLogWorker (SegmentedRaftLogWorker.java:execute(574)) - 8ab1db64-65ba-4952-b15a-d3918be8e822@group-FECE36B44293-SegmentedRaftLogWorker: created new log segment /workdir/hadoop-ozone/integration-test/target/test-dir/MiniOzoneClusterImpl-259b6801-9924-4de8-a941-26f02370cd4f/datanode-1/data/ratis/eb405606-769c-49d0-a0b9-fece36b44293/current/log_inprogress_0
2019-10-01 16:35:58,373 [Thread-2290] INFO  impl.FollowerState (FollowerState.java:run(108)) - 8ab1db64-65ba-4952-b15a-d3918be8e822@group-252D32A25BE8-FollowerState: change to CANDIDATE, lastRpcTime:5020ms, electionTimeout:5020ms
2019-10-01 16:35:58,373 [Thread-2290] INFO  impl.RoleInfo (RoleInfo.java:shutdownFollowerState(121)) - 8ab1db64-65ba-4952-b15a-d3918be8e822: shutdown FollowerState
2019-10-01 16:35:58,373 [Thread-2290] INFO  impl.RaftServerImpl (RaftServerImpl.java:setRole(170)) - 8ab1db64-65ba-4952-b15a-d3918be8e822@group-252D32A25BE8: changes role from  FOLLOWER to CANDIDATE at term 0 for changeToCandidate
2019-10-01 16:35:58,373 [Thread-2290] INFO  impl.RoleInfo (RoleInfo.java:updateAndGet(143)) - 8ab1db64-65ba-4952-b15a-d3918be8e822: start LeaderElection
2019-10-01 16:35:58,387 [Thread-2294] INFO  impl.FollowerState (FollowerState.java:run(108)) - 291b2e89-388f-45b2-9e7b-30bda090654c@group-252D32A25BE8-FollowerState: change to CANDIDATE, lastRpcTime:5030ms, electionTimeout:5030ms
2019-10-01 16:35:58,387 [Thread-2294] INFO  impl.RoleInfo (RoleInfo.java:shutdownFollowerState(121)) - 291b2e89-388f-45b2-9e7b-30bda090654c: shutdown FollowerState
2019-10-01 16:35:58,387 [Thread-2294] INFO  impl.RaftServerImpl (RaftServerImpl.java:setRole(170)) - 291b2e89-388f-45b2-9e7b-30bda090654c@group-252D32A25BE8: changes role from  FOLLOWER to CANDIDATE at term 0 for changeToCandidate
2019-10-01 16:35:58,387 [Thread-2294] INFO  impl.RoleInfo (RoleInfo.java:updateAndGet(143)) - 291b2e89-388f-45b2-9e7b-30bda090654c: start LeaderElection
2019-10-01 16:35:58,392 [Thread-2293] INFO  impl.FollowerState (FollowerState.java:run(108)) - 445c4447-2cb9-46a3-8fd7-5428dcf97658@group-252D32A25BE8-FollowerState: change to CANDIDATE, lastRpcTime:5036ms, electionTimeout:5035ms
2019-10-01 16:35:58,392 [8ab1db64-65ba-4952-b15a-d3918be8e822@group-252D32A25BE8-LeaderElection57] INFO  impl.LeaderElection (LeaderElection.java:askForVotes(178)) - 8ab1db64-65ba-4952-b15a-d3918be8e822@group-252D32A25BE8-LeaderElection57: begin an election at term 1 for -1: [445c4447-2cb9-46a3-8fd7-5428dcf97658:192.168.164.234:40536, 291b2e89-388f-45b2-9e7b-30bda090654c:192.168.164.234:45532, 8ab1db64-65ba-4952-b15a-d3918be8e822:192.168.164.234:43712], old=null
2019-10-01 16:35:58,392 [Thread-2287] INFO  impl.FollowerState (FollowerState.java:run(108)) - 291b2e89-388f-45b2-9e7b-30bda090654c@group-655767F060B8-FollowerState: change to CANDIDATE, lastRpcTime:5098ms, electionTimeout:5098ms
2019-10-01 16:35:58,392 [Thread-2293] INFO  impl.RoleInfo (RoleInfo.java:shutdownFollowerState(121)) - 445c4447-2cb9-46a3-8fd7-5428dcf97658: shutdown FollowerState
2019-10-01 16:35:58,392 [Thread-2287] INFO  impl.RoleInfo (RoleInfo.java:shutdownFollowerState(121)) - 291b2e89-388f-45b2-9e7b-30bda090654c: shutdown FollowerState
2019-10-01 16:35:58,392 [Thread-2293] INFO  impl.RaftServerImpl (RaftServerImpl.java:setRole(170)) - 445c4447-2cb9-46a3-8fd7-5428dcf97658@group-252D32A25BE8: changes role from  FOLLOWER to CANDIDATE at term 0 for changeToCandidate
2019-10-01 16:35:58,393 [Thread-2287] INFO  impl.RaftServerImpl (RaftServerImpl.java:setRole(170)) - 291b2e89-388f-45b2-9e7b-30bda090654c@group-655767F060B8: changes role from  FOLLOWER to CANDIDATE at term 0 for changeToCandidate
2019-10-01 16:35:58,393 [Thread-2293] INFO  impl.RoleInfo (RoleInfo.java:updateAndGet(143)) - 445c4447-2cb9-46a3-8fd7-5428dcf97658: start LeaderElection
2019-10-01 16:35:58,393 [Thread-2287] INFO  impl.RoleInfo (RoleInfo.java:updateAndGet(143)) - 291b2e89-388f-45b2-9e7b-30bda090654c: start LeaderElection
2019-10-01 16:35:58,406 [291b2e89-388f-45b2-9e7b-30bda090654c@group-655767F060B8-LeaderElection60] INFO  impl.LeaderElection (LeaderElection.java:askForVotes(178)) - 291b2e89-388f-45b2-9e7b-30bda090654c@group-655767F060B8-LeaderElection60: begin an election at term 1 for -1: [291b2e89-388f-45b2-9e7b-30bda090654c:192.168.164.234:45532], old=null
2019-10-01 16:35:58,406 [445c4447-2cb9-46a3-8fd7-5428dcf97658@group-252D32A25BE8-LeaderElection59] INFO  impl.LeaderElection (LeaderElection.java:askForVotes(178)) - 445c4447-2cb9-46a3-8fd7-5428dcf97658@group-252D32A25BE8-LeaderElection59: begin an election at term 1 for -1: [445c4447-2cb9-46a3-8fd7-5428dcf97658:192.168.164.234:40536, 291b2e89-388f-45b2-9e7b-30bda090654c:192.168.164.234:45532, 8ab1db64-65ba-4952-b15a-d3918be8e822:192.168.164.234:43712], old=null
2019-10-01 16:35:58,406 [291b2e89-388f-45b2-9e7b-30bda090654c@group-655767F060B8-LeaderElection60] INFO  impl.RoleInfo (RoleInfo.java:shutdownLeaderElection(134)) - 291b2e89-388f-45b2-9e7b-30bda090654c: shutdown LeaderElection
2019-10-01 16:35:58,406 [291b2e89-388f-45b2-9e7b-30bda090654c@group-252D32A25BE8-LeaderElection58] INFO  impl.LeaderElection (LeaderElection.java:askForVotes(178)) - 291b2e89-388f-45b2-9e7b-30bda090654c@group-252D32A25BE8-LeaderElection58: begin an election at term 1 for -1: [445c4447-2cb9-46a3-8fd7-5428dcf97658:192.168.164.234:40536, 291b2e89-388f-45b2-9e7b-30bda090654c:192.168.164.234:45532, 8ab1db64-65ba-4952-b15a-d3918be8e822:192.168.164.234:43712], old=null
2019-10-01 16:35:58,406 [291b2e89-388f-45b2-9e7b-30bda090654c@group-655767F060B8-LeaderElection60] INFO  impl.RaftServerImpl (RaftServerImpl.java:setRole(170)) - 291b2e89-388f-45b2-9e7b-30bda090654c@group-655767F060B8: changes role from CANDIDATE to LEADER at term 1 for changeToLeader
2019-10-01 16:35:58,406 [291b2e89-388f-45b2-9e7b-30bda090654c@group-655767F060B8-LeaderElection60] INFO  impl.RaftServerImpl (ServerState.java:setLeader(255)) - 291b2e89-388f-45b2-9e7b-30bda090654c@group-655767F060B8: change Leader from null to 291b2e89-388f-45b2-9e7b-30bda090654c at term 1 for becomeLeader, leader elected after 5118ms
2019-10-01 16:35:58,406 [291b2e89-388f-45b2-9e7b-30bda090654c@group-655767F060B8-LeaderElection60] INFO  server.RaftServerConfigKeys (ConfUtils.java:logGet(43)) - raft.server.staging.catchup.gap = 1000 (default)
2019-10-01 16:35:58,407 [291b2e89-388f-45b2-9e7b-30bda090654c@group-655767F060B8-LeaderElection60] INFO  server.RaftServerConfigKeys (ConfUtils.java:logGet(43)) - raft.server.rpc.sleep.time = 25ms (default)
2019-10-01 16:35:58,407 [291b2e89-388f-45b2-9e7b-30bda090654c@group-655767F060B8-LeaderElection60] INFO  server.RaftServerConfigKeys (ConfUtils.java:logGet(43)) - raft.server.write.element-limit = 4096 (default)
2019-10-01 16:35:58,407 [291b2e89-388f-45b2-9e7b-30bda090654c@group-655767F060B8-LeaderElection60] INFO  server.RaftServerConfigKeys (ConfUtils.java:logGet(43)) - raft.server.watch.timeout = 10s (default)
2019-10-01 16:35:58,407 [8ab1db64-65ba-4952-b15a-d3918be8e822@group-252D32A25BE8-LeaderElection57] INFO  impl.LeaderElection (LeaderElection.java:logAndReturn(56)) - 8ab1db64-65ba-4952-b15a-d3918be8e822@group-252D32A25BE8-LeaderElection57: Election REJECTED; received 2 response(s) [8ab1db64-65ba-4952-b15a-d3918be8e822<-445c4447-2cb9-46a3-8fd7-5428dcf97658#0:FAIL-t1, 8ab1db64-65ba-4952-b15a-d3918be8e822<-291b2e89-388f-45b2-9e7b-30bda090654c#0:FAIL-t1] and 0 exception(s); 8ab1db64-65ba-4952-b15a-d3918be8e822@group-252D32A25BE8:t1, leader=null, voted=8ab1db64-65ba-4952-b15a-d3918be8e822, raftlog=8ab1db64-65ba-4952-b15a-d3918be8e822@group-252D32A25BE8-SegmentedRaftLog:OPENED:c-1,f-1,i0, conf=-1: [445c4447-2cb9-46a3-8fd7-5428dcf97658:192.168.164.234:40536, 291b2e89-388f-45b2-9e7b-30bda090654c:192.168.164.234:45532, 8ab1db64-65ba-4952-b15a-d3918be8e822:192.168.164.234:43712], old=null
2019-10-01 16:35:58,407 [291b2e89-388f-45b2-9e7b-30bda090654c@group-655767F060B8-LeaderElection60] INFO  server.RaftServerConfigKeys (ConfUtils.java:logGet(43)) - raft.server.watch.timeout.denomination = 1s (default)
2019-10-01 16:35:58,408 [291b2e89-388f-45b2-9e7b-30bda090654c@group-655767F060B8-LeaderElection60] INFO  server.RaftServerConfigKeys (ConfUtils.java:logGet(43)) - raft.server.watch.element-limit = 65536 (default)
2019-10-01 16:35:58,408 [8ab1db64-65ba-4952-b15a-d3918be8e822@group-252D32A25BE8-LeaderElection57] INFO  impl.RaftServerImpl (RaftServerImpl.java:setRole(170)) - 8ab1db64-65ba-4952-b15a-d3918be8e822@group-252D32A25BE8: changes role from CANDIDATE to FOLLOWER at term 1 for DISCOVERED_A_NEW_TERM
2019-10-01 16:35:58,410 [8ab1db64-65ba-4952-b15a-d3918be8e822@group-252D32A25BE8-LeaderElection57] INFO  impl.RoleInfo (RoleInfo.java:shutdownLeaderElection(134)) - 8ab1db64-65ba-4952-b15a-d3918be8e822: shutdown LeaderElection
2019-10-01 16:35:58,410 [8ab1db64-65ba-4952-b15a-d3918be8e822@group-252D32A25BE8-LeaderElection57] INFO  impl.RoleInfo (RoleInfo.java:updateAndGet(143)) - 8ab1db64-65ba-4952-b15a-d3918be8e822: start FollowerState
2019-10-01 16:35:58,411 [291b2e89-388f-45b2-9e7b-30bda090654c@group-655767F060B8-LeaderElection60] INFO  impl.RoleInfo (RoleInfo.java:updateAndGet(143)) - 291b2e89-388f-45b2-9e7b-30bda090654c: start LeaderState
2019-10-01 16:35:58,411 [291b2e89-388f-45b2-9e7b-30bda090654c@group-655767F060B8-LeaderElection60] INFO  segmented.SegmentedRaftLogWorker (SegmentedRaftLogWorker.java:startLogSegment(385)) - 291b2e89-388f-45b2-9e7b-30bda090654c@group-655767F060B8-SegmentedRaftLogWorker: Starting segment from index:0
2019-10-01 16:35:58,411 [291b2e89-388f-45b2-9e7b-30bda090654c@group-655767F060B8-LeaderElection60] INFO  impl.RaftServerImpl (ServerState.java:setRaftConf(356)) - 291b2e89-388f-45b2-9e7b-30bda090654c@group-655767F060B8: set configuration 0: [291b2e89-388f-45b2-9e7b-30bda090654c:192.168.164.234:45532], old=null at 0
2019-10-01 16:35:58,412 [291b2e89-388f-45b2-9e7b-30bda090654c@group-252D32A25BE8-LeaderElection58] INFO  impl.LeaderElection (LeaderElection.java:logAndReturn(56)) - 291b2e89-388f-45b2-9e7b-30bda090654c@group-252D32A25BE8-LeaderElection58: Election REJECTED; received 2 response(s) [291b2e89-388f-45b2-9e7b-30bda090654c<-445c4447-2cb9-46a3-8fd7-5428dcf97658#0:FAIL-t1, 291b2e89-388f-45b2-9e7b-30bda090654c<-8ab1db64-65ba-4952-b15a-d3918be8e822#0:FAIL-t1] and 0 exception(s); 291b2e89-388f-45b2-9e7b-30bda090654c@group-252D32A25BE8:t1, leader=null, voted=291b2e89-388f-45b2-9e7b-30bda090654c, raftlog=291b2e89-388f-45b2-9e7b-30bda090654c@group-252D32A25BE8-SegmentedRaftLog:OPENED:c-1,f-1,i0, conf=-1: [445c4447-2cb9-46a3-8fd7-5428dcf97658:192.168.164.234:40536, 291b2e89-388f-45b2-9e7b-30bda090654c:192.168.164.234:45532, 8ab1db64-65ba-4952-b15a-d3918be8e822:192.168.164.234:43712], old=null
2019-10-01 16:35:58,412 [291b2e89-388f-45b2-9e7b-30bda090654c@group-252D32A25BE8-LeaderElection58] INFO  impl.RaftServerImpl (RaftServerImpl.java:setRole(170)) - 291b2e89-388f-45b2-9e7b-30bda090654c@group-252D32A25BE8: changes role from CANDIDATE to FOLLOWER at term 1 for DISCOVERED_A_NEW_TERM
2019-10-01 16:35:58,413 [291b2e89-388f-45b2-9e7b-30bda090654c@group-252D32A25BE8-LeaderElection58] INFO  impl.RoleInfo (RoleInfo.java:shutdownLeaderElection(134)) - 291b2e89-388f-45b2-9e7b-30bda090654c: shutdown LeaderElection
2019-10-01 16:35:58,413 [291b2e89-388f-45b2-9e7b-30bda090654c@group-252D32A25BE8-LeaderElection58] INFO  impl.RoleInfo (RoleInfo.java:updateAndGet(143)) - 291b2e89-388f-45b2-9e7b-30bda090654c: start FollowerState
2019-10-01 16:35:58,413 [445c4447-2cb9-46a3-8fd7-5428dcf97658@group-252D32A25BE8-LeaderElection59] INFO  impl.LeaderElection (LeaderElection.java:logAndReturn(56)) - 445c4447-2cb9-46a3-8fd7-5428dcf97658@group-252D32A25BE8-LeaderElection59: Election REJECTED; received 2 response(s) [445c4447-2cb9-46a3-8fd7-5428dcf97658<-291b2e89-388f-45b2-9e7b-30bda090654c#0:FAIL-t1, 445c4447-2cb9-46a3-8fd7-5428dcf97658<-8ab1db64-65ba-4952-b15a-d3918be8e822#0:FAIL-t1] and 0 exception(s); 445c4447-2cb9-46a3-8fd7-5428dcf97658@group-252D32A25BE8:t1, leader=null, voted=445c4447-2cb9-46a3-8fd7-5428dcf97658, raftlog=445c4447-2cb9-46a3-8fd7-5428dcf97658@group-252D32A25BE8-SegmentedRaftLog:OPENED:c-1,f-1,i0, conf=-1: [445c4447-2cb9-46a3-8fd7-5428dcf97658:192.168.164.234:40536, 291b2e89-388f-45b2-9e7b-30bda090654c:192.168.164.234:45532, 8ab1db64-65ba-4952-b15a-d3918be8e822:192.168.164.234:43712], old=null
2019-10-01 16:35:58,424 [445c4447-2cb9-46a3-8fd7-5428dcf97658@group-252D32A25BE8-LeaderElection59] INFO  impl.RaftServerImpl (RaftServerImpl.java:setRole(170)) - 445c4447-2cb9-46a3-8fd7-5428dcf97658@group-252D32A25BE8: changes role from CANDIDATE to FOLLOWER at term 1 for DISCOVERED_A_NEW_TERM
2019-10-01 16:35:58,425 [445c4447-2cb9-46a3-8fd7-5428dcf97658@group-252D32A25BE8-LeaderElection59] INFO  impl.RoleInfo (RoleInfo.java:shutdownLeaderElection(134)) - 445c4447-2cb9-46a3-8fd7-5428dcf97658: shutdown LeaderElection
2019-10-01 16:35:58,425 [445c4447-2cb9-46a3-8fd7-5428dcf97658@group-252D32A25BE8-LeaderElection59] INFO  impl.RoleInfo (RoleInfo.java:updateAndGet(143)) - 445c4447-2cb9-46a3-8fd7-5428dcf97658: start FollowerState
2019-10-01 16:35:58,437 [291b2e89-388f-45b2-9e7b-30bda090654c@group-655767F060B8-SegmentedRaftLogWorker] INFO  segmented.SegmentedRaftLogWorker (SegmentedRaftLogWorker.java:execute(574)) - 291b2e89-388f-45b2-9e7b-30bda090654c@group-655767F060B8-SegmentedRaftLogWorker: created new log segment /workdir/hadoop-ozone/integration-test/target/test-dir/MiniOzoneClusterImpl-259b6801-9924-4de8-a941-26f02370cd4f/datanode-2/data/ratis/19cc0c57-5753-43e1-acaa-655767f060b8/current/log_inprogress_0
2019-10-01 16:35:58,599 [Thread-2302] INFO  impl.FollowerState (FollowerState.java:run(108)) - ad71672b-bdb8-4f5c-a4a6-ad3e95c5e3ff@group-2C7751456245-FollowerState: change to CANDIDATE, lastRpcTime:5125ms, electionTimeout:5125ms
2019-10-01 16:35:58,599 [Thread-2302] INFO  impl.RoleInfo (RoleInfo.java:shutdownFollowerState(121)) - ad71672b-bdb8-4f5c-a4a6-ad3e95c5e3ff: shutdown FollowerState
2019-10-01 16:35:58,599 [Thread-2302] INFO  impl.RaftServerImpl (RaftServerImpl.java:setRole(170)) - ad71672b-bdb8-4f5c-a4a6-ad3e95c5e3ff@group-2C7751456245: changes role from  FOLLOWER to CANDIDATE at term 0 for changeToCandidate
2019-10-01 16:35:58,599 [Thread-2302] INFO  impl.RoleInfo (RoleInfo.java:updateAndGet(143)) - ad71672b-bdb8-4f5c-a4a6-ad3e95c5e3ff: start LeaderElection
2019-10-01 16:35:58,609 [Thread-2299] INFO  impl.FollowerState (FollowerState.java:run(108)) - 449c838f-f9f2-49a3-8844-d0c1f0f0c29d@group-0B3CF3ACB9DF-FollowerState: change to CANDIDATE, lastRpcTime:5184ms, electionTimeout:5181ms
2019-10-01 16:35:58,609 [Thread-2299] INFO  impl.RoleInfo (RoleInfo.java:shutdownFollowerState(121)) - 449c838f-f9f2-49a3-8844-d0c1f0f0c29d: shutdown FollowerState
2019-10-01 16:35:58,609 [Thread-2299] INFO  impl.RaftServerImpl (RaftServerImpl.java:setRole(170)) - 449c838f-f9f2-49a3-8844-d0c1f0f0c29d@group-0B3CF3ACB9DF: changes role from  FOLLOWER to CANDIDATE at term 0 for changeToCandidate
2019-10-01 16:35:58,610 [Thread-2299] INFO  impl.RoleInfo (RoleInfo.java:updateAndGet(143)) - 449c838f-f9f2-49a3-8844-d0c1f0f0c29d: start LeaderElection
2019-10-01 16:35:58,613 [Thread-2305] INFO  impl.FollowerState (FollowerState.java:run(108)) - beec12ee-8225-4c25-b602-e038a67ce4ae@group-94DB08224858-FollowerState: change to CANDIDATE, lastRpcTime:5094ms, electionTimeout:5094ms
2019-10-01 16:35:58,613 [Thread-2308] INFO  impl.FollowerState (FollowerState.java:run(108)) - 0fd56af2-5ef7-4b01-b69d-5d005234ed52@group-499883C6FEF0-FollowerState: change to CANDIDATE, lastRpcTime:5050ms, electionTimeout:5050ms
2019-10-01 16:35:58,618 [Thread-2305] INFO  impl.RoleInfo (RoleInfo.java:shutdownFollowerState(121)) - beec12ee-8225-4c25-b602-e038a67ce4ae: shutdown FollowerState
2019-10-01 16:35:58,618 [Thread-2308] INFO  impl.RoleInfo (RoleInfo.java:shutdownFollowerState(121)) - 0fd56af2-5ef7-4b01-b69d-5d005234ed52: shutdown FollowerState
2019-10-01 16:35:58,619 [Thread-2305] INFO  impl.RaftServerImpl (RaftServerImpl.java:setRole(170)) - beec12ee-8225-4c25-b602-e038a67ce4ae@group-94DB08224858: changes role from  FOLLOWER to CANDIDATE at term 0 for changeToCandidate
2019-10-01 16:35:58,619 [Thread-2308] INFO  impl.RaftServerImpl (RaftServerImpl.java:setRole(170)) - 0fd56af2-5ef7-4b01-b69d-5d005234ed52@group-499883C6FEF0: changes role from  FOLLOWER to CANDIDATE at term 0 for changeToCandidate
2019-10-01 16:35:58,619 [Thread-2305] INFO  impl.RoleInfo (RoleInfo.java:updateAndGet(143)) - beec12ee-8225-4c25-b602-e038a67ce4ae: start LeaderElection
2019-10-01 16:35:58,619 [Thread-2308] INFO  impl.RoleInfo (RoleInfo.java:updateAndGet(143)) - 0fd56af2-5ef7-4b01-b69d-5d005234ed52: start LeaderElection
2019-10-01 16:35:58,628 [449c838f-f9f2-49a3-8844-d0c1f0f0c29d@group-0B3CF3ACB9DF-LeaderElection62] INFO  impl.LeaderElection (LeaderElection.java:askForVotes(178)) - 449c838f-f9f2-49a3-8844-d0c1f0f0c29d@group-0B3CF3ACB9DF-LeaderElection62: begin an election at term 1 for -1: [449c838f-f9f2-49a3-8844-d0c1f0f0c29d:192.168.164.234:45172], old=null
2019-10-01 16:35:58,628 [449c838f-f9f2-49a3-8844-d0c1f0f0c29d@group-0B3CF3ACB9DF-LeaderElection62] INFO  impl.RoleInfo (RoleInfo.java:shutdownLeaderElection(134)) - 449c838f-f9f2-49a3-8844-d0c1f0f0c29d: shutdown LeaderElection
2019-10-01 16:35:58,628 [ad71672b-bdb8-4f5c-a4a6-ad3e95c5e3ff@group-2C7751456245-LeaderElection61] INFO  impl.LeaderElection (LeaderElection.java:askForVotes(178)) - ad71672b-bdb8-4f5c-a4a6-ad3e95c5e3ff@group-2C7751456245-LeaderElection61: begin an election at term 1 for -1: [ad71672b-bdb8-4f5c-a4a6-ad3e95c5e3ff:192.168.164.234:39799], old=null
2019-10-01 16:35:58,628 [449c838f-f9f2-49a3-8844-d0c1f0f0c29d@group-0B3CF3ACB9DF-LeaderElection62] INFO  impl.RaftServerImpl (RaftServerImpl.java:setRole(170)) - 449c838f-f9f2-49a3-8844-d0c1f0f0c29d@group-0B3CF3ACB9DF: changes role from CANDIDATE to LEADER at term 1 for changeToLeader
2019-10-01 16:35:58,632 [ad71672b-bdb8-4f5c-a4a6-ad3e95c5e3ff@group-2C7751456245-LeaderElection61] INFO  impl.RoleInfo (RoleInfo.java:shutdownLeaderElection(134)) - ad71672b-bdb8-4f5c-a4a6-ad3e95c5e3ff: shutdown LeaderElection
2019-10-01 16:35:58,632 [449c838f-f9f2-49a3-8844-d0c1f0f0c29d@group-0B3CF3ACB9DF-LeaderElection62] INFO  impl.RaftServerImpl (ServerState.java:setLeader(255)) - 449c838f-f9f2-49a3-8844-d0c1f0f0c29d@group-0B3CF3ACB9DF: change Leader from null to 449c838f-f9f2-49a3-8844-d0c1f0f0c29d at term 1 for becomeLeader, leader elected after 5213ms
2019-10-01 16:35:58,632 [ad71672b-bdb8-4f5c-a4a6-ad3e95c5e3ff@group-2C7751456245-LeaderElection61] INFO  impl.RaftServerImpl (RaftServerImpl.java:setRole(170)) - ad71672b-bdb8-4f5c-a4a6-ad3e95c5e3ff@group-2C7751456245: changes role from CANDIDATE to LEADER at term 1 for changeToLeader
2019-10-01 16:35:58,632 [449c838f-f9f2-49a3-8844-d0c1f0f0c29d@group-0B3CF3ACB9DF-LeaderElection62] INFO  server.RaftServerConfigKeys (ConfUtils.java:logGet(43)) - raft.server.staging.catchup.gap = 1000 (default)
2019-10-01 16:35:58,632 [ad71672b-bdb8-4f5c-a4a6-ad3e95c5e3ff@group-2C7751456245-LeaderElection61] INFO  impl.RaftServerImpl (ServerState.java:setLeader(255)) - ad71672b-bdb8-4f5c-a4a6-ad3e95c5e3ff@group-2C7751456245: change Leader from null to ad71672b-bdb8-4f5c-a4a6-ad3e95c5e3ff at term 1 for becomeLeader, leader elected after 5164ms
2019-10-01 16:35:58,632 [449c838f-f9f2-49a3-8844-d0c1f0f0c29d@group-0B3CF3ACB9DF-LeaderElection62] INFO  server.RaftServerConfigKeys (ConfUtils.java:logGet(43)) - raft.server.rpc.sleep.time = 25ms (default)
2019-10-01 16:35:58,632 [ad71672b-bdb8-4f5c-a4a6-ad3e95c5e3ff@group-2C7751456245-LeaderElection61] INFO  server.RaftServerConfigKeys (ConfUtils.java:logGet(43)) - raft.server.staging.catchup.gap = 1000 (default)
2019-10-01 16:35:58,632 [449c838f-f9f2-49a3-8844-d0c1f0f0c29d@group-0B3CF3ACB9DF-LeaderElection62] INFO  server.RaftServerConfigKeys (ConfUtils.java:logGet(43)) - raft.server.write.element-limit = 4096 (default)
2019-10-01 16:35:58,633 [ad71672b-bdb8-4f5c-a4a6-ad3e95c5e3ff@group-2C7751456245-LeaderElection61] INFO  server.RaftServerConfigKeys (ConfUtils.java:logGet(43)) - raft.server.rpc.sleep.time = 25ms (default)
2019-10-01 16:35:58,633 [449c838f-f9f2-49a3-8844-d0c1f0f0c29d@group-0B3CF3ACB9DF-LeaderElection62] INFO  server.RaftServerConfigKeys (ConfUtils.java:logGet(43)) - raft.server.watch.timeout = 10s (default)
2019-10-01 16:35:58,633 [ad71672b-bdb8-4f5c-a4a6-ad3e95c5e3ff@group-2C7751456245-LeaderElection61] INFO  server.RaftServerConfigKeys (ConfUtils.java:logGet(43)) - raft.server.write.element-limit = 4096 (default)
2019-10-01 16:35:58,633 [449c838f-f9f2-49a3-8844-d0c1f0f0c29d@group-0B3CF3ACB9DF-LeaderElection62] INFO  server.RaftServerConfigKeys (ConfUtils.java:logGet(43)) - raft.server.watch.timeout.denomination = 1s (default)
2019-10-01 16:35:58,633 [ad71672b-bdb8-4f5c-a4a6-ad3e95c5e3ff@group-2C7751456245-LeaderElection61] INFO  server.RaftServerConfigKeys (ConfUtils.java:logGet(43)) - raft.server.watch.timeout = 10s (default)
2019-10-01 16:35:58,633 [449c838f-f9f2-49a3-8844-d0c1f0f0c29d@group-0B3CF3ACB9DF-LeaderElection62] INFO  server.RaftServerConfigKeys (ConfUtils.java:logGet(43)) - raft.server.watch.element-limit = 65536 (default)
2019-10-01 16:35:58,633 [ad71672b-bdb8-4f5c-a4a6-ad3e95c5e3ff@group-2C7751456245-LeaderElection61] INFO  server.RaftServerConfigKeys (ConfUtils.java:logGet(43)) - raft.server.watch.timeout.denomination = 1s (default)
2019-10-01 16:35:58,633 [ad71672b-bdb8-4f5c-a4a6-ad3e95c5e3ff@group-2C7751456245-LeaderElection61] INFO  server.RaftServerConfigKeys (ConfUtils.java:logGet(43)) - raft.server.watch.element-limit = 65536 (default)
2019-10-01 16:35:58,635 [449c838f-f9f2-49a3-8844-d0c1f0f0c29d@group-0B3CF3ACB9DF-LeaderElection62] INFO  impl.RoleInfo (RoleInfo.java:updateAndGet(143)) - 449c838f-f9f2-49a3-8844-d0c1f0f0c29d: start LeaderState
2019-10-01 16:35:58,635 [ad71672b-bdb8-4f5c-a4a6-ad3e95c5e3ff@group-2C7751456245-LeaderElection61] INFO  impl.RoleInfo (RoleInfo.java:updateAndGet(143)) - ad71672b-bdb8-4f5c-a4a6-ad3e95c5e3ff: start LeaderState
2019-10-01 16:35:58,635 [449c838f-f9f2-49a3-8844-d0c1f0f0c29d@group-0B3CF3ACB9DF-LeaderElection62] INFO  segmented.SegmentedRaftLogWorker (SegmentedRaftLogWorker.java:startLogSegment(385)) - 449c838f-f9f2-49a3-8844-d0c1f0f0c29d@group-0B3CF3ACB9DF-SegmentedRaftLogWorker: Starting segment from index:0
2019-10-01 16:35:58,636 [ad71672b-bdb8-4f5c-a4a6-ad3e95c5e3ff@group-2C7751456245-LeaderElection61] INFO  segmented.SegmentedRaftLogWorker (SegmentedRaftLogWorker.java:startLogSegment(385)) - ad71672b-bdb8-4f5c-a4a6-ad3e95c5e3ff@group-2C7751456245-SegmentedRaftLogWorker: Starting segment from index:0
2019-10-01 16:35:58,636 [449c838f-f9f2-49a3-8844-d0c1f0f0c29d@group-0B3CF3ACB9DF-LeaderElection62] INFO  impl.RaftServerImpl (ServerState.java:setRaftConf(356)) - 449c838f-f9f2-49a3-8844-d0c1f0f0c29d@group-0B3CF3ACB9DF: set configuration 0: [449c838f-f9f2-49a3-8844-d0c1f0f0c29d:192.168.164.234:45172], old=null at 0
2019-10-01 16:35:58,636 [ad71672b-bdb8-4f5c-a4a6-ad3e95c5e3ff@group-2C7751456245-LeaderElection61] INFO  impl.RaftServerImpl (ServerState.java:setRaftConf(356)) - ad71672b-bdb8-4f5c-a4a6-ad3e95c5e3ff@group-2C7751456245: set configuration 0: [ad71672b-bdb8-4f5c-a4a6-ad3e95c5e3ff:192.168.164.234:39799], old=null at 0
2019-10-01 16:35:58,645 [0fd56af2-5ef7-4b01-b69d-5d005234ed52@group-499883C6FEF0-LeaderElection64] INFO  impl.LeaderElection (LeaderElection.java:askForVotes(178)) - 0fd56af2-5ef7-4b01-b69d-5d005234ed52@group-499883C6FEF0-LeaderElection64: begin an election at term 1 for -1: [0fd56af2-5ef7-4b01-b69d-5d005234ed52:192.168.164.234:39874], old=null
2019-10-01 16:35:58,645 [beec12ee-8225-4c25-b602-e038a67ce4ae@group-94DB08224858-LeaderElection63] INFO  impl.LeaderElection (LeaderElection.java:askForVotes(178)) - beec12ee-8225-4c25-b602-e038a67ce4ae@group-94DB08224858-LeaderElection63: begin an election at term 1 for -1: [beec12ee-8225-4c25-b602-e038a67ce4ae:192.168.164.234:42775], old=null
2019-10-01 16:35:58,645 [0fd56af2-5ef7-4b01-b69d-5d005234ed52@group-499883C6FEF0-LeaderElection64] INFO  impl.RoleInfo (RoleInfo.java:shutdownLeaderElection(134)) - 0fd56af2-5ef7-4b01-b69d-5d005234ed52: shutdown LeaderElection
2019-10-01 16:35:58,646 [0fd56af2-5ef7-4b01-b69d-5d005234ed52@group-499883C6FEF0-LeaderElection64] INFO  impl.RaftServerImpl (RaftServerImpl.java:setRole(170)) - 0fd56af2-5ef7-4b01-b69d-5d005234ed52@group-499883C6FEF0: changes role from CANDIDATE to LEADER at term 1 for changeToLeader
2019-10-01 16:35:58,645 [beec12ee-8225-4c25-b602-e038a67ce4ae@group-94DB08224858-LeaderElection63] INFO  impl.RoleInfo (RoleInfo.java:shutdownLeaderElection(134)) - beec12ee-8225-4c25-b602-e038a67ce4ae: shutdown LeaderElection
2019-10-01 16:35:58,646 [0fd56af2-5ef7-4b01-b69d-5d005234ed52@group-499883C6FEF0-LeaderElection64] INFO  impl.RaftServerImpl (ServerState.java:setLeader(255)) - 0fd56af2-5ef7-4b01-b69d-5d005234ed52@group-499883C6FEF0: change Leader from null to 0fd56af2-5ef7-4b01-b69d-5d005234ed52 at term 1 for becomeLeader, leader elected after 5088ms
2019-10-01 16:35:58,646 [beec12ee-8225-4c25-b602-e038a67ce4ae@group-94DB08224858-LeaderElection63] INFO  impl.RaftServerImpl (RaftServerImpl.java:setRole(170)) - beec12ee-8225-4c25-b602-e038a67ce4ae@group-94DB08224858: changes role from CANDIDATE to LEADER at term 1 for changeToLeader
2019-10-01 16:35:58,646 [0fd56af2-5ef7-4b01-b69d-5d005234ed52@group-499883C6FEF0-LeaderElection64] INFO  server.RaftServerConfigKeys (ConfUtils.java:logGet(43)) - raft.server.staging.catchup.gap = 1000 (default)
2019-10-01 16:35:58,646 [beec12ee-8225-4c25-b602-e038a67ce4ae@group-94DB08224858-LeaderElection63] INFO  impl.RaftServerImpl (ServerState.java:setLeader(255)) - beec12ee-8225-4c25-b602-e038a67ce4ae@group-94DB08224858: change Leader from null to beec12ee-8225-4c25-b602-e038a67ce4ae at term 1 for becomeLeader, leader elected after 5134ms
2019-10-01 16:35:58,646 [0fd56af2-5ef7-4b01-b69d-5d005234ed52@group-499883C6FEF0-LeaderElection64] INFO  server.RaftServerConfigKeys (ConfUtils.java:logGet(43)) - raft.server.rpc.sleep.time = 25ms (default)
2019-10-01 16:35:58,646 [beec12ee-8225-4c25-b602-e038a67ce4ae@group-94DB08224858-LeaderElection63] INFO  server.RaftServerConfigKeys (ConfUtils.java:logGet(43)) - raft.server.staging.catchup.gap = 1000 (default)
2019-10-01 16:35:58,646 [0fd56af2-5ef7-4b01-b69d-5d005234ed52@group-499883C6FEF0-LeaderElection64] INFO  server.RaftServerConfigKeys (ConfUtils.java:logGet(43)) - raft.server.write.element-limit = 4096 (default)
2019-10-01 16:35:58,646 [beec12ee-8225-4c25-b602-e038a67ce4ae@group-94DB08224858-LeaderElection63] INFO  server.RaftServerConfigKeys (ConfUtils.java:logGet(43)) - raft.server.rpc.sleep.time = 25ms (default)
2019-10-01 16:35:58,646 [0fd56af2-5ef7-4b01-b69d-5d005234ed52@group-499883C6FEF0-LeaderElection64] INFO  server.RaftServerConfigKeys (ConfUtils.java:logGet(43)) - raft.server.watch.timeout = 10s (default)
2019-10-01 16:35:58,647 [beec12ee-8225-4c25-b602-e038a67ce4ae@group-94DB08224858-LeaderElection63] INFO  server.RaftServerConfigKeys (ConfUtils.java:logGet(43)) - raft.server.write.element-limit = 4096 (default)
2019-10-01 16:35:58,647 [0fd56af2-5ef7-4b01-b69d-5d005234ed52@group-499883C6FEF0-LeaderElection64] INFO  server.RaftServerConfigKeys (ConfUtils.java:logGet(43)) - raft.server.watch.timeout.denomination = 1s (default)
2019-10-01 16:35:58,647 [beec12ee-8225-4c25-b602-e038a67ce4ae@group-94DB08224858-LeaderElection63] INFO  server.RaftServerConfigKeys (ConfUtils.java:logGet(43)) - raft.server.watch.timeout = 10s (default)
2019-10-01 16:35:58,647 [0fd56af2-5ef7-4b01-b69d-5d005234ed52@group-499883C6FEF0-LeaderElection64] INFO  server.RaftServerConfigKeys (ConfUtils.java:logGet(43)) - raft.server.watch.element-limit = 65536 (default)
2019-10-01 16:35:58,647 [beec12ee-8225-4c25-b602-e038a67ce4ae@group-94DB08224858-LeaderElection63] INFO  server.RaftServerConfigKeys (ConfUtils.java:logGet(43)) - raft.server.watch.timeout.denomination = 1s (default)
2019-10-01 16:35:58,647 [beec12ee-8225-4c25-b602-e038a67ce4ae@group-94DB08224858-LeaderElection63] INFO  server.RaftServerConfigKeys (ConfUtils.java:logGet(43)) - raft.server.watch.element-limit = 65536 (default)
2019-10-01 16:35:58,652 [beec12ee-8225-4c25-b602-e038a67ce4ae@group-94DB08224858-LeaderElection63] INFO  impl.RoleInfo (RoleInfo.java:updateAndGet(143)) - beec12ee-8225-4c25-b602-e038a67ce4ae: start LeaderState
2019-10-01 16:35:58,652 [0fd56af2-5ef7-4b01-b69d-5d005234ed52@group-499883C6FEF0-LeaderElection64] INFO  impl.RoleInfo (RoleInfo.java:updateAndGet(143)) - 0fd56af2-5ef7-4b01-b69d-5d005234ed52: start LeaderState
2019-10-01 16:35:58,652 [beec12ee-8225-4c25-b602-e038a67ce4ae@group-94DB08224858-LeaderElection63] INFO  segmented.SegmentedRaftLogWorker (SegmentedRaftLogWorker.java:startLogSegment(385)) - beec12ee-8225-4c25-b602-e038a67ce4ae@group-94DB08224858-SegmentedRaftLogWorker: Starting segment from index:0
2019-10-01 16:35:58,652 [0fd56af2-5ef7-4b01-b69d-5d005234ed52@group-499883C6FEF0-LeaderElection64] INFO  segmented.SegmentedRaftLogWorker (SegmentedRaftLogWorker.java:startLogSegment(385)) - 0fd56af2-5ef7-4b01-b69d-5d005234ed52@group-499883C6FEF0-SegmentedRaftLogWorker: Starting segment from index:0
2019-10-01 16:35:58,652 [beec12ee-8225-4c25-b602-e038a67ce4ae@group-94DB08224858-LeaderElection63] INFO  impl.RaftServerImpl (ServerState.java:setRaftConf(356)) - beec12ee-8225-4c25-b602-e038a67ce4ae@group-94DB08224858: set configuration 0: [beec12ee-8225-4c25-b602-e038a67ce4ae:192.168.164.234:42775], old=null at 0
2019-10-01 16:35:58,653 [0fd56af2-5ef7-4b01-b69d-5d005234ed52@group-499883C6FEF0-LeaderElection64] INFO  impl.RaftServerImpl (ServerState.java:setRaftConf(356)) - 0fd56af2-5ef7-4b01-b69d-5d005234ed52@group-499883C6FEF0: set configuration 0: [0fd56af2-5ef7-4b01-b69d-5d005234ed52:192.168.164.234:39874], old=null at 0
2019-10-01 16:35:58,667 [449c838f-f9f2-49a3-8844-d0c1f0f0c29d@group-0B3CF3ACB9DF-SegmentedRaftLogWorker] INFO  segmented.SegmentedRaftLogWorker (SegmentedRaftLogWorker.java:execute(574)) - 449c838f-f9f2-49a3-8844-d0c1f0f0c29d@group-0B3CF3ACB9DF-SegmentedRaftLogWorker: created new log segment /workdir/hadoop-ozone/integration-test/target/test-dir/MiniOzoneClusterImpl-259b6801-9924-4de8-a941-26f02370cd4f/datanode-3/data/ratis/663f71d0-f3af-419d-8529-0b3cf3acb9df/current/log_inprogress_0
2019-10-01 16:35:58,667 [ad71672b-bdb8-4f5c-a4a6-ad3e95c5e3ff@group-2C7751456245-SegmentedRaftLogWorker] INFO  segmented.SegmentedRaftLogWorker (SegmentedRaftLogWorker.java:execute(574)) - ad71672b-bdb8-4f5c-a4a6-ad3e95c5e3ff@group-2C7751456245-SegmentedRaftLogWorker: created new log segment /workdir/hadoop-ozone/integration-test/target/test-dir/MiniOzoneClusterImpl-259b6801-9924-4de8-a941-26f02370cd4f/datanode-4/data/ratis/99e5a523-82bd-417a-af32-2c7751456245/current/log_inprogress_0
2019-10-01 16:35:58,682 [beec12ee-8225-4c25-b602-e038a67ce4ae@group-94DB08224858-SegmentedRaftLogWorker] INFO  segmented.SegmentedRaftLogWorker (SegmentedRaftLogWorker.java:execute(574)) - beec12ee-8225-4c25-b602-e038a67ce4ae@group-94DB08224858-SegmentedRaftLogWorker: created new log segment /workdir/hadoop-ozone/integration-test/target/test-dir/MiniOzoneClusterImpl-259b6801-9924-4de8-a941-26f02370cd4f/datanode-5/data/ratis/c3a2e428-1558-44fa-ab49-94db08224858/current/log_inprogress_0
2019-10-01 16:35:58,683 [Thread-2311] INFO  impl.FollowerState (FollowerState.java:run(108)) - beec12ee-8225-4c25-b602-e038a67ce4ae@group-C7D9B0180F02-FollowerState: change to CANDIDATE, lastRpcTime:5058ms, electionTimeout:5046ms
2019-10-01 16:35:58,683 [Thread-2311] INFO  impl.RoleInfo (RoleInfo.java:shutdownFollowerState(121)) - beec12ee-8225-4c25-b602-e038a67ce4ae: shutdown FollowerState
2019-10-01 16:35:58,683 [Thread-2311] INFO  impl.RaftServerImpl (RaftServerImpl.java:setRole(170)) - beec12ee-8225-4c25-b602-e038a67ce4ae@group-C7D9B0180F02: changes role from  FOLLOWER to CANDIDATE at term 0 for changeToCandidate
2019-10-01 16:35:58,683 [Thread-2311] INFO  impl.RoleInfo (RoleInfo.java:updateAndGet(143)) - beec12ee-8225-4c25-b602-e038a67ce4ae: start LeaderElection
2019-10-01 16:35:58,695 [0fd56af2-5ef7-4b01-b69d-5d005234ed52@group-499883C6FEF0-SegmentedRaftLogWorker] INFO  segmented.SegmentedRaftLogWorker (SegmentedRaftLogWorker.java:execute(574)) - 0fd56af2-5ef7-4b01-b69d-5d005234ed52@group-499883C6FEF0-SegmentedRaftLogWorker: created new log segment /workdir/hadoop-ozone/integration-test/target/test-dir/MiniOzoneClusterImpl-259b6801-9924-4de8-a941-26f02370cd4f/datanode-6/data/ratis/f040ef79-7f1b-4750-9a8f-499883c6fef0/current/log_inprogress_0
2019-10-01 16:35:58,695 [beec12ee-8225-4c25-b602-e038a67ce4ae@group-C7D9B0180F02-LeaderElection65] INFO  impl.LeaderElection (LeaderElection.java:askForVotes(178)) - beec12ee-8225-4c25-b602-e038a67ce4ae@group-C7D9B0180F02-LeaderElection65: begin an election at term 1 for -1: [0fd56af2-5ef7-4b01-b69d-5d005234ed52:192.168.164.234:39874, beec12ee-8225-4c25-b602-e038a67ce4ae:192.168.164.234:42775, 449c838f-f9f2-49a3-8844-d0c1f0f0c29d:192.168.164.234:45172], old=null
2019-10-01 16:35:58,703 [grpc-default-executor-0] INFO  impl.RaftServerImpl (RaftServerImpl.java:setRole(170)) - 449c838f-f9f2-49a3-8844-d0c1f0f0c29d@group-C7D9B0180F02: changes role from  FOLLOWER to FOLLOWER at term 1 for recognizeCandidate:beec12ee-8225-4c25-b602-e038a67ce4ae
2019-10-01 16:35:58,703 [Thread-2314] INFO  impl.FollowerState (FollowerState.java:run(108)) - 0fd56af2-5ef7-4b01-b69d-5d005234ed52@group-C7D9B0180F02-FollowerState: change to CANDIDATE, lastRpcTime:5074ms, electionTimeout:5072ms
2019-10-01 16:35:58,704 [grpc-default-executor-0] INFO  impl.RoleInfo (RoleInfo.java:shutdownFollowerState(121)) - 449c838f-f9f2-49a3-8844-d0c1f0f0c29d: shutdown FollowerState
2019-10-01 16:35:58,705 [Thread-2314] INFO  impl.RoleInfo (RoleInfo.java:shutdownFollowerState(121)) - 0fd56af2-5ef7-4b01-b69d-5d005234ed52: shutdown FollowerState
2019-10-01 16:35:58,706 [grpc-default-executor-0] INFO  impl.RoleInfo (RoleInfo.java:updateAndGet(143)) - 449c838f-f9f2-49a3-8844-d0c1f0f0c29d: start FollowerState
2019-10-01 16:35:58,706 [Thread-2314] INFO  impl.RaftServerImpl (RaftServerImpl.java:setRole(170)) - 0fd56af2-5ef7-4b01-b69d-5d005234ed52@group-C7D9B0180F02: changes role from  FOLLOWER to CANDIDATE at term 0 for changeToCandidate
2019-10-01 16:35:58,706 [Thread-2316] INFO  impl.FollowerState (FollowerState.java:run(117)) - 449c838f-f9f2-49a3-8844-d0c1f0f0c29d@group-C7D9B0180F02-FollowerState was interrupted: java.lang.InterruptedException: sleep interrupted
2019-10-01 16:35:58,706 [Thread-2314] INFO  impl.RoleInfo (RoleInfo.java:updateAndGet(143)) - 0fd56af2-5ef7-4b01-b69d-5d005234ed52: start LeaderElection
2019-10-01 16:35:58,709 [grpc-default-executor-5] INFO  impl.RaftServerImpl (RaftServerImpl.java:setRole(170)) - 0fd56af2-5ef7-4b01-b69d-5d005234ed52@group-C7D9B0180F02: changes role from CANDIDATE to FOLLOWER at term 1 for recognizeCandidate:beec12ee-8225-4c25-b602-e038a67ce4ae
2019-10-01 16:35:58,709 [grpc-default-executor-5] INFO  impl.RoleInfo (RoleInfo.java:shutdownLeaderElection(134)) - 0fd56af2-5ef7-4b01-b69d-5d005234ed52: shutdown LeaderElection
2019-10-01 16:35:58,710 [grpc-default-executor-5] INFO  impl.RoleInfo (RoleInfo.java:updateAndGet(143)) - 0fd56af2-5ef7-4b01-b69d-5d005234ed52: start FollowerState
2019-10-01 16:35:58,724 [beec12ee-8225-4c25-b602-e038a67ce4ae@group-C7D9B0180F02-LeaderElection65] INFO  impl.LeaderElection (LeaderElection.java:logAndReturn(56)) - beec12ee-8225-4c25-b602-e038a67ce4ae@group-C7D9B0180F02-LeaderElection65: Election PASSED; received 2 response(s) [beec12ee-8225-4c25-b602-e038a67ce4ae<-0fd56af2-5ef7-4b01-b69d-5d005234ed52#0:FAIL-t1, beec12ee-8225-4c25-b602-e038a67ce4ae<-449c838f-f9f2-49a3-8844-d0c1f0f0c29d#0:OK-t1] and 0 exception(s); beec12ee-8225-4c25-b602-e038a67ce4ae@group-C7D9B0180F02:t1, leader=null, voted=beec12ee-8225-4c25-b602-e038a67ce4ae, raftlog=beec12ee-8225-4c25-b602-e038a67ce4ae@group-C7D9B0180F02-SegmentedRaftLog:OPENED:c-1,f-1,i0, conf=-1: [0fd56af2-5ef7-4b01-b69d-5d005234ed52:192.168.164.234:39874, beec12ee-8225-4c25-b602-e038a67ce4ae:192.168.164.234:42775, 449c838f-f9f2-49a3-8844-d0c1f0f0c29d:192.168.164.234:45172], old=null
2019-10-01 16:35:58,724 [beec12ee-8225-4c25-b602-e038a67ce4ae@group-C7D9B0180F02-LeaderElection65] INFO  impl.RoleInfo (RoleInfo.java:shutdownLeaderElection(134)) - beec12ee-8225-4c25-b602-e038a67ce4ae: shutdown LeaderElection
2019-10-01 16:35:58,724 [beec12ee-8225-4c25-b602-e038a67ce4ae@group-C7D9B0180F02-LeaderElection65] INFO  impl.RaftServerImpl (RaftServerImpl.java:setRole(170)) - beec12ee-8225-4c25-b602-e038a67ce4ae@group-C7D9B0180F02: changes role from CANDIDATE to LEADER at term 1 for changeToLeader
2019-10-01 16:35:58,725 [beec12ee-8225-4c25-b602-e038a67ce4ae@group-C7D9B0180F02-LeaderElection65] INFO  impl.RaftServerImpl (ServerState.java:setLeader(255)) - beec12ee-8225-4c25-b602-e038a67ce4ae@group-C7D9B0180F02: change Leader from null to beec12ee-8225-4c25-b602-e038a67ce4ae at term 1 for becomeLeader, leader elected after 5110ms
2019-10-01 16:35:58,725 [beec12ee-8225-4c25-b602-e038a67ce4ae@group-C7D9B0180F02-LeaderElection65] INFO  server.RaftServerConfigKeys (ConfUtils.java:logGet(43)) - raft.server.staging.catchup.gap = 1000 (default)
2019-10-01 16:35:58,725 [beec12ee-8225-4c25-b602-e038a67ce4ae@group-C7D9B0180F02-LeaderElection65] INFO  server.RaftServerConfigKeys (ConfUtils.java:logGet(43)) - raft.server.rpc.sleep.time = 25ms (default)
2019-10-01 16:35:58,725 [beec12ee-8225-4c25-b602-e038a67ce4ae@group-C7D9B0180F02-LeaderElection65] INFO  server.RaftServerConfigKeys (ConfUtils.java:logGet(43)) - raft.server.write.element-limit = 4096 (default)
2019-10-01 16:35:58,725 [beec12ee-8225-4c25-b602-e038a67ce4ae@group-C7D9B0180F02-LeaderElection65] INFO  server.RaftServerConfigKeys (ConfUtils.java:logGet(43)) - raft.server.watch.timeout = 10s (default)
2019-10-01 16:35:58,726 [beec12ee-8225-4c25-b602-e038a67ce4ae@group-C7D9B0180F02-LeaderElection65] INFO  server.RaftServerConfigKeys (ConfUtils.java:logGet(43)) - raft.server.watch.timeout.denomination = 1s (default)
2019-10-01 16:35:58,726 [beec12ee-8225-4c25-b602-e038a67ce4ae@group-C7D9B0180F02-LeaderElection65] INFO  server.RaftServerConfigKeys (ConfUtils.java:logGet(43)) - raft.server.watch.element-limit = 65536 (default)
2019-10-01 16:35:58,728 [beec12ee-8225-4c25-b602-e038a67ce4ae@group-C7D9B0180F02-LeaderElection65] INFO  server.RaftServerConfigKeys (ConfUtils.java:logGet(43)) - raft.server.log.appender.snapshot.chunk.size.max = 16MB (=16777216) (default)
2019-10-01 16:35:58,729 [beec12ee-8225-4c25-b602-e038a67ce4ae@group-C7D9B0180F02-LeaderElection65] INFO  server.RaftServerConfigKeys (ConfUtils.java:logGet(43)) - raft.server.log.appender.buffer.byte-limit = 33554432 (custom)
2019-10-01 16:35:58,729 [beec12ee-8225-4c25-b602-e038a67ce4ae@group-C7D9B0180F02-LeaderElection65] INFO  server.RaftServerConfigKeys (ConfUtils.java:logGet(43)) - raft.server.log.appender.buffer.element-limit = 1 (custom)
2019-10-01 16:35:58,730 [beec12ee-8225-4c25-b602-e038a67ce4ae@group-C7D9B0180F02-LeaderElection65] INFO  grpc.GrpcConfigKeys$Server (ConfUtils.java:logGet(43)) - raft.grpc.server.leader.outstanding.appends.max = 128 (default)
2019-10-01 16:35:58,730 [beec12ee-8225-4c25-b602-e038a67ce4ae@group-C7D9B0180F02-LeaderElection65] INFO  server.RaftServerConfigKeys (ConfUtils.java:logGet(43)) - raft.server.rpc.request.timeout = 3000ms (default)
2019-10-01 16:35:58,730 [beec12ee-8225-4c25-b602-e038a67ce4ae@group-C7D9B0180F02-LeaderElection65] INFO  server.RaftServerConfigKeys (ConfUtils.java:logGet(43)) - raft.server.log.appender.install.snapshot.enabled = false (custom)
2019-10-01 16:35:58,730 [beec12ee-8225-4c25-b602-e038a67ce4ae@group-C7D9B0180F02-LeaderElection65] INFO  server.RaftServerConfigKeys (ConfUtils.java:logGet(43)) - raft.server.log.appender.snapshot.chunk.size.max = 16MB (=16777216) (default)
2019-10-01 16:35:58,730 [beec12ee-8225-4c25-b602-e038a67ce4ae@group-C7D9B0180F02-LeaderElection65] INFO  server.RaftServerConfigKeys (ConfUtils.java:logGet(43)) - raft.server.log.appender.buffer.byte-limit = 33554432 (custom)
2019-10-01 16:35:58,731 [beec12ee-8225-4c25-b602-e038a67ce4ae@group-C7D9B0180F02-LeaderElection65] INFO  server.RaftServerConfigKeys (ConfUtils.java:logGet(43)) - raft.server.log.appender.buffer.element-limit = 1 (custom)
2019-10-01 16:35:58,731 [beec12ee-8225-4c25-b602-e038a67ce4ae@group-C7D9B0180F02-LeaderElection65] INFO  grpc.GrpcConfigKeys$Server (ConfUtils.java:logGet(43)) - raft.grpc.server.leader.outstanding.appends.max = 128 (default)
2019-10-01 16:35:58,731 [beec12ee-8225-4c25-b602-e038a67ce4ae@group-C7D9B0180F02-LeaderElection65] INFO  server.RaftServerConfigKeys (ConfUtils.java:logGet(43)) - raft.server.rpc.request.timeout = 3000ms (default)
2019-10-01 16:35:58,731 [beec12ee-8225-4c25-b602-e038a67ce4ae@group-C7D9B0180F02-LeaderElection65] INFO  server.RaftServerConfigKeys (ConfUtils.java:logGet(43)) - raft.server.log.appender.install.snapshot.enabled = false (custom)
2019-10-01 16:35:58,732 [beec12ee-8225-4c25-b602-e038a67ce4ae@group-C7D9B0180F02-LeaderElection65] INFO  impl.RoleInfo (RoleInfo.java:updateAndGet(143)) - beec12ee-8225-4c25-b602-e038a67ce4ae: start LeaderState
2019-10-01 16:35:58,732 [beec12ee-8225-4c25-b602-e038a67ce4ae@group-C7D9B0180F02-LeaderElection65] INFO  segmented.SegmentedRaftLogWorker (SegmentedRaftLogWorker.java:startLogSegment(385)) - beec12ee-8225-4c25-b602-e038a67ce4ae@group-C7D9B0180F02-SegmentedRaftLogWorker: Starting segment from index:0
2019-10-01 16:35:58,733 [beec12ee-8225-4c25-b602-e038a67ce4ae@group-C7D9B0180F02-LeaderElection65] INFO  impl.RaftServerImpl (ServerState.java:setRaftConf(356)) - beec12ee-8225-4c25-b602-e038a67ce4ae@group-C7D9B0180F02: set configuration 0: [0fd56af2-5ef7-4b01-b69d-5d005234ed52:192.168.164.234:39874, beec12ee-8225-4c25-b602-e038a67ce4ae:192.168.164.234:42775, 449c838f-f9f2-49a3-8844-d0c1f0f0c29d:192.168.164.234:45172], old=null at 0
2019-10-01 16:35:58,769 [grpc-default-executor-0] INFO  impl.RaftServerImpl (ServerState.java:setLeader(255)) - 0fd56af2-5ef7-4b01-b69d-5d005234ed52@group-C7D9B0180F02: change Leader from null to beec12ee-8225-4c25-b602-e038a67ce4ae at term 1 for appendEntries, leader elected after 5155ms
2019-10-01 16:35:58,772 [grpc-default-executor-5] INFO  impl.RaftServerImpl (ServerState.java:setLeader(255)) - 449c838f-f9f2-49a3-8844-d0c1f0f0c29d@group-C7D9B0180F02: change Leader from null to beec12ee-8225-4c25-b602-e038a67ce4ae at term 1 for appendEntries, leader elected after 5157ms
2019-10-01 16:35:58,775 [grpc-default-executor-0] INFO  impl.RaftServerImpl (ServerState.java:setRaftConf(356)) - 0fd56af2-5ef7-4b01-b69d-5d005234ed52@group-C7D9B0180F02: set configuration 0: [0fd56af2-5ef7-4b01-b69d-5d005234ed52:192.168.164.234:39874, beec12ee-8225-4c25-b602-e038a67ce4ae:192.168.164.234:42775, 449c838f-f9f2-49a3-8844-d0c1f0f0c29d:192.168.164.234:45172], old=null at 0
2019-10-01 16:35:58,775 [grpc-default-executor-0] INFO  segmented.SegmentedRaftLogWorker (SegmentedRaftLogWorker.java:startLogSegment(385)) - 0fd56af2-5ef7-4b01-b69d-5d005234ed52@group-C7D9B0180F02-SegmentedRaftLogWorker: Starting segment from index:0
2019-10-01 16:35:58,776 [grpc-default-executor-5] INFO  impl.RaftServerImpl (ServerState.java:setRaftConf(356)) - 449c838f-f9f2-49a3-8844-d0c1f0f0c29d@group-C7D9B0180F02: set configuration 0: [0fd56af2-5ef7-4b01-b69d-5d005234ed52:192.168.164.234:39874, beec12ee-8225-4c25-b602-e038a67ce4ae:192.168.164.234:42775, 449c838f-f9f2-49a3-8844-d0c1f0f0c29d:192.168.164.234:45172], old=null at 0
2019-10-01 16:35:58,776 [grpc-default-executor-5] INFO  segmented.SegmentedRaftLogWorker (SegmentedRaftLogWorker.java:startLogSegment(385)) - 449c838f-f9f2-49a3-8844-d0c1f0f0c29d@group-C7D9B0180F02-SegmentedRaftLogWorker: Starting segment from index:0
2019-10-01 16:35:58,781 [beec12ee-8225-4c25-b602-e038a67ce4ae@group-C7D9B0180F02-SegmentedRaftLogWorker] INFO  segmented.SegmentedRaftLogWorker (SegmentedRaftLogWorker.java:execute(574)) - beec12ee-8225-4c25-b602-e038a67ce4ae@group-C7D9B0180F02-SegmentedRaftLogWorker: created new log segment /workdir/hadoop-ozone/integration-test/target/test-dir/MiniOzoneClusterImpl-259b6801-9924-4de8-a941-26f02370cd4f/datanode-5/data/ratis/a58b2fd8-6fd5-4c9e-ab7c-c7d9b0180f02/current/log_inprogress_0
2019-10-01 16:35:58,816 [449c838f-f9f2-49a3-8844-d0c1f0f0c29d@group-C7D9B0180F02-SegmentedRaftLogWorker] INFO  segmented.SegmentedRaftLogWorker (SegmentedRaftLogWorker.java:execute(574)) - 449c838f-f9f2-49a3-8844-d0c1f0f0c29d@group-C7D9B0180F02-SegmentedRaftLogWorker: created new log segment /workdir/hadoop-ozone/integration-test/target/test-dir/MiniOzoneClusterImpl-259b6801-9924-4de8-a941-26f02370cd4f/datanode-3/data/ratis/a58b2fd8-6fd5-4c9e-ab7c-c7d9b0180f02/current/log_inprogress_0
2019-10-01 16:35:58,816 [0fd56af2-5ef7-4b01-b69d-5d005234ed52@group-C7D9B0180F02-SegmentedRaftLogWorker] INFO  segmented.SegmentedRaftLogWorker (SegmentedRaftLogWorker.java:execute(574)) - 0fd56af2-5ef7-4b01-b69d-5d005234ed52@group-C7D9B0180F02-SegmentedRaftLogWorker: created new log segment /workdir/hadoop-ozone/integration-test/target/test-dir/MiniOzoneClusterImpl-259b6801-9924-4de8-a941-26f02370cd4f/datanode-6/data/ratis/a58b2fd8-6fd5-4c9e-ab7c-c7d9b0180f02/current/log_inprogress_0
2019-10-01 16:36:03,432 [Thread-2347] INFO  impl.FollowerState (FollowerState.java:run(108)) - 291b2e89-388f-45b2-9e7b-30bda090654c@group-252D32A25BE8-FollowerState: change to CANDIDATE, lastRpcTime:5019ms, electionTimeout:5007ms
2019-10-01 16:36:03,433 [Thread-2347] INFO  impl.RoleInfo (RoleInfo.java:shutdownFollowerState(121)) - 291b2e89-388f-45b2-9e7b-30bda090654c: shutdown FollowerState
2019-10-01 16:36:03,433 [Thread-2347] INFO  impl.RaftServerImpl (RaftServerImpl.java:setRole(170)) - 291b2e89-388f-45b2-9e7b-30bda090654c@group-252D32A25BE8: changes role from  FOLLOWER to CANDIDATE at term 1 for changeToCandidate
2019-10-01 16:36:03,434 [Thread-2347] INFO  impl.RoleInfo (RoleInfo.java:updateAndGet(143)) - 291b2e89-388f-45b2-9e7b-30bda090654c: start LeaderElection
2019-10-01 16:36:03,452 [291b2e89-388f-45b2-9e7b-30bda090654c@group-252D32A25BE8-LeaderElection67] INFO  impl.LeaderElection (LeaderElection.java:askForVotes(178)) - 291b2e89-388f-45b2-9e7b-30bda090654c@group-252D32A25BE8-LeaderElection67: begin an election at term 2 for -1: [445c4447-2cb9-46a3-8fd7-5428dcf97658:192.168.164.234:40536, 291b2e89-388f-45b2-9e7b-30bda090654c:192.168.164.234:45532, 8ab1db64-65ba-4952-b15a-d3918be8e822:192.168.164.234:43712], old=null
2019-10-01 16:36:03,459 [grpc-default-executor-5] INFO  impl.RaftServerImpl (RaftServerImpl.java:setRole(170)) - 8ab1db64-65ba-4952-b15a-d3918be8e822@group-252D32A25BE8: changes role from  FOLLOWER to FOLLOWER at term 2 for recognizeCandidate:291b2e89-388f-45b2-9e7b-30bda090654c
2019-10-01 16:36:03,459 [grpc-default-executor-0] INFO  impl.RaftServerImpl (RaftServerImpl.java:setRole(170)) - 445c4447-2cb9-46a3-8fd7-5428dcf97658@group-252D32A25BE8: changes role from  FOLLOWER to FOLLOWER at term 2 for recognizeCandidate:291b2e89-388f-45b2-9e7b-30bda090654c
2019-10-01 16:36:03,460 [grpc-default-executor-5] INFO  impl.RoleInfo (RoleInfo.java:shutdownFollowerState(121)) - 8ab1db64-65ba-4952-b15a-d3918be8e822: shutdown FollowerState
2019-10-01 16:36:03,460 [grpc-default-executor-0] INFO  impl.RoleInfo (RoleInfo.java:shutdownFollowerState(121)) - 445c4447-2cb9-46a3-8fd7-5428dcf97658: shutdown FollowerState
2019-10-01 16:36:03,460 [grpc-default-executor-5] INFO  impl.RoleInfo (RoleInfo.java:updateAndGet(143)) - 8ab1db64-65ba-4952-b15a-d3918be8e822: start FollowerState
2019-10-01 16:36:03,460 [Thread-2348] INFO  impl.FollowerState (FollowerState.java:run(117)) - 445c4447-2cb9-46a3-8fd7-5428dcf97658@group-252D32A25BE8-FollowerState was interrupted: java.lang.InterruptedException: sleep interrupted
2019-10-01 16:36:03,460 [Thread-2346] INFO  impl.FollowerState (FollowerState.java:run(117)) - 8ab1db64-65ba-4952-b15a-d3918be8e822@group-252D32A25BE8-FollowerState was interrupted: java.lang.InterruptedException: sleep interrupted
2019-10-01 16:36:03,460 [grpc-default-executor-0] INFO  impl.RoleInfo (RoleInfo.java:updateAndGet(143)) - 445c4447-2cb9-46a3-8fd7-5428dcf97658: start FollowerState
2019-10-01 16:36:03,481 [291b2e89-388f-45b2-9e7b-30bda090654c@group-252D32A25BE8-LeaderElection67] INFO  impl.LeaderElection (LeaderElection.java:logAndReturn(56)) - 291b2e89-388f-45b2-9e7b-30bda090654c@group-252D32A25BE8-LeaderElection67: Election PASSED; received 1 response(s) [291b2e89-388f-45b2-9e7b-30bda090654c<-445c4447-2cb9-46a3-8fd7-5428dcf97658#0:OK-t2] and 0 exception(s); 291b2e89-388f-45b2-9e7b-30bda090654c@group-252D32A25BE8:t2, leader=null, voted=291b2e89-388f-45b2-9e7b-30bda090654c, raftlog=291b2e89-388f-45b2-9e7b-30bda090654c@group-252D32A25BE8-SegmentedRaftLog:OPENED:c-1,f-1,i0, conf=-1: [445c4447-2cb9-46a3-8fd7-5428dcf97658:192.168.164.234:40536, 291b2e89-388f-45b2-9e7b-30bda090654c:192.168.164.234:45532, 8ab1db64-65ba-4952-b15a-d3918be8e822:192.168.164.234:43712], old=null
2019-10-01 16:36:03,482 [291b2e89-388f-45b2-9e7b-30bda090654c@group-252D32A25BE8-LeaderElection67] INFO  impl.RoleInfo (RoleInfo.java:shutdownLeaderElection(134)) - 291b2e89-388f-45b2-9e7b-30bda090654c: shutdown LeaderElection
2019-10-01 16:36:03,482 [291b2e89-388f-45b2-9e7b-30bda090654c@group-252D32A25BE8-LeaderElection67] INFO  impl.RaftServerImpl (RaftServerImpl.java:setRole(170)) - 291b2e89-388f-45b2-9e7b-30bda090654c@group-252D32A25BE8: changes role from CANDIDATE to LEADER at term 2 for changeToLeader
2019-10-01 16:36:03,482 [291b2e89-388f-45b2-9e7b-30bda090654c@group-252D32A25BE8-LeaderElection67] INFO  impl.RaftServerImpl (ServerState.java:setLeader(255)) - 291b2e89-388f-45b2-9e7b-30bda090654c@group-252D32A25BE8: change Leader from null to 291b2e89-388f-45b2-9e7b-30bda090654c at term 2 for becomeLeader, leader elected after 10139ms
2019-10-01 16:36:03,482 [291b2e89-388f-45b2-9e7b-30bda090654c@group-252D32A25BE8-LeaderElection67] INFO  server.RaftServerConfigKeys (ConfUtils.java:logGet(43)) - raft.server.staging.catchup.gap = 1000 (default)
2019-10-01 16:36:03,483 [291b2e89-388f-45b2-9e7b-30bda090654c@group-252D32A25BE8-LeaderElection67] INFO  server.RaftServerConfigKeys (ConfUtils.java:logGet(43)) - raft.server.rpc.sleep.time = 25ms (default)
2019-10-01 16:36:03,483 [291b2e89-388f-45b2-9e7b-30bda090654c@group-252D32A25BE8-LeaderElection67] INFO  server.RaftServerConfigKeys (ConfUtils.java:logGet(43)) - raft.server.write.element-limit = 4096 (default)
2019-10-01 16:36:03,483 [291b2e89-388f-45b2-9e7b-30bda090654c@group-252D32A25BE8-LeaderElection67] INFO  server.RaftServerConfigKeys (ConfUtils.java:logGet(43)) - raft.server.watch.timeout = 10s (default)
2019-10-01 16:36:03,483 [291b2e89-388f-45b2-9e7b-30bda090654c@group-252D32A25BE8-LeaderElection67] INFO  server.RaftServerConfigKeys (ConfUtils.java:logGet(43)) - raft.server.watch.timeout.denomination = 1s (default)
2019-10-01 16:36:03,484 [291b2e89-388f-45b2-9e7b-30bda090654c@group-252D32A25BE8-LeaderElection67] INFO  server.RaftServerConfigKeys (ConfUtils.java:logGet(43)) - raft.server.watch.element-limit = 65536 (default)
2019-10-01 16:36:03,488 [291b2e89-388f-45b2-9e7b-30bda090654c@group-252D32A25BE8-LeaderElection67] INFO  server.RaftServerConfigKeys (ConfUtils.java:logGet(43)) - raft.server.log.appender.snapshot.chunk.size.max = 16MB (=16777216) (default)
2019-10-01 16:36:03,488 [291b2e89-388f-45b2-9e7b-30bda090654c@group-252D32A25BE8-LeaderElection67] INFO  server.RaftServerConfigKeys (ConfUtils.java:logGet(43)) - raft.server.log.appender.buffer.byte-limit = 33554432 (custom)
2019-10-01 16:36:03,488 [291b2e89-388f-45b2-9e7b-30bda090654c@group-252D32A25BE8-LeaderElection67] INFO  server.RaftServerConfigKeys (ConfUtils.java:logGet(43)) - raft.server.log.appender.buffer.element-limit = 1 (custom)
2019-10-01 16:36:03,488 [291b2e89-388f-45b2-9e7b-30bda090654c@group-252D32A25BE8-LeaderElection67] INFO  grpc.GrpcConfigKeys$Server (ConfUtils.java:logGet(43)) - raft.grpc.server.leader.outstanding.appends.max = 128 (default)
2019-10-01 16:36:03,489 [291b2e89-388f-45b2-9e7b-30bda090654c@group-252D32A25BE8-LeaderElection67] INFO  server.RaftServerConfigKeys (ConfUtils.java:logGet(43)) - raft.server.rpc.request.timeout = 3000ms (default)
2019-10-01 16:36:03,489 [291b2e89-388f-45b2-9e7b-30bda090654c@group-252D32A25BE8-LeaderElection67] INFO  server.RaftServerConfigKeys (ConfUtils.java:logGet(43)) - raft.server.log.appender.install.snapshot.enabled = false (custom)
2019-10-01 16:36:03,489 [291b2e89-388f-45b2-9e7b-30bda090654c@group-252D32A25BE8-LeaderElection67] INFO  server.RaftServerConfigKeys (ConfUtils.java:logGet(43)) - raft.server.log.appender.snapshot.chunk.size.max = 16MB (=16777216) (default)
2019-10-01 16:36:03,489 [291b2e89-388f-45b2-9e7b-30bda090654c@group-252D32A25BE8-LeaderElection67] INFO  server.RaftServerConfigKeys (ConfUtils.java:logGet(43)) - raft.server.log.appender.buffer.byte-limit = 33554432 (custom)
2019-10-01 16:36:03,490 [291b2e89-388f-45b2-9e7b-30bda090654c@group-252D32A25BE8-LeaderElection67] INFO  server.RaftServerConfigKeys (ConfUtils.java:logGet(43)) - raft.server.log.appender.buffer.element-limit = 1 (custom)
2019-10-01 16:36:03,490 [291b2e89-388f-45b2-9e7b-30bda090654c@group-252D32A25BE8-LeaderElection67] INFO  grpc.GrpcConfigKeys$Server (ConfUtils.java:logGet(43)) - raft.grpc.server.leader.outstanding.appends.max = 128 (default)
2019-10-01 16:36:03,490 [291b2e89-388f-45b2-9e7b-30bda090654c@group-252D32A25BE8-LeaderElection67] INFO  server.RaftServerConfigKeys (ConfUtils.java:logGet(43)) - raft.server.rpc.request.timeout = 3000ms (default)
2019-10-01 16:36:03,490 [291b2e89-388f-45b2-9e7b-30bda090654c@group-252D32A25BE8-LeaderElection67] INFO  server.RaftServerConfigKeys (ConfUtils.java:logGet(43)) - raft.server.log.appender.install.snapshot.enabled = false (custom)
2019-10-01 16:36:03,491 [291b2e89-388f-45b2-9e7b-30bda090654c@group-252D32A25BE8-LeaderElection67] INFO  impl.RoleInfo (RoleInfo.java:updateAndGet(143)) - 291b2e89-388f-45b2-9e7b-30bda090654c: start LeaderState
2019-10-01 16:36:03,491 [291b2e89-388f-45b2-9e7b-30bda090654c@group-252D32A25BE8-LeaderElection67] INFO  segmented.SegmentedRaftLogWorker (SegmentedRaftLogWorker.java:startLogSegment(385)) - 291b2e89-388f-45b2-9e7b-30bda090654c@group-252D32A25BE8-SegmentedRaftLogWorker: Starting segment from index:0
2019-10-01 16:36:03,492 [291b2e89-388f-45b2-9e7b-30bda090654c@group-252D32A25BE8-LeaderElection67] INFO  impl.RaftServerImpl (ServerState.java:setRaftConf(356)) - 291b2e89-388f-45b2-9e7b-30bda090654c@group-252D32A25BE8: set configuration 0: [445c4447-2cb9-46a3-8fd7-5428dcf97658:192.168.164.234:40536, 291b2e89-388f-45b2-9e7b-30bda090654c:192.168.164.234:45532, 8ab1db64-65ba-4952-b15a-d3918be8e822:192.168.164.234:43712], old=null at 0
2019-10-01 16:36:03,510 [grpc-default-executor-0] INFO  impl.RaftServerImpl (ServerState.java:setLeader(255)) - 445c4447-2cb9-46a3-8fd7-5428dcf97658@group-252D32A25BE8: change Leader from null to 291b2e89-388f-45b2-9e7b-30bda090654c at term 2 for appendEntries, leader elected after 10167ms
2019-10-01 16:36:03,513 [grpc-default-executor-5] INFO  impl.RaftServerImpl (ServerState.java:setLeader(255)) - 8ab1db64-65ba-4952-b15a-d3918be8e822@group-252D32A25BE8: change Leader from null to 291b2e89-388f-45b2-9e7b-30bda090654c at term 2 for appendEntries, leader elected after 10170ms
2019-10-01 16:36:03,516 [grpc-default-executor-0] INFO  impl.RaftServerImpl (ServerState.java:setRaftConf(356)) - 445c4447-2cb9-46a3-8fd7-5428dcf97658@group-252D32A25BE8: set configuration 0: [445c4447-2cb9-46a3-8fd7-5428dcf97658:192.168.164.234:40536, 291b2e89-388f-45b2-9e7b-30bda090654c:192.168.164.234:45532, 8ab1db64-65ba-4952-b15a-d3918be8e822:192.168.164.234:43712], old=null at 0
2019-10-01 16:36:03,516 [grpc-default-executor-0] INFO  segmented.SegmentedRaftLogWorker (SegmentedRaftLogWorker.java:startLogSegment(385)) - 445c4447-2cb9-46a3-8fd7-5428dcf97658@group-252D32A25BE8-SegmentedRaftLogWorker: Starting segment from index:0
2019-10-01 16:36:03,516 [grpc-default-executor-5] INFO  impl.RaftServerImpl (ServerState.java:setRaftConf(356)) - 8ab1db64-65ba-4952-b15a-d3918be8e822@group-252D32A25BE8: set configuration 0: [445c4447-2cb9-46a3-8fd7-5428dcf97658:192.168.164.234:40536, 291b2e89-388f-45b2-9e7b-30bda090654c:192.168.164.234:45532, 8ab1db64-65ba-4952-b15a-d3918be8e822:192.168.164.234:43712], old=null at 0
2019-10-01 16:36:03,517 [grpc-default-executor-5] INFO  segmented.SegmentedRaftLogWorker (SegmentedRaftLogWorker.java:startLogSegment(385)) - 8ab1db64-65ba-4952-b15a-d3918be8e822@group-252D32A25BE8-SegmentedRaftLogWorker: Starting segment from index:0
2019-10-01 16:36:03,521 [291b2e89-388f-45b2-9e7b-30bda090654c@group-252D32A25BE8-SegmentedRaftLogWorker] INFO  segmented.SegmentedRaftLogWorker (SegmentedRaftLogWorker.java:execute(574)) - 291b2e89-388f-45b2-9e7b-30bda090654c@group-252D32A25BE8-SegmentedRaftLogWorker: created new log segment /workdir/hadoop-ozone/integration-test/target/test-dir/MiniOzoneClusterImpl-259b6801-9924-4de8-a941-26f02370cd4f/datanode-2/data/ratis/95036835-98d0-4a7f-b6e8-252d32a25be8/current/log_inprogress_0
2019-10-01 16:36:03,533 [445c4447-2cb9-46a3-8fd7-5428dcf97658@group-252D32A25BE8-SegmentedRaftLogWorker] INFO  segmented.SegmentedRaftLogWorker (SegmentedRaftLogWorker.java:execute(574)) - 445c4447-2cb9-46a3-8fd7-5428dcf97658@group-252D32A25BE8-SegmentedRaftLogWorker: created new log segment /workdir/hadoop-ozone/integration-test/target/test-dir/MiniOzoneClusterImpl-259b6801-9924-4de8-a941-26f02370cd4f/datanode-0/data/ratis/95036835-98d0-4a7f-b6e8-252d32a25be8/current/log_inprogress_0
2019-10-01 16:36:03,535 [8ab1db64-65ba-4952-b15a-d3918be8e822@group-252D32A25BE8-SegmentedRaftLogWorker] INFO  segmented.SegmentedRaftLogWorker (SegmentedRaftLogWorker.java:execute(574)) - 8ab1db64-65ba-4952-b15a-d3918be8e822@group-252D32A25BE8-SegmentedRaftLogWorker: created new log segment /workdir/hadoop-ozone/integration-test/target/test-dir/MiniOzoneClusterImpl-259b6801-9924-4de8-a941-26f02370cd4f/datanode-1/data/ratis/95036835-98d0-4a7f-b6e8-252d32a25be8/current/log_inprogress_0
2019-10-01 16:36:08,884 [Datanode State Machine Thread - 0] INFO  statemachine.DatanodeStateMachine (DatanodeStateMachine.java:lambda$startDaemon$0(350)) - Ozone container server started.
2019-10-01 16:36:08,884 [main] INFO  ozoneimpl.OzoneContainer (OzoneContainer.java:stop(231)) - Attempting to stop container services.
2019-10-01 16:36:08,885 [main] INFO  impl.RaftServerProxy (RaftServerProxy.java:lambda$close$4(314)) - 291b2e89-388f-45b2-9e7b-30bda090654c: close
2019-10-01 16:36:08,886 [main] INFO  impl.RaftServerImpl (RaftServerImpl.java:lambda$shutdown$3(247)) - 291b2e89-388f-45b2-9e7b-30bda090654c@group-252D32A25BE8: shutdown
2019-10-01 16:36:08,886 [ForkJoinPool.commonPool-worker-0] INFO  impl.RaftServerImpl (RaftServerImpl.java:lambda$shutdown$3(247)) - 291b2e89-388f-45b2-9e7b-30bda090654c@group-655767F060B8: shutdown
2019-10-01 16:36:08,887 [main] INFO  util.JmxRegister (JmxRegister.java:unregister(73)) - Successfully un-registered JMX Bean with object name Ratis:service=RaftServer,group=group-252D32A25BE8,id=291b2e89-388f-45b2-9e7b-30bda090654c
2019-10-01 16:36:08,887 [ForkJoinPool.commonPool-worker-0] INFO  util.JmxRegister (JmxRegister.java:unregister(73)) - Successfully un-registered JMX Bean with object name Ratis:service=RaftServer,group=group-655767F060B8,id=291b2e89-388f-45b2-9e7b-30bda090654c
2019-10-01 16:36:08,887 [main] INFO  impl.RoleInfo (RoleInfo.java:shutdownLeaderState(104)) - 291b2e89-388f-45b2-9e7b-30bda090654c: shutdown LeaderState
2019-10-01 16:36:08,887 [ForkJoinPool.commonPool-worker-0] INFO  impl.RoleInfo (RoleInfo.java:shutdownLeaderState(104)) - 291b2e89-388f-45b2-9e7b-30bda090654c: shutdown LeaderState
2019-10-01 16:36:08,895 [main] INFO  impl.PendingRequests (PendingRequests.java:sendNotLeaderResponses(202)) - 291b2e89-388f-45b2-9e7b-30bda090654c@group-252D32A25BE8-PendingRequests: sendNotLeaderResponses
2019-10-01 16:36:08,895 [org.apache.ratis.server.impl.LogAppender$AppenderDaemon$$Lambda$516/1460984676@41eb4df4] WARN  server.GrpcLogAppender (GrpcLogAppender.java:mayWait(143)) - 291b2e89-388f-45b2-9e7b-30bda090654c@group-252D32A25BE8->445c4447-2cb9-46a3-8fd7-5428dcf97658-GrpcLogAppender: Wait interrupted by java.lang.InterruptedException
2019-10-01 16:36:08,895 [ForkJoinPool.commonPool-worker-0] INFO  impl.PendingRequests (PendingRequests.java:sendNotLeaderResponses(202)) - 291b2e89-388f-45b2-9e7b-30bda090654c@group-655767F060B8-PendingRequests: sendNotLeaderResponses
2019-10-01 16:36:08,895 [org.apache.ratis.server.impl.LogAppender$AppenderDaemon$$Lambda$516/1460984676@42ba57f4] WARN  server.GrpcLogAppender (GrpcLogAppender.java:mayWait(143)) - 291b2e89-388f-45b2-9e7b-30bda090654c@group-252D32A25BE8->8ab1db64-65ba-4952-b15a-d3918be8e822-GrpcLogAppender: Wait interrupted by java.lang.InterruptedException
2019-10-01 16:36:08,910 [ForkJoinPool.commonPool-worker-0] INFO  impl.StateMachineUpdater (StateMachineUpdater.java:stopAndJoin(136)) - 291b2e89-388f-45b2-9e7b-30bda090654c@group-655767F060B8-StateMachineUpdater: set stopIndex = 0
2019-10-01 16:36:08,910 [main] INFO  impl.StateMachineUpdater (StateMachineUpdater.java:stopAndJoin(136)) - 291b2e89-388f-45b2-9e7b-30bda090654c@group-252D32A25BE8-StateMachineUpdater: set stopIndex = 2
2019-10-01 16:36:08,910 [grpc-default-executor-0] INFO  server.GrpcServerProtocolService (GrpcServerProtocolService.java:onCompleted(113)) - 8ab1db64-65ba-4952-b15a-d3918be8e822: Completed APPEND_ENTRIES, lastRequest: 291b2e89-388f-45b2-9e7b-30bda090654c->8ab1db64-65ba-4952-b15a-d3918be8e822#5-t2, previous=(t:2, i:2), leaderCommit=2, initializing? false, entries: <empty>
2019-10-01 16:36:08,910 [grpc-default-executor-5] INFO  server.GrpcServerProtocolService (GrpcServerProtocolService.java:onCompleted(113)) - 445c4447-2cb9-46a3-8fd7-5428dcf97658: Completed APPEND_ENTRIES, lastRequest: 291b2e89-388f-45b2-9e7b-30bda090654c->445c4447-2cb9-46a3-8fd7-5428dcf97658#5-t2, previous=(t:2, i:2), leaderCommit=2, initializing? false, entries: <empty>
2019-10-01 16:36:08,910 [291b2e89-388f-45b2-9e7b-30bda090654c@group-252D32A25BE8-StateMachineUpdater] INFO  ratis.ContainerStateMachine (ContainerStateMachine.java:takeSnapshot(289)) - group-252D32A25BE8: Taking a snapshot at:(t:2, i:2) file /workdir/hadoop-ozone/integration-test/target/test-dir/MiniOzoneClusterImpl-259b6801-9924-4de8-a941-26f02370cd4f/datanode-2/data/ratis/95036835-98d0-4a7f-b6e8-252d32a25be8/sm/snapshot.2_2
2019-10-01 16:36:08,911 [ForkJoinPool.commonPool-worker-0] INFO  impl.RaftServerImpl (ServerState.java:close(387)) - 291b2e89-388f-45b2-9e7b-30bda090654c@group-655767F060B8: closes. applyIndex: 0
2019-10-01 16:36:08,911 [grpc-default-executor-0] INFO  server.GrpcLogAppender (GrpcLogAppender.java:onCompleted(293)) - 291b2e89-388f-45b2-9e7b-30bda090654c@group-252D32A25BE8->445c4447-2cb9-46a3-8fd7-5428dcf97658-AppendLogResponseHandler: follower responses appendEntries COMPLETED
2019-10-01 16:36:08,912 [291b2e89-388f-45b2-9e7b-30bda090654c@group-655767F060B8-SegmentedRaftLogWorker] INFO  segmented.SegmentedRaftLogWorker (SegmentedRaftLogWorker.java:run(316)) - 291b2e89-388f-45b2-9e7b-30bda090654c@group-655767F060B8-SegmentedRaftLogWorker was interrupted, exiting. There are 0 tasks remaining in the queue.
2019-10-01 16:36:08,912 [grpc-default-executor-5] INFO  server.GrpcLogAppender (GrpcLogAppender.java:onCompleted(293)) - 291b2e89-388f-45b2-9e7b-30bda090654c@group-252D32A25BE8->8ab1db64-65ba-4952-b15a-d3918be8e822-AppendLogResponseHandler: follower responses appendEntries COMPLETED
2019-10-01 16:36:08,916 [grpc-default-executor-0] INFO  impl.FollowerInfo (FollowerInfo.java:lambda$new$0(51)) - 291b2e89-388f-45b2-9e7b-30bda090654c@group-252D32A25BE8->445c4447-2cb9-46a3-8fd7-5428dcf97658: nextIndex: updateUnconditionally 3 -> 2
2019-10-01 16:36:08,916 [grpc-default-executor-5] INFO  impl.FollowerInfo (FollowerInfo.java:lambda$new$0(51)) - 291b2e89-388f-45b2-9e7b-30bda090654c@group-252D32A25BE8->8ab1db64-65ba-4952-b15a-d3918be8e822: nextIndex: updateUnconditionally 3 -> 2
2019-10-01 16:36:08,923 [ForkJoinPool.commonPool-worker-0] INFO  segmented.SegmentedRaftLogWorker (SegmentedRaftLogWorker.java:close(224)) - 291b2e89-388f-45b2-9e7b-30bda090654c@group-655767F060B8-SegmentedRaftLogWorker close()
2019-10-01 16:36:08,924 [291b2e89-388f-45b2-9e7b-30bda090654c@group-252D32A25BE8-StateMachineUpdater] INFO  ratis.ContainerStateMachine (ContainerStateMachine.java:takeSnapshot(300)) - group-252D32A25BE8: Finished taking a snapshot at:(t:2, i:2) file:/workdir/hadoop-ozone/integration-test/target/test-dir/MiniOzoneClusterImpl-259b6801-9924-4de8-a941-26f02370cd4f/datanode-2/data/ratis/95036835-98d0-4a7f-b6e8-252d32a25be8/sm/snapshot.2_2 time:14
2019-10-01 16:36:08,925 [291b2e89-388f-45b2-9e7b-30bda090654c@group-252D32A25BE8-StateMachineUpdater] INFO  impl.StateMachineUpdater (StateMachineUpdater.java:takeSnapshot(269)) - 291b2e89-388f-45b2-9e7b-30bda090654c@group-252D32A25BE8-StateMachineUpdater: Took a snapshot at index 2
2019-10-01 16:36:08,925 [291b2e89-388f-45b2-9e7b-30bda090654c@group-252D32A25BE8-StateMachineUpdater] INFO  impl.StateMachineUpdater (StateMachineUpdater.java:lambda$new$0(84)) - 291b2e89-388f-45b2-9e7b-30bda090654c@group-252D32A25BE8-StateMachineUpdater: snapshotIndex: updateIncreasingly -1 -> 2
2019-10-01 16:36:08,925 [main] INFO  impl.RaftServerImpl (ServerState.java:close(387)) - 291b2e89-388f-45b2-9e7b-30bda090654c@group-252D32A25BE8: closes. applyIndex: 2
2019-10-01 16:36:08,926 [291b2e89-388f-45b2-9e7b-30bda090654c@group-252D32A25BE8-SegmentedRaftLogWorker] INFO  segmented.SegmentedRaftLogWorker (SegmentedRaftLogWorker.java:run(316)) - 291b2e89-388f-45b2-9e7b-30bda090654c@group-252D32A25BE8-SegmentedRaftLogWorker was interrupted, exiting. There are 0 tasks remaining in the queue.
2019-10-01 16:36:08,928 [main] INFO  segmented.SegmentedRaftLogWorker (SegmentedRaftLogWorker.java:close(224)) - 291b2e89-388f-45b2-9e7b-30bda090654c@group-252D32A25BE8-SegmentedRaftLogWorker close()
2019-10-01 16:36:08,933 [main] INFO  server.GrpcService (GrpcService.java:closeImpl(164)) - 291b2e89-388f-45b2-9e7b-30bda090654c: shutdown server with port 45532 now
2019-10-01 16:36:08,934 [main] INFO  server.GrpcService (GrpcService.java:closeImpl(172)) - 291b2e89-388f-45b2-9e7b-30bda090654c: shutdown server with port 45532 successfully
2019-10-01 16:36:08,938 [refreshUsed-/workdir/hadoop-ozone/integration-test/target/test-dir/MiniOzoneClusterImpl-259b6801-9924-4de8-a941-26f02370cd4f/datanode-2/data/containers] WARN  fs.CachingGetSpaceUsed (CachingGetSpaceUsed.java:run(183)) - Thread Interrupted waiting to refresh disk information: sleep interrupted
2019-10-01 16:36:08,956 [main] INFO  utils.BackgroundService (BackgroundService.java:shutdown(148)) - Shutting down service BlockDeletingService
2019-10-01 16:36:08,963 [main] INFO  statemachine.DatanodeStateMachine (DatanodeStateMachine.java:stopDaemon(395)) - Ozone container server stopped.
2019-10-01 16:36:08,964 [main] INFO  handler.ContextHandler (ContextHandler.java:doStop(910)) - Stopped o.e.j.w.WebAppContext@34279b8a{/,null,UNAVAILABLE}{/hddsDatanode}
2019-10-01 16:36:08,965 [main] INFO  server.AbstractConnector (AbstractConnector.java:doStop(318)) - Stopped ServerConnector@687389a6{HTTP/1.1,[http/1.1]}{0.0.0.0:0}
2019-10-01 16:36:08,966 [main] INFO  handler.ContextHandler (ContextHandler.java:doStop(910)) - Stopped o.e.j.s.ServletContextHandler@45037e16{/static,jar:file:/home/user/.m2/repository/org/apache/hadoop/hadoop-hdds-container-service/0.5.0-SNAPSHOT/hadoop-hdds-container-service-0.5.0-SNAPSHOT.jar!/webapps/static,UNAVAILABLE}
2019-10-01 16:36:08,966 [main] INFO  handler.ContextHandler (ContextHandler.java:doStop(910)) - Stopped o.e.j.s.ServletContextHandler@61359e87{/logs,file:///workdir/hadoop-ozone/integration-test/target/log,UNAVAILABLE}
2019-10-01 16:36:18,693 [Thread-2387] INFO  impl.FollowerState (FollowerState.java:run(108)) - 8ab1db64-65ba-4952-b15a-d3918be8e822@group-252D32A25BE8-FollowerState: change to CANDIDATE, lastRpcTime:9885ms, electionTimeout:5083ms
2019-10-01 16:36:18,694 [Thread-2387] INFO  impl.RoleInfo (RoleInfo.java:shutdownFollowerState(121)) - 8ab1db64-65ba-4952-b15a-d3918be8e822: shutdown FollowerState
2019-10-01 16:36:18,694 [Thread-2387] INFO  impl.RaftServerImpl (RaftServerImpl.java:setRole(170)) - 8ab1db64-65ba-4952-b15a-d3918be8e822@group-252D32A25BE8: changes role from  FOLLOWER to CANDIDATE at term 2 for changeToCandidate
2019-10-01 16:36:18,694 [Thread-2387] INFO  impl.RoleInfo (RoleInfo.java:updateAndGet(143)) - 8ab1db64-65ba-4952-b15a-d3918be8e822: start LeaderElection
2019-10-01 16:36:18,699 [8ab1db64-65ba-4952-b15a-d3918be8e822@group-252D32A25BE8-LeaderElection68] INFO  impl.RaftServerImpl (ServerState.java:setLeader(255)) - 8ab1db64-65ba-4952-b15a-d3918be8e822@group-252D32A25BE8: change Leader from 291b2e89-388f-45b2-9e7b-30bda090654c to null at term 2 for initElection
2019-10-01 16:36:18,712 [8ab1db64-65ba-4952-b15a-d3918be8e822@group-252D32A25BE8-LeaderElection68] INFO  impl.LeaderElection (LeaderElection.java:askForVotes(178)) - 8ab1db64-65ba-4952-b15a-d3918be8e822@group-252D32A25BE8-LeaderElection68: begin an election at term 3 for 0: [445c4447-2cb9-46a3-8fd7-5428dcf97658:192.168.164.234:40536, 291b2e89-388f-45b2-9e7b-30bda090654c:192.168.164.234:45532, 8ab1db64-65ba-4952-b15a-d3918be8e822:192.168.164.234:43712], old=null
2019-10-01 16:36:18,716 [8ab1db64-65ba-4952-b15a-d3918be8e822@group-252D32A25BE8-LeaderElection68] INFO  impl.LeaderElection (LogUtils.java:infoOrTrace(149)) - 8ab1db64-65ba-4952-b15a-d3918be8e822@group-252D32A25BE8-LeaderElection68 got exception when requesting votes: {}
java.util.concurrent.ExecutionException: org.apache.ratis.thirdparty.io.grpc.StatusRuntimeException: UNAVAILABLE: io exception
	at java.util.concurrent.FutureTask.report(FutureTask.java:122)
	at java.util.concurrent.FutureTask.get(FutureTask.java:192)
	at org.apache.ratis.server.impl.LeaderElection.waitForResults(LeaderElection.java:259)
	at org.apache.ratis.server.impl.LeaderElection.askForVotes(LeaderElection.java:197)
	at org.apache.ratis.server.impl.LeaderElection.run(LeaderElection.java:133)
	at java.lang.Thread.run(Thread.java:748)
Caused by: org.apache.ratis.thirdparty.io.grpc.StatusRuntimeException: UNAVAILABLE: io exception
	at org.apache.ratis.thirdparty.io.grpc.stub.ClientCalls.toStatusRuntimeException(ClientCalls.java:233)
	at org.apache.ratis.thirdparty.io.grpc.stub.ClientCalls.getUnchecked(ClientCalls.java:214)
	at org.apache.ratis.thirdparty.io.grpc.stub.ClientCalls.blockingUnaryCall(ClientCalls.java:139)
	at org.apache.ratis.proto.grpc.RaftServerProtocolServiceGrpc$RaftServerProtocolServiceBlockingStub.requestVote(RaftServerProtocolServiceGrpc.java:265)
	at org.apache.ratis.grpc.server.GrpcServerProtocolClient.requestVote(GrpcServerProtocolClient.java:99)
	at org.apache.ratis.grpc.server.GrpcService.requestVote(GrpcService.java:204)
	at org.apache.ratis.server.impl.LeaderElection.lambda$submitRequests$1(LeaderElection.java:234)
	at java.util.concurrent.FutureTask.run(FutureTask.java:266)
	at java.util.concurrent.Executors$RunnableAdapter.call(Executors.java:511)
	at java.util.concurrent.FutureTask.run(FutureTask.java:266)
	at java.util.concurrent.ThreadPoolExecutor.runWorker(ThreadPoolExecutor.java:1149)
	at java.util.concurrent.ThreadPoolExecutor$Worker.run(ThreadPoolExecutor.java:624)
	... 1 more
Caused by: org.apache.ratis.thirdparty.io.netty.channel.AbstractChannel$AnnotatedConnectException: Connection refused: /192.168.164.234:45532
	at sun.nio.ch.SocketChannelImpl.checkConnect(Native Method)
	at sun.nio.ch.SocketChannelImpl.finishConnect(SocketChannelImpl.java:717)
	at org.apache.ratis.thirdparty.io.netty.channel.socket.nio.NioSocketChannel.doFinishConnect(NioSocketChannel.java:327)
	at org.apache.ratis.thirdparty.io.netty.channel.nio.AbstractNioChannel$AbstractNioUnsafe.finishConnect(AbstractNioChannel.java:340)
	at org.apache.ratis.thirdparty.io.netty.channel.nio.NioEventLoop.processSelectedKey(NioEventLoop.java:632)
	at org.apache.ratis.thirdparty.io.netty.channel.nio.NioEventLoop.processSelectedKeysOptimized(NioEventLoop.java:579)
	at org.apache.ratis.thirdparty.io.netty.channel.nio.NioEventLoop.processSelectedKeys(NioEventLoop.java:496)
	at org.apache.ratis.thirdparty.io.netty.channel.nio.NioEventLoop.run(NioEventLoop.java:458)
	at org.apache.ratis.thirdparty.io.netty.util.concurrent.SingleThreadEventExecutor$5.run(SingleThreadEventExecutor.java:897)
	at org.apache.ratis.thirdparty.io.netty.util.concurrent.FastThreadLocalRunnable.run(FastThreadLocalRunnable.java:30)
	... 1 more
Caused by: java.net.ConnectException: Connection refused
	... 11 more
2019-10-01 16:36:18,720 [grpc-default-executor-0] INFO  impl.RaftServerImpl (ServerState.java:setLeader(255)) - 445c4447-2cb9-46a3-8fd7-5428dcf97658@group-252D32A25BE8: change Leader from 291b2e89-388f-45b2-9e7b-30bda090654c to null at term 3 for updateCurrentTerm
2019-10-01 16:36:18,720 [grpc-default-executor-0] INFO  impl.RaftServerImpl (RaftServerImpl.java:setRole(170)) - 445c4447-2cb9-46a3-8fd7-5428dcf97658@group-252D32A25BE8: changes role from  FOLLOWER to FOLLOWER at term 3 for recognizeCandidate:8ab1db64-65ba-4952-b15a-d3918be8e822
2019-10-01 16:36:18,721 [grpc-default-executor-0] INFO  impl.RoleInfo (RoleInfo.java:shutdownFollowerState(121)) - 445c4447-2cb9-46a3-8fd7-5428dcf97658: shutdown FollowerState
2019-10-01 16:36:18,721 [grpc-default-executor-0] INFO  impl.RoleInfo (RoleInfo.java:updateAndGet(143)) - 445c4447-2cb9-46a3-8fd7-5428dcf97658: start FollowerState
2019-10-01 16:36:18,721 [Thread-2388] INFO  impl.FollowerState (FollowerState.java:run(117)) - 445c4447-2cb9-46a3-8fd7-5428dcf97658@group-252D32A25BE8-FollowerState was interrupted: java.lang.InterruptedException: sleep interrupted
2019-10-01 16:36:18,738 [8ab1db64-65ba-4952-b15a-d3918be8e822@group-252D32A25BE8-LeaderElection68] INFO  impl.LeaderElection (LeaderElection.java:logAndReturn(56)) - 8ab1db64-65ba-4952-b15a-d3918be8e822@group-252D32A25BE8-LeaderElection68: Election PASSED; received 1 response(s) [8ab1db64-65ba-4952-b15a-d3918be8e822<-445c4447-2cb9-46a3-8fd7-5428dcf97658#0:OK-t3] and 1 exception(s); 8ab1db64-65ba-4952-b15a-d3918be8e822@group-252D32A25BE8:t3, leader=null, voted=8ab1db64-65ba-4952-b15a-d3918be8e822, raftlog=8ab1db64-65ba-4952-b15a-d3918be8e822@group-252D32A25BE8-SegmentedRaftLog:OPENED:c2,f2,i2, conf=0: [445c4447-2cb9-46a3-8fd7-5428dcf97658:192.168.164.234:40536, 291b2e89-388f-45b2-9e7b-30bda090654c:192.168.164.234:45532, 8ab1db64-65ba-4952-b15a-d3918be8e822:192.168.164.234:43712], old=null
2019-10-01 16:36:18,739 [8ab1db64-65ba-4952-b15a-d3918be8e822@group-252D32A25BE8-LeaderElection68] INFO  impl.LeaderElection (LogUtils.java:infoOrTrace(149)) -   Exception 0: {}
java.util.concurrent.ExecutionException: org.apache.ratis.thirdparty.io.grpc.StatusRuntimeException: UNAVAILABLE: io exception
	at java.util.concurrent.FutureTask.report(FutureTask.java:122)
	at java.util.concurrent.FutureTask.get(FutureTask.java:192)
	at org.apache.ratis.server.impl.LeaderElection.waitForResults(LeaderElection.java:259)
	at org.apache.ratis.server.impl.LeaderElection.askForVotes(LeaderElection.java:197)
	at org.apache.ratis.server.impl.LeaderElection.run(LeaderElection.java:133)
	at java.lang.Thread.run(Thread.java:748)
Caused by: org.apache.ratis.thirdparty.io.grpc.StatusRuntimeException: UNAVAILABLE: io exception
	at org.apache.ratis.thirdparty.io.grpc.stub.ClientCalls.toStatusRuntimeException(ClientCalls.java:233)
	at org.apache.ratis.thirdparty.io.grpc.stub.ClientCalls.getUnchecked(ClientCalls.java:214)
	at org.apache.ratis.thirdparty.io.grpc.stub.ClientCalls.blockingUnaryCall(ClientCalls.java:139)
	at org.apache.ratis.proto.grpc.RaftServerProtocolServiceGrpc$RaftServerProtocolServiceBlockingStub.requestVote(RaftServerProtocolServiceGrpc.java:265)
	at org.apache.ratis.grpc.server.GrpcServerProtocolClient.requestVote(GrpcServerProtocolClient.java:99)
	at org.apache.ratis.grpc.server.GrpcService.requestVote(GrpcService.java:204)
	at org.apache.ratis.server.impl.LeaderElection.lambda$submitRequests$1(LeaderElection.java:234)
	at java.util.concurrent.FutureTask.run(FutureTask.java:266)
	at java.util.concurrent.Executors$RunnableAdapter.call(Executors.java:511)
	at java.util.concurrent.FutureTask.run(FutureTask.java:266)
	at java.util.concurrent.ThreadPoolExecutor.runWorker(ThreadPoolExecutor.java:1149)
	at java.util.concurrent.ThreadPoolExecutor$Worker.run(ThreadPoolExecutor.java:624)
	... 1 more
Caused by: org.apache.ratis.thirdparty.io.netty.channel.AbstractChannel$AnnotatedConnectException: Connection refused: /192.168.164.234:45532
	at sun.nio.ch.SocketChannelImpl.checkConnect(Native Method)
	at sun.nio.ch.SocketChannelImpl.finishConnect(SocketChannelImpl.java:717)
	at org.apache.ratis.thirdparty.io.netty.channel.socket.nio.NioSocketChannel.doFinishConnect(NioSocketChannel.java:327)
	at org.apache.ratis.thirdparty.io.netty.channel.nio.AbstractNioChannel$AbstractNioUnsafe.finishConnect(AbstractNioChannel.java:340)
	at org.apache.ratis.thirdparty.io.netty.channel.nio.NioEventLoop.processSelectedKey(NioEventLoop.java:632)
	at org.apache.ratis.thirdparty.io.netty.channel.nio.NioEventLoop.processSelectedKeysOptimized(NioEventLoop.java:579)
	at org.apache.ratis.thirdparty.io.netty.channel.nio.NioEventLoop.processSelectedKeys(NioEventLoop.java:496)
	at org.apache.ratis.thirdparty.io.netty.channel.nio.NioEventLoop.run(NioEventLoop.java:458)
	at org.apache.ratis.thirdparty.io.netty.util.concurrent.SingleThreadEventExecutor$5.run(SingleThreadEventExecutor.java:897)
	at org.apache.ratis.thirdparty.io.netty.util.concurrent.FastThreadLocalRunnable.run(FastThreadLocalRunnable.java:30)
	... 1 more
Caused by: java.net.ConnectException: Connection refused
	... 11 more
2019-10-01 16:36:18,739 [8ab1db64-65ba-4952-b15a-d3918be8e822@group-252D32A25BE8-LeaderElection68] INFO  impl.RoleInfo (RoleInfo.java:shutdownLeaderElection(134)) - 8ab1db64-65ba-4952-b15a-d3918be8e822: shutdown LeaderElection
2019-10-01 16:36:18,739 [8ab1db64-65ba-4952-b15a-d3918be8e822@group-252D32A25BE8-LeaderElection68] INFO  impl.RaftServerImpl (RaftServerImpl.java:setRole(170)) - 8ab1db64-65ba-4952-b15a-d3918be8e822@group-252D32A25BE8: changes role from CANDIDATE to LEADER at term 3 for changeToLeader
2019-10-01 16:36:18,739 [8ab1db64-65ba-4952-b15a-d3918be8e822@group-252D32A25BE8-LeaderElection68] INFO  impl.RaftServerImpl (ServerState.java:setLeader(255)) - 8ab1db64-65ba-4952-b15a-d3918be8e822@group-252D32A25BE8: change Leader from null to 8ab1db64-65ba-4952-b15a-d3918be8e822 at term 3 for becomeLeader, leader elected after 40ms
2019-10-01 16:36:18,740 [8ab1db64-65ba-4952-b15a-d3918be8e822@group-252D32A25BE8-LeaderElection68] INFO  server.RaftServerConfigKeys (ConfUtils.java:logGet(43)) - raft.server.staging.catchup.gap = 1000 (default)
2019-10-01 16:36:18,740 [8ab1db64-65ba-4952-b15a-d3918be8e822@group-252D32A25BE8-LeaderElection68] INFO  server.RaftServerConfigKeys (ConfUtils.java:logGet(43)) - raft.server.rpc.sleep.time = 25ms (default)
2019-10-01 16:36:18,740 [8ab1db64-65ba-4952-b15a-d3918be8e822@group-252D32A25BE8-LeaderElection68] INFO  server.RaftServerConfigKeys (ConfUtils.java:logGet(43)) - raft.server.write.element-limit = 4096 (default)
2019-10-01 16:36:18,740 [8ab1db64-65ba-4952-b15a-d3918be8e822@group-252D32A25BE8-LeaderElection68] INFO  server.RaftServerConfigKeys (ConfUtils.java:logGet(43)) - raft.server.watch.timeout = 10s (default)
2019-10-01 16:36:18,740 [8ab1db64-65ba-4952-b15a-d3918be8e822@group-252D32A25BE8-LeaderElection68] INFO  server.RaftServerConfigKeys (ConfUtils.java:logGet(43)) - raft.server.watch.timeout.denomination = 1s (default)
2019-10-01 16:36:18,741 [8ab1db64-65ba-4952-b15a-d3918be8e822@group-252D32A25BE8-LeaderElection68] INFO  server.RaftServerConfigKeys (ConfUtils.java:logGet(43)) - raft.server.watch.element-limit = 65536 (default)
2019-10-01 16:36:18,743 [8ab1db64-65ba-4952-b15a-d3918be8e822@group-252D32A25BE8-LeaderElection68] INFO  server.RaftServerConfigKeys (ConfUtils.java:logGet(43)) - raft.server.log.appender.snapshot.chunk.size.max = 16MB (=16777216) (default)
2019-10-01 16:36:18,744 [8ab1db64-65ba-4952-b15a-d3918be8e822@group-252D32A25BE8-LeaderElection68] INFO  server.RaftServerConfigKeys (ConfUtils.java:logGet(43)) - raft.server.log.appender.buffer.byte-limit = 33554432 (custom)
2019-10-01 16:36:18,744 [8ab1db64-65ba-4952-b15a-d3918be8e822@group-252D32A25BE8-LeaderElection68] INFO  server.RaftServerConfigKeys (ConfUtils.java:logGet(43)) - raft.server.log.appender.buffer.element-limit = 1 (custom)
2019-10-01 16:36:18,744 [8ab1db64-65ba-4952-b15a-d3918be8e822@group-252D32A25BE8-LeaderElection68] INFO  grpc.GrpcConfigKeys$Server (ConfUtils.java:logGet(43)) - raft.grpc.server.leader.outstanding.appends.max = 128 (default)
2019-10-01 16:36:18,744 [8ab1db64-65ba-4952-b15a-d3918be8e822@group-252D32A25BE8-LeaderElection68] INFO  server.RaftServerConfigKeys (ConfUtils.java:logGet(43)) - raft.server.rpc.request.timeout = 3000ms (default)
2019-10-01 16:36:18,744 [8ab1db64-65ba-4952-b15a-d3918be8e822@group-252D32A25BE8-LeaderElection68] INFO  server.RaftServerConfigKeys (ConfUtils.java:logGet(43)) - raft.server.log.appender.install.snapshot.enabled = false (custom)
2019-10-01 16:36:18,745 [8ab1db64-65ba-4952-b15a-d3918be8e822@group-252D32A25BE8-LeaderElection68] INFO  server.RaftServerConfigKeys (ConfUtils.java:logGet(43)) - raft.server.log.appender.snapshot.chunk.size.max = 16MB (=16777216) (default)
2019-10-01 16:36:18,745 [8ab1db64-65ba-4952-b15a-d3918be8e822@group-252D32A25BE8-LeaderElection68] INFO  server.RaftServerConfigKeys (ConfUtils.java:logGet(43)) - raft.server.log.appender.buffer.byte-limit = 33554432 (custom)
2019-10-01 16:36:18,745 [8ab1db64-65ba-4952-b15a-d3918be8e822@group-252D32A25BE8-LeaderElection68] INFO  server.RaftServerConfigKeys (ConfUtils.java:logGet(43)) - raft.server.log.appender.buffer.element-limit = 1 (custom)
2019-10-01 16:36:18,745 [8ab1db64-65ba-4952-b15a-d3918be8e822@group-252D32A25BE8-LeaderElection68] INFO  grpc.GrpcConfigKeys$Server (ConfUtils.java:logGet(43)) - raft.grpc.server.leader.outstanding.appends.max = 128 (default)
2019-10-01 16:36:18,745 [8ab1db64-65ba-4952-b15a-d3918be8e822@group-252D32A25BE8-LeaderElection68] INFO  server.RaftServerConfigKeys (ConfUtils.java:logGet(43)) - raft.server.rpc.request.timeout = 3000ms (default)
2019-10-01 16:36:18,745 [8ab1db64-65ba-4952-b15a-d3918be8e822@group-252D32A25BE8-LeaderElection68] INFO  server.RaftServerConfigKeys (ConfUtils.java:logGet(43)) - raft.server.log.appender.install.snapshot.enabled = false (custom)
2019-10-01 16:36:18,746 [8ab1db64-65ba-4952-b15a-d3918be8e822@group-252D32A25BE8-LeaderElection68] INFO  impl.RoleInfo (RoleInfo.java:updateAndGet(143)) - 8ab1db64-65ba-4952-b15a-d3918be8e822: start LeaderState
2019-10-01 16:36:18,746 [8ab1db64-65ba-4952-b15a-d3918be8e822@group-252D32A25BE8-LeaderElection68] INFO  segmented.SegmentedRaftLogWorker (SegmentedRaftLogWorker.java:rollLogSegment(390)) - 8ab1db64-65ba-4952-b15a-d3918be8e822@group-252D32A25BE8-SegmentedRaftLogWorker: Rolling segment log-0_2 to index:2
2019-10-01 16:36:18,747 [8ab1db64-65ba-4952-b15a-d3918be8e822@group-252D32A25BE8-SegmentedRaftLogWorker] INFO  segmented.SegmentedRaftLogWorker (SegmentedRaftLogWorker.java:execute(531)) - 8ab1db64-65ba-4952-b15a-d3918be8e822@group-252D32A25BE8-SegmentedRaftLogWorker: Rolled log segment from /workdir/hadoop-ozone/integration-test/target/test-dir/MiniOzoneClusterImpl-259b6801-9924-4de8-a941-26f02370cd4f/datanode-1/data/ratis/95036835-98d0-4a7f-b6e8-252d32a25be8/current/log_inprogress_0 to /workdir/hadoop-ozone/integration-test/target/test-dir/MiniOzoneClusterImpl-259b6801-9924-4de8-a941-26f02370cd4f/datanode-1/data/ratis/95036835-98d0-4a7f-b6e8-252d32a25be8/current/log_0-2
2019-10-01 16:36:18,750 [8ab1db64-65ba-4952-b15a-d3918be8e822@group-252D32A25BE8-LeaderElection68] INFO  impl.RaftServerImpl (ServerState.java:setRaftConf(356)) - 8ab1db64-65ba-4952-b15a-d3918be8e822@group-252D32A25BE8: set configuration 3: [445c4447-2cb9-46a3-8fd7-5428dcf97658:192.168.164.234:40536, 291b2e89-388f-45b2-9e7b-30bda090654c:192.168.164.234:45532, 8ab1db64-65ba-4952-b15a-d3918be8e822:192.168.164.234:43712], old=null at 3
2019-10-01 16:36:18,751 [grpc-default-executor-0] WARN  server.GrpcLogAppender (LogUtils.java:warn(134)) - 8ab1db64-65ba-4952-b15a-d3918be8e822@group-252D32A25BE8->291b2e89-388f-45b2-9e7b-30bda090654c-AppendLogResponseHandler: Failed appendEntries: org.apache.ratis.thirdparty.io.grpc.StatusRuntimeException: UNAVAILABLE: io exception
2019-10-01 16:36:18,765 [grpc-default-executor-0] INFO  impl.FollowerInfo (FollowerInfo.java:lambda$new$0(51)) - 8ab1db64-65ba-4952-b15a-d3918be8e822@group-252D32A25BE8->291b2e89-388f-45b2-9e7b-30bda090654c: nextIndex: updateUnconditionally 3 -> 1
2019-10-01 16:36:18,765 [grpc-default-executor-5] INFO  impl.RaftServerImpl (ServerState.java:setLeader(255)) - 445c4447-2cb9-46a3-8fd7-5428dcf97658@group-252D32A25BE8: change Leader from null to 8ab1db64-65ba-4952-b15a-d3918be8e822 at term 3 for appendEntries, leader elected after 44ms
2019-10-01 16:36:18,768 [grpc-default-executor-5] INFO  impl.RaftServerImpl (ServerState.java:setRaftConf(356)) - 445c4447-2cb9-46a3-8fd7-5428dcf97658@group-252D32A25BE8: set configuration 3: [445c4447-2cb9-46a3-8fd7-5428dcf97658:192.168.164.234:40536, 291b2e89-388f-45b2-9e7b-30bda090654c:192.168.164.234:45532, 8ab1db64-65ba-4952-b15a-d3918be8e822:192.168.164.234:43712], old=null at 3
2019-10-01 16:36:18,768 [grpc-default-executor-5] INFO  segmented.SegmentedRaftLogWorker (SegmentedRaftLogWorker.java:rollLogSegment(390)) - 445c4447-2cb9-46a3-8fd7-5428dcf97658@group-252D32A25BE8-SegmentedRaftLogWorker: Rolling segment log-0_2 to index:2
2019-10-01 16:36:18,769 [445c4447-2cb9-46a3-8fd7-5428dcf97658@group-252D32A25BE8-SegmentedRaftLogWorker] INFO  segmented.SegmentedRaftLogWorker (SegmentedRaftLogWorker.java:execute(531)) - 445c4447-2cb9-46a3-8fd7-5428dcf97658@group-252D32A25BE8-SegmentedRaftLogWorker: Rolled log segment from /workdir/hadoop-ozone/integration-test/target/test-dir/MiniOzoneClusterImpl-259b6801-9924-4de8-a941-26f02370cd4f/datanode-0/data/ratis/95036835-98d0-4a7f-b6e8-252d32a25be8/current/log_inprogress_0 to /workdir/hadoop-ozone/integration-test/target/test-dir/MiniOzoneClusterImpl-259b6801-9924-4de8-a941-26f02370cd4f/datanode-0/data/ratis/95036835-98d0-4a7f-b6e8-252d32a25be8/current/log_0-2
2019-10-01 16:36:18,777 [8ab1db64-65ba-4952-b15a-d3918be8e822@group-252D32A25BE8-SegmentedRaftLogWorker] INFO  segmented.SegmentedRaftLogWorker (SegmentedRaftLogWorker.java:execute(574)) - 8ab1db64-65ba-4952-b15a-d3918be8e822@group-252D32A25BE8-SegmentedRaftLogWorker: created new log segment /workdir/hadoop-ozone/integration-test/target/test-dir/MiniOzoneClusterImpl-259b6801-9924-4de8-a941-26f02370cd4f/datanode-1/data/ratis/95036835-98d0-4a7f-b6e8-252d32a25be8/current/log_inprogress_3
2019-10-01 16:36:18,790 [445c4447-2cb9-46a3-8fd7-5428dcf97658@group-252D32A25BE8-SegmentedRaftLogWorker] INFO  segmented.SegmentedRaftLogWorker (SegmentedRaftLogWorker.java:execute(574)) - 445c4447-2cb9-46a3-8fd7-5428dcf97658@group-252D32A25BE8-SegmentedRaftLogWorker: created new log segment /workdir/hadoop-ozone/integration-test/target/test-dir/MiniOzoneClusterImpl-259b6801-9924-4de8-a941-26f02370cd4f/datanode-0/data/ratis/95036835-98d0-4a7f-b6e8-252d32a25be8/current/log_inprogress_3
2019-10-01 16:36:18,801 [grpc-default-executor-3] WARN  server.GrpcLogAppender (LogUtils.java:warn(134)) - 8ab1db64-65ba-4952-b15a-d3918be8e822@group-252D32A25BE8->291b2e89-388f-45b2-9e7b-30bda090654c-AppendLogResponseHandler: Failed appendEntries: org.apache.ratis.thirdparty.io.grpc.StatusRuntimeException: UNAVAILABLE: io exception
2019-10-01 16:36:18,801 [grpc-default-executor-3] INFO  impl.FollowerInfo (FollowerInfo.java:lambda$new$0(51)) - 8ab1db64-65ba-4952-b15a-d3918be8e822@group-252D32A25BE8->291b2e89-388f-45b2-9e7b-30bda090654c: nextIndex: updateUnconditionally 2 -> 1
2019-10-01 16:36:18,807 [grpc-default-executor-5] WARN  server.GrpcLogAppender (LogUtils.java:warn(134)) - 8ab1db64-65ba-4952-b15a-d3918be8e822@group-252D32A25BE8->291b2e89-388f-45b2-9e7b-30bda090654c-AppendLogResponseHandler: Failed appendEntries: org.apache.ratis.thirdparty.io.grpc.StatusRuntimeException: UNAVAILABLE: io exception
2019-10-01 16:36:18,807 [grpc-default-executor-5] INFO  impl.FollowerInfo (FollowerInfo.java:lambda$new$0(51)) - 8ab1db64-65ba-4952-b15a-d3918be8e822@group-252D32A25BE8->291b2e89-388f-45b2-9e7b-30bda090654c: nextIndex: updateUnconditionally 2 -> 1
2019-10-01 16:36:19,206 [grpc-default-executor-0] WARN  server.GrpcLogAppender (LogUtils.java:warn(134)) - 8ab1db64-65ba-4952-b15a-d3918be8e822@group-252D32A25BE8->291b2e89-388f-45b2-9e7b-30bda090654c-AppendLogResponseHandler: Failed appendEntries: org.apache.ratis.thirdparty.io.grpc.StatusRuntimeException: UNAVAILABLE: io exception
2019-10-01 16:36:19,207 [grpc-default-executor-0] INFO  impl.FollowerInfo (FollowerInfo.java:lambda$new$0(51)) - 8ab1db64-65ba-4952-b15a-d3918be8e822@group-252D32A25BE8->291b2e89-388f-45b2-9e7b-30bda090654c: nextIndex: updateUnconditionally 2 -> 1
2019-10-01 16:36:19,219 [grpc-default-executor-3] WARN  server.GrpcLogAppender (LogUtils.java:warn(134)) - 8ab1db64-65ba-4952-b15a-d3918be8e822@group-252D32A25BE8->291b2e89-388f-45b2-9e7b-30bda090654c-AppendLogResponseHandler: Failed appendEntries: org.apache.ratis.thirdparty.io.grpc.StatusRuntimeException: UNAVAILABLE: io exception
2019-10-01 16:36:19,220 [grpc-default-executor-3] INFO  impl.FollowerInfo (FollowerInfo.java:lambda$new$0(51)) - 8ab1db64-65ba-4952-b15a-d3918be8e822@group-252D32A25BE8->291b2e89-388f-45b2-9e7b-30bda090654c: nextIndex: updateUnconditionally 2 -> 1
2019-10-01 16:36:19,233 [grpc-default-executor-3] WARN  server.GrpcLogAppender (LogUtils.java:warn(134)) - 8ab1db64-65ba-4952-b15a-d3918be8e822@group-252D32A25BE8->291b2e89-388f-45b2-9e7b-30bda090654c-AppendLogResponseHandler: Failed appendEntries: org.apache.ratis.thirdparty.io.grpc.StatusRuntimeException: UNAVAILABLE: io exception
2019-10-01 16:36:19,233 [grpc-default-executor-3] INFO  impl.FollowerInfo (FollowerInfo.java:lambda$new$0(51)) - 8ab1db64-65ba-4952-b15a-d3918be8e822@group-252D32A25BE8->291b2e89-388f-45b2-9e7b-30bda090654c: nextIndex: updateUnconditionally 2 -> 1
2019-10-01 16:36:19,233 [EventQueue-IncrementalContainerReportForIncrementalContainerReportHandler] WARN  container.IncrementalContainerReportHandler (AbstractContainerReportHandler.java:updateContainerState(143)) - Container #1 is in OPEN state, but the datanode 8ab1db64-65ba-4952-b15a-d3918be8e822{ip: 192.168.164.234, host: pr-hdds-2223-d4ngw-1748172156, networkLocation: /default-rack, certSerialId: null} reports an CLOSING replica.
2019-10-01 16:36:19,247 [EventQueue-IncrementalContainerReportForIncrementalContainerReportHandler] WARN  container.IncrementalContainerReportHandler (AbstractContainerReportHandler.java:updateContainerState(143)) - Container #1 is in OPEN state, but the datanode 445c4447-2cb9-46a3-8fd7-5428dcf97658{ip: 192.168.164.234, host: pr-hdds-2223-d4ngw-1748172156, networkLocation: /default-rack, certSerialId: null} reports an CLOSING replica.
2019-10-01 16:36:19,289 [RatisApplyTransactionExecutor 1] INFO  interfaces.Container (KeyValueContainer.java:flushAndSyncDB(386)) - Container 1 is synced with bcsId 0.
2019-10-01 16:36:19,349 [RatisApplyTransactionExecutor 1] INFO  interfaces.Container (KeyValueContainer.java:flushAndSyncDB(386)) - Container 1 is synced with bcsId 0.
2019-10-01 16:36:19,360 [RatisApplyTransactionExecutor 1] INFO  interfaces.Container (KeyValueContainer.java:flushAndSyncDB(386)) - Container 1 is synced with bcsId 0.
2019-10-01 16:36:19,361 [RatisApplyTransactionExecutor 1] INFO  interfaces.Container (KeyValueContainer.java:flushAndSyncDB(386)) - Container 1 is synced with bcsId 0.
2019-10-01 16:36:19,374 [RatisApplyTransactionExecutor 1] INFO  interfaces.Container (KeyValueContainer.java:close(335)) - Container 1 is closed with bcsId 0.
2019-10-01 16:36:19,374 [RatisApplyTransactionExecutor 1] INFO  interfaces.Container (KeyValueContainer.java:close(335)) - Container 1 is closed with bcsId 0.
2019-10-01 16:36:19,408 [EventQueue-IncrementalContainerReportForIncrementalContainerReportHandler] WARN  container.IncrementalContainerReportHandler (AbstractContainerReportHandler.java:updateContainerState(143)) - Container #1 is in OPEN state, but the datanode 445c4447-2cb9-46a3-8fd7-5428dcf97658{ip: 192.168.164.234, host: pr-hdds-2223-d4ngw-1748172156, networkLocation: /default-rack, certSerialId: null} reports an CLOSED replica.
2019-10-01 16:36:19,408 [EventQueue-IncrementalContainerReportForIncrementalContainerReportHandler] WARN  container.IncrementalContainerReportHandler (AbstractContainerReportHandler.java:updateContainerState(143)) - Container #1 is in OPEN state, but the datanode 8ab1db64-65ba-4952-b15a-d3918be8e822{ip: 192.168.164.234, host: pr-hdds-2223-d4ngw-1748172156, networkLocation: /default-rack, certSerialId: null} reports an CLOSED replica.
2019-10-01 16:36:21,735 [grpc-default-executor-3] WARN  server.GrpcLogAppender (LogUtils.java:warn(134)) - 8ab1db64-65ba-4952-b15a-d3918be8e822@group-252D32A25BE8->291b2e89-388f-45b2-9e7b-30bda090654c-AppendLogResponseHandler: Failed appendEntries: org.apache.ratis.thirdparty.io.grpc.StatusRuntimeException: UNAVAILABLE: io exception
2019-10-01 16:36:21,736 [grpc-default-executor-3] INFO  impl.FollowerInfo (FollowerInfo.java:lambda$new$0(51)) - 8ab1db64-65ba-4952-b15a-d3918be8e822@group-252D32A25BE8->291b2e89-388f-45b2-9e7b-30bda090654c: nextIndex: updateUnconditionally 1 -> 0
2019-10-01 16:36:22,413 [main] WARN  scm.XceiverClientRatis (XceiverClientRatis.java:watchForCommit(292)) - 3 way commit failed on pipeline Pipeline[ Id: 95036835-98d0-4a7f-b6e8-252d32a25be8, Nodes: 291b2e89-388f-45b2-9e7b-30bda090654c{ip: 192.168.164.234, host: pr-hdds-2223-d4ngw-1748172156, networkLocation: /default-rack, certSerialId: null}8ab1db64-65ba-4952-b15a-d3918be8e822{ip: 192.168.164.234, host: pr-hdds-2223-d4ngw-1748172156, networkLocation: /default-rack, certSerialId: null}445c4447-2cb9-46a3-8fd7-5428dcf97658{ip: 192.168.164.234, host: pr-hdds-2223-d4ngw-1748172156, networkLocation: /default-rack, certSerialId: null}, Type:RATIS, Factor:THREE, State:OPEN]
java.util.concurrent.TimeoutException
	at java.util.concurrent.CompletableFuture.timedGet(CompletableFuture.java:1771)
	at java.util.concurrent.CompletableFuture.get(CompletableFuture.java:1915)
	at org.apache.hadoop.hdds.scm.XceiverClientRatis.watchForCommit(XceiverClientRatis.java:289)
	at org.apache.hadoop.ozone.client.rpc.TestWatchForCommit.test2WayCommitForTimeoutException(TestWatchForCommit.java:391)
	at sun.reflect.NativeMethodAccessorImpl.invoke0(Native Method)
	at sun.reflect.NativeMethodAccessorImpl.invoke(NativeMethodAccessorImpl.java:62)
	at sun.reflect.DelegatingMethodAccessorImpl.invoke(DelegatingMethodAccessorImpl.java:43)
	at java.lang.reflect.Method.invoke(Method.java:498)
	at org.junit.runners.model.FrameworkMethod$1.runReflectiveCall(FrameworkMethod.java:47)
	at org.junit.internal.runners.model.ReflectiveCallable.run(ReflectiveCallable.java:12)
	at org.junit.runners.model.FrameworkMethod.invokeExplosively(FrameworkMethod.java:44)
	at org.junit.internal.runners.statements.InvokeMethod.evaluate(InvokeMethod.java:17)
	at org.junit.runners.ParentRunner.runLeaf(ParentRunner.java:271)
	at org.junit.runners.BlockJUnit4ClassRunner.runChild(BlockJUnit4ClassRunner.java:70)
	at org.junit.runners.BlockJUnit4ClassRunner.runChild(BlockJUnit4ClassRunner.java:50)
	at org.junit.runners.ParentRunner$3.run(ParentRunner.java:238)
	at org.junit.runners.ParentRunner$1.schedule(ParentRunner.java:63)
	at org.junit.runners.ParentRunner.runChildren(ParentRunner.java:236)
	at org.junit.runners.ParentRunner.access$000(ParentRunner.java:53)
	at org.junit.runners.ParentRunner$2.evaluate(ParentRunner.java:229)
	at org.junit.runners.ParentRunner.run(ParentRunner.java:309)
	at org.apache.maven.surefire.junit4.JUnit4Provider.execute(JUnit4Provider.java:365)
	at org.apache.maven.surefire.junit4.JUnit4Provider.executeWithRerun(JUnit4Provider.java:273)
	at org.apache.maven.surefire.junit4.JUnit4Provider.executeTestSet(JUnit4Provider.java:238)
	at org.apache.maven.surefire.junit4.JUnit4Provider.invoke(JUnit4Provider.java:159)
	at org.apache.maven.surefire.booter.ForkedBooter.invokeProviderInSameClassLoader(ForkedBooter.java:384)
	at org.apache.maven.surefire.booter.ForkedBooter.runSuitesInProcess(ForkedBooter.java:345)
	at org.apache.maven.surefire.booter.ForkedBooter.execute(ForkedBooter.java:126)
	at org.apache.maven.surefire.booter.ForkedBooter.main(ForkedBooter.java:418)
2019-10-01 16:36:22,440 [Thread-2475] INFO  client.GrpcClientProtocolService (GrpcClientProtocolService.java:lambda$processClientRequest$0(278)) - Failed RaftClientRequest:client-5D40331162E6->445c4447-2cb9-46a3-8fd7-5428dcf97658@group-252D32A25BE8, cid=106, seq=0, Watch-MAJORITY_COMMITTED(5), Message:<EMPTY>, reply=RaftClientReply:client-5D40331162E6->445c4447-2cb9-46a3-8fd7-5428dcf97658@group-252D32A25BE8, cid=106, FAILED org.apache.ratis.protocol.NotLeaderException: Server 445c4447-2cb9-46a3-8fd7-5428dcf97658@group-252D32A25BE8 is not the leader 8ab1db64-65ba-4952-b15a-d3918be8e822:192.168.164.234:43712, logIndex=0, commits[445c4447-2cb9-46a3-8fd7-5428dcf97658:c6, 291b2e89-388f-45b2-9e7b-30bda090654c:c2, 8ab1db64-65ba-4952-b15a-d3918be8e822:c6]
2019-10-01 16:36:24,239 [grpc-default-executor-5] WARN  server.GrpcLogAppender (LogUtils.java:warn(134)) - 8ab1db64-65ba-4952-b15a-d3918be8e822@group-252D32A25BE8->291b2e89-388f-45b2-9e7b-30bda090654c-AppendLogResponseHandler: Failed appendEntries: org.apache.ratis.thirdparty.io.grpc.StatusRuntimeException: UNAVAILABLE: io exception
2019-10-01 16:36:24,246 [grpc-default-executor-5] INFO  impl.FollowerInfo (FollowerInfo.java:lambda$new$0(51)) - 8ab1db64-65ba-4952-b15a-d3918be8e822@group-252D32A25BE8->291b2e89-388f-45b2-9e7b-30bda090654c: nextIndex: updateUnconditionally 0 -> 0
]]></system-out>
  </testcase>
</testsuite>