<?xml version="1.0" encoding="UTF-8"?>
<testsuite xmlns:xsi="http://www.w3.org/2001/XMLSchema-instance" xsi:noNamespaceSchemaLocation="https://maven.apache.org/surefire/maven-surefire-plugin/xsd/surefire-test-report.xsd" name="org.apache.hadoop.ozone.client.rpc.TestWatchForCommit" time="221.419" tests="5" errors="2" skipped="0" failures="0">
  <properties>
    <property name="awt.toolkit" value="sun.awt.X11.XToolkit"/>
    <property name="file.encoding.pkg" value="sun.io"/>
    <property name="java.specification.version" value="1.8"/>
    <property name="sun.cpu.isalist" value=""/>
    <property name="sun.jnu.encoding" value="UTF-8"/>
    <property name="java.class.path" value="/workdir/hadoop-ozone/integration-test/target/test-classes:/workdir/hadoop-ozone/integration-test/target/classes:/home/user/.m2/repository/org/apache/hadoop/hadoop-ozone-common/0.5.0-SNAPSHOT/hadoop-ozone-common-0.5.0-SNAPSHOT.jar:/home/user/.m2/repository/org/apache/commons/commons-compress/1.4.1/commons-compress-1.4.1.jar:/home/user/.m2/repository/org/tukaani/xz/1.0/xz-1.0.jar:/home/user/.m2/repository/org/apache/hadoop/hadoop-common/3.2.0/hadoop-common-3.2.0.jar:/home/user/.m2/repository/org/apache/hadoop/hadoop-hdfs/3.2.0/hadoop-hdfs-3.2.0.jar:/home/user/.m2/repository/org/apache/hadoop/hadoop-hdfs-client/3.2.0/hadoop-hdfs-client-3.2.0.jar:/home/user/.m2/repository/com/fasterxml/jackson/core/jackson-annotations/2.9.9/jackson-annotations-2.9.9.jar:/home/user/.m2/repository/org/apache/hadoop/hadoop-hdds-common/0.5.0-SNAPSHOT/hadoop-hdds-common-0.5.0-SNAPSHOT.jar:/home/user/.m2/repository/javax/annotation/javax.annotation-api/1.2/javax.annotation-api-1.2.jar:/home/user/.m2/repository/org/apache/ratis/ratis-server/0.5.0-201fc85-SNAPSHOT/ratis-server-0.5.0-201fc85-SNAPSHOT.jar:/home/user/.m2/repository/org/apache/ratis/ratis-thirdparty-misc/0.2.0/ratis-thirdparty-misc-0.2.0.jar:/home/user/.m2/repository/org/apache/ratis/ratis-proto/0.5.0-201fc85-SNAPSHOT/ratis-proto-0.5.0-201fc85-SNAPSHOT.jar:/home/user/.m2/repository/org/apache/ratis/ratis-common/0.5.0-201fc85-SNAPSHOT/ratis-common-0.5.0-201fc85-SNAPSHOT.jar:/home/user/.m2/repository/org/apache/ratis/ratis-client/0.5.0-201fc85-SNAPSHOT/ratis-client-0.5.0-201fc85-SNAPSHOT.jar:/home/user/.m2/repository/org/apache/ratis/ratis-metrics/0.5.0-201fc85-SNAPSHOT/ratis-metrics-0.5.0-201fc85-SNAPSHOT.jar:/home/user/.m2/repository/com/github/joshelser/dropwizard-metrics-hadoop-metrics2-reporter/0.1.2/dropwizard-metrics-hadoop-metrics2-reporter-0.1.2.jar:/home/user/.m2/repository/io/dropwizard/metrics/metrics-jvm/3.2.5/metrics-jvm-3.2.5.jar:/home/user/.m2/repository/io/dropwizard/metrics/metrics-ganglia/3.2.5/metrics-ganglia-3.2.5.jar:/home/user/.m2/repository/info/ganglia/gmetric4j/gmetric4j/1.0.7/gmetric4j-1.0.7.jar:/home/user/.m2/repository/org/apache/ratis/ratis-netty/0.5.0-201fc85-SNAPSHOT/ratis-netty-0.5.0-201fc85-SNAPSHOT.jar:/home/user/.m2/repository/org/apache/ratis/ratis-grpc/0.5.0-201fc85-SNAPSHOT/ratis-grpc-0.5.0-201fc85-SNAPSHOT.jar:/home/user/.m2/repository/org/rocksdb/rocksdbjni/6.0.1/rocksdbjni-6.0.1.jar:/home/user/.m2/repository/org/apache/logging/log4j/log4j-api/2.11.0/log4j-api-2.11.0.jar:/home/user/.m2/repository/org/apache/logging/log4j/log4j-core/2.11.0/log4j-core-2.11.0.jar:/home/user/.m2/repository/com/lmax/disruptor/3.4.2/disruptor-3.4.2.jar:/home/user/.m2/repository/org/apache/commons/commons-pool2/2.6.0/commons-pool2-2.6.0.jar:/home/user/.m2/repository/org/bouncycastle/bcpkix-jdk15on/1.60/bcpkix-jdk15on-1.60.jar:/home/user/.m2/repository/commons-validator/commons-validator/1.6/commons-validator-1.6.jar:/home/user/.m2/repository/commons-digester/commons-digester/1.8.1/commons-digester-1.8.1.jar:/home/user/.m2/repository/io/jaegertracing/jaeger-client/0.34.0/jaeger-client-0.34.0.jar:/home/user/.m2/repository/io/jaegertracing/jaeger-thrift/0.34.0/jaeger-thrift-0.34.0.jar:/home/user/.m2/repository/org/apache/thrift/libthrift/0.12.0/libthrift-0.12.0.jar:/home/user/.m2/repository/com/squareup/okhttp3/okhttp/3.9.0/okhttp-3.9.0.jar:/home/user/.m2/repository/com/squareup/okio/okio/1.13.0/okio-1.13.0.jar:/home/user/.m2/repository/io/jaegertracing/jaeger-core/0.34.0/jaeger-core-0.34.0.jar:/home/user/.m2/repository/io/jaegertracing/jaeger-tracerresolver/0.34.0/jaeger-tracerresolver-0.34.0.jar:/home/user/.m2/repository/io/opentracing/contrib/opentracing-tracerresolver/0.1.5/opentracing-tracerresolver-0.1.5.jar:/home/user/.m2/repository/io/opentracing/opentracing-util/0.31.0/opentracing-util-0.31.0.jar:/home/user/.m2/repository/io/opentracing/opentracing-api/0.31.0/opentracing-api-0.31.0.jar:/home/user/.m2/repository/io/opentracing/opentracing-noop/0.31.0/opentracing-noop-0.31.0.jar:/home/user/.m2/repository/org/apache/hadoop/hadoop-hdds-server-framework/0.5.0-SNAPSHOT/hadoop-hdds-server-framework-0.5.0-SNAPSHOT.jar:/home/user/.m2/repository/org/apache/hadoop/hadoop-hdds-container-service/0.5.0-SNAPSHOT/hadoop-hdds-container-service-0.5.0-SNAPSHOT.jar:/home/user/.m2/repository/org/apache/hadoop/hadoop-hdds-client/0.5.0-SNAPSHOT/hadoop-hdds-client-0.5.0-SNAPSHOT.jar:/home/user/.m2/repository/org/apache/hadoop/hadoop-hdds-tools/0.5.0-SNAPSHOT/hadoop-hdds-tools-0.5.0-SNAPSHOT.jar:/home/user/.m2/repository/org/apache/hadoop/hadoop-hdds-server-scm/0.5.0-SNAPSHOT/hadoop-hdds-server-scm-0.5.0-SNAPSHOT.jar:/home/user/.m2/repository/org/apache/hadoop/hadoop-hdds-docs/0.5.0-SNAPSHOT/hadoop-hdds-docs-0.5.0-SNAPSHOT.jar:/home/user/.m2/repository/io/dropwizard/metrics/metrics-core/3.2.4/metrics-core-3.2.4.jar:/home/user/.m2/repository/org/hamcrest/hamcrest-all/1.3/hamcrest-all-1.3.jar:/home/user/.m2/repository/org/bouncycastle/bcprov-jdk15on/1.60/bcprov-jdk15on-1.60.jar:/home/user/.m2/repository/info/picocli/picocli/3.9.6/picocli-3.9.6.jar:/home/user/.m2/repository/com/google/protobuf/protobuf-java/2.5.0/protobuf-java-2.5.0.jar:/home/user/.m2/repository/com/google/guava/guava/11.0.2/guava-11.0.2.jar:/home/user/.m2/repository/org/apache/hadoop/hadoop-ozone-ozone-manager/0.5.0-SNAPSHOT/hadoop-ozone-ozone-manager-0.5.0-SNAPSHOT.jar:/home/user/.m2/repository/org/apache/hadoop/hadoop-minikdc/3.2.0/hadoop-minikdc-3.2.0.jar:/home/user/.m2/repository/commons-io/commons-io/2.5/commons-io-2.5.jar:/home/user/.m2/repository/org/apache/kerby/kerb-simplekdc/1.0.1/kerb-simplekdc-1.0.1.jar:/home/user/.m2/repository/org/apache/kerby/kerb-client/1.0.1/kerb-client-1.0.1.jar:/home/user/.m2/repository/org/apache/kerby/kerby-config/1.0.1/kerby-config-1.0.1.jar:/home/user/.m2/repository/org/apache/kerby/kerb-core/1.0.1/kerb-core-1.0.1.jar:/home/user/.m2/repository/org/apache/kerby/kerby-pkix/1.0.1/kerby-pkix-1.0.1.jar:/home/user/.m2/repository/org/apache/kerby/kerby-asn1/1.0.1/kerby-asn1-1.0.1.jar:/home/user/.m2/repository/org/apache/kerby/kerby-util/1.0.1/kerby-util-1.0.1.jar:/home/user/.m2/repository/org/apache/kerby/kerb-common/1.0.1/kerb-common-1.0.1.jar:/home/user/.m2/repository/org/apache/kerby/kerb-crypto/1.0.1/kerb-crypto-1.0.1.jar:/home/user/.m2/repository/org/apache/kerby/kerb-util/1.0.1/kerb-util-1.0.1.jar:/home/user/.m2/repository/org/apache/kerby/token-provider/1.0.1/token-provider-1.0.1.jar:/home/user/.m2/repository/org/apache/kerby/kerb-admin/1.0.1/kerb-admin-1.0.1.jar:/home/user/.m2/repository/org/apache/kerby/kerb-server/1.0.1/kerb-server-1.0.1.jar:/home/user/.m2/repository/org/apache/kerby/kerb-identity/1.0.1/kerb-identity-1.0.1.jar:/home/user/.m2/repository/org/apache/kerby/kerby-xdr/1.0.1/kerby-xdr-1.0.1.jar:/home/user/.m2/repository/org/slf4j/slf4j-log4j12/1.7.25/slf4j-log4j12-1.7.25.jar:/home/user/.m2/repository/org/apache/hadoop/hadoop-ozone-s3gateway/0.5.0-SNAPSHOT/hadoop-ozone-s3gateway-0.5.0-SNAPSHOT.jar:/home/user/.m2/repository/org/jboss/weld/servlet/weld-servlet/2.4.7.Final/weld-servlet-2.4.7.Final.jar:/home/user/.m2/repository/org/glassfish/jersey/containers/jersey-container-servlet-core/2.27/jersey-container-servlet-core-2.27.jar:/home/user/.m2/repository/org/glassfish/hk2/external/javax.inject/2.5.0-b42/javax.inject-2.5.0-b42.jar:/home/user/.m2/repository/org/glassfish/jersey/core/jersey-common/2.27/jersey-common-2.27.jar:/home/user/.m2/repository/org/glassfish/hk2/osgi-resource-locator/1.0.1/osgi-resource-locator-1.0.1.jar:/home/user/.m2/repository/javax/ws/rs/javax.ws.rs-api/2.1/javax.ws.rs-api-2.1.jar:/home/user/.m2/repository/org/glassfish/jersey/ext/cdi/jersey-cdi1x/2.27/jersey-cdi1x-2.27.jar:/home/user/.m2/repository/org/glassfish/jersey/inject/jersey-hk2/2.27/jersey-hk2-2.27.jar:/home/user/.m2/repository/org/glassfish/hk2/hk2-locator/2.5.0-b42/hk2-locator-2.5.0-b42.jar:/home/user/.m2/repository/org/javassist/javassist/3.22.0-CR2/javassist-3.22.0-CR2.jar:/home/user/.m2/repository/org/glassfish/hk2/hk2-api/2.5.0/hk2-api-2.5.0.jar:/home/user/.m2/repository/org/glassfish/hk2/external/jakarta.inject/2.5.0/jakarta.inject-2.5.0.jar:/home/user/.m2/repository/org/glassfish/hk2/hk2-utils/2.5.0/hk2-utils-2.5.0.jar:/home/user/.m2/repository/jakarta/annotation/jakarta.annotation-api/1.3.4/jakarta.annotation-api-1.3.4.jar:/home/user/.m2/repository/org/glassfish/hk2/external/aopalliance-repackaged/2.5.0/aopalliance-repackaged-2.5.0.jar:/home/user/.m2/repository/com/fasterxml/jackson/dataformat/jackson-dataformat-xml/2.9.0/jackson-dataformat-xml-2.9.0.jar:/home/user/.m2/repository/com/fasterxml/jackson/core/jackson-core/2.9.9/jackson-core-2.9.9.jar:/home/user/.m2/repository/com/fasterxml/jackson/module/jackson-module-jaxb-annotations/2.9.9/jackson-module-jaxb-annotations-2.9.9.jar:/home/user/.m2/repository/javax/enterprise/cdi-api/1.2/cdi-api-1.2.jar:/home/user/.m2/repository/javax/el/javax.el-api/3.0.0/javax.el-api-3.0.0.jar:/home/user/.m2/repository/javax/interceptor/javax.interceptor-api/1.2/javax.interceptor-api-1.2.jar:/home/user/.m2/repository/javax/inject/javax.inject/1/javax.inject-1.jar:/home/user/.m2/repository/com/sun/xml/bind/jaxb-impl/2.3.0.1/jaxb-impl-2.3.0.1.jar:/home/user/.m2/repository/com/sun/xml/bind/jaxb-core/2.3.0.1/jaxb-core-2.3.0.1.jar:/home/user/.m2/repository/javax/xml/bind/jaxb-api/2.3.0/jaxb-api-2.3.0.jar:/home/user/.m2/repository/javax/activation/activation/1.1.1/activation-1.1.1.jar:/home/user/.m2/repository/org/apache/hadoop/hadoop-ozone-csi/0.5.0-SNAPSHOT/hadoop-ozone-csi-0.5.0-SNAPSHOT.jar:/home/user/.m2/repository/com/google/protobuf/protobuf-java-util/3.5.1/protobuf-java-util-3.5.1.jar:/home/user/.m2/repository/org/apache/hadoop/hadoop-hdds-config/0.5.0-SNAPSHOT/hadoop-hdds-config-0.5.0-SNAPSHOT.jar:/home/user/.m2/repository/io/grpc/grpc-netty/1.17.1/grpc-netty-1.17.1.jar:/home/user/.m2/repository/io/grpc/grpc-core/1.17.1/grpc-core-1.17.1.jar:/home/user/.m2/repository/io/grpc/grpc-context/1.17.1/grpc-context-1.17.1.jar:/home/user/.m2/repository/com/google/errorprone/error_prone_annotations/2.2.0/error_prone_annotations-2.2.0.jar:/home/user/.m2/repository/org/codehaus/mojo/animal-sniffer-annotations/1.17/animal-sniffer-annotations-1.17.jar:/home/user/.m2/repository/io/opencensus/opencensus-api/0.17.0/opencensus-api-0.17.0.jar:/home/user/.m2/repository/io/opencensus/opencensus-contrib-grpc-metrics/0.17.0/opencensus-contrib-grpc-metrics-0.17.0.jar:/home/user/.m2/repository/io/netty/netty-codec-http2/4.1.30.Final/netty-codec-http2-4.1.30.Final.jar:/home/user/.m2/repository/io/netty/netty-codec-http/4.1.30.Final/netty-codec-http-4.1.30.Final.jar:/home/user/.m2/repository/io/netty/netty-codec/4.1.30.Final/netty-codec-4.1.30.Final.jar:/home/user/.m2/repository/io/netty/netty-handler/4.1.30.Final/netty-handler-4.1.30.Final.jar:/home/user/.m2/repository/io/netty/netty-handler-proxy/4.1.30.Final/netty-handler-proxy-4.1.30.Final.jar:/home/user/.m2/repository/io/netty/netty-codec-socks/4.1.30.Final/netty-codec-socks-4.1.30.Final.jar:/home/user/.m2/repository/io/netty/netty-transport-native-epoll/4.1.30.Final/netty-transport-native-epoll-4.1.30.Final.jar:/home/user/.m2/repository/io/netty/netty-common/4.1.30.Final/netty-common-4.1.30.Final.jar:/home/user/.m2/repository/io/netty/netty-buffer/4.1.30.Final/netty-buffer-4.1.30.Final.jar:/home/user/.m2/repository/io/netty/netty-transport/4.1.30.Final/netty-transport-4.1.30.Final.jar:/home/user/.m2/repository/io/netty/netty-resolver/4.1.30.Final/netty-resolver-4.1.30.Final.jar:/home/user/.m2/repository/io/netty/netty-transport-native-unix-common/4.1.30.Final/netty-transport-native-unix-common-4.1.30.Final.jar:/home/user/.m2/repository/io/grpc/grpc-protobuf/1.17.1/grpc-protobuf-1.17.1.jar:/home/user/.m2/repository/com/google/api/grpc/proto-google-common-protos/1.0.0/proto-google-common-protos-1.0.0.jar:/home/user/.m2/repository/io/grpc/grpc-protobuf-lite/1.17.1/grpc-protobuf-lite-1.17.1.jar:/home/user/.m2/repository/io/grpc/grpc-stub/1.17.1/grpc-stub-1.17.1.jar:/home/user/.m2/repository/org/apache/hadoop/hadoop-ozone-recon/0.5.0-SNAPSHOT/hadoop-ozone-recon-0.5.0-SNAPSHOT.jar:/home/user/.m2/repository/org/apache/hadoop/hadoop-ozone-reconcodegen/0.5.0-SNAPSHOT/hadoop-ozone-reconcodegen-0.5.0-SNAPSHOT.jar:/home/user/.m2/repository/com/google/inject/extensions/guice-multibindings/4.0/guice-multibindings-4.0.jar:/home/user/.m2/repository/com/google/inject/guice/4.0/guice-4.0.jar:/home/user/.m2/repository/aopalliance/aopalliance/1.0/aopalliance-1.0.jar:/home/user/.m2/repository/com/google/inject/extensions/guice-servlet/4.0/guice-servlet-4.0.jar:/home/user/.m2/repository/org/glassfish/jersey/containers/jersey-container-servlet/2.27/jersey-container-servlet-2.27.jar:/home/user/.m2/repository/org/glassfish/hk2/guice-bridge/2.5.0/guice-bridge-2.5.0.jar:/home/user/.m2/repository/org/glassfish/jersey/core/jersey-server/2.27/jersey-server-2.27.jar:/home/user/.m2/repository/org/glassfish/jersey/core/jersey-client/2.27/jersey-client-2.27.jar:/home/user/.m2/repository/org/glassfish/jersey/media/jersey-media-jaxb/2.27/jersey-media-jaxb-2.27.jar:/home/user/.m2/repository/javax/validation/validation-api/1.1.0.Final/validation-api-1.1.0.Final.jar:/home/user/.m2/repository/org/glassfish/jersey/media/jersey-media-json-jackson/2.27/jersey-media-json-jackson-2.27.jar:/home/user/.m2/repository/org/glassfish/jersey/ext/jersey-entity-filtering/2.27/jersey-entity-filtering-2.27.jar:/home/user/.m2/repository/com/google/inject/extensions/guice-assistedinject/4.0/guice-assistedinject-4.0.jar:/home/user/.m2/repository/org/jooq/jooq/3.11.10/jooq-3.11.10.jar:/home/user/.m2/repository/org/jooq/jooq-meta/3.11.10/jooq-meta-3.11.10.jar:/home/user/.m2/repository/org/jooq/jooq-codegen/3.11.10/jooq-codegen-3.11.10.jar:/home/user/.m2/repository/com/jolbox/bonecp/0.8.0.RELEASE/bonecp-0.8.0.RELEASE.jar:/home/user/.m2/repository/org/xerial/sqlite-jdbc/3.25.2/sqlite-jdbc-3.25.2.jar:/home/user/.m2/repository/org/springframework/spring-jdbc/5.1.3.RELEASE/spring-jdbc-5.1.3.RELEASE.jar:/home/user/.m2/repository/org/springframework/spring-beans/5.1.3.RELEASE/spring-beans-5.1.3.RELEASE.jar:/home/user/.m2/repository/org/springframework/spring-core/5.1.3.RELEASE/spring-core-5.1.3.RELEASE.jar:/home/user/.m2/repository/org/springframework/spring-jcl/5.1.3.RELEASE/spring-jcl-5.1.3.RELEASE.jar:/home/user/.m2/repository/org/springframework/spring-tx/5.1.3.RELEASE/spring-tx-5.1.3.RELEASE.jar:/home/user/.m2/repository/org/apache/hadoop/hadoop-ozone-client/0.5.0-SNAPSHOT/hadoop-ozone-client-0.5.0-SNAPSHOT.jar:/home/user/.m2/repository/commons-lang/commons-lang/2.6/commons-lang-2.6.jar:/home/user/.m2/repository/org/apache/hadoop/hadoop-ozone-ozone-manager/0.5.0-SNAPSHOT/hadoop-ozone-ozone-manager-0.5.0-SNAPSHOT-tests.jar:/home/user/.m2/repository/junit/junit/4.11/junit-4.11.jar:/home/user/.m2/repository/org/hamcrest/hamcrest-core/1.3/hamcrest-core-1.3.jar:/home/user/.m2/repository/org/openjdk/jmh/jmh-core/1.19/jmh-core-1.19.jar:/home/user/.m2/repository/net/sf/jopt-simple/jopt-simple/4.6/jopt-simple-4.6.jar:/home/user/.m2/repository/org/apache/commons/commons-math3/3.1.1/commons-math3-3.1.1.jar:/home/user/.m2/repository/org/openjdk/jmh/jmh-generator-annprocess/1.19/jmh-generator-annprocess-1.19.jar:/home/user/.m2/repository/org/mockito/mockito-all/1.8.5/mockito-all-1.8.5.jar:/home/user/.m2/repository/org/apache/hadoop/hadoop-kms/3.2.0/hadoop-kms-3.2.0.jar:/home/user/.m2/repository/org/apache/hadoop/hadoop-auth/3.2.0/hadoop-auth-3.2.0.jar:/home/user/.m2/repository/com/nimbusds/nimbus-jose-jwt/4.41.1/nimbus-jose-jwt-4.41.1.jar:/home/user/.m2/repository/com/github/stephenc/jcip/jcip-annotations/1.0-1/jcip-annotations-1.0-1.jar:/home/user/.m2/repository/net/minidev/json-smart/2.3/json-smart-2.3.jar:/home/user/.m2/repository/net/minidev/accessors-smart/1.2/accessors-smart-1.2.jar:/home/user/.m2/repository/org/ow2/asm/asm/5.0.4/asm-5.0.4.jar:/home/user/.m2/repository/org/apache/curator/curator-framework/2.12.0/curator-framework-2.12.0.jar:/home/user/.m2/repository/com/sun/jersey/jersey-core/1.19/jersey-core-1.19.jar:/home/user/.m2/repository/javax/ws/rs/jsr311-api/1.1.1/jsr311-api-1.1.1.jar:/home/user/.m2/repository/com/sun/jersey/jersey-server/1.19/jersey-server-1.19.jar:/home/user/.m2/repository/javax/servlet/javax.servlet-api/3.1.0/javax.servlet-api-3.1.0.jar:/home/user/.m2/repository/org/eclipse/jetty/jetty-server/9.3.25.v20180904/jetty-server-9.3.25.v20180904.jar:/home/user/.m2/repository/org/eclipse/jetty/jetty-http/9.3.25.v20180904/jetty-http-9.3.25.v20180904.jar:/home/user/.m2/repository/org/eclipse/jetty/jetty-io/9.3.25.v20180904/jetty-io-9.3.25.v20180904.jar:/home/user/.m2/repository/org/eclipse/jetty/jetty-webapp/9.3.25.v20180904/jetty-webapp-9.3.25.v20180904.jar:/home/user/.m2/repository/org/eclipse/jetty/jetty-xml/9.3.25.v20180904/jetty-xml-9.3.25.v20180904.jar:/home/user/.m2/repository/log4j/log4j/1.2.17/log4j-1.2.17.jar:/home/user/.m2/repository/org/slf4j/slf4j-api/1.7.25/slf4j-api-1.7.25.jar:/home/user/.m2/repository/org/slf4j/jul-to-slf4j/1.7.25/jul-to-slf4j-1.7.25.jar:/home/user/.m2/repository/org/eclipse/jetty/jetty-util/9.3.25.v20180904/jetty-util-9.3.25.v20180904.jar:/home/user/.m2/repository/com/fasterxml/jackson/core/jackson-databind/2.9.9/jackson-databind-2.9.9.jar:/home/user/.m2/repository/org/apache/hadoop/hadoop-kms/3.2.0/hadoop-kms-3.2.0-tests.jar:/home/user/.m2/repository/org/apache/hadoop/hadoop-hdds-server-scm/0.5.0-SNAPSHOT/hadoop-hdds-server-scm-0.5.0-SNAPSHOT-tests.jar:/home/user/.m2/repository/org/apache/hadoop/hadoop-hdds-container-service/0.5.0-SNAPSHOT/hadoop-hdds-container-service-0.5.0-SNAPSHOT-tests.jar:/home/user/.m2/repository/org/yaml/snakeyaml/1.16/snakeyaml-1.16.jar:/home/user/.m2/repository/org/apache/hadoop/hadoop-common/3.2.0/hadoop-common-3.2.0-tests.jar:/home/user/.m2/repository/org/apache/hadoop/hadoop-annotations/3.2.0/hadoop-annotations-3.2.0.jar:/usr/lib/jvm/java-1.8-openjdk/jre/../lib/tools.jar:/home/user/.m2/repository/commons-cli/commons-cli/1.2/commons-cli-1.2.jar:/home/user/.m2/repository/org/apache/httpcomponents/httpclient/4.5.2/httpclient-4.5.2.jar:/home/user/.m2/repository/org/apache/httpcomponents/httpcore/4.4.4/httpcore-4.4.4.jar:/home/user/.m2/repository/commons-codec/commons-codec/1.11/commons-codec-1.11.jar:/home/user/.m2/repository/commons-net/commons-net/3.6/commons-net-3.6.jar:/home/user/.m2/repository/commons-collections/commons-collections/3.2.2/commons-collections-3.2.2.jar:/home/user/.m2/repository/org/eclipse/jetty/jetty-servlet/9.3.25.v20180904/jetty-servlet-9.3.25.v20180904.jar:/home/user/.m2/repository/org/eclipse/jetty/jetty-security/9.3.25.v20180904/jetty-security-9.3.25.v20180904.jar:/home/user/.m2/repository/javax/servlet/jsp/jsp-api/2.1/jsp-api-2.1.jar:/home/user/.m2/repository/com/sun/jersey/jersey-servlet/1.19/jersey-servlet-1.19.jar:/home/user/.m2/repository/com/sun/jersey/jersey-json/1.19/jersey-json-1.19.jar:/home/user/.m2/repository/org/codehaus/jettison/jettison/1.1/jettison-1.1.jar:/home/user/.m2/repository/org/codehaus/jackson/jackson-core-asl/1.9.13/jackson-core-asl-1.9.13.jar:/home/user/.m2/repository/org/codehaus/jackson/jackson-mapper-asl/1.9.13/jackson-mapper-asl-1.9.13.jar:/home/user/.m2/repository/org/codehaus/jackson/jackson-jaxrs/1.9.13/jackson-jaxrs-1.9.13.jar:/home/user/.m2/repository/org/codehaus/jackson/jackson-xc/1.9.13/jackson-xc-1.9.13.jar:/home/user/.m2/repository/commons-logging/commons-logging/1.1.3/commons-logging-1.1.3.jar:/home/user/.m2/repository/commons-beanutils/commons-beanutils/1.9.4/commons-beanutils-1.9.4.jar:/home/user/.m2/repository/org/apache/commons/commons-configuration2/2.1.1/commons-configuration2-2.1.1.jar:/home/user/.m2/repository/org/apache/commons/commons-lang3/3.7/commons-lang3-3.7.jar:/home/user/.m2/repository/org/apache/commons/commons-text/1.4/commons-text-1.4.jar:/home/user/.m2/repository/org/apache/avro/avro/1.7.7/avro-1.7.7.jar:/home/user/.m2/repository/com/thoughtworks/paranamer/paranamer/2.3/paranamer-2.3.jar:/home/user/.m2/repository/org/xerial/snappy/snappy-java/1.0.5/snappy-java-1.0.5.jar:/home/user/.m2/repository/com/google/re2j/re2j/1.1/re2j-1.1.jar:/home/user/.m2/repository/com/google/code/gson/gson/2.2.4/gson-2.2.4.jar:/home/user/.m2/repository/com/jcraft/jsch/0.1.54/jsch-0.1.54.jar:/home/user/.m2/repository/org/apache/curator/curator-client/2.12.0/curator-client-2.12.0.jar:/home/user/.m2/repository/org/apache/curator/curator-recipes/2.12.0/curator-recipes-2.12.0.jar:/home/user/.m2/repository/com/google/code/findbugs/jsr305/3.0.0/jsr305-3.0.0.jar:/home/user/.m2/repository/org/apache/htrace/htrace-core4/4.1.0-incubating/htrace-core4-4.1.0-incubating.jar:/home/user/.m2/repository/org/apache/zookeeper/zookeeper/3.4.13/zookeeper-3.4.13.jar:/home/user/.m2/repository/jline/jline/0.9.94/jline-0.9.94.jar:/home/user/.m2/repository/org/apache/yetus/audience-annotations/0.5.0/audience-annotations-0.5.0.jar:/home/user/.m2/repository/org/codehaus/woodstox/stax2-api/3.1.4/stax2-api-3.1.4.jar:/home/user/.m2/repository/com/fasterxml/woodstox/woodstox-core/5.0.3/woodstox-core-5.0.3.jar:/home/user/.m2/repository/dnsjava/dnsjava/2.1.7/dnsjava-2.1.7.jar:/home/user/.m2/repository/org/apache/hadoop/hadoop-hdfs/3.2.0/hadoop-hdfs-3.2.0-tests.jar:/home/user/.m2/repository/org/eclipse/jetty/jetty-util-ajax/9.3.25.v20180904/jetty-util-ajax-9.3.25.v20180904.jar:/home/user/.m2/repository/commons-daemon/commons-daemon/1.0.13/commons-daemon-1.0.13.jar:/home/user/.m2/repository/io/netty/netty/3.10.5.Final/netty-3.10.5.Final.jar:/home/user/.m2/repository/io/netty/netty-all/4.0.52.Final/netty-all-4.0.52.Final.jar:/home/user/.m2/repository/org/fusesource/leveldbjni/leveldbjni-all/1.8/leveldbjni-all-1.8.jar:"/>
    <property name="java.vm.vendor" value="IcedTea"/>
    <property name="sun.arch.data.model" value="64"/>
    <property name="test.build.dir" value="/workdir/hadoop-ozone/integration-test/target/test-dir"/>
    <property name="test.cache.data" value=""/>
    <property name="java.vendor.url" value="https://icedtea.classpath.org"/>
    <property name="user.timezone" value=""/>
    <property name="java.vm.specification.version" value="1.8"/>
    <property name="os.name" value="Linux"/>
    <property name="test.build.data" value="/workdir/hadoop-ozone/integration-test/target/test-dir"/>
    <property name="user.country" value="US"/>
    <property name="sun.java.launcher" value="SUN_STANDARD"/>
    <property name="sun.boot.library.path" value="/usr/lib/jvm/java-1.8-openjdk/jre/lib/amd64"/>
    <property name="sun.java.command" value="/workdir/hadoop-ozone/integration-test/target/surefire/surefirebooter2602596602575704538.jar /workdir/hadoop-ozone/integration-test/target/surefire 2019-10-01T02-30-38_458-jvmRun1 surefire3077975453760769017tmp surefire_547851944233227538350tmp"/>
    <property name="test" value="!TestMiniChaosOzoneCluster"/>
    <property name="surefire.test.class.path" value="/workdir/hadoop-ozone/integration-test/target/test-classes:/workdir/hadoop-ozone/integration-test/target/classes:/home/user/.m2/repository/org/apache/hadoop/hadoop-ozone-common/0.5.0-SNAPSHOT/hadoop-ozone-common-0.5.0-SNAPSHOT.jar:/home/user/.m2/repository/org/apache/commons/commons-compress/1.4.1/commons-compress-1.4.1.jar:/home/user/.m2/repository/org/tukaani/xz/1.0/xz-1.0.jar:/home/user/.m2/repository/org/apache/hadoop/hadoop-common/3.2.0/hadoop-common-3.2.0.jar:/home/user/.m2/repository/org/apache/hadoop/hadoop-hdfs/3.2.0/hadoop-hdfs-3.2.0.jar:/home/user/.m2/repository/org/apache/hadoop/hadoop-hdfs-client/3.2.0/hadoop-hdfs-client-3.2.0.jar:/home/user/.m2/repository/com/fasterxml/jackson/core/jackson-annotations/2.9.9/jackson-annotations-2.9.9.jar:/home/user/.m2/repository/org/apache/hadoop/hadoop-hdds-common/0.5.0-SNAPSHOT/hadoop-hdds-common-0.5.0-SNAPSHOT.jar:/home/user/.m2/repository/javax/annotation/javax.annotation-api/1.2/javax.annotation-api-1.2.jar:/home/user/.m2/repository/org/apache/ratis/ratis-server/0.5.0-201fc85-SNAPSHOT/ratis-server-0.5.0-201fc85-SNAPSHOT.jar:/home/user/.m2/repository/org/apache/ratis/ratis-thirdparty-misc/0.2.0/ratis-thirdparty-misc-0.2.0.jar:/home/user/.m2/repository/org/apache/ratis/ratis-proto/0.5.0-201fc85-SNAPSHOT/ratis-proto-0.5.0-201fc85-SNAPSHOT.jar:/home/user/.m2/repository/org/apache/ratis/ratis-common/0.5.0-201fc85-SNAPSHOT/ratis-common-0.5.0-201fc85-SNAPSHOT.jar:/home/user/.m2/repository/org/apache/ratis/ratis-client/0.5.0-201fc85-SNAPSHOT/ratis-client-0.5.0-201fc85-SNAPSHOT.jar:/home/user/.m2/repository/org/apache/ratis/ratis-metrics/0.5.0-201fc85-SNAPSHOT/ratis-metrics-0.5.0-201fc85-SNAPSHOT.jar:/home/user/.m2/repository/com/github/joshelser/dropwizard-metrics-hadoop-metrics2-reporter/0.1.2/dropwizard-metrics-hadoop-metrics2-reporter-0.1.2.jar:/home/user/.m2/repository/io/dropwizard/metrics/metrics-jvm/3.2.5/metrics-jvm-3.2.5.jar:/home/user/.m2/repository/io/dropwizard/metrics/metrics-ganglia/3.2.5/metrics-ganglia-3.2.5.jar:/home/user/.m2/repository/info/ganglia/gmetric4j/gmetric4j/1.0.7/gmetric4j-1.0.7.jar:/home/user/.m2/repository/org/apache/ratis/ratis-netty/0.5.0-201fc85-SNAPSHOT/ratis-netty-0.5.0-201fc85-SNAPSHOT.jar:/home/user/.m2/repository/org/apache/ratis/ratis-grpc/0.5.0-201fc85-SNAPSHOT/ratis-grpc-0.5.0-201fc85-SNAPSHOT.jar:/home/user/.m2/repository/org/rocksdb/rocksdbjni/6.0.1/rocksdbjni-6.0.1.jar:/home/user/.m2/repository/org/apache/logging/log4j/log4j-api/2.11.0/log4j-api-2.11.0.jar:/home/user/.m2/repository/org/apache/logging/log4j/log4j-core/2.11.0/log4j-core-2.11.0.jar:/home/user/.m2/repository/com/lmax/disruptor/3.4.2/disruptor-3.4.2.jar:/home/user/.m2/repository/org/apache/commons/commons-pool2/2.6.0/commons-pool2-2.6.0.jar:/home/user/.m2/repository/org/bouncycastle/bcpkix-jdk15on/1.60/bcpkix-jdk15on-1.60.jar:/home/user/.m2/repository/commons-validator/commons-validator/1.6/commons-validator-1.6.jar:/home/user/.m2/repository/commons-digester/commons-digester/1.8.1/commons-digester-1.8.1.jar:/home/user/.m2/repository/io/jaegertracing/jaeger-client/0.34.0/jaeger-client-0.34.0.jar:/home/user/.m2/repository/io/jaegertracing/jaeger-thrift/0.34.0/jaeger-thrift-0.34.0.jar:/home/user/.m2/repository/org/apache/thrift/libthrift/0.12.0/libthrift-0.12.0.jar:/home/user/.m2/repository/com/squareup/okhttp3/okhttp/3.9.0/okhttp-3.9.0.jar:/home/user/.m2/repository/com/squareup/okio/okio/1.13.0/okio-1.13.0.jar:/home/user/.m2/repository/io/jaegertracing/jaeger-core/0.34.0/jaeger-core-0.34.0.jar:/home/user/.m2/repository/io/jaegertracing/jaeger-tracerresolver/0.34.0/jaeger-tracerresolver-0.34.0.jar:/home/user/.m2/repository/io/opentracing/contrib/opentracing-tracerresolver/0.1.5/opentracing-tracerresolver-0.1.5.jar:/home/user/.m2/repository/io/opentracing/opentracing-util/0.31.0/opentracing-util-0.31.0.jar:/home/user/.m2/repository/io/opentracing/opentracing-api/0.31.0/opentracing-api-0.31.0.jar:/home/user/.m2/repository/io/opentracing/opentracing-noop/0.31.0/opentracing-noop-0.31.0.jar:/home/user/.m2/repository/org/apache/hadoop/hadoop-hdds-server-framework/0.5.0-SNAPSHOT/hadoop-hdds-server-framework-0.5.0-SNAPSHOT.jar:/home/user/.m2/repository/org/apache/hadoop/hadoop-hdds-container-service/0.5.0-SNAPSHOT/hadoop-hdds-container-service-0.5.0-SNAPSHOT.jar:/home/user/.m2/repository/org/apache/hadoop/hadoop-hdds-client/0.5.0-SNAPSHOT/hadoop-hdds-client-0.5.0-SNAPSHOT.jar:/home/user/.m2/repository/org/apache/hadoop/hadoop-hdds-tools/0.5.0-SNAPSHOT/hadoop-hdds-tools-0.5.0-SNAPSHOT.jar:/home/user/.m2/repository/org/apache/hadoop/hadoop-hdds-server-scm/0.5.0-SNAPSHOT/hadoop-hdds-server-scm-0.5.0-SNAPSHOT.jar:/home/user/.m2/repository/org/apache/hadoop/hadoop-hdds-docs/0.5.0-SNAPSHOT/hadoop-hdds-docs-0.5.0-SNAPSHOT.jar:/home/user/.m2/repository/io/dropwizard/metrics/metrics-core/3.2.4/metrics-core-3.2.4.jar:/home/user/.m2/repository/org/hamcrest/hamcrest-all/1.3/hamcrest-all-1.3.jar:/home/user/.m2/repository/org/bouncycastle/bcprov-jdk15on/1.60/bcprov-jdk15on-1.60.jar:/home/user/.m2/repository/info/picocli/picocli/3.9.6/picocli-3.9.6.jar:/home/user/.m2/repository/com/google/protobuf/protobuf-java/2.5.0/protobuf-java-2.5.0.jar:/home/user/.m2/repository/com/google/guava/guava/11.0.2/guava-11.0.2.jar:/home/user/.m2/repository/org/apache/hadoop/hadoop-ozone-ozone-manager/0.5.0-SNAPSHOT/hadoop-ozone-ozone-manager-0.5.0-SNAPSHOT.jar:/home/user/.m2/repository/org/apache/hadoop/hadoop-minikdc/3.2.0/hadoop-minikdc-3.2.0.jar:/home/user/.m2/repository/commons-io/commons-io/2.5/commons-io-2.5.jar:/home/user/.m2/repository/org/apache/kerby/kerb-simplekdc/1.0.1/kerb-simplekdc-1.0.1.jar:/home/user/.m2/repository/org/apache/kerby/kerb-client/1.0.1/kerb-client-1.0.1.jar:/home/user/.m2/repository/org/apache/kerby/kerby-config/1.0.1/kerby-config-1.0.1.jar:/home/user/.m2/repository/org/apache/kerby/kerb-core/1.0.1/kerb-core-1.0.1.jar:/home/user/.m2/repository/org/apache/kerby/kerby-pkix/1.0.1/kerby-pkix-1.0.1.jar:/home/user/.m2/repository/org/apache/kerby/kerby-asn1/1.0.1/kerby-asn1-1.0.1.jar:/home/user/.m2/repository/org/apache/kerby/kerby-util/1.0.1/kerby-util-1.0.1.jar:/home/user/.m2/repository/org/apache/kerby/kerb-common/1.0.1/kerb-common-1.0.1.jar:/home/user/.m2/repository/org/apache/kerby/kerb-crypto/1.0.1/kerb-crypto-1.0.1.jar:/home/user/.m2/repository/org/apache/kerby/kerb-util/1.0.1/kerb-util-1.0.1.jar:/home/user/.m2/repository/org/apache/kerby/token-provider/1.0.1/token-provider-1.0.1.jar:/home/user/.m2/repository/org/apache/kerby/kerb-admin/1.0.1/kerb-admin-1.0.1.jar:/home/user/.m2/repository/org/apache/kerby/kerb-server/1.0.1/kerb-server-1.0.1.jar:/home/user/.m2/repository/org/apache/kerby/kerb-identity/1.0.1/kerb-identity-1.0.1.jar:/home/user/.m2/repository/org/apache/kerby/kerby-xdr/1.0.1/kerby-xdr-1.0.1.jar:/home/user/.m2/repository/org/slf4j/slf4j-log4j12/1.7.25/slf4j-log4j12-1.7.25.jar:/home/user/.m2/repository/org/apache/hadoop/hadoop-ozone-s3gateway/0.5.0-SNAPSHOT/hadoop-ozone-s3gateway-0.5.0-SNAPSHOT.jar:/home/user/.m2/repository/org/jboss/weld/servlet/weld-servlet/2.4.7.Final/weld-servlet-2.4.7.Final.jar:/home/user/.m2/repository/org/glassfish/jersey/containers/jersey-container-servlet-core/2.27/jersey-container-servlet-core-2.27.jar:/home/user/.m2/repository/org/glassfish/hk2/external/javax.inject/2.5.0-b42/javax.inject-2.5.0-b42.jar:/home/user/.m2/repository/org/glassfish/jersey/core/jersey-common/2.27/jersey-common-2.27.jar:/home/user/.m2/repository/org/glassfish/hk2/osgi-resource-locator/1.0.1/osgi-resource-locator-1.0.1.jar:/home/user/.m2/repository/javax/ws/rs/javax.ws.rs-api/2.1/javax.ws.rs-api-2.1.jar:/home/user/.m2/repository/org/glassfish/jersey/ext/cdi/jersey-cdi1x/2.27/jersey-cdi1x-2.27.jar:/home/user/.m2/repository/org/glassfish/jersey/inject/jersey-hk2/2.27/jersey-hk2-2.27.jar:/home/user/.m2/repository/org/glassfish/hk2/hk2-locator/2.5.0-b42/hk2-locator-2.5.0-b42.jar:/home/user/.m2/repository/org/javassist/javassist/3.22.0-CR2/javassist-3.22.0-CR2.jar:/home/user/.m2/repository/org/glassfish/hk2/hk2-api/2.5.0/hk2-api-2.5.0.jar:/home/user/.m2/repository/org/glassfish/hk2/external/jakarta.inject/2.5.0/jakarta.inject-2.5.0.jar:/home/user/.m2/repository/org/glassfish/hk2/hk2-utils/2.5.0/hk2-utils-2.5.0.jar:/home/user/.m2/repository/jakarta/annotation/jakarta.annotation-api/1.3.4/jakarta.annotation-api-1.3.4.jar:/home/user/.m2/repository/org/glassfish/hk2/external/aopalliance-repackaged/2.5.0/aopalliance-repackaged-2.5.0.jar:/home/user/.m2/repository/com/fasterxml/jackson/dataformat/jackson-dataformat-xml/2.9.0/jackson-dataformat-xml-2.9.0.jar:/home/user/.m2/repository/com/fasterxml/jackson/core/jackson-core/2.9.9/jackson-core-2.9.9.jar:/home/user/.m2/repository/com/fasterxml/jackson/module/jackson-module-jaxb-annotations/2.9.9/jackson-module-jaxb-annotations-2.9.9.jar:/home/user/.m2/repository/javax/enterprise/cdi-api/1.2/cdi-api-1.2.jar:/home/user/.m2/repository/javax/el/javax.el-api/3.0.0/javax.el-api-3.0.0.jar:/home/user/.m2/repository/javax/interceptor/javax.interceptor-api/1.2/javax.interceptor-api-1.2.jar:/home/user/.m2/repository/javax/inject/javax.inject/1/javax.inject-1.jar:/home/user/.m2/repository/com/sun/xml/bind/jaxb-impl/2.3.0.1/jaxb-impl-2.3.0.1.jar:/home/user/.m2/repository/com/sun/xml/bind/jaxb-core/2.3.0.1/jaxb-core-2.3.0.1.jar:/home/user/.m2/repository/javax/xml/bind/jaxb-api/2.3.0/jaxb-api-2.3.0.jar:/home/user/.m2/repository/javax/activation/activation/1.1.1/activation-1.1.1.jar:/home/user/.m2/repository/org/apache/hadoop/hadoop-ozone-csi/0.5.0-SNAPSHOT/hadoop-ozone-csi-0.5.0-SNAPSHOT.jar:/home/user/.m2/repository/com/google/protobuf/protobuf-java-util/3.5.1/protobuf-java-util-3.5.1.jar:/home/user/.m2/repository/org/apache/hadoop/hadoop-hdds-config/0.5.0-SNAPSHOT/hadoop-hdds-config-0.5.0-SNAPSHOT.jar:/home/user/.m2/repository/io/grpc/grpc-netty/1.17.1/grpc-netty-1.17.1.jar:/home/user/.m2/repository/io/grpc/grpc-core/1.17.1/grpc-core-1.17.1.jar:/home/user/.m2/repository/io/grpc/grpc-context/1.17.1/grpc-context-1.17.1.jar:/home/user/.m2/repository/com/google/errorprone/error_prone_annotations/2.2.0/error_prone_annotations-2.2.0.jar:/home/user/.m2/repository/org/codehaus/mojo/animal-sniffer-annotations/1.17/animal-sniffer-annotations-1.17.jar:/home/user/.m2/repository/io/opencensus/opencensus-api/0.17.0/opencensus-api-0.17.0.jar:/home/user/.m2/repository/io/opencensus/opencensus-contrib-grpc-metrics/0.17.0/opencensus-contrib-grpc-metrics-0.17.0.jar:/home/user/.m2/repository/io/netty/netty-codec-http2/4.1.30.Final/netty-codec-http2-4.1.30.Final.jar:/home/user/.m2/repository/io/netty/netty-codec-http/4.1.30.Final/netty-codec-http-4.1.30.Final.jar:/home/user/.m2/repository/io/netty/netty-codec/4.1.30.Final/netty-codec-4.1.30.Final.jar:/home/user/.m2/repository/io/netty/netty-handler/4.1.30.Final/netty-handler-4.1.30.Final.jar:/home/user/.m2/repository/io/netty/netty-handler-proxy/4.1.30.Final/netty-handler-proxy-4.1.30.Final.jar:/home/user/.m2/repository/io/netty/netty-codec-socks/4.1.30.Final/netty-codec-socks-4.1.30.Final.jar:/home/user/.m2/repository/io/netty/netty-transport-native-epoll/4.1.30.Final/netty-transport-native-epoll-4.1.30.Final.jar:/home/user/.m2/repository/io/netty/netty-common/4.1.30.Final/netty-common-4.1.30.Final.jar:/home/user/.m2/repository/io/netty/netty-buffer/4.1.30.Final/netty-buffer-4.1.30.Final.jar:/home/user/.m2/repository/io/netty/netty-transport/4.1.30.Final/netty-transport-4.1.30.Final.jar:/home/user/.m2/repository/io/netty/netty-resolver/4.1.30.Final/netty-resolver-4.1.30.Final.jar:/home/user/.m2/repository/io/netty/netty-transport-native-unix-common/4.1.30.Final/netty-transport-native-unix-common-4.1.30.Final.jar:/home/user/.m2/repository/io/grpc/grpc-protobuf/1.17.1/grpc-protobuf-1.17.1.jar:/home/user/.m2/repository/com/google/api/grpc/proto-google-common-protos/1.0.0/proto-google-common-protos-1.0.0.jar:/home/user/.m2/repository/io/grpc/grpc-protobuf-lite/1.17.1/grpc-protobuf-lite-1.17.1.jar:/home/user/.m2/repository/io/grpc/grpc-stub/1.17.1/grpc-stub-1.17.1.jar:/home/user/.m2/repository/org/apache/hadoop/hadoop-ozone-recon/0.5.0-SNAPSHOT/hadoop-ozone-recon-0.5.0-SNAPSHOT.jar:/home/user/.m2/repository/org/apache/hadoop/hadoop-ozone-reconcodegen/0.5.0-SNAPSHOT/hadoop-ozone-reconcodegen-0.5.0-SNAPSHOT.jar:/home/user/.m2/repository/com/google/inject/extensions/guice-multibindings/4.0/guice-multibindings-4.0.jar:/home/user/.m2/repository/com/google/inject/guice/4.0/guice-4.0.jar:/home/user/.m2/repository/aopalliance/aopalliance/1.0/aopalliance-1.0.jar:/home/user/.m2/repository/com/google/inject/extensions/guice-servlet/4.0/guice-servlet-4.0.jar:/home/user/.m2/repository/org/glassfish/jersey/containers/jersey-container-servlet/2.27/jersey-container-servlet-2.27.jar:/home/user/.m2/repository/org/glassfish/hk2/guice-bridge/2.5.0/guice-bridge-2.5.0.jar:/home/user/.m2/repository/org/glassfish/jersey/core/jersey-server/2.27/jersey-server-2.27.jar:/home/user/.m2/repository/org/glassfish/jersey/core/jersey-client/2.27/jersey-client-2.27.jar:/home/user/.m2/repository/org/glassfish/jersey/media/jersey-media-jaxb/2.27/jersey-media-jaxb-2.27.jar:/home/user/.m2/repository/javax/validation/validation-api/1.1.0.Final/validation-api-1.1.0.Final.jar:/home/user/.m2/repository/org/glassfish/jersey/media/jersey-media-json-jackson/2.27/jersey-media-json-jackson-2.27.jar:/home/user/.m2/repository/org/glassfish/jersey/ext/jersey-entity-filtering/2.27/jersey-entity-filtering-2.27.jar:/home/user/.m2/repository/com/google/inject/extensions/guice-assistedinject/4.0/guice-assistedinject-4.0.jar:/home/user/.m2/repository/org/jooq/jooq/3.11.10/jooq-3.11.10.jar:/home/user/.m2/repository/org/jooq/jooq-meta/3.11.10/jooq-meta-3.11.10.jar:/home/user/.m2/repository/org/jooq/jooq-codegen/3.11.10/jooq-codegen-3.11.10.jar:/home/user/.m2/repository/com/jolbox/bonecp/0.8.0.RELEASE/bonecp-0.8.0.RELEASE.jar:/home/user/.m2/repository/org/xerial/sqlite-jdbc/3.25.2/sqlite-jdbc-3.25.2.jar:/home/user/.m2/repository/org/springframework/spring-jdbc/5.1.3.RELEASE/spring-jdbc-5.1.3.RELEASE.jar:/home/user/.m2/repository/org/springframework/spring-beans/5.1.3.RELEASE/spring-beans-5.1.3.RELEASE.jar:/home/user/.m2/repository/org/springframework/spring-core/5.1.3.RELEASE/spring-core-5.1.3.RELEASE.jar:/home/user/.m2/repository/org/springframework/spring-jcl/5.1.3.RELEASE/spring-jcl-5.1.3.RELEASE.jar:/home/user/.m2/repository/org/springframework/spring-tx/5.1.3.RELEASE/spring-tx-5.1.3.RELEASE.jar:/home/user/.m2/repository/org/apache/hadoop/hadoop-ozone-client/0.5.0-SNAPSHOT/hadoop-ozone-client-0.5.0-SNAPSHOT.jar:/home/user/.m2/repository/commons-lang/commons-lang/2.6/commons-lang-2.6.jar:/home/user/.m2/repository/org/apache/hadoop/hadoop-ozone-ozone-manager/0.5.0-SNAPSHOT/hadoop-ozone-ozone-manager-0.5.0-SNAPSHOT-tests.jar:/home/user/.m2/repository/junit/junit/4.11/junit-4.11.jar:/home/user/.m2/repository/org/hamcrest/hamcrest-core/1.3/hamcrest-core-1.3.jar:/home/user/.m2/repository/org/openjdk/jmh/jmh-core/1.19/jmh-core-1.19.jar:/home/user/.m2/repository/net/sf/jopt-simple/jopt-simple/4.6/jopt-simple-4.6.jar:/home/user/.m2/repository/org/apache/commons/commons-math3/3.1.1/commons-math3-3.1.1.jar:/home/user/.m2/repository/org/openjdk/jmh/jmh-generator-annprocess/1.19/jmh-generator-annprocess-1.19.jar:/home/user/.m2/repository/org/mockito/mockito-all/1.8.5/mockito-all-1.8.5.jar:/home/user/.m2/repository/org/apache/hadoop/hadoop-kms/3.2.0/hadoop-kms-3.2.0.jar:/home/user/.m2/repository/org/apache/hadoop/hadoop-auth/3.2.0/hadoop-auth-3.2.0.jar:/home/user/.m2/repository/com/nimbusds/nimbus-jose-jwt/4.41.1/nimbus-jose-jwt-4.41.1.jar:/home/user/.m2/repository/com/github/stephenc/jcip/jcip-annotations/1.0-1/jcip-annotations-1.0-1.jar:/home/user/.m2/repository/net/minidev/json-smart/2.3/json-smart-2.3.jar:/home/user/.m2/repository/net/minidev/accessors-smart/1.2/accessors-smart-1.2.jar:/home/user/.m2/repository/org/ow2/asm/asm/5.0.4/asm-5.0.4.jar:/home/user/.m2/repository/org/apache/curator/curator-framework/2.12.0/curator-framework-2.12.0.jar:/home/user/.m2/repository/com/sun/jersey/jersey-core/1.19/jersey-core-1.19.jar:/home/user/.m2/repository/javax/ws/rs/jsr311-api/1.1.1/jsr311-api-1.1.1.jar:/home/user/.m2/repository/com/sun/jersey/jersey-server/1.19/jersey-server-1.19.jar:/home/user/.m2/repository/javax/servlet/javax.servlet-api/3.1.0/javax.servlet-api-3.1.0.jar:/home/user/.m2/repository/org/eclipse/jetty/jetty-server/9.3.25.v20180904/jetty-server-9.3.25.v20180904.jar:/home/user/.m2/repository/org/eclipse/jetty/jetty-http/9.3.25.v20180904/jetty-http-9.3.25.v20180904.jar:/home/user/.m2/repository/org/eclipse/jetty/jetty-io/9.3.25.v20180904/jetty-io-9.3.25.v20180904.jar:/home/user/.m2/repository/org/eclipse/jetty/jetty-webapp/9.3.25.v20180904/jetty-webapp-9.3.25.v20180904.jar:/home/user/.m2/repository/org/eclipse/jetty/jetty-xml/9.3.25.v20180904/jetty-xml-9.3.25.v20180904.jar:/home/user/.m2/repository/log4j/log4j/1.2.17/log4j-1.2.17.jar:/home/user/.m2/repository/org/slf4j/slf4j-api/1.7.25/slf4j-api-1.7.25.jar:/home/user/.m2/repository/org/slf4j/jul-to-slf4j/1.7.25/jul-to-slf4j-1.7.25.jar:/home/user/.m2/repository/org/eclipse/jetty/jetty-util/9.3.25.v20180904/jetty-util-9.3.25.v20180904.jar:/home/user/.m2/repository/com/fasterxml/jackson/core/jackson-databind/2.9.9/jackson-databind-2.9.9.jar:/home/user/.m2/repository/org/apache/hadoop/hadoop-kms/3.2.0/hadoop-kms-3.2.0-tests.jar:/home/user/.m2/repository/org/apache/hadoop/hadoop-hdds-server-scm/0.5.0-SNAPSHOT/hadoop-hdds-server-scm-0.5.0-SNAPSHOT-tests.jar:/home/user/.m2/repository/org/apache/hadoop/hadoop-hdds-container-service/0.5.0-SNAPSHOT/hadoop-hdds-container-service-0.5.0-SNAPSHOT-tests.jar:/home/user/.m2/repository/org/yaml/snakeyaml/1.16/snakeyaml-1.16.jar:/home/user/.m2/repository/org/apache/hadoop/hadoop-common/3.2.0/hadoop-common-3.2.0-tests.jar:/home/user/.m2/repository/org/apache/hadoop/hadoop-annotations/3.2.0/hadoop-annotations-3.2.0.jar:/usr/lib/jvm/java-1.8-openjdk/jre/../lib/tools.jar:/home/user/.m2/repository/commons-cli/commons-cli/1.2/commons-cli-1.2.jar:/home/user/.m2/repository/org/apache/httpcomponents/httpclient/4.5.2/httpclient-4.5.2.jar:/home/user/.m2/repository/org/apache/httpcomponents/httpcore/4.4.4/httpcore-4.4.4.jar:/home/user/.m2/repository/commons-codec/commons-codec/1.11/commons-codec-1.11.jar:/home/user/.m2/repository/commons-net/commons-net/3.6/commons-net-3.6.jar:/home/user/.m2/repository/commons-collections/commons-collections/3.2.2/commons-collections-3.2.2.jar:/home/user/.m2/repository/org/eclipse/jetty/jetty-servlet/9.3.25.v20180904/jetty-servlet-9.3.25.v20180904.jar:/home/user/.m2/repository/org/eclipse/jetty/jetty-security/9.3.25.v20180904/jetty-security-9.3.25.v20180904.jar:/home/user/.m2/repository/javax/servlet/jsp/jsp-api/2.1/jsp-api-2.1.jar:/home/user/.m2/repository/com/sun/jersey/jersey-servlet/1.19/jersey-servlet-1.19.jar:/home/user/.m2/repository/com/sun/jersey/jersey-json/1.19/jersey-json-1.19.jar:/home/user/.m2/repository/org/codehaus/jettison/jettison/1.1/jettison-1.1.jar:/home/user/.m2/repository/org/codehaus/jackson/jackson-core-asl/1.9.13/jackson-core-asl-1.9.13.jar:/home/user/.m2/repository/org/codehaus/jackson/jackson-mapper-asl/1.9.13/jackson-mapper-asl-1.9.13.jar:/home/user/.m2/repository/org/codehaus/jackson/jackson-jaxrs/1.9.13/jackson-jaxrs-1.9.13.jar:/home/user/.m2/repository/org/codehaus/jackson/jackson-xc/1.9.13/jackson-xc-1.9.13.jar:/home/user/.m2/repository/commons-logging/commons-logging/1.1.3/commons-logging-1.1.3.jar:/home/user/.m2/repository/commons-beanutils/commons-beanutils/1.9.4/commons-beanutils-1.9.4.jar:/home/user/.m2/repository/org/apache/commons/commons-configuration2/2.1.1/commons-configuration2-2.1.1.jar:/home/user/.m2/repository/org/apache/commons/commons-lang3/3.7/commons-lang3-3.7.jar:/home/user/.m2/repository/org/apache/commons/commons-text/1.4/commons-text-1.4.jar:/home/user/.m2/repository/org/apache/avro/avro/1.7.7/avro-1.7.7.jar:/home/user/.m2/repository/com/thoughtworks/paranamer/paranamer/2.3/paranamer-2.3.jar:/home/user/.m2/repository/org/xerial/snappy/snappy-java/1.0.5/snappy-java-1.0.5.jar:/home/user/.m2/repository/com/google/re2j/re2j/1.1/re2j-1.1.jar:/home/user/.m2/repository/com/google/code/gson/gson/2.2.4/gson-2.2.4.jar:/home/user/.m2/repository/com/jcraft/jsch/0.1.54/jsch-0.1.54.jar:/home/user/.m2/repository/org/apache/curator/curator-client/2.12.0/curator-client-2.12.0.jar:/home/user/.m2/repository/org/apache/curator/curator-recipes/2.12.0/curator-recipes-2.12.0.jar:/home/user/.m2/repository/com/google/code/findbugs/jsr305/3.0.0/jsr305-3.0.0.jar:/home/user/.m2/repository/org/apache/htrace/htrace-core4/4.1.0-incubating/htrace-core4-4.1.0-incubating.jar:/home/user/.m2/repository/org/apache/zookeeper/zookeeper/3.4.13/zookeeper-3.4.13.jar:/home/user/.m2/repository/jline/jline/0.9.94/jline-0.9.94.jar:/home/user/.m2/repository/org/apache/yetus/audience-annotations/0.5.0/audience-annotations-0.5.0.jar:/home/user/.m2/repository/org/codehaus/woodstox/stax2-api/3.1.4/stax2-api-3.1.4.jar:/home/user/.m2/repository/com/fasterxml/woodstox/woodstox-core/5.0.3/woodstox-core-5.0.3.jar:/home/user/.m2/repository/dnsjava/dnsjava/2.1.7/dnsjava-2.1.7.jar:/home/user/.m2/repository/org/apache/hadoop/hadoop-hdfs/3.2.0/hadoop-hdfs-3.2.0-tests.jar:/home/user/.m2/repository/org/eclipse/jetty/jetty-util-ajax/9.3.25.v20180904/jetty-util-ajax-9.3.25.v20180904.jar:/home/user/.m2/repository/commons-daemon/commons-daemon/1.0.13/commons-daemon-1.0.13.jar:/home/user/.m2/repository/io/netty/netty/3.10.5.Final/netty-3.10.5.Final.jar:/home/user/.m2/repository/io/netty/netty-all/4.0.52.Final/netty-all-4.0.52.Final.jar:/home/user/.m2/repository/org/fusesource/leveldbjni/leveldbjni-all/1.8/leveldbjni-all-1.8.jar:"/>
    <property name="sun.cpu.endian" value="little"/>
    <property name="user.home" value="/home/user"/>
    <property name="user.language" value="en"/>
    <property name="java.specification.vendor" value="Oracle Corporation"/>
    <property name="java.home" value="/usr/lib/jvm/java-1.8-openjdk/jre"/>
    <property name="java.security.krb5.conf" value="/workdir/hadoop-ozone/integration-test/target/test-classes/krb5.conf"/>
    <property name="basedir" value="/workdir/hadoop-ozone/integration-test"/>
    <property name="file.separator" value="/"/>
    <property name="line.separator" value="&#10;"/>
    <property name="java.vm.specification.vendor" value="Oracle Corporation"/>
    <property name="java.specification.name" value="Java Platform API Specification"/>
    <property name="java.awt.graphicsenv" value="sun.awt.X11GraphicsEnvironment"/>
    <property name="surefire.real.class.path" value="/workdir/hadoop-ozone/integration-test/target/surefire/surefirebooter2602596602575704538.jar"/>
    <property name="hadoop.log.dir" value="/workdir/hadoop-ozone/integration-test/target/log"/>
    <property name="sun.boot.class.path" value="/usr/lib/jvm/java-1.8-openjdk/jre/lib/resources.jar:/usr/lib/jvm/java-1.8-openjdk/jre/lib/rt.jar:/usr/lib/jvm/java-1.8-openjdk/jre/lib/sunrsasign.jar:/usr/lib/jvm/java-1.8-openjdk/jre/lib/jsse.jar:/usr/lib/jvm/java-1.8-openjdk/jre/lib/jce.jar:/usr/lib/jvm/java-1.8-openjdk/jre/lib/charsets.jar:/usr/lib/jvm/java-1.8-openjdk/jre/lib/jfr.jar:/usr/lib/jvm/java-1.8-openjdk/jre/classes"/>
    <property name="sun.management.compiler" value="HotSpot 64-Bit Tiered Compilers"/>
    <property name="java.runtime.version" value="1.8.0_212-b04"/>
    <property name="java.net.preferIPv4Stack" value="true"/>
    <property name="user.name" value="jenkins1000"/>
    <property name="path.separator" value=":"/>
    <property name="java.security.egd" value="file:///dev/urandom"/>
    <property name="os.version" value="3.10.0-957.12.2.el7.x86_64"/>
    <property name="java.endorsed.dirs" value="/usr/lib/jvm/java-1.8-openjdk/jre/lib/endorsed"/>
    <property name="java.runtime.name" value="OpenJDK Runtime Environment"/>
    <property name="file.encoding" value="UTF-8"/>
    <property name="java.vm.name" value="OpenJDK 64-Bit Server VM"/>
    <property name="test.build.webapps" value=""/>
    <property name="localRepository" value="/home/user/.m2/repository"/>
    <property name="java.vendor.url.bug" value="https://icedtea.classpath.org/bugzilla"/>
    <property name="java.io.tmpdir" value="/tmp"/>
    <property name="require.test.libhadoop" value=""/>
    <property name="java.version" value="1.8.0_212"/>
    <property name="user.dir" value="/workdir/hadoop-ozone/integration-test"/>
    <property name="os.arch" value="amd64"/>
    <property name="java.vm.specification.name" value="Java Virtual Machine Specification"/>
    <property name="test.build.classes" value="/workdir/hadoop-ozone/integration-test/target/test-classes"/>
    <property name="java.awt.printerjob" value="sun.print.PSPrinterJob"/>
    <property name="sun.os.patch.level" value="unknown"/>
    <property name="hadoop.tmp.dir" value="/workdir/hadoop-ozone/integration-test/target/tmp"/>
    <property name="java.library.path" value="/usr/lib/jvm/java-1.8-openjdk/jre/lib/amd64/server:/usr/lib/jvm/java-1.8-openjdk/jre/lib/amd64:/usr/lib/jvm/java-1.8-openjdk/jre/../lib/amd64:/workdir/hadoop-ozone/integration-test/target/native/target/usr/local/lib:/workdir/hadoop-ozone/integration-test/../../hadoop-common-project/hadoop-common/target/native/target/usr/local/lib:/usr/java/packages/lib/amd64:/usr/lib64:/lib64:/lib:/usr/lib"/>
    <property name="java.vm.info" value="mixed mode"/>
    <property name="java.vendor" value="IcedTea"/>
    <property name="java.vm.version" value="25.212-b04"/>
    <property name="java.ext.dirs" value="/usr/lib/jvm/java-1.8-openjdk/jre/lib/ext:/usr/java/packages/lib/ext"/>
    <property name="sun.io.unicode.encoding" value="UnicodeLittle"/>
    <property name="java.class.version" value="52.0"/>
  </properties>
  <testcase name="testWatchForCommitWithKeyWrite" classname="org.apache.hadoop.ozone.client.rpc.TestWatchForCommit" time="24.737">
    <error message="Allocated 0 blocks. Requested 1 blocks" type="INTERNAL_ERROR org.apache.hadoop.ozone.om.exceptions.OMException">INTERNAL_ERROR org.apache.hadoop.ozone.om.exceptions.OMException: Allocated 0 blocks. Requested 1 blocks
	at org.apache.hadoop.ozone.om.protocolPB.OzoneManagerProtocolClientSideTranslatorPB.handleError(OzoneManagerProtocolClientSideTranslatorPB.java:732)
	at org.apache.hadoop.ozone.om.protocolPB.OzoneManagerProtocolClientSideTranslatorPB.openKey(OzoneManagerProtocolClientSideTranslatorPB.java:723)
	at sun.reflect.NativeMethodAccessorImpl.invoke0(Native Method)
	at sun.reflect.NativeMethodAccessorImpl.invoke(NativeMethodAccessorImpl.java:62)
	at sun.reflect.DelegatingMethodAccessorImpl.invoke(DelegatingMethodAccessorImpl.java:43)
	at java.lang.reflect.Method.invoke(Method.java:498)
	at org.apache.hadoop.hdds.tracing.TraceAllMethod.invoke(TraceAllMethod.java:66)
	at com.sun.proxy.$Proxy35.openKey(Unknown Source)
	at org.apache.hadoop.ozone.client.rpc.RpcClient.createKey(RpcClient.java:614)
	at org.apache.hadoop.ozone.client.OzoneBucket.createKey(OzoneBucket.java:325)
	at org.apache.hadoop.ozone.container.ContainerTestHelper.createKey(ContainerTestHelper.java:695)
	at org.apache.hadoop.ozone.client.rpc.TestWatchForCommit.createKey(TestWatchForCommit.java:456)
	at org.apache.hadoop.ozone.client.rpc.TestWatchForCommit.testWatchForCommitWithKeyWrite(TestWatchForCommit.java:157)
	at sun.reflect.NativeMethodAccessorImpl.invoke0(Native Method)
	at sun.reflect.NativeMethodAccessorImpl.invoke(NativeMethodAccessorImpl.java:62)
	at sun.reflect.DelegatingMethodAccessorImpl.invoke(DelegatingMethodAccessorImpl.java:43)
	at java.lang.reflect.Method.invoke(Method.java:498)
	at org.junit.runners.model.FrameworkMethod$1.runReflectiveCall(FrameworkMethod.java:47)
	at org.junit.internal.runners.model.ReflectiveCallable.run(ReflectiveCallable.java:12)
	at org.junit.runners.model.FrameworkMethod.invokeExplosively(FrameworkMethod.java:44)
	at org.junit.internal.runners.statements.InvokeMethod.evaluate(InvokeMethod.java:17)
	at org.junit.runners.ParentRunner.runLeaf(ParentRunner.java:271)
	at org.junit.runners.BlockJUnit4ClassRunner.runChild(BlockJUnit4ClassRunner.java:70)
	at org.junit.runners.BlockJUnit4ClassRunner.runChild(BlockJUnit4ClassRunner.java:50)
	at org.junit.runners.ParentRunner$3.run(ParentRunner.java:238)
	at org.junit.runners.ParentRunner$1.schedule(ParentRunner.java:63)
	at org.junit.runners.ParentRunner.runChildren(ParentRunner.java:236)
	at org.junit.runners.ParentRunner.access$000(ParentRunner.java:53)
	at org.junit.runners.ParentRunner$2.evaluate(ParentRunner.java:229)
	at org.junit.runners.ParentRunner.run(ParentRunner.java:309)
	at org.apache.maven.surefire.junit4.JUnit4Provider.execute(JUnit4Provider.java:365)
	at org.apache.maven.surefire.junit4.JUnit4Provider.executeWithRerun(JUnit4Provider.java:273)
	at org.apache.maven.surefire.junit4.JUnit4Provider.executeTestSet(JUnit4Provider.java:238)
	at org.apache.maven.surefire.junit4.JUnit4Provider.invoke(JUnit4Provider.java:159)
	at org.apache.maven.surefire.booter.ForkedBooter.invokeProviderInSameClassLoader(ForkedBooter.java:384)
	at org.apache.maven.surefire.booter.ForkedBooter.runSuitesInProcess(ForkedBooter.java:345)
	at org.apache.maven.surefire.booter.ForkedBooter.execute(ForkedBooter.java:126)
	at org.apache.maven.surefire.booter.ForkedBooter.main(ForkedBooter.java:418)
</error>
    <system-out><![CDATA[2019-10-01 03:09:56,561 [main] WARN  server.ServerUtils (ServerUtils.java:getScmDbDir(145)) - ozone.scm.db.dirs is not configured. We recommend adding this setting. Falling back to ozone.metadata.dirs instead.
2019-10-01 03:09:56,642 [main] WARN  server.ServerUtils (ServerUtils.java:getScmDbDir(145)) - ozone.scm.db.dirs is not configured. We recommend adding this setting. Falling back to ozone.metadata.dirs instead.
2019-10-01 03:09:56,644 [main] WARN  server.ServerUtils (ServerUtils.java:getScmDbDir(145)) - ozone.scm.db.dirs is not configured. We recommend adding this setting. Falling back to ozone.metadata.dirs instead.
2019-10-01 03:09:56,657 [main] INFO  util.log (Log.java:initialized(192)) - Logging initialized @764ms
2019-10-01 03:09:56,738 [main] INFO  db.DBStoreBuilder (DBStoreBuilder.java:addTable(110)) - using custom profile for table: deletedBlocks
2019-10-01 03:09:56,739 [main] INFO  db.DBStoreBuilder (DBStoreBuilder.java:processTables(161)) - Using default column profile:DBProfile.DISK for Table:deletedBlocks
2019-10-01 03:09:56,739 [main] INFO  db.DBStoreBuilder (DBStoreBuilder.java:addTable(110)) - using custom profile for table: validCerts
2019-10-01 03:09:56,739 [main] INFO  db.DBStoreBuilder (DBStoreBuilder.java:processTables(161)) - Using default column profile:DBProfile.DISK for Table:validCerts
2019-10-01 03:09:56,740 [main] INFO  db.DBStoreBuilder (DBStoreBuilder.java:addTable(110)) - using custom profile for table: revokedCerts
2019-10-01 03:09:56,740 [main] INFO  db.DBStoreBuilder (DBStoreBuilder.java:processTables(161)) - Using default column profile:DBProfile.DISK for Table:revokedCerts
2019-10-01 03:09:56,749 [main] INFO  db.DBStoreBuilder (DBStoreBuilder.java:addTable(110)) - using custom profile for table: default
2019-10-01 03:09:56,750 [main] INFO  db.DBStoreBuilder (DBStoreBuilder.java:processTables(167)) - Using default column profile:DBProfile.DISK for Table:default
2019-10-01 03:09:56,751 [main] INFO  db.DBStoreBuilder (DBStoreBuilder.java:getDbProfile(198)) - Using default options. DBProfile.DISK
2019-10-01 03:09:56,929 [main] INFO  net.NodeSchemaLoader (NodeSchemaLoader.java:loadSchemaFromFile(125)) - Loading file from sun.misc.CompoundEnumeration@4802796d
2019-10-01 03:09:56,930 [main] INFO  net.NodeSchemaLoader (NodeSchemaLoader.java:loadSchema(171)) - Loading network topology layer schema file
2019-10-01 03:09:56,989 [main] WARN  server.ServerUtils (ServerUtils.java:sanitizeUserArgs(70)) - ozone.scm.stale.node.interval value = 300000 is larger than max = 100000 based on the key value of ozone.scm.heartbeat.thread.interval, reset to the max value 100000.
2019-10-01 03:09:56,991 [main] WARN  server.ServerUtils (ServerUtils.java:sanitizeUserArgs(70)) - ozone.scm.stale.node.interval value = 300000 is larger than max = 100000 based on the key value of ozone.scm.heartbeat.thread.interval, reset to the max value 100000.
2019-10-01 03:09:56,993 [main] INFO  node.SCMNodeManager (SCMNodeManager.java:<init>(114)) - Entering startup safe mode.
2019-10-01 03:09:57,086 [main] INFO  algorithms.ContainerPlacementPolicyFactory (ContainerPlacementPolicyFactory.java:getPolicy(57)) - Create container placement policy of type org.apache.hadoop.hdds.scm.container.placement.algorithms.SCMContainerPlacementRandom
2019-10-01 03:09:57,102 [main] WARN  server.ServerUtils (ServerUtils.java:getScmDbDir(145)) - ozone.scm.db.dirs is not configured. We recommend adding this setting. Falling back to ozone.metadata.dirs instead.
2019-10-01 03:09:57,168 [main] INFO  pipeline.SCMPipelineManager (SCMPipelineManager.java:initializePipelineState(132)) - No pipeline exists in current db
2019-10-01 03:09:57,172 [main] WARN  server.ServerUtils (ServerUtils.java:getScmDbDir(145)) - ozone.scm.db.dirs is not configured. We recommend adding this setting. Falling back to ozone.metadata.dirs instead.
2019-10-01 03:09:57,274 [main] WARN  events.EventQueue (EventQueue.java:fireEvent(183)) - No event handler registered for event TypedEvent{payloadType=SafeModeStatus, name='SafeModeStatus'}
2019-10-01 03:09:57,601 [main] INFO  ipc.CallQueueManager (CallQueueManager.java:<init>(84)) - Using callQueue: class java.util.concurrent.LinkedBlockingQueue, queueCapacity: 2000, scheduler: class org.apache.hadoop.ipc.DefaultRpcScheduler, ipcBackoff: false.
2019-10-01 03:09:57,629 [Socket Reader #1 for port 38189] INFO  ipc.Server (Server.java:run(1074)) - Starting Socket Reader #1 for port 38189
2019-10-01 03:09:57,748 [main] INFO  ipc.CallQueueManager (CallQueueManager.java:<init>(84)) - Using callQueue: class java.util.concurrent.LinkedBlockingQueue, queueCapacity: 2000, scheduler: class org.apache.hadoop.ipc.DefaultRpcScheduler, ipcBackoff: false.
2019-10-01 03:09:57,749 [Socket Reader #1 for port 44238] INFO  ipc.Server (Server.java:run(1074)) - Starting Socket Reader #1 for port 44238
2019-10-01 03:09:57,759 [main] INFO  ipc.CallQueueManager (CallQueueManager.java:<init>(84)) - Using callQueue: class java.util.concurrent.LinkedBlockingQueue, queueCapacity: 2000, scheduler: class org.apache.hadoop.ipc.DefaultRpcScheduler, ipcBackoff: false.
2019-10-01 03:09:57,762 [Socket Reader #1 for port 41972] INFO  ipc.Server (Server.java:run(1074)) - Starting Socket Reader #1 for port 41972
2019-10-01 03:09:57,786 [main] INFO  hdfs.DFSUtil (DFSUtil.java:httpServerTemplateForNNAndJN(1641)) - Starting Web-server for scm at: http://0.0.0.0:0
2019-10-01 03:09:57,960 [main] INFO  server.AuthenticationFilter (AuthenticationFilter.java:constructSecretProvider(240)) - Unable to initialize FileSignerSecretProvider, falling back to use random secrets.
2019-10-01 03:09:57,971 [main] WARN  http.HttpRequestLog (HttpRequestLog.java:getRequestLog(97)) - Jetty request log can only be enabled using Log4j
2019-10-01 03:09:57,982 [main] INFO  http.HttpServer2 (HttpServer2.java:addGlobalFilter(975)) - Added global filter 'safety' (class=org.apache.hadoop.http.HttpServer2$QuotingInputFilter)
2019-10-01 03:09:57,986 [main] INFO  http.HttpServer2 (HttpServer2.java:addFilter(948)) - Added filter static_user_filter (class=org.apache.hadoop.http.lib.StaticUserWebFilter$StaticUserFilter) to context scm
2019-10-01 03:09:57,987 [main] INFO  http.HttpServer2 (HttpServer2.java:addFilter(958)) - Added filter static_user_filter (class=org.apache.hadoop.http.lib.StaticUserWebFilter$StaticUserFilter) to context static
2019-10-01 03:09:57,987 [main] INFO  http.HttpServer2 (HttpServer2.java:addFilter(958)) - Added filter static_user_filter (class=org.apache.hadoop.http.lib.StaticUserWebFilter$StaticUserFilter) to context logs
2019-10-01 03:09:58,020 [main] INFO  server.StorageContainerManager (StorageContainerManager.java:start(770)) - StorageContainerLocationProtocol RPC server is listening at /0.0.0.0:41972
2019-10-01 03:09:58,078 [main] WARN  impl.MetricsConfig (MetricsConfig.java:loadFirst(134)) - Cannot locate configuration: tried hadoop-metrics2-storagecontainermanager.properties,hadoop-metrics2.properties
2019-10-01 03:09:58,091 [main] INFO  impl.MetricsSystemImpl (MetricsSystemImpl.java:startTimer(374)) - Scheduled Metric snapshot period at 10 second(s).
2019-10-01 03:09:58,091 [main] INFO  impl.MetricsSystemImpl (MetricsSystemImpl.java:start(191)) - StorageContainerManager metrics system started
2019-10-01 03:09:58,318 [main] INFO  server.SCMClientProtocolServer (SCMClientProtocolServer.java:start(150)) - RPC server for Client  is listening at /0.0.0.0:41972
2019-10-01 03:09:58,320 [IPC Server Responder] INFO  ipc.Server (Server.java:run(1314)) - IPC Server Responder: starting
2019-10-01 03:09:58,320 [IPC Server listener on 41972] INFO  ipc.Server (Server.java:run(1153)) - IPC Server listener on 41972: starting
2019-10-01 03:09:58,323 [main] INFO  server.StorageContainerManager (StorageContainerManager.java:start(780)) - ScmBlockLocationProtocol RPC server is listening at /0.0.0.0:44238
2019-10-01 03:09:58,325 [main] INFO  server.SCMBlockProtocolServer (SCMBlockProtocolServer.java:start(146)) - RPC server for Block Protocol is listening at /0.0.0.0:44238
2019-10-01 03:09:58,326 [IPC Server Responder] INFO  ipc.Server (Server.java:run(1314)) - IPC Server Responder: starting
2019-10-01 03:09:58,327 [IPC Server listener on 44238] INFO  ipc.Server (Server.java:run(1153)) - IPC Server listener on 44238: starting
2019-10-01 03:09:58,338 [main] INFO  server.StorageContainerManager (StorageContainerManager.java:start(784)) - ScmDatanodeProtocl RPC server is listening at /0.0.0.0:38189
2019-10-01 03:09:58,339 [main] INFO  server.SCMDatanodeProtocolServer (SCMDatanodeProtocolServer.java:start(191)) - RPC server for DataNodes is listening at /0.0.0.0:38189
2019-10-01 03:09:58,340 [IPC Server Responder] INFO  ipc.Server (Server.java:run(1314)) - IPC Server Responder: starting
2019-10-01 03:09:58,340 [IPC Server listener on 38189] INFO  ipc.Server (Server.java:run(1153)) - IPC Server listener on 38189: starting
2019-10-01 03:09:58,353 [main] INFO  http.HttpServer2 (HttpServer2.java:bindListener(1191)) - Jetty bound to port 43532
2019-10-01 03:09:58,355 [main] INFO  server.Server (Server.java:doStart(351)) - jetty-9.3.25.v20180904, build timestamp: 2018-09-04T21:11:46Z, git hash: 3ce520221d0240229c862b122d2b06c12a625732
2019-10-01 03:09:58,395 [main] INFO  handler.ContextHandler (ContextHandler.java:doStart(781)) - Started o.e.j.s.ServletContextHandler@260e86a1{/logs,file:///workdir/hadoop-ozone/integration-test/target/log,AVAILABLE}
2019-10-01 03:09:58,395 [main] INFO  handler.ContextHandler (ContextHandler.java:doStart(781)) - Started o.e.j.s.ServletContextHandler@12bd8a64{/static,file:///workdir/hadoop-ozone/integration-test/target/test-classes/webapps/static,AVAILABLE}
2019-10-01 03:09:58,427 [main] INFO  handler.ContextHandler (ContextHandler.java:doStart(781)) - Started o.e.j.w.WebAppContext@3f093abe{/,file:///workdir/hadoop-ozone/integration-test/target/test-classes/webapps/scm/,AVAILABLE}{/scm}
2019-10-01 03:09:58,433 [main] INFO  server.AbstractConnector (AbstractConnector.java:doStart(278)) - Started ServerConnector@724bade8{HTTP/1.1,[http/1.1]}{0.0.0.0:43532}
2019-10-01 03:09:58,434 [main] INFO  server.Server (Server.java:doStart(419)) - Started @2540ms
2019-10-01 03:09:58,436 [main] INFO  impl.MetricsSinkAdapter (MetricsSinkAdapter.java:start(204)) - Sink prometheus started
2019-10-01 03:09:58,436 [main] INFO  impl.MetricsSystemImpl (MetricsSystemImpl.java:registerSink(301)) - Registered sink prometheus
2019-10-01 03:09:58,438 [main] INFO  server.BaseHttpServer (BaseHttpServer.java:updateConnectorAddress(215)) - HTTP server of SCM is listening at http://0.0.0.0:43532
2019-10-01 03:09:58,446 [org.apache.hadoop.util.JvmPauseMonitor$Monitor@6970140a] INFO  util.JvmPauseMonitor (JvmPauseMonitor.java:run(188)) - Starting JVM pause monitor
2019-10-01 03:09:58,452 [main] WARN  server.ServerUtils (ServerUtils.java:getDBPath(222)) - ozone.om.db.dirs is not configured. We recommend adding this setting. Falling back to ozone.metadata.dirs instead.
2019-10-01 03:09:58,573 [main] WARN  server.ServerUtils (ServerUtils.java:getDBPath(222)) - ozone.om.db.dirs is not configured. We recommend adding this setting. Falling back to ozone.metadata.dirs instead.
2019-10-01 03:09:58,574 [main] WARN  server.ServerUtils (ServerUtils.java:getDBPath(222)) - ozone.om.db.dirs is not configured. We recommend adding this setting. Falling back to ozone.metadata.dirs instead.
2019-10-01 03:09:58,575 [main] INFO  om.OzoneManager (OzoneManager.java:setOMNodeDetails(652)) - OM Service ID is not set. Setting it to the default ID: omServiceIdDefault
2019-10-01 03:09:58,575 [main] INFO  om.OzoneManager (OzoneManager.java:setOMNodeDetails(658)) - OM Node ID is not set. Setting it to the OmStorage's OmID: a4e6e915-2e20-4831-9a5f-ab76e6d707b2
2019-10-01 03:09:58,576 [main] INFO  om.OzoneManager (OzoneManager.java:loadOMHAConfigs(609)) - Found matching OM address with OMServiceId: null, OMNodeId: null, RPC Address: localhost:0 and Ratis port: 9872
2019-10-01 03:09:59,307 [main] WARN  server.ServerUtils (ServerUtils.java:getDBPath(222)) - ozone.om.db.dirs is not configured. We recommend adding this setting. Falling back to ozone.metadata.dirs instead.
2019-10-01 03:09:59,316 [main] INFO  db.DBStoreBuilder (DBStoreBuilder.java:addTable(110)) - using custom profile for table: userTable
2019-10-01 03:09:59,316 [main] INFO  db.DBStoreBuilder (DBStoreBuilder.java:processTables(161)) - Using default column profile:DBProfile.DISK for Table:userTable
2019-10-01 03:09:59,316 [main] INFO  db.DBStoreBuilder (DBStoreBuilder.java:addTable(110)) - using custom profile for table: volumeTable
2019-10-01 03:09:59,317 [main] INFO  db.DBStoreBuilder (DBStoreBuilder.java:processTables(161)) - Using default column profile:DBProfile.DISK for Table:volumeTable
2019-10-01 03:09:59,317 [main] INFO  db.DBStoreBuilder (DBStoreBuilder.java:addTable(110)) - using custom profile for table: bucketTable
2019-10-01 03:09:59,317 [main] INFO  db.DBStoreBuilder (DBStoreBuilder.java:processTables(161)) - Using default column profile:DBProfile.DISK for Table:bucketTable
2019-10-01 03:09:59,317 [main] INFO  db.DBStoreBuilder (DBStoreBuilder.java:addTable(110)) - using custom profile for table: keyTable
2019-10-01 03:09:59,317 [main] INFO  db.DBStoreBuilder (DBStoreBuilder.java:processTables(161)) - Using default column profile:DBProfile.DISK for Table:keyTable
2019-10-01 03:09:59,318 [main] INFO  db.DBStoreBuilder (DBStoreBuilder.java:addTable(110)) - using custom profile for table: deletedTable
2019-10-01 03:09:59,318 [main] INFO  db.DBStoreBuilder (DBStoreBuilder.java:processTables(161)) - Using default column profile:DBProfile.DISK for Table:deletedTable
2019-10-01 03:09:59,318 [main] INFO  db.DBStoreBuilder (DBStoreBuilder.java:addTable(110)) - using custom profile for table: openKeyTable
2019-10-01 03:09:59,318 [main] INFO  db.DBStoreBuilder (DBStoreBuilder.java:processTables(161)) - Using default column profile:DBProfile.DISK for Table:openKeyTable
2019-10-01 03:09:59,319 [main] INFO  db.DBStoreBuilder (DBStoreBuilder.java:addTable(110)) - using custom profile for table: s3Table
2019-10-01 03:09:59,319 [main] INFO  db.DBStoreBuilder (DBStoreBuilder.java:processTables(161)) - Using default column profile:DBProfile.DISK for Table:s3Table
2019-10-01 03:09:59,319 [main] INFO  db.DBStoreBuilder (DBStoreBuilder.java:addTable(110)) - using custom profile for table: multipartInfoTable
2019-10-01 03:09:59,319 [main] INFO  db.DBStoreBuilder (DBStoreBuilder.java:processTables(161)) - Using default column profile:DBProfile.DISK for Table:multipartInfoTable
2019-10-01 03:09:59,320 [main] INFO  db.DBStoreBuilder (DBStoreBuilder.java:addTable(110)) - using custom profile for table: dTokenTable
2019-10-01 03:09:59,320 [main] INFO  db.DBStoreBuilder (DBStoreBuilder.java:processTables(161)) - Using default column profile:DBProfile.DISK for Table:dTokenTable
2019-10-01 03:09:59,320 [main] INFO  db.DBStoreBuilder (DBStoreBuilder.java:addTable(110)) - using custom profile for table: s3SecretTable
2019-10-01 03:09:59,320 [main] INFO  db.DBStoreBuilder (DBStoreBuilder.java:processTables(161)) - Using default column profile:DBProfile.DISK for Table:s3SecretTable
2019-10-01 03:09:59,321 [main] INFO  db.DBStoreBuilder (DBStoreBuilder.java:addTable(110)) - using custom profile for table: prefixTable
2019-10-01 03:09:59,321 [main] INFO  db.DBStoreBuilder (DBStoreBuilder.java:processTables(161)) - Using default column profile:DBProfile.DISK for Table:prefixTable
2019-10-01 03:09:59,321 [main] INFO  db.DBStoreBuilder (DBStoreBuilder.java:addTable(110)) - using custom profile for table: default
2019-10-01 03:09:59,321 [main] INFO  db.DBStoreBuilder (DBStoreBuilder.java:processTables(167)) - Using default column profile:DBProfile.DISK for Table:default
2019-10-01 03:09:59,322 [main] INFO  db.DBStoreBuilder (DBStoreBuilder.java:getDbProfile(198)) - Using default options. DBProfile.DISK
2019-10-01 03:09:59,823 [main] INFO  ipc.CallQueueManager (CallQueueManager.java:<init>(84)) - Using callQueue: class java.util.concurrent.LinkedBlockingQueue, queueCapacity: 2000, scheduler: class org.apache.hadoop.ipc.DefaultRpcScheduler, ipcBackoff: false.
2019-10-01 03:09:59,824 [Socket Reader #1 for port 44551] INFO  ipc.Server (Server.java:run(1074)) - Starting Socket Reader #1 for port 44551
2019-10-01 03:09:59,847 [main] INFO  om.OzoneManager (OzoneManager.java:start(1243)) - OzoneManager RPC server is listening at localhost/127.0.0.1:44551
2019-10-01 03:09:59,848 [main] INFO  impl.MetricsSystemImpl (MetricsSystemImpl.java:init(158)) - OzoneManager metrics system started (again)
2019-10-01 03:09:59,850 [IPC Server Responder] INFO  ipc.Server (Server.java:run(1314)) - IPC Server Responder: starting
2019-10-01 03:09:59,850 [IPC Server listener on 44551] INFO  ipc.Server (Server.java:run(1153)) - IPC Server listener on 44551: starting
2019-10-01 03:09:59,861 [main] INFO  hdfs.DFSUtil (DFSUtil.java:httpServerTemplateForNNAndJN(1641)) - Starting Web-server for ozoneManager at: http://0.0.0.0:0
2019-10-01 03:09:59,864 [main] INFO  server.AuthenticationFilter (AuthenticationFilter.java:constructSecretProvider(240)) - Unable to initialize FileSignerSecretProvider, falling back to use random secrets.
2019-10-01 03:09:59,865 [main] WARN  http.HttpRequestLog (HttpRequestLog.java:getRequestLog(97)) - Jetty request log can only be enabled using Log4j
2019-10-01 03:09:59,868 [main] INFO  http.HttpServer2 (HttpServer2.java:addGlobalFilter(975)) - Added global filter 'safety' (class=org.apache.hadoop.http.HttpServer2$QuotingInputFilter)
2019-10-01 03:09:59,870 [main] INFO  http.HttpServer2 (HttpServer2.java:addFilter(948)) - Added filter static_user_filter (class=org.apache.hadoop.http.lib.StaticUserWebFilter$StaticUserFilter) to context ozoneManager
2019-10-01 03:09:59,870 [main] INFO  http.HttpServer2 (HttpServer2.java:addFilter(958)) - Added filter static_user_filter (class=org.apache.hadoop.http.lib.StaticUserWebFilter$StaticUserFilter) to context logs
2019-10-01 03:09:59,871 [main] INFO  http.HttpServer2 (HttpServer2.java:addFilter(958)) - Added filter static_user_filter (class=org.apache.hadoop.http.lib.StaticUserWebFilter$StaticUserFilter) to context static
2019-10-01 03:09:59,875 [main] INFO  http.HttpServer2 (HttpServer2.java:bindListener(1191)) - Jetty bound to port 36736
2019-10-01 03:09:59,875 [main] INFO  server.Server (Server.java:doStart(351)) - jetty-9.3.25.v20180904, build timestamp: 2018-09-04T21:11:46Z, git hash: 3ce520221d0240229c862b122d2b06c12a625732
2019-10-01 03:09:59,878 [main] INFO  handler.ContextHandler (ContextHandler.java:doStart(781)) - Started o.e.j.s.ServletContextHandler@49aa766b{/logs,file:///workdir/hadoop-ozone/integration-test/target/log,AVAILABLE}
2019-10-01 03:09:59,880 [main] INFO  handler.ContextHandler (ContextHandler.java:doStart(781)) - Started o.e.j.s.ServletContextHandler@65004ff6{/static,file:///workdir/hadoop-ozone/integration-test/target/test-classes/webapps/static,AVAILABLE}
2019-10-01 03:09:59,886 [main] INFO  handler.ContextHandler (ContextHandler.java:doStart(781)) - Started o.e.j.w.WebAppContext@4158debd{/,file:///workdir/hadoop-ozone/integration-test/target/test-classes/webapps/ozoneManager/,AVAILABLE}{/ozoneManager}
2019-10-01 03:09:59,887 [main] INFO  server.AbstractConnector (AbstractConnector.java:doStart(278)) - Started ServerConnector@af78c87{HTTP/1.1,[http/1.1]}{0.0.0.0:36736}
2019-10-01 03:09:59,888 [main] INFO  server.Server (Server.java:doStart(419)) - Started @3994ms
2019-10-01 03:09:59,888 [main] WARN  impl.MetricsSystemImpl (MetricsSystemImpl.java:register(276)) - Sink prometheus already exists!
2019-10-01 03:09:59,889 [main] INFO  server.BaseHttpServer (BaseHttpServer.java:updateConnectorAddress(215)) - HTTP server of OZONEMANAGER is listening at http://0.0.0.0:36736
2019-10-01 03:10:00,252 [main] INFO  impl.MetricsSystemImpl (MetricsSystemImpl.java:init(158)) - HddsDatanode metrics system started (again)
2019-10-01 03:10:00,302 [main] INFO  ozone.HddsDatanodeService (HddsDatanodeService.java:start(184)) - HddsDatanodeService host:pr-hdds-1984-288rd-2703005633 ip:192.168.164.230
2019-10-01 03:10:00,335 [main] INFO  volume.HddsVolume (HddsVolume.java:<init>(176)) - Creating Volume: /workdir/hadoop-ozone/integration-test/target/test-dir/MiniOzoneClusterImpl-40f9f9a2-8720-4028-b159-c2d159133293/datanode-0/data/containers/hdds of  storage type : DISK and capacity : 1482555576320
2019-10-01 03:10:00,338 [main] INFO  volume.VolumeSet (VolumeSet.java:initializeVolumeSet(170)) - Added Volume : /workdir/hadoop-ozone/integration-test/target/test-dir/MiniOzoneClusterImpl-40f9f9a2-8720-4028-b159-c2d159133293/datanode-0/data/containers/hdds to VolumeSet
2019-10-01 03:10:00,343 [main] INFO  volume.ThrottledAsyncChecker (ThrottledAsyncChecker.java:schedule(139)) - Scheduling a check for org.apache.hadoop.ozone.container.common.volume.HddsVolume@787f32b7
2019-10-01 03:10:00,368 [main] INFO  volume.HddsVolumeChecker (HddsVolumeChecker.java:checkAllVolumes(202)) - Scheduled health check for volume org.apache.hadoop.ozone.container.common.volume.HddsVolume@787f32b7
2019-10-01 03:10:00,520 [main] INFO  impl.RaftServerProxy (ConfUtils.java:logGet(43)) - raft.rpc.type = GRPC (default)
2019-10-01 03:10:00,598 [main] INFO  grpc.GrpcFactory (GrpcFactory.java:checkPooledByteBufAllocatorUseCacheForAllThreads(45)) - PERFORMANCE WARNING: useCacheForAllThreads is true that may cause Netty to create a lot garbage objects and, as a result, trigger GC.
	It is recommended to disable useCacheForAllThreads by setting -Dorg.apache.ratis.thirdparty.io.netty.allocator.useCacheForAllThreads=false in command line.
2019-10-01 03:10:00,604 [main] INFO  grpc.GrpcConfigKeys$Server (ConfUtils.java:logGet(43)) - raft.grpc.server.port = 0 (default)
2019-10-01 03:10:00,605 [main] INFO  server.GrpcService (ConfUtils.java:logGet(43)) - raft.grpc.message.size.max = 33570816 (custom)
2019-10-01 03:10:00,606 [main] INFO  server.RaftServerConfigKeys (ConfUtils.java:logGet(43)) - raft.server.log.appender.buffer.byte-limit = 33554432 (custom)
2019-10-01 03:10:00,607 [main] INFO  server.GrpcService (ConfUtils.java:logGet(43)) - raft.grpc.flow.control.window = 1MB (=1048576) (default)
2019-10-01 03:10:00,608 [main] INFO  server.RaftServerConfigKeys (ConfUtils.java:logGet(43)) - raft.server.rpc.request.timeout = 3000ms (default)
2019-10-01 03:10:00,782 [main] INFO  server.RaftServerConfigKeys (ConfUtils.java:logGet(43)) - raft.server.storage.dir = [/workdir/hadoop-ozone/integration-test/target/test-dir/MiniOzoneClusterImpl-40f9f9a2-8720-4028-b159-c2d159133293/datanode-0/data/ratis] (custom)
2019-10-01 03:10:00,837 [main] INFO  hdfs.DFSUtil (DFSUtil.java:httpServerTemplateForNNAndJN(1641)) - Starting Web-server for hddsDatanode at: http://0.0.0.0:0
2019-10-01 03:10:00,841 [main] INFO  server.AuthenticationFilter (AuthenticationFilter.java:constructSecretProvider(240)) - Unable to initialize FileSignerSecretProvider, falling back to use random secrets.
2019-10-01 03:10:00,842 [main] WARN  http.HttpRequestLog (HttpRequestLog.java:getRequestLog(97)) - Jetty request log can only be enabled using Log4j
2019-10-01 03:10:00,844 [main] INFO  http.HttpServer2 (HttpServer2.java:addGlobalFilter(975)) - Added global filter 'safety' (class=org.apache.hadoop.http.HttpServer2$QuotingInputFilter)
2019-10-01 03:10:00,845 [main] INFO  http.HttpServer2 (HttpServer2.java:addFilter(948)) - Added filter static_user_filter (class=org.apache.hadoop.http.lib.StaticUserWebFilter$StaticUserFilter) to context hddsDatanode
2019-10-01 03:10:00,845 [main] INFO  http.HttpServer2 (HttpServer2.java:addFilter(958)) - Added filter static_user_filter (class=org.apache.hadoop.http.lib.StaticUserWebFilter$StaticUserFilter) to context logs
2019-10-01 03:10:00,846 [main] INFO  http.HttpServer2 (HttpServer2.java:addFilter(958)) - Added filter static_user_filter (class=org.apache.hadoop.http.lib.StaticUserWebFilter$StaticUserFilter) to context static
2019-10-01 03:10:00,848 [main] INFO  http.HttpServer2 (HttpServer2.java:bindListener(1191)) - Jetty bound to port 46049
2019-10-01 03:10:00,848 [main] INFO  server.Server (Server.java:doStart(351)) - jetty-9.3.25.v20180904, build timestamp: 2018-09-04T21:11:46Z, git hash: 3ce520221d0240229c862b122d2b06c12a625732
2019-10-01 03:10:00,851 [main] INFO  handler.ContextHandler (ContextHandler.java:doStart(781)) - Started o.e.j.s.ServletContextHandler@9596ce8{/logs,file:///workdir/hadoop-ozone/integration-test/target/log,AVAILABLE}
2019-10-01 03:10:00,853 [main] INFO  handler.ContextHandler (ContextHandler.java:doStart(781)) - Started o.e.j.s.ServletContextHandler@70228253{/static,jar:file:/home/user/.m2/repository/org/apache/hadoop/hadoop-hdds-container-service/0.5.0-SNAPSHOT/hadoop-hdds-container-service-0.5.0-SNAPSHOT.jar!/webapps/static,AVAILABLE}
2019-10-01 03:10:00,911 [main] INFO  handler.ContextHandler (ContextHandler.java:doStart(781)) - Started o.e.j.w.WebAppContext@e84fb85{/,file:///tmp/jetty-0.0.0.0-46049-hddsDatanode-_-any-9157947732227164634.dir/webapp/,AVAILABLE}{/hddsDatanode}
2019-10-01 03:10:00,914 [main] INFO  server.AbstractConnector (AbstractConnector.java:doStart(278)) - Started ServerConnector@68a4dcc6{HTTP/1.1,[http/1.1]}{0.0.0.0:46049}
2019-10-01 03:10:00,916 [main] INFO  server.Server (Server.java:doStart(419)) - Started @5022ms
2019-10-01 03:10:00,916 [main] WARN  impl.MetricsSystemImpl (MetricsSystemImpl.java:register(276)) - Sink prometheus already exists!
2019-10-01 03:10:00,918 [main] INFO  server.BaseHttpServer (BaseHttpServer.java:updateConnectorAddress(215)) - HTTP server of HDDSDATANODE is listening at http://0.0.0.0:46049
2019-10-01 03:10:00,922 [main] INFO  impl.MetricsSystemImpl (MetricsSystemImpl.java:init(158)) - HddsDatanode metrics system started (again)
2019-10-01 03:10:00,928 [org.apache.hadoop.util.JvmPauseMonitor$Monitor@b215f50] INFO  util.JvmPauseMonitor (JvmPauseMonitor.java:run(188)) - Starting JVM pause monitor
2019-10-01 03:10:00,930 [main] INFO  ozone.HddsDatanodeService (HddsDatanodeService.java:start(184)) - HddsDatanodeService host:pr-hdds-1984-288rd-2703005633 ip:192.168.164.230
2019-10-01 03:10:00,942 [main] INFO  volume.HddsVolume (HddsVolume.java:<init>(176)) - Creating Volume: /workdir/hadoop-ozone/integration-test/target/test-dir/MiniOzoneClusterImpl-40f9f9a2-8720-4028-b159-c2d159133293/datanode-1/data/containers/hdds of  storage type : DISK and capacity : 1482555576320
2019-10-01 03:10:00,943 [main] INFO  volume.VolumeSet (VolumeSet.java:initializeVolumeSet(170)) - Added Volume : /workdir/hadoop-ozone/integration-test/target/test-dir/MiniOzoneClusterImpl-40f9f9a2-8720-4028-b159-c2d159133293/datanode-1/data/containers/hdds to VolumeSet
2019-10-01 03:10:00,944 [main] INFO  volume.ThrottledAsyncChecker (ThrottledAsyncChecker.java:schedule(139)) - Scheduling a check for org.apache.hadoop.ozone.container.common.volume.HddsVolume@15400fff
2019-10-01 03:10:00,944 [main] INFO  volume.HddsVolumeChecker (HddsVolumeChecker.java:checkAllVolumes(202)) - Scheduled health check for volume org.apache.hadoop.ozone.container.common.volume.HddsVolume@15400fff
2019-10-01 03:10:00,966 [main] INFO  impl.RaftServerProxy (ConfUtils.java:logGet(43)) - raft.rpc.type = GRPC (default)
2019-10-01 03:10:00,967 [main] INFO  grpc.GrpcFactory (GrpcFactory.java:checkPooledByteBufAllocatorUseCacheForAllThreads(45)) - PERFORMANCE WARNING: useCacheForAllThreads is true that may cause Netty to create a lot garbage objects and, as a result, trigger GC.
	It is recommended to disable useCacheForAllThreads by setting -Dorg.apache.ratis.thirdparty.io.netty.allocator.useCacheForAllThreads=false in command line.
2019-10-01 03:10:00,967 [main] INFO  grpc.GrpcConfigKeys$Server (ConfUtils.java:logGet(43)) - raft.grpc.server.port = 0 (default)
2019-10-01 03:10:00,967 [main] INFO  server.GrpcService (ConfUtils.java:logGet(43)) - raft.grpc.message.size.max = 33570816 (custom)
2019-10-01 03:10:00,968 [main] INFO  server.RaftServerConfigKeys (ConfUtils.java:logGet(43)) - raft.server.log.appender.buffer.byte-limit = 33554432 (custom)
2019-10-01 03:10:00,968 [main] INFO  server.GrpcService (ConfUtils.java:logGet(43)) - raft.grpc.flow.control.window = 1MB (=1048576) (default)
2019-10-01 03:10:00,969 [main] INFO  server.RaftServerConfigKeys (ConfUtils.java:logGet(43)) - raft.server.rpc.request.timeout = 3000ms (default)
2019-10-01 03:10:00,969 [main] INFO  server.RaftServerConfigKeys (ConfUtils.java:logGet(43)) - raft.server.storage.dir = [/workdir/hadoop-ozone/integration-test/target/test-dir/MiniOzoneClusterImpl-40f9f9a2-8720-4028-b159-c2d159133293/datanode-1/data/ratis] (custom)
2019-10-01 03:10:00,972 [main] INFO  hdfs.DFSUtil (DFSUtil.java:httpServerTemplateForNNAndJN(1641)) - Starting Web-server for hddsDatanode at: http://0.0.0.0:0
2019-10-01 03:10:00,973 [main] INFO  server.AuthenticationFilter (AuthenticationFilter.java:constructSecretProvider(240)) - Unable to initialize FileSignerSecretProvider, falling back to use random secrets.
2019-10-01 03:10:00,974 [main] WARN  http.HttpRequestLog (HttpRequestLog.java:getRequestLog(97)) - Jetty request log can only be enabled using Log4j
2019-10-01 03:10:00,976 [main] INFO  http.HttpServer2 (HttpServer2.java:addGlobalFilter(975)) - Added global filter 'safety' (class=org.apache.hadoop.http.HttpServer2$QuotingInputFilter)
2019-10-01 03:10:00,977 [main] INFO  http.HttpServer2 (HttpServer2.java:addFilter(948)) - Added filter static_user_filter (class=org.apache.hadoop.http.lib.StaticUserWebFilter$StaticUserFilter) to context hddsDatanode
2019-10-01 03:10:00,977 [main] INFO  http.HttpServer2 (HttpServer2.java:addFilter(958)) - Added filter static_user_filter (class=org.apache.hadoop.http.lib.StaticUserWebFilter$StaticUserFilter) to context logs
2019-10-01 03:10:00,977 [main] INFO  http.HttpServer2 (HttpServer2.java:addFilter(958)) - Added filter static_user_filter (class=org.apache.hadoop.http.lib.StaticUserWebFilter$StaticUserFilter) to context static
2019-10-01 03:10:00,978 [main] INFO  http.HttpServer2 (HttpServer2.java:bindListener(1191)) - Jetty bound to port 33840
2019-10-01 03:10:00,979 [main] INFO  server.Server (Server.java:doStart(351)) - jetty-9.3.25.v20180904, build timestamp: 2018-09-04T21:11:46Z, git hash: 3ce520221d0240229c862b122d2b06c12a625732
2019-10-01 03:10:00,981 [main] INFO  handler.ContextHandler (ContextHandler.java:doStart(781)) - Started o.e.j.s.ServletContextHandler@56a4f272{/logs,file:///workdir/hadoop-ozone/integration-test/target/log,AVAILABLE}
2019-10-01 03:10:00,982 [main] INFO  handler.ContextHandler (ContextHandler.java:doStart(781)) - Started o.e.j.s.ServletContextHandler@79b84841{/static,jar:file:/home/user/.m2/repository/org/apache/hadoop/hadoop-hdds-container-service/0.5.0-SNAPSHOT/hadoop-hdds-container-service-0.5.0-SNAPSHOT.jar!/webapps/static,AVAILABLE}
2019-10-01 03:10:01,015 [main] INFO  handler.ContextHandler (ContextHandler.java:doStart(781)) - Started o.e.j.w.WebAppContext@467b684d{/,file:///tmp/jetty-0.0.0.0-33840-hddsDatanode-_-any-1776336759273348142.dir/webapp/,AVAILABLE}{/hddsDatanode}
2019-10-01 03:10:01,015 [main] INFO  server.AbstractConnector (AbstractConnector.java:doStart(278)) - Started ServerConnector@7baf1f5a{HTTP/1.1,[http/1.1]}{0.0.0.0:33840}
2019-10-01 03:10:01,016 [main] INFO  server.Server (Server.java:doStart(419)) - Started @5123ms
2019-10-01 03:10:01,017 [main] WARN  impl.MetricsSystemImpl (MetricsSystemImpl.java:register(276)) - Sink prometheus already exists!
2019-10-01 03:10:01,018 [main] INFO  server.BaseHttpServer (BaseHttpServer.java:updateConnectorAddress(215)) - HTTP server of HDDSDATANODE is listening at http://0.0.0.0:33840
2019-10-01 03:10:01,018 [main] INFO  impl.MetricsSystemImpl (MetricsSystemImpl.java:init(158)) - HddsDatanode metrics system started (again)
2019-10-01 03:10:01,021 [main] INFO  ozone.HddsDatanodeService (HddsDatanodeService.java:start(184)) - HddsDatanodeService host:pr-hdds-1984-288rd-2703005633 ip:192.168.164.230
2019-10-01 03:10:01,022 [org.apache.hadoop.util.JvmPauseMonitor$Monitor@485a75d2] INFO  util.JvmPauseMonitor (JvmPauseMonitor.java:run(188)) - Starting JVM pause monitor
2019-10-01 03:10:01,031 [main] INFO  volume.HddsVolume (HddsVolume.java:<init>(176)) - Creating Volume: /workdir/hadoop-ozone/integration-test/target/test-dir/MiniOzoneClusterImpl-40f9f9a2-8720-4028-b159-c2d159133293/datanode-2/data/containers/hdds of  storage type : DISK and capacity : 1482555576320
2019-10-01 03:10:01,031 [main] INFO  volume.VolumeSet (VolumeSet.java:initializeVolumeSet(170)) - Added Volume : /workdir/hadoop-ozone/integration-test/target/test-dir/MiniOzoneClusterImpl-40f9f9a2-8720-4028-b159-c2d159133293/datanode-2/data/containers/hdds to VolumeSet
2019-10-01 03:10:01,032 [main] INFO  volume.ThrottledAsyncChecker (ThrottledAsyncChecker.java:schedule(139)) - Scheduling a check for org.apache.hadoop.ozone.container.common.volume.HddsVolume@2e66bc32
2019-10-01 03:10:01,032 [main] INFO  volume.HddsVolumeChecker (HddsVolumeChecker.java:checkAllVolumes(202)) - Scheduled health check for volume org.apache.hadoop.ozone.container.common.volume.HddsVolume@2e66bc32
2019-10-01 03:10:01,046 [main] INFO  impl.RaftServerProxy (ConfUtils.java:logGet(43)) - raft.rpc.type = GRPC (default)
2019-10-01 03:10:01,046 [main] INFO  grpc.GrpcFactory (GrpcFactory.java:checkPooledByteBufAllocatorUseCacheForAllThreads(45)) - PERFORMANCE WARNING: useCacheForAllThreads is true that may cause Netty to create a lot garbage objects and, as a result, trigger GC.
	It is recommended to disable useCacheForAllThreads by setting -Dorg.apache.ratis.thirdparty.io.netty.allocator.useCacheForAllThreads=false in command line.
2019-10-01 03:10:01,047 [main] INFO  grpc.GrpcConfigKeys$Server (ConfUtils.java:logGet(43)) - raft.grpc.server.port = 0 (default)
2019-10-01 03:10:01,047 [main] INFO  server.GrpcService (ConfUtils.java:logGet(43)) - raft.grpc.message.size.max = 33570816 (custom)
2019-10-01 03:10:01,047 [main] INFO  server.RaftServerConfigKeys (ConfUtils.java:logGet(43)) - raft.server.log.appender.buffer.byte-limit = 33554432 (custom)
2019-10-01 03:10:01,048 [main] INFO  server.GrpcService (ConfUtils.java:logGet(43)) - raft.grpc.flow.control.window = 1MB (=1048576) (default)
2019-10-01 03:10:01,048 [main] INFO  server.RaftServerConfigKeys (ConfUtils.java:logGet(43)) - raft.server.rpc.request.timeout = 3000ms (default)
2019-10-01 03:10:01,048 [main] INFO  server.RaftServerConfigKeys (ConfUtils.java:logGet(43)) - raft.server.storage.dir = [/workdir/hadoop-ozone/integration-test/target/test-dir/MiniOzoneClusterImpl-40f9f9a2-8720-4028-b159-c2d159133293/datanode-2/data/ratis] (custom)
2019-10-01 03:10:01,051 [main] INFO  hdfs.DFSUtil (DFSUtil.java:httpServerTemplateForNNAndJN(1641)) - Starting Web-server for hddsDatanode at: http://0.0.0.0:0
2019-10-01 03:10:01,052 [main] INFO  server.AuthenticationFilter (AuthenticationFilter.java:constructSecretProvider(240)) - Unable to initialize FileSignerSecretProvider, falling back to use random secrets.
2019-10-01 03:10:01,052 [main] WARN  http.HttpRequestLog (HttpRequestLog.java:getRequestLog(97)) - Jetty request log can only be enabled using Log4j
2019-10-01 03:10:01,054 [main] INFO  http.HttpServer2 (HttpServer2.java:addGlobalFilter(975)) - Added global filter 'safety' (class=org.apache.hadoop.http.HttpServer2$QuotingInputFilter)
2019-10-01 03:10:01,055 [main] INFO  http.HttpServer2 (HttpServer2.java:addFilter(948)) - Added filter static_user_filter (class=org.apache.hadoop.http.lib.StaticUserWebFilter$StaticUserFilter) to context hddsDatanode
2019-10-01 03:10:01,055 [main] INFO  http.HttpServer2 (HttpServer2.java:addFilter(958)) - Added filter static_user_filter (class=org.apache.hadoop.http.lib.StaticUserWebFilter$StaticUserFilter) to context static
2019-10-01 03:10:01,056 [main] INFO  http.HttpServer2 (HttpServer2.java:addFilter(958)) - Added filter static_user_filter (class=org.apache.hadoop.http.lib.StaticUserWebFilter$StaticUserFilter) to context logs
2019-10-01 03:10:01,056 [main] INFO  http.HttpServer2 (HttpServer2.java:bindListener(1191)) - Jetty bound to port 39949
2019-10-01 03:10:01,057 [main] INFO  server.Server (Server.java:doStart(351)) - jetty-9.3.25.v20180904, build timestamp: 2018-09-04T21:11:46Z, git hash: 3ce520221d0240229c862b122d2b06c12a625732
2019-10-01 03:10:01,063 [main] INFO  handler.ContextHandler (ContextHandler.java:doStart(781)) - Started o.e.j.s.ServletContextHandler@b52b755{/logs,file:///workdir/hadoop-ozone/integration-test/target/log,AVAILABLE}
2019-10-01 03:10:01,064 [main] INFO  handler.ContextHandler (ContextHandler.java:doStart(781)) - Started o.e.j.s.ServletContextHandler@40e37b06{/static,jar:file:/home/user/.m2/repository/org/apache/hadoop/hadoop-hdds-container-service/0.5.0-SNAPSHOT/hadoop-hdds-container-service-0.5.0-SNAPSHOT.jar!/webapps/static,AVAILABLE}
2019-10-01 03:10:01,068 [Datanode State Machine Thread - 0] INFO  datanode.InitDatanodeState (InitDatanodeState.java:persistContainerDatanodeDetails(140)) - DatanodeDetails is persisted to /workdir/hadoop-ozone/integration-test/target/test-dir/MiniOzoneClusterImpl-40f9f9a2-8720-4028-b159-c2d159133293/datanode-0/meta/datanode.id
2019-10-01 03:10:01,073 [Datanode State Machine Thread - 0] INFO  datanode.InitDatanodeState (InitDatanodeState.java:persistContainerDatanodeDetails(140)) - DatanodeDetails is persisted to /workdir/hadoop-ozone/integration-test/target/test-dir/MiniOzoneClusterImpl-40f9f9a2-8720-4028-b159-c2d159133293/datanode-1/meta/datanode.id
2019-10-01 03:10:01,110 [main] INFO  handler.ContextHandler (ContextHandler.java:doStart(781)) - Started o.e.j.w.WebAppContext@36c2b646{/,file:///tmp/jetty-0.0.0.0-39949-hddsDatanode-_-any-8144059743264710606.dir/webapp/,AVAILABLE}{/hddsDatanode}
2019-10-01 03:10:01,112 [main] INFO  server.AbstractConnector (AbstractConnector.java:doStart(278)) - Started ServerConnector@434514d8{HTTP/1.1,[http/1.1]}{0.0.0.0:39949}
2019-10-01 03:10:01,118 [main] INFO  server.Server (Server.java:doStart(419)) - Started @5224ms
2019-10-01 03:10:01,118 [main] WARN  impl.MetricsSystemImpl (MetricsSystemImpl.java:register(276)) - Sink prometheus already exists!
2019-10-01 03:10:01,119 [main] INFO  server.BaseHttpServer (BaseHttpServer.java:updateConnectorAddress(215)) - HTTP server of HDDSDATANODE is listening at http://0.0.0.0:39949
2019-10-01 03:10:01,119 [main] INFO  impl.MetricsSystemImpl (MetricsSystemImpl.java:init(158)) - HddsDatanode metrics system started (again)
2019-10-01 03:10:01,123 [org.apache.hadoop.util.JvmPauseMonitor$Monitor@4e2151] INFO  util.JvmPauseMonitor (JvmPauseMonitor.java:run(188)) - Starting JVM pause monitor
2019-10-01 03:10:01,124 [main] INFO  ozone.HddsDatanodeService (HddsDatanodeService.java:start(184)) - HddsDatanodeService host:pr-hdds-1984-288rd-2703005633 ip:192.168.164.230
2019-10-01 03:10:01,126 [Datanode State Machine Thread - 0] INFO  datanode.InitDatanodeState (InitDatanodeState.java:persistContainerDatanodeDetails(140)) - DatanodeDetails is persisted to /workdir/hadoop-ozone/integration-test/target/test-dir/MiniOzoneClusterImpl-40f9f9a2-8720-4028-b159-c2d159133293/datanode-2/meta/datanode.id
2019-10-01 03:10:01,132 [main] INFO  volume.HddsVolume (HddsVolume.java:<init>(176)) - Creating Volume: /workdir/hadoop-ozone/integration-test/target/test-dir/MiniOzoneClusterImpl-40f9f9a2-8720-4028-b159-c2d159133293/datanode-3/data/containers/hdds of  storage type : DISK and capacity : 1482555576320
2019-10-01 03:10:01,133 [main] INFO  volume.VolumeSet (VolumeSet.java:initializeVolumeSet(170)) - Added Volume : /workdir/hadoop-ozone/integration-test/target/test-dir/MiniOzoneClusterImpl-40f9f9a2-8720-4028-b159-c2d159133293/datanode-3/data/containers/hdds to VolumeSet
2019-10-01 03:10:01,134 [main] INFO  volume.ThrottledAsyncChecker (ThrottledAsyncChecker.java:schedule(139)) - Scheduling a check for org.apache.hadoop.ozone.container.common.volume.HddsVolume@53b7ce6
2019-10-01 03:10:01,134 [main] INFO  volume.HddsVolumeChecker (HddsVolumeChecker.java:checkAllVolumes(202)) - Scheduled health check for volume org.apache.hadoop.ozone.container.common.volume.HddsVolume@53b7ce6
2019-10-01 03:10:01,152 [main] INFO  impl.RaftServerProxy (ConfUtils.java:logGet(43)) - raft.rpc.type = GRPC (default)
2019-10-01 03:10:01,152 [main] INFO  grpc.GrpcFactory (GrpcFactory.java:checkPooledByteBufAllocatorUseCacheForAllThreads(45)) - PERFORMANCE WARNING: useCacheForAllThreads is true that may cause Netty to create a lot garbage objects and, as a result, trigger GC.
	It is recommended to disable useCacheForAllThreads by setting -Dorg.apache.ratis.thirdparty.io.netty.allocator.useCacheForAllThreads=false in command line.
2019-10-01 03:10:01,153 [main] INFO  grpc.GrpcConfigKeys$Server (ConfUtils.java:logGet(43)) - raft.grpc.server.port = 0 (default)
2019-10-01 03:10:01,153 [main] INFO  server.GrpcService (ConfUtils.java:logGet(43)) - raft.grpc.message.size.max = 33570816 (custom)
2019-10-01 03:10:01,153 [main] INFO  server.RaftServerConfigKeys (ConfUtils.java:logGet(43)) - raft.server.log.appender.buffer.byte-limit = 33554432 (custom)
2019-10-01 03:10:01,154 [main] INFO  server.GrpcService (ConfUtils.java:logGet(43)) - raft.grpc.flow.control.window = 1MB (=1048576) (default)
2019-10-01 03:10:01,154 [main] INFO  server.RaftServerConfigKeys (ConfUtils.java:logGet(43)) - raft.server.rpc.request.timeout = 3000ms (default)
2019-10-01 03:10:01,155 [main] INFO  server.RaftServerConfigKeys (ConfUtils.java:logGet(43)) - raft.server.storage.dir = [/workdir/hadoop-ozone/integration-test/target/test-dir/MiniOzoneClusterImpl-40f9f9a2-8720-4028-b159-c2d159133293/datanode-3/data/ratis] (custom)
2019-10-01 03:10:01,157 [main] INFO  hdfs.DFSUtil (DFSUtil.java:httpServerTemplateForNNAndJN(1641)) - Starting Web-server for hddsDatanode at: http://0.0.0.0:0
2019-10-01 03:10:01,158 [main] INFO  server.AuthenticationFilter (AuthenticationFilter.java:constructSecretProvider(240)) - Unable to initialize FileSignerSecretProvider, falling back to use random secrets.
2019-10-01 03:10:01,159 [main] WARN  http.HttpRequestLog (HttpRequestLog.java:getRequestLog(97)) - Jetty request log can only be enabled using Log4j
2019-10-01 03:10:01,160 [main] INFO  http.HttpServer2 (HttpServer2.java:addGlobalFilter(975)) - Added global filter 'safety' (class=org.apache.hadoop.http.HttpServer2$QuotingInputFilter)
2019-10-01 03:10:01,161 [main] INFO  http.HttpServer2 (HttpServer2.java:addFilter(948)) - Added filter static_user_filter (class=org.apache.hadoop.http.lib.StaticUserWebFilter$StaticUserFilter) to context hddsDatanode
2019-10-01 03:10:01,161 [main] INFO  http.HttpServer2 (HttpServer2.java:addFilter(958)) - Added filter static_user_filter (class=org.apache.hadoop.http.lib.StaticUserWebFilter$StaticUserFilter) to context logs
2019-10-01 03:10:01,162 [main] INFO  http.HttpServer2 (HttpServer2.java:addFilter(958)) - Added filter static_user_filter (class=org.apache.hadoop.http.lib.StaticUserWebFilter$StaticUserFilter) to context static
2019-10-01 03:10:01,162 [main] INFO  http.HttpServer2 (HttpServer2.java:bindListener(1191)) - Jetty bound to port 37672
2019-10-01 03:10:01,163 [main] INFO  server.Server (Server.java:doStart(351)) - jetty-9.3.25.v20180904, build timestamp: 2018-09-04T21:11:46Z, git hash: 3ce520221d0240229c862b122d2b06c12a625732
2019-10-01 03:10:01,165 [main] INFO  handler.ContextHandler (ContextHandler.java:doStart(781)) - Started o.e.j.s.ServletContextHandler@54e2fe{/logs,file:///workdir/hadoop-ozone/integration-test/target/log,AVAILABLE}
2019-10-01 03:10:01,166 [main] INFO  handler.ContextHandler (ContextHandler.java:doStart(781)) - Started o.e.j.s.ServletContextHandler@119aa36{/static,jar:file:/home/user/.m2/repository/org/apache/hadoop/hadoop-hdds-container-service/0.5.0-SNAPSHOT/hadoop-hdds-container-service-0.5.0-SNAPSHOT.jar!/webapps/static,AVAILABLE}
2019-10-01 03:10:01,200 [main] INFO  handler.ContextHandler (ContextHandler.java:doStart(781)) - Started o.e.j.w.WebAppContext@411c6d44{/,file:///tmp/jetty-0.0.0.0-37672-hddsDatanode-_-any-6580089375810738584.dir/webapp/,AVAILABLE}{/hddsDatanode}
2019-10-01 03:10:01,200 [main] INFO  server.AbstractConnector (AbstractConnector.java:doStart(278)) - Started ServerConnector@1687eb01{HTTP/1.1,[http/1.1]}{0.0.0.0:37672}
2019-10-01 03:10:01,201 [main] INFO  server.Server (Server.java:doStart(419)) - Started @5308ms
2019-10-01 03:10:01,202 [main] WARN  impl.MetricsSystemImpl (MetricsSystemImpl.java:register(276)) - Sink prometheus already exists!
2019-10-01 03:10:01,203 [main] INFO  server.BaseHttpServer (BaseHttpServer.java:updateConnectorAddress(215)) - HTTP server of HDDSDATANODE is listening at http://0.0.0.0:37672
2019-10-01 03:10:01,203 [main] INFO  impl.MetricsSystemImpl (MetricsSystemImpl.java:init(158)) - HddsDatanode metrics system started (again)
2019-10-01 03:10:01,206 [main] INFO  ozone.HddsDatanodeService (HddsDatanodeService.java:start(184)) - HddsDatanodeService host:pr-hdds-1984-288rd-2703005633 ip:192.168.164.230
2019-10-01 03:10:01,207 [org.apache.hadoop.util.JvmPauseMonitor$Monitor@68a75471] INFO  util.JvmPauseMonitor (JvmPauseMonitor.java:run(188)) - Starting JVM pause monitor
2019-10-01 03:10:01,210 [Datanode State Machine Thread - 0] INFO  datanode.InitDatanodeState (InitDatanodeState.java:persistContainerDatanodeDetails(140)) - DatanodeDetails is persisted to /workdir/hadoop-ozone/integration-test/target/test-dir/MiniOzoneClusterImpl-40f9f9a2-8720-4028-b159-c2d159133293/datanode-3/meta/datanode.id
2019-10-01 03:10:01,215 [main] INFO  volume.HddsVolume (HddsVolume.java:<init>(176)) - Creating Volume: /workdir/hadoop-ozone/integration-test/target/test-dir/MiniOzoneClusterImpl-40f9f9a2-8720-4028-b159-c2d159133293/datanode-4/data/containers/hdds of  storage type : DISK and capacity : 1482555576320
2019-10-01 03:10:01,216 [main] INFO  volume.VolumeSet (VolumeSet.java:initializeVolumeSet(170)) - Added Volume : /workdir/hadoop-ozone/integration-test/target/test-dir/MiniOzoneClusterImpl-40f9f9a2-8720-4028-b159-c2d159133293/datanode-4/data/containers/hdds to VolumeSet
2019-10-01 03:10:01,216 [main] INFO  volume.ThrottledAsyncChecker (ThrottledAsyncChecker.java:schedule(139)) - Scheduling a check for org.apache.hadoop.ozone.container.common.volume.HddsVolume@333c8791
2019-10-01 03:10:01,217 [main] INFO  volume.HddsVolumeChecker (HddsVolumeChecker.java:checkAllVolumes(202)) - Scheduled health check for volume org.apache.hadoop.ozone.container.common.volume.HddsVolume@333c8791
2019-10-01 03:10:01,231 [main] INFO  impl.RaftServerProxy (ConfUtils.java:logGet(43)) - raft.rpc.type = GRPC (default)
2019-10-01 03:10:01,231 [main] INFO  grpc.GrpcFactory (GrpcFactory.java:checkPooledByteBufAllocatorUseCacheForAllThreads(45)) - PERFORMANCE WARNING: useCacheForAllThreads is true that may cause Netty to create a lot garbage objects and, as a result, trigger GC.
	It is recommended to disable useCacheForAllThreads by setting -Dorg.apache.ratis.thirdparty.io.netty.allocator.useCacheForAllThreads=false in command line.
2019-10-01 03:10:01,231 [main] INFO  grpc.GrpcConfigKeys$Server (ConfUtils.java:logGet(43)) - raft.grpc.server.port = 0 (default)
2019-10-01 03:10:01,231 [main] INFO  server.GrpcService (ConfUtils.java:logGet(43)) - raft.grpc.message.size.max = 33570816 (custom)
2019-10-01 03:10:01,232 [main] INFO  server.RaftServerConfigKeys (ConfUtils.java:logGet(43)) - raft.server.log.appender.buffer.byte-limit = 33554432 (custom)
2019-10-01 03:10:01,232 [main] INFO  server.GrpcService (ConfUtils.java:logGet(43)) - raft.grpc.flow.control.window = 1MB (=1048576) (default)
2019-10-01 03:10:01,232 [main] INFO  server.RaftServerConfigKeys (ConfUtils.java:logGet(43)) - raft.server.rpc.request.timeout = 3000ms (default)
2019-10-01 03:10:01,233 [main] INFO  server.RaftServerConfigKeys (ConfUtils.java:logGet(43)) - raft.server.storage.dir = [/workdir/hadoop-ozone/integration-test/target/test-dir/MiniOzoneClusterImpl-40f9f9a2-8720-4028-b159-c2d159133293/datanode-4/data/ratis] (custom)
2019-10-01 03:10:01,234 [main] INFO  hdfs.DFSUtil (DFSUtil.java:httpServerTemplateForNNAndJN(1641)) - Starting Web-server for hddsDatanode at: http://0.0.0.0:0
2019-10-01 03:10:01,235 [main] INFO  server.AuthenticationFilter (AuthenticationFilter.java:constructSecretProvider(240)) - Unable to initialize FileSignerSecretProvider, falling back to use random secrets.
2019-10-01 03:10:01,236 [main] WARN  http.HttpRequestLog (HttpRequestLog.java:getRequestLog(97)) - Jetty request log can only be enabled using Log4j
2019-10-01 03:10:01,237 [main] INFO  http.HttpServer2 (HttpServer2.java:addGlobalFilter(975)) - Added global filter 'safety' (class=org.apache.hadoop.http.HttpServer2$QuotingInputFilter)
2019-10-01 03:10:01,238 [main] INFO  http.HttpServer2 (HttpServer2.java:addFilter(948)) - Added filter static_user_filter (class=org.apache.hadoop.http.lib.StaticUserWebFilter$StaticUserFilter) to context hddsDatanode
2019-10-01 03:10:01,238 [main] INFO  http.HttpServer2 (HttpServer2.java:addFilter(958)) - Added filter static_user_filter (class=org.apache.hadoop.http.lib.StaticUserWebFilter$StaticUserFilter) to context logs
2019-10-01 03:10:01,238 [main] INFO  http.HttpServer2 (HttpServer2.java:addFilter(958)) - Added filter static_user_filter (class=org.apache.hadoop.http.lib.StaticUserWebFilter$StaticUserFilter) to context static
2019-10-01 03:10:01,239 [main] INFO  http.HttpServer2 (HttpServer2.java:bindListener(1191)) - Jetty bound to port 41207
2019-10-01 03:10:01,239 [main] INFO  server.Server (Server.java:doStart(351)) - jetty-9.3.25.v20180904, build timestamp: 2018-09-04T21:11:46Z, git hash: 3ce520221d0240229c862b122d2b06c12a625732
2019-10-01 03:10:01,247 [main] INFO  handler.ContextHandler (ContextHandler.java:doStart(781)) - Started o.e.j.s.ServletContextHandler@25aeb5ac{/logs,file:///workdir/hadoop-ozone/integration-test/target/log,AVAILABLE}
2019-10-01 03:10:01,247 [main] INFO  handler.ContextHandler (ContextHandler.java:doStart(781)) - Started o.e.j.s.ServletContextHandler@3bd2af5b{/static,jar:file:/home/user/.m2/repository/org/apache/hadoop/hadoop-hdds-container-service/0.5.0-SNAPSHOT/hadoop-hdds-container-service-0.5.0-SNAPSHOT.jar!/webapps/static,AVAILABLE}
2019-10-01 03:10:01,285 [main] INFO  handler.ContextHandler (ContextHandler.java:doStart(781)) - Started o.e.j.w.WebAppContext@2b7962a2{/,file:///tmp/jetty-0.0.0.0-41207-hddsDatanode-_-any-2267288108925689505.dir/webapp/,AVAILABLE}{/hddsDatanode}
2019-10-01 03:10:01,287 [main] INFO  server.AbstractConnector (AbstractConnector.java:doStart(278)) - Started ServerConnector@6ad16c5d{HTTP/1.1,[http/1.1]}{0.0.0.0:41207}
2019-10-01 03:10:01,289 [main] INFO  server.Server (Server.java:doStart(419)) - Started @5395ms
2019-10-01 03:10:01,289 [main] WARN  impl.MetricsSystemImpl (MetricsSystemImpl.java:register(276)) - Sink prometheus already exists!
2019-10-01 03:10:01,290 [main] INFO  server.BaseHttpServer (BaseHttpServer.java:updateConnectorAddress(215)) - HTTP server of HDDSDATANODE is listening at http://0.0.0.0:41207
2019-10-01 03:10:01,291 [main] INFO  impl.MetricsSystemImpl (MetricsSystemImpl.java:init(158)) - HddsDatanode metrics system started (again)
2019-10-01 03:10:01,294 [org.apache.hadoop.util.JvmPauseMonitor$Monitor@73b5e769] INFO  util.JvmPauseMonitor (JvmPauseMonitor.java:run(188)) - Starting JVM pause monitor
2019-10-01 03:10:01,294 [main] INFO  ozone.HddsDatanodeService (HddsDatanodeService.java:start(184)) - HddsDatanodeService host:pr-hdds-1984-288rd-2703005633 ip:192.168.164.230
2019-10-01 03:10:01,297 [Datanode State Machine Thread - 0] INFO  datanode.InitDatanodeState (InitDatanodeState.java:persistContainerDatanodeDetails(140)) - DatanodeDetails is persisted to /workdir/hadoop-ozone/integration-test/target/test-dir/MiniOzoneClusterImpl-40f9f9a2-8720-4028-b159-c2d159133293/datanode-4/meta/datanode.id
2019-10-01 03:10:01,302 [main] INFO  volume.HddsVolume (HddsVolume.java:<init>(176)) - Creating Volume: /workdir/hadoop-ozone/integration-test/target/test-dir/MiniOzoneClusterImpl-40f9f9a2-8720-4028-b159-c2d159133293/datanode-5/data/containers/hdds of  storage type : DISK and capacity : 1482555576320
2019-10-01 03:10:01,303 [main] INFO  volume.VolumeSet (VolumeSet.java:initializeVolumeSet(170)) - Added Volume : /workdir/hadoop-ozone/integration-test/target/test-dir/MiniOzoneClusterImpl-40f9f9a2-8720-4028-b159-c2d159133293/datanode-5/data/containers/hdds to VolumeSet
2019-10-01 03:10:01,303 [main] INFO  volume.ThrottledAsyncChecker (ThrottledAsyncChecker.java:schedule(139)) - Scheduling a check for org.apache.hadoop.ozone.container.common.volume.HddsVolume@ccf91df
2019-10-01 03:10:01,303 [main] INFO  volume.HddsVolumeChecker (HddsVolumeChecker.java:checkAllVolumes(202)) - Scheduled health check for volume org.apache.hadoop.ozone.container.common.volume.HddsVolume@ccf91df
2019-10-01 03:10:01,317 [main] INFO  impl.RaftServerProxy (ConfUtils.java:logGet(43)) - raft.rpc.type = GRPC (default)
2019-10-01 03:10:01,317 [main] INFO  grpc.GrpcFactory (GrpcFactory.java:checkPooledByteBufAllocatorUseCacheForAllThreads(45)) - PERFORMANCE WARNING: useCacheForAllThreads is true that may cause Netty to create a lot garbage objects and, as a result, trigger GC.
	It is recommended to disable useCacheForAllThreads by setting -Dorg.apache.ratis.thirdparty.io.netty.allocator.useCacheForAllThreads=false in command line.
2019-10-01 03:10:01,317 [main] INFO  grpc.GrpcConfigKeys$Server (ConfUtils.java:logGet(43)) - raft.grpc.server.port = 0 (default)
2019-10-01 03:10:01,317 [main] INFO  server.GrpcService (ConfUtils.java:logGet(43)) - raft.grpc.message.size.max = 33570816 (custom)
2019-10-01 03:10:01,318 [main] INFO  server.RaftServerConfigKeys (ConfUtils.java:logGet(43)) - raft.server.log.appender.buffer.byte-limit = 33554432 (custom)
2019-10-01 03:10:01,318 [main] INFO  server.GrpcService (ConfUtils.java:logGet(43)) - raft.grpc.flow.control.window = 1MB (=1048576) (default)
2019-10-01 03:10:01,318 [main] INFO  server.RaftServerConfigKeys (ConfUtils.java:logGet(43)) - raft.server.rpc.request.timeout = 3000ms (default)
2019-10-01 03:10:01,319 [main] INFO  server.RaftServerConfigKeys (ConfUtils.java:logGet(43)) - raft.server.storage.dir = [/workdir/hadoop-ozone/integration-test/target/test-dir/MiniOzoneClusterImpl-40f9f9a2-8720-4028-b159-c2d159133293/datanode-5/data/ratis] (custom)
2019-10-01 03:10:01,320 [main] INFO  hdfs.DFSUtil (DFSUtil.java:httpServerTemplateForNNAndJN(1641)) - Starting Web-server for hddsDatanode at: http://0.0.0.0:0
2019-10-01 03:10:01,322 [main] INFO  server.AuthenticationFilter (AuthenticationFilter.java:constructSecretProvider(240)) - Unable to initialize FileSignerSecretProvider, falling back to use random secrets.
2019-10-01 03:10:01,323 [main] WARN  http.HttpRequestLog (HttpRequestLog.java:getRequestLog(97)) - Jetty request log can only be enabled using Log4j
2019-10-01 03:10:01,324 [main] INFO  http.HttpServer2 (HttpServer2.java:addGlobalFilter(975)) - Added global filter 'safety' (class=org.apache.hadoop.http.HttpServer2$QuotingInputFilter)
2019-10-01 03:10:01,325 [main] INFO  http.HttpServer2 (HttpServer2.java:addFilter(948)) - Added filter static_user_filter (class=org.apache.hadoop.http.lib.StaticUserWebFilter$StaticUserFilter) to context hddsDatanode
2019-10-01 03:10:01,325 [main] INFO  http.HttpServer2 (HttpServer2.java:addFilter(958)) - Added filter static_user_filter (class=org.apache.hadoop.http.lib.StaticUserWebFilter$StaticUserFilter) to context static
2019-10-01 03:10:01,326 [main] INFO  http.HttpServer2 (HttpServer2.java:addFilter(958)) - Added filter static_user_filter (class=org.apache.hadoop.http.lib.StaticUserWebFilter$StaticUserFilter) to context logs
2019-10-01 03:10:01,326 [main] INFO  http.HttpServer2 (HttpServer2.java:bindListener(1191)) - Jetty bound to port 44394
2019-10-01 03:10:01,327 [main] INFO  server.Server (Server.java:doStart(351)) - jetty-9.3.25.v20180904, build timestamp: 2018-09-04T21:11:46Z, git hash: 3ce520221d0240229c862b122d2b06c12a625732
2019-10-01 03:10:01,329 [main] INFO  handler.ContextHandler (ContextHandler.java:doStart(781)) - Started o.e.j.s.ServletContextHandler@77bb48d5{/logs,file:///workdir/hadoop-ozone/integration-test/target/log,AVAILABLE}
2019-10-01 03:10:01,329 [main] INFO  handler.ContextHandler (ContextHandler.java:doStart(781)) - Started o.e.j.s.ServletContextHandler@12d5c30e{/static,jar:file:/home/user/.m2/repository/org/apache/hadoop/hadoop-hdds-container-service/0.5.0-SNAPSHOT/hadoop-hdds-container-service-0.5.0-SNAPSHOT.jar!/webapps/static,AVAILABLE}
2019-10-01 03:10:01,362 [main] INFO  handler.ContextHandler (ContextHandler.java:doStart(781)) - Started o.e.j.w.WebAppContext@46a145ba{/,file:///tmp/jetty-0.0.0.0-44394-hddsDatanode-_-any-3207397972159630127.dir/webapp/,AVAILABLE}{/hddsDatanode}
2019-10-01 03:10:01,363 [main] INFO  server.AbstractConnector (AbstractConnector.java:doStart(278)) - Started ServerConnector@7ab34619{HTTP/1.1,[http/1.1]}{0.0.0.0:44394}
2019-10-01 03:10:01,364 [main] INFO  server.Server (Server.java:doStart(419)) - Started @5471ms
2019-10-01 03:10:01,365 [main] WARN  impl.MetricsSystemImpl (MetricsSystemImpl.java:register(276)) - Sink prometheus already exists!
2019-10-01 03:10:01,366 [main] INFO  server.BaseHttpServer (BaseHttpServer.java:updateConnectorAddress(215)) - HTTP server of HDDSDATANODE is listening at http://0.0.0.0:44394
2019-10-01 03:10:01,366 [main] INFO  impl.MetricsSystemImpl (MetricsSystemImpl.java:init(158)) - HddsDatanode metrics system started (again)
2019-10-01 03:10:01,370 [org.apache.hadoop.util.JvmPauseMonitor$Monitor@576d4ad7] INFO  util.JvmPauseMonitor (JvmPauseMonitor.java:run(188)) - Starting JVM pause monitor
2019-10-01 03:10:01,372 [main] INFO  ozone.HddsDatanodeService (HddsDatanodeService.java:start(184)) - HddsDatanodeService host:pr-hdds-1984-288rd-2703005633 ip:192.168.164.230
2019-10-01 03:10:01,373 [Datanode State Machine Thread - 0] INFO  datanode.InitDatanodeState (InitDatanodeState.java:persistContainerDatanodeDetails(140)) - DatanodeDetails is persisted to /workdir/hadoop-ozone/integration-test/target/test-dir/MiniOzoneClusterImpl-40f9f9a2-8720-4028-b159-c2d159133293/datanode-5/meta/datanode.id
2019-10-01 03:10:01,383 [main] INFO  volume.HddsVolume (HddsVolume.java:<init>(176)) - Creating Volume: /workdir/hadoop-ozone/integration-test/target/test-dir/MiniOzoneClusterImpl-40f9f9a2-8720-4028-b159-c2d159133293/datanode-6/data/containers/hdds of  storage type : DISK and capacity : 1482555576320
2019-10-01 03:10:01,384 [main] INFO  volume.VolumeSet (VolumeSet.java:initializeVolumeSet(170)) - Added Volume : /workdir/hadoop-ozone/integration-test/target/test-dir/MiniOzoneClusterImpl-40f9f9a2-8720-4028-b159-c2d159133293/datanode-6/data/containers/hdds to VolumeSet
2019-10-01 03:10:01,384 [main] INFO  volume.ThrottledAsyncChecker (ThrottledAsyncChecker.java:schedule(139)) - Scheduling a check for org.apache.hadoop.ozone.container.common.volume.HddsVolume@3b920bdc
2019-10-01 03:10:01,385 [main] INFO  volume.HddsVolumeChecker (HddsVolumeChecker.java:checkAllVolumes(202)) - Scheduled health check for volume org.apache.hadoop.ozone.container.common.volume.HddsVolume@3b920bdc
2019-10-01 03:10:01,406 [main] INFO  impl.RaftServerProxy (ConfUtils.java:logGet(43)) - raft.rpc.type = GRPC (default)
2019-10-01 03:10:01,406 [main] INFO  grpc.GrpcFactory (GrpcFactory.java:checkPooledByteBufAllocatorUseCacheForAllThreads(45)) - PERFORMANCE WARNING: useCacheForAllThreads is true that may cause Netty to create a lot garbage objects and, as a result, trigger GC.
	It is recommended to disable useCacheForAllThreads by setting -Dorg.apache.ratis.thirdparty.io.netty.allocator.useCacheForAllThreads=false in command line.
2019-10-01 03:10:01,407 [main] INFO  grpc.GrpcConfigKeys$Server (ConfUtils.java:logGet(43)) - raft.grpc.server.port = 0 (default)
2019-10-01 03:10:01,407 [main] INFO  server.GrpcService (ConfUtils.java:logGet(43)) - raft.grpc.message.size.max = 33570816 (custom)
2019-10-01 03:10:01,407 [main] INFO  server.RaftServerConfigKeys (ConfUtils.java:logGet(43)) - raft.server.log.appender.buffer.byte-limit = 33554432 (custom)
2019-10-01 03:10:01,408 [main] INFO  server.GrpcService (ConfUtils.java:logGet(43)) - raft.grpc.flow.control.window = 1MB (=1048576) (default)
2019-10-01 03:10:01,408 [main] INFO  server.RaftServerConfigKeys (ConfUtils.java:logGet(43)) - raft.server.rpc.request.timeout = 3000ms (default)
2019-10-01 03:10:01,409 [main] INFO  server.RaftServerConfigKeys (ConfUtils.java:logGet(43)) - raft.server.storage.dir = [/workdir/hadoop-ozone/integration-test/target/test-dir/MiniOzoneClusterImpl-40f9f9a2-8720-4028-b159-c2d159133293/datanode-6/data/ratis] (custom)
2019-10-01 03:10:01,411 [main] INFO  hdfs.DFSUtil (DFSUtil.java:httpServerTemplateForNNAndJN(1641)) - Starting Web-server for hddsDatanode at: http://0.0.0.0:0
2019-10-01 03:10:01,412 [main] INFO  server.AuthenticationFilter (AuthenticationFilter.java:constructSecretProvider(240)) - Unable to initialize FileSignerSecretProvider, falling back to use random secrets.
2019-10-01 03:10:01,413 [main] WARN  http.HttpRequestLog (HttpRequestLog.java:getRequestLog(97)) - Jetty request log can only be enabled using Log4j
2019-10-01 03:10:01,414 [main] INFO  http.HttpServer2 (HttpServer2.java:addGlobalFilter(975)) - Added global filter 'safety' (class=org.apache.hadoop.http.HttpServer2$QuotingInputFilter)
2019-10-01 03:10:01,415 [main] INFO  http.HttpServer2 (HttpServer2.java:addFilter(948)) - Added filter static_user_filter (class=org.apache.hadoop.http.lib.StaticUserWebFilter$StaticUserFilter) to context hddsDatanode
2019-10-01 03:10:01,415 [main] INFO  http.HttpServer2 (HttpServer2.java:addFilter(958)) - Added filter static_user_filter (class=org.apache.hadoop.http.lib.StaticUserWebFilter$StaticUserFilter) to context static
2019-10-01 03:10:01,416 [main] INFO  http.HttpServer2 (HttpServer2.java:addFilter(958)) - Added filter static_user_filter (class=org.apache.hadoop.http.lib.StaticUserWebFilter$StaticUserFilter) to context logs
2019-10-01 03:10:01,417 [main] INFO  http.HttpServer2 (HttpServer2.java:bindListener(1191)) - Jetty bound to port 45270
2019-10-01 03:10:01,417 [main] INFO  server.Server (Server.java:doStart(351)) - jetty-9.3.25.v20180904, build timestamp: 2018-09-04T21:11:46Z, git hash: 3ce520221d0240229c862b122d2b06c12a625732
2019-10-01 03:10:01,419 [main] INFO  handler.ContextHandler (ContextHandler.java:doStart(781)) - Started o.e.j.s.ServletContextHandler@3240b2a4{/logs,file:///workdir/hadoop-ozone/integration-test/target/log,AVAILABLE}
2019-10-01 03:10:01,420 [main] INFO  handler.ContextHandler (ContextHandler.java:doStart(781)) - Started o.e.j.s.ServletContextHandler@7d3fb0ef{/static,jar:file:/home/user/.m2/repository/org/apache/hadoop/hadoop-hdds-container-service/0.5.0-SNAPSHOT/hadoop-hdds-container-service-0.5.0-SNAPSHOT.jar!/webapps/static,AVAILABLE}
2019-10-01 03:10:01,455 [main] INFO  handler.ContextHandler (ContextHandler.java:doStart(781)) - Started o.e.j.w.WebAppContext@b1534d3{/,file:///tmp/jetty-0.0.0.0-45270-hddsDatanode-_-any-7033083252638106544.dir/webapp/,AVAILABLE}{/hddsDatanode}
2019-10-01 03:10:01,456 [main] INFO  server.AbstractConnector (AbstractConnector.java:doStart(278)) - Started ServerConnector@3c74aa0d{HTTP/1.1,[http/1.1]}{0.0.0.0:45270}
2019-10-01 03:10:01,457 [main] INFO  server.Server (Server.java:doStart(419)) - Started @5564ms
2019-10-01 03:10:01,457 [main] WARN  impl.MetricsSystemImpl (MetricsSystemImpl.java:register(276)) - Sink prometheus already exists!
2019-10-01 03:10:01,458 [main] INFO  server.BaseHttpServer (BaseHttpServer.java:updateConnectorAddress(215)) - HTTP server of HDDSDATANODE is listening at http://0.0.0.0:45270
2019-10-01 03:10:01,462 [main] INFO  ozone.MiniOzoneClusterImpl (MiniOzoneClusterImpl.java:lambda$waitForClusterToBeReady$0(147)) - Waiting for cluster to be ready. Got 0 of 7 DN Heartbeats.
2019-10-01 03:10:01,462 [org.apache.hadoop.util.JvmPauseMonitor$Monitor@72aaf06b] INFO  util.JvmPauseMonitor (JvmPauseMonitor.java:run(188)) - Starting JVM pause monitor
2019-10-01 03:10:01,465 [Datanode State Machine Thread - 0] INFO  datanode.InitDatanodeState (InitDatanodeState.java:persistContainerDatanodeDetails(140)) - DatanodeDetails is persisted to /workdir/hadoop-ozone/integration-test/target/test-dir/MiniOzoneClusterImpl-40f9f9a2-8720-4028-b159-c2d159133293/datanode-6/meta/datanode.id
2019-10-01 03:10:02,462 [main] INFO  ozone.MiniOzoneClusterImpl (MiniOzoneClusterImpl.java:lambda$waitForClusterToBeReady$0(147)) - Waiting for cluster to be ready. Got 0 of 7 DN Heartbeats.
2019-10-01 03:10:03,463 [main] INFO  ozone.MiniOzoneClusterImpl (MiniOzoneClusterImpl.java:lambda$waitForClusterToBeReady$0(147)) - Waiting for cluster to be ready. Got 0 of 7 DN Heartbeats.
2019-10-01 03:10:03,628 [Datanode State Machine Thread - 0] INFO  ozoneimpl.OzoneContainer (OzoneContainer.java:start(217)) - Attempting to start container services.
2019-10-01 03:10:03,628 [Datanode State Machine Thread - 0] INFO  ozoneimpl.OzoneContainer (OzoneContainer.java:start(217)) - Attempting to start container services.
2019-10-01 03:10:03,628 [Datanode State Machine Thread - 0] INFO  ozoneimpl.OzoneContainer (OzoneContainer.java:start(217)) - Attempting to start container services.
2019-10-01 03:10:03,628 [Datanode State Machine Thread - 0] INFO  ozoneimpl.OzoneContainer (OzoneContainer.java:start(217)) - Attempting to start container services.
2019-10-01 03:10:03,628 [Datanode State Machine Thread - 0] INFO  ozoneimpl.OzoneContainer (OzoneContainer.java:start(217)) - Attempting to start container services.
2019-10-01 03:10:03,630 [Datanode State Machine Thread - 0] INFO  ozoneimpl.OzoneContainer (OzoneContainer.java:start(217)) - Attempting to start container services.
2019-10-01 03:10:03,628 [Datanode State Machine Thread - 0] INFO  ozoneimpl.OzoneContainer (OzoneContainer.java:start(217)) - Attempting to start container services.
2019-10-01 03:10:03,644 [Datanode State Machine Thread - 0] INFO  ozoneimpl.OzoneContainer (OzoneContainer.java:startContainerScrub(179)) - Background container scanner has been disabled.
2019-10-01 03:10:03,645 [Datanode State Machine Thread - 0] INFO  ozoneimpl.OzoneContainer (OzoneContainer.java:startContainerScrub(179)) - Background container scanner has been disabled.
2019-10-01 03:10:03,646 [Datanode State Machine Thread - 0] INFO  ratis.XceiverServerRatis (XceiverServerRatis.java:start(417)) - Starting XceiverServerRatis 7391a87e-f377-48ac-bd7a-24db10f19e30 at port 0
2019-10-01 03:10:03,644 [Datanode State Machine Thread - 0] INFO  ozoneimpl.OzoneContainer (OzoneContainer.java:startContainerScrub(179)) - Background container scanner has been disabled.
2019-10-01 03:10:03,647 [Datanode State Machine Thread - 0] INFO  ozoneimpl.OzoneContainer (OzoneContainer.java:startContainerScrub(179)) - Background container scanner has been disabled.
2019-10-01 03:10:03,646 [Datanode State Machine Thread - 0] INFO  ratis.XceiverServerRatis (XceiverServerRatis.java:start(417)) - Starting XceiverServerRatis d589bdc3-2854-4e3a-8b38-9d5041fb08a3 at port 0
2019-10-01 03:10:03,647 [Datanode State Machine Thread - 0] INFO  ratis.XceiverServerRatis (XceiverServerRatis.java:start(417)) - Starting XceiverServerRatis a031d7a8-9ba6-4a5b-9c1d-66af4bb6a471 at port 0
2019-10-01 03:10:03,647 [Datanode State Machine Thread - 0] INFO  ozoneimpl.OzoneContainer (OzoneContainer.java:startContainerScrub(179)) - Background container scanner has been disabled.
2019-10-01 03:10:03,647 [Datanode State Machine Thread - 0] INFO  ozoneimpl.OzoneContainer (OzoneContainer.java:startContainerScrub(179)) - Background container scanner has been disabled.
2019-10-01 03:10:03,648 [Datanode State Machine Thread - 0] INFO  ratis.XceiverServerRatis (XceiverServerRatis.java:start(417)) - Starting XceiverServerRatis 171ec4d4-096c-4a48-9c09-f13db5b98943 at port 0
2019-10-01 03:10:03,647 [Datanode State Machine Thread - 0] INFO  ozoneimpl.OzoneContainer (OzoneContainer.java:startContainerScrub(179)) - Background container scanner has been disabled.
2019-10-01 03:10:03,647 [Datanode State Machine Thread - 0] INFO  ratis.XceiverServerRatis (XceiverServerRatis.java:start(417)) - Starting XceiverServerRatis 51b30148-b788-4294-9eff-4cb6628afcd4 at port 0
2019-10-01 03:10:03,648 [Datanode State Machine Thread - 0] INFO  ratis.XceiverServerRatis (XceiverServerRatis.java:start(417)) - Starting XceiverServerRatis 1530fc0b-6ae8-4c1c-a297-79aad04b458a at port 0
2019-10-01 03:10:03,648 [Datanode State Machine Thread - 0] INFO  ratis.XceiverServerRatis (XceiverServerRatis.java:start(417)) - Starting XceiverServerRatis 8136eb91-24a8-48f9-b6b1-1989e8e6d119 at port 0
2019-10-01 03:10:03,715 [Datanode State Machine Thread - 0] INFO  impl.RaftServerProxy (RaftServerProxy.java:lambda$start$3(299)) - a031d7a8-9ba6-4a5b-9c1d-66af4bb6a471: start RPC server
2019-10-01 03:10:03,716 [Datanode State Machine Thread - 0] INFO  impl.RaftServerProxy (RaftServerProxy.java:lambda$start$3(299)) - 7391a87e-f377-48ac-bd7a-24db10f19e30: start RPC server
2019-10-01 03:10:03,715 [Datanode State Machine Thread - 0] INFO  impl.RaftServerProxy (RaftServerProxy.java:lambda$start$3(299)) - 51b30148-b788-4294-9eff-4cb6628afcd4: start RPC server
2019-10-01 03:10:03,715 [Datanode State Machine Thread - 0] INFO  impl.RaftServerProxy (RaftServerProxy.java:lambda$start$3(299)) - 8136eb91-24a8-48f9-b6b1-1989e8e6d119: start RPC server
2019-10-01 03:10:03,715 [Datanode State Machine Thread - 0] INFO  impl.RaftServerProxy (RaftServerProxy.java:lambda$start$3(299)) - 1530fc0b-6ae8-4c1c-a297-79aad04b458a: start RPC server
2019-10-01 03:10:03,715 [Datanode State Machine Thread - 0] INFO  impl.RaftServerProxy (RaftServerProxy.java:lambda$start$3(299)) - d589bdc3-2854-4e3a-8b38-9d5041fb08a3: start RPC server
2019-10-01 03:10:03,715 [Datanode State Machine Thread - 0] INFO  impl.RaftServerProxy (RaftServerProxy.java:lambda$start$3(299)) - 171ec4d4-096c-4a48-9c09-f13db5b98943: start RPC server
2019-10-01 03:10:03,880 [Datanode State Machine Thread - 0] INFO  server.GrpcService (GrpcService.java:startImpl(158)) - a031d7a8-9ba6-4a5b-9c1d-66af4bb6a471: GrpcService started, listening on 0.0.0.0/0.0.0.0:40684
2019-10-01 03:10:03,880 [Datanode State Machine Thread - 0] INFO  server.GrpcService (GrpcService.java:startImpl(158)) - 8136eb91-24a8-48f9-b6b1-1989e8e6d119: GrpcService started, listening on 0.0.0.0/0.0.0.0:34242
2019-10-01 03:10:03,880 [Datanode State Machine Thread - 0] INFO  server.GrpcService (GrpcService.java:startImpl(158)) - 1530fc0b-6ae8-4c1c-a297-79aad04b458a: GrpcService started, listening on 0.0.0.0/0.0.0.0:36523
2019-10-01 03:10:03,880 [Datanode State Machine Thread - 0] INFO  server.GrpcService (GrpcService.java:startImpl(158)) - 171ec4d4-096c-4a48-9c09-f13db5b98943: GrpcService started, listening on 0.0.0.0/0.0.0.0:32787
2019-10-01 03:10:03,880 [Datanode State Machine Thread - 0] INFO  server.GrpcService (GrpcService.java:startImpl(158)) - 51b30148-b788-4294-9eff-4cb6628afcd4: GrpcService started, listening on 0.0.0.0/0.0.0.0:37349
2019-10-01 03:10:03,880 [Datanode State Machine Thread - 0] INFO  server.GrpcService (GrpcService.java:startImpl(158)) - d589bdc3-2854-4e3a-8b38-9d5041fb08a3: GrpcService started, listening on 0.0.0.0/0.0.0.0:40765
2019-10-01 03:10:03,880 [Datanode State Machine Thread - 0] INFO  server.GrpcService (GrpcService.java:startImpl(158)) - 7391a87e-f377-48ac-bd7a-24db10f19e30: GrpcService started, listening on 0.0.0.0/0.0.0.0:34651
2019-10-01 03:10:03,886 [Datanode State Machine Thread - 0] INFO  ratis.XceiverServerRatis (XceiverServerRatis.java:start(427)) - XceiverServerRatis d589bdc3-2854-4e3a-8b38-9d5041fb08a3 is started using port 40765
2019-10-01 03:10:03,886 [Datanode State Machine Thread - 0] INFO  ratis.XceiverServerRatis (XceiverServerRatis.java:start(427)) - XceiverServerRatis 51b30148-b788-4294-9eff-4cb6628afcd4 is started using port 37349
2019-10-01 03:10:03,886 [Datanode State Machine Thread - 0] INFO  ratis.XceiverServerRatis (XceiverServerRatis.java:start(427)) - XceiverServerRatis 171ec4d4-096c-4a48-9c09-f13db5b98943 is started using port 32787
2019-10-01 03:10:03,885 [Datanode State Machine Thread - 0] INFO  ratis.XceiverServerRatis (XceiverServerRatis.java:start(427)) - XceiverServerRatis 1530fc0b-6ae8-4c1c-a297-79aad04b458a is started using port 36523
2019-10-01 03:10:03,885 [Datanode State Machine Thread - 0] INFO  ratis.XceiverServerRatis (XceiverServerRatis.java:start(427)) - XceiverServerRatis 8136eb91-24a8-48f9-b6b1-1989e8e6d119 is started using port 34242
2019-10-01 03:10:03,885 [Datanode State Machine Thread - 0] INFO  ratis.XceiverServerRatis (XceiverServerRatis.java:start(427)) - XceiverServerRatis a031d7a8-9ba6-4a5b-9c1d-66af4bb6a471 is started using port 40684
2019-10-01 03:10:03,886 [Datanode State Machine Thread - 0] INFO  ratis.XceiverServerRatis (XceiverServerRatis.java:start(427)) - XceiverServerRatis 7391a87e-f377-48ac-bd7a-24db10f19e30 is started using port 34651
2019-10-01 03:10:03,901 [Datanode State Machine Thread - 0] INFO  server.XceiverServerGrpc (XceiverServerGrpc.java:start(149)) - XceiverServerGrpc d589bdc3-2854-4e3a-8b38-9d5041fb08a3 is started using port 40952
2019-10-01 03:10:03,902 [Datanode State Machine Thread - 0] INFO  server.XceiverServerGrpc (XceiverServerGrpc.java:start(149)) - XceiverServerGrpc 51b30148-b788-4294-9eff-4cb6628afcd4 is started using port 37872
2019-10-01 03:10:03,902 [Datanode State Machine Thread - 0] INFO  server.XceiverServerGrpc (XceiverServerGrpc.java:start(149)) - XceiverServerGrpc 7391a87e-f377-48ac-bd7a-24db10f19e30 is started using port 36358
2019-10-01 03:10:03,901 [Datanode State Machine Thread - 0] INFO  server.XceiverServerGrpc (XceiverServerGrpc.java:start(149)) - XceiverServerGrpc a031d7a8-9ba6-4a5b-9c1d-66af4bb6a471 is started using port 46718
2019-10-01 03:10:03,901 [Datanode State Machine Thread - 0] INFO  server.XceiverServerGrpc (XceiverServerGrpc.java:start(149)) - XceiverServerGrpc 8136eb91-24a8-48f9-b6b1-1989e8e6d119 is started using port 38676
2019-10-01 03:10:03,902 [Datanode State Machine Thread - 0] INFO  server.XceiverServerGrpc (XceiverServerGrpc.java:start(149)) - XceiverServerGrpc 171ec4d4-096c-4a48-9c09-f13db5b98943 is started using port 46508
2019-10-01 03:10:03,902 [Datanode State Machine Thread - 0] INFO  server.XceiverServerGrpc (XceiverServerGrpc.java:start(149)) - XceiverServerGrpc 1530fc0b-6ae8-4c1c-a297-79aad04b458a is started using port 34922
2019-10-01 03:10:04,464 [main] INFO  ozone.MiniOzoneClusterImpl (MiniOzoneClusterImpl.java:lambda$waitForClusterToBeReady$0(147)) - Waiting for cluster to be ready. Got 0 of 7 DN Heartbeats.
2019-10-01 03:10:04,973 [IPC Server handler 2 on 38189] INFO  net.NetworkTopology (NetworkTopologyImpl.java:add(111)) - Added a new node: /default-rack/171ec4d4-096c-4a48-9c09-f13db5b98943
2019-10-01 03:10:04,973 [IPC Server handler 2 on 38189] INFO  node.SCMNodeManager (SCMNodeManager.java:register(266)) - Registered Data node : 171ec4d4-096c-4a48-9c09-f13db5b98943{ip: 192.168.164.230, host: pr-hdds-1984-288rd-2703005633, networkLocation: /default-rack, certSerialId: null}
2019-10-01 03:10:04,979 [EventQueue-NodeRegistrationContainerReportForDataNodeSafeModeRule] INFO  safemode.SCMSafeModeManager (DataNodeSafeModeRule.java:process(71)) - SCM in safe mode. 1 DataNodes registered, 1 required.
2019-10-01 03:10:04,979 [EventQueue-NodeRegistrationContainerReportForDataNodeSafeModeRule] INFO  safemode.SCMSafeModeManager (SCMSafeModeManager.java:validateSafeModeExitRules(177)) - ScmSafeModeManager, all rules are successfully validated
2019-10-01 03:10:04,979 [EventQueue-NodeRegistrationContainerReportForDataNodeSafeModeRule] INFO  safemode.SCMSafeModeManager (SCMSafeModeManager.java:exitSafeMode(193)) - SCM exiting safe mode.
2019-10-01 03:10:05,026 [IPC Server handler 3 on 38189] INFO  net.NetworkTopology (NetworkTopologyImpl.java:add(111)) - Added a new node: /default-rack/7391a87e-f377-48ac-bd7a-24db10f19e30
2019-10-01 03:10:05,029 [IPC Server handler 3 on 38189] INFO  node.SCMNodeManager (SCMNodeManager.java:register(266)) - Registered Data node : 7391a87e-f377-48ac-bd7a-24db10f19e30{ip: 192.168.164.230, host: pr-hdds-1984-288rd-2703005633, networkLocation: /default-rack, certSerialId: null}
2019-10-01 03:10:05,128 [IPC Server handler 4 on 38189] INFO  net.NetworkTopology (NetworkTopologyImpl.java:add(111)) - Added a new node: /default-rack/1530fc0b-6ae8-4c1c-a297-79aad04b458a
2019-10-01 03:10:05,129 [IPC Server handler 4 on 38189] INFO  node.SCMNodeManager (SCMNodeManager.java:register(266)) - Registered Data node : 1530fc0b-6ae8-4c1c-a297-79aad04b458a{ip: 192.168.164.230, host: pr-hdds-1984-288rd-2703005633, networkLocation: /default-rack, certSerialId: null}
2019-10-01 03:10:05,211 [IPC Server handler 5 on 38189] INFO  net.NetworkTopology (NetworkTopologyImpl.java:add(111)) - Added a new node: /default-rack/a031d7a8-9ba6-4a5b-9c1d-66af4bb6a471
2019-10-01 03:10:05,211 [IPC Server handler 5 on 38189] INFO  node.SCMNodeManager (SCMNodeManager.java:register(266)) - Registered Data node : a031d7a8-9ba6-4a5b-9c1d-66af4bb6a471{ip: 192.168.164.230, host: pr-hdds-1984-288rd-2703005633, networkLocation: /default-rack, certSerialId: null}
2019-10-01 03:10:05,298 [IPC Server handler 6 on 38189] INFO  net.NetworkTopology (NetworkTopologyImpl.java:add(111)) - Added a new node: /default-rack/8136eb91-24a8-48f9-b6b1-1989e8e6d119
2019-10-01 03:10:05,298 [IPC Server handler 6 on 38189] INFO  node.SCMNodeManager (SCMNodeManager.java:register(266)) - Registered Data node : 8136eb91-24a8-48f9-b6b1-1989e8e6d119{ip: 192.168.164.230, host: pr-hdds-1984-288rd-2703005633, networkLocation: /default-rack, certSerialId: null}
2019-10-01 03:10:05,378 [IPC Server handler 1 on 38189] INFO  net.NetworkTopology (NetworkTopologyImpl.java:add(111)) - Added a new node: /default-rack/51b30148-b788-4294-9eff-4cb6628afcd4
2019-10-01 03:10:05,378 [IPC Server handler 1 on 38189] INFO  node.SCMNodeManager (SCMNodeManager.java:register(266)) - Registered Data node : 51b30148-b788-4294-9eff-4cb6628afcd4{ip: 192.168.164.230, host: pr-hdds-1984-288rd-2703005633, networkLocation: /default-rack, certSerialId: null}
2019-10-01 03:10:05,465 [main] INFO  ozone.MiniOzoneClusterImpl (MiniOzoneClusterImpl.java:lambda$waitForClusterToBeReady$0(147)) - Waiting for cluster to be ready. Got 6 of 7 DN Heartbeats.
2019-10-01 03:10:05,466 [IPC Server handler 2 on 38189] INFO  net.NetworkTopology (NetworkTopologyImpl.java:add(111)) - Added a new node: /default-rack/d589bdc3-2854-4e3a-8b38-9d5041fb08a3
2019-10-01 03:10:05,466 [IPC Server handler 2 on 38189] INFO  node.SCMNodeManager (SCMNodeManager.java:register(266)) - Registered Data node : d589bdc3-2854-4e3a-8b38-9d5041fb08a3{ip: 192.168.164.230, host: pr-hdds-1984-288rd-2703005633, networkLocation: /default-rack, certSerialId: null}
2019-10-01 03:10:05,546 [grpc-default-executor-0] INFO  impl.RaftServerProxy (RaftServerProxy.java:addNew(89)) - 171ec4d4-096c-4a48-9c09-f13db5b98943: addNew group-1805170C40FE:[171ec4d4-096c-4a48-9c09-f13db5b98943:192.168.164.230:32787] returns group-1805170C40FE:java.util.concurrent.CompletableFuture@58476de0[Not completed]
2019-10-01 03:10:05,574 [pool-27-thread-1] INFO  impl.RaftServerImpl (RaftServerImpl.java:<init>(95)) - 171ec4d4-096c-4a48-9c09-f13db5b98943: new RaftServerImpl for group-1805170C40FE:[171ec4d4-096c-4a48-9c09-f13db5b98943:192.168.164.230:32787] with ContainerStateMachine:uninitialized
2019-10-01 03:10:05,576 [pool-27-thread-1] INFO  server.RaftServerConfigKeys (ConfUtils.java:logGet(43)) - raft.server.rpc.timeout.min = 1s (custom)
2019-10-01 03:10:05,576 [pool-27-thread-1] INFO  server.RaftServerConfigKeys (ConfUtils.java:logGet(43)) - raft.server.rpc.timeout.max = 1200ms (custom)
2019-10-01 03:10:05,576 [pool-27-thread-1] INFO  server.RaftServerConfigKeys (ConfUtils.java:logGet(43)) - raft.server.rpcslowness.timeout = 120s (custom)
2019-10-01 03:10:05,577 [pool-27-thread-1] INFO  server.RaftServerConfigKeys (ConfUtils.java:logGet(43)) - raft.server.sleep.deviation.threshold = 300 (default)
2019-10-01 03:10:05,578 [pool-27-thread-1] INFO  server.RaftServerConfigKeys (ConfUtils.java:logGet(43)) - raft.server.log.appender.install.snapshot.enabled = false (custom)
2019-10-01 03:10:05,587 [pool-27-thread-1] INFO  impl.RaftServerImpl (ServerState.java:<init>(103)) - 171ec4d4-096c-4a48-9c09-f13db5b98943@group-1805170C40FE: ConfigurationManager, init=-1: [171ec4d4-096c-4a48-9c09-f13db5b98943:192.168.164.230:32787], old=null, confs=<EMPTY_MAP>
2019-10-01 03:10:05,588 [pool-27-thread-1] INFO  server.RaftServerConfigKeys (ConfUtils.java:logGet(43)) - raft.server.storage.dir = [/workdir/hadoop-ozone/integration-test/target/test-dir/MiniOzoneClusterImpl-40f9f9a2-8720-4028-b159-c2d159133293/datanode-0/data/ratis] (custom)
2019-10-01 03:10:05,595 [pool-27-thread-1] INFO  server.RaftServerConfigKeys (ConfUtils.java:logGet(43)) - raft.server.log.corruption.policy = EXCEPTION (default)
2019-10-01 03:10:05,597 [pool-27-thread-1] INFO  storage.RaftStorageDirectory (RaftStorageDirectory.java:analyzeStorage(246)) - The storage directory /workdir/hadoop-ozone/integration-test/target/test-dir/MiniOzoneClusterImpl-40f9f9a2-8720-4028-b159-c2d159133293/datanode-0/data/ratis/642b5a1a-cc88-4a46-b898-1805170c40fe does not exist. Creating ...
2019-10-01 03:10:05,609 [pool-27-thread-1] INFO  storage.RaftStorageDirectory (RaftStorageDirectory.java:tryLock(328)) - Lock on /workdir/hadoop-ozone/integration-test/target/test-dir/MiniOzoneClusterImpl-40f9f9a2-8720-4028-b159-c2d159133293/datanode-0/data/ratis/642b5a1a-cc88-4a46-b898-1805170c40fe/in_use.lock acquired by nodename 6751@pr-hdds-1984-288rd-2703005633
2019-10-01 03:10:05,617 [pool-27-thread-1] INFO  storage.RaftStorage (RaftStorage.java:format(84)) - Storage directory /workdir/hadoop-ozone/integration-test/target/test-dir/MiniOzoneClusterImpl-40f9f9a2-8720-4028-b159-c2d159133293/datanode-0/data/ratis/642b5a1a-cc88-4a46-b898-1805170c40fe has been successfully formatted.
2019-10-01 03:10:05,619 [pool-27-thread-1] INFO  ratis.ContainerStateMachine (ContainerStateMachine.java:loadSnapshot(230)) - group-1805170C40FE: The snapshot info is null. Setting the last applied indexto:(t:0, i:~)
2019-10-01 03:10:05,620 [pool-27-thread-1] INFO  server.RaftServerConfigKeys (ConfUtils.java:logGet(43)) - raft.server.notification.no-leader.timeout = 120s (custom)
2019-10-01 03:10:05,622 [pool-27-thread-1] INFO  server.RaftServerConfigKeys (ConfUtils.java:logGet(43)) - raft.server.log.use.memory = false (default)
2019-10-01 03:10:05,628 [pool-27-thread-1] INFO  server.RaftServerConfigKeys (ConfUtils.java:logGet(43)) - raft.server.log.purge.gap = 1000000 (custom)
2019-10-01 03:10:05,628 [pool-27-thread-1] INFO  server.RaftServerConfigKeys (ConfUtils.java:logGet(43)) - raft.server.log.appender.buffer.byte-limit = 33554432 (custom)
2019-10-01 03:10:05,631 [pool-27-thread-1] INFO  server.RaftServerConfigKeys (ConfUtils.java:logGet(43)) - raft.server.log.segment.size.max = 1048576 (custom)
2019-10-01 03:10:05,632 [pool-27-thread-1] INFO  impl.MetricsSystemImpl (MetricsSystemImpl.java:init(158)) - ratis metrics system started (again)
2019-10-01 03:10:05,636 [pool-27-thread-1] INFO  metrics.MetricRegistries (MetricRegistriesLoader.java:load(64)) - Loaded MetricRegistries class org.apache.ratis.metrics.impl.MetricRegistriesImpl
2019-10-01 03:10:05,672 [pool-27-thread-1] INFO  server.RaftServerConfigKeys (ConfUtils.java:logGet(43)) - raft.server.log.segment.cache.num.max = 2 (custom)
2019-10-01 03:10:05,678 [pool-27-thread-1] INFO  segmented.SegmentedRaftLogWorker (SegmentedRaftLogWorker.java:<init>(173)) - new 171ec4d4-096c-4a48-9c09-f13db5b98943@group-1805170C40FE-SegmentedRaftLogWorker for RaftStorage:Storage Directory /workdir/hadoop-ozone/integration-test/target/test-dir/MiniOzoneClusterImpl-40f9f9a2-8720-4028-b159-c2d159133293/datanode-0/data/ratis/642b5a1a-cc88-4a46-b898-1805170c40fe
2019-10-01 03:10:05,678 [pool-27-thread-1] INFO  server.RaftServerConfigKeys (ConfUtils.java:logGet(43)) - raft.server.log.queue.byte-limit = 2147483647 (custom)
2019-10-01 03:10:05,678 [pool-27-thread-1] INFO  server.RaftServerConfigKeys (ConfUtils.java:logGet(43)) - raft.server.log.queue.element-limit = 1024 (custom)
2019-10-01 03:10:05,680 [pool-27-thread-1] INFO  server.RaftServerConfigKeys (ConfUtils.java:logGet(43)) - raft.server.log.segment.size.max = 1048576 (custom)
2019-10-01 03:10:05,680 [pool-27-thread-1] INFO  server.RaftServerConfigKeys (ConfUtils.java:logGet(43)) - raft.server.log.preallocated.size = 16384 (custom)
2019-10-01 03:10:05,680 [pool-27-thread-1] INFO  server.RaftServerConfigKeys (ConfUtils.java:logGet(43)) - raft.server.log.write.buffer.size = 33554432 (custom)
2019-10-01 03:10:05,681 [pool-27-thread-1] INFO  server.RaftServerConfigKeys (ConfUtils.java:logGet(43)) - raft.server.log.force.sync.num = 128 (default)
2019-10-01 03:10:05,682 [pool-27-thread-1] INFO  server.RaftServerConfigKeys (ConfUtils.java:logGet(43)) - raft.server.log.statemachine.data.sync = true (default)
2019-10-01 03:10:05,682 [pool-27-thread-1] INFO  server.RaftServerConfigKeys (ConfUtils.java:logGet(43)) - raft.server.log.statemachine.data.sync.timeout = 10s (default)
2019-10-01 03:10:05,682 [pool-27-thread-1] INFO  server.RaftServerConfigKeys (ConfUtils.java:logGet(43)) - raft.server.log.statemachine.data.sync.timeout.retry = -1 (default)
2019-10-01 03:10:05,693 [pool-27-thread-1] INFO  server.RaftServerConfigKeys (ConfUtils.java:logGet(43)) - raft.server.log.statemachine.data.caching.enabled = true (custom)
2019-10-01 03:10:05,698 [pool-27-thread-1] INFO  segmented.SegmentedRaftLogWorker (SegmentedRaftLogWorker.java:lambda$new$0(128)) - 171ec4d4-096c-4a48-9c09-f13db5b98943@group-1805170C40FE-SegmentedRaftLogWorker: flushIndex: setUnconditionally 0 -> -1
2019-10-01 03:10:05,701 [pool-27-thread-1] INFO  server.RaftServerConfigKeys (ConfUtils.java:logGet(43)) - raft.server.snapshot.auto.trigger.enabled = true (custom)
2019-10-01 03:10:05,702 [pool-27-thread-1] INFO  server.RaftServerConfigKeys (ConfUtils.java:logGet(43)) - raft.server.snapshot.auto.trigger.threshold = 10000 (custom)
2019-10-01 03:10:05,703 [pool-27-thread-1] INFO  server.RaftServerConfigKeys (ConfUtils.java:logGet(43)) - raft.server.snapshot.retention.file.num = 5 (custom)
2019-10-01 03:10:05,703 [pool-27-thread-1] INFO  server.RaftServerConfigKeys (ConfUtils.java:logGet(43)) - raft.server.retrycache.expirytime = 600000ms (custom)
2019-10-01 03:10:05,727 [pool-27-thread-1] INFO  impl.RaftServerImpl (RaftServerImpl.java:start(181)) - 171ec4d4-096c-4a48-9c09-f13db5b98943@group-1805170C40FE: start as a follower, conf=-1: [171ec4d4-096c-4a48-9c09-f13db5b98943:192.168.164.230:32787], old=null
2019-10-01 03:10:05,728 [pool-27-thread-1] INFO  impl.RaftServerImpl (RaftServerImpl.java:setRole(170)) - 171ec4d4-096c-4a48-9c09-f13db5b98943@group-1805170C40FE: changes role from      null to FOLLOWER at term 0 for startAsFollower
2019-10-01 03:10:05,729 [pool-27-thread-1] INFO  impl.RoleInfo (RoleInfo.java:updateAndGet(143)) - 171ec4d4-096c-4a48-9c09-f13db5b98943: start FollowerState
2019-10-01 03:10:05,731 [pool-27-thread-1] INFO  util.JmxRegister (JmxRegister.java:tryRegister(44)) - Successfully registered JMX Bean with object name Ratis:service=RaftServer,group=group-1805170C40FE,id=171ec4d4-096c-4a48-9c09-f13db5b98943
2019-10-01 03:10:05,808 [RatisPipelineUtilsThread] INFO  pipeline.PipelineStateManager (PipelineStateManager.java:addPipeline(56)) - Created pipeline Pipeline[ Id: 642b5a1a-cc88-4a46-b898-1805170c40fe, Nodes: 171ec4d4-096c-4a48-9c09-f13db5b98943{ip: 192.168.164.230, host: pr-hdds-1984-288rd-2703005633, networkLocation: /default-rack, certSerialId: null}, Type:RATIS, Factor:ONE, State:OPEN]
2019-10-01 03:10:05,838 [grpc-default-executor-0] INFO  impl.RaftServerProxy (RaftServerProxy.java:addNew(89)) - 51b30148-b788-4294-9eff-4cb6628afcd4: addNew group-4BEA6F3DE063:[51b30148-b788-4294-9eff-4cb6628afcd4:192.168.164.230:37349] returns group-4BEA6F3DE063:java.util.concurrent.CompletableFuture@3f7d4a8d[Not completed]
2019-10-01 03:10:05,889 [pool-77-thread-1] INFO  impl.RaftServerImpl (RaftServerImpl.java:<init>(95)) - 51b30148-b788-4294-9eff-4cb6628afcd4: new RaftServerImpl for group-4BEA6F3DE063:[51b30148-b788-4294-9eff-4cb6628afcd4:192.168.164.230:37349] with ContainerStateMachine:uninitialized
2019-10-01 03:10:05,890 [pool-77-thread-1] INFO  server.RaftServerConfigKeys (ConfUtils.java:logGet(43)) - raft.server.rpc.timeout.min = 1s (custom)
2019-10-01 03:10:05,892 [pool-77-thread-1] INFO  server.RaftServerConfigKeys (ConfUtils.java:logGet(43)) - raft.server.rpc.timeout.max = 1200ms (custom)
2019-10-01 03:10:05,892 [pool-77-thread-1] INFO  server.RaftServerConfigKeys (ConfUtils.java:logGet(43)) - raft.server.rpcslowness.timeout = 120s (custom)
2019-10-01 03:10:05,892 [pool-77-thread-1] INFO  server.RaftServerConfigKeys (ConfUtils.java:logGet(43)) - raft.server.sleep.deviation.threshold = 300 (default)
2019-10-01 03:10:05,892 [pool-77-thread-1] INFO  server.RaftServerConfigKeys (ConfUtils.java:logGet(43)) - raft.server.log.appender.install.snapshot.enabled = false (custom)
2019-10-01 03:10:05,892 [pool-77-thread-1] INFO  impl.RaftServerImpl (ServerState.java:<init>(103)) - 51b30148-b788-4294-9eff-4cb6628afcd4@group-4BEA6F3DE063: ConfigurationManager, init=-1: [51b30148-b788-4294-9eff-4cb6628afcd4:192.168.164.230:37349], old=null, confs=<EMPTY_MAP>
2019-10-01 03:10:05,893 [pool-77-thread-1] INFO  server.RaftServerConfigKeys (ConfUtils.java:logGet(43)) - raft.server.storage.dir = [/workdir/hadoop-ozone/integration-test/target/test-dir/MiniOzoneClusterImpl-40f9f9a2-8720-4028-b159-c2d159133293/datanode-5/data/ratis] (custom)
2019-10-01 03:10:05,893 [pool-77-thread-1] INFO  server.RaftServerConfigKeys (ConfUtils.java:logGet(43)) - raft.server.log.corruption.policy = EXCEPTION (default)
2019-10-01 03:10:05,893 [pool-77-thread-1] INFO  storage.RaftStorageDirectory (RaftStorageDirectory.java:analyzeStorage(246)) - The storage directory /workdir/hadoop-ozone/integration-test/target/test-dir/MiniOzoneClusterImpl-40f9f9a2-8720-4028-b159-c2d159133293/datanode-5/data/ratis/745003cd-98d9-4eb7-8621-4bea6f3de063 does not exist. Creating ...
2019-10-01 03:10:06,466 [main] INFO  ozone.MiniOzoneClusterImpl (MiniOzoneClusterImpl.java:lambda$waitForClusterToBeReady$0(147)) - Cluster is ready. Got 7 of 7 DN Heartbeats.
2019-10-01 03:10:06,766 [Thread-240] INFO  impl.FollowerState (FollowerState.java:run(108)) - 171ec4d4-096c-4a48-9c09-f13db5b98943@group-1805170C40FE-FollowerState: change to CANDIDATE, lastRpcTime:1037ms, electionTimeout:1036ms
2019-10-01 03:10:06,770 [Thread-240] INFO  impl.RoleInfo (RoleInfo.java:shutdownFollowerState(121)) - 171ec4d4-096c-4a48-9c09-f13db5b98943: shutdown FollowerState
2019-10-01 03:10:06,772 [Thread-240] INFO  impl.RaftServerImpl (RaftServerImpl.java:setRole(170)) - 171ec4d4-096c-4a48-9c09-f13db5b98943@group-1805170C40FE: changes role from  FOLLOWER to CANDIDATE at term 0 for changeToCandidate
2019-10-01 03:10:06,780 [Thread-240] INFO  impl.RoleInfo (RoleInfo.java:updateAndGet(143)) - 171ec4d4-096c-4a48-9c09-f13db5b98943: start LeaderElection
2019-10-01 03:10:06,927 [main] INFO  rpc.RpcClient (RpcClient.java:createVolume(276)) - Creating Volume: watchforcommithandlingtest, with jenkins1000 as owner.
2019-10-01 03:10:07,057 [IPC Server handler 0 on 44551] INFO  volume.OMVolumeCreateRequest (OMVolumeCreateRequest.java:validateAndUpdateCache(194)) - created volume:watchforcommithandlingtest for user:jenkins1000
2019-10-01 03:10:07,084 [main] INFO  rpc.RpcClient (RpcClient.java:createBucket(415)) - Creating Bucket: watchforcommithandlingtest/watchforcommithandlingtest, with Versioning false and Storage Type set to DISK and Encryption set to false 
2019-10-01 03:10:07,487 [main] INFO  ozone.MiniOzoneClusterImpl (MiniOzoneClusterImpl.java:getStorageContainerLocationClient(234)) - Creating StorageContainerLocationProtocol RPC client with address /0.0.0.0:41972
2019-10-01 03:10:07,488 [main] INFO  impl.MetricsSystemImpl (MetricsSystemImpl.java:init(158)) - XceiverClientMetrics metrics system started (again)
2019-10-01 03:10:07,986 [Thread-238] INFO  container.ReplicationManager (ReplicationManager.java:start(162)) - Starting Replication Monitor Thread.
2019-10-01 03:10:07,988 [ReplicationMonitor] INFO  container.ReplicationManager (ReplicationManager.java:run(225)) - Replication Monitor Thread took 1 milliseconds for processing 0 containers.
2019-10-01 03:10:08,832 [RATISCREATEPIPELINE1] ERROR pipeline.RatisPipelineProvider (RatisPipelineProvider.java:lambda$null$5(235)) - Failed invoke Ratis rpc org.apache.hadoop.hdds.scm.pipeline.RatisPipelineProvider$$Lambda$218/1109194915@2312d7d4 for 51b30148-b788-4294-9eff-4cb6628afcd4
org.apache.ratis.protocol.TimeoutIOException: deadline exceeded after 2999757786ns
	at org.apache.ratis.grpc.GrpcUtil.tryUnwrapException(GrpcUtil.java:82)
	at org.apache.ratis.grpc.GrpcUtil.unwrapException(GrpcUtil.java:75)
	at org.apache.ratis.grpc.client.GrpcClientProtocolClient.blockingCall(GrpcClientProtocolClient.java:184)
	at org.apache.ratis.grpc.client.GrpcClientProtocolClient.groupAdd(GrpcClientProtocolClient.java:153)
	at org.apache.ratis.grpc.client.GrpcClientRpc.sendRequest(GrpcClientRpc.java:94)
	at org.apache.ratis.client.impl.RaftClientImpl.sendRequest(RaftClientImpl.java:278)
	at org.apache.ratis.client.impl.RaftClientImpl.groupAdd(RaftClientImpl.java:205)
	at org.apache.hadoop.hdds.scm.pipeline.RatisPipelineProvider.lambda$initializePipeline$4(RatisPipelineProvider.java:196)
	at org.apache.hadoop.hdds.scm.pipeline.RatisPipelineProvider.lambda$null$5(RatisPipelineProvider.java:231)
	at java.util.stream.ForEachOps$ForEachOp$OfRef.accept(ForEachOps.java:184)
	at java.util.ArrayList$ArrayListSpliterator.forEachRemaining(ArrayList.java:1382)
	at java.util.stream.AbstractPipeline.copyInto(AbstractPipeline.java:482)
	at java.util.stream.ForEachOps$ForEachTask.compute(ForEachOps.java:291)
	at java.util.concurrent.CountedCompleter.exec(CountedCompleter.java:731)
	at java.util.concurrent.ForkJoinTask.doExec(ForkJoinTask.java:289)
	at java.util.concurrent.ForkJoinTask.doInvoke(ForkJoinTask.java:401)
	at java.util.concurrent.ForkJoinTask.invoke(ForkJoinTask.java:734)
	at java.util.stream.ForEachOps$ForEachOp.evaluateParallel(ForEachOps.java:160)
	at java.util.stream.ForEachOps$ForEachOp$OfRef.evaluateParallel(ForEachOps.java:174)
	at java.util.stream.AbstractPipeline.evaluate(AbstractPipeline.java:233)
	at java.util.stream.ReferencePipeline.forEach(ReferencePipeline.java:418)
	at java.util.stream.ReferencePipeline$Head.forEach(ReferencePipeline.java:583)
	at org.apache.hadoop.hdds.scm.pipeline.RatisPipelineProvider.lambda$callRatisRpc$6(RatisPipelineProvider.java:225)
	at java.util.concurrent.ForkJoinTask$AdaptedRunnableAction.exec(ForkJoinTask.java:1386)
	at java.util.concurrent.ForkJoinTask.doExec(ForkJoinTask.java:289)
	at java.util.concurrent.ForkJoinPool$WorkQueue.runTask(ForkJoinPool.java:1056)
	at java.util.concurrent.ForkJoinPool.runWorker(ForkJoinPool.java:1692)
	at java.util.concurrent.ForkJoinWorkerThread.run(ForkJoinWorkerThread.java:157)
Caused by: org.apache.ratis.thirdparty.io.grpc.StatusRuntimeException: DEADLINE_EXCEEDED: deadline exceeded after 2999757786ns
	at org.apache.ratis.thirdparty.io.grpc.stub.ClientCalls.toStatusRuntimeException(ClientCalls.java:233)
	at org.apache.ratis.thirdparty.io.grpc.stub.ClientCalls.getUnchecked(ClientCalls.java:214)
	at org.apache.ratis.thirdparty.io.grpc.stub.ClientCalls.blockingUnaryCall(ClientCalls.java:139)
	at org.apache.ratis.proto.grpc.AdminProtocolServiceGrpc$AdminProtocolServiceBlockingStub.groupManagement(AdminProtocolServiceGrpc.java:274)
	at org.apache.ratis.grpc.client.GrpcClientProtocolClient.lambda$groupAdd$3(GrpcClientProtocolClient.java:155)
	at org.apache.ratis.grpc.client.GrpcClientProtocolClient.blockingCall(GrpcClientProtocolClient.java:182)
	... 25 more
2019-10-01 03:10:08,927 [grpc-default-executor-1] INFO  impl.RaftServerProxy (RaftServerProxy.java:addNew(89)) - 51b30148-b788-4294-9eff-4cb6628afcd4: addNew group-88ECB6BAD877:[51b30148-b788-4294-9eff-4cb6628afcd4:192.168.164.230:37349, a031d7a8-9ba6-4a5b-9c1d-66af4bb6a471:192.168.164.230:40684, 171ec4d4-096c-4a48-9c09-f13db5b98943:192.168.164.230:32787] returns group-88ECB6BAD877:java.util.concurrent.CompletableFuture@7a3f091c[Not completed]
2019-10-01 03:10:08,928 [grpc-default-executor-2] INFO  impl.RaftServerProxy (RaftServerProxy.java:addNew(89)) - 171ec4d4-096c-4a48-9c09-f13db5b98943: addNew group-88ECB6BAD877:[51b30148-b788-4294-9eff-4cb6628afcd4:192.168.164.230:37349, a031d7a8-9ba6-4a5b-9c1d-66af4bb6a471:192.168.164.230:40684, 171ec4d4-096c-4a48-9c09-f13db5b98943:192.168.164.230:32787] returns group-88ECB6BAD877:java.util.concurrent.CompletableFuture@3ab745c4[Not completed]
2019-10-01 03:10:08,954 [grpc-default-executor-1] INFO  impl.RaftServerProxy (RaftServerProxy.java:addNew(89)) - a031d7a8-9ba6-4a5b-9c1d-66af4bb6a471: addNew group-88ECB6BAD877:[51b30148-b788-4294-9eff-4cb6628afcd4:192.168.164.230:37349, a031d7a8-9ba6-4a5b-9c1d-66af4bb6a471:192.168.164.230:40684, 171ec4d4-096c-4a48-9c09-f13db5b98943:192.168.164.230:32787] returns group-88ECB6BAD877:java.util.concurrent.CompletableFuture@74a259b6[Not completed]
2019-10-01 03:10:08,956 [pool-27-thread-1] INFO  impl.RaftServerImpl (RaftServerImpl.java:<init>(95)) - 171ec4d4-096c-4a48-9c09-f13db5b98943: new RaftServerImpl for group-88ECB6BAD877:[51b30148-b788-4294-9eff-4cb6628afcd4:192.168.164.230:37349, a031d7a8-9ba6-4a5b-9c1d-66af4bb6a471:192.168.164.230:40684, 171ec4d4-096c-4a48-9c09-f13db5b98943:192.168.164.230:32787] with ContainerStateMachine:uninitialized
2019-10-01 03:10:08,956 [pool-27-thread-1] INFO  server.RaftServerConfigKeys (ConfUtils.java:logGet(43)) - raft.server.rpc.timeout.min = 1s (custom)
2019-10-01 03:10:08,956 [pool-27-thread-1] INFO  server.RaftServerConfigKeys (ConfUtils.java:logGet(43)) - raft.server.rpc.timeout.max = 1200ms (custom)
2019-10-01 03:10:08,957 [pool-27-thread-1] INFO  server.RaftServerConfigKeys (ConfUtils.java:logGet(43)) - raft.server.rpcslowness.timeout = 120s (custom)
2019-10-01 03:10:08,957 [pool-27-thread-1] INFO  server.RaftServerConfigKeys (ConfUtils.java:logGet(43)) - raft.server.sleep.deviation.threshold = 300 (default)
2019-10-01 03:10:08,957 [pool-27-thread-1] INFO  server.RaftServerConfigKeys (ConfUtils.java:logGet(43)) - raft.server.log.appender.install.snapshot.enabled = false (custom)
2019-10-01 03:10:08,957 [pool-27-thread-1] INFO  impl.RaftServerImpl (ServerState.java:<init>(103)) - 171ec4d4-096c-4a48-9c09-f13db5b98943@group-88ECB6BAD877: ConfigurationManager, init=-1: [51b30148-b788-4294-9eff-4cb6628afcd4:192.168.164.230:37349, a031d7a8-9ba6-4a5b-9c1d-66af4bb6a471:192.168.164.230:40684, 171ec4d4-096c-4a48-9c09-f13db5b98943:192.168.164.230:32787], old=null, confs=<EMPTY_MAP>
2019-10-01 03:10:08,960 [pool-57-thread-1] INFO  impl.RaftServerImpl (RaftServerImpl.java:<init>(95)) - a031d7a8-9ba6-4a5b-9c1d-66af4bb6a471: new RaftServerImpl for group-88ECB6BAD877:[51b30148-b788-4294-9eff-4cb6628afcd4:192.168.164.230:37349, a031d7a8-9ba6-4a5b-9c1d-66af4bb6a471:192.168.164.230:40684, 171ec4d4-096c-4a48-9c09-f13db5b98943:192.168.164.230:32787] with ContainerStateMachine:uninitialized
2019-10-01 03:10:08,960 [pool-27-thread-1] INFO  server.RaftServerConfigKeys (ConfUtils.java:logGet(43)) - raft.server.storage.dir = [/workdir/hadoop-ozone/integration-test/target/test-dir/MiniOzoneClusterImpl-40f9f9a2-8720-4028-b159-c2d159133293/datanode-0/data/ratis] (custom)
2019-10-01 03:10:08,960 [pool-57-thread-1] INFO  server.RaftServerConfigKeys (ConfUtils.java:logGet(43)) - raft.server.rpc.timeout.min = 1s (custom)
2019-10-01 03:10:08,960 [pool-27-thread-1] INFO  server.RaftServerConfigKeys (ConfUtils.java:logGet(43)) - raft.server.log.corruption.policy = EXCEPTION (default)
2019-10-01 03:10:08,961 [pool-57-thread-1] INFO  server.RaftServerConfigKeys (ConfUtils.java:logGet(43)) - raft.server.rpc.timeout.max = 1200ms (custom)
2019-10-01 03:10:08,961 [pool-27-thread-1] INFO  storage.RaftStorageDirectory (RaftStorageDirectory.java:analyzeStorage(246)) - The storage directory /workdir/hadoop-ozone/integration-test/target/test-dir/MiniOzoneClusterImpl-40f9f9a2-8720-4028-b159-c2d159133293/datanode-0/data/ratis/ac7fd253-f202-46da-a4f5-88ecb6bad877 does not exist. Creating ...
2019-10-01 03:10:08,961 [pool-57-thread-1] INFO  server.RaftServerConfigKeys (ConfUtils.java:logGet(43)) - raft.server.rpcslowness.timeout = 120s (custom)
2019-10-01 03:10:08,961 [pool-57-thread-1] INFO  server.RaftServerConfigKeys (ConfUtils.java:logGet(43)) - raft.server.sleep.deviation.threshold = 300 (default)
2019-10-01 03:10:08,961 [pool-57-thread-1] INFO  server.RaftServerConfigKeys (ConfUtils.java:logGet(43)) - raft.server.log.appender.install.snapshot.enabled = false (custom)
2019-10-01 03:10:08,962 [pool-57-thread-1] INFO  impl.RaftServerImpl (ServerState.java:<init>(103)) - a031d7a8-9ba6-4a5b-9c1d-66af4bb6a471@group-88ECB6BAD877: ConfigurationManager, init=-1: [51b30148-b788-4294-9eff-4cb6628afcd4:192.168.164.230:37349, a031d7a8-9ba6-4a5b-9c1d-66af4bb6a471:192.168.164.230:40684, 171ec4d4-096c-4a48-9c09-f13db5b98943:192.168.164.230:32787], old=null, confs=<EMPTY_MAP>
2019-10-01 03:10:08,962 [pool-57-thread-1] INFO  server.RaftServerConfigKeys (ConfUtils.java:logGet(43)) - raft.server.storage.dir = [/workdir/hadoop-ozone/integration-test/target/test-dir/MiniOzoneClusterImpl-40f9f9a2-8720-4028-b159-c2d159133293/datanode-3/data/ratis] (custom)
2019-10-01 03:10:08,962 [pool-57-thread-1] INFO  server.RaftServerConfigKeys (ConfUtils.java:logGet(43)) - raft.server.log.corruption.policy = EXCEPTION (default)
2019-10-01 03:10:08,963 [pool-57-thread-1] INFO  storage.RaftStorageDirectory (RaftStorageDirectory.java:analyzeStorage(246)) - The storage directory /workdir/hadoop-ozone/integration-test/target/test-dir/MiniOzoneClusterImpl-40f9f9a2-8720-4028-b159-c2d159133293/datanode-3/data/ratis/ac7fd253-f202-46da-a4f5-88ecb6bad877 does not exist. Creating ...
2019-10-01 03:10:11,878 [RATISCREATEPIPELINE2] ERROR pipeline.RatisPipelineProvider (RatisPipelineProvider.java:lambda$null$5(235)) - Failed invoke Ratis rpc org.apache.hadoop.hdds.scm.pipeline.RatisPipelineProvider$$Lambda$218/1109194915@560d4fcc for 171ec4d4-096c-4a48-9c09-f13db5b98943
org.apache.ratis.protocol.TimeoutIOException: deadline exceeded after 2991406034ns
	at org.apache.ratis.grpc.GrpcUtil.tryUnwrapException(GrpcUtil.java:82)
	at org.apache.ratis.grpc.GrpcUtil.unwrapException(GrpcUtil.java:75)
	at org.apache.ratis.grpc.client.GrpcClientProtocolClient.blockingCall(GrpcClientProtocolClient.java:184)
	at org.apache.ratis.grpc.client.GrpcClientProtocolClient.groupAdd(GrpcClientProtocolClient.java:153)
	at org.apache.ratis.grpc.client.GrpcClientRpc.sendRequest(GrpcClientRpc.java:94)
	at org.apache.ratis.client.impl.RaftClientImpl.sendRequest(RaftClientImpl.java:278)
	at org.apache.ratis.client.impl.RaftClientImpl.groupAdd(RaftClientImpl.java:205)
	at org.apache.hadoop.hdds.scm.pipeline.RatisPipelineProvider.lambda$initializePipeline$4(RatisPipelineProvider.java:196)
	at org.apache.hadoop.hdds.scm.pipeline.RatisPipelineProvider.lambda$null$5(RatisPipelineProvider.java:231)
	at java.util.stream.ForEachOps$ForEachOp$OfRef.accept(ForEachOps.java:184)
	at java.util.ArrayList$ArrayListSpliterator.forEachRemaining(ArrayList.java:1382)
	at java.util.stream.AbstractPipeline.copyInto(AbstractPipeline.java:482)
	at java.util.stream.ForEachOps$ForEachTask.compute(ForEachOps.java:291)
	at java.util.concurrent.CountedCompleter.exec(CountedCompleter.java:731)
	at java.util.concurrent.ForkJoinTask.doExec(ForkJoinTask.java:289)
	at java.util.concurrent.ForkJoinPool$WorkQueue.runTask(ForkJoinPool.java:1056)
	at java.util.concurrent.ForkJoinPool.runWorker(ForkJoinPool.java:1692)
	at java.util.concurrent.ForkJoinWorkerThread.run(ForkJoinWorkerThread.java:157)
Caused by: org.apache.ratis.thirdparty.io.grpc.StatusRuntimeException: DEADLINE_EXCEEDED: deadline exceeded after 2991406034ns
	at org.apache.ratis.thirdparty.io.grpc.stub.ClientCalls.toStatusRuntimeException(ClientCalls.java:233)
	at org.apache.ratis.thirdparty.io.grpc.stub.ClientCalls.getUnchecked(ClientCalls.java:214)
	at org.apache.ratis.thirdparty.io.grpc.stub.ClientCalls.blockingUnaryCall(ClientCalls.java:139)
	at org.apache.ratis.proto.grpc.AdminProtocolServiceGrpc$AdminProtocolServiceBlockingStub.groupManagement(AdminProtocolServiceGrpc.java:274)
	at org.apache.ratis.grpc.client.GrpcClientProtocolClient.lambda$groupAdd$3(GrpcClientProtocolClient.java:155)
	at org.apache.ratis.grpc.client.GrpcClientProtocolClient.blockingCall(GrpcClientProtocolClient.java:182)
	... 15 more
2019-10-01 03:10:11,879 [RATISCREATEPIPELINE3] ERROR pipeline.RatisPipelineProvider (RatisPipelineProvider.java:lambda$null$5(235)) - Failed invoke Ratis rpc org.apache.hadoop.hdds.scm.pipeline.RatisPipelineProvider$$Lambda$218/1109194915@560d4fcc for a031d7a8-9ba6-4a5b-9c1d-66af4bb6a471
org.apache.ratis.protocol.TimeoutIOException: deadline exceeded after 2991117650ns
	at org.apache.ratis.grpc.GrpcUtil.tryUnwrapException(GrpcUtil.java:82)
	at org.apache.ratis.grpc.GrpcUtil.unwrapException(GrpcUtil.java:75)
	at org.apache.ratis.grpc.client.GrpcClientProtocolClient.blockingCall(GrpcClientProtocolClient.java:184)
	at org.apache.ratis.grpc.client.GrpcClientProtocolClient.groupAdd(GrpcClientProtocolClient.java:153)
	at org.apache.ratis.grpc.client.GrpcClientRpc.sendRequest(GrpcClientRpc.java:94)
	at org.apache.ratis.client.impl.RaftClientImpl.sendRequest(RaftClientImpl.java:278)
	at org.apache.ratis.client.impl.RaftClientImpl.groupAdd(RaftClientImpl.java:205)
	at org.apache.hadoop.hdds.scm.pipeline.RatisPipelineProvider.lambda$initializePipeline$4(RatisPipelineProvider.java:196)
	at org.apache.hadoop.hdds.scm.pipeline.RatisPipelineProvider.lambda$null$5(RatisPipelineProvider.java:231)
	at java.util.stream.ForEachOps$ForEachOp$OfRef.accept(ForEachOps.java:184)
	at java.util.ArrayList$ArrayListSpliterator.forEachRemaining(ArrayList.java:1382)
	at java.util.stream.AbstractPipeline.copyInto(AbstractPipeline.java:482)
	at java.util.stream.ForEachOps$ForEachTask.compute(ForEachOps.java:291)
	at java.util.concurrent.CountedCompleter.exec(CountedCompleter.java:731)
	at java.util.concurrent.ForkJoinTask.doExec(ForkJoinTask.java:289)
	at java.util.concurrent.ForkJoinPool$WorkQueue.runTask(ForkJoinPool.java:1056)
	at java.util.concurrent.ForkJoinPool.runWorker(ForkJoinPool.java:1692)
	at java.util.concurrent.ForkJoinWorkerThread.run(ForkJoinWorkerThread.java:157)
Caused by: org.apache.ratis.thirdparty.io.grpc.StatusRuntimeException: DEADLINE_EXCEEDED: deadline exceeded after 2991117650ns
	at org.apache.ratis.thirdparty.io.grpc.stub.ClientCalls.toStatusRuntimeException(ClientCalls.java:233)
	at org.apache.ratis.thirdparty.io.grpc.stub.ClientCalls.getUnchecked(ClientCalls.java:214)
	at org.apache.ratis.thirdparty.io.grpc.stub.ClientCalls.blockingUnaryCall(ClientCalls.java:139)
	at org.apache.ratis.proto.grpc.AdminProtocolServiceGrpc$AdminProtocolServiceBlockingStub.groupManagement(AdminProtocolServiceGrpc.java:274)
	at org.apache.ratis.grpc.client.GrpcClientProtocolClient.lambda$groupAdd$3(GrpcClientProtocolClient.java:155)
	at org.apache.ratis.grpc.client.GrpcClientProtocolClient.blockingCall(GrpcClientProtocolClient.java:182)
	... 15 more
2019-10-01 03:10:11,878 [RATISCREATEPIPELINE1] ERROR pipeline.RatisPipelineProvider (RatisPipelineProvider.java:lambda$null$5(235)) - Failed invoke Ratis rpc org.apache.hadoop.hdds.scm.pipeline.RatisPipelineProvider$$Lambda$218/1109194915@560d4fcc for 51b30148-b788-4294-9eff-4cb6628afcd4
org.apache.ratis.protocol.TimeoutIOException: deadline exceeded after 2999597180ns
	at org.apache.ratis.grpc.GrpcUtil.tryUnwrapException(GrpcUtil.java:82)
	at org.apache.ratis.grpc.GrpcUtil.unwrapException(GrpcUtil.java:75)
	at org.apache.ratis.grpc.client.GrpcClientProtocolClient.blockingCall(GrpcClientProtocolClient.java:184)
	at org.apache.ratis.grpc.client.GrpcClientProtocolClient.groupAdd(GrpcClientProtocolClient.java:153)
	at org.apache.ratis.grpc.client.GrpcClientRpc.sendRequest(GrpcClientRpc.java:94)
	at org.apache.ratis.client.impl.RaftClientImpl.sendRequest(RaftClientImpl.java:278)
	at org.apache.ratis.client.impl.RaftClientImpl.groupAdd(RaftClientImpl.java:205)
	at org.apache.hadoop.hdds.scm.pipeline.RatisPipelineProvider.lambda$initializePipeline$4(RatisPipelineProvider.java:196)
	at org.apache.hadoop.hdds.scm.pipeline.RatisPipelineProvider.lambda$null$5(RatisPipelineProvider.java:231)
	at java.util.stream.ForEachOps$ForEachOp$OfRef.accept(ForEachOps.java:184)
	at java.util.ArrayList$ArrayListSpliterator.forEachRemaining(ArrayList.java:1382)
	at java.util.stream.AbstractPipeline.copyInto(AbstractPipeline.java:482)
	at java.util.stream.ForEachOps$ForEachTask.compute(ForEachOps.java:291)
	at java.util.concurrent.CountedCompleter.exec(CountedCompleter.java:731)
	at java.util.concurrent.ForkJoinTask.doExec(ForkJoinTask.java:289)
	at java.util.concurrent.ForkJoinTask.doInvoke(ForkJoinTask.java:401)
	at java.util.concurrent.ForkJoinTask.invoke(ForkJoinTask.java:734)
	at java.util.stream.ForEachOps$ForEachOp.evaluateParallel(ForEachOps.java:160)
	at java.util.stream.ForEachOps$ForEachOp$OfRef.evaluateParallel(ForEachOps.java:174)
	at java.util.stream.AbstractPipeline.evaluate(AbstractPipeline.java:233)
	at java.util.stream.ReferencePipeline.forEach(ReferencePipeline.java:418)
	at java.util.stream.ReferencePipeline$Head.forEach(ReferencePipeline.java:583)
	at org.apache.hadoop.hdds.scm.pipeline.RatisPipelineProvider.lambda$callRatisRpc$6(RatisPipelineProvider.java:225)
	at java.util.concurrent.ForkJoinTask$AdaptedRunnableAction.exec(ForkJoinTask.java:1386)
	at java.util.concurrent.ForkJoinTask.doExec(ForkJoinTask.java:289)
	at java.util.concurrent.ForkJoinPool$WorkQueue.runTask(ForkJoinPool.java:1056)
	at java.util.concurrent.ForkJoinPool.runWorker(ForkJoinPool.java:1692)
	at java.util.concurrent.ForkJoinWorkerThread.run(ForkJoinWorkerThread.java:157)
Caused by: org.apache.ratis.thirdparty.io.grpc.StatusRuntimeException: DEADLINE_EXCEEDED: deadline exceeded after 2999597180ns
	at org.apache.ratis.thirdparty.io.grpc.stub.ClientCalls.toStatusRuntimeException(ClientCalls.java:233)
	at org.apache.ratis.thirdparty.io.grpc.stub.ClientCalls.getUnchecked(ClientCalls.java:214)
	at org.apache.ratis.thirdparty.io.grpc.stub.ClientCalls.blockingUnaryCall(ClientCalls.java:139)
	at org.apache.ratis.proto.grpc.AdminProtocolServiceGrpc$AdminProtocolServiceBlockingStub.groupManagement(AdminProtocolServiceGrpc.java:274)
	at org.apache.ratis.grpc.client.GrpcClientProtocolClient.lambda$groupAdd$3(GrpcClientProtocolClient.java:155)
	at org.apache.ratis.grpc.client.GrpcClientProtocolClient.blockingCall(GrpcClientProtocolClient.java:182)
	... 25 more
2019-10-01 03:10:11,915 [grpc-default-executor-2] INFO  impl.RaftServerProxy (RaftServerProxy.java:addNew(89)) - 51b30148-b788-4294-9eff-4cb6628afcd4: addNew group-77CD8149E602:[51b30148-b788-4294-9eff-4cb6628afcd4:192.168.164.230:37349] returns group-77CD8149E602:java.util.concurrent.CompletableFuture@36c6773a[Not completed]
2019-10-01 03:10:14,906 [RATISCREATEPIPELINE1] ERROR pipeline.RatisPipelineProvider (RatisPipelineProvider.java:lambda$null$5(235)) - Failed invoke Ratis rpc org.apache.hadoop.hdds.scm.pipeline.RatisPipelineProvider$$Lambda$218/1109194915@5329c447 for 51b30148-b788-4294-9eff-4cb6628afcd4
org.apache.ratis.protocol.TimeoutIOException: deadline exceeded after 2999648786ns
	at org.apache.ratis.grpc.GrpcUtil.tryUnwrapException(GrpcUtil.java:82)
	at org.apache.ratis.grpc.GrpcUtil.unwrapException(GrpcUtil.java:75)
	at org.apache.ratis.grpc.client.GrpcClientProtocolClient.blockingCall(GrpcClientProtocolClient.java:184)
	at org.apache.ratis.grpc.client.GrpcClientProtocolClient.groupAdd(GrpcClientProtocolClient.java:153)
	at org.apache.ratis.grpc.client.GrpcClientRpc.sendRequest(GrpcClientRpc.java:94)
	at org.apache.ratis.client.impl.RaftClientImpl.sendRequest(RaftClientImpl.java:278)
	at org.apache.ratis.client.impl.RaftClientImpl.groupAdd(RaftClientImpl.java:205)
	at org.apache.hadoop.hdds.scm.pipeline.RatisPipelineProvider.lambda$initializePipeline$4(RatisPipelineProvider.java:196)
	at org.apache.hadoop.hdds.scm.pipeline.RatisPipelineProvider.lambda$null$5(RatisPipelineProvider.java:231)
	at java.util.stream.ForEachOps$ForEachOp$OfRef.accept(ForEachOps.java:184)
	at java.util.ArrayList$ArrayListSpliterator.forEachRemaining(ArrayList.java:1382)
	at java.util.stream.AbstractPipeline.copyInto(AbstractPipeline.java:482)
	at java.util.stream.ForEachOps$ForEachTask.compute(ForEachOps.java:291)
	at java.util.concurrent.CountedCompleter.exec(CountedCompleter.java:731)
	at java.util.concurrent.ForkJoinTask.doExec(ForkJoinTask.java:289)
	at java.util.concurrent.ForkJoinTask.doInvoke(ForkJoinTask.java:401)
	at java.util.concurrent.ForkJoinTask.invoke(ForkJoinTask.java:734)
	at java.util.stream.ForEachOps$ForEachOp.evaluateParallel(ForEachOps.java:160)
	at java.util.stream.ForEachOps$ForEachOp$OfRef.evaluateParallel(ForEachOps.java:174)
	at java.util.stream.AbstractPipeline.evaluate(AbstractPipeline.java:233)
	at java.util.stream.ReferencePipeline.forEach(ReferencePipeline.java:418)
	at java.util.stream.ReferencePipeline$Head.forEach(ReferencePipeline.java:583)
	at org.apache.hadoop.hdds.scm.pipeline.RatisPipelineProvider.lambda$callRatisRpc$6(RatisPipelineProvider.java:225)
	at java.util.concurrent.ForkJoinTask$AdaptedRunnableAction.exec(ForkJoinTask.java:1386)
	at java.util.concurrent.ForkJoinTask.doExec(ForkJoinTask.java:289)
	at java.util.concurrent.ForkJoinPool$WorkQueue.runTask(ForkJoinPool.java:1056)
	at java.util.concurrent.ForkJoinPool.runWorker(ForkJoinPool.java:1692)
	at java.util.concurrent.ForkJoinWorkerThread.run(ForkJoinWorkerThread.java:157)
Caused by: org.apache.ratis.thirdparty.io.grpc.StatusRuntimeException: DEADLINE_EXCEEDED: deadline exceeded after 2999648786ns
	at org.apache.ratis.thirdparty.io.grpc.stub.ClientCalls.toStatusRuntimeException(ClientCalls.java:233)
	at org.apache.ratis.thirdparty.io.grpc.stub.ClientCalls.getUnchecked(ClientCalls.java:214)
	at org.apache.ratis.thirdparty.io.grpc.stub.ClientCalls.blockingUnaryCall(ClientCalls.java:139)
	at org.apache.ratis.proto.grpc.AdminProtocolServiceGrpc$AdminProtocolServiceBlockingStub.groupManagement(AdminProtocolServiceGrpc.java:274)
	at org.apache.ratis.grpc.client.GrpcClientProtocolClient.lambda$groupAdd$3(GrpcClientProtocolClient.java:155)
	at org.apache.ratis.grpc.client.GrpcClientProtocolClient.blockingCall(GrpcClientProtocolClient.java:182)
	... 25 more
2019-10-01 03:10:14,976 [grpc-default-executor-0] INFO  impl.RaftServerProxy (RaftServerProxy.java:addNew(89)) - 51b30148-b788-4294-9eff-4cb6628afcd4: addNew group-3D56E6EA5DF8:[51b30148-b788-4294-9eff-4cb6628afcd4:192.168.164.230:37349, a031d7a8-9ba6-4a5b-9c1d-66af4bb6a471:192.168.164.230:40684, 171ec4d4-096c-4a48-9c09-f13db5b98943:192.168.164.230:32787] returns group-3D56E6EA5DF8:java.util.concurrent.CompletableFuture@171c5ab4[Not completed]
2019-10-01 03:10:14,976 [grpc-default-executor-1] INFO  impl.RaftServerProxy (RaftServerProxy.java:addNew(89)) - 171ec4d4-096c-4a48-9c09-f13db5b98943: addNew group-3D56E6EA5DF8:[51b30148-b788-4294-9eff-4cb6628afcd4:192.168.164.230:37349, a031d7a8-9ba6-4a5b-9c1d-66af4bb6a471:192.168.164.230:40684, 171ec4d4-096c-4a48-9c09-f13db5b98943:192.168.164.230:32787] returns group-3D56E6EA5DF8:java.util.concurrent.CompletableFuture@cbdfab8[Not completed]
2019-10-01 03:10:14,976 [grpc-default-executor-2] INFO  impl.RaftServerProxy (RaftServerProxy.java:addNew(89)) - a031d7a8-9ba6-4a5b-9c1d-66af4bb6a471: addNew group-3D56E6EA5DF8:[51b30148-b788-4294-9eff-4cb6628afcd4:192.168.164.230:37349, a031d7a8-9ba6-4a5b-9c1d-66af4bb6a471:192.168.164.230:40684, 171ec4d4-096c-4a48-9c09-f13db5b98943:192.168.164.230:32787] returns group-3D56E6EA5DF8:java.util.concurrent.CompletableFuture@4e9914f0[Not completed]
2019-10-01 03:10:17,544 [pool-77-thread-1] INFO  storage.RaftStorageDirectory (RaftStorageDirectory.java:tryLock(328)) - Lock on /workdir/hadoop-ozone/integration-test/target/test-dir/MiniOzoneClusterImpl-40f9f9a2-8720-4028-b159-c2d159133293/datanode-5/data/ratis/745003cd-98d9-4eb7-8621-4bea6f3de063/in_use.lock acquired by nodename 6751@pr-hdds-1984-288rd-2703005633
2019-10-01 03:10:17,545 [pool-57-thread-1] INFO  storage.RaftStorageDirectory (RaftStorageDirectory.java:tryLock(328)) - Lock on /workdir/hadoop-ozone/integration-test/target/test-dir/MiniOzoneClusterImpl-40f9f9a2-8720-4028-b159-c2d159133293/datanode-3/data/ratis/ac7fd253-f202-46da-a4f5-88ecb6bad877/in_use.lock acquired by nodename 6751@pr-hdds-1984-288rd-2703005633
2019-10-01 03:10:17,545 [171ec4d4-096c-4a48-9c09-f13db5b98943@group-1805170C40FE-LeaderElection1] INFO  impl.LeaderElection (LeaderElection.java:askForVotes(178)) - 171ec4d4-096c-4a48-9c09-f13db5b98943@group-1805170C40FE-LeaderElection1: begin an election at term 1 for -1: [171ec4d4-096c-4a48-9c09-f13db5b98943:192.168.164.230:32787], old=null
2019-10-01 03:10:17,545 [pool-27-thread-1] INFO  storage.RaftStorageDirectory (RaftStorageDirectory.java:tryLock(328)) - Lock on /workdir/hadoop-ozone/integration-test/target/test-dir/MiniOzoneClusterImpl-40f9f9a2-8720-4028-b159-c2d159133293/datanode-0/data/ratis/ac7fd253-f202-46da-a4f5-88ecb6bad877/in_use.lock acquired by nodename 6751@pr-hdds-1984-288rd-2703005633
2019-10-01 03:10:17,551 [171ec4d4-096c-4a48-9c09-f13db5b98943@group-1805170C40FE-LeaderElection1] INFO  impl.RoleInfo (RoleInfo.java:shutdownLeaderElection(134)) - 171ec4d4-096c-4a48-9c09-f13db5b98943: shutdown LeaderElection
2019-10-01 03:10:17,552 [171ec4d4-096c-4a48-9c09-f13db5b98943@group-1805170C40FE-LeaderElection1] INFO  impl.RaftServerImpl (RaftServerImpl.java:setRole(170)) - 171ec4d4-096c-4a48-9c09-f13db5b98943@group-1805170C40FE: changes role from CANDIDATE to LEADER at term 1 for changeToLeader
2019-10-01 03:10:17,553 [171ec4d4-096c-4a48-9c09-f13db5b98943@group-1805170C40FE-LeaderElection1] INFO  impl.RaftServerImpl (ServerState.java:setLeader(255)) - 171ec4d4-096c-4a48-9c09-f13db5b98943@group-1805170C40FE: change Leader from null to 171ec4d4-096c-4a48-9c09-f13db5b98943 at term 1 for becomeLeader, leader elected after 11932ms
2019-10-01 03:10:17,567 [171ec4d4-096c-4a48-9c09-f13db5b98943@group-1805170C40FE-LeaderElection1] INFO  server.RaftServerConfigKeys (ConfUtils.java:logGet(43)) - raft.server.staging.catchup.gap = 1000 (default)
2019-10-01 03:10:17,567 [171ec4d4-096c-4a48-9c09-f13db5b98943@group-1805170C40FE-LeaderElection1] INFO  server.RaftServerConfigKeys (ConfUtils.java:logGet(43)) - raft.server.rpc.sleep.time = 25ms (default)
2019-10-01 03:10:17,577 [171ec4d4-096c-4a48-9c09-f13db5b98943@group-1805170C40FE-LeaderElection1] INFO  server.RaftServerConfigKeys (ConfUtils.java:logGet(43)) - raft.server.write.element-limit = 4096 (default)
2019-10-01 03:10:17,581 [171ec4d4-096c-4a48-9c09-f13db5b98943@group-1805170C40FE-LeaderElection1] INFO  server.RaftServerConfigKeys (ConfUtils.java:logGet(43)) - raft.server.watch.timeout = 10s (default)
2019-10-01 03:10:17,581 [171ec4d4-096c-4a48-9c09-f13db5b98943@group-1805170C40FE-LeaderElection1] INFO  server.RaftServerConfigKeys (ConfUtils.java:logGet(43)) - raft.server.watch.timeout.denomination = 1s (default)
2019-10-01 03:10:17,582 [171ec4d4-096c-4a48-9c09-f13db5b98943@group-1805170C40FE-LeaderElection1] INFO  server.RaftServerConfigKeys (ConfUtils.java:logGet(43)) - raft.server.watch.element-limit = 65536 (default)
2019-10-01 03:10:17,599 [171ec4d4-096c-4a48-9c09-f13db5b98943@group-1805170C40FE-LeaderElection1] INFO  impl.RoleInfo (RoleInfo.java:updateAndGet(143)) - 171ec4d4-096c-4a48-9c09-f13db5b98943: start LeaderState
2019-10-01 03:10:17,627 [171ec4d4-096c-4a48-9c09-f13db5b98943@group-1805170C40FE-LeaderElection1] INFO  segmented.SegmentedRaftLogWorker (SegmentedRaftLogWorker.java:startLogSegment(385)) - 171ec4d4-096c-4a48-9c09-f13db5b98943@group-1805170C40FE-SegmentedRaftLogWorker: Starting segment from index:0
2019-10-01 03:10:17,639 [171ec4d4-096c-4a48-9c09-f13db5b98943@group-1805170C40FE-LeaderElection1] INFO  impl.RaftServerImpl (ServerState.java:setRaftConf(356)) - 171ec4d4-096c-4a48-9c09-f13db5b98943@group-1805170C40FE: set configuration 0: [171ec4d4-096c-4a48-9c09-f13db5b98943:192.168.164.230:32787], old=null at 0
2019-10-01 03:10:17,939 [RATISCREATEPIPELINE2] ERROR pipeline.RatisPipelineProvider (RatisPipelineProvider.java:lambda$null$5(235)) - Failed invoke Ratis rpc org.apache.hadoop.hdds.scm.pipeline.RatisPipelineProvider$$Lambda$218/1109194915@6736bf47 for a031d7a8-9ba6-4a5b-9c1d-66af4bb6a471
org.apache.ratis.protocol.TimeoutIOException: deadline exceeded after 2999633546ns
	at org.apache.ratis.grpc.GrpcUtil.tryUnwrapException(GrpcUtil.java:82)
	at org.apache.ratis.grpc.GrpcUtil.unwrapException(GrpcUtil.java:75)
	at org.apache.ratis.grpc.client.GrpcClientProtocolClient.blockingCall(GrpcClientProtocolClient.java:184)
	at org.apache.ratis.grpc.client.GrpcClientProtocolClient.groupAdd(GrpcClientProtocolClient.java:153)
	at org.apache.ratis.grpc.client.GrpcClientRpc.sendRequest(GrpcClientRpc.java:94)
	at org.apache.ratis.client.impl.RaftClientImpl.sendRequest(RaftClientImpl.java:278)
	at org.apache.ratis.client.impl.RaftClientImpl.groupAdd(RaftClientImpl.java:205)
	at org.apache.hadoop.hdds.scm.pipeline.RatisPipelineProvider.lambda$initializePipeline$4(RatisPipelineProvider.java:196)
	at org.apache.hadoop.hdds.scm.pipeline.RatisPipelineProvider.lambda$null$5(RatisPipelineProvider.java:231)
	at java.util.stream.ForEachOps$ForEachOp$OfRef.accept(ForEachOps.java:184)
	at java.util.ArrayList$ArrayListSpliterator.forEachRemaining(ArrayList.java:1382)
	at java.util.stream.AbstractPipeline.copyInto(AbstractPipeline.java:482)
	at java.util.stream.ForEachOps$ForEachTask.compute(ForEachOps.java:291)
	at java.util.concurrent.CountedCompleter.exec(CountedCompleter.java:731)
	at java.util.concurrent.ForkJoinTask.doExec(ForkJoinTask.java:289)
	at java.util.concurrent.ForkJoinPool$WorkQueue.runTask(ForkJoinPool.java:1056)
	at java.util.concurrent.ForkJoinPool.runWorker(ForkJoinPool.java:1692)
	at java.util.concurrent.ForkJoinWorkerThread.run(ForkJoinWorkerThread.java:157)
Caused by: org.apache.ratis.thirdparty.io.grpc.StatusRuntimeException: DEADLINE_EXCEEDED: deadline exceeded after 2999633546ns
	at org.apache.ratis.thirdparty.io.grpc.stub.ClientCalls.toStatusRuntimeException(ClientCalls.java:233)
	at org.apache.ratis.thirdparty.io.grpc.stub.ClientCalls.getUnchecked(ClientCalls.java:214)
	at org.apache.ratis.thirdparty.io.grpc.stub.ClientCalls.blockingUnaryCall(ClientCalls.java:139)
	at org.apache.ratis.proto.grpc.AdminProtocolServiceGrpc$AdminProtocolServiceBlockingStub.groupManagement(AdminProtocolServiceGrpc.java:274)
	at org.apache.ratis.grpc.client.GrpcClientProtocolClient.lambda$groupAdd$3(GrpcClientProtocolClient.java:155)
	at org.apache.ratis.grpc.client.GrpcClientProtocolClient.blockingCall(GrpcClientProtocolClient.java:182)
	... 15 more
2019-10-01 03:10:17,940 [RATISCREATEPIPELINE3] ERROR pipeline.RatisPipelineProvider (RatisPipelineProvider.java:lambda$null$5(235)) - Failed invoke Ratis rpc org.apache.hadoop.hdds.scm.pipeline.RatisPipelineProvider$$Lambda$218/1109194915@6736bf47 for 171ec4d4-096c-4a48-9c09-f13db5b98943
org.apache.ratis.protocol.TimeoutIOException: deadline exceeded after 2997552816ns
	at org.apache.ratis.grpc.GrpcUtil.tryUnwrapException(GrpcUtil.java:82)
	at org.apache.ratis.grpc.GrpcUtil.unwrapException(GrpcUtil.java:75)
	at org.apache.ratis.grpc.client.GrpcClientProtocolClient.blockingCall(GrpcClientProtocolClient.java:184)
	at org.apache.ratis.grpc.client.GrpcClientProtocolClient.groupAdd(GrpcClientProtocolClient.java:153)
	at org.apache.ratis.grpc.client.GrpcClientRpc.sendRequest(GrpcClientRpc.java:94)
	at org.apache.ratis.client.impl.RaftClientImpl.sendRequest(RaftClientImpl.java:278)
	at org.apache.ratis.client.impl.RaftClientImpl.groupAdd(RaftClientImpl.java:205)
	at org.apache.hadoop.hdds.scm.pipeline.RatisPipelineProvider.lambda$initializePipeline$4(RatisPipelineProvider.java:196)
	at org.apache.hadoop.hdds.scm.pipeline.RatisPipelineProvider.lambda$null$5(RatisPipelineProvider.java:231)
	at java.util.stream.ForEachOps$ForEachOp$OfRef.accept(ForEachOps.java:184)
	at java.util.ArrayList$ArrayListSpliterator.forEachRemaining(ArrayList.java:1382)
	at java.util.stream.AbstractPipeline.copyInto(AbstractPipeline.java:482)
	at java.util.stream.ForEachOps$ForEachTask.compute(ForEachOps.java:291)
	at java.util.concurrent.CountedCompleter.exec(CountedCompleter.java:731)
	at java.util.concurrent.ForkJoinTask.doExec(ForkJoinTask.java:289)
	at java.util.concurrent.ForkJoinPool$WorkQueue.runTask(ForkJoinPool.java:1056)
	at java.util.concurrent.ForkJoinPool.runWorker(ForkJoinPool.java:1692)
	at java.util.concurrent.ForkJoinWorkerThread.run(ForkJoinWorkerThread.java:157)
Caused by: org.apache.ratis.thirdparty.io.grpc.StatusRuntimeException: DEADLINE_EXCEEDED: deadline exceeded after 2997552816ns
	at org.apache.ratis.thirdparty.io.grpc.stub.ClientCalls.toStatusRuntimeException(ClientCalls.java:233)
	at org.apache.ratis.thirdparty.io.grpc.stub.ClientCalls.getUnchecked(ClientCalls.java:214)
	at org.apache.ratis.thirdparty.io.grpc.stub.ClientCalls.blockingUnaryCall(ClientCalls.java:139)
	at org.apache.ratis.proto.grpc.AdminProtocolServiceGrpc$AdminProtocolServiceBlockingStub.groupManagement(AdminProtocolServiceGrpc.java:274)
	at org.apache.ratis.grpc.client.GrpcClientProtocolClient.lambda$groupAdd$3(GrpcClientProtocolClient.java:155)
	at org.apache.ratis.grpc.client.GrpcClientProtocolClient.blockingCall(GrpcClientProtocolClient.java:182)
	... 15 more
2019-10-01 03:10:17,940 [RATISCREATEPIPELINE1] ERROR pipeline.RatisPipelineProvider (RatisPipelineProvider.java:lambda$null$5(235)) - Failed invoke Ratis rpc org.apache.hadoop.hdds.scm.pipeline.RatisPipelineProvider$$Lambda$218/1109194915@6736bf47 for 51b30148-b788-4294-9eff-4cb6628afcd4
org.apache.ratis.protocol.TimeoutIOException: deadline exceeded after 2999672553ns
	at org.apache.ratis.grpc.GrpcUtil.tryUnwrapException(GrpcUtil.java:82)
	at org.apache.ratis.grpc.GrpcUtil.unwrapException(GrpcUtil.java:75)
	at org.apache.ratis.grpc.client.GrpcClientProtocolClient.blockingCall(GrpcClientProtocolClient.java:184)
	at org.apache.ratis.grpc.client.GrpcClientProtocolClient.groupAdd(GrpcClientProtocolClient.java:153)
	at org.apache.ratis.grpc.client.GrpcClientRpc.sendRequest(GrpcClientRpc.java:94)
	at org.apache.ratis.client.impl.RaftClientImpl.sendRequest(RaftClientImpl.java:278)
	at org.apache.ratis.client.impl.RaftClientImpl.groupAdd(RaftClientImpl.java:205)
	at org.apache.hadoop.hdds.scm.pipeline.RatisPipelineProvider.lambda$initializePipeline$4(RatisPipelineProvider.java:196)
	at org.apache.hadoop.hdds.scm.pipeline.RatisPipelineProvider.lambda$null$5(RatisPipelineProvider.java:231)
	at java.util.stream.ForEachOps$ForEachOp$OfRef.accept(ForEachOps.java:184)
	at java.util.ArrayList$ArrayListSpliterator.forEachRemaining(ArrayList.java:1382)
	at java.util.stream.AbstractPipeline.copyInto(AbstractPipeline.java:482)
	at java.util.stream.ForEachOps$ForEachTask.compute(ForEachOps.java:291)
	at java.util.concurrent.CountedCompleter.exec(CountedCompleter.java:731)
	at java.util.concurrent.ForkJoinTask.doExec(ForkJoinTask.java:289)
	at java.util.concurrent.ForkJoinTask.doInvoke(ForkJoinTask.java:401)
	at java.util.concurrent.ForkJoinTask.invoke(ForkJoinTask.java:734)
	at java.util.stream.ForEachOps$ForEachOp.evaluateParallel(ForEachOps.java:160)
	at java.util.stream.ForEachOps$ForEachOp$OfRef.evaluateParallel(ForEachOps.java:174)
	at java.util.stream.AbstractPipeline.evaluate(AbstractPipeline.java:233)
	at java.util.stream.ReferencePipeline.forEach(ReferencePipeline.java:418)
	at java.util.stream.ReferencePipeline$Head.forEach(ReferencePipeline.java:583)
	at org.apache.hadoop.hdds.scm.pipeline.RatisPipelineProvider.lambda$callRatisRpc$6(RatisPipelineProvider.java:225)
	at java.util.concurrent.ForkJoinTask$AdaptedRunnableAction.exec(ForkJoinTask.java:1386)
	at java.util.concurrent.ForkJoinTask.doExec(ForkJoinTask.java:289)
	at java.util.concurrent.ForkJoinPool$WorkQueue.runTask(ForkJoinPool.java:1056)
	at java.util.concurrent.ForkJoinPool.runWorker(ForkJoinPool.java:1692)
	at java.util.concurrent.ForkJoinWorkerThread.run(ForkJoinWorkerThread.java:157)
Caused by: org.apache.ratis.thirdparty.io.grpc.StatusRuntimeException: DEADLINE_EXCEEDED: deadline exceeded after 2999672553ns
	at org.apache.ratis.thirdparty.io.grpc.stub.ClientCalls.toStatusRuntimeException(ClientCalls.java:233)
	at org.apache.ratis.thirdparty.io.grpc.stub.ClientCalls.getUnchecked(ClientCalls.java:214)
	at org.apache.ratis.thirdparty.io.grpc.stub.ClientCalls.blockingUnaryCall(ClientCalls.java:139)
	at org.apache.ratis.proto.grpc.AdminProtocolServiceGrpc$AdminProtocolServiceBlockingStub.groupManagement(AdminProtocolServiceGrpc.java:274)
	at org.apache.ratis.grpc.client.GrpcClientProtocolClient.lambda$groupAdd$3(GrpcClientProtocolClient.java:155)
	at org.apache.ratis.grpc.client.GrpcClientProtocolClient.blockingCall(GrpcClientProtocolClient.java:182)
	... 25 more
2019-10-01 03:10:17,973 [grpc-default-executor-2] INFO  impl.RaftServerProxy (RaftServerProxy.java:addNew(89)) - 171ec4d4-096c-4a48-9c09-f13db5b98943: addNew group-753693F63136:[51b30148-b788-4294-9eff-4cb6628afcd4:192.168.164.230:37349, a031d7a8-9ba6-4a5b-9c1d-66af4bb6a471:192.168.164.230:40684, 171ec4d4-096c-4a48-9c09-f13db5b98943:192.168.164.230:32787] returns group-753693F63136:java.util.concurrent.CompletableFuture@1a60f8d7[Not completed]
2019-10-01 03:10:17,975 [grpc-default-executor-1] INFO  impl.RaftServerProxy (RaftServerProxy.java:addNew(89)) - a031d7a8-9ba6-4a5b-9c1d-66af4bb6a471: addNew group-753693F63136:[51b30148-b788-4294-9eff-4cb6628afcd4:192.168.164.230:37349, a031d7a8-9ba6-4a5b-9c1d-66af4bb6a471:192.168.164.230:40684, 171ec4d4-096c-4a48-9c09-f13db5b98943:192.168.164.230:32787] returns group-753693F63136:java.util.concurrent.CompletableFuture@399beacd[Not completed]
2019-10-01 03:10:17,975 [grpc-default-executor-0] INFO  impl.RaftServerProxy (RaftServerProxy.java:addNew(89)) - 51b30148-b788-4294-9eff-4cb6628afcd4: addNew group-753693F63136:[51b30148-b788-4294-9eff-4cb6628afcd4:192.168.164.230:37349, a031d7a8-9ba6-4a5b-9c1d-66af4bb6a471:192.168.164.230:40684, 171ec4d4-096c-4a48-9c09-f13db5b98943:192.168.164.230:32787] returns group-753693F63136:java.util.concurrent.CompletableFuture@77626c[Not completed]
2019-10-01 03:10:19,577 [171ec4d4-096c-4a48-9c09-f13db5b98943@group-1805170C40FE-SegmentedRaftLogWorker] INFO  segmented.SegmentedRaftLogWorker (SegmentedRaftLogWorker.java:execute(574)) - 171ec4d4-096c-4a48-9c09-f13db5b98943@group-1805170C40FE-SegmentedRaftLogWorker: created new log segment /workdir/hadoop-ozone/integration-test/target/test-dir/MiniOzoneClusterImpl-40f9f9a2-8720-4028-b159-c2d159133293/datanode-0/data/ratis/642b5a1a-cc88-4a46-b898-1805170c40fe/current/log_inprogress_0
2019-10-01 03:10:19,577 [pool-57-thread-1] INFO  storage.RaftStorage (RaftStorage.java:format(84)) - Storage directory /workdir/hadoop-ozone/integration-test/target/test-dir/MiniOzoneClusterImpl-40f9f9a2-8720-4028-b159-c2d159133293/datanode-3/data/ratis/ac7fd253-f202-46da-a4f5-88ecb6bad877 has been successfully formatted.
2019-10-01 03:10:19,577 [pool-77-thread-1] INFO  storage.RaftStorage (RaftStorage.java:format(84)) - Storage directory /workdir/hadoop-ozone/integration-test/target/test-dir/MiniOzoneClusterImpl-40f9f9a2-8720-4028-b159-c2d159133293/datanode-5/data/ratis/745003cd-98d9-4eb7-8621-4bea6f3de063 has been successfully formatted.
2019-10-01 03:10:19,577 [pool-27-thread-1] INFO  storage.RaftStorage (RaftStorage.java:format(84)) - Storage directory /workdir/hadoop-ozone/integration-test/target/test-dir/MiniOzoneClusterImpl-40f9f9a2-8720-4028-b159-c2d159133293/datanode-0/data/ratis/ac7fd253-f202-46da-a4f5-88ecb6bad877 has been successfully formatted.
2019-10-01 03:10:19,582 [pool-57-thread-1] INFO  ratis.ContainerStateMachine (ContainerStateMachine.java:loadSnapshot(230)) - group-88ECB6BAD877: The snapshot info is null. Setting the last applied indexto:(t:0, i:~)
2019-10-01 03:10:19,584 [pool-77-thread-1] INFO  ratis.ContainerStateMachine (ContainerStateMachine.java:loadSnapshot(230)) - group-4BEA6F3DE063: The snapshot info is null. Setting the last applied indexto:(t:0, i:~)
2019-10-01 03:10:19,584 [pool-57-thread-1] INFO  server.RaftServerConfigKeys (ConfUtils.java:logGet(43)) - raft.server.notification.no-leader.timeout = 120s (custom)
2019-10-01 03:10:19,584 [pool-27-thread-1] INFO  ratis.ContainerStateMachine (ContainerStateMachine.java:loadSnapshot(230)) - group-88ECB6BAD877: The snapshot info is null. Setting the last applied indexto:(t:0, i:~)
2019-10-01 03:10:19,585 [pool-57-thread-1] INFO  server.RaftServerConfigKeys (ConfUtils.java:logGet(43)) - raft.server.log.use.memory = false (default)
2019-10-01 03:10:19,585 [pool-77-thread-1] INFO  server.RaftServerConfigKeys (ConfUtils.java:logGet(43)) - raft.server.notification.no-leader.timeout = 120s (custom)
2019-10-01 03:10:19,585 [pool-57-thread-1] INFO  server.RaftServerConfigKeys (ConfUtils.java:logGet(43)) - raft.server.log.purge.gap = 1000000 (custom)
2019-10-01 03:10:19,585 [pool-27-thread-1] INFO  server.RaftServerConfigKeys (ConfUtils.java:logGet(43)) - raft.server.notification.no-leader.timeout = 120s (custom)
2019-10-01 03:10:19,586 [pool-57-thread-1] INFO  server.RaftServerConfigKeys (ConfUtils.java:logGet(43)) - raft.server.log.appender.buffer.byte-limit = 33554432 (custom)
2019-10-01 03:10:19,585 [pool-77-thread-1] INFO  server.RaftServerConfigKeys (ConfUtils.java:logGet(43)) - raft.server.log.use.memory = false (default)
2019-10-01 03:10:19,586 [pool-57-thread-1] INFO  server.RaftServerConfigKeys (ConfUtils.java:logGet(43)) - raft.server.log.segment.size.max = 1048576 (custom)
2019-10-01 03:10:19,586 [pool-27-thread-1] INFO  server.RaftServerConfigKeys (ConfUtils.java:logGet(43)) - raft.server.log.use.memory = false (default)
2019-10-01 03:10:19,586 [pool-77-thread-1] INFO  server.RaftServerConfigKeys (ConfUtils.java:logGet(43)) - raft.server.log.purge.gap = 1000000 (custom)
2019-10-01 03:10:19,586 [pool-27-thread-1] INFO  server.RaftServerConfigKeys (ConfUtils.java:logGet(43)) - raft.server.log.purge.gap = 1000000 (custom)
2019-10-01 03:10:19,619 [pool-77-thread-1] INFO  server.RaftServerConfigKeys (ConfUtils.java:logGet(43)) - raft.server.log.appender.buffer.byte-limit = 33554432 (custom)
2019-10-01 03:10:19,627 [pool-27-thread-1] INFO  server.RaftServerConfigKeys (ConfUtils.java:logGet(43)) - raft.server.log.appender.buffer.byte-limit = 33554432 (custom)
2019-10-01 03:10:19,628 [pool-77-thread-1] INFO  server.RaftServerConfigKeys (ConfUtils.java:logGet(43)) - raft.server.log.segment.size.max = 1048576 (custom)
2019-10-01 03:10:19,628 [pool-27-thread-1] INFO  server.RaftServerConfigKeys (ConfUtils.java:logGet(43)) - raft.server.log.segment.size.max = 1048576 (custom)
2019-10-01 03:10:19,628 [pool-27-thread-1] INFO  server.RaftServerConfigKeys (ConfUtils.java:logGet(43)) - raft.server.log.segment.cache.num.max = 2 (custom)
2019-10-01 03:10:19,628 [pool-27-thread-1] INFO  segmented.SegmentedRaftLogWorker (SegmentedRaftLogWorker.java:<init>(173)) - new 171ec4d4-096c-4a48-9c09-f13db5b98943@group-88ECB6BAD877-SegmentedRaftLogWorker for RaftStorage:Storage Directory /workdir/hadoop-ozone/integration-test/target/test-dir/MiniOzoneClusterImpl-40f9f9a2-8720-4028-b159-c2d159133293/datanode-0/data/ratis/ac7fd253-f202-46da-a4f5-88ecb6bad877
2019-10-01 03:10:19,629 [pool-27-thread-1] INFO  server.RaftServerConfigKeys (ConfUtils.java:logGet(43)) - raft.server.log.queue.byte-limit = 2147483647 (custom)
2019-10-01 03:10:19,629 [pool-27-thread-1] INFO  server.RaftServerConfigKeys (ConfUtils.java:logGet(43)) - raft.server.log.queue.element-limit = 1024 (custom)
2019-10-01 03:10:19,629 [pool-27-thread-1] INFO  server.RaftServerConfigKeys (ConfUtils.java:logGet(43)) - raft.server.log.segment.size.max = 1048576 (custom)
2019-10-01 03:10:19,629 [pool-27-thread-1] INFO  server.RaftServerConfigKeys (ConfUtils.java:logGet(43)) - raft.server.log.preallocated.size = 16384 (custom)
2019-10-01 03:10:19,629 [pool-27-thread-1] INFO  server.RaftServerConfigKeys (ConfUtils.java:logGet(43)) - raft.server.log.write.buffer.size = 33554432 (custom)
2019-10-01 03:10:19,629 [pool-27-thread-1] INFO  server.RaftServerConfigKeys (ConfUtils.java:logGet(43)) - raft.server.log.force.sync.num = 128 (default)
2019-10-01 03:10:19,630 [pool-27-thread-1] INFO  server.RaftServerConfigKeys (ConfUtils.java:logGet(43)) - raft.server.log.statemachine.data.sync = true (default)
2019-10-01 03:10:19,630 [pool-27-thread-1] INFO  server.RaftServerConfigKeys (ConfUtils.java:logGet(43)) - raft.server.log.statemachine.data.sync.timeout = 10s (default)
2019-10-01 03:10:19,630 [pool-27-thread-1] INFO  server.RaftServerConfigKeys (ConfUtils.java:logGet(43)) - raft.server.log.statemachine.data.sync.timeout.retry = -1 (default)
2019-10-01 03:10:19,630 [pool-27-thread-1] INFO  server.RaftServerConfigKeys (ConfUtils.java:logGet(43)) - raft.server.log.statemachine.data.caching.enabled = true (custom)
2019-10-01 03:10:19,631 [pool-27-thread-1] INFO  segmented.SegmentedRaftLogWorker (SegmentedRaftLogWorker.java:lambda$new$0(128)) - 171ec4d4-096c-4a48-9c09-f13db5b98943@group-88ECB6BAD877-SegmentedRaftLogWorker: flushIndex: setUnconditionally 0 -> -1
2019-10-01 03:10:19,631 [pool-27-thread-1] INFO  server.RaftServerConfigKeys (ConfUtils.java:logGet(43)) - raft.server.snapshot.auto.trigger.enabled = true (custom)
2019-10-01 03:10:19,631 [pool-27-thread-1] INFO  server.RaftServerConfigKeys (ConfUtils.java:logGet(43)) - raft.server.snapshot.auto.trigger.threshold = 10000 (custom)
2019-10-01 03:10:19,632 [pool-27-thread-1] INFO  server.RaftServerConfigKeys (ConfUtils.java:logGet(43)) - raft.server.snapshot.retention.file.num = 5 (custom)
2019-10-01 03:10:19,632 [pool-27-thread-1] INFO  server.RaftServerConfigKeys (ConfUtils.java:logGet(43)) - raft.server.retrycache.expirytime = 600000ms (custom)
2019-10-01 03:10:19,633 [pool-57-thread-1] INFO  server.RaftServerConfigKeys (ConfUtils.java:logGet(43)) - raft.server.log.segment.cache.num.max = 2 (custom)
2019-10-01 03:10:19,633 [pool-57-thread-1] INFO  segmented.SegmentedRaftLogWorker (SegmentedRaftLogWorker.java:<init>(173)) - new a031d7a8-9ba6-4a5b-9c1d-66af4bb6a471@group-88ECB6BAD877-SegmentedRaftLogWorker for RaftStorage:Storage Directory /workdir/hadoop-ozone/integration-test/target/test-dir/MiniOzoneClusterImpl-40f9f9a2-8720-4028-b159-c2d159133293/datanode-3/data/ratis/ac7fd253-f202-46da-a4f5-88ecb6bad877
2019-10-01 03:10:19,633 [pool-57-thread-1] INFO  server.RaftServerConfigKeys (ConfUtils.java:logGet(43)) - raft.server.log.queue.byte-limit = 2147483647 (custom)
2019-10-01 03:10:19,633 [pool-57-thread-1] INFO  server.RaftServerConfigKeys (ConfUtils.java:logGet(43)) - raft.server.log.queue.element-limit = 1024 (custom)
2019-10-01 03:10:19,634 [pool-57-thread-1] INFO  server.RaftServerConfigKeys (ConfUtils.java:logGet(43)) - raft.server.log.segment.size.max = 1048576 (custom)
2019-10-01 03:10:19,634 [pool-57-thread-1] INFO  server.RaftServerConfigKeys (ConfUtils.java:logGet(43)) - raft.server.log.preallocated.size = 16384 (custom)
2019-10-01 03:10:19,634 [pool-57-thread-1] INFO  server.RaftServerConfigKeys (ConfUtils.java:logGet(43)) - raft.server.log.write.buffer.size = 33554432 (custom)
2019-10-01 03:10:19,634 [pool-57-thread-1] INFO  server.RaftServerConfigKeys (ConfUtils.java:logGet(43)) - raft.server.log.force.sync.num = 128 (default)
2019-10-01 03:10:19,634 [pool-77-thread-1] INFO  server.RaftServerConfigKeys (ConfUtils.java:logGet(43)) - raft.server.log.segment.cache.num.max = 2 (custom)
2019-10-01 03:10:19,634 [pool-57-thread-1] INFO  server.RaftServerConfigKeys (ConfUtils.java:logGet(43)) - raft.server.log.statemachine.data.sync = true (default)
2019-10-01 03:10:19,634 [pool-77-thread-1] INFO  segmented.SegmentedRaftLogWorker (SegmentedRaftLogWorker.java:<init>(173)) - new 51b30148-b788-4294-9eff-4cb6628afcd4@group-4BEA6F3DE063-SegmentedRaftLogWorker for RaftStorage:Storage Directory /workdir/hadoop-ozone/integration-test/target/test-dir/MiniOzoneClusterImpl-40f9f9a2-8720-4028-b159-c2d159133293/datanode-5/data/ratis/745003cd-98d9-4eb7-8621-4bea6f3de063
2019-10-01 03:10:19,635 [pool-57-thread-1] INFO  server.RaftServerConfigKeys (ConfUtils.java:logGet(43)) - raft.server.log.statemachine.data.sync.timeout = 10s (default)
2019-10-01 03:10:19,635 [pool-77-thread-1] INFO  server.RaftServerConfigKeys (ConfUtils.java:logGet(43)) - raft.server.log.queue.byte-limit = 2147483647 (custom)
2019-10-01 03:10:19,635 [pool-57-thread-1] INFO  server.RaftServerConfigKeys (ConfUtils.java:logGet(43)) - raft.server.log.statemachine.data.sync.timeout.retry = -1 (default)
2019-10-01 03:10:19,635 [pool-77-thread-1] INFO  server.RaftServerConfigKeys (ConfUtils.java:logGet(43)) - raft.server.log.queue.element-limit = 1024 (custom)
2019-10-01 03:10:19,635 [pool-77-thread-1] INFO  server.RaftServerConfigKeys (ConfUtils.java:logGet(43)) - raft.server.log.segment.size.max = 1048576 (custom)
2019-10-01 03:10:19,636 [pool-77-thread-1] INFO  server.RaftServerConfigKeys (ConfUtils.java:logGet(43)) - raft.server.log.preallocated.size = 16384 (custom)
2019-10-01 03:10:19,636 [pool-77-thread-1] INFO  server.RaftServerConfigKeys (ConfUtils.java:logGet(43)) - raft.server.log.write.buffer.size = 33554432 (custom)
2019-10-01 03:10:19,636 [pool-77-thread-1] INFO  server.RaftServerConfigKeys (ConfUtils.java:logGet(43)) - raft.server.log.force.sync.num = 128 (default)
2019-10-01 03:10:19,636 [pool-57-thread-1] INFO  server.RaftServerConfigKeys (ConfUtils.java:logGet(43)) - raft.server.log.statemachine.data.caching.enabled = true (custom)
2019-10-01 03:10:19,636 [pool-77-thread-1] INFO  server.RaftServerConfigKeys (ConfUtils.java:logGet(43)) - raft.server.log.statemachine.data.sync = true (default)
2019-10-01 03:10:19,637 [pool-77-thread-1] INFO  server.RaftServerConfigKeys (ConfUtils.java:logGet(43)) - raft.server.log.statemachine.data.sync.timeout = 10s (default)
2019-10-01 03:10:19,637 [pool-57-thread-1] INFO  segmented.SegmentedRaftLogWorker (SegmentedRaftLogWorker.java:lambda$new$0(128)) - a031d7a8-9ba6-4a5b-9c1d-66af4bb6a471@group-88ECB6BAD877-SegmentedRaftLogWorker: flushIndex: setUnconditionally 0 -> -1
2019-10-01 03:10:19,637 [pool-77-thread-1] INFO  server.RaftServerConfigKeys (ConfUtils.java:logGet(43)) - raft.server.log.statemachine.data.sync.timeout.retry = -1 (default)
2019-10-01 03:10:19,637 [pool-57-thread-1] INFO  server.RaftServerConfigKeys (ConfUtils.java:logGet(43)) - raft.server.snapshot.auto.trigger.enabled = true (custom)
2019-10-01 03:10:19,637 [pool-57-thread-1] INFO  server.RaftServerConfigKeys (ConfUtils.java:logGet(43)) - raft.server.snapshot.auto.trigger.threshold = 10000 (custom)
2019-10-01 03:10:19,638 [pool-57-thread-1] INFO  server.RaftServerConfigKeys (ConfUtils.java:logGet(43)) - raft.server.snapshot.retention.file.num = 5 (custom)
2019-10-01 03:10:19,638 [pool-57-thread-1] INFO  server.RaftServerConfigKeys (ConfUtils.java:logGet(43)) - raft.server.retrycache.expirytime = 600000ms (custom)
2019-10-01 03:10:19,638 [pool-77-thread-1] INFO  server.RaftServerConfigKeys (ConfUtils.java:logGet(43)) - raft.server.log.statemachine.data.caching.enabled = true (custom)
2019-10-01 03:10:19,638 [pool-77-thread-1] INFO  segmented.SegmentedRaftLogWorker (SegmentedRaftLogWorker.java:lambda$new$0(128)) - 51b30148-b788-4294-9eff-4cb6628afcd4@group-4BEA6F3DE063-SegmentedRaftLogWorker: flushIndex: setUnconditionally 0 -> -1
2019-10-01 03:10:19,639 [pool-77-thread-1] INFO  server.RaftServerConfigKeys (ConfUtils.java:logGet(43)) - raft.server.snapshot.auto.trigger.enabled = true (custom)
2019-10-01 03:10:19,639 [pool-77-thread-1] INFO  server.RaftServerConfigKeys (ConfUtils.java:logGet(43)) - raft.server.snapshot.auto.trigger.threshold = 10000 (custom)
2019-10-01 03:10:19,639 [pool-77-thread-1] INFO  server.RaftServerConfigKeys (ConfUtils.java:logGet(43)) - raft.server.snapshot.retention.file.num = 5 (custom)
2019-10-01 03:10:19,639 [pool-77-thread-1] INFO  server.RaftServerConfigKeys (ConfUtils.java:logGet(43)) - raft.server.retrycache.expirytime = 600000ms (custom)
2019-10-01 03:10:19,640 [pool-27-thread-1] INFO  impl.RaftServerImpl (RaftServerImpl.java:<init>(95)) - 171ec4d4-096c-4a48-9c09-f13db5b98943: new RaftServerImpl for group-3D56E6EA5DF8:[51b30148-b788-4294-9eff-4cb6628afcd4:192.168.164.230:37349, a031d7a8-9ba6-4a5b-9c1d-66af4bb6a471:192.168.164.230:40684, 171ec4d4-096c-4a48-9c09-f13db5b98943:192.168.164.230:32787] with ContainerStateMachine:uninitialized
2019-10-01 03:10:19,640 [pool-27-thread-1] INFO  server.RaftServerConfigKeys (ConfUtils.java:logGet(43)) - raft.server.rpc.timeout.min = 1s (custom)
2019-10-01 03:10:19,640 [pool-27-thread-1] INFO  server.RaftServerConfigKeys (ConfUtils.java:logGet(43)) - raft.server.rpc.timeout.max = 1200ms (custom)
2019-10-01 03:10:19,641 [pool-27-thread-1] INFO  server.RaftServerConfigKeys (ConfUtils.java:logGet(43)) - raft.server.rpcslowness.timeout = 120s (custom)
2019-10-01 03:10:19,641 [pool-27-thread-1] INFO  server.RaftServerConfigKeys (ConfUtils.java:logGet(43)) - raft.server.sleep.deviation.threshold = 300 (default)
2019-10-01 03:10:19,641 [pool-27-thread-1] INFO  server.RaftServerConfigKeys (ConfUtils.java:logGet(43)) - raft.server.log.appender.install.snapshot.enabled = false (custom)
2019-10-01 03:10:19,641 [pool-27-thread-1] INFO  impl.RaftServerImpl (ServerState.java:<init>(103)) - 171ec4d4-096c-4a48-9c09-f13db5b98943@group-3D56E6EA5DF8: ConfigurationManager, init=-1: [51b30148-b788-4294-9eff-4cb6628afcd4:192.168.164.230:37349, a031d7a8-9ba6-4a5b-9c1d-66af4bb6a471:192.168.164.230:40684, 171ec4d4-096c-4a48-9c09-f13db5b98943:192.168.164.230:32787], old=null, confs=<EMPTY_MAP>
2019-10-01 03:10:19,641 [pool-27-thread-1] INFO  server.RaftServerConfigKeys (ConfUtils.java:logGet(43)) - raft.server.storage.dir = [/workdir/hadoop-ozone/integration-test/target/test-dir/MiniOzoneClusterImpl-40f9f9a2-8720-4028-b159-c2d159133293/datanode-0/data/ratis] (custom)
2019-10-01 03:10:19,642 [pool-27-thread-1] INFO  server.RaftServerConfigKeys (ConfUtils.java:logGet(43)) - raft.server.log.corruption.policy = EXCEPTION (default)
2019-10-01 03:10:19,642 [pool-27-thread-1] INFO  storage.RaftStorageDirectory (RaftStorageDirectory.java:analyzeStorage(246)) - The storage directory /workdir/hadoop-ozone/integration-test/target/test-dir/MiniOzoneClusterImpl-40f9f9a2-8720-4028-b159-c2d159133293/datanode-0/data/ratis/f717e20a-c5cb-411d-b477-3d56e6ea5df8 does not exist. Creating ...
2019-10-01 03:10:19,645 [pool-57-thread-1] INFO  impl.RaftServerImpl (RaftServerImpl.java:<init>(95)) - a031d7a8-9ba6-4a5b-9c1d-66af4bb6a471: new RaftServerImpl for group-3D56E6EA5DF8:[51b30148-b788-4294-9eff-4cb6628afcd4:192.168.164.230:37349, a031d7a8-9ba6-4a5b-9c1d-66af4bb6a471:192.168.164.230:40684, 171ec4d4-096c-4a48-9c09-f13db5b98943:192.168.164.230:32787] with ContainerStateMachine:uninitialized
2019-10-01 03:10:19,645 [pool-57-thread-1] INFO  server.RaftServerConfigKeys (ConfUtils.java:logGet(43)) - raft.server.rpc.timeout.min = 1s (custom)
2019-10-01 03:10:19,646 [pool-57-thread-1] INFO  server.RaftServerConfigKeys (ConfUtils.java:logGet(43)) - raft.server.rpc.timeout.max = 1200ms (custom)
2019-10-01 03:10:19,646 [pool-57-thread-1] INFO  server.RaftServerConfigKeys (ConfUtils.java:logGet(43)) - raft.server.rpcslowness.timeout = 120s (custom)
2019-10-01 03:10:19,646 [pool-57-thread-1] INFO  server.RaftServerConfigKeys (ConfUtils.java:logGet(43)) - raft.server.sleep.deviation.threshold = 300 (default)
2019-10-01 03:10:19,646 [pool-57-thread-1] INFO  server.RaftServerConfigKeys (ConfUtils.java:logGet(43)) - raft.server.log.appender.install.snapshot.enabled = false (custom)
2019-10-01 03:10:19,646 [pool-57-thread-1] INFO  impl.RaftServerImpl (ServerState.java:<init>(103)) - a031d7a8-9ba6-4a5b-9c1d-66af4bb6a471@group-3D56E6EA5DF8: ConfigurationManager, init=-1: [51b30148-b788-4294-9eff-4cb6628afcd4:192.168.164.230:37349, a031d7a8-9ba6-4a5b-9c1d-66af4bb6a471:192.168.164.230:40684, 171ec4d4-096c-4a48-9c09-f13db5b98943:192.168.164.230:32787], old=null, confs=<EMPTY_MAP>
2019-10-01 03:10:19,646 [pool-57-thread-1] INFO  server.RaftServerConfigKeys (ConfUtils.java:logGet(43)) - raft.server.storage.dir = [/workdir/hadoop-ozone/integration-test/target/test-dir/MiniOzoneClusterImpl-40f9f9a2-8720-4028-b159-c2d159133293/datanode-3/data/ratis] (custom)
2019-10-01 03:10:19,647 [pool-77-thread-1] INFO  impl.RaftServerImpl (RaftServerImpl.java:<init>(95)) - 51b30148-b788-4294-9eff-4cb6628afcd4: new RaftServerImpl for group-88ECB6BAD877:[51b30148-b788-4294-9eff-4cb6628afcd4:192.168.164.230:37349, a031d7a8-9ba6-4a5b-9c1d-66af4bb6a471:192.168.164.230:40684, 171ec4d4-096c-4a48-9c09-f13db5b98943:192.168.164.230:32787] with ContainerStateMachine:uninitialized
2019-10-01 03:10:19,647 [pool-57-thread-1] INFO  server.RaftServerConfigKeys (ConfUtils.java:logGet(43)) - raft.server.log.corruption.policy = EXCEPTION (default)
2019-10-01 03:10:19,647 [pool-77-thread-1] INFO  server.RaftServerConfigKeys (ConfUtils.java:logGet(43)) - raft.server.rpc.timeout.min = 1s (custom)
2019-10-01 03:10:19,647 [pool-57-thread-1] INFO  storage.RaftStorageDirectory (RaftStorageDirectory.java:analyzeStorage(246)) - The storage directory /workdir/hadoop-ozone/integration-test/target/test-dir/MiniOzoneClusterImpl-40f9f9a2-8720-4028-b159-c2d159133293/datanode-3/data/ratis/f717e20a-c5cb-411d-b477-3d56e6ea5df8 does not exist. Creating ...
2019-10-01 03:10:19,647 [pool-77-thread-1] INFO  server.RaftServerConfigKeys (ConfUtils.java:logGet(43)) - raft.server.rpc.timeout.max = 1200ms (custom)
2019-10-01 03:10:19,647 [pool-77-thread-1] INFO  server.RaftServerConfigKeys (ConfUtils.java:logGet(43)) - raft.server.rpcslowness.timeout = 120s (custom)
2019-10-01 03:10:19,648 [pool-77-thread-1] INFO  server.RaftServerConfigKeys (ConfUtils.java:logGet(43)) - raft.server.sleep.deviation.threshold = 300 (default)
2019-10-01 03:10:19,648 [pool-77-thread-1] INFO  server.RaftServerConfigKeys (ConfUtils.java:logGet(43)) - raft.server.log.appender.install.snapshot.enabled = false (custom)
2019-10-01 03:10:19,648 [pool-77-thread-1] INFO  impl.RaftServerImpl (ServerState.java:<init>(103)) - 51b30148-b788-4294-9eff-4cb6628afcd4@group-88ECB6BAD877: ConfigurationManager, init=-1: [51b30148-b788-4294-9eff-4cb6628afcd4:192.168.164.230:37349, a031d7a8-9ba6-4a5b-9c1d-66af4bb6a471:192.168.164.230:40684, 171ec4d4-096c-4a48-9c09-f13db5b98943:192.168.164.230:32787], old=null, confs=<EMPTY_MAP>
2019-10-01 03:10:19,648 [pool-77-thread-1] INFO  server.RaftServerConfigKeys (ConfUtils.java:logGet(43)) - raft.server.storage.dir = [/workdir/hadoop-ozone/integration-test/target/test-dir/MiniOzoneClusterImpl-40f9f9a2-8720-4028-b159-c2d159133293/datanode-5/data/ratis] (custom)
2019-10-01 03:10:19,648 [pool-77-thread-1] INFO  server.RaftServerConfigKeys (ConfUtils.java:logGet(43)) - raft.server.log.corruption.policy = EXCEPTION (default)
2019-10-01 03:10:19,649 [pool-77-thread-1] INFO  storage.RaftStorageDirectory (RaftStorageDirectory.java:analyzeStorage(246)) - The storage directory /workdir/hadoop-ozone/integration-test/target/test-dir/MiniOzoneClusterImpl-40f9f9a2-8720-4028-b159-c2d159133293/datanode-5/data/ratis/ac7fd253-f202-46da-a4f5-88ecb6bad877 does not exist. Creating ...
2019-10-01 03:10:19,934 [pool-77-thread-1] INFO  storage.RaftStorageDirectory (RaftStorageDirectory.java:tryLock(328)) - Lock on /workdir/hadoop-ozone/integration-test/target/test-dir/MiniOzoneClusterImpl-40f9f9a2-8720-4028-b159-c2d159133293/datanode-5/data/ratis/ac7fd253-f202-46da-a4f5-88ecb6bad877/in_use.lock acquired by nodename 6751@pr-hdds-1984-288rd-2703005633
2019-10-01 03:10:19,934 [pool-57-thread-1] INFO  storage.RaftStorageDirectory (RaftStorageDirectory.java:tryLock(328)) - Lock on /workdir/hadoop-ozone/integration-test/target/test-dir/MiniOzoneClusterImpl-40f9f9a2-8720-4028-b159-c2d159133293/datanode-3/data/ratis/f717e20a-c5cb-411d-b477-3d56e6ea5df8/in_use.lock acquired by nodename 6751@pr-hdds-1984-288rd-2703005633
2019-10-01 03:10:19,934 [pool-27-thread-1] INFO  storage.RaftStorageDirectory (RaftStorageDirectory.java:tryLock(328)) - Lock on /workdir/hadoop-ozone/integration-test/target/test-dir/MiniOzoneClusterImpl-40f9f9a2-8720-4028-b159-c2d159133293/datanode-0/data/ratis/f717e20a-c5cb-411d-b477-3d56e6ea5df8/in_use.lock acquired by nodename 6751@pr-hdds-1984-288rd-2703005633
2019-10-01 03:10:19,966 [pool-27-thread-1] INFO  storage.RaftStorage (RaftStorage.java:format(84)) - Storage directory /workdir/hadoop-ozone/integration-test/target/test-dir/MiniOzoneClusterImpl-40f9f9a2-8720-4028-b159-c2d159133293/datanode-0/data/ratis/f717e20a-c5cb-411d-b477-3d56e6ea5df8 has been successfully formatted.
2019-10-01 03:10:19,966 [pool-77-thread-1] INFO  storage.RaftStorage (RaftStorage.java:format(84)) - Storage directory /workdir/hadoop-ozone/integration-test/target/test-dir/MiniOzoneClusterImpl-40f9f9a2-8720-4028-b159-c2d159133293/datanode-5/data/ratis/ac7fd253-f202-46da-a4f5-88ecb6bad877 has been successfully formatted.
2019-10-01 03:10:19,966 [pool-57-thread-1] INFO  storage.RaftStorage (RaftStorage.java:format(84)) - Storage directory /workdir/hadoop-ozone/integration-test/target/test-dir/MiniOzoneClusterImpl-40f9f9a2-8720-4028-b159-c2d159133293/datanode-3/data/ratis/f717e20a-c5cb-411d-b477-3d56e6ea5df8 has been successfully formatted.
2019-10-01 03:10:19,966 [pool-27-thread-1] INFO  ratis.ContainerStateMachine (ContainerStateMachine.java:loadSnapshot(230)) - group-3D56E6EA5DF8: The snapshot info is null. Setting the last applied indexto:(t:0, i:~)
2019-10-01 03:10:19,967 [pool-77-thread-1] INFO  ratis.ContainerStateMachine (ContainerStateMachine.java:loadSnapshot(230)) - group-88ECB6BAD877: The snapshot info is null. Setting the last applied indexto:(t:0, i:~)
2019-10-01 03:10:19,967 [pool-27-thread-1] INFO  server.RaftServerConfigKeys (ConfUtils.java:logGet(43)) - raft.server.notification.no-leader.timeout = 120s (custom)
2019-10-01 03:10:19,967 [pool-57-thread-1] INFO  ratis.ContainerStateMachine (ContainerStateMachine.java:loadSnapshot(230)) - group-3D56E6EA5DF8: The snapshot info is null. Setting the last applied indexto:(t:0, i:~)
2019-10-01 03:10:19,967 [pool-27-thread-1] INFO  server.RaftServerConfigKeys (ConfUtils.java:logGet(43)) - raft.server.log.use.memory = false (default)
2019-10-01 03:10:19,967 [pool-77-thread-1] INFO  server.RaftServerConfigKeys (ConfUtils.java:logGet(43)) - raft.server.notification.no-leader.timeout = 120s (custom)
2019-10-01 03:10:19,967 [pool-27-thread-1] INFO  server.RaftServerConfigKeys (ConfUtils.java:logGet(43)) - raft.server.log.purge.gap = 1000000 (custom)
2019-10-01 03:10:19,967 [pool-57-thread-1] INFO  server.RaftServerConfigKeys (ConfUtils.java:logGet(43)) - raft.server.notification.no-leader.timeout = 120s (custom)
2019-10-01 03:10:19,968 [pool-27-thread-1] INFO  server.RaftServerConfigKeys (ConfUtils.java:logGet(43)) - raft.server.log.appender.buffer.byte-limit = 33554432 (custom)
2019-10-01 03:10:19,968 [pool-77-thread-1] INFO  server.RaftServerConfigKeys (ConfUtils.java:logGet(43)) - raft.server.log.use.memory = false (default)
2019-10-01 03:10:19,968 [pool-27-thread-1] INFO  server.RaftServerConfigKeys (ConfUtils.java:logGet(43)) - raft.server.log.segment.size.max = 1048576 (custom)
2019-10-01 03:10:19,968 [pool-57-thread-1] INFO  server.RaftServerConfigKeys (ConfUtils.java:logGet(43)) - raft.server.log.use.memory = false (default)
2019-10-01 03:10:19,968 [pool-27-thread-1] INFO  server.RaftServerConfigKeys (ConfUtils.java:logGet(43)) - raft.server.log.segment.cache.num.max = 2 (custom)
2019-10-01 03:10:19,968 [pool-77-thread-1] INFO  server.RaftServerConfigKeys (ConfUtils.java:logGet(43)) - raft.server.log.purge.gap = 1000000 (custom)
2019-10-01 03:10:19,969 [pool-27-thread-1] INFO  segmented.SegmentedRaftLogWorker (SegmentedRaftLogWorker.java:<init>(173)) - new 171ec4d4-096c-4a48-9c09-f13db5b98943@group-3D56E6EA5DF8-SegmentedRaftLogWorker for RaftStorage:Storage Directory /workdir/hadoop-ozone/integration-test/target/test-dir/MiniOzoneClusterImpl-40f9f9a2-8720-4028-b159-c2d159133293/datanode-0/data/ratis/f717e20a-c5cb-411d-b477-3d56e6ea5df8
2019-10-01 03:10:19,969 [pool-27-thread-1] INFO  server.RaftServerConfigKeys (ConfUtils.java:logGet(43)) - raft.server.log.queue.byte-limit = 2147483647 (custom)
2019-10-01 03:10:19,969 [pool-57-thread-1] INFO  server.RaftServerConfigKeys (ConfUtils.java:logGet(43)) - raft.server.log.purge.gap = 1000000 (custom)
2019-10-01 03:10:19,969 [pool-27-thread-1] INFO  server.RaftServerConfigKeys (ConfUtils.java:logGet(43)) - raft.server.log.queue.element-limit = 1024 (custom)
2019-10-01 03:10:19,969 [pool-77-thread-1] INFO  server.RaftServerConfigKeys (ConfUtils.java:logGet(43)) - raft.server.log.appender.buffer.byte-limit = 33554432 (custom)
2019-10-01 03:10:19,969 [pool-27-thread-1] INFO  server.RaftServerConfigKeys (ConfUtils.java:logGet(43)) - raft.server.log.segment.size.max = 1048576 (custom)
2019-10-01 03:10:19,969 [pool-57-thread-1] INFO  server.RaftServerConfigKeys (ConfUtils.java:logGet(43)) - raft.server.log.appender.buffer.byte-limit = 33554432 (custom)
2019-10-01 03:10:19,970 [pool-27-thread-1] INFO  server.RaftServerConfigKeys (ConfUtils.java:logGet(43)) - raft.server.log.preallocated.size = 16384 (custom)
2019-10-01 03:10:19,970 [pool-77-thread-1] INFO  server.RaftServerConfigKeys (ConfUtils.java:logGet(43)) - raft.server.log.segment.size.max = 1048576 (custom)
2019-10-01 03:10:19,970 [pool-27-thread-1] INFO  server.RaftServerConfigKeys (ConfUtils.java:logGet(43)) - raft.server.log.write.buffer.size = 33554432 (custom)
2019-10-01 03:10:19,970 [pool-57-thread-1] INFO  server.RaftServerConfigKeys (ConfUtils.java:logGet(43)) - raft.server.log.segment.size.max = 1048576 (custom)
2019-10-01 03:10:19,970 [pool-27-thread-1] INFO  server.RaftServerConfigKeys (ConfUtils.java:logGet(43)) - raft.server.log.force.sync.num = 128 (default)
2019-10-01 03:10:19,970 [pool-77-thread-1] INFO  server.RaftServerConfigKeys (ConfUtils.java:logGet(43)) - raft.server.log.segment.cache.num.max = 2 (custom)
2019-10-01 03:10:19,971 [pool-27-thread-1] INFO  server.RaftServerConfigKeys (ConfUtils.java:logGet(43)) - raft.server.log.statemachine.data.sync = true (default)
2019-10-01 03:10:19,971 [pool-57-thread-1] INFO  server.RaftServerConfigKeys (ConfUtils.java:logGet(43)) - raft.server.log.segment.cache.num.max = 2 (custom)
2019-10-01 03:10:19,971 [pool-27-thread-1] INFO  server.RaftServerConfigKeys (ConfUtils.java:logGet(43)) - raft.server.log.statemachine.data.sync.timeout = 10s (default)
2019-10-01 03:10:19,971 [pool-77-thread-1] INFO  segmented.SegmentedRaftLogWorker (SegmentedRaftLogWorker.java:<init>(173)) - new 51b30148-b788-4294-9eff-4cb6628afcd4@group-88ECB6BAD877-SegmentedRaftLogWorker for RaftStorage:Storage Directory /workdir/hadoop-ozone/integration-test/target/test-dir/MiniOzoneClusterImpl-40f9f9a2-8720-4028-b159-c2d159133293/datanode-5/data/ratis/ac7fd253-f202-46da-a4f5-88ecb6bad877
2019-10-01 03:10:19,971 [pool-27-thread-1] INFO  server.RaftServerConfigKeys (ConfUtils.java:logGet(43)) - raft.server.log.statemachine.data.sync.timeout.retry = -1 (default)
2019-10-01 03:10:19,971 [pool-57-thread-1] INFO  segmented.SegmentedRaftLogWorker (SegmentedRaftLogWorker.java:<init>(173)) - new a031d7a8-9ba6-4a5b-9c1d-66af4bb6a471@group-3D56E6EA5DF8-SegmentedRaftLogWorker for RaftStorage:Storage Directory /workdir/hadoop-ozone/integration-test/target/test-dir/MiniOzoneClusterImpl-40f9f9a2-8720-4028-b159-c2d159133293/datanode-3/data/ratis/f717e20a-c5cb-411d-b477-3d56e6ea5df8
2019-10-01 03:10:19,972 [pool-27-thread-1] INFO  server.RaftServerConfigKeys (ConfUtils.java:logGet(43)) - raft.server.log.statemachine.data.caching.enabled = true (custom)
2019-10-01 03:10:19,972 [pool-77-thread-1] INFO  server.RaftServerConfigKeys (ConfUtils.java:logGet(43)) - raft.server.log.queue.byte-limit = 2147483647 (custom)
2019-10-01 03:10:19,972 [pool-57-thread-1] INFO  server.RaftServerConfigKeys (ConfUtils.java:logGet(43)) - raft.server.log.queue.byte-limit = 2147483647 (custom)
2019-10-01 03:10:19,972 [pool-27-thread-1] INFO  segmented.SegmentedRaftLogWorker (SegmentedRaftLogWorker.java:lambda$new$0(128)) - 171ec4d4-096c-4a48-9c09-f13db5b98943@group-3D56E6EA5DF8-SegmentedRaftLogWorker: flushIndex: setUnconditionally 0 -> -1
2019-10-01 03:10:19,972 [pool-77-thread-1] INFO  server.RaftServerConfigKeys (ConfUtils.java:logGet(43)) - raft.server.log.queue.element-limit = 1024 (custom)
2019-10-01 03:10:19,972 [pool-57-thread-1] INFO  server.RaftServerConfigKeys (ConfUtils.java:logGet(43)) - raft.server.log.queue.element-limit = 1024 (custom)
2019-10-01 03:10:19,973 [pool-27-thread-1] INFO  server.RaftServerConfigKeys (ConfUtils.java:logGet(43)) - raft.server.snapshot.auto.trigger.enabled = true (custom)
2019-10-01 03:10:19,973 [pool-77-thread-1] INFO  server.RaftServerConfigKeys (ConfUtils.java:logGet(43)) - raft.server.log.segment.size.max = 1048576 (custom)
2019-10-01 03:10:19,973 [pool-27-thread-1] INFO  server.RaftServerConfigKeys (ConfUtils.java:logGet(43)) - raft.server.snapshot.auto.trigger.threshold = 10000 (custom)
2019-10-01 03:10:19,973 [pool-57-thread-1] INFO  server.RaftServerConfigKeys (ConfUtils.java:logGet(43)) - raft.server.log.segment.size.max = 1048576 (custom)
2019-10-01 03:10:19,973 [pool-27-thread-1] INFO  server.RaftServerConfigKeys (ConfUtils.java:logGet(43)) - raft.server.snapshot.retention.file.num = 5 (custom)
2019-10-01 03:10:19,973 [pool-77-thread-1] INFO  server.RaftServerConfigKeys (ConfUtils.java:logGet(43)) - raft.server.log.preallocated.size = 16384 (custom)
2019-10-01 03:10:19,974 [pool-27-thread-1] INFO  server.RaftServerConfigKeys (ConfUtils.java:logGet(43)) - raft.server.retrycache.expirytime = 600000ms (custom)
2019-10-01 03:10:19,974 [pool-57-thread-1] INFO  server.RaftServerConfigKeys (ConfUtils.java:logGet(43)) - raft.server.log.preallocated.size = 16384 (custom)
2019-10-01 03:10:19,974 [pool-77-thread-1] INFO  server.RaftServerConfigKeys (ConfUtils.java:logGet(43)) - raft.server.log.write.buffer.size = 33554432 (custom)
2019-10-01 03:10:19,974 [pool-57-thread-1] INFO  server.RaftServerConfigKeys (ConfUtils.java:logGet(43)) - raft.server.log.write.buffer.size = 33554432 (custom)
2019-10-01 03:10:19,974 [pool-77-thread-1] INFO  server.RaftServerConfigKeys (ConfUtils.java:logGet(43)) - raft.server.log.force.sync.num = 128 (default)
2019-10-01 03:10:19,975 [pool-57-thread-1] INFO  server.RaftServerConfigKeys (ConfUtils.java:logGet(43)) - raft.server.log.force.sync.num = 128 (default)
2019-10-01 03:10:19,975 [pool-77-thread-1] INFO  server.RaftServerConfigKeys (ConfUtils.java:logGet(43)) - raft.server.log.statemachine.data.sync = true (default)
2019-10-01 03:10:19,975 [pool-57-thread-1] INFO  server.RaftServerConfigKeys (ConfUtils.java:logGet(43)) - raft.server.log.statemachine.data.sync = true (default)
2019-10-01 03:10:19,975 [pool-77-thread-1] INFO  server.RaftServerConfigKeys (ConfUtils.java:logGet(43)) - raft.server.log.statemachine.data.sync.timeout = 10s (default)
2019-10-01 03:10:19,975 [pool-57-thread-1] INFO  server.RaftServerConfigKeys (ConfUtils.java:logGet(43)) - raft.server.log.statemachine.data.sync.timeout = 10s (default)
2019-10-01 03:10:19,975 [pool-77-thread-1] INFO  server.RaftServerConfigKeys (ConfUtils.java:logGet(43)) - raft.server.log.statemachine.data.sync.timeout.retry = -1 (default)
2019-10-01 03:10:19,976 [pool-57-thread-1] INFO  server.RaftServerConfigKeys (ConfUtils.java:logGet(43)) - raft.server.log.statemachine.data.sync.timeout.retry = -1 (default)
2019-10-01 03:10:19,976 [pool-77-thread-1] INFO  server.RaftServerConfigKeys (ConfUtils.java:logGet(43)) - raft.server.log.statemachine.data.caching.enabled = true (custom)
2019-10-01 03:10:19,976 [pool-57-thread-1] INFO  server.RaftServerConfigKeys (ConfUtils.java:logGet(43)) - raft.server.log.statemachine.data.caching.enabled = true (custom)
2019-10-01 03:10:19,976 [pool-77-thread-1] INFO  segmented.SegmentedRaftLogWorker (SegmentedRaftLogWorker.java:lambda$new$0(128)) - 51b30148-b788-4294-9eff-4cb6628afcd4@group-88ECB6BAD877-SegmentedRaftLogWorker: flushIndex: setUnconditionally 0 -> -1
2019-10-01 03:10:19,976 [pool-57-thread-1] INFO  segmented.SegmentedRaftLogWorker (SegmentedRaftLogWorker.java:lambda$new$0(128)) - a031d7a8-9ba6-4a5b-9c1d-66af4bb6a471@group-3D56E6EA5DF8-SegmentedRaftLogWorker: flushIndex: setUnconditionally 0 -> -1
2019-10-01 03:10:19,977 [pool-77-thread-1] INFO  server.RaftServerConfigKeys (ConfUtils.java:logGet(43)) - raft.server.snapshot.auto.trigger.enabled = true (custom)
2019-10-01 03:10:19,977 [pool-77-thread-1] INFO  server.RaftServerConfigKeys (ConfUtils.java:logGet(43)) - raft.server.snapshot.auto.trigger.threshold = 10000 (custom)
2019-10-01 03:10:19,977 [pool-57-thread-1] INFO  server.RaftServerConfigKeys (ConfUtils.java:logGet(43)) - raft.server.snapshot.auto.trigger.enabled = true (custom)
2019-10-01 03:10:19,977 [pool-77-thread-1] INFO  server.RaftServerConfigKeys (ConfUtils.java:logGet(43)) - raft.server.snapshot.retention.file.num = 5 (custom)
2019-10-01 03:10:19,977 [pool-57-thread-1] INFO  server.RaftServerConfigKeys (ConfUtils.java:logGet(43)) - raft.server.snapshot.auto.trigger.threshold = 10000 (custom)
2019-10-01 03:10:19,977 [pool-77-thread-1] INFO  server.RaftServerConfigKeys (ConfUtils.java:logGet(43)) - raft.server.retrycache.expirytime = 600000ms (custom)
2019-10-01 03:10:19,977 [pool-57-thread-1] INFO  server.RaftServerConfigKeys (ConfUtils.java:logGet(43)) - raft.server.snapshot.retention.file.num = 5 (custom)
2019-10-01 03:10:19,978 [pool-57-thread-1] INFO  server.RaftServerConfigKeys (ConfUtils.java:logGet(43)) - raft.server.retrycache.expirytime = 600000ms (custom)
2019-10-01 03:10:19,981 [pool-27-thread-1] INFO  impl.RaftServerImpl (RaftServerImpl.java:<init>(95)) - 171ec4d4-096c-4a48-9c09-f13db5b98943: new RaftServerImpl for group-753693F63136:[51b30148-b788-4294-9eff-4cb6628afcd4:192.168.164.230:37349, a031d7a8-9ba6-4a5b-9c1d-66af4bb6a471:192.168.164.230:40684, 171ec4d4-096c-4a48-9c09-f13db5b98943:192.168.164.230:32787] with ContainerStateMachine:uninitialized
2019-10-01 03:10:19,981 [pool-27-thread-1] INFO  server.RaftServerConfigKeys (ConfUtils.java:logGet(43)) - raft.server.rpc.timeout.min = 1s (custom)
2019-10-01 03:10:19,981 [pool-27-thread-1] INFO  server.RaftServerConfigKeys (ConfUtils.java:logGet(43)) - raft.server.rpc.timeout.max = 1200ms (custom)
2019-10-01 03:10:19,981 [pool-27-thread-1] INFO  server.RaftServerConfigKeys (ConfUtils.java:logGet(43)) - raft.server.rpcslowness.timeout = 120s (custom)
2019-10-01 03:10:19,982 [pool-27-thread-1] INFO  server.RaftServerConfigKeys (ConfUtils.java:logGet(43)) - raft.server.sleep.deviation.threshold = 300 (default)
2019-10-01 03:10:19,982 [pool-27-thread-1] INFO  server.RaftServerConfigKeys (ConfUtils.java:logGet(43)) - raft.server.log.appender.install.snapshot.enabled = false (custom)
2019-10-01 03:10:19,982 [pool-27-thread-1] INFO  impl.RaftServerImpl (ServerState.java:<init>(103)) - 171ec4d4-096c-4a48-9c09-f13db5b98943@group-753693F63136: ConfigurationManager, init=-1: [51b30148-b788-4294-9eff-4cb6628afcd4:192.168.164.230:37349, a031d7a8-9ba6-4a5b-9c1d-66af4bb6a471:192.168.164.230:40684, 171ec4d4-096c-4a48-9c09-f13db5b98943:192.168.164.230:32787], old=null, confs=<EMPTY_MAP>
2019-10-01 03:10:19,982 [pool-27-thread-1] INFO  server.RaftServerConfigKeys (ConfUtils.java:logGet(43)) - raft.server.storage.dir = [/workdir/hadoop-ozone/integration-test/target/test-dir/MiniOzoneClusterImpl-40f9f9a2-8720-4028-b159-c2d159133293/datanode-0/data/ratis] (custom)
2019-10-01 03:10:19,982 [pool-27-thread-1] INFO  server.RaftServerConfigKeys (ConfUtils.java:logGet(43)) - raft.server.log.corruption.policy = EXCEPTION (default)
2019-10-01 03:10:19,983 [pool-27-thread-1] INFO  storage.RaftStorageDirectory (RaftStorageDirectory.java:analyzeStorage(246)) - The storage directory /workdir/hadoop-ozone/integration-test/target/test-dir/MiniOzoneClusterImpl-40f9f9a2-8720-4028-b159-c2d159133293/datanode-0/data/ratis/6edf1f1e-3236-4503-857b-753693f63136 does not exist. Creating ...
2019-10-01 03:10:19,983 [pool-77-thread-1] INFO  impl.RaftServerImpl (RaftServerImpl.java:<init>(95)) - 51b30148-b788-4294-9eff-4cb6628afcd4: new RaftServerImpl for group-77CD8149E602:[51b30148-b788-4294-9eff-4cb6628afcd4:192.168.164.230:37349] with ContainerStateMachine:uninitialized
2019-10-01 03:10:19,984 [pool-77-thread-1] INFO  server.RaftServerConfigKeys (ConfUtils.java:logGet(43)) - raft.server.rpc.timeout.min = 1s (custom)
2019-10-01 03:10:19,984 [pool-77-thread-1] INFO  server.RaftServerConfigKeys (ConfUtils.java:logGet(43)) - raft.server.rpc.timeout.max = 1200ms (custom)
2019-10-01 03:10:19,984 [pool-77-thread-1] INFO  server.RaftServerConfigKeys (ConfUtils.java:logGet(43)) - raft.server.rpcslowness.timeout = 120s (custom)
2019-10-01 03:10:19,984 [pool-77-thread-1] INFO  server.RaftServerConfigKeys (ConfUtils.java:logGet(43)) - raft.server.sleep.deviation.threshold = 300 (default)
2019-10-01 03:10:19,984 [pool-77-thread-1] INFO  server.RaftServerConfigKeys (ConfUtils.java:logGet(43)) - raft.server.log.appender.install.snapshot.enabled = false (custom)
2019-10-01 03:10:19,984 [pool-77-thread-1] INFO  impl.RaftServerImpl (ServerState.java:<init>(103)) - 51b30148-b788-4294-9eff-4cb6628afcd4@group-77CD8149E602: ConfigurationManager, init=-1: [51b30148-b788-4294-9eff-4cb6628afcd4:192.168.164.230:37349], old=null, confs=<EMPTY_MAP>
2019-10-01 03:10:19,984 [pool-57-thread-1] INFO  impl.RaftServerImpl (RaftServerImpl.java:<init>(95)) - a031d7a8-9ba6-4a5b-9c1d-66af4bb6a471: new RaftServerImpl for group-753693F63136:[51b30148-b788-4294-9eff-4cb6628afcd4:192.168.164.230:37349, a031d7a8-9ba6-4a5b-9c1d-66af4bb6a471:192.168.164.230:40684, 171ec4d4-096c-4a48-9c09-f13db5b98943:192.168.164.230:32787] with ContainerStateMachine:uninitialized
2019-10-01 03:10:19,984 [pool-77-thread-1] INFO  server.RaftServerConfigKeys (ConfUtils.java:logGet(43)) - raft.server.storage.dir = [/workdir/hadoop-ozone/integration-test/target/test-dir/MiniOzoneClusterImpl-40f9f9a2-8720-4028-b159-c2d159133293/datanode-5/data/ratis] (custom)
2019-10-01 03:10:19,985 [pool-57-thread-1] INFO  server.RaftServerConfigKeys (ConfUtils.java:logGet(43)) - raft.server.rpc.timeout.min = 1s (custom)
2019-10-01 03:10:19,985 [pool-77-thread-1] INFO  server.RaftServerConfigKeys (ConfUtils.java:logGet(43)) - raft.server.log.corruption.policy = EXCEPTION (default)
2019-10-01 03:10:19,985 [pool-57-thread-1] INFO  server.RaftServerConfigKeys (ConfUtils.java:logGet(43)) - raft.server.rpc.timeout.max = 1200ms (custom)
2019-10-01 03:10:19,985 [pool-77-thread-1] INFO  storage.RaftStorageDirectory (RaftStorageDirectory.java:analyzeStorage(246)) - The storage directory /workdir/hadoop-ozone/integration-test/target/test-dir/MiniOzoneClusterImpl-40f9f9a2-8720-4028-b159-c2d159133293/datanode-5/data/ratis/fa009126-61e7-4ed3-a419-77cd8149e602 does not exist. Creating ...
2019-10-01 03:10:19,985 [pool-57-thread-1] INFO  server.RaftServerConfigKeys (ConfUtils.java:logGet(43)) - raft.server.rpcslowness.timeout = 120s (custom)
2019-10-01 03:10:19,985 [pool-57-thread-1] INFO  server.RaftServerConfigKeys (ConfUtils.java:logGet(43)) - raft.server.sleep.deviation.threshold = 300 (default)
2019-10-01 03:10:19,985 [pool-57-thread-1] INFO  server.RaftServerConfigKeys (ConfUtils.java:logGet(43)) - raft.server.log.appender.install.snapshot.enabled = false (custom)
2019-10-01 03:10:19,986 [pool-57-thread-1] INFO  impl.RaftServerImpl (ServerState.java:<init>(103)) - a031d7a8-9ba6-4a5b-9c1d-66af4bb6a471@group-753693F63136: ConfigurationManager, init=-1: [51b30148-b788-4294-9eff-4cb6628afcd4:192.168.164.230:37349, a031d7a8-9ba6-4a5b-9c1d-66af4bb6a471:192.168.164.230:40684, 171ec4d4-096c-4a48-9c09-f13db5b98943:192.168.164.230:32787], old=null, confs=<EMPTY_MAP>
2019-10-01 03:10:19,986 [pool-57-thread-1] INFO  server.RaftServerConfigKeys (ConfUtils.java:logGet(43)) - raft.server.storage.dir = [/workdir/hadoop-ozone/integration-test/target/test-dir/MiniOzoneClusterImpl-40f9f9a2-8720-4028-b159-c2d159133293/datanode-3/data/ratis] (custom)
2019-10-01 03:10:19,986 [pool-57-thread-1] INFO  server.RaftServerConfigKeys (ConfUtils.java:logGet(43)) - raft.server.log.corruption.policy = EXCEPTION (default)
2019-10-01 03:10:19,986 [pool-57-thread-1] INFO  storage.RaftStorageDirectory (RaftStorageDirectory.java:analyzeStorage(246)) - The storage directory /workdir/hadoop-ozone/integration-test/target/test-dir/MiniOzoneClusterImpl-40f9f9a2-8720-4028-b159-c2d159133293/datanode-3/data/ratis/6edf1f1e-3236-4503-857b-753693f63136 does not exist. Creating ...
2019-10-01 03:10:20,727 [pool-57-thread-1] INFO  storage.RaftStorageDirectory (RaftStorageDirectory.java:tryLock(328)) - Lock on /workdir/hadoop-ozone/integration-test/target/test-dir/MiniOzoneClusterImpl-40f9f9a2-8720-4028-b159-c2d159133293/datanode-3/data/ratis/6edf1f1e-3236-4503-857b-753693f63136/in_use.lock acquired by nodename 6751@pr-hdds-1984-288rd-2703005633
2019-10-01 03:10:20,727 [pool-77-thread-1] INFO  storage.RaftStorageDirectory (RaftStorageDirectory.java:tryLock(328)) - Lock on /workdir/hadoop-ozone/integration-test/target/test-dir/MiniOzoneClusterImpl-40f9f9a2-8720-4028-b159-c2d159133293/datanode-5/data/ratis/fa009126-61e7-4ed3-a419-77cd8149e602/in_use.lock acquired by nodename 6751@pr-hdds-1984-288rd-2703005633
2019-10-01 03:10:20,727 [pool-27-thread-1] INFO  storage.RaftStorageDirectory (RaftStorageDirectory.java:tryLock(328)) - Lock on /workdir/hadoop-ozone/integration-test/target/test-dir/MiniOzoneClusterImpl-40f9f9a2-8720-4028-b159-c2d159133293/datanode-0/data/ratis/6edf1f1e-3236-4503-857b-753693f63136/in_use.lock acquired by nodename 6751@pr-hdds-1984-288rd-2703005633
2019-10-01 03:10:20,776 [pool-77-thread-1] INFO  storage.RaftStorage (RaftStorage.java:format(84)) - Storage directory /workdir/hadoop-ozone/integration-test/target/test-dir/MiniOzoneClusterImpl-40f9f9a2-8720-4028-b159-c2d159133293/datanode-5/data/ratis/fa009126-61e7-4ed3-a419-77cd8149e602 has been successfully formatted.
2019-10-01 03:10:20,776 [pool-27-thread-1] INFO  storage.RaftStorage (RaftStorage.java:format(84)) - Storage directory /workdir/hadoop-ozone/integration-test/target/test-dir/MiniOzoneClusterImpl-40f9f9a2-8720-4028-b159-c2d159133293/datanode-0/data/ratis/6edf1f1e-3236-4503-857b-753693f63136 has been successfully formatted.
2019-10-01 03:10:20,776 [pool-57-thread-1] INFO  storage.RaftStorage (RaftStorage.java:format(84)) - Storage directory /workdir/hadoop-ozone/integration-test/target/test-dir/MiniOzoneClusterImpl-40f9f9a2-8720-4028-b159-c2d159133293/datanode-3/data/ratis/6edf1f1e-3236-4503-857b-753693f63136 has been successfully formatted.
2019-10-01 03:10:20,777 [pool-77-thread-1] INFO  ratis.ContainerStateMachine (ContainerStateMachine.java:loadSnapshot(230)) - group-77CD8149E602: The snapshot info is null. Setting the last applied indexto:(t:0, i:~)
2019-10-01 03:10:20,777 [pool-27-thread-1] INFO  ratis.ContainerStateMachine (ContainerStateMachine.java:loadSnapshot(230)) - group-753693F63136: The snapshot info is null. Setting the last applied indexto:(t:0, i:~)
2019-10-01 03:10:20,777 [pool-77-thread-1] INFO  server.RaftServerConfigKeys (ConfUtils.java:logGet(43)) - raft.server.notification.no-leader.timeout = 120s (custom)
2019-10-01 03:10:20,777 [pool-57-thread-1] INFO  ratis.ContainerStateMachine (ContainerStateMachine.java:loadSnapshot(230)) - group-753693F63136: The snapshot info is null. Setting the last applied indexto:(t:0, i:~)
2019-10-01 03:10:20,777 [pool-77-thread-1] INFO  server.RaftServerConfigKeys (ConfUtils.java:logGet(43)) - raft.server.log.use.memory = false (default)
2019-10-01 03:10:20,777 [pool-27-thread-1] INFO  server.RaftServerConfigKeys (ConfUtils.java:logGet(43)) - raft.server.notification.no-leader.timeout = 120s (custom)
2019-10-01 03:10:20,778 [pool-77-thread-1] INFO  server.RaftServerConfigKeys (ConfUtils.java:logGet(43)) - raft.server.log.purge.gap = 1000000 (custom)
2019-10-01 03:10:20,778 [pool-57-thread-1] INFO  server.RaftServerConfigKeys (ConfUtils.java:logGet(43)) - raft.server.notification.no-leader.timeout = 120s (custom)
2019-10-01 03:10:20,778 [pool-77-thread-1] INFO  server.RaftServerConfigKeys (ConfUtils.java:logGet(43)) - raft.server.log.appender.buffer.byte-limit = 33554432 (custom)
2019-10-01 03:10:20,778 [pool-27-thread-1] INFO  server.RaftServerConfigKeys (ConfUtils.java:logGet(43)) - raft.server.log.use.memory = false (default)
2019-10-01 03:10:20,779 [pool-77-thread-1] INFO  server.RaftServerConfigKeys (ConfUtils.java:logGet(43)) - raft.server.log.segment.size.max = 1048576 (custom)
2019-10-01 03:10:20,778 [pool-57-thread-1] INFO  server.RaftServerConfigKeys (ConfUtils.java:logGet(43)) - raft.server.log.use.memory = false (default)
2019-10-01 03:10:20,779 [pool-77-thread-1] INFO  server.RaftServerConfigKeys (ConfUtils.java:logGet(43)) - raft.server.log.segment.cache.num.max = 2 (custom)
2019-10-01 03:10:20,779 [pool-27-thread-1] INFO  server.RaftServerConfigKeys (ConfUtils.java:logGet(43)) - raft.server.log.purge.gap = 1000000 (custom)
2019-10-01 03:10:20,779 [pool-77-thread-1] INFO  segmented.SegmentedRaftLogWorker (SegmentedRaftLogWorker.java:<init>(173)) - new 51b30148-b788-4294-9eff-4cb6628afcd4@group-77CD8149E602-SegmentedRaftLogWorker for RaftStorage:Storage Directory /workdir/hadoop-ozone/integration-test/target/test-dir/MiniOzoneClusterImpl-40f9f9a2-8720-4028-b159-c2d159133293/datanode-5/data/ratis/fa009126-61e7-4ed3-a419-77cd8149e602
2019-10-01 03:10:20,779 [pool-57-thread-1] INFO  server.RaftServerConfigKeys (ConfUtils.java:logGet(43)) - raft.server.log.purge.gap = 1000000 (custom)
2019-10-01 03:10:20,780 [pool-77-thread-1] INFO  server.RaftServerConfigKeys (ConfUtils.java:logGet(43)) - raft.server.log.queue.byte-limit = 2147483647 (custom)
2019-10-01 03:10:20,779 [pool-27-thread-1] INFO  server.RaftServerConfigKeys (ConfUtils.java:logGet(43)) - raft.server.log.appender.buffer.byte-limit = 33554432 (custom)
2019-10-01 03:10:20,780 [pool-77-thread-1] INFO  server.RaftServerConfigKeys (ConfUtils.java:logGet(43)) - raft.server.log.queue.element-limit = 1024 (custom)
2019-10-01 03:10:20,780 [pool-57-thread-1] INFO  server.RaftServerConfigKeys (ConfUtils.java:logGet(43)) - raft.server.log.appender.buffer.byte-limit = 33554432 (custom)
2019-10-01 03:10:20,780 [pool-77-thread-1] INFO  server.RaftServerConfigKeys (ConfUtils.java:logGet(43)) - raft.server.log.segment.size.max = 1048576 (custom)
2019-10-01 03:10:20,780 [pool-27-thread-1] INFO  server.RaftServerConfigKeys (ConfUtils.java:logGet(43)) - raft.server.log.segment.size.max = 1048576 (custom)
2019-10-01 03:10:20,781 [pool-77-thread-1] INFO  server.RaftServerConfigKeys (ConfUtils.java:logGet(43)) - raft.server.log.preallocated.size = 16384 (custom)
2019-10-01 03:10:20,781 [pool-57-thread-1] INFO  server.RaftServerConfigKeys (ConfUtils.java:logGet(43)) - raft.server.log.segment.size.max = 1048576 (custom)
2019-10-01 03:10:20,781 [pool-77-thread-1] INFO  server.RaftServerConfigKeys (ConfUtils.java:logGet(43)) - raft.server.log.write.buffer.size = 33554432 (custom)
2019-10-01 03:10:20,781 [pool-27-thread-1] INFO  server.RaftServerConfigKeys (ConfUtils.java:logGet(43)) - raft.server.log.segment.cache.num.max = 2 (custom)
2019-10-01 03:10:20,781 [pool-77-thread-1] INFO  server.RaftServerConfigKeys (ConfUtils.java:logGet(43)) - raft.server.log.force.sync.num = 128 (default)
2019-10-01 03:10:20,781 [pool-57-thread-1] INFO  server.RaftServerConfigKeys (ConfUtils.java:logGet(43)) - raft.server.log.segment.cache.num.max = 2 (custom)
2019-10-01 03:10:20,782 [pool-77-thread-1] INFO  server.RaftServerConfigKeys (ConfUtils.java:logGet(43)) - raft.server.log.statemachine.data.sync = true (default)
2019-10-01 03:10:20,782 [pool-27-thread-1] INFO  segmented.SegmentedRaftLogWorker (SegmentedRaftLogWorker.java:<init>(173)) - new 171ec4d4-096c-4a48-9c09-f13db5b98943@group-753693F63136-SegmentedRaftLogWorker for RaftStorage:Storage Directory /workdir/hadoop-ozone/integration-test/target/test-dir/MiniOzoneClusterImpl-40f9f9a2-8720-4028-b159-c2d159133293/datanode-0/data/ratis/6edf1f1e-3236-4503-857b-753693f63136
2019-10-01 03:10:20,782 [pool-77-thread-1] INFO  server.RaftServerConfigKeys (ConfUtils.java:logGet(43)) - raft.server.log.statemachine.data.sync.timeout = 10s (default)
2019-10-01 03:10:20,782 [pool-57-thread-1] INFO  segmented.SegmentedRaftLogWorker (SegmentedRaftLogWorker.java:<init>(173)) - new a031d7a8-9ba6-4a5b-9c1d-66af4bb6a471@group-753693F63136-SegmentedRaftLogWorker for RaftStorage:Storage Directory /workdir/hadoop-ozone/integration-test/target/test-dir/MiniOzoneClusterImpl-40f9f9a2-8720-4028-b159-c2d159133293/datanode-3/data/ratis/6edf1f1e-3236-4503-857b-753693f63136
2019-10-01 03:10:20,782 [pool-77-thread-1] INFO  server.RaftServerConfigKeys (ConfUtils.java:logGet(43)) - raft.server.log.statemachine.data.sync.timeout.retry = -1 (default)
2019-10-01 03:10:20,782 [pool-27-thread-1] INFO  server.RaftServerConfigKeys (ConfUtils.java:logGet(43)) - raft.server.log.queue.byte-limit = 2147483647 (custom)
2019-10-01 03:10:20,783 [pool-57-thread-1] INFO  server.RaftServerConfigKeys (ConfUtils.java:logGet(43)) - raft.server.log.queue.byte-limit = 2147483647 (custom)
2019-10-01 03:10:20,783 [pool-77-thread-1] INFO  server.RaftServerConfigKeys (ConfUtils.java:logGet(43)) - raft.server.log.statemachine.data.caching.enabled = true (custom)
2019-10-01 03:10:20,783 [pool-27-thread-1] INFO  server.RaftServerConfigKeys (ConfUtils.java:logGet(43)) - raft.server.log.queue.element-limit = 1024 (custom)
2019-10-01 03:10:20,783 [pool-57-thread-1] INFO  server.RaftServerConfigKeys (ConfUtils.java:logGet(43)) - raft.server.log.queue.element-limit = 1024 (custom)
2019-10-01 03:10:20,784 [pool-77-thread-1] INFO  segmented.SegmentedRaftLogWorker (SegmentedRaftLogWorker.java:lambda$new$0(128)) - 51b30148-b788-4294-9eff-4cb6628afcd4@group-77CD8149E602-SegmentedRaftLogWorker: flushIndex: setUnconditionally 0 -> -1
2019-10-01 03:10:20,784 [pool-27-thread-1] INFO  server.RaftServerConfigKeys (ConfUtils.java:logGet(43)) - raft.server.log.segment.size.max = 1048576 (custom)
2019-10-01 03:10:20,784 [pool-57-thread-1] INFO  server.RaftServerConfigKeys (ConfUtils.java:logGet(43)) - raft.server.log.segment.size.max = 1048576 (custom)
2019-10-01 03:10:20,784 [pool-77-thread-1] INFO  server.RaftServerConfigKeys (ConfUtils.java:logGet(43)) - raft.server.snapshot.auto.trigger.enabled = true (custom)
2019-10-01 03:10:20,784 [pool-27-thread-1] INFO  server.RaftServerConfigKeys (ConfUtils.java:logGet(43)) - raft.server.log.preallocated.size = 16384 (custom)
2019-10-01 03:10:20,785 [pool-77-thread-1] INFO  server.RaftServerConfigKeys (ConfUtils.java:logGet(43)) - raft.server.snapshot.auto.trigger.threshold = 10000 (custom)
2019-10-01 03:10:20,785 [pool-77-thread-1] INFO  server.RaftServerConfigKeys (ConfUtils.java:logGet(43)) - raft.server.snapshot.retention.file.num = 5 (custom)
2019-10-01 03:10:20,784 [pool-57-thread-1] INFO  server.RaftServerConfigKeys (ConfUtils.java:logGet(43)) - raft.server.log.preallocated.size = 16384 (custom)
2019-10-01 03:10:20,785 [pool-77-thread-1] INFO  server.RaftServerConfigKeys (ConfUtils.java:logGet(43)) - raft.server.retrycache.expirytime = 600000ms (custom)
2019-10-01 03:10:20,785 [pool-27-thread-1] INFO  server.RaftServerConfigKeys (ConfUtils.java:logGet(43)) - raft.server.log.write.buffer.size = 33554432 (custom)
2019-10-01 03:10:20,785 [pool-57-thread-1] INFO  server.RaftServerConfigKeys (ConfUtils.java:logGet(43)) - raft.server.log.write.buffer.size = 33554432 (custom)
2019-10-01 03:10:20,786 [pool-27-thread-1] INFO  server.RaftServerConfigKeys (ConfUtils.java:logGet(43)) - raft.server.log.force.sync.num = 128 (default)
2019-10-01 03:10:20,786 [pool-57-thread-1] INFO  server.RaftServerConfigKeys (ConfUtils.java:logGet(43)) - raft.server.log.force.sync.num = 128 (default)
2019-10-01 03:10:20,786 [pool-27-thread-1] INFO  server.RaftServerConfigKeys (ConfUtils.java:logGet(43)) - raft.server.log.statemachine.data.sync = true (default)
2019-10-01 03:10:20,786 [pool-57-thread-1] INFO  server.RaftServerConfigKeys (ConfUtils.java:logGet(43)) - raft.server.log.statemachine.data.sync = true (default)
2019-10-01 03:10:20,787 [pool-27-thread-1] INFO  server.RaftServerConfigKeys (ConfUtils.java:logGet(43)) - raft.server.log.statemachine.data.sync.timeout = 10s (default)
2019-10-01 03:10:20,787 [pool-57-thread-1] INFO  server.RaftServerConfigKeys (ConfUtils.java:logGet(43)) - raft.server.log.statemachine.data.sync.timeout = 10s (default)
2019-10-01 03:10:20,787 [pool-27-thread-1] INFO  server.RaftServerConfigKeys (ConfUtils.java:logGet(43)) - raft.server.log.statemachine.data.sync.timeout.retry = -1 (default)
2019-10-01 03:10:20,787 [pool-57-thread-1] INFO  server.RaftServerConfigKeys (ConfUtils.java:logGet(43)) - raft.server.log.statemachine.data.sync.timeout.retry = -1 (default)
2019-10-01 03:10:20,787 [pool-27-thread-1] INFO  server.RaftServerConfigKeys (ConfUtils.java:logGet(43)) - raft.server.log.statemachine.data.caching.enabled = true (custom)
2019-10-01 03:10:20,788 [pool-57-thread-1] INFO  server.RaftServerConfigKeys (ConfUtils.java:logGet(43)) - raft.server.log.statemachine.data.caching.enabled = true (custom)
2019-10-01 03:10:20,788 [pool-27-thread-1] INFO  segmented.SegmentedRaftLogWorker (SegmentedRaftLogWorker.java:lambda$new$0(128)) - 171ec4d4-096c-4a48-9c09-f13db5b98943@group-753693F63136-SegmentedRaftLogWorker: flushIndex: setUnconditionally 0 -> -1
2019-10-01 03:10:20,788 [pool-57-thread-1] INFO  segmented.SegmentedRaftLogWorker (SegmentedRaftLogWorker.java:lambda$new$0(128)) - a031d7a8-9ba6-4a5b-9c1d-66af4bb6a471@group-753693F63136-SegmentedRaftLogWorker: flushIndex: setUnconditionally 0 -> -1
2019-10-01 03:10:20,789 [pool-27-thread-1] INFO  server.RaftServerConfigKeys (ConfUtils.java:logGet(43)) - raft.server.snapshot.auto.trigger.enabled = true (custom)
2019-10-01 03:10:20,789 [pool-57-thread-1] INFO  server.RaftServerConfigKeys (ConfUtils.java:logGet(43)) - raft.server.snapshot.auto.trigger.enabled = true (custom)
2019-10-01 03:10:20,789 [pool-27-thread-1] INFO  server.RaftServerConfigKeys (ConfUtils.java:logGet(43)) - raft.server.snapshot.auto.trigger.threshold = 10000 (custom)
2019-10-01 03:10:20,789 [pool-57-thread-1] INFO  server.RaftServerConfigKeys (ConfUtils.java:logGet(43)) - raft.server.snapshot.auto.trigger.threshold = 10000 (custom)
2019-10-01 03:10:20,789 [pool-27-thread-1] INFO  server.RaftServerConfigKeys (ConfUtils.java:logGet(43)) - raft.server.snapshot.retention.file.num = 5 (custom)
2019-10-01 03:10:20,789 [pool-57-thread-1] INFO  server.RaftServerConfigKeys (ConfUtils.java:logGet(43)) - raft.server.snapshot.retention.file.num = 5 (custom)
2019-10-01 03:10:20,789 [pool-27-thread-1] INFO  server.RaftServerConfigKeys (ConfUtils.java:logGet(43)) - raft.server.retrycache.expirytime = 600000ms (custom)
2019-10-01 03:10:20,790 [pool-57-thread-1] INFO  server.RaftServerConfigKeys (ConfUtils.java:logGet(43)) - raft.server.retrycache.expirytime = 600000ms (custom)
2019-10-01 03:10:20,792 [pool-77-thread-1] INFO  impl.RaftServerImpl (RaftServerImpl.java:<init>(95)) - 51b30148-b788-4294-9eff-4cb6628afcd4: new RaftServerImpl for group-3D56E6EA5DF8:[51b30148-b788-4294-9eff-4cb6628afcd4:192.168.164.230:37349, a031d7a8-9ba6-4a5b-9c1d-66af4bb6a471:192.168.164.230:40684, 171ec4d4-096c-4a48-9c09-f13db5b98943:192.168.164.230:32787] with ContainerStateMachine:uninitialized
2019-10-01 03:10:20,792 [pool-77-thread-1] INFO  server.RaftServerConfigKeys (ConfUtils.java:logGet(43)) - raft.server.rpc.timeout.min = 1s (custom)
2019-10-01 03:10:20,793 [pool-77-thread-1] INFO  server.RaftServerConfigKeys (ConfUtils.java:logGet(43)) - raft.server.rpc.timeout.max = 1200ms (custom)
2019-10-01 03:10:20,793 [pool-77-thread-1] INFO  server.RaftServerConfigKeys (ConfUtils.java:logGet(43)) - raft.server.rpcslowness.timeout = 120s (custom)
2019-10-01 03:10:20,793 [pool-77-thread-1] INFO  server.RaftServerConfigKeys (ConfUtils.java:logGet(43)) - raft.server.sleep.deviation.threshold = 300 (default)
2019-10-01 03:10:20,793 [pool-77-thread-1] INFO  server.RaftServerConfigKeys (ConfUtils.java:logGet(43)) - raft.server.log.appender.install.snapshot.enabled = false (custom)
2019-10-01 03:10:20,793 [pool-77-thread-1] INFO  impl.RaftServerImpl (ServerState.java:<init>(103)) - 51b30148-b788-4294-9eff-4cb6628afcd4@group-3D56E6EA5DF8: ConfigurationManager, init=-1: [51b30148-b788-4294-9eff-4cb6628afcd4:192.168.164.230:37349, a031d7a8-9ba6-4a5b-9c1d-66af4bb6a471:192.168.164.230:40684, 171ec4d4-096c-4a48-9c09-f13db5b98943:192.168.164.230:32787], old=null, confs=<EMPTY_MAP>
2019-10-01 03:10:20,794 [pool-77-thread-1] INFO  server.RaftServerConfigKeys (ConfUtils.java:logGet(43)) - raft.server.storage.dir = [/workdir/hadoop-ozone/integration-test/target/test-dir/MiniOzoneClusterImpl-40f9f9a2-8720-4028-b159-c2d159133293/datanode-5/data/ratis] (custom)
2019-10-01 03:10:20,794 [pool-27-thread-1] INFO  impl.RaftServerImpl (RaftServerImpl.java:start(181)) - 171ec4d4-096c-4a48-9c09-f13db5b98943@group-88ECB6BAD877: start as a follower, conf=-1: [51b30148-b788-4294-9eff-4cb6628afcd4:192.168.164.230:37349, a031d7a8-9ba6-4a5b-9c1d-66af4bb6a471:192.168.164.230:40684, 171ec4d4-096c-4a48-9c09-f13db5b98943:192.168.164.230:32787], old=null
2019-10-01 03:10:20,794 [pool-77-thread-1] INFO  server.RaftServerConfigKeys (ConfUtils.java:logGet(43)) - raft.server.log.corruption.policy = EXCEPTION (default)
2019-10-01 03:10:20,795 [pool-27-thread-1] INFO  impl.RaftServerImpl (RaftServerImpl.java:setRole(170)) - 171ec4d4-096c-4a48-9c09-f13db5b98943@group-88ECB6BAD877: changes role from      null to FOLLOWER at term 0 for startAsFollower
2019-10-01 03:10:20,795 [pool-57-thread-1] INFO  impl.RaftServerImpl (RaftServerImpl.java:start(181)) - a031d7a8-9ba6-4a5b-9c1d-66af4bb6a471@group-88ECB6BAD877: start as a follower, conf=-1: [51b30148-b788-4294-9eff-4cb6628afcd4:192.168.164.230:37349, a031d7a8-9ba6-4a5b-9c1d-66af4bb6a471:192.168.164.230:40684, 171ec4d4-096c-4a48-9c09-f13db5b98943:192.168.164.230:32787], old=null
2019-10-01 03:10:20,795 [pool-27-thread-1] INFO  impl.RoleInfo (RoleInfo.java:updateAndGet(143)) - 171ec4d4-096c-4a48-9c09-f13db5b98943: start FollowerState
2019-10-01 03:10:20,795 [pool-77-thread-1] INFO  storage.RaftStorageDirectory (RaftStorageDirectory.java:analyzeStorage(246)) - The storage directory /workdir/hadoop-ozone/integration-test/target/test-dir/MiniOzoneClusterImpl-40f9f9a2-8720-4028-b159-c2d159133293/datanode-5/data/ratis/f717e20a-c5cb-411d-b477-3d56e6ea5df8 does not exist. Creating ...
2019-10-01 03:10:20,795 [pool-57-thread-1] INFO  impl.RaftServerImpl (RaftServerImpl.java:setRole(170)) - a031d7a8-9ba6-4a5b-9c1d-66af4bb6a471@group-88ECB6BAD877: changes role from      null to FOLLOWER at term 0 for startAsFollower
2019-10-01 03:10:20,795 [pool-57-thread-1] INFO  impl.RoleInfo (RoleInfo.java:updateAndGet(143)) - a031d7a8-9ba6-4a5b-9c1d-66af4bb6a471: start FollowerState
2019-10-01 03:10:20,796 [pool-27-thread-1] INFO  util.JmxRegister (JmxRegister.java:tryRegister(44)) - Successfully registered JMX Bean with object name Ratis:service=RaftServer,group=group-88ECB6BAD877,id=171ec4d4-096c-4a48-9c09-f13db5b98943
2019-10-01 03:10:20,796 [pool-57-thread-1] INFO  util.JmxRegister (JmxRegister.java:tryRegister(44)) - Successfully registered JMX Bean with object name Ratis:service=RaftServer,group=group-88ECB6BAD877,id=a031d7a8-9ba6-4a5b-9c1d-66af4bb6a471
2019-10-01 03:10:20,804 [pool-27-thread-1] INFO  impl.RaftServerImpl (RaftServerImpl.java:start(181)) - 171ec4d4-096c-4a48-9c09-f13db5b98943@group-3D56E6EA5DF8: start as a follower, conf=-1: [51b30148-b788-4294-9eff-4cb6628afcd4:192.168.164.230:37349, a031d7a8-9ba6-4a5b-9c1d-66af4bb6a471:192.168.164.230:40684, 171ec4d4-096c-4a48-9c09-f13db5b98943:192.168.164.230:32787], old=null
2019-10-01 03:10:20,804 [pool-57-thread-1] INFO  impl.RaftServerImpl (RaftServerImpl.java:start(181)) - a031d7a8-9ba6-4a5b-9c1d-66af4bb6a471@group-3D56E6EA5DF8: start as a follower, conf=-1: [51b30148-b788-4294-9eff-4cb6628afcd4:192.168.164.230:37349, a031d7a8-9ba6-4a5b-9c1d-66af4bb6a471:192.168.164.230:40684, 171ec4d4-096c-4a48-9c09-f13db5b98943:192.168.164.230:32787], old=null
2019-10-01 03:10:20,804 [pool-27-thread-1] INFO  impl.RaftServerImpl (RaftServerImpl.java:setRole(170)) - 171ec4d4-096c-4a48-9c09-f13db5b98943@group-3D56E6EA5DF8: changes role from      null to FOLLOWER at term 0 for startAsFollower
2019-10-01 03:10:20,804 [pool-57-thread-1] INFO  impl.RaftServerImpl (RaftServerImpl.java:setRole(170)) - a031d7a8-9ba6-4a5b-9c1d-66af4bb6a471@group-3D56E6EA5DF8: changes role from      null to FOLLOWER at term 0 for startAsFollower
2019-10-01 03:10:20,804 [pool-27-thread-1] INFO  impl.RoleInfo (RoleInfo.java:updateAndGet(143)) - 171ec4d4-096c-4a48-9c09-f13db5b98943: start FollowerState
2019-10-01 03:10:20,804 [pool-57-thread-1] INFO  impl.RoleInfo (RoleInfo.java:updateAndGet(143)) - a031d7a8-9ba6-4a5b-9c1d-66af4bb6a471: start FollowerState
2019-10-01 03:10:20,805 [pool-27-thread-1] INFO  util.JmxRegister (JmxRegister.java:tryRegister(44)) - Successfully registered JMX Bean with object name Ratis:service=RaftServer,group=group-3D56E6EA5DF8,id=171ec4d4-096c-4a48-9c09-f13db5b98943
2019-10-01 03:10:20,805 [pool-57-thread-1] INFO  util.JmxRegister (JmxRegister.java:tryRegister(44)) - Successfully registered JMX Bean with object name Ratis:service=RaftServer,group=group-3D56E6EA5DF8,id=a031d7a8-9ba6-4a5b-9c1d-66af4bb6a471
2019-10-01 03:10:20,810 [pool-27-thread-1] INFO  impl.RaftServerImpl (RaftServerImpl.java:start(181)) - 171ec4d4-096c-4a48-9c09-f13db5b98943@group-753693F63136: start as a follower, conf=-1: [51b30148-b788-4294-9eff-4cb6628afcd4:192.168.164.230:37349, a031d7a8-9ba6-4a5b-9c1d-66af4bb6a471:192.168.164.230:40684, 171ec4d4-096c-4a48-9c09-f13db5b98943:192.168.164.230:32787], old=null
2019-10-01 03:10:20,810 [pool-27-thread-1] INFO  impl.RaftServerImpl (RaftServerImpl.java:setRole(170)) - 171ec4d4-096c-4a48-9c09-f13db5b98943@group-753693F63136: changes role from      null to FOLLOWER at term 0 for startAsFollower
2019-10-01 03:10:20,810 [pool-57-thread-1] INFO  impl.RaftServerImpl (RaftServerImpl.java:start(181)) - a031d7a8-9ba6-4a5b-9c1d-66af4bb6a471@group-753693F63136: start as a follower, conf=-1: [51b30148-b788-4294-9eff-4cb6628afcd4:192.168.164.230:37349, a031d7a8-9ba6-4a5b-9c1d-66af4bb6a471:192.168.164.230:40684, 171ec4d4-096c-4a48-9c09-f13db5b98943:192.168.164.230:32787], old=null
2019-10-01 03:10:20,810 [pool-27-thread-1] INFO  impl.RoleInfo (RoleInfo.java:updateAndGet(143)) - 171ec4d4-096c-4a48-9c09-f13db5b98943: start FollowerState
2019-10-01 03:10:20,810 [pool-57-thread-1] INFO  impl.RaftServerImpl (RaftServerImpl.java:setRole(170)) - a031d7a8-9ba6-4a5b-9c1d-66af4bb6a471@group-753693F63136: changes role from      null to FOLLOWER at term 0 for startAsFollower
2019-10-01 03:10:20,810 [pool-57-thread-1] INFO  impl.RoleInfo (RoleInfo.java:updateAndGet(143)) - a031d7a8-9ba6-4a5b-9c1d-66af4bb6a471: start FollowerState
2019-10-01 03:10:20,811 [pool-27-thread-1] INFO  util.JmxRegister (JmxRegister.java:tryRegister(44)) - Successfully registered JMX Bean with object name Ratis:service=RaftServer,group=group-753693F63136,id=171ec4d4-096c-4a48-9c09-f13db5b98943
2019-10-01 03:10:20,811 [pool-57-thread-1] INFO  util.JmxRegister (JmxRegister.java:tryRegister(44)) - Successfully registered JMX Bean with object name Ratis:service=RaftServer,group=group-753693F63136,id=a031d7a8-9ba6-4a5b-9c1d-66af4bb6a471
2019-10-01 03:10:20,955 [RATISCREATEPIPELINE1] ERROR pipeline.RatisPipelineProvider (RatisPipelineProvider.java:lambda$null$5(235)) - Failed invoke Ratis rpc org.apache.hadoop.hdds.scm.pipeline.RatisPipelineProvider$$Lambda$218/1109194915@70cfd00c for 51b30148-b788-4294-9eff-4cb6628afcd4
org.apache.ratis.protocol.TimeoutIOException: deadline exceeded after 2997780414ns
	at org.apache.ratis.grpc.GrpcUtil.tryUnwrapException(GrpcUtil.java:82)
	at org.apache.ratis.grpc.GrpcUtil.unwrapException(GrpcUtil.java:75)
	at org.apache.ratis.grpc.client.GrpcClientProtocolClient.blockingCall(GrpcClientProtocolClient.java:184)
	at org.apache.ratis.grpc.client.GrpcClientProtocolClient.groupAdd(GrpcClientProtocolClient.java:153)
	at org.apache.ratis.grpc.client.GrpcClientRpc.sendRequest(GrpcClientRpc.java:94)
	at org.apache.ratis.client.impl.RaftClientImpl.sendRequest(RaftClientImpl.java:278)
	at org.apache.ratis.client.impl.RaftClientImpl.groupAdd(RaftClientImpl.java:205)
	at org.apache.hadoop.hdds.scm.pipeline.RatisPipelineProvider.lambda$initializePipeline$4(RatisPipelineProvider.java:196)
	at org.apache.hadoop.hdds.scm.pipeline.RatisPipelineProvider.lambda$null$5(RatisPipelineProvider.java:231)
	at java.util.stream.ForEachOps$ForEachOp$OfRef.accept(ForEachOps.java:184)
	at java.util.ArrayList$ArrayListSpliterator.forEachRemaining(ArrayList.java:1382)
	at java.util.stream.AbstractPipeline.copyInto(AbstractPipeline.java:482)
	at java.util.stream.ForEachOps$ForEachTask.compute(ForEachOps.java:291)
	at java.util.concurrent.CountedCompleter.exec(CountedCompleter.java:731)
	at java.util.concurrent.ForkJoinTask.doExec(ForkJoinTask.java:289)
	at java.util.concurrent.ForkJoinTask.doInvoke(ForkJoinTask.java:401)
	at java.util.concurrent.ForkJoinTask.invoke(ForkJoinTask.java:734)
	at java.util.stream.ForEachOps$ForEachOp.evaluateParallel(ForEachOps.java:160)
	at java.util.stream.ForEachOps$ForEachOp$OfRef.evaluateParallel(ForEachOps.java:174)
	at java.util.stream.AbstractPipeline.evaluate(AbstractPipeline.java:233)
	at java.util.stream.ReferencePipeline.forEach(ReferencePipeline.java:418)
	at java.util.stream.ReferencePipeline$Head.forEach(ReferencePipeline.java:583)
	at org.apache.hadoop.hdds.scm.pipeline.RatisPipelineProvider.lambda$callRatisRpc$6(RatisPipelineProvider.java:225)
	at java.util.concurrent.ForkJoinTask$AdaptedRunnableAction.exec(ForkJoinTask.java:1386)
	at java.util.concurrent.ForkJoinTask.doExec(ForkJoinTask.java:289)
	at java.util.concurrent.ForkJoinPool$WorkQueue.runTask(ForkJoinPool.java:1056)
	at java.util.concurrent.ForkJoinPool.runWorker(ForkJoinPool.java:1692)
	at java.util.concurrent.ForkJoinWorkerThread.run(ForkJoinWorkerThread.java:157)
Caused by: org.apache.ratis.thirdparty.io.grpc.StatusRuntimeException: DEADLINE_EXCEEDED: deadline exceeded after 2997780414ns
	at org.apache.ratis.thirdparty.io.grpc.stub.ClientCalls.toStatusRuntimeException(ClientCalls.java:233)
	at org.apache.ratis.thirdparty.io.grpc.stub.ClientCalls.getUnchecked(ClientCalls.java:214)
	at org.apache.ratis.thirdparty.io.grpc.stub.ClientCalls.blockingUnaryCall(ClientCalls.java:139)
	at org.apache.ratis.proto.grpc.AdminProtocolServiceGrpc$AdminProtocolServiceBlockingStub.groupManagement(AdminProtocolServiceGrpc.java:274)
	at org.apache.ratis.grpc.client.GrpcClientProtocolClient.lambda$groupAdd$3(GrpcClientProtocolClient.java:155)
	at org.apache.ratis.grpc.client.GrpcClientProtocolClient.blockingCall(GrpcClientProtocolClient.java:182)
	... 25 more
2019-10-01 03:10:20,960 [IPC Server handler 1 on 44238] WARN  block.BlockManagerImpl (BlockManagerImpl.java:allocateBlock(192)) - Pipeline creation failed for type:RATIS factor:THREE. Retrying get pipelines call once.
java.io.IOException: Failed invoke Ratis rpc org.apache.hadoop.hdds.scm.pipeline.RatisPipelineProvider$$Lambda$218/1109194915@70cfd00c for 51b30148-b788-4294-9eff-4cb6628afcd4
	at org.apache.hadoop.hdds.scm.pipeline.RatisPipelineProvider.lambda$null$5(RatisPipelineProvider.java:236)
	at java.util.stream.ForEachOps$ForEachOp$OfRef.accept(ForEachOps.java:184)
	at java.util.ArrayList$ArrayListSpliterator.forEachRemaining(ArrayList.java:1382)
	at java.util.stream.AbstractPipeline.copyInto(AbstractPipeline.java:482)
	at java.util.stream.ForEachOps$ForEachTask.compute(ForEachOps.java:291)
	at java.util.concurrent.CountedCompleter.exec(CountedCompleter.java:731)
	at java.util.concurrent.ForkJoinTask.doExec(ForkJoinTask.java:289)
	at java.util.concurrent.ForkJoinTask.doInvoke(ForkJoinTask.java:401)
	at java.util.concurrent.ForkJoinTask.invoke(ForkJoinTask.java:734)
	at java.util.stream.ForEachOps$ForEachOp.evaluateParallel(ForEachOps.java:160)
	at java.util.stream.ForEachOps$ForEachOp$OfRef.evaluateParallel(ForEachOps.java:174)
	at java.util.stream.AbstractPipeline.evaluate(AbstractPipeline.java:233)
	at java.util.stream.ReferencePipeline.forEach(ReferencePipeline.java:418)
	at java.util.stream.ReferencePipeline$Head.forEach(ReferencePipeline.java:583)
	at org.apache.hadoop.hdds.scm.pipeline.RatisPipelineProvider.lambda$callRatisRpc$6(RatisPipelineProvider.java:225)
	at java.util.concurrent.ForkJoinTask$AdaptedRunnableAction.exec(ForkJoinTask.java:1386)
	at java.util.concurrent.ForkJoinTask.doExec(ForkJoinTask.java:289)
	at java.util.concurrent.ForkJoinPool$WorkQueue.runTask(ForkJoinPool.java:1056)
	at java.util.concurrent.ForkJoinPool.runWorker(ForkJoinPool.java:1692)
	at java.util.concurrent.ForkJoinWorkerThread.run(ForkJoinWorkerThread.java:157)
Caused by: org.apache.ratis.protocol.TimeoutIOException: deadline exceeded after 2997780414ns
	at org.apache.ratis.grpc.GrpcUtil.tryUnwrapException(GrpcUtil.java:82)
	at org.apache.ratis.grpc.GrpcUtil.unwrapException(GrpcUtil.java:75)
	at org.apache.ratis.grpc.client.GrpcClientProtocolClient.blockingCall(GrpcClientProtocolClient.java:184)
	at org.apache.ratis.grpc.client.GrpcClientProtocolClient.groupAdd(GrpcClientProtocolClient.java:153)
	at org.apache.ratis.grpc.client.GrpcClientRpc.sendRequest(GrpcClientRpc.java:94)
	at org.apache.ratis.client.impl.RaftClientImpl.sendRequest(RaftClientImpl.java:278)
	at org.apache.ratis.client.impl.RaftClientImpl.groupAdd(RaftClientImpl.java:205)
	at org.apache.hadoop.hdds.scm.pipeline.RatisPipelineProvider.lambda$initializePipeline$4(RatisPipelineProvider.java:196)
	at org.apache.hadoop.hdds.scm.pipeline.RatisPipelineProvider.lambda$null$5(RatisPipelineProvider.java:231)
	... 19 more
Caused by: org.apache.ratis.thirdparty.io.grpc.StatusRuntimeException: DEADLINE_EXCEEDED: deadline exceeded after 2997780414ns
	at org.apache.ratis.thirdparty.io.grpc.stub.ClientCalls.toStatusRuntimeException(ClientCalls.java:233)
	at org.apache.ratis.thirdparty.io.grpc.stub.ClientCalls.getUnchecked(ClientCalls.java:214)
	at org.apache.ratis.thirdparty.io.grpc.stub.ClientCalls.blockingUnaryCall(ClientCalls.java:139)
	at org.apache.ratis.proto.grpc.AdminProtocolServiceGrpc$AdminProtocolServiceBlockingStub.groupManagement(AdminProtocolServiceGrpc.java:274)
	at org.apache.ratis.grpc.client.GrpcClientProtocolClient.lambda$groupAdd$3(GrpcClientProtocolClient.java:155)
	at org.apache.ratis.grpc.client.GrpcClientProtocolClient.blockingCall(GrpcClientProtocolClient.java:182)
	... 25 more
2019-10-01 03:10:20,963 [IPC Server handler 1 on 44238] INFO  block.BlockManagerImpl (BlockManagerImpl.java:allocateBlock(198)) - Could not find available pipeline of type:RATIS and factor:THREE even after retrying
2019-10-01 03:10:20,964 [IPC Server handler 1 on 44238] ERROR block.BlockManagerImpl (BlockManagerImpl.java:allocateBlock(222)) - Unable to allocate a block for the size: 800, type: RATIS, factor: THREE
]]></system-out>
    <system-err><![CDATA[ERROR StatusLogger No Log4j 2 configuration file found. Using default configuration (logging only errors to the console), or user programmatically provided configurations. Set system property 'log4j2.debug' to show Log4j 2 internal initialization logging. See https://logging.apache.org/log4j/2.x/manual/configuration.html for instructions on how to configure Log4j 2
]]></system-err>
  </testcase>
  <testcase name="testWatchForCommitWithSmallerTimeoutValue" classname="org.apache.hadoop.ozone.client.rpc.TestWatchForCommit" time="70.752"/>
  <testcase name="testWatchForCommitForRetryfailure" classname="org.apache.hadoop.ozone.client.rpc.TestWatchForCommit" time="70.623"/>
  <testcase name="testWatchForCommitForGroupMismatchException" classname="org.apache.hadoop.ozone.client.rpc.TestWatchForCommit" time="32.31"/>
  <testcase name="test2WayCommitForTimeoutException" classname="org.apache.hadoop.ozone.client.rpc.TestWatchForCommit" time="22.941">
    <error type="java.util.concurrent.TimeoutException">java.util.concurrent.TimeoutException
	at java.util.concurrent.CompletableFuture.timedGet(CompletableFuture.java:1771)
	at java.util.concurrent.CompletableFuture.get(CompletableFuture.java:1915)
	at org.apache.hadoop.hdds.scm.XceiverClientRatis.watchForCommit(XceiverClientRatis.java:298)
	at org.apache.hadoop.ozone.client.rpc.TestWatchForCommit.test2WayCommitForTimeoutException(TestWatchForCommit.java:391)
	at sun.reflect.NativeMethodAccessorImpl.invoke0(Native Method)
	at sun.reflect.NativeMethodAccessorImpl.invoke(NativeMethodAccessorImpl.java:62)
	at sun.reflect.DelegatingMethodAccessorImpl.invoke(DelegatingMethodAccessorImpl.java:43)
	at java.lang.reflect.Method.invoke(Method.java:498)
	at org.junit.runners.model.FrameworkMethod$1.runReflectiveCall(FrameworkMethod.java:47)
	at org.junit.internal.runners.model.ReflectiveCallable.run(ReflectiveCallable.java:12)
	at org.junit.runners.model.FrameworkMethod.invokeExplosively(FrameworkMethod.java:44)
	at org.junit.internal.runners.statements.InvokeMethod.evaluate(InvokeMethod.java:17)
	at org.junit.runners.ParentRunner.runLeaf(ParentRunner.java:271)
	at org.junit.runners.BlockJUnit4ClassRunner.runChild(BlockJUnit4ClassRunner.java:70)
	at org.junit.runners.BlockJUnit4ClassRunner.runChild(BlockJUnit4ClassRunner.java:50)
	at org.junit.runners.ParentRunner$3.run(ParentRunner.java:238)
	at org.junit.runners.ParentRunner$1.schedule(ParentRunner.java:63)
	at org.junit.runners.ParentRunner.runChildren(ParentRunner.java:236)
	at org.junit.runners.ParentRunner.access$000(ParentRunner.java:53)
	at org.junit.runners.ParentRunner$2.evaluate(ParentRunner.java:229)
	at org.junit.runners.ParentRunner.run(ParentRunner.java:309)
	at org.apache.maven.surefire.junit4.JUnit4Provider.execute(JUnit4Provider.java:365)
	at org.apache.maven.surefire.junit4.JUnit4Provider.executeWithRerun(JUnit4Provider.java:273)
	at org.apache.maven.surefire.junit4.JUnit4Provider.executeTestSet(JUnit4Provider.java:238)
	at org.apache.maven.surefire.junit4.JUnit4Provider.invoke(JUnit4Provider.java:159)
	at org.apache.maven.surefire.booter.ForkedBooter.invokeProviderInSameClassLoader(ForkedBooter.java:384)
	at org.apache.maven.surefire.booter.ForkedBooter.runSuitesInProcess(ForkedBooter.java:345)
	at org.apache.maven.surefire.booter.ForkedBooter.execute(ForkedBooter.java:126)
	at org.apache.maven.surefire.booter.ForkedBooter.main(ForkedBooter.java:418)
</error>
    <system-out><![CDATA[2019-10-01 03:13:14,689 [main] WARN  server.ServerUtils (ServerUtils.java:getScmDbDir(145)) - ozone.scm.db.dirs is not configured. We recommend adding this setting. Falling back to ozone.metadata.dirs instead.
2019-10-01 03:13:14,705 [main] WARN  server.ServerUtils (ServerUtils.java:getScmDbDir(145)) - ozone.scm.db.dirs is not configured. We recommend adding this setting. Falling back to ozone.metadata.dirs instead.
2019-10-01 03:13:14,705 [main] WARN  server.ServerUtils (ServerUtils.java:getScmDbDir(145)) - ozone.scm.db.dirs is not configured. We recommend adding this setting. Falling back to ozone.metadata.dirs instead.
2019-10-01 03:13:14,706 [main] INFO  db.DBStoreBuilder (DBStoreBuilder.java:addTable(110)) - using custom profile for table: deletedBlocks
2019-10-01 03:13:14,706 [main] INFO  db.DBStoreBuilder (DBStoreBuilder.java:processTables(161)) - Using default column profile:DBProfile.DISK for Table:deletedBlocks
2019-10-01 03:13:14,706 [main] INFO  db.DBStoreBuilder (DBStoreBuilder.java:addTable(110)) - using custom profile for table: validCerts
2019-10-01 03:13:14,706 [main] INFO  db.DBStoreBuilder (DBStoreBuilder.java:processTables(161)) - Using default column profile:DBProfile.DISK for Table:validCerts
2019-10-01 03:13:14,706 [main] INFO  db.DBStoreBuilder (DBStoreBuilder.java:addTable(110)) - using custom profile for table: revokedCerts
2019-10-01 03:13:14,706 [main] INFO  db.DBStoreBuilder (DBStoreBuilder.java:processTables(161)) - Using default column profile:DBProfile.DISK for Table:revokedCerts
2019-10-01 03:13:14,707 [main] INFO  db.DBStoreBuilder (DBStoreBuilder.java:addTable(110)) - using custom profile for table: default
2019-10-01 03:13:14,707 [main] INFO  db.DBStoreBuilder (DBStoreBuilder.java:processTables(167)) - Using default column profile:DBProfile.DISK for Table:default
2019-10-01 03:13:14,707 [main] INFO  db.DBStoreBuilder (DBStoreBuilder.java:getDbProfile(198)) - Using default options. DBProfile.DISK
2019-10-01 03:13:14,884 [main] INFO  net.NodeSchemaLoader (NodeSchemaLoader.java:loadSchemaFromFile(125)) - Loading file from sun.misc.CompoundEnumeration@5fffb692
2019-10-01 03:13:14,897 [main] INFO  net.NodeSchemaLoader (NodeSchemaLoader.java:loadSchema(171)) - Loading network topology layer schema file
2019-10-01 03:13:14,969 [main] WARN  server.ServerUtils (ServerUtils.java:sanitizeUserArgs(70)) - ozone.scm.stale.node.interval value = 300000 is larger than max = 100000 based on the key value of ozone.scm.heartbeat.thread.interval, reset to the max value 100000.
2019-10-01 03:13:14,969 [main] WARN  server.ServerUtils (ServerUtils.java:sanitizeUserArgs(70)) - ozone.scm.stale.node.interval value = 300000 is larger than max = 100000 based on the key value of ozone.scm.heartbeat.thread.interval, reset to the max value 100000.
2019-10-01 03:13:14,970 [main] INFO  node.SCMNodeManager (SCMNodeManager.java:<init>(114)) - Entering startup safe mode.
2019-10-01 03:13:14,970 [main] INFO  algorithms.ContainerPlacementPolicyFactory (ContainerPlacementPolicyFactory.java:getPolicy(57)) - Create container placement policy of type org.apache.hadoop.hdds.scm.container.placement.algorithms.SCMContainerPlacementRandom
2019-10-01 03:13:14,971 [main] WARN  server.ServerUtils (ServerUtils.java:getScmDbDir(145)) - ozone.scm.db.dirs is not configured. We recommend adding this setting. Falling back to ozone.metadata.dirs instead.
2019-10-01 03:13:15,039 [main] INFO  pipeline.SCMPipelineManager (SCMPipelineManager.java:initializePipelineState(132)) - No pipeline exists in current db
2019-10-01 03:13:15,040 [main] WARN  server.ServerUtils (ServerUtils.java:getScmDbDir(145)) - ozone.scm.db.dirs is not configured. We recommend adding this setting. Falling back to ozone.metadata.dirs instead.
2019-10-01 03:13:15,093 [main] WARN  events.EventQueue (EventQueue.java:fireEvent(183)) - No event handler registered for event TypedEvent{payloadType=SafeModeStatus, name='SafeModeStatus'}
2019-10-01 03:13:15,094 [main] INFO  ipc.CallQueueManager (CallQueueManager.java:<init>(84)) - Using callQueue: class java.util.concurrent.LinkedBlockingQueue, queueCapacity: 2000, scheduler: class org.apache.hadoop.ipc.DefaultRpcScheduler, ipcBackoff: false.
2019-10-01 03:13:15,094 [Socket Reader #1 for port 40736] INFO  ipc.Server (Server.java:run(1074)) - Starting Socket Reader #1 for port 40736
2019-10-01 03:13:15,107 [main] INFO  ipc.CallQueueManager (CallQueueManager.java:<init>(84)) - Using callQueue: class java.util.concurrent.LinkedBlockingQueue, queueCapacity: 2000, scheduler: class org.apache.hadoop.ipc.DefaultRpcScheduler, ipcBackoff: false.
2019-10-01 03:13:15,108 [Socket Reader #1 for port 37549] INFO  ipc.Server (Server.java:run(1074)) - Starting Socket Reader #1 for port 37549
2019-10-01 03:13:15,112 [main] INFO  ipc.CallQueueManager (CallQueueManager.java:<init>(84)) - Using callQueue: class java.util.concurrent.LinkedBlockingQueue, queueCapacity: 2000, scheduler: class org.apache.hadoop.ipc.DefaultRpcScheduler, ipcBackoff: false.
2019-10-01 03:13:15,112 [Socket Reader #1 for port 34923] INFO  ipc.Server (Server.java:run(1074)) - Starting Socket Reader #1 for port 34923
2019-10-01 03:13:15,116 [main] INFO  hdfs.DFSUtil (DFSUtil.java:httpServerTemplateForNNAndJN(1641)) - Starting Web-server for scm at: http://0.0.0.0:0
2019-10-01 03:13:15,117 [main] INFO  server.AuthenticationFilter (AuthenticationFilter.java:constructSecretProvider(240)) - Unable to initialize FileSignerSecretProvider, falling back to use random secrets.
2019-10-01 03:13:15,118 [main] WARN  http.HttpRequestLog (HttpRequestLog.java:getRequestLog(97)) - Jetty request log can only be enabled using Log4j
2019-10-01 03:13:15,119 [main] INFO  http.HttpServer2 (HttpServer2.java:addGlobalFilter(975)) - Added global filter 'safety' (class=org.apache.hadoop.http.HttpServer2$QuotingInputFilter)
2019-10-01 03:13:15,119 [main] INFO  http.HttpServer2 (HttpServer2.java:addFilter(948)) - Added filter static_user_filter (class=org.apache.hadoop.http.lib.StaticUserWebFilter$StaticUserFilter) to context scm
2019-10-01 03:13:15,119 [main] INFO  http.HttpServer2 (HttpServer2.java:addFilter(958)) - Added filter static_user_filter (class=org.apache.hadoop.http.lib.StaticUserWebFilter$StaticUserFilter) to context logs
2019-10-01 03:13:15,119 [main] INFO  http.HttpServer2 (HttpServer2.java:addFilter(958)) - Added filter static_user_filter (class=org.apache.hadoop.http.lib.StaticUserWebFilter$StaticUserFilter) to context static
2019-10-01 03:13:15,121 [main] INFO  server.StorageContainerManager (StorageContainerManager.java:start(770)) - StorageContainerLocationProtocol RPC server is listening at /0.0.0.0:34923
2019-10-01 03:13:15,122 [main] WARN  impl.MetricsConfig (MetricsConfig.java:loadFirst(134)) - Cannot locate configuration: tried hadoop-metrics2-storagecontainermanager.properties,hadoop-metrics2.properties
2019-10-01 03:13:15,123 [main] INFO  impl.MetricsSystemImpl (MetricsSystemImpl.java:startTimer(374)) - Scheduled Metric snapshot period at 10 second(s).
2019-10-01 03:13:15,123 [main] INFO  impl.MetricsSystemImpl (MetricsSystemImpl.java:start(191)) - StorageContainerManager metrics system started
2019-10-01 03:13:15,371 [main] WARN  impl.MetricsSystemImpl (MetricsSystemImpl.java:register(276)) - Sink prometheus already exists!
2019-10-01 03:13:15,763 [main] INFO  server.SCMClientProtocolServer (SCMClientProtocolServer.java:start(150)) - RPC server for Client  is listening at /0.0.0.0:34923
2019-10-01 03:13:15,763 [IPC Server Responder] INFO  ipc.Server (Server.java:run(1314)) - IPC Server Responder: starting
2019-10-01 03:13:15,764 [IPC Server listener on 34923] INFO  ipc.Server (Server.java:run(1153)) - IPC Server listener on 34923: starting
2019-10-01 03:13:15,774 [main] INFO  server.StorageContainerManager (StorageContainerManager.java:start(780)) - ScmBlockLocationProtocol RPC server is listening at /0.0.0.0:37549
2019-10-01 03:13:15,775 [main] INFO  server.SCMBlockProtocolServer (SCMBlockProtocolServer.java:start(146)) - RPC server for Block Protocol is listening at /0.0.0.0:37549
2019-10-01 03:13:15,775 [IPC Server Responder] INFO  ipc.Server (Server.java:run(1314)) - IPC Server Responder: starting
2019-10-01 03:13:15,775 [IPC Server listener on 37549] INFO  ipc.Server (Server.java:run(1153)) - IPC Server listener on 37549: starting
2019-10-01 03:13:15,789 [main] INFO  server.StorageContainerManager (StorageContainerManager.java:start(784)) - ScmDatanodeProtocl RPC server is listening at /0.0.0.0:40736
2019-10-01 03:13:15,790 [main] INFO  server.SCMDatanodeProtocolServer (SCMDatanodeProtocolServer.java:start(191)) - RPC server for DataNodes is listening at /0.0.0.0:40736
2019-10-01 03:13:15,790 [IPC Server Responder] INFO  ipc.Server (Server.java:run(1314)) - IPC Server Responder: starting
2019-10-01 03:13:15,790 [IPC Server listener on 40736] INFO  ipc.Server (Server.java:run(1153)) - IPC Server listener on 40736: starting
2019-10-01 03:13:15,797 [main] INFO  http.HttpServer2 (HttpServer2.java:bindListener(1191)) - Jetty bound to port 46053
2019-10-01 03:13:15,797 [main] INFO  server.Server (Server.java:doStart(351)) - jetty-9.3.25.v20180904, build timestamp: 2018-09-04T21:11:46Z, git hash: 3ce520221d0240229c862b122d2b06c12a625732
2019-10-01 03:13:15,798 [main] INFO  handler.ContextHandler (ContextHandler.java:doStart(781)) - Started o.e.j.s.ServletContextHandler@552fee7a{/logs,file:///workdir/hadoop-ozone/integration-test/target/log,AVAILABLE}
2019-10-01 03:13:15,798 [main] INFO  handler.ContextHandler (ContextHandler.java:doStart(781)) - Started o.e.j.s.ServletContextHandler@67688110{/static,file:///workdir/hadoop-ozone/integration-test/target/test-classes/webapps/static,AVAILABLE}
2019-10-01 03:13:15,801 [main] INFO  handler.ContextHandler (ContextHandler.java:doStart(781)) - Started o.e.j.w.WebAppContext@18709cb2{/,file:///workdir/hadoop-ozone/integration-test/target/test-classes/webapps/scm/,AVAILABLE}{/scm}
2019-10-01 03:13:15,802 [main] INFO  server.AbstractConnector (AbstractConnector.java:doStart(278)) - Started ServerConnector@a90e2c1{HTTP/1.1,[http/1.1]}{0.0.0.0:46053}
2019-10-01 03:13:15,804 [main] INFO  server.Server (Server.java:doStart(419)) - Started @199911ms
2019-10-01 03:13:15,805 [main] WARN  impl.MetricsSystemImpl (MetricsSystemImpl.java:register(276)) - Sink prometheus already exists!
2019-10-01 03:13:15,805 [main] INFO  server.BaseHttpServer (BaseHttpServer.java:updateConnectorAddress(215)) - HTTP server of SCM is listening at http://0.0.0.0:46053
2019-10-01 03:13:15,808 [main] WARN  server.ServerUtils (ServerUtils.java:getDBPath(222)) - ozone.om.db.dirs is not configured. We recommend adding this setting. Falling back to ozone.metadata.dirs instead.
2019-10-01 03:13:15,808 [org.apache.hadoop.util.JvmPauseMonitor$Monitor@370ef50b] INFO  util.JvmPauseMonitor (JvmPauseMonitor.java:run(188)) - Starting JVM pause monitor
2019-10-01 03:13:15,822 [main] WARN  server.ServerUtils (ServerUtils.java:getDBPath(222)) - ozone.om.db.dirs is not configured. We recommend adding this setting. Falling back to ozone.metadata.dirs instead.
2019-10-01 03:13:15,822 [main] WARN  server.ServerUtils (ServerUtils.java:getDBPath(222)) - ozone.om.db.dirs is not configured. We recommend adding this setting. Falling back to ozone.metadata.dirs instead.
2019-10-01 03:13:15,822 [main] INFO  om.OzoneManager (OzoneManager.java:setOMNodeDetails(652)) - OM Service ID is not set. Setting it to the default ID: omServiceIdDefault
2019-10-01 03:13:15,822 [main] INFO  om.OzoneManager (OzoneManager.java:setOMNodeDetails(658)) - OM Node ID is not set. Setting it to the OmStorage's OmID: d503faf3-b942-461b-8c86-e8e87a48bd37
2019-10-01 03:13:15,823 [main] INFO  om.OzoneManager (OzoneManager.java:loadOMHAConfigs(609)) - Found matching OM address with OMServiceId: null, OMNodeId: null, RPC Address: localhost:0 and Ratis port: 9872
2019-10-01 03:13:15,831 [main] WARN  server.ServerUtils (ServerUtils.java:getDBPath(222)) - ozone.om.db.dirs is not configured. We recommend adding this setting. Falling back to ozone.metadata.dirs instead.
2019-10-01 03:13:15,832 [main] INFO  db.DBStoreBuilder (DBStoreBuilder.java:addTable(110)) - using custom profile for table: userTable
2019-10-01 03:13:15,832 [main] INFO  db.DBStoreBuilder (DBStoreBuilder.java:processTables(161)) - Using default column profile:DBProfile.DISK for Table:userTable
2019-10-01 03:13:15,832 [main] INFO  db.DBStoreBuilder (DBStoreBuilder.java:addTable(110)) - using custom profile for table: volumeTable
2019-10-01 03:13:15,832 [main] INFO  db.DBStoreBuilder (DBStoreBuilder.java:processTables(161)) - Using default column profile:DBProfile.DISK for Table:volumeTable
2019-10-01 03:13:15,832 [main] INFO  db.DBStoreBuilder (DBStoreBuilder.java:addTable(110)) - using custom profile for table: bucketTable
2019-10-01 03:13:15,833 [main] INFO  db.DBStoreBuilder (DBStoreBuilder.java:processTables(161)) - Using default column profile:DBProfile.DISK for Table:bucketTable
2019-10-01 03:13:15,833 [main] INFO  db.DBStoreBuilder (DBStoreBuilder.java:addTable(110)) - using custom profile for table: keyTable
2019-10-01 03:13:15,833 [main] INFO  db.DBStoreBuilder (DBStoreBuilder.java:processTables(161)) - Using default column profile:DBProfile.DISK for Table:keyTable
2019-10-01 03:13:15,833 [main] INFO  db.DBStoreBuilder (DBStoreBuilder.java:addTable(110)) - using custom profile for table: deletedTable
2019-10-01 03:13:15,833 [main] INFO  db.DBStoreBuilder (DBStoreBuilder.java:processTables(161)) - Using default column profile:DBProfile.DISK for Table:deletedTable
2019-10-01 03:13:15,833 [main] INFO  db.DBStoreBuilder (DBStoreBuilder.java:addTable(110)) - using custom profile for table: openKeyTable
2019-10-01 03:13:15,834 [main] INFO  db.DBStoreBuilder (DBStoreBuilder.java:processTables(161)) - Using default column profile:DBProfile.DISK for Table:openKeyTable
2019-10-01 03:13:15,834 [main] INFO  db.DBStoreBuilder (DBStoreBuilder.java:addTable(110)) - using custom profile for table: s3Table
2019-10-01 03:13:15,834 [main] INFO  db.DBStoreBuilder (DBStoreBuilder.java:processTables(161)) - Using default column profile:DBProfile.DISK for Table:s3Table
2019-10-01 03:13:15,834 [main] INFO  db.DBStoreBuilder (DBStoreBuilder.java:addTable(110)) - using custom profile for table: multipartInfoTable
2019-10-01 03:13:15,834 [main] INFO  db.DBStoreBuilder (DBStoreBuilder.java:processTables(161)) - Using default column profile:DBProfile.DISK for Table:multipartInfoTable
2019-10-01 03:13:15,834 [main] INFO  db.DBStoreBuilder (DBStoreBuilder.java:addTable(110)) - using custom profile for table: dTokenTable
2019-10-01 03:13:15,834 [main] INFO  db.DBStoreBuilder (DBStoreBuilder.java:processTables(161)) - Using default column profile:DBProfile.DISK for Table:dTokenTable
2019-10-01 03:13:15,835 [main] INFO  db.DBStoreBuilder (DBStoreBuilder.java:addTable(110)) - using custom profile for table: s3SecretTable
2019-10-01 03:13:15,835 [main] INFO  db.DBStoreBuilder (DBStoreBuilder.java:processTables(161)) - Using default column profile:DBProfile.DISK for Table:s3SecretTable
2019-10-01 03:13:15,835 [main] INFO  db.DBStoreBuilder (DBStoreBuilder.java:addTable(110)) - using custom profile for table: prefixTable
2019-10-01 03:13:15,835 [main] INFO  db.DBStoreBuilder (DBStoreBuilder.java:processTables(161)) - Using default column profile:DBProfile.DISK for Table:prefixTable
2019-10-01 03:13:15,835 [main] INFO  db.DBStoreBuilder (DBStoreBuilder.java:addTable(110)) - using custom profile for table: default
2019-10-01 03:13:15,835 [main] INFO  db.DBStoreBuilder (DBStoreBuilder.java:processTables(167)) - Using default column profile:DBProfile.DISK for Table:default
2019-10-01 03:13:15,836 [main] INFO  db.DBStoreBuilder (DBStoreBuilder.java:getDbProfile(198)) - Using default options. DBProfile.DISK
2019-10-01 03:13:16,266 [main] INFO  ipc.CallQueueManager (CallQueueManager.java:<init>(84)) - Using callQueue: class java.util.concurrent.LinkedBlockingQueue, queueCapacity: 2000, scheduler: class org.apache.hadoop.ipc.DefaultRpcScheduler, ipcBackoff: false.
2019-10-01 03:13:16,267 [Socket Reader #1 for port 37734] INFO  ipc.Server (Server.java:run(1074)) - Starting Socket Reader #1 for port 37734
2019-10-01 03:13:16,288 [main] INFO  om.OzoneManager (OzoneManager.java:start(1243)) - OzoneManager RPC server is listening at localhost/127.0.0.1:37734
2019-10-01 03:13:16,288 [main] INFO  impl.MetricsSystemImpl (MetricsSystemImpl.java:init(158)) - OzoneManager metrics system started (again)
2019-10-01 03:13:16,289 [IPC Server Responder] INFO  ipc.Server (Server.java:run(1314)) - IPC Server Responder: starting
2019-10-01 03:13:16,289 [IPC Server listener on 37734] INFO  ipc.Server (Server.java:run(1153)) - IPC Server listener on 37734: starting
2019-10-01 03:13:16,295 [main] INFO  hdfs.DFSUtil (DFSUtil.java:httpServerTemplateForNNAndJN(1641)) - Starting Web-server for ozoneManager at: http://0.0.0.0:0
2019-10-01 03:13:16,307 [main] INFO  server.AuthenticationFilter (AuthenticationFilter.java:constructSecretProvider(240)) - Unable to initialize FileSignerSecretProvider, falling back to use random secrets.
2019-10-01 03:13:16,307 [main] WARN  http.HttpRequestLog (HttpRequestLog.java:getRequestLog(97)) - Jetty request log can only be enabled using Log4j
2019-10-01 03:13:16,308 [main] INFO  http.HttpServer2 (HttpServer2.java:addGlobalFilter(975)) - Added global filter 'safety' (class=org.apache.hadoop.http.HttpServer2$QuotingInputFilter)
2019-10-01 03:13:16,309 [main] INFO  http.HttpServer2 (HttpServer2.java:addFilter(948)) - Added filter static_user_filter (class=org.apache.hadoop.http.lib.StaticUserWebFilter$StaticUserFilter) to context ozoneManager
2019-10-01 03:13:16,309 [main] INFO  http.HttpServer2 (HttpServer2.java:addFilter(958)) - Added filter static_user_filter (class=org.apache.hadoop.http.lib.StaticUserWebFilter$StaticUserFilter) to context static
2019-10-01 03:13:16,309 [main] INFO  http.HttpServer2 (HttpServer2.java:addFilter(958)) - Added filter static_user_filter (class=org.apache.hadoop.http.lib.StaticUserWebFilter$StaticUserFilter) to context logs
2019-10-01 03:13:16,309 [main] INFO  http.HttpServer2 (HttpServer2.java:bindListener(1191)) - Jetty bound to port 37035
2019-10-01 03:13:16,309 [main] INFO  server.Server (Server.java:doStart(351)) - jetty-9.3.25.v20180904, build timestamp: 2018-09-04T21:11:46Z, git hash: 3ce520221d0240229c862b122d2b06c12a625732
2019-10-01 03:13:16,311 [main] INFO  handler.ContextHandler (ContextHandler.java:doStart(781)) - Started o.e.j.s.ServletContextHandler@1e30db85{/logs,file:///workdir/hadoop-ozone/integration-test/target/log,AVAILABLE}
2019-10-01 03:13:16,311 [main] INFO  handler.ContextHandler (ContextHandler.java:doStart(781)) - Started o.e.j.s.ServletContextHandler@cc9ef8d{/static,file:///workdir/hadoop-ozone/integration-test/target/test-classes/webapps/static,AVAILABLE}
2019-10-01 03:13:16,314 [main] INFO  handler.ContextHandler (ContextHandler.java:doStart(781)) - Started o.e.j.w.WebAppContext@3e28d779{/,file:///workdir/hadoop-ozone/integration-test/target/test-classes/webapps/ozoneManager/,AVAILABLE}{/ozoneManager}
2019-10-01 03:13:16,314 [main] INFO  server.AbstractConnector (AbstractConnector.java:doStart(278)) - Started ServerConnector@15214920{HTTP/1.1,[http/1.1]}{0.0.0.0:37035}
2019-10-01 03:13:16,317 [main] INFO  server.Server (Server.java:doStart(419)) - Started @200423ms
2019-10-01 03:13:16,317 [main] WARN  impl.MetricsSystemImpl (MetricsSystemImpl.java:register(276)) - Sink prometheus already exists!
2019-10-01 03:13:16,317 [main] INFO  server.BaseHttpServer (BaseHttpServer.java:updateConnectorAddress(215)) - HTTP server of OZONEMANAGER is listening at http://0.0.0.0:37035
2019-10-01 03:13:16,327 [main] INFO  impl.MetricsSystemImpl (MetricsSystemImpl.java:init(158)) - HddsDatanode metrics system started (again)
2019-10-01 03:13:16,350 [main] INFO  ozone.HddsDatanodeService (HddsDatanodeService.java:start(184)) - HddsDatanodeService host:pr-hdds-1984-288rd-2703005633 ip:192.168.164.230
2019-10-01 03:13:16,358 [main] INFO  volume.HddsVolume (HddsVolume.java:<init>(176)) - Creating Volume: /workdir/hadoop-ozone/integration-test/target/test-dir/MiniOzoneClusterImpl-c339c727-4e5f-46f6-bf12-daf0300b76af/datanode-0/data/containers/hdds of  storage type : DISK and capacity : 1482555576320
2019-10-01 03:13:16,359 [main] INFO  volume.VolumeSet (VolumeSet.java:initializeVolumeSet(170)) - Added Volume : /workdir/hadoop-ozone/integration-test/target/test-dir/MiniOzoneClusterImpl-c339c727-4e5f-46f6-bf12-daf0300b76af/datanode-0/data/containers/hdds to VolumeSet
2019-10-01 03:13:16,359 [main] INFO  volume.ThrottledAsyncChecker (ThrottledAsyncChecker.java:schedule(139)) - Scheduling a check for org.apache.hadoop.ozone.container.common.volume.HddsVolume@1e1e837d
2019-10-01 03:13:16,359 [main] INFO  volume.HddsVolumeChecker (HddsVolumeChecker.java:checkAllVolumes(202)) - Scheduled health check for volume org.apache.hadoop.ozone.container.common.volume.HddsVolume@1e1e837d
2019-10-01 03:13:16,372 [main] INFO  impl.RaftServerProxy (ConfUtils.java:logGet(43)) - raft.rpc.type = GRPC (default)
2019-10-01 03:13:16,372 [main] INFO  grpc.GrpcFactory (GrpcFactory.java:checkPooledByteBufAllocatorUseCacheForAllThreads(45)) - PERFORMANCE WARNING: useCacheForAllThreads is true that may cause Netty to create a lot garbage objects and, as a result, trigger GC.
	It is recommended to disable useCacheForAllThreads by setting -Dorg.apache.ratis.thirdparty.io.netty.allocator.useCacheForAllThreads=false in command line.
2019-10-01 03:13:16,373 [main] INFO  grpc.GrpcConfigKeys$Server (ConfUtils.java:logGet(43)) - raft.grpc.server.port = 0 (default)
2019-10-01 03:13:16,373 [main] INFO  server.GrpcService (ConfUtils.java:logGet(43)) - raft.grpc.message.size.max = 33570816 (custom)
2019-10-01 03:13:16,373 [main] INFO  server.RaftServerConfigKeys (ConfUtils.java:logGet(43)) - raft.server.log.appender.buffer.byte-limit = 33554432 (custom)
2019-10-01 03:13:16,373 [main] INFO  server.GrpcService (ConfUtils.java:logGet(43)) - raft.grpc.flow.control.window = 1MB (=1048576) (default)
2019-10-01 03:13:16,373 [main] INFO  server.RaftServerConfigKeys (ConfUtils.java:logGet(43)) - raft.server.rpc.request.timeout = 3000ms (default)
2019-10-01 03:13:16,374 [main] INFO  server.RaftServerConfigKeys (ConfUtils.java:logGet(43)) - raft.server.storage.dir = [/workdir/hadoop-ozone/integration-test/target/test-dir/MiniOzoneClusterImpl-c339c727-4e5f-46f6-bf12-daf0300b76af/datanode-0/data/ratis] (custom)
2019-10-01 03:13:16,375 [main] INFO  hdfs.DFSUtil (DFSUtil.java:httpServerTemplateForNNAndJN(1641)) - Starting Web-server for hddsDatanode at: http://0.0.0.0:0
2019-10-01 03:13:16,376 [main] INFO  server.AuthenticationFilter (AuthenticationFilter.java:constructSecretProvider(240)) - Unable to initialize FileSignerSecretProvider, falling back to use random secrets.
2019-10-01 03:13:16,377 [main] WARN  http.HttpRequestLog (HttpRequestLog.java:getRequestLog(97)) - Jetty request log can only be enabled using Log4j
2019-10-01 03:13:16,378 [main] INFO  http.HttpServer2 (HttpServer2.java:addGlobalFilter(975)) - Added global filter 'safety' (class=org.apache.hadoop.http.HttpServer2$QuotingInputFilter)
2019-10-01 03:13:16,378 [main] INFO  http.HttpServer2 (HttpServer2.java:addFilter(948)) - Added filter static_user_filter (class=org.apache.hadoop.http.lib.StaticUserWebFilter$StaticUserFilter) to context hddsDatanode
2019-10-01 03:13:16,378 [main] INFO  http.HttpServer2 (HttpServer2.java:addFilter(958)) - Added filter static_user_filter (class=org.apache.hadoop.http.lib.StaticUserWebFilter$StaticUserFilter) to context static
2019-10-01 03:13:16,378 [main] INFO  http.HttpServer2 (HttpServer2.java:addFilter(958)) - Added filter static_user_filter (class=org.apache.hadoop.http.lib.StaticUserWebFilter$StaticUserFilter) to context logs
2019-10-01 03:13:16,379 [main] INFO  http.HttpServer2 (HttpServer2.java:bindListener(1191)) - Jetty bound to port 41669
2019-10-01 03:13:16,379 [main] INFO  server.Server (Server.java:doStart(351)) - jetty-9.3.25.v20180904, build timestamp: 2018-09-04T21:11:46Z, git hash: 3ce520221d0240229c862b122d2b06c12a625732
2019-10-01 03:13:16,380 [main] INFO  handler.ContextHandler (ContextHandler.java:doStart(781)) - Started o.e.j.s.ServletContextHandler@5e599100{/logs,file:///workdir/hadoop-ozone/integration-test/target/log,AVAILABLE}
2019-10-01 03:13:16,381 [main] INFO  handler.ContextHandler (ContextHandler.java:doStart(781)) - Started o.e.j.s.ServletContextHandler@361cd35c{/static,jar:file:/home/user/.m2/repository/org/apache/hadoop/hadoop-hdds-container-service/0.5.0-SNAPSHOT/hadoop-hdds-container-service-0.5.0-SNAPSHOT.jar!/webapps/static,AVAILABLE}
2019-10-01 03:13:16,408 [main] INFO  handler.ContextHandler (ContextHandler.java:doStart(781)) - Started o.e.j.w.WebAppContext@b30a50d{/,file:///tmp/jetty-0.0.0.0-41669-hddsDatanode-_-any-2098425231403474960.dir/webapp/,AVAILABLE}{/hddsDatanode}
2019-10-01 03:13:16,408 [main] INFO  server.AbstractConnector (AbstractConnector.java:doStart(278)) - Started ServerConnector@764a3e5d{HTTP/1.1,[http/1.1]}{0.0.0.0:41669}
2019-10-01 03:13:16,412 [main] INFO  server.Server (Server.java:doStart(419)) - Started @200518ms
2019-10-01 03:13:16,412 [main] WARN  impl.MetricsSystemImpl (MetricsSystemImpl.java:register(276)) - Sink prometheus already exists!
2019-10-01 03:13:16,413 [main] INFO  server.BaseHttpServer (BaseHttpServer.java:updateConnectorAddress(215)) - HTTP server of HDDSDATANODE is listening at http://0.0.0.0:41669
2019-10-01 03:13:16,413 [main] INFO  impl.MetricsSystemImpl (MetricsSystemImpl.java:init(158)) - HddsDatanode metrics system started (again)
2019-10-01 03:13:16,436 [org.apache.hadoop.util.JvmPauseMonitor$Monitor@37ccc905] INFO  util.JvmPauseMonitor (JvmPauseMonitor.java:run(188)) - Starting JVM pause monitor
2019-10-01 03:13:16,438 [main] INFO  ozone.HddsDatanodeService (HddsDatanodeService.java:start(184)) - HddsDatanodeService host:pr-hdds-1984-288rd-2703005633 ip:192.168.164.230
2019-10-01 03:13:16,438 [Datanode State Machine Thread - 0] INFO  datanode.InitDatanodeState (InitDatanodeState.java:persistContainerDatanodeDetails(140)) - DatanodeDetails is persisted to /workdir/hadoop-ozone/integration-test/target/test-dir/MiniOzoneClusterImpl-c339c727-4e5f-46f6-bf12-daf0300b76af/datanode-0/meta/datanode.id
2019-10-01 03:13:16,449 [main] INFO  volume.HddsVolume (HddsVolume.java:<init>(176)) - Creating Volume: /workdir/hadoop-ozone/integration-test/target/test-dir/MiniOzoneClusterImpl-c339c727-4e5f-46f6-bf12-daf0300b76af/datanode-1/data/containers/hdds of  storage type : DISK and capacity : 1482555576320
2019-10-01 03:13:16,449 [main] INFO  volume.VolumeSet (VolumeSet.java:initializeVolumeSet(170)) - Added Volume : /workdir/hadoop-ozone/integration-test/target/test-dir/MiniOzoneClusterImpl-c339c727-4e5f-46f6-bf12-daf0300b76af/datanode-1/data/containers/hdds to VolumeSet
2019-10-01 03:13:16,449 [main] INFO  volume.ThrottledAsyncChecker (ThrottledAsyncChecker.java:schedule(139)) - Scheduling a check for org.apache.hadoop.ozone.container.common.volume.HddsVolume@6dcab9d9
2019-10-01 03:13:16,450 [main] INFO  volume.HddsVolumeChecker (HddsVolumeChecker.java:checkAllVolumes(202)) - Scheduled health check for volume org.apache.hadoop.ozone.container.common.volume.HddsVolume@6dcab9d9
2019-10-01 03:13:16,470 [main] INFO  impl.RaftServerProxy (ConfUtils.java:logGet(43)) - raft.rpc.type = GRPC (default)
2019-10-01 03:13:16,471 [main] INFO  grpc.GrpcFactory (GrpcFactory.java:checkPooledByteBufAllocatorUseCacheForAllThreads(45)) - PERFORMANCE WARNING: useCacheForAllThreads is true that may cause Netty to create a lot garbage objects and, as a result, trigger GC.
	It is recommended to disable useCacheForAllThreads by setting -Dorg.apache.ratis.thirdparty.io.netty.allocator.useCacheForAllThreads=false in command line.
2019-10-01 03:13:16,471 [main] INFO  grpc.GrpcConfigKeys$Server (ConfUtils.java:logGet(43)) - raft.grpc.server.port = 0 (default)
2019-10-01 03:13:16,471 [main] INFO  server.GrpcService (ConfUtils.java:logGet(43)) - raft.grpc.message.size.max = 33570816 (custom)
2019-10-01 03:13:16,471 [main] INFO  server.RaftServerConfigKeys (ConfUtils.java:logGet(43)) - raft.server.log.appender.buffer.byte-limit = 33554432 (custom)
2019-10-01 03:13:16,471 [main] INFO  server.GrpcService (ConfUtils.java:logGet(43)) - raft.grpc.flow.control.window = 1MB (=1048576) (default)
2019-10-01 03:13:16,471 [main] INFO  server.RaftServerConfigKeys (ConfUtils.java:logGet(43)) - raft.server.rpc.request.timeout = 3000ms (default)
2019-10-01 03:13:16,472 [main] INFO  server.RaftServerConfigKeys (ConfUtils.java:logGet(43)) - raft.server.storage.dir = [/workdir/hadoop-ozone/integration-test/target/test-dir/MiniOzoneClusterImpl-c339c727-4e5f-46f6-bf12-daf0300b76af/datanode-1/data/ratis] (custom)
2019-10-01 03:13:16,475 [main] INFO  hdfs.DFSUtil (DFSUtil.java:httpServerTemplateForNNAndJN(1641)) - Starting Web-server for hddsDatanode at: http://0.0.0.0:0
2019-10-01 03:13:16,476 [main] INFO  server.AuthenticationFilter (AuthenticationFilter.java:constructSecretProvider(240)) - Unable to initialize FileSignerSecretProvider, falling back to use random secrets.
2019-10-01 03:13:16,476 [main] WARN  http.HttpRequestLog (HttpRequestLog.java:getRequestLog(97)) - Jetty request log can only be enabled using Log4j
2019-10-01 03:13:16,478 [main] INFO  http.HttpServer2 (HttpServer2.java:addGlobalFilter(975)) - Added global filter 'safety' (class=org.apache.hadoop.http.HttpServer2$QuotingInputFilter)
2019-10-01 03:13:16,478 [main] INFO  http.HttpServer2 (HttpServer2.java:addFilter(948)) - Added filter static_user_filter (class=org.apache.hadoop.http.lib.StaticUserWebFilter$StaticUserFilter) to context hddsDatanode
2019-10-01 03:13:16,478 [main] INFO  http.HttpServer2 (HttpServer2.java:addFilter(958)) - Added filter static_user_filter (class=org.apache.hadoop.http.lib.StaticUserWebFilter$StaticUserFilter) to context logs
2019-10-01 03:13:16,478 [main] INFO  http.HttpServer2 (HttpServer2.java:addFilter(958)) - Added filter static_user_filter (class=org.apache.hadoop.http.lib.StaticUserWebFilter$StaticUserFilter) to context static
2019-10-01 03:13:16,479 [main] INFO  http.HttpServer2 (HttpServer2.java:bindListener(1191)) - Jetty bound to port 41319
2019-10-01 03:13:16,479 [main] INFO  server.Server (Server.java:doStart(351)) - jetty-9.3.25.v20180904, build timestamp: 2018-09-04T21:11:46Z, git hash: 3ce520221d0240229c862b122d2b06c12a625732
2019-10-01 03:13:16,480 [main] INFO  handler.ContextHandler (ContextHandler.java:doStart(781)) - Started o.e.j.s.ServletContextHandler@448c92fc{/logs,file:///workdir/hadoop-ozone/integration-test/target/log,AVAILABLE}
2019-10-01 03:13:16,480 [main] INFO  handler.ContextHandler (ContextHandler.java:doStart(781)) - Started o.e.j.s.ServletContextHandler@17c0274c{/static,jar:file:/home/user/.m2/repository/org/apache/hadoop/hadoop-hdds-container-service/0.5.0-SNAPSHOT/hadoop-hdds-container-service-0.5.0-SNAPSHOT.jar!/webapps/static,AVAILABLE}
2019-10-01 03:13:16,505 [main] INFO  handler.ContextHandler (ContextHandler.java:doStart(781)) - Started o.e.j.w.WebAppContext@5b1e88f{/,file:///tmp/jetty-0.0.0.0-41319-hddsDatanode-_-any-4542803469835632652.dir/webapp/,AVAILABLE}{/hddsDatanode}
2019-10-01 03:13:16,505 [main] INFO  server.AbstractConnector (AbstractConnector.java:doStart(278)) - Started ServerConnector@340cb97f{HTTP/1.1,[http/1.1]}{0.0.0.0:41319}
2019-10-01 03:13:16,508 [main] INFO  server.Server (Server.java:doStart(419)) - Started @200615ms
2019-10-01 03:13:16,508 [main] WARN  impl.MetricsSystemImpl (MetricsSystemImpl.java:register(276)) - Sink prometheus already exists!
2019-10-01 03:13:16,508 [main] INFO  server.BaseHttpServer (BaseHttpServer.java:updateConnectorAddress(215)) - HTTP server of HDDSDATANODE is listening at http://0.0.0.0:41319
2019-10-01 03:13:16,509 [main] INFO  impl.MetricsSystemImpl (MetricsSystemImpl.java:init(158)) - HddsDatanode metrics system started (again)
2019-10-01 03:13:16,532 [org.apache.hadoop.util.JvmPauseMonitor$Monitor@7645bb] INFO  util.JvmPauseMonitor (JvmPauseMonitor.java:run(188)) - Starting JVM pause monitor
2019-10-01 03:13:16,533 [main] INFO  ozone.HddsDatanodeService (HddsDatanodeService.java:start(184)) - HddsDatanodeService host:pr-hdds-1984-288rd-2703005633 ip:192.168.164.230
2019-10-01 03:13:16,533 [Datanode State Machine Thread - 0] INFO  datanode.InitDatanodeState (InitDatanodeState.java:persistContainerDatanodeDetails(140)) - DatanodeDetails is persisted to /workdir/hadoop-ozone/integration-test/target/test-dir/MiniOzoneClusterImpl-c339c727-4e5f-46f6-bf12-daf0300b76af/datanode-1/meta/datanode.id
2019-10-01 03:13:16,542 [main] INFO  volume.HddsVolume (HddsVolume.java:<init>(176)) - Creating Volume: /workdir/hadoop-ozone/integration-test/target/test-dir/MiniOzoneClusterImpl-c339c727-4e5f-46f6-bf12-daf0300b76af/datanode-2/data/containers/hdds of  storage type : DISK and capacity : 1482555576320
2019-10-01 03:13:16,542 [main] INFO  volume.VolumeSet (VolumeSet.java:initializeVolumeSet(170)) - Added Volume : /workdir/hadoop-ozone/integration-test/target/test-dir/MiniOzoneClusterImpl-c339c727-4e5f-46f6-bf12-daf0300b76af/datanode-2/data/containers/hdds to VolumeSet
2019-10-01 03:13:16,542 [main] INFO  volume.ThrottledAsyncChecker (ThrottledAsyncChecker.java:schedule(139)) - Scheduling a check for org.apache.hadoop.ozone.container.common.volume.HddsVolume@de579ff
2019-10-01 03:13:16,543 [main] INFO  volume.HddsVolumeChecker (HddsVolumeChecker.java:checkAllVolumes(202)) - Scheduled health check for volume org.apache.hadoop.ozone.container.common.volume.HddsVolume@de579ff
2019-10-01 03:13:16,554 [main] INFO  impl.RaftServerProxy (ConfUtils.java:logGet(43)) - raft.rpc.type = GRPC (default)
2019-10-01 03:13:16,555 [main] INFO  grpc.GrpcFactory (GrpcFactory.java:checkPooledByteBufAllocatorUseCacheForAllThreads(45)) - PERFORMANCE WARNING: useCacheForAllThreads is true that may cause Netty to create a lot garbage objects and, as a result, trigger GC.
	It is recommended to disable useCacheForAllThreads by setting -Dorg.apache.ratis.thirdparty.io.netty.allocator.useCacheForAllThreads=false in command line.
2019-10-01 03:13:16,555 [main] INFO  grpc.GrpcConfigKeys$Server (ConfUtils.java:logGet(43)) - raft.grpc.server.port = 0 (default)
2019-10-01 03:13:16,555 [main] INFO  server.GrpcService (ConfUtils.java:logGet(43)) - raft.grpc.message.size.max = 33570816 (custom)
2019-10-01 03:13:16,555 [main] INFO  server.RaftServerConfigKeys (ConfUtils.java:logGet(43)) - raft.server.log.appender.buffer.byte-limit = 33554432 (custom)
2019-10-01 03:13:16,555 [main] INFO  server.GrpcService (ConfUtils.java:logGet(43)) - raft.grpc.flow.control.window = 1MB (=1048576) (default)
2019-10-01 03:13:16,556 [main] INFO  server.RaftServerConfigKeys (ConfUtils.java:logGet(43)) - raft.server.rpc.request.timeout = 3000ms (default)
2019-10-01 03:13:16,556 [main] INFO  server.RaftServerConfigKeys (ConfUtils.java:logGet(43)) - raft.server.storage.dir = [/workdir/hadoop-ozone/integration-test/target/test-dir/MiniOzoneClusterImpl-c339c727-4e5f-46f6-bf12-daf0300b76af/datanode-2/data/ratis] (custom)
2019-10-01 03:13:16,557 [main] INFO  hdfs.DFSUtil (DFSUtil.java:httpServerTemplateForNNAndJN(1641)) - Starting Web-server for hddsDatanode at: http://0.0.0.0:0
2019-10-01 03:13:16,558 [main] INFO  server.AuthenticationFilter (AuthenticationFilter.java:constructSecretProvider(240)) - Unable to initialize FileSignerSecretProvider, falling back to use random secrets.
2019-10-01 03:13:16,558 [main] WARN  http.HttpRequestLog (HttpRequestLog.java:getRequestLog(97)) - Jetty request log can only be enabled using Log4j
2019-10-01 03:13:16,559 [main] INFO  http.HttpServer2 (HttpServer2.java:addGlobalFilter(975)) - Added global filter 'safety' (class=org.apache.hadoop.http.HttpServer2$QuotingInputFilter)
2019-10-01 03:13:16,560 [main] INFO  http.HttpServer2 (HttpServer2.java:addFilter(948)) - Added filter static_user_filter (class=org.apache.hadoop.http.lib.StaticUserWebFilter$StaticUserFilter) to context hddsDatanode
2019-10-01 03:13:16,560 [main] INFO  http.HttpServer2 (HttpServer2.java:addFilter(958)) - Added filter static_user_filter (class=org.apache.hadoop.http.lib.StaticUserWebFilter$StaticUserFilter) to context logs
2019-10-01 03:13:16,560 [main] INFO  http.HttpServer2 (HttpServer2.java:addFilter(958)) - Added filter static_user_filter (class=org.apache.hadoop.http.lib.StaticUserWebFilter$StaticUserFilter) to context static
2019-10-01 03:13:16,560 [main] INFO  http.HttpServer2 (HttpServer2.java:bindListener(1191)) - Jetty bound to port 46475
2019-10-01 03:13:16,560 [main] INFO  server.Server (Server.java:doStart(351)) - jetty-9.3.25.v20180904, build timestamp: 2018-09-04T21:11:46Z, git hash: 3ce520221d0240229c862b122d2b06c12a625732
2019-10-01 03:13:16,562 [main] INFO  handler.ContextHandler (ContextHandler.java:doStart(781)) - Started o.e.j.s.ServletContextHandler@6b27b2d0{/logs,file:///workdir/hadoop-ozone/integration-test/target/log,AVAILABLE}
2019-10-01 03:13:16,562 [main] INFO  handler.ContextHandler (ContextHandler.java:doStart(781)) - Started o.e.j.s.ServletContextHandler@118041c7{/static,jar:file:/home/user/.m2/repository/org/apache/hadoop/hadoop-hdds-container-service/0.5.0-SNAPSHOT/hadoop-hdds-container-service-0.5.0-SNAPSHOT.jar!/webapps/static,AVAILABLE}
2019-10-01 03:13:16,588 [main] INFO  handler.ContextHandler (ContextHandler.java:doStart(781)) - Started o.e.j.w.WebAppContext@3e856100{/,file:///tmp/jetty-0.0.0.0-46475-hddsDatanode-_-any-4078609027897599841.dir/webapp/,AVAILABLE}{/hddsDatanode}
2019-10-01 03:13:16,588 [main] INFO  server.AbstractConnector (AbstractConnector.java:doStart(278)) - Started ServerConnector@73086336{HTTP/1.1,[http/1.1]}{0.0.0.0:46475}
2019-10-01 03:13:16,592 [main] INFO  server.Server (Server.java:doStart(419)) - Started @200698ms
2019-10-01 03:13:16,592 [main] WARN  impl.MetricsSystemImpl (MetricsSystemImpl.java:register(276)) - Sink prometheus already exists!
2019-10-01 03:13:16,592 [main] INFO  server.BaseHttpServer (BaseHttpServer.java:updateConnectorAddress(215)) - HTTP server of HDDSDATANODE is listening at http://0.0.0.0:46475
2019-10-01 03:13:16,593 [main] INFO  impl.MetricsSystemImpl (MetricsSystemImpl.java:init(158)) - HddsDatanode metrics system started (again)
2019-10-01 03:13:16,616 [org.apache.hadoop.util.JvmPauseMonitor$Monitor@299395de] INFO  util.JvmPauseMonitor (JvmPauseMonitor.java:run(188)) - Starting JVM pause monitor
2019-10-01 03:13:16,617 [main] INFO  ozone.HddsDatanodeService (HddsDatanodeService.java:start(184)) - HddsDatanodeService host:pr-hdds-1984-288rd-2703005633 ip:192.168.164.230
2019-10-01 03:13:16,617 [Datanode State Machine Thread - 0] INFO  datanode.InitDatanodeState (InitDatanodeState.java:persistContainerDatanodeDetails(140)) - DatanodeDetails is persisted to /workdir/hadoop-ozone/integration-test/target/test-dir/MiniOzoneClusterImpl-c339c727-4e5f-46f6-bf12-daf0300b76af/datanode-2/meta/datanode.id
2019-10-01 03:13:16,636 [main] INFO  volume.HddsVolume (HddsVolume.java:<init>(176)) - Creating Volume: /workdir/hadoop-ozone/integration-test/target/test-dir/MiniOzoneClusterImpl-c339c727-4e5f-46f6-bf12-daf0300b76af/datanode-3/data/containers/hdds of  storage type : DISK and capacity : 1482555576320
2019-10-01 03:13:16,636 [main] INFO  volume.VolumeSet (VolumeSet.java:initializeVolumeSet(170)) - Added Volume : /workdir/hadoop-ozone/integration-test/target/test-dir/MiniOzoneClusterImpl-c339c727-4e5f-46f6-bf12-daf0300b76af/datanode-3/data/containers/hdds to VolumeSet
2019-10-01 03:13:16,636 [main] INFO  volume.ThrottledAsyncChecker (ThrottledAsyncChecker.java:schedule(139)) - Scheduling a check for org.apache.hadoop.ozone.container.common.volume.HddsVolume@6986f93e
2019-10-01 03:13:16,637 [main] INFO  volume.HddsVolumeChecker (HddsVolumeChecker.java:checkAllVolumes(202)) - Scheduled health check for volume org.apache.hadoop.ozone.container.common.volume.HddsVolume@6986f93e
2019-10-01 03:13:16,649 [main] INFO  impl.RaftServerProxy (ConfUtils.java:logGet(43)) - raft.rpc.type = GRPC (default)
2019-10-01 03:13:16,649 [main] INFO  grpc.GrpcFactory (GrpcFactory.java:checkPooledByteBufAllocatorUseCacheForAllThreads(45)) - PERFORMANCE WARNING: useCacheForAllThreads is true that may cause Netty to create a lot garbage objects and, as a result, trigger GC.
	It is recommended to disable useCacheForAllThreads by setting -Dorg.apache.ratis.thirdparty.io.netty.allocator.useCacheForAllThreads=false in command line.
2019-10-01 03:13:16,649 [main] INFO  grpc.GrpcConfigKeys$Server (ConfUtils.java:logGet(43)) - raft.grpc.server.port = 0 (default)
2019-10-01 03:13:16,649 [main] INFO  server.GrpcService (ConfUtils.java:logGet(43)) - raft.grpc.message.size.max = 33570816 (custom)
2019-10-01 03:13:16,649 [main] INFO  server.RaftServerConfigKeys (ConfUtils.java:logGet(43)) - raft.server.log.appender.buffer.byte-limit = 33554432 (custom)
2019-10-01 03:13:16,650 [main] INFO  server.GrpcService (ConfUtils.java:logGet(43)) - raft.grpc.flow.control.window = 1MB (=1048576) (default)
2019-10-01 03:13:16,650 [main] INFO  server.RaftServerConfigKeys (ConfUtils.java:logGet(43)) - raft.server.rpc.request.timeout = 3000ms (default)
2019-10-01 03:13:16,650 [main] INFO  server.RaftServerConfigKeys (ConfUtils.java:logGet(43)) - raft.server.storage.dir = [/workdir/hadoop-ozone/integration-test/target/test-dir/MiniOzoneClusterImpl-c339c727-4e5f-46f6-bf12-daf0300b76af/datanode-3/data/ratis] (custom)
2019-10-01 03:13:16,651 [main] INFO  hdfs.DFSUtil (DFSUtil.java:httpServerTemplateForNNAndJN(1641)) - Starting Web-server for hddsDatanode at: http://0.0.0.0:0
2019-10-01 03:13:16,652 [main] INFO  server.AuthenticationFilter (AuthenticationFilter.java:constructSecretProvider(240)) - Unable to initialize FileSignerSecretProvider, falling back to use random secrets.
2019-10-01 03:13:16,653 [main] WARN  http.HttpRequestLog (HttpRequestLog.java:getRequestLog(97)) - Jetty request log can only be enabled using Log4j
2019-10-01 03:13:16,656 [main] INFO  http.HttpServer2 (HttpServer2.java:addGlobalFilter(975)) - Added global filter 'safety' (class=org.apache.hadoop.http.HttpServer2$QuotingInputFilter)
2019-10-01 03:13:16,657 [main] INFO  http.HttpServer2 (HttpServer2.java:addFilter(948)) - Added filter static_user_filter (class=org.apache.hadoop.http.lib.StaticUserWebFilter$StaticUserFilter) to context hddsDatanode
2019-10-01 03:13:16,657 [main] INFO  http.HttpServer2 (HttpServer2.java:addFilter(958)) - Added filter static_user_filter (class=org.apache.hadoop.http.lib.StaticUserWebFilter$StaticUserFilter) to context static
2019-10-01 03:13:16,658 [main] INFO  http.HttpServer2 (HttpServer2.java:addFilter(958)) - Added filter static_user_filter (class=org.apache.hadoop.http.lib.StaticUserWebFilter$StaticUserFilter) to context logs
2019-10-01 03:13:16,661 [main] INFO  http.HttpServer2 (HttpServer2.java:bindListener(1191)) - Jetty bound to port 41339
2019-10-01 03:13:16,661 [main] INFO  server.Server (Server.java:doStart(351)) - jetty-9.3.25.v20180904, build timestamp: 2018-09-04T21:11:46Z, git hash: 3ce520221d0240229c862b122d2b06c12a625732
2019-10-01 03:13:16,663 [main] INFO  handler.ContextHandler (ContextHandler.java:doStart(781)) - Started o.e.j.s.ServletContextHandler@e62319f{/logs,file:///workdir/hadoop-ozone/integration-test/target/log,AVAILABLE}
2019-10-01 03:13:16,663 [main] INFO  handler.ContextHandler (ContextHandler.java:doStart(781)) - Started o.e.j.s.ServletContextHandler@24a0c58b{/static,jar:file:/home/user/.m2/repository/org/apache/hadoop/hadoop-hdds-container-service/0.5.0-SNAPSHOT/hadoop-hdds-container-service-0.5.0-SNAPSHOT.jar!/webapps/static,AVAILABLE}
2019-10-01 03:13:16,698 [main] INFO  handler.ContextHandler (ContextHandler.java:doStart(781)) - Started o.e.j.w.WebAppContext@191a0351{/,file:///tmp/jetty-0.0.0.0-41339-hddsDatanode-_-any-7384053043057520846.dir/webapp/,AVAILABLE}{/hddsDatanode}
2019-10-01 03:13:16,698 [main] INFO  server.AbstractConnector (AbstractConnector.java:doStart(278)) - Started ServerConnector@67328bcb{HTTP/1.1,[http/1.1]}{0.0.0.0:41339}
2019-10-01 03:13:16,701 [main] INFO  server.Server (Server.java:doStart(419)) - Started @200808ms
2019-10-01 03:13:16,701 [main] WARN  impl.MetricsSystemImpl (MetricsSystemImpl.java:register(276)) - Sink prometheus already exists!
2019-10-01 03:13:16,702 [main] INFO  server.BaseHttpServer (BaseHttpServer.java:updateConnectorAddress(215)) - HTTP server of HDDSDATANODE is listening at http://0.0.0.0:41339
2019-10-01 03:13:16,702 [main] INFO  impl.MetricsSystemImpl (MetricsSystemImpl.java:init(158)) - HddsDatanode metrics system started (again)
2019-10-01 03:13:16,731 [org.apache.hadoop.util.JvmPauseMonitor$Monitor@3374131] INFO  util.JvmPauseMonitor (JvmPauseMonitor.java:run(188)) - Starting JVM pause monitor
2019-10-01 03:13:16,733 [Datanode State Machine Thread - 0] INFO  datanode.InitDatanodeState (InitDatanodeState.java:persistContainerDatanodeDetails(140)) - DatanodeDetails is persisted to /workdir/hadoop-ozone/integration-test/target/test-dir/MiniOzoneClusterImpl-c339c727-4e5f-46f6-bf12-daf0300b76af/datanode-3/meta/datanode.id
2019-10-01 03:13:16,734 [main] INFO  ozone.HddsDatanodeService (HddsDatanodeService.java:start(184)) - HddsDatanodeService host:pr-hdds-1984-288rd-2703005633 ip:192.168.164.230
2019-10-01 03:13:16,744 [main] INFO  volume.HddsVolume (HddsVolume.java:<init>(176)) - Creating Volume: /workdir/hadoop-ozone/integration-test/target/test-dir/MiniOzoneClusterImpl-c339c727-4e5f-46f6-bf12-daf0300b76af/datanode-4/data/containers/hdds of  storage type : DISK and capacity : 1482555576320
2019-10-01 03:13:16,745 [main] INFO  volume.VolumeSet (VolumeSet.java:initializeVolumeSet(170)) - Added Volume : /workdir/hadoop-ozone/integration-test/target/test-dir/MiniOzoneClusterImpl-c339c727-4e5f-46f6-bf12-daf0300b76af/datanode-4/data/containers/hdds to VolumeSet
2019-10-01 03:13:16,745 [main] INFO  volume.ThrottledAsyncChecker (ThrottledAsyncChecker.java:schedule(139)) - Scheduling a check for org.apache.hadoop.ozone.container.common.volume.HddsVolume@52a7928a
2019-10-01 03:13:16,745 [main] INFO  volume.HddsVolumeChecker (HddsVolumeChecker.java:checkAllVolumes(202)) - Scheduled health check for volume org.apache.hadoop.ozone.container.common.volume.HddsVolume@52a7928a
2019-10-01 03:13:16,760 [main] INFO  impl.RaftServerProxy (ConfUtils.java:logGet(43)) - raft.rpc.type = GRPC (default)
2019-10-01 03:13:16,760 [main] INFO  grpc.GrpcFactory (GrpcFactory.java:checkPooledByteBufAllocatorUseCacheForAllThreads(45)) - PERFORMANCE WARNING: useCacheForAllThreads is true that may cause Netty to create a lot garbage objects and, as a result, trigger GC.
	It is recommended to disable useCacheForAllThreads by setting -Dorg.apache.ratis.thirdparty.io.netty.allocator.useCacheForAllThreads=false in command line.
2019-10-01 03:13:16,760 [main] INFO  grpc.GrpcConfigKeys$Server (ConfUtils.java:logGet(43)) - raft.grpc.server.port = 0 (default)
2019-10-01 03:13:16,760 [main] INFO  server.GrpcService (ConfUtils.java:logGet(43)) - raft.grpc.message.size.max = 33570816 (custom)
2019-10-01 03:13:16,761 [main] INFO  server.RaftServerConfigKeys (ConfUtils.java:logGet(43)) - raft.server.log.appender.buffer.byte-limit = 33554432 (custom)
2019-10-01 03:13:16,761 [main] INFO  server.GrpcService (ConfUtils.java:logGet(43)) - raft.grpc.flow.control.window = 1MB (=1048576) (default)
2019-10-01 03:13:16,761 [main] INFO  server.RaftServerConfigKeys (ConfUtils.java:logGet(43)) - raft.server.rpc.request.timeout = 3000ms (default)
2019-10-01 03:13:16,761 [main] INFO  server.RaftServerConfigKeys (ConfUtils.java:logGet(43)) - raft.server.storage.dir = [/workdir/hadoop-ozone/integration-test/target/test-dir/MiniOzoneClusterImpl-c339c727-4e5f-46f6-bf12-daf0300b76af/datanode-4/data/ratis] (custom)
2019-10-01 03:13:16,763 [main] INFO  hdfs.DFSUtil (DFSUtil.java:httpServerTemplateForNNAndJN(1641)) - Starting Web-server for hddsDatanode at: http://0.0.0.0:0
2019-10-01 03:13:16,764 [main] INFO  server.AuthenticationFilter (AuthenticationFilter.java:constructSecretProvider(240)) - Unable to initialize FileSignerSecretProvider, falling back to use random secrets.
2019-10-01 03:13:16,765 [main] WARN  http.HttpRequestLog (HttpRequestLog.java:getRequestLog(97)) - Jetty request log can only be enabled using Log4j
2019-10-01 03:13:16,766 [main] INFO  http.HttpServer2 (HttpServer2.java:addGlobalFilter(975)) - Added global filter 'safety' (class=org.apache.hadoop.http.HttpServer2$QuotingInputFilter)
2019-10-01 03:13:16,766 [main] INFO  http.HttpServer2 (HttpServer2.java:addFilter(948)) - Added filter static_user_filter (class=org.apache.hadoop.http.lib.StaticUserWebFilter$StaticUserFilter) to context hddsDatanode
2019-10-01 03:13:16,766 [main] INFO  http.HttpServer2 (HttpServer2.java:addFilter(958)) - Added filter static_user_filter (class=org.apache.hadoop.http.lib.StaticUserWebFilter$StaticUserFilter) to context static
2019-10-01 03:13:16,767 [main] INFO  http.HttpServer2 (HttpServer2.java:addFilter(958)) - Added filter static_user_filter (class=org.apache.hadoop.http.lib.StaticUserWebFilter$StaticUserFilter) to context logs
2019-10-01 03:13:16,767 [main] INFO  http.HttpServer2 (HttpServer2.java:bindListener(1191)) - Jetty bound to port 33470
2019-10-01 03:13:16,767 [main] INFO  server.Server (Server.java:doStart(351)) - jetty-9.3.25.v20180904, build timestamp: 2018-09-04T21:11:46Z, git hash: 3ce520221d0240229c862b122d2b06c12a625732
2019-10-01 03:13:16,769 [main] INFO  handler.ContextHandler (ContextHandler.java:doStart(781)) - Started o.e.j.s.ServletContextHandler@7aded903{/logs,file:///workdir/hadoop-ozone/integration-test/target/log,AVAILABLE}
2019-10-01 03:13:16,769 [main] INFO  handler.ContextHandler (ContextHandler.java:doStart(781)) - Started o.e.j.s.ServletContextHandler@261f359f{/static,jar:file:/home/user/.m2/repository/org/apache/hadoop/hadoop-hdds-container-service/0.5.0-SNAPSHOT/hadoop-hdds-container-service-0.5.0-SNAPSHOT.jar!/webapps/static,AVAILABLE}
2019-10-01 03:13:16,794 [main] INFO  handler.ContextHandler (ContextHandler.java:doStart(781)) - Started o.e.j.w.WebAppContext@33ec2c0c{/,file:///tmp/jetty-0.0.0.0-33470-hddsDatanode-_-any-1915992610187522062.dir/webapp/,AVAILABLE}{/hddsDatanode}
2019-10-01 03:13:16,795 [main] INFO  server.AbstractConnector (AbstractConnector.java:doStart(278)) - Started ServerConnector@5968800d{HTTP/1.1,[http/1.1]}{0.0.0.0:33470}
2019-10-01 03:13:16,798 [main] INFO  server.Server (Server.java:doStart(419)) - Started @200905ms
2019-10-01 03:13:16,798 [main] WARN  impl.MetricsSystemImpl (MetricsSystemImpl.java:register(276)) - Sink prometheus already exists!
2019-10-01 03:13:16,799 [main] INFO  server.BaseHttpServer (BaseHttpServer.java:updateConnectorAddress(215)) - HTTP server of HDDSDATANODE is listening at http://0.0.0.0:33470
2019-10-01 03:13:16,799 [main] INFO  impl.MetricsSystemImpl (MetricsSystemImpl.java:init(158)) - HddsDatanode metrics system started (again)
2019-10-01 03:13:16,826 [org.apache.hadoop.util.JvmPauseMonitor$Monitor@770282a2] INFO  util.JvmPauseMonitor (JvmPauseMonitor.java:run(188)) - Starting JVM pause monitor
2019-10-01 03:13:16,827 [Datanode State Machine Thread - 0] INFO  datanode.InitDatanodeState (InitDatanodeState.java:persistContainerDatanodeDetails(140)) - DatanodeDetails is persisted to /workdir/hadoop-ozone/integration-test/target/test-dir/MiniOzoneClusterImpl-c339c727-4e5f-46f6-bf12-daf0300b76af/datanode-4/meta/datanode.id
2019-10-01 03:13:16,827 [main] INFO  ozone.HddsDatanodeService (HddsDatanodeService.java:start(184)) - HddsDatanodeService host:pr-hdds-1984-288rd-2703005633 ip:192.168.164.230
2019-10-01 03:13:16,839 [main] INFO  volume.HddsVolume (HddsVolume.java:<init>(176)) - Creating Volume: /workdir/hadoop-ozone/integration-test/target/test-dir/MiniOzoneClusterImpl-c339c727-4e5f-46f6-bf12-daf0300b76af/datanode-5/data/containers/hdds of  storage type : DISK and capacity : 1482555576320
2019-10-01 03:13:16,839 [main] INFO  volume.VolumeSet (VolumeSet.java:initializeVolumeSet(170)) - Added Volume : /workdir/hadoop-ozone/integration-test/target/test-dir/MiniOzoneClusterImpl-c339c727-4e5f-46f6-bf12-daf0300b76af/datanode-5/data/containers/hdds to VolumeSet
2019-10-01 03:13:16,839 [main] INFO  volume.ThrottledAsyncChecker (ThrottledAsyncChecker.java:schedule(139)) - Scheduling a check for org.apache.hadoop.ozone.container.common.volume.HddsVolume@1bd8afc8
2019-10-01 03:13:16,839 [main] INFO  volume.HddsVolumeChecker (HddsVolumeChecker.java:checkAllVolumes(202)) - Scheduled health check for volume org.apache.hadoop.ozone.container.common.volume.HddsVolume@1bd8afc8
2019-10-01 03:13:16,855 [main] INFO  impl.RaftServerProxy (ConfUtils.java:logGet(43)) - raft.rpc.type = GRPC (default)
2019-10-01 03:13:16,855 [main] INFO  grpc.GrpcFactory (GrpcFactory.java:checkPooledByteBufAllocatorUseCacheForAllThreads(45)) - PERFORMANCE WARNING: useCacheForAllThreads is true that may cause Netty to create a lot garbage objects and, as a result, trigger GC.
	It is recommended to disable useCacheForAllThreads by setting -Dorg.apache.ratis.thirdparty.io.netty.allocator.useCacheForAllThreads=false in command line.
2019-10-01 03:13:16,856 [main] INFO  grpc.GrpcConfigKeys$Server (ConfUtils.java:logGet(43)) - raft.grpc.server.port = 0 (default)
2019-10-01 03:13:16,856 [main] INFO  server.GrpcService (ConfUtils.java:logGet(43)) - raft.grpc.message.size.max = 33570816 (custom)
2019-10-01 03:13:16,856 [main] INFO  server.RaftServerConfigKeys (ConfUtils.java:logGet(43)) - raft.server.log.appender.buffer.byte-limit = 33554432 (custom)
2019-10-01 03:13:16,856 [main] INFO  server.GrpcService (ConfUtils.java:logGet(43)) - raft.grpc.flow.control.window = 1MB (=1048576) (default)
2019-10-01 03:13:16,857 [main] INFO  server.RaftServerConfigKeys (ConfUtils.java:logGet(43)) - raft.server.rpc.request.timeout = 3000ms (default)
2019-10-01 03:13:16,857 [main] INFO  server.RaftServerConfigKeys (ConfUtils.java:logGet(43)) - raft.server.storage.dir = [/workdir/hadoop-ozone/integration-test/target/test-dir/MiniOzoneClusterImpl-c339c727-4e5f-46f6-bf12-daf0300b76af/datanode-5/data/ratis] (custom)
2019-10-01 03:13:16,858 [main] INFO  hdfs.DFSUtil (DFSUtil.java:httpServerTemplateForNNAndJN(1641)) - Starting Web-server for hddsDatanode at: http://0.0.0.0:0
2019-10-01 03:13:16,860 [main] INFO  server.AuthenticationFilter (AuthenticationFilter.java:constructSecretProvider(240)) - Unable to initialize FileSignerSecretProvider, falling back to use random secrets.
2019-10-01 03:13:16,860 [main] WARN  http.HttpRequestLog (HttpRequestLog.java:getRequestLog(97)) - Jetty request log can only be enabled using Log4j
2019-10-01 03:13:16,861 [main] INFO  http.HttpServer2 (HttpServer2.java:addGlobalFilter(975)) - Added global filter 'safety' (class=org.apache.hadoop.http.HttpServer2$QuotingInputFilter)
2019-10-01 03:13:16,861 [main] INFO  http.HttpServer2 (HttpServer2.java:addFilter(948)) - Added filter static_user_filter (class=org.apache.hadoop.http.lib.StaticUserWebFilter$StaticUserFilter) to context hddsDatanode
2019-10-01 03:13:16,861 [main] INFO  http.HttpServer2 (HttpServer2.java:addFilter(958)) - Added filter static_user_filter (class=org.apache.hadoop.http.lib.StaticUserWebFilter$StaticUserFilter) to context logs
2019-10-01 03:13:16,862 [main] INFO  http.HttpServer2 (HttpServer2.java:addFilter(958)) - Added filter static_user_filter (class=org.apache.hadoop.http.lib.StaticUserWebFilter$StaticUserFilter) to context static
2019-10-01 03:13:16,862 [main] INFO  http.HttpServer2 (HttpServer2.java:bindListener(1191)) - Jetty bound to port 37571
2019-10-01 03:13:16,862 [main] INFO  server.Server (Server.java:doStart(351)) - jetty-9.3.25.v20180904, build timestamp: 2018-09-04T21:11:46Z, git hash: 3ce520221d0240229c862b122d2b06c12a625732
2019-10-01 03:13:16,864 [main] INFO  handler.ContextHandler (ContextHandler.java:doStart(781)) - Started o.e.j.s.ServletContextHandler@640d604{/logs,file:///workdir/hadoop-ozone/integration-test/target/log,AVAILABLE}
2019-10-01 03:13:16,864 [main] INFO  handler.ContextHandler (ContextHandler.java:doStart(781)) - Started o.e.j.s.ServletContextHandler@5438fa43{/static,jar:file:/home/user/.m2/repository/org/apache/hadoop/hadoop-hdds-container-service/0.5.0-SNAPSHOT/hadoop-hdds-container-service-0.5.0-SNAPSHOT.jar!/webapps/static,AVAILABLE}
2019-10-01 03:13:16,890 [main] INFO  handler.ContextHandler (ContextHandler.java:doStart(781)) - Started o.e.j.w.WebAppContext@691567ea{/,file:///tmp/jetty-0.0.0.0-37571-hddsDatanode-_-any-2178581583630960312.dir/webapp/,AVAILABLE}{/hddsDatanode}
2019-10-01 03:13:16,890 [main] INFO  server.AbstractConnector (AbstractConnector.java:doStart(278)) - Started ServerConnector@5cfed0ba{HTTP/1.1,[http/1.1]}{0.0.0.0:37571}
2019-10-01 03:13:16,895 [main] INFO  server.Server (Server.java:doStart(419)) - Started @201002ms
2019-10-01 03:13:16,896 [main] WARN  impl.MetricsSystemImpl (MetricsSystemImpl.java:register(276)) - Sink prometheus already exists!
2019-10-01 03:13:16,896 [main] INFO  server.BaseHttpServer (BaseHttpServer.java:updateConnectorAddress(215)) - HTTP server of HDDSDATANODE is listening at http://0.0.0.0:37571
2019-10-01 03:13:16,897 [main] INFO  impl.MetricsSystemImpl (MetricsSystemImpl.java:init(158)) - HddsDatanode metrics system started (again)
2019-10-01 03:13:16,924 [org.apache.hadoop.util.JvmPauseMonitor$Monitor@6638b411] INFO  util.JvmPauseMonitor (JvmPauseMonitor.java:run(188)) - Starting JVM pause monitor
2019-10-01 03:13:16,925 [main] INFO  ozone.HddsDatanodeService (HddsDatanodeService.java:start(184)) - HddsDatanodeService host:pr-hdds-1984-288rd-2703005633 ip:192.168.164.230
2019-10-01 03:13:16,925 [Datanode State Machine Thread - 0] INFO  datanode.InitDatanodeState (InitDatanodeState.java:persistContainerDatanodeDetails(140)) - DatanodeDetails is persisted to /workdir/hadoop-ozone/integration-test/target/test-dir/MiniOzoneClusterImpl-c339c727-4e5f-46f6-bf12-daf0300b76af/datanode-5/meta/datanode.id
2019-10-01 03:13:16,939 [main] INFO  volume.HddsVolume (HddsVolume.java:<init>(176)) - Creating Volume: /workdir/hadoop-ozone/integration-test/target/test-dir/MiniOzoneClusterImpl-c339c727-4e5f-46f6-bf12-daf0300b76af/datanode-6/data/containers/hdds of  storage type : DISK and capacity : 1482555576320
2019-10-01 03:13:16,940 [main] INFO  volume.VolumeSet (VolumeSet.java:initializeVolumeSet(170)) - Added Volume : /workdir/hadoop-ozone/integration-test/target/test-dir/MiniOzoneClusterImpl-c339c727-4e5f-46f6-bf12-daf0300b76af/datanode-6/data/containers/hdds to VolumeSet
2019-10-01 03:13:16,940 [main] INFO  volume.ThrottledAsyncChecker (ThrottledAsyncChecker.java:schedule(139)) - Scheduling a check for org.apache.hadoop.ozone.container.common.volume.HddsVolume@2589d787
2019-10-01 03:13:16,941 [main] INFO  volume.HddsVolumeChecker (HddsVolumeChecker.java:checkAllVolumes(202)) - Scheduled health check for volume org.apache.hadoop.ozone.container.common.volume.HddsVolume@2589d787
2019-10-01 03:13:16,957 [main] INFO  impl.RaftServerProxy (ConfUtils.java:logGet(43)) - raft.rpc.type = GRPC (default)
2019-10-01 03:13:16,958 [main] INFO  grpc.GrpcFactory (GrpcFactory.java:checkPooledByteBufAllocatorUseCacheForAllThreads(45)) - PERFORMANCE WARNING: useCacheForAllThreads is true that may cause Netty to create a lot garbage objects and, as a result, trigger GC.
	It is recommended to disable useCacheForAllThreads by setting -Dorg.apache.ratis.thirdparty.io.netty.allocator.useCacheForAllThreads=false in command line.
2019-10-01 03:13:16,958 [main] INFO  grpc.GrpcConfigKeys$Server (ConfUtils.java:logGet(43)) - raft.grpc.server.port = 0 (default)
2019-10-01 03:13:16,958 [main] INFO  server.GrpcService (ConfUtils.java:logGet(43)) - raft.grpc.message.size.max = 33570816 (custom)
2019-10-01 03:13:16,958 [main] INFO  server.RaftServerConfigKeys (ConfUtils.java:logGet(43)) - raft.server.log.appender.buffer.byte-limit = 33554432 (custom)
2019-10-01 03:13:16,958 [main] INFO  server.GrpcService (ConfUtils.java:logGet(43)) - raft.grpc.flow.control.window = 1MB (=1048576) (default)
2019-10-01 03:13:16,958 [main] INFO  server.RaftServerConfigKeys (ConfUtils.java:logGet(43)) - raft.server.rpc.request.timeout = 3000ms (default)
2019-10-01 03:13:16,959 [main] INFO  server.RaftServerConfigKeys (ConfUtils.java:logGet(43)) - raft.server.storage.dir = [/workdir/hadoop-ozone/integration-test/target/test-dir/MiniOzoneClusterImpl-c339c727-4e5f-46f6-bf12-daf0300b76af/datanode-6/data/ratis] (custom)
2019-10-01 03:13:16,960 [main] INFO  hdfs.DFSUtil (DFSUtil.java:httpServerTemplateForNNAndJN(1641)) - Starting Web-server for hddsDatanode at: http://0.0.0.0:0
2019-10-01 03:13:16,961 [main] INFO  server.AuthenticationFilter (AuthenticationFilter.java:constructSecretProvider(240)) - Unable to initialize FileSignerSecretProvider, falling back to use random secrets.
2019-10-01 03:13:16,962 [main] WARN  http.HttpRequestLog (HttpRequestLog.java:getRequestLog(97)) - Jetty request log can only be enabled using Log4j
2019-10-01 03:13:16,963 [main] INFO  http.HttpServer2 (HttpServer2.java:addGlobalFilter(975)) - Added global filter 'safety' (class=org.apache.hadoop.http.HttpServer2$QuotingInputFilter)
2019-10-01 03:13:16,963 [main] INFO  http.HttpServer2 (HttpServer2.java:addFilter(948)) - Added filter static_user_filter (class=org.apache.hadoop.http.lib.StaticUserWebFilter$StaticUserFilter) to context hddsDatanode
2019-10-01 03:13:16,963 [main] INFO  http.HttpServer2 (HttpServer2.java:addFilter(958)) - Added filter static_user_filter (class=org.apache.hadoop.http.lib.StaticUserWebFilter$StaticUserFilter) to context logs
2019-10-01 03:13:16,963 [main] INFO  http.HttpServer2 (HttpServer2.java:addFilter(958)) - Added filter static_user_filter (class=org.apache.hadoop.http.lib.StaticUserWebFilter$StaticUserFilter) to context static
2019-10-01 03:13:16,964 [main] INFO  http.HttpServer2 (HttpServer2.java:bindListener(1191)) - Jetty bound to port 43591
2019-10-01 03:13:16,964 [main] INFO  server.Server (Server.java:doStart(351)) - jetty-9.3.25.v20180904, build timestamp: 2018-09-04T21:11:46Z, git hash: 3ce520221d0240229c862b122d2b06c12a625732
2019-10-01 03:13:16,965 [main] INFO  handler.ContextHandler (ContextHandler.java:doStart(781)) - Started o.e.j.s.ServletContextHandler@538a2f0e{/logs,file:///workdir/hadoop-ozone/integration-test/target/log,AVAILABLE}
2019-10-01 03:13:16,966 [main] INFO  handler.ContextHandler (ContextHandler.java:doStart(781)) - Started o.e.j.s.ServletContextHandler@508ad266{/static,jar:file:/home/user/.m2/repository/org/apache/hadoop/hadoop-hdds-container-service/0.5.0-SNAPSHOT/hadoop-hdds-container-service-0.5.0-SNAPSHOT.jar!/webapps/static,AVAILABLE}
2019-10-01 03:13:17,001 [main] INFO  handler.ContextHandler (ContextHandler.java:doStart(781)) - Started o.e.j.w.WebAppContext@4b7ed03e{/,file:///tmp/jetty-0.0.0.0-43591-hddsDatanode-_-any-889099849777138079.dir/webapp/,AVAILABLE}{/hddsDatanode}
2019-10-01 03:13:17,001 [main] INFO  server.AbstractConnector (AbstractConnector.java:doStart(278)) - Started ServerConnector@636985df{HTTP/1.1,[http/1.1]}{0.0.0.0:43591}
2019-10-01 03:13:17,005 [main] INFO  server.Server (Server.java:doStart(419)) - Started @201112ms
2019-10-01 03:13:17,005 [main] WARN  impl.MetricsSystemImpl (MetricsSystemImpl.java:register(276)) - Sink prometheus already exists!
2019-10-01 03:13:17,006 [main] INFO  server.BaseHttpServer (BaseHttpServer.java:updateConnectorAddress(215)) - HTTP server of HDDSDATANODE is listening at http://0.0.0.0:43591
2019-10-01 03:13:17,007 [main] INFO  ozone.MiniOzoneClusterImpl (MiniOzoneClusterImpl.java:lambda$waitForClusterToBeReady$0(147)) - Waiting for cluster to be ready. Got 0 of 7 DN Heartbeats.
2019-10-01 03:13:17,007 [org.apache.hadoop.util.JvmPauseMonitor$Monitor@2ef86118] INFO  util.JvmPauseMonitor (JvmPauseMonitor.java:run(188)) - Starting JVM pause monitor
2019-10-01 03:13:17,008 [Datanode State Machine Thread - 0] INFO  datanode.InitDatanodeState (InitDatanodeState.java:persistContainerDatanodeDetails(140)) - DatanodeDetails is persisted to /workdir/hadoop-ozone/integration-test/target/test-dir/MiniOzoneClusterImpl-c339c727-4e5f-46f6-bf12-daf0300b76af/datanode-6/meta/datanode.id
2019-10-01 03:13:18,011 [main] INFO  ozone.MiniOzoneClusterImpl (MiniOzoneClusterImpl.java:lambda$waitForClusterToBeReady$0(147)) - Waiting for cluster to be ready. Got 0 of 7 DN Heartbeats.
2019-10-01 03:13:18,490 [Datanode State Machine Thread - 0] INFO  ozoneimpl.OzoneContainer (OzoneContainer.java:start(217)) - Attempting to start container services.
2019-10-01 03:13:18,490 [Datanode State Machine Thread - 0] INFO  ozoneimpl.OzoneContainer (OzoneContainer.java:startContainerScrub(179)) - Background container scanner has been disabled.
2019-10-01 03:13:18,490 [Datanode State Machine Thread - 0] INFO  ratis.XceiverServerRatis (XceiverServerRatis.java:start(417)) - Starting XceiverServerRatis 2a7cb8bd-ee4f-4813-91da-1d423353c69d at port 0
2019-10-01 03:13:18,494 [Datanode State Machine Thread - 0] INFO  impl.RaftServerProxy (RaftServerProxy.java:lambda$start$3(299)) - 2a7cb8bd-ee4f-4813-91da-1d423353c69d: start RPC server
2019-10-01 03:13:18,512 [Datanode State Machine Thread - 0] INFO  server.GrpcService (GrpcService.java:startImpl(158)) - 2a7cb8bd-ee4f-4813-91da-1d423353c69d: GrpcService started, listening on 0.0.0.0/0.0.0.0:38852
2019-10-01 03:13:18,512 [Datanode State Machine Thread - 0] INFO  ratis.XceiverServerRatis (XceiverServerRatis.java:start(427)) - XceiverServerRatis 2a7cb8bd-ee4f-4813-91da-1d423353c69d is started using port 38852
2019-10-01 03:13:18,513 [Datanode State Machine Thread - 0] INFO  server.XceiverServerGrpc (XceiverServerGrpc.java:start(149)) - XceiverServerGrpc 2a7cb8bd-ee4f-4813-91da-1d423353c69d is started using port 44388
2019-10-01 03:13:18,549 [Datanode State Machine Thread - 0] INFO  ozoneimpl.OzoneContainer (OzoneContainer.java:start(217)) - Attempting to start container services.
2019-10-01 03:13:18,549 [Datanode State Machine Thread - 0] INFO  ozoneimpl.OzoneContainer (OzoneContainer.java:startContainerScrub(179)) - Background container scanner has been disabled.
2019-10-01 03:13:18,549 [Datanode State Machine Thread - 0] INFO  ratis.XceiverServerRatis (XceiverServerRatis.java:start(417)) - Starting XceiverServerRatis ccf91022-5681-4351-8dcb-f8c6f14016e7 at port 0
2019-10-01 03:13:18,554 [Datanode State Machine Thread - 0] INFO  impl.RaftServerProxy (RaftServerProxy.java:lambda$start$3(299)) - ccf91022-5681-4351-8dcb-f8c6f14016e7: start RPC server
2019-10-01 03:13:18,556 [Datanode State Machine Thread - 0] INFO  server.GrpcService (GrpcService.java:startImpl(158)) - ccf91022-5681-4351-8dcb-f8c6f14016e7: GrpcService started, listening on 0.0.0.0/0.0.0.0:44859
2019-10-01 03:13:18,556 [Datanode State Machine Thread - 0] INFO  ratis.XceiverServerRatis (XceiverServerRatis.java:start(427)) - XceiverServerRatis ccf91022-5681-4351-8dcb-f8c6f14016e7 is started using port 44859
2019-10-01 03:13:18,559 [Datanode State Machine Thread - 0] INFO  server.XceiverServerGrpc (XceiverServerGrpc.java:start(149)) - XceiverServerGrpc ccf91022-5681-4351-8dcb-f8c6f14016e7 is started using port 39221
2019-10-01 03:13:18,631 [Datanode State Machine Thread - 0] INFO  ozoneimpl.OzoneContainer (OzoneContainer.java:start(217)) - Attempting to start container services.
2019-10-01 03:13:18,631 [Datanode State Machine Thread - 0] INFO  ozoneimpl.OzoneContainer (OzoneContainer.java:startContainerScrub(179)) - Background container scanner has been disabled.
2019-10-01 03:13:18,631 [Datanode State Machine Thread - 0] INFO  ratis.XceiverServerRatis (XceiverServerRatis.java:start(417)) - Starting XceiverServerRatis 7a503811-1a31-4b35-aa78-4c5096fd423f at port 0
2019-10-01 03:13:18,636 [Datanode State Machine Thread - 0] INFO  impl.RaftServerProxy (RaftServerProxy.java:lambda$start$3(299)) - 7a503811-1a31-4b35-aa78-4c5096fd423f: start RPC server
2019-10-01 03:13:18,640 [Datanode State Machine Thread - 0] INFO  server.GrpcService (GrpcService.java:startImpl(158)) - 7a503811-1a31-4b35-aa78-4c5096fd423f: GrpcService started, listening on 0.0.0.0/0.0.0.0:46816
2019-10-01 03:13:18,640 [Datanode State Machine Thread - 0] INFO  ratis.XceiverServerRatis (XceiverServerRatis.java:start(427)) - XceiverServerRatis 7a503811-1a31-4b35-aa78-4c5096fd423f is started using port 46816
2019-10-01 03:13:18,641 [Datanode State Machine Thread - 0] INFO  server.XceiverServerGrpc (XceiverServerGrpc.java:start(149)) - XceiverServerGrpc 7a503811-1a31-4b35-aa78-4c5096fd423f is started using port 35077
2019-10-01 03:13:18,746 [Datanode State Machine Thread - 0] INFO  ozoneimpl.OzoneContainer (OzoneContainer.java:start(217)) - Attempting to start container services.
2019-10-01 03:13:18,746 [Datanode State Machine Thread - 0] INFO  ozoneimpl.OzoneContainer (OzoneContainer.java:startContainerScrub(179)) - Background container scanner has been disabled.
2019-10-01 03:13:18,746 [Datanode State Machine Thread - 0] INFO  ratis.XceiverServerRatis (XceiverServerRatis.java:start(417)) - Starting XceiverServerRatis 39ad8518-91a1-4a9e-b727-e873a78ef0dc at port 0
2019-10-01 03:13:18,752 [Datanode State Machine Thread - 0] INFO  impl.RaftServerProxy (RaftServerProxy.java:lambda$start$3(299)) - 39ad8518-91a1-4a9e-b727-e873a78ef0dc: start RPC server
2019-10-01 03:13:18,756 [Datanode State Machine Thread - 0] INFO  server.GrpcService (GrpcService.java:startImpl(158)) - 39ad8518-91a1-4a9e-b727-e873a78ef0dc: GrpcService started, listening on 0.0.0.0/0.0.0.0:33076
2019-10-01 03:13:18,756 [Datanode State Machine Thread - 0] INFO  ratis.XceiverServerRatis (XceiverServerRatis.java:start(427)) - XceiverServerRatis 39ad8518-91a1-4a9e-b727-e873a78ef0dc is started using port 33076
2019-10-01 03:13:18,760 [Datanode State Machine Thread - 0] INFO  server.XceiverServerGrpc (XceiverServerGrpc.java:start(149)) - XceiverServerGrpc 39ad8518-91a1-4a9e-b727-e873a78ef0dc is started using port 36244
2019-10-01 03:13:18,841 [Datanode State Machine Thread - 0] INFO  ozoneimpl.OzoneContainer (OzoneContainer.java:start(217)) - Attempting to start container services.
2019-10-01 03:13:18,841 [Datanode State Machine Thread - 0] INFO  ozoneimpl.OzoneContainer (OzoneContainer.java:startContainerScrub(179)) - Background container scanner has been disabled.
2019-10-01 03:13:18,841 [Datanode State Machine Thread - 0] INFO  ratis.XceiverServerRatis (XceiverServerRatis.java:start(417)) - Starting XceiverServerRatis 2a9899ba-3a88-4481-a522-256fa22dc393 at port 0
2019-10-01 03:13:18,847 [Datanode State Machine Thread - 0] INFO  impl.RaftServerProxy (RaftServerProxy.java:lambda$start$3(299)) - 2a9899ba-3a88-4481-a522-256fa22dc393: start RPC server
2019-10-01 03:13:18,851 [Datanode State Machine Thread - 0] INFO  server.GrpcService (GrpcService.java:startImpl(158)) - 2a9899ba-3a88-4481-a522-256fa22dc393: GrpcService started, listening on 0.0.0.0/0.0.0.0:45683
2019-10-01 03:13:18,851 [Datanode State Machine Thread - 0] INFO  ratis.XceiverServerRatis (XceiverServerRatis.java:start(427)) - XceiverServerRatis 2a9899ba-3a88-4481-a522-256fa22dc393 is started using port 45683
2019-10-01 03:13:18,852 [Datanode State Machine Thread - 0] INFO  server.XceiverServerGrpc (XceiverServerGrpc.java:start(149)) - XceiverServerGrpc 2a9899ba-3a88-4481-a522-256fa22dc393 is started using port 33552
2019-10-01 03:13:18,938 [Datanode State Machine Thread - 0] INFO  ozoneimpl.OzoneContainer (OzoneContainer.java:start(217)) - Attempting to start container services.
2019-10-01 03:13:18,938 [Datanode State Machine Thread - 0] INFO  ozoneimpl.OzoneContainer (OzoneContainer.java:startContainerScrub(179)) - Background container scanner has been disabled.
2019-10-01 03:13:18,939 [Datanode State Machine Thread - 0] INFO  ratis.XceiverServerRatis (XceiverServerRatis.java:start(417)) - Starting XceiverServerRatis 0f149dc2-93b5-49be-8207-1a37abfc29a4 at port 0
2019-10-01 03:13:18,944 [Datanode State Machine Thread - 0] INFO  impl.RaftServerProxy (RaftServerProxy.java:lambda$start$3(299)) - 0f149dc2-93b5-49be-8207-1a37abfc29a4: start RPC server
2019-10-01 03:13:18,944 [Datanode State Machine Thread - 0] INFO  server.GrpcService (GrpcService.java:startImpl(158)) - 0f149dc2-93b5-49be-8207-1a37abfc29a4: GrpcService started, listening on 0.0.0.0/0.0.0.0:38807
2019-10-01 03:13:18,944 [Datanode State Machine Thread - 0] INFO  ratis.XceiverServerRatis (XceiverServerRatis.java:start(427)) - XceiverServerRatis 0f149dc2-93b5-49be-8207-1a37abfc29a4 is started using port 38807
2019-10-01 03:13:18,945 [Datanode State Machine Thread - 0] INFO  server.XceiverServerGrpc (XceiverServerGrpc.java:start(149)) - XceiverServerGrpc 0f149dc2-93b5-49be-8207-1a37abfc29a4 is started using port 37827
2019-10-01 03:13:19,012 [main] INFO  ozone.MiniOzoneClusterImpl (MiniOzoneClusterImpl.java:lambda$waitForClusterToBeReady$0(147)) - Waiting for cluster to be ready. Got 0 of 7 DN Heartbeats.
2019-10-01 03:13:19,020 [Datanode State Machine Thread - 0] INFO  ozoneimpl.OzoneContainer (OzoneContainer.java:start(217)) - Attempting to start container services.
2019-10-01 03:13:19,020 [Datanode State Machine Thread - 0] INFO  ozoneimpl.OzoneContainer (OzoneContainer.java:startContainerScrub(179)) - Background container scanner has been disabled.
2019-10-01 03:13:19,020 [Datanode State Machine Thread - 0] INFO  ratis.XceiverServerRatis (XceiverServerRatis.java:start(417)) - Starting XceiverServerRatis a63593a8-f5c9-4190-a87a-91119d13fd7c at port 0
2019-10-01 03:13:19,025 [Datanode State Machine Thread - 0] INFO  impl.RaftServerProxy (RaftServerProxy.java:lambda$start$3(299)) - a63593a8-f5c9-4190-a87a-91119d13fd7c: start RPC server
2019-10-01 03:13:19,030 [Datanode State Machine Thread - 0] INFO  server.GrpcService (GrpcService.java:startImpl(158)) - a63593a8-f5c9-4190-a87a-91119d13fd7c: GrpcService started, listening on 0.0.0.0/0.0.0.0:33020
2019-10-01 03:13:19,030 [Datanode State Machine Thread - 0] INFO  ratis.XceiverServerRatis (XceiverServerRatis.java:start(427)) - XceiverServerRatis a63593a8-f5c9-4190-a87a-91119d13fd7c is started using port 33020
2019-10-01 03:13:19,048 [Datanode State Machine Thread - 0] INFO  server.XceiverServerGrpc (XceiverServerGrpc.java:start(149)) - XceiverServerGrpc a63593a8-f5c9-4190-a87a-91119d13fd7c is started using port 43959
2019-10-01 03:13:20,012 [main] INFO  ozone.MiniOzoneClusterImpl (MiniOzoneClusterImpl.java:lambda$waitForClusterToBeReady$0(147)) - Waiting for cluster to be ready. Got 0 of 7 DN Heartbeats.
2019-10-01 03:13:20,443 [IPC Server handler 4 on 40736] INFO  net.NetworkTopology (NetworkTopologyImpl.java:add(111)) - Added a new node: /default-rack/2a7cb8bd-ee4f-4813-91da-1d423353c69d
2019-10-01 03:13:20,446 [IPC Server handler 4 on 40736] INFO  node.SCMNodeManager (SCMNodeManager.java:register(266)) - Registered Data node : 2a7cb8bd-ee4f-4813-91da-1d423353c69d{ip: 192.168.164.230, host: pr-hdds-1984-288rd-2703005633, networkLocation: /default-rack, certSerialId: null}
2019-10-01 03:13:20,448 [EventQueue-NodeRegistrationContainerReportForDataNodeSafeModeRule] INFO  safemode.SCMSafeModeManager (DataNodeSafeModeRule.java:process(71)) - SCM in safe mode. 1 DataNodes registered, 1 required.
2019-10-01 03:13:20,451 [EventQueue-NodeRegistrationContainerReportForDataNodeSafeModeRule] INFO  safemode.SCMSafeModeManager (SCMSafeModeManager.java:validateSafeModeExitRules(177)) - ScmSafeModeManager, all rules are successfully validated
2019-10-01 03:13:20,451 [EventQueue-NodeRegistrationContainerReportForDataNodeSafeModeRule] INFO  safemode.SCMSafeModeManager (SCMSafeModeManager.java:exitSafeMode(193)) - SCM exiting safe mode.
2019-10-01 03:13:20,470 [grpc-default-executor-10] INFO  impl.RaftServerProxy (RaftServerProxy.java:addNew(89)) - 2a7cb8bd-ee4f-4813-91da-1d423353c69d: addNew group-21AB88AD55D8:[2a7cb8bd-ee4f-4813-91da-1d423353c69d:192.168.164.230:38852] returns group-21AB88AD55D8:java.util.concurrent.CompletableFuture@4a3c8674[Not completed]
2019-10-01 03:13:20,471 [pool-380-thread-1] INFO  impl.RaftServerImpl (RaftServerImpl.java:<init>(95)) - 2a7cb8bd-ee4f-4813-91da-1d423353c69d: new RaftServerImpl for group-21AB88AD55D8:[2a7cb8bd-ee4f-4813-91da-1d423353c69d:192.168.164.230:38852] with ContainerStateMachine:uninitialized
2019-10-01 03:13:20,472 [pool-380-thread-1] INFO  server.RaftServerConfigKeys (ConfUtils.java:logGet(43)) - raft.server.rpc.timeout.min = 5s (custom)
2019-10-01 03:13:20,472 [pool-380-thread-1] INFO  server.RaftServerConfigKeys (ConfUtils.java:logGet(43)) - raft.server.rpc.timeout.max = 5200ms (custom)
2019-10-01 03:13:20,472 [pool-380-thread-1] INFO  server.RaftServerConfigKeys (ConfUtils.java:logGet(43)) - raft.server.rpcslowness.timeout = 120s (custom)
2019-10-01 03:13:20,472 [pool-380-thread-1] INFO  server.RaftServerConfigKeys (ConfUtils.java:logGet(43)) - raft.server.sleep.deviation.threshold = 300 (default)
2019-10-01 03:13:20,472 [pool-380-thread-1] INFO  server.RaftServerConfigKeys (ConfUtils.java:logGet(43)) - raft.server.log.appender.install.snapshot.enabled = false (custom)
2019-10-01 03:13:20,472 [pool-380-thread-1] INFO  impl.RaftServerImpl (ServerState.java:<init>(103)) - 2a7cb8bd-ee4f-4813-91da-1d423353c69d@group-21AB88AD55D8: ConfigurationManager, init=-1: [2a7cb8bd-ee4f-4813-91da-1d423353c69d:192.168.164.230:38852], old=null, confs=<EMPTY_MAP>
2019-10-01 03:13:20,472 [pool-380-thread-1] INFO  server.RaftServerConfigKeys (ConfUtils.java:logGet(43)) - raft.server.storage.dir = [/workdir/hadoop-ozone/integration-test/target/test-dir/MiniOzoneClusterImpl-c339c727-4e5f-46f6-bf12-daf0300b76af/datanode-0/data/ratis] (custom)
2019-10-01 03:13:20,472 [pool-380-thread-1] INFO  server.RaftServerConfigKeys (ConfUtils.java:logGet(43)) - raft.server.log.corruption.policy = EXCEPTION (default)
2019-10-01 03:13:20,473 [pool-380-thread-1] INFO  storage.RaftStorageDirectory (RaftStorageDirectory.java:analyzeStorage(246)) - The storage directory /workdir/hadoop-ozone/integration-test/target/test-dir/MiniOzoneClusterImpl-c339c727-4e5f-46f6-bf12-daf0300b76af/datanode-0/data/ratis/971d8db7-0790-4cfa-884f-21ab88ad55d8 does not exist. Creating ...
2019-10-01 03:13:20,487 [pool-380-thread-1] INFO  storage.RaftStorageDirectory (RaftStorageDirectory.java:tryLock(328)) - Lock on /workdir/hadoop-ozone/integration-test/target/test-dir/MiniOzoneClusterImpl-c339c727-4e5f-46f6-bf12-daf0300b76af/datanode-0/data/ratis/971d8db7-0790-4cfa-884f-21ab88ad55d8/in_use.lock acquired by nodename 6751@pr-hdds-1984-288rd-2703005633
2019-10-01 03:13:20,500 [pool-380-thread-1] INFO  storage.RaftStorage (RaftStorage.java:format(84)) - Storage directory /workdir/hadoop-ozone/integration-test/target/test-dir/MiniOzoneClusterImpl-c339c727-4e5f-46f6-bf12-daf0300b76af/datanode-0/data/ratis/971d8db7-0790-4cfa-884f-21ab88ad55d8 has been successfully formatted.
2019-10-01 03:13:20,500 [pool-380-thread-1] INFO  ratis.ContainerStateMachine (ContainerStateMachine.java:loadSnapshot(230)) - group-21AB88AD55D8: The snapshot info is null. Setting the last applied indexto:(t:0, i:~)
2019-10-01 03:13:20,500 [pool-380-thread-1] INFO  server.RaftServerConfigKeys (ConfUtils.java:logGet(43)) - raft.server.notification.no-leader.timeout = 120s (custom)
2019-10-01 03:13:20,501 [pool-380-thread-1] INFO  server.RaftServerConfigKeys (ConfUtils.java:logGet(43)) - raft.server.log.use.memory = false (default)
2019-10-01 03:13:20,501 [pool-380-thread-1] INFO  server.RaftServerConfigKeys (ConfUtils.java:logGet(43)) - raft.server.log.purge.gap = 1000000 (custom)
2019-10-01 03:13:20,501 [pool-380-thread-1] INFO  server.RaftServerConfigKeys (ConfUtils.java:logGet(43)) - raft.server.log.appender.buffer.byte-limit = 33554432 (custom)
2019-10-01 03:13:20,501 [pool-380-thread-1] INFO  server.RaftServerConfigKeys (ConfUtils.java:logGet(43)) - raft.server.log.segment.size.max = 1048576 (custom)
2019-10-01 03:13:20,502 [pool-380-thread-1] INFO  server.RaftServerConfigKeys (ConfUtils.java:logGet(43)) - raft.server.log.segment.cache.num.max = 2 (custom)
2019-10-01 03:13:20,502 [pool-380-thread-1] INFO  segmented.SegmentedRaftLogWorker (SegmentedRaftLogWorker.java:<init>(173)) - new 2a7cb8bd-ee4f-4813-91da-1d423353c69d@group-21AB88AD55D8-SegmentedRaftLogWorker for RaftStorage:Storage Directory /workdir/hadoop-ozone/integration-test/target/test-dir/MiniOzoneClusterImpl-c339c727-4e5f-46f6-bf12-daf0300b76af/datanode-0/data/ratis/971d8db7-0790-4cfa-884f-21ab88ad55d8
2019-10-01 03:13:20,502 [pool-380-thread-1] INFO  server.RaftServerConfigKeys (ConfUtils.java:logGet(43)) - raft.server.log.queue.byte-limit = 2147483647 (custom)
2019-10-01 03:13:20,502 [pool-380-thread-1] INFO  server.RaftServerConfigKeys (ConfUtils.java:logGet(43)) - raft.server.log.queue.element-limit = 1024 (custom)
2019-10-01 03:13:20,503 [pool-380-thread-1] INFO  server.RaftServerConfigKeys (ConfUtils.java:logGet(43)) - raft.server.log.segment.size.max = 1048576 (custom)
2019-10-01 03:13:20,503 [pool-380-thread-1] INFO  server.RaftServerConfigKeys (ConfUtils.java:logGet(43)) - raft.server.log.preallocated.size = 16384 (custom)
2019-10-01 03:13:20,503 [pool-380-thread-1] INFO  server.RaftServerConfigKeys (ConfUtils.java:logGet(43)) - raft.server.log.write.buffer.size = 33554432 (custom)
2019-10-01 03:13:20,503 [pool-380-thread-1] INFO  server.RaftServerConfigKeys (ConfUtils.java:logGet(43)) - raft.server.log.force.sync.num = 128 (default)
2019-10-01 03:13:20,503 [pool-380-thread-1] INFO  server.RaftServerConfigKeys (ConfUtils.java:logGet(43)) - raft.server.log.statemachine.data.sync = true (default)
2019-10-01 03:13:20,503 [pool-380-thread-1] INFO  server.RaftServerConfigKeys (ConfUtils.java:logGet(43)) - raft.server.log.statemachine.data.sync.timeout = 10s (default)
2019-10-01 03:13:20,503 [pool-380-thread-1] INFO  server.RaftServerConfigKeys (ConfUtils.java:logGet(43)) - raft.server.log.statemachine.data.sync.timeout.retry = -1 (default)
2019-10-01 03:13:20,503 [pool-380-thread-1] INFO  server.RaftServerConfigKeys (ConfUtils.java:logGet(43)) - raft.server.log.statemachine.data.caching.enabled = true (custom)
2019-10-01 03:13:20,504 [pool-380-thread-1] INFO  segmented.SegmentedRaftLogWorker (SegmentedRaftLogWorker.java:lambda$new$0(128)) - 2a7cb8bd-ee4f-4813-91da-1d423353c69d@group-21AB88AD55D8-SegmentedRaftLogWorker: flushIndex: setUnconditionally 0 -> -1
2019-10-01 03:13:20,504 [pool-380-thread-1] INFO  server.RaftServerConfigKeys (ConfUtils.java:logGet(43)) - raft.server.snapshot.auto.trigger.enabled = true (custom)
2019-10-01 03:13:20,504 [pool-380-thread-1] INFO  server.RaftServerConfigKeys (ConfUtils.java:logGet(43)) - raft.server.snapshot.auto.trigger.threshold = 10000 (custom)
2019-10-01 03:13:20,504 [pool-380-thread-1] INFO  server.RaftServerConfigKeys (ConfUtils.java:logGet(43)) - raft.server.snapshot.retention.file.num = 5 (custom)
2019-10-01 03:13:20,504 [pool-380-thread-1] INFO  server.RaftServerConfigKeys (ConfUtils.java:logGet(43)) - raft.server.retrycache.expirytime = 600000ms (custom)
2019-10-01 03:13:20,505 [pool-380-thread-1] INFO  impl.RaftServerImpl (RaftServerImpl.java:start(181)) - 2a7cb8bd-ee4f-4813-91da-1d423353c69d@group-21AB88AD55D8: start as a follower, conf=-1: [2a7cb8bd-ee4f-4813-91da-1d423353c69d:192.168.164.230:38852], old=null
2019-10-01 03:13:20,505 [pool-380-thread-1] INFO  impl.RaftServerImpl (RaftServerImpl.java:setRole(170)) - 2a7cb8bd-ee4f-4813-91da-1d423353c69d@group-21AB88AD55D8: changes role from      null to FOLLOWER at term 0 for startAsFollower
2019-10-01 03:13:20,505 [pool-380-thread-1] INFO  impl.RoleInfo (RoleInfo.java:updateAndGet(143)) - 2a7cb8bd-ee4f-4813-91da-1d423353c69d: start FollowerState
2019-10-01 03:13:20,506 [pool-380-thread-1] INFO  util.JmxRegister (JmxRegister.java:tryRegister(44)) - Successfully registered JMX Bean with object name Ratis:service=RaftServer,group=group-21AB88AD55D8,id=2a7cb8bd-ee4f-4813-91da-1d423353c69d
2019-10-01 03:13:20,520 [RatisPipelineUtilsThread] INFO  pipeline.PipelineStateManager (PipelineStateManager.java:addPipeline(56)) - Created pipeline Pipeline[ Id: 971d8db7-0790-4cfa-884f-21ab88ad55d8, Nodes: 2a7cb8bd-ee4f-4813-91da-1d423353c69d{ip: 192.168.164.230, host: pr-hdds-1984-288rd-2703005633, networkLocation: /default-rack, certSerialId: null}, Type:RATIS, Factor:ONE, State:OPEN]
2019-10-01 03:13:20,533 [IPC Server handler 5 on 40736] INFO  net.NetworkTopology (NetworkTopologyImpl.java:add(111)) - Added a new node: /default-rack/ccf91022-5681-4351-8dcb-f8c6f14016e7
2019-10-01 03:13:20,533 [IPC Server handler 5 on 40736] INFO  node.SCMNodeManager (SCMNodeManager.java:register(266)) - Registered Data node : ccf91022-5681-4351-8dcb-f8c6f14016e7{ip: 192.168.164.230, host: pr-hdds-1984-288rd-2703005633, networkLocation: /default-rack, certSerialId: null}
2019-10-01 03:13:20,553 [grpc-default-executor-10] INFO  impl.RaftServerProxy (RaftServerProxy.java:addNew(89)) - ccf91022-5681-4351-8dcb-f8c6f14016e7: addNew group-32CFCF8EBDEE:[ccf91022-5681-4351-8dcb-f8c6f14016e7:192.168.164.230:44859] returns group-32CFCF8EBDEE:java.util.concurrent.CompletableFuture@5e9fa227[Not completed]
2019-10-01 03:13:20,554 [pool-390-thread-1] INFO  impl.RaftServerImpl (RaftServerImpl.java:<init>(95)) - ccf91022-5681-4351-8dcb-f8c6f14016e7: new RaftServerImpl for group-32CFCF8EBDEE:[ccf91022-5681-4351-8dcb-f8c6f14016e7:192.168.164.230:44859] with ContainerStateMachine:uninitialized
2019-10-01 03:13:20,554 [pool-390-thread-1] INFO  server.RaftServerConfigKeys (ConfUtils.java:logGet(43)) - raft.server.rpc.timeout.min = 5s (custom)
2019-10-01 03:13:20,554 [pool-390-thread-1] INFO  server.RaftServerConfigKeys (ConfUtils.java:logGet(43)) - raft.server.rpc.timeout.max = 5200ms (custom)
2019-10-01 03:13:20,554 [pool-390-thread-1] INFO  server.RaftServerConfigKeys (ConfUtils.java:logGet(43)) - raft.server.rpcslowness.timeout = 120s (custom)
2019-10-01 03:13:20,555 [pool-390-thread-1] INFO  server.RaftServerConfigKeys (ConfUtils.java:logGet(43)) - raft.server.sleep.deviation.threshold = 300 (default)
2019-10-01 03:13:20,555 [pool-390-thread-1] INFO  server.RaftServerConfigKeys (ConfUtils.java:logGet(43)) - raft.server.log.appender.install.snapshot.enabled = false (custom)
2019-10-01 03:13:20,555 [pool-390-thread-1] INFO  impl.RaftServerImpl (ServerState.java:<init>(103)) - ccf91022-5681-4351-8dcb-f8c6f14016e7@group-32CFCF8EBDEE: ConfigurationManager, init=-1: [ccf91022-5681-4351-8dcb-f8c6f14016e7:192.168.164.230:44859], old=null, confs=<EMPTY_MAP>
2019-10-01 03:13:20,555 [pool-390-thread-1] INFO  server.RaftServerConfigKeys (ConfUtils.java:logGet(43)) - raft.server.storage.dir = [/workdir/hadoop-ozone/integration-test/target/test-dir/MiniOzoneClusterImpl-c339c727-4e5f-46f6-bf12-daf0300b76af/datanode-1/data/ratis] (custom)
2019-10-01 03:13:20,555 [pool-390-thread-1] INFO  server.RaftServerConfigKeys (ConfUtils.java:logGet(43)) - raft.server.log.corruption.policy = EXCEPTION (default)
2019-10-01 03:13:20,555 [pool-390-thread-1] INFO  storage.RaftStorageDirectory (RaftStorageDirectory.java:analyzeStorage(246)) - The storage directory /workdir/hadoop-ozone/integration-test/target/test-dir/MiniOzoneClusterImpl-c339c727-4e5f-46f6-bf12-daf0300b76af/datanode-1/data/ratis/e21f5be5-913d-4ae5-9f89-32cfcf8ebdee does not exist. Creating ...
2019-10-01 03:13:20,568 [pool-390-thread-1] INFO  storage.RaftStorageDirectory (RaftStorageDirectory.java:tryLock(328)) - Lock on /workdir/hadoop-ozone/integration-test/target/test-dir/MiniOzoneClusterImpl-c339c727-4e5f-46f6-bf12-daf0300b76af/datanode-1/data/ratis/e21f5be5-913d-4ae5-9f89-32cfcf8ebdee/in_use.lock acquired by nodename 6751@pr-hdds-1984-288rd-2703005633
2019-10-01 03:13:20,582 [pool-390-thread-1] INFO  storage.RaftStorage (RaftStorage.java:format(84)) - Storage directory /workdir/hadoop-ozone/integration-test/target/test-dir/MiniOzoneClusterImpl-c339c727-4e5f-46f6-bf12-daf0300b76af/datanode-1/data/ratis/e21f5be5-913d-4ae5-9f89-32cfcf8ebdee has been successfully formatted.
2019-10-01 03:13:20,582 [pool-390-thread-1] INFO  ratis.ContainerStateMachine (ContainerStateMachine.java:loadSnapshot(230)) - group-32CFCF8EBDEE: The snapshot info is null. Setting the last applied indexto:(t:0, i:~)
2019-10-01 03:13:20,582 [pool-390-thread-1] INFO  server.RaftServerConfigKeys (ConfUtils.java:logGet(43)) - raft.server.notification.no-leader.timeout = 120s (custom)
2019-10-01 03:13:20,582 [pool-390-thread-1] INFO  server.RaftServerConfigKeys (ConfUtils.java:logGet(43)) - raft.server.log.use.memory = false (default)
2019-10-01 03:13:20,583 [pool-390-thread-1] INFO  server.RaftServerConfigKeys (ConfUtils.java:logGet(43)) - raft.server.log.purge.gap = 1000000 (custom)
2019-10-01 03:13:20,583 [pool-390-thread-1] INFO  server.RaftServerConfigKeys (ConfUtils.java:logGet(43)) - raft.server.log.appender.buffer.byte-limit = 33554432 (custom)
2019-10-01 03:13:20,583 [pool-390-thread-1] INFO  server.RaftServerConfigKeys (ConfUtils.java:logGet(43)) - raft.server.log.segment.size.max = 1048576 (custom)
2019-10-01 03:13:20,584 [pool-390-thread-1] INFO  server.RaftServerConfigKeys (ConfUtils.java:logGet(43)) - raft.server.log.segment.cache.num.max = 2 (custom)
2019-10-01 03:13:20,584 [pool-390-thread-1] INFO  segmented.SegmentedRaftLogWorker (SegmentedRaftLogWorker.java:<init>(173)) - new ccf91022-5681-4351-8dcb-f8c6f14016e7@group-32CFCF8EBDEE-SegmentedRaftLogWorker for RaftStorage:Storage Directory /workdir/hadoop-ozone/integration-test/target/test-dir/MiniOzoneClusterImpl-c339c727-4e5f-46f6-bf12-daf0300b76af/datanode-1/data/ratis/e21f5be5-913d-4ae5-9f89-32cfcf8ebdee
2019-10-01 03:13:20,585 [pool-390-thread-1] INFO  server.RaftServerConfigKeys (ConfUtils.java:logGet(43)) - raft.server.log.queue.byte-limit = 2147483647 (custom)
2019-10-01 03:13:20,585 [pool-390-thread-1] INFO  server.RaftServerConfigKeys (ConfUtils.java:logGet(43)) - raft.server.log.queue.element-limit = 1024 (custom)
2019-10-01 03:13:20,585 [pool-390-thread-1] INFO  server.RaftServerConfigKeys (ConfUtils.java:logGet(43)) - raft.server.log.segment.size.max = 1048576 (custom)
2019-10-01 03:13:20,585 [pool-390-thread-1] INFO  server.RaftServerConfigKeys (ConfUtils.java:logGet(43)) - raft.server.log.preallocated.size = 16384 (custom)
2019-10-01 03:13:20,585 [pool-390-thread-1] INFO  server.RaftServerConfigKeys (ConfUtils.java:logGet(43)) - raft.server.log.write.buffer.size = 33554432 (custom)
2019-10-01 03:13:20,585 [pool-390-thread-1] INFO  server.RaftServerConfigKeys (ConfUtils.java:logGet(43)) - raft.server.log.force.sync.num = 128 (default)
2019-10-01 03:13:20,585 [pool-390-thread-1] INFO  server.RaftServerConfigKeys (ConfUtils.java:logGet(43)) - raft.server.log.statemachine.data.sync = true (default)
2019-10-01 03:13:20,586 [pool-390-thread-1] INFO  server.RaftServerConfigKeys (ConfUtils.java:logGet(43)) - raft.server.log.statemachine.data.sync.timeout = 10s (default)
2019-10-01 03:13:20,586 [pool-390-thread-1] INFO  server.RaftServerConfigKeys (ConfUtils.java:logGet(43)) - raft.server.log.statemachine.data.sync.timeout.retry = -1 (default)
2019-10-01 03:13:20,586 [pool-390-thread-1] INFO  server.RaftServerConfigKeys (ConfUtils.java:logGet(43)) - raft.server.log.statemachine.data.caching.enabled = true (custom)
2019-10-01 03:13:20,586 [pool-390-thread-1] INFO  segmented.SegmentedRaftLogWorker (SegmentedRaftLogWorker.java:lambda$new$0(128)) - ccf91022-5681-4351-8dcb-f8c6f14016e7@group-32CFCF8EBDEE-SegmentedRaftLogWorker: flushIndex: setUnconditionally 0 -> -1
2019-10-01 03:13:20,587 [pool-390-thread-1] INFO  server.RaftServerConfigKeys (ConfUtils.java:logGet(43)) - raft.server.snapshot.auto.trigger.enabled = true (custom)
2019-10-01 03:13:20,587 [pool-390-thread-1] INFO  server.RaftServerConfigKeys (ConfUtils.java:logGet(43)) - raft.server.snapshot.auto.trigger.threshold = 10000 (custom)
2019-10-01 03:13:20,587 [pool-390-thread-1] INFO  server.RaftServerConfigKeys (ConfUtils.java:logGet(43)) - raft.server.snapshot.retention.file.num = 5 (custom)
2019-10-01 03:13:20,587 [pool-390-thread-1] INFO  server.RaftServerConfigKeys (ConfUtils.java:logGet(43)) - raft.server.retrycache.expirytime = 600000ms (custom)
2019-10-01 03:13:20,588 [pool-390-thread-1] INFO  impl.RaftServerImpl (RaftServerImpl.java:start(181)) - ccf91022-5681-4351-8dcb-f8c6f14016e7@group-32CFCF8EBDEE: start as a follower, conf=-1: [ccf91022-5681-4351-8dcb-f8c6f14016e7:192.168.164.230:44859], old=null
2019-10-01 03:13:20,588 [pool-390-thread-1] INFO  impl.RaftServerImpl (RaftServerImpl.java:setRole(170)) - ccf91022-5681-4351-8dcb-f8c6f14016e7@group-32CFCF8EBDEE: changes role from      null to FOLLOWER at term 0 for startAsFollower
2019-10-01 03:13:20,588 [pool-390-thread-1] INFO  impl.RoleInfo (RoleInfo.java:updateAndGet(143)) - ccf91022-5681-4351-8dcb-f8c6f14016e7: start FollowerState
2019-10-01 03:13:20,589 [pool-390-thread-1] INFO  util.JmxRegister (JmxRegister.java:tryRegister(44)) - Successfully registered JMX Bean with object name Ratis:service=RaftServer,group=group-32CFCF8EBDEE,id=ccf91022-5681-4351-8dcb-f8c6f14016e7
2019-10-01 03:13:20,592 [RatisPipelineUtilsThread] INFO  pipeline.PipelineStateManager (PipelineStateManager.java:addPipeline(56)) - Created pipeline Pipeline[ Id: e21f5be5-913d-4ae5-9f89-32cfcf8ebdee, Nodes: ccf91022-5681-4351-8dcb-f8c6f14016e7{ip: 192.168.164.230, host: pr-hdds-1984-288rd-2703005633, networkLocation: /default-rack, certSerialId: null}, Type:RATIS, Factor:ONE, State:OPEN]
2019-10-01 03:13:20,625 [IPC Server handler 1 on 40736] INFO  net.NetworkTopology (NetworkTopologyImpl.java:add(111)) - Added a new node: /default-rack/7a503811-1a31-4b35-aa78-4c5096fd423f
2019-10-01 03:13:20,625 [IPC Server handler 1 on 40736] INFO  node.SCMNodeManager (SCMNodeManager.java:register(266)) - Registered Data node : 7a503811-1a31-4b35-aa78-4c5096fd423f{ip: 192.168.164.230, host: pr-hdds-1984-288rd-2703005633, networkLocation: /default-rack, certSerialId: null}
2019-10-01 03:13:20,631 [grpc-default-executor-10] INFO  impl.RaftServerProxy (RaftServerProxy.java:addNew(89)) - 7a503811-1a31-4b35-aa78-4c5096fd423f: addNew group-1F31D11596E5:[7a503811-1a31-4b35-aa78-4c5096fd423f:192.168.164.230:46816] returns group-1F31D11596E5:java.util.concurrent.CompletableFuture@6c96dd33[Not completed]
2019-10-01 03:13:20,632 [pool-400-thread-1] INFO  impl.RaftServerImpl (RaftServerImpl.java:<init>(95)) - 7a503811-1a31-4b35-aa78-4c5096fd423f: new RaftServerImpl for group-1F31D11596E5:[7a503811-1a31-4b35-aa78-4c5096fd423f:192.168.164.230:46816] with ContainerStateMachine:uninitialized
2019-10-01 03:13:20,632 [pool-400-thread-1] INFO  server.RaftServerConfigKeys (ConfUtils.java:logGet(43)) - raft.server.rpc.timeout.min = 5s (custom)
2019-10-01 03:13:20,632 [pool-400-thread-1] INFO  server.RaftServerConfigKeys (ConfUtils.java:logGet(43)) - raft.server.rpc.timeout.max = 5200ms (custom)
2019-10-01 03:13:20,632 [pool-400-thread-1] INFO  server.RaftServerConfigKeys (ConfUtils.java:logGet(43)) - raft.server.rpcslowness.timeout = 120s (custom)
2019-10-01 03:13:20,632 [pool-400-thread-1] INFO  server.RaftServerConfigKeys (ConfUtils.java:logGet(43)) - raft.server.sleep.deviation.threshold = 300 (default)
2019-10-01 03:13:20,632 [pool-400-thread-1] INFO  server.RaftServerConfigKeys (ConfUtils.java:logGet(43)) - raft.server.log.appender.install.snapshot.enabled = false (custom)
2019-10-01 03:13:20,632 [pool-400-thread-1] INFO  impl.RaftServerImpl (ServerState.java:<init>(103)) - 7a503811-1a31-4b35-aa78-4c5096fd423f@group-1F31D11596E5: ConfigurationManager, init=-1: [7a503811-1a31-4b35-aa78-4c5096fd423f:192.168.164.230:46816], old=null, confs=<EMPTY_MAP>
2019-10-01 03:13:20,633 [pool-400-thread-1] INFO  server.RaftServerConfigKeys (ConfUtils.java:logGet(43)) - raft.server.storage.dir = [/workdir/hadoop-ozone/integration-test/target/test-dir/MiniOzoneClusterImpl-c339c727-4e5f-46f6-bf12-daf0300b76af/datanode-2/data/ratis] (custom)
2019-10-01 03:13:20,633 [pool-400-thread-1] INFO  server.RaftServerConfigKeys (ConfUtils.java:logGet(43)) - raft.server.log.corruption.policy = EXCEPTION (default)
2019-10-01 03:13:20,633 [pool-400-thread-1] INFO  storage.RaftStorageDirectory (RaftStorageDirectory.java:analyzeStorage(246)) - The storage directory /workdir/hadoop-ozone/integration-test/target/test-dir/MiniOzoneClusterImpl-c339c727-4e5f-46f6-bf12-daf0300b76af/datanode-2/data/ratis/64d472d6-aab9-42c9-8ae0-1f31d11596e5 does not exist. Creating ...
2019-10-01 03:13:20,646 [pool-400-thread-1] INFO  storage.RaftStorageDirectory (RaftStorageDirectory.java:tryLock(328)) - Lock on /workdir/hadoop-ozone/integration-test/target/test-dir/MiniOzoneClusterImpl-c339c727-4e5f-46f6-bf12-daf0300b76af/datanode-2/data/ratis/64d472d6-aab9-42c9-8ae0-1f31d11596e5/in_use.lock acquired by nodename 6751@pr-hdds-1984-288rd-2703005633
2019-10-01 03:13:20,660 [pool-400-thread-1] INFO  storage.RaftStorage (RaftStorage.java:format(84)) - Storage directory /workdir/hadoop-ozone/integration-test/target/test-dir/MiniOzoneClusterImpl-c339c727-4e5f-46f6-bf12-daf0300b76af/datanode-2/data/ratis/64d472d6-aab9-42c9-8ae0-1f31d11596e5 has been successfully formatted.
2019-10-01 03:13:20,660 [pool-400-thread-1] INFO  ratis.ContainerStateMachine (ContainerStateMachine.java:loadSnapshot(230)) - group-1F31D11596E5: The snapshot info is null. Setting the last applied indexto:(t:0, i:~)
2019-10-01 03:13:20,660 [pool-400-thread-1] INFO  server.RaftServerConfigKeys (ConfUtils.java:logGet(43)) - raft.server.notification.no-leader.timeout = 120s (custom)
2019-10-01 03:13:20,660 [pool-400-thread-1] INFO  server.RaftServerConfigKeys (ConfUtils.java:logGet(43)) - raft.server.log.use.memory = false (default)
2019-10-01 03:13:20,660 [pool-400-thread-1] INFO  server.RaftServerConfigKeys (ConfUtils.java:logGet(43)) - raft.server.log.purge.gap = 1000000 (custom)
2019-10-01 03:13:20,661 [pool-400-thread-1] INFO  server.RaftServerConfigKeys (ConfUtils.java:logGet(43)) - raft.server.log.appender.buffer.byte-limit = 33554432 (custom)
2019-10-01 03:13:20,661 [pool-400-thread-1] INFO  server.RaftServerConfigKeys (ConfUtils.java:logGet(43)) - raft.server.log.segment.size.max = 1048576 (custom)
2019-10-01 03:13:20,662 [pool-400-thread-1] INFO  server.RaftServerConfigKeys (ConfUtils.java:logGet(43)) - raft.server.log.segment.cache.num.max = 2 (custom)
2019-10-01 03:13:20,662 [pool-400-thread-1] INFO  segmented.SegmentedRaftLogWorker (SegmentedRaftLogWorker.java:<init>(173)) - new 7a503811-1a31-4b35-aa78-4c5096fd423f@group-1F31D11596E5-SegmentedRaftLogWorker for RaftStorage:Storage Directory /workdir/hadoop-ozone/integration-test/target/test-dir/MiniOzoneClusterImpl-c339c727-4e5f-46f6-bf12-daf0300b76af/datanode-2/data/ratis/64d472d6-aab9-42c9-8ae0-1f31d11596e5
2019-10-01 03:13:20,662 [pool-400-thread-1] INFO  server.RaftServerConfigKeys (ConfUtils.java:logGet(43)) - raft.server.log.queue.byte-limit = 2147483647 (custom)
2019-10-01 03:13:20,662 [pool-400-thread-1] INFO  server.RaftServerConfigKeys (ConfUtils.java:logGet(43)) - raft.server.log.queue.element-limit = 1024 (custom)
2019-10-01 03:13:20,662 [pool-400-thread-1] INFO  server.RaftServerConfigKeys (ConfUtils.java:logGet(43)) - raft.server.log.segment.size.max = 1048576 (custom)
2019-10-01 03:13:20,663 [pool-400-thread-1] INFO  server.RaftServerConfigKeys (ConfUtils.java:logGet(43)) - raft.server.log.preallocated.size = 16384 (custom)
2019-10-01 03:13:20,663 [pool-400-thread-1] INFO  server.RaftServerConfigKeys (ConfUtils.java:logGet(43)) - raft.server.log.write.buffer.size = 33554432 (custom)
2019-10-01 03:13:20,663 [pool-400-thread-1] INFO  server.RaftServerConfigKeys (ConfUtils.java:logGet(43)) - raft.server.log.force.sync.num = 128 (default)
2019-10-01 03:13:20,663 [pool-400-thread-1] INFO  server.RaftServerConfigKeys (ConfUtils.java:logGet(43)) - raft.server.log.statemachine.data.sync = true (default)
2019-10-01 03:13:20,663 [pool-400-thread-1] INFO  server.RaftServerConfigKeys (ConfUtils.java:logGet(43)) - raft.server.log.statemachine.data.sync.timeout = 10s (default)
2019-10-01 03:13:20,663 [pool-400-thread-1] INFO  server.RaftServerConfigKeys (ConfUtils.java:logGet(43)) - raft.server.log.statemachine.data.sync.timeout.retry = -1 (default)
2019-10-01 03:13:20,663 [pool-400-thread-1] INFO  server.RaftServerConfigKeys (ConfUtils.java:logGet(43)) - raft.server.log.statemachine.data.caching.enabled = true (custom)
2019-10-01 03:13:20,664 [pool-400-thread-1] INFO  segmented.SegmentedRaftLogWorker (SegmentedRaftLogWorker.java:lambda$new$0(128)) - 7a503811-1a31-4b35-aa78-4c5096fd423f@group-1F31D11596E5-SegmentedRaftLogWorker: flushIndex: setUnconditionally 0 -> -1
2019-10-01 03:13:20,664 [pool-400-thread-1] INFO  server.RaftServerConfigKeys (ConfUtils.java:logGet(43)) - raft.server.snapshot.auto.trigger.enabled = true (custom)
2019-10-01 03:13:20,664 [pool-400-thread-1] INFO  server.RaftServerConfigKeys (ConfUtils.java:logGet(43)) - raft.server.snapshot.auto.trigger.threshold = 10000 (custom)
2019-10-01 03:13:20,664 [pool-400-thread-1] INFO  server.RaftServerConfigKeys (ConfUtils.java:logGet(43)) - raft.server.snapshot.retention.file.num = 5 (custom)
2019-10-01 03:13:20,664 [pool-400-thread-1] INFO  server.RaftServerConfigKeys (ConfUtils.java:logGet(43)) - raft.server.retrycache.expirytime = 600000ms (custom)
2019-10-01 03:13:20,666 [pool-400-thread-1] INFO  impl.RaftServerImpl (RaftServerImpl.java:start(181)) - 7a503811-1a31-4b35-aa78-4c5096fd423f@group-1F31D11596E5: start as a follower, conf=-1: [7a503811-1a31-4b35-aa78-4c5096fd423f:192.168.164.230:46816], old=null
2019-10-01 03:13:20,666 [pool-400-thread-1] INFO  impl.RaftServerImpl (RaftServerImpl.java:setRole(170)) - 7a503811-1a31-4b35-aa78-4c5096fd423f@group-1F31D11596E5: changes role from      null to FOLLOWER at term 0 for startAsFollower
2019-10-01 03:13:20,666 [pool-400-thread-1] INFO  impl.RoleInfo (RoleInfo.java:updateAndGet(143)) - 7a503811-1a31-4b35-aa78-4c5096fd423f: start FollowerState
2019-10-01 03:13:20,666 [pool-400-thread-1] INFO  util.JmxRegister (JmxRegister.java:tryRegister(44)) - Successfully registered JMX Bean with object name Ratis:service=RaftServer,group=group-1F31D11596E5,id=7a503811-1a31-4b35-aa78-4c5096fd423f
2019-10-01 03:13:20,669 [RatisPipelineUtilsThread] INFO  pipeline.PipelineStateManager (PipelineStateManager.java:addPipeline(56)) - Created pipeline Pipeline[ Id: 64d472d6-aab9-42c9-8ae0-1f31d11596e5, Nodes: 7a503811-1a31-4b35-aa78-4c5096fd423f{ip: 192.168.164.230, host: pr-hdds-1984-288rd-2703005633, networkLocation: /default-rack, certSerialId: null}, Type:RATIS, Factor:ONE, State:OPEN]
2019-10-01 03:13:20,679 [grpc-default-executor-0] INFO  impl.RaftServerProxy (RaftServerProxy.java:addNew(89)) - ccf91022-5681-4351-8dcb-f8c6f14016e7: addNew group-A43549561F1E:[7a503811-1a31-4b35-aa78-4c5096fd423f:192.168.164.230:46816, 2a7cb8bd-ee4f-4813-91da-1d423353c69d:192.168.164.230:38852, ccf91022-5681-4351-8dcb-f8c6f14016e7:192.168.164.230:44859] returns group-A43549561F1E:java.util.concurrent.CompletableFuture@52dd6189[Not completed]
2019-10-01 03:13:20,679 [grpc-default-executor-10] INFO  impl.RaftServerProxy (RaftServerProxy.java:addNew(89)) - 7a503811-1a31-4b35-aa78-4c5096fd423f: addNew group-A43549561F1E:[7a503811-1a31-4b35-aa78-4c5096fd423f:192.168.164.230:46816, 2a7cb8bd-ee4f-4813-91da-1d423353c69d:192.168.164.230:38852, ccf91022-5681-4351-8dcb-f8c6f14016e7:192.168.164.230:44859] returns group-A43549561F1E:java.util.concurrent.CompletableFuture@4b0456fd[Not completed]
2019-10-01 03:13:20,679 [grpc-default-executor-4] INFO  impl.RaftServerProxy (RaftServerProxy.java:addNew(89)) - 2a7cb8bd-ee4f-4813-91da-1d423353c69d: addNew group-A43549561F1E:[7a503811-1a31-4b35-aa78-4c5096fd423f:192.168.164.230:46816, 2a7cb8bd-ee4f-4813-91da-1d423353c69d:192.168.164.230:38852, ccf91022-5681-4351-8dcb-f8c6f14016e7:192.168.164.230:44859] returns group-A43549561F1E:java.util.concurrent.CompletableFuture@6498f728[Not completed]
2019-10-01 03:13:20,679 [pool-390-thread-1] INFO  impl.RaftServerImpl (RaftServerImpl.java:<init>(95)) - ccf91022-5681-4351-8dcb-f8c6f14016e7: new RaftServerImpl for group-A43549561F1E:[7a503811-1a31-4b35-aa78-4c5096fd423f:192.168.164.230:46816, 2a7cb8bd-ee4f-4813-91da-1d423353c69d:192.168.164.230:38852, ccf91022-5681-4351-8dcb-f8c6f14016e7:192.168.164.230:44859] with ContainerStateMachine:uninitialized
2019-10-01 03:13:20,680 [pool-390-thread-1] INFO  server.RaftServerConfigKeys (ConfUtils.java:logGet(43)) - raft.server.rpc.timeout.min = 5s (custom)
2019-10-01 03:13:20,680 [pool-390-thread-1] INFO  server.RaftServerConfigKeys (ConfUtils.java:logGet(43)) - raft.server.rpc.timeout.max = 5200ms (custom)
2019-10-01 03:13:20,680 [pool-400-thread-1] INFO  impl.RaftServerImpl (RaftServerImpl.java:<init>(95)) - 7a503811-1a31-4b35-aa78-4c5096fd423f: new RaftServerImpl for group-A43549561F1E:[7a503811-1a31-4b35-aa78-4c5096fd423f:192.168.164.230:46816, 2a7cb8bd-ee4f-4813-91da-1d423353c69d:192.168.164.230:38852, ccf91022-5681-4351-8dcb-f8c6f14016e7:192.168.164.230:44859] with ContainerStateMachine:uninitialized
2019-10-01 03:13:20,680 [pool-390-thread-1] INFO  server.RaftServerConfigKeys (ConfUtils.java:logGet(43)) - raft.server.rpcslowness.timeout = 120s (custom)
2019-10-01 03:13:20,680 [pool-400-thread-1] INFO  server.RaftServerConfigKeys (ConfUtils.java:logGet(43)) - raft.server.rpc.timeout.min = 5s (custom)
2019-10-01 03:13:20,680 [pool-380-thread-1] INFO  impl.RaftServerImpl (RaftServerImpl.java:<init>(95)) - 2a7cb8bd-ee4f-4813-91da-1d423353c69d: new RaftServerImpl for group-A43549561F1E:[7a503811-1a31-4b35-aa78-4c5096fd423f:192.168.164.230:46816, 2a7cb8bd-ee4f-4813-91da-1d423353c69d:192.168.164.230:38852, ccf91022-5681-4351-8dcb-f8c6f14016e7:192.168.164.230:44859] with ContainerStateMachine:uninitialized
2019-10-01 03:13:20,680 [pool-390-thread-1] INFO  server.RaftServerConfigKeys (ConfUtils.java:logGet(43)) - raft.server.sleep.deviation.threshold = 300 (default)
2019-10-01 03:13:20,680 [pool-380-thread-1] INFO  server.RaftServerConfigKeys (ConfUtils.java:logGet(43)) - raft.server.rpc.timeout.min = 5s (custom)
2019-10-01 03:13:20,680 [pool-400-thread-1] INFO  server.RaftServerConfigKeys (ConfUtils.java:logGet(43)) - raft.server.rpc.timeout.max = 5200ms (custom)
2019-10-01 03:13:20,680 [pool-380-thread-1] INFO  server.RaftServerConfigKeys (ConfUtils.java:logGet(43)) - raft.server.rpc.timeout.max = 5200ms (custom)
2019-10-01 03:13:20,680 [pool-390-thread-1] INFO  server.RaftServerConfigKeys (ConfUtils.java:logGet(43)) - raft.server.log.appender.install.snapshot.enabled = false (custom)
2019-10-01 03:13:20,681 [pool-380-thread-1] INFO  server.RaftServerConfigKeys (ConfUtils.java:logGet(43)) - raft.server.rpcslowness.timeout = 120s (custom)
2019-10-01 03:13:20,680 [pool-400-thread-1] INFO  server.RaftServerConfigKeys (ConfUtils.java:logGet(43)) - raft.server.rpcslowness.timeout = 120s (custom)
2019-10-01 03:13:20,681 [pool-380-thread-1] INFO  server.RaftServerConfigKeys (ConfUtils.java:logGet(43)) - raft.server.sleep.deviation.threshold = 300 (default)
2019-10-01 03:13:20,681 [pool-390-thread-1] INFO  impl.RaftServerImpl (ServerState.java:<init>(103)) - ccf91022-5681-4351-8dcb-f8c6f14016e7@group-A43549561F1E: ConfigurationManager, init=-1: [7a503811-1a31-4b35-aa78-4c5096fd423f:192.168.164.230:46816, 2a7cb8bd-ee4f-4813-91da-1d423353c69d:192.168.164.230:38852, ccf91022-5681-4351-8dcb-f8c6f14016e7:192.168.164.230:44859], old=null, confs=<EMPTY_MAP>
2019-10-01 03:13:20,681 [pool-380-thread-1] INFO  server.RaftServerConfigKeys (ConfUtils.java:logGet(43)) - raft.server.log.appender.install.snapshot.enabled = false (custom)
2019-10-01 03:13:20,681 [pool-400-thread-1] INFO  server.RaftServerConfigKeys (ConfUtils.java:logGet(43)) - raft.server.sleep.deviation.threshold = 300 (default)
2019-10-01 03:13:20,681 [pool-380-thread-1] INFO  impl.RaftServerImpl (ServerState.java:<init>(103)) - 2a7cb8bd-ee4f-4813-91da-1d423353c69d@group-A43549561F1E: ConfigurationManager, init=-1: [7a503811-1a31-4b35-aa78-4c5096fd423f:192.168.164.230:46816, 2a7cb8bd-ee4f-4813-91da-1d423353c69d:192.168.164.230:38852, ccf91022-5681-4351-8dcb-f8c6f14016e7:192.168.164.230:44859], old=null, confs=<EMPTY_MAP>
2019-10-01 03:13:20,681 [pool-390-thread-1] INFO  server.RaftServerConfigKeys (ConfUtils.java:logGet(43)) - raft.server.storage.dir = [/workdir/hadoop-ozone/integration-test/target/test-dir/MiniOzoneClusterImpl-c339c727-4e5f-46f6-bf12-daf0300b76af/datanode-1/data/ratis] (custom)
2019-10-01 03:13:20,681 [pool-380-thread-1] INFO  server.RaftServerConfigKeys (ConfUtils.java:logGet(43)) - raft.server.storage.dir = [/workdir/hadoop-ozone/integration-test/target/test-dir/MiniOzoneClusterImpl-c339c727-4e5f-46f6-bf12-daf0300b76af/datanode-0/data/ratis] (custom)
2019-10-01 03:13:20,681 [pool-400-thread-1] INFO  server.RaftServerConfigKeys (ConfUtils.java:logGet(43)) - raft.server.log.appender.install.snapshot.enabled = false (custom)
2019-10-01 03:13:20,681 [pool-380-thread-1] INFO  server.RaftServerConfigKeys (ConfUtils.java:logGet(43)) - raft.server.log.corruption.policy = EXCEPTION (default)
2019-10-01 03:13:20,681 [pool-390-thread-1] INFO  server.RaftServerConfigKeys (ConfUtils.java:logGet(43)) - raft.server.log.corruption.policy = EXCEPTION (default)
2019-10-01 03:13:20,682 [pool-380-thread-1] INFO  storage.RaftStorageDirectory (RaftStorageDirectory.java:analyzeStorage(246)) - The storage directory /workdir/hadoop-ozone/integration-test/target/test-dir/MiniOzoneClusterImpl-c339c727-4e5f-46f6-bf12-daf0300b76af/datanode-0/data/ratis/28d2b80f-5e5a-4fb8-b664-a43549561f1e does not exist. Creating ...
2019-10-01 03:13:20,682 [pool-400-thread-1] INFO  impl.RaftServerImpl (ServerState.java:<init>(103)) - 7a503811-1a31-4b35-aa78-4c5096fd423f@group-A43549561F1E: ConfigurationManager, init=-1: [7a503811-1a31-4b35-aa78-4c5096fd423f:192.168.164.230:46816, 2a7cb8bd-ee4f-4813-91da-1d423353c69d:192.168.164.230:38852, ccf91022-5681-4351-8dcb-f8c6f14016e7:192.168.164.230:44859], old=null, confs=<EMPTY_MAP>
2019-10-01 03:13:20,682 [pool-390-thread-1] INFO  storage.RaftStorageDirectory (RaftStorageDirectory.java:analyzeStorage(246)) - The storage directory /workdir/hadoop-ozone/integration-test/target/test-dir/MiniOzoneClusterImpl-c339c727-4e5f-46f6-bf12-daf0300b76af/datanode-1/data/ratis/28d2b80f-5e5a-4fb8-b664-a43549561f1e does not exist. Creating ...
2019-10-01 03:13:20,682 [pool-400-thread-1] INFO  server.RaftServerConfigKeys (ConfUtils.java:logGet(43)) - raft.server.storage.dir = [/workdir/hadoop-ozone/integration-test/target/test-dir/MiniOzoneClusterImpl-c339c727-4e5f-46f6-bf12-daf0300b76af/datanode-2/data/ratis] (custom)
2019-10-01 03:13:20,682 [pool-400-thread-1] INFO  server.RaftServerConfigKeys (ConfUtils.java:logGet(43)) - raft.server.log.corruption.policy = EXCEPTION (default)
2019-10-01 03:13:20,682 [pool-400-thread-1] INFO  storage.RaftStorageDirectory (RaftStorageDirectory.java:analyzeStorage(246)) - The storage directory /workdir/hadoop-ozone/integration-test/target/test-dir/MiniOzoneClusterImpl-c339c727-4e5f-46f6-bf12-daf0300b76af/datanode-2/data/ratis/28d2b80f-5e5a-4fb8-b664-a43549561f1e does not exist. Creating ...
2019-10-01 03:13:20,696 [pool-390-thread-1] INFO  storage.RaftStorageDirectory (RaftStorageDirectory.java:tryLock(328)) - Lock on /workdir/hadoop-ozone/integration-test/target/test-dir/MiniOzoneClusterImpl-c339c727-4e5f-46f6-bf12-daf0300b76af/datanode-1/data/ratis/28d2b80f-5e5a-4fb8-b664-a43549561f1e/in_use.lock acquired by nodename 6751@pr-hdds-1984-288rd-2703005633
2019-10-01 03:13:20,696 [pool-400-thread-1] INFO  storage.RaftStorageDirectory (RaftStorageDirectory.java:tryLock(328)) - Lock on /workdir/hadoop-ozone/integration-test/target/test-dir/MiniOzoneClusterImpl-c339c727-4e5f-46f6-bf12-daf0300b76af/datanode-2/data/ratis/28d2b80f-5e5a-4fb8-b664-a43549561f1e/in_use.lock acquired by nodename 6751@pr-hdds-1984-288rd-2703005633
2019-10-01 03:13:20,696 [pool-380-thread-1] INFO  storage.RaftStorageDirectory (RaftStorageDirectory.java:tryLock(328)) - Lock on /workdir/hadoop-ozone/integration-test/target/test-dir/MiniOzoneClusterImpl-c339c727-4e5f-46f6-bf12-daf0300b76af/datanode-0/data/ratis/28d2b80f-5e5a-4fb8-b664-a43549561f1e/in_use.lock acquired by nodename 6751@pr-hdds-1984-288rd-2703005633
2019-10-01 03:13:20,710 [pool-400-thread-1] INFO  storage.RaftStorage (RaftStorage.java:format(84)) - Storage directory /workdir/hadoop-ozone/integration-test/target/test-dir/MiniOzoneClusterImpl-c339c727-4e5f-46f6-bf12-daf0300b76af/datanode-2/data/ratis/28d2b80f-5e5a-4fb8-b664-a43549561f1e has been successfully formatted.
2019-10-01 03:13:20,710 [pool-390-thread-1] INFO  storage.RaftStorage (RaftStorage.java:format(84)) - Storage directory /workdir/hadoop-ozone/integration-test/target/test-dir/MiniOzoneClusterImpl-c339c727-4e5f-46f6-bf12-daf0300b76af/datanode-1/data/ratis/28d2b80f-5e5a-4fb8-b664-a43549561f1e has been successfully formatted.
2019-10-01 03:13:20,710 [pool-380-thread-1] INFO  storage.RaftStorage (RaftStorage.java:format(84)) - Storage directory /workdir/hadoop-ozone/integration-test/target/test-dir/MiniOzoneClusterImpl-c339c727-4e5f-46f6-bf12-daf0300b76af/datanode-0/data/ratis/28d2b80f-5e5a-4fb8-b664-a43549561f1e has been successfully formatted.
2019-10-01 03:13:20,711 [pool-390-thread-1] INFO  ratis.ContainerStateMachine (ContainerStateMachine.java:loadSnapshot(230)) - group-A43549561F1E: The snapshot info is null. Setting the last applied indexto:(t:0, i:~)
2019-10-01 03:13:20,711 [pool-400-thread-1] INFO  ratis.ContainerStateMachine (ContainerStateMachine.java:loadSnapshot(230)) - group-A43549561F1E: The snapshot info is null. Setting the last applied indexto:(t:0, i:~)
2019-10-01 03:13:20,711 [pool-390-thread-1] INFO  server.RaftServerConfigKeys (ConfUtils.java:logGet(43)) - raft.server.notification.no-leader.timeout = 120s (custom)
2019-10-01 03:13:20,711 [pool-380-thread-1] INFO  ratis.ContainerStateMachine (ContainerStateMachine.java:loadSnapshot(230)) - group-A43549561F1E: The snapshot info is null. Setting the last applied indexto:(t:0, i:~)
2019-10-01 03:13:20,711 [pool-390-thread-1] INFO  server.RaftServerConfigKeys (ConfUtils.java:logGet(43)) - raft.server.log.use.memory = false (default)
2019-10-01 03:13:20,711 [pool-400-thread-1] INFO  server.RaftServerConfigKeys (ConfUtils.java:logGet(43)) - raft.server.notification.no-leader.timeout = 120s (custom)
2019-10-01 03:13:20,711 [pool-390-thread-1] INFO  server.RaftServerConfigKeys (ConfUtils.java:logGet(43)) - raft.server.log.purge.gap = 1000000 (custom)
2019-10-01 03:13:20,711 [pool-380-thread-1] INFO  server.RaftServerConfigKeys (ConfUtils.java:logGet(43)) - raft.server.notification.no-leader.timeout = 120s (custom)
2019-10-01 03:13:20,711 [pool-390-thread-1] INFO  server.RaftServerConfigKeys (ConfUtils.java:logGet(43)) - raft.server.log.appender.buffer.byte-limit = 33554432 (custom)
2019-10-01 03:13:20,711 [pool-400-thread-1] INFO  server.RaftServerConfigKeys (ConfUtils.java:logGet(43)) - raft.server.log.use.memory = false (default)
2019-10-01 03:13:20,712 [pool-390-thread-1] INFO  server.RaftServerConfigKeys (ConfUtils.java:logGet(43)) - raft.server.log.segment.size.max = 1048576 (custom)
2019-10-01 03:13:20,712 [pool-380-thread-1] INFO  server.RaftServerConfigKeys (ConfUtils.java:logGet(43)) - raft.server.log.use.memory = false (default)
2019-10-01 03:13:20,712 [pool-390-thread-1] INFO  server.RaftServerConfigKeys (ConfUtils.java:logGet(43)) - raft.server.log.segment.cache.num.max = 2 (custom)
2019-10-01 03:13:20,712 [pool-400-thread-1] INFO  server.RaftServerConfigKeys (ConfUtils.java:logGet(43)) - raft.server.log.purge.gap = 1000000 (custom)
2019-10-01 03:13:20,712 [pool-390-thread-1] INFO  segmented.SegmentedRaftLogWorker (SegmentedRaftLogWorker.java:<init>(173)) - new ccf91022-5681-4351-8dcb-f8c6f14016e7@group-A43549561F1E-SegmentedRaftLogWorker for RaftStorage:Storage Directory /workdir/hadoop-ozone/integration-test/target/test-dir/MiniOzoneClusterImpl-c339c727-4e5f-46f6-bf12-daf0300b76af/datanode-1/data/ratis/28d2b80f-5e5a-4fb8-b664-a43549561f1e
2019-10-01 03:13:20,712 [pool-380-thread-1] INFO  server.RaftServerConfigKeys (ConfUtils.java:logGet(43)) - raft.server.log.purge.gap = 1000000 (custom)
2019-10-01 03:13:20,712 [pool-390-thread-1] INFO  server.RaftServerConfigKeys (ConfUtils.java:logGet(43)) - raft.server.log.queue.byte-limit = 2147483647 (custom)
2019-10-01 03:13:20,712 [pool-400-thread-1] INFO  server.RaftServerConfigKeys (ConfUtils.java:logGet(43)) - raft.server.log.appender.buffer.byte-limit = 33554432 (custom)
2019-10-01 03:13:20,712 [pool-390-thread-1] INFO  server.RaftServerConfigKeys (ConfUtils.java:logGet(43)) - raft.server.log.queue.element-limit = 1024 (custom)
2019-10-01 03:13:20,712 [pool-380-thread-1] INFO  server.RaftServerConfigKeys (ConfUtils.java:logGet(43)) - raft.server.log.appender.buffer.byte-limit = 33554432 (custom)
2019-10-01 03:13:20,713 [pool-390-thread-1] INFO  server.RaftServerConfigKeys (ConfUtils.java:logGet(43)) - raft.server.log.segment.size.max = 1048576 (custom)
2019-10-01 03:13:20,713 [pool-400-thread-1] INFO  server.RaftServerConfigKeys (ConfUtils.java:logGet(43)) - raft.server.log.segment.size.max = 1048576 (custom)
2019-10-01 03:13:20,713 [pool-390-thread-1] INFO  server.RaftServerConfigKeys (ConfUtils.java:logGet(43)) - raft.server.log.preallocated.size = 16384 (custom)
2019-10-01 03:13:20,713 [pool-380-thread-1] INFO  server.RaftServerConfigKeys (ConfUtils.java:logGet(43)) - raft.server.log.segment.size.max = 1048576 (custom)
2019-10-01 03:13:20,713 [pool-390-thread-1] INFO  server.RaftServerConfigKeys (ConfUtils.java:logGet(43)) - raft.server.log.write.buffer.size = 33554432 (custom)
2019-10-01 03:13:20,713 [pool-400-thread-1] INFO  server.RaftServerConfigKeys (ConfUtils.java:logGet(43)) - raft.server.log.segment.cache.num.max = 2 (custom)
2019-10-01 03:13:20,713 [pool-390-thread-1] INFO  server.RaftServerConfigKeys (ConfUtils.java:logGet(43)) - raft.server.log.force.sync.num = 128 (default)
2019-10-01 03:13:20,713 [pool-380-thread-1] INFO  server.RaftServerConfigKeys (ConfUtils.java:logGet(43)) - raft.server.log.segment.cache.num.max = 2 (custom)
2019-10-01 03:13:20,713 [pool-390-thread-1] INFO  server.RaftServerConfigKeys (ConfUtils.java:logGet(43)) - raft.server.log.statemachine.data.sync = true (default)
2019-10-01 03:13:20,713 [pool-400-thread-1] INFO  segmented.SegmentedRaftLogWorker (SegmentedRaftLogWorker.java:<init>(173)) - new 7a503811-1a31-4b35-aa78-4c5096fd423f@group-A43549561F1E-SegmentedRaftLogWorker for RaftStorage:Storage Directory /workdir/hadoop-ozone/integration-test/target/test-dir/MiniOzoneClusterImpl-c339c727-4e5f-46f6-bf12-daf0300b76af/datanode-2/data/ratis/28d2b80f-5e5a-4fb8-b664-a43549561f1e
2019-10-01 03:13:20,714 [pool-390-thread-1] INFO  server.RaftServerConfigKeys (ConfUtils.java:logGet(43)) - raft.server.log.statemachine.data.sync.timeout = 10s (default)
2019-10-01 03:13:20,714 [pool-390-thread-1] INFO  server.RaftServerConfigKeys (ConfUtils.java:logGet(43)) - raft.server.log.statemachine.data.sync.timeout.retry = -1 (default)
2019-10-01 03:13:20,713 [pool-380-thread-1] INFO  segmented.SegmentedRaftLogWorker (SegmentedRaftLogWorker.java:<init>(173)) - new 2a7cb8bd-ee4f-4813-91da-1d423353c69d@group-A43549561F1E-SegmentedRaftLogWorker for RaftStorage:Storage Directory /workdir/hadoop-ozone/integration-test/target/test-dir/MiniOzoneClusterImpl-c339c727-4e5f-46f6-bf12-daf0300b76af/datanode-0/data/ratis/28d2b80f-5e5a-4fb8-b664-a43549561f1e
2019-10-01 03:13:20,714 [pool-390-thread-1] INFO  server.RaftServerConfigKeys (ConfUtils.java:logGet(43)) - raft.server.log.statemachine.data.caching.enabled = true (custom)
2019-10-01 03:13:20,714 [pool-400-thread-1] INFO  server.RaftServerConfigKeys (ConfUtils.java:logGet(43)) - raft.server.log.queue.byte-limit = 2147483647 (custom)
2019-10-01 03:13:20,714 [pool-380-thread-1] INFO  server.RaftServerConfigKeys (ConfUtils.java:logGet(43)) - raft.server.log.queue.byte-limit = 2147483647 (custom)
2019-10-01 03:13:20,714 [pool-390-thread-1] INFO  segmented.SegmentedRaftLogWorker (SegmentedRaftLogWorker.java:lambda$new$0(128)) - ccf91022-5681-4351-8dcb-f8c6f14016e7@group-A43549561F1E-SegmentedRaftLogWorker: flushIndex: setUnconditionally 0 -> -1
2019-10-01 03:13:20,714 [pool-400-thread-1] INFO  server.RaftServerConfigKeys (ConfUtils.java:logGet(43)) - raft.server.log.queue.element-limit = 1024 (custom)
2019-10-01 03:13:20,714 [pool-380-thread-1] INFO  server.RaftServerConfigKeys (ConfUtils.java:logGet(43)) - raft.server.log.queue.element-limit = 1024 (custom)
2019-10-01 03:13:20,715 [pool-390-thread-1] INFO  server.RaftServerConfigKeys (ConfUtils.java:logGet(43)) - raft.server.snapshot.auto.trigger.enabled = true (custom)
2019-10-01 03:13:20,714 [pool-400-thread-1] INFO  server.RaftServerConfigKeys (ConfUtils.java:logGet(43)) - raft.server.log.segment.size.max = 1048576 (custom)
2019-10-01 03:13:20,715 [pool-390-thread-1] INFO  server.RaftServerConfigKeys (ConfUtils.java:logGet(43)) - raft.server.snapshot.auto.trigger.threshold = 10000 (custom)
2019-10-01 03:13:20,715 [pool-380-thread-1] INFO  server.RaftServerConfigKeys (ConfUtils.java:logGet(43)) - raft.server.log.segment.size.max = 1048576 (custom)
2019-10-01 03:13:20,715 [pool-390-thread-1] INFO  server.RaftServerConfigKeys (ConfUtils.java:logGet(43)) - raft.server.snapshot.retention.file.num = 5 (custom)
2019-10-01 03:13:20,715 [pool-400-thread-1] INFO  server.RaftServerConfigKeys (ConfUtils.java:logGet(43)) - raft.server.log.preallocated.size = 16384 (custom)
2019-10-01 03:13:20,715 [pool-390-thread-1] INFO  server.RaftServerConfigKeys (ConfUtils.java:logGet(43)) - raft.server.retrycache.expirytime = 600000ms (custom)
2019-10-01 03:13:20,715 [pool-380-thread-1] INFO  server.RaftServerConfigKeys (ConfUtils.java:logGet(43)) - raft.server.log.preallocated.size = 16384 (custom)
2019-10-01 03:13:20,715 [pool-400-thread-1] INFO  server.RaftServerConfigKeys (ConfUtils.java:logGet(43)) - raft.server.log.write.buffer.size = 33554432 (custom)
2019-10-01 03:13:20,715 [pool-380-thread-1] INFO  server.RaftServerConfigKeys (ConfUtils.java:logGet(43)) - raft.server.log.write.buffer.size = 33554432 (custom)
2019-10-01 03:13:20,715 [pool-400-thread-1] INFO  server.RaftServerConfigKeys (ConfUtils.java:logGet(43)) - raft.server.log.force.sync.num = 128 (default)
2019-10-01 03:13:20,715 [pool-380-thread-1] INFO  server.RaftServerConfigKeys (ConfUtils.java:logGet(43)) - raft.server.log.force.sync.num = 128 (default)
2019-10-01 03:13:20,716 [pool-400-thread-1] INFO  server.RaftServerConfigKeys (ConfUtils.java:logGet(43)) - raft.server.log.statemachine.data.sync = true (default)
2019-10-01 03:13:20,716 [pool-380-thread-1] INFO  server.RaftServerConfigKeys (ConfUtils.java:logGet(43)) - raft.server.log.statemachine.data.sync = true (default)
2019-10-01 03:13:20,716 [pool-400-thread-1] INFO  server.RaftServerConfigKeys (ConfUtils.java:logGet(43)) - raft.server.log.statemachine.data.sync.timeout = 10s (default)
2019-10-01 03:13:20,716 [pool-380-thread-1] INFO  server.RaftServerConfigKeys (ConfUtils.java:logGet(43)) - raft.server.log.statemachine.data.sync.timeout = 10s (default)
2019-10-01 03:13:20,716 [pool-400-thread-1] INFO  server.RaftServerConfigKeys (ConfUtils.java:logGet(43)) - raft.server.log.statemachine.data.sync.timeout.retry = -1 (default)
2019-10-01 03:13:20,716 [pool-380-thread-1] INFO  server.RaftServerConfigKeys (ConfUtils.java:logGet(43)) - raft.server.log.statemachine.data.sync.timeout.retry = -1 (default)
2019-10-01 03:13:20,716 [pool-400-thread-1] INFO  server.RaftServerConfigKeys (ConfUtils.java:logGet(43)) - raft.server.log.statemachine.data.caching.enabled = true (custom)
2019-10-01 03:13:20,716 [pool-380-thread-1] INFO  server.RaftServerConfigKeys (ConfUtils.java:logGet(43)) - raft.server.log.statemachine.data.caching.enabled = true (custom)
2019-10-01 03:13:20,716 [pool-400-thread-1] INFO  segmented.SegmentedRaftLogWorker (SegmentedRaftLogWorker.java:lambda$new$0(128)) - 7a503811-1a31-4b35-aa78-4c5096fd423f@group-A43549561F1E-SegmentedRaftLogWorker: flushIndex: setUnconditionally 0 -> -1
2019-10-01 03:13:20,716 [pool-380-thread-1] INFO  segmented.SegmentedRaftLogWorker (SegmentedRaftLogWorker.java:lambda$new$0(128)) - 2a7cb8bd-ee4f-4813-91da-1d423353c69d@group-A43549561F1E-SegmentedRaftLogWorker: flushIndex: setUnconditionally 0 -> -1
2019-10-01 03:13:20,716 [pool-390-thread-1] INFO  impl.RaftServerImpl (RaftServerImpl.java:start(181)) - ccf91022-5681-4351-8dcb-f8c6f14016e7@group-A43549561F1E: start as a follower, conf=-1: [7a503811-1a31-4b35-aa78-4c5096fd423f:192.168.164.230:46816, 2a7cb8bd-ee4f-4813-91da-1d423353c69d:192.168.164.230:38852, ccf91022-5681-4351-8dcb-f8c6f14016e7:192.168.164.230:44859], old=null
2019-10-01 03:13:20,717 [pool-400-thread-1] INFO  server.RaftServerConfigKeys (ConfUtils.java:logGet(43)) - raft.server.snapshot.auto.trigger.enabled = true (custom)
2019-10-01 03:13:20,717 [pool-380-thread-1] INFO  server.RaftServerConfigKeys (ConfUtils.java:logGet(43)) - raft.server.snapshot.auto.trigger.enabled = true (custom)
2019-10-01 03:13:20,717 [pool-390-thread-1] INFO  impl.RaftServerImpl (RaftServerImpl.java:setRole(170)) - ccf91022-5681-4351-8dcb-f8c6f14016e7@group-A43549561F1E: changes role from      null to FOLLOWER at term 0 for startAsFollower
2019-10-01 03:13:20,717 [pool-380-thread-1] INFO  server.RaftServerConfigKeys (ConfUtils.java:logGet(43)) - raft.server.snapshot.auto.trigger.threshold = 10000 (custom)
2019-10-01 03:13:20,717 [pool-400-thread-1] INFO  server.RaftServerConfigKeys (ConfUtils.java:logGet(43)) - raft.server.snapshot.auto.trigger.threshold = 10000 (custom)
2019-10-01 03:13:20,717 [pool-380-thread-1] INFO  server.RaftServerConfigKeys (ConfUtils.java:logGet(43)) - raft.server.snapshot.retention.file.num = 5 (custom)
2019-10-01 03:13:20,717 [pool-390-thread-1] INFO  impl.RoleInfo (RoleInfo.java:updateAndGet(143)) - ccf91022-5681-4351-8dcb-f8c6f14016e7: start FollowerState
2019-10-01 03:13:20,717 [pool-380-thread-1] INFO  server.RaftServerConfigKeys (ConfUtils.java:logGet(43)) - raft.server.retrycache.expirytime = 600000ms (custom)
2019-10-01 03:13:20,717 [pool-400-thread-1] INFO  server.RaftServerConfigKeys (ConfUtils.java:logGet(43)) - raft.server.snapshot.retention.file.num = 5 (custom)
2019-10-01 03:13:20,718 [pool-400-thread-1] INFO  server.RaftServerConfigKeys (ConfUtils.java:logGet(43)) - raft.server.retrycache.expirytime = 600000ms (custom)
2019-10-01 03:13:20,731 [pool-390-thread-1] INFO  util.JmxRegister (JmxRegister.java:tryRegister(44)) - Successfully registered JMX Bean with object name Ratis:service=RaftServer,group=group-A43549561F1E,id=ccf91022-5681-4351-8dcb-f8c6f14016e7
2019-10-01 03:13:20,732 [IPC Server handler 17 on 40736] INFO  net.NetworkTopology (NetworkTopologyImpl.java:add(111)) - Added a new node: /default-rack/39ad8518-91a1-4a9e-b727-e873a78ef0dc
2019-10-01 03:13:20,732 [IPC Server handler 17 on 40736] INFO  node.SCMNodeManager (SCMNodeManager.java:register(266)) - Registered Data node : 39ad8518-91a1-4a9e-b727-e873a78ef0dc{ip: 192.168.164.230, host: pr-hdds-1984-288rd-2703005633, networkLocation: /default-rack, certSerialId: null}
2019-10-01 03:13:20,733 [pool-380-thread-1] INFO  impl.RaftServerImpl (RaftServerImpl.java:start(181)) - 2a7cb8bd-ee4f-4813-91da-1d423353c69d@group-A43549561F1E: start as a follower, conf=-1: [7a503811-1a31-4b35-aa78-4c5096fd423f:192.168.164.230:46816, 2a7cb8bd-ee4f-4813-91da-1d423353c69d:192.168.164.230:38852, ccf91022-5681-4351-8dcb-f8c6f14016e7:192.168.164.230:44859], old=null
2019-10-01 03:13:20,733 [pool-380-thread-1] INFO  impl.RaftServerImpl (RaftServerImpl.java:setRole(170)) - 2a7cb8bd-ee4f-4813-91da-1d423353c69d@group-A43549561F1E: changes role from      null to FOLLOWER at term 0 for startAsFollower
2019-10-01 03:13:20,734 [pool-380-thread-1] INFO  impl.RoleInfo (RoleInfo.java:updateAndGet(143)) - 2a7cb8bd-ee4f-4813-91da-1d423353c69d: start FollowerState
2019-10-01 03:13:20,734 [pool-400-thread-1] INFO  impl.RaftServerImpl (RaftServerImpl.java:start(181)) - 7a503811-1a31-4b35-aa78-4c5096fd423f@group-A43549561F1E: start as a follower, conf=-1: [7a503811-1a31-4b35-aa78-4c5096fd423f:192.168.164.230:46816, 2a7cb8bd-ee4f-4813-91da-1d423353c69d:192.168.164.230:38852, ccf91022-5681-4351-8dcb-f8c6f14016e7:192.168.164.230:44859], old=null
2019-10-01 03:13:20,734 [pool-380-thread-1] INFO  util.JmxRegister (JmxRegister.java:tryRegister(44)) - Successfully registered JMX Bean with object name Ratis:service=RaftServer,group=group-A43549561F1E,id=2a7cb8bd-ee4f-4813-91da-1d423353c69d
2019-10-01 03:13:20,734 [pool-400-thread-1] INFO  impl.RaftServerImpl (RaftServerImpl.java:setRole(170)) - 7a503811-1a31-4b35-aa78-4c5096fd423f@group-A43549561F1E: changes role from      null to FOLLOWER at term 0 for startAsFollower
2019-10-01 03:13:20,746 [pool-400-thread-1] INFO  impl.RoleInfo (RoleInfo.java:updateAndGet(143)) - 7a503811-1a31-4b35-aa78-4c5096fd423f: start FollowerState
2019-10-01 03:13:20,747 [pool-400-thread-1] INFO  util.JmxRegister (JmxRegister.java:tryRegister(44)) - Successfully registered JMX Bean with object name Ratis:service=RaftServer,group=group-A43549561F1E,id=7a503811-1a31-4b35-aa78-4c5096fd423f
2019-10-01 03:13:20,750 [RatisPipelineUtilsThread] INFO  pipeline.PipelineStateManager (PipelineStateManager.java:addPipeline(56)) - Created pipeline Pipeline[ Id: 28d2b80f-5e5a-4fb8-b664-a43549561f1e, Nodes: ccf91022-5681-4351-8dcb-f8c6f14016e7{ip: 192.168.164.230, host: pr-hdds-1984-288rd-2703005633, networkLocation: /default-rack, certSerialId: null}2a7cb8bd-ee4f-4813-91da-1d423353c69d{ip: 192.168.164.230, host: pr-hdds-1984-288rd-2703005633, networkLocation: /default-rack, certSerialId: null}7a503811-1a31-4b35-aa78-4c5096fd423f{ip: 192.168.164.230, host: pr-hdds-1984-288rd-2703005633, networkLocation: /default-rack, certSerialId: null}, Type:RATIS, Factor:THREE, State:OPEN]
2019-10-01 03:13:20,829 [IPC Server handler 2 on 40736] INFO  net.NetworkTopology (NetworkTopologyImpl.java:add(111)) - Added a new node: /default-rack/2a9899ba-3a88-4481-a522-256fa22dc393
2019-10-01 03:13:20,829 [IPC Server handler 2 on 40736] INFO  node.SCMNodeManager (SCMNodeManager.java:register(266)) - Registered Data node : 2a9899ba-3a88-4481-a522-256fa22dc393{ip: 192.168.164.230, host: pr-hdds-1984-288rd-2703005633, networkLocation: /default-rack, certSerialId: null}
2019-10-01 03:13:20,839 [grpc-default-executor-4] INFO  impl.RaftServerProxy (RaftServerProxy.java:addNew(89)) - 2a9899ba-3a88-4481-a522-256fa22dc393: addNew group-52836121ED72:[2a9899ba-3a88-4481-a522-256fa22dc393:192.168.164.230:45683] returns group-52836121ED72:java.util.concurrent.CompletableFuture@1e30cbac[Not completed]
2019-10-01 03:13:20,840 [pool-420-thread-1] INFO  impl.RaftServerImpl (RaftServerImpl.java:<init>(95)) - 2a9899ba-3a88-4481-a522-256fa22dc393: new RaftServerImpl for group-52836121ED72:[2a9899ba-3a88-4481-a522-256fa22dc393:192.168.164.230:45683] with ContainerStateMachine:uninitialized
2019-10-01 03:13:20,840 [pool-420-thread-1] INFO  server.RaftServerConfigKeys (ConfUtils.java:logGet(43)) - raft.server.rpc.timeout.min = 5s (custom)
2019-10-01 03:13:20,840 [pool-420-thread-1] INFO  server.RaftServerConfigKeys (ConfUtils.java:logGet(43)) - raft.server.rpc.timeout.max = 5200ms (custom)
2019-10-01 03:13:20,841 [pool-420-thread-1] INFO  server.RaftServerConfigKeys (ConfUtils.java:logGet(43)) - raft.server.rpcslowness.timeout = 120s (custom)
2019-10-01 03:13:20,841 [pool-420-thread-1] INFO  server.RaftServerConfigKeys (ConfUtils.java:logGet(43)) - raft.server.sleep.deviation.threshold = 300 (default)
2019-10-01 03:13:20,841 [pool-420-thread-1] INFO  server.RaftServerConfigKeys (ConfUtils.java:logGet(43)) - raft.server.log.appender.install.snapshot.enabled = false (custom)
2019-10-01 03:13:20,841 [pool-420-thread-1] INFO  impl.RaftServerImpl (ServerState.java:<init>(103)) - 2a9899ba-3a88-4481-a522-256fa22dc393@group-52836121ED72: ConfigurationManager, init=-1: [2a9899ba-3a88-4481-a522-256fa22dc393:192.168.164.230:45683], old=null, confs=<EMPTY_MAP>
2019-10-01 03:13:20,841 [pool-420-thread-1] INFO  server.RaftServerConfigKeys (ConfUtils.java:logGet(43)) - raft.server.storage.dir = [/workdir/hadoop-ozone/integration-test/target/test-dir/MiniOzoneClusterImpl-c339c727-4e5f-46f6-bf12-daf0300b76af/datanode-4/data/ratis] (custom)
2019-10-01 03:13:20,841 [pool-420-thread-1] INFO  server.RaftServerConfigKeys (ConfUtils.java:logGet(43)) - raft.server.log.corruption.policy = EXCEPTION (default)
2019-10-01 03:13:20,841 [pool-420-thread-1] INFO  storage.RaftStorageDirectory (RaftStorageDirectory.java:analyzeStorage(246)) - The storage directory /workdir/hadoop-ozone/integration-test/target/test-dir/MiniOzoneClusterImpl-c339c727-4e5f-46f6-bf12-daf0300b76af/datanode-4/data/ratis/5b968f57-1e7b-4f5e-9d24-52836121ed72 does not exist. Creating ...
2019-10-01 03:13:20,855 [pool-420-thread-1] INFO  storage.RaftStorageDirectory (RaftStorageDirectory.java:tryLock(328)) - Lock on /workdir/hadoop-ozone/integration-test/target/test-dir/MiniOzoneClusterImpl-c339c727-4e5f-46f6-bf12-daf0300b76af/datanode-4/data/ratis/5b968f57-1e7b-4f5e-9d24-52836121ed72/in_use.lock acquired by nodename 6751@pr-hdds-1984-288rd-2703005633
2019-10-01 03:13:20,869 [pool-420-thread-1] INFO  storage.RaftStorage (RaftStorage.java:format(84)) - Storage directory /workdir/hadoop-ozone/integration-test/target/test-dir/MiniOzoneClusterImpl-c339c727-4e5f-46f6-bf12-daf0300b76af/datanode-4/data/ratis/5b968f57-1e7b-4f5e-9d24-52836121ed72 has been successfully formatted.
2019-10-01 03:13:20,869 [pool-420-thread-1] INFO  ratis.ContainerStateMachine (ContainerStateMachine.java:loadSnapshot(230)) - group-52836121ED72: The snapshot info is null. Setting the last applied indexto:(t:0, i:~)
2019-10-01 03:13:20,870 [pool-420-thread-1] INFO  server.RaftServerConfigKeys (ConfUtils.java:logGet(43)) - raft.server.notification.no-leader.timeout = 120s (custom)
2019-10-01 03:13:20,870 [pool-420-thread-1] INFO  server.RaftServerConfigKeys (ConfUtils.java:logGet(43)) - raft.server.log.use.memory = false (default)
2019-10-01 03:13:20,870 [pool-420-thread-1] INFO  server.RaftServerConfigKeys (ConfUtils.java:logGet(43)) - raft.server.log.purge.gap = 1000000 (custom)
2019-10-01 03:13:20,870 [pool-420-thread-1] INFO  server.RaftServerConfigKeys (ConfUtils.java:logGet(43)) - raft.server.log.appender.buffer.byte-limit = 33554432 (custom)
2019-10-01 03:13:20,870 [pool-420-thread-1] INFO  server.RaftServerConfigKeys (ConfUtils.java:logGet(43)) - raft.server.log.segment.size.max = 1048576 (custom)
2019-10-01 03:13:20,871 [pool-420-thread-1] INFO  server.RaftServerConfigKeys (ConfUtils.java:logGet(43)) - raft.server.log.segment.cache.num.max = 2 (custom)
2019-10-01 03:13:20,871 [pool-420-thread-1] INFO  segmented.SegmentedRaftLogWorker (SegmentedRaftLogWorker.java:<init>(173)) - new 2a9899ba-3a88-4481-a522-256fa22dc393@group-52836121ED72-SegmentedRaftLogWorker for RaftStorage:Storage Directory /workdir/hadoop-ozone/integration-test/target/test-dir/MiniOzoneClusterImpl-c339c727-4e5f-46f6-bf12-daf0300b76af/datanode-4/data/ratis/5b968f57-1e7b-4f5e-9d24-52836121ed72
2019-10-01 03:13:20,871 [pool-420-thread-1] INFO  server.RaftServerConfigKeys (ConfUtils.java:logGet(43)) - raft.server.log.queue.byte-limit = 2147483647 (custom)
2019-10-01 03:13:20,871 [pool-420-thread-1] INFO  server.RaftServerConfigKeys (ConfUtils.java:logGet(43)) - raft.server.log.queue.element-limit = 1024 (custom)
2019-10-01 03:13:20,872 [pool-420-thread-1] INFO  server.RaftServerConfigKeys (ConfUtils.java:logGet(43)) - raft.server.log.segment.size.max = 1048576 (custom)
2019-10-01 03:13:20,872 [pool-420-thread-1] INFO  server.RaftServerConfigKeys (ConfUtils.java:logGet(43)) - raft.server.log.preallocated.size = 16384 (custom)
2019-10-01 03:13:20,872 [pool-420-thread-1] INFO  server.RaftServerConfigKeys (ConfUtils.java:logGet(43)) - raft.server.log.write.buffer.size = 33554432 (custom)
2019-10-01 03:13:20,872 [pool-420-thread-1] INFO  server.RaftServerConfigKeys (ConfUtils.java:logGet(43)) - raft.server.log.force.sync.num = 128 (default)
2019-10-01 03:13:20,872 [pool-420-thread-1] INFO  server.RaftServerConfigKeys (ConfUtils.java:logGet(43)) - raft.server.log.statemachine.data.sync = true (default)
2019-10-01 03:13:20,872 [pool-420-thread-1] INFO  server.RaftServerConfigKeys (ConfUtils.java:logGet(43)) - raft.server.log.statemachine.data.sync.timeout = 10s (default)
2019-10-01 03:13:20,872 [pool-420-thread-1] INFO  server.RaftServerConfigKeys (ConfUtils.java:logGet(43)) - raft.server.log.statemachine.data.sync.timeout.retry = -1 (default)
2019-10-01 03:13:20,872 [pool-420-thread-1] INFO  server.RaftServerConfigKeys (ConfUtils.java:logGet(43)) - raft.server.log.statemachine.data.caching.enabled = true (custom)
2019-10-01 03:13:20,873 [pool-420-thread-1] INFO  segmented.SegmentedRaftLogWorker (SegmentedRaftLogWorker.java:lambda$new$0(128)) - 2a9899ba-3a88-4481-a522-256fa22dc393@group-52836121ED72-SegmentedRaftLogWorker: flushIndex: setUnconditionally 0 -> -1
2019-10-01 03:13:20,873 [pool-420-thread-1] INFO  server.RaftServerConfigKeys (ConfUtils.java:logGet(43)) - raft.server.snapshot.auto.trigger.enabled = true (custom)
2019-10-01 03:13:20,873 [pool-420-thread-1] INFO  server.RaftServerConfigKeys (ConfUtils.java:logGet(43)) - raft.server.snapshot.auto.trigger.threshold = 10000 (custom)
2019-10-01 03:13:20,873 [pool-420-thread-1] INFO  server.RaftServerConfigKeys (ConfUtils.java:logGet(43)) - raft.server.snapshot.retention.file.num = 5 (custom)
2019-10-01 03:13:20,873 [pool-420-thread-1] INFO  server.RaftServerConfigKeys (ConfUtils.java:logGet(43)) - raft.server.retrycache.expirytime = 600000ms (custom)
2019-10-01 03:13:20,874 [pool-420-thread-1] INFO  impl.RaftServerImpl (RaftServerImpl.java:start(181)) - 2a9899ba-3a88-4481-a522-256fa22dc393@group-52836121ED72: start as a follower, conf=-1: [2a9899ba-3a88-4481-a522-256fa22dc393:192.168.164.230:45683], old=null
2019-10-01 03:13:20,874 [pool-420-thread-1] INFO  impl.RaftServerImpl (RaftServerImpl.java:setRole(170)) - 2a9899ba-3a88-4481-a522-256fa22dc393@group-52836121ED72: changes role from      null to FOLLOWER at term 0 for startAsFollower
2019-10-01 03:13:20,875 [pool-420-thread-1] INFO  impl.RoleInfo (RoleInfo.java:updateAndGet(143)) - 2a9899ba-3a88-4481-a522-256fa22dc393: start FollowerState
2019-10-01 03:13:20,875 [pool-420-thread-1] INFO  util.JmxRegister (JmxRegister.java:tryRegister(44)) - Successfully registered JMX Bean with object name Ratis:service=RaftServer,group=group-52836121ED72,id=2a9899ba-3a88-4481-a522-256fa22dc393
2019-10-01 03:13:20,878 [RatisPipelineUtilsThread] INFO  pipeline.PipelineStateManager (PipelineStateManager.java:addPipeline(56)) - Created pipeline Pipeline[ Id: 5b968f57-1e7b-4f5e-9d24-52836121ed72, Nodes: 2a9899ba-3a88-4481-a522-256fa22dc393{ip: 192.168.164.230, host: pr-hdds-1984-288rd-2703005633, networkLocation: /default-rack, certSerialId: null}, Type:RATIS, Factor:ONE, State:OPEN]
2019-10-01 03:13:20,891 [grpc-default-executor-4] INFO  impl.RaftServerProxy (RaftServerProxy.java:addNew(89)) - 39ad8518-91a1-4a9e-b727-e873a78ef0dc: addNew group-6449F6D74AA7:[39ad8518-91a1-4a9e-b727-e873a78ef0dc:192.168.164.230:33076] returns group-6449F6D74AA7:java.util.concurrent.CompletableFuture@2ba01ce[Not completed]
2019-10-01 03:13:20,892 [pool-410-thread-1] INFO  impl.RaftServerImpl (RaftServerImpl.java:<init>(95)) - 39ad8518-91a1-4a9e-b727-e873a78ef0dc: new RaftServerImpl for group-6449F6D74AA7:[39ad8518-91a1-4a9e-b727-e873a78ef0dc:192.168.164.230:33076] with ContainerStateMachine:uninitialized
2019-10-01 03:13:20,892 [pool-410-thread-1] INFO  server.RaftServerConfigKeys (ConfUtils.java:logGet(43)) - raft.server.rpc.timeout.min = 5s (custom)
2019-10-01 03:13:20,892 [pool-410-thread-1] INFO  server.RaftServerConfigKeys (ConfUtils.java:logGet(43)) - raft.server.rpc.timeout.max = 5200ms (custom)
2019-10-01 03:13:20,892 [pool-410-thread-1] INFO  server.RaftServerConfigKeys (ConfUtils.java:logGet(43)) - raft.server.rpcslowness.timeout = 120s (custom)
2019-10-01 03:13:20,893 [pool-410-thread-1] INFO  server.RaftServerConfigKeys (ConfUtils.java:logGet(43)) - raft.server.sleep.deviation.threshold = 300 (default)
2019-10-01 03:13:20,893 [pool-410-thread-1] INFO  server.RaftServerConfigKeys (ConfUtils.java:logGet(43)) - raft.server.log.appender.install.snapshot.enabled = false (custom)
2019-10-01 03:13:20,893 [pool-410-thread-1] INFO  impl.RaftServerImpl (ServerState.java:<init>(103)) - 39ad8518-91a1-4a9e-b727-e873a78ef0dc@group-6449F6D74AA7: ConfigurationManager, init=-1: [39ad8518-91a1-4a9e-b727-e873a78ef0dc:192.168.164.230:33076], old=null, confs=<EMPTY_MAP>
2019-10-01 03:13:20,893 [pool-410-thread-1] INFO  server.RaftServerConfigKeys (ConfUtils.java:logGet(43)) - raft.server.storage.dir = [/workdir/hadoop-ozone/integration-test/target/test-dir/MiniOzoneClusterImpl-c339c727-4e5f-46f6-bf12-daf0300b76af/datanode-3/data/ratis] (custom)
2019-10-01 03:13:20,893 [pool-410-thread-1] INFO  server.RaftServerConfigKeys (ConfUtils.java:logGet(43)) - raft.server.log.corruption.policy = EXCEPTION (default)
2019-10-01 03:13:20,893 [pool-410-thread-1] INFO  storage.RaftStorageDirectory (RaftStorageDirectory.java:analyzeStorage(246)) - The storage directory /workdir/hadoop-ozone/integration-test/target/test-dir/MiniOzoneClusterImpl-c339c727-4e5f-46f6-bf12-daf0300b76af/datanode-3/data/ratis/e7154af3-1455-4fe5-907f-6449f6d74aa7 does not exist. Creating ...
2019-10-01 03:13:20,907 [pool-410-thread-1] INFO  storage.RaftStorageDirectory (RaftStorageDirectory.java:tryLock(328)) - Lock on /workdir/hadoop-ozone/integration-test/target/test-dir/MiniOzoneClusterImpl-c339c727-4e5f-46f6-bf12-daf0300b76af/datanode-3/data/ratis/e7154af3-1455-4fe5-907f-6449f6d74aa7/in_use.lock acquired by nodename 6751@pr-hdds-1984-288rd-2703005633
2019-10-01 03:13:20,920 [pool-410-thread-1] INFO  storage.RaftStorage (RaftStorage.java:format(84)) - Storage directory /workdir/hadoop-ozone/integration-test/target/test-dir/MiniOzoneClusterImpl-c339c727-4e5f-46f6-bf12-daf0300b76af/datanode-3/data/ratis/e7154af3-1455-4fe5-907f-6449f6d74aa7 has been successfully formatted.
2019-10-01 03:13:20,920 [pool-410-thread-1] INFO  ratis.ContainerStateMachine (ContainerStateMachine.java:loadSnapshot(230)) - group-6449F6D74AA7: The snapshot info is null. Setting the last applied indexto:(t:0, i:~)
2019-10-01 03:13:20,920 [pool-410-thread-1] INFO  server.RaftServerConfigKeys (ConfUtils.java:logGet(43)) - raft.server.notification.no-leader.timeout = 120s (custom)
2019-10-01 03:13:20,921 [pool-410-thread-1] INFO  server.RaftServerConfigKeys (ConfUtils.java:logGet(43)) - raft.server.log.use.memory = false (default)
2019-10-01 03:13:20,921 [pool-410-thread-1] INFO  server.RaftServerConfigKeys (ConfUtils.java:logGet(43)) - raft.server.log.purge.gap = 1000000 (custom)
2019-10-01 03:13:20,921 [pool-410-thread-1] INFO  server.RaftServerConfigKeys (ConfUtils.java:logGet(43)) - raft.server.log.appender.buffer.byte-limit = 33554432 (custom)
2019-10-01 03:13:20,921 [pool-410-thread-1] INFO  server.RaftServerConfigKeys (ConfUtils.java:logGet(43)) - raft.server.log.segment.size.max = 1048576 (custom)
2019-10-01 03:13:20,922 [pool-410-thread-1] INFO  server.RaftServerConfigKeys (ConfUtils.java:logGet(43)) - raft.server.log.segment.cache.num.max = 2 (custom)
2019-10-01 03:13:20,922 [pool-410-thread-1] INFO  segmented.SegmentedRaftLogWorker (SegmentedRaftLogWorker.java:<init>(173)) - new 39ad8518-91a1-4a9e-b727-e873a78ef0dc@group-6449F6D74AA7-SegmentedRaftLogWorker for RaftStorage:Storage Directory /workdir/hadoop-ozone/integration-test/target/test-dir/MiniOzoneClusterImpl-c339c727-4e5f-46f6-bf12-daf0300b76af/datanode-3/data/ratis/e7154af3-1455-4fe5-907f-6449f6d74aa7
2019-10-01 03:13:20,922 [pool-410-thread-1] INFO  server.RaftServerConfigKeys (ConfUtils.java:logGet(43)) - raft.server.log.queue.byte-limit = 2147483647 (custom)
2019-10-01 03:13:20,922 [pool-410-thread-1] INFO  server.RaftServerConfigKeys (ConfUtils.java:logGet(43)) - raft.server.log.queue.element-limit = 1024 (custom)
2019-10-01 03:13:20,922 [pool-410-thread-1] INFO  server.RaftServerConfigKeys (ConfUtils.java:logGet(43)) - raft.server.log.segment.size.max = 1048576 (custom)
2019-10-01 03:13:20,923 [pool-410-thread-1] INFO  server.RaftServerConfigKeys (ConfUtils.java:logGet(43)) - raft.server.log.preallocated.size = 16384 (custom)
2019-10-01 03:13:20,923 [pool-410-thread-1] INFO  server.RaftServerConfigKeys (ConfUtils.java:logGet(43)) - raft.server.log.write.buffer.size = 33554432 (custom)
2019-10-01 03:13:20,923 [pool-410-thread-1] INFO  server.RaftServerConfigKeys (ConfUtils.java:logGet(43)) - raft.server.log.force.sync.num = 128 (default)
2019-10-01 03:13:20,923 [pool-410-thread-1] INFO  server.RaftServerConfigKeys (ConfUtils.java:logGet(43)) - raft.server.log.statemachine.data.sync = true (default)
2019-10-01 03:13:20,923 [pool-410-thread-1] INFO  server.RaftServerConfigKeys (ConfUtils.java:logGet(43)) - raft.server.log.statemachine.data.sync.timeout = 10s (default)
2019-10-01 03:13:20,923 [pool-410-thread-1] INFO  server.RaftServerConfigKeys (ConfUtils.java:logGet(43)) - raft.server.log.statemachine.data.sync.timeout.retry = -1 (default)
2019-10-01 03:13:20,923 [pool-410-thread-1] INFO  server.RaftServerConfigKeys (ConfUtils.java:logGet(43)) - raft.server.log.statemachine.data.caching.enabled = true (custom)
2019-10-01 03:13:20,924 [pool-410-thread-1] INFO  segmented.SegmentedRaftLogWorker (SegmentedRaftLogWorker.java:lambda$new$0(128)) - 39ad8518-91a1-4a9e-b727-e873a78ef0dc@group-6449F6D74AA7-SegmentedRaftLogWorker: flushIndex: setUnconditionally 0 -> -1
2019-10-01 03:13:20,924 [pool-410-thread-1] INFO  server.RaftServerConfigKeys (ConfUtils.java:logGet(43)) - raft.server.snapshot.auto.trigger.enabled = true (custom)
2019-10-01 03:13:20,924 [pool-410-thread-1] INFO  server.RaftServerConfigKeys (ConfUtils.java:logGet(43)) - raft.server.snapshot.auto.trigger.threshold = 10000 (custom)
2019-10-01 03:13:20,924 [pool-410-thread-1] INFO  server.RaftServerConfigKeys (ConfUtils.java:logGet(43)) - raft.server.snapshot.retention.file.num = 5 (custom)
2019-10-01 03:13:20,924 [pool-410-thread-1] INFO  server.RaftServerConfigKeys (ConfUtils.java:logGet(43)) - raft.server.retrycache.expirytime = 600000ms (custom)
2019-10-01 03:13:20,925 [IPC Server handler 3 on 40736] INFO  net.NetworkTopology (NetworkTopologyImpl.java:add(111)) - Added a new node: /default-rack/0f149dc2-93b5-49be-8207-1a37abfc29a4
2019-10-01 03:13:20,925 [IPC Server handler 3 on 40736] INFO  node.SCMNodeManager (SCMNodeManager.java:register(266)) - Registered Data node : 0f149dc2-93b5-49be-8207-1a37abfc29a4{ip: 192.168.164.230, host: pr-hdds-1984-288rd-2703005633, networkLocation: /default-rack, certSerialId: null}
2019-10-01 03:13:20,925 [pool-410-thread-1] INFO  impl.RaftServerImpl (RaftServerImpl.java:start(181)) - 39ad8518-91a1-4a9e-b727-e873a78ef0dc@group-6449F6D74AA7: start as a follower, conf=-1: [39ad8518-91a1-4a9e-b727-e873a78ef0dc:192.168.164.230:33076], old=null
2019-10-01 03:13:20,926 [pool-410-thread-1] INFO  impl.RaftServerImpl (RaftServerImpl.java:setRole(170)) - 39ad8518-91a1-4a9e-b727-e873a78ef0dc@group-6449F6D74AA7: changes role from      null to FOLLOWER at term 0 for startAsFollower
2019-10-01 03:13:20,926 [pool-410-thread-1] INFO  impl.RoleInfo (RoleInfo.java:updateAndGet(143)) - 39ad8518-91a1-4a9e-b727-e873a78ef0dc: start FollowerState
2019-10-01 03:13:20,926 [pool-410-thread-1] INFO  util.JmxRegister (JmxRegister.java:tryRegister(44)) - Successfully registered JMX Bean with object name Ratis:service=RaftServer,group=group-6449F6D74AA7,id=39ad8518-91a1-4a9e-b727-e873a78ef0dc
2019-10-01 03:13:20,929 [RatisPipelineUtilsThread] INFO  pipeline.PipelineStateManager (PipelineStateManager.java:addPipeline(56)) - Created pipeline Pipeline[ Id: e7154af3-1455-4fe5-907f-6449f6d74aa7, Nodes: 39ad8518-91a1-4a9e-b727-e873a78ef0dc{ip: 192.168.164.230, host: pr-hdds-1984-288rd-2703005633, networkLocation: /default-rack, certSerialId: null}, Type:RATIS, Factor:ONE, State:OPEN]
2019-10-01 03:13:20,942 [grpc-default-executor-0] INFO  impl.RaftServerProxy (RaftServerProxy.java:addNew(89)) - 0f149dc2-93b5-49be-8207-1a37abfc29a4: addNew group-D69D366428CF:[0f149dc2-93b5-49be-8207-1a37abfc29a4:192.168.164.230:38807] returns group-D69D366428CF:java.util.concurrent.CompletableFuture@452cd238[Not completed]
2019-10-01 03:13:20,943 [pool-430-thread-1] INFO  impl.RaftServerImpl (RaftServerImpl.java:<init>(95)) - 0f149dc2-93b5-49be-8207-1a37abfc29a4: new RaftServerImpl for group-D69D366428CF:[0f149dc2-93b5-49be-8207-1a37abfc29a4:192.168.164.230:38807] with ContainerStateMachine:uninitialized
2019-10-01 03:13:20,943 [pool-430-thread-1] INFO  server.RaftServerConfigKeys (ConfUtils.java:logGet(43)) - raft.server.rpc.timeout.min = 5s (custom)
2019-10-01 03:13:20,943 [pool-430-thread-1] INFO  server.RaftServerConfigKeys (ConfUtils.java:logGet(43)) - raft.server.rpc.timeout.max = 5200ms (custom)
2019-10-01 03:13:20,943 [pool-430-thread-1] INFO  server.RaftServerConfigKeys (ConfUtils.java:logGet(43)) - raft.server.rpcslowness.timeout = 120s (custom)
2019-10-01 03:13:20,943 [pool-430-thread-1] INFO  server.RaftServerConfigKeys (ConfUtils.java:logGet(43)) - raft.server.sleep.deviation.threshold = 300 (default)
2019-10-01 03:13:20,943 [pool-430-thread-1] INFO  server.RaftServerConfigKeys (ConfUtils.java:logGet(43)) - raft.server.log.appender.install.snapshot.enabled = false (custom)
2019-10-01 03:13:20,943 [pool-430-thread-1] INFO  impl.RaftServerImpl (ServerState.java:<init>(103)) - 0f149dc2-93b5-49be-8207-1a37abfc29a4@group-D69D366428CF: ConfigurationManager, init=-1: [0f149dc2-93b5-49be-8207-1a37abfc29a4:192.168.164.230:38807], old=null, confs=<EMPTY_MAP>
2019-10-01 03:13:20,944 [pool-430-thread-1] INFO  server.RaftServerConfigKeys (ConfUtils.java:logGet(43)) - raft.server.storage.dir = [/workdir/hadoop-ozone/integration-test/target/test-dir/MiniOzoneClusterImpl-c339c727-4e5f-46f6-bf12-daf0300b76af/datanode-5/data/ratis] (custom)
2019-10-01 03:13:20,944 [pool-430-thread-1] INFO  server.RaftServerConfigKeys (ConfUtils.java:logGet(43)) - raft.server.log.corruption.policy = EXCEPTION (default)
2019-10-01 03:13:20,944 [pool-430-thread-1] INFO  storage.RaftStorageDirectory (RaftStorageDirectory.java:analyzeStorage(246)) - The storage directory /workdir/hadoop-ozone/integration-test/target/test-dir/MiniOzoneClusterImpl-c339c727-4e5f-46f6-bf12-daf0300b76af/datanode-5/data/ratis/81846aa0-769a-4bf8-bb31-d69d366428cf does not exist. Creating ...
2019-10-01 03:13:20,957 [pool-430-thread-1] INFO  storage.RaftStorageDirectory (RaftStorageDirectory.java:tryLock(328)) - Lock on /workdir/hadoop-ozone/integration-test/target/test-dir/MiniOzoneClusterImpl-c339c727-4e5f-46f6-bf12-daf0300b76af/datanode-5/data/ratis/81846aa0-769a-4bf8-bb31-d69d366428cf/in_use.lock acquired by nodename 6751@pr-hdds-1984-288rd-2703005633
2019-10-01 03:13:20,974 [pool-430-thread-1] INFO  storage.RaftStorage (RaftStorage.java:format(84)) - Storage directory /workdir/hadoop-ozone/integration-test/target/test-dir/MiniOzoneClusterImpl-c339c727-4e5f-46f6-bf12-daf0300b76af/datanode-5/data/ratis/81846aa0-769a-4bf8-bb31-d69d366428cf has been successfully formatted.
2019-10-01 03:13:20,975 [pool-430-thread-1] INFO  ratis.ContainerStateMachine (ContainerStateMachine.java:loadSnapshot(230)) - group-D69D366428CF: The snapshot info is null. Setting the last applied indexto:(t:0, i:~)
2019-10-01 03:13:20,975 [pool-430-thread-1] INFO  server.RaftServerConfigKeys (ConfUtils.java:logGet(43)) - raft.server.notification.no-leader.timeout = 120s (custom)
2019-10-01 03:13:20,975 [pool-430-thread-1] INFO  server.RaftServerConfigKeys (ConfUtils.java:logGet(43)) - raft.server.log.use.memory = false (default)
2019-10-01 03:13:20,975 [pool-430-thread-1] INFO  server.RaftServerConfigKeys (ConfUtils.java:logGet(43)) - raft.server.log.purge.gap = 1000000 (custom)
2019-10-01 03:13:20,975 [pool-430-thread-1] INFO  server.RaftServerConfigKeys (ConfUtils.java:logGet(43)) - raft.server.log.appender.buffer.byte-limit = 33554432 (custom)
2019-10-01 03:13:20,975 [pool-430-thread-1] INFO  server.RaftServerConfigKeys (ConfUtils.java:logGet(43)) - raft.server.log.segment.size.max = 1048576 (custom)
2019-10-01 03:13:20,976 [pool-430-thread-1] INFO  server.RaftServerConfigKeys (ConfUtils.java:logGet(43)) - raft.server.log.segment.cache.num.max = 2 (custom)
2019-10-01 03:13:20,976 [pool-430-thread-1] INFO  segmented.SegmentedRaftLogWorker (SegmentedRaftLogWorker.java:<init>(173)) - new 0f149dc2-93b5-49be-8207-1a37abfc29a4@group-D69D366428CF-SegmentedRaftLogWorker for RaftStorage:Storage Directory /workdir/hadoop-ozone/integration-test/target/test-dir/MiniOzoneClusterImpl-c339c727-4e5f-46f6-bf12-daf0300b76af/datanode-5/data/ratis/81846aa0-769a-4bf8-bb31-d69d366428cf
2019-10-01 03:13:20,976 [pool-430-thread-1] INFO  server.RaftServerConfigKeys (ConfUtils.java:logGet(43)) - raft.server.log.queue.byte-limit = 2147483647 (custom)
2019-10-01 03:13:20,977 [pool-430-thread-1] INFO  server.RaftServerConfigKeys (ConfUtils.java:logGet(43)) - raft.server.log.queue.element-limit = 1024 (custom)
2019-10-01 03:13:20,977 [pool-430-thread-1] INFO  server.RaftServerConfigKeys (ConfUtils.java:logGet(43)) - raft.server.log.segment.size.max = 1048576 (custom)
2019-10-01 03:13:20,977 [pool-430-thread-1] INFO  server.RaftServerConfigKeys (ConfUtils.java:logGet(43)) - raft.server.log.preallocated.size = 16384 (custom)
2019-10-01 03:13:20,977 [pool-430-thread-1] INFO  server.RaftServerConfigKeys (ConfUtils.java:logGet(43)) - raft.server.log.write.buffer.size = 33554432 (custom)
2019-10-01 03:13:20,977 [pool-430-thread-1] INFO  server.RaftServerConfigKeys (ConfUtils.java:logGet(43)) - raft.server.log.force.sync.num = 128 (default)
2019-10-01 03:13:20,977 [pool-430-thread-1] INFO  server.RaftServerConfigKeys (ConfUtils.java:logGet(43)) - raft.server.log.statemachine.data.sync = true (default)
2019-10-01 03:13:20,977 [pool-430-thread-1] INFO  server.RaftServerConfigKeys (ConfUtils.java:logGet(43)) - raft.server.log.statemachine.data.sync.timeout = 10s (default)
2019-10-01 03:13:20,977 [pool-430-thread-1] INFO  server.RaftServerConfigKeys (ConfUtils.java:logGet(43)) - raft.server.log.statemachine.data.sync.timeout.retry = -1 (default)
2019-10-01 03:13:20,977 [pool-430-thread-1] INFO  server.RaftServerConfigKeys (ConfUtils.java:logGet(43)) - raft.server.log.statemachine.data.caching.enabled = true (custom)
2019-10-01 03:13:20,977 [pool-430-thread-1] INFO  segmented.SegmentedRaftLogWorker (SegmentedRaftLogWorker.java:lambda$new$0(128)) - 0f149dc2-93b5-49be-8207-1a37abfc29a4@group-D69D366428CF-SegmentedRaftLogWorker: flushIndex: setUnconditionally 0 -> -1
2019-10-01 03:13:20,978 [pool-430-thread-1] INFO  server.RaftServerConfigKeys (ConfUtils.java:logGet(43)) - raft.server.snapshot.auto.trigger.enabled = true (custom)
2019-10-01 03:13:20,978 [pool-430-thread-1] INFO  server.RaftServerConfigKeys (ConfUtils.java:logGet(43)) - raft.server.snapshot.auto.trigger.threshold = 10000 (custom)
2019-10-01 03:13:20,978 [pool-430-thread-1] INFO  server.RaftServerConfigKeys (ConfUtils.java:logGet(43)) - raft.server.snapshot.retention.file.num = 5 (custom)
2019-10-01 03:13:20,978 [pool-430-thread-1] INFO  server.RaftServerConfigKeys (ConfUtils.java:logGet(43)) - raft.server.retrycache.expirytime = 600000ms (custom)
2019-10-01 03:13:20,979 [pool-430-thread-1] INFO  impl.RaftServerImpl (RaftServerImpl.java:start(181)) - 0f149dc2-93b5-49be-8207-1a37abfc29a4@group-D69D366428CF: start as a follower, conf=-1: [0f149dc2-93b5-49be-8207-1a37abfc29a4:192.168.164.230:38807], old=null
2019-10-01 03:13:20,979 [pool-430-thread-1] INFO  impl.RaftServerImpl (RaftServerImpl.java:setRole(170)) - 0f149dc2-93b5-49be-8207-1a37abfc29a4@group-D69D366428CF: changes role from      null to FOLLOWER at term 0 for startAsFollower
2019-10-01 03:13:20,979 [pool-430-thread-1] INFO  impl.RoleInfo (RoleInfo.java:updateAndGet(143)) - 0f149dc2-93b5-49be-8207-1a37abfc29a4: start FollowerState
2019-10-01 03:13:20,979 [pool-430-thread-1] INFO  util.JmxRegister (JmxRegister.java:tryRegister(44)) - Successfully registered JMX Bean with object name Ratis:service=RaftServer,group=group-D69D366428CF,id=0f149dc2-93b5-49be-8207-1a37abfc29a4
2019-10-01 03:13:20,982 [RatisPipelineUtilsThread] INFO  pipeline.PipelineStateManager (PipelineStateManager.java:addPipeline(56)) - Created pipeline Pipeline[ Id: 81846aa0-769a-4bf8-bb31-d69d366428cf, Nodes: 0f149dc2-93b5-49be-8207-1a37abfc29a4{ip: 192.168.164.230, host: pr-hdds-1984-288rd-2703005633, networkLocation: /default-rack, certSerialId: null}, Type:RATIS, Factor:ONE, State:OPEN]
2019-10-01 03:13:21,010 [IPC Server handler 4 on 40736] INFO  net.NetworkTopology (NetworkTopologyImpl.java:add(111)) - Added a new node: /default-rack/a63593a8-f5c9-4190-a87a-91119d13fd7c
2019-10-01 03:13:21,010 [IPC Server handler 4 on 40736] INFO  node.SCMNodeManager (SCMNodeManager.java:register(266)) - Registered Data node : a63593a8-f5c9-4190-a87a-91119d13fd7c{ip: 192.168.164.230, host: pr-hdds-1984-288rd-2703005633, networkLocation: /default-rack, certSerialId: null}
2019-10-01 03:13:21,011 [grpc-default-executor-10] INFO  impl.RaftServerProxy (RaftServerProxy.java:addNew(89)) - 2a9899ba-3a88-4481-a522-256fa22dc393: addNew group-2DC8C4B1D5B7:[39ad8518-91a1-4a9e-b727-e873a78ef0dc:192.168.164.230:33076, 2a9899ba-3a88-4481-a522-256fa22dc393:192.168.164.230:45683, 0f149dc2-93b5-49be-8207-1a37abfc29a4:192.168.164.230:38807] returns group-2DC8C4B1D5B7:java.util.concurrent.CompletableFuture@3aeacf4a[Not completed]
2019-10-01 03:13:21,011 [grpc-default-executor-0] INFO  impl.RaftServerProxy (RaftServerProxy.java:addNew(89)) - 39ad8518-91a1-4a9e-b727-e873a78ef0dc: addNew group-2DC8C4B1D5B7:[39ad8518-91a1-4a9e-b727-e873a78ef0dc:192.168.164.230:33076, 2a9899ba-3a88-4481-a522-256fa22dc393:192.168.164.230:45683, 0f149dc2-93b5-49be-8207-1a37abfc29a4:192.168.164.230:38807] returns group-2DC8C4B1D5B7:java.util.concurrent.CompletableFuture@7ababa46[Not completed]
2019-10-01 03:13:21,011 [grpc-default-executor-10] INFO  impl.RaftServerProxy (RaftServerProxy.java:addNew(89)) - 0f149dc2-93b5-49be-8207-1a37abfc29a4: addNew group-2DC8C4B1D5B7:[39ad8518-91a1-4a9e-b727-e873a78ef0dc:192.168.164.230:33076, 2a9899ba-3a88-4481-a522-256fa22dc393:192.168.164.230:45683, 0f149dc2-93b5-49be-8207-1a37abfc29a4:192.168.164.230:38807] returns group-2DC8C4B1D5B7:java.util.concurrent.CompletableFuture@2b60e72f[Not completed]
2019-10-01 03:13:21,012 [pool-410-thread-1] INFO  impl.RaftServerImpl (RaftServerImpl.java:<init>(95)) - 39ad8518-91a1-4a9e-b727-e873a78ef0dc: new RaftServerImpl for group-2DC8C4B1D5B7:[39ad8518-91a1-4a9e-b727-e873a78ef0dc:192.168.164.230:33076, 2a9899ba-3a88-4481-a522-256fa22dc393:192.168.164.230:45683, 0f149dc2-93b5-49be-8207-1a37abfc29a4:192.168.164.230:38807] with ContainerStateMachine:uninitialized
2019-10-01 03:13:21,012 [pool-410-thread-1] INFO  server.RaftServerConfigKeys (ConfUtils.java:logGet(43)) - raft.server.rpc.timeout.min = 5s (custom)
2019-10-01 03:13:21,012 [pool-410-thread-1] INFO  server.RaftServerConfigKeys (ConfUtils.java:logGet(43)) - raft.server.rpc.timeout.max = 5200ms (custom)
2019-10-01 03:13:21,012 [pool-430-thread-1] INFO  impl.RaftServerImpl (RaftServerImpl.java:<init>(95)) - 0f149dc2-93b5-49be-8207-1a37abfc29a4: new RaftServerImpl for group-2DC8C4B1D5B7:[39ad8518-91a1-4a9e-b727-e873a78ef0dc:192.168.164.230:33076, 2a9899ba-3a88-4481-a522-256fa22dc393:192.168.164.230:45683, 0f149dc2-93b5-49be-8207-1a37abfc29a4:192.168.164.230:38807] with ContainerStateMachine:uninitialized
2019-10-01 03:13:21,012 [pool-410-thread-1] INFO  server.RaftServerConfigKeys (ConfUtils.java:logGet(43)) - raft.server.rpcslowness.timeout = 120s (custom)
2019-10-01 03:13:21,012 [main] INFO  ozone.MiniOzoneClusterImpl (MiniOzoneClusterImpl.java:lambda$waitForClusterToBeReady$0(147)) - Cluster is ready. Got 7 of 7 DN Heartbeats.
2019-10-01 03:13:21,012 [pool-430-thread-1] INFO  server.RaftServerConfigKeys (ConfUtils.java:logGet(43)) - raft.server.rpc.timeout.min = 5s (custom)
2019-10-01 03:13:21,012 [pool-420-thread-1] INFO  impl.RaftServerImpl (RaftServerImpl.java:<init>(95)) - 2a9899ba-3a88-4481-a522-256fa22dc393: new RaftServerImpl for group-2DC8C4B1D5B7:[39ad8518-91a1-4a9e-b727-e873a78ef0dc:192.168.164.230:33076, 2a9899ba-3a88-4481-a522-256fa22dc393:192.168.164.230:45683, 0f149dc2-93b5-49be-8207-1a37abfc29a4:192.168.164.230:38807] with ContainerStateMachine:uninitialized
2019-10-01 03:13:21,012 [pool-410-thread-1] INFO  server.RaftServerConfigKeys (ConfUtils.java:logGet(43)) - raft.server.sleep.deviation.threshold = 300 (default)
2019-10-01 03:13:21,013 [pool-420-thread-1] INFO  server.RaftServerConfigKeys (ConfUtils.java:logGet(43)) - raft.server.rpc.timeout.min = 5s (custom)
2019-10-01 03:13:21,013 [pool-430-thread-1] INFO  server.RaftServerConfigKeys (ConfUtils.java:logGet(43)) - raft.server.rpc.timeout.max = 5200ms (custom)
2019-10-01 03:13:21,013 [pool-420-thread-1] INFO  server.RaftServerConfigKeys (ConfUtils.java:logGet(43)) - raft.server.rpc.timeout.max = 5200ms (custom)
2019-10-01 03:13:21,013 [pool-410-thread-1] INFO  server.RaftServerConfigKeys (ConfUtils.java:logGet(43)) - raft.server.log.appender.install.snapshot.enabled = false (custom)
2019-10-01 03:13:21,013 [pool-420-thread-1] INFO  server.RaftServerConfigKeys (ConfUtils.java:logGet(43)) - raft.server.rpcslowness.timeout = 120s (custom)
2019-10-01 03:13:21,013 [pool-430-thread-1] INFO  server.RaftServerConfigKeys (ConfUtils.java:logGet(43)) - raft.server.rpcslowness.timeout = 120s (custom)
2019-10-01 03:13:21,013 [pool-420-thread-1] INFO  server.RaftServerConfigKeys (ConfUtils.java:logGet(43)) - raft.server.sleep.deviation.threshold = 300 (default)
2019-10-01 03:13:21,013 [pool-410-thread-1] INFO  impl.RaftServerImpl (ServerState.java:<init>(103)) - 39ad8518-91a1-4a9e-b727-e873a78ef0dc@group-2DC8C4B1D5B7: ConfigurationManager, init=-1: [39ad8518-91a1-4a9e-b727-e873a78ef0dc:192.168.164.230:33076, 2a9899ba-3a88-4481-a522-256fa22dc393:192.168.164.230:45683, 0f149dc2-93b5-49be-8207-1a37abfc29a4:192.168.164.230:38807], old=null, confs=<EMPTY_MAP>
2019-10-01 03:13:21,014 [pool-420-thread-1] INFO  server.RaftServerConfigKeys (ConfUtils.java:logGet(43)) - raft.server.log.appender.install.snapshot.enabled = false (custom)
2019-10-01 03:13:21,014 [pool-430-thread-1] INFO  server.RaftServerConfigKeys (ConfUtils.java:logGet(43)) - raft.server.sleep.deviation.threshold = 300 (default)
2019-10-01 03:13:21,014 [pool-420-thread-1] INFO  impl.RaftServerImpl (ServerState.java:<init>(103)) - 2a9899ba-3a88-4481-a522-256fa22dc393@group-2DC8C4B1D5B7: ConfigurationManager, init=-1: [39ad8518-91a1-4a9e-b727-e873a78ef0dc:192.168.164.230:33076, 2a9899ba-3a88-4481-a522-256fa22dc393:192.168.164.230:45683, 0f149dc2-93b5-49be-8207-1a37abfc29a4:192.168.164.230:38807], old=null, confs=<EMPTY_MAP>
2019-10-01 03:13:21,014 [pool-410-thread-1] INFO  server.RaftServerConfigKeys (ConfUtils.java:logGet(43)) - raft.server.storage.dir = [/workdir/hadoop-ozone/integration-test/target/test-dir/MiniOzoneClusterImpl-c339c727-4e5f-46f6-bf12-daf0300b76af/datanode-3/data/ratis] (custom)
2019-10-01 03:13:21,014 [pool-420-thread-1] INFO  server.RaftServerConfigKeys (ConfUtils.java:logGet(43)) - raft.server.storage.dir = [/workdir/hadoop-ozone/integration-test/target/test-dir/MiniOzoneClusterImpl-c339c727-4e5f-46f6-bf12-daf0300b76af/datanode-4/data/ratis] (custom)
2019-10-01 03:13:21,014 [pool-430-thread-1] INFO  server.RaftServerConfigKeys (ConfUtils.java:logGet(43)) - raft.server.log.appender.install.snapshot.enabled = false (custom)
2019-10-01 03:13:21,022 [pool-410-thread-1] INFO  server.RaftServerConfigKeys (ConfUtils.java:logGet(43)) - raft.server.log.corruption.policy = EXCEPTION (default)
2019-10-01 03:13:21,022 [pool-420-thread-1] INFO  server.RaftServerConfigKeys (ConfUtils.java:logGet(43)) - raft.server.log.corruption.policy = EXCEPTION (default)
2019-10-01 03:13:21,022 [pool-430-thread-1] INFO  impl.RaftServerImpl (ServerState.java:<init>(103)) - 0f149dc2-93b5-49be-8207-1a37abfc29a4@group-2DC8C4B1D5B7: ConfigurationManager, init=-1: [39ad8518-91a1-4a9e-b727-e873a78ef0dc:192.168.164.230:33076, 2a9899ba-3a88-4481-a522-256fa22dc393:192.168.164.230:45683, 0f149dc2-93b5-49be-8207-1a37abfc29a4:192.168.164.230:38807], old=null, confs=<EMPTY_MAP>
2019-10-01 03:13:21,022 [pool-410-thread-1] INFO  storage.RaftStorageDirectory (RaftStorageDirectory.java:analyzeStorage(246)) - The storage directory /workdir/hadoop-ozone/integration-test/target/test-dir/MiniOzoneClusterImpl-c339c727-4e5f-46f6-bf12-daf0300b76af/datanode-3/data/ratis/710121ca-e93e-4b72-964e-2dc8c4b1d5b7 does not exist. Creating ...
2019-10-01 03:13:21,022 [pool-430-thread-1] INFO  server.RaftServerConfigKeys (ConfUtils.java:logGet(43)) - raft.server.storage.dir = [/workdir/hadoop-ozone/integration-test/target/test-dir/MiniOzoneClusterImpl-c339c727-4e5f-46f6-bf12-daf0300b76af/datanode-5/data/ratis] (custom)
2019-10-01 03:13:21,022 [pool-420-thread-1] INFO  storage.RaftStorageDirectory (RaftStorageDirectory.java:analyzeStorage(246)) - The storage directory /workdir/hadoop-ozone/integration-test/target/test-dir/MiniOzoneClusterImpl-c339c727-4e5f-46f6-bf12-daf0300b76af/datanode-4/data/ratis/710121ca-e93e-4b72-964e-2dc8c4b1d5b7 does not exist. Creating ...
2019-10-01 03:13:21,022 [pool-430-thread-1] INFO  server.RaftServerConfigKeys (ConfUtils.java:logGet(43)) - raft.server.log.corruption.policy = EXCEPTION (default)
2019-10-01 03:13:21,023 [pool-430-thread-1] INFO  storage.RaftStorageDirectory (RaftStorageDirectory.java:analyzeStorage(246)) - The storage directory /workdir/hadoop-ozone/integration-test/target/test-dir/MiniOzoneClusterImpl-c339c727-4e5f-46f6-bf12-daf0300b76af/datanode-5/data/ratis/710121ca-e93e-4b72-964e-2dc8c4b1d5b7 does not exist. Creating ...
2019-10-01 03:13:21,037 [pool-430-thread-1] INFO  storage.RaftStorageDirectory (RaftStorageDirectory.java:tryLock(328)) - Lock on /workdir/hadoop-ozone/integration-test/target/test-dir/MiniOzoneClusterImpl-c339c727-4e5f-46f6-bf12-daf0300b76af/datanode-5/data/ratis/710121ca-e93e-4b72-964e-2dc8c4b1d5b7/in_use.lock acquired by nodename 6751@pr-hdds-1984-288rd-2703005633
2019-10-01 03:13:21,037 [pool-420-thread-1] INFO  storage.RaftStorageDirectory (RaftStorageDirectory.java:tryLock(328)) - Lock on /workdir/hadoop-ozone/integration-test/target/test-dir/MiniOzoneClusterImpl-c339c727-4e5f-46f6-bf12-daf0300b76af/datanode-4/data/ratis/710121ca-e93e-4b72-964e-2dc8c4b1d5b7/in_use.lock acquired by nodename 6751@pr-hdds-1984-288rd-2703005633
2019-10-01 03:13:21,037 [pool-410-thread-1] INFO  storage.RaftStorageDirectory (RaftStorageDirectory.java:tryLock(328)) - Lock on /workdir/hadoop-ozone/integration-test/target/test-dir/MiniOzoneClusterImpl-c339c727-4e5f-46f6-bf12-daf0300b76af/datanode-3/data/ratis/710121ca-e93e-4b72-964e-2dc8c4b1d5b7/in_use.lock acquired by nodename 6751@pr-hdds-1984-288rd-2703005633
2019-10-01 03:13:21,038 [main] INFO  rpc.RpcClient (RpcClient.java:createVolume(276)) - Creating Volume: watchforcommithandlingtest, with jenkins1000 as owner.
2019-10-01 03:13:21,040 [IPC Server handler 3 on 37734] INFO  volume.OMVolumeCreateRequest (OMVolumeCreateRequest.java:validateAndUpdateCache(194)) - created volume:watchforcommithandlingtest for user:jenkins1000
2019-10-01 03:13:21,054 [pool-410-thread-1] INFO  storage.RaftStorage (RaftStorage.java:format(84)) - Storage directory /workdir/hadoop-ozone/integration-test/target/test-dir/MiniOzoneClusterImpl-c339c727-4e5f-46f6-bf12-daf0300b76af/datanode-3/data/ratis/710121ca-e93e-4b72-964e-2dc8c4b1d5b7 has been successfully formatted.
2019-10-01 03:13:21,054 [pool-430-thread-1] INFO  storage.RaftStorage (RaftStorage.java:format(84)) - Storage directory /workdir/hadoop-ozone/integration-test/target/test-dir/MiniOzoneClusterImpl-c339c727-4e5f-46f6-bf12-daf0300b76af/datanode-5/data/ratis/710121ca-e93e-4b72-964e-2dc8c4b1d5b7 has been successfully formatted.
2019-10-01 03:13:21,055 [pool-410-thread-1] INFO  ratis.ContainerStateMachine (ContainerStateMachine.java:loadSnapshot(230)) - group-2DC8C4B1D5B7: The snapshot info is null. Setting the last applied indexto:(t:0, i:~)
2019-10-01 03:13:21,054 [pool-420-thread-1] INFO  storage.RaftStorage (RaftStorage.java:format(84)) - Storage directory /workdir/hadoop-ozone/integration-test/target/test-dir/MiniOzoneClusterImpl-c339c727-4e5f-46f6-bf12-daf0300b76af/datanode-4/data/ratis/710121ca-e93e-4b72-964e-2dc8c4b1d5b7 has been successfully formatted.
2019-10-01 03:13:21,055 [main] INFO  rpc.RpcClient (RpcClient.java:createBucket(415)) - Creating Bucket: watchforcommithandlingtest/watchforcommithandlingtest, with Versioning false and Storage Type set to DISK and Encryption set to false 
2019-10-01 03:13:21,055 [pool-430-thread-1] INFO  ratis.ContainerStateMachine (ContainerStateMachine.java:loadSnapshot(230)) - group-2DC8C4B1D5B7: The snapshot info is null. Setting the last applied indexto:(t:0, i:~)
2019-10-01 03:13:21,055 [pool-410-thread-1] INFO  server.RaftServerConfigKeys (ConfUtils.java:logGet(43)) - raft.server.notification.no-leader.timeout = 120s (custom)
2019-10-01 03:13:21,055 [pool-430-thread-1] INFO  server.RaftServerConfigKeys (ConfUtils.java:logGet(43)) - raft.server.notification.no-leader.timeout = 120s (custom)
2019-10-01 03:13:21,055 [pool-420-thread-1] INFO  ratis.ContainerStateMachine (ContainerStateMachine.java:loadSnapshot(230)) - group-2DC8C4B1D5B7: The snapshot info is null. Setting the last applied indexto:(t:0, i:~)
2019-10-01 03:13:21,055 [pool-430-thread-1] INFO  server.RaftServerConfigKeys (ConfUtils.java:logGet(43)) - raft.server.log.use.memory = false (default)
2019-10-01 03:13:21,055 [pool-410-thread-1] INFO  server.RaftServerConfigKeys (ConfUtils.java:logGet(43)) - raft.server.log.use.memory = false (default)
2019-10-01 03:13:21,055 [pool-430-thread-1] INFO  server.RaftServerConfigKeys (ConfUtils.java:logGet(43)) - raft.server.log.purge.gap = 1000000 (custom)
2019-10-01 03:13:21,055 [pool-420-thread-1] INFO  server.RaftServerConfigKeys (ConfUtils.java:logGet(43)) - raft.server.notification.no-leader.timeout = 120s (custom)
2019-10-01 03:13:21,056 [pool-430-thread-1] INFO  server.RaftServerConfigKeys (ConfUtils.java:logGet(43)) - raft.server.log.appender.buffer.byte-limit = 33554432 (custom)
2019-10-01 03:13:21,056 [pool-410-thread-1] INFO  server.RaftServerConfigKeys (ConfUtils.java:logGet(43)) - raft.server.log.purge.gap = 1000000 (custom)
2019-10-01 03:13:21,056 [pool-430-thread-1] INFO  server.RaftServerConfigKeys (ConfUtils.java:logGet(43)) - raft.server.log.segment.size.max = 1048576 (custom)
2019-10-01 03:13:21,056 [pool-420-thread-1] INFO  server.RaftServerConfigKeys (ConfUtils.java:logGet(43)) - raft.server.log.use.memory = false (default)
2019-10-01 03:13:21,059 [pool-430-thread-1] INFO  server.RaftServerConfigKeys (ConfUtils.java:logGet(43)) - raft.server.log.segment.cache.num.max = 2 (custom)
2019-10-01 03:13:21,056 [pool-410-thread-1] INFO  server.RaftServerConfigKeys (ConfUtils.java:logGet(43)) - raft.server.log.appender.buffer.byte-limit = 33554432 (custom)
2019-10-01 03:13:21,059 [pool-430-thread-1] INFO  segmented.SegmentedRaftLogWorker (SegmentedRaftLogWorker.java:<init>(173)) - new 0f149dc2-93b5-49be-8207-1a37abfc29a4@group-2DC8C4B1D5B7-SegmentedRaftLogWorker for RaftStorage:Storage Directory /workdir/hadoop-ozone/integration-test/target/test-dir/MiniOzoneClusterImpl-c339c727-4e5f-46f6-bf12-daf0300b76af/datanode-5/data/ratis/710121ca-e93e-4b72-964e-2dc8c4b1d5b7
2019-10-01 03:13:21,059 [pool-420-thread-1] INFO  server.RaftServerConfigKeys (ConfUtils.java:logGet(43)) - raft.server.log.purge.gap = 1000000 (custom)
2019-10-01 03:13:21,059 [main] INFO  ozone.MiniOzoneClusterImpl (MiniOzoneClusterImpl.java:getStorageContainerLocationClient(234)) - Creating StorageContainerLocationProtocol RPC client with address /0.0.0.0:34923
2019-10-01 03:13:21,059 [pool-430-thread-1] INFO  server.RaftServerConfigKeys (ConfUtils.java:logGet(43)) - raft.server.log.queue.byte-limit = 2147483647 (custom)
2019-10-01 03:13:21,059 [pool-410-thread-1] INFO  server.RaftServerConfigKeys (ConfUtils.java:logGet(43)) - raft.server.log.segment.size.max = 1048576 (custom)
2019-10-01 03:13:21,059 [pool-430-thread-1] INFO  server.RaftServerConfigKeys (ConfUtils.java:logGet(43)) - raft.server.log.queue.element-limit = 1024 (custom)
2019-10-01 03:13:21,059 [pool-420-thread-1] INFO  server.RaftServerConfigKeys (ConfUtils.java:logGet(43)) - raft.server.log.appender.buffer.byte-limit = 33554432 (custom)
2019-10-01 03:13:21,060 [pool-430-thread-1] INFO  server.RaftServerConfigKeys (ConfUtils.java:logGet(43)) - raft.server.log.segment.size.max = 1048576 (custom)
2019-10-01 03:13:21,059 [pool-410-thread-1] INFO  server.RaftServerConfigKeys (ConfUtils.java:logGet(43)) - raft.server.log.segment.cache.num.max = 2 (custom)
2019-10-01 03:13:21,060 [pool-430-thread-1] INFO  server.RaftServerConfigKeys (ConfUtils.java:logGet(43)) - raft.server.log.preallocated.size = 16384 (custom)
2019-10-01 03:13:21,060 [pool-420-thread-1] INFO  server.RaftServerConfigKeys (ConfUtils.java:logGet(43)) - raft.server.log.segment.size.max = 1048576 (custom)
2019-10-01 03:13:21,060 [pool-430-thread-1] INFO  server.RaftServerConfigKeys (ConfUtils.java:logGet(43)) - raft.server.log.write.buffer.size = 33554432 (custom)
2019-10-01 03:13:21,060 [pool-410-thread-1] INFO  segmented.SegmentedRaftLogWorker (SegmentedRaftLogWorker.java:<init>(173)) - new 39ad8518-91a1-4a9e-b727-e873a78ef0dc@group-2DC8C4B1D5B7-SegmentedRaftLogWorker for RaftStorage:Storage Directory /workdir/hadoop-ozone/integration-test/target/test-dir/MiniOzoneClusterImpl-c339c727-4e5f-46f6-bf12-daf0300b76af/datanode-3/data/ratis/710121ca-e93e-4b72-964e-2dc8c4b1d5b7
2019-10-01 03:13:21,060 [pool-430-thread-1] INFO  server.RaftServerConfigKeys (ConfUtils.java:logGet(43)) - raft.server.log.force.sync.num = 128 (default)
2019-10-01 03:13:21,060 [pool-420-thread-1] INFO  server.RaftServerConfigKeys (ConfUtils.java:logGet(43)) - raft.server.log.segment.cache.num.max = 2 (custom)
2019-10-01 03:13:21,060 [pool-430-thread-1] INFO  server.RaftServerConfigKeys (ConfUtils.java:logGet(43)) - raft.server.log.statemachine.data.sync = true (default)
2019-10-01 03:13:21,060 [pool-410-thread-1] INFO  server.RaftServerConfigKeys (ConfUtils.java:logGet(43)) - raft.server.log.queue.byte-limit = 2147483647 (custom)
2019-10-01 03:13:21,061 [pool-430-thread-1] INFO  server.RaftServerConfigKeys (ConfUtils.java:logGet(43)) - raft.server.log.statemachine.data.sync.timeout = 10s (default)
2019-10-01 03:13:21,061 [pool-420-thread-1] INFO  segmented.SegmentedRaftLogWorker (SegmentedRaftLogWorker.java:<init>(173)) - new 2a9899ba-3a88-4481-a522-256fa22dc393@group-2DC8C4B1D5B7-SegmentedRaftLogWorker for RaftStorage:Storage Directory /workdir/hadoop-ozone/integration-test/target/test-dir/MiniOzoneClusterImpl-c339c727-4e5f-46f6-bf12-daf0300b76af/datanode-4/data/ratis/710121ca-e93e-4b72-964e-2dc8c4b1d5b7
2019-10-01 03:13:21,061 [pool-430-thread-1] INFO  server.RaftServerConfigKeys (ConfUtils.java:logGet(43)) - raft.server.log.statemachine.data.sync.timeout.retry = -1 (default)
2019-10-01 03:13:21,061 [pool-410-thread-1] INFO  server.RaftServerConfigKeys (ConfUtils.java:logGet(43)) - raft.server.log.queue.element-limit = 1024 (custom)
2019-10-01 03:13:21,061 [pool-430-thread-1] INFO  server.RaftServerConfigKeys (ConfUtils.java:logGet(43)) - raft.server.log.statemachine.data.caching.enabled = true (custom)
2019-10-01 03:13:21,061 [pool-420-thread-1] INFO  server.RaftServerConfigKeys (ConfUtils.java:logGet(43)) - raft.server.log.queue.byte-limit = 2147483647 (custom)
2019-10-01 03:13:21,061 [pool-410-thread-1] INFO  server.RaftServerConfigKeys (ConfUtils.java:logGet(43)) - raft.server.log.segment.size.max = 1048576 (custom)
2019-10-01 03:13:21,061 [pool-430-thread-1] INFO  segmented.SegmentedRaftLogWorker (SegmentedRaftLogWorker.java:lambda$new$0(128)) - 0f149dc2-93b5-49be-8207-1a37abfc29a4@group-2DC8C4B1D5B7-SegmentedRaftLogWorker: flushIndex: setUnconditionally 0 -> -1
2019-10-01 03:13:21,061 [pool-410-thread-1] INFO  server.RaftServerConfigKeys (ConfUtils.java:logGet(43)) - raft.server.log.preallocated.size = 16384 (custom)
2019-10-01 03:13:21,061 [pool-420-thread-1] INFO  server.RaftServerConfigKeys (ConfUtils.java:logGet(43)) - raft.server.log.queue.element-limit = 1024 (custom)
2019-10-01 03:13:21,062 [pool-430-thread-1] INFO  server.RaftServerConfigKeys (ConfUtils.java:logGet(43)) - raft.server.snapshot.auto.trigger.enabled = true (custom)
2019-10-01 03:13:21,062 [pool-410-thread-1] INFO  server.RaftServerConfigKeys (ConfUtils.java:logGet(43)) - raft.server.log.write.buffer.size = 33554432 (custom)
2019-10-01 03:13:21,062 [pool-430-thread-1] INFO  server.RaftServerConfigKeys (ConfUtils.java:logGet(43)) - raft.server.snapshot.auto.trigger.threshold = 10000 (custom)
2019-10-01 03:13:21,062 [pool-420-thread-1] INFO  server.RaftServerConfigKeys (ConfUtils.java:logGet(43)) - raft.server.log.segment.size.max = 1048576 (custom)
2019-10-01 03:13:21,062 [pool-430-thread-1] INFO  server.RaftServerConfigKeys (ConfUtils.java:logGet(43)) - raft.server.snapshot.retention.file.num = 5 (custom)
2019-10-01 03:13:21,062 [pool-410-thread-1] INFO  server.RaftServerConfigKeys (ConfUtils.java:logGet(43)) - raft.server.log.force.sync.num = 128 (default)
2019-10-01 03:13:21,062 [pool-430-thread-1] INFO  server.RaftServerConfigKeys (ConfUtils.java:logGet(43)) - raft.server.retrycache.expirytime = 600000ms (custom)
2019-10-01 03:13:21,062 [pool-420-thread-1] INFO  server.RaftServerConfigKeys (ConfUtils.java:logGet(43)) - raft.server.log.preallocated.size = 16384 (custom)
2019-10-01 03:13:21,062 [pool-410-thread-1] INFO  server.RaftServerConfigKeys (ConfUtils.java:logGet(43)) - raft.server.log.statemachine.data.sync = true (default)
2019-10-01 03:13:21,063 [pool-420-thread-1] INFO  server.RaftServerConfigKeys (ConfUtils.java:logGet(43)) - raft.server.log.write.buffer.size = 33554432 (custom)
2019-10-01 03:13:21,063 [pool-410-thread-1] INFO  server.RaftServerConfigKeys (ConfUtils.java:logGet(43)) - raft.server.log.statemachine.data.sync.timeout = 10s (default)
2019-10-01 03:13:21,063 [pool-420-thread-1] INFO  server.RaftServerConfigKeys (ConfUtils.java:logGet(43)) - raft.server.log.force.sync.num = 128 (default)
2019-10-01 03:13:21,063 [pool-410-thread-1] INFO  server.RaftServerConfigKeys (ConfUtils.java:logGet(43)) - raft.server.log.statemachine.data.sync.timeout.retry = -1 (default)
2019-10-01 03:13:21,063 [pool-420-thread-1] INFO  server.RaftServerConfigKeys (ConfUtils.java:logGet(43)) - raft.server.log.statemachine.data.sync = true (default)
2019-10-01 03:13:21,063 [pool-410-thread-1] INFO  server.RaftServerConfigKeys (ConfUtils.java:logGet(43)) - raft.server.log.statemachine.data.caching.enabled = true (custom)
2019-10-01 03:13:21,063 [pool-420-thread-1] INFO  server.RaftServerConfigKeys (ConfUtils.java:logGet(43)) - raft.server.log.statemachine.data.sync.timeout = 10s (default)
2019-10-01 03:13:21,063 [pool-410-thread-1] INFO  segmented.SegmentedRaftLogWorker (SegmentedRaftLogWorker.java:lambda$new$0(128)) - 39ad8518-91a1-4a9e-b727-e873a78ef0dc@group-2DC8C4B1D5B7-SegmentedRaftLogWorker: flushIndex: setUnconditionally 0 -> -1
2019-10-01 03:13:21,063 [pool-420-thread-1] INFO  server.RaftServerConfigKeys (ConfUtils.java:logGet(43)) - raft.server.log.statemachine.data.sync.timeout.retry = -1 (default)
2019-10-01 03:13:21,064 [pool-410-thread-1] INFO  server.RaftServerConfigKeys (ConfUtils.java:logGet(43)) - raft.server.snapshot.auto.trigger.enabled = true (custom)
2019-10-01 03:13:21,064 [pool-420-thread-1] INFO  server.RaftServerConfigKeys (ConfUtils.java:logGet(43)) - raft.server.log.statemachine.data.caching.enabled = true (custom)
2019-10-01 03:13:21,064 [pool-430-thread-1] INFO  impl.RaftServerImpl (RaftServerImpl.java:start(181)) - 0f149dc2-93b5-49be-8207-1a37abfc29a4@group-2DC8C4B1D5B7: start as a follower, conf=-1: [39ad8518-91a1-4a9e-b727-e873a78ef0dc:192.168.164.230:33076, 2a9899ba-3a88-4481-a522-256fa22dc393:192.168.164.230:45683, 0f149dc2-93b5-49be-8207-1a37abfc29a4:192.168.164.230:38807], old=null
2019-10-01 03:13:21,064 [pool-410-thread-1] INFO  server.RaftServerConfigKeys (ConfUtils.java:logGet(43)) - raft.server.snapshot.auto.trigger.threshold = 10000 (custom)
2019-10-01 03:13:21,064 [pool-430-thread-1] INFO  impl.RaftServerImpl (RaftServerImpl.java:setRole(170)) - 0f149dc2-93b5-49be-8207-1a37abfc29a4@group-2DC8C4B1D5B7: changes role from      null to FOLLOWER at term 0 for startAsFollower
2019-10-01 03:13:21,064 [pool-420-thread-1] INFO  segmented.SegmentedRaftLogWorker (SegmentedRaftLogWorker.java:lambda$new$0(128)) - 2a9899ba-3a88-4481-a522-256fa22dc393@group-2DC8C4B1D5B7-SegmentedRaftLogWorker: flushIndex: setUnconditionally 0 -> -1
2019-10-01 03:13:21,064 [pool-430-thread-1] INFO  impl.RoleInfo (RoleInfo.java:updateAndGet(143)) - 0f149dc2-93b5-49be-8207-1a37abfc29a4: start FollowerState
2019-10-01 03:13:21,064 [pool-410-thread-1] INFO  server.RaftServerConfigKeys (ConfUtils.java:logGet(43)) - raft.server.snapshot.retention.file.num = 5 (custom)
2019-10-01 03:13:21,064 [pool-420-thread-1] INFO  server.RaftServerConfigKeys (ConfUtils.java:logGet(43)) - raft.server.snapshot.auto.trigger.enabled = true (custom)
2019-10-01 03:13:21,065 [pool-430-thread-1] INFO  util.JmxRegister (JmxRegister.java:tryRegister(44)) - Successfully registered JMX Bean with object name Ratis:service=RaftServer,group=group-2DC8C4B1D5B7,id=0f149dc2-93b5-49be-8207-1a37abfc29a4
2019-10-01 03:13:21,064 [pool-410-thread-1] INFO  server.RaftServerConfigKeys (ConfUtils.java:logGet(43)) - raft.server.retrycache.expirytime = 600000ms (custom)
2019-10-01 03:13:21,065 [pool-420-thread-1] INFO  server.RaftServerConfigKeys (ConfUtils.java:logGet(43)) - raft.server.snapshot.auto.trigger.threshold = 10000 (custom)
2019-10-01 03:13:21,065 [pool-420-thread-1] INFO  server.RaftServerConfigKeys (ConfUtils.java:logGet(43)) - raft.server.snapshot.retention.file.num = 5 (custom)
2019-10-01 03:13:21,065 [pool-420-thread-1] INFO  server.RaftServerConfigKeys (ConfUtils.java:logGet(43)) - raft.server.retrycache.expirytime = 600000ms (custom)
2019-10-01 03:13:21,068 [pool-410-thread-1] INFO  impl.RaftServerImpl (RaftServerImpl.java:start(181)) - 39ad8518-91a1-4a9e-b727-e873a78ef0dc@group-2DC8C4B1D5B7: start as a follower, conf=-1: [39ad8518-91a1-4a9e-b727-e873a78ef0dc:192.168.164.230:33076, 2a9899ba-3a88-4481-a522-256fa22dc393:192.168.164.230:45683, 0f149dc2-93b5-49be-8207-1a37abfc29a4:192.168.164.230:38807], old=null
2019-10-01 03:13:21,068 [pool-410-thread-1] INFO  impl.RaftServerImpl (RaftServerImpl.java:setRole(170)) - 39ad8518-91a1-4a9e-b727-e873a78ef0dc@group-2DC8C4B1D5B7: changes role from      null to FOLLOWER at term 0 for startAsFollower
2019-10-01 03:13:21,068 [pool-420-thread-1] INFO  impl.RaftServerImpl (RaftServerImpl.java:start(181)) - 2a9899ba-3a88-4481-a522-256fa22dc393@group-2DC8C4B1D5B7: start as a follower, conf=-1: [39ad8518-91a1-4a9e-b727-e873a78ef0dc:192.168.164.230:33076, 2a9899ba-3a88-4481-a522-256fa22dc393:192.168.164.230:45683, 0f149dc2-93b5-49be-8207-1a37abfc29a4:192.168.164.230:38807], old=null
2019-10-01 03:13:21,068 [pool-410-thread-1] INFO  impl.RoleInfo (RoleInfo.java:updateAndGet(143)) - 39ad8518-91a1-4a9e-b727-e873a78ef0dc: start FollowerState
2019-10-01 03:13:21,068 [pool-420-thread-1] INFO  impl.RaftServerImpl (RaftServerImpl.java:setRole(170)) - 2a9899ba-3a88-4481-a522-256fa22dc393@group-2DC8C4B1D5B7: changes role from      null to FOLLOWER at term 0 for startAsFollower
2019-10-01 03:13:21,068 [pool-420-thread-1] INFO  impl.RoleInfo (RoleInfo.java:updateAndGet(143)) - 2a9899ba-3a88-4481-a522-256fa22dc393: start FollowerState
2019-10-01 03:13:21,068 [pool-410-thread-1] INFO  util.JmxRegister (JmxRegister.java:tryRegister(44)) - Successfully registered JMX Bean with object name Ratis:service=RaftServer,group=group-2DC8C4B1D5B7,id=39ad8518-91a1-4a9e-b727-e873a78ef0dc
2019-10-01 03:13:21,068 [pool-420-thread-1] INFO  util.JmxRegister (JmxRegister.java:tryRegister(44)) - Successfully registered JMX Bean with object name Ratis:service=RaftServer,group=group-2DC8C4B1D5B7,id=2a9899ba-3a88-4481-a522-256fa22dc393
2019-10-01 03:13:21,072 [RatisPipelineUtilsThread] INFO  pipeline.PipelineStateManager (PipelineStateManager.java:addPipeline(56)) - Created pipeline Pipeline[ Id: 710121ca-e93e-4b72-964e-2dc8c4b1d5b7, Nodes: 0f149dc2-93b5-49be-8207-1a37abfc29a4{ip: 192.168.164.230, host: pr-hdds-1984-288rd-2703005633, networkLocation: /default-rack, certSerialId: null}2a9899ba-3a88-4481-a522-256fa22dc393{ip: 192.168.164.230, host: pr-hdds-1984-288rd-2703005633, networkLocation: /default-rack, certSerialId: null}39ad8518-91a1-4a9e-b727-e873a78ef0dc{ip: 192.168.164.230, host: pr-hdds-1984-288rd-2703005633, networkLocation: /default-rack, certSerialId: null}, Type:RATIS, Factor:THREE, State:OPEN]
2019-10-01 03:13:23,452 [Thread-3253] INFO  container.ReplicationManager (ReplicationManager.java:start(162)) - Starting Replication Monitor Thread.
2019-10-01 03:13:23,457 [ReplicationMonitor] INFO  container.ReplicationManager (ReplicationManager.java:run(225)) - Replication Monitor Thread took 0 milliseconds for processing 1 containers.
2019-10-01 03:13:25,621 [Thread-3255] INFO  impl.FollowerState (FollowerState.java:run(108)) - 2a7cb8bd-ee4f-4813-91da-1d423353c69d@group-21AB88AD55D8-FollowerState: change to CANDIDATE, lastRpcTime:5115ms, electionTimeout:5115ms
2019-10-01 03:13:25,621 [Thread-3255] INFO  impl.RoleInfo (RoleInfo.java:shutdownFollowerState(121)) - 2a7cb8bd-ee4f-4813-91da-1d423353c69d: shutdown FollowerState
2019-10-01 03:13:25,621 [Thread-3255] INFO  impl.RaftServerImpl (RaftServerImpl.java:setRole(170)) - 2a7cb8bd-ee4f-4813-91da-1d423353c69d@group-21AB88AD55D8: changes role from  FOLLOWER to CANDIDATE at term 0 for changeToCandidate
2019-10-01 03:13:25,621 [Thread-3255] INFO  impl.RoleInfo (RoleInfo.java:updateAndGet(143)) - 2a7cb8bd-ee4f-4813-91da-1d423353c69d: start LeaderElection
2019-10-01 03:13:25,639 [2a7cb8bd-ee4f-4813-91da-1d423353c69d@group-21AB88AD55D8-LeaderElection88] INFO  impl.LeaderElection (LeaderElection.java:askForVotes(178)) - 2a7cb8bd-ee4f-4813-91da-1d423353c69d@group-21AB88AD55D8-LeaderElection88: begin an election at term 1 for -1: [2a7cb8bd-ee4f-4813-91da-1d423353c69d:192.168.164.230:38852], old=null
2019-10-01 03:13:25,639 [2a7cb8bd-ee4f-4813-91da-1d423353c69d@group-21AB88AD55D8-LeaderElection88] INFO  impl.RoleInfo (RoleInfo.java:shutdownLeaderElection(134)) - 2a7cb8bd-ee4f-4813-91da-1d423353c69d: shutdown LeaderElection
2019-10-01 03:13:25,639 [2a7cb8bd-ee4f-4813-91da-1d423353c69d@group-21AB88AD55D8-LeaderElection88] INFO  impl.RaftServerImpl (RaftServerImpl.java:setRole(170)) - 2a7cb8bd-ee4f-4813-91da-1d423353c69d@group-21AB88AD55D8: changes role from CANDIDATE to LEADER at term 1 for changeToLeader
2019-10-01 03:13:25,639 [2a7cb8bd-ee4f-4813-91da-1d423353c69d@group-21AB88AD55D8-LeaderElection88] INFO  impl.RaftServerImpl (ServerState.java:setLeader(255)) - 2a7cb8bd-ee4f-4813-91da-1d423353c69d@group-21AB88AD55D8: change Leader from null to 2a7cb8bd-ee4f-4813-91da-1d423353c69d at term 1 for becomeLeader, leader elected after 5138ms
2019-10-01 03:13:25,639 [2a7cb8bd-ee4f-4813-91da-1d423353c69d@group-21AB88AD55D8-LeaderElection88] INFO  server.RaftServerConfigKeys (ConfUtils.java:logGet(43)) - raft.server.staging.catchup.gap = 1000 (default)
2019-10-01 03:13:25,639 [2a7cb8bd-ee4f-4813-91da-1d423353c69d@group-21AB88AD55D8-LeaderElection88] INFO  server.RaftServerConfigKeys (ConfUtils.java:logGet(43)) - raft.server.rpc.sleep.time = 25ms (default)
2019-10-01 03:13:25,640 [2a7cb8bd-ee4f-4813-91da-1d423353c69d@group-21AB88AD55D8-LeaderElection88] INFO  server.RaftServerConfigKeys (ConfUtils.java:logGet(43)) - raft.server.write.element-limit = 4096 (default)
2019-10-01 03:13:25,640 [2a7cb8bd-ee4f-4813-91da-1d423353c69d@group-21AB88AD55D8-LeaderElection88] INFO  server.RaftServerConfigKeys (ConfUtils.java:logGet(43)) - raft.server.watch.timeout = 10s (default)
2019-10-01 03:13:25,640 [2a7cb8bd-ee4f-4813-91da-1d423353c69d@group-21AB88AD55D8-LeaderElection88] INFO  server.RaftServerConfigKeys (ConfUtils.java:logGet(43)) - raft.server.watch.timeout.denomination = 1s (default)
2019-10-01 03:13:25,640 [2a7cb8bd-ee4f-4813-91da-1d423353c69d@group-21AB88AD55D8-LeaderElection88] INFO  server.RaftServerConfigKeys (ConfUtils.java:logGet(43)) - raft.server.watch.element-limit = 65536 (default)
2019-10-01 03:13:25,642 [2a7cb8bd-ee4f-4813-91da-1d423353c69d@group-21AB88AD55D8-LeaderElection88] INFO  impl.RoleInfo (RoleInfo.java:updateAndGet(143)) - 2a7cb8bd-ee4f-4813-91da-1d423353c69d: start LeaderState
2019-10-01 03:13:25,642 [2a7cb8bd-ee4f-4813-91da-1d423353c69d@group-21AB88AD55D8-LeaderElection88] INFO  segmented.SegmentedRaftLogWorker (SegmentedRaftLogWorker.java:startLogSegment(385)) - 2a7cb8bd-ee4f-4813-91da-1d423353c69d@group-21AB88AD55D8-SegmentedRaftLogWorker: Starting segment from index:0
2019-10-01 03:13:25,642 [2a7cb8bd-ee4f-4813-91da-1d423353c69d@group-21AB88AD55D8-LeaderElection88] INFO  impl.RaftServerImpl (ServerState.java:setRaftConf(356)) - 2a7cb8bd-ee4f-4813-91da-1d423353c69d@group-21AB88AD55D8: set configuration 0: [2a7cb8bd-ee4f-4813-91da-1d423353c69d:192.168.164.230:38852], old=null at 0
2019-10-01 03:13:25,670 [2a7cb8bd-ee4f-4813-91da-1d423353c69d@group-21AB88AD55D8-SegmentedRaftLogWorker] INFO  segmented.SegmentedRaftLogWorker (SegmentedRaftLogWorker.java:execute(574)) - 2a7cb8bd-ee4f-4813-91da-1d423353c69d@group-21AB88AD55D8-SegmentedRaftLogWorker: created new log segment /workdir/hadoop-ozone/integration-test/target/test-dir/MiniOzoneClusterImpl-c339c727-4e5f-46f6-bf12-daf0300b76af/datanode-0/data/ratis/971d8db7-0790-4cfa-884f-21ab88ad55d8/current/log_inprogress_0
2019-10-01 03:13:25,755 [Thread-3258] INFO  impl.FollowerState (FollowerState.java:run(108)) - ccf91022-5681-4351-8dcb-f8c6f14016e7@group-32CFCF8EBDEE-FollowerState: change to CANDIDATE, lastRpcTime:5166ms, electionTimeout:5166ms
2019-10-01 03:13:25,755 [Thread-3258] INFO  impl.RoleInfo (RoleInfo.java:shutdownFollowerState(121)) - ccf91022-5681-4351-8dcb-f8c6f14016e7: shutdown FollowerState
2019-10-01 03:13:25,755 [Thread-3258] INFO  impl.RaftServerImpl (RaftServerImpl.java:setRole(170)) - ccf91022-5681-4351-8dcb-f8c6f14016e7@group-32CFCF8EBDEE: changes role from  FOLLOWER to CANDIDATE at term 0 for changeToCandidate
2019-10-01 03:13:25,755 [Thread-3258] INFO  impl.RoleInfo (RoleInfo.java:updateAndGet(143)) - ccf91022-5681-4351-8dcb-f8c6f14016e7: start LeaderElection
2019-10-01 03:13:25,789 [ccf91022-5681-4351-8dcb-f8c6f14016e7@group-32CFCF8EBDEE-LeaderElection89] INFO  impl.LeaderElection (LeaderElection.java:askForVotes(178)) - ccf91022-5681-4351-8dcb-f8c6f14016e7@group-32CFCF8EBDEE-LeaderElection89: begin an election at term 1 for -1: [ccf91022-5681-4351-8dcb-f8c6f14016e7:192.168.164.230:44859], old=null
2019-10-01 03:13:25,790 [ccf91022-5681-4351-8dcb-f8c6f14016e7@group-32CFCF8EBDEE-LeaderElection89] INFO  impl.RoleInfo (RoleInfo.java:shutdownLeaderElection(134)) - ccf91022-5681-4351-8dcb-f8c6f14016e7: shutdown LeaderElection
2019-10-01 03:13:25,790 [ccf91022-5681-4351-8dcb-f8c6f14016e7@group-32CFCF8EBDEE-LeaderElection89] INFO  impl.RaftServerImpl (RaftServerImpl.java:setRole(170)) - ccf91022-5681-4351-8dcb-f8c6f14016e7@group-32CFCF8EBDEE: changes role from CANDIDATE to LEADER at term 1 for changeToLeader
2019-10-01 03:13:25,790 [ccf91022-5681-4351-8dcb-f8c6f14016e7@group-32CFCF8EBDEE-LeaderElection89] INFO  impl.RaftServerImpl (ServerState.java:setLeader(255)) - ccf91022-5681-4351-8dcb-f8c6f14016e7@group-32CFCF8EBDEE: change Leader from null to ccf91022-5681-4351-8dcb-f8c6f14016e7 at term 1 for becomeLeader, leader elected after 5207ms
2019-10-01 03:13:25,790 [ccf91022-5681-4351-8dcb-f8c6f14016e7@group-32CFCF8EBDEE-LeaderElection89] INFO  server.RaftServerConfigKeys (ConfUtils.java:logGet(43)) - raft.server.staging.catchup.gap = 1000 (default)
2019-10-01 03:13:25,790 [ccf91022-5681-4351-8dcb-f8c6f14016e7@group-32CFCF8EBDEE-LeaderElection89] INFO  server.RaftServerConfigKeys (ConfUtils.java:logGet(43)) - raft.server.rpc.sleep.time = 25ms (default)
2019-10-01 03:13:25,790 [ccf91022-5681-4351-8dcb-f8c6f14016e7@group-32CFCF8EBDEE-LeaderElection89] INFO  server.RaftServerConfigKeys (ConfUtils.java:logGet(43)) - raft.server.write.element-limit = 4096 (default)
2019-10-01 03:13:25,790 [ccf91022-5681-4351-8dcb-f8c6f14016e7@group-32CFCF8EBDEE-LeaderElection89] INFO  server.RaftServerConfigKeys (ConfUtils.java:logGet(43)) - raft.server.watch.timeout = 10s (default)
2019-10-01 03:13:25,790 [ccf91022-5681-4351-8dcb-f8c6f14016e7@group-32CFCF8EBDEE-LeaderElection89] INFO  server.RaftServerConfigKeys (ConfUtils.java:logGet(43)) - raft.server.watch.timeout.denomination = 1s (default)
2019-10-01 03:13:25,790 [ccf91022-5681-4351-8dcb-f8c6f14016e7@group-32CFCF8EBDEE-LeaderElection89] INFO  server.RaftServerConfigKeys (ConfUtils.java:logGet(43)) - raft.server.watch.element-limit = 65536 (default)
2019-10-01 03:13:25,793 [ccf91022-5681-4351-8dcb-f8c6f14016e7@group-32CFCF8EBDEE-LeaderElection89] INFO  impl.RoleInfo (RoleInfo.java:updateAndGet(143)) - ccf91022-5681-4351-8dcb-f8c6f14016e7: start LeaderState
2019-10-01 03:13:25,793 [ccf91022-5681-4351-8dcb-f8c6f14016e7@group-32CFCF8EBDEE-LeaderElection89] INFO  segmented.SegmentedRaftLogWorker (SegmentedRaftLogWorker.java:startLogSegment(385)) - ccf91022-5681-4351-8dcb-f8c6f14016e7@group-32CFCF8EBDEE-SegmentedRaftLogWorker: Starting segment from index:0
2019-10-01 03:13:25,793 [ccf91022-5681-4351-8dcb-f8c6f14016e7@group-32CFCF8EBDEE-LeaderElection89] INFO  impl.RaftServerImpl (ServerState.java:setRaftConf(356)) - ccf91022-5681-4351-8dcb-f8c6f14016e7@group-32CFCF8EBDEE: set configuration 0: [ccf91022-5681-4351-8dcb-f8c6f14016e7:192.168.164.230:44859], old=null at 0
2019-10-01 03:13:25,807 [Thread-3261] INFO  impl.FollowerState (FollowerState.java:run(108)) - 7a503811-1a31-4b35-aa78-4c5096fd423f@group-1F31D11596E5-FollowerState: change to CANDIDATE, lastRpcTime:5141ms, electionTimeout:5141ms
2019-10-01 03:13:25,807 [Thread-3261] INFO  impl.RoleInfo (RoleInfo.java:shutdownFollowerState(121)) - 7a503811-1a31-4b35-aa78-4c5096fd423f: shutdown FollowerState
2019-10-01 03:13:25,808 [Thread-3261] INFO  impl.RaftServerImpl (RaftServerImpl.java:setRole(170)) - 7a503811-1a31-4b35-aa78-4c5096fd423f@group-1F31D11596E5: changes role from  FOLLOWER to CANDIDATE at term 0 for changeToCandidate
2019-10-01 03:13:25,808 [Thread-3261] INFO  impl.RoleInfo (RoleInfo.java:updateAndGet(143)) - 7a503811-1a31-4b35-aa78-4c5096fd423f: start LeaderElection
2019-10-01 03:13:25,813 [ccf91022-5681-4351-8dcb-f8c6f14016e7@group-32CFCF8EBDEE-SegmentedRaftLogWorker] INFO  segmented.SegmentedRaftLogWorker (SegmentedRaftLogWorker.java:execute(574)) - ccf91022-5681-4351-8dcb-f8c6f14016e7@group-32CFCF8EBDEE-SegmentedRaftLogWorker: created new log segment /workdir/hadoop-ozone/integration-test/target/test-dir/MiniOzoneClusterImpl-c339c727-4e5f-46f6-bf12-daf0300b76af/datanode-1/data/ratis/e21f5be5-913d-4ae5-9f89-32cfcf8ebdee/current/log_inprogress_0
2019-10-01 03:13:25,825 [7a503811-1a31-4b35-aa78-4c5096fd423f@group-1F31D11596E5-LeaderElection90] INFO  impl.LeaderElection (LeaderElection.java:askForVotes(178)) - 7a503811-1a31-4b35-aa78-4c5096fd423f@group-1F31D11596E5-LeaderElection90: begin an election at term 1 for -1: [7a503811-1a31-4b35-aa78-4c5096fd423f:192.168.164.230:46816], old=null
2019-10-01 03:13:25,825 [7a503811-1a31-4b35-aa78-4c5096fd423f@group-1F31D11596E5-LeaderElection90] INFO  impl.RoleInfo (RoleInfo.java:shutdownLeaderElection(134)) - 7a503811-1a31-4b35-aa78-4c5096fd423f: shutdown LeaderElection
2019-10-01 03:13:25,825 [7a503811-1a31-4b35-aa78-4c5096fd423f@group-1F31D11596E5-LeaderElection90] INFO  impl.RaftServerImpl (RaftServerImpl.java:setRole(170)) - 7a503811-1a31-4b35-aa78-4c5096fd423f@group-1F31D11596E5: changes role from CANDIDATE to LEADER at term 1 for changeToLeader
2019-10-01 03:13:25,825 [7a503811-1a31-4b35-aa78-4c5096fd423f@group-1F31D11596E5-LeaderElection90] INFO  impl.RaftServerImpl (ServerState.java:setLeader(255)) - 7a503811-1a31-4b35-aa78-4c5096fd423f@group-1F31D11596E5: change Leader from null to 7a503811-1a31-4b35-aa78-4c5096fd423f at term 1 for becomeLeader, leader elected after 5164ms
2019-10-01 03:13:25,825 [7a503811-1a31-4b35-aa78-4c5096fd423f@group-1F31D11596E5-LeaderElection90] INFO  server.RaftServerConfigKeys (ConfUtils.java:logGet(43)) - raft.server.staging.catchup.gap = 1000 (default)
2019-10-01 03:13:25,825 [7a503811-1a31-4b35-aa78-4c5096fd423f@group-1F31D11596E5-LeaderElection90] INFO  server.RaftServerConfigKeys (ConfUtils.java:logGet(43)) - raft.server.rpc.sleep.time = 25ms (default)
2019-10-01 03:13:25,825 [7a503811-1a31-4b35-aa78-4c5096fd423f@group-1F31D11596E5-LeaderElection90] INFO  server.RaftServerConfigKeys (ConfUtils.java:logGet(43)) - raft.server.write.element-limit = 4096 (default)
2019-10-01 03:13:25,826 [7a503811-1a31-4b35-aa78-4c5096fd423f@group-1F31D11596E5-LeaderElection90] INFO  server.RaftServerConfigKeys (ConfUtils.java:logGet(43)) - raft.server.watch.timeout = 10s (default)
2019-10-01 03:13:25,826 [7a503811-1a31-4b35-aa78-4c5096fd423f@group-1F31D11596E5-LeaderElection90] INFO  server.RaftServerConfigKeys (ConfUtils.java:logGet(43)) - raft.server.watch.timeout.denomination = 1s (default)
2019-10-01 03:13:25,826 [7a503811-1a31-4b35-aa78-4c5096fd423f@group-1F31D11596E5-LeaderElection90] INFO  server.RaftServerConfigKeys (ConfUtils.java:logGet(43)) - raft.server.watch.element-limit = 65536 (default)
2019-10-01 03:13:25,827 [7a503811-1a31-4b35-aa78-4c5096fd423f@group-1F31D11596E5-LeaderElection90] INFO  impl.RoleInfo (RoleInfo.java:updateAndGet(143)) - 7a503811-1a31-4b35-aa78-4c5096fd423f: start LeaderState
2019-10-01 03:13:25,828 [7a503811-1a31-4b35-aa78-4c5096fd423f@group-1F31D11596E5-LeaderElection90] INFO  segmented.SegmentedRaftLogWorker (SegmentedRaftLogWorker.java:startLogSegment(385)) - 7a503811-1a31-4b35-aa78-4c5096fd423f@group-1F31D11596E5-SegmentedRaftLogWorker: Starting segment from index:0
2019-10-01 03:13:25,828 [7a503811-1a31-4b35-aa78-4c5096fd423f@group-1F31D11596E5-LeaderElection90] INFO  impl.RaftServerImpl (ServerState.java:setRaftConf(356)) - 7a503811-1a31-4b35-aa78-4c5096fd423f@group-1F31D11596E5: set configuration 0: [7a503811-1a31-4b35-aa78-4c5096fd423f:192.168.164.230:46816], old=null at 0
2019-10-01 03:13:25,843 [Thread-3267] INFO  impl.FollowerState (FollowerState.java:run(108)) - 2a7cb8bd-ee4f-4813-91da-1d423353c69d@group-A43549561F1E-FollowerState: change to CANDIDATE, lastRpcTime:5109ms, electionTimeout:5104ms
2019-10-01 03:13:25,843 [Thread-3267] INFO  impl.RoleInfo (RoleInfo.java:shutdownFollowerState(121)) - 2a7cb8bd-ee4f-4813-91da-1d423353c69d: shutdown FollowerState
2019-10-01 03:13:25,843 [Thread-3267] INFO  impl.RaftServerImpl (RaftServerImpl.java:setRole(170)) - 2a7cb8bd-ee4f-4813-91da-1d423353c69d@group-A43549561F1E: changes role from  FOLLOWER to CANDIDATE at term 0 for changeToCandidate
2019-10-01 03:13:25,843 [Thread-3267] INFO  impl.RoleInfo (RoleInfo.java:updateAndGet(143)) - 2a7cb8bd-ee4f-4813-91da-1d423353c69d: start LeaderElection
2019-10-01 03:13:25,851 [7a503811-1a31-4b35-aa78-4c5096fd423f@group-1F31D11596E5-SegmentedRaftLogWorker] INFO  segmented.SegmentedRaftLogWorker (SegmentedRaftLogWorker.java:execute(574)) - 7a503811-1a31-4b35-aa78-4c5096fd423f@group-1F31D11596E5-SegmentedRaftLogWorker: created new log segment /workdir/hadoop-ozone/integration-test/target/test-dir/MiniOzoneClusterImpl-c339c727-4e5f-46f6-bf12-daf0300b76af/datanode-2/data/ratis/64d472d6-aab9-42c9-8ae0-1f31d11596e5/current/log_inprogress_0
2019-10-01 03:13:25,855 [2a7cb8bd-ee4f-4813-91da-1d423353c69d@group-A43549561F1E-LeaderElection91] INFO  impl.LeaderElection (LeaderElection.java:askForVotes(178)) - 2a7cb8bd-ee4f-4813-91da-1d423353c69d@group-A43549561F1E-LeaderElection91: begin an election at term 1 for -1: [7a503811-1a31-4b35-aa78-4c5096fd423f:192.168.164.230:46816, 2a7cb8bd-ee4f-4813-91da-1d423353c69d:192.168.164.230:38852, ccf91022-5681-4351-8dcb-f8c6f14016e7:192.168.164.230:44859], old=null
2019-10-01 03:13:25,859 [grpc-default-executor-0] INFO  impl.RaftServerImpl (RaftServerImpl.java:setRole(170)) - 7a503811-1a31-4b35-aa78-4c5096fd423f@group-A43549561F1E: changes role from  FOLLOWER to FOLLOWER at term 1 for recognizeCandidate:2a7cb8bd-ee4f-4813-91da-1d423353c69d
2019-10-01 03:13:25,859 [grpc-default-executor-4] INFO  impl.RaftServerImpl (RaftServerImpl.java:setRole(170)) - ccf91022-5681-4351-8dcb-f8c6f14016e7@group-A43549561F1E: changes role from  FOLLOWER to FOLLOWER at term 1 for recognizeCandidate:2a7cb8bd-ee4f-4813-91da-1d423353c69d
2019-10-01 03:13:25,859 [grpc-default-executor-0] INFO  impl.RoleInfo (RoleInfo.java:shutdownFollowerState(121)) - 7a503811-1a31-4b35-aa78-4c5096fd423f: shutdown FollowerState
2019-10-01 03:13:25,859 [grpc-default-executor-4] INFO  impl.RoleInfo (RoleInfo.java:shutdownFollowerState(121)) - ccf91022-5681-4351-8dcb-f8c6f14016e7: shutdown FollowerState
2019-10-01 03:13:25,859 [Thread-3269] INFO  impl.FollowerState (FollowerState.java:run(117)) - 7a503811-1a31-4b35-aa78-4c5096fd423f@group-A43549561F1E-FollowerState was interrupted: java.lang.InterruptedException: sleep interrupted
2019-10-01 03:13:25,859 [grpc-default-executor-0] INFO  impl.RoleInfo (RoleInfo.java:updateAndGet(143)) - 7a503811-1a31-4b35-aa78-4c5096fd423f: start FollowerState
2019-10-01 03:13:25,859 [Thread-3264] INFO  impl.FollowerState (FollowerState.java:run(117)) - ccf91022-5681-4351-8dcb-f8c6f14016e7@group-A43549561F1E-FollowerState was interrupted: java.lang.InterruptedException: sleep interrupted
2019-10-01 03:13:25,859 [grpc-default-executor-4] INFO  impl.RoleInfo (RoleInfo.java:updateAndGet(143)) - ccf91022-5681-4351-8dcb-f8c6f14016e7: start FollowerState
2019-10-01 03:13:25,878 [2a7cb8bd-ee4f-4813-91da-1d423353c69d@group-A43549561F1E-LeaderElection91] INFO  impl.LeaderElection (LeaderElection.java:logAndReturn(56)) - 2a7cb8bd-ee4f-4813-91da-1d423353c69d@group-A43549561F1E-LeaderElection91: Election PASSED; received 1 response(s) [2a7cb8bd-ee4f-4813-91da-1d423353c69d<-7a503811-1a31-4b35-aa78-4c5096fd423f#0:OK-t1] and 0 exception(s); 2a7cb8bd-ee4f-4813-91da-1d423353c69d@group-A43549561F1E:t1, leader=null, voted=2a7cb8bd-ee4f-4813-91da-1d423353c69d, raftlog=2a7cb8bd-ee4f-4813-91da-1d423353c69d@group-A43549561F1E-SegmentedRaftLog:OPENED:c-1,f-1,i0, conf=-1: [7a503811-1a31-4b35-aa78-4c5096fd423f:192.168.164.230:46816, 2a7cb8bd-ee4f-4813-91da-1d423353c69d:192.168.164.230:38852, ccf91022-5681-4351-8dcb-f8c6f14016e7:192.168.164.230:44859], old=null
2019-10-01 03:13:25,878 [2a7cb8bd-ee4f-4813-91da-1d423353c69d@group-A43549561F1E-LeaderElection91] INFO  impl.RoleInfo (RoleInfo.java:shutdownLeaderElection(134)) - 2a7cb8bd-ee4f-4813-91da-1d423353c69d: shutdown LeaderElection
2019-10-01 03:13:25,878 [2a7cb8bd-ee4f-4813-91da-1d423353c69d@group-A43549561F1E-LeaderElection91] INFO  impl.RaftServerImpl (RaftServerImpl.java:setRole(170)) - 2a7cb8bd-ee4f-4813-91da-1d423353c69d@group-A43549561F1E: changes role from CANDIDATE to LEADER at term 1 for changeToLeader
2019-10-01 03:13:25,878 [2a7cb8bd-ee4f-4813-91da-1d423353c69d@group-A43549561F1E-LeaderElection91] INFO  impl.RaftServerImpl (ServerState.java:setLeader(255)) - 2a7cb8bd-ee4f-4813-91da-1d423353c69d@group-A43549561F1E: change Leader from null to 2a7cb8bd-ee4f-4813-91da-1d423353c69d at term 1 for becomeLeader, leader elected after 5167ms
2019-10-01 03:13:25,878 [2a7cb8bd-ee4f-4813-91da-1d423353c69d@group-A43549561F1E-LeaderElection91] INFO  server.RaftServerConfigKeys (ConfUtils.java:logGet(43)) - raft.server.staging.catchup.gap = 1000 (default)
2019-10-01 03:13:25,879 [2a7cb8bd-ee4f-4813-91da-1d423353c69d@group-A43549561F1E-LeaderElection91] INFO  server.RaftServerConfigKeys (ConfUtils.java:logGet(43)) - raft.server.rpc.sleep.time = 25ms (default)
2019-10-01 03:13:25,879 [2a7cb8bd-ee4f-4813-91da-1d423353c69d@group-A43549561F1E-LeaderElection91] INFO  server.RaftServerConfigKeys (ConfUtils.java:logGet(43)) - raft.server.write.element-limit = 4096 (default)
2019-10-01 03:13:25,879 [2a7cb8bd-ee4f-4813-91da-1d423353c69d@group-A43549561F1E-LeaderElection91] INFO  server.RaftServerConfigKeys (ConfUtils.java:logGet(43)) - raft.server.watch.timeout = 10s (default)
2019-10-01 03:13:25,879 [2a7cb8bd-ee4f-4813-91da-1d423353c69d@group-A43549561F1E-LeaderElection91] INFO  server.RaftServerConfigKeys (ConfUtils.java:logGet(43)) - raft.server.watch.timeout.denomination = 1s (default)
2019-10-01 03:13:25,879 [2a7cb8bd-ee4f-4813-91da-1d423353c69d@group-A43549561F1E-LeaderElection91] INFO  server.RaftServerConfigKeys (ConfUtils.java:logGet(43)) - raft.server.watch.element-limit = 65536 (default)
2019-10-01 03:13:25,881 [2a7cb8bd-ee4f-4813-91da-1d423353c69d@group-A43549561F1E-LeaderElection91] INFO  server.RaftServerConfigKeys (ConfUtils.java:logGet(43)) - raft.server.log.appender.snapshot.chunk.size.max = 16MB (=16777216) (default)
2019-10-01 03:13:25,881 [2a7cb8bd-ee4f-4813-91da-1d423353c69d@group-A43549561F1E-LeaderElection91] INFO  server.RaftServerConfigKeys (ConfUtils.java:logGet(43)) - raft.server.log.appender.buffer.byte-limit = 33554432 (custom)
2019-10-01 03:13:25,881 [2a7cb8bd-ee4f-4813-91da-1d423353c69d@group-A43549561F1E-LeaderElection91] INFO  server.RaftServerConfigKeys (ConfUtils.java:logGet(43)) - raft.server.log.appender.buffer.element-limit = 1 (custom)
2019-10-01 03:13:25,881 [2a7cb8bd-ee4f-4813-91da-1d423353c69d@group-A43549561F1E-LeaderElection91] INFO  grpc.GrpcConfigKeys$Server (ConfUtils.java:logGet(43)) - raft.grpc.server.leader.outstanding.appends.max = 128 (default)
2019-10-01 03:13:25,882 [2a7cb8bd-ee4f-4813-91da-1d423353c69d@group-A43549561F1E-LeaderElection91] INFO  server.RaftServerConfigKeys (ConfUtils.java:logGet(43)) - raft.server.rpc.request.timeout = 3000ms (default)
2019-10-01 03:13:25,882 [2a7cb8bd-ee4f-4813-91da-1d423353c69d@group-A43549561F1E-LeaderElection91] INFO  server.RaftServerConfigKeys (ConfUtils.java:logGet(43)) - raft.server.log.appender.install.snapshot.enabled = false (custom)
2019-10-01 03:13:25,882 [2a7cb8bd-ee4f-4813-91da-1d423353c69d@group-A43549561F1E-LeaderElection91] INFO  server.RaftServerConfigKeys (ConfUtils.java:logGet(43)) - raft.server.log.appender.snapshot.chunk.size.max = 16MB (=16777216) (default)
2019-10-01 03:13:25,882 [2a7cb8bd-ee4f-4813-91da-1d423353c69d@group-A43549561F1E-LeaderElection91] INFO  server.RaftServerConfigKeys (ConfUtils.java:logGet(43)) - raft.server.log.appender.buffer.byte-limit = 33554432 (custom)
2019-10-01 03:13:25,882 [2a7cb8bd-ee4f-4813-91da-1d423353c69d@group-A43549561F1E-LeaderElection91] INFO  server.RaftServerConfigKeys (ConfUtils.java:logGet(43)) - raft.server.log.appender.buffer.element-limit = 1 (custom)
2019-10-01 03:13:25,882 [2a7cb8bd-ee4f-4813-91da-1d423353c69d@group-A43549561F1E-LeaderElection91] INFO  grpc.GrpcConfigKeys$Server (ConfUtils.java:logGet(43)) - raft.grpc.server.leader.outstanding.appends.max = 128 (default)
2019-10-01 03:13:25,883 [2a7cb8bd-ee4f-4813-91da-1d423353c69d@group-A43549561F1E-LeaderElection91] INFO  server.RaftServerConfigKeys (ConfUtils.java:logGet(43)) - raft.server.rpc.request.timeout = 3000ms (default)
2019-10-01 03:13:25,883 [2a7cb8bd-ee4f-4813-91da-1d423353c69d@group-A43549561F1E-LeaderElection91] INFO  server.RaftServerConfigKeys (ConfUtils.java:logGet(43)) - raft.server.log.appender.install.snapshot.enabled = false (custom)
2019-10-01 03:13:25,883 [2a7cb8bd-ee4f-4813-91da-1d423353c69d@group-A43549561F1E-LeaderElection91] INFO  impl.RoleInfo (RoleInfo.java:updateAndGet(143)) - 2a7cb8bd-ee4f-4813-91da-1d423353c69d: start LeaderState
2019-10-01 03:13:25,883 [2a7cb8bd-ee4f-4813-91da-1d423353c69d@group-A43549561F1E-LeaderElection91] INFO  segmented.SegmentedRaftLogWorker (SegmentedRaftLogWorker.java:startLogSegment(385)) - 2a7cb8bd-ee4f-4813-91da-1d423353c69d@group-A43549561F1E-SegmentedRaftLogWorker: Starting segment from index:0
2019-10-01 03:13:25,884 [2a7cb8bd-ee4f-4813-91da-1d423353c69d@group-A43549561F1E-LeaderElection91] INFO  impl.RaftServerImpl (ServerState.java:setRaftConf(356)) - 2a7cb8bd-ee4f-4813-91da-1d423353c69d@group-A43549561F1E: set configuration 0: [7a503811-1a31-4b35-aa78-4c5096fd423f:192.168.164.230:46816, 2a7cb8bd-ee4f-4813-91da-1d423353c69d:192.168.164.230:38852, ccf91022-5681-4351-8dcb-f8c6f14016e7:192.168.164.230:44859], old=null at 0
2019-10-01 03:13:25,911 [grpc-default-executor-0] INFO  impl.RaftServerImpl (ServerState.java:setLeader(255)) - ccf91022-5681-4351-8dcb-f8c6f14016e7@group-A43549561F1E: change Leader from null to 2a7cb8bd-ee4f-4813-91da-1d423353c69d at term 1 for appendEntries, leader elected after 5200ms
2019-10-01 03:13:25,911 [grpc-default-executor-4] INFO  impl.RaftServerImpl (ServerState.java:setLeader(255)) - 7a503811-1a31-4b35-aa78-4c5096fd423f@group-A43549561F1E: change Leader from null to 2a7cb8bd-ee4f-4813-91da-1d423353c69d at term 1 for appendEntries, leader elected after 5200ms
2019-10-01 03:13:25,918 [grpc-default-executor-0] INFO  impl.RaftServerImpl (ServerState.java:setRaftConf(356)) - ccf91022-5681-4351-8dcb-f8c6f14016e7@group-A43549561F1E: set configuration 0: [7a503811-1a31-4b35-aa78-4c5096fd423f:192.168.164.230:46816, 2a7cb8bd-ee4f-4813-91da-1d423353c69d:192.168.164.230:38852, ccf91022-5681-4351-8dcb-f8c6f14016e7:192.168.164.230:44859], old=null at 0
2019-10-01 03:13:25,918 [grpc-default-executor-4] INFO  impl.RaftServerImpl (ServerState.java:setRaftConf(356)) - 7a503811-1a31-4b35-aa78-4c5096fd423f@group-A43549561F1E: set configuration 0: [7a503811-1a31-4b35-aa78-4c5096fd423f:192.168.164.230:46816, 2a7cb8bd-ee4f-4813-91da-1d423353c69d:192.168.164.230:38852, ccf91022-5681-4351-8dcb-f8c6f14016e7:192.168.164.230:44859], old=null at 0
2019-10-01 03:13:25,918 [grpc-default-executor-0] INFO  segmented.SegmentedRaftLogWorker (SegmentedRaftLogWorker.java:startLogSegment(385)) - ccf91022-5681-4351-8dcb-f8c6f14016e7@group-A43549561F1E-SegmentedRaftLogWorker: Starting segment from index:0
2019-10-01 03:13:25,918 [grpc-default-executor-4] INFO  segmented.SegmentedRaftLogWorker (SegmentedRaftLogWorker.java:startLogSegment(385)) - 7a503811-1a31-4b35-aa78-4c5096fd423f@group-A43549561F1E-SegmentedRaftLogWorker: Starting segment from index:0
2019-10-01 03:13:25,918 [2a7cb8bd-ee4f-4813-91da-1d423353c69d@group-A43549561F1E-SegmentedRaftLogWorker] INFO  segmented.SegmentedRaftLogWorker (SegmentedRaftLogWorker.java:execute(574)) - 2a7cb8bd-ee4f-4813-91da-1d423353c69d@group-A43549561F1E-SegmentedRaftLogWorker: created new log segment /workdir/hadoop-ozone/integration-test/target/test-dir/MiniOzoneClusterImpl-c339c727-4e5f-46f6-bf12-daf0300b76af/datanode-0/data/ratis/28d2b80f-5e5a-4fb8-b664-a43549561f1e/current/log_inprogress_0
2019-10-01 03:13:25,936 [7a503811-1a31-4b35-aa78-4c5096fd423f@group-A43549561F1E-SegmentedRaftLogWorker] INFO  segmented.SegmentedRaftLogWorker (SegmentedRaftLogWorker.java:execute(574)) - 7a503811-1a31-4b35-aa78-4c5096fd423f@group-A43549561F1E-SegmentedRaftLogWorker: created new log segment /workdir/hadoop-ozone/integration-test/target/test-dir/MiniOzoneClusterImpl-c339c727-4e5f-46f6-bf12-daf0300b76af/datanode-2/data/ratis/28d2b80f-5e5a-4fb8-b664-a43549561f1e/current/log_inprogress_0
2019-10-01 03:13:25,940 [ccf91022-5681-4351-8dcb-f8c6f14016e7@group-A43549561F1E-SegmentedRaftLogWorker] INFO  segmented.SegmentedRaftLogWorker (SegmentedRaftLogWorker.java:execute(574)) - ccf91022-5681-4351-8dcb-f8c6f14016e7@group-A43549561F1E-SegmentedRaftLogWorker: created new log segment /workdir/hadoop-ozone/integration-test/target/test-dir/MiniOzoneClusterImpl-c339c727-4e5f-46f6-bf12-daf0300b76af/datanode-1/data/ratis/28d2b80f-5e5a-4fb8-b664-a43549561f1e/current/log_inprogress_0
2019-10-01 03:13:26,025 [Thread-3273] INFO  impl.FollowerState (FollowerState.java:run(108)) - 2a9899ba-3a88-4481-a522-256fa22dc393@group-52836121ED72-FollowerState: change to CANDIDATE, lastRpcTime:5150ms, electionTimeout:5150ms
2019-10-01 03:13:26,025 [Thread-3273] INFO  impl.RoleInfo (RoleInfo.java:shutdownFollowerState(121)) - 2a9899ba-3a88-4481-a522-256fa22dc393: shutdown FollowerState
2019-10-01 03:13:26,025 [Thread-3273] INFO  impl.RaftServerImpl (RaftServerImpl.java:setRole(170)) - 2a9899ba-3a88-4481-a522-256fa22dc393@group-52836121ED72: changes role from  FOLLOWER to CANDIDATE at term 0 for changeToCandidate
2019-10-01 03:13:26,025 [Thread-3273] INFO  impl.RoleInfo (RoleInfo.java:updateAndGet(143)) - 2a9899ba-3a88-4481-a522-256fa22dc393: start LeaderElection
2019-10-01 03:13:26,045 [2a9899ba-3a88-4481-a522-256fa22dc393@group-52836121ED72-LeaderElection92] INFO  impl.LeaderElection (LeaderElection.java:askForVotes(178)) - 2a9899ba-3a88-4481-a522-256fa22dc393@group-52836121ED72-LeaderElection92: begin an election at term 1 for -1: [2a9899ba-3a88-4481-a522-256fa22dc393:192.168.164.230:45683], old=null
2019-10-01 03:13:26,045 [2a9899ba-3a88-4481-a522-256fa22dc393@group-52836121ED72-LeaderElection92] INFO  impl.RoleInfo (RoleInfo.java:shutdownLeaderElection(134)) - 2a9899ba-3a88-4481-a522-256fa22dc393: shutdown LeaderElection
2019-10-01 03:13:26,045 [2a9899ba-3a88-4481-a522-256fa22dc393@group-52836121ED72-LeaderElection92] INFO  impl.RaftServerImpl (RaftServerImpl.java:setRole(170)) - 2a9899ba-3a88-4481-a522-256fa22dc393@group-52836121ED72: changes role from CANDIDATE to LEADER at term 1 for changeToLeader
2019-10-01 03:13:26,046 [2a9899ba-3a88-4481-a522-256fa22dc393@group-52836121ED72-LeaderElection92] INFO  impl.RaftServerImpl (ServerState.java:setLeader(255)) - 2a9899ba-3a88-4481-a522-256fa22dc393@group-52836121ED72: change Leader from null to 2a9899ba-3a88-4481-a522-256fa22dc393 at term 1 for becomeLeader, leader elected after 5175ms
2019-10-01 03:13:26,046 [2a9899ba-3a88-4481-a522-256fa22dc393@group-52836121ED72-LeaderElection92] INFO  server.RaftServerConfigKeys (ConfUtils.java:logGet(43)) - raft.server.staging.catchup.gap = 1000 (default)
2019-10-01 03:13:26,046 [2a9899ba-3a88-4481-a522-256fa22dc393@group-52836121ED72-LeaderElection92] INFO  server.RaftServerConfigKeys (ConfUtils.java:logGet(43)) - raft.server.rpc.sleep.time = 25ms (default)
2019-10-01 03:13:26,046 [2a9899ba-3a88-4481-a522-256fa22dc393@group-52836121ED72-LeaderElection92] INFO  server.RaftServerConfigKeys (ConfUtils.java:logGet(43)) - raft.server.write.element-limit = 4096 (default)
2019-10-01 03:13:26,046 [2a9899ba-3a88-4481-a522-256fa22dc393@group-52836121ED72-LeaderElection92] INFO  server.RaftServerConfigKeys (ConfUtils.java:logGet(43)) - raft.server.watch.timeout = 10s (default)
2019-10-01 03:13:26,046 [2a9899ba-3a88-4481-a522-256fa22dc393@group-52836121ED72-LeaderElection92] INFO  server.RaftServerConfigKeys (ConfUtils.java:logGet(43)) - raft.server.watch.timeout.denomination = 1s (default)
2019-10-01 03:13:26,046 [2a9899ba-3a88-4481-a522-256fa22dc393@group-52836121ED72-LeaderElection92] INFO  server.RaftServerConfigKeys (ConfUtils.java:logGet(43)) - raft.server.watch.element-limit = 65536 (default)
2019-10-01 03:13:26,047 [2a9899ba-3a88-4481-a522-256fa22dc393@group-52836121ED72-LeaderElection92] INFO  impl.RoleInfo (RoleInfo.java:updateAndGet(143)) - 2a9899ba-3a88-4481-a522-256fa22dc393: start LeaderState
2019-10-01 03:13:26,047 [2a9899ba-3a88-4481-a522-256fa22dc393@group-52836121ED72-LeaderElection92] INFO  segmented.SegmentedRaftLogWorker (SegmentedRaftLogWorker.java:startLogSegment(385)) - 2a9899ba-3a88-4481-a522-256fa22dc393@group-52836121ED72-SegmentedRaftLogWorker: Starting segment from index:0
2019-10-01 03:13:26,047 [2a9899ba-3a88-4481-a522-256fa22dc393@group-52836121ED72-LeaderElection92] INFO  impl.RaftServerImpl (ServerState.java:setRaftConf(356)) - 2a9899ba-3a88-4481-a522-256fa22dc393@group-52836121ED72: set configuration 0: [2a9899ba-3a88-4481-a522-256fa22dc393:192.168.164.230:45683], old=null at 0
2019-10-01 03:13:26,061 [Thread-3276] INFO  impl.FollowerState (FollowerState.java:run(108)) - 39ad8518-91a1-4a9e-b727-e873a78ef0dc@group-6449F6D74AA7-FollowerState: change to CANDIDATE, lastRpcTime:5135ms, electionTimeout:5134ms
2019-10-01 03:13:26,061 [Thread-3276] INFO  impl.RoleInfo (RoleInfo.java:shutdownFollowerState(121)) - 39ad8518-91a1-4a9e-b727-e873a78ef0dc: shutdown FollowerState
2019-10-01 03:13:26,062 [Thread-3276] INFO  impl.RaftServerImpl (RaftServerImpl.java:setRole(170)) - 39ad8518-91a1-4a9e-b727-e873a78ef0dc@group-6449F6D74AA7: changes role from  FOLLOWER to CANDIDATE at term 0 for changeToCandidate
2019-10-01 03:13:26,062 [Thread-3276] INFO  impl.RoleInfo (RoleInfo.java:updateAndGet(143)) - 39ad8518-91a1-4a9e-b727-e873a78ef0dc: start LeaderElection
2019-10-01 03:13:26,065 [Thread-3283] INFO  impl.FollowerState (FollowerState.java:run(108)) - 0f149dc2-93b5-49be-8207-1a37abfc29a4@group-D69D366428CF-FollowerState: change to CANDIDATE, lastRpcTime:5085ms, electionTimeout:5083ms
2019-10-01 03:13:26,068 [Thread-3283] INFO  impl.RoleInfo (RoleInfo.java:shutdownFollowerState(121)) - 0f149dc2-93b5-49be-8207-1a37abfc29a4: shutdown FollowerState
2019-10-01 03:13:26,068 [Thread-3283] INFO  impl.RaftServerImpl (RaftServerImpl.java:setRole(170)) - 0f149dc2-93b5-49be-8207-1a37abfc29a4@group-D69D366428CF: changes role from  FOLLOWER to CANDIDATE at term 0 for changeToCandidate
2019-10-01 03:13:26,068 [Thread-3283] INFO  impl.RoleInfo (RoleInfo.java:updateAndGet(143)) - 0f149dc2-93b5-49be-8207-1a37abfc29a4: start LeaderElection
2019-10-01 03:13:26,075 [2a9899ba-3a88-4481-a522-256fa22dc393@group-52836121ED72-SegmentedRaftLogWorker] INFO  segmented.SegmentedRaftLogWorker (SegmentedRaftLogWorker.java:execute(574)) - 2a9899ba-3a88-4481-a522-256fa22dc393@group-52836121ED72-SegmentedRaftLogWorker: created new log segment /workdir/hadoop-ozone/integration-test/target/test-dir/MiniOzoneClusterImpl-c339c727-4e5f-46f6-bf12-daf0300b76af/datanode-4/data/ratis/5b968f57-1e7b-4f5e-9d24-52836121ed72/current/log_inprogress_0
2019-10-01 03:13:26,075 [39ad8518-91a1-4a9e-b727-e873a78ef0dc@group-6449F6D74AA7-LeaderElection93] INFO  impl.LeaderElection (LeaderElection.java:askForVotes(178)) - 39ad8518-91a1-4a9e-b727-e873a78ef0dc@group-6449F6D74AA7-LeaderElection93: begin an election at term 1 for -1: [39ad8518-91a1-4a9e-b727-e873a78ef0dc:192.168.164.230:33076], old=null
2019-10-01 03:13:26,076 [39ad8518-91a1-4a9e-b727-e873a78ef0dc@group-6449F6D74AA7-LeaderElection93] INFO  impl.RoleInfo (RoleInfo.java:shutdownLeaderElection(134)) - 39ad8518-91a1-4a9e-b727-e873a78ef0dc: shutdown LeaderElection
2019-10-01 03:13:26,076 [39ad8518-91a1-4a9e-b727-e873a78ef0dc@group-6449F6D74AA7-LeaderElection93] INFO  impl.RaftServerImpl (RaftServerImpl.java:setRole(170)) - 39ad8518-91a1-4a9e-b727-e873a78ef0dc@group-6449F6D74AA7: changes role from CANDIDATE to LEADER at term 1 for changeToLeader
2019-10-01 03:13:26,076 [39ad8518-91a1-4a9e-b727-e873a78ef0dc@group-6449F6D74AA7-LeaderElection93] INFO  impl.RaftServerImpl (ServerState.java:setLeader(255)) - 39ad8518-91a1-4a9e-b727-e873a78ef0dc@group-6449F6D74AA7: change Leader from null to 39ad8518-91a1-4a9e-b727-e873a78ef0dc at term 1 for becomeLeader, leader elected after 5155ms
2019-10-01 03:13:26,076 [39ad8518-91a1-4a9e-b727-e873a78ef0dc@group-6449F6D74AA7-LeaderElection93] INFO  server.RaftServerConfigKeys (ConfUtils.java:logGet(43)) - raft.server.staging.catchup.gap = 1000 (default)
2019-10-01 03:13:26,076 [39ad8518-91a1-4a9e-b727-e873a78ef0dc@group-6449F6D74AA7-LeaderElection93] INFO  server.RaftServerConfigKeys (ConfUtils.java:logGet(43)) - raft.server.rpc.sleep.time = 25ms (default)
2019-10-01 03:13:26,076 [39ad8518-91a1-4a9e-b727-e873a78ef0dc@group-6449F6D74AA7-LeaderElection93] INFO  server.RaftServerConfigKeys (ConfUtils.java:logGet(43)) - raft.server.write.element-limit = 4096 (default)
2019-10-01 03:13:26,076 [39ad8518-91a1-4a9e-b727-e873a78ef0dc@group-6449F6D74AA7-LeaderElection93] INFO  server.RaftServerConfigKeys (ConfUtils.java:logGet(43)) - raft.server.watch.timeout = 10s (default)
2019-10-01 03:13:26,076 [39ad8518-91a1-4a9e-b727-e873a78ef0dc@group-6449F6D74AA7-LeaderElection93] INFO  server.RaftServerConfigKeys (ConfUtils.java:logGet(43)) - raft.server.watch.timeout.denomination = 1s (default)
2019-10-01 03:13:26,076 [39ad8518-91a1-4a9e-b727-e873a78ef0dc@group-6449F6D74AA7-LeaderElection93] INFO  server.RaftServerConfigKeys (ConfUtils.java:logGet(43)) - raft.server.watch.element-limit = 65536 (default)
2019-10-01 03:13:26,077 [39ad8518-91a1-4a9e-b727-e873a78ef0dc@group-6449F6D74AA7-LeaderElection93] INFO  impl.RoleInfo (RoleInfo.java:updateAndGet(143)) - 39ad8518-91a1-4a9e-b727-e873a78ef0dc: start LeaderState
2019-10-01 03:13:26,077 [39ad8518-91a1-4a9e-b727-e873a78ef0dc@group-6449F6D74AA7-LeaderElection93] INFO  segmented.SegmentedRaftLogWorker (SegmentedRaftLogWorker.java:startLogSegment(385)) - 39ad8518-91a1-4a9e-b727-e873a78ef0dc@group-6449F6D74AA7-SegmentedRaftLogWorker: Starting segment from index:0
2019-10-01 03:13:26,077 [39ad8518-91a1-4a9e-b727-e873a78ef0dc@group-6449F6D74AA7-LeaderElection93] INFO  impl.RaftServerImpl (ServerState.java:setRaftConf(356)) - 39ad8518-91a1-4a9e-b727-e873a78ef0dc@group-6449F6D74AA7: set configuration 0: [39ad8518-91a1-4a9e-b727-e873a78ef0dc:192.168.164.230:33076], old=null at 0
2019-10-01 03:13:26,080 [0f149dc2-93b5-49be-8207-1a37abfc29a4@group-D69D366428CF-LeaderElection94] INFO  impl.LeaderElection (LeaderElection.java:askForVotes(178)) - 0f149dc2-93b5-49be-8207-1a37abfc29a4@group-D69D366428CF-LeaderElection94: begin an election at term 1 for -1: [0f149dc2-93b5-49be-8207-1a37abfc29a4:192.168.164.230:38807], old=null
2019-10-01 03:13:26,080 [0f149dc2-93b5-49be-8207-1a37abfc29a4@group-D69D366428CF-LeaderElection94] INFO  impl.RoleInfo (RoleInfo.java:shutdownLeaderElection(134)) - 0f149dc2-93b5-49be-8207-1a37abfc29a4: shutdown LeaderElection
2019-10-01 03:13:26,080 [0f149dc2-93b5-49be-8207-1a37abfc29a4@group-D69D366428CF-LeaderElection94] INFO  impl.RaftServerImpl (RaftServerImpl.java:setRole(170)) - 0f149dc2-93b5-49be-8207-1a37abfc29a4@group-D69D366428CF: changes role from CANDIDATE to LEADER at term 1 for changeToLeader
2019-10-01 03:13:26,080 [0f149dc2-93b5-49be-8207-1a37abfc29a4@group-D69D366428CF-LeaderElection94] INFO  impl.RaftServerImpl (ServerState.java:setLeader(255)) - 0f149dc2-93b5-49be-8207-1a37abfc29a4@group-D69D366428CF: change Leader from null to 0f149dc2-93b5-49be-8207-1a37abfc29a4 at term 1 for becomeLeader, leader elected after 5105ms
2019-10-01 03:13:26,080 [0f149dc2-93b5-49be-8207-1a37abfc29a4@group-D69D366428CF-LeaderElection94] INFO  server.RaftServerConfigKeys (ConfUtils.java:logGet(43)) - raft.server.staging.catchup.gap = 1000 (default)
2019-10-01 03:13:26,080 [0f149dc2-93b5-49be-8207-1a37abfc29a4@group-D69D366428CF-LeaderElection94] INFO  server.RaftServerConfigKeys (ConfUtils.java:logGet(43)) - raft.server.rpc.sleep.time = 25ms (default)
2019-10-01 03:13:26,080 [0f149dc2-93b5-49be-8207-1a37abfc29a4@group-D69D366428CF-LeaderElection94] INFO  server.RaftServerConfigKeys (ConfUtils.java:logGet(43)) - raft.server.write.element-limit = 4096 (default)
2019-10-01 03:13:26,080 [0f149dc2-93b5-49be-8207-1a37abfc29a4@group-D69D366428CF-LeaderElection94] INFO  server.RaftServerConfigKeys (ConfUtils.java:logGet(43)) - raft.server.watch.timeout = 10s (default)
2019-10-01 03:13:26,080 [0f149dc2-93b5-49be-8207-1a37abfc29a4@group-D69D366428CF-LeaderElection94] INFO  server.RaftServerConfigKeys (ConfUtils.java:logGet(43)) - raft.server.watch.timeout.denomination = 1s (default)
2019-10-01 03:13:26,080 [0f149dc2-93b5-49be-8207-1a37abfc29a4@group-D69D366428CF-LeaderElection94] INFO  server.RaftServerConfigKeys (ConfUtils.java:logGet(43)) - raft.server.watch.element-limit = 65536 (default)
2019-10-01 03:13:26,081 [0f149dc2-93b5-49be-8207-1a37abfc29a4@group-D69D366428CF-LeaderElection94] INFO  impl.RoleInfo (RoleInfo.java:updateAndGet(143)) - 0f149dc2-93b5-49be-8207-1a37abfc29a4: start LeaderState
2019-10-01 03:13:26,081 [0f149dc2-93b5-49be-8207-1a37abfc29a4@group-D69D366428CF-LeaderElection94] INFO  segmented.SegmentedRaftLogWorker (SegmentedRaftLogWorker.java:startLogSegment(385)) - 0f149dc2-93b5-49be-8207-1a37abfc29a4@group-D69D366428CF-SegmentedRaftLogWorker: Starting segment from index:0
2019-10-01 03:13:26,082 [0f149dc2-93b5-49be-8207-1a37abfc29a4@group-D69D366428CF-LeaderElection94] INFO  impl.RaftServerImpl (ServerState.java:setRaftConf(356)) - 0f149dc2-93b5-49be-8207-1a37abfc29a4@group-D69D366428CF: set configuration 0: [0f149dc2-93b5-49be-8207-1a37abfc29a4:192.168.164.230:38807], old=null at 0
2019-10-01 03:13:26,106 [Thread-3293] INFO  impl.FollowerState (FollowerState.java:run(108)) - 2a9899ba-3a88-4481-a522-256fa22dc393@group-2DC8C4B1D5B7-FollowerState: change to CANDIDATE, lastRpcTime:5037ms, electionTimeout:5028ms
2019-10-01 03:13:26,106 [Thread-3293] INFO  impl.RoleInfo (RoleInfo.java:shutdownFollowerState(121)) - 2a9899ba-3a88-4481-a522-256fa22dc393: shutdown FollowerState
2019-10-01 03:13:26,106 [Thread-3293] INFO  impl.RaftServerImpl (RaftServerImpl.java:setRole(170)) - 2a9899ba-3a88-4481-a522-256fa22dc393@group-2DC8C4B1D5B7: changes role from  FOLLOWER to CANDIDATE at term 0 for changeToCandidate
2019-10-01 03:13:26,106 [Thread-3293] INFO  impl.RoleInfo (RoleInfo.java:updateAndGet(143)) - 2a9899ba-3a88-4481-a522-256fa22dc393: start LeaderElection
2019-10-01 03:13:26,120 [39ad8518-91a1-4a9e-b727-e873a78ef0dc@group-6449F6D74AA7-SegmentedRaftLogWorker] INFO  segmented.SegmentedRaftLogWorker (SegmentedRaftLogWorker.java:execute(574)) - 39ad8518-91a1-4a9e-b727-e873a78ef0dc@group-6449F6D74AA7-SegmentedRaftLogWorker: created new log segment /workdir/hadoop-ozone/integration-test/target/test-dir/MiniOzoneClusterImpl-c339c727-4e5f-46f6-bf12-daf0300b76af/datanode-3/data/ratis/e7154af3-1455-4fe5-907f-6449f6d74aa7/current/log_inprogress_0
2019-10-01 03:13:26,158 [0f149dc2-93b5-49be-8207-1a37abfc29a4@group-D69D366428CF-SegmentedRaftLogWorker] INFO  segmented.SegmentedRaftLogWorker (SegmentedRaftLogWorker.java:execute(574)) - 0f149dc2-93b5-49be-8207-1a37abfc29a4@group-D69D366428CF-SegmentedRaftLogWorker: created new log segment /workdir/hadoop-ozone/integration-test/target/test-dir/MiniOzoneClusterImpl-c339c727-4e5f-46f6-bf12-daf0300b76af/datanode-5/data/ratis/81846aa0-769a-4bf8-bb31-d69d366428cf/current/log_inprogress_0
2019-10-01 03:13:26,158 [2a9899ba-3a88-4481-a522-256fa22dc393@group-2DC8C4B1D5B7-LeaderElection95] INFO  impl.LeaderElection (LeaderElection.java:askForVotes(178)) - 2a9899ba-3a88-4481-a522-256fa22dc393@group-2DC8C4B1D5B7-LeaderElection95: begin an election at term 1 for -1: [39ad8518-91a1-4a9e-b727-e873a78ef0dc:192.168.164.230:33076, 2a9899ba-3a88-4481-a522-256fa22dc393:192.168.164.230:45683, 0f149dc2-93b5-49be-8207-1a37abfc29a4:192.168.164.230:38807], old=null
2019-10-01 03:13:26,159 [Thread-3292] INFO  impl.FollowerState (FollowerState.java:run(108)) - 39ad8518-91a1-4a9e-b727-e873a78ef0dc@group-2DC8C4B1D5B7-FollowerState: change to CANDIDATE, lastRpcTime:5091ms, electionTimeout:5091ms
2019-10-01 03:13:26,159 [Thread-3292] INFO  impl.RoleInfo (RoleInfo.java:shutdownFollowerState(121)) - 39ad8518-91a1-4a9e-b727-e873a78ef0dc: shutdown FollowerState
2019-10-01 03:13:26,160 [Thread-3292] INFO  impl.RaftServerImpl (RaftServerImpl.java:setRole(170)) - 39ad8518-91a1-4a9e-b727-e873a78ef0dc@group-2DC8C4B1D5B7: changes role from  FOLLOWER to CANDIDATE at term 0 for changeToCandidate
2019-10-01 03:13:26,160 [Thread-3292] INFO  impl.RoleInfo (RoleInfo.java:updateAndGet(143)) - 39ad8518-91a1-4a9e-b727-e873a78ef0dc: start LeaderElection
2019-10-01 03:13:26,165 [grpc-default-executor-0] INFO  impl.RaftServerImpl (RaftServerImpl.java:setRole(170)) - 0f149dc2-93b5-49be-8207-1a37abfc29a4@group-2DC8C4B1D5B7: changes role from  FOLLOWER to FOLLOWER at term 1 for recognizeCandidate:2a9899ba-3a88-4481-a522-256fa22dc393
2019-10-01 03:13:26,165 [grpc-default-executor-0] INFO  impl.RoleInfo (RoleInfo.java:shutdownFollowerState(121)) - 0f149dc2-93b5-49be-8207-1a37abfc29a4: shutdown FollowerState
2019-10-01 03:13:26,165 [grpc-default-executor-0] INFO  impl.RoleInfo (RoleInfo.java:updateAndGet(143)) - 0f149dc2-93b5-49be-8207-1a37abfc29a4: start FollowerState
2019-10-01 03:13:26,165 [Thread-3288] INFO  impl.FollowerState (FollowerState.java:run(117)) - 0f149dc2-93b5-49be-8207-1a37abfc29a4@group-2DC8C4B1D5B7-FollowerState was interrupted: java.lang.InterruptedException: sleep interrupted
2019-10-01 03:13:26,173 [39ad8518-91a1-4a9e-b727-e873a78ef0dc@group-2DC8C4B1D5B7-LeaderElection96] INFO  impl.LeaderElection (LeaderElection.java:askForVotes(178)) - 39ad8518-91a1-4a9e-b727-e873a78ef0dc@group-2DC8C4B1D5B7-LeaderElection96: begin an election at term 1 for -1: [39ad8518-91a1-4a9e-b727-e873a78ef0dc:192.168.164.230:33076, 2a9899ba-3a88-4481-a522-256fa22dc393:192.168.164.230:45683, 0f149dc2-93b5-49be-8207-1a37abfc29a4:192.168.164.230:38807], old=null
2019-10-01 03:13:26,178 [2a9899ba-3a88-4481-a522-256fa22dc393@group-2DC8C4B1D5B7-LeaderElection95] INFO  impl.LeaderElection (LeaderElection.java:logAndReturn(56)) - 2a9899ba-3a88-4481-a522-256fa22dc393@group-2DC8C4B1D5B7-LeaderElection95: Election PASSED; received 2 response(s) [2a9899ba-3a88-4481-a522-256fa22dc393<-39ad8518-91a1-4a9e-b727-e873a78ef0dc#0:FAIL-t1, 2a9899ba-3a88-4481-a522-256fa22dc393<-0f149dc2-93b5-49be-8207-1a37abfc29a4#0:OK-t1] and 0 exception(s); 2a9899ba-3a88-4481-a522-256fa22dc393@group-2DC8C4B1D5B7:t1, leader=null, voted=2a9899ba-3a88-4481-a522-256fa22dc393, raftlog=2a9899ba-3a88-4481-a522-256fa22dc393@group-2DC8C4B1D5B7-SegmentedRaftLog:OPENED:c-1,f-1,i0, conf=-1: [39ad8518-91a1-4a9e-b727-e873a78ef0dc:192.168.164.230:33076, 2a9899ba-3a88-4481-a522-256fa22dc393:192.168.164.230:45683, 0f149dc2-93b5-49be-8207-1a37abfc29a4:192.168.164.230:38807], old=null
2019-10-01 03:13:26,178 [2a9899ba-3a88-4481-a522-256fa22dc393@group-2DC8C4B1D5B7-LeaderElection95] INFO  impl.RoleInfo (RoleInfo.java:shutdownLeaderElection(134)) - 2a9899ba-3a88-4481-a522-256fa22dc393: shutdown LeaderElection
2019-10-01 03:13:26,178 [2a9899ba-3a88-4481-a522-256fa22dc393@group-2DC8C4B1D5B7-LeaderElection95] INFO  impl.RaftServerImpl (RaftServerImpl.java:setRole(170)) - 2a9899ba-3a88-4481-a522-256fa22dc393@group-2DC8C4B1D5B7: changes role from CANDIDATE to LEADER at term 1 for changeToLeader
2019-10-01 03:13:26,178 [2a9899ba-3a88-4481-a522-256fa22dc393@group-2DC8C4B1D5B7-LeaderElection95] INFO  impl.RaftServerImpl (ServerState.java:setLeader(255)) - 2a9899ba-3a88-4481-a522-256fa22dc393@group-2DC8C4B1D5B7: change Leader from null to 2a9899ba-3a88-4481-a522-256fa22dc393 at term 1 for becomeLeader, leader elected after 5122ms
2019-10-01 03:13:26,178 [2a9899ba-3a88-4481-a522-256fa22dc393@group-2DC8C4B1D5B7-LeaderElection95] INFO  server.RaftServerConfigKeys (ConfUtils.java:logGet(43)) - raft.server.staging.catchup.gap = 1000 (default)
2019-10-01 03:13:26,182 [2a9899ba-3a88-4481-a522-256fa22dc393@group-2DC8C4B1D5B7-LeaderElection95] INFO  server.RaftServerConfigKeys (ConfUtils.java:logGet(43)) - raft.server.rpc.sleep.time = 25ms (default)
2019-10-01 03:13:26,182 [2a9899ba-3a88-4481-a522-256fa22dc393@group-2DC8C4B1D5B7-LeaderElection95] INFO  server.RaftServerConfigKeys (ConfUtils.java:logGet(43)) - raft.server.write.element-limit = 4096 (default)
2019-10-01 03:13:26,182 [2a9899ba-3a88-4481-a522-256fa22dc393@group-2DC8C4B1D5B7-LeaderElection95] INFO  server.RaftServerConfigKeys (ConfUtils.java:logGet(43)) - raft.server.watch.timeout = 10s (default)
2019-10-01 03:13:26,182 [2a9899ba-3a88-4481-a522-256fa22dc393@group-2DC8C4B1D5B7-LeaderElection95] INFO  server.RaftServerConfigKeys (ConfUtils.java:logGet(43)) - raft.server.watch.timeout.denomination = 1s (default)
2019-10-01 03:13:26,182 [2a9899ba-3a88-4481-a522-256fa22dc393@group-2DC8C4B1D5B7-LeaderElection95] INFO  server.RaftServerConfigKeys (ConfUtils.java:logGet(43)) - raft.server.watch.element-limit = 65536 (default)
2019-10-01 03:13:26,183 [2a9899ba-3a88-4481-a522-256fa22dc393@group-2DC8C4B1D5B7-LeaderElection95] INFO  server.RaftServerConfigKeys (ConfUtils.java:logGet(43)) - raft.server.log.appender.snapshot.chunk.size.max = 16MB (=16777216) (default)
2019-10-01 03:13:26,183 [2a9899ba-3a88-4481-a522-256fa22dc393@group-2DC8C4B1D5B7-LeaderElection95] INFO  server.RaftServerConfigKeys (ConfUtils.java:logGet(43)) - raft.server.log.appender.buffer.byte-limit = 33554432 (custom)
2019-10-01 03:13:26,184 [2a9899ba-3a88-4481-a522-256fa22dc393@group-2DC8C4B1D5B7-LeaderElection95] INFO  server.RaftServerConfigKeys (ConfUtils.java:logGet(43)) - raft.server.log.appender.buffer.element-limit = 1 (custom)
2019-10-01 03:13:26,184 [2a9899ba-3a88-4481-a522-256fa22dc393@group-2DC8C4B1D5B7-LeaderElection95] INFO  grpc.GrpcConfigKeys$Server (ConfUtils.java:logGet(43)) - raft.grpc.server.leader.outstanding.appends.max = 128 (default)
2019-10-01 03:13:26,184 [2a9899ba-3a88-4481-a522-256fa22dc393@group-2DC8C4B1D5B7-LeaderElection95] INFO  server.RaftServerConfigKeys (ConfUtils.java:logGet(43)) - raft.server.rpc.request.timeout = 3000ms (default)
2019-10-01 03:13:26,184 [2a9899ba-3a88-4481-a522-256fa22dc393@group-2DC8C4B1D5B7-LeaderElection95] INFO  server.RaftServerConfigKeys (ConfUtils.java:logGet(43)) - raft.server.log.appender.install.snapshot.enabled = false (custom)
2019-10-01 03:13:26,184 [2a9899ba-3a88-4481-a522-256fa22dc393@group-2DC8C4B1D5B7-LeaderElection95] INFO  server.RaftServerConfigKeys (ConfUtils.java:logGet(43)) - raft.server.log.appender.snapshot.chunk.size.max = 16MB (=16777216) (default)
2019-10-01 03:13:26,184 [2a9899ba-3a88-4481-a522-256fa22dc393@group-2DC8C4B1D5B7-LeaderElection95] INFO  server.RaftServerConfigKeys (ConfUtils.java:logGet(43)) - raft.server.log.appender.buffer.byte-limit = 33554432 (custom)
2019-10-01 03:13:26,184 [2a9899ba-3a88-4481-a522-256fa22dc393@group-2DC8C4B1D5B7-LeaderElection95] INFO  server.RaftServerConfigKeys (ConfUtils.java:logGet(43)) - raft.server.log.appender.buffer.element-limit = 1 (custom)
2019-10-01 03:13:26,185 [2a9899ba-3a88-4481-a522-256fa22dc393@group-2DC8C4B1D5B7-LeaderElection95] INFO  grpc.GrpcConfigKeys$Server (ConfUtils.java:logGet(43)) - raft.grpc.server.leader.outstanding.appends.max = 128 (default)
2019-10-01 03:13:26,185 [2a9899ba-3a88-4481-a522-256fa22dc393@group-2DC8C4B1D5B7-LeaderElection95] INFO  server.RaftServerConfigKeys (ConfUtils.java:logGet(43)) - raft.server.rpc.request.timeout = 3000ms (default)
2019-10-01 03:13:26,185 [2a9899ba-3a88-4481-a522-256fa22dc393@group-2DC8C4B1D5B7-LeaderElection95] INFO  server.RaftServerConfigKeys (ConfUtils.java:logGet(43)) - raft.server.log.appender.install.snapshot.enabled = false (custom)
2019-10-01 03:13:26,185 [2a9899ba-3a88-4481-a522-256fa22dc393@group-2DC8C4B1D5B7-LeaderElection95] INFO  impl.RoleInfo (RoleInfo.java:updateAndGet(143)) - 2a9899ba-3a88-4481-a522-256fa22dc393: start LeaderState
2019-10-01 03:13:26,185 [2a9899ba-3a88-4481-a522-256fa22dc393@group-2DC8C4B1D5B7-LeaderElection95] INFO  segmented.SegmentedRaftLogWorker (SegmentedRaftLogWorker.java:startLogSegment(385)) - 2a9899ba-3a88-4481-a522-256fa22dc393@group-2DC8C4B1D5B7-SegmentedRaftLogWorker: Starting segment from index:0
2019-10-01 03:13:26,186 [2a9899ba-3a88-4481-a522-256fa22dc393@group-2DC8C4B1D5B7-LeaderElection95] INFO  impl.RaftServerImpl (ServerState.java:setRaftConf(356)) - 2a9899ba-3a88-4481-a522-256fa22dc393@group-2DC8C4B1D5B7: set configuration 0: [39ad8518-91a1-4a9e-b727-e873a78ef0dc:192.168.164.230:33076, 2a9899ba-3a88-4481-a522-256fa22dc393:192.168.164.230:45683, 0f149dc2-93b5-49be-8207-1a37abfc29a4:192.168.164.230:38807], old=null at 0
2019-10-01 03:13:26,190 [grpc-default-executor-10] INFO  impl.RaftServerImpl (RaftServerImpl.java:requestVote(754)) - 2a9899ba-3a88-4481-a522-256fa22dc393@group-2DC8C4B1D5B7-   LEADER: Withhold vote from candidate 39ad8518-91a1-4a9e-b727-e873a78ef0dc with term 1. State: leader=2a9899ba-3a88-4481-a522-256fa22dc393, term=1, lastRpcElapsed=null
2019-10-01 03:13:26,190 [grpc-default-executor-10] INFO  impl.RaftServerImpl (RaftServerImpl.java:setRole(170)) - 39ad8518-91a1-4a9e-b727-e873a78ef0dc@group-2DC8C4B1D5B7: changes role from CANDIDATE to FOLLOWER at term 1 for appendEntries
2019-10-01 03:13:26,190 [grpc-default-executor-10] INFO  impl.RoleInfo (RoleInfo.java:shutdownLeaderElection(134)) - 39ad8518-91a1-4a9e-b727-e873a78ef0dc: shutdown LeaderElection
2019-10-01 03:13:26,226 [39ad8518-91a1-4a9e-b727-e873a78ef0dc@group-2DC8C4B1D5B7-LeaderElection96] INFO  impl.LeaderElection (LeaderElection.java:logAndReturn(56)) - 39ad8518-91a1-4a9e-b727-e873a78ef0dc@group-2DC8C4B1D5B7-LeaderElection96: Election REJECTED; received 2 response(s) [39ad8518-91a1-4a9e-b727-e873a78ef0dc<-2a9899ba-3a88-4481-a522-256fa22dc393#0:FAIL-t1, 39ad8518-91a1-4a9e-b727-e873a78ef0dc<-0f149dc2-93b5-49be-8207-1a37abfc29a4#0:FAIL-t1] and 0 exception(s); 39ad8518-91a1-4a9e-b727-e873a78ef0dc@group-2DC8C4B1D5B7:t1, leader=null, voted=39ad8518-91a1-4a9e-b727-e873a78ef0dc, raftlog=39ad8518-91a1-4a9e-b727-e873a78ef0dc@group-2DC8C4B1D5B7-SegmentedRaftLog:OPENED:c-1,f-1,i0, conf=-1: [39ad8518-91a1-4a9e-b727-e873a78ef0dc:192.168.164.230:33076, 2a9899ba-3a88-4481-a522-256fa22dc393:192.168.164.230:45683, 0f149dc2-93b5-49be-8207-1a37abfc29a4:192.168.164.230:38807], old=null
2019-10-01 03:13:26,226 [grpc-default-executor-5] INFO  impl.RaftServerImpl (ServerState.java:setLeader(255)) - 0f149dc2-93b5-49be-8207-1a37abfc29a4@group-2DC8C4B1D5B7: change Leader from null to 2a9899ba-3a88-4481-a522-256fa22dc393 at term 1 for appendEntries, leader elected after 5167ms
2019-10-01 03:13:26,226 [grpc-default-executor-10] INFO  impl.RoleInfo (RoleInfo.java:updateAndGet(143)) - 39ad8518-91a1-4a9e-b727-e873a78ef0dc: start FollowerState
2019-10-01 03:13:26,227 [grpc-default-executor-10] INFO  impl.RaftServerImpl (ServerState.java:setLeader(255)) - 39ad8518-91a1-4a9e-b727-e873a78ef0dc@group-2DC8C4B1D5B7: change Leader from null to 2a9899ba-3a88-4481-a522-256fa22dc393 at term 1 for appendEntries, leader elected after 5171ms
2019-10-01 03:13:26,227 [grpc-default-executor-10] INFO  impl.RaftServerImpl (ServerState.java:setRaftConf(356)) - 0f149dc2-93b5-49be-8207-1a37abfc29a4@group-2DC8C4B1D5B7: set configuration 0: [39ad8518-91a1-4a9e-b727-e873a78ef0dc:192.168.164.230:33076, 2a9899ba-3a88-4481-a522-256fa22dc393:192.168.164.230:45683, 0f149dc2-93b5-49be-8207-1a37abfc29a4:192.168.164.230:38807], old=null at 0
2019-10-01 03:13:26,228 [grpc-default-executor-10] INFO  segmented.SegmentedRaftLogWorker (SegmentedRaftLogWorker.java:startLogSegment(385)) - 0f149dc2-93b5-49be-8207-1a37abfc29a4@group-2DC8C4B1D5B7-SegmentedRaftLogWorker: Starting segment from index:0
2019-10-01 03:13:26,228 [grpc-default-executor-5] INFO  impl.RaftServerImpl (ServerState.java:setRaftConf(356)) - 39ad8518-91a1-4a9e-b727-e873a78ef0dc@group-2DC8C4B1D5B7: set configuration 0: [39ad8518-91a1-4a9e-b727-e873a78ef0dc:192.168.164.230:33076, 2a9899ba-3a88-4481-a522-256fa22dc393:192.168.164.230:45683, 0f149dc2-93b5-49be-8207-1a37abfc29a4:192.168.164.230:38807], old=null at 0
2019-10-01 03:13:26,228 [grpc-default-executor-5] INFO  segmented.SegmentedRaftLogWorker (SegmentedRaftLogWorker.java:startLogSegment(385)) - 39ad8518-91a1-4a9e-b727-e873a78ef0dc@group-2DC8C4B1D5B7-SegmentedRaftLogWorker: Starting segment from index:0
2019-10-01 03:13:26,228 [2a9899ba-3a88-4481-a522-256fa22dc393@group-2DC8C4B1D5B7-SegmentedRaftLogWorker] INFO  segmented.SegmentedRaftLogWorker (SegmentedRaftLogWorker.java:execute(574)) - 2a9899ba-3a88-4481-a522-256fa22dc393@group-2DC8C4B1D5B7-SegmentedRaftLogWorker: created new log segment /workdir/hadoop-ozone/integration-test/target/test-dir/MiniOzoneClusterImpl-c339c727-4e5f-46f6-bf12-daf0300b76af/datanode-4/data/ratis/710121ca-e93e-4b72-964e-2dc8c4b1d5b7/current/log_inprogress_0
2019-10-01 03:13:26,243 [0f149dc2-93b5-49be-8207-1a37abfc29a4@group-2DC8C4B1D5B7-SegmentedRaftLogWorker] INFO  segmented.SegmentedRaftLogWorker (SegmentedRaftLogWorker.java:execute(574)) - 0f149dc2-93b5-49be-8207-1a37abfc29a4@group-2DC8C4B1D5B7-SegmentedRaftLogWorker: created new log segment /workdir/hadoop-ozone/integration-test/target/test-dir/MiniOzoneClusterImpl-c339c727-4e5f-46f6-bf12-daf0300b76af/datanode-5/data/ratis/710121ca-e93e-4b72-964e-2dc8c4b1d5b7/current/log_inprogress_0
2019-10-01 03:13:26,243 [39ad8518-91a1-4a9e-b727-e873a78ef0dc@group-2DC8C4B1D5B7-SegmentedRaftLogWorker] INFO  segmented.SegmentedRaftLogWorker (SegmentedRaftLogWorker.java:execute(574)) - 39ad8518-91a1-4a9e-b727-e873a78ef0dc@group-2DC8C4B1D5B7-SegmentedRaftLogWorker: created new log segment /workdir/hadoop-ozone/integration-test/target/test-dir/MiniOzoneClusterImpl-c339c727-4e5f-46f6-bf12-daf0300b76af/datanode-3/data/ratis/710121ca-e93e-4b72-964e-2dc8c4b1d5b7/current/log_inprogress_0
2019-10-01 03:13:26,287 [Datanode State Machine Thread - 0] INFO  statemachine.DatanodeStateMachine (DatanodeStateMachine.java:lambda$startDaemon$0(350)) - Ozone container server started.
2019-10-01 03:13:31,271 [main] INFO  ozoneimpl.OzoneContainer (OzoneContainer.java:stop(231)) - Attempting to stop container services.
2019-10-01 03:13:31,272 [main] INFO  impl.RaftServerProxy (RaftServerProxy.java:lambda$close$4(314)) - ccf91022-5681-4351-8dcb-f8c6f14016e7: close
2019-10-01 03:13:31,272 [main] INFO  impl.RaftServerImpl (RaftServerImpl.java:lambda$shutdown$3(247)) - ccf91022-5681-4351-8dcb-f8c6f14016e7@group-32CFCF8EBDEE: shutdown
2019-10-01 03:13:31,272 [main] INFO  util.JmxRegister (JmxRegister.java:unregister(73)) - Successfully un-registered JMX Bean with object name Ratis:service=RaftServer,group=group-32CFCF8EBDEE,id=ccf91022-5681-4351-8dcb-f8c6f14016e7
2019-10-01 03:13:31,272 [main] INFO  impl.RoleInfo (RoleInfo.java:shutdownLeaderState(104)) - ccf91022-5681-4351-8dcb-f8c6f14016e7: shutdown LeaderState
2019-10-01 03:13:31,273 [main] INFO  impl.PendingRequests (PendingRequests.java:sendNotLeaderResponses(202)) - ccf91022-5681-4351-8dcb-f8c6f14016e7@group-32CFCF8EBDEE-PendingRequests: sendNotLeaderResponses
2019-10-01 03:13:31,273 [main] INFO  impl.StateMachineUpdater (StateMachineUpdater.java:stopAndJoin(136)) - ccf91022-5681-4351-8dcb-f8c6f14016e7@group-32CFCF8EBDEE-StateMachineUpdater: set stopIndex = 0
2019-10-01 03:13:31,273 [main] INFO  impl.RaftServerImpl (ServerState.java:close(387)) - ccf91022-5681-4351-8dcb-f8c6f14016e7@group-32CFCF8EBDEE: closes. applyIndex: 0
2019-10-01 03:13:31,273 [ccf91022-5681-4351-8dcb-f8c6f14016e7@group-32CFCF8EBDEE-SegmentedRaftLogWorker] INFO  segmented.SegmentedRaftLogWorker (SegmentedRaftLogWorker.java:run(316)) - ccf91022-5681-4351-8dcb-f8c6f14016e7@group-32CFCF8EBDEE-SegmentedRaftLogWorker was interrupted, exiting. There are 0 tasks remaining in the queue.
2019-10-01 03:13:31,274 [main] INFO  segmented.SegmentedRaftLogWorker (SegmentedRaftLogWorker.java:close(224)) - ccf91022-5681-4351-8dcb-f8c6f14016e7@group-32CFCF8EBDEE-SegmentedRaftLogWorker close()
2019-10-01 03:13:31,283 [main] INFO  impl.RaftServerImpl (RaftServerImpl.java:lambda$shutdown$3(247)) - ccf91022-5681-4351-8dcb-f8c6f14016e7@group-A43549561F1E: shutdown
2019-10-01 03:13:31,283 [main] INFO  util.JmxRegister (JmxRegister.java:unregister(73)) - Successfully un-registered JMX Bean with object name Ratis:service=RaftServer,group=group-A43549561F1E,id=ccf91022-5681-4351-8dcb-f8c6f14016e7
2019-10-01 03:13:31,284 [main] INFO  impl.RoleInfo (RoleInfo.java:shutdownFollowerState(121)) - ccf91022-5681-4351-8dcb-f8c6f14016e7: shutdown FollowerState
2019-10-01 03:13:31,284 [main] INFO  impl.StateMachineUpdater (StateMachineUpdater.java:stopAndJoin(136)) - ccf91022-5681-4351-8dcb-f8c6f14016e7@group-A43549561F1E-StateMachineUpdater: set stopIndex = 2
2019-10-01 03:13:31,284 [Thread-3354] INFO  impl.FollowerState (FollowerState.java:run(117)) - ccf91022-5681-4351-8dcb-f8c6f14016e7@group-A43549561F1E-FollowerState was interrupted: java.lang.InterruptedException: sleep interrupted
2019-10-01 03:13:31,284 [ccf91022-5681-4351-8dcb-f8c6f14016e7@group-A43549561F1E-StateMachineUpdater] INFO  ratis.ContainerStateMachine (ContainerStateMachine.java:takeSnapshot(289)) - group-A43549561F1E: Taking a snapshot at:(t:1, i:1) file /workdir/hadoop-ozone/integration-test/target/test-dir/MiniOzoneClusterImpl-c339c727-4e5f-46f6-bf12-daf0300b76af/datanode-1/data/ratis/28d2b80f-5e5a-4fb8-b664-a43549561f1e/sm/snapshot.1_1
2019-10-01 03:13:31,300 [ccf91022-5681-4351-8dcb-f8c6f14016e7@group-A43549561F1E-StateMachineUpdater] INFO  ratis.ContainerStateMachine (ContainerStateMachine.java:takeSnapshot(300)) - group-A43549561F1E: Finished taking a snapshot at:(t:1, i:1) file:/workdir/hadoop-ozone/integration-test/target/test-dir/MiniOzoneClusterImpl-c339c727-4e5f-46f6-bf12-daf0300b76af/datanode-1/data/ratis/28d2b80f-5e5a-4fb8-b664-a43549561f1e/sm/snapshot.1_1 time:16
2019-10-01 03:13:31,300 [ccf91022-5681-4351-8dcb-f8c6f14016e7@group-A43549561F1E-StateMachineUpdater] INFO  impl.StateMachineUpdater (StateMachineUpdater.java:takeSnapshot(269)) - ccf91022-5681-4351-8dcb-f8c6f14016e7@group-A43549561F1E-StateMachineUpdater: Took a snapshot at index 1
2019-10-01 03:13:31,300 [ccf91022-5681-4351-8dcb-f8c6f14016e7@group-A43549561F1E-StateMachineUpdater] INFO  impl.StateMachineUpdater (StateMachineUpdater.java:lambda$new$0(84)) - ccf91022-5681-4351-8dcb-f8c6f14016e7@group-A43549561F1E-StateMachineUpdater: snapshotIndex: updateIncreasingly -1 -> 1
2019-10-01 03:13:31,301 [ccf91022-5681-4351-8dcb-f8c6f14016e7@group-A43549561F1E-StateMachineUpdater] INFO  ratis.ContainerStateMachine (ContainerStateMachine.java:takeSnapshot(289)) - group-A43549561F1E: Taking a snapshot at:(t:1, i:1) file /workdir/hadoop-ozone/integration-test/target/test-dir/MiniOzoneClusterImpl-c339c727-4e5f-46f6-bf12-daf0300b76af/datanode-1/data/ratis/28d2b80f-5e5a-4fb8-b664-a43549561f1e/sm/snapshot.1_1
2019-10-01 03:13:31,313 [ccf91022-5681-4351-8dcb-f8c6f14016e7@group-A43549561F1E-StateMachineUpdater] INFO  ratis.ContainerStateMachine (ContainerStateMachine.java:takeSnapshot(300)) - group-A43549561F1E: Finished taking a snapshot at:(t:1, i:1) file:/workdir/hadoop-ozone/integration-test/target/test-dir/MiniOzoneClusterImpl-c339c727-4e5f-46f6-bf12-daf0300b76af/datanode-1/data/ratis/28d2b80f-5e5a-4fb8-b664-a43549561f1e/sm/snapshot.1_1 time:12
2019-10-01 03:13:31,314 [ccf91022-5681-4351-8dcb-f8c6f14016e7@group-A43549561F1E-StateMachineUpdater] INFO  impl.StateMachineUpdater (StateMachineUpdater.java:takeSnapshot(269)) - ccf91022-5681-4351-8dcb-f8c6f14016e7@group-A43549561F1E-StateMachineUpdater: Took a snapshot at index 1
2019-10-01 03:13:31,314 [ccf91022-5681-4351-8dcb-f8c6f14016e7@group-A43549561F1E-StateMachineUpdater] INFO  impl.StateMachineUpdater (StateMachineUpdater.java:lambda$new$0(84)) - ccf91022-5681-4351-8dcb-f8c6f14016e7@group-A43549561F1E-StateMachineUpdater: snapshotIndex: updateIncreasingly 1 -> 1
2019-10-01 03:13:31,314 [main] INFO  impl.RaftServerImpl (ServerState.java:close(387)) - ccf91022-5681-4351-8dcb-f8c6f14016e7@group-A43549561F1E: closes. applyIndex: 2
2019-10-01 03:13:31,314 [ccf91022-5681-4351-8dcb-f8c6f14016e7@group-A43549561F1E-SegmentedRaftLogWorker] INFO  segmented.SegmentedRaftLogWorker (SegmentedRaftLogWorker.java:run(316)) - ccf91022-5681-4351-8dcb-f8c6f14016e7@group-A43549561F1E-SegmentedRaftLogWorker was interrupted, exiting. There are 0 tasks remaining in the queue.
2019-10-01 03:13:31,314 [main] INFO  segmented.SegmentedRaftLogWorker (SegmentedRaftLogWorker.java:close(224)) - ccf91022-5681-4351-8dcb-f8c6f14016e7@group-A43549561F1E-SegmentedRaftLogWorker close()
2019-10-01 03:13:31,319 [main] INFO  server.GrpcService (GrpcService.java:closeImpl(164)) - ccf91022-5681-4351-8dcb-f8c6f14016e7: shutdown server with port 44859 now
2019-10-01 03:13:31,319 [grpc-default-executor-5] WARN  server.GrpcServerProtocolService (LogUtils.java:warn(134)) - ccf91022-5681-4351-8dcb-f8c6f14016e7: installSnapshot onError, lastRequest: 2a7cb8bd-ee4f-4813-91da-1d423353c69d->ccf91022-5681-4351-8dcb-f8c6f14016e7#5-t1, previous=(t:1, i:2), leaderCommit=2, initializing? false, entries: <empty>: org.apache.ratis.thirdparty.io.grpc.StatusRuntimeException: CANCELLED: cancelled before receiving half close
2019-10-01 03:13:31,320 [main] INFO  server.GrpcService (GrpcService.java:closeImpl(172)) - ccf91022-5681-4351-8dcb-f8c6f14016e7: shutdown server with port 44859 successfully
2019-10-01 03:13:31,320 [grpc-default-executor-0] WARN  server.GrpcLogAppender (LogUtils.java:warn(134)) - 2a7cb8bd-ee4f-4813-91da-1d423353c69d@group-A43549561F1E->ccf91022-5681-4351-8dcb-f8c6f14016e7-AppendLogResponseHandler: Failed appendEntries: org.apache.ratis.thirdparty.io.grpc.StatusRuntimeException: CANCELLED: HTTP/2 error code: CANCEL
Received Rst Stream
2019-10-01 03:13:31,320 [grpc-default-executor-0] INFO  impl.FollowerInfo (FollowerInfo.java:lambda$new$0(51)) - 2a7cb8bd-ee4f-4813-91da-1d423353c69d@group-A43549561F1E->ccf91022-5681-4351-8dcb-f8c6f14016e7: nextIndex: updateUnconditionally 3 -> 2
2019-10-01 03:13:31,321 [refreshUsed-/workdir/hadoop-ozone/integration-test/target/test-dir/MiniOzoneClusterImpl-c339c727-4e5f-46f6-bf12-daf0300b76af/datanode-1/data/containers] WARN  fs.CachingGetSpaceUsed (CachingGetSpaceUsed.java:run(183)) - Thread Interrupted waiting to refresh disk information: sleep interrupted
2019-10-01 03:13:31,340 [main] INFO  utils.BackgroundService (BackgroundService.java:shutdown(148)) - Shutting down service BlockDeletingService
2019-10-01 03:13:31,353 [main] INFO  statemachine.DatanodeStateMachine (DatanodeStateMachine.java:stopDaemon(395)) - Ozone container server stopped.
2019-10-01 03:13:31,354 [main] INFO  handler.ContextHandler (ContextHandler.java:doStop(910)) - Stopped o.e.j.w.WebAppContext@5b1e88f{/,null,UNAVAILABLE}{/hddsDatanode}
2019-10-01 03:13:31,355 [main] INFO  server.AbstractConnector (AbstractConnector.java:doStop(318)) - Stopped ServerConnector@340cb97f{HTTP/1.1,[http/1.1]}{0.0.0.0:0}
2019-10-01 03:13:31,355 [main] INFO  handler.ContextHandler (ContextHandler.java:doStop(910)) - Stopped o.e.j.s.ServletContextHandler@17c0274c{/static,jar:file:/home/user/.m2/repository/org/apache/hadoop/hadoop-hdds-container-service/0.5.0-SNAPSHOT/hadoop-hdds-container-service-0.5.0-SNAPSHOT.jar!/webapps/static,UNAVAILABLE}
2019-10-01 03:13:31,356 [main] INFO  handler.ContextHandler (ContextHandler.java:doStop(910)) - Stopped o.e.j.s.ServletContextHandler@448c92fc{/logs,file:///workdir/hadoop-ozone/integration-test/target/log,UNAVAILABLE}
2019-10-01 03:13:31,364 [grpc-default-executor-5] WARN  server.GrpcLogAppender (LogUtils.java:warn(134)) - 2a7cb8bd-ee4f-4813-91da-1d423353c69d@group-A43549561F1E->ccf91022-5681-4351-8dcb-f8c6f14016e7-AppendLogResponseHandler: Failed appendEntries: org.apache.ratis.thirdparty.io.grpc.StatusRuntimeException: UNAVAILABLE: io exception
2019-10-01 03:13:31,365 [grpc-default-executor-5] INFO  impl.FollowerInfo (FollowerInfo.java:lambda$new$0(51)) - 2a7cb8bd-ee4f-4813-91da-1d423353c69d@group-A43549561F1E->ccf91022-5681-4351-8dcb-f8c6f14016e7: nextIndex: updateUnconditionally 3 -> 2
2019-10-01 03:13:31,377 [grpc-default-executor-4] WARN  server.GrpcLogAppender (LogUtils.java:warn(134)) - 2a7cb8bd-ee4f-4813-91da-1d423353c69d@group-A43549561F1E->ccf91022-5681-4351-8dcb-f8c6f14016e7-AppendLogResponseHandler: Failed appendEntries: org.apache.ratis.thirdparty.io.grpc.StatusRuntimeException: UNAVAILABLE: io exception
2019-10-01 03:13:31,377 [grpc-default-executor-4] INFO  impl.FollowerInfo (FollowerInfo.java:lambda$new$0(51)) - 2a7cb8bd-ee4f-4813-91da-1d423353c69d@group-A43549561F1E->ccf91022-5681-4351-8dcb-f8c6f14016e7: nextIndex: updateUnconditionally 3 -> 2
2019-10-01 03:13:31,389 [grpc-default-executor-5] WARN  server.GrpcLogAppender (LogUtils.java:warn(134)) - 2a7cb8bd-ee4f-4813-91da-1d423353c69d@group-A43549561F1E->ccf91022-5681-4351-8dcb-f8c6f14016e7-AppendLogResponseHandler: Failed appendEntries: org.apache.ratis.thirdparty.io.grpc.StatusRuntimeException: UNAVAILABLE: io exception
2019-10-01 03:13:31,389 [grpc-default-executor-5] INFO  impl.FollowerInfo (FollowerInfo.java:lambda$new$0(51)) - 2a7cb8bd-ee4f-4813-91da-1d423353c69d@group-A43549561F1E->ccf91022-5681-4351-8dcb-f8c6f14016e7: nextIndex: updateUnconditionally 3 -> 2
2019-10-01 03:13:31,390 [EventQueue-IncrementalContainerReportForIncrementalContainerReportHandler] WARN  container.IncrementalContainerReportHandler (AbstractContainerReportHandler.java:updateContainerState(143)) - Container #1 is in OPEN state, but the datanode 2a7cb8bd-ee4f-4813-91da-1d423353c69d{ip: 192.168.164.230, host: pr-hdds-1984-288rd-2703005633, networkLocation: /default-rack, certSerialId: null} reports an CLOSING replica.
2019-10-01 03:13:31,393 [EventQueue-IncrementalContainerReportForIncrementalContainerReportHandler] WARN  container.IncrementalContainerReportHandler (AbstractContainerReportHandler.java:updateContainerState(143)) - Container #1 is in OPEN state, but the datanode 7a503811-1a31-4b35-aa78-4c5096fd423f{ip: 192.168.164.230, host: pr-hdds-1984-288rd-2703005633, networkLocation: /default-rack, certSerialId: null} reports an CLOSING replica.
2019-10-01 03:13:31,503 [RatisApplyTransactionExecutor 1] INFO  interfaces.Container (KeyValueContainer.java:flushAndSyncDB(386)) - Container 1 is synced with bcsId 0.
2019-10-01 03:13:31,538 [RatisApplyTransactionExecutor 1] INFO  interfaces.Container (KeyValueContainer.java:flushAndSyncDB(386)) - Container 1 is synced with bcsId 0.
2019-10-01 03:13:31,547 [RatisApplyTransactionExecutor 1] INFO  interfaces.Container (KeyValueContainer.java:flushAndSyncDB(386)) - Container 1 is synced with bcsId 0.
2019-10-01 03:13:31,548 [RatisApplyTransactionExecutor 1] INFO  interfaces.Container (KeyValueContainer.java:flushAndSyncDB(386)) - Container 1 is synced with bcsId 0.
2019-10-01 03:13:31,565 [RatisApplyTransactionExecutor 1] INFO  interfaces.Container (KeyValueContainer.java:close(335)) - Container 1 is closed with bcsId 0.
2019-10-01 03:13:31,565 [RatisApplyTransactionExecutor 1] INFO  interfaces.Container (KeyValueContainer.java:close(335)) - Container 1 is closed with bcsId 0.
2019-10-01 03:13:31,572 [EventQueue-IncrementalContainerReportForIncrementalContainerReportHandler] WARN  container.IncrementalContainerReportHandler (AbstractContainerReportHandler.java:updateContainerState(143)) - Container #1 is in OPEN state, but the datanode 2a7cb8bd-ee4f-4813-91da-1d423353c69d{ip: 192.168.164.230, host: pr-hdds-1984-288rd-2703005633, networkLocation: /default-rack, certSerialId: null} reports an CLOSED replica.
2019-10-01 03:13:31,572 [EventQueue-IncrementalContainerReportForIncrementalContainerReportHandler] WARN  container.IncrementalContainerReportHandler (AbstractContainerReportHandler.java:updateContainerState(143)) - Container #1 is in OPEN state, but the datanode 7a503811-1a31-4b35-aa78-4c5096fd423f{ip: 192.168.164.230, host: pr-hdds-1984-288rd-2703005633, networkLocation: /default-rack, certSerialId: null} reports an CLOSED replica.
2019-10-01 03:13:33,891 [grpc-default-executor-10] WARN  server.GrpcLogAppender (LogUtils.java:warn(134)) - 2a7cb8bd-ee4f-4813-91da-1d423353c69d@group-A43549561F1E->ccf91022-5681-4351-8dcb-f8c6f14016e7-AppendLogResponseHandler: Failed appendEntries: org.apache.ratis.thirdparty.io.grpc.StatusRuntimeException: UNAVAILABLE: io exception
2019-10-01 03:13:33,891 [grpc-default-executor-10] INFO  impl.FollowerInfo (FollowerInfo.java:lambda$new$0(51)) - 2a7cb8bd-ee4f-4813-91da-1d423353c69d@group-A43549561F1E->ccf91022-5681-4351-8dcb-f8c6f14016e7: nextIndex: updateUnconditionally 2 -> 1
2019-10-01 03:13:34,615 [main] WARN  scm.XceiverClientRatis (XceiverClientRatis.java:watchForCommit(292)) - 3 way commit failed on pipeline Pipeline[ Id: 28d2b80f-5e5a-4fb8-b664-a43549561f1e, Nodes: ccf91022-5681-4351-8dcb-f8c6f14016e7{ip: 192.168.164.230, host: pr-hdds-1984-288rd-2703005633, networkLocation: /default-rack, certSerialId: null}2a7cb8bd-ee4f-4813-91da-1d423353c69d{ip: 192.168.164.230, host: pr-hdds-1984-288rd-2703005633, networkLocation: /default-rack, certSerialId: null}7a503811-1a31-4b35-aa78-4c5096fd423f{ip: 192.168.164.230, host: pr-hdds-1984-288rd-2703005633, networkLocation: /default-rack, certSerialId: null}, Type:RATIS, Factor:THREE, State:OPEN]
java.util.concurrent.TimeoutException
	at java.util.concurrent.CompletableFuture.timedGet(CompletableFuture.java:1771)
	at java.util.concurrent.CompletableFuture.get(CompletableFuture.java:1915)
	at org.apache.hadoop.hdds.scm.XceiverClientRatis.watchForCommit(XceiverClientRatis.java:289)
	at org.apache.hadoop.ozone.client.rpc.TestWatchForCommit.test2WayCommitForTimeoutException(TestWatchForCommit.java:391)
	at sun.reflect.NativeMethodAccessorImpl.invoke0(Native Method)
	at sun.reflect.NativeMethodAccessorImpl.invoke(NativeMethodAccessorImpl.java:62)
	at sun.reflect.DelegatingMethodAccessorImpl.invoke(DelegatingMethodAccessorImpl.java:43)
	at java.lang.reflect.Method.invoke(Method.java:498)
	at org.junit.runners.model.FrameworkMethod$1.runReflectiveCall(FrameworkMethod.java:47)
	at org.junit.internal.runners.model.ReflectiveCallable.run(ReflectiveCallable.java:12)
	at org.junit.runners.model.FrameworkMethod.invokeExplosively(FrameworkMethod.java:44)
	at org.junit.internal.runners.statements.InvokeMethod.evaluate(InvokeMethod.java:17)
	at org.junit.runners.ParentRunner.runLeaf(ParentRunner.java:271)
	at org.junit.runners.BlockJUnit4ClassRunner.runChild(BlockJUnit4ClassRunner.java:70)
	at org.junit.runners.BlockJUnit4ClassRunner.runChild(BlockJUnit4ClassRunner.java:50)
	at org.junit.runners.ParentRunner$3.run(ParentRunner.java:238)
	at org.junit.runners.ParentRunner$1.schedule(ParentRunner.java:63)
	at org.junit.runners.ParentRunner.runChildren(ParentRunner.java:236)
	at org.junit.runners.ParentRunner.access$000(ParentRunner.java:53)
	at org.junit.runners.ParentRunner$2.evaluate(ParentRunner.java:229)
	at org.junit.runners.ParentRunner.run(ParentRunner.java:309)
	at org.apache.maven.surefire.junit4.JUnit4Provider.execute(JUnit4Provider.java:365)
	at org.apache.maven.surefire.junit4.JUnit4Provider.executeWithRerun(JUnit4Provider.java:273)
	at org.apache.maven.surefire.junit4.JUnit4Provider.executeTestSet(JUnit4Provider.java:238)
	at org.apache.maven.surefire.junit4.JUnit4Provider.invoke(JUnit4Provider.java:159)
	at org.apache.maven.surefire.booter.ForkedBooter.invokeProviderInSameClassLoader(ForkedBooter.java:384)
	at org.apache.maven.surefire.booter.ForkedBooter.runSuitesInProcess(ForkedBooter.java:345)
	at org.apache.maven.surefire.booter.ForkedBooter.execute(ForkedBooter.java:126)
	at org.apache.maven.surefire.booter.ForkedBooter.main(ForkedBooter.java:418)
2019-10-01 03:13:34,620 [Thread-3486] INFO  client.GrpcClientProtocolService (GrpcClientProtocolService.java:lambda$processClientRequest$0(278)) - Failed RaftClientRequest:client-D801B41BAB1D->7a503811-1a31-4b35-aa78-4c5096fd423f@group-A43549561F1E, cid=103, seq=0, Watch-MAJORITY_COMMITTED(3), Message:<EMPTY>, reply=RaftClientReply:client-D801B41BAB1D->7a503811-1a31-4b35-aa78-4c5096fd423f@group-A43549561F1E, cid=103, FAILED org.apache.ratis.protocol.NotLeaderException: Server 7a503811-1a31-4b35-aa78-4c5096fd423f@group-A43549561F1E is not the leader 2a7cb8bd-ee4f-4813-91da-1d423353c69d:192.168.164.230:38852, logIndex=0, commits[7a503811-1a31-4b35-aa78-4c5096fd423f:c4, 2a7cb8bd-ee4f-4813-91da-1d423353c69d:c4, ccf91022-5681-4351-8dcb-f8c6f14016e7:c2]
2019-10-01 03:13:36,392 [grpc-default-executor-0] WARN  server.GrpcLogAppender (LogUtils.java:warn(134)) - 2a7cb8bd-ee4f-4813-91da-1d423353c69d@group-A43549561F1E->ccf91022-5681-4351-8dcb-f8c6f14016e7-AppendLogResponseHandler: Failed appendEntries: org.apache.ratis.thirdparty.io.grpc.StatusRuntimeException: UNAVAILABLE: io exception
2019-10-01 03:13:36,392 [grpc-default-executor-0] INFO  impl.FollowerInfo (FollowerInfo.java:lambda$new$0(51)) - 2a7cb8bd-ee4f-4813-91da-1d423353c69d@group-A43549561F1E->ccf91022-5681-4351-8dcb-f8c6f14016e7: nextIndex: updateUnconditionally 1 -> 0
]]></system-out>
    <system-err><![CDATA[Oct 01, 2019 3:13:20 AM org.apache.ratis.thirdparty.io.grpc.internal.ManagedChannelOrphanWrapper$ManagedChannelReference cleanQueue
SEVERE: *~*~*~ Channel ManagedChannelImpl{logId=1212, target=192.168.164.230:41264} was not shutdown properly!!! ~*~*~*
    Make sure to call shutdown()/shutdownNow() and wait until awaitTermination() returns true.
java.lang.RuntimeException: ManagedChannel allocation site
	at org.apache.ratis.thirdparty.io.grpc.internal.ManagedChannelOrphanWrapper$ManagedChannelReference.<init>(ManagedChannelOrphanWrapper.java:103)
	at org.apache.ratis.thirdparty.io.grpc.internal.ManagedChannelOrphanWrapper.<init>(ManagedChannelOrphanWrapper.java:53)
	at org.apache.ratis.thirdparty.io.grpc.internal.ManagedChannelOrphanWrapper.<init>(ManagedChannelOrphanWrapper.java:44)
	at org.apache.ratis.thirdparty.io.grpc.internal.AbstractManagedChannelImplBuilder.build(AbstractManagedChannelImplBuilder.java:411)
	at org.apache.ratis.grpc.client.GrpcClientProtocolClient.<init>(GrpcClientProtocolClient.java:128)
	at org.apache.ratis.grpc.client.GrpcClientRpc.lambda$new$0(GrpcClientRpc.java:55)
	at org.apache.ratis.util.PeerProxyMap$PeerAndProxy.lambda$getProxy$0(PeerProxyMap.java:61)
	at org.apache.ratis.util.LifeCycle.startAndTransition(LifeCycle.java:202)
	at org.apache.ratis.util.PeerProxyMap$PeerAndProxy.getProxy(PeerProxyMap.java:60)
	at org.apache.ratis.util.PeerProxyMap.getProxy(PeerProxyMap.java:108)
	at org.apache.ratis.grpc.client.GrpcClientRpc.sendRequestAsync(GrpcClientRpc.java:66)
	at org.apache.ratis.client.impl.OrderedAsync.sendRequest(OrderedAsync.java:208)
	at org.apache.ratis.client.impl.OrderedAsync.sendRequestWithRetry(OrderedAsync.java:169)
	at org.apache.ratis.util.SlidingWindow$Client.sendOrDelayRequest(SlidingWindow.java:278)
	at org.apache.ratis.util.SlidingWindow$Client.retry(SlidingWindow.java:294)
	at org.apache.ratis.client.impl.OrderedAsync.lambda$scheduleWithTimeout$7(OrderedAsync.java:195)
	at org.apache.ratis.util.TimeoutScheduler.lambda$onTimeout$0(TimeoutScheduler.java:113)
	at org.apache.ratis.util.TimeoutScheduler.lambda$onTimeout$1(TimeoutScheduler.java:133)
	at org.apache.ratis.util.LogUtils.runAndLog(LogUtils.java:50)
	at org.apache.ratis.util.LogUtils$1.run(LogUtils.java:91)
	at java.util.concurrent.Executors$RunnableAdapter.call(Executors.java:511)
	at java.util.concurrent.FutureTask.run(FutureTask.java:266)
	at java.util.concurrent.ScheduledThreadPoolExecutor$ScheduledFutureTask.access$201(ScheduledThreadPoolExecutor.java:180)
	at java.util.concurrent.ScheduledThreadPoolExecutor$ScheduledFutureTask.run(ScheduledThreadPoolExecutor.java:293)
	at java.util.concurrent.ThreadPoolExecutor.runWorker(ThreadPoolExecutor.java:1149)
	at java.util.concurrent.ThreadPoolExecutor$Worker.run(ThreadPoolExecutor.java:624)
	at java.lang.Thread.run(Thread.java:748)

Oct 01, 2019 3:13:20 AM org.apache.ratis.thirdparty.io.grpc.internal.ManagedChannelOrphanWrapper$ManagedChannelReference cleanQueue
SEVERE: *~*~*~ Channel ManagedChannelImpl{logId=1035, target=192.168.164.230:41962} was not shutdown properly!!! ~*~*~*
    Make sure to call shutdown()/shutdownNow() and wait until awaitTermination() returns true.
java.lang.RuntimeException: ManagedChannel allocation site
	at org.apache.ratis.thirdparty.io.grpc.internal.ManagedChannelOrphanWrapper$ManagedChannelReference.<init>(ManagedChannelOrphanWrapper.java:103)
	at org.apache.ratis.thirdparty.io.grpc.internal.ManagedChannelOrphanWrapper.<init>(ManagedChannelOrphanWrapper.java:53)
	at org.apache.ratis.thirdparty.io.grpc.internal.ManagedChannelOrphanWrapper.<init>(ManagedChannelOrphanWrapper.java:44)
	at org.apache.ratis.thirdparty.io.grpc.internal.AbstractManagedChannelImplBuilder.build(AbstractManagedChannelImplBuilder.java:411)
	at org.apache.ratis.grpc.client.GrpcClientProtocolClient.<init>(GrpcClientProtocolClient.java:128)
	at org.apache.ratis.grpc.client.GrpcClientRpc.lambda$new$0(GrpcClientRpc.java:55)
	at org.apache.ratis.util.PeerProxyMap$PeerAndProxy.lambda$getProxy$0(PeerProxyMap.java:61)
	at org.apache.ratis.util.LifeCycle.startAndTransition(LifeCycle.java:202)
	at org.apache.ratis.util.PeerProxyMap$PeerAndProxy.getProxy(PeerProxyMap.java:60)
	at org.apache.ratis.util.PeerProxyMap.getProxy(PeerProxyMap.java:108)
	at org.apache.ratis.grpc.client.GrpcClientRpc.sendRequestAsyncUnordered(GrpcClientRpc.java:78)
	at org.apache.ratis.client.impl.UnorderedAsync.sendRequestWithRetry(UnorderedAsync.java:75)
	at org.apache.ratis.client.impl.UnorderedAsync.lambda$null$2(UnorderedAsync.java:120)
	at org.apache.ratis.util.TimeoutScheduler.lambda$onTimeout$0(TimeoutScheduler.java:113)
	at org.apache.ratis.util.TimeoutScheduler.lambda$onTimeout$1(TimeoutScheduler.java:133)
	at org.apache.ratis.util.LogUtils.runAndLog(LogUtils.java:50)
	at org.apache.ratis.util.LogUtils$1.run(LogUtils.java:91)
	at java.util.concurrent.Executors$RunnableAdapter.call(Executors.java:511)
	at java.util.concurrent.FutureTask.run(FutureTask.java:266)
	at java.util.concurrent.ScheduledThreadPoolExecutor$ScheduledFutureTask.access$201(ScheduledThreadPoolExecutor.java:180)
	at java.util.concurrent.ScheduledThreadPoolExecutor$ScheduledFutureTask.run(ScheduledThreadPoolExecutor.java:293)
	at java.util.concurrent.ThreadPoolExecutor.runWorker(ThreadPoolExecutor.java:1149)
	at java.util.concurrent.ThreadPoolExecutor$Worker.run(ThreadPoolExecutor.java:624)
	at java.lang.Thread.run(Thread.java:748)

Oct 01, 2019 3:13:31 AM org.apache.ratis.thirdparty.io.grpc.internal.SerializingExecutor run
SEVERE: Exception while executing runnable org.apache.ratis.thirdparty.io.grpc.internal.ServerImpl$JumpToApplicationThreadServerStreamListener$1Closed@347341f7
org.apache.ratis.thirdparty.io.grpc.StatusRuntimeException: CANCELLED: call already cancelled
	at org.apache.ratis.thirdparty.io.grpc.Status.asRuntimeException(Status.java:517)
	at org.apache.ratis.thirdparty.io.grpc.stub.ServerCalls$ServerCallStreamObserverImpl.onCompleted(ServerCalls.java:356)
	at org.apache.ratis.grpc.server.GrpcServerProtocolService$ServerRequestStreamObserver.onError(GrpcServerProtocolService.java:121)
	at org.apache.ratis.thirdparty.io.grpc.stub.ServerCalls$StreamingServerCallHandler$StreamingServerCallListener.onCancel(ServerCalls.java:269)
	at org.apache.ratis.thirdparty.io.grpc.internal.ServerCallImpl$ServerStreamListenerImpl.closed(ServerCallImpl.java:293)
	at org.apache.ratis.thirdparty.io.grpc.internal.ServerImpl$JumpToApplicationThreadServerStreamListener$1Closed.runInContext(ServerImpl.java:741)
	at org.apache.ratis.thirdparty.io.grpc.internal.ContextRunnable.run(ContextRunnable.java:37)
	at org.apache.ratis.thirdparty.io.grpc.internal.SerializingExecutor.run(SerializingExecutor.java:123)
	at java.util.concurrent.ThreadPoolExecutor.runWorker(ThreadPoolExecutor.java:1149)
	at java.util.concurrent.ThreadPoolExecutor$Worker.run(ThreadPoolExecutor.java:624)
	at java.lang.Thread.run(Thread.java:748)

]]></system-err>
  </testcase>
</testsuite>