<?xml version="1.0" encoding="UTF-8"?>
<testsuite xmlns:xsi="http://www.w3.org/2001/XMLSchema-instance" xsi:noNamespaceSchemaLocation="https://maven.apache.org/surefire/maven-surefire-plugin/xsd/surefire-test-report.xsd" name="org.apache.hadoop.fs.ozone.TestOzoneFileSystem" time="247.951" tests="8" errors="2" skipped="0" failures="0">
  <properties>
    <property name="awt.toolkit" value="sun.awt.X11.XToolkit"/>
    <property name="file.encoding.pkg" value="sun.io"/>
    <property name="java.specification.version" value="1.8"/>
    <property name="sun.cpu.isalist" value=""/>
    <property name="sun.jnu.encoding" value="ANSI_X3.4-1968"/>
    <property name="java.class.path" value="/workdir/hadoop-ozone/ozonefs/target/test-classes:/workdir/hadoop-ozone/ozonefs/target/classes:/home/user/.m2/repository/org/apache/hadoop/hadoop-common/3.2.0/hadoop-common-3.2.0.jar:/home/user/.m2/repository/org/apache/hadoop/hadoop-annotations/3.2.0/hadoop-annotations-3.2.0.jar:/usr/lib/jvm/java-1.8.0-openjdk-1.8.0.222.b10-1.el7_7.x86_64/jre/../lib/tools.jar:/home/user/.m2/repository/com/google/guava/guava/11.0.2/guava-11.0.2.jar:/home/user/.m2/repository/commons-cli/commons-cli/1.2/commons-cli-1.2.jar:/home/user/.m2/repository/org/apache/commons/commons-math3/3.1.1/commons-math3-3.1.1.jar:/home/user/.m2/repository/commons-codec/commons-codec/1.11/commons-codec-1.11.jar:/home/user/.m2/repository/commons-io/commons-io/2.5/commons-io-2.5.jar:/home/user/.m2/repository/commons-net/commons-net/3.6/commons-net-3.6.jar:/home/user/.m2/repository/commons-collections/commons-collections/3.2.2/commons-collections-3.2.2.jar:/home/user/.m2/repository/javax/servlet/javax.servlet-api/3.1.0/javax.servlet-api-3.1.0.jar:/home/user/.m2/repository/org/eclipse/jetty/jetty-server/9.3.25.v20180904/jetty-server-9.3.25.v20180904.jar:/home/user/.m2/repository/org/eclipse/jetty/jetty-http/9.3.25.v20180904/jetty-http-9.3.25.v20180904.jar:/home/user/.m2/repository/org/eclipse/jetty/jetty-io/9.3.25.v20180904/jetty-io-9.3.25.v20180904.jar:/home/user/.m2/repository/org/eclipse/jetty/jetty-util/9.3.25.v20180904/jetty-util-9.3.25.v20180904.jar:/home/user/.m2/repository/org/eclipse/jetty/jetty-servlet/9.3.25.v20180904/jetty-servlet-9.3.25.v20180904.jar:/home/user/.m2/repository/org/eclipse/jetty/jetty-security/9.3.25.v20180904/jetty-security-9.3.25.v20180904.jar:/home/user/.m2/repository/org/eclipse/jetty/jetty-webapp/9.3.25.v20180904/jetty-webapp-9.3.25.v20180904.jar:/home/user/.m2/repository/org/eclipse/jetty/jetty-xml/9.3.25.v20180904/jetty-xml-9.3.25.v20180904.jar:/home/user/.m2/repository/javax/servlet/jsp/jsp-api/2.1/jsp-api-2.1.jar:/home/user/.m2/repository/com/sun/jersey/jersey-core/1.19/jersey-core-1.19.jar:/home/user/.m2/repository/javax/ws/rs/jsr311-api/1.1.1/jsr311-api-1.1.1.jar:/home/user/.m2/repository/com/sun/jersey/jersey-servlet/1.19/jersey-servlet-1.19.jar:/home/user/.m2/repository/com/sun/jersey/jersey-json/1.19/jersey-json-1.19.jar:/home/user/.m2/repository/org/codehaus/jettison/jettison/1.1/jettison-1.1.jar:/home/user/.m2/repository/com/sun/xml/bind/jaxb-impl/2.3.0.1/jaxb-impl-2.3.0.1.jar:/home/user/.m2/repository/org/codehaus/jackson/jackson-core-asl/1.9.13/jackson-core-asl-1.9.13.jar:/home/user/.m2/repository/org/codehaus/jackson/jackson-mapper-asl/1.9.13/jackson-mapper-asl-1.9.13.jar:/home/user/.m2/repository/org/codehaus/jackson/jackson-jaxrs/1.9.13/jackson-jaxrs-1.9.13.jar:/home/user/.m2/repository/org/codehaus/jackson/jackson-xc/1.9.13/jackson-xc-1.9.13.jar:/home/user/.m2/repository/com/sun/jersey/jersey-server/1.19/jersey-server-1.19.jar:/home/user/.m2/repository/commons-logging/commons-logging/1.1.3/commons-logging-1.1.3.jar:/home/user/.m2/repository/log4j/log4j/1.2.17/log4j-1.2.17.jar:/home/user/.m2/repository/commons-beanutils/commons-beanutils/1.9.4/commons-beanutils-1.9.4.jar:/home/user/.m2/repository/org/apache/commons/commons-configuration2/2.1.1/commons-configuration2-2.1.1.jar:/home/user/.m2/repository/org/apache/commons/commons-lang3/3.7/commons-lang3-3.7.jar:/home/user/.m2/repository/org/apache/commons/commons-text/1.4/commons-text-1.4.jar:/home/user/.m2/repository/org/slf4j/slf4j-api/1.7.25/slf4j-api-1.7.25.jar:/home/user/.m2/repository/org/slf4j/slf4j-log4j12/1.7.25/slf4j-log4j12-1.7.25.jar:/home/user/.m2/repository/org/apache/avro/avro/1.7.7/avro-1.7.7.jar:/home/user/.m2/repository/com/thoughtworks/paranamer/paranamer/2.3/paranamer-2.3.jar:/home/user/.m2/repository/org/xerial/snappy/snappy-java/1.0.5/snappy-java-1.0.5.jar:/home/user/.m2/repository/com/google/re2j/re2j/1.1/re2j-1.1.jar:/home/user/.m2/repository/com/google/protobuf/protobuf-java/2.5.0/protobuf-java-2.5.0.jar:/home/user/.m2/repository/com/google/code/gson/gson/2.2.4/gson-2.2.4.jar:/home/user/.m2/repository/org/apache/hadoop/hadoop-auth/3.2.0/hadoop-auth-3.2.0.jar:/home/user/.m2/repository/com/nimbusds/nimbus-jose-jwt/4.41.1/nimbus-jose-jwt-4.41.1.jar:/home/user/.m2/repository/com/github/stephenc/jcip/jcip-annotations/1.0-1/jcip-annotations-1.0-1.jar:/home/user/.m2/repository/net/minidev/json-smart/2.3/json-smart-2.3.jar:/home/user/.m2/repository/net/minidev/accessors-smart/1.2/accessors-smart-1.2.jar:/home/user/.m2/repository/org/apache/curator/curator-framework/2.12.0/curator-framework-2.12.0.jar:/home/user/.m2/repository/com/jcraft/jsch/0.1.54/jsch-0.1.54.jar:/home/user/.m2/repository/org/apache/curator/curator-client/2.12.0/curator-client-2.12.0.jar:/home/user/.m2/repository/org/apache/curator/curator-recipes/2.12.0/curator-recipes-2.12.0.jar:/home/user/.m2/repository/com/google/code/findbugs/jsr305/3.0.0/jsr305-3.0.0.jar:/home/user/.m2/repository/org/apache/htrace/htrace-core4/4.1.0-incubating/htrace-core4-4.1.0-incubating.jar:/home/user/.m2/repository/org/apache/zookeeper/zookeeper/3.4.13/zookeeper-3.4.13.jar:/home/user/.m2/repository/jline/jline/0.9.94/jline-0.9.94.jar:/home/user/.m2/repository/org/apache/yetus/audience-annotations/0.5.0/audience-annotations-0.5.0.jar:/home/user/.m2/repository/org/apache/commons/commons-compress/1.4.1/commons-compress-1.4.1.jar:/home/user/.m2/repository/org/tukaani/xz/1.0/xz-1.0.jar:/home/user/.m2/repository/org/apache/kerby/kerb-simplekdc/1.0.1/kerb-simplekdc-1.0.1.jar:/home/user/.m2/repository/org/apache/kerby/kerb-client/1.0.1/kerb-client-1.0.1.jar:/home/user/.m2/repository/org/apache/kerby/kerby-config/1.0.1/kerby-config-1.0.1.jar:/home/user/.m2/repository/org/apache/kerby/kerb-core/1.0.1/kerb-core-1.0.1.jar:/home/user/.m2/repository/org/apache/kerby/kerby-pkix/1.0.1/kerby-pkix-1.0.1.jar:/home/user/.m2/repository/org/apache/kerby/kerby-asn1/1.0.1/kerby-asn1-1.0.1.jar:/home/user/.m2/repository/org/apache/kerby/kerby-util/1.0.1/kerby-util-1.0.1.jar:/home/user/.m2/repository/org/apache/kerby/kerb-common/1.0.1/kerb-common-1.0.1.jar:/home/user/.m2/repository/org/apache/kerby/kerb-crypto/1.0.1/kerb-crypto-1.0.1.jar:/home/user/.m2/repository/org/apache/kerby/kerb-util/1.0.1/kerb-util-1.0.1.jar:/home/user/.m2/repository/org/apache/kerby/token-provider/1.0.1/token-provider-1.0.1.jar:/home/user/.m2/repository/org/apache/kerby/kerb-admin/1.0.1/kerb-admin-1.0.1.jar:/home/user/.m2/repository/org/apache/kerby/kerb-server/1.0.1/kerb-server-1.0.1.jar:/home/user/.m2/repository/org/apache/kerby/kerb-identity/1.0.1/kerb-identity-1.0.1.jar:/home/user/.m2/repository/org/apache/kerby/kerby-xdr/1.0.1/kerby-xdr-1.0.1.jar:/home/user/.m2/repository/com/fasterxml/jackson/core/jackson-databind/2.9.9/jackson-databind-2.9.9.jar:/home/user/.m2/repository/com/fasterxml/jackson/core/jackson-annotations/2.9.9/jackson-annotations-2.9.9.jar:/home/user/.m2/repository/com/fasterxml/jackson/core/jackson-core/2.9.9/jackson-core-2.9.9.jar:/home/user/.m2/repository/org/codehaus/woodstox/stax2-api/3.1.4/stax2-api-3.1.4.jar:/home/user/.m2/repository/com/fasterxml/woodstox/woodstox-core/5.0.3/woodstox-core-5.0.3.jar:/home/user/.m2/repository/dnsjava/dnsjava/2.1.7/dnsjava-2.1.7.jar:/home/user/.m2/repository/org/apache/hadoop/hadoop-hdfs/3.2.0/hadoop-hdfs-3.2.0.jar:/home/user/.m2/repository/org/eclipse/jetty/jetty-util-ajax/9.3.25.v20180904/jetty-util-ajax-9.3.25.v20180904.jar:/home/user/.m2/repository/commons-daemon/commons-daemon/1.0.13/commons-daemon-1.0.13.jar:/home/user/.m2/repository/io/netty/netty/3.10.5.Final/netty-3.10.5.Final.jar:/home/user/.m2/repository/io/netty/netty-all/4.0.52.Final/netty-all-4.0.52.Final.jar:/home/user/.m2/repository/org/fusesource/leveldbjni/leveldbjni-all/1.8/leveldbjni-all-1.8.jar:/home/user/.m2/repository/org/apache/hadoop/hadoop-hdds-common/0.5.0-SNAPSHOT/hadoop-hdds-common-0.5.0-SNAPSHOT.jar:/home/user/.m2/repository/org/apache/hadoop/hadoop-hdds-config/0.5.0-SNAPSHOT/hadoop-hdds-config-0.5.0-SNAPSHOT.jar:/home/user/.m2/repository/javax/annotation/javax.annotation-api/1.2/javax.annotation-api-1.2.jar:/home/user/.m2/repository/org/apache/ratis/ratis-server/0.5.0-201fc85-SNAPSHOT/ratis-server-0.5.0-201fc85-SNAPSHOT.jar:/home/user/.m2/repository/org/apache/ratis/ratis-thirdparty-misc/0.2.0/ratis-thirdparty-misc-0.2.0.jar:/home/user/.m2/repository/org/apache/ratis/ratis-proto/0.5.0-201fc85-SNAPSHOT/ratis-proto-0.5.0-201fc85-SNAPSHOT.jar:/home/user/.m2/repository/org/apache/ratis/ratis-common/0.5.0-201fc85-SNAPSHOT/ratis-common-0.5.0-201fc85-SNAPSHOT.jar:/home/user/.m2/repository/org/apache/ratis/ratis-client/0.5.0-201fc85-SNAPSHOT/ratis-client-0.5.0-201fc85-SNAPSHOT.jar:/home/user/.m2/repository/org/apache/ratis/ratis-metrics/0.5.0-201fc85-SNAPSHOT/ratis-metrics-0.5.0-201fc85-SNAPSHOT.jar:/home/user/.m2/repository/com/github/joshelser/dropwizard-metrics-hadoop-metrics2-reporter/0.1.2/dropwizard-metrics-hadoop-metrics2-reporter-0.1.2.jar:/home/user/.m2/repository/io/dropwizard/metrics/metrics-jvm/3.2.5/metrics-jvm-3.2.5.jar:/home/user/.m2/repository/io/dropwizard/metrics/metrics-ganglia/3.2.5/metrics-ganglia-3.2.5.jar:/home/user/.m2/repository/info/ganglia/gmetric4j/gmetric4j/1.0.7/gmetric4j-1.0.7.jar:/home/user/.m2/repository/org/apache/ratis/ratis-netty/0.5.0-201fc85-SNAPSHOT/ratis-netty-0.5.0-201fc85-SNAPSHOT.jar:/home/user/.m2/repository/org/apache/ratis/ratis-grpc/0.5.0-201fc85-SNAPSHOT/ratis-grpc-0.5.0-201fc85-SNAPSHOT.jar:/home/user/.m2/repository/org/rocksdb/rocksdbjni/6.0.1/rocksdbjni-6.0.1.jar:/home/user/.m2/repository/org/apache/logging/log4j/log4j-api/2.11.0/log4j-api-2.11.0.jar:/home/user/.m2/repository/org/apache/logging/log4j/log4j-core/2.11.0/log4j-core-2.11.0.jar:/home/user/.m2/repository/com/lmax/disruptor/3.4.2/disruptor-3.4.2.jar:/home/user/.m2/repository/org/apache/commons/commons-pool2/2.6.0/commons-pool2-2.6.0.jar:/home/user/.m2/repository/org/bouncycastle/bcpkix-jdk15on/1.60/bcpkix-jdk15on-1.60.jar:/home/user/.m2/repository/commons-validator/commons-validator/1.6/commons-validator-1.6.jar:/home/user/.m2/repository/commons-digester/commons-digester/1.8.1/commons-digester-1.8.1.jar:/home/user/.m2/repository/io/jaegertracing/jaeger-client/0.34.0/jaeger-client-0.34.0.jar:/home/user/.m2/repository/io/jaegertracing/jaeger-thrift/0.34.0/jaeger-thrift-0.34.0.jar:/home/user/.m2/repository/org/apache/thrift/libthrift/0.12.0/libthrift-0.12.0.jar:/home/user/.m2/repository/com/squareup/okhttp3/okhttp/3.9.0/okhttp-3.9.0.jar:/home/user/.m2/repository/com/squareup/okio/okio/1.13.0/okio-1.13.0.jar:/home/user/.m2/repository/io/jaegertracing/jaeger-core/0.34.0/jaeger-core-0.34.0.jar:/home/user/.m2/repository/io/jaegertracing/jaeger-tracerresolver/0.34.0/jaeger-tracerresolver-0.34.0.jar:/home/user/.m2/repository/io/opentracing/contrib/opentracing-tracerresolver/0.1.5/opentracing-tracerresolver-0.1.5.jar:/home/user/.m2/repository/io/opentracing/opentracing-util/0.31.0/opentracing-util-0.31.0.jar:/home/user/.m2/repository/io/opentracing/opentracing-api/0.31.0/opentracing-api-0.31.0.jar:/home/user/.m2/repository/io/opentracing/opentracing-noop/0.31.0/opentracing-noop-0.31.0.jar:/home/user/.m2/repository/org/yaml/snakeyaml/1.16/snakeyaml-1.16.jar:/home/user/.m2/repository/org/apache/hadoop/hadoop-hdfs-client/3.2.0/hadoop-hdfs-client-3.2.0.jar:/home/user/.m2/repository/info/picocli/picocli/3.9.6/picocli-3.9.6.jar:/home/user/.m2/repository/org/apache/hadoop/hadoop-hdds-server-scm/0.5.0-SNAPSHOT/hadoop-hdds-server-scm-0.5.0-SNAPSHOT.jar:/home/user/.m2/repository/org/apache/hadoop/hadoop-hdds-docs/0.5.0-SNAPSHOT/hadoop-hdds-docs-0.5.0-SNAPSHOT.jar:/home/user/.m2/repository/io/dropwizard/metrics/metrics-core/3.2.4/metrics-core-3.2.4.jar:/home/user/.m2/repository/org/hamcrest/hamcrest-all/1.3/hamcrest-all-1.3.jar:/home/user/.m2/repository/org/bouncycastle/bcprov-jdk15on/1.60/bcprov-jdk15on-1.60.jar:/home/user/.m2/repository/org/apache/hadoop/hadoop-hdds-server-framework/0.5.0-SNAPSHOT/hadoop-hdds-server-framework-0.5.0-SNAPSHOT.jar:/home/user/.m2/repository/org/apache/hadoop/hadoop-ozone-ozone-manager/0.5.0-SNAPSHOT/hadoop-ozone-ozone-manager-0.5.0-SNAPSHOT.jar:/home/user/.m2/repository/org/apache/hadoop/hadoop-hdds-container-service/0.5.0-SNAPSHOT/hadoop-hdds-container-service-0.5.0-SNAPSHOT.jar:/home/user/.m2/repository/org/apache/hadoop/hadoop-hdds-client/0.5.0-SNAPSHOT/hadoop-hdds-client-0.5.0-SNAPSHOT.jar:/home/user/.m2/repository/org/apache/hadoop/hadoop-ozone-common/0.5.0-SNAPSHOT/hadoop-ozone-common-0.5.0-SNAPSHOT.jar:/home/user/.m2/repository/org/apache/hadoop/hadoop-hdds-tools/0.5.0-SNAPSHOT/hadoop-hdds-tools-0.5.0-SNAPSHOT.jar:/home/user/.m2/repository/org/xerial/sqlite-jdbc/3.25.2/sqlite-jdbc-3.25.2.jar:/home/user/.m2/repository/org/apache/httpcomponents/httpclient/4.5.2/httpclient-4.5.2.jar:/home/user/.m2/repository/org/apache/httpcomponents/httpcore/4.4.4/httpcore-4.4.4.jar:/home/user/.m2/repository/com/github/spotbugs/spotbugs/3.1.12/spotbugs-3.1.12.jar:/home/user/.m2/repository/org/ow2/asm/asm/5.0.4/asm-5.0.4.jar:/home/user/.m2/repository/org/ow2/asm/asm-analysis/7.0/asm-analysis-7.0.jar:/home/user/.m2/repository/org/ow2/asm/asm-commons/7.0/asm-commons-7.0.jar:/home/user/.m2/repository/org/ow2/asm/asm-tree/7.0/asm-tree-7.0.jar:/home/user/.m2/repository/org/ow2/asm/asm-util/7.0/asm-util-7.0.jar:/home/user/.m2/repository/org/apache/bcel/bcel/6.3/bcel-6.3.jar:/home/user/.m2/repository/net/jcip/jcip-annotations/1.0/jcip-annotations-1.0.jar:/home/user/.m2/repository/org/dom4j/dom4j/2.1.1/dom4j-2.1.1.jar:/home/user/.m2/repository/jaxen/jaxen/1.1.6/jaxen-1.1.6.jar:/home/user/.m2/repository/commons-lang/commons-lang/2.6/commons-lang-2.6.jar:/home/user/.m2/repository/com/github/spotbugs/spotbugs-annotations/3.1.12/spotbugs-annotations-3.1.12.jar:/home/user/.m2/repository/org/apache/hadoop/hadoop-common/3.2.0/hadoop-common-3.2.0-tests.jar:/home/user/.m2/repository/org/apache/hadoop/hadoop-ozone-client/0.5.0-SNAPSHOT/hadoop-ozone-client-0.5.0-SNAPSHOT.jar:/home/user/.m2/repository/org/apache/hadoop/hadoop-hdfs/3.2.0/hadoop-hdfs-3.2.0-tests.jar:/workdir/hadoop-ozone/integration-test/target/test-classes:/home/user/.m2/repository/org/apache/hadoop/hadoop-ozone-s3gateway/0.5.0-SNAPSHOT/hadoop-ozone-s3gateway-0.5.0-SNAPSHOT.jar:/home/user/.m2/repository/org/jboss/weld/servlet/weld-servlet/2.4.7.Final/weld-servlet-2.4.7.Final.jar:/home/user/.m2/repository/org/glassfish/jersey/containers/jersey-container-servlet-core/2.27/jersey-container-servlet-core-2.27.jar:/home/user/.m2/repository/org/glassfish/hk2/external/javax.inject/2.5.0-b42/javax.inject-2.5.0-b42.jar:/home/user/.m2/repository/org/glassfish/jersey/core/jersey-common/2.27/jersey-common-2.27.jar:/home/user/.m2/repository/org/glassfish/hk2/osgi-resource-locator/1.0.1/osgi-resource-locator-1.0.1.jar:/home/user/.m2/repository/javax/ws/rs/javax.ws.rs-api/2.1/javax.ws.rs-api-2.1.jar:/home/user/.m2/repository/org/glassfish/jersey/ext/cdi/jersey-cdi1x/2.27/jersey-cdi1x-2.27.jar:/home/user/.m2/repository/org/glassfish/jersey/inject/jersey-hk2/2.27/jersey-hk2-2.27.jar:/home/user/.m2/repository/org/glassfish/hk2/hk2-locator/2.5.0-b42/hk2-locator-2.5.0-b42.jar:/home/user/.m2/repository/org/javassist/javassist/3.22.0-CR2/javassist-3.22.0-CR2.jar:/home/user/.m2/repository/org/glassfish/hk2/hk2-api/2.5.0/hk2-api-2.5.0.jar:/home/user/.m2/repository/org/glassfish/hk2/external/jakarta.inject/2.5.0/jakarta.inject-2.5.0.jar:/home/user/.m2/repository/org/glassfish/hk2/hk2-utils/2.5.0/hk2-utils-2.5.0.jar:/home/user/.m2/repository/jakarta/annotation/jakarta.annotation-api/1.3.4/jakarta.annotation-api-1.3.4.jar:/home/user/.m2/repository/org/glassfish/hk2/external/aopalliance-repackaged/2.5.0/aopalliance-repackaged-2.5.0.jar:/home/user/.m2/repository/com/fasterxml/jackson/dataformat/jackson-dataformat-xml/2.9.0/jackson-dataformat-xml-2.9.0.jar:/home/user/.m2/repository/com/fasterxml/jackson/module/jackson-module-jaxb-annotations/2.9.9/jackson-module-jaxb-annotations-2.9.9.jar:/home/user/.m2/repository/javax/enterprise/cdi-api/1.2/cdi-api-1.2.jar:/home/user/.m2/repository/javax/el/javax.el-api/3.0.0/javax.el-api-3.0.0.jar:/home/user/.m2/repository/javax/interceptor/javax.interceptor-api/1.2/javax.interceptor-api-1.2.jar:/home/user/.m2/repository/javax/inject/javax.inject/1/javax.inject-1.jar:/home/user/.m2/repository/com/sun/xml/bind/jaxb-core/2.3.0.1/jaxb-core-2.3.0.1.jar:/home/user/.m2/repository/javax/xml/bind/jaxb-api/2.3.0/jaxb-api-2.3.0.jar:/home/user/.m2/repository/javax/activation/activation/1.1.1/activation-1.1.1.jar:/home/user/.m2/repository/org/apache/hadoop/hadoop-ozone-csi/0.5.0-SNAPSHOT/hadoop-ozone-csi-0.5.0-SNAPSHOT.jar:/home/user/.m2/repository/com/google/protobuf/protobuf-java-util/3.5.1/protobuf-java-util-3.5.1.jar:/home/user/.m2/repository/io/grpc/grpc-netty/1.17.1/grpc-netty-1.17.1.jar:/home/user/.m2/repository/io/grpc/grpc-core/1.17.1/grpc-core-1.17.1.jar:/home/user/.m2/repository/io/grpc/grpc-context/1.17.1/grpc-context-1.17.1.jar:/home/user/.m2/repository/com/google/errorprone/error_prone_annotations/2.2.0/error_prone_annotations-2.2.0.jar:/home/user/.m2/repository/org/codehaus/mojo/animal-sniffer-annotations/1.17/animal-sniffer-annotations-1.17.jar:/home/user/.m2/repository/io/opencensus/opencensus-api/0.17.0/opencensus-api-0.17.0.jar:/home/user/.m2/repository/io/opencensus/opencensus-contrib-grpc-metrics/0.17.0/opencensus-contrib-grpc-metrics-0.17.0.jar:/home/user/.m2/repository/io/netty/netty-codec-http2/4.1.30.Final/netty-codec-http2-4.1.30.Final.jar:/home/user/.m2/repository/io/netty/netty-codec-http/4.1.30.Final/netty-codec-http-4.1.30.Final.jar:/home/user/.m2/repository/io/netty/netty-codec/4.1.30.Final/netty-codec-4.1.30.Final.jar:/home/user/.m2/repository/io/netty/netty-handler/4.1.30.Final/netty-handler-4.1.30.Final.jar:/home/user/.m2/repository/io/netty/netty-handler-proxy/4.1.30.Final/netty-handler-proxy-4.1.30.Final.jar:/home/user/.m2/repository/io/netty/netty-codec-socks/4.1.30.Final/netty-codec-socks-4.1.30.Final.jar:/home/user/.m2/repository/io/netty/netty-transport-native-epoll/4.1.30.Final/netty-transport-native-epoll-4.1.30.Final.jar:/home/user/.m2/repository/io/netty/netty-common/4.1.30.Final/netty-common-4.1.30.Final.jar:/home/user/.m2/repository/io/netty/netty-buffer/4.1.30.Final/netty-buffer-4.1.30.Final.jar:/home/user/.m2/repository/io/netty/netty-transport/4.1.30.Final/netty-transport-4.1.30.Final.jar:/home/user/.m2/repository/io/netty/netty-resolver/4.1.30.Final/netty-resolver-4.1.30.Final.jar:/home/user/.m2/repository/io/netty/netty-transport-native-unix-common/4.1.30.Final/netty-transport-native-unix-common-4.1.30.Final.jar:/home/user/.m2/repository/io/grpc/grpc-protobuf/1.17.1/grpc-protobuf-1.17.1.jar:/home/user/.m2/repository/com/google/api/grpc/proto-google-common-protos/1.0.0/proto-google-common-protos-1.0.0.jar:/home/user/.m2/repository/io/grpc/grpc-protobuf-lite/1.17.1/grpc-protobuf-lite-1.17.1.jar:/home/user/.m2/repository/io/grpc/grpc-stub/1.17.1/grpc-stub-1.17.1.jar:/home/user/.m2/repository/org/apache/hadoop/hadoop-ozone-recon/0.5.0-SNAPSHOT/hadoop-ozone-recon-0.5.0-SNAPSHOT.jar:/home/user/.m2/repository/org/apache/hadoop/hadoop-ozone-reconcodegen/0.5.0-SNAPSHOT/hadoop-ozone-reconcodegen-0.5.0-SNAPSHOT.jar:/home/user/.m2/repository/com/google/inject/extensions/guice-multibindings/4.0/guice-multibindings-4.0.jar:/home/user/.m2/repository/com/google/inject/guice/4.0/guice-4.0.jar:/home/user/.m2/repository/aopalliance/aopalliance/1.0/aopalliance-1.0.jar:/home/user/.m2/repository/org/glassfish/jersey/containers/jersey-container-servlet/2.27/jersey-container-servlet-2.27.jar:/home/user/.m2/repository/org/glassfish/hk2/guice-bridge/2.5.0/guice-bridge-2.5.0.jar:/home/user/.m2/repository/org/glassfish/jersey/core/jersey-server/2.27/jersey-server-2.27.jar:/home/user/.m2/repository/org/glassfish/jersey/core/jersey-client/2.27/jersey-client-2.27.jar:/home/user/.m2/repository/org/glassfish/jersey/media/jersey-media-jaxb/2.27/jersey-media-jaxb-2.27.jar:/home/user/.m2/repository/javax/validation/validation-api/1.1.0.Final/validation-api-1.1.0.Final.jar:/home/user/.m2/repository/org/glassfish/jersey/media/jersey-media-json-jackson/2.27/jersey-media-json-jackson-2.27.jar:/home/user/.m2/repository/org/glassfish/jersey/ext/jersey-entity-filtering/2.27/jersey-entity-filtering-2.27.jar:/home/user/.m2/repository/com/google/inject/extensions/guice-assistedinject/4.0/guice-assistedinject-4.0.jar:/home/user/.m2/repository/org/jooq/jooq/3.11.10/jooq-3.11.10.jar:/home/user/.m2/repository/org/jooq/jooq-meta/3.11.10/jooq-meta-3.11.10.jar:/home/user/.m2/repository/org/jooq/jooq-codegen/3.11.10/jooq-codegen-3.11.10.jar:/home/user/.m2/repository/com/jolbox/bonecp/0.8.0.RELEASE/bonecp-0.8.0.RELEASE.jar:/home/user/.m2/repository/org/springframework/spring-jdbc/5.1.3.RELEASE/spring-jdbc-5.1.3.RELEASE.jar:/home/user/.m2/repository/org/springframework/spring-beans/5.1.3.RELEASE/spring-beans-5.1.3.RELEASE.jar:/home/user/.m2/repository/org/springframework/spring-core/5.1.3.RELEASE/spring-core-5.1.3.RELEASE.jar:/home/user/.m2/repository/org/springframework/spring-jcl/5.1.3.RELEASE/spring-jcl-5.1.3.RELEASE.jar:/home/user/.m2/repository/org/springframework/spring-tx/5.1.3.RELEASE/spring-tx-5.1.3.RELEASE.jar:/home/user/.m2/repository/org/mockito/mockito-all/1.10.19/mockito-all-1.10.19.jar:/home/user/.m2/repository/junit/junit/4.11/junit-4.11.jar:/home/user/.m2/repository/org/hamcrest/hamcrest-core/1.3/hamcrest-core-1.3.jar:/home/user/.m2/repository/org/apache/hadoop/hadoop-distcp/3.2.0/hadoop-distcp-3.2.0.jar:/home/user/.m2/repository/org/apache/hadoop/hadoop-distcp/3.2.0/hadoop-distcp-3.2.0-tests.jar:/home/user/.m2/repository/org/apache/hadoop/hadoop-mapreduce-client-jobclient/3.2.0/hadoop-mapreduce-client-jobclient-3.2.0.jar:/home/user/.m2/repository/org/apache/hadoop/hadoop-mapreduce-client-common/3.2.0/hadoop-mapreduce-client-common-3.2.0.jar:/home/user/.m2/repository/org/apache/hadoop/hadoop-yarn-common/3.2.0/hadoop-yarn-common-3.2.0.jar:/home/user/.m2/repository/org/apache/hadoop/hadoop-yarn-api/3.2.0/hadoop-yarn-api-3.2.0.jar:/home/user/.m2/repository/com/sun/jersey/jersey-client/1.19/jersey-client-1.19.jar:/home/user/.m2/repository/com/sun/jersey/contribs/jersey-guice/1.19/jersey-guice-1.19.jar:/home/user/.m2/repository/com/fasterxml/jackson/jaxrs/jackson-jaxrs-json-provider/2.9.9/jackson-jaxrs-json-provider-2.9.9.jar:/home/user/.m2/repository/com/fasterxml/jackson/jaxrs/jackson-jaxrs-base/2.9.9/jackson-jaxrs-base-2.9.9.jar:/home/user/.m2/repository/org/apache/hadoop/hadoop-yarn-client/3.2.0/hadoop-yarn-client-3.2.0.jar:/home/user/.m2/repository/org/apache/hadoop/hadoop-mapreduce-client-core/3.2.0/hadoop-mapreduce-client-core-3.2.0.jar:/home/user/.m2/repository/com/google/inject/extensions/guice-servlet/4.0/guice-servlet-4.0.jar:/home/user/.m2/repository/org/powermock/powermock-module-junit4/1.6.5/powermock-module-junit4-1.6.5.jar:/home/user/.m2/repository/org/powermock/powermock-module-junit4-common/1.6.5/powermock-module-junit4-common-1.6.5.jar:/home/user/.m2/repository/org/powermock/powermock-core/1.6.5/powermock-core-1.6.5.jar:/home/user/.m2/repository/org/powermock/powermock-reflect/1.6.5/powermock-reflect-1.6.5.jar:/home/user/.m2/repository/org/powermock/powermock-api-mockito/1.6.5/powermock-api-mockito-1.6.5.jar:/home/user/.m2/repository/org/mockito/mockito-core/1.10.19/mockito-core-1.10.19.jar:/home/user/.m2/repository/org/objenesis/objenesis/1.0/objenesis-1.0.jar:/home/user/.m2/repository/org/powermock/powermock-api-mockito-common/1.6.5/powermock-api-mockito-common-1.6.5.jar:/home/user/.m2/repository/org/powermock/powermock-api-support/1.6.5/powermock-api-support-1.6.5.jar:"/>
    <property name="java.vm.vendor" value="Oracle Corporation"/>
    <property name="sun.arch.data.model" value="64"/>
    <property name="test.build.dir" value="/workdir/hadoop-ozone/ozonefs/target/test-dir"/>
    <property name="test.cache.data" value=""/>
    <property name="java.vendor.url" value="http://java.oracle.com/"/>
    <property name="user.timezone" value=""/>
    <property name="java.vm.specification.version" value="1.8"/>
    <property name="os.name" value="Linux"/>
    <property name="test.build.data" value="/workdir/hadoop-ozone/ozonefs/target/test-dir"/>
    <property name="user.country" value="US"/>
    <property name="sun.java.launcher" value="SUN_STANDARD"/>
    <property name="sun.boot.library.path" value="/usr/lib/jvm/java-1.8.0-openjdk-1.8.0.222.b10-1.el7_7.x86_64/jre/lib/amd64"/>
    <property name="sun.java.command" value="/workdir/hadoop-ozone/ozonefs/target/surefire/surefirebooter7821097945426175009.jar /workdir/hadoop-ozone/ozonefs/target/surefire 2019-10-18T10-15-16_023-jvmRun1 surefire8442728383010317573tmp surefire_981357846121318778088tmp"/>
    <property name="surefire.test.class.path" value="/workdir/hadoop-ozone/ozonefs/target/test-classes:/workdir/hadoop-ozone/ozonefs/target/classes:/home/user/.m2/repository/org/apache/hadoop/hadoop-common/3.2.0/hadoop-common-3.2.0.jar:/home/user/.m2/repository/org/apache/hadoop/hadoop-annotations/3.2.0/hadoop-annotations-3.2.0.jar:/usr/lib/jvm/java-1.8.0-openjdk-1.8.0.222.b10-1.el7_7.x86_64/jre/../lib/tools.jar:/home/user/.m2/repository/com/google/guava/guava/11.0.2/guava-11.0.2.jar:/home/user/.m2/repository/commons-cli/commons-cli/1.2/commons-cli-1.2.jar:/home/user/.m2/repository/org/apache/commons/commons-math3/3.1.1/commons-math3-3.1.1.jar:/home/user/.m2/repository/commons-codec/commons-codec/1.11/commons-codec-1.11.jar:/home/user/.m2/repository/commons-io/commons-io/2.5/commons-io-2.5.jar:/home/user/.m2/repository/commons-net/commons-net/3.6/commons-net-3.6.jar:/home/user/.m2/repository/commons-collections/commons-collections/3.2.2/commons-collections-3.2.2.jar:/home/user/.m2/repository/javax/servlet/javax.servlet-api/3.1.0/javax.servlet-api-3.1.0.jar:/home/user/.m2/repository/org/eclipse/jetty/jetty-server/9.3.25.v20180904/jetty-server-9.3.25.v20180904.jar:/home/user/.m2/repository/org/eclipse/jetty/jetty-http/9.3.25.v20180904/jetty-http-9.3.25.v20180904.jar:/home/user/.m2/repository/org/eclipse/jetty/jetty-io/9.3.25.v20180904/jetty-io-9.3.25.v20180904.jar:/home/user/.m2/repository/org/eclipse/jetty/jetty-util/9.3.25.v20180904/jetty-util-9.3.25.v20180904.jar:/home/user/.m2/repository/org/eclipse/jetty/jetty-servlet/9.3.25.v20180904/jetty-servlet-9.3.25.v20180904.jar:/home/user/.m2/repository/org/eclipse/jetty/jetty-security/9.3.25.v20180904/jetty-security-9.3.25.v20180904.jar:/home/user/.m2/repository/org/eclipse/jetty/jetty-webapp/9.3.25.v20180904/jetty-webapp-9.3.25.v20180904.jar:/home/user/.m2/repository/org/eclipse/jetty/jetty-xml/9.3.25.v20180904/jetty-xml-9.3.25.v20180904.jar:/home/user/.m2/repository/javax/servlet/jsp/jsp-api/2.1/jsp-api-2.1.jar:/home/user/.m2/repository/com/sun/jersey/jersey-core/1.19/jersey-core-1.19.jar:/home/user/.m2/repository/javax/ws/rs/jsr311-api/1.1.1/jsr311-api-1.1.1.jar:/home/user/.m2/repository/com/sun/jersey/jersey-servlet/1.19/jersey-servlet-1.19.jar:/home/user/.m2/repository/com/sun/jersey/jersey-json/1.19/jersey-json-1.19.jar:/home/user/.m2/repository/org/codehaus/jettison/jettison/1.1/jettison-1.1.jar:/home/user/.m2/repository/com/sun/xml/bind/jaxb-impl/2.3.0.1/jaxb-impl-2.3.0.1.jar:/home/user/.m2/repository/org/codehaus/jackson/jackson-core-asl/1.9.13/jackson-core-asl-1.9.13.jar:/home/user/.m2/repository/org/codehaus/jackson/jackson-mapper-asl/1.9.13/jackson-mapper-asl-1.9.13.jar:/home/user/.m2/repository/org/codehaus/jackson/jackson-jaxrs/1.9.13/jackson-jaxrs-1.9.13.jar:/home/user/.m2/repository/org/codehaus/jackson/jackson-xc/1.9.13/jackson-xc-1.9.13.jar:/home/user/.m2/repository/com/sun/jersey/jersey-server/1.19/jersey-server-1.19.jar:/home/user/.m2/repository/commons-logging/commons-logging/1.1.3/commons-logging-1.1.3.jar:/home/user/.m2/repository/log4j/log4j/1.2.17/log4j-1.2.17.jar:/home/user/.m2/repository/commons-beanutils/commons-beanutils/1.9.4/commons-beanutils-1.9.4.jar:/home/user/.m2/repository/org/apache/commons/commons-configuration2/2.1.1/commons-configuration2-2.1.1.jar:/home/user/.m2/repository/org/apache/commons/commons-lang3/3.7/commons-lang3-3.7.jar:/home/user/.m2/repository/org/apache/commons/commons-text/1.4/commons-text-1.4.jar:/home/user/.m2/repository/org/slf4j/slf4j-api/1.7.25/slf4j-api-1.7.25.jar:/home/user/.m2/repository/org/slf4j/slf4j-log4j12/1.7.25/slf4j-log4j12-1.7.25.jar:/home/user/.m2/repository/org/apache/avro/avro/1.7.7/avro-1.7.7.jar:/home/user/.m2/repository/com/thoughtworks/paranamer/paranamer/2.3/paranamer-2.3.jar:/home/user/.m2/repository/org/xerial/snappy/snappy-java/1.0.5/snappy-java-1.0.5.jar:/home/user/.m2/repository/com/google/re2j/re2j/1.1/re2j-1.1.jar:/home/user/.m2/repository/com/google/protobuf/protobuf-java/2.5.0/protobuf-java-2.5.0.jar:/home/user/.m2/repository/com/google/code/gson/gson/2.2.4/gson-2.2.4.jar:/home/user/.m2/repository/org/apache/hadoop/hadoop-auth/3.2.0/hadoop-auth-3.2.0.jar:/home/user/.m2/repository/com/nimbusds/nimbus-jose-jwt/4.41.1/nimbus-jose-jwt-4.41.1.jar:/home/user/.m2/repository/com/github/stephenc/jcip/jcip-annotations/1.0-1/jcip-annotations-1.0-1.jar:/home/user/.m2/repository/net/minidev/json-smart/2.3/json-smart-2.3.jar:/home/user/.m2/repository/net/minidev/accessors-smart/1.2/accessors-smart-1.2.jar:/home/user/.m2/repository/org/apache/curator/curator-framework/2.12.0/curator-framework-2.12.0.jar:/home/user/.m2/repository/com/jcraft/jsch/0.1.54/jsch-0.1.54.jar:/home/user/.m2/repository/org/apache/curator/curator-client/2.12.0/curator-client-2.12.0.jar:/home/user/.m2/repository/org/apache/curator/curator-recipes/2.12.0/curator-recipes-2.12.0.jar:/home/user/.m2/repository/com/google/code/findbugs/jsr305/3.0.0/jsr305-3.0.0.jar:/home/user/.m2/repository/org/apache/htrace/htrace-core4/4.1.0-incubating/htrace-core4-4.1.0-incubating.jar:/home/user/.m2/repository/org/apache/zookeeper/zookeeper/3.4.13/zookeeper-3.4.13.jar:/home/user/.m2/repository/jline/jline/0.9.94/jline-0.9.94.jar:/home/user/.m2/repository/org/apache/yetus/audience-annotations/0.5.0/audience-annotations-0.5.0.jar:/home/user/.m2/repository/org/apache/commons/commons-compress/1.4.1/commons-compress-1.4.1.jar:/home/user/.m2/repository/org/tukaani/xz/1.0/xz-1.0.jar:/home/user/.m2/repository/org/apache/kerby/kerb-simplekdc/1.0.1/kerb-simplekdc-1.0.1.jar:/home/user/.m2/repository/org/apache/kerby/kerb-client/1.0.1/kerb-client-1.0.1.jar:/home/user/.m2/repository/org/apache/kerby/kerby-config/1.0.1/kerby-config-1.0.1.jar:/home/user/.m2/repository/org/apache/kerby/kerb-core/1.0.1/kerb-core-1.0.1.jar:/home/user/.m2/repository/org/apache/kerby/kerby-pkix/1.0.1/kerby-pkix-1.0.1.jar:/home/user/.m2/repository/org/apache/kerby/kerby-asn1/1.0.1/kerby-asn1-1.0.1.jar:/home/user/.m2/repository/org/apache/kerby/kerby-util/1.0.1/kerby-util-1.0.1.jar:/home/user/.m2/repository/org/apache/kerby/kerb-common/1.0.1/kerb-common-1.0.1.jar:/home/user/.m2/repository/org/apache/kerby/kerb-crypto/1.0.1/kerb-crypto-1.0.1.jar:/home/user/.m2/repository/org/apache/kerby/kerb-util/1.0.1/kerb-util-1.0.1.jar:/home/user/.m2/repository/org/apache/kerby/token-provider/1.0.1/token-provider-1.0.1.jar:/home/user/.m2/repository/org/apache/kerby/kerb-admin/1.0.1/kerb-admin-1.0.1.jar:/home/user/.m2/repository/org/apache/kerby/kerb-server/1.0.1/kerb-server-1.0.1.jar:/home/user/.m2/repository/org/apache/kerby/kerb-identity/1.0.1/kerb-identity-1.0.1.jar:/home/user/.m2/repository/org/apache/kerby/kerby-xdr/1.0.1/kerby-xdr-1.0.1.jar:/home/user/.m2/repository/com/fasterxml/jackson/core/jackson-databind/2.9.9/jackson-databind-2.9.9.jar:/home/user/.m2/repository/com/fasterxml/jackson/core/jackson-annotations/2.9.9/jackson-annotations-2.9.9.jar:/home/user/.m2/repository/com/fasterxml/jackson/core/jackson-core/2.9.9/jackson-core-2.9.9.jar:/home/user/.m2/repository/org/codehaus/woodstox/stax2-api/3.1.4/stax2-api-3.1.4.jar:/home/user/.m2/repository/com/fasterxml/woodstox/woodstox-core/5.0.3/woodstox-core-5.0.3.jar:/home/user/.m2/repository/dnsjava/dnsjava/2.1.7/dnsjava-2.1.7.jar:/home/user/.m2/repository/org/apache/hadoop/hadoop-hdfs/3.2.0/hadoop-hdfs-3.2.0.jar:/home/user/.m2/repository/org/eclipse/jetty/jetty-util-ajax/9.3.25.v20180904/jetty-util-ajax-9.3.25.v20180904.jar:/home/user/.m2/repository/commons-daemon/commons-daemon/1.0.13/commons-daemon-1.0.13.jar:/home/user/.m2/repository/io/netty/netty/3.10.5.Final/netty-3.10.5.Final.jar:/home/user/.m2/repository/io/netty/netty-all/4.0.52.Final/netty-all-4.0.52.Final.jar:/home/user/.m2/repository/org/fusesource/leveldbjni/leveldbjni-all/1.8/leveldbjni-all-1.8.jar:/home/user/.m2/repository/org/apache/hadoop/hadoop-hdds-common/0.5.0-SNAPSHOT/hadoop-hdds-common-0.5.0-SNAPSHOT.jar:/home/user/.m2/repository/org/apache/hadoop/hadoop-hdds-config/0.5.0-SNAPSHOT/hadoop-hdds-config-0.5.0-SNAPSHOT.jar:/home/user/.m2/repository/javax/annotation/javax.annotation-api/1.2/javax.annotation-api-1.2.jar:/home/user/.m2/repository/org/apache/ratis/ratis-server/0.5.0-201fc85-SNAPSHOT/ratis-server-0.5.0-201fc85-SNAPSHOT.jar:/home/user/.m2/repository/org/apache/ratis/ratis-thirdparty-misc/0.2.0/ratis-thirdparty-misc-0.2.0.jar:/home/user/.m2/repository/org/apache/ratis/ratis-proto/0.5.0-201fc85-SNAPSHOT/ratis-proto-0.5.0-201fc85-SNAPSHOT.jar:/home/user/.m2/repository/org/apache/ratis/ratis-common/0.5.0-201fc85-SNAPSHOT/ratis-common-0.5.0-201fc85-SNAPSHOT.jar:/home/user/.m2/repository/org/apache/ratis/ratis-client/0.5.0-201fc85-SNAPSHOT/ratis-client-0.5.0-201fc85-SNAPSHOT.jar:/home/user/.m2/repository/org/apache/ratis/ratis-metrics/0.5.0-201fc85-SNAPSHOT/ratis-metrics-0.5.0-201fc85-SNAPSHOT.jar:/home/user/.m2/repository/com/github/joshelser/dropwizard-metrics-hadoop-metrics2-reporter/0.1.2/dropwizard-metrics-hadoop-metrics2-reporter-0.1.2.jar:/home/user/.m2/repository/io/dropwizard/metrics/metrics-jvm/3.2.5/metrics-jvm-3.2.5.jar:/home/user/.m2/repository/io/dropwizard/metrics/metrics-ganglia/3.2.5/metrics-ganglia-3.2.5.jar:/home/user/.m2/repository/info/ganglia/gmetric4j/gmetric4j/1.0.7/gmetric4j-1.0.7.jar:/home/user/.m2/repository/org/apache/ratis/ratis-netty/0.5.0-201fc85-SNAPSHOT/ratis-netty-0.5.0-201fc85-SNAPSHOT.jar:/home/user/.m2/repository/org/apache/ratis/ratis-grpc/0.5.0-201fc85-SNAPSHOT/ratis-grpc-0.5.0-201fc85-SNAPSHOT.jar:/home/user/.m2/repository/org/rocksdb/rocksdbjni/6.0.1/rocksdbjni-6.0.1.jar:/home/user/.m2/repository/org/apache/logging/log4j/log4j-api/2.11.0/log4j-api-2.11.0.jar:/home/user/.m2/repository/org/apache/logging/log4j/log4j-core/2.11.0/log4j-core-2.11.0.jar:/home/user/.m2/repository/com/lmax/disruptor/3.4.2/disruptor-3.4.2.jar:/home/user/.m2/repository/org/apache/commons/commons-pool2/2.6.0/commons-pool2-2.6.0.jar:/home/user/.m2/repository/org/bouncycastle/bcpkix-jdk15on/1.60/bcpkix-jdk15on-1.60.jar:/home/user/.m2/repository/commons-validator/commons-validator/1.6/commons-validator-1.6.jar:/home/user/.m2/repository/commons-digester/commons-digester/1.8.1/commons-digester-1.8.1.jar:/home/user/.m2/repository/io/jaegertracing/jaeger-client/0.34.0/jaeger-client-0.34.0.jar:/home/user/.m2/repository/io/jaegertracing/jaeger-thrift/0.34.0/jaeger-thrift-0.34.0.jar:/home/user/.m2/repository/org/apache/thrift/libthrift/0.12.0/libthrift-0.12.0.jar:/home/user/.m2/repository/com/squareup/okhttp3/okhttp/3.9.0/okhttp-3.9.0.jar:/home/user/.m2/repository/com/squareup/okio/okio/1.13.0/okio-1.13.0.jar:/home/user/.m2/repository/io/jaegertracing/jaeger-core/0.34.0/jaeger-core-0.34.0.jar:/home/user/.m2/repository/io/jaegertracing/jaeger-tracerresolver/0.34.0/jaeger-tracerresolver-0.34.0.jar:/home/user/.m2/repository/io/opentracing/contrib/opentracing-tracerresolver/0.1.5/opentracing-tracerresolver-0.1.5.jar:/home/user/.m2/repository/io/opentracing/opentracing-util/0.31.0/opentracing-util-0.31.0.jar:/home/user/.m2/repository/io/opentracing/opentracing-api/0.31.0/opentracing-api-0.31.0.jar:/home/user/.m2/repository/io/opentracing/opentracing-noop/0.31.0/opentracing-noop-0.31.0.jar:/home/user/.m2/repository/org/yaml/snakeyaml/1.16/snakeyaml-1.16.jar:/home/user/.m2/repository/org/apache/hadoop/hadoop-hdfs-client/3.2.0/hadoop-hdfs-client-3.2.0.jar:/home/user/.m2/repository/info/picocli/picocli/3.9.6/picocli-3.9.6.jar:/home/user/.m2/repository/org/apache/hadoop/hadoop-hdds-server-scm/0.5.0-SNAPSHOT/hadoop-hdds-server-scm-0.5.0-SNAPSHOT.jar:/home/user/.m2/repository/org/apache/hadoop/hadoop-hdds-docs/0.5.0-SNAPSHOT/hadoop-hdds-docs-0.5.0-SNAPSHOT.jar:/home/user/.m2/repository/io/dropwizard/metrics/metrics-core/3.2.4/metrics-core-3.2.4.jar:/home/user/.m2/repository/org/hamcrest/hamcrest-all/1.3/hamcrest-all-1.3.jar:/home/user/.m2/repository/org/bouncycastle/bcprov-jdk15on/1.60/bcprov-jdk15on-1.60.jar:/home/user/.m2/repository/org/apache/hadoop/hadoop-hdds-server-framework/0.5.0-SNAPSHOT/hadoop-hdds-server-framework-0.5.0-SNAPSHOT.jar:/home/user/.m2/repository/org/apache/hadoop/hadoop-ozone-ozone-manager/0.5.0-SNAPSHOT/hadoop-ozone-ozone-manager-0.5.0-SNAPSHOT.jar:/home/user/.m2/repository/org/apache/hadoop/hadoop-hdds-container-service/0.5.0-SNAPSHOT/hadoop-hdds-container-service-0.5.0-SNAPSHOT.jar:/home/user/.m2/repository/org/apache/hadoop/hadoop-hdds-client/0.5.0-SNAPSHOT/hadoop-hdds-client-0.5.0-SNAPSHOT.jar:/home/user/.m2/repository/org/apache/hadoop/hadoop-ozone-common/0.5.0-SNAPSHOT/hadoop-ozone-common-0.5.0-SNAPSHOT.jar:/home/user/.m2/repository/org/apache/hadoop/hadoop-hdds-tools/0.5.0-SNAPSHOT/hadoop-hdds-tools-0.5.0-SNAPSHOT.jar:/home/user/.m2/repository/org/xerial/sqlite-jdbc/3.25.2/sqlite-jdbc-3.25.2.jar:/home/user/.m2/repository/org/apache/httpcomponents/httpclient/4.5.2/httpclient-4.5.2.jar:/home/user/.m2/repository/org/apache/httpcomponents/httpcore/4.4.4/httpcore-4.4.4.jar:/home/user/.m2/repository/com/github/spotbugs/spotbugs/3.1.12/spotbugs-3.1.12.jar:/home/user/.m2/repository/org/ow2/asm/asm/5.0.4/asm-5.0.4.jar:/home/user/.m2/repository/org/ow2/asm/asm-analysis/7.0/asm-analysis-7.0.jar:/home/user/.m2/repository/org/ow2/asm/asm-commons/7.0/asm-commons-7.0.jar:/home/user/.m2/repository/org/ow2/asm/asm-tree/7.0/asm-tree-7.0.jar:/home/user/.m2/repository/org/ow2/asm/asm-util/7.0/asm-util-7.0.jar:/home/user/.m2/repository/org/apache/bcel/bcel/6.3/bcel-6.3.jar:/home/user/.m2/repository/net/jcip/jcip-annotations/1.0/jcip-annotations-1.0.jar:/home/user/.m2/repository/org/dom4j/dom4j/2.1.1/dom4j-2.1.1.jar:/home/user/.m2/repository/jaxen/jaxen/1.1.6/jaxen-1.1.6.jar:/home/user/.m2/repository/commons-lang/commons-lang/2.6/commons-lang-2.6.jar:/home/user/.m2/repository/com/github/spotbugs/spotbugs-annotations/3.1.12/spotbugs-annotations-3.1.12.jar:/home/user/.m2/repository/org/apache/hadoop/hadoop-common/3.2.0/hadoop-common-3.2.0-tests.jar:/home/user/.m2/repository/org/apache/hadoop/hadoop-ozone-client/0.5.0-SNAPSHOT/hadoop-ozone-client-0.5.0-SNAPSHOT.jar:/home/user/.m2/repository/org/apache/hadoop/hadoop-hdfs/3.2.0/hadoop-hdfs-3.2.0-tests.jar:/workdir/hadoop-ozone/integration-test/target/test-classes:/home/user/.m2/repository/org/apache/hadoop/hadoop-ozone-s3gateway/0.5.0-SNAPSHOT/hadoop-ozone-s3gateway-0.5.0-SNAPSHOT.jar:/home/user/.m2/repository/org/jboss/weld/servlet/weld-servlet/2.4.7.Final/weld-servlet-2.4.7.Final.jar:/home/user/.m2/repository/org/glassfish/jersey/containers/jersey-container-servlet-core/2.27/jersey-container-servlet-core-2.27.jar:/home/user/.m2/repository/org/glassfish/hk2/external/javax.inject/2.5.0-b42/javax.inject-2.5.0-b42.jar:/home/user/.m2/repository/org/glassfish/jersey/core/jersey-common/2.27/jersey-common-2.27.jar:/home/user/.m2/repository/org/glassfish/hk2/osgi-resource-locator/1.0.1/osgi-resource-locator-1.0.1.jar:/home/user/.m2/repository/javax/ws/rs/javax.ws.rs-api/2.1/javax.ws.rs-api-2.1.jar:/home/user/.m2/repository/org/glassfish/jersey/ext/cdi/jersey-cdi1x/2.27/jersey-cdi1x-2.27.jar:/home/user/.m2/repository/org/glassfish/jersey/inject/jersey-hk2/2.27/jersey-hk2-2.27.jar:/home/user/.m2/repository/org/glassfish/hk2/hk2-locator/2.5.0-b42/hk2-locator-2.5.0-b42.jar:/home/user/.m2/repository/org/javassist/javassist/3.22.0-CR2/javassist-3.22.0-CR2.jar:/home/user/.m2/repository/org/glassfish/hk2/hk2-api/2.5.0/hk2-api-2.5.0.jar:/home/user/.m2/repository/org/glassfish/hk2/external/jakarta.inject/2.5.0/jakarta.inject-2.5.0.jar:/home/user/.m2/repository/org/glassfish/hk2/hk2-utils/2.5.0/hk2-utils-2.5.0.jar:/home/user/.m2/repository/jakarta/annotation/jakarta.annotation-api/1.3.4/jakarta.annotation-api-1.3.4.jar:/home/user/.m2/repository/org/glassfish/hk2/external/aopalliance-repackaged/2.5.0/aopalliance-repackaged-2.5.0.jar:/home/user/.m2/repository/com/fasterxml/jackson/dataformat/jackson-dataformat-xml/2.9.0/jackson-dataformat-xml-2.9.0.jar:/home/user/.m2/repository/com/fasterxml/jackson/module/jackson-module-jaxb-annotations/2.9.9/jackson-module-jaxb-annotations-2.9.9.jar:/home/user/.m2/repository/javax/enterprise/cdi-api/1.2/cdi-api-1.2.jar:/home/user/.m2/repository/javax/el/javax.el-api/3.0.0/javax.el-api-3.0.0.jar:/home/user/.m2/repository/javax/interceptor/javax.interceptor-api/1.2/javax.interceptor-api-1.2.jar:/home/user/.m2/repository/javax/inject/javax.inject/1/javax.inject-1.jar:/home/user/.m2/repository/com/sun/xml/bind/jaxb-core/2.3.0.1/jaxb-core-2.3.0.1.jar:/home/user/.m2/repository/javax/xml/bind/jaxb-api/2.3.0/jaxb-api-2.3.0.jar:/home/user/.m2/repository/javax/activation/activation/1.1.1/activation-1.1.1.jar:/home/user/.m2/repository/org/apache/hadoop/hadoop-ozone-csi/0.5.0-SNAPSHOT/hadoop-ozone-csi-0.5.0-SNAPSHOT.jar:/home/user/.m2/repository/com/google/protobuf/protobuf-java-util/3.5.1/protobuf-java-util-3.5.1.jar:/home/user/.m2/repository/io/grpc/grpc-netty/1.17.1/grpc-netty-1.17.1.jar:/home/user/.m2/repository/io/grpc/grpc-core/1.17.1/grpc-core-1.17.1.jar:/home/user/.m2/repository/io/grpc/grpc-context/1.17.1/grpc-context-1.17.1.jar:/home/user/.m2/repository/com/google/errorprone/error_prone_annotations/2.2.0/error_prone_annotations-2.2.0.jar:/home/user/.m2/repository/org/codehaus/mojo/animal-sniffer-annotations/1.17/animal-sniffer-annotations-1.17.jar:/home/user/.m2/repository/io/opencensus/opencensus-api/0.17.0/opencensus-api-0.17.0.jar:/home/user/.m2/repository/io/opencensus/opencensus-contrib-grpc-metrics/0.17.0/opencensus-contrib-grpc-metrics-0.17.0.jar:/home/user/.m2/repository/io/netty/netty-codec-http2/4.1.30.Final/netty-codec-http2-4.1.30.Final.jar:/home/user/.m2/repository/io/netty/netty-codec-http/4.1.30.Final/netty-codec-http-4.1.30.Final.jar:/home/user/.m2/repository/io/netty/netty-codec/4.1.30.Final/netty-codec-4.1.30.Final.jar:/home/user/.m2/repository/io/netty/netty-handler/4.1.30.Final/netty-handler-4.1.30.Final.jar:/home/user/.m2/repository/io/netty/netty-handler-proxy/4.1.30.Final/netty-handler-proxy-4.1.30.Final.jar:/home/user/.m2/repository/io/netty/netty-codec-socks/4.1.30.Final/netty-codec-socks-4.1.30.Final.jar:/home/user/.m2/repository/io/netty/netty-transport-native-epoll/4.1.30.Final/netty-transport-native-epoll-4.1.30.Final.jar:/home/user/.m2/repository/io/netty/netty-common/4.1.30.Final/netty-common-4.1.30.Final.jar:/home/user/.m2/repository/io/netty/netty-buffer/4.1.30.Final/netty-buffer-4.1.30.Final.jar:/home/user/.m2/repository/io/netty/netty-transport/4.1.30.Final/netty-transport-4.1.30.Final.jar:/home/user/.m2/repository/io/netty/netty-resolver/4.1.30.Final/netty-resolver-4.1.30.Final.jar:/home/user/.m2/repository/io/netty/netty-transport-native-unix-common/4.1.30.Final/netty-transport-native-unix-common-4.1.30.Final.jar:/home/user/.m2/repository/io/grpc/grpc-protobuf/1.17.1/grpc-protobuf-1.17.1.jar:/home/user/.m2/repository/com/google/api/grpc/proto-google-common-protos/1.0.0/proto-google-common-protos-1.0.0.jar:/home/user/.m2/repository/io/grpc/grpc-protobuf-lite/1.17.1/grpc-protobuf-lite-1.17.1.jar:/home/user/.m2/repository/io/grpc/grpc-stub/1.17.1/grpc-stub-1.17.1.jar:/home/user/.m2/repository/org/apache/hadoop/hadoop-ozone-recon/0.5.0-SNAPSHOT/hadoop-ozone-recon-0.5.0-SNAPSHOT.jar:/home/user/.m2/repository/org/apache/hadoop/hadoop-ozone-reconcodegen/0.5.0-SNAPSHOT/hadoop-ozone-reconcodegen-0.5.0-SNAPSHOT.jar:/home/user/.m2/repository/com/google/inject/extensions/guice-multibindings/4.0/guice-multibindings-4.0.jar:/home/user/.m2/repository/com/google/inject/guice/4.0/guice-4.0.jar:/home/user/.m2/repository/aopalliance/aopalliance/1.0/aopalliance-1.0.jar:/home/user/.m2/repository/org/glassfish/jersey/containers/jersey-container-servlet/2.27/jersey-container-servlet-2.27.jar:/home/user/.m2/repository/org/glassfish/hk2/guice-bridge/2.5.0/guice-bridge-2.5.0.jar:/home/user/.m2/repository/org/glassfish/jersey/core/jersey-server/2.27/jersey-server-2.27.jar:/home/user/.m2/repository/org/glassfish/jersey/core/jersey-client/2.27/jersey-client-2.27.jar:/home/user/.m2/repository/org/glassfish/jersey/media/jersey-media-jaxb/2.27/jersey-media-jaxb-2.27.jar:/home/user/.m2/repository/javax/validation/validation-api/1.1.0.Final/validation-api-1.1.0.Final.jar:/home/user/.m2/repository/org/glassfish/jersey/media/jersey-media-json-jackson/2.27/jersey-media-json-jackson-2.27.jar:/home/user/.m2/repository/org/glassfish/jersey/ext/jersey-entity-filtering/2.27/jersey-entity-filtering-2.27.jar:/home/user/.m2/repository/com/google/inject/extensions/guice-assistedinject/4.0/guice-assistedinject-4.0.jar:/home/user/.m2/repository/org/jooq/jooq/3.11.10/jooq-3.11.10.jar:/home/user/.m2/repository/org/jooq/jooq-meta/3.11.10/jooq-meta-3.11.10.jar:/home/user/.m2/repository/org/jooq/jooq-codegen/3.11.10/jooq-codegen-3.11.10.jar:/home/user/.m2/repository/com/jolbox/bonecp/0.8.0.RELEASE/bonecp-0.8.0.RELEASE.jar:/home/user/.m2/repository/org/springframework/spring-jdbc/5.1.3.RELEASE/spring-jdbc-5.1.3.RELEASE.jar:/home/user/.m2/repository/org/springframework/spring-beans/5.1.3.RELEASE/spring-beans-5.1.3.RELEASE.jar:/home/user/.m2/repository/org/springframework/spring-core/5.1.3.RELEASE/spring-core-5.1.3.RELEASE.jar:/home/user/.m2/repository/org/springframework/spring-jcl/5.1.3.RELEASE/spring-jcl-5.1.3.RELEASE.jar:/home/user/.m2/repository/org/springframework/spring-tx/5.1.3.RELEASE/spring-tx-5.1.3.RELEASE.jar:/home/user/.m2/repository/org/mockito/mockito-all/1.10.19/mockito-all-1.10.19.jar:/home/user/.m2/repository/junit/junit/4.11/junit-4.11.jar:/home/user/.m2/repository/org/hamcrest/hamcrest-core/1.3/hamcrest-core-1.3.jar:/home/user/.m2/repository/org/apache/hadoop/hadoop-distcp/3.2.0/hadoop-distcp-3.2.0.jar:/home/user/.m2/repository/org/apache/hadoop/hadoop-distcp/3.2.0/hadoop-distcp-3.2.0-tests.jar:/home/user/.m2/repository/org/apache/hadoop/hadoop-mapreduce-client-jobclient/3.2.0/hadoop-mapreduce-client-jobclient-3.2.0.jar:/home/user/.m2/repository/org/apache/hadoop/hadoop-mapreduce-client-common/3.2.0/hadoop-mapreduce-client-common-3.2.0.jar:/home/user/.m2/repository/org/apache/hadoop/hadoop-yarn-common/3.2.0/hadoop-yarn-common-3.2.0.jar:/home/user/.m2/repository/org/apache/hadoop/hadoop-yarn-api/3.2.0/hadoop-yarn-api-3.2.0.jar:/home/user/.m2/repository/com/sun/jersey/jersey-client/1.19/jersey-client-1.19.jar:/home/user/.m2/repository/com/sun/jersey/contribs/jersey-guice/1.19/jersey-guice-1.19.jar:/home/user/.m2/repository/com/fasterxml/jackson/jaxrs/jackson-jaxrs-json-provider/2.9.9/jackson-jaxrs-json-provider-2.9.9.jar:/home/user/.m2/repository/com/fasterxml/jackson/jaxrs/jackson-jaxrs-base/2.9.9/jackson-jaxrs-base-2.9.9.jar:/home/user/.m2/repository/org/apache/hadoop/hadoop-yarn-client/3.2.0/hadoop-yarn-client-3.2.0.jar:/home/user/.m2/repository/org/apache/hadoop/hadoop-mapreduce-client-core/3.2.0/hadoop-mapreduce-client-core-3.2.0.jar:/home/user/.m2/repository/com/google/inject/extensions/guice-servlet/4.0/guice-servlet-4.0.jar:/home/user/.m2/repository/org/powermock/powermock-module-junit4/1.6.5/powermock-module-junit4-1.6.5.jar:/home/user/.m2/repository/org/powermock/powermock-module-junit4-common/1.6.5/powermock-module-junit4-common-1.6.5.jar:/home/user/.m2/repository/org/powermock/powermock-core/1.6.5/powermock-core-1.6.5.jar:/home/user/.m2/repository/org/powermock/powermock-reflect/1.6.5/powermock-reflect-1.6.5.jar:/home/user/.m2/repository/org/powermock/powermock-api-mockito/1.6.5/powermock-api-mockito-1.6.5.jar:/home/user/.m2/repository/org/mockito/mockito-core/1.10.19/mockito-core-1.10.19.jar:/home/user/.m2/repository/org/objenesis/objenesis/1.0/objenesis-1.0.jar:/home/user/.m2/repository/org/powermock/powermock-api-mockito-common/1.6.5/powermock-api-mockito-common-1.6.5.jar:/home/user/.m2/repository/org/powermock/powermock-api-support/1.6.5/powermock-api-support-1.6.5.jar:"/>
    <property name="sun.cpu.endian" value="little"/>
    <property name="user.home" value="/home/user"/>
    <property name="user.language" value="en"/>
    <property name="java.specification.vendor" value="Oracle Corporation"/>
    <property name="java.home" value="/usr/lib/jvm/java-1.8.0-openjdk-1.8.0.222.b10-1.el7_7.x86_64/jre"/>
    <property name="surefire.excludesFile" value="/tools/ozone-bad-unit-tests"/>
    <property name="java.security.krb5.conf" value="/workdir/hadoop-ozone/ozonefs/target/test-classes/krb5.conf"/>
    <property name="basedir" value="/workdir/hadoop-ozone/ozonefs"/>
    <property name="file.separator" value="/"/>
    <property name="line.separator" value="&#10;"/>
    <property name="java.vm.specification.vendor" value="Oracle Corporation"/>
    <property name="java.specification.name" value="Java Platform API Specification"/>
    <property name="java.awt.graphicsenv" value="sun.awt.X11GraphicsEnvironment"/>
    <property name="surefire.real.class.path" value="/workdir/hadoop-ozone/ozonefs/target/surefire/surefirebooter7821097945426175009.jar"/>
    <property name="hadoop.log.dir" value="/workdir/hadoop-ozone/ozonefs/target/log"/>
    <property name="sun.boot.class.path" value="/usr/lib/jvm/java-1.8.0-openjdk-1.8.0.222.b10-1.el7_7.x86_64/jre/lib/resources.jar:/usr/lib/jvm/java-1.8.0-openjdk-1.8.0.222.b10-1.el7_7.x86_64/jre/lib/rt.jar:/usr/lib/jvm/java-1.8.0-openjdk-1.8.0.222.b10-1.el7_7.x86_64/jre/lib/sunrsasign.jar:/usr/lib/jvm/java-1.8.0-openjdk-1.8.0.222.b10-1.el7_7.x86_64/jre/lib/jsse.jar:/usr/lib/jvm/java-1.8.0-openjdk-1.8.0.222.b10-1.el7_7.x86_64/jre/lib/jce.jar:/usr/lib/jvm/java-1.8.0-openjdk-1.8.0.222.b10-1.el7_7.x86_64/jre/lib/charsets.jar:/usr/lib/jvm/java-1.8.0-openjdk-1.8.0.222.b10-1.el7_7.x86_64/jre/lib/jfr.jar:/usr/lib/jvm/java-1.8.0-openjdk-1.8.0.222.b10-1.el7_7.x86_64/jre/classes"/>
    <property name="sun.management.compiler" value="HotSpot 64-Bit Tiered Compilers"/>
    <property name="java.runtime.version" value="1.8.0_222-b10"/>
    <property name="java.net.preferIPv4Stack" value="true"/>
    <property name="user.name" value="jenkins1000"/>
    <property name="path.separator" value=":"/>
    <property name="java.security.egd" value="file:///dev/urandom"/>
    <property name="os.version" value="3.10.0-957.12.2.el7.x86_64"/>
    <property name="java.endorsed.dirs" value="/usr/lib/jvm/java-1.8.0-openjdk-1.8.0.222.b10-1.el7_7.x86_64/jre/lib/endorsed"/>
    <property name="java.runtime.name" value="OpenJDK Runtime Environment"/>
    <property name="file.encoding" value="ANSI_X3.4-1968"/>
    <property name="java.vm.name" value="OpenJDK 64-Bit Server VM"/>
    <property name="test.build.webapps" value=""/>
    <property name="localRepository" value="/home/user/.m2/repository"/>
    <property name="java.vendor.url.bug" value="http://bugreport.sun.com/bugreport/"/>
    <property name="java.io.tmpdir" value="/tmp"/>
    <property name="require.test.libhadoop" value=""/>
    <property name="java.version" value="1.8.0_222"/>
    <property name="user.dir" value="/workdir/hadoop-ozone/ozonefs"/>
    <property name="os.arch" value="amd64"/>
    <property name="java.vm.specification.name" value="Java Virtual Machine Specification"/>
    <property name="test.build.classes" value="/workdir/hadoop-ozone/ozonefs/target/test-classes"/>
    <property name="java.awt.printerjob" value="sun.print.PSPrinterJob"/>
    <property name="sun.os.patch.level" value="unknown"/>
    <property name="hadoop.tmp.dir" value="/workdir/hadoop-ozone/ozonefs/target/tmp"/>
    <property name="java.library.path" value="/usr/lib:/workdir/hadoop-ozone/ozonefs/target/native/target/usr/local/lib:/workdir/hadoop-ozone/ozonefs/../../hadoop-common-project/hadoop-common/target/native/target/usr/local/lib:/usr/java/packages/lib/amd64:/usr/lib64:/lib64:/lib:/usr/lib"/>
    <property name="java.vm.info" value="mixed mode"/>
    <property name="java.vendor" value="Oracle Corporation"/>
    <property name="java.vm.version" value="25.222-b10"/>
    <property name="java.ext.dirs" value="/usr/lib/jvm/java-1.8.0-openjdk-1.8.0.222.b10-1.el7_7.x86_64/jre/lib/ext:/usr/java/packages/lib/ext"/>
    <property name="sun.io.unicode.encoding" value="UnicodeLittle"/>
    <property name="java.class.version" value="52.0"/>
  </properties>
  <testcase name="testOzoneFsServiceLoader" classname="org.apache.hadoop.fs.ozone.TestOzoneFileSystem" time="24.836"/>
  <testcase name="testListStatusOnRoot" classname="org.apache.hadoop.fs.ozone.TestOzoneFileSystem" time="17.356"/>
  <testcase name="testListStatusOnSubDirs" classname="org.apache.hadoop.fs.ozone.TestOzoneFileSystem" time="17.086"/>
  <testcase name="testListStatus" classname="org.apache.hadoop.fs.ozone.TestOzoneFileSystem" time="40.392">
    <error message="Allocated 0 blocks. Requested 1 blocks" type="INTERNAL_ERROR org.apache.hadoop.ozone.om.exceptions.OMException">INTERNAL_ERROR org.apache.hadoop.ozone.om.exceptions.OMException: Allocated 0 blocks. Requested 1 blocks
	at org.apache.hadoop.ozone.om.protocolPB.OzoneManagerProtocolClientSideTranslatorPB.handleError(OzoneManagerProtocolClientSideTranslatorPB.java:732)
	at org.apache.hadoop.ozone.om.protocolPB.OzoneManagerProtocolClientSideTranslatorPB.createFile(OzoneManagerProtocolClientSideTranslatorPB.java:1536)
	at sun.reflect.NativeMethodAccessorImpl.invoke0(Native Method)
	at sun.reflect.NativeMethodAccessorImpl.invoke(NativeMethodAccessorImpl.java:62)
	at sun.reflect.DelegatingMethodAccessorImpl.invoke(DelegatingMethodAccessorImpl.java:43)
	at java.lang.reflect.Method.invoke(Method.java:498)
	at org.apache.hadoop.hdds.tracing.TraceAllMethod.invoke(TraceAllMethod.java:66)
	at com.sun.proxy.$Proxy38.createFile(Unknown Source)
	at org.apache.hadoop.ozone.client.rpc.RpcClient.createFile(RpcClient.java:1006)
	at org.apache.hadoop.ozone.client.OzoneBucket.createFile(OzoneBucket.java:537)
	at org.apache.hadoop.fs.ozone.BasicOzoneClientAdapterImpl.createFile(BasicOzoneClientAdapterImpl.java:208)
	at org.apache.hadoop.fs.ozone.BasicOzoneFileSystem.createOutputStream(BasicOzoneFileSystem.java:250)
	at org.apache.hadoop.fs.ozone.BasicOzoneFileSystem.create(BasicOzoneFileSystem.java:231)
	at org.apache.hadoop.fs.FileSystem.create(FileSystem.java:1118)
	at org.apache.hadoop.fs.FileSystem.create(FileSystem.java:1098)
	at org.apache.hadoop.fs.FileSystem.create(FileSystem.java:987)
	at org.apache.hadoop.fs.contract.ContractTestUtils.createFile(ContractTestUtils.java:633)
	at org.apache.hadoop.fs.contract.ContractTestUtils.touch(ContractTestUtils.java:669)
	at org.apache.hadoop.fs.ozone.TestOzoneFileSystem.testListStatus(TestOzoneFileSystem.java:159)
	at sun.reflect.NativeMethodAccessorImpl.invoke0(Native Method)
	at sun.reflect.NativeMethodAccessorImpl.invoke(NativeMethodAccessorImpl.java:62)
	at sun.reflect.DelegatingMethodAccessorImpl.invoke(DelegatingMethodAccessorImpl.java:43)
	at java.lang.reflect.Method.invoke(Method.java:498)
	at org.junit.runners.model.FrameworkMethod$1.runReflectiveCall(FrameworkMethod.java:47)
	at org.junit.internal.runners.model.ReflectiveCallable.run(ReflectiveCallable.java:12)
	at org.junit.runners.model.FrameworkMethod.invokeExplosively(FrameworkMethod.java:44)
	at org.junit.internal.runners.statements.InvokeMethod.evaluate(InvokeMethod.java:17)
	at org.junit.internal.runners.statements.RunBefores.evaluate(RunBefores.java:26)
	at org.junit.internal.runners.statements.RunAfters.evaluate(RunAfters.java:27)
	at org.junit.internal.runners.statements.FailOnTimeout$StatementThread.run(FailOnTimeout.java:74)
</error>
    <system-out><![CDATA[2019-10-18 11:51:40,155 [Thread-645] WARN  server.ServerUtils (ServerUtils.java:getScmDbDir(145)) - ozone.scm.db.dirs is not configured. We recommend adding this setting. Falling back to ozone.metadata.dirs instead.
2019-10-18 11:51:40,179 [Thread-645] WARN  server.ServerUtils (ServerUtils.java:getScmDbDir(145)) - ozone.scm.db.dirs is not configured. We recommend adding this setting. Falling back to ozone.metadata.dirs instead.
2019-10-18 11:51:40,180 [Thread-645] WARN  server.ServerUtils (ServerUtils.java:getScmDbDir(145)) - ozone.scm.db.dirs is not configured. We recommend adding this setting. Falling back to ozone.metadata.dirs instead.
2019-10-18 11:51:40,181 [Thread-645] INFO  db.DBStoreBuilder (DBStoreBuilder.java:addTable(117)) - using custom profile for table: deletedBlocks
2019-10-18 11:51:40,181 [Thread-645] INFO  db.DBStoreBuilder (DBStoreBuilder.java:processTables(168)) - Using default column profile:DBProfile.DISK for Table:deletedBlocks
2019-10-18 11:51:40,181 [Thread-645] INFO  db.DBStoreBuilder (DBStoreBuilder.java:addTable(117)) - using custom profile for table: validCerts
2019-10-18 11:51:40,181 [Thread-645] INFO  db.DBStoreBuilder (DBStoreBuilder.java:processTables(168)) - Using default column profile:DBProfile.DISK for Table:validCerts
2019-10-18 11:51:40,181 [Thread-645] INFO  db.DBStoreBuilder (DBStoreBuilder.java:addTable(117)) - using custom profile for table: revokedCerts
2019-10-18 11:51:40,182 [Thread-645] INFO  db.DBStoreBuilder (DBStoreBuilder.java:processTables(168)) - Using default column profile:DBProfile.DISK for Table:revokedCerts
2019-10-18 11:51:40,182 [Thread-645] INFO  db.DBStoreBuilder (DBStoreBuilder.java:addTable(117)) - using custom profile for table: default
2019-10-18 11:51:40,182 [Thread-645] INFO  db.DBStoreBuilder (DBStoreBuilder.java:processTables(174)) - Using default column profile:DBProfile.DISK for Table:default
2019-10-18 11:51:40,182 [Thread-645] INFO  db.DBStoreBuilder (DBStoreBuilder.java:getDbProfile(205)) - Using default options. DBProfile.DISK
2019-10-18 11:51:44,011 [Thread-645] INFO  net.NodeSchemaLoader (NodeSchemaLoader.java:loadSchemaFromFile(125)) - Loading file from sun.misc.CompoundEnumeration@4cf1542
2019-10-18 11:51:44,012 [Thread-645] INFO  net.NodeSchemaLoader (NodeSchemaLoader.java:loadSchema(171)) - Loading network topology layer schema file
2019-10-18 11:51:44,017 [Thread-645] WARN  server.ServerUtils (ServerUtils.java:sanitizeUserArgs(70)) - ozone.scm.stale.node.interval value = 300000 is larger than max = 100000 based on the key value of ozone.scm.heartbeat.thread.interval, reset to the max value 100000.
2019-10-18 11:51:44,017 [Thread-645] WARN  server.ServerUtils (ServerUtils.java:sanitizeUserArgs(70)) - ozone.scm.stale.node.interval value = 300000 is larger than max = 100000 based on the key value of ozone.scm.heartbeat.thread.interval, reset to the max value 100000.
2019-10-18 11:51:44,018 [Thread-645] INFO  node.SCMNodeManager (SCMNodeManager.java:<init>(116)) - Entering startup safe mode.
2019-10-18 11:51:44,019 [Thread-645] INFO  algorithms.ContainerPlacementPolicyFactory (ContainerPlacementPolicyFactory.java:getPolicy(57)) - Create container placement policy of type org.apache.hadoop.hdds.scm.container.placement.algorithms.SCMContainerPlacementRandom
2019-10-18 11:51:44,019 [Thread-645] WARN  server.ServerUtils (ServerUtils.java:getScmDbDir(145)) - ozone.scm.db.dirs is not configured. We recommend adding this setting. Falling back to ozone.metadata.dirs instead.
2019-10-18 11:51:44,108 [Thread-645] INFO  pipeline.SCMPipelineManager (SCMPipelineManager.java:initializePipelineState(132)) - No pipeline exists in current db
2019-10-18 11:51:44,109 [Thread-645] WARN  server.ServerUtils (ServerUtils.java:getScmDbDir(145)) - ozone.scm.db.dirs is not configured. We recommend adding this setting. Falling back to ozone.metadata.dirs instead.
2019-10-18 11:51:44,216 [Thread-645] WARN  events.EventQueue (EventQueue.java:fireEvent(183)) - No event handler registered for event TypedEvent{payloadType=SafeModeStatus, name='SafeModeStatus'}
2019-10-18 11:51:44,217 [Thread-645] INFO  ipc.CallQueueManager (CallQueueManager.java:<init>(84)) - Using callQueue: class java.util.concurrent.LinkedBlockingQueue, queueCapacity: 2000, scheduler: class org.apache.hadoop.ipc.DefaultRpcScheduler, ipcBackoff: false.
2019-10-18 11:51:44,218 [Socket Reader #1 for port 44343] INFO  ipc.Server (Server.java:run(1074)) - Starting Socket Reader #1 for port 44343
2019-10-18 11:51:44,220 [Thread-645] INFO  ipc.CallQueueManager (CallQueueManager.java:<init>(84)) - Using callQueue: class java.util.concurrent.LinkedBlockingQueue, queueCapacity: 2000, scheduler: class org.apache.hadoop.ipc.DefaultRpcScheduler, ipcBackoff: false.
2019-10-18 11:51:44,221 [Socket Reader #1 for port 36188] INFO  ipc.Server (Server.java:run(1074)) - Starting Socket Reader #1 for port 36188
2019-10-18 11:51:44,222 [Thread-645] INFO  ipc.CallQueueManager (CallQueueManager.java:<init>(84)) - Using callQueue: class java.util.concurrent.LinkedBlockingQueue, queueCapacity: 2000, scheduler: class org.apache.hadoop.ipc.DefaultRpcScheduler, ipcBackoff: false.
2019-10-18 11:51:44,223 [Socket Reader #1 for port 41579] INFO  ipc.Server (Server.java:run(1074)) - Starting Socket Reader #1 for port 41579
2019-10-18 11:51:44,226 [Thread-645] INFO  hdfs.DFSUtil (DFSUtil.java:httpServerTemplateForNNAndJN(1641)) - Starting Web-server for scm at: http://0.0.0.0:0
2019-10-18 11:51:44,230 [Thread-645] INFO  server.AuthenticationFilter (AuthenticationFilter.java:constructSecretProvider(240)) - Unable to initialize FileSignerSecretProvider, falling back to use random secrets.
2019-10-18 11:51:44,231 [Thread-645] WARN  http.HttpRequestLog (HttpRequestLog.java:getRequestLog(97)) - Jetty request log can only be enabled using Log4j
2019-10-18 11:51:44,234 [Thread-645] INFO  http.HttpServer2 (HttpServer2.java:addGlobalFilter(975)) - Added global filter 'safety' (class=org.apache.hadoop.http.HttpServer2$QuotingInputFilter)
2019-10-18 11:51:44,235 [Thread-645] INFO  http.HttpServer2 (HttpServer2.java:addFilter(948)) - Added filter static_user_filter (class=org.apache.hadoop.http.lib.StaticUserWebFilter$StaticUserFilter) to context scm
2019-10-18 11:51:44,235 [Thread-645] INFO  http.HttpServer2 (HttpServer2.java:addFilter(958)) - Added filter static_user_filter (class=org.apache.hadoop.http.lib.StaticUserWebFilter$StaticUserFilter) to context logs
2019-10-18 11:51:44,235 [Thread-645] INFO  http.HttpServer2 (HttpServer2.java:addFilter(958)) - Added filter static_user_filter (class=org.apache.hadoop.http.lib.StaticUserWebFilter$StaticUserFilter) to context static
2019-10-18 11:51:44,239 [Thread-645] INFO  server.StorageContainerManager (StorageContainerManager.java:start(772)) - StorageContainerLocationProtocol RPC server is listening at /0.0.0.0:41579
2019-10-18 11:51:44,242 [Thread-645] WARN  impl.MetricsConfig (MetricsConfig.java:loadFirst(134)) - Cannot locate configuration: tried hadoop-metrics2-storagecontainermanager.properties,hadoop-metrics2.properties
2019-10-18 11:51:44,244 [Thread-645] INFO  impl.MetricsSystemImpl (MetricsSystemImpl.java:startTimer(374)) - Scheduled Metric snapshot period at 10 second(s).
2019-10-18 11:51:44,244 [Thread-645] INFO  impl.MetricsSystemImpl (MetricsSystemImpl.java:start(191)) - StorageContainerManager metrics system started
2019-10-18 11:51:44,307 [Thread-645] WARN  impl.MetricsSystemImpl (MetricsSystemImpl.java:register(276)) - Sink prometheus already exists!
2019-10-18 11:51:44,317 [Thread-645] INFO  server.SCMClientProtocolServer (SCMClientProtocolServer.java:start(159)) - RPC server for Client  is listening at /0.0.0.0:41579
2019-10-18 11:51:44,318 [IPC Server Responder] INFO  ipc.Server (Server.java:run(1314)) - IPC Server Responder: starting
2019-10-18 11:51:44,318 [IPC Server listener on 41579] INFO  ipc.Server (Server.java:run(1153)) - IPC Server listener on 41579: starting
2019-10-18 11:51:44,320 [Thread-645] INFO  server.StorageContainerManager (StorageContainerManager.java:start(782)) - ScmBlockLocationProtocol RPC server is listening at /0.0.0.0:36188
2019-10-18 11:51:44,321 [Thread-645] INFO  server.SCMBlockProtocolServer (SCMBlockProtocolServer.java:start(146)) - RPC server for Block Protocol is listening at /0.0.0.0:36188
2019-10-18 11:51:44,321 [IPC Server Responder] INFO  ipc.Server (Server.java:run(1314)) - IPC Server Responder: starting
2019-10-18 11:51:44,321 [IPC Server listener on 36188] INFO  ipc.Server (Server.java:run(1153)) - IPC Server listener on 36188: starting
2019-10-18 11:51:44,324 [Thread-645] INFO  server.StorageContainerManager (StorageContainerManager.java:start(786)) - ScmDatanodeProtocl RPC server is listening at /0.0.0.0:44343
2019-10-18 11:51:44,324 [Thread-645] INFO  server.SCMDatanodeProtocolServer (SCMDatanodeProtocolServer.java:start(169)) - RPC server for DataNodes is listening at /0.0.0.0:44343
2019-10-18 11:51:44,324 [IPC Server Responder] INFO  ipc.Server (Server.java:run(1314)) - IPC Server Responder: starting
2019-10-18 11:51:44,325 [IPC Server listener on 44343] INFO  ipc.Server (Server.java:run(1153)) - IPC Server listener on 44343: starting
2019-10-18 11:51:44,327 [Thread-645] INFO  http.HttpServer2 (HttpServer2.java:bindListener(1191)) - Jetty bound to port 37679
2019-10-18 11:51:44,328 [Thread-645] INFO  server.Server (Server.java:doStart(351)) - jetty-9.3.25.v20180904, build timestamp: 2018-09-04T21:11:46Z, git hash: 3ce520221d0240229c862b122d2b06c12a625732
2019-10-18 11:51:44,330 [Thread-645] INFO  handler.ContextHandler (ContextHandler.java:doStart(781)) - Started o.e.j.s.ServletContextHandler@2fb6ca14{/logs,file:///workdir/hadoop-ozone/ozonefs/target/log,AVAILABLE}
2019-10-18 11:51:44,330 [Thread-645] INFO  handler.ContextHandler (ContextHandler.java:doStart(781)) - Started o.e.j.s.ServletContextHandler@2dc3ba5f{/static,jar:file:/home/user/.m2/repository/org/apache/hadoop/hadoop-hdds-server-scm/0.5.0-SNAPSHOT/hadoop-hdds-server-scm-0.5.0-SNAPSHOT.jar!/webapps/static,AVAILABLE}
2019-10-18 11:51:44,375 [Thread-645] INFO  handler.ContextHandler (ContextHandler.java:doStart(781)) - Started o.e.j.w.WebAppContext@10a19713{/,file:///tmp/jetty-0.0.0.0-37679-scm-_-any-509954054284342463.dir/webapp/,AVAILABLE}{/scm}
2019-10-18 11:51:44,376 [Thread-645] INFO  server.AbstractConnector (AbstractConnector.java:doStart(278)) - Started ServerConnector@7436fe95{HTTP/1.1,[http/1.1]}{0.0.0.0:37679}
2019-10-18 11:51:44,377 [Thread-645] INFO  server.Server (Server.java:doStart(419)) - Started @63974ms
2019-10-18 11:51:44,377 [Thread-645] WARN  impl.MetricsSystemImpl (MetricsSystemImpl.java:register(276)) - Sink prometheus already exists!
2019-10-18 11:51:44,378 [Thread-645] INFO  server.BaseHttpServer (BaseHttpServer.java:updateConnectorAddress(215)) - HTTP server of SCM is listening at http://0.0.0.0:37679
2019-10-18 11:51:44,379 [Thread-645] WARN  server.ServerUtils (ServerUtils.java:getDBPath(222)) - ozone.om.db.dirs is not configured. We recommend adding this setting. Falling back to ozone.metadata.dirs instead.
2019-10-18 11:51:44,380 [org.apache.hadoop.util.JvmPauseMonitor$Monitor@38bbf680] INFO  util.JvmPauseMonitor (JvmPauseMonitor.java:run(188)) - Starting JVM pause monitor
2019-10-18 11:51:44,404 [Thread-645] INFO  ha.OMHANodeDetails (OMHANodeDetails.java:loadOMHAConfig(190)) - Configuration either no ozone.om.address set. Falling back to the default OM address /127.0.0.1:0
2019-10-18 11:51:44,404 [Thread-645] INFO  ha.OMHANodeDetails (OMHANodeDetails.java:getOMNodeDetails(220)) - OM Service ID is not set. Setting it to the default ID: omServiceIdDefault
2019-10-18 11:51:44,404 [Thread-645] WARN  server.ServerUtils (ServerUtils.java:getDBPath(222)) - ozone.om.db.dirs is not configured. We recommend adding this setting. Falling back to ozone.metadata.dirs instead.
2019-10-18 11:51:44,405 [Thread-645] WARN  server.ServerUtils (ServerUtils.java:getDBPath(222)) - ozone.om.db.dirs is not configured. We recommend adding this setting. Falling back to ozone.metadata.dirs instead.
2019-10-18 11:51:44,411 [Thread-645] WARN  server.ServerUtils (ServerUtils.java:getDBPath(222)) - ozone.om.db.dirs is not configured. We recommend adding this setting. Falling back to ozone.metadata.dirs instead.
2019-10-18 11:51:44,411 [Thread-645] INFO  db.DBStoreBuilder (DBStoreBuilder.java:addTable(117)) - using custom profile for table: userTable
2019-10-18 11:51:44,411 [Thread-645] INFO  db.DBStoreBuilder (DBStoreBuilder.java:processTables(168)) - Using default column profile:DBProfile.DISK for Table:userTable
2019-10-18 11:51:44,411 [Thread-645] INFO  db.DBStoreBuilder (DBStoreBuilder.java:addTable(117)) - using custom profile for table: volumeTable
2019-10-18 11:51:44,411 [Thread-645] INFO  db.DBStoreBuilder (DBStoreBuilder.java:processTables(168)) - Using default column profile:DBProfile.DISK for Table:volumeTable
2019-10-18 11:51:44,411 [Thread-645] INFO  db.DBStoreBuilder (DBStoreBuilder.java:addTable(117)) - using custom profile for table: bucketTable
2019-10-18 11:51:44,412 [Thread-645] INFO  db.DBStoreBuilder (DBStoreBuilder.java:processTables(168)) - Using default column profile:DBProfile.DISK for Table:bucketTable
2019-10-18 11:51:44,412 [Thread-645] INFO  db.DBStoreBuilder (DBStoreBuilder.java:addTable(117)) - using custom profile for table: keyTable
2019-10-18 11:51:44,412 [Thread-645] INFO  db.DBStoreBuilder (DBStoreBuilder.java:processTables(168)) - Using default column profile:DBProfile.DISK for Table:keyTable
2019-10-18 11:51:44,412 [Thread-645] INFO  db.DBStoreBuilder (DBStoreBuilder.java:addTable(117)) - using custom profile for table: deletedTable
2019-10-18 11:51:44,412 [Thread-645] INFO  db.DBStoreBuilder (DBStoreBuilder.java:processTables(168)) - Using default column profile:DBProfile.DISK for Table:deletedTable
2019-10-18 11:51:44,412 [Thread-645] INFO  db.DBStoreBuilder (DBStoreBuilder.java:addTable(117)) - using custom profile for table: openKeyTable
2019-10-18 11:51:44,412 [Thread-645] INFO  db.DBStoreBuilder (DBStoreBuilder.java:processTables(168)) - Using default column profile:DBProfile.DISK for Table:openKeyTable
2019-10-18 11:51:44,412 [Thread-645] INFO  db.DBStoreBuilder (DBStoreBuilder.java:addTable(117)) - using custom profile for table: s3Table
2019-10-18 11:51:44,412 [Thread-645] INFO  db.DBStoreBuilder (DBStoreBuilder.java:processTables(168)) - Using default column profile:DBProfile.DISK for Table:s3Table
2019-10-18 11:51:44,413 [Thread-645] INFO  db.DBStoreBuilder (DBStoreBuilder.java:addTable(117)) - using custom profile for table: multipartInfoTable
2019-10-18 11:51:44,413 [Thread-645] INFO  db.DBStoreBuilder (DBStoreBuilder.java:processTables(168)) - Using default column profile:DBProfile.DISK for Table:multipartInfoTable
2019-10-18 11:51:44,413 [Thread-645] INFO  db.DBStoreBuilder (DBStoreBuilder.java:addTable(117)) - using custom profile for table: dTokenTable
2019-10-18 11:51:44,413 [Thread-645] INFO  db.DBStoreBuilder (DBStoreBuilder.java:processTables(168)) - Using default column profile:DBProfile.DISK for Table:dTokenTable
2019-10-18 11:51:44,413 [Thread-645] INFO  db.DBStoreBuilder (DBStoreBuilder.java:addTable(117)) - using custom profile for table: s3SecretTable
2019-10-18 11:51:44,413 [Thread-645] INFO  db.DBStoreBuilder (DBStoreBuilder.java:processTables(168)) - Using default column profile:DBProfile.DISK for Table:s3SecretTable
2019-10-18 11:51:44,413 [Thread-645] INFO  db.DBStoreBuilder (DBStoreBuilder.java:addTable(117)) - using custom profile for table: prefixTable
2019-10-18 11:51:44,413 [Thread-645] INFO  db.DBStoreBuilder (DBStoreBuilder.java:processTables(168)) - Using default column profile:DBProfile.DISK for Table:prefixTable
2019-10-18 11:51:44,413 [Thread-645] INFO  db.DBStoreBuilder (DBStoreBuilder.java:addTable(117)) - using custom profile for table: default
2019-10-18 11:51:44,413 [Thread-645] INFO  db.DBStoreBuilder (DBStoreBuilder.java:processTables(174)) - Using default column profile:DBProfile.DISK for Table:default
2019-10-18 11:51:44,414 [Thread-645] INFO  db.DBStoreBuilder (DBStoreBuilder.java:getDbProfile(205)) - Using default options. DBProfile.DISK
2019-10-18 11:51:45,026 [Thread-645] INFO  ipc.CallQueueManager (CallQueueManager.java:<init>(84)) - Using callQueue: class java.util.concurrent.LinkedBlockingQueue, queueCapacity: 2000, scheduler: class org.apache.hadoop.ipc.DefaultRpcScheduler, ipcBackoff: false.
2019-10-18 11:51:45,027 [Socket Reader #1 for port 41802] INFO  ipc.Server (Server.java:run(1074)) - Starting Socket Reader #1 for port 41802
2019-10-18 11:51:45,049 [Thread-645] INFO  om.OzoneManager (OzoneManager.java:start(1071)) - OzoneManager RPC server is listening at localhost/127.0.0.1:41802
2019-10-18 11:51:45,049 [Thread-645] INFO  impl.MetricsSystemImpl (MetricsSystemImpl.java:init(158)) - OzoneManager metrics system started (again)
2019-10-18 11:51:45,051 [IPC Server Responder] INFO  ipc.Server (Server.java:run(1314)) - IPC Server Responder: starting
2019-10-18 11:51:45,052 [IPC Server listener on 41802] INFO  ipc.Server (Server.java:run(1153)) - IPC Server listener on 41802: starting
2019-10-18 11:51:45,057 [Thread-645] INFO  hdfs.DFSUtil (DFSUtil.java:httpServerTemplateForNNAndJN(1641)) - Starting Web-server for ozoneManager at: http://0.0.0.0:0
2019-10-18 11:51:45,059 [Thread-645] INFO  server.AuthenticationFilter (AuthenticationFilter.java:constructSecretProvider(240)) - Unable to initialize FileSignerSecretProvider, falling back to use random secrets.
2019-10-18 11:51:45,060 [Thread-645] WARN  http.HttpRequestLog (HttpRequestLog.java:getRequestLog(97)) - Jetty request log can only be enabled using Log4j
2019-10-18 11:51:45,063 [Thread-645] INFO  http.HttpServer2 (HttpServer2.java:addGlobalFilter(975)) - Added global filter 'safety' (class=org.apache.hadoop.http.HttpServer2$QuotingInputFilter)
2019-10-18 11:51:45,064 [Thread-645] INFO  http.HttpServer2 (HttpServer2.java:addFilter(948)) - Added filter static_user_filter (class=org.apache.hadoop.http.lib.StaticUserWebFilter$StaticUserFilter) to context ozoneManager
2019-10-18 11:51:45,064 [Thread-645] INFO  http.HttpServer2 (HttpServer2.java:addFilter(958)) - Added filter static_user_filter (class=org.apache.hadoop.http.lib.StaticUserWebFilter$StaticUserFilter) to context static
2019-10-18 11:51:45,064 [Thread-645] INFO  http.HttpServer2 (HttpServer2.java:addFilter(958)) - Added filter static_user_filter (class=org.apache.hadoop.http.lib.StaticUserWebFilter$StaticUserFilter) to context logs
2019-10-18 11:51:45,065 [Thread-645] INFO  http.HttpServer2 (HttpServer2.java:bindListener(1191)) - Jetty bound to port 35777
2019-10-18 11:51:45,065 [Thread-645] INFO  server.Server (Server.java:doStart(351)) - jetty-9.3.25.v20180904, build timestamp: 2018-09-04T21:11:46Z, git hash: 3ce520221d0240229c862b122d2b06c12a625732
2019-10-18 11:51:45,068 [Thread-645] INFO  handler.ContextHandler (ContextHandler.java:doStart(781)) - Started o.e.j.s.ServletContextHandler@a5da0f1{/logs,file:///workdir/hadoop-ozone/ozonefs/target/log,AVAILABLE}
2019-10-18 11:51:45,068 [Thread-645] INFO  handler.ContextHandler (ContextHandler.java:doStart(781)) - Started o.e.j.s.ServletContextHandler@636319cb{/static,jar:file:/home/user/.m2/repository/org/apache/hadoop/hadoop-ozone-ozone-manager/0.5.0-SNAPSHOT/hadoop-ozone-ozone-manager-0.5.0-SNAPSHOT.jar!/webapps/static,AVAILABLE}
2019-10-18 11:51:45,134 [Thread-645] INFO  handler.ContextHandler (ContextHandler.java:doStart(781)) - Started o.e.j.w.WebAppContext@2041e33f{/,file:///tmp/jetty-0.0.0.0-35777-ozoneManager-_-any-6491734916054622754.dir/webapp/,AVAILABLE}{/ozoneManager}
2019-10-18 11:51:45,134 [Thread-645] INFO  server.AbstractConnector (AbstractConnector.java:doStart(278)) - Started ServerConnector@3312b4cd{HTTP/1.1,[http/1.1]}{0.0.0.0:35777}
2019-10-18 11:51:45,135 [Thread-645] INFO  server.Server (Server.java:doStart(419)) - Started @64733ms
2019-10-18 11:51:45,135 [Thread-645] WARN  impl.MetricsSystemImpl (MetricsSystemImpl.java:register(276)) - Sink prometheus already exists!
2019-10-18 11:51:45,136 [Thread-645] INFO  server.BaseHttpServer (BaseHttpServer.java:updateConnectorAddress(215)) - HTTP server of OZONEMANAGER is listening at http://0.0.0.0:35777
2019-10-18 11:51:45,144 [Thread-645] INFO  impl.MetricsSystemImpl (MetricsSystemImpl.java:init(158)) - HddsDatanode metrics system started (again)
2019-10-18 11:51:45,147 [Thread-645] INFO  ozone.HddsDatanodeService (HddsDatanodeService.java:start(184)) - HddsDatanodeService host:pr-hdds-2208-pnh8d-353521125 ip:192.168.34.5
2019-10-18 11:51:45,205 [Thread-645] INFO  volume.HddsVolume (HddsVolume.java:<init>(176)) - Creating Volume: /workdir/hadoop-ozone/ozonefs/target/test-dir/MiniOzoneClusterImpl-e8cad9af-dab6-422c-b187-d20201875e57/datanode-0/data/containers/hdds of  storage type : DISK and capacity : 1482555576320
2019-10-18 11:51:45,206 [Thread-645] INFO  volume.VolumeSet (VolumeSet.java:initializeVolumeSet(170)) - Added Volume : /workdir/hadoop-ozone/ozonefs/target/test-dir/MiniOzoneClusterImpl-e8cad9af-dab6-422c-b187-d20201875e57/datanode-0/data/containers/hdds to VolumeSet
2019-10-18 11:51:45,207 [Thread-645] INFO  volume.ThrottledAsyncChecker (ThrottledAsyncChecker.java:schedule(141)) - Scheduling a check for /workdir/hadoop-ozone/ozonefs/target/test-dir/MiniOzoneClusterImpl-e8cad9af-dab6-422c-b187-d20201875e57/datanode-0/data/containers/hdds
2019-10-18 11:51:45,208 [Thread-645] INFO  volume.HddsVolumeChecker (HddsVolumeChecker.java:checkAllVolumes(204)) - Scheduled health check for volume /workdir/hadoop-ozone/ozonefs/target/test-dir/MiniOzoneClusterImpl-e8cad9af-dab6-422c-b187-d20201875e57/datanode-0/data/containers/hdds
2019-10-18 11:51:45,232 [Thread-645] INFO  impl.RaftServerProxy (ConfUtils.java:logGet(43)) - raft.rpc.type = GRPC (default)
2019-10-18 11:51:45,232 [Thread-645] INFO  grpc.GrpcFactory (GrpcFactory.java:checkPooledByteBufAllocatorUseCacheForAllThreads(45)) - PERFORMANCE WARNING: useCacheForAllThreads is true that may cause Netty to create a lot garbage objects and, as a result, trigger GC.
	It is recommended to disable useCacheForAllThreads by setting -Dorg.apache.ratis.thirdparty.io.netty.allocator.useCacheForAllThreads=false in command line.
2019-10-18 11:51:45,233 [Thread-645] INFO  grpc.GrpcConfigKeys$Server (ConfUtils.java:logGet(43)) - raft.grpc.server.port = 0 (default)
2019-10-18 11:51:45,234 [Thread-645] INFO  server.GrpcService (ConfUtils.java:logGet(43)) - raft.grpc.message.size.max = 33570816 (custom)
2019-10-18 11:51:45,234 [Thread-645] INFO  server.RaftServerConfigKeys (ConfUtils.java:logGet(43)) - raft.server.log.appender.buffer.byte-limit = 33554432 (custom)
2019-10-18 11:51:45,234 [Thread-645] INFO  server.GrpcService (ConfUtils.java:logGet(43)) - raft.grpc.flow.control.window = 1MB (=1048576) (default)
2019-10-18 11:51:45,234 [Thread-645] INFO  server.RaftServerConfigKeys (ConfUtils.java:logGet(43)) - raft.server.rpc.request.timeout = 3000ms (default)
2019-10-18 11:51:45,235 [Thread-645] INFO  server.RaftServerConfigKeys (ConfUtils.java:logGet(43)) - raft.server.storage.dir = [/workdir/hadoop-ozone/ozonefs/target/test-dir/MiniOzoneClusterImpl-e8cad9af-dab6-422c-b187-d20201875e57/datanode-0/data/ratis] (custom)
2019-10-18 11:51:45,236 [Thread-645] INFO  hdfs.DFSUtil (DFSUtil.java:httpServerTemplateForNNAndJN(1641)) - Starting Web-server for hddsDatanode at: http://0.0.0.0:0
2019-10-18 11:51:45,238 [Thread-645] INFO  server.AuthenticationFilter (AuthenticationFilter.java:constructSecretProvider(240)) - Unable to initialize FileSignerSecretProvider, falling back to use random secrets.
2019-10-18 11:51:45,239 [Thread-645] WARN  http.HttpRequestLog (HttpRequestLog.java:getRequestLog(97)) - Jetty request log can only be enabled using Log4j
2019-10-18 11:51:45,240 [Thread-645] INFO  http.HttpServer2 (HttpServer2.java:addGlobalFilter(975)) - Added global filter 'safety' (class=org.apache.hadoop.http.HttpServer2$QuotingInputFilter)
2019-10-18 11:51:45,241 [Thread-645] INFO  http.HttpServer2 (HttpServer2.java:addFilter(948)) - Added filter static_user_filter (class=org.apache.hadoop.http.lib.StaticUserWebFilter$StaticUserFilter) to context hddsDatanode
2019-10-18 11:51:45,241 [Thread-645] INFO  http.HttpServer2 (HttpServer2.java:addFilter(958)) - Added filter static_user_filter (class=org.apache.hadoop.http.lib.StaticUserWebFilter$StaticUserFilter) to context static
2019-10-18 11:51:45,241 [Thread-645] INFO  http.HttpServer2 (HttpServer2.java:addFilter(958)) - Added filter static_user_filter (class=org.apache.hadoop.http.lib.StaticUserWebFilter$StaticUserFilter) to context logs
2019-10-18 11:51:45,242 [Thread-645] INFO  http.HttpServer2 (HttpServer2.java:bindListener(1191)) - Jetty bound to port 36885
2019-10-18 11:51:45,242 [Thread-645] INFO  server.Server (Server.java:doStart(351)) - jetty-9.3.25.v20180904, build timestamp: 2018-09-04T21:11:46Z, git hash: 3ce520221d0240229c862b122d2b06c12a625732
2019-10-18 11:51:45,243 [Thread-645] INFO  handler.ContextHandler (ContextHandler.java:doStart(781)) - Started o.e.j.s.ServletContextHandler@7f3489e9{/logs,file:///workdir/hadoop-ozone/ozonefs/target/log,AVAILABLE}
2019-10-18 11:51:45,244 [Thread-645] INFO  handler.ContextHandler (ContextHandler.java:doStart(781)) - Started o.e.j.s.ServletContextHandler@2533d1d9{/static,jar:file:/home/user/.m2/repository/org/apache/hadoop/hadoop-hdds-container-service/0.5.0-SNAPSHOT/hadoop-hdds-container-service-0.5.0-SNAPSHOT.jar!/webapps/static,AVAILABLE}
2019-10-18 11:51:45,337 [Thread-645] INFO  handler.ContextHandler (ContextHandler.java:doStart(781)) - Started o.e.j.w.WebAppContext@670ce08b{/,file:///tmp/jetty-0.0.0.0-36885-hddsDatanode-_-any-5221795673887356774.dir/webapp/,AVAILABLE}{/hddsDatanode}
2019-10-18 11:51:45,338 [Thread-645] INFO  server.AbstractConnector (AbstractConnector.java:doStart(278)) - Started ServerConnector@7639abd9{HTTP/1.1,[http/1.1]}{0.0.0.0:36885}
2019-10-18 11:51:45,339 [Thread-645] INFO  server.Server (Server.java:doStart(419)) - Started @64937ms
2019-10-18 11:51:45,339 [Thread-645] WARN  impl.MetricsSystemImpl (MetricsSystemImpl.java:register(276)) - Sink prometheus already exists!
2019-10-18 11:51:45,340 [Thread-645] INFO  server.BaseHttpServer (BaseHttpServer.java:updateConnectorAddress(215)) - HTTP server of HDDSDATANODE is listening at http://0.0.0.0:36885
2019-10-18 11:51:45,341 [Thread-645] INFO  impl.MetricsSystemImpl (MetricsSystemImpl.java:init(158)) - HddsDatanode metrics system started (again)
2019-10-18 11:51:45,345 [org.apache.hadoop.util.JvmPauseMonitor$Monitor@7173dd06] INFO  util.JvmPauseMonitor (JvmPauseMonitor.java:run(188)) - Starting JVM pause monitor
2019-10-18 11:51:45,346 [Thread-645] INFO  ozone.HddsDatanodeService (HddsDatanodeService.java:start(184)) - HddsDatanodeService host:pr-hdds-2208-pnh8d-353521125 ip:192.168.34.5
2019-10-18 11:51:45,348 [Datanode State Machine Thread - 0] INFO  datanode.InitDatanodeState (InitDatanodeState.java:persistContainerDatanodeDetails(140)) - DatanodeDetails is persisted to /workdir/hadoop-ozone/ozonefs/target/test-dir/MiniOzoneClusterImpl-e8cad9af-dab6-422c-b187-d20201875e57/datanode-0/meta/datanode.id
2019-10-18 11:51:45,355 [Thread-645] INFO  volume.HddsVolume (HddsVolume.java:<init>(176)) - Creating Volume: /workdir/hadoop-ozone/ozonefs/target/test-dir/MiniOzoneClusterImpl-e8cad9af-dab6-422c-b187-d20201875e57/datanode-1/data/containers/hdds of  storage type : DISK and capacity : 1482555576320
2019-10-18 11:51:45,355 [Thread-645] INFO  volume.VolumeSet (VolumeSet.java:initializeVolumeSet(170)) - Added Volume : /workdir/hadoop-ozone/ozonefs/target/test-dir/MiniOzoneClusterImpl-e8cad9af-dab6-422c-b187-d20201875e57/datanode-1/data/containers/hdds to VolumeSet
2019-10-18 11:51:45,355 [Thread-645] INFO  volume.ThrottledAsyncChecker (ThrottledAsyncChecker.java:schedule(141)) - Scheduling a check for /workdir/hadoop-ozone/ozonefs/target/test-dir/MiniOzoneClusterImpl-e8cad9af-dab6-422c-b187-d20201875e57/datanode-1/data/containers/hdds
2019-10-18 11:51:45,356 [Thread-645] INFO  volume.HddsVolumeChecker (HddsVolumeChecker.java:checkAllVolumes(204)) - Scheduled health check for volume /workdir/hadoop-ozone/ozonefs/target/test-dir/MiniOzoneClusterImpl-e8cad9af-dab6-422c-b187-d20201875e57/datanode-1/data/containers/hdds
2019-10-18 11:51:45,387 [Thread-645] INFO  impl.RaftServerProxy (ConfUtils.java:logGet(43)) - raft.rpc.type = GRPC (default)
2019-10-18 11:51:45,387 [Thread-645] INFO  grpc.GrpcFactory (GrpcFactory.java:checkPooledByteBufAllocatorUseCacheForAllThreads(45)) - PERFORMANCE WARNING: useCacheForAllThreads is true that may cause Netty to create a lot garbage objects and, as a result, trigger GC.
	It is recommended to disable useCacheForAllThreads by setting -Dorg.apache.ratis.thirdparty.io.netty.allocator.useCacheForAllThreads=false in command line.
2019-10-18 11:51:45,388 [Thread-645] INFO  grpc.GrpcConfigKeys$Server (ConfUtils.java:logGet(43)) - raft.grpc.server.port = 0 (default)
2019-10-18 11:51:45,388 [Thread-645] INFO  server.GrpcService (ConfUtils.java:logGet(43)) - raft.grpc.message.size.max = 33570816 (custom)
2019-10-18 11:51:45,388 [Thread-645] INFO  server.RaftServerConfigKeys (ConfUtils.java:logGet(43)) - raft.server.log.appender.buffer.byte-limit = 33554432 (custom)
2019-10-18 11:51:45,388 [Thread-645] INFO  server.GrpcService (ConfUtils.java:logGet(43)) - raft.grpc.flow.control.window = 1MB (=1048576) (default)
2019-10-18 11:51:45,388 [Thread-645] INFO  server.RaftServerConfigKeys (ConfUtils.java:logGet(43)) - raft.server.rpc.request.timeout = 3000ms (default)
2019-10-18 11:51:45,389 [Thread-645] INFO  server.RaftServerConfigKeys (ConfUtils.java:logGet(43)) - raft.server.storage.dir = [/workdir/hadoop-ozone/ozonefs/target/test-dir/MiniOzoneClusterImpl-e8cad9af-dab6-422c-b187-d20201875e57/datanode-1/data/ratis] (custom)
2019-10-18 11:51:45,391 [Thread-645] INFO  hdfs.DFSUtil (DFSUtil.java:httpServerTemplateForNNAndJN(1641)) - Starting Web-server for hddsDatanode at: http://0.0.0.0:0
2019-10-18 11:51:45,394 [Thread-645] INFO  server.AuthenticationFilter (AuthenticationFilter.java:constructSecretProvider(240)) - Unable to initialize FileSignerSecretProvider, falling back to use random secrets.
2019-10-18 11:51:45,394 [Thread-645] WARN  http.HttpRequestLog (HttpRequestLog.java:getRequestLog(97)) - Jetty request log can only be enabled using Log4j
2019-10-18 11:51:45,397 [Thread-645] INFO  http.HttpServer2 (HttpServer2.java:addGlobalFilter(975)) - Added global filter 'safety' (class=org.apache.hadoop.http.HttpServer2$QuotingInputFilter)
2019-10-18 11:51:45,398 [Thread-645] INFO  http.HttpServer2 (HttpServer2.java:addFilter(948)) - Added filter static_user_filter (class=org.apache.hadoop.http.lib.StaticUserWebFilter$StaticUserFilter) to context hddsDatanode
2019-10-18 11:51:45,399 [Thread-645] INFO  http.HttpServer2 (HttpServer2.java:addFilter(958)) - Added filter static_user_filter (class=org.apache.hadoop.http.lib.StaticUserWebFilter$StaticUserFilter) to context static
2019-10-18 11:51:45,399 [Thread-645] INFO  http.HttpServer2 (HttpServer2.java:addFilter(958)) - Added filter static_user_filter (class=org.apache.hadoop.http.lib.StaticUserWebFilter$StaticUserFilter) to context logs
2019-10-18 11:51:45,400 [Thread-645] INFO  http.HttpServer2 (HttpServer2.java:bindListener(1191)) - Jetty bound to port 41287
2019-10-18 11:51:45,400 [Thread-645] INFO  server.Server (Server.java:doStart(351)) - jetty-9.3.25.v20180904, build timestamp: 2018-09-04T21:11:46Z, git hash: 3ce520221d0240229c862b122d2b06c12a625732
2019-10-18 11:51:45,402 [Thread-645] INFO  handler.ContextHandler (ContextHandler.java:doStart(781)) - Started o.e.j.s.ServletContextHandler@7dba5054{/logs,file:///workdir/hadoop-ozone/ozonefs/target/log,AVAILABLE}
2019-10-18 11:51:45,403 [Thread-645] INFO  handler.ContextHandler (ContextHandler.java:doStart(781)) - Started o.e.j.s.ServletContextHandler@436e9156{/static,jar:file:/home/user/.m2/repository/org/apache/hadoop/hadoop-hdds-container-service/0.5.0-SNAPSHOT/hadoop-hdds-container-service-0.5.0-SNAPSHOT.jar!/webapps/static,AVAILABLE}
2019-10-18 11:51:45,448 [Thread-645] INFO  handler.ContextHandler (ContextHandler.java:doStart(781)) - Started o.e.j.w.WebAppContext@534a68b2{/,file:///tmp/jetty-0.0.0.0-41287-hddsDatanode-_-any-7964346577326162380.dir/webapp/,AVAILABLE}{/hddsDatanode}
2019-10-18 11:51:45,448 [Thread-645] INFO  server.AbstractConnector (AbstractConnector.java:doStart(278)) - Started ServerConnector@684d2684{HTTP/1.1,[http/1.1]}{0.0.0.0:41287}
2019-10-18 11:51:45,450 [Thread-645] INFO  server.Server (Server.java:doStart(419)) - Started @65047ms
2019-10-18 11:51:45,450 [Thread-645] WARN  impl.MetricsSystemImpl (MetricsSystemImpl.java:register(276)) - Sink prometheus already exists!
2019-10-18 11:51:45,451 [Thread-645] INFO  server.BaseHttpServer (BaseHttpServer.java:updateConnectorAddress(215)) - HTTP server of HDDSDATANODE is listening at http://0.0.0.0:41287
2019-10-18 11:51:45,451 [Thread-645] INFO  impl.MetricsSystemImpl (MetricsSystemImpl.java:init(158)) - HddsDatanode metrics system started (again)
2019-10-18 11:51:45,454 [org.apache.hadoop.util.JvmPauseMonitor$Monitor@48186ed8] INFO  util.JvmPauseMonitor (JvmPauseMonitor.java:run(188)) - Starting JVM pause monitor
2019-10-18 11:51:45,454 [Thread-645] INFO  ozone.HddsDatanodeService (HddsDatanodeService.java:start(184)) - HddsDatanodeService host:pr-hdds-2208-pnh8d-353521125 ip:192.168.34.5
2019-10-18 11:51:45,456 [Datanode State Machine Thread - 0] INFO  datanode.InitDatanodeState (InitDatanodeState.java:persistContainerDatanodeDetails(140)) - DatanodeDetails is persisted to /workdir/hadoop-ozone/ozonefs/target/test-dir/MiniOzoneClusterImpl-e8cad9af-dab6-422c-b187-d20201875e57/datanode-1/meta/datanode.id
2019-10-18 11:51:45,462 [Thread-645] INFO  volume.HddsVolume (HddsVolume.java:<init>(176)) - Creating Volume: /workdir/hadoop-ozone/ozonefs/target/test-dir/MiniOzoneClusterImpl-e8cad9af-dab6-422c-b187-d20201875e57/datanode-2/data/containers/hdds of  storage type : DISK and capacity : 1482555576320
2019-10-18 11:51:45,462 [Thread-645] INFO  volume.VolumeSet (VolumeSet.java:initializeVolumeSet(170)) - Added Volume : /workdir/hadoop-ozone/ozonefs/target/test-dir/MiniOzoneClusterImpl-e8cad9af-dab6-422c-b187-d20201875e57/datanode-2/data/containers/hdds to VolumeSet
2019-10-18 11:51:45,462 [Thread-645] INFO  volume.ThrottledAsyncChecker (ThrottledAsyncChecker.java:schedule(141)) - Scheduling a check for /workdir/hadoop-ozone/ozonefs/target/test-dir/MiniOzoneClusterImpl-e8cad9af-dab6-422c-b187-d20201875e57/datanode-2/data/containers/hdds
2019-10-18 11:51:45,463 [Thread-645] INFO  volume.HddsVolumeChecker (HddsVolumeChecker.java:checkAllVolumes(204)) - Scheduled health check for volume /workdir/hadoop-ozone/ozonefs/target/test-dir/MiniOzoneClusterImpl-e8cad9af-dab6-422c-b187-d20201875e57/datanode-2/data/containers/hdds
2019-10-18 11:51:45,486 [Thread-645] INFO  impl.RaftServerProxy (ConfUtils.java:logGet(43)) - raft.rpc.type = GRPC (default)
2019-10-18 11:51:45,486 [Thread-645] INFO  grpc.GrpcFactory (GrpcFactory.java:checkPooledByteBufAllocatorUseCacheForAllThreads(45)) - PERFORMANCE WARNING: useCacheForAllThreads is true that may cause Netty to create a lot garbage objects and, as a result, trigger GC.
	It is recommended to disable useCacheForAllThreads by setting -Dorg.apache.ratis.thirdparty.io.netty.allocator.useCacheForAllThreads=false in command line.
2019-10-18 11:51:45,486 [Thread-645] INFO  grpc.GrpcConfigKeys$Server (ConfUtils.java:logGet(43)) - raft.grpc.server.port = 0 (default)
2019-10-18 11:51:45,486 [Thread-645] INFO  server.GrpcService (ConfUtils.java:logGet(43)) - raft.grpc.message.size.max = 33570816 (custom)
2019-10-18 11:51:45,486 [Thread-645] INFO  server.RaftServerConfigKeys (ConfUtils.java:logGet(43)) - raft.server.log.appender.buffer.byte-limit = 33554432 (custom)
2019-10-18 11:51:45,486 [Thread-645] INFO  server.GrpcService (ConfUtils.java:logGet(43)) - raft.grpc.flow.control.window = 1MB (=1048576) (default)
2019-10-18 11:51:45,487 [Thread-645] INFO  server.RaftServerConfigKeys (ConfUtils.java:logGet(43)) - raft.server.rpc.request.timeout = 3000ms (default)
2019-10-18 11:51:45,487 [Thread-645] INFO  server.RaftServerConfigKeys (ConfUtils.java:logGet(43)) - raft.server.storage.dir = [/workdir/hadoop-ozone/ozonefs/target/test-dir/MiniOzoneClusterImpl-e8cad9af-dab6-422c-b187-d20201875e57/datanode-2/data/ratis] (custom)
2019-10-18 11:51:45,489 [Thread-645] INFO  hdfs.DFSUtil (DFSUtil.java:httpServerTemplateForNNAndJN(1641)) - Starting Web-server for hddsDatanode at: http://0.0.0.0:0
2019-10-18 11:51:45,491 [Thread-645] INFO  server.AuthenticationFilter (AuthenticationFilter.java:constructSecretProvider(240)) - Unable to initialize FileSignerSecretProvider, falling back to use random secrets.
2019-10-18 11:51:45,491 [Thread-645] WARN  http.HttpRequestLog (HttpRequestLog.java:getRequestLog(97)) - Jetty request log can only be enabled using Log4j
2019-10-18 11:51:45,493 [Thread-645] INFO  http.HttpServer2 (HttpServer2.java:addGlobalFilter(975)) - Added global filter 'safety' (class=org.apache.hadoop.http.HttpServer2$QuotingInputFilter)
2019-10-18 11:51:45,493 [Thread-645] INFO  http.HttpServer2 (HttpServer2.java:addFilter(948)) - Added filter static_user_filter (class=org.apache.hadoop.http.lib.StaticUserWebFilter$StaticUserFilter) to context hddsDatanode
2019-10-18 11:51:45,493 [Thread-645] INFO  http.HttpServer2 (HttpServer2.java:addFilter(958)) - Added filter static_user_filter (class=org.apache.hadoop.http.lib.StaticUserWebFilter$StaticUserFilter) to context logs
2019-10-18 11:51:45,493 [Thread-645] INFO  http.HttpServer2 (HttpServer2.java:addFilter(958)) - Added filter static_user_filter (class=org.apache.hadoop.http.lib.StaticUserWebFilter$StaticUserFilter) to context static
2019-10-18 11:51:45,494 [Thread-645] INFO  http.HttpServer2 (HttpServer2.java:bindListener(1191)) - Jetty bound to port 39878
2019-10-18 11:51:45,494 [Thread-645] INFO  server.Server (Server.java:doStart(351)) - jetty-9.3.25.v20180904, build timestamp: 2018-09-04T21:11:46Z, git hash: 3ce520221d0240229c862b122d2b06c12a625732
2019-10-18 11:51:45,496 [Thread-645] INFO  handler.ContextHandler (ContextHandler.java:doStart(781)) - Started o.e.j.s.ServletContextHandler@488eb16c{/logs,file:///workdir/hadoop-ozone/ozonefs/target/log,AVAILABLE}
2019-10-18 11:51:45,499 [Thread-645] INFO  handler.ContextHandler (ContextHandler.java:doStart(781)) - Started o.e.j.s.ServletContextHandler@7ccba36f{/static,jar:file:/home/user/.m2/repository/org/apache/hadoop/hadoop-hdds-container-service/0.5.0-SNAPSHOT/hadoop-hdds-container-service-0.5.0-SNAPSHOT.jar!/webapps/static,AVAILABLE}
2019-10-18 11:51:45,528 [Thread-645] INFO  handler.ContextHandler (ContextHandler.java:doStart(781)) - Started o.e.j.w.WebAppContext@2390f1a5{/,file:///tmp/jetty-0.0.0.0-39878-hddsDatanode-_-any-7117942138881216231.dir/webapp/,AVAILABLE}{/hddsDatanode}
2019-10-18 11:51:45,529 [Thread-645] INFO  server.AbstractConnector (AbstractConnector.java:doStart(278)) - Started ServerConnector@508e0ad0{HTTP/1.1,[http/1.1]}{0.0.0.0:39878}
2019-10-18 11:51:45,530 [Thread-645] INFO  server.Server (Server.java:doStart(419)) - Started @65127ms
2019-10-18 11:51:45,530 [Thread-645] WARN  impl.MetricsSystemImpl (MetricsSystemImpl.java:register(276)) - Sink prometheus already exists!
2019-10-18 11:51:45,531 [Thread-645] INFO  server.BaseHttpServer (BaseHttpServer.java:updateConnectorAddress(215)) - HTTP server of HDDSDATANODE is listening at http://0.0.0.0:39878
2019-10-18 11:51:45,531 [Thread-645] INFO  ozone.MiniOzoneClusterImpl (MiniOzoneClusterImpl.java:lambda$waitForClusterToBeReady$0(147)) - Waiting for cluster to be ready. Got 0 of 3 DN Heartbeats.
2019-10-18 11:51:45,533 [org.apache.hadoop.util.JvmPauseMonitor$Monitor@27ec0949] INFO  util.JvmPauseMonitor (JvmPauseMonitor.java:run(188)) - Starting JVM pause monitor
2019-10-18 11:51:45,536 [Datanode State Machine Thread - 0] INFO  datanode.InitDatanodeState (InitDatanodeState.java:persistContainerDatanodeDetails(140)) - DatanodeDetails is persisted to /workdir/hadoop-ozone/ozonefs/target/test-dir/MiniOzoneClusterImpl-e8cad9af-dab6-422c-b187-d20201875e57/datanode-2/meta/datanode.id
2019-10-18 11:51:46,532 [Thread-645] INFO  ozone.MiniOzoneClusterImpl (MiniOzoneClusterImpl.java:lambda$waitForClusterToBeReady$0(147)) - Waiting for cluster to be ready. Got 0 of 3 DN Heartbeats.
2019-10-18 11:51:47,374 [Datanode State Machine Thread - 0] INFO  ozoneimpl.OzoneContainer (OzoneContainer.java:start(213)) - Attempting to start container services.
2019-10-18 11:51:47,375 [Datanode State Machine Thread - 0] INFO  ozoneimpl.OzoneContainer (OzoneContainer.java:startContainerScrub(177)) - Background container scanner has been disabled.
2019-10-18 11:51:47,375 [Datanode State Machine Thread - 0] INFO  ratis.XceiverServerRatis (XceiverServerRatis.java:start(418)) - Starting XceiverServerRatis 0616bf17-8096-425b-81d5-680d73392260 at port 0
2019-10-18 11:51:47,382 [Datanode State Machine Thread - 0] INFO  impl.RaftServerProxy (RaftServerProxy.java:lambda$start$3(299)) - 0616bf17-8096-425b-81d5-680d73392260: start RPC server
2019-10-18 11:51:47,384 [Datanode State Machine Thread - 0] INFO  server.GrpcService (GrpcService.java:startImpl(158)) - 0616bf17-8096-425b-81d5-680d73392260: GrpcService started, listening on 0.0.0.0/0.0.0.0:33207
2019-10-18 11:51:47,384 [Datanode State Machine Thread - 0] INFO  ratis.XceiverServerRatis (XceiverServerRatis.java:start(428)) - XceiverServerRatis 0616bf17-8096-425b-81d5-680d73392260 is started using port 33207
2019-10-18 11:51:47,389 [Datanode State Machine Thread - 0] INFO  server.XceiverServerGrpc (XceiverServerGrpc.java:start(149)) - XceiverServerGrpc 0616bf17-8096-425b-81d5-680d73392260 is started using port 37032
2019-10-18 11:51:47,480 [Datanode State Machine Thread - 0] INFO  ozoneimpl.OzoneContainer (OzoneContainer.java:start(213)) - Attempting to start container services.
2019-10-18 11:51:47,481 [Datanode State Machine Thread - 0] INFO  ozoneimpl.OzoneContainer (OzoneContainer.java:startContainerScrub(177)) - Background container scanner has been disabled.
2019-10-18 11:51:47,481 [Datanode State Machine Thread - 0] INFO  ratis.XceiverServerRatis (XceiverServerRatis.java:start(418)) - Starting XceiverServerRatis f6457e38-f2bb-4d30-b8b7-4f0ed3f93aea at port 0
2019-10-18 11:51:47,533 [Thread-645] INFO  ozone.MiniOzoneClusterImpl (MiniOzoneClusterImpl.java:lambda$waitForClusterToBeReady$0(147)) - Waiting for cluster to be ready. Got 0 of 3 DN Heartbeats.
2019-10-18 11:51:47,679 [Datanode State Machine Thread - 0] INFO  ozoneimpl.OzoneContainer (OzoneContainer.java:start(213)) - Attempting to start container services.
2019-10-18 11:51:47,680 [Datanode State Machine Thread - 0] INFO  ozoneimpl.OzoneContainer (OzoneContainer.java:startContainerScrub(177)) - Background container scanner has been disabled.
2019-10-18 11:51:47,680 [Datanode State Machine Thread - 0] INFO  ratis.XceiverServerRatis (XceiverServerRatis.java:start(418)) - Starting XceiverServerRatis 485ee567-9abe-4993-b798-ae6e4b1ba013 at port 0
2019-10-18 11:51:47,689 [Datanode State Machine Thread - 0] INFO  impl.RaftServerProxy (RaftServerProxy.java:lambda$start$3(299)) - f6457e38-f2bb-4d30-b8b7-4f0ed3f93aea: start RPC server
2019-10-18 11:51:47,691 [Datanode State Machine Thread - 0] INFO  server.GrpcService (GrpcService.java:startImpl(158)) - f6457e38-f2bb-4d30-b8b7-4f0ed3f93aea: GrpcService started, listening on 0.0.0.0/0.0.0.0:40789
2019-10-18 11:51:47,691 [Datanode State Machine Thread - 0] INFO  ratis.XceiverServerRatis (XceiverServerRatis.java:start(428)) - XceiverServerRatis f6457e38-f2bb-4d30-b8b7-4f0ed3f93aea is started using port 40789
2019-10-18 11:51:47,692 [Datanode State Machine Thread - 0] INFO  server.XceiverServerGrpc (XceiverServerGrpc.java:start(149)) - XceiverServerGrpc f6457e38-f2bb-4d30-b8b7-4f0ed3f93aea is started using port 40365
2019-10-18 11:51:47,700 [Datanode State Machine Thread - 0] INFO  impl.RaftServerProxy (RaftServerProxy.java:lambda$start$3(299)) - 485ee567-9abe-4993-b798-ae6e4b1ba013: start RPC server
2019-10-18 11:51:47,700 [Datanode State Machine Thread - 0] INFO  server.GrpcService (GrpcService.java:startImpl(158)) - 485ee567-9abe-4993-b798-ae6e4b1ba013: GrpcService started, listening on 0.0.0.0/0.0.0.0:43226
2019-10-18 11:51:47,701 [Datanode State Machine Thread - 0] INFO  ratis.XceiverServerRatis (XceiverServerRatis.java:start(428)) - XceiverServerRatis 485ee567-9abe-4993-b798-ae6e4b1ba013 is started using port 43226
2019-10-18 11:51:47,701 [Datanode State Machine Thread - 0] INFO  server.XceiverServerGrpc (XceiverServerGrpc.java:start(149)) - XceiverServerGrpc 485ee567-9abe-4993-b798-ae6e4b1ba013 is started using port 39479
2019-10-18 11:51:48,533 [Thread-645] INFO  ozone.MiniOzoneClusterImpl (MiniOzoneClusterImpl.java:lambda$waitForClusterToBeReady$0(147)) - Waiting for cluster to be ready. Got 0 of 3 DN Heartbeats.
2019-10-18 11:51:49,349 [IPC Server handler 0 on 44343] INFO  net.NetworkTopology (NetworkTopologyImpl.java:add(111)) - Added a new node: /default-rack/0616bf17-8096-425b-81d5-680d73392260
2019-10-18 11:51:49,350 [IPC Server handler 0 on 44343] INFO  node.SCMNodeManager (SCMNodeManager.java:register(268)) - Registered Data node : 0616bf17-8096-425b-81d5-680d73392260{ip: 192.168.34.5, host: pr-hdds-2208-pnh8d-353521125, networkLocation: /default-rack, certSerialId: null}
2019-10-18 11:51:49,351 [EventQueue-NodeRegistrationContainerReportForDataNodeSafeModeRule] INFO  safemode.SCMSafeModeManager (DataNodeSafeModeRule.java:process(71)) - SCM in safe mode. 1 DataNodes registered, 1 required.
2019-10-18 11:51:49,353 [EventQueue-NodeRegistrationContainerReportForDataNodeSafeModeRule] INFO  safemode.SCMSafeModeManager (SCMSafeModeManager.java:validateSafeModeExitRules(177)) - ScmSafeModeManager, all rules are successfully validated
2019-10-18 11:51:49,353 [EventQueue-NodeRegistrationContainerReportForDataNodeSafeModeRule] INFO  safemode.SCMSafeModeManager (SCMSafeModeManager.java:exitSafeMode(193)) - SCM exiting safe mode.
2019-10-18 11:51:49,367 [grpc-default-executor-0] INFO  impl.RaftServerProxy (RaftServerProxy.java:addNew(89)) - 0616bf17-8096-425b-81d5-680d73392260: addNew group-E3AA3616A720:[0616bf17-8096-425b-81d5-680d73392260:192.168.34.5:33207] returns group-E3AA3616A720:java.util.concurrent.CompletableFuture@5aac0b8a[Not completed]
2019-10-18 11:51:49,369 [pool-177-thread-1] INFO  impl.RaftServerImpl (RaftServerImpl.java:<init>(95)) - 0616bf17-8096-425b-81d5-680d73392260: new RaftServerImpl for group-E3AA3616A720:[0616bf17-8096-425b-81d5-680d73392260:192.168.34.5:33207] with ContainerStateMachine:uninitialized
2019-10-18 11:51:49,370 [pool-177-thread-1] INFO  server.RaftServerConfigKeys (ConfUtils.java:logGet(43)) - raft.server.rpc.timeout.min = 5s (custom)
2019-10-18 11:51:49,370 [pool-177-thread-1] INFO  server.RaftServerConfigKeys (ConfUtils.java:logGet(43)) - raft.server.rpc.timeout.max = 5200ms (custom)
2019-10-18 11:51:49,370 [pool-177-thread-1] INFO  server.RaftServerConfigKeys (ConfUtils.java:logGet(43)) - raft.server.rpcslowness.timeout = 120s (custom)
2019-10-18 11:51:49,370 [pool-177-thread-1] INFO  server.RaftServerConfigKeys (ConfUtils.java:logGet(43)) - raft.server.sleep.deviation.threshold = 300 (default)
2019-10-18 11:51:49,370 [pool-177-thread-1] INFO  server.RaftServerConfigKeys (ConfUtils.java:logGet(43)) - raft.server.log.appender.install.snapshot.enabled = false (custom)
2019-10-18 11:51:49,371 [pool-177-thread-1] INFO  impl.RaftServerImpl (ServerState.java:<init>(103)) - 0616bf17-8096-425b-81d5-680d73392260@group-E3AA3616A720: ConfigurationManager, init=-1: [0616bf17-8096-425b-81d5-680d73392260:192.168.34.5:33207], old=null, confs=<EMPTY_MAP>
2019-10-18 11:51:49,371 [pool-177-thread-1] INFO  server.RaftServerConfigKeys (ConfUtils.java:logGet(43)) - raft.server.storage.dir = [/workdir/hadoop-ozone/ozonefs/target/test-dir/MiniOzoneClusterImpl-e8cad9af-dab6-422c-b187-d20201875e57/datanode-0/data/ratis] (custom)
2019-10-18 11:51:49,371 [pool-177-thread-1] INFO  server.RaftServerConfigKeys (ConfUtils.java:logGet(43)) - raft.server.log.corruption.policy = EXCEPTION (default)
2019-10-18 11:51:49,371 [pool-177-thread-1] INFO  storage.RaftStorageDirectory (RaftStorageDirectory.java:analyzeStorage(246)) - The storage directory /workdir/hadoop-ozone/ozonefs/target/test-dir/MiniOzoneClusterImpl-e8cad9af-dab6-422c-b187-d20201875e57/datanode-0/data/ratis/b1f1eff1-45c6-4803-bb03-e3aa3616a720 does not exist. Creating ...
2019-10-18 11:51:49,455 [IPC Server handler 2 on 44343] INFO  net.NetworkTopology (NetworkTopologyImpl.java:add(111)) - Added a new node: /default-rack/f6457e38-f2bb-4d30-b8b7-4f0ed3f93aea
2019-10-18 11:51:49,456 [IPC Server handler 2 on 44343] INFO  node.SCMNodeManager (SCMNodeManager.java:register(268)) - Registered Data node : f6457e38-f2bb-4d30-b8b7-4f0ed3f93aea{ip: 192.168.34.5, host: pr-hdds-2208-pnh8d-353521125, networkLocation: /default-rack, certSerialId: null}
2019-10-18 11:51:49,533 [Thread-645] INFO  ozone.MiniOzoneClusterImpl (MiniOzoneClusterImpl.java:lambda$waitForClusterToBeReady$0(147)) - Waiting for cluster to be ready. Got 2 of 3 DN Heartbeats.
2019-10-18 11:51:49,536 [IPC Server handler 3 on 44343] INFO  net.NetworkTopology (NetworkTopologyImpl.java:add(111)) - Added a new node: /default-rack/485ee567-9abe-4993-b798-ae6e4b1ba013
2019-10-18 11:51:49,536 [IPC Server handler 3 on 44343] INFO  node.SCMNodeManager (SCMNodeManager.java:register(268)) - Registered Data node : 485ee567-9abe-4993-b798-ae6e4b1ba013{ip: 192.168.34.5, host: pr-hdds-2208-pnh8d-353521125, networkLocation: /default-rack, certSerialId: null}
2019-10-18 11:51:50,211 [pool-177-thread-1] INFO  storage.RaftStorageDirectory (RaftStorageDirectory.java:tryLock(328)) - Lock on /workdir/hadoop-ozone/ozonefs/target/test-dir/MiniOzoneClusterImpl-e8cad9af-dab6-422c-b187-d20201875e57/datanode-0/data/ratis/b1f1eff1-45c6-4803-bb03-e3aa3616a720/in_use.lock acquired by nodename 5968@pr-hdds-2208-pnh8d-353521125
2019-10-18 11:51:50,534 [Thread-645] INFO  ozone.MiniOzoneClusterImpl (MiniOzoneClusterImpl.java:lambda$waitForClusterToBeReady$0(147)) - Cluster is ready. Got 3 of 3 DN Heartbeats.
2019-10-18 11:51:50,582 [Thread-645] INFO  rpc.RpcClient (RpcClient.java:createVolume(272)) - Creating Volume: volume51670, with user45142 as owner.
2019-10-18 11:51:50,587 [IPC Server handler 0 on 41802] INFO  volume.OMVolumeCreateRequest (OMVolumeCreateRequest.java:validateAndUpdateCache(193)) - created volume:volume51670 for user:user45142
2019-10-18 11:51:50,596 [Thread-645] INFO  rpc.RpcClient (RpcClient.java:createBucket(411)) - Creating Bucket: volume51670/bucket98341, with Versioning false and Storage Type set to DISK and Encryption set to false 
2019-10-18 11:51:51,152 [pool-177-thread-1] INFO  storage.RaftStorage (RaftStorage.java:format(84)) - Storage directory /workdir/hadoop-ozone/ozonefs/target/test-dir/MiniOzoneClusterImpl-e8cad9af-dab6-422c-b187-d20201875e57/datanode-0/data/ratis/b1f1eff1-45c6-4803-bb03-e3aa3616a720 has been successfully formatted.
2019-10-18 11:51:51,153 [pool-177-thread-1] INFO  ratis.ContainerStateMachine (ContainerStateMachine.java:loadSnapshot(231)) - group-E3AA3616A720: The snapshot info is null. Setting the last applied indexto:(t:0, i:~)
2019-10-18 11:51:51,153 [pool-177-thread-1] INFO  server.RaftServerConfigKeys (ConfUtils.java:logGet(43)) - raft.server.notification.no-leader.timeout = 120s (custom)
2019-10-18 11:51:51,153 [pool-177-thread-1] INFO  server.RaftServerConfigKeys (ConfUtils.java:logGet(43)) - raft.server.log.use.memory = false (default)
2019-10-18 11:51:51,154 [pool-177-thread-1] INFO  server.RaftServerConfigKeys (ConfUtils.java:logGet(43)) - raft.server.log.purge.gap = 1000000 (custom)
2019-10-18 11:51:51,154 [pool-177-thread-1] INFO  server.RaftServerConfigKeys (ConfUtils.java:logGet(43)) - raft.server.log.appender.buffer.byte-limit = 33554432 (custom)
2019-10-18 11:51:51,154 [pool-177-thread-1] INFO  server.RaftServerConfigKeys (ConfUtils.java:logGet(43)) - raft.server.log.segment.size.max = 1048576 (custom)
2019-10-18 11:51:51,157 [pool-177-thread-1] INFO  server.RaftServerConfigKeys (ConfUtils.java:logGet(43)) - raft.server.log.segment.cache.num.max = 2 (custom)
2019-10-18 11:51:51,157 [pool-177-thread-1] INFO  segmented.SegmentedRaftLogWorker (SegmentedRaftLogWorker.java:<init>(173)) - new 0616bf17-8096-425b-81d5-680d73392260@group-E3AA3616A720-SegmentedRaftLogWorker for RaftStorage:Storage Directory /workdir/hadoop-ozone/ozonefs/target/test-dir/MiniOzoneClusterImpl-e8cad9af-dab6-422c-b187-d20201875e57/datanode-0/data/ratis/b1f1eff1-45c6-4803-bb03-e3aa3616a720
2019-10-18 11:51:51,158 [pool-177-thread-1] INFO  server.RaftServerConfigKeys (ConfUtils.java:logGet(43)) - raft.server.log.queue.byte-limit = 2147483647 (custom)
2019-10-18 11:51:51,158 [pool-177-thread-1] INFO  server.RaftServerConfigKeys (ConfUtils.java:logGet(43)) - raft.server.log.queue.element-limit = 1024 (custom)
2019-10-18 11:51:51,158 [pool-177-thread-1] INFO  server.RaftServerConfigKeys (ConfUtils.java:logGet(43)) - raft.server.log.segment.size.max = 1048576 (custom)
2019-10-18 11:51:51,158 [pool-177-thread-1] INFO  server.RaftServerConfigKeys (ConfUtils.java:logGet(43)) - raft.server.log.preallocated.size = 16384 (custom)
2019-10-18 11:51:51,158 [pool-177-thread-1] INFO  server.RaftServerConfigKeys (ConfUtils.java:logGet(43)) - raft.server.log.write.buffer.size = 33554432 (custom)
2019-10-18 11:51:51,158 [pool-177-thread-1] INFO  server.RaftServerConfigKeys (ConfUtils.java:logGet(43)) - raft.server.log.force.sync.num = 128 (default)
2019-10-18 11:51:51,159 [pool-177-thread-1] INFO  server.RaftServerConfigKeys (ConfUtils.java:logGet(43)) - raft.server.log.statemachine.data.sync = true (default)
2019-10-18 11:51:51,159 [pool-177-thread-1] INFO  server.RaftServerConfigKeys (ConfUtils.java:logGet(43)) - raft.server.log.statemachine.data.sync.timeout = 10s (default)
2019-10-18 11:51:51,159 [pool-177-thread-1] INFO  server.RaftServerConfigKeys (ConfUtils.java:logGet(43)) - raft.server.log.statemachine.data.sync.timeout.retry = -1 (default)
2019-10-18 11:51:51,160 [pool-177-thread-1] INFO  server.RaftServerConfigKeys (ConfUtils.java:logGet(43)) - raft.server.log.statemachine.data.caching.enabled = true (custom)
2019-10-18 11:51:51,160 [pool-177-thread-1] INFO  segmented.SegmentedRaftLogWorker (SegmentedRaftLogWorker.java:lambda$new$0(128)) - 0616bf17-8096-425b-81d5-680d73392260@group-E3AA3616A720-SegmentedRaftLogWorker: flushIndex: setUnconditionally 0 -> -1
2019-10-18 11:51:51,160 [pool-177-thread-1] INFO  server.RaftServerConfigKeys (ConfUtils.java:logGet(43)) - raft.server.snapshot.auto.trigger.enabled = true (custom)
2019-10-18 11:51:51,161 [pool-177-thread-1] INFO  server.RaftServerConfigKeys (ConfUtils.java:logGet(43)) - raft.server.snapshot.auto.trigger.threshold = 10000 (custom)
2019-10-18 11:51:51,161 [pool-177-thread-1] INFO  server.RaftServerConfigKeys (ConfUtils.java:logGet(43)) - raft.server.snapshot.retention.file.num = 5 (custom)
2019-10-18 11:51:51,161 [pool-177-thread-1] INFO  server.RaftServerConfigKeys (ConfUtils.java:logGet(43)) - raft.server.retrycache.expirytime = 600000ms (custom)
2019-10-18 11:51:51,164 [pool-177-thread-1] INFO  impl.RaftServerImpl (RaftServerImpl.java:start(181)) - 0616bf17-8096-425b-81d5-680d73392260@group-E3AA3616A720: start as a follower, conf=-1: [0616bf17-8096-425b-81d5-680d73392260:192.168.34.5:33207], old=null
2019-10-18 11:51:51,164 [pool-177-thread-1] INFO  impl.RaftServerImpl (RaftServerImpl.java:setRole(170)) - 0616bf17-8096-425b-81d5-680d73392260@group-E3AA3616A720: changes role from      null to FOLLOWER at term 0 for startAsFollower
2019-10-18 11:51:51,164 [pool-177-thread-1] INFO  impl.RoleInfo (RoleInfo.java:updateAndGet(143)) - 0616bf17-8096-425b-81d5-680d73392260: start FollowerState
2019-10-18 11:51:51,165 [pool-177-thread-1] INFO  util.JmxRegister (JmxRegister.java:tryRegister(44)) - Successfully registered JMX Bean with object name Ratis:service=RaftServer,group=group-E3AA3616A720,id=0616bf17-8096-425b-81d5-680d73392260
2019-10-18 11:51:51,174 [RatisPipelineUtilsThread] INFO  pipeline.PipelineStateManager (PipelineStateManager.java:addPipeline(56)) - Created pipeline Pipeline[ Id: b1f1eff1-45c6-4803-bb03-e3aa3616a720, Nodes: 0616bf17-8096-425b-81d5-680d73392260{ip: 192.168.34.5, host: pr-hdds-2208-pnh8d-353521125, networkLocation: /default-rack, certSerialId: null}, Type:RATIS, Factor:ONE, State:OPEN]
2019-10-18 11:51:51,187 [grpc-default-executor-0] INFO  impl.RaftServerProxy (RaftServerProxy.java:addNew(89)) - 485ee567-9abe-4993-b798-ae6e4b1ba013: addNew group-396559400E54:[485ee567-9abe-4993-b798-ae6e4b1ba013:192.168.34.5:43226] returns group-396559400E54:java.util.concurrent.CompletableFuture@c94f0d[Not completed]
2019-10-18 11:51:51,189 [pool-197-thread-1] INFO  impl.RaftServerImpl (RaftServerImpl.java:<init>(95)) - 485ee567-9abe-4993-b798-ae6e4b1ba013: new RaftServerImpl for group-396559400E54:[485ee567-9abe-4993-b798-ae6e4b1ba013:192.168.34.5:43226] with ContainerStateMachine:uninitialized
2019-10-18 11:51:51,189 [pool-197-thread-1] INFO  server.RaftServerConfigKeys (ConfUtils.java:logGet(43)) - raft.server.rpc.timeout.min = 5s (custom)
2019-10-18 11:51:51,189 [pool-197-thread-1] INFO  server.RaftServerConfigKeys (ConfUtils.java:logGet(43)) - raft.server.rpc.timeout.max = 5200ms (custom)
2019-10-18 11:51:51,189 [pool-197-thread-1] INFO  server.RaftServerConfigKeys (ConfUtils.java:logGet(43)) - raft.server.rpcslowness.timeout = 120s (custom)
2019-10-18 11:51:51,189 [pool-197-thread-1] INFO  server.RaftServerConfigKeys (ConfUtils.java:logGet(43)) - raft.server.sleep.deviation.threshold = 300 (default)
2019-10-18 11:51:51,189 [pool-197-thread-1] INFO  server.RaftServerConfigKeys (ConfUtils.java:logGet(43)) - raft.server.log.appender.install.snapshot.enabled = false (custom)
2019-10-18 11:51:51,190 [pool-197-thread-1] INFO  impl.RaftServerImpl (ServerState.java:<init>(103)) - 485ee567-9abe-4993-b798-ae6e4b1ba013@group-396559400E54: ConfigurationManager, init=-1: [485ee567-9abe-4993-b798-ae6e4b1ba013:192.168.34.5:43226], old=null, confs=<EMPTY_MAP>
2019-10-18 11:51:51,190 [pool-197-thread-1] INFO  server.RaftServerConfigKeys (ConfUtils.java:logGet(43)) - raft.server.storage.dir = [/workdir/hadoop-ozone/ozonefs/target/test-dir/MiniOzoneClusterImpl-e8cad9af-dab6-422c-b187-d20201875e57/datanode-2/data/ratis] (custom)
2019-10-18 11:51:51,190 [pool-197-thread-1] INFO  server.RaftServerConfigKeys (ConfUtils.java:logGet(43)) - raft.server.log.corruption.policy = EXCEPTION (default)
2019-10-18 11:51:51,190 [pool-197-thread-1] INFO  storage.RaftStorageDirectory (RaftStorageDirectory.java:analyzeStorage(246)) - The storage directory /workdir/hadoop-ozone/ozonefs/target/test-dir/MiniOzoneClusterImpl-e8cad9af-dab6-422c-b187-d20201875e57/datanode-2/data/ratis/6a65d2f7-c891-417a-a1f0-396559400e54 does not exist. Creating ...
2019-10-18 11:51:52,354 [Thread-817] INFO  container.ReplicationManager (ReplicationManager.java:start(162)) - Starting Replication Monitor Thread.
2019-10-18 11:51:52,357 [ReplicationMonitor] INFO  container.ReplicationManager (ReplicationManager.java:run(225)) - Replication Monitor Thread took 0 milliseconds for processing 0 containers.
2019-10-18 11:51:53,786 [pool-197-thread-1] INFO  storage.RaftStorageDirectory (RaftStorageDirectory.java:tryLock(328)) - Lock on /workdir/hadoop-ozone/ozonefs/target/test-dir/MiniOzoneClusterImpl-e8cad9af-dab6-422c-b187-d20201875e57/datanode-2/data/ratis/6a65d2f7-c891-417a-a1f0-396559400e54/in_use.lock acquired by nodename 5968@pr-hdds-2208-pnh8d-353521125
2019-10-18 11:51:54,187 [RATISCREATEPIPELINE1] ERROR pipeline.RatisPipelineProvider (RatisPipelineProvider.java:lambda$null$5(237)) - Failed invoke Ratis rpc org.apache.hadoop.hdds.scm.pipeline.RatisPipelineProvider$$Lambda$189/532767178@4f38ed7b for 485ee567-9abe-4993-b798-ae6e4b1ba013
org.apache.ratis.protocol.TimeoutIOException: deadline exceeded after 2999737955ns
	at org.apache.ratis.grpc.GrpcUtil.tryUnwrapException(GrpcUtil.java:82)
	at org.apache.ratis.grpc.GrpcUtil.unwrapException(GrpcUtil.java:75)
	at org.apache.ratis.grpc.client.GrpcClientProtocolClient.blockingCall(GrpcClientProtocolClient.java:184)
	at org.apache.ratis.grpc.client.GrpcClientProtocolClient.groupAdd(GrpcClientProtocolClient.java:153)
	at org.apache.ratis.grpc.client.GrpcClientRpc.sendRequest(GrpcClientRpc.java:94)
	at org.apache.ratis.client.impl.RaftClientImpl.sendRequest(RaftClientImpl.java:278)
	at org.apache.ratis.client.impl.RaftClientImpl.groupAdd(RaftClientImpl.java:205)
	at org.apache.hadoop.hdds.scm.pipeline.RatisPipelineProvider.lambda$initializePipeline$4(RatisPipelineProvider.java:198)
	at org.apache.hadoop.hdds.scm.pipeline.RatisPipelineProvider.lambda$null$5(RatisPipelineProvider.java:233)
	at java.util.stream.ForEachOps$ForEachOp$OfRef.accept(ForEachOps.java:183)
	at java.util.ArrayList$ArrayListSpliterator.forEachRemaining(ArrayList.java:1382)
	at java.util.stream.AbstractPipeline.copyInto(AbstractPipeline.java:482)
	at java.util.stream.ForEachOps$ForEachTask.compute(ForEachOps.java:290)
	at java.util.concurrent.CountedCompleter.exec(CountedCompleter.java:731)
	at java.util.concurrent.ForkJoinTask.doExec(ForkJoinTask.java:289)
	at java.util.concurrent.ForkJoinTask.doInvoke(ForkJoinTask.java:401)
	at java.util.concurrent.ForkJoinTask.invoke(ForkJoinTask.java:734)
	at java.util.stream.ForEachOps$ForEachOp.evaluateParallel(ForEachOps.java:159)
	at java.util.stream.ForEachOps$ForEachOp$OfRef.evaluateParallel(ForEachOps.java:173)
	at java.util.stream.AbstractPipeline.evaluate(AbstractPipeline.java:233)
	at java.util.stream.ReferencePipeline.forEach(ReferencePipeline.java:485)
	at java.util.stream.ReferencePipeline$Head.forEach(ReferencePipeline.java:650)
	at org.apache.hadoop.hdds.scm.pipeline.RatisPipelineProvider.lambda$callRatisRpc$6(RatisPipelineProvider.java:227)
	at java.util.concurrent.ForkJoinTask$AdaptedRunnableAction.exec(ForkJoinTask.java:1386)
	at java.util.concurrent.ForkJoinTask.doExec(ForkJoinTask.java:289)
	at java.util.concurrent.ForkJoinPool$WorkQueue.runTask(ForkJoinPool.java:1056)
	at java.util.concurrent.ForkJoinPool.runWorker(ForkJoinPool.java:1692)
	at java.util.concurrent.ForkJoinWorkerThread.run(ForkJoinWorkerThread.java:157)
Caused by: org.apache.ratis.thirdparty.io.grpc.StatusRuntimeException: DEADLINE_EXCEEDED: deadline exceeded after 2999737955ns
	at org.apache.ratis.thirdparty.io.grpc.stub.ClientCalls.toStatusRuntimeException(ClientCalls.java:233)
	at org.apache.ratis.thirdparty.io.grpc.stub.ClientCalls.getUnchecked(ClientCalls.java:214)
	at org.apache.ratis.thirdparty.io.grpc.stub.ClientCalls.blockingUnaryCall(ClientCalls.java:139)
	at org.apache.ratis.proto.grpc.AdminProtocolServiceGrpc$AdminProtocolServiceBlockingStub.groupManagement(AdminProtocolServiceGrpc.java:274)
	at org.apache.ratis.grpc.client.GrpcClientProtocolClient.lambda$groupAdd$3(GrpcClientProtocolClient.java:155)
	at org.apache.ratis.grpc.client.GrpcClientProtocolClient.blockingCall(GrpcClientProtocolClient.java:182)
	... 25 more
2019-10-18 11:51:54,205 [grpc-default-executor-1] INFO  impl.RaftServerProxy (RaftServerProxy.java:addNew(89)) - f6457e38-f2bb-4d30-b8b7-4f0ed3f93aea: addNew group-AB43153E8CA6:[485ee567-9abe-4993-b798-ae6e4b1ba013:192.168.34.5:43226, f6457e38-f2bb-4d30-b8b7-4f0ed3f93aea:192.168.34.5:40789, 0616bf17-8096-425b-81d5-680d73392260:192.168.34.5:33207] returns group-AB43153E8CA6:java.util.concurrent.CompletableFuture@4ffe11b4[Not completed]
2019-10-18 11:51:54,205 [grpc-default-executor-2] INFO  impl.RaftServerProxy (RaftServerProxy.java:addNew(89)) - 485ee567-9abe-4993-b798-ae6e4b1ba013: addNew group-AB43153E8CA6:[485ee567-9abe-4993-b798-ae6e4b1ba013:192.168.34.5:43226, f6457e38-f2bb-4d30-b8b7-4f0ed3f93aea:192.168.34.5:40789, 0616bf17-8096-425b-81d5-680d73392260:192.168.34.5:33207] returns group-AB43153E8CA6:java.util.concurrent.CompletableFuture@2d61c4aa[Not completed]
2019-10-18 11:51:54,206 [grpc-default-executor-0] INFO  impl.RaftServerProxy (RaftServerProxy.java:addNew(89)) - 0616bf17-8096-425b-81d5-680d73392260: addNew group-AB43153E8CA6:[485ee567-9abe-4993-b798-ae6e4b1ba013:192.168.34.5:43226, f6457e38-f2bb-4d30-b8b7-4f0ed3f93aea:192.168.34.5:40789, 0616bf17-8096-425b-81d5-680d73392260:192.168.34.5:33207] returns group-AB43153E8CA6:java.util.concurrent.CompletableFuture@51b6dc83[Not completed]
2019-10-18 11:51:54,207 [pool-187-thread-1] INFO  impl.RaftServerImpl (RaftServerImpl.java:<init>(95)) - f6457e38-f2bb-4d30-b8b7-4f0ed3f93aea: new RaftServerImpl for group-AB43153E8CA6:[485ee567-9abe-4993-b798-ae6e4b1ba013:192.168.34.5:43226, f6457e38-f2bb-4d30-b8b7-4f0ed3f93aea:192.168.34.5:40789, 0616bf17-8096-425b-81d5-680d73392260:192.168.34.5:33207] with ContainerStateMachine:uninitialized
2019-10-18 11:51:54,207 [pool-187-thread-1] INFO  server.RaftServerConfigKeys (ConfUtils.java:logGet(43)) - raft.server.rpc.timeout.min = 5s (custom)
2019-10-18 11:51:54,207 [pool-187-thread-1] INFO  server.RaftServerConfigKeys (ConfUtils.java:logGet(43)) - raft.server.rpc.timeout.max = 5200ms (custom)
2019-10-18 11:51:54,208 [pool-187-thread-1] INFO  server.RaftServerConfigKeys (ConfUtils.java:logGet(43)) - raft.server.rpcslowness.timeout = 120s (custom)
2019-10-18 11:51:54,208 [pool-187-thread-1] INFO  server.RaftServerConfigKeys (ConfUtils.java:logGet(43)) - raft.server.sleep.deviation.threshold = 300 (default)
2019-10-18 11:51:54,208 [pool-187-thread-1] INFO  server.RaftServerConfigKeys (ConfUtils.java:logGet(43)) - raft.server.log.appender.install.snapshot.enabled = false (custom)
2019-10-18 11:51:54,208 [pool-187-thread-1] INFO  impl.RaftServerImpl (ServerState.java:<init>(103)) - f6457e38-f2bb-4d30-b8b7-4f0ed3f93aea@group-AB43153E8CA6: ConfigurationManager, init=-1: [485ee567-9abe-4993-b798-ae6e4b1ba013:192.168.34.5:43226, f6457e38-f2bb-4d30-b8b7-4f0ed3f93aea:192.168.34.5:40789, 0616bf17-8096-425b-81d5-680d73392260:192.168.34.5:33207], old=null, confs=<EMPTY_MAP>
2019-10-18 11:51:54,208 [pool-177-thread-1] INFO  impl.RaftServerImpl (RaftServerImpl.java:<init>(95)) - 0616bf17-8096-425b-81d5-680d73392260: new RaftServerImpl for group-AB43153E8CA6:[485ee567-9abe-4993-b798-ae6e4b1ba013:192.168.34.5:43226, f6457e38-f2bb-4d30-b8b7-4f0ed3f93aea:192.168.34.5:40789, 0616bf17-8096-425b-81d5-680d73392260:192.168.34.5:33207] with ContainerStateMachine:uninitialized
2019-10-18 11:51:54,208 [pool-187-thread-1] INFO  server.RaftServerConfigKeys (ConfUtils.java:logGet(43)) - raft.server.storage.dir = [/workdir/hadoop-ozone/ozonefs/target/test-dir/MiniOzoneClusterImpl-e8cad9af-dab6-422c-b187-d20201875e57/datanode-1/data/ratis] (custom)
2019-10-18 11:51:54,208 [pool-177-thread-1] INFO  server.RaftServerConfigKeys (ConfUtils.java:logGet(43)) - raft.server.rpc.timeout.min = 5s (custom)
2019-10-18 11:51:54,208 [pool-177-thread-1] INFO  server.RaftServerConfigKeys (ConfUtils.java:logGet(43)) - raft.server.rpc.timeout.max = 5200ms (custom)
2019-10-18 11:51:54,208 [pool-187-thread-1] INFO  server.RaftServerConfigKeys (ConfUtils.java:logGet(43)) - raft.server.log.corruption.policy = EXCEPTION (default)
2019-10-18 11:51:54,209 [pool-177-thread-1] INFO  server.RaftServerConfigKeys (ConfUtils.java:logGet(43)) - raft.server.rpcslowness.timeout = 120s (custom)
2019-10-18 11:51:54,209 [pool-177-thread-1] INFO  server.RaftServerConfigKeys (ConfUtils.java:logGet(43)) - raft.server.sleep.deviation.threshold = 300 (default)
2019-10-18 11:51:54,209 [pool-187-thread-1] INFO  storage.RaftStorageDirectory (RaftStorageDirectory.java:analyzeStorage(246)) - The storage directory /workdir/hadoop-ozone/ozonefs/target/test-dir/MiniOzoneClusterImpl-e8cad9af-dab6-422c-b187-d20201875e57/datanode-1/data/ratis/cadeaa1c-ecde-48f4-883d-ab43153e8ca6 does not exist. Creating ...
2019-10-18 11:51:54,209 [pool-177-thread-1] INFO  server.RaftServerConfigKeys (ConfUtils.java:logGet(43)) - raft.server.log.appender.install.snapshot.enabled = false (custom)
2019-10-18 11:51:54,209 [pool-177-thread-1] INFO  impl.RaftServerImpl (ServerState.java:<init>(103)) - 0616bf17-8096-425b-81d5-680d73392260@group-AB43153E8CA6: ConfigurationManager, init=-1: [485ee567-9abe-4993-b798-ae6e4b1ba013:192.168.34.5:43226, f6457e38-f2bb-4d30-b8b7-4f0ed3f93aea:192.168.34.5:40789, 0616bf17-8096-425b-81d5-680d73392260:192.168.34.5:33207], old=null, confs=<EMPTY_MAP>
2019-10-18 11:51:54,210 [pool-177-thread-1] INFO  server.RaftServerConfigKeys (ConfUtils.java:logGet(43)) - raft.server.storage.dir = [/workdir/hadoop-ozone/ozonefs/target/test-dir/MiniOzoneClusterImpl-e8cad9af-dab6-422c-b187-d20201875e57/datanode-0/data/ratis] (custom)
2019-10-18 11:51:54,210 [pool-177-thread-1] INFO  server.RaftServerConfigKeys (ConfUtils.java:logGet(43)) - raft.server.log.corruption.policy = EXCEPTION (default)
2019-10-18 11:51:54,210 [pool-177-thread-1] INFO  storage.RaftStorageDirectory (RaftStorageDirectory.java:analyzeStorage(246)) - The storage directory /workdir/hadoop-ozone/ozonefs/target/test-dir/MiniOzoneClusterImpl-e8cad9af-dab6-422c-b187-d20201875e57/datanode-0/data/ratis/cadeaa1c-ecde-48f4-883d-ab43153e8ca6 does not exist. Creating ...
2019-10-18 11:51:55,909 [pool-177-thread-1] INFO  storage.RaftStorageDirectory (RaftStorageDirectory.java:tryLock(328)) - Lock on /workdir/hadoop-ozone/ozonefs/target/test-dir/MiniOzoneClusterImpl-e8cad9af-dab6-422c-b187-d20201875e57/datanode-0/data/ratis/cadeaa1c-ecde-48f4-883d-ab43153e8ca6/in_use.lock acquired by nodename 5968@pr-hdds-2208-pnh8d-353521125
2019-10-18 11:51:55,909 [pool-197-thread-1] INFO  storage.RaftStorage (RaftStorage.java:format(84)) - Storage directory /workdir/hadoop-ozone/ozonefs/target/test-dir/MiniOzoneClusterImpl-e8cad9af-dab6-422c-b187-d20201875e57/datanode-2/data/ratis/6a65d2f7-c891-417a-a1f0-396559400e54 has been successfully formatted.
2019-10-18 11:51:55,909 [pool-187-thread-1] INFO  storage.RaftStorageDirectory (RaftStorageDirectory.java:tryLock(328)) - Lock on /workdir/hadoop-ozone/ozonefs/target/test-dir/MiniOzoneClusterImpl-e8cad9af-dab6-422c-b187-d20201875e57/datanode-1/data/ratis/cadeaa1c-ecde-48f4-883d-ab43153e8ca6/in_use.lock acquired by nodename 5968@pr-hdds-2208-pnh8d-353521125
2019-10-18 11:51:55,910 [pool-197-thread-1] INFO  ratis.ContainerStateMachine (ContainerStateMachine.java:loadSnapshot(231)) - group-396559400E54: The snapshot info is null. Setting the last applied indexto:(t:0, i:~)
2019-10-18 11:51:55,910 [pool-197-thread-1] INFO  server.RaftServerConfigKeys (ConfUtils.java:logGet(43)) - raft.server.notification.no-leader.timeout = 120s (custom)
2019-10-18 11:51:55,910 [pool-197-thread-1] INFO  server.RaftServerConfigKeys (ConfUtils.java:logGet(43)) - raft.server.log.use.memory = false (default)
2019-10-18 11:51:55,910 [pool-197-thread-1] INFO  server.RaftServerConfigKeys (ConfUtils.java:logGet(43)) - raft.server.log.purge.gap = 1000000 (custom)
2019-10-18 11:51:55,911 [pool-197-thread-1] INFO  server.RaftServerConfigKeys (ConfUtils.java:logGet(43)) - raft.server.log.appender.buffer.byte-limit = 33554432 (custom)
2019-10-18 11:51:55,911 [pool-197-thread-1] INFO  server.RaftServerConfigKeys (ConfUtils.java:logGet(43)) - raft.server.log.segment.size.max = 1048576 (custom)
2019-10-18 11:51:55,913 [pool-197-thread-1] INFO  server.RaftServerConfigKeys (ConfUtils.java:logGet(43)) - raft.server.log.segment.cache.num.max = 2 (custom)
2019-10-18 11:51:55,914 [pool-197-thread-1] INFO  segmented.SegmentedRaftLogWorker (SegmentedRaftLogWorker.java:<init>(173)) - new 485ee567-9abe-4993-b798-ae6e4b1ba013@group-396559400E54-SegmentedRaftLogWorker for RaftStorage:Storage Directory /workdir/hadoop-ozone/ozonefs/target/test-dir/MiniOzoneClusterImpl-e8cad9af-dab6-422c-b187-d20201875e57/datanode-2/data/ratis/6a65d2f7-c891-417a-a1f0-396559400e54
2019-10-18 11:51:55,914 [pool-197-thread-1] INFO  server.RaftServerConfigKeys (ConfUtils.java:logGet(43)) - raft.server.log.queue.byte-limit = 2147483647 (custom)
2019-10-18 11:51:55,914 [pool-197-thread-1] INFO  server.RaftServerConfigKeys (ConfUtils.java:logGet(43)) - raft.server.log.queue.element-limit = 1024 (custom)
2019-10-18 11:51:55,914 [pool-197-thread-1] INFO  server.RaftServerConfigKeys (ConfUtils.java:logGet(43)) - raft.server.log.segment.size.max = 1048576 (custom)
2019-10-18 11:51:55,914 [pool-197-thread-1] INFO  server.RaftServerConfigKeys (ConfUtils.java:logGet(43)) - raft.server.log.preallocated.size = 16384 (custom)
2019-10-18 11:51:55,914 [pool-197-thread-1] INFO  server.RaftServerConfigKeys (ConfUtils.java:logGet(43)) - raft.server.log.write.buffer.size = 33554432 (custom)
2019-10-18 11:51:55,914 [pool-197-thread-1] INFO  server.RaftServerConfigKeys (ConfUtils.java:logGet(43)) - raft.server.log.force.sync.num = 128 (default)
2019-10-18 11:51:55,915 [pool-197-thread-1] INFO  server.RaftServerConfigKeys (ConfUtils.java:logGet(43)) - raft.server.log.statemachine.data.sync = true (default)
2019-10-18 11:51:55,915 [pool-197-thread-1] INFO  server.RaftServerConfigKeys (ConfUtils.java:logGet(43)) - raft.server.log.statemachine.data.sync.timeout = 10s (default)
2019-10-18 11:51:55,915 [pool-197-thread-1] INFO  server.RaftServerConfigKeys (ConfUtils.java:logGet(43)) - raft.server.log.statemachine.data.sync.timeout.retry = -1 (default)
2019-10-18 11:51:55,915 [pool-197-thread-1] INFO  server.RaftServerConfigKeys (ConfUtils.java:logGet(43)) - raft.server.log.statemachine.data.caching.enabled = true (custom)
2019-10-18 11:51:55,916 [pool-197-thread-1] INFO  segmented.SegmentedRaftLogWorker (SegmentedRaftLogWorker.java:lambda$new$0(128)) - 485ee567-9abe-4993-b798-ae6e4b1ba013@group-396559400E54-SegmentedRaftLogWorker: flushIndex: setUnconditionally 0 -> -1
2019-10-18 11:51:55,916 [pool-197-thread-1] INFO  server.RaftServerConfigKeys (ConfUtils.java:logGet(43)) - raft.server.snapshot.auto.trigger.enabled = true (custom)
2019-10-18 11:51:55,916 [pool-197-thread-1] INFO  server.RaftServerConfigKeys (ConfUtils.java:logGet(43)) - raft.server.snapshot.auto.trigger.threshold = 10000 (custom)
2019-10-18 11:51:55,917 [pool-197-thread-1] INFO  server.RaftServerConfigKeys (ConfUtils.java:logGet(43)) - raft.server.snapshot.retention.file.num = 5 (custom)
2019-10-18 11:51:55,917 [pool-197-thread-1] INFO  server.RaftServerConfigKeys (ConfUtils.java:logGet(43)) - raft.server.retrycache.expirytime = 600000ms (custom)
2019-10-18 11:51:55,921 [pool-197-thread-1] INFO  impl.RaftServerImpl (RaftServerImpl.java:<init>(95)) - 485ee567-9abe-4993-b798-ae6e4b1ba013: new RaftServerImpl for group-AB43153E8CA6:[485ee567-9abe-4993-b798-ae6e4b1ba013:192.168.34.5:43226, f6457e38-f2bb-4d30-b8b7-4f0ed3f93aea:192.168.34.5:40789, 0616bf17-8096-425b-81d5-680d73392260:192.168.34.5:33207] with ContainerStateMachine:uninitialized
2019-10-18 11:51:55,921 [pool-197-thread-1] INFO  server.RaftServerConfigKeys (ConfUtils.java:logGet(43)) - raft.server.rpc.timeout.min = 5s (custom)
2019-10-18 11:51:55,921 [pool-197-thread-1] INFO  server.RaftServerConfigKeys (ConfUtils.java:logGet(43)) - raft.server.rpc.timeout.max = 5200ms (custom)
2019-10-18 11:51:55,921 [pool-197-thread-1] INFO  server.RaftServerConfigKeys (ConfUtils.java:logGet(43)) - raft.server.rpcslowness.timeout = 120s (custom)
2019-10-18 11:51:55,921 [pool-197-thread-1] INFO  server.RaftServerConfigKeys (ConfUtils.java:logGet(43)) - raft.server.sleep.deviation.threshold = 300 (default)
2019-10-18 11:51:55,921 [pool-197-thread-1] INFO  server.RaftServerConfigKeys (ConfUtils.java:logGet(43)) - raft.server.log.appender.install.snapshot.enabled = false (custom)
2019-10-18 11:51:55,921 [pool-197-thread-1] INFO  impl.RaftServerImpl (ServerState.java:<init>(103)) - 485ee567-9abe-4993-b798-ae6e4b1ba013@group-AB43153E8CA6: ConfigurationManager, init=-1: [485ee567-9abe-4993-b798-ae6e4b1ba013:192.168.34.5:43226, f6457e38-f2bb-4d30-b8b7-4f0ed3f93aea:192.168.34.5:40789, 0616bf17-8096-425b-81d5-680d73392260:192.168.34.5:33207], old=null, confs=<EMPTY_MAP>
2019-10-18 11:51:55,922 [pool-197-thread-1] INFO  server.RaftServerConfigKeys (ConfUtils.java:logGet(43)) - raft.server.storage.dir = [/workdir/hadoop-ozone/ozonefs/target/test-dir/MiniOzoneClusterImpl-e8cad9af-dab6-422c-b187-d20201875e57/datanode-2/data/ratis] (custom)
2019-10-18 11:51:55,922 [pool-197-thread-1] INFO  server.RaftServerConfigKeys (ConfUtils.java:logGet(43)) - raft.server.log.corruption.policy = EXCEPTION (default)
2019-10-18 11:51:55,922 [pool-197-thread-1] INFO  storage.RaftStorageDirectory (RaftStorageDirectory.java:analyzeStorage(246)) - The storage directory /workdir/hadoop-ozone/ozonefs/target/test-dir/MiniOzoneClusterImpl-e8cad9af-dab6-422c-b187-d20201875e57/datanode-2/data/ratis/cadeaa1c-ecde-48f4-883d-ab43153e8ca6 does not exist. Creating ...
2019-10-18 11:51:56,267 [Thread-822] INFO  impl.FollowerState (FollowerState.java:run(108)) - 0616bf17-8096-425b-81d5-680d73392260@group-E3AA3616A720-FollowerState: change to CANDIDATE, lastRpcTime:5102ms, electionTimeout:5102ms
2019-10-18 11:51:56,267 [Thread-822] INFO  impl.RoleInfo (RoleInfo.java:shutdownFollowerState(121)) - 0616bf17-8096-425b-81d5-680d73392260: shutdown FollowerState
2019-10-18 11:51:56,267 [Thread-822] INFO  impl.RaftServerImpl (RaftServerImpl.java:setRole(170)) - 0616bf17-8096-425b-81d5-680d73392260@group-E3AA3616A720: changes role from  FOLLOWER to CANDIDATE at term 0 for changeToCandidate
2019-10-18 11:51:56,268 [Thread-822] INFO  impl.RoleInfo (RoleInfo.java:updateAndGet(143)) - 0616bf17-8096-425b-81d5-680d73392260: start LeaderElection
2019-10-18 11:51:57,202 [RATISCREATEPIPELINE1] ERROR pipeline.RatisPipelineProvider (RatisPipelineProvider.java:lambda$null$5(237)) - Failed invoke Ratis rpc org.apache.hadoop.hdds.scm.pipeline.RatisPipelineProvider$$Lambda$189/532767178@4d14b0cc for f6457e38-f2bb-4d30-b8b7-4f0ed3f93aea
org.apache.ratis.protocol.TimeoutIOException: deadline exceeded after 2999717602ns
	at org.apache.ratis.grpc.GrpcUtil.tryUnwrapException(GrpcUtil.java:82)
	at org.apache.ratis.grpc.GrpcUtil.unwrapException(GrpcUtil.java:75)
	at org.apache.ratis.grpc.client.GrpcClientProtocolClient.blockingCall(GrpcClientProtocolClient.java:184)
	at org.apache.ratis.grpc.client.GrpcClientProtocolClient.groupAdd(GrpcClientProtocolClient.java:153)
	at org.apache.ratis.grpc.client.GrpcClientRpc.sendRequest(GrpcClientRpc.java:94)
	at org.apache.ratis.client.impl.RaftClientImpl.sendRequest(RaftClientImpl.java:278)
	at org.apache.ratis.client.impl.RaftClientImpl.groupAdd(RaftClientImpl.java:205)
	at org.apache.hadoop.hdds.scm.pipeline.RatisPipelineProvider.lambda$initializePipeline$4(RatisPipelineProvider.java:198)
	at org.apache.hadoop.hdds.scm.pipeline.RatisPipelineProvider.lambda$null$5(RatisPipelineProvider.java:233)
	at java.util.stream.ForEachOps$ForEachOp$OfRef.accept(ForEachOps.java:183)
	at java.util.ArrayList$ArrayListSpliterator.forEachRemaining(ArrayList.java:1382)
	at java.util.stream.AbstractPipeline.copyInto(AbstractPipeline.java:482)
	at java.util.stream.ForEachOps$ForEachTask.compute(ForEachOps.java:290)
	at java.util.concurrent.CountedCompleter.exec(CountedCompleter.java:731)
	at java.util.concurrent.ForkJoinTask.doExec(ForkJoinTask.java:289)
	at java.util.concurrent.ForkJoinTask.doInvoke(ForkJoinTask.java:401)
	at java.util.concurrent.ForkJoinTask.invoke(ForkJoinTask.java:734)
	at java.util.stream.ForEachOps$ForEachOp.evaluateParallel(ForEachOps.java:159)
	at java.util.stream.ForEachOps$ForEachOp$OfRef.evaluateParallel(ForEachOps.java:173)
	at java.util.stream.AbstractPipeline.evaluate(AbstractPipeline.java:233)
	at java.util.stream.ReferencePipeline.forEach(ReferencePipeline.java:485)
	at java.util.stream.ReferencePipeline$Head.forEach(ReferencePipeline.java:650)
	at org.apache.hadoop.hdds.scm.pipeline.RatisPipelineProvider.lambda$callRatisRpc$6(RatisPipelineProvider.java:227)
	at java.util.concurrent.ForkJoinTask$AdaptedRunnableAction.exec(ForkJoinTask.java:1386)
	at java.util.concurrent.ForkJoinTask.doExec(ForkJoinTask.java:289)
	at java.util.concurrent.ForkJoinPool$WorkQueue.runTask(ForkJoinPool.java:1056)
	at java.util.concurrent.ForkJoinPool.runWorker(ForkJoinPool.java:1692)
	at java.util.concurrent.ForkJoinWorkerThread.run(ForkJoinWorkerThread.java:157)
Caused by: org.apache.ratis.thirdparty.io.grpc.StatusRuntimeException: DEADLINE_EXCEEDED: deadline exceeded after 2999717602ns
	at org.apache.ratis.thirdparty.io.grpc.stub.ClientCalls.toStatusRuntimeException(ClientCalls.java:233)
	at org.apache.ratis.thirdparty.io.grpc.stub.ClientCalls.getUnchecked(ClientCalls.java:214)
	at org.apache.ratis.thirdparty.io.grpc.stub.ClientCalls.blockingUnaryCall(ClientCalls.java:139)
	at org.apache.ratis.proto.grpc.AdminProtocolServiceGrpc$AdminProtocolServiceBlockingStub.groupManagement(AdminProtocolServiceGrpc.java:274)
	at org.apache.ratis.grpc.client.GrpcClientProtocolClient.lambda$groupAdd$3(GrpcClientProtocolClient.java:155)
	at org.apache.ratis.grpc.client.GrpcClientProtocolClient.blockingCall(GrpcClientProtocolClient.java:182)
	... 25 more
2019-10-18 11:51:57,202 [RATISCREATEPIPELINE3] ERROR pipeline.RatisPipelineProvider (RatisPipelineProvider.java:lambda$null$5(237)) - Failed invoke Ratis rpc org.apache.hadoop.hdds.scm.pipeline.RatisPipelineProvider$$Lambda$189/532767178@4d14b0cc for 0616bf17-8096-425b-81d5-680d73392260
org.apache.ratis.protocol.TimeoutIOException: deadline exceeded after 2998234424ns
	at org.apache.ratis.grpc.GrpcUtil.tryUnwrapException(GrpcUtil.java:82)
	at org.apache.ratis.grpc.GrpcUtil.unwrapException(GrpcUtil.java:75)
	at org.apache.ratis.grpc.client.GrpcClientProtocolClient.blockingCall(GrpcClientProtocolClient.java:184)
	at org.apache.ratis.grpc.client.GrpcClientProtocolClient.groupAdd(GrpcClientProtocolClient.java:153)
	at org.apache.ratis.grpc.client.GrpcClientRpc.sendRequest(GrpcClientRpc.java:94)
	at org.apache.ratis.client.impl.RaftClientImpl.sendRequest(RaftClientImpl.java:278)
	at org.apache.ratis.client.impl.RaftClientImpl.groupAdd(RaftClientImpl.java:205)
	at org.apache.hadoop.hdds.scm.pipeline.RatisPipelineProvider.lambda$initializePipeline$4(RatisPipelineProvider.java:198)
	at org.apache.hadoop.hdds.scm.pipeline.RatisPipelineProvider.lambda$null$5(RatisPipelineProvider.java:233)
	at java.util.stream.ForEachOps$ForEachOp$OfRef.accept(ForEachOps.java:183)
	at java.util.ArrayList$ArrayListSpliterator.forEachRemaining(ArrayList.java:1382)
	at java.util.stream.AbstractPipeline.copyInto(AbstractPipeline.java:482)
	at java.util.stream.ForEachOps$ForEachTask.compute(ForEachOps.java:290)
	at java.util.concurrent.CountedCompleter.exec(CountedCompleter.java:731)
	at java.util.concurrent.ForkJoinTask.doExec(ForkJoinTask.java:289)
	at java.util.concurrent.ForkJoinPool$WorkQueue.runTask(ForkJoinPool.java:1056)
	at java.util.concurrent.ForkJoinPool.runWorker(ForkJoinPool.java:1692)
	at java.util.concurrent.ForkJoinWorkerThread.run(ForkJoinWorkerThread.java:157)
Caused by: org.apache.ratis.thirdparty.io.grpc.StatusRuntimeException: DEADLINE_EXCEEDED: deadline exceeded after 2998234424ns
	at org.apache.ratis.thirdparty.io.grpc.stub.ClientCalls.toStatusRuntimeException(ClientCalls.java:233)
	at org.apache.ratis.thirdparty.io.grpc.stub.ClientCalls.getUnchecked(ClientCalls.java:214)
	at org.apache.ratis.thirdparty.io.grpc.stub.ClientCalls.blockingUnaryCall(ClientCalls.java:139)
	at org.apache.ratis.proto.grpc.AdminProtocolServiceGrpc$AdminProtocolServiceBlockingStub.groupManagement(AdminProtocolServiceGrpc.java:274)
	at org.apache.ratis.grpc.client.GrpcClientProtocolClient.lambda$groupAdd$3(GrpcClientProtocolClient.java:155)
	at org.apache.ratis.grpc.client.GrpcClientProtocolClient.blockingCall(GrpcClientProtocolClient.java:182)
	... 15 more
2019-10-18 11:51:57,202 [RATISCREATEPIPELINE2] ERROR pipeline.RatisPipelineProvider (RatisPipelineProvider.java:lambda$null$5(237)) - Failed invoke Ratis rpc org.apache.hadoop.hdds.scm.pipeline.RatisPipelineProvider$$Lambda$189/532767178@4d14b0cc for 485ee567-9abe-4993-b798-ae6e4b1ba013
org.apache.ratis.protocol.TimeoutIOException: deadline exceeded after 2999722333ns
	at org.apache.ratis.grpc.GrpcUtil.tryUnwrapException(GrpcUtil.java:82)
	at org.apache.ratis.grpc.GrpcUtil.unwrapException(GrpcUtil.java:75)
	at org.apache.ratis.grpc.client.GrpcClientProtocolClient.blockingCall(GrpcClientProtocolClient.java:184)
	at org.apache.ratis.grpc.client.GrpcClientProtocolClient.groupAdd(GrpcClientProtocolClient.java:153)
	at org.apache.ratis.grpc.client.GrpcClientRpc.sendRequest(GrpcClientRpc.java:94)
	at org.apache.ratis.client.impl.RaftClientImpl.sendRequest(RaftClientImpl.java:278)
	at org.apache.ratis.client.impl.RaftClientImpl.groupAdd(RaftClientImpl.java:205)
	at org.apache.hadoop.hdds.scm.pipeline.RatisPipelineProvider.lambda$initializePipeline$4(RatisPipelineProvider.java:198)
	at org.apache.hadoop.hdds.scm.pipeline.RatisPipelineProvider.lambda$null$5(RatisPipelineProvider.java:233)
	at java.util.stream.ForEachOps$ForEachOp$OfRef.accept(ForEachOps.java:183)
	at java.util.ArrayList$ArrayListSpliterator.forEachRemaining(ArrayList.java:1382)
	at java.util.stream.AbstractPipeline.copyInto(AbstractPipeline.java:482)
	at java.util.stream.ForEachOps$ForEachTask.compute(ForEachOps.java:290)
	at java.util.concurrent.CountedCompleter.exec(CountedCompleter.java:731)
	at java.util.concurrent.ForkJoinTask.doExec(ForkJoinTask.java:289)
	at java.util.concurrent.ForkJoinPool$WorkQueue.runTask(ForkJoinPool.java:1056)
	at java.util.concurrent.ForkJoinPool.runWorker(ForkJoinPool.java:1692)
	at java.util.concurrent.ForkJoinWorkerThread.run(ForkJoinWorkerThread.java:157)
Caused by: org.apache.ratis.thirdparty.io.grpc.StatusRuntimeException: DEADLINE_EXCEEDED: deadline exceeded after 2999722333ns
	at org.apache.ratis.thirdparty.io.grpc.stub.ClientCalls.toStatusRuntimeException(ClientCalls.java:233)
	at org.apache.ratis.thirdparty.io.grpc.stub.ClientCalls.getUnchecked(ClientCalls.java:214)
	at org.apache.ratis.thirdparty.io.grpc.stub.ClientCalls.blockingUnaryCall(ClientCalls.java:139)
	at org.apache.ratis.proto.grpc.AdminProtocolServiceGrpc$AdminProtocolServiceBlockingStub.groupManagement(AdminProtocolServiceGrpc.java:274)
	at org.apache.ratis.grpc.client.GrpcClientProtocolClient.lambda$groupAdd$3(GrpcClientProtocolClient.java:155)
	at org.apache.ratis.grpc.client.GrpcClientProtocolClient.blockingCall(GrpcClientProtocolClient.java:182)
	... 15 more
2019-10-18 11:51:57,216 [grpc-default-executor-2] INFO  impl.RaftServerProxy (RaftServerProxy.java:addNew(89)) - 485ee567-9abe-4993-b798-ae6e4b1ba013: addNew group-5DFE5784FEF3:[485ee567-9abe-4993-b798-ae6e4b1ba013:192.168.34.5:43226] returns group-5DFE5784FEF3:java.util.concurrent.CompletableFuture@6c5cce91[Not completed]
2019-10-18 11:51:59,325 [pool-177-thread-1] INFO  storage.RaftStorage (RaftStorage.java:format(84)) - Storage directory /workdir/hadoop-ozone/ozonefs/target/test-dir/MiniOzoneClusterImpl-e8cad9af-dab6-422c-b187-d20201875e57/datanode-0/data/ratis/cadeaa1c-ecde-48f4-883d-ab43153e8ca6 has been successfully formatted.
2019-10-18 11:51:59,325 [pool-187-thread-1] INFO  storage.RaftStorage (RaftStorage.java:format(84)) - Storage directory /workdir/hadoop-ozone/ozonefs/target/test-dir/MiniOzoneClusterImpl-e8cad9af-dab6-422c-b187-d20201875e57/datanode-1/data/ratis/cadeaa1c-ecde-48f4-883d-ab43153e8ca6 has been successfully formatted.
2019-10-18 11:51:59,325 [pool-177-thread-1] INFO  ratis.ContainerStateMachine (ContainerStateMachine.java:loadSnapshot(231)) - group-AB43153E8CA6: The snapshot info is null. Setting the last applied indexto:(t:0, i:~)
2019-10-18 11:51:59,325 [pool-187-thread-1] INFO  ratis.ContainerStateMachine (ContainerStateMachine.java:loadSnapshot(231)) - group-AB43153E8CA6: The snapshot info is null. Setting the last applied indexto:(t:0, i:~)
2019-10-18 11:51:59,325 [pool-177-thread-1] INFO  server.RaftServerConfigKeys (ConfUtils.java:logGet(43)) - raft.server.notification.no-leader.timeout = 120s (custom)
2019-10-18 11:51:59,326 [pool-187-thread-1] INFO  server.RaftServerConfigKeys (ConfUtils.java:logGet(43)) - raft.server.notification.no-leader.timeout = 120s (custom)
2019-10-18 11:51:59,326 [pool-177-thread-1] INFO  server.RaftServerConfigKeys (ConfUtils.java:logGet(43)) - raft.server.log.use.memory = false (default)
2019-10-18 11:51:59,326 [pool-187-thread-1] INFO  server.RaftServerConfigKeys (ConfUtils.java:logGet(43)) - raft.server.log.use.memory = false (default)
2019-10-18 11:51:59,326 [pool-177-thread-1] INFO  server.RaftServerConfigKeys (ConfUtils.java:logGet(43)) - raft.server.log.purge.gap = 1000000 (custom)
2019-10-18 11:51:59,326 [pool-187-thread-1] INFO  server.RaftServerConfigKeys (ConfUtils.java:logGet(43)) - raft.server.log.purge.gap = 1000000 (custom)
2019-10-18 11:51:59,326 [pool-177-thread-1] INFO  server.RaftServerConfigKeys (ConfUtils.java:logGet(43)) - raft.server.log.appender.buffer.byte-limit = 33554432 (custom)
2019-10-18 11:51:59,326 [pool-187-thread-1] INFO  server.RaftServerConfigKeys (ConfUtils.java:logGet(43)) - raft.server.log.appender.buffer.byte-limit = 33554432 (custom)
2019-10-18 11:51:59,326 [pool-177-thread-1] INFO  server.RaftServerConfigKeys (ConfUtils.java:logGet(43)) - raft.server.log.segment.size.max = 1048576 (custom)
2019-10-18 11:51:59,327 [pool-187-thread-1] INFO  server.RaftServerConfigKeys (ConfUtils.java:logGet(43)) - raft.server.log.segment.size.max = 1048576 (custom)
2019-10-18 11:51:59,327 [pool-177-thread-1] INFO  server.RaftServerConfigKeys (ConfUtils.java:logGet(43)) - raft.server.log.segment.cache.num.max = 2 (custom)
2019-10-18 11:51:59,327 [pool-177-thread-1] INFO  segmented.SegmentedRaftLogWorker (SegmentedRaftLogWorker.java:<init>(173)) - new 0616bf17-8096-425b-81d5-680d73392260@group-AB43153E8CA6-SegmentedRaftLogWorker for RaftStorage:Storage Directory /workdir/hadoop-ozone/ozonefs/target/test-dir/MiniOzoneClusterImpl-e8cad9af-dab6-422c-b187-d20201875e57/datanode-0/data/ratis/cadeaa1c-ecde-48f4-883d-ab43153e8ca6
2019-10-18 11:51:59,327 [pool-177-thread-1] INFO  server.RaftServerConfigKeys (ConfUtils.java:logGet(43)) - raft.server.log.queue.byte-limit = 2147483647 (custom)
2019-10-18 11:51:59,327 [pool-177-thread-1] INFO  server.RaftServerConfigKeys (ConfUtils.java:logGet(43)) - raft.server.log.queue.element-limit = 1024 (custom)
2019-10-18 11:51:59,327 [pool-177-thread-1] INFO  server.RaftServerConfigKeys (ConfUtils.java:logGet(43)) - raft.server.log.segment.size.max = 1048576 (custom)
2019-10-18 11:51:59,328 [pool-177-thread-1] INFO  server.RaftServerConfigKeys (ConfUtils.java:logGet(43)) - raft.server.log.preallocated.size = 16384 (custom)
2019-10-18 11:51:59,328 [pool-177-thread-1] INFO  server.RaftServerConfigKeys (ConfUtils.java:logGet(43)) - raft.server.log.write.buffer.size = 33554432 (custom)
2019-10-18 11:51:59,328 [pool-177-thread-1] INFO  server.RaftServerConfigKeys (ConfUtils.java:logGet(43)) - raft.server.log.force.sync.num = 128 (default)
2019-10-18 11:51:59,328 [pool-177-thread-1] INFO  server.RaftServerConfigKeys (ConfUtils.java:logGet(43)) - raft.server.log.statemachine.data.sync = true (default)
2019-10-18 11:51:59,328 [pool-177-thread-1] INFO  server.RaftServerConfigKeys (ConfUtils.java:logGet(43)) - raft.server.log.statemachine.data.sync.timeout = 10s (default)
2019-10-18 11:51:59,328 [pool-177-thread-1] INFO  server.RaftServerConfigKeys (ConfUtils.java:logGet(43)) - raft.server.log.statemachine.data.sync.timeout.retry = -1 (default)
2019-10-18 11:51:59,329 [pool-177-thread-1] INFO  server.RaftServerConfigKeys (ConfUtils.java:logGet(43)) - raft.server.log.statemachine.data.caching.enabled = true (custom)
2019-10-18 11:51:59,329 [pool-177-thread-1] INFO  segmented.SegmentedRaftLogWorker (SegmentedRaftLogWorker.java:lambda$new$0(128)) - 0616bf17-8096-425b-81d5-680d73392260@group-AB43153E8CA6-SegmentedRaftLogWorker: flushIndex: setUnconditionally 0 -> -1
2019-10-18 11:51:59,329 [pool-177-thread-1] INFO  server.RaftServerConfigKeys (ConfUtils.java:logGet(43)) - raft.server.snapshot.auto.trigger.enabled = true (custom)
2019-10-18 11:51:59,330 [pool-187-thread-1] INFO  server.RaftServerConfigKeys (ConfUtils.java:logGet(43)) - raft.server.log.segment.cache.num.max = 2 (custom)
2019-10-18 11:51:59,330 [pool-177-thread-1] INFO  server.RaftServerConfigKeys (ConfUtils.java:logGet(43)) - raft.server.snapshot.auto.trigger.threshold = 10000 (custom)
2019-10-18 11:51:59,330 [pool-187-thread-1] INFO  segmented.SegmentedRaftLogWorker (SegmentedRaftLogWorker.java:<init>(173)) - new f6457e38-f2bb-4d30-b8b7-4f0ed3f93aea@group-AB43153E8CA6-SegmentedRaftLogWorker for RaftStorage:Storage Directory /workdir/hadoop-ozone/ozonefs/target/test-dir/MiniOzoneClusterImpl-e8cad9af-dab6-422c-b187-d20201875e57/datanode-1/data/ratis/cadeaa1c-ecde-48f4-883d-ab43153e8ca6
2019-10-18 11:51:59,330 [pool-177-thread-1] INFO  server.RaftServerConfigKeys (ConfUtils.java:logGet(43)) - raft.server.snapshot.retention.file.num = 5 (custom)
2019-10-18 11:51:59,330 [pool-187-thread-1] INFO  server.RaftServerConfigKeys (ConfUtils.java:logGet(43)) - raft.server.log.queue.byte-limit = 2147483647 (custom)
2019-10-18 11:51:59,330 [pool-177-thread-1] INFO  server.RaftServerConfigKeys (ConfUtils.java:logGet(43)) - raft.server.retrycache.expirytime = 600000ms (custom)
2019-10-18 11:51:59,330 [pool-187-thread-1] INFO  server.RaftServerConfigKeys (ConfUtils.java:logGet(43)) - raft.server.log.queue.element-limit = 1024 (custom)
2019-10-18 11:51:59,330 [pool-187-thread-1] INFO  server.RaftServerConfigKeys (ConfUtils.java:logGet(43)) - raft.server.log.segment.size.max = 1048576 (custom)
2019-10-18 11:51:59,331 [pool-187-thread-1] INFO  server.RaftServerConfigKeys (ConfUtils.java:logGet(43)) - raft.server.log.preallocated.size = 16384 (custom)
2019-10-18 11:51:59,331 [pool-187-thread-1] INFO  server.RaftServerConfigKeys (ConfUtils.java:logGet(43)) - raft.server.log.write.buffer.size = 33554432 (custom)
2019-10-18 11:51:59,331 [pool-187-thread-1] INFO  server.RaftServerConfigKeys (ConfUtils.java:logGet(43)) - raft.server.log.force.sync.num = 128 (default)
2019-10-18 11:51:59,331 [pool-187-thread-1] INFO  server.RaftServerConfigKeys (ConfUtils.java:logGet(43)) - raft.server.log.statemachine.data.sync = true (default)
2019-10-18 11:51:59,331 [pool-187-thread-1] INFO  server.RaftServerConfigKeys (ConfUtils.java:logGet(43)) - raft.server.log.statemachine.data.sync.timeout = 10s (default)
2019-10-18 11:51:59,331 [pool-187-thread-1] INFO  server.RaftServerConfigKeys (ConfUtils.java:logGet(43)) - raft.server.log.statemachine.data.sync.timeout.retry = -1 (default)
2019-10-18 11:51:59,332 [pool-187-thread-1] INFO  server.RaftServerConfigKeys (ConfUtils.java:logGet(43)) - raft.server.log.statemachine.data.caching.enabled = true (custom)
2019-10-18 11:51:59,333 [pool-187-thread-1] INFO  segmented.SegmentedRaftLogWorker (SegmentedRaftLogWorker.java:lambda$new$0(128)) - f6457e38-f2bb-4d30-b8b7-4f0ed3f93aea@group-AB43153E8CA6-SegmentedRaftLogWorker: flushIndex: setUnconditionally 0 -> -1
2019-10-18 11:51:59,333 [pool-177-thread-1] INFO  impl.RaftServerImpl (RaftServerImpl.java:start(181)) - 0616bf17-8096-425b-81d5-680d73392260@group-AB43153E8CA6: start as a follower, conf=-1: [485ee567-9abe-4993-b798-ae6e4b1ba013:192.168.34.5:43226, f6457e38-f2bb-4d30-b8b7-4f0ed3f93aea:192.168.34.5:40789, 0616bf17-8096-425b-81d5-680d73392260:192.168.34.5:33207], old=null
2019-10-18 11:51:59,333 [pool-187-thread-1] INFO  server.RaftServerConfigKeys (ConfUtils.java:logGet(43)) - raft.server.snapshot.auto.trigger.enabled = true (custom)
2019-10-18 11:51:59,333 [pool-177-thread-1] INFO  impl.RaftServerImpl (RaftServerImpl.java:setRole(170)) - 0616bf17-8096-425b-81d5-680d73392260@group-AB43153E8CA6: changes role from      null to FOLLOWER at term 0 for startAsFollower
2019-10-18 11:51:59,333 [pool-187-thread-1] INFO  server.RaftServerConfigKeys (ConfUtils.java:logGet(43)) - raft.server.snapshot.auto.trigger.threshold = 10000 (custom)
2019-10-18 11:51:59,334 [pool-177-thread-1] INFO  impl.RoleInfo (RoleInfo.java:updateAndGet(143)) - 0616bf17-8096-425b-81d5-680d73392260: start FollowerState
2019-10-18 11:51:59,334 [pool-187-thread-1] INFO  server.RaftServerConfigKeys (ConfUtils.java:logGet(43)) - raft.server.snapshot.retention.file.num = 5 (custom)
2019-10-18 11:51:59,334 [pool-187-thread-1] INFO  server.RaftServerConfigKeys (ConfUtils.java:logGet(43)) - raft.server.retrycache.expirytime = 600000ms (custom)
2019-10-18 11:51:59,341 [pool-177-thread-1] INFO  util.JmxRegister (JmxRegister.java:tryRegister(44)) - Successfully registered JMX Bean with object name Ratis:service=RaftServer,group=group-AB43153E8CA6,id=0616bf17-8096-425b-81d5-680d73392260
2019-10-18 11:51:59,345 [pool-187-thread-1] INFO  impl.RaftServerImpl (RaftServerImpl.java:start(181)) - f6457e38-f2bb-4d30-b8b7-4f0ed3f93aea@group-AB43153E8CA6: start as a follower, conf=-1: [485ee567-9abe-4993-b798-ae6e4b1ba013:192.168.34.5:43226, f6457e38-f2bb-4d30-b8b7-4f0ed3f93aea:192.168.34.5:40789, 0616bf17-8096-425b-81d5-680d73392260:192.168.34.5:33207], old=null
2019-10-18 11:51:59,350 [pool-187-thread-1] INFO  impl.RaftServerImpl (RaftServerImpl.java:setRole(170)) - f6457e38-f2bb-4d30-b8b7-4f0ed3f93aea@group-AB43153E8CA6: changes role from      null to FOLLOWER at term 0 for startAsFollower
2019-10-18 11:51:59,350 [pool-187-thread-1] INFO  impl.RoleInfo (RoleInfo.java:updateAndGet(143)) - f6457e38-f2bb-4d30-b8b7-4f0ed3f93aea: start FollowerState
2019-10-18 11:51:59,351 [pool-187-thread-1] INFO  util.JmxRegister (JmxRegister.java:tryRegister(44)) - Successfully registered JMX Bean with object name Ratis:service=RaftServer,group=group-AB43153E8CA6,id=f6457e38-f2bb-4d30-b8b7-4f0ed3f93aea
2019-10-18 11:52:00,124 [pool-197-thread-1] INFO  storage.RaftStorageDirectory (RaftStorageDirectory.java:tryLock(328)) - Lock on /workdir/hadoop-ozone/ozonefs/target/test-dir/MiniOzoneClusterImpl-e8cad9af-dab6-422c-b187-d20201875e57/datanode-2/data/ratis/cadeaa1c-ecde-48f4-883d-ab43153e8ca6/in_use.lock acquired by nodename 5968@pr-hdds-2208-pnh8d-353521125
2019-10-18 11:52:00,125 [0616bf17-8096-425b-81d5-680d73392260@group-E3AA3616A720-LeaderElection21] INFO  impl.LeaderElection (LeaderElection.java:askForVotes(178)) - 0616bf17-8096-425b-81d5-680d73392260@group-E3AA3616A720-LeaderElection21: begin an election at term 1 for -1: [0616bf17-8096-425b-81d5-680d73392260:192.168.34.5:33207], old=null
2019-10-18 11:52:00,125 [0616bf17-8096-425b-81d5-680d73392260@group-E3AA3616A720-LeaderElection21] INFO  impl.RoleInfo (RoleInfo.java:shutdownLeaderElection(134)) - 0616bf17-8096-425b-81d5-680d73392260: shutdown LeaderElection
2019-10-18 11:52:00,125 [0616bf17-8096-425b-81d5-680d73392260@group-E3AA3616A720-LeaderElection21] INFO  impl.RaftServerImpl (RaftServerImpl.java:setRole(170)) - 0616bf17-8096-425b-81d5-680d73392260@group-E3AA3616A720: changes role from CANDIDATE to LEADER at term 1 for changeToLeader
2019-10-18 11:52:00,125 [0616bf17-8096-425b-81d5-680d73392260@group-E3AA3616A720-LeaderElection21] INFO  impl.RaftServerImpl (ServerState.java:setLeader(255)) - 0616bf17-8096-425b-81d5-680d73392260@group-E3AA3616A720: change Leader from null to 0616bf17-8096-425b-81d5-680d73392260 at term 1 for becomeLeader, leader elected after 8972ms
2019-10-18 11:52:00,125 [0616bf17-8096-425b-81d5-680d73392260@group-E3AA3616A720-LeaderElection21] INFO  server.RaftServerConfigKeys (ConfUtils.java:logGet(43)) - raft.server.staging.catchup.gap = 1000 (default)
2019-10-18 11:52:00,126 [0616bf17-8096-425b-81d5-680d73392260@group-E3AA3616A720-LeaderElection21] INFO  server.RaftServerConfigKeys (ConfUtils.java:logGet(43)) - raft.server.rpc.sleep.time = 25ms (default)
2019-10-18 11:52:00,126 [0616bf17-8096-425b-81d5-680d73392260@group-E3AA3616A720-LeaderElection21] INFO  server.RaftServerConfigKeys (ConfUtils.java:logGet(43)) - raft.server.write.element-limit = 4096 (default)
2019-10-18 11:52:00,126 [0616bf17-8096-425b-81d5-680d73392260@group-E3AA3616A720-LeaderElection21] INFO  server.RaftServerConfigKeys (ConfUtils.java:logGet(43)) - raft.server.watch.timeout = 10s (default)
2019-10-18 11:52:00,126 [0616bf17-8096-425b-81d5-680d73392260@group-E3AA3616A720-LeaderElection21] INFO  server.RaftServerConfigKeys (ConfUtils.java:logGet(43)) - raft.server.watch.timeout.denomination = 1s (default)
2019-10-18 11:52:00,126 [0616bf17-8096-425b-81d5-680d73392260@group-E3AA3616A720-LeaderElection21] INFO  server.RaftServerConfigKeys (ConfUtils.java:logGet(43)) - raft.server.watch.element-limit = 65536 (default)
2019-10-18 11:52:00,133 [0616bf17-8096-425b-81d5-680d73392260@group-E3AA3616A720-LeaderElection21] INFO  impl.RoleInfo (RoleInfo.java:updateAndGet(143)) - 0616bf17-8096-425b-81d5-680d73392260: start LeaderState
2019-10-18 11:52:00,133 [0616bf17-8096-425b-81d5-680d73392260@group-E3AA3616A720-LeaderElection21] INFO  segmented.SegmentedRaftLogWorker (SegmentedRaftLogWorker.java:startLogSegment(385)) - 0616bf17-8096-425b-81d5-680d73392260@group-E3AA3616A720-SegmentedRaftLogWorker: Starting segment from index:0
2019-10-18 11:52:00,134 [0616bf17-8096-425b-81d5-680d73392260@group-E3AA3616A720-LeaderElection21] INFO  impl.RaftServerImpl (ServerState.java:setRaftConf(356)) - 0616bf17-8096-425b-81d5-680d73392260@group-E3AA3616A720: set configuration 0: [0616bf17-8096-425b-81d5-680d73392260:192.168.34.5:33207], old=null at 0
2019-10-18 11:52:00,216 [RATISCREATEPIPELINE1] ERROR pipeline.RatisPipelineProvider (RatisPipelineProvider.java:lambda$null$5(237)) - Failed invoke Ratis rpc org.apache.hadoop.hdds.scm.pipeline.RatisPipelineProvider$$Lambda$189/532767178@13eea5c9 for 485ee567-9abe-4993-b798-ae6e4b1ba013
org.apache.ratis.protocol.TimeoutIOException: deadline exceeded after 2999682046ns
	at org.apache.ratis.grpc.GrpcUtil.tryUnwrapException(GrpcUtil.java:82)
	at org.apache.ratis.grpc.GrpcUtil.unwrapException(GrpcUtil.java:75)
	at org.apache.ratis.grpc.client.GrpcClientProtocolClient.blockingCall(GrpcClientProtocolClient.java:184)
	at org.apache.ratis.grpc.client.GrpcClientProtocolClient.groupAdd(GrpcClientProtocolClient.java:153)
	at org.apache.ratis.grpc.client.GrpcClientRpc.sendRequest(GrpcClientRpc.java:94)
	at org.apache.ratis.client.impl.RaftClientImpl.sendRequest(RaftClientImpl.java:278)
	at org.apache.ratis.client.impl.RaftClientImpl.groupAdd(RaftClientImpl.java:205)
	at org.apache.hadoop.hdds.scm.pipeline.RatisPipelineProvider.lambda$initializePipeline$4(RatisPipelineProvider.java:198)
	at org.apache.hadoop.hdds.scm.pipeline.RatisPipelineProvider.lambda$null$5(RatisPipelineProvider.java:233)
	at java.util.stream.ForEachOps$ForEachOp$OfRef.accept(ForEachOps.java:183)
	at java.util.ArrayList$ArrayListSpliterator.forEachRemaining(ArrayList.java:1382)
	at java.util.stream.AbstractPipeline.copyInto(AbstractPipeline.java:482)
	at java.util.stream.ForEachOps$ForEachTask.compute(ForEachOps.java:290)
	at java.util.concurrent.CountedCompleter.exec(CountedCompleter.java:731)
	at java.util.concurrent.ForkJoinTask.doExec(ForkJoinTask.java:289)
	at java.util.concurrent.ForkJoinTask.doInvoke(ForkJoinTask.java:401)
	at java.util.concurrent.ForkJoinTask.invoke(ForkJoinTask.java:734)
	at java.util.stream.ForEachOps$ForEachOp.evaluateParallel(ForEachOps.java:159)
	at java.util.stream.ForEachOps$ForEachOp$OfRef.evaluateParallel(ForEachOps.java:173)
	at java.util.stream.AbstractPipeline.evaluate(AbstractPipeline.java:233)
	at java.util.stream.ReferencePipeline.forEach(ReferencePipeline.java:485)
	at java.util.stream.ReferencePipeline$Head.forEach(ReferencePipeline.java:650)
	at org.apache.hadoop.hdds.scm.pipeline.RatisPipelineProvider.lambda$callRatisRpc$6(RatisPipelineProvider.java:227)
	at java.util.concurrent.ForkJoinTask$AdaptedRunnableAction.exec(ForkJoinTask.java:1386)
	at java.util.concurrent.ForkJoinTask.doExec(ForkJoinTask.java:289)
	at java.util.concurrent.ForkJoinPool$WorkQueue.runTask(ForkJoinPool.java:1056)
	at java.util.concurrent.ForkJoinPool.runWorker(ForkJoinPool.java:1692)
	at java.util.concurrent.ForkJoinWorkerThread.run(ForkJoinWorkerThread.java:157)
Caused by: org.apache.ratis.thirdparty.io.grpc.StatusRuntimeException: DEADLINE_EXCEEDED: deadline exceeded after 2999682046ns
	at org.apache.ratis.thirdparty.io.grpc.stub.ClientCalls.toStatusRuntimeException(ClientCalls.java:233)
	at org.apache.ratis.thirdparty.io.grpc.stub.ClientCalls.getUnchecked(ClientCalls.java:214)
	at org.apache.ratis.thirdparty.io.grpc.stub.ClientCalls.blockingUnaryCall(ClientCalls.java:139)
	at org.apache.ratis.proto.grpc.AdminProtocolServiceGrpc$AdminProtocolServiceBlockingStub.groupManagement(AdminProtocolServiceGrpc.java:274)
	at org.apache.ratis.grpc.client.GrpcClientProtocolClient.lambda$groupAdd$3(GrpcClientProtocolClient.java:155)
	at org.apache.ratis.grpc.client.GrpcClientProtocolClient.blockingCall(GrpcClientProtocolClient.java:182)
	... 25 more
2019-10-18 11:52:00,663 [grpc-default-executor-1] INFO  impl.RaftServerProxy (RaftServerProxy.java:addNew(89)) - 0616bf17-8096-425b-81d5-680d73392260: addNew group-AC1844F6E45B:[485ee567-9abe-4993-b798-ae6e4b1ba013:192.168.34.5:43226, f6457e38-f2bb-4d30-b8b7-4f0ed3f93aea:192.168.34.5:40789, 0616bf17-8096-425b-81d5-680d73392260:192.168.34.5:33207] returns group-AC1844F6E45B:java.util.concurrent.CompletableFuture@7efbdf4b[Not completed]
2019-10-18 11:52:00,663 [grpc-default-executor-2] INFO  impl.RaftServerProxy (RaftServerProxy.java:addNew(89)) - f6457e38-f2bb-4d30-b8b7-4f0ed3f93aea: addNew group-AC1844F6E45B:[485ee567-9abe-4993-b798-ae6e4b1ba013:192.168.34.5:43226, f6457e38-f2bb-4d30-b8b7-4f0ed3f93aea:192.168.34.5:40789, 0616bf17-8096-425b-81d5-680d73392260:192.168.34.5:33207] returns group-AC1844F6E45B:java.util.concurrent.CompletableFuture@5dfa0107[Not completed]
2019-10-18 11:52:00,664 [grpc-default-executor-0] INFO  impl.RaftServerProxy (RaftServerProxy.java:addNew(89)) - 485ee567-9abe-4993-b798-ae6e4b1ba013: addNew group-AC1844F6E45B:[485ee567-9abe-4993-b798-ae6e4b1ba013:192.168.34.5:43226, f6457e38-f2bb-4d30-b8b7-4f0ed3f93aea:192.168.34.5:40789, 0616bf17-8096-425b-81d5-680d73392260:192.168.34.5:33207] returns group-AC1844F6E45B:java.util.concurrent.CompletableFuture@3ecdaaff[Not completed]
2019-10-18 11:52:00,666 [pool-177-thread-1] INFO  impl.RaftServerImpl (RaftServerImpl.java:<init>(95)) - 0616bf17-8096-425b-81d5-680d73392260: new RaftServerImpl for group-AC1844F6E45B:[485ee567-9abe-4993-b798-ae6e4b1ba013:192.168.34.5:43226, f6457e38-f2bb-4d30-b8b7-4f0ed3f93aea:192.168.34.5:40789, 0616bf17-8096-425b-81d5-680d73392260:192.168.34.5:33207] with ContainerStateMachine:uninitialized
2019-10-18 11:52:00,666 [pool-177-thread-1] INFO  server.RaftServerConfigKeys (ConfUtils.java:logGet(43)) - raft.server.rpc.timeout.min = 5s (custom)
2019-10-18 11:52:00,666 [pool-177-thread-1] INFO  server.RaftServerConfigKeys (ConfUtils.java:logGet(43)) - raft.server.rpc.timeout.max = 5200ms (custom)
2019-10-18 11:52:00,666 [pool-187-thread-1] INFO  impl.RaftServerImpl (RaftServerImpl.java:<init>(95)) - f6457e38-f2bb-4d30-b8b7-4f0ed3f93aea: new RaftServerImpl for group-AC1844F6E45B:[485ee567-9abe-4993-b798-ae6e4b1ba013:192.168.34.5:43226, f6457e38-f2bb-4d30-b8b7-4f0ed3f93aea:192.168.34.5:40789, 0616bf17-8096-425b-81d5-680d73392260:192.168.34.5:33207] with ContainerStateMachine:uninitialized
2019-10-18 11:52:00,666 [pool-177-thread-1] INFO  server.RaftServerConfigKeys (ConfUtils.java:logGet(43)) - raft.server.rpcslowness.timeout = 120s (custom)
2019-10-18 11:52:00,666 [pool-187-thread-1] INFO  server.RaftServerConfigKeys (ConfUtils.java:logGet(43)) - raft.server.rpc.timeout.min = 5s (custom)
2019-10-18 11:52:00,666 [pool-177-thread-1] INFO  server.RaftServerConfigKeys (ConfUtils.java:logGet(43)) - raft.server.sleep.deviation.threshold = 300 (default)
2019-10-18 11:52:00,667 [pool-187-thread-1] INFO  server.RaftServerConfigKeys (ConfUtils.java:logGet(43)) - raft.server.rpc.timeout.max = 5200ms (custom)
2019-10-18 11:52:00,667 [pool-177-thread-1] INFO  server.RaftServerConfigKeys (ConfUtils.java:logGet(43)) - raft.server.log.appender.install.snapshot.enabled = false (custom)
2019-10-18 11:52:00,667 [pool-187-thread-1] INFO  server.RaftServerConfigKeys (ConfUtils.java:logGet(43)) - raft.server.rpcslowness.timeout = 120s (custom)
2019-10-18 11:52:00,667 [pool-177-thread-1] INFO  impl.RaftServerImpl (ServerState.java:<init>(103)) - 0616bf17-8096-425b-81d5-680d73392260@group-AC1844F6E45B: ConfigurationManager, init=-1: [485ee567-9abe-4993-b798-ae6e4b1ba013:192.168.34.5:43226, f6457e38-f2bb-4d30-b8b7-4f0ed3f93aea:192.168.34.5:40789, 0616bf17-8096-425b-81d5-680d73392260:192.168.34.5:33207], old=null, confs=<EMPTY_MAP>
2019-10-18 11:52:00,667 [pool-187-thread-1] INFO  server.RaftServerConfigKeys (ConfUtils.java:logGet(43)) - raft.server.sleep.deviation.threshold = 300 (default)
2019-10-18 11:52:00,667 [pool-187-thread-1] INFO  server.RaftServerConfigKeys (ConfUtils.java:logGet(43)) - raft.server.log.appender.install.snapshot.enabled = false (custom)
2019-10-18 11:52:00,667 [pool-177-thread-1] INFO  server.RaftServerConfigKeys (ConfUtils.java:logGet(43)) - raft.server.storage.dir = [/workdir/hadoop-ozone/ozonefs/target/test-dir/MiniOzoneClusterImpl-e8cad9af-dab6-422c-b187-d20201875e57/datanode-0/data/ratis] (custom)
2019-10-18 11:52:00,667 [pool-187-thread-1] INFO  impl.RaftServerImpl (ServerState.java:<init>(103)) - f6457e38-f2bb-4d30-b8b7-4f0ed3f93aea@group-AC1844F6E45B: ConfigurationManager, init=-1: [485ee567-9abe-4993-b798-ae6e4b1ba013:192.168.34.5:43226, f6457e38-f2bb-4d30-b8b7-4f0ed3f93aea:192.168.34.5:40789, 0616bf17-8096-425b-81d5-680d73392260:192.168.34.5:33207], old=null, confs=<EMPTY_MAP>
2019-10-18 11:52:00,667 [pool-187-thread-1] INFO  server.RaftServerConfigKeys (ConfUtils.java:logGet(43)) - raft.server.storage.dir = [/workdir/hadoop-ozone/ozonefs/target/test-dir/MiniOzoneClusterImpl-e8cad9af-dab6-422c-b187-d20201875e57/datanode-1/data/ratis] (custom)
2019-10-18 11:52:00,668 [pool-177-thread-1] INFO  server.RaftServerConfigKeys (ConfUtils.java:logGet(43)) - raft.server.log.corruption.policy = EXCEPTION (default)
2019-10-18 11:52:00,668 [pool-187-thread-1] INFO  server.RaftServerConfigKeys (ConfUtils.java:logGet(43)) - raft.server.log.corruption.policy = EXCEPTION (default)
2019-10-18 11:52:00,668 [pool-177-thread-1] INFO  storage.RaftStorageDirectory (RaftStorageDirectory.java:analyzeStorage(246)) - The storage directory /workdir/hadoop-ozone/ozonefs/target/test-dir/MiniOzoneClusterImpl-e8cad9af-dab6-422c-b187-d20201875e57/datanode-0/data/ratis/e6afac2b-4f12-4c3f-b093-ac1844f6e45b does not exist. Creating ...
2019-10-18 11:52:00,668 [pool-187-thread-1] INFO  storage.RaftStorageDirectory (RaftStorageDirectory.java:analyzeStorage(246)) - The storage directory /workdir/hadoop-ozone/ozonefs/target/test-dir/MiniOzoneClusterImpl-e8cad9af-dab6-422c-b187-d20201875e57/datanode-1/data/ratis/e6afac2b-4f12-4c3f-b093-ac1844f6e45b does not exist. Creating ...
2019-10-18 11:52:02,134 [pool-197-thread-1] INFO  storage.RaftStorage (RaftStorage.java:format(84)) - Storage directory /workdir/hadoop-ozone/ozonefs/target/test-dir/MiniOzoneClusterImpl-e8cad9af-dab6-422c-b187-d20201875e57/datanode-2/data/ratis/cadeaa1c-ecde-48f4-883d-ab43153e8ca6 has been successfully formatted.
2019-10-18 11:52:02,135 [pool-197-thread-1] INFO  ratis.ContainerStateMachine (ContainerStateMachine.java:loadSnapshot(231)) - group-AB43153E8CA6: The snapshot info is null. Setting the last applied indexto:(t:0, i:~)
2019-10-18 11:52:02,135 [pool-197-thread-1] INFO  server.RaftServerConfigKeys (ConfUtils.java:logGet(43)) - raft.server.notification.no-leader.timeout = 120s (custom)
2019-10-18 11:52:02,135 [pool-197-thread-1] INFO  server.RaftServerConfigKeys (ConfUtils.java:logGet(43)) - raft.server.log.use.memory = false (default)
2019-10-18 11:52:02,135 [pool-197-thread-1] INFO  server.RaftServerConfigKeys (ConfUtils.java:logGet(43)) - raft.server.log.purge.gap = 1000000 (custom)
2019-10-18 11:52:02,135 [pool-197-thread-1] INFO  server.RaftServerConfigKeys (ConfUtils.java:logGet(43)) - raft.server.log.appender.buffer.byte-limit = 33554432 (custom)
2019-10-18 11:52:02,136 [pool-197-thread-1] INFO  server.RaftServerConfigKeys (ConfUtils.java:logGet(43)) - raft.server.log.segment.size.max = 1048576 (custom)
2019-10-18 11:52:02,136 [pool-197-thread-1] INFO  server.RaftServerConfigKeys (ConfUtils.java:logGet(43)) - raft.server.log.segment.cache.num.max = 2 (custom)
2019-10-18 11:52:02,136 [pool-197-thread-1] INFO  segmented.SegmentedRaftLogWorker (SegmentedRaftLogWorker.java:<init>(173)) - new 485ee567-9abe-4993-b798-ae6e4b1ba013@group-AB43153E8CA6-SegmentedRaftLogWorker for RaftStorage:Storage Directory /workdir/hadoop-ozone/ozonefs/target/test-dir/MiniOzoneClusterImpl-e8cad9af-dab6-422c-b187-d20201875e57/datanode-2/data/ratis/cadeaa1c-ecde-48f4-883d-ab43153e8ca6
2019-10-18 11:52:02,136 [pool-197-thread-1] INFO  server.RaftServerConfigKeys (ConfUtils.java:logGet(43)) - raft.server.log.queue.byte-limit = 2147483647 (custom)
2019-10-18 11:52:02,136 [pool-197-thread-1] INFO  server.RaftServerConfigKeys (ConfUtils.java:logGet(43)) - raft.server.log.queue.element-limit = 1024 (custom)
2019-10-18 11:52:02,136 [pool-197-thread-1] INFO  server.RaftServerConfigKeys (ConfUtils.java:logGet(43)) - raft.server.log.segment.size.max = 1048576 (custom)
2019-10-18 11:52:02,137 [pool-197-thread-1] INFO  server.RaftServerConfigKeys (ConfUtils.java:logGet(43)) - raft.server.log.preallocated.size = 16384 (custom)
2019-10-18 11:52:02,137 [pool-197-thread-1] INFO  server.RaftServerConfigKeys (ConfUtils.java:logGet(43)) - raft.server.log.write.buffer.size = 33554432 (custom)
2019-10-18 11:52:02,137 [pool-197-thread-1] INFO  server.RaftServerConfigKeys (ConfUtils.java:logGet(43)) - raft.server.log.force.sync.num = 128 (default)
2019-10-18 11:52:02,137 [pool-197-thread-1] INFO  server.RaftServerConfigKeys (ConfUtils.java:logGet(43)) - raft.server.log.statemachine.data.sync = true (default)
2019-10-18 11:52:02,137 [pool-197-thread-1] INFO  server.RaftServerConfigKeys (ConfUtils.java:logGet(43)) - raft.server.log.statemachine.data.sync.timeout = 10s (default)
2019-10-18 11:52:02,137 [pool-197-thread-1] INFO  server.RaftServerConfigKeys (ConfUtils.java:logGet(43)) - raft.server.log.statemachine.data.sync.timeout.retry = -1 (default)
2019-10-18 11:52:02,138 [pool-197-thread-1] INFO  server.RaftServerConfigKeys (ConfUtils.java:logGet(43)) - raft.server.log.statemachine.data.caching.enabled = true (custom)
2019-10-18 11:52:02,138 [pool-197-thread-1] INFO  segmented.SegmentedRaftLogWorker (SegmentedRaftLogWorker.java:lambda$new$0(128)) - 485ee567-9abe-4993-b798-ae6e4b1ba013@group-AB43153E8CA6-SegmentedRaftLogWorker: flushIndex: setUnconditionally 0 -> -1
2019-10-18 11:52:02,138 [pool-197-thread-1] INFO  server.RaftServerConfigKeys (ConfUtils.java:logGet(43)) - raft.server.snapshot.auto.trigger.enabled = true (custom)
2019-10-18 11:52:02,139 [pool-197-thread-1] INFO  server.RaftServerConfigKeys (ConfUtils.java:logGet(43)) - raft.server.snapshot.auto.trigger.threshold = 10000 (custom)
2019-10-18 11:52:02,139 [pool-197-thread-1] INFO  server.RaftServerConfigKeys (ConfUtils.java:logGet(43)) - raft.server.snapshot.retention.file.num = 5 (custom)
2019-10-18 11:52:02,139 [pool-197-thread-1] INFO  server.RaftServerConfigKeys (ConfUtils.java:logGet(43)) - raft.server.retrycache.expirytime = 600000ms (custom)
2019-10-18 11:52:02,142 [pool-197-thread-1] INFO  impl.RaftServerImpl (RaftServerImpl.java:start(181)) - 485ee567-9abe-4993-b798-ae6e4b1ba013@group-396559400E54: start as a follower, conf=-1: [485ee567-9abe-4993-b798-ae6e4b1ba013:192.168.34.5:43226], old=null
2019-10-18 11:52:02,142 [pool-197-thread-1] INFO  impl.RaftServerImpl (RaftServerImpl.java:setRole(170)) - 485ee567-9abe-4993-b798-ae6e4b1ba013@group-396559400E54: changes role from      null to FOLLOWER at term 0 for startAsFollower
2019-10-18 11:52:02,142 [pool-197-thread-1] INFO  impl.RoleInfo (RoleInfo.java:updateAndGet(143)) - 485ee567-9abe-4993-b798-ae6e4b1ba013: start FollowerState
2019-10-18 11:52:02,143 [pool-197-thread-1] INFO  util.JmxRegister (JmxRegister.java:tryRegister(44)) - Successfully registered JMX Bean with object name Ratis:service=RaftServer,group=group-396559400E54,id=485ee567-9abe-4993-b798-ae6e4b1ba013
2019-10-18 11:52:02,148 [pool-197-thread-1] INFO  impl.RaftServerImpl (RaftServerImpl.java:<init>(95)) - 485ee567-9abe-4993-b798-ae6e4b1ba013: new RaftServerImpl for group-5DFE5784FEF3:[485ee567-9abe-4993-b798-ae6e4b1ba013:192.168.34.5:43226] with ContainerStateMachine:uninitialized
2019-10-18 11:52:02,148 [pool-197-thread-1] INFO  server.RaftServerConfigKeys (ConfUtils.java:logGet(43)) - raft.server.rpc.timeout.min = 5s (custom)
2019-10-18 11:52:02,148 [pool-197-thread-1] INFO  server.RaftServerConfigKeys (ConfUtils.java:logGet(43)) - raft.server.rpc.timeout.max = 5200ms (custom)
2019-10-18 11:52:02,148 [pool-197-thread-1] INFO  server.RaftServerConfigKeys (ConfUtils.java:logGet(43)) - raft.server.rpcslowness.timeout = 120s (custom)
2019-10-18 11:52:02,148 [pool-197-thread-1] INFO  server.RaftServerConfigKeys (ConfUtils.java:logGet(43)) - raft.server.sleep.deviation.threshold = 300 (default)
2019-10-18 11:52:02,149 [pool-197-thread-1] INFO  server.RaftServerConfigKeys (ConfUtils.java:logGet(43)) - raft.server.log.appender.install.snapshot.enabled = false (custom)
2019-10-18 11:52:02,149 [pool-197-thread-1] INFO  impl.RaftServerImpl (ServerState.java:<init>(103)) - 485ee567-9abe-4993-b798-ae6e4b1ba013@group-5DFE5784FEF3: ConfigurationManager, init=-1: [485ee567-9abe-4993-b798-ae6e4b1ba013:192.168.34.5:43226], old=null, confs=<EMPTY_MAP>
2019-10-18 11:52:02,149 [pool-197-thread-1] INFO  server.RaftServerConfigKeys (ConfUtils.java:logGet(43)) - raft.server.storage.dir = [/workdir/hadoop-ozone/ozonefs/target/test-dir/MiniOzoneClusterImpl-e8cad9af-dab6-422c-b187-d20201875e57/datanode-2/data/ratis] (custom)
2019-10-18 11:52:02,149 [pool-197-thread-1] INFO  server.RaftServerConfigKeys (ConfUtils.java:logGet(43)) - raft.server.log.corruption.policy = EXCEPTION (default)
2019-10-18 11:52:02,150 [pool-197-thread-1] INFO  storage.RaftStorageDirectory (RaftStorageDirectory.java:analyzeStorage(246)) - The storage directory /workdir/hadoop-ozone/ozonefs/target/test-dir/MiniOzoneClusterImpl-e8cad9af-dab6-422c-b187-d20201875e57/datanode-2/data/ratis/4e36bfab-66a7-47a3-80e1-5dfe5784fef3 does not exist. Creating ...
2019-10-18 11:52:02,866 [pool-177-thread-1] INFO  storage.RaftStorageDirectory (RaftStorageDirectory.java:tryLock(328)) - Lock on /workdir/hadoop-ozone/ozonefs/target/test-dir/MiniOzoneClusterImpl-e8cad9af-dab6-422c-b187-d20201875e57/datanode-0/data/ratis/e6afac2b-4f12-4c3f-b093-ac1844f6e45b/in_use.lock acquired by nodename 5968@pr-hdds-2208-pnh8d-353521125
2019-10-18 11:52:02,866 [pool-187-thread-1] INFO  storage.RaftStorageDirectory (RaftStorageDirectory.java:tryLock(328)) - Lock on /workdir/hadoop-ozone/ozonefs/target/test-dir/MiniOzoneClusterImpl-e8cad9af-dab6-422c-b187-d20201875e57/datanode-1/data/ratis/e6afac2b-4f12-4c3f-b093-ac1844f6e45b/in_use.lock acquired by nodename 5968@pr-hdds-2208-pnh8d-353521125
2019-10-18 11:52:02,867 [0616bf17-8096-425b-81d5-680d73392260@group-E3AA3616A720-SegmentedRaftLogWorker] INFO  segmented.SegmentedRaftLogWorker (SegmentedRaftLogWorker.java:execute(574)) - 0616bf17-8096-425b-81d5-680d73392260@group-E3AA3616A720-SegmentedRaftLogWorker: created new log segment /workdir/hadoop-ozone/ozonefs/target/test-dir/MiniOzoneClusterImpl-e8cad9af-dab6-422c-b187-d20201875e57/datanode-0/data/ratis/b1f1eff1-45c6-4803-bb03-e3aa3616a720/current/log_inprogress_0
2019-10-18 11:52:03,658 [RATISCREATEPIPELINE2] ERROR pipeline.RatisPipelineProvider (RatisPipelineProvider.java:lambda$null$5(237)) - Failed invoke Ratis rpc org.apache.hadoop.hdds.scm.pipeline.RatisPipelineProvider$$Lambda$189/532767178@1400edb5 for 0616bf17-8096-425b-81d5-680d73392260
org.apache.ratis.protocol.TimeoutIOException: deadline exceeded after 2996865058ns
	at org.apache.ratis.grpc.GrpcUtil.tryUnwrapException(GrpcUtil.java:82)
	at org.apache.ratis.grpc.GrpcUtil.unwrapException(GrpcUtil.java:75)
	at org.apache.ratis.grpc.client.GrpcClientProtocolClient.blockingCall(GrpcClientProtocolClient.java:184)
	at org.apache.ratis.grpc.client.GrpcClientProtocolClient.groupAdd(GrpcClientProtocolClient.java:153)
	at org.apache.ratis.grpc.client.GrpcClientRpc.sendRequest(GrpcClientRpc.java:94)
	at org.apache.ratis.client.impl.RaftClientImpl.sendRequest(RaftClientImpl.java:278)
	at org.apache.ratis.client.impl.RaftClientImpl.groupAdd(RaftClientImpl.java:205)
	at org.apache.hadoop.hdds.scm.pipeline.RatisPipelineProvider.lambda$initializePipeline$4(RatisPipelineProvider.java:198)
	at org.apache.hadoop.hdds.scm.pipeline.RatisPipelineProvider.lambda$null$5(RatisPipelineProvider.java:233)
	at java.util.stream.ForEachOps$ForEachOp$OfRef.accept(ForEachOps.java:183)
	at java.util.ArrayList$ArrayListSpliterator.forEachRemaining(ArrayList.java:1382)
	at java.util.stream.AbstractPipeline.copyInto(AbstractPipeline.java:482)
	at java.util.stream.ForEachOps$ForEachTask.compute(ForEachOps.java:290)
	at java.util.concurrent.CountedCompleter.exec(CountedCompleter.java:731)
	at java.util.concurrent.ForkJoinTask.doExec(ForkJoinTask.java:289)
	at java.util.concurrent.ForkJoinPool$WorkQueue.runTask(ForkJoinPool.java:1056)
	at java.util.concurrent.ForkJoinPool.runWorker(ForkJoinPool.java:1692)
	at java.util.concurrent.ForkJoinWorkerThread.run(ForkJoinWorkerThread.java:157)
Caused by: org.apache.ratis.thirdparty.io.grpc.StatusRuntimeException: DEADLINE_EXCEEDED: deadline exceeded after 2996865058ns
	at org.apache.ratis.thirdparty.io.grpc.stub.ClientCalls.toStatusRuntimeException(ClientCalls.java:233)
	at org.apache.ratis.thirdparty.io.grpc.stub.ClientCalls.getUnchecked(ClientCalls.java:214)
	at org.apache.ratis.thirdparty.io.grpc.stub.ClientCalls.blockingUnaryCall(ClientCalls.java:139)
	at org.apache.ratis.proto.grpc.AdminProtocolServiceGrpc$AdminProtocolServiceBlockingStub.groupManagement(AdminProtocolServiceGrpc.java:274)
	at org.apache.ratis.grpc.client.GrpcClientProtocolClient.lambda$groupAdd$3(GrpcClientProtocolClient.java:155)
	at org.apache.ratis.grpc.client.GrpcClientProtocolClient.blockingCall(GrpcClientProtocolClient.java:182)
	... 15 more
2019-10-18 11:52:03,660 [RATISCREATEPIPELINE3] ERROR pipeline.RatisPipelineProvider (RatisPipelineProvider.java:lambda$null$5(237)) - Failed invoke Ratis rpc org.apache.hadoop.hdds.scm.pipeline.RatisPipelineProvider$$Lambda$189/532767178@1400edb5 for 485ee567-9abe-4993-b798-ae6e4b1ba013
org.apache.ratis.protocol.TimeoutIOException: deadline exceeded after 2998540250ns
	at org.apache.ratis.grpc.GrpcUtil.tryUnwrapException(GrpcUtil.java:82)
	at org.apache.ratis.grpc.GrpcUtil.unwrapException(GrpcUtil.java:75)
	at org.apache.ratis.grpc.client.GrpcClientProtocolClient.blockingCall(GrpcClientProtocolClient.java:184)
	at org.apache.ratis.grpc.client.GrpcClientProtocolClient.groupAdd(GrpcClientProtocolClient.java:153)
	at org.apache.ratis.grpc.client.GrpcClientRpc.sendRequest(GrpcClientRpc.java:94)
	at org.apache.ratis.client.impl.RaftClientImpl.sendRequest(RaftClientImpl.java:278)
	at org.apache.ratis.client.impl.RaftClientImpl.groupAdd(RaftClientImpl.java:205)
	at org.apache.hadoop.hdds.scm.pipeline.RatisPipelineProvider.lambda$initializePipeline$4(RatisPipelineProvider.java:198)
	at org.apache.hadoop.hdds.scm.pipeline.RatisPipelineProvider.lambda$null$5(RatisPipelineProvider.java:233)
	at java.util.stream.ForEachOps$ForEachOp$OfRef.accept(ForEachOps.java:183)
	at java.util.ArrayList$ArrayListSpliterator.forEachRemaining(ArrayList.java:1382)
	at java.util.stream.AbstractPipeline.copyInto(AbstractPipeline.java:482)
	at java.util.stream.ForEachOps$ForEachTask.compute(ForEachOps.java:290)
	at java.util.concurrent.CountedCompleter.exec(CountedCompleter.java:731)
	at java.util.concurrent.ForkJoinTask.doExec(ForkJoinTask.java:289)
	at java.util.concurrent.ForkJoinPool$WorkQueue.runTask(ForkJoinPool.java:1056)
	at java.util.concurrent.ForkJoinPool.runWorker(ForkJoinPool.java:1692)
	at java.util.concurrent.ForkJoinWorkerThread.run(ForkJoinWorkerThread.java:157)
Caused by: org.apache.ratis.thirdparty.io.grpc.StatusRuntimeException: DEADLINE_EXCEEDED: deadline exceeded after 2998540250ns
	at org.apache.ratis.thirdparty.io.grpc.stub.ClientCalls.toStatusRuntimeException(ClientCalls.java:233)
	at org.apache.ratis.thirdparty.io.grpc.stub.ClientCalls.getUnchecked(ClientCalls.java:214)
	at org.apache.ratis.thirdparty.io.grpc.stub.ClientCalls.blockingUnaryCall(ClientCalls.java:139)
	at org.apache.ratis.proto.grpc.AdminProtocolServiceGrpc$AdminProtocolServiceBlockingStub.groupManagement(AdminProtocolServiceGrpc.java:274)
	at org.apache.ratis.grpc.client.GrpcClientProtocolClient.lambda$groupAdd$3(GrpcClientProtocolClient.java:155)
	at org.apache.ratis.grpc.client.GrpcClientProtocolClient.blockingCall(GrpcClientProtocolClient.java:182)
	... 15 more
2019-10-18 11:52:03,660 [RATISCREATEPIPELINE1] ERROR pipeline.RatisPipelineProvider (RatisPipelineProvider.java:lambda$null$5(237)) - Failed invoke Ratis rpc org.apache.hadoop.hdds.scm.pipeline.RatisPipelineProvider$$Lambda$189/532767178@1400edb5 for f6457e38-f2bb-4d30-b8b7-4f0ed3f93aea
org.apache.ratis.protocol.TimeoutIOException: deadline exceeded after 2999776140ns
	at org.apache.ratis.grpc.GrpcUtil.tryUnwrapException(GrpcUtil.java:82)
	at org.apache.ratis.grpc.GrpcUtil.unwrapException(GrpcUtil.java:75)
	at org.apache.ratis.grpc.client.GrpcClientProtocolClient.blockingCall(GrpcClientProtocolClient.java:184)
	at org.apache.ratis.grpc.client.GrpcClientProtocolClient.groupAdd(GrpcClientProtocolClient.java:153)
	at org.apache.ratis.grpc.client.GrpcClientRpc.sendRequest(GrpcClientRpc.java:94)
	at org.apache.ratis.client.impl.RaftClientImpl.sendRequest(RaftClientImpl.java:278)
	at org.apache.ratis.client.impl.RaftClientImpl.groupAdd(RaftClientImpl.java:205)
	at org.apache.hadoop.hdds.scm.pipeline.RatisPipelineProvider.lambda$initializePipeline$4(RatisPipelineProvider.java:198)
	at org.apache.hadoop.hdds.scm.pipeline.RatisPipelineProvider.lambda$null$5(RatisPipelineProvider.java:233)
	at java.util.stream.ForEachOps$ForEachOp$OfRef.accept(ForEachOps.java:183)
	at java.util.ArrayList$ArrayListSpliterator.forEachRemaining(ArrayList.java:1382)
	at java.util.stream.AbstractPipeline.copyInto(AbstractPipeline.java:482)
	at java.util.stream.ForEachOps$ForEachTask.compute(ForEachOps.java:290)
	at java.util.concurrent.CountedCompleter.exec(CountedCompleter.java:731)
	at java.util.concurrent.ForkJoinTask.doExec(ForkJoinTask.java:289)
	at java.util.concurrent.ForkJoinTask.doInvoke(ForkJoinTask.java:401)
	at java.util.concurrent.ForkJoinTask.invoke(ForkJoinTask.java:734)
	at java.util.stream.ForEachOps$ForEachOp.evaluateParallel(ForEachOps.java:159)
	at java.util.stream.ForEachOps$ForEachOp$OfRef.evaluateParallel(ForEachOps.java:173)
	at java.util.stream.AbstractPipeline.evaluate(AbstractPipeline.java:233)
	at java.util.stream.ReferencePipeline.forEach(ReferencePipeline.java:485)
	at java.util.stream.ReferencePipeline$Head.forEach(ReferencePipeline.java:650)
	at org.apache.hadoop.hdds.scm.pipeline.RatisPipelineProvider.lambda$callRatisRpc$6(RatisPipelineProvider.java:227)
	at java.util.concurrent.ForkJoinTask$AdaptedRunnableAction.exec(ForkJoinTask.java:1386)
	at java.util.concurrent.ForkJoinTask.doExec(ForkJoinTask.java:289)
	at java.util.concurrent.ForkJoinPool$WorkQueue.runTask(ForkJoinPool.java:1056)
	at java.util.concurrent.ForkJoinPool.runWorker(ForkJoinPool.java:1692)
	at java.util.concurrent.ForkJoinWorkerThread.run(ForkJoinWorkerThread.java:157)
Caused by: org.apache.ratis.thirdparty.io.grpc.StatusRuntimeException: DEADLINE_EXCEEDED: deadline exceeded after 2999776140ns
	at org.apache.ratis.thirdparty.io.grpc.stub.ClientCalls.toStatusRuntimeException(ClientCalls.java:233)
	at org.apache.ratis.thirdparty.io.grpc.stub.ClientCalls.getUnchecked(ClientCalls.java:214)
	at org.apache.ratis.thirdparty.io.grpc.stub.ClientCalls.blockingUnaryCall(ClientCalls.java:139)
	at org.apache.ratis.proto.grpc.AdminProtocolServiceGrpc$AdminProtocolServiceBlockingStub.groupManagement(AdminProtocolServiceGrpc.java:274)
	at org.apache.ratis.grpc.client.GrpcClientProtocolClient.lambda$groupAdd$3(GrpcClientProtocolClient.java:155)
	at org.apache.ratis.grpc.client.GrpcClientProtocolClient.blockingCall(GrpcClientProtocolClient.java:182)
	... 25 more
2019-10-18 11:52:03,675 [grpc-default-executor-1] INFO  impl.RaftServerProxy (RaftServerProxy.java:addNew(89)) - 485ee567-9abe-4993-b798-ae6e4b1ba013: addNew group-291E399AA143:[485ee567-9abe-4993-b798-ae6e4b1ba013:192.168.34.5:43226, f6457e38-f2bb-4d30-b8b7-4f0ed3f93aea:192.168.34.5:40789, 0616bf17-8096-425b-81d5-680d73392260:192.168.34.5:33207] returns group-291E399AA143:java.util.concurrent.CompletableFuture@2fd1eefb[Not completed]
2019-10-18 11:52:03,675 [grpc-default-executor-0] INFO  impl.RaftServerProxy (RaftServerProxy.java:addNew(89)) - f6457e38-f2bb-4d30-b8b7-4f0ed3f93aea: addNew group-291E399AA143:[485ee567-9abe-4993-b798-ae6e4b1ba013:192.168.34.5:43226, f6457e38-f2bb-4d30-b8b7-4f0ed3f93aea:192.168.34.5:40789, 0616bf17-8096-425b-81d5-680d73392260:192.168.34.5:33207] returns group-291E399AA143:java.util.concurrent.CompletableFuture@7b607c5[Not completed]
2019-10-18 11:52:03,675 [grpc-default-executor-2] INFO  impl.RaftServerProxy (RaftServerProxy.java:addNew(89)) - 0616bf17-8096-425b-81d5-680d73392260: addNew group-291E399AA143:[485ee567-9abe-4993-b798-ae6e4b1ba013:192.168.34.5:43226, f6457e38-f2bb-4d30-b8b7-4f0ed3f93aea:192.168.34.5:40789, 0616bf17-8096-425b-81d5-680d73392260:192.168.34.5:33207] returns group-291E399AA143:java.util.concurrent.CompletableFuture@c7331de[Not completed]
2019-10-18 11:52:04,024 [pool-197-thread-1] INFO  storage.RaftStorageDirectory (RaftStorageDirectory.java:tryLock(328)) - Lock on /workdir/hadoop-ozone/ozonefs/target/test-dir/MiniOzoneClusterImpl-e8cad9af-dab6-422c-b187-d20201875e57/datanode-2/data/ratis/4e36bfab-66a7-47a3-80e1-5dfe5784fef3/in_use.lock acquired by nodename 5968@pr-hdds-2208-pnh8d-353521125
2019-10-18 11:52:04,365 [Thread-831] INFO  impl.FollowerState (FollowerState.java:run(108)) - f6457e38-f2bb-4d30-b8b7-4f0ed3f93aea@group-AB43153E8CA6-FollowerState: change to CANDIDATE, lastRpcTime:5014ms, electionTimeout:5014ms
2019-10-18 11:52:04,365 [Thread-831] INFO  impl.RoleInfo (RoleInfo.java:shutdownFollowerState(121)) - f6457e38-f2bb-4d30-b8b7-4f0ed3f93aea: shutdown FollowerState
2019-10-18 11:52:04,365 [Thread-831] INFO  impl.RaftServerImpl (RaftServerImpl.java:setRole(170)) - f6457e38-f2bb-4d30-b8b7-4f0ed3f93aea@group-AB43153E8CA6: changes role from  FOLLOWER to CANDIDATE at term 0 for changeToCandidate
2019-10-18 11:52:04,365 [Thread-831] INFO  impl.RoleInfo (RoleInfo.java:updateAndGet(143)) - f6457e38-f2bb-4d30-b8b7-4f0ed3f93aea: start LeaderElection
2019-10-18 11:52:04,440 [Thread-828] INFO  impl.FollowerState (FollowerState.java:run(108)) - 0616bf17-8096-425b-81d5-680d73392260@group-AB43153E8CA6-FollowerState: change to CANDIDATE, lastRpcTime:5106ms, electionTimeout:5106ms
2019-10-18 11:52:04,441 [Thread-828] INFO  impl.RoleInfo (RoleInfo.java:shutdownFollowerState(121)) - 0616bf17-8096-425b-81d5-680d73392260: shutdown FollowerState
2019-10-18 11:52:04,441 [Thread-828] INFO  impl.RaftServerImpl (RaftServerImpl.java:setRole(170)) - 0616bf17-8096-425b-81d5-680d73392260@group-AB43153E8CA6: changes role from  FOLLOWER to CANDIDATE at term 0 for changeToCandidate
2019-10-18 11:52:04,441 [Thread-828] INFO  impl.RoleInfo (RoleInfo.java:updateAndGet(143)) - 0616bf17-8096-425b-81d5-680d73392260: start LeaderElection
2019-10-18 11:52:06,671 [pool-187-thread-1] INFO  storage.RaftStorage (RaftStorage.java:format(84)) - Storage directory /workdir/hadoop-ozone/ozonefs/target/test-dir/MiniOzoneClusterImpl-e8cad9af-dab6-422c-b187-d20201875e57/datanode-1/data/ratis/e6afac2b-4f12-4c3f-b093-ac1844f6e45b has been successfully formatted.
2019-10-18 11:52:06,671 [pool-177-thread-1] INFO  storage.RaftStorage (RaftStorage.java:format(84)) - Storage directory /workdir/hadoop-ozone/ozonefs/target/test-dir/MiniOzoneClusterImpl-e8cad9af-dab6-422c-b187-d20201875e57/datanode-0/data/ratis/e6afac2b-4f12-4c3f-b093-ac1844f6e45b has been successfully formatted.
2019-10-18 11:52:06,675 [pool-187-thread-1] INFO  ratis.ContainerStateMachine (ContainerStateMachine.java:loadSnapshot(231)) - group-AC1844F6E45B: The snapshot info is null. Setting the last applied indexto:(t:0, i:~)
2019-10-18 11:52:06,675 [pool-177-thread-1] INFO  ratis.ContainerStateMachine (ContainerStateMachine.java:loadSnapshot(231)) - group-AC1844F6E45B: The snapshot info is null. Setting the last applied indexto:(t:0, i:~)
2019-10-18 11:52:06,675 [pool-187-thread-1] INFO  server.RaftServerConfigKeys (ConfUtils.java:logGet(43)) - raft.server.notification.no-leader.timeout = 120s (custom)
2019-10-18 11:52:06,675 [pool-177-thread-1] INFO  server.RaftServerConfigKeys (ConfUtils.java:logGet(43)) - raft.server.notification.no-leader.timeout = 120s (custom)
2019-10-18 11:52:06,676 [pool-187-thread-1] INFO  server.RaftServerConfigKeys (ConfUtils.java:logGet(43)) - raft.server.log.use.memory = false (default)
2019-10-18 11:52:06,676 [pool-177-thread-1] INFO  server.RaftServerConfigKeys (ConfUtils.java:logGet(43)) - raft.server.log.use.memory = false (default)
2019-10-18 11:52:06,676 [RATISCREATEPIPELINE3] ERROR pipeline.RatisPipelineProvider (RatisPipelineProvider.java:lambda$null$5(237)) - Failed invoke Ratis rpc org.apache.hadoop.hdds.scm.pipeline.RatisPipelineProvider$$Lambda$189/532767178@6a4e9c93 for 485ee567-9abe-4993-b798-ae6e4b1ba013
org.apache.ratis.protocol.TimeoutIOException: deadline exceeded after 2997988350ns
	at org.apache.ratis.grpc.GrpcUtil.tryUnwrapException(GrpcUtil.java:82)
	at org.apache.ratis.grpc.GrpcUtil.unwrapException(GrpcUtil.java:75)
	at org.apache.ratis.grpc.client.GrpcClientProtocolClient.blockingCall(GrpcClientProtocolClient.java:184)
	at org.apache.ratis.grpc.client.GrpcClientProtocolClient.groupAdd(GrpcClientProtocolClient.java:153)
	at org.apache.ratis.grpc.client.GrpcClientRpc.sendRequest(GrpcClientRpc.java:94)
	at org.apache.ratis.client.impl.RaftClientImpl.sendRequest(RaftClientImpl.java:278)
	at org.apache.ratis.client.impl.RaftClientImpl.groupAdd(RaftClientImpl.java:205)
	at org.apache.hadoop.hdds.scm.pipeline.RatisPipelineProvider.lambda$initializePipeline$4(RatisPipelineProvider.java:198)
	at org.apache.hadoop.hdds.scm.pipeline.RatisPipelineProvider.lambda$null$5(RatisPipelineProvider.java:233)
	at java.util.stream.ForEachOps$ForEachOp$OfRef.accept(ForEachOps.java:183)
	at java.util.ArrayList$ArrayListSpliterator.forEachRemaining(ArrayList.java:1382)
	at java.util.stream.AbstractPipeline.copyInto(AbstractPipeline.java:482)
	at java.util.stream.ForEachOps$ForEachTask.compute(ForEachOps.java:290)
	at java.util.concurrent.CountedCompleter.exec(CountedCompleter.java:731)
	at java.util.concurrent.ForkJoinTask.doExec(ForkJoinTask.java:289)
	at java.util.concurrent.ForkJoinPool$WorkQueue.runTask(ForkJoinPool.java:1056)
	at java.util.concurrent.ForkJoinPool.runWorker(ForkJoinPool.java:1692)
	at java.util.concurrent.ForkJoinWorkerThread.run(ForkJoinWorkerThread.java:157)
Caused by: org.apache.ratis.thirdparty.io.grpc.StatusRuntimeException: DEADLINE_EXCEEDED: deadline exceeded after 2997988350ns
	at org.apache.ratis.thirdparty.io.grpc.stub.ClientCalls.toStatusRuntimeException(ClientCalls.java:233)
	at org.apache.ratis.thirdparty.io.grpc.stub.ClientCalls.getUnchecked(ClientCalls.java:214)
	at org.apache.ratis.thirdparty.io.grpc.stub.ClientCalls.blockingUnaryCall(ClientCalls.java:139)
	at org.apache.ratis.proto.grpc.AdminProtocolServiceGrpc$AdminProtocolServiceBlockingStub.groupManagement(AdminProtocolServiceGrpc.java:274)
	at org.apache.ratis.grpc.client.GrpcClientProtocolClient.lambda$groupAdd$3(GrpcClientProtocolClient.java:155)
	at org.apache.ratis.grpc.client.GrpcClientProtocolClient.blockingCall(GrpcClientProtocolClient.java:182)
	... 15 more
2019-10-18 11:52:06,676 [RATISCREATEPIPELINE2] ERROR pipeline.RatisPipelineProvider (RatisPipelineProvider.java:lambda$null$5(237)) - Failed invoke Ratis rpc org.apache.hadoop.hdds.scm.pipeline.RatisPipelineProvider$$Lambda$189/532767178@6a4e9c93 for 0616bf17-8096-425b-81d5-680d73392260
org.apache.ratis.protocol.TimeoutIOException: deadline exceeded after 2999711527ns
	at org.apache.ratis.grpc.GrpcUtil.tryUnwrapException(GrpcUtil.java:82)
	at org.apache.ratis.grpc.GrpcUtil.unwrapException(GrpcUtil.java:75)
	at org.apache.ratis.grpc.client.GrpcClientProtocolClient.blockingCall(GrpcClientProtocolClient.java:184)
	at org.apache.ratis.grpc.client.GrpcClientProtocolClient.groupAdd(GrpcClientProtocolClient.java:153)
	at org.apache.ratis.grpc.client.GrpcClientRpc.sendRequest(GrpcClientRpc.java:94)
	at org.apache.ratis.client.impl.RaftClientImpl.sendRequest(RaftClientImpl.java:278)
	at org.apache.ratis.client.impl.RaftClientImpl.groupAdd(RaftClientImpl.java:205)
	at org.apache.hadoop.hdds.scm.pipeline.RatisPipelineProvider.lambda$initializePipeline$4(RatisPipelineProvider.java:198)
	at org.apache.hadoop.hdds.scm.pipeline.RatisPipelineProvider.lambda$null$5(RatisPipelineProvider.java:233)
	at java.util.stream.ForEachOps$ForEachOp$OfRef.accept(ForEachOps.java:183)
	at java.util.ArrayList$ArrayListSpliterator.forEachRemaining(ArrayList.java:1382)
	at java.util.stream.AbstractPipeline.copyInto(AbstractPipeline.java:482)
	at java.util.stream.ForEachOps$ForEachTask.compute(ForEachOps.java:290)
	at java.util.concurrent.CountedCompleter.exec(CountedCompleter.java:731)
	at java.util.concurrent.ForkJoinTask.doExec(ForkJoinTask.java:289)
	at java.util.concurrent.ForkJoinPool$WorkQueue.runTask(ForkJoinPool.java:1056)
	at java.util.concurrent.ForkJoinPool.runWorker(ForkJoinPool.java:1692)
	at java.util.concurrent.ForkJoinWorkerThread.run(ForkJoinWorkerThread.java:157)
Caused by: org.apache.ratis.thirdparty.io.grpc.StatusRuntimeException: DEADLINE_EXCEEDED: deadline exceeded after 2999711527ns
	at org.apache.ratis.thirdparty.io.grpc.stub.ClientCalls.toStatusRuntimeException(ClientCalls.java:233)
	at org.apache.ratis.thirdparty.io.grpc.stub.ClientCalls.getUnchecked(ClientCalls.java:214)
	at org.apache.ratis.thirdparty.io.grpc.stub.ClientCalls.blockingUnaryCall(ClientCalls.java:139)
	at org.apache.ratis.proto.grpc.AdminProtocolServiceGrpc$AdminProtocolServiceBlockingStub.groupManagement(AdminProtocolServiceGrpc.java:274)
	at org.apache.ratis.grpc.client.GrpcClientProtocolClient.lambda$groupAdd$3(GrpcClientProtocolClient.java:155)
	at org.apache.ratis.grpc.client.GrpcClientProtocolClient.blockingCall(GrpcClientProtocolClient.java:182)
	... 15 more
2019-10-18 11:52:06,676 [pool-187-thread-1] INFO  server.RaftServerConfigKeys (ConfUtils.java:logGet(43)) - raft.server.log.purge.gap = 1000000 (custom)
2019-10-18 11:52:06,677 [RATISCREATEPIPELINE1] ERROR pipeline.RatisPipelineProvider (RatisPipelineProvider.java:lambda$null$5(237)) - Failed invoke Ratis rpc org.apache.hadoop.hdds.scm.pipeline.RatisPipelineProvider$$Lambda$189/532767178@6a4e9c93 for f6457e38-f2bb-4d30-b8b7-4f0ed3f93aea
org.apache.ratis.protocol.TimeoutIOException: deadline exceeded after 2998064821ns
	at org.apache.ratis.grpc.GrpcUtil.tryUnwrapException(GrpcUtil.java:82)
	at org.apache.ratis.grpc.GrpcUtil.unwrapException(GrpcUtil.java:75)
	at org.apache.ratis.grpc.client.GrpcClientProtocolClient.blockingCall(GrpcClientProtocolClient.java:184)
	at org.apache.ratis.grpc.client.GrpcClientProtocolClient.groupAdd(GrpcClientProtocolClient.java:153)
	at org.apache.ratis.grpc.client.GrpcClientRpc.sendRequest(GrpcClientRpc.java:94)
	at org.apache.ratis.client.impl.RaftClientImpl.sendRequest(RaftClientImpl.java:278)
	at org.apache.ratis.client.impl.RaftClientImpl.groupAdd(RaftClientImpl.java:205)
	at org.apache.hadoop.hdds.scm.pipeline.RatisPipelineProvider.lambda$initializePipeline$4(RatisPipelineProvider.java:198)
	at org.apache.hadoop.hdds.scm.pipeline.RatisPipelineProvider.lambda$null$5(RatisPipelineProvider.java:233)
	at java.util.stream.ForEachOps$ForEachOp$OfRef.accept(ForEachOps.java:183)
	at java.util.ArrayList$ArrayListSpliterator.forEachRemaining(ArrayList.java:1382)
	at java.util.stream.AbstractPipeline.copyInto(AbstractPipeline.java:482)
	at java.util.stream.ForEachOps$ForEachTask.compute(ForEachOps.java:290)
	at java.util.concurrent.CountedCompleter.exec(CountedCompleter.java:731)
	at java.util.concurrent.ForkJoinTask.doExec(ForkJoinTask.java:289)
	at java.util.concurrent.ForkJoinTask.doInvoke(ForkJoinTask.java:401)
	at java.util.concurrent.ForkJoinTask.invoke(ForkJoinTask.java:734)
	at java.util.stream.ForEachOps$ForEachOp.evaluateParallel(ForEachOps.java:159)
	at java.util.stream.ForEachOps$ForEachOp$OfRef.evaluateParallel(ForEachOps.java:173)
	at java.util.stream.AbstractPipeline.evaluate(AbstractPipeline.java:233)
	at java.util.stream.ReferencePipeline.forEach(ReferencePipeline.java:485)
	at java.util.stream.ReferencePipeline$Head.forEach(ReferencePipeline.java:650)
	at org.apache.hadoop.hdds.scm.pipeline.RatisPipelineProvider.lambda$callRatisRpc$6(RatisPipelineProvider.java:227)
	at java.util.concurrent.ForkJoinTask$AdaptedRunnableAction.exec(ForkJoinTask.java:1386)
	at java.util.concurrent.ForkJoinTask.doExec(ForkJoinTask.java:289)
	at java.util.concurrent.ForkJoinPool$WorkQueue.runTask(ForkJoinPool.java:1056)
	at java.util.concurrent.ForkJoinPool.runWorker(ForkJoinPool.java:1692)
	at java.util.concurrent.ForkJoinWorkerThread.run(ForkJoinWorkerThread.java:157)
Caused by: org.apache.ratis.thirdparty.io.grpc.StatusRuntimeException: DEADLINE_EXCEEDED: deadline exceeded after 2998064821ns
	at org.apache.ratis.thirdparty.io.grpc.stub.ClientCalls.toStatusRuntimeException(ClientCalls.java:233)
	at org.apache.ratis.thirdparty.io.grpc.stub.ClientCalls.getUnchecked(ClientCalls.java:214)
	at org.apache.ratis.thirdparty.io.grpc.stub.ClientCalls.blockingUnaryCall(ClientCalls.java:139)
	at org.apache.ratis.proto.grpc.AdminProtocolServiceGrpc$AdminProtocolServiceBlockingStub.groupManagement(AdminProtocolServiceGrpc.java:274)
	at org.apache.ratis.grpc.client.GrpcClientProtocolClient.lambda$groupAdd$3(GrpcClientProtocolClient.java:155)
	at org.apache.ratis.grpc.client.GrpcClientProtocolClient.blockingCall(GrpcClientProtocolClient.java:182)
	... 25 more
2019-10-18 11:52:06,677 [pool-177-thread-1] INFO  server.RaftServerConfigKeys (ConfUtils.java:logGet(43)) - raft.server.log.purge.gap = 1000000 (custom)
2019-10-18 11:52:06,681 [IPC Server handler 2 on 36188] WARN  block.BlockManagerImpl (BlockManagerImpl.java:allocateBlock(194)) - Pipeline creation failed for type:RATIS factor:THREE. Retrying get pipelines call once.
org.apache.hadoop.io.MultipleIOException: 3 exceptions [java.io.IOException: Failed invoke Ratis rpc org.apache.hadoop.hdds.scm.pipeline.RatisPipelineProvider$$Lambda$189/532767178@6a4e9c93 for 485ee567-9abe-4993-b798-ae6e4b1ba013, java.io.IOException: Failed invoke Ratis rpc org.apache.hadoop.hdds.scm.pipeline.RatisPipelineProvider$$Lambda$189/532767178@6a4e9c93 for 0616bf17-8096-425b-81d5-680d73392260, java.io.IOException: Failed invoke Ratis rpc org.apache.hadoop.hdds.scm.pipeline.RatisPipelineProvider$$Lambda$189/532767178@6a4e9c93 for f6457e38-f2bb-4d30-b8b7-4f0ed3f93aea]
	at org.apache.hadoop.io.MultipleIOException.createIOException(MultipleIOException.java:53)
	at org.apache.hadoop.hdds.scm.pipeline.RatisPipelineProvider.callRatisRpc(RatisPipelineProvider.java:253)
	at org.apache.hadoop.hdds.scm.pipeline.RatisPipelineProvider.initializePipeline(RatisPipelineProvider.java:196)
	at org.apache.hadoop.hdds.scm.pipeline.RatisPipelineProvider.create(RatisPipelineProvider.java:163)
	at org.apache.hadoop.hdds.scm.pipeline.PipelineFactory.create(PipelineFactory.java:58)
	at org.apache.hadoop.hdds.scm.pipeline.SCMPipelineManager.createPipeline(SCMPipelineManager.java:155)
	at org.apache.hadoop.hdds.scm.block.BlockManagerImpl.allocateBlock(BlockManagerImpl.java:192)
	at org.apache.hadoop.hdds.scm.server.SCMBlockProtocolServer.allocateBlock(SCMBlockProtocolServer.java:182)
	at org.apache.hadoop.hdds.scm.protocol.ScmBlockLocationProtocolServerSideTranslatorPB.allocateScmBlock(ScmBlockLocationProtocolServerSideTranslatorPB.java:159)
	at org.apache.hadoop.hdds.scm.protocol.ScmBlockLocationProtocolServerSideTranslatorPB.processMessage(ScmBlockLocationProtocolServerSideTranslatorPB.java:117)
	at org.apache.hadoop.hdds.server.OzoneProtocolMessageDispatcher.processRequest(OzoneProtocolMessageDispatcher.java:72)
	at org.apache.hadoop.hdds.scm.protocol.ScmBlockLocationProtocolServerSideTranslatorPB.send(ScmBlockLocationProtocolServerSideTranslatorPB.java:98)
	at org.apache.hadoop.hdds.protocol.proto.ScmBlockLocationProtocolProtos$ScmBlockLocationProtocolService$2.callBlockingMethod(ScmBlockLocationProtocolProtos.java:13157)
	at org.apache.hadoop.ipc.ProtobufRpcEngine$Server$ProtoBufRpcInvoker.call(ProtobufRpcEngine.java:524)
	at org.apache.hadoop.ipc.RPC$Server.call(RPC.java:1025)
	at org.apache.hadoop.ipc.Server$RpcCall.run(Server.java:876)
	at org.apache.hadoop.ipc.Server$RpcCall.run(Server.java:822)
	at java.security.AccessController.doPrivileged(Native Method)
	at javax.security.auth.Subject.doAs(Subject.java:422)
	at org.apache.hadoop.security.UserGroupInformation.doAs(UserGroupInformation.java:1730)
	at org.apache.hadoop.ipc.Server$Handler.run(Server.java:2682)
2019-10-18 11:52:06,680 [pool-187-thread-1] INFO  server.RaftServerConfigKeys (ConfUtils.java:logGet(43)) - raft.server.log.appender.buffer.byte-limit = 33554432 (custom)
2019-10-18 11:52:06,681 [IPC Server handler 2 on 36188] INFO  block.BlockManagerImpl (BlockManagerImpl.java:allocateBlock(200)) - Could not find available pipeline of type:RATIS and factor:THREE even after retrying
2019-10-18 11:52:06,681 [pool-177-thread-1] INFO  server.RaftServerConfigKeys (ConfUtils.java:logGet(43)) - raft.server.log.appender.buffer.byte-limit = 33554432 (custom)
2019-10-18 11:52:06,682 [IPC Server handler 2 on 36188] ERROR block.BlockManagerImpl (BlockManagerImpl.java:allocateBlock(224)) - Unable to allocate a block for the size: 4194304, type: RATIS, factor: THREE
2019-10-18 11:52:06,681 [pool-187-thread-1] INFO  server.RaftServerConfigKeys (ConfUtils.java:logGet(43)) - raft.server.log.segment.size.max = 1048576 (custom)
2019-10-18 11:52:06,682 [pool-177-thread-1] INFO  server.RaftServerConfigKeys (ConfUtils.java:logGet(43)) - raft.server.log.segment.size.max = 1048576 (custom)
2019-10-18 11:52:06,682 [pool-187-thread-1] INFO  server.RaftServerConfigKeys (ConfUtils.java:logGet(43)) - raft.server.log.segment.cache.num.max = 2 (custom)
2019-10-18 11:52:06,682 [pool-177-thread-1] INFO  server.RaftServerConfigKeys (ConfUtils.java:logGet(43)) - raft.server.log.segment.cache.num.max = 2 (custom)
2019-10-18 11:52:06,682 [pool-187-thread-1] INFO  segmented.SegmentedRaftLogWorker (SegmentedRaftLogWorker.java:<init>(173)) - new f6457e38-f2bb-4d30-b8b7-4f0ed3f93aea@group-AC1844F6E45B-SegmentedRaftLogWorker for RaftStorage:Storage Directory /workdir/hadoop-ozone/ozonefs/target/test-dir/MiniOzoneClusterImpl-e8cad9af-dab6-422c-b187-d20201875e57/datanode-1/data/ratis/e6afac2b-4f12-4c3f-b093-ac1844f6e45b
2019-10-18 11:52:06,682 [pool-177-thread-1] INFO  segmented.SegmentedRaftLogWorker (SegmentedRaftLogWorker.java:<init>(173)) - new 0616bf17-8096-425b-81d5-680d73392260@group-AC1844F6E45B-SegmentedRaftLogWorker for RaftStorage:Storage Directory /workdir/hadoop-ozone/ozonefs/target/test-dir/MiniOzoneClusterImpl-e8cad9af-dab6-422c-b187-d20201875e57/datanode-0/data/ratis/e6afac2b-4f12-4c3f-b093-ac1844f6e45b
2019-10-18 11:52:06,682 [pool-187-thread-1] INFO  server.RaftServerConfigKeys (ConfUtils.java:logGet(43)) - raft.server.log.queue.byte-limit = 2147483647 (custom)
2019-10-18 11:52:06,683 [pool-177-thread-1] INFO  server.RaftServerConfigKeys (ConfUtils.java:logGet(43)) - raft.server.log.queue.byte-limit = 2147483647 (custom)
2019-10-18 11:52:06,683 [pool-187-thread-1] INFO  server.RaftServerConfigKeys (ConfUtils.java:logGet(43)) - raft.server.log.queue.element-limit = 1024 (custom)
2019-10-18 11:52:06,683 [pool-177-thread-1] INFO  server.RaftServerConfigKeys (ConfUtils.java:logGet(43)) - raft.server.log.queue.element-limit = 1024 (custom)
2019-10-18 11:52:06,683 [pool-187-thread-1] INFO  server.RaftServerConfigKeys (ConfUtils.java:logGet(43)) - raft.server.log.segment.size.max = 1048576 (custom)
2019-10-18 11:52:06,683 [pool-177-thread-1] INFO  server.RaftServerConfigKeys (ConfUtils.java:logGet(43)) - raft.server.log.segment.size.max = 1048576 (custom)
2019-10-18 11:52:06,683 [pool-187-thread-1] INFO  server.RaftServerConfigKeys (ConfUtils.java:logGet(43)) - raft.server.log.preallocated.size = 16384 (custom)
2019-10-18 11:52:06,683 [pool-177-thread-1] INFO  server.RaftServerConfigKeys (ConfUtils.java:logGet(43)) - raft.server.log.preallocated.size = 16384 (custom)
2019-10-18 11:52:06,683 [pool-187-thread-1] INFO  server.RaftServerConfigKeys (ConfUtils.java:logGet(43)) - raft.server.log.write.buffer.size = 33554432 (custom)
2019-10-18 11:52:06,684 [pool-177-thread-1] INFO  server.RaftServerConfigKeys (ConfUtils.java:logGet(43)) - raft.server.log.write.buffer.size = 33554432 (custom)
2019-10-18 11:52:06,684 [pool-187-thread-1] INFO  server.RaftServerConfigKeys (ConfUtils.java:logGet(43)) - raft.server.log.force.sync.num = 128 (default)
2019-10-18 11:52:06,684 [pool-177-thread-1] INFO  server.RaftServerConfigKeys (ConfUtils.java:logGet(43)) - raft.server.log.force.sync.num = 128 (default)
2019-10-18 11:52:06,684 [pool-187-thread-1] INFO  server.RaftServerConfigKeys (ConfUtils.java:logGet(43)) - raft.server.log.statemachine.data.sync = true (default)
2019-10-18 11:52:06,684 [pool-177-thread-1] INFO  server.RaftServerConfigKeys (ConfUtils.java:logGet(43)) - raft.server.log.statemachine.data.sync = true (default)
2019-10-18 11:52:06,684 [pool-187-thread-1] INFO  server.RaftServerConfigKeys (ConfUtils.java:logGet(43)) - raft.server.log.statemachine.data.sync.timeout = 10s (default)
2019-10-18 11:52:06,684 [pool-177-thread-1] INFO  server.RaftServerConfigKeys (ConfUtils.java:logGet(43)) - raft.server.log.statemachine.data.sync.timeout = 10s (default)
2019-10-18 11:52:06,685 [pool-187-thread-1] INFO  server.RaftServerConfigKeys (ConfUtils.java:logGet(43)) - raft.server.log.statemachine.data.sync.timeout.retry = -1 (default)
2019-10-18 11:52:06,685 [pool-177-thread-1] INFO  server.RaftServerConfigKeys (ConfUtils.java:logGet(43)) - raft.server.log.statemachine.data.sync.timeout.retry = -1 (default)
2019-10-18 11:52:06,685 [pool-187-thread-1] INFO  server.RaftServerConfigKeys (ConfUtils.java:logGet(43)) - raft.server.log.statemachine.data.caching.enabled = true (custom)
2019-10-18 11:52:06,685 [pool-177-thread-1] INFO  server.RaftServerConfigKeys (ConfUtils.java:logGet(43)) - raft.server.log.statemachine.data.caching.enabled = true (custom)
2019-10-18 11:52:06,686 [pool-187-thread-1] INFO  segmented.SegmentedRaftLogWorker (SegmentedRaftLogWorker.java:lambda$new$0(128)) - f6457e38-f2bb-4d30-b8b7-4f0ed3f93aea@group-AC1844F6E45B-SegmentedRaftLogWorker: flushIndex: setUnconditionally 0 -> -1
2019-10-18 11:52:06,686 [pool-177-thread-1] INFO  segmented.SegmentedRaftLogWorker (SegmentedRaftLogWorker.java:lambda$new$0(128)) - 0616bf17-8096-425b-81d5-680d73392260@group-AC1844F6E45B-SegmentedRaftLogWorker: flushIndex: setUnconditionally 0 -> -1
2019-10-18 11:52:06,686 [pool-187-thread-1] INFO  server.RaftServerConfigKeys (ConfUtils.java:logGet(43)) - raft.server.snapshot.auto.trigger.enabled = true (custom)
2019-10-18 11:52:06,686 [pool-177-thread-1] INFO  server.RaftServerConfigKeys (ConfUtils.java:logGet(43)) - raft.server.snapshot.auto.trigger.enabled = true (custom)
2019-10-18 11:52:06,686 [pool-187-thread-1] INFO  server.RaftServerConfigKeys (ConfUtils.java:logGet(43)) - raft.server.snapshot.auto.trigger.threshold = 10000 (custom)
2019-10-18 11:52:06,687 [pool-177-thread-1] INFO  server.RaftServerConfigKeys (ConfUtils.java:logGet(43)) - raft.server.snapshot.auto.trigger.threshold = 10000 (custom)
2019-10-18 11:52:06,687 [pool-187-thread-1] INFO  server.RaftServerConfigKeys (ConfUtils.java:logGet(43)) - raft.server.snapshot.retention.file.num = 5 (custom)
2019-10-18 11:52:06,687 [pool-177-thread-1] INFO  server.RaftServerConfigKeys (ConfUtils.java:logGet(43)) - raft.server.snapshot.retention.file.num = 5 (custom)
2019-10-18 11:52:06,687 [pool-187-thread-1] INFO  server.RaftServerConfigKeys (ConfUtils.java:logGet(43)) - raft.server.retrycache.expirytime = 600000ms (custom)
2019-10-18 11:52:06,687 [Thread-645] INFO  ozone.MiniOzoneClusterImpl (MiniOzoneClusterImpl.java:shutdown(314)) - Shutting down the Mini Ozone Cluster
2019-10-18 11:52:06,687 [pool-177-thread-1] INFO  server.RaftServerConfigKeys (ConfUtils.java:logGet(43)) - raft.server.retrycache.expirytime = 600000ms (custom)
2019-10-18 11:52:06,687 [Thread-645] INFO  ozone.MiniOzoneClusterImpl (MiniOzoneClusterImpl.java:stop(330)) - Stopping the Mini Ozone Cluster
2019-10-18 11:52:06,687 [Thread-645] INFO  ozone.MiniOzoneClusterImpl (MiniOzoneClusterImpl.java:stopOM(400)) - Stopping the OzoneManager
2019-10-18 11:52:06,688 [Thread-645] INFO  ipc.Server (Server.java:stop(3082)) - Stopping server on 41802
2019-10-18 11:52:06,690 [Thread-645] INFO  ratis.OzoneManagerDoubleBuffer (OzoneManagerDoubleBuffer.java:stop(250)) - Stopping OMDoubleBuffer flush thread
2019-10-18 11:52:06,690 [IPC Server Responder] INFO  ipc.Server (Server.java:run(1319)) - Stopping IPC Server Responder
2019-10-18 11:52:06,690 [IPC Server listener on 41802] INFO  ipc.Server (Server.java:run(1185)) - Stopping IPC Server listener on 41802
2019-10-18 11:52:06,691 [OMDoubleBufferFlushThread] INFO  ratis.OzoneManagerDoubleBuffer (OzoneManagerDoubleBuffer.java:flushTransactions(193)) - OMDoubleBuffer flush thread OMDoubleBufferFlushThread is interrupted and will exit. OMDoubleBufferFlushThread
2019-10-18 11:52:06,693 [Thread-645] INFO  utils.BackgroundService (BackgroundService.java:shutdown(151)) - Shutting down service KeyDeletingService
2019-10-18 11:52:06,694 [Thread-645] INFO  handler.ContextHandler (ContextHandler.java:doStop(910)) - Stopped o.e.j.w.WebAppContext@2041e33f{/,null,UNAVAILABLE}{/ozoneManager}
2019-10-18 11:52:06,695 [Thread-645] INFO  server.AbstractConnector (AbstractConnector.java:doStop(318)) - Stopped ServerConnector@3312b4cd{HTTP/1.1,[http/1.1]}{0.0.0.0:0}
2019-10-18 11:52:06,695 [Thread-645] INFO  handler.ContextHandler (ContextHandler.java:doStop(910)) - Stopped o.e.j.s.ServletContextHandler@636319cb{/static,jar:file:/home/user/.m2/repository/org/apache/hadoop/hadoop-ozone-ozone-manager/0.5.0-SNAPSHOT/hadoop-ozone-ozone-manager-0.5.0-SNAPSHOT.jar!/webapps/static,UNAVAILABLE}
2019-10-18 11:52:06,695 [Thread-645] INFO  handler.ContextHandler (ContextHandler.java:doStop(910)) - Stopped o.e.j.s.ServletContextHandler@a5da0f1{/logs,file:///workdir/hadoop-ozone/ozonefs/target/log,UNAVAILABLE}
2019-10-18 11:52:06,697 [pool-177-thread-1] INFO  impl.RaftServerImpl (RaftServerImpl.java:<init>(95)) - 0616bf17-8096-425b-81d5-680d73392260: new RaftServerImpl for group-291E399AA143:[485ee567-9abe-4993-b798-ae6e4b1ba013:192.168.34.5:43226, f6457e38-f2bb-4d30-b8b7-4f0ed3f93aea:192.168.34.5:40789, 0616bf17-8096-425b-81d5-680d73392260:192.168.34.5:33207] with ContainerStateMachine:uninitialized
2019-10-18 11:52:06,698 [pool-177-thread-1] INFO  server.RaftServerConfigKeys (ConfUtils.java:logGet(43)) - raft.server.rpc.timeout.min = 5s (custom)
2019-10-18 11:52:06,698 [pool-177-thread-1] INFO  server.RaftServerConfigKeys (ConfUtils.java:logGet(43)) - raft.server.rpc.timeout.max = 5200ms (custom)
2019-10-18 11:52:06,698 [pool-187-thread-1] INFO  impl.RaftServerImpl (RaftServerImpl.java:<init>(95)) - f6457e38-f2bb-4d30-b8b7-4f0ed3f93aea: new RaftServerImpl for group-291E399AA143:[485ee567-9abe-4993-b798-ae6e4b1ba013:192.168.34.5:43226, f6457e38-f2bb-4d30-b8b7-4f0ed3f93aea:192.168.34.5:40789, 0616bf17-8096-425b-81d5-680d73392260:192.168.34.5:33207] with ContainerStateMachine:uninitialized
2019-10-18 11:52:06,698 [Thread-645] INFO  ozone.MiniOzoneClusterImpl (MiniOzoneClusterImpl.java:stopDatanodes(377)) - Stopping the HddsDatanodes
2019-10-18 11:52:06,698 [pool-187-thread-1] INFO  server.RaftServerConfigKeys (ConfUtils.java:logGet(43)) - raft.server.rpc.timeout.min = 5s (custom)
2019-10-18 11:52:06,698 [pool-177-thread-1] INFO  server.RaftServerConfigKeys (ConfUtils.java:logGet(43)) - raft.server.rpcslowness.timeout = 120s (custom)
2019-10-18 11:52:06,698 [pool-187-thread-1] INFO  server.RaftServerConfigKeys (ConfUtils.java:logGet(43)) - raft.server.rpc.timeout.max = 5200ms (custom)
2019-10-18 11:52:06,698 [pool-177-thread-1] INFO  server.RaftServerConfigKeys (ConfUtils.java:logGet(43)) - raft.server.sleep.deviation.threshold = 300 (default)
2019-10-18 11:52:06,698 [pool-187-thread-1] INFO  server.RaftServerConfigKeys (ConfUtils.java:logGet(43)) - raft.server.rpcslowness.timeout = 120s (custom)
2019-10-18 11:52:06,698 [pool-187-thread-1] INFO  server.RaftServerConfigKeys (ConfUtils.java:logGet(43)) - raft.server.sleep.deviation.threshold = 300 (default)
2019-10-18 11:52:06,698 [pool-177-thread-1] INFO  server.RaftServerConfigKeys (ConfUtils.java:logGet(43)) - raft.server.log.appender.install.snapshot.enabled = false (custom)
2019-10-18 11:52:06,699 [pool-187-thread-1] INFO  server.RaftServerConfigKeys (ConfUtils.java:logGet(43)) - raft.server.log.appender.install.snapshot.enabled = false (custom)
2019-10-18 11:52:06,699 [pool-177-thread-1] INFO  impl.RaftServerImpl (ServerState.java:<init>(103)) - 0616bf17-8096-425b-81d5-680d73392260@group-291E399AA143: ConfigurationManager, init=-1: [485ee567-9abe-4993-b798-ae6e4b1ba013:192.168.34.5:43226, f6457e38-f2bb-4d30-b8b7-4f0ed3f93aea:192.168.34.5:40789, 0616bf17-8096-425b-81d5-680d73392260:192.168.34.5:33207], old=null, confs=<EMPTY_MAP>
2019-10-18 11:52:06,699 [pool-187-thread-1] INFO  impl.RaftServerImpl (ServerState.java:<init>(103)) - f6457e38-f2bb-4d30-b8b7-4f0ed3f93aea@group-291E399AA143: ConfigurationManager, init=-1: [485ee567-9abe-4993-b798-ae6e4b1ba013:192.168.34.5:43226, f6457e38-f2bb-4d30-b8b7-4f0ed3f93aea:192.168.34.5:40789, 0616bf17-8096-425b-81d5-680d73392260:192.168.34.5:33207], old=null, confs=<EMPTY_MAP>
2019-10-18 11:52:06,699 [pool-177-thread-1] INFO  server.RaftServerConfigKeys (ConfUtils.java:logGet(43)) - raft.server.storage.dir = [/workdir/hadoop-ozone/ozonefs/target/test-dir/MiniOzoneClusterImpl-e8cad9af-dab6-422c-b187-d20201875e57/datanode-0/data/ratis] (custom)
2019-10-18 11:52:06,699 [pool-187-thread-1] INFO  server.RaftServerConfigKeys (ConfUtils.java:logGet(43)) - raft.server.storage.dir = [/workdir/hadoop-ozone/ozonefs/target/test-dir/MiniOzoneClusterImpl-e8cad9af-dab6-422c-b187-d20201875e57/datanode-1/data/ratis] (custom)
2019-10-18 11:52:06,699 [pool-187-thread-1] INFO  server.RaftServerConfigKeys (ConfUtils.java:logGet(43)) - raft.server.log.corruption.policy = EXCEPTION (default)
2019-10-18 11:52:06,699 [pool-177-thread-1] INFO  server.RaftServerConfigKeys (ConfUtils.java:logGet(43)) - raft.server.log.corruption.policy = EXCEPTION (default)
2019-10-18 11:52:06,700 [pool-187-thread-1] INFO  storage.RaftStorageDirectory (RaftStorageDirectory.java:analyzeStorage(246)) - The storage directory /workdir/hadoop-ozone/ozonefs/target/test-dir/MiniOzoneClusterImpl-e8cad9af-dab6-422c-b187-d20201875e57/datanode-1/data/ratis/f322870d-8908-4e04-877f-291e399aa143 does not exist. Creating ...
2019-10-18 11:52:06,700 [pool-177-thread-1] INFO  storage.RaftStorageDirectory (RaftStorageDirectory.java:analyzeStorage(246)) - The storage directory /workdir/hadoop-ozone/ozonefs/target/test-dir/MiniOzoneClusterImpl-e8cad9af-dab6-422c-b187-d20201875e57/datanode-0/data/ratis/f322870d-8908-4e04-877f-291e399aa143 does not exist. Creating ...
2019-10-18 11:52:07,291 [Thread-835] INFO  impl.FollowerState (FollowerState.java:run(108)) - 485ee567-9abe-4993-b798-ae6e4b1ba013@group-396559400E54-FollowerState: change to CANDIDATE, lastRpcTime:5148ms, electionTimeout:5148ms
2019-10-18 11:52:07,292 [Thread-835] INFO  impl.RoleInfo (RoleInfo.java:shutdownFollowerState(121)) - 485ee567-9abe-4993-b798-ae6e4b1ba013: shutdown FollowerState
2019-10-18 11:52:07,292 [Thread-835] INFO  impl.RaftServerImpl (RaftServerImpl.java:setRole(170)) - 485ee567-9abe-4993-b798-ae6e4b1ba013@group-396559400E54: changes role from  FOLLOWER to CANDIDATE at term 0 for changeToCandidate
2019-10-18 11:52:07,292 [Thread-835] INFO  impl.RoleInfo (RoleInfo.java:updateAndGet(143)) - 485ee567-9abe-4993-b798-ae6e4b1ba013: start LeaderElection
2019-10-18 11:52:07,350 [Datanode State Machine Thread - 0] INFO  statemachine.DatanodeStateMachine (DatanodeStateMachine.java:lambda$startDaemon$0(350)) - Ozone container server started.
2019-10-18 11:52:07,454 [Datanode State Machine Thread - 0] INFO  statemachine.DatanodeStateMachine (DatanodeStateMachine.java:lambda$startDaemon$0(350)) - Ozone container server started.
2019-10-18 11:52:09,347 [pool-197-thread-1] INFO  storage.RaftStorage (RaftStorage.java:format(84)) - Storage directory /workdir/hadoop-ozone/ozonefs/target/test-dir/MiniOzoneClusterImpl-e8cad9af-dab6-422c-b187-d20201875e57/datanode-2/data/ratis/4e36bfab-66a7-47a3-80e1-5dfe5784fef3 has been successfully formatted.
2019-10-18 11:52:09,347 [f6457e38-f2bb-4d30-b8b7-4f0ed3f93aea@group-AB43153E8CA6-LeaderElection22] INFO  impl.LeaderElection (LeaderElection.java:askForVotes(178)) - f6457e38-f2bb-4d30-b8b7-4f0ed3f93aea@group-AB43153E8CA6-LeaderElection22: begin an election at term 1 for -1: [485ee567-9abe-4993-b798-ae6e4b1ba013:192.168.34.5:43226, f6457e38-f2bb-4d30-b8b7-4f0ed3f93aea:192.168.34.5:40789, 0616bf17-8096-425b-81d5-680d73392260:192.168.34.5:33207], old=null
2019-10-18 11:52:09,347 [0616bf17-8096-425b-81d5-680d73392260@group-AB43153E8CA6-LeaderElection23] INFO  impl.LeaderElection (LeaderElection.java:askForVotes(178)) - 0616bf17-8096-425b-81d5-680d73392260@group-AB43153E8CA6-LeaderElection23: begin an election at term 1 for -1: [485ee567-9abe-4993-b798-ae6e4b1ba013:192.168.34.5:43226, f6457e38-f2bb-4d30-b8b7-4f0ed3f93aea:192.168.34.5:40789, 0616bf17-8096-425b-81d5-680d73392260:192.168.34.5:33207], old=null
2019-10-18 11:52:09,348 [pool-197-thread-1] INFO  ratis.ContainerStateMachine (ContainerStateMachine.java:loadSnapshot(231)) - group-5DFE5784FEF3: The snapshot info is null. Setting the last applied indexto:(t:0, i:~)
2019-10-18 11:52:09,348 [pool-197-thread-1] INFO  server.RaftServerConfigKeys (ConfUtils.java:logGet(43)) - raft.server.notification.no-leader.timeout = 120s (custom)
2019-10-18 11:52:09,348 [pool-197-thread-1] INFO  server.RaftServerConfigKeys (ConfUtils.java:logGet(43)) - raft.server.log.use.memory = false (default)
2019-10-18 11:52:09,349 [pool-197-thread-1] INFO  server.RaftServerConfigKeys (ConfUtils.java:logGet(43)) - raft.server.log.purge.gap = 1000000 (custom)
2019-10-18 11:52:09,349 [pool-197-thread-1] INFO  server.RaftServerConfigKeys (ConfUtils.java:logGet(43)) - raft.server.log.appender.buffer.byte-limit = 33554432 (custom)
2019-10-18 11:52:09,349 [pool-197-thread-1] INFO  server.RaftServerConfigKeys (ConfUtils.java:logGet(43)) - raft.server.log.segment.size.max = 1048576 (custom)
2019-10-18 11:52:09,350 [pool-197-thread-1] INFO  server.RaftServerConfigKeys (ConfUtils.java:logGet(43)) - raft.server.log.segment.cache.num.max = 2 (custom)
2019-10-18 11:52:09,350 [pool-197-thread-1] INFO  segmented.SegmentedRaftLogWorker (SegmentedRaftLogWorker.java:<init>(173)) - new 485ee567-9abe-4993-b798-ae6e4b1ba013@group-5DFE5784FEF3-SegmentedRaftLogWorker for RaftStorage:Storage Directory /workdir/hadoop-ozone/ozonefs/target/test-dir/MiniOzoneClusterImpl-e8cad9af-dab6-422c-b187-d20201875e57/datanode-2/data/ratis/4e36bfab-66a7-47a3-80e1-5dfe5784fef3
2019-10-18 11:52:09,350 [pool-197-thread-1] INFO  server.RaftServerConfigKeys (ConfUtils.java:logGet(43)) - raft.server.log.queue.byte-limit = 2147483647 (custom)
2019-10-18 11:52:09,350 [pool-197-thread-1] INFO  server.RaftServerConfigKeys (ConfUtils.java:logGet(43)) - raft.server.log.queue.element-limit = 1024 (custom)
2019-10-18 11:52:09,351 [pool-197-thread-1] INFO  server.RaftServerConfigKeys (ConfUtils.java:logGet(43)) - raft.server.log.segment.size.max = 1048576 (custom)
2019-10-18 11:52:09,351 [pool-197-thread-1] INFO  server.RaftServerConfigKeys (ConfUtils.java:logGet(43)) - raft.server.log.preallocated.size = 16384 (custom)
2019-10-18 11:52:09,351 [pool-197-thread-1] INFO  server.RaftServerConfigKeys (ConfUtils.java:logGet(43)) - raft.server.log.write.buffer.size = 33554432 (custom)
2019-10-18 11:52:09,351 [pool-197-thread-1] INFO  server.RaftServerConfigKeys (ConfUtils.java:logGet(43)) - raft.server.log.force.sync.num = 128 (default)
2019-10-18 11:52:09,351 [pool-197-thread-1] INFO  server.RaftServerConfigKeys (ConfUtils.java:logGet(43)) - raft.server.log.statemachine.data.sync = true (default)
2019-10-18 11:52:09,352 [pool-197-thread-1] INFO  server.RaftServerConfigKeys (ConfUtils.java:logGet(43)) - raft.server.log.statemachine.data.sync.timeout = 10s (default)
2019-10-18 11:52:09,352 [pool-197-thread-1] INFO  server.RaftServerConfigKeys (ConfUtils.java:logGet(43)) - raft.server.log.statemachine.data.sync.timeout.retry = -1 (default)
2019-10-18 11:52:09,390 [pool-197-thread-1] INFO  server.RaftServerConfigKeys (ConfUtils.java:logGet(43)) - raft.server.log.statemachine.data.caching.enabled = true (custom)
2019-10-18 11:52:09,391 [pool-197-thread-1] INFO  segmented.SegmentedRaftLogWorker (SegmentedRaftLogWorker.java:lambda$new$0(128)) - 485ee567-9abe-4993-b798-ae6e4b1ba013@group-5DFE5784FEF3-SegmentedRaftLogWorker: flushIndex: setUnconditionally 0 -> -1
2019-10-18 11:52:09,391 [pool-197-thread-1] INFO  server.RaftServerConfigKeys (ConfUtils.java:logGet(43)) - raft.server.snapshot.auto.trigger.enabled = true (custom)
2019-10-18 11:52:09,395 [pool-197-thread-1] INFO  server.RaftServerConfigKeys (ConfUtils.java:logGet(43)) - raft.server.snapshot.auto.trigger.threshold = 10000 (custom)
2019-10-18 11:52:09,395 [pool-197-thread-1] INFO  server.RaftServerConfigKeys (ConfUtils.java:logGet(43)) - raft.server.snapshot.retention.file.num = 5 (custom)
2019-10-18 11:52:09,395 [pool-197-thread-1] INFO  server.RaftServerConfigKeys (ConfUtils.java:logGet(43)) - raft.server.retrycache.expirytime = 600000ms (custom)
2019-10-18 11:52:09,401 [pool-197-thread-1] INFO  impl.RaftServerImpl (RaftServerImpl.java:<init>(95)) - 485ee567-9abe-4993-b798-ae6e4b1ba013: new RaftServerImpl for group-AC1844F6E45B:[485ee567-9abe-4993-b798-ae6e4b1ba013:192.168.34.5:43226, f6457e38-f2bb-4d30-b8b7-4f0ed3f93aea:192.168.34.5:40789, 0616bf17-8096-425b-81d5-680d73392260:192.168.34.5:33207] with ContainerStateMachine:uninitialized
2019-10-18 11:52:09,401 [pool-197-thread-1] INFO  server.RaftServerConfigKeys (ConfUtils.java:logGet(43)) - raft.server.rpc.timeout.min = 5s (custom)
2019-10-18 11:52:09,401 [pool-197-thread-1] INFO  server.RaftServerConfigKeys (ConfUtils.java:logGet(43)) - raft.server.rpc.timeout.max = 5200ms (custom)
2019-10-18 11:52:09,401 [pool-197-thread-1] INFO  server.RaftServerConfigKeys (ConfUtils.java:logGet(43)) - raft.server.rpcslowness.timeout = 120s (custom)
2019-10-18 11:52:09,401 [pool-197-thread-1] INFO  server.RaftServerConfigKeys (ConfUtils.java:logGet(43)) - raft.server.sleep.deviation.threshold = 300 (default)
2019-10-18 11:52:09,402 [pool-197-thread-1] INFO  server.RaftServerConfigKeys (ConfUtils.java:logGet(43)) - raft.server.log.appender.install.snapshot.enabled = false (custom)
2019-10-18 11:52:09,402 [pool-197-thread-1] INFO  impl.RaftServerImpl (ServerState.java:<init>(103)) - 485ee567-9abe-4993-b798-ae6e4b1ba013@group-AC1844F6E45B: ConfigurationManager, init=-1: [485ee567-9abe-4993-b798-ae6e4b1ba013:192.168.34.5:43226, f6457e38-f2bb-4d30-b8b7-4f0ed3f93aea:192.168.34.5:40789, 0616bf17-8096-425b-81d5-680d73392260:192.168.34.5:33207], old=null, confs=<EMPTY_MAP>
2019-10-18 11:52:09,404 [pool-197-thread-1] INFO  server.RaftServerConfigKeys (ConfUtils.java:logGet(43)) - raft.server.storage.dir = [/workdir/hadoop-ozone/ozonefs/target/test-dir/MiniOzoneClusterImpl-e8cad9af-dab6-422c-b187-d20201875e57/datanode-2/data/ratis] (custom)
2019-10-18 11:52:09,405 [pool-197-thread-1] INFO  server.RaftServerConfigKeys (ConfUtils.java:logGet(43)) - raft.server.log.corruption.policy = EXCEPTION (default)
2019-10-18 11:52:09,406 [pool-197-thread-1] INFO  storage.RaftStorageDirectory (RaftStorageDirectory.java:analyzeStorage(246)) - The storage directory /workdir/hadoop-ozone/ozonefs/target/test-dir/MiniOzoneClusterImpl-e8cad9af-dab6-422c-b187-d20201875e57/datanode-2/data/ratis/e6afac2b-4f12-4c3f-b093-ac1844f6e45b does not exist. Creating ...
2019-10-18 11:52:09,412 [grpc-default-executor-3] WARN  server.GrpcServerProtocolService (LogUtils.java:warn(134)) - 485ee567-9abe-4993-b798-ae6e4b1ba013: Failed requestVote f6457e38-f2bb-4d30-b8b7-4f0ed3f93aea->485ee567-9abe-4993-b798-ae6e4b1ba013#0: org.apache.ratis.protocol.ServerNotReadyException: 485ee567-9abe-4993-b798-ae6e4b1ba013@group-AB43153E8CA6 is not in [RUNNING]: current state is NEW
2019-10-18 11:52:09,412 [grpc-default-executor-2] WARN  server.GrpcServerProtocolService (LogUtils.java:warn(134)) - 485ee567-9abe-4993-b798-ae6e4b1ba013: Failed requestVote 0616bf17-8096-425b-81d5-680d73392260->485ee567-9abe-4993-b798-ae6e4b1ba013#0: org.apache.ratis.protocol.ServerNotReadyException: 485ee567-9abe-4993-b798-ae6e4b1ba013@group-AB43153E8CA6 is not in [RUNNING]: current state is NEW
2019-10-18 11:52:09,464 [0616bf17-8096-425b-81d5-680d73392260@group-AB43153E8CA6-LeaderElection23] INFO  impl.LeaderElection (LogUtils.java:infoOrTrace(149)) - 0616bf17-8096-425b-81d5-680d73392260@group-AB43153E8CA6-LeaderElection23 got exception when requesting votes: {}
java.util.concurrent.ExecutionException: org.apache.ratis.thirdparty.io.grpc.StatusRuntimeException: INTERNAL: 485ee567-9abe-4993-b798-ae6e4b1ba013@group-AB43153E8CA6 is not in [RUNNING]: current state is NEW
	at java.util.concurrent.FutureTask.report(FutureTask.java:122)
	at java.util.concurrent.FutureTask.get(FutureTask.java:192)
	at org.apache.ratis.server.impl.LeaderElection.waitForResults(LeaderElection.java:259)
	at org.apache.ratis.server.impl.LeaderElection.askForVotes(LeaderElection.java:197)
	at org.apache.ratis.server.impl.LeaderElection.run(LeaderElection.java:133)
	at java.lang.Thread.run(Thread.java:748)
Caused by: org.apache.ratis.thirdparty.io.grpc.StatusRuntimeException: INTERNAL: 485ee567-9abe-4993-b798-ae6e4b1ba013@group-AB43153E8CA6 is not in [RUNNING]: current state is NEW
	at org.apache.ratis.thirdparty.io.grpc.stub.ClientCalls.toStatusRuntimeException(ClientCalls.java:233)
	at org.apache.ratis.thirdparty.io.grpc.stub.ClientCalls.getUnchecked(ClientCalls.java:214)
	at org.apache.ratis.thirdparty.io.grpc.stub.ClientCalls.blockingUnaryCall(ClientCalls.java:139)
	at org.apache.ratis.proto.grpc.RaftServerProtocolServiceGrpc$RaftServerProtocolServiceBlockingStub.requestVote(RaftServerProtocolServiceGrpc.java:265)
	at org.apache.ratis.grpc.server.GrpcServerProtocolClient.requestVote(GrpcServerProtocolClient.java:99)
	at org.apache.ratis.grpc.server.GrpcService.requestVote(GrpcService.java:204)
	at org.apache.ratis.server.impl.LeaderElection.lambda$submitRequests$1(LeaderElection.java:234)
	at java.util.concurrent.FutureTask.run(FutureTask.java:266)
	at java.util.concurrent.Executors$RunnableAdapter.call(Executors.java:511)
	at java.util.concurrent.FutureTask.run(FutureTask.java:266)
	at java.util.concurrent.ThreadPoolExecutor.runWorker(ThreadPoolExecutor.java:1149)
	at java.util.concurrent.ThreadPoolExecutor$Worker.run(ThreadPoolExecutor.java:624)
	... 1 more
2019-10-18 11:52:09,464 [f6457e38-f2bb-4d30-b8b7-4f0ed3f93aea@group-AB43153E8CA6-LeaderElection22] INFO  impl.LeaderElection (LogUtils.java:infoOrTrace(149)) - f6457e38-f2bb-4d30-b8b7-4f0ed3f93aea@group-AB43153E8CA6-LeaderElection22 got exception when requesting votes: {}
java.util.concurrent.ExecutionException: org.apache.ratis.thirdparty.io.grpc.StatusRuntimeException: INTERNAL: 485ee567-9abe-4993-b798-ae6e4b1ba013@group-AB43153E8CA6 is not in [RUNNING]: current state is NEW
	at java.util.concurrent.FutureTask.report(FutureTask.java:122)
	at java.util.concurrent.FutureTask.get(FutureTask.java:192)
	at org.apache.ratis.server.impl.LeaderElection.waitForResults(LeaderElection.java:259)
	at org.apache.ratis.server.impl.LeaderElection.askForVotes(LeaderElection.java:197)
	at org.apache.ratis.server.impl.LeaderElection.run(LeaderElection.java:133)
	at java.lang.Thread.run(Thread.java:748)
Caused by: org.apache.ratis.thirdparty.io.grpc.StatusRuntimeException: INTERNAL: 485ee567-9abe-4993-b798-ae6e4b1ba013@group-AB43153E8CA6 is not in [RUNNING]: current state is NEW
	at org.apache.ratis.thirdparty.io.grpc.stub.ClientCalls.toStatusRuntimeException(ClientCalls.java:233)
	at org.apache.ratis.thirdparty.io.grpc.stub.ClientCalls.getUnchecked(ClientCalls.java:214)
	at org.apache.ratis.thirdparty.io.grpc.stub.ClientCalls.blockingUnaryCall(ClientCalls.java:139)
	at org.apache.ratis.proto.grpc.RaftServerProtocolServiceGrpc$RaftServerProtocolServiceBlockingStub.requestVote(RaftServerProtocolServiceGrpc.java:265)
	at org.apache.ratis.grpc.server.GrpcServerProtocolClient.requestVote(GrpcServerProtocolClient.java:99)
	at org.apache.ratis.grpc.server.GrpcService.requestVote(GrpcService.java:204)
	at org.apache.ratis.server.impl.LeaderElection.lambda$submitRequests$1(LeaderElection.java:234)
	at java.util.concurrent.FutureTask.run(FutureTask.java:266)
	at java.util.concurrent.Executors$RunnableAdapter.call(Executors.java:511)
	at java.util.concurrent.FutureTask.run(FutureTask.java:266)
	at java.util.concurrent.ThreadPoolExecutor.runWorker(ThreadPoolExecutor.java:1149)
	at java.util.concurrent.ThreadPoolExecutor$Worker.run(ThreadPoolExecutor.java:624)
	... 1 more
2019-10-18 11:52:09,466 [0616bf17-8096-425b-81d5-680d73392260@group-AB43153E8CA6-LeaderElection23] INFO  impl.LeaderElection (LeaderElection.java:logAndReturn(56)) - 0616bf17-8096-425b-81d5-680d73392260@group-AB43153E8CA6-LeaderElection23: Election REJECTED; received 1 response(s) [0616bf17-8096-425b-81d5-680d73392260<-f6457e38-f2bb-4d30-b8b7-4f0ed3f93aea#0:FAIL-t1] and 1 exception(s); 0616bf17-8096-425b-81d5-680d73392260@group-AB43153E8CA6:t1, leader=null, voted=0616bf17-8096-425b-81d5-680d73392260, raftlog=0616bf17-8096-425b-81d5-680d73392260@group-AB43153E8CA6-SegmentedRaftLog:OPENED:c-1,f-1,i0, conf=-1: [485ee567-9abe-4993-b798-ae6e4b1ba013:192.168.34.5:43226, f6457e38-f2bb-4d30-b8b7-4f0ed3f93aea:192.168.34.5:40789, 0616bf17-8096-425b-81d5-680d73392260:192.168.34.5:33207], old=null
2019-10-18 11:52:09,467 [f6457e38-f2bb-4d30-b8b7-4f0ed3f93aea@group-AB43153E8CA6-LeaderElection22] INFO  impl.LeaderElection (LeaderElection.java:logAndReturn(56)) - f6457e38-f2bb-4d30-b8b7-4f0ed3f93aea@group-AB43153E8CA6-LeaderElection22: Election REJECTED; received 1 response(s) [f6457e38-f2bb-4d30-b8b7-4f0ed3f93aea<-0616bf17-8096-425b-81d5-680d73392260#0:FAIL-t1] and 1 exception(s); f6457e38-f2bb-4d30-b8b7-4f0ed3f93aea@group-AB43153E8CA6:t1, leader=null, voted=f6457e38-f2bb-4d30-b8b7-4f0ed3f93aea, raftlog=f6457e38-f2bb-4d30-b8b7-4f0ed3f93aea@group-AB43153E8CA6-SegmentedRaftLog:OPENED:c-1,f-1,i0, conf=-1: [485ee567-9abe-4993-b798-ae6e4b1ba013:192.168.34.5:43226, f6457e38-f2bb-4d30-b8b7-4f0ed3f93aea:192.168.34.5:40789, 0616bf17-8096-425b-81d5-680d73392260:192.168.34.5:33207], old=null
2019-10-18 11:52:09,467 [0616bf17-8096-425b-81d5-680d73392260@group-AB43153E8CA6-LeaderElection23] INFO  impl.LeaderElection (LogUtils.java:infoOrTrace(149)) -   Exception 0: {}
java.util.concurrent.ExecutionException: org.apache.ratis.thirdparty.io.grpc.StatusRuntimeException: INTERNAL: 485ee567-9abe-4993-b798-ae6e4b1ba013@group-AB43153E8CA6 is not in [RUNNING]: current state is NEW
	at java.util.concurrent.FutureTask.report(FutureTask.java:122)
	at java.util.concurrent.FutureTask.get(FutureTask.java:192)
	at org.apache.ratis.server.impl.LeaderElection.waitForResults(LeaderElection.java:259)
	at org.apache.ratis.server.impl.LeaderElection.askForVotes(LeaderElection.java:197)
	at org.apache.ratis.server.impl.LeaderElection.run(LeaderElection.java:133)
	at java.lang.Thread.run(Thread.java:748)
Caused by: org.apache.ratis.thirdparty.io.grpc.StatusRuntimeException: INTERNAL: 485ee567-9abe-4993-b798-ae6e4b1ba013@group-AB43153E8CA6 is not in [RUNNING]: current state is NEW
	at org.apache.ratis.thirdparty.io.grpc.stub.ClientCalls.toStatusRuntimeException(ClientCalls.java:233)
	at org.apache.ratis.thirdparty.io.grpc.stub.ClientCalls.getUnchecked(ClientCalls.java:214)
	at org.apache.ratis.thirdparty.io.grpc.stub.ClientCalls.blockingUnaryCall(ClientCalls.java:139)
	at org.apache.ratis.proto.grpc.RaftServerProtocolServiceGrpc$RaftServerProtocolServiceBlockingStub.requestVote(RaftServerProtocolServiceGrpc.java:265)
	at org.apache.ratis.grpc.server.GrpcServerProtocolClient.requestVote(GrpcServerProtocolClient.java:99)
	at org.apache.ratis.grpc.server.GrpcService.requestVote(GrpcService.java:204)
	at org.apache.ratis.server.impl.LeaderElection.lambda$submitRequests$1(LeaderElection.java:234)
	at java.util.concurrent.FutureTask.run(FutureTask.java:266)
	at java.util.concurrent.Executors$RunnableAdapter.call(Executors.java:511)
	at java.util.concurrent.FutureTask.run(FutureTask.java:266)
	at java.util.concurrent.ThreadPoolExecutor.runWorker(ThreadPoolExecutor.java:1149)
	at java.util.concurrent.ThreadPoolExecutor$Worker.run(ThreadPoolExecutor.java:624)
	... 1 more
2019-10-18 11:52:09,467 [f6457e38-f2bb-4d30-b8b7-4f0ed3f93aea@group-AB43153E8CA6-LeaderElection22] INFO  impl.LeaderElection (LogUtils.java:infoOrTrace(149)) -   Exception 0: {}
java.util.concurrent.ExecutionException: org.apache.ratis.thirdparty.io.grpc.StatusRuntimeException: INTERNAL: 485ee567-9abe-4993-b798-ae6e4b1ba013@group-AB43153E8CA6 is not in [RUNNING]: current state is NEW
	at java.util.concurrent.FutureTask.report(FutureTask.java:122)
	at java.util.concurrent.FutureTask.get(FutureTask.java:192)
	at org.apache.ratis.server.impl.LeaderElection.waitForResults(LeaderElection.java:259)
	at org.apache.ratis.server.impl.LeaderElection.askForVotes(LeaderElection.java:197)
	at org.apache.ratis.server.impl.LeaderElection.run(LeaderElection.java:133)
	at java.lang.Thread.run(Thread.java:748)
Caused by: org.apache.ratis.thirdparty.io.grpc.StatusRuntimeException: INTERNAL: 485ee567-9abe-4993-b798-ae6e4b1ba013@group-AB43153E8CA6 is not in [RUNNING]: current state is NEW
	at org.apache.ratis.thirdparty.io.grpc.stub.ClientCalls.toStatusRuntimeException(ClientCalls.java:233)
	at org.apache.ratis.thirdparty.io.grpc.stub.ClientCalls.getUnchecked(ClientCalls.java:214)
	at org.apache.ratis.thirdparty.io.grpc.stub.ClientCalls.blockingUnaryCall(ClientCalls.java:139)
	at org.apache.ratis.proto.grpc.RaftServerProtocolServiceGrpc$RaftServerProtocolServiceBlockingStub.requestVote(RaftServerProtocolServiceGrpc.java:265)
	at org.apache.ratis.grpc.server.GrpcServerProtocolClient.requestVote(GrpcServerProtocolClient.java:99)
	at org.apache.ratis.grpc.server.GrpcService.requestVote(GrpcService.java:204)
	at org.apache.ratis.server.impl.LeaderElection.lambda$submitRequests$1(LeaderElection.java:234)
	at java.util.concurrent.FutureTask.run(FutureTask.java:266)
	at java.util.concurrent.Executors$RunnableAdapter.call(Executors.java:511)
	at java.util.concurrent.FutureTask.run(FutureTask.java:266)
	at java.util.concurrent.ThreadPoolExecutor.runWorker(ThreadPoolExecutor.java:1149)
	at java.util.concurrent.ThreadPoolExecutor$Worker.run(ThreadPoolExecutor.java:624)
	... 1 more
2019-10-18 11:52:09,470 [0616bf17-8096-425b-81d5-680d73392260@group-AB43153E8CA6-LeaderElection23] INFO  impl.RaftServerImpl (RaftServerImpl.java:setRole(170)) - 0616bf17-8096-425b-81d5-680d73392260@group-AB43153E8CA6: changes role from CANDIDATE to FOLLOWER at term 1 for DISCOVERED_A_NEW_TERM
2019-10-18 11:52:09,471 [f6457e38-f2bb-4d30-b8b7-4f0ed3f93aea@group-AB43153E8CA6-LeaderElection22] INFO  impl.RaftServerImpl (RaftServerImpl.java:setRole(170)) - f6457e38-f2bb-4d30-b8b7-4f0ed3f93aea@group-AB43153E8CA6: changes role from CANDIDATE to FOLLOWER at term 1 for DISCOVERED_A_NEW_TERM
2019-10-18 11:52:09,472 [0616bf17-8096-425b-81d5-680d73392260@group-AB43153E8CA6-LeaderElection23] INFO  impl.RoleInfo (RoleInfo.java:shutdownLeaderElection(134)) - 0616bf17-8096-425b-81d5-680d73392260: shutdown LeaderElection
2019-10-18 11:52:09,472 [f6457e38-f2bb-4d30-b8b7-4f0ed3f93aea@group-AB43153E8CA6-LeaderElection22] INFO  impl.RoleInfo (RoleInfo.java:shutdownLeaderElection(134)) - f6457e38-f2bb-4d30-b8b7-4f0ed3f93aea: shutdown LeaderElection
2019-10-18 11:52:09,472 [0616bf17-8096-425b-81d5-680d73392260@group-AB43153E8CA6-LeaderElection23] INFO  impl.RoleInfo (RoleInfo.java:updateAndGet(143)) - 0616bf17-8096-425b-81d5-680d73392260: start FollowerState
2019-10-18 11:52:09,472 [f6457e38-f2bb-4d30-b8b7-4f0ed3f93aea@group-AB43153E8CA6-LeaderElection22] INFO  impl.RoleInfo (RoleInfo.java:updateAndGet(143)) - f6457e38-f2bb-4d30-b8b7-4f0ed3f93aea: start FollowerState
2019-10-18 11:52:09,777 [pool-187-thread-1] INFO  storage.RaftStorageDirectory (RaftStorageDirectory.java:tryLock(328)) - Lock on /workdir/hadoop-ozone/ozonefs/target/test-dir/MiniOzoneClusterImpl-e8cad9af-dab6-422c-b187-d20201875e57/datanode-1/data/ratis/f322870d-8908-4e04-877f-291e399aa143/in_use.lock acquired by nodename 5968@pr-hdds-2208-pnh8d-353521125
2019-10-18 11:52:09,777 [pool-177-thread-1] INFO  storage.RaftStorageDirectory (RaftStorageDirectory.java:tryLock(328)) - Lock on /workdir/hadoop-ozone/ozonefs/target/test-dir/MiniOzoneClusterImpl-e8cad9af-dab6-422c-b187-d20201875e57/datanode-0/data/ratis/f322870d-8908-4e04-877f-291e399aa143/in_use.lock acquired by nodename 5968@pr-hdds-2208-pnh8d-353521125
2019-10-18 11:52:09,984 [485ee567-9abe-4993-b798-ae6e4b1ba013@group-396559400E54-LeaderElection24] INFO  impl.LeaderElection (LeaderElection.java:askForVotes(178)) - 485ee567-9abe-4993-b798-ae6e4b1ba013@group-396559400E54-LeaderElection24: begin an election at term 1 for -1: [485ee567-9abe-4993-b798-ae6e4b1ba013:192.168.34.5:43226], old=null
2019-10-18 11:52:09,984 [485ee567-9abe-4993-b798-ae6e4b1ba013@group-396559400E54-LeaderElection24] INFO  impl.RoleInfo (RoleInfo.java:shutdownLeaderElection(134)) - 485ee567-9abe-4993-b798-ae6e4b1ba013: shutdown LeaderElection
2019-10-18 11:52:09,984 [485ee567-9abe-4993-b798-ae6e4b1ba013@group-396559400E54-LeaderElection24] INFO  impl.RaftServerImpl (RaftServerImpl.java:setRole(170)) - 485ee567-9abe-4993-b798-ae6e4b1ba013@group-396559400E54: changes role from CANDIDATE to LEADER at term 1 for changeToLeader
2019-10-18 11:52:09,985 [485ee567-9abe-4993-b798-ae6e4b1ba013@group-396559400E54-LeaderElection24] INFO  impl.RaftServerImpl (ServerState.java:setLeader(255)) - 485ee567-9abe-4993-b798-ae6e4b1ba013@group-396559400E54: change Leader from null to 485ee567-9abe-4993-b798-ae6e4b1ba013 at term 1 for becomeLeader, leader elected after 14074ms
2019-10-18 11:52:09,985 [485ee567-9abe-4993-b798-ae6e4b1ba013@group-396559400E54-LeaderElection24] INFO  server.RaftServerConfigKeys (ConfUtils.java:logGet(43)) - raft.server.staging.catchup.gap = 1000 (default)
2019-10-18 11:52:09,985 [485ee567-9abe-4993-b798-ae6e4b1ba013@group-396559400E54-LeaderElection24] INFO  server.RaftServerConfigKeys (ConfUtils.java:logGet(43)) - raft.server.rpc.sleep.time = 25ms (default)
2019-10-18 11:52:10,087 [485ee567-9abe-4993-b798-ae6e4b1ba013@group-396559400E54-LeaderElection24] INFO  server.RaftServerConfigKeys (ConfUtils.java:logGet(43)) - raft.server.write.element-limit = 4096 (default)
2019-10-18 11:52:10,120 [485ee567-9abe-4993-b798-ae6e4b1ba013@group-396559400E54-LeaderElection24] INFO  server.RaftServerConfigKeys (ConfUtils.java:logGet(43)) - raft.server.watch.timeout = 10s (default)
2019-10-18 11:52:10,128 [485ee567-9abe-4993-b798-ae6e4b1ba013@group-396559400E54-LeaderElection24] INFO  server.RaftServerConfigKeys (ConfUtils.java:logGet(43)) - raft.server.watch.timeout.denomination = 1s (default)
2019-10-18 11:52:10,138 [485ee567-9abe-4993-b798-ae6e4b1ba013@group-396559400E54-LeaderElection24] INFO  server.RaftServerConfigKeys (ConfUtils.java:logGet(43)) - raft.server.watch.element-limit = 65536 (default)
2019-10-18 11:52:10,170 [485ee567-9abe-4993-b798-ae6e4b1ba013@group-396559400E54-LeaderElection24] INFO  impl.RoleInfo (RoleInfo.java:updateAndGet(143)) - 485ee567-9abe-4993-b798-ae6e4b1ba013: start LeaderState
2019-10-18 11:52:10,171 [485ee567-9abe-4993-b798-ae6e4b1ba013@group-396559400E54-LeaderElection24] INFO  segmented.SegmentedRaftLogWorker (SegmentedRaftLogWorker.java:startLogSegment(385)) - 485ee567-9abe-4993-b798-ae6e4b1ba013@group-396559400E54-SegmentedRaftLogWorker: Starting segment from index:0
2019-10-18 11:52:10,206 [485ee567-9abe-4993-b798-ae6e4b1ba013@group-396559400E54-LeaderElection24] INFO  impl.RaftServerImpl (ServerState.java:setRaftConf(356)) - 485ee567-9abe-4993-b798-ae6e4b1ba013@group-396559400E54: set configuration 0: [485ee567-9abe-4993-b798-ae6e4b1ba013:192.168.34.5:43226], old=null at 0
2019-10-18 11:52:10,506 [pool-197-thread-1] INFO  storage.RaftStorageDirectory (RaftStorageDirectory.java:tryLock(328)) - Lock on /workdir/hadoop-ozone/ozonefs/target/test-dir/MiniOzoneClusterImpl-e8cad9af-dab6-422c-b187-d20201875e57/datanode-2/data/ratis/e6afac2b-4f12-4c3f-b093-ac1844f6e45b/in_use.lock acquired by nodename 5968@pr-hdds-2208-pnh8d-353521125
2019-10-18 11:52:11,699 [Thread-645] INFO  ozoneimpl.OzoneContainer (OzoneContainer.java:stop(227)) - Attempting to stop container services.
2019-10-18 11:52:11,699 [ForkJoinPool.commonPool-worker-0] INFO  ozoneimpl.OzoneContainer (OzoneContainer.java:stop(227)) - Attempting to stop container services.
2019-10-18 11:52:12,589 [485ee567-9abe-4993-b798-ae6e4b1ba013@group-396559400E54-SegmentedRaftLogWorker] INFO  segmented.SegmentedRaftLogWorker (SegmentedRaftLogWorker.java:execute(574)) - 485ee567-9abe-4993-b798-ae6e4b1ba013@group-396559400E54-SegmentedRaftLogWorker: created new log segment /workdir/hadoop-ozone/ozonefs/target/test-dir/MiniOzoneClusterImpl-e8cad9af-dab6-422c-b187-d20201875e57/datanode-2/data/ratis/6a65d2f7-c891-417a-a1f0-396559400e54/current/log_inprogress_0
2019-10-18 11:52:13,310 [pool-177-thread-1] INFO  storage.RaftStorage (RaftStorage.java:format(84)) - Storage directory /workdir/hadoop-ozone/ozonefs/target/test-dir/MiniOzoneClusterImpl-e8cad9af-dab6-422c-b187-d20201875e57/datanode-0/data/ratis/f322870d-8908-4e04-877f-291e399aa143 has been successfully formatted.
2019-10-18 11:52:13,310 [pool-187-thread-1] INFO  storage.RaftStorage (RaftStorage.java:format(84)) - Storage directory /workdir/hadoop-ozone/ozonefs/target/test-dir/MiniOzoneClusterImpl-e8cad9af-dab6-422c-b187-d20201875e57/datanode-1/data/ratis/f322870d-8908-4e04-877f-291e399aa143 has been successfully formatted.
2019-10-18 11:52:13,311 [pool-187-thread-1] INFO  ratis.ContainerStateMachine (ContainerStateMachine.java:loadSnapshot(231)) - group-291E399AA143: The snapshot info is null. Setting the last applied indexto:(t:0, i:~)
2019-10-18 11:52:13,311 [pool-187-thread-1] INFO  server.RaftServerConfigKeys (ConfUtils.java:logGet(43)) - raft.server.notification.no-leader.timeout = 120s (custom)
2019-10-18 11:52:13,311 [pool-187-thread-1] INFO  server.RaftServerConfigKeys (ConfUtils.java:logGet(43)) - raft.server.log.use.memory = false (default)
2019-10-18 11:52:13,311 [pool-187-thread-1] INFO  server.RaftServerConfigKeys (ConfUtils.java:logGet(43)) - raft.server.log.purge.gap = 1000000 (custom)
2019-10-18 11:52:13,311 [pool-187-thread-1] INFO  server.RaftServerConfigKeys (ConfUtils.java:logGet(43)) - raft.server.log.appender.buffer.byte-limit = 33554432 (custom)
2019-10-18 11:52:13,312 [pool-187-thread-1] INFO  server.RaftServerConfigKeys (ConfUtils.java:logGet(43)) - raft.server.log.segment.size.max = 1048576 (custom)
2019-10-18 11:52:13,312 [pool-187-thread-1] INFO  server.RaftServerConfigKeys (ConfUtils.java:logGet(43)) - raft.server.log.segment.cache.num.max = 2 (custom)
2019-10-18 11:52:13,312 [pool-187-thread-1] INFO  segmented.SegmentedRaftLogWorker (SegmentedRaftLogWorker.java:<init>(173)) - new f6457e38-f2bb-4d30-b8b7-4f0ed3f93aea@group-291E399AA143-SegmentedRaftLogWorker for RaftStorage:Storage Directory /workdir/hadoop-ozone/ozonefs/target/test-dir/MiniOzoneClusterImpl-e8cad9af-dab6-422c-b187-d20201875e57/datanode-1/data/ratis/f322870d-8908-4e04-877f-291e399aa143
2019-10-18 11:52:13,312 [pool-187-thread-1] INFO  server.RaftServerConfigKeys (ConfUtils.java:logGet(43)) - raft.server.log.queue.byte-limit = 2147483647 (custom)
2019-10-18 11:52:13,312 [pool-187-thread-1] INFO  server.RaftServerConfigKeys (ConfUtils.java:logGet(43)) - raft.server.log.queue.element-limit = 1024 (custom)
2019-10-18 11:52:13,312 [pool-187-thread-1] INFO  server.RaftServerConfigKeys (ConfUtils.java:logGet(43)) - raft.server.log.segment.size.max = 1048576 (custom)
2019-10-18 11:52:13,312 [pool-187-thread-1] INFO  server.RaftServerConfigKeys (ConfUtils.java:logGet(43)) - raft.server.log.preallocated.size = 16384 (custom)
2019-10-18 11:52:13,313 [pool-187-thread-1] INFO  server.RaftServerConfigKeys (ConfUtils.java:logGet(43)) - raft.server.log.write.buffer.size = 33554432 (custom)
2019-10-18 11:52:13,313 [pool-187-thread-1] INFO  server.RaftServerConfigKeys (ConfUtils.java:logGet(43)) - raft.server.log.force.sync.num = 128 (default)
2019-10-18 11:52:13,313 [pool-187-thread-1] INFO  server.RaftServerConfigKeys (ConfUtils.java:logGet(43)) - raft.server.log.statemachine.data.sync = true (default)
2019-10-18 11:52:13,313 [pool-187-thread-1] INFO  server.RaftServerConfigKeys (ConfUtils.java:logGet(43)) - raft.server.log.statemachine.data.sync.timeout = 10s (default)
2019-10-18 11:52:13,313 [pool-187-thread-1] INFO  server.RaftServerConfigKeys (ConfUtils.java:logGet(43)) - raft.server.log.statemachine.data.sync.timeout.retry = -1 (default)
2019-10-18 11:52:13,313 [pool-187-thread-1] INFO  server.RaftServerConfigKeys (ConfUtils.java:logGet(43)) - raft.server.log.statemachine.data.caching.enabled = true (custom)
2019-10-18 11:52:13,314 [pool-187-thread-1] INFO  segmented.SegmentedRaftLogWorker (SegmentedRaftLogWorker.java:lambda$new$0(128)) - f6457e38-f2bb-4d30-b8b7-4f0ed3f93aea@group-291E399AA143-SegmentedRaftLogWorker: flushIndex: setUnconditionally 0 -> -1
2019-10-18 11:52:13,314 [pool-187-thread-1] INFO  server.RaftServerConfigKeys (ConfUtils.java:logGet(43)) - raft.server.snapshot.auto.trigger.enabled = true (custom)
2019-10-18 11:52:13,314 [pool-187-thread-1] INFO  server.RaftServerConfigKeys (ConfUtils.java:logGet(43)) - raft.server.snapshot.auto.trigger.threshold = 10000 (custom)
2019-10-18 11:52:13,314 [pool-187-thread-1] INFO  server.RaftServerConfigKeys (ConfUtils.java:logGet(43)) - raft.server.snapshot.retention.file.num = 5 (custom)
2019-10-18 11:52:13,314 [pool-187-thread-1] INFO  server.RaftServerConfigKeys (ConfUtils.java:logGet(43)) - raft.server.retrycache.expirytime = 600000ms (custom)
2019-10-18 11:52:13,318 [pool-187-thread-1] INFO  impl.RaftServerProxy (RaftServerProxy.java:remove(95)) - f6457e38-f2bb-4d30-b8b7-4f0ed3f93aea: remove      null f6457e38-f2bb-4d30-b8b7-4f0ed3f93aea@group-291E399AA143:t0, leader=null, voted=null, raftlog=f6457e38-f2bb-4d30-b8b7-4f0ed3f93aea@group-291E399AA143-SegmentedRaftLog:OPENED:c-1,f-1,i0, conf=-1: [485ee567-9abe-4993-b798-ae6e4b1ba013:192.168.34.5:43226, f6457e38-f2bb-4d30-b8b7-4f0ed3f93aea:192.168.34.5:40789, 0616bf17-8096-425b-81d5-680d73392260:192.168.34.5:33207], old=null NEW
2019-10-18 11:52:13,319 [pool-187-thread-1] WARN  impl.RaftServerProxy (RaftServerProxy.java:lambda$groupAddAsync$11(388)) - f6457e38-f2bb-4d30-b8b7-4f0ed3f93aea: Failed groupAdd* GroupManagementRequest:client-ECCCA6F8CE4F->f6457e38-f2bb-4d30-b8b7-4f0ed3f93aea@group-291E399AA143, cid=28, seq=0, RW, null, Add:group-291E399AA143:[485ee567-9abe-4993-b798-ae6e4b1ba013:192.168.34.5:43226, f6457e38-f2bb-4d30-b8b7-4f0ed3f93aea:192.168.34.5:40789, 0616bf17-8096-425b-81d5-680d73392260:192.168.34.5:33207]
java.util.concurrent.CompletionException: java.util.concurrent.RejectedExecutionException: Task java.util.concurrent.CompletableFuture$UniApply@467e65f6 rejected from java.util.concurrent.ThreadPoolExecutor@212b3999[Shutting down, pool size = 1, active threads = 1, queued tasks = 1, completed tasks = 3]
	at java.util.concurrent.CompletableFuture.encodeThrowable(CompletableFuture.java:273)
	at java.util.concurrent.CompletableFuture.completeThrowable(CompletableFuture.java:280)
	at java.util.concurrent.CompletableFuture.uniApply(CompletableFuture.java:604)
	at java.util.concurrent.CompletableFuture$UniApply.tryFire(CompletableFuture.java:577)
	at java.util.concurrent.CompletableFuture.postComplete(CompletableFuture.java:474)
	at java.util.concurrent.CompletableFuture$AsyncSupply.run(CompletableFuture.java:1595)
	at java.util.concurrent.ThreadPoolExecutor.runWorker(ThreadPoolExecutor.java:1149)
	at java.util.concurrent.ThreadPoolExecutor$Worker.run(ThreadPoolExecutor.java:624)
	at java.lang.Thread.run(Thread.java:748)
Caused by: java.util.concurrent.RejectedExecutionException: Task java.util.concurrent.CompletableFuture$UniApply@467e65f6 rejected from java.util.concurrent.ThreadPoolExecutor@212b3999[Shutting down, pool size = 1, active threads = 1, queued tasks = 1, completed tasks = 3]
	at java.util.concurrent.ThreadPoolExecutor$AbortPolicy.rejectedExecution(ThreadPoolExecutor.java:2063)
	at java.util.concurrent.ThreadPoolExecutor.reject(ThreadPoolExecutor.java:830)
	at java.util.concurrent.ThreadPoolExecutor.execute(ThreadPoolExecutor.java:1379)
	at java.util.concurrent.Executors$DelegatedExecutorService.execute(Executors.java:668)
	at java.util.concurrent.CompletableFuture$UniCompletion.claim(CompletableFuture.java:529)
	at java.util.concurrent.CompletableFuture.uniApply(CompletableFuture.java:599)
	... 6 more
2019-10-18 11:52:13,320 [pool-187-thread-1] INFO  impl.RaftServerImpl (RaftServerImpl.java:start(181)) - f6457e38-f2bb-4d30-b8b7-4f0ed3f93aea@group-AC1844F6E45B: start as a follower, conf=-1: [485ee567-9abe-4993-b798-ae6e4b1ba013:192.168.34.5:43226, f6457e38-f2bb-4d30-b8b7-4f0ed3f93aea:192.168.34.5:40789, 0616bf17-8096-425b-81d5-680d73392260:192.168.34.5:33207], old=null
2019-10-18 11:52:13,320 [pool-187-thread-1] INFO  impl.RaftServerImpl (RaftServerImpl.java:setRole(170)) - f6457e38-f2bb-4d30-b8b7-4f0ed3f93aea@group-AC1844F6E45B: changes role from      null to FOLLOWER at term 0 for startAsFollower
2019-10-18 11:52:13,320 [pool-187-thread-1] INFO  impl.RoleInfo (RoleInfo.java:updateAndGet(143)) - f6457e38-f2bb-4d30-b8b7-4f0ed3f93aea: start FollowerState
2019-10-18 11:52:13,320 [pool-187-thread-1] INFO  util.JmxRegister (JmxRegister.java:tryRegister(44)) - Successfully registered JMX Bean with object name Ratis:service=RaftServer,group=group-AC1844F6E45B,id=f6457e38-f2bb-4d30-b8b7-4f0ed3f93aea
2019-10-18 11:52:13,329 [Thread-645] INFO  impl.RaftServerProxy (RaftServerProxy.java:lambda$close$4(314)) - f6457e38-f2bb-4d30-b8b7-4f0ed3f93aea: close
2019-10-18 11:52:13,330 [Thread-645] INFO  impl.RaftServerImpl (RaftServerImpl.java:lambda$shutdown$3(247)) - f6457e38-f2bb-4d30-b8b7-4f0ed3f93aea@group-AB43153E8CA6: shutdown
2019-10-18 11:52:13,331 [Thread-645] INFO  util.JmxRegister (JmxRegister.java:unregister(73)) - Successfully un-registered JMX Bean with object name Ratis:service=RaftServer,group=group-AB43153E8CA6,id=f6457e38-f2bb-4d30-b8b7-4f0ed3f93aea
2019-10-18 11:52:13,331 [Thread-645] INFO  impl.RoleInfo (RoleInfo.java:shutdownFollowerState(121)) - f6457e38-f2bb-4d30-b8b7-4f0ed3f93aea: shutdown FollowerState
2019-10-18 11:52:13,331 [Thread-645] INFO  impl.StateMachineUpdater (StateMachineUpdater.java:stopAndJoin(136)) - f6457e38-f2bb-4d30-b8b7-4f0ed3f93aea@group-AB43153E8CA6-StateMachineUpdater: set stopIndex = -1
2019-10-18 11:52:13,331 [Thread-848] INFO  impl.FollowerState (FollowerState.java:run(117)) - f6457e38-f2bb-4d30-b8b7-4f0ed3f93aea@group-AB43153E8CA6-FollowerState was interrupted: java.lang.InterruptedException: sleep interrupted
2019-10-18 11:52:13,333 [Thread-645] INFO  impl.RaftServerImpl (ServerState.java:close(387)) - f6457e38-f2bb-4d30-b8b7-4f0ed3f93aea@group-AB43153E8CA6: closes. applyIndex: -1
2019-10-18 11:52:13,335 [f6457e38-f2bb-4d30-b8b7-4f0ed3f93aea@group-AB43153E8CA6-SegmentedRaftLogWorker] INFO  segmented.SegmentedRaftLogWorker (SegmentedRaftLogWorker.java:run(316)) - f6457e38-f2bb-4d30-b8b7-4f0ed3f93aea@group-AB43153E8CA6-SegmentedRaftLogWorker was interrupted, exiting. There are 0 tasks remaining in the queue.
2019-10-18 11:52:13,335 [Thread-645] INFO  segmented.SegmentedRaftLogWorker (SegmentedRaftLogWorker.java:close(224)) - f6457e38-f2bb-4d30-b8b7-4f0ed3f93aea@group-AB43153E8CA6-SegmentedRaftLogWorker close()
2019-10-18 11:52:13,337 [Thread-645] INFO  impl.RaftServerImpl (RaftServerImpl.java:lambda$shutdown$3(247)) - f6457e38-f2bb-4d30-b8b7-4f0ed3f93aea@group-AC1844F6E45B: shutdown
2019-10-18 11:52:13,337 [Thread-645] INFO  util.JmxRegister (JmxRegister.java:unregister(73)) - Successfully un-registered JMX Bean with object name Ratis:service=RaftServer,group=group-AC1844F6E45B,id=f6457e38-f2bb-4d30-b8b7-4f0ed3f93aea
2019-10-18 11:52:13,338 [Thread-645] INFO  impl.RoleInfo (RoleInfo.java:shutdownFollowerState(121)) - f6457e38-f2bb-4d30-b8b7-4f0ed3f93aea: shutdown FollowerState
2019-10-18 11:52:13,338 [Thread-645] INFO  impl.StateMachineUpdater (StateMachineUpdater.java:stopAndJoin(136)) - f6457e38-f2bb-4d30-b8b7-4f0ed3f93aea@group-AC1844F6E45B-StateMachineUpdater: set stopIndex = -1
2019-10-18 11:52:13,339 [Thread-645] INFO  impl.RaftServerImpl (ServerState.java:close(387)) - f6457e38-f2bb-4d30-b8b7-4f0ed3f93aea@group-AC1844F6E45B: closes. applyIndex: -1
2019-10-18 11:52:13,338 [Thread-852] INFO  impl.FollowerState (FollowerState.java:run(117)) - f6457e38-f2bb-4d30-b8b7-4f0ed3f93aea@group-AC1844F6E45B-FollowerState was interrupted: java.lang.InterruptedException: sleep interrupted
2019-10-18 11:52:13,340 [f6457e38-f2bb-4d30-b8b7-4f0ed3f93aea@group-AC1844F6E45B-SegmentedRaftLogWorker] INFO  segmented.SegmentedRaftLogWorker (SegmentedRaftLogWorker.java:run(316)) - f6457e38-f2bb-4d30-b8b7-4f0ed3f93aea@group-AC1844F6E45B-SegmentedRaftLogWorker was interrupted, exiting. There are 0 tasks remaining in the queue.
2019-10-18 11:52:13,341 [Thread-645] INFO  segmented.SegmentedRaftLogWorker (SegmentedRaftLogWorker.java:close(224)) - f6457e38-f2bb-4d30-b8b7-4f0ed3f93aea@group-AC1844F6E45B-SegmentedRaftLogWorker close()
2019-10-18 11:52:13,346 [Thread-645] INFO  server.GrpcService (GrpcService.java:closeImpl(164)) - f6457e38-f2bb-4d30-b8b7-4f0ed3f93aea: shutdown server with port 40789 now
2019-10-18 11:52:13,350 [Thread-645] INFO  server.GrpcService (GrpcService.java:closeImpl(172)) - f6457e38-f2bb-4d30-b8b7-4f0ed3f93aea: shutdown server with port 40789 successfully
2019-10-18 11:52:14,296 [pool-177-thread-1] INFO  ratis.ContainerStateMachine (ContainerStateMachine.java:loadSnapshot(231)) - group-291E399AA143: The snapshot info is null. Setting the last applied indexto:(t:0, i:~)
2019-10-18 11:52:14,296 [refreshUsed-/workdir/hadoop-ozone/ozonefs/target/test-dir/MiniOzoneClusterImpl-e8cad9af-dab6-422c-b187-d20201875e57/datanode-1/data/containers] WARN  fs.CachingGetSpaceUsed (CachingGetSpaceUsed.java:run(183)) - Thread Interrupted waiting to refresh disk information: sleep interrupted
2019-10-18 11:52:14,296 [pool-177-thread-1] INFO  server.RaftServerConfigKeys (ConfUtils.java:logGet(43)) - raft.server.notification.no-leader.timeout = 120s (custom)
2019-10-18 11:52:14,297 [pool-177-thread-1] INFO  server.RaftServerConfigKeys (ConfUtils.java:logGet(43)) - raft.server.log.use.memory = false (default)
2019-10-18 11:52:14,297 [pool-177-thread-1] INFO  server.RaftServerConfigKeys (ConfUtils.java:logGet(43)) - raft.server.log.purge.gap = 1000000 (custom)
2019-10-18 11:52:14,297 [pool-177-thread-1] INFO  server.RaftServerConfigKeys (ConfUtils.java:logGet(43)) - raft.server.log.appender.buffer.byte-limit = 33554432 (custom)
2019-10-18 11:52:14,297 [pool-177-thread-1] INFO  server.RaftServerConfigKeys (ConfUtils.java:logGet(43)) - raft.server.log.segment.size.max = 1048576 (custom)
2019-10-18 11:52:14,297 [pool-177-thread-1] INFO  server.RaftServerConfigKeys (ConfUtils.java:logGet(43)) - raft.server.log.segment.cache.num.max = 2 (custom)
2019-10-18 11:52:14,297 [pool-177-thread-1] INFO  segmented.SegmentedRaftLogWorker (SegmentedRaftLogWorker.java:<init>(173)) - new 0616bf17-8096-425b-81d5-680d73392260@group-291E399AA143-SegmentedRaftLogWorker for RaftStorage:Storage Directory /workdir/hadoop-ozone/ozonefs/target/test-dir/MiniOzoneClusterImpl-e8cad9af-dab6-422c-b187-d20201875e57/datanode-0/data/ratis/f322870d-8908-4e04-877f-291e399aa143
2019-10-18 11:52:14,297 [pool-177-thread-1] INFO  server.RaftServerConfigKeys (ConfUtils.java:logGet(43)) - raft.server.log.queue.byte-limit = 2147483647 (custom)
2019-10-18 11:52:14,298 [pool-177-thread-1] INFO  server.RaftServerConfigKeys (ConfUtils.java:logGet(43)) - raft.server.log.queue.element-limit = 1024 (custom)
2019-10-18 11:52:14,298 [pool-177-thread-1] INFO  server.RaftServerConfigKeys (ConfUtils.java:logGet(43)) - raft.server.log.segment.size.max = 1048576 (custom)
2019-10-18 11:52:14,298 [pool-177-thread-1] INFO  server.RaftServerConfigKeys (ConfUtils.java:logGet(43)) - raft.server.log.preallocated.size = 16384 (custom)
2019-10-18 11:52:14,298 [pool-177-thread-1] INFO  server.RaftServerConfigKeys (ConfUtils.java:logGet(43)) - raft.server.log.write.buffer.size = 33554432 (custom)
2019-10-18 11:52:14,298 [pool-177-thread-1] INFO  server.RaftServerConfigKeys (ConfUtils.java:logGet(43)) - raft.server.log.force.sync.num = 128 (default)
2019-10-18 11:52:14,298 [pool-177-thread-1] INFO  server.RaftServerConfigKeys (ConfUtils.java:logGet(43)) - raft.server.log.statemachine.data.sync = true (default)
2019-10-18 11:52:14,298 [pool-177-thread-1] INFO  server.RaftServerConfigKeys (ConfUtils.java:logGet(43)) - raft.server.log.statemachine.data.sync.timeout = 10s (default)
2019-10-18 11:52:14,298 [pool-177-thread-1] INFO  server.RaftServerConfigKeys (ConfUtils.java:logGet(43)) - raft.server.log.statemachine.data.sync.timeout.retry = -1 (default)
2019-10-18 11:52:14,298 [pool-177-thread-1] INFO  server.RaftServerConfigKeys (ConfUtils.java:logGet(43)) - raft.server.log.statemachine.data.caching.enabled = true (custom)
2019-10-18 11:52:14,299 [pool-177-thread-1] INFO  segmented.SegmentedRaftLogWorker (SegmentedRaftLogWorker.java:lambda$new$0(128)) - 0616bf17-8096-425b-81d5-680d73392260@group-291E399AA143-SegmentedRaftLogWorker: flushIndex: setUnconditionally 0 -> -1
2019-10-18 11:52:14,299 [pool-177-thread-1] INFO  server.RaftServerConfigKeys (ConfUtils.java:logGet(43)) - raft.server.snapshot.auto.trigger.enabled = true (custom)
2019-10-18 11:52:14,299 [pool-177-thread-1] INFO  server.RaftServerConfigKeys (ConfUtils.java:logGet(43)) - raft.server.snapshot.auto.trigger.threshold = 10000 (custom)
2019-10-18 11:52:14,299 [pool-177-thread-1] INFO  server.RaftServerConfigKeys (ConfUtils.java:logGet(43)) - raft.server.snapshot.retention.file.num = 5 (custom)
2019-10-18 11:52:14,299 [pool-177-thread-1] INFO  server.RaftServerConfigKeys (ConfUtils.java:logGet(43)) - raft.server.retrycache.expirytime = 600000ms (custom)
2019-10-18 11:52:14,301 [pool-177-thread-1] INFO  impl.RaftServerProxy (RaftServerProxy.java:remove(95)) - 0616bf17-8096-425b-81d5-680d73392260: remove      null 0616bf17-8096-425b-81d5-680d73392260@group-291E399AA143:t0, leader=null, voted=null, raftlog=0616bf17-8096-425b-81d5-680d73392260@group-291E399AA143-SegmentedRaftLog:OPENED:c-1,f-1,i0, conf=-1: [485ee567-9abe-4993-b798-ae6e4b1ba013:192.168.34.5:43226, f6457e38-f2bb-4d30-b8b7-4f0ed3f93aea:192.168.34.5:40789, 0616bf17-8096-425b-81d5-680d73392260:192.168.34.5:33207], old=null NEW
2019-10-18 11:52:14,301 [pool-177-thread-1] WARN  impl.RaftServerProxy (RaftServerProxy.java:lambda$groupAddAsync$11(388)) - 0616bf17-8096-425b-81d5-680d73392260: Failed groupAdd* GroupManagementRequest:client-15E3FE4956DB->0616bf17-8096-425b-81d5-680d73392260@group-291E399AA143, cid=27, seq=0, RW, null, Add:group-291E399AA143:[485ee567-9abe-4993-b798-ae6e4b1ba013:192.168.34.5:43226, f6457e38-f2bb-4d30-b8b7-4f0ed3f93aea:192.168.34.5:40789, 0616bf17-8096-425b-81d5-680d73392260:192.168.34.5:33207]
java.util.concurrent.CompletionException: java.util.concurrent.RejectedExecutionException: Task java.util.concurrent.CompletableFuture$UniApply@6dd5551 rejected from java.util.concurrent.ThreadPoolExecutor@5f77fedd[Shutting down, pool size = 1, active threads = 1, queued tasks = 1, completed tasks = 5]
	at java.util.concurrent.CompletableFuture.encodeThrowable(CompletableFuture.java:273)
	at java.util.concurrent.CompletableFuture.completeThrowable(CompletableFuture.java:280)
	at java.util.concurrent.CompletableFuture.uniApply(CompletableFuture.java:604)
	at java.util.concurrent.CompletableFuture$UniApply.tryFire(CompletableFuture.java:577)
	at java.util.concurrent.CompletableFuture.postComplete(CompletableFuture.java:474)
	at java.util.concurrent.CompletableFuture$AsyncSupply.run(CompletableFuture.java:1595)
	at java.util.concurrent.ThreadPoolExecutor.runWorker(ThreadPoolExecutor.java:1149)
	at java.util.concurrent.ThreadPoolExecutor$Worker.run(ThreadPoolExecutor.java:624)
	at java.lang.Thread.run(Thread.java:748)
Caused by: java.util.concurrent.RejectedExecutionException: Task java.util.concurrent.CompletableFuture$UniApply@6dd5551 rejected from java.util.concurrent.ThreadPoolExecutor@5f77fedd[Shutting down, pool size = 1, active threads = 1, queued tasks = 1, completed tasks = 5]
	at java.util.concurrent.ThreadPoolExecutor$AbortPolicy.rejectedExecution(ThreadPoolExecutor.java:2063)
	at java.util.concurrent.ThreadPoolExecutor.reject(ThreadPoolExecutor.java:830)
	at java.util.concurrent.ThreadPoolExecutor.execute(ThreadPoolExecutor.java:1379)
	at java.util.concurrent.Executors$DelegatedExecutorService.execute(Executors.java:668)
	at java.util.concurrent.CompletableFuture$UniCompletion.claim(CompletableFuture.java:529)
	at java.util.concurrent.CompletableFuture.uniApply(CompletableFuture.java:599)
	... 6 more
2019-10-18 11:52:14,302 [pool-177-thread-1] INFO  impl.RaftServerImpl (RaftServerImpl.java:start(181)) - 0616bf17-8096-425b-81d5-680d73392260@group-AC1844F6E45B: start as a follower, conf=-1: [485ee567-9abe-4993-b798-ae6e4b1ba013:192.168.34.5:43226, f6457e38-f2bb-4d30-b8b7-4f0ed3f93aea:192.168.34.5:40789, 0616bf17-8096-425b-81d5-680d73392260:192.168.34.5:33207], old=null
2019-10-18 11:52:14,302 [pool-177-thread-1] INFO  impl.RaftServerImpl (RaftServerImpl.java:setRole(170)) - 0616bf17-8096-425b-81d5-680d73392260@group-AC1844F6E45B: changes role from      null to FOLLOWER at term 0 for startAsFollower
2019-10-18 11:52:14,302 [pool-177-thread-1] INFO  impl.RoleInfo (RoleInfo.java:updateAndGet(143)) - 0616bf17-8096-425b-81d5-680d73392260: start FollowerState
2019-10-18 11:52:14,302 [pool-177-thread-1] INFO  util.JmxRegister (JmxRegister.java:tryRegister(44)) - Successfully registered JMX Bean with object name Ratis:service=RaftServer,group=group-AC1844F6E45B,id=0616bf17-8096-425b-81d5-680d73392260
2019-10-18 11:52:14,304 [ForkJoinPool.commonPool-worker-0] INFO  impl.RaftServerProxy (RaftServerProxy.java:lambda$close$4(314)) - 0616bf17-8096-425b-81d5-680d73392260: close
2019-10-18 11:52:14,306 [ForkJoinPool.commonPool-worker-0] INFO  impl.RaftServerImpl (RaftServerImpl.java:lambda$shutdown$3(247)) - 0616bf17-8096-425b-81d5-680d73392260@group-E3AA3616A720: shutdown
2019-10-18 11:52:14,306 [ForkJoinPool.commonPool-worker-0] INFO  util.JmxRegister (JmxRegister.java:unregister(73)) - Successfully un-registered JMX Bean with object name Ratis:service=RaftServer,group=group-E3AA3616A720,id=0616bf17-8096-425b-81d5-680d73392260
2019-10-18 11:52:14,306 [ForkJoinPool.commonPool-worker-0] INFO  impl.RoleInfo (RoleInfo.java:shutdownLeaderState(104)) - 0616bf17-8096-425b-81d5-680d73392260: shutdown LeaderState
2019-10-18 11:52:14,307 [ForkJoinPool.commonPool-worker-0] INFO  impl.PendingRequests (PendingRequests.java:sendNotLeaderResponses(202)) - 0616bf17-8096-425b-81d5-680d73392260@group-E3AA3616A720-PendingRequests: sendNotLeaderResponses
2019-10-18 11:52:14,307 [ForkJoinPool.commonPool-worker-0] INFO  impl.StateMachineUpdater (StateMachineUpdater.java:stopAndJoin(136)) - 0616bf17-8096-425b-81d5-680d73392260@group-E3AA3616A720-StateMachineUpdater: set stopIndex = 0
2019-10-18 11:52:14,308 [ForkJoinPool.commonPool-worker-0] INFO  impl.RaftServerImpl (ServerState.java:close(387)) - 0616bf17-8096-425b-81d5-680d73392260@group-E3AA3616A720: closes. applyIndex: 0
2019-10-18 11:52:14,308 [0616bf17-8096-425b-81d5-680d73392260@group-E3AA3616A720-SegmentedRaftLogWorker] INFO  segmented.SegmentedRaftLogWorker (SegmentedRaftLogWorker.java:run(316)) - 0616bf17-8096-425b-81d5-680d73392260@group-E3AA3616A720-SegmentedRaftLogWorker was interrupted, exiting. There are 0 tasks remaining in the queue.
2019-10-18 11:52:14,310 [ForkJoinPool.commonPool-worker-0] INFO  segmented.SegmentedRaftLogWorker (SegmentedRaftLogWorker.java:close(224)) - 0616bf17-8096-425b-81d5-680d73392260@group-E3AA3616A720-SegmentedRaftLogWorker close()
2019-10-18 11:52:14,311 [ForkJoinPool.commonPool-worker-0] INFO  impl.RaftServerImpl (RaftServerImpl.java:lambda$shutdown$3(247)) - 0616bf17-8096-425b-81d5-680d73392260@group-AB43153E8CA6: shutdown
2019-10-18 11:52:14,311 [ForkJoinPool.commonPool-worker-0] INFO  util.JmxRegister (JmxRegister.java:unregister(73)) - Successfully un-registered JMX Bean with object name Ratis:service=RaftServer,group=group-AB43153E8CA6,id=0616bf17-8096-425b-81d5-680d73392260
2019-10-18 11:52:14,312 [ForkJoinPool.commonPool-worker-0] INFO  impl.RoleInfo (RoleInfo.java:shutdownFollowerState(121)) - 0616bf17-8096-425b-81d5-680d73392260: shutdown FollowerState
2019-10-18 11:52:14,312 [ForkJoinPool.commonPool-worker-0] INFO  impl.StateMachineUpdater (StateMachineUpdater.java:stopAndJoin(136)) - 0616bf17-8096-425b-81d5-680d73392260@group-AB43153E8CA6-StateMachineUpdater: set stopIndex = -1
2019-10-18 11:52:14,312 [Thread-847] INFO  impl.FollowerState (FollowerState.java:run(117)) - 0616bf17-8096-425b-81d5-680d73392260@group-AB43153E8CA6-FollowerState was interrupted: java.lang.InterruptedException: sleep interrupted
2019-10-18 11:52:14,313 [ForkJoinPool.commonPool-worker-0] INFO  impl.RaftServerImpl (ServerState.java:close(387)) - 0616bf17-8096-425b-81d5-680d73392260@group-AB43153E8CA6: closes. applyIndex: -1
2019-10-18 11:52:14,314 [0616bf17-8096-425b-81d5-680d73392260@group-AB43153E8CA6-SegmentedRaftLogWorker] INFO  segmented.SegmentedRaftLogWorker (SegmentedRaftLogWorker.java:run(316)) - 0616bf17-8096-425b-81d5-680d73392260@group-AB43153E8CA6-SegmentedRaftLogWorker was interrupted, exiting. There are 0 tasks remaining in the queue.
2019-10-18 11:52:14,315 [ForkJoinPool.commonPool-worker-0] INFO  segmented.SegmentedRaftLogWorker (SegmentedRaftLogWorker.java:close(224)) - 0616bf17-8096-425b-81d5-680d73392260@group-AB43153E8CA6-SegmentedRaftLogWorker close()
2019-10-18 11:52:14,316 [ForkJoinPool.commonPool-worker-0] INFO  impl.RaftServerImpl (RaftServerImpl.java:lambda$shutdown$3(247)) - 0616bf17-8096-425b-81d5-680d73392260@group-AC1844F6E45B: shutdown
2019-10-18 11:52:14,316 [ForkJoinPool.commonPool-worker-0] INFO  util.JmxRegister (JmxRegister.java:unregister(73)) - Successfully un-registered JMX Bean with object name Ratis:service=RaftServer,group=group-AC1844F6E45B,id=0616bf17-8096-425b-81d5-680d73392260
2019-10-18 11:52:14,316 [ForkJoinPool.commonPool-worker-0] INFO  impl.RoleInfo (RoleInfo.java:shutdownFollowerState(121)) - 0616bf17-8096-425b-81d5-680d73392260: shutdown FollowerState
2019-10-18 11:52:14,316 [ForkJoinPool.commonPool-worker-0] INFO  impl.StateMachineUpdater (StateMachineUpdater.java:stopAndJoin(136)) - 0616bf17-8096-425b-81d5-680d73392260@group-AC1844F6E45B-StateMachineUpdater: set stopIndex = -1
2019-10-18 11:52:14,317 [Thread-856] INFO  impl.FollowerState (FollowerState.java:run(117)) - 0616bf17-8096-425b-81d5-680d73392260@group-AC1844F6E45B-FollowerState was interrupted: java.lang.InterruptedException: sleep interrupted
2019-10-18 11:52:14,318 [ForkJoinPool.commonPool-worker-0] INFO  impl.RaftServerImpl (ServerState.java:close(387)) - 0616bf17-8096-425b-81d5-680d73392260@group-AC1844F6E45B: closes. applyIndex: -1
2019-10-18 11:52:14,319 [0616bf17-8096-425b-81d5-680d73392260@group-AC1844F6E45B-SegmentedRaftLogWorker] INFO  segmented.SegmentedRaftLogWorker (SegmentedRaftLogWorker.java:run(316)) - 0616bf17-8096-425b-81d5-680d73392260@group-AC1844F6E45B-SegmentedRaftLogWorker was interrupted, exiting. There are 0 tasks remaining in the queue.
2019-10-18 11:52:14,319 [ForkJoinPool.commonPool-worker-0] INFO  segmented.SegmentedRaftLogWorker (SegmentedRaftLogWorker.java:close(224)) - 0616bf17-8096-425b-81d5-680d73392260@group-AC1844F6E45B-SegmentedRaftLogWorker close()
2019-10-18 11:52:14,320 [ForkJoinPool.commonPool-worker-0] INFO  server.GrpcService (GrpcService.java:closeImpl(164)) - 0616bf17-8096-425b-81d5-680d73392260: shutdown server with port 33207 now
2019-10-18 11:52:14,323 [ForkJoinPool.commonPool-worker-0] INFO  server.GrpcService (GrpcService.java:closeImpl(172)) - 0616bf17-8096-425b-81d5-680d73392260: shutdown server with port 33207 successfully
2019-10-18 11:52:14,324 [refreshUsed-/workdir/hadoop-ozone/ozonefs/target/test-dir/MiniOzoneClusterImpl-e8cad9af-dab6-422c-b187-d20201875e57/datanode-0/data/containers] WARN  fs.CachingGetSpaceUsed (CachingGetSpaceUsed.java:run(183)) - Thread Interrupted waiting to refresh disk information: sleep interrupted
2019-10-18 11:52:14,336 [Thread-645] INFO  utils.BackgroundService (BackgroundService.java:shutdown(151)) - Shutting down service BlockDeletingService
2019-10-18 11:52:14,339 [Thread-645] INFO  statemachine.DatanodeStateMachine (DatanodeStateMachine.java:stopDaemon(395)) - Ozone container server stopped.
2019-10-18 11:52:14,340 [Thread-645] INFO  handler.ContextHandler (ContextHandler.java:doStop(910)) - Stopped o.e.j.w.WebAppContext@534a68b2{/,null,UNAVAILABLE}{/hddsDatanode}
2019-10-18 11:52:14,341 [Thread-645] INFO  server.AbstractConnector (AbstractConnector.java:doStop(318)) - Stopped ServerConnector@684d2684{HTTP/1.1,[http/1.1]}{0.0.0.0:0}
2019-10-18 11:52:14,341 [Thread-645] INFO  handler.ContextHandler (ContextHandler.java:doStop(910)) - Stopped o.e.j.s.ServletContextHandler@436e9156{/static,jar:file:/home/user/.m2/repository/org/apache/hadoop/hadoop-hdds-container-service/0.5.0-SNAPSHOT/hadoop-hdds-container-service-0.5.0-SNAPSHOT.jar!/webapps/static,UNAVAILABLE}
2019-10-18 11:52:14,342 [Thread-645] INFO  handler.ContextHandler (ContextHandler.java:doStop(910)) - Stopped o.e.j.s.ServletContextHandler@7dba5054{/logs,file:///workdir/hadoop-ozone/ozonefs/target/log,UNAVAILABLE}
2019-10-18 11:52:14,351 [ForkJoinPool.commonPool-worker-0] INFO  utils.BackgroundService (BackgroundService.java:shutdown(151)) - Shutting down service BlockDeletingService
2019-10-18 11:52:14,353 [ForkJoinPool.commonPool-worker-0] INFO  statemachine.DatanodeStateMachine (DatanodeStateMachine.java:stopDaemon(395)) - Ozone container server stopped.
2019-10-18 11:52:14,356 [ForkJoinPool.commonPool-worker-0] INFO  handler.ContextHandler (ContextHandler.java:doStop(910)) - Stopped o.e.j.w.WebAppContext@670ce08b{/,null,UNAVAILABLE}{/hddsDatanode}
2019-10-18 11:52:14,357 [ForkJoinPool.commonPool-worker-0] INFO  server.AbstractConnector (AbstractConnector.java:doStop(318)) - Stopped ServerConnector@7639abd9{HTTP/1.1,[http/1.1]}{0.0.0.0:0}
2019-10-18 11:52:14,358 [ForkJoinPool.commonPool-worker-0] INFO  handler.ContextHandler (ContextHandler.java:doStop(910)) - Stopped o.e.j.s.ServletContextHandler@2533d1d9{/static,jar:file:/home/user/.m2/repository/org/apache/hadoop/hadoop-hdds-container-service/0.5.0-SNAPSHOT/hadoop-hdds-container-service-0.5.0-SNAPSHOT.jar!/webapps/static,UNAVAILABLE}
2019-10-18 11:52:14,359 [ForkJoinPool.commonPool-worker-0] INFO  handler.ContextHandler (ContextHandler.java:doStop(910)) - Stopped o.e.j.s.ServletContextHandler@7f3489e9{/logs,file:///workdir/hadoop-ozone/ozonefs/target/log,UNAVAILABLE}
2019-10-18 11:52:14,536 [Datanode State Machine Thread - 0] INFO  statemachine.DatanodeStateMachine (DatanodeStateMachine.java:lambda$startDaemon$0(350)) - Ozone container server started.
2019-10-18 11:52:15,428 [pool-197-thread-1] INFO  storage.RaftStorage (RaftStorage.java:format(84)) - Storage directory /workdir/hadoop-ozone/ozonefs/target/test-dir/MiniOzoneClusterImpl-e8cad9af-dab6-422c-b187-d20201875e57/datanode-2/data/ratis/e6afac2b-4f12-4c3f-b093-ac1844f6e45b has been successfully formatted.
2019-10-18 11:52:15,428 [pool-197-thread-1] INFO  ratis.ContainerStateMachine (ContainerStateMachine.java:loadSnapshot(231)) - group-AC1844F6E45B: The snapshot info is null. Setting the last applied indexto:(t:0, i:~)
2019-10-18 11:52:15,429 [pool-197-thread-1] INFO  server.RaftServerConfigKeys (ConfUtils.java:logGet(43)) - raft.server.notification.no-leader.timeout = 120s (custom)
2019-10-18 11:52:15,429 [pool-197-thread-1] INFO  server.RaftServerConfigKeys (ConfUtils.java:logGet(43)) - raft.server.log.use.memory = false (default)
2019-10-18 11:52:15,429 [pool-197-thread-1] INFO  server.RaftServerConfigKeys (ConfUtils.java:logGet(43)) - raft.server.log.purge.gap = 1000000 (custom)
2019-10-18 11:52:15,429 [pool-197-thread-1] INFO  server.RaftServerConfigKeys (ConfUtils.java:logGet(43)) - raft.server.log.appender.buffer.byte-limit = 33554432 (custom)
2019-10-18 11:52:15,429 [pool-197-thread-1] INFO  server.RaftServerConfigKeys (ConfUtils.java:logGet(43)) - raft.server.log.segment.size.max = 1048576 (custom)
2019-10-18 11:52:15,429 [pool-197-thread-1] INFO  server.RaftServerConfigKeys (ConfUtils.java:logGet(43)) - raft.server.log.segment.cache.num.max = 2 (custom)
2019-10-18 11:52:15,429 [pool-197-thread-1] INFO  segmented.SegmentedRaftLogWorker (SegmentedRaftLogWorker.java:<init>(173)) - new 485ee567-9abe-4993-b798-ae6e4b1ba013@group-AC1844F6E45B-SegmentedRaftLogWorker for RaftStorage:Storage Directory /workdir/hadoop-ozone/ozonefs/target/test-dir/MiniOzoneClusterImpl-e8cad9af-dab6-422c-b187-d20201875e57/datanode-2/data/ratis/e6afac2b-4f12-4c3f-b093-ac1844f6e45b
2019-10-18 11:52:15,430 [pool-197-thread-1] INFO  server.RaftServerConfigKeys (ConfUtils.java:logGet(43)) - raft.server.log.queue.byte-limit = 2147483647 (custom)
2019-10-18 11:52:15,430 [pool-197-thread-1] INFO  server.RaftServerConfigKeys (ConfUtils.java:logGet(43)) - raft.server.log.queue.element-limit = 1024 (custom)
2019-10-18 11:52:15,430 [pool-197-thread-1] INFO  server.RaftServerConfigKeys (ConfUtils.java:logGet(43)) - raft.server.log.segment.size.max = 1048576 (custom)
2019-10-18 11:52:15,430 [pool-197-thread-1] INFO  server.RaftServerConfigKeys (ConfUtils.java:logGet(43)) - raft.server.log.preallocated.size = 16384 (custom)
2019-10-18 11:52:15,430 [pool-197-thread-1] INFO  server.RaftServerConfigKeys (ConfUtils.java:logGet(43)) - raft.server.log.write.buffer.size = 33554432 (custom)
2019-10-18 11:52:15,430 [pool-197-thread-1] INFO  server.RaftServerConfigKeys (ConfUtils.java:logGet(43)) - raft.server.log.force.sync.num = 128 (default)
2019-10-18 11:52:15,430 [pool-197-thread-1] INFO  server.RaftServerConfigKeys (ConfUtils.java:logGet(43)) - raft.server.log.statemachine.data.sync = true (default)
2019-10-18 11:52:15,430 [pool-197-thread-1] INFO  server.RaftServerConfigKeys (ConfUtils.java:logGet(43)) - raft.server.log.statemachine.data.sync.timeout = 10s (default)
2019-10-18 11:52:15,430 [pool-197-thread-1] INFO  server.RaftServerConfigKeys (ConfUtils.java:logGet(43)) - raft.server.log.statemachine.data.sync.timeout.retry = -1 (default)
2019-10-18 11:52:15,431 [pool-197-thread-1] INFO  server.RaftServerConfigKeys (ConfUtils.java:logGet(43)) - raft.server.log.statemachine.data.caching.enabled = true (custom)
2019-10-18 11:52:15,431 [pool-197-thread-1] INFO  segmented.SegmentedRaftLogWorker (SegmentedRaftLogWorker.java:lambda$new$0(128)) - 485ee567-9abe-4993-b798-ae6e4b1ba013@group-AC1844F6E45B-SegmentedRaftLogWorker: flushIndex: setUnconditionally 0 -> -1
2019-10-18 11:52:15,431 [pool-197-thread-1] INFO  server.RaftServerConfigKeys (ConfUtils.java:logGet(43)) - raft.server.snapshot.auto.trigger.enabled = true (custom)
2019-10-18 11:52:15,431 [pool-197-thread-1] INFO  server.RaftServerConfigKeys (ConfUtils.java:logGet(43)) - raft.server.snapshot.auto.trigger.threshold = 10000 (custom)
2019-10-18 11:52:15,431 [pool-197-thread-1] INFO  server.RaftServerConfigKeys (ConfUtils.java:logGet(43)) - raft.server.snapshot.retention.file.num = 5 (custom)
2019-10-18 11:52:15,432 [pool-197-thread-1] INFO  server.RaftServerConfigKeys (ConfUtils.java:logGet(43)) - raft.server.retrycache.expirytime = 600000ms (custom)
2019-10-18 11:52:15,434 [pool-197-thread-1] INFO  impl.RaftServerImpl (RaftServerImpl.java:start(181)) - 485ee567-9abe-4993-b798-ae6e4b1ba013@group-AB43153E8CA6: start as a follower, conf=-1: [485ee567-9abe-4993-b798-ae6e4b1ba013:192.168.34.5:43226, f6457e38-f2bb-4d30-b8b7-4f0ed3f93aea:192.168.34.5:40789, 0616bf17-8096-425b-81d5-680d73392260:192.168.34.5:33207], old=null
2019-10-18 11:52:15,434 [pool-197-thread-1] INFO  impl.RaftServerImpl (RaftServerImpl.java:setRole(170)) - 485ee567-9abe-4993-b798-ae6e4b1ba013@group-AB43153E8CA6: changes role from      null to FOLLOWER at term 0 for startAsFollower
2019-10-18 11:52:15,434 [pool-197-thread-1] INFO  impl.RoleInfo (RoleInfo.java:updateAndGet(143)) - 485ee567-9abe-4993-b798-ae6e4b1ba013: start FollowerState
2019-10-18 11:52:15,434 [pool-197-thread-1] INFO  util.JmxRegister (JmxRegister.java:tryRegister(44)) - Successfully registered JMX Bean with object name Ratis:service=RaftServer,group=group-AB43153E8CA6,id=485ee567-9abe-4993-b798-ae6e4b1ba013
2019-10-18 11:52:15,437 [pool-197-thread-1] INFO  impl.RaftServerImpl (RaftServerImpl.java:<init>(95)) - 485ee567-9abe-4993-b798-ae6e4b1ba013: new RaftServerImpl for group-291E399AA143:[485ee567-9abe-4993-b798-ae6e4b1ba013:192.168.34.5:43226, f6457e38-f2bb-4d30-b8b7-4f0ed3f93aea:192.168.34.5:40789, 0616bf17-8096-425b-81d5-680d73392260:192.168.34.5:33207] with ContainerStateMachine:uninitialized
2019-10-18 11:52:15,438 [pool-197-thread-1] INFO  server.RaftServerConfigKeys (ConfUtils.java:logGet(43)) - raft.server.rpc.timeout.min = 5s (custom)
2019-10-18 11:52:15,438 [pool-197-thread-1] INFO  server.RaftServerConfigKeys (ConfUtils.java:logGet(43)) - raft.server.rpc.timeout.max = 5200ms (custom)
2019-10-18 11:52:15,438 [pool-197-thread-1] INFO  server.RaftServerConfigKeys (ConfUtils.java:logGet(43)) - raft.server.rpcslowness.timeout = 120s (custom)
2019-10-18 11:52:15,438 [pool-197-thread-1] INFO  server.RaftServerConfigKeys (ConfUtils.java:logGet(43)) - raft.server.sleep.deviation.threshold = 300 (default)
2019-10-18 11:52:15,438 [pool-197-thread-1] INFO  server.RaftServerConfigKeys (ConfUtils.java:logGet(43)) - raft.server.log.appender.install.snapshot.enabled = false (custom)
2019-10-18 11:52:15,438 [pool-197-thread-1] INFO  impl.RaftServerImpl (ServerState.java:<init>(103)) - 485ee567-9abe-4993-b798-ae6e4b1ba013@group-291E399AA143: ConfigurationManager, init=-1: [485ee567-9abe-4993-b798-ae6e4b1ba013:192.168.34.5:43226, f6457e38-f2bb-4d30-b8b7-4f0ed3f93aea:192.168.34.5:40789, 0616bf17-8096-425b-81d5-680d73392260:192.168.34.5:33207], old=null, confs=<EMPTY_MAP>
2019-10-18 11:52:15,438 [pool-197-thread-1] INFO  server.RaftServerConfigKeys (ConfUtils.java:logGet(43)) - raft.server.storage.dir = [/workdir/hadoop-ozone/ozonefs/target/test-dir/MiniOzoneClusterImpl-e8cad9af-dab6-422c-b187-d20201875e57/datanode-2/data/ratis] (custom)
2019-10-18 11:52:15,439 [pool-197-thread-1] INFO  server.RaftServerConfigKeys (ConfUtils.java:logGet(43)) - raft.server.log.corruption.policy = EXCEPTION (default)
2019-10-18 11:52:15,439 [pool-197-thread-1] INFO  storage.RaftStorageDirectory (RaftStorageDirectory.java:analyzeStorage(246)) - The storage directory /workdir/hadoop-ozone/ozonefs/target/test-dir/MiniOzoneClusterImpl-e8cad9af-dab6-422c-b187-d20201875e57/datanode-2/data/ratis/f322870d-8908-4e04-877f-291e399aa143 does not exist. Creating ...
2019-10-18 11:52:16,898 [pool-197-thread-1] INFO  storage.RaftStorageDirectory (RaftStorageDirectory.java:tryLock(328)) - Lock on /workdir/hadoop-ozone/ozonefs/target/test-dir/MiniOzoneClusterImpl-e8cad9af-dab6-422c-b187-d20201875e57/datanode-2/data/ratis/f322870d-8908-4e04-877f-291e399aa143/in_use.lock acquired by nodename 5968@pr-hdds-2208-pnh8d-353521125
2019-10-18 11:52:18,790 [pool-197-thread-1] INFO  storage.RaftStorage (RaftStorage.java:format(84)) - Storage directory /workdir/hadoop-ozone/ozonefs/target/test-dir/MiniOzoneClusterImpl-e8cad9af-dab6-422c-b187-d20201875e57/datanode-2/data/ratis/f322870d-8908-4e04-877f-291e399aa143 has been successfully formatted.
2019-10-18 11:52:18,791 [pool-197-thread-1] INFO  ratis.ContainerStateMachine (ContainerStateMachine.java:loadSnapshot(231)) - group-291E399AA143: The snapshot info is null. Setting the last applied indexto:(t:0, i:~)
2019-10-18 11:52:18,791 [pool-197-thread-1] INFO  server.RaftServerConfigKeys (ConfUtils.java:logGet(43)) - raft.server.notification.no-leader.timeout = 120s (custom)
2019-10-18 11:52:18,791 [pool-197-thread-1] INFO  server.RaftServerConfigKeys (ConfUtils.java:logGet(43)) - raft.server.log.use.memory = false (default)
2019-10-18 11:52:18,791 [pool-197-thread-1] INFO  server.RaftServerConfigKeys (ConfUtils.java:logGet(43)) - raft.server.log.purge.gap = 1000000 (custom)
2019-10-18 11:52:18,792 [pool-197-thread-1] INFO  server.RaftServerConfigKeys (ConfUtils.java:logGet(43)) - raft.server.log.appender.buffer.byte-limit = 33554432 (custom)
2019-10-18 11:52:18,792 [pool-197-thread-1] INFO  server.RaftServerConfigKeys (ConfUtils.java:logGet(43)) - raft.server.log.segment.size.max = 1048576 (custom)
2019-10-18 11:52:18,792 [pool-197-thread-1] INFO  server.RaftServerConfigKeys (ConfUtils.java:logGet(43)) - raft.server.log.segment.cache.num.max = 2 (custom)
2019-10-18 11:52:18,792 [pool-197-thread-1] INFO  segmented.SegmentedRaftLogWorker (SegmentedRaftLogWorker.java:<init>(173)) - new 485ee567-9abe-4993-b798-ae6e4b1ba013@group-291E399AA143-SegmentedRaftLogWorker for RaftStorage:Storage Directory /workdir/hadoop-ozone/ozonefs/target/test-dir/MiniOzoneClusterImpl-e8cad9af-dab6-422c-b187-d20201875e57/datanode-2/data/ratis/f322870d-8908-4e04-877f-291e399aa143
2019-10-18 11:52:18,792 [pool-197-thread-1] INFO  server.RaftServerConfigKeys (ConfUtils.java:logGet(43)) - raft.server.log.queue.byte-limit = 2147483647 (custom)
2019-10-18 11:52:18,792 [pool-197-thread-1] INFO  server.RaftServerConfigKeys (ConfUtils.java:logGet(43)) - raft.server.log.queue.element-limit = 1024 (custom)
2019-10-18 11:52:18,792 [pool-197-thread-1] INFO  server.RaftServerConfigKeys (ConfUtils.java:logGet(43)) - raft.server.log.segment.size.max = 1048576 (custom)
2019-10-18 11:52:18,793 [pool-197-thread-1] INFO  server.RaftServerConfigKeys (ConfUtils.java:logGet(43)) - raft.server.log.preallocated.size = 16384 (custom)
2019-10-18 11:52:18,793 [pool-197-thread-1] INFO  server.RaftServerConfigKeys (ConfUtils.java:logGet(43)) - raft.server.log.write.buffer.size = 33554432 (custom)
2019-10-18 11:52:18,793 [pool-197-thread-1] INFO  server.RaftServerConfigKeys (ConfUtils.java:logGet(43)) - raft.server.log.force.sync.num = 128 (default)
2019-10-18 11:52:18,793 [pool-197-thread-1] INFO  server.RaftServerConfigKeys (ConfUtils.java:logGet(43)) - raft.server.log.statemachine.data.sync = true (default)
2019-10-18 11:52:18,793 [pool-197-thread-1] INFO  server.RaftServerConfigKeys (ConfUtils.java:logGet(43)) - raft.server.log.statemachine.data.sync.timeout = 10s (default)
2019-10-18 11:52:18,793 [pool-197-thread-1] INFO  server.RaftServerConfigKeys (ConfUtils.java:logGet(43)) - raft.server.log.statemachine.data.sync.timeout.retry = -1 (default)
2019-10-18 11:52:18,793 [pool-197-thread-1] INFO  server.RaftServerConfigKeys (ConfUtils.java:logGet(43)) - raft.server.log.statemachine.data.caching.enabled = true (custom)
2019-10-18 11:52:18,794 [pool-197-thread-1] INFO  segmented.SegmentedRaftLogWorker (SegmentedRaftLogWorker.java:lambda$new$0(128)) - 485ee567-9abe-4993-b798-ae6e4b1ba013@group-291E399AA143-SegmentedRaftLogWorker: flushIndex: setUnconditionally 0 -> -1
2019-10-18 11:52:18,794 [pool-197-thread-1] INFO  server.RaftServerConfigKeys (ConfUtils.java:logGet(43)) - raft.server.snapshot.auto.trigger.enabled = true (custom)
2019-10-18 11:52:18,794 [pool-197-thread-1] INFO  server.RaftServerConfigKeys (ConfUtils.java:logGet(43)) - raft.server.snapshot.auto.trigger.threshold = 10000 (custom)
2019-10-18 11:52:18,795 [pool-197-thread-1] INFO  server.RaftServerConfigKeys (ConfUtils.java:logGet(43)) - raft.server.snapshot.retention.file.num = 5 (custom)
2019-10-18 11:52:18,795 [pool-197-thread-1] INFO  server.RaftServerConfigKeys (ConfUtils.java:logGet(43)) - raft.server.retrycache.expirytime = 600000ms (custom)
2019-10-18 11:52:18,797 [pool-197-thread-1] INFO  impl.RaftServerImpl (RaftServerImpl.java:start(181)) - 485ee567-9abe-4993-b798-ae6e4b1ba013@group-5DFE5784FEF3: start as a follower, conf=-1: [485ee567-9abe-4993-b798-ae6e4b1ba013:192.168.34.5:43226], old=null
2019-10-18 11:52:18,797 [pool-197-thread-1] INFO  impl.RaftServerImpl (RaftServerImpl.java:setRole(170)) - 485ee567-9abe-4993-b798-ae6e4b1ba013@group-5DFE5784FEF3: changes role from      null to FOLLOWER at term 0 for startAsFollower
2019-10-18 11:52:18,798 [pool-197-thread-1] INFO  impl.RoleInfo (RoleInfo.java:updateAndGet(143)) - 485ee567-9abe-4993-b798-ae6e4b1ba013: start FollowerState
2019-10-18 11:52:18,798 [pool-197-thread-1] INFO  util.JmxRegister (JmxRegister.java:tryRegister(44)) - Successfully registered JMX Bean with object name Ratis:service=RaftServer,group=group-5DFE5784FEF3,id=485ee567-9abe-4993-b798-ae6e4b1ba013
2019-10-18 11:52:18,800 [pool-197-thread-1] INFO  impl.RaftServerImpl (RaftServerImpl.java:start(181)) - 485ee567-9abe-4993-b798-ae6e4b1ba013@group-AC1844F6E45B: start as a follower, conf=-1: [485ee567-9abe-4993-b798-ae6e4b1ba013:192.168.34.5:43226, f6457e38-f2bb-4d30-b8b7-4f0ed3f93aea:192.168.34.5:40789, 0616bf17-8096-425b-81d5-680d73392260:192.168.34.5:33207], old=null
2019-10-18 11:52:18,800 [pool-197-thread-1] INFO  impl.RaftServerImpl (RaftServerImpl.java:setRole(170)) - 485ee567-9abe-4993-b798-ae6e4b1ba013@group-AC1844F6E45B: changes role from      null to FOLLOWER at term 0 for startAsFollower
2019-10-18 11:52:18,801 [pool-197-thread-1] INFO  impl.RoleInfo (RoleInfo.java:updateAndGet(143)) - 485ee567-9abe-4993-b798-ae6e4b1ba013: start FollowerState
2019-10-18 11:52:18,801 [pool-197-thread-1] INFO  util.JmxRegister (JmxRegister.java:tryRegister(44)) - Successfully registered JMX Bean with object name Ratis:service=RaftServer,group=group-AC1844F6E45B,id=485ee567-9abe-4993-b798-ae6e4b1ba013
2019-10-18 11:52:18,803 [pool-197-thread-1] INFO  impl.RaftServerImpl (RaftServerImpl.java:start(181)) - 485ee567-9abe-4993-b798-ae6e4b1ba013@group-291E399AA143: start as a follower, conf=-1: [485ee567-9abe-4993-b798-ae6e4b1ba013:192.168.34.5:43226, f6457e38-f2bb-4d30-b8b7-4f0ed3f93aea:192.168.34.5:40789, 0616bf17-8096-425b-81d5-680d73392260:192.168.34.5:33207], old=null
2019-10-18 11:52:18,803 [pool-197-thread-1] INFO  impl.RaftServerImpl (RaftServerImpl.java:setRole(170)) - 485ee567-9abe-4993-b798-ae6e4b1ba013@group-291E399AA143: changes role from      null to FOLLOWER at term 0 for startAsFollower
2019-10-18 11:52:18,803 [pool-197-thread-1] INFO  impl.RoleInfo (RoleInfo.java:updateAndGet(143)) - 485ee567-9abe-4993-b798-ae6e4b1ba013: start FollowerState
2019-10-18 11:52:18,803 [pool-197-thread-1] INFO  util.JmxRegister (JmxRegister.java:tryRegister(44)) - Successfully registered JMX Bean with object name Ratis:service=RaftServer,group=group-291E399AA143,id=485ee567-9abe-4993-b798-ae6e4b1ba013
2019-10-18 11:52:19,343 [Thread-645] INFO  ozoneimpl.OzoneContainer (OzoneContainer.java:stop(227)) - Attempting to stop container services.
2019-10-18 11:52:19,344 [Thread-645] INFO  impl.RaftServerProxy (RaftServerProxy.java:lambda$close$4(314)) - 485ee567-9abe-4993-b798-ae6e4b1ba013: close
2019-10-18 11:52:19,344 [Thread-645] INFO  impl.RaftServerImpl (RaftServerImpl.java:lambda$shutdown$3(247)) - 485ee567-9abe-4993-b798-ae6e4b1ba013@group-5DFE5784FEF3: shutdown
2019-10-18 11:52:19,344 [Thread-645] INFO  util.JmxRegister (JmxRegister.java:unregister(73)) - Successfully un-registered JMX Bean with object name Ratis:service=RaftServer,group=group-5DFE5784FEF3,id=485ee567-9abe-4993-b798-ae6e4b1ba013
2019-10-18 11:52:19,344 [ForkJoinPool.commonPool-worker-1] INFO  impl.RaftServerImpl (RaftServerImpl.java:lambda$shutdown$3(247)) - 485ee567-9abe-4993-b798-ae6e4b1ba013@group-396559400E54: shutdown
2019-10-18 11:52:19,344 [Thread-645] INFO  impl.RoleInfo (RoleInfo.java:shutdownFollowerState(121)) - 485ee567-9abe-4993-b798-ae6e4b1ba013: shutdown FollowerState
2019-10-18 11:52:19,345 [ForkJoinPool.commonPool-worker-1] INFO  util.JmxRegister (JmxRegister.java:unregister(73)) - Successfully un-registered JMX Bean with object name Ratis:service=RaftServer,group=group-396559400E54,id=485ee567-9abe-4993-b798-ae6e4b1ba013
2019-10-18 11:52:19,345 [Thread-862] INFO  impl.FollowerState (FollowerState.java:run(117)) - 485ee567-9abe-4993-b798-ae6e4b1ba013@group-5DFE5784FEF3-FollowerState was interrupted: java.lang.InterruptedException: sleep interrupted
2019-10-18 11:52:19,345 [Thread-645] INFO  impl.StateMachineUpdater (StateMachineUpdater.java:stopAndJoin(136)) - 485ee567-9abe-4993-b798-ae6e4b1ba013@group-5DFE5784FEF3-StateMachineUpdater: set stopIndex = -1
2019-10-18 11:52:19,347 [Thread-645] INFO  impl.RaftServerImpl (ServerState.java:close(387)) - 485ee567-9abe-4993-b798-ae6e4b1ba013@group-5DFE5784FEF3: closes. applyIndex: -1
2019-10-18 11:52:19,345 [ForkJoinPool.commonPool-worker-1] INFO  impl.RoleInfo (RoleInfo.java:shutdownLeaderState(104)) - 485ee567-9abe-4993-b798-ae6e4b1ba013: shutdown LeaderState
2019-10-18 11:52:19,347 [485ee567-9abe-4993-b798-ae6e4b1ba013@group-5DFE5784FEF3-SegmentedRaftLogWorker] INFO  segmented.SegmentedRaftLogWorker (SegmentedRaftLogWorker.java:run(316)) - 485ee567-9abe-4993-b798-ae6e4b1ba013@group-5DFE5784FEF3-SegmentedRaftLogWorker was interrupted, exiting. There are 0 tasks remaining in the queue.
2019-10-18 11:52:19,347 [ForkJoinPool.commonPool-worker-1] INFO  impl.PendingRequests (PendingRequests.java:sendNotLeaderResponses(202)) - 485ee567-9abe-4993-b798-ae6e4b1ba013@group-396559400E54-PendingRequests: sendNotLeaderResponses
2019-10-18 11:52:19,347 [Thread-645] INFO  segmented.SegmentedRaftLogWorker (SegmentedRaftLogWorker.java:close(224)) - 485ee567-9abe-4993-b798-ae6e4b1ba013@group-5DFE5784FEF3-SegmentedRaftLogWorker close()
2019-10-18 11:52:19,348 [ForkJoinPool.commonPool-worker-1] INFO  impl.StateMachineUpdater (StateMachineUpdater.java:stopAndJoin(136)) - 485ee567-9abe-4993-b798-ae6e4b1ba013@group-396559400E54-StateMachineUpdater: set stopIndex = 0
2019-10-18 11:52:19,348 [Thread-645] INFO  impl.RaftServerImpl (RaftServerImpl.java:lambda$shutdown$3(247)) - 485ee567-9abe-4993-b798-ae6e4b1ba013@group-AB43153E8CA6: shutdown
2019-10-18 11:52:19,349 [Thread-645] INFO  util.JmxRegister (JmxRegister.java:unregister(73)) - Successfully un-registered JMX Bean with object name Ratis:service=RaftServer,group=group-AB43153E8CA6,id=485ee567-9abe-4993-b798-ae6e4b1ba013
2019-10-18 11:52:19,349 [Thread-645] INFO  impl.RoleInfo (RoleInfo.java:shutdownFollowerState(121)) - 485ee567-9abe-4993-b798-ae6e4b1ba013: shutdown FollowerState
2019-10-18 11:52:19,349 [ForkJoinPool.commonPool-worker-1] INFO  impl.RaftServerImpl (ServerState.java:close(387)) - 485ee567-9abe-4993-b798-ae6e4b1ba013@group-396559400E54: closes. applyIndex: 0
2019-10-18 11:52:19,349 [Thread-645] INFO  impl.StateMachineUpdater (StateMachineUpdater.java:stopAndJoin(136)) - 485ee567-9abe-4993-b798-ae6e4b1ba013@group-AB43153E8CA6-StateMachineUpdater: set stopIndex = -1
2019-10-18 11:52:19,350 [485ee567-9abe-4993-b798-ae6e4b1ba013@group-396559400E54-SegmentedRaftLogWorker] INFO  segmented.SegmentedRaftLogWorker (SegmentedRaftLogWorker.java:run(316)) - 485ee567-9abe-4993-b798-ae6e4b1ba013@group-396559400E54-SegmentedRaftLogWorker was interrupted, exiting. There are 0 tasks remaining in the queue.
2019-10-18 11:52:19,350 [Thread-859] INFO  impl.FollowerState (FollowerState.java:run(117)) - 485ee567-9abe-4993-b798-ae6e4b1ba013@group-AB43153E8CA6-FollowerState was interrupted: java.lang.InterruptedException: sleep interrupted
2019-10-18 11:52:19,350 [Thread-645] INFO  impl.RaftServerImpl (ServerState.java:close(387)) - 485ee567-9abe-4993-b798-ae6e4b1ba013@group-AB43153E8CA6: closes. applyIndex: -1
2019-10-18 11:52:19,352 [ForkJoinPool.commonPool-worker-1] INFO  segmented.SegmentedRaftLogWorker (SegmentedRaftLogWorker.java:close(224)) - 485ee567-9abe-4993-b798-ae6e4b1ba013@group-396559400E54-SegmentedRaftLogWorker close()
2019-10-18 11:52:19,352 [485ee567-9abe-4993-b798-ae6e4b1ba013@group-AB43153E8CA6-SegmentedRaftLogWorker] INFO  segmented.SegmentedRaftLogWorker (SegmentedRaftLogWorker.java:run(316)) - 485ee567-9abe-4993-b798-ae6e4b1ba013@group-AB43153E8CA6-SegmentedRaftLogWorker was interrupted, exiting. There are 0 tasks remaining in the queue.
2019-10-18 11:52:19,353 [Thread-645] INFO  segmented.SegmentedRaftLogWorker (SegmentedRaftLogWorker.java:close(224)) - 485ee567-9abe-4993-b798-ae6e4b1ba013@group-AB43153E8CA6-SegmentedRaftLogWorker close()
2019-10-18 11:52:19,353 [ForkJoinPool.commonPool-worker-1] INFO  impl.RaftServerImpl (RaftServerImpl.java:lambda$shutdown$3(247)) - 485ee567-9abe-4993-b798-ae6e4b1ba013@group-291E399AA143: shutdown
2019-10-18 11:52:19,354 [Thread-645] INFO  impl.RaftServerImpl (RaftServerImpl.java:lambda$shutdown$3(247)) - 485ee567-9abe-4993-b798-ae6e4b1ba013@group-AC1844F6E45B: shutdown
2019-10-18 11:52:19,354 [ForkJoinPool.commonPool-worker-1] INFO  util.JmxRegister (JmxRegister.java:unregister(73)) - Successfully un-registered JMX Bean with object name Ratis:service=RaftServer,group=group-291E399AA143,id=485ee567-9abe-4993-b798-ae6e4b1ba013
2019-10-18 11:52:19,354 [Thread-645] INFO  util.JmxRegister (JmxRegister.java:unregister(73)) - Successfully un-registered JMX Bean with object name Ratis:service=RaftServer,group=group-AC1844F6E45B,id=485ee567-9abe-4993-b798-ae6e4b1ba013
2019-10-18 11:52:19,354 [Thread-645] INFO  impl.RoleInfo (RoleInfo.java:shutdownFollowerState(121)) - 485ee567-9abe-4993-b798-ae6e4b1ba013: shutdown FollowerState
2019-10-18 11:52:19,354 [ForkJoinPool.commonPool-worker-1] INFO  impl.RoleInfo (RoleInfo.java:shutdownFollowerState(121)) - 485ee567-9abe-4993-b798-ae6e4b1ba013: shutdown FollowerState
2019-10-18 11:52:19,354 [Thread-864] INFO  impl.FollowerState (FollowerState.java:run(117)) - 485ee567-9abe-4993-b798-ae6e4b1ba013@group-AC1844F6E45B-FollowerState was interrupted: java.lang.InterruptedException: sleep interrupted
2019-10-18 11:52:19,354 [Thread-645] INFO  impl.StateMachineUpdater (StateMachineUpdater.java:stopAndJoin(136)) - 485ee567-9abe-4993-b798-ae6e4b1ba013@group-AC1844F6E45B-StateMachineUpdater: set stopIndex = -1
2019-10-18 11:52:19,359 [Thread-645] INFO  impl.RaftServerImpl (ServerState.java:close(387)) - 485ee567-9abe-4993-b798-ae6e4b1ba013@group-AC1844F6E45B: closes. applyIndex: -1
2019-10-18 11:52:19,355 [Thread-866] INFO  impl.FollowerState (FollowerState.java:run(117)) - 485ee567-9abe-4993-b798-ae6e4b1ba013@group-291E399AA143-FollowerState was interrupted: java.lang.InterruptedException: sleep interrupted
2019-10-18 11:52:19,355 [ForkJoinPool.commonPool-worker-1] INFO  impl.StateMachineUpdater (StateMachineUpdater.java:stopAndJoin(136)) - 485ee567-9abe-4993-b798-ae6e4b1ba013@group-291E399AA143-StateMachineUpdater: set stopIndex = -1
2019-10-18 11:52:19,359 [485ee567-9abe-4993-b798-ae6e4b1ba013@group-AC1844F6E45B-SegmentedRaftLogWorker] INFO  segmented.SegmentedRaftLogWorker (SegmentedRaftLogWorker.java:run(316)) - 485ee567-9abe-4993-b798-ae6e4b1ba013@group-AC1844F6E45B-SegmentedRaftLogWorker was interrupted, exiting. There are 0 tasks remaining in the queue.
2019-10-18 11:52:19,360 [ForkJoinPool.commonPool-worker-1] INFO  impl.RaftServerImpl (ServerState.java:close(387)) - 485ee567-9abe-4993-b798-ae6e4b1ba013@group-291E399AA143: closes. applyIndex: -1
2019-10-18 11:52:19,360 [Thread-645] INFO  segmented.SegmentedRaftLogWorker (SegmentedRaftLogWorker.java:close(224)) - 485ee567-9abe-4993-b798-ae6e4b1ba013@group-AC1844F6E45B-SegmentedRaftLogWorker close()
2019-10-18 11:52:19,361 [485ee567-9abe-4993-b798-ae6e4b1ba013@group-291E399AA143-SegmentedRaftLogWorker] INFO  segmented.SegmentedRaftLogWorker (SegmentedRaftLogWorker.java:run(316)) - 485ee567-9abe-4993-b798-ae6e4b1ba013@group-291E399AA143-SegmentedRaftLogWorker was interrupted, exiting. There are 0 tasks remaining in the queue.
2019-10-18 11:52:19,361 [ForkJoinPool.commonPool-worker-1] INFO  segmented.SegmentedRaftLogWorker (SegmentedRaftLogWorker.java:close(224)) - 485ee567-9abe-4993-b798-ae6e4b1ba013@group-291E399AA143-SegmentedRaftLogWorker close()
2019-10-18 11:52:19,363 [Thread-645] INFO  server.GrpcService (GrpcService.java:closeImpl(164)) - 485ee567-9abe-4993-b798-ae6e4b1ba013: shutdown server with port 43226 now
2019-10-18 11:52:19,364 [Thread-645] INFO  server.GrpcService (GrpcService.java:closeImpl(172)) - 485ee567-9abe-4993-b798-ae6e4b1ba013: shutdown server with port 43226 successfully
2019-10-18 11:52:19,366 [refreshUsed-/workdir/hadoop-ozone/ozonefs/target/test-dir/MiniOzoneClusterImpl-e8cad9af-dab6-422c-b187-d20201875e57/datanode-2/data/containers] WARN  fs.CachingGetSpaceUsed (CachingGetSpaceUsed.java:run(183)) - Thread Interrupted waiting to refresh disk information: sleep interrupted
2019-10-18 11:52:19,383 [Thread-645] INFO  utils.BackgroundService (BackgroundService.java:shutdown(151)) - Shutting down service BlockDeletingService
2019-10-18 11:52:19,386 [Thread-645] INFO  statemachine.DatanodeStateMachine (DatanodeStateMachine.java:stopDaemon(395)) - Ozone container server stopped.
2019-10-18 11:52:19,387 [Thread-645] INFO  handler.ContextHandler (ContextHandler.java:doStop(910)) - Stopped o.e.j.w.WebAppContext@2390f1a5{/,null,UNAVAILABLE}{/hddsDatanode}
2019-10-18 11:52:19,388 [Thread-645] INFO  server.AbstractConnector (AbstractConnector.java:doStop(318)) - Stopped ServerConnector@508e0ad0{HTTP/1.1,[http/1.1]}{0.0.0.0:0}
2019-10-18 11:52:19,389 [Thread-645] INFO  handler.ContextHandler (ContextHandler.java:doStop(910)) - Stopped o.e.j.s.ServletContextHandler@7ccba36f{/static,jar:file:/home/user/.m2/repository/org/apache/hadoop/hadoop-hdds-container-service/0.5.0-SNAPSHOT/hadoop-hdds-container-service-0.5.0-SNAPSHOT.jar!/webapps/static,UNAVAILABLE}
2019-10-18 11:52:19,389 [Thread-645] INFO  handler.ContextHandler (ContextHandler.java:doStop(910)) - Stopped o.e.j.s.ServletContextHandler@488eb16c{/logs,file:///workdir/hadoop-ozone/ozonefs/target/log,UNAVAILABLE}
2019-10-18 11:52:19,390 [Thread-645] INFO  ozone.MiniOzoneClusterImpl (MiniOzoneClusterImpl.java:stopSCM(392)) - Stopping the StorageContainerManager
2019-10-18 11:52:19,390 [Thread-645] INFO  server.StorageContainerManager (StorageContainerManager.java:stop(810)) - Stopping Replication Manager Service.
2019-10-18 11:52:19,390 [Thread-645] INFO  container.ReplicationManager (ReplicationManager.java:stop(203)) - Stopping Replication Monitor Thread.
2019-10-18 11:52:19,390 [Thread-645] INFO  server.StorageContainerManager (StorageContainerManager.java:stop(817)) - Stopping Lease Manager of the command watchers
2019-10-18 11:52:19,390 [Thread-645] INFO  server.StorageContainerManager (StorageContainerManager.java:stop(824)) - Stopping datanode service RPC server
2019-10-18 11:52:19,390 [Thread-645] INFO  server.SCMDatanodeProtocolServer (SCMDatanodeProtocolServer.java:stop(346)) - Stopping the RPC server for DataNodes
2019-10-18 11:52:19,390 [Thread-645] INFO  ipc.Server (Server.java:stop(3082)) - Stopping server on 44343
2019-10-18 11:52:19,392 [IPC Server listener on 44343] INFO  ipc.Server (Server.java:run(1185)) - Stopping IPC Server listener on 44343
2019-10-18 11:52:19,393 [IPC Server Responder] INFO  ipc.Server (Server.java:run(1319)) - Stopping IPC Server Responder
2019-10-18 11:52:19,421 [SCM Heartbeat Processing Thread - 0] WARN  node.NodeStateManager (NodeStateManager.java:scheduleNextHealthCheck(646)) - Current Thread is interrupted, shutting down HB processing thread for Node Manager.
2019-10-18 11:52:19,421 [Thread-645] INFO  server.StorageContainerManager (StorageContainerManager.java:stop(832)) - Stopping block service RPC server
2019-10-18 11:52:19,421 [Thread-645] INFO  server.SCMBlockProtocolServer (SCMBlockProtocolServer.java:stop(155)) - Stopping the RPC server for Block Protocol
2019-10-18 11:52:19,421 [Thread-645] INFO  ipc.Server (Server.java:stop(3082)) - Stopping server on 36188
2019-10-18 11:52:19,423 [Thread-645] INFO  server.StorageContainerManager (StorageContainerManager.java:stop(839)) - Stopping the StorageContainerLocationProtocol RPC server
2019-10-18 11:52:19,423 [IPC Server listener on 36188] INFO  ipc.Server (Server.java:run(1185)) - Stopping IPC Server listener on 36188
2019-10-18 11:52:19,423 [Thread-645] INFO  server.SCMClientProtocolServer (SCMClientProtocolServer.java:stop(168)) - Stopping the RPC server for Client Protocol
2019-10-18 11:52:19,423 [Thread-645] INFO  ipc.Server (Server.java:stop(3082)) - Stopping server on 41579
2019-10-18 11:52:19,423 [IPC Server Responder] INFO  ipc.Server (Server.java:run(1319)) - Stopping IPC Server Responder
2019-10-18 11:52:19,426 [Thread-645] INFO  server.StorageContainerManager (StorageContainerManager.java:stop(846)) - Stopping Storage Container Manager HTTP server.
2019-10-18 11:52:19,427 [IPC Server listener on 41579] INFO  ipc.Server (Server.java:run(1185)) - Stopping IPC Server listener on 41579
2019-10-18 11:52:19,427 [IPC Server Responder] INFO  ipc.Server (Server.java:run(1319)) - Stopping IPC Server Responder
2019-10-18 11:52:19,428 [Thread-645] INFO  handler.ContextHandler (ContextHandler.java:doStop(910)) - Stopped o.e.j.w.WebAppContext@10a19713{/,null,UNAVAILABLE}{/scm}
2019-10-18 11:52:19,430 [Thread-645] INFO  server.AbstractConnector (AbstractConnector.java:doStop(318)) - Stopped ServerConnector@7436fe95{HTTP/1.1,[http/1.1]}{0.0.0.0:0}
2019-10-18 11:52:19,430 [Thread-645] INFO  handler.ContextHandler (ContextHandler.java:doStop(910)) - Stopped o.e.j.s.ServletContextHandler@2dc3ba5f{/static,jar:file:/home/user/.m2/repository/org/apache/hadoop/hadoop-hdds-server-scm/0.5.0-SNAPSHOT/hadoop-hdds-server-scm-0.5.0-SNAPSHOT.jar!/webapps/static,UNAVAILABLE}
2019-10-18 11:52:19,430 [Thread-645] INFO  handler.ContextHandler (ContextHandler.java:doStop(910)) - Stopped o.e.j.s.ServletContextHandler@2fb6ca14{/logs,file:///workdir/hadoop-ozone/ozonefs/target/log,UNAVAILABLE}
2019-10-18 11:52:19,432 [Thread-645] INFO  server.StorageContainerManager (StorageContainerManager.java:stop(857)) - Stopping Block Manager Service.
2019-10-18 11:52:19,432 [Thread-645] INFO  utils.BackgroundService (BackgroundService.java:shutdown(151)) - Shutting down service SCMBlockDeletingService
2019-10-18 11:52:19,432 [Thread-645] INFO  utils.BackgroundService (BackgroundService.java:shutdown(151)) - Shutting down service SCMBlockDeletingService
2019-10-18 11:52:19,433 [Thread-645] INFO  server.StorageContainerManager (StorageContainerManager.java:stop(879)) - Stopping SCM Event Queue.
2019-10-18 11:52:19,437 [Thread-645] INFO  impl.MetricsSystemImpl (MetricsSystemImpl.java:stop(210)) - Stopping HddsDatanode metrics system...
2019-10-18 11:52:19,440 [Thread-645] INFO  impl.MetricsSystemImpl (MetricsSystemImpl.java:stop(216)) - HddsDatanode metrics system stopped.
]]></system-out>
  </testcase>
  <testcase name="testCreateDoesNotAddParentDirKeys" classname="org.apache.hadoop.fs.ozone.TestOzoneFileSystem" time="92.944">
    <error message="Allocated 0 blocks. Requested 1 blocks" type="INTERNAL_ERROR org.apache.hadoop.ozone.om.exceptions.OMException">INTERNAL_ERROR org.apache.hadoop.ozone.om.exceptions.OMException: Allocated 0 blocks. Requested 1 blocks
	at org.apache.hadoop.ozone.om.protocolPB.OzoneManagerProtocolClientSideTranslatorPB.handleError(OzoneManagerProtocolClientSideTranslatorPB.java:732)
	at org.apache.hadoop.ozone.om.protocolPB.OzoneManagerProtocolClientSideTranslatorPB.createFile(OzoneManagerProtocolClientSideTranslatorPB.java:1536)
	at sun.reflect.NativeMethodAccessorImpl.invoke0(Native Method)
	at sun.reflect.NativeMethodAccessorImpl.invoke(NativeMethodAccessorImpl.java:62)
	at sun.reflect.DelegatingMethodAccessorImpl.invoke(DelegatingMethodAccessorImpl.java:43)
	at java.lang.reflect.Method.invoke(Method.java:498)
	at org.apache.hadoop.hdds.tracing.TraceAllMethod.invoke(TraceAllMethod.java:66)
	at com.sun.proxy.$Proxy38.createFile(Unknown Source)
	at org.apache.hadoop.ozone.client.rpc.RpcClient.createFile(RpcClient.java:1006)
	at org.apache.hadoop.ozone.client.OzoneBucket.createFile(OzoneBucket.java:537)
	at org.apache.hadoop.fs.ozone.BasicOzoneClientAdapterImpl.createFile(BasicOzoneClientAdapterImpl.java:208)
	at org.apache.hadoop.fs.ozone.BasicOzoneFileSystem.createOutputStream(BasicOzoneFileSystem.java:250)
	at org.apache.hadoop.fs.ozone.BasicOzoneFileSystem.create(BasicOzoneFileSystem.java:231)
	at org.apache.hadoop.fs.FileSystem.create(FileSystem.java:1118)
	at org.apache.hadoop.fs.FileSystem.create(FileSystem.java:1098)
	at org.apache.hadoop.fs.FileSystem.create(FileSystem.java:987)
	at org.apache.hadoop.fs.contract.ContractTestUtils.createFile(ContractTestUtils.java:633)
	at org.apache.hadoop.fs.contract.ContractTestUtils.touch(ContractTestUtils.java:669)
	at org.apache.hadoop.fs.ozone.TestOzoneFileSystem.testCreateDoesNotAddParentDirKeys(TestOzoneFileSystem.java:110)
	at sun.reflect.NativeMethodAccessorImpl.invoke0(Native Method)
	at sun.reflect.NativeMethodAccessorImpl.invoke(NativeMethodAccessorImpl.java:62)
	at sun.reflect.DelegatingMethodAccessorImpl.invoke(DelegatingMethodAccessorImpl.java:43)
	at java.lang.reflect.Method.invoke(Method.java:498)
	at org.junit.runners.model.FrameworkMethod$1.runReflectiveCall(FrameworkMethod.java:47)
	at org.junit.internal.runners.model.ReflectiveCallable.run(ReflectiveCallable.java:12)
	at org.junit.runners.model.FrameworkMethod.invokeExplosively(FrameworkMethod.java:44)
	at org.junit.internal.runners.statements.InvokeMethod.evaluate(InvokeMethod.java:17)
	at org.junit.internal.runners.statements.RunBefores.evaluate(RunBefores.java:26)
	at org.junit.internal.runners.statements.RunAfters.evaluate(RunAfters.java:27)
	at org.junit.internal.runners.statements.FailOnTimeout$StatementThread.run(FailOnTimeout.java:74)
</error>
    <system-out><![CDATA[2019-10-18 11:52:20,555 [Thread-868] WARN  server.ServerUtils (ServerUtils.java:getScmDbDir(145)) - ozone.scm.db.dirs is not configured. We recommend adding this setting. Falling back to ozone.metadata.dirs instead.
2019-10-18 11:52:21,581 [Thread-868] WARN  server.ServerUtils (ServerUtils.java:getScmDbDir(145)) - ozone.scm.db.dirs is not configured. We recommend adding this setting. Falling back to ozone.metadata.dirs instead.
2019-10-18 11:52:21,582 [Thread-868] WARN  server.ServerUtils (ServerUtils.java:getScmDbDir(145)) - ozone.scm.db.dirs is not configured. We recommend adding this setting. Falling back to ozone.metadata.dirs instead.
2019-10-18 11:52:21,583 [Thread-868] INFO  db.DBStoreBuilder (DBStoreBuilder.java:addTable(117)) - using custom profile for table: deletedBlocks
2019-10-18 11:52:21,583 [Thread-868] INFO  db.DBStoreBuilder (DBStoreBuilder.java:processTables(168)) - Using default column profile:DBProfile.DISK for Table:deletedBlocks
2019-10-18 11:52:21,583 [Thread-868] INFO  db.DBStoreBuilder (DBStoreBuilder.java:addTable(117)) - using custom profile for table: validCerts
2019-10-18 11:52:21,584 [Thread-868] INFO  db.DBStoreBuilder (DBStoreBuilder.java:processTables(168)) - Using default column profile:DBProfile.DISK for Table:validCerts
2019-10-18 11:52:21,584 [Thread-868] INFO  db.DBStoreBuilder (DBStoreBuilder.java:addTable(117)) - using custom profile for table: revokedCerts
2019-10-18 11:52:21,584 [Thread-868] INFO  db.DBStoreBuilder (DBStoreBuilder.java:processTables(168)) - Using default column profile:DBProfile.DISK for Table:revokedCerts
2019-10-18 11:52:21,584 [Thread-868] INFO  db.DBStoreBuilder (DBStoreBuilder.java:addTable(117)) - using custom profile for table: default
2019-10-18 11:52:21,585 [Thread-868] INFO  db.DBStoreBuilder (DBStoreBuilder.java:processTables(174)) - Using default column profile:DBProfile.DISK for Table:default
2019-10-18 11:52:21,585 [Thread-868] INFO  db.DBStoreBuilder (DBStoreBuilder.java:getDbProfile(205)) - Using default options. DBProfile.DISK
2019-10-18 11:52:47,004 [Thread-868] INFO  net.NodeSchemaLoader (NodeSchemaLoader.java:loadSchemaFromFile(125)) - Loading file from sun.misc.CompoundEnumeration@32bb8219
2019-10-18 11:52:47,005 [Thread-868] INFO  net.NodeSchemaLoader (NodeSchemaLoader.java:loadSchema(171)) - Loading network topology layer schema file
2019-10-18 11:52:47,012 [Thread-868] WARN  server.ServerUtils (ServerUtils.java:sanitizeUserArgs(70)) - ozone.scm.stale.node.interval value = 300000 is larger than max = 100000 based on the key value of ozone.scm.heartbeat.thread.interval, reset to the max value 100000.
2019-10-18 11:52:47,012 [Thread-868] WARN  server.ServerUtils (ServerUtils.java:sanitizeUserArgs(70)) - ozone.scm.stale.node.interval value = 300000 is larger than max = 100000 based on the key value of ozone.scm.heartbeat.thread.interval, reset to the max value 100000.
2019-10-18 11:52:47,012 [Thread-868] INFO  node.SCMNodeManager (SCMNodeManager.java:<init>(116)) - Entering startup safe mode.
2019-10-18 11:52:47,013 [Thread-868] INFO  algorithms.ContainerPlacementPolicyFactory (ContainerPlacementPolicyFactory.java:getPolicy(57)) - Create container placement policy of type org.apache.hadoop.hdds.scm.container.placement.algorithms.SCMContainerPlacementRandom
2019-10-18 11:52:47,014 [Thread-868] WARN  server.ServerUtils (ServerUtils.java:getScmDbDir(145)) - ozone.scm.db.dirs is not configured. We recommend adding this setting. Falling back to ozone.metadata.dirs instead.
2019-10-18 11:53:00,756 [Thread-868] INFO  pipeline.SCMPipelineManager (SCMPipelineManager.java:initializePipelineState(132)) - No pipeline exists in current db
2019-10-18 11:53:00,756 [Thread-868] WARN  server.ServerUtils (ServerUtils.java:getScmDbDir(145)) - ozone.scm.db.dirs is not configured. We recommend adding this setting. Falling back to ozone.metadata.dirs instead.
2019-10-18 11:53:09,343 [Thread-868] WARN  events.EventQueue (EventQueue.java:fireEvent(183)) - No event handler registered for event TypedEvent{payloadType=SafeModeStatus, name='SafeModeStatus'}
2019-10-18 11:53:09,345 [Thread-868] INFO  ipc.CallQueueManager (CallQueueManager.java:<init>(84)) - Using callQueue: class java.util.concurrent.LinkedBlockingQueue, queueCapacity: 2000, scheduler: class org.apache.hadoop.ipc.DefaultRpcScheduler, ipcBackoff: false.
2019-10-18 11:53:09,347 [Socket Reader #1 for port 33355] INFO  ipc.Server (Server.java:run(1074)) - Starting Socket Reader #1 for port 33355
2019-10-18 11:53:09,350 [Thread-868] INFO  ipc.CallQueueManager (CallQueueManager.java:<init>(84)) - Using callQueue: class java.util.concurrent.LinkedBlockingQueue, queueCapacity: 2000, scheduler: class org.apache.hadoop.ipc.DefaultRpcScheduler, ipcBackoff: false.
2019-10-18 11:53:09,351 [Socket Reader #1 for port 36153] INFO  ipc.Server (Server.java:run(1074)) - Starting Socket Reader #1 for port 36153
2019-10-18 11:53:09,353 [Thread-868] INFO  ipc.CallQueueManager (CallQueueManager.java:<init>(84)) - Using callQueue: class java.util.concurrent.LinkedBlockingQueue, queueCapacity: 2000, scheduler: class org.apache.hadoop.ipc.DefaultRpcScheduler, ipcBackoff: false.
2019-10-18 11:53:09,354 [Socket Reader #1 for port 41096] INFO  ipc.Server (Server.java:run(1074)) - Starting Socket Reader #1 for port 41096
2019-10-18 11:53:09,357 [Thread-868] INFO  hdfs.DFSUtil (DFSUtil.java:httpServerTemplateForNNAndJN(1641)) - Starting Web-server for scm at: http://0.0.0.0:0
2019-10-18 11:53:09,363 [Thread-868] INFO  server.AuthenticationFilter (AuthenticationFilter.java:constructSecretProvider(240)) - Unable to initialize FileSignerSecretProvider, falling back to use random secrets.
2019-10-18 11:53:09,364 [Thread-868] WARN  http.HttpRequestLog (HttpRequestLog.java:getRequestLog(97)) - Jetty request log can only be enabled using Log4j
2019-10-18 11:53:09,368 [Thread-868] INFO  http.HttpServer2 (HttpServer2.java:addGlobalFilter(975)) - Added global filter 'safety' (class=org.apache.hadoop.http.HttpServer2$QuotingInputFilter)
2019-10-18 11:53:09,369 [Thread-868] INFO  http.HttpServer2 (HttpServer2.java:addFilter(948)) - Added filter static_user_filter (class=org.apache.hadoop.http.lib.StaticUserWebFilter$StaticUserFilter) to context scm
2019-10-18 11:53:09,369 [Thread-868] INFO  http.HttpServer2 (HttpServer2.java:addFilter(958)) - Added filter static_user_filter (class=org.apache.hadoop.http.lib.StaticUserWebFilter$StaticUserFilter) to context static
2019-10-18 11:53:09,370 [Thread-868] INFO  http.HttpServer2 (HttpServer2.java:addFilter(958)) - Added filter static_user_filter (class=org.apache.hadoop.http.lib.StaticUserWebFilter$StaticUserFilter) to context logs
2019-10-18 11:53:09,373 [Thread-868] INFO  server.StorageContainerManager (StorageContainerManager.java:start(772)) - StorageContainerLocationProtocol RPC server is listening at /0.0.0.0:41096
2019-10-18 11:53:09,377 [Thread-868] WARN  impl.MetricsConfig (MetricsConfig.java:loadFirst(134)) - Cannot locate configuration: tried hadoop-metrics2-storagecontainermanager.properties,hadoop-metrics2.properties
2019-10-18 11:53:09,378 [Thread-868] INFO  impl.MetricsSystemImpl (MetricsSystemImpl.java:startTimer(374)) - Scheduled Metric snapshot period at 10 second(s).
2019-10-18 11:53:09,378 [Thread-868] INFO  impl.MetricsSystemImpl (MetricsSystemImpl.java:start(191)) - StorageContainerManager metrics system started
2019-10-18 11:53:09,412 [Thread-868] WARN  impl.MetricsSystemImpl (MetricsSystemImpl.java:register(276)) - Sink prometheus already exists!
2019-10-18 11:53:09,418 [Thread-868] INFO  lib.Interns (Interns.java:removeEldestEntry(50)) - Metrics intern cache overflow at 2011 for MetricsSystem={MetricsSystem=MetricsInfoImpl{name=MetricsSystem, description=MetricsSystem}, MetricsSystem record=MetricsInfoImpl{name=MetricsSystem, description=MetricsSystem record}}
2019-10-18 11:53:09,467 [Thread-868] INFO  server.SCMClientProtocolServer (SCMClientProtocolServer.java:start(159)) - RPC server for Client  is listening at /0.0.0.0:41096
2019-10-18 11:53:09,467 [IPC Server Responder] INFO  ipc.Server (Server.java:run(1314)) - IPC Server Responder: starting
2019-10-18 11:53:09,467 [IPC Server listener on 41096] INFO  ipc.Server (Server.java:run(1153)) - IPC Server listener on 41096: starting
2019-10-18 11:53:09,471 [Thread-868] INFO  server.StorageContainerManager (StorageContainerManager.java:start(782)) - ScmBlockLocationProtocol RPC server is listening at /0.0.0.0:36153
2019-10-18 11:53:09,471 [Thread-868] INFO  server.SCMBlockProtocolServer (SCMBlockProtocolServer.java:start(146)) - RPC server for Block Protocol is listening at /0.0.0.0:36153
2019-10-18 11:53:09,472 [IPC Server Responder] INFO  ipc.Server (Server.java:run(1314)) - IPC Server Responder: starting
2019-10-18 11:53:09,472 [IPC Server listener on 36153] INFO  ipc.Server (Server.java:run(1153)) - IPC Server listener on 36153: starting
2019-10-18 11:53:09,475 [Thread-868] INFO  server.StorageContainerManager (StorageContainerManager.java:start(786)) - ScmDatanodeProtocl RPC server is listening at /0.0.0.0:33355
2019-10-18 11:53:09,475 [Thread-868] INFO  server.SCMDatanodeProtocolServer (SCMDatanodeProtocolServer.java:start(169)) - RPC server for DataNodes is listening at /0.0.0.0:33355
2019-10-18 11:53:09,476 [IPC Server Responder] INFO  ipc.Server (Server.java:run(1314)) - IPC Server Responder: starting
2019-10-18 11:53:09,476 [IPC Server listener on 33355] INFO  ipc.Server (Server.java:run(1153)) - IPC Server listener on 33355: starting
2019-10-18 11:53:09,481 [Thread-868] INFO  http.HttpServer2 (HttpServer2.java:bindListener(1191)) - Jetty bound to port 44681
2019-10-18 11:53:09,481 [Thread-868] INFO  server.Server (Server.java:doStart(351)) - jetty-9.3.25.v20180904, build timestamp: 2018-09-04T21:11:46Z, git hash: 3ce520221d0240229c862b122d2b06c12a625732
2019-10-18 11:53:09,484 [Thread-868] INFO  handler.ContextHandler (ContextHandler.java:doStart(781)) - Started o.e.j.s.ServletContextHandler@696c8b62{/logs,file:///workdir/hadoop-ozone/ozonefs/target/log,AVAILABLE}
2019-10-18 11:53:09,484 [Thread-868] INFO  handler.ContextHandler (ContextHandler.java:doStart(781)) - Started o.e.j.s.ServletContextHandler@607a8238{/static,jar:file:/home/user/.m2/repository/org/apache/hadoop/hadoop-hdds-server-scm/0.5.0-SNAPSHOT/hadoop-hdds-server-scm-0.5.0-SNAPSHOT.jar!/webapps/static,AVAILABLE}
2019-10-18 11:53:09,539 [Thread-868] INFO  handler.ContextHandler (ContextHandler.java:doStart(781)) - Started o.e.j.w.WebAppContext@55ca3f15{/,file:///tmp/jetty-0.0.0.0-44681-scm-_-any-5167579021066606056.dir/webapp/,AVAILABLE}{/scm}
2019-10-18 11:53:09,540 [Thread-868] INFO  server.AbstractConnector (AbstractConnector.java:doStart(278)) - Started ServerConnector@2ec7f871{HTTP/1.1,[http/1.1]}{0.0.0.0:44681}
2019-10-18 11:53:09,542 [Thread-868] INFO  server.Server (Server.java:doStart(419)) - Started @149140ms
2019-10-18 11:53:09,542 [Thread-868] WARN  impl.MetricsSystemImpl (MetricsSystemImpl.java:register(276)) - Sink prometheus already exists!
2019-10-18 11:53:09,545 [Thread-868] INFO  server.BaseHttpServer (BaseHttpServer.java:updateConnectorAddress(215)) - HTTP server of SCM is listening at http://0.0.0.0:44681
2019-10-18 11:53:09,545 [Thread-868] WARN  server.ServerUtils (ServerUtils.java:getDBPath(222)) - ozone.om.db.dirs is not configured. We recommend adding this setting. Falling back to ozone.metadata.dirs instead.
2019-10-18 11:53:09,545 [org.apache.hadoop.util.JvmPauseMonitor$Monitor@778df1cb] INFO  util.JvmPauseMonitor (JvmPauseMonitor.java:run(188)) - Starting JVM pause monitor
2019-10-18 11:53:10,418 [Thread-868] INFO  ha.OMHANodeDetails (OMHANodeDetails.java:loadOMHAConfig(190)) - Configuration either no ozone.om.address set. Falling back to the default OM address /127.0.0.1:0
2019-10-18 11:53:10,418 [Thread-868] INFO  ha.OMHANodeDetails (OMHANodeDetails.java:getOMNodeDetails(220)) - OM Service ID is not set. Setting it to the default ID: omServiceIdDefault
2019-10-18 11:53:10,419 [Thread-868] WARN  server.ServerUtils (ServerUtils.java:getDBPath(222)) - ozone.om.db.dirs is not configured. We recommend adding this setting. Falling back to ozone.metadata.dirs instead.
2019-10-18 11:53:10,419 [Thread-868] WARN  server.ServerUtils (ServerUtils.java:getDBPath(222)) - ozone.om.db.dirs is not configured. We recommend adding this setting. Falling back to ozone.metadata.dirs instead.
2019-10-18 11:53:10,430 [Thread-868] WARN  server.ServerUtils (ServerUtils.java:getDBPath(222)) - ozone.om.db.dirs is not configured. We recommend adding this setting. Falling back to ozone.metadata.dirs instead.
2019-10-18 11:53:10,430 [Thread-868] INFO  db.DBStoreBuilder (DBStoreBuilder.java:addTable(117)) - using custom profile for table: userTable
2019-10-18 11:53:10,430 [Thread-868] INFO  db.DBStoreBuilder (DBStoreBuilder.java:processTables(168)) - Using default column profile:DBProfile.DISK for Table:userTable
2019-10-18 11:53:10,431 [Thread-868] INFO  db.DBStoreBuilder (DBStoreBuilder.java:addTable(117)) - using custom profile for table: volumeTable
2019-10-18 11:53:10,431 [Thread-868] INFO  db.DBStoreBuilder (DBStoreBuilder.java:processTables(168)) - Using default column profile:DBProfile.DISK for Table:volumeTable
2019-10-18 11:53:10,431 [Thread-868] INFO  db.DBStoreBuilder (DBStoreBuilder.java:addTable(117)) - using custom profile for table: bucketTable
2019-10-18 11:53:10,431 [Thread-868] INFO  db.DBStoreBuilder (DBStoreBuilder.java:processTables(168)) - Using default column profile:DBProfile.DISK for Table:bucketTable
2019-10-18 11:53:10,431 [Thread-868] INFO  db.DBStoreBuilder (DBStoreBuilder.java:addTable(117)) - using custom profile for table: keyTable
2019-10-18 11:53:10,432 [Thread-868] INFO  db.DBStoreBuilder (DBStoreBuilder.java:processTables(168)) - Using default column profile:DBProfile.DISK for Table:keyTable
2019-10-18 11:53:10,432 [Thread-868] INFO  db.DBStoreBuilder (DBStoreBuilder.java:addTable(117)) - using custom profile for table: deletedTable
2019-10-18 11:53:10,432 [Thread-868] INFO  db.DBStoreBuilder (DBStoreBuilder.java:processTables(168)) - Using default column profile:DBProfile.DISK for Table:deletedTable
2019-10-18 11:53:10,432 [Thread-868] INFO  db.DBStoreBuilder (DBStoreBuilder.java:addTable(117)) - using custom profile for table: openKeyTable
2019-10-18 11:53:10,432 [Thread-868] INFO  db.DBStoreBuilder (DBStoreBuilder.java:processTables(168)) - Using default column profile:DBProfile.DISK for Table:openKeyTable
2019-10-18 11:53:10,432 [Thread-868] INFO  db.DBStoreBuilder (DBStoreBuilder.java:addTable(117)) - using custom profile for table: s3Table
2019-10-18 11:53:10,433 [Thread-868] INFO  db.DBStoreBuilder (DBStoreBuilder.java:processTables(168)) - Using default column profile:DBProfile.DISK for Table:s3Table
2019-10-18 11:53:10,433 [Thread-868] INFO  db.DBStoreBuilder (DBStoreBuilder.java:addTable(117)) - using custom profile for table: multipartInfoTable
2019-10-18 11:53:10,433 [Thread-868] INFO  db.DBStoreBuilder (DBStoreBuilder.java:processTables(168)) - Using default column profile:DBProfile.DISK for Table:multipartInfoTable
2019-10-18 11:53:10,433 [Thread-868] INFO  db.DBStoreBuilder (DBStoreBuilder.java:addTable(117)) - using custom profile for table: dTokenTable
2019-10-18 11:53:10,433 [Thread-868] INFO  db.DBStoreBuilder (DBStoreBuilder.java:processTables(168)) - Using default column profile:DBProfile.DISK for Table:dTokenTable
2019-10-18 11:53:10,433 [Thread-868] INFO  db.DBStoreBuilder (DBStoreBuilder.java:addTable(117)) - using custom profile for table: s3SecretTable
2019-10-18 11:53:10,434 [Thread-868] INFO  db.DBStoreBuilder (DBStoreBuilder.java:processTables(168)) - Using default column profile:DBProfile.DISK for Table:s3SecretTable
2019-10-18 11:53:10,434 [Thread-868] INFO  db.DBStoreBuilder (DBStoreBuilder.java:addTable(117)) - using custom profile for table: prefixTable
2019-10-18 11:53:10,434 [Thread-868] INFO  db.DBStoreBuilder (DBStoreBuilder.java:processTables(168)) - Using default column profile:DBProfile.DISK for Table:prefixTable
2019-10-18 11:53:10,434 [Thread-868] INFO  db.DBStoreBuilder (DBStoreBuilder.java:addTable(117)) - using custom profile for table: default
2019-10-18 11:53:10,434 [Thread-868] INFO  db.DBStoreBuilder (DBStoreBuilder.java:processTables(174)) - Using default column profile:DBProfile.DISK for Table:default
2019-10-18 11:53:10,434 [Thread-868] INFO  db.DBStoreBuilder (DBStoreBuilder.java:getDbProfile(205)) - Using default options. DBProfile.DISK
2019-10-18 11:53:19,225 [Thread-868] INFO  ipc.CallQueueManager (CallQueueManager.java:<init>(84)) - Using callQueue: class java.util.concurrent.LinkedBlockingQueue, queueCapacity: 2000, scheduler: class org.apache.hadoop.ipc.DefaultRpcScheduler, ipcBackoff: false.
2019-10-18 11:53:19,227 [Socket Reader #1 for port 42634] INFO  ipc.Server (Server.java:run(1074)) - Starting Socket Reader #1 for port 42634
2019-10-18 11:53:19,246 [Thread-868] INFO  om.OzoneManager (OzoneManager.java:start(1071)) - OzoneManager RPC server is listening at localhost/127.0.0.1:42634
2019-10-18 11:53:19,246 [Thread-868] INFO  impl.MetricsSystemImpl (MetricsSystemImpl.java:init(158)) - OzoneManager metrics system started (again)
2019-10-18 11:53:19,247 [IPC Server Responder] INFO  ipc.Server (Server.java:run(1314)) - IPC Server Responder: starting
2019-10-18 11:53:19,247 [IPC Server listener on 42634] INFO  ipc.Server (Server.java:run(1153)) - IPC Server listener on 42634: starting
2019-10-18 11:53:19,253 [Thread-868] INFO  hdfs.DFSUtil (DFSUtil.java:httpServerTemplateForNNAndJN(1641)) - Starting Web-server for ozoneManager at: http://0.0.0.0:0
2019-10-18 11:53:19,256 [Thread-868] INFO  server.AuthenticationFilter (AuthenticationFilter.java:constructSecretProvider(240)) - Unable to initialize FileSignerSecretProvider, falling back to use random secrets.
2019-10-18 11:53:19,256 [Thread-868] WARN  http.HttpRequestLog (HttpRequestLog.java:getRequestLog(97)) - Jetty request log can only be enabled using Log4j
2019-10-18 11:53:19,259 [Thread-868] INFO  http.HttpServer2 (HttpServer2.java:addGlobalFilter(975)) - Added global filter 'safety' (class=org.apache.hadoop.http.HttpServer2$QuotingInputFilter)
2019-10-18 11:53:19,260 [Thread-868] INFO  http.HttpServer2 (HttpServer2.java:addFilter(948)) - Added filter static_user_filter (class=org.apache.hadoop.http.lib.StaticUserWebFilter$StaticUserFilter) to context ozoneManager
2019-10-18 11:53:19,260 [Thread-868] INFO  http.HttpServer2 (HttpServer2.java:addFilter(958)) - Added filter static_user_filter (class=org.apache.hadoop.http.lib.StaticUserWebFilter$StaticUserFilter) to context static
2019-10-18 11:53:19,260 [Thread-868] INFO  http.HttpServer2 (HttpServer2.java:addFilter(958)) - Added filter static_user_filter (class=org.apache.hadoop.http.lib.StaticUserWebFilter$StaticUserFilter) to context logs
2019-10-18 11:53:19,261 [Thread-868] INFO  http.HttpServer2 (HttpServer2.java:bindListener(1191)) - Jetty bound to port 42552
2019-10-18 11:53:19,261 [Thread-868] INFO  server.Server (Server.java:doStart(351)) - jetty-9.3.25.v20180904, build timestamp: 2018-09-04T21:11:46Z, git hash: 3ce520221d0240229c862b122d2b06c12a625732
2019-10-18 11:53:19,263 [Thread-868] INFO  handler.ContextHandler (ContextHandler.java:doStart(781)) - Started o.e.j.s.ServletContextHandler@1487b6ac{/logs,file:///workdir/hadoop-ozone/ozonefs/target/log,AVAILABLE}
2019-10-18 11:53:19,263 [Thread-868] INFO  handler.ContextHandler (ContextHandler.java:doStart(781)) - Started o.e.j.s.ServletContextHandler@6c1ae54b{/static,jar:file:/home/user/.m2/repository/org/apache/hadoop/hadoop-ozone-ozone-manager/0.5.0-SNAPSHOT/hadoop-ozone-ozone-manager-0.5.0-SNAPSHOT.jar!/webapps/static,AVAILABLE}
2019-10-18 11:53:19,324 [Thread-868] INFO  handler.ContextHandler (ContextHandler.java:doStart(781)) - Started o.e.j.w.WebAppContext@1adb1a07{/,file:///tmp/jetty-0.0.0.0-42552-ozoneManager-_-any-7972471891769100973.dir/webapp/,AVAILABLE}{/ozoneManager}
2019-10-18 11:53:19,324 [Thread-868] INFO  server.AbstractConnector (AbstractConnector.java:doStart(278)) - Started ServerConnector@441f1283{HTTP/1.1,[http/1.1]}{0.0.0.0:42552}
2019-10-18 11:53:19,325 [Thread-868] INFO  server.Server (Server.java:doStart(419)) - Started @158923ms
2019-10-18 11:53:19,325 [Thread-868] WARN  impl.MetricsSystemImpl (MetricsSystemImpl.java:register(276)) - Sink prometheus already exists!
2019-10-18 11:53:19,326 [Thread-868] INFO  server.BaseHttpServer (BaseHttpServer.java:updateConnectorAddress(215)) - HTTP server of OZONEMANAGER is listening at http://0.0.0.0:42552
2019-10-18 11:53:19,334 [Thread-868] INFO  impl.MetricsSystemImpl (MetricsSystemImpl.java:init(158)) - HddsDatanode metrics system started (again)
2019-10-18 11:53:19,336 [Thread-868] INFO  ozone.HddsDatanodeService (HddsDatanodeService.java:start(184)) - HddsDatanodeService host:pr-hdds-2208-pnh8d-353521125 ip:192.168.34.5
2019-10-18 11:53:19,343 [Thread-868] INFO  volume.HddsVolume (HddsVolume.java:<init>(176)) - Creating Volume: /workdir/hadoop-ozone/ozonefs/target/test-dir/MiniOzoneClusterImpl-6704c2a7-3590-417c-aa25-2b4ddf02eb25/datanode-0/data/containers/hdds of  storage type : DISK and capacity : 1482555576320
2019-10-18 11:53:19,344 [Thread-868] INFO  volume.VolumeSet (VolumeSet.java:initializeVolumeSet(170)) - Added Volume : /workdir/hadoop-ozone/ozonefs/target/test-dir/MiniOzoneClusterImpl-6704c2a7-3590-417c-aa25-2b4ddf02eb25/datanode-0/data/containers/hdds to VolumeSet
2019-10-18 11:53:19,344 [Thread-868] INFO  volume.ThrottledAsyncChecker (ThrottledAsyncChecker.java:schedule(141)) - Scheduling a check for /workdir/hadoop-ozone/ozonefs/target/test-dir/MiniOzoneClusterImpl-6704c2a7-3590-417c-aa25-2b4ddf02eb25/datanode-0/data/containers/hdds
2019-10-18 11:53:19,344 [Thread-868] INFO  volume.HddsVolumeChecker (HddsVolumeChecker.java:checkAllVolumes(204)) - Scheduled health check for volume /workdir/hadoop-ozone/ozonefs/target/test-dir/MiniOzoneClusterImpl-6704c2a7-3590-417c-aa25-2b4ddf02eb25/datanode-0/data/containers/hdds
2019-10-18 11:53:19,366 [Thread-868] INFO  impl.RaftServerProxy (ConfUtils.java:logGet(43)) - raft.rpc.type = GRPC (default)
2019-10-18 11:53:19,366 [Thread-868] INFO  grpc.GrpcFactory (GrpcFactory.java:checkPooledByteBufAllocatorUseCacheForAllThreads(45)) - PERFORMANCE WARNING: useCacheForAllThreads is true that may cause Netty to create a lot garbage objects and, as a result, trigger GC.
	It is recommended to disable useCacheForAllThreads by setting -Dorg.apache.ratis.thirdparty.io.netty.allocator.useCacheForAllThreads=false in command line.
2019-10-18 11:53:19,366 [Thread-868] INFO  grpc.GrpcConfigKeys$Server (ConfUtils.java:logGet(43)) - raft.grpc.server.port = 0 (default)
2019-10-18 11:53:19,366 [Thread-868] INFO  server.GrpcService (ConfUtils.java:logGet(43)) - raft.grpc.message.size.max = 33570816 (custom)
2019-10-18 11:53:19,367 [Thread-868] INFO  server.RaftServerConfigKeys (ConfUtils.java:logGet(43)) - raft.server.log.appender.buffer.byte-limit = 33554432 (custom)
2019-10-18 11:53:19,367 [Thread-868] INFO  server.GrpcService (ConfUtils.java:logGet(43)) - raft.grpc.flow.control.window = 1MB (=1048576) (default)
2019-10-18 11:53:19,367 [Thread-868] INFO  server.RaftServerConfigKeys (ConfUtils.java:logGet(43)) - raft.server.rpc.request.timeout = 3000ms (default)
2019-10-18 11:53:19,367 [Thread-868] INFO  server.RaftServerConfigKeys (ConfUtils.java:logGet(43)) - raft.server.storage.dir = [/workdir/hadoop-ozone/ozonefs/target/test-dir/MiniOzoneClusterImpl-6704c2a7-3590-417c-aa25-2b4ddf02eb25/datanode-0/data/ratis] (custom)
2019-10-18 11:53:19,369 [Thread-868] INFO  hdfs.DFSUtil (DFSUtil.java:httpServerTemplateForNNAndJN(1641)) - Starting Web-server for hddsDatanode at: http://0.0.0.0:0
2019-10-18 11:53:19,371 [Thread-868] INFO  server.AuthenticationFilter (AuthenticationFilter.java:constructSecretProvider(240)) - Unable to initialize FileSignerSecretProvider, falling back to use random secrets.
2019-10-18 11:53:19,371 [Thread-868] WARN  http.HttpRequestLog (HttpRequestLog.java:getRequestLog(97)) - Jetty request log can only be enabled using Log4j
2019-10-18 11:53:19,373 [Thread-868] INFO  http.HttpServer2 (HttpServer2.java:addGlobalFilter(975)) - Added global filter 'safety' (class=org.apache.hadoop.http.HttpServer2$QuotingInputFilter)
2019-10-18 11:53:19,373 [Thread-868] INFO  http.HttpServer2 (HttpServer2.java:addFilter(948)) - Added filter static_user_filter (class=org.apache.hadoop.http.lib.StaticUserWebFilter$StaticUserFilter) to context hddsDatanode
2019-10-18 11:53:19,374 [Thread-868] INFO  http.HttpServer2 (HttpServer2.java:addFilter(958)) - Added filter static_user_filter (class=org.apache.hadoop.http.lib.StaticUserWebFilter$StaticUserFilter) to context static
2019-10-18 11:53:19,374 [Thread-868] INFO  http.HttpServer2 (HttpServer2.java:addFilter(958)) - Added filter static_user_filter (class=org.apache.hadoop.http.lib.StaticUserWebFilter$StaticUserFilter) to context logs
2019-10-18 11:53:19,374 [Thread-868] INFO  http.HttpServer2 (HttpServer2.java:bindListener(1191)) - Jetty bound to port 32882
2019-10-18 11:53:19,374 [Thread-868] INFO  server.Server (Server.java:doStart(351)) - jetty-9.3.25.v20180904, build timestamp: 2018-09-04T21:11:46Z, git hash: 3ce520221d0240229c862b122d2b06c12a625732
2019-10-18 11:53:19,376 [Thread-868] INFO  handler.ContextHandler (ContextHandler.java:doStart(781)) - Started o.e.j.s.ServletContextHandler@5aaedf02{/logs,file:///workdir/hadoop-ozone/ozonefs/target/log,AVAILABLE}
2019-10-18 11:53:19,376 [Thread-868] INFO  handler.ContextHandler (ContextHandler.java:doStart(781)) - Started o.e.j.s.ServletContextHandler@6ee133c1{/static,jar:file:/home/user/.m2/repository/org/apache/hadoop/hadoop-hdds-container-service/0.5.0-SNAPSHOT/hadoop-hdds-container-service-0.5.0-SNAPSHOT.jar!/webapps/static,AVAILABLE}
2019-10-18 11:53:19,404 [Thread-868] INFO  handler.ContextHandler (ContextHandler.java:doStart(781)) - Started o.e.j.w.WebAppContext@4f6a3eb4{/,file:///tmp/jetty-0.0.0.0-32882-hddsDatanode-_-any-7113420781408468423.dir/webapp/,AVAILABLE}{/hddsDatanode}
2019-10-18 11:53:19,405 [Thread-868] INFO  server.AbstractConnector (AbstractConnector.java:doStart(278)) - Started ServerConnector@45f360cb{HTTP/1.1,[http/1.1]}{0.0.0.0:32882}
2019-10-18 11:53:19,406 [Thread-868] INFO  server.Server (Server.java:doStart(419)) - Started @159003ms
2019-10-18 11:53:19,406 [Thread-868] WARN  impl.MetricsSystemImpl (MetricsSystemImpl.java:register(276)) - Sink prometheus already exists!
2019-10-18 11:53:19,407 [Thread-868] INFO  server.BaseHttpServer (BaseHttpServer.java:updateConnectorAddress(215)) - HTTP server of HDDSDATANODE is listening at http://0.0.0.0:32882
2019-10-18 11:53:19,408 [Thread-868] INFO  impl.MetricsSystemImpl (MetricsSystemImpl.java:init(158)) - HddsDatanode metrics system started (again)
2019-10-18 11:53:19,411 [org.apache.hadoop.util.JvmPauseMonitor$Monitor@33528bb8] INFO  util.JvmPauseMonitor (JvmPauseMonitor.java:run(188)) - Starting JVM pause monitor
2019-10-18 11:53:19,412 [Thread-868] INFO  ozone.HddsDatanodeService (HddsDatanodeService.java:start(184)) - HddsDatanodeService host:pr-hdds-2208-pnh8d-353521125 ip:192.168.34.5
2019-10-18 11:53:19,414 [Datanode State Machine Thread - 0] INFO  datanode.InitDatanodeState (InitDatanodeState.java:persistContainerDatanodeDetails(140)) - DatanodeDetails is persisted to /workdir/hadoop-ozone/ozonefs/target/test-dir/MiniOzoneClusterImpl-6704c2a7-3590-417c-aa25-2b4ddf02eb25/datanode-0/meta/datanode.id
2019-10-18 11:53:19,420 [Thread-868] INFO  volume.HddsVolume (HddsVolume.java:<init>(176)) - Creating Volume: /workdir/hadoop-ozone/ozonefs/target/test-dir/MiniOzoneClusterImpl-6704c2a7-3590-417c-aa25-2b4ddf02eb25/datanode-1/data/containers/hdds of  storage type : DISK and capacity : 1482555576320
2019-10-18 11:53:19,420 [Thread-868] INFO  volume.VolumeSet (VolumeSet.java:initializeVolumeSet(170)) - Added Volume : /workdir/hadoop-ozone/ozonefs/target/test-dir/MiniOzoneClusterImpl-6704c2a7-3590-417c-aa25-2b4ddf02eb25/datanode-1/data/containers/hdds to VolumeSet
2019-10-18 11:53:19,420 [Thread-868] INFO  volume.ThrottledAsyncChecker (ThrottledAsyncChecker.java:schedule(141)) - Scheduling a check for /workdir/hadoop-ozone/ozonefs/target/test-dir/MiniOzoneClusterImpl-6704c2a7-3590-417c-aa25-2b4ddf02eb25/datanode-1/data/containers/hdds
2019-10-18 11:53:19,421 [Thread-868] INFO  volume.HddsVolumeChecker (HddsVolumeChecker.java:checkAllVolumes(204)) - Scheduled health check for volume /workdir/hadoop-ozone/ozonefs/target/test-dir/MiniOzoneClusterImpl-6704c2a7-3590-417c-aa25-2b4ddf02eb25/datanode-1/data/containers/hdds
2019-10-18 11:53:19,448 [Thread-868] INFO  impl.RaftServerProxy (ConfUtils.java:logGet(43)) - raft.rpc.type = GRPC (default)
2019-10-18 11:53:19,448 [Thread-868] INFO  grpc.GrpcFactory (GrpcFactory.java:checkPooledByteBufAllocatorUseCacheForAllThreads(45)) - PERFORMANCE WARNING: useCacheForAllThreads is true that may cause Netty to create a lot garbage objects and, as a result, trigger GC.
	It is recommended to disable useCacheForAllThreads by setting -Dorg.apache.ratis.thirdparty.io.netty.allocator.useCacheForAllThreads=false in command line.
2019-10-18 11:53:19,448 [Thread-868] INFO  grpc.GrpcConfigKeys$Server (ConfUtils.java:logGet(43)) - raft.grpc.server.port = 0 (default)
2019-10-18 11:53:19,448 [Thread-868] INFO  server.GrpcService (ConfUtils.java:logGet(43)) - raft.grpc.message.size.max = 33570816 (custom)
2019-10-18 11:53:19,448 [Thread-868] INFO  server.RaftServerConfigKeys (ConfUtils.java:logGet(43)) - raft.server.log.appender.buffer.byte-limit = 33554432 (custom)
2019-10-18 11:53:19,449 [Thread-868] INFO  server.GrpcService (ConfUtils.java:logGet(43)) - raft.grpc.flow.control.window = 1MB (=1048576) (default)
2019-10-18 11:53:19,449 [Thread-868] INFO  server.RaftServerConfigKeys (ConfUtils.java:logGet(43)) - raft.server.rpc.request.timeout = 3000ms (default)
2019-10-18 11:53:19,449 [Thread-868] INFO  server.RaftServerConfigKeys (ConfUtils.java:logGet(43)) - raft.server.storage.dir = [/workdir/hadoop-ozone/ozonefs/target/test-dir/MiniOzoneClusterImpl-6704c2a7-3590-417c-aa25-2b4ddf02eb25/datanode-1/data/ratis] (custom)
2019-10-18 11:53:19,452 [Thread-868] INFO  hdfs.DFSUtil (DFSUtil.java:httpServerTemplateForNNAndJN(1641)) - Starting Web-server for hddsDatanode at: http://0.0.0.0:0
2019-10-18 11:53:19,454 [Thread-868] INFO  server.AuthenticationFilter (AuthenticationFilter.java:constructSecretProvider(240)) - Unable to initialize FileSignerSecretProvider, falling back to use random secrets.
2019-10-18 11:53:19,455 [Thread-868] WARN  http.HttpRequestLog (HttpRequestLog.java:getRequestLog(97)) - Jetty request log can only be enabled using Log4j
2019-10-18 11:53:19,458 [Thread-868] INFO  http.HttpServer2 (HttpServer2.java:addGlobalFilter(975)) - Added global filter 'safety' (class=org.apache.hadoop.http.HttpServer2$QuotingInputFilter)
2019-10-18 11:53:19,459 [Thread-868] INFO  http.HttpServer2 (HttpServer2.java:addFilter(948)) - Added filter static_user_filter (class=org.apache.hadoop.http.lib.StaticUserWebFilter$StaticUserFilter) to context hddsDatanode
2019-10-18 11:53:19,459 [Thread-868] INFO  http.HttpServer2 (HttpServer2.java:addFilter(958)) - Added filter static_user_filter (class=org.apache.hadoop.http.lib.StaticUserWebFilter$StaticUserFilter) to context static
2019-10-18 11:53:19,460 [Thread-868] INFO  http.HttpServer2 (HttpServer2.java:addFilter(958)) - Added filter static_user_filter (class=org.apache.hadoop.http.lib.StaticUserWebFilter$StaticUserFilter) to context logs
2019-10-18 11:53:19,461 [Thread-868] INFO  http.HttpServer2 (HttpServer2.java:bindListener(1191)) - Jetty bound to port 38239
2019-10-18 11:53:19,461 [Thread-868] INFO  server.Server (Server.java:doStart(351)) - jetty-9.3.25.v20180904, build timestamp: 2018-09-04T21:11:46Z, git hash: 3ce520221d0240229c862b122d2b06c12a625732
2019-10-18 11:53:19,463 [Thread-868] INFO  handler.ContextHandler (ContextHandler.java:doStart(781)) - Started o.e.j.s.ServletContextHandler@7da02818{/logs,file:///workdir/hadoop-ozone/ozonefs/target/log,AVAILABLE}
2019-10-18 11:53:19,464 [Thread-868] INFO  handler.ContextHandler (ContextHandler.java:doStart(781)) - Started o.e.j.s.ServletContextHandler@12e63387{/static,jar:file:/home/user/.m2/repository/org/apache/hadoop/hadoop-hdds-container-service/0.5.0-SNAPSHOT/hadoop-hdds-container-service-0.5.0-SNAPSHOT.jar!/webapps/static,AVAILABLE}
2019-10-18 11:53:19,508 [Thread-868] INFO  handler.ContextHandler (ContextHandler.java:doStart(781)) - Started o.e.j.w.WebAppContext@449fea43{/,file:///tmp/jetty-0.0.0.0-38239-hddsDatanode-_-any-2108561162825743020.dir/webapp/,AVAILABLE}{/hddsDatanode}
2019-10-18 11:53:19,508 [Thread-868] INFO  server.AbstractConnector (AbstractConnector.java:doStart(278)) - Started ServerConnector@ecb06f2{HTTP/1.1,[http/1.1]}{0.0.0.0:38239}
2019-10-18 11:53:19,510 [Thread-868] INFO  server.Server (Server.java:doStart(419)) - Started @159107ms
2019-10-18 11:53:19,510 [Thread-868] WARN  impl.MetricsSystemImpl (MetricsSystemImpl.java:register(276)) - Sink prometheus already exists!
2019-10-18 11:53:19,511 [Thread-868] INFO  server.BaseHttpServer (BaseHttpServer.java:updateConnectorAddress(215)) - HTTP server of HDDSDATANODE is listening at http://0.0.0.0:38239
2019-10-18 11:53:19,511 [Thread-868] INFO  impl.MetricsSystemImpl (MetricsSystemImpl.java:init(158)) - HddsDatanode metrics system started (again)
2019-10-18 11:53:19,514 [org.apache.hadoop.util.JvmPauseMonitor$Monitor@67eadedf] INFO  util.JvmPauseMonitor (JvmPauseMonitor.java:run(188)) - Starting JVM pause monitor
2019-10-18 11:53:19,514 [Thread-868] INFO  ozone.HddsDatanodeService (HddsDatanodeService.java:start(184)) - HddsDatanodeService host:pr-hdds-2208-pnh8d-353521125 ip:192.168.34.5
2019-10-18 11:53:19,516 [Datanode State Machine Thread - 0] INFO  datanode.InitDatanodeState (InitDatanodeState.java:persistContainerDatanodeDetails(140)) - DatanodeDetails is persisted to /workdir/hadoop-ozone/ozonefs/target/test-dir/MiniOzoneClusterImpl-6704c2a7-3590-417c-aa25-2b4ddf02eb25/datanode-1/meta/datanode.id
2019-10-18 11:53:19,525 [Thread-868] INFO  volume.HddsVolume (HddsVolume.java:<init>(176)) - Creating Volume: /workdir/hadoop-ozone/ozonefs/target/test-dir/MiniOzoneClusterImpl-6704c2a7-3590-417c-aa25-2b4ddf02eb25/datanode-2/data/containers/hdds of  storage type : DISK and capacity : 1482555576320
2019-10-18 11:53:19,526 [Thread-868] INFO  volume.VolumeSet (VolumeSet.java:initializeVolumeSet(170)) - Added Volume : /workdir/hadoop-ozone/ozonefs/target/test-dir/MiniOzoneClusterImpl-6704c2a7-3590-417c-aa25-2b4ddf02eb25/datanode-2/data/containers/hdds to VolumeSet
2019-10-18 11:53:19,526 [Thread-868] INFO  volume.ThrottledAsyncChecker (ThrottledAsyncChecker.java:schedule(141)) - Scheduling a check for /workdir/hadoop-ozone/ozonefs/target/test-dir/MiniOzoneClusterImpl-6704c2a7-3590-417c-aa25-2b4ddf02eb25/datanode-2/data/containers/hdds
2019-10-18 11:53:19,526 [Thread-868] INFO  volume.HddsVolumeChecker (HddsVolumeChecker.java:checkAllVolumes(204)) - Scheduled health check for volume /workdir/hadoop-ozone/ozonefs/target/test-dir/MiniOzoneClusterImpl-6704c2a7-3590-417c-aa25-2b4ddf02eb25/datanode-2/data/containers/hdds
2019-10-18 11:53:19,550 [Thread-868] INFO  impl.RaftServerProxy (ConfUtils.java:logGet(43)) - raft.rpc.type = GRPC (default)
2019-10-18 11:53:19,550 [Thread-868] INFO  grpc.GrpcFactory (GrpcFactory.java:checkPooledByteBufAllocatorUseCacheForAllThreads(45)) - PERFORMANCE WARNING: useCacheForAllThreads is true that may cause Netty to create a lot garbage objects and, as a result, trigger GC.
	It is recommended to disable useCacheForAllThreads by setting -Dorg.apache.ratis.thirdparty.io.netty.allocator.useCacheForAllThreads=false in command line.
2019-10-18 11:53:19,550 [Thread-868] INFO  grpc.GrpcConfigKeys$Server (ConfUtils.java:logGet(43)) - raft.grpc.server.port = 0 (default)
2019-10-18 11:53:19,550 [Thread-868] INFO  server.GrpcService (ConfUtils.java:logGet(43)) - raft.grpc.message.size.max = 33570816 (custom)
2019-10-18 11:53:19,550 [Thread-868] INFO  server.RaftServerConfigKeys (ConfUtils.java:logGet(43)) - raft.server.log.appender.buffer.byte-limit = 33554432 (custom)
2019-10-18 11:53:19,550 [Thread-868] INFO  server.GrpcService (ConfUtils.java:logGet(43)) - raft.grpc.flow.control.window = 1MB (=1048576) (default)
2019-10-18 11:53:19,551 [Thread-868] INFO  server.RaftServerConfigKeys (ConfUtils.java:logGet(43)) - raft.server.rpc.request.timeout = 3000ms (default)
2019-10-18 11:53:19,551 [Thread-868] INFO  server.RaftServerConfigKeys (ConfUtils.java:logGet(43)) - raft.server.storage.dir = [/workdir/hadoop-ozone/ozonefs/target/test-dir/MiniOzoneClusterImpl-6704c2a7-3590-417c-aa25-2b4ddf02eb25/datanode-2/data/ratis] (custom)
2019-10-18 11:53:19,553 [Thread-868] INFO  hdfs.DFSUtil (DFSUtil.java:httpServerTemplateForNNAndJN(1641)) - Starting Web-server for hddsDatanode at: http://0.0.0.0:0
2019-10-18 11:53:19,555 [Thread-868] INFO  server.AuthenticationFilter (AuthenticationFilter.java:constructSecretProvider(240)) - Unable to initialize FileSignerSecretProvider, falling back to use random secrets.
2019-10-18 11:53:19,555 [Thread-868] WARN  http.HttpRequestLog (HttpRequestLog.java:getRequestLog(97)) - Jetty request log can only be enabled using Log4j
2019-10-18 11:53:19,557 [Thread-868] INFO  http.HttpServer2 (HttpServer2.java:addGlobalFilter(975)) - Added global filter 'safety' (class=org.apache.hadoop.http.HttpServer2$QuotingInputFilter)
2019-10-18 11:53:19,557 [Thread-868] INFO  http.HttpServer2 (HttpServer2.java:addFilter(948)) - Added filter static_user_filter (class=org.apache.hadoop.http.lib.StaticUserWebFilter$StaticUserFilter) to context hddsDatanode
2019-10-18 11:53:19,557 [Thread-868] INFO  http.HttpServer2 (HttpServer2.java:addFilter(958)) - Added filter static_user_filter (class=org.apache.hadoop.http.lib.StaticUserWebFilter$StaticUserFilter) to context static
2019-10-18 11:53:19,557 [Thread-868] INFO  http.HttpServer2 (HttpServer2.java:addFilter(958)) - Added filter static_user_filter (class=org.apache.hadoop.http.lib.StaticUserWebFilter$StaticUserFilter) to context logs
2019-10-18 11:53:19,558 [Thread-868] INFO  http.HttpServer2 (HttpServer2.java:bindListener(1191)) - Jetty bound to port 41811
2019-10-18 11:53:19,558 [Thread-868] INFO  server.Server (Server.java:doStart(351)) - jetty-9.3.25.v20180904, build timestamp: 2018-09-04T21:11:46Z, git hash: 3ce520221d0240229c862b122d2b06c12a625732
2019-10-18 11:53:19,560 [Thread-868] INFO  handler.ContextHandler (ContextHandler.java:doStart(781)) - Started o.e.j.s.ServletContextHandler@7cd0872d{/logs,file:///workdir/hadoop-ozone/ozonefs/target/log,AVAILABLE}
2019-10-18 11:53:19,561 [Thread-868] INFO  handler.ContextHandler (ContextHandler.java:doStart(781)) - Started o.e.j.s.ServletContextHandler@26a97e70{/static,jar:file:/home/user/.m2/repository/org/apache/hadoop/hadoop-hdds-container-service/0.5.0-SNAPSHOT/hadoop-hdds-container-service-0.5.0-SNAPSHOT.jar!/webapps/static,AVAILABLE}
2019-10-18 11:53:19,591 [Thread-868] INFO  handler.ContextHandler (ContextHandler.java:doStart(781)) - Started o.e.j.w.WebAppContext@1f101e1e{/,file:///tmp/jetty-0.0.0.0-41811-hddsDatanode-_-any-7965502020627506171.dir/webapp/,AVAILABLE}{/hddsDatanode}
2019-10-18 11:53:19,591 [Thread-868] INFO  server.AbstractConnector (AbstractConnector.java:doStart(278)) - Started ServerConnector@7bdf0cc4{HTTP/1.1,[http/1.1]}{0.0.0.0:41811}
2019-10-18 11:53:19,592 [Thread-868] INFO  server.Server (Server.java:doStart(419)) - Started @159190ms
2019-10-18 11:53:19,592 [Thread-868] WARN  impl.MetricsSystemImpl (MetricsSystemImpl.java:register(276)) - Sink prometheus already exists!
2019-10-18 11:53:19,593 [Thread-868] INFO  server.BaseHttpServer (BaseHttpServer.java:updateConnectorAddress(215)) - HTTP server of HDDSDATANODE is listening at http://0.0.0.0:41811
2019-10-18 11:53:19,593 [Thread-868] INFO  ozone.MiniOzoneClusterImpl (MiniOzoneClusterImpl.java:lambda$waitForClusterToBeReady$0(147)) - Waiting for cluster to be ready. Got 0 of 3 DN Heartbeats.
2019-10-18 11:53:19,595 [org.apache.hadoop.util.JvmPauseMonitor$Monitor@4fe3564e] INFO  util.JvmPauseMonitor (JvmPauseMonitor.java:run(188)) - Starting JVM pause monitor
2019-10-18 11:53:19,596 [Datanode State Machine Thread - 0] INFO  datanode.InitDatanodeState (InitDatanodeState.java:persistContainerDatanodeDetails(140)) - DatanodeDetails is persisted to /workdir/hadoop-ozone/ozonefs/target/test-dir/MiniOzoneClusterImpl-6704c2a7-3590-417c-aa25-2b4ddf02eb25/datanode-2/meta/datanode.id
2019-10-18 11:53:20,594 [Thread-868] INFO  ozone.MiniOzoneClusterImpl (MiniOzoneClusterImpl.java:lambda$waitForClusterToBeReady$0(147)) - Waiting for cluster to be ready. Got 0 of 3 DN Heartbeats.
2019-10-18 11:53:21,441 [Datanode State Machine Thread - 0] INFO  ozoneimpl.OzoneContainer (OzoneContainer.java:start(213)) - Attempting to start container services.
2019-10-18 11:53:21,441 [Datanode State Machine Thread - 0] INFO  ozoneimpl.OzoneContainer (OzoneContainer.java:startContainerScrub(177)) - Background container scanner has been disabled.
2019-10-18 11:53:21,441 [Datanode State Machine Thread - 0] INFO  ratis.XceiverServerRatis (XceiverServerRatis.java:start(418)) - Starting XceiverServerRatis cb18064d-97f9-4e26-9e9f-ebca3c7dfd9b at port 0
2019-10-18 11:53:21,446 [Datanode State Machine Thread - 0] INFO  impl.RaftServerProxy (RaftServerProxy.java:lambda$start$3(299)) - cb18064d-97f9-4e26-9e9f-ebca3c7dfd9b: start RPC server
2019-10-18 11:53:21,448 [Datanode State Machine Thread - 0] INFO  server.GrpcService (GrpcService.java:startImpl(158)) - cb18064d-97f9-4e26-9e9f-ebca3c7dfd9b: GrpcService started, listening on 0.0.0.0/0.0.0.0:33331
2019-10-18 11:53:21,448 [Datanode State Machine Thread - 0] INFO  ratis.XceiverServerRatis (XceiverServerRatis.java:start(428)) - XceiverServerRatis cb18064d-97f9-4e26-9e9f-ebca3c7dfd9b is started using port 33331
2019-10-18 11:53:21,448 [Datanode State Machine Thread - 0] INFO  server.XceiverServerGrpc (XceiverServerGrpc.java:start(149)) - XceiverServerGrpc cb18064d-97f9-4e26-9e9f-ebca3c7dfd9b is started using port 44651
2019-10-18 11:53:21,547 [Datanode State Machine Thread - 0] INFO  ozoneimpl.OzoneContainer (OzoneContainer.java:start(213)) - Attempting to start container services.
2019-10-18 11:53:21,547 [Datanode State Machine Thread - 0] INFO  ozoneimpl.OzoneContainer (OzoneContainer.java:startContainerScrub(177)) - Background container scanner has been disabled.
2019-10-18 11:53:21,548 [Datanode State Machine Thread - 0] INFO  ratis.XceiverServerRatis (XceiverServerRatis.java:start(418)) - Starting XceiverServerRatis fb1ed16d-3917-4def-9a06-66a583737d75 at port 0
2019-10-18 11:53:21,554 [Datanode State Machine Thread - 0] INFO  impl.RaftServerProxy (RaftServerProxy.java:lambda$start$3(299)) - fb1ed16d-3917-4def-9a06-66a583737d75: start RPC server
2019-10-18 11:53:21,555 [Datanode State Machine Thread - 0] INFO  server.GrpcService (GrpcService.java:startImpl(158)) - fb1ed16d-3917-4def-9a06-66a583737d75: GrpcService started, listening on 0.0.0.0/0.0.0.0:34140
2019-10-18 11:53:21,555 [Datanode State Machine Thread - 0] INFO  ratis.XceiverServerRatis (XceiverServerRatis.java:start(428)) - XceiverServerRatis fb1ed16d-3917-4def-9a06-66a583737d75 is started using port 34140
2019-10-18 11:53:21,556 [Datanode State Machine Thread - 0] INFO  server.XceiverServerGrpc (XceiverServerGrpc.java:start(149)) - XceiverServerGrpc fb1ed16d-3917-4def-9a06-66a583737d75 is started using port 40319
2019-10-18 11:53:21,594 [Thread-868] INFO  ozone.MiniOzoneClusterImpl (MiniOzoneClusterImpl.java:lambda$waitForClusterToBeReady$0(147)) - Waiting for cluster to be ready. Got 0 of 3 DN Heartbeats.
2019-10-18 11:53:21,620 [Datanode State Machine Thread - 0] INFO  ozoneimpl.OzoneContainer (OzoneContainer.java:start(213)) - Attempting to start container services.
2019-10-18 11:53:21,620 [Datanode State Machine Thread - 0] INFO  ozoneimpl.OzoneContainer (OzoneContainer.java:startContainerScrub(177)) - Background container scanner has been disabled.
2019-10-18 11:53:21,620 [Datanode State Machine Thread - 0] INFO  ratis.XceiverServerRatis (XceiverServerRatis.java:start(418)) - Starting XceiverServerRatis c6af97c9-d2a9-4f88-a5bc-1840035ee8a8 at port 0
2019-10-18 11:53:21,626 [Datanode State Machine Thread - 0] INFO  impl.RaftServerProxy (RaftServerProxy.java:lambda$start$3(299)) - c6af97c9-d2a9-4f88-a5bc-1840035ee8a8: start RPC server
2019-10-18 11:53:21,627 [Datanode State Machine Thread - 0] INFO  server.GrpcService (GrpcService.java:startImpl(158)) - c6af97c9-d2a9-4f88-a5bc-1840035ee8a8: GrpcService started, listening on 0.0.0.0/0.0.0.0:36149
2019-10-18 11:53:21,628 [Datanode State Machine Thread - 0] INFO  ratis.XceiverServerRatis (XceiverServerRatis.java:start(428)) - XceiverServerRatis c6af97c9-d2a9-4f88-a5bc-1840035ee8a8 is started using port 36149
2019-10-18 11:53:21,628 [Datanode State Machine Thread - 0] INFO  server.XceiverServerGrpc (XceiverServerGrpc.java:start(149)) - XceiverServerGrpc c6af97c9-d2a9-4f88-a5bc-1840035ee8a8 is started using port 43527
2019-10-18 11:53:22,594 [Thread-868] INFO  ozone.MiniOzoneClusterImpl (MiniOzoneClusterImpl.java:lambda$waitForClusterToBeReady$0(147)) - Waiting for cluster to be ready. Got 0 of 3 DN Heartbeats.
2019-10-18 11:53:23,414 [IPC Server handler 2 on 33355] INFO  net.NetworkTopology (NetworkTopologyImpl.java:add(111)) - Added a new node: /default-rack/cb18064d-97f9-4e26-9e9f-ebca3c7dfd9b
2019-10-18 11:53:23,416 [IPC Server handler 2 on 33355] INFO  node.SCMNodeManager (SCMNodeManager.java:register(268)) - Registered Data node : cb18064d-97f9-4e26-9e9f-ebca3c7dfd9b{ip: 192.168.34.5, host: pr-hdds-2208-pnh8d-353521125, networkLocation: /default-rack, certSerialId: null}
2019-10-18 11:53:23,417 [EventQueue-NodeRegistrationContainerReportForDataNodeSafeModeRule] INFO  safemode.SCMSafeModeManager (DataNodeSafeModeRule.java:process(71)) - SCM in safe mode. 1 DataNodes registered, 1 required.
2019-10-18 11:53:23,418 [EventQueue-NodeRegistrationContainerReportForDataNodeSafeModeRule] INFO  safemode.SCMSafeModeManager (SCMSafeModeManager.java:validateSafeModeExitRules(177)) - ScmSafeModeManager, all rules are successfully validated
2019-10-18 11:53:23,419 [EventQueue-NodeRegistrationContainerReportForDataNodeSafeModeRule] INFO  safemode.SCMSafeModeManager (SCMSafeModeManager.java:exitSafeMode(193)) - SCM exiting safe mode.
2019-10-18 11:53:23,435 [grpc-default-executor-0] INFO  impl.RaftServerProxy (RaftServerProxy.java:addNew(89)) - cb18064d-97f9-4e26-9e9f-ebca3c7dfd9b: addNew group-43F649B42404:[cb18064d-97f9-4e26-9e9f-ebca3c7dfd9b:192.168.34.5:33331] returns group-43F649B42404:java.util.concurrent.CompletableFuture@43214df7[Not completed]
2019-10-18 11:53:23,437 [pool-227-thread-1] INFO  impl.RaftServerImpl (RaftServerImpl.java:<init>(95)) - cb18064d-97f9-4e26-9e9f-ebca3c7dfd9b: new RaftServerImpl for group-43F649B42404:[cb18064d-97f9-4e26-9e9f-ebca3c7dfd9b:192.168.34.5:33331] with ContainerStateMachine:uninitialized
2019-10-18 11:53:23,438 [pool-227-thread-1] INFO  server.RaftServerConfigKeys (ConfUtils.java:logGet(43)) - raft.server.rpc.timeout.min = 5s (custom)
2019-10-18 11:53:23,438 [pool-227-thread-1] INFO  server.RaftServerConfigKeys (ConfUtils.java:logGet(43)) - raft.server.rpc.timeout.max = 5200ms (custom)
2019-10-18 11:53:23,438 [pool-227-thread-1] INFO  server.RaftServerConfigKeys (ConfUtils.java:logGet(43)) - raft.server.rpcslowness.timeout = 120s (custom)
2019-10-18 11:53:23,438 [pool-227-thread-1] INFO  server.RaftServerConfigKeys (ConfUtils.java:logGet(43)) - raft.server.sleep.deviation.threshold = 300 (default)
2019-10-18 11:53:23,438 [pool-227-thread-1] INFO  server.RaftServerConfigKeys (ConfUtils.java:logGet(43)) - raft.server.log.appender.install.snapshot.enabled = false (custom)
2019-10-18 11:53:23,438 [pool-227-thread-1] INFO  impl.RaftServerImpl (ServerState.java:<init>(103)) - cb18064d-97f9-4e26-9e9f-ebca3c7dfd9b@group-43F649B42404: ConfigurationManager, init=-1: [cb18064d-97f9-4e26-9e9f-ebca3c7dfd9b:192.168.34.5:33331], old=null, confs=<EMPTY_MAP>
2019-10-18 11:53:23,439 [pool-227-thread-1] INFO  server.RaftServerConfigKeys (ConfUtils.java:logGet(43)) - raft.server.storage.dir = [/workdir/hadoop-ozone/ozonefs/target/test-dir/MiniOzoneClusterImpl-6704c2a7-3590-417c-aa25-2b4ddf02eb25/datanode-0/data/ratis] (custom)
2019-10-18 11:53:23,439 [pool-227-thread-1] INFO  server.RaftServerConfigKeys (ConfUtils.java:logGet(43)) - raft.server.log.corruption.policy = EXCEPTION (default)
2019-10-18 11:53:23,439 [pool-227-thread-1] INFO  storage.RaftStorageDirectory (RaftStorageDirectory.java:analyzeStorage(246)) - The storage directory /workdir/hadoop-ozone/ozonefs/target/test-dir/MiniOzoneClusterImpl-6704c2a7-3590-417c-aa25-2b4ddf02eb25/datanode-0/data/ratis/ecd9eb0f-21b5-43fc-9ed7-43f649b42404 does not exist. Creating ...
2019-10-18 11:53:23,515 [IPC Server handler 0 on 33355] INFO  net.NetworkTopology (NetworkTopologyImpl.java:add(111)) - Added a new node: /default-rack/fb1ed16d-3917-4def-9a06-66a583737d75
2019-10-18 11:53:23,515 [IPC Server handler 0 on 33355] INFO  node.SCMNodeManager (SCMNodeManager.java:register(268)) - Registered Data node : fb1ed16d-3917-4def-9a06-66a583737d75{ip: 192.168.34.5, host: pr-hdds-2208-pnh8d-353521125, networkLocation: /default-rack, certSerialId: null}
2019-10-18 11:53:23,595 [Thread-868] INFO  ozone.MiniOzoneClusterImpl (MiniOzoneClusterImpl.java:lambda$waitForClusterToBeReady$0(147)) - Waiting for cluster to be ready. Got 2 of 3 DN Heartbeats.
2019-10-18 11:53:23,596 [IPC Server handler 1 on 33355] INFO  net.NetworkTopology (NetworkTopologyImpl.java:add(111)) - Added a new node: /default-rack/c6af97c9-d2a9-4f88-a5bc-1840035ee8a8
2019-10-18 11:53:23,596 [IPC Server handler 1 on 33355] INFO  node.SCMNodeManager (SCMNodeManager.java:register(268)) - Registered Data node : c6af97c9-d2a9-4f88-a5bc-1840035ee8a8{ip: 192.168.34.5, host: pr-hdds-2208-pnh8d-353521125, networkLocation: /default-rack, certSerialId: null}
2019-10-18 11:53:24,094 [pool-227-thread-1] INFO  storage.RaftStorageDirectory (RaftStorageDirectory.java:tryLock(328)) - Lock on /workdir/hadoop-ozone/ozonefs/target/test-dir/MiniOzoneClusterImpl-6704c2a7-3590-417c-aa25-2b4ddf02eb25/datanode-0/data/ratis/ecd9eb0f-21b5-43fc-9ed7-43f649b42404/in_use.lock acquired by nodename 5968@pr-hdds-2208-pnh8d-353521125
2019-10-18 11:53:24,595 [Thread-868] INFO  ozone.MiniOzoneClusterImpl (MiniOzoneClusterImpl.java:lambda$waitForClusterToBeReady$0(147)) - Cluster is ready. Got 3 of 3 DN Heartbeats.
2019-10-18 11:53:24,643 [Thread-868] INFO  rpc.RpcClient (RpcClient.java:createVolume(272)) - Creating Volume: volume59305, with user05330 as owner.
2019-10-18 11:53:24,647 [IPC Server handler 1 on 42634] INFO  volume.OMVolumeCreateRequest (OMVolumeCreateRequest.java:validateAndUpdateCache(193)) - created volume:volume59305 for user:user05330
2019-10-18 11:53:24,655 [Thread-868] INFO  rpc.RpcClient (RpcClient.java:createBucket(411)) - Creating Bucket: volume59305/bucket11891, with Versioning false and Storage Type set to DISK and Encryption set to false 
2019-10-18 11:53:24,904 [pool-227-thread-1] INFO  storage.RaftStorage (RaftStorage.java:format(84)) - Storage directory /workdir/hadoop-ozone/ozonefs/target/test-dir/MiniOzoneClusterImpl-6704c2a7-3590-417c-aa25-2b4ddf02eb25/datanode-0/data/ratis/ecd9eb0f-21b5-43fc-9ed7-43f649b42404 has been successfully formatted.
2019-10-18 11:53:24,905 [pool-227-thread-1] INFO  ratis.ContainerStateMachine (ContainerStateMachine.java:loadSnapshot(231)) - group-43F649B42404: The snapshot info is null. Setting the last applied indexto:(t:0, i:~)
2019-10-18 11:53:24,905 [pool-227-thread-1] INFO  server.RaftServerConfigKeys (ConfUtils.java:logGet(43)) - raft.server.notification.no-leader.timeout = 120s (custom)
2019-10-18 11:53:24,905 [pool-227-thread-1] INFO  server.RaftServerConfigKeys (ConfUtils.java:logGet(43)) - raft.server.log.use.memory = false (default)
2019-10-18 11:53:24,905 [pool-227-thread-1] INFO  server.RaftServerConfigKeys (ConfUtils.java:logGet(43)) - raft.server.log.purge.gap = 1000000 (custom)
2019-10-18 11:53:24,906 [pool-227-thread-1] INFO  server.RaftServerConfigKeys (ConfUtils.java:logGet(43)) - raft.server.log.appender.buffer.byte-limit = 33554432 (custom)
2019-10-18 11:53:24,906 [pool-227-thread-1] INFO  server.RaftServerConfigKeys (ConfUtils.java:logGet(43)) - raft.server.log.segment.size.max = 1048576 (custom)
2019-10-18 11:53:24,909 [pool-227-thread-1] INFO  server.RaftServerConfigKeys (ConfUtils.java:logGet(43)) - raft.server.log.segment.cache.num.max = 2 (custom)
2019-10-18 11:53:24,909 [pool-227-thread-1] INFO  segmented.SegmentedRaftLogWorker (SegmentedRaftLogWorker.java:<init>(173)) - new cb18064d-97f9-4e26-9e9f-ebca3c7dfd9b@group-43F649B42404-SegmentedRaftLogWorker for RaftStorage:Storage Directory /workdir/hadoop-ozone/ozonefs/target/test-dir/MiniOzoneClusterImpl-6704c2a7-3590-417c-aa25-2b4ddf02eb25/datanode-0/data/ratis/ecd9eb0f-21b5-43fc-9ed7-43f649b42404
2019-10-18 11:53:24,909 [pool-227-thread-1] INFO  server.RaftServerConfigKeys (ConfUtils.java:logGet(43)) - raft.server.log.queue.byte-limit = 2147483647 (custom)
2019-10-18 11:53:24,909 [pool-227-thread-1] INFO  server.RaftServerConfigKeys (ConfUtils.java:logGet(43)) - raft.server.log.queue.element-limit = 1024 (custom)
2019-10-18 11:53:24,909 [pool-227-thread-1] INFO  server.RaftServerConfigKeys (ConfUtils.java:logGet(43)) - raft.server.log.segment.size.max = 1048576 (custom)
2019-10-18 11:53:24,910 [pool-227-thread-1] INFO  server.RaftServerConfigKeys (ConfUtils.java:logGet(43)) - raft.server.log.preallocated.size = 16384 (custom)
2019-10-18 11:53:24,910 [pool-227-thread-1] INFO  server.RaftServerConfigKeys (ConfUtils.java:logGet(43)) - raft.server.log.write.buffer.size = 33554432 (custom)
2019-10-18 11:53:24,910 [pool-227-thread-1] INFO  server.RaftServerConfigKeys (ConfUtils.java:logGet(43)) - raft.server.log.force.sync.num = 128 (default)
2019-10-18 11:53:24,910 [pool-227-thread-1] INFO  server.RaftServerConfigKeys (ConfUtils.java:logGet(43)) - raft.server.log.statemachine.data.sync = true (default)
2019-10-18 11:53:24,910 [pool-227-thread-1] INFO  server.RaftServerConfigKeys (ConfUtils.java:logGet(43)) - raft.server.log.statemachine.data.sync.timeout = 10s (default)
2019-10-18 11:53:24,910 [pool-227-thread-1] INFO  server.RaftServerConfigKeys (ConfUtils.java:logGet(43)) - raft.server.log.statemachine.data.sync.timeout.retry = -1 (default)
2019-10-18 11:53:24,911 [pool-227-thread-1] INFO  server.RaftServerConfigKeys (ConfUtils.java:logGet(43)) - raft.server.log.statemachine.data.caching.enabled = true (custom)
2019-10-18 11:53:24,911 [pool-227-thread-1] INFO  segmented.SegmentedRaftLogWorker (SegmentedRaftLogWorker.java:lambda$new$0(128)) - cb18064d-97f9-4e26-9e9f-ebca3c7dfd9b@group-43F649B42404-SegmentedRaftLogWorker: flushIndex: setUnconditionally 0 -> -1
2019-10-18 11:53:24,912 [pool-227-thread-1] INFO  server.RaftServerConfigKeys (ConfUtils.java:logGet(43)) - raft.server.snapshot.auto.trigger.enabled = true (custom)
2019-10-18 11:53:24,912 [pool-227-thread-1] INFO  server.RaftServerConfigKeys (ConfUtils.java:logGet(43)) - raft.server.snapshot.auto.trigger.threshold = 10000 (custom)
2019-10-18 11:53:24,912 [pool-227-thread-1] INFO  server.RaftServerConfigKeys (ConfUtils.java:logGet(43)) - raft.server.snapshot.retention.file.num = 5 (custom)
2019-10-18 11:53:24,912 [pool-227-thread-1] INFO  server.RaftServerConfigKeys (ConfUtils.java:logGet(43)) - raft.server.retrycache.expirytime = 600000ms (custom)
2019-10-18 11:53:24,915 [pool-227-thread-1] INFO  impl.RaftServerImpl (RaftServerImpl.java:start(181)) - cb18064d-97f9-4e26-9e9f-ebca3c7dfd9b@group-43F649B42404: start as a follower, conf=-1: [cb18064d-97f9-4e26-9e9f-ebca3c7dfd9b:192.168.34.5:33331], old=null
2019-10-18 11:53:24,915 [pool-227-thread-1] INFO  impl.RaftServerImpl (RaftServerImpl.java:setRole(170)) - cb18064d-97f9-4e26-9e9f-ebca3c7dfd9b@group-43F649B42404: changes role from      null to FOLLOWER at term 0 for startAsFollower
2019-10-18 11:53:24,915 [pool-227-thread-1] INFO  impl.RoleInfo (RoleInfo.java:updateAndGet(143)) - cb18064d-97f9-4e26-9e9f-ebca3c7dfd9b: start FollowerState
2019-10-18 11:53:24,915 [pool-227-thread-1] INFO  util.JmxRegister (JmxRegister.java:tryRegister(44)) - Successfully registered JMX Bean with object name Ratis:service=RaftServer,group=group-43F649B42404,id=cb18064d-97f9-4e26-9e9f-ebca3c7dfd9b
2019-10-18 11:53:24,923 [RatisPipelineUtilsThread] INFO  pipeline.PipelineStateManager (PipelineStateManager.java:addPipeline(56)) - Created pipeline Pipeline[ Id: ecd9eb0f-21b5-43fc-9ed7-43f649b42404, Nodes: cb18064d-97f9-4e26-9e9f-ebca3c7dfd9b{ip: 192.168.34.5, host: pr-hdds-2208-pnh8d-353521125, networkLocation: /default-rack, certSerialId: null}, Type:RATIS, Factor:ONE, State:OPEN]
2019-10-18 11:53:24,938 [grpc-default-executor-0] INFO  impl.RaftServerProxy (RaftServerProxy.java:addNew(89)) - c6af97c9-d2a9-4f88-a5bc-1840035ee8a8: addNew group-537FC5B2A7F9:[c6af97c9-d2a9-4f88-a5bc-1840035ee8a8:192.168.34.5:36149] returns group-537FC5B2A7F9:java.util.concurrent.CompletableFuture@6a0914fb[Not completed]
2019-10-18 11:53:24,940 [pool-247-thread-1] INFO  impl.RaftServerImpl (RaftServerImpl.java:<init>(95)) - c6af97c9-d2a9-4f88-a5bc-1840035ee8a8: new RaftServerImpl for group-537FC5B2A7F9:[c6af97c9-d2a9-4f88-a5bc-1840035ee8a8:192.168.34.5:36149] with ContainerStateMachine:uninitialized
2019-10-18 11:53:24,941 [pool-247-thread-1] INFO  server.RaftServerConfigKeys (ConfUtils.java:logGet(43)) - raft.server.rpc.timeout.min = 5s (custom)
2019-10-18 11:53:24,941 [pool-247-thread-1] INFO  server.RaftServerConfigKeys (ConfUtils.java:logGet(43)) - raft.server.rpc.timeout.max = 5200ms (custom)
2019-10-18 11:53:24,941 [pool-247-thread-1] INFO  server.RaftServerConfigKeys (ConfUtils.java:logGet(43)) - raft.server.rpcslowness.timeout = 120s (custom)
2019-10-18 11:53:24,941 [pool-247-thread-1] INFO  server.RaftServerConfigKeys (ConfUtils.java:logGet(43)) - raft.server.sleep.deviation.threshold = 300 (default)
2019-10-18 11:53:24,941 [pool-247-thread-1] INFO  server.RaftServerConfigKeys (ConfUtils.java:logGet(43)) - raft.server.log.appender.install.snapshot.enabled = false (custom)
2019-10-18 11:53:24,941 [pool-247-thread-1] INFO  impl.RaftServerImpl (ServerState.java:<init>(103)) - c6af97c9-d2a9-4f88-a5bc-1840035ee8a8@group-537FC5B2A7F9: ConfigurationManager, init=-1: [c6af97c9-d2a9-4f88-a5bc-1840035ee8a8:192.168.34.5:36149], old=null, confs=<EMPTY_MAP>
2019-10-18 11:53:24,941 [pool-247-thread-1] INFO  server.RaftServerConfigKeys (ConfUtils.java:logGet(43)) - raft.server.storage.dir = [/workdir/hadoop-ozone/ozonefs/target/test-dir/MiniOzoneClusterImpl-6704c2a7-3590-417c-aa25-2b4ddf02eb25/datanode-2/data/ratis] (custom)
2019-10-18 11:53:24,942 [pool-247-thread-1] INFO  server.RaftServerConfigKeys (ConfUtils.java:logGet(43)) - raft.server.log.corruption.policy = EXCEPTION (default)
2019-10-18 11:53:24,942 [pool-247-thread-1] INFO  storage.RaftStorageDirectory (RaftStorageDirectory.java:analyzeStorage(246)) - The storage directory /workdir/hadoop-ozone/ozonefs/target/test-dir/MiniOzoneClusterImpl-6704c2a7-3590-417c-aa25-2b4ddf02eb25/datanode-2/data/ratis/f5686750-18b8-44ac-9e36-537fc5b2a7f9 does not exist. Creating ...
2019-10-18 11:53:26,420 [Thread-1040] INFO  container.ReplicationManager (ReplicationManager.java:start(162)) - Starting Replication Monitor Thread.
2019-10-18 11:53:26,423 [ReplicationMonitor] INFO  container.ReplicationManager (ReplicationManager.java:run(225)) - Replication Monitor Thread took 0 milliseconds for processing 0 containers.
2019-10-18 11:53:27,574 [pool-247-thread-1] INFO  storage.RaftStorageDirectory (RaftStorageDirectory.java:tryLock(328)) - Lock on /workdir/hadoop-ozone/ozonefs/target/test-dir/MiniOzoneClusterImpl-6704c2a7-3590-417c-aa25-2b4ddf02eb25/datanode-2/data/ratis/f5686750-18b8-44ac-9e36-537fc5b2a7f9/in_use.lock acquired by nodename 5968@pr-hdds-2208-pnh8d-353521125
2019-10-18 11:53:27,937 [RATISCREATEPIPELINE1] ERROR pipeline.RatisPipelineProvider (RatisPipelineProvider.java:lambda$null$5(237)) - Failed invoke Ratis rpc org.apache.hadoop.hdds.scm.pipeline.RatisPipelineProvider$$Lambda$189/532767178@25ab504e for c6af97c9-d2a9-4f88-a5bc-1840035ee8a8
org.apache.ratis.protocol.TimeoutIOException: deadline exceeded after 2999795376ns
	at org.apache.ratis.grpc.GrpcUtil.tryUnwrapException(GrpcUtil.java:82)
	at org.apache.ratis.grpc.GrpcUtil.unwrapException(GrpcUtil.java:75)
	at org.apache.ratis.grpc.client.GrpcClientProtocolClient.blockingCall(GrpcClientProtocolClient.java:184)
	at org.apache.ratis.grpc.client.GrpcClientProtocolClient.groupAdd(GrpcClientProtocolClient.java:153)
	at org.apache.ratis.grpc.client.GrpcClientRpc.sendRequest(GrpcClientRpc.java:94)
	at org.apache.ratis.client.impl.RaftClientImpl.sendRequest(RaftClientImpl.java:278)
	at org.apache.ratis.client.impl.RaftClientImpl.groupAdd(RaftClientImpl.java:205)
	at org.apache.hadoop.hdds.scm.pipeline.RatisPipelineProvider.lambda$initializePipeline$4(RatisPipelineProvider.java:198)
	at org.apache.hadoop.hdds.scm.pipeline.RatisPipelineProvider.lambda$null$5(RatisPipelineProvider.java:233)
	at java.util.stream.ForEachOps$ForEachOp$OfRef.accept(ForEachOps.java:183)
	at java.util.ArrayList$ArrayListSpliterator.forEachRemaining(ArrayList.java:1382)
	at java.util.stream.AbstractPipeline.copyInto(AbstractPipeline.java:482)
	at java.util.stream.ForEachOps$ForEachTask.compute(ForEachOps.java:290)
	at java.util.concurrent.CountedCompleter.exec(CountedCompleter.java:731)
	at java.util.concurrent.ForkJoinTask.doExec(ForkJoinTask.java:289)
	at java.util.concurrent.ForkJoinTask.doInvoke(ForkJoinTask.java:401)
	at java.util.concurrent.ForkJoinTask.invoke(ForkJoinTask.java:734)
	at java.util.stream.ForEachOps$ForEachOp.evaluateParallel(ForEachOps.java:159)
	at java.util.stream.ForEachOps$ForEachOp$OfRef.evaluateParallel(ForEachOps.java:173)
	at java.util.stream.AbstractPipeline.evaluate(AbstractPipeline.java:233)
	at java.util.stream.ReferencePipeline.forEach(ReferencePipeline.java:485)
	at java.util.stream.ReferencePipeline$Head.forEach(ReferencePipeline.java:650)
	at org.apache.hadoop.hdds.scm.pipeline.RatisPipelineProvider.lambda$callRatisRpc$6(RatisPipelineProvider.java:227)
	at java.util.concurrent.ForkJoinTask$AdaptedRunnableAction.exec(ForkJoinTask.java:1386)
	at java.util.concurrent.ForkJoinTask.doExec(ForkJoinTask.java:289)
	at java.util.concurrent.ForkJoinPool$WorkQueue.runTask(ForkJoinPool.java:1056)
	at java.util.concurrent.ForkJoinPool.runWorker(ForkJoinPool.java:1692)
	at java.util.concurrent.ForkJoinWorkerThread.run(ForkJoinWorkerThread.java:157)
Caused by: org.apache.ratis.thirdparty.io.grpc.StatusRuntimeException: DEADLINE_EXCEEDED: deadline exceeded after 2999795376ns
	at org.apache.ratis.thirdparty.io.grpc.stub.ClientCalls.toStatusRuntimeException(ClientCalls.java:233)
	at org.apache.ratis.thirdparty.io.grpc.stub.ClientCalls.getUnchecked(ClientCalls.java:214)
	at org.apache.ratis.thirdparty.io.grpc.stub.ClientCalls.blockingUnaryCall(ClientCalls.java:139)
	at org.apache.ratis.proto.grpc.AdminProtocolServiceGrpc$AdminProtocolServiceBlockingStub.groupManagement(AdminProtocolServiceGrpc.java:274)
	at org.apache.ratis.grpc.client.GrpcClientProtocolClient.lambda$groupAdd$3(GrpcClientProtocolClient.java:155)
	at org.apache.ratis.grpc.client.GrpcClientProtocolClient.blockingCall(GrpcClientProtocolClient.java:182)
	... 25 more
2019-10-18 11:53:27,974 [grpc-default-executor-1] INFO  impl.RaftServerProxy (RaftServerProxy.java:addNew(89)) - c6af97c9-d2a9-4f88-a5bc-1840035ee8a8: addNew group-89CC56618C23:[fb1ed16d-3917-4def-9a06-66a583737d75:192.168.34.5:34140, cb18064d-97f9-4e26-9e9f-ebca3c7dfd9b:192.168.34.5:33331, c6af97c9-d2a9-4f88-a5bc-1840035ee8a8:192.168.34.5:36149] returns group-89CC56618C23:java.util.concurrent.CompletableFuture@39153e86[Not completed]
2019-10-18 11:53:27,974 [grpc-default-executor-2] INFO  impl.RaftServerProxy (RaftServerProxy.java:addNew(89)) - fb1ed16d-3917-4def-9a06-66a583737d75: addNew group-89CC56618C23:[fb1ed16d-3917-4def-9a06-66a583737d75:192.168.34.5:34140, cb18064d-97f9-4e26-9e9f-ebca3c7dfd9b:192.168.34.5:33331, c6af97c9-d2a9-4f88-a5bc-1840035ee8a8:192.168.34.5:36149] returns group-89CC56618C23:java.util.concurrent.CompletableFuture@1fb00b7b[Not completed]
2019-10-18 11:53:27,976 [grpc-default-executor-0] INFO  impl.RaftServerProxy (RaftServerProxy.java:addNew(89)) - cb18064d-97f9-4e26-9e9f-ebca3c7dfd9b: addNew group-89CC56618C23:[fb1ed16d-3917-4def-9a06-66a583737d75:192.168.34.5:34140, cb18064d-97f9-4e26-9e9f-ebca3c7dfd9b:192.168.34.5:33331, c6af97c9-d2a9-4f88-a5bc-1840035ee8a8:192.168.34.5:36149] returns group-89CC56618C23:java.util.concurrent.CompletableFuture@5301f2a3[Not completed]
2019-10-18 11:53:27,978 [pool-237-thread-1] INFO  impl.RaftServerImpl (RaftServerImpl.java:<init>(95)) - fb1ed16d-3917-4def-9a06-66a583737d75: new RaftServerImpl for group-89CC56618C23:[fb1ed16d-3917-4def-9a06-66a583737d75:192.168.34.5:34140, cb18064d-97f9-4e26-9e9f-ebca3c7dfd9b:192.168.34.5:33331, c6af97c9-d2a9-4f88-a5bc-1840035ee8a8:192.168.34.5:36149] with ContainerStateMachine:uninitialized
2019-10-18 11:53:27,978 [pool-237-thread-1] INFO  server.RaftServerConfigKeys (ConfUtils.java:logGet(43)) - raft.server.rpc.timeout.min = 5s (custom)
2019-10-18 11:53:27,978 [pool-227-thread-1] INFO  impl.RaftServerImpl (RaftServerImpl.java:<init>(95)) - cb18064d-97f9-4e26-9e9f-ebca3c7dfd9b: new RaftServerImpl for group-89CC56618C23:[fb1ed16d-3917-4def-9a06-66a583737d75:192.168.34.5:34140, cb18064d-97f9-4e26-9e9f-ebca3c7dfd9b:192.168.34.5:33331, c6af97c9-d2a9-4f88-a5bc-1840035ee8a8:192.168.34.5:36149] with ContainerStateMachine:uninitialized
2019-10-18 11:53:27,978 [pool-237-thread-1] INFO  server.RaftServerConfigKeys (ConfUtils.java:logGet(43)) - raft.server.rpc.timeout.max = 5200ms (custom)
2019-10-18 11:53:27,978 [pool-227-thread-1] INFO  server.RaftServerConfigKeys (ConfUtils.java:logGet(43)) - raft.server.rpc.timeout.min = 5s (custom)
2019-10-18 11:53:27,978 [pool-237-thread-1] INFO  server.RaftServerConfigKeys (ConfUtils.java:logGet(43)) - raft.server.rpcslowness.timeout = 120s (custom)
2019-10-18 11:53:27,979 [pool-227-thread-1] INFO  server.RaftServerConfigKeys (ConfUtils.java:logGet(43)) - raft.server.rpc.timeout.max = 5200ms (custom)
2019-10-18 11:53:27,979 [pool-237-thread-1] INFO  server.RaftServerConfigKeys (ConfUtils.java:logGet(43)) - raft.server.sleep.deviation.threshold = 300 (default)
2019-10-18 11:53:27,979 [pool-227-thread-1] INFO  server.RaftServerConfigKeys (ConfUtils.java:logGet(43)) - raft.server.rpcslowness.timeout = 120s (custom)
2019-10-18 11:53:27,979 [pool-237-thread-1] INFO  server.RaftServerConfigKeys (ConfUtils.java:logGet(43)) - raft.server.log.appender.install.snapshot.enabled = false (custom)
2019-10-18 11:53:27,979 [pool-227-thread-1] INFO  server.RaftServerConfigKeys (ConfUtils.java:logGet(43)) - raft.server.sleep.deviation.threshold = 300 (default)
2019-10-18 11:53:27,980 [pool-237-thread-1] INFO  impl.RaftServerImpl (ServerState.java:<init>(103)) - fb1ed16d-3917-4def-9a06-66a583737d75@group-89CC56618C23: ConfigurationManager, init=-1: [fb1ed16d-3917-4def-9a06-66a583737d75:192.168.34.5:34140, cb18064d-97f9-4e26-9e9f-ebca3c7dfd9b:192.168.34.5:33331, c6af97c9-d2a9-4f88-a5bc-1840035ee8a8:192.168.34.5:36149], old=null, confs=<EMPTY_MAP>
2019-10-18 11:53:27,980 [pool-227-thread-1] INFO  server.RaftServerConfigKeys (ConfUtils.java:logGet(43)) - raft.server.log.appender.install.snapshot.enabled = false (custom)
2019-10-18 11:53:27,980 [pool-227-thread-1] INFO  impl.RaftServerImpl (ServerState.java:<init>(103)) - cb18064d-97f9-4e26-9e9f-ebca3c7dfd9b@group-89CC56618C23: ConfigurationManager, init=-1: [fb1ed16d-3917-4def-9a06-66a583737d75:192.168.34.5:34140, cb18064d-97f9-4e26-9e9f-ebca3c7dfd9b:192.168.34.5:33331, c6af97c9-d2a9-4f88-a5bc-1840035ee8a8:192.168.34.5:36149], old=null, confs=<EMPTY_MAP>
2019-10-18 11:53:27,980 [pool-237-thread-1] INFO  server.RaftServerConfigKeys (ConfUtils.java:logGet(43)) - raft.server.storage.dir = [/workdir/hadoop-ozone/ozonefs/target/test-dir/MiniOzoneClusterImpl-6704c2a7-3590-417c-aa25-2b4ddf02eb25/datanode-1/data/ratis] (custom)
2019-10-18 11:53:27,980 [pool-227-thread-1] INFO  server.RaftServerConfigKeys (ConfUtils.java:logGet(43)) - raft.server.storage.dir = [/workdir/hadoop-ozone/ozonefs/target/test-dir/MiniOzoneClusterImpl-6704c2a7-3590-417c-aa25-2b4ddf02eb25/datanode-0/data/ratis] (custom)
2019-10-18 11:53:27,981 [pool-237-thread-1] INFO  server.RaftServerConfigKeys (ConfUtils.java:logGet(43)) - raft.server.log.corruption.policy = EXCEPTION (default)
2019-10-18 11:53:27,981 [pool-227-thread-1] INFO  server.RaftServerConfigKeys (ConfUtils.java:logGet(43)) - raft.server.log.corruption.policy = EXCEPTION (default)
2019-10-18 11:53:27,981 [pool-237-thread-1] INFO  storage.RaftStorageDirectory (RaftStorageDirectory.java:analyzeStorage(246)) - The storage directory /workdir/hadoop-ozone/ozonefs/target/test-dir/MiniOzoneClusterImpl-6704c2a7-3590-417c-aa25-2b4ddf02eb25/datanode-1/data/ratis/6f0341da-596c-4647-a401-89cc56618c23 does not exist. Creating ...
2019-10-18 11:53:27,981 [pool-227-thread-1] INFO  storage.RaftStorageDirectory (RaftStorageDirectory.java:analyzeStorage(246)) - The storage directory /workdir/hadoop-ozone/ozonefs/target/test-dir/MiniOzoneClusterImpl-6704c2a7-3590-417c-aa25-2b4ddf02eb25/datanode-0/data/ratis/6f0341da-596c-4647-a401-89cc56618c23 does not exist. Creating ...
2019-10-18 11:53:30,034 [Thread-1046] INFO  impl.FollowerState (FollowerState.java:run(108)) - cb18064d-97f9-4e26-9e9f-ebca3c7dfd9b@group-43F649B42404-FollowerState: change to CANDIDATE, lastRpcTime:5119ms, electionTimeout:5119ms
2019-10-18 11:53:30,035 [Thread-1046] INFO  impl.RoleInfo (RoleInfo.java:shutdownFollowerState(121)) - cb18064d-97f9-4e26-9e9f-ebca3c7dfd9b: shutdown FollowerState
2019-10-18 11:53:30,035 [Thread-1046] INFO  impl.RaftServerImpl (RaftServerImpl.java:setRole(170)) - cb18064d-97f9-4e26-9e9f-ebca3c7dfd9b@group-43F649B42404: changes role from  FOLLOWER to CANDIDATE at term 0 for changeToCandidate
2019-10-18 11:53:30,035 [Thread-1046] INFO  impl.RoleInfo (RoleInfo.java:updateAndGet(143)) - cb18064d-97f9-4e26-9e9f-ebca3c7dfd9b: start LeaderElection
2019-10-18 11:53:30,362 [pool-247-thread-1] INFO  storage.RaftStorage (RaftStorage.java:format(84)) - Storage directory /workdir/hadoop-ozone/ozonefs/target/test-dir/MiniOzoneClusterImpl-6704c2a7-3590-417c-aa25-2b4ddf02eb25/datanode-2/data/ratis/f5686750-18b8-44ac-9e36-537fc5b2a7f9 has been successfully formatted.
2019-10-18 11:53:30,363 [pool-247-thread-1] INFO  ratis.ContainerStateMachine (ContainerStateMachine.java:loadSnapshot(231)) - group-537FC5B2A7F9: The snapshot info is null. Setting the last applied indexto:(t:0, i:~)
2019-10-18 11:53:30,363 [pool-247-thread-1] INFO  server.RaftServerConfigKeys (ConfUtils.java:logGet(43)) - raft.server.notification.no-leader.timeout = 120s (custom)
2019-10-18 11:53:30,363 [pool-247-thread-1] INFO  server.RaftServerConfigKeys (ConfUtils.java:logGet(43)) - raft.server.log.use.memory = false (default)
2019-10-18 11:53:30,363 [pool-247-thread-1] INFO  server.RaftServerConfigKeys (ConfUtils.java:logGet(43)) - raft.server.log.purge.gap = 1000000 (custom)
2019-10-18 11:53:30,363 [pool-247-thread-1] INFO  server.RaftServerConfigKeys (ConfUtils.java:logGet(43)) - raft.server.log.appender.buffer.byte-limit = 33554432 (custom)
2019-10-18 11:53:30,364 [pool-247-thread-1] INFO  server.RaftServerConfigKeys (ConfUtils.java:logGet(43)) - raft.server.log.segment.size.max = 1048576 (custom)
2019-10-18 11:53:30,366 [pool-247-thread-1] INFO  server.RaftServerConfigKeys (ConfUtils.java:logGet(43)) - raft.server.log.segment.cache.num.max = 2 (custom)
2019-10-18 11:53:30,366 [pool-247-thread-1] INFO  segmented.SegmentedRaftLogWorker (SegmentedRaftLogWorker.java:<init>(173)) - new c6af97c9-d2a9-4f88-a5bc-1840035ee8a8@group-537FC5B2A7F9-SegmentedRaftLogWorker for RaftStorage:Storage Directory /workdir/hadoop-ozone/ozonefs/target/test-dir/MiniOzoneClusterImpl-6704c2a7-3590-417c-aa25-2b4ddf02eb25/datanode-2/data/ratis/f5686750-18b8-44ac-9e36-537fc5b2a7f9
2019-10-18 11:53:30,366 [pool-247-thread-1] INFO  server.RaftServerConfigKeys (ConfUtils.java:logGet(43)) - raft.server.log.queue.byte-limit = 2147483647 (custom)
2019-10-18 11:53:30,366 [pool-247-thread-1] INFO  server.RaftServerConfigKeys (ConfUtils.java:logGet(43)) - raft.server.log.queue.element-limit = 1024 (custom)
2019-10-18 11:53:30,366 [pool-247-thread-1] INFO  server.RaftServerConfigKeys (ConfUtils.java:logGet(43)) - raft.server.log.segment.size.max = 1048576 (custom)
2019-10-18 11:53:30,366 [pool-247-thread-1] INFO  server.RaftServerConfigKeys (ConfUtils.java:logGet(43)) - raft.server.log.preallocated.size = 16384 (custom)
2019-10-18 11:53:30,367 [pool-247-thread-1] INFO  server.RaftServerConfigKeys (ConfUtils.java:logGet(43)) - raft.server.log.write.buffer.size = 33554432 (custom)
2019-10-18 11:53:30,367 [pool-247-thread-1] INFO  server.RaftServerConfigKeys (ConfUtils.java:logGet(43)) - raft.server.log.force.sync.num = 128 (default)
2019-10-18 11:53:30,367 [pool-247-thread-1] INFO  server.RaftServerConfigKeys (ConfUtils.java:logGet(43)) - raft.server.log.statemachine.data.sync = true (default)
2019-10-18 11:53:30,367 [pool-247-thread-1] INFO  server.RaftServerConfigKeys (ConfUtils.java:logGet(43)) - raft.server.log.statemachine.data.sync.timeout = 10s (default)
2019-10-18 11:53:30,367 [pool-247-thread-1] INFO  server.RaftServerConfigKeys (ConfUtils.java:logGet(43)) - raft.server.log.statemachine.data.sync.timeout.retry = -1 (default)
2019-10-18 11:53:30,368 [pool-247-thread-1] INFO  server.RaftServerConfigKeys (ConfUtils.java:logGet(43)) - raft.server.log.statemachine.data.caching.enabled = true (custom)
2019-10-18 11:53:30,368 [pool-247-thread-1] INFO  segmented.SegmentedRaftLogWorker (SegmentedRaftLogWorker.java:lambda$new$0(128)) - c6af97c9-d2a9-4f88-a5bc-1840035ee8a8@group-537FC5B2A7F9-SegmentedRaftLogWorker: flushIndex: setUnconditionally 0 -> -1
2019-10-18 11:53:30,368 [pool-247-thread-1] INFO  server.RaftServerConfigKeys (ConfUtils.java:logGet(43)) - raft.server.snapshot.auto.trigger.enabled = true (custom)
2019-10-18 11:53:30,368 [pool-247-thread-1] INFO  server.RaftServerConfigKeys (ConfUtils.java:logGet(43)) - raft.server.snapshot.auto.trigger.threshold = 10000 (custom)
2019-10-18 11:53:30,368 [pool-247-thread-1] INFO  server.RaftServerConfigKeys (ConfUtils.java:logGet(43)) - raft.server.snapshot.retention.file.num = 5 (custom)
2019-10-18 11:53:30,369 [pool-247-thread-1] INFO  server.RaftServerConfigKeys (ConfUtils.java:logGet(43)) - raft.server.retrycache.expirytime = 600000ms (custom)
2019-10-18 11:53:30,372 [pool-247-thread-1] INFO  impl.RaftServerImpl (RaftServerImpl.java:<init>(95)) - c6af97c9-d2a9-4f88-a5bc-1840035ee8a8: new RaftServerImpl for group-89CC56618C23:[fb1ed16d-3917-4def-9a06-66a583737d75:192.168.34.5:34140, cb18064d-97f9-4e26-9e9f-ebca3c7dfd9b:192.168.34.5:33331, c6af97c9-d2a9-4f88-a5bc-1840035ee8a8:192.168.34.5:36149] with ContainerStateMachine:uninitialized
2019-10-18 11:53:30,372 [pool-247-thread-1] INFO  server.RaftServerConfigKeys (ConfUtils.java:logGet(43)) - raft.server.rpc.timeout.min = 5s (custom)
2019-10-18 11:53:30,372 [pool-247-thread-1] INFO  server.RaftServerConfigKeys (ConfUtils.java:logGet(43)) - raft.server.rpc.timeout.max = 5200ms (custom)
2019-10-18 11:53:30,372 [pool-247-thread-1] INFO  server.RaftServerConfigKeys (ConfUtils.java:logGet(43)) - raft.server.rpcslowness.timeout = 120s (custom)
2019-10-18 11:53:30,372 [pool-247-thread-1] INFO  server.RaftServerConfigKeys (ConfUtils.java:logGet(43)) - raft.server.sleep.deviation.threshold = 300 (default)
2019-10-18 11:53:30,373 [pool-247-thread-1] INFO  server.RaftServerConfigKeys (ConfUtils.java:logGet(43)) - raft.server.log.appender.install.snapshot.enabled = false (custom)
2019-10-18 11:53:30,373 [pool-247-thread-1] INFO  impl.RaftServerImpl (ServerState.java:<init>(103)) - c6af97c9-d2a9-4f88-a5bc-1840035ee8a8@group-89CC56618C23: ConfigurationManager, init=-1: [fb1ed16d-3917-4def-9a06-66a583737d75:192.168.34.5:34140, cb18064d-97f9-4e26-9e9f-ebca3c7dfd9b:192.168.34.5:33331, c6af97c9-d2a9-4f88-a5bc-1840035ee8a8:192.168.34.5:36149], old=null, confs=<EMPTY_MAP>
2019-10-18 11:53:30,373 [pool-247-thread-1] INFO  server.RaftServerConfigKeys (ConfUtils.java:logGet(43)) - raft.server.storage.dir = [/workdir/hadoop-ozone/ozonefs/target/test-dir/MiniOzoneClusterImpl-6704c2a7-3590-417c-aa25-2b4ddf02eb25/datanode-2/data/ratis] (custom)
2019-10-18 11:53:30,373 [pool-247-thread-1] INFO  server.RaftServerConfigKeys (ConfUtils.java:logGet(43)) - raft.server.log.corruption.policy = EXCEPTION (default)
2019-10-18 11:53:30,373 [pool-247-thread-1] INFO  storage.RaftStorageDirectory (RaftStorageDirectory.java:analyzeStorage(246)) - The storage directory /workdir/hadoop-ozone/ozonefs/target/test-dir/MiniOzoneClusterImpl-6704c2a7-3590-417c-aa25-2b4ddf02eb25/datanode-2/data/ratis/6f0341da-596c-4647-a401-89cc56618c23 does not exist. Creating ...
2019-10-18 11:53:30,733 [pool-227-thread-1] INFO  storage.RaftStorageDirectory (RaftStorageDirectory.java:tryLock(328)) - Lock on /workdir/hadoop-ozone/ozonefs/target/test-dir/MiniOzoneClusterImpl-6704c2a7-3590-417c-aa25-2b4ddf02eb25/datanode-0/data/ratis/6f0341da-596c-4647-a401-89cc56618c23/in_use.lock acquired by nodename 5968@pr-hdds-2208-pnh8d-353521125
2019-10-18 11:53:30,733 [pool-237-thread-1] INFO  storage.RaftStorageDirectory (RaftStorageDirectory.java:tryLock(328)) - Lock on /workdir/hadoop-ozone/ozonefs/target/test-dir/MiniOzoneClusterImpl-6704c2a7-3590-417c-aa25-2b4ddf02eb25/datanode-1/data/ratis/6f0341da-596c-4647-a401-89cc56618c23/in_use.lock acquired by nodename 5968@pr-hdds-2208-pnh8d-353521125
2019-10-18 11:53:30,957 [RATISCREATEPIPELINE1] ERROR pipeline.RatisPipelineProvider (RatisPipelineProvider.java:lambda$null$5(237)) - Failed invoke Ratis rpc org.apache.hadoop.hdds.scm.pipeline.RatisPipelineProvider$$Lambda$189/532767178@523d55da for c6af97c9-d2a9-4f88-a5bc-1840035ee8a8
org.apache.ratis.protocol.TimeoutIOException: deadline exceeded after 2987271504ns
	at org.apache.ratis.grpc.GrpcUtil.tryUnwrapException(GrpcUtil.java:82)
	at org.apache.ratis.grpc.GrpcUtil.unwrapException(GrpcUtil.java:75)
	at org.apache.ratis.grpc.client.GrpcClientProtocolClient.blockingCall(GrpcClientProtocolClient.java:184)
	at org.apache.ratis.grpc.client.GrpcClientProtocolClient.groupAdd(GrpcClientProtocolClient.java:153)
	at org.apache.ratis.grpc.client.GrpcClientRpc.sendRequest(GrpcClientRpc.java:94)
	at org.apache.ratis.client.impl.RaftClientImpl.sendRequest(RaftClientImpl.java:278)
	at org.apache.ratis.client.impl.RaftClientImpl.groupAdd(RaftClientImpl.java:205)
	at org.apache.hadoop.hdds.scm.pipeline.RatisPipelineProvider.lambda$initializePipeline$4(RatisPipelineProvider.java:198)
	at org.apache.hadoop.hdds.scm.pipeline.RatisPipelineProvider.lambda$null$5(RatisPipelineProvider.java:233)
	at java.util.stream.ForEachOps$ForEachOp$OfRef.accept(ForEachOps.java:183)
	at java.util.ArrayList$ArrayListSpliterator.forEachRemaining(ArrayList.java:1382)
	at java.util.stream.AbstractPipeline.copyInto(AbstractPipeline.java:482)
	at java.util.stream.ForEachOps$ForEachTask.compute(ForEachOps.java:290)
	at java.util.concurrent.CountedCompleter.exec(CountedCompleter.java:731)
	at java.util.concurrent.ForkJoinTask.doExec(ForkJoinTask.java:289)
	at java.util.concurrent.ForkJoinTask.doInvoke(ForkJoinTask.java:401)
	at java.util.concurrent.ForkJoinTask.invoke(ForkJoinTask.java:734)
	at java.util.stream.ForEachOps$ForEachOp.evaluateParallel(ForEachOps.java:159)
	at java.util.stream.ForEachOps$ForEachOp$OfRef.evaluateParallel(ForEachOps.java:173)
	at java.util.stream.AbstractPipeline.evaluate(AbstractPipeline.java:233)
	at java.util.stream.ReferencePipeline.forEach(ReferencePipeline.java:485)
	at java.util.stream.ReferencePipeline$Head.forEach(ReferencePipeline.java:650)
	at org.apache.hadoop.hdds.scm.pipeline.RatisPipelineProvider.lambda$callRatisRpc$6(RatisPipelineProvider.java:227)
	at java.util.concurrent.ForkJoinTask$AdaptedRunnableAction.exec(ForkJoinTask.java:1386)
	at java.util.concurrent.ForkJoinTask.doExec(ForkJoinTask.java:289)
	at java.util.concurrent.ForkJoinPool$WorkQueue.runTask(ForkJoinPool.java:1056)
	at java.util.concurrent.ForkJoinPool.runWorker(ForkJoinPool.java:1692)
	at java.util.concurrent.ForkJoinWorkerThread.run(ForkJoinWorkerThread.java:157)
Caused by: org.apache.ratis.thirdparty.io.grpc.StatusRuntimeException: DEADLINE_EXCEEDED: deadline exceeded after 2987271504ns
	at org.apache.ratis.thirdparty.io.grpc.stub.ClientCalls.toStatusRuntimeException(ClientCalls.java:233)
	at org.apache.ratis.thirdparty.io.grpc.stub.ClientCalls.getUnchecked(ClientCalls.java:214)
	at org.apache.ratis.thirdparty.io.grpc.stub.ClientCalls.blockingUnaryCall(ClientCalls.java:139)
	at org.apache.ratis.proto.grpc.AdminProtocolServiceGrpc$AdminProtocolServiceBlockingStub.groupManagement(AdminProtocolServiceGrpc.java:274)
	at org.apache.ratis.grpc.client.GrpcClientProtocolClient.lambda$groupAdd$3(GrpcClientProtocolClient.java:155)
	at org.apache.ratis.grpc.client.GrpcClientProtocolClient.blockingCall(GrpcClientProtocolClient.java:182)
	... 25 more
2019-10-18 11:53:30,958 [RATISCREATEPIPELINE3] ERROR pipeline.RatisPipelineProvider (RatisPipelineProvider.java:lambda$null$5(237)) - Failed invoke Ratis rpc org.apache.hadoop.hdds.scm.pipeline.RatisPipelineProvider$$Lambda$189/532767178@523d55da for fb1ed16d-3917-4def-9a06-66a583737d75
org.apache.ratis.protocol.TimeoutIOException
	at org.apache.ratis.grpc.GrpcUtil.tryUnwrapException(GrpcUtil.java:82)
	at org.apache.ratis.grpc.GrpcUtil.unwrapException(GrpcUtil.java:75)
	at org.apache.ratis.grpc.client.GrpcClientProtocolClient.blockingCall(GrpcClientProtocolClient.java:184)
	at org.apache.ratis.grpc.client.GrpcClientProtocolClient.groupAdd(GrpcClientProtocolClient.java:153)
	at org.apache.ratis.grpc.client.GrpcClientRpc.sendRequest(GrpcClientRpc.java:94)
	at org.apache.ratis.client.impl.RaftClientImpl.sendRequest(RaftClientImpl.java:278)
	at org.apache.ratis.client.impl.RaftClientImpl.groupAdd(RaftClientImpl.java:205)
	at org.apache.hadoop.hdds.scm.pipeline.RatisPipelineProvider.lambda$initializePipeline$4(RatisPipelineProvider.java:198)
	at org.apache.hadoop.hdds.scm.pipeline.RatisPipelineProvider.lambda$null$5(RatisPipelineProvider.java:233)
	at java.util.stream.ForEachOps$ForEachOp$OfRef.accept(ForEachOps.java:183)
	at java.util.ArrayList$ArrayListSpliterator.forEachRemaining(ArrayList.java:1382)
	at java.util.stream.AbstractPipeline.copyInto(AbstractPipeline.java:482)
	at java.util.stream.ForEachOps$ForEachTask.compute(ForEachOps.java:290)
	at java.util.concurrent.CountedCompleter.exec(CountedCompleter.java:731)
	at java.util.concurrent.ForkJoinTask.doExec(ForkJoinTask.java:289)
	at java.util.concurrent.ForkJoinPool$WorkQueue.runTask(ForkJoinPool.java:1056)
	at java.util.concurrent.ForkJoinPool.runWorker(ForkJoinPool.java:1692)
	at java.util.concurrent.ForkJoinWorkerThread.run(ForkJoinWorkerThread.java:157)
Caused by: org.apache.ratis.thirdparty.io.grpc.StatusRuntimeException: DEADLINE_EXCEEDED
	at org.apache.ratis.thirdparty.io.grpc.stub.ClientCalls.toStatusRuntimeException(ClientCalls.java:233)
	at org.apache.ratis.thirdparty.io.grpc.stub.ClientCalls.getUnchecked(ClientCalls.java:214)
	at org.apache.ratis.thirdparty.io.grpc.stub.ClientCalls.blockingUnaryCall(ClientCalls.java:139)
	at org.apache.ratis.proto.grpc.AdminProtocolServiceGrpc$AdminProtocolServiceBlockingStub.groupManagement(AdminProtocolServiceGrpc.java:274)
	at org.apache.ratis.grpc.client.GrpcClientProtocolClient.lambda$groupAdd$3(GrpcClientProtocolClient.java:155)
	at org.apache.ratis.grpc.client.GrpcClientProtocolClient.blockingCall(GrpcClientProtocolClient.java:182)
	... 15 more
2019-10-18 11:53:30,957 [RATISCREATEPIPELINE2] ERROR pipeline.RatisPipelineProvider (RatisPipelineProvider.java:lambda$null$5(237)) - Failed invoke Ratis rpc org.apache.hadoop.hdds.scm.pipeline.RatisPipelineProvider$$Lambda$189/532767178@523d55da for cb18064d-97f9-4e26-9e9f-ebca3c7dfd9b
org.apache.ratis.protocol.TimeoutIOException: deadline exceeded after 2999625901ns
	at org.apache.ratis.grpc.GrpcUtil.tryUnwrapException(GrpcUtil.java:82)
	at org.apache.ratis.grpc.GrpcUtil.unwrapException(GrpcUtil.java:75)
	at org.apache.ratis.grpc.client.GrpcClientProtocolClient.blockingCall(GrpcClientProtocolClient.java:184)
	at org.apache.ratis.grpc.client.GrpcClientProtocolClient.groupAdd(GrpcClientProtocolClient.java:153)
	at org.apache.ratis.grpc.client.GrpcClientRpc.sendRequest(GrpcClientRpc.java:94)
	at org.apache.ratis.client.impl.RaftClientImpl.sendRequest(RaftClientImpl.java:278)
	at org.apache.ratis.client.impl.RaftClientImpl.groupAdd(RaftClientImpl.java:205)
	at org.apache.hadoop.hdds.scm.pipeline.RatisPipelineProvider.lambda$initializePipeline$4(RatisPipelineProvider.java:198)
	at org.apache.hadoop.hdds.scm.pipeline.RatisPipelineProvider.lambda$null$5(RatisPipelineProvider.java:233)
	at java.util.stream.ForEachOps$ForEachOp$OfRef.accept(ForEachOps.java:183)
	at java.util.ArrayList$ArrayListSpliterator.forEachRemaining(ArrayList.java:1382)
	at java.util.stream.AbstractPipeline.copyInto(AbstractPipeline.java:482)
	at java.util.stream.ForEachOps$ForEachTask.compute(ForEachOps.java:290)
	at java.util.concurrent.CountedCompleter.exec(CountedCompleter.java:731)
	at java.util.concurrent.ForkJoinTask.doExec(ForkJoinTask.java:289)
	at java.util.concurrent.ForkJoinPool$WorkQueue.runTask(ForkJoinPool.java:1056)
	at java.util.concurrent.ForkJoinPool.runWorker(ForkJoinPool.java:1692)
	at java.util.concurrent.ForkJoinWorkerThread.run(ForkJoinWorkerThread.java:157)
Caused by: org.apache.ratis.thirdparty.io.grpc.StatusRuntimeException: DEADLINE_EXCEEDED: deadline exceeded after 2999625901ns
	at org.apache.ratis.thirdparty.io.grpc.stub.ClientCalls.toStatusRuntimeException(ClientCalls.java:233)
	at org.apache.ratis.thirdparty.io.grpc.stub.ClientCalls.getUnchecked(ClientCalls.java:214)
	at org.apache.ratis.thirdparty.io.grpc.stub.ClientCalls.blockingUnaryCall(ClientCalls.java:139)
	at org.apache.ratis.proto.grpc.AdminProtocolServiceGrpc$AdminProtocolServiceBlockingStub.groupManagement(AdminProtocolServiceGrpc.java:274)
	at org.apache.ratis.grpc.client.GrpcClientProtocolClient.lambda$groupAdd$3(GrpcClientProtocolClient.java:155)
	at org.apache.ratis.grpc.client.GrpcClientProtocolClient.blockingCall(GrpcClientProtocolClient.java:182)
	... 15 more
2019-10-18 11:53:30,978 [grpc-default-executor-2] INFO  impl.RaftServerProxy (RaftServerProxy.java:addNew(89)) - c6af97c9-d2a9-4f88-a5bc-1840035ee8a8: addNew group-AECCD14C8BD6:[c6af97c9-d2a9-4f88-a5bc-1840035ee8a8:192.168.34.5:36149] returns group-AECCD14C8BD6:java.util.concurrent.CompletableFuture@cacfd8c[Not completed]
2019-10-18 11:53:31,465 [pool-247-thread-1] INFO  storage.RaftStorageDirectory (RaftStorageDirectory.java:tryLock(328)) - Lock on /workdir/hadoop-ozone/ozonefs/target/test-dir/MiniOzoneClusterImpl-6704c2a7-3590-417c-aa25-2b4ddf02eb25/datanode-2/data/ratis/6f0341da-596c-4647-a401-89cc56618c23/in_use.lock acquired by nodename 5968@pr-hdds-2208-pnh8d-353521125
2019-10-18 11:53:31,823 [cb18064d-97f9-4e26-9e9f-ebca3c7dfd9b@group-43F649B42404-LeaderElection25] INFO  impl.LeaderElection (LeaderElection.java:askForVotes(178)) - cb18064d-97f9-4e26-9e9f-ebca3c7dfd9b@group-43F649B42404-LeaderElection25: begin an election at term 1 for -1: [cb18064d-97f9-4e26-9e9f-ebca3c7dfd9b:192.168.34.5:33331], old=null
2019-10-18 11:53:31,823 [cb18064d-97f9-4e26-9e9f-ebca3c7dfd9b@group-43F649B42404-LeaderElection25] INFO  impl.RoleInfo (RoleInfo.java:shutdownLeaderElection(134)) - cb18064d-97f9-4e26-9e9f-ebca3c7dfd9b: shutdown LeaderElection
2019-10-18 11:53:31,824 [cb18064d-97f9-4e26-9e9f-ebca3c7dfd9b@group-43F649B42404-LeaderElection25] INFO  impl.RaftServerImpl (RaftServerImpl.java:setRole(170)) - cb18064d-97f9-4e26-9e9f-ebca3c7dfd9b@group-43F649B42404: changes role from CANDIDATE to LEADER at term 1 for changeToLeader
2019-10-18 11:53:31,824 [cb18064d-97f9-4e26-9e9f-ebca3c7dfd9b@group-43F649B42404-LeaderElection25] INFO  impl.RaftServerImpl (ServerState.java:setLeader(255)) - cb18064d-97f9-4e26-9e9f-ebca3c7dfd9b@group-43F649B42404: change Leader from null to cb18064d-97f9-4e26-9e9f-ebca3c7dfd9b at term 1 for becomeLeader, leader elected after 6918ms
2019-10-18 11:53:31,824 [cb18064d-97f9-4e26-9e9f-ebca3c7dfd9b@group-43F649B42404-LeaderElection25] INFO  server.RaftServerConfigKeys (ConfUtils.java:logGet(43)) - raft.server.staging.catchup.gap = 1000 (default)
2019-10-18 11:53:31,824 [cb18064d-97f9-4e26-9e9f-ebca3c7dfd9b@group-43F649B42404-LeaderElection25] INFO  server.RaftServerConfigKeys (ConfUtils.java:logGet(43)) - raft.server.rpc.sleep.time = 25ms (default)
2019-10-18 11:53:31,825 [cb18064d-97f9-4e26-9e9f-ebca3c7dfd9b@group-43F649B42404-LeaderElection25] INFO  server.RaftServerConfigKeys (ConfUtils.java:logGet(43)) - raft.server.write.element-limit = 4096 (default)
2019-10-18 11:53:31,825 [cb18064d-97f9-4e26-9e9f-ebca3c7dfd9b@group-43F649B42404-LeaderElection25] INFO  server.RaftServerConfigKeys (ConfUtils.java:logGet(43)) - raft.server.watch.timeout = 10s (default)
2019-10-18 11:53:31,825 [cb18064d-97f9-4e26-9e9f-ebca3c7dfd9b@group-43F649B42404-LeaderElection25] INFO  server.RaftServerConfigKeys (ConfUtils.java:logGet(43)) - raft.server.watch.timeout.denomination = 1s (default)
2019-10-18 11:53:31,825 [cb18064d-97f9-4e26-9e9f-ebca3c7dfd9b@group-43F649B42404-LeaderElection25] INFO  server.RaftServerConfigKeys (ConfUtils.java:logGet(43)) - raft.server.watch.element-limit = 65536 (default)
2019-10-18 11:53:31,828 [cb18064d-97f9-4e26-9e9f-ebca3c7dfd9b@group-43F649B42404-LeaderElection25] INFO  impl.RoleInfo (RoleInfo.java:updateAndGet(143)) - cb18064d-97f9-4e26-9e9f-ebca3c7dfd9b: start LeaderState
2019-10-18 11:53:31,829 [cb18064d-97f9-4e26-9e9f-ebca3c7dfd9b@group-43F649B42404-LeaderElection25] INFO  segmented.SegmentedRaftLogWorker (SegmentedRaftLogWorker.java:startLogSegment(385)) - cb18064d-97f9-4e26-9e9f-ebca3c7dfd9b@group-43F649B42404-SegmentedRaftLogWorker: Starting segment from index:0
2019-10-18 11:53:31,830 [cb18064d-97f9-4e26-9e9f-ebca3c7dfd9b@group-43F649B42404-LeaderElection25] INFO  impl.RaftServerImpl (ServerState.java:setRaftConf(356)) - cb18064d-97f9-4e26-9e9f-ebca3c7dfd9b@group-43F649B42404: set configuration 0: [cb18064d-97f9-4e26-9e9f-ebca3c7dfd9b:192.168.34.5:33331], old=null at 0
2019-10-18 11:53:32,789 [pool-237-thread-1] INFO  storage.RaftStorage (RaftStorage.java:format(84)) - Storage directory /workdir/hadoop-ozone/ozonefs/target/test-dir/MiniOzoneClusterImpl-6704c2a7-3590-417c-aa25-2b4ddf02eb25/datanode-1/data/ratis/6f0341da-596c-4647-a401-89cc56618c23 has been successfully formatted.
2019-10-18 11:53:32,789 [pool-227-thread-1] INFO  storage.RaftStorage (RaftStorage.java:format(84)) - Storage directory /workdir/hadoop-ozone/ozonefs/target/test-dir/MiniOzoneClusterImpl-6704c2a7-3590-417c-aa25-2b4ddf02eb25/datanode-0/data/ratis/6f0341da-596c-4647-a401-89cc56618c23 has been successfully formatted.
2019-10-18 11:53:32,789 [pool-237-thread-1] INFO  ratis.ContainerStateMachine (ContainerStateMachine.java:loadSnapshot(231)) - group-89CC56618C23: The snapshot info is null. Setting the last applied indexto:(t:0, i:~)
2019-10-18 11:53:32,789 [pool-227-thread-1] INFO  ratis.ContainerStateMachine (ContainerStateMachine.java:loadSnapshot(231)) - group-89CC56618C23: The snapshot info is null. Setting the last applied indexto:(t:0, i:~)
2019-10-18 11:53:32,789 [pool-237-thread-1] INFO  server.RaftServerConfigKeys (ConfUtils.java:logGet(43)) - raft.server.notification.no-leader.timeout = 120s (custom)
2019-10-18 11:53:32,790 [pool-227-thread-1] INFO  server.RaftServerConfigKeys (ConfUtils.java:logGet(43)) - raft.server.notification.no-leader.timeout = 120s (custom)
2019-10-18 11:53:32,790 [pool-237-thread-1] INFO  server.RaftServerConfigKeys (ConfUtils.java:logGet(43)) - raft.server.log.use.memory = false (default)
2019-10-18 11:53:32,790 [pool-227-thread-1] INFO  server.RaftServerConfigKeys (ConfUtils.java:logGet(43)) - raft.server.log.use.memory = false (default)
2019-10-18 11:53:32,790 [pool-237-thread-1] INFO  server.RaftServerConfigKeys (ConfUtils.java:logGet(43)) - raft.server.log.purge.gap = 1000000 (custom)
2019-10-18 11:53:32,790 [pool-227-thread-1] INFO  server.RaftServerConfigKeys (ConfUtils.java:logGet(43)) - raft.server.log.purge.gap = 1000000 (custom)
2019-10-18 11:53:32,790 [pool-237-thread-1] INFO  server.RaftServerConfigKeys (ConfUtils.java:logGet(43)) - raft.server.log.appender.buffer.byte-limit = 33554432 (custom)
2019-10-18 11:53:32,791 [pool-227-thread-1] INFO  server.RaftServerConfigKeys (ConfUtils.java:logGet(43)) - raft.server.log.appender.buffer.byte-limit = 33554432 (custom)
2019-10-18 11:53:32,791 [pool-237-thread-1] INFO  server.RaftServerConfigKeys (ConfUtils.java:logGet(43)) - raft.server.log.segment.size.max = 1048576 (custom)
2019-10-18 11:53:32,791 [pool-227-thread-1] INFO  server.RaftServerConfigKeys (ConfUtils.java:logGet(43)) - raft.server.log.segment.size.max = 1048576 (custom)
2019-10-18 11:53:32,791 [pool-227-thread-1] INFO  server.RaftServerConfigKeys (ConfUtils.java:logGet(43)) - raft.server.log.segment.cache.num.max = 2 (custom)
2019-10-18 11:53:32,791 [pool-227-thread-1] INFO  segmented.SegmentedRaftLogWorker (SegmentedRaftLogWorker.java:<init>(173)) - new cb18064d-97f9-4e26-9e9f-ebca3c7dfd9b@group-89CC56618C23-SegmentedRaftLogWorker for RaftStorage:Storage Directory /workdir/hadoop-ozone/ozonefs/target/test-dir/MiniOzoneClusterImpl-6704c2a7-3590-417c-aa25-2b4ddf02eb25/datanode-0/data/ratis/6f0341da-596c-4647-a401-89cc56618c23
2019-10-18 11:53:32,792 [pool-227-thread-1] INFO  server.RaftServerConfigKeys (ConfUtils.java:logGet(43)) - raft.server.log.queue.byte-limit = 2147483647 (custom)
2019-10-18 11:53:32,792 [pool-227-thread-1] INFO  server.RaftServerConfigKeys (ConfUtils.java:logGet(43)) - raft.server.log.queue.element-limit = 1024 (custom)
2019-10-18 11:53:32,792 [pool-227-thread-1] INFO  server.RaftServerConfigKeys (ConfUtils.java:logGet(43)) - raft.server.log.segment.size.max = 1048576 (custom)
2019-10-18 11:53:32,792 [pool-227-thread-1] INFO  server.RaftServerConfigKeys (ConfUtils.java:logGet(43)) - raft.server.log.preallocated.size = 16384 (custom)
2019-10-18 11:53:32,792 [pool-227-thread-1] INFO  server.RaftServerConfigKeys (ConfUtils.java:logGet(43)) - raft.server.log.write.buffer.size = 33554432 (custom)
2019-10-18 11:53:32,792 [pool-227-thread-1] INFO  server.RaftServerConfigKeys (ConfUtils.java:logGet(43)) - raft.server.log.force.sync.num = 128 (default)
2019-10-18 11:53:32,793 [pool-227-thread-1] INFO  server.RaftServerConfigKeys (ConfUtils.java:logGet(43)) - raft.server.log.statemachine.data.sync = true (default)
2019-10-18 11:53:32,793 [pool-227-thread-1] INFO  server.RaftServerConfigKeys (ConfUtils.java:logGet(43)) - raft.server.log.statemachine.data.sync.timeout = 10s (default)
2019-10-18 11:53:32,793 [pool-227-thread-1] INFO  server.RaftServerConfigKeys (ConfUtils.java:logGet(43)) - raft.server.log.statemachine.data.sync.timeout.retry = -1 (default)
2019-10-18 11:53:32,793 [pool-227-thread-1] INFO  server.RaftServerConfigKeys (ConfUtils.java:logGet(43)) - raft.server.log.statemachine.data.caching.enabled = true (custom)
2019-10-18 11:53:32,794 [pool-227-thread-1] INFO  segmented.SegmentedRaftLogWorker (SegmentedRaftLogWorker.java:lambda$new$0(128)) - cb18064d-97f9-4e26-9e9f-ebca3c7dfd9b@group-89CC56618C23-SegmentedRaftLogWorker: flushIndex: setUnconditionally 0 -> -1
2019-10-18 11:53:32,794 [pool-227-thread-1] INFO  server.RaftServerConfigKeys (ConfUtils.java:logGet(43)) - raft.server.snapshot.auto.trigger.enabled = true (custom)
2019-10-18 11:53:32,794 [pool-227-thread-1] INFO  server.RaftServerConfigKeys (ConfUtils.java:logGet(43)) - raft.server.snapshot.auto.trigger.threshold = 10000 (custom)
2019-10-18 11:53:32,795 [pool-227-thread-1] INFO  server.RaftServerConfigKeys (ConfUtils.java:logGet(43)) - raft.server.snapshot.retention.file.num = 5 (custom)
2019-10-18 11:53:32,795 [pool-227-thread-1] INFO  server.RaftServerConfigKeys (ConfUtils.java:logGet(43)) - raft.server.retrycache.expirytime = 600000ms (custom)
2019-10-18 11:53:32,796 [pool-237-thread-1] INFO  server.RaftServerConfigKeys (ConfUtils.java:logGet(43)) - raft.server.log.segment.cache.num.max = 2 (custom)
2019-10-18 11:53:32,797 [pool-237-thread-1] INFO  segmented.SegmentedRaftLogWorker (SegmentedRaftLogWorker.java:<init>(173)) - new fb1ed16d-3917-4def-9a06-66a583737d75@group-89CC56618C23-SegmentedRaftLogWorker for RaftStorage:Storage Directory /workdir/hadoop-ozone/ozonefs/target/test-dir/MiniOzoneClusterImpl-6704c2a7-3590-417c-aa25-2b4ddf02eb25/datanode-1/data/ratis/6f0341da-596c-4647-a401-89cc56618c23
2019-10-18 11:53:32,797 [pool-237-thread-1] INFO  server.RaftServerConfigKeys (ConfUtils.java:logGet(43)) - raft.server.log.queue.byte-limit = 2147483647 (custom)
2019-10-18 11:53:32,797 [pool-237-thread-1] INFO  server.RaftServerConfigKeys (ConfUtils.java:logGet(43)) - raft.server.log.queue.element-limit = 1024 (custom)
2019-10-18 11:53:32,797 [pool-237-thread-1] INFO  server.RaftServerConfigKeys (ConfUtils.java:logGet(43)) - raft.server.log.segment.size.max = 1048576 (custom)
2019-10-18 11:53:32,797 [pool-237-thread-1] INFO  server.RaftServerConfigKeys (ConfUtils.java:logGet(43)) - raft.server.log.preallocated.size = 16384 (custom)
2019-10-18 11:53:32,797 [pool-237-thread-1] INFO  server.RaftServerConfigKeys (ConfUtils.java:logGet(43)) - raft.server.log.write.buffer.size = 33554432 (custom)
2019-10-18 11:53:32,798 [pool-237-thread-1] INFO  server.RaftServerConfigKeys (ConfUtils.java:logGet(43)) - raft.server.log.force.sync.num = 128 (default)
2019-10-18 11:53:32,798 [pool-237-thread-1] INFO  server.RaftServerConfigKeys (ConfUtils.java:logGet(43)) - raft.server.log.statemachine.data.sync = true (default)
2019-10-18 11:53:32,798 [pool-237-thread-1] INFO  server.RaftServerConfigKeys (ConfUtils.java:logGet(43)) - raft.server.log.statemachine.data.sync.timeout = 10s (default)
2019-10-18 11:53:32,798 [pool-227-thread-1] INFO  impl.RaftServerImpl (RaftServerImpl.java:start(181)) - cb18064d-97f9-4e26-9e9f-ebca3c7dfd9b@group-89CC56618C23: start as a follower, conf=-1: [fb1ed16d-3917-4def-9a06-66a583737d75:192.168.34.5:34140, cb18064d-97f9-4e26-9e9f-ebca3c7dfd9b:192.168.34.5:33331, c6af97c9-d2a9-4f88-a5bc-1840035ee8a8:192.168.34.5:36149], old=null
2019-10-18 11:53:32,798 [pool-237-thread-1] INFO  server.RaftServerConfigKeys (ConfUtils.java:logGet(43)) - raft.server.log.statemachine.data.sync.timeout.retry = -1 (default)
2019-10-18 11:53:32,798 [pool-227-thread-1] INFO  impl.RaftServerImpl (RaftServerImpl.java:setRole(170)) - cb18064d-97f9-4e26-9e9f-ebca3c7dfd9b@group-89CC56618C23: changes role from      null to FOLLOWER at term 0 for startAsFollower
2019-10-18 11:53:32,798 [pool-227-thread-1] INFO  impl.RoleInfo (RoleInfo.java:updateAndGet(143)) - cb18064d-97f9-4e26-9e9f-ebca3c7dfd9b: start FollowerState
2019-10-18 11:53:32,799 [pool-237-thread-1] INFO  server.RaftServerConfigKeys (ConfUtils.java:logGet(43)) - raft.server.log.statemachine.data.caching.enabled = true (custom)
2019-10-18 11:53:32,799 [pool-227-thread-1] INFO  util.JmxRegister (JmxRegister.java:tryRegister(44)) - Successfully registered JMX Bean with object name Ratis:service=RaftServer,group=group-89CC56618C23,id=cb18064d-97f9-4e26-9e9f-ebca3c7dfd9b
2019-10-18 11:53:32,799 [pool-237-thread-1] INFO  segmented.SegmentedRaftLogWorker (SegmentedRaftLogWorker.java:lambda$new$0(128)) - fb1ed16d-3917-4def-9a06-66a583737d75@group-89CC56618C23-SegmentedRaftLogWorker: flushIndex: setUnconditionally 0 -> -1
2019-10-18 11:53:32,800 [pool-237-thread-1] INFO  server.RaftServerConfigKeys (ConfUtils.java:logGet(43)) - raft.server.snapshot.auto.trigger.enabled = true (custom)
2019-10-18 11:53:32,800 [pool-237-thread-1] INFO  server.RaftServerConfigKeys (ConfUtils.java:logGet(43)) - raft.server.snapshot.auto.trigger.threshold = 10000 (custom)
2019-10-18 11:53:32,800 [pool-237-thread-1] INFO  server.RaftServerConfigKeys (ConfUtils.java:logGet(43)) - raft.server.snapshot.retention.file.num = 5 (custom)
2019-10-18 11:53:32,800 [pool-237-thread-1] INFO  server.RaftServerConfigKeys (ConfUtils.java:logGet(43)) - raft.server.retrycache.expirytime = 600000ms (custom)
2019-10-18 11:53:32,803 [pool-237-thread-1] INFO  impl.RaftServerImpl (RaftServerImpl.java:start(181)) - fb1ed16d-3917-4def-9a06-66a583737d75@group-89CC56618C23: start as a follower, conf=-1: [fb1ed16d-3917-4def-9a06-66a583737d75:192.168.34.5:34140, cb18064d-97f9-4e26-9e9f-ebca3c7dfd9b:192.168.34.5:33331, c6af97c9-d2a9-4f88-a5bc-1840035ee8a8:192.168.34.5:36149], old=null
2019-10-18 11:53:32,803 [pool-237-thread-1] INFO  impl.RaftServerImpl (RaftServerImpl.java:setRole(170)) - fb1ed16d-3917-4def-9a06-66a583737d75@group-89CC56618C23: changes role from      null to FOLLOWER at term 0 for startAsFollower
2019-10-18 11:53:32,804 [pool-237-thread-1] INFO  impl.RoleInfo (RoleInfo.java:updateAndGet(143)) - fb1ed16d-3917-4def-9a06-66a583737d75: start FollowerState
2019-10-18 11:53:32,804 [pool-237-thread-1] INFO  util.JmxRegister (JmxRegister.java:tryRegister(44)) - Successfully registered JMX Bean with object name Ratis:service=RaftServer,group=group-89CC56618C23,id=fb1ed16d-3917-4def-9a06-66a583737d75
2019-10-18 11:53:33,718 [cb18064d-97f9-4e26-9e9f-ebca3c7dfd9b@group-43F649B42404-SegmentedRaftLogWorker] INFO  segmented.SegmentedRaftLogWorker (SegmentedRaftLogWorker.java:execute(574)) - cb18064d-97f9-4e26-9e9f-ebca3c7dfd9b@group-43F649B42404-SegmentedRaftLogWorker: created new log segment /workdir/hadoop-ozone/ozonefs/target/test-dir/MiniOzoneClusterImpl-6704c2a7-3590-417c-aa25-2b4ddf02eb25/datanode-0/data/ratis/ecd9eb0f-21b5-43fc-9ed7-43f649b42404/current/log_inprogress_0
2019-10-18 11:53:33,718 [pool-247-thread-1] INFO  storage.RaftStorage (RaftStorage.java:format(84)) - Storage directory /workdir/hadoop-ozone/ozonefs/target/test-dir/MiniOzoneClusterImpl-6704c2a7-3590-417c-aa25-2b4ddf02eb25/datanode-2/data/ratis/6f0341da-596c-4647-a401-89cc56618c23 has been successfully formatted.
2019-10-18 11:53:33,718 [pool-247-thread-1] INFO  ratis.ContainerStateMachine (ContainerStateMachine.java:loadSnapshot(231)) - group-89CC56618C23: The snapshot info is null. Setting the last applied indexto:(t:0, i:~)
2019-10-18 11:53:33,719 [pool-247-thread-1] INFO  server.RaftServerConfigKeys (ConfUtils.java:logGet(43)) - raft.server.notification.no-leader.timeout = 120s (custom)
2019-10-18 11:53:33,719 [pool-247-thread-1] INFO  server.RaftServerConfigKeys (ConfUtils.java:logGet(43)) - raft.server.log.use.memory = false (default)
2019-10-18 11:53:33,719 [pool-247-thread-1] INFO  server.RaftServerConfigKeys (ConfUtils.java:logGet(43)) - raft.server.log.purge.gap = 1000000 (custom)
2019-10-18 11:53:33,719 [pool-247-thread-1] INFO  server.RaftServerConfigKeys (ConfUtils.java:logGet(43)) - raft.server.log.appender.buffer.byte-limit = 33554432 (custom)
2019-10-18 11:53:33,719 [pool-247-thread-1] INFO  server.RaftServerConfigKeys (ConfUtils.java:logGet(43)) - raft.server.log.segment.size.max = 1048576 (custom)
2019-10-18 11:53:33,719 [pool-247-thread-1] INFO  server.RaftServerConfigKeys (ConfUtils.java:logGet(43)) - raft.server.log.segment.cache.num.max = 2 (custom)
2019-10-18 11:53:33,719 [pool-247-thread-1] INFO  segmented.SegmentedRaftLogWorker (SegmentedRaftLogWorker.java:<init>(173)) - new c6af97c9-d2a9-4f88-a5bc-1840035ee8a8@group-89CC56618C23-SegmentedRaftLogWorker for RaftStorage:Storage Directory /workdir/hadoop-ozone/ozonefs/target/test-dir/MiniOzoneClusterImpl-6704c2a7-3590-417c-aa25-2b4ddf02eb25/datanode-2/data/ratis/6f0341da-596c-4647-a401-89cc56618c23
2019-10-18 11:53:33,720 [pool-247-thread-1] INFO  server.RaftServerConfigKeys (ConfUtils.java:logGet(43)) - raft.server.log.queue.byte-limit = 2147483647 (custom)
2019-10-18 11:53:33,720 [pool-247-thread-1] INFO  server.RaftServerConfigKeys (ConfUtils.java:logGet(43)) - raft.server.log.queue.element-limit = 1024 (custom)
2019-10-18 11:53:33,720 [pool-247-thread-1] INFO  server.RaftServerConfigKeys (ConfUtils.java:logGet(43)) - raft.server.log.segment.size.max = 1048576 (custom)
2019-10-18 11:53:33,720 [pool-247-thread-1] INFO  server.RaftServerConfigKeys (ConfUtils.java:logGet(43)) - raft.server.log.preallocated.size = 16384 (custom)
2019-10-18 11:53:33,720 [pool-247-thread-1] INFO  server.RaftServerConfigKeys (ConfUtils.java:logGet(43)) - raft.server.log.write.buffer.size = 33554432 (custom)
2019-10-18 11:53:33,720 [pool-247-thread-1] INFO  server.RaftServerConfigKeys (ConfUtils.java:logGet(43)) - raft.server.log.force.sync.num = 128 (default)
2019-10-18 11:53:33,720 [pool-247-thread-1] INFO  server.RaftServerConfigKeys (ConfUtils.java:logGet(43)) - raft.server.log.statemachine.data.sync = true (default)
2019-10-18 11:53:33,720 [pool-247-thread-1] INFO  server.RaftServerConfigKeys (ConfUtils.java:logGet(43)) - raft.server.log.statemachine.data.sync.timeout = 10s (default)
2019-10-18 11:53:33,720 [pool-247-thread-1] INFO  server.RaftServerConfigKeys (ConfUtils.java:logGet(43)) - raft.server.log.statemachine.data.sync.timeout.retry = -1 (default)
2019-10-18 11:53:33,721 [pool-247-thread-1] INFO  server.RaftServerConfigKeys (ConfUtils.java:logGet(43)) - raft.server.log.statemachine.data.caching.enabled = true (custom)
2019-10-18 11:53:33,721 [pool-247-thread-1] INFO  segmented.SegmentedRaftLogWorker (SegmentedRaftLogWorker.java:lambda$new$0(128)) - c6af97c9-d2a9-4f88-a5bc-1840035ee8a8@group-89CC56618C23-SegmentedRaftLogWorker: flushIndex: setUnconditionally 0 -> -1
2019-10-18 11:53:33,721 [pool-247-thread-1] INFO  server.RaftServerConfigKeys (ConfUtils.java:logGet(43)) - raft.server.snapshot.auto.trigger.enabled = true (custom)
2019-10-18 11:53:33,721 [pool-247-thread-1] INFO  server.RaftServerConfigKeys (ConfUtils.java:logGet(43)) - raft.server.snapshot.auto.trigger.threshold = 10000 (custom)
2019-10-18 11:53:33,722 [pool-247-thread-1] INFO  server.RaftServerConfigKeys (ConfUtils.java:logGet(43)) - raft.server.snapshot.retention.file.num = 5 (custom)
2019-10-18 11:53:33,722 [pool-247-thread-1] INFO  server.RaftServerConfigKeys (ConfUtils.java:logGet(43)) - raft.server.retrycache.expirytime = 600000ms (custom)
2019-10-18 11:53:33,725 [pool-247-thread-1] INFO  impl.RaftServerImpl (RaftServerImpl.java:start(181)) - c6af97c9-d2a9-4f88-a5bc-1840035ee8a8@group-537FC5B2A7F9: start as a follower, conf=-1: [c6af97c9-d2a9-4f88-a5bc-1840035ee8a8:192.168.34.5:36149], old=null
2019-10-18 11:53:33,725 [pool-247-thread-1] INFO  impl.RaftServerImpl (RaftServerImpl.java:setRole(170)) - c6af97c9-d2a9-4f88-a5bc-1840035ee8a8@group-537FC5B2A7F9: changes role from      null to FOLLOWER at term 0 for startAsFollower
2019-10-18 11:53:33,725 [pool-247-thread-1] INFO  impl.RoleInfo (RoleInfo.java:updateAndGet(143)) - c6af97c9-d2a9-4f88-a5bc-1840035ee8a8: start FollowerState
2019-10-18 11:53:33,726 [pool-247-thread-1] INFO  util.JmxRegister (JmxRegister.java:tryRegister(44)) - Successfully registered JMX Bean with object name Ratis:service=RaftServer,group=group-537FC5B2A7F9,id=c6af97c9-d2a9-4f88-a5bc-1840035ee8a8
2019-10-18 11:53:33,732 [pool-247-thread-1] INFO  impl.RaftServerImpl (RaftServerImpl.java:<init>(95)) - c6af97c9-d2a9-4f88-a5bc-1840035ee8a8: new RaftServerImpl for group-AECCD14C8BD6:[c6af97c9-d2a9-4f88-a5bc-1840035ee8a8:192.168.34.5:36149] with ContainerStateMachine:uninitialized
2019-10-18 11:53:33,732 [pool-247-thread-1] INFO  server.RaftServerConfigKeys (ConfUtils.java:logGet(43)) - raft.server.rpc.timeout.min = 5s (custom)
2019-10-18 11:53:33,732 [pool-247-thread-1] INFO  server.RaftServerConfigKeys (ConfUtils.java:logGet(43)) - raft.server.rpc.timeout.max = 5200ms (custom)
2019-10-18 11:53:33,732 [pool-247-thread-1] INFO  server.RaftServerConfigKeys (ConfUtils.java:logGet(43)) - raft.server.rpcslowness.timeout = 120s (custom)
2019-10-18 11:53:33,732 [pool-247-thread-1] INFO  server.RaftServerConfigKeys (ConfUtils.java:logGet(43)) - raft.server.sleep.deviation.threshold = 300 (default)
2019-10-18 11:53:33,732 [pool-247-thread-1] INFO  server.RaftServerConfigKeys (ConfUtils.java:logGet(43)) - raft.server.log.appender.install.snapshot.enabled = false (custom)
2019-10-18 11:53:33,732 [pool-247-thread-1] INFO  impl.RaftServerImpl (ServerState.java:<init>(103)) - c6af97c9-d2a9-4f88-a5bc-1840035ee8a8@group-AECCD14C8BD6: ConfigurationManager, init=-1: [c6af97c9-d2a9-4f88-a5bc-1840035ee8a8:192.168.34.5:36149], old=null, confs=<EMPTY_MAP>
2019-10-18 11:53:33,733 [pool-247-thread-1] INFO  server.RaftServerConfigKeys (ConfUtils.java:logGet(43)) - raft.server.storage.dir = [/workdir/hadoop-ozone/ozonefs/target/test-dir/MiniOzoneClusterImpl-6704c2a7-3590-417c-aa25-2b4ddf02eb25/datanode-2/data/ratis] (custom)
2019-10-18 11:53:33,733 [pool-247-thread-1] INFO  server.RaftServerConfigKeys (ConfUtils.java:logGet(43)) - raft.server.log.corruption.policy = EXCEPTION (default)
2019-10-18 11:53:33,733 [pool-247-thread-1] INFO  storage.RaftStorageDirectory (RaftStorageDirectory.java:analyzeStorage(246)) - The storage directory /workdir/hadoop-ozone/ozonefs/target/test-dir/MiniOzoneClusterImpl-6704c2a7-3590-417c-aa25-2b4ddf02eb25/datanode-2/data/ratis/5286cd3d-9e6e-4c39-9228-aeccd14c8bd6 does not exist. Creating ...
2019-10-18 11:53:33,972 [RATISCREATEPIPELINE1] ERROR pipeline.RatisPipelineProvider (RatisPipelineProvider.java:lambda$null$5(237)) - Failed invoke Ratis rpc org.apache.hadoop.hdds.scm.pipeline.RatisPipelineProvider$$Lambda$189/532767178@530db620 for c6af97c9-d2a9-4f88-a5bc-1840035ee8a8
org.apache.ratis.protocol.TimeoutIOException: deadline exceeded after 2999698094ns
	at org.apache.ratis.grpc.GrpcUtil.tryUnwrapException(GrpcUtil.java:82)
	at org.apache.ratis.grpc.GrpcUtil.unwrapException(GrpcUtil.java:75)
	at org.apache.ratis.grpc.client.GrpcClientProtocolClient.blockingCall(GrpcClientProtocolClient.java:184)
	at org.apache.ratis.grpc.client.GrpcClientProtocolClient.groupAdd(GrpcClientProtocolClient.java:153)
	at org.apache.ratis.grpc.client.GrpcClientRpc.sendRequest(GrpcClientRpc.java:94)
	at org.apache.ratis.client.impl.RaftClientImpl.sendRequest(RaftClientImpl.java:278)
	at org.apache.ratis.client.impl.RaftClientImpl.groupAdd(RaftClientImpl.java:205)
	at org.apache.hadoop.hdds.scm.pipeline.RatisPipelineProvider.lambda$initializePipeline$4(RatisPipelineProvider.java:198)
	at org.apache.hadoop.hdds.scm.pipeline.RatisPipelineProvider.lambda$null$5(RatisPipelineProvider.java:233)
	at java.util.stream.ForEachOps$ForEachOp$OfRef.accept(ForEachOps.java:183)
	at java.util.ArrayList$ArrayListSpliterator.forEachRemaining(ArrayList.java:1382)
	at java.util.stream.AbstractPipeline.copyInto(AbstractPipeline.java:482)
	at java.util.stream.ForEachOps$ForEachTask.compute(ForEachOps.java:290)
	at java.util.concurrent.CountedCompleter.exec(CountedCompleter.java:731)
	at java.util.concurrent.ForkJoinTask.doExec(ForkJoinTask.java:289)
	at java.util.concurrent.ForkJoinTask.doInvoke(ForkJoinTask.java:401)
	at java.util.concurrent.ForkJoinTask.invoke(ForkJoinTask.java:734)
	at java.util.stream.ForEachOps$ForEachOp.evaluateParallel(ForEachOps.java:159)
	at java.util.stream.ForEachOps$ForEachOp$OfRef.evaluateParallel(ForEachOps.java:173)
	at java.util.stream.AbstractPipeline.evaluate(AbstractPipeline.java:233)
	at java.util.stream.ReferencePipeline.forEach(ReferencePipeline.java:485)
	at java.util.stream.ReferencePipeline$Head.forEach(ReferencePipeline.java:650)
	at org.apache.hadoop.hdds.scm.pipeline.RatisPipelineProvider.lambda$callRatisRpc$6(RatisPipelineProvider.java:227)
	at java.util.concurrent.ForkJoinTask$AdaptedRunnableAction.exec(ForkJoinTask.java:1386)
	at java.util.concurrent.ForkJoinTask.doExec(ForkJoinTask.java:289)
	at java.util.concurrent.ForkJoinPool$WorkQueue.runTask(ForkJoinPool.java:1056)
	at java.util.concurrent.ForkJoinPool.runWorker(ForkJoinPool.java:1692)
	at java.util.concurrent.ForkJoinWorkerThread.run(ForkJoinWorkerThread.java:157)
Caused by: org.apache.ratis.thirdparty.io.grpc.StatusRuntimeException: DEADLINE_EXCEEDED: deadline exceeded after 2999698094ns
	at org.apache.ratis.thirdparty.io.grpc.stub.ClientCalls.toStatusRuntimeException(ClientCalls.java:233)
	at org.apache.ratis.thirdparty.io.grpc.stub.ClientCalls.getUnchecked(ClientCalls.java:214)
	at org.apache.ratis.thirdparty.io.grpc.stub.ClientCalls.blockingUnaryCall(ClientCalls.java:139)
	at org.apache.ratis.proto.grpc.AdminProtocolServiceGrpc$AdminProtocolServiceBlockingStub.groupManagement(AdminProtocolServiceGrpc.java:274)
	at org.apache.ratis.grpc.client.GrpcClientProtocolClient.lambda$groupAdd$3(GrpcClientProtocolClient.java:155)
	at org.apache.ratis.grpc.client.GrpcClientProtocolClient.blockingCall(GrpcClientProtocolClient.java:182)
	... 25 more
2019-10-18 11:53:33,986 [grpc-default-executor-2] INFO  impl.RaftServerProxy (RaftServerProxy.java:addNew(89)) - fb1ed16d-3917-4def-9a06-66a583737d75: addNew group-F448463AE50F:[fb1ed16d-3917-4def-9a06-66a583737d75:192.168.34.5:34140, cb18064d-97f9-4e26-9e9f-ebca3c7dfd9b:192.168.34.5:33331, c6af97c9-d2a9-4f88-a5bc-1840035ee8a8:192.168.34.5:36149] returns group-F448463AE50F:java.util.concurrent.CompletableFuture@74d6bc0b[Not completed]
2019-10-18 11:53:33,987 [grpc-default-executor-0] INFO  impl.RaftServerProxy (RaftServerProxy.java:addNew(89)) - c6af97c9-d2a9-4f88-a5bc-1840035ee8a8: addNew group-F448463AE50F:[fb1ed16d-3917-4def-9a06-66a583737d75:192.168.34.5:34140, cb18064d-97f9-4e26-9e9f-ebca3c7dfd9b:192.168.34.5:33331, c6af97c9-d2a9-4f88-a5bc-1840035ee8a8:192.168.34.5:36149] returns group-F448463AE50F:java.util.concurrent.CompletableFuture@27406d1f[Not completed]
2019-10-18 11:53:33,987 [grpc-default-executor-1] INFO  impl.RaftServerProxy (RaftServerProxy.java:addNew(89)) - cb18064d-97f9-4e26-9e9f-ebca3c7dfd9b: addNew group-F448463AE50F:[fb1ed16d-3917-4def-9a06-66a583737d75:192.168.34.5:34140, cb18064d-97f9-4e26-9e9f-ebca3c7dfd9b:192.168.34.5:33331, c6af97c9-d2a9-4f88-a5bc-1840035ee8a8:192.168.34.5:36149] returns group-F448463AE50F:java.util.concurrent.CompletableFuture@258c1f51[Not completed]
2019-10-18 11:53:33,988 [pool-237-thread-1] INFO  impl.RaftServerImpl (RaftServerImpl.java:<init>(95)) - fb1ed16d-3917-4def-9a06-66a583737d75: new RaftServerImpl for group-F448463AE50F:[fb1ed16d-3917-4def-9a06-66a583737d75:192.168.34.5:34140, cb18064d-97f9-4e26-9e9f-ebca3c7dfd9b:192.168.34.5:33331, c6af97c9-d2a9-4f88-a5bc-1840035ee8a8:192.168.34.5:36149] with ContainerStateMachine:uninitialized
2019-10-18 11:53:33,988 [pool-237-thread-1] INFO  server.RaftServerConfigKeys (ConfUtils.java:logGet(43)) - raft.server.rpc.timeout.min = 5s (custom)
2019-10-18 11:53:33,988 [pool-227-thread-1] INFO  impl.RaftServerImpl (RaftServerImpl.java:<init>(95)) - cb18064d-97f9-4e26-9e9f-ebca3c7dfd9b: new RaftServerImpl for group-F448463AE50F:[fb1ed16d-3917-4def-9a06-66a583737d75:192.168.34.5:34140, cb18064d-97f9-4e26-9e9f-ebca3c7dfd9b:192.168.34.5:33331, c6af97c9-d2a9-4f88-a5bc-1840035ee8a8:192.168.34.5:36149] with ContainerStateMachine:uninitialized
2019-10-18 11:53:33,988 [pool-237-thread-1] INFO  server.RaftServerConfigKeys (ConfUtils.java:logGet(43)) - raft.server.rpc.timeout.max = 5200ms (custom)
2019-10-18 11:53:33,988 [pool-227-thread-1] INFO  server.RaftServerConfigKeys (ConfUtils.java:logGet(43)) - raft.server.rpc.timeout.min = 5s (custom)
2019-10-18 11:53:33,988 [pool-237-thread-1] INFO  server.RaftServerConfigKeys (ConfUtils.java:logGet(43)) - raft.server.rpcslowness.timeout = 120s (custom)
2019-10-18 11:53:33,988 [pool-227-thread-1] INFO  server.RaftServerConfigKeys (ConfUtils.java:logGet(43)) - raft.server.rpc.timeout.max = 5200ms (custom)
2019-10-18 11:53:33,988 [pool-237-thread-1] INFO  server.RaftServerConfigKeys (ConfUtils.java:logGet(43)) - raft.server.sleep.deviation.threshold = 300 (default)
2019-10-18 11:53:33,989 [pool-227-thread-1] INFO  server.RaftServerConfigKeys (ConfUtils.java:logGet(43)) - raft.server.rpcslowness.timeout = 120s (custom)
2019-10-18 11:53:33,989 [pool-237-thread-1] INFO  server.RaftServerConfigKeys (ConfUtils.java:logGet(43)) - raft.server.log.appender.install.snapshot.enabled = false (custom)
2019-10-18 11:53:33,989 [pool-227-thread-1] INFO  server.RaftServerConfigKeys (ConfUtils.java:logGet(43)) - raft.server.sleep.deviation.threshold = 300 (default)
2019-10-18 11:53:33,989 [pool-237-thread-1] INFO  impl.RaftServerImpl (ServerState.java:<init>(103)) - fb1ed16d-3917-4def-9a06-66a583737d75@group-F448463AE50F: ConfigurationManager, init=-1: [fb1ed16d-3917-4def-9a06-66a583737d75:192.168.34.5:34140, cb18064d-97f9-4e26-9e9f-ebca3c7dfd9b:192.168.34.5:33331, c6af97c9-d2a9-4f88-a5bc-1840035ee8a8:192.168.34.5:36149], old=null, confs=<EMPTY_MAP>
2019-10-18 11:53:33,989 [pool-227-thread-1] INFO  server.RaftServerConfigKeys (ConfUtils.java:logGet(43)) - raft.server.log.appender.install.snapshot.enabled = false (custom)
2019-10-18 11:53:33,989 [pool-237-thread-1] INFO  server.RaftServerConfigKeys (ConfUtils.java:logGet(43)) - raft.server.storage.dir = [/workdir/hadoop-ozone/ozonefs/target/test-dir/MiniOzoneClusterImpl-6704c2a7-3590-417c-aa25-2b4ddf02eb25/datanode-1/data/ratis] (custom)
2019-10-18 11:53:33,989 [pool-227-thread-1] INFO  impl.RaftServerImpl (ServerState.java:<init>(103)) - cb18064d-97f9-4e26-9e9f-ebca3c7dfd9b@group-F448463AE50F: ConfigurationManager, init=-1: [fb1ed16d-3917-4def-9a06-66a583737d75:192.168.34.5:34140, cb18064d-97f9-4e26-9e9f-ebca3c7dfd9b:192.168.34.5:33331, c6af97c9-d2a9-4f88-a5bc-1840035ee8a8:192.168.34.5:36149], old=null, confs=<EMPTY_MAP>
2019-10-18 11:53:33,989 [pool-227-thread-1] INFO  server.RaftServerConfigKeys (ConfUtils.java:logGet(43)) - raft.server.storage.dir = [/workdir/hadoop-ozone/ozonefs/target/test-dir/MiniOzoneClusterImpl-6704c2a7-3590-417c-aa25-2b4ddf02eb25/datanode-0/data/ratis] (custom)
2019-10-18 11:53:33,990 [pool-227-thread-1] INFO  server.RaftServerConfigKeys (ConfUtils.java:logGet(43)) - raft.server.log.corruption.policy = EXCEPTION (default)
2019-10-18 11:53:33,990 [pool-227-thread-1] INFO  storage.RaftStorageDirectory (RaftStorageDirectory.java:analyzeStorage(246)) - The storage directory /workdir/hadoop-ozone/ozonefs/target/test-dir/MiniOzoneClusterImpl-6704c2a7-3590-417c-aa25-2b4ddf02eb25/datanode-0/data/ratis/0c2dadae-fac3-4cb8-85ad-f448463ae50f does not exist. Creating ...
2019-10-18 11:53:36,377 [pool-237-thread-1] INFO  server.RaftServerConfigKeys (ConfUtils.java:logGet(43)) - raft.server.log.corruption.policy = EXCEPTION (default)
2019-10-18 11:53:36,377 [pool-237-thread-1] INFO  storage.RaftStorageDirectory (RaftStorageDirectory.java:analyzeStorage(246)) - The storage directory /workdir/hadoop-ozone/ozonefs/target/test-dir/MiniOzoneClusterImpl-6704c2a7-3590-417c-aa25-2b4ddf02eb25/datanode-1/data/ratis/0c2dadae-fac3-4cb8-85ad-f448463ae50f does not exist. Creating ...
2019-10-18 11:53:36,809 [pool-247-thread-1] INFO  storage.RaftStorageDirectory (RaftStorageDirectory.java:tryLock(328)) - Lock on /workdir/hadoop-ozone/ozonefs/target/test-dir/MiniOzoneClusterImpl-6704c2a7-3590-417c-aa25-2b4ddf02eb25/datanode-2/data/ratis/5286cd3d-9e6e-4c39-9228-aeccd14c8bd6/in_use.lock acquired by nodename 5968@pr-hdds-2208-pnh8d-353521125
2019-10-18 11:53:36,985 [RATISCREATEPIPELINE1] ERROR pipeline.RatisPipelineProvider (RatisPipelineProvider.java:lambda$null$5(237)) - Failed invoke Ratis rpc org.apache.hadoop.hdds.scm.pipeline.RatisPipelineProvider$$Lambda$189/532767178@762533b0 for c6af97c9-d2a9-4f88-a5bc-1840035ee8a8
org.apache.ratis.protocol.TimeoutIOException: deadline exceeded after 2999795276ns
	at org.apache.ratis.grpc.GrpcUtil.tryUnwrapException(GrpcUtil.java:82)
	at org.apache.ratis.grpc.GrpcUtil.unwrapException(GrpcUtil.java:75)
	at org.apache.ratis.grpc.client.GrpcClientProtocolClient.blockingCall(GrpcClientProtocolClient.java:184)
	at org.apache.ratis.grpc.client.GrpcClientProtocolClient.groupAdd(GrpcClientProtocolClient.java:153)
	at org.apache.ratis.grpc.client.GrpcClientRpc.sendRequest(GrpcClientRpc.java:94)
	at org.apache.ratis.client.impl.RaftClientImpl.sendRequest(RaftClientImpl.java:278)
	at org.apache.ratis.client.impl.RaftClientImpl.groupAdd(RaftClientImpl.java:205)
	at org.apache.hadoop.hdds.scm.pipeline.RatisPipelineProvider.lambda$initializePipeline$4(RatisPipelineProvider.java:198)
	at org.apache.hadoop.hdds.scm.pipeline.RatisPipelineProvider.lambda$null$5(RatisPipelineProvider.java:233)
	at java.util.stream.ForEachOps$ForEachOp$OfRef.accept(ForEachOps.java:183)
	at java.util.ArrayList$ArrayListSpliterator.forEachRemaining(ArrayList.java:1382)
	at java.util.stream.AbstractPipeline.copyInto(AbstractPipeline.java:482)
	at java.util.stream.ForEachOps$ForEachTask.compute(ForEachOps.java:290)
	at java.util.concurrent.CountedCompleter.exec(CountedCompleter.java:731)
	at java.util.concurrent.ForkJoinTask.doExec(ForkJoinTask.java:289)
	at java.util.concurrent.ForkJoinTask.doInvoke(ForkJoinTask.java:401)
	at java.util.concurrent.ForkJoinTask.invoke(ForkJoinTask.java:734)
	at java.util.stream.ForEachOps$ForEachOp.evaluateParallel(ForEachOps.java:159)
	at java.util.stream.ForEachOps$ForEachOp$OfRef.evaluateParallel(ForEachOps.java:173)
	at java.util.stream.AbstractPipeline.evaluate(AbstractPipeline.java:233)
	at java.util.stream.ReferencePipeline.forEach(ReferencePipeline.java:485)
	at java.util.stream.ReferencePipeline$Head.forEach(ReferencePipeline.java:650)
	at org.apache.hadoop.hdds.scm.pipeline.RatisPipelineProvider.lambda$callRatisRpc$6(RatisPipelineProvider.java:227)
	at java.util.concurrent.ForkJoinTask$AdaptedRunnableAction.exec(ForkJoinTask.java:1386)
	at java.util.concurrent.ForkJoinTask.doExec(ForkJoinTask.java:289)
	at java.util.concurrent.ForkJoinPool$WorkQueue.runTask(ForkJoinPool.java:1056)
	at java.util.concurrent.ForkJoinPool.runWorker(ForkJoinPool.java:1692)
	at java.util.concurrent.ForkJoinWorkerThread.run(ForkJoinWorkerThread.java:157)
Caused by: org.apache.ratis.thirdparty.io.grpc.StatusRuntimeException: DEADLINE_EXCEEDED: deadline exceeded after 2999795276ns
	at org.apache.ratis.thirdparty.io.grpc.stub.ClientCalls.toStatusRuntimeException(ClientCalls.java:233)
	at org.apache.ratis.thirdparty.io.grpc.stub.ClientCalls.getUnchecked(ClientCalls.java:214)
	at org.apache.ratis.thirdparty.io.grpc.stub.ClientCalls.blockingUnaryCall(ClientCalls.java:139)
	at org.apache.ratis.proto.grpc.AdminProtocolServiceGrpc$AdminProtocolServiceBlockingStub.groupManagement(AdminProtocolServiceGrpc.java:274)
	at org.apache.ratis.grpc.client.GrpcClientProtocolClient.lambda$groupAdd$3(GrpcClientProtocolClient.java:155)
	at org.apache.ratis.grpc.client.GrpcClientProtocolClient.blockingCall(GrpcClientProtocolClient.java:182)
	... 25 more
2019-10-18 11:53:36,986 [RATISCREATEPIPELINE2] ERROR pipeline.RatisPipelineProvider (RatisPipelineProvider.java:lambda$null$5(237)) - Failed invoke Ratis rpc org.apache.hadoop.hdds.scm.pipeline.RatisPipelineProvider$$Lambda$189/532767178@762533b0 for fb1ed16d-3917-4def-9a06-66a583737d75
org.apache.ratis.protocol.TimeoutIOException
	at org.apache.ratis.grpc.GrpcUtil.tryUnwrapException(GrpcUtil.java:82)
	at org.apache.ratis.grpc.GrpcUtil.unwrapException(GrpcUtil.java:75)
	at org.apache.ratis.grpc.client.GrpcClientProtocolClient.blockingCall(GrpcClientProtocolClient.java:184)
	at org.apache.ratis.grpc.client.GrpcClientProtocolClient.groupAdd(GrpcClientProtocolClient.java:153)
	at org.apache.ratis.grpc.client.GrpcClientRpc.sendRequest(GrpcClientRpc.java:94)
	at org.apache.ratis.client.impl.RaftClientImpl.sendRequest(RaftClientImpl.java:278)
	at org.apache.ratis.client.impl.RaftClientImpl.groupAdd(RaftClientImpl.java:205)
	at org.apache.hadoop.hdds.scm.pipeline.RatisPipelineProvider.lambda$initializePipeline$4(RatisPipelineProvider.java:198)
	at org.apache.hadoop.hdds.scm.pipeline.RatisPipelineProvider.lambda$null$5(RatisPipelineProvider.java:233)
	at java.util.stream.ForEachOps$ForEachOp$OfRef.accept(ForEachOps.java:183)
	at java.util.ArrayList$ArrayListSpliterator.forEachRemaining(ArrayList.java:1382)
	at java.util.stream.AbstractPipeline.copyInto(AbstractPipeline.java:482)
	at java.util.stream.ForEachOps$ForEachTask.compute(ForEachOps.java:290)
	at java.util.concurrent.CountedCompleter.exec(CountedCompleter.java:731)
	at java.util.concurrent.ForkJoinTask.doExec(ForkJoinTask.java:289)
	at java.util.concurrent.ForkJoinPool$WorkQueue.runTask(ForkJoinPool.java:1056)
	at java.util.concurrent.ForkJoinPool.runWorker(ForkJoinPool.java:1692)
	at java.util.concurrent.ForkJoinWorkerThread.run(ForkJoinWorkerThread.java:157)
Caused by: org.apache.ratis.thirdparty.io.grpc.StatusRuntimeException: DEADLINE_EXCEEDED
	at org.apache.ratis.thirdparty.io.grpc.stub.ClientCalls.toStatusRuntimeException(ClientCalls.java:233)
	at org.apache.ratis.thirdparty.io.grpc.stub.ClientCalls.getUnchecked(ClientCalls.java:214)
	at org.apache.ratis.thirdparty.io.grpc.stub.ClientCalls.blockingUnaryCall(ClientCalls.java:139)
	at org.apache.ratis.proto.grpc.AdminProtocolServiceGrpc$AdminProtocolServiceBlockingStub.groupManagement(AdminProtocolServiceGrpc.java:274)
	at org.apache.ratis.grpc.client.GrpcClientProtocolClient.lambda$groupAdd$3(GrpcClientProtocolClient.java:155)
	at org.apache.ratis.grpc.client.GrpcClientProtocolClient.blockingCall(GrpcClientProtocolClient.java:182)
	... 15 more
2019-10-18 11:53:36,985 [RATISCREATEPIPELINE3] ERROR pipeline.RatisPipelineProvider (RatisPipelineProvider.java:lambda$null$5(237)) - Failed invoke Ratis rpc org.apache.hadoop.hdds.scm.pipeline.RatisPipelineProvider$$Lambda$189/532767178@762533b0 for cb18064d-97f9-4e26-9e9f-ebca3c7dfd9b
org.apache.ratis.protocol.TimeoutIOException: deadline exceeded after 2999795662ns
	at org.apache.ratis.grpc.GrpcUtil.tryUnwrapException(GrpcUtil.java:82)
	at org.apache.ratis.grpc.GrpcUtil.unwrapException(GrpcUtil.java:75)
	at org.apache.ratis.grpc.client.GrpcClientProtocolClient.blockingCall(GrpcClientProtocolClient.java:184)
	at org.apache.ratis.grpc.client.GrpcClientProtocolClient.groupAdd(GrpcClientProtocolClient.java:153)
	at org.apache.ratis.grpc.client.GrpcClientRpc.sendRequest(GrpcClientRpc.java:94)
	at org.apache.ratis.client.impl.RaftClientImpl.sendRequest(RaftClientImpl.java:278)
	at org.apache.ratis.client.impl.RaftClientImpl.groupAdd(RaftClientImpl.java:205)
	at org.apache.hadoop.hdds.scm.pipeline.RatisPipelineProvider.lambda$initializePipeline$4(RatisPipelineProvider.java:198)
	at org.apache.hadoop.hdds.scm.pipeline.RatisPipelineProvider.lambda$null$5(RatisPipelineProvider.java:233)
	at java.util.stream.ForEachOps$ForEachOp$OfRef.accept(ForEachOps.java:183)
	at java.util.ArrayList$ArrayListSpliterator.forEachRemaining(ArrayList.java:1382)
	at java.util.stream.AbstractPipeline.copyInto(AbstractPipeline.java:482)
	at java.util.stream.ForEachOps$ForEachTask.compute(ForEachOps.java:290)
	at java.util.concurrent.CountedCompleter.exec(CountedCompleter.java:731)
	at java.util.concurrent.ForkJoinTask.doExec(ForkJoinTask.java:289)
	at java.util.concurrent.ForkJoinPool$WorkQueue.runTask(ForkJoinPool.java:1056)
	at java.util.concurrent.ForkJoinPool.runWorker(ForkJoinPool.java:1692)
	at java.util.concurrent.ForkJoinWorkerThread.run(ForkJoinWorkerThread.java:157)
Caused by: org.apache.ratis.thirdparty.io.grpc.StatusRuntimeException: DEADLINE_EXCEEDED: deadline exceeded after 2999795662ns
	at org.apache.ratis.thirdparty.io.grpc.stub.ClientCalls.toStatusRuntimeException(ClientCalls.java:233)
	at org.apache.ratis.thirdparty.io.grpc.stub.ClientCalls.getUnchecked(ClientCalls.java:214)
	at org.apache.ratis.thirdparty.io.grpc.stub.ClientCalls.blockingUnaryCall(ClientCalls.java:139)
	at org.apache.ratis.proto.grpc.AdminProtocolServiceGrpc$AdminProtocolServiceBlockingStub.groupManagement(AdminProtocolServiceGrpc.java:274)
	at org.apache.ratis.grpc.client.GrpcClientProtocolClient.lambda$groupAdd$3(GrpcClientProtocolClient.java:155)
	at org.apache.ratis.grpc.client.GrpcClientProtocolClient.blockingCall(GrpcClientProtocolClient.java:182)
	... 15 more
2019-10-18 11:53:37,004 [grpc-default-executor-2] INFO  impl.RaftServerProxy (RaftServerProxy.java:addNew(89)) - cb18064d-97f9-4e26-9e9f-ebca3c7dfd9b: addNew group-BEE976DE5B6B:[fb1ed16d-3917-4def-9a06-66a583737d75:192.168.34.5:34140, cb18064d-97f9-4e26-9e9f-ebca3c7dfd9b:192.168.34.5:33331, c6af97c9-d2a9-4f88-a5bc-1840035ee8a8:192.168.34.5:36149] returns group-BEE976DE5B6B:java.util.concurrent.CompletableFuture@5136b3e4[Not completed]
2019-10-18 11:53:37,004 [grpc-default-executor-1] INFO  impl.RaftServerProxy (RaftServerProxy.java:addNew(89)) - fb1ed16d-3917-4def-9a06-66a583737d75: addNew group-BEE976DE5B6B:[fb1ed16d-3917-4def-9a06-66a583737d75:192.168.34.5:34140, cb18064d-97f9-4e26-9e9f-ebca3c7dfd9b:192.168.34.5:33331, c6af97c9-d2a9-4f88-a5bc-1840035ee8a8:192.168.34.5:36149] returns group-BEE976DE5B6B:java.util.concurrent.CompletableFuture@5d505d52[Not completed]
2019-10-18 11:53:37,004 [grpc-default-executor-0] INFO  impl.RaftServerProxy (RaftServerProxy.java:addNew(89)) - c6af97c9-d2a9-4f88-a5bc-1840035ee8a8: addNew group-BEE976DE5B6B:[fb1ed16d-3917-4def-9a06-66a583737d75:192.168.34.5:34140, cb18064d-97f9-4e26-9e9f-ebca3c7dfd9b:192.168.34.5:33331, c6af97c9-d2a9-4f88-a5bc-1840035ee8a8:192.168.34.5:36149] returns group-BEE976DE5B6B:java.util.concurrent.CompletableFuture@7288d12e[Not completed]
2019-10-18 11:53:37,557 [pool-237-thread-1] INFO  storage.RaftStorageDirectory (RaftStorageDirectory.java:tryLock(328)) - Lock on /workdir/hadoop-ozone/ozonefs/target/test-dir/MiniOzoneClusterImpl-6704c2a7-3590-417c-aa25-2b4ddf02eb25/datanode-1/data/ratis/0c2dadae-fac3-4cb8-85ad-f448463ae50f/in_use.lock acquired by nodename 5968@pr-hdds-2208-pnh8d-353521125
2019-10-18 11:53:37,557 [pool-227-thread-1] INFO  storage.RaftStorageDirectory (RaftStorageDirectory.java:tryLock(328)) - Lock on /workdir/hadoop-ozone/ozonefs/target/test-dir/MiniOzoneClusterImpl-6704c2a7-3590-417c-aa25-2b4ddf02eb25/datanode-0/data/ratis/0c2dadae-fac3-4cb8-85ad-f448463ae50f/in_use.lock acquired by nodename 5968@pr-hdds-2208-pnh8d-353521125
2019-10-18 11:53:37,926 [Thread-1053] INFO  impl.FollowerState (FollowerState.java:run(108)) - cb18064d-97f9-4e26-9e9f-ebca3c7dfd9b@group-89CC56618C23-FollowerState: change to CANDIDATE, lastRpcTime:5127ms, electionTimeout:5127ms
2019-10-18 11:53:37,926 [Thread-1056] INFO  impl.FollowerState (FollowerState.java:run(108)) - fb1ed16d-3917-4def-9a06-66a583737d75@group-89CC56618C23-FollowerState: change to CANDIDATE, lastRpcTime:5122ms, electionTimeout:5122ms
2019-10-18 11:53:37,926 [Thread-1053] INFO  impl.RoleInfo (RoleInfo.java:shutdownFollowerState(121)) - cb18064d-97f9-4e26-9e9f-ebca3c7dfd9b: shutdown FollowerState
2019-10-18 11:53:37,926 [Thread-1056] INFO  impl.RoleInfo (RoleInfo.java:shutdownFollowerState(121)) - fb1ed16d-3917-4def-9a06-66a583737d75: shutdown FollowerState
2019-10-18 11:53:37,926 [Thread-1053] INFO  impl.RaftServerImpl (RaftServerImpl.java:setRole(170)) - cb18064d-97f9-4e26-9e9f-ebca3c7dfd9b@group-89CC56618C23: changes role from  FOLLOWER to CANDIDATE at term 0 for changeToCandidate
2019-10-18 11:53:37,927 [Thread-1056] INFO  impl.RaftServerImpl (RaftServerImpl.java:setRole(170)) - fb1ed16d-3917-4def-9a06-66a583737d75@group-89CC56618C23: changes role from  FOLLOWER to CANDIDATE at term 0 for changeToCandidate
2019-10-18 11:53:37,927 [Thread-1053] INFO  impl.RoleInfo (RoleInfo.java:updateAndGet(143)) - cb18064d-97f9-4e26-9e9f-ebca3c7dfd9b: start LeaderElection
2019-10-18 11:53:37,927 [Thread-1056] INFO  impl.RoleInfo (RoleInfo.java:updateAndGet(143)) - fb1ed16d-3917-4def-9a06-66a583737d75: start LeaderElection
2019-10-18 11:53:38,832 [Thread-1059] INFO  impl.FollowerState (FollowerState.java:run(108)) - c6af97c9-d2a9-4f88-a5bc-1840035ee8a8@group-537FC5B2A7F9-FollowerState: change to CANDIDATE, lastRpcTime:5106ms, electionTimeout:5106ms
2019-10-18 11:53:38,832 [Thread-1059] INFO  impl.RoleInfo (RoleInfo.java:shutdownFollowerState(121)) - c6af97c9-d2a9-4f88-a5bc-1840035ee8a8: shutdown FollowerState
2019-10-18 11:53:38,832 [Thread-1059] INFO  impl.RaftServerImpl (RaftServerImpl.java:setRole(170)) - c6af97c9-d2a9-4f88-a5bc-1840035ee8a8@group-537FC5B2A7F9: changes role from  FOLLOWER to CANDIDATE at term 0 for changeToCandidate
2019-10-18 11:53:38,833 [Thread-1059] INFO  impl.RoleInfo (RoleInfo.java:updateAndGet(143)) - c6af97c9-d2a9-4f88-a5bc-1840035ee8a8: start LeaderElection
2019-10-18 11:53:39,568 [pool-247-thread-1] INFO  storage.RaftStorage (RaftStorage.java:format(84)) - Storage directory /workdir/hadoop-ozone/ozonefs/target/test-dir/MiniOzoneClusterImpl-6704c2a7-3590-417c-aa25-2b4ddf02eb25/datanode-2/data/ratis/5286cd3d-9e6e-4c39-9228-aeccd14c8bd6 has been successfully formatted.
2019-10-18 11:53:39,569 [pool-247-thread-1] INFO  ratis.ContainerStateMachine (ContainerStateMachine.java:loadSnapshot(231)) - group-AECCD14C8BD6: The snapshot info is null. Setting the last applied indexto:(t:0, i:~)
2019-10-18 11:53:39,569 [pool-247-thread-1] INFO  server.RaftServerConfigKeys (ConfUtils.java:logGet(43)) - raft.server.notification.no-leader.timeout = 120s (custom)
2019-10-18 11:53:39,569 [pool-247-thread-1] INFO  server.RaftServerConfigKeys (ConfUtils.java:logGet(43)) - raft.server.log.use.memory = false (default)
2019-10-18 11:53:39,569 [pool-247-thread-1] INFO  server.RaftServerConfigKeys (ConfUtils.java:logGet(43)) - raft.server.log.purge.gap = 1000000 (custom)
2019-10-18 11:53:39,569 [pool-247-thread-1] INFO  server.RaftServerConfigKeys (ConfUtils.java:logGet(43)) - raft.server.log.appender.buffer.byte-limit = 33554432 (custom)
2019-10-18 11:53:39,569 [pool-247-thread-1] INFO  server.RaftServerConfigKeys (ConfUtils.java:logGet(43)) - raft.server.log.segment.size.max = 1048576 (custom)
2019-10-18 11:53:39,570 [pool-247-thread-1] INFO  server.RaftServerConfigKeys (ConfUtils.java:logGet(43)) - raft.server.log.segment.cache.num.max = 2 (custom)
2019-10-18 11:53:39,570 [pool-247-thread-1] INFO  segmented.SegmentedRaftLogWorker (SegmentedRaftLogWorker.java:<init>(173)) - new c6af97c9-d2a9-4f88-a5bc-1840035ee8a8@group-AECCD14C8BD6-SegmentedRaftLogWorker for RaftStorage:Storage Directory /workdir/hadoop-ozone/ozonefs/target/test-dir/MiniOzoneClusterImpl-6704c2a7-3590-417c-aa25-2b4ddf02eb25/datanode-2/data/ratis/5286cd3d-9e6e-4c39-9228-aeccd14c8bd6
2019-10-18 11:53:39,570 [pool-247-thread-1] INFO  server.RaftServerConfigKeys (ConfUtils.java:logGet(43)) - raft.server.log.queue.byte-limit = 2147483647 (custom)
2019-10-18 11:53:39,570 [pool-247-thread-1] INFO  server.RaftServerConfigKeys (ConfUtils.java:logGet(43)) - raft.server.log.queue.element-limit = 1024 (custom)
2019-10-18 11:53:39,570 [pool-247-thread-1] INFO  server.RaftServerConfigKeys (ConfUtils.java:logGet(43)) - raft.server.log.segment.size.max = 1048576 (custom)
2019-10-18 11:53:39,570 [pool-247-thread-1] INFO  server.RaftServerConfigKeys (ConfUtils.java:logGet(43)) - raft.server.log.preallocated.size = 16384 (custom)
2019-10-18 11:53:39,570 [pool-247-thread-1] INFO  server.RaftServerConfigKeys (ConfUtils.java:logGet(43)) - raft.server.log.write.buffer.size = 33554432 (custom)
2019-10-18 11:53:39,571 [pool-247-thread-1] INFO  server.RaftServerConfigKeys (ConfUtils.java:logGet(43)) - raft.server.log.force.sync.num = 128 (default)
2019-10-18 11:53:39,571 [pool-247-thread-1] INFO  server.RaftServerConfigKeys (ConfUtils.java:logGet(43)) - raft.server.log.statemachine.data.sync = true (default)
2019-10-18 11:53:39,571 [pool-247-thread-1] INFO  server.RaftServerConfigKeys (ConfUtils.java:logGet(43)) - raft.server.log.statemachine.data.sync.timeout = 10s (default)
2019-10-18 11:53:39,571 [pool-247-thread-1] INFO  server.RaftServerConfigKeys (ConfUtils.java:logGet(43)) - raft.server.log.statemachine.data.sync.timeout.retry = -1 (default)
2019-10-18 11:53:39,571 [pool-247-thread-1] INFO  server.RaftServerConfigKeys (ConfUtils.java:logGet(43)) - raft.server.log.statemachine.data.caching.enabled = true (custom)
2019-10-18 11:53:39,572 [pool-247-thread-1] INFO  segmented.SegmentedRaftLogWorker (SegmentedRaftLogWorker.java:lambda$new$0(128)) - c6af97c9-d2a9-4f88-a5bc-1840035ee8a8@group-AECCD14C8BD6-SegmentedRaftLogWorker: flushIndex: setUnconditionally 0 -> -1
2019-10-18 11:53:39,572 [pool-247-thread-1] INFO  server.RaftServerConfigKeys (ConfUtils.java:logGet(43)) - raft.server.snapshot.auto.trigger.enabled = true (custom)
2019-10-18 11:53:39,572 [pool-247-thread-1] INFO  server.RaftServerConfigKeys (ConfUtils.java:logGet(43)) - raft.server.snapshot.auto.trigger.threshold = 10000 (custom)
2019-10-18 11:53:39,572 [pool-247-thread-1] INFO  server.RaftServerConfigKeys (ConfUtils.java:logGet(43)) - raft.server.snapshot.retention.file.num = 5 (custom)
2019-10-18 11:53:39,572 [pool-247-thread-1] INFO  server.RaftServerConfigKeys (ConfUtils.java:logGet(43)) - raft.server.retrycache.expirytime = 600000ms (custom)
2019-10-18 11:53:39,575 [pool-247-thread-1] INFO  impl.RaftServerImpl (RaftServerImpl.java:start(181)) - c6af97c9-d2a9-4f88-a5bc-1840035ee8a8@group-89CC56618C23: start as a follower, conf=-1: [fb1ed16d-3917-4def-9a06-66a583737d75:192.168.34.5:34140, cb18064d-97f9-4e26-9e9f-ebca3c7dfd9b:192.168.34.5:33331, c6af97c9-d2a9-4f88-a5bc-1840035ee8a8:192.168.34.5:36149], old=null
2019-10-18 11:53:39,575 [pool-247-thread-1] INFO  impl.RaftServerImpl (RaftServerImpl.java:setRole(170)) - c6af97c9-d2a9-4f88-a5bc-1840035ee8a8@group-89CC56618C23: changes role from      null to FOLLOWER at term 0 for startAsFollower
2019-10-18 11:53:39,575 [pool-247-thread-1] INFO  impl.RoleInfo (RoleInfo.java:updateAndGet(143)) - c6af97c9-d2a9-4f88-a5bc-1840035ee8a8: start FollowerState
2019-10-18 11:53:39,576 [pool-247-thread-1] INFO  util.JmxRegister (JmxRegister.java:tryRegister(44)) - Successfully registered JMX Bean with object name Ratis:service=RaftServer,group=group-89CC56618C23,id=c6af97c9-d2a9-4f88-a5bc-1840035ee8a8
2019-10-18 11:53:39,579 [pool-247-thread-1] INFO  impl.RaftServerImpl (RaftServerImpl.java:<init>(95)) - c6af97c9-d2a9-4f88-a5bc-1840035ee8a8: new RaftServerImpl for group-F448463AE50F:[fb1ed16d-3917-4def-9a06-66a583737d75:192.168.34.5:34140, cb18064d-97f9-4e26-9e9f-ebca3c7dfd9b:192.168.34.5:33331, c6af97c9-d2a9-4f88-a5bc-1840035ee8a8:192.168.34.5:36149] with ContainerStateMachine:uninitialized
2019-10-18 11:53:39,579 [pool-247-thread-1] INFO  server.RaftServerConfigKeys (ConfUtils.java:logGet(43)) - raft.server.rpc.timeout.min = 5s (custom)
2019-10-18 11:53:39,580 [pool-247-thread-1] INFO  server.RaftServerConfigKeys (ConfUtils.java:logGet(43)) - raft.server.rpc.timeout.max = 5200ms (custom)
2019-10-18 11:53:39,580 [pool-247-thread-1] INFO  server.RaftServerConfigKeys (ConfUtils.java:logGet(43)) - raft.server.rpcslowness.timeout = 120s (custom)
2019-10-18 11:53:39,580 [pool-247-thread-1] INFO  server.RaftServerConfigKeys (ConfUtils.java:logGet(43)) - raft.server.sleep.deviation.threshold = 300 (default)
2019-10-18 11:53:39,580 [pool-247-thread-1] INFO  server.RaftServerConfigKeys (ConfUtils.java:logGet(43)) - raft.server.log.appender.install.snapshot.enabled = false (custom)
2019-10-18 11:53:39,580 [pool-247-thread-1] INFO  impl.RaftServerImpl (ServerState.java:<init>(103)) - c6af97c9-d2a9-4f88-a5bc-1840035ee8a8@group-F448463AE50F: ConfigurationManager, init=-1: [fb1ed16d-3917-4def-9a06-66a583737d75:192.168.34.5:34140, cb18064d-97f9-4e26-9e9f-ebca3c7dfd9b:192.168.34.5:33331, c6af97c9-d2a9-4f88-a5bc-1840035ee8a8:192.168.34.5:36149], old=null, confs=<EMPTY_MAP>
2019-10-18 11:53:39,580 [pool-247-thread-1] INFO  server.RaftServerConfigKeys (ConfUtils.java:logGet(43)) - raft.server.storage.dir = [/workdir/hadoop-ozone/ozonefs/target/test-dir/MiniOzoneClusterImpl-6704c2a7-3590-417c-aa25-2b4ddf02eb25/datanode-2/data/ratis] (custom)
2019-10-18 11:53:39,580 [pool-247-thread-1] INFO  server.RaftServerConfigKeys (ConfUtils.java:logGet(43)) - raft.server.log.corruption.policy = EXCEPTION (default)
2019-10-18 11:53:39,581 [pool-247-thread-1] INFO  storage.RaftStorageDirectory (RaftStorageDirectory.java:analyzeStorage(246)) - The storage directory /workdir/hadoop-ozone/ozonefs/target/test-dir/MiniOzoneClusterImpl-6704c2a7-3590-417c-aa25-2b4ddf02eb25/datanode-2/data/ratis/0c2dadae-fac3-4cb8-85ad-f448463ae50f does not exist. Creating ...
2019-10-18 11:53:40,000 [RATISCREATEPIPELINE3] ERROR pipeline.RatisPipelineProvider (RatisPipelineProvider.java:lambda$null$5(237)) - Failed invoke Ratis rpc org.apache.hadoop.hdds.scm.pipeline.RatisPipelineProvider$$Lambda$189/532767178@76e07a7 for cb18064d-97f9-4e26-9e9f-ebca3c7dfd9b
org.apache.ratis.protocol.TimeoutIOException: deadline exceeded after 2999732162ns
	at org.apache.ratis.grpc.GrpcUtil.tryUnwrapException(GrpcUtil.java:82)
	at org.apache.ratis.grpc.GrpcUtil.unwrapException(GrpcUtil.java:75)
	at org.apache.ratis.grpc.client.GrpcClientProtocolClient.blockingCall(GrpcClientProtocolClient.java:184)
	at org.apache.ratis.grpc.client.GrpcClientProtocolClient.groupAdd(GrpcClientProtocolClient.java:153)
	at org.apache.ratis.grpc.client.GrpcClientRpc.sendRequest(GrpcClientRpc.java:94)
	at org.apache.ratis.client.impl.RaftClientImpl.sendRequest(RaftClientImpl.java:278)
	at org.apache.ratis.client.impl.RaftClientImpl.groupAdd(RaftClientImpl.java:205)
	at org.apache.hadoop.hdds.scm.pipeline.RatisPipelineProvider.lambda$initializePipeline$4(RatisPipelineProvider.java:198)
	at org.apache.hadoop.hdds.scm.pipeline.RatisPipelineProvider.lambda$null$5(RatisPipelineProvider.java:233)
	at java.util.stream.ForEachOps$ForEachOp$OfRef.accept(ForEachOps.java:183)
	at java.util.ArrayList$ArrayListSpliterator.forEachRemaining(ArrayList.java:1382)
	at java.util.stream.AbstractPipeline.copyInto(AbstractPipeline.java:482)
	at java.util.stream.ForEachOps$ForEachTask.compute(ForEachOps.java:290)
	at java.util.concurrent.CountedCompleter.exec(CountedCompleter.java:731)
	at java.util.concurrent.ForkJoinTask.doExec(ForkJoinTask.java:289)
	at java.util.concurrent.ForkJoinPool$WorkQueue.runTask(ForkJoinPool.java:1056)
	at java.util.concurrent.ForkJoinPool.runWorker(ForkJoinPool.java:1692)
	at java.util.concurrent.ForkJoinWorkerThread.run(ForkJoinWorkerThread.java:157)
Caused by: org.apache.ratis.thirdparty.io.grpc.StatusRuntimeException: DEADLINE_EXCEEDED: deadline exceeded after 2999732162ns
	at org.apache.ratis.thirdparty.io.grpc.stub.ClientCalls.toStatusRuntimeException(ClientCalls.java:233)
	at org.apache.ratis.thirdparty.io.grpc.stub.ClientCalls.getUnchecked(ClientCalls.java:214)
	at org.apache.ratis.thirdparty.io.grpc.stub.ClientCalls.blockingUnaryCall(ClientCalls.java:139)
	at org.apache.ratis.proto.grpc.AdminProtocolServiceGrpc$AdminProtocolServiceBlockingStub.groupManagement(AdminProtocolServiceGrpc.java:274)
	at org.apache.ratis.grpc.client.GrpcClientProtocolClient.lambda$groupAdd$3(GrpcClientProtocolClient.java:155)
	at org.apache.ratis.grpc.client.GrpcClientProtocolClient.blockingCall(GrpcClientProtocolClient.java:182)
	... 15 more
2019-10-18 11:53:40,009 [RATISCREATEPIPELINE2] ERROR pipeline.RatisPipelineProvider (RatisPipelineProvider.java:lambda$null$5(237)) - Failed invoke Ratis rpc org.apache.hadoop.hdds.scm.pipeline.RatisPipelineProvider$$Lambda$189/532767178@76e07a7 for fb1ed16d-3917-4def-9a06-66a583737d75
org.apache.ratis.protocol.TimeoutIOException: deadline exceeded after 2997478463ns
	at org.apache.ratis.grpc.GrpcUtil.tryUnwrapException(GrpcUtil.java:82)
	at org.apache.ratis.grpc.GrpcUtil.unwrapException(GrpcUtil.java:75)
	at org.apache.ratis.grpc.client.GrpcClientProtocolClient.blockingCall(GrpcClientProtocolClient.java:184)
	at org.apache.ratis.grpc.client.GrpcClientProtocolClient.groupAdd(GrpcClientProtocolClient.java:153)
	at org.apache.ratis.grpc.client.GrpcClientRpc.sendRequest(GrpcClientRpc.java:94)
	at org.apache.ratis.client.impl.RaftClientImpl.sendRequest(RaftClientImpl.java:278)
	at org.apache.ratis.client.impl.RaftClientImpl.groupAdd(RaftClientImpl.java:205)
	at org.apache.hadoop.hdds.scm.pipeline.RatisPipelineProvider.lambda$initializePipeline$4(RatisPipelineProvider.java:198)
	at org.apache.hadoop.hdds.scm.pipeline.RatisPipelineProvider.lambda$null$5(RatisPipelineProvider.java:233)
	at java.util.stream.ForEachOps$ForEachOp$OfRef.accept(ForEachOps.java:183)
	at java.util.ArrayList$ArrayListSpliterator.forEachRemaining(ArrayList.java:1382)
	at java.util.stream.AbstractPipeline.copyInto(AbstractPipeline.java:482)
	at java.util.stream.ForEachOps$ForEachTask.compute(ForEachOps.java:290)
	at java.util.concurrent.CountedCompleter.exec(CountedCompleter.java:731)
	at java.util.concurrent.ForkJoinTask.doExec(ForkJoinTask.java:289)
	at java.util.concurrent.ForkJoinPool$WorkQueue.runTask(ForkJoinPool.java:1056)
	at java.util.concurrent.ForkJoinPool.runWorker(ForkJoinPool.java:1692)
	at java.util.concurrent.ForkJoinWorkerThread.run(ForkJoinWorkerThread.java:157)
Caused by: org.apache.ratis.thirdparty.io.grpc.StatusRuntimeException: DEADLINE_EXCEEDED: deadline exceeded after 2997478463ns
	at org.apache.ratis.thirdparty.io.grpc.stub.ClientCalls.toStatusRuntimeException(ClientCalls.java:233)
	at org.apache.ratis.thirdparty.io.grpc.stub.ClientCalls.getUnchecked(ClientCalls.java:214)
	at org.apache.ratis.thirdparty.io.grpc.stub.ClientCalls.blockingUnaryCall(ClientCalls.java:139)
	at org.apache.ratis.proto.grpc.AdminProtocolServiceGrpc$AdminProtocolServiceBlockingStub.groupManagement(AdminProtocolServiceGrpc.java:274)
	at org.apache.ratis.grpc.client.GrpcClientProtocolClient.lambda$groupAdd$3(GrpcClientProtocolClient.java:155)
	at org.apache.ratis.grpc.client.GrpcClientProtocolClient.blockingCall(GrpcClientProtocolClient.java:182)
	... 15 more
2019-10-18 11:53:40,010 [RATISCREATEPIPELINE1] ERROR pipeline.RatisPipelineProvider (RatisPipelineProvider.java:lambda$null$5(237)) - Failed invoke Ratis rpc org.apache.hadoop.hdds.scm.pipeline.RatisPipelineProvider$$Lambda$189/532767178@76e07a7 for c6af97c9-d2a9-4f88-a5bc-1840035ee8a8
org.apache.ratis.protocol.TimeoutIOException: deadline exceeded after 2996380775ns
	at org.apache.ratis.grpc.GrpcUtil.tryUnwrapException(GrpcUtil.java:82)
	at org.apache.ratis.grpc.GrpcUtil.unwrapException(GrpcUtil.java:75)
	at org.apache.ratis.grpc.client.GrpcClientProtocolClient.blockingCall(GrpcClientProtocolClient.java:184)
	at org.apache.ratis.grpc.client.GrpcClientProtocolClient.groupAdd(GrpcClientProtocolClient.java:153)
	at org.apache.ratis.grpc.client.GrpcClientRpc.sendRequest(GrpcClientRpc.java:94)
	at org.apache.ratis.client.impl.RaftClientImpl.sendRequest(RaftClientImpl.java:278)
	at org.apache.ratis.client.impl.RaftClientImpl.groupAdd(RaftClientImpl.java:205)
	at org.apache.hadoop.hdds.scm.pipeline.RatisPipelineProvider.lambda$initializePipeline$4(RatisPipelineProvider.java:198)
	at org.apache.hadoop.hdds.scm.pipeline.RatisPipelineProvider.lambda$null$5(RatisPipelineProvider.java:233)
	at java.util.stream.ForEachOps$ForEachOp$OfRef.accept(ForEachOps.java:183)
	at java.util.ArrayList$ArrayListSpliterator.forEachRemaining(ArrayList.java:1382)
	at java.util.stream.AbstractPipeline.copyInto(AbstractPipeline.java:482)
	at java.util.stream.ForEachOps$ForEachTask.compute(ForEachOps.java:290)
	at java.util.concurrent.CountedCompleter.exec(CountedCompleter.java:731)
	at java.util.concurrent.ForkJoinTask.doExec(ForkJoinTask.java:289)
	at java.util.concurrent.ForkJoinTask.doInvoke(ForkJoinTask.java:401)
	at java.util.concurrent.ForkJoinTask.invoke(ForkJoinTask.java:734)
	at java.util.stream.ForEachOps$ForEachOp.evaluateParallel(ForEachOps.java:159)
	at java.util.stream.ForEachOps$ForEachOp$OfRef.evaluateParallel(ForEachOps.java:173)
	at java.util.stream.AbstractPipeline.evaluate(AbstractPipeline.java:233)
	at java.util.stream.ReferencePipeline.forEach(ReferencePipeline.java:485)
	at java.util.stream.ReferencePipeline$Head.forEach(ReferencePipeline.java:650)
	at org.apache.hadoop.hdds.scm.pipeline.RatisPipelineProvider.lambda$callRatisRpc$6(RatisPipelineProvider.java:227)
	at java.util.concurrent.ForkJoinTask$AdaptedRunnableAction.exec(ForkJoinTask.java:1386)
	at java.util.concurrent.ForkJoinTask.doExec(ForkJoinTask.java:289)
	at java.util.concurrent.ForkJoinPool$WorkQueue.runTask(ForkJoinPool.java:1056)
	at java.util.concurrent.ForkJoinPool.runWorker(ForkJoinPool.java:1692)
	at java.util.concurrent.ForkJoinWorkerThread.run(ForkJoinWorkerThread.java:157)
Caused by: org.apache.ratis.thirdparty.io.grpc.StatusRuntimeException: DEADLINE_EXCEEDED: deadline exceeded after 2996380775ns
	at org.apache.ratis.thirdparty.io.grpc.stub.ClientCalls.toStatusRuntimeException(ClientCalls.java:233)
	at org.apache.ratis.thirdparty.io.grpc.stub.ClientCalls.getUnchecked(ClientCalls.java:214)
	at org.apache.ratis.thirdparty.io.grpc.stub.ClientCalls.blockingUnaryCall(ClientCalls.java:139)
	at org.apache.ratis.proto.grpc.AdminProtocolServiceGrpc$AdminProtocolServiceBlockingStub.groupManagement(AdminProtocolServiceGrpc.java:274)
	at org.apache.ratis.grpc.client.GrpcClientProtocolClient.lambda$groupAdd$3(GrpcClientProtocolClient.java:155)
	at org.apache.ratis.grpc.client.GrpcClientProtocolClient.blockingCall(GrpcClientProtocolClient.java:182)
	... 25 more
2019-10-18 11:53:40,013 [IPC Server handler 0 on 36153] WARN  block.BlockManagerImpl (BlockManagerImpl.java:allocateBlock(194)) - Pipeline creation failed for type:RATIS factor:THREE. Retrying get pipelines call once.
org.apache.hadoop.io.MultipleIOException: 3 exceptions [java.io.IOException: Failed invoke Ratis rpc org.apache.hadoop.hdds.scm.pipeline.RatisPipelineProvider$$Lambda$189/532767178@76e07a7 for cb18064d-97f9-4e26-9e9f-ebca3c7dfd9b, java.io.IOException: Failed invoke Ratis rpc org.apache.hadoop.hdds.scm.pipeline.RatisPipelineProvider$$Lambda$189/532767178@76e07a7 for fb1ed16d-3917-4def-9a06-66a583737d75, java.io.IOException: Failed invoke Ratis rpc org.apache.hadoop.hdds.scm.pipeline.RatisPipelineProvider$$Lambda$189/532767178@76e07a7 for c6af97c9-d2a9-4f88-a5bc-1840035ee8a8]
	at org.apache.hadoop.io.MultipleIOException.createIOException(MultipleIOException.java:53)
	at org.apache.hadoop.hdds.scm.pipeline.RatisPipelineProvider.callRatisRpc(RatisPipelineProvider.java:253)
	at org.apache.hadoop.hdds.scm.pipeline.RatisPipelineProvider.initializePipeline(RatisPipelineProvider.java:196)
	at org.apache.hadoop.hdds.scm.pipeline.RatisPipelineProvider.create(RatisPipelineProvider.java:163)
	at org.apache.hadoop.hdds.scm.pipeline.PipelineFactory.create(PipelineFactory.java:58)
	at org.apache.hadoop.hdds.scm.pipeline.SCMPipelineManager.createPipeline(SCMPipelineManager.java:155)
	at org.apache.hadoop.hdds.scm.block.BlockManagerImpl.allocateBlock(BlockManagerImpl.java:192)
	at org.apache.hadoop.hdds.scm.server.SCMBlockProtocolServer.allocateBlock(SCMBlockProtocolServer.java:182)
	at org.apache.hadoop.hdds.scm.protocol.ScmBlockLocationProtocolServerSideTranslatorPB.allocateScmBlock(ScmBlockLocationProtocolServerSideTranslatorPB.java:159)
	at org.apache.hadoop.hdds.scm.protocol.ScmBlockLocationProtocolServerSideTranslatorPB.processMessage(ScmBlockLocationProtocolServerSideTranslatorPB.java:117)
	at org.apache.hadoop.hdds.server.OzoneProtocolMessageDispatcher.processRequest(OzoneProtocolMessageDispatcher.java:72)
	at org.apache.hadoop.hdds.scm.protocol.ScmBlockLocationProtocolServerSideTranslatorPB.send(ScmBlockLocationProtocolServerSideTranslatorPB.java:98)
	at org.apache.hadoop.hdds.protocol.proto.ScmBlockLocationProtocolProtos$ScmBlockLocationProtocolService$2.callBlockingMethod(ScmBlockLocationProtocolProtos.java:13157)
	at org.apache.hadoop.ipc.ProtobufRpcEngine$Server$ProtoBufRpcInvoker.call(ProtobufRpcEngine.java:524)
	at org.apache.hadoop.ipc.RPC$Server.call(RPC.java:1025)
	at org.apache.hadoop.ipc.Server$RpcCall.run(Server.java:876)
	at org.apache.hadoop.ipc.Server$RpcCall.run(Server.java:822)
	at java.security.AccessController.doPrivileged(Native Method)
	at javax.security.auth.Subject.doAs(Subject.java:422)
	at org.apache.hadoop.security.UserGroupInformation.doAs(UserGroupInformation.java:1730)
	at org.apache.hadoop.ipc.Server$Handler.run(Server.java:2682)
2019-10-18 11:53:40,013 [IPC Server handler 0 on 36153] INFO  block.BlockManagerImpl (BlockManagerImpl.java:allocateBlock(200)) - Could not find available pipeline of type:RATIS and factor:THREE even after retrying
2019-10-18 11:53:40,014 [IPC Server handler 0 on 36153] ERROR block.BlockManagerImpl (BlockManagerImpl.java:allocateBlock(224)) - Unable to allocate a block for the size: 4194304, type: RATIS, factor: THREE
2019-10-18 11:53:40,016 [Thread-868] INFO  ozone.MiniOzoneClusterImpl (MiniOzoneClusterImpl.java:shutdown(314)) - Shutting down the Mini Ozone Cluster
2019-10-18 11:53:40,016 [Thread-868] INFO  ozone.MiniOzoneClusterImpl (MiniOzoneClusterImpl.java:stop(330)) - Stopping the Mini Ozone Cluster
2019-10-18 11:53:40,016 [Thread-868] INFO  ozone.MiniOzoneClusterImpl (MiniOzoneClusterImpl.java:stopOM(400)) - Stopping the OzoneManager
2019-10-18 11:53:40,016 [Thread-868] INFO  ipc.Server (Server.java:stop(3082)) - Stopping server on 42634
2019-10-18 11:53:40,019 [Thread-868] INFO  ratis.OzoneManagerDoubleBuffer (OzoneManagerDoubleBuffer.java:stop(250)) - Stopping OMDoubleBuffer flush thread
2019-10-18 11:53:40,019 [IPC Server Responder] INFO  ipc.Server (Server.java:run(1319)) - Stopping IPC Server Responder
2019-10-18 11:53:40,019 [IPC Server listener on 42634] INFO  ipc.Server (Server.java:run(1185)) - Stopping IPC Server listener on 42634
2019-10-18 11:53:40,022 [OMDoubleBufferFlushThread] INFO  ratis.OzoneManagerDoubleBuffer (OzoneManagerDoubleBuffer.java:flushTransactions(193)) - OMDoubleBuffer flush thread OMDoubleBufferFlushThread is interrupted and will exit. OMDoubleBufferFlushThread
2019-10-18 11:53:40,024 [Thread-868] INFO  utils.BackgroundService (BackgroundService.java:shutdown(151)) - Shutting down service KeyDeletingService
2019-10-18 11:53:40,026 [Thread-868] INFO  handler.ContextHandler (ContextHandler.java:doStop(910)) - Stopped o.e.j.w.WebAppContext@1adb1a07{/,null,UNAVAILABLE}{/ozoneManager}
2019-10-18 11:53:40,027 [Thread-868] INFO  server.AbstractConnector (AbstractConnector.java:doStop(318)) - Stopped ServerConnector@441f1283{HTTP/1.1,[http/1.1]}{0.0.0.0:0}
2019-10-18 11:53:40,027 [Thread-868] INFO  handler.ContextHandler (ContextHandler.java:doStop(910)) - Stopped o.e.j.s.ServletContextHandler@6c1ae54b{/static,jar:file:/home/user/.m2/repository/org/apache/hadoop/hadoop-ozone-ozone-manager/0.5.0-SNAPSHOT/hadoop-ozone-ozone-manager-0.5.0-SNAPSHOT.jar!/webapps/static,UNAVAILABLE}
2019-10-18 11:53:40,028 [Thread-868] INFO  handler.ContextHandler (ContextHandler.java:doStop(910)) - Stopped o.e.j.s.ServletContextHandler@1487b6ac{/logs,file:///workdir/hadoop-ozone/ozonefs/target/log,UNAVAILABLE}
2019-10-18 11:53:40,030 [Thread-868] INFO  ozone.MiniOzoneClusterImpl (MiniOzoneClusterImpl.java:stopDatanodes(377)) - Stopping the HddsDatanodes
2019-10-18 11:53:40,411 [Datanode State Machine Thread - 0] INFO  statemachine.DatanodeStateMachine (DatanodeStateMachine.java:lambda$startDaemon$0(350)) - Ozone container server started.
2019-10-18 11:53:40,515 [Datanode State Machine Thread - 0] INFO  statemachine.DatanodeStateMachine (DatanodeStateMachine.java:lambda$startDaemon$0(350)) - Ozone container server started.
2019-10-18 11:53:41,342 [pool-237-thread-1] INFO  storage.RaftStorage (RaftStorage.java:format(84)) - Storage directory /workdir/hadoop-ozone/ozonefs/target/test-dir/MiniOzoneClusterImpl-6704c2a7-3590-417c-aa25-2b4ddf02eb25/datanode-1/data/ratis/0c2dadae-fac3-4cb8-85ad-f448463ae50f has been successfully formatted.
2019-10-18 11:53:41,342 [fb1ed16d-3917-4def-9a06-66a583737d75@group-89CC56618C23-LeaderElection27] INFO  impl.LeaderElection (LeaderElection.java:askForVotes(178)) - fb1ed16d-3917-4def-9a06-66a583737d75@group-89CC56618C23-LeaderElection27: begin an election at term 1 for -1: [fb1ed16d-3917-4def-9a06-66a583737d75:192.168.34.5:34140, cb18064d-97f9-4e26-9e9f-ebca3c7dfd9b:192.168.34.5:33331, c6af97c9-d2a9-4f88-a5bc-1840035ee8a8:192.168.34.5:36149], old=null
2019-10-18 11:53:41,342 [cb18064d-97f9-4e26-9e9f-ebca3c7dfd9b@group-89CC56618C23-LeaderElection26] INFO  impl.LeaderElection (LeaderElection.java:askForVotes(178)) - cb18064d-97f9-4e26-9e9f-ebca3c7dfd9b@group-89CC56618C23-LeaderElection26: begin an election at term 1 for -1: [fb1ed16d-3917-4def-9a06-66a583737d75:192.168.34.5:34140, cb18064d-97f9-4e26-9e9f-ebca3c7dfd9b:192.168.34.5:33331, c6af97c9-d2a9-4f88-a5bc-1840035ee8a8:192.168.34.5:36149], old=null
2019-10-18 11:53:41,342 [pool-227-thread-1] INFO  storage.RaftStorage (RaftStorage.java:format(84)) - Storage directory /workdir/hadoop-ozone/ozonefs/target/test-dir/MiniOzoneClusterImpl-6704c2a7-3590-417c-aa25-2b4ddf02eb25/datanode-0/data/ratis/0c2dadae-fac3-4cb8-85ad-f448463ae50f has been successfully formatted.
2019-10-18 11:53:41,343 [pool-237-thread-1] INFO  ratis.ContainerStateMachine (ContainerStateMachine.java:loadSnapshot(231)) - group-F448463AE50F: The snapshot info is null. Setting the last applied indexto:(t:0, i:~)
2019-10-18 11:53:41,343 [pool-227-thread-1] INFO  ratis.ContainerStateMachine (ContainerStateMachine.java:loadSnapshot(231)) - group-F448463AE50F: The snapshot info is null. Setting the last applied indexto:(t:0, i:~)
2019-10-18 11:53:41,344 [pool-237-thread-1] INFO  server.RaftServerConfigKeys (ConfUtils.java:logGet(43)) - raft.server.notification.no-leader.timeout = 120s (custom)
2019-10-18 11:53:41,344 [pool-227-thread-1] INFO  server.RaftServerConfigKeys (ConfUtils.java:logGet(43)) - raft.server.notification.no-leader.timeout = 120s (custom)
2019-10-18 11:53:41,344 [pool-227-thread-1] INFO  server.RaftServerConfigKeys (ConfUtils.java:logGet(43)) - raft.server.log.use.memory = false (default)
2019-10-18 11:53:41,344 [pool-237-thread-1] INFO  server.RaftServerConfigKeys (ConfUtils.java:logGet(43)) - raft.server.log.use.memory = false (default)
2019-10-18 11:53:41,344 [pool-227-thread-1] INFO  server.RaftServerConfigKeys (ConfUtils.java:logGet(43)) - raft.server.log.purge.gap = 1000000 (custom)
2019-10-18 11:53:41,344 [pool-237-thread-1] INFO  server.RaftServerConfigKeys (ConfUtils.java:logGet(43)) - raft.server.log.purge.gap = 1000000 (custom)
2019-10-18 11:53:41,347 [pool-227-thread-1] INFO  server.RaftServerConfigKeys (ConfUtils.java:logGet(43)) - raft.server.log.appender.buffer.byte-limit = 33554432 (custom)
2019-10-18 11:53:41,347 [pool-237-thread-1] INFO  server.RaftServerConfigKeys (ConfUtils.java:logGet(43)) - raft.server.log.appender.buffer.byte-limit = 33554432 (custom)
2019-10-18 11:53:41,348 [pool-227-thread-1] INFO  server.RaftServerConfigKeys (ConfUtils.java:logGet(43)) - raft.server.log.segment.size.max = 1048576 (custom)
2019-10-18 11:53:41,350 [pool-237-thread-1] INFO  server.RaftServerConfigKeys (ConfUtils.java:logGet(43)) - raft.server.log.segment.size.max = 1048576 (custom)
2019-10-18 11:53:41,350 [pool-227-thread-1] INFO  server.RaftServerConfigKeys (ConfUtils.java:logGet(43)) - raft.server.log.segment.cache.num.max = 2 (custom)
2019-10-18 11:53:41,350 [pool-237-thread-1] INFO  server.RaftServerConfigKeys (ConfUtils.java:logGet(43)) - raft.server.log.segment.cache.num.max = 2 (custom)
2019-10-18 11:53:41,350 [pool-227-thread-1] INFO  segmented.SegmentedRaftLogWorker (SegmentedRaftLogWorker.java:<init>(173)) - new cb18064d-97f9-4e26-9e9f-ebca3c7dfd9b@group-F448463AE50F-SegmentedRaftLogWorker for RaftStorage:Storage Directory /workdir/hadoop-ozone/ozonefs/target/test-dir/MiniOzoneClusterImpl-6704c2a7-3590-417c-aa25-2b4ddf02eb25/datanode-0/data/ratis/0c2dadae-fac3-4cb8-85ad-f448463ae50f
2019-10-18 11:53:41,350 [pool-237-thread-1] INFO  segmented.SegmentedRaftLogWorker (SegmentedRaftLogWorker.java:<init>(173)) - new fb1ed16d-3917-4def-9a06-66a583737d75@group-F448463AE50F-SegmentedRaftLogWorker for RaftStorage:Storage Directory /workdir/hadoop-ozone/ozonefs/target/test-dir/MiniOzoneClusterImpl-6704c2a7-3590-417c-aa25-2b4ddf02eb25/datanode-1/data/ratis/0c2dadae-fac3-4cb8-85ad-f448463ae50f
2019-10-18 11:53:41,352 [pool-227-thread-1] INFO  server.RaftServerConfigKeys (ConfUtils.java:logGet(43)) - raft.server.log.queue.byte-limit = 2147483647 (custom)
2019-10-18 11:53:41,352 [pool-237-thread-1] INFO  server.RaftServerConfigKeys (ConfUtils.java:logGet(43)) - raft.server.log.queue.byte-limit = 2147483647 (custom)
2019-10-18 11:53:41,353 [pool-227-thread-1] INFO  server.RaftServerConfigKeys (ConfUtils.java:logGet(43)) - raft.server.log.queue.element-limit = 1024 (custom)
2019-10-18 11:53:41,353 [pool-237-thread-1] INFO  server.RaftServerConfigKeys (ConfUtils.java:logGet(43)) - raft.server.log.queue.element-limit = 1024 (custom)
2019-10-18 11:53:41,353 [pool-227-thread-1] INFO  server.RaftServerConfigKeys (ConfUtils.java:logGet(43)) - raft.server.log.segment.size.max = 1048576 (custom)
2019-10-18 11:53:41,353 [pool-237-thread-1] INFO  server.RaftServerConfigKeys (ConfUtils.java:logGet(43)) - raft.server.log.segment.size.max = 1048576 (custom)
2019-10-18 11:53:41,353 [pool-227-thread-1] INFO  server.RaftServerConfigKeys (ConfUtils.java:logGet(43)) - raft.server.log.preallocated.size = 16384 (custom)
2019-10-18 11:53:41,354 [pool-237-thread-1] INFO  server.RaftServerConfigKeys (ConfUtils.java:logGet(43)) - raft.server.log.preallocated.size = 16384 (custom)
2019-10-18 11:53:41,354 [pool-227-thread-1] INFO  server.RaftServerConfigKeys (ConfUtils.java:logGet(43)) - raft.server.log.write.buffer.size = 33554432 (custom)
2019-10-18 11:53:41,354 [pool-237-thread-1] INFO  server.RaftServerConfigKeys (ConfUtils.java:logGet(43)) - raft.server.log.write.buffer.size = 33554432 (custom)
2019-10-18 11:53:41,354 [pool-227-thread-1] INFO  server.RaftServerConfigKeys (ConfUtils.java:logGet(43)) - raft.server.log.force.sync.num = 128 (default)
2019-10-18 11:53:41,354 [pool-237-thread-1] INFO  server.RaftServerConfigKeys (ConfUtils.java:logGet(43)) - raft.server.log.force.sync.num = 128 (default)
2019-10-18 11:53:41,355 [pool-227-thread-1] INFO  server.RaftServerConfigKeys (ConfUtils.java:logGet(43)) - raft.server.log.statemachine.data.sync = true (default)
2019-10-18 11:53:41,355 [pool-237-thread-1] INFO  server.RaftServerConfigKeys (ConfUtils.java:logGet(43)) - raft.server.log.statemachine.data.sync = true (default)
2019-10-18 11:53:41,355 [pool-227-thread-1] INFO  server.RaftServerConfigKeys (ConfUtils.java:logGet(43)) - raft.server.log.statemachine.data.sync.timeout = 10s (default)
2019-10-18 11:53:41,355 [pool-237-thread-1] INFO  server.RaftServerConfigKeys (ConfUtils.java:logGet(43)) - raft.server.log.statemachine.data.sync.timeout = 10s (default)
2019-10-18 11:53:41,355 [pool-227-thread-1] INFO  server.RaftServerConfigKeys (ConfUtils.java:logGet(43)) - raft.server.log.statemachine.data.sync.timeout.retry = -1 (default)
2019-10-18 11:53:41,356 [pool-237-thread-1] INFO  server.RaftServerConfigKeys (ConfUtils.java:logGet(43)) - raft.server.log.statemachine.data.sync.timeout.retry = -1 (default)
2019-10-18 11:53:41,356 [pool-227-thread-1] INFO  server.RaftServerConfigKeys (ConfUtils.java:logGet(43)) - raft.server.log.statemachine.data.caching.enabled = true (custom)
2019-10-18 11:53:41,356 [pool-237-thread-1] INFO  server.RaftServerConfigKeys (ConfUtils.java:logGet(43)) - raft.server.log.statemachine.data.caching.enabled = true (custom)
2019-10-18 11:53:41,357 [pool-227-thread-1] INFO  segmented.SegmentedRaftLogWorker (SegmentedRaftLogWorker.java:lambda$new$0(128)) - cb18064d-97f9-4e26-9e9f-ebca3c7dfd9b@group-F448463AE50F-SegmentedRaftLogWorker: flushIndex: setUnconditionally 0 -> -1
2019-10-18 11:53:41,357 [pool-237-thread-1] INFO  segmented.SegmentedRaftLogWorker (SegmentedRaftLogWorker.java:lambda$new$0(128)) - fb1ed16d-3917-4def-9a06-66a583737d75@group-F448463AE50F-SegmentedRaftLogWorker: flushIndex: setUnconditionally 0 -> -1
2019-10-18 11:53:41,357 [pool-227-thread-1] INFO  server.RaftServerConfigKeys (ConfUtils.java:logGet(43)) - raft.server.snapshot.auto.trigger.enabled = true (custom)
2019-10-18 11:53:41,357 [pool-237-thread-1] INFO  server.RaftServerConfigKeys (ConfUtils.java:logGet(43)) - raft.server.snapshot.auto.trigger.enabled = true (custom)
2019-10-18 11:53:41,357 [pool-227-thread-1] INFO  server.RaftServerConfigKeys (ConfUtils.java:logGet(43)) - raft.server.snapshot.auto.trigger.threshold = 10000 (custom)
2019-10-18 11:53:41,358 [pool-237-thread-1] INFO  server.RaftServerConfigKeys (ConfUtils.java:logGet(43)) - raft.server.snapshot.auto.trigger.threshold = 10000 (custom)
2019-10-18 11:53:41,359 [pool-227-thread-1] INFO  server.RaftServerConfigKeys (ConfUtils.java:logGet(43)) - raft.server.snapshot.retention.file.num = 5 (custom)
2019-10-18 11:53:41,359 [pool-237-thread-1] INFO  server.RaftServerConfigKeys (ConfUtils.java:logGet(43)) - raft.server.snapshot.retention.file.num = 5 (custom)
2019-10-18 11:53:41,360 [pool-227-thread-1] INFO  server.RaftServerConfigKeys (ConfUtils.java:logGet(43)) - raft.server.retrycache.expirytime = 600000ms (custom)
2019-10-18 11:53:41,360 [pool-237-thread-1] INFO  server.RaftServerConfigKeys (ConfUtils.java:logGet(43)) - raft.server.retrycache.expirytime = 600000ms (custom)
2019-10-18 11:53:41,362 [grpc-default-executor-3] INFO  impl.RaftServerImpl (RaftServerImpl.java:setRole(170)) - c6af97c9-d2a9-4f88-a5bc-1840035ee8a8@group-89CC56618C23: changes role from  FOLLOWER to FOLLOWER at term 1 for recognizeCandidate:cb18064d-97f9-4e26-9e9f-ebca3c7dfd9b
2019-10-18 11:53:41,364 [grpc-default-executor-3] INFO  impl.RoleInfo (RoleInfo.java:shutdownFollowerState(121)) - c6af97c9-d2a9-4f88-a5bc-1840035ee8a8: shutdown FollowerState
2019-10-18 11:53:41,365 [grpc-default-executor-3] INFO  impl.RoleInfo (RoleInfo.java:updateAndGet(143)) - c6af97c9-d2a9-4f88-a5bc-1840035ee8a8: start FollowerState
2019-10-18 11:53:41,365 [Thread-1065] INFO  impl.FollowerState (FollowerState.java:run(117)) - c6af97c9-d2a9-4f88-a5bc-1840035ee8a8@group-89CC56618C23-FollowerState was interrupted: java.lang.InterruptedException: sleep interrupted
2019-10-18 11:53:41,379 [pool-237-thread-1] INFO  impl.RaftServerImpl (RaftServerImpl.java:<init>(95)) - fb1ed16d-3917-4def-9a06-66a583737d75: new RaftServerImpl for group-BEE976DE5B6B:[fb1ed16d-3917-4def-9a06-66a583737d75:192.168.34.5:34140, cb18064d-97f9-4e26-9e9f-ebca3c7dfd9b:192.168.34.5:33331, c6af97c9-d2a9-4f88-a5bc-1840035ee8a8:192.168.34.5:36149] with ContainerStateMachine:uninitialized
2019-10-18 11:53:41,379 [pool-237-thread-1] INFO  server.RaftServerConfigKeys (ConfUtils.java:logGet(43)) - raft.server.rpc.timeout.min = 5s (custom)
2019-10-18 11:53:41,379 [pool-237-thread-1] INFO  server.RaftServerConfigKeys (ConfUtils.java:logGet(43)) - raft.server.rpc.timeout.max = 5200ms (custom)
2019-10-18 11:53:41,379 [pool-237-thread-1] INFO  server.RaftServerConfigKeys (ConfUtils.java:logGet(43)) - raft.server.rpcslowness.timeout = 120s (custom)
2019-10-18 11:53:41,379 [pool-237-thread-1] INFO  server.RaftServerConfigKeys (ConfUtils.java:logGet(43)) - raft.server.sleep.deviation.threshold = 300 (default)
2019-10-18 11:53:41,379 [pool-237-thread-1] INFO  server.RaftServerConfigKeys (ConfUtils.java:logGet(43)) - raft.server.log.appender.install.snapshot.enabled = false (custom)
2019-10-18 11:53:41,379 [pool-227-thread-1] INFO  impl.RaftServerImpl (RaftServerImpl.java:<init>(95)) - cb18064d-97f9-4e26-9e9f-ebca3c7dfd9b: new RaftServerImpl for group-BEE976DE5B6B:[fb1ed16d-3917-4def-9a06-66a583737d75:192.168.34.5:34140, cb18064d-97f9-4e26-9e9f-ebca3c7dfd9b:192.168.34.5:33331, c6af97c9-d2a9-4f88-a5bc-1840035ee8a8:192.168.34.5:36149] with ContainerStateMachine:uninitialized
2019-10-18 11:53:41,379 [pool-237-thread-1] INFO  impl.RaftServerImpl (ServerState.java:<init>(103)) - fb1ed16d-3917-4def-9a06-66a583737d75@group-BEE976DE5B6B: ConfigurationManager, init=-1: [fb1ed16d-3917-4def-9a06-66a583737d75:192.168.34.5:34140, cb18064d-97f9-4e26-9e9f-ebca3c7dfd9b:192.168.34.5:33331, c6af97c9-d2a9-4f88-a5bc-1840035ee8a8:192.168.34.5:36149], old=null, confs=<EMPTY_MAP>
2019-10-18 11:53:41,380 [pool-227-thread-1] INFO  server.RaftServerConfigKeys (ConfUtils.java:logGet(43)) - raft.server.rpc.timeout.min = 5s (custom)
2019-10-18 11:53:41,380 [pool-237-thread-1] INFO  server.RaftServerConfigKeys (ConfUtils.java:logGet(43)) - raft.server.storage.dir = [/workdir/hadoop-ozone/ozonefs/target/test-dir/MiniOzoneClusterImpl-6704c2a7-3590-417c-aa25-2b4ddf02eb25/datanode-1/data/ratis] (custom)
2019-10-18 11:53:41,380 [pool-227-thread-1] INFO  server.RaftServerConfigKeys (ConfUtils.java:logGet(43)) - raft.server.rpc.timeout.max = 5200ms (custom)
2019-10-18 11:53:41,380 [pool-227-thread-1] INFO  server.RaftServerConfigKeys (ConfUtils.java:logGet(43)) - raft.server.rpcslowness.timeout = 120s (custom)
2019-10-18 11:53:41,380 [pool-237-thread-1] INFO  server.RaftServerConfigKeys (ConfUtils.java:logGet(43)) - raft.server.log.corruption.policy = EXCEPTION (default)
2019-10-18 11:53:41,380 [pool-227-thread-1] INFO  server.RaftServerConfigKeys (ConfUtils.java:logGet(43)) - raft.server.sleep.deviation.threshold = 300 (default)
2019-10-18 11:53:41,380 [pool-227-thread-1] INFO  server.RaftServerConfigKeys (ConfUtils.java:logGet(43)) - raft.server.log.appender.install.snapshot.enabled = false (custom)
2019-10-18 11:53:41,380 [pool-237-thread-1] INFO  storage.RaftStorageDirectory (RaftStorageDirectory.java:analyzeStorage(246)) - The storage directory /workdir/hadoop-ozone/ozonefs/target/test-dir/MiniOzoneClusterImpl-6704c2a7-3590-417c-aa25-2b4ddf02eb25/datanode-1/data/ratis/fa6207aa-94af-4578-9b0a-bee976de5b6b does not exist. Creating ...
2019-10-18 11:53:41,381 [pool-227-thread-1] INFO  impl.RaftServerImpl (ServerState.java:<init>(103)) - cb18064d-97f9-4e26-9e9f-ebca3c7dfd9b@group-BEE976DE5B6B: ConfigurationManager, init=-1: [fb1ed16d-3917-4def-9a06-66a583737d75:192.168.34.5:34140, cb18064d-97f9-4e26-9e9f-ebca3c7dfd9b:192.168.34.5:33331, c6af97c9-d2a9-4f88-a5bc-1840035ee8a8:192.168.34.5:36149], old=null, confs=<EMPTY_MAP>
2019-10-18 11:53:41,381 [pool-227-thread-1] INFO  server.RaftServerConfigKeys (ConfUtils.java:logGet(43)) - raft.server.storage.dir = [/workdir/hadoop-ozone/ozonefs/target/test-dir/MiniOzoneClusterImpl-6704c2a7-3590-417c-aa25-2b4ddf02eb25/datanode-0/data/ratis] (custom)
2019-10-18 11:53:41,381 [pool-227-thread-1] INFO  server.RaftServerConfigKeys (ConfUtils.java:logGet(43)) - raft.server.log.corruption.policy = EXCEPTION (default)
2019-10-18 11:53:41,381 [pool-227-thread-1] INFO  storage.RaftStorageDirectory (RaftStorageDirectory.java:analyzeStorage(246)) - The storage directory /workdir/hadoop-ozone/ozonefs/target/test-dir/MiniOzoneClusterImpl-6704c2a7-3590-417c-aa25-2b4ddf02eb25/datanode-0/data/ratis/fa6207aa-94af-4578-9b0a-bee976de5b6b does not exist. Creating ...
2019-10-18 11:53:42,287 [pool-247-thread-1] INFO  storage.RaftStorageDirectory (RaftStorageDirectory.java:tryLock(328)) - Lock on /workdir/hadoop-ozone/ozonefs/target/test-dir/MiniOzoneClusterImpl-6704c2a7-3590-417c-aa25-2b4ddf02eb25/datanode-2/data/ratis/0c2dadae-fac3-4cb8-85ad-f448463ae50f/in_use.lock acquired by nodename 5968@pr-hdds-2208-pnh8d-353521125
2019-10-18 11:53:42,861 [c6af97c9-d2a9-4f88-a5bc-1840035ee8a8@group-537FC5B2A7F9-LeaderElection28] INFO  impl.LeaderElection (LeaderElection.java:askForVotes(178)) - c6af97c9-d2a9-4f88-a5bc-1840035ee8a8@group-537FC5B2A7F9-LeaderElection28: begin an election at term 1 for -1: [c6af97c9-d2a9-4f88-a5bc-1840035ee8a8:192.168.34.5:36149], old=null
2019-10-18 11:53:42,861 [c6af97c9-d2a9-4f88-a5bc-1840035ee8a8@group-537FC5B2A7F9-LeaderElection28] INFO  impl.RoleInfo (RoleInfo.java:shutdownLeaderElection(134)) - c6af97c9-d2a9-4f88-a5bc-1840035ee8a8: shutdown LeaderElection
2019-10-18 11:53:42,861 [c6af97c9-d2a9-4f88-a5bc-1840035ee8a8@group-537FC5B2A7F9-LeaderElection28] INFO  impl.RaftServerImpl (RaftServerImpl.java:setRole(170)) - c6af97c9-d2a9-4f88-a5bc-1840035ee8a8@group-537FC5B2A7F9: changes role from CANDIDATE to LEADER at term 1 for changeToLeader
2019-10-18 11:53:42,861 [c6af97c9-d2a9-4f88-a5bc-1840035ee8a8@group-537FC5B2A7F9-LeaderElection28] INFO  impl.RaftServerImpl (ServerState.java:setLeader(255)) - c6af97c9-d2a9-4f88-a5bc-1840035ee8a8@group-537FC5B2A7F9: change Leader from null to c6af97c9-d2a9-4f88-a5bc-1840035ee8a8 at term 1 for becomeLeader, leader elected after 12498ms
2019-10-18 11:53:42,862 [c6af97c9-d2a9-4f88-a5bc-1840035ee8a8@group-537FC5B2A7F9-LeaderElection28] INFO  server.RaftServerConfigKeys (ConfUtils.java:logGet(43)) - raft.server.staging.catchup.gap = 1000 (default)
2019-10-18 11:53:42,862 [c6af97c9-d2a9-4f88-a5bc-1840035ee8a8@group-537FC5B2A7F9-LeaderElection28] INFO  server.RaftServerConfigKeys (ConfUtils.java:logGet(43)) - raft.server.rpc.sleep.time = 25ms (default)
2019-10-18 11:53:42,862 [c6af97c9-d2a9-4f88-a5bc-1840035ee8a8@group-537FC5B2A7F9-LeaderElection28] INFO  server.RaftServerConfigKeys (ConfUtils.java:logGet(43)) - raft.server.write.element-limit = 4096 (default)
2019-10-18 11:53:42,862 [c6af97c9-d2a9-4f88-a5bc-1840035ee8a8@group-537FC5B2A7F9-LeaderElection28] INFO  server.RaftServerConfigKeys (ConfUtils.java:logGet(43)) - raft.server.watch.timeout = 10s (default)
2019-10-18 11:53:42,862 [c6af97c9-d2a9-4f88-a5bc-1840035ee8a8@group-537FC5B2A7F9-LeaderElection28] INFO  server.RaftServerConfigKeys (ConfUtils.java:logGet(43)) - raft.server.watch.timeout.denomination = 1s (default)
2019-10-18 11:53:42,863 [c6af97c9-d2a9-4f88-a5bc-1840035ee8a8@group-537FC5B2A7F9-LeaderElection28] INFO  server.RaftServerConfigKeys (ConfUtils.java:logGet(43)) - raft.server.watch.element-limit = 65536 (default)
2019-10-18 11:53:42,865 [c6af97c9-d2a9-4f88-a5bc-1840035ee8a8@group-537FC5B2A7F9-LeaderElection28] INFO  impl.RoleInfo (RoleInfo.java:updateAndGet(143)) - c6af97c9-d2a9-4f88-a5bc-1840035ee8a8: start LeaderState
2019-10-18 11:53:42,866 [c6af97c9-d2a9-4f88-a5bc-1840035ee8a8@group-537FC5B2A7F9-LeaderElection28] INFO  segmented.SegmentedRaftLogWorker (SegmentedRaftLogWorker.java:startLogSegment(385)) - c6af97c9-d2a9-4f88-a5bc-1840035ee8a8@group-537FC5B2A7F9-SegmentedRaftLogWorker: Starting segment from index:0
2019-10-18 11:53:42,866 [c6af97c9-d2a9-4f88-a5bc-1840035ee8a8@group-537FC5B2A7F9-LeaderElection28] INFO  impl.RaftServerImpl (ServerState.java:setRaftConf(356)) - c6af97c9-d2a9-4f88-a5bc-1840035ee8a8@group-537FC5B2A7F9: set configuration 0: [c6af97c9-d2a9-4f88-a5bc-1840035ee8a8:192.168.34.5:36149], old=null at 0
2019-10-18 11:53:43,832 [pool-227-thread-1] INFO  storage.RaftStorageDirectory (RaftStorageDirectory.java:tryLock(328)) - Lock on /workdir/hadoop-ozone/ozonefs/target/test-dir/MiniOzoneClusterImpl-6704c2a7-3590-417c-aa25-2b4ddf02eb25/datanode-0/data/ratis/fa6207aa-94af-4578-9b0a-bee976de5b6b/in_use.lock acquired by nodename 5968@pr-hdds-2208-pnh8d-353521125
2019-10-18 11:53:43,832 [pool-237-thread-1] INFO  storage.RaftStorageDirectory (RaftStorageDirectory.java:tryLock(328)) - Lock on /workdir/hadoop-ozone/ozonefs/target/test-dir/MiniOzoneClusterImpl-6704c2a7-3590-417c-aa25-2b4ddf02eb25/datanode-1/data/ratis/fa6207aa-94af-4578-9b0a-bee976de5b6b/in_use.lock acquired by nodename 5968@pr-hdds-2208-pnh8d-353521125
2019-10-18 11:53:44,311 [cb18064d-97f9-4e26-9e9f-ebca3c7dfd9b@group-89CC56618C23-LeaderElection26] INFO  impl.LeaderElection (LeaderElection.java:logAndReturn(56)) - cb18064d-97f9-4e26-9e9f-ebca3c7dfd9b@group-89CC56618C23-LeaderElection26: Election PASSED; received 2 response(s) [cb18064d-97f9-4e26-9e9f-ebca3c7dfd9b<-fb1ed16d-3917-4def-9a06-66a583737d75#0:FAIL-t1, cb18064d-97f9-4e26-9e9f-ebca3c7dfd9b<-c6af97c9-d2a9-4f88-a5bc-1840035ee8a8#0:OK-t1] and 0 exception(s); cb18064d-97f9-4e26-9e9f-ebca3c7dfd9b@group-89CC56618C23:t1, leader=null, voted=cb18064d-97f9-4e26-9e9f-ebca3c7dfd9b, raftlog=cb18064d-97f9-4e26-9e9f-ebca3c7dfd9b@group-89CC56618C23-SegmentedRaftLog:OPENED:c-1,f-1,i0, conf=-1: [fb1ed16d-3917-4def-9a06-66a583737d75:192.168.34.5:34140, cb18064d-97f9-4e26-9e9f-ebca3c7dfd9b:192.168.34.5:33331, c6af97c9-d2a9-4f88-a5bc-1840035ee8a8:192.168.34.5:36149], old=null
2019-10-18 11:53:44,311 [cb18064d-97f9-4e26-9e9f-ebca3c7dfd9b@group-89CC56618C23-LeaderElection26] INFO  impl.RoleInfo (RoleInfo.java:shutdownLeaderElection(134)) - cb18064d-97f9-4e26-9e9f-ebca3c7dfd9b: shutdown LeaderElection
2019-10-18 11:53:44,313 [cb18064d-97f9-4e26-9e9f-ebca3c7dfd9b@group-89CC56618C23-LeaderElection26] INFO  impl.RaftServerImpl (RaftServerImpl.java:setRole(170)) - cb18064d-97f9-4e26-9e9f-ebca3c7dfd9b@group-89CC56618C23: changes role from CANDIDATE to LEADER at term 1 for changeToLeader
2019-10-18 11:53:44,313 [fb1ed16d-3917-4def-9a06-66a583737d75@group-89CC56618C23-LeaderElection27] INFO  impl.LeaderElection (LeaderElection.java:logAndReturn(56)) - fb1ed16d-3917-4def-9a06-66a583737d75@group-89CC56618C23-LeaderElection27: Election REJECTED; received 2 response(s) [fb1ed16d-3917-4def-9a06-66a583737d75<-cb18064d-97f9-4e26-9e9f-ebca3c7dfd9b#0:FAIL-t1, fb1ed16d-3917-4def-9a06-66a583737d75<-c6af97c9-d2a9-4f88-a5bc-1840035ee8a8#0:FAIL-t1] and 0 exception(s); fb1ed16d-3917-4def-9a06-66a583737d75@group-89CC56618C23:t1, leader=null, voted=fb1ed16d-3917-4def-9a06-66a583737d75, raftlog=fb1ed16d-3917-4def-9a06-66a583737d75@group-89CC56618C23-SegmentedRaftLog:OPENED:c-1,f-1,i0, conf=-1: [fb1ed16d-3917-4def-9a06-66a583737d75:192.168.34.5:34140, cb18064d-97f9-4e26-9e9f-ebca3c7dfd9b:192.168.34.5:33331, c6af97c9-d2a9-4f88-a5bc-1840035ee8a8:192.168.34.5:36149], old=null
2019-10-18 11:53:44,314 [cb18064d-97f9-4e26-9e9f-ebca3c7dfd9b@group-89CC56618C23-LeaderElection26] INFO  impl.RaftServerImpl (ServerState.java:setLeader(255)) - cb18064d-97f9-4e26-9e9f-ebca3c7dfd9b@group-89CC56618C23: change Leader from null to cb18064d-97f9-4e26-9e9f-ebca3c7dfd9b at term 1 for becomeLeader, leader elected after 11523ms
2019-10-18 11:53:44,316 [fb1ed16d-3917-4def-9a06-66a583737d75@group-89CC56618C23-LeaderElection27] INFO  impl.RaftServerImpl (RaftServerImpl.java:setRole(170)) - fb1ed16d-3917-4def-9a06-66a583737d75@group-89CC56618C23: changes role from CANDIDATE to FOLLOWER at term 1 for DISCOVERED_A_NEW_TERM
2019-10-18 11:53:44,317 [cb18064d-97f9-4e26-9e9f-ebca3c7dfd9b@group-89CC56618C23-LeaderElection26] INFO  server.RaftServerConfigKeys (ConfUtils.java:logGet(43)) - raft.server.staging.catchup.gap = 1000 (default)
2019-10-18 11:53:44,317 [fb1ed16d-3917-4def-9a06-66a583737d75@group-89CC56618C23-LeaderElection27] INFO  impl.RoleInfo (RoleInfo.java:shutdownLeaderElection(134)) - fb1ed16d-3917-4def-9a06-66a583737d75: shutdown LeaderElection
2019-10-18 11:53:44,317 [cb18064d-97f9-4e26-9e9f-ebca3c7dfd9b@group-89CC56618C23-LeaderElection26] INFO  server.RaftServerConfigKeys (ConfUtils.java:logGet(43)) - raft.server.rpc.sleep.time = 25ms (default)
2019-10-18 11:53:44,317 [fb1ed16d-3917-4def-9a06-66a583737d75@group-89CC56618C23-LeaderElection27] INFO  impl.RoleInfo (RoleInfo.java:updateAndGet(143)) - fb1ed16d-3917-4def-9a06-66a583737d75: start FollowerState
2019-10-18 11:53:44,317 [cb18064d-97f9-4e26-9e9f-ebca3c7dfd9b@group-89CC56618C23-LeaderElection26] INFO  server.RaftServerConfigKeys (ConfUtils.java:logGet(43)) - raft.server.write.element-limit = 4096 (default)
2019-10-18 11:53:44,319 [cb18064d-97f9-4e26-9e9f-ebca3c7dfd9b@group-89CC56618C23-LeaderElection26] INFO  server.RaftServerConfigKeys (ConfUtils.java:logGet(43)) - raft.server.watch.timeout = 10s (default)
2019-10-18 11:53:44,319 [cb18064d-97f9-4e26-9e9f-ebca3c7dfd9b@group-89CC56618C23-LeaderElection26] INFO  server.RaftServerConfigKeys (ConfUtils.java:logGet(43)) - raft.server.watch.timeout.denomination = 1s (default)
2019-10-18 11:53:44,319 [cb18064d-97f9-4e26-9e9f-ebca3c7dfd9b@group-89CC56618C23-LeaderElection26] INFO  server.RaftServerConfigKeys (ConfUtils.java:logGet(43)) - raft.server.watch.element-limit = 65536 (default)
2019-10-18 11:53:44,327 [cb18064d-97f9-4e26-9e9f-ebca3c7dfd9b@group-89CC56618C23-LeaderElection26] INFO  server.RaftServerConfigKeys (ConfUtils.java:logGet(43)) - raft.server.log.appender.snapshot.chunk.size.max = 16MB (=16777216) (default)
2019-10-18 11:53:44,327 [cb18064d-97f9-4e26-9e9f-ebca3c7dfd9b@group-89CC56618C23-LeaderElection26] INFO  server.RaftServerConfigKeys (ConfUtils.java:logGet(43)) - raft.server.log.appender.buffer.byte-limit = 33554432 (custom)
2019-10-18 11:53:44,328 [cb18064d-97f9-4e26-9e9f-ebca3c7dfd9b@group-89CC56618C23-LeaderElection26] INFO  server.RaftServerConfigKeys (ConfUtils.java:logGet(43)) - raft.server.log.appender.buffer.element-limit = 1 (custom)
2019-10-18 11:53:44,333 [cb18064d-97f9-4e26-9e9f-ebca3c7dfd9b@group-89CC56618C23-LeaderElection26] INFO  grpc.GrpcConfigKeys$Server (ConfUtils.java:logGet(43)) - raft.grpc.server.leader.outstanding.appends.max = 128 (default)
2019-10-18 11:53:44,333 [cb18064d-97f9-4e26-9e9f-ebca3c7dfd9b@group-89CC56618C23-LeaderElection26] INFO  server.RaftServerConfigKeys (ConfUtils.java:logGet(43)) - raft.server.rpc.request.timeout = 3000ms (default)
2019-10-18 11:53:44,334 [cb18064d-97f9-4e26-9e9f-ebca3c7dfd9b@group-89CC56618C23-LeaderElection26] INFO  server.RaftServerConfigKeys (ConfUtils.java:logGet(43)) - raft.server.log.appender.install.snapshot.enabled = false (custom)
2019-10-18 11:53:44,335 [cb18064d-97f9-4e26-9e9f-ebca3c7dfd9b@group-89CC56618C23-LeaderElection26] INFO  server.RaftServerConfigKeys (ConfUtils.java:logGet(43)) - raft.server.log.appender.snapshot.chunk.size.max = 16MB (=16777216) (default)
2019-10-18 11:53:44,335 [cb18064d-97f9-4e26-9e9f-ebca3c7dfd9b@group-89CC56618C23-LeaderElection26] INFO  server.RaftServerConfigKeys (ConfUtils.java:logGet(43)) - raft.server.log.appender.buffer.byte-limit = 33554432 (custom)
2019-10-18 11:53:44,335 [cb18064d-97f9-4e26-9e9f-ebca3c7dfd9b@group-89CC56618C23-LeaderElection26] INFO  server.RaftServerConfigKeys (ConfUtils.java:logGet(43)) - raft.server.log.appender.buffer.element-limit = 1 (custom)
2019-10-18 11:53:44,336 [cb18064d-97f9-4e26-9e9f-ebca3c7dfd9b@group-89CC56618C23-LeaderElection26] INFO  grpc.GrpcConfigKeys$Server (ConfUtils.java:logGet(43)) - raft.grpc.server.leader.outstanding.appends.max = 128 (default)
2019-10-18 11:53:44,336 [cb18064d-97f9-4e26-9e9f-ebca3c7dfd9b@group-89CC56618C23-LeaderElection26] INFO  server.RaftServerConfigKeys (ConfUtils.java:logGet(43)) - raft.server.rpc.request.timeout = 3000ms (default)
2019-10-18 11:53:44,336 [cb18064d-97f9-4e26-9e9f-ebca3c7dfd9b@group-89CC56618C23-LeaderElection26] INFO  server.RaftServerConfigKeys (ConfUtils.java:logGet(43)) - raft.server.log.appender.install.snapshot.enabled = false (custom)
2019-10-18 11:53:44,338 [cb18064d-97f9-4e26-9e9f-ebca3c7dfd9b@group-89CC56618C23-LeaderElection26] INFO  impl.RoleInfo (RoleInfo.java:updateAndGet(143)) - cb18064d-97f9-4e26-9e9f-ebca3c7dfd9b: start LeaderState
2019-10-18 11:53:44,339 [cb18064d-97f9-4e26-9e9f-ebca3c7dfd9b@group-89CC56618C23-LeaderElection26] INFO  segmented.SegmentedRaftLogWorker (SegmentedRaftLogWorker.java:startLogSegment(385)) - cb18064d-97f9-4e26-9e9f-ebca3c7dfd9b@group-89CC56618C23-SegmentedRaftLogWorker: Starting segment from index:0
2019-10-18 11:53:44,340 [cb18064d-97f9-4e26-9e9f-ebca3c7dfd9b@group-89CC56618C23-LeaderElection26] INFO  impl.RaftServerImpl (ServerState.java:setRaftConf(356)) - cb18064d-97f9-4e26-9e9f-ebca3c7dfd9b@group-89CC56618C23: set configuration 0: [fb1ed16d-3917-4def-9a06-66a583737d75:192.168.34.5:34140, cb18064d-97f9-4e26-9e9f-ebca3c7dfd9b:192.168.34.5:33331, c6af97c9-d2a9-4f88-a5bc-1840035ee8a8:192.168.34.5:36149], old=null at 0
2019-10-18 11:53:44,394 [grpc-default-executor-3] INFO  impl.RaftServerImpl (ServerState.java:setLeader(255)) - fb1ed16d-3917-4def-9a06-66a583737d75@group-89CC56618C23: change Leader from null to cb18064d-97f9-4e26-9e9f-ebca3c7dfd9b at term 1 for appendEntries, leader elected after 11605ms
2019-10-18 11:53:44,394 [grpc-default-executor-0] INFO  impl.RaftServerImpl (ServerState.java:setLeader(255)) - c6af97c9-d2a9-4f88-a5bc-1840035ee8a8@group-89CC56618C23: change Leader from null to cb18064d-97f9-4e26-9e9f-ebca3c7dfd9b at term 1 for appendEntries, leader elected after 10675ms
2019-10-18 11:53:44,423 [grpc-default-executor-0] INFO  impl.RaftServerImpl (ServerState.java:setRaftConf(356)) - fb1ed16d-3917-4def-9a06-66a583737d75@group-89CC56618C23: set configuration 0: [fb1ed16d-3917-4def-9a06-66a583737d75:192.168.34.5:34140, cb18064d-97f9-4e26-9e9f-ebca3c7dfd9b:192.168.34.5:33331, c6af97c9-d2a9-4f88-a5bc-1840035ee8a8:192.168.34.5:36149], old=null at 0
2019-10-18 11:53:44,423 [grpc-default-executor-3] INFO  impl.RaftServerImpl (ServerState.java:setRaftConf(356)) - c6af97c9-d2a9-4f88-a5bc-1840035ee8a8@group-89CC56618C23: set configuration 0: [fb1ed16d-3917-4def-9a06-66a583737d75:192.168.34.5:34140, cb18064d-97f9-4e26-9e9f-ebca3c7dfd9b:192.168.34.5:33331, c6af97c9-d2a9-4f88-a5bc-1840035ee8a8:192.168.34.5:36149], old=null at 0
2019-10-18 11:53:44,424 [grpc-default-executor-0] INFO  segmented.SegmentedRaftLogWorker (SegmentedRaftLogWorker.java:startLogSegment(385)) - fb1ed16d-3917-4def-9a06-66a583737d75@group-89CC56618C23-SegmentedRaftLogWorker: Starting segment from index:0
2019-10-18 11:53:44,424 [grpc-default-executor-3] INFO  segmented.SegmentedRaftLogWorker (SegmentedRaftLogWorker.java:startLogSegment(385)) - c6af97c9-d2a9-4f88-a5bc-1840035ee8a8@group-89CC56618C23-SegmentedRaftLogWorker: Starting segment from index:0
2019-10-18 11:53:45,032 [Thread-868] INFO  ozoneimpl.OzoneContainer (OzoneContainer.java:stop(227)) - Attempting to stop container services.
2019-10-18 11:53:45,032 [ForkJoinPool.commonPool-worker-1] INFO  ozoneimpl.OzoneContainer (OzoneContainer.java:stop(227)) - Attempting to stop container services.
2019-10-18 11:53:45,405 [c6af97c9-d2a9-4f88-a5bc-1840035ee8a8@group-537FC5B2A7F9-SegmentedRaftLogWorker] INFO  segmented.SegmentedRaftLogWorker (SegmentedRaftLogWorker.java:execute(574)) - c6af97c9-d2a9-4f88-a5bc-1840035ee8a8@group-537FC5B2A7F9-SegmentedRaftLogWorker: created new log segment /workdir/hadoop-ozone/ozonefs/target/test-dir/MiniOzoneClusterImpl-6704c2a7-3590-417c-aa25-2b4ddf02eb25/datanode-2/data/ratis/f5686750-18b8-44ac-9e36-537fc5b2a7f9/current/log_inprogress_0
2019-10-18 11:53:46,133 [pool-247-thread-1] INFO  storage.RaftStorage (RaftStorage.java:format(84)) - Storage directory /workdir/hadoop-ozone/ozonefs/target/test-dir/MiniOzoneClusterImpl-6704c2a7-3590-417c-aa25-2b4ddf02eb25/datanode-2/data/ratis/0c2dadae-fac3-4cb8-85ad-f448463ae50f has been successfully formatted.
2019-10-18 11:53:46,133 [pool-247-thread-1] INFO  ratis.ContainerStateMachine (ContainerStateMachine.java:loadSnapshot(231)) - group-F448463AE50F: The snapshot info is null. Setting the last applied indexto:(t:0, i:~)
2019-10-18 11:53:46,134 [pool-247-thread-1] INFO  server.RaftServerConfigKeys (ConfUtils.java:logGet(43)) - raft.server.notification.no-leader.timeout = 120s (custom)
2019-10-18 11:53:46,134 [pool-247-thread-1] INFO  server.RaftServerConfigKeys (ConfUtils.java:logGet(43)) - raft.server.log.use.memory = false (default)
2019-10-18 11:53:46,134 [pool-247-thread-1] INFO  server.RaftServerConfigKeys (ConfUtils.java:logGet(43)) - raft.server.log.purge.gap = 1000000 (custom)
2019-10-18 11:53:46,134 [pool-247-thread-1] INFO  server.RaftServerConfigKeys (ConfUtils.java:logGet(43)) - raft.server.log.appender.buffer.byte-limit = 33554432 (custom)
2019-10-18 11:53:46,134 [pool-247-thread-1] INFO  server.RaftServerConfigKeys (ConfUtils.java:logGet(43)) - raft.server.log.segment.size.max = 1048576 (custom)
2019-10-18 11:53:46,134 [pool-247-thread-1] INFO  server.RaftServerConfigKeys (ConfUtils.java:logGet(43)) - raft.server.log.segment.cache.num.max = 2 (custom)
2019-10-18 11:53:46,134 [pool-247-thread-1] INFO  segmented.SegmentedRaftLogWorker (SegmentedRaftLogWorker.java:<init>(173)) - new c6af97c9-d2a9-4f88-a5bc-1840035ee8a8@group-F448463AE50F-SegmentedRaftLogWorker for RaftStorage:Storage Directory /workdir/hadoop-ozone/ozonefs/target/test-dir/MiniOzoneClusterImpl-6704c2a7-3590-417c-aa25-2b4ddf02eb25/datanode-2/data/ratis/0c2dadae-fac3-4cb8-85ad-f448463ae50f
2019-10-18 11:53:46,135 [pool-247-thread-1] INFO  server.RaftServerConfigKeys (ConfUtils.java:logGet(43)) - raft.server.log.queue.byte-limit = 2147483647 (custom)
2019-10-18 11:53:46,135 [pool-247-thread-1] INFO  server.RaftServerConfigKeys (ConfUtils.java:logGet(43)) - raft.server.log.queue.element-limit = 1024 (custom)
2019-10-18 11:53:46,135 [pool-247-thread-1] INFO  server.RaftServerConfigKeys (ConfUtils.java:logGet(43)) - raft.server.log.segment.size.max = 1048576 (custom)
2019-10-18 11:53:46,135 [pool-247-thread-1] INFO  server.RaftServerConfigKeys (ConfUtils.java:logGet(43)) - raft.server.log.preallocated.size = 16384 (custom)
2019-10-18 11:53:46,135 [pool-247-thread-1] INFO  server.RaftServerConfigKeys (ConfUtils.java:logGet(43)) - raft.server.log.write.buffer.size = 33554432 (custom)
2019-10-18 11:53:46,135 [pool-247-thread-1] INFO  server.RaftServerConfigKeys (ConfUtils.java:logGet(43)) - raft.server.log.force.sync.num = 128 (default)
2019-10-18 11:53:46,135 [pool-247-thread-1] INFO  server.RaftServerConfigKeys (ConfUtils.java:logGet(43)) - raft.server.log.statemachine.data.sync = true (default)
2019-10-18 11:53:46,135 [pool-247-thread-1] INFO  server.RaftServerConfigKeys (ConfUtils.java:logGet(43)) - raft.server.log.statemachine.data.sync.timeout = 10s (default)
2019-10-18 11:53:46,135 [pool-247-thread-1] INFO  server.RaftServerConfigKeys (ConfUtils.java:logGet(43)) - raft.server.log.statemachine.data.sync.timeout.retry = -1 (default)
2019-10-18 11:53:46,136 [pool-247-thread-1] INFO  server.RaftServerConfigKeys (ConfUtils.java:logGet(43)) - raft.server.log.statemachine.data.caching.enabled = true (custom)
2019-10-18 11:53:46,136 [pool-247-thread-1] INFO  segmented.SegmentedRaftLogWorker (SegmentedRaftLogWorker.java:lambda$new$0(128)) - c6af97c9-d2a9-4f88-a5bc-1840035ee8a8@group-F448463AE50F-SegmentedRaftLogWorker: flushIndex: setUnconditionally 0 -> -1
2019-10-18 11:53:46,136 [pool-247-thread-1] INFO  server.RaftServerConfigKeys (ConfUtils.java:logGet(43)) - raft.server.snapshot.auto.trigger.enabled = true (custom)
2019-10-18 11:53:46,136 [pool-247-thread-1] INFO  server.RaftServerConfigKeys (ConfUtils.java:logGet(43)) - raft.server.snapshot.auto.trigger.threshold = 10000 (custom)
2019-10-18 11:53:46,137 [pool-247-thread-1] INFO  server.RaftServerConfigKeys (ConfUtils.java:logGet(43)) - raft.server.snapshot.retention.file.num = 5 (custom)
2019-10-18 11:53:46,137 [pool-247-thread-1] INFO  server.RaftServerConfigKeys (ConfUtils.java:logGet(43)) - raft.server.retrycache.expirytime = 600000ms (custom)
2019-10-18 11:53:46,140 [pool-247-thread-1] INFO  impl.RaftServerImpl (RaftServerImpl.java:<init>(95)) - c6af97c9-d2a9-4f88-a5bc-1840035ee8a8: new RaftServerImpl for group-BEE976DE5B6B:[fb1ed16d-3917-4def-9a06-66a583737d75:192.168.34.5:34140, cb18064d-97f9-4e26-9e9f-ebca3c7dfd9b:192.168.34.5:33331, c6af97c9-d2a9-4f88-a5bc-1840035ee8a8:192.168.34.5:36149] with ContainerStateMachine:uninitialized
2019-10-18 11:53:46,141 [pool-247-thread-1] INFO  server.RaftServerConfigKeys (ConfUtils.java:logGet(43)) - raft.server.rpc.timeout.min = 5s (custom)
2019-10-18 11:53:46,141 [pool-247-thread-1] INFO  server.RaftServerConfigKeys (ConfUtils.java:logGet(43)) - raft.server.rpc.timeout.max = 5200ms (custom)
2019-10-18 11:53:46,141 [pool-247-thread-1] INFO  server.RaftServerConfigKeys (ConfUtils.java:logGet(43)) - raft.server.rpcslowness.timeout = 120s (custom)
2019-10-18 11:53:46,141 [pool-247-thread-1] INFO  server.RaftServerConfigKeys (ConfUtils.java:logGet(43)) - raft.server.sleep.deviation.threshold = 300 (default)
2019-10-18 11:53:46,141 [pool-247-thread-1] INFO  server.RaftServerConfigKeys (ConfUtils.java:logGet(43)) - raft.server.log.appender.install.snapshot.enabled = false (custom)
2019-10-18 11:53:46,141 [pool-247-thread-1] INFO  impl.RaftServerImpl (ServerState.java:<init>(103)) - c6af97c9-d2a9-4f88-a5bc-1840035ee8a8@group-BEE976DE5B6B: ConfigurationManager, init=-1: [fb1ed16d-3917-4def-9a06-66a583737d75:192.168.34.5:34140, cb18064d-97f9-4e26-9e9f-ebca3c7dfd9b:192.168.34.5:33331, c6af97c9-d2a9-4f88-a5bc-1840035ee8a8:192.168.34.5:36149], old=null, confs=<EMPTY_MAP>
2019-10-18 11:53:46,141 [pool-247-thread-1] INFO  server.RaftServerConfigKeys (ConfUtils.java:logGet(43)) - raft.server.storage.dir = [/workdir/hadoop-ozone/ozonefs/target/test-dir/MiniOzoneClusterImpl-6704c2a7-3590-417c-aa25-2b4ddf02eb25/datanode-2/data/ratis] (custom)
2019-10-18 11:53:46,142 [pool-247-thread-1] INFO  server.RaftServerConfigKeys (ConfUtils.java:logGet(43)) - raft.server.log.corruption.policy = EXCEPTION (default)
2019-10-18 11:53:46,142 [pool-247-thread-1] INFO  storage.RaftStorageDirectory (RaftStorageDirectory.java:analyzeStorage(246)) - The storage directory /workdir/hadoop-ozone/ozonefs/target/test-dir/MiniOzoneClusterImpl-6704c2a7-3590-417c-aa25-2b4ddf02eb25/datanode-2/data/ratis/fa6207aa-94af-4578-9b0a-bee976de5b6b does not exist. Creating ...
2019-10-18 11:53:47,418 [java.util.concurrent.ThreadPoolExecutor$Worker@304bacff[State = -1, empty queue]] WARN  server.GrpcLogAppender (GrpcLogAppender.java:timeoutAppendRequest(200)) - cb18064d-97f9-4e26-9e9f-ebca3c7dfd9b@group-89CC56618C23->c6af97c9-d2a9-4f88-a5bc-1840035ee8a8-GrpcLogAppender: appendEntries Timeout, request=cb18064d-97f9-4e26-9e9f-ebca3c7dfd9b->c6af97c9-d2a9-4f88-a5bc-1840035ee8a8#1-t1, previous=(t:0, i:0), leaderCommit=-1, initializing? false, entries: size=1, first=(t:1, i:0), CONFIGURATIONENTRY
2019-10-18 11:53:47,418 [java.util.concurrent.ThreadPoolExecutor$Worker@abbebe0[State = -1, empty queue]] WARN  server.GrpcLogAppender (GrpcLogAppender.java:timeoutAppendRequest(200)) - cb18064d-97f9-4e26-9e9f-ebca3c7dfd9b@group-89CC56618C23->fb1ed16d-3917-4def-9a06-66a583737d75-GrpcLogAppender: appendEntries Timeout, request=cb18064d-97f9-4e26-9e9f-ebca3c7dfd9b->fb1ed16d-3917-4def-9a06-66a583737d75#1-t1, previous=(t:0, i:0), leaderCommit=-1, initializing? false, entries: size=1, first=(t:1, i:0), CONFIGURATIONENTRY
2019-10-18 11:53:47,882 [c6af97c9-d2a9-4f88-a5bc-1840035ee8a8@group-89CC56618C23-SegmentedRaftLogWorker] INFO  segmented.SegmentedRaftLogWorker (SegmentedRaftLogWorker.java:execute(574)) - c6af97c9-d2a9-4f88-a5bc-1840035ee8a8@group-89CC56618C23-SegmentedRaftLogWorker: created new log segment /workdir/hadoop-ozone/ozonefs/target/test-dir/MiniOzoneClusterImpl-6704c2a7-3590-417c-aa25-2b4ddf02eb25/datanode-2/data/ratis/6f0341da-596c-4647-a401-89cc56618c23/current/log_inprogress_0
2019-10-18 11:53:47,882 [pool-237-thread-1] INFO  storage.RaftStorage (RaftStorage.java:format(84)) - Storage directory /workdir/hadoop-ozone/ozonefs/target/test-dir/MiniOzoneClusterImpl-6704c2a7-3590-417c-aa25-2b4ddf02eb25/datanode-1/data/ratis/fa6207aa-94af-4578-9b0a-bee976de5b6b has been successfully formatted.
2019-10-18 11:53:47,882 [pool-227-thread-1] INFO  storage.RaftStorage (RaftStorage.java:format(84)) - Storage directory /workdir/hadoop-ozone/ozonefs/target/test-dir/MiniOzoneClusterImpl-6704c2a7-3590-417c-aa25-2b4ddf02eb25/datanode-0/data/ratis/fa6207aa-94af-4578-9b0a-bee976de5b6b has been successfully formatted.
2019-10-18 11:53:47,882 [cb18064d-97f9-4e26-9e9f-ebca3c7dfd9b@group-89CC56618C23-SegmentedRaftLogWorker] INFO  segmented.SegmentedRaftLogWorker (SegmentedRaftLogWorker.java:execute(574)) - cb18064d-97f9-4e26-9e9f-ebca3c7dfd9b@group-89CC56618C23-SegmentedRaftLogWorker: created new log segment /workdir/hadoop-ozone/ozonefs/target/test-dir/MiniOzoneClusterImpl-6704c2a7-3590-417c-aa25-2b4ddf02eb25/datanode-0/data/ratis/6f0341da-596c-4647-a401-89cc56618c23/current/log_inprogress_0
2019-10-18 11:53:47,885 [pool-237-thread-1] INFO  ratis.ContainerStateMachine (ContainerStateMachine.java:loadSnapshot(231)) - group-BEE976DE5B6B: The snapshot info is null. Setting the last applied indexto:(t:0, i:~)
2019-10-18 11:53:47,882 [fb1ed16d-3917-4def-9a06-66a583737d75@group-89CC56618C23-SegmentedRaftLogWorker] INFO  segmented.SegmentedRaftLogWorker (SegmentedRaftLogWorker.java:execute(574)) - fb1ed16d-3917-4def-9a06-66a583737d75@group-89CC56618C23-SegmentedRaftLogWorker: created new log segment /workdir/hadoop-ozone/ozonefs/target/test-dir/MiniOzoneClusterImpl-6704c2a7-3590-417c-aa25-2b4ddf02eb25/datanode-1/data/ratis/6f0341da-596c-4647-a401-89cc56618c23/current/log_inprogress_0
2019-10-18 11:53:47,885 [pool-237-thread-1] INFO  server.RaftServerConfigKeys (ConfUtils.java:logGet(43)) - raft.server.notification.no-leader.timeout = 120s (custom)
2019-10-18 11:53:47,885 [pool-227-thread-1] INFO  ratis.ContainerStateMachine (ContainerStateMachine.java:loadSnapshot(231)) - group-BEE976DE5B6B: The snapshot info is null. Setting the last applied indexto:(t:0, i:~)
2019-10-18 11:53:47,886 [pool-237-thread-1] INFO  server.RaftServerConfigKeys (ConfUtils.java:logGet(43)) - raft.server.log.use.memory = false (default)
2019-10-18 11:53:47,886 [pool-227-thread-1] INFO  server.RaftServerConfigKeys (ConfUtils.java:logGet(43)) - raft.server.notification.no-leader.timeout = 120s (custom)
2019-10-18 11:53:47,886 [pool-237-thread-1] INFO  server.RaftServerConfigKeys (ConfUtils.java:logGet(43)) - raft.server.log.purge.gap = 1000000 (custom)
2019-10-18 11:53:47,886 [pool-227-thread-1] INFO  server.RaftServerConfigKeys (ConfUtils.java:logGet(43)) - raft.server.log.use.memory = false (default)
2019-10-18 11:53:47,886 [pool-237-thread-1] INFO  server.RaftServerConfigKeys (ConfUtils.java:logGet(43)) - raft.server.log.appender.buffer.byte-limit = 33554432 (custom)
2019-10-18 11:53:47,886 [pool-227-thread-1] INFO  server.RaftServerConfigKeys (ConfUtils.java:logGet(43)) - raft.server.log.purge.gap = 1000000 (custom)
2019-10-18 11:53:47,886 [pool-237-thread-1] INFO  server.RaftServerConfigKeys (ConfUtils.java:logGet(43)) - raft.server.log.segment.size.max = 1048576 (custom)
2019-10-18 11:53:47,886 [pool-227-thread-1] INFO  server.RaftServerConfigKeys (ConfUtils.java:logGet(43)) - raft.server.log.appender.buffer.byte-limit = 33554432 (custom)
2019-10-18 11:53:47,887 [pool-237-thread-1] INFO  server.RaftServerConfigKeys (ConfUtils.java:logGet(43)) - raft.server.log.segment.cache.num.max = 2 (custom)
2019-10-18 11:53:47,887 [pool-227-thread-1] INFO  server.RaftServerConfigKeys (ConfUtils.java:logGet(43)) - raft.server.log.segment.size.max = 1048576 (custom)
2019-10-18 11:53:47,887 [pool-237-thread-1] INFO  segmented.SegmentedRaftLogWorker (SegmentedRaftLogWorker.java:<init>(173)) - new fb1ed16d-3917-4def-9a06-66a583737d75@group-BEE976DE5B6B-SegmentedRaftLogWorker for RaftStorage:Storage Directory /workdir/hadoop-ozone/ozonefs/target/test-dir/MiniOzoneClusterImpl-6704c2a7-3590-417c-aa25-2b4ddf02eb25/datanode-1/data/ratis/fa6207aa-94af-4578-9b0a-bee976de5b6b
2019-10-18 11:53:47,887 [pool-227-thread-1] INFO  server.RaftServerConfigKeys (ConfUtils.java:logGet(43)) - raft.server.log.segment.cache.num.max = 2 (custom)
2019-10-18 11:53:47,887 [pool-237-thread-1] INFO  server.RaftServerConfigKeys (ConfUtils.java:logGet(43)) - raft.server.log.queue.byte-limit = 2147483647 (custom)
2019-10-18 11:53:47,887 [pool-227-thread-1] INFO  segmented.SegmentedRaftLogWorker (SegmentedRaftLogWorker.java:<init>(173)) - new cb18064d-97f9-4e26-9e9f-ebca3c7dfd9b@group-BEE976DE5B6B-SegmentedRaftLogWorker for RaftStorage:Storage Directory /workdir/hadoop-ozone/ozonefs/target/test-dir/MiniOzoneClusterImpl-6704c2a7-3590-417c-aa25-2b4ddf02eb25/datanode-0/data/ratis/fa6207aa-94af-4578-9b0a-bee976de5b6b
2019-10-18 11:53:47,887 [pool-237-thread-1] INFO  server.RaftServerConfigKeys (ConfUtils.java:logGet(43)) - raft.server.log.queue.element-limit = 1024 (custom)
2019-10-18 11:53:47,887 [pool-227-thread-1] INFO  server.RaftServerConfigKeys (ConfUtils.java:logGet(43)) - raft.server.log.queue.byte-limit = 2147483647 (custom)
2019-10-18 11:53:47,887 [pool-237-thread-1] INFO  server.RaftServerConfigKeys (ConfUtils.java:logGet(43)) - raft.server.log.segment.size.max = 1048576 (custom)
2019-10-18 11:53:47,887 [pool-227-thread-1] INFO  server.RaftServerConfigKeys (ConfUtils.java:logGet(43)) - raft.server.log.queue.element-limit = 1024 (custom)
2019-10-18 11:53:47,888 [pool-237-thread-1] INFO  server.RaftServerConfigKeys (ConfUtils.java:logGet(43)) - raft.server.log.preallocated.size = 16384 (custom)
2019-10-18 11:53:47,888 [pool-227-thread-1] INFO  server.RaftServerConfigKeys (ConfUtils.java:logGet(43)) - raft.server.log.segment.size.max = 1048576 (custom)
2019-10-18 11:53:47,888 [pool-237-thread-1] INFO  server.RaftServerConfigKeys (ConfUtils.java:logGet(43)) - raft.server.log.write.buffer.size = 33554432 (custom)
2019-10-18 11:53:47,888 [pool-227-thread-1] INFO  server.RaftServerConfigKeys (ConfUtils.java:logGet(43)) - raft.server.log.preallocated.size = 16384 (custom)
2019-10-18 11:53:47,888 [pool-237-thread-1] INFO  server.RaftServerConfigKeys (ConfUtils.java:logGet(43)) - raft.server.log.force.sync.num = 128 (default)
2019-10-18 11:53:47,888 [pool-227-thread-1] INFO  server.RaftServerConfigKeys (ConfUtils.java:logGet(43)) - raft.server.log.write.buffer.size = 33554432 (custom)
2019-10-18 11:53:47,888 [pool-237-thread-1] INFO  server.RaftServerConfigKeys (ConfUtils.java:logGet(43)) - raft.server.log.statemachine.data.sync = true (default)
2019-10-18 11:53:47,888 [pool-227-thread-1] INFO  server.RaftServerConfigKeys (ConfUtils.java:logGet(43)) - raft.server.log.force.sync.num = 128 (default)
2019-10-18 11:53:47,889 [pool-237-thread-1] INFO  server.RaftServerConfigKeys (ConfUtils.java:logGet(43)) - raft.server.log.statemachine.data.sync.timeout = 10s (default)
2019-10-18 11:53:47,889 [pool-227-thread-1] INFO  server.RaftServerConfigKeys (ConfUtils.java:logGet(43)) - raft.server.log.statemachine.data.sync = true (default)
2019-10-18 11:53:47,889 [pool-237-thread-1] INFO  server.RaftServerConfigKeys (ConfUtils.java:logGet(43)) - raft.server.log.statemachine.data.sync.timeout.retry = -1 (default)
2019-10-18 11:53:47,889 [pool-227-thread-1] INFO  server.RaftServerConfigKeys (ConfUtils.java:logGet(43)) - raft.server.log.statemachine.data.sync.timeout = 10s (default)
2019-10-18 11:53:47,889 [pool-237-thread-1] INFO  server.RaftServerConfigKeys (ConfUtils.java:logGet(43)) - raft.server.log.statemachine.data.caching.enabled = true (custom)
2019-10-18 11:53:47,889 [pool-227-thread-1] INFO  server.RaftServerConfigKeys (ConfUtils.java:logGet(43)) - raft.server.log.statemachine.data.sync.timeout.retry = -1 (default)
2019-10-18 11:53:47,889 [pool-227-thread-1] INFO  server.RaftServerConfigKeys (ConfUtils.java:logGet(43)) - raft.server.log.statemachine.data.caching.enabled = true (custom)
2019-10-18 11:53:47,889 [pool-237-thread-1] INFO  segmented.SegmentedRaftLogWorker (SegmentedRaftLogWorker.java:lambda$new$0(128)) - fb1ed16d-3917-4def-9a06-66a583737d75@group-BEE976DE5B6B-SegmentedRaftLogWorker: flushIndex: setUnconditionally 0 -> -1
2019-10-18 11:53:47,890 [pool-237-thread-1] INFO  server.RaftServerConfigKeys (ConfUtils.java:logGet(43)) - raft.server.snapshot.auto.trigger.enabled = true (custom)
2019-10-18 11:53:47,890 [pool-237-thread-1] INFO  server.RaftServerConfigKeys (ConfUtils.java:logGet(43)) - raft.server.snapshot.auto.trigger.threshold = 10000 (custom)
2019-10-18 11:53:47,890 [pool-237-thread-1] INFO  server.RaftServerConfigKeys (ConfUtils.java:logGet(43)) - raft.server.snapshot.retention.file.num = 5 (custom)
2019-10-18 11:53:47,890 [pool-237-thread-1] INFO  server.RaftServerConfigKeys (ConfUtils.java:logGet(43)) - raft.server.retrycache.expirytime = 600000ms (custom)
2019-10-18 11:53:47,891 [pool-227-thread-1] INFO  segmented.SegmentedRaftLogWorker (SegmentedRaftLogWorker.java:lambda$new$0(128)) - cb18064d-97f9-4e26-9e9f-ebca3c7dfd9b@group-BEE976DE5B6B-SegmentedRaftLogWorker: flushIndex: setUnconditionally 0 -> -1
2019-10-18 11:53:47,891 [pool-227-thread-1] INFO  server.RaftServerConfigKeys (ConfUtils.java:logGet(43)) - raft.server.snapshot.auto.trigger.enabled = true (custom)
2019-10-18 11:53:47,891 [pool-227-thread-1] INFO  server.RaftServerConfigKeys (ConfUtils.java:logGet(43)) - raft.server.snapshot.auto.trigger.threshold = 10000 (custom)
2019-10-18 11:53:47,891 [pool-227-thread-1] INFO  server.RaftServerConfigKeys (ConfUtils.java:logGet(43)) - raft.server.snapshot.retention.file.num = 5 (custom)
2019-10-18 11:53:47,892 [pool-227-thread-1] INFO  server.RaftServerConfigKeys (ConfUtils.java:logGet(43)) - raft.server.retrycache.expirytime = 600000ms (custom)
2019-10-18 11:53:47,893 [pool-237-thread-1] INFO  impl.RaftServerProxy (RaftServerProxy.java:remove(95)) - fb1ed16d-3917-4def-9a06-66a583737d75: remove      null fb1ed16d-3917-4def-9a06-66a583737d75@group-BEE976DE5B6B:t0, leader=null, voted=null, raftlog=fb1ed16d-3917-4def-9a06-66a583737d75@group-BEE976DE5B6B-SegmentedRaftLog:OPENED:c-1,f-1,i0, conf=-1: [fb1ed16d-3917-4def-9a06-66a583737d75:192.168.34.5:34140, cb18064d-97f9-4e26-9e9f-ebca3c7dfd9b:192.168.34.5:33331, c6af97c9-d2a9-4f88-a5bc-1840035ee8a8:192.168.34.5:36149], old=null NEW
2019-10-18 11:53:47,894 [pool-237-thread-1] WARN  impl.RaftServerProxy (RaftServerProxy.java:lambda$groupAddAsync$11(388)) - fb1ed16d-3917-4def-9a06-66a583737d75: Failed groupAdd* GroupManagementRequest:client-B580DBB6F3AA->fb1ed16d-3917-4def-9a06-66a583737d75@group-BEE976DE5B6B, cid=41, seq=0, RW, null, Add:group-BEE976DE5B6B:[fb1ed16d-3917-4def-9a06-66a583737d75:192.168.34.5:34140, cb18064d-97f9-4e26-9e9f-ebca3c7dfd9b:192.168.34.5:33331, c6af97c9-d2a9-4f88-a5bc-1840035ee8a8:192.168.34.5:36149]
java.util.concurrent.CompletionException: java.util.concurrent.RejectedExecutionException: Task java.util.concurrent.CompletableFuture$UniApply@69bc950d rejected from java.util.concurrent.ThreadPoolExecutor@147ed284[Shutting down, pool size = 1, active threads = 1, queued tasks = 1, completed tasks = 3]
	at java.util.concurrent.CompletableFuture.encodeThrowable(CompletableFuture.java:273)
	at java.util.concurrent.CompletableFuture.completeThrowable(CompletableFuture.java:280)
	at java.util.concurrent.CompletableFuture.uniApply(CompletableFuture.java:604)
	at java.util.concurrent.CompletableFuture$UniApply.tryFire(CompletableFuture.java:577)
	at java.util.concurrent.CompletableFuture.postComplete(CompletableFuture.java:474)
	at java.util.concurrent.CompletableFuture$AsyncSupply.run(CompletableFuture.java:1595)
	at java.util.concurrent.ThreadPoolExecutor.runWorker(ThreadPoolExecutor.java:1149)
	at java.util.concurrent.ThreadPoolExecutor$Worker.run(ThreadPoolExecutor.java:624)
	at java.lang.Thread.run(Thread.java:748)
Caused by: java.util.concurrent.RejectedExecutionException: Task java.util.concurrent.CompletableFuture$UniApply@69bc950d rejected from java.util.concurrent.ThreadPoolExecutor@147ed284[Shutting down, pool size = 1, active threads = 1, queued tasks = 1, completed tasks = 3]
	at java.util.concurrent.ThreadPoolExecutor$AbortPolicy.rejectedExecution(ThreadPoolExecutor.java:2063)
	at java.util.concurrent.ThreadPoolExecutor.reject(ThreadPoolExecutor.java:830)
	at java.util.concurrent.ThreadPoolExecutor.execute(ThreadPoolExecutor.java:1379)
	at java.util.concurrent.Executors$DelegatedExecutorService.execute(Executors.java:668)
	at java.util.concurrent.CompletableFuture$UniCompletion.claim(CompletableFuture.java:529)
	at java.util.concurrent.CompletableFuture.uniApply(CompletableFuture.java:599)
	... 6 more
2019-10-18 11:53:47,894 [pool-227-thread-1] INFO  impl.RaftServerProxy (RaftServerProxy.java:remove(95)) - cb18064d-97f9-4e26-9e9f-ebca3c7dfd9b: remove      null cb18064d-97f9-4e26-9e9f-ebca3c7dfd9b@group-BEE976DE5B6B:t0, leader=null, voted=null, raftlog=cb18064d-97f9-4e26-9e9f-ebca3c7dfd9b@group-BEE976DE5B6B-SegmentedRaftLog:OPENED:c-1,f-1,i0, conf=-1: [fb1ed16d-3917-4def-9a06-66a583737d75:192.168.34.5:34140, cb18064d-97f9-4e26-9e9f-ebca3c7dfd9b:192.168.34.5:33331, c6af97c9-d2a9-4f88-a5bc-1840035ee8a8:192.168.34.5:36149], old=null NEW
2019-10-18 11:53:47,896 [pool-237-thread-1] INFO  impl.RaftServerImpl (RaftServerImpl.java:start(181)) - fb1ed16d-3917-4def-9a06-66a583737d75@group-F448463AE50F: start as a follower, conf=-1: [fb1ed16d-3917-4def-9a06-66a583737d75:192.168.34.5:34140, cb18064d-97f9-4e26-9e9f-ebca3c7dfd9b:192.168.34.5:33331, c6af97c9-d2a9-4f88-a5bc-1840035ee8a8:192.168.34.5:36149], old=null
2019-10-18 11:53:47,896 [pool-227-thread-1] WARN  impl.RaftServerProxy (RaftServerProxy.java:lambda$groupAddAsync$11(388)) - cb18064d-97f9-4e26-9e9f-ebca3c7dfd9b: Failed groupAdd* GroupManagementRequest:client-DA4E736724E0->cb18064d-97f9-4e26-9e9f-ebca3c7dfd9b@group-BEE976DE5B6B, cid=39, seq=0, RW, null, Add:group-BEE976DE5B6B:[fb1ed16d-3917-4def-9a06-66a583737d75:192.168.34.5:34140, cb18064d-97f9-4e26-9e9f-ebca3c7dfd9b:192.168.34.5:33331, c6af97c9-d2a9-4f88-a5bc-1840035ee8a8:192.168.34.5:36149]
java.util.concurrent.CompletionException: java.util.concurrent.RejectedExecutionException: Task java.util.concurrent.CompletableFuture$UniApply@2a3cb424 rejected from java.util.concurrent.ThreadPoolExecutor@5c521088[Shutting down, pool size = 1, active threads = 1, queued tasks = 1, completed tasks = 5]
	at java.util.concurrent.CompletableFuture.encodeThrowable(CompletableFuture.java:273)
	at java.util.concurrent.CompletableFuture.completeThrowable(CompletableFuture.java:280)
	at java.util.concurrent.CompletableFuture.uniApply(CompletableFuture.java:604)
	at java.util.concurrent.CompletableFuture$UniApply.tryFire(CompletableFuture.java:577)
	at java.util.concurrent.CompletableFuture.postComplete(CompletableFuture.java:474)
	at java.util.concurrent.CompletableFuture$AsyncSupply.run(CompletableFuture.java:1595)
	at java.util.concurrent.ThreadPoolExecutor.runWorker(ThreadPoolExecutor.java:1149)
	at java.util.concurrent.ThreadPoolExecutor$Worker.run(ThreadPoolExecutor.java:624)
	at java.lang.Thread.run(Thread.java:748)
Caused by: java.util.concurrent.RejectedExecutionException: Task java.util.concurrent.CompletableFuture$UniApply@2a3cb424 rejected from java.util.concurrent.ThreadPoolExecutor@5c521088[Shutting down, pool size = 1, active threads = 1, queued tasks = 1, completed tasks = 5]
	at java.util.concurrent.ThreadPoolExecutor$AbortPolicy.rejectedExecution(ThreadPoolExecutor.java:2063)
	at java.util.concurrent.ThreadPoolExecutor.reject(ThreadPoolExecutor.java:830)
	at java.util.concurrent.ThreadPoolExecutor.execute(ThreadPoolExecutor.java:1379)
	at java.util.concurrent.Executors$DelegatedExecutorService.execute(Executors.java:668)
	at java.util.concurrent.CompletableFuture$UniCompletion.claim(CompletableFuture.java:529)
	at java.util.concurrent.CompletableFuture.uniApply(CompletableFuture.java:599)
	... 6 more
2019-10-18 11:53:47,897 [pool-237-thread-1] INFO  impl.RaftServerImpl (RaftServerImpl.java:setRole(170)) - fb1ed16d-3917-4def-9a06-66a583737d75@group-F448463AE50F: changes role from      null to FOLLOWER at term 0 for startAsFollower
2019-10-18 11:53:47,898 [pool-237-thread-1] INFO  impl.RoleInfo (RoleInfo.java:updateAndGet(143)) - fb1ed16d-3917-4def-9a06-66a583737d75: start FollowerState
2019-10-18 11:53:47,898 [pool-227-thread-1] INFO  impl.RaftServerImpl (RaftServerImpl.java:start(181)) - cb18064d-97f9-4e26-9e9f-ebca3c7dfd9b@group-F448463AE50F: start as a follower, conf=-1: [fb1ed16d-3917-4def-9a06-66a583737d75:192.168.34.5:34140, cb18064d-97f9-4e26-9e9f-ebca3c7dfd9b:192.168.34.5:33331, c6af97c9-d2a9-4f88-a5bc-1840035ee8a8:192.168.34.5:36149], old=null
2019-10-18 11:53:47,898 [pool-227-thread-1] INFO  impl.RaftServerImpl (RaftServerImpl.java:setRole(170)) - cb18064d-97f9-4e26-9e9f-ebca3c7dfd9b@group-F448463AE50F: changes role from      null to FOLLOWER at term 0 for startAsFollower
2019-10-18 11:53:47,898 [pool-227-thread-1] INFO  impl.RoleInfo (RoleInfo.java:updateAndGet(143)) - cb18064d-97f9-4e26-9e9f-ebca3c7dfd9b: start FollowerState
2019-10-18 11:53:47,898 [pool-237-thread-1] INFO  util.JmxRegister (JmxRegister.java:tryRegister(44)) - Successfully registered JMX Bean with object name Ratis:service=RaftServer,group=group-F448463AE50F,id=fb1ed16d-3917-4def-9a06-66a583737d75
2019-10-18 11:53:47,899 [pool-227-thread-1] INFO  util.JmxRegister (JmxRegister.java:tryRegister(44)) - Successfully registered JMX Bean with object name Ratis:service=RaftServer,group=group-F448463AE50F,id=cb18064d-97f9-4e26-9e9f-ebca3c7dfd9b
2019-10-18 11:53:47,899 [grpc-default-executor-3] WARN  server.GrpcLogAppender (GrpcLogAppender.java:onNextImpl(251)) - cb18064d-97f9-4e26-9e9f-ebca3c7dfd9b@group-89CC56618C23->c6af97c9-d2a9-4f88-a5bc-1840035ee8a8-AppendLogResponseHandler: Request not found, ignoring reply: cb18064d-97f9-4e26-9e9f-ebca3c7dfd9b<-c6af97c9-d2a9-4f88-a5bc-1840035ee8a8#1:OK,SUCCESS,nextIndex:1,term:1,followerCommit:-1
2019-10-18 11:53:47,900 [grpc-default-executor-0] WARN  server.GrpcLogAppender (GrpcLogAppender.java:onNextImpl(251)) - cb18064d-97f9-4e26-9e9f-ebca3c7dfd9b@group-89CC56618C23->fb1ed16d-3917-4def-9a06-66a583737d75-AppendLogResponseHandler: Request not found, ignoring reply: cb18064d-97f9-4e26-9e9f-ebca3c7dfd9b<-fb1ed16d-3917-4def-9a06-66a583737d75#1:OK,SUCCESS,nextIndex:1,term:1,followerCommit:-1
2019-10-18 11:53:47,902 [Thread-868] INFO  impl.RaftServerProxy (RaftServerProxy.java:lambda$close$4(314)) - fb1ed16d-3917-4def-9a06-66a583737d75: close
2019-10-18 11:53:47,902 [Thread-868] INFO  impl.RaftServerImpl (RaftServerImpl.java:lambda$shutdown$3(247)) - fb1ed16d-3917-4def-9a06-66a583737d75@group-F448463AE50F: shutdown
2019-10-18 11:53:47,903 [ForkJoinPool.commonPool-worker-1] INFO  impl.RaftServerProxy (RaftServerProxy.java:lambda$close$4(314)) - cb18064d-97f9-4e26-9e9f-ebca3c7dfd9b: close
2019-10-18 11:53:47,903 [Thread-868] INFO  util.JmxRegister (JmxRegister.java:unregister(73)) - Successfully un-registered JMX Bean with object name Ratis:service=RaftServer,group=group-F448463AE50F,id=fb1ed16d-3917-4def-9a06-66a583737d75
2019-10-18 11:53:47,903 [ForkJoinPool.commonPool-worker-1] INFO  impl.RaftServerImpl (RaftServerImpl.java:lambda$shutdown$3(247)) - cb18064d-97f9-4e26-9e9f-ebca3c7dfd9b@group-F448463AE50F: shutdown
2019-10-18 11:53:47,903 [Thread-868] INFO  impl.RoleInfo (RoleInfo.java:shutdownFollowerState(121)) - fb1ed16d-3917-4def-9a06-66a583737d75: shutdown FollowerState
2019-10-18 11:53:47,903 [ForkJoinPool.commonPool-worker-1] INFO  util.JmxRegister (JmxRegister.java:unregister(73)) - Successfully un-registered JMX Bean with object name Ratis:service=RaftServer,group=group-F448463AE50F,id=cb18064d-97f9-4e26-9e9f-ebca3c7dfd9b
2019-10-18 11:53:47,905 [ForkJoinPool.commonPool-worker-1] INFO  impl.RoleInfo (RoleInfo.java:shutdownFollowerState(121)) - cb18064d-97f9-4e26-9e9f-ebca3c7dfd9b: shutdown FollowerState
2019-10-18 11:53:47,904 [Thread-1092] INFO  impl.FollowerState (FollowerState.java:run(117)) - fb1ed16d-3917-4def-9a06-66a583737d75@group-F448463AE50F-FollowerState was interrupted: java.lang.InterruptedException: sleep interrupted
2019-10-18 11:53:47,904 [Thread-868] INFO  impl.StateMachineUpdater (StateMachineUpdater.java:stopAndJoin(136)) - fb1ed16d-3917-4def-9a06-66a583737d75@group-F448463AE50F-StateMachineUpdater: set stopIndex = -1
2019-10-18 11:53:47,907 [Thread-868] INFO  impl.RaftServerImpl (ServerState.java:close(387)) - fb1ed16d-3917-4def-9a06-66a583737d75@group-F448463AE50F: closes. applyIndex: -1
2019-10-18 11:53:47,906 [Thread-1093] INFO  impl.FollowerState (FollowerState.java:run(117)) - cb18064d-97f9-4e26-9e9f-ebca3c7dfd9b@group-F448463AE50F-FollowerState was interrupted: java.lang.InterruptedException: sleep interrupted
2019-10-18 11:53:47,906 [ForkJoinPool.commonPool-worker-1] INFO  impl.StateMachineUpdater (StateMachineUpdater.java:stopAndJoin(136)) - cb18064d-97f9-4e26-9e9f-ebca3c7dfd9b@group-F448463AE50F-StateMachineUpdater: set stopIndex = -1
2019-10-18 11:53:47,908 [fb1ed16d-3917-4def-9a06-66a583737d75@group-F448463AE50F-SegmentedRaftLogWorker] INFO  segmented.SegmentedRaftLogWorker (SegmentedRaftLogWorker.java:run(316)) - fb1ed16d-3917-4def-9a06-66a583737d75@group-F448463AE50F-SegmentedRaftLogWorker was interrupted, exiting. There are 0 tasks remaining in the queue.
2019-10-18 11:53:47,909 [ForkJoinPool.commonPool-worker-1] INFO  impl.RaftServerImpl (ServerState.java:close(387)) - cb18064d-97f9-4e26-9e9f-ebca3c7dfd9b@group-F448463AE50F: closes. applyIndex: -1
2019-10-18 11:53:47,909 [Thread-868] INFO  segmented.SegmentedRaftLogWorker (SegmentedRaftLogWorker.java:close(224)) - fb1ed16d-3917-4def-9a06-66a583737d75@group-F448463AE50F-SegmentedRaftLogWorker close()
2019-10-18 11:53:47,909 [cb18064d-97f9-4e26-9e9f-ebca3c7dfd9b@group-F448463AE50F-SegmentedRaftLogWorker] INFO  segmented.SegmentedRaftLogWorker (SegmentedRaftLogWorker.java:run(316)) - cb18064d-97f9-4e26-9e9f-ebca3c7dfd9b@group-F448463AE50F-SegmentedRaftLogWorker was interrupted, exiting. There are 0 tasks remaining in the queue.
2019-10-18 11:53:47,912 [Thread-868] INFO  impl.RaftServerImpl (RaftServerImpl.java:lambda$shutdown$3(247)) - fb1ed16d-3917-4def-9a06-66a583737d75@group-89CC56618C23: shutdown
2019-10-18 11:53:47,912 [ForkJoinPool.commonPool-worker-1] INFO  segmented.SegmentedRaftLogWorker (SegmentedRaftLogWorker.java:close(224)) - cb18064d-97f9-4e26-9e9f-ebca3c7dfd9b@group-F448463AE50F-SegmentedRaftLogWorker close()
2019-10-18 11:53:47,912 [Thread-868] INFO  util.JmxRegister (JmxRegister.java:unregister(73)) - Successfully un-registered JMX Bean with object name Ratis:service=RaftServer,group=group-89CC56618C23,id=fb1ed16d-3917-4def-9a06-66a583737d75
2019-10-18 11:53:47,914 [ForkJoinPool.commonPool-worker-1] INFO  impl.RaftServerImpl (RaftServerImpl.java:lambda$shutdown$3(247)) - cb18064d-97f9-4e26-9e9f-ebca3c7dfd9b@group-89CC56618C23: shutdown
2019-10-18 11:53:47,914 [Thread-868] INFO  impl.RoleInfo (RoleInfo.java:shutdownFollowerState(121)) - fb1ed16d-3917-4def-9a06-66a583737d75: shutdown FollowerState
2019-10-18 11:53:47,915 [ForkJoinPool.commonPool-worker-1] INFO  util.JmxRegister (JmxRegister.java:unregister(73)) - Successfully un-registered JMX Bean with object name Ratis:service=RaftServer,group=group-89CC56618C23,id=cb18064d-97f9-4e26-9e9f-ebca3c7dfd9b
2019-10-18 11:53:47,915 [Thread-1075] INFO  impl.FollowerState (FollowerState.java:run(117)) - fb1ed16d-3917-4def-9a06-66a583737d75@group-89CC56618C23-FollowerState was interrupted: java.lang.InterruptedException: sleep interrupted
2019-10-18 11:53:47,915 [Thread-868] INFO  impl.StateMachineUpdater (StateMachineUpdater.java:stopAndJoin(136)) - fb1ed16d-3917-4def-9a06-66a583737d75@group-89CC56618C23-StateMachineUpdater: set stopIndex = -1
2019-10-18 11:53:47,918 [Thread-868] INFO  impl.RaftServerImpl (ServerState.java:close(387)) - fb1ed16d-3917-4def-9a06-66a583737d75@group-89CC56618C23: closes. applyIndex: -1
2019-10-18 11:53:47,916 [ForkJoinPool.commonPool-worker-1] INFO  impl.RoleInfo (RoleInfo.java:shutdownLeaderState(104)) - cb18064d-97f9-4e26-9e9f-ebca3c7dfd9b: shutdown LeaderState
2019-10-18 11:53:47,918 [fb1ed16d-3917-4def-9a06-66a583737d75@group-89CC56618C23-SegmentedRaftLogWorker] INFO  segmented.SegmentedRaftLogWorker (SegmentedRaftLogWorker.java:run(316)) - fb1ed16d-3917-4def-9a06-66a583737d75@group-89CC56618C23-SegmentedRaftLogWorker was interrupted, exiting. There are 0 tasks remaining in the queue.
2019-10-18 11:53:47,921 [ForkJoinPool.commonPool-worker-1] INFO  impl.PendingRequests (PendingRequests.java:sendNotLeaderResponses(202)) - cb18064d-97f9-4e26-9e9f-ebca3c7dfd9b@group-89CC56618C23-PendingRequests: sendNotLeaderResponses
2019-10-18 11:53:47,921 [org.apache.ratis.server.impl.LogAppender$AppenderDaemon$$Lambda$517/987875044@7cb96488] WARN  server.GrpcLogAppender (GrpcLogAppender.java:mayWait(143)) - cb18064d-97f9-4e26-9e9f-ebca3c7dfd9b@group-89CC56618C23->fb1ed16d-3917-4def-9a06-66a583737d75-GrpcLogAppender: Wait interrupted by java.lang.InterruptedException
2019-10-18 11:53:47,921 [org.apache.ratis.server.impl.LogAppender$AppenderDaemon$$Lambda$517/987875044@67841c] WARN  server.GrpcLogAppender (GrpcLogAppender.java:mayWait(143)) - cb18064d-97f9-4e26-9e9f-ebca3c7dfd9b@group-89CC56618C23->c6af97c9-d2a9-4f88-a5bc-1840035ee8a8-GrpcLogAppender: Wait interrupted by java.lang.InterruptedException
2019-10-18 11:53:47,922 [ForkJoinPool.commonPool-worker-1] INFO  impl.StateMachineUpdater (StateMachineUpdater.java:stopAndJoin(136)) - cb18064d-97f9-4e26-9e9f-ebca3c7dfd9b@group-89CC56618C23-StateMachineUpdater: set stopIndex = 0
2019-10-18 11:53:47,927 [grpc-default-executor-3] INFO  server.GrpcServerProtocolService (GrpcServerProtocolService.java:onCompleted(113)) - fb1ed16d-3917-4def-9a06-66a583737d75: Completed APPEND_ENTRIES, lastRequest: cb18064d-97f9-4e26-9e9f-ebca3c7dfd9b->fb1ed16d-3917-4def-9a06-66a583737d75#2-t1, previous=(t:1, i:0), leaderCommit=-1, initializing? false, entries: <empty>
2019-10-18 11:53:47,927 [grpc-default-executor-0] INFO  server.GrpcServerProtocolService (GrpcServerProtocolService.java:onCompleted(113)) - c6af97c9-d2a9-4f88-a5bc-1840035ee8a8: Completed APPEND_ENTRIES, lastRequest: cb18064d-97f9-4e26-9e9f-ebca3c7dfd9b->c6af97c9-d2a9-4f88-a5bc-1840035ee8a8#2-t1, previous=(t:1, i:0), leaderCommit=-1, initializing? false, entries: <empty>
2019-10-18 11:53:47,930 [grpc-default-executor-0] INFO  server.GrpcLogAppender (GrpcLogAppender.java:onCompleted(293)) - cb18064d-97f9-4e26-9e9f-ebca3c7dfd9b@group-89CC56618C23->c6af97c9-d2a9-4f88-a5bc-1840035ee8a8-AppendLogResponseHandler: follower responses appendEntries COMPLETED
2019-10-18 11:53:47,930 [grpc-default-executor-3] INFO  server.GrpcLogAppender (GrpcLogAppender.java:onCompleted(293)) - cb18064d-97f9-4e26-9e9f-ebca3c7dfd9b@group-89CC56618C23->fb1ed16d-3917-4def-9a06-66a583737d75-AppendLogResponseHandler: follower responses appendEntries COMPLETED
2019-10-18 11:53:47,937 [grpc-default-executor-0] INFO  impl.FollowerInfo (FollowerInfo.java:lambda$new$0(51)) - cb18064d-97f9-4e26-9e9f-ebca3c7dfd9b@group-89CC56618C23->c6af97c9-d2a9-4f88-a5bc-1840035ee8a8: nextIndex: updateUnconditionally 1 -> 0
2019-10-18 11:53:47,937 [grpc-default-executor-3] INFO  impl.FollowerInfo (FollowerInfo.java:lambda$new$0(51)) - cb18064d-97f9-4e26-9e9f-ebca3c7dfd9b@group-89CC56618C23->fb1ed16d-3917-4def-9a06-66a583737d75: nextIndex: updateUnconditionally 1 -> 0
2019-10-18 11:53:48,224 [Thread-868] INFO  segmented.SegmentedRaftLogWorker (SegmentedRaftLogWorker.java:close(224)) - fb1ed16d-3917-4def-9a06-66a583737d75@group-89CC56618C23-SegmentedRaftLogWorker close()
2019-10-18 11:53:48,225 [ForkJoinPool.commonPool-worker-1] INFO  impl.RaftServerImpl (ServerState.java:close(387)) - cb18064d-97f9-4e26-9e9f-ebca3c7dfd9b@group-89CC56618C23: closes. applyIndex: 0
2019-10-18 11:53:48,228 [Thread-868] INFO  server.GrpcService (GrpcService.java:closeImpl(164)) - fb1ed16d-3917-4def-9a06-66a583737d75: shutdown server with port 34140 now
2019-10-18 11:53:48,229 [cb18064d-97f9-4e26-9e9f-ebca3c7dfd9b@group-89CC56618C23-SegmentedRaftLogWorker] INFO  segmented.SegmentedRaftLogWorker (SegmentedRaftLogWorker.java:run(316)) - cb18064d-97f9-4e26-9e9f-ebca3c7dfd9b@group-89CC56618C23-SegmentedRaftLogWorker was interrupted, exiting. There are 0 tasks remaining in the queue.
2019-10-18 11:53:48,230 [ForkJoinPool.commonPool-worker-1] INFO  segmented.SegmentedRaftLogWorker (SegmentedRaftLogWorker.java:close(224)) - cb18064d-97f9-4e26-9e9f-ebca3c7dfd9b@group-89CC56618C23-SegmentedRaftLogWorker close()
2019-10-18 11:53:48,232 [ForkJoinPool.commonPool-worker-1] INFO  impl.RaftServerImpl (RaftServerImpl.java:lambda$shutdown$3(247)) - cb18064d-97f9-4e26-9e9f-ebca3c7dfd9b@group-43F649B42404: shutdown
2019-10-18 11:53:48,232 [ForkJoinPool.commonPool-worker-1] INFO  util.JmxRegister (JmxRegister.java:unregister(73)) - Successfully un-registered JMX Bean with object name Ratis:service=RaftServer,group=group-43F649B42404,id=cb18064d-97f9-4e26-9e9f-ebca3c7dfd9b
2019-10-18 11:53:48,233 [ForkJoinPool.commonPool-worker-1] INFO  impl.RoleInfo (RoleInfo.java:shutdownLeaderState(104)) - cb18064d-97f9-4e26-9e9f-ebca3c7dfd9b: shutdown LeaderState
2019-10-18 11:53:48,233 [ForkJoinPool.commonPool-worker-1] INFO  impl.PendingRequests (PendingRequests.java:sendNotLeaderResponses(202)) - cb18064d-97f9-4e26-9e9f-ebca3c7dfd9b@group-43F649B42404-PendingRequests: sendNotLeaderResponses
2019-10-18 11:53:48,233 [ForkJoinPool.commonPool-worker-1] INFO  impl.StateMachineUpdater (StateMachineUpdater.java:stopAndJoin(136)) - cb18064d-97f9-4e26-9e9f-ebca3c7dfd9b@group-43F649B42404-StateMachineUpdater: set stopIndex = 0
2019-10-18 11:53:48,234 [Thread-868] INFO  server.GrpcService (GrpcService.java:closeImpl(172)) - fb1ed16d-3917-4def-9a06-66a583737d75: shutdown server with port 34140 successfully
2019-10-18 11:53:48,235 [ForkJoinPool.commonPool-worker-1] INFO  impl.RaftServerImpl (ServerState.java:close(387)) - cb18064d-97f9-4e26-9e9f-ebca3c7dfd9b@group-43F649B42404: closes. applyIndex: 0
2019-10-18 11:53:48,235 [cb18064d-97f9-4e26-9e9f-ebca3c7dfd9b@group-43F649B42404-SegmentedRaftLogWorker] INFO  segmented.SegmentedRaftLogWorker (SegmentedRaftLogWorker.java:run(316)) - cb18064d-97f9-4e26-9e9f-ebca3c7dfd9b@group-43F649B42404-SegmentedRaftLogWorker was interrupted, exiting. There are 0 tasks remaining in the queue.
2019-10-18 11:53:48,236 [ForkJoinPool.commonPool-worker-1] INFO  segmented.SegmentedRaftLogWorker (SegmentedRaftLogWorker.java:close(224)) - cb18064d-97f9-4e26-9e9f-ebca3c7dfd9b@group-43F649B42404-SegmentedRaftLogWorker close()
2019-10-18 11:53:48,240 [ForkJoinPool.commonPool-worker-1] INFO  server.GrpcService (GrpcService.java:closeImpl(164)) - cb18064d-97f9-4e26-9e9f-ebca3c7dfd9b: shutdown server with port 33331 now
2019-10-18 11:53:48,240 [ForkJoinPool.commonPool-worker-1] INFO  server.GrpcService (GrpcService.java:closeImpl(172)) - cb18064d-97f9-4e26-9e9f-ebca3c7dfd9b: shutdown server with port 33331 successfully
2019-10-18 11:53:48,242 [refreshUsed-/workdir/hadoop-ozone/ozonefs/target/test-dir/MiniOzoneClusterImpl-6704c2a7-3590-417c-aa25-2b4ddf02eb25/datanode-0/data/containers] WARN  fs.CachingGetSpaceUsed (CachingGetSpaceUsed.java:run(183)) - Thread Interrupted waiting to refresh disk information: sleep interrupted
2019-10-18 11:53:48,245 [refreshUsed-/workdir/hadoop-ozone/ozonefs/target/test-dir/MiniOzoneClusterImpl-6704c2a7-3590-417c-aa25-2b4ddf02eb25/datanode-1/data/containers] WARN  fs.CachingGetSpaceUsed (CachingGetSpaceUsed.java:run(183)) - Thread Interrupted waiting to refresh disk information: sleep interrupted
2019-10-18 11:53:48,268 [ForkJoinPool.commonPool-worker-1] INFO  utils.BackgroundService (BackgroundService.java:shutdown(151)) - Shutting down service BlockDeletingService
2019-10-18 11:53:48,271 [ForkJoinPool.commonPool-worker-1] INFO  statemachine.DatanodeStateMachine (DatanodeStateMachine.java:stopDaemon(395)) - Ozone container server stopped.
2019-10-18 11:53:48,274 [ForkJoinPool.commonPool-worker-1] INFO  handler.ContextHandler (ContextHandler.java:doStop(910)) - Stopped o.e.j.w.WebAppContext@4f6a3eb4{/,null,UNAVAILABLE}{/hddsDatanode}
2019-10-18 11:53:48,275 [ForkJoinPool.commonPool-worker-1] INFO  server.AbstractConnector (AbstractConnector.java:doStop(318)) - Stopped ServerConnector@45f360cb{HTTP/1.1,[http/1.1]}{0.0.0.0:0}
2019-10-18 11:53:48,278 [ForkJoinPool.commonPool-worker-1] INFO  handler.ContextHandler (ContextHandler.java:doStop(910)) - Stopped o.e.j.s.ServletContextHandler@6ee133c1{/static,jar:file:/home/user/.m2/repository/org/apache/hadoop/hadoop-hdds-container-service/0.5.0-SNAPSHOT/hadoop-hdds-container-service-0.5.0-SNAPSHOT.jar!/webapps/static,UNAVAILABLE}
2019-10-18 11:53:48,279 [ForkJoinPool.commonPool-worker-1] INFO  handler.ContextHandler (ContextHandler.java:doStop(910)) - Stopped o.e.j.s.ServletContextHandler@5aaedf02{/logs,file:///workdir/hadoop-ozone/ozonefs/target/log,UNAVAILABLE}
2019-10-18 11:53:48,282 [Thread-868] INFO  utils.BackgroundService (BackgroundService.java:shutdown(151)) - Shutting down service BlockDeletingService
2019-10-18 11:53:48,284 [Thread-868] INFO  statemachine.DatanodeStateMachine (DatanodeStateMachine.java:stopDaemon(395)) - Ozone container server stopped.
2019-10-18 11:53:48,285 [Thread-868] INFO  handler.ContextHandler (ContextHandler.java:doStop(910)) - Stopped o.e.j.w.WebAppContext@449fea43{/,null,UNAVAILABLE}{/hddsDatanode}
2019-10-18 11:53:48,286 [Thread-868] INFO  server.AbstractConnector (AbstractConnector.java:doStop(318)) - Stopped ServerConnector@ecb06f2{HTTP/1.1,[http/1.1]}{0.0.0.0:0}
2019-10-18 11:53:48,286 [Thread-868] INFO  handler.ContextHandler (ContextHandler.java:doStop(910)) - Stopped o.e.j.s.ServletContextHandler@12e63387{/static,jar:file:/home/user/.m2/repository/org/apache/hadoop/hadoop-hdds-container-service/0.5.0-SNAPSHOT/hadoop-hdds-container-service-0.5.0-SNAPSHOT.jar!/webapps/static,UNAVAILABLE}
2019-10-18 11:53:48,286 [Thread-868] INFO  handler.ContextHandler (ContextHandler.java:doStop(910)) - Stopped o.e.j.s.ServletContextHandler@7da02818{/logs,file:///workdir/hadoop-ozone/ozonefs/target/log,UNAVAILABLE}
2019-10-18 11:53:48,596 [Datanode State Machine Thread - 0] INFO  statemachine.DatanodeStateMachine (DatanodeStateMachine.java:lambda$startDaemon$0(350)) - Ozone container server started.
2019-10-18 11:53:48,832 [pool-247-thread-1] INFO  storage.RaftStorageDirectory (RaftStorageDirectory.java:tryLock(328)) - Lock on /workdir/hadoop-ozone/ozonefs/target/test-dir/MiniOzoneClusterImpl-6704c2a7-3590-417c-aa25-2b4ddf02eb25/datanode-2/data/ratis/fa6207aa-94af-4578-9b0a-bee976de5b6b/in_use.lock acquired by nodename 5968@pr-hdds-2208-pnh8d-353521125
2019-10-18 11:53:49,748 [pool-247-thread-1] INFO  storage.RaftStorage (RaftStorage.java:format(84)) - Storage directory /workdir/hadoop-ozone/ozonefs/target/test-dir/MiniOzoneClusterImpl-6704c2a7-3590-417c-aa25-2b4ddf02eb25/datanode-2/data/ratis/fa6207aa-94af-4578-9b0a-bee976de5b6b has been successfully formatted.
2019-10-18 11:53:49,749 [pool-247-thread-1] INFO  ratis.ContainerStateMachine (ContainerStateMachine.java:loadSnapshot(231)) - group-BEE976DE5B6B: The snapshot info is null. Setting the last applied indexto:(t:0, i:~)
2019-10-18 11:53:49,749 [pool-247-thread-1] INFO  server.RaftServerConfigKeys (ConfUtils.java:logGet(43)) - raft.server.notification.no-leader.timeout = 120s (custom)
2019-10-18 11:53:49,749 [pool-247-thread-1] INFO  server.RaftServerConfigKeys (ConfUtils.java:logGet(43)) - raft.server.log.use.memory = false (default)
2019-10-18 11:53:49,749 [pool-247-thread-1] INFO  server.RaftServerConfigKeys (ConfUtils.java:logGet(43)) - raft.server.log.purge.gap = 1000000 (custom)
2019-10-18 11:53:49,749 [pool-247-thread-1] INFO  server.RaftServerConfigKeys (ConfUtils.java:logGet(43)) - raft.server.log.appender.buffer.byte-limit = 33554432 (custom)
2019-10-18 11:53:49,749 [pool-247-thread-1] INFO  server.RaftServerConfigKeys (ConfUtils.java:logGet(43)) - raft.server.log.segment.size.max = 1048576 (custom)
2019-10-18 11:53:49,749 [pool-247-thread-1] INFO  server.RaftServerConfigKeys (ConfUtils.java:logGet(43)) - raft.server.log.segment.cache.num.max = 2 (custom)
2019-10-18 11:53:49,749 [pool-247-thread-1] INFO  segmented.SegmentedRaftLogWorker (SegmentedRaftLogWorker.java:<init>(173)) - new c6af97c9-d2a9-4f88-a5bc-1840035ee8a8@group-BEE976DE5B6B-SegmentedRaftLogWorker for RaftStorage:Storage Directory /workdir/hadoop-ozone/ozonefs/target/test-dir/MiniOzoneClusterImpl-6704c2a7-3590-417c-aa25-2b4ddf02eb25/datanode-2/data/ratis/fa6207aa-94af-4578-9b0a-bee976de5b6b
2019-10-18 11:53:49,749 [pool-247-thread-1] INFO  server.RaftServerConfigKeys (ConfUtils.java:logGet(43)) - raft.server.log.queue.byte-limit = 2147483647 (custom)
2019-10-18 11:53:49,750 [pool-247-thread-1] INFO  server.RaftServerConfigKeys (ConfUtils.java:logGet(43)) - raft.server.log.queue.element-limit = 1024 (custom)
2019-10-18 11:53:49,750 [pool-247-thread-1] INFO  server.RaftServerConfigKeys (ConfUtils.java:logGet(43)) - raft.server.log.segment.size.max = 1048576 (custom)
2019-10-18 11:53:49,750 [pool-247-thread-1] INFO  server.RaftServerConfigKeys (ConfUtils.java:logGet(43)) - raft.server.log.preallocated.size = 16384 (custom)
2019-10-18 11:53:49,750 [pool-247-thread-1] INFO  server.RaftServerConfigKeys (ConfUtils.java:logGet(43)) - raft.server.log.write.buffer.size = 33554432 (custom)
2019-10-18 11:53:49,750 [pool-247-thread-1] INFO  server.RaftServerConfigKeys (ConfUtils.java:logGet(43)) - raft.server.log.force.sync.num = 128 (default)
2019-10-18 11:53:49,750 [pool-247-thread-1] INFO  server.RaftServerConfigKeys (ConfUtils.java:logGet(43)) - raft.server.log.statemachine.data.sync = true (default)
2019-10-18 11:53:49,750 [pool-247-thread-1] INFO  server.RaftServerConfigKeys (ConfUtils.java:logGet(43)) - raft.server.log.statemachine.data.sync.timeout = 10s (default)
2019-10-18 11:53:49,750 [pool-247-thread-1] INFO  server.RaftServerConfigKeys (ConfUtils.java:logGet(43)) - raft.server.log.statemachine.data.sync.timeout.retry = -1 (default)
2019-10-18 11:53:49,750 [pool-247-thread-1] INFO  server.RaftServerConfigKeys (ConfUtils.java:logGet(43)) - raft.server.log.statemachine.data.caching.enabled = true (custom)
2019-10-18 11:53:49,751 [pool-247-thread-1] INFO  segmented.SegmentedRaftLogWorker (SegmentedRaftLogWorker.java:lambda$new$0(128)) - c6af97c9-d2a9-4f88-a5bc-1840035ee8a8@group-BEE976DE5B6B-SegmentedRaftLogWorker: flushIndex: setUnconditionally 0 -> -1
2019-10-18 11:53:49,751 [pool-247-thread-1] INFO  server.RaftServerConfigKeys (ConfUtils.java:logGet(43)) - raft.server.snapshot.auto.trigger.enabled = true (custom)
2019-10-18 11:53:49,751 [pool-247-thread-1] INFO  server.RaftServerConfigKeys (ConfUtils.java:logGet(43)) - raft.server.snapshot.auto.trigger.threshold = 10000 (custom)
2019-10-18 11:53:49,751 [pool-247-thread-1] INFO  server.RaftServerConfigKeys (ConfUtils.java:logGet(43)) - raft.server.snapshot.retention.file.num = 5 (custom)
2019-10-18 11:53:49,751 [pool-247-thread-1] INFO  server.RaftServerConfigKeys (ConfUtils.java:logGet(43)) - raft.server.retrycache.expirytime = 600000ms (custom)
2019-10-18 11:53:49,753 [pool-247-thread-1] INFO  impl.RaftServerImpl (RaftServerImpl.java:start(181)) - c6af97c9-d2a9-4f88-a5bc-1840035ee8a8@group-AECCD14C8BD6: start as a follower, conf=-1: [c6af97c9-d2a9-4f88-a5bc-1840035ee8a8:192.168.34.5:36149], old=null
2019-10-18 11:53:49,753 [pool-247-thread-1] INFO  impl.RaftServerImpl (RaftServerImpl.java:setRole(170)) - c6af97c9-d2a9-4f88-a5bc-1840035ee8a8@group-AECCD14C8BD6: changes role from      null to FOLLOWER at term 0 for startAsFollower
2019-10-18 11:53:49,753 [pool-247-thread-1] INFO  impl.RoleInfo (RoleInfo.java:updateAndGet(143)) - c6af97c9-d2a9-4f88-a5bc-1840035ee8a8: start FollowerState
2019-10-18 11:53:49,753 [pool-247-thread-1] INFO  util.JmxRegister (JmxRegister.java:tryRegister(44)) - Successfully registered JMX Bean with object name Ratis:service=RaftServer,group=group-AECCD14C8BD6,id=c6af97c9-d2a9-4f88-a5bc-1840035ee8a8
2019-10-18 11:53:49,772 [pool-247-thread-1] INFO  impl.RaftServerImpl (RaftServerImpl.java:start(181)) - c6af97c9-d2a9-4f88-a5bc-1840035ee8a8@group-F448463AE50F: start as a follower, conf=-1: [fb1ed16d-3917-4def-9a06-66a583737d75:192.168.34.5:34140, cb18064d-97f9-4e26-9e9f-ebca3c7dfd9b:192.168.34.5:33331, c6af97c9-d2a9-4f88-a5bc-1840035ee8a8:192.168.34.5:36149], old=null
2019-10-18 11:53:49,773 [pool-247-thread-1] INFO  impl.RaftServerImpl (RaftServerImpl.java:setRole(170)) - c6af97c9-d2a9-4f88-a5bc-1840035ee8a8@group-F448463AE50F: changes role from      null to FOLLOWER at term 0 for startAsFollower
2019-10-18 11:53:49,773 [pool-247-thread-1] INFO  impl.RoleInfo (RoleInfo.java:updateAndGet(143)) - c6af97c9-d2a9-4f88-a5bc-1840035ee8a8: start FollowerState
2019-10-18 11:53:49,773 [pool-247-thread-1] INFO  util.JmxRegister (JmxRegister.java:tryRegister(44)) - Successfully registered JMX Bean with object name Ratis:service=RaftServer,group=group-F448463AE50F,id=c6af97c9-d2a9-4f88-a5bc-1840035ee8a8
2019-10-18 11:53:49,774 [pool-247-thread-1] INFO  impl.RaftServerImpl (RaftServerImpl.java:start(181)) - c6af97c9-d2a9-4f88-a5bc-1840035ee8a8@group-BEE976DE5B6B: start as a follower, conf=-1: [fb1ed16d-3917-4def-9a06-66a583737d75:192.168.34.5:34140, cb18064d-97f9-4e26-9e9f-ebca3c7dfd9b:192.168.34.5:33331, c6af97c9-d2a9-4f88-a5bc-1840035ee8a8:192.168.34.5:36149], old=null
2019-10-18 11:53:49,775 [pool-247-thread-1] INFO  impl.RaftServerImpl (RaftServerImpl.java:setRole(170)) - c6af97c9-d2a9-4f88-a5bc-1840035ee8a8@group-BEE976DE5B6B: changes role from      null to FOLLOWER at term 0 for startAsFollower
2019-10-18 11:53:49,775 [pool-247-thread-1] INFO  impl.RoleInfo (RoleInfo.java:updateAndGet(143)) - c6af97c9-d2a9-4f88-a5bc-1840035ee8a8: start FollowerState
2019-10-18 11:53:49,775 [pool-247-thread-1] INFO  util.JmxRegister (JmxRegister.java:tryRegister(44)) - Successfully registered JMX Bean with object name Ratis:service=RaftServer,group=group-BEE976DE5B6B,id=c6af97c9-d2a9-4f88-a5bc-1840035ee8a8
2019-10-18 11:53:53,280 [ForkJoinPool.commonPool-worker-1] INFO  ozoneimpl.OzoneContainer (OzoneContainer.java:stop(227)) - Attempting to stop container services.
2019-10-18 11:53:53,280 [ForkJoinPool.commonPool-worker-1] INFO  impl.RaftServerProxy (RaftServerProxy.java:lambda$close$4(314)) - c6af97c9-d2a9-4f88-a5bc-1840035ee8a8: close
2019-10-18 11:53:53,281 [ForkJoinPool.commonPool-worker-1] INFO  impl.RaftServerImpl (RaftServerImpl.java:lambda$shutdown$3(247)) - c6af97c9-d2a9-4f88-a5bc-1840035ee8a8@group-AECCD14C8BD6: shutdown
2019-10-18 11:53:53,281 [ForkJoinPool.commonPool-worker-1] INFO  util.JmxRegister (JmxRegister.java:unregister(73)) - Successfully un-registered JMX Bean with object name Ratis:service=RaftServer,group=group-AECCD14C8BD6,id=c6af97c9-d2a9-4f88-a5bc-1840035ee8a8
2019-10-18 11:53:53,281 [ForkJoinPool.commonPool-worker-1] INFO  impl.RoleInfo (RoleInfo.java:shutdownFollowerState(121)) - c6af97c9-d2a9-4f88-a5bc-1840035ee8a8: shutdown FollowerState
2019-10-18 11:53:53,282 [ForkJoinPool.commonPool-worker-1] INFO  impl.StateMachineUpdater (StateMachineUpdater.java:stopAndJoin(136)) - c6af97c9-d2a9-4f88-a5bc-1840035ee8a8@group-AECCD14C8BD6-StateMachineUpdater: set stopIndex = -1
2019-10-18 11:53:53,282 [Thread-1097] INFO  impl.FollowerState (FollowerState.java:run(117)) - c6af97c9-d2a9-4f88-a5bc-1840035ee8a8@group-AECCD14C8BD6-FollowerState was interrupted: java.lang.InterruptedException: sleep interrupted
2019-10-18 11:53:53,283 [ForkJoinPool.commonPool-worker-1] INFO  impl.RaftServerImpl (ServerState.java:close(387)) - c6af97c9-d2a9-4f88-a5bc-1840035ee8a8@group-AECCD14C8BD6: closes. applyIndex: -1
2019-10-18 11:53:53,287 [c6af97c9-d2a9-4f88-a5bc-1840035ee8a8@group-AECCD14C8BD6-SegmentedRaftLogWorker] INFO  segmented.SegmentedRaftLogWorker (SegmentedRaftLogWorker.java:run(316)) - c6af97c9-d2a9-4f88-a5bc-1840035ee8a8@group-AECCD14C8BD6-SegmentedRaftLogWorker was interrupted, exiting. There are 0 tasks remaining in the queue.
2019-10-18 11:53:53,287 [ForkJoinPool.commonPool-worker-1] INFO  segmented.SegmentedRaftLogWorker (SegmentedRaftLogWorker.java:close(224)) - c6af97c9-d2a9-4f88-a5bc-1840035ee8a8@group-AECCD14C8BD6-SegmentedRaftLogWorker close()
2019-10-18 11:53:53,288 [ForkJoinPool.commonPool-worker-1] INFO  impl.RaftServerImpl (RaftServerImpl.java:lambda$shutdown$3(247)) - c6af97c9-d2a9-4f88-a5bc-1840035ee8a8@group-F448463AE50F: shutdown
2019-10-18 11:53:53,288 [ForkJoinPool.commonPool-worker-1] INFO  util.JmxRegister (JmxRegister.java:unregister(73)) - Successfully un-registered JMX Bean with object name Ratis:service=RaftServer,group=group-F448463AE50F,id=c6af97c9-d2a9-4f88-a5bc-1840035ee8a8
2019-10-18 11:53:53,289 [ForkJoinPool.commonPool-worker-1] INFO  impl.RoleInfo (RoleInfo.java:shutdownFollowerState(121)) - c6af97c9-d2a9-4f88-a5bc-1840035ee8a8: shutdown FollowerState
2019-10-18 11:53:53,289 [ForkJoinPool.commonPool-worker-1] INFO  impl.StateMachineUpdater (StateMachineUpdater.java:stopAndJoin(136)) - c6af97c9-d2a9-4f88-a5bc-1840035ee8a8@group-F448463AE50F-StateMachineUpdater: set stopIndex = -1
2019-10-18 11:53:53,289 [Thread-1099] INFO  impl.FollowerState (FollowerState.java:run(117)) - c6af97c9-d2a9-4f88-a5bc-1840035ee8a8@group-F448463AE50F-FollowerState was interrupted: java.lang.InterruptedException: sleep interrupted
2019-10-18 11:53:53,290 [ForkJoinPool.commonPool-worker-1] INFO  impl.RaftServerImpl (ServerState.java:close(387)) - c6af97c9-d2a9-4f88-a5bc-1840035ee8a8@group-F448463AE50F: closes. applyIndex: -1
2019-10-18 11:53:53,290 [c6af97c9-d2a9-4f88-a5bc-1840035ee8a8@group-F448463AE50F-SegmentedRaftLogWorker] INFO  segmented.SegmentedRaftLogWorker (SegmentedRaftLogWorker.java:run(316)) - c6af97c9-d2a9-4f88-a5bc-1840035ee8a8@group-F448463AE50F-SegmentedRaftLogWorker was interrupted, exiting. There are 0 tasks remaining in the queue.
2019-10-18 11:53:53,290 [ForkJoinPool.commonPool-worker-1] INFO  segmented.SegmentedRaftLogWorker (SegmentedRaftLogWorker.java:close(224)) - c6af97c9-d2a9-4f88-a5bc-1840035ee8a8@group-F448463AE50F-SegmentedRaftLogWorker close()
2019-10-18 11:53:53,291 [ForkJoinPool.commonPool-worker-1] INFO  impl.RaftServerImpl (RaftServerImpl.java:lambda$shutdown$3(247)) - c6af97c9-d2a9-4f88-a5bc-1840035ee8a8@group-BEE976DE5B6B: shutdown
2019-10-18 11:53:53,292 [ForkJoinPool.commonPool-worker-1] INFO  util.JmxRegister (JmxRegister.java:unregister(73)) - Successfully un-registered JMX Bean with object name Ratis:service=RaftServer,group=group-BEE976DE5B6B,id=c6af97c9-d2a9-4f88-a5bc-1840035ee8a8
2019-10-18 11:53:53,292 [ForkJoinPool.commonPool-worker-1] INFO  impl.RoleInfo (RoleInfo.java:shutdownFollowerState(121)) - c6af97c9-d2a9-4f88-a5bc-1840035ee8a8: shutdown FollowerState
2019-10-18 11:53:53,292 [ForkJoinPool.commonPool-worker-1] INFO  impl.StateMachineUpdater (StateMachineUpdater.java:stopAndJoin(136)) - c6af97c9-d2a9-4f88-a5bc-1840035ee8a8@group-BEE976DE5B6B-StateMachineUpdater: set stopIndex = -1
2019-10-18 11:53:53,292 [Thread-1101] INFO  impl.FollowerState (FollowerState.java:run(117)) - c6af97c9-d2a9-4f88-a5bc-1840035ee8a8@group-BEE976DE5B6B-FollowerState was interrupted: java.lang.InterruptedException: sleep interrupted
2019-10-18 11:53:53,293 [ForkJoinPool.commonPool-worker-1] INFO  impl.RaftServerImpl (ServerState.java:close(387)) - c6af97c9-d2a9-4f88-a5bc-1840035ee8a8@group-BEE976DE5B6B: closes. applyIndex: -1
2019-10-18 11:53:53,293 [c6af97c9-d2a9-4f88-a5bc-1840035ee8a8@group-BEE976DE5B6B-SegmentedRaftLogWorker] INFO  segmented.SegmentedRaftLogWorker (SegmentedRaftLogWorker.java:run(316)) - c6af97c9-d2a9-4f88-a5bc-1840035ee8a8@group-BEE976DE5B6B-SegmentedRaftLogWorker was interrupted, exiting. There are 0 tasks remaining in the queue.
2019-10-18 11:53:53,293 [ForkJoinPool.commonPool-worker-1] INFO  segmented.SegmentedRaftLogWorker (SegmentedRaftLogWorker.java:close(224)) - c6af97c9-d2a9-4f88-a5bc-1840035ee8a8@group-BEE976DE5B6B-SegmentedRaftLogWorker close()
2019-10-18 11:53:53,294 [ForkJoinPool.commonPool-worker-1] INFO  impl.RaftServerImpl (RaftServerImpl.java:lambda$shutdown$3(247)) - c6af97c9-d2a9-4f88-a5bc-1840035ee8a8@group-89CC56618C23: shutdown
2019-10-18 11:53:53,295 [ForkJoinPool.commonPool-worker-1] INFO  util.JmxRegister (JmxRegister.java:unregister(73)) - Successfully un-registered JMX Bean with object name Ratis:service=RaftServer,group=group-89CC56618C23,id=c6af97c9-d2a9-4f88-a5bc-1840035ee8a8
2019-10-18 11:53:53,295 [ForkJoinPool.commonPool-worker-1] INFO  impl.RoleInfo (RoleInfo.java:shutdownFollowerState(121)) - c6af97c9-d2a9-4f88-a5bc-1840035ee8a8: shutdown FollowerState
2019-10-18 11:53:53,295 [ForkJoinPool.commonPool-worker-1] INFO  impl.StateMachineUpdater (StateMachineUpdater.java:stopAndJoin(136)) - c6af97c9-d2a9-4f88-a5bc-1840035ee8a8@group-89CC56618C23-StateMachineUpdater: set stopIndex = -1
2019-10-18 11:53:53,295 [Thread-1073] INFO  impl.FollowerState (FollowerState.java:run(117)) - c6af97c9-d2a9-4f88-a5bc-1840035ee8a8@group-89CC56618C23-FollowerState was interrupted: java.lang.InterruptedException: sleep interrupted
2019-10-18 11:53:53,296 [ForkJoinPool.commonPool-worker-1] INFO  impl.RaftServerImpl (ServerState.java:close(387)) - c6af97c9-d2a9-4f88-a5bc-1840035ee8a8@group-89CC56618C23: closes. applyIndex: -1
2019-10-18 11:53:53,297 [c6af97c9-d2a9-4f88-a5bc-1840035ee8a8@group-89CC56618C23-SegmentedRaftLogWorker] INFO  segmented.SegmentedRaftLogWorker (SegmentedRaftLogWorker.java:run(316)) - c6af97c9-d2a9-4f88-a5bc-1840035ee8a8@group-89CC56618C23-SegmentedRaftLogWorker was interrupted, exiting. There are 0 tasks remaining in the queue.
2019-10-18 11:53:53,297 [ForkJoinPool.commonPool-worker-1] INFO  segmented.SegmentedRaftLogWorker (SegmentedRaftLogWorker.java:close(224)) - c6af97c9-d2a9-4f88-a5bc-1840035ee8a8@group-89CC56618C23-SegmentedRaftLogWorker close()
2019-10-18 11:53:53,298 [ForkJoinPool.commonPool-worker-1] INFO  impl.RaftServerImpl (RaftServerImpl.java:lambda$shutdown$3(247)) - c6af97c9-d2a9-4f88-a5bc-1840035ee8a8@group-537FC5B2A7F9: shutdown
2019-10-18 11:53:53,298 [ForkJoinPool.commonPool-worker-1] INFO  util.JmxRegister (JmxRegister.java:unregister(73)) - Successfully un-registered JMX Bean with object name Ratis:service=RaftServer,group=group-537FC5B2A7F9,id=c6af97c9-d2a9-4f88-a5bc-1840035ee8a8
2019-10-18 11:53:53,299 [ForkJoinPool.commonPool-worker-1] INFO  impl.RoleInfo (RoleInfo.java:shutdownLeaderState(104)) - c6af97c9-d2a9-4f88-a5bc-1840035ee8a8: shutdown LeaderState
2019-10-18 11:53:53,299 [ForkJoinPool.commonPool-worker-1] INFO  impl.PendingRequests (PendingRequests.java:sendNotLeaderResponses(202)) - c6af97c9-d2a9-4f88-a5bc-1840035ee8a8@group-537FC5B2A7F9-PendingRequests: sendNotLeaderResponses
2019-10-18 11:53:53,299 [ForkJoinPool.commonPool-worker-1] INFO  impl.StateMachineUpdater (StateMachineUpdater.java:stopAndJoin(136)) - c6af97c9-d2a9-4f88-a5bc-1840035ee8a8@group-537FC5B2A7F9-StateMachineUpdater: set stopIndex = 0
2019-10-18 11:53:53,302 [ForkJoinPool.commonPool-worker-1] INFO  impl.RaftServerImpl (ServerState.java:close(387)) - c6af97c9-d2a9-4f88-a5bc-1840035ee8a8@group-537FC5B2A7F9: closes. applyIndex: 0
2019-10-18 11:53:53,303 [c6af97c9-d2a9-4f88-a5bc-1840035ee8a8@group-537FC5B2A7F9-SegmentedRaftLogWorker] INFO  segmented.SegmentedRaftLogWorker (SegmentedRaftLogWorker.java:run(316)) - c6af97c9-d2a9-4f88-a5bc-1840035ee8a8@group-537FC5B2A7F9-SegmentedRaftLogWorker was interrupted, exiting. There are 0 tasks remaining in the queue.
2019-10-18 11:53:53,303 [ForkJoinPool.commonPool-worker-1] INFO  segmented.SegmentedRaftLogWorker (SegmentedRaftLogWorker.java:close(224)) - c6af97c9-d2a9-4f88-a5bc-1840035ee8a8@group-537FC5B2A7F9-SegmentedRaftLogWorker close()
2019-10-18 11:53:53,304 [ForkJoinPool.commonPool-worker-1] INFO  server.GrpcService (GrpcService.java:closeImpl(164)) - c6af97c9-d2a9-4f88-a5bc-1840035ee8a8: shutdown server with port 36149 now
2019-10-18 11:53:53,304 [ForkJoinPool.commonPool-worker-1] INFO  server.GrpcService (GrpcService.java:closeImpl(172)) - c6af97c9-d2a9-4f88-a5bc-1840035ee8a8: shutdown server with port 36149 successfully
2019-10-18 11:53:53,306 [refreshUsed-/workdir/hadoop-ozone/ozonefs/target/test-dir/MiniOzoneClusterImpl-6704c2a7-3590-417c-aa25-2b4ddf02eb25/datanode-2/data/containers] WARN  fs.CachingGetSpaceUsed (CachingGetSpaceUsed.java:run(183)) - Thread Interrupted waiting to refresh disk information: sleep interrupted
2019-10-18 11:53:53,335 [ForkJoinPool.commonPool-worker-1] INFO  utils.BackgroundService (BackgroundService.java:shutdown(151)) - Shutting down service BlockDeletingService
2019-10-18 11:53:53,337 [ForkJoinPool.commonPool-worker-1] INFO  statemachine.DatanodeStateMachine (DatanodeStateMachine.java:stopDaemon(395)) - Ozone container server stopped.
2019-10-18 11:53:53,339 [ForkJoinPool.commonPool-worker-1] INFO  handler.ContextHandler (ContextHandler.java:doStop(910)) - Stopped o.e.j.w.WebAppContext@1f101e1e{/,null,UNAVAILABLE}{/hddsDatanode}
2019-10-18 11:53:53,340 [ForkJoinPool.commonPool-worker-1] INFO  server.AbstractConnector (AbstractConnector.java:doStop(318)) - Stopped ServerConnector@7bdf0cc4{HTTP/1.1,[http/1.1]}{0.0.0.0:0}
2019-10-18 11:53:53,340 [ForkJoinPool.commonPool-worker-1] INFO  handler.ContextHandler (ContextHandler.java:doStop(910)) - Stopped o.e.j.s.ServletContextHandler@26a97e70{/static,jar:file:/home/user/.m2/repository/org/apache/hadoop/hadoop-hdds-container-service/0.5.0-SNAPSHOT/hadoop-hdds-container-service-0.5.0-SNAPSHOT.jar!/webapps/static,UNAVAILABLE}
2019-10-18 11:53:53,340 [ForkJoinPool.commonPool-worker-1] INFO  handler.ContextHandler (ContextHandler.java:doStop(910)) - Stopped o.e.j.s.ServletContextHandler@7cd0872d{/logs,file:///workdir/hadoop-ozone/ozonefs/target/log,UNAVAILABLE}
2019-10-18 11:53:53,341 [Thread-868] INFO  ozone.MiniOzoneClusterImpl (MiniOzoneClusterImpl.java:stopSCM(392)) - Stopping the StorageContainerManager
2019-10-18 11:53:53,341 [Thread-868] INFO  server.StorageContainerManager (StorageContainerManager.java:stop(810)) - Stopping Replication Manager Service.
2019-10-18 11:53:53,341 [Thread-868] INFO  container.ReplicationManager (ReplicationManager.java:stop(203)) - Stopping Replication Monitor Thread.
2019-10-18 11:53:53,341 [Thread-868] INFO  server.StorageContainerManager (StorageContainerManager.java:stop(817)) - Stopping Lease Manager of the command watchers
2019-10-18 11:53:53,342 [Thread-868] INFO  server.StorageContainerManager (StorageContainerManager.java:stop(824)) - Stopping datanode service RPC server
2019-10-18 11:53:53,342 [Thread-868] INFO  server.SCMDatanodeProtocolServer (SCMDatanodeProtocolServer.java:stop(346)) - Stopping the RPC server for DataNodes
2019-10-18 11:53:53,342 [Thread-868] INFO  ipc.Server (Server.java:stop(3082)) - Stopping server on 33355
2019-10-18 11:53:53,345 [IPC Server listener on 33355] INFO  ipc.Server (Server.java:run(1185)) - Stopping IPC Server listener on 33355
2019-10-18 11:53:53,345 [IPC Server Responder] INFO  ipc.Server (Server.java:run(1319)) - Stopping IPC Server Responder
2019-10-18 11:53:53,426 [SCM Heartbeat Processing Thread - 0] WARN  node.NodeStateManager (NodeStateManager.java:scheduleNextHealthCheck(646)) - Current Thread is interrupted, shutting down HB processing thread for Node Manager.
2019-10-18 11:53:53,427 [Thread-868] INFO  server.StorageContainerManager (StorageContainerManager.java:stop(832)) - Stopping block service RPC server
2019-10-18 11:53:53,427 [Thread-868] INFO  server.SCMBlockProtocolServer (SCMBlockProtocolServer.java:stop(155)) - Stopping the RPC server for Block Protocol
2019-10-18 11:53:53,427 [Thread-868] INFO  ipc.Server (Server.java:stop(3082)) - Stopping server on 36153
2019-10-18 11:53:53,429 [IPC Server listener on 36153] INFO  ipc.Server (Server.java:run(1185)) - Stopping IPC Server listener on 36153
2019-10-18 11:53:53,429 [IPC Server Responder] INFO  ipc.Server (Server.java:run(1319)) - Stopping IPC Server Responder
2019-10-18 11:53:53,429 [Thread-868] INFO  server.StorageContainerManager (StorageContainerManager.java:stop(839)) - Stopping the StorageContainerLocationProtocol RPC server
2019-10-18 11:53:53,431 [Thread-868] INFO  server.SCMClientProtocolServer (SCMClientProtocolServer.java:stop(168)) - Stopping the RPC server for Client Protocol
2019-10-18 11:53:53,431 [Thread-868] INFO  ipc.Server (Server.java:stop(3082)) - Stopping server on 41096
2019-10-18 11:53:53,432 [IPC Server listener on 41096] INFO  ipc.Server (Server.java:run(1185)) - Stopping IPC Server listener on 41096
2019-10-18 11:53:53,433 [Thread-868] INFO  server.StorageContainerManager (StorageContainerManager.java:stop(846)) - Stopping Storage Container Manager HTTP server.
2019-10-18 11:53:53,433 [IPC Server Responder] INFO  ipc.Server (Server.java:run(1319)) - Stopping IPC Server Responder
2019-10-18 11:53:53,436 [Thread-868] INFO  handler.ContextHandler (ContextHandler.java:doStop(910)) - Stopped o.e.j.w.WebAppContext@55ca3f15{/,null,UNAVAILABLE}{/scm}
2019-10-18 11:53:53,437 [Thread-868] INFO  server.AbstractConnector (AbstractConnector.java:doStop(318)) - Stopped ServerConnector@2ec7f871{HTTP/1.1,[http/1.1]}{0.0.0.0:0}
2019-10-18 11:53:53,438 [Thread-868] INFO  handler.ContextHandler (ContextHandler.java:doStop(910)) - Stopped o.e.j.s.ServletContextHandler@607a8238{/static,jar:file:/home/user/.m2/repository/org/apache/hadoop/hadoop-hdds-server-scm/0.5.0-SNAPSHOT/hadoop-hdds-server-scm-0.5.0-SNAPSHOT.jar!/webapps/static,UNAVAILABLE}
2019-10-18 11:53:53,438 [Thread-868] INFO  handler.ContextHandler (ContextHandler.java:doStop(910)) - Stopped o.e.j.s.ServletContextHandler@696c8b62{/logs,file:///workdir/hadoop-ozone/ozonefs/target/log,UNAVAILABLE}
2019-10-18 11:53:53,439 [Thread-868] INFO  server.StorageContainerManager (StorageContainerManager.java:stop(857)) - Stopping Block Manager Service.
2019-10-18 11:53:53,439 [Thread-868] INFO  utils.BackgroundService (BackgroundService.java:shutdown(151)) - Shutting down service SCMBlockDeletingService
2019-10-18 11:53:53,440 [Thread-868] INFO  utils.BackgroundService (BackgroundService.java:shutdown(151)) - Shutting down service SCMBlockDeletingService
2019-10-18 11:53:53,441 [Thread-868] INFO  server.StorageContainerManager (StorageContainerManager.java:stop(879)) - Stopping SCM Event Queue.
2019-10-18 11:53:53,444 [Thread-868] INFO  impl.MetricsSystemImpl (MetricsSystemImpl.java:stop(210)) - Stopping HddsDatanode metrics system...
2019-10-18 11:53:53,451 [Thread-868] INFO  impl.MetricsSystemImpl (MetricsSystemImpl.java:stop(216)) - HddsDatanode metrics system stopped.
]]></system-out>
  </testcase>
  <testcase name="testDeleteCreatesFakeParentDir" classname="org.apache.hadoop.fs.ozone.TestOzoneFileSystem" time="17.204"/>
  <testcase name="testNonExplicitlyCreatedPathExistsAfterItsLeafsWereRemoved" classname="org.apache.hadoop.fs.ozone.TestOzoneFileSystem" time="17.074"/>
  <testcase name="testListStatusOnLargeDirectory" classname="org.apache.hadoop.fs.ozone.TestOzoneFileSystem" time="20.953"/>
</testsuite>